#################### ROUND 19: csankhe (W) vs vdhankar (B): game 1 ####################
##### game start! #####
INPUT for vdhankar:
GAME
BLACK
300
.b.b.b.b
b.b.b.b.
.b.b.b.b
........
........
w.w.w.w.
.w.w.w.w
w.w.w.w.
##### Running: /usr/bin/time -o time_19_csankhe_vdhankar.txt -f "%U" python3 homework.py > stulog.txt 2>&1 on vdhankar #####
child exited with value 1
##### ERROR: /usr/bin/time -o time_19_csankhe_vdhankar.txt -f "%U" python3 homework.py > stulog.txt 2>&1 on vdhankar #####
##### Output of failed program (stdout + stderr): #####
Traceback (most recent call last):
  File "homework.py", line 546, in <module>
    print(end-start)
NameError: name 'end' is not defined
##### End of output of failed program #####
##### vdhankar plays [E h6 g5] in 12.797788143158s #####
##### Running: /usr/lib/jvm/jdk-14.0.1/bin/java -jar /lab/itti/projects/checkers-competition/server/referee.jar on run_19_csankhe_vdhankar #####
Move is valid
Couldn't read file 'current_ply.txt'
Couldn't read content from file 'current_ply.txt'
Couldn't read file 'lastmatchange_ply.txt'
Couldn't read content from file 'lastmatchange_ply.txt'
##### SUCCESS: /usr/lib/jvm/jdk-14.0.1/bin/java -jar /lab/itti/projects/checkers-competition/server/referee.jar on run_19_csankhe_vdhankar #####
INPUT for csankhe:
GAME
WHITE
300
.b.b.b.b
b.b.b.b.
.b.b.b..
......b.
........
w.w.w.w.
.w.w.w.w
w.w.w.w.
##### Running: /usr/bin/time -o time_19_csankhe_vdhankar.txt -f "%U" python3 homework.py > stulog.txt 2>&1 on csankhe #####
##### SUCCESS: /usr/bin/time -o time_19_csankhe_vdhankar.txt -f "%U" python3 homework.py > stulog.txt 2>&1 on csankhe #####
##### csankhe plays [E e3 f4] in 1.53s #####
##### Running: /usr/lib/jvm/jdk-14.0.1/bin/java -jar /lab/itti/projects/checkers-competition/server/referee.jar on run_19_csankhe_vdhankar #####
Move is valid
##### SUCCESS: /usr/lib/jvm/jdk-14.0.1/bin/java -jar /lab/itti/projects/checkers-competition/server/referee.jar on run_19_csankhe_vdhankar #####
INPUT for vdhankar:
GAME
BLACK
287.202211856842
.b.b.b.b
b.b.b.b.
.b.b.b..
......b.
.....w..
w.w...w.
.w.w.w.w
w.w.w.w.
##### Running: /usr/bin/time -o time_19_csankhe_vdhankar.txt -f "%U" python3 homework.py > stulog.txt 2>&1 on vdhankar #####
child exited with value 1
##### ERROR: /usr/bin/time -o time_19_csankhe_vdhankar.txt -f "%U" python3 homework.py > stulog.txt 2>&1 on vdhankar #####
##### Output of failed program (stdout + stderr): #####
Traceback (most recent call last):
  File "homework.py", line 546, in <module>
    print(end-start)
NameError: name 'end' is not defined
##### End of output of failed program #####
##### vdhankar plays [J g5 e3] in 2.7645251750946s #####
##### Running: /usr/lib/jvm/jdk-14.0.1/bin/java -jar /lab/itti/projects/checkers-competition/server/referee.jar on run_19_csankhe_vdhankar #####
Move is valid
##### SUCCESS: /usr/lib/jvm/jdk-14.0.1/bin/java -jar /lab/itti/projects/checkers-competition/server/referee.jar on run_19_csankhe_vdhankar #####
INPUT for csankhe:
GAME
WHITE
298.47
.b.b.b.b
b.b.b.b.
.b.b.b..
........
........
w.w.b.w.
.w.w.w.w
w.w.w.w.
##### Running: /usr/bin/time -o time_19_csankhe_vdhankar.txt -f "%U" python3 homework.py > stulog.txt 2>&1 on csankhe #####
##### SUCCESS: /usr/bin/time -o time_19_csankhe_vdhankar.txt -f "%U" python3 homework.py > stulog.txt 2>&1 on csankhe #####
##### csankhe plays [J f2 d4] in 0.7s #####
##### Running: /usr/lib/jvm/jdk-14.0.1/bin/java -jar /lab/itti/projects/checkers-competition/server/referee.jar on run_19_csankhe_vdhankar #####
Move is valid
##### SUCCESS: /usr/lib/jvm/jdk-14.0.1/bin/java -jar /lab/itti/projects/checkers-competition/server/referee.jar on run_19_csankhe_vdhankar #####
INPUT for vdhankar:
GAME
BLACK
284.437686681747
.b.b.b.b
b.b.b.b.
.b.b.b..
........
...w....
w.w...w.
.w.w...w
w.w.w.w.
##### Running: /usr/bin/time -o time_19_csankhe_vdhankar.txt -f "%U" python3 homework.py > stulog.txt 2>&1 on vdhankar #####
child exited with value 1
##### ERROR: /usr/bin/time -o time_19_csankhe_vdhankar.txt -f "%U" python3 homework.py > stulog.txt 2>&1 on vdhankar #####
##### Output of failed program (stdout + stderr): #####
Traceback (most recent call last):
  File "homework.py", line 546, in <module>
    print(end-start)
NameError: name 'end' is not defined
##### End of output of failed program #####
##### vdhankar plays [E f6 e5] in 8.48271894454956s #####
##### Running: /usr/lib/jvm/jdk-14.0.1/bin/java -jar /lab/itti/projects/checkers-competition/server/referee.jar on run_19_csankhe_vdhankar #####
Move is valid
##### SUCCESS: /usr/lib/jvm/jdk-14.0.1/bin/java -jar /lab/itti/projects/checkers-competition/server/referee.jar on run_19_csankhe_vdhankar #####
INPUT for csankhe:
GAME
WHITE
297.77
.b.b.b.b
b.b.b.b.
.b.b....
....b...
...w....
w.w...w.
.w.w...w
w.w.w.w.
##### Running: /usr/bin/time -o time_19_csankhe_vdhankar.txt -f "%U" python3 homework.py > stulog.txt 2>&1 on csankhe #####
##### SUCCESS: /usr/bin/time -o time_19_csankhe_vdhankar.txt -f "%U" python3 homework.py > stulog.txt 2>&1 on csankhe #####
##### csankhe plays [J d4 f6] in 0.23s #####
##### Running: /usr/lib/jvm/jdk-14.0.1/bin/java -jar /lab/itti/projects/checkers-competition/server/referee.jar on run_19_csankhe_vdhankar #####
Move is valid
##### SUCCESS: /usr/lib/jvm/jdk-14.0.1/bin/java -jar /lab/itti/projects/checkers-competition/server/referee.jar on run_19_csankhe_vdhankar #####
INPUT for vdhankar:
GAME
BLACK
275.954967737198
.b.b.b.b
b.b.b.b.
.b.b.w..
........
........
w.w...w.
.w.w...w
w.w.w.w.
##### Running: /usr/bin/time -o time_19_csankhe_vdhankar.txt -f "%U" python3 homework.py > stulog.txt 2>&1 on vdhankar #####
child exited with value 1
##### ERROR: /usr/bin/time -o time_19_csankhe_vdhankar.txt -f "%U" python3 homework.py > stulog.txt 2>&1 on vdhankar #####
##### Output of failed program (stdout + stderr): #####
Traceback (most recent call last):
  File "homework.py", line 546, in <module>
    print(end-start)
NameError: name 'end' is not defined
##### End of output of failed program #####
##### vdhankar plays [J g7 e5] in 22.6798839569092s #####
##### Running: /usr/lib/jvm/jdk-14.0.1/bin/java -jar /lab/itti/projects/checkers-competition/server/referee.jar on run_19_csankhe_vdhankar #####
Move is valid
##### SUCCESS: /usr/lib/jvm/jdk-14.0.1/bin/java -jar /lab/itti/projects/checkers-competition/server/referee.jar on run_19_csankhe_vdhankar #####
INPUT for csankhe:
GAME
WHITE
297.54
.b.b.b.b
b.b.b...
.b.b....
....b...
........
w.w...w.
.w.w...w
w.w.w.w.
##### Running: /usr/bin/time -o time_19_csankhe_vdhankar.txt -f "%U" python3 homework.py > stulog.txt 2>&1 on csankhe #####
##### SUCCESS: /usr/bin/time -o time_19_csankhe_vdhankar.txt -f "%U" python3 homework.py > stulog.txt 2>&1 on csankhe #####
##### csankhe plays [E d2 e3] in 1.65s #####
##### Running: /usr/lib/jvm/jdk-14.0.1/bin/java -jar /lab/itti/projects/checkers-competition/server/referee.jar on run_19_csankhe_vdhankar #####
Move is valid
##### SUCCESS: /usr/lib/jvm/jdk-14.0.1/bin/java -jar /lab/itti/projects/checkers-competition/server/referee.jar on run_19_csankhe_vdhankar #####
INPUT for vdhankar:
GAME
BLACK
253.275083780289
.b.b.b.b
b.b.b...
.b.b....
....b...
........
w.w.w.w.
.w.....w
w.w.w.w.
##### Running: /usr/bin/time -o time_19_csankhe_vdhankar.txt -f "%U" python3 homework.py > stulog.txt 2>&1 on vdhankar #####
child exited with value 1
##### ERROR: /usr/bin/time -o time_19_csankhe_vdhankar.txt -f "%U" python3 homework.py > stulog.txt 2>&1 on vdhankar #####
##### Output of failed program (stdout + stderr): #####
Traceback (most recent call last):
  File "homework.py", line 546, in <module>
    print(end-start)
NameError: name 'end' is not defined
##### End of output of failed program #####
##### vdhankar plays [E e5 d4] in 23.2247111797333s #####
##### Running: /usr/lib/jvm/jdk-14.0.1/bin/java -jar /lab/itti/projects/checkers-competition/server/referee.jar on run_19_csankhe_vdhankar #####
Move is valid
##### SUCCESS: /usr/lib/jvm/jdk-14.0.1/bin/java -jar /lab/itti/projects/checkers-competition/server/referee.jar on run_19_csankhe_vdhankar #####
INPUT for csankhe:
GAME
WHITE
295.89
.b.b.b.b
b.b.b...
.b.b....
........
...b....
w.w.w.w.
.w.....w
w.w.w.w.
##### Running: /usr/bin/time -o time_19_csankhe_vdhankar.txt -f "%U" python3 homework.py > stulog.txt 2>&1 on csankhe #####
##### SUCCESS: /usr/bin/time -o time_19_csankhe_vdhankar.txt -f "%U" python3 homework.py > stulog.txt 2>&1 on csankhe #####
##### csankhe plays [J e3 c5] in 0.19s #####
##### Running: /usr/lib/jvm/jdk-14.0.1/bin/java -jar /lab/itti/projects/checkers-competition/server/referee.jar on run_19_csankhe_vdhankar #####
Move is valid
##### SUCCESS: /usr/lib/jvm/jdk-14.0.1/bin/java -jar /lab/itti/projects/checkers-competition/server/referee.jar on run_19_csankhe_vdhankar #####
INPUT for vdhankar:
GAME
BLACK
230.050372600555
.b.b.b.b
b.b.b...
.b.b....
..w.....
........
w.w...w.
.w.....w
w.w.w.w.
##### Running: /usr/bin/time -o time_19_csankhe_vdhankar.txt -f "%U" python3 homework.py > stulog.txt 2>&1 on vdhankar #####
child exited with value 1
##### ERROR: /usr/bin/time -o time_19_csankhe_vdhankar.txt -f "%U" python3 homework.py > stulog.txt 2>&1 on vdhankar #####
##### Output of failed program (stdout + stderr): #####
Traceback (most recent call last):
  File "homework.py", line 546, in <module>
    print(end-start)
NameError: name 'end' is not defined
##### End of output of failed program #####
##### vdhankar plays [J d6 b4 ; J b4 d2] in 5.17153191566467s #####
##### Running: /usr/lib/jvm/jdk-14.0.1/bin/java -jar /lab/itti/projects/checkers-competition/server/referee.jar on run_19_csankhe_vdhankar #####
Move is valid
##### SUCCESS: /usr/lib/jvm/jdk-14.0.1/bin/java -jar /lab/itti/projects/checkers-competition/server/referee.jar on run_19_csankhe_vdhankar #####
INPUT for csankhe:
GAME
WHITE
295.7
.b.b.b.b
b.b.b...
.b......
........
........
w.....w.
.w.b...w
w.w.w.w.
##### Running: /usr/bin/time -o time_19_csankhe_vdhankar.txt -f "%U" python3 homework.py > stulog.txt 2>&1 on csankhe #####
##### SUCCESS: /usr/bin/time -o time_19_csankhe_vdhankar.txt -f "%U" python3 homework.py > stulog.txt 2>&1 on csankhe #####
##### csankhe plays [J c1 e3] in 0.74s #####
##### Running: /usr/lib/jvm/jdk-14.0.1/bin/java -jar /lab/itti/projects/checkers-competition/server/referee.jar on run_19_csankhe_vdhankar #####
Move is valid
##### SUCCESS: /usr/lib/jvm/jdk-14.0.1/bin/java -jar /lab/itti/projects/checkers-competition/server/referee.jar on run_19_csankhe_vdhankar #####
INPUT for vdhankar:
GAME
BLACK
224.878840684891
.b.b.b.b
b.b.b...
.b......
........
........
w...w.w.
.w.....w
w...w.w.
##### Running: /usr/bin/time -o time_19_csankhe_vdhankar.txt -f "%U" python3 homework.py > stulog.txt 2>&1 on vdhankar #####
child exited with value 1
##### ERROR: /usr/bin/time -o time_19_csankhe_vdhankar.txt -f "%U" python3 homework.py > stulog.txt 2>&1 on vdhankar #####
##### Output of failed program (stdout + stderr): #####
Traceback (most recent call last):
  File "homework.py", line 546, in <module>
    print(end-start)
NameError: name 'end' is not defined
##### End of output of failed program #####
##### vdhankar plays [E e7 f6] in 61.6973879337311s #####
##### Running: /usr/lib/jvm/jdk-14.0.1/bin/java -jar /lab/itti/projects/checkers-competition/server/referee.jar on run_19_csankhe_vdhankar #####
Move is valid
##### SUCCESS: /usr/lib/jvm/jdk-14.0.1/bin/java -jar /lab/itti/projects/checkers-competition/server/referee.jar on run_19_csankhe_vdhankar #####
INPUT for csankhe:
GAME
WHITE
294.96
.b.b.b.b
b.b.....
.b...b..
........
........
w...w.w.
.w.....w
w...w.w.
##### Running: /usr/bin/time -o time_19_csankhe_vdhankar.txt -f "%U" python3 homework.py > stulog.txt 2>&1 on csankhe #####
##### SUCCESS: /usr/bin/time -o time_19_csankhe_vdhankar.txt -f "%U" python3 homework.py > stulog.txt 2>&1 on csankhe #####
##### csankhe plays [E g1 f2] in 3.9s #####
##### Running: /usr/lib/jvm/jdk-14.0.1/bin/java -jar /lab/itti/projects/checkers-competition/server/referee.jar on run_19_csankhe_vdhankar #####
Move is valid
##### SUCCESS: /usr/lib/jvm/jdk-14.0.1/bin/java -jar /lab/itti/projects/checkers-competition/server/referee.jar on run_19_csankhe_vdhankar #####
INPUT for vdhankar:
GAME
BLACK
163.18145275116
.b.b.b.b
b.b.....
.b...b..
........
........
w...w.w.
.w...w.w
w...w...
##### Running: /usr/bin/time -o time_19_csankhe_vdhankar.txt -f "%U" python3 homework.py > stulog.txt 2>&1 on vdhankar #####
child exited with value 1
##### ERROR: /usr/bin/time -o time_19_csankhe_vdhankar.txt -f "%U" python3 homework.py > stulog.txt 2>&1 on vdhankar #####
##### Output of failed program (stdout + stderr): #####
Traceback (most recent call last):
  File "homework.py", line 546, in <module>
    print(end-start)
NameError: name 'end' is not defined
##### End of output of failed program #####
##### vdhankar plays [E b6 c5] in 46.2716410160065s #####
##### Running: /usr/lib/jvm/jdk-14.0.1/bin/java -jar /lab/itti/projects/checkers-competition/server/referee.jar on run_19_csankhe_vdhankar #####
Move is valid
##### SUCCESS: /usr/lib/jvm/jdk-14.0.1/bin/java -jar /lab/itti/projects/checkers-competition/server/referee.jar on run_19_csankhe_vdhankar #####
INPUT for csankhe:
GAME
WHITE
291.06
.b.b.b.b
b.b.....
.....b..
..b.....
........
w...w.w.
.w...w.w
w...w...
##### Running: /usr/bin/time -o time_19_csankhe_vdhankar.txt -f "%U" python3 homework.py > stulog.txt 2>&1 on csankhe #####
##### SUCCESS: /usr/bin/time -o time_19_csankhe_vdhankar.txt -f "%U" python3 homework.py > stulog.txt 2>&1 on csankhe #####
##### csankhe plays [E e1 d2] in 2.33s #####
##### Running: /usr/lib/jvm/jdk-14.0.1/bin/java -jar /lab/itti/projects/checkers-competition/server/referee.jar on run_19_csankhe_vdhankar #####
Move is valid
##### SUCCESS: /usr/lib/jvm/jdk-14.0.1/bin/java -jar /lab/itti/projects/checkers-competition/server/referee.jar on run_19_csankhe_vdhankar #####
INPUT for vdhankar:
GAME
BLACK
116.909811735153
.b.b.b.b
b.b.....
.....b..
..b.....
........
w...w.w.
.w.w.w.w
w.......
##### Running: /usr/bin/time -o time_19_csankhe_vdhankar.txt -f "%U" python3 homework.py > stulog.txt 2>&1 on vdhankar #####
child exited with value 1
##### ERROR: /usr/bin/time -o time_19_csankhe_vdhankar.txt -f "%U" python3 homework.py > stulog.txt 2>&1 on vdhankar #####
##### Output of failed program (stdout + stderr): #####
Traceback (most recent call last):
  File "homework.py", line 546, in <module>
    print(end-start)
NameError: name 'end' is not defined
##### End of output of failed program #####
##### vdhankar plays [E f6 g5] in 83.3969080448151s #####
##### Running: /usr/lib/jvm/jdk-14.0.1/bin/java -jar /lab/itti/projects/checkers-competition/server/referee.jar on run_19_csankhe_vdhankar #####
Move is valid
##### SUCCESS: /usr/lib/jvm/jdk-14.0.1/bin/java -jar /lab/itti/projects/checkers-competition/server/referee.jar on run_19_csankhe_vdhankar #####
INPUT for csankhe:
GAME
WHITE
288.73
.b.b.b.b
b.b.....
........
..b...b.
........
w...w.w.
.w.w.w.w
w.......
##### Running: /usr/bin/time -o time_19_csankhe_vdhankar.txt -f "%U" python3 homework.py > stulog.txt 2>&1 on csankhe #####
##### SUCCESS: /usr/bin/time -o time_19_csankhe_vdhankar.txt -f "%U" python3 homework.py > stulog.txt 2>&1 on csankhe #####
##### csankhe plays [E g3 h4] in 1.08s #####
##### Running: /usr/lib/jvm/jdk-14.0.1/bin/java -jar /lab/itti/projects/checkers-competition/server/referee.jar on run_19_csankhe_vdhankar #####
Move is valid
##### SUCCESS: /usr/lib/jvm/jdk-14.0.1/bin/java -jar /lab/itti/projects/checkers-competition/server/referee.jar on run_19_csankhe_vdhankar #####
INPUT for vdhankar:
GAME
BLACK
33.5129036903381
.b.b.b.b
b.b.....
........
..b...b.
.......w
w...w...
.w.w.w.w
w.......
##### Running: /usr/bin/time -o time_19_csankhe_vdhankar.txt -f "%U" python3 homework.py > stulog.txt 2>&1 on vdhankar #####
child exited with value 1
##### ERROR: /usr/bin/time -o time_19_csankhe_vdhankar.txt -f "%U" python3 homework.py > stulog.txt 2>&1 on vdhankar #####
##### Output of failed program (stdout + stderr): #####
Traceback (most recent call last):
  File "homework.py", line 546, in <module>
    print(end-start)
NameError: name 'end' is not defined
##### End of output of failed program #####
##### vdhankar plays [E g5 f4] in 2.0775740146637s #####
##### Running: /usr/lib/jvm/jdk-14.0.1/bin/java -jar /lab/itti/projects/checkers-competition/server/referee.jar on run_19_csankhe_vdhankar #####
Move is valid
##### SUCCESS: /usr/lib/jvm/jdk-14.0.1/bin/java -jar /lab/itti/projects/checkers-competition/server/referee.jar on run_19_csankhe_vdhankar #####
INPUT for csankhe:
GAME
WHITE
287.65
.b.b.b.b
b.b.....
........
..b.....
.....b.w
w...w...
.w.w.w.w
w.......
##### Running: /usr/bin/time -o time_19_csankhe_vdhankar.txt -f "%U" python3 homework.py > stulog.txt 2>&1 on csankhe #####
##### SUCCESS: /usr/bin/time -o time_19_csankhe_vdhankar.txt -f "%U" python3 homework.py > stulog.txt 2>&1 on csankhe #####
##### csankhe plays [J e3 g5] in 0.51s #####
##### Running: /usr/lib/jvm/jdk-14.0.1/bin/java -jar /lab/itti/projects/checkers-competition/server/referee.jar on run_19_csankhe_vdhankar #####
Move is valid
##### SUCCESS: /usr/lib/jvm/jdk-14.0.1/bin/java -jar /lab/itti/projects/checkers-competition/server/referee.jar on run_19_csankhe_vdhankar #####
INPUT for vdhankar:
GAME
BLACK
31.4353296756744
.b.b.b.b
b.b.....
........
..b...w.
.......w
w.......
.w.w.w.w
w.......
##### Running: /usr/bin/time -o time_19_csankhe_vdhankar.txt -f "%U" python3 homework.py > stulog.txt 2>&1 on vdhankar #####
child exited with value 1
##### ERROR: /usr/bin/time -o time_19_csankhe_vdhankar.txt -f "%U" python3 homework.py > stulog.txt 2>&1 on vdhankar #####
##### Output of failed program (stdout + stderr): #####
Traceback (most recent call last):
  File "homework.py", line 546, in <module>
    print(end-start)
NameError: name 'end' is not defined
##### End of output of failed program #####
##### vdhankar plays [E c7 d6] in 30.2513711452484s #####
##### Running: /usr/lib/jvm/jdk-14.0.1/bin/java -jar /lab/itti/projects/checkers-competition/server/referee.jar on run_19_csankhe_vdhankar #####
Move is valid
##### SUCCESS: /usr/lib/jvm/jdk-14.0.1/bin/java -jar /lab/itti/projects/checkers-competition/server/referee.jar on run_19_csankhe_vdhankar #####
INPUT for csankhe:
GAME
WHITE
287.14
.b.b.b.b
b.......
...b....
..b...w.
.......w
w.......
.w.w.w.w
w.......
##### Running: /usr/bin/time -o time_19_csankhe_vdhankar.txt -f "%U" python3 homework.py > stulog.txt 2>&1 on csankhe #####
##### SUCCESS: /usr/bin/time -o time_19_csankhe_vdhankar.txt -f "%U" python3 homework.py > stulog.txt 2>&1 on csankhe #####
##### csankhe plays [E h2 g3] in 1.75s #####
##### Running: /usr/lib/jvm/jdk-14.0.1/bin/java -jar /lab/itti/projects/checkers-competition/server/referee.jar on run_19_csankhe_vdhankar #####
Move is valid
##### SUCCESS: /usr/lib/jvm/jdk-14.0.1/bin/java -jar /lab/itti/projects/checkers-competition/server/referee.jar on run_19_csankhe_vdhankar #####
INPUT for vdhankar:
GAME
BLACK
1.18395853042603
.b.b.b.b
b.......
...b....
..b...w.
.......w
w.....w.
.w.w.w..
w.......
##### Running: /usr/bin/time -o time_19_csankhe_vdhankar.txt -f "%U" python3 homework.py > stulog.txt 2>&1 on vdhankar #####
child exited with value 1
##### ERROR: /usr/bin/time -o time_19_csankhe_vdhankar.txt -f "%U" python3 homework.py > stulog.txt 2>&1 on vdhankar #####
##### Output of failed program (stdout + stderr): #####
Traceback (most recent call last):
  File "homework.py", line 546, in <module>
    print(end-start)
NameError: name 'end' is not defined
##### End of output of failed program #####
##### vdhankar plays [E c5 d4] in 0.765482902526855s #####
##### Running: /usr/lib/jvm/jdk-14.0.1/bin/java -jar /lab/itti/projects/checkers-competition/server/referee.jar on run_19_csankhe_vdhankar #####
Move is valid
##### SUCCESS: /usr/lib/jvm/jdk-14.0.1/bin/java -jar /lab/itti/projects/checkers-competition/server/referee.jar on run_19_csankhe_vdhankar #####
INPUT for csankhe:
GAME
WHITE
285.39
.b.b.b.b
b.......
...b....
......w.
...b...w
w.....w.
.w.w.w..
w.......
##### Running: /usr/bin/time -o time_19_csankhe_vdhankar.txt -f "%U" python3 homework.py > stulog.txt 2>&1 on csankhe #####
##### SUCCESS: /usr/bin/time -o time_19_csankhe_vdhankar.txt -f "%U" python3 homework.py > stulog.txt 2>&1 on csankhe #####
##### csankhe plays [E d2 e3] in 1.81s #####
##### Running: /usr/lib/jvm/jdk-14.0.1/bin/java -jar /lab/itti/projects/checkers-competition/server/referee.jar on run_19_csankhe_vdhankar #####
Move is valid
##### SUCCESS: /usr/lib/jvm/jdk-14.0.1/bin/java -jar /lab/itti/projects/checkers-competition/server/referee.jar on run_19_csankhe_vdhankar #####
INPUT for vdhankar:
GAME
BLACK
0.41847562789917
.b.b.b.b
b.......
...b....
......w.
...b...w
w...w.w.
.w...w..
w.......
##### Running: /usr/bin/time -o time_19_csankhe_vdhankar.txt -f "%U" python3 homework.py > stulog.txt 2>&1 on vdhankar #####
child exited with value 1
##### ERROR: /usr/bin/time -o time_19_csankhe_vdhankar.txt -f "%U" python3 homework.py > stulog.txt 2>&1 on vdhankar #####
##### Output of failed program (stdout + stderr): #####
Traceback (most recent call last):
  File "homework.py", line 546, in <module>
    print(end-start)
NameError: name 'end' is not defined
##### End of output of failed program #####
##### vdhankar plays [E d6 c5] in 0.410174131393433s #####
##### Running: /usr/lib/jvm/jdk-14.0.1/bin/java -jar /lab/itti/projects/checkers-competition/server/referee.jar on run_19_csankhe_vdhankar #####
Move is valid
##### SUCCESS: /usr/lib/jvm/jdk-14.0.1/bin/java -jar /lab/itti/projects/checkers-competition/server/referee.jar on run_19_csankhe_vdhankar #####
INPUT for csankhe:
GAME
WHITE
283.58
.b.b.b.b
b.......
........
..b...w.
...b...w
w...w.w.
.w...w..
w.......
##### Running: /usr/bin/time -o time_19_csankhe_vdhankar.txt -f "%U" python3 homework.py > stulog.txt 2>&1 on csankhe #####
##### SUCCESS: /usr/bin/time -o time_19_csankhe_vdhankar.txt -f "%U" python3 homework.py > stulog.txt 2>&1 on csankhe #####
##### csankhe plays [E b2 c3] in 0.47s #####
##### Running: /usr/lib/jvm/jdk-14.0.1/bin/java -jar /lab/itti/projects/checkers-competition/server/referee.jar on run_19_csankhe_vdhankar #####
Move is valid
##### SUCCESS: /usr/lib/jvm/jdk-14.0.1/bin/java -jar /lab/itti/projects/checkers-competition/server/referee.jar on run_19_csankhe_vdhankar #####
INPUT for vdhankar:
GAME
BLACK
0.0083014965057373
.b.b.b.b
b.......
........
..b...w.
...b...w
w.w.w.w.
.....w..
w.......
##### Running: /usr/bin/time -o time_19_csankhe_vdhankar.txt -f "%U" python3 homework.py > stulog.txt 2>&1 on vdhankar #####
child exited with value 1
##### ERROR: /usr/bin/time -o time_19_csankhe_vdhankar.txt -f "%U" python3 homework.py > stulog.txt 2>&1 on vdhankar #####
##### Output of failed program (stdout + stderr): #####
Traceback (most recent call last):
  File "homework.py", line 546, in <module>
    print(end-start)
NameError: name 'end' is not defined
##### End of output of failed program #####
##### vdhankar plays [J d4 b2] in 0.351911783218384s #####
##### Running: /usr/lib/jvm/jdk-14.0.1/bin/java -jar /lab/itti/projects/checkers-competition/server/referee.jar on run_19_csankhe_vdhankar #####
Move is valid
##### SUCCESS: /usr/lib/jvm/jdk-14.0.1/bin/java -jar /lab/itti/projects/checkers-competition/server/referee.jar on run_19_csankhe_vdhankar #####
INPUT for csankhe:
GAME
WHITE
283.11
.b.b.b.b
b.......
........
..b...w.
.......w
w...w.w.
.b...w..
w.......
##### Running: /usr/bin/time -o time_19_csankhe_vdhankar.txt -f "%U" python3 homework.py > stulog.txt 2>&1 on csankhe #####
##### SUCCESS: /usr/bin/time -o time_19_csankhe_vdhankar.txt -f "%U" python3 homework.py > stulog.txt 2>&1 on csankhe #####
##### csankhe plays [J a1 c3] in 0.42s #####
##### Running: /usr/lib/jvm/jdk-14.0.1/bin/java -jar /lab/itti/projects/checkers-competition/server/referee.jar on run_19_csankhe_vdhankar #####
Move is valid
##### SUCCESS: /usr/lib/jvm/jdk-14.0.1/bin/java -jar /lab/itti/projects/checkers-competition/server/referee.jar on run_19_csankhe_vdhankar #####
INPUT for vdhankar:
GAME
BLACK
-0.343610286712646
.b.b.b.b
b.......
........
..b...w.
.......w
w.w.w.w.
.....w..
........
Not running vdhankar because of negative remaining time -- passing illegal move instead
##### No output.txt found. Making a bogus one... #####
##### Running: /usr/lib/jvm/jdk-14.0.1/bin/java -jar /lab/itti/projects/checkers-competition/server/referee.jar on run_19_csankhe_vdhankar #####
Step in a move needs to have 3 sections, found 1 in 'illegal'.
child exited with value 255
##### ERROR: /usr/lib/jvm/jdk-14.0.1/bin/java -jar /lab/itti/projects/checkers-competition/server/referee.jar on run_19_csankhe_vdhankar #####
Game server reported error. Assuming bogus move.
##### GAME OVER: vdhankar loses because of illegal move [No Move] #####
Server said: FAIL
########## ROUND 19 GAMESCORE AFTER GAME 1: csankhe=1 and vdhankar=0 ##########
#################### ROUND 19: csankhe (B) vs vdhankar (W): game 2 ####################
##### game start! #####
INPUT for csankhe:
GAME
BLACK
300
.b.b.b.b
b.b.b.b.
.b.b.b.b
........
........
w.w.w.w.
.w.w.w.w
w.w.w.w.
##### Running: /usr/bin/time -o time_19_csankhe_vdhankar.txt -f "%U" python3 homework.py > stulog.txt 2>&1 on csankhe #####
##### SUCCESS: /usr/bin/time -o time_19_csankhe_vdhankar.txt -f "%U" python3 homework.py > stulog.txt 2>&1 on csankhe #####
##### csankhe plays [E h6 g5] in 1.86s #####
##### Running: /usr/lib/jvm/jdk-14.0.1/bin/java -jar /lab/itti/projects/checkers-competition/server/referee.jar on run_19_csankhe_vdhankar #####
Move is valid
Couldn't read file 'current_ply.txt'
Couldn't read content from file 'current_ply.txt'
Couldn't read file 'lastmatchange_ply.txt'
Couldn't read content from file 'lastmatchange_ply.txt'
##### SUCCESS: /usr/lib/jvm/jdk-14.0.1/bin/java -jar /lab/itti/projects/checkers-competition/server/referee.jar on run_19_csankhe_vdhankar #####
INPUT for vdhankar:
GAME
WHITE
300
.b.b.b.b
b.b.b.b.
.b.b.b..
......b.
........
w.w.w.w.
.w.w.w.w
w.w.w.w.
##### Running: /usr/bin/time -o time_19_csankhe_vdhankar.txt -f "%U" python3 homework.py > stulog.txt 2>&1 on vdhankar #####
child exited with value 1
##### ERROR: /usr/bin/time -o time_19_csankhe_vdhankar.txt -f "%U" python3 homework.py > stulog.txt 2>&1 on vdhankar #####
##### Output of failed program (stdout + stderr): #####
Traceback (most recent call last):
  File "homework.py", line 546, in <module>
    print(end-start)
NameError: name 'end' is not defined
##### End of output of failed program #####
##### vdhankar plays [E g3 h4] in 15.5789749622345s #####
##### Running: /usr/lib/jvm/jdk-14.0.1/bin/java -jar /lab/itti/projects/checkers-competition/server/referee.jar on run_19_csankhe_vdhankar #####
Move is valid
##### SUCCESS: /usr/lib/jvm/jdk-14.0.1/bin/java -jar /lab/itti/projects/checkers-competition/server/referee.jar on run_19_csankhe_vdhankar #####
INPUT for csankhe:
GAME
BLACK
298.14
.b.b.b.b
b.b.b.b.
.b.b.b..
......b.
.......w
w.w.w...
.w.w.w.w
w.w.w.w.
##### Running: /usr/bin/time -o time_19_csankhe_vdhankar.txt -f "%U" python3 homework.py > stulog.txt 2>&1 on csankhe #####
##### SUCCESS: /usr/bin/time -o time_19_csankhe_vdhankar.txt -f "%U" python3 homework.py > stulog.txt 2>&1 on csankhe #####
##### csankhe plays [E f6 e5] in 1.24s #####
##### Running: /usr/lib/jvm/jdk-14.0.1/bin/java -jar /lab/itti/projects/checkers-competition/server/referee.jar on run_19_csankhe_vdhankar #####
Move is valid
##### SUCCESS: /usr/lib/jvm/jdk-14.0.1/bin/java -jar /lab/itti/projects/checkers-competition/server/referee.jar on run_19_csankhe_vdhankar #####
INPUT for vdhankar:
GAME
WHITE
284.421025037766
.b.b.b.b
b.b.b.b.
.b.b....
....b.b.
.......w
w.w.w...
.w.w.w.w
w.w.w.w.
##### Running: /usr/bin/time -o time_19_csankhe_vdhankar.txt -f "%U" python3 homework.py > stulog.txt 2>&1 on vdhankar #####
child exited with value 1
##### ERROR: /usr/bin/time -o time_19_csankhe_vdhankar.txt -f "%U" python3 homework.py > stulog.txt 2>&1 on vdhankar #####
##### Output of failed program (stdout + stderr): #####
Traceback (most recent call last):
  File "homework.py", line 546, in <module>
    print(end-start)
NameError: name 'end' is not defined
##### End of output of failed program #####
##### vdhankar plays [J h4 f6] in 2.52528095245361s #####
##### Running: /usr/lib/jvm/jdk-14.0.1/bin/java -jar /lab/itti/projects/checkers-competition/server/referee.jar on run_19_csankhe_vdhankar #####
Move is valid
##### SUCCESS: /usr/lib/jvm/jdk-14.0.1/bin/java -jar /lab/itti/projects/checkers-competition/server/referee.jar on run_19_csankhe_vdhankar #####
INPUT for csankhe:
GAME
BLACK
296.9
.b.b.b.b
b.b.b.b.
.b.b.w..
....b...
........
w.w.w...
.w.w.w.w
w.w.w.w.
##### Running: /usr/bin/time -o time_19_csankhe_vdhankar.txt -f "%U" python3 homework.py > stulog.txt 2>&1 on csankhe #####
##### SUCCESS: /usr/bin/time -o time_19_csankhe_vdhankar.txt -f "%U" python3 homework.py > stulog.txt 2>&1 on csankhe #####
##### csankhe plays [J e7 g5] in 0.6s #####
##### Running: /usr/lib/jvm/jdk-14.0.1/bin/java -jar /lab/itti/projects/checkers-competition/server/referee.jar on run_19_csankhe_vdhankar #####
Move is valid
##### SUCCESS: /usr/lib/jvm/jdk-14.0.1/bin/java -jar /lab/itti/projects/checkers-competition/server/referee.jar on run_19_csankhe_vdhankar #####
INPUT for vdhankar:
GAME
WHITE
281.895744085312
.b.b.b.b
b.b...b.
.b.b....
....b.b.
........
w.w.w...
.w.w.w.w
w.w.w.w.
##### Running: /usr/bin/time -o time_19_csankhe_vdhankar.txt -f "%U" python3 homework.py > stulog.txt 2>&1 on vdhankar #####
child exited with value 1
##### ERROR: /usr/bin/time -o time_19_csankhe_vdhankar.txt -f "%U" python3 homework.py > stulog.txt 2>&1 on vdhankar #####
##### Output of failed program (stdout + stderr): #####
Traceback (most recent call last):
  File "homework.py", line 546, in <module>
    print(end-start)
NameError: name 'end' is not defined
##### End of output of failed program #####
##### vdhankar plays [E f2 g3] in 20.9163551330566s #####
##### Running: /usr/lib/jvm/jdk-14.0.1/bin/java -jar /lab/itti/projects/checkers-competition/server/referee.jar on run_19_csankhe_vdhankar #####
Move is valid
##### SUCCESS: /usr/lib/jvm/jdk-14.0.1/bin/java -jar /lab/itti/projects/checkers-competition/server/referee.jar on run_19_csankhe_vdhankar #####
INPUT for csankhe:
GAME
BLACK
296.3
.b.b.b.b
b.b...b.
.b.b....
....b.b.
........
w.w.w.w.
.w.w...w
w.w.w.w.
##### Running: /usr/bin/time -o time_19_csankhe_vdhankar.txt -f "%U" python3 homework.py > stulog.txt 2>&1 on csankhe #####
##### SUCCESS: /usr/bin/time -o time_19_csankhe_vdhankar.txt -f "%U" python3 homework.py > stulog.txt 2>&1 on csankhe #####
##### csankhe plays [E e5 f4] in 3s #####
##### Running: /usr/lib/jvm/jdk-14.0.1/bin/java -jar /lab/itti/projects/checkers-competition/server/referee.jar on run_19_csankhe_vdhankar #####
Move is valid
##### SUCCESS: /usr/lib/jvm/jdk-14.0.1/bin/java -jar /lab/itti/projects/checkers-competition/server/referee.jar on run_19_csankhe_vdhankar #####
INPUT for vdhankar:
GAME
WHITE
260.979388952255
.b.b.b.b
b.b...b.
.b.b....
......b.
.....b..
w.w.w.w.
.w.w...w
w.w.w.w.
##### Running: /usr/bin/time -o time_19_csankhe_vdhankar.txt -f "%U" python3 homework.py > stulog.txt 2>&1 on vdhankar #####
child exited with value 1
##### ERROR: /usr/bin/time -o time_19_csankhe_vdhankar.txt -f "%U" python3 homework.py > stulog.txt 2>&1 on vdhankar #####
##### Output of failed program (stdout + stderr): #####
Traceback (most recent call last):
  File "homework.py", line 546, in <module>
    print(end-start)
NameError: name 'end' is not defined
##### End of output of failed program #####
##### vdhankar plays [J g3 e5] in 2.45479202270508s #####
##### Running: /usr/lib/jvm/jdk-14.0.1/bin/java -jar /lab/itti/projects/checkers-competition/server/referee.jar on run_19_csankhe_vdhankar #####
Move is valid
##### SUCCESS: /usr/lib/jvm/jdk-14.0.1/bin/java -jar /lab/itti/projects/checkers-competition/server/referee.jar on run_19_csankhe_vdhankar #####
INPUT for csankhe:
GAME
BLACK
293.3
.b.b.b.b
b.b...b.
.b.b....
....w.b.
........
w.w.w...
.w.w...w
w.w.w.w.
##### Running: /usr/bin/time -o time_19_csankhe_vdhankar.txt -f "%U" python3 homework.py > stulog.txt 2>&1 on csankhe #####
##### SUCCESS: /usr/bin/time -o time_19_csankhe_vdhankar.txt -f "%U" python3 homework.py > stulog.txt 2>&1 on csankhe #####
##### csankhe plays [J d6 f4] in 0.77s #####
##### Running: /usr/lib/jvm/jdk-14.0.1/bin/java -jar /lab/itti/projects/checkers-competition/server/referee.jar on run_19_csankhe_vdhankar #####
Move is valid
##### SUCCESS: /usr/lib/jvm/jdk-14.0.1/bin/java -jar /lab/itti/projects/checkers-competition/server/referee.jar on run_19_csankhe_vdhankar #####
INPUT for vdhankar:
GAME
WHITE
258.52459692955
.b.b.b.b
b.b...b.
.b......
......b.
.....b..
w.w.w...
.w.w...w
w.w.w.w.
##### Running: /usr/bin/time -o time_19_csankhe_vdhankar.txt -f "%U" python3 homework.py > stulog.txt 2>&1 on vdhankar #####
child exited with value 1
##### ERROR: /usr/bin/time -o time_19_csankhe_vdhankar.txt -f "%U" python3 homework.py > stulog.txt 2>&1 on vdhankar #####
##### Output of failed program (stdout + stderr): #####
Traceback (most recent call last):
  File "homework.py", line 546, in <module>
    print(end-start)
NameError: name 'end' is not defined
##### End of output of failed program #####
##### vdhankar plays [E e1 f2] in 15.1763730049133s #####
##### Running: /usr/lib/jvm/jdk-14.0.1/bin/java -jar /lab/itti/projects/checkers-competition/server/referee.jar on run_19_csankhe_vdhankar #####
Move is valid
##### SUCCESS: /usr/lib/jvm/jdk-14.0.1/bin/java -jar /lab/itti/projects/checkers-competition/server/referee.jar on run_19_csankhe_vdhankar #####
INPUT for csankhe:
GAME
BLACK
292.53
.b.b.b.b
b.b...b.
.b......
......b.
.....b..
w.w.w...
.w.w.w.w
w.w...w.
##### Running: /usr/bin/time -o time_19_csankhe_vdhankar.txt -f "%U" python3 homework.py > stulog.txt 2>&1 on csankhe #####
##### SUCCESS: /usr/bin/time -o time_19_csankhe_vdhankar.txt -f "%U" python3 homework.py > stulog.txt 2>&1 on csankhe #####
##### csankhe plays [E b6 c5] in 1.68s #####
##### Running: /usr/lib/jvm/jdk-14.0.1/bin/java -jar /lab/itti/projects/checkers-competition/server/referee.jar on run_19_csankhe_vdhankar #####
Move is valid
##### SUCCESS: /usr/lib/jvm/jdk-14.0.1/bin/java -jar /lab/itti/projects/checkers-competition/server/referee.jar on run_19_csankhe_vdhankar #####
INPUT for vdhankar:
GAME
WHITE
243.348223924637
.b.b.b.b
b.b...b.
........
..b...b.
.....b..
w.w.w...
.w.w.w.w
w.w...w.
##### Running: /usr/bin/time -o time_19_csankhe_vdhankar.txt -f "%U" python3 homework.py > stulog.txt 2>&1 on vdhankar #####
child exited with value 1
##### ERROR: /usr/bin/time -o time_19_csankhe_vdhankar.txt -f "%U" python3 homework.py > stulog.txt 2>&1 on vdhankar #####
##### Output of failed program (stdout + stderr): #####
Traceback (most recent call last):
  File "homework.py", line 546, in <module>
    print(end-start)
NameError: name 'end' is not defined
##### End of output of failed program #####
##### vdhankar plays [E f2 g3] in 7.28845810890198s #####
##### Running: /usr/lib/jvm/jdk-14.0.1/bin/java -jar /lab/itti/projects/checkers-competition/server/referee.jar on run_19_csankhe_vdhankar #####
Move is valid
##### SUCCESS: /usr/lib/jvm/jdk-14.0.1/bin/java -jar /lab/itti/projects/checkers-competition/server/referee.jar on run_19_csankhe_vdhankar #####
INPUT for csankhe:
GAME
BLACK
290.85
.b.b.b.b
b.b...b.
........
..b...b.
.....b..
w.w.w.w.
.w.w...w
w.w...w.
##### Running: /usr/bin/time -o time_19_csankhe_vdhankar.txt -f "%U" python3 homework.py > stulog.txt 2>&1 on csankhe #####
##### SUCCESS: /usr/bin/time -o time_19_csankhe_vdhankar.txt -f "%U" python3 homework.py > stulog.txt 2>&1 on csankhe #####
##### csankhe plays [E f8 e7] in 0.53s #####
##### Running: /usr/lib/jvm/jdk-14.0.1/bin/java -jar /lab/itti/projects/checkers-competition/server/referee.jar on run_19_csankhe_vdhankar #####
Move is valid
##### SUCCESS: /usr/lib/jvm/jdk-14.0.1/bin/java -jar /lab/itti/projects/checkers-competition/server/referee.jar on run_19_csankhe_vdhankar #####
INPUT for vdhankar:
GAME
WHITE
236.059765815735
.b.b...b
b.b.b.b.
........
..b...b.
.....b..
w.w.w.w.
.w.w...w
w.w...w.
##### Running: /usr/bin/time -o time_19_csankhe_vdhankar.txt -f "%U" python3 homework.py > stulog.txt 2>&1 on vdhankar #####
child exited with value 1
##### ERROR: /usr/bin/time -o time_19_csankhe_vdhankar.txt -f "%U" python3 homework.py > stulog.txt 2>&1 on vdhankar #####
##### Output of failed program (stdout + stderr): #####
Traceback (most recent call last):
  File "homework.py", line 546, in <module>
    print(end-start)
NameError: name 'end' is not defined
##### End of output of failed program #####
##### vdhankar plays [J g3 e5] in 2.39849996566772s #####
##### Running: /usr/lib/jvm/jdk-14.0.1/bin/java -jar /lab/itti/projects/checkers-competition/server/referee.jar on run_19_csankhe_vdhankar #####
Move is valid
##### SUCCESS: /usr/lib/jvm/jdk-14.0.1/bin/java -jar /lab/itti/projects/checkers-competition/server/referee.jar on run_19_csankhe_vdhankar #####
INPUT for csankhe:
GAME
BLACK
290.32
.b.b...b
b.b.b.b.
........
..b.w.b.
........
w.w.w...
.w.w...w
w.w...w.
##### Running: /usr/bin/time -o time_19_csankhe_vdhankar.txt -f "%U" python3 homework.py > stulog.txt 2>&1 on csankhe #####
##### SUCCESS: /usr/bin/time -o time_19_csankhe_vdhankar.txt -f "%U" python3 homework.py > stulog.txt 2>&1 on csankhe #####
##### csankhe plays [E c7 d6] in 1.34s #####
##### Running: /usr/lib/jvm/jdk-14.0.1/bin/java -jar /lab/itti/projects/checkers-competition/server/referee.jar on run_19_csankhe_vdhankar #####
Move is valid
##### SUCCESS: /usr/lib/jvm/jdk-14.0.1/bin/java -jar /lab/itti/projects/checkers-competition/server/referee.jar on run_19_csankhe_vdhankar #####
INPUT for vdhankar:
GAME
WHITE
233.661265850067
.b.b...b
b...b.b.
...b....
..b.w.b.
........
w.w.w...
.w.w...w
w.w...w.
##### Running: /usr/bin/time -o time_19_csankhe_vdhankar.txt -f "%U" python3 homework.py > stulog.txt 2>&1 on vdhankar #####
child exited with value 1
##### ERROR: /usr/bin/time -o time_19_csankhe_vdhankar.txt -f "%U" python3 homework.py > stulog.txt 2>&1 on vdhankar #####
##### Output of failed program (stdout + stderr): #####
Traceback (most recent call last):
  File "homework.py", line 546, in <module>
    print(end-start)
NameError: name 'end' is not defined
##### End of output of failed program #####
##### vdhankar plays [J e5 c7] in 1.44434595108032s #####
##### Running: /usr/lib/jvm/jdk-14.0.1/bin/java -jar /lab/itti/projects/checkers-competition/server/referee.jar on run_19_csankhe_vdhankar #####
Move is valid
##### SUCCESS: /usr/lib/jvm/jdk-14.0.1/bin/java -jar /lab/itti/projects/checkers-competition/server/referee.jar on run_19_csankhe_vdhankar #####
INPUT for csankhe:
GAME
BLACK
288.98
.b.b...b
b.w.b.b.
........
..b...b.
........
w.w.w...
.w.w...w
w.w...w.
##### Running: /usr/bin/time -o time_19_csankhe_vdhankar.txt -f "%U" python3 homework.py > stulog.txt 2>&1 on csankhe #####
##### SUCCESS: /usr/bin/time -o time_19_csankhe_vdhankar.txt -f "%U" python3 homework.py > stulog.txt 2>&1 on csankhe #####
##### csankhe plays [J b8 d6] in 0.56s #####
##### Running: /usr/lib/jvm/jdk-14.0.1/bin/java -jar /lab/itti/projects/checkers-competition/server/referee.jar on run_19_csankhe_vdhankar #####
Move is valid
##### SUCCESS: /usr/lib/jvm/jdk-14.0.1/bin/java -jar /lab/itti/projects/checkers-competition/server/referee.jar on run_19_csankhe_vdhankar #####
INPUT for vdhankar:
GAME
WHITE
232.216919898987
...b...b
b...b.b.
...b....
..b...b.
........
w.w.w...
.w.w...w
w.w...w.
##### Running: /usr/bin/time -o time_19_csankhe_vdhankar.txt -f "%U" python3 homework.py > stulog.txt 2>&1 on vdhankar #####
child exited with value 1
##### ERROR: /usr/bin/time -o time_19_csankhe_vdhankar.txt -f "%U" python3 homework.py > stulog.txt 2>&1 on vdhankar #####
##### Output of failed program (stdout + stderr): #####
Traceback (most recent call last):
  File "homework.py", line 546, in <module>
    print(end-start)
NameError: name 'end' is not defined
##### End of output of failed program #####
##### vdhankar plays [E h2 g3] in 8.05234909057617s #####
##### Running: /usr/lib/jvm/jdk-14.0.1/bin/java -jar /lab/itti/projects/checkers-competition/server/referee.jar on run_19_csankhe_vdhankar #####
Move is valid
##### SUCCESS: /usr/lib/jvm/jdk-14.0.1/bin/java -jar /lab/itti/projects/checkers-competition/server/referee.jar on run_19_csankhe_vdhankar #####
INPUT for csankhe:
GAME
BLACK
288.42
...b...b
b...b.b.
...b....
..b...b.
........
w.w.w.w.
.w.w....
w.w...w.
##### Running: /usr/bin/time -o time_19_csankhe_vdhankar.txt -f "%U" python3 homework.py > stulog.txt 2>&1 on csankhe #####
##### SUCCESS: /usr/bin/time -o time_19_csankhe_vdhankar.txt -f "%U" python3 homework.py > stulog.txt 2>&1 on csankhe #####
##### csankhe plays [E g5 h4] in 1.49s #####
##### Running: /usr/lib/jvm/jdk-14.0.1/bin/java -jar /lab/itti/projects/checkers-competition/server/referee.jar on run_19_csankhe_vdhankar #####
Move is valid
##### SUCCESS: /usr/lib/jvm/jdk-14.0.1/bin/java -jar /lab/itti/projects/checkers-competition/server/referee.jar on run_19_csankhe_vdhankar #####
INPUT for vdhankar:
GAME
WHITE
224.164570808411
...b...b
b...b.b.
...b....
..b.....
.......b
w.w.w.w.
.w.w....
w.w...w.
##### Running: /usr/bin/time -o time_19_csankhe_vdhankar.txt -f "%U" python3 homework.py > stulog.txt 2>&1 on vdhankar #####
child exited with value 1
##### ERROR: /usr/bin/time -o time_19_csankhe_vdhankar.txt -f "%U" python3 homework.py > stulog.txt 2>&1 on vdhankar #####
##### Output of failed program (stdout + stderr): #####
Traceback (most recent call last):
  File "homework.py", line 546, in <module>
    print(end-start)
NameError: name 'end' is not defined
##### End of output of failed program #####
##### vdhankar plays [E g3 f4] in 7.55752110481262s #####
##### Running: /usr/lib/jvm/jdk-14.0.1/bin/java -jar /lab/itti/projects/checkers-competition/server/referee.jar on run_19_csankhe_vdhankar #####
Move is valid
##### SUCCESS: /usr/lib/jvm/jdk-14.0.1/bin/java -jar /lab/itti/projects/checkers-competition/server/referee.jar on run_19_csankhe_vdhankar #####
INPUT for csankhe:
GAME
BLACK
286.93
...b...b
b...b.b.
...b....
..b.....
.....w.b
w.w.w...
.w.w....
w.w...w.
##### Running: /usr/bin/time -o time_19_csankhe_vdhankar.txt -f "%U" python3 homework.py > stulog.txt 2>&1 on csankhe #####
##### SUCCESS: /usr/bin/time -o time_19_csankhe_vdhankar.txt -f "%U" python3 homework.py > stulog.txt 2>&1 on csankhe #####
##### csankhe plays [E h4 g3] in 0.49s #####
##### Running: /usr/lib/jvm/jdk-14.0.1/bin/java -jar /lab/itti/projects/checkers-competition/server/referee.jar on run_19_csankhe_vdhankar #####
Move is valid
##### SUCCESS: /usr/lib/jvm/jdk-14.0.1/bin/java -jar /lab/itti/projects/checkers-competition/server/referee.jar on run_19_csankhe_vdhankar #####
INPUT for vdhankar:
GAME
WHITE
216.607049703598
...b...b
b...b.b.
...b....
..b.....
.....w..
w.w.w.b.
.w.w....
w.w...w.
##### Running: /usr/bin/time -o time_19_csankhe_vdhankar.txt -f "%U" python3 homework.py > stulog.txt 2>&1 on vdhankar #####
child exited with value 1
##### ERROR: /usr/bin/time -o time_19_csankhe_vdhankar.txt -f "%U" python3 homework.py > stulog.txt 2>&1 on vdhankar #####
##### Output of failed program (stdout + stderr): #####
Traceback (most recent call last):
  File "homework.py", line 546, in <module>
    print(end-start)
NameError: name 'end' is not defined
##### End of output of failed program #####
##### vdhankar plays [E c3 d4] in 4.29189705848694s #####
##### Running: /usr/lib/jvm/jdk-14.0.1/bin/java -jar /lab/itti/projects/checkers-competition/server/referee.jar on run_19_csankhe_vdhankar #####
Move is valid
##### SUCCESS: /usr/lib/jvm/jdk-14.0.1/bin/java -jar /lab/itti/projects/checkers-competition/server/referee.jar on run_19_csankhe_vdhankar #####
INPUT for csankhe:
GAME
BLACK
286.44
...b...b
b...b.b.
...b....
..b.....
...w.w..
w...w.b.
.w.w....
w.w...w.
##### Running: /usr/bin/time -o time_19_csankhe_vdhankar.txt -f "%U" python3 homework.py > stulog.txt 2>&1 on csankhe #####
##### SUCCESS: /usr/bin/time -o time_19_csankhe_vdhankar.txt -f "%U" python3 homework.py > stulog.txt 2>&1 on csankhe #####
##### csankhe plays [E g3 f2] in 0.4s #####
##### Running: /usr/lib/jvm/jdk-14.0.1/bin/java -jar /lab/itti/projects/checkers-competition/server/referee.jar on run_19_csankhe_vdhankar #####
Move is valid
##### SUCCESS: /usr/lib/jvm/jdk-14.0.1/bin/java -jar /lab/itti/projects/checkers-competition/server/referee.jar on run_19_csankhe_vdhankar #####
INPUT for vdhankar:
GAME
WHITE
212.315152645111
...b...b
b...b.b.
...b....
..b.....
...w.w..
w...w...
.w.w.b..
w.w...w.
##### Running: /usr/bin/time -o time_19_csankhe_vdhankar.txt -f "%U" python3 homework.py > stulog.txt 2>&1 on vdhankar #####
child exited with value 1
##### ERROR: /usr/bin/time -o time_19_csankhe_vdhankar.txt -f "%U" python3 homework.py > stulog.txt 2>&1 on vdhankar #####
##### Output of failed program (stdout + stderr): #####
Traceback (most recent call last):
  File "homework.py", line 546, in <module>
    print(end-start)
NameError: name 'end' is not defined
##### End of output of failed program #####
##### vdhankar plays [J d4 b6] in 1.00250697135925s #####
##### Running: /usr/lib/jvm/jdk-14.0.1/bin/java -jar /lab/itti/projects/checkers-competition/server/referee.jar on run_19_csankhe_vdhankar #####
Move is valid
##### SUCCESS: /usr/lib/jvm/jdk-14.0.1/bin/java -jar /lab/itti/projects/checkers-competition/server/referee.jar on run_19_csankhe_vdhankar #####
INPUT for csankhe:
GAME
BLACK
286.04
...b...b
b...b.b.
.w.b....
........
.....w..
w...w...
.w.w.b..
w.w...w.
##### Running: /usr/bin/time -o time_19_csankhe_vdhankar.txt -f "%U" python3 homework.py > stulog.txt 2>&1 on csankhe #####
##### SUCCESS: /usr/bin/time -o time_19_csankhe_vdhankar.txt -f "%U" python3 homework.py > stulog.txt 2>&1 on csankhe #####
##### csankhe plays [J a7 c5] in 0.15s #####
##### Running: /usr/lib/jvm/jdk-14.0.1/bin/java -jar /lab/itti/projects/checkers-competition/server/referee.jar on run_19_csankhe_vdhankar #####
Move is valid
##### SUCCESS: /usr/lib/jvm/jdk-14.0.1/bin/java -jar /lab/itti/projects/checkers-competition/server/referee.jar on run_19_csankhe_vdhankar #####
INPUT for vdhankar:
GAME
WHITE
211.312645673752
...b...b
....b.b.
...b....
..b.....
.....w..
w...w...
.w.w.b..
w.w...w.
##### Running: /usr/bin/time -o time_19_csankhe_vdhankar.txt -f "%U" python3 homework.py > stulog.txt 2>&1 on vdhankar #####
child exited with value 1
##### ERROR: /usr/bin/time -o time_19_csankhe_vdhankar.txt -f "%U" python3 homework.py > stulog.txt 2>&1 on vdhankar #####
##### Output of failed program (stdout + stderr): #####
Traceback (most recent call last):
  File "homework.py", line 546, in <module>
    print(end-start)
NameError: name 'end' is not defined
##### End of output of failed program #####
##### vdhankar plays [E b2 c3] in 3.97767400741577s #####
##### Running: /usr/lib/jvm/jdk-14.0.1/bin/java -jar /lab/itti/projects/checkers-competition/server/referee.jar on run_19_csankhe_vdhankar #####
Move is valid
##### SUCCESS: /usr/lib/jvm/jdk-14.0.1/bin/java -jar /lab/itti/projects/checkers-competition/server/referee.jar on run_19_csankhe_vdhankar #####
INPUT for csankhe:
GAME
BLACK
285.89
...b...b
....b.b.
...b....
..b.....
.....w..
w.w.w...
...w.b..
w.w...w.
##### Running: /usr/bin/time -o time_19_csankhe_vdhankar.txt -f "%U" python3 homework.py > stulog.txt 2>&1 on csankhe #####
##### SUCCESS: /usr/bin/time -o time_19_csankhe_vdhankar.txt -f "%U" python3 homework.py > stulog.txt 2>&1 on csankhe #####
##### csankhe plays [E c5 d4] in 0.7s #####
##### Running: /usr/lib/jvm/jdk-14.0.1/bin/java -jar /lab/itti/projects/checkers-competition/server/referee.jar on run_19_csankhe_vdhankar #####
Move is valid
##### SUCCESS: /usr/lib/jvm/jdk-14.0.1/bin/java -jar /lab/itti/projects/checkers-competition/server/referee.jar on run_19_csankhe_vdhankar #####
INPUT for vdhankar:
GAME
WHITE
207.334971666336
...b...b
....b.b.
...b....
........
...b.w..
w.w.w...
...w.b..
w.w...w.
##### Running: /usr/bin/time -o time_19_csankhe_vdhankar.txt -f "%U" python3 homework.py > stulog.txt 2>&1 on vdhankar #####
child exited with value 1
##### ERROR: /usr/bin/time -o time_19_csankhe_vdhankar.txt -f "%U" python3 homework.py > stulog.txt 2>&1 on vdhankar #####
##### Output of failed program (stdout + stderr): #####
Traceback (most recent call last):
  File "homework.py", line 546, in <module>
    print(end-start)
NameError: name 'end' is not defined
##### End of output of failed program #####
##### vdhankar plays [J e3 c5] in 1.82654809951782s #####
##### Running: /usr/lib/jvm/jdk-14.0.1/bin/java -jar /lab/itti/projects/checkers-competition/server/referee.jar on run_19_csankhe_vdhankar #####
Move is valid
##### SUCCESS: /usr/lib/jvm/jdk-14.0.1/bin/java -jar /lab/itti/projects/checkers-competition/server/referee.jar on run_19_csankhe_vdhankar #####
INPUT for csankhe:
GAME
BLACK
285.19
...b...b
....b.b.
...b....
..w.....
.....w..
w.w.....
...w.b..
w.w...w.
##### Running: /usr/bin/time -o time_19_csankhe_vdhankar.txt -f "%U" python3 homework.py > stulog.txt 2>&1 on csankhe #####
##### SUCCESS: /usr/bin/time -o time_19_csankhe_vdhankar.txt -f "%U" python3 homework.py > stulog.txt 2>&1 on csankhe #####
##### csankhe plays [J d6 b4] in 0.16s #####
##### Running: /usr/lib/jvm/jdk-14.0.1/bin/java -jar /lab/itti/projects/checkers-competition/server/referee.jar on run_19_csankhe_vdhankar #####
Move is valid
##### SUCCESS: /usr/lib/jvm/jdk-14.0.1/bin/java -jar /lab/itti/projects/checkers-competition/server/referee.jar on run_19_csankhe_vdhankar #####
INPUT for vdhankar:
GAME
WHITE
205.508423566818
...b...b
....b.b.
........
........
.b...w..
w.w.....
...w.b..
w.w...w.
##### Running: /usr/bin/time -o time_19_csankhe_vdhankar.txt -f "%U" python3 homework.py > stulog.txt 2>&1 on vdhankar #####
child exited with value 1
##### ERROR: /usr/bin/time -o time_19_csankhe_vdhankar.txt -f "%U" python3 homework.py > stulog.txt 2>&1 on vdhankar #####
##### Output of failed program (stdout + stderr): #####
Traceback (most recent call last):
  File "homework.py", line 546, in <module>
    print(end-start)
NameError: name 'end' is not defined
##### End of output of failed program #####
##### vdhankar plays [J g1 e3] in 2.03338289260864s #####
##### Running: /usr/lib/jvm/jdk-14.0.1/bin/java -jar /lab/itti/projects/checkers-competition/server/referee.jar on run_19_csankhe_vdhankar #####
Move is valid
##### SUCCESS: /usr/lib/jvm/jdk-14.0.1/bin/java -jar /lab/itti/projects/checkers-competition/server/referee.jar on run_19_csankhe_vdhankar #####
INPUT for csankhe:
GAME
BLACK
285.03
...b...b
....b.b.
........
........
.b...w..
w.w.w...
...w....
w.w.....
##### Running: /usr/bin/time -o time_19_csankhe_vdhankar.txt -f "%U" python3 homework.py > stulog.txt 2>&1 on csankhe #####
##### SUCCESS: /usr/bin/time -o time_19_csankhe_vdhankar.txt -f "%U" python3 homework.py > stulog.txt 2>&1 on csankhe #####
##### csankhe plays [E g7 h6] in 0.26s #####
##### Running: /usr/lib/jvm/jdk-14.0.1/bin/java -jar /lab/itti/projects/checkers-competition/server/referee.jar on run_19_csankhe_vdhankar #####
Move is valid
##### SUCCESS: /usr/lib/jvm/jdk-14.0.1/bin/java -jar /lab/itti/projects/checkers-competition/server/referee.jar on run_19_csankhe_vdhankar #####
INPUT for vdhankar:
GAME
WHITE
203.47504067421
...b...b
....b...
.......b
........
.b...w..
w.w.w...
...w....
w.w.....
##### Running: /usr/bin/time -o time_19_csankhe_vdhankar.txt -f "%U" python3 homework.py > stulog.txt 2>&1 on vdhankar #####
child exited with value 1
##### ERROR: /usr/bin/time -o time_19_csankhe_vdhankar.txt -f "%U" python3 homework.py > stulog.txt 2>&1 on vdhankar #####
##### Output of failed program (stdout + stderr): #####
Traceback (most recent call last):
  File "homework.py", line 546, in <module>
    print(end-start)
NameError: name 'end' is not defined
##### End of output of failed program #####
##### vdhankar plays [J a3 c5] in 3.04461312294006s #####
##### Running: /usr/lib/jvm/jdk-14.0.1/bin/java -jar /lab/itti/projects/checkers-competition/server/referee.jar on run_19_csankhe_vdhankar #####
Move is valid
##### SUCCESS: /usr/lib/jvm/jdk-14.0.1/bin/java -jar /lab/itti/projects/checkers-competition/server/referee.jar on run_19_csankhe_vdhankar #####
INPUT for csankhe:
GAME
BLACK
284.77
...b...b
....b...
.......b
..w.....
.....w..
..w.w...
...w....
w.w.....
##### Running: /usr/bin/time -o time_19_csankhe_vdhankar.txt -f "%U" python3 homework.py > stulog.txt 2>&1 on csankhe #####
##### SUCCESS: /usr/bin/time -o time_19_csankhe_vdhankar.txt -f "%U" python3 homework.py > stulog.txt 2>&1 on csankhe #####
##### csankhe plays [E h6 g5] in 0.5s #####
##### Running: /usr/lib/jvm/jdk-14.0.1/bin/java -jar /lab/itti/projects/checkers-competition/server/referee.jar on run_19_csankhe_vdhankar #####
Move is valid
##### SUCCESS: /usr/lib/jvm/jdk-14.0.1/bin/java -jar /lab/itti/projects/checkers-competition/server/referee.jar on run_19_csankhe_vdhankar #####
INPUT for vdhankar:
GAME
WHITE
200.43042755127
...b...b
....b...
........
..w...b.
.....w..
..w.w...
...w....
w.w.....
##### Running: /usr/bin/time -o time_19_csankhe_vdhankar.txt -f "%U" python3 homework.py > stulog.txt 2>&1 on vdhankar #####
child exited with value 1
##### ERROR: /usr/bin/time -o time_19_csankhe_vdhankar.txt -f "%U" python3 homework.py > stulog.txt 2>&1 on vdhankar #####
##### Output of failed program (stdout + stderr): #####
Traceback (most recent call last):
  File "homework.py", line 546, in <module>
    print(end-start)
NameError: name 'end' is not defined
##### End of output of failed program #####
##### vdhankar plays [J f4 h6] in 0.898782014846802s #####
##### Running: /usr/lib/jvm/jdk-14.0.1/bin/java -jar /lab/itti/projects/checkers-competition/server/referee.jar on run_19_csankhe_vdhankar #####
Move is valid
##### SUCCESS: /usr/lib/jvm/jdk-14.0.1/bin/java -jar /lab/itti/projects/checkers-competition/server/referee.jar on run_19_csankhe_vdhankar #####
INPUT for csankhe:
GAME
BLACK
284.27
...b...b
....b...
.......w
..w.....
........
..w.w...
...w....
w.w.....
##### Running: /usr/bin/time -o time_19_csankhe_vdhankar.txt -f "%U" python3 homework.py > stulog.txt 2>&1 on csankhe #####
##### SUCCESS: /usr/bin/time -o time_19_csankhe_vdhankar.txt -f "%U" python3 homework.py > stulog.txt 2>&1 on csankhe #####
##### csankhe plays [E e7 d6] in 0.23s #####
##### Running: /usr/lib/jvm/jdk-14.0.1/bin/java -jar /lab/itti/projects/checkers-competition/server/referee.jar on run_19_csankhe_vdhankar #####
Move is valid
##### SUCCESS: /usr/lib/jvm/jdk-14.0.1/bin/java -jar /lab/itti/projects/checkers-competition/server/referee.jar on run_19_csankhe_vdhankar #####
INPUT for vdhankar:
GAME
WHITE
199.531645536423
...b...b
........
...b...w
..w.....
........
..w.w...
...w....
w.w.....
##### Running: /usr/bin/time -o time_19_csankhe_vdhankar.txt -f "%U" python3 homework.py > stulog.txt 2>&1 on vdhankar #####
child exited with value 1
##### ERROR: /usr/bin/time -o time_19_csankhe_vdhankar.txt -f "%U" python3 homework.py > stulog.txt 2>&1 on vdhankar #####
##### Output of failed program (stdout + stderr): #####
Traceback (most recent call last):
  File "homework.py", line 546, in <module>
    print(end-start)
NameError: name 'end' is not defined
##### End of output of failed program #####
##### vdhankar plays [J c5 e7] in 0.497769832611084s #####
##### Running: /usr/lib/jvm/jdk-14.0.1/bin/java -jar /lab/itti/projects/checkers-competition/server/referee.jar on run_19_csankhe_vdhankar #####
Move is valid
##### SUCCESS: /usr/lib/jvm/jdk-14.0.1/bin/java -jar /lab/itti/projects/checkers-competition/server/referee.jar on run_19_csankhe_vdhankar #####
INPUT for csankhe:
GAME
BLACK
284.04
...b...b
....w...
.......w
........
........
..w.w...
...w....
w.w.....
##### Running: /usr/bin/time -o time_19_csankhe_vdhankar.txt -f "%U" python3 homework.py > stulog.txt 2>&1 on csankhe #####
##### SUCCESS: /usr/bin/time -o time_19_csankhe_vdhankar.txt -f "%U" python3 homework.py > stulog.txt 2>&1 on csankhe #####
##### csankhe plays [J d8 f6] in 0.12s #####
##### Running: /usr/lib/jvm/jdk-14.0.1/bin/java -jar /lab/itti/projects/checkers-competition/server/referee.jar on run_19_csankhe_vdhankar #####
Move is valid
##### SUCCESS: /usr/lib/jvm/jdk-14.0.1/bin/java -jar /lab/itti/projects/checkers-competition/server/referee.jar on run_19_csankhe_vdhankar #####
INPUT for vdhankar:
GAME
WHITE
199.033875703812
.......b
........
.....b.w
........
........
..w.w...
...w....
w.w.....
##### Running: /usr/bin/time -o time_19_csankhe_vdhankar.txt -f "%U" python3 homework.py > stulog.txt 2>&1 on vdhankar #####
child exited with value 1
##### ERROR: /usr/bin/time -o time_19_csankhe_vdhankar.txt -f "%U" python3 homework.py > stulog.txt 2>&1 on vdhankar #####
##### Output of failed program (stdout + stderr): #####
Traceback (most recent call last):
  File "homework.py", line 546, in <module>
    print(end-start)
NameError: name 'end' is not defined
##### End of output of failed program #####
##### vdhankar plays [E c3 b4] in 0.562808990478516s #####
##### Running: /usr/lib/jvm/jdk-14.0.1/bin/java -jar /lab/itti/projects/checkers-competition/server/referee.jar on run_19_csankhe_vdhankar #####
Move is valid
##### SUCCESS: /usr/lib/jvm/jdk-14.0.1/bin/java -jar /lab/itti/projects/checkers-competition/server/referee.jar on run_19_csankhe_vdhankar #####
INPUT for csankhe:
GAME
BLACK
283.92
.......b
........
.....b.w
........
.w......
....w...
...w....
w.w.....
##### Running: /usr/bin/time -o time_19_csankhe_vdhankar.txt -f "%U" python3 homework.py > stulog.txt 2>&1 on csankhe #####
##### SUCCESS: /usr/bin/time -o time_19_csankhe_vdhankar.txt -f "%U" python3 homework.py > stulog.txt 2>&1 on csankhe #####
##### csankhe plays [E f6 g5] in 0.14s #####
##### Running: /usr/lib/jvm/jdk-14.0.1/bin/java -jar /lab/itti/projects/checkers-competition/server/referee.jar on run_19_csankhe_vdhankar #####
Move is valid
##### SUCCESS: /usr/lib/jvm/jdk-14.0.1/bin/java -jar /lab/itti/projects/checkers-competition/server/referee.jar on run_19_csankhe_vdhankar #####
INPUT for vdhankar:
GAME
WHITE
198.471066713333
.......b
........
.......w
......b.
.w......
....w...
...w....
w.w.....
##### Running: /usr/bin/time -o time_19_csankhe_vdhankar.txt -f "%U" python3 homework.py > stulog.txt 2>&1 on vdhankar #####
child exited with value 1
##### ERROR: /usr/bin/time -o time_19_csankhe_vdhankar.txt -f "%U" python3 homework.py > stulog.txt 2>&1 on vdhankar #####
##### Output of failed program (stdout + stderr): #####
Traceback (most recent call last):
  File "homework.py", line 546, in <module>
    print(end-start)
NameError: name 'end' is not defined
##### End of output of failed program #####
##### vdhankar plays [E h6 g7] in 0.413279056549072s #####
##### Running: /usr/lib/jvm/jdk-14.0.1/bin/java -jar /lab/itti/projects/checkers-competition/server/referee.jar on run_19_csankhe_vdhankar #####
Move is valid
##### SUCCESS: /usr/lib/jvm/jdk-14.0.1/bin/java -jar /lab/itti/projects/checkers-competition/server/referee.jar on run_19_csankhe_vdhankar #####
INPUT for csankhe:
GAME
BLACK
283.78
.......b
......w.
........
......b.
.w......
....w...
...w....
w.w.....
##### Running: /usr/bin/time -o time_19_csankhe_vdhankar.txt -f "%U" python3 homework.py > stulog.txt 2>&1 on csankhe #####
##### SUCCESS: /usr/bin/time -o time_19_csankhe_vdhankar.txt -f "%U" python3 homework.py > stulog.txt 2>&1 on csankhe #####
##### csankhe plays [J h8 f6] in 0.12s #####
##### Running: /usr/lib/jvm/jdk-14.0.1/bin/java -jar /lab/itti/projects/checkers-competition/server/referee.jar on run_19_csankhe_vdhankar #####
Move is valid
##### SUCCESS: /usr/lib/jvm/jdk-14.0.1/bin/java -jar /lab/itti/projects/checkers-competition/server/referee.jar on run_19_csankhe_vdhankar #####
INPUT for vdhankar:
GAME
WHITE
198.057787656784
........
........
.....b..
......b.
.w......
....w...
...w....
w.w.....
##### Running: /usr/bin/time -o time_19_csankhe_vdhankar.txt -f "%U" python3 homework.py > stulog.txt 2>&1 on vdhankar #####
child exited with value 1
##### ERROR: /usr/bin/time -o time_19_csankhe_vdhankar.txt -f "%U" python3 homework.py > stulog.txt 2>&1 on vdhankar #####
##### Output of failed program (stdout + stderr): #####
Traceback (most recent call last):
  File "homework.py", line 546, in <module>
    print(end-start)
NameError: name 'end' is not defined
##### End of output of failed program #####
##### vdhankar plays [E e3 f4] in 1.75325798988342s #####
##### Running: /usr/lib/jvm/jdk-14.0.1/bin/java -jar /lab/itti/projects/checkers-competition/server/referee.jar on run_19_csankhe_vdhankar #####
Move is valid
##### SUCCESS: /usr/lib/jvm/jdk-14.0.1/bin/java -jar /lab/itti/projects/checkers-competition/server/referee.jar on run_19_csankhe_vdhankar #####
INPUT for csankhe:
GAME
BLACK
283.66
........
........
.....b..
......b.
.w...w..
........
...w....
w.w.....
##### Running: /usr/bin/time -o time_19_csankhe_vdhankar.txt -f "%U" python3 homework.py > stulog.txt 2>&1 on csankhe #####
##### SUCCESS: /usr/bin/time -o time_19_csankhe_vdhankar.txt -f "%U" python3 homework.py > stulog.txt 2>&1 on csankhe #####
##### csankhe plays [J g5 e3] in 0.03s #####
##### Running: /usr/lib/jvm/jdk-14.0.1/bin/java -jar /lab/itti/projects/checkers-competition/server/referee.jar on run_19_csankhe_vdhankar #####
Move is valid
##### SUCCESS: /usr/lib/jvm/jdk-14.0.1/bin/java -jar /lab/itti/projects/checkers-competition/server/referee.jar on run_19_csankhe_vdhankar #####
INPUT for vdhankar:
GAME
WHITE
196.304529666901
........
........
.....b..
........
.w......
....b...
...w....
w.w.....
##### Running: /usr/bin/time -o time_19_csankhe_vdhankar.txt -f "%U" python3 homework.py > stulog.txt 2>&1 on vdhankar #####
child exited with value 1
##### ERROR: /usr/bin/time -o time_19_csankhe_vdhankar.txt -f "%U" python3 homework.py > stulog.txt 2>&1 on vdhankar #####
##### Output of failed program (stdout + stderr): #####
Traceback (most recent call last):
  File "homework.py", line 546, in <module>
    print(end-start)
NameError: name 'end' is not defined
##### End of output of failed program #####
##### vdhankar plays [J d2 f4] in 0.37361216545105s #####
##### Running: /usr/lib/jvm/jdk-14.0.1/bin/java -jar /lab/itti/projects/checkers-competition/server/referee.jar on run_19_csankhe_vdhankar #####
Move is valid
##### SUCCESS: /usr/lib/jvm/jdk-14.0.1/bin/java -jar /lab/itti/projects/checkers-competition/server/referee.jar on run_19_csankhe_vdhankar #####
INPUT for csankhe:
GAME
BLACK
283.63
........
........
.....b..
........
.w...w..
........
........
w.w.....
##### Running: /usr/bin/time -o time_19_csankhe_vdhankar.txt -f "%U" python3 homework.py > stulog.txt 2>&1 on csankhe #####
##### SUCCESS: /usr/bin/time -o time_19_csankhe_vdhankar.txt -f "%U" python3 homework.py > stulog.txt 2>&1 on csankhe #####
##### csankhe plays [E f6 g5] in 0.04s #####
##### Running: /usr/lib/jvm/jdk-14.0.1/bin/java -jar /lab/itti/projects/checkers-competition/server/referee.jar on run_19_csankhe_vdhankar #####
Move is valid
##### SUCCESS: /usr/lib/jvm/jdk-14.0.1/bin/java -jar /lab/itti/projects/checkers-competition/server/referee.jar on run_19_csankhe_vdhankar #####
INPUT for vdhankar:
GAME
WHITE
195.93091750145
........
........
........
......b.
.w...w..
........
........
w.w.....
##### Running: /usr/bin/time -o time_19_csankhe_vdhankar.txt -f "%U" python3 homework.py > stulog.txt 2>&1 on vdhankar #####
child exited with value 1
##### ERROR: /usr/bin/time -o time_19_csankhe_vdhankar.txt -f "%U" python3 homework.py > stulog.txt 2>&1 on vdhankar #####
##### Output of failed program (stdout + stderr): #####
Traceback (most recent call last):
  File "homework.py", line 546, in <module>
    print(end-start)
NameError: name 'end' is not defined
##### End of output of failed program #####
##### vdhankar plays [J f4 h6] in 0.229073047637939s #####
##### Running: /usr/lib/jvm/jdk-14.0.1/bin/java -jar /lab/itti/projects/checkers-competition/server/referee.jar on run_19_csankhe_vdhankar #####
Move is valid
After this move, player BLACK cannot make any moves
*** Winner: WHITE ***
##### SUCCESS: /usr/lib/jvm/jdk-14.0.1/bin/java -jar /lab/itti/projects/checkers-competition/server/referee.jar on run_19_csankhe_vdhankar #####
##### GAME OVER: vdhankar wins the game! #####
Server said: WIN
########## ROUND 19 GAMESCORE AFTER GAME 2: csankhe=1 and vdhankar=1 ##########
#################### ROUND 19: csankhe (W) vs vdhankar (B): game 3 ####################
##### game start! #####
INPUT for vdhankar:
GAME
BLACK
300
.b.b.b.b
b.b.b.b.
.b.b.b.b
........
........
w.w.w.w.
.w.w.w.w
w.w.w.w.
##### Running: /usr/bin/time -o time_19_csankhe_vdhankar.txt -f "%U" python3 homework.py > stulog.txt 2>&1 on vdhankar #####
child exited with value 1
##### ERROR: /usr/bin/time -o time_19_csankhe_vdhankar.txt -f "%U" python3 homework.py > stulog.txt 2>&1 on vdhankar #####
##### Output of failed program (stdout + stderr): #####
Traceback (most recent call last):
  File "homework.py", line 546, in <module>
    print(end-start)
NameError: name 'end' is not defined
##### End of output of failed program #####
##### vdhankar plays [E h6 g5] in 9.12909698486328s #####
##### Running: /usr/lib/jvm/jdk-14.0.1/bin/java -jar /lab/itti/projects/checkers-competition/server/referee.jar on run_19_csankhe_vdhankar #####
Move is valid
Couldn't read file 'current_ply.txt'
Couldn't read content from file 'current_ply.txt'
Couldn't read file 'lastmatchange_ply.txt'
Couldn't read content from file 'lastmatchange_ply.txt'
##### SUCCESS: /usr/lib/jvm/jdk-14.0.1/bin/java -jar /lab/itti/projects/checkers-competition/server/referee.jar on run_19_csankhe_vdhankar #####
INPUT for csankhe:
GAME
WHITE
300
.b.b.b.b
b.b.b.b.
.b.b.b..
......b.
........
w.w.w.w.
.w.w.w.w
w.w.w.w.
##### Running: /usr/bin/time -o time_19_csankhe_vdhankar.txt -f "%U" python3 homework.py > stulog.txt 2>&1 on csankhe #####
##### SUCCESS: /usr/bin/time -o time_19_csankhe_vdhankar.txt -f "%U" python3 homework.py > stulog.txt 2>&1 on csankhe #####
##### csankhe plays [E e3 f4] in 1.29s #####
##### Running: /usr/lib/jvm/jdk-14.0.1/bin/java -jar /lab/itti/projects/checkers-competition/server/referee.jar on run_19_csankhe_vdhankar #####
Move is valid
##### SUCCESS: /usr/lib/jvm/jdk-14.0.1/bin/java -jar /lab/itti/projects/checkers-competition/server/referee.jar on run_19_csankhe_vdhankar #####
INPUT for vdhankar:
GAME
BLACK
290.870903015137
.b.b.b.b
b.b.b.b.
.b.b.b..
......b.
.....w..
w.w...w.
.w.w.w.w
w.w.w.w.
##### Running: /usr/bin/time -o time_19_csankhe_vdhankar.txt -f "%U" python3 homework.py > stulog.txt 2>&1 on vdhankar #####
child exited with value 1
##### ERROR: /usr/bin/time -o time_19_csankhe_vdhankar.txt -f "%U" python3 homework.py > stulog.txt 2>&1 on vdhankar #####
##### Output of failed program (stdout + stderr): #####
Traceback (most recent call last):
  File "homework.py", line 546, in <module>
    print(end-start)
NameError: name 'end' is not defined
##### End of output of failed program #####
##### vdhankar plays [J g5 e3] in 2.28112387657166s #####
##### Running: /usr/lib/jvm/jdk-14.0.1/bin/java -jar /lab/itti/projects/checkers-competition/server/referee.jar on run_19_csankhe_vdhankar #####
Move is valid
##### SUCCESS: /usr/lib/jvm/jdk-14.0.1/bin/java -jar /lab/itti/projects/checkers-competition/server/referee.jar on run_19_csankhe_vdhankar #####
INPUT for csankhe:
GAME
WHITE
298.71
.b.b.b.b
b.b.b.b.
.b.b.b..
........
........
w.w.b.w.
.w.w.w.w
w.w.w.w.
##### Running: /usr/bin/time -o time_19_csankhe_vdhankar.txt -f "%U" python3 homework.py > stulog.txt 2>&1 on csankhe #####
##### SUCCESS: /usr/bin/time -o time_19_csankhe_vdhankar.txt -f "%U" python3 homework.py > stulog.txt 2>&1 on csankhe #####
##### csankhe plays [J f2 d4] in 0.49s #####
##### Running: /usr/lib/jvm/jdk-14.0.1/bin/java -jar /lab/itti/projects/checkers-competition/server/referee.jar on run_19_csankhe_vdhankar #####
Move is valid
##### SUCCESS: /usr/lib/jvm/jdk-14.0.1/bin/java -jar /lab/itti/projects/checkers-competition/server/referee.jar on run_19_csankhe_vdhankar #####
INPUT for vdhankar:
GAME
BLACK
288.589779138565
.b.b.b.b
b.b.b.b.
.b.b.b..
........
...w....
w.w...w.
.w.w...w
w.w.w.w.
##### Running: /usr/bin/time -o time_19_csankhe_vdhankar.txt -f "%U" python3 homework.py > stulog.txt 2>&1 on vdhankar #####
child exited with value 1
##### ERROR: /usr/bin/time -o time_19_csankhe_vdhankar.txt -f "%U" python3 homework.py > stulog.txt 2>&1 on vdhankar #####
##### Output of failed program (stdout + stderr): #####
Traceback (most recent call last):
  File "homework.py", line 546, in <module>
    print(end-start)
NameError: name 'end' is not defined
##### End of output of failed program #####
##### vdhankar plays [E f6 e5] in 5.50227093696594s #####
##### Running: /usr/lib/jvm/jdk-14.0.1/bin/java -jar /lab/itti/projects/checkers-competition/server/referee.jar on run_19_csankhe_vdhankar #####
Move is valid
##### SUCCESS: /usr/lib/jvm/jdk-14.0.1/bin/java -jar /lab/itti/projects/checkers-competition/server/referee.jar on run_19_csankhe_vdhankar #####
INPUT for csankhe:
GAME
WHITE
298.22
.b.b.b.b
b.b.b.b.
.b.b....
....b...
...w....
w.w...w.
.w.w...w
w.w.w.w.
##### Running: /usr/bin/time -o time_19_csankhe_vdhankar.txt -f "%U" python3 homework.py > stulog.txt 2>&1 on csankhe #####
##### SUCCESS: /usr/bin/time -o time_19_csankhe_vdhankar.txt -f "%U" python3 homework.py > stulog.txt 2>&1 on csankhe #####
##### csankhe plays [J d4 f6] in 0.13s #####
##### Running: /usr/lib/jvm/jdk-14.0.1/bin/java -jar /lab/itti/projects/checkers-competition/server/referee.jar on run_19_csankhe_vdhankar #####
Move is valid
##### SUCCESS: /usr/lib/jvm/jdk-14.0.1/bin/java -jar /lab/itti/projects/checkers-competition/server/referee.jar on run_19_csankhe_vdhankar #####
INPUT for vdhankar:
GAME
BLACK
283.087508201599
.b.b.b.b
b.b.b.b.
.b.b.w..
........
........
w.w...w.
.w.w...w
w.w.w.w.
##### Running: /usr/bin/time -o time_19_csankhe_vdhankar.txt -f "%U" python3 homework.py > stulog.txt 2>&1 on vdhankar #####
child exited with value 1
##### ERROR: /usr/bin/time -o time_19_csankhe_vdhankar.txt -f "%U" python3 homework.py > stulog.txt 2>&1 on vdhankar #####
##### Output of failed program (stdout + stderr): #####
Traceback (most recent call last):
  File "homework.py", line 546, in <module>
    print(end-start)
NameError: name 'end' is not defined
##### End of output of failed program #####
##### vdhankar plays [J g7 e5] in 13.6296269893646s #####
##### Running: /usr/lib/jvm/jdk-14.0.1/bin/java -jar /lab/itti/projects/checkers-competition/server/referee.jar on run_19_csankhe_vdhankar #####
Move is valid
##### SUCCESS: /usr/lib/jvm/jdk-14.0.1/bin/java -jar /lab/itti/projects/checkers-competition/server/referee.jar on run_19_csankhe_vdhankar #####
INPUT for csankhe:
GAME
WHITE
298.09
.b.b.b.b
b.b.b...
.b.b....
....b...
........
w.w...w.
.w.w...w
w.w.w.w.
##### Running: /usr/bin/time -o time_19_csankhe_vdhankar.txt -f "%U" python3 homework.py > stulog.txt 2>&1 on csankhe #####
##### SUCCESS: /usr/bin/time -o time_19_csankhe_vdhankar.txt -f "%U" python3 homework.py > stulog.txt 2>&1 on csankhe #####
##### csankhe plays [E d2 e3] in 1.14s #####
##### Running: /usr/lib/jvm/jdk-14.0.1/bin/java -jar /lab/itti/projects/checkers-competition/server/referee.jar on run_19_csankhe_vdhankar #####
Move is valid
##### SUCCESS: /usr/lib/jvm/jdk-14.0.1/bin/java -jar /lab/itti/projects/checkers-competition/server/referee.jar on run_19_csankhe_vdhankar #####
INPUT for vdhankar:
GAME
BLACK
269.457881212234
.b.b.b.b
b.b.b...
.b.b....
....b...
........
w.w.w.w.
.w.....w
w.w.w.w.
##### Running: /usr/bin/time -o time_19_csankhe_vdhankar.txt -f "%U" python3 homework.py > stulog.txt 2>&1 on vdhankar #####
child exited with value 1
##### ERROR: /usr/bin/time -o time_19_csankhe_vdhankar.txt -f "%U" python3 homework.py > stulog.txt 2>&1 on vdhankar #####
##### Output of failed program (stdout + stderr): #####
Traceback (most recent call last):
  File "homework.py", line 546, in <module>
    print(end-start)
NameError: name 'end' is not defined
##### End of output of failed program #####
##### vdhankar plays [E e5 d4] in 15.0879778862s #####
##### Running: /usr/lib/jvm/jdk-14.0.1/bin/java -jar /lab/itti/projects/checkers-competition/server/referee.jar on run_19_csankhe_vdhankar #####
Move is valid
##### SUCCESS: /usr/lib/jvm/jdk-14.0.1/bin/java -jar /lab/itti/projects/checkers-competition/server/referee.jar on run_19_csankhe_vdhankar #####
INPUT for csankhe:
GAME
WHITE
296.95
.b.b.b.b
b.b.b...
.b.b....
........
...b....
w.w.w.w.
.w.....w
w.w.w.w.
##### Running: /usr/bin/time -o time_19_csankhe_vdhankar.txt -f "%U" python3 homework.py > stulog.txt 2>&1 on csankhe #####
##### SUCCESS: /usr/bin/time -o time_19_csankhe_vdhankar.txt -f "%U" python3 homework.py > stulog.txt 2>&1 on csankhe #####
##### csankhe plays [J e3 c5] in 0.11s #####
##### Running: /usr/lib/jvm/jdk-14.0.1/bin/java -jar /lab/itti/projects/checkers-competition/server/referee.jar on run_19_csankhe_vdhankar #####
Move is valid
##### SUCCESS: /usr/lib/jvm/jdk-14.0.1/bin/java -jar /lab/itti/projects/checkers-competition/server/referee.jar on run_19_csankhe_vdhankar #####
INPUT for vdhankar:
GAME
BLACK
254.369903326035
.b.b.b.b
b.b.b...
.b.b....
..w.....
........
w.w...w.
.w.....w
w.w.w.w.
##### Running: /usr/bin/time -o time_19_csankhe_vdhankar.txt -f "%U" python3 homework.py > stulog.txt 2>&1 on vdhankar #####
child exited with value 1
##### ERROR: /usr/bin/time -o time_19_csankhe_vdhankar.txt -f "%U" python3 homework.py > stulog.txt 2>&1 on vdhankar #####
##### Output of failed program (stdout + stderr): #####
Traceback (most recent call last):
  File "homework.py", line 546, in <module>
    print(end-start)
NameError: name 'end' is not defined
##### End of output of failed program #####
##### vdhankar plays [J d6 b4 ; J b4 d2] in 3.37965798377991s #####
##### Running: /usr/lib/jvm/jdk-14.0.1/bin/java -jar /lab/itti/projects/checkers-competition/server/referee.jar on run_19_csankhe_vdhankar #####
Move is valid
##### SUCCESS: /usr/lib/jvm/jdk-14.0.1/bin/java -jar /lab/itti/projects/checkers-competition/server/referee.jar on run_19_csankhe_vdhankar #####
INPUT for csankhe:
GAME
WHITE
296.84
.b.b.b.b
b.b.b...
.b......
........
........
w.....w.
.w.b...w
w.w.w.w.
##### Running: /usr/bin/time -o time_19_csankhe_vdhankar.txt -f "%U" python3 homework.py > stulog.txt 2>&1 on csankhe #####
##### SUCCESS: /usr/bin/time -o time_19_csankhe_vdhankar.txt -f "%U" python3 homework.py > stulog.txt 2>&1 on csankhe #####
##### csankhe plays [J c1 e3] in 0.56s #####
##### Running: /usr/lib/jvm/jdk-14.0.1/bin/java -jar /lab/itti/projects/checkers-competition/server/referee.jar on run_19_csankhe_vdhankar #####
Move is valid
##### SUCCESS: /usr/lib/jvm/jdk-14.0.1/bin/java -jar /lab/itti/projects/checkers-competition/server/referee.jar on run_19_csankhe_vdhankar #####
INPUT for vdhankar:
GAME
BLACK
250.990245342255
.b.b.b.b
b.b.b...
.b......
........
........
w...w.w.
.w.....w
w...w.w.
##### Running: /usr/bin/time -o time_19_csankhe_vdhankar.txt -f "%U" python3 homework.py > stulog.txt 2>&1 on vdhankar #####
child exited with value 1
##### ERROR: /usr/bin/time -o time_19_csankhe_vdhankar.txt -f "%U" python3 homework.py > stulog.txt 2>&1 on vdhankar #####
##### Output of failed program (stdout + stderr): #####
Traceback (most recent call last):
  File "homework.py", line 546, in <module>
    print(end-start)
NameError: name 'end' is not defined
##### End of output of failed program #####
##### vdhankar plays [E e7 f6] in 34.3645238876343s #####
##### Running: /usr/lib/jvm/jdk-14.0.1/bin/java -jar /lab/itti/projects/checkers-competition/server/referee.jar on run_19_csankhe_vdhankar #####
Move is valid
##### SUCCESS: /usr/lib/jvm/jdk-14.0.1/bin/java -jar /lab/itti/projects/checkers-competition/server/referee.jar on run_19_csankhe_vdhankar #####
INPUT for csankhe:
GAME
WHITE
296.28
.b.b.b.b
b.b.....
.b...b..
........
........
w...w.w.
.w.....w
w...w.w.
##### Running: /usr/bin/time -o time_19_csankhe_vdhankar.txt -f "%U" python3 homework.py > stulog.txt 2>&1 on csankhe #####
##### SUCCESS: /usr/bin/time -o time_19_csankhe_vdhankar.txt -f "%U" python3 homework.py > stulog.txt 2>&1 on csankhe #####
##### csankhe plays [E g1 f2] in 2.29s #####
##### Running: /usr/lib/jvm/jdk-14.0.1/bin/java -jar /lab/itti/projects/checkers-competition/server/referee.jar on run_19_csankhe_vdhankar #####
Move is valid
##### SUCCESS: /usr/lib/jvm/jdk-14.0.1/bin/java -jar /lab/itti/projects/checkers-competition/server/referee.jar on run_19_csankhe_vdhankar #####
INPUT for vdhankar:
GAME
BLACK
216.62572145462
.b.b.b.b
b.b.....
.b...b..
........
........
w...w.w.
.w...w.w
w...w...
##### Running: /usr/bin/time -o time_19_csankhe_vdhankar.txt -f "%U" python3 homework.py > stulog.txt 2>&1 on vdhankar #####
child exited with value 1
##### ERROR: /usr/bin/time -o time_19_csankhe_vdhankar.txt -f "%U" python3 homework.py > stulog.txt 2>&1 on vdhankar #####
##### Output of failed program (stdout + stderr): #####
Traceback (most recent call last):
  File "homework.py", line 546, in <module>
    print(end-start)
NameError: name 'end' is not defined
##### End of output of failed program #####
##### vdhankar plays [E b6 c5] in 24.834743976593s #####
##### Running: /usr/lib/jvm/jdk-14.0.1/bin/java -jar /lab/itti/projects/checkers-competition/server/referee.jar on run_19_csankhe_vdhankar #####
Move is valid
##### SUCCESS: /usr/lib/jvm/jdk-14.0.1/bin/java -jar /lab/itti/projects/checkers-competition/server/referee.jar on run_19_csankhe_vdhankar #####
INPUT for csankhe:
GAME
WHITE
293.99
.b.b.b.b
b.b.....
.....b..
..b.....
........
w...w.w.
.w...w.w
w...w...
##### Running: /usr/bin/time -o time_19_csankhe_vdhankar.txt -f "%U" python3 homework.py > stulog.txt 2>&1 on csankhe #####
##### SUCCESS: /usr/bin/time -o time_19_csankhe_vdhankar.txt -f "%U" python3 homework.py > stulog.txt 2>&1 on csankhe #####
##### csankhe plays [E e1 d2] in 1.55s #####
##### Running: /usr/lib/jvm/jdk-14.0.1/bin/java -jar /lab/itti/projects/checkers-competition/server/referee.jar on run_19_csankhe_vdhankar #####
Move is valid
##### SUCCESS: /usr/lib/jvm/jdk-14.0.1/bin/java -jar /lab/itti/projects/checkers-competition/server/referee.jar on run_19_csankhe_vdhankar #####
INPUT for vdhankar:
GAME
BLACK
191.790977478027
.b.b.b.b
b.b.....
.....b..
..b.....
........
w...w.w.
.w.w.w.w
w.......
##### Running: /usr/bin/time -o time_19_csankhe_vdhankar.txt -f "%U" python3 homework.py > stulog.txt 2>&1 on vdhankar #####
child exited with value 1
##### ERROR: /usr/bin/time -o time_19_csankhe_vdhankar.txt -f "%U" python3 homework.py > stulog.txt 2>&1 on vdhankar #####
##### Output of failed program (stdout + stderr): #####
Traceback (most recent call last):
  File "homework.py", line 546, in <module>
    print(end-start)
NameError: name 'end' is not defined
##### End of output of failed program #####
##### vdhankar plays [E f6 g5] in 44.3096580505371s #####
##### Running: /usr/lib/jvm/jdk-14.0.1/bin/java -jar /lab/itti/projects/checkers-competition/server/referee.jar on run_19_csankhe_vdhankar #####
Move is valid
##### SUCCESS: /usr/lib/jvm/jdk-14.0.1/bin/java -jar /lab/itti/projects/checkers-competition/server/referee.jar on run_19_csankhe_vdhankar #####
INPUT for csankhe:
GAME
WHITE
292.44
.b.b.b.b
b.b.....
........
..b...b.
........
w...w.w.
.w.w.w.w
w.......
##### Running: /usr/bin/time -o time_19_csankhe_vdhankar.txt -f "%U" python3 homework.py > stulog.txt 2>&1 on csankhe #####
##### SUCCESS: /usr/bin/time -o time_19_csankhe_vdhankar.txt -f "%U" python3 homework.py > stulog.txt 2>&1 on csankhe #####
##### csankhe plays [E g3 h4] in 0.57s #####
##### Running: /usr/lib/jvm/jdk-14.0.1/bin/java -jar /lab/itti/projects/checkers-competition/server/referee.jar on run_19_csankhe_vdhankar #####
Move is valid
##### SUCCESS: /usr/lib/jvm/jdk-14.0.1/bin/java -jar /lab/itti/projects/checkers-competition/server/referee.jar on run_19_csankhe_vdhankar #####
INPUT for vdhankar:
GAME
BLACK
147.48131942749
.b.b.b.b
b.b.....
........
..b...b.
.......w
w...w...
.w.w.w.w
w.......
##### Running: /usr/bin/time -o time_19_csankhe_vdhankar.txt -f "%U" python3 homework.py > stulog.txt 2>&1 on vdhankar #####
child exited with value 1
##### ERROR: /usr/bin/time -o time_19_csankhe_vdhankar.txt -f "%U" python3 homework.py > stulog.txt 2>&1 on vdhankar #####
##### Output of failed program (stdout + stderr): #####
Traceback (most recent call last):
  File "homework.py", line 546, in <module>
    print(end-start)
NameError: name 'end' is not defined
##### End of output of failed program #####
##### vdhankar plays [E f8 e7] in 2.92284107208252s #####
##### Running: /usr/lib/jvm/jdk-14.0.1/bin/java -jar /lab/itti/projects/checkers-competition/server/referee.jar on run_19_csankhe_vdhankar #####
Move is valid
##### SUCCESS: /usr/lib/jvm/jdk-14.0.1/bin/java -jar /lab/itti/projects/checkers-competition/server/referee.jar on run_19_csankhe_vdhankar #####
INPUT for csankhe:
GAME
WHITE
291.87
.b.b...b
b.b.b...
........
..b...b.
.......w
w...w...
.w.w.w.w
w.......
##### Running: /usr/bin/time -o time_19_csankhe_vdhankar.txt -f "%U" python3 homework.py > stulog.txt 2>&1 on csankhe #####
##### SUCCESS: /usr/bin/time -o time_19_csankhe_vdhankar.txt -f "%U" python3 homework.py > stulog.txt 2>&1 on csankhe #####
##### csankhe plays [J h4 f6] in 0.07s #####
##### Running: /usr/lib/jvm/jdk-14.0.1/bin/java -jar /lab/itti/projects/checkers-competition/server/referee.jar on run_19_csankhe_vdhankar #####
Move is valid
##### SUCCESS: /usr/lib/jvm/jdk-14.0.1/bin/java -jar /lab/itti/projects/checkers-competition/server/referee.jar on run_19_csankhe_vdhankar #####
INPUT for vdhankar:
GAME
BLACK
144.558478355408
.b.b...b
b.b.b...
.....w..
..b.....
........
w...w...
.w.w.w.w
w.......
##### Running: /usr/bin/time -o time_19_csankhe_vdhankar.txt -f "%U" python3 homework.py > stulog.txt 2>&1 on vdhankar #####
child exited with value 1
##### ERROR: /usr/bin/time -o time_19_csankhe_vdhankar.txt -f "%U" python3 homework.py > stulog.txt 2>&1 on vdhankar #####
##### Output of failed program (stdout + stderr): #####
Traceback (most recent call last):
  File "homework.py", line 546, in <module>
    print(end-start)
NameError: name 'end' is not defined
##### End of output of failed program #####
##### vdhankar plays [J e7 g5] in 3.76442694664001s #####
##### Running: /usr/lib/jvm/jdk-14.0.1/bin/java -jar /lab/itti/projects/checkers-competition/server/referee.jar on run_19_csankhe_vdhankar #####
Move is valid
##### SUCCESS: /usr/lib/jvm/jdk-14.0.1/bin/java -jar /lab/itti/projects/checkers-competition/server/referee.jar on run_19_csankhe_vdhankar #####
INPUT for csankhe:
GAME
WHITE
291.8
.b.b...b
b.b.....
........
..b...b.
........
w...w...
.w.w.w.w
w.......
##### Running: /usr/bin/time -o time_19_csankhe_vdhankar.txt -f "%U" python3 homework.py > stulog.txt 2>&1 on csankhe #####
##### SUCCESS: /usr/bin/time -o time_19_csankhe_vdhankar.txt -f "%U" python3 homework.py > stulog.txt 2>&1 on csankhe #####
##### csankhe plays [E h2 g3] in 0.53s #####
##### Running: /usr/lib/jvm/jdk-14.0.1/bin/java -jar /lab/itti/projects/checkers-competition/server/referee.jar on run_19_csankhe_vdhankar #####
Move is valid
##### SUCCESS: /usr/lib/jvm/jdk-14.0.1/bin/java -jar /lab/itti/projects/checkers-competition/server/referee.jar on run_19_csankhe_vdhankar #####
INPUT for vdhankar:
GAME
BLACK
140.794051408768
.b.b...b
b.b.....
........
..b...b.
........
w...w.w.
.w.w.w..
w.......
##### Running: /usr/bin/time -o time_19_csankhe_vdhankar.txt -f "%U" python3 homework.py > stulog.txt 2>&1 on vdhankar #####
child exited with value 1
##### ERROR: /usr/bin/time -o time_19_csankhe_vdhankar.txt -f "%U" python3 homework.py > stulog.txt 2>&1 on vdhankar #####
##### Output of failed program (stdout + stderr): #####
Traceback (most recent call last):
  File "homework.py", line 546, in <module>
    print(end-start)
NameError: name 'end' is not defined
##### End of output of failed program #####
##### vdhankar plays [E g5 h4] in 9.58057594299316s #####
##### Running: /usr/lib/jvm/jdk-14.0.1/bin/java -jar /lab/itti/projects/checkers-competition/server/referee.jar on run_19_csankhe_vdhankar #####
Move is valid
##### SUCCESS: /usr/lib/jvm/jdk-14.0.1/bin/java -jar /lab/itti/projects/checkers-competition/server/referee.jar on run_19_csankhe_vdhankar #####
INPUT for csankhe:
GAME
WHITE
291.27
.b.b...b
b.b.....
........
..b.....
.......b
w...w.w.
.w.w.w..
w.......
##### Running: /usr/bin/time -o time_19_csankhe_vdhankar.txt -f "%U" python3 homework.py > stulog.txt 2>&1 on csankhe #####
##### SUCCESS: /usr/bin/time -o time_19_csankhe_vdhankar.txt -f "%U" python3 homework.py > stulog.txt 2>&1 on csankhe #####
##### csankhe plays [E d2 c3] in 0.43s #####
##### Running: /usr/lib/jvm/jdk-14.0.1/bin/java -jar /lab/itti/projects/checkers-competition/server/referee.jar on run_19_csankhe_vdhankar #####
Move is valid
##### SUCCESS: /usr/lib/jvm/jdk-14.0.1/bin/java -jar /lab/itti/projects/checkers-competition/server/referee.jar on run_19_csankhe_vdhankar #####
INPUT for vdhankar:
GAME
BLACK
131.213475465775
.b.b...b
b.b.....
........
..b.....
.......b
w.w.w.w.
.w...w..
w.......
##### Running: /usr/bin/time -o time_19_csankhe_vdhankar.txt -f "%U" python3 homework.py > stulog.txt 2>&1 on vdhankar #####
child exited with value 1
##### ERROR: /usr/bin/time -o time_19_csankhe_vdhankar.txt -f "%U" python3 homework.py > stulog.txt 2>&1 on vdhankar #####
##### Output of failed program (stdout + stderr): #####
Traceback (most recent call last):
  File "homework.py", line 546, in <module>
    print(end-start)
NameError: name 'end' is not defined
##### End of output of failed program #####
##### vdhankar plays [E c7 b6] in 6.65077900886536s #####
##### Running: /usr/lib/jvm/jdk-14.0.1/bin/java -jar /lab/itti/projects/checkers-competition/server/referee.jar on run_19_csankhe_vdhankar #####
Move is valid
##### SUCCESS: /usr/lib/jvm/jdk-14.0.1/bin/java -jar /lab/itti/projects/checkers-competition/server/referee.jar on run_19_csankhe_vdhankar #####
INPUT for csankhe:
GAME
WHITE
290.84
.b.b...b
b.......
.b......
..b.....
.......b
w.w.w.w.
.w...w..
w.......
##### Running: /usr/bin/time -o time_19_csankhe_vdhankar.txt -f "%U" python3 homework.py > stulog.txt 2>&1 on csankhe #####
##### SUCCESS: /usr/bin/time -o time_19_csankhe_vdhankar.txt -f "%U" python3 homework.py > stulog.txt 2>&1 on csankhe #####
##### csankhe plays [E e3 f4] in 0.25s #####
##### Running: /usr/lib/jvm/jdk-14.0.1/bin/java -jar /lab/itti/projects/checkers-competition/server/referee.jar on run_19_csankhe_vdhankar #####
Move is valid
##### SUCCESS: /usr/lib/jvm/jdk-14.0.1/bin/java -jar /lab/itti/projects/checkers-competition/server/referee.jar on run_19_csankhe_vdhankar #####
INPUT for vdhankar:
GAME
BLACK
124.562696456909
.b.b...b
b.......
.b......
..b.....
.....w.b
w.w...w.
.w...w..
w.......
##### Running: /usr/bin/time -o time_19_csankhe_vdhankar.txt -f "%U" python3 homework.py > stulog.txt 2>&1 on vdhankar #####
child exited with value 1
##### ERROR: /usr/bin/time -o time_19_csankhe_vdhankar.txt -f "%U" python3 homework.py > stulog.txt 2>&1 on vdhankar #####
##### Output of failed program (stdout + stderr): #####
Traceback (most recent call last):
  File "homework.py", line 546, in <module>
    print(end-start)
NameError: name 'end' is not defined
##### End of output of failed program #####
##### vdhankar plays [E b6 a5] in 2.89613485336304s #####
##### Running: /usr/lib/jvm/jdk-14.0.1/bin/java -jar /lab/itti/projects/checkers-competition/server/referee.jar on run_19_csankhe_vdhankar #####
Move is valid
##### SUCCESS: /usr/lib/jvm/jdk-14.0.1/bin/java -jar /lab/itti/projects/checkers-competition/server/referee.jar on run_19_csankhe_vdhankar #####
INPUT for csankhe:
GAME
WHITE
290.59
.b.b...b
b.......
........
b.b.....
.....w.b
w.w...w.
.w...w..
w.......
##### Running: /usr/bin/time -o time_19_csankhe_vdhankar.txt -f "%U" python3 homework.py > stulog.txt 2>&1 on csankhe #####
##### SUCCESS: /usr/bin/time -o time_19_csankhe_vdhankar.txt -f "%U" python3 homework.py > stulog.txt 2>&1 on csankhe #####
##### csankhe plays [E f4 g5] in 0.38s #####
##### Running: /usr/lib/jvm/jdk-14.0.1/bin/java -jar /lab/itti/projects/checkers-competition/server/referee.jar on run_19_csankhe_vdhankar #####
Move is valid
##### SUCCESS: /usr/lib/jvm/jdk-14.0.1/bin/java -jar /lab/itti/projects/checkers-competition/server/referee.jar on run_19_csankhe_vdhankar #####
INPUT for vdhankar:
GAME
BLACK
121.666561603546
.b.b...b
b.......
........
b.b...w.
.......b
w.w...w.
.w...w..
w.......
##### Running: /usr/bin/time -o time_19_csankhe_vdhankar.txt -f "%U" python3 homework.py > stulog.txt 2>&1 on vdhankar #####
child exited with value 1
##### ERROR: /usr/bin/time -o time_19_csankhe_vdhankar.txt -f "%U" python3 homework.py > stulog.txt 2>&1 on vdhankar #####
##### Output of failed program (stdout + stderr): #####
Traceback (most recent call last):
  File "homework.py", line 546, in <module>
    print(end-start)
NameError: name 'end' is not defined
##### End of output of failed program #####
##### vdhankar plays [E a7 b6] in 3.71128416061401s #####
##### Running: /usr/lib/jvm/jdk-14.0.1/bin/java -jar /lab/itti/projects/checkers-competition/server/referee.jar on run_19_csankhe_vdhankar #####
Move is valid
##### SUCCESS: /usr/lib/jvm/jdk-14.0.1/bin/java -jar /lab/itti/projects/checkers-competition/server/referee.jar on run_19_csankhe_vdhankar #####
INPUT for csankhe:
GAME
WHITE
290.21
.b.b...b
........
.b......
b.b...w.
.......b
w.w...w.
.w...w..
w.......
##### Running: /usr/bin/time -o time_19_csankhe_vdhankar.txt -f "%U" python3 homework.py > stulog.txt 2>&1 on csankhe #####
##### SUCCESS: /usr/bin/time -o time_19_csankhe_vdhankar.txt -f "%U" python3 homework.py > stulog.txt 2>&1 on csankhe #####
##### csankhe plays [E g3 f4] in 0.32s #####
##### Running: /usr/lib/jvm/jdk-14.0.1/bin/java -jar /lab/itti/projects/checkers-competition/server/referee.jar on run_19_csankhe_vdhankar #####
Move is valid
##### SUCCESS: /usr/lib/jvm/jdk-14.0.1/bin/java -jar /lab/itti/projects/checkers-competition/server/referee.jar on run_19_csankhe_vdhankar #####
INPUT for vdhankar:
GAME
BLACK
117.955277442932
.b.b...b
........
.b......
b.b...w.
.....w.b
w.w.....
.w...w..
w.......
##### Running: /usr/bin/time -o time_19_csankhe_vdhankar.txt -f "%U" python3 homework.py > stulog.txt 2>&1 on vdhankar #####
child exited with value 1
##### ERROR: /usr/bin/time -o time_19_csankhe_vdhankar.txt -f "%U" python3 homework.py > stulog.txt 2>&1 on vdhankar #####
##### Output of failed program (stdout + stderr): #####
Traceback (most recent call last):
  File "homework.py", line 546, in <module>
    print(end-start)
NameError: name 'end' is not defined
##### End of output of failed program #####
##### vdhankar plays [E d8 e7] in 3.35982608795166s #####
##### Running: /usr/lib/jvm/jdk-14.0.1/bin/java -jar /lab/itti/projects/checkers-competition/server/referee.jar on run_19_csankhe_vdhankar #####
Move is valid
##### SUCCESS: /usr/lib/jvm/jdk-14.0.1/bin/java -jar /lab/itti/projects/checkers-competition/server/referee.jar on run_19_csankhe_vdhankar #####
INPUT for csankhe:
GAME
WHITE
289.89
.b.....b
....b...
.b......
b.b...w.
.....w.b
w.w.....
.w...w..
w.......
##### Running: /usr/bin/time -o time_19_csankhe_vdhankar.txt -f "%U" python3 homework.py > stulog.txt 2>&1 on csankhe #####
##### SUCCESS: /usr/bin/time -o time_19_csankhe_vdhankar.txt -f "%U" python3 homework.py > stulog.txt 2>&1 on csankhe #####
##### csankhe plays [E f2 e3] in 0.3s #####
##### Running: /usr/lib/jvm/jdk-14.0.1/bin/java -jar /lab/itti/projects/checkers-competition/server/referee.jar on run_19_csankhe_vdhankar #####
Move is valid
##### SUCCESS: /usr/lib/jvm/jdk-14.0.1/bin/java -jar /lab/itti/projects/checkers-competition/server/referee.jar on run_19_csankhe_vdhankar #####
INPUT for vdhankar:
GAME
BLACK
114.59545135498
.b.....b
....b...
.b......
b.b...w.
.....w.b
w.w.w...
.w......
w.......
##### Running: /usr/bin/time -o time_19_csankhe_vdhankar.txt -f "%U" python3 homework.py > stulog.txt 2>&1 on vdhankar #####
child exited with value 1
##### ERROR: /usr/bin/time -o time_19_csankhe_vdhankar.txt -f "%U" python3 homework.py > stulog.txt 2>&1 on vdhankar #####
##### Output of failed program (stdout + stderr): #####
Traceback (most recent call last):
  File "homework.py", line 546, in <module>
    print(end-start)
NameError: name 'end' is not defined
##### End of output of failed program #####
##### vdhankar plays [E h4 g3] in 4.37647104263306s #####
##### Running: /usr/lib/jvm/jdk-14.0.1/bin/java -jar /lab/itti/projects/checkers-competition/server/referee.jar on run_19_csankhe_vdhankar #####
Move is valid
##### SUCCESS: /usr/lib/jvm/jdk-14.0.1/bin/java -jar /lab/itti/projects/checkers-competition/server/referee.jar on run_19_csankhe_vdhankar #####
INPUT for csankhe:
GAME
WHITE
289.59
.b.....b
....b...
.b......
b.b...w.
.....w..
w.w.w.b.
.w......
w.......
##### Running: /usr/bin/time -o time_19_csankhe_vdhankar.txt -f "%U" python3 homework.py > stulog.txt 2>&1 on csankhe #####
##### SUCCESS: /usr/bin/time -o time_19_csankhe_vdhankar.txt -f "%U" python3 homework.py > stulog.txt 2>&1 on csankhe #####
##### csankhe plays [E c3 b4] in 0.33s #####
##### Running: /usr/lib/jvm/jdk-14.0.1/bin/java -jar /lab/itti/projects/checkers-competition/server/referee.jar on run_19_csankhe_vdhankar #####
Move is valid
##### SUCCESS: /usr/lib/jvm/jdk-14.0.1/bin/java -jar /lab/itti/projects/checkers-competition/server/referee.jar on run_19_csankhe_vdhankar #####
INPUT for vdhankar:
GAME
BLACK
110.218980312347
.b.....b
....b...
.b......
b.b...w.
.w...w..
w...w.b.
.w......
w.......
##### Running: /usr/bin/time -o time_19_csankhe_vdhankar.txt -f "%U" python3 homework.py > stulog.txt 2>&1 on vdhankar #####
child exited with value 1
##### ERROR: /usr/bin/time -o time_19_csankhe_vdhankar.txt -f "%U" python3 homework.py > stulog.txt 2>&1 on vdhankar #####
##### Output of failed program (stdout + stderr): #####
Traceback (most recent call last):
  File "homework.py", line 546, in <module>
    print(end-start)
NameError: name 'end' is not defined
##### End of output of failed program #####
##### vdhankar plays [J a5 c3] in 0.857867002487183s #####
##### Running: /usr/lib/jvm/jdk-14.0.1/bin/java -jar /lab/itti/projects/checkers-competition/server/referee.jar on run_19_csankhe_vdhankar #####
Move is valid
##### SUCCESS: /usr/lib/jvm/jdk-14.0.1/bin/java -jar /lab/itti/projects/checkers-competition/server/referee.jar on run_19_csankhe_vdhankar #####
INPUT for csankhe:
GAME
WHITE
289.26
.b.....b
....b...
.b......
..b...w.
.....w..
w.b.w.b.
.w......
w.......
##### Running: /usr/bin/time -o time_19_csankhe_vdhankar.txt -f "%U" python3 homework.py > stulog.txt 2>&1 on csankhe #####
##### SUCCESS: /usr/bin/time -o time_19_csankhe_vdhankar.txt -f "%U" python3 homework.py > stulog.txt 2>&1 on csankhe #####
##### csankhe plays [J b2 d4] in 0.22s #####
##### Running: /usr/lib/jvm/jdk-14.0.1/bin/java -jar /lab/itti/projects/checkers-competition/server/referee.jar on run_19_csankhe_vdhankar #####
Move is valid
##### SUCCESS: /usr/lib/jvm/jdk-14.0.1/bin/java -jar /lab/itti/projects/checkers-competition/server/referee.jar on run_19_csankhe_vdhankar #####
INPUT for vdhankar:
GAME
BLACK
109.36111330986
.b.....b
....b...
.b......
..b...w.
...w.w..
w...w.b.
........
w.......
##### Running: /usr/bin/time -o time_19_csankhe_vdhankar.txt -f "%U" python3 homework.py > stulog.txt 2>&1 on vdhankar #####
child exited with value 1
##### ERROR: /usr/bin/time -o time_19_csankhe_vdhankar.txt -f "%U" python3 homework.py > stulog.txt 2>&1 on vdhankar #####
##### Output of failed program (stdout + stderr): #####
Traceback (most recent call last):
  File "homework.py", line 546, in <module>
    print(end-start)
NameError: name 'end' is not defined
##### End of output of failed program #####
##### vdhankar plays [E g3 f2] in 4.95314693450928s #####
##### Running: /usr/lib/jvm/jdk-14.0.1/bin/java -jar /lab/itti/projects/checkers-competition/server/referee.jar on run_19_csankhe_vdhankar #####
Move is valid
##### SUCCESS: /usr/lib/jvm/jdk-14.0.1/bin/java -jar /lab/itti/projects/checkers-competition/server/referee.jar on run_19_csankhe_vdhankar #####
INPUT for csankhe:
GAME
WHITE
289.04
.b.....b
....b...
.b......
..b...w.
...w.w..
w...w...
.....b..
w.......
##### Running: /usr/bin/time -o time_19_csankhe_vdhankar.txt -f "%U" python3 homework.py > stulog.txt 2>&1 on csankhe #####
##### SUCCESS: /usr/bin/time -o time_19_csankhe_vdhankar.txt -f "%U" python3 homework.py > stulog.txt 2>&1 on csankhe #####
##### csankhe plays [E a1 b2] in 0.29s #####
##### Running: /usr/lib/jvm/jdk-14.0.1/bin/java -jar /lab/itti/projects/checkers-competition/server/referee.jar on run_19_csankhe_vdhankar #####
Move is valid
##### SUCCESS: /usr/lib/jvm/jdk-14.0.1/bin/java -jar /lab/itti/projects/checkers-competition/server/referee.jar on run_19_csankhe_vdhankar #####
INPUT for vdhankar:
GAME
BLACK
104.407966375351
.b.....b
....b...
.b......
..b...w.
...w.w..
w...w...
.w...b..
........
##### Running: /usr/bin/time -o time_19_csankhe_vdhankar.txt -f "%U" python3 homework.py > stulog.txt 2>&1 on vdhankar #####
child exited with value 1
##### ERROR: /usr/bin/time -o time_19_csankhe_vdhankar.txt -f "%U" python3 homework.py > stulog.txt 2>&1 on vdhankar #####
##### Output of failed program (stdout + stderr): #####
Traceback (most recent call last):
  File "homework.py", line 546, in <module>
    print(end-start)
NameError: name 'end' is not defined
##### End of output of failed program #####
##### vdhankar plays [E f2 e1] in 5.27242994308472s #####
##### Running: /usr/lib/jvm/jdk-14.0.1/bin/java -jar /lab/itti/projects/checkers-competition/server/referee.jar on run_19_csankhe_vdhankar #####
Move is valid
##### SUCCESS: /usr/lib/jvm/jdk-14.0.1/bin/java -jar /lab/itti/projects/checkers-competition/server/referee.jar on run_19_csankhe_vdhankar #####
INPUT for csankhe:
GAME
WHITE
288.75
.b.....b
....b...
.b......
..b...w.
...w.w..
w...w...
.w......
....B...
##### Running: /usr/bin/time -o time_19_csankhe_vdhankar.txt -f "%U" python3 homework.py > stulog.txt 2>&1 on csankhe #####
##### SUCCESS: /usr/bin/time -o time_19_csankhe_vdhankar.txt -f "%U" python3 homework.py > stulog.txt 2>&1 on csankhe #####
##### csankhe plays [E b2 c3] in 0.2s #####
##### Running: /usr/lib/jvm/jdk-14.0.1/bin/java -jar /lab/itti/projects/checkers-competition/server/referee.jar on run_19_csankhe_vdhankar #####
Move is valid
##### SUCCESS: /usr/lib/jvm/jdk-14.0.1/bin/java -jar /lab/itti/projects/checkers-competition/server/referee.jar on run_19_csankhe_vdhankar #####
INPUT for vdhankar:
GAME
BLACK
99.1355364322662
.b.....b
....b...
.b......
..b...w.
...w.w..
w.w.w...
........
....B...
##### Running: /usr/bin/time -o time_19_csankhe_vdhankar.txt -f "%U" python3 homework.py > stulog.txt 2>&1 on vdhankar #####
child exited with value 1
##### ERROR: /usr/bin/time -o time_19_csankhe_vdhankar.txt -f "%U" python3 homework.py > stulog.txt 2>&1 on vdhankar #####
##### Output of failed program (stdout + stderr): #####
Traceback (most recent call last):
  File "homework.py", line 546, in <module>
    print(end-start)
NameError: name 'end' is not defined
##### End of output of failed program #####
##### vdhankar plays [E e1 f2] in 4.21080613136292s #####
##### Running: /usr/lib/jvm/jdk-14.0.1/bin/java -jar /lab/itti/projects/checkers-competition/server/referee.jar on run_19_csankhe_vdhankar #####
Move is valid
##### SUCCESS: /usr/lib/jvm/jdk-14.0.1/bin/java -jar /lab/itti/projects/checkers-competition/server/referee.jar on run_19_csankhe_vdhankar #####
INPUT for csankhe:
GAME
WHITE
288.55
.b.....b
....b...
.b......
..b...w.
...w.w..
w.w.w...
.....B..
........
##### Running: /usr/bin/time -o time_19_csankhe_vdhankar.txt -f "%U" python3 homework.py > stulog.txt 2>&1 on csankhe #####
##### SUCCESS: /usr/bin/time -o time_19_csankhe_vdhankar.txt -f "%U" python3 homework.py > stulog.txt 2>&1 on csankhe #####
##### csankhe plays [E c3 b4] in 0.27s #####
##### Running: /usr/lib/jvm/jdk-14.0.1/bin/java -jar /lab/itti/projects/checkers-competition/server/referee.jar on run_19_csankhe_vdhankar #####
Move is valid
##### SUCCESS: /usr/lib/jvm/jdk-14.0.1/bin/java -jar /lab/itti/projects/checkers-competition/server/referee.jar on run_19_csankhe_vdhankar #####
INPUT for vdhankar:
GAME
BLACK
94.9247303009033
.b.....b
....b...
.b......
..b...w.
.w.w.w..
w...w...
.....B..
........
##### Running: /usr/bin/time -o time_19_csankhe_vdhankar.txt -f "%U" python3 homework.py > stulog.txt 2>&1 on vdhankar #####
child exited with value 1
##### ERROR: /usr/bin/time -o time_19_csankhe_vdhankar.txt -f "%U" python3 homework.py > stulog.txt 2>&1 on vdhankar #####
##### Output of failed program (stdout + stderr): #####
Traceback (most recent call last):
  File "homework.py", line 546, in <module>
    print(end-start)
NameError: name 'end' is not defined
##### End of output of failed program #####
##### vdhankar plays [E e7 d6] in 1.50350213050842s #####
##### Running: /usr/lib/jvm/jdk-14.0.1/bin/java -jar /lab/itti/projects/checkers-competition/server/referee.jar on run_19_csankhe_vdhankar #####
Move is valid
##### SUCCESS: /usr/lib/jvm/jdk-14.0.1/bin/java -jar /lab/itti/projects/checkers-competition/server/referee.jar on run_19_csankhe_vdhankar #####
INPUT for csankhe:
GAME
WHITE
288.28
.b.....b
........
.b.b....
..b...w.
.w.w.w..
w...w...
.....B..
........
##### Running: /usr/bin/time -o time_19_csankhe_vdhankar.txt -f "%U" python3 homework.py > stulog.txt 2>&1 on csankhe #####
##### SUCCESS: /usr/bin/time -o time_19_csankhe_vdhankar.txt -f "%U" python3 homework.py > stulog.txt 2>&1 on csankhe #####
##### csankhe plays [E g5 h6] in 0.25s #####
##### Running: /usr/lib/jvm/jdk-14.0.1/bin/java -jar /lab/itti/projects/checkers-competition/server/referee.jar on run_19_csankhe_vdhankar #####
Move is valid
##### SUCCESS: /usr/lib/jvm/jdk-14.0.1/bin/java -jar /lab/itti/projects/checkers-competition/server/referee.jar on run_19_csankhe_vdhankar #####
INPUT for vdhankar:
GAME
BLACK
93.4212281703949
.b.....b
........
.b.b...w
..b.....
.w.w.w..
w...w...
.....B..
........
##### Running: /usr/bin/time -o time_19_csankhe_vdhankar.txt -f "%U" python3 homework.py > stulog.txt 2>&1 on vdhankar #####
child exited with value 1
##### ERROR: /usr/bin/time -o time_19_csankhe_vdhankar.txt -f "%U" python3 homework.py > stulog.txt 2>&1 on vdhankar #####
##### Output of failed program (stdout + stderr): #####
Traceback (most recent call last):
  File "homework.py", line 546, in <module>
    print(end-start)
NameError: name 'end' is not defined
##### End of output of failed program #####
##### vdhankar plays [E f2 g3] in 0.949390888214111s #####
##### Running: /usr/lib/jvm/jdk-14.0.1/bin/java -jar /lab/itti/projects/checkers-competition/server/referee.jar on run_19_csankhe_vdhankar #####
Move is valid
##### SUCCESS: /usr/lib/jvm/jdk-14.0.1/bin/java -jar /lab/itti/projects/checkers-competition/server/referee.jar on run_19_csankhe_vdhankar #####
INPUT for csankhe:
GAME
WHITE
288.03
.b.....b
........
.b.b...w
..b.....
.w.w.w..
w...w.B.
........
........
##### Running: /usr/bin/time -o time_19_csankhe_vdhankar.txt -f "%U" python3 homework.py > stulog.txt 2>&1 on csankhe #####
##### SUCCESS: /usr/bin/time -o time_19_csankhe_vdhankar.txt -f "%U" python3 homework.py > stulog.txt 2>&1 on csankhe #####
##### csankhe plays [E f4 g5] in 0.21s #####
##### Running: /usr/lib/jvm/jdk-14.0.1/bin/java -jar /lab/itti/projects/checkers-competition/server/referee.jar on run_19_csankhe_vdhankar #####
Move is valid
##### SUCCESS: /usr/lib/jvm/jdk-14.0.1/bin/java -jar /lab/itti/projects/checkers-competition/server/referee.jar on run_19_csankhe_vdhankar #####
INPUT for vdhankar:
GAME
BLACK
92.4718372821808
.b.....b
........
.b.b...w
..b...w.
.w.w....
w...w.B.
........
........
##### Running: /usr/bin/time -o time_19_csankhe_vdhankar.txt -f "%U" python3 homework.py > stulog.txt 2>&1 on vdhankar #####
child exited with value 1
##### ERROR: /usr/bin/time -o time_19_csankhe_vdhankar.txt -f "%U" python3 homework.py > stulog.txt 2>&1 on vdhankar #####
##### Output of failed program (stdout + stderr): #####
Traceback (most recent call last):
  File "homework.py", line 546, in <module>
    print(end-start)
NameError: name 'end' is not defined
##### End of output of failed program #####
##### vdhankar plays [E g3 f2] in 1.33906197547913s #####
##### Running: /usr/lib/jvm/jdk-14.0.1/bin/java -jar /lab/itti/projects/checkers-competition/server/referee.jar on run_19_csankhe_vdhankar #####
Move is valid
##### SUCCESS: /usr/lib/jvm/jdk-14.0.1/bin/java -jar /lab/itti/projects/checkers-competition/server/referee.jar on run_19_csankhe_vdhankar #####
INPUT for csankhe:
GAME
WHITE
287.82
.b.....b
........
.b.b...w
..b...w.
.w.w....
w...w...
.....B..
........
##### Running: /usr/bin/time -o time_19_csankhe_vdhankar.txt -f "%U" python3 homework.py > stulog.txt 2>&1 on csankhe #####
##### SUCCESS: /usr/bin/time -o time_19_csankhe_vdhankar.txt -f "%U" python3 homework.py > stulog.txt 2>&1 on csankhe #####
##### csankhe plays [E b4 a5] in 0.23s #####
##### Running: /usr/lib/jvm/jdk-14.0.1/bin/java -jar /lab/itti/projects/checkers-competition/server/referee.jar on run_19_csankhe_vdhankar #####
Move is valid
##### SUCCESS: /usr/lib/jvm/jdk-14.0.1/bin/java -jar /lab/itti/projects/checkers-competition/server/referee.jar on run_19_csankhe_vdhankar #####
INPUT for vdhankar:
GAME
BLACK
91.1327753067017
.b.....b
........
.b.b...w
w.b...w.
...w....
w...w...
.....B..
........
##### Running: /usr/bin/time -o time_19_csankhe_vdhankar.txt -f "%U" python3 homework.py > stulog.txt 2>&1 on vdhankar #####
child exited with value 1
##### ERROR: /usr/bin/time -o time_19_csankhe_vdhankar.txt -f "%U" python3 homework.py > stulog.txt 2>&1 on vdhankar #####
##### Output of failed program (stdout + stderr): #####
Traceback (most recent call last):
  File "homework.py", line 546, in <module>
    print(end-start)
NameError: name 'end' is not defined
##### End of output of failed program #####
##### vdhankar plays [E b8 c7] in 0.772032022476196s #####
##### Running: /usr/lib/jvm/jdk-14.0.1/bin/java -jar /lab/itti/projects/checkers-competition/server/referee.jar on run_19_csankhe_vdhankar #####
Move is valid
##### SUCCESS: /usr/lib/jvm/jdk-14.0.1/bin/java -jar /lab/itti/projects/checkers-competition/server/referee.jar on run_19_csankhe_vdhankar #####
INPUT for csankhe:
GAME
WHITE
287.59
.......b
..b.....
.b.b...w
w.b...w.
...w....
w...w...
.....B..
........
##### Running: /usr/bin/time -o time_19_csankhe_vdhankar.txt -f "%U" python3 homework.py > stulog.txt 2>&1 on csankhe #####
##### SUCCESS: /usr/bin/time -o time_19_csankhe_vdhankar.txt -f "%U" python3 homework.py > stulog.txt 2>&1 on csankhe #####
##### csankhe plays [E g5 f6] in 0.11s #####
##### Running: /usr/lib/jvm/jdk-14.0.1/bin/java -jar /lab/itti/projects/checkers-competition/server/referee.jar on run_19_csankhe_vdhankar #####
Move is valid
##### SUCCESS: /usr/lib/jvm/jdk-14.0.1/bin/java -jar /lab/itti/projects/checkers-competition/server/referee.jar on run_19_csankhe_vdhankar #####
INPUT for vdhankar:
GAME
BLACK
90.3607432842255
.......b
..b.....
.b.b.w.w
w.b.....
...w....
w...w...
.....B..
........
##### Running: /usr/bin/time -o time_19_csankhe_vdhankar.txt -f "%U" python3 homework.py > stulog.txt 2>&1 on vdhankar #####
child exited with value 1
##### ERROR: /usr/bin/time -o time_19_csankhe_vdhankar.txt -f "%U" python3 homework.py > stulog.txt 2>&1 on vdhankar #####
##### Output of failed program (stdout + stderr): #####
Traceback (most recent call last):
  File "homework.py", line 546, in <module>
    print(end-start)
NameError: name 'end' is not defined
##### End of output of failed program #####
##### vdhankar plays [E d6 e5] in 0.90864896774292s #####
##### Running: /usr/lib/jvm/jdk-14.0.1/bin/java -jar /lab/itti/projects/checkers-competition/server/referee.jar on run_19_csankhe_vdhankar #####
Move is valid
##### SUCCESS: /usr/lib/jvm/jdk-14.0.1/bin/java -jar /lab/itti/projects/checkers-competition/server/referee.jar on run_19_csankhe_vdhankar #####
INPUT for csankhe:
GAME
WHITE
287.48
.......b
..b.....
.b...w.w
w.b.b...
...w....
w...w...
.....B..
........
##### Running: /usr/bin/time -o time_19_csankhe_vdhankar.txt -f "%U" python3 homework.py > stulog.txt 2>&1 on csankhe #####
##### SUCCESS: /usr/bin/time -o time_19_csankhe_vdhankar.txt -f "%U" python3 homework.py > stulog.txt 2>&1 on csankhe #####
##### csankhe plays [E e3 f4] in 0.12s #####
##### Running: /usr/lib/jvm/jdk-14.0.1/bin/java -jar /lab/itti/projects/checkers-competition/server/referee.jar on run_19_csankhe_vdhankar #####
Move is valid
##### SUCCESS: /usr/lib/jvm/jdk-14.0.1/bin/java -jar /lab/itti/projects/checkers-competition/server/referee.jar on run_19_csankhe_vdhankar #####
INPUT for vdhankar:
GAME
BLACK
89.4520943164825
.......b
..b.....
.b...w.w
w.b.b...
...w.w..
w.......
.....B..
........
##### Running: /usr/bin/time -o time_19_csankhe_vdhankar.txt -f "%U" python3 homework.py > stulog.txt 2>&1 on vdhankar #####
child exited with value 1
##### ERROR: /usr/bin/time -o time_19_csankhe_vdhankar.txt -f "%U" python3 homework.py > stulog.txt 2>&1 on vdhankar #####
##### Output of failed program (stdout + stderr): #####
Traceback (most recent call last):
  File "homework.py", line 546, in <module>
    print(end-start)
NameError: name 'end' is not defined
##### End of output of failed program #####
##### vdhankar plays [J e5 g3] in 3.21677398681641s #####
##### Running: /usr/lib/jvm/jdk-14.0.1/bin/java -jar /lab/itti/projects/checkers-competition/server/referee.jar on run_19_csankhe_vdhankar #####
Move is valid
##### SUCCESS: /usr/lib/jvm/jdk-14.0.1/bin/java -jar /lab/itti/projects/checkers-competition/server/referee.jar on run_19_csankhe_vdhankar #####
INPUT for csankhe:
GAME
WHITE
287.36
.......b
..b.....
.b...w.w
w.b.....
...w....
w.....b.
.....B..
........
##### Running: /usr/bin/time -o time_19_csankhe_vdhankar.txt -f "%U" python3 homework.py > stulog.txt 2>&1 on csankhe #####
##### SUCCESS: /usr/bin/time -o time_19_csankhe_vdhankar.txt -f "%U" python3 homework.py > stulog.txt 2>&1 on csankhe #####
##### csankhe plays [E d4 e5] in 0.19s #####
##### Running: /usr/lib/jvm/jdk-14.0.1/bin/java -jar /lab/itti/projects/checkers-competition/server/referee.jar on run_19_csankhe_vdhankar #####
Move is valid
##### SUCCESS: /usr/lib/jvm/jdk-14.0.1/bin/java -jar /lab/itti/projects/checkers-competition/server/referee.jar on run_19_csankhe_vdhankar #####
INPUT for vdhankar:
GAME
BLACK
86.2353203296661
.......b
..b.....
.b...w.w
w.b.w...
........
w.....b.
.....B..
........
##### Running: /usr/bin/time -o time_19_csankhe_vdhankar.txt -f "%U" python3 homework.py > stulog.txt 2>&1 on vdhankar #####
child exited with value 1
##### ERROR: /usr/bin/time -o time_19_csankhe_vdhankar.txt -f "%U" python3 homework.py > stulog.txt 2>&1 on vdhankar #####
##### Output of failed program (stdout + stderr): #####
Traceback (most recent call last):
  File "homework.py", line 546, in <module>
    print(end-start)
NameError: name 'end' is not defined
##### End of output of failed program #####
##### vdhankar plays [E f2 e3] in 4.48483300209045s #####
##### Running: /usr/lib/jvm/jdk-14.0.1/bin/java -jar /lab/itti/projects/checkers-competition/server/referee.jar on run_19_csankhe_vdhankar #####
Move is valid
##### SUCCESS: /usr/lib/jvm/jdk-14.0.1/bin/java -jar /lab/itti/projects/checkers-competition/server/referee.jar on run_19_csankhe_vdhankar #####
INPUT for csankhe:
GAME
WHITE
287.17
.......b
..b.....
.b...w.w
w.b.w...
........
w...B.b.
........
........
##### Running: /usr/bin/time -o time_19_csankhe_vdhankar.txt -f "%U" python3 homework.py > stulog.txt 2>&1 on csankhe #####
##### SUCCESS: /usr/bin/time -o time_19_csankhe_vdhankar.txt -f "%U" python3 homework.py > stulog.txt 2>&1 on csankhe #####
##### csankhe plays [E e5 d6] in 0.35s #####
##### Running: /usr/lib/jvm/jdk-14.0.1/bin/java -jar /lab/itti/projects/checkers-competition/server/referee.jar on run_19_csankhe_vdhankar #####
Move is valid
##### SUCCESS: /usr/lib/jvm/jdk-14.0.1/bin/java -jar /lab/itti/projects/checkers-competition/server/referee.jar on run_19_csankhe_vdhankar #####
INPUT for vdhankar:
GAME
BLACK
81.7504873275757
.......b
..b.....
.b.w.w.w
w.b.....
........
w...B.b.
........
........
##### Running: /usr/bin/time -o time_19_csankhe_vdhankar.txt -f "%U" python3 homework.py > stulog.txt 2>&1 on vdhankar #####
child exited with value 1
##### ERROR: /usr/bin/time -o time_19_csankhe_vdhankar.txt -f "%U" python3 homework.py > stulog.txt 2>&1 on vdhankar #####
##### Output of failed program (stdout + stderr): #####
Traceback (most recent call last):
  File "homework.py", line 546, in <module>
    print(end-start)
NameError: name 'end' is not defined
##### End of output of failed program #####
##### vdhankar plays [J c7 e5] in 1.03495287895203s #####
##### Running: /usr/lib/jvm/jdk-14.0.1/bin/java -jar /lab/itti/projects/checkers-competition/server/referee.jar on run_19_csankhe_vdhankar #####
Move is valid
##### SUCCESS: /usr/lib/jvm/jdk-14.0.1/bin/java -jar /lab/itti/projects/checkers-competition/server/referee.jar on run_19_csankhe_vdhankar #####
INPUT for csankhe:
GAME
WHITE
286.82
.......b
........
.b...w.w
w.b.b...
........
w...B.b.
........
........
##### Running: /usr/bin/time -o time_19_csankhe_vdhankar.txt -f "%U" python3 homework.py > stulog.txt 2>&1 on csankhe #####
##### SUCCESS: /usr/bin/time -o time_19_csankhe_vdhankar.txt -f "%U" python3 homework.py > stulog.txt 2>&1 on csankhe #####
##### csankhe plays [J a5 c7] in 0.45s #####
##### Running: /usr/lib/jvm/jdk-14.0.1/bin/java -jar /lab/itti/projects/checkers-competition/server/referee.jar on run_19_csankhe_vdhankar #####
Move is valid
##### SUCCESS: /usr/lib/jvm/jdk-14.0.1/bin/java -jar /lab/itti/projects/checkers-competition/server/referee.jar on run_19_csankhe_vdhankar #####
INPUT for vdhankar:
GAME
BLACK
80.7155344486237
.......b
..w.....
.....w.w
..b.b...
........
w...B.b.
........
........
##### Running: /usr/bin/time -o time_19_csankhe_vdhankar.txt -f "%U" python3 homework.py > stulog.txt 2>&1 on vdhankar #####
child exited with value 1
##### ERROR: /usr/bin/time -o time_19_csankhe_vdhankar.txt -f "%U" python3 homework.py > stulog.txt 2>&1 on vdhankar #####
##### Output of failed program (stdout + stderr): #####
Traceback (most recent call last):
  File "homework.py", line 546, in <module>
    print(end-start)
NameError: name 'end' is not defined
##### End of output of failed program #####
##### vdhankar plays [E g3 h2] in 15.3894009590149s #####
##### Running: /usr/lib/jvm/jdk-14.0.1/bin/java -jar /lab/itti/projects/checkers-competition/server/referee.jar on run_19_csankhe_vdhankar #####
Move is valid
##### SUCCESS: /usr/lib/jvm/jdk-14.0.1/bin/java -jar /lab/itti/projects/checkers-competition/server/referee.jar on run_19_csankhe_vdhankar #####
INPUT for csankhe:
GAME
WHITE
286.37
.......b
..w.....
.....w.w
..b.b...
........
w...B...
.......b
........
##### Running: /usr/bin/time -o time_19_csankhe_vdhankar.txt -f "%U" python3 homework.py > stulog.txt 2>&1 on csankhe #####
##### SUCCESS: /usr/bin/time -o time_19_csankhe_vdhankar.txt -f "%U" python3 homework.py > stulog.txt 2>&1 on csankhe #####
##### csankhe plays [E h6 g7] in 0.7s #####
##### Running: /usr/lib/jvm/jdk-14.0.1/bin/java -jar /lab/itti/projects/checkers-competition/server/referee.jar on run_19_csankhe_vdhankar #####
Move is valid
##### SUCCESS: /usr/lib/jvm/jdk-14.0.1/bin/java -jar /lab/itti/projects/checkers-competition/server/referee.jar on run_19_csankhe_vdhankar #####
INPUT for vdhankar:
GAME
BLACK
65.3261334896088
.......b
..w...w.
.....w..
..b.b...
........
w...B...
.......b
........
##### Running: /usr/bin/time -o time_19_csankhe_vdhankar.txt -f "%U" python3 homework.py > stulog.txt 2>&1 on vdhankar #####
child exited with value 1
##### ERROR: /usr/bin/time -o time_19_csankhe_vdhankar.txt -f "%U" python3 homework.py > stulog.txt 2>&1 on vdhankar #####
##### Output of failed program (stdout + stderr): #####
Traceback (most recent call last):
  File "homework.py", line 546, in <module>
    print(end-start)
NameError: name 'end' is not defined
##### End of output of failed program #####
##### vdhankar plays [E h2 g1] in 9.96643900871277s #####
##### Running: /usr/lib/jvm/jdk-14.0.1/bin/java -jar /lab/itti/projects/checkers-competition/server/referee.jar on run_19_csankhe_vdhankar #####
Move is valid
##### SUCCESS: /usr/lib/jvm/jdk-14.0.1/bin/java -jar /lab/itti/projects/checkers-competition/server/referee.jar on run_19_csankhe_vdhankar #####
INPUT for csankhe:
GAME
WHITE
285.67
.......b
..w...w.
.....w..
..b.b...
........
w...B...
........
......B.
##### Running: /usr/bin/time -o time_19_csankhe_vdhankar.txt -f "%U" python3 homework.py > stulog.txt 2>&1 on csankhe #####
##### SUCCESS: /usr/bin/time -o time_19_csankhe_vdhankar.txt -f "%U" python3 homework.py > stulog.txt 2>&1 on csankhe #####
##### csankhe plays [E g7 f8] in 0.27s #####
##### Running: /usr/lib/jvm/jdk-14.0.1/bin/java -jar /lab/itti/projects/checkers-competition/server/referee.jar on run_19_csankhe_vdhankar #####
Move is valid
##### SUCCESS: /usr/lib/jvm/jdk-14.0.1/bin/java -jar /lab/itti/projects/checkers-competition/server/referee.jar on run_19_csankhe_vdhankar #####
INPUT for vdhankar:
GAME
BLACK
55.359694480896
.....W.b
..w.....
.....w..
..b.b...
........
w...B...
........
......B.
##### Running: /usr/bin/time -o time_19_csankhe_vdhankar.txt -f "%U" python3 homework.py > stulog.txt 2>&1 on vdhankar #####
child exited with value 1
##### ERROR: /usr/bin/time -o time_19_csankhe_vdhankar.txt -f "%U" python3 homework.py > stulog.txt 2>&1 on vdhankar #####
##### Output of failed program (stdout + stderr): #####
Traceback (most recent call last):
  File "homework.py", line 546, in <module>
    print(end-start)
NameError: name 'end' is not defined
##### End of output of failed program #####
##### vdhankar plays [E g1 h2] in 21.3729231357574s #####
##### Running: /usr/lib/jvm/jdk-14.0.1/bin/java -jar /lab/itti/projects/checkers-competition/server/referee.jar on run_19_csankhe_vdhankar #####
Move is valid
##### SUCCESS: /usr/lib/jvm/jdk-14.0.1/bin/java -jar /lab/itti/projects/checkers-competition/server/referee.jar on run_19_csankhe_vdhankar #####
INPUT for csankhe:
GAME
WHITE
285.4
.....W.b
..w.....
.....w..
..b.b...
........
w...B...
.......B
........
##### Running: /usr/bin/time -o time_19_csankhe_vdhankar.txt -f "%U" python3 homework.py > stulog.txt 2>&1 on csankhe #####
##### SUCCESS: /usr/bin/time -o time_19_csankhe_vdhankar.txt -f "%U" python3 homework.py > stulog.txt 2>&1 on csankhe #####
##### csankhe plays [E a3 b4] in 0.79s #####
##### Running: /usr/lib/jvm/jdk-14.0.1/bin/java -jar /lab/itti/projects/checkers-competition/server/referee.jar on run_19_csankhe_vdhankar #####
Move is valid
##### SUCCESS: /usr/lib/jvm/jdk-14.0.1/bin/java -jar /lab/itti/projects/checkers-competition/server/referee.jar on run_19_csankhe_vdhankar #####
INPUT for vdhankar:
GAME
BLACK
33.9867713451385
.....W.b
..w.....
.....w..
..b.b...
.w......
....B...
.......B
........
##### Running: /usr/bin/time -o time_19_csankhe_vdhankar.txt -f "%U" python3 homework.py > stulog.txt 2>&1 on vdhankar #####
child exited with value 1
##### ERROR: /usr/bin/time -o time_19_csankhe_vdhankar.txt -f "%U" python3 homework.py > stulog.txt 2>&1 on vdhankar #####
##### Output of failed program (stdout + stderr): #####
Traceback (most recent call last):
  File "homework.py", line 546, in <module>
    print(end-start)
NameError: name 'end' is not defined
##### End of output of failed program #####
##### vdhankar plays [J c5 a3] in 1.37446403503418s #####
##### Running: /usr/lib/jvm/jdk-14.0.1/bin/java -jar /lab/itti/projects/checkers-competition/server/referee.jar on run_19_csankhe_vdhankar #####
Move is valid
##### SUCCESS: /usr/lib/jvm/jdk-14.0.1/bin/java -jar /lab/itti/projects/checkers-competition/server/referee.jar on run_19_csankhe_vdhankar #####
INPUT for csankhe:
GAME
WHITE
284.61
.....W.b
..w.....
.....w..
....b...
........
b...B...
.......B
........
##### Running: /usr/bin/time -o time_19_csankhe_vdhankar.txt -f "%U" python3 homework.py > stulog.txt 2>&1 on csankhe #####
##### SUCCESS: /usr/bin/time -o time_19_csankhe_vdhankar.txt -f "%U" python3 homework.py > stulog.txt 2>&1 on csankhe #####
##### csankhe plays [E f6 e7] in 0.51s #####
##### Running: /usr/lib/jvm/jdk-14.0.1/bin/java -jar /lab/itti/projects/checkers-competition/server/referee.jar on run_19_csankhe_vdhankar #####
Move is valid
##### SUCCESS: /usr/lib/jvm/jdk-14.0.1/bin/java -jar /lab/itti/projects/checkers-competition/server/referee.jar on run_19_csankhe_vdhankar #####
INPUT for vdhankar:
GAME
BLACK
32.6123073101044
.....W.b
..w.w...
........
....b...
........
b...B...
.......B
........
##### Running: /usr/bin/time -o time_19_csankhe_vdhankar.txt -f "%U" python3 homework.py > stulog.txt 2>&1 on vdhankar #####
child exited with value 1
##### ERROR: /usr/bin/time -o time_19_csankhe_vdhankar.txt -f "%U" python3 homework.py > stulog.txt 2>&1 on vdhankar #####
##### Output of failed program (stdout + stderr): #####
Traceback (most recent call last):
  File "homework.py", line 546, in <module>
    print(end-start)
NameError: name 'end' is not defined
##### End of output of failed program #####
##### vdhankar plays [E h2 g3] in 5.68265008926392s #####
##### Running: /usr/lib/jvm/jdk-14.0.1/bin/java -jar /lab/itti/projects/checkers-competition/server/referee.jar on run_19_csankhe_vdhankar #####
Move is valid
##### SUCCESS: /usr/lib/jvm/jdk-14.0.1/bin/java -jar /lab/itti/projects/checkers-competition/server/referee.jar on run_19_csankhe_vdhankar #####
INPUT for csankhe:
GAME
WHITE
284.1
.....W.b
..w.w...
........
....b...
........
b...B.B.
........
........
##### Running: /usr/bin/time -o time_19_csankhe_vdhankar.txt -f "%U" python3 homework.py > stulog.txt 2>&1 on csankhe #####
##### SUCCESS: /usr/bin/time -o time_19_csankhe_vdhankar.txt -f "%U" python3 homework.py > stulog.txt 2>&1 on csankhe #####
##### csankhe plays [E e7 d8] in 0.35s #####
##### Running: /usr/lib/jvm/jdk-14.0.1/bin/java -jar /lab/itti/projects/checkers-competition/server/referee.jar on run_19_csankhe_vdhankar #####
Move is valid
##### SUCCESS: /usr/lib/jvm/jdk-14.0.1/bin/java -jar /lab/itti/projects/checkers-competition/server/referee.jar on run_19_csankhe_vdhankar #####
INPUT for vdhankar:
GAME
BLACK
26.9296572208405
...W.W.b
..w.....
........
....b...
........
b...B.B.
........
........
##### Running: /usr/bin/time -o time_19_csankhe_vdhankar.txt -f "%U" python3 homework.py > stulog.txt 2>&1 on vdhankar #####
child exited with value 1
##### ERROR: /usr/bin/time -o time_19_csankhe_vdhankar.txt -f "%U" python3 homework.py > stulog.txt 2>&1 on vdhankar #####
##### Output of failed program (stdout + stderr): #####
Traceback (most recent call last):
  File "homework.py", line 546, in <module>
    print(end-start)
NameError: name 'end' is not defined
##### End of output of failed program #####
##### vdhankar plays [E g3 f4] in 2.31005191802979s #####
##### Running: /usr/lib/jvm/jdk-14.0.1/bin/java -jar /lab/itti/projects/checkers-competition/server/referee.jar on run_19_csankhe_vdhankar #####
Move is valid
##### SUCCESS: /usr/lib/jvm/jdk-14.0.1/bin/java -jar /lab/itti/projects/checkers-competition/server/referee.jar on run_19_csankhe_vdhankar #####
INPUT for csankhe:
GAME
WHITE
283.75
...W.W.b
..w.....
........
....b...
.....B..
b...B...
........
........
##### Running: /usr/bin/time -o time_19_csankhe_vdhankar.txt -f "%U" python3 homework.py > stulog.txt 2>&1 on csankhe #####
##### SUCCESS: /usr/bin/time -o time_19_csankhe_vdhankar.txt -f "%U" python3 homework.py > stulog.txt 2>&1 on csankhe #####
##### csankhe plays [E c7 b8] in 0.2s #####
##### Running: /usr/lib/jvm/jdk-14.0.1/bin/java -jar /lab/itti/projects/checkers-competition/server/referee.jar on run_19_csankhe_vdhankar #####
Move is valid
##### SUCCESS: /usr/lib/jvm/jdk-14.0.1/bin/java -jar /lab/itti/projects/checkers-competition/server/referee.jar on run_19_csankhe_vdhankar #####
INPUT for vdhankar:
GAME
BLACK
24.6196053028107
.W.W.W.b
........
........
....b...
.....B..
b...B...
........
........
##### Running: /usr/bin/time -o time_19_csankhe_vdhankar.txt -f "%U" python3 homework.py > stulog.txt 2>&1 on vdhankar #####
child exited with value 1
##### ERROR: /usr/bin/time -o time_19_csankhe_vdhankar.txt -f "%U" python3 homework.py > stulog.txt 2>&1 on vdhankar #####
##### Output of failed program (stdout + stderr): #####
Traceback (most recent call last):
  File "homework.py", line 546, in <module>
    print(end-start)
NameError: name 'end' is not defined
##### End of output of failed program #####
##### vdhankar plays [E a3 b2] in 0.251109838485718s #####
##### Running: /usr/lib/jvm/jdk-14.0.1/bin/java -jar /lab/itti/projects/checkers-competition/server/referee.jar on run_19_csankhe_vdhankar #####
Move is valid
##### SUCCESS: /usr/lib/jvm/jdk-14.0.1/bin/java -jar /lab/itti/projects/checkers-competition/server/referee.jar on run_19_csankhe_vdhankar #####
INPUT for csankhe:
GAME
WHITE
283.55
.W.W.W.b
........
........
....b...
.....B..
....B...
.b......
........
##### Running: /usr/bin/time -o time_19_csankhe_vdhankar.txt -f "%U" python3 homework.py > stulog.txt 2>&1 on csankhe #####
##### SUCCESS: /usr/bin/time -o time_19_csankhe_vdhankar.txt -f "%U" python3 homework.py > stulog.txt 2>&1 on csankhe #####
##### csankhe plays [E f8 e7] in 0.59s #####
##### Running: /usr/lib/jvm/jdk-14.0.1/bin/java -jar /lab/itti/projects/checkers-competition/server/referee.jar on run_19_csankhe_vdhankar #####
Move is valid
##### SUCCESS: /usr/lib/jvm/jdk-14.0.1/bin/java -jar /lab/itti/projects/checkers-competition/server/referee.jar on run_19_csankhe_vdhankar #####
INPUT for vdhankar:
GAME
BLACK
24.368495464325
.W.W...b
....W...
........
....b...
.....B..
....B...
.b......
........
##### Running: /usr/bin/time -o time_19_csankhe_vdhankar.txt -f "%U" python3 homework.py > stulog.txt 2>&1 on vdhankar #####
child exited with value 1
##### ERROR: /usr/bin/time -o time_19_csankhe_vdhankar.txt -f "%U" python3 homework.py > stulog.txt 2>&1 on vdhankar #####
##### Output of failed program (stdout + stderr): #####
Traceback (most recent call last):
  File "homework.py", line 546, in <module>
    print(end-start)
NameError: name 'end' is not defined
##### End of output of failed program #####
##### vdhankar plays [E b2 c1] in 0.315854072570801s #####
##### Running: /usr/lib/jvm/jdk-14.0.1/bin/java -jar /lab/itti/projects/checkers-competition/server/referee.jar on run_19_csankhe_vdhankar #####
Move is valid
##### SUCCESS: /usr/lib/jvm/jdk-14.0.1/bin/java -jar /lab/itti/projects/checkers-competition/server/referee.jar on run_19_csankhe_vdhankar #####
INPUT for csankhe:
GAME
WHITE
282.96
.W.W...b
....W...
........
....b...
.....B..
....B...
........
..B.....
##### Running: /usr/bin/time -o time_19_csankhe_vdhankar.txt -f "%U" python3 homework.py > stulog.txt 2>&1 on csankhe #####
##### SUCCESS: /usr/bin/time -o time_19_csankhe_vdhankar.txt -f "%U" python3 homework.py > stulog.txt 2>&1 on csankhe #####
##### csankhe plays [E e7 f8] in 0.48s #####
##### Running: /usr/lib/jvm/jdk-14.0.1/bin/java -jar /lab/itti/projects/checkers-competition/server/referee.jar on run_19_csankhe_vdhankar #####
Move is valid
##### SUCCESS: /usr/lib/jvm/jdk-14.0.1/bin/java -jar /lab/itti/projects/checkers-competition/server/referee.jar on run_19_csankhe_vdhankar #####
INPUT for vdhankar:
GAME
BLACK
24.0526413917542
.W.W.W.b
........
........
....b...
.....B..
....B...
........
..B.....
##### Running: /usr/bin/time -o time_19_csankhe_vdhankar.txt -f "%U" python3 homework.py > stulog.txt 2>&1 on vdhankar #####
child exited with value 1
##### ERROR: /usr/bin/time -o time_19_csankhe_vdhankar.txt -f "%U" python3 homework.py > stulog.txt 2>&1 on vdhankar #####
##### Output of failed program (stdout + stderr): #####
Traceback (most recent call last):
  File "homework.py", line 546, in <module>
    print(end-start)
NameError: name 'end' is not defined
##### End of output of failed program #####
##### vdhankar plays [E c1 d2] in 0.26727294921875s #####
##### Running: /usr/lib/jvm/jdk-14.0.1/bin/java -jar /lab/itti/projects/checkers-competition/server/referee.jar on run_19_csankhe_vdhankar #####
Move is valid
##### SUCCESS: /usr/lib/jvm/jdk-14.0.1/bin/java -jar /lab/itti/projects/checkers-competition/server/referee.jar on run_19_csankhe_vdhankar #####
INPUT for csankhe:
GAME
WHITE
282.48
.W.W.W.b
........
........
....b...
.....B..
....B...
...B....
........
##### Running: /usr/bin/time -o time_19_csankhe_vdhankar.txt -f "%U" python3 homework.py > stulog.txt 2>&1 on csankhe #####
##### SUCCESS: /usr/bin/time -o time_19_csankhe_vdhankar.txt -f "%U" python3 homework.py > stulog.txt 2>&1 on csankhe #####
##### csankhe plays [E f8 e7] in 0.36s #####
##### Running: /usr/lib/jvm/jdk-14.0.1/bin/java -jar /lab/itti/projects/checkers-competition/server/referee.jar on run_19_csankhe_vdhankar #####
Move is valid
##### SUCCESS: /usr/lib/jvm/jdk-14.0.1/bin/java -jar /lab/itti/projects/checkers-competition/server/referee.jar on run_19_csankhe_vdhankar #####
INPUT for vdhankar:
GAME
BLACK
23.7853684425354
.W.W...b
....W...
........
....b...
.....B..
....B...
...B....
........
##### Running: /usr/bin/time -o time_19_csankhe_vdhankar.txt -f "%U" python3 homework.py > stulog.txt 2>&1 on vdhankar #####
child exited with value 1
##### ERROR: /usr/bin/time -o time_19_csankhe_vdhankar.txt -f "%U" python3 homework.py > stulog.txt 2>&1 on vdhankar #####
##### Output of failed program (stdout + stderr): #####
Traceback (most recent call last):
  File "homework.py", line 546, in <module>
    print(end-start)
NameError: name 'end' is not defined
##### End of output of failed program #####
##### vdhankar plays [E d2 c3] in 0.336429119110107s #####
##### Running: /usr/lib/jvm/jdk-14.0.1/bin/java -jar /lab/itti/projects/checkers-competition/server/referee.jar on run_19_csankhe_vdhankar #####
Move is valid
##### SUCCESS: /usr/lib/jvm/jdk-14.0.1/bin/java -jar /lab/itti/projects/checkers-competition/server/referee.jar on run_19_csankhe_vdhankar #####
INPUT for csankhe:
GAME
WHITE
282.12
.W.W...b
....W...
........
....b...
.....B..
..B.B...
........
........
##### Running: /usr/bin/time -o time_19_csankhe_vdhankar.txt -f "%U" python3 homework.py > stulog.txt 2>&1 on csankhe #####
##### SUCCESS: /usr/bin/time -o time_19_csankhe_vdhankar.txt -f "%U" python3 homework.py > stulog.txt 2>&1 on csankhe #####
##### csankhe plays [E e7 f8] in 0.79s #####
##### Running: /usr/lib/jvm/jdk-14.0.1/bin/java -jar /lab/itti/projects/checkers-competition/server/referee.jar on run_19_csankhe_vdhankar #####
Move is valid
##### SUCCESS: /usr/lib/jvm/jdk-14.0.1/bin/java -jar /lab/itti/projects/checkers-competition/server/referee.jar on run_19_csankhe_vdhankar #####
INPUT for vdhankar:
GAME
BLACK
23.4489393234253
.W.W.W.b
........
........
....b...
.....B..
..B.B...
........
........
##### Running: /usr/bin/time -o time_19_csankhe_vdhankar.txt -f "%U" python3 homework.py > stulog.txt 2>&1 on vdhankar #####
child exited with value 1
##### ERROR: /usr/bin/time -o time_19_csankhe_vdhankar.txt -f "%U" python3 homework.py > stulog.txt 2>&1 on vdhankar #####
##### Output of failed program (stdout + stderr): #####
Traceback (most recent call last):
  File "homework.py", line 546, in <module>
    print(end-start)
NameError: name 'end' is not defined
##### End of output of failed program #####
##### vdhankar plays [E e3 d4] in 0.245710849761963s #####
##### Running: /usr/lib/jvm/jdk-14.0.1/bin/java -jar /lab/itti/projects/checkers-competition/server/referee.jar on run_19_csankhe_vdhankar #####
Move is valid
##### SUCCESS: /usr/lib/jvm/jdk-14.0.1/bin/java -jar /lab/itti/projects/checkers-competition/server/referee.jar on run_19_csankhe_vdhankar #####
INPUT for csankhe:
GAME
WHITE
281.33
.W.W.W.b
........
........
....b...
...B.B..
..B.....
........
........
##### Running: /usr/bin/time -o time_19_csankhe_vdhankar.txt -f "%U" python3 homework.py > stulog.txt 2>&1 on csankhe #####
##### SUCCESS: /usr/bin/time -o time_19_csankhe_vdhankar.txt -f "%U" python3 homework.py > stulog.txt 2>&1 on csankhe #####
##### csankhe plays [E f8 e7] in 0.37s #####
##### Running: /usr/lib/jvm/jdk-14.0.1/bin/java -jar /lab/itti/projects/checkers-competition/server/referee.jar on run_19_csankhe_vdhankar #####
Move is valid
##### SUCCESS: /usr/lib/jvm/jdk-14.0.1/bin/java -jar /lab/itti/projects/checkers-competition/server/referee.jar on run_19_csankhe_vdhankar #####
INPUT for vdhankar:
GAME
BLACK
23.2032284736633
.W.W...b
....W...
........
....b...
...B.B..
..B.....
........
........
##### Running: /usr/bin/time -o time_19_csankhe_vdhankar.txt -f "%U" python3 homework.py > stulog.txt 2>&1 on vdhankar #####
child exited with value 1
##### ERROR: /usr/bin/time -o time_19_csankhe_vdhankar.txt -f "%U" python3 homework.py > stulog.txt 2>&1 on vdhankar #####
##### Output of failed program (stdout + stderr): #####
Traceback (most recent call last):
  File "homework.py", line 546, in <module>
    print(end-start)
NameError: name 'end' is not defined
##### End of output of failed program #####
##### vdhankar plays [E c3 d2] in 0.311843156814575s #####
##### Running: /usr/lib/jvm/jdk-14.0.1/bin/java -jar /lab/itti/projects/checkers-competition/server/referee.jar on run_19_csankhe_vdhankar #####
Move is valid
##### SUCCESS: /usr/lib/jvm/jdk-14.0.1/bin/java -jar /lab/itti/projects/checkers-competition/server/referee.jar on run_19_csankhe_vdhankar #####
INPUT for csankhe:
GAME
WHITE
280.96
.W.W...b
....W...
........
....b...
...B.B..
........
...B....
........
##### Running: /usr/bin/time -o time_19_csankhe_vdhankar.txt -f "%U" python3 homework.py > stulog.txt 2>&1 on csankhe #####
##### SUCCESS: /usr/bin/time -o time_19_csankhe_vdhankar.txt -f "%U" python3 homework.py > stulog.txt 2>&1 on csankhe #####
##### csankhe plays [E e7 f8] in 0.62s #####
##### Running: /usr/lib/jvm/jdk-14.0.1/bin/java -jar /lab/itti/projects/checkers-competition/server/referee.jar on run_19_csankhe_vdhankar #####
Move is valid
##### SUCCESS: /usr/lib/jvm/jdk-14.0.1/bin/java -jar /lab/itti/projects/checkers-competition/server/referee.jar on run_19_csankhe_vdhankar #####
INPUT for vdhankar:
GAME
BLACK
22.8913853168488
.W.W.W.b
........
........
....b...
...B.B..
........
...B....
........
##### Running: /usr/bin/time -o time_19_csankhe_vdhankar.txt -f "%U" python3 homework.py > stulog.txt 2>&1 on vdhankar #####
child exited with value 1
##### ERROR: /usr/bin/time -o time_19_csankhe_vdhankar.txt -f "%U" python3 homework.py > stulog.txt 2>&1 on vdhankar #####
##### Output of failed program (stdout + stderr): #####
Traceback (most recent call last):
  File "homework.py", line 546, in <module>
    print(end-start)
NameError: name 'end' is not defined
##### End of output of failed program #####
##### vdhankar plays [E d2 e1] in 0.280016899108887s #####
##### Running: /usr/lib/jvm/jdk-14.0.1/bin/java -jar /lab/itti/projects/checkers-competition/server/referee.jar on run_19_csankhe_vdhankar #####
Move is valid
##### SUCCESS: /usr/lib/jvm/jdk-14.0.1/bin/java -jar /lab/itti/projects/checkers-competition/server/referee.jar on run_19_csankhe_vdhankar #####
INPUT for csankhe:
GAME
WHITE
280.34
.W.W.W.b
........
........
....b...
...B.B..
........
........
....B...
##### Running: /usr/bin/time -o time_19_csankhe_vdhankar.txt -f "%U" python3 homework.py > stulog.txt 2>&1 on csankhe #####
##### SUCCESS: /usr/bin/time -o time_19_csankhe_vdhankar.txt -f "%U" python3 homework.py > stulog.txt 2>&1 on csankhe #####
##### csankhe plays [E f8 e7] in 0.37s #####
##### Running: /usr/lib/jvm/jdk-14.0.1/bin/java -jar /lab/itti/projects/checkers-competition/server/referee.jar on run_19_csankhe_vdhankar #####
Move is valid
##### SUCCESS: /usr/lib/jvm/jdk-14.0.1/bin/java -jar /lab/itti/projects/checkers-competition/server/referee.jar on run_19_csankhe_vdhankar #####
INPUT for vdhankar:
GAME
BLACK
22.6113684177399
.W.W...b
....W...
........
....b...
...B.B..
........
........
....B...
##### Running: /usr/bin/time -o time_19_csankhe_vdhankar.txt -f "%U" python3 homework.py > stulog.txt 2>&1 on vdhankar #####
child exited with value 1
##### ERROR: /usr/bin/time -o time_19_csankhe_vdhankar.txt -f "%U" python3 homework.py > stulog.txt 2>&1 on vdhankar #####
##### Output of failed program (stdout + stderr): #####
Traceback (most recent call last):
  File "homework.py", line 546, in <module>
    print(end-start)
NameError: name 'end' is not defined
##### End of output of failed program #####
##### vdhankar plays [E e1 f2] in 0.328549146652222s #####
##### Running: /usr/lib/jvm/jdk-14.0.1/bin/java -jar /lab/itti/projects/checkers-competition/server/referee.jar on run_19_csankhe_vdhankar #####
Move is valid
##### SUCCESS: /usr/lib/jvm/jdk-14.0.1/bin/java -jar /lab/itti/projects/checkers-competition/server/referee.jar on run_19_csankhe_vdhankar #####
INPUT for csankhe:
GAME
WHITE
279.97
.W.W...b
....W...
........
....b...
...B.B..
........
.....B..
........
##### Running: /usr/bin/time -o time_19_csankhe_vdhankar.txt -f "%U" python3 homework.py > stulog.txt 2>&1 on csankhe #####
##### SUCCESS: /usr/bin/time -o time_19_csankhe_vdhankar.txt -f "%U" python3 homework.py > stulog.txt 2>&1 on csankhe #####
##### csankhe plays [E e7 f8] in 0.58s #####
##### Running: /usr/lib/jvm/jdk-14.0.1/bin/java -jar /lab/itti/projects/checkers-competition/server/referee.jar on run_19_csankhe_vdhankar #####
Move is valid
##### SUCCESS: /usr/lib/jvm/jdk-14.0.1/bin/java -jar /lab/itti/projects/checkers-competition/server/referee.jar on run_19_csankhe_vdhankar #####
INPUT for vdhankar:
GAME
BLACK
22.2828192710876
.W.W.W.b
........
........
....b...
...B.B..
........
.....B..
........
##### Running: /usr/bin/time -o time_19_csankhe_vdhankar.txt -f "%U" python3 homework.py > stulog.txt 2>&1 on vdhankar #####
child exited with value 1
##### ERROR: /usr/bin/time -o time_19_csankhe_vdhankar.txt -f "%U" python3 homework.py > stulog.txt 2>&1 on vdhankar #####
##### Output of failed program (stdout + stderr): #####
Traceback (most recent call last):
  File "homework.py", line 546, in <module>
    print(end-start)
NameError: name 'end' is not defined
##### End of output of failed program #####
##### vdhankar plays [E f2 g3] in 0.297950983047485s #####
##### Running: /usr/lib/jvm/jdk-14.0.1/bin/java -jar /lab/itti/projects/checkers-competition/server/referee.jar on run_19_csankhe_vdhankar #####
Move is valid
##### SUCCESS: /usr/lib/jvm/jdk-14.0.1/bin/java -jar /lab/itti/projects/checkers-competition/server/referee.jar on run_19_csankhe_vdhankar #####
INPUT for csankhe:
GAME
WHITE
279.39
.W.W.W.b
........
........
....b...
...B.B..
......B.
........
........
##### Running: /usr/bin/time -o time_19_csankhe_vdhankar.txt -f "%U" python3 homework.py > stulog.txt 2>&1 on csankhe #####
##### SUCCESS: /usr/bin/time -o time_19_csankhe_vdhankar.txt -f "%U" python3 homework.py > stulog.txt 2>&1 on csankhe #####
##### csankhe plays [E f8 e7] in 0.36s #####
##### Running: /usr/lib/jvm/jdk-14.0.1/bin/java -jar /lab/itti/projects/checkers-competition/server/referee.jar on run_19_csankhe_vdhankar #####
Move is valid
##### SUCCESS: /usr/lib/jvm/jdk-14.0.1/bin/java -jar /lab/itti/projects/checkers-competition/server/referee.jar on run_19_csankhe_vdhankar #####
INPUT for vdhankar:
GAME
BLACK
21.9848682880402
.W.W...b
....W...
........
....b...
...B.B..
......B.
........
........
##### Running: /usr/bin/time -o time_19_csankhe_vdhankar.txt -f "%U" python3 homework.py > stulog.txt 2>&1 on vdhankar #####
child exited with value 1
##### ERROR: /usr/bin/time -o time_19_csankhe_vdhankar.txt -f "%U" python3 homework.py > stulog.txt 2>&1 on vdhankar #####
##### Output of failed program (stdout + stderr): #####
Traceback (most recent call last):
  File "homework.py", line 546, in <module>
    print(end-start)
NameError: name 'end' is not defined
##### End of output of failed program #####
##### vdhankar plays [E g3 h2] in 0.297849893569946s #####
##### Running: /usr/lib/jvm/jdk-14.0.1/bin/java -jar /lab/itti/projects/checkers-competition/server/referee.jar on run_19_csankhe_vdhankar #####
Move is valid
##### SUCCESS: /usr/lib/jvm/jdk-14.0.1/bin/java -jar /lab/itti/projects/checkers-competition/server/referee.jar on run_19_csankhe_vdhankar #####
INPUT for csankhe:
GAME
WHITE
279.03
.W.W...b
....W...
........
....b...
...B.B..
........
.......B
........
##### Running: /usr/bin/time -o time_19_csankhe_vdhankar.txt -f "%U" python3 homework.py > stulog.txt 2>&1 on csankhe #####
##### SUCCESS: /usr/bin/time -o time_19_csankhe_vdhankar.txt -f "%U" python3 homework.py > stulog.txt 2>&1 on csankhe #####
##### csankhe plays [E e7 f8] in 0.54s #####
##### Running: /usr/lib/jvm/jdk-14.0.1/bin/java -jar /lab/itti/projects/checkers-competition/server/referee.jar on run_19_csankhe_vdhankar #####
Move is valid
##### SUCCESS: /usr/lib/jvm/jdk-14.0.1/bin/java -jar /lab/itti/projects/checkers-competition/server/referee.jar on run_19_csankhe_vdhankar #####
INPUT for vdhankar:
GAME
BLACK
21.6870183944702
.W.W.W.b
........
........
....b...
...B.B..
........
.......B
........
##### Running: /usr/bin/time -o time_19_csankhe_vdhankar.txt -f "%U" python3 homework.py > stulog.txt 2>&1 on vdhankar #####
child exited with value 1
##### ERROR: /usr/bin/time -o time_19_csankhe_vdhankar.txt -f "%U" python3 homework.py > stulog.txt 2>&1 on vdhankar #####
##### Output of failed program (stdout + stderr): #####
Traceback (most recent call last):
  File "homework.py", line 546, in <module>
    print(end-start)
NameError: name 'end' is not defined
##### End of output of failed program #####
##### vdhankar plays [E h2 g3] in 0.270810127258301s #####
##### Running: /usr/lib/jvm/jdk-14.0.1/bin/java -jar /lab/itti/projects/checkers-competition/server/referee.jar on run_19_csankhe_vdhankar #####
Move is valid
##### SUCCESS: /usr/lib/jvm/jdk-14.0.1/bin/java -jar /lab/itti/projects/checkers-competition/server/referee.jar on run_19_csankhe_vdhankar #####
INPUT for csankhe:
GAME
WHITE
278.49
.W.W.W.b
........
........
....b...
...B.B..
......B.
........
........
##### Running: /usr/bin/time -o time_19_csankhe_vdhankar.txt -f "%U" python3 homework.py > stulog.txt 2>&1 on csankhe #####
##### SUCCESS: /usr/bin/time -o time_19_csankhe_vdhankar.txt -f "%U" python3 homework.py > stulog.txt 2>&1 on csankhe #####
##### csankhe plays [E f8 e7] in 0.37s #####
##### Running: /usr/lib/jvm/jdk-14.0.1/bin/java -jar /lab/itti/projects/checkers-competition/server/referee.jar on run_19_csankhe_vdhankar #####
Move is valid
##### SUCCESS: /usr/lib/jvm/jdk-14.0.1/bin/java -jar /lab/itti/projects/checkers-competition/server/referee.jar on run_19_csankhe_vdhankar #####
INPUT for vdhankar:
GAME
BLACK
21.4162082672119
.W.W...b
....W...
........
....b...
...B.B..
......B.
........
........
##### Running: /usr/bin/time -o time_19_csankhe_vdhankar.txt -f "%U" python3 homework.py > stulog.txt 2>&1 on vdhankar #####
child exited with value 1
##### ERROR: /usr/bin/time -o time_19_csankhe_vdhankar.txt -f "%U" python3 homework.py > stulog.txt 2>&1 on vdhankar #####
##### Output of failed program (stdout + stderr): #####
Traceback (most recent call last):
  File "homework.py", line 546, in <module>
    print(end-start)
NameError: name 'end' is not defined
##### End of output of failed program #####
##### vdhankar plays [E g3 h2] in 0.295377016067505s #####
##### Running: /usr/lib/jvm/jdk-14.0.1/bin/java -jar /lab/itti/projects/checkers-competition/server/referee.jar on run_19_csankhe_vdhankar #####
Move is valid
##### SUCCESS: /usr/lib/jvm/jdk-14.0.1/bin/java -jar /lab/itti/projects/checkers-competition/server/referee.jar on run_19_csankhe_vdhankar #####
INPUT for csankhe:
GAME
WHITE
278.12
.W.W...b
....W...
........
....b...
...B.B..
........
.......B
........
##### Running: /usr/bin/time -o time_19_csankhe_vdhankar.txt -f "%U" python3 homework.py > stulog.txt 2>&1 on csankhe #####
##### SUCCESS: /usr/bin/time -o time_19_csankhe_vdhankar.txt -f "%U" python3 homework.py > stulog.txt 2>&1 on csankhe #####
##### csankhe plays [E e7 f8] in 0.54s #####
##### Running: /usr/lib/jvm/jdk-14.0.1/bin/java -jar /lab/itti/projects/checkers-competition/server/referee.jar on run_19_csankhe_vdhankar #####
Move is valid
##### SUCCESS: /usr/lib/jvm/jdk-14.0.1/bin/java -jar /lab/itti/projects/checkers-competition/server/referee.jar on run_19_csankhe_vdhankar #####
INPUT for vdhankar:
GAME
BLACK
21.1208312511444
.W.W.W.b
........
........
....b...
...B.B..
........
.......B
........
##### Running: /usr/bin/time -o time_19_csankhe_vdhankar.txt -f "%U" python3 homework.py > stulog.txt 2>&1 on vdhankar #####
child exited with value 1
##### ERROR: /usr/bin/time -o time_19_csankhe_vdhankar.txt -f "%U" python3 homework.py > stulog.txt 2>&1 on vdhankar #####
##### Output of failed program (stdout + stderr): #####
Traceback (most recent call last):
  File "homework.py", line 546, in <module>
    print(end-start)
NameError: name 'end' is not defined
##### End of output of failed program #####
##### vdhankar plays [E h2 g3] in 0.272664070129395s #####
##### Running: /usr/lib/jvm/jdk-14.0.1/bin/java -jar /lab/itti/projects/checkers-competition/server/referee.jar on run_19_csankhe_vdhankar #####
Move is valid
##### SUCCESS: /usr/lib/jvm/jdk-14.0.1/bin/java -jar /lab/itti/projects/checkers-competition/server/referee.jar on run_19_csankhe_vdhankar #####
INPUT for csankhe:
GAME
WHITE
277.58
.W.W.W.b
........
........
....b...
...B.B..
......B.
........
........
##### Running: /usr/bin/time -o time_19_csankhe_vdhankar.txt -f "%U" python3 homework.py > stulog.txt 2>&1 on csankhe #####
##### SUCCESS: /usr/bin/time -o time_19_csankhe_vdhankar.txt -f "%U" python3 homework.py > stulog.txt 2>&1 on csankhe #####
##### csankhe plays [E f8 e7] in 0.37s #####
##### Running: /usr/lib/jvm/jdk-14.0.1/bin/java -jar /lab/itti/projects/checkers-competition/server/referee.jar on run_19_csankhe_vdhankar #####
Move is valid
Seen this position 3 times
*** Game ends in draw ***
##### SUCCESS: /usr/lib/jvm/jdk-14.0.1/bin/java -jar /lab/itti/projects/checkers-competition/server/referee.jar on run_19_csankhe_vdhankar #####
##### GAME ENDS IN A DRAW. Time left for csankhe: 277.21s, vdhankar: 20.848167181015s
Server said: DRAW
##### GAME OVER: the game ends in a draw, csankhe wins by time remaining #####
########## ROUND 19 GAMESCORE AFTER GAME 3: csankhe=2 and vdhankar=1 ##########
#################### ROUND 19: csankhe (B) vs vdhankar (W): game 4 ####################
##### game start! #####
INPUT for csankhe:
GAME
BLACK
300
.b.b.b.b
b.b.b.b.
.b.b.b.b
........
........
w.w.w.w.
.w.w.w.w
w.w.w.w.
##### Running: /usr/bin/time -o time_19_csankhe_vdhankar.txt -f "%U" python3 homework.py > stulog.txt 2>&1 on csankhe #####
##### SUCCESS: /usr/bin/time -o time_19_csankhe_vdhankar.txt -f "%U" python3 homework.py > stulog.txt 2>&1 on csankhe #####
##### csankhe plays [E h6 g5] in 1.16s #####
##### Running: /usr/lib/jvm/jdk-14.0.1/bin/java -jar /lab/itti/projects/checkers-competition/server/referee.jar on run_19_csankhe_vdhankar #####
Move is valid
Couldn't read file 'current_ply.txt'
Couldn't read content from file 'current_ply.txt'
Couldn't read file 'lastmatchange_ply.txt'
Couldn't read content from file 'lastmatchange_ply.txt'
##### SUCCESS: /usr/lib/jvm/jdk-14.0.1/bin/java -jar /lab/itti/projects/checkers-competition/server/referee.jar on run_19_csankhe_vdhankar #####
INPUT for vdhankar:
GAME
WHITE
300
.b.b.b.b
b.b.b.b.
.b.b.b..
......b.
........
w.w.w.w.
.w.w.w.w
w.w.w.w.
##### Running: /usr/bin/time -o time_19_csankhe_vdhankar.txt -f "%U" python3 homework.py > stulog.txt 2>&1 on vdhankar #####
child exited with value 1
##### ERROR: /usr/bin/time -o time_19_csankhe_vdhankar.txt -f "%U" python3 homework.py > stulog.txt 2>&1 on vdhankar #####
##### Output of failed program (stdout + stderr): #####
Traceback (most recent call last):
  File "homework.py", line 546, in <module>
    print(end-start)
NameError: name 'end' is not defined
##### End of output of failed program #####
##### vdhankar plays [E g3 h4] in 8.0768620967865s #####
##### Running: /usr/lib/jvm/jdk-14.0.1/bin/java -jar /lab/itti/projects/checkers-competition/server/referee.jar on run_19_csankhe_vdhankar #####
Move is valid
##### SUCCESS: /usr/lib/jvm/jdk-14.0.1/bin/java -jar /lab/itti/projects/checkers-competition/server/referee.jar on run_19_csankhe_vdhankar #####
INPUT for csankhe:
GAME
BLACK
298.84
.b.b.b.b
b.b.b.b.
.b.b.b..
......b.
.......w
w.w.w...
.w.w.w.w
w.w.w.w.
##### Running: /usr/bin/time -o time_19_csankhe_vdhankar.txt -f "%U" python3 homework.py > stulog.txt 2>&1 on csankhe #####
##### SUCCESS: /usr/bin/time -o time_19_csankhe_vdhankar.txt -f "%U" python3 homework.py > stulog.txt 2>&1 on csankhe #####
##### csankhe plays [E f6 e5] in 0.8s #####
##### Running: /usr/lib/jvm/jdk-14.0.1/bin/java -jar /lab/itti/projects/checkers-competition/server/referee.jar on run_19_csankhe_vdhankar #####
Move is valid
##### SUCCESS: /usr/lib/jvm/jdk-14.0.1/bin/java -jar /lab/itti/projects/checkers-competition/server/referee.jar on run_19_csankhe_vdhankar #####
INPUT for vdhankar:
GAME
WHITE
291.923137903214
.b.b.b.b
b.b.b.b.
.b.b....
....b.b.
.......w
w.w.w...
.w.w.w.w
w.w.w.w.
##### Running: /usr/bin/time -o time_19_csankhe_vdhankar.txt -f "%U" python3 homework.py > stulog.txt 2>&1 on vdhankar #####
child exited with value 1
##### ERROR: /usr/bin/time -o time_19_csankhe_vdhankar.txt -f "%U" python3 homework.py > stulog.txt 2>&1 on vdhankar #####
##### Output of failed program (stdout + stderr): #####
Traceback (most recent call last):
  File "homework.py", line 546, in <module>
    print(end-start)
NameError: name 'end' is not defined
##### End of output of failed program #####
##### vdhankar plays [J h4 f6] in 1.23954796791077s #####
##### Running: /usr/lib/jvm/jdk-14.0.1/bin/java -jar /lab/itti/projects/checkers-competition/server/referee.jar on run_19_csankhe_vdhankar #####
Move is valid
##### SUCCESS: /usr/lib/jvm/jdk-14.0.1/bin/java -jar /lab/itti/projects/checkers-competition/server/referee.jar on run_19_csankhe_vdhankar #####
INPUT for csankhe:
GAME
BLACK
298.04
.b.b.b.b
b.b.b.b.
.b.b.w..
....b...
........
w.w.w...
.w.w.w.w
w.w.w.w.
##### Running: /usr/bin/time -o time_19_csankhe_vdhankar.txt -f "%U" python3 homework.py > stulog.txt 2>&1 on csankhe #####
##### SUCCESS: /usr/bin/time -o time_19_csankhe_vdhankar.txt -f "%U" python3 homework.py > stulog.txt 2>&1 on csankhe #####
##### csankhe plays [J e7 g5] in 0.3s #####
##### Running: /usr/lib/jvm/jdk-14.0.1/bin/java -jar /lab/itti/projects/checkers-competition/server/referee.jar on run_19_csankhe_vdhankar #####
Move is valid
##### SUCCESS: /usr/lib/jvm/jdk-14.0.1/bin/java -jar /lab/itti/projects/checkers-competition/server/referee.jar on run_19_csankhe_vdhankar #####
INPUT for vdhankar:
GAME
WHITE
290.683589935303
.b.b.b.b
b.b...b.
.b.b....
....b.b.
........
w.w.w...
.w.w.w.w
w.w.w.w.
##### Running: /usr/bin/time -o time_19_csankhe_vdhankar.txt -f "%U" python3 homework.py > stulog.txt 2>&1 on vdhankar #####
child exited with value 1
##### ERROR: /usr/bin/time -o time_19_csankhe_vdhankar.txt -f "%U" python3 homework.py > stulog.txt 2>&1 on vdhankar #####
##### Output of failed program (stdout + stderr): #####
Traceback (most recent call last):
  File "homework.py", line 546, in <module>
    print(end-start)
NameError: name 'end' is not defined
##### End of output of failed program #####
##### vdhankar plays [E f2 g3] in 11.5262181758881s #####
##### Running: /usr/lib/jvm/jdk-14.0.1/bin/java -jar /lab/itti/projects/checkers-competition/server/referee.jar on run_19_csankhe_vdhankar #####
Move is valid
##### SUCCESS: /usr/lib/jvm/jdk-14.0.1/bin/java -jar /lab/itti/projects/checkers-competition/server/referee.jar on run_19_csankhe_vdhankar #####
INPUT for csankhe:
GAME
BLACK
297.74
.b.b.b.b
b.b...b.
.b.b....
....b.b.
........
w.w.w.w.
.w.w...w
w.w.w.w.
##### Running: /usr/bin/time -o time_19_csankhe_vdhankar.txt -f "%U" python3 homework.py > stulog.txt 2>&1 on csankhe #####
##### SUCCESS: /usr/bin/time -o time_19_csankhe_vdhankar.txt -f "%U" python3 homework.py > stulog.txt 2>&1 on csankhe #####
##### csankhe plays [E e5 f4] in 1.54s #####
##### Running: /usr/lib/jvm/jdk-14.0.1/bin/java -jar /lab/itti/projects/checkers-competition/server/referee.jar on run_19_csankhe_vdhankar #####
Move is valid
##### SUCCESS: /usr/lib/jvm/jdk-14.0.1/bin/java -jar /lab/itti/projects/checkers-competition/server/referee.jar on run_19_csankhe_vdhankar #####
INPUT for vdhankar:
GAME
WHITE
279.157371759415
.b.b.b.b
b.b...b.
.b.b....
......b.
.....b..
w.w.w.w.
.w.w...w
w.w.w.w.
##### Running: /usr/bin/time -o time_19_csankhe_vdhankar.txt -f "%U" python3 homework.py > stulog.txt 2>&1 on vdhankar #####
child exited with value 1
##### ERROR: /usr/bin/time -o time_19_csankhe_vdhankar.txt -f "%U" python3 homework.py > stulog.txt 2>&1 on vdhankar #####
##### Output of failed program (stdout + stderr): #####
Traceback (most recent call last):
  File "homework.py", line 546, in <module>
    print(end-start)
NameError: name 'end' is not defined
##### End of output of failed program #####
##### vdhankar plays [J g3 e5] in 1.22758913040161s #####
##### Running: /usr/lib/jvm/jdk-14.0.1/bin/java -jar /lab/itti/projects/checkers-competition/server/referee.jar on run_19_csankhe_vdhankar #####
Move is valid
##### SUCCESS: /usr/lib/jvm/jdk-14.0.1/bin/java -jar /lab/itti/projects/checkers-competition/server/referee.jar on run_19_csankhe_vdhankar #####
INPUT for csankhe:
GAME
BLACK
296.2
.b.b.b.b
b.b...b.
.b.b....
....w.b.
........
w.w.w...
.w.w...w
w.w.w.w.
##### Running: /usr/bin/time -o time_19_csankhe_vdhankar.txt -f "%U" python3 homework.py > stulog.txt 2>&1 on csankhe #####
##### SUCCESS: /usr/bin/time -o time_19_csankhe_vdhankar.txt -f "%U" python3 homework.py > stulog.txt 2>&1 on csankhe #####
##### csankhe plays [J d6 f4] in 0.42s #####
##### Running: /usr/lib/jvm/jdk-14.0.1/bin/java -jar /lab/itti/projects/checkers-competition/server/referee.jar on run_19_csankhe_vdhankar #####
Move is valid
##### SUCCESS: /usr/lib/jvm/jdk-14.0.1/bin/java -jar /lab/itti/projects/checkers-competition/server/referee.jar on run_19_csankhe_vdhankar #####
INPUT for vdhankar:
GAME
WHITE
277.929782629013
.b.b.b.b
b.b...b.
.b......
......b.
.....b..
w.w.w...
.w.w...w
w.w.w.w.
##### Running: /usr/bin/time -o time_19_csankhe_vdhankar.txt -f "%U" python3 homework.py > stulog.txt 2>&1 on vdhankar #####
child exited with value 1
##### ERROR: /usr/bin/time -o time_19_csankhe_vdhankar.txt -f "%U" python3 homework.py > stulog.txt 2>&1 on vdhankar #####
##### Output of failed program (stdout + stderr): #####
Traceback (most recent call last):
  File "homework.py", line 546, in <module>
    print(end-start)
NameError: name 'end' is not defined
##### End of output of failed program #####
##### vdhankar plays [E e1 f2] in 8.84736394882202s #####
##### Running: /usr/lib/jvm/jdk-14.0.1/bin/java -jar /lab/itti/projects/checkers-competition/server/referee.jar on run_19_csankhe_vdhankar #####
Move is valid
##### SUCCESS: /usr/lib/jvm/jdk-14.0.1/bin/java -jar /lab/itti/projects/checkers-competition/server/referee.jar on run_19_csankhe_vdhankar #####
INPUT for csankhe:
GAME
BLACK
295.78
.b.b.b.b
b.b...b.
.b......
......b.
.....b..
w.w.w...
.w.w.w.w
w.w...w.
##### Running: /usr/bin/time -o time_19_csankhe_vdhankar.txt -f "%U" python3 homework.py > stulog.txt 2>&1 on csankhe #####
##### SUCCESS: /usr/bin/time -o time_19_csankhe_vdhankar.txt -f "%U" python3 homework.py > stulog.txt 2>&1 on csankhe #####
##### csankhe plays [E b6 c5] in 1.14s #####
##### Running: /usr/lib/jvm/jdk-14.0.1/bin/java -jar /lab/itti/projects/checkers-competition/server/referee.jar on run_19_csankhe_vdhankar #####
Move is valid
##### SUCCESS: /usr/lib/jvm/jdk-14.0.1/bin/java -jar /lab/itti/projects/checkers-competition/server/referee.jar on run_19_csankhe_vdhankar #####
INPUT for vdhankar:
GAME
WHITE
269.082418680191
.b.b.b.b
b.b...b.
........
..b...b.
.....b..
w.w.w...
.w.w.w.w
w.w...w.
##### Running: /usr/bin/time -o time_19_csankhe_vdhankar.txt -f "%U" python3 homework.py > stulog.txt 2>&1 on vdhankar #####
child exited with value 1
##### ERROR: /usr/bin/time -o time_19_csankhe_vdhankar.txt -f "%U" python3 homework.py > stulog.txt 2>&1 on vdhankar #####
##### Output of failed program (stdout + stderr): #####
Traceback (most recent call last):
  File "homework.py", line 546, in <module>
    print(end-start)
NameError: name 'end' is not defined
##### End of output of failed program #####
##### vdhankar plays [E f2 g3] in 4.93059897422791s #####
##### Running: /usr/lib/jvm/jdk-14.0.1/bin/java -jar /lab/itti/projects/checkers-competition/server/referee.jar on run_19_csankhe_vdhankar #####
Move is valid
##### SUCCESS: /usr/lib/jvm/jdk-14.0.1/bin/java -jar /lab/itti/projects/checkers-competition/server/referee.jar on run_19_csankhe_vdhankar #####
INPUT for csankhe:
GAME
BLACK
294.64
.b.b.b.b
b.b...b.
........
..b...b.
.....b..
w.w.w.w.
.w.w...w
w.w...w.
##### Running: /usr/bin/time -o time_19_csankhe_vdhankar.txt -f "%U" python3 homework.py > stulog.txt 2>&1 on csankhe #####
##### SUCCESS: /usr/bin/time -o time_19_csankhe_vdhankar.txt -f "%U" python3 homework.py > stulog.txt 2>&1 on csankhe #####
##### csankhe plays [E f8 e7] in 0.42s #####
##### Running: /usr/lib/jvm/jdk-14.0.1/bin/java -jar /lab/itti/projects/checkers-competition/server/referee.jar on run_19_csankhe_vdhankar #####
Move is valid
##### SUCCESS: /usr/lib/jvm/jdk-14.0.1/bin/java -jar /lab/itti/projects/checkers-competition/server/referee.jar on run_19_csankhe_vdhankar #####
INPUT for vdhankar:
GAME
WHITE
264.151819705963
.b.b...b
b.b.b.b.
........
..b...b.
.....b..
w.w.w.w.
.w.w...w
w.w...w.
##### Running: /usr/bin/time -o time_19_csankhe_vdhankar.txt -f "%U" python3 homework.py > stulog.txt 2>&1 on vdhankar #####
child exited with value 1
##### ERROR: /usr/bin/time -o time_19_csankhe_vdhankar.txt -f "%U" python3 homework.py > stulog.txt 2>&1 on vdhankar #####
##### Output of failed program (stdout + stderr): #####
Traceback (most recent call last):
  File "homework.py", line 546, in <module>
    print(end-start)
NameError: name 'end' is not defined
##### End of output of failed program #####
##### vdhankar plays [J g3 e5] in 1.28218197822571s #####
##### Running: /usr/lib/jvm/jdk-14.0.1/bin/java -jar /lab/itti/projects/checkers-competition/server/referee.jar on run_19_csankhe_vdhankar #####
Move is valid
##### SUCCESS: /usr/lib/jvm/jdk-14.0.1/bin/java -jar /lab/itti/projects/checkers-competition/server/referee.jar on run_19_csankhe_vdhankar #####
INPUT for csankhe:
GAME
BLACK
294.22
.b.b...b
b.b.b.b.
........
..b.w.b.
........
w.w.w...
.w.w...w
w.w...w.
##### Running: /usr/bin/time -o time_19_csankhe_vdhankar.txt -f "%U" python3 homework.py > stulog.txt 2>&1 on csankhe #####
##### SUCCESS: /usr/bin/time -o time_19_csankhe_vdhankar.txt -f "%U" python3 homework.py > stulog.txt 2>&1 on csankhe #####
##### csankhe plays [E c7 d6] in 0.72s #####
##### Running: /usr/lib/jvm/jdk-14.0.1/bin/java -jar /lab/itti/projects/checkers-competition/server/referee.jar on run_19_csankhe_vdhankar #####
Move is valid
##### SUCCESS: /usr/lib/jvm/jdk-14.0.1/bin/java -jar /lab/itti/projects/checkers-competition/server/referee.jar on run_19_csankhe_vdhankar #####
INPUT for vdhankar:
GAME
WHITE
262.869637727737
.b.b...b
b...b.b.
...b....
..b.w.b.
........
w.w.w...
.w.w...w
w.w...w.
##### Running: /usr/bin/time -o time_19_csankhe_vdhankar.txt -f "%U" python3 homework.py > stulog.txt 2>&1 on vdhankar #####
child exited with value 1
##### ERROR: /usr/bin/time -o time_19_csankhe_vdhankar.txt -f "%U" python3 homework.py > stulog.txt 2>&1 on vdhankar #####
##### Output of failed program (stdout + stderr): #####
Traceback (most recent call last):
  File "homework.py", line 546, in <module>
    print(end-start)
NameError: name 'end' is not defined
##### End of output of failed program #####
##### vdhankar plays [J e5 c7] in 0.950445175170898s #####
##### Running: /usr/lib/jvm/jdk-14.0.1/bin/java -jar /lab/itti/projects/checkers-competition/server/referee.jar on run_19_csankhe_vdhankar #####
Move is valid
##### SUCCESS: /usr/lib/jvm/jdk-14.0.1/bin/java -jar /lab/itti/projects/checkers-competition/server/referee.jar on run_19_csankhe_vdhankar #####
INPUT for csankhe:
GAME
BLACK
293.5
.b.b...b
b.w.b.b.
........
..b...b.
........
w.w.w...
.w.w...w
w.w...w.
##### Running: /usr/bin/time -o time_19_csankhe_vdhankar.txt -f "%U" python3 homework.py > stulog.txt 2>&1 on csankhe #####
##### SUCCESS: /usr/bin/time -o time_19_csankhe_vdhankar.txt -f "%U" python3 homework.py > stulog.txt 2>&1 on csankhe #####
##### csankhe plays [J b8 d6] in 0.28s #####
##### Running: /usr/lib/jvm/jdk-14.0.1/bin/java -jar /lab/itti/projects/checkers-competition/server/referee.jar on run_19_csankhe_vdhankar #####
Move is valid
##### SUCCESS: /usr/lib/jvm/jdk-14.0.1/bin/java -jar /lab/itti/projects/checkers-competition/server/referee.jar on run_19_csankhe_vdhankar #####
INPUT for vdhankar:
GAME
WHITE
261.919192552567
...b...b
b...b.b.
...b....
..b...b.
........
w.w.w...
.w.w...w
w.w...w.
##### Running: /usr/bin/time -o time_19_csankhe_vdhankar.txt -f "%U" python3 homework.py > stulog.txt 2>&1 on vdhankar #####
child exited with value 1
##### ERROR: /usr/bin/time -o time_19_csankhe_vdhankar.txt -f "%U" python3 homework.py > stulog.txt 2>&1 on vdhankar #####
##### Output of failed program (stdout + stderr): #####
Traceback (most recent call last):
  File "homework.py", line 546, in <module>
    print(end-start)
NameError: name 'end' is not defined
##### End of output of failed program #####
##### vdhankar plays [E h2 g3] in 4.74252510070801s #####
##### Running: /usr/lib/jvm/jdk-14.0.1/bin/java -jar /lab/itti/projects/checkers-competition/server/referee.jar on run_19_csankhe_vdhankar #####
Move is valid
##### SUCCESS: /usr/lib/jvm/jdk-14.0.1/bin/java -jar /lab/itti/projects/checkers-competition/server/referee.jar on run_19_csankhe_vdhankar #####
INPUT for csankhe:
GAME
BLACK
293.22
...b...b
b...b.b.
...b....
..b...b.
........
w.w.w.w.
.w.w....
w.w...w.
##### Running: /usr/bin/time -o time_19_csankhe_vdhankar.txt -f "%U" python3 homework.py > stulog.txt 2>&1 on csankhe #####
##### SUCCESS: /usr/bin/time -o time_19_csankhe_vdhankar.txt -f "%U" python3 homework.py > stulog.txt 2>&1 on csankhe #####
##### csankhe plays [E g5 h4] in 0.95s #####
##### Running: /usr/lib/jvm/jdk-14.0.1/bin/java -jar /lab/itti/projects/checkers-competition/server/referee.jar on run_19_csankhe_vdhankar #####
Move is valid
##### SUCCESS: /usr/lib/jvm/jdk-14.0.1/bin/java -jar /lab/itti/projects/checkers-competition/server/referee.jar on run_19_csankhe_vdhankar #####
INPUT for vdhankar:
GAME
WHITE
257.176667451859
...b...b
b...b.b.
...b....
..b.....
.......b
w.w.w.w.
.w.w....
w.w...w.
##### Running: /usr/bin/time -o time_19_csankhe_vdhankar.txt -f "%U" python3 homework.py > stulog.txt 2>&1 on vdhankar #####
child exited with value 1
##### ERROR: /usr/bin/time -o time_19_csankhe_vdhankar.txt -f "%U" python3 homework.py > stulog.txt 2>&1 on vdhankar #####
##### Output of failed program (stdout + stderr): #####
Traceback (most recent call last):
  File "homework.py", line 546, in <module>
    print(end-start)
NameError: name 'end' is not defined
##### End of output of failed program #####
##### vdhankar plays [E g3 f4] in 4.80868196487427s #####
##### Running: /usr/lib/jvm/jdk-14.0.1/bin/java -jar /lab/itti/projects/checkers-competition/server/referee.jar on run_19_csankhe_vdhankar #####
Move is valid
##### SUCCESS: /usr/lib/jvm/jdk-14.0.1/bin/java -jar /lab/itti/projects/checkers-competition/server/referee.jar on run_19_csankhe_vdhankar #####
INPUT for csankhe:
GAME
BLACK
292.27
...b...b
b...b.b.
...b....
..b.....
.....w.b
w.w.w...
.w.w....
w.w...w.
##### Running: /usr/bin/time -o time_19_csankhe_vdhankar.txt -f "%U" python3 homework.py > stulog.txt 2>&1 on csankhe #####
##### SUCCESS: /usr/bin/time -o time_19_csankhe_vdhankar.txt -f "%U" python3 homework.py > stulog.txt 2>&1 on csankhe #####
##### csankhe plays [E h4 g3] in 0.47s #####
##### Running: /usr/lib/jvm/jdk-14.0.1/bin/java -jar /lab/itti/projects/checkers-competition/server/referee.jar on run_19_csankhe_vdhankar #####
Move is valid
##### SUCCESS: /usr/lib/jvm/jdk-14.0.1/bin/java -jar /lab/itti/projects/checkers-competition/server/referee.jar on run_19_csankhe_vdhankar #####
INPUT for vdhankar:
GAME
WHITE
252.367985486984
...b...b
b...b.b.
...b....
..b.....
.....w..
w.w.w.b.
.w.w....
w.w...w.
##### Running: /usr/bin/time -o time_19_csankhe_vdhankar.txt -f "%U" python3 homework.py > stulog.txt 2>&1 on vdhankar #####
child exited with value 1
##### ERROR: /usr/bin/time -o time_19_csankhe_vdhankar.txt -f "%U" python3 homework.py > stulog.txt 2>&1 on vdhankar #####
##### Output of failed program (stdout + stderr): #####
Traceback (most recent call last):
  File "homework.py", line 546, in <module>
    print(end-start)
NameError: name 'end' is not defined
##### End of output of failed program #####
##### vdhankar plays [E c3 d4] in 3.00493812561035s #####
##### Running: /usr/lib/jvm/jdk-14.0.1/bin/java -jar /lab/itti/projects/checkers-competition/server/referee.jar on run_19_csankhe_vdhankar #####
Move is valid
##### SUCCESS: /usr/lib/jvm/jdk-14.0.1/bin/java -jar /lab/itti/projects/checkers-competition/server/referee.jar on run_19_csankhe_vdhankar #####
INPUT for csankhe:
GAME
BLACK
291.8
...b...b
b...b.b.
...b....
..b.....
...w.w..
w...w.b.
.w.w....
w.w...w.
##### Running: /usr/bin/time -o time_19_csankhe_vdhankar.txt -f "%U" python3 homework.py > stulog.txt 2>&1 on csankhe #####
##### SUCCESS: /usr/bin/time -o time_19_csankhe_vdhankar.txt -f "%U" python3 homework.py > stulog.txt 2>&1 on csankhe #####
##### csankhe plays [E g3 f2] in 0.36s #####
##### Running: /usr/lib/jvm/jdk-14.0.1/bin/java -jar /lab/itti/projects/checkers-competition/server/referee.jar on run_19_csankhe_vdhankar #####
Move is valid
##### SUCCESS: /usr/lib/jvm/jdk-14.0.1/bin/java -jar /lab/itti/projects/checkers-competition/server/referee.jar on run_19_csankhe_vdhankar #####
INPUT for vdhankar:
GAME
WHITE
249.363047361374
...b...b
b...b.b.
...b....
..b.....
...w.w..
w...w...
.w.w.b..
w.w...w.
##### Running: /usr/bin/time -o time_19_csankhe_vdhankar.txt -f "%U" python3 homework.py > stulog.txt 2>&1 on vdhankar #####
child exited with value 1
##### ERROR: /usr/bin/time -o time_19_csankhe_vdhankar.txt -f "%U" python3 homework.py > stulog.txt 2>&1 on vdhankar #####
##### Output of failed program (stdout + stderr): #####
Traceback (most recent call last):
  File "homework.py", line 546, in <module>
    print(end-start)
NameError: name 'end' is not defined
##### End of output of failed program #####
##### vdhankar plays [J d4 b6] in 0.82224702835083s #####
##### Running: /usr/lib/jvm/jdk-14.0.1/bin/java -jar /lab/itti/projects/checkers-competition/server/referee.jar on run_19_csankhe_vdhankar #####
Move is valid
##### SUCCESS: /usr/lib/jvm/jdk-14.0.1/bin/java -jar /lab/itti/projects/checkers-competition/server/referee.jar on run_19_csankhe_vdhankar #####
INPUT for csankhe:
GAME
BLACK
291.44
...b...b
b...b.b.
.w.b....
........
.....w..
w...w...
.w.w.b..
w.w...w.
##### Running: /usr/bin/time -o time_19_csankhe_vdhankar.txt -f "%U" python3 homework.py > stulog.txt 2>&1 on csankhe #####
##### SUCCESS: /usr/bin/time -o time_19_csankhe_vdhankar.txt -f "%U" python3 homework.py > stulog.txt 2>&1 on csankhe #####
##### csankhe plays [J a7 c5] in 0.15s #####
##### Running: /usr/lib/jvm/jdk-14.0.1/bin/java -jar /lab/itti/projects/checkers-competition/server/referee.jar on run_19_csankhe_vdhankar #####
Move is valid
##### SUCCESS: /usr/lib/jvm/jdk-14.0.1/bin/java -jar /lab/itti/projects/checkers-competition/server/referee.jar on run_19_csankhe_vdhankar #####
INPUT for vdhankar:
GAME
WHITE
248.540800333023
...b...b
....b.b.
...b....
..b.....
.....w..
w...w...
.w.w.b..
w.w...w.
##### Running: /usr/bin/time -o time_19_csankhe_vdhankar.txt -f "%U" python3 homework.py > stulog.txt 2>&1 on vdhankar #####
child exited with value 1
##### ERROR: /usr/bin/time -o time_19_csankhe_vdhankar.txt -f "%U" python3 homework.py > stulog.txt 2>&1 on vdhankar #####
##### Output of failed program (stdout + stderr): #####
Traceback (most recent call last):
  File "homework.py", line 546, in <module>
    print(end-start)
NameError: name 'end' is not defined
##### End of output of failed program #####
##### vdhankar plays [E b2 c3] in 3.33663487434387s #####
##### Running: /usr/lib/jvm/jdk-14.0.1/bin/java -jar /lab/itti/projects/checkers-competition/server/referee.jar on run_19_csankhe_vdhankar #####
Move is valid
##### SUCCESS: /usr/lib/jvm/jdk-14.0.1/bin/java -jar /lab/itti/projects/checkers-competition/server/referee.jar on run_19_csankhe_vdhankar #####
INPUT for csankhe:
GAME
BLACK
291.29
...b...b
....b.b.
...b....
..b.....
.....w..
w.w.w...
...w.b..
w.w...w.
##### Running: /usr/bin/time -o time_19_csankhe_vdhankar.txt -f "%U" python3 homework.py > stulog.txt 2>&1 on csankhe #####
##### SUCCESS: /usr/bin/time -o time_19_csankhe_vdhankar.txt -f "%U" python3 homework.py > stulog.txt 2>&1 on csankhe #####
##### csankhe plays [E c5 d4] in 0.58s #####
##### Running: /usr/lib/jvm/jdk-14.0.1/bin/java -jar /lab/itti/projects/checkers-competition/server/referee.jar on run_19_csankhe_vdhankar #####
Move is valid
##### SUCCESS: /usr/lib/jvm/jdk-14.0.1/bin/java -jar /lab/itti/projects/checkers-competition/server/referee.jar on run_19_csankhe_vdhankar #####
INPUT for vdhankar:
GAME
WHITE
245.204165458679
...b...b
....b.b.
...b....
........
...b.w..
w.w.w...
...w.b..
w.w...w.
##### Running: /usr/bin/time -o time_19_csankhe_vdhankar.txt -f "%U" python3 homework.py > stulog.txt 2>&1 on vdhankar #####
child exited with value 1
##### ERROR: /usr/bin/time -o time_19_csankhe_vdhankar.txt -f "%U" python3 homework.py > stulog.txt 2>&1 on vdhankar #####
##### Output of failed program (stdout + stderr): #####
Traceback (most recent call last):
  File "homework.py", line 546, in <module>
    print(end-start)
NameError: name 'end' is not defined
##### End of output of failed program #####
##### vdhankar plays [J e3 c5] in 1.05456900596619s #####
##### Running: /usr/lib/jvm/jdk-14.0.1/bin/java -jar /lab/itti/projects/checkers-competition/server/referee.jar on run_19_csankhe_vdhankar #####
Move is valid
##### SUCCESS: /usr/lib/jvm/jdk-14.0.1/bin/java -jar /lab/itti/projects/checkers-competition/server/referee.jar on run_19_csankhe_vdhankar #####
INPUT for csankhe:
GAME
BLACK
290.71
...b...b
....b.b.
...b....
..w.....
.....w..
w.w.....
...w.b..
w.w...w.
##### Running: /usr/bin/time -o time_19_csankhe_vdhankar.txt -f "%U" python3 homework.py > stulog.txt 2>&1 on csankhe #####
##### SUCCESS: /usr/bin/time -o time_19_csankhe_vdhankar.txt -f "%U" python3 homework.py > stulog.txt 2>&1 on csankhe #####
##### csankhe plays [J d6 b4] in 0.08s #####
##### Running: /usr/lib/jvm/jdk-14.0.1/bin/java -jar /lab/itti/projects/checkers-competition/server/referee.jar on run_19_csankhe_vdhankar #####
Move is valid
##### SUCCESS: /usr/lib/jvm/jdk-14.0.1/bin/java -jar /lab/itti/projects/checkers-competition/server/referee.jar on run_19_csankhe_vdhankar #####
INPUT for vdhankar:
GAME
WHITE
244.149596452713
...b...b
....b.b.
........
........
.b...w..
w.w.....
...w.b..
w.w...w.
##### Running: /usr/bin/time -o time_19_csankhe_vdhankar.txt -f "%U" python3 homework.py > stulog.txt 2>&1 on vdhankar #####
child exited with value 1
##### ERROR: /usr/bin/time -o time_19_csankhe_vdhankar.txt -f "%U" python3 homework.py > stulog.txt 2>&1 on vdhankar #####
##### Output of failed program (stdout + stderr): #####
Traceback (most recent call last):
  File "homework.py", line 546, in <module>
    print(end-start)
NameError: name 'end' is not defined
##### End of output of failed program #####
##### vdhankar plays [J g1 e3] in 1.80579686164856s #####
##### Running: /usr/lib/jvm/jdk-14.0.1/bin/java -jar /lab/itti/projects/checkers-competition/server/referee.jar on run_19_csankhe_vdhankar #####
Move is valid
##### SUCCESS: /usr/lib/jvm/jdk-14.0.1/bin/java -jar /lab/itti/projects/checkers-competition/server/referee.jar on run_19_csankhe_vdhankar #####
INPUT for csankhe:
GAME
BLACK
290.63
...b...b
....b.b.
........
........
.b...w..
w.w.w...
...w....
w.w.....
##### Running: /usr/bin/time -o time_19_csankhe_vdhankar.txt -f "%U" python3 homework.py > stulog.txt 2>&1 on csankhe #####
##### SUCCESS: /usr/bin/time -o time_19_csankhe_vdhankar.txt -f "%U" python3 homework.py > stulog.txt 2>&1 on csankhe #####
##### csankhe plays [E g7 h6] in 0.21s #####
##### Running: /usr/lib/jvm/jdk-14.0.1/bin/java -jar /lab/itti/projects/checkers-competition/server/referee.jar on run_19_csankhe_vdhankar #####
Move is valid
##### SUCCESS: /usr/lib/jvm/jdk-14.0.1/bin/java -jar /lab/itti/projects/checkers-competition/server/referee.jar on run_19_csankhe_vdhankar #####
INPUT for vdhankar:
GAME
WHITE
242.343799591064
...b...b
....b...
.......b
........
.b...w..
w.w.w...
...w....
w.w.....
##### Running: /usr/bin/time -o time_19_csankhe_vdhankar.txt -f "%U" python3 homework.py > stulog.txt 2>&1 on vdhankar #####
child exited with value 1
##### ERROR: /usr/bin/time -o time_19_csankhe_vdhankar.txt -f "%U" python3 homework.py > stulog.txt 2>&1 on vdhankar #####
##### Output of failed program (stdout + stderr): #####
Traceback (most recent call last):
  File "homework.py", line 546, in <module>
    print(end-start)
NameError: name 'end' is not defined
##### End of output of failed program #####
##### vdhankar plays [J a3 c5] in 1.91886520385742s #####
##### Running: /usr/lib/jvm/jdk-14.0.1/bin/java -jar /lab/itti/projects/checkers-competition/server/referee.jar on run_19_csankhe_vdhankar #####
Move is valid
##### SUCCESS: /usr/lib/jvm/jdk-14.0.1/bin/java -jar /lab/itti/projects/checkers-competition/server/referee.jar on run_19_csankhe_vdhankar #####
INPUT for csankhe:
GAME
BLACK
290.42
...b...b
....b...
.......b
..w.....
.....w..
..w.w...
...w....
w.w.....
##### Running: /usr/bin/time -o time_19_csankhe_vdhankar.txt -f "%U" python3 homework.py > stulog.txt 2>&1 on csankhe #####
##### SUCCESS: /usr/bin/time -o time_19_csankhe_vdhankar.txt -f "%U" python3 homework.py > stulog.txt 2>&1 on csankhe #####
##### csankhe plays [E h6 g5] in 0.26s #####
##### Running: /usr/lib/jvm/jdk-14.0.1/bin/java -jar /lab/itti/projects/checkers-competition/server/referee.jar on run_19_csankhe_vdhankar #####
Move is valid
##### SUCCESS: /usr/lib/jvm/jdk-14.0.1/bin/java -jar /lab/itti/projects/checkers-competition/server/referee.jar on run_19_csankhe_vdhankar #####
INPUT for vdhankar:
GAME
WHITE
240.424934387207
...b...b
....b...
........
..w...b.
.....w..
..w.w...
...w....
w.w.....
##### Running: /usr/bin/time -o time_19_csankhe_vdhankar.txt -f "%U" python3 homework.py > stulog.txt 2>&1 on vdhankar #####
child exited with value 1
##### ERROR: /usr/bin/time -o time_19_csankhe_vdhankar.txt -f "%U" python3 homework.py > stulog.txt 2>&1 on vdhankar #####
##### Output of failed program (stdout + stderr): #####
Traceback (most recent call last):
  File "homework.py", line 546, in <module>
    print(end-start)
NameError: name 'end' is not defined
##### End of output of failed program #####
##### vdhankar plays [J f4 h6] in 0.478648900985718s #####
##### Running: /usr/lib/jvm/jdk-14.0.1/bin/java -jar /lab/itti/projects/checkers-competition/server/referee.jar on run_19_csankhe_vdhankar #####
Move is valid
##### SUCCESS: /usr/lib/jvm/jdk-14.0.1/bin/java -jar /lab/itti/projects/checkers-competition/server/referee.jar on run_19_csankhe_vdhankar #####
INPUT for csankhe:
GAME
BLACK
290.16
...b...b
....b...
.......w
..w.....
........
..w.w...
...w....
w.w.....
##### Running: /usr/bin/time -o time_19_csankhe_vdhankar.txt -f "%U" python3 homework.py > stulog.txt 2>&1 on csankhe #####
##### SUCCESS: /usr/bin/time -o time_19_csankhe_vdhankar.txt -f "%U" python3 homework.py > stulog.txt 2>&1 on csankhe #####
##### csankhe plays [E e7 d6] in 0.12s #####
##### Running: /usr/lib/jvm/jdk-14.0.1/bin/java -jar /lab/itti/projects/checkers-competition/server/referee.jar on run_19_csankhe_vdhankar #####
Move is valid
##### SUCCESS: /usr/lib/jvm/jdk-14.0.1/bin/java -jar /lab/itti/projects/checkers-competition/server/referee.jar on run_19_csankhe_vdhankar #####
INPUT for vdhankar:
GAME
WHITE
239.946285486221
...b...b
........
...b...w
..w.....
........
..w.w...
...w....
w.w.....
##### Running: /usr/bin/time -o time_19_csankhe_vdhankar.txt -f "%U" python3 homework.py > stulog.txt 2>&1 on vdhankar #####
child exited with value 1
##### ERROR: /usr/bin/time -o time_19_csankhe_vdhankar.txt -f "%U" python3 homework.py > stulog.txt 2>&1 on vdhankar #####
##### Output of failed program (stdout + stderr): #####
Traceback (most recent call last):
  File "homework.py", line 546, in <module>
    print(end-start)
NameError: name 'end' is not defined
##### End of output of failed program #####
##### vdhankar plays [J c5 e7] in 0.359129905700684s #####
##### Running: /usr/lib/jvm/jdk-14.0.1/bin/java -jar /lab/itti/projects/checkers-competition/server/referee.jar on run_19_csankhe_vdhankar #####
Move is valid
##### SUCCESS: /usr/lib/jvm/jdk-14.0.1/bin/java -jar /lab/itti/projects/checkers-competition/server/referee.jar on run_19_csankhe_vdhankar #####
INPUT for csankhe:
GAME
BLACK
290.04
...b...b
....w...
.......w
........
........
..w.w...
...w....
w.w.....
##### Running: /usr/bin/time -o time_19_csankhe_vdhankar.txt -f "%U" python3 homework.py > stulog.txt 2>&1 on csankhe #####
##### SUCCESS: /usr/bin/time -o time_19_csankhe_vdhankar.txt -f "%U" python3 homework.py > stulog.txt 2>&1 on csankhe #####
##### csankhe plays [J d8 f6] in 0.08s #####
##### Running: /usr/lib/jvm/jdk-14.0.1/bin/java -jar /lab/itti/projects/checkers-competition/server/referee.jar on run_19_csankhe_vdhankar #####
Move is valid
##### SUCCESS: /usr/lib/jvm/jdk-14.0.1/bin/java -jar /lab/itti/projects/checkers-competition/server/referee.jar on run_19_csankhe_vdhankar #####
INPUT for vdhankar:
GAME
WHITE
239.587155580521
.......b
........
.....b.w
........
........
..w.w...
...w....
w.w.....
##### Running: /usr/bin/time -o time_19_csankhe_vdhankar.txt -f "%U" python3 homework.py > stulog.txt 2>&1 on vdhankar #####
child exited with value 1
##### ERROR: /usr/bin/time -o time_19_csankhe_vdhankar.txt -f "%U" python3 homework.py > stulog.txt 2>&1 on vdhankar #####
##### Output of failed program (stdout + stderr): #####
Traceback (most recent call last):
  File "homework.py", line 546, in <module>
    print(end-start)
NameError: name 'end' is not defined
##### End of output of failed program #####
##### vdhankar plays [E c3 b4] in 0.375438928604126s #####
##### Running: /usr/lib/jvm/jdk-14.0.1/bin/java -jar /lab/itti/projects/checkers-competition/server/referee.jar on run_19_csankhe_vdhankar #####
Move is valid
##### SUCCESS: /usr/lib/jvm/jdk-14.0.1/bin/java -jar /lab/itti/projects/checkers-competition/server/referee.jar on run_19_csankhe_vdhankar #####
INPUT for csankhe:
GAME
BLACK
289.96
.......b
........
.....b.w
........
.w......
....w...
...w....
w.w.....
##### Running: /usr/bin/time -o time_19_csankhe_vdhankar.txt -f "%U" python3 homework.py > stulog.txt 2>&1 on csankhe #####
##### SUCCESS: /usr/bin/time -o time_19_csankhe_vdhankar.txt -f "%U" python3 homework.py > stulog.txt 2>&1 on csankhe #####
##### csankhe plays [E f6 g5] in 0.1s #####
##### Running: /usr/lib/jvm/jdk-14.0.1/bin/java -jar /lab/itti/projects/checkers-competition/server/referee.jar on run_19_csankhe_vdhankar #####
Move is valid
##### SUCCESS: /usr/lib/jvm/jdk-14.0.1/bin/java -jar /lab/itti/projects/checkers-competition/server/referee.jar on run_19_csankhe_vdhankar #####
INPUT for vdhankar:
GAME
WHITE
239.211716651917
.......b
........
.......w
......b.
.w......
....w...
...w....
w.w.....
##### Running: /usr/bin/time -o time_19_csankhe_vdhankar.txt -f "%U" python3 homework.py > stulog.txt 2>&1 on vdhankar #####
child exited with value 1
##### ERROR: /usr/bin/time -o time_19_csankhe_vdhankar.txt -f "%U" python3 homework.py > stulog.txt 2>&1 on vdhankar #####
##### Output of failed program (stdout + stderr): #####
Traceback (most recent call last):
  File "homework.py", line 546, in <module>
    print(end-start)
NameError: name 'end' is not defined
##### End of output of failed program #####
##### vdhankar plays [E h6 g7] in 0.29655385017395s #####
##### Running: /usr/lib/jvm/jdk-14.0.1/bin/java -jar /lab/itti/projects/checkers-competition/server/referee.jar on run_19_csankhe_vdhankar #####
Move is valid
##### SUCCESS: /usr/lib/jvm/jdk-14.0.1/bin/java -jar /lab/itti/projects/checkers-competition/server/referee.jar on run_19_csankhe_vdhankar #####
INPUT for csankhe:
GAME
BLACK
289.86
.......b
......w.
........
......b.
.w......
....w...
...w....
w.w.....
##### Running: /usr/bin/time -o time_19_csankhe_vdhankar.txt -f "%U" python3 homework.py > stulog.txt 2>&1 on csankhe #####
##### SUCCESS: /usr/bin/time -o time_19_csankhe_vdhankar.txt -f "%U" python3 homework.py > stulog.txt 2>&1 on csankhe #####
##### csankhe plays [J h8 f6] in 0.07s #####
##### Running: /usr/lib/jvm/jdk-14.0.1/bin/java -jar /lab/itti/projects/checkers-competition/server/referee.jar on run_19_csankhe_vdhankar #####
Move is valid
##### SUCCESS: /usr/lib/jvm/jdk-14.0.1/bin/java -jar /lab/itti/projects/checkers-competition/server/referee.jar on run_19_csankhe_vdhankar #####
INPUT for vdhankar:
GAME
WHITE
238.915162801743
........
........
.....b..
......b.
.w......
....w...
...w....
w.w.....
##### Running: /usr/bin/time -o time_19_csankhe_vdhankar.txt -f "%U" python3 homework.py > stulog.txt 2>&1 on vdhankar #####
child exited with value 1
##### ERROR: /usr/bin/time -o time_19_csankhe_vdhankar.txt -f "%U" python3 homework.py > stulog.txt 2>&1 on vdhankar #####
##### Output of failed program (stdout + stderr): #####
Traceback (most recent call last):
  File "homework.py", line 546, in <module>
    print(end-start)
NameError: name 'end' is not defined
##### End of output of failed program #####
##### vdhankar plays [E e3 f4] in 1.3760929107666s #####
##### Running: /usr/lib/jvm/jdk-14.0.1/bin/java -jar /lab/itti/projects/checkers-competition/server/referee.jar on run_19_csankhe_vdhankar #####
Move is valid
##### SUCCESS: /usr/lib/jvm/jdk-14.0.1/bin/java -jar /lab/itti/projects/checkers-competition/server/referee.jar on run_19_csankhe_vdhankar #####
INPUT for csankhe:
GAME
BLACK
289.79
........
........
.....b..
......b.
.w...w..
........
...w....
w.w.....
##### Running: /usr/bin/time -o time_19_csankhe_vdhankar.txt -f "%U" python3 homework.py > stulog.txt 2>&1 on csankhe #####
##### SUCCESS: /usr/bin/time -o time_19_csankhe_vdhankar.txt -f "%U" python3 homework.py > stulog.txt 2>&1 on csankhe #####
##### csankhe plays [J g5 e3] in 0.03s #####
##### Running: /usr/lib/jvm/jdk-14.0.1/bin/java -jar /lab/itti/projects/checkers-competition/server/referee.jar on run_19_csankhe_vdhankar #####
Move is valid
##### SUCCESS: /usr/lib/jvm/jdk-14.0.1/bin/java -jar /lab/itti/projects/checkers-competition/server/referee.jar on run_19_csankhe_vdhankar #####
INPUT for vdhankar:
GAME
WHITE
237.539069890976
........
........
.....b..
........
.w......
....b...
...w....
w.w.....
##### Running: /usr/bin/time -o time_19_csankhe_vdhankar.txt -f "%U" python3 homework.py > stulog.txt 2>&1 on vdhankar #####
child exited with value 1
##### ERROR: /usr/bin/time -o time_19_csankhe_vdhankar.txt -f "%U" python3 homework.py > stulog.txt 2>&1 on vdhankar #####
##### Output of failed program (stdout + stderr): #####
Traceback (most recent call last):
  File "homework.py", line 546, in <module>
    print(end-start)
NameError: name 'end' is not defined
##### End of output of failed program #####
##### vdhankar plays [J d2 f4] in 0.198694944381714s #####
##### Running: /usr/lib/jvm/jdk-14.0.1/bin/java -jar /lab/itti/projects/checkers-competition/server/referee.jar on run_19_csankhe_vdhankar #####
Move is valid
##### SUCCESS: /usr/lib/jvm/jdk-14.0.1/bin/java -jar /lab/itti/projects/checkers-competition/server/referee.jar on run_19_csankhe_vdhankar #####
INPUT for csankhe:
GAME
BLACK
289.76
........
........
.....b..
........
.w...w..
........
........
w.w.....
##### Running: /usr/bin/time -o time_19_csankhe_vdhankar.txt -f "%U" python3 homework.py > stulog.txt 2>&1 on csankhe #####
##### SUCCESS: /usr/bin/time -o time_19_csankhe_vdhankar.txt -f "%U" python3 homework.py > stulog.txt 2>&1 on csankhe #####
##### csankhe plays [E f6 g5] in 0.03s #####
##### Running: /usr/lib/jvm/jdk-14.0.1/bin/java -jar /lab/itti/projects/checkers-competition/server/referee.jar on run_19_csankhe_vdhankar #####
Move is valid
##### SUCCESS: /usr/lib/jvm/jdk-14.0.1/bin/java -jar /lab/itti/projects/checkers-competition/server/referee.jar on run_19_csankhe_vdhankar #####
INPUT for vdhankar:
GAME
WHITE
237.340374946594
........
........
........
......b.
.w...w..
........
........
w.w.....
##### Running: /usr/bin/time -o time_19_csankhe_vdhankar.txt -f "%U" python3 homework.py > stulog.txt 2>&1 on vdhankar #####
child exited with value 1
##### ERROR: /usr/bin/time -o time_19_csankhe_vdhankar.txt -f "%U" python3 homework.py > stulog.txt 2>&1 on vdhankar #####
##### Output of failed program (stdout + stderr): #####
Traceback (most recent call last):
  File "homework.py", line 546, in <module>
    print(end-start)
NameError: name 'end' is not defined
##### End of output of failed program #####
##### vdhankar plays [J f4 h6] in 0.197869062423706s #####
##### Running: /usr/lib/jvm/jdk-14.0.1/bin/java -jar /lab/itti/projects/checkers-competition/server/referee.jar on run_19_csankhe_vdhankar #####
Move is valid
After this move, player BLACK cannot make any moves
*** Winner: WHITE ***
##### SUCCESS: /usr/lib/jvm/jdk-14.0.1/bin/java -jar /lab/itti/projects/checkers-competition/server/referee.jar on run_19_csankhe_vdhankar #####
##### GAME OVER: vdhankar wins the game! #####
Server said: WIN
########## ROUND 19 GAMESCORE AFTER GAME 4: csankhe=2 and vdhankar=2 ##########


########## TIE ON ROUND 19 - BOTH PLAYERS ADVANCE TO NEXT ROUND ##########
