#################### ROUND 19: vdhankar (B) vs zizhaoh (W): game 1 ####################
##### game start! #####
INPUT for vdhankar:
GAME
BLACK
300
.b.b.b.b
b.b.b.b.
.b.b.b.b
........
........
w.w.w.w.
.w.w.w.w
w.w.w.w.
##### Running: /usr/bin/time -o time_19_vdhankar_zizhaoh.txt -f "%U" python3 homework.py > stulog.txt 2>&1 on vdhankar #####
child exited with value 1
##### ERROR: /usr/bin/time -o time_19_vdhankar_zizhaoh.txt -f "%U" python3 homework.py > stulog.txt 2>&1 on vdhankar #####
##### Output of failed program (stdout + stderr): #####
Traceback (most recent call last):
  File "homework.py", line 546, in <module>
    print(end-start)
NameError: name 'end' is not defined
##### End of output of failed program #####
##### vdhankar plays [E h6 g5] in 7.3665668964386s #####
##### Running: /usr/lib/jvm/jdk-14.0.1/bin/java -jar /lab/itti/projects/checkers-competition/server/referee.jar on run_19_vdhankar_zizhaoh #####
Move is valid
Couldn't read file 'current_ply.txt'
Couldn't read content from file 'current_ply.txt'
Couldn't read file 'lastmatchange_ply.txt'
Couldn't read content from file 'lastmatchange_ply.txt'
##### SUCCESS: /usr/lib/jvm/jdk-14.0.1/bin/java -jar /lab/itti/projects/checkers-competition/server/referee.jar on run_19_vdhankar_zizhaoh #####
INPUT for zizhaoh:
GAME
WHITE
300
.b.b.b.b
b.b.b.b.
.b.b.b..
......b.
........
w.w.w.w.
.w.w.w.w
w.w.w.w.
##### Running: /usr/bin/time -o time_19_vdhankar_zizhaoh.txt -f "%U" python3 homework.py > stulog.txt 2>&1 on zizhaoh #####
##### SUCCESS: /usr/bin/time -o time_19_vdhankar_zizhaoh.txt -f "%U" python3 homework.py > stulog.txt 2>&1 on zizhaoh #####
##### zizhaoh plays [E a3 b4 ] in 3.98s #####
##### Running: /usr/lib/jvm/jdk-14.0.1/bin/java -jar /lab/itti/projects/checkers-competition/server/referee.jar on run_19_vdhankar_zizhaoh #####
Move is valid
##### SUCCESS: /usr/lib/jvm/jdk-14.0.1/bin/java -jar /lab/itti/projects/checkers-competition/server/referee.jar on run_19_vdhankar_zizhaoh #####
INPUT for vdhankar:
GAME
BLACK
292.633433103561
.b.b.b.b
b.b.b.b.
.b.b.b..
......b.
.w......
..w.w.w.
.w.w.w.w
w.w.w.w.
##### Running: /usr/bin/time -o time_19_vdhankar_zizhaoh.txt -f "%U" python3 homework.py > stulog.txt 2>&1 on vdhankar #####
child exited with value 1
##### ERROR: /usr/bin/time -o time_19_vdhankar_zizhaoh.txt -f "%U" python3 homework.py > stulog.txt 2>&1 on vdhankar #####
##### Output of failed program (stdout + stderr): #####
Traceback (most recent call last):
  File "homework.py", line 546, in <module>
    print(end-start)
NameError: name 'end' is not defined
##### End of output of failed program #####
##### vdhankar plays [E g5 h4] in 6.90044093132019s #####
##### Running: /usr/lib/jvm/jdk-14.0.1/bin/java -jar /lab/itti/projects/checkers-competition/server/referee.jar on run_19_vdhankar_zizhaoh #####
Move is valid
##### SUCCESS: /usr/lib/jvm/jdk-14.0.1/bin/java -jar /lab/itti/projects/checkers-competition/server/referee.jar on run_19_vdhankar_zizhaoh #####
INPUT for zizhaoh:
GAME
WHITE
296.02
.b.b.b.b
b.b.b.b.
.b.b.b..
........
.w.....b
..w.w.w.
.w.w.w.w
w.w.w.w.
##### Running: /usr/bin/time -o time_19_vdhankar_zizhaoh.txt -f "%U" python3 homework.py > stulog.txt 2>&1 on zizhaoh #####
##### SUCCESS: /usr/bin/time -o time_19_vdhankar_zizhaoh.txt -f "%U" python3 homework.py > stulog.txt 2>&1 on zizhaoh #####
##### zizhaoh plays [E b4 a5 ] in 4.25s #####
##### Running: /usr/lib/jvm/jdk-14.0.1/bin/java -jar /lab/itti/projects/checkers-competition/server/referee.jar on run_19_vdhankar_zizhaoh #####
Move is valid
##### SUCCESS: /usr/lib/jvm/jdk-14.0.1/bin/java -jar /lab/itti/projects/checkers-competition/server/referee.jar on run_19_vdhankar_zizhaoh #####
INPUT for vdhankar:
GAME
BLACK
285.732992172241
.b.b.b.b
b.b.b.b.
.b.b.b..
w.......
.......b
..w.w.w.
.w.w.w.w
w.w.w.w.
##### Running: /usr/bin/time -o time_19_vdhankar_zizhaoh.txt -f "%U" python3 homework.py > stulog.txt 2>&1 on vdhankar #####
child exited with value 1
##### ERROR: /usr/bin/time -o time_19_vdhankar_zizhaoh.txt -f "%U" python3 homework.py > stulog.txt 2>&1 on vdhankar #####
##### Output of failed program (stdout + stderr): #####
Traceback (most recent call last):
  File "homework.py", line 546, in <module>
    print(end-start)
NameError: name 'end' is not defined
##### End of output of failed program #####
##### vdhankar plays [E d6 e5] in 6.53332114219666s #####
##### Running: /usr/lib/jvm/jdk-14.0.1/bin/java -jar /lab/itti/projects/checkers-competition/server/referee.jar on run_19_vdhankar_zizhaoh #####
Move is valid
##### SUCCESS: /usr/lib/jvm/jdk-14.0.1/bin/java -jar /lab/itti/projects/checkers-competition/server/referee.jar on run_19_vdhankar_zizhaoh #####
INPUT for zizhaoh:
GAME
WHITE
291.77
.b.b.b.b
b.b.b.b.
.b...b..
w...b...
.......b
..w.w.w.
.w.w.w.w
w.w.w.w.
##### Running: /usr/bin/time -o time_19_vdhankar_zizhaoh.txt -f "%U" python3 homework.py > stulog.txt 2>&1 on zizhaoh #####
##### SUCCESS: /usr/bin/time -o time_19_vdhankar_zizhaoh.txt -f "%U" python3 homework.py > stulog.txt 2>&1 on zizhaoh #####
##### zizhaoh plays [E c3 b4 ] in 1.87s #####
##### Running: /usr/lib/jvm/jdk-14.0.1/bin/java -jar /lab/itti/projects/checkers-competition/server/referee.jar on run_19_vdhankar_zizhaoh #####
Move is valid
##### SUCCESS: /usr/lib/jvm/jdk-14.0.1/bin/java -jar /lab/itti/projects/checkers-competition/server/referee.jar on run_19_vdhankar_zizhaoh #####
INPUT for vdhankar:
GAME
BLACK
279.199671030045
.b.b.b.b
b.b.b.b.
.b...b..
w...b...
.w.....b
....w.w.
.w.w.w.w
w.w.w.w.
##### Running: /usr/bin/time -o time_19_vdhankar_zizhaoh.txt -f "%U" python3 homework.py > stulog.txt 2>&1 on vdhankar #####
child exited with value 1
##### ERROR: /usr/bin/time -o time_19_vdhankar_zizhaoh.txt -f "%U" python3 homework.py > stulog.txt 2>&1 on vdhankar #####
##### Output of failed program (stdout + stderr): #####
Traceback (most recent call last):
  File "homework.py", line 546, in <module>
    print(end-start)
NameError: name 'end' is not defined
##### End of output of failed program #####
##### vdhankar plays [E e7 d6] in 3.78487205505371s #####
##### Running: /usr/lib/jvm/jdk-14.0.1/bin/java -jar /lab/itti/projects/checkers-competition/server/referee.jar on run_19_vdhankar_zizhaoh #####
Move is valid
##### SUCCESS: /usr/lib/jvm/jdk-14.0.1/bin/java -jar /lab/itti/projects/checkers-competition/server/referee.jar on run_19_vdhankar_zizhaoh #####
INPUT for zizhaoh:
GAME
WHITE
289.9
.b.b.b.b
b.b...b.
.b.b.b..
w...b...
.w.....b
....w.w.
.w.w.w.w
w.w.w.w.
##### Running: /usr/bin/time -o time_19_vdhankar_zizhaoh.txt -f "%U" python3 homework.py > stulog.txt 2>&1 on zizhaoh #####
##### SUCCESS: /usr/bin/time -o time_19_vdhankar_zizhaoh.txt -f "%U" python3 homework.py > stulog.txt 2>&1 on zizhaoh #####
##### zizhaoh plays [E e3 f4 ] in 5.79s #####
##### Running: /usr/lib/jvm/jdk-14.0.1/bin/java -jar /lab/itti/projects/checkers-competition/server/referee.jar on run_19_vdhankar_zizhaoh #####
Move is valid
##### SUCCESS: /usr/lib/jvm/jdk-14.0.1/bin/java -jar /lab/itti/projects/checkers-competition/server/referee.jar on run_19_vdhankar_zizhaoh #####
INPUT for vdhankar:
GAME
BLACK
275.414798974991
.b.b.b.b
b.b...b.
.b.b.b..
w...b...
.w...w.b
......w.
.w.w.w.w
w.w.w.w.
##### Running: /usr/bin/time -o time_19_vdhankar_zizhaoh.txt -f "%U" python3 homework.py > stulog.txt 2>&1 on vdhankar #####
child exited with value 1
##### ERROR: /usr/bin/time -o time_19_vdhankar_zizhaoh.txt -f "%U" python3 homework.py > stulog.txt 2>&1 on vdhankar #####
##### Output of failed program (stdout + stderr): #####
Traceback (most recent call last):
  File "homework.py", line 546, in <module>
    print(end-start)
NameError: name 'end' is not defined
##### End of output of failed program #####
##### vdhankar plays [E b6 c5] in 4.54923796653748s #####
##### Running: /usr/lib/jvm/jdk-14.0.1/bin/java -jar /lab/itti/projects/checkers-competition/server/referee.jar on run_19_vdhankar_zizhaoh #####
Move is valid
##### SUCCESS: /usr/lib/jvm/jdk-14.0.1/bin/java -jar /lab/itti/projects/checkers-competition/server/referee.jar on run_19_vdhankar_zizhaoh #####
INPUT for zizhaoh:
GAME
WHITE
284.11
.b.b.b.b
b.b...b.
...b.b..
w.b.b...
.w...w.b
......w.
.w.w.w.w
w.w.w.w.
##### Running: /usr/bin/time -o time_19_vdhankar_zizhaoh.txt -f "%U" python3 homework.py > stulog.txt 2>&1 on zizhaoh #####
##### SUCCESS: /usr/bin/time -o time_19_vdhankar_zizhaoh.txt -f "%U" python3 homework.py > stulog.txt 2>&1 on zizhaoh #####
##### zizhaoh plays [E b2 a3 ] in 2.21s #####
##### Running: /usr/lib/jvm/jdk-14.0.1/bin/java -jar /lab/itti/projects/checkers-competition/server/referee.jar on run_19_vdhankar_zizhaoh #####
Move is valid
##### SUCCESS: /usr/lib/jvm/jdk-14.0.1/bin/java -jar /lab/itti/projects/checkers-competition/server/referee.jar on run_19_vdhankar_zizhaoh #####
INPUT for vdhankar:
GAME
BLACK
270.865561008453
.b.b.b.b
b.b...b.
...b.b..
w.b.b...
.w...w.b
w.....w.
...w.w.w
w.w.w.w.
##### Running: /usr/bin/time -o time_19_vdhankar_zizhaoh.txt -f "%U" python3 homework.py > stulog.txt 2>&1 on vdhankar #####
child exited with value 1
##### ERROR: /usr/bin/time -o time_19_vdhankar_zizhaoh.txt -f "%U" python3 homework.py > stulog.txt 2>&1 on vdhankar #####
##### Output of failed program (stdout + stderr): #####
Traceback (most recent call last):
  File "homework.py", line 546, in <module>
    print(end-start)
NameError: name 'end' is not defined
##### End of output of failed program #####
##### vdhankar plays [E g7 h6] in 6.70067310333252s #####
##### Running: /usr/lib/jvm/jdk-14.0.1/bin/java -jar /lab/itti/projects/checkers-competition/server/referee.jar on run_19_vdhankar_zizhaoh #####
Move is valid
##### SUCCESS: /usr/lib/jvm/jdk-14.0.1/bin/java -jar /lab/itti/projects/checkers-competition/server/referee.jar on run_19_vdhankar_zizhaoh #####
INPUT for zizhaoh:
GAME
WHITE
281.9
.b.b.b.b
b.b.....
...b.b.b
w.b.b...
.w...w.b
w.....w.
...w.w.w
w.w.w.w.
##### Running: /usr/bin/time -o time_19_vdhankar_zizhaoh.txt -f "%U" python3 homework.py > stulog.txt 2>&1 on zizhaoh #####
##### SUCCESS: /usr/bin/time -o time_19_vdhankar_zizhaoh.txt -f "%U" python3 homework.py > stulog.txt 2>&1 on zizhaoh #####
##### zizhaoh plays [E d2 c3 ] in 6.53s #####
##### Running: /usr/lib/jvm/jdk-14.0.1/bin/java -jar /lab/itti/projects/checkers-competition/server/referee.jar on run_19_vdhankar_zizhaoh #####
Move is valid
##### SUCCESS: /usr/lib/jvm/jdk-14.0.1/bin/java -jar /lab/itti/projects/checkers-competition/server/referee.jar on run_19_vdhankar_zizhaoh #####
INPUT for vdhankar:
GAME
BLACK
264.164887905121
.b.b.b.b
b.b.....
...b.b.b
w.b.b...
.w...w.b
w.w...w.
.....w.w
w.w.w.w.
##### Running: /usr/bin/time -o time_19_vdhankar_zizhaoh.txt -f "%U" python3 homework.py > stulog.txt 2>&1 on vdhankar #####
child exited with value 1
##### ERROR: /usr/bin/time -o time_19_vdhankar_zizhaoh.txt -f "%U" python3 homework.py > stulog.txt 2>&1 on vdhankar #####
##### Output of failed program (stdout + stderr): #####
Traceback (most recent call last):
  File "homework.py", line 546, in <module>
    print(end-start)
NameError: name 'end' is not defined
##### End of output of failed program #####
##### vdhankar plays [E c5 d4] in 5.77296710014343s #####
##### Running: /usr/lib/jvm/jdk-14.0.1/bin/java -jar /lab/itti/projects/checkers-competition/server/referee.jar on run_19_vdhankar_zizhaoh #####
Move is valid
##### SUCCESS: /usr/lib/jvm/jdk-14.0.1/bin/java -jar /lab/itti/projects/checkers-competition/server/referee.jar on run_19_vdhankar_zizhaoh #####
INPUT for zizhaoh:
GAME
WHITE
275.37
.b.b.b.b
b.b.....
...b.b.b
w...b...
.w.b.w.b
w.w...w.
.....w.w
w.w.w.w.
##### Running: /usr/bin/time -o time_19_vdhankar_zizhaoh.txt -f "%U" python3 homework.py > stulog.txt 2>&1 on zizhaoh #####
##### SUCCESS: /usr/bin/time -o time_19_vdhankar_zizhaoh.txt -f "%U" python3 homework.py > stulog.txt 2>&1 on zizhaoh #####
##### zizhaoh plays [E a1 b2 ] in 2.48s #####
##### Running: /usr/lib/jvm/jdk-14.0.1/bin/java -jar /lab/itti/projects/checkers-competition/server/referee.jar on run_19_vdhankar_zizhaoh #####
Move is valid
##### SUCCESS: /usr/lib/jvm/jdk-14.0.1/bin/java -jar /lab/itti/projects/checkers-competition/server/referee.jar on run_19_vdhankar_zizhaoh #####
INPUT for vdhankar:
GAME
BLACK
258.391920804977
.b.b.b.b
b.b.....
...b.b.b
w...b...
.w.b.w.b
w.w...w.
.w...w.w
..w.w.w.
##### Running: /usr/bin/time -o time_19_vdhankar_zizhaoh.txt -f "%U" python3 homework.py > stulog.txt 2>&1 on vdhankar #####
child exited with value 1
##### ERROR: /usr/bin/time -o time_19_vdhankar_zizhaoh.txt -f "%U" python3 homework.py > stulog.txt 2>&1 on vdhankar #####
##### Output of failed program (stdout + stderr): #####
Traceback (most recent call last):
  File "homework.py", line 546, in <module>
    print(end-start)
NameError: name 'end' is not defined
##### End of output of failed program #####
##### vdhankar plays [E f6 g5] in 2.68977499008179s #####
##### Running: /usr/lib/jvm/jdk-14.0.1/bin/java -jar /lab/itti/projects/checkers-competition/server/referee.jar on run_19_vdhankar_zizhaoh #####
Move is valid
##### SUCCESS: /usr/lib/jvm/jdk-14.0.1/bin/java -jar /lab/itti/projects/checkers-competition/server/referee.jar on run_19_vdhankar_zizhaoh #####
INPUT for zizhaoh:
GAME
WHITE
272.89
.b.b.b.b
b.b.....
...b...b
w...b.b.
.w.b.w.b
w.w...w.
.w...w.w
..w.w.w.
##### Running: /usr/bin/time -o time_19_vdhankar_zizhaoh.txt -f "%U" python3 homework.py > stulog.txt 2>&1 on zizhaoh #####
##### SUCCESS: /usr/bin/time -o time_19_vdhankar_zizhaoh.txt -f "%U" python3 homework.py > stulog.txt 2>&1 on zizhaoh #####
##### zizhaoh plays [E e1 d2 ] in 0.7s #####
##### Running: /usr/lib/jvm/jdk-14.0.1/bin/java -jar /lab/itti/projects/checkers-competition/server/referee.jar on run_19_vdhankar_zizhaoh #####
Move is valid
##### SUCCESS: /usr/lib/jvm/jdk-14.0.1/bin/java -jar /lab/itti/projects/checkers-competition/server/referee.jar on run_19_vdhankar_zizhaoh #####
INPUT for vdhankar:
GAME
BLACK
255.702145814896
.b.b.b.b
b.b.....
...b...b
w...b.b.
.w.b.w.b
w.w...w.
.w.w.w.w
..w...w.
##### Running: /usr/bin/time -o time_19_vdhankar_zizhaoh.txt -f "%U" python3 homework.py > stulog.txt 2>&1 on vdhankar #####
child exited with value 1
##### ERROR: /usr/bin/time -o time_19_vdhankar_zizhaoh.txt -f "%U" python3 homework.py > stulog.txt 2>&1 on vdhankar #####
##### Output of failed program (stdout + stderr): #####
Traceback (most recent call last):
  File "homework.py", line 546, in <module>
    print(end-start)
NameError: name 'end' is not defined
##### End of output of failed program #####
##### vdhankar plays [J g5 e3] in 0.634943008422852s #####
##### Running: /usr/lib/jvm/jdk-14.0.1/bin/java -jar /lab/itti/projects/checkers-competition/server/referee.jar on run_19_vdhankar_zizhaoh #####
Move is valid
##### SUCCESS: /usr/lib/jvm/jdk-14.0.1/bin/java -jar /lab/itti/projects/checkers-competition/server/referee.jar on run_19_vdhankar_zizhaoh #####
INPUT for zizhaoh:
GAME
WHITE
272.19
.b.b.b.b
b.b.....
...b...b
w...b...
.w.b...b
w.w.b.w.
.w.w.w.w
..w...w.
##### Running: /usr/bin/time -o time_19_vdhankar_zizhaoh.txt -f "%U" python3 homework.py > stulog.txt 2>&1 on zizhaoh #####
##### SUCCESS: /usr/bin/time -o time_19_vdhankar_zizhaoh.txt -f "%U" python3 homework.py > stulog.txt 2>&1 on zizhaoh #####
##### zizhaoh plays [J d2 f4 ] in 0.48s #####
##### Running: /usr/lib/jvm/jdk-14.0.1/bin/java -jar /lab/itti/projects/checkers-competition/server/referee.jar on run_19_vdhankar_zizhaoh #####
Move is valid
##### SUCCESS: /usr/lib/jvm/jdk-14.0.1/bin/java -jar /lab/itti/projects/checkers-competition/server/referee.jar on run_19_vdhankar_zizhaoh #####
INPUT for vdhankar:
GAME
BLACK
255.067202806473
.b.b.b.b
b.b.....
...b...b
w...b...
.w.b.w.b
w.w...w.
.w...w.w
..w...w.
##### Running: /usr/bin/time -o time_19_vdhankar_zizhaoh.txt -f "%U" python3 homework.py > stulog.txt 2>&1 on vdhankar #####
child exited with value 1
##### ERROR: /usr/bin/time -o time_19_vdhankar_zizhaoh.txt -f "%U" python3 homework.py > stulog.txt 2>&1 on vdhankar #####
##### Output of failed program (stdout + stderr): #####
Traceback (most recent call last):
  File "homework.py", line 546, in <module>
    print(end-start)
NameError: name 'end' is not defined
##### End of output of failed program #####
##### vdhankar plays [E d8 e7] in 2.14340281486511s #####
##### Running: /usr/lib/jvm/jdk-14.0.1/bin/java -jar /lab/itti/projects/checkers-competition/server/referee.jar on run_19_vdhankar_zizhaoh #####
Move is valid
##### SUCCESS: /usr/lib/jvm/jdk-14.0.1/bin/java -jar /lab/itti/projects/checkers-competition/server/referee.jar on run_19_vdhankar_zizhaoh #####
INPUT for zizhaoh:
GAME
WHITE
271.71
.b...b.b
b.b.b...
...b...b
w...b...
.w.b.w.b
w.w...w.
.w...w.w
..w...w.
##### Running: /usr/bin/time -o time_19_vdhankar_zizhaoh.txt -f "%U" python3 homework.py > stulog.txt 2>&1 on zizhaoh #####
##### SUCCESS: /usr/bin/time -o time_19_vdhankar_zizhaoh.txt -f "%U" python3 homework.py > stulog.txt 2>&1 on zizhaoh #####
##### zizhaoh plays [E c1 d2 ] in 0.98s #####
##### Running: /usr/lib/jvm/jdk-14.0.1/bin/java -jar /lab/itti/projects/checkers-competition/server/referee.jar on run_19_vdhankar_zizhaoh #####
Move is valid
##### SUCCESS: /usr/lib/jvm/jdk-14.0.1/bin/java -jar /lab/itti/projects/checkers-competition/server/referee.jar on run_19_vdhankar_zizhaoh #####
INPUT for vdhankar:
GAME
BLACK
252.923799991608
.b...b.b
b.b.b...
...b...b
w...b...
.w.b.w.b
w.w...w.
.w.w.w.w
......w.
##### Running: /usr/bin/time -o time_19_vdhankar_zizhaoh.txt -f "%U" python3 homework.py > stulog.txt 2>&1 on vdhankar #####
child exited with value 1
##### ERROR: /usr/bin/time -o time_19_vdhankar_zizhaoh.txt -f "%U" python3 homework.py > stulog.txt 2>&1 on vdhankar #####
##### Output of failed program (stdout + stderr): #####
Traceback (most recent call last):
  File "homework.py", line 546, in <module>
    print(end-start)
NameError: name 'end' is not defined
##### End of output of failed program #####
##### vdhankar plays [E h8 g7] in 1.5805139541626s #####
##### Running: /usr/lib/jvm/jdk-14.0.1/bin/java -jar /lab/itti/projects/checkers-competition/server/referee.jar on run_19_vdhankar_zizhaoh #####
Move is valid
##### SUCCESS: /usr/lib/jvm/jdk-14.0.1/bin/java -jar /lab/itti/projects/checkers-competition/server/referee.jar on run_19_vdhankar_zizhaoh #####
INPUT for zizhaoh:
GAME
WHITE
270.73
.b...b..
b.b.b.b.
...b...b
w...b...
.w.b.w.b
w.w...w.
.w.w.w.w
......w.
##### Running: /usr/bin/time -o time_19_vdhankar_zizhaoh.txt -f "%U" python3 homework.py > stulog.txt 2>&1 on zizhaoh #####
##### SUCCESS: /usr/bin/time -o time_19_vdhankar_zizhaoh.txt -f "%U" python3 homework.py > stulog.txt 2>&1 on zizhaoh #####
##### zizhaoh plays [E d2 e3 ] in 0.63s #####
##### Running: /usr/lib/jvm/jdk-14.0.1/bin/java -jar /lab/itti/projects/checkers-competition/server/referee.jar on run_19_vdhankar_zizhaoh #####
Move is valid
##### SUCCESS: /usr/lib/jvm/jdk-14.0.1/bin/java -jar /lab/itti/projects/checkers-competition/server/referee.jar on run_19_vdhankar_zizhaoh #####
INPUT for vdhankar:
GAME
BLACK
251.343286037445
.b...b..
b.b.b.b.
...b...b
w...b...
.w.b.w.b
w.w.w.w.
.w...w.w
......w.
##### Running: /usr/bin/time -o time_19_vdhankar_zizhaoh.txt -f "%U" python3 homework.py > stulog.txt 2>&1 on vdhankar #####
child exited with value 1
##### ERROR: /usr/bin/time -o time_19_vdhankar_zizhaoh.txt -f "%U" python3 homework.py > stulog.txt 2>&1 on vdhankar #####
##### Output of failed program (stdout + stderr): #####
Traceback (most recent call last):
  File "homework.py", line 546, in <module>
    print(end-start)
NameError: name 'end' is not defined
##### End of output of failed program #####
##### vdhankar plays [E d6 c5] in 1.23217391967773s #####
##### Running: /usr/lib/jvm/jdk-14.0.1/bin/java -jar /lab/itti/projects/checkers-competition/server/referee.jar on run_19_vdhankar_zizhaoh #####
Move is valid
##### SUCCESS: /usr/lib/jvm/jdk-14.0.1/bin/java -jar /lab/itti/projects/checkers-competition/server/referee.jar on run_19_vdhankar_zizhaoh #####
INPUT for zizhaoh:
GAME
WHITE
270.1
.b...b..
b.b.b.b.
.......b
w.b.b...
.w.b.w.b
w.w.w.w.
.w...w.w
......w.
##### Running: /usr/bin/time -o time_19_vdhankar_zizhaoh.txt -f "%U" python3 homework.py > stulog.txt 2>&1 on zizhaoh #####
##### SUCCESS: /usr/bin/time -o time_19_vdhankar_zizhaoh.txt -f "%U" python3 homework.py > stulog.txt 2>&1 on zizhaoh #####
##### zizhaoh plays [J b4 d6 ] in 0.11s #####
##### Running: /usr/lib/jvm/jdk-14.0.1/bin/java -jar /lab/itti/projects/checkers-competition/server/referee.jar on run_19_vdhankar_zizhaoh #####
Move is valid
##### SUCCESS: /usr/lib/jvm/jdk-14.0.1/bin/java -jar /lab/itti/projects/checkers-competition/server/referee.jar on run_19_vdhankar_zizhaoh #####
INPUT for vdhankar:
GAME
BLACK
250.111112117767
.b...b..
b.b.b.b.
...w...b
w...b...
...b.w.b
w.w.w.w.
.w...w.w
......w.
##### Running: /usr/bin/time -o time_19_vdhankar_zizhaoh.txt -f "%U" python3 homework.py > stulog.txt 2>&1 on vdhankar #####
child exited with value 1
##### ERROR: /usr/bin/time -o time_19_vdhankar_zizhaoh.txt -f "%U" python3 homework.py > stulog.txt 2>&1 on vdhankar #####
##### Output of failed program (stdout + stderr): #####
Traceback (most recent call last):
  File "homework.py", line 546, in <module>
    print(end-start)
NameError: name 'end' is not defined
##### End of output of failed program #####
##### vdhankar plays [J e7 c5] in 0.500121116638184s #####
##### Running: /usr/lib/jvm/jdk-14.0.1/bin/java -jar /lab/itti/projects/checkers-competition/server/referee.jar on run_19_vdhankar_zizhaoh #####
Move is valid
##### SUCCESS: /usr/lib/jvm/jdk-14.0.1/bin/java -jar /lab/itti/projects/checkers-competition/server/referee.jar on run_19_vdhankar_zizhaoh #####
INPUT for zizhaoh:
GAME
WHITE
269.99
.b...b..
b.b...b.
.......b
w.b.b...
...b.w.b
w.w.w.w.
.w...w.w
......w.
##### Running: /usr/bin/time -o time_19_vdhankar_zizhaoh.txt -f "%U" python3 homework.py > stulog.txt 2>&1 on zizhaoh #####
##### SUCCESS: /usr/bin/time -o time_19_vdhankar_zizhaoh.txt -f "%U" python3 homework.py > stulog.txt 2>&1 on zizhaoh #####
##### zizhaoh plays [J f4 d6 ] in 0.28s #####
##### Running: /usr/lib/jvm/jdk-14.0.1/bin/java -jar /lab/itti/projects/checkers-competition/server/referee.jar on run_19_vdhankar_zizhaoh #####
Move is valid
##### SUCCESS: /usr/lib/jvm/jdk-14.0.1/bin/java -jar /lab/itti/projects/checkers-competition/server/referee.jar on run_19_vdhankar_zizhaoh #####
INPUT for vdhankar:
GAME
BLACK
249.610991001129
.b...b..
b.b...b.
...w...b
w.b.....
...b...b
w.w.w.w.
.w...w.w
......w.
##### Running: /usr/bin/time -o time_19_vdhankar_zizhaoh.txt -f "%U" python3 homework.py > stulog.txt 2>&1 on vdhankar #####
child exited with value 1
##### ERROR: /usr/bin/time -o time_19_vdhankar_zizhaoh.txt -f "%U" python3 homework.py > stulog.txt 2>&1 on vdhankar #####
##### Output of failed program (stdout + stderr): #####
Traceback (most recent call last):
  File "homework.py", line 546, in <module>
    print(end-start)
NameError: name 'end' is not defined
##### End of output of failed program #####
##### vdhankar plays [J c7 e5] in 1.20722484588623s #####
##### Running: /usr/lib/jvm/jdk-14.0.1/bin/java -jar /lab/itti/projects/checkers-competition/server/referee.jar on run_19_vdhankar_zizhaoh #####
Move is valid
##### SUCCESS: /usr/lib/jvm/jdk-14.0.1/bin/java -jar /lab/itti/projects/checkers-competition/server/referee.jar on run_19_vdhankar_zizhaoh #####
INPUT for zizhaoh:
GAME
WHITE
269.71
.b...b..
b.....b.
.......b
w.b.b...
...b...b
w.w.w.w.
.w...w.w
......w.
##### Running: /usr/bin/time -o time_19_vdhankar_zizhaoh.txt -f "%U" python3 homework.py > stulog.txt 2>&1 on zizhaoh #####
##### SUCCESS: /usr/bin/time -o time_19_vdhankar_zizhaoh.txt -f "%U" python3 homework.py > stulog.txt 2>&1 on zizhaoh #####
##### zizhaoh plays [E c3 b4 ] in 2.38s #####
##### Running: /usr/lib/jvm/jdk-14.0.1/bin/java -jar /lab/itti/projects/checkers-competition/server/referee.jar on run_19_vdhankar_zizhaoh #####
Move is valid
##### SUCCESS: /usr/lib/jvm/jdk-14.0.1/bin/java -jar /lab/itti/projects/checkers-competition/server/referee.jar on run_19_vdhankar_zizhaoh #####
INPUT for vdhankar:
GAME
BLACK
248.403766155243
.b...b..
b.....b.
.......b
w.b.b...
.w.b...b
w...w.w.
.w...w.w
......w.
##### Running: /usr/bin/time -o time_19_vdhankar_zizhaoh.txt -f "%U" python3 homework.py > stulog.txt 2>&1 on vdhankar #####
child exited with value 1
##### ERROR: /usr/bin/time -o time_19_vdhankar_zizhaoh.txt -f "%U" python3 homework.py > stulog.txt 2>&1 on vdhankar #####
##### Output of failed program (stdout + stderr): #####
Traceback (most recent call last):
  File "homework.py", line 546, in <module>
    print(end-start)
NameError: name 'end' is not defined
##### End of output of failed program #####
##### vdhankar plays [E a7 b6] in 2.40593504905701s #####
##### Running: /usr/lib/jvm/jdk-14.0.1/bin/java -jar /lab/itti/projects/checkers-competition/server/referee.jar on run_19_vdhankar_zizhaoh #####
Move is valid
##### SUCCESS: /usr/lib/jvm/jdk-14.0.1/bin/java -jar /lab/itti/projects/checkers-competition/server/referee.jar on run_19_vdhankar_zizhaoh #####
INPUT for zizhaoh:
GAME
WHITE
267.33
.b...b..
......b.
.b.....b
w.b.b...
.w.b...b
w...w.w.
.w...w.w
......w.
##### Running: /usr/bin/time -o time_19_vdhankar_zizhaoh.txt -f "%U" python3 homework.py > stulog.txt 2>&1 on zizhaoh #####
##### SUCCESS: /usr/bin/time -o time_19_vdhankar_zizhaoh.txt -f "%U" python3 homework.py > stulog.txt 2>&1 on zizhaoh #####
##### zizhaoh plays [J b4 d6 ] in 1.21s #####
##### Running: /usr/lib/jvm/jdk-14.0.1/bin/java -jar /lab/itti/projects/checkers-competition/server/referee.jar on run_19_vdhankar_zizhaoh #####
Move is valid
##### SUCCESS: /usr/lib/jvm/jdk-14.0.1/bin/java -jar /lab/itti/projects/checkers-competition/server/referee.jar on run_19_vdhankar_zizhaoh #####
INPUT for vdhankar:
GAME
BLACK
245.997831106186
.b...b..
......b.
.b.w...b
w...b...
...b...b
w...w.w.
.w...w.w
......w.
##### Running: /usr/bin/time -o time_19_vdhankar_zizhaoh.txt -f "%U" python3 homework.py > stulog.txt 2>&1 on vdhankar #####
child exited with value 1
##### ERROR: /usr/bin/time -o time_19_vdhankar_zizhaoh.txt -f "%U" python3 homework.py > stulog.txt 2>&1 on vdhankar #####
##### Output of failed program (stdout + stderr): #####
Traceback (most recent call last):
  File "homework.py", line 546, in <module>
    print(end-start)
NameError: name 'end' is not defined
##### End of output of failed program #####
##### vdhankar plays [E b6 c5] in 4.27222013473511s #####
##### Running: /usr/lib/jvm/jdk-14.0.1/bin/java -jar /lab/itti/projects/checkers-competition/server/referee.jar on run_19_vdhankar_zizhaoh #####
Move is valid
##### SUCCESS: /usr/lib/jvm/jdk-14.0.1/bin/java -jar /lab/itti/projects/checkers-competition/server/referee.jar on run_19_vdhankar_zizhaoh #####
INPUT for zizhaoh:
GAME
WHITE
266.12
.b...b..
......b.
...w...b
w.b.b...
...b...b
w...w.w.
.w...w.w
......w.
##### Running: /usr/bin/time -o time_19_vdhankar_zizhaoh.txt -f "%U" python3 homework.py > stulog.txt 2>&1 on zizhaoh #####
##### SUCCESS: /usr/bin/time -o time_19_vdhankar_zizhaoh.txt -f "%U" python3 homework.py > stulog.txt 2>&1 on zizhaoh #####
##### zizhaoh plays [E a5 b6 ] in 3.61s #####
##### Running: /usr/lib/jvm/jdk-14.0.1/bin/java -jar /lab/itti/projects/checkers-competition/server/referee.jar on run_19_vdhankar_zizhaoh #####
Move is valid
##### SUCCESS: /usr/lib/jvm/jdk-14.0.1/bin/java -jar /lab/itti/projects/checkers-competition/server/referee.jar on run_19_vdhankar_zizhaoh #####
INPUT for vdhankar:
GAME
BLACK
241.725610971451
.b...b..
......b.
.w.w...b
..b.b...
...b...b
w...w.w.
.w...w.w
......w.
##### Running: /usr/bin/time -o time_19_vdhankar_zizhaoh.txt -f "%U" python3 homework.py > stulog.txt 2>&1 on vdhankar #####
child exited with value 1
##### ERROR: /usr/bin/time -o time_19_vdhankar_zizhaoh.txt -f "%U" python3 homework.py > stulog.txt 2>&1 on vdhankar #####
##### Output of failed program (stdout + stderr): #####
Traceback (most recent call last):
  File "homework.py", line 546, in <module>
    print(end-start)
NameError: name 'end' is not defined
##### End of output of failed program #####
##### vdhankar plays [E h6 g5] in 3.89226102828979s #####
##### Running: /usr/lib/jvm/jdk-14.0.1/bin/java -jar /lab/itti/projects/checkers-competition/server/referee.jar on run_19_vdhankar_zizhaoh #####
Move is valid
##### SUCCESS: /usr/lib/jvm/jdk-14.0.1/bin/java -jar /lab/itti/projects/checkers-competition/server/referee.jar on run_19_vdhankar_zizhaoh #####
INPUT for zizhaoh:
GAME
WHITE
262.51
.b...b..
......b.
.w.w....
..b.b.b.
...b...b
w...w.w.
.w...w.w
......w.
##### Running: /usr/bin/time -o time_19_vdhankar_zizhaoh.txt -f "%U" python3 homework.py > stulog.txt 2>&1 on zizhaoh #####
##### SUCCESS: /usr/bin/time -o time_19_vdhankar_zizhaoh.txt -f "%U" python3 homework.py > stulog.txt 2>&1 on zizhaoh #####
##### zizhaoh plays [E e3 f4 ] in 3.55s #####
##### Running: /usr/lib/jvm/jdk-14.0.1/bin/java -jar /lab/itti/projects/checkers-competition/server/referee.jar on run_19_vdhankar_zizhaoh #####
Move is valid
##### SUCCESS: /usr/lib/jvm/jdk-14.0.1/bin/java -jar /lab/itti/projects/checkers-competition/server/referee.jar on run_19_vdhankar_zizhaoh #####
INPUT for vdhankar:
GAME
BLACK
237.833349943161
.b...b..
......b.
.w.w....
..b.b.b.
...b.w.b
w.....w.
.w...w.w
......w.
##### Running: /usr/bin/time -o time_19_vdhankar_zizhaoh.txt -f "%U" python3 homework.py > stulog.txt 2>&1 on vdhankar #####
child exited with value 1
##### ERROR: /usr/bin/time -o time_19_vdhankar_zizhaoh.txt -f "%U" python3 homework.py > stulog.txt 2>&1 on vdhankar #####
##### Output of failed program (stdout + stderr): #####
Traceback (most recent call last):
  File "homework.py", line 546, in <module>
    print(end-start)
NameError: name 'end' is not defined
##### End of output of failed program #####
##### vdhankar plays [J g5 e3] in 1.77158713340759s #####
##### Running: /usr/lib/jvm/jdk-14.0.1/bin/java -jar /lab/itti/projects/checkers-competition/server/referee.jar on run_19_vdhankar_zizhaoh #####
Move is valid
##### SUCCESS: /usr/lib/jvm/jdk-14.0.1/bin/java -jar /lab/itti/projects/checkers-competition/server/referee.jar on run_19_vdhankar_zizhaoh #####
INPUT for zizhaoh:
GAME
WHITE
258.96
.b...b..
......b.
.w.w....
..b.b...
...b...b
w...b.w.
.w...w.w
......w.
##### Running: /usr/bin/time -o time_19_vdhankar_zizhaoh.txt -f "%U" python3 homework.py > stulog.txt 2>&1 on zizhaoh #####
##### SUCCESS: /usr/bin/time -o time_19_vdhankar_zizhaoh.txt -f "%U" python3 homework.py > stulog.txt 2>&1 on zizhaoh #####
##### zizhaoh plays [E b2 c3 ] in 4.29s #####
##### Running: /usr/lib/jvm/jdk-14.0.1/bin/java -jar /lab/itti/projects/checkers-competition/server/referee.jar on run_19_vdhankar_zizhaoh #####
Move is valid
##### SUCCESS: /usr/lib/jvm/jdk-14.0.1/bin/java -jar /lab/itti/projects/checkers-competition/server/referee.jar on run_19_vdhankar_zizhaoh #####
INPUT for vdhankar:
GAME
BLACK
236.061762809753
.b...b..
......b.
.w.w....
..b.b...
...b...b
w.w.b.w.
.....w.w
......w.
##### Running: /usr/bin/time -o time_19_vdhankar_zizhaoh.txt -f "%U" python3 homework.py > stulog.txt 2>&1 on vdhankar #####
child exited with value 1
##### ERROR: /usr/bin/time -o time_19_vdhankar_zizhaoh.txt -f "%U" python3 homework.py > stulog.txt 2>&1 on vdhankar #####
##### Output of failed program (stdout + stderr): #####
Traceback (most recent call last):
  File "homework.py", line 546, in <module>
    print(end-start)
NameError: name 'end' is not defined
##### End of output of failed program #####
##### vdhankar plays [J d4 b2] in 0.499775886535645s #####
##### Running: /usr/lib/jvm/jdk-14.0.1/bin/java -jar /lab/itti/projects/checkers-competition/server/referee.jar on run_19_vdhankar_zizhaoh #####
Move is valid
##### SUCCESS: /usr/lib/jvm/jdk-14.0.1/bin/java -jar /lab/itti/projects/checkers-competition/server/referee.jar on run_19_vdhankar_zizhaoh #####
INPUT for zizhaoh:
GAME
WHITE
254.67
.b...b..
......b.
.w.w....
..b.b...
.......b
w...b.w.
.b...w.w
......w.
##### Running: /usr/bin/time -o time_19_vdhankar_zizhaoh.txt -f "%U" python3 homework.py > stulog.txt 2>&1 on zizhaoh #####
##### SUCCESS: /usr/bin/time -o time_19_vdhankar_zizhaoh.txt -f "%U" python3 homework.py > stulog.txt 2>&1 on zizhaoh #####
##### zizhaoh plays [J f2 d4  ; J d4 f6  ; J f6 h8 ] in 0.27s #####
##### Running: /usr/lib/jvm/jdk-14.0.1/bin/java -jar /lab/itti/projects/checkers-competition/server/referee.jar on run_19_vdhankar_zizhaoh #####
Move is valid
##### SUCCESS: /usr/lib/jvm/jdk-14.0.1/bin/java -jar /lab/itti/projects/checkers-competition/server/referee.jar on run_19_vdhankar_zizhaoh #####
INPUT for vdhankar:
GAME
BLACK
235.561986923218
.b...b.W
........
.w.w....
..b.....
.......b
w.....w.
.b.....w
......w.
##### Running: /usr/bin/time -o time_19_vdhankar_zizhaoh.txt -f "%U" python3 homework.py > stulog.txt 2>&1 on vdhankar #####
child exited with value 1
##### ERROR: /usr/bin/time -o time_19_vdhankar_zizhaoh.txt -f "%U" python3 homework.py > stulog.txt 2>&1 on vdhankar #####
##### Output of failed program (stdout + stderr): #####
Traceback (most recent call last):
  File "homework.py", line 546, in <module>
    print(end-start)
NameError: name 'end' is not defined
##### End of output of failed program #####
##### vdhankar plays [J h4 f2] in 1.45749402046204s #####
##### Running: /usr/lib/jvm/jdk-14.0.1/bin/java -jar /lab/itti/projects/checkers-competition/server/referee.jar on run_19_vdhankar_zizhaoh #####
Move is valid
##### SUCCESS: /usr/lib/jvm/jdk-14.0.1/bin/java -jar /lab/itti/projects/checkers-competition/server/referee.jar on run_19_vdhankar_zizhaoh #####
INPUT for zizhaoh:
GAME
WHITE
254.4
.b...b.W
........
.w.w....
..b.....
........
w.......
.b...b.w
......w.
##### Running: /usr/bin/time -o time_19_vdhankar_zizhaoh.txt -f "%U" python3 homework.py > stulog.txt 2>&1 on zizhaoh #####
##### SUCCESS: /usr/bin/time -o time_19_vdhankar_zizhaoh.txt -f "%U" python3 homework.py > stulog.txt 2>&1 on zizhaoh #####
##### zizhaoh plays [J g1 e3 ] in 1.96s #####
##### Running: /usr/lib/jvm/jdk-14.0.1/bin/java -jar /lab/itti/projects/checkers-competition/server/referee.jar on run_19_vdhankar_zizhaoh #####
Move is valid
##### SUCCESS: /usr/lib/jvm/jdk-14.0.1/bin/java -jar /lab/itti/projects/checkers-competition/server/referee.jar on run_19_vdhankar_zizhaoh #####
INPUT for vdhankar:
GAME
BLACK
234.104492902756
.b...b.W
........
.w.w....
..b.....
........
w...w...
.b.....w
........
##### Running: /usr/bin/time -o time_19_vdhankar_zizhaoh.txt -f "%U" python3 homework.py > stulog.txt 2>&1 on vdhankar #####
child exited with value 1
##### ERROR: /usr/bin/time -o time_19_vdhankar_zizhaoh.txt -f "%U" python3 homework.py > stulog.txt 2>&1 on vdhankar #####
##### Output of failed program (stdout + stderr): #####
Traceback (most recent call last):
  File "homework.py", line 546, in <module>
    print(end-start)
NameError: name 'end' is not defined
##### End of output of failed program #####
##### vdhankar plays [E b2 c1] in 10.5933568477631s #####
##### Running: /usr/lib/jvm/jdk-14.0.1/bin/java -jar /lab/itti/projects/checkers-competition/server/referee.jar on run_19_vdhankar_zizhaoh #####
Move is valid
##### SUCCESS: /usr/lib/jvm/jdk-14.0.1/bin/java -jar /lab/itti/projects/checkers-competition/server/referee.jar on run_19_vdhankar_zizhaoh #####
INPUT for zizhaoh:
GAME
WHITE
252.44
.b...b.W
........
.w.w....
..b.....
........
w...w...
.......w
..B.....
##### Running: /usr/bin/time -o time_19_vdhankar_zizhaoh.txt -f "%U" python3 homework.py > stulog.txt 2>&1 on zizhaoh #####
##### SUCCESS: /usr/bin/time -o time_19_vdhankar_zizhaoh.txt -f "%U" python3 homework.py > stulog.txt 2>&1 on zizhaoh #####
##### zizhaoh plays [E b6 a7 ] in 7.01s #####
##### Running: /usr/lib/jvm/jdk-14.0.1/bin/java -jar /lab/itti/projects/checkers-competition/server/referee.jar on run_19_vdhankar_zizhaoh #####
Move is valid
##### SUCCESS: /usr/lib/jvm/jdk-14.0.1/bin/java -jar /lab/itti/projects/checkers-competition/server/referee.jar on run_19_vdhankar_zizhaoh #####
INPUT for vdhankar:
GAME
BLACK
223.511136054993
.b...b.W
w.......
...w....
..b.....
........
w...w...
.......w
..B.....
##### Running: /usr/bin/time -o time_19_vdhankar_zizhaoh.txt -f "%U" python3 homework.py > stulog.txt 2>&1 on vdhankar #####
child exited with value 1
##### ERROR: /usr/bin/time -o time_19_vdhankar_zizhaoh.txt -f "%U" python3 homework.py > stulog.txt 2>&1 on vdhankar #####
##### Output of failed program (stdout + stderr): #####
Traceback (most recent call last):
  File "homework.py", line 546, in <module>
    print(end-start)
NameError: name 'end' is not defined
##### End of output of failed program #####
##### vdhankar plays [E c1 d2] in 5.69398808479309s #####
##### Running: /usr/lib/jvm/jdk-14.0.1/bin/java -jar /lab/itti/projects/checkers-competition/server/referee.jar on run_19_vdhankar_zizhaoh #####
Move is valid
##### SUCCESS: /usr/lib/jvm/jdk-14.0.1/bin/java -jar /lab/itti/projects/checkers-competition/server/referee.jar on run_19_vdhankar_zizhaoh #####
INPUT for zizhaoh:
GAME
WHITE
245.43
.b...b.W
w.......
...w....
..b.....
........
w...w...
...B...w
........
##### Running: /usr/bin/time -o time_19_vdhankar_zizhaoh.txt -f "%U" python3 homework.py > stulog.txt 2>&1 on zizhaoh #####
##### SUCCESS: /usr/bin/time -o time_19_vdhankar_zizhaoh.txt -f "%U" python3 homework.py > stulog.txt 2>&1 on zizhaoh #####
##### zizhaoh plays [E e3 f4 ] in 4.91s #####
##### Running: /usr/lib/jvm/jdk-14.0.1/bin/java -jar /lab/itti/projects/checkers-competition/server/referee.jar on run_19_vdhankar_zizhaoh #####
Move is valid
##### SUCCESS: /usr/lib/jvm/jdk-14.0.1/bin/java -jar /lab/itti/projects/checkers-competition/server/referee.jar on run_19_vdhankar_zizhaoh #####
INPUT for vdhankar:
GAME
BLACK
217.8171479702
.b...b.W
w.......
...w....
..b.....
.....w..
w.......
...B...w
........
##### Running: /usr/bin/time -o time_19_vdhankar_zizhaoh.txt -f "%U" python3 homework.py > stulog.txt 2>&1 on vdhankar #####
child exited with value 1
##### ERROR: /usr/bin/time -o time_19_vdhankar_zizhaoh.txt -f "%U" python3 homework.py > stulog.txt 2>&1 on vdhankar #####
##### Output of failed program (stdout + stderr): #####
Traceback (most recent call last):
  File "homework.py", line 546, in <module>
    print(end-start)
NameError: name 'end' is not defined
##### End of output of failed program #####
##### vdhankar plays [E d2 e3] in 10.6011979579926s #####
##### Running: /usr/lib/jvm/jdk-14.0.1/bin/java -jar /lab/itti/projects/checkers-competition/server/referee.jar on run_19_vdhankar_zizhaoh #####
Move is valid
##### SUCCESS: /usr/lib/jvm/jdk-14.0.1/bin/java -jar /lab/itti/projects/checkers-competition/server/referee.jar on run_19_vdhankar_zizhaoh #####
INPUT for zizhaoh:
GAME
WHITE
240.52
.b...b.W
w.......
...w....
..b.....
.....w..
w...B...
.......w
........
##### Running: /usr/bin/time -o time_19_vdhankar_zizhaoh.txt -f "%U" python3 homework.py > stulog.txt 2>&1 on zizhaoh #####
##### SUCCESS: /usr/bin/time -o time_19_vdhankar_zizhaoh.txt -f "%U" python3 homework.py > stulog.txt 2>&1 on zizhaoh #####
##### zizhaoh plays [E f4 e5 ] in 5.61s #####
##### Running: /usr/lib/jvm/jdk-14.0.1/bin/java -jar /lab/itti/projects/checkers-competition/server/referee.jar on run_19_vdhankar_zizhaoh #####
Move is valid
##### SUCCESS: /usr/lib/jvm/jdk-14.0.1/bin/java -jar /lab/itti/projects/checkers-competition/server/referee.jar on run_19_vdhankar_zizhaoh #####
INPUT for vdhankar:
GAME
BLACK
207.215950012207
.b...b.W
w.......
...w....
..b.w...
........
w...B...
.......w
........
##### Running: /usr/bin/time -o time_19_vdhankar_zizhaoh.txt -f "%U" python3 homework.py > stulog.txt 2>&1 on vdhankar #####
child exited with value 1
##### ERROR: /usr/bin/time -o time_19_vdhankar_zizhaoh.txt -f "%U" python3 homework.py > stulog.txt 2>&1 on vdhankar #####
##### Output of failed program (stdout + stderr): #####
Traceback (most recent call last):
  File "homework.py", line 546, in <module>
    print(end-start)
NameError: name 'end' is not defined
##### End of output of failed program #####
##### vdhankar plays [E c5 d4] in 7.27603888511658s #####
##### Running: /usr/lib/jvm/jdk-14.0.1/bin/java -jar /lab/itti/projects/checkers-competition/server/referee.jar on run_19_vdhankar_zizhaoh #####
Move is valid
##### SUCCESS: /usr/lib/jvm/jdk-14.0.1/bin/java -jar /lab/itti/projects/checkers-competition/server/referee.jar on run_19_vdhankar_zizhaoh #####
INPUT for zizhaoh:
GAME
WHITE
234.91
.b...b.W
w.......
...w....
....w...
...b....
w...B...
.......w
........
##### Running: /usr/bin/time -o time_19_vdhankar_zizhaoh.txt -f "%U" python3 homework.py > stulog.txt 2>&1 on zizhaoh #####
##### SUCCESS: /usr/bin/time -o time_19_vdhankar_zizhaoh.txt -f "%U" python3 homework.py > stulog.txt 2>&1 on zizhaoh #####
##### zizhaoh plays [E e5 f6 ] in 6.03s #####
##### Running: /usr/lib/jvm/jdk-14.0.1/bin/java -jar /lab/itti/projects/checkers-competition/server/referee.jar on run_19_vdhankar_zizhaoh #####
Move is valid
##### SUCCESS: /usr/lib/jvm/jdk-14.0.1/bin/java -jar /lab/itti/projects/checkers-competition/server/referee.jar on run_19_vdhankar_zizhaoh #####
INPUT for vdhankar:
GAME
BLACK
199.93991112709
.b...b.W
w.......
...w.w..
........
...b....
w...B...
.......w
........
##### Running: /usr/bin/time -o time_19_vdhankar_zizhaoh.txt -f "%U" python3 homework.py > stulog.txt 2>&1 on vdhankar #####
child exited with value 1
##### ERROR: /usr/bin/time -o time_19_vdhankar_zizhaoh.txt -f "%U" python3 homework.py > stulog.txt 2>&1 on vdhankar #####
##### Output of failed program (stdout + stderr): #####
Traceback (most recent call last):
  File "homework.py", line 546, in <module>
    print(end-start)
NameError: name 'end' is not defined
##### End of output of failed program #####
##### vdhankar plays [E d4 c3] in 7.97694301605225s #####
##### Running: /usr/lib/jvm/jdk-14.0.1/bin/java -jar /lab/itti/projects/checkers-competition/server/referee.jar on run_19_vdhankar_zizhaoh #####
Move is valid
##### SUCCESS: /usr/lib/jvm/jdk-14.0.1/bin/java -jar /lab/itti/projects/checkers-competition/server/referee.jar on run_19_vdhankar_zizhaoh #####
INPUT for zizhaoh:
GAME
WHITE
228.88
.b...b.W
w.......
...w.w..
........
........
w.b.B...
.......w
........
##### Running: /usr/bin/time -o time_19_vdhankar_zizhaoh.txt -f "%U" python3 homework.py > stulog.txt 2>&1 on zizhaoh #####
##### SUCCESS: /usr/bin/time -o time_19_vdhankar_zizhaoh.txt -f "%U" python3 homework.py > stulog.txt 2>&1 on zizhaoh #####
##### zizhaoh plays [E f6 e7 ] in 6.46s #####
##### Running: /usr/lib/jvm/jdk-14.0.1/bin/java -jar /lab/itti/projects/checkers-competition/server/referee.jar on run_19_vdhankar_zizhaoh #####
Move is valid
##### SUCCESS: /usr/lib/jvm/jdk-14.0.1/bin/java -jar /lab/itti/projects/checkers-competition/server/referee.jar on run_19_vdhankar_zizhaoh #####
INPUT for vdhankar:
GAME
BLACK
191.962968111038
.b...b.W
w...w...
...w....
........
........
w.b.B...
.......w
........
##### Running: /usr/bin/time -o time_19_vdhankar_zizhaoh.txt -f "%U" python3 homework.py > stulog.txt 2>&1 on vdhankar #####
child exited with value 1
##### ERROR: /usr/bin/time -o time_19_vdhankar_zizhaoh.txt -f "%U" python3 homework.py > stulog.txt 2>&1 on vdhankar #####
##### Output of failed program (stdout + stderr): #####
Traceback (most recent call last):
  File "homework.py", line 546, in <module>
    print(end-start)
NameError: name 'end' is not defined
##### End of output of failed program #####
##### vdhankar plays [E e3 d4] in 7.38545608520508s #####
##### Running: /usr/lib/jvm/jdk-14.0.1/bin/java -jar /lab/itti/projects/checkers-competition/server/referee.jar on run_19_vdhankar_zizhaoh #####
Move is valid
##### SUCCESS: /usr/lib/jvm/jdk-14.0.1/bin/java -jar /lab/itti/projects/checkers-competition/server/referee.jar on run_19_vdhankar_zizhaoh #####
INPUT for zizhaoh:
GAME
WHITE
222.42
.b...b.W
w...w...
...w....
........
...B....
w.b.....
.......w
........
##### Running: /usr/bin/time -o time_19_vdhankar_zizhaoh.txt -f "%U" python3 homework.py > stulog.txt 2>&1 on zizhaoh #####
##### SUCCESS: /usr/bin/time -o time_19_vdhankar_zizhaoh.txt -f "%U" python3 homework.py > stulog.txt 2>&1 on zizhaoh #####
##### zizhaoh plays [E e7 d8 ] in 7.09s #####
##### Running: /usr/lib/jvm/jdk-14.0.1/bin/java -jar /lab/itti/projects/checkers-competition/server/referee.jar on run_19_vdhankar_zizhaoh #####
Move is valid
##### SUCCESS: /usr/lib/jvm/jdk-14.0.1/bin/java -jar /lab/itti/projects/checkers-competition/server/referee.jar on run_19_vdhankar_zizhaoh #####
INPUT for vdhankar:
GAME
BLACK
184.577512025833
.b.W.b.W
w.......
...w....
........
...B....
w.b.....
.......w
........
##### Running: /usr/bin/time -o time_19_vdhankar_zizhaoh.txt -f "%U" python3 homework.py > stulog.txt 2>&1 on vdhankar #####
child exited with value 1
##### ERROR: /usr/bin/time -o time_19_vdhankar_zizhaoh.txt -f "%U" python3 homework.py > stulog.txt 2>&1 on vdhankar #####
##### Output of failed program (stdout + stderr): #####
Traceback (most recent call last):
  File "homework.py", line 546, in <module>
    print(end-start)
NameError: name 'end' is not defined
##### End of output of failed program #####
##### vdhankar plays [E c3 d2] in 17.5862798690796s #####
##### Running: /usr/lib/jvm/jdk-14.0.1/bin/java -jar /lab/itti/projects/checkers-competition/server/referee.jar on run_19_vdhankar_zizhaoh #####
Move is valid
##### SUCCESS: /usr/lib/jvm/jdk-14.0.1/bin/java -jar /lab/itti/projects/checkers-competition/server/referee.jar on run_19_vdhankar_zizhaoh #####
INPUT for zizhaoh:
GAME
WHITE
215.33
.b.W.b.W
w.......
...w....
........
...B....
w.......
...b...w
........
##### Running: /usr/bin/time -o time_19_vdhankar_zizhaoh.txt -f "%U" python3 homework.py > stulog.txt 2>&1 on zizhaoh #####
##### SUCCESS: /usr/bin/time -o time_19_vdhankar_zizhaoh.txt -f "%U" python3 homework.py > stulog.txt 2>&1 on zizhaoh #####
##### zizhaoh plays [E d8 c7 ] in 9.2s #####
##### Running: /usr/lib/jvm/jdk-14.0.1/bin/java -jar /lab/itti/projects/checkers-competition/server/referee.jar on run_19_vdhankar_zizhaoh #####
Move is valid
##### SUCCESS: /usr/lib/jvm/jdk-14.0.1/bin/java -jar /lab/itti/projects/checkers-competition/server/referee.jar on run_19_vdhankar_zizhaoh #####
INPUT for vdhankar:
GAME
BLACK
166.991232156754
.b...b.W
w.W.....
...w....
........
...B....
w.......
...b...w
........
##### Running: /usr/bin/time -o time_19_vdhankar_zizhaoh.txt -f "%U" python3 homework.py > stulog.txt 2>&1 on vdhankar #####
child exited with value 1
##### ERROR: /usr/bin/time -o time_19_vdhankar_zizhaoh.txt -f "%U" python3 homework.py > stulog.txt 2>&1 on vdhankar #####
##### Output of failed program (stdout + stderr): #####
Traceback (most recent call last):
  File "homework.py", line 546, in <module>
    print(end-start)
NameError: name 'end' is not defined
##### End of output of failed program #####
##### vdhankar plays [E d2 e1] in 8.7997350692749s #####
##### Running: /usr/lib/jvm/jdk-14.0.1/bin/java -jar /lab/itti/projects/checkers-competition/server/referee.jar on run_19_vdhankar_zizhaoh #####
Move is valid
##### SUCCESS: /usr/lib/jvm/jdk-14.0.1/bin/java -jar /lab/itti/projects/checkers-competition/server/referee.jar on run_19_vdhankar_zizhaoh #####
INPUT for zizhaoh:
GAME
WHITE
206.13
.b...b.W
w.W.....
...w....
........
...B....
w.......
.......w
....B...
##### Running: /usr/bin/time -o time_19_vdhankar_zizhaoh.txt -f "%U" python3 homework.py > stulog.txt 2>&1 on zizhaoh #####
##### SUCCESS: /usr/bin/time -o time_19_vdhankar_zizhaoh.txt -f "%U" python3 homework.py > stulog.txt 2>&1 on zizhaoh #####
##### zizhaoh plays [E c7 d8 ] in 6.77s #####
##### Running: /usr/lib/jvm/jdk-14.0.1/bin/java -jar /lab/itti/projects/checkers-competition/server/referee.jar on run_19_vdhankar_zizhaoh #####
Move is valid
##### SUCCESS: /usr/lib/jvm/jdk-14.0.1/bin/java -jar /lab/itti/projects/checkers-competition/server/referee.jar on run_19_vdhankar_zizhaoh #####
INPUT for vdhankar:
GAME
BLACK
158.191497087479
.b.W.b.W
w.......
...w....
........
...B....
w.......
.......w
....B...
##### Running: /usr/bin/time -o time_19_vdhankar_zizhaoh.txt -f "%U" python3 homework.py > stulog.txt 2>&1 on vdhankar #####
child exited with value 1
##### ERROR: /usr/bin/time -o time_19_vdhankar_zizhaoh.txt -f "%U" python3 homework.py > stulog.txt 2>&1 on vdhankar #####
##### Output of failed program (stdout + stderr): #####
Traceback (most recent call last):
  File "homework.py", line 546, in <module>
    print(end-start)
NameError: name 'end' is not defined
##### End of output of failed program #####
##### vdhankar plays [E e1 f2] in 18.5199398994446s #####
##### Running: /usr/lib/jvm/jdk-14.0.1/bin/java -jar /lab/itti/projects/checkers-competition/server/referee.jar on run_19_vdhankar_zizhaoh #####
Move is valid
##### SUCCESS: /usr/lib/jvm/jdk-14.0.1/bin/java -jar /lab/itti/projects/checkers-competition/server/referee.jar on run_19_vdhankar_zizhaoh #####
INPUT for zizhaoh:
GAME
WHITE
199.36
.b.W.b.W
w.......
...w....
........
...B....
w.......
.....B.w
........
##### Running: /usr/bin/time -o time_19_vdhankar_zizhaoh.txt -f "%U" python3 homework.py > stulog.txt 2>&1 on zizhaoh #####
##### SUCCESS: /usr/bin/time -o time_19_vdhankar_zizhaoh.txt -f "%U" python3 homework.py > stulog.txt 2>&1 on zizhaoh #####
##### zizhaoh plays [E d8 c7 ] in 5.25s #####
##### Running: /usr/lib/jvm/jdk-14.0.1/bin/java -jar /lab/itti/projects/checkers-competition/server/referee.jar on run_19_vdhankar_zizhaoh #####
Move is valid
##### SUCCESS: /usr/lib/jvm/jdk-14.0.1/bin/java -jar /lab/itti/projects/checkers-competition/server/referee.jar on run_19_vdhankar_zizhaoh #####
INPUT for vdhankar:
GAME
BLACK
139.671557188034
.b...b.W
w.W.....
...w....
........
...B....
w.......
.....B.w
........
##### Running: /usr/bin/time -o time_19_vdhankar_zizhaoh.txt -f "%U" python3 homework.py > stulog.txt 2>&1 on vdhankar #####
child exited with value 1
##### ERROR: /usr/bin/time -o time_19_vdhankar_zizhaoh.txt -f "%U" python3 homework.py > stulog.txt 2>&1 on vdhankar #####
##### Output of failed program (stdout + stderr): #####
Traceback (most recent call last):
  File "homework.py", line 546, in <module>
    print(end-start)
NameError: name 'end' is not defined
##### End of output of failed program #####
##### vdhankar plays [E f2 e3] in 12.7722151279449s #####
##### Running: /usr/lib/jvm/jdk-14.0.1/bin/java -jar /lab/itti/projects/checkers-competition/server/referee.jar on run_19_vdhankar_zizhaoh #####
Move is valid
##### SUCCESS: /usr/lib/jvm/jdk-14.0.1/bin/java -jar /lab/itti/projects/checkers-competition/server/referee.jar on run_19_vdhankar_zizhaoh #####
INPUT for zizhaoh:
GAME
WHITE
194.11
.b...b.W
w.W.....
...w....
........
...B....
w...B...
.......w
........
##### Running: /usr/bin/time -o time_19_vdhankar_zizhaoh.txt -f "%U" python3 homework.py > stulog.txt 2>&1 on zizhaoh #####
##### SUCCESS: /usr/bin/time -o time_19_vdhankar_zizhaoh.txt -f "%U" python3 homework.py > stulog.txt 2>&1 on zizhaoh #####
##### zizhaoh plays [E c7 d8 ] in 7.04s #####
##### Running: /usr/lib/jvm/jdk-14.0.1/bin/java -jar /lab/itti/projects/checkers-competition/server/referee.jar on run_19_vdhankar_zizhaoh #####
Move is valid
##### SUCCESS: /usr/lib/jvm/jdk-14.0.1/bin/java -jar /lab/itti/projects/checkers-competition/server/referee.jar on run_19_vdhankar_zizhaoh #####
INPUT for vdhankar:
GAME
BLACK
126.899342060089
.b.W.b.W
w.......
...w....
........
...B....
w...B...
.......w
........
##### Running: /usr/bin/time -o time_19_vdhankar_zizhaoh.txt -f "%U" python3 homework.py > stulog.txt 2>&1 on vdhankar #####
child exited with value 1
##### ERROR: /usr/bin/time -o time_19_vdhankar_zizhaoh.txt -f "%U" python3 homework.py > stulog.txt 2>&1 on vdhankar #####
##### Output of failed program (stdout + stderr): #####
Traceback (most recent call last):
  File "homework.py", line 546, in <module>
    print(end-start)
NameError: name 'end' is not defined
##### End of output of failed program #####
##### vdhankar plays [E e3 f4] in 18.1375892162323s #####
##### Running: /usr/lib/jvm/jdk-14.0.1/bin/java -jar /lab/itti/projects/checkers-competition/server/referee.jar on run_19_vdhankar_zizhaoh #####
Move is valid
##### SUCCESS: /usr/lib/jvm/jdk-14.0.1/bin/java -jar /lab/itti/projects/checkers-competition/server/referee.jar on run_19_vdhankar_zizhaoh #####
INPUT for zizhaoh:
GAME
WHITE
187.07
.b.W.b.W
w.......
...w....
........
...B.B..
w.......
.......w
........
##### Running: /usr/bin/time -o time_19_vdhankar_zizhaoh.txt -f "%U" python3 homework.py > stulog.txt 2>&1 on zizhaoh #####
##### SUCCESS: /usr/bin/time -o time_19_vdhankar_zizhaoh.txt -f "%U" python3 homework.py > stulog.txt 2>&1 on zizhaoh #####
##### zizhaoh plays [E d8 c7 ] in 5.18s #####
##### Running: /usr/lib/jvm/jdk-14.0.1/bin/java -jar /lab/itti/projects/checkers-competition/server/referee.jar on run_19_vdhankar_zizhaoh #####
Move is valid
##### SUCCESS: /usr/lib/jvm/jdk-14.0.1/bin/java -jar /lab/itti/projects/checkers-competition/server/referee.jar on run_19_vdhankar_zizhaoh #####
INPUT for vdhankar:
GAME
BLACK
108.761752843857
.b...b.W
w.W.....
...w....
........
...B.B..
w.......
.......w
........
##### Running: /usr/bin/time -o time_19_vdhankar_zizhaoh.txt -f "%U" python3 homework.py > stulog.txt 2>&1 on vdhankar #####
child exited with value 1
##### ERROR: /usr/bin/time -o time_19_vdhankar_zizhaoh.txt -f "%U" python3 homework.py > stulog.txt 2>&1 on vdhankar #####
##### Output of failed program (stdout + stderr): #####
Traceback (most recent call last):
  File "homework.py", line 546, in <module>
    print(end-start)
NameError: name 'end' is not defined
##### End of output of failed program #####
##### vdhankar plays [E f4 g5] in 9.94861602783203s #####
##### Running: /usr/lib/jvm/jdk-14.0.1/bin/java -jar /lab/itti/projects/checkers-competition/server/referee.jar on run_19_vdhankar_zizhaoh #####
Move is valid
##### SUCCESS: /usr/lib/jvm/jdk-14.0.1/bin/java -jar /lab/itti/projects/checkers-competition/server/referee.jar on run_19_vdhankar_zizhaoh #####
INPUT for zizhaoh:
GAME
WHITE
181.89
.b...b.W
w.W.....
...w....
......B.
...B....
w.......
.......w
........
##### Running: /usr/bin/time -o time_19_vdhankar_zizhaoh.txt -f "%U" python3 homework.py > stulog.txt 2>&1 on zizhaoh #####
##### SUCCESS: /usr/bin/time -o time_19_vdhankar_zizhaoh.txt -f "%U" python3 homework.py > stulog.txt 2>&1 on zizhaoh #####
##### zizhaoh plays [E c7 d8 ] in 7.95s #####
##### Running: /usr/lib/jvm/jdk-14.0.1/bin/java -jar /lab/itti/projects/checkers-competition/server/referee.jar on run_19_vdhankar_zizhaoh #####
Move is valid
##### SUCCESS: /usr/lib/jvm/jdk-14.0.1/bin/java -jar /lab/itti/projects/checkers-competition/server/referee.jar on run_19_vdhankar_zizhaoh #####
INPUT for vdhankar:
GAME
BLACK
98.8131368160248
.b.W.b.W
w.......
...w....
......B.
...B....
w.......
.......w
........
##### Running: /usr/bin/time -o time_19_vdhankar_zizhaoh.txt -f "%U" python3 homework.py > stulog.txt 2>&1 on vdhankar #####
child exited with value 1
##### ERROR: /usr/bin/time -o time_19_vdhankar_zizhaoh.txt -f "%U" python3 homework.py > stulog.txt 2>&1 on vdhankar #####
##### Output of failed program (stdout + stderr): #####
Traceback (most recent call last):
  File "homework.py", line 546, in <module>
    print(end-start)
NameError: name 'end' is not defined
##### End of output of failed program #####
##### vdhankar plays [E d4 e3] in 11.6468710899353s #####
##### Running: /usr/lib/jvm/jdk-14.0.1/bin/java -jar /lab/itti/projects/checkers-competition/server/referee.jar on run_19_vdhankar_zizhaoh #####
Move is valid
##### SUCCESS: /usr/lib/jvm/jdk-14.0.1/bin/java -jar /lab/itti/projects/checkers-competition/server/referee.jar on run_19_vdhankar_zizhaoh #####
INPUT for zizhaoh:
GAME
WHITE
173.94
.b.W.b.W
w.......
...w....
......B.
........
w...B...
.......w
........
##### Running: /usr/bin/time -o time_19_vdhankar_zizhaoh.txt -f "%U" python3 homework.py > stulog.txt 2>&1 on zizhaoh #####
##### SUCCESS: /usr/bin/time -o time_19_vdhankar_zizhaoh.txt -f "%U" python3 homework.py > stulog.txt 2>&1 on zizhaoh #####
##### zizhaoh plays [E d8 c7 ] in 5.59s #####
##### Running: /usr/lib/jvm/jdk-14.0.1/bin/java -jar /lab/itti/projects/checkers-competition/server/referee.jar on run_19_vdhankar_zizhaoh #####
Move is valid
##### SUCCESS: /usr/lib/jvm/jdk-14.0.1/bin/java -jar /lab/itti/projects/checkers-competition/server/referee.jar on run_19_vdhankar_zizhaoh #####
INPUT for vdhankar:
GAME
BLACK
87.1662657260895
.b...b.W
w.W.....
...w....
......B.
........
w...B...
.......w
........
##### Running: /usr/bin/time -o time_19_vdhankar_zizhaoh.txt -f "%U" python3 homework.py > stulog.txt 2>&1 on vdhankar #####
child exited with value 1
##### ERROR: /usr/bin/time -o time_19_vdhankar_zizhaoh.txt -f "%U" python3 homework.py > stulog.txt 2>&1 on vdhankar #####
##### Output of failed program (stdout + stderr): #####
Traceback (most recent call last):
  File "homework.py", line 546, in <module>
    print(end-start)
NameError: name 'end' is not defined
##### End of output of failed program #####
##### vdhankar plays [E e3 d4] in 14.5383670330048s #####
##### Running: /usr/lib/jvm/jdk-14.0.1/bin/java -jar /lab/itti/projects/checkers-competition/server/referee.jar on run_19_vdhankar_zizhaoh #####
Move is valid
##### SUCCESS: /usr/lib/jvm/jdk-14.0.1/bin/java -jar /lab/itti/projects/checkers-competition/server/referee.jar on run_19_vdhankar_zizhaoh #####
INPUT for zizhaoh:
GAME
WHITE
168.35
.b...b.W
w.W.....
...w....
......B.
...B....
w.......
.......w
........
##### Running: /usr/bin/time -o time_19_vdhankar_zizhaoh.txt -f "%U" python3 homework.py > stulog.txt 2>&1 on zizhaoh #####
##### SUCCESS: /usr/bin/time -o time_19_vdhankar_zizhaoh.txt -f "%U" python3 homework.py > stulog.txt 2>&1 on zizhaoh #####
##### zizhaoh plays [E c7 d8 ] in 7.47s #####
##### Running: /usr/lib/jvm/jdk-14.0.1/bin/java -jar /lab/itti/projects/checkers-competition/server/referee.jar on run_19_vdhankar_zizhaoh #####
Move is valid
##### SUCCESS: /usr/lib/jvm/jdk-14.0.1/bin/java -jar /lab/itti/projects/checkers-competition/server/referee.jar on run_19_vdhankar_zizhaoh #####
INPUT for vdhankar:
GAME
BLACK
72.6278986930847
.b.W.b.W
w.......
...w....
......B.
...B....
w.......
.......w
........
##### Running: /usr/bin/time -o time_19_vdhankar_zizhaoh.txt -f "%U" python3 homework.py > stulog.txt 2>&1 on vdhankar #####
child exited with value 1
##### ERROR: /usr/bin/time -o time_19_vdhankar_zizhaoh.txt -f "%U" python3 homework.py > stulog.txt 2>&1 on vdhankar #####
##### Output of failed program (stdout + stderr): #####
Traceback (most recent call last):
  File "homework.py", line 546, in <module>
    print(end-start)
NameError: name 'end' is not defined
##### End of output of failed program #####
##### vdhankar plays [E d4 e3] in 11.4585301876068s #####
##### Running: /usr/lib/jvm/jdk-14.0.1/bin/java -jar /lab/itti/projects/checkers-competition/server/referee.jar on run_19_vdhankar_zizhaoh #####
Move is valid
##### SUCCESS: /usr/lib/jvm/jdk-14.0.1/bin/java -jar /lab/itti/projects/checkers-competition/server/referee.jar on run_19_vdhankar_zizhaoh #####
INPUT for zizhaoh:
GAME
WHITE
160.88
.b.W.b.W
w.......
...w....
......B.
........
w...B...
.......w
........
##### Running: /usr/bin/time -o time_19_vdhankar_zizhaoh.txt -f "%U" python3 homework.py > stulog.txt 2>&1 on zizhaoh #####
##### SUCCESS: /usr/bin/time -o time_19_vdhankar_zizhaoh.txt -f "%U" python3 homework.py > stulog.txt 2>&1 on zizhaoh #####
##### zizhaoh plays [E d8 c7 ] in 5.49s #####
##### Running: /usr/lib/jvm/jdk-14.0.1/bin/java -jar /lab/itti/projects/checkers-competition/server/referee.jar on run_19_vdhankar_zizhaoh #####
Move is valid
##### SUCCESS: /usr/lib/jvm/jdk-14.0.1/bin/java -jar /lab/itti/projects/checkers-competition/server/referee.jar on run_19_vdhankar_zizhaoh #####
INPUT for vdhankar:
GAME
BLACK
61.1693685054779
.b...b.W
w.W.....
...w....
......B.
........
w...B...
.......w
........
##### Running: /usr/bin/time -o time_19_vdhankar_zizhaoh.txt -f "%U" python3 homework.py > stulog.txt 2>&1 on vdhankar #####
child exited with value 1
##### ERROR: /usr/bin/time -o time_19_vdhankar_zizhaoh.txt -f "%U" python3 homework.py > stulog.txt 2>&1 on vdhankar #####
##### Output of failed program (stdout + stderr): #####
Traceback (most recent call last):
  File "homework.py", line 546, in <module>
    print(end-start)
NameError: name 'end' is not defined
##### End of output of failed program #####
##### vdhankar plays [E e3 d4] in 15.0172770023346s #####
##### Running: /usr/lib/jvm/jdk-14.0.1/bin/java -jar /lab/itti/projects/checkers-competition/server/referee.jar on run_19_vdhankar_zizhaoh #####
Move is valid
##### SUCCESS: /usr/lib/jvm/jdk-14.0.1/bin/java -jar /lab/itti/projects/checkers-competition/server/referee.jar on run_19_vdhankar_zizhaoh #####
INPUT for zizhaoh:
GAME
WHITE
155.39
.b...b.W
w.W.....
...w....
......B.
...B....
w.......
.......w
........
##### Running: /usr/bin/time -o time_19_vdhankar_zizhaoh.txt -f "%U" python3 homework.py > stulog.txt 2>&1 on zizhaoh #####
##### SUCCESS: /usr/bin/time -o time_19_vdhankar_zizhaoh.txt -f "%U" python3 homework.py > stulog.txt 2>&1 on zizhaoh #####
##### zizhaoh plays [E c7 d8 ] in 7.82s #####
##### Running: /usr/lib/jvm/jdk-14.0.1/bin/java -jar /lab/itti/projects/checkers-competition/server/referee.jar on run_19_vdhankar_zizhaoh #####
Move is valid
Seen this position 3 times
*** Game ends in draw ***
##### SUCCESS: /usr/lib/jvm/jdk-14.0.1/bin/java -jar /lab/itti/projects/checkers-competition/server/referee.jar on run_19_vdhankar_zizhaoh #####
##### GAME ENDS IN A DRAW. Time left for vdhankar: 46.1520915031433s, zizhaoh: 147.57s
Server said: DRAW
##### GAME OVER: the game ends in a draw, zizhaoh wins by time remaining #####
########## ROUND 19 GAMESCORE AFTER GAME 1: vdhankar=0 and zizhaoh=1 ##########
#################### ROUND 19: vdhankar (W) vs zizhaoh (B): game 2 ####################
##### game start! #####
INPUT for zizhaoh:
GAME
BLACK
300
.b.b.b.b
b.b.b.b.
.b.b.b.b
........
........
w.w.w.w.
.w.w.w.w
w.w.w.w.
##### Running: /usr/bin/time -o time_19_vdhankar_zizhaoh.txt -f "%U" python3 homework.py > stulog.txt 2>&1 on zizhaoh #####
##### SUCCESS: /usr/bin/time -o time_19_vdhankar_zizhaoh.txt -f "%U" python3 homework.py > stulog.txt 2>&1 on zizhaoh #####
##### zizhaoh plays [E b6 a5 ] in 6.84s #####
##### Running: /usr/lib/jvm/jdk-14.0.1/bin/java -jar /lab/itti/projects/checkers-competition/server/referee.jar on run_19_vdhankar_zizhaoh #####
Move is valid
Couldn't read file 'current_ply.txt'
Couldn't read content from file 'current_ply.txt'
Couldn't read file 'lastmatchange_ply.txt'
Couldn't read content from file 'lastmatchange_ply.txt'
##### SUCCESS: /usr/lib/jvm/jdk-14.0.1/bin/java -jar /lab/itti/projects/checkers-competition/server/referee.jar on run_19_vdhankar_zizhaoh #####
INPUT for vdhankar:
GAME
WHITE
300
.b.b.b.b
b.b.b.b.
...b.b.b
b.......
........
w.w.w.w.
.w.w.w.w
w.w.w.w.
##### Running: /usr/bin/time -o time_19_vdhankar_zizhaoh.txt -f "%U" python3 homework.py > stulog.txt 2>&1 on vdhankar #####
child exited with value 1
##### ERROR: /usr/bin/time -o time_19_vdhankar_zizhaoh.txt -f "%U" python3 homework.py > stulog.txt 2>&1 on vdhankar #####
##### Output of failed program (stdout + stderr): #####
Traceback (most recent call last):
  File "homework.py", line 546, in <module>
    print(end-start)
NameError: name 'end' is not defined
##### End of output of failed program #####
##### vdhankar plays [E g3 h4] in 13.2195119857788s #####
##### Running: /usr/lib/jvm/jdk-14.0.1/bin/java -jar /lab/itti/projects/checkers-competition/server/referee.jar on run_19_vdhankar_zizhaoh #####
Move is valid
##### SUCCESS: /usr/lib/jvm/jdk-14.0.1/bin/java -jar /lab/itti/projects/checkers-competition/server/referee.jar on run_19_vdhankar_zizhaoh #####
INPUT for zizhaoh:
GAME
BLACK
293.16
.b.b.b.b
b.b.b.b.
...b.b.b
b.......
.......w
w.w.w...
.w.w.w.w
w.w.w.w.
##### Running: /usr/bin/time -o time_19_vdhankar_zizhaoh.txt -f "%U" python3 homework.py > stulog.txt 2>&1 on zizhaoh #####
##### SUCCESS: /usr/bin/time -o time_19_vdhankar_zizhaoh.txt -f "%U" python3 homework.py > stulog.txt 2>&1 on zizhaoh #####
##### zizhaoh plays [E a7 b6 ] in 6.44s #####
##### Running: /usr/lib/jvm/jdk-14.0.1/bin/java -jar /lab/itti/projects/checkers-competition/server/referee.jar on run_19_vdhankar_zizhaoh #####
Move is valid
##### SUCCESS: /usr/lib/jvm/jdk-14.0.1/bin/java -jar /lab/itti/projects/checkers-competition/server/referee.jar on run_19_vdhankar_zizhaoh #####
INPUT for vdhankar:
GAME
WHITE
286.780488014221
.b.b.b.b
..b.b.b.
.b.b.b.b
b.......
.......w
w.w.w...
.w.w.w.w
w.w.w.w.
##### Running: /usr/bin/time -o time_19_vdhankar_zizhaoh.txt -f "%U" python3 homework.py > stulog.txt 2>&1 on vdhankar #####
child exited with value 1
##### ERROR: /usr/bin/time -o time_19_vdhankar_zizhaoh.txt -f "%U" python3 homework.py > stulog.txt 2>&1 on vdhankar #####
##### Output of failed program (stdout + stderr): #####
Traceback (most recent call last):
  File "homework.py", line 546, in <module>
    print(end-start)
NameError: name 'end' is not defined
##### End of output of failed program #####
##### vdhankar plays [E h2 g3] in 17.8990981578827s #####
##### Running: /usr/lib/jvm/jdk-14.0.1/bin/java -jar /lab/itti/projects/checkers-competition/server/referee.jar on run_19_vdhankar_zizhaoh #####
Move is valid
##### SUCCESS: /usr/lib/jvm/jdk-14.0.1/bin/java -jar /lab/itti/projects/checkers-competition/server/referee.jar on run_19_vdhankar_zizhaoh #####
INPUT for zizhaoh:
GAME
BLACK
286.72
.b.b.b.b
..b.b.b.
.b.b.b.b
b.......
.......w
w.w.w.w.
.w.w.w..
w.w.w.w.
##### Running: /usr/bin/time -o time_19_vdhankar_zizhaoh.txt -f "%U" python3 homework.py > stulog.txt 2>&1 on zizhaoh #####
##### SUCCESS: /usr/bin/time -o time_19_vdhankar_zizhaoh.txt -f "%U" python3 homework.py > stulog.txt 2>&1 on zizhaoh #####
##### zizhaoh plays [E b8 a7 ] in 6.56s #####
##### Running: /usr/lib/jvm/jdk-14.0.1/bin/java -jar /lab/itti/projects/checkers-competition/server/referee.jar on run_19_vdhankar_zizhaoh #####
Move is valid
##### SUCCESS: /usr/lib/jvm/jdk-14.0.1/bin/java -jar /lab/itti/projects/checkers-competition/server/referee.jar on run_19_vdhankar_zizhaoh #####
INPUT for vdhankar:
GAME
WHITE
268.881389856339
...b.b.b
b.b.b.b.
.b.b.b.b
b.......
.......w
w.w.w.w.
.w.w.w..
w.w.w.w.
##### Running: /usr/bin/time -o time_19_vdhankar_zizhaoh.txt -f "%U" python3 homework.py > stulog.txt 2>&1 on vdhankar #####
child exited with value 1
##### ERROR: /usr/bin/time -o time_19_vdhankar_zizhaoh.txt -f "%U" python3 homework.py > stulog.txt 2>&1 on vdhankar #####
##### Output of failed program (stdout + stderr): #####
Traceback (most recent call last):
  File "homework.py", line 546, in <module>
    print(end-start)
NameError: name 'end' is not defined
##### End of output of failed program #####
##### vdhankar plays [E c3 d4] in 5.34841394424438s #####
##### Running: /usr/lib/jvm/jdk-14.0.1/bin/java -jar /lab/itti/projects/checkers-competition/server/referee.jar on run_19_vdhankar_zizhaoh #####
Move is valid
##### SUCCESS: /usr/lib/jvm/jdk-14.0.1/bin/java -jar /lab/itti/projects/checkers-competition/server/referee.jar on run_19_vdhankar_zizhaoh #####
INPUT for zizhaoh:
GAME
BLACK
280.16
...b.b.b
b.b.b.b.
.b.b.b.b
b.......
...w...w
w...w.w.
.w.w.w..
w.w.w.w.
##### Running: /usr/bin/time -o time_19_vdhankar_zizhaoh.txt -f "%U" python3 homework.py > stulog.txt 2>&1 on zizhaoh #####
##### SUCCESS: /usr/bin/time -o time_19_vdhankar_zizhaoh.txt -f "%U" python3 homework.py > stulog.txt 2>&1 on zizhaoh #####
##### zizhaoh plays [E d6 c5 ] in 2.72s #####
##### Running: /usr/lib/jvm/jdk-14.0.1/bin/java -jar /lab/itti/projects/checkers-competition/server/referee.jar on run_19_vdhankar_zizhaoh #####
Move is valid
##### SUCCESS: /usr/lib/jvm/jdk-14.0.1/bin/java -jar /lab/itti/projects/checkers-competition/server/referee.jar on run_19_vdhankar_zizhaoh #####
INPUT for vdhankar:
GAME
WHITE
263.532975912094
...b.b.b
b.b.b.b.
.b...b.b
b.b.....
...w...w
w...w.w.
.w.w.w..
w.w.w.w.
##### Running: /usr/bin/time -o time_19_vdhankar_zizhaoh.txt -f "%U" python3 homework.py > stulog.txt 2>&1 on vdhankar #####
child exited with value 1
##### ERROR: /usr/bin/time -o time_19_vdhankar_zizhaoh.txt -f "%U" python3 homework.py > stulog.txt 2>&1 on vdhankar #####
##### Output of failed program (stdout + stderr): #####
Traceback (most recent call last):
  File "homework.py", line 546, in <module>
    print(end-start)
NameError: name 'end' is not defined
##### End of output of failed program #####
##### vdhankar plays [E b2 c3] in 4.63489198684692s #####
##### Running: /usr/lib/jvm/jdk-14.0.1/bin/java -jar /lab/itti/projects/checkers-competition/server/referee.jar on run_19_vdhankar_zizhaoh #####
Move is valid
##### SUCCESS: /usr/lib/jvm/jdk-14.0.1/bin/java -jar /lab/itti/projects/checkers-competition/server/referee.jar on run_19_vdhankar_zizhaoh #####
INPUT for zizhaoh:
GAME
BLACK
277.44
...b.b.b
b.b.b.b.
.b...b.b
b.b.....
...w...w
w.w.w.w.
...w.w..
w.w.w.w.
##### Running: /usr/bin/time -o time_19_vdhankar_zizhaoh.txt -f "%U" python3 homework.py > stulog.txt 2>&1 on zizhaoh #####
##### SUCCESS: /usr/bin/time -o time_19_vdhankar_zizhaoh.txt -f "%U" python3 homework.py > stulog.txt 2>&1 on zizhaoh #####
##### zizhaoh plays [E c7 d6 ] in 3.45s #####
##### Running: /usr/lib/jvm/jdk-14.0.1/bin/java -jar /lab/itti/projects/checkers-competition/server/referee.jar on run_19_vdhankar_zizhaoh #####
Move is valid
##### SUCCESS: /usr/lib/jvm/jdk-14.0.1/bin/java -jar /lab/itti/projects/checkers-competition/server/referee.jar on run_19_vdhankar_zizhaoh #####
INPUT for vdhankar:
GAME
WHITE
258.898083925247
...b.b.b
b...b.b.
.b.b.b.b
b.b.....
...w...w
w.w.w.w.
...w.w..
w.w.w.w.
##### Running: /usr/bin/time -o time_19_vdhankar_zizhaoh.txt -f "%U" python3 homework.py > stulog.txt 2>&1 on vdhankar #####
child exited with value 1
##### ERROR: /usr/bin/time -o time_19_vdhankar_zizhaoh.txt -f "%U" python3 homework.py > stulog.txt 2>&1 on vdhankar #####
##### Output of failed program (stdout + stderr): #####
Traceback (most recent call last):
  File "homework.py", line 546, in <module>
    print(end-start)
NameError: name 'end' is not defined
##### End of output of failed program #####
##### vdhankar plays [E a1 b2] in 6.8797619342804s #####
##### Running: /usr/lib/jvm/jdk-14.0.1/bin/java -jar /lab/itti/projects/checkers-competition/server/referee.jar on run_19_vdhankar_zizhaoh #####
Move is valid
##### SUCCESS: /usr/lib/jvm/jdk-14.0.1/bin/java -jar /lab/itti/projects/checkers-competition/server/referee.jar on run_19_vdhankar_zizhaoh #####
INPUT for zizhaoh:
GAME
BLACK
273.99
...b.b.b
b...b.b.
.b.b.b.b
b.b.....
...w...w
w.w.w.w.
.w.w.w..
..w.w.w.
##### Running: /usr/bin/time -o time_19_vdhankar_zizhaoh.txt -f "%U" python3 homework.py > stulog.txt 2>&1 on zizhaoh #####
##### SUCCESS: /usr/bin/time -o time_19_vdhankar_zizhaoh.txt -f "%U" python3 homework.py > stulog.txt 2>&1 on zizhaoh #####
##### zizhaoh plays [E d8 c7 ] in 1.93s #####
##### Running: /usr/lib/jvm/jdk-14.0.1/bin/java -jar /lab/itti/projects/checkers-competition/server/referee.jar on run_19_vdhankar_zizhaoh #####
Move is valid
##### SUCCESS: /usr/lib/jvm/jdk-14.0.1/bin/java -jar /lab/itti/projects/checkers-competition/server/referee.jar on run_19_vdhankar_zizhaoh #####
INPUT for vdhankar:
GAME
WHITE
252.018321990967
.....b.b
b.b.b.b.
.b.b.b.b
b.b.....
...w...w
w.w.w.w.
.w.w.w..
..w.w.w.
##### Running: /usr/bin/time -o time_19_vdhankar_zizhaoh.txt -f "%U" python3 homework.py > stulog.txt 2>&1 on vdhankar #####
child exited with value 1
##### ERROR: /usr/bin/time -o time_19_vdhankar_zizhaoh.txt -f "%U" python3 homework.py > stulog.txt 2>&1 on vdhankar #####
##### Output of failed program (stdout + stderr): #####
Traceback (most recent call last):
  File "homework.py", line 546, in <module>
    print(end-start)
NameError: name 'end' is not defined
##### End of output of failed program #####
##### vdhankar plays [E g3 f4] in 2.71999502182007s #####
##### Running: /usr/lib/jvm/jdk-14.0.1/bin/java -jar /lab/itti/projects/checkers-competition/server/referee.jar on run_19_vdhankar_zizhaoh #####
Move is valid
##### SUCCESS: /usr/lib/jvm/jdk-14.0.1/bin/java -jar /lab/itti/projects/checkers-competition/server/referee.jar on run_19_vdhankar_zizhaoh #####
INPUT for zizhaoh:
GAME
BLACK
272.06
.....b.b
b.b.b.b.
.b.b.b.b
b.b.....
...w.w.w
w.w.w...
.w.w.w..
..w.w.w.
##### Running: /usr/bin/time -o time_19_vdhankar_zizhaoh.txt -f "%U" python3 homework.py > stulog.txt 2>&1 on zizhaoh #####
##### SUCCESS: /usr/bin/time -o time_19_vdhankar_zizhaoh.txt -f "%U" python3 homework.py > stulog.txt 2>&1 on zizhaoh #####
##### zizhaoh plays [E c5 b4 ] in 0.95s #####
##### Running: /usr/lib/jvm/jdk-14.0.1/bin/java -jar /lab/itti/projects/checkers-competition/server/referee.jar on run_19_vdhankar_zizhaoh #####
Move is valid
##### SUCCESS: /usr/lib/jvm/jdk-14.0.1/bin/java -jar /lab/itti/projects/checkers-competition/server/referee.jar on run_19_vdhankar_zizhaoh #####
INPUT for vdhankar:
GAME
WHITE
249.298326969147
.....b.b
b.b.b.b.
.b.b.b.b
b.......
.b.w.w.w
w.w.w...
.w.w.w..
..w.w.w.
##### Running: /usr/bin/time -o time_19_vdhankar_zizhaoh.txt -f "%U" python3 homework.py > stulog.txt 2>&1 on vdhankar #####
child exited with value 1
##### ERROR: /usr/bin/time -o time_19_vdhankar_zizhaoh.txt -f "%U" python3 homework.py > stulog.txt 2>&1 on vdhankar #####
##### Output of failed program (stdout + stderr): #####
Traceback (most recent call last):
  File "homework.py", line 546, in <module>
    print(end-start)
NameError: name 'end' is not defined
##### End of output of failed program #####
##### vdhankar plays [J a3 c5] in 0.676119089126587s #####
##### Running: /usr/lib/jvm/jdk-14.0.1/bin/java -jar /lab/itti/projects/checkers-competition/server/referee.jar on run_19_vdhankar_zizhaoh #####
Move is valid
##### SUCCESS: /usr/lib/jvm/jdk-14.0.1/bin/java -jar /lab/itti/projects/checkers-competition/server/referee.jar on run_19_vdhankar_zizhaoh #####
INPUT for zizhaoh:
GAME
BLACK
271.11
.....b.b
b.b.b.b.
.b.b.b.b
b.w.....
...w.w.w
..w.w...
.w.w.w..
..w.w.w.
##### Running: /usr/bin/time -o time_19_vdhankar_zizhaoh.txt -f "%U" python3 homework.py > stulog.txt 2>&1 on zizhaoh #####
##### SUCCESS: /usr/bin/time -o time_19_vdhankar_zizhaoh.txt -f "%U" python3 homework.py > stulog.txt 2>&1 on zizhaoh #####
##### zizhaoh plays [J d6 b4 ] in 0.69s #####
##### Running: /usr/lib/jvm/jdk-14.0.1/bin/java -jar /lab/itti/projects/checkers-competition/server/referee.jar on run_19_vdhankar_zizhaoh #####
Move is valid
##### SUCCESS: /usr/lib/jvm/jdk-14.0.1/bin/java -jar /lab/itti/projects/checkers-competition/server/referee.jar on run_19_vdhankar_zizhaoh #####
INPUT for vdhankar:
GAME
WHITE
248.62220788002
.....b.b
b.b.b.b.
.b...b.b
b.......
.b.w.w.w
..w.w...
.w.w.w..
..w.w.w.
##### Running: /usr/bin/time -o time_19_vdhankar_zizhaoh.txt -f "%U" python3 homework.py > stulog.txt 2>&1 on vdhankar #####
child exited with value 1
##### ERROR: /usr/bin/time -o time_19_vdhankar_zizhaoh.txt -f "%U" python3 homework.py > stulog.txt 2>&1 on vdhankar #####
##### Output of failed program (stdout + stderr): #####
Traceback (most recent call last):
  File "homework.py", line 546, in <module>
    print(end-start)
NameError: name 'end' is not defined
##### End of output of failed program #####
##### vdhankar plays [E g1 h2] in 3.00483298301697s #####
##### Running: /usr/lib/jvm/jdk-14.0.1/bin/java -jar /lab/itti/projects/checkers-competition/server/referee.jar on run_19_vdhankar_zizhaoh #####
Move is valid
##### SUCCESS: /usr/lib/jvm/jdk-14.0.1/bin/java -jar /lab/itti/projects/checkers-competition/server/referee.jar on run_19_vdhankar_zizhaoh #####
INPUT for zizhaoh:
GAME
BLACK
270.42
.....b.b
b.b.b.b.
.b...b.b
b.......
.b.w.w.w
..w.w...
.w.w.w.w
..w.w...
##### Running: /usr/bin/time -o time_19_vdhankar_zizhaoh.txt -f "%U" python3 homework.py > stulog.txt 2>&1 on zizhaoh #####
##### SUCCESS: /usr/bin/time -o time_19_vdhankar_zizhaoh.txt -f "%U" python3 homework.py > stulog.txt 2>&1 on zizhaoh #####
##### zizhaoh plays [E c7 d6 ] in 2.56s #####
##### Running: /usr/lib/jvm/jdk-14.0.1/bin/java -jar /lab/itti/projects/checkers-competition/server/referee.jar on run_19_vdhankar_zizhaoh #####
Move is valid
##### SUCCESS: /usr/lib/jvm/jdk-14.0.1/bin/java -jar /lab/itti/projects/checkers-competition/server/referee.jar on run_19_vdhankar_zizhaoh #####
INPUT for vdhankar:
GAME
WHITE
245.617374897003
.....b.b
b...b.b.
.b.b.b.b
b.......
.b.w.w.w
..w.w...
.w.w.w.w
..w.w...
##### Running: /usr/bin/time -o time_19_vdhankar_zizhaoh.txt -f "%U" python3 homework.py > stulog.txt 2>&1 on vdhankar #####
child exited with value 1
##### ERROR: /usr/bin/time -o time_19_vdhankar_zizhaoh.txt -f "%U" python3 homework.py > stulog.txt 2>&1 on vdhankar #####
##### Output of failed program (stdout + stderr): #####
Traceback (most recent call last):
  File "homework.py", line 546, in <module>
    print(end-start)
NameError: name 'end' is not defined
##### End of output of failed program #####
##### vdhankar plays [E d4 e5] in 1.32736015319824s #####
##### Running: /usr/lib/jvm/jdk-14.0.1/bin/java -jar /lab/itti/projects/checkers-competition/server/referee.jar on run_19_vdhankar_zizhaoh #####
Move is valid
##### SUCCESS: /usr/lib/jvm/jdk-14.0.1/bin/java -jar /lab/itti/projects/checkers-competition/server/referee.jar on run_19_vdhankar_zizhaoh #####
INPUT for zizhaoh:
GAME
BLACK
267.86
.....b.b
b...b.b.
.b.b.b.b
b...w...
.b...w.w
..w.w...
.w.w.w.w
..w.w...
##### Running: /usr/bin/time -o time_19_vdhankar_zizhaoh.txt -f "%U" python3 homework.py > stulog.txt 2>&1 on zizhaoh #####
##### SUCCESS: /usr/bin/time -o time_19_vdhankar_zizhaoh.txt -f "%U" python3 homework.py > stulog.txt 2>&1 on zizhaoh #####
##### zizhaoh plays [J f6 d4 ] in 0.68s #####
##### Running: /usr/lib/jvm/jdk-14.0.1/bin/java -jar /lab/itti/projects/checkers-competition/server/referee.jar on run_19_vdhankar_zizhaoh #####
Move is valid
##### SUCCESS: /usr/lib/jvm/jdk-14.0.1/bin/java -jar /lab/itti/projects/checkers-competition/server/referee.jar on run_19_vdhankar_zizhaoh #####
INPUT for vdhankar:
GAME
WHITE
244.290014743805
.....b.b
b...b.b.
.b.b...b
b.......
.b.b.w.w
..w.w...
.w.w.w.w
..w.w...
##### Running: /usr/bin/time -o time_19_vdhankar_zizhaoh.txt -f "%U" python3 homework.py > stulog.txt 2>&1 on vdhankar #####
child exited with value 1
##### ERROR: /usr/bin/time -o time_19_vdhankar_zizhaoh.txt -f "%U" python3 homework.py > stulog.txt 2>&1 on vdhankar #####
##### Output of failed program (stdout + stderr): #####
Traceback (most recent call last):
  File "homework.py", line 546, in <module>
    print(end-start)
NameError: name 'end' is not defined
##### End of output of failed program #####
##### vdhankar plays [J c3 e5 ; J e5 c7] in 3.48595190048218s #####
##### Running: /usr/lib/jvm/jdk-14.0.1/bin/java -jar /lab/itti/projects/checkers-competition/server/referee.jar on run_19_vdhankar_zizhaoh #####
Move is valid
##### SUCCESS: /usr/lib/jvm/jdk-14.0.1/bin/java -jar /lab/itti/projects/checkers-competition/server/referee.jar on run_19_vdhankar_zizhaoh #####
INPUT for zizhaoh:
GAME
BLACK
267.18
.....b.b
b.w.b.b.
.b.....b
b.......
.b...w.w
....w...
.w.w.w.w
..w.w...
##### Running: /usr/bin/time -o time_19_vdhankar_zizhaoh.txt -f "%U" python3 homework.py > stulog.txt 2>&1 on zizhaoh #####
##### SUCCESS: /usr/bin/time -o time_19_vdhankar_zizhaoh.txt -f "%U" python3 homework.py > stulog.txt 2>&1 on zizhaoh #####
##### zizhaoh plays [E e7 d6 ] in 8.05s #####
##### Running: /usr/lib/jvm/jdk-14.0.1/bin/java -jar /lab/itti/projects/checkers-competition/server/referee.jar on run_19_vdhankar_zizhaoh #####
Move is valid
##### SUCCESS: /usr/lib/jvm/jdk-14.0.1/bin/java -jar /lab/itti/projects/checkers-competition/server/referee.jar on run_19_vdhankar_zizhaoh #####
INPUT for vdhankar:
GAME
WHITE
240.804062843323
.....b.b
b.w...b.
.b.b...b
b.......
.b...w.w
....w...
.w.w.w.w
..w.w...
##### Running: /usr/bin/time -o time_19_vdhankar_zizhaoh.txt -f "%U" python3 homework.py > stulog.txt 2>&1 on vdhankar #####
child exited with value 1
##### ERROR: /usr/bin/time -o time_19_vdhankar_zizhaoh.txt -f "%U" python3 homework.py > stulog.txt 2>&1 on vdhankar #####
##### Output of failed program (stdout + stderr): #####
Traceback (most recent call last):
  File "homework.py", line 546, in <module>
    print(end-start)
NameError: name 'end' is not defined
##### End of output of failed program #####
##### vdhankar plays [E h2 g3] in 6.63116216659546s #####
##### Running: /usr/lib/jvm/jdk-14.0.1/bin/java -jar /lab/itti/projects/checkers-competition/server/referee.jar on run_19_vdhankar_zizhaoh #####
Move is valid
##### SUCCESS: /usr/lib/jvm/jdk-14.0.1/bin/java -jar /lab/itti/projects/checkers-competition/server/referee.jar on run_19_vdhankar_zizhaoh #####
INPUT for zizhaoh:
GAME
BLACK
259.13
.....b.b
b.w...b.
.b.b...b
b.......
.b...w.w
....w.w.
.w.w.w..
..w.w...
##### Running: /usr/bin/time -o time_19_vdhankar_zizhaoh.txt -f "%U" python3 homework.py > stulog.txt 2>&1 on zizhaoh #####
##### SUCCESS: /usr/bin/time -o time_19_vdhankar_zizhaoh.txt -f "%U" python3 homework.py > stulog.txt 2>&1 on zizhaoh #####
##### zizhaoh plays [E f8 e7 ] in 7.48s #####
##### Running: /usr/lib/jvm/jdk-14.0.1/bin/java -jar /lab/itti/projects/checkers-competition/server/referee.jar on run_19_vdhankar_zizhaoh #####
Move is valid
##### SUCCESS: /usr/lib/jvm/jdk-14.0.1/bin/java -jar /lab/itti/projects/checkers-competition/server/referee.jar on run_19_vdhankar_zizhaoh #####
INPUT for vdhankar:
GAME
WHITE
234.172900676727
.......b
b.w.b.b.
.b.b...b
b.......
.b...w.w
....w.w.
.w.w.w..
..w.w...
##### Running: /usr/bin/time -o time_19_vdhankar_zizhaoh.txt -f "%U" python3 homework.py > stulog.txt 2>&1 on vdhankar #####
child exited with value 1
##### ERROR: /usr/bin/time -o time_19_vdhankar_zizhaoh.txt -f "%U" python3 homework.py > stulog.txt 2>&1 on vdhankar #####
##### Output of failed program (stdout + stderr): #####
Traceback (most recent call last):
  File "homework.py", line 546, in <module>
    print(end-start)
NameError: name 'end' is not defined
##### End of output of failed program #####
##### vdhankar plays [E b2 c3] in 7.03172707557678s #####
##### Running: /usr/lib/jvm/jdk-14.0.1/bin/java -jar /lab/itti/projects/checkers-competition/server/referee.jar on run_19_vdhankar_zizhaoh #####
Move is valid
##### SUCCESS: /usr/lib/jvm/jdk-14.0.1/bin/java -jar /lab/itti/projects/checkers-competition/server/referee.jar on run_19_vdhankar_zizhaoh #####
INPUT for zizhaoh:
GAME
BLACK
251.65
.......b
b.w.b.b.
.b.b...b
b.......
.b...w.w
..w.w.w.
...w.w..
..w.w...
##### Running: /usr/bin/time -o time_19_vdhankar_zizhaoh.txt -f "%U" python3 homework.py > stulog.txt 2>&1 on zizhaoh #####
##### SUCCESS: /usr/bin/time -o time_19_vdhankar_zizhaoh.txt -f "%U" python3 homework.py > stulog.txt 2>&1 on zizhaoh #####
##### zizhaoh plays [E e7 f6 ] in 7.9s #####
##### Running: /usr/lib/jvm/jdk-14.0.1/bin/java -jar /lab/itti/projects/checkers-competition/server/referee.jar on run_19_vdhankar_zizhaoh #####
Move is valid
##### SUCCESS: /usr/lib/jvm/jdk-14.0.1/bin/java -jar /lab/itti/projects/checkers-competition/server/referee.jar on run_19_vdhankar_zizhaoh #####
INPUT for vdhankar:
GAME
WHITE
227.141173601151
.......b
b.w...b.
.b.b.b.b
b.......
.b...w.w
..w.w.w.
...w.w..
..w.w...
##### Running: /usr/bin/time -o time_19_vdhankar_zizhaoh.txt -f "%U" python3 homework.py > stulog.txt 2>&1 on vdhankar #####
child exited with value 1
##### ERROR: /usr/bin/time -o time_19_vdhankar_zizhaoh.txt -f "%U" python3 homework.py > stulog.txt 2>&1 on vdhankar #####
##### Output of failed program (stdout + stderr): #####
Traceback (most recent call last):
  File "homework.py", line 546, in <module>
    print(end-start)
NameError: name 'end' is not defined
##### End of output of failed program #####
##### vdhankar plays [E e3 d4] in 2.78023099899292s #####
##### Running: /usr/lib/jvm/jdk-14.0.1/bin/java -jar /lab/itti/projects/checkers-competition/server/referee.jar on run_19_vdhankar_zizhaoh #####
Move is valid
##### SUCCESS: /usr/lib/jvm/jdk-14.0.1/bin/java -jar /lab/itti/projects/checkers-competition/server/referee.jar on run_19_vdhankar_zizhaoh #####
INPUT for zizhaoh:
GAME
BLACK
243.75
.......b
b.w...b.
.b.b.b.b
b.......
.b.w.w.w
..w...w.
...w.w..
..w.w...
##### Running: /usr/bin/time -o time_19_vdhankar_zizhaoh.txt -f "%U" python3 homework.py > stulog.txt 2>&1 on zizhaoh #####
##### SUCCESS: /usr/bin/time -o time_19_vdhankar_zizhaoh.txt -f "%U" python3 homework.py > stulog.txt 2>&1 on zizhaoh #####
##### zizhaoh plays [E d6 c5 ] in 2.86s #####
##### Running: /usr/lib/jvm/jdk-14.0.1/bin/java -jar /lab/itti/projects/checkers-competition/server/referee.jar on run_19_vdhankar_zizhaoh #####
Move is valid
##### SUCCESS: /usr/lib/jvm/jdk-14.0.1/bin/java -jar /lab/itti/projects/checkers-competition/server/referee.jar on run_19_vdhankar_zizhaoh #####
INPUT for vdhankar:
GAME
WHITE
224.360942602158
.......b
b.w...b.
.b...b.b
b.b.....
.b.w.w.w
..w...w.
...w.w..
..w.w...
##### Running: /usr/bin/time -o time_19_vdhankar_zizhaoh.txt -f "%U" python3 homework.py > stulog.txt 2>&1 on vdhankar #####
child exited with value 1
##### ERROR: /usr/bin/time -o time_19_vdhankar_zizhaoh.txt -f "%U" python3 homework.py > stulog.txt 2>&1 on vdhankar #####
##### Output of failed program (stdout + stderr): #####
Traceback (most recent call last):
  File "homework.py", line 546, in <module>
    print(end-start)
NameError: name 'end' is not defined
##### End of output of failed program #####
##### vdhankar plays [E f2 e3] in 2.24452781677246s #####
##### Running: /usr/lib/jvm/jdk-14.0.1/bin/java -jar /lab/itti/projects/checkers-competition/server/referee.jar on run_19_vdhankar_zizhaoh #####
Move is valid
##### SUCCESS: /usr/lib/jvm/jdk-14.0.1/bin/java -jar /lab/itti/projects/checkers-competition/server/referee.jar on run_19_vdhankar_zizhaoh #####
INPUT for zizhaoh:
GAME
BLACK
240.89
.......b
b.w...b.
.b...b.b
b.b.....
.b.w.w.w
..w.w.w.
...w....
..w.w...
##### Running: /usr/bin/time -o time_19_vdhankar_zizhaoh.txt -f "%U" python3 homework.py > stulog.txt 2>&1 on zizhaoh #####
##### SUCCESS: /usr/bin/time -o time_19_vdhankar_zizhaoh.txt -f "%U" python3 homework.py > stulog.txt 2>&1 on zizhaoh #####
##### zizhaoh plays [E b4 a3 ] in 1.23s #####
##### Running: /usr/lib/jvm/jdk-14.0.1/bin/java -jar /lab/itti/projects/checkers-competition/server/referee.jar on run_19_vdhankar_zizhaoh #####
Move is valid
##### SUCCESS: /usr/lib/jvm/jdk-14.0.1/bin/java -jar /lab/itti/projects/checkers-competition/server/referee.jar on run_19_vdhankar_zizhaoh #####
INPUT for vdhankar:
GAME
WHITE
222.116414785385
.......b
b.w...b.
.b...b.b
b.b.....
...w.w.w
b.w.w.w.
...w....
..w.w...
##### Running: /usr/bin/time -o time_19_vdhankar_zizhaoh.txt -f "%U" python3 homework.py > stulog.txt 2>&1 on vdhankar #####
child exited with value 1
##### ERROR: /usr/bin/time -o time_19_vdhankar_zizhaoh.txt -f "%U" python3 homework.py > stulog.txt 2>&1 on vdhankar #####
##### Output of failed program (stdout + stderr): #####
Traceback (most recent call last):
  File "homework.py", line 546, in <module>
    print(end-start)
NameError: name 'end' is not defined
##### End of output of failed program #####
##### vdhankar plays [E c7 d8] in 2.43525695800781s #####
##### Running: /usr/lib/jvm/jdk-14.0.1/bin/java -jar /lab/itti/projects/checkers-competition/server/referee.jar on run_19_vdhankar_zizhaoh #####
Move is valid
##### SUCCESS: /usr/lib/jvm/jdk-14.0.1/bin/java -jar /lab/itti/projects/checkers-competition/server/referee.jar on run_19_vdhankar_zizhaoh #####
INPUT for zizhaoh:
GAME
BLACK
239.66
...W...b
b.....b.
.b...b.b
b.b.....
...w.w.w
b.w.w.w.
...w....
..w.w...
##### Running: /usr/bin/time -o time_19_vdhankar_zizhaoh.txt -f "%U" python3 homework.py > stulog.txt 2>&1 on zizhaoh #####
##### SUCCESS: /usr/bin/time -o time_19_vdhankar_zizhaoh.txt -f "%U" python3 homework.py > stulog.txt 2>&1 on zizhaoh #####
##### zizhaoh plays [E c5 b4 ] in 1.74s #####
##### Running: /usr/lib/jvm/jdk-14.0.1/bin/java -jar /lab/itti/projects/checkers-competition/server/referee.jar on run_19_vdhankar_zizhaoh #####
Move is valid
##### SUCCESS: /usr/lib/jvm/jdk-14.0.1/bin/java -jar /lab/itti/projects/checkers-competition/server/referee.jar on run_19_vdhankar_zizhaoh #####
INPUT for vdhankar:
GAME
WHITE
219.681157827377
...W...b
b.....b.
.b...b.b
b.......
.b.w.w.w
b.w.w.w.
...w....
..w.w...
##### Running: /usr/bin/time -o time_19_vdhankar_zizhaoh.txt -f "%U" python3 homework.py > stulog.txt 2>&1 on vdhankar #####
child exited with value 1
##### ERROR: /usr/bin/time -o time_19_vdhankar_zizhaoh.txt -f "%U" python3 homework.py > stulog.txt 2>&1 on vdhankar #####
##### Output of failed program (stdout + stderr): #####
Traceback (most recent call last):
  File "homework.py", line 546, in <module>
    print(end-start)
NameError: name 'end' is not defined
##### End of output of failed program #####
##### vdhankar plays [E d8 e7] in 1.67387294769287s #####
##### Running: /usr/lib/jvm/jdk-14.0.1/bin/java -jar /lab/itti/projects/checkers-competition/server/referee.jar on run_19_vdhankar_zizhaoh #####
Move is valid
##### SUCCESS: /usr/lib/jvm/jdk-14.0.1/bin/java -jar /lab/itti/projects/checkers-competition/server/referee.jar on run_19_vdhankar_zizhaoh #####
INPUT for zizhaoh:
GAME
BLACK
237.92
.......b
b...W.b.
.b...b.b
b.......
.b.w.w.w
b.w.w.w.
...w....
..w.w...
##### Running: /usr/bin/time -o time_19_vdhankar_zizhaoh.txt -f "%U" python3 homework.py > stulog.txt 2>&1 on zizhaoh #####
##### SUCCESS: /usr/bin/time -o time_19_vdhankar_zizhaoh.txt -f "%U" python3 homework.py > stulog.txt 2>&1 on zizhaoh #####
##### zizhaoh plays [E b6 c5 ] in 0.69s #####
##### Running: /usr/lib/jvm/jdk-14.0.1/bin/java -jar /lab/itti/projects/checkers-competition/server/referee.jar on run_19_vdhankar_zizhaoh #####
Move is valid
##### SUCCESS: /usr/lib/jvm/jdk-14.0.1/bin/java -jar /lab/itti/projects/checkers-competition/server/referee.jar on run_19_vdhankar_zizhaoh #####
INPUT for vdhankar:
GAME
WHITE
218.007284879684
.......b
b...W.b.
.....b.b
b.b.....
.b.w.w.w
b.w.w.w.
...w....
..w.w...
##### Running: /usr/bin/time -o time_19_vdhankar_zizhaoh.txt -f "%U" python3 homework.py > stulog.txt 2>&1 on vdhankar #####
child exited with value 1
##### ERROR: /usr/bin/time -o time_19_vdhankar_zizhaoh.txt -f "%U" python3 homework.py > stulog.txt 2>&1 on vdhankar #####
##### Output of failed program (stdout + stderr): #####
Traceback (most recent call last):
  File "homework.py", line 546, in <module>
    print(end-start)
NameError: name 'end' is not defined
##### End of output of failed program #####
##### vdhankar plays [J d4 b6] in 0.431219100952148s #####
##### Running: /usr/lib/jvm/jdk-14.0.1/bin/java -jar /lab/itti/projects/checkers-competition/server/referee.jar on run_19_vdhankar_zizhaoh #####
Move is valid
##### SUCCESS: /usr/lib/jvm/jdk-14.0.1/bin/java -jar /lab/itti/projects/checkers-competition/server/referee.jar on run_19_vdhankar_zizhaoh #####
INPUT for zizhaoh:
GAME
BLACK
237.23
.......b
b...W.b.
.w...b.b
b.......
.b...w.w
b.w.w.w.
...w....
..w.w...
##### Running: /usr/bin/time -o time_19_vdhankar_zizhaoh.txt -f "%U" python3 homework.py > stulog.txt 2>&1 on zizhaoh #####
##### SUCCESS: /usr/bin/time -o time_19_vdhankar_zizhaoh.txt -f "%U" python3 homework.py > stulog.txt 2>&1 on zizhaoh #####
##### zizhaoh plays [J a7 c5 ] in 0.09s #####
##### Running: /usr/lib/jvm/jdk-14.0.1/bin/java -jar /lab/itti/projects/checkers-competition/server/referee.jar on run_19_vdhankar_zizhaoh #####
Move is valid
##### SUCCESS: /usr/lib/jvm/jdk-14.0.1/bin/java -jar /lab/itti/projects/checkers-competition/server/referee.jar on run_19_vdhankar_zizhaoh #####
INPUT for vdhankar:
GAME
WHITE
217.576065778732
.......b
....W.b.
.....b.b
b.b.....
.b...w.w
b.w.w.w.
...w....
..w.w...
##### Running: /usr/bin/time -o time_19_vdhankar_zizhaoh.txt -f "%U" python3 homework.py > stulog.txt 2>&1 on vdhankar #####
child exited with value 1
##### ERROR: /usr/bin/time -o time_19_vdhankar_zizhaoh.txt -f "%U" python3 homework.py > stulog.txt 2>&1 on vdhankar #####
##### Output of failed program (stdout + stderr): #####
Traceback (most recent call last):
  File "homework.py", line 546, in <module>
    print(end-start)
NameError: name 'end' is not defined
##### End of output of failed program #####
##### vdhankar plays [J e7 g5] in 0.455184936523438s #####
##### Running: /usr/lib/jvm/jdk-14.0.1/bin/java -jar /lab/itti/projects/checkers-competition/server/referee.jar on run_19_vdhankar_zizhaoh #####
Move is valid
##### SUCCESS: /usr/lib/jvm/jdk-14.0.1/bin/java -jar /lab/itti/projects/checkers-competition/server/referee.jar on run_19_vdhankar_zizhaoh #####
INPUT for zizhaoh:
GAME
BLACK
237.14
.......b
......b.
.......b
b.b...W.
.b...w.w
b.w.w.w.
...w....
..w.w...
##### Running: /usr/bin/time -o time_19_vdhankar_zizhaoh.txt -f "%U" python3 homework.py > stulog.txt 2>&1 on zizhaoh #####
##### SUCCESS: /usr/bin/time -o time_19_vdhankar_zizhaoh.txt -f "%U" python3 homework.py > stulog.txt 2>&1 on zizhaoh #####
##### zizhaoh plays [E g7 f6 ] in 0.31s #####
##### Running: /usr/lib/jvm/jdk-14.0.1/bin/java -jar /lab/itti/projects/checkers-competition/server/referee.jar on run_19_vdhankar_zizhaoh #####
Move is valid
##### SUCCESS: /usr/lib/jvm/jdk-14.0.1/bin/java -jar /lab/itti/projects/checkers-competition/server/referee.jar on run_19_vdhankar_zizhaoh #####
INPUT for vdhankar:
GAME
WHITE
217.120880842209
.......b
........
.....b.b
b.b...W.
.b...w.w
b.w.w.w.
...w....
..w.w...
##### Running: /usr/bin/time -o time_19_vdhankar_zizhaoh.txt -f "%U" python3 homework.py > stulog.txt 2>&1 on vdhankar #####
child exited with value 1
##### ERROR: /usr/bin/time -o time_19_vdhankar_zizhaoh.txt -f "%U" python3 homework.py > stulog.txt 2>&1 on vdhankar #####
##### Output of failed program (stdout + stderr): #####
Traceback (most recent call last):
  File "homework.py", line 546, in <module>
    print(end-start)
NameError: name 'end' is not defined
##### End of output of failed program #####
##### vdhankar plays [J g5 e7] in 0.957383155822754s #####
##### Running: /usr/lib/jvm/jdk-14.0.1/bin/java -jar /lab/itti/projects/checkers-competition/server/referee.jar on run_19_vdhankar_zizhaoh #####
Move is valid
##### SUCCESS: /usr/lib/jvm/jdk-14.0.1/bin/java -jar /lab/itti/projects/checkers-competition/server/referee.jar on run_19_vdhankar_zizhaoh #####
INPUT for zizhaoh:
GAME
BLACK
236.83
.......b
....W...
.......b
b.b.....
.b...w.w
b.w.w.w.
...w....
..w.w...
##### Running: /usr/bin/time -o time_19_vdhankar_zizhaoh.txt -f "%U" python3 homework.py > stulog.txt 2>&1 on zizhaoh #####
##### SUCCESS: /usr/bin/time -o time_19_vdhankar_zizhaoh.txt -f "%U" python3 homework.py > stulog.txt 2>&1 on zizhaoh #####
##### zizhaoh plays [E h8 g7 ] in 1.26s #####
##### Running: /usr/lib/jvm/jdk-14.0.1/bin/java -jar /lab/itti/projects/checkers-competition/server/referee.jar on run_19_vdhankar_zizhaoh #####
Move is valid
##### SUCCESS: /usr/lib/jvm/jdk-14.0.1/bin/java -jar /lab/itti/projects/checkers-competition/server/referee.jar on run_19_vdhankar_zizhaoh #####
INPUT for vdhankar:
GAME
WHITE
216.163497686386
........
....W.b.
.......b
b.b.....
.b...w.w
b.w.w.w.
...w....
..w.w...
##### Running: /usr/bin/time -o time_19_vdhankar_zizhaoh.txt -f "%U" python3 homework.py > stulog.txt 2>&1 on vdhankar #####
child exited with value 1
##### ERROR: /usr/bin/time -o time_19_vdhankar_zizhaoh.txt -f "%U" python3 homework.py > stulog.txt 2>&1 on vdhankar #####
##### Output of failed program (stdout + stderr): #####
Traceback (most recent call last):
  File "homework.py", line 546, in <module>
    print(end-start)
NameError: name 'end' is not defined
##### End of output of failed program #####
##### vdhankar plays [E e1 f2] in 1.86866307258606s #####
##### Running: /usr/lib/jvm/jdk-14.0.1/bin/java -jar /lab/itti/projects/checkers-competition/server/referee.jar on run_19_vdhankar_zizhaoh #####
Move is valid
##### SUCCESS: /usr/lib/jvm/jdk-14.0.1/bin/java -jar /lab/itti/projects/checkers-competition/server/referee.jar on run_19_vdhankar_zizhaoh #####
INPUT for zizhaoh:
GAME
BLACK
235.57
........
....W.b.
.......b
b.b.....
.b...w.w
b.w.w.w.
...w.w..
..w.....
##### Running: /usr/bin/time -o time_19_vdhankar_zizhaoh.txt -f "%U" python3 homework.py > stulog.txt 2>&1 on zizhaoh #####
##### SUCCESS: /usr/bin/time -o time_19_vdhankar_zizhaoh.txt -f "%U" python3 homework.py > stulog.txt 2>&1 on zizhaoh #####
##### zizhaoh plays [E g7 f6 ] in 0.21s #####
##### Running: /usr/lib/jvm/jdk-14.0.1/bin/java -jar /lab/itti/projects/checkers-competition/server/referee.jar on run_19_vdhankar_zizhaoh #####
Move is valid
##### SUCCESS: /usr/lib/jvm/jdk-14.0.1/bin/java -jar /lab/itti/projects/checkers-competition/server/referee.jar on run_19_vdhankar_zizhaoh #####
INPUT for vdhankar:
GAME
WHITE
214.2948346138
........
....W...
.....b.b
b.b.....
.b...w.w
b.w.w.w.
...w.w..
..w.....
##### Running: /usr/bin/time -o time_19_vdhankar_zizhaoh.txt -f "%U" python3 homework.py > stulog.txt 2>&1 on vdhankar #####
child exited with value 1
##### ERROR: /usr/bin/time -o time_19_vdhankar_zizhaoh.txt -f "%U" python3 homework.py > stulog.txt 2>&1 on vdhankar #####
##### Output of failed program (stdout + stderr): #####
Traceback (most recent call last):
  File "homework.py", line 546, in <module>
    print(end-start)
NameError: name 'end' is not defined
##### End of output of failed program #####
##### vdhankar plays [J e7 g5] in 0.34647798538208s #####
##### Running: /usr/lib/jvm/jdk-14.0.1/bin/java -jar /lab/itti/projects/checkers-competition/server/referee.jar on run_19_vdhankar_zizhaoh #####
Move is valid
##### SUCCESS: /usr/lib/jvm/jdk-14.0.1/bin/java -jar /lab/itti/projects/checkers-competition/server/referee.jar on run_19_vdhankar_zizhaoh #####
INPUT for zizhaoh:
GAME
BLACK
235.36
........
........
.......b
b.b...W.
.b...w.w
b.w.w.w.
...w.w..
..w.....
##### Running: /usr/bin/time -o time_19_vdhankar_zizhaoh.txt -f "%U" python3 homework.py > stulog.txt 2>&1 on zizhaoh #####
##### SUCCESS: /usr/bin/time -o time_19_vdhankar_zizhaoh.txt -f "%U" python3 homework.py > stulog.txt 2>&1 on zizhaoh #####
##### zizhaoh plays [E c5 d4 ] in 0.09s #####
##### Running: /usr/lib/jvm/jdk-14.0.1/bin/java -jar /lab/itti/projects/checkers-competition/server/referee.jar on run_19_vdhankar_zizhaoh #####
Move is valid
##### SUCCESS: /usr/lib/jvm/jdk-14.0.1/bin/java -jar /lab/itti/projects/checkers-competition/server/referee.jar on run_19_vdhankar_zizhaoh #####
INPUT for vdhankar:
GAME
WHITE
213.948356628418
........
........
.......b
b.....W.
.b.b.w.w
b.w.w.w.
...w.w..
..w.....
##### Running: /usr/bin/time -o time_19_vdhankar_zizhaoh.txt -f "%U" python3 homework.py > stulog.txt 2>&1 on vdhankar #####
child exited with value 1
##### ERROR: /usr/bin/time -o time_19_vdhankar_zizhaoh.txt -f "%U" python3 homework.py > stulog.txt 2>&1 on vdhankar #####
##### Output of failed program (stdout + stderr): #####
Traceback (most recent call last):
  File "homework.py", line 546, in <module>
    print(end-start)
NameError: name 'end' is not defined
##### End of output of failed program #####
##### vdhankar plays [J e3 c5] in 0.333697080612183s #####
##### Running: /usr/lib/jvm/jdk-14.0.1/bin/java -jar /lab/itti/projects/checkers-competition/server/referee.jar on run_19_vdhankar_zizhaoh #####
Move is valid
##### SUCCESS: /usr/lib/jvm/jdk-14.0.1/bin/java -jar /lab/itti/projects/checkers-competition/server/referee.jar on run_19_vdhankar_zizhaoh #####
INPUT for zizhaoh:
GAME
BLACK
235.27
........
........
.......b
b.w...W.
.b...w.w
b.w...w.
...w.w..
..w.....
##### Running: /usr/bin/time -o time_19_vdhankar_zizhaoh.txt -f "%U" python3 homework.py > stulog.txt 2>&1 on zizhaoh #####
##### SUCCESS: /usr/bin/time -o time_19_vdhankar_zizhaoh.txt -f "%U" python3 homework.py > stulog.txt 2>&1 on zizhaoh #####
##### zizhaoh plays [E a3 b2 ] in 0.05s #####
##### Running: /usr/lib/jvm/jdk-14.0.1/bin/java -jar /lab/itti/projects/checkers-competition/server/referee.jar on run_19_vdhankar_zizhaoh #####
Move is valid
##### SUCCESS: /usr/lib/jvm/jdk-14.0.1/bin/java -jar /lab/itti/projects/checkers-competition/server/referee.jar on run_19_vdhankar_zizhaoh #####
INPUT for vdhankar:
GAME
WHITE
213.614659547806
........
........
.......b
b.w...W.
.b...w.w
..w...w.
.b.w.w..
..w.....
##### Running: /usr/bin/time -o time_19_vdhankar_zizhaoh.txt -f "%U" python3 homework.py > stulog.txt 2>&1 on vdhankar #####
child exited with value 1
##### ERROR: /usr/bin/time -o time_19_vdhankar_zizhaoh.txt -f "%U" python3 homework.py > stulog.txt 2>&1 on vdhankar #####
##### Output of failed program (stdout + stderr): #####
Traceback (most recent call last):
  File "homework.py", line 546, in <module>
    print(end-start)
NameError: name 'end' is not defined
##### End of output of failed program #####
##### vdhankar plays [J c1 a3] in 0.410851001739502s #####
##### Running: /usr/lib/jvm/jdk-14.0.1/bin/java -jar /lab/itti/projects/checkers-competition/server/referee.jar on run_19_vdhankar_zizhaoh #####
Move is valid
After this move, player BLACK cannot make any moves
*** Winner: WHITE ***
##### SUCCESS: /usr/lib/jvm/jdk-14.0.1/bin/java -jar /lab/itti/projects/checkers-competition/server/referee.jar on run_19_vdhankar_zizhaoh #####
##### GAME OVER: vdhankar wins the game! #####
Server said: WIN
########## ROUND 19 GAMESCORE AFTER GAME 2: vdhankar=1 and zizhaoh=1 ##########
#################### ROUND 19: vdhankar (B) vs zizhaoh (W): game 3 ####################
##### game start! #####
INPUT for vdhankar:
GAME
BLACK
300
.b.b.b.b
b.b.b.b.
.b.b.b.b
........
........
w.w.w.w.
.w.w.w.w
w.w.w.w.
##### Running: /usr/bin/time -o time_19_vdhankar_zizhaoh.txt -f "%U" python3 homework.py > stulog.txt 2>&1 on vdhankar #####
child exited with value 1
##### ERROR: /usr/bin/time -o time_19_vdhankar_zizhaoh.txt -f "%U" python3 homework.py > stulog.txt 2>&1 on vdhankar #####
##### Output of failed program (stdout + stderr): #####
Traceback (most recent call last):
  File "homework.py", line 546, in <module>
    print(end-start)
NameError: name 'end' is not defined
##### End of output of failed program #####
##### vdhankar plays [E h6 g5] in 12.0981690883636s #####
##### Running: /usr/lib/jvm/jdk-14.0.1/bin/java -jar /lab/itti/projects/checkers-competition/server/referee.jar on run_19_vdhankar_zizhaoh #####
Move is valid
Couldn't read file 'current_ply.txt'
Couldn't read content from file 'current_ply.txt'
Couldn't read file 'lastmatchange_ply.txt'
Couldn't read content from file 'lastmatchange_ply.txt'
##### SUCCESS: /usr/lib/jvm/jdk-14.0.1/bin/java -jar /lab/itti/projects/checkers-competition/server/referee.jar on run_19_vdhankar_zizhaoh #####
INPUT for zizhaoh:
GAME
WHITE
300
.b.b.b.b
b.b.b.b.
.b.b.b..
......b.
........
w.w.w.w.
.w.w.w.w
w.w.w.w.
##### Running: /usr/bin/time -o time_19_vdhankar_zizhaoh.txt -f "%U" python3 homework.py > stulog.txt 2>&1 on zizhaoh #####
##### SUCCESS: /usr/bin/time -o time_19_vdhankar_zizhaoh.txt -f "%U" python3 homework.py > stulog.txt 2>&1 on zizhaoh #####
##### zizhaoh plays [E a3 b4 ] in 6.1s #####
##### Running: /usr/lib/jvm/jdk-14.0.1/bin/java -jar /lab/itti/projects/checkers-competition/server/referee.jar on run_19_vdhankar_zizhaoh #####
Move is valid
##### SUCCESS: /usr/lib/jvm/jdk-14.0.1/bin/java -jar /lab/itti/projects/checkers-competition/server/referee.jar on run_19_vdhankar_zizhaoh #####
INPUT for vdhankar:
GAME
BLACK
287.901830911636
.b.b.b.b
b.b.b.b.
.b.b.b..
......b.
.w......
..w.w.w.
.w.w.w.w
w.w.w.w.
##### Running: /usr/bin/time -o time_19_vdhankar_zizhaoh.txt -f "%U" python3 homework.py > stulog.txt 2>&1 on vdhankar #####
child exited with value 1
##### ERROR: /usr/bin/time -o time_19_vdhankar_zizhaoh.txt -f "%U" python3 homework.py > stulog.txt 2>&1 on vdhankar #####
##### Output of failed program (stdout + stderr): #####
Traceback (most recent call last):
  File "homework.py", line 546, in <module>
    print(end-start)
NameError: name 'end' is not defined
##### End of output of failed program #####
##### vdhankar plays [E g5 h4] in 9.05673599243164s #####
##### Running: /usr/lib/jvm/jdk-14.0.1/bin/java -jar /lab/itti/projects/checkers-competition/server/referee.jar on run_19_vdhankar_zizhaoh #####
Move is valid
##### SUCCESS: /usr/lib/jvm/jdk-14.0.1/bin/java -jar /lab/itti/projects/checkers-competition/server/referee.jar on run_19_vdhankar_zizhaoh #####
INPUT for zizhaoh:
GAME
WHITE
293.9
.b.b.b.b
b.b.b.b.
.b.b.b..
........
.w.....b
..w.w.w.
.w.w.w.w
w.w.w.w.
##### Running: /usr/bin/time -o time_19_vdhankar_zizhaoh.txt -f "%U" python3 homework.py > stulog.txt 2>&1 on zizhaoh #####
##### SUCCESS: /usr/bin/time -o time_19_vdhankar_zizhaoh.txt -f "%U" python3 homework.py > stulog.txt 2>&1 on zizhaoh #####
##### zizhaoh plays [E b4 a5 ] in 5.66s #####
##### Running: /usr/lib/jvm/jdk-14.0.1/bin/java -jar /lab/itti/projects/checkers-competition/server/referee.jar on run_19_vdhankar_zizhaoh #####
Move is valid
##### SUCCESS: /usr/lib/jvm/jdk-14.0.1/bin/java -jar /lab/itti/projects/checkers-competition/server/referee.jar on run_19_vdhankar_zizhaoh #####
INPUT for vdhankar:
GAME
BLACK
278.845094919205
.b.b.b.b
b.b.b.b.
.b.b.b..
w.......
.......b
..w.w.w.
.w.w.w.w
w.w.w.w.
##### Running: /usr/bin/time -o time_19_vdhankar_zizhaoh.txt -f "%U" python3 homework.py > stulog.txt 2>&1 on vdhankar #####
child exited with value 1
##### ERROR: /usr/bin/time -o time_19_vdhankar_zizhaoh.txt -f "%U" python3 homework.py > stulog.txt 2>&1 on vdhankar #####
##### Output of failed program (stdout + stderr): #####
Traceback (most recent call last):
  File "homework.py", line 546, in <module>
    print(end-start)
NameError: name 'end' is not defined
##### End of output of failed program #####
##### vdhankar plays [E d6 e5] in 7.5190851688385s #####
##### Running: /usr/lib/jvm/jdk-14.0.1/bin/java -jar /lab/itti/projects/checkers-competition/server/referee.jar on run_19_vdhankar_zizhaoh #####
Move is valid
##### SUCCESS: /usr/lib/jvm/jdk-14.0.1/bin/java -jar /lab/itti/projects/checkers-competition/server/referee.jar on run_19_vdhankar_zizhaoh #####
INPUT for zizhaoh:
GAME
WHITE
288.24
.b.b.b.b
b.b.b.b.
.b...b..
w...b...
.......b
..w.w.w.
.w.w.w.w
w.w.w.w.
##### Running: /usr/bin/time -o time_19_vdhankar_zizhaoh.txt -f "%U" python3 homework.py > stulog.txt 2>&1 on zizhaoh #####
##### SUCCESS: /usr/bin/time -o time_19_vdhankar_zizhaoh.txt -f "%U" python3 homework.py > stulog.txt 2>&1 on zizhaoh #####
##### zizhaoh plays [E c3 b4 ] in 2.25s #####
##### Running: /usr/lib/jvm/jdk-14.0.1/bin/java -jar /lab/itti/projects/checkers-competition/server/referee.jar on run_19_vdhankar_zizhaoh #####
Move is valid
##### SUCCESS: /usr/lib/jvm/jdk-14.0.1/bin/java -jar /lab/itti/projects/checkers-competition/server/referee.jar on run_19_vdhankar_zizhaoh #####
INPUT for vdhankar:
GAME
BLACK
271.326009750366
.b.b.b.b
b.b.b.b.
.b...b..
w...b...
.w.....b
....w.w.
.w.w.w.w
w.w.w.w.
##### Running: /usr/bin/time -o time_19_vdhankar_zizhaoh.txt -f "%U" python3 homework.py > stulog.txt 2>&1 on vdhankar #####
child exited with value 1
##### ERROR: /usr/bin/time -o time_19_vdhankar_zizhaoh.txt -f "%U" python3 homework.py > stulog.txt 2>&1 on vdhankar #####
##### Output of failed program (stdout + stderr): #####
Traceback (most recent call last):
  File "homework.py", line 546, in <module>
    print(end-start)
NameError: name 'end' is not defined
##### End of output of failed program #####
##### vdhankar plays [E e7 d6] in 4.13342809677124s #####
##### Running: /usr/lib/jvm/jdk-14.0.1/bin/java -jar /lab/itti/projects/checkers-competition/server/referee.jar on run_19_vdhankar_zizhaoh #####
Move is valid
##### SUCCESS: /usr/lib/jvm/jdk-14.0.1/bin/java -jar /lab/itti/projects/checkers-competition/server/referee.jar on run_19_vdhankar_zizhaoh #####
INPUT for zizhaoh:
GAME
WHITE
285.99
.b.b.b.b
b.b...b.
.b.b.b..
w...b...
.w.....b
....w.w.
.w.w.w.w
w.w.w.w.
##### Running: /usr/bin/time -o time_19_vdhankar_zizhaoh.txt -f "%U" python3 homework.py > stulog.txt 2>&1 on zizhaoh #####
##### SUCCESS: /usr/bin/time -o time_19_vdhankar_zizhaoh.txt -f "%U" python3 homework.py > stulog.txt 2>&1 on zizhaoh #####
##### zizhaoh plays [E e3 f4 ] in 5.74s #####
##### Running: /usr/lib/jvm/jdk-14.0.1/bin/java -jar /lab/itti/projects/checkers-competition/server/referee.jar on run_19_vdhankar_zizhaoh #####
Move is valid
##### SUCCESS: /usr/lib/jvm/jdk-14.0.1/bin/java -jar /lab/itti/projects/checkers-competition/server/referee.jar on run_19_vdhankar_zizhaoh #####
INPUT for vdhankar:
GAME
BLACK
267.192581653595
.b.b.b.b
b.b...b.
.b.b.b..
w...b...
.w...w.b
......w.
.w.w.w.w
w.w.w.w.
##### Running: /usr/bin/time -o time_19_vdhankar_zizhaoh.txt -f "%U" python3 homework.py > stulog.txt 2>&1 on vdhankar #####
child exited with value 1
##### ERROR: /usr/bin/time -o time_19_vdhankar_zizhaoh.txt -f "%U" python3 homework.py > stulog.txt 2>&1 on vdhankar #####
##### Output of failed program (stdout + stderr): #####
Traceback (most recent call last):
  File "homework.py", line 546, in <module>
    print(end-start)
NameError: name 'end' is not defined
##### End of output of failed program #####
##### vdhankar plays [E b6 c5] in 3.19980907440186s #####
##### Running: /usr/lib/jvm/jdk-14.0.1/bin/java -jar /lab/itti/projects/checkers-competition/server/referee.jar on run_19_vdhankar_zizhaoh #####
Move is valid
##### SUCCESS: /usr/lib/jvm/jdk-14.0.1/bin/java -jar /lab/itti/projects/checkers-competition/server/referee.jar on run_19_vdhankar_zizhaoh #####
INPUT for zizhaoh:
GAME
WHITE
280.25
.b.b.b.b
b.b...b.
...b.b..
w.b.b...
.w...w.b
......w.
.w.w.w.w
w.w.w.w.
##### Running: /usr/bin/time -o time_19_vdhankar_zizhaoh.txt -f "%U" python3 homework.py > stulog.txt 2>&1 on zizhaoh #####
##### SUCCESS: /usr/bin/time -o time_19_vdhankar_zizhaoh.txt -f "%U" python3 homework.py > stulog.txt 2>&1 on zizhaoh #####
##### zizhaoh plays [E b2 a3 ] in 2.2s #####
##### Running: /usr/lib/jvm/jdk-14.0.1/bin/java -jar /lab/itti/projects/checkers-competition/server/referee.jar on run_19_vdhankar_zizhaoh #####
Move is valid
##### SUCCESS: /usr/lib/jvm/jdk-14.0.1/bin/java -jar /lab/itti/projects/checkers-competition/server/referee.jar on run_19_vdhankar_zizhaoh #####
INPUT for vdhankar:
GAME
BLACK
263.992772579193
.b.b.b.b
b.b...b.
...b.b..
w.b.b...
.w...w.b
w.....w.
...w.w.w
w.w.w.w.
##### Running: /usr/bin/time -o time_19_vdhankar_zizhaoh.txt -f "%U" python3 homework.py > stulog.txt 2>&1 on vdhankar #####
child exited with value 1
##### ERROR: /usr/bin/time -o time_19_vdhankar_zizhaoh.txt -f "%U" python3 homework.py > stulog.txt 2>&1 on vdhankar #####
##### Output of failed program (stdout + stderr): #####
Traceback (most recent call last):
  File "homework.py", line 546, in <module>
    print(end-start)
NameError: name 'end' is not defined
##### End of output of failed program #####
##### vdhankar plays [E g7 h6] in 6.02755498886108s #####
##### Running: /usr/lib/jvm/jdk-14.0.1/bin/java -jar /lab/itti/projects/checkers-competition/server/referee.jar on run_19_vdhankar_zizhaoh #####
Move is valid
##### SUCCESS: /usr/lib/jvm/jdk-14.0.1/bin/java -jar /lab/itti/projects/checkers-competition/server/referee.jar on run_19_vdhankar_zizhaoh #####
INPUT for zizhaoh:
GAME
WHITE
278.05
.b.b.b.b
b.b.....
...b.b.b
w.b.b...
.w...w.b
w.....w.
...w.w.w
w.w.w.w.
##### Running: /usr/bin/time -o time_19_vdhankar_zizhaoh.txt -f "%U" python3 homework.py > stulog.txt 2>&1 on zizhaoh #####
##### SUCCESS: /usr/bin/time -o time_19_vdhankar_zizhaoh.txt -f "%U" python3 homework.py > stulog.txt 2>&1 on zizhaoh #####
##### zizhaoh plays [E d2 c3 ] in 5.69s #####
##### Running: /usr/lib/jvm/jdk-14.0.1/bin/java -jar /lab/itti/projects/checkers-competition/server/referee.jar on run_19_vdhankar_zizhaoh #####
Move is valid
##### SUCCESS: /usr/lib/jvm/jdk-14.0.1/bin/java -jar /lab/itti/projects/checkers-competition/server/referee.jar on run_19_vdhankar_zizhaoh #####
INPUT for vdhankar:
GAME
BLACK
257.965217590332
.b.b.b.b
b.b.....
...b.b.b
w.b.b...
.w...w.b
w.w...w.
.....w.w
w.w.w.w.
##### Running: /usr/bin/time -o time_19_vdhankar_zizhaoh.txt -f "%U" python3 homework.py > stulog.txt 2>&1 on vdhankar #####
child exited with value 1
##### ERROR: /usr/bin/time -o time_19_vdhankar_zizhaoh.txt -f "%U" python3 homework.py > stulog.txt 2>&1 on vdhankar #####
##### Output of failed program (stdout + stderr): #####
Traceback (most recent call last):
  File "homework.py", line 546, in <module>
    print(end-start)
NameError: name 'end' is not defined
##### End of output of failed program #####
##### vdhankar plays [E c5 d4] in 5.10866808891296s #####
##### Running: /usr/lib/jvm/jdk-14.0.1/bin/java -jar /lab/itti/projects/checkers-competition/server/referee.jar on run_19_vdhankar_zizhaoh #####
Move is valid
##### SUCCESS: /usr/lib/jvm/jdk-14.0.1/bin/java -jar /lab/itti/projects/checkers-competition/server/referee.jar on run_19_vdhankar_zizhaoh #####
INPUT for zizhaoh:
GAME
WHITE
272.36
.b.b.b.b
b.b.....
...b.b.b
w...b...
.w.b.w.b
w.w...w.
.....w.w
w.w.w.w.
##### Running: /usr/bin/time -o time_19_vdhankar_zizhaoh.txt -f "%U" python3 homework.py > stulog.txt 2>&1 on zizhaoh #####
##### SUCCESS: /usr/bin/time -o time_19_vdhankar_zizhaoh.txt -f "%U" python3 homework.py > stulog.txt 2>&1 on zizhaoh #####
##### zizhaoh plays [E a1 b2 ] in 2.07s #####
##### Running: /usr/lib/jvm/jdk-14.0.1/bin/java -jar /lab/itti/projects/checkers-competition/server/referee.jar on run_19_vdhankar_zizhaoh #####
Move is valid
##### SUCCESS: /usr/lib/jvm/jdk-14.0.1/bin/java -jar /lab/itti/projects/checkers-competition/server/referee.jar on run_19_vdhankar_zizhaoh #####
INPUT for vdhankar:
GAME
BLACK
252.856549501419
.b.b.b.b
b.b.....
...b.b.b
w...b...
.w.b.w.b
w.w...w.
.w...w.w
..w.w.w.
##### Running: /usr/bin/time -o time_19_vdhankar_zizhaoh.txt -f "%U" python3 homework.py > stulog.txt 2>&1 on vdhankar #####
child exited with value 1
##### ERROR: /usr/bin/time -o time_19_vdhankar_zizhaoh.txt -f "%U" python3 homework.py > stulog.txt 2>&1 on vdhankar #####
##### Output of failed program (stdout + stderr): #####
Traceback (most recent call last):
  File "homework.py", line 546, in <module>
    print(end-start)
NameError: name 'end' is not defined
##### End of output of failed program #####
##### vdhankar plays [E f6 g5] in 2.59737205505371s #####
##### Running: /usr/lib/jvm/jdk-14.0.1/bin/java -jar /lab/itti/projects/checkers-competition/server/referee.jar on run_19_vdhankar_zizhaoh #####
Move is valid
##### SUCCESS: /usr/lib/jvm/jdk-14.0.1/bin/java -jar /lab/itti/projects/checkers-competition/server/referee.jar on run_19_vdhankar_zizhaoh #####
INPUT for zizhaoh:
GAME
WHITE
270.29
.b.b.b.b
b.b.....
...b...b
w...b.b.
.w.b.w.b
w.w...w.
.w...w.w
..w.w.w.
##### Running: /usr/bin/time -o time_19_vdhankar_zizhaoh.txt -f "%U" python3 homework.py > stulog.txt 2>&1 on zizhaoh #####
##### SUCCESS: /usr/bin/time -o time_19_vdhankar_zizhaoh.txt -f "%U" python3 homework.py > stulog.txt 2>&1 on zizhaoh #####
##### zizhaoh plays [E e1 d2 ] in 0.67s #####
##### Running: /usr/lib/jvm/jdk-14.0.1/bin/java -jar /lab/itti/projects/checkers-competition/server/referee.jar on run_19_vdhankar_zizhaoh #####
Move is valid
##### SUCCESS: /usr/lib/jvm/jdk-14.0.1/bin/java -jar /lab/itti/projects/checkers-competition/server/referee.jar on run_19_vdhankar_zizhaoh #####
INPUT for vdhankar:
GAME
BLACK
250.259177446365
.b.b.b.b
b.b.....
...b...b
w...b.b.
.w.b.w.b
w.w...w.
.w.w.w.w
..w...w.
##### Running: /usr/bin/time -o time_19_vdhankar_zizhaoh.txt -f "%U" python3 homework.py > stulog.txt 2>&1 on vdhankar #####
child exited with value 1
##### ERROR: /usr/bin/time -o time_19_vdhankar_zizhaoh.txt -f "%U" python3 homework.py > stulog.txt 2>&1 on vdhankar #####
##### Output of failed program (stdout + stderr): #####
Traceback (most recent call last):
  File "homework.py", line 546, in <module>
    print(end-start)
NameError: name 'end' is not defined
##### End of output of failed program #####
##### vdhankar plays [J g5 e3] in 0.637854814529419s #####
##### Running: /usr/lib/jvm/jdk-14.0.1/bin/java -jar /lab/itti/projects/checkers-competition/server/referee.jar on run_19_vdhankar_zizhaoh #####
Move is valid
##### SUCCESS: /usr/lib/jvm/jdk-14.0.1/bin/java -jar /lab/itti/projects/checkers-competition/server/referee.jar on run_19_vdhankar_zizhaoh #####
INPUT for zizhaoh:
GAME
WHITE
269.62
.b.b.b.b
b.b.....
...b...b
w...b...
.w.b...b
w.w.b.w.
.w.w.w.w
..w...w.
##### Running: /usr/bin/time -o time_19_vdhankar_zizhaoh.txt -f "%U" python3 homework.py > stulog.txt 2>&1 on zizhaoh #####
##### SUCCESS: /usr/bin/time -o time_19_vdhankar_zizhaoh.txt -f "%U" python3 homework.py > stulog.txt 2>&1 on zizhaoh #####
##### zizhaoh plays [J d2 f4 ] in 0.31s #####
##### Running: /usr/lib/jvm/jdk-14.0.1/bin/java -jar /lab/itti/projects/checkers-competition/server/referee.jar on run_19_vdhankar_zizhaoh #####
Move is valid
##### SUCCESS: /usr/lib/jvm/jdk-14.0.1/bin/java -jar /lab/itti/projects/checkers-competition/server/referee.jar on run_19_vdhankar_zizhaoh #####
INPUT for vdhankar:
GAME
BLACK
249.621322631836
.b.b.b.b
b.b.....
...b...b
w...b...
.w.b.w.b
w.w...w.
.w...w.w
..w...w.
##### Running: /usr/bin/time -o time_19_vdhankar_zizhaoh.txt -f "%U" python3 homework.py > stulog.txt 2>&1 on vdhankar #####
child exited with value 1
##### ERROR: /usr/bin/time -o time_19_vdhankar_zizhaoh.txt -f "%U" python3 homework.py > stulog.txt 2>&1 on vdhankar #####
##### Output of failed program (stdout + stderr): #####
Traceback (most recent call last):
  File "homework.py", line 546, in <module>
    print(end-start)
NameError: name 'end' is not defined
##### End of output of failed program #####
##### vdhankar plays [E d8 e7] in 1.68441295623779s #####
##### Running: /usr/lib/jvm/jdk-14.0.1/bin/java -jar /lab/itti/projects/checkers-competition/server/referee.jar on run_19_vdhankar_zizhaoh #####
Move is valid
##### SUCCESS: /usr/lib/jvm/jdk-14.0.1/bin/java -jar /lab/itti/projects/checkers-competition/server/referee.jar on run_19_vdhankar_zizhaoh #####
INPUT for zizhaoh:
GAME
WHITE
269.31
.b...b.b
b.b.b...
...b...b
w...b...
.w.b.w.b
w.w...w.
.w...w.w
..w...w.
##### Running: /usr/bin/time -o time_19_vdhankar_zizhaoh.txt -f "%U" python3 homework.py > stulog.txt 2>&1 on zizhaoh #####
##### SUCCESS: /usr/bin/time -o time_19_vdhankar_zizhaoh.txt -f "%U" python3 homework.py > stulog.txt 2>&1 on zizhaoh #####
##### zizhaoh plays [E c1 d2 ] in 0.77s #####
##### Running: /usr/lib/jvm/jdk-14.0.1/bin/java -jar /lab/itti/projects/checkers-competition/server/referee.jar on run_19_vdhankar_zizhaoh #####
Move is valid
##### SUCCESS: /usr/lib/jvm/jdk-14.0.1/bin/java -jar /lab/itti/projects/checkers-competition/server/referee.jar on run_19_vdhankar_zizhaoh #####
INPUT for vdhankar:
GAME
BLACK
247.936909675598
.b...b.b
b.b.b...
...b...b
w...b...
.w.b.w.b
w.w...w.
.w.w.w.w
......w.
##### Running: /usr/bin/time -o time_19_vdhankar_zizhaoh.txt -f "%U" python3 homework.py > stulog.txt 2>&1 on vdhankar #####
child exited with value 1
##### ERROR: /usr/bin/time -o time_19_vdhankar_zizhaoh.txt -f "%U" python3 homework.py > stulog.txt 2>&1 on vdhankar #####
##### Output of failed program (stdout + stderr): #####
Traceback (most recent call last):
  File "homework.py", line 546, in <module>
    print(end-start)
NameError: name 'end' is not defined
##### End of output of failed program #####
##### vdhankar plays [E h8 g7] in 1.7925500869751s #####
##### Running: /usr/lib/jvm/jdk-14.0.1/bin/java -jar /lab/itti/projects/checkers-competition/server/referee.jar on run_19_vdhankar_zizhaoh #####
Move is valid
##### SUCCESS: /usr/lib/jvm/jdk-14.0.1/bin/java -jar /lab/itti/projects/checkers-competition/server/referee.jar on run_19_vdhankar_zizhaoh #####
INPUT for zizhaoh:
GAME
WHITE
268.54
.b...b..
b.b.b.b.
...b...b
w...b...
.w.b.w.b
w.w...w.
.w.w.w.w
......w.
##### Running: /usr/bin/time -o time_19_vdhankar_zizhaoh.txt -f "%U" python3 homework.py > stulog.txt 2>&1 on zizhaoh #####
##### SUCCESS: /usr/bin/time -o time_19_vdhankar_zizhaoh.txt -f "%U" python3 homework.py > stulog.txt 2>&1 on zizhaoh #####
##### zizhaoh plays [E d2 e3 ] in 0.53s #####
##### Running: /usr/lib/jvm/jdk-14.0.1/bin/java -jar /lab/itti/projects/checkers-competition/server/referee.jar on run_19_vdhankar_zizhaoh #####
Move is valid
##### SUCCESS: /usr/lib/jvm/jdk-14.0.1/bin/java -jar /lab/itti/projects/checkers-competition/server/referee.jar on run_19_vdhankar_zizhaoh #####
INPUT for vdhankar:
GAME
BLACK
246.144359588623
.b...b..
b.b.b.b.
...b...b
w...b...
.w.b.w.b
w.w.w.w.
.w...w.w
......w.
##### Running: /usr/bin/time -o time_19_vdhankar_zizhaoh.txt -f "%U" python3 homework.py > stulog.txt 2>&1 on vdhankar #####
child exited with value 1
##### ERROR: /usr/bin/time -o time_19_vdhankar_zizhaoh.txt -f "%U" python3 homework.py > stulog.txt 2>&1 on vdhankar #####
##### Output of failed program (stdout + stderr): #####
Traceback (most recent call last):
  File "homework.py", line 546, in <module>
    print(end-start)
NameError: name 'end' is not defined
##### End of output of failed program #####
##### vdhankar plays [E d6 c5] in 0.696774959564209s #####
##### Running: /usr/lib/jvm/jdk-14.0.1/bin/java -jar /lab/itti/projects/checkers-competition/server/referee.jar on run_19_vdhankar_zizhaoh #####
Move is valid
##### SUCCESS: /usr/lib/jvm/jdk-14.0.1/bin/java -jar /lab/itti/projects/checkers-competition/server/referee.jar on run_19_vdhankar_zizhaoh #####
INPUT for zizhaoh:
GAME
WHITE
268.01
.b...b..
b.b.b.b.
.......b
w.b.b...
.w.b.w.b
w.w.w.w.
.w...w.w
......w.
##### Running: /usr/bin/time -o time_19_vdhankar_zizhaoh.txt -f "%U" python3 homework.py > stulog.txt 2>&1 on zizhaoh #####
##### SUCCESS: /usr/bin/time -o time_19_vdhankar_zizhaoh.txt -f "%U" python3 homework.py > stulog.txt 2>&1 on zizhaoh #####
##### zizhaoh plays [J b4 d6 ] in 0.08s #####
##### Running: /usr/lib/jvm/jdk-14.0.1/bin/java -jar /lab/itti/projects/checkers-competition/server/referee.jar on run_19_vdhankar_zizhaoh #####
Move is valid
##### SUCCESS: /usr/lib/jvm/jdk-14.0.1/bin/java -jar /lab/itti/projects/checkers-competition/server/referee.jar on run_19_vdhankar_zizhaoh #####
INPUT for vdhankar:
GAME
BLACK
245.447584629059
.b...b..
b.b.b.b.
...w...b
w...b...
...b.w.b
w.w.w.w.
.w...w.w
......w.
##### Running: /usr/bin/time -o time_19_vdhankar_zizhaoh.txt -f "%U" python3 homework.py > stulog.txt 2>&1 on vdhankar #####
child exited with value 1
##### ERROR: /usr/bin/time -o time_19_vdhankar_zizhaoh.txt -f "%U" python3 homework.py > stulog.txt 2>&1 on vdhankar #####
##### Output of failed program (stdout + stderr): #####
Traceback (most recent call last):
  File "homework.py", line 546, in <module>
    print(end-start)
NameError: name 'end' is not defined
##### End of output of failed program #####
##### vdhankar plays [J e7 c5] in 0.604033946990967s #####
##### Running: /usr/lib/jvm/jdk-14.0.1/bin/java -jar /lab/itti/projects/checkers-competition/server/referee.jar on run_19_vdhankar_zizhaoh #####
Move is valid
##### SUCCESS: /usr/lib/jvm/jdk-14.0.1/bin/java -jar /lab/itti/projects/checkers-competition/server/referee.jar on run_19_vdhankar_zizhaoh #####
INPUT for zizhaoh:
GAME
WHITE
267.93
.b...b..
b.b...b.
.......b
w.b.b...
...b.w.b
w.w.w.w.
.w...w.w
......w.
##### Running: /usr/bin/time -o time_19_vdhankar_zizhaoh.txt -f "%U" python3 homework.py > stulog.txt 2>&1 on zizhaoh #####
##### SUCCESS: /usr/bin/time -o time_19_vdhankar_zizhaoh.txt -f "%U" python3 homework.py > stulog.txt 2>&1 on zizhaoh #####
##### zizhaoh plays [J f4 d6 ] in 0.29s #####
##### Running: /usr/lib/jvm/jdk-14.0.1/bin/java -jar /lab/itti/projects/checkers-competition/server/referee.jar on run_19_vdhankar_zizhaoh #####
Move is valid
##### SUCCESS: /usr/lib/jvm/jdk-14.0.1/bin/java -jar /lab/itti/projects/checkers-competition/server/referee.jar on run_19_vdhankar_zizhaoh #####
INPUT for vdhankar:
GAME
BLACK
244.843550682068
.b...b..
b.b...b.
...w...b
w.b.....
...b...b
w.w.w.w.
.w...w.w
......w.
##### Running: /usr/bin/time -o time_19_vdhankar_zizhaoh.txt -f "%U" python3 homework.py > stulog.txt 2>&1 on vdhankar #####
child exited with value 1
##### ERROR: /usr/bin/time -o time_19_vdhankar_zizhaoh.txt -f "%U" python3 homework.py > stulog.txt 2>&1 on vdhankar #####
##### Output of failed program (stdout + stderr): #####
Traceback (most recent call last):
  File "homework.py", line 546, in <module>
    print(end-start)
NameError: name 'end' is not defined
##### End of output of failed program #####
##### vdhankar plays [J c7 e5] in 1.20569705963135s #####
##### Running: /usr/lib/jvm/jdk-14.0.1/bin/java -jar /lab/itti/projects/checkers-competition/server/referee.jar on run_19_vdhankar_zizhaoh #####
Move is valid
##### SUCCESS: /usr/lib/jvm/jdk-14.0.1/bin/java -jar /lab/itti/projects/checkers-competition/server/referee.jar on run_19_vdhankar_zizhaoh #####
INPUT for zizhaoh:
GAME
WHITE
267.64
.b...b..
b.....b.
.......b
w.b.b...
...b...b
w.w.w.w.
.w...w.w
......w.
##### Running: /usr/bin/time -o time_19_vdhankar_zizhaoh.txt -f "%U" python3 homework.py > stulog.txt 2>&1 on zizhaoh #####
##### SUCCESS: /usr/bin/time -o time_19_vdhankar_zizhaoh.txt -f "%U" python3 homework.py > stulog.txt 2>&1 on zizhaoh #####
##### zizhaoh plays [E c3 b4 ] in 2.29s #####
##### Running: /usr/lib/jvm/jdk-14.0.1/bin/java -jar /lab/itti/projects/checkers-competition/server/referee.jar on run_19_vdhankar_zizhaoh #####
Move is valid
##### SUCCESS: /usr/lib/jvm/jdk-14.0.1/bin/java -jar /lab/itti/projects/checkers-competition/server/referee.jar on run_19_vdhankar_zizhaoh #####
INPUT for vdhankar:
GAME
BLACK
243.637853622437
.b...b..
b.....b.
.......b
w.b.b...
.w.b...b
w...w.w.
.w...w.w
......w.
##### Running: /usr/bin/time -o time_19_vdhankar_zizhaoh.txt -f "%U" python3 homework.py > stulog.txt 2>&1 on vdhankar #####
child exited with value 1
##### ERROR: /usr/bin/time -o time_19_vdhankar_zizhaoh.txt -f "%U" python3 homework.py > stulog.txt 2>&1 on vdhankar #####
##### Output of failed program (stdout + stderr): #####
Traceback (most recent call last):
  File "homework.py", line 546, in <module>
    print(end-start)
NameError: name 'end' is not defined
##### End of output of failed program #####
##### vdhankar plays [E a7 b6] in 2.61627507209778s #####
##### Running: /usr/lib/jvm/jdk-14.0.1/bin/java -jar /lab/itti/projects/checkers-competition/server/referee.jar on run_19_vdhankar_zizhaoh #####
Move is valid
##### SUCCESS: /usr/lib/jvm/jdk-14.0.1/bin/java -jar /lab/itti/projects/checkers-competition/server/referee.jar on run_19_vdhankar_zizhaoh #####
INPUT for zizhaoh:
GAME
WHITE
265.35
.b...b..
......b.
.b.....b
w.b.b...
.w.b...b
w...w.w.
.w...w.w
......w.
##### Running: /usr/bin/time -o time_19_vdhankar_zizhaoh.txt -f "%U" python3 homework.py > stulog.txt 2>&1 on zizhaoh #####
##### SUCCESS: /usr/bin/time -o time_19_vdhankar_zizhaoh.txt -f "%U" python3 homework.py > stulog.txt 2>&1 on zizhaoh #####
##### zizhaoh plays [J b4 d6 ] in 1.03s #####
##### Running: /usr/lib/jvm/jdk-14.0.1/bin/java -jar /lab/itti/projects/checkers-competition/server/referee.jar on run_19_vdhankar_zizhaoh #####
Move is valid
##### SUCCESS: /usr/lib/jvm/jdk-14.0.1/bin/java -jar /lab/itti/projects/checkers-competition/server/referee.jar on run_19_vdhankar_zizhaoh #####
INPUT for vdhankar:
GAME
BLACK
241.021578550339
.b...b..
......b.
.b.w...b
w...b...
...b...b
w...w.w.
.w...w.w
......w.
##### Running: /usr/bin/time -o time_19_vdhankar_zizhaoh.txt -f "%U" python3 homework.py > stulog.txt 2>&1 on vdhankar #####
child exited with value 1
##### ERROR: /usr/bin/time -o time_19_vdhankar_zizhaoh.txt -f "%U" python3 homework.py > stulog.txt 2>&1 on vdhankar #####
##### Output of failed program (stdout + stderr): #####
Traceback (most recent call last):
  File "homework.py", line 546, in <module>
    print(end-start)
NameError: name 'end' is not defined
##### End of output of failed program #####
##### vdhankar plays [E b6 c5] in 4.27925705909729s #####
##### Running: /usr/lib/jvm/jdk-14.0.1/bin/java -jar /lab/itti/projects/checkers-competition/server/referee.jar on run_19_vdhankar_zizhaoh #####
Move is valid
##### SUCCESS: /usr/lib/jvm/jdk-14.0.1/bin/java -jar /lab/itti/projects/checkers-competition/server/referee.jar on run_19_vdhankar_zizhaoh #####
INPUT for zizhaoh:
GAME
WHITE
264.32
.b...b..
......b.
...w...b
w.b.b...
...b...b
w...w.w.
.w...w.w
......w.
##### Running: /usr/bin/time -o time_19_vdhankar_zizhaoh.txt -f "%U" python3 homework.py > stulog.txt 2>&1 on zizhaoh #####
##### SUCCESS: /usr/bin/time -o time_19_vdhankar_zizhaoh.txt -f "%U" python3 homework.py > stulog.txt 2>&1 on zizhaoh #####
##### zizhaoh plays [E a5 b6 ] in 3.18s #####
##### Running: /usr/lib/jvm/jdk-14.0.1/bin/java -jar /lab/itti/projects/checkers-competition/server/referee.jar on run_19_vdhankar_zizhaoh #####
Move is valid
##### SUCCESS: /usr/lib/jvm/jdk-14.0.1/bin/java -jar /lab/itti/projects/checkers-competition/server/referee.jar on run_19_vdhankar_zizhaoh #####
INPUT for vdhankar:
GAME
BLACK
236.742321491241
.b...b..
......b.
.w.w...b
..b.b...
...b...b
w...w.w.
.w...w.w
......w.
##### Running: /usr/bin/time -o time_19_vdhankar_zizhaoh.txt -f "%U" python3 homework.py > stulog.txt 2>&1 on vdhankar #####
child exited with value 1
##### ERROR: /usr/bin/time -o time_19_vdhankar_zizhaoh.txt -f "%U" python3 homework.py > stulog.txt 2>&1 on vdhankar #####
##### Output of failed program (stdout + stderr): #####
Traceback (most recent call last):
  File "homework.py", line 546, in <module>
    print(end-start)
NameError: name 'end' is not defined
##### End of output of failed program #####
##### vdhankar plays [E h6 g5] in 3.7196741104126s #####
##### Running: /usr/lib/jvm/jdk-14.0.1/bin/java -jar /lab/itti/projects/checkers-competition/server/referee.jar on run_19_vdhankar_zizhaoh #####
Move is valid
##### SUCCESS: /usr/lib/jvm/jdk-14.0.1/bin/java -jar /lab/itti/projects/checkers-competition/server/referee.jar on run_19_vdhankar_zizhaoh #####
INPUT for zizhaoh:
GAME
WHITE
261.14
.b...b..
......b.
.w.w....
..b.b.b.
...b...b
w...w.w.
.w...w.w
......w.
##### Running: /usr/bin/time -o time_19_vdhankar_zizhaoh.txt -f "%U" python3 homework.py > stulog.txt 2>&1 on zizhaoh #####
##### SUCCESS: /usr/bin/time -o time_19_vdhankar_zizhaoh.txt -f "%U" python3 homework.py > stulog.txt 2>&1 on zizhaoh #####
##### zizhaoh plays [E e3 f4 ] in 2.95s #####
##### Running: /usr/lib/jvm/jdk-14.0.1/bin/java -jar /lab/itti/projects/checkers-competition/server/referee.jar on run_19_vdhankar_zizhaoh #####
Move is valid
##### SUCCESS: /usr/lib/jvm/jdk-14.0.1/bin/java -jar /lab/itti/projects/checkers-competition/server/referee.jar on run_19_vdhankar_zizhaoh #####
INPUT for vdhankar:
GAME
BLACK
233.022647380829
.b...b..
......b.
.w.w....
..b.b.b.
...b.w.b
w.....w.
.w...w.w
......w.
##### Running: /usr/bin/time -o time_19_vdhankar_zizhaoh.txt -f "%U" python3 homework.py > stulog.txt 2>&1 on vdhankar #####
child exited with value 1
##### ERROR: /usr/bin/time -o time_19_vdhankar_zizhaoh.txt -f "%U" python3 homework.py > stulog.txt 2>&1 on vdhankar #####
##### Output of failed program (stdout + stderr): #####
Traceback (most recent call last):
  File "homework.py", line 546, in <module>
    print(end-start)
NameError: name 'end' is not defined
##### End of output of failed program #####
##### vdhankar plays [J g5 e3] in 1.77068305015564s #####
##### Running: /usr/lib/jvm/jdk-14.0.1/bin/java -jar /lab/itti/projects/checkers-competition/server/referee.jar on run_19_vdhankar_zizhaoh #####
Move is valid
##### SUCCESS: /usr/lib/jvm/jdk-14.0.1/bin/java -jar /lab/itti/projects/checkers-competition/server/referee.jar on run_19_vdhankar_zizhaoh #####
INPUT for zizhaoh:
GAME
WHITE
258.19
.b...b..
......b.
.w.w....
..b.b...
...b...b
w...b.w.
.w...w.w
......w.
##### Running: /usr/bin/time -o time_19_vdhankar_zizhaoh.txt -f "%U" python3 homework.py > stulog.txt 2>&1 on zizhaoh #####
##### SUCCESS: /usr/bin/time -o time_19_vdhankar_zizhaoh.txt -f "%U" python3 homework.py > stulog.txt 2>&1 on zizhaoh #####
##### zizhaoh plays [E b2 c3 ] in 4.06s #####
##### Running: /usr/lib/jvm/jdk-14.0.1/bin/java -jar /lab/itti/projects/checkers-competition/server/referee.jar on run_19_vdhankar_zizhaoh #####
Move is valid
##### SUCCESS: /usr/lib/jvm/jdk-14.0.1/bin/java -jar /lab/itti/projects/checkers-competition/server/referee.jar on run_19_vdhankar_zizhaoh #####
INPUT for vdhankar:
GAME
BLACK
231.251964330673
.b...b..
......b.
.w.w....
..b.b...
...b...b
w.w.b.w.
.....w.w
......w.
##### Running: /usr/bin/time -o time_19_vdhankar_zizhaoh.txt -f "%U" python3 homework.py > stulog.txt 2>&1 on vdhankar #####
child exited with value 1
##### ERROR: /usr/bin/time -o time_19_vdhankar_zizhaoh.txt -f "%U" python3 homework.py > stulog.txt 2>&1 on vdhankar #####
##### Output of failed program (stdout + stderr): #####
Traceback (most recent call last):
  File "homework.py", line 546, in <module>
    print(end-start)
NameError: name 'end' is not defined
##### End of output of failed program #####
##### vdhankar plays [J d4 b2] in 0.480892181396484s #####
##### Running: /usr/lib/jvm/jdk-14.0.1/bin/java -jar /lab/itti/projects/checkers-competition/server/referee.jar on run_19_vdhankar_zizhaoh #####
Move is valid
##### SUCCESS: /usr/lib/jvm/jdk-14.0.1/bin/java -jar /lab/itti/projects/checkers-competition/server/referee.jar on run_19_vdhankar_zizhaoh #####
INPUT for zizhaoh:
GAME
WHITE
254.13
.b...b..
......b.
.w.w....
..b.b...
.......b
w...b.w.
.b...w.w
......w.
##### Running: /usr/bin/time -o time_19_vdhankar_zizhaoh.txt -f "%U" python3 homework.py > stulog.txt 2>&1 on zizhaoh #####
##### SUCCESS: /usr/bin/time -o time_19_vdhankar_zizhaoh.txt -f "%U" python3 homework.py > stulog.txt 2>&1 on zizhaoh #####
##### zizhaoh plays [J f2 d4  ; J d4 f6  ; J f6 h8 ] in 0.25s #####
##### Running: /usr/lib/jvm/jdk-14.0.1/bin/java -jar /lab/itti/projects/checkers-competition/server/referee.jar on run_19_vdhankar_zizhaoh #####
Move is valid
##### SUCCESS: /usr/lib/jvm/jdk-14.0.1/bin/java -jar /lab/itti/projects/checkers-competition/server/referee.jar on run_19_vdhankar_zizhaoh #####
INPUT for vdhankar:
GAME
BLACK
230.771072149277
.b...b.W
........
.w.w....
..b.....
.......b
w.....w.
.b.....w
......w.
##### Running: /usr/bin/time -o time_19_vdhankar_zizhaoh.txt -f "%U" python3 homework.py > stulog.txt 2>&1 on vdhankar #####
child exited with value 1
##### ERROR: /usr/bin/time -o time_19_vdhankar_zizhaoh.txt -f "%U" python3 homework.py > stulog.txt 2>&1 on vdhankar #####
##### Output of failed program (stdout + stderr): #####
Traceback (most recent call last):
  File "homework.py", line 546, in <module>
    print(end-start)
NameError: name 'end' is not defined
##### End of output of failed program #####
##### vdhankar plays [J h4 f2] in 1.35033893585205s #####
##### Running: /usr/lib/jvm/jdk-14.0.1/bin/java -jar /lab/itti/projects/checkers-competition/server/referee.jar on run_19_vdhankar_zizhaoh #####
Move is valid
##### SUCCESS: /usr/lib/jvm/jdk-14.0.1/bin/java -jar /lab/itti/projects/checkers-competition/server/referee.jar on run_19_vdhankar_zizhaoh #####
INPUT for zizhaoh:
GAME
WHITE
253.88
.b...b.W
........
.w.w....
..b.....
........
w.......
.b...b.w
......w.
##### Running: /usr/bin/time -o time_19_vdhankar_zizhaoh.txt -f "%U" python3 homework.py > stulog.txt 2>&1 on zizhaoh #####
##### SUCCESS: /usr/bin/time -o time_19_vdhankar_zizhaoh.txt -f "%U" python3 homework.py > stulog.txt 2>&1 on zizhaoh #####
##### zizhaoh plays [J g1 e3 ] in 1.53s #####
##### Running: /usr/lib/jvm/jdk-14.0.1/bin/java -jar /lab/itti/projects/checkers-competition/server/referee.jar on run_19_vdhankar_zizhaoh #####
Move is valid
##### SUCCESS: /usr/lib/jvm/jdk-14.0.1/bin/java -jar /lab/itti/projects/checkers-competition/server/referee.jar on run_19_vdhankar_zizhaoh #####
INPUT for vdhankar:
GAME
BLACK
229.420733213425
.b...b.W
........
.w.w....
..b.....
........
w...w...
.b.....w
........
##### Running: /usr/bin/time -o time_19_vdhankar_zizhaoh.txt -f "%U" python3 homework.py > stulog.txt 2>&1 on vdhankar #####
child exited with value 1
##### ERROR: /usr/bin/time -o time_19_vdhankar_zizhaoh.txt -f "%U" python3 homework.py > stulog.txt 2>&1 on vdhankar #####
##### Output of failed program (stdout + stderr): #####
Traceback (most recent call last):
  File "homework.py", line 546, in <module>
    print(end-start)
NameError: name 'end' is not defined
##### End of output of failed program #####
##### vdhankar plays [E b2 c1] in 9.47545099258423s #####
##### Running: /usr/lib/jvm/jdk-14.0.1/bin/java -jar /lab/itti/projects/checkers-competition/server/referee.jar on run_19_vdhankar_zizhaoh #####
Move is valid
##### SUCCESS: /usr/lib/jvm/jdk-14.0.1/bin/java -jar /lab/itti/projects/checkers-competition/server/referee.jar on run_19_vdhankar_zizhaoh #####
INPUT for zizhaoh:
GAME
WHITE
252.35
.b...b.W
........
.w.w....
..b.....
........
w...w...
.......w
..B.....
##### Running: /usr/bin/time -o time_19_vdhankar_zizhaoh.txt -f "%U" python3 homework.py > stulog.txt 2>&1 on zizhaoh #####
##### SUCCESS: /usr/bin/time -o time_19_vdhankar_zizhaoh.txt -f "%U" python3 homework.py > stulog.txt 2>&1 on zizhaoh #####
##### zizhaoh plays [E b6 a7 ] in 7.59s #####
##### Running: /usr/lib/jvm/jdk-14.0.1/bin/java -jar /lab/itti/projects/checkers-competition/server/referee.jar on run_19_vdhankar_zizhaoh #####
Move is valid
##### SUCCESS: /usr/lib/jvm/jdk-14.0.1/bin/java -jar /lab/itti/projects/checkers-competition/server/referee.jar on run_19_vdhankar_zizhaoh #####
INPUT for vdhankar:
GAME
BLACK
219.94528222084
.b...b.W
w.......
...w....
..b.....
........
w...w...
.......w
..B.....
##### Running: /usr/bin/time -o time_19_vdhankar_zizhaoh.txt -f "%U" python3 homework.py > stulog.txt 2>&1 on vdhankar #####
child exited with value 1
##### ERROR: /usr/bin/time -o time_19_vdhankar_zizhaoh.txt -f "%U" python3 homework.py > stulog.txt 2>&1 on vdhankar #####
##### Output of failed program (stdout + stderr): #####
Traceback (most recent call last):
  File "homework.py", line 546, in <module>
    print(end-start)
NameError: name 'end' is not defined
##### End of output of failed program #####
##### vdhankar plays [E c1 d2] in 3.9646360874176s #####
##### Running: /usr/lib/jvm/jdk-14.0.1/bin/java -jar /lab/itti/projects/checkers-competition/server/referee.jar on run_19_vdhankar_zizhaoh #####
Move is valid
##### SUCCESS: /usr/lib/jvm/jdk-14.0.1/bin/java -jar /lab/itti/projects/checkers-competition/server/referee.jar on run_19_vdhankar_zizhaoh #####
INPUT for zizhaoh:
GAME
WHITE
244.76
.b...b.W
w.......
...w....
..b.....
........
w...w...
...B...w
........
##### Running: /usr/bin/time -o time_19_vdhankar_zizhaoh.txt -f "%U" python3 homework.py > stulog.txt 2>&1 on zizhaoh #####
##### SUCCESS: /usr/bin/time -o time_19_vdhankar_zizhaoh.txt -f "%U" python3 homework.py > stulog.txt 2>&1 on zizhaoh #####
##### zizhaoh plays [E e3 f4 ] in 3.93s #####
##### Running: /usr/lib/jvm/jdk-14.0.1/bin/java -jar /lab/itti/projects/checkers-competition/server/referee.jar on run_19_vdhankar_zizhaoh #####
Move is valid
##### SUCCESS: /usr/lib/jvm/jdk-14.0.1/bin/java -jar /lab/itti/projects/checkers-competition/server/referee.jar on run_19_vdhankar_zizhaoh #####
INPUT for vdhankar:
GAME
BLACK
215.980646133423
.b...b.W
w.......
...w....
..b.....
.....w..
w.......
...B...w
........
##### Running: /usr/bin/time -o time_19_vdhankar_zizhaoh.txt -f "%U" python3 homework.py > stulog.txt 2>&1 on vdhankar #####
child exited with value 1
##### ERROR: /usr/bin/time -o time_19_vdhankar_zizhaoh.txt -f "%U" python3 homework.py > stulog.txt 2>&1 on vdhankar #####
##### Output of failed program (stdout + stderr): #####
Traceback (most recent call last):
  File "homework.py", line 546, in <module>
    print(end-start)
NameError: name 'end' is not defined
##### End of output of failed program #####
##### vdhankar plays [E d2 e3] in 8.53737783432007s #####
##### Running: /usr/lib/jvm/jdk-14.0.1/bin/java -jar /lab/itti/projects/checkers-competition/server/referee.jar on run_19_vdhankar_zizhaoh #####
Move is valid
##### SUCCESS: /usr/lib/jvm/jdk-14.0.1/bin/java -jar /lab/itti/projects/checkers-competition/server/referee.jar on run_19_vdhankar_zizhaoh #####
INPUT for zizhaoh:
GAME
WHITE
240.83
.b...b.W
w.......
...w....
..b.....
.....w..
w...B...
.......w
........
##### Running: /usr/bin/time -o time_19_vdhankar_zizhaoh.txt -f "%U" python3 homework.py > stulog.txt 2>&1 on zizhaoh #####
##### SUCCESS: /usr/bin/time -o time_19_vdhankar_zizhaoh.txt -f "%U" python3 homework.py > stulog.txt 2>&1 on zizhaoh #####
##### zizhaoh plays [E f4 e5 ] in 5.79s #####
##### Running: /usr/lib/jvm/jdk-14.0.1/bin/java -jar /lab/itti/projects/checkers-competition/server/referee.jar on run_19_vdhankar_zizhaoh #####
Move is valid
##### SUCCESS: /usr/lib/jvm/jdk-14.0.1/bin/java -jar /lab/itti/projects/checkers-competition/server/referee.jar on run_19_vdhankar_zizhaoh #####
INPUT for vdhankar:
GAME
BLACK
207.443268299103
.b...b.W
w.......
...w....
..b.w...
........
w...B...
.......w
........
##### Running: /usr/bin/time -o time_19_vdhankar_zizhaoh.txt -f "%U" python3 homework.py > stulog.txt 2>&1 on vdhankar #####
child exited with value 1
##### ERROR: /usr/bin/time -o time_19_vdhankar_zizhaoh.txt -f "%U" python3 homework.py > stulog.txt 2>&1 on vdhankar #####
##### Output of failed program (stdout + stderr): #####
Traceback (most recent call last):
  File "homework.py", line 546, in <module>
    print(end-start)
NameError: name 'end' is not defined
##### End of output of failed program #####
##### vdhankar plays [E c5 d4] in 5.48947310447693s #####
##### Running: /usr/lib/jvm/jdk-14.0.1/bin/java -jar /lab/itti/projects/checkers-competition/server/referee.jar on run_19_vdhankar_zizhaoh #####
Move is valid
##### SUCCESS: /usr/lib/jvm/jdk-14.0.1/bin/java -jar /lab/itti/projects/checkers-competition/server/referee.jar on run_19_vdhankar_zizhaoh #####
INPUT for zizhaoh:
GAME
WHITE
235.04
.b...b.W
w.......
...w....
....w...
...b....
w...B...
.......w
........
##### Running: /usr/bin/time -o time_19_vdhankar_zizhaoh.txt -f "%U" python3 homework.py > stulog.txt 2>&1 on zizhaoh #####
##### SUCCESS: /usr/bin/time -o time_19_vdhankar_zizhaoh.txt -f "%U" python3 homework.py > stulog.txt 2>&1 on zizhaoh #####
##### zizhaoh plays [E e5 f6 ] in 4.46s #####
##### Running: /usr/lib/jvm/jdk-14.0.1/bin/java -jar /lab/itti/projects/checkers-competition/server/referee.jar on run_19_vdhankar_zizhaoh #####
Move is valid
##### SUCCESS: /usr/lib/jvm/jdk-14.0.1/bin/java -jar /lab/itti/projects/checkers-competition/server/referee.jar on run_19_vdhankar_zizhaoh #####
INPUT for vdhankar:
GAME
BLACK
201.953795194626
.b...b.W
w.......
...w.w..
........
...b....
w...B...
.......w
........
##### Running: /usr/bin/time -o time_19_vdhankar_zizhaoh.txt -f "%U" python3 homework.py > stulog.txt 2>&1 on vdhankar #####
child exited with value 1
##### ERROR: /usr/bin/time -o time_19_vdhankar_zizhaoh.txt -f "%U" python3 homework.py > stulog.txt 2>&1 on vdhankar #####
##### Output of failed program (stdout + stderr): #####
Traceback (most recent call last):
  File "homework.py", line 546, in <module>
    print(end-start)
NameError: name 'end' is not defined
##### End of output of failed program #####
##### vdhankar plays [E d4 c3] in 6.19746613502502s #####
##### Running: /usr/lib/jvm/jdk-14.0.1/bin/java -jar /lab/itti/projects/checkers-competition/server/referee.jar on run_19_vdhankar_zizhaoh #####
Move is valid
##### SUCCESS: /usr/lib/jvm/jdk-14.0.1/bin/java -jar /lab/itti/projects/checkers-competition/server/referee.jar on run_19_vdhankar_zizhaoh #####
INPUT for zizhaoh:
GAME
WHITE
230.58
.b...b.W
w.......
...w.w..
........
........
w.b.B...
.......w
........
##### Running: /usr/bin/time -o time_19_vdhankar_zizhaoh.txt -f "%U" python3 homework.py > stulog.txt 2>&1 on zizhaoh #####
##### SUCCESS: /usr/bin/time -o time_19_vdhankar_zizhaoh.txt -f "%U" python3 homework.py > stulog.txt 2>&1 on zizhaoh #####
##### zizhaoh plays [E f6 e7 ] in 7.66s #####
##### Running: /usr/lib/jvm/jdk-14.0.1/bin/java -jar /lab/itti/projects/checkers-competition/server/referee.jar on run_19_vdhankar_zizhaoh #####
Move is valid
##### SUCCESS: /usr/lib/jvm/jdk-14.0.1/bin/java -jar /lab/itti/projects/checkers-competition/server/referee.jar on run_19_vdhankar_zizhaoh #####
INPUT for vdhankar:
GAME
BLACK
195.756329059601
.b...b.W
w...w...
...w....
........
........
w.b.B...
.......w
........
##### Running: /usr/bin/time -o time_19_vdhankar_zizhaoh.txt -f "%U" python3 homework.py > stulog.txt 2>&1 on vdhankar #####
child exited with value 1
##### ERROR: /usr/bin/time -o time_19_vdhankar_zizhaoh.txt -f "%U" python3 homework.py > stulog.txt 2>&1 on vdhankar #####
##### Output of failed program (stdout + stderr): #####
Traceback (most recent call last):
  File "homework.py", line 546, in <module>
    print(end-start)
NameError: name 'end' is not defined
##### End of output of failed program #####
##### vdhankar plays [E e3 d4] in 5.81478214263916s #####
##### Running: /usr/lib/jvm/jdk-14.0.1/bin/java -jar /lab/itti/projects/checkers-competition/server/referee.jar on run_19_vdhankar_zizhaoh #####
Move is valid
##### SUCCESS: /usr/lib/jvm/jdk-14.0.1/bin/java -jar /lab/itti/projects/checkers-competition/server/referee.jar on run_19_vdhankar_zizhaoh #####
INPUT for zizhaoh:
GAME
WHITE
222.92
.b...b.W
w...w...
...w....
........
...B....
w.b.....
.......w
........
##### Running: /usr/bin/time -o time_19_vdhankar_zizhaoh.txt -f "%U" python3 homework.py > stulog.txt 2>&1 on zizhaoh #####
##### SUCCESS: /usr/bin/time -o time_19_vdhankar_zizhaoh.txt -f "%U" python3 homework.py > stulog.txt 2>&1 on zizhaoh #####
##### zizhaoh plays [E e7 d8 ] in 5.43s #####
##### Running: /usr/lib/jvm/jdk-14.0.1/bin/java -jar /lab/itti/projects/checkers-competition/server/referee.jar on run_19_vdhankar_zizhaoh #####
Move is valid
##### SUCCESS: /usr/lib/jvm/jdk-14.0.1/bin/java -jar /lab/itti/projects/checkers-competition/server/referee.jar on run_19_vdhankar_zizhaoh #####
INPUT for vdhankar:
GAME
BLACK
189.941546916962
.b.W.b.W
w.......
...w....
........
...B....
w.b.....
.......w
........
##### Running: /usr/bin/time -o time_19_vdhankar_zizhaoh.txt -f "%U" python3 homework.py > stulog.txt 2>&1 on vdhankar #####
child exited with value 1
##### ERROR: /usr/bin/time -o time_19_vdhankar_zizhaoh.txt -f "%U" python3 homework.py > stulog.txt 2>&1 on vdhankar #####
##### Output of failed program (stdout + stderr): #####
Traceback (most recent call last):
  File "homework.py", line 546, in <module>
    print(end-start)
NameError: name 'end' is not defined
##### End of output of failed program #####
##### vdhankar plays [E c3 d2] in 13.901939868927s #####
##### Running: /usr/lib/jvm/jdk-14.0.1/bin/java -jar /lab/itti/projects/checkers-competition/server/referee.jar on run_19_vdhankar_zizhaoh #####
Move is valid
##### SUCCESS: /usr/lib/jvm/jdk-14.0.1/bin/java -jar /lab/itti/projects/checkers-competition/server/referee.jar on run_19_vdhankar_zizhaoh #####
INPUT for zizhaoh:
GAME
WHITE
217.49
.b.W.b.W
w.......
...w....
........
...B....
w.......
...b...w
........
##### Running: /usr/bin/time -o time_19_vdhankar_zizhaoh.txt -f "%U" python3 homework.py > stulog.txt 2>&1 on zizhaoh #####
##### SUCCESS: /usr/bin/time -o time_19_vdhankar_zizhaoh.txt -f "%U" python3 homework.py > stulog.txt 2>&1 on zizhaoh #####
##### zizhaoh plays [E d8 c7 ] in 7.13s #####
##### Running: /usr/lib/jvm/jdk-14.0.1/bin/java -jar /lab/itti/projects/checkers-competition/server/referee.jar on run_19_vdhankar_zizhaoh #####
Move is valid
##### SUCCESS: /usr/lib/jvm/jdk-14.0.1/bin/java -jar /lab/itti/projects/checkers-competition/server/referee.jar on run_19_vdhankar_zizhaoh #####
INPUT for vdhankar:
GAME
BLACK
176.039607048035
.b...b.W
w.W.....
...w....
........
...B....
w.......
...b...w
........
##### Running: /usr/bin/time -o time_19_vdhankar_zizhaoh.txt -f "%U" python3 homework.py > stulog.txt 2>&1 on vdhankar #####
child exited with value 1
##### ERROR: /usr/bin/time -o time_19_vdhankar_zizhaoh.txt -f "%U" python3 homework.py > stulog.txt 2>&1 on vdhankar #####
##### Output of failed program (stdout + stderr): #####
Traceback (most recent call last):
  File "homework.py", line 546, in <module>
    print(end-start)
NameError: name 'end' is not defined
##### End of output of failed program #####
##### vdhankar plays [E d2 e1] in 5.51148319244385s #####
##### Running: /usr/lib/jvm/jdk-14.0.1/bin/java -jar /lab/itti/projects/checkers-competition/server/referee.jar on run_19_vdhankar_zizhaoh #####
Move is valid
##### SUCCESS: /usr/lib/jvm/jdk-14.0.1/bin/java -jar /lab/itti/projects/checkers-competition/server/referee.jar on run_19_vdhankar_zizhaoh #####
INPUT for zizhaoh:
GAME
WHITE
210.36
.b...b.W
w.W.....
...w....
........
...B....
w.......
.......w
....B...
##### Running: /usr/bin/time -o time_19_vdhankar_zizhaoh.txt -f "%U" python3 homework.py > stulog.txt 2>&1 on zizhaoh #####
##### SUCCESS: /usr/bin/time -o time_19_vdhankar_zizhaoh.txt -f "%U" python3 homework.py > stulog.txt 2>&1 on zizhaoh #####
##### zizhaoh plays [E c7 d8 ] in 6.95s #####
##### Running: /usr/lib/jvm/jdk-14.0.1/bin/java -jar /lab/itti/projects/checkers-competition/server/referee.jar on run_19_vdhankar_zizhaoh #####
Move is valid
##### SUCCESS: /usr/lib/jvm/jdk-14.0.1/bin/java -jar /lab/itti/projects/checkers-competition/server/referee.jar on run_19_vdhankar_zizhaoh #####
INPUT for vdhankar:
GAME
BLACK
170.528123855591
.b.W.b.W
w.......
...w....
........
...B....
w.......
.......w
....B...
##### Running: /usr/bin/time -o time_19_vdhankar_zizhaoh.txt -f "%U" python3 homework.py > stulog.txt 2>&1 on vdhankar #####
child exited with value 1
##### ERROR: /usr/bin/time -o time_19_vdhankar_zizhaoh.txt -f "%U" python3 homework.py > stulog.txt 2>&1 on vdhankar #####
##### Output of failed program (stdout + stderr): #####
Traceback (most recent call last):
  File "homework.py", line 546, in <module>
    print(end-start)
NameError: name 'end' is not defined
##### End of output of failed program #####
##### vdhankar plays [E e1 f2] in 12.170138835907s #####
##### Running: /usr/lib/jvm/jdk-14.0.1/bin/java -jar /lab/itti/projects/checkers-competition/server/referee.jar on run_19_vdhankar_zizhaoh #####
Move is valid
##### SUCCESS: /usr/lib/jvm/jdk-14.0.1/bin/java -jar /lab/itti/projects/checkers-competition/server/referee.jar on run_19_vdhankar_zizhaoh #####
INPUT for zizhaoh:
GAME
WHITE
203.41
.b.W.b.W
w.......
...w....
........
...B....
w.......
.....B.w
........
##### Running: /usr/bin/time -o time_19_vdhankar_zizhaoh.txt -f "%U" python3 homework.py > stulog.txt 2>&1 on zizhaoh #####
##### SUCCESS: /usr/bin/time -o time_19_vdhankar_zizhaoh.txt -f "%U" python3 homework.py > stulog.txt 2>&1 on zizhaoh #####
##### zizhaoh plays [E d8 c7 ] in 8.07s #####
##### Running: /usr/lib/jvm/jdk-14.0.1/bin/java -jar /lab/itti/projects/checkers-competition/server/referee.jar on run_19_vdhankar_zizhaoh #####
Move is valid
##### SUCCESS: /usr/lib/jvm/jdk-14.0.1/bin/java -jar /lab/itti/projects/checkers-competition/server/referee.jar on run_19_vdhankar_zizhaoh #####
INPUT for vdhankar:
GAME
BLACK
158.357985019684
.b...b.W
w.W.....
...w....
........
...B....
w.......
.....B.w
........
##### Running: /usr/bin/time -o time_19_vdhankar_zizhaoh.txt -f "%U" python3 homework.py > stulog.txt 2>&1 on vdhankar #####
child exited with value 1
##### ERROR: /usr/bin/time -o time_19_vdhankar_zizhaoh.txt -f "%U" python3 homework.py > stulog.txt 2>&1 on vdhankar #####
##### Output of failed program (stdout + stderr): #####
Traceback (most recent call last):
  File "homework.py", line 546, in <module>
    print(end-start)
NameError: name 'end' is not defined
##### End of output of failed program #####
##### vdhankar plays [E f2 e3] in 7.60121202468872s #####
##### Running: /usr/lib/jvm/jdk-14.0.1/bin/java -jar /lab/itti/projects/checkers-competition/server/referee.jar on run_19_vdhankar_zizhaoh #####
Move is valid
##### SUCCESS: /usr/lib/jvm/jdk-14.0.1/bin/java -jar /lab/itti/projects/checkers-competition/server/referee.jar on run_19_vdhankar_zizhaoh #####
INPUT for zizhaoh:
GAME
WHITE
195.34
.b...b.W
w.W.....
...w....
........
...B....
w...B...
.......w
........
##### Running: /usr/bin/time -o time_19_vdhankar_zizhaoh.txt -f "%U" python3 homework.py > stulog.txt 2>&1 on zizhaoh #####
##### SUCCESS: /usr/bin/time -o time_19_vdhankar_zizhaoh.txt -f "%U" python3 homework.py > stulog.txt 2>&1 on zizhaoh #####
##### zizhaoh plays [E c7 d8 ] in 5.64s #####
##### Running: /usr/lib/jvm/jdk-14.0.1/bin/java -jar /lab/itti/projects/checkers-competition/server/referee.jar on run_19_vdhankar_zizhaoh #####
Move is valid
##### SUCCESS: /usr/lib/jvm/jdk-14.0.1/bin/java -jar /lab/itti/projects/checkers-competition/server/referee.jar on run_19_vdhankar_zizhaoh #####
INPUT for vdhankar:
GAME
BLACK
150.756772994995
.b.W.b.W
w.......
...w....
........
...B....
w...B...
.......w
........
##### Running: /usr/bin/time -o time_19_vdhankar_zizhaoh.txt -f "%U" python3 homework.py > stulog.txt 2>&1 on vdhankar #####
child exited with value 1
##### ERROR: /usr/bin/time -o time_19_vdhankar_zizhaoh.txt -f "%U" python3 homework.py > stulog.txt 2>&1 on vdhankar #####
##### Output of failed program (stdout + stderr): #####
Traceback (most recent call last):
  File "homework.py", line 546, in <module>
    print(end-start)
NameError: name 'end' is not defined
##### End of output of failed program #####
##### vdhankar plays [E e3 f4] in 12.2823610305786s #####
##### Running: /usr/lib/jvm/jdk-14.0.1/bin/java -jar /lab/itti/projects/checkers-competition/server/referee.jar on run_19_vdhankar_zizhaoh #####
Move is valid
##### SUCCESS: /usr/lib/jvm/jdk-14.0.1/bin/java -jar /lab/itti/projects/checkers-competition/server/referee.jar on run_19_vdhankar_zizhaoh #####
INPUT for zizhaoh:
GAME
WHITE
189.7
.b.W.b.W
w.......
...w....
........
...B.B..
w.......
.......w
........
##### Running: /usr/bin/time -o time_19_vdhankar_zizhaoh.txt -f "%U" python3 homework.py > stulog.txt 2>&1 on zizhaoh #####
##### SUCCESS: /usr/bin/time -o time_19_vdhankar_zizhaoh.txt -f "%U" python3 homework.py > stulog.txt 2>&1 on zizhaoh #####
##### zizhaoh plays [E d8 c7 ] in 6.04s #####
##### Running: /usr/lib/jvm/jdk-14.0.1/bin/java -jar /lab/itti/projects/checkers-competition/server/referee.jar on run_19_vdhankar_zizhaoh #####
Move is valid
##### SUCCESS: /usr/lib/jvm/jdk-14.0.1/bin/java -jar /lab/itti/projects/checkers-competition/server/referee.jar on run_19_vdhankar_zizhaoh #####
INPUT for vdhankar:
GAME
BLACK
138.474411964417
.b...b.W
w.W.....
...w....
........
...B.B..
w.......
.......w
........
##### Running: /usr/bin/time -o time_19_vdhankar_zizhaoh.txt -f "%U" python3 homework.py > stulog.txt 2>&1 on vdhankar #####
child exited with value 1
##### ERROR: /usr/bin/time -o time_19_vdhankar_zizhaoh.txt -f "%U" python3 homework.py > stulog.txt 2>&1 on vdhankar #####
##### Output of failed program (stdout + stderr): #####
Traceback (most recent call last):
  File "homework.py", line 546, in <module>
    print(end-start)
NameError: name 'end' is not defined
##### End of output of failed program #####
##### vdhankar plays [E f4 g5] in 5.25127482414246s #####
##### Running: /usr/lib/jvm/jdk-14.0.1/bin/java -jar /lab/itti/projects/checkers-competition/server/referee.jar on run_19_vdhankar_zizhaoh #####
Move is valid
##### SUCCESS: /usr/lib/jvm/jdk-14.0.1/bin/java -jar /lab/itti/projects/checkers-competition/server/referee.jar on run_19_vdhankar_zizhaoh #####
INPUT for zizhaoh:
GAME
WHITE
183.66
.b...b.W
w.W.....
...w....
......B.
...B....
w.......
.......w
........
##### Running: /usr/bin/time -o time_19_vdhankar_zizhaoh.txt -f "%U" python3 homework.py > stulog.txt 2>&1 on zizhaoh #####
##### SUCCESS: /usr/bin/time -o time_19_vdhankar_zizhaoh.txt -f "%U" python3 homework.py > stulog.txt 2>&1 on zizhaoh #####
##### zizhaoh plays [E c7 d8 ] in 6.43s #####
##### Running: /usr/lib/jvm/jdk-14.0.1/bin/java -jar /lab/itti/projects/checkers-competition/server/referee.jar on run_19_vdhankar_zizhaoh #####
Move is valid
##### SUCCESS: /usr/lib/jvm/jdk-14.0.1/bin/java -jar /lab/itti/projects/checkers-competition/server/referee.jar on run_19_vdhankar_zizhaoh #####
INPUT for vdhankar:
GAME
BLACK
133.223137140274
.b.W.b.W
w.......
...w....
......B.
...B....
w.......
.......w
........
##### Running: /usr/bin/time -o time_19_vdhankar_zizhaoh.txt -f "%U" python3 homework.py > stulog.txt 2>&1 on vdhankar #####
child exited with value 1
##### ERROR: /usr/bin/time -o time_19_vdhankar_zizhaoh.txt -f "%U" python3 homework.py > stulog.txt 2>&1 on vdhankar #####
##### Output of failed program (stdout + stderr): #####
Traceback (most recent call last):
  File "homework.py", line 546, in <module>
    print(end-start)
NameError: name 'end' is not defined
##### End of output of failed program #####
##### vdhankar plays [E d4 e3] in 5.68633008003235s #####
##### Running: /usr/lib/jvm/jdk-14.0.1/bin/java -jar /lab/itti/projects/checkers-competition/server/referee.jar on run_19_vdhankar_zizhaoh #####
Move is valid
##### SUCCESS: /usr/lib/jvm/jdk-14.0.1/bin/java -jar /lab/itti/projects/checkers-competition/server/referee.jar on run_19_vdhankar_zizhaoh #####
INPUT for zizhaoh:
GAME
WHITE
177.23
.b.W.b.W
w.......
...w....
......B.
........
w...B...
.......w
........
##### Running: /usr/bin/time -o time_19_vdhankar_zizhaoh.txt -f "%U" python3 homework.py > stulog.txt 2>&1 on zizhaoh #####
##### SUCCESS: /usr/bin/time -o time_19_vdhankar_zizhaoh.txt -f "%U" python3 homework.py > stulog.txt 2>&1 on zizhaoh #####
##### zizhaoh plays [E d8 c7 ] in 6.01s #####
##### Running: /usr/lib/jvm/jdk-14.0.1/bin/java -jar /lab/itti/projects/checkers-competition/server/referee.jar on run_19_vdhankar_zizhaoh #####
Move is valid
##### SUCCESS: /usr/lib/jvm/jdk-14.0.1/bin/java -jar /lab/itti/projects/checkers-competition/server/referee.jar on run_19_vdhankar_zizhaoh #####
INPUT for vdhankar:
GAME
BLACK
127.536807060242
.b...b.W
w.W.....
...w....
......B.
........
w...B...
.......w
........
##### Running: /usr/bin/time -o time_19_vdhankar_zizhaoh.txt -f "%U" python3 homework.py > stulog.txt 2>&1 on vdhankar #####
child exited with value 1
##### ERROR: /usr/bin/time -o time_19_vdhankar_zizhaoh.txt -f "%U" python3 homework.py > stulog.txt 2>&1 on vdhankar #####
##### Output of failed program (stdout + stderr): #####
Traceback (most recent call last):
  File "homework.py", line 546, in <module>
    print(end-start)
NameError: name 'end' is not defined
##### End of output of failed program #####
##### vdhankar plays [E e3 d4] in 8.02546906471252s #####
##### Running: /usr/lib/jvm/jdk-14.0.1/bin/java -jar /lab/itti/projects/checkers-competition/server/referee.jar on run_19_vdhankar_zizhaoh #####
Move is valid
##### SUCCESS: /usr/lib/jvm/jdk-14.0.1/bin/java -jar /lab/itti/projects/checkers-competition/server/referee.jar on run_19_vdhankar_zizhaoh #####
INPUT for zizhaoh:
GAME
WHITE
171.22
.b...b.W
w.W.....
...w....
......B.
...B....
w.......
.......w
........
##### Running: /usr/bin/time -o time_19_vdhankar_zizhaoh.txt -f "%U" python3 homework.py > stulog.txt 2>&1 on zizhaoh #####
##### SUCCESS: /usr/bin/time -o time_19_vdhankar_zizhaoh.txt -f "%U" python3 homework.py > stulog.txt 2>&1 on zizhaoh #####
##### zizhaoh plays [E c7 d8 ] in 6.74s #####
##### Running: /usr/lib/jvm/jdk-14.0.1/bin/java -jar /lab/itti/projects/checkers-competition/server/referee.jar on run_19_vdhankar_zizhaoh #####
Move is valid
##### SUCCESS: /usr/lib/jvm/jdk-14.0.1/bin/java -jar /lab/itti/projects/checkers-competition/server/referee.jar on run_19_vdhankar_zizhaoh #####
INPUT for vdhankar:
GAME
BLACK
119.511337995529
.b.W.b.W
w.......
...w....
......B.
...B....
w.......
.......w
........
##### Running: /usr/bin/time -o time_19_vdhankar_zizhaoh.txt -f "%U" python3 homework.py > stulog.txt 2>&1 on vdhankar #####
child exited with value 1
##### ERROR: /usr/bin/time -o time_19_vdhankar_zizhaoh.txt -f "%U" python3 homework.py > stulog.txt 2>&1 on vdhankar #####
##### Output of failed program (stdout + stderr): #####
Traceback (most recent call last):
  File "homework.py", line 546, in <module>
    print(end-start)
NameError: name 'end' is not defined
##### End of output of failed program #####
##### vdhankar plays [E d4 e3] in 5.94316792488098s #####
##### Running: /usr/lib/jvm/jdk-14.0.1/bin/java -jar /lab/itti/projects/checkers-competition/server/referee.jar on run_19_vdhankar_zizhaoh #####
Move is valid
##### SUCCESS: /usr/lib/jvm/jdk-14.0.1/bin/java -jar /lab/itti/projects/checkers-competition/server/referee.jar on run_19_vdhankar_zizhaoh #####
INPUT for zizhaoh:
GAME
WHITE
164.48
.b.W.b.W
w.......
...w....
......B.
........
w...B...
.......w
........
##### Running: /usr/bin/time -o time_19_vdhankar_zizhaoh.txt -f "%U" python3 homework.py > stulog.txt 2>&1 on zizhaoh #####
##### SUCCESS: /usr/bin/time -o time_19_vdhankar_zizhaoh.txt -f "%U" python3 homework.py > stulog.txt 2>&1 on zizhaoh #####
##### zizhaoh plays [E d8 c7 ] in 6.37s #####
##### Running: /usr/lib/jvm/jdk-14.0.1/bin/java -jar /lab/itti/projects/checkers-competition/server/referee.jar on run_19_vdhankar_zizhaoh #####
Move is valid
##### SUCCESS: /usr/lib/jvm/jdk-14.0.1/bin/java -jar /lab/itti/projects/checkers-competition/server/referee.jar on run_19_vdhankar_zizhaoh #####
INPUT for vdhankar:
GAME
BLACK
113.568170070648
.b...b.W
w.W.....
...w....
......B.
........
w...B...
.......w
........
##### Running: /usr/bin/time -o time_19_vdhankar_zizhaoh.txt -f "%U" python3 homework.py > stulog.txt 2>&1 on vdhankar #####
child exited with value 1
##### ERROR: /usr/bin/time -o time_19_vdhankar_zizhaoh.txt -f "%U" python3 homework.py > stulog.txt 2>&1 on vdhankar #####
##### Output of failed program (stdout + stderr): #####
Traceback (most recent call last):
  File "homework.py", line 546, in <module>
    print(end-start)
NameError: name 'end' is not defined
##### End of output of failed program #####
##### vdhankar plays [E e3 d4] in 7.36577010154724s #####
##### Running: /usr/lib/jvm/jdk-14.0.1/bin/java -jar /lab/itti/projects/checkers-competition/server/referee.jar on run_19_vdhankar_zizhaoh #####
Move is valid
##### SUCCESS: /usr/lib/jvm/jdk-14.0.1/bin/java -jar /lab/itti/projects/checkers-competition/server/referee.jar on run_19_vdhankar_zizhaoh #####
INPUT for zizhaoh:
GAME
WHITE
158.11
.b...b.W
w.W.....
...w....
......B.
...B....
w.......
.......w
........
##### Running: /usr/bin/time -o time_19_vdhankar_zizhaoh.txt -f "%U" python3 homework.py > stulog.txt 2>&1 on zizhaoh #####
##### SUCCESS: /usr/bin/time -o time_19_vdhankar_zizhaoh.txt -f "%U" python3 homework.py > stulog.txt 2>&1 on zizhaoh #####
##### zizhaoh plays [E c7 d8 ] in 5.99s #####
##### Running: /usr/lib/jvm/jdk-14.0.1/bin/java -jar /lab/itti/projects/checkers-competition/server/referee.jar on run_19_vdhankar_zizhaoh #####
Move is valid
Seen this position 3 times
*** Game ends in draw ***
##### SUCCESS: /usr/lib/jvm/jdk-14.0.1/bin/java -jar /lab/itti/projects/checkers-competition/server/referee.jar on run_19_vdhankar_zizhaoh #####
##### GAME ENDS IN A DRAW. Time left for vdhankar: 106.202399969101s, zizhaoh: 152.12s
Server said: DRAW
##### GAME OVER: the game ends in a draw, zizhaoh wins by time remaining #####
########## ROUND 19 GAMESCORE AFTER GAME 3: vdhankar=1 and zizhaoh=2 ##########
#################### ROUND 19: vdhankar (W) vs zizhaoh (B): game 4 ####################
##### game start! #####
INPUT for zizhaoh:
GAME
BLACK
300
.b.b.b.b
b.b.b.b.
.b.b.b.b
........
........
w.w.w.w.
.w.w.w.w
w.w.w.w.
##### Running: /usr/bin/time -o time_19_vdhankar_zizhaoh.txt -f "%U" python3 homework.py > stulog.txt 2>&1 on zizhaoh #####
##### SUCCESS: /usr/bin/time -o time_19_vdhankar_zizhaoh.txt -f "%U" python3 homework.py > stulog.txt 2>&1 on zizhaoh #####
##### zizhaoh plays [E b6 a5 ] in 3.75s #####
##### Running: /usr/lib/jvm/jdk-14.0.1/bin/java -jar /lab/itti/projects/checkers-competition/server/referee.jar on run_19_vdhankar_zizhaoh #####
Move is valid
Couldn't read file 'current_ply.txt'
Couldn't read content from file 'current_ply.txt'
Couldn't read file 'lastmatchange_ply.txt'
Couldn't read content from file 'lastmatchange_ply.txt'
##### SUCCESS: /usr/lib/jvm/jdk-14.0.1/bin/java -jar /lab/itti/projects/checkers-competition/server/referee.jar on run_19_vdhankar_zizhaoh #####
INPUT for vdhankar:
GAME
WHITE
300
.b.b.b.b
b.b.b.b.
...b.b.b
b.......
........
w.w.w.w.
.w.w.w.w
w.w.w.w.
##### Running: /usr/bin/time -o time_19_vdhankar_zizhaoh.txt -f "%U" python3 homework.py > stulog.txt 2>&1 on vdhankar #####
child exited with value 1
##### ERROR: /usr/bin/time -o time_19_vdhankar_zizhaoh.txt -f "%U" python3 homework.py > stulog.txt 2>&1 on vdhankar #####
##### Output of failed program (stdout + stderr): #####
Traceback (most recent call last):
  File "homework.py", line 546, in <module>
    print(end-start)
NameError: name 'end' is not defined
##### End of output of failed program #####
##### vdhankar plays [E g3 h4] in 6.83110809326172s #####
##### Running: /usr/lib/jvm/jdk-14.0.1/bin/java -jar /lab/itti/projects/checkers-competition/server/referee.jar on run_19_vdhankar_zizhaoh #####
Move is valid
##### SUCCESS: /usr/lib/jvm/jdk-14.0.1/bin/java -jar /lab/itti/projects/checkers-competition/server/referee.jar on run_19_vdhankar_zizhaoh #####
INPUT for zizhaoh:
GAME
BLACK
296.25
.b.b.b.b
b.b.b.b.
...b.b.b
b.......
.......w
w.w.w...
.w.w.w.w
w.w.w.w.
##### Running: /usr/bin/time -o time_19_vdhankar_zizhaoh.txt -f "%U" python3 homework.py > stulog.txt 2>&1 on zizhaoh #####
##### SUCCESS: /usr/bin/time -o time_19_vdhankar_zizhaoh.txt -f "%U" python3 homework.py > stulog.txt 2>&1 on zizhaoh #####
##### zizhaoh plays [E a7 b6 ] in 3.3s #####
##### Running: /usr/lib/jvm/jdk-14.0.1/bin/java -jar /lab/itti/projects/checkers-competition/server/referee.jar on run_19_vdhankar_zizhaoh #####
Move is valid
##### SUCCESS: /usr/lib/jvm/jdk-14.0.1/bin/java -jar /lab/itti/projects/checkers-competition/server/referee.jar on run_19_vdhankar_zizhaoh #####
INPUT for vdhankar:
GAME
WHITE
293.168891906738
.b.b.b.b
..b.b.b.
.b.b.b.b
b.......
.......w
w.w.w...
.w.w.w.w
w.w.w.w.
##### Running: /usr/bin/time -o time_19_vdhankar_zizhaoh.txt -f "%U" python3 homework.py > stulog.txt 2>&1 on vdhankar #####
child exited with value 1
##### ERROR: /usr/bin/time -o time_19_vdhankar_zizhaoh.txt -f "%U" python3 homework.py > stulog.txt 2>&1 on vdhankar #####
##### Output of failed program (stdout + stderr): #####
Traceback (most recent call last):
  File "homework.py", line 546, in <module>
    print(end-start)
NameError: name 'end' is not defined
##### End of output of failed program #####
##### vdhankar plays [E h2 g3] in 9.67857098579407s #####
##### Running: /usr/lib/jvm/jdk-14.0.1/bin/java -jar /lab/itti/projects/checkers-competition/server/referee.jar on run_19_vdhankar_zizhaoh #####
Move is valid
##### SUCCESS: /usr/lib/jvm/jdk-14.0.1/bin/java -jar /lab/itti/projects/checkers-competition/server/referee.jar on run_19_vdhankar_zizhaoh #####
INPUT for zizhaoh:
GAME
BLACK
292.95
.b.b.b.b
..b.b.b.
.b.b.b.b
b.......
.......w
w.w.w.w.
.w.w.w..
w.w.w.w.
##### Running: /usr/bin/time -o time_19_vdhankar_zizhaoh.txt -f "%U" python3 homework.py > stulog.txt 2>&1 on zizhaoh #####
##### SUCCESS: /usr/bin/time -o time_19_vdhankar_zizhaoh.txt -f "%U" python3 homework.py > stulog.txt 2>&1 on zizhaoh #####
##### zizhaoh plays [E b8 a7 ] in 3.71s #####
##### Running: /usr/lib/jvm/jdk-14.0.1/bin/java -jar /lab/itti/projects/checkers-competition/server/referee.jar on run_19_vdhankar_zizhaoh #####
Move is valid
##### SUCCESS: /usr/lib/jvm/jdk-14.0.1/bin/java -jar /lab/itti/projects/checkers-competition/server/referee.jar on run_19_vdhankar_zizhaoh #####
INPUT for vdhankar:
GAME
WHITE
283.490320920944
...b.b.b
b.b.b.b.
.b.b.b.b
b.......
.......w
w.w.w.w.
.w.w.w..
w.w.w.w.
##### Running: /usr/bin/time -o time_19_vdhankar_zizhaoh.txt -f "%U" python3 homework.py > stulog.txt 2>&1 on vdhankar #####
child exited with value 1
##### ERROR: /usr/bin/time -o time_19_vdhankar_zizhaoh.txt -f "%U" python3 homework.py > stulog.txt 2>&1 on vdhankar #####
##### Output of failed program (stdout + stderr): #####
Traceback (most recent call last):
  File "homework.py", line 546, in <module>
    print(end-start)
NameError: name 'end' is not defined
##### End of output of failed program #####
##### vdhankar plays [E c3 d4] in 2.76534509658813s #####
##### Running: /usr/lib/jvm/jdk-14.0.1/bin/java -jar /lab/itti/projects/checkers-competition/server/referee.jar on run_19_vdhankar_zizhaoh #####
Move is valid
##### SUCCESS: /usr/lib/jvm/jdk-14.0.1/bin/java -jar /lab/itti/projects/checkers-competition/server/referee.jar on run_19_vdhankar_zizhaoh #####
INPUT for zizhaoh:
GAME
BLACK
289.24
...b.b.b
b.b.b.b.
.b.b.b.b
b.......
...w...w
w...w.w.
.w.w.w..
w.w.w.w.
##### Running: /usr/bin/time -o time_19_vdhankar_zizhaoh.txt -f "%U" python3 homework.py > stulog.txt 2>&1 on zizhaoh #####
##### SUCCESS: /usr/bin/time -o time_19_vdhankar_zizhaoh.txt -f "%U" python3 homework.py > stulog.txt 2>&1 on zizhaoh #####
##### zizhaoh plays [E d6 c5 ] in 1.54s #####
##### Running: /usr/lib/jvm/jdk-14.0.1/bin/java -jar /lab/itti/projects/checkers-competition/server/referee.jar on run_19_vdhankar_zizhaoh #####
Move is valid
##### SUCCESS: /usr/lib/jvm/jdk-14.0.1/bin/java -jar /lab/itti/projects/checkers-competition/server/referee.jar on run_19_vdhankar_zizhaoh #####
INPUT for vdhankar:
GAME
WHITE
280.724975824356
...b.b.b
b.b.b.b.
.b...b.b
b.b.....
...w...w
w...w.w.
.w.w.w..
w.w.w.w.
##### Running: /usr/bin/time -o time_19_vdhankar_zizhaoh.txt -f "%U" python3 homework.py > stulog.txt 2>&1 on vdhankar #####
child exited with value 1
##### ERROR: /usr/bin/time -o time_19_vdhankar_zizhaoh.txt -f "%U" python3 homework.py > stulog.txt 2>&1 on vdhankar #####
##### Output of failed program (stdout + stderr): #####
Traceback (most recent call last):
  File "homework.py", line 546, in <module>
    print(end-start)
NameError: name 'end' is not defined
##### End of output of failed program #####
##### vdhankar plays [E b2 c3] in 2.14516496658325s #####
##### Running: /usr/lib/jvm/jdk-14.0.1/bin/java -jar /lab/itti/projects/checkers-competition/server/referee.jar on run_19_vdhankar_zizhaoh #####
Move is valid
##### SUCCESS: /usr/lib/jvm/jdk-14.0.1/bin/java -jar /lab/itti/projects/checkers-competition/server/referee.jar on run_19_vdhankar_zizhaoh #####
INPUT for zizhaoh:
GAME
BLACK
287.7
...b.b.b
b.b.b.b.
.b...b.b
b.b.....
...w...w
w.w.w.w.
...w.w..
w.w.w.w.
##### Running: /usr/bin/time -o time_19_vdhankar_zizhaoh.txt -f "%U" python3 homework.py > stulog.txt 2>&1 on zizhaoh #####
##### SUCCESS: /usr/bin/time -o time_19_vdhankar_zizhaoh.txt -f "%U" python3 homework.py > stulog.txt 2>&1 on zizhaoh #####
##### zizhaoh plays [E c7 d6 ] in 1.98s #####
##### Running: /usr/lib/jvm/jdk-14.0.1/bin/java -jar /lab/itti/projects/checkers-competition/server/referee.jar on run_19_vdhankar_zizhaoh #####
Move is valid
##### SUCCESS: /usr/lib/jvm/jdk-14.0.1/bin/java -jar /lab/itti/projects/checkers-competition/server/referee.jar on run_19_vdhankar_zizhaoh #####
INPUT for vdhankar:
GAME
WHITE
278.579810857773
...b.b.b
b...b.b.
.b.b.b.b
b.b.....
...w...w
w.w.w.w.
...w.w..
w.w.w.w.
##### Running: /usr/bin/time -o time_19_vdhankar_zizhaoh.txt -f "%U" python3 homework.py > stulog.txt 2>&1 on vdhankar #####
child exited with value 1
##### ERROR: /usr/bin/time -o time_19_vdhankar_zizhaoh.txt -f "%U" python3 homework.py > stulog.txt 2>&1 on vdhankar #####
##### Output of failed program (stdout + stderr): #####
Traceback (most recent call last):
  File "homework.py", line 546, in <module>
    print(end-start)
NameError: name 'end' is not defined
##### End of output of failed program #####
##### vdhankar plays [E a1 b2] in 3.7181179523468s #####
##### Running: /usr/lib/jvm/jdk-14.0.1/bin/java -jar /lab/itti/projects/checkers-competition/server/referee.jar on run_19_vdhankar_zizhaoh #####
Move is valid
##### SUCCESS: /usr/lib/jvm/jdk-14.0.1/bin/java -jar /lab/itti/projects/checkers-competition/server/referee.jar on run_19_vdhankar_zizhaoh #####
INPUT for zizhaoh:
GAME
BLACK
285.72
...b.b.b
b...b.b.
.b.b.b.b
b.b.....
...w...w
w.w.w.w.
.w.w.w..
..w.w.w.
##### Running: /usr/bin/time -o time_19_vdhankar_zizhaoh.txt -f "%U" python3 homework.py > stulog.txt 2>&1 on zizhaoh #####
##### SUCCESS: /usr/bin/time -o time_19_vdhankar_zizhaoh.txt -f "%U" python3 homework.py > stulog.txt 2>&1 on zizhaoh #####
##### zizhaoh plays [E d8 c7 ] in 1.18s #####
##### Running: /usr/lib/jvm/jdk-14.0.1/bin/java -jar /lab/itti/projects/checkers-competition/server/referee.jar on run_19_vdhankar_zizhaoh #####
Move is valid
##### SUCCESS: /usr/lib/jvm/jdk-14.0.1/bin/java -jar /lab/itti/projects/checkers-competition/server/referee.jar on run_19_vdhankar_zizhaoh #####
INPUT for vdhankar:
GAME
WHITE
274.861692905426
.....b.b
b.b.b.b.
.b.b.b.b
b.b.....
...w...w
w.w.w.w.
.w.w.w..
..w.w.w.
##### Running: /usr/bin/time -o time_19_vdhankar_zizhaoh.txt -f "%U" python3 homework.py > stulog.txt 2>&1 on vdhankar #####
child exited with value 1
##### ERROR: /usr/bin/time -o time_19_vdhankar_zizhaoh.txt -f "%U" python3 homework.py > stulog.txt 2>&1 on vdhankar #####
##### Output of failed program (stdout + stderr): #####
Traceback (most recent call last):
  File "homework.py", line 546, in <module>
    print(end-start)
NameError: name 'end' is not defined
##### End of output of failed program #####
##### vdhankar plays [E g3 f4] in 1.35346102714539s #####
##### Running: /usr/lib/jvm/jdk-14.0.1/bin/java -jar /lab/itti/projects/checkers-competition/server/referee.jar on run_19_vdhankar_zizhaoh #####
Move is valid
##### SUCCESS: /usr/lib/jvm/jdk-14.0.1/bin/java -jar /lab/itti/projects/checkers-competition/server/referee.jar on run_19_vdhankar_zizhaoh #####
INPUT for zizhaoh:
GAME
BLACK
284.54
.....b.b
b.b.b.b.
.b.b.b.b
b.b.....
...w.w.w
w.w.w...
.w.w.w..
..w.w.w.
##### Running: /usr/bin/time -o time_19_vdhankar_zizhaoh.txt -f "%U" python3 homework.py > stulog.txt 2>&1 on zizhaoh #####
##### SUCCESS: /usr/bin/time -o time_19_vdhankar_zizhaoh.txt -f "%U" python3 homework.py > stulog.txt 2>&1 on zizhaoh #####
##### zizhaoh plays [E c5 b4 ] in 0.61s #####
##### Running: /usr/lib/jvm/jdk-14.0.1/bin/java -jar /lab/itti/projects/checkers-competition/server/referee.jar on run_19_vdhankar_zizhaoh #####
Move is valid
##### SUCCESS: /usr/lib/jvm/jdk-14.0.1/bin/java -jar /lab/itti/projects/checkers-competition/server/referee.jar on run_19_vdhankar_zizhaoh #####
INPUT for vdhankar:
GAME
WHITE
273.508231878281
.....b.b
b.b.b.b.
.b.b.b.b
b.......
.b.w.w.w
w.w.w...
.w.w.w..
..w.w.w.
##### Running: /usr/bin/time -o time_19_vdhankar_zizhaoh.txt -f "%U" python3 homework.py > stulog.txt 2>&1 on vdhankar #####
child exited with value 1
##### ERROR: /usr/bin/time -o time_19_vdhankar_zizhaoh.txt -f "%U" python3 homework.py > stulog.txt 2>&1 on vdhankar #####
##### Output of failed program (stdout + stderr): #####
Traceback (most recent call last):
  File "homework.py", line 546, in <module>
    print(end-start)
NameError: name 'end' is not defined
##### End of output of failed program #####
##### vdhankar plays [J a3 c5] in 0.430006980895996s #####
##### Running: /usr/lib/jvm/jdk-14.0.1/bin/java -jar /lab/itti/projects/checkers-competition/server/referee.jar on run_19_vdhankar_zizhaoh #####
Move is valid
##### SUCCESS: /usr/lib/jvm/jdk-14.0.1/bin/java -jar /lab/itti/projects/checkers-competition/server/referee.jar on run_19_vdhankar_zizhaoh #####
INPUT for zizhaoh:
GAME
BLACK
283.93
.....b.b
b.b.b.b.
.b.b.b.b
b.w.....
...w.w.w
..w.w...
.w.w.w..
..w.w.w.
##### Running: /usr/bin/time -o time_19_vdhankar_zizhaoh.txt -f "%U" python3 homework.py > stulog.txt 2>&1 on zizhaoh #####
##### SUCCESS: /usr/bin/time -o time_19_vdhankar_zizhaoh.txt -f "%U" python3 homework.py > stulog.txt 2>&1 on zizhaoh #####
##### zizhaoh plays [J d6 b4 ] in 0.48s #####
##### Running: /usr/lib/jvm/jdk-14.0.1/bin/java -jar /lab/itti/projects/checkers-competition/server/referee.jar on run_19_vdhankar_zizhaoh #####
Move is valid
##### SUCCESS: /usr/lib/jvm/jdk-14.0.1/bin/java -jar /lab/itti/projects/checkers-competition/server/referee.jar on run_19_vdhankar_zizhaoh #####
INPUT for vdhankar:
GAME
WHITE
273.078224897385
.....b.b
b.b.b.b.
.b...b.b
b.......
.b.w.w.w
..w.w...
.w.w.w..
..w.w.w.
##### Running: /usr/bin/time -o time_19_vdhankar_zizhaoh.txt -f "%U" python3 homework.py > stulog.txt 2>&1 on vdhankar #####
child exited with value 1
##### ERROR: /usr/bin/time -o time_19_vdhankar_zizhaoh.txt -f "%U" python3 homework.py > stulog.txt 2>&1 on vdhankar #####
##### Output of failed program (stdout + stderr): #####
Traceback (most recent call last):
  File "homework.py", line 546, in <module>
    print(end-start)
NameError: name 'end' is not defined
##### End of output of failed program #####
##### vdhankar plays [E g1 h2] in 1.4529402256012s #####
##### Running: /usr/lib/jvm/jdk-14.0.1/bin/java -jar /lab/itti/projects/checkers-competition/server/referee.jar on run_19_vdhankar_zizhaoh #####
Move is valid
##### SUCCESS: /usr/lib/jvm/jdk-14.0.1/bin/java -jar /lab/itti/projects/checkers-competition/server/referee.jar on run_19_vdhankar_zizhaoh #####
INPUT for zizhaoh:
GAME
BLACK
283.45
.....b.b
b.b.b.b.
.b...b.b
b.......
.b.w.w.w
..w.w...
.w.w.w.w
..w.w...
##### Running: /usr/bin/time -o time_19_vdhankar_zizhaoh.txt -f "%U" python3 homework.py > stulog.txt 2>&1 on zizhaoh #####
##### SUCCESS: /usr/bin/time -o time_19_vdhankar_zizhaoh.txt -f "%U" python3 homework.py > stulog.txt 2>&1 on zizhaoh #####
##### zizhaoh plays [E c7 d6 ] in 1.52s #####
##### Running: /usr/lib/jvm/jdk-14.0.1/bin/java -jar /lab/itti/projects/checkers-competition/server/referee.jar on run_19_vdhankar_zizhaoh #####
Move is valid
##### SUCCESS: /usr/lib/jvm/jdk-14.0.1/bin/java -jar /lab/itti/projects/checkers-competition/server/referee.jar on run_19_vdhankar_zizhaoh #####
INPUT for vdhankar:
GAME
WHITE
271.625284671783
.....b.b
b...b.b.
.b.b.b.b
b.......
.b.w.w.w
..w.w...
.w.w.w.w
..w.w...
##### Running: /usr/bin/time -o time_19_vdhankar_zizhaoh.txt -f "%U" python3 homework.py > stulog.txt 2>&1 on vdhankar #####
child exited with value 1
##### ERROR: /usr/bin/time -o time_19_vdhankar_zizhaoh.txt -f "%U" python3 homework.py > stulog.txt 2>&1 on vdhankar #####
##### Output of failed program (stdout + stderr): #####
Traceback (most recent call last):
  File "homework.py", line 546, in <module>
    print(end-start)
NameError: name 'end' is not defined
##### End of output of failed program #####
##### vdhankar plays [E d4 e5] in 0.705756902694702s #####
##### Running: /usr/lib/jvm/jdk-14.0.1/bin/java -jar /lab/itti/projects/checkers-competition/server/referee.jar on run_19_vdhankar_zizhaoh #####
Move is valid
##### SUCCESS: /usr/lib/jvm/jdk-14.0.1/bin/java -jar /lab/itti/projects/checkers-competition/server/referee.jar on run_19_vdhankar_zizhaoh #####
INPUT for zizhaoh:
GAME
BLACK
281.93
.....b.b
b...b.b.
.b.b.b.b
b...w...
.b...w.w
..w.w...
.w.w.w.w
..w.w...
##### Running: /usr/bin/time -o time_19_vdhankar_zizhaoh.txt -f "%U" python3 homework.py > stulog.txt 2>&1 on zizhaoh #####
##### SUCCESS: /usr/bin/time -o time_19_vdhankar_zizhaoh.txt -f "%U" python3 homework.py > stulog.txt 2>&1 on zizhaoh #####
##### zizhaoh plays [J f6 d4 ] in 0.35s #####
##### Running: /usr/lib/jvm/jdk-14.0.1/bin/java -jar /lab/itti/projects/checkers-competition/server/referee.jar on run_19_vdhankar_zizhaoh #####
Move is valid
##### SUCCESS: /usr/lib/jvm/jdk-14.0.1/bin/java -jar /lab/itti/projects/checkers-competition/server/referee.jar on run_19_vdhankar_zizhaoh #####
INPUT for vdhankar:
GAME
WHITE
270.919527769089
.....b.b
b...b.b.
.b.b...b
b.......
.b.b.w.w
..w.w...
.w.w.w.w
..w.w...
##### Running: /usr/bin/time -o time_19_vdhankar_zizhaoh.txt -f "%U" python3 homework.py > stulog.txt 2>&1 on vdhankar #####
child exited with value 1
##### ERROR: /usr/bin/time -o time_19_vdhankar_zizhaoh.txt -f "%U" python3 homework.py > stulog.txt 2>&1 on vdhankar #####
##### Output of failed program (stdout + stderr): #####
Traceback (most recent call last):
  File "homework.py", line 546, in <module>
    print(end-start)
NameError: name 'end' is not defined
##### End of output of failed program #####
##### vdhankar plays [J c3 e5 ; J e5 c7] in 1.86174821853638s #####
##### Running: /usr/lib/jvm/jdk-14.0.1/bin/java -jar /lab/itti/projects/checkers-competition/server/referee.jar on run_19_vdhankar_zizhaoh #####
Move is valid
##### SUCCESS: /usr/lib/jvm/jdk-14.0.1/bin/java -jar /lab/itti/projects/checkers-competition/server/referee.jar on run_19_vdhankar_zizhaoh #####
INPUT for zizhaoh:
GAME
BLACK
281.58
.....b.b
b.w.b.b.
.b.....b
b.......
.b...w.w
....w...
.w.w.w.w
..w.w...
##### Running: /usr/bin/time -o time_19_vdhankar_zizhaoh.txt -f "%U" python3 homework.py > stulog.txt 2>&1 on zizhaoh #####
##### SUCCESS: /usr/bin/time -o time_19_vdhankar_zizhaoh.txt -f "%U" python3 homework.py > stulog.txt 2>&1 on zizhaoh #####
##### zizhaoh plays [E e7 d6 ] in 7.68s #####
##### Running: /usr/lib/jvm/jdk-14.0.1/bin/java -jar /lab/itti/projects/checkers-competition/server/referee.jar on run_19_vdhankar_zizhaoh #####
Move is valid
##### SUCCESS: /usr/lib/jvm/jdk-14.0.1/bin/java -jar /lab/itti/projects/checkers-competition/server/referee.jar on run_19_vdhankar_zizhaoh #####
INPUT for vdhankar:
GAME
WHITE
269.057779550552
.....b.b
b.w...b.
.b.b...b
b.......
.b...w.w
....w...
.w.w.w.w
..w.w...
##### Running: /usr/bin/time -o time_19_vdhankar_zizhaoh.txt -f "%U" python3 homework.py > stulog.txt 2>&1 on vdhankar #####
child exited with value 1
##### ERROR: /usr/bin/time -o time_19_vdhankar_zizhaoh.txt -f "%U" python3 homework.py > stulog.txt 2>&1 on vdhankar #####
##### Output of failed program (stdout + stderr): #####
Traceback (most recent call last):
  File "homework.py", line 546, in <module>
    print(end-start)
NameError: name 'end' is not defined
##### End of output of failed program #####
##### vdhankar plays [E h2 g3] in 3.55995011329651s #####
##### Running: /usr/lib/jvm/jdk-14.0.1/bin/java -jar /lab/itti/projects/checkers-competition/server/referee.jar on run_19_vdhankar_zizhaoh #####
Move is valid
##### SUCCESS: /usr/lib/jvm/jdk-14.0.1/bin/java -jar /lab/itti/projects/checkers-competition/server/referee.jar on run_19_vdhankar_zizhaoh #####
INPUT for zizhaoh:
GAME
BLACK
273.9
.....b.b
b.w...b.
.b.b...b
b.......
.b...w.w
....w.w.
.w.w.w..
..w.w...
##### Running: /usr/bin/time -o time_19_vdhankar_zizhaoh.txt -f "%U" python3 homework.py > stulog.txt 2>&1 on zizhaoh #####
##### SUCCESS: /usr/bin/time -o time_19_vdhankar_zizhaoh.txt -f "%U" python3 homework.py > stulog.txt 2>&1 on zizhaoh #####
##### zizhaoh plays [E f8 e7 ] in 6.11s #####
##### Running: /usr/lib/jvm/jdk-14.0.1/bin/java -jar /lab/itti/projects/checkers-competition/server/referee.jar on run_19_vdhankar_zizhaoh #####
Move is valid
##### SUCCESS: /usr/lib/jvm/jdk-14.0.1/bin/java -jar /lab/itti/projects/checkers-competition/server/referee.jar on run_19_vdhankar_zizhaoh #####
INPUT for vdhankar:
GAME
WHITE
265.497829437256
.......b
b.w.b.b.
.b.b...b
b.......
.b...w.w
....w.w.
.w.w.w..
..w.w...
##### Running: /usr/bin/time -o time_19_vdhankar_zizhaoh.txt -f "%U" python3 homework.py > stulog.txt 2>&1 on vdhankar #####
child exited with value 1
##### ERROR: /usr/bin/time -o time_19_vdhankar_zizhaoh.txt -f "%U" python3 homework.py > stulog.txt 2>&1 on vdhankar #####
##### Output of failed program (stdout + stderr): #####
Traceback (most recent call last):
  File "homework.py", line 546, in <module>
    print(end-start)
NameError: name 'end' is not defined
##### End of output of failed program #####
##### vdhankar plays [E b2 c3] in 3.71569800376892s #####
##### Running: /usr/lib/jvm/jdk-14.0.1/bin/java -jar /lab/itti/projects/checkers-competition/server/referee.jar on run_19_vdhankar_zizhaoh #####
Move is valid
##### SUCCESS: /usr/lib/jvm/jdk-14.0.1/bin/java -jar /lab/itti/projects/checkers-competition/server/referee.jar on run_19_vdhankar_zizhaoh #####
INPUT for zizhaoh:
GAME
BLACK
267.79
.......b
b.w.b.b.
.b.b...b
b.......
.b...w.w
..w.w.w.
...w.w..
..w.w...
##### Running: /usr/bin/time -o time_19_vdhankar_zizhaoh.txt -f "%U" python3 homework.py > stulog.txt 2>&1 on zizhaoh #####
##### SUCCESS: /usr/bin/time -o time_19_vdhankar_zizhaoh.txt -f "%U" python3 homework.py > stulog.txt 2>&1 on zizhaoh #####
##### zizhaoh plays [E e7 f6 ] in 4.37s #####
##### Running: /usr/lib/jvm/jdk-14.0.1/bin/java -jar /lab/itti/projects/checkers-competition/server/referee.jar on run_19_vdhankar_zizhaoh #####
Move is valid
##### SUCCESS: /usr/lib/jvm/jdk-14.0.1/bin/java -jar /lab/itti/projects/checkers-competition/server/referee.jar on run_19_vdhankar_zizhaoh #####
INPUT for vdhankar:
GAME
WHITE
261.782131433487
.......b
b.w...b.
.b.b.b.b
b.......
.b...w.w
..w.w.w.
...w.w..
..w.w...
##### Running: /usr/bin/time -o time_19_vdhankar_zizhaoh.txt -f "%U" python3 homework.py > stulog.txt 2>&1 on vdhankar #####
child exited with value 1
##### ERROR: /usr/bin/time -o time_19_vdhankar_zizhaoh.txt -f "%U" python3 homework.py > stulog.txt 2>&1 on vdhankar #####
##### Output of failed program (stdout + stderr): #####
Traceback (most recent call last):
  File "homework.py", line 546, in <module>
    print(end-start)
NameError: name 'end' is not defined
##### End of output of failed program #####
##### vdhankar plays [E e3 d4] in 1.52287292480469s #####
##### Running: /usr/lib/jvm/jdk-14.0.1/bin/java -jar /lab/itti/projects/checkers-competition/server/referee.jar on run_19_vdhankar_zizhaoh #####
Move is valid
##### SUCCESS: /usr/lib/jvm/jdk-14.0.1/bin/java -jar /lab/itti/projects/checkers-competition/server/referee.jar on run_19_vdhankar_zizhaoh #####
INPUT for zizhaoh:
GAME
BLACK
263.42
.......b
b.w...b.
.b.b.b.b
b.......
.b.w.w.w
..w...w.
...w.w..
..w.w...
##### Running: /usr/bin/time -o time_19_vdhankar_zizhaoh.txt -f "%U" python3 homework.py > stulog.txt 2>&1 on zizhaoh #####
##### SUCCESS: /usr/bin/time -o time_19_vdhankar_zizhaoh.txt -f "%U" python3 homework.py > stulog.txt 2>&1 on zizhaoh #####
##### zizhaoh plays [E d6 c5 ] in 1.53s #####
##### Running: /usr/lib/jvm/jdk-14.0.1/bin/java -jar /lab/itti/projects/checkers-competition/server/referee.jar on run_19_vdhankar_zizhaoh #####
Move is valid
##### SUCCESS: /usr/lib/jvm/jdk-14.0.1/bin/java -jar /lab/itti/projects/checkers-competition/server/referee.jar on run_19_vdhankar_zizhaoh #####
INPUT for vdhankar:
GAME
WHITE
260.259258508682
.......b
b.w...b.
.b...b.b
b.b.....
.b.w.w.w
..w...w.
...w.w..
..w.w...
##### Running: /usr/bin/time -o time_19_vdhankar_zizhaoh.txt -f "%U" python3 homework.py > stulog.txt 2>&1 on vdhankar #####
child exited with value 1
##### ERROR: /usr/bin/time -o time_19_vdhankar_zizhaoh.txt -f "%U" python3 homework.py > stulog.txt 2>&1 on vdhankar #####
##### Output of failed program (stdout + stderr): #####
Traceback (most recent call last):
  File "homework.py", line 546, in <module>
    print(end-start)
NameError: name 'end' is not defined
##### End of output of failed program #####
##### vdhankar plays [E f2 e3] in 1.38990592956543s #####
##### Running: /usr/lib/jvm/jdk-14.0.1/bin/java -jar /lab/itti/projects/checkers-competition/server/referee.jar on run_19_vdhankar_zizhaoh #####
Move is valid
##### SUCCESS: /usr/lib/jvm/jdk-14.0.1/bin/java -jar /lab/itti/projects/checkers-competition/server/referee.jar on run_19_vdhankar_zizhaoh #####
INPUT for zizhaoh:
GAME
BLACK
261.89
.......b
b.w...b.
.b...b.b
b.b.....
.b.w.w.w
..w.w.w.
...w....
..w.w...
##### Running: /usr/bin/time -o time_19_vdhankar_zizhaoh.txt -f "%U" python3 homework.py > stulog.txt 2>&1 on zizhaoh #####
##### SUCCESS: /usr/bin/time -o time_19_vdhankar_zizhaoh.txt -f "%U" python3 homework.py > stulog.txt 2>&1 on zizhaoh #####
##### zizhaoh plays [E b4 a3 ] in 0.79s #####
##### Running: /usr/lib/jvm/jdk-14.0.1/bin/java -jar /lab/itti/projects/checkers-competition/server/referee.jar on run_19_vdhankar_zizhaoh #####
Move is valid
##### SUCCESS: /usr/lib/jvm/jdk-14.0.1/bin/java -jar /lab/itti/projects/checkers-competition/server/referee.jar on run_19_vdhankar_zizhaoh #####
INPUT for vdhankar:
GAME
WHITE
258.869352579117
.......b
b.w...b.
.b...b.b
b.b.....
...w.w.w
b.w.w.w.
...w....
..w.w...
##### Running: /usr/bin/time -o time_19_vdhankar_zizhaoh.txt -f "%U" python3 homework.py > stulog.txt 2>&1 on vdhankar #####
child exited with value 1
##### ERROR: /usr/bin/time -o time_19_vdhankar_zizhaoh.txt -f "%U" python3 homework.py > stulog.txt 2>&1 on vdhankar #####
##### Output of failed program (stdout + stderr): #####
Traceback (most recent call last):
  File "homework.py", line 546, in <module>
    print(end-start)
NameError: name 'end' is not defined
##### End of output of failed program #####
##### vdhankar plays [E c7 d8] in 1.41902208328247s #####
##### Running: /usr/lib/jvm/jdk-14.0.1/bin/java -jar /lab/itti/projects/checkers-competition/server/referee.jar on run_19_vdhankar_zizhaoh #####
Move is valid
##### SUCCESS: /usr/lib/jvm/jdk-14.0.1/bin/java -jar /lab/itti/projects/checkers-competition/server/referee.jar on run_19_vdhankar_zizhaoh #####
INPUT for zizhaoh:
GAME
BLACK
261.1
...W...b
b.....b.
.b...b.b
b.b.....
...w.w.w
b.w.w.w.
...w....
..w.w...
##### Running: /usr/bin/time -o time_19_vdhankar_zizhaoh.txt -f "%U" python3 homework.py > stulog.txt 2>&1 on zizhaoh #####
##### SUCCESS: /usr/bin/time -o time_19_vdhankar_zizhaoh.txt -f "%U" python3 homework.py > stulog.txt 2>&1 on zizhaoh #####
##### zizhaoh plays [E c5 b4 ] in 1.05s #####
##### Running: /usr/lib/jvm/jdk-14.0.1/bin/java -jar /lab/itti/projects/checkers-competition/server/referee.jar on run_19_vdhankar_zizhaoh #####
Move is valid
##### SUCCESS: /usr/lib/jvm/jdk-14.0.1/bin/java -jar /lab/itti/projects/checkers-competition/server/referee.jar on run_19_vdhankar_zizhaoh #####
INPUT for vdhankar:
GAME
WHITE
257.450330495834
...W...b
b.....b.
.b...b.b
b.......
.b.w.w.w
b.w.w.w.
...w....
..w.w...
##### Running: /usr/bin/time -o time_19_vdhankar_zizhaoh.txt -f "%U" python3 homework.py > stulog.txt 2>&1 on vdhankar #####
child exited with value 1
##### ERROR: /usr/bin/time -o time_19_vdhankar_zizhaoh.txt -f "%U" python3 homework.py > stulog.txt 2>&1 on vdhankar #####
##### Output of failed program (stdout + stderr): #####
Traceback (most recent call last):
  File "homework.py", line 546, in <module>
    print(end-start)
NameError: name 'end' is not defined
##### End of output of failed program #####
##### vdhankar plays [E d8 e7] in 0.777414083480835s #####
##### Running: /usr/lib/jvm/jdk-14.0.1/bin/java -jar /lab/itti/projects/checkers-competition/server/referee.jar on run_19_vdhankar_zizhaoh #####
Move is valid
##### SUCCESS: /usr/lib/jvm/jdk-14.0.1/bin/java -jar /lab/itti/projects/checkers-competition/server/referee.jar on run_19_vdhankar_zizhaoh #####
INPUT for zizhaoh:
GAME
BLACK
260.05
.......b
b...W.b.
.b...b.b
b.......
.b.w.w.w
b.w.w.w.
...w....
..w.w...
##### Running: /usr/bin/time -o time_19_vdhankar_zizhaoh.txt -f "%U" python3 homework.py > stulog.txt 2>&1 on zizhaoh #####
##### SUCCESS: /usr/bin/time -o time_19_vdhankar_zizhaoh.txt -f "%U" python3 homework.py > stulog.txt 2>&1 on zizhaoh #####
##### zizhaoh plays [E b6 c5 ] in 0.38s #####
##### Running: /usr/lib/jvm/jdk-14.0.1/bin/java -jar /lab/itti/projects/checkers-competition/server/referee.jar on run_19_vdhankar_zizhaoh #####
Move is valid
##### SUCCESS: /usr/lib/jvm/jdk-14.0.1/bin/java -jar /lab/itti/projects/checkers-competition/server/referee.jar on run_19_vdhankar_zizhaoh #####
INPUT for vdhankar:
GAME
WHITE
256.672916412354
.......b
b...W.b.
.....b.b
b.b.....
.b.w.w.w
b.w.w.w.
...w....
..w.w...
##### Running: /usr/bin/time -o time_19_vdhankar_zizhaoh.txt -f "%U" python3 homework.py > stulog.txt 2>&1 on vdhankar #####
child exited with value 1
##### ERROR: /usr/bin/time -o time_19_vdhankar_zizhaoh.txt -f "%U" python3 homework.py > stulog.txt 2>&1 on vdhankar #####
##### Output of failed program (stdout + stderr): #####
Traceback (most recent call last):
  File "homework.py", line 546, in <module>
    print(end-start)
NameError: name 'end' is not defined
##### End of output of failed program #####
##### vdhankar plays [J d4 b6] in 0.328948974609375s #####
##### Running: /usr/lib/jvm/jdk-14.0.1/bin/java -jar /lab/itti/projects/checkers-competition/server/referee.jar on run_19_vdhankar_zizhaoh #####
Move is valid
##### SUCCESS: /usr/lib/jvm/jdk-14.0.1/bin/java -jar /lab/itti/projects/checkers-competition/server/referee.jar on run_19_vdhankar_zizhaoh #####
INPUT for zizhaoh:
GAME
BLACK
259.67
.......b
b...W.b.
.w...b.b
b.......
.b...w.w
b.w.w.w.
...w....
..w.w...
##### Running: /usr/bin/time -o time_19_vdhankar_zizhaoh.txt -f "%U" python3 homework.py > stulog.txt 2>&1 on zizhaoh #####
##### SUCCESS: /usr/bin/time -o time_19_vdhankar_zizhaoh.txt -f "%U" python3 homework.py > stulog.txt 2>&1 on zizhaoh #####
##### zizhaoh plays [J a7 c5 ] in 0.04s #####
##### Running: /usr/lib/jvm/jdk-14.0.1/bin/java -jar /lab/itti/projects/checkers-competition/server/referee.jar on run_19_vdhankar_zizhaoh #####
Move is valid
##### SUCCESS: /usr/lib/jvm/jdk-14.0.1/bin/java -jar /lab/itti/projects/checkers-competition/server/referee.jar on run_19_vdhankar_zizhaoh #####
INPUT for vdhankar:
GAME
WHITE
256.343967437744
.......b
....W.b.
.....b.b
b.b.....
.b...w.w
b.w.w.w.
...w....
..w.w...
##### Running: /usr/bin/time -o time_19_vdhankar_zizhaoh.txt -f "%U" python3 homework.py > stulog.txt 2>&1 on vdhankar #####
child exited with value 1
##### ERROR: /usr/bin/time -o time_19_vdhankar_zizhaoh.txt -f "%U" python3 homework.py > stulog.txt 2>&1 on vdhankar #####
##### Output of failed program (stdout + stderr): #####
Traceback (most recent call last):
  File "homework.py", line 546, in <module>
    print(end-start)
NameError: name 'end' is not defined
##### End of output of failed program #####
##### vdhankar plays [J e7 g5] in 0.301421165466309s #####
##### Running: /usr/lib/jvm/jdk-14.0.1/bin/java -jar /lab/itti/projects/checkers-competition/server/referee.jar on run_19_vdhankar_zizhaoh #####
Move is valid
##### SUCCESS: /usr/lib/jvm/jdk-14.0.1/bin/java -jar /lab/itti/projects/checkers-competition/server/referee.jar on run_19_vdhankar_zizhaoh #####
INPUT for zizhaoh:
GAME
BLACK
259.63
.......b
......b.
.......b
b.b...W.
.b...w.w
b.w.w.w.
...w....
..w.w...
##### Running: /usr/bin/time -o time_19_vdhankar_zizhaoh.txt -f "%U" python3 homework.py > stulog.txt 2>&1 on zizhaoh #####
##### SUCCESS: /usr/bin/time -o time_19_vdhankar_zizhaoh.txt -f "%U" python3 homework.py > stulog.txt 2>&1 on zizhaoh #####
##### zizhaoh plays [E g7 f6 ] in 0.21s #####
##### Running: /usr/lib/jvm/jdk-14.0.1/bin/java -jar /lab/itti/projects/checkers-competition/server/referee.jar on run_19_vdhankar_zizhaoh #####
Move is valid
##### SUCCESS: /usr/lib/jvm/jdk-14.0.1/bin/java -jar /lab/itti/projects/checkers-competition/server/referee.jar on run_19_vdhankar_zizhaoh #####
INPUT for vdhankar:
GAME
WHITE
256.042546272278
.......b
........
.....b.b
b.b...W.
.b...w.w
b.w.w.w.
...w....
..w.w...
##### Running: /usr/bin/time -o time_19_vdhankar_zizhaoh.txt -f "%U" python3 homework.py > stulog.txt 2>&1 on vdhankar #####
child exited with value 1
##### ERROR: /usr/bin/time -o time_19_vdhankar_zizhaoh.txt -f "%U" python3 homework.py > stulog.txt 2>&1 on vdhankar #####
##### Output of failed program (stdout + stderr): #####
Traceback (most recent call last):
  File "homework.py", line 546, in <module>
    print(end-start)
NameError: name 'end' is not defined
##### End of output of failed program #####
##### vdhankar plays [J g5 e7] in 0.600136041641235s #####
##### Running: /usr/lib/jvm/jdk-14.0.1/bin/java -jar /lab/itti/projects/checkers-competition/server/referee.jar on run_19_vdhankar_zizhaoh #####
Move is valid
##### SUCCESS: /usr/lib/jvm/jdk-14.0.1/bin/java -jar /lab/itti/projects/checkers-competition/server/referee.jar on run_19_vdhankar_zizhaoh #####
INPUT for zizhaoh:
GAME
BLACK
259.42
.......b
....W...
.......b
b.b.....
.b...w.w
b.w.w.w.
...w....
..w.w...
##### Running: /usr/bin/time -o time_19_vdhankar_zizhaoh.txt -f "%U" python3 homework.py > stulog.txt 2>&1 on zizhaoh #####
##### SUCCESS: /usr/bin/time -o time_19_vdhankar_zizhaoh.txt -f "%U" python3 homework.py > stulog.txt 2>&1 on zizhaoh #####
##### zizhaoh plays [E h8 g7 ] in 0.67s #####
##### Running: /usr/lib/jvm/jdk-14.0.1/bin/java -jar /lab/itti/projects/checkers-competition/server/referee.jar on run_19_vdhankar_zizhaoh #####
Move is valid
##### SUCCESS: /usr/lib/jvm/jdk-14.0.1/bin/java -jar /lab/itti/projects/checkers-competition/server/referee.jar on run_19_vdhankar_zizhaoh #####
INPUT for vdhankar:
GAME
WHITE
255.442410230637
........
....W.b.
.......b
b.b.....
.b...w.w
b.w.w.w.
...w....
..w.w...
##### Running: /usr/bin/time -o time_19_vdhankar_zizhaoh.txt -f "%U" python3 homework.py > stulog.txt 2>&1 on vdhankar #####
child exited with value 1
##### ERROR: /usr/bin/time -o time_19_vdhankar_zizhaoh.txt -f "%U" python3 homework.py > stulog.txt 2>&1 on vdhankar #####
##### Output of failed program (stdout + stderr): #####
Traceback (most recent call last):
  File "homework.py", line 546, in <module>
    print(end-start)
NameError: name 'end' is not defined
##### End of output of failed program #####
##### vdhankar plays [E e1 f2] in 1.02082395553589s #####
##### Running: /usr/lib/jvm/jdk-14.0.1/bin/java -jar /lab/itti/projects/checkers-competition/server/referee.jar on run_19_vdhankar_zizhaoh #####
Move is valid
##### SUCCESS: /usr/lib/jvm/jdk-14.0.1/bin/java -jar /lab/itti/projects/checkers-competition/server/referee.jar on run_19_vdhankar_zizhaoh #####
INPUT for zizhaoh:
GAME
BLACK
258.75
........
....W.b.
.......b
b.b.....
.b...w.w
b.w.w.w.
...w.w..
..w.....
##### Running: /usr/bin/time -o time_19_vdhankar_zizhaoh.txt -f "%U" python3 homework.py > stulog.txt 2>&1 on zizhaoh #####
##### SUCCESS: /usr/bin/time -o time_19_vdhankar_zizhaoh.txt -f "%U" python3 homework.py > stulog.txt 2>&1 on zizhaoh #####
##### zizhaoh plays [E g7 f6 ] in 0.11s #####
##### Running: /usr/lib/jvm/jdk-14.0.1/bin/java -jar /lab/itti/projects/checkers-competition/server/referee.jar on run_19_vdhankar_zizhaoh #####
Move is valid
##### SUCCESS: /usr/lib/jvm/jdk-14.0.1/bin/java -jar /lab/itti/projects/checkers-competition/server/referee.jar on run_19_vdhankar_zizhaoh #####
INPUT for vdhankar:
GAME
WHITE
254.421586275101
........
....W...
.....b.b
b.b.....
.b...w.w
b.w.w.w.
...w.w..
..w.....
##### Running: /usr/bin/time -o time_19_vdhankar_zizhaoh.txt -f "%U" python3 homework.py > stulog.txt 2>&1 on vdhankar #####
child exited with value 1
##### ERROR: /usr/bin/time -o time_19_vdhankar_zizhaoh.txt -f "%U" python3 homework.py > stulog.txt 2>&1 on vdhankar #####
##### Output of failed program (stdout + stderr): #####
Traceback (most recent call last):
  File "homework.py", line 546, in <module>
    print(end-start)
NameError: name 'end' is not defined
##### End of output of failed program #####
##### vdhankar plays [J e7 g5] in 0.220546960830688s #####
##### Running: /usr/lib/jvm/jdk-14.0.1/bin/java -jar /lab/itti/projects/checkers-competition/server/referee.jar on run_19_vdhankar_zizhaoh #####
Move is valid
##### SUCCESS: /usr/lib/jvm/jdk-14.0.1/bin/java -jar /lab/itti/projects/checkers-competition/server/referee.jar on run_19_vdhankar_zizhaoh #####
INPUT for zizhaoh:
GAME
BLACK
258.64
........
........
.......b
b.b...W.
.b...w.w
b.w.w.w.
...w.w..
..w.....
##### Running: /usr/bin/time -o time_19_vdhankar_zizhaoh.txt -f "%U" python3 homework.py > stulog.txt 2>&1 on zizhaoh #####
##### SUCCESS: /usr/bin/time -o time_19_vdhankar_zizhaoh.txt -f "%U" python3 homework.py > stulog.txt 2>&1 on zizhaoh #####
##### zizhaoh plays [E c5 d4 ] in 0.05s #####
##### Running: /usr/lib/jvm/jdk-14.0.1/bin/java -jar /lab/itti/projects/checkers-competition/server/referee.jar on run_19_vdhankar_zizhaoh #####
Move is valid
##### SUCCESS: /usr/lib/jvm/jdk-14.0.1/bin/java -jar /lab/itti/projects/checkers-competition/server/referee.jar on run_19_vdhankar_zizhaoh #####
INPUT for vdhankar:
GAME
WHITE
254.20103931427
........
........
.......b
b.....W.
.b.b.w.w
b.w.w.w.
...w.w..
..w.....
##### Running: /usr/bin/time -o time_19_vdhankar_zizhaoh.txt -f "%U" python3 homework.py > stulog.txt 2>&1 on vdhankar #####
child exited with value 1
##### ERROR: /usr/bin/time -o time_19_vdhankar_zizhaoh.txt -f "%U" python3 homework.py > stulog.txt 2>&1 on vdhankar #####
##### Output of failed program (stdout + stderr): #####
Traceback (most recent call last):
  File "homework.py", line 546, in <module>
    print(end-start)
NameError: name 'end' is not defined
##### End of output of failed program #####
##### vdhankar plays [J e3 c5] in 0.230455875396729s #####
##### Running: /usr/lib/jvm/jdk-14.0.1/bin/java -jar /lab/itti/projects/checkers-competition/server/referee.jar on run_19_vdhankar_zizhaoh #####
Move is valid
##### SUCCESS: /usr/lib/jvm/jdk-14.0.1/bin/java -jar /lab/itti/projects/checkers-competition/server/referee.jar on run_19_vdhankar_zizhaoh #####
INPUT for zizhaoh:
GAME
BLACK
258.59
........
........
.......b
b.w...W.
.b...w.w
b.w...w.
...w.w..
..w.....
##### Running: /usr/bin/time -o time_19_vdhankar_zizhaoh.txt -f "%U" python3 homework.py > stulog.txt 2>&1 on zizhaoh #####
##### SUCCESS: /usr/bin/time -o time_19_vdhankar_zizhaoh.txt -f "%U" python3 homework.py > stulog.txt 2>&1 on zizhaoh #####
##### zizhaoh plays [E a3 b2 ] in 0.03s #####
##### Running: /usr/lib/jvm/jdk-14.0.1/bin/java -jar /lab/itti/projects/checkers-competition/server/referee.jar on run_19_vdhankar_zizhaoh #####
Move is valid
##### SUCCESS: /usr/lib/jvm/jdk-14.0.1/bin/java -jar /lab/itti/projects/checkers-competition/server/referee.jar on run_19_vdhankar_zizhaoh #####
INPUT for vdhankar:
GAME
WHITE
253.970583438873
........
........
.......b
b.w...W.
.b...w.w
..w...w.
.b.w.w..
..w.....
##### Running: /usr/bin/time -o time_19_vdhankar_zizhaoh.txt -f "%U" python3 homework.py > stulog.txt 2>&1 on vdhankar #####
child exited with value 1
##### ERROR: /usr/bin/time -o time_19_vdhankar_zizhaoh.txt -f "%U" python3 homework.py > stulog.txt 2>&1 on vdhankar #####
##### Output of failed program (stdout + stderr): #####
Traceback (most recent call last):
  File "homework.py", line 546, in <module>
    print(end-start)
NameError: name 'end' is not defined
##### End of output of failed program #####
##### vdhankar plays [J c1 a3] in 0.212504863739014s #####
##### Running: /usr/lib/jvm/jdk-14.0.1/bin/java -jar /lab/itti/projects/checkers-competition/server/referee.jar on run_19_vdhankar_zizhaoh #####
Move is valid
After this move, player BLACK cannot make any moves
*** Winner: WHITE ***
##### SUCCESS: /usr/lib/jvm/jdk-14.0.1/bin/java -jar /lab/itti/projects/checkers-competition/server/referee.jar on run_19_vdhankar_zizhaoh #####
##### GAME OVER: vdhankar wins the game! #####
Server said: WIN
########## ROUND 19 GAMESCORE AFTER GAME 4: vdhankar=2 and zizhaoh=2 ##########


########## TIE ON ROUND 19 - BOTH PLAYERS ADVANCE TO NEXT ROUND ##########
