#################### ROUND 19: tyang863 (W) vs vdhankar (B): game 1 ####################
##### game start! #####
INPUT for vdhankar:
GAME
BLACK
300
.b.b.b.b
b.b.b.b.
.b.b.b.b
........
........
w.w.w.w.
.w.w.w.w
w.w.w.w.
##### Running: /usr/bin/time -o time_19_tyang863_vdhankar.txt -f "%U" python3 homework.py > stulog.txt 2>&1 on vdhankar #####
child exited with value 1
##### ERROR: /usr/bin/time -o time_19_tyang863_vdhankar.txt -f "%U" python3 homework.py > stulog.txt 2>&1 on vdhankar #####
##### Output of failed program (stdout + stderr): #####
Traceback (most recent call last):
  File "homework.py", line 546, in <module>
    print(end-start)
NameError: name 'end' is not defined
##### End of output of failed program #####
##### vdhankar plays [E h6 g5] in 12.4819982051849s #####
##### Running: /usr/lib/jvm/jdk-14.0.1/bin/java -jar /lab/itti/projects/checkers-competition/server/referee.jar on run_19_tyang863_vdhankar #####
Move is valid
Couldn't read file 'current_ply.txt'
Couldn't read content from file 'current_ply.txt'
Couldn't read file 'lastmatchange_ply.txt'
Couldn't read content from file 'lastmatchange_ply.txt'
##### SUCCESS: /usr/lib/jvm/jdk-14.0.1/bin/java -jar /lab/itti/projects/checkers-competition/server/referee.jar on run_19_tyang863_vdhankar #####
INPUT for tyang863:
GAME
WHITE
300
.b.b.b.b
b.b.b.b.
.b.b.b..
......b.
........
w.w.w.w.
.w.w.w.w
w.w.w.w.
##### Running: /usr/bin/time -o time_19_tyang863_vdhankar.txt -f "%U" ./homework > stulog.txt 2>&1 on tyang863 #####
##### SUCCESS: /usr/bin/time -o time_19_tyang863_vdhankar.txt -f "%U" ./homework > stulog.txt 2>&1 on tyang863 #####
##### tyang863 plays [E g3 f4] in 0.0319340229034424s #####
##### Running: /usr/lib/jvm/jdk-14.0.1/bin/java -jar /lab/itti/projects/checkers-competition/server/referee.jar on run_19_tyang863_vdhankar #####
Move is valid
##### SUCCESS: /usr/lib/jvm/jdk-14.0.1/bin/java -jar /lab/itti/projects/checkers-competition/server/referee.jar on run_19_tyang863_vdhankar #####
INPUT for vdhankar:
GAME
BLACK
287.518001794815
.b.b.b.b
b.b.b.b.
.b.b.b..
......b.
.....w..
w.w.w...
.w.w.w.w
w.w.w.w.
##### Running: /usr/bin/time -o time_19_tyang863_vdhankar.txt -f "%U" python3 homework.py > stulog.txt 2>&1 on vdhankar #####
child exited with value 1
##### ERROR: /usr/bin/time -o time_19_tyang863_vdhankar.txt -f "%U" python3 homework.py > stulog.txt 2>&1 on vdhankar #####
##### Output of failed program (stdout + stderr): #####
Traceback (most recent call last):
  File "homework.py", line 546, in <module>
    print(end-start)
NameError: name 'end' is not defined
##### End of output of failed program #####
##### vdhankar plays [E g5 h4] in 9.74267292022705s #####
##### Running: /usr/lib/jvm/jdk-14.0.1/bin/java -jar /lab/itti/projects/checkers-competition/server/referee.jar on run_19_tyang863_vdhankar #####
Move is valid
##### SUCCESS: /usr/lib/jvm/jdk-14.0.1/bin/java -jar /lab/itti/projects/checkers-competition/server/referee.jar on run_19_tyang863_vdhankar #####
INPUT for tyang863:
GAME
WHITE
299.968065977097
.b.b.b.b
b.b.b.b.
.b.b.b..
........
.....w.b
w.w.w...
.w.w.w.w
w.w.w.w.
##### Running: /usr/bin/time -o time_19_tyang863_vdhankar.txt -f "%U" ./homework > stulog.txt 2>&1 on tyang863 #####
##### SUCCESS: /usr/bin/time -o time_19_tyang863_vdhankar.txt -f "%U" ./homework > stulog.txt 2>&1 on tyang863 #####
##### tyang863 plays [E e3 d4] in 0.01s #####
##### Running: /usr/lib/jvm/jdk-14.0.1/bin/java -jar /lab/itti/projects/checkers-competition/server/referee.jar on run_19_tyang863_vdhankar #####
Move is valid
##### SUCCESS: /usr/lib/jvm/jdk-14.0.1/bin/java -jar /lab/itti/projects/checkers-competition/server/referee.jar on run_19_tyang863_vdhankar #####
INPUT for vdhankar:
GAME
BLACK
277.775328874588
.b.b.b.b
b.b.b.b.
.b.b.b..
........
...w.w.b
w.w.....
.w.w.w.w
w.w.w.w.
##### Running: /usr/bin/time -o time_19_tyang863_vdhankar.txt -f "%U" python3 homework.py > stulog.txt 2>&1 on vdhankar #####
child exited with value 1
##### ERROR: /usr/bin/time -o time_19_tyang863_vdhankar.txt -f "%U" python3 homework.py > stulog.txt 2>&1 on vdhankar #####
##### Output of failed program (stdout + stderr): #####
Traceback (most recent call last):
  File "homework.py", line 546, in <module>
    print(end-start)
NameError: name 'end' is not defined
##### End of output of failed program #####
##### vdhankar plays [E f6 e5] in 7.08310103416443s #####
##### Running: /usr/lib/jvm/jdk-14.0.1/bin/java -jar /lab/itti/projects/checkers-competition/server/referee.jar on run_19_tyang863_vdhankar #####
Move is valid
##### SUCCESS: /usr/lib/jvm/jdk-14.0.1/bin/java -jar /lab/itti/projects/checkers-competition/server/referee.jar on run_19_tyang863_vdhankar #####
INPUT for tyang863:
GAME
WHITE
299.958065977097
.b.b.b.b
b.b.b.b.
.b.b....
....b...
...w.w.b
w.w.....
.w.w.w.w
w.w.w.w.
##### Running: /usr/bin/time -o time_19_tyang863_vdhankar.txt -f "%U" ./homework > stulog.txt 2>&1 on tyang863 #####
##### SUCCESS: /usr/bin/time -o time_19_tyang863_vdhankar.txt -f "%U" ./homework > stulog.txt 2>&1 on tyang863 #####
##### tyang863 plays [J d4 f6] in 0.0420739650726318s #####
##### Running: /usr/lib/jvm/jdk-14.0.1/bin/java -jar /lab/itti/projects/checkers-competition/server/referee.jar on run_19_tyang863_vdhankar #####
Move is valid
##### SUCCESS: /usr/lib/jvm/jdk-14.0.1/bin/java -jar /lab/itti/projects/checkers-competition/server/referee.jar on run_19_tyang863_vdhankar #####
INPUT for vdhankar:
GAME
BLACK
270.692227840424
.b.b.b.b
b.b.b.b.
.b.b.w..
........
.....w.b
w.w.....
.w.w.w.w
w.w.w.w.
##### Running: /usr/bin/time -o time_19_tyang863_vdhankar.txt -f "%U" python3 homework.py > stulog.txt 2>&1 on vdhankar #####
child exited with value 1
##### ERROR: /usr/bin/time -o time_19_tyang863_vdhankar.txt -f "%U" python3 homework.py > stulog.txt 2>&1 on vdhankar #####
##### Output of failed program (stdout + stderr): #####
Traceback (most recent call last):
  File "homework.py", line 546, in <module>
    print(end-start)
NameError: name 'end' is not defined
##### End of output of failed program #####
##### vdhankar plays [J g7 e5 ; J e5 g3] in 9.78003621101379s #####
##### Running: /usr/lib/jvm/jdk-14.0.1/bin/java -jar /lab/itti/projects/checkers-competition/server/referee.jar on run_19_tyang863_vdhankar #####
Move is valid
##### SUCCESS: /usr/lib/jvm/jdk-14.0.1/bin/java -jar /lab/itti/projects/checkers-competition/server/referee.jar on run_19_tyang863_vdhankar #####
INPUT for tyang863:
GAME
WHITE
299.915992012024
.b.b.b.b
b.b.b...
.b.b....
........
.......b
w.w...b.
.w.w.w.w
w.w.w.w.
##### Running: /usr/bin/time -o time_19_tyang863_vdhankar.txt -f "%U" ./homework > stulog.txt 2>&1 on tyang863 #####
##### SUCCESS: /usr/bin/time -o time_19_tyang863_vdhankar.txt -f "%U" ./homework > stulog.txt 2>&1 on tyang863 #####
##### tyang863 plays [J h2 f4] in 0.0448949337005615s #####
##### Running: /usr/lib/jvm/jdk-14.0.1/bin/java -jar /lab/itti/projects/checkers-competition/server/referee.jar on run_19_tyang863_vdhankar #####
Move is valid
##### SUCCESS: /usr/lib/jvm/jdk-14.0.1/bin/java -jar /lab/itti/projects/checkers-competition/server/referee.jar on run_19_tyang863_vdhankar #####
INPUT for vdhankar:
GAME
BLACK
260.91219162941
.b.b.b.b
b.b.b...
.b.b....
........
.....w.b
w.w.....
.w.w.w..
w.w.w.w.
##### Running: /usr/bin/time -o time_19_tyang863_vdhankar.txt -f "%U" python3 homework.py > stulog.txt 2>&1 on vdhankar #####
child exited with value 1
##### ERROR: /usr/bin/time -o time_19_tyang863_vdhankar.txt -f "%U" python3 homework.py > stulog.txt 2>&1 on vdhankar #####
##### Output of failed program (stdout + stderr): #####
Traceback (most recent call last):
  File "homework.py", line 546, in <module>
    print(end-start)
NameError: name 'end' is not defined
##### End of output of failed program #####
##### vdhankar plays [E b6 c5] in 32.8345460891724s #####
##### Running: /usr/lib/jvm/jdk-14.0.1/bin/java -jar /lab/itti/projects/checkers-competition/server/referee.jar on run_19_tyang863_vdhankar #####
Move is valid
##### SUCCESS: /usr/lib/jvm/jdk-14.0.1/bin/java -jar /lab/itti/projects/checkers-competition/server/referee.jar on run_19_tyang863_vdhankar #####
INPUT for tyang863:
GAME
WHITE
299.871097078323
.b.b.b.b
b.b.b...
...b....
..b.....
.....w.b
w.w.....
.w.w.w..
w.w.w.w.
##### Running: /usr/bin/time -o time_19_tyang863_vdhankar.txt -f "%U" ./homework > stulog.txt 2>&1 on tyang863 #####
##### SUCCESS: /usr/bin/time -o time_19_tyang863_vdhankar.txt -f "%U" ./homework > stulog.txt 2>&1 on tyang863 #####
##### tyang863 plays [E c3 b4] in 0.01s #####
##### Running: /usr/lib/jvm/jdk-14.0.1/bin/java -jar /lab/itti/projects/checkers-competition/server/referee.jar on run_19_tyang863_vdhankar #####
Move is valid
##### SUCCESS: /usr/lib/jvm/jdk-14.0.1/bin/java -jar /lab/itti/projects/checkers-competition/server/referee.jar on run_19_tyang863_vdhankar #####
INPUT for vdhankar:
GAME
BLACK
228.077645540237
.b.b.b.b
b.b.b...
...b....
..b.....
.w...w.b
w.......
.w.w.w..
w.w.w.w.
##### Running: /usr/bin/time -o time_19_tyang863_vdhankar.txt -f "%U" python3 homework.py > stulog.txt 2>&1 on vdhankar #####
child exited with value 1
##### ERROR: /usr/bin/time -o time_19_tyang863_vdhankar.txt -f "%U" python3 homework.py > stulog.txt 2>&1 on vdhankar #####
##### Output of failed program (stdout + stderr): #####
Traceback (most recent call last):
  File "homework.py", line 546, in <module>
    print(end-start)
NameError: name 'end' is not defined
##### End of output of failed program #####
##### vdhankar plays [E d6 e5] in 31.6376588344574s #####
##### Running: /usr/lib/jvm/jdk-14.0.1/bin/java -jar /lab/itti/projects/checkers-competition/server/referee.jar on run_19_tyang863_vdhankar #####
Move is valid
##### SUCCESS: /usr/lib/jvm/jdk-14.0.1/bin/java -jar /lab/itti/projects/checkers-competition/server/referee.jar on run_19_tyang863_vdhankar #####
INPUT for tyang863:
GAME
WHITE
299.861097078323
.b.b.b.b
b.b.b...
........
..b.b...
.w...w.b
w.......
.w.w.w..
w.w.w.w.
##### Running: /usr/bin/time -o time_19_tyang863_vdhankar.txt -f "%U" ./homework > stulog.txt 2>&1 on tyang863 #####
##### SUCCESS: /usr/bin/time -o time_19_tyang863_vdhankar.txt -f "%U" ./homework > stulog.txt 2>&1 on tyang863 #####
##### tyang863 plays [J f4 d6] in 0.0153398513793945s #####
##### Running: /usr/lib/jvm/jdk-14.0.1/bin/java -jar /lab/itti/projects/checkers-competition/server/referee.jar on run_19_tyang863_vdhankar #####
Move is valid
##### SUCCESS: /usr/lib/jvm/jdk-14.0.1/bin/java -jar /lab/itti/projects/checkers-competition/server/referee.jar on run_19_tyang863_vdhankar #####
INPUT for vdhankar:
GAME
BLACK
196.43998670578
.b.b.b.b
b.b.b...
...w....
..b.....
.w.....b
w.......
.w.w.w..
w.w.w.w.
##### Running: /usr/bin/time -o time_19_tyang863_vdhankar.txt -f "%U" python3 homework.py > stulog.txt 2>&1 on vdhankar #####
child exited with value 1
##### ERROR: /usr/bin/time -o time_19_tyang863_vdhankar.txt -f "%U" python3 homework.py > stulog.txt 2>&1 on vdhankar #####
##### Output of failed program (stdout + stderr): #####
Traceback (most recent call last):
  File "homework.py", line 546, in <module>
    print(end-start)
NameError: name 'end' is not defined
##### End of output of failed program #####
##### vdhankar plays [J c7 e5] in 1.01618599891663s #####
##### Running: /usr/lib/jvm/jdk-14.0.1/bin/java -jar /lab/itti/projects/checkers-competition/server/referee.jar on run_19_tyang863_vdhankar #####
Move is valid
##### SUCCESS: /usr/lib/jvm/jdk-14.0.1/bin/java -jar /lab/itti/projects/checkers-competition/server/referee.jar on run_19_tyang863_vdhankar #####
INPUT for tyang863:
GAME
WHITE
299.845757226944
.b.b.b.b
b...b...
........
..b.b...
.w.....b
w.......
.w.w.w..
w.w.w.w.
##### Running: /usr/bin/time -o time_19_tyang863_vdhankar.txt -f "%U" ./homework > stulog.txt 2>&1 on tyang863 #####
##### SUCCESS: /usr/bin/time -o time_19_tyang863_vdhankar.txt -f "%U" ./homework > stulog.txt 2>&1 on tyang863 #####
##### tyang863 plays [J b4 d6] in 0.02s #####
##### Running: /usr/lib/jvm/jdk-14.0.1/bin/java -jar /lab/itti/projects/checkers-competition/server/referee.jar on run_19_tyang863_vdhankar #####
Move is valid
##### SUCCESS: /usr/lib/jvm/jdk-14.0.1/bin/java -jar /lab/itti/projects/checkers-competition/server/referee.jar on run_19_tyang863_vdhankar #####
INPUT for vdhankar:
GAME
BLACK
195.423800706863
.b.b.b.b
b...b...
...w....
....b...
.......b
w.......
.w.w.w..
w.w.w.w.
##### Running: /usr/bin/time -o time_19_tyang863_vdhankar.txt -f "%U" python3 homework.py > stulog.txt 2>&1 on vdhankar #####
child exited with value 1
##### ERROR: /usr/bin/time -o time_19_tyang863_vdhankar.txt -f "%U" python3 homework.py > stulog.txt 2>&1 on vdhankar #####
##### Output of failed program (stdout + stderr): #####
Traceback (most recent call last):
  File "homework.py", line 546, in <module>
    print(end-start)
NameError: name 'end' is not defined
##### End of output of failed program #####
##### vdhankar plays [J e7 c5] in 5.19992089271545s #####
##### Running: /usr/lib/jvm/jdk-14.0.1/bin/java -jar /lab/itti/projects/checkers-competition/server/referee.jar on run_19_tyang863_vdhankar #####
Move is valid
##### SUCCESS: /usr/lib/jvm/jdk-14.0.1/bin/java -jar /lab/itti/projects/checkers-competition/server/referee.jar on run_19_tyang863_vdhankar #####
INPUT for tyang863:
GAME
WHITE
299.825757226944
.b.b.b.b
b.......
........
..b.b...
.......b
w.......
.w.w.w..
w.w.w.w.
##### Running: /usr/bin/time -o time_19_tyang863_vdhankar.txt -f "%U" ./homework > stulog.txt 2>&1 on tyang863 #####
##### SUCCESS: /usr/bin/time -o time_19_tyang863_vdhankar.txt -f "%U" ./homework > stulog.txt 2>&1 on tyang863 #####
##### tyang863 plays [E d2 c3] in 0.24s #####
##### Running: /usr/lib/jvm/jdk-14.0.1/bin/java -jar /lab/itti/projects/checkers-competition/server/referee.jar on run_19_tyang863_vdhankar #####
Move is valid
##### SUCCESS: /usr/lib/jvm/jdk-14.0.1/bin/java -jar /lab/itti/projects/checkers-competition/server/referee.jar on run_19_tyang863_vdhankar #####
INPUT for vdhankar:
GAME
BLACK
190.223879814148
.b.b.b.b
b.......
........
..b.b...
.......b
w.w.....
.w...w..
w.w.w.w.
##### Running: /usr/bin/time -o time_19_tyang863_vdhankar.txt -f "%U" python3 homework.py > stulog.txt 2>&1 on vdhankar #####
child exited with value 1
##### ERROR: /usr/bin/time -o time_19_tyang863_vdhankar.txt -f "%U" python3 homework.py > stulog.txt 2>&1 on vdhankar #####
##### Output of failed program (stdout + stderr): #####
Traceback (most recent call last):
  File "homework.py", line 546, in <module>
    print(end-start)
NameError: name 'end' is not defined
##### End of output of failed program #####
##### vdhankar plays [E a7 b6] in 27.9057919979095s #####
##### Running: /usr/lib/jvm/jdk-14.0.1/bin/java -jar /lab/itti/projects/checkers-competition/server/referee.jar on run_19_tyang863_vdhankar #####
Move is valid
##### SUCCESS: /usr/lib/jvm/jdk-14.0.1/bin/java -jar /lab/itti/projects/checkers-competition/server/referee.jar on run_19_tyang863_vdhankar #####
INPUT for tyang863:
GAME
WHITE
299.585757226944
.b.b.b.b
........
.b......
..b.b...
.......b
w.w.....
.w...w..
w.w.w.w.
##### Running: /usr/bin/time -o time_19_tyang863_vdhankar.txt -f "%U" ./homework > stulog.txt 2>&1 on tyang863 #####
##### SUCCESS: /usr/bin/time -o time_19_tyang863_vdhankar.txt -f "%U" ./homework > stulog.txt 2>&1 on tyang863 #####
##### tyang863 plays [E c3 d4] in 0.13s #####
##### Running: /usr/lib/jvm/jdk-14.0.1/bin/java -jar /lab/itti/projects/checkers-competition/server/referee.jar on run_19_tyang863_vdhankar #####
Move is valid
##### SUCCESS: /usr/lib/jvm/jdk-14.0.1/bin/java -jar /lab/itti/projects/checkers-competition/server/referee.jar on run_19_tyang863_vdhankar #####
INPUT for vdhankar:
GAME
BLACK
162.318087816238
.b.b.b.b
........
.b......
..b.b...
...w...b
w.......
.w...w..
w.w.w.w.
##### Running: /usr/bin/time -o time_19_tyang863_vdhankar.txt -f "%U" python3 homework.py > stulog.txt 2>&1 on vdhankar #####
child exited with value 1
##### ERROR: /usr/bin/time -o time_19_tyang863_vdhankar.txt -f "%U" python3 homework.py > stulog.txt 2>&1 on vdhankar #####
##### Output of failed program (stdout + stderr): #####
Traceback (most recent call last):
  File "homework.py", line 546, in <module>
    print(end-start)
NameError: name 'end' is not defined
##### End of output of failed program #####
##### vdhankar plays [J e5 c3] in 2.10119795799255s #####
##### Running: /usr/lib/jvm/jdk-14.0.1/bin/java -jar /lab/itti/projects/checkers-competition/server/referee.jar on run_19_tyang863_vdhankar #####
Move is valid
##### SUCCESS: /usr/lib/jvm/jdk-14.0.1/bin/java -jar /lab/itti/projects/checkers-competition/server/referee.jar on run_19_tyang863_vdhankar #####
INPUT for tyang863:
GAME
WHITE
299.455757226944
.b.b.b.b
........
.b......
..b.....
.......b
w.b.....
.w...w..
w.w.w.w.
##### Running: /usr/bin/time -o time_19_tyang863_vdhankar.txt -f "%U" ./homework > stulog.txt 2>&1 on tyang863 #####
##### SUCCESS: /usr/bin/time -o time_19_tyang863_vdhankar.txt -f "%U" ./homework > stulog.txt 2>&1 on tyang863 #####
##### tyang863 plays [J b2 d4] in 0.0193979740142822s #####
##### Running: /usr/lib/jvm/jdk-14.0.1/bin/java -jar /lab/itti/projects/checkers-competition/server/referee.jar on run_19_tyang863_vdhankar #####
Move is valid
##### SUCCESS: /usr/lib/jvm/jdk-14.0.1/bin/java -jar /lab/itti/projects/checkers-competition/server/referee.jar on run_19_tyang863_vdhankar #####
INPUT for vdhankar:
GAME
BLACK
160.216889858246
.b.b.b.b
........
.b......
..b.....
...w...b
w.......
.....w..
w.w.w.w.
##### Running: /usr/bin/time -o time_19_tyang863_vdhankar.txt -f "%U" python3 homework.py > stulog.txt 2>&1 on vdhankar #####
child exited with value 1
##### ERROR: /usr/bin/time -o time_19_tyang863_vdhankar.txt -f "%U" python3 homework.py > stulog.txt 2>&1 on vdhankar #####
##### Output of failed program (stdout + stderr): #####
Traceback (most recent call last):
  File "homework.py", line 546, in <module>
    print(end-start)
NameError: name 'end' is not defined
##### End of output of failed program #####
##### vdhankar plays [J c5 e3] in 6.50036287307739s #####
##### Running: /usr/lib/jvm/jdk-14.0.1/bin/java -jar /lab/itti/projects/checkers-competition/server/referee.jar on run_19_tyang863_vdhankar #####
Move is valid
##### SUCCESS: /usr/lib/jvm/jdk-14.0.1/bin/java -jar /lab/itti/projects/checkers-competition/server/referee.jar on run_19_tyang863_vdhankar #####
INPUT for tyang863:
GAME
WHITE
299.43635925293
.b.b.b.b
........
.b......
........
.......b
w...b...
.....w..
w.w.w.w.
##### Running: /usr/bin/time -o time_19_tyang863_vdhankar.txt -f "%U" ./homework > stulog.txt 2>&1 on tyang863 #####
##### SUCCESS: /usr/bin/time -o time_19_tyang863_vdhankar.txt -f "%U" ./homework > stulog.txt 2>&1 on tyang863 #####
##### tyang863 plays [J f2 d4] in 0.03s #####
##### Running: /usr/lib/jvm/jdk-14.0.1/bin/java -jar /lab/itti/projects/checkers-competition/server/referee.jar on run_19_tyang863_vdhankar #####
Move is valid
##### SUCCESS: /usr/lib/jvm/jdk-14.0.1/bin/java -jar /lab/itti/projects/checkers-competition/server/referee.jar on run_19_tyang863_vdhankar #####
INPUT for vdhankar:
GAME
BLACK
153.716526985168
.b.b.b.b
........
.b......
........
...w...b
w.......
........
w.w.w.w.
##### Running: /usr/bin/time -o time_19_tyang863_vdhankar.txt -f "%U" python3 homework.py > stulog.txt 2>&1 on vdhankar #####
child exited with value 1
##### ERROR: /usr/bin/time -o time_19_tyang863_vdhankar.txt -f "%U" python3 homework.py > stulog.txt 2>&1 on vdhankar #####
##### Output of failed program (stdout + stderr): #####
Traceback (most recent call last):
  File "homework.py", line 546, in <module>
    print(end-start)
NameError: name 'end' is not defined
##### End of output of failed program #####
##### vdhankar plays [E b6 a5] in 76.5832209587097s #####
##### Running: /usr/lib/jvm/jdk-14.0.1/bin/java -jar /lab/itti/projects/checkers-competition/server/referee.jar on run_19_tyang863_vdhankar #####
Move is valid
##### SUCCESS: /usr/lib/jvm/jdk-14.0.1/bin/java -jar /lab/itti/projects/checkers-competition/server/referee.jar on run_19_tyang863_vdhankar #####
INPUT for tyang863:
GAME
WHITE
299.40635925293
.b.b.b.b
........
........
b.......
...w...b
w.......
........
w.w.w.w.
##### Running: /usr/bin/time -o time_19_tyang863_vdhankar.txt -f "%U" ./homework > stulog.txt 2>&1 on tyang863 #####
##### SUCCESS: /usr/bin/time -o time_19_tyang863_vdhankar.txt -f "%U" ./homework > stulog.txt 2>&1 on tyang863 #####
##### tyang863 plays [E g1 f2] in 0.15s #####
##### Running: /usr/lib/jvm/jdk-14.0.1/bin/java -jar /lab/itti/projects/checkers-competition/server/referee.jar on run_19_tyang863_vdhankar #####
Move is valid
##### SUCCESS: /usr/lib/jvm/jdk-14.0.1/bin/java -jar /lab/itti/projects/checkers-competition/server/referee.jar on run_19_tyang863_vdhankar #####
INPUT for vdhankar:
GAME
BLACK
77.1333060264587
.b.b.b.b
........
........
b.......
...w...b
w.......
.....w..
w.w.w...
##### Running: /usr/bin/time -o time_19_tyang863_vdhankar.txt -f "%U" python3 homework.py > stulog.txt 2>&1 on vdhankar #####
child exited with value 1
##### ERROR: /usr/bin/time -o time_19_tyang863_vdhankar.txt -f "%U" python3 homework.py > stulog.txt 2>&1 on vdhankar #####
##### Output of failed program (stdout + stderr): #####
Traceback (most recent call last):
  File "homework.py", line 546, in <module>
    print(end-start)
NameError: name 'end' is not defined
##### End of output of failed program #####
##### vdhankar plays [E h8 g7] in 54.3191180229187s #####
##### Running: /usr/lib/jvm/jdk-14.0.1/bin/java -jar /lab/itti/projects/checkers-competition/server/referee.jar on run_19_tyang863_vdhankar #####
Move is valid
##### SUCCESS: /usr/lib/jvm/jdk-14.0.1/bin/java -jar /lab/itti/projects/checkers-competition/server/referee.jar on run_19_tyang863_vdhankar #####
INPUT for tyang863:
GAME
WHITE
299.25635925293
.b.b.b..
......b.
........
b.......
...w...b
w.......
.....w..
w.w.w...
##### Running: /usr/bin/time -o time_19_tyang863_vdhankar.txt -f "%U" ./homework > stulog.txt 2>&1 on tyang863 #####
##### SUCCESS: /usr/bin/time -o time_19_tyang863_vdhankar.txt -f "%U" ./homework > stulog.txt 2>&1 on tyang863 #####
##### tyang863 plays [E a3 b4] in 0.11s #####
##### Running: /usr/lib/jvm/jdk-14.0.1/bin/java -jar /lab/itti/projects/checkers-competition/server/referee.jar on run_19_tyang863_vdhankar #####
Move is valid
##### SUCCESS: /usr/lib/jvm/jdk-14.0.1/bin/java -jar /lab/itti/projects/checkers-competition/server/referee.jar on run_19_tyang863_vdhankar #####
INPUT for vdhankar:
GAME
BLACK
22.81418800354
.b.b.b..
......b.
........
b.......
.w.w...b
........
.....w..
w.w.w...
##### Running: /usr/bin/time -o time_19_tyang863_vdhankar.txt -f "%U" python3 homework.py > stulog.txt 2>&1 on vdhankar #####
child exited with value 1
##### ERROR: /usr/bin/time -o time_19_tyang863_vdhankar.txt -f "%U" python3 homework.py > stulog.txt 2>&1 on vdhankar #####
##### Output of failed program (stdout + stderr): #####
Traceback (most recent call last):
  File "homework.py", line 546, in <module>
    print(end-start)
NameError: name 'end' is not defined
##### End of output of failed program #####
##### vdhankar plays [J a5 c3] in 0.544577121734619s #####
##### Running: /usr/lib/jvm/jdk-14.0.1/bin/java -jar /lab/itti/projects/checkers-competition/server/referee.jar on run_19_tyang863_vdhankar #####
Move is valid
##### SUCCESS: /usr/lib/jvm/jdk-14.0.1/bin/java -jar /lab/itti/projects/checkers-competition/server/referee.jar on run_19_tyang863_vdhankar #####
INPUT for tyang863:
GAME
WHITE
299.14635925293
.b.b.b..
......b.
........
........
...w...b
..b.....
.....w..
w.w.w...
##### Running: /usr/bin/time -o time_19_tyang863_vdhankar.txt -f "%U" ./homework > stulog.txt 2>&1 on tyang863 #####
##### SUCCESS: /usr/bin/time -o time_19_tyang863_vdhankar.txt -f "%U" ./homework > stulog.txt 2>&1 on tyang863 #####
##### tyang863 plays [E d4 e5] in 0.09s #####
##### Running: /usr/lib/jvm/jdk-14.0.1/bin/java -jar /lab/itti/projects/checkers-competition/server/referee.jar on run_19_tyang863_vdhankar #####
Move is valid
##### SUCCESS: /usr/lib/jvm/jdk-14.0.1/bin/java -jar /lab/itti/projects/checkers-competition/server/referee.jar on run_19_tyang863_vdhankar #####
INPUT for vdhankar:
GAME
BLACK
22.2696108818054
.b.b.b..
......b.
........
....w...
.......b
..b.....
.....w..
w.w.w...
##### Running: /usr/bin/time -o time_19_tyang863_vdhankar.txt -f "%U" python3 homework.py > stulog.txt 2>&1 on vdhankar #####
child exited with value 1
##### ERROR: /usr/bin/time -o time_19_tyang863_vdhankar.txt -f "%U" python3 homework.py > stulog.txt 2>&1 on vdhankar #####
##### Output of failed program (stdout + stderr): #####
Traceback (most recent call last):
  File "homework.py", line 546, in <module>
    print(end-start)
NameError: name 'end' is not defined
##### End of output of failed program #####
##### vdhankar plays [E g7 f6] in 0.523628950119019s #####
##### Running: /usr/lib/jvm/jdk-14.0.1/bin/java -jar /lab/itti/projects/checkers-competition/server/referee.jar on run_19_tyang863_vdhankar #####
Move is valid
##### SUCCESS: /usr/lib/jvm/jdk-14.0.1/bin/java -jar /lab/itti/projects/checkers-competition/server/referee.jar on run_19_tyang863_vdhankar #####
INPUT for tyang863:
GAME
WHITE
299.05635925293
.b.b.b..
........
.....b..
....w...
.......b
..b.....
.....w..
w.w.w...
##### Running: /usr/bin/time -o time_19_tyang863_vdhankar.txt -f "%U" ./homework > stulog.txt 2>&1 on tyang863 #####
##### SUCCESS: /usr/bin/time -o time_19_tyang863_vdhankar.txt -f "%U" ./homework > stulog.txt 2>&1 on tyang863 #####
##### tyang863 plays [J e5 g7] in 0.015826940536499s #####
##### Running: /usr/lib/jvm/jdk-14.0.1/bin/java -jar /lab/itti/projects/checkers-competition/server/referee.jar on run_19_tyang863_vdhankar #####
Move is valid
##### SUCCESS: /usr/lib/jvm/jdk-14.0.1/bin/java -jar /lab/itti/projects/checkers-competition/server/referee.jar on run_19_tyang863_vdhankar #####
INPUT for vdhankar:
GAME
BLACK
21.7459819316864
.b.b.b..
......w.
........
........
.......b
..b.....
.....w..
w.w.w...
##### Running: /usr/bin/time -o time_19_tyang863_vdhankar.txt -f "%U" python3 homework.py > stulog.txt 2>&1 on vdhankar #####
child exited with value 1
##### ERROR: /usr/bin/time -o time_19_tyang863_vdhankar.txt -f "%U" python3 homework.py > stulog.txt 2>&1 on vdhankar #####
##### Output of failed program (stdout + stderr): #####
Traceback (most recent call last):
  File "homework.py", line 546, in <module>
    print(end-start)
NameError: name 'end' is not defined
##### End of output of failed program #####
##### vdhankar plays [J f8 h6] in 0.377470016479492s #####
##### Running: /usr/lib/jvm/jdk-14.0.1/bin/java -jar /lab/itti/projects/checkers-competition/server/referee.jar on run_19_tyang863_vdhankar #####
Move is valid
##### SUCCESS: /usr/lib/jvm/jdk-14.0.1/bin/java -jar /lab/itti/projects/checkers-competition/server/referee.jar on run_19_tyang863_vdhankar #####
INPUT for tyang863:
GAME
WHITE
299.040532312393
.b.b....
........
.......b
........
.......b
..b.....
.....w..
w.w.w...
##### Running: /usr/bin/time -o time_19_tyang863_vdhankar.txt -f "%U" ./homework > stulog.txt 2>&1 on tyang863 #####
##### SUCCESS: /usr/bin/time -o time_19_tyang863_vdhankar.txt -f "%U" ./homework > stulog.txt 2>&1 on tyang863 #####
##### tyang863 plays [E c1 d2] in 0.034419059753418s #####
##### Running: /usr/lib/jvm/jdk-14.0.1/bin/java -jar /lab/itti/projects/checkers-competition/server/referee.jar on run_19_tyang863_vdhankar #####
Move is valid
##### SUCCESS: /usr/lib/jvm/jdk-14.0.1/bin/java -jar /lab/itti/projects/checkers-competition/server/referee.jar on run_19_tyang863_vdhankar #####
INPUT for vdhankar:
GAME
BLACK
21.3685119152069
.b.b....
........
.......b
........
.......b
..b.....
...w.w..
w...w...
##### Running: /usr/bin/time -o time_19_tyang863_vdhankar.txt -f "%U" python3 homework.py > stulog.txt 2>&1 on vdhankar #####
child exited with value 1
##### ERROR: /usr/bin/time -o time_19_tyang863_vdhankar.txt -f "%U" python3 homework.py > stulog.txt 2>&1 on vdhankar #####
##### Output of failed program (stdout + stderr): #####
Traceback (most recent call last):
  File "homework.py", line 546, in <module>
    print(end-start)
NameError: name 'end' is not defined
##### End of output of failed program #####
##### vdhankar plays [E c3 b2] in 0.422031879425049s #####
##### Running: /usr/lib/jvm/jdk-14.0.1/bin/java -jar /lab/itti/projects/checkers-competition/server/referee.jar on run_19_tyang863_vdhankar #####
Move is valid
##### SUCCESS: /usr/lib/jvm/jdk-14.0.1/bin/java -jar /lab/itti/projects/checkers-competition/server/referee.jar on run_19_tyang863_vdhankar #####
INPUT for tyang863:
GAME
WHITE
299.00611325264
.b.b....
........
.......b
........
.......b
........
.b.w.w..
w...w...
##### Running: /usr/bin/time -o time_19_tyang863_vdhankar.txt -f "%U" ./homework > stulog.txt 2>&1 on tyang863 #####
##### SUCCESS: /usr/bin/time -o time_19_tyang863_vdhankar.txt -f "%U" ./homework > stulog.txt 2>&1 on tyang863 #####
##### tyang863 plays [J a1 c3] in 0.0347380638122559s #####
##### Running: /usr/lib/jvm/jdk-14.0.1/bin/java -jar /lab/itti/projects/checkers-competition/server/referee.jar on run_19_tyang863_vdhankar #####
Move is valid
##### SUCCESS: /usr/lib/jvm/jdk-14.0.1/bin/java -jar /lab/itti/projects/checkers-competition/server/referee.jar on run_19_tyang863_vdhankar #####
INPUT for vdhankar:
GAME
BLACK
20.9464800357819
.b.b....
........
.......b
........
.......b
..w.....
...w.w..
....w...
##### Running: /usr/bin/time -o time_19_tyang863_vdhankar.txt -f "%U" python3 homework.py > stulog.txt 2>&1 on vdhankar #####
child exited with value 1
##### ERROR: /usr/bin/time -o time_19_tyang863_vdhankar.txt -f "%U" python3 homework.py > stulog.txt 2>&1 on vdhankar #####
##### Output of failed program (stdout + stderr): #####
Traceback (most recent call last):
  File "homework.py", line 546, in <module>
    print(end-start)
NameError: name 'end' is not defined
##### End of output of failed program #####
##### vdhankar plays [E h6 g5] in 0.406133890151978s #####
##### Running: /usr/lib/jvm/jdk-14.0.1/bin/java -jar /lab/itti/projects/checkers-competition/server/referee.jar on run_19_tyang863_vdhankar #####
Move is valid
##### SUCCESS: /usr/lib/jvm/jdk-14.0.1/bin/java -jar /lab/itti/projects/checkers-competition/server/referee.jar on run_19_tyang863_vdhankar #####
INPUT for tyang863:
GAME
WHITE
298.971375188828
.b.b....
........
........
......b.
.......b
..w.....
...w.w..
....w...
##### Running: /usr/bin/time -o time_19_tyang863_vdhankar.txt -f "%U" ./homework > stulog.txt 2>&1 on tyang863 #####
##### SUCCESS: /usr/bin/time -o time_19_tyang863_vdhankar.txt -f "%U" ./homework > stulog.txt 2>&1 on tyang863 #####
##### tyang863 plays [E f2 e3] in 0.0135600566864014s #####
##### Running: /usr/lib/jvm/jdk-14.0.1/bin/java -jar /lab/itti/projects/checkers-competition/server/referee.jar on run_19_tyang863_vdhankar #####
Move is valid
##### SUCCESS: /usr/lib/jvm/jdk-14.0.1/bin/java -jar /lab/itti/projects/checkers-competition/server/referee.jar on run_19_tyang863_vdhankar #####
INPUT for vdhankar:
GAME
BLACK
20.5403461456299
.b.b....
........
........
......b.
.......b
..w.w...
...w....
....w...
##### Running: /usr/bin/time -o time_19_tyang863_vdhankar.txt -f "%U" python3 homework.py > stulog.txt 2>&1 on vdhankar #####
child exited with value 1
##### ERROR: /usr/bin/time -o time_19_tyang863_vdhankar.txt -f "%U" python3 homework.py > stulog.txt 2>&1 on vdhankar #####
##### Output of failed program (stdout + stderr): #####
Traceback (most recent call last):
  File "homework.py", line 546, in <module>
    print(end-start)
NameError: name 'end' is not defined
##### End of output of failed program #####
##### vdhankar plays [E h4 g3] in 0.536538124084473s #####
##### Running: /usr/lib/jvm/jdk-14.0.1/bin/java -jar /lab/itti/projects/checkers-competition/server/referee.jar on run_19_tyang863_vdhankar #####
Move is valid
##### SUCCESS: /usr/lib/jvm/jdk-14.0.1/bin/java -jar /lab/itti/projects/checkers-competition/server/referee.jar on run_19_tyang863_vdhankar #####
INPUT for tyang863:
GAME
WHITE
298.957815132141
.b.b....
........
........
......b.
........
..w.w.b.
...w....
....w...
##### Running: /usr/bin/time -o time_19_tyang863_vdhankar.txt -f "%U" ./homework > stulog.txt 2>&1 on tyang863 #####
##### SUCCESS: /usr/bin/time -o time_19_tyang863_vdhankar.txt -f "%U" ./homework > stulog.txt 2>&1 on tyang863 #####
##### tyang863 plays [E c3 d4] in 0.016024112701416s #####
##### Running: /usr/lib/jvm/jdk-14.0.1/bin/java -jar /lab/itti/projects/checkers-competition/server/referee.jar on run_19_tyang863_vdhankar #####
Move is valid
##### SUCCESS: /usr/lib/jvm/jdk-14.0.1/bin/java -jar /lab/itti/projects/checkers-competition/server/referee.jar on run_19_tyang863_vdhankar #####
INPUT for vdhankar:
GAME
BLACK
20.0038080215454
.b.b....
........
........
......b.
...w....
....w.b.
...w....
....w...
##### Running: /usr/bin/time -o time_19_tyang863_vdhankar.txt -f "%U" python3 homework.py > stulog.txt 2>&1 on vdhankar #####
child exited with value 1
##### ERROR: /usr/bin/time -o time_19_tyang863_vdhankar.txt -f "%U" python3 homework.py > stulog.txt 2>&1 on vdhankar #####
##### Output of failed program (stdout + stderr): #####
Traceback (most recent call last):
  File "homework.py", line 546, in <module>
    print(end-start)
NameError: name 'end' is not defined
##### End of output of failed program #####
##### vdhankar plays [E g3 h2] in 0.436552047729492s #####
##### Running: /usr/lib/jvm/jdk-14.0.1/bin/java -jar /lab/itti/projects/checkers-competition/server/referee.jar on run_19_tyang863_vdhankar #####
Move is valid
##### SUCCESS: /usr/lib/jvm/jdk-14.0.1/bin/java -jar /lab/itti/projects/checkers-competition/server/referee.jar on run_19_tyang863_vdhankar #####
INPUT for tyang863:
GAME
WHITE
298.94179101944
.b.b....
........
........
......b.
...w....
....w...
...w...b
....w...
##### Running: /usr/bin/time -o time_19_tyang863_vdhankar.txt -f "%U" ./homework > stulog.txt 2>&1 on tyang863 #####
##### SUCCESS: /usr/bin/time -o time_19_tyang863_vdhankar.txt -f "%U" ./homework > stulog.txt 2>&1 on tyang863 #####
##### tyang863 plays [E d4 c5] in 0.0216910839080811s #####
##### Running: /usr/lib/jvm/jdk-14.0.1/bin/java -jar /lab/itti/projects/checkers-competition/server/referee.jar on run_19_tyang863_vdhankar #####
Move is valid
##### SUCCESS: /usr/lib/jvm/jdk-14.0.1/bin/java -jar /lab/itti/projects/checkers-competition/server/referee.jar on run_19_tyang863_vdhankar #####
INPUT for vdhankar:
GAME
BLACK
19.5672559738159
.b.b....
........
........
..w...b.
........
....w...
...w...b
....w...
##### Running: /usr/bin/time -o time_19_tyang863_vdhankar.txt -f "%U" python3 homework.py > stulog.txt 2>&1 on vdhankar #####
child exited with value 1
##### ERROR: /usr/bin/time -o time_19_tyang863_vdhankar.txt -f "%U" python3 homework.py > stulog.txt 2>&1 on vdhankar #####
##### Output of failed program (stdout + stderr): #####
Traceback (most recent call last):
  File "homework.py", line 546, in <module>
    print(end-start)
NameError: name 'end' is not defined
##### End of output of failed program #####
##### vdhankar plays [E h2 g1] in 0.609429836273193s #####
##### Running: /usr/lib/jvm/jdk-14.0.1/bin/java -jar /lab/itti/projects/checkers-competition/server/referee.jar on run_19_tyang863_vdhankar #####
Move is valid
##### SUCCESS: /usr/lib/jvm/jdk-14.0.1/bin/java -jar /lab/itti/projects/checkers-competition/server/referee.jar on run_19_tyang863_vdhankar #####
INPUT for tyang863:
GAME
WHITE
298.920099935532
.b.b....
........
........
..w...b.
........
....w...
...w....
....w.B.
##### Running: /usr/bin/time -o time_19_tyang863_vdhankar.txt -f "%U" ./homework > stulog.txt 2>&1 on tyang863 #####
##### SUCCESS: /usr/bin/time -o time_19_tyang863_vdhankar.txt -f "%U" ./homework > stulog.txt 2>&1 on tyang863 #####
##### tyang863 plays [E c5 b6] in 0.0175600051879883s #####
##### Running: /usr/lib/jvm/jdk-14.0.1/bin/java -jar /lab/itti/projects/checkers-competition/server/referee.jar on run_19_tyang863_vdhankar #####
Move is valid
##### SUCCESS: /usr/lib/jvm/jdk-14.0.1/bin/java -jar /lab/itti/projects/checkers-competition/server/referee.jar on run_19_tyang863_vdhankar #####
INPUT for vdhankar:
GAME
BLACK
18.9578261375427
.b.b....
........
.w......
......b.
........
....w...
...w....
....w.B.
##### Running: /usr/bin/time -o time_19_tyang863_vdhankar.txt -f "%U" python3 homework.py > stulog.txt 2>&1 on vdhankar #####
child exited with value 1
##### ERROR: /usr/bin/time -o time_19_tyang863_vdhankar.txt -f "%U" python3 homework.py > stulog.txt 2>&1 on vdhankar #####
##### Output of failed program (stdout + stderr): #####
Traceback (most recent call last):
  File "homework.py", line 546, in <module>
    print(end-start)
NameError: name 'end' is not defined
##### End of output of failed program #####
##### vdhankar plays [E b8 a7] in 0.430300951004028s #####
##### Running: /usr/lib/jvm/jdk-14.0.1/bin/java -jar /lab/itti/projects/checkers-competition/server/referee.jar on run_19_tyang863_vdhankar #####
Move is valid
##### SUCCESS: /usr/lib/jvm/jdk-14.0.1/bin/java -jar /lab/itti/projects/checkers-competition/server/referee.jar on run_19_tyang863_vdhankar #####
INPUT for tyang863:
GAME
WHITE
298.902539930344
...b....
b.......
.w......
......b.
........
....w...
...w....
....w.B.
##### Running: /usr/bin/time -o time_19_tyang863_vdhankar.txt -f "%U" ./homework > stulog.txt 2>&1 on tyang863 #####
##### SUCCESS: /usr/bin/time -o time_19_tyang863_vdhankar.txt -f "%U" ./homework > stulog.txt 2>&1 on tyang863 #####
##### tyang863 plays [E b6 c7] in 0.0174899101257324s #####
##### Running: /usr/lib/jvm/jdk-14.0.1/bin/java -jar /lab/itti/projects/checkers-competition/server/referee.jar on run_19_tyang863_vdhankar #####
Move is valid
##### SUCCESS: /usr/lib/jvm/jdk-14.0.1/bin/java -jar /lab/itti/projects/checkers-competition/server/referee.jar on run_19_tyang863_vdhankar #####
INPUT for vdhankar:
GAME
BLACK
18.5275251865387
...b....
b.w.....
........
......b.
........
....w...
...w....
....w.B.
##### Running: /usr/bin/time -o time_19_tyang863_vdhankar.txt -f "%U" python3 homework.py > stulog.txt 2>&1 on vdhankar #####
child exited with value 1
##### ERROR: /usr/bin/time -o time_19_tyang863_vdhankar.txt -f "%U" python3 homework.py > stulog.txt 2>&1 on vdhankar #####
##### Output of failed program (stdout + stderr): #####
Traceback (most recent call last):
  File "homework.py", line 546, in <module>
    print(end-start)
NameError: name 'end' is not defined
##### End of output of failed program #####
##### vdhankar plays [J d8 b6] in 0.409673929214478s #####
##### Running: /usr/lib/jvm/jdk-14.0.1/bin/java -jar /lab/itti/projects/checkers-competition/server/referee.jar on run_19_tyang863_vdhankar #####
Move is valid
##### SUCCESS: /usr/lib/jvm/jdk-14.0.1/bin/java -jar /lab/itti/projects/checkers-competition/server/referee.jar on run_19_tyang863_vdhankar #####
INPUT for tyang863:
GAME
WHITE
298.885050020218
........
b.......
.b......
......b.
........
....w...
...w....
....w.B.
##### Running: /usr/bin/time -o time_19_tyang863_vdhankar.txt -f "%U" ./homework > stulog.txt 2>&1 on tyang863 #####
##### SUCCESS: /usr/bin/time -o time_19_tyang863_vdhankar.txt -f "%U" ./homework > stulog.txt 2>&1 on tyang863 #####
##### tyang863 plays [E e3 d4] in 0.0377020835876465s #####
##### Running: /usr/lib/jvm/jdk-14.0.1/bin/java -jar /lab/itti/projects/checkers-competition/server/referee.jar on run_19_tyang863_vdhankar #####
Move is valid
##### SUCCESS: /usr/lib/jvm/jdk-14.0.1/bin/java -jar /lab/itti/projects/checkers-competition/server/referee.jar on run_19_tyang863_vdhankar #####
INPUT for vdhankar:
GAME
BLACK
18.1178512573242
........
b.......
.b......
......b.
...w....
........
...w....
....w.B.
##### Running: /usr/bin/time -o time_19_tyang863_vdhankar.txt -f "%U" python3 homework.py > stulog.txt 2>&1 on vdhankar #####
child exited with value 1
##### ERROR: /usr/bin/time -o time_19_tyang863_vdhankar.txt -f "%U" python3 homework.py > stulog.txt 2>&1 on vdhankar #####
##### Output of failed program (stdout + stderr): #####
Traceback (most recent call last):
  File "homework.py", line 546, in <module>
    print(end-start)
NameError: name 'end' is not defined
##### End of output of failed program #####
##### vdhankar plays [E b6 c5] in 0.378551006317139s #####
##### Running: /usr/lib/jvm/jdk-14.0.1/bin/java -jar /lab/itti/projects/checkers-competition/server/referee.jar on run_19_tyang863_vdhankar #####
Move is valid
##### SUCCESS: /usr/lib/jvm/jdk-14.0.1/bin/java -jar /lab/itti/projects/checkers-competition/server/referee.jar on run_19_tyang863_vdhankar #####
INPUT for tyang863:
GAME
WHITE
298.84734793663
........
b.......
........
..b...b.
...w....
........
...w....
....w.B.
##### Running: /usr/bin/time -o time_19_tyang863_vdhankar.txt -f "%U" ./homework > stulog.txt 2>&1 on tyang863 #####
##### SUCCESS: /usr/bin/time -o time_19_tyang863_vdhankar.txt -f "%U" ./homework > stulog.txt 2>&1 on tyang863 #####
##### tyang863 plays [J d4 b6] in 0.0368020534515381s #####
##### Running: /usr/lib/jvm/jdk-14.0.1/bin/java -jar /lab/itti/projects/checkers-competition/server/referee.jar on run_19_tyang863_vdhankar #####
Move is valid
##### SUCCESS: /usr/lib/jvm/jdk-14.0.1/bin/java -jar /lab/itti/projects/checkers-competition/server/referee.jar on run_19_tyang863_vdhankar #####
INPUT for vdhankar:
GAME
BLACK
17.7393002510071
........
b.......
.w......
......b.
........
........
...w....
....w.B.
##### Running: /usr/bin/time -o time_19_tyang863_vdhankar.txt -f "%U" python3 homework.py > stulog.txt 2>&1 on vdhankar #####
child exited with value 1
##### ERROR: /usr/bin/time -o time_19_tyang863_vdhankar.txt -f "%U" python3 homework.py > stulog.txt 2>&1 on vdhankar #####
##### Output of failed program (stdout + stderr): #####
Traceback (most recent call last):
  File "homework.py", line 546, in <module>
    print(end-start)
NameError: name 'end' is not defined
##### End of output of failed program #####
##### vdhankar plays [J a7 c5] in 0.37722110748291s #####
##### Running: /usr/lib/jvm/jdk-14.0.1/bin/java -jar /lab/itti/projects/checkers-competition/server/referee.jar on run_19_tyang863_vdhankar #####
Move is valid
##### SUCCESS: /usr/lib/jvm/jdk-14.0.1/bin/java -jar /lab/itti/projects/checkers-competition/server/referee.jar on run_19_tyang863_vdhankar #####
INPUT for tyang863:
GAME
WHITE
298.810545883179
........
........
........
..b...b.
........
........
...w....
....w.B.
##### Running: /usr/bin/time -o time_19_tyang863_vdhankar.txt -f "%U" ./homework > stulog.txt 2>&1 on tyang863 #####
##### SUCCESS: /usr/bin/time -o time_19_tyang863_vdhankar.txt -f "%U" ./homework > stulog.txt 2>&1 on tyang863 #####
##### tyang863 plays [E d2 c3] in 0.0131938457489014s #####
##### Running: /usr/lib/jvm/jdk-14.0.1/bin/java -jar /lab/itti/projects/checkers-competition/server/referee.jar on run_19_tyang863_vdhankar #####
Move is valid
##### SUCCESS: /usr/lib/jvm/jdk-14.0.1/bin/java -jar /lab/itti/projects/checkers-competition/server/referee.jar on run_19_tyang863_vdhankar #####
INPUT for vdhankar:
GAME
BLACK
17.3620791435242
........
........
........
..b...b.
........
..w.....
........
....w.B.
##### Running: /usr/bin/time -o time_19_tyang863_vdhankar.txt -f "%U" python3 homework.py > stulog.txt 2>&1 on vdhankar #####
child exited with value 1
##### ERROR: /usr/bin/time -o time_19_tyang863_vdhankar.txt -f "%U" python3 homework.py > stulog.txt 2>&1 on vdhankar #####
##### Output of failed program (stdout + stderr): #####
Traceback (most recent call last):
  File "homework.py", line 546, in <module>
    print(end-start)
NameError: name 'end' is not defined
##### End of output of failed program #####
##### vdhankar plays [E g1 h2] in 0.401866912841797s #####
##### Running: /usr/lib/jvm/jdk-14.0.1/bin/java -jar /lab/itti/projects/checkers-competition/server/referee.jar on run_19_tyang863_vdhankar #####
Move is valid
##### SUCCESS: /usr/lib/jvm/jdk-14.0.1/bin/java -jar /lab/itti/projects/checkers-competition/server/referee.jar on run_19_tyang863_vdhankar #####
INPUT for tyang863:
GAME
WHITE
298.79735203743
........
........
........
..b...b.
........
..w.....
.......B
....w...
##### Running: /usr/bin/time -o time_19_tyang863_vdhankar.txt -f "%U" ./homework > stulog.txt 2>&1 on tyang863 #####
##### SUCCESS: /usr/bin/time -o time_19_tyang863_vdhankar.txt -f "%U" ./homework > stulog.txt 2>&1 on tyang863 #####
##### tyang863 plays [E c3 b4] in 0.0171670913696289s #####
##### Running: /usr/lib/jvm/jdk-14.0.1/bin/java -jar /lab/itti/projects/checkers-competition/server/referee.jar on run_19_tyang863_vdhankar #####
Move is valid
##### SUCCESS: /usr/lib/jvm/jdk-14.0.1/bin/java -jar /lab/itti/projects/checkers-competition/server/referee.jar on run_19_tyang863_vdhankar #####
INPUT for vdhankar:
GAME
BLACK
16.9602122306824
........
........
........
..b...b.
.w......
........
.......B
....w...
##### Running: /usr/bin/time -o time_19_tyang863_vdhankar.txt -f "%U" python3 homework.py > stulog.txt 2>&1 on vdhankar #####
child exited with value 1
##### ERROR: /usr/bin/time -o time_19_tyang863_vdhankar.txt -f "%U" python3 homework.py > stulog.txt 2>&1 on vdhankar #####
##### Output of failed program (stdout + stderr): #####
Traceback (most recent call last):
  File "homework.py", line 546, in <module>
    print(end-start)
NameError: name 'end' is not defined
##### End of output of failed program #####
##### vdhankar plays [J c5 a3] in 0.478283882141113s #####
##### Running: /usr/lib/jvm/jdk-14.0.1/bin/java -jar /lab/itti/projects/checkers-competition/server/referee.jar on run_19_tyang863_vdhankar #####
Move is valid
##### SUCCESS: /usr/lib/jvm/jdk-14.0.1/bin/java -jar /lab/itti/projects/checkers-competition/server/referee.jar on run_19_tyang863_vdhankar #####
INPUT for tyang863:
GAME
WHITE
298.78018494606
........
........
........
......b.
........
b.......
.......B
....w...
##### Running: /usr/bin/time -o time_19_tyang863_vdhankar.txt -f "%U" ./homework > stulog.txt 2>&1 on tyang863 #####
##### SUCCESS: /usr/bin/time -o time_19_tyang863_vdhankar.txt -f "%U" ./homework > stulog.txt 2>&1 on tyang863 #####
##### tyang863 plays [E e1 f2] in 0.0284831523895264s #####
##### Running: /usr/lib/jvm/jdk-14.0.1/bin/java -jar /lab/itti/projects/checkers-competition/server/referee.jar on run_19_tyang863_vdhankar #####
Move is valid
##### SUCCESS: /usr/lib/jvm/jdk-14.0.1/bin/java -jar /lab/itti/projects/checkers-competition/server/referee.jar on run_19_tyang863_vdhankar #####
INPUT for vdhankar:
GAME
BLACK
16.4819283485413
........
........
........
......b.
........
b.......
.....w.B
........
##### Running: /usr/bin/time -o time_19_tyang863_vdhankar.txt -f "%U" python3 homework.py > stulog.txt 2>&1 on vdhankar #####
child exited with value 1
##### ERROR: /usr/bin/time -o time_19_tyang863_vdhankar.txt -f "%U" python3 homework.py > stulog.txt 2>&1 on vdhankar #####
##### Output of failed program (stdout + stderr): #####
Traceback (most recent call last):
  File "homework.py", line 546, in <module>
    print(end-start)
NameError: name 'end' is not defined
##### End of output of failed program #####
##### vdhankar plays [E a3 b2] in 0.351272821426392s #####
##### Running: /usr/lib/jvm/jdk-14.0.1/bin/java -jar /lab/itti/projects/checkers-competition/server/referee.jar on run_19_tyang863_vdhankar #####
Move is valid
##### SUCCESS: /usr/lib/jvm/jdk-14.0.1/bin/java -jar /lab/itti/projects/checkers-competition/server/referee.jar on run_19_tyang863_vdhankar #####
INPUT for tyang863:
GAME
WHITE
298.751701793671
........
........
........
......b.
........
........
.b...w.B
........
##### Running: /usr/bin/time -o time_19_tyang863_vdhankar.txt -f "%U" ./homework > stulog.txt 2>&1 on tyang863 #####
##### SUCCESS: /usr/bin/time -o time_19_tyang863_vdhankar.txt -f "%U" ./homework > stulog.txt 2>&1 on tyang863 #####
##### tyang863 plays [E f2 g3] in 0.0145370960235596s #####
##### Running: /usr/lib/jvm/jdk-14.0.1/bin/java -jar /lab/itti/projects/checkers-competition/server/referee.jar on run_19_tyang863_vdhankar #####
Move is valid
##### SUCCESS: /usr/lib/jvm/jdk-14.0.1/bin/java -jar /lab/itti/projects/checkers-competition/server/referee.jar on run_19_tyang863_vdhankar #####
INPUT for vdhankar:
GAME
BLACK
16.1306555271149
........
........
........
......b.
........
......w.
.b.....B
........
##### Running: /usr/bin/time -o time_19_tyang863_vdhankar.txt -f "%U" python3 homework.py > stulog.txt 2>&1 on vdhankar #####
child exited with value 1
##### ERROR: /usr/bin/time -o time_19_tyang863_vdhankar.txt -f "%U" python3 homework.py > stulog.txt 2>&1 on vdhankar #####
##### Output of failed program (stdout + stderr): #####
Traceback (most recent call last):
  File "homework.py", line 546, in <module>
    print(end-start)
NameError: name 'end' is not defined
##### End of output of failed program #####
##### vdhankar plays [J h2 f4] in 0.358597993850708s #####
##### Running: /usr/lib/jvm/jdk-14.0.1/bin/java -jar /lab/itti/projects/checkers-competition/server/referee.jar on run_19_tyang863_vdhankar #####
Move is valid
After this move, player WHITE cannot make any moves
*** Winner: BLACK ***
##### SUCCESS: /usr/lib/jvm/jdk-14.0.1/bin/java -jar /lab/itti/projects/checkers-competition/server/referee.jar on run_19_tyang863_vdhankar #####
##### GAME OVER: vdhankar wins the game! #####
Server said: WIN
########## ROUND 19 GAMESCORE AFTER GAME 1: tyang863=0 and vdhankar=1 ##########
#################### ROUND 19: tyang863 (B) vs vdhankar (W): game 2 ####################
##### game start! #####
INPUT for tyang863:
GAME
BLACK
300
.b.b.b.b
b.b.b.b.
.b.b.b.b
........
........
w.w.w.w.
.w.w.w.w
w.w.w.w.
##### Running: /usr/bin/time -o time_19_tyang863_vdhankar.txt -f "%U" ./homework > stulog.txt 2>&1 on tyang863 #####
##### SUCCESS: /usr/bin/time -o time_19_tyang863_vdhankar.txt -f "%U" ./homework > stulog.txt 2>&1 on tyang863 #####
##### tyang863 plays [E f6 g5] in 0.0193579196929932s #####
##### Running: /usr/lib/jvm/jdk-14.0.1/bin/java -jar /lab/itti/projects/checkers-competition/server/referee.jar on run_19_tyang863_vdhankar #####
Move is valid
Couldn't read file 'current_ply.txt'
Couldn't read content from file 'current_ply.txt'
Couldn't read file 'lastmatchange_ply.txt'
Couldn't read content from file 'lastmatchange_ply.txt'
##### SUCCESS: /usr/lib/jvm/jdk-14.0.1/bin/java -jar /lab/itti/projects/checkers-competition/server/referee.jar on run_19_tyang863_vdhankar #####
INPUT for vdhankar:
GAME
WHITE
300
.b.b.b.b
b.b.b.b.
.b.b...b
......b.
........
w.w.w.w.
.w.w.w.w
w.w.w.w.
##### Running: /usr/bin/time -o time_19_tyang863_vdhankar.txt -f "%U" python3 homework.py > stulog.txt 2>&1 on vdhankar #####
child exited with value 1
##### ERROR: /usr/bin/time -o time_19_tyang863_vdhankar.txt -f "%U" python3 homework.py > stulog.txt 2>&1 on vdhankar #####
##### Output of failed program (stdout + stderr): #####
Traceback (most recent call last):
  File "homework.py", line 546, in <module>
    print(end-start)
NameError: name 'end' is not defined
##### End of output of failed program #####
##### vdhankar plays [E g3 h4] in 17.3895969390869s #####
##### Running: /usr/lib/jvm/jdk-14.0.1/bin/java -jar /lab/itti/projects/checkers-competition/server/referee.jar on run_19_tyang863_vdhankar #####
Move is valid
##### SUCCESS: /usr/lib/jvm/jdk-14.0.1/bin/java -jar /lab/itti/projects/checkers-competition/server/referee.jar on run_19_tyang863_vdhankar #####
INPUT for tyang863:
GAME
BLACK
299.980642080307
.b.b.b.b
b.b.b.b.
.b.b...b
......b.
.......w
w.w.w...
.w.w.w.w
w.w.w.w.
##### Running: /usr/bin/time -o time_19_tyang863_vdhankar.txt -f "%U" ./homework > stulog.txt 2>&1 on tyang863 #####
##### SUCCESS: /usr/bin/time -o time_19_tyang863_vdhankar.txt -f "%U" ./homework > stulog.txt 2>&1 on tyang863 #####
##### tyang863 plays [E d6 c5] in 0.01s #####
##### Running: /usr/lib/jvm/jdk-14.0.1/bin/java -jar /lab/itti/projects/checkers-competition/server/referee.jar on run_19_tyang863_vdhankar #####
Move is valid
##### SUCCESS: /usr/lib/jvm/jdk-14.0.1/bin/java -jar /lab/itti/projects/checkers-competition/server/referee.jar on run_19_tyang863_vdhankar #####
INPUT for vdhankar:
GAME
WHITE
282.610403060913
.b.b.b.b
b.b.b.b.
.b.....b
..b...b.
.......w
w.w.w...
.w.w.w.w
w.w.w.w.
##### Running: /usr/bin/time -o time_19_tyang863_vdhankar.txt -f "%U" python3 homework.py > stulog.txt 2>&1 on vdhankar #####
child exited with value 1
##### ERROR: /usr/bin/time -o time_19_tyang863_vdhankar.txt -f "%U" python3 homework.py > stulog.txt 2>&1 on vdhankar #####
##### Output of failed program (stdout + stderr): #####
Traceback (most recent call last):
  File "homework.py", line 546, in <module>
    print(end-start)
NameError: name 'end' is not defined
##### End of output of failed program #####
##### vdhankar plays [J h4 f6] in 1.80013799667358s #####
##### Running: /usr/lib/jvm/jdk-14.0.1/bin/java -jar /lab/itti/projects/checkers-competition/server/referee.jar on run_19_tyang863_vdhankar #####
Move is valid
##### SUCCESS: /usr/lib/jvm/jdk-14.0.1/bin/java -jar /lab/itti/projects/checkers-competition/server/referee.jar on run_19_tyang863_vdhankar #####
INPUT for tyang863:
GAME
BLACK
299.970642080307
.b.b.b.b
b.b.b.b.
.b...w.b
..b.....
........
w.w.w...
.w.w.w.w
w.w.w.w.
##### Running: /usr/bin/time -o time_19_tyang863_vdhankar.txt -f "%U" ./homework > stulog.txt 2>&1 on tyang863 #####
##### SUCCESS: /usr/bin/time -o time_19_tyang863_vdhankar.txt -f "%U" ./homework > stulog.txt 2>&1 on tyang863 #####
##### tyang863 plays [J e7 g5] in 0.0564100742340088s #####
##### Running: /usr/lib/jvm/jdk-14.0.1/bin/java -jar /lab/itti/projects/checkers-competition/server/referee.jar on run_19_tyang863_vdhankar #####
Move is valid
##### SUCCESS: /usr/lib/jvm/jdk-14.0.1/bin/java -jar /lab/itti/projects/checkers-competition/server/referee.jar on run_19_tyang863_vdhankar #####
INPUT for vdhankar:
GAME
WHITE
280.81026506424
.b.b.b.b
b.b...b.
.b.....b
..b...b.
........
w.w.w...
.w.w.w.w
w.w.w.w.
##### Running: /usr/bin/time -o time_19_tyang863_vdhankar.txt -f "%U" python3 homework.py > stulog.txt 2>&1 on vdhankar #####
child exited with value 1
##### ERROR: /usr/bin/time -o time_19_tyang863_vdhankar.txt -f "%U" python3 homework.py > stulog.txt 2>&1 on vdhankar #####
##### Output of failed program (stdout + stderr): #####
Traceback (most recent call last):
  File "homework.py", line 546, in <module>
    print(end-start)
NameError: name 'end' is not defined
##### End of output of failed program #####
##### vdhankar plays [E f2 g3] in 13.9180750846863s #####
##### Running: /usr/lib/jvm/jdk-14.0.1/bin/java -jar /lab/itti/projects/checkers-competition/server/referee.jar on run_19_tyang863_vdhankar #####
Move is valid
##### SUCCESS: /usr/lib/jvm/jdk-14.0.1/bin/java -jar /lab/itti/projects/checkers-competition/server/referee.jar on run_19_tyang863_vdhankar #####
INPUT for tyang863:
GAME
BLACK
299.914232006073
.b.b.b.b
b.b...b.
.b.....b
..b...b.
........
w.w.w.w.
.w.w...w
w.w.w.w.
##### Running: /usr/bin/time -o time_19_tyang863_vdhankar.txt -f "%U" ./homework > stulog.txt 2>&1 on tyang863 #####
##### SUCCESS: /usr/bin/time -o time_19_tyang863_vdhankar.txt -f "%U" ./homework > stulog.txt 2>&1 on tyang863 #####
##### tyang863 plays [E g5 h4] in 0.02s #####
##### Running: /usr/lib/jvm/jdk-14.0.1/bin/java -jar /lab/itti/projects/checkers-competition/server/referee.jar on run_19_tyang863_vdhankar #####
Move is valid
##### SUCCESS: /usr/lib/jvm/jdk-14.0.1/bin/java -jar /lab/itti/projects/checkers-competition/server/referee.jar on run_19_tyang863_vdhankar #####
INPUT for vdhankar:
GAME
WHITE
266.892189979553
.b.b.b.b
b.b...b.
.b.....b
..b.....
.......b
w.w.w.w.
.w.w...w
w.w.w.w.
##### Running: /usr/bin/time -o time_19_tyang863_vdhankar.txt -f "%U" python3 homework.py > stulog.txt 2>&1 on vdhankar #####
child exited with value 1
##### ERROR: /usr/bin/time -o time_19_tyang863_vdhankar.txt -f "%U" python3 homework.py > stulog.txt 2>&1 on vdhankar #####
##### Output of failed program (stdout + stderr): #####
Traceback (most recent call last):
  File "homework.py", line 546, in <module>
    print(end-start)
NameError: name 'end' is not defined
##### End of output of failed program #####
##### vdhankar plays [E g1 f2] in 6.57667303085327s #####
##### Running: /usr/lib/jvm/jdk-14.0.1/bin/java -jar /lab/itti/projects/checkers-competition/server/referee.jar on run_19_tyang863_vdhankar #####
Move is valid
##### SUCCESS: /usr/lib/jvm/jdk-14.0.1/bin/java -jar /lab/itti/projects/checkers-competition/server/referee.jar on run_19_tyang863_vdhankar #####
INPUT for tyang863:
GAME
BLACK
299.894232006073
.b.b.b.b
b.b...b.
.b.....b
..b.....
.......b
w.w.w.w.
.w.w.w.w
w.w.w...
##### Running: /usr/bin/time -o time_19_tyang863_vdhankar.txt -f "%U" ./homework > stulog.txt 2>&1 on tyang863 #####
##### SUCCESS: /usr/bin/time -o time_19_tyang863_vdhankar.txt -f "%U" ./homework > stulog.txt 2>&1 on tyang863 #####
##### tyang863 plays [E h6 g5] in 0.01s #####
##### Running: /usr/lib/jvm/jdk-14.0.1/bin/java -jar /lab/itti/projects/checkers-competition/server/referee.jar on run_19_tyang863_vdhankar #####
Move is valid
##### SUCCESS: /usr/lib/jvm/jdk-14.0.1/bin/java -jar /lab/itti/projects/checkers-competition/server/referee.jar on run_19_tyang863_vdhankar #####
INPUT for vdhankar:
GAME
WHITE
260.3155169487
.b.b.b.b
b.b...b.
.b......
..b...b.
.......b
w.w.w.w.
.w.w.w.w
w.w.w...
##### Running: /usr/bin/time -o time_19_tyang863_vdhankar.txt -f "%U" python3 homework.py > stulog.txt 2>&1 on vdhankar #####
child exited with value 1
##### ERROR: /usr/bin/time -o time_19_tyang863_vdhankar.txt -f "%U" python3 homework.py > stulog.txt 2>&1 on vdhankar #####
##### Output of failed program (stdout + stderr): #####
Traceback (most recent call last):
  File "homework.py", line 546, in <module>
    print(end-start)
NameError: name 'end' is not defined
##### End of output of failed program #####
##### vdhankar plays [E g3 f4] in 9.9052619934082s #####
##### Running: /usr/lib/jvm/jdk-14.0.1/bin/java -jar /lab/itti/projects/checkers-competition/server/referee.jar on run_19_tyang863_vdhankar #####
Move is valid
##### SUCCESS: /usr/lib/jvm/jdk-14.0.1/bin/java -jar /lab/itti/projects/checkers-competition/server/referee.jar on run_19_tyang863_vdhankar #####
INPUT for tyang863:
GAME
BLACK
299.884232006073
.b.b.b.b
b.b...b.
.b......
..b...b.
.....w.b
w.w.w...
.w.w.w.w
w.w.w...
##### Running: /usr/bin/time -o time_19_tyang863_vdhankar.txt -f "%U" ./homework > stulog.txt 2>&1 on tyang863 #####
##### SUCCESS: /usr/bin/time -o time_19_tyang863_vdhankar.txt -f "%U" ./homework > stulog.txt 2>&1 on tyang863 #####
##### tyang863 plays [E g7 h6] in 0.01s #####
##### Running: /usr/lib/jvm/jdk-14.0.1/bin/java -jar /lab/itti/projects/checkers-competition/server/referee.jar on run_19_tyang863_vdhankar #####
Move is valid
##### SUCCESS: /usr/lib/jvm/jdk-14.0.1/bin/java -jar /lab/itti/projects/checkers-competition/server/referee.jar on run_19_tyang863_vdhankar #####
INPUT for vdhankar:
GAME
WHITE
250.410254955292
.b.b.b.b
b.b.....
.b.....b
..b...b.
.....w.b
w.w.w...
.w.w.w.w
w.w.w...
##### Running: /usr/bin/time -o time_19_tyang863_vdhankar.txt -f "%U" python3 homework.py > stulog.txt 2>&1 on vdhankar #####
child exited with value 1
##### ERROR: /usr/bin/time -o time_19_tyang863_vdhankar.txt -f "%U" python3 homework.py > stulog.txt 2>&1 on vdhankar #####
##### Output of failed program (stdout + stderr): #####
Traceback (most recent call last):
  File "homework.py", line 546, in <module>
    print(end-start)
NameError: name 'end' is not defined
##### End of output of failed program #####
##### vdhankar plays [E h2 g3] in 8.79039096832275s #####
##### Running: /usr/lib/jvm/jdk-14.0.1/bin/java -jar /lab/itti/projects/checkers-competition/server/referee.jar on run_19_tyang863_vdhankar #####
Move is valid
##### SUCCESS: /usr/lib/jvm/jdk-14.0.1/bin/java -jar /lab/itti/projects/checkers-competition/server/referee.jar on run_19_tyang863_vdhankar #####
INPUT for tyang863:
GAME
BLACK
299.874232006073
.b.b.b.b
b.b.....
.b.....b
..b...b.
.....w.b
w.w.w.w.
.w.w.w..
w.w.w...
##### Running: /usr/bin/time -o time_19_tyang863_vdhankar.txt -f "%U" ./homework > stulog.txt 2>&1 on tyang863 #####
##### SUCCESS: /usr/bin/time -o time_19_tyang863_vdhankar.txt -f "%U" ./homework > stulog.txt 2>&1 on tyang863 #####
##### tyang863 plays [E c7 d6] in 0.0743169784545898s #####
##### Running: /usr/lib/jvm/jdk-14.0.1/bin/java -jar /lab/itti/projects/checkers-competition/server/referee.jar on run_19_tyang863_vdhankar #####
Move is valid
##### SUCCESS: /usr/lib/jvm/jdk-14.0.1/bin/java -jar /lab/itti/projects/checkers-competition/server/referee.jar on run_19_tyang863_vdhankar #####
INPUT for vdhankar:
GAME
WHITE
241.619863986969
.b.b.b.b
b.......
.b.b...b
..b...b.
.....w.b
w.w.w.w.
.w.w.w..
w.w.w...
##### Running: /usr/bin/time -o time_19_tyang863_vdhankar.txt -f "%U" python3 homework.py > stulog.txt 2>&1 on vdhankar #####
child exited with value 1
##### ERROR: /usr/bin/time -o time_19_tyang863_vdhankar.txt -f "%U" python3 homework.py > stulog.txt 2>&1 on vdhankar #####
##### Output of failed program (stdout + stderr): #####
Traceback (most recent call last):
  File "homework.py", line 546, in <module>
    print(end-start)
NameError: name 'end' is not defined
##### End of output of failed program #####
##### vdhankar plays [E c3 d4] in 8.82981491088867s #####
##### Running: /usr/lib/jvm/jdk-14.0.1/bin/java -jar /lab/itti/projects/checkers-competition/server/referee.jar on run_19_tyang863_vdhankar #####
Move is valid
##### SUCCESS: /usr/lib/jvm/jdk-14.0.1/bin/java -jar /lab/itti/projects/checkers-competition/server/referee.jar on run_19_tyang863_vdhankar #####
INPUT for tyang863:
GAME
BLACK
299.799915027618
.b.b.b.b
b.......
.b.b...b
..b...b.
...w.w.b
w...w.w.
.w.w.w..
w.w.w...
##### Running: /usr/bin/time -o time_19_tyang863_vdhankar.txt -f "%U" ./homework > stulog.txt 2>&1 on tyang863 #####
##### SUCCESS: /usr/bin/time -o time_19_tyang863_vdhankar.txt -f "%U" ./homework > stulog.txt 2>&1 on tyang863 #####
##### tyang863 plays [E b6 a5] in 0.0273029804229736s #####
##### Running: /usr/lib/jvm/jdk-14.0.1/bin/java -jar /lab/itti/projects/checkers-competition/server/referee.jar on run_19_tyang863_vdhankar #####
Move is valid
##### SUCCESS: /usr/lib/jvm/jdk-14.0.1/bin/java -jar /lab/itti/projects/checkers-competition/server/referee.jar on run_19_tyang863_vdhankar #####
INPUT for vdhankar:
GAME
WHITE
232.79004907608
.b.b.b.b
b.......
...b...b
b.b...b.
...w.w.b
w...w.w.
.w.w.w..
w.w.w...
##### Running: /usr/bin/time -o time_19_tyang863_vdhankar.txt -f "%U" python3 homework.py > stulog.txt 2>&1 on vdhankar #####
child exited with value 1
##### ERROR: /usr/bin/time -o time_19_tyang863_vdhankar.txt -f "%U" python3 homework.py > stulog.txt 2>&1 on vdhankar #####
##### Output of failed program (stdout + stderr): #####
Traceback (most recent call last):
  File "homework.py", line 546, in <module>
    print(end-start)
NameError: name 'end' is not defined
##### End of output of failed program #####
##### vdhankar plays [J d4 b6] in 1.41785502433777s #####
##### Running: /usr/lib/jvm/jdk-14.0.1/bin/java -jar /lab/itti/projects/checkers-competition/server/referee.jar on run_19_tyang863_vdhankar #####
Move is valid
##### SUCCESS: /usr/lib/jvm/jdk-14.0.1/bin/java -jar /lab/itti/projects/checkers-competition/server/referee.jar on run_19_tyang863_vdhankar #####
INPUT for tyang863:
GAME
BLACK
299.772612047195
.b.b.b.b
b.......
.w.b...b
b.....b.
.....w.b
w...w.w.
.w.w.w..
w.w.w...
##### Running: /usr/bin/time -o time_19_tyang863_vdhankar.txt -f "%U" ./homework > stulog.txt 2>&1 on tyang863 #####
##### SUCCESS: /usr/bin/time -o time_19_tyang863_vdhankar.txt -f "%U" ./homework > stulog.txt 2>&1 on tyang863 #####
##### tyang863 plays [J a7 c5] in 0.0883698463439941s #####
##### Running: /usr/lib/jvm/jdk-14.0.1/bin/java -jar /lab/itti/projects/checkers-competition/server/referee.jar on run_19_tyang863_vdhankar #####
Move is valid
##### SUCCESS: /usr/lib/jvm/jdk-14.0.1/bin/java -jar /lab/itti/projects/checkers-competition/server/referee.jar on run_19_tyang863_vdhankar #####
INPUT for vdhankar:
GAME
WHITE
231.372194051743
.b.b.b.b
........
...b...b
b.b...b.
.....w.b
w...w.w.
.w.w.w..
w.w.w...
##### Running: /usr/bin/time -o time_19_tyang863_vdhankar.txt -f "%U" python3 homework.py > stulog.txt 2>&1 on vdhankar #####
child exited with value 1
##### ERROR: /usr/bin/time -o time_19_tyang863_vdhankar.txt -f "%U" python3 homework.py > stulog.txt 2>&1 on vdhankar #####
##### Output of failed program (stdout + stderr): #####
Traceback (most recent call last):
  File "homework.py", line 546, in <module>
    print(end-start)
NameError: name 'end' is not defined
##### End of output of failed program #####
##### vdhankar plays [E d2 c3] in 6.8904402256012s #####
##### Running: /usr/lib/jvm/jdk-14.0.1/bin/java -jar /lab/itti/projects/checkers-competition/server/referee.jar on run_19_tyang863_vdhankar #####
Move is valid
##### SUCCESS: /usr/lib/jvm/jdk-14.0.1/bin/java -jar /lab/itti/projects/checkers-competition/server/referee.jar on run_19_tyang863_vdhankar #####
INPUT for tyang863:
GAME
BLACK
299.684242200851
.b.b.b.b
........
...b...b
b.b...b.
.....w.b
w.w.w.w.
.w...w..
w.w.w...
##### Running: /usr/bin/time -o time_19_tyang863_vdhankar.txt -f "%U" ./homework > stulog.txt 2>&1 on tyang863 #####
##### SUCCESS: /usr/bin/time -o time_19_tyang863_vdhankar.txt -f "%U" ./homework > stulog.txt 2>&1 on tyang863 #####
##### tyang863 plays [E a5 b4] in 0.01s #####
##### Running: /usr/lib/jvm/jdk-14.0.1/bin/java -jar /lab/itti/projects/checkers-competition/server/referee.jar on run_19_tyang863_vdhankar #####
Move is valid
##### SUCCESS: /usr/lib/jvm/jdk-14.0.1/bin/java -jar /lab/itti/projects/checkers-competition/server/referee.jar on run_19_tyang863_vdhankar #####
INPUT for vdhankar:
GAME
WHITE
224.481753826141
.b.b.b.b
........
...b...b
..b...b.
.b...w.b
w.w.w.w.
.w...w..
w.w.w...
##### Running: /usr/bin/time -o time_19_tyang863_vdhankar.txt -f "%U" python3 homework.py > stulog.txt 2>&1 on vdhankar #####
child exited with value 1
##### ERROR: /usr/bin/time -o time_19_tyang863_vdhankar.txt -f "%U" python3 homework.py > stulog.txt 2>&1 on vdhankar #####
##### Output of failed program (stdout + stderr): #####
Traceback (most recent call last):
  File "homework.py", line 546, in <module>
    print(end-start)
NameError: name 'end' is not defined
##### End of output of failed program #####
##### vdhankar plays [J c3 a5] in 6.3139500617981s #####
##### Running: /usr/lib/jvm/jdk-14.0.1/bin/java -jar /lab/itti/projects/checkers-competition/server/referee.jar on run_19_tyang863_vdhankar #####
Move is valid
##### SUCCESS: /usr/lib/jvm/jdk-14.0.1/bin/java -jar /lab/itti/projects/checkers-competition/server/referee.jar on run_19_tyang863_vdhankar #####
INPUT for tyang863:
GAME
BLACK
299.674242200851
.b.b.b.b
........
...b...b
w.b...b.
.....w.b
w...w.w.
.w...w..
w.w.w...
##### Running: /usr/bin/time -o time_19_tyang863_vdhankar.txt -f "%U" ./homework > stulog.txt 2>&1 on tyang863 #####
##### SUCCESS: /usr/bin/time -o time_19_tyang863_vdhankar.txt -f "%U" ./homework > stulog.txt 2>&1 on tyang863 #####
##### tyang863 plays [E c5 d4] in 0.09s #####
##### Running: /usr/lib/jvm/jdk-14.0.1/bin/java -jar /lab/itti/projects/checkers-competition/server/referee.jar on run_19_tyang863_vdhankar #####
Move is valid
##### SUCCESS: /usr/lib/jvm/jdk-14.0.1/bin/java -jar /lab/itti/projects/checkers-competition/server/referee.jar on run_19_tyang863_vdhankar #####
INPUT for vdhankar:
GAME
WHITE
218.167803764343
.b.b.b.b
........
...b...b
w.....b.
...b.w.b
w...w.w.
.w...w..
w.w.w...
##### Running: /usr/bin/time -o time_19_tyang863_vdhankar.txt -f "%U" python3 homework.py > stulog.txt 2>&1 on vdhankar #####
child exited with value 1
##### ERROR: /usr/bin/time -o time_19_tyang863_vdhankar.txt -f "%U" python3 homework.py > stulog.txt 2>&1 on vdhankar #####
##### Output of failed program (stdout + stderr): #####
Traceback (most recent call last):
  File "homework.py", line 546, in <module>
    print(end-start)
NameError: name 'end' is not defined
##### End of output of failed program #####
##### vdhankar plays [J e3 c5 ; J c5 e7] in 1.73880887031555s #####
##### Running: /usr/lib/jvm/jdk-14.0.1/bin/java -jar /lab/itti/projects/checkers-competition/server/referee.jar on run_19_tyang863_vdhankar #####
Move is valid
##### SUCCESS: /usr/lib/jvm/jdk-14.0.1/bin/java -jar /lab/itti/projects/checkers-competition/server/referee.jar on run_19_tyang863_vdhankar #####
INPUT for tyang863:
GAME
BLACK
299.584242200852
.b.b.b.b
....w...
.......b
w.....b.
.....w.b
w.....w.
.w...w..
w.w.w...
##### Running: /usr/bin/time -o time_19_tyang863_vdhankar.txt -f "%U" ./homework > stulog.txt 2>&1 on tyang863 #####
##### SUCCESS: /usr/bin/time -o time_19_tyang863_vdhankar.txt -f "%U" ./homework > stulog.txt 2>&1 on tyang863 #####
##### tyang863 plays [J g5 e3 ; J e3 g1] in 0.01s #####
##### Running: /usr/lib/jvm/jdk-14.0.1/bin/java -jar /lab/itti/projects/checkers-competition/server/referee.jar on run_19_tyang863_vdhankar #####
Move is valid
##### SUCCESS: /usr/lib/jvm/jdk-14.0.1/bin/java -jar /lab/itti/projects/checkers-competition/server/referee.jar on run_19_tyang863_vdhankar #####
INPUT for vdhankar:
GAME
WHITE
216.428994894028
.b.b.b.b
....w...
.......b
w.......
.......b
w.....w.
.w......
w.w.w.B.
##### Running: /usr/bin/time -o time_19_tyang863_vdhankar.txt -f "%U" python3 homework.py > stulog.txt 2>&1 on vdhankar #####
child exited with value 1
##### ERROR: /usr/bin/time -o time_19_tyang863_vdhankar.txt -f "%U" python3 homework.py > stulog.txt 2>&1 on vdhankar #####
##### Output of failed program (stdout + stderr): #####
Traceback (most recent call last):
  File "homework.py", line 546, in <module>
    print(end-start)
NameError: name 'end' is not defined
##### End of output of failed program #####
##### vdhankar plays [E b2 c3] in 13.2432210445404s #####
##### Running: /usr/lib/jvm/jdk-14.0.1/bin/java -jar /lab/itti/projects/checkers-competition/server/referee.jar on run_19_tyang863_vdhankar #####
Move is valid
##### SUCCESS: /usr/lib/jvm/jdk-14.0.1/bin/java -jar /lab/itti/projects/checkers-competition/server/referee.jar on run_19_tyang863_vdhankar #####
INPUT for tyang863:
GAME
BLACK
299.574242200852
.b.b.b.b
....w...
.......b
w.......
.......b
w.w...w.
........
w.w.w.B.
##### Running: /usr/bin/time -o time_19_tyang863_vdhankar.txt -f "%U" ./homework > stulog.txt 2>&1 on tyang863 #####
##### SUCCESS: /usr/bin/time -o time_19_tyang863_vdhankar.txt -f "%U" ./homework > stulog.txt 2>&1 on tyang863 #####
##### tyang863 plays [J h4 f2] in 0.02s #####
##### Running: /usr/lib/jvm/jdk-14.0.1/bin/java -jar /lab/itti/projects/checkers-competition/server/referee.jar on run_19_tyang863_vdhankar #####
Move is valid
##### SUCCESS: /usr/lib/jvm/jdk-14.0.1/bin/java -jar /lab/itti/projects/checkers-competition/server/referee.jar on run_19_tyang863_vdhankar #####
INPUT for vdhankar:
GAME
WHITE
203.185773849487
.b.b.b.b
....w...
.......b
w.......
........
w.w.....
.....b..
w.w.w.B.
##### Running: /usr/bin/time -o time_19_tyang863_vdhankar.txt -f "%U" python3 homework.py > stulog.txt 2>&1 on vdhankar #####
child exited with value 1
##### ERROR: /usr/bin/time -o time_19_tyang863_vdhankar.txt -f "%U" python3 homework.py > stulog.txt 2>&1 on vdhankar #####
##### Output of failed program (stdout + stderr): #####
Traceback (most recent call last):
  File "homework.py", line 546, in <module>
    print(end-start)
NameError: name 'end' is not defined
##### End of output of failed program #####
##### vdhankar plays [J e1 g3] in 12.8547048568726s #####
##### Running: /usr/lib/jvm/jdk-14.0.1/bin/java -jar /lab/itti/projects/checkers-competition/server/referee.jar on run_19_tyang863_vdhankar #####
Move is valid
##### SUCCESS: /usr/lib/jvm/jdk-14.0.1/bin/java -jar /lab/itti/projects/checkers-competition/server/referee.jar on run_19_tyang863_vdhankar #####
INPUT for tyang863:
GAME
BLACK
299.554242200852
.b.b.b.b
....w...
.......b
w.......
........
w.w...w.
........
w.w...B.
##### Running: /usr/bin/time -o time_19_tyang863_vdhankar.txt -f "%U" ./homework > stulog.txt 2>&1 on tyang863 #####
##### SUCCESS: /usr/bin/time -o time_19_tyang863_vdhankar.txt -f "%U" ./homework > stulog.txt 2>&1 on tyang863 #####
##### tyang863 plays [J f8 d6] in 0.06s #####
##### Running: /usr/lib/jvm/jdk-14.0.1/bin/java -jar /lab/itti/projects/checkers-competition/server/referee.jar on run_19_tyang863_vdhankar #####
Move is valid
##### SUCCESS: /usr/lib/jvm/jdk-14.0.1/bin/java -jar /lab/itti/projects/checkers-competition/server/referee.jar on run_19_tyang863_vdhankar #####
INPUT for vdhankar:
GAME
WHITE
190.331068992615
.b.b...b
........
...b...b
w.......
........
w.w...w.
........
w.w...B.
##### Running: /usr/bin/time -o time_19_tyang863_vdhankar.txt -f "%U" python3 homework.py > stulog.txt 2>&1 on vdhankar #####
child exited with value 1
##### ERROR: /usr/bin/time -o time_19_tyang863_vdhankar.txt -f "%U" python3 homework.py > stulog.txt 2>&1 on vdhankar #####
##### Output of failed program (stdout + stderr): #####
Traceback (most recent call last):
  File "homework.py", line 546, in <module>
    print(end-start)
NameError: name 'end' is not defined
##### End of output of failed program #####
##### vdhankar plays [E g3 h4] in 90.1954870223999s #####
##### Running: /usr/lib/jvm/jdk-14.0.1/bin/java -jar /lab/itti/projects/checkers-competition/server/referee.jar on run_19_tyang863_vdhankar #####
Move is valid
##### SUCCESS: /usr/lib/jvm/jdk-14.0.1/bin/java -jar /lab/itti/projects/checkers-competition/server/referee.jar on run_19_tyang863_vdhankar #####
INPUT for tyang863:
GAME
BLACK
299.494242200852
.b.b...b
........
...b...b
w.......
.......w
w.w.....
........
w.w...B.
##### Running: /usr/bin/time -o time_19_tyang863_vdhankar.txt -f "%U" ./homework > stulog.txt 2>&1 on tyang863 #####
##### SUCCESS: /usr/bin/time -o time_19_tyang863_vdhankar.txt -f "%U" ./homework > stulog.txt 2>&1 on tyang863 #####
##### tyang863 plays [E g1 f2] in 0.13s #####
##### Running: /usr/lib/jvm/jdk-14.0.1/bin/java -jar /lab/itti/projects/checkers-competition/server/referee.jar on run_19_tyang863_vdhankar #####
Move is valid
##### SUCCESS: /usr/lib/jvm/jdk-14.0.1/bin/java -jar /lab/itti/projects/checkers-competition/server/referee.jar on run_19_tyang863_vdhankar #####
INPUT for vdhankar:
GAME
WHITE
100.135581970215
.b.b...b
........
...b...b
w.......
.......w
w.w.....
.....B..
w.w.....
##### Running: /usr/bin/time -o time_19_tyang863_vdhankar.txt -f "%U" python3 homework.py > stulog.txt 2>&1 on vdhankar #####
child exited with value 1
##### ERROR: /usr/bin/time -o time_19_tyang863_vdhankar.txt -f "%U" python3 homework.py > stulog.txt 2>&1 on vdhankar #####
##### Output of failed program (stdout + stderr): #####
Traceback (most recent call last):
  File "homework.py", line 546, in <module>
    print(end-start)
NameError: name 'end' is not defined
##### End of output of failed program #####
##### vdhankar plays [E c1 d2] in 32.36159491539s #####
##### Running: /usr/lib/jvm/jdk-14.0.1/bin/java -jar /lab/itti/projects/checkers-competition/server/referee.jar on run_19_tyang863_vdhankar #####
Move is valid
##### SUCCESS: /usr/lib/jvm/jdk-14.0.1/bin/java -jar /lab/itti/projects/checkers-competition/server/referee.jar on run_19_tyang863_vdhankar #####
INPUT for tyang863:
GAME
BLACK
299.364242200852
.b.b...b
........
...b...b
w.......
.......w
w.w.....
...w.B..
w.......
##### Running: /usr/bin/time -o time_19_tyang863_vdhankar.txt -f "%U" ./homework > stulog.txt 2>&1 on tyang863 #####
##### SUCCESS: /usr/bin/time -o time_19_tyang863_vdhankar.txt -f "%U" ./homework > stulog.txt 2>&1 on tyang863 #####
##### tyang863 plays [E f2 e1] in 0.1s #####
##### Running: /usr/lib/jvm/jdk-14.0.1/bin/java -jar /lab/itti/projects/checkers-competition/server/referee.jar on run_19_tyang863_vdhankar #####
Move is valid
##### SUCCESS: /usr/lib/jvm/jdk-14.0.1/bin/java -jar /lab/itti/projects/checkers-competition/server/referee.jar on run_19_tyang863_vdhankar #####
INPUT for vdhankar:
GAME
WHITE
67.7739870548248
.b.b...b
........
...b...b
w.......
.......w
w.w.....
...w....
w...B...
##### Running: /usr/bin/time -o time_19_tyang863_vdhankar.txt -f "%U" python3 homework.py > stulog.txt 2>&1 on vdhankar #####
child exited with value 1
##### ERROR: /usr/bin/time -o time_19_tyang863_vdhankar.txt -f "%U" python3 homework.py > stulog.txt 2>&1 on vdhankar #####
##### Output of failed program (stdout + stderr): #####
Traceback (most recent call last):
  File "homework.py", line 546, in <module>
    print(end-start)
NameError: name 'end' is not defined
##### End of output of failed program #####
##### vdhankar plays [E d2 e3] in 17.5531661510468s #####
##### Running: /usr/lib/jvm/jdk-14.0.1/bin/java -jar /lab/itti/projects/checkers-competition/server/referee.jar on run_19_tyang863_vdhankar #####
Move is valid
##### SUCCESS: /usr/lib/jvm/jdk-14.0.1/bin/java -jar /lab/itti/projects/checkers-competition/server/referee.jar on run_19_tyang863_vdhankar #####
INPUT for tyang863:
GAME
BLACK
299.264242200852
.b.b...b
........
...b...b
w.......
.......w
w.w.w...
........
w...B...
##### Running: /usr/bin/time -o time_19_tyang863_vdhankar.txt -f "%U" ./homework > stulog.txt 2>&1 on tyang863 #####
##### SUCCESS: /usr/bin/time -o time_19_tyang863_vdhankar.txt -f "%U" ./homework > stulog.txt 2>&1 on tyang863 #####
##### tyang863 plays [E e1 f2] in 0.08s #####
##### Running: /usr/lib/jvm/jdk-14.0.1/bin/java -jar /lab/itti/projects/checkers-competition/server/referee.jar on run_19_tyang863_vdhankar #####
Move is valid
##### SUCCESS: /usr/lib/jvm/jdk-14.0.1/bin/java -jar /lab/itti/projects/checkers-competition/server/referee.jar on run_19_tyang863_vdhankar #####
INPUT for vdhankar:
GAME
WHITE
50.2208209037781
.b.b...b
........
...b...b
w.......
.......w
w.w.w...
.....B..
w.......
##### Running: /usr/bin/time -o time_19_tyang863_vdhankar.txt -f "%U" python3 homework.py > stulog.txt 2>&1 on vdhankar #####
child exited with value 1
##### ERROR: /usr/bin/time -o time_19_tyang863_vdhankar.txt -f "%U" python3 homework.py > stulog.txt 2>&1 on vdhankar #####
##### Output of failed program (stdout + stderr): #####
Traceback (most recent call last):
  File "homework.py", line 546, in <module>
    print(end-start)
NameError: name 'end' is not defined
##### End of output of failed program #####
##### vdhankar plays [E a1 b2] in 16.0359649658203s #####
##### Running: /usr/lib/jvm/jdk-14.0.1/bin/java -jar /lab/itti/projects/checkers-competition/server/referee.jar on run_19_tyang863_vdhankar #####
Move is valid
##### SUCCESS: /usr/lib/jvm/jdk-14.0.1/bin/java -jar /lab/itti/projects/checkers-competition/server/referee.jar on run_19_tyang863_vdhankar #####
INPUT for tyang863:
GAME
BLACK
299.184242200852
.b.b...b
........
...b...b
w.......
.......w
w.w.w...
.w...B..
........
##### Running: /usr/bin/time -o time_19_tyang863_vdhankar.txt -f "%U" ./homework > stulog.txt 2>&1 on tyang863 #####
##### SUCCESS: /usr/bin/time -o time_19_tyang863_vdhankar.txt -f "%U" ./homework > stulog.txt 2>&1 on tyang863 #####
##### tyang863 plays [J f2 d4] in 0.00979995727539062s #####
##### Running: /usr/lib/jvm/jdk-14.0.1/bin/java -jar /lab/itti/projects/checkers-competition/server/referee.jar on run_19_tyang863_vdhankar #####
Move is valid
##### SUCCESS: /usr/lib/jvm/jdk-14.0.1/bin/java -jar /lab/itti/projects/checkers-competition/server/referee.jar on run_19_tyang863_vdhankar #####
INPUT for vdhankar:
GAME
WHITE
34.1848559379578
.b.b...b
........
...b...b
w.......
...B...w
w.w.....
.w......
........
##### Running: /usr/bin/time -o time_19_tyang863_vdhankar.txt -f "%U" python3 homework.py > stulog.txt 2>&1 on vdhankar #####
child exited with value 1
##### ERROR: /usr/bin/time -o time_19_tyang863_vdhankar.txt -f "%U" python3 homework.py > stulog.txt 2>&1 on vdhankar #####
##### Output of failed program (stdout + stderr): #####
Traceback (most recent call last):
  File "homework.py", line 546, in <module>
    print(end-start)
NameError: name 'end' is not defined
##### End of output of failed program #####
##### vdhankar plays [J c3 e5 ; J e5 c7] in 0.403069019317627s #####
##### Running: /usr/lib/jvm/jdk-14.0.1/bin/java -jar /lab/itti/projects/checkers-competition/server/referee.jar on run_19_tyang863_vdhankar #####
Move is valid
##### SUCCESS: /usr/lib/jvm/jdk-14.0.1/bin/java -jar /lab/itti/projects/checkers-competition/server/referee.jar on run_19_tyang863_vdhankar #####
INPUT for tyang863:
GAME
BLACK
299.174442243576
.b.b...b
..w.....
.......b
w.......
.......w
w.......
.w......
........
##### Running: /usr/bin/time -o time_19_tyang863_vdhankar.txt -f "%U" ./homework > stulog.txt 2>&1 on tyang863 #####
##### SUCCESS: /usr/bin/time -o time_19_tyang863_vdhankar.txt -f "%U" ./homework > stulog.txt 2>&1 on tyang863 #####
##### tyang863 plays [J d8 b6] in 0.0109381675720215s #####
##### Running: /usr/lib/jvm/jdk-14.0.1/bin/java -jar /lab/itti/projects/checkers-competition/server/referee.jar on run_19_tyang863_vdhankar #####
Move is valid
##### SUCCESS: /usr/lib/jvm/jdk-14.0.1/bin/java -jar /lab/itti/projects/checkers-competition/server/referee.jar on run_19_tyang863_vdhankar #####
INPUT for vdhankar:
GAME
WHITE
33.7817869186401
.b.....b
........
.b.....b
w.......
.......w
w.......
.w......
........
##### Running: /usr/bin/time -o time_19_tyang863_vdhankar.txt -f "%U" python3 homework.py > stulog.txt 2>&1 on vdhankar #####
child exited with value 1
##### ERROR: /usr/bin/time -o time_19_tyang863_vdhankar.txt -f "%U" python3 homework.py > stulog.txt 2>&1 on vdhankar #####
##### Output of failed program (stdout + stderr): #####
Traceback (most recent call last):
  File "homework.py", line 546, in <module>
    print(end-start)
NameError: name 'end' is not defined
##### End of output of failed program #####
##### vdhankar plays [J a5 c7] in 0.38011908531189s #####
##### Running: /usr/lib/jvm/jdk-14.0.1/bin/java -jar /lab/itti/projects/checkers-competition/server/referee.jar on run_19_tyang863_vdhankar #####
Move is valid
##### SUCCESS: /usr/lib/jvm/jdk-14.0.1/bin/java -jar /lab/itti/projects/checkers-competition/server/referee.jar on run_19_tyang863_vdhankar #####
INPUT for tyang863:
GAME
BLACK
299.163504076004
.b.....b
..w.....
.......b
........
.......w
w.......
.w......
........
##### Running: /usr/bin/time -o time_19_tyang863_vdhankar.txt -f "%U" ./homework > stulog.txt 2>&1 on tyang863 #####
##### SUCCESS: /usr/bin/time -o time_19_tyang863_vdhankar.txt -f "%U" ./homework > stulog.txt 2>&1 on tyang863 #####
##### tyang863 plays [J b8 d6] in 0.0136828422546387s #####
##### Running: /usr/lib/jvm/jdk-14.0.1/bin/java -jar /lab/itti/projects/checkers-competition/server/referee.jar on run_19_tyang863_vdhankar #####
Move is valid
##### SUCCESS: /usr/lib/jvm/jdk-14.0.1/bin/java -jar /lab/itti/projects/checkers-competition/server/referee.jar on run_19_tyang863_vdhankar #####
INPUT for vdhankar:
GAME
WHITE
33.4016678333282
.......b
........
...b...b
........
.......w
w.......
.w......
........
##### Running: /usr/bin/time -o time_19_tyang863_vdhankar.txt -f "%U" python3 homework.py > stulog.txt 2>&1 on vdhankar #####
child exited with value 1
##### ERROR: /usr/bin/time -o time_19_tyang863_vdhankar.txt -f "%U" python3 homework.py > stulog.txt 2>&1 on vdhankar #####
##### Output of failed program (stdout + stderr): #####
Traceback (most recent call last):
  File "homework.py", line 546, in <module>
    print(end-start)
NameError: name 'end' is not defined
##### End of output of failed program #####
##### vdhankar plays [E b2 c3] in 0.648335933685303s #####
##### Running: /usr/lib/jvm/jdk-14.0.1/bin/java -jar /lab/itti/projects/checkers-competition/server/referee.jar on run_19_tyang863_vdhankar #####
Move is valid
##### SUCCESS: /usr/lib/jvm/jdk-14.0.1/bin/java -jar /lab/itti/projects/checkers-competition/server/referee.jar on run_19_tyang863_vdhankar #####
INPUT for tyang863:
GAME
BLACK
299.149821233749
.......b
........
...b...b
........
.......w
w.w.....
........
........
##### Running: /usr/bin/time -o time_19_tyang863_vdhankar.txt -f "%U" ./homework > stulog.txt 2>&1 on tyang863 #####
##### SUCCESS: /usr/bin/time -o time_19_tyang863_vdhankar.txt -f "%U" ./homework > stulog.txt 2>&1 on tyang863 #####
##### tyang863 plays [E d6 e5] in 0.0167739391326904s #####
##### Running: /usr/lib/jvm/jdk-14.0.1/bin/java -jar /lab/itti/projects/checkers-competition/server/referee.jar on run_19_tyang863_vdhankar #####
Move is valid
##### SUCCESS: /usr/lib/jvm/jdk-14.0.1/bin/java -jar /lab/itti/projects/checkers-competition/server/referee.jar on run_19_tyang863_vdhankar #####
INPUT for vdhankar:
GAME
WHITE
32.7533318996429
.......b
........
.......b
....b...
.......w
w.w.....
........
........
##### Running: /usr/bin/time -o time_19_tyang863_vdhankar.txt -f "%U" python3 homework.py > stulog.txt 2>&1 on vdhankar #####
child exited with value 1
##### ERROR: /usr/bin/time -o time_19_tyang863_vdhankar.txt -f "%U" python3 homework.py > stulog.txt 2>&1 on vdhankar #####
##### Output of failed program (stdout + stderr): #####
Traceback (most recent call last):
  File "homework.py", line 546, in <module>
    print(end-start)
NameError: name 'end' is not defined
##### End of output of failed program #####
##### vdhankar plays [E a3 b4] in 0.570945024490356s #####
##### Running: /usr/lib/jvm/jdk-14.0.1/bin/java -jar /lab/itti/projects/checkers-competition/server/referee.jar on run_19_tyang863_vdhankar #####
Move is valid
##### SUCCESS: /usr/lib/jvm/jdk-14.0.1/bin/java -jar /lab/itti/projects/checkers-competition/server/referee.jar on run_19_tyang863_vdhankar #####
INPUT for tyang863:
GAME
BLACK
299.133047294617
.......b
........
.......b
....b...
.w.....w
..w.....
........
........
##### Running: /usr/bin/time -o time_19_tyang863_vdhankar.txt -f "%U" ./homework > stulog.txt 2>&1 on tyang863 #####
##### SUCCESS: /usr/bin/time -o time_19_tyang863_vdhankar.txt -f "%U" ./homework > stulog.txt 2>&1 on tyang863 #####
##### tyang863 plays [E e5 f4] in 0.00999593734741211s #####
##### Running: /usr/lib/jvm/jdk-14.0.1/bin/java -jar /lab/itti/projects/checkers-competition/server/referee.jar on run_19_tyang863_vdhankar #####
Move is valid
##### SUCCESS: /usr/lib/jvm/jdk-14.0.1/bin/java -jar /lab/itti/projects/checkers-competition/server/referee.jar on run_19_tyang863_vdhankar #####
INPUT for vdhankar:
GAME
WHITE
32.1823868751526
.......b
........
.......b
........
.w...b.w
..w.....
........
........
##### Running: /usr/bin/time -o time_19_tyang863_vdhankar.txt -f "%U" python3 homework.py > stulog.txt 2>&1 on vdhankar #####
child exited with value 1
##### ERROR: /usr/bin/time -o time_19_tyang863_vdhankar.txt -f "%U" python3 homework.py > stulog.txt 2>&1 on vdhankar #####
##### Output of failed program (stdout + stderr): #####
Traceback (most recent call last):
  File "homework.py", line 546, in <module>
    print(end-start)
NameError: name 'end' is not defined
##### End of output of failed program #####
##### vdhankar plays [E b4 c5] in 0.673970937728882s #####
##### Running: /usr/lib/jvm/jdk-14.0.1/bin/java -jar /lab/itti/projects/checkers-competition/server/referee.jar on run_19_tyang863_vdhankar #####
Move is valid
##### SUCCESS: /usr/lib/jvm/jdk-14.0.1/bin/java -jar /lab/itti/projects/checkers-competition/server/referee.jar on run_19_tyang863_vdhankar #####
INPUT for tyang863:
GAME
BLACK
299.123051357269
.......b
........
.......b
..w.....
.....b.w
..w.....
........
........
##### Running: /usr/bin/time -o time_19_tyang863_vdhankar.txt -f "%U" ./homework > stulog.txt 2>&1 on tyang863 #####
##### SUCCESS: /usr/bin/time -o time_19_tyang863_vdhankar.txt -f "%U" ./homework > stulog.txt 2>&1 on tyang863 #####
##### tyang863 plays [E f4 e3] in 0.0207829475402832s #####
##### Running: /usr/lib/jvm/jdk-14.0.1/bin/java -jar /lab/itti/projects/checkers-competition/server/referee.jar on run_19_tyang863_vdhankar #####
Move is valid
##### SUCCESS: /usr/lib/jvm/jdk-14.0.1/bin/java -jar /lab/itti/projects/checkers-competition/server/referee.jar on run_19_tyang863_vdhankar #####
INPUT for vdhankar:
GAME
WHITE
31.5084159374237
.......b
........
.......b
..w.....
.......w
..w.b...
........
........
##### Running: /usr/bin/time -o time_19_tyang863_vdhankar.txt -f "%U" python3 homework.py > stulog.txt 2>&1 on vdhankar #####
child exited with value 1
##### ERROR: /usr/bin/time -o time_19_tyang863_vdhankar.txt -f "%U" python3 homework.py > stulog.txt 2>&1 on vdhankar #####
##### Output of failed program (stdout + stderr): #####
Traceback (most recent call last):
  File "homework.py", line 546, in <module>
    print(end-start)
NameError: name 'end' is not defined
##### End of output of failed program #####
##### vdhankar plays [E c3 d4] in 1.09312796592712s #####
##### Running: /usr/lib/jvm/jdk-14.0.1/bin/java -jar /lab/itti/projects/checkers-competition/server/referee.jar on run_19_tyang863_vdhankar #####
Move is valid
##### SUCCESS: /usr/lib/jvm/jdk-14.0.1/bin/java -jar /lab/itti/projects/checkers-competition/server/referee.jar on run_19_tyang863_vdhankar #####
INPUT for tyang863:
GAME
BLACK
299.102268409729
.......b
........
.......b
..w.....
...w...w
....b...
........
........
##### Running: /usr/bin/time -o time_19_tyang863_vdhankar.txt -f "%U" ./homework > stulog.txt 2>&1 on tyang863 #####
##### SUCCESS: /usr/bin/time -o time_19_tyang863_vdhankar.txt -f "%U" ./homework > stulog.txt 2>&1 on tyang863 #####
##### tyang863 plays [E e3 d2] in 0.0100281238555908s #####
##### Running: /usr/lib/jvm/jdk-14.0.1/bin/java -jar /lab/itti/projects/checkers-competition/server/referee.jar on run_19_tyang863_vdhankar #####
Move is valid
##### SUCCESS: /usr/lib/jvm/jdk-14.0.1/bin/java -jar /lab/itti/projects/checkers-competition/server/referee.jar on run_19_tyang863_vdhankar #####
INPUT for vdhankar:
GAME
WHITE
30.4152879714966
.......b
........
.......b
..w.....
...w...w
........
...b....
........
##### Running: /usr/bin/time -o time_19_tyang863_vdhankar.txt -f "%U" python3 homework.py > stulog.txt 2>&1 on vdhankar #####
child exited with value 1
##### ERROR: /usr/bin/time -o time_19_tyang863_vdhankar.txt -f "%U" python3 homework.py > stulog.txt 2>&1 on vdhankar #####
##### Output of failed program (stdout + stderr): #####
Traceback (most recent call last):
  File "homework.py", line 546, in <module>
    print(end-start)
NameError: name 'end' is not defined
##### End of output of failed program #####
##### vdhankar plays [E d4 e5] in 0.816154956817627s #####
##### Running: /usr/lib/jvm/jdk-14.0.1/bin/java -jar /lab/itti/projects/checkers-competition/server/referee.jar on run_19_tyang863_vdhankar #####
Move is valid
##### SUCCESS: /usr/lib/jvm/jdk-14.0.1/bin/java -jar /lab/itti/projects/checkers-competition/server/referee.jar on run_19_tyang863_vdhankar #####
INPUT for tyang863:
GAME
BLACK
299.092240285874
.......b
........
.......b
..w.w...
.......w
........
...b....
........
##### Running: /usr/bin/time -o time_19_tyang863_vdhankar.txt -f "%U" ./homework > stulog.txt 2>&1 on tyang863 #####
##### SUCCESS: /usr/bin/time -o time_19_tyang863_vdhankar.txt -f "%U" ./homework > stulog.txt 2>&1 on tyang863 #####
##### tyang863 plays [E h8 g7] in 0.0109879970550537s #####
##### Running: /usr/lib/jvm/jdk-14.0.1/bin/java -jar /lab/itti/projects/checkers-competition/server/referee.jar on run_19_tyang863_vdhankar #####
Move is valid
##### SUCCESS: /usr/lib/jvm/jdk-14.0.1/bin/java -jar /lab/itti/projects/checkers-competition/server/referee.jar on run_19_tyang863_vdhankar #####
INPUT for vdhankar:
GAME
WHITE
29.599133014679
........
......b.
.......b
..w.w...
.......w
........
...b....
........
##### Running: /usr/bin/time -o time_19_tyang863_vdhankar.txt -f "%U" python3 homework.py > stulog.txt 2>&1 on vdhankar #####
child exited with value 1
##### ERROR: /usr/bin/time -o time_19_tyang863_vdhankar.txt -f "%U" python3 homework.py > stulog.txt 2>&1 on vdhankar #####
##### Output of failed program (stdout + stderr): #####
Traceback (most recent call last):
  File "homework.py", line 546, in <module>
    print(end-start)
NameError: name 'end' is not defined
##### End of output of failed program #####
##### vdhankar plays [E c5 d6] in 0.537206888198853s #####
##### Running: /usr/lib/jvm/jdk-14.0.1/bin/java -jar /lab/itti/projects/checkers-competition/server/referee.jar on run_19_tyang863_vdhankar #####
Move is valid
##### SUCCESS: /usr/lib/jvm/jdk-14.0.1/bin/java -jar /lab/itti/projects/checkers-competition/server/referee.jar on run_19_tyang863_vdhankar #####
INPUT for tyang863:
GAME
BLACK
299.081252288818
........
......b.
...w...b
....w...
.......w
........
...b....
........
##### Running: /usr/bin/time -o time_19_tyang863_vdhankar.txt -f "%U" ./homework > stulog.txt 2>&1 on tyang863 #####
##### SUCCESS: /usr/bin/time -o time_19_tyang863_vdhankar.txt -f "%U" ./homework > stulog.txt 2>&1 on tyang863 #####
##### tyang863 plays [E g7 f6] in 0.0107100009918213s #####
##### Running: /usr/lib/jvm/jdk-14.0.1/bin/java -jar /lab/itti/projects/checkers-competition/server/referee.jar on run_19_tyang863_vdhankar #####
Move is valid
##### SUCCESS: /usr/lib/jvm/jdk-14.0.1/bin/java -jar /lab/itti/projects/checkers-competition/server/referee.jar on run_19_tyang863_vdhankar #####
INPUT for vdhankar:
GAME
WHITE
29.0619261264801
........
........
...w.b.b
....w...
.......w
........
...b....
........
##### Running: /usr/bin/time -o time_19_tyang863_vdhankar.txt -f "%U" python3 homework.py > stulog.txt 2>&1 on vdhankar #####
child exited with value 1
##### ERROR: /usr/bin/time -o time_19_tyang863_vdhankar.txt -f "%U" python3 homework.py > stulog.txt 2>&1 on vdhankar #####
##### Output of failed program (stdout + stderr): #####
Traceback (most recent call last):
  File "homework.py", line 546, in <module>
    print(end-start)
NameError: name 'end' is not defined
##### End of output of failed program #####
##### vdhankar plays [J e5 g7] in 0.417906045913696s #####
##### Running: /usr/lib/jvm/jdk-14.0.1/bin/java -jar /lab/itti/projects/checkers-competition/server/referee.jar on run_19_tyang863_vdhankar #####
Move is valid
##### SUCCESS: /usr/lib/jvm/jdk-14.0.1/bin/java -jar /lab/itti/projects/checkers-competition/server/referee.jar on run_19_tyang863_vdhankar #####
INPUT for tyang863:
GAME
BLACK
299.070542287827
........
......w.
...w...b
........
.......w
........
...b....
........
##### Running: /usr/bin/time -o time_19_tyang863_vdhankar.txt -f "%U" ./homework > stulog.txt 2>&1 on tyang863 #####
##### SUCCESS: /usr/bin/time -o time_19_tyang863_vdhankar.txt -f "%U" ./homework > stulog.txt 2>&1 on tyang863 #####
##### tyang863 plays [E h6 g5] in 0.0185511112213135s #####
##### Running: /usr/lib/jvm/jdk-14.0.1/bin/java -jar /lab/itti/projects/checkers-competition/server/referee.jar on run_19_tyang863_vdhankar #####
Move is valid
##### SUCCESS: /usr/lib/jvm/jdk-14.0.1/bin/java -jar /lab/itti/projects/checkers-competition/server/referee.jar on run_19_tyang863_vdhankar #####
INPUT for vdhankar:
GAME
WHITE
28.6440200805664
........
......w.
...w....
......b.
.......w
........
...b....
........
##### Running: /usr/bin/time -o time_19_tyang863_vdhankar.txt -f "%U" python3 homework.py > stulog.txt 2>&1 on vdhankar #####
child exited with value 1
##### ERROR: /usr/bin/time -o time_19_tyang863_vdhankar.txt -f "%U" python3 homework.py > stulog.txt 2>&1 on vdhankar #####
##### Output of failed program (stdout + stderr): #####
Traceback (most recent call last):
  File "homework.py", line 546, in <module>
    print(end-start)
NameError: name 'end' is not defined
##### End of output of failed program #####
##### vdhankar plays [J h4 f6] in 0.514287948608398s #####
##### Running: /usr/lib/jvm/jdk-14.0.1/bin/java -jar /lab/itti/projects/checkers-competition/server/referee.jar on run_19_tyang863_vdhankar #####
Move is valid
##### SUCCESS: /usr/lib/jvm/jdk-14.0.1/bin/java -jar /lab/itti/projects/checkers-competition/server/referee.jar on run_19_tyang863_vdhankar #####
INPUT for tyang863:
GAME
BLACK
299.051991176605
........
......w.
...w.w..
........
........
........
...b....
........
##### Running: /usr/bin/time -o time_19_tyang863_vdhankar.txt -f "%U" ./homework > stulog.txt 2>&1 on tyang863 #####
##### SUCCESS: /usr/bin/time -o time_19_tyang863_vdhankar.txt -f "%U" ./homework > stulog.txt 2>&1 on tyang863 #####
##### tyang863 plays [E d2 c1] in 0.0105841159820557s #####
##### Running: /usr/lib/jvm/jdk-14.0.1/bin/java -jar /lab/itti/projects/checkers-competition/server/referee.jar on run_19_tyang863_vdhankar #####
Move is valid
##### SUCCESS: /usr/lib/jvm/jdk-14.0.1/bin/java -jar /lab/itti/projects/checkers-competition/server/referee.jar on run_19_tyang863_vdhankar #####
INPUT for vdhankar:
GAME
WHITE
28.129732131958
........
......w.
...w.w..
........
........
........
........
..B.....
##### Running: /usr/bin/time -o time_19_tyang863_vdhankar.txt -f "%U" python3 homework.py > stulog.txt 2>&1 on vdhankar #####
child exited with value 1
##### ERROR: /usr/bin/time -o time_19_tyang863_vdhankar.txt -f "%U" python3 homework.py > stulog.txt 2>&1 on vdhankar #####
##### Output of failed program (stdout + stderr): #####
Traceback (most recent call last):
  File "homework.py", line 546, in <module>
    print(end-start)
NameError: name 'end' is not defined
##### End of output of failed program #####
##### vdhankar plays [E f6 e7] in 0.609691143035889s #####
##### Running: /usr/lib/jvm/jdk-14.0.1/bin/java -jar /lab/itti/projects/checkers-competition/server/referee.jar on run_19_tyang863_vdhankar #####
Move is valid
##### SUCCESS: /usr/lib/jvm/jdk-14.0.1/bin/java -jar /lab/itti/projects/checkers-competition/server/referee.jar on run_19_tyang863_vdhankar #####
INPUT for tyang863:
GAME
BLACK
299.041407060623
........
....w.w.
...w....
........
........
........
........
..B.....
##### Running: /usr/bin/time -o time_19_tyang863_vdhankar.txt -f "%U" ./homework > stulog.txt 2>&1 on tyang863 #####
##### SUCCESS: /usr/bin/time -o time_19_tyang863_vdhankar.txt -f "%U" ./homework > stulog.txt 2>&1 on tyang863 #####
##### tyang863 plays [E c1 b2] in 0.0117740631103516s #####
##### Running: /usr/lib/jvm/jdk-14.0.1/bin/java -jar /lab/itti/projects/checkers-competition/server/referee.jar on run_19_tyang863_vdhankar #####
Move is valid
##### SUCCESS: /usr/lib/jvm/jdk-14.0.1/bin/java -jar /lab/itti/projects/checkers-competition/server/referee.jar on run_19_tyang863_vdhankar #####
INPUT for vdhankar:
GAME
WHITE
27.5200409889221
........
....w.w.
...w....
........
........
........
.B......
........
##### Running: /usr/bin/time -o time_19_tyang863_vdhankar.txt -f "%U" python3 homework.py > stulog.txt 2>&1 on vdhankar #####
child exited with value 1
##### ERROR: /usr/bin/time -o time_19_tyang863_vdhankar.txt -f "%U" python3 homework.py > stulog.txt 2>&1 on vdhankar #####
##### Output of failed program (stdout + stderr): #####
Traceback (most recent call last):
  File "homework.py", line 546, in <module>
    print(end-start)
NameError: name 'end' is not defined
##### End of output of failed program #####
##### vdhankar plays [E d6 c7] in 0.932497024536133s #####
##### Running: /usr/lib/jvm/jdk-14.0.1/bin/java -jar /lab/itti/projects/checkers-competition/server/referee.jar on run_19_tyang863_vdhankar #####
Move is valid
##### SUCCESS: /usr/lib/jvm/jdk-14.0.1/bin/java -jar /lab/itti/projects/checkers-competition/server/referee.jar on run_19_tyang863_vdhankar #####
INPUT for tyang863:
GAME
BLACK
299.029632997513
........
..w.w.w.
........
........
........
........
.B......
........
##### Running: /usr/bin/time -o time_19_tyang863_vdhankar.txt -f "%U" ./homework > stulog.txt 2>&1 on tyang863 #####
##### SUCCESS: /usr/bin/time -o time_19_tyang863_vdhankar.txt -f "%U" ./homework > stulog.txt 2>&1 on tyang863 #####
##### tyang863 plays [E b2 a3] in 0.0112440586090088s #####
##### Running: /usr/lib/jvm/jdk-14.0.1/bin/java -jar /lab/itti/projects/checkers-competition/server/referee.jar on run_19_tyang863_vdhankar #####
Move is valid
##### SUCCESS: /usr/lib/jvm/jdk-14.0.1/bin/java -jar /lab/itti/projects/checkers-competition/server/referee.jar on run_19_tyang863_vdhankar #####
INPUT for vdhankar:
GAME
WHITE
26.587543964386
........
..w.w.w.
........
........
........
B.......
........
........
##### Running: /usr/bin/time -o time_19_tyang863_vdhankar.txt -f "%U" python3 homework.py > stulog.txt 2>&1 on vdhankar #####
child exited with value 1
##### ERROR: /usr/bin/time -o time_19_tyang863_vdhankar.txt -f "%U" python3 homework.py > stulog.txt 2>&1 on vdhankar #####
##### Output of failed program (stdout + stderr): #####
Traceback (most recent call last):
  File "homework.py", line 546, in <module>
    print(end-start)
NameError: name 'end' is not defined
##### End of output of failed program #####
##### vdhankar plays [E g7 f8] in 1.17015600204468s #####
##### Running: /usr/lib/jvm/jdk-14.0.1/bin/java -jar /lab/itti/projects/checkers-competition/server/referee.jar on run_19_tyang863_vdhankar #####
Move is valid
##### SUCCESS: /usr/lib/jvm/jdk-14.0.1/bin/java -jar /lab/itti/projects/checkers-competition/server/referee.jar on run_19_tyang863_vdhankar #####
INPUT for tyang863:
GAME
BLACK
299.018388938904
.....W..
..w.w...
........
........
........
B.......
........
........
##### Running: /usr/bin/time -o time_19_tyang863_vdhankar.txt -f "%U" ./homework > stulog.txt 2>&1 on tyang863 #####
##### SUCCESS: /usr/bin/time -o time_19_tyang863_vdhankar.txt -f "%U" ./homework > stulog.txt 2>&1 on tyang863 #####
##### tyang863 plays [E a3 b2] in 0.0109059810638428s #####
##### Running: /usr/lib/jvm/jdk-14.0.1/bin/java -jar /lab/itti/projects/checkers-competition/server/referee.jar on run_19_tyang863_vdhankar #####
Move is valid
##### SUCCESS: /usr/lib/jvm/jdk-14.0.1/bin/java -jar /lab/itti/projects/checkers-competition/server/referee.jar on run_19_tyang863_vdhankar #####
INPUT for vdhankar:
GAME
WHITE
25.4173879623413
.....W..
..w.w...
........
........
........
........
.B......
........
##### Running: /usr/bin/time -o time_19_tyang863_vdhankar.txt -f "%U" python3 homework.py > stulog.txt 2>&1 on vdhankar #####
child exited with value 1
##### ERROR: /usr/bin/time -o time_19_tyang863_vdhankar.txt -f "%U" python3 homework.py > stulog.txt 2>&1 on vdhankar #####
##### Output of failed program (stdout + stderr): #####
Traceback (most recent call last):
  File "homework.py", line 546, in <module>
    print(end-start)
NameError: name 'end' is not defined
##### End of output of failed program #####
##### vdhankar plays [E e7 d8] in 0.791128873825073s #####
##### Running: /usr/lib/jvm/jdk-14.0.1/bin/java -jar /lab/itti/projects/checkers-competition/server/referee.jar on run_19_tyang863_vdhankar #####
Move is valid
##### SUCCESS: /usr/lib/jvm/jdk-14.0.1/bin/java -jar /lab/itti/projects/checkers-competition/server/referee.jar on run_19_tyang863_vdhankar #####
INPUT for tyang863:
GAME
BLACK
299.00748295784
...W.W..
..w.....
........
........
........
........
.B......
........
##### Running: /usr/bin/time -o time_19_tyang863_vdhankar.txt -f "%U" ./homework > stulog.txt 2>&1 on tyang863 #####
##### SUCCESS: /usr/bin/time -o time_19_tyang863_vdhankar.txt -f "%U" ./homework > stulog.txt 2>&1 on tyang863 #####
##### tyang863 plays [E b2 a3] in 0.0115108489990234s #####
##### Running: /usr/lib/jvm/jdk-14.0.1/bin/java -jar /lab/itti/projects/checkers-competition/server/referee.jar on run_19_tyang863_vdhankar #####
Move is valid
##### SUCCESS: /usr/lib/jvm/jdk-14.0.1/bin/java -jar /lab/itti/projects/checkers-competition/server/referee.jar on run_19_tyang863_vdhankar #####
INPUT for vdhankar:
GAME
WHITE
24.6262590885162
...W.W..
..w.....
........
........
........
B.......
........
........
##### Running: /usr/bin/time -o time_19_tyang863_vdhankar.txt -f "%U" python3 homework.py > stulog.txt 2>&1 on vdhankar #####
child exited with value 1
##### ERROR: /usr/bin/time -o time_19_tyang863_vdhankar.txt -f "%U" python3 homework.py > stulog.txt 2>&1 on vdhankar #####
##### Output of failed program (stdout + stderr): #####
Traceback (most recent call last):
  File "homework.py", line 546, in <module>
    print(end-start)
NameError: name 'end' is not defined
##### End of output of failed program #####
##### vdhankar plays [E d8 e7] in 0.345144987106323s #####
##### Running: /usr/lib/jvm/jdk-14.0.1/bin/java -jar /lab/itti/projects/checkers-competition/server/referee.jar on run_19_tyang863_vdhankar #####
Move is valid
##### SUCCESS: /usr/lib/jvm/jdk-14.0.1/bin/java -jar /lab/itti/projects/checkers-competition/server/referee.jar on run_19_tyang863_vdhankar #####
INPUT for tyang863:
GAME
BLACK
298.995972108841
.....W..
..w.W...
........
........
........
B.......
........
........
##### Running: /usr/bin/time -o time_19_tyang863_vdhankar.txt -f "%U" ./homework > stulog.txt 2>&1 on tyang863 #####
##### SUCCESS: /usr/bin/time -o time_19_tyang863_vdhankar.txt -f "%U" ./homework > stulog.txt 2>&1 on tyang863 #####
##### tyang863 plays [E a3 b2] in 0.0117850303649902s #####
##### Running: /usr/lib/jvm/jdk-14.0.1/bin/java -jar /lab/itti/projects/checkers-competition/server/referee.jar on run_19_tyang863_vdhankar #####
Move is valid
##### SUCCESS: /usr/lib/jvm/jdk-14.0.1/bin/java -jar /lab/itti/projects/checkers-competition/server/referee.jar on run_19_tyang863_vdhankar #####
INPUT for vdhankar:
GAME
WHITE
24.2811141014099
.....W..
..w.W...
........
........
........
........
.B......
........
##### Running: /usr/bin/time -o time_19_tyang863_vdhankar.txt -f "%U" python3 homework.py > stulog.txt 2>&1 on vdhankar #####
child exited with value 1
##### ERROR: /usr/bin/time -o time_19_tyang863_vdhankar.txt -f "%U" python3 homework.py > stulog.txt 2>&1 on vdhankar #####
##### Output of failed program (stdout + stderr): #####
Traceback (most recent call last):
  File "homework.py", line 546, in <module>
    print(end-start)
NameError: name 'end' is not defined
##### End of output of failed program #####
##### vdhankar plays [E c7 d8] in 0.473779916763306s #####
##### Running: /usr/lib/jvm/jdk-14.0.1/bin/java -jar /lab/itti/projects/checkers-competition/server/referee.jar on run_19_tyang863_vdhankar #####
Move is valid
##### SUCCESS: /usr/lib/jvm/jdk-14.0.1/bin/java -jar /lab/itti/projects/checkers-competition/server/referee.jar on run_19_tyang863_vdhankar #####
INPUT for tyang863:
GAME
BLACK
298.984187078476
...W.W..
....W...
........
........
........
........
.B......
........
##### Running: /usr/bin/time -o time_19_tyang863_vdhankar.txt -f "%U" ./homework > stulog.txt 2>&1 on tyang863 #####
##### SUCCESS: /usr/bin/time -o time_19_tyang863_vdhankar.txt -f "%U" ./homework > stulog.txt 2>&1 on tyang863 #####
##### tyang863 plays [E b2 a1] in 0.0125219821929932s #####
##### Running: /usr/lib/jvm/jdk-14.0.1/bin/java -jar /lab/itti/projects/checkers-competition/server/referee.jar on run_19_tyang863_vdhankar #####
Move is valid
##### SUCCESS: /usr/lib/jvm/jdk-14.0.1/bin/java -jar /lab/itti/projects/checkers-competition/server/referee.jar on run_19_tyang863_vdhankar #####
INPUT for vdhankar:
GAME
WHITE
23.8073341846466
...W.W..
....W...
........
........
........
........
........
B.......
##### Running: /usr/bin/time -o time_19_tyang863_vdhankar.txt -f "%U" python3 homework.py > stulog.txt 2>&1 on vdhankar #####
child exited with value 1
##### ERROR: /usr/bin/time -o time_19_tyang863_vdhankar.txt -f "%U" python3 homework.py > stulog.txt 2>&1 on vdhankar #####
##### Output of failed program (stdout + stderr): #####
Traceback (most recent call last):
  File "homework.py", line 546, in <module>
    print(end-start)
NameError: name 'end' is not defined
##### End of output of failed program #####
##### vdhankar plays [E e7 f6] in 0.307254076004028s #####
##### Running: /usr/lib/jvm/jdk-14.0.1/bin/java -jar /lab/itti/projects/checkers-competition/server/referee.jar on run_19_tyang863_vdhankar #####
Move is valid
##### SUCCESS: /usr/lib/jvm/jdk-14.0.1/bin/java -jar /lab/itti/projects/checkers-competition/server/referee.jar on run_19_tyang863_vdhankar #####
INPUT for tyang863:
GAME
BLACK
298.971665096283
...W.W..
........
.....W..
........
........
........
........
B.......
##### Running: /usr/bin/time -o time_19_tyang863_vdhankar.txt -f "%U" ./homework > stulog.txt 2>&1 on tyang863 #####
##### SUCCESS: /usr/bin/time -o time_19_tyang863_vdhankar.txt -f "%U" ./homework > stulog.txt 2>&1 on tyang863 #####
##### tyang863 plays [E a1 b2] in 0.00958490371704102s #####
##### Running: /usr/lib/jvm/jdk-14.0.1/bin/java -jar /lab/itti/projects/checkers-competition/server/referee.jar on run_19_tyang863_vdhankar #####
Move is valid
##### SUCCESS: /usr/lib/jvm/jdk-14.0.1/bin/java -jar /lab/itti/projects/checkers-competition/server/referee.jar on run_19_tyang863_vdhankar #####
INPUT for vdhankar:
GAME
WHITE
23.5000801086426
...W.W..
........
.....W..
........
........
........
.B......
........
##### Running: /usr/bin/time -o time_19_tyang863_vdhankar.txt -f "%U" python3 homework.py > stulog.txt 2>&1 on vdhankar #####
child exited with value 1
##### ERROR: /usr/bin/time -o time_19_tyang863_vdhankar.txt -f "%U" python3 homework.py > stulog.txt 2>&1 on vdhankar #####
##### Output of failed program (stdout + stderr): #####
Traceback (most recent call last):
  File "homework.py", line 546, in <module>
    print(end-start)
NameError: name 'end' is not defined
##### End of output of failed program #####
##### vdhankar plays [E f6 g5] in 0.421231985092163s #####
##### Running: /usr/lib/jvm/jdk-14.0.1/bin/java -jar /lab/itti/projects/checkers-competition/server/referee.jar on run_19_tyang863_vdhankar #####
Move is valid
##### SUCCESS: /usr/lib/jvm/jdk-14.0.1/bin/java -jar /lab/itti/projects/checkers-competition/server/referee.jar on run_19_tyang863_vdhankar #####
INPUT for tyang863:
GAME
BLACK
298.962080192566
...W.W..
........
........
......W.
........
........
.B......
........
##### Running: /usr/bin/time -o time_19_tyang863_vdhankar.txt -f "%U" ./homework > stulog.txt 2>&1 on tyang863 #####
##### SUCCESS: /usr/bin/time -o time_19_tyang863_vdhankar.txt -f "%U" ./homework > stulog.txt 2>&1 on tyang863 #####
##### tyang863 plays [E b2 a1] in 0.0107579231262207s #####
##### Running: /usr/lib/jvm/jdk-14.0.1/bin/java -jar /lab/itti/projects/checkers-competition/server/referee.jar on run_19_tyang863_vdhankar #####
Move is valid
##### SUCCESS: /usr/lib/jvm/jdk-14.0.1/bin/java -jar /lab/itti/projects/checkers-competition/server/referee.jar on run_19_tyang863_vdhankar #####
INPUT for vdhankar:
GAME
WHITE
23.0788481235504
...W.W..
........
........
......W.
........
........
........
B.......
##### Running: /usr/bin/time -o time_19_tyang863_vdhankar.txt -f "%U" python3 homework.py > stulog.txt 2>&1 on vdhankar #####
child exited with value 1
##### ERROR: /usr/bin/time -o time_19_tyang863_vdhankar.txt -f "%U" python3 homework.py > stulog.txt 2>&1 on vdhankar #####
##### Output of failed program (stdout + stderr): #####
Traceback (most recent call last):
  File "homework.py", line 546, in <module>
    print(end-start)
NameError: name 'end' is not defined
##### End of output of failed program #####
##### vdhankar plays [E g5 f6] in 0.305288076400757s #####
##### Running: /usr/lib/jvm/jdk-14.0.1/bin/java -jar /lab/itti/projects/checkers-competition/server/referee.jar on run_19_tyang863_vdhankar #####
Move is valid
##### SUCCESS: /usr/lib/jvm/jdk-14.0.1/bin/java -jar /lab/itti/projects/checkers-competition/server/referee.jar on run_19_tyang863_vdhankar #####
INPUT for tyang863:
GAME
BLACK
298.95132226944
...W.W..
........
.....W..
........
........
........
........
B.......
##### Running: /usr/bin/time -o time_19_tyang863_vdhankar.txt -f "%U" ./homework > stulog.txt 2>&1 on tyang863 #####
##### SUCCESS: /usr/bin/time -o time_19_tyang863_vdhankar.txt -f "%U" ./homework > stulog.txt 2>&1 on tyang863 #####
##### tyang863 plays [E a1 b2] in 0.0250680446624756s #####
##### Running: /usr/lib/jvm/jdk-14.0.1/bin/java -jar /lab/itti/projects/checkers-competition/server/referee.jar on run_19_tyang863_vdhankar #####
Move is valid
##### SUCCESS: /usr/lib/jvm/jdk-14.0.1/bin/java -jar /lab/itti/projects/checkers-competition/server/referee.jar on run_19_tyang863_vdhankar #####
INPUT for vdhankar:
GAME
WHITE
22.7735600471497
...W.W..
........
.....W..
........
........
........
.B......
........
##### Running: /usr/bin/time -o time_19_tyang863_vdhankar.txt -f "%U" python3 homework.py > stulog.txt 2>&1 on vdhankar #####
child exited with value 1
##### ERROR: /usr/bin/time -o time_19_tyang863_vdhankar.txt -f "%U" python3 homework.py > stulog.txt 2>&1 on vdhankar #####
##### Output of failed program (stdout + stderr): #####
Traceback (most recent call last):
  File "homework.py", line 546, in <module>
    print(end-start)
NameError: name 'end' is not defined
##### End of output of failed program #####
##### vdhankar plays [E f6 g5] in 0.370434999465942s #####
##### Running: /usr/lib/jvm/jdk-14.0.1/bin/java -jar /lab/itti/projects/checkers-competition/server/referee.jar on run_19_tyang863_vdhankar #####
Move is valid
##### SUCCESS: /usr/lib/jvm/jdk-14.0.1/bin/java -jar /lab/itti/projects/checkers-competition/server/referee.jar on run_19_tyang863_vdhankar #####
INPUT for tyang863:
GAME
BLACK
298.926254224777
...W.W..
........
........
......W.
........
........
.B......
........
##### Running: /usr/bin/time -o time_19_tyang863_vdhankar.txt -f "%U" ./homework > stulog.txt 2>&1 on tyang863 #####
##### SUCCESS: /usr/bin/time -o time_19_tyang863_vdhankar.txt -f "%U" ./homework > stulog.txt 2>&1 on tyang863 #####
##### tyang863 plays [E b2 a1] in 0.0142080783843994s #####
##### Running: /usr/lib/jvm/jdk-14.0.1/bin/java -jar /lab/itti/projects/checkers-competition/server/referee.jar on run_19_tyang863_vdhankar #####
Move is valid
##### SUCCESS: /usr/lib/jvm/jdk-14.0.1/bin/java -jar /lab/itti/projects/checkers-competition/server/referee.jar on run_19_tyang863_vdhankar #####
INPUT for vdhankar:
GAME
WHITE
22.4031250476837
...W.W..
........
........
......W.
........
........
........
B.......
##### Running: /usr/bin/time -o time_19_tyang863_vdhankar.txt -f "%U" python3 homework.py > stulog.txt 2>&1 on vdhankar #####
child exited with value 1
##### ERROR: /usr/bin/time -o time_19_tyang863_vdhankar.txt -f "%U" python3 homework.py > stulog.txt 2>&1 on vdhankar #####
##### Output of failed program (stdout + stderr): #####
Traceback (most recent call last):
  File "homework.py", line 546, in <module>
    print(end-start)
NameError: name 'end' is not defined
##### End of output of failed program #####
##### vdhankar plays [E g5 f6] in 0.427218198776245s #####
##### Running: /usr/lib/jvm/jdk-14.0.1/bin/java -jar /lab/itti/projects/checkers-competition/server/referee.jar on run_19_tyang863_vdhankar #####
Move is valid
##### SUCCESS: /usr/lib/jvm/jdk-14.0.1/bin/java -jar /lab/itti/projects/checkers-competition/server/referee.jar on run_19_tyang863_vdhankar #####
INPUT for tyang863:
GAME
BLACK
298.912046146393
...W.W..
........
.....W..
........
........
........
........
B.......
##### Running: /usr/bin/time -o time_19_tyang863_vdhankar.txt -f "%U" ./homework > stulog.txt 2>&1 on tyang863 #####
##### SUCCESS: /usr/bin/time -o time_19_tyang863_vdhankar.txt -f "%U" ./homework > stulog.txt 2>&1 on tyang863 #####
##### tyang863 plays [E a1 b2] in 0.0156950950622559s #####
##### Running: /usr/lib/jvm/jdk-14.0.1/bin/java -jar /lab/itti/projects/checkers-competition/server/referee.jar on run_19_tyang863_vdhankar #####
Move is valid
Seen this position 3 times
*** Game ends in draw ***
##### SUCCESS: /usr/lib/jvm/jdk-14.0.1/bin/java -jar /lab/itti/projects/checkers-competition/server/referee.jar on run_19_tyang863_vdhankar #####
##### GAME ENDS IN A DRAW. Time left for tyang863: 298.896351051331s, vdhankar: 21.9759068489075s
Server said: DRAW
##### GAME OVER: the game ends in a draw, tyang863 wins by time remaining #####
########## ROUND 19 GAMESCORE AFTER GAME 2: tyang863=1 and vdhankar=1 ##########
#################### ROUND 19: tyang863 (W) vs vdhankar (B): game 3 ####################
##### game start! #####
INPUT for vdhankar:
GAME
BLACK
300
.b.b.b.b
b.b.b.b.
.b.b.b.b
........
........
w.w.w.w.
.w.w.w.w
w.w.w.w.
##### Running: /usr/bin/time -o time_19_tyang863_vdhankar.txt -f "%U" python3 homework.py > stulog.txt 2>&1 on vdhankar #####
child exited with value 1
##### ERROR: /usr/bin/time -o time_19_tyang863_vdhankar.txt -f "%U" python3 homework.py > stulog.txt 2>&1 on vdhankar #####
##### Output of failed program (stdout + stderr): #####
Traceback (most recent call last):
  File "homework.py", line 546, in <module>
    print(end-start)
NameError: name 'end' is not defined
##### End of output of failed program #####
##### vdhankar plays [E h6 g5] in 11.2749578952789s #####
##### Running: /usr/lib/jvm/jdk-14.0.1/bin/java -jar /lab/itti/projects/checkers-competition/server/referee.jar on run_19_tyang863_vdhankar #####
Move is valid
Couldn't read file 'current_ply.txt'
Couldn't read content from file 'current_ply.txt'
Couldn't read file 'lastmatchange_ply.txt'
Couldn't read content from file 'lastmatchange_ply.txt'
##### SUCCESS: /usr/lib/jvm/jdk-14.0.1/bin/java -jar /lab/itti/projects/checkers-competition/server/referee.jar on run_19_tyang863_vdhankar #####
INPUT for tyang863:
GAME
WHITE
300
.b.b.b.b
b.b.b.b.
.b.b.b..
......b.
........
w.w.w.w.
.w.w.w.w
w.w.w.w.
##### Running: /usr/bin/time -o time_19_tyang863_vdhankar.txt -f "%U" ./homework > stulog.txt 2>&1 on tyang863 #####
##### SUCCESS: /usr/bin/time -o time_19_tyang863_vdhankar.txt -f "%U" ./homework > stulog.txt 2>&1 on tyang863 #####
##### tyang863 plays [E g3 f4] in 0.0148851871490479s #####
##### Running: /usr/lib/jvm/jdk-14.0.1/bin/java -jar /lab/itti/projects/checkers-competition/server/referee.jar on run_19_tyang863_vdhankar #####
Move is valid
##### SUCCESS: /usr/lib/jvm/jdk-14.0.1/bin/java -jar /lab/itti/projects/checkers-competition/server/referee.jar on run_19_tyang863_vdhankar #####
INPUT for vdhankar:
GAME
BLACK
288.725042104721
.b.b.b.b
b.b.b.b.
.b.b.b..
......b.
.....w..
w.w.w...
.w.w.w.w
w.w.w.w.
##### Running: /usr/bin/time -o time_19_tyang863_vdhankar.txt -f "%U" python3 homework.py > stulog.txt 2>&1 on vdhankar #####
child exited with value 1
##### ERROR: /usr/bin/time -o time_19_tyang863_vdhankar.txt -f "%U" python3 homework.py > stulog.txt 2>&1 on vdhankar #####
##### Output of failed program (stdout + stderr): #####
Traceback (most recent call last):
  File "homework.py", line 546, in <module>
    print(end-start)
NameError: name 'end' is not defined
##### End of output of failed program #####
##### vdhankar plays [E g5 h4] in 8.34312796592712s #####
##### Running: /usr/lib/jvm/jdk-14.0.1/bin/java -jar /lab/itti/projects/checkers-competition/server/referee.jar on run_19_tyang863_vdhankar #####
Move is valid
##### SUCCESS: /usr/lib/jvm/jdk-14.0.1/bin/java -jar /lab/itti/projects/checkers-competition/server/referee.jar on run_19_tyang863_vdhankar #####
INPUT for tyang863:
GAME
WHITE
299.985114812851
.b.b.b.b
b.b.b.b.
.b.b.b..
........
.....w.b
w.w.w...
.w.w.w.w
w.w.w.w.
##### Running: /usr/bin/time -o time_19_tyang863_vdhankar.txt -f "%U" ./homework > stulog.txt 2>&1 on tyang863 #####
##### SUCCESS: /usr/bin/time -o time_19_tyang863_vdhankar.txt -f "%U" ./homework > stulog.txt 2>&1 on tyang863 #####
##### tyang863 plays [E e3 d4] in 0.01s #####
##### Running: /usr/lib/jvm/jdk-14.0.1/bin/java -jar /lab/itti/projects/checkers-competition/server/referee.jar on run_19_tyang863_vdhankar #####
Move is valid
##### SUCCESS: /usr/lib/jvm/jdk-14.0.1/bin/java -jar /lab/itti/projects/checkers-competition/server/referee.jar on run_19_tyang863_vdhankar #####
INPUT for vdhankar:
GAME
BLACK
280.381914138794
.b.b.b.b
b.b.b.b.
.b.b.b..
........
...w.w.b
w.w.....
.w.w.w.w
w.w.w.w.
##### Running: /usr/bin/time -o time_19_tyang863_vdhankar.txt -f "%U" python3 homework.py > stulog.txt 2>&1 on vdhankar #####
child exited with value 1
##### ERROR: /usr/bin/time -o time_19_tyang863_vdhankar.txt -f "%U" python3 homework.py > stulog.txt 2>&1 on vdhankar #####
##### Output of failed program (stdout + stderr): #####
Traceback (most recent call last):
  File "homework.py", line 546, in <module>
    print(end-start)
NameError: name 'end' is not defined
##### End of output of failed program #####
##### vdhankar plays [E f6 e5] in 5.93946313858032s #####
##### Running: /usr/lib/jvm/jdk-14.0.1/bin/java -jar /lab/itti/projects/checkers-competition/server/referee.jar on run_19_tyang863_vdhankar #####
Move is valid
##### SUCCESS: /usr/lib/jvm/jdk-14.0.1/bin/java -jar /lab/itti/projects/checkers-competition/server/referee.jar on run_19_tyang863_vdhankar #####
INPUT for tyang863:
GAME
WHITE
299.975114812851
.b.b.b.b
b.b.b.b.
.b.b....
....b...
...w.w.b
w.w.....
.w.w.w.w
w.w.w.w.
##### Running: /usr/bin/time -o time_19_tyang863_vdhankar.txt -f "%U" ./homework > stulog.txt 2>&1 on tyang863 #####
##### SUCCESS: /usr/bin/time -o time_19_tyang863_vdhankar.txt -f "%U" ./homework > stulog.txt 2>&1 on tyang863 #####
##### tyang863 plays [J d4 f6] in 0.0122568607330322s #####
##### Running: /usr/lib/jvm/jdk-14.0.1/bin/java -jar /lab/itti/projects/checkers-competition/server/referee.jar on run_19_tyang863_vdhankar #####
Move is valid
##### SUCCESS: /usr/lib/jvm/jdk-14.0.1/bin/java -jar /lab/itti/projects/checkers-competition/server/referee.jar on run_19_tyang863_vdhankar #####
INPUT for vdhankar:
GAME
BLACK
274.442451000214
.b.b.b.b
b.b.b.b.
.b.b.w..
........
.....w.b
w.w.....
.w.w.w.w
w.w.w.w.
##### Running: /usr/bin/time -o time_19_tyang863_vdhankar.txt -f "%U" python3 homework.py > stulog.txt 2>&1 on vdhankar #####
child exited with value 1
##### ERROR: /usr/bin/time -o time_19_tyang863_vdhankar.txt -f "%U" python3 homework.py > stulog.txt 2>&1 on vdhankar #####
##### Output of failed program (stdout + stderr): #####
Traceback (most recent call last):
  File "homework.py", line 546, in <module>
    print(end-start)
NameError: name 'end' is not defined
##### End of output of failed program #####
##### vdhankar plays [J g7 e5 ; J e5 g3] in 9.91829991340637s #####
##### Running: /usr/lib/jvm/jdk-14.0.1/bin/java -jar /lab/itti/projects/checkers-competition/server/referee.jar on run_19_tyang863_vdhankar #####
Move is valid
##### SUCCESS: /usr/lib/jvm/jdk-14.0.1/bin/java -jar /lab/itti/projects/checkers-competition/server/referee.jar on run_19_tyang863_vdhankar #####
INPUT for tyang863:
GAME
WHITE
299.962857952118
.b.b.b.b
b.b.b...
.b.b....
........
.......b
w.w...b.
.w.w.w.w
w.w.w.w.
##### Running: /usr/bin/time -o time_19_tyang863_vdhankar.txt -f "%U" ./homework > stulog.txt 2>&1 on tyang863 #####
##### SUCCESS: /usr/bin/time -o time_19_tyang863_vdhankar.txt -f "%U" ./homework > stulog.txt 2>&1 on tyang863 #####
##### tyang863 plays [J h2 f4] in 0.0144810676574707s #####
##### Running: /usr/lib/jvm/jdk-14.0.1/bin/java -jar /lab/itti/projects/checkers-competition/server/referee.jar on run_19_tyang863_vdhankar #####
Move is valid
##### SUCCESS: /usr/lib/jvm/jdk-14.0.1/bin/java -jar /lab/itti/projects/checkers-competition/server/referee.jar on run_19_tyang863_vdhankar #####
INPUT for vdhankar:
GAME
BLACK
264.524151086807
.b.b.b.b
b.b.b...
.b.b....
........
.....w.b
w.w.....
.w.w.w..
w.w.w.w.
##### Running: /usr/bin/time -o time_19_tyang863_vdhankar.txt -f "%U" python3 homework.py > stulog.txt 2>&1 on vdhankar #####
child exited with value 1
##### ERROR: /usr/bin/time -o time_19_tyang863_vdhankar.txt -f "%U" python3 homework.py > stulog.txt 2>&1 on vdhankar #####
##### Output of failed program (stdout + stderr): #####
Traceback (most recent call last):
  File "homework.py", line 546, in <module>
    print(end-start)
NameError: name 'end' is not defined
##### End of output of failed program #####
##### vdhankar plays [E b6 c5] in 30.4779868125916s #####
##### Running: /usr/lib/jvm/jdk-14.0.1/bin/java -jar /lab/itti/projects/checkers-competition/server/referee.jar on run_19_tyang863_vdhankar #####
Move is valid
##### SUCCESS: /usr/lib/jvm/jdk-14.0.1/bin/java -jar /lab/itti/projects/checkers-competition/server/referee.jar on run_19_tyang863_vdhankar #####
INPUT for tyang863:
GAME
WHITE
299.94837688446
.b.b.b.b
b.b.b...
...b....
..b.....
.....w.b
w.w.....
.w.w.w..
w.w.w.w.
##### Running: /usr/bin/time -o time_19_tyang863_vdhankar.txt -f "%U" ./homework > stulog.txt 2>&1 on tyang863 #####
##### SUCCESS: /usr/bin/time -o time_19_tyang863_vdhankar.txt -f "%U" ./homework > stulog.txt 2>&1 on tyang863 #####
##### tyang863 plays [E c3 b4] in 0.01s #####
##### Running: /usr/lib/jvm/jdk-14.0.1/bin/java -jar /lab/itti/projects/checkers-competition/server/referee.jar on run_19_tyang863_vdhankar #####
Move is valid
##### SUCCESS: /usr/lib/jvm/jdk-14.0.1/bin/java -jar /lab/itti/projects/checkers-competition/server/referee.jar on run_19_tyang863_vdhankar #####
INPUT for vdhankar:
GAME
BLACK
234.046164274216
.b.b.b.b
b.b.b...
...b....
..b.....
.w...w.b
w.......
.w.w.w..
w.w.w.w.
##### Running: /usr/bin/time -o time_19_tyang863_vdhankar.txt -f "%U" python3 homework.py > stulog.txt 2>&1 on vdhankar #####
child exited with value 1
##### ERROR: /usr/bin/time -o time_19_tyang863_vdhankar.txt -f "%U" python3 homework.py > stulog.txt 2>&1 on vdhankar #####
##### Output of failed program (stdout + stderr): #####
Traceback (most recent call last):
  File "homework.py", line 546, in <module>
    print(end-start)
NameError: name 'end' is not defined
##### End of output of failed program #####
##### vdhankar plays [E d6 e5] in 31.9500420093536s #####
##### Running: /usr/lib/jvm/jdk-14.0.1/bin/java -jar /lab/itti/projects/checkers-competition/server/referee.jar on run_19_tyang863_vdhankar #####
Move is valid
##### SUCCESS: /usr/lib/jvm/jdk-14.0.1/bin/java -jar /lab/itti/projects/checkers-competition/server/referee.jar on run_19_tyang863_vdhankar #####
INPUT for tyang863:
GAME
WHITE
299.93837688446
.b.b.b.b
b.b.b...
........
..b.b...
.w...w.b
w.......
.w.w.w..
w.w.w.w.
##### Running: /usr/bin/time -o time_19_tyang863_vdhankar.txt -f "%U" ./homework > stulog.txt 2>&1 on tyang863 #####
##### SUCCESS: /usr/bin/time -o time_19_tyang863_vdhankar.txt -f "%U" ./homework > stulog.txt 2>&1 on tyang863 #####
##### tyang863 plays [J f4 d6] in 0.0117049217224121s #####
##### Running: /usr/lib/jvm/jdk-14.0.1/bin/java -jar /lab/itti/projects/checkers-competition/server/referee.jar on run_19_tyang863_vdhankar #####
Move is valid
##### SUCCESS: /usr/lib/jvm/jdk-14.0.1/bin/java -jar /lab/itti/projects/checkers-competition/server/referee.jar on run_19_tyang863_vdhankar #####
INPUT for vdhankar:
GAME
BLACK
202.096122264862
.b.b.b.b
b.b.b...
...w....
..b.....
.w.....b
w.......
.w.w.w..
w.w.w.w.
##### Running: /usr/bin/time -o time_19_tyang863_vdhankar.txt -f "%U" python3 homework.py > stulog.txt 2>&1 on vdhankar #####
child exited with value 1
##### ERROR: /usr/bin/time -o time_19_tyang863_vdhankar.txt -f "%U" python3 homework.py > stulog.txt 2>&1 on vdhankar #####
##### Output of failed program (stdout + stderr): #####
Traceback (most recent call last):
  File "homework.py", line 546, in <module>
    print(end-start)
NameError: name 'end' is not defined
##### End of output of failed program #####
##### vdhankar plays [J c7 e5] in 0.968027114868164s #####
##### Running: /usr/lib/jvm/jdk-14.0.1/bin/java -jar /lab/itti/projects/checkers-competition/server/referee.jar on run_19_tyang863_vdhankar #####
Move is valid
##### SUCCESS: /usr/lib/jvm/jdk-14.0.1/bin/java -jar /lab/itti/projects/checkers-competition/server/referee.jar on run_19_tyang863_vdhankar #####
INPUT for tyang863:
GAME
WHITE
299.926671962738
.b.b.b.b
b...b...
........
..b.b...
.w.....b
w.......
.w.w.w..
w.w.w.w.
##### Running: /usr/bin/time -o time_19_tyang863_vdhankar.txt -f "%U" ./homework > stulog.txt 2>&1 on tyang863 #####
##### SUCCESS: /usr/bin/time -o time_19_tyang863_vdhankar.txt -f "%U" ./homework > stulog.txt 2>&1 on tyang863 #####
##### tyang863 plays [J b4 d6] in 0.01s #####
##### Running: /usr/lib/jvm/jdk-14.0.1/bin/java -jar /lab/itti/projects/checkers-competition/server/referee.jar on run_19_tyang863_vdhankar #####
Move is valid
##### SUCCESS: /usr/lib/jvm/jdk-14.0.1/bin/java -jar /lab/itti/projects/checkers-competition/server/referee.jar on run_19_tyang863_vdhankar #####
INPUT for vdhankar:
GAME
BLACK
201.128095149994
.b.b.b.b
b...b...
...w....
....b...
.......b
w.......
.w.w.w..
w.w.w.w.
##### Running: /usr/bin/time -o time_19_tyang863_vdhankar.txt -f "%U" python3 homework.py > stulog.txt 2>&1 on vdhankar #####
child exited with value 1
##### ERROR: /usr/bin/time -o time_19_tyang863_vdhankar.txt -f "%U" python3 homework.py > stulog.txt 2>&1 on vdhankar #####
##### Output of failed program (stdout + stderr): #####
Traceback (most recent call last):
  File "homework.py", line 546, in <module>
    print(end-start)
NameError: name 'end' is not defined
##### End of output of failed program #####
##### vdhankar plays [J e7 c5] in 4.46697592735291s #####
##### Running: /usr/lib/jvm/jdk-14.0.1/bin/java -jar /lab/itti/projects/checkers-competition/server/referee.jar on run_19_tyang863_vdhankar #####
Move is valid
##### SUCCESS: /usr/lib/jvm/jdk-14.0.1/bin/java -jar /lab/itti/projects/checkers-competition/server/referee.jar on run_19_tyang863_vdhankar #####
INPUT for tyang863:
GAME
WHITE
299.916671962738
.b.b.b.b
b.......
........
..b.b...
.......b
w.......
.w.w.w..
w.w.w.w.
##### Running: /usr/bin/time -o time_19_tyang863_vdhankar.txt -f "%U" ./homework > stulog.txt 2>&1 on tyang863 #####
##### SUCCESS: /usr/bin/time -o time_19_tyang863_vdhankar.txt -f "%U" ./homework > stulog.txt 2>&1 on tyang863 #####
##### tyang863 plays [E d2 c3] in 0.16s #####
##### Running: /usr/lib/jvm/jdk-14.0.1/bin/java -jar /lab/itti/projects/checkers-competition/server/referee.jar on run_19_tyang863_vdhankar #####
Move is valid
##### SUCCESS: /usr/lib/jvm/jdk-14.0.1/bin/java -jar /lab/itti/projects/checkers-competition/server/referee.jar on run_19_tyang863_vdhankar #####
INPUT for vdhankar:
GAME
BLACK
196.661119222641
.b.b.b.b
b.......
........
..b.b...
.......b
w.w.....
.w...w..
w.w.w.w.
##### Running: /usr/bin/time -o time_19_tyang863_vdhankar.txt -f "%U" python3 homework.py > stulog.txt 2>&1 on vdhankar #####
child exited with value 1
##### ERROR: /usr/bin/time -o time_19_tyang863_vdhankar.txt -f "%U" python3 homework.py > stulog.txt 2>&1 on vdhankar #####
##### Output of failed program (stdout + stderr): #####
Traceback (most recent call last):
  File "homework.py", line 546, in <module>
    print(end-start)
NameError: name 'end' is not defined
##### End of output of failed program #####
##### vdhankar plays [E a7 b6] in 22.2929849624634s #####
##### Running: /usr/lib/jvm/jdk-14.0.1/bin/java -jar /lab/itti/projects/checkers-competition/server/referee.jar on run_19_tyang863_vdhankar #####
Move is valid
##### SUCCESS: /usr/lib/jvm/jdk-14.0.1/bin/java -jar /lab/itti/projects/checkers-competition/server/referee.jar on run_19_tyang863_vdhankar #####
INPUT for tyang863:
GAME
WHITE
299.756671962738
.b.b.b.b
........
.b......
..b.b...
.......b
w.w.....
.w...w..
w.w.w.w.
##### Running: /usr/bin/time -o time_19_tyang863_vdhankar.txt -f "%U" ./homework > stulog.txt 2>&1 on tyang863 #####
##### SUCCESS: /usr/bin/time -o time_19_tyang863_vdhankar.txt -f "%U" ./homework > stulog.txt 2>&1 on tyang863 #####
##### tyang863 plays [E c3 d4] in 0.07s #####
##### Running: /usr/lib/jvm/jdk-14.0.1/bin/java -jar /lab/itti/projects/checkers-competition/server/referee.jar on run_19_tyang863_vdhankar #####
Move is valid
##### SUCCESS: /usr/lib/jvm/jdk-14.0.1/bin/java -jar /lab/itti/projects/checkers-competition/server/referee.jar on run_19_tyang863_vdhankar #####
INPUT for vdhankar:
GAME
BLACK
174.368134260178
.b.b.b.b
........
.b......
..b.b...
...w...b
w.......
.w...w..
w.w.w.w.
##### Running: /usr/bin/time -o time_19_tyang863_vdhankar.txt -f "%U" python3 homework.py > stulog.txt 2>&1 on vdhankar #####
child exited with value 1
##### ERROR: /usr/bin/time -o time_19_tyang863_vdhankar.txt -f "%U" python3 homework.py > stulog.txt 2>&1 on vdhankar #####
##### Output of failed program (stdout + stderr): #####
Traceback (most recent call last):
  File "homework.py", line 546, in <module>
    print(end-start)
NameError: name 'end' is not defined
##### End of output of failed program #####
##### vdhankar plays [J e5 c3] in 2.15084791183472s #####
##### Running: /usr/lib/jvm/jdk-14.0.1/bin/java -jar /lab/itti/projects/checkers-competition/server/referee.jar on run_19_tyang863_vdhankar #####
Move is valid
##### SUCCESS: /usr/lib/jvm/jdk-14.0.1/bin/java -jar /lab/itti/projects/checkers-competition/server/referee.jar on run_19_tyang863_vdhankar #####
INPUT for tyang863:
GAME
WHITE
299.686671962738
.b.b.b.b
........
.b......
..b.....
.......b
w.b.....
.w...w..
w.w.w.w.
##### Running: /usr/bin/time -o time_19_tyang863_vdhankar.txt -f "%U" ./homework > stulog.txt 2>&1 on tyang863 #####
##### SUCCESS: /usr/bin/time -o time_19_tyang863_vdhankar.txt -f "%U" ./homework > stulog.txt 2>&1 on tyang863 #####
##### tyang863 plays [J b2 d4] in 0.0103659629821777s #####
##### Running: /usr/lib/jvm/jdk-14.0.1/bin/java -jar /lab/itti/projects/checkers-competition/server/referee.jar on run_19_tyang863_vdhankar #####
Move is valid
##### SUCCESS: /usr/lib/jvm/jdk-14.0.1/bin/java -jar /lab/itti/projects/checkers-competition/server/referee.jar on run_19_tyang863_vdhankar #####
INPUT for vdhankar:
GAME
BLACK
172.217286348343
.b.b.b.b
........
.b......
..b.....
...w...b
w.......
.....w..
w.w.w.w.
##### Running: /usr/bin/time -o time_19_tyang863_vdhankar.txt -f "%U" python3 homework.py > stulog.txt 2>&1 on vdhankar #####
child exited with value 1
##### ERROR: /usr/bin/time -o time_19_tyang863_vdhankar.txt -f "%U" python3 homework.py > stulog.txt 2>&1 on vdhankar #####
##### Output of failed program (stdout + stderr): #####
Traceback (most recent call last):
  File "homework.py", line 546, in <module>
    print(end-start)
NameError: name 'end' is not defined
##### End of output of failed program #####
##### vdhankar plays [J c5 e3] in 5.34300899505615s #####
##### Running: /usr/lib/jvm/jdk-14.0.1/bin/java -jar /lab/itti/projects/checkers-competition/server/referee.jar on run_19_tyang863_vdhankar #####
Move is valid
##### SUCCESS: /usr/lib/jvm/jdk-14.0.1/bin/java -jar /lab/itti/projects/checkers-competition/server/referee.jar on run_19_tyang863_vdhankar #####
INPUT for tyang863:
GAME
WHITE
299.676305999756
.b.b.b.b
........
.b......
........
.......b
w...b...
.....w..
w.w.w.w.
##### Running: /usr/bin/time -o time_19_tyang863_vdhankar.txt -f "%U" ./homework > stulog.txt 2>&1 on tyang863 #####
##### SUCCESS: /usr/bin/time -o time_19_tyang863_vdhankar.txt -f "%U" ./homework > stulog.txt 2>&1 on tyang863 #####
##### tyang863 plays [J f2 d4] in 0.03s #####
##### Running: /usr/lib/jvm/jdk-14.0.1/bin/java -jar /lab/itti/projects/checkers-competition/server/referee.jar on run_19_tyang863_vdhankar #####
Move is valid
##### SUCCESS: /usr/lib/jvm/jdk-14.0.1/bin/java -jar /lab/itti/projects/checkers-competition/server/referee.jar on run_19_tyang863_vdhankar #####
INPUT for vdhankar:
GAME
BLACK
166.874277353287
.b.b.b.b
........
.b......
........
...w...b
w.......
........
w.w.w.w.
##### Running: /usr/bin/time -o time_19_tyang863_vdhankar.txt -f "%U" python3 homework.py > stulog.txt 2>&1 on vdhankar #####
child exited with value 1
##### ERROR: /usr/bin/time -o time_19_tyang863_vdhankar.txt -f "%U" python3 homework.py > stulog.txt 2>&1 on vdhankar #####
##### Output of failed program (stdout + stderr): #####
Traceback (most recent call last):
  File "homework.py", line 546, in <module>
    print(end-start)
NameError: name 'end' is not defined
##### End of output of failed program #####
##### vdhankar plays [E b6 a5] in 56.4071998596191s #####
##### Running: /usr/lib/jvm/jdk-14.0.1/bin/java -jar /lab/itti/projects/checkers-competition/server/referee.jar on run_19_tyang863_vdhankar #####
Move is valid
##### SUCCESS: /usr/lib/jvm/jdk-14.0.1/bin/java -jar /lab/itti/projects/checkers-competition/server/referee.jar on run_19_tyang863_vdhankar #####
INPUT for tyang863:
GAME
WHITE
299.646305999756
.b.b.b.b
........
........
b.......
...w...b
w.......
........
w.w.w.w.
##### Running: /usr/bin/time -o time_19_tyang863_vdhankar.txt -f "%U" ./homework > stulog.txt 2>&1 on tyang863 #####
##### SUCCESS: /usr/bin/time -o time_19_tyang863_vdhankar.txt -f "%U" ./homework > stulog.txt 2>&1 on tyang863 #####
##### tyang863 plays [E g1 f2] in 0.09s #####
##### Running: /usr/lib/jvm/jdk-14.0.1/bin/java -jar /lab/itti/projects/checkers-competition/server/referee.jar on run_19_tyang863_vdhankar #####
Move is valid
##### SUCCESS: /usr/lib/jvm/jdk-14.0.1/bin/java -jar /lab/itti/projects/checkers-competition/server/referee.jar on run_19_tyang863_vdhankar #####
INPUT for vdhankar:
GAME
BLACK
110.467077493668
.b.b.b.b
........
........
b.......
...w...b
w.......
.....w..
w.w.w...
##### Running: /usr/bin/time -o time_19_tyang863_vdhankar.txt -f "%U" python3 homework.py > stulog.txt 2>&1 on vdhankar #####
child exited with value 1
##### ERROR: /usr/bin/time -o time_19_tyang863_vdhankar.txt -f "%U" python3 homework.py > stulog.txt 2>&1 on vdhankar #####
##### Output of failed program (stdout + stderr): #####
Traceback (most recent call last):
  File "homework.py", line 546, in <module>
    print(end-start)
NameError: name 'end' is not defined
##### End of output of failed program #####
##### vdhankar plays [E h8 g7] in 35.7004070281982s #####
##### Running: /usr/lib/jvm/jdk-14.0.1/bin/java -jar /lab/itti/projects/checkers-competition/server/referee.jar on run_19_tyang863_vdhankar #####
Move is valid
##### SUCCESS: /usr/lib/jvm/jdk-14.0.1/bin/java -jar /lab/itti/projects/checkers-competition/server/referee.jar on run_19_tyang863_vdhankar #####
INPUT for tyang863:
GAME
WHITE
299.556305999756
.b.b.b..
......b.
........
b.......
...w...b
w.......
.....w..
w.w.w...
##### Running: /usr/bin/time -o time_19_tyang863_vdhankar.txt -f "%U" ./homework > stulog.txt 2>&1 on tyang863 #####
##### SUCCESS: /usr/bin/time -o time_19_tyang863_vdhankar.txt -f "%U" ./homework > stulog.txt 2>&1 on tyang863 #####
##### tyang863 plays [E a3 b4] in 0.12s #####
##### Running: /usr/lib/jvm/jdk-14.0.1/bin/java -jar /lab/itti/projects/checkers-competition/server/referee.jar on run_19_tyang863_vdhankar #####
Move is valid
##### SUCCESS: /usr/lib/jvm/jdk-14.0.1/bin/java -jar /lab/itti/projects/checkers-competition/server/referee.jar on run_19_tyang863_vdhankar #####
INPUT for vdhankar:
GAME
BLACK
74.7666704654694
.b.b.b..
......b.
........
b.......
.w.w...b
........
.....w..
w.w.w...
##### Running: /usr/bin/time -o time_19_tyang863_vdhankar.txt -f "%U" python3 homework.py > stulog.txt 2>&1 on vdhankar #####
child exited with value 1
##### ERROR: /usr/bin/time -o time_19_tyang863_vdhankar.txt -f "%U" python3 homework.py > stulog.txt 2>&1 on vdhankar #####
##### Output of failed program (stdout + stderr): #####
Traceback (most recent call last):
  File "homework.py", line 546, in <module>
    print(end-start)
NameError: name 'end' is not defined
##### End of output of failed program #####
##### vdhankar plays [J a5 c3] in 6.79307007789612s #####
##### Running: /usr/lib/jvm/jdk-14.0.1/bin/java -jar /lab/itti/projects/checkers-competition/server/referee.jar on run_19_tyang863_vdhankar #####
Move is valid
##### SUCCESS: /usr/lib/jvm/jdk-14.0.1/bin/java -jar /lab/itti/projects/checkers-competition/server/referee.jar on run_19_tyang863_vdhankar #####
INPUT for tyang863:
GAME
WHITE
299.436305999756
.b.b.b..
......b.
........
........
...w...b
..b.....
.....w..
w.w.w...
##### Running: /usr/bin/time -o time_19_tyang863_vdhankar.txt -f "%U" ./homework > stulog.txt 2>&1 on tyang863 #####
##### SUCCESS: /usr/bin/time -o time_19_tyang863_vdhankar.txt -f "%U" ./homework > stulog.txt 2>&1 on tyang863 #####
##### tyang863 plays [E d4 e5] in 0.09s #####
##### Running: /usr/lib/jvm/jdk-14.0.1/bin/java -jar /lab/itti/projects/checkers-competition/server/referee.jar on run_19_tyang863_vdhankar #####
Move is valid
##### SUCCESS: /usr/lib/jvm/jdk-14.0.1/bin/java -jar /lab/itti/projects/checkers-competition/server/referee.jar on run_19_tyang863_vdhankar #####
INPUT for vdhankar:
GAME
BLACK
67.9736003875732
.b.b.b..
......b.
........
....w...
.......b
..b.....
.....w..
w.w.w...
##### Running: /usr/bin/time -o time_19_tyang863_vdhankar.txt -f "%U" python3 homework.py > stulog.txt 2>&1 on vdhankar #####
child exited with value 1
##### ERROR: /usr/bin/time -o time_19_tyang863_vdhankar.txt -f "%U" python3 homework.py > stulog.txt 2>&1 on vdhankar #####
##### Output of failed program (stdout + stderr): #####
Traceback (most recent call last):
  File "homework.py", line 546, in <module>
    print(end-start)
NameError: name 'end' is not defined
##### End of output of failed program #####
##### vdhankar plays [E g7 h6] in 7.14306998252869s #####
##### Running: /usr/lib/jvm/jdk-14.0.1/bin/java -jar /lab/itti/projects/checkers-competition/server/referee.jar on run_19_tyang863_vdhankar #####
Move is valid
##### SUCCESS: /usr/lib/jvm/jdk-14.0.1/bin/java -jar /lab/itti/projects/checkers-competition/server/referee.jar on run_19_tyang863_vdhankar #####
INPUT for tyang863:
GAME
WHITE
299.346305999756
.b.b.b..
........
.......b
....w...
.......b
..b.....
.....w..
w.w.w...
##### Running: /usr/bin/time -o time_19_tyang863_vdhankar.txt -f "%U" ./homework > stulog.txt 2>&1 on tyang863 #####
##### SUCCESS: /usr/bin/time -o time_19_tyang863_vdhankar.txt -f "%U" ./homework > stulog.txt 2>&1 on tyang863 #####
##### tyang863 plays [E e5 f6] in 0.04s #####
##### Running: /usr/lib/jvm/jdk-14.0.1/bin/java -jar /lab/itti/projects/checkers-competition/server/referee.jar on run_19_tyang863_vdhankar #####
Move is valid
##### SUCCESS: /usr/lib/jvm/jdk-14.0.1/bin/java -jar /lab/itti/projects/checkers-competition/server/referee.jar on run_19_tyang863_vdhankar #####
INPUT for vdhankar:
GAME
BLACK
60.8305304050446
.b.b.b..
........
.....w.b
........
.......b
..b.....
.....w..
w.w.w...
##### Running: /usr/bin/time -o time_19_tyang863_vdhankar.txt -f "%U" python3 homework.py > stulog.txt 2>&1 on vdhankar #####
child exited with value 1
##### ERROR: /usr/bin/time -o time_19_tyang863_vdhankar.txt -f "%U" python3 homework.py > stulog.txt 2>&1 on vdhankar #####
##### Output of failed program (stdout + stderr): #####
Traceback (most recent call last):
  File "homework.py", line 546, in <module>
    print(end-start)
NameError: name 'end' is not defined
##### End of output of failed program #####
##### vdhankar plays [E h6 g5] in 5.1915168762207s #####
##### Running: /usr/lib/jvm/jdk-14.0.1/bin/java -jar /lab/itti/projects/checkers-competition/server/referee.jar on run_19_tyang863_vdhankar #####
Move is valid
##### SUCCESS: /usr/lib/jvm/jdk-14.0.1/bin/java -jar /lab/itti/projects/checkers-competition/server/referee.jar on run_19_tyang863_vdhankar #####
INPUT for tyang863:
GAME
WHITE
299.306305999756
.b.b.b..
........
.....w..
......b.
.......b
..b.....
.....w..
w.w.w...
##### Running: /usr/bin/time -o time_19_tyang863_vdhankar.txt -f "%U" ./homework > stulog.txt 2>&1 on tyang863 #####
##### SUCCESS: /usr/bin/time -o time_19_tyang863_vdhankar.txt -f "%U" ./homework > stulog.txt 2>&1 on tyang863 #####
##### tyang863 plays [E f6 g7] in 0.04s #####
##### Running: /usr/lib/jvm/jdk-14.0.1/bin/java -jar /lab/itti/projects/checkers-competition/server/referee.jar on run_19_tyang863_vdhankar #####
Move is valid
##### SUCCESS: /usr/lib/jvm/jdk-14.0.1/bin/java -jar /lab/itti/projects/checkers-competition/server/referee.jar on run_19_tyang863_vdhankar #####
INPUT for vdhankar:
GAME
BLACK
55.6390135288239
.b.b.b..
......w.
........
......b.
.......b
..b.....
.....w..
w.w.w...
##### Running: /usr/bin/time -o time_19_tyang863_vdhankar.txt -f "%U" python3 homework.py > stulog.txt 2>&1 on vdhankar #####
child exited with value 1
##### ERROR: /usr/bin/time -o time_19_tyang863_vdhankar.txt -f "%U" python3 homework.py > stulog.txt 2>&1 on vdhankar #####
##### Output of failed program (stdout + stderr): #####
Traceback (most recent call last):
  File "homework.py", line 546, in <module>
    print(end-start)
NameError: name 'end' is not defined
##### End of output of failed program #####
##### vdhankar plays [J f8 h6] in 1.26214909553528s #####
##### Running: /usr/lib/jvm/jdk-14.0.1/bin/java -jar /lab/itti/projects/checkers-competition/server/referee.jar on run_19_tyang863_vdhankar #####
Move is valid
##### SUCCESS: /usr/lib/jvm/jdk-14.0.1/bin/java -jar /lab/itti/projects/checkers-competition/server/referee.jar on run_19_tyang863_vdhankar #####
INPUT for tyang863:
GAME
WHITE
299.266305999756
.b.b....
........
.......b
......b.
.......b
..b.....
.....w..
w.w.w...
##### Running: /usr/bin/time -o time_19_tyang863_vdhankar.txt -f "%U" ./homework > stulog.txt 2>&1 on tyang863 #####
##### SUCCESS: /usr/bin/time -o time_19_tyang863_vdhankar.txt -f "%U" ./homework > stulog.txt 2>&1 on tyang863 #####
##### tyang863 plays [E a1 b2] in 0.01s #####
##### Running: /usr/lib/jvm/jdk-14.0.1/bin/java -jar /lab/itti/projects/checkers-competition/server/referee.jar on run_19_tyang863_vdhankar #####
Move is valid
##### SUCCESS: /usr/lib/jvm/jdk-14.0.1/bin/java -jar /lab/itti/projects/checkers-competition/server/referee.jar on run_19_tyang863_vdhankar #####
INPUT for vdhankar:
GAME
BLACK
54.3768644332886
.b.b....
........
.......b
......b.
.......b
..b.....
.w...w..
..w.w...
##### Running: /usr/bin/time -o time_19_tyang863_vdhankar.txt -f "%U" python3 homework.py > stulog.txt 2>&1 on vdhankar #####
child exited with value 1
##### ERROR: /usr/bin/time -o time_19_tyang863_vdhankar.txt -f "%U" python3 homework.py > stulog.txt 2>&1 on vdhankar #####
##### Output of failed program (stdout + stderr): #####
Traceback (most recent call last):
  File "homework.py", line 546, in <module>
    print(end-start)
NameError: name 'end' is not defined
##### End of output of failed program #####
##### vdhankar plays [J c3 a1] in 0.880176067352295s #####
##### Running: /usr/lib/jvm/jdk-14.0.1/bin/java -jar /lab/itti/projects/checkers-competition/server/referee.jar on run_19_tyang863_vdhankar #####
Move is valid
##### SUCCESS: /usr/lib/jvm/jdk-14.0.1/bin/java -jar /lab/itti/projects/checkers-competition/server/referee.jar on run_19_tyang863_vdhankar #####
INPUT for tyang863:
GAME
WHITE
299.256305999756
.b.b....
........
.......b
......b.
.......b
........
.....w..
B.w.w...
##### Running: /usr/bin/time -o time_19_tyang863_vdhankar.txt -f "%U" ./homework > stulog.txt 2>&1 on tyang863 #####
##### SUCCESS: /usr/bin/time -o time_19_tyang863_vdhankar.txt -f "%U" ./homework > stulog.txt 2>&1 on tyang863 #####
##### tyang863 plays [E f2 g3] in 0.00823497772216797s #####
##### Running: /usr/lib/jvm/jdk-14.0.1/bin/java -jar /lab/itti/projects/checkers-competition/server/referee.jar on run_19_tyang863_vdhankar #####
Move is valid
##### SUCCESS: /usr/lib/jvm/jdk-14.0.1/bin/java -jar /lab/itti/projects/checkers-competition/server/referee.jar on run_19_tyang863_vdhankar #####
INPUT for vdhankar:
GAME
BLACK
53.4966883659363
.b.b....
........
.......b
......b.
.......b
......w.
........
B.w.w...
##### Running: /usr/bin/time -o time_19_tyang863_vdhankar.txt -f "%U" python3 homework.py > stulog.txt 2>&1 on vdhankar #####
child exited with value 1
##### ERROR: /usr/bin/time -o time_19_tyang863_vdhankar.txt -f "%U" python3 homework.py > stulog.txt 2>&1 on vdhankar #####
##### Output of failed program (stdout + stderr): #####
Traceback (most recent call last):
  File "homework.py", line 546, in <module>
    print(end-start)
NameError: name 'end' is not defined
##### End of output of failed program #####
##### vdhankar plays [J h4 f2] in 0.509841918945312s #####
##### Running: /usr/lib/jvm/jdk-14.0.1/bin/java -jar /lab/itti/projects/checkers-competition/server/referee.jar on run_19_tyang863_vdhankar #####
Move is valid
##### SUCCESS: /usr/lib/jvm/jdk-14.0.1/bin/java -jar /lab/itti/projects/checkers-competition/server/referee.jar on run_19_tyang863_vdhankar #####
INPUT for tyang863:
GAME
WHITE
299.248071022034
.b.b....
........
.......b
......b.
........
........
.....b..
B.w.w...
##### Running: /usr/bin/time -o time_19_tyang863_vdhankar.txt -f "%U" ./homework > stulog.txt 2>&1 on tyang863 #####
##### SUCCESS: /usr/bin/time -o time_19_tyang863_vdhankar.txt -f "%U" ./homework > stulog.txt 2>&1 on tyang863 #####
##### tyang863 plays [J e1 g3] in 0.00811290740966797s #####
##### Running: /usr/lib/jvm/jdk-14.0.1/bin/java -jar /lab/itti/projects/checkers-competition/server/referee.jar on run_19_tyang863_vdhankar #####
Move is valid
##### SUCCESS: /usr/lib/jvm/jdk-14.0.1/bin/java -jar /lab/itti/projects/checkers-competition/server/referee.jar on run_19_tyang863_vdhankar #####
INPUT for vdhankar:
GAME
BLACK
52.986846446991
.b.b....
........
.......b
......b.
........
......w.
........
B.w.....
##### Running: /usr/bin/time -o time_19_tyang863_vdhankar.txt -f "%U" python3 homework.py > stulog.txt 2>&1 on vdhankar #####
child exited with value 1
##### ERROR: /usr/bin/time -o time_19_tyang863_vdhankar.txt -f "%U" python3 homework.py > stulog.txt 2>&1 on vdhankar #####
##### Output of failed program (stdout + stderr): #####
Traceback (most recent call last):
  File "homework.py", line 546, in <module>
    print(end-start)
NameError: name 'end' is not defined
##### End of output of failed program #####
##### vdhankar plays [E g5 h4] in 1.22854399681091s #####
##### Running: /usr/lib/jvm/jdk-14.0.1/bin/java -jar /lab/itti/projects/checkers-competition/server/referee.jar on run_19_tyang863_vdhankar #####
Move is valid
##### SUCCESS: /usr/lib/jvm/jdk-14.0.1/bin/java -jar /lab/itti/projects/checkers-competition/server/referee.jar on run_19_tyang863_vdhankar #####
INPUT for tyang863:
GAME
WHITE
299.239958114624
.b.b....
........
.......b
........
.......b
......w.
........
B.w.....
##### Running: /usr/bin/time -o time_19_tyang863_vdhankar.txt -f "%U" ./homework > stulog.txt 2>&1 on tyang863 #####
##### SUCCESS: /usr/bin/time -o time_19_tyang863_vdhankar.txt -f "%U" ./homework > stulog.txt 2>&1 on tyang863 #####
##### tyang863 plays [E g3 f4] in 0.00895309448242188s #####
##### Running: /usr/lib/jvm/jdk-14.0.1/bin/java -jar /lab/itti/projects/checkers-competition/server/referee.jar on run_19_tyang863_vdhankar #####
Move is valid
##### SUCCESS: /usr/lib/jvm/jdk-14.0.1/bin/java -jar /lab/itti/projects/checkers-competition/server/referee.jar on run_19_tyang863_vdhankar #####
INPUT for vdhankar:
GAME
BLACK
51.7583024501801
.b.b....
........
.......b
........
.....w.b
........
........
B.w.....
##### Running: /usr/bin/time -o time_19_tyang863_vdhankar.txt -f "%U" python3 homework.py > stulog.txt 2>&1 on vdhankar #####
child exited with value 1
##### ERROR: /usr/bin/time -o time_19_tyang863_vdhankar.txt -f "%U" python3 homework.py > stulog.txt 2>&1 on vdhankar #####
##### Output of failed program (stdout + stderr): #####
Traceback (most recent call last):
  File "homework.py", line 546, in <module>
    print(end-start)
NameError: name 'end' is not defined
##### End of output of failed program #####
##### vdhankar plays [E b8 c7] in 1.601802110672s #####
##### Running: /usr/lib/jvm/jdk-14.0.1/bin/java -jar /lab/itti/projects/checkers-competition/server/referee.jar on run_19_tyang863_vdhankar #####
Move is valid
##### SUCCESS: /usr/lib/jvm/jdk-14.0.1/bin/java -jar /lab/itti/projects/checkers-competition/server/referee.jar on run_19_tyang863_vdhankar #####
INPUT for tyang863:
GAME
WHITE
299.231005020142
...b....
..b.....
.......b
........
.....w.b
........
........
B.w.....
##### Running: /usr/bin/time -o time_19_tyang863_vdhankar.txt -f "%U" ./homework > stulog.txt 2>&1 on tyang863 #####
##### SUCCESS: /usr/bin/time -o time_19_tyang863_vdhankar.txt -f "%U" ./homework > stulog.txt 2>&1 on tyang863 #####
##### tyang863 plays [E f4 e5] in 0.00934100151062012s #####
##### Running: /usr/lib/jvm/jdk-14.0.1/bin/java -jar /lab/itti/projects/checkers-competition/server/referee.jar on run_19_tyang863_vdhankar #####
Move is valid
##### SUCCESS: /usr/lib/jvm/jdk-14.0.1/bin/java -jar /lab/itti/projects/checkers-competition/server/referee.jar on run_19_tyang863_vdhankar #####
INPUT for vdhankar:
GAME
BLACK
50.1565003395081
...b....
..b.....
.......b
....w...
.......b
........
........
B.w.....
##### Running: /usr/bin/time -o time_19_tyang863_vdhankar.txt -f "%U" python3 homework.py > stulog.txt 2>&1 on vdhankar #####
child exited with value 1
##### ERROR: /usr/bin/time -o time_19_tyang863_vdhankar.txt -f "%U" python3 homework.py > stulog.txt 2>&1 on vdhankar #####
##### Output of failed program (stdout + stderr): #####
Traceback (most recent call last):
  File "homework.py", line 546, in <module>
    print(end-start)
NameError: name 'end' is not defined
##### End of output of failed program #####
##### vdhankar plays [E d8 e7] in 0.962341070175171s #####
##### Running: /usr/lib/jvm/jdk-14.0.1/bin/java -jar /lab/itti/projects/checkers-competition/server/referee.jar on run_19_tyang863_vdhankar #####
Move is valid
##### SUCCESS: /usr/lib/jvm/jdk-14.0.1/bin/java -jar /lab/itti/projects/checkers-competition/server/referee.jar on run_19_tyang863_vdhankar #####
INPUT for tyang863:
GAME
WHITE
299.221664018631
........
..b.b...
.......b
....w...
.......b
........
........
B.w.....
##### Running: /usr/bin/time -o time_19_tyang863_vdhankar.txt -f "%U" ./homework > stulog.txt 2>&1 on tyang863 #####
##### SUCCESS: /usr/bin/time -o time_19_tyang863_vdhankar.txt -f "%U" ./homework > stulog.txt 2>&1 on tyang863 #####
##### tyang863 plays [E e5 f6] in 0.00858306884765625s #####
##### Running: /usr/lib/jvm/jdk-14.0.1/bin/java -jar /lab/itti/projects/checkers-competition/server/referee.jar on run_19_tyang863_vdhankar #####
Move is valid
##### SUCCESS: /usr/lib/jvm/jdk-14.0.1/bin/java -jar /lab/itti/projects/checkers-competition/server/referee.jar on run_19_tyang863_vdhankar #####
INPUT for vdhankar:
GAME
BLACK
49.1941592693329
........
..b.b...
.....w.b
........
.......b
........
........
B.w.....
##### Running: /usr/bin/time -o time_19_tyang863_vdhankar.txt -f "%U" python3 homework.py > stulog.txt 2>&1 on vdhankar #####
child exited with value 1
##### ERROR: /usr/bin/time -o time_19_tyang863_vdhankar.txt -f "%U" python3 homework.py > stulog.txt 2>&1 on vdhankar #####
##### Output of failed program (stdout + stderr): #####
Traceback (most recent call last):
  File "homework.py", line 546, in <module>
    print(end-start)
NameError: name 'end' is not defined
##### End of output of failed program #####
##### vdhankar plays [J e7 g5] in 0.213073968887329s #####
##### Running: /usr/lib/jvm/jdk-14.0.1/bin/java -jar /lab/itti/projects/checkers-competition/server/referee.jar on run_19_tyang863_vdhankar #####
Move is valid
##### SUCCESS: /usr/lib/jvm/jdk-14.0.1/bin/java -jar /lab/itti/projects/checkers-competition/server/referee.jar on run_19_tyang863_vdhankar #####
INPUT for tyang863:
GAME
WHITE
299.213080949783
........
..b.....
.......b
......b.
.......b
........
........
B.w.....
##### Running: /usr/bin/time -o time_19_tyang863_vdhankar.txt -f "%U" ./homework > stulog.txt 2>&1 on tyang863 #####
##### SUCCESS: /usr/bin/time -o time_19_tyang863_vdhankar.txt -f "%U" ./homework > stulog.txt 2>&1 on tyang863 #####
##### tyang863 plays [E c1 b2] in 0.00732588768005371s #####
##### Running: /usr/lib/jvm/jdk-14.0.1/bin/java -jar /lab/itti/projects/checkers-competition/server/referee.jar on run_19_tyang863_vdhankar #####
Move is valid
##### SUCCESS: /usr/lib/jvm/jdk-14.0.1/bin/java -jar /lab/itti/projects/checkers-competition/server/referee.jar on run_19_tyang863_vdhankar #####
INPUT for vdhankar:
GAME
BLACK
48.9810853004456
........
..b.....
.......b
......b.
.......b
........
.w......
B.......
##### Running: /usr/bin/time -o time_19_tyang863_vdhankar.txt -f "%U" python3 homework.py > stulog.txt 2>&1 on vdhankar #####
child exited with value 1
##### ERROR: /usr/bin/time -o time_19_tyang863_vdhankar.txt -f "%U" python3 homework.py > stulog.txt 2>&1 on vdhankar #####
##### Output of failed program (stdout + stderr): #####
Traceback (most recent call last):
  File "homework.py", line 546, in <module>
    print(end-start)
NameError: name 'end' is not defined
##### End of output of failed program #####
##### vdhankar plays [J a1 c3] in 0.216485977172852s #####
##### Running: /usr/lib/jvm/jdk-14.0.1/bin/java -jar /lab/itti/projects/checkers-competition/server/referee.jar on run_19_tyang863_vdhankar #####
Move is valid
After this move, player WHITE cannot make any moves
*** Winner: BLACK ***
##### SUCCESS: /usr/lib/jvm/jdk-14.0.1/bin/java -jar /lab/itti/projects/checkers-competition/server/referee.jar on run_19_tyang863_vdhankar #####
##### GAME OVER: vdhankar wins the game! #####
Server said: WIN
########## ROUND 19 GAMESCORE AFTER GAME 3: tyang863=1 and vdhankar=2 ##########
#################### ROUND 19: tyang863 (B) vs vdhankar (W): game 4 ####################
##### game start! #####
INPUT for tyang863:
GAME
BLACK
300
.b.b.b.b
b.b.b.b.
.b.b.b.b
........
........
w.w.w.w.
.w.w.w.w
w.w.w.w.
##### Running: /usr/bin/time -o time_19_tyang863_vdhankar.txt -f "%U" ./homework > stulog.txt 2>&1 on tyang863 #####
##### SUCCESS: /usr/bin/time -o time_19_tyang863_vdhankar.txt -f "%U" ./homework > stulog.txt 2>&1 on tyang863 #####
##### tyang863 plays [E f6 g5] in 0.01s #####
##### Running: /usr/lib/jvm/jdk-14.0.1/bin/java -jar /lab/itti/projects/checkers-competition/server/referee.jar on run_19_tyang863_vdhankar #####
Move is valid
Couldn't read file 'current_ply.txt'
Couldn't read content from file 'current_ply.txt'
Couldn't read file 'lastmatchange_ply.txt'
Couldn't read content from file 'lastmatchange_ply.txt'
##### SUCCESS: /usr/lib/jvm/jdk-14.0.1/bin/java -jar /lab/itti/projects/checkers-competition/server/referee.jar on run_19_tyang863_vdhankar #####
INPUT for vdhankar:
GAME
WHITE
300
.b.b.b.b
b.b.b.b.
.b.b...b
......b.
........
w.w.w.w.
.w.w.w.w
w.w.w.w.
##### Running: /usr/bin/time -o time_19_tyang863_vdhankar.txt -f "%U" python3 homework.py > stulog.txt 2>&1 on vdhankar #####
child exited with value 1
##### ERROR: /usr/bin/time -o time_19_tyang863_vdhankar.txt -f "%U" python3 homework.py > stulog.txt 2>&1 on vdhankar #####
##### Output of failed program (stdout + stderr): #####
Traceback (most recent call last):
  File "homework.py", line 546, in <module>
    print(end-start)
NameError: name 'end' is not defined
##### End of output of failed program #####
##### vdhankar plays [E g3 h4] in 8.67777419090271s #####
##### Running: /usr/lib/jvm/jdk-14.0.1/bin/java -jar /lab/itti/projects/checkers-competition/server/referee.jar on run_19_tyang863_vdhankar #####
Move is valid
##### SUCCESS: /usr/lib/jvm/jdk-14.0.1/bin/java -jar /lab/itti/projects/checkers-competition/server/referee.jar on run_19_tyang863_vdhankar #####
INPUT for tyang863:
GAME
BLACK
299.99
.b.b.b.b
b.b.b.b.
.b.b...b
......b.
.......w
w.w.w...
.w.w.w.w
w.w.w.w.
##### Running: /usr/bin/time -o time_19_tyang863_vdhankar.txt -f "%U" ./homework > stulog.txt 2>&1 on tyang863 #####
##### SUCCESS: /usr/bin/time -o time_19_tyang863_vdhankar.txt -f "%U" ./homework > stulog.txt 2>&1 on tyang863 #####
##### tyang863 plays [E d6 c5] in 0.0161700248718262s #####
##### Running: /usr/lib/jvm/jdk-14.0.1/bin/java -jar /lab/itti/projects/checkers-competition/server/referee.jar on run_19_tyang863_vdhankar #####
Move is valid
##### SUCCESS: /usr/lib/jvm/jdk-14.0.1/bin/java -jar /lab/itti/projects/checkers-competition/server/referee.jar on run_19_tyang863_vdhankar #####
INPUT for vdhankar:
GAME
WHITE
291.322225809097
.b.b.b.b
b.b.b.b.
.b.....b
..b...b.
.......w
w.w.w...
.w.w.w.w
w.w.w.w.
##### Running: /usr/bin/time -o time_19_tyang863_vdhankar.txt -f "%U" python3 homework.py > stulog.txt 2>&1 on vdhankar #####
child exited with value 1
##### ERROR: /usr/bin/time -o time_19_tyang863_vdhankar.txt -f "%U" python3 homework.py > stulog.txt 2>&1 on vdhankar #####
##### Output of failed program (stdout + stderr): #####
Traceback (most recent call last):
  File "homework.py", line 546, in <module>
    print(end-start)
NameError: name 'end' is not defined
##### End of output of failed program #####
##### vdhankar plays [J h4 f6] in 1.13274002075195s #####
##### Running: /usr/lib/jvm/jdk-14.0.1/bin/java -jar /lab/itti/projects/checkers-competition/server/referee.jar on run_19_tyang863_vdhankar #####
Move is valid
##### SUCCESS: /usr/lib/jvm/jdk-14.0.1/bin/java -jar /lab/itti/projects/checkers-competition/server/referee.jar on run_19_tyang863_vdhankar #####
INPUT for tyang863:
GAME
BLACK
299.973829975128
.b.b.b.b
b.b.b.b.
.b...w.b
..b.....
........
w.w.w...
.w.w.w.w
w.w.w.w.
##### Running: /usr/bin/time -o time_19_tyang863_vdhankar.txt -f "%U" ./homework > stulog.txt 2>&1 on tyang863 #####
##### SUCCESS: /usr/bin/time -o time_19_tyang863_vdhankar.txt -f "%U" ./homework > stulog.txt 2>&1 on tyang863 #####
##### tyang863 plays [J e7 g5] in 0.010767936706543s #####
##### Running: /usr/lib/jvm/jdk-14.0.1/bin/java -jar /lab/itti/projects/checkers-competition/server/referee.jar on run_19_tyang863_vdhankar #####
Move is valid
##### SUCCESS: /usr/lib/jvm/jdk-14.0.1/bin/java -jar /lab/itti/projects/checkers-competition/server/referee.jar on run_19_tyang863_vdhankar #####
INPUT for vdhankar:
GAME
WHITE
290.189485788345
.b.b.b.b
b.b...b.
.b.....b
..b...b.
........
w.w.w...
.w.w.w.w
w.w.w.w.
##### Running: /usr/bin/time -o time_19_tyang863_vdhankar.txt -f "%U" python3 homework.py > stulog.txt 2>&1 on vdhankar #####
child exited with value 1
##### ERROR: /usr/bin/time -o time_19_tyang863_vdhankar.txt -f "%U" python3 homework.py > stulog.txt 2>&1 on vdhankar #####
##### Output of failed program (stdout + stderr): #####
Traceback (most recent call last):
  File "homework.py", line 546, in <module>
    print(end-start)
NameError: name 'end' is not defined
##### End of output of failed program #####
##### vdhankar plays [E f2 g3] in 7.17240715026855s #####
##### Running: /usr/lib/jvm/jdk-14.0.1/bin/java -jar /lab/itti/projects/checkers-competition/server/referee.jar on run_19_tyang863_vdhankar #####
Move is valid
##### SUCCESS: /usr/lib/jvm/jdk-14.0.1/bin/java -jar /lab/itti/projects/checkers-competition/server/referee.jar on run_19_tyang863_vdhankar #####
INPUT for tyang863:
GAME
BLACK
299.963062038422
.b.b.b.b
b.b...b.
.b.....b
..b...b.
........
w.w.w.w.
.w.w...w
w.w.w.w.
##### Running: /usr/bin/time -o time_19_tyang863_vdhankar.txt -f "%U" ./homework > stulog.txt 2>&1 on tyang863 #####
##### SUCCESS: /usr/bin/time -o time_19_tyang863_vdhankar.txt -f "%U" ./homework > stulog.txt 2>&1 on tyang863 #####
##### tyang863 plays [E g5 h4] in 0.01s #####
##### Running: /usr/lib/jvm/jdk-14.0.1/bin/java -jar /lab/itti/projects/checkers-competition/server/referee.jar on run_19_tyang863_vdhankar #####
Move is valid
##### SUCCESS: /usr/lib/jvm/jdk-14.0.1/bin/java -jar /lab/itti/projects/checkers-competition/server/referee.jar on run_19_tyang863_vdhankar #####
INPUT for vdhankar:
GAME
WHITE
283.017078638077
.b.b.b.b
b.b...b.
.b.....b
..b.....
.......b
w.w.w.w.
.w.w...w
w.w.w.w.
##### Running: /usr/bin/time -o time_19_tyang863_vdhankar.txt -f "%U" python3 homework.py > stulog.txt 2>&1 on vdhankar #####
child exited with value 1
##### ERROR: /usr/bin/time -o time_19_tyang863_vdhankar.txt -f "%U" python3 homework.py > stulog.txt 2>&1 on vdhankar #####
##### Output of failed program (stdout + stderr): #####
Traceback (most recent call last):
  File "homework.py", line 546, in <module>
    print(end-start)
NameError: name 'end' is not defined
##### End of output of failed program #####
##### vdhankar plays [E g1 f2] in 3.3650119304657s #####
##### Running: /usr/lib/jvm/jdk-14.0.1/bin/java -jar /lab/itti/projects/checkers-competition/server/referee.jar on run_19_tyang863_vdhankar #####
Move is valid
##### SUCCESS: /usr/lib/jvm/jdk-14.0.1/bin/java -jar /lab/itti/projects/checkers-competition/server/referee.jar on run_19_tyang863_vdhankar #####
INPUT for tyang863:
GAME
BLACK
299.953062038422
.b.b.b.b
b.b...b.
.b.....b
..b.....
.......b
w.w.w.w.
.w.w.w.w
w.w.w...
##### Running: /usr/bin/time -o time_19_tyang863_vdhankar.txt -f "%U" ./homework > stulog.txt 2>&1 on tyang863 #####
##### SUCCESS: /usr/bin/time -o time_19_tyang863_vdhankar.txt -f "%U" ./homework > stulog.txt 2>&1 on tyang863 #####
##### tyang863 plays [E h6 g5] in 0.01s #####
##### Running: /usr/lib/jvm/jdk-14.0.1/bin/java -jar /lab/itti/projects/checkers-competition/server/referee.jar on run_19_tyang863_vdhankar #####
Move is valid
##### SUCCESS: /usr/lib/jvm/jdk-14.0.1/bin/java -jar /lab/itti/projects/checkers-competition/server/referee.jar on run_19_tyang863_vdhankar #####
INPUT for vdhankar:
GAME
WHITE
279.652066707611
.b.b.b.b
b.b...b.
.b......
..b...b.
.......b
w.w.w.w.
.w.w.w.w
w.w.w...
##### Running: /usr/bin/time -o time_19_tyang863_vdhankar.txt -f "%U" python3 homework.py > stulog.txt 2>&1 on vdhankar #####
child exited with value 1
##### ERROR: /usr/bin/time -o time_19_tyang863_vdhankar.txt -f "%U" python3 homework.py > stulog.txt 2>&1 on vdhankar #####
##### Output of failed program (stdout + stderr): #####
Traceback (most recent call last):
  File "homework.py", line 546, in <module>
    print(end-start)
NameError: name 'end' is not defined
##### End of output of failed program #####
##### vdhankar plays [E g3 f4] in 5.58194208145142s #####
##### Running: /usr/lib/jvm/jdk-14.0.1/bin/java -jar /lab/itti/projects/checkers-competition/server/referee.jar on run_19_tyang863_vdhankar #####
Move is valid
##### SUCCESS: /usr/lib/jvm/jdk-14.0.1/bin/java -jar /lab/itti/projects/checkers-competition/server/referee.jar on run_19_tyang863_vdhankar #####
INPUT for tyang863:
GAME
BLACK
299.943062038422
.b.b.b.b
b.b...b.
.b......
..b...b.
.....w.b
w.w.w...
.w.w.w.w
w.w.w...
##### Running: /usr/bin/time -o time_19_tyang863_vdhankar.txt -f "%U" ./homework > stulog.txt 2>&1 on tyang863 #####
##### SUCCESS: /usr/bin/time -o time_19_tyang863_vdhankar.txt -f "%U" ./homework > stulog.txt 2>&1 on tyang863 #####
##### tyang863 plays [E g7 h6] in 0.0132150650024414s #####
##### Running: /usr/lib/jvm/jdk-14.0.1/bin/java -jar /lab/itti/projects/checkers-competition/server/referee.jar on run_19_tyang863_vdhankar #####
Move is valid
##### SUCCESS: /usr/lib/jvm/jdk-14.0.1/bin/java -jar /lab/itti/projects/checkers-competition/server/referee.jar on run_19_tyang863_vdhankar #####
INPUT for vdhankar:
GAME
WHITE
274.07012462616
.b.b.b.b
b.b.....
.b.....b
..b...b.
.....w.b
w.w.w...
.w.w.w.w
w.w.w...
##### Running: /usr/bin/time -o time_19_tyang863_vdhankar.txt -f "%U" python3 homework.py > stulog.txt 2>&1 on vdhankar #####
child exited with value 1
##### ERROR: /usr/bin/time -o time_19_tyang863_vdhankar.txt -f "%U" python3 homework.py > stulog.txt 2>&1 on vdhankar #####
##### Output of failed program (stdout + stderr): #####
Traceback (most recent call last):
  File "homework.py", line 546, in <module>
    print(end-start)
NameError: name 'end' is not defined
##### End of output of failed program #####
##### vdhankar plays [E h2 g3] in 4.67158007621765s #####
##### Running: /usr/lib/jvm/jdk-14.0.1/bin/java -jar /lab/itti/projects/checkers-competition/server/referee.jar on run_19_tyang863_vdhankar #####
Move is valid
##### SUCCESS: /usr/lib/jvm/jdk-14.0.1/bin/java -jar /lab/itti/projects/checkers-competition/server/referee.jar on run_19_tyang863_vdhankar #####
INPUT for tyang863:
GAME
BLACK
299.929846973419
.b.b.b.b
b.b.....
.b.....b
..b...b.
.....w.b
w.w.w.w.
.w.w.w..
w.w.w...
##### Running: /usr/bin/time -o time_19_tyang863_vdhankar.txt -f "%U" ./homework > stulog.txt 2>&1 on tyang863 #####
##### SUCCESS: /usr/bin/time -o time_19_tyang863_vdhankar.txt -f "%U" ./homework > stulog.txt 2>&1 on tyang863 #####
##### tyang863 plays [E c7 d6] in 0.0144469738006592s #####
##### Running: /usr/lib/jvm/jdk-14.0.1/bin/java -jar /lab/itti/projects/checkers-competition/server/referee.jar on run_19_tyang863_vdhankar #####
Move is valid
##### SUCCESS: /usr/lib/jvm/jdk-14.0.1/bin/java -jar /lab/itti/projects/checkers-competition/server/referee.jar on run_19_tyang863_vdhankar #####
INPUT for vdhankar:
GAME
WHITE
269.398544549942
.b.b.b.b
b.......
.b.b...b
..b...b.
.....w.b
w.w.w.w.
.w.w.w..
w.w.w...
##### Running: /usr/bin/time -o time_19_tyang863_vdhankar.txt -f "%U" python3 homework.py > stulog.txt 2>&1 on vdhankar #####
child exited with value 1
##### ERROR: /usr/bin/time -o time_19_tyang863_vdhankar.txt -f "%U" python3 homework.py > stulog.txt 2>&1 on vdhankar #####
##### Output of failed program (stdout + stderr): #####
Traceback (most recent call last):
  File "homework.py", line 546, in <module>
    print(end-start)
NameError: name 'end' is not defined
##### End of output of failed program #####
##### vdhankar plays [E c3 d4] in 4.60485792160034s #####
##### Running: /usr/lib/jvm/jdk-14.0.1/bin/java -jar /lab/itti/projects/checkers-competition/server/referee.jar on run_19_tyang863_vdhankar #####
Move is valid
##### SUCCESS: /usr/lib/jvm/jdk-14.0.1/bin/java -jar /lab/itti/projects/checkers-competition/server/referee.jar on run_19_tyang863_vdhankar #####
INPUT for tyang863:
GAME
BLACK
299.915399999619
.b.b.b.b
b.......
.b.b...b
..b...b.
...w.w.b
w...w.w.
.w.w.w..
w.w.w...
##### Running: /usr/bin/time -o time_19_tyang863_vdhankar.txt -f "%U" ./homework > stulog.txt 2>&1 on tyang863 #####
##### SUCCESS: /usr/bin/time -o time_19_tyang863_vdhankar.txt -f "%U" ./homework > stulog.txt 2>&1 on tyang863 #####
##### tyang863 plays [E b6 a5] in 0.0126969814300537s #####
##### Running: /usr/lib/jvm/jdk-14.0.1/bin/java -jar /lab/itti/projects/checkers-competition/server/referee.jar on run_19_tyang863_vdhankar #####
Move is valid
##### SUCCESS: /usr/lib/jvm/jdk-14.0.1/bin/java -jar /lab/itti/projects/checkers-competition/server/referee.jar on run_19_tyang863_vdhankar #####
INPUT for vdhankar:
GAME
WHITE
264.793686628342
.b.b.b.b
b.......
...b...b
b.b...b.
...w.w.b
w...w.w.
.w.w.w..
w.w.w...
##### Running: /usr/bin/time -o time_19_tyang863_vdhankar.txt -f "%U" python3 homework.py > stulog.txt 2>&1 on vdhankar #####
child exited with value 1
##### ERROR: /usr/bin/time -o time_19_tyang863_vdhankar.txt -f "%U" python3 homework.py > stulog.txt 2>&1 on vdhankar #####
##### Output of failed program (stdout + stderr): #####
Traceback (most recent call last):
  File "homework.py", line 546, in <module>
    print(end-start)
NameError: name 'end' is not defined
##### End of output of failed program #####
##### vdhankar plays [J d4 b6] in 0.690688848495483s #####
##### Running: /usr/lib/jvm/jdk-14.0.1/bin/java -jar /lab/itti/projects/checkers-competition/server/referee.jar on run_19_tyang863_vdhankar #####
Move is valid
##### SUCCESS: /usr/lib/jvm/jdk-14.0.1/bin/java -jar /lab/itti/projects/checkers-competition/server/referee.jar on run_19_tyang863_vdhankar #####
INPUT for tyang863:
GAME
BLACK
299.902703018189
.b.b.b.b
b.......
.w.b...b
b.....b.
.....w.b
w...w.w.
.w.w.w..
w.w.w...
##### Running: /usr/bin/time -o time_19_tyang863_vdhankar.txt -f "%U" ./homework > stulog.txt 2>&1 on tyang863 #####
##### SUCCESS: /usr/bin/time -o time_19_tyang863_vdhankar.txt -f "%U" ./homework > stulog.txt 2>&1 on tyang863 #####
##### tyang863 plays [J a7 c5] in 0.00909614562988281s #####
##### Running: /usr/lib/jvm/jdk-14.0.1/bin/java -jar /lab/itti/projects/checkers-competition/server/referee.jar on run_19_tyang863_vdhankar #####
Move is valid
##### SUCCESS: /usr/lib/jvm/jdk-14.0.1/bin/java -jar /lab/itti/projects/checkers-competition/server/referee.jar on run_19_tyang863_vdhankar #####
INPUT for vdhankar:
GAME
WHITE
264.102997779846
.b.b.b.b
........
...b...b
b.b...b.
.....w.b
w...w.w.
.w.w.w..
w.w.w...
##### Running: /usr/bin/time -o time_19_tyang863_vdhankar.txt -f "%U" python3 homework.py > stulog.txt 2>&1 on vdhankar #####
child exited with value 1
##### ERROR: /usr/bin/time -o time_19_tyang863_vdhankar.txt -f "%U" python3 homework.py > stulog.txt 2>&1 on vdhankar #####
##### Output of failed program (stdout + stderr): #####
Traceback (most recent call last):
  File "homework.py", line 546, in <module>
    print(end-start)
NameError: name 'end' is not defined
##### End of output of failed program #####
##### vdhankar plays [E d2 c3] in 3.20149111747742s #####
##### Running: /usr/lib/jvm/jdk-14.0.1/bin/java -jar /lab/itti/projects/checkers-competition/server/referee.jar on run_19_tyang863_vdhankar #####
Move is valid
##### SUCCESS: /usr/lib/jvm/jdk-14.0.1/bin/java -jar /lab/itti/projects/checkers-competition/server/referee.jar on run_19_tyang863_vdhankar #####
INPUT for tyang863:
GAME
BLACK
299.893606872559
.b.b.b.b
........
...b...b
b.b...b.
.....w.b
w.w.w.w.
.w...w..
w.w.w...
##### Running: /usr/bin/time -o time_19_tyang863_vdhankar.txt -f "%U" ./homework > stulog.txt 2>&1 on tyang863 #####
##### SUCCESS: /usr/bin/time -o time_19_tyang863_vdhankar.txt -f "%U" ./homework > stulog.txt 2>&1 on tyang863 #####
##### tyang863 plays [E a5 b4] in 0.0140159130096436s #####
##### Running: /usr/lib/jvm/jdk-14.0.1/bin/java -jar /lab/itti/projects/checkers-competition/server/referee.jar on run_19_tyang863_vdhankar #####
Move is valid
##### SUCCESS: /usr/lib/jvm/jdk-14.0.1/bin/java -jar /lab/itti/projects/checkers-competition/server/referee.jar on run_19_tyang863_vdhankar #####
INPUT for vdhankar:
GAME
WHITE
260.901506662369
.b.b.b.b
........
...b...b
..b...b.
.b...w.b
w.w.w.w.
.w...w..
w.w.w...
##### Running: /usr/bin/time -o time_19_tyang863_vdhankar.txt -f "%U" python3 homework.py > stulog.txt 2>&1 on vdhankar #####
child exited with value 1
##### ERROR: /usr/bin/time -o time_19_tyang863_vdhankar.txt -f "%U" python3 homework.py > stulog.txt 2>&1 on vdhankar #####
##### Output of failed program (stdout + stderr): #####
Traceback (most recent call last):
  File "homework.py", line 546, in <module>
    print(end-start)
NameError: name 'end' is not defined
##### End of output of failed program #####
##### vdhankar plays [J c3 a5] in 3.06617093086243s #####
##### Running: /usr/lib/jvm/jdk-14.0.1/bin/java -jar /lab/itti/projects/checkers-competition/server/referee.jar on run_19_tyang863_vdhankar #####
Move is valid
##### SUCCESS: /usr/lib/jvm/jdk-14.0.1/bin/java -jar /lab/itti/projects/checkers-competition/server/referee.jar on run_19_tyang863_vdhankar #####
INPUT for tyang863:
GAME
BLACK
299.879590959549
.b.b.b.b
........
...b...b
w.b...b.
.....w.b
w...w.w.
.w...w..
w.w.w...
##### Running: /usr/bin/time -o time_19_tyang863_vdhankar.txt -f "%U" ./homework > stulog.txt 2>&1 on tyang863 #####
##### SUCCESS: /usr/bin/time -o time_19_tyang863_vdhankar.txt -f "%U" ./homework > stulog.txt 2>&1 on tyang863 #####
##### tyang863 plays [E c5 d4] in 0.05s #####
##### Running: /usr/lib/jvm/jdk-14.0.1/bin/java -jar /lab/itti/projects/checkers-competition/server/referee.jar on run_19_tyang863_vdhankar #####
Move is valid
##### SUCCESS: /usr/lib/jvm/jdk-14.0.1/bin/java -jar /lab/itti/projects/checkers-competition/server/referee.jar on run_19_tyang863_vdhankar #####
INPUT for vdhankar:
GAME
WHITE
257.835335731506
.b.b.b.b
........
...b...b
w.....b.
...b.w.b
w...w.w.
.w...w..
w.w.w...
##### Running: /usr/bin/time -o time_19_tyang863_vdhankar.txt -f "%U" python3 homework.py > stulog.txt 2>&1 on vdhankar #####
child exited with value 1
##### ERROR: /usr/bin/time -o time_19_tyang863_vdhankar.txt -f "%U" python3 homework.py > stulog.txt 2>&1 on vdhankar #####
##### Output of failed program (stdout + stderr): #####
Traceback (most recent call last):
  File "homework.py", line 546, in <module>
    print(end-start)
NameError: name 'end' is not defined
##### End of output of failed program #####
##### vdhankar plays [J e3 c5 ; J c5 e7] in 1.10782599449158s #####
##### Running: /usr/lib/jvm/jdk-14.0.1/bin/java -jar /lab/itti/projects/checkers-competition/server/referee.jar on run_19_tyang863_vdhankar #####
Move is valid
##### SUCCESS: /usr/lib/jvm/jdk-14.0.1/bin/java -jar /lab/itti/projects/checkers-competition/server/referee.jar on run_19_tyang863_vdhankar #####
INPUT for tyang863:
GAME
BLACK
299.829590959549
.b.b.b.b
....w...
.......b
w.....b.
.....w.b
w.....w.
.w...w..
w.w.w...
##### Running: /usr/bin/time -o time_19_tyang863_vdhankar.txt -f "%U" ./homework > stulog.txt 2>&1 on tyang863 #####
##### SUCCESS: /usr/bin/time -o time_19_tyang863_vdhankar.txt -f "%U" ./homework > stulog.txt 2>&1 on tyang863 #####
##### tyang863 plays [J g5 e3 ; J e3 g1] in 0.01s #####
##### Running: /usr/lib/jvm/jdk-14.0.1/bin/java -jar /lab/itti/projects/checkers-competition/server/referee.jar on run_19_tyang863_vdhankar #####
Move is valid
##### SUCCESS: /usr/lib/jvm/jdk-14.0.1/bin/java -jar /lab/itti/projects/checkers-competition/server/referee.jar on run_19_tyang863_vdhankar #####
INPUT for vdhankar:
GAME
WHITE
256.727509737015
.b.b.b.b
....w...
.......b
w.......
.......b
w.....w.
.w......
w.w.w.B.
##### Running: /usr/bin/time -o time_19_tyang863_vdhankar.txt -f "%U" python3 homework.py > stulog.txt 2>&1 on vdhankar #####
child exited with value 1
##### ERROR: /usr/bin/time -o time_19_tyang863_vdhankar.txt -f "%U" python3 homework.py > stulog.txt 2>&1 on vdhankar #####
##### Output of failed program (stdout + stderr): #####
Traceback (most recent call last):
  File "homework.py", line 546, in <module>
    print(end-start)
NameError: name 'end' is not defined
##### End of output of failed program #####
##### vdhankar plays [E b2 c3] in 6.80037307739258s #####
##### Running: /usr/lib/jvm/jdk-14.0.1/bin/java -jar /lab/itti/projects/checkers-competition/server/referee.jar on run_19_tyang863_vdhankar #####
Move is valid
##### SUCCESS: /usr/lib/jvm/jdk-14.0.1/bin/java -jar /lab/itti/projects/checkers-competition/server/referee.jar on run_19_tyang863_vdhankar #####
INPUT for tyang863:
GAME
BLACK
299.819590959549
.b.b.b.b
....w...
.......b
w.......
.......b
w.w...w.
........
w.w.w.B.
##### Running: /usr/bin/time -o time_19_tyang863_vdhankar.txt -f "%U" ./homework > stulog.txt 2>&1 on tyang863 #####
##### SUCCESS: /usr/bin/time -o time_19_tyang863_vdhankar.txt -f "%U" ./homework > stulog.txt 2>&1 on tyang863 #####
##### tyang863 plays [J h4 f2] in 0.01s #####
##### Running: /usr/lib/jvm/jdk-14.0.1/bin/java -jar /lab/itti/projects/checkers-competition/server/referee.jar on run_19_tyang863_vdhankar #####
Move is valid
##### SUCCESS: /usr/lib/jvm/jdk-14.0.1/bin/java -jar /lab/itti/projects/checkers-competition/server/referee.jar on run_19_tyang863_vdhankar #####
INPUT for vdhankar:
GAME
WHITE
249.927136659622
.b.b.b.b
....w...
.......b
w.......
........
w.w.....
.....b..
w.w.w.B.
##### Running: /usr/bin/time -o time_19_tyang863_vdhankar.txt -f "%U" python3 homework.py > stulog.txt 2>&1 on vdhankar #####
child exited with value 1
##### ERROR: /usr/bin/time -o time_19_tyang863_vdhankar.txt -f "%U" python3 homework.py > stulog.txt 2>&1 on vdhankar #####
##### Output of failed program (stdout + stderr): #####
Traceback (most recent call last):
  File "homework.py", line 546, in <module>
    print(end-start)
NameError: name 'end' is not defined
##### End of output of failed program #####
##### vdhankar plays [J e1 g3] in 6.63494205474854s #####
##### Running: /usr/lib/jvm/jdk-14.0.1/bin/java -jar /lab/itti/projects/checkers-competition/server/referee.jar on run_19_tyang863_vdhankar #####
Move is valid
##### SUCCESS: /usr/lib/jvm/jdk-14.0.1/bin/java -jar /lab/itti/projects/checkers-competition/server/referee.jar on run_19_tyang863_vdhankar #####
INPUT for tyang863:
GAME
BLACK
299.809590959549
.b.b.b.b
....w...
.......b
w.......
........
w.w...w.
........
w.w...B.
##### Running: /usr/bin/time -o time_19_tyang863_vdhankar.txt -f "%U" ./homework > stulog.txt 2>&1 on tyang863 #####
##### SUCCESS: /usr/bin/time -o time_19_tyang863_vdhankar.txt -f "%U" ./homework > stulog.txt 2>&1 on tyang863 #####
##### tyang863 plays [J f8 d6] in 0.03s #####
##### Running: /usr/lib/jvm/jdk-14.0.1/bin/java -jar /lab/itti/projects/checkers-competition/server/referee.jar on run_19_tyang863_vdhankar #####
Move is valid
##### SUCCESS: /usr/lib/jvm/jdk-14.0.1/bin/java -jar /lab/itti/projects/checkers-competition/server/referee.jar on run_19_tyang863_vdhankar #####
INPUT for vdhankar:
GAME
WHITE
243.292194604874
.b.b...b
........
...b...b
w.......
........
w.w...w.
........
w.w...B.
##### Running: /usr/bin/time -o time_19_tyang863_vdhankar.txt -f "%U" python3 homework.py > stulog.txt 2>&1 on vdhankar #####
child exited with value 1
##### ERROR: /usr/bin/time -o time_19_tyang863_vdhankar.txt -f "%U" python3 homework.py > stulog.txt 2>&1 on vdhankar #####
##### Output of failed program (stdout + stderr): #####
Traceback (most recent call last):
  File "homework.py", line 546, in <module>
    print(end-start)
NameError: name 'end' is not defined
##### End of output of failed program #####
##### vdhankar plays [E g3 h4] in 45.5208439826965s #####
##### Running: /usr/lib/jvm/jdk-14.0.1/bin/java -jar /lab/itti/projects/checkers-competition/server/referee.jar on run_19_tyang863_vdhankar #####
Move is valid
##### SUCCESS: /usr/lib/jvm/jdk-14.0.1/bin/java -jar /lab/itti/projects/checkers-competition/server/referee.jar on run_19_tyang863_vdhankar #####
INPUT for tyang863:
GAME
BLACK
299.779590959549
.b.b...b
........
...b...b
w.......
.......w
w.w.....
........
w.w...B.
##### Running: /usr/bin/time -o time_19_tyang863_vdhankar.txt -f "%U" ./homework > stulog.txt 2>&1 on tyang863 #####
##### SUCCESS: /usr/bin/time -o time_19_tyang863_vdhankar.txt -f "%U" ./homework > stulog.txt 2>&1 on tyang863 #####
##### tyang863 plays [E g1 f2] in 0.08s #####
##### Running: /usr/lib/jvm/jdk-14.0.1/bin/java -jar /lab/itti/projects/checkers-competition/server/referee.jar on run_19_tyang863_vdhankar #####
Move is valid
##### SUCCESS: /usr/lib/jvm/jdk-14.0.1/bin/java -jar /lab/itti/projects/checkers-competition/server/referee.jar on run_19_tyang863_vdhankar #####
INPUT for vdhankar:
GAME
WHITE
197.771350622177
.b.b...b
........
...b...b
w.......
.......w
w.w.....
.....B..
w.w.....
##### Running: /usr/bin/time -o time_19_tyang863_vdhankar.txt -f "%U" python3 homework.py > stulog.txt 2>&1 on vdhankar #####
child exited with value 1
##### ERROR: /usr/bin/time -o time_19_tyang863_vdhankar.txt -f "%U" python3 homework.py > stulog.txt 2>&1 on vdhankar #####
##### Output of failed program (stdout + stderr): #####
Traceback (most recent call last):
  File "homework.py", line 546, in <module>
    print(end-start)
NameError: name 'end' is not defined
##### End of output of failed program #####
##### vdhankar plays [E c1 d2] in 15.923262834549s #####
##### Running: /usr/lib/jvm/jdk-14.0.1/bin/java -jar /lab/itti/projects/checkers-competition/server/referee.jar on run_19_tyang863_vdhankar #####
Move is valid
##### SUCCESS: /usr/lib/jvm/jdk-14.0.1/bin/java -jar /lab/itti/projects/checkers-competition/server/referee.jar on run_19_tyang863_vdhankar #####
INPUT for tyang863:
GAME
BLACK
299.699590959549
.b.b...b
........
...b...b
w.......
.......w
w.w.....
...w.B..
w.......
##### Running: /usr/bin/time -o time_19_tyang863_vdhankar.txt -f "%U" ./homework > stulog.txt 2>&1 on tyang863 #####
##### SUCCESS: /usr/bin/time -o time_19_tyang863_vdhankar.txt -f "%U" ./homework > stulog.txt 2>&1 on tyang863 #####
##### tyang863 plays [E f2 e1] in 0.06s #####
##### Running: /usr/lib/jvm/jdk-14.0.1/bin/java -jar /lab/itti/projects/checkers-competition/server/referee.jar on run_19_tyang863_vdhankar #####
Move is valid
##### SUCCESS: /usr/lib/jvm/jdk-14.0.1/bin/java -jar /lab/itti/projects/checkers-competition/server/referee.jar on run_19_tyang863_vdhankar #####
INPUT for vdhankar:
GAME
WHITE
181.848087787628
.b.b...b
........
...b...b
w.......
.......w
w.w.....
...w....
w...B...
##### Running: /usr/bin/time -o time_19_tyang863_vdhankar.txt -f "%U" python3 homework.py > stulog.txt 2>&1 on vdhankar #####
child exited with value 1
##### ERROR: /usr/bin/time -o time_19_tyang863_vdhankar.txt -f "%U" python3 homework.py > stulog.txt 2>&1 on vdhankar #####
##### Output of failed program (stdout + stderr): #####
Traceback (most recent call last):
  File "homework.py", line 546, in <module>
    print(end-start)
NameError: name 'end' is not defined
##### End of output of failed program #####
##### vdhankar plays [E d2 e3] in 9.92242693901062s #####
##### Running: /usr/lib/jvm/jdk-14.0.1/bin/java -jar /lab/itti/projects/checkers-competition/server/referee.jar on run_19_tyang863_vdhankar #####
Move is valid
##### SUCCESS: /usr/lib/jvm/jdk-14.0.1/bin/java -jar /lab/itti/projects/checkers-competition/server/referee.jar on run_19_tyang863_vdhankar #####
INPUT for tyang863:
GAME
BLACK
299.639590959549
.b.b...b
........
...b...b
w.......
.......w
w.w.w...
........
w...B...
##### Running: /usr/bin/time -o time_19_tyang863_vdhankar.txt -f "%U" ./homework > stulog.txt 2>&1 on tyang863 #####
##### SUCCESS: /usr/bin/time -o time_19_tyang863_vdhankar.txt -f "%U" ./homework > stulog.txt 2>&1 on tyang863 #####
##### tyang863 plays [E e1 f2] in 0.05s #####
##### Running: /usr/lib/jvm/jdk-14.0.1/bin/java -jar /lab/itti/projects/checkers-competition/server/referee.jar on run_19_tyang863_vdhankar #####
Move is valid
##### SUCCESS: /usr/lib/jvm/jdk-14.0.1/bin/java -jar /lab/itti/projects/checkers-competition/server/referee.jar on run_19_tyang863_vdhankar #####
INPUT for vdhankar:
GAME
WHITE
171.925660848618
.b.b...b
........
...b...b
w.......
.......w
w.w.w...
.....B..
w.......
##### Running: /usr/bin/time -o time_19_tyang863_vdhankar.txt -f "%U" python3 homework.py > stulog.txt 2>&1 on vdhankar #####
child exited with value 1
##### ERROR: /usr/bin/time -o time_19_tyang863_vdhankar.txt -f "%U" python3 homework.py > stulog.txt 2>&1 on vdhankar #####
##### Output of failed program (stdout + stderr): #####
Traceback (most recent call last):
  File "homework.py", line 546, in <module>
    print(end-start)
NameError: name 'end' is not defined
##### End of output of failed program #####
##### vdhankar plays [E a1 b2] in 8.41665196418762s #####
##### Running: /usr/lib/jvm/jdk-14.0.1/bin/java -jar /lab/itti/projects/checkers-competition/server/referee.jar on run_19_tyang863_vdhankar #####
Move is valid
##### SUCCESS: /usr/lib/jvm/jdk-14.0.1/bin/java -jar /lab/itti/projects/checkers-competition/server/referee.jar on run_19_tyang863_vdhankar #####
INPUT for tyang863:
GAME
BLACK
299.589590959549
.b.b...b
........
...b...b
w.......
.......w
w.w.w...
.w...B..
........
##### Running: /usr/bin/time -o time_19_tyang863_vdhankar.txt -f "%U" ./homework > stulog.txt 2>&1 on tyang863 #####
##### SUCCESS: /usr/bin/time -o time_19_tyang863_vdhankar.txt -f "%U" ./homework > stulog.txt 2>&1 on tyang863 #####
##### tyang863 plays [J f2 d4] in 0.00776505470275879s #####
##### Running: /usr/lib/jvm/jdk-14.0.1/bin/java -jar /lab/itti/projects/checkers-competition/server/referee.jar on run_19_tyang863_vdhankar #####
Move is valid
##### SUCCESS: /usr/lib/jvm/jdk-14.0.1/bin/java -jar /lab/itti/projects/checkers-competition/server/referee.jar on run_19_tyang863_vdhankar #####
INPUT for vdhankar:
GAME
WHITE
163.50900888443
.b.b...b
........
...b...b
w.......
...B...w
w.w.....
.w......
........
##### Running: /usr/bin/time -o time_19_tyang863_vdhankar.txt -f "%U" python3 homework.py > stulog.txt 2>&1 on vdhankar #####
child exited with value 1
##### ERROR: /usr/bin/time -o time_19_tyang863_vdhankar.txt -f "%U" python3 homework.py > stulog.txt 2>&1 on vdhankar #####
##### Output of failed program (stdout + stderr): #####
Traceback (most recent call last):
  File "homework.py", line 546, in <module>
    print(end-start)
NameError: name 'end' is not defined
##### End of output of failed program #####
##### vdhankar plays [J c3 e5 ; J e5 c7] in 0.309457063674927s #####
##### Running: /usr/lib/jvm/jdk-14.0.1/bin/java -jar /lab/itti/projects/checkers-competition/server/referee.jar on run_19_tyang863_vdhankar #####
Move is valid
##### SUCCESS: /usr/lib/jvm/jdk-14.0.1/bin/java -jar /lab/itti/projects/checkers-competition/server/referee.jar on run_19_tyang863_vdhankar #####
INPUT for tyang863:
GAME
BLACK
299.581825904846
.b.b...b
..w.....
.......b
w.......
.......w
w.......
.w......
........
##### Running: /usr/bin/time -o time_19_tyang863_vdhankar.txt -f "%U" ./homework > stulog.txt 2>&1 on tyang863 #####
##### SUCCESS: /usr/bin/time -o time_19_tyang863_vdhankar.txt -f "%U" ./homework > stulog.txt 2>&1 on tyang863 #####
##### tyang863 plays [J d8 b6] in 0.00836396217346191s #####
##### Running: /usr/lib/jvm/jdk-14.0.1/bin/java -jar /lab/itti/projects/checkers-competition/server/referee.jar on run_19_tyang863_vdhankar #####
Move is valid
##### SUCCESS: /usr/lib/jvm/jdk-14.0.1/bin/java -jar /lab/itti/projects/checkers-competition/server/referee.jar on run_19_tyang863_vdhankar #####
INPUT for vdhankar:
GAME
WHITE
163.199551820755
.b.....b
........
.b.....b
w.......
.......w
w.......
.w......
........
##### Running: /usr/bin/time -o time_19_tyang863_vdhankar.txt -f "%U" python3 homework.py > stulog.txt 2>&1 on vdhankar #####
child exited with value 1
##### ERROR: /usr/bin/time -o time_19_tyang863_vdhankar.txt -f "%U" python3 homework.py > stulog.txt 2>&1 on vdhankar #####
##### Output of failed program (stdout + stderr): #####
Traceback (most recent call last):
  File "homework.py", line 546, in <module>
    print(end-start)
NameError: name 'end' is not defined
##### End of output of failed program #####
##### vdhankar plays [J a5 c7] in 0.275840997695923s #####
##### Running: /usr/lib/jvm/jdk-14.0.1/bin/java -jar /lab/itti/projects/checkers-competition/server/referee.jar on run_19_tyang863_vdhankar #####
Move is valid
##### SUCCESS: /usr/lib/jvm/jdk-14.0.1/bin/java -jar /lab/itti/projects/checkers-competition/server/referee.jar on run_19_tyang863_vdhankar #####
INPUT for tyang863:
GAME
BLACK
299.573461942673
.b.....b
..w.....
.......b
........
.......w
w.......
.w......
........
##### Running: /usr/bin/time -o time_19_tyang863_vdhankar.txt -f "%U" ./homework > stulog.txt 2>&1 on tyang863 #####
##### SUCCESS: /usr/bin/time -o time_19_tyang863_vdhankar.txt -f "%U" ./homework > stulog.txt 2>&1 on tyang863 #####
##### tyang863 plays [J b8 d6] in 0.00713300704956055s #####
##### Running: /usr/lib/jvm/jdk-14.0.1/bin/java -jar /lab/itti/projects/checkers-competition/server/referee.jar on run_19_tyang863_vdhankar #####
Move is valid
##### SUCCESS: /usr/lib/jvm/jdk-14.0.1/bin/java -jar /lab/itti/projects/checkers-competition/server/referee.jar on run_19_tyang863_vdhankar #####
INPUT for vdhankar:
GAME
WHITE
162.923710823059
.......b
........
...b...b
........
.......w
w.......
.w......
........
##### Running: /usr/bin/time -o time_19_tyang863_vdhankar.txt -f "%U" python3 homework.py > stulog.txt 2>&1 on vdhankar #####
child exited with value 1
##### ERROR: /usr/bin/time -o time_19_tyang863_vdhankar.txt -f "%U" python3 homework.py > stulog.txt 2>&1 on vdhankar #####
##### Output of failed program (stdout + stderr): #####
Traceback (most recent call last):
  File "homework.py", line 546, in <module>
    print(end-start)
NameError: name 'end' is not defined
##### End of output of failed program #####
##### vdhankar plays [E b2 c3] in 0.508691072463989s #####
##### Running: /usr/lib/jvm/jdk-14.0.1/bin/java -jar /lab/itti/projects/checkers-competition/server/referee.jar on run_19_tyang863_vdhankar #####
Move is valid
##### SUCCESS: /usr/lib/jvm/jdk-14.0.1/bin/java -jar /lab/itti/projects/checkers-competition/server/referee.jar on run_19_tyang863_vdhankar #####
INPUT for tyang863:
GAME
BLACK
299.566328935623
.......b
........
...b...b
........
.......w
w.w.....
........
........
##### Running: /usr/bin/time -o time_19_tyang863_vdhankar.txt -f "%U" ./homework > stulog.txt 2>&1 on tyang863 #####
##### SUCCESS: /usr/bin/time -o time_19_tyang863_vdhankar.txt -f "%U" ./homework > stulog.txt 2>&1 on tyang863 #####
##### tyang863 plays [E d6 e5] in 0.00695586204528809s #####
##### Running: /usr/lib/jvm/jdk-14.0.1/bin/java -jar /lab/itti/projects/checkers-competition/server/referee.jar on run_19_tyang863_vdhankar #####
Move is valid
##### SUCCESS: /usr/lib/jvm/jdk-14.0.1/bin/java -jar /lab/itti/projects/checkers-competition/server/referee.jar on run_19_tyang863_vdhankar #####
INPUT for vdhankar:
GAME
WHITE
162.415019750595
.......b
........
.......b
....b...
.......w
w.w.....
........
........
##### Running: /usr/bin/time -o time_19_tyang863_vdhankar.txt -f "%U" python3 homework.py > stulog.txt 2>&1 on vdhankar #####
child exited with value 1
##### ERROR: /usr/bin/time -o time_19_tyang863_vdhankar.txt -f "%U" python3 homework.py > stulog.txt 2>&1 on vdhankar #####
##### Output of failed program (stdout + stderr): #####
Traceback (most recent call last):
  File "homework.py", line 546, in <module>
    print(end-start)
NameError: name 'end' is not defined
##### End of output of failed program #####
##### vdhankar plays [E a3 b4] in 0.46070384979248s #####
##### Running: /usr/lib/jvm/jdk-14.0.1/bin/java -jar /lab/itti/projects/checkers-competition/server/referee.jar on run_19_tyang863_vdhankar #####
Move is valid
##### SUCCESS: /usr/lib/jvm/jdk-14.0.1/bin/java -jar /lab/itti/projects/checkers-competition/server/referee.jar on run_19_tyang863_vdhankar #####
INPUT for tyang863:
GAME
BLACK
299.559373073578
.......b
........
.......b
....b...
.w.....w
..w.....
........
........
##### Running: /usr/bin/time -o time_19_tyang863_vdhankar.txt -f "%U" ./homework > stulog.txt 2>&1 on tyang863 #####
##### SUCCESS: /usr/bin/time -o time_19_tyang863_vdhankar.txt -f "%U" ./homework > stulog.txt 2>&1 on tyang863 #####
##### tyang863 plays [E e5 f4] in 0.00771188735961914s #####
##### Running: /usr/lib/jvm/jdk-14.0.1/bin/java -jar /lab/itti/projects/checkers-competition/server/referee.jar on run_19_tyang863_vdhankar #####
Move is valid
##### SUCCESS: /usr/lib/jvm/jdk-14.0.1/bin/java -jar /lab/itti/projects/checkers-competition/server/referee.jar on run_19_tyang863_vdhankar #####
INPUT for vdhankar:
GAME
WHITE
161.954315900803
.......b
........
.......b
........
.w...b.w
..w.....
........
........
##### Running: /usr/bin/time -o time_19_tyang863_vdhankar.txt -f "%U" python3 homework.py > stulog.txt 2>&1 on vdhankar #####
child exited with value 1
##### ERROR: /usr/bin/time -o time_19_tyang863_vdhankar.txt -f "%U" python3 homework.py > stulog.txt 2>&1 on vdhankar #####
##### Output of failed program (stdout + stderr): #####
Traceback (most recent call last):
  File "homework.py", line 546, in <module>
    print(end-start)
NameError: name 'end' is not defined
##### End of output of failed program #####
##### vdhankar plays [E c3 d4] in 0.888391017913818s #####
##### Running: /usr/lib/jvm/jdk-14.0.1/bin/java -jar /lab/itti/projects/checkers-competition/server/referee.jar on run_19_tyang863_vdhankar #####
Move is valid
##### SUCCESS: /usr/lib/jvm/jdk-14.0.1/bin/java -jar /lab/itti/projects/checkers-competition/server/referee.jar on run_19_tyang863_vdhankar #####
INPUT for tyang863:
GAME
BLACK
299.551661186218
.......b
........
.......b
........
.w.w.b.w
........
........
........
##### Running: /usr/bin/time -o time_19_tyang863_vdhankar.txt -f "%U" ./homework > stulog.txt 2>&1 on tyang863 #####
##### SUCCESS: /usr/bin/time -o time_19_tyang863_vdhankar.txt -f "%U" ./homework > stulog.txt 2>&1 on tyang863 #####
##### tyang863 plays [E f4 e3] in 0.0085451602935791s #####
##### Running: /usr/lib/jvm/jdk-14.0.1/bin/java -jar /lab/itti/projects/checkers-competition/server/referee.jar on run_19_tyang863_vdhankar #####
Move is valid
##### SUCCESS: /usr/lib/jvm/jdk-14.0.1/bin/java -jar /lab/itti/projects/checkers-competition/server/referee.jar on run_19_tyang863_vdhankar #####
INPUT for vdhankar:
GAME
WHITE
161.065924882889
.......b
........
.......b
........
.w.w...w
....b...
........
........
##### Running: /usr/bin/time -o time_19_tyang863_vdhankar.txt -f "%U" python3 homework.py > stulog.txt 2>&1 on vdhankar #####
child exited with value 1
##### ERROR: /usr/bin/time -o time_19_tyang863_vdhankar.txt -f "%U" python3 homework.py > stulog.txt 2>&1 on vdhankar #####
##### Output of failed program (stdout + stderr): #####
Traceback (most recent call last):
  File "homework.py", line 546, in <module>
    print(end-start)
NameError: name 'end' is not defined
##### End of output of failed program #####
##### vdhankar plays [E b4 c5] in 0.707262992858887s #####
##### Running: /usr/lib/jvm/jdk-14.0.1/bin/java -jar /lab/itti/projects/checkers-competition/server/referee.jar on run_19_tyang863_vdhankar #####
Move is valid
##### SUCCESS: /usr/lib/jvm/jdk-14.0.1/bin/java -jar /lab/itti/projects/checkers-competition/server/referee.jar on run_19_tyang863_vdhankar #####
INPUT for tyang863:
GAME
BLACK
299.543116025925
.......b
........
.......b
..w.....
...w...w
....b...
........
........
##### Running: /usr/bin/time -o time_19_tyang863_vdhankar.txt -f "%U" ./homework > stulog.txt 2>&1 on tyang863 #####
##### SUCCESS: /usr/bin/time -o time_19_tyang863_vdhankar.txt -f "%U" ./homework > stulog.txt 2>&1 on tyang863 #####
##### tyang863 plays [E e3 d2] in 0.00771808624267578s #####
##### Running: /usr/lib/jvm/jdk-14.0.1/bin/java -jar /lab/itti/projects/checkers-competition/server/referee.jar on run_19_tyang863_vdhankar #####
Move is valid
##### SUCCESS: /usr/lib/jvm/jdk-14.0.1/bin/java -jar /lab/itti/projects/checkers-competition/server/referee.jar on run_19_tyang863_vdhankar #####
INPUT for vdhankar:
GAME
WHITE
160.35866189003
.......b
........
.......b
..w.....
...w...w
........
...b....
........
##### Running: /usr/bin/time -o time_19_tyang863_vdhankar.txt -f "%U" python3 homework.py > stulog.txt 2>&1 on vdhankar #####
child exited with value 1
##### ERROR: /usr/bin/time -o time_19_tyang863_vdhankar.txt -f "%U" python3 homework.py > stulog.txt 2>&1 on vdhankar #####
##### Output of failed program (stdout + stderr): #####
Traceback (most recent call last):
  File "homework.py", line 546, in <module>
    print(end-start)
NameError: name 'end' is not defined
##### End of output of failed program #####
##### vdhankar plays [E d4 e5] in 0.91725492477417s #####
##### Running: /usr/lib/jvm/jdk-14.0.1/bin/java -jar /lab/itti/projects/checkers-competition/server/referee.jar on run_19_tyang863_vdhankar #####
Move is valid
##### SUCCESS: /usr/lib/jvm/jdk-14.0.1/bin/java -jar /lab/itti/projects/checkers-competition/server/referee.jar on run_19_tyang863_vdhankar #####
INPUT for tyang863:
GAME
BLACK
299.535397939682
.......b
........
.......b
..w.w...
.......w
........
...b....
........
##### Running: /usr/bin/time -o time_19_tyang863_vdhankar.txt -f "%U" ./homework > stulog.txt 2>&1 on tyang863 #####
##### SUCCESS: /usr/bin/time -o time_19_tyang863_vdhankar.txt -f "%U" ./homework > stulog.txt 2>&1 on tyang863 #####
##### tyang863 plays [E h8 g7] in 0.00760388374328613s #####
##### Running: /usr/lib/jvm/jdk-14.0.1/bin/java -jar /lab/itti/projects/checkers-competition/server/referee.jar on run_19_tyang863_vdhankar #####
Move is valid
##### SUCCESS: /usr/lib/jvm/jdk-14.0.1/bin/java -jar /lab/itti/projects/checkers-competition/server/referee.jar on run_19_tyang863_vdhankar #####
INPUT for vdhankar:
GAME
WHITE
159.441406965256
........
......b.
.......b
..w.w...
.......w
........
...b....
........
##### Running: /usr/bin/time -o time_19_tyang863_vdhankar.txt -f "%U" python3 homework.py > stulog.txt 2>&1 on vdhankar #####
child exited with value 1
##### ERROR: /usr/bin/time -o time_19_tyang863_vdhankar.txt -f "%U" python3 homework.py > stulog.txt 2>&1 on vdhankar #####
##### Output of failed program (stdout + stderr): #####
Traceback (most recent call last):
  File "homework.py", line 546, in <module>
    print(end-start)
NameError: name 'end' is not defined
##### End of output of failed program #####
##### vdhankar plays [E e5 d6] in 0.737169981002808s #####
##### Running: /usr/lib/jvm/jdk-14.0.1/bin/java -jar /lab/itti/projects/checkers-competition/server/referee.jar on run_19_tyang863_vdhankar #####
Move is valid
##### SUCCESS: /usr/lib/jvm/jdk-14.0.1/bin/java -jar /lab/itti/projects/checkers-competition/server/referee.jar on run_19_tyang863_vdhankar #####
INPUT for tyang863:
GAME
BLACK
299.527794055939
........
......b.
...w...b
..w.....
.......w
........
...b....
........
##### Running: /usr/bin/time -o time_19_tyang863_vdhankar.txt -f "%U" ./homework > stulog.txt 2>&1 on tyang863 #####
##### SUCCESS: /usr/bin/time -o time_19_tyang863_vdhankar.txt -f "%U" ./homework > stulog.txt 2>&1 on tyang863 #####
##### tyang863 plays [E d2 c1] in 0.00813794136047363s #####
##### Running: /usr/lib/jvm/jdk-14.0.1/bin/java -jar /lab/itti/projects/checkers-competition/server/referee.jar on run_19_tyang863_vdhankar #####
Move is valid
##### SUCCESS: /usr/lib/jvm/jdk-14.0.1/bin/java -jar /lab/itti/projects/checkers-competition/server/referee.jar on run_19_tyang863_vdhankar #####
INPUT for vdhankar:
GAME
WHITE
158.704236984253
........
......b.
...w...b
..w.....
.......w
........
........
..B.....
##### Running: /usr/bin/time -o time_19_tyang863_vdhankar.txt -f "%U" python3 homework.py > stulog.txt 2>&1 on vdhankar #####
child exited with value 1
##### ERROR: /usr/bin/time -o time_19_tyang863_vdhankar.txt -f "%U" python3 homework.py > stulog.txt 2>&1 on vdhankar #####
##### Output of failed program (stdout + stderr): #####
Traceback (most recent call last):
  File "homework.py", line 546, in <module>
    print(end-start)
NameError: name 'end' is not defined
##### End of output of failed program #####
##### vdhankar plays [E c5 b6] in 0.900372982025146s #####
##### Running: /usr/lib/jvm/jdk-14.0.1/bin/java -jar /lab/itti/projects/checkers-competition/server/referee.jar on run_19_tyang863_vdhankar #####
Move is valid
##### SUCCESS: /usr/lib/jvm/jdk-14.0.1/bin/java -jar /lab/itti/projects/checkers-competition/server/referee.jar on run_19_tyang863_vdhankar #####
INPUT for tyang863:
GAME
BLACK
299.519656114578
........
......b.
.w.w...b
........
.......w
........
........
..B.....
##### Running: /usr/bin/time -o time_19_tyang863_vdhankar.txt -f "%U" ./homework > stulog.txt 2>&1 on tyang863 #####
##### SUCCESS: /usr/bin/time -o time_19_tyang863_vdhankar.txt -f "%U" ./homework > stulog.txt 2>&1 on tyang863 #####
##### tyang863 plays [E c1 b2] in 0.00739693641662598s #####
##### Running: /usr/lib/jvm/jdk-14.0.1/bin/java -jar /lab/itti/projects/checkers-competition/server/referee.jar on run_19_tyang863_vdhankar #####
Move is valid
##### SUCCESS: /usr/lib/jvm/jdk-14.0.1/bin/java -jar /lab/itti/projects/checkers-competition/server/referee.jar on run_19_tyang863_vdhankar #####
INPUT for vdhankar:
GAME
WHITE
157.803864002228
........
......b.
.w.w...b
........
.......w
........
.B......
........
##### Running: /usr/bin/time -o time_19_tyang863_vdhankar.txt -f "%U" python3 homework.py > stulog.txt 2>&1 on vdhankar #####
child exited with value 1
##### ERROR: /usr/bin/time -o time_19_tyang863_vdhankar.txt -f "%U" python3 homework.py > stulog.txt 2>&1 on vdhankar #####
##### Output of failed program (stdout + stderr): #####
Traceback (most recent call last):
  File "homework.py", line 546, in <module>
    print(end-start)
NameError: name 'end' is not defined
##### End of output of failed program #####
##### vdhankar plays [E d6 e7] in 0.868109941482544s #####
##### Running: /usr/lib/jvm/jdk-14.0.1/bin/java -jar /lab/itti/projects/checkers-competition/server/referee.jar on run_19_tyang863_vdhankar #####
Move is valid
##### SUCCESS: /usr/lib/jvm/jdk-14.0.1/bin/java -jar /lab/itti/projects/checkers-competition/server/referee.jar on run_19_tyang863_vdhankar #####
INPUT for tyang863:
GAME
BLACK
299.512259178162
........
....w.b.
.w.....b
........
.......w
........
.B......
........
##### Running: /usr/bin/time -o time_19_tyang863_vdhankar.txt -f "%U" ./homework > stulog.txt 2>&1 on tyang863 #####
##### SUCCESS: /usr/bin/time -o time_19_tyang863_vdhankar.txt -f "%U" ./homework > stulog.txt 2>&1 on tyang863 #####
##### tyang863 plays [E b2 a3] in 0.00985813140869141s #####
##### Running: /usr/lib/jvm/jdk-14.0.1/bin/java -jar /lab/itti/projects/checkers-competition/server/referee.jar on run_19_tyang863_vdhankar #####
Move is valid
##### SUCCESS: /usr/lib/jvm/jdk-14.0.1/bin/java -jar /lab/itti/projects/checkers-competition/server/referee.jar on run_19_tyang863_vdhankar #####
INPUT for vdhankar:
GAME
WHITE
156.935754060745
........
....w.b.
.w.....b
........
.......w
B.......
........
........
##### Running: /usr/bin/time -o time_19_tyang863_vdhankar.txt -f "%U" python3 homework.py > stulog.txt 2>&1 on vdhankar #####
child exited with value 1
##### ERROR: /usr/bin/time -o time_19_tyang863_vdhankar.txt -f "%U" python3 homework.py > stulog.txt 2>&1 on vdhankar #####
##### Output of failed program (stdout + stderr): #####
Traceback (most recent call last):
  File "homework.py", line 546, in <module>
    print(end-start)
NameError: name 'end' is not defined
##### End of output of failed program #####
##### vdhankar plays [E b6 c7] in 1.16301488876343s #####
##### Running: /usr/lib/jvm/jdk-14.0.1/bin/java -jar /lab/itti/projects/checkers-competition/server/referee.jar on run_19_tyang863_vdhankar #####
Move is valid
##### SUCCESS: /usr/lib/jvm/jdk-14.0.1/bin/java -jar /lab/itti/projects/checkers-competition/server/referee.jar on run_19_tyang863_vdhankar #####
INPUT for tyang863:
GAME
BLACK
299.502401046753
........
..w.w.b.
.......b
........
.......w
B.......
........
........
##### Running: /usr/bin/time -o time_19_tyang863_vdhankar.txt -f "%U" ./homework > stulog.txt 2>&1 on tyang863 #####
##### SUCCESS: /usr/bin/time -o time_19_tyang863_vdhankar.txt -f "%U" ./homework > stulog.txt 2>&1 on tyang863 #####
##### tyang863 plays [E a3 b4] in 0.00825715065002441s #####
##### Running: /usr/lib/jvm/jdk-14.0.1/bin/java -jar /lab/itti/projects/checkers-competition/server/referee.jar on run_19_tyang863_vdhankar #####
Move is valid
##### SUCCESS: /usr/lib/jvm/jdk-14.0.1/bin/java -jar /lab/itti/projects/checkers-competition/server/referee.jar on run_19_tyang863_vdhankar #####
INPUT for vdhankar:
GAME
WHITE
155.772739171982
........
..w.w.b.
.......b
........
.B.....w
........
........
........
##### Running: /usr/bin/time -o time_19_tyang863_vdhankar.txt -f "%U" python3 homework.py > stulog.txt 2>&1 on vdhankar #####
child exited with value 1
##### ERROR: /usr/bin/time -o time_19_tyang863_vdhankar.txt -f "%U" python3 homework.py > stulog.txt 2>&1 on vdhankar #####
##### Output of failed program (stdout + stderr): #####
Traceback (most recent call last):
  File "homework.py", line 546, in <module>
    print(end-start)
NameError: name 'end' is not defined
##### End of output of failed program #####
##### vdhankar plays [E e7 f8] in 0.850425958633423s #####
##### Running: /usr/lib/jvm/jdk-14.0.1/bin/java -jar /lab/itti/projects/checkers-competition/server/referee.jar on run_19_tyang863_vdhankar #####
Move is valid
##### SUCCESS: /usr/lib/jvm/jdk-14.0.1/bin/java -jar /lab/itti/projects/checkers-competition/server/referee.jar on run_19_tyang863_vdhankar #####
INPUT for tyang863:
GAME
BLACK
299.494143896103
.....W..
..w...b.
.......b
........
.B.....w
........
........
........
##### Running: /usr/bin/time -o time_19_tyang863_vdhankar.txt -f "%U" ./homework > stulog.txt 2>&1 on tyang863 #####
##### SUCCESS: /usr/bin/time -o time_19_tyang863_vdhankar.txt -f "%U" ./homework > stulog.txt 2>&1 on tyang863 #####
##### tyang863 plays [E b4 a5] in 0.00780391693115234s #####
##### Running: /usr/lib/jvm/jdk-14.0.1/bin/java -jar /lab/itti/projects/checkers-competition/server/referee.jar on run_19_tyang863_vdhankar #####
Move is valid
##### SUCCESS: /usr/lib/jvm/jdk-14.0.1/bin/java -jar /lab/itti/projects/checkers-competition/server/referee.jar on run_19_tyang863_vdhankar #####
INPUT for vdhankar:
GAME
WHITE
154.922313213348
.....W..
..w...b.
.......b
B.......
.......w
........
........
........
##### Running: /usr/bin/time -o time_19_tyang863_vdhankar.txt -f "%U" python3 homework.py > stulog.txt 2>&1 on vdhankar #####
child exited with value 1
##### ERROR: /usr/bin/time -o time_19_tyang863_vdhankar.txt -f "%U" python3 homework.py > stulog.txt 2>&1 on vdhankar #####
##### Output of failed program (stdout + stderr): #####
Traceback (most recent call last):
  File "homework.py", line 546, in <module>
    print(end-start)
NameError: name 'end' is not defined
##### End of output of failed program #####
##### vdhankar plays [E h4 g5] in 0.715421915054321s #####
##### Running: /usr/lib/jvm/jdk-14.0.1/bin/java -jar /lab/itti/projects/checkers-competition/server/referee.jar on run_19_tyang863_vdhankar #####
Move is valid
##### SUCCESS: /usr/lib/jvm/jdk-14.0.1/bin/java -jar /lab/itti/projects/checkers-competition/server/referee.jar on run_19_tyang863_vdhankar #####
INPUT for tyang863:
GAME
BLACK
299.486339979172
.....W..
..w...b.
.......b
B.....w.
........
........
........
........
##### Running: /usr/bin/time -o time_19_tyang863_vdhankar.txt -f "%U" ./homework > stulog.txt 2>&1 on tyang863 #####
##### SUCCESS: /usr/bin/time -o time_19_tyang863_vdhankar.txt -f "%U" ./homework > stulog.txt 2>&1 on tyang863 #####
##### tyang863 plays [J h6 f4] in 0.00844097137451172s #####
##### Running: /usr/lib/jvm/jdk-14.0.1/bin/java -jar /lab/itti/projects/checkers-competition/server/referee.jar on run_19_tyang863_vdhankar #####
Move is valid
##### SUCCESS: /usr/lib/jvm/jdk-14.0.1/bin/java -jar /lab/itti/projects/checkers-competition/server/referee.jar on run_19_tyang863_vdhankar #####
INPUT for vdhankar:
GAME
WHITE
154.206891298294
.....W..
..w...b.
........
B.......
.....b..
........
........
........
##### Running: /usr/bin/time -o time_19_tyang863_vdhankar.txt -f "%U" python3 homework.py > stulog.txt 2>&1 on vdhankar #####
child exited with value 1
##### ERROR: /usr/bin/time -o time_19_tyang863_vdhankar.txt -f "%U" python3 homework.py > stulog.txt 2>&1 on vdhankar #####
##### Output of failed program (stdout + stderr): #####
Traceback (most recent call last):
  File "homework.py", line 546, in <module>
    print(end-start)
NameError: name 'end' is not defined
##### End of output of failed program #####
##### vdhankar plays [J f8 h6] in 0.712983131408691s #####
##### Running: /usr/lib/jvm/jdk-14.0.1/bin/java -jar /lab/itti/projects/checkers-competition/server/referee.jar on run_19_tyang863_vdhankar #####
Move is valid
##### SUCCESS: /usr/lib/jvm/jdk-14.0.1/bin/java -jar /lab/itti/projects/checkers-competition/server/referee.jar on run_19_tyang863_vdhankar #####
INPUT for tyang863:
GAME
BLACK
299.477899007797
........
..w.....
.......W
B.......
.....b..
........
........
........
##### Running: /usr/bin/time -o time_19_tyang863_vdhankar.txt -f "%U" ./homework > stulog.txt 2>&1 on tyang863 #####
##### SUCCESS: /usr/bin/time -o time_19_tyang863_vdhankar.txt -f "%U" ./homework > stulog.txt 2>&1 on tyang863 #####
##### tyang863 plays [E f4 e3] in 0.00837802886962891s #####
##### Running: /usr/lib/jvm/jdk-14.0.1/bin/java -jar /lab/itti/projects/checkers-competition/server/referee.jar on run_19_tyang863_vdhankar #####
Move is valid
##### SUCCESS: /usr/lib/jvm/jdk-14.0.1/bin/java -jar /lab/itti/projects/checkers-competition/server/referee.jar on run_19_tyang863_vdhankar #####
INPUT for vdhankar:
GAME
WHITE
153.493908166885
........
..w.....
.......W
B.......
........
....b...
........
........
##### Running: /usr/bin/time -o time_19_tyang863_vdhankar.txt -f "%U" python3 homework.py > stulog.txt 2>&1 on vdhankar #####
child exited with value 1
##### ERROR: /usr/bin/time -o time_19_tyang863_vdhankar.txt -f "%U" python3 homework.py > stulog.txt 2>&1 on vdhankar #####
##### Output of failed program (stdout + stderr): #####
Traceback (most recent call last):
  File "homework.py", line 546, in <module>
    print(end-start)
NameError: name 'end' is not defined
##### End of output of failed program #####
##### vdhankar plays [E h6 g5] in 1.67080187797546s #####
##### Running: /usr/lib/jvm/jdk-14.0.1/bin/java -jar /lab/itti/projects/checkers-competition/server/referee.jar on run_19_tyang863_vdhankar #####
Move is valid
##### SUCCESS: /usr/lib/jvm/jdk-14.0.1/bin/java -jar /lab/itti/projects/checkers-competition/server/referee.jar on run_19_tyang863_vdhankar #####
INPUT for tyang863:
GAME
BLACK
299.469520978928
........
..w.....
........
B.....W.
........
....b...
........
........
##### Running: /usr/bin/time -o time_19_tyang863_vdhankar.txt -f "%U" ./homework > stulog.txt 2>&1 on tyang863 #####
##### SUCCESS: /usr/bin/time -o time_19_tyang863_vdhankar.txt -f "%U" ./homework > stulog.txt 2>&1 on tyang863 #####
##### tyang863 plays [E a5 b4] in 0.00953292846679688s #####
##### Running: /usr/lib/jvm/jdk-14.0.1/bin/java -jar /lab/itti/projects/checkers-competition/server/referee.jar on run_19_tyang863_vdhankar #####
Move is valid
##### SUCCESS: /usr/lib/jvm/jdk-14.0.1/bin/java -jar /lab/itti/projects/checkers-competition/server/referee.jar on run_19_tyang863_vdhankar #####
INPUT for vdhankar:
GAME
WHITE
151.82310628891
........
..w.....
........
......W.
.B......
....b...
........
........
##### Running: /usr/bin/time -o time_19_tyang863_vdhankar.txt -f "%U" python3 homework.py > stulog.txt 2>&1 on vdhankar #####
child exited with value 1
##### ERROR: /usr/bin/time -o time_19_tyang863_vdhankar.txt -f "%U" python3 homework.py > stulog.txt 2>&1 on vdhankar #####
##### Output of failed program (stdout + stderr): #####
Traceback (most recent call last):
  File "homework.py", line 546, in <module>
    print(end-start)
NameError: name 'end' is not defined
##### End of output of failed program #####
##### vdhankar plays [E g5 f4] in 6.88441920280457s #####
##### Running: /usr/lib/jvm/jdk-14.0.1/bin/java -jar /lab/itti/projects/checkers-competition/server/referee.jar on run_19_tyang863_vdhankar #####
Move is valid
##### SUCCESS: /usr/lib/jvm/jdk-14.0.1/bin/java -jar /lab/itti/projects/checkers-competition/server/referee.jar on run_19_tyang863_vdhankar #####
INPUT for tyang863:
GAME
BLACK
299.459988050461
........
..w.....
........
........
.B...W..
....b...
........
........
##### Running: /usr/bin/time -o time_19_tyang863_vdhankar.txt -f "%U" ./homework > stulog.txt 2>&1 on tyang863 #####
##### SUCCESS: /usr/bin/time -o time_19_tyang863_vdhankar.txt -f "%U" ./homework > stulog.txt 2>&1 on tyang863 #####
##### tyang863 plays [E e3 d2] in 0.00793290138244629s #####
##### Running: /usr/lib/jvm/jdk-14.0.1/bin/java -jar /lab/itti/projects/checkers-competition/server/referee.jar on run_19_tyang863_vdhankar #####
Move is valid
##### SUCCESS: /usr/lib/jvm/jdk-14.0.1/bin/java -jar /lab/itti/projects/checkers-competition/server/referee.jar on run_19_tyang863_vdhankar #####
INPUT for vdhankar:
GAME
WHITE
144.938687086105
........
..w.....
........
........
.B...W..
........
...b....
........
##### Running: /usr/bin/time -o time_19_tyang863_vdhankar.txt -f "%U" python3 homework.py > stulog.txt 2>&1 on vdhankar #####
child exited with value 1
##### ERROR: /usr/bin/time -o time_19_tyang863_vdhankar.txt -f "%U" python3 homework.py > stulog.txt 2>&1 on vdhankar #####
##### Output of failed program (stdout + stderr): #####
Traceback (most recent call last):
  File "homework.py", line 546, in <module>
    print(end-start)
NameError: name 'end' is not defined
##### End of output of failed program #####
##### vdhankar plays [E f4 g5] in 3.73983407020569s #####
##### Running: /usr/lib/jvm/jdk-14.0.1/bin/java -jar /lab/itti/projects/checkers-competition/server/referee.jar on run_19_tyang863_vdhankar #####
Move is valid
##### SUCCESS: /usr/lib/jvm/jdk-14.0.1/bin/java -jar /lab/itti/projects/checkers-competition/server/referee.jar on run_19_tyang863_vdhankar #####
INPUT for tyang863:
GAME
BLACK
299.452055149078
........
..w.....
........
......W.
.B......
........
...b....
........
##### Running: /usr/bin/time -o time_19_tyang863_vdhankar.txt -f "%U" ./homework > stulog.txt 2>&1 on tyang863 #####
##### SUCCESS: /usr/bin/time -o time_19_tyang863_vdhankar.txt -f "%U" ./homework > stulog.txt 2>&1 on tyang863 #####
##### tyang863 plays [E b4 a3] in 0.00889396667480469s #####
##### Running: /usr/lib/jvm/jdk-14.0.1/bin/java -jar /lab/itti/projects/checkers-competition/server/referee.jar on run_19_tyang863_vdhankar #####
Move is valid
##### SUCCESS: /usr/lib/jvm/jdk-14.0.1/bin/java -jar /lab/itti/projects/checkers-competition/server/referee.jar on run_19_tyang863_vdhankar #####
INPUT for vdhankar:
GAME
WHITE
141.1988530159
........
..w.....
........
......W.
........
B.......
...b....
........
##### Running: /usr/bin/time -o time_19_tyang863_vdhankar.txt -f "%U" python3 homework.py > stulog.txt 2>&1 on vdhankar #####
child exited with value 1
##### ERROR: /usr/bin/time -o time_19_tyang863_vdhankar.txt -f "%U" python3 homework.py > stulog.txt 2>&1 on vdhankar #####
##### Output of failed program (stdout + stderr): #####
Traceback (most recent call last):
  File "homework.py", line 546, in <module>
    print(end-start)
NameError: name 'end' is not defined
##### End of output of failed program #####
##### vdhankar plays [E g5 f4] in 3.64710998535156s #####
##### Running: /usr/lib/jvm/jdk-14.0.1/bin/java -jar /lab/itti/projects/checkers-competition/server/referee.jar on run_19_tyang863_vdhankar #####
Move is valid
##### SUCCESS: /usr/lib/jvm/jdk-14.0.1/bin/java -jar /lab/itti/projects/checkers-competition/server/referee.jar on run_19_tyang863_vdhankar #####
INPUT for tyang863:
GAME
BLACK
299.443161182404
........
..w.....
........
........
.....W..
B.......
...b....
........
##### Running: /usr/bin/time -o time_19_tyang863_vdhankar.txt -f "%U" ./homework > stulog.txt 2>&1 on tyang863 #####
##### SUCCESS: /usr/bin/time -o time_19_tyang863_vdhankar.txt -f "%U" ./homework > stulog.txt 2>&1 on tyang863 #####
##### tyang863 plays [E d2 c1] in 0.00766396522521973s #####
##### Running: /usr/lib/jvm/jdk-14.0.1/bin/java -jar /lab/itti/projects/checkers-competition/server/referee.jar on run_19_tyang863_vdhankar #####
Move is valid
##### SUCCESS: /usr/lib/jvm/jdk-14.0.1/bin/java -jar /lab/itti/projects/checkers-competition/server/referee.jar on run_19_tyang863_vdhankar #####
INPUT for vdhankar:
GAME
WHITE
137.551743030548
........
..w.....
........
........
.....W..
B.......
........
..B.....
##### Running: /usr/bin/time -o time_19_tyang863_vdhankar.txt -f "%U" python3 homework.py > stulog.txt 2>&1 on vdhankar #####
child exited with value 1
##### ERROR: /usr/bin/time -o time_19_tyang863_vdhankar.txt -f "%U" python3 homework.py > stulog.txt 2>&1 on vdhankar #####
##### Output of failed program (stdout + stderr): #####
Traceback (most recent call last):
  File "homework.py", line 546, in <module>
    print(end-start)
NameError: name 'end' is not defined
##### End of output of failed program #####
##### vdhankar plays [E f4 g5] in 3.00162196159363s #####
##### Running: /usr/lib/jvm/jdk-14.0.1/bin/java -jar /lab/itti/projects/checkers-competition/server/referee.jar on run_19_tyang863_vdhankar #####
Move is valid
##### SUCCESS: /usr/lib/jvm/jdk-14.0.1/bin/java -jar /lab/itti/projects/checkers-competition/server/referee.jar on run_19_tyang863_vdhankar #####
INPUT for tyang863:
GAME
BLACK
299.435497217178
........
..w.....
........
......W.
........
B.......
........
..B.....
##### Running: /usr/bin/time -o time_19_tyang863_vdhankar.txt -f "%U" ./homework > stulog.txt 2>&1 on tyang863 #####
##### SUCCESS: /usr/bin/time -o time_19_tyang863_vdhankar.txt -f "%U" ./homework > stulog.txt 2>&1 on tyang863 #####
##### tyang863 plays [E a3 b2] in 0.00845098495483398s #####
##### Running: /usr/lib/jvm/jdk-14.0.1/bin/java -jar /lab/itti/projects/checkers-competition/server/referee.jar on run_19_tyang863_vdhankar #####
Move is valid
##### SUCCESS: /usr/lib/jvm/jdk-14.0.1/bin/java -jar /lab/itti/projects/checkers-competition/server/referee.jar on run_19_tyang863_vdhankar #####
INPUT for vdhankar:
GAME
WHITE
134.550121068954
........
..w.....
........
......W.
........
........
.B......
..B.....
##### Running: /usr/bin/time -o time_19_tyang863_vdhankar.txt -f "%U" python3 homework.py > stulog.txt 2>&1 on vdhankar #####
child exited with value 1
##### ERROR: /usr/bin/time -o time_19_tyang863_vdhankar.txt -f "%U" python3 homework.py > stulog.txt 2>&1 on vdhankar #####
##### Output of failed program (stdout + stderr): #####
Traceback (most recent call last):
  File "homework.py", line 546, in <module>
    print(end-start)
NameError: name 'end' is not defined
##### End of output of failed program #####
##### vdhankar plays [E g5 h4] in 3.62244701385498s #####
##### Running: /usr/lib/jvm/jdk-14.0.1/bin/java -jar /lab/itti/projects/checkers-competition/server/referee.jar on run_19_tyang863_vdhankar #####
Move is valid
##### SUCCESS: /usr/lib/jvm/jdk-14.0.1/bin/java -jar /lab/itti/projects/checkers-competition/server/referee.jar on run_19_tyang863_vdhankar #####
INPUT for tyang863:
GAME
BLACK
299.427046232224
........
..w.....
........
........
.......W
........
.B......
..B.....
##### Running: /usr/bin/time -o time_19_tyang863_vdhankar.txt -f "%U" ./homework > stulog.txt 2>&1 on tyang863 #####
##### SUCCESS: /usr/bin/time -o time_19_tyang863_vdhankar.txt -f "%U" ./homework > stulog.txt 2>&1 on tyang863 #####
##### tyang863 plays [E b2 a3] in 0.00772500038146973s #####
##### Running: /usr/lib/jvm/jdk-14.0.1/bin/java -jar /lab/itti/projects/checkers-competition/server/referee.jar on run_19_tyang863_vdhankar #####
Move is valid
##### SUCCESS: /usr/lib/jvm/jdk-14.0.1/bin/java -jar /lab/itti/projects/checkers-competition/server/referee.jar on run_19_tyang863_vdhankar #####
INPUT for vdhankar:
GAME
WHITE
130.927674055099
........
..w.....
........
........
.......W
B.......
........
..B.....
##### Running: /usr/bin/time -o time_19_tyang863_vdhankar.txt -f "%U" python3 homework.py > stulog.txt 2>&1 on vdhankar #####
child exited with value 1
##### ERROR: /usr/bin/time -o time_19_tyang863_vdhankar.txt -f "%U" python3 homework.py > stulog.txt 2>&1 on vdhankar #####
##### Output of failed program (stdout + stderr): #####
Traceback (most recent call last):
  File "homework.py", line 546, in <module>
    print(end-start)
NameError: name 'end' is not defined
##### End of output of failed program #####
##### vdhankar plays [E h4 g3] in 2.14020109176636s #####
##### Running: /usr/lib/jvm/jdk-14.0.1/bin/java -jar /lab/itti/projects/checkers-competition/server/referee.jar on run_19_tyang863_vdhankar #####
Move is valid
##### SUCCESS: /usr/lib/jvm/jdk-14.0.1/bin/java -jar /lab/itti/projects/checkers-competition/server/referee.jar on run_19_tyang863_vdhankar #####
INPUT for tyang863:
GAME
BLACK
299.419321231842
........
..w.....
........
........
........
B.....W.
........
..B.....
##### Running: /usr/bin/time -o time_19_tyang863_vdhankar.txt -f "%U" ./homework > stulog.txt 2>&1 on tyang863 #####
##### SUCCESS: /usr/bin/time -o time_19_tyang863_vdhankar.txt -f "%U" ./homework > stulog.txt 2>&1 on tyang863 #####
##### tyang863 plays [E a3 b2] in 0.00853490829467773s #####
##### Running: /usr/lib/jvm/jdk-14.0.1/bin/java -jar /lab/itti/projects/checkers-competition/server/referee.jar on run_19_tyang863_vdhankar #####
Move is valid
##### SUCCESS: /usr/lib/jvm/jdk-14.0.1/bin/java -jar /lab/itti/projects/checkers-competition/server/referee.jar on run_19_tyang863_vdhankar #####
INPUT for vdhankar:
GAME
WHITE
128.787472963333
........
..w.....
........
........
........
......W.
.B......
..B.....
##### Running: /usr/bin/time -o time_19_tyang863_vdhankar.txt -f "%U" python3 homework.py > stulog.txt 2>&1 on vdhankar #####
child exited with value 1
##### ERROR: /usr/bin/time -o time_19_tyang863_vdhankar.txt -f "%U" python3 homework.py > stulog.txt 2>&1 on vdhankar #####
##### Output of failed program (stdout + stderr): #####
Traceback (most recent call last):
  File "homework.py", line 546, in <module>
    print(end-start)
NameError: name 'end' is not defined
##### End of output of failed program #####
##### vdhankar plays [E g3 h2] in 3.04871797561646s #####
##### Running: /usr/lib/jvm/jdk-14.0.1/bin/java -jar /lab/itti/projects/checkers-competition/server/referee.jar on run_19_tyang863_vdhankar #####
Move is valid
##### SUCCESS: /usr/lib/jvm/jdk-14.0.1/bin/java -jar /lab/itti/projects/checkers-competition/server/referee.jar on run_19_tyang863_vdhankar #####
INPUT for tyang863:
GAME
BLACK
299.410786323547
........
..w.....
........
........
........
........
.B.....W
..B.....
##### Running: /usr/bin/time -o time_19_tyang863_vdhankar.txt -f "%U" ./homework > stulog.txt 2>&1 on tyang863 #####
##### SUCCESS: /usr/bin/time -o time_19_tyang863_vdhankar.txt -f "%U" ./homework > stulog.txt 2>&1 on tyang863 #####
##### tyang863 plays [E b2 a3] in 0.00799107551574707s #####
##### Running: /usr/lib/jvm/jdk-14.0.1/bin/java -jar /lab/itti/projects/checkers-competition/server/referee.jar on run_19_tyang863_vdhankar #####
Move is valid
##### SUCCESS: /usr/lib/jvm/jdk-14.0.1/bin/java -jar /lab/itti/projects/checkers-competition/server/referee.jar on run_19_tyang863_vdhankar #####
INPUT for vdhankar:
GAME
WHITE
125.738754987717
........
..w.....
........
........
........
B.......
.......W
..B.....
##### Running: /usr/bin/time -o time_19_tyang863_vdhankar.txt -f "%U" python3 homework.py > stulog.txt 2>&1 on vdhankar #####
child exited with value 1
##### ERROR: /usr/bin/time -o time_19_tyang863_vdhankar.txt -f "%U" python3 homework.py > stulog.txt 2>&1 on vdhankar #####
##### Output of failed program (stdout + stderr): #####
Traceback (most recent call last):
  File "homework.py", line 546, in <module>
    print(end-start)
NameError: name 'end' is not defined
##### End of output of failed program #####
##### vdhankar plays [E h2 g1] in 1.88584804534912s #####
##### Running: /usr/lib/jvm/jdk-14.0.1/bin/java -jar /lab/itti/projects/checkers-competition/server/referee.jar on run_19_tyang863_vdhankar #####
Move is valid
##### SUCCESS: /usr/lib/jvm/jdk-14.0.1/bin/java -jar /lab/itti/projects/checkers-competition/server/referee.jar on run_19_tyang863_vdhankar #####
INPUT for tyang863:
GAME
BLACK
299.402795248032
........
..w.....
........
........
........
B.......
........
..B...W.
##### Running: /usr/bin/time -o time_19_tyang863_vdhankar.txt -f "%U" ./homework > stulog.txt 2>&1 on tyang863 #####
##### SUCCESS: /usr/bin/time -o time_19_tyang863_vdhankar.txt -f "%U" ./homework > stulog.txt 2>&1 on tyang863 #####
##### tyang863 plays [E a3 b2] in 0.00797009468078613s #####
##### Running: /usr/lib/jvm/jdk-14.0.1/bin/java -jar /lab/itti/projects/checkers-competition/server/referee.jar on run_19_tyang863_vdhankar #####
Move is valid
##### SUCCESS: /usr/lib/jvm/jdk-14.0.1/bin/java -jar /lab/itti/projects/checkers-competition/server/referee.jar on run_19_tyang863_vdhankar #####
INPUT for vdhankar:
GAME
WHITE
123.852906942368
........
..w.....
........
........
........
........
.B......
..B...W.
##### Running: /usr/bin/time -o time_19_tyang863_vdhankar.txt -f "%U" python3 homework.py > stulog.txt 2>&1 on vdhankar #####
child exited with value 1
##### ERROR: /usr/bin/time -o time_19_tyang863_vdhankar.txt -f "%U" python3 homework.py > stulog.txt 2>&1 on vdhankar #####
##### Output of failed program (stdout + stderr): #####
Traceback (most recent call last):
  File "homework.py", line 546, in <module>
    print(end-start)
NameError: name 'end' is not defined
##### End of output of failed program #####
##### vdhankar plays [E c7 d8] in 1.72528100013733s #####
##### Running: /usr/lib/jvm/jdk-14.0.1/bin/java -jar /lab/itti/projects/checkers-competition/server/referee.jar on run_19_tyang863_vdhankar #####
Move is valid
##### SUCCESS: /usr/lib/jvm/jdk-14.0.1/bin/java -jar /lab/itti/projects/checkers-competition/server/referee.jar on run_19_tyang863_vdhankar #####
INPUT for tyang863:
GAME
BLACK
299.394825153351
...W....
........
........
........
........
........
.B......
..B...W.
##### Running: /usr/bin/time -o time_19_tyang863_vdhankar.txt -f "%U" ./homework > stulog.txt 2>&1 on tyang863 #####
##### SUCCESS: /usr/bin/time -o time_19_tyang863_vdhankar.txt -f "%U" ./homework > stulog.txt 2>&1 on tyang863 #####
##### tyang863 plays [E b2 a1] in 0.00847005844116211s #####
##### Running: /usr/lib/jvm/jdk-14.0.1/bin/java -jar /lab/itti/projects/checkers-competition/server/referee.jar on run_19_tyang863_vdhankar #####
Move is valid
##### SUCCESS: /usr/lib/jvm/jdk-14.0.1/bin/java -jar /lab/itti/projects/checkers-competition/server/referee.jar on run_19_tyang863_vdhankar #####
INPUT for vdhankar:
GAME
WHITE
122.12762594223
...W....
........
........
........
........
........
........
B.B...W.
##### Running: /usr/bin/time -o time_19_tyang863_vdhankar.txt -f "%U" python3 homework.py > stulog.txt 2>&1 on vdhankar #####
child exited with value 1
##### ERROR: /usr/bin/time -o time_19_tyang863_vdhankar.txt -f "%U" python3 homework.py > stulog.txt 2>&1 on vdhankar #####
##### Output of failed program (stdout + stderr): #####
Traceback (most recent call last):
  File "homework.py", line 546, in <module>
    print(end-start)
NameError: name 'end' is not defined
##### End of output of failed program #####
##### vdhankar plays [E d8 e7] in 1.22771382331848s #####
##### Running: /usr/lib/jvm/jdk-14.0.1/bin/java -jar /lab/itti/projects/checkers-competition/server/referee.jar on run_19_tyang863_vdhankar #####
Move is valid
##### SUCCESS: /usr/lib/jvm/jdk-14.0.1/bin/java -jar /lab/itti/projects/checkers-competition/server/referee.jar on run_19_tyang863_vdhankar #####
INPUT for tyang863:
GAME
BLACK
299.38635509491
........
....W...
........
........
........
........
........
B.B...W.
##### Running: /usr/bin/time -o time_19_tyang863_vdhankar.txt -f "%U" ./homework > stulog.txt 2>&1 on tyang863 #####
##### SUCCESS: /usr/bin/time -o time_19_tyang863_vdhankar.txt -f "%U" ./homework > stulog.txt 2>&1 on tyang863 #####
##### tyang863 plays [E c1 b2] in 0.00854992866516113s #####
##### Running: /usr/lib/jvm/jdk-14.0.1/bin/java -jar /lab/itti/projects/checkers-competition/server/referee.jar on run_19_tyang863_vdhankar #####
Move is valid
##### SUCCESS: /usr/lib/jvm/jdk-14.0.1/bin/java -jar /lab/itti/projects/checkers-competition/server/referee.jar on run_19_tyang863_vdhankar #####
INPUT for vdhankar:
GAME
WHITE
120.899912118912
........
....W...
........
........
........
........
.B......
B.....W.
##### Running: /usr/bin/time -o time_19_tyang863_vdhankar.txt -f "%U" python3 homework.py > stulog.txt 2>&1 on vdhankar #####
child exited with value 1
##### ERROR: /usr/bin/time -o time_19_tyang863_vdhankar.txt -f "%U" python3 homework.py > stulog.txt 2>&1 on vdhankar #####
##### Output of failed program (stdout + stderr): #####
Traceback (most recent call last):
  File "homework.py", line 546, in <module>
    print(end-start)
NameError: name 'end' is not defined
##### End of output of failed program #####
##### vdhankar plays [E g1 h2] in 2.04730701446533s #####
##### Running: /usr/lib/jvm/jdk-14.0.1/bin/java -jar /lab/itti/projects/checkers-competition/server/referee.jar on run_19_tyang863_vdhankar #####
Move is valid
##### SUCCESS: /usr/lib/jvm/jdk-14.0.1/bin/java -jar /lab/itti/projects/checkers-competition/server/referee.jar on run_19_tyang863_vdhankar #####
INPUT for tyang863:
GAME
BLACK
299.377805166245
........
....W...
........
........
........
........
.B.....W
B.......
##### Running: /usr/bin/time -o time_19_tyang863_vdhankar.txt -f "%U" ./homework > stulog.txt 2>&1 on tyang863 #####
##### SUCCESS: /usr/bin/time -o time_19_tyang863_vdhankar.txt -f "%U" ./homework > stulog.txt 2>&1 on tyang863 #####
##### tyang863 plays [E b2 c1] in 0.00813412666320801s #####
##### Running: /usr/lib/jvm/jdk-14.0.1/bin/java -jar /lab/itti/projects/checkers-competition/server/referee.jar on run_19_tyang863_vdhankar #####
Move is valid
##### SUCCESS: /usr/lib/jvm/jdk-14.0.1/bin/java -jar /lab/itti/projects/checkers-competition/server/referee.jar on run_19_tyang863_vdhankar #####
INPUT for vdhankar:
GAME
WHITE
118.852605104446
........
....W...
........
........
........
........
.......W
B.B.....
##### Running: /usr/bin/time -o time_19_tyang863_vdhankar.txt -f "%U" python3 homework.py > stulog.txt 2>&1 on vdhankar #####
child exited with value 1
##### ERROR: /usr/bin/time -o time_19_tyang863_vdhankar.txt -f "%U" python3 homework.py > stulog.txt 2>&1 on vdhankar #####
##### Output of failed program (stdout + stderr): #####
Traceback (most recent call last):
  File "homework.py", line 546, in <module>
    print(end-start)
NameError: name 'end' is not defined
##### End of output of failed program #####
##### vdhankar plays [E h2 g1] in 2.59994602203369s #####
##### Running: /usr/lib/jvm/jdk-14.0.1/bin/java -jar /lab/itti/projects/checkers-competition/server/referee.jar on run_19_tyang863_vdhankar #####
Move is valid
##### SUCCESS: /usr/lib/jvm/jdk-14.0.1/bin/java -jar /lab/itti/projects/checkers-competition/server/referee.jar on run_19_tyang863_vdhankar #####
INPUT for tyang863:
GAME
BLACK
299.369671039581
........
....W...
........
........
........
........
........
B.B...W.
##### Running: /usr/bin/time -o time_19_tyang863_vdhankar.txt -f "%U" ./homework > stulog.txt 2>&1 on tyang863 #####
##### SUCCESS: /usr/bin/time -o time_19_tyang863_vdhankar.txt -f "%U" ./homework > stulog.txt 2>&1 on tyang863 #####
##### tyang863 plays [E c1 b2] in 0.00899505615234375s #####
##### Running: /usr/lib/jvm/jdk-14.0.1/bin/java -jar /lab/itti/projects/checkers-competition/server/referee.jar on run_19_tyang863_vdhankar #####
Move is valid
##### SUCCESS: /usr/lib/jvm/jdk-14.0.1/bin/java -jar /lab/itti/projects/checkers-competition/server/referee.jar on run_19_tyang863_vdhankar #####
INPUT for vdhankar:
GAME
WHITE
116.252659082413
........
....W...
........
........
........
........
.B......
B.....W.
##### Running: /usr/bin/time -o time_19_tyang863_vdhankar.txt -f "%U" python3 homework.py > stulog.txt 2>&1 on vdhankar #####
child exited with value 1
##### ERROR: /usr/bin/time -o time_19_tyang863_vdhankar.txt -f "%U" python3 homework.py > stulog.txt 2>&1 on vdhankar #####
##### Output of failed program (stdout + stderr): #####
Traceback (most recent call last):
  File "homework.py", line 546, in <module>
    print(end-start)
NameError: name 'end' is not defined
##### End of output of failed program #####
##### vdhankar plays [E g1 h2] in 2.00611209869385s #####
##### Running: /usr/lib/jvm/jdk-14.0.1/bin/java -jar /lab/itti/projects/checkers-competition/server/referee.jar on run_19_tyang863_vdhankar #####
Move is valid
##### SUCCESS: /usr/lib/jvm/jdk-14.0.1/bin/java -jar /lab/itti/projects/checkers-competition/server/referee.jar on run_19_tyang863_vdhankar #####
INPUT for tyang863:
GAME
BLACK
299.360675983429
........
....W...
........
........
........
........
.B.....W
B.......
##### Running: /usr/bin/time -o time_19_tyang863_vdhankar.txt -f "%U" ./homework > stulog.txt 2>&1 on tyang863 #####
##### SUCCESS: /usr/bin/time -o time_19_tyang863_vdhankar.txt -f "%U" ./homework > stulog.txt 2>&1 on tyang863 #####
##### tyang863 plays [E b2 c1] in 0.00868105888366699s #####
##### Running: /usr/lib/jvm/jdk-14.0.1/bin/java -jar /lab/itti/projects/checkers-competition/server/referee.jar on run_19_tyang863_vdhankar #####
Move is valid
##### SUCCESS: /usr/lib/jvm/jdk-14.0.1/bin/java -jar /lab/itti/projects/checkers-competition/server/referee.jar on run_19_tyang863_vdhankar #####
INPUT for vdhankar:
GAME
WHITE
114.246546983719
........
....W...
........
........
........
........
.......W
B.B.....
##### Running: /usr/bin/time -o time_19_tyang863_vdhankar.txt -f "%U" python3 homework.py > stulog.txt 2>&1 on vdhankar #####
child exited with value 1
##### ERROR: /usr/bin/time -o time_19_tyang863_vdhankar.txt -f "%U" python3 homework.py > stulog.txt 2>&1 on vdhankar #####
##### Output of failed program (stdout + stderr): #####
Traceback (most recent call last):
  File "homework.py", line 546, in <module>
    print(end-start)
NameError: name 'end' is not defined
##### End of output of failed program #####
##### vdhankar plays [E h2 g1] in 2.61181497573853s #####
##### Running: /usr/lib/jvm/jdk-14.0.1/bin/java -jar /lab/itti/projects/checkers-competition/server/referee.jar on run_19_tyang863_vdhankar #####
Move is valid
##### SUCCESS: /usr/lib/jvm/jdk-14.0.1/bin/java -jar /lab/itti/projects/checkers-competition/server/referee.jar on run_19_tyang863_vdhankar #####
INPUT for tyang863:
GAME
BLACK
299.351994924545
........
....W...
........
........
........
........
........
B.B...W.
##### Running: /usr/bin/time -o time_19_tyang863_vdhankar.txt -f "%U" ./homework > stulog.txt 2>&1 on tyang863 #####
##### SUCCESS: /usr/bin/time -o time_19_tyang863_vdhankar.txt -f "%U" ./homework > stulog.txt 2>&1 on tyang863 #####
##### tyang863 plays [E c1 b2] in 0.00840210914611816s #####
##### Running: /usr/lib/jvm/jdk-14.0.1/bin/java -jar /lab/itti/projects/checkers-competition/server/referee.jar on run_19_tyang863_vdhankar #####
Move is valid
Seen this position 3 times
*** Game ends in draw ***
##### SUCCESS: /usr/lib/jvm/jdk-14.0.1/bin/java -jar /lab/itti/projects/checkers-competition/server/referee.jar on run_19_tyang863_vdhankar #####
##### GAME ENDS IN A DRAW. Time left for tyang863: 299.343592815399s, vdhankar: 111.63473200798s
Server said: DRAW
##### GAME OVER: the game ends in a draw, tyang863 wins by time remaining #####
########## ROUND 19 GAMESCORE AFTER GAME 4: tyang863=2 and vdhankar=2 ##########


########## TIE ON ROUND 19 - BOTH PLAYERS ADVANCE TO NEXT ROUND ##########
