#################### ROUND 21: glduncan (W) vs vdhankar (B): game 1 ####################
##### game start! #####
INPUT for vdhankar:
GAME
BLACK
300
.b.b.b.b
b.b.b.b.
.b.b.b.b
........
........
w.w.w.w.
.w.w.w.w
w.w.w.w.
##### Running: /usr/bin/time -o time_21_glduncan_vdhankar.txt -f "%U" python3 homework.py > stulog.txt 2>&1 on vdhankar #####
child exited with value 1
##### ERROR: /usr/bin/time -o time_21_glduncan_vdhankar.txt -f "%U" python3 homework.py > stulog.txt 2>&1 on vdhankar #####
##### Output of failed program (stdout + stderr): #####
Traceback (most recent call last):
  File "homework.py", line 546, in <module>
    print(end-start)
NameError: name 'end' is not defined
##### End of output of failed program #####
##### vdhankar plays [E h6 g5] in 7.57092499732971s #####
##### Running: /usr/lib/jvm/jdk-14.0.1/bin/java -jar /lab/itti/projects/checkers-competition/server/referee.jar on run_21_glduncan_vdhankar #####
Move is valid
Couldn't read file 'current_ply.txt'
Couldn't read content from file 'current_ply.txt'
Couldn't read file 'lastmatchange_ply.txt'
Couldn't read content from file 'lastmatchange_ply.txt'
##### SUCCESS: /usr/lib/jvm/jdk-14.0.1/bin/java -jar /lab/itti/projects/checkers-competition/server/referee.jar on run_21_glduncan_vdhankar #####
INPUT for glduncan:
GAME
WHITE
300
.b.b.b.b
b.b.b.b.
.b.b.b..
......b.
........
w.w.w.w.
.w.w.w.w
w.w.w.w.
##### Running: /usr/bin/time -o time_21_glduncan_vdhankar.txt -f "%U" python3 homework.py > stulog.txt 2>&1 on glduncan #####
##### SUCCESS: /usr/bin/time -o time_21_glduncan_vdhankar.txt -f "%U" python3 homework.py > stulog.txt 2>&1 on glduncan #####
##### glduncan plays [E e3 f4] in 0.03s #####
##### Running: /usr/lib/jvm/jdk-14.0.1/bin/java -jar /lab/itti/projects/checkers-competition/server/referee.jar on run_21_glduncan_vdhankar #####
Move is valid
##### SUCCESS: /usr/lib/jvm/jdk-14.0.1/bin/java -jar /lab/itti/projects/checkers-competition/server/referee.jar on run_21_glduncan_vdhankar #####
INPUT for vdhankar:
GAME
BLACK
292.42907500267
.b.b.b.b
b.b.b.b.
.b.b.b..
......b.
.....w..
w.w...w.
.w.w.w.w
w.w.w.w.
##### Running: /usr/bin/time -o time_21_glduncan_vdhankar.txt -f "%U" python3 homework.py > stulog.txt 2>&1 on vdhankar #####
child exited with value 1
##### ERROR: /usr/bin/time -o time_21_glduncan_vdhankar.txt -f "%U" python3 homework.py > stulog.txt 2>&1 on vdhankar #####
##### Output of failed program (stdout + stderr): #####
Traceback (most recent call last):
  File "homework.py", line 546, in <module>
    print(end-start)
NameError: name 'end' is not defined
##### End of output of failed program #####
##### vdhankar plays [J g5 e3] in 2.14723205566406s #####
##### Running: /usr/lib/jvm/jdk-14.0.1/bin/java -jar /lab/itti/projects/checkers-competition/server/referee.jar on run_21_glduncan_vdhankar #####
Move is valid
##### SUCCESS: /usr/lib/jvm/jdk-14.0.1/bin/java -jar /lab/itti/projects/checkers-competition/server/referee.jar on run_21_glduncan_vdhankar #####
INPUT for glduncan:
GAME
WHITE
299.97
.b.b.b.b
b.b.b.b.
.b.b.b..
........
........
w.w.b.w.
.w.w.w.w
w.w.w.w.
##### Running: /usr/bin/time -o time_21_glduncan_vdhankar.txt -f "%U" python3 homework.py > stulog.txt 2>&1 on glduncan #####
##### SUCCESS: /usr/bin/time -o time_21_glduncan_vdhankar.txt -f "%U" python3 homework.py > stulog.txt 2>&1 on glduncan #####
##### glduncan plays [J f2 d4] in 0.8s #####
##### Running: /usr/lib/jvm/jdk-14.0.1/bin/java -jar /lab/itti/projects/checkers-competition/server/referee.jar on run_21_glduncan_vdhankar #####
Move is valid
##### SUCCESS: /usr/lib/jvm/jdk-14.0.1/bin/java -jar /lab/itti/projects/checkers-competition/server/referee.jar on run_21_glduncan_vdhankar #####
INPUT for vdhankar:
GAME
BLACK
290.281842947006
.b.b.b.b
b.b.b.b.
.b.b.b..
........
...w....
w.w...w.
.w.w...w
w.w.w.w.
##### Running: /usr/bin/time -o time_21_glduncan_vdhankar.txt -f "%U" python3 homework.py > stulog.txt 2>&1 on vdhankar #####
child exited with value 1
##### ERROR: /usr/bin/time -o time_21_glduncan_vdhankar.txt -f "%U" python3 homework.py > stulog.txt 2>&1 on vdhankar #####
##### Output of failed program (stdout + stderr): #####
Traceback (most recent call last):
  File "homework.py", line 546, in <module>
    print(end-start)
NameError: name 'end' is not defined
##### End of output of failed program #####
##### vdhankar plays [E f6 e5] in 6.27239489555359s #####
##### Running: /usr/lib/jvm/jdk-14.0.1/bin/java -jar /lab/itti/projects/checkers-competition/server/referee.jar on run_21_glduncan_vdhankar #####
Move is valid
##### SUCCESS: /usr/lib/jvm/jdk-14.0.1/bin/java -jar /lab/itti/projects/checkers-competition/server/referee.jar on run_21_glduncan_vdhankar #####
INPUT for glduncan:
GAME
WHITE
299.17
.b.b.b.b
b.b.b.b.
.b.b....
....b...
...w....
w.w...w.
.w.w...w
w.w.w.w.
##### Running: /usr/bin/time -o time_21_glduncan_vdhankar.txt -f "%U" python3 homework.py > stulog.txt 2>&1 on glduncan #####
##### SUCCESS: /usr/bin/time -o time_21_glduncan_vdhankar.txt -f "%U" python3 homework.py > stulog.txt 2>&1 on glduncan #####
##### glduncan plays [J d4 f6] in 0.18s #####
##### Running: /usr/lib/jvm/jdk-14.0.1/bin/java -jar /lab/itti/projects/checkers-competition/server/referee.jar on run_21_glduncan_vdhankar #####
Move is valid
##### SUCCESS: /usr/lib/jvm/jdk-14.0.1/bin/java -jar /lab/itti/projects/checkers-competition/server/referee.jar on run_21_glduncan_vdhankar #####
INPUT for vdhankar:
GAME
BLACK
284.009448051453
.b.b.b.b
b.b.b.b.
.b.b.w..
........
........
w.w...w.
.w.w...w
w.w.w.w.
##### Running: /usr/bin/time -o time_21_glduncan_vdhankar.txt -f "%U" python3 homework.py > stulog.txt 2>&1 on vdhankar #####
child exited with value 1
##### ERROR: /usr/bin/time -o time_21_glduncan_vdhankar.txt -f "%U" python3 homework.py > stulog.txt 2>&1 on vdhankar #####
##### Output of failed program (stdout + stderr): #####
Traceback (most recent call last):
  File "homework.py", line 546, in <module>
    print(end-start)
NameError: name 'end' is not defined
##### End of output of failed program #####
##### vdhankar plays [J g7 e5] in 18.9621520042419s #####
##### Running: /usr/lib/jvm/jdk-14.0.1/bin/java -jar /lab/itti/projects/checkers-competition/server/referee.jar on run_21_glduncan_vdhankar #####
Move is valid
##### SUCCESS: /usr/lib/jvm/jdk-14.0.1/bin/java -jar /lab/itti/projects/checkers-competition/server/referee.jar on run_21_glduncan_vdhankar #####
INPUT for glduncan:
GAME
WHITE
298.99
.b.b.b.b
b.b.b...
.b.b....
....b...
........
w.w...w.
.w.w...w
w.w.w.w.
##### Running: /usr/bin/time -o time_21_glduncan_vdhankar.txt -f "%U" python3 homework.py > stulog.txt 2>&1 on glduncan #####
##### SUCCESS: /usr/bin/time -o time_21_glduncan_vdhankar.txt -f "%U" python3 homework.py > stulog.txt 2>&1 on glduncan #####
##### glduncan plays [E g1 f2] in 2.95s #####
##### Running: /usr/lib/jvm/jdk-14.0.1/bin/java -jar /lab/itti/projects/checkers-competition/server/referee.jar on run_21_glduncan_vdhankar #####
Move is valid
##### SUCCESS: /usr/lib/jvm/jdk-14.0.1/bin/java -jar /lab/itti/projects/checkers-competition/server/referee.jar on run_21_glduncan_vdhankar #####
INPUT for vdhankar:
GAME
BLACK
265.047296047211
.b.b.b.b
b.b.b...
.b.b....
....b...
........
w.w...w.
.w.w.w.w
w.w.w...
##### Running: /usr/bin/time -o time_21_glduncan_vdhankar.txt -f "%U" python3 homework.py > stulog.txt 2>&1 on vdhankar #####
child exited with value 1
##### ERROR: /usr/bin/time -o time_21_glduncan_vdhankar.txt -f "%U" python3 homework.py > stulog.txt 2>&1 on vdhankar #####
##### Output of failed program (stdout + stderr): #####
Traceback (most recent call last):
  File "homework.py", line 546, in <module>
    print(end-start)
NameError: name 'end' is not defined
##### End of output of failed program #####
##### vdhankar plays [E e5 f4] in 35.4123749732971s #####
##### Running: /usr/lib/jvm/jdk-14.0.1/bin/java -jar /lab/itti/projects/checkers-competition/server/referee.jar on run_21_glduncan_vdhankar #####
Move is valid
##### SUCCESS: /usr/lib/jvm/jdk-14.0.1/bin/java -jar /lab/itti/projects/checkers-competition/server/referee.jar on run_21_glduncan_vdhankar #####
INPUT for glduncan:
GAME
WHITE
296.04
.b.b.b.b
b.b.b...
.b.b....
........
.....b..
w.w...w.
.w.w.w.w
w.w.w...
##### Running: /usr/bin/time -o time_21_glduncan_vdhankar.txt -f "%U" python3 homework.py > stulog.txt 2>&1 on glduncan #####
##### SUCCESS: /usr/bin/time -o time_21_glduncan_vdhankar.txt -f "%U" python3 homework.py > stulog.txt 2>&1 on glduncan #####
##### glduncan plays [J g3 e5] in 0.13s #####
##### Running: /usr/lib/jvm/jdk-14.0.1/bin/java -jar /lab/itti/projects/checkers-competition/server/referee.jar on run_21_glduncan_vdhankar #####
Move is valid
##### SUCCESS: /usr/lib/jvm/jdk-14.0.1/bin/java -jar /lab/itti/projects/checkers-competition/server/referee.jar on run_21_glduncan_vdhankar #####
INPUT for vdhankar:
GAME
BLACK
229.634921073914
.b.b.b.b
b.b.b...
.b.b....
....w...
........
w.w.....
.w.w.w.w
w.w.w...
##### Running: /usr/bin/time -o time_21_glduncan_vdhankar.txt -f "%U" python3 homework.py > stulog.txt 2>&1 on vdhankar #####
child exited with value 1
##### ERROR: /usr/bin/time -o time_21_glduncan_vdhankar.txt -f "%U" python3 homework.py > stulog.txt 2>&1 on vdhankar #####
##### Output of failed program (stdout + stderr): #####
Traceback (most recent call last):
  File "homework.py", line 546, in <module>
    print(end-start)
NameError: name 'end' is not defined
##### End of output of failed program #####
##### vdhankar plays [J d6 f4] in 6.29914498329163s #####
##### Running: /usr/lib/jvm/jdk-14.0.1/bin/java -jar /lab/itti/projects/checkers-competition/server/referee.jar on run_21_glduncan_vdhankar #####
Move is valid
##### SUCCESS: /usr/lib/jvm/jdk-14.0.1/bin/java -jar /lab/itti/projects/checkers-competition/server/referee.jar on run_21_glduncan_vdhankar #####
INPUT for glduncan:
GAME
WHITE
295.91
.b.b.b.b
b.b.b...
.b......
........
.....b..
w.w.....
.w.w.w.w
w.w.w...
##### Running: /usr/bin/time -o time_21_glduncan_vdhankar.txt -f "%U" python3 homework.py > stulog.txt 2>&1 on glduncan #####
##### SUCCESS: /usr/bin/time -o time_21_glduncan_vdhankar.txt -f "%U" python3 homework.py > stulog.txt 2>&1 on glduncan #####
##### glduncan plays [E f2 e3] in 1.87s #####
##### Running: /usr/lib/jvm/jdk-14.0.1/bin/java -jar /lab/itti/projects/checkers-competition/server/referee.jar on run_21_glduncan_vdhankar #####
Move is valid
##### SUCCESS: /usr/lib/jvm/jdk-14.0.1/bin/java -jar /lab/itti/projects/checkers-competition/server/referee.jar on run_21_glduncan_vdhankar #####
INPUT for vdhankar:
GAME
BLACK
223.335776090622
.b.b.b.b
b.b.b...
.b......
........
.....b..
w.w.w...
.w.w...w
w.w.w...
##### Running: /usr/bin/time -o time_21_glduncan_vdhankar.txt -f "%U" python3 homework.py > stulog.txt 2>&1 on vdhankar #####
child exited with value 1
##### ERROR: /usr/bin/time -o time_21_glduncan_vdhankar.txt -f "%U" python3 homework.py > stulog.txt 2>&1 on vdhankar #####
##### Output of failed program (stdout + stderr): #####
Traceback (most recent call last):
  File "homework.py", line 546, in <module>
    print(end-start)
NameError: name 'end' is not defined
##### End of output of failed program #####
##### vdhankar plays [E b6 c5] in 8.85985088348389s #####
##### Running: /usr/lib/jvm/jdk-14.0.1/bin/java -jar /lab/itti/projects/checkers-competition/server/referee.jar on run_21_glduncan_vdhankar #####
Move is valid
##### SUCCESS: /usr/lib/jvm/jdk-14.0.1/bin/java -jar /lab/itti/projects/checkers-competition/server/referee.jar on run_21_glduncan_vdhankar #####
INPUT for glduncan:
GAME
WHITE
294.04
.b.b.b.b
b.b.b...
........
..b.....
.....b..
w.w.w...
.w.w...w
w.w.w...
##### Running: /usr/bin/time -o time_21_glduncan_vdhankar.txt -f "%U" python3 homework.py > stulog.txt 2>&1 on glduncan #####
##### SUCCESS: /usr/bin/time -o time_21_glduncan_vdhankar.txt -f "%U" python3 homework.py > stulog.txt 2>&1 on glduncan #####
##### glduncan plays [J e3 g5] in 0.59s #####
##### Running: /usr/lib/jvm/jdk-14.0.1/bin/java -jar /lab/itti/projects/checkers-competition/server/referee.jar on run_21_glduncan_vdhankar #####
Move is valid
##### SUCCESS: /usr/lib/jvm/jdk-14.0.1/bin/java -jar /lab/itti/projects/checkers-competition/server/referee.jar on run_21_glduncan_vdhankar #####
INPUT for vdhankar:
GAME
BLACK
214.475925207138
.b.b.b.b
b.b.b...
........
..b...w.
........
w.w.....
.w.w...w
w.w.w...
##### Running: /usr/bin/time -o time_21_glduncan_vdhankar.txt -f "%U" python3 homework.py > stulog.txt 2>&1 on vdhankar #####
child exited with value 1
##### ERROR: /usr/bin/time -o time_21_glduncan_vdhankar.txt -f "%U" python3 homework.py > stulog.txt 2>&1 on vdhankar #####
##### Output of failed program (stdout + stderr): #####
Traceback (most recent call last):
  File "homework.py", line 546, in <module>
    print(end-start)
NameError: name 'end' is not defined
##### End of output of failed program #####
##### vdhankar plays [E e7 d6] in 29.09015417099s #####
##### Running: /usr/lib/jvm/jdk-14.0.1/bin/java -jar /lab/itti/projects/checkers-competition/server/referee.jar on run_21_glduncan_vdhankar #####
Move is valid
##### SUCCESS: /usr/lib/jvm/jdk-14.0.1/bin/java -jar /lab/itti/projects/checkers-competition/server/referee.jar on run_21_glduncan_vdhankar #####
INPUT for glduncan:
GAME
WHITE
293.45
.b.b.b.b
b.b.....
...b....
..b...w.
........
w.w.....
.w.w...w
w.w.w...
##### Running: /usr/bin/time -o time_21_glduncan_vdhankar.txt -f "%U" python3 homework.py > stulog.txt 2>&1 on glduncan #####
##### SUCCESS: /usr/bin/time -o time_21_glduncan_vdhankar.txt -f "%U" python3 homework.py > stulog.txt 2>&1 on glduncan #####
##### glduncan plays [E e1 f2] in 3.02s #####
##### Running: /usr/lib/jvm/jdk-14.0.1/bin/java -jar /lab/itti/projects/checkers-competition/server/referee.jar on run_21_glduncan_vdhankar #####
Move is valid
##### SUCCESS: /usr/lib/jvm/jdk-14.0.1/bin/java -jar /lab/itti/projects/checkers-competition/server/referee.jar on run_21_glduncan_vdhankar #####
INPUT for vdhankar:
GAME
BLACK
185.385771036148
.b.b.b.b
b.b.....
...b....
..b...w.
........
w.w.....
.w.w.w.w
w.w.....
##### Running: /usr/bin/time -o time_21_glduncan_vdhankar.txt -f "%U" python3 homework.py > stulog.txt 2>&1 on vdhankar #####
child exited with value 1
##### ERROR: /usr/bin/time -o time_21_glduncan_vdhankar.txt -f "%U" python3 homework.py > stulog.txt 2>&1 on vdhankar #####
##### Output of failed program (stdout + stderr): #####
Traceback (most recent call last):
  File "homework.py", line 546, in <module>
    print(end-start)
NameError: name 'end' is not defined
##### End of output of failed program #####
##### vdhankar plays [E d6 e5] in 74.6755368709564s #####
##### Running: /usr/lib/jvm/jdk-14.0.1/bin/java -jar /lab/itti/projects/checkers-competition/server/referee.jar on run_21_glduncan_vdhankar #####
Move is valid
##### SUCCESS: /usr/lib/jvm/jdk-14.0.1/bin/java -jar /lab/itti/projects/checkers-competition/server/referee.jar on run_21_glduncan_vdhankar #####
INPUT for glduncan:
GAME
WHITE
290.43
.b.b.b.b
b.b.....
........
..b.b.w.
........
w.w.....
.w.w.w.w
w.w.....
##### Running: /usr/bin/time -o time_21_glduncan_vdhankar.txt -f "%U" python3 homework.py > stulog.txt 2>&1 on glduncan #####
##### SUCCESS: /usr/bin/time -o time_21_glduncan_vdhankar.txt -f "%U" python3 homework.py > stulog.txt 2>&1 on glduncan #####
##### glduncan plays [E h2 g3] in 4.54s #####
##### Running: /usr/lib/jvm/jdk-14.0.1/bin/java -jar /lab/itti/projects/checkers-competition/server/referee.jar on run_21_glduncan_vdhankar #####
Move is valid
##### SUCCESS: /usr/lib/jvm/jdk-14.0.1/bin/java -jar /lab/itti/projects/checkers-competition/server/referee.jar on run_21_glduncan_vdhankar #####
INPUT for vdhankar:
GAME
BLACK
110.710234165192
.b.b.b.b
b.b.....
........
..b.b.w.
........
w.w...w.
.w.w.w..
w.w.....
##### Running: /usr/bin/time -o time_21_glduncan_vdhankar.txt -f "%U" python3 homework.py > stulog.txt 2>&1 on vdhankar #####
child exited with value 1
##### ERROR: /usr/bin/time -o time_21_glduncan_vdhankar.txt -f "%U" python3 homework.py > stulog.txt 2>&1 on vdhankar #####
##### Output of failed program (stdout + stderr): #####
Traceback (most recent call last):
  File "homework.py", line 546, in <module>
    print(end-start)
NameError: name 'end' is not defined
##### End of output of failed program #####
##### vdhankar plays [E c5 b4] in 49.6698641777039s #####
##### Running: /usr/lib/jvm/jdk-14.0.1/bin/java -jar /lab/itti/projects/checkers-competition/server/referee.jar on run_21_glduncan_vdhankar #####
Move is valid
##### SUCCESS: /usr/lib/jvm/jdk-14.0.1/bin/java -jar /lab/itti/projects/checkers-competition/server/referee.jar on run_21_glduncan_vdhankar #####
INPUT for glduncan:
GAME
WHITE
285.89
.b.b.b.b
b.b.....
........
....b.w.
.b......
w.w...w.
.w.w.w..
w.w.....
##### Running: /usr/bin/time -o time_21_glduncan_vdhankar.txt -f "%U" python3 homework.py > stulog.txt 2>&1 on glduncan #####
##### SUCCESS: /usr/bin/time -o time_21_glduncan_vdhankar.txt -f "%U" python3 homework.py > stulog.txt 2>&1 on glduncan #####
##### glduncan plays [J c3 a5] in 1.3s #####
##### Running: /usr/lib/jvm/jdk-14.0.1/bin/java -jar /lab/itti/projects/checkers-competition/server/referee.jar on run_21_glduncan_vdhankar #####
Move is valid
##### SUCCESS: /usr/lib/jvm/jdk-14.0.1/bin/java -jar /lab/itti/projects/checkers-competition/server/referee.jar on run_21_glduncan_vdhankar #####
INPUT for vdhankar:
GAME
BLACK
61.0403699874878
.b.b.b.b
b.b.....
........
w...b.w.
........
w.....w.
.w.w.w..
w.w.....
##### Running: /usr/bin/time -o time_21_glduncan_vdhankar.txt -f "%U" python3 homework.py > stulog.txt 2>&1 on vdhankar #####
##### Killing vdhankar after timeout #####
*** Killing lingering child process [sh] ***
*** Killing lingering child process [time] ***
*** Killing lingering child process [python3] ***
kill -9  3950039 3950044 3950045
##### GAME OVER: vdhankar ran over time limit by 12s #####
########## ROUND 21 GAMESCORE AFTER GAME 1: glduncan=1 and vdhankar=0 ##########
#################### ROUND 21: glduncan (B) vs vdhankar (W): game 2 ####################
##### game start! #####
INPUT for glduncan:
GAME
BLACK
300
.b.b.b.b
b.b.b.b.
.b.b.b.b
........
........
w.w.w.w.
.w.w.w.w
w.w.w.w.
##### Running: /usr/bin/time -o time_21_glduncan_vdhankar.txt -f "%U" python3 homework.py > stulog.txt 2>&1 on glduncan #####
##### SUCCESS: /usr/bin/time -o time_21_glduncan_vdhankar.txt -f "%U" python3 homework.py > stulog.txt 2>&1 on glduncan #####
##### glduncan plays [E f6 e5] in 0.04s #####
##### Running: /usr/lib/jvm/jdk-14.0.1/bin/java -jar /lab/itti/projects/checkers-competition/server/referee.jar on run_21_glduncan_vdhankar #####
Move is valid
Couldn't read file 'current_ply.txt'
Couldn't read content from file 'current_ply.txt'
Couldn't read file 'lastmatchange_ply.txt'
Couldn't read content from file 'lastmatchange_ply.txt'
##### SUCCESS: /usr/lib/jvm/jdk-14.0.1/bin/java -jar /lab/itti/projects/checkers-competition/server/referee.jar on run_21_glduncan_vdhankar #####
INPUT for vdhankar:
GAME
WHITE
300
.b.b.b.b
b.b.b.b.
.b.b...b
....b...
........
w.w.w.w.
.w.w.w.w
w.w.w.w.
##### Running: /usr/bin/time -o time_21_glduncan_vdhankar.txt -f "%U" python3 homework.py > stulog.txt 2>&1 on vdhankar #####
child exited with value 1
##### ERROR: /usr/bin/time -o time_21_glduncan_vdhankar.txt -f "%U" python3 homework.py > stulog.txt 2>&1 on vdhankar #####
##### Output of failed program (stdout + stderr): #####
Traceback (most recent call last):
  File "homework.py", line 546, in <module>
    print(end-start)
NameError: name 'end' is not defined
##### End of output of failed program #####
##### vdhankar plays [E g3 h4] in 10.7205221652985s #####
##### Running: /usr/lib/jvm/jdk-14.0.1/bin/java -jar /lab/itti/projects/checkers-competition/server/referee.jar on run_21_glduncan_vdhankar #####
Move is valid
##### SUCCESS: /usr/lib/jvm/jdk-14.0.1/bin/java -jar /lab/itti/projects/checkers-competition/server/referee.jar on run_21_glduncan_vdhankar #####
INPUT for glduncan:
GAME
BLACK
299.96
.b.b.b.b
b.b.b.b.
.b.b...b
....b...
.......w
w.w.w...
.w.w.w.w
w.w.w.w.
##### Running: /usr/bin/time -o time_21_glduncan_vdhankar.txt -f "%U" python3 homework.py > stulog.txt 2>&1 on glduncan #####
##### SUCCESS: /usr/bin/time -o time_21_glduncan_vdhankar.txt -f "%U" python3 homework.py > stulog.txt 2>&1 on glduncan #####
##### glduncan plays [E e5 f4] in 2.1s #####
##### Running: /usr/lib/jvm/jdk-14.0.1/bin/java -jar /lab/itti/projects/checkers-competition/server/referee.jar on run_21_glduncan_vdhankar #####
Move is valid
##### SUCCESS: /usr/lib/jvm/jdk-14.0.1/bin/java -jar /lab/itti/projects/checkers-competition/server/referee.jar on run_21_glduncan_vdhankar #####
INPUT for vdhankar:
GAME
WHITE
289.279477834702
.b.b.b.b
b.b.b.b.
.b.b...b
........
.....b.w
w.w.w...
.w.w.w.w
w.w.w.w.
##### Running: /usr/bin/time -o time_21_glduncan_vdhankar.txt -f "%U" python3 homework.py > stulog.txt 2>&1 on vdhankar #####
child exited with value 1
##### ERROR: /usr/bin/time -o time_21_glduncan_vdhankar.txt -f "%U" python3 homework.py > stulog.txt 2>&1 on vdhankar #####
##### Output of failed program (stdout + stderr): #####
Traceback (most recent call last):
  File "homework.py", line 546, in <module>
    print(end-start)
NameError: name 'end' is not defined
##### End of output of failed program #####
##### vdhankar plays [J e3 g5] in 1.97965407371521s #####
##### Running: /usr/lib/jvm/jdk-14.0.1/bin/java -jar /lab/itti/projects/checkers-competition/server/referee.jar on run_21_glduncan_vdhankar #####
Move is valid
##### SUCCESS: /usr/lib/jvm/jdk-14.0.1/bin/java -jar /lab/itti/projects/checkers-competition/server/referee.jar on run_21_glduncan_vdhankar #####
INPUT for glduncan:
GAME
BLACK
297.86
.b.b.b.b
b.b.b.b.
.b.b...b
......w.
.......w
w.w.....
.w.w.w.w
w.w.w.w.
##### Running: /usr/bin/time -o time_21_glduncan_vdhankar.txt -f "%U" python3 homework.py > stulog.txt 2>&1 on glduncan #####
##### SUCCESS: /usr/bin/time -o time_21_glduncan_vdhankar.txt -f "%U" python3 homework.py > stulog.txt 2>&1 on glduncan #####
##### glduncan plays [J h6 f4] in 0.69s #####
##### Running: /usr/lib/jvm/jdk-14.0.1/bin/java -jar /lab/itti/projects/checkers-competition/server/referee.jar on run_21_glduncan_vdhankar #####
Move is valid
##### SUCCESS: /usr/lib/jvm/jdk-14.0.1/bin/java -jar /lab/itti/projects/checkers-competition/server/referee.jar on run_21_glduncan_vdhankar #####
INPUT for vdhankar:
GAME
WHITE
287.299823760986
.b.b.b.b
b.b.b.b.
.b.b....
........
.....b.w
w.w.....
.w.w.w.w
w.w.w.w.
##### Running: /usr/bin/time -o time_21_glduncan_vdhankar.txt -f "%U" python3 homework.py > stulog.txt 2>&1 on vdhankar #####
child exited with value 1
##### ERROR: /usr/bin/time -o time_21_glduncan_vdhankar.txt -f "%U" python3 homework.py > stulog.txt 2>&1 on vdhankar #####
##### Output of failed program (stdout + stderr): #####
Traceback (most recent call last):
  File "homework.py", line 546, in <module>
    print(end-start)
NameError: name 'end' is not defined
##### End of output of failed program #####
##### vdhankar plays [E c3 d4] in 20.9632611274719s #####
##### Running: /usr/lib/jvm/jdk-14.0.1/bin/java -jar /lab/itti/projects/checkers-competition/server/referee.jar on run_21_glduncan_vdhankar #####
Move is valid
##### SUCCESS: /usr/lib/jvm/jdk-14.0.1/bin/java -jar /lab/itti/projects/checkers-competition/server/referee.jar on run_21_glduncan_vdhankar #####
INPUT for glduncan:
GAME
BLACK
297.17
.b.b.b.b
b.b.b.b.
.b.b....
........
...w.b.w
w.......
.w.w.w.w
w.w.w.w.
##### Running: /usr/bin/time -o time_21_glduncan_vdhankar.txt -f "%U" python3 homework.py > stulog.txt 2>&1 on glduncan #####
##### SUCCESS: /usr/bin/time -o time_21_glduncan_vdhankar.txt -f "%U" python3 homework.py > stulog.txt 2>&1 on glduncan #####
##### glduncan plays [E d6 e5] in 3.31s #####
##### Running: /usr/lib/jvm/jdk-14.0.1/bin/java -jar /lab/itti/projects/checkers-competition/server/referee.jar on run_21_glduncan_vdhankar #####
Move is valid
##### SUCCESS: /usr/lib/jvm/jdk-14.0.1/bin/java -jar /lab/itti/projects/checkers-competition/server/referee.jar on run_21_glduncan_vdhankar #####
INPUT for vdhankar:
GAME
WHITE
266.336562633514
.b.b.b.b
b.b.b.b.
.b......
....b...
...w.b.w
w.......
.w.w.w.w
w.w.w.w.
##### Running: /usr/bin/time -o time_21_glduncan_vdhankar.txt -f "%U" python3 homework.py > stulog.txt 2>&1 on vdhankar #####
child exited with value 1
##### ERROR: /usr/bin/time -o time_21_glduncan_vdhankar.txt -f "%U" python3 homework.py > stulog.txt 2>&1 on vdhankar #####
##### Output of failed program (stdout + stderr): #####
Traceback (most recent call last):
  File "homework.py", line 546, in <module>
    print(end-start)
NameError: name 'end' is not defined
##### End of output of failed program #####
##### vdhankar plays [J d4 f6] in 4.70937204360962s #####
##### Running: /usr/lib/jvm/jdk-14.0.1/bin/java -jar /lab/itti/projects/checkers-competition/server/referee.jar on run_21_glduncan_vdhankar #####
Move is valid
##### SUCCESS: /usr/lib/jvm/jdk-14.0.1/bin/java -jar /lab/itti/projects/checkers-competition/server/referee.jar on run_21_glduncan_vdhankar #####
INPUT for glduncan:
GAME
BLACK
293.86
.b.b.b.b
b.b.b.b.
.b...w..
........
.....b.w
w.......
.w.w.w.w
w.w.w.w.
##### Running: /usr/bin/time -o time_21_glduncan_vdhankar.txt -f "%U" python3 homework.py > stulog.txt 2>&1 on glduncan #####
##### SUCCESS: /usr/bin/time -o time_21_glduncan_vdhankar.txt -f "%U" python3 homework.py > stulog.txt 2>&1 on glduncan #####
##### glduncan plays [J e7 g5] in 0.65s #####
##### Running: /usr/lib/jvm/jdk-14.0.1/bin/java -jar /lab/itti/projects/checkers-competition/server/referee.jar on run_21_glduncan_vdhankar #####
Move is valid
##### SUCCESS: /usr/lib/jvm/jdk-14.0.1/bin/java -jar /lab/itti/projects/checkers-competition/server/referee.jar on run_21_glduncan_vdhankar #####
INPUT for vdhankar:
GAME
WHITE
261.627190589905
.b.b.b.b
b.b...b.
.b......
......b.
.....b.w
w.......
.w.w.w.w
w.w.w.w.
##### Running: /usr/bin/time -o time_21_glduncan_vdhankar.txt -f "%U" python3 homework.py > stulog.txt 2>&1 on vdhankar #####
child exited with value 1
##### ERROR: /usr/bin/time -o time_21_glduncan_vdhankar.txt -f "%U" python3 homework.py > stulog.txt 2>&1 on vdhankar #####
##### Output of failed program (stdout + stderr): #####
Traceback (most recent call last):
  File "homework.py", line 546, in <module>
    print(end-start)
NameError: name 'end' is not defined
##### End of output of failed program #####
##### vdhankar plays [J h4 f6] in 2.75584697723389s #####
##### Running: /usr/lib/jvm/jdk-14.0.1/bin/java -jar /lab/itti/projects/checkers-competition/server/referee.jar on run_21_glduncan_vdhankar #####
Move is valid
##### SUCCESS: /usr/lib/jvm/jdk-14.0.1/bin/java -jar /lab/itti/projects/checkers-competition/server/referee.jar on run_21_glduncan_vdhankar #####
INPUT for glduncan:
GAME
BLACK
293.21
.b.b.b.b
b.b...b.
.b...w..
........
.....b..
w.......
.w.w.w.w
w.w.w.w.
##### Running: /usr/bin/time -o time_21_glduncan_vdhankar.txt -f "%U" python3 homework.py > stulog.txt 2>&1 on glduncan #####
##### SUCCESS: /usr/bin/time -o time_21_glduncan_vdhankar.txt -f "%U" python3 homework.py > stulog.txt 2>&1 on glduncan #####
##### glduncan plays [J g7 e5] in 0.6s #####
##### Running: /usr/lib/jvm/jdk-14.0.1/bin/java -jar /lab/itti/projects/checkers-competition/server/referee.jar on run_21_glduncan_vdhankar #####
Move is valid
##### SUCCESS: /usr/lib/jvm/jdk-14.0.1/bin/java -jar /lab/itti/projects/checkers-competition/server/referee.jar on run_21_glduncan_vdhankar #####
INPUT for vdhankar:
GAME
WHITE
258.871343612671
.b.b.b.b
b.b.....
.b......
....b...
.....b..
w.......
.w.w.w.w
w.w.w.w.
##### Running: /usr/bin/time -o time_21_glduncan_vdhankar.txt -f "%U" python3 homework.py > stulog.txt 2>&1 on vdhankar #####
child exited with value 1
##### ERROR: /usr/bin/time -o time_21_glduncan_vdhankar.txt -f "%U" python3 homework.py > stulog.txt 2>&1 on vdhankar #####
##### Output of failed program (stdout + stderr): #####
Traceback (most recent call last):
  File "homework.py", line 546, in <module>
    print(end-start)
NameError: name 'end' is not defined
##### End of output of failed program #####
##### vdhankar plays [E f2 e3] in 22.4020781517029s #####
##### Running: /usr/lib/jvm/jdk-14.0.1/bin/java -jar /lab/itti/projects/checkers-competition/server/referee.jar on run_21_glduncan_vdhankar #####
Move is valid
##### SUCCESS: /usr/lib/jvm/jdk-14.0.1/bin/java -jar /lab/itti/projects/checkers-competition/server/referee.jar on run_21_glduncan_vdhankar #####
INPUT for glduncan:
GAME
BLACK
292.61
.b.b.b.b
b.b.....
.b......
....b...
.....b..
w...w...
.w.w...w
w.w.w.w.
##### Running: /usr/bin/time -o time_21_glduncan_vdhankar.txt -f "%U" python3 homework.py > stulog.txt 2>&1 on glduncan #####
##### SUCCESS: /usr/bin/time -o time_21_glduncan_vdhankar.txt -f "%U" python3 homework.py > stulog.txt 2>&1 on glduncan #####
##### glduncan plays [E f4 g3] in 0.95s #####
##### Running: /usr/lib/jvm/jdk-14.0.1/bin/java -jar /lab/itti/projects/checkers-competition/server/referee.jar on run_21_glduncan_vdhankar #####
Move is valid
##### SUCCESS: /usr/lib/jvm/jdk-14.0.1/bin/java -jar /lab/itti/projects/checkers-competition/server/referee.jar on run_21_glduncan_vdhankar #####
INPUT for vdhankar:
GAME
WHITE
236.469265460968
.b.b.b.b
b.b.....
.b......
....b...
........
w...w.b.
.w.w...w
w.w.w.w.
##### Running: /usr/bin/time -o time_21_glduncan_vdhankar.txt -f "%U" python3 homework.py > stulog.txt 2>&1 on vdhankar #####
child exited with value 1
##### ERROR: /usr/bin/time -o time_21_glduncan_vdhankar.txt -f "%U" python3 homework.py > stulog.txt 2>&1 on vdhankar #####
##### Output of failed program (stdout + stderr): #####
Traceback (most recent call last):
  File "homework.py", line 546, in <module>
    print(end-start)
NameError: name 'end' is not defined
##### End of output of failed program #####
##### vdhankar plays [J h2 f4 ; J f4 d6] in 2.13253784179688s #####
##### Running: /usr/lib/jvm/jdk-14.0.1/bin/java -jar /lab/itti/projects/checkers-competition/server/referee.jar on run_21_glduncan_vdhankar #####
Move is valid
##### SUCCESS: /usr/lib/jvm/jdk-14.0.1/bin/java -jar /lab/itti/projects/checkers-competition/server/referee.jar on run_21_glduncan_vdhankar #####
INPUT for glduncan:
GAME
BLACK
291.66
.b.b.b.b
b.b.....
.b.w....
........
........
w...w...
.w.w....
w.w.w.w.
##### Running: /usr/bin/time -o time_21_glduncan_vdhankar.txt -f "%U" python3 homework.py > stulog.txt 2>&1 on glduncan #####
##### SUCCESS: /usr/bin/time -o time_21_glduncan_vdhankar.txt -f "%U" python3 homework.py > stulog.txt 2>&1 on glduncan #####
##### glduncan plays [J c7 e5] in 0.62s #####
##### Running: /usr/lib/jvm/jdk-14.0.1/bin/java -jar /lab/itti/projects/checkers-competition/server/referee.jar on run_21_glduncan_vdhankar #####
Move is valid
##### SUCCESS: /usr/lib/jvm/jdk-14.0.1/bin/java -jar /lab/itti/projects/checkers-competition/server/referee.jar on run_21_glduncan_vdhankar #####
INPUT for vdhankar:
GAME
WHITE
234.336727619171
.b.b.b.b
b.......
.b......
....b...
........
w...w...
.w.w....
w.w.w.w.
##### Running: /usr/bin/time -o time_21_glduncan_vdhankar.txt -f "%U" python3 homework.py > stulog.txt 2>&1 on vdhankar #####
child exited with value 1
##### ERROR: /usr/bin/time -o time_21_glduncan_vdhankar.txt -f "%U" python3 homework.py > stulog.txt 2>&1 on vdhankar #####
##### Output of failed program (stdout + stderr): #####
Traceback (most recent call last):
  File "homework.py", line 546, in <module>
    print(end-start)
NameError: name 'end' is not defined
##### End of output of failed program #####
##### vdhankar plays [E g1 h2] in 23.1834809780121s #####
##### Running: /usr/lib/jvm/jdk-14.0.1/bin/java -jar /lab/itti/projects/checkers-competition/server/referee.jar on run_21_glduncan_vdhankar #####
Move is valid
##### SUCCESS: /usr/lib/jvm/jdk-14.0.1/bin/java -jar /lab/itti/projects/checkers-competition/server/referee.jar on run_21_glduncan_vdhankar #####
INPUT for glduncan:
GAME
BLACK
291.04
.b.b.b.b
b.......
.b......
....b...
........
w...w...
.w.w...w
w.w.w...
##### Running: /usr/bin/time -o time_21_glduncan_vdhankar.txt -f "%U" python3 homework.py > stulog.txt 2>&1 on glduncan #####
##### SUCCESS: /usr/bin/time -o time_21_glduncan_vdhankar.txt -f "%U" python3 homework.py > stulog.txt 2>&1 on glduncan #####
##### glduncan plays [E e5 d4] in 2.73s #####
##### Running: /usr/lib/jvm/jdk-14.0.1/bin/java -jar /lab/itti/projects/checkers-competition/server/referee.jar on run_21_glduncan_vdhankar #####
Move is valid
##### SUCCESS: /usr/lib/jvm/jdk-14.0.1/bin/java -jar /lab/itti/projects/checkers-competition/server/referee.jar on run_21_glduncan_vdhankar #####
INPUT for vdhankar:
GAME
WHITE
211.153246641159
.b.b.b.b
b.......
.b......
........
...b....
w...w...
.w.w...w
w.w.w...
##### Running: /usr/bin/time -o time_21_glduncan_vdhankar.txt -f "%U" python3 homework.py > stulog.txt 2>&1 on vdhankar #####
child exited with value 1
##### ERROR: /usr/bin/time -o time_21_glduncan_vdhankar.txt -f "%U" python3 homework.py > stulog.txt 2>&1 on vdhankar #####
##### Output of failed program (stdout + stderr): #####
Traceback (most recent call last):
  File "homework.py", line 546, in <module>
    print(end-start)
NameError: name 'end' is not defined
##### End of output of failed program #####
##### vdhankar plays [J e3 c5] in 2.18646097183228s #####
##### Running: /usr/lib/jvm/jdk-14.0.1/bin/java -jar /lab/itti/projects/checkers-competition/server/referee.jar on run_21_glduncan_vdhankar #####
Move is valid
##### SUCCESS: /usr/lib/jvm/jdk-14.0.1/bin/java -jar /lab/itti/projects/checkers-competition/server/referee.jar on run_21_glduncan_vdhankar #####
INPUT for glduncan:
GAME
BLACK
288.31
.b.b.b.b
b.......
.b......
..w.....
........
w.......
.w.w...w
w.w.w...
##### Running: /usr/bin/time -o time_21_glduncan_vdhankar.txt -f "%U" python3 homework.py > stulog.txt 2>&1 on glduncan #####
##### SUCCESS: /usr/bin/time -o time_21_glduncan_vdhankar.txt -f "%U" python3 homework.py > stulog.txt 2>&1 on glduncan #####
##### glduncan plays [J b6 d4] in 0.38s #####
##### Running: /usr/lib/jvm/jdk-14.0.1/bin/java -jar /lab/itti/projects/checkers-competition/server/referee.jar on run_21_glduncan_vdhankar #####
Move is valid
##### SUCCESS: /usr/lib/jvm/jdk-14.0.1/bin/java -jar /lab/itti/projects/checkers-competition/server/referee.jar on run_21_glduncan_vdhankar #####
INPUT for vdhankar:
GAME
WHITE
208.966785669327
.b.b.b.b
b.......
........
........
...b....
w.......
.w.w...w
w.w.w...
##### Running: /usr/bin/time -o time_21_glduncan_vdhankar.txt -f "%U" python3 homework.py > stulog.txt 2>&1 on vdhankar #####
child exited with value 1
##### ERROR: /usr/bin/time -o time_21_glduncan_vdhankar.txt -f "%U" python3 homework.py > stulog.txt 2>&1 on vdhankar #####
##### Output of failed program (stdout + stderr): #####
Traceback (most recent call last):
  File "homework.py", line 546, in <module>
    print(end-start)
NameError: name 'end' is not defined
##### End of output of failed program #####
##### vdhankar plays [E e1 f2] in 25.0920879840851s #####
##### Running: /usr/lib/jvm/jdk-14.0.1/bin/java -jar /lab/itti/projects/checkers-competition/server/referee.jar on run_21_glduncan_vdhankar #####
Move is valid
##### SUCCESS: /usr/lib/jvm/jdk-14.0.1/bin/java -jar /lab/itti/projects/checkers-competition/server/referee.jar on run_21_glduncan_vdhankar #####
INPUT for glduncan:
GAME
BLACK
287.93
.b.b.b.b
b.......
........
........
...b....
w.......
.w.w.w.w
w.w.....
##### Running: /usr/bin/time -o time_21_glduncan_vdhankar.txt -f "%U" python3 homework.py > stulog.txt 2>&1 on glduncan #####
##### SUCCESS: /usr/bin/time -o time_21_glduncan_vdhankar.txt -f "%U" python3 homework.py > stulog.txt 2>&1 on glduncan #####
##### glduncan plays [E d4 e3] in 1.41s #####
##### Running: /usr/lib/jvm/jdk-14.0.1/bin/java -jar /lab/itti/projects/checkers-competition/server/referee.jar on run_21_glduncan_vdhankar #####
Move is valid
##### SUCCESS: /usr/lib/jvm/jdk-14.0.1/bin/java -jar /lab/itti/projects/checkers-competition/server/referee.jar on run_21_glduncan_vdhankar #####
INPUT for vdhankar:
GAME
WHITE
183.874697685242
.b.b.b.b
b.......
........
........
........
w...b...
.w.w.w.w
w.w.....
##### Running: /usr/bin/time -o time_21_glduncan_vdhankar.txt -f "%U" python3 homework.py > stulog.txt 2>&1 on vdhankar #####
child exited with value 1
##### ERROR: /usr/bin/time -o time_21_glduncan_vdhankar.txt -f "%U" python3 homework.py > stulog.txt 2>&1 on vdhankar #####
##### Output of failed program (stdout + stderr): #####
Traceback (most recent call last):
  File "homework.py", line 546, in <module>
    print(end-start)
NameError: name 'end' is not defined
##### End of output of failed program #####
##### vdhankar plays [J f2 d4] in 24.8420448303223s #####
##### Running: /usr/lib/jvm/jdk-14.0.1/bin/java -jar /lab/itti/projects/checkers-competition/server/referee.jar on run_21_glduncan_vdhankar #####
Move is valid
##### SUCCESS: /usr/lib/jvm/jdk-14.0.1/bin/java -jar /lab/itti/projects/checkers-competition/server/referee.jar on run_21_glduncan_vdhankar #####
INPUT for glduncan:
GAME
BLACK
286.52
.b.b.b.b
b.......
........
........
...w....
w.......
.w.w...w
w.w.....
##### Running: /usr/bin/time -o time_21_glduncan_vdhankar.txt -f "%U" python3 homework.py > stulog.txt 2>&1 on glduncan #####
##### SUCCESS: /usr/bin/time -o time_21_glduncan_vdhankar.txt -f "%U" python3 homework.py > stulog.txt 2>&1 on glduncan #####
##### glduncan plays [E a7 b6] in 1.3s #####
##### Running: /usr/lib/jvm/jdk-14.0.1/bin/java -jar /lab/itti/projects/checkers-competition/server/referee.jar on run_21_glduncan_vdhankar #####
Move is valid
##### SUCCESS: /usr/lib/jvm/jdk-14.0.1/bin/java -jar /lab/itti/projects/checkers-competition/server/referee.jar on run_21_glduncan_vdhankar #####
INPUT for vdhankar:
GAME
WHITE
159.032652854919
.b.b.b.b
........
.b......
........
...w....
w.......
.w.w...w
w.w.....
##### Running: /usr/bin/time -o time_21_glduncan_vdhankar.txt -f "%U" python3 homework.py > stulog.txt 2>&1 on vdhankar #####
child exited with value 1
##### ERROR: /usr/bin/time -o time_21_glduncan_vdhankar.txt -f "%U" python3 homework.py > stulog.txt 2>&1 on vdhankar #####
##### Output of failed program (stdout + stderr): #####
Traceback (most recent call last):
  File "homework.py", line 546, in <module>
    print(end-start)
NameError: name 'end' is not defined
##### End of output of failed program #####
##### vdhankar plays [E h2 g3] in 36.7588231563568s #####
##### Running: /usr/lib/jvm/jdk-14.0.1/bin/java -jar /lab/itti/projects/checkers-competition/server/referee.jar on run_21_glduncan_vdhankar #####
Move is valid
##### SUCCESS: /usr/lib/jvm/jdk-14.0.1/bin/java -jar /lab/itti/projects/checkers-competition/server/referee.jar on run_21_glduncan_vdhankar #####
INPUT for glduncan:
GAME
BLACK
285.22
.b.b.b.b
........
.b......
........
...w....
w.....w.
.w.w....
w.w.....
##### Running: /usr/bin/time -o time_21_glduncan_vdhankar.txt -f "%U" python3 homework.py > stulog.txt 2>&1 on glduncan #####
##### SUCCESS: /usr/bin/time -o time_21_glduncan_vdhankar.txt -f "%U" python3 homework.py > stulog.txt 2>&1 on glduncan #####
##### glduncan plays [E b6 a5] in 2.15s #####
##### Running: /usr/lib/jvm/jdk-14.0.1/bin/java -jar /lab/itti/projects/checkers-competition/server/referee.jar on run_21_glduncan_vdhankar #####
Move is valid
##### SUCCESS: /usr/lib/jvm/jdk-14.0.1/bin/java -jar /lab/itti/projects/checkers-competition/server/referee.jar on run_21_glduncan_vdhankar #####
INPUT for vdhankar:
GAME
WHITE
122.273829698563
.b.b.b.b
........
........
b.......
...w....
w.....w.
.w.w....
w.w.....
##### Running: /usr/bin/time -o time_21_glduncan_vdhankar.txt -f "%U" python3 homework.py > stulog.txt 2>&1 on vdhankar #####
child exited with value 1
##### ERROR: /usr/bin/time -o time_21_glduncan_vdhankar.txt -f "%U" python3 homework.py > stulog.txt 2>&1 on vdhankar #####
##### Output of failed program (stdout + stderr): #####
Traceback (most recent call last):
  File "homework.py", line 546, in <module>
    print(end-start)
NameError: name 'end' is not defined
##### End of output of failed program #####
##### vdhankar plays [E d2 c3] in 18.7714848518372s #####
##### Running: /usr/lib/jvm/jdk-14.0.1/bin/java -jar /lab/itti/projects/checkers-competition/server/referee.jar on run_21_glduncan_vdhankar #####
Move is valid
##### SUCCESS: /usr/lib/jvm/jdk-14.0.1/bin/java -jar /lab/itti/projects/checkers-competition/server/referee.jar on run_21_glduncan_vdhankar #####
INPUT for glduncan:
GAME
BLACK
283.07
.b.b.b.b
........
........
b.......
...w....
w.w...w.
.w......
w.w.....
##### Running: /usr/bin/time -o time_21_glduncan_vdhankar.txt -f "%U" python3 homework.py > stulog.txt 2>&1 on glduncan #####
##### SUCCESS: /usr/bin/time -o time_21_glduncan_vdhankar.txt -f "%U" python3 homework.py > stulog.txt 2>&1 on glduncan #####
##### glduncan plays [E h8 g7] in 1.21s #####
##### Running: /usr/lib/jvm/jdk-14.0.1/bin/java -jar /lab/itti/projects/checkers-competition/server/referee.jar on run_21_glduncan_vdhankar #####
Move is valid
##### SUCCESS: /usr/lib/jvm/jdk-14.0.1/bin/java -jar /lab/itti/projects/checkers-competition/server/referee.jar on run_21_glduncan_vdhankar #####
INPUT for vdhankar:
GAME
WHITE
103.502344846725
.b.b.b..
......b.
........
b.......
...w....
w.w...w.
.w......
w.w.....
##### Running: /usr/bin/time -o time_21_glduncan_vdhankar.txt -f "%U" python3 homework.py > stulog.txt 2>&1 on vdhankar #####
child exited with value 1
##### ERROR: /usr/bin/time -o time_21_glduncan_vdhankar.txt -f "%U" python3 homework.py > stulog.txt 2>&1 on vdhankar #####
##### Output of failed program (stdout + stderr): #####
Traceback (most recent call last):
  File "homework.py", line 546, in <module>
    print(end-start)
NameError: name 'end' is not defined
##### End of output of failed program #####
##### vdhankar plays [E g3 h4] in 10.630352973938s #####
##### Running: /usr/lib/jvm/jdk-14.0.1/bin/java -jar /lab/itti/projects/checkers-competition/server/referee.jar on run_21_glduncan_vdhankar #####
Move is valid
##### SUCCESS: /usr/lib/jvm/jdk-14.0.1/bin/java -jar /lab/itti/projects/checkers-competition/server/referee.jar on run_21_glduncan_vdhankar #####
INPUT for glduncan:
GAME
BLACK
281.86
.b.b.b..
......b.
........
b.......
...w...w
w.w.....
.w......
w.w.....
##### Running: /usr/bin/time -o time_21_glduncan_vdhankar.txt -f "%U" python3 homework.py > stulog.txt 2>&1 on glduncan #####
##### SUCCESS: /usr/bin/time -o time_21_glduncan_vdhankar.txt -f "%U" python3 homework.py > stulog.txt 2>&1 on glduncan #####
##### glduncan plays [E g7 h6] in 0.76s #####
##### Running: /usr/lib/jvm/jdk-14.0.1/bin/java -jar /lab/itti/projects/checkers-competition/server/referee.jar on run_21_glduncan_vdhankar #####
Move is valid
##### SUCCESS: /usr/lib/jvm/jdk-14.0.1/bin/java -jar /lab/itti/projects/checkers-competition/server/referee.jar on run_21_glduncan_vdhankar #####
INPUT for vdhankar:
GAME
WHITE
92.8719918727875
.b.b.b..
........
.......b
b.......
...w...w
w.w.....
.w......
w.w.....
##### Running: /usr/bin/time -o time_21_glduncan_vdhankar.txt -f "%U" python3 homework.py > stulog.txt 2>&1 on vdhankar #####
child exited with value 1
##### ERROR: /usr/bin/time -o time_21_glduncan_vdhankar.txt -f "%U" python3 homework.py > stulog.txt 2>&1 on vdhankar #####
##### Output of failed program (stdout + stderr): #####
Traceback (most recent call last):
  File "homework.py", line 546, in <module>
    print(end-start)
NameError: name 'end' is not defined
##### End of output of failed program #####
##### vdhankar plays [E c3 b4] in 5.91315221786499s #####
##### Running: /usr/lib/jvm/jdk-14.0.1/bin/java -jar /lab/itti/projects/checkers-competition/server/referee.jar on run_21_glduncan_vdhankar #####
Move is valid
##### SUCCESS: /usr/lib/jvm/jdk-14.0.1/bin/java -jar /lab/itti/projects/checkers-competition/server/referee.jar on run_21_glduncan_vdhankar #####
INPUT for glduncan:
GAME
BLACK
281.1
.b.b.b..
........
.......b
b.......
.w.w...w
w.......
.w......
w.w.....
##### Running: /usr/bin/time -o time_21_glduncan_vdhankar.txt -f "%U" python3 homework.py > stulog.txt 2>&1 on glduncan #####
##### SUCCESS: /usr/bin/time -o time_21_glduncan_vdhankar.txt -f "%U" python3 homework.py > stulog.txt 2>&1 on glduncan #####
##### glduncan plays [J a5 c3] in 0.17s #####
##### Running: /usr/lib/jvm/jdk-14.0.1/bin/java -jar /lab/itti/projects/checkers-competition/server/referee.jar on run_21_glduncan_vdhankar #####
Move is valid
##### SUCCESS: /usr/lib/jvm/jdk-14.0.1/bin/java -jar /lab/itti/projects/checkers-competition/server/referee.jar on run_21_glduncan_vdhankar #####
INPUT for vdhankar:
GAME
WHITE
86.9588396549225
.b.b.b..
........
.......b
........
...w...w
w.b.....
.w......
w.w.....
##### Running: /usr/bin/time -o time_21_glduncan_vdhankar.txt -f "%U" python3 homework.py > stulog.txt 2>&1 on vdhankar #####
child exited with value 1
##### ERROR: /usr/bin/time -o time_21_glduncan_vdhankar.txt -f "%U" python3 homework.py > stulog.txt 2>&1 on vdhankar #####
##### Output of failed program (stdout + stderr): #####
Traceback (most recent call last):
  File "homework.py", line 546, in <module>
    print(end-start)
NameError: name 'end' is not defined
##### End of output of failed program #####
##### vdhankar plays [E d4 e5] in 2.32656216621399s #####
##### Running: /usr/lib/jvm/jdk-14.0.1/bin/java -jar /lab/itti/projects/checkers-competition/server/referee.jar on run_21_glduncan_vdhankar #####
Move is valid
##### SUCCESS: /usr/lib/jvm/jdk-14.0.1/bin/java -jar /lab/itti/projects/checkers-competition/server/referee.jar on run_21_glduncan_vdhankar #####
INPUT for glduncan:
GAME
BLACK
280.93
.b.b.b..
........
.......b
....w...
.......w
w.b.....
.w......
w.w.....
##### Running: /usr/bin/time -o time_21_glduncan_vdhankar.txt -f "%U" python3 homework.py > stulog.txt 2>&1 on glduncan #####
##### SUCCESS: /usr/bin/time -o time_21_glduncan_vdhankar.txt -f "%U" python3 homework.py > stulog.txt 2>&1 on glduncan #####
##### glduncan plays [E c3 d2] in 0.26s #####
##### Running: /usr/lib/jvm/jdk-14.0.1/bin/java -jar /lab/itti/projects/checkers-competition/server/referee.jar on run_21_glduncan_vdhankar #####
Move is valid
##### SUCCESS: /usr/lib/jvm/jdk-14.0.1/bin/java -jar /lab/itti/projects/checkers-competition/server/referee.jar on run_21_glduncan_vdhankar #####
INPUT for vdhankar:
GAME
WHITE
84.6322774887085
.b.b.b..
........
.......b
....w...
.......w
w.......
.w.b....
w.w.....
##### Running: /usr/bin/time -o time_21_glduncan_vdhankar.txt -f "%U" python3 homework.py > stulog.txt 2>&1 on vdhankar #####
child exited with value 1
##### ERROR: /usr/bin/time -o time_21_glduncan_vdhankar.txt -f "%U" python3 homework.py > stulog.txt 2>&1 on vdhankar #####
##### Output of failed program (stdout + stderr): #####
Traceback (most recent call last):
  File "homework.py", line 546, in <module>
    print(end-start)
NameError: name 'end' is not defined
##### End of output of failed program #####
##### vdhankar plays [J c1 e3] in 2.18779802322388s #####
##### Running: /usr/lib/jvm/jdk-14.0.1/bin/java -jar /lab/itti/projects/checkers-competition/server/referee.jar on run_21_glduncan_vdhankar #####
Move is valid
##### SUCCESS: /usr/lib/jvm/jdk-14.0.1/bin/java -jar /lab/itti/projects/checkers-competition/server/referee.jar on run_21_glduncan_vdhankar #####
INPUT for glduncan:
GAME
BLACK
280.67
.b.b.b..
........
.......b
....w...
.......w
w...w...
.w......
w.......
##### Running: /usr/bin/time -o time_21_glduncan_vdhankar.txt -f "%U" python3 homework.py > stulog.txt 2>&1 on glduncan #####
##### SUCCESS: /usr/bin/time -o time_21_glduncan_vdhankar.txt -f "%U" python3 homework.py > stulog.txt 2>&1 on glduncan #####
##### glduncan plays [E f8 g7] in 0.88s #####
##### Running: /usr/lib/jvm/jdk-14.0.1/bin/java -jar /lab/itti/projects/checkers-competition/server/referee.jar on run_21_glduncan_vdhankar #####
Move is valid
##### SUCCESS: /usr/lib/jvm/jdk-14.0.1/bin/java -jar /lab/itti/projects/checkers-competition/server/referee.jar on run_21_glduncan_vdhankar #####
INPUT for vdhankar:
GAME
WHITE
82.4444794654846
.b.b....
......b.
.......b
....w...
.......w
w...w...
.w......
w.......
##### Running: /usr/bin/time -o time_21_glduncan_vdhankar.txt -f "%U" python3 homework.py > stulog.txt 2>&1 on vdhankar #####
child exited with value 1
##### ERROR: /usr/bin/time -o time_21_glduncan_vdhankar.txt -f "%U" python3 homework.py > stulog.txt 2>&1 on vdhankar #####
##### Output of failed program (stdout + stderr): #####
Traceback (most recent call last):
  File "homework.py", line 546, in <module>
    print(end-start)
NameError: name 'end' is not defined
##### End of output of failed program #####
##### vdhankar plays [E e3 d4] in 3.92853713035583s #####
##### Running: /usr/lib/jvm/jdk-14.0.1/bin/java -jar /lab/itti/projects/checkers-competition/server/referee.jar on run_21_glduncan_vdhankar #####
Move is valid
##### SUCCESS: /usr/lib/jvm/jdk-14.0.1/bin/java -jar /lab/itti/projects/checkers-competition/server/referee.jar on run_21_glduncan_vdhankar #####
INPUT for glduncan:
GAME
BLACK
279.79
.b.b....
......b.
.......b
....w...
...w...w
w.......
.w......
w.......
##### Running: /usr/bin/time -o time_21_glduncan_vdhankar.txt -f "%U" python3 homework.py > stulog.txt 2>&1 on glduncan #####
##### SUCCESS: /usr/bin/time -o time_21_glduncan_vdhankar.txt -f "%U" python3 homework.py > stulog.txt 2>&1 on glduncan #####
##### glduncan plays [E d8 e7] in 0.38s #####
##### Running: /usr/lib/jvm/jdk-14.0.1/bin/java -jar /lab/itti/projects/checkers-competition/server/referee.jar on run_21_glduncan_vdhankar #####
Move is valid
##### SUCCESS: /usr/lib/jvm/jdk-14.0.1/bin/java -jar /lab/itti/projects/checkers-competition/server/referee.jar on run_21_glduncan_vdhankar #####
INPUT for vdhankar:
GAME
WHITE
78.5159423351288
.b......
....b.b.
.......b
....w...
...w...w
w.......
.w......
w.......
##### Running: /usr/bin/time -o time_21_glduncan_vdhankar.txt -f "%U" python3 homework.py > stulog.txt 2>&1 on vdhankar #####
child exited with value 1
##### ERROR: /usr/bin/time -o time_21_glduncan_vdhankar.txt -f "%U" python3 homework.py > stulog.txt 2>&1 on vdhankar #####
##### Output of failed program (stdout + stderr): #####
Traceback (most recent call last):
  File "homework.py", line 546, in <module>
    print(end-start)
NameError: name 'end' is not defined
##### End of output of failed program #####
##### vdhankar plays [E d4 c5] in 1.84599208831787s #####
##### Running: /usr/lib/jvm/jdk-14.0.1/bin/java -jar /lab/itti/projects/checkers-competition/server/referee.jar on run_21_glduncan_vdhankar #####
Move is valid
##### SUCCESS: /usr/lib/jvm/jdk-14.0.1/bin/java -jar /lab/itti/projects/checkers-competition/server/referee.jar on run_21_glduncan_vdhankar #####
INPUT for glduncan:
GAME
BLACK
279.41
.b......
....b.b.
.......b
..w.w...
.......w
w.......
.w......
w.......
##### Running: /usr/bin/time -o time_21_glduncan_vdhankar.txt -f "%U" python3 homework.py > stulog.txt 2>&1 on glduncan #####
##### SUCCESS: /usr/bin/time -o time_21_glduncan_vdhankar.txt -f "%U" python3 homework.py > stulog.txt 2>&1 on glduncan #####
##### glduncan plays [E e7 f6] in 0.28s #####
##### Running: /usr/lib/jvm/jdk-14.0.1/bin/java -jar /lab/itti/projects/checkers-competition/server/referee.jar on run_21_glduncan_vdhankar #####
Move is valid
##### SUCCESS: /usr/lib/jvm/jdk-14.0.1/bin/java -jar /lab/itti/projects/checkers-competition/server/referee.jar on run_21_glduncan_vdhankar #####
INPUT for vdhankar:
GAME
WHITE
76.6699502468109
.b......
......b.
.....b.b
..w.w...
.......w
w.......
.w......
w.......
##### Running: /usr/bin/time -o time_21_glduncan_vdhankar.txt -f "%U" python3 homework.py > stulog.txt 2>&1 on vdhankar #####
child exited with value 1
##### ERROR: /usr/bin/time -o time_21_glduncan_vdhankar.txt -f "%U" python3 homework.py > stulog.txt 2>&1 on vdhankar #####
##### Output of failed program (stdout + stderr): #####
Traceback (most recent call last):
  File "homework.py", line 546, in <module>
    print(end-start)
NameError: name 'end' is not defined
##### End of output of failed program #####
##### vdhankar plays [E e5 d6] in 1.17409491539001s #####
##### Running: /usr/lib/jvm/jdk-14.0.1/bin/java -jar /lab/itti/projects/checkers-competition/server/referee.jar on run_21_glduncan_vdhankar #####
Move is valid
##### SUCCESS: /usr/lib/jvm/jdk-14.0.1/bin/java -jar /lab/itti/projects/checkers-competition/server/referee.jar on run_21_glduncan_vdhankar #####
INPUT for glduncan:
GAME
BLACK
279.13
.b......
......b.
...w.b.b
..w.....
.......w
w.......
.w......
w.......
##### Running: /usr/bin/time -o time_21_glduncan_vdhankar.txt -f "%U" python3 homework.py > stulog.txt 2>&1 on glduncan #####
##### SUCCESS: /usr/bin/time -o time_21_glduncan_vdhankar.txt -f "%U" python3 homework.py > stulog.txt 2>&1 on glduncan #####
##### glduncan plays [E h6 g5] in 0.27s #####
##### Running: /usr/lib/jvm/jdk-14.0.1/bin/java -jar /lab/itti/projects/checkers-competition/server/referee.jar on run_21_glduncan_vdhankar #####
Move is valid
##### SUCCESS: /usr/lib/jvm/jdk-14.0.1/bin/java -jar /lab/itti/projects/checkers-competition/server/referee.jar on run_21_glduncan_vdhankar #####
INPUT for vdhankar:
GAME
WHITE
75.4958553314209
.b......
......b.
...w.b..
..w...b.
.......w
w.......
.w......
w.......
##### Running: /usr/bin/time -o time_21_glduncan_vdhankar.txt -f "%U" python3 homework.py > stulog.txt 2>&1 on vdhankar #####
child exited with value 1
##### ERROR: /usr/bin/time -o time_21_glduncan_vdhankar.txt -f "%U" python3 homework.py > stulog.txt 2>&1 on vdhankar #####
##### Output of failed program (stdout + stderr): #####
Traceback (most recent call last):
  File "homework.py", line 546, in <module>
    print(end-start)
NameError: name 'end' is not defined
##### End of output of failed program #####
##### vdhankar plays [E c5 b6] in 2.46701908111572s #####
##### Running: /usr/lib/jvm/jdk-14.0.1/bin/java -jar /lab/itti/projects/checkers-competition/server/referee.jar on run_21_glduncan_vdhankar #####
Move is valid
##### SUCCESS: /usr/lib/jvm/jdk-14.0.1/bin/java -jar /lab/itti/projects/checkers-competition/server/referee.jar on run_21_glduncan_vdhankar #####
INPUT for glduncan:
GAME
BLACK
278.86
.b......
......b.
.w.w.b..
......b.
.......w
w.......
.w......
w.......
##### Running: /usr/bin/time -o time_21_glduncan_vdhankar.txt -f "%U" python3 homework.py > stulog.txt 2>&1 on glduncan #####
##### SUCCESS: /usr/bin/time -o time_21_glduncan_vdhankar.txt -f "%U" python3 homework.py > stulog.txt 2>&1 on glduncan #####
##### glduncan plays [E g5 f4] in 0.27s #####
##### Running: /usr/lib/jvm/jdk-14.0.1/bin/java -jar /lab/itti/projects/checkers-competition/server/referee.jar on run_21_glduncan_vdhankar #####
Move is valid
##### SUCCESS: /usr/lib/jvm/jdk-14.0.1/bin/java -jar /lab/itti/projects/checkers-competition/server/referee.jar on run_21_glduncan_vdhankar #####
INPUT for vdhankar:
GAME
WHITE
73.0288362503052
.b......
......b.
.w.w.b..
........
.....b.w
w.......
.w......
w.......
##### Running: /usr/bin/time -o time_21_glduncan_vdhankar.txt -f "%U" python3 homework.py > stulog.txt 2>&1 on vdhankar #####
child exited with value 1
##### ERROR: /usr/bin/time -o time_21_glduncan_vdhankar.txt -f "%U" python3 homework.py > stulog.txt 2>&1 on vdhankar #####
##### Output of failed program (stdout + stderr): #####
Traceback (most recent call last):
  File "homework.py", line 546, in <module>
    print(end-start)
NameError: name 'end' is not defined
##### End of output of failed program #####
##### vdhankar plays [E a3 b4] in 3.66563701629639s #####
##### Running: /usr/lib/jvm/jdk-14.0.1/bin/java -jar /lab/itti/projects/checkers-competition/server/referee.jar on run_21_glduncan_vdhankar #####
Move is valid
##### SUCCESS: /usr/lib/jvm/jdk-14.0.1/bin/java -jar /lab/itti/projects/checkers-competition/server/referee.jar on run_21_glduncan_vdhankar #####
INPUT for glduncan:
GAME
BLACK
278.59
.b......
......b.
.w.w.b..
........
.w...b.w
........
.w......
w.......
##### Running: /usr/bin/time -o time_21_glduncan_vdhankar.txt -f "%U" python3 homework.py > stulog.txt 2>&1 on glduncan #####
##### SUCCESS: /usr/bin/time -o time_21_glduncan_vdhankar.txt -f "%U" python3 homework.py > stulog.txt 2>&1 on glduncan #####
##### glduncan plays [E f4 g3] in 1.06s #####
##### Running: /usr/lib/jvm/jdk-14.0.1/bin/java -jar /lab/itti/projects/checkers-competition/server/referee.jar on run_21_glduncan_vdhankar #####
Move is valid
##### SUCCESS: /usr/lib/jvm/jdk-14.0.1/bin/java -jar /lab/itti/projects/checkers-competition/server/referee.jar on run_21_glduncan_vdhankar #####
INPUT for vdhankar:
GAME
WHITE
69.3631992340088
.b......
......b.
.w.w.b..
........
.w.....w
......b.
.w......
w.......
##### Running: /usr/bin/time -o time_21_glduncan_vdhankar.txt -f "%U" python3 homework.py > stulog.txt 2>&1 on vdhankar #####
child exited with value 1
##### ERROR: /usr/bin/time -o time_21_glduncan_vdhankar.txt -f "%U" python3 homework.py > stulog.txt 2>&1 on vdhankar #####
##### Output of failed program (stdout + stderr): #####
Traceback (most recent call last):
  File "homework.py", line 546, in <module>
    print(end-start)
NameError: name 'end' is not defined
##### End of output of failed program #####
##### vdhankar plays [E b6 c7] in 6.42106509208679s #####
##### Running: /usr/lib/jvm/jdk-14.0.1/bin/java -jar /lab/itti/projects/checkers-competition/server/referee.jar on run_21_glduncan_vdhankar #####
Move is valid
##### SUCCESS: /usr/lib/jvm/jdk-14.0.1/bin/java -jar /lab/itti/projects/checkers-competition/server/referee.jar on run_21_glduncan_vdhankar #####
INPUT for glduncan:
GAME
BLACK
277.53
.b......
..w...b.
...w.b..
........
.w.....w
......b.
.w......
w.......
##### Running: /usr/bin/time -o time_21_glduncan_vdhankar.txt -f "%U" python3 homework.py > stulog.txt 2>&1 on glduncan #####
##### SUCCESS: /usr/bin/time -o time_21_glduncan_vdhankar.txt -f "%U" python3 homework.py > stulog.txt 2>&1 on glduncan #####
##### glduncan plays [E g3 h2] in 0.6s #####
##### Running: /usr/lib/jvm/jdk-14.0.1/bin/java -jar /lab/itti/projects/checkers-competition/server/referee.jar on run_21_glduncan_vdhankar #####
Move is valid
##### SUCCESS: /usr/lib/jvm/jdk-14.0.1/bin/java -jar /lab/itti/projects/checkers-competition/server/referee.jar on run_21_glduncan_vdhankar #####
INPUT for vdhankar:
GAME
WHITE
62.942134141922
.b......
..w...b.
...w.b..
........
.w.....w
........
.w.....b
w.......
##### Running: /usr/bin/time -o time_21_glduncan_vdhankar.txt -f "%U" python3 homework.py > stulog.txt 2>&1 on vdhankar #####
child exited with value 1
##### ERROR: /usr/bin/time -o time_21_glduncan_vdhankar.txt -f "%U" python3 homework.py > stulog.txt 2>&1 on vdhankar #####
##### Output of failed program (stdout + stderr): #####
Traceback (most recent call last):
  File "homework.py", line 546, in <module>
    print(end-start)
NameError: name 'end' is not defined
##### End of output of failed program #####
##### vdhankar plays [E b2 c3] in 3.64860582351685s #####
##### Running: /usr/lib/jvm/jdk-14.0.1/bin/java -jar /lab/itti/projects/checkers-competition/server/referee.jar on run_21_glduncan_vdhankar #####
Move is valid
##### SUCCESS: /usr/lib/jvm/jdk-14.0.1/bin/java -jar /lab/itti/projects/checkers-competition/server/referee.jar on run_21_glduncan_vdhankar #####
INPUT for glduncan:
GAME
BLACK
276.93
.b......
..w...b.
...w.b..
........
.w.....w
..w.....
.......b
w.......
##### Running: /usr/bin/time -o time_21_glduncan_vdhankar.txt -f "%U" python3 homework.py > stulog.txt 2>&1 on glduncan #####
##### SUCCESS: /usr/bin/time -o time_21_glduncan_vdhankar.txt -f "%U" python3 homework.py > stulog.txt 2>&1 on glduncan #####
##### glduncan plays [E h2 g1] in 0.47s #####
##### Running: /usr/lib/jvm/jdk-14.0.1/bin/java -jar /lab/itti/projects/checkers-competition/server/referee.jar on run_21_glduncan_vdhankar #####
Move is valid
##### SUCCESS: /usr/lib/jvm/jdk-14.0.1/bin/java -jar /lab/itti/projects/checkers-competition/server/referee.jar on run_21_glduncan_vdhankar #####
INPUT for vdhankar:
GAME
WHITE
59.2935283184052
.b......
..w...b.
...w.b..
........
.w.....w
..w.....
........
w.....B.
##### Running: /usr/bin/time -o time_21_glduncan_vdhankar.txt -f "%U" python3 homework.py > stulog.txt 2>&1 on vdhankar #####
child exited with value 1
##### ERROR: /usr/bin/time -o time_21_glduncan_vdhankar.txt -f "%U" python3 homework.py > stulog.txt 2>&1 on vdhankar #####
##### Output of failed program (stdout + stderr): #####
Traceback (most recent call last):
  File "homework.py", line 546, in <module>
    print(end-start)
NameError: name 'end' is not defined
##### End of output of failed program #####
##### vdhankar plays [E a1 b2] in 5.82405805587769s #####
##### Running: /usr/lib/jvm/jdk-14.0.1/bin/java -jar /lab/itti/projects/checkers-competition/server/referee.jar on run_21_glduncan_vdhankar #####
Move is valid
##### SUCCESS: /usr/lib/jvm/jdk-14.0.1/bin/java -jar /lab/itti/projects/checkers-competition/server/referee.jar on run_21_glduncan_vdhankar #####
INPUT for glduncan:
GAME
BLACK
276.46
.b......
..w...b.
...w.b..
........
.w.....w
..w.....
.w......
......B.
##### Running: /usr/bin/time -o time_21_glduncan_vdhankar.txt -f "%U" python3 homework.py > stulog.txt 2>&1 on glduncan #####
##### SUCCESS: /usr/bin/time -o time_21_glduncan_vdhankar.txt -f "%U" python3 homework.py > stulog.txt 2>&1 on glduncan #####
##### glduncan plays [E g1 h2] in 0.65s #####
##### Running: /usr/lib/jvm/jdk-14.0.1/bin/java -jar /lab/itti/projects/checkers-competition/server/referee.jar on run_21_glduncan_vdhankar #####
Move is valid
##### SUCCESS: /usr/lib/jvm/jdk-14.0.1/bin/java -jar /lab/itti/projects/checkers-competition/server/referee.jar on run_21_glduncan_vdhankar #####
INPUT for vdhankar:
GAME
WHITE
53.4694702625275
.b......
..w...b.
...w.b..
........
.w.....w
..w.....
.w.....B
........
##### Running: /usr/bin/time -o time_21_glduncan_vdhankar.txt -f "%U" python3 homework.py > stulog.txt 2>&1 on vdhankar #####
child exited with value 1
##### ERROR: /usr/bin/time -o time_21_glduncan_vdhankar.txt -f "%U" python3 homework.py > stulog.txt 2>&1 on vdhankar #####
##### Output of failed program (stdout + stderr): #####
Traceback (most recent call last):
  File "homework.py", line 546, in <module>
    print(end-start)
NameError: name 'end' is not defined
##### End of output of failed program #####
##### vdhankar plays [E c7 d8] in 6.30543303489685s #####
##### Running: /usr/lib/jvm/jdk-14.0.1/bin/java -jar /lab/itti/projects/checkers-competition/server/referee.jar on run_21_glduncan_vdhankar #####
Move is valid
##### SUCCESS: /usr/lib/jvm/jdk-14.0.1/bin/java -jar /lab/itti/projects/checkers-competition/server/referee.jar on run_21_glduncan_vdhankar #####
INPUT for glduncan:
GAME
BLACK
275.81
.b.W....
......b.
...w.b..
........
.w.....w
..w.....
.w.....B
........
##### Running: /usr/bin/time -o time_21_glduncan_vdhankar.txt -f "%U" python3 homework.py > stulog.txt 2>&1 on glduncan #####
##### SUCCESS: /usr/bin/time -o time_21_glduncan_vdhankar.txt -f "%U" python3 homework.py > stulog.txt 2>&1 on glduncan #####
##### glduncan plays [E h2 g3] in 1s #####
##### Running: /usr/lib/jvm/jdk-14.0.1/bin/java -jar /lab/itti/projects/checkers-competition/server/referee.jar on run_21_glduncan_vdhankar #####
Move is valid
##### SUCCESS: /usr/lib/jvm/jdk-14.0.1/bin/java -jar /lab/itti/projects/checkers-competition/server/referee.jar on run_21_glduncan_vdhankar #####
INPUT for vdhankar:
GAME
WHITE
47.1640372276306
.b.W....
......b.
...w.b..
........
.w.....w
..w...B.
.w......
........
##### Running: /usr/bin/time -o time_21_glduncan_vdhankar.txt -f "%U" python3 homework.py > stulog.txt 2>&1 on vdhankar #####
child exited with value 1
##### ERROR: /usr/bin/time -o time_21_glduncan_vdhankar.txt -f "%U" python3 homework.py > stulog.txt 2>&1 on vdhankar #####
##### Output of failed program (stdout + stderr): #####
Traceback (most recent call last):
  File "homework.py", line 546, in <module>
    print(end-start)
NameError: name 'end' is not defined
##### End of output of failed program #####
##### vdhankar plays [E c3 d4] in 5.11820292472839s #####
##### Running: /usr/lib/jvm/jdk-14.0.1/bin/java -jar /lab/itti/projects/checkers-competition/server/referee.jar on run_21_glduncan_vdhankar #####
Move is valid
##### SUCCESS: /usr/lib/jvm/jdk-14.0.1/bin/java -jar /lab/itti/projects/checkers-competition/server/referee.jar on run_21_glduncan_vdhankar #####
INPUT for glduncan:
GAME
BLACK
274.81
.b.W....
......b.
...w.b..
........
.w.w...w
......B.
.w......
........
##### Running: /usr/bin/time -o time_21_glduncan_vdhankar.txt -f "%U" python3 homework.py > stulog.txt 2>&1 on glduncan #####
##### SUCCESS: /usr/bin/time -o time_21_glduncan_vdhankar.txt -f "%U" python3 homework.py > stulog.txt 2>&1 on glduncan #####
##### glduncan plays [E g3 f4] in 1.48s #####
##### Running: /usr/lib/jvm/jdk-14.0.1/bin/java -jar /lab/itti/projects/checkers-competition/server/referee.jar on run_21_glduncan_vdhankar #####
Move is valid
##### SUCCESS: /usr/lib/jvm/jdk-14.0.1/bin/java -jar /lab/itti/projects/checkers-competition/server/referee.jar on run_21_glduncan_vdhankar #####
INPUT for vdhankar:
GAME
WHITE
42.0458343029022
.b.W....
......b.
...w.b..
........
.w.w.B.w
........
.w......
........
##### Running: /usr/bin/time -o time_21_glduncan_vdhankar.txt -f "%U" python3 homework.py > stulog.txt 2>&1 on vdhankar #####
child exited with value 1
##### ERROR: /usr/bin/time -o time_21_glduncan_vdhankar.txt -f "%U" python3 homework.py > stulog.txt 2>&1 on vdhankar #####
##### Output of failed program (stdout + stderr): #####
Traceback (most recent call last):
  File "homework.py", line 546, in <module>
    print(end-start)
NameError: name 'end' is not defined
##### End of output of failed program #####
##### vdhankar plays [E b2 c3] in 5.25080490112305s #####
##### Running: /usr/lib/jvm/jdk-14.0.1/bin/java -jar /lab/itti/projects/checkers-competition/server/referee.jar on run_21_glduncan_vdhankar #####
Move is valid
##### SUCCESS: /usr/lib/jvm/jdk-14.0.1/bin/java -jar /lab/itti/projects/checkers-competition/server/referee.jar on run_21_glduncan_vdhankar #####
INPUT for glduncan:
GAME
BLACK
273.33
.b.W....
......b.
...w.b..
........
.w.w.B.w
..w.....
........
........
##### Running: /usr/bin/time -o time_21_glduncan_vdhankar.txt -f "%U" python3 homework.py > stulog.txt 2>&1 on glduncan #####
##### SUCCESS: /usr/bin/time -o time_21_glduncan_vdhankar.txt -f "%U" python3 homework.py > stulog.txt 2>&1 on glduncan #####
##### glduncan plays [E f4 g5] in 0.98s #####
##### Running: /usr/lib/jvm/jdk-14.0.1/bin/java -jar /lab/itti/projects/checkers-competition/server/referee.jar on run_21_glduncan_vdhankar #####
Move is valid
##### SUCCESS: /usr/lib/jvm/jdk-14.0.1/bin/java -jar /lab/itti/projects/checkers-competition/server/referee.jar on run_21_glduncan_vdhankar #####
INPUT for vdhankar:
GAME
WHITE
36.7950294017792
.b.W....
......b.
...w.b..
......B.
.w.w...w
..w.....
........
........
##### Running: /usr/bin/time -o time_21_glduncan_vdhankar.txt -f "%U" python3 homework.py > stulog.txt 2>&1 on vdhankar #####
child exited with value 1
##### ERROR: /usr/bin/time -o time_21_glduncan_vdhankar.txt -f "%U" python3 homework.py > stulog.txt 2>&1 on vdhankar #####
##### Output of failed program (stdout + stderr): #####
Traceback (most recent call last):
  File "homework.py", line 546, in <module>
    print(end-start)
NameError: name 'end' is not defined
##### End of output of failed program #####
##### vdhankar plays [E b4 c5] in 2.99571800231934s #####
##### Running: /usr/lib/jvm/jdk-14.0.1/bin/java -jar /lab/itti/projects/checkers-competition/server/referee.jar on run_21_glduncan_vdhankar #####
Move is valid
##### SUCCESS: /usr/lib/jvm/jdk-14.0.1/bin/java -jar /lab/itti/projects/checkers-competition/server/referee.jar on run_21_glduncan_vdhankar #####
INPUT for glduncan:
GAME
BLACK
272.35
.b.W....
......b.
...w.b..
..w...B.
...w...w
..w.....
........
........
##### Running: /usr/bin/time -o time_21_glduncan_vdhankar.txt -f "%U" python3 homework.py > stulog.txt 2>&1 on glduncan #####
##### SUCCESS: /usr/bin/time -o time_21_glduncan_vdhankar.txt -f "%U" python3 homework.py > stulog.txt 2>&1 on glduncan #####
##### glduncan plays [E g5 h6] in 0.59s #####
##### Running: /usr/lib/jvm/jdk-14.0.1/bin/java -jar /lab/itti/projects/checkers-competition/server/referee.jar on run_21_glduncan_vdhankar #####
Move is valid
##### SUCCESS: /usr/lib/jvm/jdk-14.0.1/bin/java -jar /lab/itti/projects/checkers-competition/server/referee.jar on run_21_glduncan_vdhankar #####
INPUT for vdhankar:
GAME
WHITE
33.7993113994598
.b.W....
......b.
...w.b.B
..w.....
...w...w
..w.....
........
........
##### Running: /usr/bin/time -o time_21_glduncan_vdhankar.txt -f "%U" python3 homework.py > stulog.txt 2>&1 on vdhankar #####
child exited with value 1
##### ERROR: /usr/bin/time -o time_21_glduncan_vdhankar.txt -f "%U" python3 homework.py > stulog.txt 2>&1 on vdhankar #####
##### Output of failed program (stdout + stderr): #####
Traceback (most recent call last):
  File "homework.py", line 546, in <module>
    print(end-start)
NameError: name 'end' is not defined
##### End of output of failed program #####
##### vdhankar plays [E c3 b4] in 0.8786301612854s #####
##### Running: /usr/lib/jvm/jdk-14.0.1/bin/java -jar /lab/itti/projects/checkers-competition/server/referee.jar on run_21_glduncan_vdhankar #####
Move is valid
##### SUCCESS: /usr/lib/jvm/jdk-14.0.1/bin/java -jar /lab/itti/projects/checkers-competition/server/referee.jar on run_21_glduncan_vdhankar #####
INPUT for glduncan:
GAME
BLACK
271.76
.b.W....
......b.
...w.b.B
..w.....
.w.w...w
........
........
........
##### Running: /usr/bin/time -o time_21_glduncan_vdhankar.txt -f "%U" python3 homework.py > stulog.txt 2>&1 on glduncan #####
##### SUCCESS: /usr/bin/time -o time_21_glduncan_vdhankar.txt -f "%U" python3 homework.py > stulog.txt 2>&1 on glduncan #####
##### glduncan plays [E b8 a7] in 0.3s #####
##### Running: /usr/lib/jvm/jdk-14.0.1/bin/java -jar /lab/itti/projects/checkers-competition/server/referee.jar on run_21_glduncan_vdhankar #####
Move is valid
##### SUCCESS: /usr/lib/jvm/jdk-14.0.1/bin/java -jar /lab/itti/projects/checkers-competition/server/referee.jar on run_21_glduncan_vdhankar #####
INPUT for vdhankar:
GAME
WHITE
32.9206812381744
...W....
b.....b.
...w.b.B
..w.....
.w.w...w
........
........
........
##### Running: /usr/bin/time -o time_21_glduncan_vdhankar.txt -f "%U" python3 homework.py > stulog.txt 2>&1 on vdhankar #####
child exited with value 1
##### ERROR: /usr/bin/time -o time_21_glduncan_vdhankar.txt -f "%U" python3 homework.py > stulog.txt 2>&1 on vdhankar #####
##### Output of failed program (stdout + stderr): #####
Traceback (most recent call last):
  File "homework.py", line 546, in <module>
    print(end-start)
NameError: name 'end' is not defined
##### End of output of failed program #####
##### vdhankar plays [E d6 e7] in 0.572547912597656s #####
##### Running: /usr/lib/jvm/jdk-14.0.1/bin/java -jar /lab/itti/projects/checkers-competition/server/referee.jar on run_21_glduncan_vdhankar #####
Move is valid
##### SUCCESS: /usr/lib/jvm/jdk-14.0.1/bin/java -jar /lab/itti/projects/checkers-competition/server/referee.jar on run_21_glduncan_vdhankar #####
INPUT for glduncan:
GAME
BLACK
271.46
...W....
b...w.b.
.....b.B
..w.....
.w.w...w
........
........
........
##### Running: /usr/bin/time -o time_21_glduncan_vdhankar.txt -f "%U" python3 homework.py > stulog.txt 2>&1 on glduncan #####
##### SUCCESS: /usr/bin/time -o time_21_glduncan_vdhankar.txt -f "%U" python3 homework.py > stulog.txt 2>&1 on glduncan #####
##### glduncan plays [E h6 g5] in 0.17s #####
##### Running: /usr/lib/jvm/jdk-14.0.1/bin/java -jar /lab/itti/projects/checkers-competition/server/referee.jar on run_21_glduncan_vdhankar #####
Move is valid
##### SUCCESS: /usr/lib/jvm/jdk-14.0.1/bin/java -jar /lab/itti/projects/checkers-competition/server/referee.jar on run_21_glduncan_vdhankar #####
INPUT for vdhankar:
GAME
WHITE
32.3481333255768
...W....
b...w.b.
.....b..
..w...B.
.w.w...w
........
........
........
##### Running: /usr/bin/time -o time_21_glduncan_vdhankar.txt -f "%U" python3 homework.py > stulog.txt 2>&1 on vdhankar #####
child exited with value 1
##### ERROR: /usr/bin/time -o time_21_glduncan_vdhankar.txt -f "%U" python3 homework.py > stulog.txt 2>&1 on vdhankar #####
##### Output of failed program (stdout + stderr): #####
Traceback (most recent call last):
  File "homework.py", line 546, in <module>
    print(end-start)
NameError: name 'end' is not defined
##### End of output of failed program #####
##### vdhankar plays [E d4 e5] in 1.01087689399719s #####
##### Running: /usr/lib/jvm/jdk-14.0.1/bin/java -jar /lab/itti/projects/checkers-competition/server/referee.jar on run_21_glduncan_vdhankar #####
Move is valid
##### SUCCESS: /usr/lib/jvm/jdk-14.0.1/bin/java -jar /lab/itti/projects/checkers-competition/server/referee.jar on run_21_glduncan_vdhankar #####
INPUT for glduncan:
GAME
BLACK
271.29
...W....
b...w.b.
.....b..
..w.w.B.
.w.....w
........
........
........
##### Running: /usr/bin/time -o time_21_glduncan_vdhankar.txt -f "%U" python3 homework.py > stulog.txt 2>&1 on glduncan #####
##### SUCCESS: /usr/bin/time -o time_21_glduncan_vdhankar.txt -f "%U" python3 homework.py > stulog.txt 2>&1 on glduncan #####
##### glduncan plays [J f6 d4] in 0.07s #####
##### Running: /usr/lib/jvm/jdk-14.0.1/bin/java -jar /lab/itti/projects/checkers-competition/server/referee.jar on run_21_glduncan_vdhankar #####
Move is valid
##### SUCCESS: /usr/lib/jvm/jdk-14.0.1/bin/java -jar /lab/itti/projects/checkers-competition/server/referee.jar on run_21_glduncan_vdhankar #####
INPUT for vdhankar:
GAME
WHITE
31.3372564315796
...W....
b...w.b.
........
..w...B.
.w.b...w
........
........
........
##### Running: /usr/bin/time -o time_21_glduncan_vdhankar.txt -f "%U" python3 homework.py > stulog.txt 2>&1 on vdhankar #####
child exited with value 1
##### ERROR: /usr/bin/time -o time_21_glduncan_vdhankar.txt -f "%U" python3 homework.py > stulog.txt 2>&1 on vdhankar #####
##### Output of failed program (stdout + stderr): #####
Traceback (most recent call last):
  File "homework.py", line 546, in <module>
    print(end-start)
NameError: name 'end' is not defined
##### End of output of failed program #####
##### vdhankar plays [J h4 f6 ; J f6 h8] in 0.294761180877686s #####
##### Running: /usr/lib/jvm/jdk-14.0.1/bin/java -jar /lab/itti/projects/checkers-competition/server/referee.jar on run_21_glduncan_vdhankar #####
Move is valid
##### SUCCESS: /usr/lib/jvm/jdk-14.0.1/bin/java -jar /lab/itti/projects/checkers-competition/server/referee.jar on run_21_glduncan_vdhankar #####
INPUT for glduncan:
GAME
BLACK
271.22
...W...W
b...w...
........
..w.....
.w.b....
........
........
........
##### Running: /usr/bin/time -o time_21_glduncan_vdhankar.txt -f "%U" python3 homework.py > stulog.txt 2>&1 on glduncan #####
##### SUCCESS: /usr/bin/time -o time_21_glduncan_vdhankar.txt -f "%U" python3 homework.py > stulog.txt 2>&1 on glduncan #####
##### glduncan plays [E d4 e3] in 0.13s #####
##### Running: /usr/lib/jvm/jdk-14.0.1/bin/java -jar /lab/itti/projects/checkers-competition/server/referee.jar on run_21_glduncan_vdhankar #####
Move is valid
##### SUCCESS: /usr/lib/jvm/jdk-14.0.1/bin/java -jar /lab/itti/projects/checkers-competition/server/referee.jar on run_21_glduncan_vdhankar #####
INPUT for vdhankar:
GAME
WHITE
31.0424952507019
...W...W
b...w...
........
..w.....
.w......
....b...
........
........
##### Running: /usr/bin/time -o time_21_glduncan_vdhankar.txt -f "%U" python3 homework.py > stulog.txt 2>&1 on vdhankar #####
child exited with value 1
##### ERROR: /usr/bin/time -o time_21_glduncan_vdhankar.txt -f "%U" python3 homework.py > stulog.txt 2>&1 on vdhankar #####
##### Output of failed program (stdout + stderr): #####
Traceback (most recent call last):
  File "homework.py", line 546, in <module>
    print(end-start)
NameError: name 'end' is not defined
##### End of output of failed program #####
##### vdhankar plays [E e7 f8] in 0.779271841049194s #####
##### Running: /usr/lib/jvm/jdk-14.0.1/bin/java -jar /lab/itti/projects/checkers-competition/server/referee.jar on run_21_glduncan_vdhankar #####
Move is valid
##### SUCCESS: /usr/lib/jvm/jdk-14.0.1/bin/java -jar /lab/itti/projects/checkers-competition/server/referee.jar on run_21_glduncan_vdhankar #####
INPUT for glduncan:
GAME
BLACK
271.09
...W.W.W
b.......
........
..w.....
.w......
....b...
........
........
##### Running: /usr/bin/time -o time_21_glduncan_vdhankar.txt -f "%U" python3 homework.py > stulog.txt 2>&1 on glduncan #####
##### SUCCESS: /usr/bin/time -o time_21_glduncan_vdhankar.txt -f "%U" python3 homework.py > stulog.txt 2>&1 on glduncan #####
##### glduncan plays [E e3 f2] in 0.18s #####
##### Running: /usr/lib/jvm/jdk-14.0.1/bin/java -jar /lab/itti/projects/checkers-competition/server/referee.jar on run_21_glduncan_vdhankar #####
Move is valid
##### SUCCESS: /usr/lib/jvm/jdk-14.0.1/bin/java -jar /lab/itti/projects/checkers-competition/server/referee.jar on run_21_glduncan_vdhankar #####
INPUT for vdhankar:
GAME
WHITE
30.2632234096527
...W.W.W
b.......
........
..w.....
.w......
........
.....b..
........
##### Running: /usr/bin/time -o time_21_glduncan_vdhankar.txt -f "%U" python3 homework.py > stulog.txt 2>&1 on vdhankar #####
child exited with value 1
##### ERROR: /usr/bin/time -o time_21_glduncan_vdhankar.txt -f "%U" python3 homework.py > stulog.txt 2>&1 on vdhankar #####
##### Output of failed program (stdout + stderr): #####
Traceback (most recent call last):
  File "homework.py", line 546, in <module>
    print(end-start)
NameError: name 'end' is not defined
##### End of output of failed program #####
##### vdhankar plays [E f8 g7] in 1.11242198944092s #####
##### Running: /usr/lib/jvm/jdk-14.0.1/bin/java -jar /lab/itti/projects/checkers-competition/server/referee.jar on run_21_glduncan_vdhankar #####
Move is valid
##### SUCCESS: /usr/lib/jvm/jdk-14.0.1/bin/java -jar /lab/itti/projects/checkers-competition/server/referee.jar on run_21_glduncan_vdhankar #####
INPUT for glduncan:
GAME
BLACK
270.91
...W...W
b.....W.
........
..w.....
.w......
........
.....b..
........
##### Running: /usr/bin/time -o time_21_glduncan_vdhankar.txt -f "%U" python3 homework.py > stulog.txt 2>&1 on glduncan #####
##### SUCCESS: /usr/bin/time -o time_21_glduncan_vdhankar.txt -f "%U" python3 homework.py > stulog.txt 2>&1 on glduncan #####
##### glduncan plays [E f2 g1] in 0.18s #####
##### Running: /usr/lib/jvm/jdk-14.0.1/bin/java -jar /lab/itti/projects/checkers-competition/server/referee.jar on run_21_glduncan_vdhankar #####
Move is valid
##### SUCCESS: /usr/lib/jvm/jdk-14.0.1/bin/java -jar /lab/itti/projects/checkers-competition/server/referee.jar on run_21_glduncan_vdhankar #####
INPUT for vdhankar:
GAME
WHITE
29.1508014202118
...W...W
b.....W.
........
..w.....
.w......
........
........
......B.
##### Running: /usr/bin/time -o time_21_glduncan_vdhankar.txt -f "%U" python3 homework.py > stulog.txt 2>&1 on vdhankar #####
child exited with value 1
##### ERROR: /usr/bin/time -o time_21_glduncan_vdhankar.txt -f "%U" python3 homework.py > stulog.txt 2>&1 on vdhankar #####
##### Output of failed program (stdout + stderr): #####
Traceback (most recent call last):
  File "homework.py", line 546, in <module>
    print(end-start)
NameError: name 'end' is not defined
##### End of output of failed program #####
##### vdhankar plays [E b4 a5] in 1.47091007232666s #####
##### Running: /usr/lib/jvm/jdk-14.0.1/bin/java -jar /lab/itti/projects/checkers-competition/server/referee.jar on run_21_glduncan_vdhankar #####
Move is valid
##### SUCCESS: /usr/lib/jvm/jdk-14.0.1/bin/java -jar /lab/itti/projects/checkers-competition/server/referee.jar on run_21_glduncan_vdhankar #####
INPUT for glduncan:
GAME
BLACK
270.73
...W...W
b.....W.
........
w.w.....
........
........
........
......B.
##### Running: /usr/bin/time -o time_21_glduncan_vdhankar.txt -f "%U" python3 homework.py > stulog.txt 2>&1 on glduncan #####
##### SUCCESS: /usr/bin/time -o time_21_glduncan_vdhankar.txt -f "%U" python3 homework.py > stulog.txt 2>&1 on glduncan #####
##### glduncan plays [E g1 h2] in 0.2s #####
##### Running: /usr/lib/jvm/jdk-14.0.1/bin/java -jar /lab/itti/projects/checkers-competition/server/referee.jar on run_21_glduncan_vdhankar #####
Move is valid
##### SUCCESS: /usr/lib/jvm/jdk-14.0.1/bin/java -jar /lab/itti/projects/checkers-competition/server/referee.jar on run_21_glduncan_vdhankar #####
INPUT for vdhankar:
GAME
WHITE
27.6798913478851
...W...W
b.....W.
........
w.w.....
........
........
.......B
........
##### Running: /usr/bin/time -o time_21_glduncan_vdhankar.txt -f "%U" python3 homework.py > stulog.txt 2>&1 on vdhankar #####
child exited with value 1
##### ERROR: /usr/bin/time -o time_21_glduncan_vdhankar.txt -f "%U" python3 homework.py > stulog.txt 2>&1 on vdhankar #####
##### Output of failed program (stdout + stderr): #####
Traceback (most recent call last):
  File "homework.py", line 546, in <module>
    print(end-start)
NameError: name 'end' is not defined
##### End of output of failed program #####
##### vdhankar plays [E c5 d6] in 1.57604479789734s #####
##### Running: /usr/lib/jvm/jdk-14.0.1/bin/java -jar /lab/itti/projects/checkers-competition/server/referee.jar on run_21_glduncan_vdhankar #####
Move is valid
##### SUCCESS: /usr/lib/jvm/jdk-14.0.1/bin/java -jar /lab/itti/projects/checkers-competition/server/referee.jar on run_21_glduncan_vdhankar #####
INPUT for glduncan:
GAME
BLACK
270.53
...W...W
b.....W.
...w....
w.......
........
........
.......B
........
##### Running: /usr/bin/time -o time_21_glduncan_vdhankar.txt -f "%U" python3 homework.py > stulog.txt 2>&1 on glduncan #####
##### SUCCESS: /usr/bin/time -o time_21_glduncan_vdhankar.txt -f "%U" python3 homework.py > stulog.txt 2>&1 on glduncan #####
##### glduncan plays [E h2 g3] in 0.17s #####
##### Running: /usr/lib/jvm/jdk-14.0.1/bin/java -jar /lab/itti/projects/checkers-competition/server/referee.jar on run_21_glduncan_vdhankar #####
Move is valid
##### SUCCESS: /usr/lib/jvm/jdk-14.0.1/bin/java -jar /lab/itti/projects/checkers-competition/server/referee.jar on run_21_glduncan_vdhankar #####
INPUT for vdhankar:
GAME
WHITE
26.1038465499878
...W...W
b.....W.
...w....
w.......
........
......B.
........
........
##### Running: /usr/bin/time -o time_21_glduncan_vdhankar.txt -f "%U" python3 homework.py > stulog.txt 2>&1 on vdhankar #####
child exited with value 1
##### ERROR: /usr/bin/time -o time_21_glduncan_vdhankar.txt -f "%U" python3 homework.py > stulog.txt 2>&1 on vdhankar #####
##### Output of failed program (stdout + stderr): #####
Traceback (most recent call last):
  File "homework.py", line 546, in <module>
    print(end-start)
NameError: name 'end' is not defined
##### End of output of failed program #####
##### vdhankar plays [E d6 e7] in 1.22215700149536s #####
##### Running: /usr/lib/jvm/jdk-14.0.1/bin/java -jar /lab/itti/projects/checkers-competition/server/referee.jar on run_21_glduncan_vdhankar #####
Move is valid
##### SUCCESS: /usr/lib/jvm/jdk-14.0.1/bin/java -jar /lab/itti/projects/checkers-competition/server/referee.jar on run_21_glduncan_vdhankar #####
INPUT for glduncan:
GAME
BLACK
270.36
...W...W
b...w.W.
........
w.......
........
......B.
........
........
##### Running: /usr/bin/time -o time_21_glduncan_vdhankar.txt -f "%U" python3 homework.py > stulog.txt 2>&1 on glduncan #####
##### SUCCESS: /usr/bin/time -o time_21_glduncan_vdhankar.txt -f "%U" python3 homework.py > stulog.txt 2>&1 on glduncan #####
##### glduncan plays [E g3 h4] in 0.24s #####
##### Running: /usr/lib/jvm/jdk-14.0.1/bin/java -jar /lab/itti/projects/checkers-competition/server/referee.jar on run_21_glduncan_vdhankar #####
Move is valid
##### SUCCESS: /usr/lib/jvm/jdk-14.0.1/bin/java -jar /lab/itti/projects/checkers-competition/server/referee.jar on run_21_glduncan_vdhankar #####
INPUT for vdhankar:
GAME
WHITE
24.8816895484924
...W...W
b...w.W.
........
w.......
.......B
........
........
........
##### Running: /usr/bin/time -o time_21_glduncan_vdhankar.txt -f "%U" python3 homework.py > stulog.txt 2>&1 on vdhankar #####
child exited with value 1
##### ERROR: /usr/bin/time -o time_21_glduncan_vdhankar.txt -f "%U" python3 homework.py > stulog.txt 2>&1 on vdhankar #####
##### Output of failed program (stdout + stderr): #####
Traceback (most recent call last):
  File "homework.py", line 546, in <module>
    print(end-start)
NameError: name 'end' is not defined
##### End of output of failed program #####
##### vdhankar plays [E e7 f8] in 0.232847929000854s #####
##### Running: /usr/lib/jvm/jdk-14.0.1/bin/java -jar /lab/itti/projects/checkers-competition/server/referee.jar on run_21_glduncan_vdhankar #####
Move is valid
##### SUCCESS: /usr/lib/jvm/jdk-14.0.1/bin/java -jar /lab/itti/projects/checkers-competition/server/referee.jar on run_21_glduncan_vdhankar #####
INPUT for glduncan:
GAME
BLACK
270.12
...W.W.W
b.....W.
........
w.......
.......B
........
........
........
##### Running: /usr/bin/time -o time_21_glduncan_vdhankar.txt -f "%U" python3 homework.py > stulog.txt 2>&1 on glduncan #####
##### SUCCESS: /usr/bin/time -o time_21_glduncan_vdhankar.txt -f "%U" python3 homework.py > stulog.txt 2>&1 on glduncan #####
##### glduncan plays [E h4 g5] in 0.16s #####
##### Running: /usr/lib/jvm/jdk-14.0.1/bin/java -jar /lab/itti/projects/checkers-competition/server/referee.jar on run_21_glduncan_vdhankar #####
Move is valid
##### SUCCESS: /usr/lib/jvm/jdk-14.0.1/bin/java -jar /lab/itti/projects/checkers-competition/server/referee.jar on run_21_glduncan_vdhankar #####
INPUT for vdhankar:
GAME
WHITE
24.6488416194916
...W.W.W
b.....W.
........
w.....B.
........
........
........
........
##### Running: /usr/bin/time -o time_21_glduncan_vdhankar.txt -f "%U" python3 homework.py > stulog.txt 2>&1 on vdhankar #####
child exited with value 1
##### ERROR: /usr/bin/time -o time_21_glduncan_vdhankar.txt -f "%U" python3 homework.py > stulog.txt 2>&1 on vdhankar #####
##### Output of failed program (stdout + stderr): #####
Traceback (most recent call last):
  File "homework.py", line 546, in <module>
    print(end-start)
NameError: name 'end' is not defined
##### End of output of failed program #####
##### vdhankar plays [E d8 e7] in 0.241734981536865s #####
##### Running: /usr/lib/jvm/jdk-14.0.1/bin/java -jar /lab/itti/projects/checkers-competition/server/referee.jar on run_21_glduncan_vdhankar #####
Move is valid
##### SUCCESS: /usr/lib/jvm/jdk-14.0.1/bin/java -jar /lab/itti/projects/checkers-competition/server/referee.jar on run_21_glduncan_vdhankar #####
INPUT for glduncan:
GAME
BLACK
269.96
.....W.W
b...W.W.
........
w.....B.
........
........
........
........
##### Running: /usr/bin/time -o time_21_glduncan_vdhankar.txt -f "%U" python3 homework.py > stulog.txt 2>&1 on glduncan #####
##### SUCCESS: /usr/bin/time -o time_21_glduncan_vdhankar.txt -f "%U" python3 homework.py > stulog.txt 2>&1 on glduncan #####
##### glduncan plays [E g5 f6] in 0.17s #####
##### Running: /usr/lib/jvm/jdk-14.0.1/bin/java -jar /lab/itti/projects/checkers-competition/server/referee.jar on run_21_glduncan_vdhankar #####
Move is valid
##### SUCCESS: /usr/lib/jvm/jdk-14.0.1/bin/java -jar /lab/itti/projects/checkers-competition/server/referee.jar on run_21_glduncan_vdhankar #####
INPUT for vdhankar:
GAME
WHITE
24.4071066379547
.....W.W
b...W.W.
.....B..
w.......
........
........
........
........
##### Running: /usr/bin/time -o time_21_glduncan_vdhankar.txt -f "%U" python3 homework.py > stulog.txt 2>&1 on vdhankar #####
child exited with value 1
##### ERROR: /usr/bin/time -o time_21_glduncan_vdhankar.txt -f "%U" python3 homework.py > stulog.txt 2>&1 on vdhankar #####
##### Output of failed program (stdout + stderr): #####
Traceback (most recent call last):
  File "homework.py", line 546, in <module>
    print(end-start)
NameError: name 'end' is not defined
##### End of output of failed program #####
##### vdhankar plays [J e7 g5] in 0.206146001815796s #####
##### Running: /usr/lib/jvm/jdk-14.0.1/bin/java -jar /lab/itti/projects/checkers-competition/server/referee.jar on run_21_glduncan_vdhankar #####
Move is valid
##### SUCCESS: /usr/lib/jvm/jdk-14.0.1/bin/java -jar /lab/itti/projects/checkers-competition/server/referee.jar on run_21_glduncan_vdhankar #####
INPUT for glduncan:
GAME
BLACK
269.79
.....W.W
b.....W.
........
w.....W.
........
........
........
........
##### Running: /usr/bin/time -o time_21_glduncan_vdhankar.txt -f "%U" python3 homework.py > stulog.txt 2>&1 on glduncan #####
##### SUCCESS: /usr/bin/time -o time_21_glduncan_vdhankar.txt -f "%U" python3 homework.py > stulog.txt 2>&1 on glduncan #####
##### glduncan plays [E a7 b6] in 0.02s #####
##### Running: /usr/lib/jvm/jdk-14.0.1/bin/java -jar /lab/itti/projects/checkers-competition/server/referee.jar on run_21_glduncan_vdhankar #####
Move is valid
##### SUCCESS: /usr/lib/jvm/jdk-14.0.1/bin/java -jar /lab/itti/projects/checkers-competition/server/referee.jar on run_21_glduncan_vdhankar #####
INPUT for vdhankar:
GAME
WHITE
24.2009606361389
.....W.W
......W.
.b......
w.....W.
........
........
........
........
##### Running: /usr/bin/time -o time_21_glduncan_vdhankar.txt -f "%U" python3 homework.py > stulog.txt 2>&1 on vdhankar #####
child exited with value 1
##### ERROR: /usr/bin/time -o time_21_glduncan_vdhankar.txt -f "%U" python3 homework.py > stulog.txt 2>&1 on vdhankar #####
##### Output of failed program (stdout + stderr): #####
Traceback (most recent call last):
  File "homework.py", line 546, in <module>
    print(end-start)
NameError: name 'end' is not defined
##### End of output of failed program #####
##### vdhankar plays [J a5 c7] in 0.204968929290771s #####
##### Running: /usr/lib/jvm/jdk-14.0.1/bin/java -jar /lab/itti/projects/checkers-competition/server/referee.jar on run_21_glduncan_vdhankar #####
Move is valid
After this move, player BLACK cannot make any moves
*** Winner: WHITE ***
##### SUCCESS: /usr/lib/jvm/jdk-14.0.1/bin/java -jar /lab/itti/projects/checkers-competition/server/referee.jar on run_21_glduncan_vdhankar #####
##### GAME OVER: vdhankar wins the game! #####
Server said: WIN
########## ROUND 21 GAMESCORE AFTER GAME 2: glduncan=1 and vdhankar=1 ##########
#################### ROUND 21: glduncan (W) vs vdhankar (B): game 3 ####################
##### game start! #####
INPUT for vdhankar:
GAME
BLACK
300
.b.b.b.b
b.b.b.b.
.b.b.b.b
........
........
w.w.w.w.
.w.w.w.w
w.w.w.w.
##### Running: /usr/bin/time -o time_21_glduncan_vdhankar.txt -f "%U" python3 homework.py > stulog.txt 2>&1 on vdhankar #####
child exited with value 1
##### ERROR: /usr/bin/time -o time_21_glduncan_vdhankar.txt -f "%U" python3 homework.py > stulog.txt 2>&1 on vdhankar #####
##### Output of failed program (stdout + stderr): #####
Traceback (most recent call last):
  File "homework.py", line 546, in <module>
    print(end-start)
NameError: name 'end' is not defined
##### End of output of failed program #####
##### vdhankar plays [E h6 g5] in 6.28790307044983s #####
##### Running: /usr/lib/jvm/jdk-14.0.1/bin/java -jar /lab/itti/projects/checkers-competition/server/referee.jar on run_21_glduncan_vdhankar #####
Move is valid
Couldn't read file 'current_ply.txt'
Couldn't read content from file 'current_ply.txt'
Couldn't read file 'lastmatchange_ply.txt'
Couldn't read content from file 'lastmatchange_ply.txt'
##### SUCCESS: /usr/lib/jvm/jdk-14.0.1/bin/java -jar /lab/itti/projects/checkers-competition/server/referee.jar on run_21_glduncan_vdhankar #####
INPUT for glduncan:
GAME
WHITE
300
.b.b.b.b
b.b.b.b.
.b.b.b..
......b.
........
w.w.w.w.
.w.w.w.w
w.w.w.w.
##### Running: /usr/bin/time -o time_21_glduncan_vdhankar.txt -f "%U" python3 homework.py > stulog.txt 2>&1 on glduncan #####
##### SUCCESS: /usr/bin/time -o time_21_glduncan_vdhankar.txt -f "%U" python3 homework.py > stulog.txt 2>&1 on glduncan #####
##### glduncan plays [E e3 f4] in 0.02s #####
##### Running: /usr/lib/jvm/jdk-14.0.1/bin/java -jar /lab/itti/projects/checkers-competition/server/referee.jar on run_21_glduncan_vdhankar #####
Move is valid
##### SUCCESS: /usr/lib/jvm/jdk-14.0.1/bin/java -jar /lab/itti/projects/checkers-competition/server/referee.jar on run_21_glduncan_vdhankar #####
INPUT for vdhankar:
GAME
BLACK
293.71209692955
.b.b.b.b
b.b.b.b.
.b.b.b..
......b.
.....w..
w.w...w.
.w.w.w.w
w.w.w.w.
##### Running: /usr/bin/time -o time_21_glduncan_vdhankar.txt -f "%U" python3 homework.py > stulog.txt 2>&1 on vdhankar #####
child exited with value 1
##### ERROR: /usr/bin/time -o time_21_glduncan_vdhankar.txt -f "%U" python3 homework.py > stulog.txt 2>&1 on vdhankar #####
##### Output of failed program (stdout + stderr): #####
Traceback (most recent call last):
  File "homework.py", line 546, in <module>
    print(end-start)
NameError: name 'end' is not defined
##### End of output of failed program #####
##### vdhankar plays [J g5 e3] in 1.65834498405457s #####
##### Running: /usr/lib/jvm/jdk-14.0.1/bin/java -jar /lab/itti/projects/checkers-competition/server/referee.jar on run_21_glduncan_vdhankar #####
Move is valid
##### SUCCESS: /usr/lib/jvm/jdk-14.0.1/bin/java -jar /lab/itti/projects/checkers-competition/server/referee.jar on run_21_glduncan_vdhankar #####
INPUT for glduncan:
GAME
WHITE
299.98
.b.b.b.b
b.b.b.b.
.b.b.b..
........
........
w.w.b.w.
.w.w.w.w
w.w.w.w.
##### Running: /usr/bin/time -o time_21_glduncan_vdhankar.txt -f "%U" python3 homework.py > stulog.txt 2>&1 on glduncan #####
##### SUCCESS: /usr/bin/time -o time_21_glduncan_vdhankar.txt -f "%U" python3 homework.py > stulog.txt 2>&1 on glduncan #####
##### glduncan plays [J f2 d4] in 0.55s #####
##### Running: /usr/lib/jvm/jdk-14.0.1/bin/java -jar /lab/itti/projects/checkers-competition/server/referee.jar on run_21_glduncan_vdhankar #####
Move is valid
##### SUCCESS: /usr/lib/jvm/jdk-14.0.1/bin/java -jar /lab/itti/projects/checkers-competition/server/referee.jar on run_21_glduncan_vdhankar #####
INPUT for vdhankar:
GAME
BLACK
292.053751945496
.b.b.b.b
b.b.b.b.
.b.b.b..
........
...w....
w.w...w.
.w.w...w
w.w.w.w.
##### Running: /usr/bin/time -o time_21_glduncan_vdhankar.txt -f "%U" python3 homework.py > stulog.txt 2>&1 on vdhankar #####
child exited with value 1
##### ERROR: /usr/bin/time -o time_21_glduncan_vdhankar.txt -f "%U" python3 homework.py > stulog.txt 2>&1 on vdhankar #####
##### Output of failed program (stdout + stderr): #####
Traceback (most recent call last):
  File "homework.py", line 546, in <module>
    print(end-start)
NameError: name 'end' is not defined
##### End of output of failed program #####
##### vdhankar plays [E f6 e5] in 4.29266691207886s #####
##### Running: /usr/lib/jvm/jdk-14.0.1/bin/java -jar /lab/itti/projects/checkers-competition/server/referee.jar on run_21_glduncan_vdhankar #####
Move is valid
##### SUCCESS: /usr/lib/jvm/jdk-14.0.1/bin/java -jar /lab/itti/projects/checkers-competition/server/referee.jar on run_21_glduncan_vdhankar #####
INPUT for glduncan:
GAME
WHITE
299.43
.b.b.b.b
b.b.b.b.
.b.b....
....b...
...w....
w.w...w.
.w.w...w
w.w.w.w.
##### Running: /usr/bin/time -o time_21_glduncan_vdhankar.txt -f "%U" python3 homework.py > stulog.txt 2>&1 on glduncan #####
##### SUCCESS: /usr/bin/time -o time_21_glduncan_vdhankar.txt -f "%U" python3 homework.py > stulog.txt 2>&1 on glduncan #####
##### glduncan plays [J d4 f6] in 0.14s #####
##### Running: /usr/lib/jvm/jdk-14.0.1/bin/java -jar /lab/itti/projects/checkers-competition/server/referee.jar on run_21_glduncan_vdhankar #####
Move is valid
##### SUCCESS: /usr/lib/jvm/jdk-14.0.1/bin/java -jar /lab/itti/projects/checkers-competition/server/referee.jar on run_21_glduncan_vdhankar #####
INPUT for vdhankar:
GAME
BLACK
287.761085033417
.b.b.b.b
b.b.b.b.
.b.b.w..
........
........
w.w...w.
.w.w...w
w.w.w.w.
##### Running: /usr/bin/time -o time_21_glduncan_vdhankar.txt -f "%U" python3 homework.py > stulog.txt 2>&1 on vdhankar #####
child exited with value 1
##### ERROR: /usr/bin/time -o time_21_glduncan_vdhankar.txt -f "%U" python3 homework.py > stulog.txt 2>&1 on vdhankar #####
##### Output of failed program (stdout + stderr): #####
Traceback (most recent call last):
  File "homework.py", line 546, in <module>
    print(end-start)
NameError: name 'end' is not defined
##### End of output of failed program #####
##### vdhankar plays [J g7 e5] in 10.8843638896942s #####
##### Running: /usr/lib/jvm/jdk-14.0.1/bin/java -jar /lab/itti/projects/checkers-competition/server/referee.jar on run_21_glduncan_vdhankar #####
Move is valid
##### SUCCESS: /usr/lib/jvm/jdk-14.0.1/bin/java -jar /lab/itti/projects/checkers-competition/server/referee.jar on run_21_glduncan_vdhankar #####
INPUT for glduncan:
GAME
WHITE
299.29
.b.b.b.b
b.b.b...
.b.b....
....b...
........
w.w...w.
.w.w...w
w.w.w.w.
##### Running: /usr/bin/time -o time_21_glduncan_vdhankar.txt -f "%U" python3 homework.py > stulog.txt 2>&1 on glduncan #####
##### SUCCESS: /usr/bin/time -o time_21_glduncan_vdhankar.txt -f "%U" python3 homework.py > stulog.txt 2>&1 on glduncan #####
##### glduncan plays [E g1 f2] in 1.56s #####
##### Running: /usr/lib/jvm/jdk-14.0.1/bin/java -jar /lab/itti/projects/checkers-competition/server/referee.jar on run_21_glduncan_vdhankar #####
Move is valid
##### SUCCESS: /usr/lib/jvm/jdk-14.0.1/bin/java -jar /lab/itti/projects/checkers-competition/server/referee.jar on run_21_glduncan_vdhankar #####
INPUT for vdhankar:
GAME
BLACK
276.876721143723
.b.b.b.b
b.b.b...
.b.b....
....b...
........
w.w...w.
.w.w.w.w
w.w.w...
##### Running: /usr/bin/time -o time_21_glduncan_vdhankar.txt -f "%U" python3 homework.py > stulog.txt 2>&1 on vdhankar #####
child exited with value 1
##### ERROR: /usr/bin/time -o time_21_glduncan_vdhankar.txt -f "%U" python3 homework.py > stulog.txt 2>&1 on vdhankar #####
##### Output of failed program (stdout + stderr): #####
Traceback (most recent call last):
  File "homework.py", line 546, in <module>
    print(end-start)
NameError: name 'end' is not defined
##### End of output of failed program #####
##### vdhankar plays [E e5 f4] in 17.0001580715179s #####
##### Running: /usr/lib/jvm/jdk-14.0.1/bin/java -jar /lab/itti/projects/checkers-competition/server/referee.jar on run_21_glduncan_vdhankar #####
Move is valid
##### SUCCESS: /usr/lib/jvm/jdk-14.0.1/bin/java -jar /lab/itti/projects/checkers-competition/server/referee.jar on run_21_glduncan_vdhankar #####
INPUT for glduncan:
GAME
WHITE
297.73
.b.b.b.b
b.b.b...
.b.b....
........
.....b..
w.w...w.
.w.w.w.w
w.w.w...
##### Running: /usr/bin/time -o time_21_glduncan_vdhankar.txt -f "%U" python3 homework.py > stulog.txt 2>&1 on glduncan #####
##### SUCCESS: /usr/bin/time -o time_21_glduncan_vdhankar.txt -f "%U" python3 homework.py > stulog.txt 2>&1 on glduncan #####
##### glduncan plays [J g3 e5] in 0.08s #####
##### Running: /usr/lib/jvm/jdk-14.0.1/bin/java -jar /lab/itti/projects/checkers-competition/server/referee.jar on run_21_glduncan_vdhankar #####
Move is valid
##### SUCCESS: /usr/lib/jvm/jdk-14.0.1/bin/java -jar /lab/itti/projects/checkers-competition/server/referee.jar on run_21_glduncan_vdhankar #####
INPUT for vdhankar:
GAME
BLACK
259.876563072205
.b.b.b.b
b.b.b...
.b.b....
....w...
........
w.w.....
.w.w.w.w
w.w.w...
##### Running: /usr/bin/time -o time_21_glduncan_vdhankar.txt -f "%U" python3 homework.py > stulog.txt 2>&1 on vdhankar #####
child exited with value 1
##### ERROR: /usr/bin/time -o time_21_glduncan_vdhankar.txt -f "%U" python3 homework.py > stulog.txt 2>&1 on vdhankar #####
##### Output of failed program (stdout + stderr): #####
Traceback (most recent call last):
  File "homework.py", line 546, in <module>
    print(end-start)
NameError: name 'end' is not defined
##### End of output of failed program #####
##### vdhankar plays [J d6 f4] in 3.06694102287292s #####
##### Running: /usr/lib/jvm/jdk-14.0.1/bin/java -jar /lab/itti/projects/checkers-competition/server/referee.jar on run_21_glduncan_vdhankar #####
Move is valid
##### SUCCESS: /usr/lib/jvm/jdk-14.0.1/bin/java -jar /lab/itti/projects/checkers-competition/server/referee.jar on run_21_glduncan_vdhankar #####
INPUT for glduncan:
GAME
WHITE
297.65
.b.b.b.b
b.b.b...
.b......
........
.....b..
w.w.....
.w.w.w.w
w.w.w...
##### Running: /usr/bin/time -o time_21_glduncan_vdhankar.txt -f "%U" python3 homework.py > stulog.txt 2>&1 on glduncan #####
##### SUCCESS: /usr/bin/time -o time_21_glduncan_vdhankar.txt -f "%U" python3 homework.py > stulog.txt 2>&1 on glduncan #####
##### glduncan plays [E f2 e3] in 1s #####
##### Running: /usr/lib/jvm/jdk-14.0.1/bin/java -jar /lab/itti/projects/checkers-competition/server/referee.jar on run_21_glduncan_vdhankar #####
Move is valid
##### SUCCESS: /usr/lib/jvm/jdk-14.0.1/bin/java -jar /lab/itti/projects/checkers-competition/server/referee.jar on run_21_glduncan_vdhankar #####
INPUT for vdhankar:
GAME
BLACK
256.809622049332
.b.b.b.b
b.b.b...
.b......
........
.....b..
w.w.w...
.w.w...w
w.w.w...
##### Running: /usr/bin/time -o time_21_glduncan_vdhankar.txt -f "%U" python3 homework.py > stulog.txt 2>&1 on vdhankar #####
child exited with value 1
##### ERROR: /usr/bin/time -o time_21_glduncan_vdhankar.txt -f "%U" python3 homework.py > stulog.txt 2>&1 on vdhankar #####
##### Output of failed program (stdout + stderr): #####
Traceback (most recent call last):
  File "homework.py", line 546, in <module>
    print(end-start)
NameError: name 'end' is not defined
##### End of output of failed program #####
##### vdhankar plays [E b6 c5] in 4.18756794929504s #####
##### Running: /usr/lib/jvm/jdk-14.0.1/bin/java -jar /lab/itti/projects/checkers-competition/server/referee.jar on run_21_glduncan_vdhankar #####
Move is valid
##### SUCCESS: /usr/lib/jvm/jdk-14.0.1/bin/java -jar /lab/itti/projects/checkers-competition/server/referee.jar on run_21_glduncan_vdhankar #####
INPUT for glduncan:
GAME
WHITE
296.65
.b.b.b.b
b.b.b...
........
..b.....
.....b..
w.w.w...
.w.w...w
w.w.w...
##### Running: /usr/bin/time -o time_21_glduncan_vdhankar.txt -f "%U" python3 homework.py > stulog.txt 2>&1 on glduncan #####
##### SUCCESS: /usr/bin/time -o time_21_glduncan_vdhankar.txt -f "%U" python3 homework.py > stulog.txt 2>&1 on glduncan #####
##### glduncan plays [J e3 g5] in 0.31s #####
##### Running: /usr/lib/jvm/jdk-14.0.1/bin/java -jar /lab/itti/projects/checkers-competition/server/referee.jar on run_21_glduncan_vdhankar #####
Move is valid
##### SUCCESS: /usr/lib/jvm/jdk-14.0.1/bin/java -jar /lab/itti/projects/checkers-competition/server/referee.jar on run_21_glduncan_vdhankar #####
INPUT for vdhankar:
GAME
BLACK
252.622054100037
.b.b.b.b
b.b.b...
........
..b...w.
........
w.w.....
.w.w...w
w.w.w...
##### Running: /usr/bin/time -o time_21_glduncan_vdhankar.txt -f "%U" python3 homework.py > stulog.txt 2>&1 on vdhankar #####
child exited with value 1
##### ERROR: /usr/bin/time -o time_21_glduncan_vdhankar.txt -f "%U" python3 homework.py > stulog.txt 2>&1 on vdhankar #####
##### Output of failed program (stdout + stderr): #####
Traceback (most recent call last):
  File "homework.py", line 546, in <module>
    print(end-start)
NameError: name 'end' is not defined
##### End of output of failed program #####
##### vdhankar plays [E e7 d6] in 14.5330469608307s #####
##### Running: /usr/lib/jvm/jdk-14.0.1/bin/java -jar /lab/itti/projects/checkers-competition/server/referee.jar on run_21_glduncan_vdhankar #####
Move is valid
##### SUCCESS: /usr/lib/jvm/jdk-14.0.1/bin/java -jar /lab/itti/projects/checkers-competition/server/referee.jar on run_21_glduncan_vdhankar #####
INPUT for glduncan:
GAME
WHITE
296.34
.b.b.b.b
b.b.....
...b....
..b...w.
........
w.w.....
.w.w...w
w.w.w...
##### Running: /usr/bin/time -o time_21_glduncan_vdhankar.txt -f "%U" python3 homework.py > stulog.txt 2>&1 on glduncan #####
##### SUCCESS: /usr/bin/time -o time_21_glduncan_vdhankar.txt -f "%U" python3 homework.py > stulog.txt 2>&1 on glduncan #####
##### glduncan plays [E e1 f2] in 1.65s #####
##### Running: /usr/lib/jvm/jdk-14.0.1/bin/java -jar /lab/itti/projects/checkers-competition/server/referee.jar on run_21_glduncan_vdhankar #####
Move is valid
##### SUCCESS: /usr/lib/jvm/jdk-14.0.1/bin/java -jar /lab/itti/projects/checkers-competition/server/referee.jar on run_21_glduncan_vdhankar #####
INPUT for vdhankar:
GAME
BLACK
238.089007139206
.b.b.b.b
b.b.....
...b....
..b...w.
........
w.w.....
.w.w.w.w
w.w.....
##### Running: /usr/bin/time -o time_21_glduncan_vdhankar.txt -f "%U" python3 homework.py > stulog.txt 2>&1 on vdhankar #####
child exited with value 1
##### ERROR: /usr/bin/time -o time_21_glduncan_vdhankar.txt -f "%U" python3 homework.py > stulog.txt 2>&1 on vdhankar #####
##### Output of failed program (stdout + stderr): #####
Traceback (most recent call last):
  File "homework.py", line 546, in <module>
    print(end-start)
NameError: name 'end' is not defined
##### End of output of failed program #####
##### vdhankar plays [E d6 e5] in 35.4116849899292s #####
##### Running: /usr/lib/jvm/jdk-14.0.1/bin/java -jar /lab/itti/projects/checkers-competition/server/referee.jar on run_21_glduncan_vdhankar #####
Move is valid
##### SUCCESS: /usr/lib/jvm/jdk-14.0.1/bin/java -jar /lab/itti/projects/checkers-competition/server/referee.jar on run_21_glduncan_vdhankar #####
INPUT for glduncan:
GAME
WHITE
294.69
.b.b.b.b
b.b.....
........
..b.b.w.
........
w.w.....
.w.w.w.w
w.w.....
##### Running: /usr/bin/time -o time_21_glduncan_vdhankar.txt -f "%U" python3 homework.py > stulog.txt 2>&1 on glduncan #####
##### SUCCESS: /usr/bin/time -o time_21_glduncan_vdhankar.txt -f "%U" python3 homework.py > stulog.txt 2>&1 on glduncan #####
##### glduncan plays [E h2 g3] in 2.42s #####
##### Running: /usr/lib/jvm/jdk-14.0.1/bin/java -jar /lab/itti/projects/checkers-competition/server/referee.jar on run_21_glduncan_vdhankar #####
Move is valid
##### SUCCESS: /usr/lib/jvm/jdk-14.0.1/bin/java -jar /lab/itti/projects/checkers-competition/server/referee.jar on run_21_glduncan_vdhankar #####
INPUT for vdhankar:
GAME
BLACK
202.677322149277
.b.b.b.b
b.b.....
........
..b.b.w.
........
w.w...w.
.w.w.w..
w.w.....
##### Running: /usr/bin/time -o time_21_glduncan_vdhankar.txt -f "%U" python3 homework.py > stulog.txt 2>&1 on vdhankar #####
child exited with value 1
##### ERROR: /usr/bin/time -o time_21_glduncan_vdhankar.txt -f "%U" python3 homework.py > stulog.txt 2>&1 on vdhankar #####
##### Output of failed program (stdout + stderr): #####
Traceback (most recent call last):
  File "homework.py", line 546, in <module>
    print(end-start)
NameError: name 'end' is not defined
##### End of output of failed program #####
##### vdhankar plays [E c5 b4] in 24.0827629566193s #####
##### Running: /usr/lib/jvm/jdk-14.0.1/bin/java -jar /lab/itti/projects/checkers-competition/server/referee.jar on run_21_glduncan_vdhankar #####
Move is valid
##### SUCCESS: /usr/lib/jvm/jdk-14.0.1/bin/java -jar /lab/itti/projects/checkers-competition/server/referee.jar on run_21_glduncan_vdhankar #####
INPUT for glduncan:
GAME
WHITE
292.27
.b.b.b.b
b.b.....
........
....b.w.
.b......
w.w...w.
.w.w.w..
w.w.....
##### Running: /usr/bin/time -o time_21_glduncan_vdhankar.txt -f "%U" python3 homework.py > stulog.txt 2>&1 on glduncan #####
##### SUCCESS: /usr/bin/time -o time_21_glduncan_vdhankar.txt -f "%U" python3 homework.py > stulog.txt 2>&1 on glduncan #####
##### glduncan plays [J c3 a5] in 0.74s #####
##### Running: /usr/lib/jvm/jdk-14.0.1/bin/java -jar /lab/itti/projects/checkers-competition/server/referee.jar on run_21_glduncan_vdhankar #####
Move is valid
##### SUCCESS: /usr/lib/jvm/jdk-14.0.1/bin/java -jar /lab/itti/projects/checkers-competition/server/referee.jar on run_21_glduncan_vdhankar #####
INPUT for vdhankar:
GAME
BLACK
178.594559192657
.b.b.b.b
b.b.....
........
w...b.w.
........
w.....w.
.w.w.w..
w.w.....
##### Running: /usr/bin/time -o time_21_glduncan_vdhankar.txt -f "%U" python3 homework.py > stulog.txt 2>&1 on vdhankar #####
child exited with value 1
##### ERROR: /usr/bin/time -o time_21_glduncan_vdhankar.txt -f "%U" python3 homework.py > stulog.txt 2>&1 on vdhankar #####
##### Output of failed program (stdout + stderr): #####
Traceback (most recent call last):
  File "homework.py", line 546, in <module>
    print(end-start)
NameError: name 'end' is not defined
##### End of output of failed program #####
##### vdhankar plays [E e5 d4] in 36.891871213913s #####
##### Running: /usr/lib/jvm/jdk-14.0.1/bin/java -jar /lab/itti/projects/checkers-competition/server/referee.jar on run_21_glduncan_vdhankar #####
Move is valid
##### SUCCESS: /usr/lib/jvm/jdk-14.0.1/bin/java -jar /lab/itti/projects/checkers-competition/server/referee.jar on run_21_glduncan_vdhankar #####
INPUT for glduncan:
GAME
WHITE
291.53
.b.b.b.b
b.b.....
........
w.....w.
...b....
w.....w.
.w.w.w..
w.w.....
##### Running: /usr/bin/time -o time_21_glduncan_vdhankar.txt -f "%U" python3 homework.py > stulog.txt 2>&1 on glduncan #####
##### SUCCESS: /usr/bin/time -o time_21_glduncan_vdhankar.txt -f "%U" python3 homework.py > stulog.txt 2>&1 on glduncan #####
##### glduncan plays [E d2 c3] in 1.58s #####
##### Running: /usr/lib/jvm/jdk-14.0.1/bin/java -jar /lab/itti/projects/checkers-competition/server/referee.jar on run_21_glduncan_vdhankar #####
Move is valid
##### SUCCESS: /usr/lib/jvm/jdk-14.0.1/bin/java -jar /lab/itti/projects/checkers-competition/server/referee.jar on run_21_glduncan_vdhankar #####
INPUT for vdhankar:
GAME
BLACK
141.702687978745
.b.b.b.b
b.b.....
........
w.....w.
...b....
w.w...w.
.w...w..
w.w.....
##### Running: /usr/bin/time -o time_21_glduncan_vdhankar.txt -f "%U" python3 homework.py > stulog.txt 2>&1 on vdhankar #####
child exited with value 1
##### ERROR: /usr/bin/time -o time_21_glduncan_vdhankar.txt -f "%U" python3 homework.py > stulog.txt 2>&1 on vdhankar #####
##### Output of failed program (stdout + stderr): #####
Traceback (most recent call last):
  File "homework.py", line 546, in <module>
    print(end-start)
NameError: name 'end' is not defined
##### End of output of failed program #####
##### vdhankar plays [E h8 g7] in 0.920774221420288s #####
##### Running: /usr/lib/jvm/jdk-14.0.1/bin/java -jar /lab/itti/projects/checkers-competition/server/referee.jar on run_21_glduncan_vdhankar #####
Move is valid
##### SUCCESS: /usr/lib/jvm/jdk-14.0.1/bin/java -jar /lab/itti/projects/checkers-competition/server/referee.jar on run_21_glduncan_vdhankar #####
INPUT for glduncan:
GAME
WHITE
289.95
.b.b.b..
b.b...b.
........
w.....w.
...b....
w.w...w.
.w...w..
w.w.....
##### Running: /usr/bin/time -o time_21_glduncan_vdhankar.txt -f "%U" python3 homework.py > stulog.txt 2>&1 on glduncan #####
##### SUCCESS: /usr/bin/time -o time_21_glduncan_vdhankar.txt -f "%U" python3 homework.py > stulog.txt 2>&1 on glduncan #####
##### glduncan plays [J c3 e5] in 0.24s #####
##### Running: /usr/lib/jvm/jdk-14.0.1/bin/java -jar /lab/itti/projects/checkers-competition/server/referee.jar on run_21_glduncan_vdhankar #####
Move is valid
##### SUCCESS: /usr/lib/jvm/jdk-14.0.1/bin/java -jar /lab/itti/projects/checkers-competition/server/referee.jar on run_21_glduncan_vdhankar #####
INPUT for vdhankar:
GAME
BLACK
140.781913757324
.b.b.b..
b.b...b.
........
w...w.w.
........
w.....w.
.w...w..
w.w.....
##### Running: /usr/bin/time -o time_21_glduncan_vdhankar.txt -f "%U" python3 homework.py > stulog.txt 2>&1 on vdhankar #####
child exited with value 1
##### ERROR: /usr/bin/time -o time_21_glduncan_vdhankar.txt -f "%U" python3 homework.py > stulog.txt 2>&1 on vdhankar #####
##### Output of failed program (stdout + stderr): #####
Traceback (most recent call last):
  File "homework.py", line 546, in <module>
    print(end-start)
NameError: name 'end' is not defined
##### End of output of failed program #####
##### vdhankar plays [E g7 f6] in 7.23812699317932s #####
##### Running: /usr/lib/jvm/jdk-14.0.1/bin/java -jar /lab/itti/projects/checkers-competition/server/referee.jar on run_21_glduncan_vdhankar #####
Move is valid
##### SUCCESS: /usr/lib/jvm/jdk-14.0.1/bin/java -jar /lab/itti/projects/checkers-competition/server/referee.jar on run_21_glduncan_vdhankar #####
INPUT for glduncan:
GAME
WHITE
289.71
.b.b.b..
b.b.....
.....b..
w...w.w.
........
w.....w.
.w...w..
w.w.....
##### Running: /usr/bin/time -o time_21_glduncan_vdhankar.txt -f "%U" python3 homework.py > stulog.txt 2>&1 on glduncan #####
##### SUCCESS: /usr/bin/time -o time_21_glduncan_vdhankar.txt -f "%U" python3 homework.py > stulog.txt 2>&1 on glduncan #####
##### glduncan plays [J g5 e7] in 0.29s #####
##### Running: /usr/lib/jvm/jdk-14.0.1/bin/java -jar /lab/itti/projects/checkers-competition/server/referee.jar on run_21_glduncan_vdhankar #####
Move is valid
##### SUCCESS: /usr/lib/jvm/jdk-14.0.1/bin/java -jar /lab/itti/projects/checkers-competition/server/referee.jar on run_21_glduncan_vdhankar #####
INPUT for vdhankar:
GAME
BLACK
133.543786764145
.b.b.b..
b.b.w...
........
w...w...
........
w.....w.
.w...w..
w.w.....
##### Running: /usr/bin/time -o time_21_glduncan_vdhankar.txt -f "%U" python3 homework.py > stulog.txt 2>&1 on vdhankar #####
child exited with value 1
##### ERROR: /usr/bin/time -o time_21_glduncan_vdhankar.txt -f "%U" python3 homework.py > stulog.txt 2>&1 on vdhankar #####
##### Output of failed program (stdout + stderr): #####
Traceback (most recent call last):
  File "homework.py", line 546, in <module>
    print(end-start)
NameError: name 'end' is not defined
##### End of output of failed program #####
##### vdhankar plays [J f8 d6 ; J d6 f4 ; J f4 h2] in 4.24081206321716s #####
##### Running: /usr/lib/jvm/jdk-14.0.1/bin/java -jar /lab/itti/projects/checkers-competition/server/referee.jar on run_21_glduncan_vdhankar #####
Move is valid
##### SUCCESS: /usr/lib/jvm/jdk-14.0.1/bin/java -jar /lab/itti/projects/checkers-competition/server/referee.jar on run_21_glduncan_vdhankar #####
INPUT for glduncan:
GAME
WHITE
289.42
.b.b....
b.b.....
........
w.......
........
w.......
.w...w.b
w.w.....
##### Running: /usr/bin/time -o time_21_glduncan_vdhankar.txt -f "%U" python3 homework.py > stulog.txt 2>&1 on glduncan #####
##### SUCCESS: /usr/bin/time -o time_21_glduncan_vdhankar.txt -f "%U" python3 homework.py > stulog.txt 2>&1 on glduncan #####
##### glduncan plays [E c1 d2] in 0.42s #####
##### Running: /usr/lib/jvm/jdk-14.0.1/bin/java -jar /lab/itti/projects/checkers-competition/server/referee.jar on run_21_glduncan_vdhankar #####
Move is valid
##### SUCCESS: /usr/lib/jvm/jdk-14.0.1/bin/java -jar /lab/itti/projects/checkers-competition/server/referee.jar on run_21_glduncan_vdhankar #####
INPUT for vdhankar:
GAME
BLACK
129.302974700928
.b.b....
b.b.....
........
w.......
........
w.......
.w.w.w.b
w.......
##### Running: /usr/bin/time -o time_21_glduncan_vdhankar.txt -f "%U" python3 homework.py > stulog.txt 2>&1 on vdhankar #####
child exited with value 1
##### ERROR: /usr/bin/time -o time_21_glduncan_vdhankar.txt -f "%U" python3 homework.py > stulog.txt 2>&1 on vdhankar #####
##### Output of failed program (stdout + stderr): #####
Traceback (most recent call last):
  File "homework.py", line 546, in <module>
    print(end-start)
NameError: name 'end' is not defined
##### End of output of failed program #####
##### vdhankar plays [E h2 g1] in 7.35203385353088s #####
##### Running: /usr/lib/jvm/jdk-14.0.1/bin/java -jar /lab/itti/projects/checkers-competition/server/referee.jar on run_21_glduncan_vdhankar #####
Move is valid
##### SUCCESS: /usr/lib/jvm/jdk-14.0.1/bin/java -jar /lab/itti/projects/checkers-competition/server/referee.jar on run_21_glduncan_vdhankar #####
INPUT for glduncan:
GAME
WHITE
289
.b.b....
b.b.....
........
w.......
........
w.......
.w.w.w..
w.....B.
##### Running: /usr/bin/time -o time_21_glduncan_vdhankar.txt -f "%U" python3 homework.py > stulog.txt 2>&1 on glduncan #####
##### SUCCESS: /usr/bin/time -o time_21_glduncan_vdhankar.txt -f "%U" python3 homework.py > stulog.txt 2>&1 on glduncan #####
##### glduncan plays [E f2 g3] in 0.43s #####
##### Running: /usr/lib/jvm/jdk-14.0.1/bin/java -jar /lab/itti/projects/checkers-competition/server/referee.jar on run_21_glduncan_vdhankar #####
Move is valid
##### SUCCESS: /usr/lib/jvm/jdk-14.0.1/bin/java -jar /lab/itti/projects/checkers-competition/server/referee.jar on run_21_glduncan_vdhankar #####
INPUT for vdhankar:
GAME
BLACK
121.950940847397
.b.b....
b.b.....
........
w.......
........
w.....w.
.w.w....
w.....B.
##### Running: /usr/bin/time -o time_21_glduncan_vdhankar.txt -f "%U" python3 homework.py > stulog.txt 2>&1 on vdhankar #####
child exited with value 1
##### ERROR: /usr/bin/time -o time_21_glduncan_vdhankar.txt -f "%U" python3 homework.py > stulog.txt 2>&1 on vdhankar #####
##### Output of failed program (stdout + stderr): #####
Traceback (most recent call last):
  File "homework.py", line 546, in <module>
    print(end-start)
NameError: name 'end' is not defined
##### End of output of failed program #####
##### vdhankar plays [E g1 h2] in 10.4641900062561s #####
##### Running: /usr/lib/jvm/jdk-14.0.1/bin/java -jar /lab/itti/projects/checkers-competition/server/referee.jar on run_21_glduncan_vdhankar #####
Move is valid
##### SUCCESS: /usr/lib/jvm/jdk-14.0.1/bin/java -jar /lab/itti/projects/checkers-competition/server/referee.jar on run_21_glduncan_vdhankar #####
INPUT for glduncan:
GAME
WHITE
288.57
.b.b....
b.b.....
........
w.......
........
w.....w.
.w.w...B
w.......
##### Running: /usr/bin/time -o time_21_glduncan_vdhankar.txt -f "%U" python3 homework.py > stulog.txt 2>&1 on glduncan #####
##### SUCCESS: /usr/bin/time -o time_21_glduncan_vdhankar.txt -f "%U" python3 homework.py > stulog.txt 2>&1 on glduncan #####
##### glduncan plays [E g3 h4] in 0.3s #####
##### Running: /usr/lib/jvm/jdk-14.0.1/bin/java -jar /lab/itti/projects/checkers-competition/server/referee.jar on run_21_glduncan_vdhankar #####
Move is valid
##### SUCCESS: /usr/lib/jvm/jdk-14.0.1/bin/java -jar /lab/itti/projects/checkers-competition/server/referee.jar on run_21_glduncan_vdhankar #####
INPUT for vdhankar:
GAME
BLACK
111.486750841141
.b.b....
b.b.....
........
w.......
.......w
w.......
.w.w...B
w.......
##### Running: /usr/bin/time -o time_21_glduncan_vdhankar.txt -f "%U" python3 homework.py > stulog.txt 2>&1 on vdhankar #####
child exited with value 1
##### ERROR: /usr/bin/time -o time_21_glduncan_vdhankar.txt -f "%U" python3 homework.py > stulog.txt 2>&1 on vdhankar #####
##### Output of failed program (stdout + stderr): #####
Traceback (most recent call last):
  File "homework.py", line 546, in <module>
    print(end-start)
NameError: name 'end' is not defined
##### End of output of failed program #####
##### vdhankar plays [E h2 g3] in 8.9711229801178s #####
##### Running: /usr/lib/jvm/jdk-14.0.1/bin/java -jar /lab/itti/projects/checkers-competition/server/referee.jar on run_21_glduncan_vdhankar #####
Move is valid
##### SUCCESS: /usr/lib/jvm/jdk-14.0.1/bin/java -jar /lab/itti/projects/checkers-competition/server/referee.jar on run_21_glduncan_vdhankar #####
INPUT for glduncan:
GAME
WHITE
288.27
.b.b....
b.b.....
........
w.......
.......w
w.....B.
.w.w....
w.......
##### Running: /usr/bin/time -o time_21_glduncan_vdhankar.txt -f "%U" python3 homework.py > stulog.txt 2>&1 on glduncan #####
##### SUCCESS: /usr/bin/time -o time_21_glduncan_vdhankar.txt -f "%U" python3 homework.py > stulog.txt 2>&1 on glduncan #####
##### glduncan plays [E d2 e3] in 0.69s #####
##### Running: /usr/lib/jvm/jdk-14.0.1/bin/java -jar /lab/itti/projects/checkers-competition/server/referee.jar on run_21_glduncan_vdhankar #####
Move is valid
##### SUCCESS: /usr/lib/jvm/jdk-14.0.1/bin/java -jar /lab/itti/projects/checkers-competition/server/referee.jar on run_21_glduncan_vdhankar #####
INPUT for vdhankar:
GAME
BLACK
102.515627861023
.b.b....
b.b.....
........
w.......
.......w
w...w.B.
.w......
w.......
##### Running: /usr/bin/time -o time_21_glduncan_vdhankar.txt -f "%U" python3 homework.py > stulog.txt 2>&1 on vdhankar #####
child exited with value 1
##### ERROR: /usr/bin/time -o time_21_glduncan_vdhankar.txt -f "%U" python3 homework.py > stulog.txt 2>&1 on vdhankar #####
##### Output of failed program (stdout + stderr): #####
Traceback (most recent call last):
  File "homework.py", line 546, in <module>
    print(end-start)
NameError: name 'end' is not defined
##### End of output of failed program #####
##### vdhankar plays [E g3 f2] in 6.81017208099365s #####
##### Running: /usr/lib/jvm/jdk-14.0.1/bin/java -jar /lab/itti/projects/checkers-competition/server/referee.jar on run_21_glduncan_vdhankar #####
Move is valid
##### SUCCESS: /usr/lib/jvm/jdk-14.0.1/bin/java -jar /lab/itti/projects/checkers-competition/server/referee.jar on run_21_glduncan_vdhankar #####
INPUT for glduncan:
GAME
WHITE
287.58
.b.b....
b.b.....
........
w.......
.......w
w...w...
.w...B..
w.......
##### Running: /usr/bin/time -o time_21_glduncan_vdhankar.txt -f "%U" python3 homework.py > stulog.txt 2>&1 on glduncan #####
##### SUCCESS: /usr/bin/time -o time_21_glduncan_vdhankar.txt -f "%U" python3 homework.py > stulog.txt 2>&1 on glduncan #####
##### glduncan plays [E e3 f4] in 0.34s #####
##### Running: /usr/lib/jvm/jdk-14.0.1/bin/java -jar /lab/itti/projects/checkers-competition/server/referee.jar on run_21_glduncan_vdhankar #####
Move is valid
##### SUCCESS: /usr/lib/jvm/jdk-14.0.1/bin/java -jar /lab/itti/projects/checkers-competition/server/referee.jar on run_21_glduncan_vdhankar #####
INPUT for vdhankar:
GAME
BLACK
95.7054557800293
.b.b....
b.b.....
........
w.......
.....w.w
w.......
.w...B..
w.......
##### Running: /usr/bin/time -o time_21_glduncan_vdhankar.txt -f "%U" python3 homework.py > stulog.txt 2>&1 on vdhankar #####
child exited with value 1
##### ERROR: /usr/bin/time -o time_21_glduncan_vdhankar.txt -f "%U" python3 homework.py > stulog.txt 2>&1 on vdhankar #####
##### Output of failed program (stdout + stderr): #####
Traceback (most recent call last):
  File "homework.py", line 546, in <module>
    print(end-start)
NameError: name 'end' is not defined
##### End of output of failed program #####
##### vdhankar plays [E f2 e3] in 7.15206694602966s #####
##### Running: /usr/lib/jvm/jdk-14.0.1/bin/java -jar /lab/itti/projects/checkers-competition/server/referee.jar on run_21_glduncan_vdhankar #####
Move is valid
##### SUCCESS: /usr/lib/jvm/jdk-14.0.1/bin/java -jar /lab/itti/projects/checkers-competition/server/referee.jar on run_21_glduncan_vdhankar #####
INPUT for glduncan:
GAME
WHITE
287.24
.b.b....
b.b.....
........
w.......
.....w.w
w...B...
.w......
w.......
##### Running: /usr/bin/time -o time_21_glduncan_vdhankar.txt -f "%U" python3 homework.py > stulog.txt 2>&1 on glduncan #####
##### SUCCESS: /usr/bin/time -o time_21_glduncan_vdhankar.txt -f "%U" python3 homework.py > stulog.txt 2>&1 on glduncan #####
##### glduncan plays [E b2 c3] in 0.42s #####
##### Running: /usr/lib/jvm/jdk-14.0.1/bin/java -jar /lab/itti/projects/checkers-competition/server/referee.jar on run_21_glduncan_vdhankar #####
Move is valid
##### SUCCESS: /usr/lib/jvm/jdk-14.0.1/bin/java -jar /lab/itti/projects/checkers-competition/server/referee.jar on run_21_glduncan_vdhankar #####
INPUT for vdhankar:
GAME
BLACK
88.5533888339996
.b.b....
b.b.....
........
w.......
.....w.w
w.w.B...
........
w.......
##### Running: /usr/bin/time -o time_21_glduncan_vdhankar.txt -f "%U" python3 homework.py > stulog.txt 2>&1 on vdhankar #####
child exited with value 1
##### ERROR: /usr/bin/time -o time_21_glduncan_vdhankar.txt -f "%U" python3 homework.py > stulog.txt 2>&1 on vdhankar #####
##### Output of failed program (stdout + stderr): #####
Traceback (most recent call last):
  File "homework.py", line 546, in <module>
    print(end-start)
NameError: name 'end' is not defined
##### End of output of failed program #####
##### vdhankar plays [J e3 g5] in 0.328352928161621s #####
##### Running: /usr/lib/jvm/jdk-14.0.1/bin/java -jar /lab/itti/projects/checkers-competition/server/referee.jar on run_21_glduncan_vdhankar #####
Move is valid
##### SUCCESS: /usr/lib/jvm/jdk-14.0.1/bin/java -jar /lab/itti/projects/checkers-competition/server/referee.jar on run_21_glduncan_vdhankar #####
INPUT for glduncan:
GAME
WHITE
286.82
.b.b....
b.b.....
........
w.....B.
.......w
w.w.....
........
w.......
##### Running: /usr/bin/time -o time_21_glduncan_vdhankar.txt -f "%U" python3 homework.py > stulog.txt 2>&1 on glduncan #####
##### SUCCESS: /usr/bin/time -o time_21_glduncan_vdhankar.txt -f "%U" python3 homework.py > stulog.txt 2>&1 on glduncan #####
##### glduncan plays [J h4 f6] in 0.04s #####
##### Running: /usr/lib/jvm/jdk-14.0.1/bin/java -jar /lab/itti/projects/checkers-competition/server/referee.jar on run_21_glduncan_vdhankar #####
Move is valid
##### SUCCESS: /usr/lib/jvm/jdk-14.0.1/bin/java -jar /lab/itti/projects/checkers-competition/server/referee.jar on run_21_glduncan_vdhankar #####
INPUT for vdhankar:
GAME
BLACK
88.225035905838
.b.b....
b.b.....
.....w..
w.......
........
w.w.....
........
w.......
##### Running: /usr/bin/time -o time_21_glduncan_vdhankar.txt -f "%U" python3 homework.py > stulog.txt 2>&1 on vdhankar #####
child exited with value 1
##### ERROR: /usr/bin/time -o time_21_glduncan_vdhankar.txt -f "%U" python3 homework.py > stulog.txt 2>&1 on vdhankar #####
##### Output of failed program (stdout + stderr): #####
Traceback (most recent call last):
  File "homework.py", line 546, in <module>
    print(end-start)
NameError: name 'end' is not defined
##### End of output of failed program #####
##### vdhankar plays [E c7 d6] in 1.01592302322388s #####
##### Running: /usr/lib/jvm/jdk-14.0.1/bin/java -jar /lab/itti/projects/checkers-competition/server/referee.jar on run_21_glduncan_vdhankar #####
Move is valid
##### SUCCESS: /usr/lib/jvm/jdk-14.0.1/bin/java -jar /lab/itti/projects/checkers-competition/server/referee.jar on run_21_glduncan_vdhankar #####
INPUT for glduncan:
GAME
WHITE
286.78
.b.b....
b.......
...b.w..
w.......
........
w.w.....
........
w.......
##### Running: /usr/bin/time -o time_21_glduncan_vdhankar.txt -f "%U" python3 homework.py > stulog.txt 2>&1 on glduncan #####
##### SUCCESS: /usr/bin/time -o time_21_glduncan_vdhankar.txt -f "%U" python3 homework.py > stulog.txt 2>&1 on glduncan #####
##### glduncan plays [E a1 b2] in 0.32s #####
##### Running: /usr/lib/jvm/jdk-14.0.1/bin/java -jar /lab/itti/projects/checkers-competition/server/referee.jar on run_21_glduncan_vdhankar #####
Move is valid
##### SUCCESS: /usr/lib/jvm/jdk-14.0.1/bin/java -jar /lab/itti/projects/checkers-competition/server/referee.jar on run_21_glduncan_vdhankar #####
INPUT for vdhankar:
GAME
BLACK
87.2091128826141
.b.b....
b.......
...b.w..
w.......
........
w.w.....
.w......
........
##### Running: /usr/bin/time -o time_21_glduncan_vdhankar.txt -f "%U" python3 homework.py > stulog.txt 2>&1 on vdhankar #####
child exited with value 1
##### ERROR: /usr/bin/time -o time_21_glduncan_vdhankar.txt -f "%U" python3 homework.py > stulog.txt 2>&1 on vdhankar #####
##### Output of failed program (stdout + stderr): #####
Traceback (most recent call last):
  File "homework.py", line 546, in <module>
    print(end-start)
NameError: name 'end' is not defined
##### End of output of failed program #####
##### vdhankar plays [E d6 e5] in 0.703191041946411s #####
##### Running: /usr/lib/jvm/jdk-14.0.1/bin/java -jar /lab/itti/projects/checkers-competition/server/referee.jar on run_21_glduncan_vdhankar #####
Move is valid
##### SUCCESS: /usr/lib/jvm/jdk-14.0.1/bin/java -jar /lab/itti/projects/checkers-competition/server/referee.jar on run_21_glduncan_vdhankar #####
INPUT for glduncan:
GAME
WHITE
286.46
.b.b....
b.......
.....w..
w...b...
........
w.w.....
.w......
........
##### Running: /usr/bin/time -o time_21_glduncan_vdhankar.txt -f "%U" python3 homework.py > stulog.txt 2>&1 on glduncan #####
##### SUCCESS: /usr/bin/time -o time_21_glduncan_vdhankar.txt -f "%U" python3 homework.py > stulog.txt 2>&1 on glduncan #####
##### glduncan plays [E c3 b4] in 0.25s #####
##### Running: /usr/lib/jvm/jdk-14.0.1/bin/java -jar /lab/itti/projects/checkers-competition/server/referee.jar on run_21_glduncan_vdhankar #####
Move is valid
##### SUCCESS: /usr/lib/jvm/jdk-14.0.1/bin/java -jar /lab/itti/projects/checkers-competition/server/referee.jar on run_21_glduncan_vdhankar #####
INPUT for vdhankar:
GAME
BLACK
86.5059218406677
.b.b....
b.......
.....w..
w...b...
.w......
w.......
.w......
........
##### Running: /usr/bin/time -o time_21_glduncan_vdhankar.txt -f "%U" python3 homework.py > stulog.txt 2>&1 on vdhankar #####
child exited with value 1
##### ERROR: /usr/bin/time -o time_21_glduncan_vdhankar.txt -f "%U" python3 homework.py > stulog.txt 2>&1 on vdhankar #####
##### Output of failed program (stdout + stderr): #####
Traceback (most recent call last):
  File "homework.py", line 546, in <module>
    print(end-start)
NameError: name 'end' is not defined
##### End of output of failed program #####
##### vdhankar plays [E e5 d4] in 0.826250076293945s #####
##### Running: /usr/lib/jvm/jdk-14.0.1/bin/java -jar /lab/itti/projects/checkers-competition/server/referee.jar on run_21_glduncan_vdhankar #####
Move is valid
##### SUCCESS: /usr/lib/jvm/jdk-14.0.1/bin/java -jar /lab/itti/projects/checkers-competition/server/referee.jar on run_21_glduncan_vdhankar #####
INPUT for glduncan:
GAME
WHITE
286.21
.b.b....
b.......
.....w..
w.......
.w.b....
w.......
.w......
........
##### Running: /usr/bin/time -o time_21_glduncan_vdhankar.txt -f "%U" python3 homework.py > stulog.txt 2>&1 on glduncan #####
##### SUCCESS: /usr/bin/time -o time_21_glduncan_vdhankar.txt -f "%U" python3 homework.py > stulog.txt 2>&1 on glduncan #####
##### glduncan plays [E b4 c5] in 0.16s #####
##### Running: /usr/lib/jvm/jdk-14.0.1/bin/java -jar /lab/itti/projects/checkers-competition/server/referee.jar on run_21_glduncan_vdhankar #####
Move is valid
##### SUCCESS: /usr/lib/jvm/jdk-14.0.1/bin/java -jar /lab/itti/projects/checkers-competition/server/referee.jar on run_21_glduncan_vdhankar #####
INPUT for vdhankar:
GAME
BLACK
85.6796717643738
.b.b....
b.......
.....w..
w.w.....
...b....
w.......
.w......
........
##### Running: /usr/bin/time -o time_21_glduncan_vdhankar.txt -f "%U" python3 homework.py > stulog.txt 2>&1 on vdhankar #####
child exited with value 1
##### ERROR: /usr/bin/time -o time_21_glduncan_vdhankar.txt -f "%U" python3 homework.py > stulog.txt 2>&1 on vdhankar #####
##### Output of failed program (stdout + stderr): #####
Traceback (most recent call last):
  File "homework.py", line 546, in <module>
    print(end-start)
NameError: name 'end' is not defined
##### End of output of failed program #####
##### vdhankar plays [E d4 e3] in 1.17263317108154s #####
##### Running: /usr/lib/jvm/jdk-14.0.1/bin/java -jar /lab/itti/projects/checkers-competition/server/referee.jar on run_21_glduncan_vdhankar #####
Move is valid
##### SUCCESS: /usr/lib/jvm/jdk-14.0.1/bin/java -jar /lab/itti/projects/checkers-competition/server/referee.jar on run_21_glduncan_vdhankar #####
INPUT for glduncan:
GAME
WHITE
286.05
.b.b....
b.......
.....w..
w.w.....
........
w...b...
.w......
........
##### Running: /usr/bin/time -o time_21_glduncan_vdhankar.txt -f "%U" python3 homework.py > stulog.txt 2>&1 on glduncan #####
##### SUCCESS: /usr/bin/time -o time_21_glduncan_vdhankar.txt -f "%U" python3 homework.py > stulog.txt 2>&1 on glduncan #####
##### glduncan plays [E b2 c3] in 0.36s #####
##### Running: /usr/lib/jvm/jdk-14.0.1/bin/java -jar /lab/itti/projects/checkers-competition/server/referee.jar on run_21_glduncan_vdhankar #####
Move is valid
##### SUCCESS: /usr/lib/jvm/jdk-14.0.1/bin/java -jar /lab/itti/projects/checkers-competition/server/referee.jar on run_21_glduncan_vdhankar #####
INPUT for vdhankar:
GAME
BLACK
84.5070385932922
.b.b....
b.......
.....w..
w.w.....
........
w.w.b...
........
........
##### Running: /usr/bin/time -o time_21_glduncan_vdhankar.txt -f "%U" python3 homework.py > stulog.txt 2>&1 on vdhankar #####
child exited with value 1
##### ERROR: /usr/bin/time -o time_21_glduncan_vdhankar.txt -f "%U" python3 homework.py > stulog.txt 2>&1 on vdhankar #####
##### Output of failed program (stdout + stderr): #####
Traceback (most recent call last):
  File "homework.py", line 546, in <module>
    print(end-start)
NameError: name 'end' is not defined
##### End of output of failed program #####
##### vdhankar plays [E e3 d2] in 2.18502497673035s #####
##### Running: /usr/lib/jvm/jdk-14.0.1/bin/java -jar /lab/itti/projects/checkers-competition/server/referee.jar on run_21_glduncan_vdhankar #####
Move is valid
##### SUCCESS: /usr/lib/jvm/jdk-14.0.1/bin/java -jar /lab/itti/projects/checkers-competition/server/referee.jar on run_21_glduncan_vdhankar #####
INPUT for glduncan:
GAME
WHITE
285.69
.b.b....
b.......
.....w..
w.w.....
........
w.w.....
...b....
........
##### Running: /usr/bin/time -o time_21_glduncan_vdhankar.txt -f "%U" python3 homework.py > stulog.txt 2>&1 on glduncan #####
##### SUCCESS: /usr/bin/time -o time_21_glduncan_vdhankar.txt -f "%U" python3 homework.py > stulog.txt 2>&1 on glduncan #####
##### glduncan plays [E c3 d4] in 0.46s #####
##### Running: /usr/lib/jvm/jdk-14.0.1/bin/java -jar /lab/itti/projects/checkers-competition/server/referee.jar on run_21_glduncan_vdhankar #####
Move is valid
##### SUCCESS: /usr/lib/jvm/jdk-14.0.1/bin/java -jar /lab/itti/projects/checkers-competition/server/referee.jar on run_21_glduncan_vdhankar #####
INPUT for vdhankar:
GAME
BLACK
82.3220136165619
.b.b....
b.......
.....w..
w.w.....
...w....
w.......
...b....
........
##### Running: /usr/bin/time -o time_21_glduncan_vdhankar.txt -f "%U" python3 homework.py > stulog.txt 2>&1 on vdhankar #####
child exited with value 1
##### ERROR: /usr/bin/time -o time_21_glduncan_vdhankar.txt -f "%U" python3 homework.py > stulog.txt 2>&1 on vdhankar #####
##### Output of failed program (stdout + stderr): #####
Traceback (most recent call last):
  File "homework.py", line 546, in <module>
    print(end-start)
NameError: name 'end' is not defined
##### End of output of failed program #####
##### vdhankar plays [E d2 e1] in 1.51711201667786s #####
##### Running: /usr/lib/jvm/jdk-14.0.1/bin/java -jar /lab/itti/projects/checkers-competition/server/referee.jar on run_21_glduncan_vdhankar #####
Move is valid
##### SUCCESS: /usr/lib/jvm/jdk-14.0.1/bin/java -jar /lab/itti/projects/checkers-competition/server/referee.jar on run_21_glduncan_vdhankar #####
INPUT for glduncan:
GAME
WHITE
285.23
.b.b....
b.......
.....w..
w.w.....
...w....
w.......
........
....B...
##### Running: /usr/bin/time -o time_21_glduncan_vdhankar.txt -f "%U" python3 homework.py > stulog.txt 2>&1 on glduncan #####
##### SUCCESS: /usr/bin/time -o time_21_glduncan_vdhankar.txt -f "%U" python3 homework.py > stulog.txt 2>&1 on glduncan #####
##### glduncan plays [E a3 b4] in 0.44s #####
##### Running: /usr/lib/jvm/jdk-14.0.1/bin/java -jar /lab/itti/projects/checkers-competition/server/referee.jar on run_21_glduncan_vdhankar #####
Move is valid
##### SUCCESS: /usr/lib/jvm/jdk-14.0.1/bin/java -jar /lab/itti/projects/checkers-competition/server/referee.jar on run_21_glduncan_vdhankar #####
INPUT for vdhankar:
GAME
BLACK
80.804901599884
.b.b....
b.......
.....w..
w.w.....
.w.w....
........
........
....B...
##### Running: /usr/bin/time -o time_21_glduncan_vdhankar.txt -f "%U" python3 homework.py > stulog.txt 2>&1 on vdhankar #####
child exited with value 1
##### ERROR: /usr/bin/time -o time_21_glduncan_vdhankar.txt -f "%U" python3 homework.py > stulog.txt 2>&1 on vdhankar #####
##### Output of failed program (stdout + stderr): #####
Traceback (most recent call last):
  File "homework.py", line 546, in <module>
    print(end-start)
NameError: name 'end' is not defined
##### End of output of failed program #####
##### vdhankar plays [E e1 d2] in 1.18002605438232s #####
##### Running: /usr/lib/jvm/jdk-14.0.1/bin/java -jar /lab/itti/projects/checkers-competition/server/referee.jar on run_21_glduncan_vdhankar #####
Move is valid
##### SUCCESS: /usr/lib/jvm/jdk-14.0.1/bin/java -jar /lab/itti/projects/checkers-competition/server/referee.jar on run_21_glduncan_vdhankar #####
INPUT for glduncan:
GAME
WHITE
284.79
.b.b....
b.......
.....w..
w.w.....
.w.w....
........
...B....
........
##### Running: /usr/bin/time -o time_21_glduncan_vdhankar.txt -f "%U" python3 homework.py > stulog.txt 2>&1 on glduncan #####
##### SUCCESS: /usr/bin/time -o time_21_glduncan_vdhankar.txt -f "%U" python3 homework.py > stulog.txt 2>&1 on glduncan #####
##### glduncan plays [E d4 e5] in 0.52s #####
##### Running: /usr/lib/jvm/jdk-14.0.1/bin/java -jar /lab/itti/projects/checkers-competition/server/referee.jar on run_21_glduncan_vdhankar #####
Move is valid
##### SUCCESS: /usr/lib/jvm/jdk-14.0.1/bin/java -jar /lab/itti/projects/checkers-competition/server/referee.jar on run_21_glduncan_vdhankar #####
INPUT for vdhankar:
GAME
BLACK
79.6248755455017
.b.b....
b.......
.....w..
w.w.w...
.w......
........
...B....
........
##### Running: /usr/bin/time -o time_21_glduncan_vdhankar.txt -f "%U" python3 homework.py > stulog.txt 2>&1 on vdhankar #####
child exited with value 1
##### ERROR: /usr/bin/time -o time_21_glduncan_vdhankar.txt -f "%U" python3 homework.py > stulog.txt 2>&1 on vdhankar #####
##### Output of failed program (stdout + stderr): #####
Traceback (most recent call last):
  File "homework.py", line 546, in <module>
    print(end-start)
NameError: name 'end' is not defined
##### End of output of failed program #####
##### vdhankar plays [E d2 e3] in 2.09489607810974s #####
##### Running: /usr/lib/jvm/jdk-14.0.1/bin/java -jar /lab/itti/projects/checkers-competition/server/referee.jar on run_21_glduncan_vdhankar #####
Move is valid
##### SUCCESS: /usr/lib/jvm/jdk-14.0.1/bin/java -jar /lab/itti/projects/checkers-competition/server/referee.jar on run_21_glduncan_vdhankar #####
INPUT for glduncan:
GAME
WHITE
284.27
.b.b....
b.......
.....w..
w.w.w...
.w......
....B...
........
........
##### Running: /usr/bin/time -o time_21_glduncan_vdhankar.txt -f "%U" python3 homework.py > stulog.txt 2>&1 on glduncan #####
##### SUCCESS: /usr/bin/time -o time_21_glduncan_vdhankar.txt -f "%U" python3 homework.py > stulog.txt 2>&1 on glduncan #####
##### glduncan plays [E e5 d6] in 0.5s #####
##### Running: /usr/lib/jvm/jdk-14.0.1/bin/java -jar /lab/itti/projects/checkers-competition/server/referee.jar on run_21_glduncan_vdhankar #####
Move is valid
##### SUCCESS: /usr/lib/jvm/jdk-14.0.1/bin/java -jar /lab/itti/projects/checkers-competition/server/referee.jar on run_21_glduncan_vdhankar #####
INPUT for vdhankar:
GAME
BLACK
77.529979467392
.b.b....
b.......
...w.w..
w.w.....
.w......
....B...
........
........
##### Running: /usr/bin/time -o time_21_glduncan_vdhankar.txt -f "%U" python3 homework.py > stulog.txt 2>&1 on vdhankar #####
child exited with value 1
##### ERROR: /usr/bin/time -o time_21_glduncan_vdhankar.txt -f "%U" python3 homework.py > stulog.txt 2>&1 on vdhankar #####
##### Output of failed program (stdout + stderr): #####
Traceback (most recent call last):
  File "homework.py", line 546, in <module>
    print(end-start)
NameError: name 'end' is not defined
##### End of output of failed program #####
##### vdhankar plays [E e3 f4] in 1.68279981613159s #####
##### Running: /usr/lib/jvm/jdk-14.0.1/bin/java -jar /lab/itti/projects/checkers-competition/server/referee.jar on run_21_glduncan_vdhankar #####
Move is valid
##### SUCCESS: /usr/lib/jvm/jdk-14.0.1/bin/java -jar /lab/itti/projects/checkers-competition/server/referee.jar on run_21_glduncan_vdhankar #####
INPUT for glduncan:
GAME
WHITE
283.77
.b.b....
b.......
...w.w..
w.w.....
.w...B..
........
........
........
##### Running: /usr/bin/time -o time_21_glduncan_vdhankar.txt -f "%U" python3 homework.py > stulog.txt 2>&1 on glduncan #####
##### SUCCESS: /usr/bin/time -o time_21_glduncan_vdhankar.txt -f "%U" python3 homework.py > stulog.txt 2>&1 on glduncan #####
##### glduncan plays [E a5 b6] in 0.38s #####
##### Running: /usr/lib/jvm/jdk-14.0.1/bin/java -jar /lab/itti/projects/checkers-competition/server/referee.jar on run_21_glduncan_vdhankar #####
Move is valid
##### SUCCESS: /usr/lib/jvm/jdk-14.0.1/bin/java -jar /lab/itti/projects/checkers-competition/server/referee.jar on run_21_glduncan_vdhankar #####
INPUT for vdhankar:
GAME
BLACK
75.8471796512604
.b.b....
b.......
.w.w.w..
..w.....
.w...B..
........
........
........
##### Running: /usr/bin/time -o time_21_glduncan_vdhankar.txt -f "%U" python3 homework.py > stulog.txt 2>&1 on vdhankar #####
child exited with value 1
##### ERROR: /usr/bin/time -o time_21_glduncan_vdhankar.txt -f "%U" python3 homework.py > stulog.txt 2>&1 on vdhankar #####
##### Output of failed program (stdout + stderr): #####
Traceback (most recent call last):
  File "homework.py", line 546, in <module>
    print(end-start)
NameError: name 'end' is not defined
##### End of output of failed program #####
##### vdhankar plays [E f4 e3] in 1.25048804283142s #####
##### Running: /usr/lib/jvm/jdk-14.0.1/bin/java -jar /lab/itti/projects/checkers-competition/server/referee.jar on run_21_glduncan_vdhankar #####
Move is valid
##### SUCCESS: /usr/lib/jvm/jdk-14.0.1/bin/java -jar /lab/itti/projects/checkers-competition/server/referee.jar on run_21_glduncan_vdhankar #####
INPUT for glduncan:
GAME
WHITE
283.39
.b.b....
b.......
.w.w.w..
..w.....
.w......
....B...
........
........
##### Running: /usr/bin/time -o time_21_glduncan_vdhankar.txt -f "%U" python3 homework.py > stulog.txt 2>&1 on glduncan #####
##### SUCCESS: /usr/bin/time -o time_21_glduncan_vdhankar.txt -f "%U" python3 homework.py > stulog.txt 2>&1 on glduncan #####
##### glduncan plays [E b4 a5] in 0.28s #####
##### Running: /usr/lib/jvm/jdk-14.0.1/bin/java -jar /lab/itti/projects/checkers-competition/server/referee.jar on run_21_glduncan_vdhankar #####
Move is valid
##### SUCCESS: /usr/lib/jvm/jdk-14.0.1/bin/java -jar /lab/itti/projects/checkers-competition/server/referee.jar on run_21_glduncan_vdhankar #####
INPUT for vdhankar:
GAME
BLACK
74.596691608429
.b.b....
b.......
.w.w.w..
w.w.....
........
....B...
........
........
##### Running: /usr/bin/time -o time_21_glduncan_vdhankar.txt -f "%U" python3 homework.py > stulog.txt 2>&1 on vdhankar #####
child exited with value 1
##### ERROR: /usr/bin/time -o time_21_glduncan_vdhankar.txt -f "%U" python3 homework.py > stulog.txt 2>&1 on vdhankar #####
##### Output of failed program (stdout + stderr): #####
Traceback (most recent call last):
  File "homework.py", line 546, in <module>
    print(end-start)
NameError: name 'end' is not defined
##### End of output of failed program #####
##### vdhankar plays [E e3 f2] in 1.39288187026978s #####
##### Running: /usr/lib/jvm/jdk-14.0.1/bin/java -jar /lab/itti/projects/checkers-competition/server/referee.jar on run_21_glduncan_vdhankar #####
Move is valid
##### SUCCESS: /usr/lib/jvm/jdk-14.0.1/bin/java -jar /lab/itti/projects/checkers-competition/server/referee.jar on run_21_glduncan_vdhankar #####
INPUT for glduncan:
GAME
WHITE
283.11
.b.b....
b.......
.w.w.w..
w.w.....
........
........
.....B..
........
##### Running: /usr/bin/time -o time_21_glduncan_vdhankar.txt -f "%U" python3 homework.py > stulog.txt 2>&1 on glduncan #####
##### SUCCESS: /usr/bin/time -o time_21_glduncan_vdhankar.txt -f "%U" python3 homework.py > stulog.txt 2>&1 on glduncan #####
##### glduncan plays [E f6 g7] in 0.19s #####
##### Running: /usr/lib/jvm/jdk-14.0.1/bin/java -jar /lab/itti/projects/checkers-competition/server/referee.jar on run_21_glduncan_vdhankar #####
Move is valid
##### SUCCESS: /usr/lib/jvm/jdk-14.0.1/bin/java -jar /lab/itti/projects/checkers-competition/server/referee.jar on run_21_glduncan_vdhankar #####
INPUT for vdhankar:
GAME
BLACK
73.2038097381592
.b.b....
b.....w.
.w.w....
w.w.....
........
........
.....B..
........
##### Running: /usr/bin/time -o time_21_glduncan_vdhankar.txt -f "%U" python3 homework.py > stulog.txt 2>&1 on vdhankar #####
child exited with value 1
##### ERROR: /usr/bin/time -o time_21_glduncan_vdhankar.txt -f "%U" python3 homework.py > stulog.txt 2>&1 on vdhankar #####
##### Output of failed program (stdout + stderr): #####
Traceback (most recent call last):
  File "homework.py", line 546, in <module>
    print(end-start)
NameError: name 'end' is not defined
##### End of output of failed program #####
##### vdhankar plays [E f2 g3] in 0.970748901367188s #####
##### Running: /usr/lib/jvm/jdk-14.0.1/bin/java -jar /lab/itti/projects/checkers-competition/server/referee.jar on run_21_glduncan_vdhankar #####
Move is valid
##### SUCCESS: /usr/lib/jvm/jdk-14.0.1/bin/java -jar /lab/itti/projects/checkers-competition/server/referee.jar on run_21_glduncan_vdhankar #####
INPUT for glduncan:
GAME
WHITE
282.92
.b.b....
b.....w.
.w.w....
w.w.....
........
......B.
........
........
##### Running: /usr/bin/time -o time_21_glduncan_vdhankar.txt -f "%U" python3 homework.py > stulog.txt 2>&1 on glduncan #####
##### SUCCESS: /usr/bin/time -o time_21_glduncan_vdhankar.txt -f "%U" python3 homework.py > stulog.txt 2>&1 on glduncan #####
##### glduncan plays [E g7 h8] in 0.2s #####
##### Running: /usr/lib/jvm/jdk-14.0.1/bin/java -jar /lab/itti/projects/checkers-competition/server/referee.jar on run_21_glduncan_vdhankar #####
Move is valid
##### SUCCESS: /usr/lib/jvm/jdk-14.0.1/bin/java -jar /lab/itti/projects/checkers-competition/server/referee.jar on run_21_glduncan_vdhankar #####
INPUT for vdhankar:
GAME
BLACK
72.233060836792
.b.b...W
b.......
.w.w....
w.w.....
........
......B.
........
........
##### Running: /usr/bin/time -o time_21_glduncan_vdhankar.txt -f "%U" python3 homework.py > stulog.txt 2>&1 on vdhankar #####
child exited with value 1
##### ERROR: /usr/bin/time -o time_21_glduncan_vdhankar.txt -f "%U" python3 homework.py > stulog.txt 2>&1 on vdhankar #####
##### Output of failed program (stdout + stderr): #####
Traceback (most recent call last):
  File "homework.py", line 546, in <module>
    print(end-start)
NameError: name 'end' is not defined
##### End of output of failed program #####
##### vdhankar plays [E g3 f4] in 1.06229305267334s #####
##### Running: /usr/lib/jvm/jdk-14.0.1/bin/java -jar /lab/itti/projects/checkers-competition/server/referee.jar on run_21_glduncan_vdhankar #####
Move is valid
##### SUCCESS: /usr/lib/jvm/jdk-14.0.1/bin/java -jar /lab/itti/projects/checkers-competition/server/referee.jar on run_21_glduncan_vdhankar #####
INPUT for glduncan:
GAME
WHITE
282.72
.b.b...W
b.......
.w.w....
w.w.....
.....B..
........
........
........
##### Running: /usr/bin/time -o time_21_glduncan_vdhankar.txt -f "%U" python3 homework.py > stulog.txt 2>&1 on glduncan #####
##### SUCCESS: /usr/bin/time -o time_21_glduncan_vdhankar.txt -f "%U" python3 homework.py > stulog.txt 2>&1 on glduncan #####
##### glduncan plays [E d6 e7] in 0.15s #####
##### Running: /usr/lib/jvm/jdk-14.0.1/bin/java -jar /lab/itti/projects/checkers-competition/server/referee.jar on run_21_glduncan_vdhankar #####
Move is valid
##### SUCCESS: /usr/lib/jvm/jdk-14.0.1/bin/java -jar /lab/itti/projects/checkers-competition/server/referee.jar on run_21_glduncan_vdhankar #####
INPUT for vdhankar:
GAME
BLACK
71.1707677841187
.b.b...W
b...w...
.w......
w.w.....
.....B..
........
........
........
##### Running: /usr/bin/time -o time_21_glduncan_vdhankar.txt -f "%U" python3 homework.py > stulog.txt 2>&1 on vdhankar #####
child exited with value 1
##### ERROR: /usr/bin/time -o time_21_glduncan_vdhankar.txt -f "%U" python3 homework.py > stulog.txt 2>&1 on vdhankar #####
##### Output of failed program (stdout + stderr): #####
Traceback (most recent call last):
  File "homework.py", line 546, in <module>
    print(end-start)
NameError: name 'end' is not defined
##### End of output of failed program #####
##### vdhankar plays [J d8 f6] in 0.347326040267944s #####
##### Running: /usr/lib/jvm/jdk-14.0.1/bin/java -jar /lab/itti/projects/checkers-competition/server/referee.jar on run_21_glduncan_vdhankar #####
Move is valid
##### SUCCESS: /usr/lib/jvm/jdk-14.0.1/bin/java -jar /lab/itti/projects/checkers-competition/server/referee.jar on run_21_glduncan_vdhankar #####
INPUT for glduncan:
GAME
WHITE
282.57
.b.....W
b.......
.w...b..
w.w.....
.....B..
........
........
........
##### Running: /usr/bin/time -o time_21_glduncan_vdhankar.txt -f "%U" python3 homework.py > stulog.txt 2>&1 on glduncan #####
##### SUCCESS: /usr/bin/time -o time_21_glduncan_vdhankar.txt -f "%U" python3 homework.py > stulog.txt 2>&1 on glduncan #####
##### glduncan plays [E h8 g7] in 0.12s #####
##### Running: /usr/lib/jvm/jdk-14.0.1/bin/java -jar /lab/itti/projects/checkers-competition/server/referee.jar on run_21_glduncan_vdhankar #####
Move is valid
##### SUCCESS: /usr/lib/jvm/jdk-14.0.1/bin/java -jar /lab/itti/projects/checkers-competition/server/referee.jar on run_21_glduncan_vdhankar #####
INPUT for vdhankar:
GAME
BLACK
70.8234417438507
.b......
b.....W.
.w...b..
w.w.....
.....B..
........
........
........
##### Running: /usr/bin/time -o time_21_glduncan_vdhankar.txt -f "%U" python3 homework.py > stulog.txt 2>&1 on vdhankar #####
child exited with value 1
##### ERROR: /usr/bin/time -o time_21_glduncan_vdhankar.txt -f "%U" python3 homework.py > stulog.txt 2>&1 on vdhankar #####
##### Output of failed program (stdout + stderr): #####
Traceback (most recent call last):
  File "homework.py", line 546, in <module>
    print(end-start)
NameError: name 'end' is not defined
##### End of output of failed program #####
##### vdhankar plays [E f4 e5] in 1.25752806663513s #####
##### Running: /usr/lib/jvm/jdk-14.0.1/bin/java -jar /lab/itti/projects/checkers-competition/server/referee.jar on run_21_glduncan_vdhankar #####
Move is valid
##### SUCCESS: /usr/lib/jvm/jdk-14.0.1/bin/java -jar /lab/itti/projects/checkers-competition/server/referee.jar on run_21_glduncan_vdhankar #####
INPUT for glduncan:
GAME
WHITE
282.45
.b......
b.....W.
.w...b..
w.w.B...
........
........
........
........
##### Running: /usr/bin/time -o time_21_glduncan_vdhankar.txt -f "%U" python3 homework.py > stulog.txt 2>&1 on glduncan #####
##### SUCCESS: /usr/bin/time -o time_21_glduncan_vdhankar.txt -f "%U" python3 homework.py > stulog.txt 2>&1 on glduncan #####
##### glduncan plays [E g7 h8] in 0.18s #####
##### Running: /usr/lib/jvm/jdk-14.0.1/bin/java -jar /lab/itti/projects/checkers-competition/server/referee.jar on run_21_glduncan_vdhankar #####
Move is valid
##### SUCCESS: /usr/lib/jvm/jdk-14.0.1/bin/java -jar /lab/itti/projects/checkers-competition/server/referee.jar on run_21_glduncan_vdhankar #####
INPUT for vdhankar:
GAME
BLACK
69.5659136772156
.b.....W
b.......
.w...b..
w.w.B...
........
........
........
........
##### Running: /usr/bin/time -o time_21_glduncan_vdhankar.txt -f "%U" python3 homework.py > stulog.txt 2>&1 on vdhankar #####
child exited with value 1
##### ERROR: /usr/bin/time -o time_21_glduncan_vdhankar.txt -f "%U" python3 homework.py > stulog.txt 2>&1 on vdhankar #####
##### Output of failed program (stdout + stderr): #####
Traceback (most recent call last):
  File "homework.py", line 546, in <module>
    print(end-start)
NameError: name 'end' is not defined
##### End of output of failed program #####
##### vdhankar plays [E f6 g5] in 0.792289972305298s #####
##### Running: /usr/lib/jvm/jdk-14.0.1/bin/java -jar /lab/itti/projects/checkers-competition/server/referee.jar on run_21_glduncan_vdhankar #####
Move is valid
##### SUCCESS: /usr/lib/jvm/jdk-14.0.1/bin/java -jar /lab/itti/projects/checkers-competition/server/referee.jar on run_21_glduncan_vdhankar #####
INPUT for glduncan:
GAME
WHITE
282.27
.b.....W
b.......
.w......
w.w.B.b.
........
........
........
........
##### Running: /usr/bin/time -o time_21_glduncan_vdhankar.txt -f "%U" python3 homework.py > stulog.txt 2>&1 on glduncan #####
##### SUCCESS: /usr/bin/time -o time_21_glduncan_vdhankar.txt -f "%U" python3 homework.py > stulog.txt 2>&1 on glduncan #####
##### glduncan plays [E c5 d6] in 0.14s #####
##### Running: /usr/lib/jvm/jdk-14.0.1/bin/java -jar /lab/itti/projects/checkers-competition/server/referee.jar on run_21_glduncan_vdhankar #####
Move is valid
##### SUCCESS: /usr/lib/jvm/jdk-14.0.1/bin/java -jar /lab/itti/projects/checkers-competition/server/referee.jar on run_21_glduncan_vdhankar #####
INPUT for vdhankar:
GAME
BLACK
68.7736237049103
.b.....W
b.......
.w.w....
w...B.b.
........
........
........
........
##### Running: /usr/bin/time -o time_21_glduncan_vdhankar.txt -f "%U" python3 homework.py > stulog.txt 2>&1 on vdhankar #####
child exited with value 1
##### ERROR: /usr/bin/time -o time_21_glduncan_vdhankar.txt -f "%U" python3 homework.py > stulog.txt 2>&1 on vdhankar #####
##### Output of failed program (stdout + stderr): #####
Traceback (most recent call last):
  File "homework.py", line 546, in <module>
    print(end-start)
NameError: name 'end' is not defined
##### End of output of failed program #####
##### vdhankar plays [J a7 c5] in 0.793925046920776s #####
##### Running: /usr/lib/jvm/jdk-14.0.1/bin/java -jar /lab/itti/projects/checkers-competition/server/referee.jar on run_21_glduncan_vdhankar #####
Move is valid
##### SUCCESS: /usr/lib/jvm/jdk-14.0.1/bin/java -jar /lab/itti/projects/checkers-competition/server/referee.jar on run_21_glduncan_vdhankar #####
INPUT for glduncan:
GAME
WHITE
282.13
.b.....W
........
...w....
w.b.B.b.
........
........
........
........
##### Running: /usr/bin/time -o time_21_glduncan_vdhankar.txt -f "%U" python3 homework.py > stulog.txt 2>&1 on glduncan #####
##### SUCCESS: /usr/bin/time -o time_21_glduncan_vdhankar.txt -f "%U" python3 homework.py > stulog.txt 2>&1 on glduncan #####
##### glduncan plays [E d6 e7] in 0.17s #####
##### Running: /usr/lib/jvm/jdk-14.0.1/bin/java -jar /lab/itti/projects/checkers-competition/server/referee.jar on run_21_glduncan_vdhankar #####
Move is valid
##### SUCCESS: /usr/lib/jvm/jdk-14.0.1/bin/java -jar /lab/itti/projects/checkers-competition/server/referee.jar on run_21_glduncan_vdhankar #####
INPUT for vdhankar:
GAME
BLACK
67.9796986579895
.b.....W
....w...
........
w.b.B.b.
........
........
........
........
##### Running: /usr/bin/time -o time_21_glduncan_vdhankar.txt -f "%U" python3 homework.py > stulog.txt 2>&1 on vdhankar #####
child exited with value 1
##### ERROR: /usr/bin/time -o time_21_glduncan_vdhankar.txt -f "%U" python3 homework.py > stulog.txt 2>&1 on vdhankar #####
##### Output of failed program (stdout + stderr): #####
Traceback (most recent call last):
  File "homework.py", line 546, in <module>
    print(end-start)
NameError: name 'end' is not defined
##### End of output of failed program #####
##### vdhankar plays [E g5 f4] in 5.18422603607178s #####
##### Running: /usr/lib/jvm/jdk-14.0.1/bin/java -jar /lab/itti/projects/checkers-competition/server/referee.jar on run_21_glduncan_vdhankar #####
Move is valid
##### SUCCESS: /usr/lib/jvm/jdk-14.0.1/bin/java -jar /lab/itti/projects/checkers-competition/server/referee.jar on run_21_glduncan_vdhankar #####
INPUT for glduncan:
GAME
WHITE
281.96
.b.....W
....w...
........
w.b.B...
.....b..
........
........
........
##### Running: /usr/bin/time -o time_21_glduncan_vdhankar.txt -f "%U" python3 homework.py > stulog.txt 2>&1 on glduncan #####
##### SUCCESS: /usr/bin/time -o time_21_glduncan_vdhankar.txt -f "%U" python3 homework.py > stulog.txt 2>&1 on glduncan #####
##### glduncan plays [E a5 b6] in 0.52s #####
##### Running: /usr/lib/jvm/jdk-14.0.1/bin/java -jar /lab/itti/projects/checkers-competition/server/referee.jar on run_21_glduncan_vdhankar #####
Move is valid
##### SUCCESS: /usr/lib/jvm/jdk-14.0.1/bin/java -jar /lab/itti/projects/checkers-competition/server/referee.jar on run_21_glduncan_vdhankar #####
INPUT for vdhankar:
GAME
BLACK
62.7954726219177
.b.....W
....w...
.w......
..b.B...
.....b..
........
........
........
##### Running: /usr/bin/time -o time_21_glduncan_vdhankar.txt -f "%U" python3 homework.py > stulog.txt 2>&1 on vdhankar #####
child exited with value 1
##### ERROR: /usr/bin/time -o time_21_glduncan_vdhankar.txt -f "%U" python3 homework.py > stulog.txt 2>&1 on vdhankar #####
##### Output of failed program (stdout + stderr): #####
Traceback (most recent call last):
  File "homework.py", line 546, in <module>
    print(end-start)
NameError: name 'end' is not defined
##### End of output of failed program #####
##### vdhankar plays [E e5 d6] in 5.82654786109924s #####
##### Running: /usr/lib/jvm/jdk-14.0.1/bin/java -jar /lab/itti/projects/checkers-competition/server/referee.jar on run_21_glduncan_vdhankar #####
Move is valid
##### SUCCESS: /usr/lib/jvm/jdk-14.0.1/bin/java -jar /lab/itti/projects/checkers-competition/server/referee.jar on run_21_glduncan_vdhankar #####
INPUT for glduncan:
GAME
WHITE
281.44
.b.....W
....w...
.w.B....
..b.....
.....b..
........
........
........
##### Running: /usr/bin/time -o time_21_glduncan_vdhankar.txt -f "%U" python3 homework.py > stulog.txt 2>&1 on glduncan #####
##### SUCCESS: /usr/bin/time -o time_21_glduncan_vdhankar.txt -f "%U" python3 homework.py > stulog.txt 2>&1 on glduncan #####
##### glduncan plays [E e7 f8] in 0.24s #####
##### Running: /usr/lib/jvm/jdk-14.0.1/bin/java -jar /lab/itti/projects/checkers-competition/server/referee.jar on run_21_glduncan_vdhankar #####
Move is valid
##### SUCCESS: /usr/lib/jvm/jdk-14.0.1/bin/java -jar /lab/itti/projects/checkers-competition/server/referee.jar on run_21_glduncan_vdhankar #####
INPUT for vdhankar:
GAME
BLACK
56.9689247608185
.b...W.W
........
.w.B....
..b.....
.....b..
........
........
........
##### Running: /usr/bin/time -o time_21_glduncan_vdhankar.txt -f "%U" python3 homework.py > stulog.txt 2>&1 on vdhankar #####
child exited with value 1
##### ERROR: /usr/bin/time -o time_21_glduncan_vdhankar.txt -f "%U" python3 homework.py > stulog.txt 2>&1 on vdhankar #####
##### Output of failed program (stdout + stderr): #####
Traceback (most recent call last):
  File "homework.py", line 546, in <module>
    print(end-start)
NameError: name 'end' is not defined
##### End of output of failed program #####
##### vdhankar plays [E f4 e3] in 1.7812819480896s #####
##### Running: /usr/lib/jvm/jdk-14.0.1/bin/java -jar /lab/itti/projects/checkers-competition/server/referee.jar on run_21_glduncan_vdhankar #####
Move is valid
##### SUCCESS: /usr/lib/jvm/jdk-14.0.1/bin/java -jar /lab/itti/projects/checkers-competition/server/referee.jar on run_21_glduncan_vdhankar #####
INPUT for glduncan:
GAME
WHITE
281.2
.b...W.W
........
.w.B....
..b.....
........
....b...
........
........
##### Running: /usr/bin/time -o time_21_glduncan_vdhankar.txt -f "%U" python3 homework.py > stulog.txt 2>&1 on glduncan #####
##### SUCCESS: /usr/bin/time -o time_21_glduncan_vdhankar.txt -f "%U" python3 homework.py > stulog.txt 2>&1 on glduncan #####
##### glduncan plays [E b6 c7] in 0.4s #####
##### Running: /usr/lib/jvm/jdk-14.0.1/bin/java -jar /lab/itti/projects/checkers-competition/server/referee.jar on run_21_glduncan_vdhankar #####
Move is valid
##### SUCCESS: /usr/lib/jvm/jdk-14.0.1/bin/java -jar /lab/itti/projects/checkers-competition/server/referee.jar on run_21_glduncan_vdhankar #####
INPUT for vdhankar:
GAME
BLACK
55.1876428127289
.b...W.W
..w.....
...B....
..b.....
........
....b...
........
........
##### Running: /usr/bin/time -o time_21_glduncan_vdhankar.txt -f "%U" python3 homework.py > stulog.txt 2>&1 on vdhankar #####
child exited with value 1
##### ERROR: /usr/bin/time -o time_21_glduncan_vdhankar.txt -f "%U" python3 homework.py > stulog.txt 2>&1 on vdhankar #####
##### Output of failed program (stdout + stderr): #####
Traceback (most recent call last):
  File "homework.py", line 546, in <module>
    print(end-start)
NameError: name 'end' is not defined
##### End of output of failed program #####
##### vdhankar plays [E e3 f2] in 4.50189113616943s #####
##### Running: /usr/lib/jvm/jdk-14.0.1/bin/java -jar /lab/itti/projects/checkers-competition/server/referee.jar on run_21_glduncan_vdhankar #####
Move is valid
##### SUCCESS: /usr/lib/jvm/jdk-14.0.1/bin/java -jar /lab/itti/projects/checkers-competition/server/referee.jar on run_21_glduncan_vdhankar #####
INPUT for glduncan:
GAME
WHITE
280.8
.b...W.W
..w.....
...B....
..b.....
........
........
.....b..
........
##### Running: /usr/bin/time -o time_21_glduncan_vdhankar.txt -f "%U" python3 homework.py > stulog.txt 2>&1 on glduncan #####
##### SUCCESS: /usr/bin/time -o time_21_glduncan_vdhankar.txt -f "%U" python3 homework.py > stulog.txt 2>&1 on glduncan #####
##### glduncan plays [E c7 d8] in 0.32s #####
##### Running: /usr/lib/jvm/jdk-14.0.1/bin/java -jar /lab/itti/projects/checkers-competition/server/referee.jar on run_21_glduncan_vdhankar #####
Move is valid
##### SUCCESS: /usr/lib/jvm/jdk-14.0.1/bin/java -jar /lab/itti/projects/checkers-competition/server/referee.jar on run_21_glduncan_vdhankar #####
INPUT for vdhankar:
GAME
BLACK
50.6857516765594
.b.W.W.W
........
...B....
..b.....
........
........
.....b..
........
##### Running: /usr/bin/time -o time_21_glduncan_vdhankar.txt -f "%U" python3 homework.py > stulog.txt 2>&1 on vdhankar #####
child exited with value 1
##### ERROR: /usr/bin/time -o time_21_glduncan_vdhankar.txt -f "%U" python3 homework.py > stulog.txt 2>&1 on vdhankar #####
##### Output of failed program (stdout + stderr): #####
Traceback (most recent call last):
  File "homework.py", line 546, in <module>
    print(end-start)
NameError: name 'end' is not defined
##### End of output of failed program #####
##### vdhankar plays [E f2 e1] in 5.072105884552s #####
##### Running: /usr/lib/jvm/jdk-14.0.1/bin/java -jar /lab/itti/projects/checkers-competition/server/referee.jar on run_21_glduncan_vdhankar #####
Move is valid
##### SUCCESS: /usr/lib/jvm/jdk-14.0.1/bin/java -jar /lab/itti/projects/checkers-competition/server/referee.jar on run_21_glduncan_vdhankar #####
INPUT for glduncan:
GAME
WHITE
280.48
.b.W.W.W
........
...B....
..b.....
........
........
........
....B...
##### Running: /usr/bin/time -o time_21_glduncan_vdhankar.txt -f "%U" python3 homework.py > stulog.txt 2>&1 on glduncan #####
##### SUCCESS: /usr/bin/time -o time_21_glduncan_vdhankar.txt -f "%U" python3 homework.py > stulog.txt 2>&1 on glduncan #####
##### glduncan plays [E h8 g7] in 0.43s #####
##### Running: /usr/lib/jvm/jdk-14.0.1/bin/java -jar /lab/itti/projects/checkers-competition/server/referee.jar on run_21_glduncan_vdhankar #####
Move is valid
##### SUCCESS: /usr/lib/jvm/jdk-14.0.1/bin/java -jar /lab/itti/projects/checkers-competition/server/referee.jar on run_21_glduncan_vdhankar #####
INPUT for vdhankar:
GAME
BLACK
45.6136457920074
.b.W.W..
......W.
...B....
..b.....
........
........
........
....B...
##### Running: /usr/bin/time -o time_21_glduncan_vdhankar.txt -f "%U" python3 homework.py > stulog.txt 2>&1 on vdhankar #####
child exited with value 1
##### ERROR: /usr/bin/time -o time_21_glduncan_vdhankar.txt -f "%U" python3 homework.py > stulog.txt 2>&1 on vdhankar #####
##### Output of failed program (stdout + stderr): #####
Traceback (most recent call last):
  File "homework.py", line 546, in <module>
    print(end-start)
NameError: name 'end' is not defined
##### End of output of failed program #####
##### vdhankar plays [E e1 f2] in 2.14919495582581s #####
##### Running: /usr/lib/jvm/jdk-14.0.1/bin/java -jar /lab/itti/projects/checkers-competition/server/referee.jar on run_21_glduncan_vdhankar #####
Move is valid
##### SUCCESS: /usr/lib/jvm/jdk-14.0.1/bin/java -jar /lab/itti/projects/checkers-competition/server/referee.jar on run_21_glduncan_vdhankar #####
INPUT for glduncan:
GAME
WHITE
280.05
.b.W.W..
......W.
...B....
..b.....
........
........
.....B..
........
##### Running: /usr/bin/time -o time_21_glduncan_vdhankar.txt -f "%U" python3 homework.py > stulog.txt 2>&1 on glduncan #####
##### SUCCESS: /usr/bin/time -o time_21_glduncan_vdhankar.txt -f "%U" python3 homework.py > stulog.txt 2>&1 on glduncan #####
##### glduncan plays [E g7 h8] in 0.86s #####
##### Running: /usr/lib/jvm/jdk-14.0.1/bin/java -jar /lab/itti/projects/checkers-competition/server/referee.jar on run_21_glduncan_vdhankar #####
Move is valid
##### SUCCESS: /usr/lib/jvm/jdk-14.0.1/bin/java -jar /lab/itti/projects/checkers-competition/server/referee.jar on run_21_glduncan_vdhankar #####
INPUT for vdhankar:
GAME
BLACK
43.4644508361816
.b.W.W.W
........
...B....
..b.....
........
........
.....B..
........
##### Running: /usr/bin/time -o time_21_glduncan_vdhankar.txt -f "%U" python3 homework.py > stulog.txt 2>&1 on vdhankar #####
child exited with value 1
##### ERROR: /usr/bin/time -o time_21_glduncan_vdhankar.txt -f "%U" python3 homework.py > stulog.txt 2>&1 on vdhankar #####
##### Output of failed program (stdout + stderr): #####
Traceback (most recent call last):
  File "homework.py", line 546, in <module>
    print(end-start)
NameError: name 'end' is not defined
##### End of output of failed program #####
##### vdhankar plays [E f2 g1] in 2.22120308876038s #####
##### Running: /usr/lib/jvm/jdk-14.0.1/bin/java -jar /lab/itti/projects/checkers-competition/server/referee.jar on run_21_glduncan_vdhankar #####
Move is valid
##### SUCCESS: /usr/lib/jvm/jdk-14.0.1/bin/java -jar /lab/itti/projects/checkers-competition/server/referee.jar on run_21_glduncan_vdhankar #####
INPUT for glduncan:
GAME
WHITE
279.19
.b.W.W.W
........
...B....
..b.....
........
........
........
......B.
##### Running: /usr/bin/time -o time_21_glduncan_vdhankar.txt -f "%U" python3 homework.py > stulog.txt 2>&1 on glduncan #####
##### SUCCESS: /usr/bin/time -o time_21_glduncan_vdhankar.txt -f "%U" python3 homework.py > stulog.txt 2>&1 on glduncan #####
##### glduncan plays [E h8 g7] in 0.41s #####
##### Running: /usr/lib/jvm/jdk-14.0.1/bin/java -jar /lab/itti/projects/checkers-competition/server/referee.jar on run_21_glduncan_vdhankar #####
Move is valid
##### SUCCESS: /usr/lib/jvm/jdk-14.0.1/bin/java -jar /lab/itti/projects/checkers-competition/server/referee.jar on run_21_glduncan_vdhankar #####
INPUT for vdhankar:
GAME
BLACK
41.2432477474213
.b.W.W..
......W.
...B....
..b.....
........
........
........
......B.
##### Running: /usr/bin/time -o time_21_glduncan_vdhankar.txt -f "%U" python3 homework.py > stulog.txt 2>&1 on vdhankar #####
child exited with value 1
##### ERROR: /usr/bin/time -o time_21_glduncan_vdhankar.txt -f "%U" python3 homework.py > stulog.txt 2>&1 on vdhankar #####
##### Output of failed program (stdout + stderr): #####
Traceback (most recent call last):
  File "homework.py", line 546, in <module>
    print(end-start)
NameError: name 'end' is not defined
##### End of output of failed program #####
##### vdhankar plays [E g1 f2] in 2.03218483924866s #####
##### Running: /usr/lib/jvm/jdk-14.0.1/bin/java -jar /lab/itti/projects/checkers-competition/server/referee.jar on run_21_glduncan_vdhankar #####
Move is valid
##### SUCCESS: /usr/lib/jvm/jdk-14.0.1/bin/java -jar /lab/itti/projects/checkers-competition/server/referee.jar on run_21_glduncan_vdhankar #####
INPUT for glduncan:
GAME
WHITE
278.78
.b.W.W..
......W.
...B....
..b.....
........
........
.....B..
........
##### Running: /usr/bin/time -o time_21_glduncan_vdhankar.txt -f "%U" python3 homework.py > stulog.txt 2>&1 on glduncan #####
##### SUCCESS: /usr/bin/time -o time_21_glduncan_vdhankar.txt -f "%U" python3 homework.py > stulog.txt 2>&1 on glduncan #####
##### glduncan plays [E g7 h8] in 0.85s #####
##### Running: /usr/lib/jvm/jdk-14.0.1/bin/java -jar /lab/itti/projects/checkers-competition/server/referee.jar on run_21_glduncan_vdhankar #####
Move is valid
##### SUCCESS: /usr/lib/jvm/jdk-14.0.1/bin/java -jar /lab/itti/projects/checkers-competition/server/referee.jar on run_21_glduncan_vdhankar #####
INPUT for vdhankar:
GAME
BLACK
39.2110629081726
.b.W.W.W
........
...B....
..b.....
........
........
.....B..
........
##### Running: /usr/bin/time -o time_21_glduncan_vdhankar.txt -f "%U" python3 homework.py > stulog.txt 2>&1 on vdhankar #####
child exited with value 1
##### ERROR: /usr/bin/time -o time_21_glduncan_vdhankar.txt -f "%U" python3 homework.py > stulog.txt 2>&1 on vdhankar #####
##### Output of failed program (stdout + stderr): #####
Traceback (most recent call last):
  File "homework.py", line 546, in <module>
    print(end-start)
NameError: name 'end' is not defined
##### End of output of failed program #####
##### vdhankar plays [E f2 g1] in 2.41773295402527s #####
##### Running: /usr/lib/jvm/jdk-14.0.1/bin/java -jar /lab/itti/projects/checkers-competition/server/referee.jar on run_21_glduncan_vdhankar #####
Move is valid
##### SUCCESS: /usr/lib/jvm/jdk-14.0.1/bin/java -jar /lab/itti/projects/checkers-competition/server/referee.jar on run_21_glduncan_vdhankar #####
INPUT for glduncan:
GAME
WHITE
277.93
.b.W.W.W
........
...B....
..b.....
........
........
........
......B.
##### Running: /usr/bin/time -o time_21_glduncan_vdhankar.txt -f "%U" python3 homework.py > stulog.txt 2>&1 on glduncan #####
##### SUCCESS: /usr/bin/time -o time_21_glduncan_vdhankar.txt -f "%U" python3 homework.py > stulog.txt 2>&1 on glduncan #####
##### glduncan plays [E h8 g7] in 0.41s #####
##### Running: /usr/lib/jvm/jdk-14.0.1/bin/java -jar /lab/itti/projects/checkers-competition/server/referee.jar on run_21_glduncan_vdhankar #####
Move is valid
##### SUCCESS: /usr/lib/jvm/jdk-14.0.1/bin/java -jar /lab/itti/projects/checkers-competition/server/referee.jar on run_21_glduncan_vdhankar #####
INPUT for vdhankar:
GAME
BLACK
36.7933299541473
.b.W.W..
......W.
...B....
..b.....
........
........
........
......B.
##### Running: /usr/bin/time -o time_21_glduncan_vdhankar.txt -f "%U" python3 homework.py > stulog.txt 2>&1 on vdhankar #####
child exited with value 1
##### ERROR: /usr/bin/time -o time_21_glduncan_vdhankar.txt -f "%U" python3 homework.py > stulog.txt 2>&1 on vdhankar #####
##### Output of failed program (stdout + stderr): #####
Traceback (most recent call last):
  File "homework.py", line 546, in <module>
    print(end-start)
NameError: name 'end' is not defined
##### End of output of failed program #####
##### vdhankar plays [E g1 f2] in 2.04334402084351s #####
##### Running: /usr/lib/jvm/jdk-14.0.1/bin/java -jar /lab/itti/projects/checkers-competition/server/referee.jar on run_21_glduncan_vdhankar #####
Move is valid
##### SUCCESS: /usr/lib/jvm/jdk-14.0.1/bin/java -jar /lab/itti/projects/checkers-competition/server/referee.jar on run_21_glduncan_vdhankar #####
INPUT for glduncan:
GAME
WHITE
277.52
.b.W.W..
......W.
...B....
..b.....
........
........
.....B..
........
##### Running: /usr/bin/time -o time_21_glduncan_vdhankar.txt -f "%U" python3 homework.py > stulog.txt 2>&1 on glduncan #####
##### SUCCESS: /usr/bin/time -o time_21_glduncan_vdhankar.txt -f "%U" python3 homework.py > stulog.txt 2>&1 on glduncan #####
##### glduncan plays [E g7 h8] in 0.85s #####
##### Running: /usr/lib/jvm/jdk-14.0.1/bin/java -jar /lab/itti/projects/checkers-competition/server/referee.jar on run_21_glduncan_vdhankar #####
Move is valid
Seen this position 3 times
*** Game ends in draw ***
##### SUCCESS: /usr/lib/jvm/jdk-14.0.1/bin/java -jar /lab/itti/projects/checkers-competition/server/referee.jar on run_21_glduncan_vdhankar #####
##### GAME ENDS IN A DRAW. Time left for glduncan: 276.67s, vdhankar: 34.7499859333038s
Server said: DRAW
##### GAME OVER: the game ends in a draw, glduncan wins by time remaining #####
########## ROUND 21 GAMESCORE AFTER GAME 3: glduncan=2 and vdhankar=1 ##########
#################### ROUND 21: glduncan (B) vs vdhankar (W): game 4 ####################
##### game start! #####
INPUT for glduncan:
GAME
BLACK
300
.b.b.b.b
b.b.b.b.
.b.b.b.b
........
........
w.w.w.w.
.w.w.w.w
w.w.w.w.
##### Running: /usr/bin/time -o time_21_glduncan_vdhankar.txt -f "%U" python3 homework.py > stulog.txt 2>&1 on glduncan #####
##### SUCCESS: /usr/bin/time -o time_21_glduncan_vdhankar.txt -f "%U" python3 homework.py > stulog.txt 2>&1 on glduncan #####
##### glduncan plays [E f6 e5] in 0.03s #####
##### Running: /usr/lib/jvm/jdk-14.0.1/bin/java -jar /lab/itti/projects/checkers-competition/server/referee.jar on run_21_glduncan_vdhankar #####
Move is valid
Couldn't read file 'current_ply.txt'
Couldn't read content from file 'current_ply.txt'
Couldn't read file 'lastmatchange_ply.txt'
Couldn't read content from file 'lastmatchange_ply.txt'
##### SUCCESS: /usr/lib/jvm/jdk-14.0.1/bin/java -jar /lab/itti/projects/checkers-competition/server/referee.jar on run_21_glduncan_vdhankar #####
INPUT for vdhankar:
GAME
WHITE
300
.b.b.b.b
b.b.b.b.
.b.b...b
....b...
........
w.w.w.w.
.w.w.w.w
w.w.w.w.
##### Running: /usr/bin/time -o time_21_glduncan_vdhankar.txt -f "%U" python3 homework.py > stulog.txt 2>&1 on vdhankar #####
child exited with value 1
##### ERROR: /usr/bin/time -o time_21_glduncan_vdhankar.txt -f "%U" python3 homework.py > stulog.txt 2>&1 on vdhankar #####
##### Output of failed program (stdout + stderr): #####
Traceback (most recent call last):
  File "homework.py", line 546, in <module>
    print(end-start)
NameError: name 'end' is not defined
##### End of output of failed program #####
##### vdhankar plays [E g3 h4] in 4.83550500869751s #####
##### Running: /usr/lib/jvm/jdk-14.0.1/bin/java -jar /lab/itti/projects/checkers-competition/server/referee.jar on run_21_glduncan_vdhankar #####
Move is valid
##### SUCCESS: /usr/lib/jvm/jdk-14.0.1/bin/java -jar /lab/itti/projects/checkers-competition/server/referee.jar on run_21_glduncan_vdhankar #####
INPUT for glduncan:
GAME
BLACK
299.97
.b.b.b.b
b.b.b.b.
.b.b...b
....b...
.......w
w.w.w...
.w.w.w.w
w.w.w.w.
##### Running: /usr/bin/time -o time_21_glduncan_vdhankar.txt -f "%U" python3 homework.py > stulog.txt 2>&1 on glduncan #####
##### SUCCESS: /usr/bin/time -o time_21_glduncan_vdhankar.txt -f "%U" python3 homework.py > stulog.txt 2>&1 on glduncan #####
##### glduncan plays [E e5 f4] in 1.15s #####
##### Running: /usr/lib/jvm/jdk-14.0.1/bin/java -jar /lab/itti/projects/checkers-competition/server/referee.jar on run_21_glduncan_vdhankar #####
Move is valid
##### SUCCESS: /usr/lib/jvm/jdk-14.0.1/bin/java -jar /lab/itti/projects/checkers-competition/server/referee.jar on run_21_glduncan_vdhankar #####
INPUT for vdhankar:
GAME
WHITE
295.164494991302
.b.b.b.b
b.b.b.b.
.b.b...b
........
.....b.w
w.w.w...
.w.w.w.w
w.w.w.w.
##### Running: /usr/bin/time -o time_21_glduncan_vdhankar.txt -f "%U" python3 homework.py > stulog.txt 2>&1 on vdhankar #####
child exited with value 1
##### ERROR: /usr/bin/time -o time_21_glduncan_vdhankar.txt -f "%U" python3 homework.py > stulog.txt 2>&1 on vdhankar #####
##### Output of failed program (stdout + stderr): #####
Traceback (most recent call last):
  File "homework.py", line 546, in <module>
    print(end-start)
NameError: name 'end' is not defined
##### End of output of failed program #####
##### vdhankar plays [J e3 g5] in 0.972695112228394s #####
##### Running: /usr/lib/jvm/jdk-14.0.1/bin/java -jar /lab/itti/projects/checkers-competition/server/referee.jar on run_21_glduncan_vdhankar #####
Move is valid
##### SUCCESS: /usr/lib/jvm/jdk-14.0.1/bin/java -jar /lab/itti/projects/checkers-competition/server/referee.jar on run_21_glduncan_vdhankar #####
INPUT for glduncan:
GAME
BLACK
298.82
.b.b.b.b
b.b.b.b.
.b.b...b
......w.
.......w
w.w.....
.w.w.w.w
w.w.w.w.
##### Running: /usr/bin/time -o time_21_glduncan_vdhankar.txt -f "%U" python3 homework.py > stulog.txt 2>&1 on glduncan #####
##### SUCCESS: /usr/bin/time -o time_21_glduncan_vdhankar.txt -f "%U" python3 homework.py > stulog.txt 2>&1 on glduncan #####
##### glduncan plays [J h6 f4] in 0.4s #####
##### Running: /usr/lib/jvm/jdk-14.0.1/bin/java -jar /lab/itti/projects/checkers-competition/server/referee.jar on run_21_glduncan_vdhankar #####
Move is valid
##### SUCCESS: /usr/lib/jvm/jdk-14.0.1/bin/java -jar /lab/itti/projects/checkers-competition/server/referee.jar on run_21_glduncan_vdhankar #####
INPUT for vdhankar:
GAME
WHITE
294.191799879074
.b.b.b.b
b.b.b.b.
.b.b....
........
.....b.w
w.w.....
.w.w.w.w
w.w.w.w.
##### Running: /usr/bin/time -o time_21_glduncan_vdhankar.txt -f "%U" python3 homework.py > stulog.txt 2>&1 on vdhankar #####
child exited with value 1
##### ERROR: /usr/bin/time -o time_21_glduncan_vdhankar.txt -f "%U" python3 homework.py > stulog.txt 2>&1 on vdhankar #####
##### Output of failed program (stdout + stderr): #####
Traceback (most recent call last):
  File "homework.py", line 546, in <module>
    print(end-start)
NameError: name 'end' is not defined
##### End of output of failed program #####
##### vdhankar plays [E c3 d4] in 10.4341061115265s #####
##### Running: /usr/lib/jvm/jdk-14.0.1/bin/java -jar /lab/itti/projects/checkers-competition/server/referee.jar on run_21_glduncan_vdhankar #####
Move is valid
##### SUCCESS: /usr/lib/jvm/jdk-14.0.1/bin/java -jar /lab/itti/projects/checkers-competition/server/referee.jar on run_21_glduncan_vdhankar #####
INPUT for glduncan:
GAME
BLACK
298.42
.b.b.b.b
b.b.b.b.
.b.b....
........
...w.b.w
w.......
.w.w.w.w
w.w.w.w.
##### Running: /usr/bin/time -o time_21_glduncan_vdhankar.txt -f "%U" python3 homework.py > stulog.txt 2>&1 on glduncan #####
##### SUCCESS: /usr/bin/time -o time_21_glduncan_vdhankar.txt -f "%U" python3 homework.py > stulog.txt 2>&1 on glduncan #####
##### glduncan plays [E d6 e5] in 1.76s #####
##### Running: /usr/lib/jvm/jdk-14.0.1/bin/java -jar /lab/itti/projects/checkers-competition/server/referee.jar on run_21_glduncan_vdhankar #####
Move is valid
##### SUCCESS: /usr/lib/jvm/jdk-14.0.1/bin/java -jar /lab/itti/projects/checkers-competition/server/referee.jar on run_21_glduncan_vdhankar #####
INPUT for vdhankar:
GAME
WHITE
283.757693767548
.b.b.b.b
b.b.b.b.
.b......
....b...
...w.b.w
w.......
.w.w.w.w
w.w.w.w.
##### Running: /usr/bin/time -o time_21_glduncan_vdhankar.txt -f "%U" python3 homework.py > stulog.txt 2>&1 on vdhankar #####
child exited with value 1
##### ERROR: /usr/bin/time -o time_21_glduncan_vdhankar.txt -f "%U" python3 homework.py > stulog.txt 2>&1 on vdhankar #####
##### Output of failed program (stdout + stderr): #####
Traceback (most recent call last):
  File "homework.py", line 546, in <module>
    print(end-start)
NameError: name 'end' is not defined
##### End of output of failed program #####
##### vdhankar plays [J d4 f6] in 2.39132595062256s #####
##### Running: /usr/lib/jvm/jdk-14.0.1/bin/java -jar /lab/itti/projects/checkers-competition/server/referee.jar on run_21_glduncan_vdhankar #####
Move is valid
##### SUCCESS: /usr/lib/jvm/jdk-14.0.1/bin/java -jar /lab/itti/projects/checkers-competition/server/referee.jar on run_21_glduncan_vdhankar #####
INPUT for glduncan:
GAME
BLACK
296.66
.b.b.b.b
b.b.b.b.
.b...w..
........
.....b.w
w.......
.w.w.w.w
w.w.w.w.
##### Running: /usr/bin/time -o time_21_glduncan_vdhankar.txt -f "%U" python3 homework.py > stulog.txt 2>&1 on glduncan #####
##### SUCCESS: /usr/bin/time -o time_21_glduncan_vdhankar.txt -f "%U" python3 homework.py > stulog.txt 2>&1 on glduncan #####
##### glduncan plays [J e7 g5] in 0.39s #####
##### Running: /usr/lib/jvm/jdk-14.0.1/bin/java -jar /lab/itti/projects/checkers-competition/server/referee.jar on run_21_glduncan_vdhankar #####
Move is valid
##### SUCCESS: /usr/lib/jvm/jdk-14.0.1/bin/java -jar /lab/itti/projects/checkers-competition/server/referee.jar on run_21_glduncan_vdhankar #####
INPUT for vdhankar:
GAME
WHITE
281.366367816925
.b.b.b.b
b.b...b.
.b......
......b.
.....b.w
w.......
.w.w.w.w
w.w.w.w.
##### Running: /usr/bin/time -o time_21_glduncan_vdhankar.txt -f "%U" python3 homework.py > stulog.txt 2>&1 on vdhankar #####
child exited with value 1
##### ERROR: /usr/bin/time -o time_21_glduncan_vdhankar.txt -f "%U" python3 homework.py > stulog.txt 2>&1 on vdhankar #####
##### Output of failed program (stdout + stderr): #####
Traceback (most recent call last):
  File "homework.py", line 546, in <module>
    print(end-start)
NameError: name 'end' is not defined
##### End of output of failed program #####
##### vdhankar plays [J h4 f6] in 1.53957200050354s #####
##### Running: /usr/lib/jvm/jdk-14.0.1/bin/java -jar /lab/itti/projects/checkers-competition/server/referee.jar on run_21_glduncan_vdhankar #####
Move is valid
##### SUCCESS: /usr/lib/jvm/jdk-14.0.1/bin/java -jar /lab/itti/projects/checkers-competition/server/referee.jar on run_21_glduncan_vdhankar #####
INPUT for glduncan:
GAME
BLACK
296.27
.b.b.b.b
b.b...b.
.b...w..
........
.....b..
w.......
.w.w.w.w
w.w.w.w.
##### Running: /usr/bin/time -o time_21_glduncan_vdhankar.txt -f "%U" python3 homework.py > stulog.txt 2>&1 on glduncan #####
##### SUCCESS: /usr/bin/time -o time_21_glduncan_vdhankar.txt -f "%U" python3 homework.py > stulog.txt 2>&1 on glduncan #####
##### glduncan plays [J g7 e5] in 0.31s #####
##### Running: /usr/lib/jvm/jdk-14.0.1/bin/java -jar /lab/itti/projects/checkers-competition/server/referee.jar on run_21_glduncan_vdhankar #####
Move is valid
##### SUCCESS: /usr/lib/jvm/jdk-14.0.1/bin/java -jar /lab/itti/projects/checkers-competition/server/referee.jar on run_21_glduncan_vdhankar #####
INPUT for vdhankar:
GAME
WHITE
279.826795816422
.b.b.b.b
b.b.....
.b......
....b...
.....b..
w.......
.w.w.w.w
w.w.w.w.
##### Running: /usr/bin/time -o time_21_glduncan_vdhankar.txt -f "%U" python3 homework.py > stulog.txt 2>&1 on vdhankar #####
child exited with value 1
##### ERROR: /usr/bin/time -o time_21_glduncan_vdhankar.txt -f "%U" python3 homework.py > stulog.txt 2>&1 on vdhankar #####
##### Output of failed program (stdout + stderr): #####
Traceback (most recent call last):
  File "homework.py", line 546, in <module>
    print(end-start)
NameError: name 'end' is not defined
##### End of output of failed program #####
##### vdhankar plays [E f2 e3] in 11.6745970249176s #####
##### Running: /usr/lib/jvm/jdk-14.0.1/bin/java -jar /lab/itti/projects/checkers-competition/server/referee.jar on run_21_glduncan_vdhankar #####
Move is valid
##### SUCCESS: /usr/lib/jvm/jdk-14.0.1/bin/java -jar /lab/itti/projects/checkers-competition/server/referee.jar on run_21_glduncan_vdhankar #####
INPUT for glduncan:
GAME
BLACK
295.96
.b.b.b.b
b.b.....
.b......
....b...
.....b..
w...w...
.w.w...w
w.w.w.w.
##### Running: /usr/bin/time -o time_21_glduncan_vdhankar.txt -f "%U" python3 homework.py > stulog.txt 2>&1 on glduncan #####
##### SUCCESS: /usr/bin/time -o time_21_glduncan_vdhankar.txt -f "%U" python3 homework.py > stulog.txt 2>&1 on glduncan #####
##### glduncan plays [E f4 g3] in 0.48s #####
##### Running: /usr/lib/jvm/jdk-14.0.1/bin/java -jar /lab/itti/projects/checkers-competition/server/referee.jar on run_21_glduncan_vdhankar #####
Move is valid
##### SUCCESS: /usr/lib/jvm/jdk-14.0.1/bin/java -jar /lab/itti/projects/checkers-competition/server/referee.jar on run_21_glduncan_vdhankar #####
INPUT for vdhankar:
GAME
WHITE
268.152198791504
.b.b.b.b
b.b.....
.b......
....b...
........
w...w.b.
.w.w...w
w.w.w.w.
##### Running: /usr/bin/time -o time_21_glduncan_vdhankar.txt -f "%U" python3 homework.py > stulog.txt 2>&1 on vdhankar #####
child exited with value 1
##### ERROR: /usr/bin/time -o time_21_glduncan_vdhankar.txt -f "%U" python3 homework.py > stulog.txt 2>&1 on vdhankar #####
##### Output of failed program (stdout + stderr): #####
Traceback (most recent call last):
  File "homework.py", line 546, in <module>
    print(end-start)
NameError: name 'end' is not defined
##### End of output of failed program #####
##### vdhankar plays [J h2 f4 ; J f4 d6] in 1.19754099845886s #####
##### Running: /usr/lib/jvm/jdk-14.0.1/bin/java -jar /lab/itti/projects/checkers-competition/server/referee.jar on run_21_glduncan_vdhankar #####
Move is valid
##### SUCCESS: /usr/lib/jvm/jdk-14.0.1/bin/java -jar /lab/itti/projects/checkers-competition/server/referee.jar on run_21_glduncan_vdhankar #####
INPUT for glduncan:
GAME
BLACK
295.48
.b.b.b.b
b.b.....
.b.w....
........
........
w...w...
.w.w....
w.w.w.w.
##### Running: /usr/bin/time -o time_21_glduncan_vdhankar.txt -f "%U" python3 homework.py > stulog.txt 2>&1 on glduncan #####
##### SUCCESS: /usr/bin/time -o time_21_glduncan_vdhankar.txt -f "%U" python3 homework.py > stulog.txt 2>&1 on glduncan #####
##### glduncan plays [J c7 e5] in 0.33s #####
##### Running: /usr/lib/jvm/jdk-14.0.1/bin/java -jar /lab/itti/projects/checkers-competition/server/referee.jar on run_21_glduncan_vdhankar #####
Move is valid
##### SUCCESS: /usr/lib/jvm/jdk-14.0.1/bin/java -jar /lab/itti/projects/checkers-competition/server/referee.jar on run_21_glduncan_vdhankar #####
INPUT for vdhankar:
GAME
WHITE
266.954657793045
.b.b.b.b
b.......
.b......
....b...
........
w...w...
.w.w....
w.w.w.w.
##### Running: /usr/bin/time -o time_21_glduncan_vdhankar.txt -f "%U" python3 homework.py > stulog.txt 2>&1 on vdhankar #####
child exited with value 1
##### ERROR: /usr/bin/time -o time_21_glduncan_vdhankar.txt -f "%U" python3 homework.py > stulog.txt 2>&1 on vdhankar #####
##### Output of failed program (stdout + stderr): #####
Traceback (most recent call last):
  File "homework.py", line 546, in <module>
    print(end-start)
NameError: name 'end' is not defined
##### End of output of failed program #####
##### vdhankar plays [E g1 h2] in 12.322496175766s #####
##### Running: /usr/lib/jvm/jdk-14.0.1/bin/java -jar /lab/itti/projects/checkers-competition/server/referee.jar on run_21_glduncan_vdhankar #####
Move is valid
##### SUCCESS: /usr/lib/jvm/jdk-14.0.1/bin/java -jar /lab/itti/projects/checkers-competition/server/referee.jar on run_21_glduncan_vdhankar #####
INPUT for glduncan:
GAME
BLACK
295.15
.b.b.b.b
b.......
.b......
....b...
........
w...w...
.w.w...w
w.w.w...
##### Running: /usr/bin/time -o time_21_glduncan_vdhankar.txt -f "%U" python3 homework.py > stulog.txt 2>&1 on glduncan #####
##### SUCCESS: /usr/bin/time -o time_21_glduncan_vdhankar.txt -f "%U" python3 homework.py > stulog.txt 2>&1 on glduncan #####
##### glduncan plays [E e5 d4] in 1.53s #####
##### Running: /usr/lib/jvm/jdk-14.0.1/bin/java -jar /lab/itti/projects/checkers-competition/server/referee.jar on run_21_glduncan_vdhankar #####
Move is valid
##### SUCCESS: /usr/lib/jvm/jdk-14.0.1/bin/java -jar /lab/itti/projects/checkers-competition/server/referee.jar on run_21_glduncan_vdhankar #####
INPUT for vdhankar:
GAME
WHITE
254.632161617279
.b.b.b.b
b.......
.b......
........
...b....
w...w...
.w.w...w
w.w.w...
##### Running: /usr/bin/time -o time_21_glduncan_vdhankar.txt -f "%U" python3 homework.py > stulog.txt 2>&1 on vdhankar #####
child exited with value 1
##### ERROR: /usr/bin/time -o time_21_glduncan_vdhankar.txt -f "%U" python3 homework.py > stulog.txt 2>&1 on vdhankar #####
##### Output of failed program (stdout + stderr): #####
Traceback (most recent call last):
  File "homework.py", line 546, in <module>
    print(end-start)
NameError: name 'end' is not defined
##### End of output of failed program #####
##### vdhankar plays [J e3 c5] in 1.44924688339233s #####
##### Running: /usr/lib/jvm/jdk-14.0.1/bin/java -jar /lab/itti/projects/checkers-competition/server/referee.jar on run_21_glduncan_vdhankar #####
Move is valid
##### SUCCESS: /usr/lib/jvm/jdk-14.0.1/bin/java -jar /lab/itti/projects/checkers-competition/server/referee.jar on run_21_glduncan_vdhankar #####
INPUT for glduncan:
GAME
BLACK
293.62
.b.b.b.b
b.......
.b......
..w.....
........
w.......
.w.w...w
w.w.w...
##### Running: /usr/bin/time -o time_21_glduncan_vdhankar.txt -f "%U" python3 homework.py > stulog.txt 2>&1 on glduncan #####
##### SUCCESS: /usr/bin/time -o time_21_glduncan_vdhankar.txt -f "%U" python3 homework.py > stulog.txt 2>&1 on glduncan #####
##### glduncan plays [J b6 d4] in 0.22s #####
##### Running: /usr/lib/jvm/jdk-14.0.1/bin/java -jar /lab/itti/projects/checkers-competition/server/referee.jar on run_21_glduncan_vdhankar #####
Move is valid
##### SUCCESS: /usr/lib/jvm/jdk-14.0.1/bin/java -jar /lab/itti/projects/checkers-competition/server/referee.jar on run_21_glduncan_vdhankar #####
INPUT for vdhankar:
GAME
WHITE
253.182914733887
.b.b.b.b
b.......
........
........
...b....
w.......
.w.w...w
w.w.w...
##### Running: /usr/bin/time -o time_21_glduncan_vdhankar.txt -f "%U" python3 homework.py > stulog.txt 2>&1 on vdhankar #####
child exited with value 1
##### ERROR: /usr/bin/time -o time_21_glduncan_vdhankar.txt -f "%U" python3 homework.py > stulog.txt 2>&1 on vdhankar #####
##### Output of failed program (stdout + stderr): #####
Traceback (most recent call last):
  File "homework.py", line 546, in <module>
    print(end-start)
NameError: name 'end' is not defined
##### End of output of failed program #####
##### vdhankar plays [E e1 f2] in 14.0507259368896s #####
##### Running: /usr/lib/jvm/jdk-14.0.1/bin/java -jar /lab/itti/projects/checkers-competition/server/referee.jar on run_21_glduncan_vdhankar #####
Move is valid
##### SUCCESS: /usr/lib/jvm/jdk-14.0.1/bin/java -jar /lab/itti/projects/checkers-competition/server/referee.jar on run_21_glduncan_vdhankar #####
INPUT for glduncan:
GAME
BLACK
293.4
.b.b.b.b
b.......
........
........
...b....
w.......
.w.w.w.w
w.w.....
##### Running: /usr/bin/time -o time_21_glduncan_vdhankar.txt -f "%U" python3 homework.py > stulog.txt 2>&1 on glduncan #####
##### SUCCESS: /usr/bin/time -o time_21_glduncan_vdhankar.txt -f "%U" python3 homework.py > stulog.txt 2>&1 on glduncan #####
##### glduncan plays [E d4 e3] in 1.16s #####
##### Running: /usr/lib/jvm/jdk-14.0.1/bin/java -jar /lab/itti/projects/checkers-competition/server/referee.jar on run_21_glduncan_vdhankar #####
Move is valid
##### SUCCESS: /usr/lib/jvm/jdk-14.0.1/bin/java -jar /lab/itti/projects/checkers-competition/server/referee.jar on run_21_glduncan_vdhankar #####
INPUT for vdhankar:
GAME
WHITE
239.132188796997
.b.b.b.b
b.......
........
........
........
w...b...
.w.w.w.w
w.w.....
##### Running: /usr/bin/time -o time_21_glduncan_vdhankar.txt -f "%U" python3 homework.py > stulog.txt 2>&1 on vdhankar #####
child exited with value 1
##### ERROR: /usr/bin/time -o time_21_glduncan_vdhankar.txt -f "%U" python3 homework.py > stulog.txt 2>&1 on vdhankar #####
##### Output of failed program (stdout + stderr): #####
Traceback (most recent call last):
  File "homework.py", line 546, in <module>
    print(end-start)
NameError: name 'end' is not defined
##### End of output of failed program #####
##### vdhankar plays [J f2 d4] in 16.4319097995758s #####
##### Running: /usr/lib/jvm/jdk-14.0.1/bin/java -jar /lab/itti/projects/checkers-competition/server/referee.jar on run_21_glduncan_vdhankar #####
Move is valid
##### SUCCESS: /usr/lib/jvm/jdk-14.0.1/bin/java -jar /lab/itti/projects/checkers-competition/server/referee.jar on run_21_glduncan_vdhankar #####
INPUT for glduncan:
GAME
BLACK
292.24
.b.b.b.b
b.......
........
........
...w....
w.......
.w.w...w
w.w.....
##### Running: /usr/bin/time -o time_21_glduncan_vdhankar.txt -f "%U" python3 homework.py > stulog.txt 2>&1 on glduncan #####
##### SUCCESS: /usr/bin/time -o time_21_glduncan_vdhankar.txt -f "%U" python3 homework.py > stulog.txt 2>&1 on glduncan #####
##### glduncan plays [E a7 b6] in 1.03s #####
##### Running: /usr/lib/jvm/jdk-14.0.1/bin/java -jar /lab/itti/projects/checkers-competition/server/referee.jar on run_21_glduncan_vdhankar #####
Move is valid
##### SUCCESS: /usr/lib/jvm/jdk-14.0.1/bin/java -jar /lab/itti/projects/checkers-competition/server/referee.jar on run_21_glduncan_vdhankar #####
INPUT for vdhankar:
GAME
WHITE
222.700278997421
.b.b.b.b
........
.b......
........
...w....
w.......
.w.w...w
w.w.....
##### Running: /usr/bin/time -o time_21_glduncan_vdhankar.txt -f "%U" python3 homework.py > stulog.txt 2>&1 on vdhankar #####
child exited with value 1
##### ERROR: /usr/bin/time -o time_21_glduncan_vdhankar.txt -f "%U" python3 homework.py > stulog.txt 2>&1 on vdhankar #####
##### Output of failed program (stdout + stderr): #####
Traceback (most recent call last):
  File "homework.py", line 546, in <module>
    print(end-start)
NameError: name 'end' is not defined
##### End of output of failed program #####
##### vdhankar plays [E h2 g3] in 26.3419799804688s #####
##### Running: /usr/lib/jvm/jdk-14.0.1/bin/java -jar /lab/itti/projects/checkers-competition/server/referee.jar on run_21_glduncan_vdhankar #####
Move is valid
##### SUCCESS: /usr/lib/jvm/jdk-14.0.1/bin/java -jar /lab/itti/projects/checkers-competition/server/referee.jar on run_21_glduncan_vdhankar #####
INPUT for glduncan:
GAME
BLACK
291.21
.b.b.b.b
........
.b......
........
...w....
w.....w.
.w.w....
w.w.....
##### Running: /usr/bin/time -o time_21_glduncan_vdhankar.txt -f "%U" python3 homework.py > stulog.txt 2>&1 on glduncan #####
##### SUCCESS: /usr/bin/time -o time_21_glduncan_vdhankar.txt -f "%U" python3 homework.py > stulog.txt 2>&1 on glduncan #####
##### glduncan plays [E b6 a5] in 1.58s #####
##### Running: /usr/lib/jvm/jdk-14.0.1/bin/java -jar /lab/itti/projects/checkers-competition/server/referee.jar on run_21_glduncan_vdhankar #####
Move is valid
##### SUCCESS: /usr/lib/jvm/jdk-14.0.1/bin/java -jar /lab/itti/projects/checkers-competition/server/referee.jar on run_21_glduncan_vdhankar #####
INPUT for vdhankar:
GAME
WHITE
196.358299016953
.b.b.b.b
........
........
b.......
...w....
w.....w.
.w.w....
w.w.....
##### Running: /usr/bin/time -o time_21_glduncan_vdhankar.txt -f "%U" python3 homework.py > stulog.txt 2>&1 on vdhankar #####
child exited with value 1
##### ERROR: /usr/bin/time -o time_21_glduncan_vdhankar.txt -f "%U" python3 homework.py > stulog.txt 2>&1 on vdhankar #####
##### Output of failed program (stdout + stderr): #####
Traceback (most recent call last):
  File "homework.py", line 546, in <module>
    print(end-start)
NameError: name 'end' is not defined
##### End of output of failed program #####
##### vdhankar plays [E d2 c3] in 15.5687830448151s #####
##### Running: /usr/lib/jvm/jdk-14.0.1/bin/java -jar /lab/itti/projects/checkers-competition/server/referee.jar on run_21_glduncan_vdhankar #####
Move is valid
##### SUCCESS: /usr/lib/jvm/jdk-14.0.1/bin/java -jar /lab/itti/projects/checkers-competition/server/referee.jar on run_21_glduncan_vdhankar #####
INPUT for glduncan:
GAME
BLACK
289.63
.b.b.b.b
........
........
b.......
...w....
w.w...w.
.w......
w.w.....
##### Running: /usr/bin/time -o time_21_glduncan_vdhankar.txt -f "%U" python3 homework.py > stulog.txt 2>&1 on glduncan #####
##### SUCCESS: /usr/bin/time -o time_21_glduncan_vdhankar.txt -f "%U" python3 homework.py > stulog.txt 2>&1 on glduncan #####
##### glduncan plays [E h8 g7] in 0.99s #####
##### Running: /usr/lib/jvm/jdk-14.0.1/bin/java -jar /lab/itti/projects/checkers-competition/server/referee.jar on run_21_glduncan_vdhankar #####
Move is valid
##### SUCCESS: /usr/lib/jvm/jdk-14.0.1/bin/java -jar /lab/itti/projects/checkers-competition/server/referee.jar on run_21_glduncan_vdhankar #####
INPUT for vdhankar:
GAME
WHITE
180.789515972137
.b.b.b..
......b.
........
b.......
...w....
w.w...w.
.w......
w.w.....
##### Running: /usr/bin/time -o time_21_glduncan_vdhankar.txt -f "%U" python3 homework.py > stulog.txt 2>&1 on vdhankar #####
child exited with value 1
##### ERROR: /usr/bin/time -o time_21_glduncan_vdhankar.txt -f "%U" python3 homework.py > stulog.txt 2>&1 on vdhankar #####
##### Output of failed program (stdout + stderr): #####
Traceback (most recent call last):
  File "homework.py", line 546, in <module>
    print(end-start)
NameError: name 'end' is not defined
##### End of output of failed program #####
##### vdhankar plays [E g3 h4] in 8.87367105484009s #####
##### Running: /usr/lib/jvm/jdk-14.0.1/bin/java -jar /lab/itti/projects/checkers-competition/server/referee.jar on run_21_glduncan_vdhankar #####
Move is valid
##### SUCCESS: /usr/lib/jvm/jdk-14.0.1/bin/java -jar /lab/itti/projects/checkers-competition/server/referee.jar on run_21_glduncan_vdhankar #####
INPUT for glduncan:
GAME
BLACK
288.64
.b.b.b..
......b.
........
b.......
...w...w
w.w.....
.w......
w.w.....
##### Running: /usr/bin/time -o time_21_glduncan_vdhankar.txt -f "%U" python3 homework.py > stulog.txt 2>&1 on glduncan #####
##### SUCCESS: /usr/bin/time -o time_21_glduncan_vdhankar.txt -f "%U" python3 homework.py > stulog.txt 2>&1 on glduncan #####
##### glduncan plays [E g7 h6] in 0.75s #####
##### Running: /usr/lib/jvm/jdk-14.0.1/bin/java -jar /lab/itti/projects/checkers-competition/server/referee.jar on run_21_glduncan_vdhankar #####
Move is valid
##### SUCCESS: /usr/lib/jvm/jdk-14.0.1/bin/java -jar /lab/itti/projects/checkers-competition/server/referee.jar on run_21_glduncan_vdhankar #####
INPUT for vdhankar:
GAME
WHITE
171.915844917297
.b.b.b..
........
.......b
b.......
...w...w
w.w.....
.w......
w.w.....
##### Running: /usr/bin/time -o time_21_glduncan_vdhankar.txt -f "%U" python3 homework.py > stulog.txt 2>&1 on vdhankar #####
child exited with value 1
##### ERROR: /usr/bin/time -o time_21_glduncan_vdhankar.txt -f "%U" python3 homework.py > stulog.txt 2>&1 on vdhankar #####
##### Output of failed program (stdout + stderr): #####
Traceback (most recent call last):
  File "homework.py", line 546, in <module>
    print(end-start)
NameError: name 'end' is not defined
##### End of output of failed program #####
##### vdhankar plays [E c3 b4] in 4.55187177658081s #####
##### Running: /usr/lib/jvm/jdk-14.0.1/bin/java -jar /lab/itti/projects/checkers-competition/server/referee.jar on run_21_glduncan_vdhankar #####
Move is valid
##### SUCCESS: /usr/lib/jvm/jdk-14.0.1/bin/java -jar /lab/itti/projects/checkers-competition/server/referee.jar on run_21_glduncan_vdhankar #####
INPUT for glduncan:
GAME
BLACK
287.89
.b.b.b..
........
.......b
b.......
.w.w...w
w.......
.w......
w.w.....
##### Running: /usr/bin/time -o time_21_glduncan_vdhankar.txt -f "%U" python3 homework.py > stulog.txt 2>&1 on glduncan #####
##### SUCCESS: /usr/bin/time -o time_21_glduncan_vdhankar.txt -f "%U" python3 homework.py > stulog.txt 2>&1 on glduncan #####
##### glduncan plays [J a5 c3] in 0.16s #####
##### Running: /usr/lib/jvm/jdk-14.0.1/bin/java -jar /lab/itti/projects/checkers-competition/server/referee.jar on run_21_glduncan_vdhankar #####
Move is valid
##### SUCCESS: /usr/lib/jvm/jdk-14.0.1/bin/java -jar /lab/itti/projects/checkers-competition/server/referee.jar on run_21_glduncan_vdhankar #####
INPUT for vdhankar:
GAME
WHITE
167.363973140717
.b.b.b..
........
.......b
........
...w...w
w.b.....
.w......
w.w.....
##### Running: /usr/bin/time -o time_21_glduncan_vdhankar.txt -f "%U" python3 homework.py > stulog.txt 2>&1 on vdhankar #####
child exited with value 1
##### ERROR: /usr/bin/time -o time_21_glduncan_vdhankar.txt -f "%U" python3 homework.py > stulog.txt 2>&1 on vdhankar #####
##### Output of failed program (stdout + stderr): #####
Traceback (most recent call last):
  File "homework.py", line 546, in <module>
    print(end-start)
NameError: name 'end' is not defined
##### End of output of failed program #####
##### vdhankar plays [E d4 e5] in 2.18473100662231s #####
##### Running: /usr/lib/jvm/jdk-14.0.1/bin/java -jar /lab/itti/projects/checkers-competition/server/referee.jar on run_21_glduncan_vdhankar #####
Move is valid
##### SUCCESS: /usr/lib/jvm/jdk-14.0.1/bin/java -jar /lab/itti/projects/checkers-competition/server/referee.jar on run_21_glduncan_vdhankar #####
INPUT for glduncan:
GAME
BLACK
287.73
.b.b.b..
........
.......b
....w...
.......w
w.b.....
.w......
w.w.....
##### Running: /usr/bin/time -o time_21_glduncan_vdhankar.txt -f "%U" python3 homework.py > stulog.txt 2>&1 on glduncan #####
##### SUCCESS: /usr/bin/time -o time_21_glduncan_vdhankar.txt -f "%U" python3 homework.py > stulog.txt 2>&1 on glduncan #####
##### glduncan plays [E c3 d2] in 0.27s #####
##### Running: /usr/lib/jvm/jdk-14.0.1/bin/java -jar /lab/itti/projects/checkers-competition/server/referee.jar on run_21_glduncan_vdhankar #####
Move is valid
##### SUCCESS: /usr/lib/jvm/jdk-14.0.1/bin/java -jar /lab/itti/projects/checkers-competition/server/referee.jar on run_21_glduncan_vdhankar #####
INPUT for vdhankar:
GAME
WHITE
165.179242134094
.b.b.b..
........
.......b
....w...
.......w
w.......
.w.b....
w.w.....
##### Running: /usr/bin/time -o time_21_glduncan_vdhankar.txt -f "%U" python3 homework.py > stulog.txt 2>&1 on vdhankar #####
child exited with value 1
##### ERROR: /usr/bin/time -o time_21_glduncan_vdhankar.txt -f "%U" python3 homework.py > stulog.txt 2>&1 on vdhankar #####
##### Output of failed program (stdout + stderr): #####
Traceback (most recent call last):
  File "homework.py", line 546, in <module>
    print(end-start)
NameError: name 'end' is not defined
##### End of output of failed program #####
##### vdhankar plays [J c1 e3] in 1.95788502693176s #####
##### Running: /usr/lib/jvm/jdk-14.0.1/bin/java -jar /lab/itti/projects/checkers-competition/server/referee.jar on run_21_glduncan_vdhankar #####
Move is valid
##### SUCCESS: /usr/lib/jvm/jdk-14.0.1/bin/java -jar /lab/itti/projects/checkers-competition/server/referee.jar on run_21_glduncan_vdhankar #####
INPUT for glduncan:
GAME
BLACK
287.46
.b.b.b..
........
.......b
....w...
.......w
w...w...
.w......
w.......
##### Running: /usr/bin/time -o time_21_glduncan_vdhankar.txt -f "%U" python3 homework.py > stulog.txt 2>&1 on glduncan #####
##### SUCCESS: /usr/bin/time -o time_21_glduncan_vdhankar.txt -f "%U" python3 homework.py > stulog.txt 2>&1 on glduncan #####
##### glduncan plays [E f8 g7] in 0.62s #####
##### Running: /usr/lib/jvm/jdk-14.0.1/bin/java -jar /lab/itti/projects/checkers-competition/server/referee.jar on run_21_glduncan_vdhankar #####
Move is valid
##### SUCCESS: /usr/lib/jvm/jdk-14.0.1/bin/java -jar /lab/itti/projects/checkers-competition/server/referee.jar on run_21_glduncan_vdhankar #####
INPUT for vdhankar:
GAME
WHITE
163.221357107162
.b.b....
......b.
.......b
....w...
.......w
w...w...
.w......
w.......
##### Running: /usr/bin/time -o time_21_glduncan_vdhankar.txt -f "%U" python3 homework.py > stulog.txt 2>&1 on vdhankar #####
child exited with value 1
##### ERROR: /usr/bin/time -o time_21_glduncan_vdhankar.txt -f "%U" python3 homework.py > stulog.txt 2>&1 on vdhankar #####
##### Output of failed program (stdout + stderr): #####
Traceback (most recent call last):
  File "homework.py", line 546, in <module>
    print(end-start)
NameError: name 'end' is not defined
##### End of output of failed program #####
##### vdhankar plays [E e3 d4] in 2.83632397651672s #####
##### Running: /usr/lib/jvm/jdk-14.0.1/bin/java -jar /lab/itti/projects/checkers-competition/server/referee.jar on run_21_glduncan_vdhankar #####
Move is valid
##### SUCCESS: /usr/lib/jvm/jdk-14.0.1/bin/java -jar /lab/itti/projects/checkers-competition/server/referee.jar on run_21_glduncan_vdhankar #####
INPUT for glduncan:
GAME
BLACK
286.84
.b.b....
......b.
.......b
....w...
...w...w
w.......
.w......
w.......
##### Running: /usr/bin/time -o time_21_glduncan_vdhankar.txt -f "%U" python3 homework.py > stulog.txt 2>&1 on glduncan #####
##### SUCCESS: /usr/bin/time -o time_21_glduncan_vdhankar.txt -f "%U" python3 homework.py > stulog.txt 2>&1 on glduncan #####
##### glduncan plays [E d8 e7] in 0.35s #####
##### Running: /usr/lib/jvm/jdk-14.0.1/bin/java -jar /lab/itti/projects/checkers-competition/server/referee.jar on run_21_glduncan_vdhankar #####
Move is valid
##### SUCCESS: /usr/lib/jvm/jdk-14.0.1/bin/java -jar /lab/itti/projects/checkers-competition/server/referee.jar on run_21_glduncan_vdhankar #####
INPUT for vdhankar:
GAME
WHITE
160.385033130646
.b......
....b.b.
.......b
....w...
...w...w
w.......
.w......
w.......
##### Running: /usr/bin/time -o time_21_glduncan_vdhankar.txt -f "%U" python3 homework.py > stulog.txt 2>&1 on vdhankar #####
child exited with value 1
##### ERROR: /usr/bin/time -o time_21_glduncan_vdhankar.txt -f "%U" python3 homework.py > stulog.txt 2>&1 on vdhankar #####
##### Output of failed program (stdout + stderr): #####
Traceback (most recent call last):
  File "homework.py", line 546, in <module>
    print(end-start)
NameError: name 'end' is not defined
##### End of output of failed program #####
##### vdhankar plays [E d4 c5] in 1.23075008392334s #####
##### Running: /usr/lib/jvm/jdk-14.0.1/bin/java -jar /lab/itti/projects/checkers-competition/server/referee.jar on run_21_glduncan_vdhankar #####
Move is valid
##### SUCCESS: /usr/lib/jvm/jdk-14.0.1/bin/java -jar /lab/itti/projects/checkers-competition/server/referee.jar on run_21_glduncan_vdhankar #####
INPUT for glduncan:
GAME
BLACK
286.49
.b......
....b.b.
.......b
..w.w...
.......w
w.......
.w......
w.......
##### Running: /usr/bin/time -o time_21_glduncan_vdhankar.txt -f "%U" python3 homework.py > stulog.txt 2>&1 on glduncan #####
##### SUCCESS: /usr/bin/time -o time_21_glduncan_vdhankar.txt -f "%U" python3 homework.py > stulog.txt 2>&1 on glduncan #####
##### glduncan plays [E e7 f6] in 0.28s #####
##### Running: /usr/lib/jvm/jdk-14.0.1/bin/java -jar /lab/itti/projects/checkers-competition/server/referee.jar on run_21_glduncan_vdhankar #####
Move is valid
##### SUCCESS: /usr/lib/jvm/jdk-14.0.1/bin/java -jar /lab/itti/projects/checkers-competition/server/referee.jar on run_21_glduncan_vdhankar #####
INPUT for vdhankar:
GAME
WHITE
159.154283046722
.b......
......b.
.....b.b
..w.w...
.......w
w.......
.w......
w.......
##### Running: /usr/bin/time -o time_21_glduncan_vdhankar.txt -f "%U" python3 homework.py > stulog.txt 2>&1 on vdhankar #####
child exited with value 1
##### ERROR: /usr/bin/time -o time_21_glduncan_vdhankar.txt -f "%U" python3 homework.py > stulog.txt 2>&1 on vdhankar #####
##### Output of failed program (stdout + stderr): #####
Traceback (most recent call last):
  File "homework.py", line 546, in <module>
    print(end-start)
NameError: name 'end' is not defined
##### End of output of failed program #####
##### vdhankar plays [E e5 d6] in 0.943099975585938s #####
##### Running: /usr/lib/jvm/jdk-14.0.1/bin/java -jar /lab/itti/projects/checkers-competition/server/referee.jar on run_21_glduncan_vdhankar #####
Move is valid
##### SUCCESS: /usr/lib/jvm/jdk-14.0.1/bin/java -jar /lab/itti/projects/checkers-competition/server/referee.jar on run_21_glduncan_vdhankar #####
INPUT for glduncan:
GAME
BLACK
286.21
.b......
......b.
...w.b.b
..w.....
.......w
w.......
.w......
w.......
##### Running: /usr/bin/time -o time_21_glduncan_vdhankar.txt -f "%U" python3 homework.py > stulog.txt 2>&1 on glduncan #####
##### SUCCESS: /usr/bin/time -o time_21_glduncan_vdhankar.txt -f "%U" python3 homework.py > stulog.txt 2>&1 on glduncan #####
##### glduncan plays [E h6 g5] in 0.26s #####
##### Running: /usr/lib/jvm/jdk-14.0.1/bin/java -jar /lab/itti/projects/checkers-competition/server/referee.jar on run_21_glduncan_vdhankar #####
Move is valid
##### SUCCESS: /usr/lib/jvm/jdk-14.0.1/bin/java -jar /lab/itti/projects/checkers-competition/server/referee.jar on run_21_glduncan_vdhankar #####
INPUT for vdhankar:
GAME
WHITE
158.211183071136
.b......
......b.
...w.b..
..w...b.
.......w
w.......
.w......
w.......
##### Running: /usr/bin/time -o time_21_glduncan_vdhankar.txt -f "%U" python3 homework.py > stulog.txt 2>&1 on vdhankar #####
child exited with value 1
##### ERROR: /usr/bin/time -o time_21_glduncan_vdhankar.txt -f "%U" python3 homework.py > stulog.txt 2>&1 on vdhankar #####
##### Output of failed program (stdout + stderr): #####
Traceback (most recent call last):
  File "homework.py", line 546, in <module>
    print(end-start)
NameError: name 'end' is not defined
##### End of output of failed program #####
##### vdhankar plays [E c5 b6] in 1.79110097885132s #####
##### Running: /usr/lib/jvm/jdk-14.0.1/bin/java -jar /lab/itti/projects/checkers-competition/server/referee.jar on run_21_glduncan_vdhankar #####
Move is valid
##### SUCCESS: /usr/lib/jvm/jdk-14.0.1/bin/java -jar /lab/itti/projects/checkers-competition/server/referee.jar on run_21_glduncan_vdhankar #####
INPUT for glduncan:
GAME
BLACK
285.95
.b......
......b.
.w.w.b..
......b.
.......w
w.......
.w......
w.......
##### Running: /usr/bin/time -o time_21_glduncan_vdhankar.txt -f "%U" python3 homework.py > stulog.txt 2>&1 on glduncan #####
##### SUCCESS: /usr/bin/time -o time_21_glduncan_vdhankar.txt -f "%U" python3 homework.py > stulog.txt 2>&1 on glduncan #####
##### glduncan plays [E g5 f4] in 0.26s #####
##### Running: /usr/lib/jvm/jdk-14.0.1/bin/java -jar /lab/itti/projects/checkers-competition/server/referee.jar on run_21_glduncan_vdhankar #####
Move is valid
##### SUCCESS: /usr/lib/jvm/jdk-14.0.1/bin/java -jar /lab/itti/projects/checkers-competition/server/referee.jar on run_21_glduncan_vdhankar #####
INPUT for vdhankar:
GAME
WHITE
156.420082092285
.b......
......b.
.w.w.b..
........
.....b.w
w.......
.w......
w.......
##### Running: /usr/bin/time -o time_21_glduncan_vdhankar.txt -f "%U" python3 homework.py > stulog.txt 2>&1 on vdhankar #####
child exited with value 1
##### ERROR: /usr/bin/time -o time_21_glduncan_vdhankar.txt -f "%U" python3 homework.py > stulog.txt 2>&1 on vdhankar #####
##### Output of failed program (stdout + stderr): #####
Traceback (most recent call last):
  File "homework.py", line 546, in <module>
    print(end-start)
NameError: name 'end' is not defined
##### End of output of failed program #####
##### vdhankar plays [E a3 b4] in 3.00700116157532s #####
##### Running: /usr/lib/jvm/jdk-14.0.1/bin/java -jar /lab/itti/projects/checkers-competition/server/referee.jar on run_21_glduncan_vdhankar #####
Move is valid
##### SUCCESS: /usr/lib/jvm/jdk-14.0.1/bin/java -jar /lab/itti/projects/checkers-competition/server/referee.jar on run_21_glduncan_vdhankar #####
INPUT for glduncan:
GAME
BLACK
285.69
.b......
......b.
.w.w.b..
........
.w...b.w
........
.w......
w.......
##### Running: /usr/bin/time -o time_21_glduncan_vdhankar.txt -f "%U" python3 homework.py > stulog.txt 2>&1 on glduncan #####
##### SUCCESS: /usr/bin/time -o time_21_glduncan_vdhankar.txt -f "%U" python3 homework.py > stulog.txt 2>&1 on glduncan #####
##### glduncan plays [E f4 g3] in 0.77s #####
##### Running: /usr/lib/jvm/jdk-14.0.1/bin/java -jar /lab/itti/projects/checkers-competition/server/referee.jar on run_21_glduncan_vdhankar #####
Move is valid
##### SUCCESS: /usr/lib/jvm/jdk-14.0.1/bin/java -jar /lab/itti/projects/checkers-competition/server/referee.jar on run_21_glduncan_vdhankar #####
INPUT for vdhankar:
GAME
WHITE
153.41308093071
.b......
......b.
.w.w.b..
........
.w.....w
......b.
.w......
w.......
##### Running: /usr/bin/time -o time_21_glduncan_vdhankar.txt -f "%U" python3 homework.py > stulog.txt 2>&1 on vdhankar #####
child exited with value 1
##### ERROR: /usr/bin/time -o time_21_glduncan_vdhankar.txt -f "%U" python3 homework.py > stulog.txt 2>&1 on vdhankar #####
##### Output of failed program (stdout + stderr): #####
Traceback (most recent call last):
  File "homework.py", line 546, in <module>
    print(end-start)
NameError: name 'end' is not defined
##### End of output of failed program #####
##### vdhankar plays [E b6 c7] in 6.15000200271606s #####
##### Running: /usr/lib/jvm/jdk-14.0.1/bin/java -jar /lab/itti/projects/checkers-competition/server/referee.jar on run_21_glduncan_vdhankar #####
Move is valid
##### SUCCESS: /usr/lib/jvm/jdk-14.0.1/bin/java -jar /lab/itti/projects/checkers-competition/server/referee.jar on run_21_glduncan_vdhankar #####
INPUT for glduncan:
GAME
BLACK
284.92
.b......
..w...b.
...w.b..
........
.w.....w
......b.
.w......
w.......
##### Running: /usr/bin/time -o time_21_glduncan_vdhankar.txt -f "%U" python3 homework.py > stulog.txt 2>&1 on glduncan #####
##### SUCCESS: /usr/bin/time -o time_21_glduncan_vdhankar.txt -f "%U" python3 homework.py > stulog.txt 2>&1 on glduncan #####
##### glduncan plays [E g3 h2] in 0.59s #####
##### Running: /usr/lib/jvm/jdk-14.0.1/bin/java -jar /lab/itti/projects/checkers-competition/server/referee.jar on run_21_glduncan_vdhankar #####
Move is valid
##### SUCCESS: /usr/lib/jvm/jdk-14.0.1/bin/java -jar /lab/itti/projects/checkers-competition/server/referee.jar on run_21_glduncan_vdhankar #####
INPUT for vdhankar:
GAME
WHITE
147.263078927994
.b......
..w...b.
...w.b..
........
.w.....w
........
.w.....b
w.......
##### Running: /usr/bin/time -o time_21_glduncan_vdhankar.txt -f "%U" python3 homework.py > stulog.txt 2>&1 on vdhankar #####
child exited with value 1
##### ERROR: /usr/bin/time -o time_21_glduncan_vdhankar.txt -f "%U" python3 homework.py > stulog.txt 2>&1 on vdhankar #####
##### Output of failed program (stdout + stderr): #####
Traceback (most recent call last):
  File "homework.py", line 546, in <module>
    print(end-start)
NameError: name 'end' is not defined
##### End of output of failed program #####
##### vdhankar plays [E b2 c3] in 3.37984800338745s #####
##### Running: /usr/lib/jvm/jdk-14.0.1/bin/java -jar /lab/itti/projects/checkers-competition/server/referee.jar on run_21_glduncan_vdhankar #####
Move is valid
##### SUCCESS: /usr/lib/jvm/jdk-14.0.1/bin/java -jar /lab/itti/projects/checkers-competition/server/referee.jar on run_21_glduncan_vdhankar #####
INPUT for glduncan:
GAME
BLACK
284.33
.b......
..w...b.
...w.b..
........
.w.....w
..w.....
.......b
w.......
##### Running: /usr/bin/time -o time_21_glduncan_vdhankar.txt -f "%U" python3 homework.py > stulog.txt 2>&1 on glduncan #####
##### SUCCESS: /usr/bin/time -o time_21_glduncan_vdhankar.txt -f "%U" python3 homework.py > stulog.txt 2>&1 on glduncan #####
##### glduncan plays [E h2 g1] in 0.47s #####
##### Running: /usr/lib/jvm/jdk-14.0.1/bin/java -jar /lab/itti/projects/checkers-competition/server/referee.jar on run_21_glduncan_vdhankar #####
Move is valid
##### SUCCESS: /usr/lib/jvm/jdk-14.0.1/bin/java -jar /lab/itti/projects/checkers-competition/server/referee.jar on run_21_glduncan_vdhankar #####
INPUT for vdhankar:
GAME
WHITE
143.883230924606
.b......
..w...b.
...w.b..
........
.w.....w
..w.....
........
w.....B.
##### Running: /usr/bin/time -o time_21_glduncan_vdhankar.txt -f "%U" python3 homework.py > stulog.txt 2>&1 on vdhankar #####
child exited with value 1
##### ERROR: /usr/bin/time -o time_21_glduncan_vdhankar.txt -f "%U" python3 homework.py > stulog.txt 2>&1 on vdhankar #####
##### Output of failed program (stdout + stderr): #####
Traceback (most recent call last):
  File "homework.py", line 546, in <module>
    print(end-start)
NameError: name 'end' is not defined
##### End of output of failed program #####
##### vdhankar plays [E a1 b2] in 5.33185982704163s #####
##### Running: /usr/lib/jvm/jdk-14.0.1/bin/java -jar /lab/itti/projects/checkers-competition/server/referee.jar on run_21_glduncan_vdhankar #####
Move is valid
##### SUCCESS: /usr/lib/jvm/jdk-14.0.1/bin/java -jar /lab/itti/projects/checkers-competition/server/referee.jar on run_21_glduncan_vdhankar #####
INPUT for glduncan:
GAME
BLACK
283.86
.b......
..w...b.
...w.b..
........
.w.....w
..w.....
.w......
......B.
##### Running: /usr/bin/time -o time_21_glduncan_vdhankar.txt -f "%U" python3 homework.py > stulog.txt 2>&1 on glduncan #####
##### SUCCESS: /usr/bin/time -o time_21_glduncan_vdhankar.txt -f "%U" python3 homework.py > stulog.txt 2>&1 on glduncan #####
##### glduncan plays [E g1 h2] in 0.67s #####
##### Running: /usr/lib/jvm/jdk-14.0.1/bin/java -jar /lab/itti/projects/checkers-competition/server/referee.jar on run_21_glduncan_vdhankar #####
Move is valid
##### SUCCESS: /usr/lib/jvm/jdk-14.0.1/bin/java -jar /lab/itti/projects/checkers-competition/server/referee.jar on run_21_glduncan_vdhankar #####
INPUT for vdhankar:
GAME
WHITE
138.551371097565
.b......
..w...b.
...w.b..
........
.w.....w
..w.....
.w.....B
........
##### Running: /usr/bin/time -o time_21_glduncan_vdhankar.txt -f "%U" python3 homework.py > stulog.txt 2>&1 on vdhankar #####
child exited with value 1
##### ERROR: /usr/bin/time -o time_21_glduncan_vdhankar.txt -f "%U" python3 homework.py > stulog.txt 2>&1 on vdhankar #####
##### Output of failed program (stdout + stderr): #####
Traceback (most recent call last):
  File "homework.py", line 546, in <module>
    print(end-start)
NameError: name 'end' is not defined
##### End of output of failed program #####
##### vdhankar plays [E c7 d8] in 5.81891012191772s #####
##### Running: /usr/lib/jvm/jdk-14.0.1/bin/java -jar /lab/itti/projects/checkers-competition/server/referee.jar on run_21_glduncan_vdhankar #####
Move is valid
##### SUCCESS: /usr/lib/jvm/jdk-14.0.1/bin/java -jar /lab/itti/projects/checkers-competition/server/referee.jar on run_21_glduncan_vdhankar #####
INPUT for glduncan:
GAME
BLACK
283.19
.b.W....
......b.
...w.b..
........
.w.....w
..w.....
.w.....B
........
##### Running: /usr/bin/time -o time_21_glduncan_vdhankar.txt -f "%U" python3 homework.py > stulog.txt 2>&1 on glduncan #####
##### SUCCESS: /usr/bin/time -o time_21_glduncan_vdhankar.txt -f "%U" python3 homework.py > stulog.txt 2>&1 on glduncan #####
##### glduncan plays [E h2 g3] in 0.99s #####
##### Running: /usr/lib/jvm/jdk-14.0.1/bin/java -jar /lab/itti/projects/checkers-competition/server/referee.jar on run_21_glduncan_vdhankar #####
Move is valid
##### SUCCESS: /usr/lib/jvm/jdk-14.0.1/bin/java -jar /lab/itti/projects/checkers-competition/server/referee.jar on run_21_glduncan_vdhankar #####
INPUT for vdhankar:
GAME
WHITE
132.732460975647
.b.W....
......b.
...w.b..
........
.w.....w
..w...B.
.w......
........
##### Running: /usr/bin/time -o time_21_glduncan_vdhankar.txt -f "%U" python3 homework.py > stulog.txt 2>&1 on vdhankar #####
child exited with value 1
##### ERROR: /usr/bin/time -o time_21_glduncan_vdhankar.txt -f "%U" python3 homework.py > stulog.txt 2>&1 on vdhankar #####
##### Output of failed program (stdout + stderr): #####
Traceback (most recent call last):
  File "homework.py", line 546, in <module>
    print(end-start)
NameError: name 'end' is not defined
##### End of output of failed program #####
##### vdhankar plays [E d6 e7] in 10.6851389408112s #####
##### Running: /usr/lib/jvm/jdk-14.0.1/bin/java -jar /lab/itti/projects/checkers-competition/server/referee.jar on run_21_glduncan_vdhankar #####
Move is valid
##### SUCCESS: /usr/lib/jvm/jdk-14.0.1/bin/java -jar /lab/itti/projects/checkers-competition/server/referee.jar on run_21_glduncan_vdhankar #####
INPUT for glduncan:
GAME
BLACK
282.2
.b.W....
....w.b.
.....b..
........
.w.....w
..w...B.
.w......
........
##### Running: /usr/bin/time -o time_21_glduncan_vdhankar.txt -f "%U" python3 homework.py > stulog.txt 2>&1 on glduncan #####
##### SUCCESS: /usr/bin/time -o time_21_glduncan_vdhankar.txt -f "%U" python3 homework.py > stulog.txt 2>&1 on glduncan #####
##### glduncan plays [E g3 h2] in 0.89s #####
##### Running: /usr/lib/jvm/jdk-14.0.1/bin/java -jar /lab/itti/projects/checkers-competition/server/referee.jar on run_21_glduncan_vdhankar #####
Move is valid
##### SUCCESS: /usr/lib/jvm/jdk-14.0.1/bin/java -jar /lab/itti/projects/checkers-competition/server/referee.jar on run_21_glduncan_vdhankar #####
INPUT for vdhankar:
GAME
WHITE
122.047322034836
.b.W....
....w.b.
.....b..
........
.w.....w
..w.....
.w.....B
........
##### Running: /usr/bin/time -o time_21_glduncan_vdhankar.txt -f "%U" python3 homework.py > stulog.txt 2>&1 on vdhankar #####
child exited with value 1
##### ERROR: /usr/bin/time -o time_21_glduncan_vdhankar.txt -f "%U" python3 homework.py > stulog.txt 2>&1 on vdhankar #####
##### Output of failed program (stdout + stderr): #####
Traceback (most recent call last):
  File "homework.py", line 546, in <module>
    print(end-start)
NameError: name 'end' is not defined
##### End of output of failed program #####
##### vdhankar plays [E c3 d4] in 3.25598907470703s #####
##### Running: /usr/lib/jvm/jdk-14.0.1/bin/java -jar /lab/itti/projects/checkers-competition/server/referee.jar on run_21_glduncan_vdhankar #####
Move is valid
##### SUCCESS: /usr/lib/jvm/jdk-14.0.1/bin/java -jar /lab/itti/projects/checkers-competition/server/referee.jar on run_21_glduncan_vdhankar #####
INPUT for glduncan:
GAME
BLACK
281.31
.b.W....
....w.b.
.....b..
........
.w.w...w
........
.w.....B
........
##### Running: /usr/bin/time -o time_21_glduncan_vdhankar.txt -f "%U" python3 homework.py > stulog.txt 2>&1 on glduncan #####
##### SUCCESS: /usr/bin/time -o time_21_glduncan_vdhankar.txt -f "%U" python3 homework.py > stulog.txt 2>&1 on glduncan #####
##### glduncan plays [E b8 c7] in 0.75s #####
##### Running: /usr/lib/jvm/jdk-14.0.1/bin/java -jar /lab/itti/projects/checkers-competition/server/referee.jar on run_21_glduncan_vdhankar #####
Move is valid
##### SUCCESS: /usr/lib/jvm/jdk-14.0.1/bin/java -jar /lab/itti/projects/checkers-competition/server/referee.jar on run_21_glduncan_vdhankar #####
INPUT for vdhankar:
GAME
WHITE
118.791332960129
...W....
..b.w.b.
.....b..
........
.w.w...w
........
.w.....B
........
##### Running: /usr/bin/time -o time_21_glduncan_vdhankar.txt -f "%U" python3 homework.py > stulog.txt 2>&1 on vdhankar #####
child exited with value 1
##### ERROR: /usr/bin/time -o time_21_glduncan_vdhankar.txt -f "%U" python3 homework.py > stulog.txt 2>&1 on vdhankar #####
##### Output of failed program (stdout + stderr): #####
Traceback (most recent call last):
  File "homework.py", line 546, in <module>
    print(end-start)
NameError: name 'end' is not defined
##### End of output of failed program #####
##### vdhankar plays [J d8 b6] in 1.04634118080139s #####
##### Running: /usr/lib/jvm/jdk-14.0.1/bin/java -jar /lab/itti/projects/checkers-competition/server/referee.jar on run_21_glduncan_vdhankar #####
Move is valid
##### SUCCESS: /usr/lib/jvm/jdk-14.0.1/bin/java -jar /lab/itti/projects/checkers-competition/server/referee.jar on run_21_glduncan_vdhankar #####
INPUT for glduncan:
GAME
BLACK
280.56
........
....w.b.
.W...b..
........
.w.w...w
........
.w.....B
........
##### Running: /usr/bin/time -o time_21_glduncan_vdhankar.txt -f "%U" python3 homework.py > stulog.txt 2>&1 on glduncan #####
##### SUCCESS: /usr/bin/time -o time_21_glduncan_vdhankar.txt -f "%U" python3 homework.py > stulog.txt 2>&1 on glduncan #####
##### glduncan plays [E h2 g3] in 0.84s #####
##### Running: /usr/lib/jvm/jdk-14.0.1/bin/java -jar /lab/itti/projects/checkers-competition/server/referee.jar on run_21_glduncan_vdhankar #####
Move is valid
##### SUCCESS: /usr/lib/jvm/jdk-14.0.1/bin/java -jar /lab/itti/projects/checkers-competition/server/referee.jar on run_21_glduncan_vdhankar #####
INPUT for vdhankar:
GAME
WHITE
117.744991779327
........
....w.b.
.W...b..
........
.w.w...w
......B.
.w......
........
##### Running: /usr/bin/time -o time_21_glduncan_vdhankar.txt -f "%U" python3 homework.py > stulog.txt 2>&1 on vdhankar #####
child exited with value 1
##### ERROR: /usr/bin/time -o time_21_glduncan_vdhankar.txt -f "%U" python3 homework.py > stulog.txt 2>&1 on vdhankar #####
##### Output of failed program (stdout + stderr): #####
Traceback (most recent call last):
  File "homework.py", line 546, in <module>
    print(end-start)
NameError: name 'end' is not defined
##### End of output of failed program #####
##### vdhankar plays [E b2 c3] in 5.0425021648407s #####
##### Running: /usr/lib/jvm/jdk-14.0.1/bin/java -jar /lab/itti/projects/checkers-competition/server/referee.jar on run_21_glduncan_vdhankar #####
Move is valid
##### SUCCESS: /usr/lib/jvm/jdk-14.0.1/bin/java -jar /lab/itti/projects/checkers-competition/server/referee.jar on run_21_glduncan_vdhankar #####
INPUT for glduncan:
GAME
BLACK
279.72
........
....w.b.
.W...b..
........
.w.w...w
..w...B.
........
........
##### Running: /usr/bin/time -o time_21_glduncan_vdhankar.txt -f "%U" python3 homework.py > stulog.txt 2>&1 on glduncan #####
##### SUCCESS: /usr/bin/time -o time_21_glduncan_vdhankar.txt -f "%U" python3 homework.py > stulog.txt 2>&1 on glduncan #####
##### glduncan plays [E g3 f4] in 0.96s #####
##### Running: /usr/lib/jvm/jdk-14.0.1/bin/java -jar /lab/itti/projects/checkers-competition/server/referee.jar on run_21_glduncan_vdhankar #####
Move is valid
##### SUCCESS: /usr/lib/jvm/jdk-14.0.1/bin/java -jar /lab/itti/projects/checkers-competition/server/referee.jar on run_21_glduncan_vdhankar #####
INPUT for vdhankar:
GAME
WHITE
112.702489614487
........
....w.b.
.W...b..
........
.w.w.B.w
..w.....
........
........
##### Running: /usr/bin/time -o time_21_glduncan_vdhankar.txt -f "%U" python3 homework.py > stulog.txt 2>&1 on vdhankar #####
child exited with value 1
##### ERROR: /usr/bin/time -o time_21_glduncan_vdhankar.txt -f "%U" python3 homework.py > stulog.txt 2>&1 on vdhankar #####
##### Output of failed program (stdout + stderr): #####
Traceback (most recent call last):
  File "homework.py", line 546, in <module>
    print(end-start)
NameError: name 'end' is not defined
##### End of output of failed program #####
##### vdhankar plays [E b6 c5] in 2.83421492576599s #####
##### Running: /usr/lib/jvm/jdk-14.0.1/bin/java -jar /lab/itti/projects/checkers-competition/server/referee.jar on run_21_glduncan_vdhankar #####
Move is valid
##### SUCCESS: /usr/lib/jvm/jdk-14.0.1/bin/java -jar /lab/itti/projects/checkers-competition/server/referee.jar on run_21_glduncan_vdhankar #####
INPUT for glduncan:
GAME
BLACK
278.76
........
....w.b.
.....b..
..W.....
.w.w.B.w
..w.....
........
........
##### Running: /usr/bin/time -o time_21_glduncan_vdhankar.txt -f "%U" python3 homework.py > stulog.txt 2>&1 on glduncan #####
##### SUCCESS: /usr/bin/time -o time_21_glduncan_vdhankar.txt -f "%U" python3 homework.py > stulog.txt 2>&1 on glduncan #####
##### glduncan plays [E f4 g5] in 0.55s #####
##### Running: /usr/lib/jvm/jdk-14.0.1/bin/java -jar /lab/itti/projects/checkers-competition/server/referee.jar on run_21_glduncan_vdhankar #####
Move is valid
##### SUCCESS: /usr/lib/jvm/jdk-14.0.1/bin/java -jar /lab/itti/projects/checkers-competition/server/referee.jar on run_21_glduncan_vdhankar #####
INPUT for vdhankar:
GAME
WHITE
109.868274688721
........
....w.b.
.....b..
..W...B.
.w.w...w
..w.....
........
........
##### Running: /usr/bin/time -o time_21_glduncan_vdhankar.txt -f "%U" python3 homework.py > stulog.txt 2>&1 on vdhankar #####
child exited with value 1
##### ERROR: /usr/bin/time -o time_21_glduncan_vdhankar.txt -f "%U" python3 homework.py > stulog.txt 2>&1 on vdhankar #####
##### Output of failed program (stdout + stderr): #####
Traceback (most recent call last):
  File "homework.py", line 546, in <module>
    print(end-start)
NameError: name 'end' is not defined
##### End of output of failed program #####
##### vdhankar plays [E e7 f8] in 1.13059306144714s #####
##### Running: /usr/lib/jvm/jdk-14.0.1/bin/java -jar /lab/itti/projects/checkers-competition/server/referee.jar on run_21_glduncan_vdhankar #####
Move is valid
##### SUCCESS: /usr/lib/jvm/jdk-14.0.1/bin/java -jar /lab/itti/projects/checkers-competition/server/referee.jar on run_21_glduncan_vdhankar #####
INPUT for glduncan:
GAME
BLACK
278.21
.....W..
......b.
.....b..
..W...B.
.w.w...w
..w.....
........
........
##### Running: /usr/bin/time -o time_21_glduncan_vdhankar.txt -f "%U" python3 homework.py > stulog.txt 2>&1 on glduncan #####
##### SUCCESS: /usr/bin/time -o time_21_glduncan_vdhankar.txt -f "%U" python3 homework.py > stulog.txt 2>&1 on glduncan #####
##### glduncan plays [E g5 f4] in 0.2s #####
##### Running: /usr/lib/jvm/jdk-14.0.1/bin/java -jar /lab/itti/projects/checkers-competition/server/referee.jar on run_21_glduncan_vdhankar #####
Move is valid
##### SUCCESS: /usr/lib/jvm/jdk-14.0.1/bin/java -jar /lab/itti/projects/checkers-competition/server/referee.jar on run_21_glduncan_vdhankar #####
INPUT for vdhankar:
GAME
WHITE
108.737681627274
.....W..
......b.
.....b..
..W.....
.w.w.B.w
..w.....
........
........
##### Running: /usr/bin/time -o time_21_glduncan_vdhankar.txt -f "%U" python3 homework.py > stulog.txt 2>&1 on vdhankar #####
child exited with value 1
##### ERROR: /usr/bin/time -o time_21_glduncan_vdhankar.txt -f "%U" python3 homework.py > stulog.txt 2>&1 on vdhankar #####
##### Output of failed program (stdout + stderr): #####
Traceback (most recent call last):
  File "homework.py", line 546, in <module>
    print(end-start)
NameError: name 'end' is not defined
##### End of output of failed program #####
##### vdhankar plays [J f8 h6] in 0.368075132369995s #####
##### Running: /usr/lib/jvm/jdk-14.0.1/bin/java -jar /lab/itti/projects/checkers-competition/server/referee.jar on run_21_glduncan_vdhankar #####
Move is valid
##### SUCCESS: /usr/lib/jvm/jdk-14.0.1/bin/java -jar /lab/itti/projects/checkers-competition/server/referee.jar on run_21_glduncan_vdhankar #####
INPUT for glduncan:
GAME
BLACK
278.01
........
........
.....b.W
..W.....
.w.w.B.w
..w.....
........
........
##### Running: /usr/bin/time -o time_21_glduncan_vdhankar.txt -f "%U" python3 homework.py > stulog.txt 2>&1 on glduncan #####
##### SUCCESS: /usr/bin/time -o time_21_glduncan_vdhankar.txt -f "%U" python3 homework.py > stulog.txt 2>&1 on glduncan #####
##### glduncan plays [E f4 g5] in 0.27s #####
##### Running: /usr/lib/jvm/jdk-14.0.1/bin/java -jar /lab/itti/projects/checkers-competition/server/referee.jar on run_21_glduncan_vdhankar #####
Move is valid
##### SUCCESS: /usr/lib/jvm/jdk-14.0.1/bin/java -jar /lab/itti/projects/checkers-competition/server/referee.jar on run_21_glduncan_vdhankar #####
INPUT for vdhankar:
GAME
WHITE
108.369606494904
........
........
.....b.W
..W...B.
.w.w...w
..w.....
........
........
##### Running: /usr/bin/time -o time_21_glduncan_vdhankar.txt -f "%U" python3 homework.py > stulog.txt 2>&1 on vdhankar #####
child exited with value 1
##### ERROR: /usr/bin/time -o time_21_glduncan_vdhankar.txt -f "%U" python3 homework.py > stulog.txt 2>&1 on vdhankar #####
##### Output of failed program (stdout + stderr): #####
Traceback (most recent call last):
  File "homework.py", line 546, in <module>
    print(end-start)
NameError: name 'end' is not defined
##### End of output of failed program #####
##### vdhankar plays [J h6 f4] in 0.201349020004272s #####
##### Running: /usr/lib/jvm/jdk-14.0.1/bin/java -jar /lab/itti/projects/checkers-competition/server/referee.jar on run_21_glduncan_vdhankar #####
Move is valid
##### SUCCESS: /usr/lib/jvm/jdk-14.0.1/bin/java -jar /lab/itti/projects/checkers-competition/server/referee.jar on run_21_glduncan_vdhankar #####
INPUT for glduncan:
GAME
BLACK
277.74
........
........
.....b..
..W.....
.w.w.W.w
..w.....
........
........
##### Running: /usr/bin/time -o time_21_glduncan_vdhankar.txt -f "%U" python3 homework.py > stulog.txt 2>&1 on glduncan #####
##### SUCCESS: /usr/bin/time -o time_21_glduncan_vdhankar.txt -f "%U" python3 homework.py > stulog.txt 2>&1 on glduncan #####
##### glduncan plays [E f6 g5] in 0.02s #####
##### Running: /usr/lib/jvm/jdk-14.0.1/bin/java -jar /lab/itti/projects/checkers-competition/server/referee.jar on run_21_glduncan_vdhankar #####
Move is valid
##### SUCCESS: /usr/lib/jvm/jdk-14.0.1/bin/java -jar /lab/itti/projects/checkers-competition/server/referee.jar on run_21_glduncan_vdhankar #####
INPUT for vdhankar:
GAME
WHITE
108.168257474899
........
........
........
..W...b.
.w.w.W.w
..w.....
........
........
##### Running: /usr/bin/time -o time_21_glduncan_vdhankar.txt -f "%U" python3 homework.py > stulog.txt 2>&1 on vdhankar #####
child exited with value 1
##### ERROR: /usr/bin/time -o time_21_glduncan_vdhankar.txt -f "%U" python3 homework.py > stulog.txt 2>&1 on vdhankar #####
##### Output of failed program (stdout + stderr): #####
Traceback (most recent call last):
  File "homework.py", line 546, in <module>
    print(end-start)
NameError: name 'end' is not defined
##### End of output of failed program #####
##### vdhankar plays [J f4 h6] in 0.198812007904053s #####
##### Running: /usr/lib/jvm/jdk-14.0.1/bin/java -jar /lab/itti/projects/checkers-competition/server/referee.jar on run_21_glduncan_vdhankar #####
Move is valid
After this move, player BLACK cannot make any moves
*** Winner: WHITE ***
##### SUCCESS: /usr/lib/jvm/jdk-14.0.1/bin/java -jar /lab/itti/projects/checkers-competition/server/referee.jar on run_21_glduncan_vdhankar #####
##### GAME OVER: vdhankar wins the game! #####
Server said: WIN
########## ROUND 21 GAMESCORE AFTER GAME 4: glduncan=2 and vdhankar=2 ##########


########## TIE ON ROUND 21 - BOTH PLAYERS ADVANCE TO NEXT ROUND ##########
