#################### ROUND 16: bansalr (W) vs vdhankar (B): game 1 ####################
##### game start! #####
INPUT for vdhankar:
GAME
BLACK
300
.b.b.b.b
b.b.b.b.
.b.b.b.b
........
........
w.w.w.w.
.w.w.w.w
w.w.w.w.
##### Running: /usr/bin/time -o time_16_bansalr_vdhankar.txt -f "%U" python3 homework.py > stulog.txt 2>&1 on vdhankar #####
child exited with value 1
##### ERROR: /usr/bin/time -o time_16_bansalr_vdhankar.txt -f "%U" python3 homework.py > stulog.txt 2>&1 on vdhankar #####
##### Output of failed program (stdout + stderr): #####
Traceback (most recent call last):
  File "homework.py", line 546, in <module>
    print(end-start)
NameError: name 'end' is not defined
##### End of output of failed program #####
##### vdhankar plays [E h6 g5] in 6.15249800682068s #####
##### Running: /usr/lib/jvm/jdk-14.0.1/bin/java -jar /lab/itti/projects/checkers-competition/server/referee.jar on run_16_bansalr_vdhankar #####
Move is valid
Couldn't read file 'current_ply.txt'
Couldn't read content from file 'current_ply.txt'
Couldn't read file 'lastmatchange_ply.txt'
Couldn't read content from file 'lastmatchange_ply.txt'
##### SUCCESS: /usr/lib/jvm/jdk-14.0.1/bin/java -jar /lab/itti/projects/checkers-competition/server/referee.jar on run_16_bansalr_vdhankar #####
INPUT for bansalr:
GAME
WHITE
300
.b.b.b.b
b.b.b.b.
.b.b.b..
......b.
........
w.w.w.w.
.w.w.w.w
w.w.w.w.
##### Running: /usr/bin/time -o time_16_bansalr_vdhankar.txt -f "%U" python3 homework.py > stulog.txt 2>&1 on bansalr #####
##### SUCCESS: /usr/bin/time -o time_16_bansalr_vdhankar.txt -f "%U" python3 homework.py > stulog.txt 2>&1 on bansalr #####
##### bansalr plays [E g3 h4] in 0.07s #####
##### Running: /usr/lib/jvm/jdk-14.0.1/bin/java -jar /lab/itti/projects/checkers-competition/server/referee.jar on run_16_bansalr_vdhankar #####
Move is valid
##### SUCCESS: /usr/lib/jvm/jdk-14.0.1/bin/java -jar /lab/itti/projects/checkers-competition/server/referee.jar on run_16_bansalr_vdhankar #####
INPUT for vdhankar:
GAME
BLACK
293.847501993179
.b.b.b.b
b.b.b.b.
.b.b.b..
......b.
.......w
w.w.w...
.w.w.w.w
w.w.w.w.
##### Running: /usr/bin/time -o time_16_bansalr_vdhankar.txt -f "%U" python3 homework.py > stulog.txt 2>&1 on vdhankar #####
child exited with value 1
##### ERROR: /usr/bin/time -o time_16_bansalr_vdhankar.txt -f "%U" python3 homework.py > stulog.txt 2>&1 on vdhankar #####
##### Output of failed program (stdout + stderr): #####
Traceback (most recent call last):
  File "homework.py", line 546, in <module>
    print(end-start)
NameError: name 'end' is not defined
##### End of output of failed program #####
##### vdhankar plays [E f6 e5] in 6.81456184387207s #####
##### Running: /usr/lib/jvm/jdk-14.0.1/bin/java -jar /lab/itti/projects/checkers-competition/server/referee.jar on run_16_bansalr_vdhankar #####
Move is valid
##### SUCCESS: /usr/lib/jvm/jdk-14.0.1/bin/java -jar /lab/itti/projects/checkers-competition/server/referee.jar on run_16_bansalr_vdhankar #####
INPUT for bansalr:
GAME
WHITE
299.93
.b.b.b.b
b.b.b.b.
.b.b....
....b.b.
.......w
w.w.w...
.w.w.w.w
w.w.w.w.
##### Running: /usr/bin/time -o time_16_bansalr_vdhankar.txt -f "%U" python3 homework.py > stulog.txt 2>&1 on bansalr #####
##### SUCCESS: /usr/bin/time -o time_16_bansalr_vdhankar.txt -f "%U" python3 homework.py > stulog.txt 2>&1 on bansalr #####
##### bansalr plays [J h4 f6] in 0.03s #####
##### Running: /usr/lib/jvm/jdk-14.0.1/bin/java -jar /lab/itti/projects/checkers-competition/server/referee.jar on run_16_bansalr_vdhankar #####
Move is valid
##### SUCCESS: /usr/lib/jvm/jdk-14.0.1/bin/java -jar /lab/itti/projects/checkers-competition/server/referee.jar on run_16_bansalr_vdhankar #####
INPUT for vdhankar:
GAME
BLACK
287.032940149307
.b.b.b.b
b.b.b.b.
.b.b.w..
....b...
........
w.w.w...
.w.w.w.w
w.w.w.w.
##### Running: /usr/bin/time -o time_16_bansalr_vdhankar.txt -f "%U" python3 homework.py > stulog.txt 2>&1 on vdhankar #####
child exited with value 1
##### ERROR: /usr/bin/time -o time_16_bansalr_vdhankar.txt -f "%U" python3 homework.py > stulog.txt 2>&1 on vdhankar #####
##### Output of failed program (stdout + stderr): #####
Traceback (most recent call last):
  File "homework.py", line 546, in <module>
    print(end-start)
NameError: name 'end' is not defined
##### End of output of failed program #####
##### vdhankar plays [J e7 g5] in 5.25384616851807s #####
##### Running: /usr/lib/jvm/jdk-14.0.1/bin/java -jar /lab/itti/projects/checkers-competition/server/referee.jar on run_16_bansalr_vdhankar #####
Move is valid
##### SUCCESS: /usr/lib/jvm/jdk-14.0.1/bin/java -jar /lab/itti/projects/checkers-competition/server/referee.jar on run_16_bansalr_vdhankar #####
INPUT for bansalr:
GAME
WHITE
299.9
.b.b.b.b
b.b...b.
.b.b....
....b.b.
........
w.w.w...
.w.w.w.w
w.w.w.w.
##### Running: /usr/bin/time -o time_16_bansalr_vdhankar.txt -f "%U" python3 homework.py > stulog.txt 2>&1 on bansalr #####
##### SUCCESS: /usr/bin/time -o time_16_bansalr_vdhankar.txt -f "%U" python3 homework.py > stulog.txt 2>&1 on bansalr #####
##### bansalr plays [E a3 b4] in 0.05s #####
##### Running: /usr/lib/jvm/jdk-14.0.1/bin/java -jar /lab/itti/projects/checkers-competition/server/referee.jar on run_16_bansalr_vdhankar #####
Move is valid
##### SUCCESS: /usr/lib/jvm/jdk-14.0.1/bin/java -jar /lab/itti/projects/checkers-competition/server/referee.jar on run_16_bansalr_vdhankar #####
INPUT for vdhankar:
GAME
BLACK
281.779093980789
.b.b.b.b
b.b...b.
.b.b....
....b.b.
.w......
..w.w...
.w.w.w.w
w.w.w.w.
##### Running: /usr/bin/time -o time_16_bansalr_vdhankar.txt -f "%U" python3 homework.py > stulog.txt 2>&1 on vdhankar #####
child exited with value 1
##### ERROR: /usr/bin/time -o time_16_bansalr_vdhankar.txt -f "%U" python3 homework.py > stulog.txt 2>&1 on vdhankar #####
##### Output of failed program (stdout + stderr): #####
Traceback (most recent call last):
  File "homework.py", line 546, in <module>
    print(end-start)
NameError: name 'end' is not defined
##### End of output of failed program #####
##### vdhankar plays [E g5 h4] in 10.3346309661865s #####
##### Running: /usr/lib/jvm/jdk-14.0.1/bin/java -jar /lab/itti/projects/checkers-competition/server/referee.jar on run_16_bansalr_vdhankar #####
Move is valid
##### SUCCESS: /usr/lib/jvm/jdk-14.0.1/bin/java -jar /lab/itti/projects/checkers-competition/server/referee.jar on run_16_bansalr_vdhankar #####
INPUT for bansalr:
GAME
WHITE
299.85
.b.b.b.b
b.b...b.
.b.b....
....b...
.w.....b
..w.w...
.w.w.w.w
w.w.w.w.
##### Running: /usr/bin/time -o time_16_bansalr_vdhankar.txt -f "%U" python3 homework.py > stulog.txt 2>&1 on bansalr #####
##### SUCCESS: /usr/bin/time -o time_16_bansalr_vdhankar.txt -f "%U" python3 homework.py > stulog.txt 2>&1 on bansalr #####
##### bansalr plays [E b4 a5] in 3.82s #####
##### Running: /usr/lib/jvm/jdk-14.0.1/bin/java -jar /lab/itti/projects/checkers-competition/server/referee.jar on run_16_bansalr_vdhankar #####
Move is valid
##### SUCCESS: /usr/lib/jvm/jdk-14.0.1/bin/java -jar /lab/itti/projects/checkers-competition/server/referee.jar on run_16_bansalr_vdhankar #####
INPUT for vdhankar:
GAME
BLACK
271.444463014603
.b.b.b.b
b.b...b.
.b.b....
w...b...
.......b
..w.w...
.w.w.w.w
w.w.w.w.
##### Running: /usr/bin/time -o time_16_bansalr_vdhankar.txt -f "%U" python3 homework.py > stulog.txt 2>&1 on vdhankar #####
child exited with value 1
##### ERROR: /usr/bin/time -o time_16_bansalr_vdhankar.txt -f "%U" python3 homework.py > stulog.txt 2>&1 on vdhankar #####
##### Output of failed program (stdout + stderr): #####
Traceback (most recent call last):
  File "homework.py", line 546, in <module>
    print(end-start)
NameError: name 'end' is not defined
##### End of output of failed program #####
##### vdhankar plays [E b6 c5] in 7.2993700504303s #####
##### Running: /usr/lib/jvm/jdk-14.0.1/bin/java -jar /lab/itti/projects/checkers-competition/server/referee.jar on run_16_bansalr_vdhankar #####
Move is valid
##### SUCCESS: /usr/lib/jvm/jdk-14.0.1/bin/java -jar /lab/itti/projects/checkers-competition/server/referee.jar on run_16_bansalr_vdhankar #####
INPUT for bansalr:
GAME
WHITE
296.03
.b.b.b.b
b.b...b.
...b....
w.b.b...
.......b
..w.w...
.w.w.w.w
w.w.w.w.
##### Running: /usr/bin/time -o time_16_bansalr_vdhankar.txt -f "%U" python3 homework.py > stulog.txt 2>&1 on bansalr #####
##### SUCCESS: /usr/bin/time -o time_16_bansalr_vdhankar.txt -f "%U" python3 homework.py > stulog.txt 2>&1 on bansalr #####
##### bansalr plays [E c3 d4] in 3.81s #####
##### Running: /usr/lib/jvm/jdk-14.0.1/bin/java -jar /lab/itti/projects/checkers-competition/server/referee.jar on run_16_bansalr_vdhankar #####
Move is valid
##### SUCCESS: /usr/lib/jvm/jdk-14.0.1/bin/java -jar /lab/itti/projects/checkers-competition/server/referee.jar on run_16_bansalr_vdhankar #####
INPUT for vdhankar:
GAME
BLACK
264.145092964172
.b.b.b.b
b.b...b.
...b....
w.b.b...
...w...b
....w...
.w.w.w.w
w.w.w.w.
##### Running: /usr/bin/time -o time_16_bansalr_vdhankar.txt -f "%U" python3 homework.py > stulog.txt 2>&1 on vdhankar #####
child exited with value 1
##### ERROR: /usr/bin/time -o time_16_bansalr_vdhankar.txt -f "%U" python3 homework.py > stulog.txt 2>&1 on vdhankar #####
##### Output of failed program (stdout + stderr): #####
Traceback (most recent call last):
  File "homework.py", line 546, in <module>
    print(end-start)
NameError: name 'end' is not defined
##### End of output of failed program #####
##### vdhankar plays [J e5 c3] in 0.823378086090088s #####
##### Running: /usr/lib/jvm/jdk-14.0.1/bin/java -jar /lab/itti/projects/checkers-competition/server/referee.jar on run_16_bansalr_vdhankar #####
Move is valid
##### SUCCESS: /usr/lib/jvm/jdk-14.0.1/bin/java -jar /lab/itti/projects/checkers-competition/server/referee.jar on run_16_bansalr_vdhankar #####
INPUT for bansalr:
GAME
WHITE
292.22
.b.b.b.b
b.b...b.
...b....
w.b.....
.......b
..b.w...
.w.w.w.w
w.w.w.w.
##### Running: /usr/bin/time -o time_16_bansalr_vdhankar.txt -f "%U" python3 homework.py > stulog.txt 2>&1 on bansalr #####
##### SUCCESS: /usr/bin/time -o time_16_bansalr_vdhankar.txt -f "%U" python3 homework.py > stulog.txt 2>&1 on bansalr #####
##### bansalr plays [J b2 d4 ; J d4 b6] in 3.82s #####
##### Running: /usr/lib/jvm/jdk-14.0.1/bin/java -jar /lab/itti/projects/checkers-competition/server/referee.jar on run_16_bansalr_vdhankar #####
Move is valid
##### SUCCESS: /usr/lib/jvm/jdk-14.0.1/bin/java -jar /lab/itti/projects/checkers-competition/server/referee.jar on run_16_bansalr_vdhankar #####
INPUT for vdhankar:
GAME
BLACK
263.321714878082
.b.b.b.b
b.b...b.
.w.b....
w.......
.......b
....w...
...w.w.w
w.w.w.w.
##### Running: /usr/bin/time -o time_16_bansalr_vdhankar.txt -f "%U" python3 homework.py > stulog.txt 2>&1 on vdhankar #####
child exited with value 1
##### ERROR: /usr/bin/time -o time_16_bansalr_vdhankar.txt -f "%U" python3 homework.py > stulog.txt 2>&1 on vdhankar #####
##### Output of failed program (stdout + stderr): #####
Traceback (most recent call last):
  File "homework.py", line 546, in <module>
    print(end-start)
NameError: name 'end' is not defined
##### End of output of failed program #####
##### vdhankar plays [J a7 c5] in 11.8745019435883s #####
##### Running: /usr/lib/jvm/jdk-14.0.1/bin/java -jar /lab/itti/projects/checkers-competition/server/referee.jar on run_16_bansalr_vdhankar #####
Move is valid
##### SUCCESS: /usr/lib/jvm/jdk-14.0.1/bin/java -jar /lab/itti/projects/checkers-competition/server/referee.jar on run_16_bansalr_vdhankar #####
INPUT for bansalr:
GAME
WHITE
288.4
.b.b.b.b
..b...b.
...b....
w.b.....
.......b
....w...
...w.w.w
w.w.w.w.
##### Running: /usr/bin/time -o time_16_bansalr_vdhankar.txt -f "%U" python3 homework.py > stulog.txt 2>&1 on bansalr #####
##### SUCCESS: /usr/bin/time -o time_16_bansalr_vdhankar.txt -f "%U" python3 homework.py > stulog.txt 2>&1 on bansalr #####
##### bansalr plays [E e3 d4] in 3.64s #####
##### Running: /usr/lib/jvm/jdk-14.0.1/bin/java -jar /lab/itti/projects/checkers-competition/server/referee.jar on run_16_bansalr_vdhankar #####
Move is valid
##### SUCCESS: /usr/lib/jvm/jdk-14.0.1/bin/java -jar /lab/itti/projects/checkers-competition/server/referee.jar on run_16_bansalr_vdhankar #####
INPUT for vdhankar:
GAME
BLACK
251.447212934494
.b.b.b.b
..b...b.
...b....
w.b.....
...w...b
........
...w.w.w
w.w.w.w.
##### Running: /usr/bin/time -o time_16_bansalr_vdhankar.txt -f "%U" python3 homework.py > stulog.txt 2>&1 on vdhankar #####
child exited with value 1
##### ERROR: /usr/bin/time -o time_16_bansalr_vdhankar.txt -f "%U" python3 homework.py > stulog.txt 2>&1 on vdhankar #####
##### Output of failed program (stdout + stderr): #####
Traceback (most recent call last):
  File "homework.py", line 546, in <module>
    print(end-start)
NameError: name 'end' is not defined
##### End of output of failed program #####
##### vdhankar plays [J c5 e3] in 5.16542983055115s #####
##### Running: /usr/lib/jvm/jdk-14.0.1/bin/java -jar /lab/itti/projects/checkers-competition/server/referee.jar on run_16_bansalr_vdhankar #####
Move is valid
##### SUCCESS: /usr/lib/jvm/jdk-14.0.1/bin/java -jar /lab/itti/projects/checkers-competition/server/referee.jar on run_16_bansalr_vdhankar #####
INPUT for bansalr:
GAME
WHITE
284.76
.b.b.b.b
..b...b.
...b....
w.......
.......b
....b...
...w.w.w
w.w.w.w.
##### Running: /usr/bin/time -o time_16_bansalr_vdhankar.txt -f "%U" python3 homework.py > stulog.txt 2>&1 on bansalr #####
##### SUCCESS: /usr/bin/time -o time_16_bansalr_vdhankar.txt -f "%U" python3 homework.py > stulog.txt 2>&1 on bansalr #####
##### bansalr plays [J d2 f4] in 3.41s #####
##### Running: /usr/lib/jvm/jdk-14.0.1/bin/java -jar /lab/itti/projects/checkers-competition/server/referee.jar on run_16_bansalr_vdhankar #####
Move is valid
##### SUCCESS: /usr/lib/jvm/jdk-14.0.1/bin/java -jar /lab/itti/projects/checkers-competition/server/referee.jar on run_16_bansalr_vdhankar #####
INPUT for vdhankar:
GAME
BLACK
246.281783103943
.b.b.b.b
..b...b.
...b....
w.......
.....w.b
........
.....w.w
w.w.w.w.
##### Running: /usr/bin/time -o time_16_bansalr_vdhankar.txt -f "%U" python3 homework.py > stulog.txt 2>&1 on vdhankar #####
child exited with value 1
##### ERROR: /usr/bin/time -o time_16_bansalr_vdhankar.txt -f "%U" python3 homework.py > stulog.txt 2>&1 on vdhankar #####
##### Output of failed program (stdout + stderr): #####
Traceback (most recent call last):
  File "homework.py", line 546, in <module>
    print(end-start)
NameError: name 'end' is not defined
##### End of output of failed program #####
##### vdhankar plays [E d6 c5] in 29.4182319641113s #####
##### Running: /usr/lib/jvm/jdk-14.0.1/bin/java -jar /lab/itti/projects/checkers-competition/server/referee.jar on run_16_bansalr_vdhankar #####
Move is valid
##### SUCCESS: /usr/lib/jvm/jdk-14.0.1/bin/java -jar /lab/itti/projects/checkers-competition/server/referee.jar on run_16_bansalr_vdhankar #####
INPUT for bansalr:
GAME
WHITE
281.35
.b.b.b.b
..b...b.
........
w.b.....
.....w.b
........
.....w.w
w.w.w.w.
##### Running: /usr/bin/time -o time_16_bansalr_vdhankar.txt -f "%U" python3 homework.py > stulog.txt 2>&1 on bansalr #####
##### SUCCESS: /usr/bin/time -o time_16_bansalr_vdhankar.txt -f "%U" python3 homework.py > stulog.txt 2>&1 on bansalr #####
##### bansalr plays [E f4 g5] in 3.49s #####
##### Running: /usr/lib/jvm/jdk-14.0.1/bin/java -jar /lab/itti/projects/checkers-competition/server/referee.jar on run_16_bansalr_vdhankar #####
Move is valid
##### SUCCESS: /usr/lib/jvm/jdk-14.0.1/bin/java -jar /lab/itti/projects/checkers-competition/server/referee.jar on run_16_bansalr_vdhankar #####
INPUT for vdhankar:
GAME
BLACK
216.863551139832
.b.b.b.b
..b...b.
........
w.b...w.
.......b
........
.....w.w
w.w.w.w.
##### Running: /usr/bin/time -o time_16_bansalr_vdhankar.txt -f "%U" python3 homework.py > stulog.txt 2>&1 on vdhankar #####
child exited with value 1
##### ERROR: /usr/bin/time -o time_16_bansalr_vdhankar.txt -f "%U" python3 homework.py > stulog.txt 2>&1 on vdhankar #####
##### Output of failed program (stdout + stderr): #####
Traceback (most recent call last):
  File "homework.py", line 546, in <module>
    print(end-start)
NameError: name 'end' is not defined
##### End of output of failed program #####
##### vdhankar plays [E g7 h6] in 42.9278588294983s #####
##### Running: /usr/lib/jvm/jdk-14.0.1/bin/java -jar /lab/itti/projects/checkers-competition/server/referee.jar on run_16_bansalr_vdhankar #####
Move is valid
##### SUCCESS: /usr/lib/jvm/jdk-14.0.1/bin/java -jar /lab/itti/projects/checkers-competition/server/referee.jar on run_16_bansalr_vdhankar #####
INPUT for bansalr:
GAME
WHITE
277.86
.b.b.b.b
..b.....
.......b
w.b...w.
.......b
........
.....w.w
w.w.w.w.
##### Running: /usr/bin/time -o time_16_bansalr_vdhankar.txt -f "%U" python3 homework.py > stulog.txt 2>&1 on bansalr #####
##### SUCCESS: /usr/bin/time -o time_16_bansalr_vdhankar.txt -f "%U" python3 homework.py > stulog.txt 2>&1 on bansalr #####
##### bansalr plays [E f2 g3] in 3.59s #####
##### Running: /usr/lib/jvm/jdk-14.0.1/bin/java -jar /lab/itti/projects/checkers-competition/server/referee.jar on run_16_bansalr_vdhankar #####
Move is valid
##### SUCCESS: /usr/lib/jvm/jdk-14.0.1/bin/java -jar /lab/itti/projects/checkers-competition/server/referee.jar on run_16_bansalr_vdhankar #####
INPUT for vdhankar:
GAME
BLACK
173.935692310333
.b.b.b.b
..b.....
.......b
w.b...w.
.......b
......w.
.......w
w.w.w.w.
##### Running: /usr/bin/time -o time_16_bansalr_vdhankar.txt -f "%U" python3 homework.py > stulog.txt 2>&1 on vdhankar #####
child exited with value 1
##### ERROR: /usr/bin/time -o time_16_bansalr_vdhankar.txt -f "%U" python3 homework.py > stulog.txt 2>&1 on vdhankar #####
##### Output of failed program (stdout + stderr): #####
Traceback (most recent call last):
  File "homework.py", line 546, in <module>
    print(end-start)
NameError: name 'end' is not defined
##### End of output of failed program #####
##### vdhankar plays [J h4 f2] in 2.59129595756531s #####
##### Running: /usr/lib/jvm/jdk-14.0.1/bin/java -jar /lab/itti/projects/checkers-competition/server/referee.jar on run_16_bansalr_vdhankar #####
Move is valid
##### SUCCESS: /usr/lib/jvm/jdk-14.0.1/bin/java -jar /lab/itti/projects/checkers-competition/server/referee.jar on run_16_bansalr_vdhankar #####
INPUT for bansalr:
GAME
WHITE
274.27
.b.b.b.b
..b.....
.......b
w.b...w.
........
........
.....b.w
w.w.w.w.
##### Running: /usr/bin/time -o time_16_bansalr_vdhankar.txt -f "%U" python3 homework.py > stulog.txt 2>&1 on bansalr #####
##### SUCCESS: /usr/bin/time -o time_16_bansalr_vdhankar.txt -f "%U" python3 homework.py > stulog.txt 2>&1 on bansalr #####
##### bansalr plays [J e1 g3] in 1.98s #####
##### Running: /usr/lib/jvm/jdk-14.0.1/bin/java -jar /lab/itti/projects/checkers-competition/server/referee.jar on run_16_bansalr_vdhankar #####
Move is valid
##### SUCCESS: /usr/lib/jvm/jdk-14.0.1/bin/java -jar /lab/itti/projects/checkers-competition/server/referee.jar on run_16_bansalr_vdhankar #####
INPUT for vdhankar:
GAME
BLACK
171.344396352768
.b.b.b.b
..b.....
.......b
w.b...w.
........
......w.
.......w
w.w...w.
##### Running: /usr/bin/time -o time_16_bansalr_vdhankar.txt -f "%U" python3 homework.py > stulog.txt 2>&1 on vdhankar #####
child exited with value 1
##### ERROR: /usr/bin/time -o time_16_bansalr_vdhankar.txt -f "%U" python3 homework.py > stulog.txt 2>&1 on vdhankar #####
##### Output of failed program (stdout + stderr): #####
Traceback (most recent call last):
  File "homework.py", line 546, in <module>
    print(end-start)
NameError: name 'end' is not defined
##### End of output of failed program #####
##### vdhankar plays [J h6 f4] in 1.62226104736328s #####
##### Running: /usr/lib/jvm/jdk-14.0.1/bin/java -jar /lab/itti/projects/checkers-competition/server/referee.jar on run_16_bansalr_vdhankar #####
Move is valid
##### SUCCESS: /usr/lib/jvm/jdk-14.0.1/bin/java -jar /lab/itti/projects/checkers-competition/server/referee.jar on run_16_bansalr_vdhankar #####
INPUT for bansalr:
GAME
WHITE
272.29
.b.b.b.b
..b.....
........
w.b.....
.....b..
......w.
.......w
w.w...w.
##### Running: /usr/bin/time -o time_16_bansalr_vdhankar.txt -f "%U" python3 homework.py > stulog.txt 2>&1 on bansalr #####
##### SUCCESS: /usr/bin/time -o time_16_bansalr_vdhankar.txt -f "%U" python3 homework.py > stulog.txt 2>&1 on bansalr #####
##### bansalr plays [J g3 e5] in 3.53s #####
##### Running: /usr/lib/jvm/jdk-14.0.1/bin/java -jar /lab/itti/projects/checkers-competition/server/referee.jar on run_16_bansalr_vdhankar #####
Move is valid
##### SUCCESS: /usr/lib/jvm/jdk-14.0.1/bin/java -jar /lab/itti/projects/checkers-competition/server/referee.jar on run_16_bansalr_vdhankar #####
INPUT for vdhankar:
GAME
BLACK
169.722135305405
.b.b.b.b
..b.....
........
w.b.w...
........
........
.......w
w.w...w.
##### Running: /usr/bin/time -o time_16_bansalr_vdhankar.txt -f "%U" python3 homework.py > stulog.txt 2>&1 on vdhankar #####
child exited with value 1
##### ERROR: /usr/bin/time -o time_16_bansalr_vdhankar.txt -f "%U" python3 homework.py > stulog.txt 2>&1 on vdhankar #####
##### Output of failed program (stdout + stderr): #####
Traceback (most recent call last):
  File "homework.py", line 546, in <module>
    print(end-start)
NameError: name 'end' is not defined
##### End of output of failed program #####
##### vdhankar plays [E c7 b6] in 19.2137849330902s #####
##### Running: /usr/lib/jvm/jdk-14.0.1/bin/java -jar /lab/itti/projects/checkers-competition/server/referee.jar on run_16_bansalr_vdhankar #####
Move is valid
##### SUCCESS: /usr/lib/jvm/jdk-14.0.1/bin/java -jar /lab/itti/projects/checkers-competition/server/referee.jar on run_16_bansalr_vdhankar #####
INPUT for bansalr:
GAME
WHITE
268.76
.b.b.b.b
........
.b......
w.b.w...
........
........
.......w
w.w...w.
##### Running: /usr/bin/time -o time_16_bansalr_vdhankar.txt -f "%U" python3 homework.py > stulog.txt 2>&1 on bansalr #####
##### SUCCESS: /usr/bin/time -o time_16_bansalr_vdhankar.txt -f "%U" python3 homework.py > stulog.txt 2>&1 on bansalr #####
##### bansalr plays [J a5 c7] in 1.86s #####
##### Running: /usr/lib/jvm/jdk-14.0.1/bin/java -jar /lab/itti/projects/checkers-competition/server/referee.jar on run_16_bansalr_vdhankar #####
Move is valid
##### SUCCESS: /usr/lib/jvm/jdk-14.0.1/bin/java -jar /lab/itti/projects/checkers-competition/server/referee.jar on run_16_bansalr_vdhankar #####
INPUT for vdhankar:
GAME
BLACK
150.508350372314
.b.b.b.b
..w.....
........
..b.w...
........
........
.......w
w.w...w.
##### Running: /usr/bin/time -o time_16_bansalr_vdhankar.txt -f "%U" python3 homework.py > stulog.txt 2>&1 on vdhankar #####
child exited with value 1
##### ERROR: /usr/bin/time -o time_16_bansalr_vdhankar.txt -f "%U" python3 homework.py > stulog.txt 2>&1 on vdhankar #####
##### Output of failed program (stdout + stderr): #####
Traceback (most recent call last):
  File "homework.py", line 546, in <module>
    print(end-start)
NameError: name 'end' is not defined
##### End of output of failed program #####
##### vdhankar plays [J b8 d6 ; J d6 f4] in 3.19781112670898s #####
##### Running: /usr/lib/jvm/jdk-14.0.1/bin/java -jar /lab/itti/projects/checkers-competition/server/referee.jar on run_16_bansalr_vdhankar #####
Move is valid
##### SUCCESS: /usr/lib/jvm/jdk-14.0.1/bin/java -jar /lab/itti/projects/checkers-competition/server/referee.jar on run_16_bansalr_vdhankar #####
INPUT for bansalr:
GAME
WHITE
266.9
...b.b.b
........
........
..b.....
.....b..
........
.......w
w.w...w.
##### Running: /usr/bin/time -o time_16_bansalr_vdhankar.txt -f "%U" python3 homework.py > stulog.txt 2>&1 on bansalr #####
##### SUCCESS: /usr/bin/time -o time_16_bansalr_vdhankar.txt -f "%U" python3 homework.py > stulog.txt 2>&1 on bansalr #####
##### bansalr plays [E a1 b2] in 3.66s #####
##### Running: /usr/lib/jvm/jdk-14.0.1/bin/java -jar /lab/itti/projects/checkers-competition/server/referee.jar on run_16_bansalr_vdhankar #####
Move is valid
##### SUCCESS: /usr/lib/jvm/jdk-14.0.1/bin/java -jar /lab/itti/projects/checkers-competition/server/referee.jar on run_16_bansalr_vdhankar #####
INPUT for vdhankar:
GAME
BLACK
147.310539245605
...b.b.b
........
........
..b.....
.....b..
........
.w.....w
..w...w.
##### Running: /usr/bin/time -o time_16_bansalr_vdhankar.txt -f "%U" python3 homework.py > stulog.txt 2>&1 on vdhankar #####
child exited with value 1
##### ERROR: /usr/bin/time -o time_16_bansalr_vdhankar.txt -f "%U" python3 homework.py > stulog.txt 2>&1 on vdhankar #####
##### Output of failed program (stdout + stderr): #####
Traceback (most recent call last):
  File "homework.py", line 546, in <module>
    print(end-start)
NameError: name 'end' is not defined
##### End of output of failed program #####
##### vdhankar plays [E h8 g7] in 10.089408159256s #####
##### Running: /usr/lib/jvm/jdk-14.0.1/bin/java -jar /lab/itti/projects/checkers-competition/server/referee.jar on run_16_bansalr_vdhankar #####
Move is valid
##### SUCCESS: /usr/lib/jvm/jdk-14.0.1/bin/java -jar /lab/itti/projects/checkers-competition/server/referee.jar on run_16_bansalr_vdhankar #####
INPUT for bansalr:
GAME
WHITE
263.24
...b.b..
......b.
........
..b.....
.....b..
........
.w.....w
..w...w.
##### Running: /usr/bin/time -o time_16_bansalr_vdhankar.txt -f "%U" python3 homework.py > stulog.txt 2>&1 on bansalr #####
##### SUCCESS: /usr/bin/time -o time_16_bansalr_vdhankar.txt -f "%U" python3 homework.py > stulog.txt 2>&1 on bansalr #####
##### bansalr plays [E b2 a3] in 3.54s #####
##### Running: /usr/lib/jvm/jdk-14.0.1/bin/java -jar /lab/itti/projects/checkers-competition/server/referee.jar on run_16_bansalr_vdhankar #####
Move is valid
##### SUCCESS: /usr/lib/jvm/jdk-14.0.1/bin/java -jar /lab/itti/projects/checkers-competition/server/referee.jar on run_16_bansalr_vdhankar #####
INPUT for vdhankar:
GAME
BLACK
137.221131086349
...b.b..
......b.
........
..b.....
.....b..
w.......
.......w
..w...w.
##### Running: /usr/bin/time -o time_16_bansalr_vdhankar.txt -f "%U" python3 homework.py > stulog.txt 2>&1 on vdhankar #####
child exited with value 1
##### ERROR: /usr/bin/time -o time_16_bansalr_vdhankar.txt -f "%U" python3 homework.py > stulog.txt 2>&1 on vdhankar #####
##### Output of failed program (stdout + stderr): #####
Traceback (most recent call last):
  File "homework.py", line 546, in <module>
    print(end-start)
NameError: name 'end' is not defined
##### End of output of failed program #####
##### vdhankar plays [E g7 f6] in 5.62788605690002s #####
##### Running: /usr/lib/jvm/jdk-14.0.1/bin/java -jar /lab/itti/projects/checkers-competition/server/referee.jar on run_16_bansalr_vdhankar #####
Move is valid
##### SUCCESS: /usr/lib/jvm/jdk-14.0.1/bin/java -jar /lab/itti/projects/checkers-competition/server/referee.jar on run_16_bansalr_vdhankar #####
INPUT for bansalr:
GAME
WHITE
259.7
...b.b..
........
.....b..
..b.....
.....b..
w.......
.......w
..w...w.
##### Running: /usr/bin/time -o time_16_bansalr_vdhankar.txt -f "%U" python3 homework.py > stulog.txt 2>&1 on bansalr #####
##### SUCCESS: /usr/bin/time -o time_16_bansalr_vdhankar.txt -f "%U" python3 homework.py > stulog.txt 2>&1 on bansalr #####
##### bansalr plays [E c1 d2] in 3.99s #####
##### Running: /usr/lib/jvm/jdk-14.0.1/bin/java -jar /lab/itti/projects/checkers-competition/server/referee.jar on run_16_bansalr_vdhankar #####
Move is valid
##### SUCCESS: /usr/lib/jvm/jdk-14.0.1/bin/java -jar /lab/itti/projects/checkers-competition/server/referee.jar on run_16_bansalr_vdhankar #####
INPUT for vdhankar:
GAME
BLACK
131.593245029449
...b.b..
........
.....b..
..b.....
.....b..
w.......
...w...w
......w.
##### Running: /usr/bin/time -o time_16_bansalr_vdhankar.txt -f "%U" python3 homework.py > stulog.txt 2>&1 on vdhankar #####
child exited with value 1
##### ERROR: /usr/bin/time -o time_16_bansalr_vdhankar.txt -f "%U" python3 homework.py > stulog.txt 2>&1 on vdhankar #####
##### Output of failed program (stdout + stderr): #####
Traceback (most recent call last):
  File "homework.py", line 546, in <module>
    print(end-start)
NameError: name 'end' is not defined
##### End of output of failed program #####
##### vdhankar plays [E c5 d4] in 4.94901990890503s #####
##### Running: /usr/lib/jvm/jdk-14.0.1/bin/java -jar /lab/itti/projects/checkers-competition/server/referee.jar on run_16_bansalr_vdhankar #####
Move is valid
##### SUCCESS: /usr/lib/jvm/jdk-14.0.1/bin/java -jar /lab/itti/projects/checkers-competition/server/referee.jar on run_16_bansalr_vdhankar #####
INPUT for bansalr:
GAME
WHITE
255.71
...b.b..
........
.....b..
........
...b.b..
w.......
...w...w
......w.
##### Running: /usr/bin/time -o time_16_bansalr_vdhankar.txt -f "%U" python3 homework.py > stulog.txt 2>&1 on bansalr #####
##### SUCCESS: /usr/bin/time -o time_16_bansalr_vdhankar.txt -f "%U" python3 homework.py > stulog.txt 2>&1 on bansalr #####
##### bansalr plays [E a3 b4] in 3.78s #####
##### Running: /usr/lib/jvm/jdk-14.0.1/bin/java -jar /lab/itti/projects/checkers-competition/server/referee.jar on run_16_bansalr_vdhankar #####
Move is valid
##### SUCCESS: /usr/lib/jvm/jdk-14.0.1/bin/java -jar /lab/itti/projects/checkers-competition/server/referee.jar on run_16_bansalr_vdhankar #####
INPUT for vdhankar:
GAME
BLACK
126.644225120544
...b.b..
........
.....b..
........
.w.b.b..
........
...w...w
......w.
##### Running: /usr/bin/time -o time_16_bansalr_vdhankar.txt -f "%U" python3 homework.py > stulog.txt 2>&1 on vdhankar #####
child exited with value 1
##### ERROR: /usr/bin/time -o time_16_bansalr_vdhankar.txt -f "%U" python3 homework.py > stulog.txt 2>&1 on vdhankar #####
##### Output of failed program (stdout + stderr): #####
Traceback (most recent call last):
  File "homework.py", line 546, in <module>
    print(end-start)
NameError: name 'end' is not defined
##### End of output of failed program #####
##### vdhankar plays [E d4 c3] in 5.28825902938843s #####
##### Running: /usr/lib/jvm/jdk-14.0.1/bin/java -jar /lab/itti/projects/checkers-competition/server/referee.jar on run_16_bansalr_vdhankar #####
Move is valid
##### SUCCESS: /usr/lib/jvm/jdk-14.0.1/bin/java -jar /lab/itti/projects/checkers-competition/server/referee.jar on run_16_bansalr_vdhankar #####
INPUT for bansalr:
GAME
WHITE
251.93
...b.b..
........
.....b..
........
.w...b..
..b.....
...w...w
......w.
##### Running: /usr/bin/time -o time_16_bansalr_vdhankar.txt -f "%U" python3 homework.py > stulog.txt 2>&1 on bansalr #####
##### SUCCESS: /usr/bin/time -o time_16_bansalr_vdhankar.txt -f "%U" python3 homework.py > stulog.txt 2>&1 on bansalr #####
##### bansalr plays [E b4 a5] in 3.79s #####
##### Running: /usr/lib/jvm/jdk-14.0.1/bin/java -jar /lab/itti/projects/checkers-competition/server/referee.jar on run_16_bansalr_vdhankar #####
Move is valid
##### SUCCESS: /usr/lib/jvm/jdk-14.0.1/bin/java -jar /lab/itti/projects/checkers-competition/server/referee.jar on run_16_bansalr_vdhankar #####
INPUT for vdhankar:
GAME
BLACK
121.355966091156
...b.b..
........
.....b..
w.......
.....b..
..b.....
...w...w
......w.
##### Running: /usr/bin/time -o time_16_bansalr_vdhankar.txt -f "%U" python3 homework.py > stulog.txt 2>&1 on vdhankar #####
child exited with value 1
##### ERROR: /usr/bin/time -o time_16_bansalr_vdhankar.txt -f "%U" python3 homework.py > stulog.txt 2>&1 on vdhankar #####
##### Output of failed program (stdout + stderr): #####
Traceback (most recent call last):
  File "homework.py", line 546, in <module>
    print(end-start)
NameError: name 'end' is not defined
##### End of output of failed program #####
##### vdhankar plays [J c3 e1] in 0.777091026306152s #####
##### Running: /usr/lib/jvm/jdk-14.0.1/bin/java -jar /lab/itti/projects/checkers-competition/server/referee.jar on run_16_bansalr_vdhankar #####
Move is valid
##### SUCCESS: /usr/lib/jvm/jdk-14.0.1/bin/java -jar /lab/itti/projects/checkers-competition/server/referee.jar on run_16_bansalr_vdhankar #####
INPUT for bansalr:
GAME
WHITE
248.14
...b.b..
........
.....b..
w.......
.....b..
........
.......w
....B.w.
##### Running: /usr/bin/time -o time_16_bansalr_vdhankar.txt -f "%U" python3 homework.py > stulog.txt 2>&1 on bansalr #####
##### SUCCESS: /usr/bin/time -o time_16_bansalr_vdhankar.txt -f "%U" python3 homework.py > stulog.txt 2>&1 on bansalr #####
##### bansalr plays [E a5 b6] in 4.02s #####
##### Running: /usr/lib/jvm/jdk-14.0.1/bin/java -jar /lab/itti/projects/checkers-competition/server/referee.jar on run_16_bansalr_vdhankar #####
Move is valid
##### SUCCESS: /usr/lib/jvm/jdk-14.0.1/bin/java -jar /lab/itti/projects/checkers-competition/server/referee.jar on run_16_bansalr_vdhankar #####
INPUT for vdhankar:
GAME
BLACK
120.57887506485
...b.b..
........
.w...b..
........
.....b..
........
.......w
....B.w.
##### Running: /usr/bin/time -o time_16_bansalr_vdhankar.txt -f "%U" python3 homework.py > stulog.txt 2>&1 on vdhankar #####
child exited with value 1
##### ERROR: /usr/bin/time -o time_16_bansalr_vdhankar.txt -f "%U" python3 homework.py > stulog.txt 2>&1 on vdhankar #####
##### Output of failed program (stdout + stderr): #####
Traceback (most recent call last):
  File "homework.py", line 546, in <module>
    print(end-start)
NameError: name 'end' is not defined
##### End of output of failed program #####
##### vdhankar plays [E e1 d2] in 4.31356477737427s #####
##### Running: /usr/lib/jvm/jdk-14.0.1/bin/java -jar /lab/itti/projects/checkers-competition/server/referee.jar on run_16_bansalr_vdhankar #####
Move is valid
##### SUCCESS: /usr/lib/jvm/jdk-14.0.1/bin/java -jar /lab/itti/projects/checkers-competition/server/referee.jar on run_16_bansalr_vdhankar #####
INPUT for bansalr:
GAME
WHITE
244.12
...b.b..
........
.w...b..
........
.....b..
........
...B...w
......w.
##### Running: /usr/bin/time -o time_16_bansalr_vdhankar.txt -f "%U" python3 homework.py > stulog.txt 2>&1 on bansalr #####
##### SUCCESS: /usr/bin/time -o time_16_bansalr_vdhankar.txt -f "%U" python3 homework.py > stulog.txt 2>&1 on bansalr #####
##### bansalr plays [E b6 a7] in 3.87s #####
##### Running: /usr/lib/jvm/jdk-14.0.1/bin/java -jar /lab/itti/projects/checkers-competition/server/referee.jar on run_16_bansalr_vdhankar #####
Move is valid
##### SUCCESS: /usr/lib/jvm/jdk-14.0.1/bin/java -jar /lab/itti/projects/checkers-competition/server/referee.jar on run_16_bansalr_vdhankar #####
INPUT for vdhankar:
GAME
BLACK
116.265310287476
...b.b..
w.......
.....b..
........
.....b..
........
...B...w
......w.
##### Running: /usr/bin/time -o time_16_bansalr_vdhankar.txt -f "%U" python3 homework.py > stulog.txt 2>&1 on vdhankar #####
child exited with value 1
##### ERROR: /usr/bin/time -o time_16_bansalr_vdhankar.txt -f "%U" python3 homework.py > stulog.txt 2>&1 on vdhankar #####
##### Output of failed program (stdout + stderr): #####
Traceback (most recent call last):
  File "homework.py", line 546, in <module>
    print(end-start)
NameError: name 'end' is not defined
##### End of output of failed program #####
##### vdhankar plays [E f4 e3] in 8.23121309280396s #####
##### Running: /usr/lib/jvm/jdk-14.0.1/bin/java -jar /lab/itti/projects/checkers-competition/server/referee.jar on run_16_bansalr_vdhankar #####
Move is valid
##### SUCCESS: /usr/lib/jvm/jdk-14.0.1/bin/java -jar /lab/itti/projects/checkers-competition/server/referee.jar on run_16_bansalr_vdhankar #####
INPUT for bansalr:
GAME
WHITE
240.25
...b.b..
w.......
.....b..
........
........
....b...
...B...w
......w.
##### Running: /usr/bin/time -o time_16_bansalr_vdhankar.txt -f "%U" python3 homework.py > stulog.txt 2>&1 on bansalr #####
##### SUCCESS: /usr/bin/time -o time_16_bansalr_vdhankar.txt -f "%U" python3 homework.py > stulog.txt 2>&1 on bansalr #####
##### bansalr plays [E a7 b8] in 3.92s #####
##### Running: /usr/lib/jvm/jdk-14.0.1/bin/java -jar /lab/itti/projects/checkers-competition/server/referee.jar on run_16_bansalr_vdhankar #####
Move is valid
##### SUCCESS: /usr/lib/jvm/jdk-14.0.1/bin/java -jar /lab/itti/projects/checkers-competition/server/referee.jar on run_16_bansalr_vdhankar #####
INPUT for vdhankar:
GAME
BLACK
108.034097194672
.W.b.b..
........
.....b..
........
........
....b...
...B...w
......w.
##### Running: /usr/bin/time -o time_16_bansalr_vdhankar.txt -f "%U" python3 homework.py > stulog.txt 2>&1 on vdhankar #####
child exited with value 1
##### ERROR: /usr/bin/time -o time_16_bansalr_vdhankar.txt -f "%U" python3 homework.py > stulog.txt 2>&1 on vdhankar #####
##### Output of failed program (stdout + stderr): #####
Traceback (most recent call last):
  File "homework.py", line 546, in <module>
    print(end-start)
NameError: name 'end' is not defined
##### End of output of failed program #####
##### vdhankar plays [E e3 f2] in 6.33906102180481s #####
##### Running: /usr/lib/jvm/jdk-14.0.1/bin/java -jar /lab/itti/projects/checkers-competition/server/referee.jar on run_16_bansalr_vdhankar #####
Move is valid
##### SUCCESS: /usr/lib/jvm/jdk-14.0.1/bin/java -jar /lab/itti/projects/checkers-competition/server/referee.jar on run_16_bansalr_vdhankar #####
INPUT for bansalr:
GAME
WHITE
236.33
.W.b.b..
........
.....b..
........
........
........
...B.b.w
......w.
##### Running: /usr/bin/time -o time_16_bansalr_vdhankar.txt -f "%U" python3 homework.py > stulog.txt 2>&1 on bansalr #####
##### SUCCESS: /usr/bin/time -o time_16_bansalr_vdhankar.txt -f "%U" python3 homework.py > stulog.txt 2>&1 on bansalr #####
##### bansalr plays [J g1 e3] in 0.78s #####
##### Running: /usr/lib/jvm/jdk-14.0.1/bin/java -jar /lab/itti/projects/checkers-competition/server/referee.jar on run_16_bansalr_vdhankar #####
Move is valid
##### SUCCESS: /usr/lib/jvm/jdk-14.0.1/bin/java -jar /lab/itti/projects/checkers-competition/server/referee.jar on run_16_bansalr_vdhankar #####
INPUT for vdhankar:
GAME
BLACK
101.695036172867
.W.b.b..
........
.....b..
........
........
....w...
...B...w
........
##### Running: /usr/bin/time -o time_16_bansalr_vdhankar.txt -f "%U" python3 homework.py > stulog.txt 2>&1 on vdhankar #####
child exited with value 1
##### ERROR: /usr/bin/time -o time_16_bansalr_vdhankar.txt -f "%U" python3 homework.py > stulog.txt 2>&1 on vdhankar #####
##### Output of failed program (stdout + stderr): #####
Traceback (most recent call last):
  File "homework.py", line 546, in <module>
    print(end-start)
NameError: name 'end' is not defined
##### End of output of failed program #####
##### vdhankar plays [J d2 f4] in 1.25339484214783s #####
##### Running: /usr/lib/jvm/jdk-14.0.1/bin/java -jar /lab/itti/projects/checkers-competition/server/referee.jar on run_16_bansalr_vdhankar #####
Move is valid
##### SUCCESS: /usr/lib/jvm/jdk-14.0.1/bin/java -jar /lab/itti/projects/checkers-competition/server/referee.jar on run_16_bansalr_vdhankar #####
INPUT for bansalr:
GAME
WHITE
235.55
.W.b.b..
........
.....b..
........
.....B..
........
.......w
........
##### Running: /usr/bin/time -o time_16_bansalr_vdhankar.txt -f "%U" python3 homework.py > stulog.txt 2>&1 on bansalr #####
##### SUCCESS: /usr/bin/time -o time_16_bansalr_vdhankar.txt -f "%U" python3 homework.py > stulog.txt 2>&1 on bansalr #####
##### bansalr plays [E b8 a7] in 3.92s #####
##### Running: /usr/lib/jvm/jdk-14.0.1/bin/java -jar /lab/itti/projects/checkers-competition/server/referee.jar on run_16_bansalr_vdhankar #####
Move is valid
##### SUCCESS: /usr/lib/jvm/jdk-14.0.1/bin/java -jar /lab/itti/projects/checkers-competition/server/referee.jar on run_16_bansalr_vdhankar #####
INPUT for vdhankar:
GAME
BLACK
100.441641330719
...b.b..
W.......
.....b..
........
.....B..
........
.......w
........
##### Running: /usr/bin/time -o time_16_bansalr_vdhankar.txt -f "%U" python3 homework.py > stulog.txt 2>&1 on vdhankar #####
child exited with value 1
##### ERROR: /usr/bin/time -o time_16_bansalr_vdhankar.txt -f "%U" python3 homework.py > stulog.txt 2>&1 on vdhankar #####
##### Output of failed program (stdout + stderr): #####
Traceback (most recent call last):
  File "homework.py", line 546, in <module>
    print(end-start)
NameError: name 'end' is not defined
##### End of output of failed program #####
##### vdhankar plays [E f4 e3] in 7.67000603675842s #####
##### Running: /usr/lib/jvm/jdk-14.0.1/bin/java -jar /lab/itti/projects/checkers-competition/server/referee.jar on run_16_bansalr_vdhankar #####
Move is valid
##### SUCCESS: /usr/lib/jvm/jdk-14.0.1/bin/java -jar /lab/itti/projects/checkers-competition/server/referee.jar on run_16_bansalr_vdhankar #####
INPUT for bansalr:
GAME
WHITE
231.63
...b.b..
W.......
.....b..
........
........
....B...
.......w
........
##### Running: /usr/bin/time -o time_16_bansalr_vdhankar.txt -f "%U" python3 homework.py > stulog.txt 2>&1 on bansalr #####
##### SUCCESS: /usr/bin/time -o time_16_bansalr_vdhankar.txt -f "%U" python3 homework.py > stulog.txt 2>&1 on bansalr #####
##### bansalr plays [E a7 b6] in 4s #####
##### Running: /usr/lib/jvm/jdk-14.0.1/bin/java -jar /lab/itti/projects/checkers-competition/server/referee.jar on run_16_bansalr_vdhankar #####
Move is valid
##### SUCCESS: /usr/lib/jvm/jdk-14.0.1/bin/java -jar /lab/itti/projects/checkers-competition/server/referee.jar on run_16_bansalr_vdhankar #####
INPUT for vdhankar:
GAME
BLACK
92.7716352939606
...b.b..
........
.W...b..
........
........
....B...
.......w
........
##### Running: /usr/bin/time -o time_16_bansalr_vdhankar.txt -f "%U" python3 homework.py > stulog.txt 2>&1 on vdhankar #####
child exited with value 1
##### ERROR: /usr/bin/time -o time_16_bansalr_vdhankar.txt -f "%U" python3 homework.py > stulog.txt 2>&1 on vdhankar #####
##### Output of failed program (stdout + stderr): #####
Traceback (most recent call last):
  File "homework.py", line 546, in <module>
    print(end-start)
NameError: name 'end' is not defined
##### End of output of failed program #####
##### vdhankar plays [E e3 f2] in 16.7546799182892s #####
##### Running: /usr/lib/jvm/jdk-14.0.1/bin/java -jar /lab/itti/projects/checkers-competition/server/referee.jar on run_16_bansalr_vdhankar #####
Move is valid
##### SUCCESS: /usr/lib/jvm/jdk-14.0.1/bin/java -jar /lab/itti/projects/checkers-competition/server/referee.jar on run_16_bansalr_vdhankar #####
INPUT for bansalr:
GAME
WHITE
227.63
...b.b..
........
.W...b..
........
........
........
.....B.w
........
##### Running: /usr/bin/time -o time_16_bansalr_vdhankar.txt -f "%U" python3 homework.py > stulog.txt 2>&1 on bansalr #####
##### SUCCESS: /usr/bin/time -o time_16_bansalr_vdhankar.txt -f "%U" python3 homework.py > stulog.txt 2>&1 on bansalr #####
##### bansalr plays [E b6 a5] in 4.18s #####
##### Running: /usr/lib/jvm/jdk-14.0.1/bin/java -jar /lab/itti/projects/checkers-competition/server/referee.jar on run_16_bansalr_vdhankar #####
Move is valid
##### SUCCESS: /usr/lib/jvm/jdk-14.0.1/bin/java -jar /lab/itti/projects/checkers-competition/server/referee.jar on run_16_bansalr_vdhankar #####
INPUT for vdhankar:
GAME
BLACK
76.0169553756714
...b.b..
........
.....b..
W.......
........
........
.....B.w
........
##### Running: /usr/bin/time -o time_16_bansalr_vdhankar.txt -f "%U" python3 homework.py > stulog.txt 2>&1 on vdhankar #####
child exited with value 1
##### ERROR: /usr/bin/time -o time_16_bansalr_vdhankar.txt -f "%U" python3 homework.py > stulog.txt 2>&1 on vdhankar #####
##### Output of failed program (stdout + stderr): #####
Traceback (most recent call last):
  File "homework.py", line 546, in <module>
    print(end-start)
NameError: name 'end' is not defined
##### End of output of failed program #####
##### vdhankar plays [E f2 g1] in 10.1979839801788s #####
##### Running: /usr/lib/jvm/jdk-14.0.1/bin/java -jar /lab/itti/projects/checkers-competition/server/referee.jar on run_16_bansalr_vdhankar #####
Move is valid
##### SUCCESS: /usr/lib/jvm/jdk-14.0.1/bin/java -jar /lab/itti/projects/checkers-competition/server/referee.jar on run_16_bansalr_vdhankar #####
INPUT for bansalr:
GAME
WHITE
223.45
...b.b..
........
.....b..
W.......
........
........
.......w
......B.
##### Running: /usr/bin/time -o time_16_bansalr_vdhankar.txt -f "%U" python3 homework.py > stulog.txt 2>&1 on bansalr #####
##### SUCCESS: /usr/bin/time -o time_16_bansalr_vdhankar.txt -f "%U" python3 homework.py > stulog.txt 2>&1 on bansalr #####
##### bansalr plays [E a5 b4] in 3.41s #####
##### Running: /usr/lib/jvm/jdk-14.0.1/bin/java -jar /lab/itti/projects/checkers-competition/server/referee.jar on run_16_bansalr_vdhankar #####
Move is valid
##### SUCCESS: /usr/lib/jvm/jdk-14.0.1/bin/java -jar /lab/itti/projects/checkers-competition/server/referee.jar on run_16_bansalr_vdhankar #####
INPUT for vdhankar:
GAME
BLACK
65.8189713954926
...b.b..
........
.....b..
........
.W......
........
.......w
......B.
##### Running: /usr/bin/time -o time_16_bansalr_vdhankar.txt -f "%U" python3 homework.py > stulog.txt 2>&1 on vdhankar #####
child exited with value 1
##### ERROR: /usr/bin/time -o time_16_bansalr_vdhankar.txt -f "%U" python3 homework.py > stulog.txt 2>&1 on vdhankar #####
##### Output of failed program (stdout + stderr): #####
Traceback (most recent call last):
  File "homework.py", line 546, in <module>
    print(end-start)
NameError: name 'end' is not defined
##### End of output of failed program #####
##### vdhankar plays [E g1 f2] in 16.8000340461731s #####
##### Running: /usr/lib/jvm/jdk-14.0.1/bin/java -jar /lab/itti/projects/checkers-competition/server/referee.jar on run_16_bansalr_vdhankar #####
Move is valid
##### SUCCESS: /usr/lib/jvm/jdk-14.0.1/bin/java -jar /lab/itti/projects/checkers-competition/server/referee.jar on run_16_bansalr_vdhankar #####
INPUT for bansalr:
GAME
WHITE
220.04
...b.b..
........
.....b..
........
.W......
........
.....B.w
........
##### Running: /usr/bin/time -o time_16_bansalr_vdhankar.txt -f "%U" python3 homework.py > stulog.txt 2>&1 on bansalr #####
##### SUCCESS: /usr/bin/time -o time_16_bansalr_vdhankar.txt -f "%U" python3 homework.py > stulog.txt 2>&1 on bansalr #####
##### bansalr plays [E b4 a3] in 4.16s #####
##### Running: /usr/lib/jvm/jdk-14.0.1/bin/java -jar /lab/itti/projects/checkers-competition/server/referee.jar on run_16_bansalr_vdhankar #####
Move is valid
##### SUCCESS: /usr/lib/jvm/jdk-14.0.1/bin/java -jar /lab/itti/projects/checkers-competition/server/referee.jar on run_16_bansalr_vdhankar #####
INPUT for vdhankar:
GAME
BLACK
49.0189373493195
...b.b..
........
.....b..
........
........
W.......
.....B.w
........
##### Running: /usr/bin/time -o time_16_bansalr_vdhankar.txt -f "%U" python3 homework.py > stulog.txt 2>&1 on vdhankar #####
child exited with value 1
##### ERROR: /usr/bin/time -o time_16_bansalr_vdhankar.txt -f "%U" python3 homework.py > stulog.txt 2>&1 on vdhankar #####
##### Output of failed program (stdout + stderr): #####
Traceback (most recent call last):
  File "homework.py", line 546, in <module>
    print(end-start)
NameError: name 'end' is not defined
##### End of output of failed program #####
##### vdhankar plays [E f2 e3] in 4.24205207824707s #####
##### Running: /usr/lib/jvm/jdk-14.0.1/bin/java -jar /lab/itti/projects/checkers-competition/server/referee.jar on run_16_bansalr_vdhankar #####
Move is valid
##### SUCCESS: /usr/lib/jvm/jdk-14.0.1/bin/java -jar /lab/itti/projects/checkers-competition/server/referee.jar on run_16_bansalr_vdhankar #####
INPUT for bansalr:
GAME
WHITE
215.88
...b.b..
........
.....b..
........
........
W...B...
.......w
........
##### Running: /usr/bin/time -o time_16_bansalr_vdhankar.txt -f "%U" python3 homework.py > stulog.txt 2>&1 on bansalr #####
##### SUCCESS: /usr/bin/time -o time_16_bansalr_vdhankar.txt -f "%U" python3 homework.py > stulog.txt 2>&1 on bansalr #####
##### bansalr plays [E a3 b2] in 4.28s #####
##### Running: /usr/lib/jvm/jdk-14.0.1/bin/java -jar /lab/itti/projects/checkers-competition/server/referee.jar on run_16_bansalr_vdhankar #####
Move is valid
##### SUCCESS: /usr/lib/jvm/jdk-14.0.1/bin/java -jar /lab/itti/projects/checkers-competition/server/referee.jar on run_16_bansalr_vdhankar #####
INPUT for vdhankar:
GAME
BLACK
44.7768852710724
...b.b..
........
.....b..
........
........
....B...
.W.....w
........
##### Running: /usr/bin/time -o time_16_bansalr_vdhankar.txt -f "%U" python3 homework.py > stulog.txt 2>&1 on vdhankar #####
child exited with value 1
##### ERROR: /usr/bin/time -o time_16_bansalr_vdhankar.txt -f "%U" python3 homework.py > stulog.txt 2>&1 on vdhankar #####
##### Output of failed program (stdout + stderr): #####
Traceback (most recent call last):
  File "homework.py", line 546, in <module>
    print(end-start)
NameError: name 'end' is not defined
##### End of output of failed program #####
##### vdhankar plays [E e3 f2] in 8.15720391273499s #####
##### Running: /usr/lib/jvm/jdk-14.0.1/bin/java -jar /lab/itti/projects/checkers-competition/server/referee.jar on run_16_bansalr_vdhankar #####
Move is valid
##### SUCCESS: /usr/lib/jvm/jdk-14.0.1/bin/java -jar /lab/itti/projects/checkers-competition/server/referee.jar on run_16_bansalr_vdhankar #####
INPUT for bansalr:
GAME
WHITE
211.6
...b.b..
........
.....b..
........
........
........
.W...B.w
........
##### Running: /usr/bin/time -o time_16_bansalr_vdhankar.txt -f "%U" python3 homework.py > stulog.txt 2>&1 on bansalr #####
##### SUCCESS: /usr/bin/time -o time_16_bansalr_vdhankar.txt -f "%U" python3 homework.py > stulog.txt 2>&1 on bansalr #####
##### bansalr plays [E b2 a1] in 4.21s #####
##### Running: /usr/lib/jvm/jdk-14.0.1/bin/java -jar /lab/itti/projects/checkers-competition/server/referee.jar on run_16_bansalr_vdhankar #####
Move is valid
##### SUCCESS: /usr/lib/jvm/jdk-14.0.1/bin/java -jar /lab/itti/projects/checkers-competition/server/referee.jar on run_16_bansalr_vdhankar #####
INPUT for vdhankar:
GAME
BLACK
36.6196813583374
...b.b..
........
.....b..
........
........
........
.....B.w
W.......
##### Running: /usr/bin/time -o time_16_bansalr_vdhankar.txt -f "%U" python3 homework.py > stulog.txt 2>&1 on vdhankar #####
child exited with value 1
##### ERROR: /usr/bin/time -o time_16_bansalr_vdhankar.txt -f "%U" python3 homework.py > stulog.txt 2>&1 on vdhankar #####
##### Output of failed program (stdout + stderr): #####
Traceback (most recent call last):
  File "homework.py", line 546, in <module>
    print(end-start)
NameError: name 'end' is not defined
##### End of output of failed program #####
##### vdhankar plays [E f2 e3] in 2.63429880142212s #####
##### Running: /usr/lib/jvm/jdk-14.0.1/bin/java -jar /lab/itti/projects/checkers-competition/server/referee.jar on run_16_bansalr_vdhankar #####
Move is valid
##### SUCCESS: /usr/lib/jvm/jdk-14.0.1/bin/java -jar /lab/itti/projects/checkers-competition/server/referee.jar on run_16_bansalr_vdhankar #####
INPUT for bansalr:
GAME
WHITE
207.39
...b.b..
........
.....b..
........
........
....B...
.......w
W.......
##### Running: /usr/bin/time -o time_16_bansalr_vdhankar.txt -f "%U" python3 homework.py > stulog.txt 2>&1 on bansalr #####
##### SUCCESS: /usr/bin/time -o time_16_bansalr_vdhankar.txt -f "%U" python3 homework.py > stulog.txt 2>&1 on bansalr #####
##### bansalr plays [E a1 b2] in 4.07s #####
##### Running: /usr/lib/jvm/jdk-14.0.1/bin/java -jar /lab/itti/projects/checkers-competition/server/referee.jar on run_16_bansalr_vdhankar #####
Move is valid
##### SUCCESS: /usr/lib/jvm/jdk-14.0.1/bin/java -jar /lab/itti/projects/checkers-competition/server/referee.jar on run_16_bansalr_vdhankar #####
INPUT for vdhankar:
GAME
BLACK
33.9853825569153
...b.b..
........
.....b..
........
........
....B...
.W.....w
........
##### Running: /usr/bin/time -o time_16_bansalr_vdhankar.txt -f "%U" python3 homework.py > stulog.txt 2>&1 on vdhankar #####
child exited with value 1
##### ERROR: /usr/bin/time -o time_16_bansalr_vdhankar.txt -f "%U" python3 homework.py > stulog.txt 2>&1 on vdhankar #####
##### Output of failed program (stdout + stderr): #####
Traceback (most recent call last):
  File "homework.py", line 546, in <module>
    print(end-start)
NameError: name 'end' is not defined
##### End of output of failed program #####
##### vdhankar plays [E e3 f2] in 8.60193085670471s #####
##### Running: /usr/lib/jvm/jdk-14.0.1/bin/java -jar /lab/itti/projects/checkers-competition/server/referee.jar on run_16_bansalr_vdhankar #####
Move is valid
##### SUCCESS: /usr/lib/jvm/jdk-14.0.1/bin/java -jar /lab/itti/projects/checkers-competition/server/referee.jar on run_16_bansalr_vdhankar #####
INPUT for bansalr:
GAME
WHITE
203.32
...b.b..
........
.....b..
........
........
........
.W...B.w
........
##### Running: /usr/bin/time -o time_16_bansalr_vdhankar.txt -f "%U" python3 homework.py > stulog.txt 2>&1 on bansalr #####
##### SUCCESS: /usr/bin/time -o time_16_bansalr_vdhankar.txt -f "%U" python3 homework.py > stulog.txt 2>&1 on bansalr #####
##### bansalr plays [E b2 a1] in 4.09s #####
##### Running: /usr/lib/jvm/jdk-14.0.1/bin/java -jar /lab/itti/projects/checkers-competition/server/referee.jar on run_16_bansalr_vdhankar #####
Move is valid
##### SUCCESS: /usr/lib/jvm/jdk-14.0.1/bin/java -jar /lab/itti/projects/checkers-competition/server/referee.jar on run_16_bansalr_vdhankar #####
INPUT for vdhankar:
GAME
BLACK
25.3834517002106
...b.b..
........
.....b..
........
........
........
.....B.w
W.......
##### Running: /usr/bin/time -o time_16_bansalr_vdhankar.txt -f "%U" python3 homework.py > stulog.txt 2>&1 on vdhankar #####
child exited with value 1
##### ERROR: /usr/bin/time -o time_16_bansalr_vdhankar.txt -f "%U" python3 homework.py > stulog.txt 2>&1 on vdhankar #####
##### Output of failed program (stdout + stderr): #####
Traceback (most recent call last):
  File "homework.py", line 546, in <module>
    print(end-start)
NameError: name 'end' is not defined
##### End of output of failed program #####
##### vdhankar plays [E f2 e3] in 2.77600502967834s #####
##### Running: /usr/lib/jvm/jdk-14.0.1/bin/java -jar /lab/itti/projects/checkers-competition/server/referee.jar on run_16_bansalr_vdhankar #####
Move is valid
##### SUCCESS: /usr/lib/jvm/jdk-14.0.1/bin/java -jar /lab/itti/projects/checkers-competition/server/referee.jar on run_16_bansalr_vdhankar #####
INPUT for bansalr:
GAME
WHITE
199.23
...b.b..
........
.....b..
........
........
....B...
.......w
W.......
##### Running: /usr/bin/time -o time_16_bansalr_vdhankar.txt -f "%U" python3 homework.py > stulog.txt 2>&1 on bansalr #####
##### SUCCESS: /usr/bin/time -o time_16_bansalr_vdhankar.txt -f "%U" python3 homework.py > stulog.txt 2>&1 on bansalr #####
##### bansalr plays [E a1 b2] in 4.12s #####
##### Running: /usr/lib/jvm/jdk-14.0.1/bin/java -jar /lab/itti/projects/checkers-competition/server/referee.jar on run_16_bansalr_vdhankar #####
Move is valid
##### SUCCESS: /usr/lib/jvm/jdk-14.0.1/bin/java -jar /lab/itti/projects/checkers-competition/server/referee.jar on run_16_bansalr_vdhankar #####
INPUT for vdhankar:
GAME
BLACK
22.6074466705322
...b.b..
........
.....b..
........
........
....B...
.W.....w
........
##### Running: /usr/bin/time -o time_16_bansalr_vdhankar.txt -f "%U" python3 homework.py > stulog.txt 2>&1 on vdhankar #####
child exited with value 1
##### ERROR: /usr/bin/time -o time_16_bansalr_vdhankar.txt -f "%U" python3 homework.py > stulog.txt 2>&1 on vdhankar #####
##### Output of failed program (stdout + stderr): #####
Traceback (most recent call last):
  File "homework.py", line 546, in <module>
    print(end-start)
NameError: name 'end' is not defined
##### End of output of failed program #####
##### vdhankar plays [E e3 d4] in 0.49524188041687s #####
##### Running: /usr/lib/jvm/jdk-14.0.1/bin/java -jar /lab/itti/projects/checkers-competition/server/referee.jar on run_16_bansalr_vdhankar #####
Move is valid
Seen this position 3 times
*** Game ends in draw ***
##### SUCCESS: /usr/lib/jvm/jdk-14.0.1/bin/java -jar /lab/itti/projects/checkers-competition/server/referee.jar on run_16_bansalr_vdhankar #####
##### GAME ENDS IN A DRAW. Time left for bansalr: 195.11s, vdhankar: 22.1122047901154s
Server said: DRAW
##### GAME OVER: the game ends in a draw, bansalr wins by time remaining #####
########## ROUND 16 GAMESCORE AFTER GAME 1: bansalr=1 and vdhankar=0 ##########
#################### ROUND 16: bansalr (B) vs vdhankar (W): game 2 ####################
##### game start! #####
INPUT for bansalr:
GAME
BLACK
300
.b.b.b.b
b.b.b.b.
.b.b.b.b
........
........
w.w.w.w.
.w.w.w.w
w.w.w.w.
##### Running: /usr/bin/time -o time_16_bansalr_vdhankar.txt -f "%U" python3 homework.py > stulog.txt 2>&1 on bansalr #####
##### SUCCESS: /usr/bin/time -o time_16_bansalr_vdhankar.txt -f "%U" python3 homework.py > stulog.txt 2>&1 on bansalr #####
##### bansalr plays [E f6 e5] in 0.06s #####
##### Running: /usr/lib/jvm/jdk-14.0.1/bin/java -jar /lab/itti/projects/checkers-competition/server/referee.jar on run_16_bansalr_vdhankar #####
Move is valid
Couldn't read file 'current_ply.txt'
Couldn't read content from file 'current_ply.txt'
Couldn't read file 'lastmatchange_ply.txt'
Couldn't read content from file 'lastmatchange_ply.txt'
##### SUCCESS: /usr/lib/jvm/jdk-14.0.1/bin/java -jar /lab/itti/projects/checkers-competition/server/referee.jar on run_16_bansalr_vdhankar #####
INPUT for vdhankar:
GAME
WHITE
300
.b.b.b.b
b.b.b.b.
.b.b...b
....b...
........
w.w.w.w.
.w.w.w.w
w.w.w.w.
##### Running: /usr/bin/time -o time_16_bansalr_vdhankar.txt -f "%U" python3 homework.py > stulog.txt 2>&1 on vdhankar #####
child exited with value 1
##### ERROR: /usr/bin/time -o time_16_bansalr_vdhankar.txt -f "%U" python3 homework.py > stulog.txt 2>&1 on vdhankar #####
##### Output of failed program (stdout + stderr): #####
Traceback (most recent call last):
  File "homework.py", line 546, in <module>
    print(end-start)
NameError: name 'end' is not defined
##### End of output of failed program #####
##### vdhankar plays [E g3 h4] in 9.16494488716125s #####
##### Running: /usr/lib/jvm/jdk-14.0.1/bin/java -jar /lab/itti/projects/checkers-competition/server/referee.jar on run_16_bansalr_vdhankar #####
Move is valid
##### SUCCESS: /usr/lib/jvm/jdk-14.0.1/bin/java -jar /lab/itti/projects/checkers-competition/server/referee.jar on run_16_bansalr_vdhankar #####
INPUT for bansalr:
GAME
BLACK
299.94
.b.b.b.b
b.b.b.b.
.b.b...b
....b...
.......w
w.w.w...
.w.w.w.w
w.w.w.w.
##### Running: /usr/bin/time -o time_16_bansalr_vdhankar.txt -f "%U" python3 homework.py > stulog.txt 2>&1 on bansalr #####
##### SUCCESS: /usr/bin/time -o time_16_bansalr_vdhankar.txt -f "%U" python3 homework.py > stulog.txt 2>&1 on bansalr #####
##### bansalr plays [E g7 f6] in 0.08s #####
##### Running: /usr/lib/jvm/jdk-14.0.1/bin/java -jar /lab/itti/projects/checkers-competition/server/referee.jar on run_16_bansalr_vdhankar #####
Move is valid
##### SUCCESS: /usr/lib/jvm/jdk-14.0.1/bin/java -jar /lab/itti/projects/checkers-competition/server/referee.jar on run_16_bansalr_vdhankar #####
INPUT for vdhankar:
GAME
WHITE
290.835055112839
.b.b.b.b
b.b.b...
.b.b.b.b
....b...
.......w
w.w.w...
.w.w.w.w
w.w.w.w.
##### Running: /usr/bin/time -o time_16_bansalr_vdhankar.txt -f "%U" python3 homework.py > stulog.txt 2>&1 on vdhankar #####
child exited with value 1
##### ERROR: /usr/bin/time -o time_16_bansalr_vdhankar.txt -f "%U" python3 homework.py > stulog.txt 2>&1 on vdhankar #####
##### Output of failed program (stdout + stderr): #####
Traceback (most recent call last):
  File "homework.py", line 546, in <module>
    print(end-start)
NameError: name 'end' is not defined
##### End of output of failed program #####
##### vdhankar plays [E h2 g3] in 16.6934759616852s #####
##### Running: /usr/lib/jvm/jdk-14.0.1/bin/java -jar /lab/itti/projects/checkers-competition/server/referee.jar on run_16_bansalr_vdhankar #####
Move is valid
##### SUCCESS: /usr/lib/jvm/jdk-14.0.1/bin/java -jar /lab/itti/projects/checkers-competition/server/referee.jar on run_16_bansalr_vdhankar #####
INPUT for bansalr:
GAME
BLACK
299.86
.b.b.b.b
b.b.b...
.b.b.b.b
....b...
.......w
w.w.w.w.
.w.w.w..
w.w.w.w.
##### Running: /usr/bin/time -o time_16_bansalr_vdhankar.txt -f "%U" python3 homework.py > stulog.txt 2>&1 on bansalr #####
##### SUCCESS: /usr/bin/time -o time_16_bansalr_vdhankar.txt -f "%U" python3 homework.py > stulog.txt 2>&1 on bansalr #####
##### bansalr plays [E e5 f4] in 0.08s #####
##### Running: /usr/lib/jvm/jdk-14.0.1/bin/java -jar /lab/itti/projects/checkers-competition/server/referee.jar on run_16_bansalr_vdhankar #####
Move is valid
##### SUCCESS: /usr/lib/jvm/jdk-14.0.1/bin/java -jar /lab/itti/projects/checkers-competition/server/referee.jar on run_16_bansalr_vdhankar #####
INPUT for vdhankar:
GAME
WHITE
274.141579151154
.b.b.b.b
b.b.b...
.b.b.b.b
........
.....b.w
w.w.w.w.
.w.w.w..
w.w.w.w.
##### Running: /usr/bin/time -o time_16_bansalr_vdhankar.txt -f "%U" python3 homework.py > stulog.txt 2>&1 on vdhankar #####
child exited with value 1
##### ERROR: /usr/bin/time -o time_16_bansalr_vdhankar.txt -f "%U" python3 homework.py > stulog.txt 2>&1 on vdhankar #####
##### Output of failed program (stdout + stderr): #####
Traceback (most recent call last):
  File "homework.py", line 546, in <module>
    print(end-start)
NameError: name 'end' is not defined
##### End of output of failed program #####
##### vdhankar plays [J g3 e5 ; J e5 g7] in 7.65136981010437s #####
##### Running: /usr/lib/jvm/jdk-14.0.1/bin/java -jar /lab/itti/projects/checkers-competition/server/referee.jar on run_16_bansalr_vdhankar #####
Move is valid
##### SUCCESS: /usr/lib/jvm/jdk-14.0.1/bin/java -jar /lab/itti/projects/checkers-competition/server/referee.jar on run_16_bansalr_vdhankar #####
INPUT for bansalr:
GAME
BLACK
299.78
.b.b.b.b
b.b.b.w.
.b.b...b
........
.......w
w.w.w...
.w.w.w..
w.w.w.w.
##### Running: /usr/bin/time -o time_16_bansalr_vdhankar.txt -f "%U" python3 homework.py > stulog.txt 2>&1 on bansalr #####
##### SUCCESS: /usr/bin/time -o time_16_bansalr_vdhankar.txt -f "%U" python3 homework.py > stulog.txt 2>&1 on bansalr #####
##### bansalr plays [J h8 f6] in 3.57s #####
##### Running: /usr/lib/jvm/jdk-14.0.1/bin/java -jar /lab/itti/projects/checkers-competition/server/referee.jar on run_16_bansalr_vdhankar #####
Move is valid
##### SUCCESS: /usr/lib/jvm/jdk-14.0.1/bin/java -jar /lab/itti/projects/checkers-competition/server/referee.jar on run_16_bansalr_vdhankar #####
INPUT for vdhankar:
GAME
WHITE
266.490209341049
.b.b.b..
b.b.b...
.b.b.b.b
........
.......w
w.w.w...
.w.w.w..
w.w.w.w.
##### Running: /usr/bin/time -o time_16_bansalr_vdhankar.txt -f "%U" python3 homework.py > stulog.txt 2>&1 on vdhankar #####
child exited with value 1
##### ERROR: /usr/bin/time -o time_16_bansalr_vdhankar.txt -f "%U" python3 homework.py > stulog.txt 2>&1 on vdhankar #####
##### Output of failed program (stdout + stderr): #####
Traceback (most recent call last):
  File "homework.py", line 546, in <module>
    print(end-start)
NameError: name 'end' is not defined
##### End of output of failed program #####
##### vdhankar plays [E g1 h2] in 33.1539399623871s #####
##### Running: /usr/lib/jvm/jdk-14.0.1/bin/java -jar /lab/itti/projects/checkers-competition/server/referee.jar on run_16_bansalr_vdhankar #####
Move is valid
##### SUCCESS: /usr/lib/jvm/jdk-14.0.1/bin/java -jar /lab/itti/projects/checkers-competition/server/referee.jar on run_16_bansalr_vdhankar #####
INPUT for bansalr:
GAME
BLACK
296.21
.b.b.b..
b.b.b...
.b.b.b.b
........
.......w
w.w.w...
.w.w.w.w
w.w.w...
##### Running: /usr/bin/time -o time_16_bansalr_vdhankar.txt -f "%U" python3 homework.py > stulog.txt 2>&1 on bansalr #####
##### SUCCESS: /usr/bin/time -o time_16_bansalr_vdhankar.txt -f "%U" python3 homework.py > stulog.txt 2>&1 on bansalr #####
##### bansalr plays [E f8 g7] in 3.75s #####
##### Running: /usr/lib/jvm/jdk-14.0.1/bin/java -jar /lab/itti/projects/checkers-competition/server/referee.jar on run_16_bansalr_vdhankar #####
Move is valid
##### SUCCESS: /usr/lib/jvm/jdk-14.0.1/bin/java -jar /lab/itti/projects/checkers-competition/server/referee.jar on run_16_bansalr_vdhankar #####
INPUT for vdhankar:
GAME
WHITE
233.336269378662
.b.b....
b.b.b.b.
.b.b.b.b
........
.......w
w.w.w...
.w.w.w.w
w.w.w...
##### Running: /usr/bin/time -o time_16_bansalr_vdhankar.txt -f "%U" python3 homework.py > stulog.txt 2>&1 on vdhankar #####
child exited with value 1
##### ERROR: /usr/bin/time -o time_16_bansalr_vdhankar.txt -f "%U" python3 homework.py > stulog.txt 2>&1 on vdhankar #####
##### Output of failed program (stdout + stderr): #####
Traceback (most recent call last):
  File "homework.py", line 546, in <module>
    print(end-start)
NameError: name 'end' is not defined
##### End of output of failed program #####
##### vdhankar plays [E f2 g3] in 20.5389468669891s #####
##### Running: /usr/lib/jvm/jdk-14.0.1/bin/java -jar /lab/itti/projects/checkers-competition/server/referee.jar on run_16_bansalr_vdhankar #####
Move is valid
##### SUCCESS: /usr/lib/jvm/jdk-14.0.1/bin/java -jar /lab/itti/projects/checkers-competition/server/referee.jar on run_16_bansalr_vdhankar #####
INPUT for bansalr:
GAME
BLACK
292.46
.b.b....
b.b.b.b.
.b.b.b.b
........
.......w
w.w.w.w.
.w.w...w
w.w.w...
##### Running: /usr/bin/time -o time_16_bansalr_vdhankar.txt -f "%U" python3 homework.py > stulog.txt 2>&1 on bansalr #####
##### SUCCESS: /usr/bin/time -o time_16_bansalr_vdhankar.txt -f "%U" python3 homework.py > stulog.txt 2>&1 on bansalr #####
##### bansalr plays [E b6 a5] in 3.08s #####
##### Running: /usr/lib/jvm/jdk-14.0.1/bin/java -jar /lab/itti/projects/checkers-competition/server/referee.jar on run_16_bansalr_vdhankar #####
Move is valid
##### SUCCESS: /usr/lib/jvm/jdk-14.0.1/bin/java -jar /lab/itti/projects/checkers-competition/server/referee.jar on run_16_bansalr_vdhankar #####
INPUT for vdhankar:
GAME
WHITE
212.797322511673
.b.b....
b.b.b.b.
...b.b.b
b.......
.......w
w.w.w.w.
.w.w...w
w.w.w...
##### Running: /usr/bin/time -o time_16_bansalr_vdhankar.txt -f "%U" python3 homework.py > stulog.txt 2>&1 on vdhankar #####
child exited with value 1
##### ERROR: /usr/bin/time -o time_16_bansalr_vdhankar.txt -f "%U" python3 homework.py > stulog.txt 2>&1 on vdhankar #####
##### Output of failed program (stdout + stderr): #####
Traceback (most recent call last):
  File "homework.py", line 546, in <module>
    print(end-start)
NameError: name 'end' is not defined
##### End of output of failed program #####
##### vdhankar plays [E e1 f2] in 9.88400793075562s #####
##### Running: /usr/lib/jvm/jdk-14.0.1/bin/java -jar /lab/itti/projects/checkers-competition/server/referee.jar on run_16_bansalr_vdhankar #####
Move is valid
##### SUCCESS: /usr/lib/jvm/jdk-14.0.1/bin/java -jar /lab/itti/projects/checkers-competition/server/referee.jar on run_16_bansalr_vdhankar #####
INPUT for bansalr:
GAME
BLACK
289.38
.b.b....
b.b.b.b.
...b.b.b
b.......
.......w
w.w.w.w.
.w.w.w.w
w.w.....
##### Running: /usr/bin/time -o time_16_bansalr_vdhankar.txt -f "%U" python3 homework.py > stulog.txt 2>&1 on bansalr #####
##### SUCCESS: /usr/bin/time -o time_16_bansalr_vdhankar.txt -f "%U" python3 homework.py > stulog.txt 2>&1 on bansalr #####
##### bansalr plays [E a7 b6] in 3.46s #####
##### Running: /usr/lib/jvm/jdk-14.0.1/bin/java -jar /lab/itti/projects/checkers-competition/server/referee.jar on run_16_bansalr_vdhankar #####
Move is valid
##### SUCCESS: /usr/lib/jvm/jdk-14.0.1/bin/java -jar /lab/itti/projects/checkers-competition/server/referee.jar on run_16_bansalr_vdhankar #####
INPUT for vdhankar:
GAME
WHITE
202.913314580917
.b.b....
..b.b.b.
.b.b.b.b
b.......
.......w
w.w.w.w.
.w.w.w.w
w.w.....
##### Running: /usr/bin/time -o time_16_bansalr_vdhankar.txt -f "%U" python3 homework.py > stulog.txt 2>&1 on vdhankar #####
child exited with value 1
##### ERROR: /usr/bin/time -o time_16_bansalr_vdhankar.txt -f "%U" python3 homework.py > stulog.txt 2>&1 on vdhankar #####
##### Output of failed program (stdout + stderr): #####
Traceback (most recent call last):
  File "homework.py", line 546, in <module>
    print(end-start)
NameError: name 'end' is not defined
##### End of output of failed program #####
##### vdhankar plays [E g3 f4] in 10.5927600860596s #####
##### Running: /usr/lib/jvm/jdk-14.0.1/bin/java -jar /lab/itti/projects/checkers-competition/server/referee.jar on run_16_bansalr_vdhankar #####
Move is valid
##### SUCCESS: /usr/lib/jvm/jdk-14.0.1/bin/java -jar /lab/itti/projects/checkers-competition/server/referee.jar on run_16_bansalr_vdhankar #####
INPUT for bansalr:
GAME
BLACK
285.92
.b.b....
..b.b.b.
.b.b.b.b
b.......
.....w.w
w.w.w...
.w.w.w.w
w.w.....
##### Running: /usr/bin/time -o time_16_bansalr_vdhankar.txt -f "%U" python3 homework.py > stulog.txt 2>&1 on bansalr #####
##### SUCCESS: /usr/bin/time -o time_16_bansalr_vdhankar.txt -f "%U" python3 homework.py > stulog.txt 2>&1 on bansalr #####
##### bansalr plays [E b8 a7] in 3.15s #####
##### Running: /usr/lib/jvm/jdk-14.0.1/bin/java -jar /lab/itti/projects/checkers-competition/server/referee.jar on run_16_bansalr_vdhankar #####
Move is valid
##### SUCCESS: /usr/lib/jvm/jdk-14.0.1/bin/java -jar /lab/itti/projects/checkers-competition/server/referee.jar on run_16_bansalr_vdhankar #####
INPUT for vdhankar:
GAME
WHITE
192.320554494858
...b....
b.b.b.b.
.b.b.b.b
b.......
.....w.w
w.w.w...
.w.w.w.w
w.w.....
##### Running: /usr/bin/time -o time_16_bansalr_vdhankar.txt -f "%U" python3 homework.py > stulog.txt 2>&1 on vdhankar #####
child exited with value 1
##### ERROR: /usr/bin/time -o time_16_bansalr_vdhankar.txt -f "%U" python3 homework.py > stulog.txt 2>&1 on vdhankar #####
##### Output of failed program (stdout + stderr): #####
Traceback (most recent call last):
  File "homework.py", line 546, in <module>
    print(end-start)
NameError: name 'end' is not defined
##### End of output of failed program #####
##### vdhankar plays [E f4 g5] in 1.87951993942261s #####
##### Running: /usr/lib/jvm/jdk-14.0.1/bin/java -jar /lab/itti/projects/checkers-competition/server/referee.jar on run_16_bansalr_vdhankar #####
Move is valid
##### SUCCESS: /usr/lib/jvm/jdk-14.0.1/bin/java -jar /lab/itti/projects/checkers-competition/server/referee.jar on run_16_bansalr_vdhankar #####
INPUT for bansalr:
GAME
BLACK
282.77
...b....
b.b.b.b.
.b.b.b.b
b.....w.
.......w
w.w.w...
.w.w.w.w
w.w.....
##### Running: /usr/bin/time -o time_16_bansalr_vdhankar.txt -f "%U" python3 homework.py > stulog.txt 2>&1 on bansalr #####
##### SUCCESS: /usr/bin/time -o time_16_bansalr_vdhankar.txt -f "%U" python3 homework.py > stulog.txt 2>&1 on bansalr #####
##### bansalr plays [J h6 f4] in 3.52s #####
##### Running: /usr/lib/jvm/jdk-14.0.1/bin/java -jar /lab/itti/projects/checkers-competition/server/referee.jar on run_16_bansalr_vdhankar #####
Move is valid
##### SUCCESS: /usr/lib/jvm/jdk-14.0.1/bin/java -jar /lab/itti/projects/checkers-competition/server/referee.jar on run_16_bansalr_vdhankar #####
INPUT for vdhankar:
GAME
WHITE
190.441034555435
...b....
b.b.b.b.
.b.b.b..
b.......
.....b.w
w.w.w...
.w.w.w.w
w.w.....
##### Running: /usr/bin/time -o time_16_bansalr_vdhankar.txt -f "%U" python3 homework.py > stulog.txt 2>&1 on vdhankar #####
child exited with value 1
##### ERROR: /usr/bin/time -o time_16_bansalr_vdhankar.txt -f "%U" python3 homework.py > stulog.txt 2>&1 on vdhankar #####
##### Output of failed program (stdout + stderr): #####
Traceback (most recent call last):
  File "homework.py", line 546, in <module>
    print(end-start)
NameError: name 'end' is not defined
##### End of output of failed program #####
##### vdhankar plays [J e3 g5] in 1.48710894584656s #####
##### Running: /usr/lib/jvm/jdk-14.0.1/bin/java -jar /lab/itti/projects/checkers-competition/server/referee.jar on run_16_bansalr_vdhankar #####
Move is valid
##### SUCCESS: /usr/lib/jvm/jdk-14.0.1/bin/java -jar /lab/itti/projects/checkers-competition/server/referee.jar on run_16_bansalr_vdhankar #####
INPUT for bansalr:
GAME
BLACK
279.25
...b....
b.b.b.b.
.b.b.b..
b.....w.
.......w
w.w.....
.w.w.w.w
w.w.....
##### Running: /usr/bin/time -o time_16_bansalr_vdhankar.txt -f "%U" python3 homework.py > stulog.txt 2>&1 on bansalr #####
##### SUCCESS: /usr/bin/time -o time_16_bansalr_vdhankar.txt -f "%U" python3 homework.py > stulog.txt 2>&1 on bansalr #####
##### bansalr plays [E a5 b4] in 3.35s #####
##### Running: /usr/lib/jvm/jdk-14.0.1/bin/java -jar /lab/itti/projects/checkers-competition/server/referee.jar on run_16_bansalr_vdhankar #####
Move is valid
##### SUCCESS: /usr/lib/jvm/jdk-14.0.1/bin/java -jar /lab/itti/projects/checkers-competition/server/referee.jar on run_16_bansalr_vdhankar #####
INPUT for vdhankar:
GAME
WHITE
188.953925609589
...b....
b.b.b.b.
.b.b.b..
......w.
.b.....w
w.w.....
.w.w.w.w
w.w.....
##### Running: /usr/bin/time -o time_16_bansalr_vdhankar.txt -f "%U" python3 homework.py > stulog.txt 2>&1 on vdhankar #####
child exited with value 1
##### ERROR: /usr/bin/time -o time_16_bansalr_vdhankar.txt -f "%U" python3 homework.py > stulog.txt 2>&1 on vdhankar #####
##### Output of failed program (stdout + stderr): #####
Traceback (most recent call last):
  File "homework.py", line 546, in <module>
    print(end-start)
NameError: name 'end' is not defined
##### End of output of failed program #####
##### vdhankar plays [J c3 a5] in 1.7167329788208s #####
##### Running: /usr/lib/jvm/jdk-14.0.1/bin/java -jar /lab/itti/projects/checkers-competition/server/referee.jar on run_16_bansalr_vdhankar #####
Move is valid
##### SUCCESS: /usr/lib/jvm/jdk-14.0.1/bin/java -jar /lab/itti/projects/checkers-competition/server/referee.jar on run_16_bansalr_vdhankar #####
INPUT for bansalr:
GAME
BLACK
275.9
...b....
b.b.b.b.
.b.b.b..
w.....w.
.......w
w.......
.w.w.w.w
w.w.....
##### Running: /usr/bin/time -o time_16_bansalr_vdhankar.txt -f "%U" python3 homework.py > stulog.txt 2>&1 on bansalr #####
##### SUCCESS: /usr/bin/time -o time_16_bansalr_vdhankar.txt -f "%U" python3 homework.py > stulog.txt 2>&1 on bansalr #####
##### bansalr plays [E g7 h6] in 3.57s #####
##### Running: /usr/lib/jvm/jdk-14.0.1/bin/java -jar /lab/itti/projects/checkers-competition/server/referee.jar on run_16_bansalr_vdhankar #####
Move is valid
##### SUCCESS: /usr/lib/jvm/jdk-14.0.1/bin/java -jar /lab/itti/projects/checkers-competition/server/referee.jar on run_16_bansalr_vdhankar #####
INPUT for vdhankar:
GAME
WHITE
187.237192630768
...b....
b.b.b...
.b.b.b.b
w.....w.
.......w
w.......
.w.w.w.w
w.w.....
##### Running: /usr/bin/time -o time_16_bansalr_vdhankar.txt -f "%U" python3 homework.py > stulog.txt 2>&1 on vdhankar #####
child exited with value 1
##### ERROR: /usr/bin/time -o time_16_bansalr_vdhankar.txt -f "%U" python3 homework.py > stulog.txt 2>&1 on vdhankar #####
##### Output of failed program (stdout + stderr): #####
Traceback (most recent call last):
  File "homework.py", line 546, in <module>
    print(end-start)
NameError: name 'end' is not defined
##### End of output of failed program #####
##### vdhankar plays [E f2 g3] in 2.20740294456482s #####
##### Running: /usr/lib/jvm/jdk-14.0.1/bin/java -jar /lab/itti/projects/checkers-competition/server/referee.jar on run_16_bansalr_vdhankar #####
Move is valid
##### SUCCESS: /usr/lib/jvm/jdk-14.0.1/bin/java -jar /lab/itti/projects/checkers-competition/server/referee.jar on run_16_bansalr_vdhankar #####
INPUT for bansalr:
GAME
BLACK
272.33
...b....
b.b.b...
.b.b.b.b
w.....w.
.......w
w.....w.
.w.w...w
w.w.....
##### Running: /usr/bin/time -o time_16_bansalr_vdhankar.txt -f "%U" python3 homework.py > stulog.txt 2>&1 on bansalr #####
##### SUCCESS: /usr/bin/time -o time_16_bansalr_vdhankar.txt -f "%U" python3 homework.py > stulog.txt 2>&1 on bansalr #####
##### bansalr plays [J h6 f4] in 2.5s #####
##### Running: /usr/lib/jvm/jdk-14.0.1/bin/java -jar /lab/itti/projects/checkers-competition/server/referee.jar on run_16_bansalr_vdhankar #####
Move is valid
##### SUCCESS: /usr/lib/jvm/jdk-14.0.1/bin/java -jar /lab/itti/projects/checkers-competition/server/referee.jar on run_16_bansalr_vdhankar #####
INPUT for vdhankar:
GAME
WHITE
185.029789686203
...b....
b.b.b...
.b.b.b..
w.......
.....b.w
w.....w.
.w.w...w
w.w.....
##### Running: /usr/bin/time -o time_16_bansalr_vdhankar.txt -f "%U" python3 homework.py > stulog.txt 2>&1 on vdhankar #####
child exited with value 1
##### ERROR: /usr/bin/time -o time_16_bansalr_vdhankar.txt -f "%U" python3 homework.py > stulog.txt 2>&1 on vdhankar #####
##### Output of failed program (stdout + stderr): #####
Traceback (most recent call last):
  File "homework.py", line 546, in <module>
    print(end-start)
NameError: name 'end' is not defined
##### End of output of failed program #####
##### vdhankar plays [J g3 e5 ; J e5 g7] in 2.14346814155579s #####
##### Running: /usr/lib/jvm/jdk-14.0.1/bin/java -jar /lab/itti/projects/checkers-competition/server/referee.jar on run_16_bansalr_vdhankar #####
Move is valid
##### SUCCESS: /usr/lib/jvm/jdk-14.0.1/bin/java -jar /lab/itti/projects/checkers-competition/server/referee.jar on run_16_bansalr_vdhankar #####
INPUT for bansalr:
GAME
BLACK
269.83
...b....
b.b.b.w.
.b.b....
w.......
.......w
w.......
.w.w...w
w.w.....
##### Running: /usr/bin/time -o time_16_bansalr_vdhankar.txt -f "%U" python3 homework.py > stulog.txt 2>&1 on bansalr #####
##### SUCCESS: /usr/bin/time -o time_16_bansalr_vdhankar.txt -f "%U" python3 homework.py > stulog.txt 2>&1 on bansalr #####
##### bansalr plays [E e7 f6] in 3.64s #####
##### Running: /usr/lib/jvm/jdk-14.0.1/bin/java -jar /lab/itti/projects/checkers-competition/server/referee.jar on run_16_bansalr_vdhankar #####
Move is valid
##### SUCCESS: /usr/lib/jvm/jdk-14.0.1/bin/java -jar /lab/itti/projects/checkers-competition/server/referee.jar on run_16_bansalr_vdhankar #####
INPUT for vdhankar:
GAME
WHITE
182.886321544647
...b....
b.b...w.
.b.b.b..
w.......
.......w
w.......
.w.w...w
w.w.....
##### Running: /usr/bin/time -o time_16_bansalr_vdhankar.txt -f "%U" python3 homework.py > stulog.txt 2>&1 on vdhankar #####
child exited with value 1
##### ERROR: /usr/bin/time -o time_16_bansalr_vdhankar.txt -f "%U" python3 homework.py > stulog.txt 2>&1 on vdhankar #####
##### Output of failed program (stdout + stderr): #####
Traceback (most recent call last):
  File "homework.py", line 546, in <module>
    print(end-start)
NameError: name 'end' is not defined
##### End of output of failed program #####
##### vdhankar plays [E h2 g3] in 11.7757461071014s #####
##### Running: /usr/lib/jvm/jdk-14.0.1/bin/java -jar /lab/itti/projects/checkers-competition/server/referee.jar on run_16_bansalr_vdhankar #####
Move is valid
##### SUCCESS: /usr/lib/jvm/jdk-14.0.1/bin/java -jar /lab/itti/projects/checkers-competition/server/referee.jar on run_16_bansalr_vdhankar #####
INPUT for bansalr:
GAME
BLACK
266.19
...b....
b.b...w.
.b.b.b..
w.......
.......w
w.....w.
.w.w....
w.w.....
##### Running: /usr/bin/time -o time_16_bansalr_vdhankar.txt -f "%U" python3 homework.py > stulog.txt 2>&1 on bansalr #####
##### SUCCESS: /usr/bin/time -o time_16_bansalr_vdhankar.txt -f "%U" python3 homework.py > stulog.txt 2>&1 on bansalr #####
##### bansalr plays [E d8 e7] in 3.69s #####
##### Running: /usr/lib/jvm/jdk-14.0.1/bin/java -jar /lab/itti/projects/checkers-competition/server/referee.jar on run_16_bansalr_vdhankar #####
Move is valid
##### SUCCESS: /usr/lib/jvm/jdk-14.0.1/bin/java -jar /lab/itti/projects/checkers-competition/server/referee.jar on run_16_bansalr_vdhankar #####
INPUT for vdhankar:
GAME
WHITE
171.110575437546
........
b.b.b.w.
.b.b.b..
w.......
.......w
w.....w.
.w.w....
w.w.....
##### Running: /usr/bin/time -o time_16_bansalr_vdhankar.txt -f "%U" python3 homework.py > stulog.txt 2>&1 on vdhankar #####
child exited with value 1
##### ERROR: /usr/bin/time -o time_16_bansalr_vdhankar.txt -f "%U" python3 homework.py > stulog.txt 2>&1 on vdhankar #####
##### Output of failed program (stdout + stderr): #####
Traceback (most recent call last):
  File "homework.py", line 546, in <module>
    print(end-start)
NameError: name 'end' is not defined
##### End of output of failed program #####
##### vdhankar plays [E d2 e3] in 4.46555685997009s #####
##### Running: /usr/lib/jvm/jdk-14.0.1/bin/java -jar /lab/itti/projects/checkers-competition/server/referee.jar on run_16_bansalr_vdhankar #####
Move is valid
##### SUCCESS: /usr/lib/jvm/jdk-14.0.1/bin/java -jar /lab/itti/projects/checkers-competition/server/referee.jar on run_16_bansalr_vdhankar #####
INPUT for bansalr:
GAME
BLACK
262.5
........
b.b.b.w.
.b.b.b..
w.......
.......w
w...w.w.
.w......
w.w.....
##### Running: /usr/bin/time -o time_16_bansalr_vdhankar.txt -f "%U" python3 homework.py > stulog.txt 2>&1 on bansalr #####
##### SUCCESS: /usr/bin/time -o time_16_bansalr_vdhankar.txt -f "%U" python3 homework.py > stulog.txt 2>&1 on bansalr #####
##### bansalr plays [E b6 c5] in 3.82s #####
##### Running: /usr/lib/jvm/jdk-14.0.1/bin/java -jar /lab/itti/projects/checkers-competition/server/referee.jar on run_16_bansalr_vdhankar #####
Move is valid
##### SUCCESS: /usr/lib/jvm/jdk-14.0.1/bin/java -jar /lab/itti/projects/checkers-competition/server/referee.jar on run_16_bansalr_vdhankar #####
INPUT for vdhankar:
GAME
WHITE
166.645018577576
........
b.b.b.w.
...b.b..
w.b.....
.......w
w...w.w.
.w......
w.w.....
##### Running: /usr/bin/time -o time_16_bansalr_vdhankar.txt -f "%U" python3 homework.py > stulog.txt 2>&1 on vdhankar #####
child exited with value 1
##### ERROR: /usr/bin/time -o time_16_bansalr_vdhankar.txt -f "%U" python3 homework.py > stulog.txt 2>&1 on vdhankar #####
##### Output of failed program (stdout + stderr): #####
Traceback (most recent call last):
  File "homework.py", line 546, in <module>
    print(end-start)
NameError: name 'end' is not defined
##### End of output of failed program #####
##### vdhankar plays [E e3 f4] in 6.02897381782532s #####
##### Running: /usr/lib/jvm/jdk-14.0.1/bin/java -jar /lab/itti/projects/checkers-competition/server/referee.jar on run_16_bansalr_vdhankar #####
Move is valid
##### SUCCESS: /usr/lib/jvm/jdk-14.0.1/bin/java -jar /lab/itti/projects/checkers-competition/server/referee.jar on run_16_bansalr_vdhankar #####
INPUT for bansalr:
GAME
BLACK
258.68
........
b.b.b.w.
...b.b..
w.b.....
.....w.w
w.....w.
.w......
w.w.....
##### Running: /usr/bin/time -o time_16_bansalr_vdhankar.txt -f "%U" python3 homework.py > stulog.txt 2>&1 on bansalr #####
##### SUCCESS: /usr/bin/time -o time_16_bansalr_vdhankar.txt -f "%U" python3 homework.py > stulog.txt 2>&1 on bansalr #####
##### bansalr plays [E a7 b6] in 3.78s #####
##### Running: /usr/lib/jvm/jdk-14.0.1/bin/java -jar /lab/itti/projects/checkers-competition/server/referee.jar on run_16_bansalr_vdhankar #####
Move is valid
##### SUCCESS: /usr/lib/jvm/jdk-14.0.1/bin/java -jar /lab/itti/projects/checkers-competition/server/referee.jar on run_16_bansalr_vdhankar #####
INPUT for vdhankar:
GAME
WHITE
160.61604475975
........
..b.b.w.
.b.b.b..
w.b.....
.....w.w
w.....w.
.w......
w.w.....
##### Running: /usr/bin/time -o time_16_bansalr_vdhankar.txt -f "%U" python3 homework.py > stulog.txt 2>&1 on vdhankar #####
child exited with value 1
##### ERROR: /usr/bin/time -o time_16_bansalr_vdhankar.txt -f "%U" python3 homework.py > stulog.txt 2>&1 on vdhankar #####
##### Output of failed program (stdout + stderr): #####
Traceback (most recent call last):
  File "homework.py", line 546, in <module>
    print(end-start)
NameError: name 'end' is not defined
##### End of output of failed program #####
##### vdhankar plays [E f4 g5] in 3.19316387176514s #####
##### Running: /usr/lib/jvm/jdk-14.0.1/bin/java -jar /lab/itti/projects/checkers-competition/server/referee.jar on run_16_bansalr_vdhankar #####
Move is valid
##### SUCCESS: /usr/lib/jvm/jdk-14.0.1/bin/java -jar /lab/itti/projects/checkers-competition/server/referee.jar on run_16_bansalr_vdhankar #####
INPUT for bansalr:
GAME
BLACK
254.9
........
..b.b.w.
.b.b.b..
w.b...w.
.......w
w.....w.
.w......
w.w.....
##### Running: /usr/bin/time -o time_16_bansalr_vdhankar.txt -f "%U" python3 homework.py > stulog.txt 2>&1 on bansalr #####
##### SUCCESS: /usr/bin/time -o time_16_bansalr_vdhankar.txt -f "%U" python3 homework.py > stulog.txt 2>&1 on bansalr #####
##### bansalr plays [E f6 e5] in 4.01s #####
##### Running: /usr/lib/jvm/jdk-14.0.1/bin/java -jar /lab/itti/projects/checkers-competition/server/referee.jar on run_16_bansalr_vdhankar #####
Move is valid
##### SUCCESS: /usr/lib/jvm/jdk-14.0.1/bin/java -jar /lab/itti/projects/checkers-competition/server/referee.jar on run_16_bansalr_vdhankar #####
INPUT for vdhankar:
GAME
WHITE
157.422880887985
........
..b.b.w.
.b.b....
w.b.b.w.
.......w
w.....w.
.w......
w.w.....
##### Running: /usr/bin/time -o time_16_bansalr_vdhankar.txt -f "%U" python3 homework.py > stulog.txt 2>&1 on vdhankar #####
child exited with value 1
##### ERROR: /usr/bin/time -o time_16_bansalr_vdhankar.txt -f "%U" python3 homework.py > stulog.txt 2>&1 on vdhankar #####
##### Output of failed program (stdout + stderr): #####
Traceback (most recent call last):
  File "homework.py", line 546, in <module>
    print(end-start)
NameError: name 'end' is not defined
##### End of output of failed program #####
##### vdhankar plays [E g7 h8] in 2.30076503753662s #####
##### Running: /usr/lib/jvm/jdk-14.0.1/bin/java -jar /lab/itti/projects/checkers-competition/server/referee.jar on run_16_bansalr_vdhankar #####
Move is valid
##### SUCCESS: /usr/lib/jvm/jdk-14.0.1/bin/java -jar /lab/itti/projects/checkers-competition/server/referee.jar on run_16_bansalr_vdhankar #####
INPUT for bansalr:
GAME
BLACK
250.89
.......W
..b.b...
.b.b....
w.b.b.w.
.......w
w.....w.
.w......
w.w.....
##### Running: /usr/bin/time -o time_16_bansalr_vdhankar.txt -f "%U" python3 homework.py > stulog.txt 2>&1 on bansalr #####
##### SUCCESS: /usr/bin/time -o time_16_bansalr_vdhankar.txt -f "%U" python3 homework.py > stulog.txt 2>&1 on bansalr #####
##### bansalr plays [E c5 d4] in 4.04s #####
##### Running: /usr/lib/jvm/jdk-14.0.1/bin/java -jar /lab/itti/projects/checkers-competition/server/referee.jar on run_16_bansalr_vdhankar #####
Move is valid
##### SUCCESS: /usr/lib/jvm/jdk-14.0.1/bin/java -jar /lab/itti/projects/checkers-competition/server/referee.jar on run_16_bansalr_vdhankar #####
INPUT for vdhankar:
GAME
WHITE
155.122115850449
.......W
..b.b...
.b.b....
w...b.w.
...b...w
w.....w.
.w......
w.w.....
##### Running: /usr/bin/time -o time_16_bansalr_vdhankar.txt -f "%U" python3 homework.py > stulog.txt 2>&1 on vdhankar #####
child exited with value 1
##### ERROR: /usr/bin/time -o time_16_bansalr_vdhankar.txt -f "%U" python3 homework.py > stulog.txt 2>&1 on vdhankar #####
##### Output of failed program (stdout + stderr): #####
Traceback (most recent call last):
  File "homework.py", line 546, in <module>
    print(end-start)
NameError: name 'end' is not defined
##### End of output of failed program #####
##### vdhankar plays [E a3 b4] in 2.53427600860596s #####
##### Running: /usr/lib/jvm/jdk-14.0.1/bin/java -jar /lab/itti/projects/checkers-competition/server/referee.jar on run_16_bansalr_vdhankar #####
Move is valid
##### SUCCESS: /usr/lib/jvm/jdk-14.0.1/bin/java -jar /lab/itti/projects/checkers-competition/server/referee.jar on run_16_bansalr_vdhankar #####
INPUT for bansalr:
GAME
BLACK
246.85
.......W
..b.b...
.b.b....
w...b.w.
.w.b...w
......w.
.w......
w.w.....
##### Running: /usr/bin/time -o time_16_bansalr_vdhankar.txt -f "%U" python3 homework.py > stulog.txt 2>&1 on bansalr #####
##### SUCCESS: /usr/bin/time -o time_16_bansalr_vdhankar.txt -f "%U" python3 homework.py > stulog.txt 2>&1 on bansalr #####
##### bansalr plays [E b6 c5] in 4.04s #####
##### Running: /usr/lib/jvm/jdk-14.0.1/bin/java -jar /lab/itti/projects/checkers-competition/server/referee.jar on run_16_bansalr_vdhankar #####
Move is valid
##### SUCCESS: /usr/lib/jvm/jdk-14.0.1/bin/java -jar /lab/itti/projects/checkers-competition/server/referee.jar on run_16_bansalr_vdhankar #####
INPUT for vdhankar:
GAME
WHITE
152.587839841843
.......W
..b.b...
...b....
w.b.b.w.
.w.b...w
......w.
.w......
w.w.....
##### Running: /usr/bin/time -o time_16_bansalr_vdhankar.txt -f "%U" python3 homework.py > stulog.txt 2>&1 on vdhankar #####
child exited with value 1
##### ERROR: /usr/bin/time -o time_16_bansalr_vdhankar.txt -f "%U" python3 homework.py > stulog.txt 2>&1 on vdhankar #####
##### Output of failed program (stdout + stderr): #####
Traceback (most recent call last):
  File "homework.py", line 546, in <module>
    print(end-start)
NameError: name 'end' is not defined
##### End of output of failed program #####
##### vdhankar plays [E b2 a3] in 1.8049099445343s #####
##### Running: /usr/lib/jvm/jdk-14.0.1/bin/java -jar /lab/itti/projects/checkers-competition/server/referee.jar on run_16_bansalr_vdhankar #####
Move is valid
##### SUCCESS: /usr/lib/jvm/jdk-14.0.1/bin/java -jar /lab/itti/projects/checkers-competition/server/referee.jar on run_16_bansalr_vdhankar #####
INPUT for bansalr:
GAME
BLACK
242.81
.......W
..b.b...
...b....
w.b.b.w.
.w.b...w
w.....w.
........
w.w.....
##### Running: /usr/bin/time -o time_16_bansalr_vdhankar.txt -f "%U" python3 homework.py > stulog.txt 2>&1 on bansalr #####
##### SUCCESS: /usr/bin/time -o time_16_bansalr_vdhankar.txt -f "%U" python3 homework.py > stulog.txt 2>&1 on bansalr #####
##### bansalr plays [E d4 c3] in 3.99s #####
##### Running: /usr/lib/jvm/jdk-14.0.1/bin/java -jar /lab/itti/projects/checkers-competition/server/referee.jar on run_16_bansalr_vdhankar #####
Move is valid
##### SUCCESS: /usr/lib/jvm/jdk-14.0.1/bin/java -jar /lab/itti/projects/checkers-competition/server/referee.jar on run_16_bansalr_vdhankar #####
INPUT for vdhankar:
GAME
WHITE
150.782929897308
.......W
..b.b...
...b....
w.b.b.w.
.w.....w
w.b...w.
........
w.w.....
##### Running: /usr/bin/time -o time_16_bansalr_vdhankar.txt -f "%U" python3 homework.py > stulog.txt 2>&1 on vdhankar #####
child exited with value 1
##### ERROR: /usr/bin/time -o time_16_bansalr_vdhankar.txt -f "%U" python3 homework.py > stulog.txt 2>&1 on vdhankar #####
##### Output of failed program (stdout + stderr): #####
Traceback (most recent call last):
  File "homework.py", line 546, in <module>
    print(end-start)
NameError: name 'end' is not defined
##### End of output of failed program #####
##### vdhankar plays [E h8 g7] in 1.36502408981323s #####
##### Running: /usr/lib/jvm/jdk-14.0.1/bin/java -jar /lab/itti/projects/checkers-competition/server/referee.jar on run_16_bansalr_vdhankar #####
Move is valid
##### SUCCESS: /usr/lib/jvm/jdk-14.0.1/bin/java -jar /lab/itti/projects/checkers-competition/server/referee.jar on run_16_bansalr_vdhankar #####
INPUT for bansalr:
GAME
BLACK
238.82
........
..b.b.W.
...b....
w.b.b.w.
.w.....w
w.b...w.
........
w.w.....
##### Running: /usr/bin/time -o time_16_bansalr_vdhankar.txt -f "%U" python3 homework.py > stulog.txt 2>&1 on bansalr #####
##### SUCCESS: /usr/bin/time -o time_16_bansalr_vdhankar.txt -f "%U" python3 homework.py > stulog.txt 2>&1 on bansalr #####
##### bansalr plays [E c3 b2] in 4.13s #####
##### Running: /usr/lib/jvm/jdk-14.0.1/bin/java -jar /lab/itti/projects/checkers-competition/server/referee.jar on run_16_bansalr_vdhankar #####
Move is valid
##### SUCCESS: /usr/lib/jvm/jdk-14.0.1/bin/java -jar /lab/itti/projects/checkers-competition/server/referee.jar on run_16_bansalr_vdhankar #####
INPUT for vdhankar:
GAME
WHITE
149.417905807495
........
..b.b.W.
...b....
w.b.b.w.
.w.....w
w.....w.
.b......
w.w.....
##### Running: /usr/bin/time -o time_16_bansalr_vdhankar.txt -f "%U" python3 homework.py > stulog.txt 2>&1 on vdhankar #####
child exited with value 1
##### ERROR: /usr/bin/time -o time_16_bansalr_vdhankar.txt -f "%U" python3 homework.py > stulog.txt 2>&1 on vdhankar #####
##### Output of failed program (stdout + stderr): #####
Traceback (most recent call last):
  File "homework.py", line 546, in <module>
    print(end-start)
NameError: name 'end' is not defined
##### End of output of failed program #####
##### vdhankar plays [J a1 c3] in 0.414330005645752s #####
##### Running: /usr/lib/jvm/jdk-14.0.1/bin/java -jar /lab/itti/projects/checkers-competition/server/referee.jar on run_16_bansalr_vdhankar #####
Move is valid
##### SUCCESS: /usr/lib/jvm/jdk-14.0.1/bin/java -jar /lab/itti/projects/checkers-competition/server/referee.jar on run_16_bansalr_vdhankar #####
INPUT for bansalr:
GAME
BLACK
234.69
........
..b.b.W.
...b....
w.b.b.w.
.w.....w
w.w...w.
........
..w.....
##### Running: /usr/bin/time -o time_16_bansalr_vdhankar.txt -f "%U" python3 homework.py > stulog.txt 2>&1 on bansalr #####
##### SUCCESS: /usr/bin/time -o time_16_bansalr_vdhankar.txt -f "%U" python3 homework.py > stulog.txt 2>&1 on bansalr #####
##### bansalr plays [E c7 b6] in 3.97s #####
##### Running: /usr/lib/jvm/jdk-14.0.1/bin/java -jar /lab/itti/projects/checkers-competition/server/referee.jar on run_16_bansalr_vdhankar #####
Move is valid
##### SUCCESS: /usr/lib/jvm/jdk-14.0.1/bin/java -jar /lab/itti/projects/checkers-competition/server/referee.jar on run_16_bansalr_vdhankar #####
INPUT for vdhankar:
GAME
WHITE
149.003575801849
........
....b.W.
.b.b....
w.b.b.w.
.w.....w
w.w...w.
........
..w.....
##### Running: /usr/bin/time -o time_16_bansalr_vdhankar.txt -f "%U" python3 homework.py > stulog.txt 2>&1 on vdhankar #####
child exited with value 1
##### ERROR: /usr/bin/time -o time_16_bansalr_vdhankar.txt -f "%U" python3 homework.py > stulog.txt 2>&1 on vdhankar #####
##### Output of failed program (stdout + stderr): #####
Traceback (most recent call last):
  File "homework.py", line 546, in <module>
    print(end-start)
NameError: name 'end' is not defined
##### End of output of failed program #####
##### vdhankar plays [J a5 c7] in 0.545825958251953s #####
##### Running: /usr/lib/jvm/jdk-14.0.1/bin/java -jar /lab/itti/projects/checkers-competition/server/referee.jar on run_16_bansalr_vdhankar #####
Move is valid
##### SUCCESS: /usr/lib/jvm/jdk-14.0.1/bin/java -jar /lab/itti/projects/checkers-competition/server/referee.jar on run_16_bansalr_vdhankar #####
INPUT for bansalr:
GAME
BLACK
230.72
........
..w.b.W.
...b....
..b.b.w.
.w.....w
w.w...w.
........
..w.....
##### Running: /usr/bin/time -o time_16_bansalr_vdhankar.txt -f "%U" python3 homework.py > stulog.txt 2>&1 on bansalr #####
##### SUCCESS: /usr/bin/time -o time_16_bansalr_vdhankar.txt -f "%U" python3 homework.py > stulog.txt 2>&1 on bansalr #####
##### bansalr plays [E e7 f6] in 3.98s #####
##### Running: /usr/lib/jvm/jdk-14.0.1/bin/java -jar /lab/itti/projects/checkers-competition/server/referee.jar on run_16_bansalr_vdhankar #####
Move is valid
##### SUCCESS: /usr/lib/jvm/jdk-14.0.1/bin/java -jar /lab/itti/projects/checkers-competition/server/referee.jar on run_16_bansalr_vdhankar #####
INPUT for vdhankar:
GAME
WHITE
148.457749843597
........
..w...W.
...b.b..
..b.b.w.
.w.....w
w.w...w.
........
..w.....
##### Running: /usr/bin/time -o time_16_bansalr_vdhankar.txt -f "%U" python3 homework.py > stulog.txt 2>&1 on vdhankar #####
child exited with value 1
##### ERROR: /usr/bin/time -o time_16_bansalr_vdhankar.txt -f "%U" python3 homework.py > stulog.txt 2>&1 on vdhankar #####
##### Output of failed program (stdout + stderr): #####
Traceback (most recent call last):
  File "homework.py", line 546, in <module>
    print(end-start)
NameError: name 'end' is not defined
##### End of output of failed program #####
##### vdhankar plays [J g5 e7] in 1.00252604484558s #####
##### Running: /usr/lib/jvm/jdk-14.0.1/bin/java -jar /lab/itti/projects/checkers-competition/server/referee.jar on run_16_bansalr_vdhankar #####
Move is valid
##### SUCCESS: /usr/lib/jvm/jdk-14.0.1/bin/java -jar /lab/itti/projects/checkers-competition/server/referee.jar on run_16_bansalr_vdhankar #####
INPUT for bansalr:
GAME
BLACK
226.74
........
..w.w.W.
...b....
..b.b...
.w.....w
w.w...w.
........
..w.....
##### Running: /usr/bin/time -o time_16_bansalr_vdhankar.txt -f "%U" python3 homework.py > stulog.txt 2>&1 on bansalr #####
##### SUCCESS: /usr/bin/time -o time_16_bansalr_vdhankar.txt -f "%U" python3 homework.py > stulog.txt 2>&1 on bansalr #####
##### bansalr plays [E e5 d4] in 3.88s #####
##### Running: /usr/lib/jvm/jdk-14.0.1/bin/java -jar /lab/itti/projects/checkers-competition/server/referee.jar on run_16_bansalr_vdhankar #####
Move is valid
##### SUCCESS: /usr/lib/jvm/jdk-14.0.1/bin/java -jar /lab/itti/projects/checkers-competition/server/referee.jar on run_16_bansalr_vdhankar #####
INPUT for vdhankar:
GAME
WHITE
147.455223798752
........
..w.w.W.
...b....
..b.....
.w.b...w
w.w...w.
........
..w.....
##### Running: /usr/bin/time -o time_16_bansalr_vdhankar.txt -f "%U" python3 homework.py > stulog.txt 2>&1 on vdhankar #####
child exited with value 1
##### ERROR: /usr/bin/time -o time_16_bansalr_vdhankar.txt -f "%U" python3 homework.py > stulog.txt 2>&1 on vdhankar #####
##### Output of failed program (stdout + stderr): #####
Traceback (most recent call last):
  File "homework.py", line 546, in <module>
    print(end-start)
NameError: name 'end' is not defined
##### End of output of failed program #####
##### vdhankar plays [J c3 e5] in 0.364583969116211s #####
##### Running: /usr/lib/jvm/jdk-14.0.1/bin/java -jar /lab/itti/projects/checkers-competition/server/referee.jar on run_16_bansalr_vdhankar #####
Move is valid
##### SUCCESS: /usr/lib/jvm/jdk-14.0.1/bin/java -jar /lab/itti/projects/checkers-competition/server/referee.jar on run_16_bansalr_vdhankar #####
INPUT for bansalr:
GAME
BLACK
222.86
........
..w.w.W.
...b....
..b.w...
.w.....w
w.....w.
........
..w.....
##### Running: /usr/bin/time -o time_16_bansalr_vdhankar.txt -f "%U" python3 homework.py > stulog.txt 2>&1 on bansalr #####
##### SUCCESS: /usr/bin/time -o time_16_bansalr_vdhankar.txt -f "%U" python3 homework.py > stulog.txt 2>&1 on bansalr #####
##### bansalr plays [J d6 f4 ; J f4 h2] in 1.51s #####
##### Running: /usr/lib/jvm/jdk-14.0.1/bin/java -jar /lab/itti/projects/checkers-competition/server/referee.jar on run_16_bansalr_vdhankar #####
Move is valid
##### SUCCESS: /usr/lib/jvm/jdk-14.0.1/bin/java -jar /lab/itti/projects/checkers-competition/server/referee.jar on run_16_bansalr_vdhankar #####
INPUT for vdhankar:
GAME
WHITE
147.090639829636
........
..w.w.W.
........
..b.....
.w.....w
w.......
.......b
..w.....
##### Running: /usr/bin/time -o time_16_bansalr_vdhankar.txt -f "%U" python3 homework.py > stulog.txt 2>&1 on vdhankar #####
child exited with value 1
##### ERROR: /usr/bin/time -o time_16_bansalr_vdhankar.txt -f "%U" python3 homework.py > stulog.txt 2>&1 on vdhankar #####
##### Output of failed program (stdout + stderr): #####
Traceback (most recent call last):
  File "homework.py", line 546, in <module>
    print(end-start)
NameError: name 'end' is not defined
##### End of output of failed program #####
##### vdhankar plays [J b4 d6] in 0.996795177459717s #####
##### Running: /usr/lib/jvm/jdk-14.0.1/bin/java -jar /lab/itti/projects/checkers-competition/server/referee.jar on run_16_bansalr_vdhankar #####
Move is valid
##### SUCCESS: /usr/lib/jvm/jdk-14.0.1/bin/java -jar /lab/itti/projects/checkers-competition/server/referee.jar on run_16_bansalr_vdhankar #####
INPUT for bansalr:
GAME
BLACK
221.35
........
..w.w.W.
...w....
........
.......w
w.......
.......b
..w.....
##### Running: /usr/bin/time -o time_16_bansalr_vdhankar.txt -f "%U" python3 homework.py > stulog.txt 2>&1 on bansalr #####
##### SUCCESS: /usr/bin/time -o time_16_bansalr_vdhankar.txt -f "%U" python3 homework.py > stulog.txt 2>&1 on bansalr #####
##### bansalr plays [E h2 g1] in 4.15s #####
##### Running: /usr/lib/jvm/jdk-14.0.1/bin/java -jar /lab/itti/projects/checkers-competition/server/referee.jar on run_16_bansalr_vdhankar #####
Move is valid
##### SUCCESS: /usr/lib/jvm/jdk-14.0.1/bin/java -jar /lab/itti/projects/checkers-competition/server/referee.jar on run_16_bansalr_vdhankar #####
INPUT for vdhankar:
GAME
WHITE
146.093844652176
........
..w.w.W.
...w....
........
.......w
w.......
........
..w...B.
##### Running: /usr/bin/time -o time_16_bansalr_vdhankar.txt -f "%U" python3 homework.py > stulog.txt 2>&1 on vdhankar #####
child exited with value 1
##### ERROR: /usr/bin/time -o time_16_bansalr_vdhankar.txt -f "%U" python3 homework.py > stulog.txt 2>&1 on vdhankar #####
##### Output of failed program (stdout + stderr): #####
Traceback (most recent call last):
  File "homework.py", line 546, in <module>
    print(end-start)
NameError: name 'end' is not defined
##### End of output of failed program #####
##### vdhankar plays [E e7 f8] in 7.7989821434021s #####
##### Running: /usr/lib/jvm/jdk-14.0.1/bin/java -jar /lab/itti/projects/checkers-competition/server/referee.jar on run_16_bansalr_vdhankar #####
Move is valid
##### SUCCESS: /usr/lib/jvm/jdk-14.0.1/bin/java -jar /lab/itti/projects/checkers-competition/server/referee.jar on run_16_bansalr_vdhankar #####
INPUT for bansalr:
GAME
BLACK
217.2
.....W..
..w...W.
...w....
........
.......w
w.......
........
..w...B.
##### Running: /usr/bin/time -o time_16_bansalr_vdhankar.txt -f "%U" python3 homework.py > stulog.txt 2>&1 on bansalr #####
##### SUCCESS: /usr/bin/time -o time_16_bansalr_vdhankar.txt -f "%U" python3 homework.py > stulog.txt 2>&1 on bansalr #####
##### bansalr plays [E g1 f2] in 4.11s #####
##### Running: /usr/lib/jvm/jdk-14.0.1/bin/java -jar /lab/itti/projects/checkers-competition/server/referee.jar on run_16_bansalr_vdhankar #####
Move is valid
##### SUCCESS: /usr/lib/jvm/jdk-14.0.1/bin/java -jar /lab/itti/projects/checkers-competition/server/referee.jar on run_16_bansalr_vdhankar #####
INPUT for vdhankar:
GAME
WHITE
138.294862508774
.....W..
..w...W.
...w....
........
.......w
w.......
.....B..
..w.....
##### Running: /usr/bin/time -o time_16_bansalr_vdhankar.txt -f "%U" python3 homework.py > stulog.txt 2>&1 on vdhankar #####
child exited with value 1
##### ERROR: /usr/bin/time -o time_16_bansalr_vdhankar.txt -f "%U" python3 homework.py > stulog.txt 2>&1 on vdhankar #####
##### Output of failed program (stdout + stderr): #####
Traceback (most recent call last):
  File "homework.py", line 546, in <module>
    print(end-start)
NameError: name 'end' is not defined
##### End of output of failed program #####
##### vdhankar plays [E d6 e7] in 7.66925692558289s #####
##### Running: /usr/lib/jvm/jdk-14.0.1/bin/java -jar /lab/itti/projects/checkers-competition/server/referee.jar on run_16_bansalr_vdhankar #####
Move is valid
##### SUCCESS: /usr/lib/jvm/jdk-14.0.1/bin/java -jar /lab/itti/projects/checkers-competition/server/referee.jar on run_16_bansalr_vdhankar #####
INPUT for bansalr:
GAME
BLACK
213.09
.....W..
..w.w.W.
........
........
.......w
w.......
.....B..
..w.....
##### Running: /usr/bin/time -o time_16_bansalr_vdhankar.txt -f "%U" python3 homework.py > stulog.txt 2>&1 on bansalr #####
##### SUCCESS: /usr/bin/time -o time_16_bansalr_vdhankar.txt -f "%U" python3 homework.py > stulog.txt 2>&1 on bansalr #####
##### bansalr plays [E f2 e1] in 4.18s #####
##### Running: /usr/lib/jvm/jdk-14.0.1/bin/java -jar /lab/itti/projects/checkers-competition/server/referee.jar on run_16_bansalr_vdhankar #####
Move is valid
##### SUCCESS: /usr/lib/jvm/jdk-14.0.1/bin/java -jar /lab/itti/projects/checkers-competition/server/referee.jar on run_16_bansalr_vdhankar #####
INPUT for vdhankar:
GAME
WHITE
130.625605583191
.....W..
..w.w.W.
........
........
.......w
w.......
........
..w.B...
##### Running: /usr/bin/time -o time_16_bansalr_vdhankar.txt -f "%U" python3 homework.py > stulog.txt 2>&1 on vdhankar #####
child exited with value 1
##### ERROR: /usr/bin/time -o time_16_bansalr_vdhankar.txt -f "%U" python3 homework.py > stulog.txt 2>&1 on vdhankar #####
##### Output of failed program (stdout + stderr): #####
Traceback (most recent call last):
  File "homework.py", line 546, in <module>
    print(end-start)
NameError: name 'end' is not defined
##### End of output of failed program #####
##### vdhankar plays [E g7 f6] in 4.57921195030212s #####
##### Running: /usr/lib/jvm/jdk-14.0.1/bin/java -jar /lab/itti/projects/checkers-competition/server/referee.jar on run_16_bansalr_vdhankar #####
Move is valid
##### SUCCESS: /usr/lib/jvm/jdk-14.0.1/bin/java -jar /lab/itti/projects/checkers-competition/server/referee.jar on run_16_bansalr_vdhankar #####
INPUT for bansalr:
GAME
BLACK
208.91
.....W..
..w.w...
.....W..
........
.......w
w.......
........
..w.B...
##### Running: /usr/bin/time -o time_16_bansalr_vdhankar.txt -f "%U" python3 homework.py > stulog.txt 2>&1 on bansalr #####
##### SUCCESS: /usr/bin/time -o time_16_bansalr_vdhankar.txt -f "%U" python3 homework.py > stulog.txt 2>&1 on bansalr #####
##### bansalr plays [E e1 f2] in 4.15s #####
##### Running: /usr/lib/jvm/jdk-14.0.1/bin/java -jar /lab/itti/projects/checkers-competition/server/referee.jar on run_16_bansalr_vdhankar #####
Move is valid
##### SUCCESS: /usr/lib/jvm/jdk-14.0.1/bin/java -jar /lab/itti/projects/checkers-competition/server/referee.jar on run_16_bansalr_vdhankar #####
INPUT for vdhankar:
GAME
WHITE
126.046393632889
.....W..
..w.w...
.....W..
........
.......w
w.......
.....B..
..w.....
##### Running: /usr/bin/time -o time_16_bansalr_vdhankar.txt -f "%U" python3 homework.py > stulog.txt 2>&1 on vdhankar #####
child exited with value 1
##### ERROR: /usr/bin/time -o time_16_bansalr_vdhankar.txt -f "%U" python3 homework.py > stulog.txt 2>&1 on vdhankar #####
##### Output of failed program (stdout + stderr): #####
Traceback (most recent call last):
  File "homework.py", line 546, in <module>
    print(end-start)
NameError: name 'end' is not defined
##### End of output of failed program #####
##### vdhankar plays [E h4 g5] in 7.74914288520813s #####
##### Running: /usr/lib/jvm/jdk-14.0.1/bin/java -jar /lab/itti/projects/checkers-competition/server/referee.jar on run_16_bansalr_vdhankar #####
Move is valid
##### SUCCESS: /usr/lib/jvm/jdk-14.0.1/bin/java -jar /lab/itti/projects/checkers-competition/server/referee.jar on run_16_bansalr_vdhankar #####
INPUT for bansalr:
GAME
BLACK
204.76
.....W..
..w.w...
.....W..
......w.
........
w.......
.....B..
..w.....
##### Running: /usr/bin/time -o time_16_bansalr_vdhankar.txt -f "%U" python3 homework.py > stulog.txt 2>&1 on bansalr #####
##### SUCCESS: /usr/bin/time -o time_16_bansalr_vdhankar.txt -f "%U" python3 homework.py > stulog.txt 2>&1 on bansalr #####
##### bansalr plays [E f2 e1] in 3.98s #####
##### Running: /usr/lib/jvm/jdk-14.0.1/bin/java -jar /lab/itti/projects/checkers-competition/server/referee.jar on run_16_bansalr_vdhankar #####
Move is valid
##### SUCCESS: /usr/lib/jvm/jdk-14.0.1/bin/java -jar /lab/itti/projects/checkers-competition/server/referee.jar on run_16_bansalr_vdhankar #####
INPUT for vdhankar:
GAME
WHITE
118.297250747681
.....W..
..w.w...
.....W..
......w.
........
w.......
........
..w.B...
##### Running: /usr/bin/time -o time_16_bansalr_vdhankar.txt -f "%U" python3 homework.py > stulog.txt 2>&1 on vdhankar #####
child exited with value 1
##### ERROR: /usr/bin/time -o time_16_bansalr_vdhankar.txt -f "%U" python3 homework.py > stulog.txt 2>&1 on vdhankar #####
##### Output of failed program (stdout + stderr): #####
Traceback (most recent call last):
  File "homework.py", line 546, in <module>
    print(end-start)
NameError: name 'end' is not defined
##### End of output of failed program #####
##### vdhankar plays [E a3 b4] in 7.80626082420349s #####
##### Running: /usr/lib/jvm/jdk-14.0.1/bin/java -jar /lab/itti/projects/checkers-competition/server/referee.jar on run_16_bansalr_vdhankar #####
Move is valid
##### SUCCESS: /usr/lib/jvm/jdk-14.0.1/bin/java -jar /lab/itti/projects/checkers-competition/server/referee.jar on run_16_bansalr_vdhankar #####
INPUT for bansalr:
GAME
BLACK
200.78
.....W..
..w.w...
.....W..
......w.
.w......
........
........
..w.B...
##### Running: /usr/bin/time -o time_16_bansalr_vdhankar.txt -f "%U" python3 homework.py > stulog.txt 2>&1 on bansalr #####
##### SUCCESS: /usr/bin/time -o time_16_bansalr_vdhankar.txt -f "%U" python3 homework.py > stulog.txt 2>&1 on bansalr #####
##### bansalr plays [E e1 f2] in 4.28s #####
##### Running: /usr/lib/jvm/jdk-14.0.1/bin/java -jar /lab/itti/projects/checkers-competition/server/referee.jar on run_16_bansalr_vdhankar #####
Move is valid
##### SUCCESS: /usr/lib/jvm/jdk-14.0.1/bin/java -jar /lab/itti/projects/checkers-competition/server/referee.jar on run_16_bansalr_vdhankar #####
INPUT for vdhankar:
GAME
WHITE
110.490989923477
.....W..
..w.w...
.....W..
......w.
.w......
........
.....B..
..w.....
##### Running: /usr/bin/time -o time_16_bansalr_vdhankar.txt -f "%U" python3 homework.py > stulog.txt 2>&1 on vdhankar #####
child exited with value 1
##### ERROR: /usr/bin/time -o time_16_bansalr_vdhankar.txt -f "%U" python3 homework.py > stulog.txt 2>&1 on vdhankar #####
##### Output of failed program (stdout + stderr): #####
Traceback (most recent call last):
  File "homework.py", line 546, in <module>
    print(end-start)
NameError: name 'end' is not defined
##### End of output of failed program #####
##### vdhankar plays [E f6 e5] in 12.0824038982391s #####
##### Running: /usr/lib/jvm/jdk-14.0.1/bin/java -jar /lab/itti/projects/checkers-competition/server/referee.jar on run_16_bansalr_vdhankar #####
Move is valid
##### SUCCESS: /usr/lib/jvm/jdk-14.0.1/bin/java -jar /lab/itti/projects/checkers-competition/server/referee.jar on run_16_bansalr_vdhankar #####
INPUT for bansalr:
GAME
BLACK
196.5
.....W..
..w.w...
........
....W.w.
.w......
........
.....B..
..w.....
##### Running: /usr/bin/time -o time_16_bansalr_vdhankar.txt -f "%U" python3 homework.py > stulog.txt 2>&1 on bansalr #####
##### SUCCESS: /usr/bin/time -o time_16_bansalr_vdhankar.txt -f "%U" python3 homework.py > stulog.txt 2>&1 on bansalr #####
##### bansalr plays [E f2 e1] in 4.05s #####
##### Running: /usr/lib/jvm/jdk-14.0.1/bin/java -jar /lab/itti/projects/checkers-competition/server/referee.jar on run_16_bansalr_vdhankar #####
Move is valid
##### SUCCESS: /usr/lib/jvm/jdk-14.0.1/bin/java -jar /lab/itti/projects/checkers-competition/server/referee.jar on run_16_bansalr_vdhankar #####
INPUT for vdhankar:
GAME
WHITE
98.408586025238
.....W..
..w.w...
........
....W.w.
.w......
........
........
..w.B...
##### Running: /usr/bin/time -o time_16_bansalr_vdhankar.txt -f "%U" python3 homework.py > stulog.txt 2>&1 on vdhankar #####
child exited with value 1
##### ERROR: /usr/bin/time -o time_16_bansalr_vdhankar.txt -f "%U" python3 homework.py > stulog.txt 2>&1 on vdhankar #####
##### Output of failed program (stdout + stderr): #####
Traceback (most recent call last):
  File "homework.py", line 546, in <module>
    print(end-start)
NameError: name 'end' is not defined
##### End of output of failed program #####
##### vdhankar plays [E g5 f6] in 13.0333969593048s #####
##### Running: /usr/lib/jvm/jdk-14.0.1/bin/java -jar /lab/itti/projects/checkers-competition/server/referee.jar on run_16_bansalr_vdhankar #####
Move is valid
##### SUCCESS: /usr/lib/jvm/jdk-14.0.1/bin/java -jar /lab/itti/projects/checkers-competition/server/referee.jar on run_16_bansalr_vdhankar #####
INPUT for bansalr:
GAME
BLACK
192.45
.....W..
..w.w...
.....w..
....W...
.w......
........
........
..w.B...
##### Running: /usr/bin/time -o time_16_bansalr_vdhankar.txt -f "%U" python3 homework.py > stulog.txt 2>&1 on bansalr #####
##### SUCCESS: /usr/bin/time -o time_16_bansalr_vdhankar.txt -f "%U" python3 homework.py > stulog.txt 2>&1 on bansalr #####
##### bansalr plays [E e1 f2] in 4.22s #####
##### Running: /usr/lib/jvm/jdk-14.0.1/bin/java -jar /lab/itti/projects/checkers-competition/server/referee.jar on run_16_bansalr_vdhankar #####
Move is valid
##### SUCCESS: /usr/lib/jvm/jdk-14.0.1/bin/java -jar /lab/itti/projects/checkers-competition/server/referee.jar on run_16_bansalr_vdhankar #####
INPUT for vdhankar:
GAME
WHITE
85.3751890659332
.....W..
..w.w...
.....w..
....W...
.w......
........
.....B..
..w.....
##### Running: /usr/bin/time -o time_16_bansalr_vdhankar.txt -f "%U" python3 homework.py > stulog.txt 2>&1 on vdhankar #####
child exited with value 1
##### ERROR: /usr/bin/time -o time_16_bansalr_vdhankar.txt -f "%U" python3 homework.py > stulog.txt 2>&1 on vdhankar #####
##### Output of failed program (stdout + stderr): #####
Traceback (most recent call last):
  File "homework.py", line 546, in <module>
    print(end-start)
NameError: name 'end' is not defined
##### End of output of failed program #####
##### vdhankar plays [E b4 a5] in 17.411495923996s #####
##### Running: /usr/lib/jvm/jdk-14.0.1/bin/java -jar /lab/itti/projects/checkers-competition/server/referee.jar on run_16_bansalr_vdhankar #####
Move is valid
##### SUCCESS: /usr/lib/jvm/jdk-14.0.1/bin/java -jar /lab/itti/projects/checkers-competition/server/referee.jar on run_16_bansalr_vdhankar #####
INPUT for bansalr:
GAME
BLACK
188.23
.....W..
..w.w...
.....w..
w...W...
........
........
.....B..
..w.....
##### Running: /usr/bin/time -o time_16_bansalr_vdhankar.txt -f "%U" python3 homework.py > stulog.txt 2>&1 on bansalr #####
##### SUCCESS: /usr/bin/time -o time_16_bansalr_vdhankar.txt -f "%U" python3 homework.py > stulog.txt 2>&1 on bansalr #####
##### bansalr plays [E f2 g1] in 4.25s #####
##### Running: /usr/lib/jvm/jdk-14.0.1/bin/java -jar /lab/itti/projects/checkers-competition/server/referee.jar on run_16_bansalr_vdhankar #####
Move is valid
##### SUCCESS: /usr/lib/jvm/jdk-14.0.1/bin/java -jar /lab/itti/projects/checkers-competition/server/referee.jar on run_16_bansalr_vdhankar #####
INPUT for vdhankar:
GAME
WHITE
67.9636931419373
.....W..
..w.w...
.....w..
w...W...
........
........
........
..w...B.
##### Running: /usr/bin/time -o time_16_bansalr_vdhankar.txt -f "%U" python3 homework.py > stulog.txt 2>&1 on vdhankar #####
child exited with value 1
##### ERROR: /usr/bin/time -o time_16_bansalr_vdhankar.txt -f "%U" python3 homework.py > stulog.txt 2>&1 on vdhankar #####
##### Output of failed program (stdout + stderr): #####
Traceback (most recent call last):
  File "homework.py", line 546, in <module>
    print(end-start)
NameError: name 'end' is not defined
##### End of output of failed program #####
##### vdhankar plays [E e7 d8] in 9.13554406166077s #####
##### Running: /usr/lib/jvm/jdk-14.0.1/bin/java -jar /lab/itti/projects/checkers-competition/server/referee.jar on run_16_bansalr_vdhankar #####
Move is valid
##### SUCCESS: /usr/lib/jvm/jdk-14.0.1/bin/java -jar /lab/itti/projects/checkers-competition/server/referee.jar on run_16_bansalr_vdhankar #####
INPUT for bansalr:
GAME
BLACK
183.98
...W.W..
..w.....
.....w..
w...W...
........
........
........
..w...B.
##### Running: /usr/bin/time -o time_16_bansalr_vdhankar.txt -f "%U" python3 homework.py > stulog.txt 2>&1 on bansalr #####
##### SUCCESS: /usr/bin/time -o time_16_bansalr_vdhankar.txt -f "%U" python3 homework.py > stulog.txt 2>&1 on bansalr #####
##### bansalr plays [E g1 f2] in 4.25s #####
##### Running: /usr/lib/jvm/jdk-14.0.1/bin/java -jar /lab/itti/projects/checkers-competition/server/referee.jar on run_16_bansalr_vdhankar #####
Move is valid
##### SUCCESS: /usr/lib/jvm/jdk-14.0.1/bin/java -jar /lab/itti/projects/checkers-competition/server/referee.jar on run_16_bansalr_vdhankar #####
INPUT for vdhankar:
GAME
WHITE
58.8281490802765
...W.W..
..w.....
.....w..
w...W...
........
........
.....B..
..w.....
##### Running: /usr/bin/time -o time_16_bansalr_vdhankar.txt -f "%U" python3 homework.py > stulog.txt 2>&1 on vdhankar #####
child exited with value 1
##### ERROR: /usr/bin/time -o time_16_bansalr_vdhankar.txt -f "%U" python3 homework.py > stulog.txt 2>&1 on vdhankar #####
##### Output of failed program (stdout + stderr): #####
Traceback (most recent call last):
  File "homework.py", line 546, in <module>
    print(end-start)
NameError: name 'end' is not defined
##### End of output of failed program #####
##### vdhankar plays [E e5 f4] in 20.2002241611481s #####
##### Running: /usr/lib/jvm/jdk-14.0.1/bin/java -jar /lab/itti/projects/checkers-competition/server/referee.jar on run_16_bansalr_vdhankar #####
Move is valid
##### SUCCESS: /usr/lib/jvm/jdk-14.0.1/bin/java -jar /lab/itti/projects/checkers-competition/server/referee.jar on run_16_bansalr_vdhankar #####
INPUT for bansalr:
GAME
BLACK
179.73
...W.W..
..w.....
.....w..
w.......
.....W..
........
.....B..
..w.....
##### Running: /usr/bin/time -o time_16_bansalr_vdhankar.txt -f "%U" python3 homework.py > stulog.txt 2>&1 on bansalr #####
##### SUCCESS: /usr/bin/time -o time_16_bansalr_vdhankar.txt -f "%U" python3 homework.py > stulog.txt 2>&1 on bansalr #####
##### bansalr plays [E f2 e1] in 3.84s #####
##### Running: /usr/lib/jvm/jdk-14.0.1/bin/java -jar /lab/itti/projects/checkers-competition/server/referee.jar on run_16_bansalr_vdhankar #####
Move is valid
##### SUCCESS: /usr/lib/jvm/jdk-14.0.1/bin/java -jar /lab/itti/projects/checkers-competition/server/referee.jar on run_16_bansalr_vdhankar #####
INPUT for vdhankar:
GAME
WHITE
38.6279249191284
...W.W..
..w.....
.....w..
w.......
.....W..
........
........
..w.B...
##### Running: /usr/bin/time -o time_16_bansalr_vdhankar.txt -f "%U" python3 homework.py > stulog.txt 2>&1 on vdhankar #####
child exited with value 1
##### ERROR: /usr/bin/time -o time_16_bansalr_vdhankar.txt -f "%U" python3 homework.py > stulog.txt 2>&1 on vdhankar #####
##### Output of failed program (stdout + stderr): #####
Traceback (most recent call last):
  File "homework.py", line 546, in <module>
    print(end-start)
NameError: name 'end' is not defined
##### End of output of failed program #####
##### vdhankar plays [E f4 e3] in 4.32536220550537s #####
##### Running: /usr/lib/jvm/jdk-14.0.1/bin/java -jar /lab/itti/projects/checkers-competition/server/referee.jar on run_16_bansalr_vdhankar #####
Move is valid
##### SUCCESS: /usr/lib/jvm/jdk-14.0.1/bin/java -jar /lab/itti/projects/checkers-competition/server/referee.jar on run_16_bansalr_vdhankar #####
INPUT for bansalr:
GAME
BLACK
175.89
...W.W..
..w.....
.....w..
w.......
........
....W...
........
..w.B...
##### Running: /usr/bin/time -o time_16_bansalr_vdhankar.txt -f "%U" python3 homework.py > stulog.txt 2>&1 on bansalr #####
##### SUCCESS: /usr/bin/time -o time_16_bansalr_vdhankar.txt -f "%U" python3 homework.py > stulog.txt 2>&1 on bansalr #####
##### bansalr plays [E e1 d2] in 4.25s #####
##### Running: /usr/lib/jvm/jdk-14.0.1/bin/java -jar /lab/itti/projects/checkers-competition/server/referee.jar on run_16_bansalr_vdhankar #####
Move is valid
##### SUCCESS: /usr/lib/jvm/jdk-14.0.1/bin/java -jar /lab/itti/projects/checkers-competition/server/referee.jar on run_16_bansalr_vdhankar #####
INPUT for vdhankar:
GAME
WHITE
34.302562713623
...W.W..
..w.....
.....w..
w.......
........
....W...
...B....
..w.....
##### Running: /usr/bin/time -o time_16_bansalr_vdhankar.txt -f "%U" python3 homework.py > stulog.txt 2>&1 on vdhankar #####
child exited with value 1
##### ERROR: /usr/bin/time -o time_16_bansalr_vdhankar.txt -f "%U" python3 homework.py > stulog.txt 2>&1 on vdhankar #####
##### Output of failed program (stdout + stderr): #####
Traceback (most recent call last):
  File "homework.py", line 546, in <module>
    print(end-start)
NameError: name 'end' is not defined
##### End of output of failed program #####
##### vdhankar plays [E e3 d4] in 1.84006595611572s #####
##### Running: /usr/lib/jvm/jdk-14.0.1/bin/java -jar /lab/itti/projects/checkers-competition/server/referee.jar on run_16_bansalr_vdhankar #####
Move is valid
##### SUCCESS: /usr/lib/jvm/jdk-14.0.1/bin/java -jar /lab/itti/projects/checkers-competition/server/referee.jar on run_16_bansalr_vdhankar #####
INPUT for bansalr:
GAME
BLACK
171.64
...W.W..
..w.....
.....w..
w.......
...W....
........
...B....
..w.....
##### Running: /usr/bin/time -o time_16_bansalr_vdhankar.txt -f "%U" python3 homework.py > stulog.txt 2>&1 on bansalr #####
##### SUCCESS: /usr/bin/time -o time_16_bansalr_vdhankar.txt -f "%U" python3 homework.py > stulog.txt 2>&1 on bansalr #####
##### bansalr plays [E d2 e1] in 2.48s #####
##### Running: /usr/lib/jvm/jdk-14.0.1/bin/java -jar /lab/itti/projects/checkers-competition/server/referee.jar on run_16_bansalr_vdhankar #####
Move is valid
##### SUCCESS: /usr/lib/jvm/jdk-14.0.1/bin/java -jar /lab/itti/projects/checkers-competition/server/referee.jar on run_16_bansalr_vdhankar #####
INPUT for vdhankar:
GAME
WHITE
32.4624967575073
...W.W..
..w.....
.....w..
w.......
...W....
........
........
..w.B...
##### Running: /usr/bin/time -o time_16_bansalr_vdhankar.txt -f "%U" python3 homework.py > stulog.txt 2>&1 on vdhankar #####
child exited with value 1
##### ERROR: /usr/bin/time -o time_16_bansalr_vdhankar.txt -f "%U" python3 homework.py > stulog.txt 2>&1 on vdhankar #####
##### Output of failed program (stdout + stderr): #####
Traceback (most recent call last):
  File "homework.py", line 546, in <module>
    print(end-start)
NameError: name 'end' is not defined
##### End of output of failed program #####
##### vdhankar plays [E d4 e3] in 3.67557096481323s #####
##### Running: /usr/lib/jvm/jdk-14.0.1/bin/java -jar /lab/itti/projects/checkers-competition/server/referee.jar on run_16_bansalr_vdhankar #####
Move is valid
##### SUCCESS: /usr/lib/jvm/jdk-14.0.1/bin/java -jar /lab/itti/projects/checkers-competition/server/referee.jar on run_16_bansalr_vdhankar #####
INPUT for bansalr:
GAME
BLACK
169.16
...W.W..
..w.....
.....w..
w.......
........
....W...
........
..w.B...
##### Running: /usr/bin/time -o time_16_bansalr_vdhankar.txt -f "%U" python3 homework.py > stulog.txt 2>&1 on bansalr #####
##### SUCCESS: /usr/bin/time -o time_16_bansalr_vdhankar.txt -f "%U" python3 homework.py > stulog.txt 2>&1 on bansalr #####
##### bansalr plays [E e1 d2] in 4.39s #####
##### Running: /usr/lib/jvm/jdk-14.0.1/bin/java -jar /lab/itti/projects/checkers-competition/server/referee.jar on run_16_bansalr_vdhankar #####
Move is valid
##### SUCCESS: /usr/lib/jvm/jdk-14.0.1/bin/java -jar /lab/itti/projects/checkers-competition/server/referee.jar on run_16_bansalr_vdhankar #####
INPUT for vdhankar:
GAME
WHITE
28.7869257926941
...W.W..
..w.....
.....w..
w.......
........
....W...
...B....
..w.....
##### Running: /usr/bin/time -o time_16_bansalr_vdhankar.txt -f "%U" python3 homework.py > stulog.txt 2>&1 on vdhankar #####
child exited with value 1
##### ERROR: /usr/bin/time -o time_16_bansalr_vdhankar.txt -f "%U" python3 homework.py > stulog.txt 2>&1 on vdhankar #####
##### Output of failed program (stdout + stderr): #####
Traceback (most recent call last):
  File "homework.py", line 546, in <module>
    print(end-start)
NameError: name 'end' is not defined
##### End of output of failed program #####
##### vdhankar plays [E e3 d4] in 1.64710307121277s #####
##### Running: /usr/lib/jvm/jdk-14.0.1/bin/java -jar /lab/itti/projects/checkers-competition/server/referee.jar on run_16_bansalr_vdhankar #####
Move is valid
##### SUCCESS: /usr/lib/jvm/jdk-14.0.1/bin/java -jar /lab/itti/projects/checkers-competition/server/referee.jar on run_16_bansalr_vdhankar #####
INPUT for bansalr:
GAME
BLACK
164.77
...W.W..
..w.....
.....w..
w.......
...W....
........
...B....
..w.....
##### Running: /usr/bin/time -o time_16_bansalr_vdhankar.txt -f "%U" python3 homework.py > stulog.txt 2>&1 on bansalr #####
##### SUCCESS: /usr/bin/time -o time_16_bansalr_vdhankar.txt -f "%U" python3 homework.py > stulog.txt 2>&1 on bansalr #####
##### bansalr plays [E d2 e1] in 2.18s #####
##### Running: /usr/lib/jvm/jdk-14.0.1/bin/java -jar /lab/itti/projects/checkers-competition/server/referee.jar on run_16_bansalr_vdhankar #####
Move is valid
##### SUCCESS: /usr/lib/jvm/jdk-14.0.1/bin/java -jar /lab/itti/projects/checkers-competition/server/referee.jar on run_16_bansalr_vdhankar #####
INPUT for vdhankar:
GAME
WHITE
27.1398227214813
...W.W..
..w.....
.....w..
w.......
...W....
........
........
..w.B...
##### Running: /usr/bin/time -o time_16_bansalr_vdhankar.txt -f "%U" python3 homework.py > stulog.txt 2>&1 on vdhankar #####
child exited with value 1
##### ERROR: /usr/bin/time -o time_16_bansalr_vdhankar.txt -f "%U" python3 homework.py > stulog.txt 2>&1 on vdhankar #####
##### Output of failed program (stdout + stderr): #####
Traceback (most recent call last):
  File "homework.py", line 546, in <module>
    print(end-start)
NameError: name 'end' is not defined
##### End of output of failed program #####
##### vdhankar plays [E d4 e3] in 4.23777484893799s #####
##### Running: /usr/lib/jvm/jdk-14.0.1/bin/java -jar /lab/itti/projects/checkers-competition/server/referee.jar on run_16_bansalr_vdhankar #####
Move is valid
##### SUCCESS: /usr/lib/jvm/jdk-14.0.1/bin/java -jar /lab/itti/projects/checkers-competition/server/referee.jar on run_16_bansalr_vdhankar #####
INPUT for bansalr:
GAME
BLACK
162.59
...W.W..
..w.....
.....w..
w.......
........
....W...
........
..w.B...
##### Running: /usr/bin/time -o time_16_bansalr_vdhankar.txt -f "%U" python3 homework.py > stulog.txt 2>&1 on bansalr #####
##### SUCCESS: /usr/bin/time -o time_16_bansalr_vdhankar.txt -f "%U" python3 homework.py > stulog.txt 2>&1 on bansalr #####
##### bansalr plays [E e1 d2] in 4.36s #####
##### Running: /usr/lib/jvm/jdk-14.0.1/bin/java -jar /lab/itti/projects/checkers-competition/server/referee.jar on run_16_bansalr_vdhankar #####
Move is valid
Seen this position 3 times
*** Game ends in draw ***
##### SUCCESS: /usr/lib/jvm/jdk-14.0.1/bin/java -jar /lab/itti/projects/checkers-competition/server/referee.jar on run_16_bansalr_vdhankar #####
##### GAME ENDS IN A DRAW. Time left for bansalr: 158.23s, vdhankar: 22.9020478725433s
Server said: DRAW
##### GAME OVER: the game ends in a draw, bansalr wins by time remaining #####
########## ROUND 16 GAMESCORE AFTER GAME 2: bansalr=2 and vdhankar=0 ##########
#################### ROUND 16: bansalr (W) vs vdhankar (B): game 3 ####################
##### game start! #####
INPUT for vdhankar:
GAME
BLACK
300
.b.b.b.b
b.b.b.b.
.b.b.b.b
........
........
w.w.w.w.
.w.w.w.w
w.w.w.w.
##### Running: /usr/bin/time -o time_16_bansalr_vdhankar.txt -f "%U" python3 homework.py > stulog.txt 2>&1 on vdhankar #####
child exited with value 1
##### ERROR: /usr/bin/time -o time_16_bansalr_vdhankar.txt -f "%U" python3 homework.py > stulog.txt 2>&1 on vdhankar #####
##### Output of failed program (stdout + stderr): #####
Traceback (most recent call last):
  File "homework.py", line 546, in <module>
    print(end-start)
NameError: name 'end' is not defined
##### End of output of failed program #####
##### vdhankar plays [E h6 g5] in 8.04625701904297s #####
##### Running: /usr/lib/jvm/jdk-14.0.1/bin/java -jar /lab/itti/projects/checkers-competition/server/referee.jar on run_16_bansalr_vdhankar #####
Move is valid
Couldn't read file 'current_ply.txt'
Couldn't read content from file 'current_ply.txt'
Couldn't read file 'lastmatchange_ply.txt'
Couldn't read content from file 'lastmatchange_ply.txt'
##### SUCCESS: /usr/lib/jvm/jdk-14.0.1/bin/java -jar /lab/itti/projects/checkers-competition/server/referee.jar on run_16_bansalr_vdhankar #####
INPUT for bansalr:
GAME
WHITE
300
.b.b.b.b
b.b.b.b.
.b.b.b..
......b.
........
w.w.w.w.
.w.w.w.w
w.w.w.w.
##### Running: /usr/bin/time -o time_16_bansalr_vdhankar.txt -f "%U" python3 homework.py > stulog.txt 2>&1 on bansalr #####
##### SUCCESS: /usr/bin/time -o time_16_bansalr_vdhankar.txt -f "%U" python3 homework.py > stulog.txt 2>&1 on bansalr #####
##### bansalr plays [E e3 d4] in 0.04s #####
##### Running: /usr/lib/jvm/jdk-14.0.1/bin/java -jar /lab/itti/projects/checkers-competition/server/referee.jar on run_16_bansalr_vdhankar #####
Move is valid
##### SUCCESS: /usr/lib/jvm/jdk-14.0.1/bin/java -jar /lab/itti/projects/checkers-competition/server/referee.jar on run_16_bansalr_vdhankar #####
INPUT for vdhankar:
GAME
BLACK
291.953742980957
.b.b.b.b
b.b.b.b.
.b.b.b..
......b.
...w....
w.w...w.
.w.w.w.w
w.w.w.w.
##### Running: /usr/bin/time -o time_16_bansalr_vdhankar.txt -f "%U" python3 homework.py > stulog.txt 2>&1 on vdhankar #####
child exited with value 1
##### ERROR: /usr/bin/time -o time_16_bansalr_vdhankar.txt -f "%U" python3 homework.py > stulog.txt 2>&1 on vdhankar #####
##### Output of failed program (stdout + stderr): #####
Traceback (most recent call last):
  File "homework.py", line 546, in <module>
    print(end-start)
NameError: name 'end' is not defined
##### End of output of failed program #####
##### vdhankar plays [E g5 h4] in 6.05756807327271s #####
##### Running: /usr/lib/jvm/jdk-14.0.1/bin/java -jar /lab/itti/projects/checkers-competition/server/referee.jar on run_16_bansalr_vdhankar #####
Move is valid
##### SUCCESS: /usr/lib/jvm/jdk-14.0.1/bin/java -jar /lab/itti/projects/checkers-competition/server/referee.jar on run_16_bansalr_vdhankar #####
INPUT for bansalr:
GAME
WHITE
299.96
.b.b.b.b
b.b.b.b.
.b.b.b..
........
...w...b
w.w...w.
.w.w.w.w
w.w.w.w.
##### Running: /usr/bin/time -o time_16_bansalr_vdhankar.txt -f "%U" python3 homework.py > stulog.txt 2>&1 on bansalr #####
##### SUCCESS: /usr/bin/time -o time_16_bansalr_vdhankar.txt -f "%U" python3 homework.py > stulog.txt 2>&1 on bansalr #####
##### bansalr plays [E f2 e3] in 0.04s #####
##### Running: /usr/lib/jvm/jdk-14.0.1/bin/java -jar /lab/itti/projects/checkers-competition/server/referee.jar on run_16_bansalr_vdhankar #####
Move is valid
##### SUCCESS: /usr/lib/jvm/jdk-14.0.1/bin/java -jar /lab/itti/projects/checkers-competition/server/referee.jar on run_16_bansalr_vdhankar #####
INPUT for vdhankar:
GAME
BLACK
285.896174907684
.b.b.b.b
b.b.b.b.
.b.b.b..
........
...w...b
w.w.w.w.
.w.w...w
w.w.w.w.
##### Running: /usr/bin/time -o time_16_bansalr_vdhankar.txt -f "%U" python3 homework.py > stulog.txt 2>&1 on vdhankar #####
child exited with value 1
##### ERROR: /usr/bin/time -o time_16_bansalr_vdhankar.txt -f "%U" python3 homework.py > stulog.txt 2>&1 on vdhankar #####
##### Output of failed program (stdout + stderr): #####
Traceback (most recent call last):
  File "homework.py", line 546, in <module>
    print(end-start)
NameError: name 'end' is not defined
##### End of output of failed program #####
##### vdhankar plays [J h4 f2] in 0.828731060028076s #####
##### Running: /usr/lib/jvm/jdk-14.0.1/bin/java -jar /lab/itti/projects/checkers-competition/server/referee.jar on run_16_bansalr_vdhankar #####
Move is valid
##### SUCCESS: /usr/lib/jvm/jdk-14.0.1/bin/java -jar /lab/itti/projects/checkers-competition/server/referee.jar on run_16_bansalr_vdhankar #####
INPUT for bansalr:
GAME
WHITE
299.92
.b.b.b.b
b.b.b.b.
.b.b.b..
........
...w....
w.w.w...
.w.w.b.w
w.w.w.w.
##### Running: /usr/bin/time -o time_16_bansalr_vdhankar.txt -f "%U" python3 homework.py > stulog.txt 2>&1 on bansalr #####
##### SUCCESS: /usr/bin/time -o time_16_bansalr_vdhankar.txt -f "%U" python3 homework.py > stulog.txt 2>&1 on bansalr #####
##### bansalr plays [J e1 g3] in 0.04s #####
##### Running: /usr/lib/jvm/jdk-14.0.1/bin/java -jar /lab/itti/projects/checkers-competition/server/referee.jar on run_16_bansalr_vdhankar #####
Move is valid
##### SUCCESS: /usr/lib/jvm/jdk-14.0.1/bin/java -jar /lab/itti/projects/checkers-competition/server/referee.jar on run_16_bansalr_vdhankar #####
INPUT for vdhankar:
GAME
BLACK
285.067443847656
.b.b.b.b
b.b.b.b.
.b.b.b..
........
...w....
w.w.w.w.
.w.w...w
w.w...w.
##### Running: /usr/bin/time -o time_16_bansalr_vdhankar.txt -f "%U" python3 homework.py > stulog.txt 2>&1 on vdhankar #####
child exited with value 1
##### ERROR: /usr/bin/time -o time_16_bansalr_vdhankar.txt -f "%U" python3 homework.py > stulog.txt 2>&1 on vdhankar #####
##### Output of failed program (stdout + stderr): #####
Traceback (most recent call last):
  File "homework.py", line 546, in <module>
    print(end-start)
NameError: name 'end' is not defined
##### End of output of failed program #####
##### vdhankar plays [E d6 c5] in 4.8255250453949s #####
##### Running: /usr/lib/jvm/jdk-14.0.1/bin/java -jar /lab/itti/projects/checkers-competition/server/referee.jar on run_16_bansalr_vdhankar #####
Move is valid
##### SUCCESS: /usr/lib/jvm/jdk-14.0.1/bin/java -jar /lab/itti/projects/checkers-competition/server/referee.jar on run_16_bansalr_vdhankar #####
INPUT for bansalr:
GAME
WHITE
299.88
.b.b.b.b
b.b.b.b.
.b...b..
..b.....
...w....
w.w.w.w.
.w.w...w
w.w...w.
##### Running: /usr/bin/time -o time_16_bansalr_vdhankar.txt -f "%U" python3 homework.py > stulog.txt 2>&1 on bansalr #####
##### SUCCESS: /usr/bin/time -o time_16_bansalr_vdhankar.txt -f "%U" python3 homework.py > stulog.txt 2>&1 on bansalr #####
##### bansalr plays [E g3 f4] in 3.79s #####
##### Running: /usr/lib/jvm/jdk-14.0.1/bin/java -jar /lab/itti/projects/checkers-competition/server/referee.jar on run_16_bansalr_vdhankar #####
Move is valid
##### SUCCESS: /usr/lib/jvm/jdk-14.0.1/bin/java -jar /lab/itti/projects/checkers-competition/server/referee.jar on run_16_bansalr_vdhankar #####
INPUT for vdhankar:
GAME
BLACK
280.241918802261
.b.b.b.b
b.b.b.b.
.b...b..
..b.....
...w.w..
w.w.w...
.w.w...w
w.w...w.
##### Running: /usr/bin/time -o time_16_bansalr_vdhankar.txt -f "%U" python3 homework.py > stulog.txt 2>&1 on vdhankar #####
child exited with value 1
##### ERROR: /usr/bin/time -o time_16_bansalr_vdhankar.txt -f "%U" python3 homework.py > stulog.txt 2>&1 on vdhankar #####
##### Output of failed program (stdout + stderr): #####
Traceback (most recent call last):
  File "homework.py", line 546, in <module>
    print(end-start)
NameError: name 'end' is not defined
##### End of output of failed program #####
##### vdhankar plays [E c7 d6] in 1.71671390533447s #####
##### Running: /usr/lib/jvm/jdk-14.0.1/bin/java -jar /lab/itti/projects/checkers-competition/server/referee.jar on run_16_bansalr_vdhankar #####
Move is valid
##### SUCCESS: /usr/lib/jvm/jdk-14.0.1/bin/java -jar /lab/itti/projects/checkers-competition/server/referee.jar on run_16_bansalr_vdhankar #####
INPUT for bansalr:
GAME
WHITE
296.09
.b.b.b.b
b...b.b.
.b.b.b..
..b.....
...w.w..
w.w.w...
.w.w...w
w.w...w.
##### Running: /usr/bin/time -o time_16_bansalr_vdhankar.txt -f "%U" python3 homework.py > stulog.txt 2>&1 on bansalr #####
##### SUCCESS: /usr/bin/time -o time_16_bansalr_vdhankar.txt -f "%U" python3 homework.py > stulog.txt 2>&1 on bansalr #####
##### bansalr plays [E h2 g3] in 3.8s #####
##### Running: /usr/lib/jvm/jdk-14.0.1/bin/java -jar /lab/itti/projects/checkers-competition/server/referee.jar on run_16_bansalr_vdhankar #####
Move is valid
##### SUCCESS: /usr/lib/jvm/jdk-14.0.1/bin/java -jar /lab/itti/projects/checkers-competition/server/referee.jar on run_16_bansalr_vdhankar #####
INPUT for vdhankar:
GAME
BLACK
278.525204896927
.b.b.b.b
b...b.b.
.b.b.b..
..b.....
...w.w..
w.w.w.w.
.w.w....
w.w...w.
##### Running: /usr/bin/time -o time_16_bansalr_vdhankar.txt -f "%U" python3 homework.py > stulog.txt 2>&1 on vdhankar #####
child exited with value 1
##### ERROR: /usr/bin/time -o time_16_bansalr_vdhankar.txt -f "%U" python3 homework.py > stulog.txt 2>&1 on vdhankar #####
##### Output of failed program (stdout + stderr): #####
Traceback (most recent call last):
  File "homework.py", line 546, in <module>
    print(end-start)
NameError: name 'end' is not defined
##### End of output of failed program #####
##### vdhankar plays [E f6 e5] in 3.1014609336853s #####
##### Running: /usr/lib/jvm/jdk-14.0.1/bin/java -jar /lab/itti/projects/checkers-competition/server/referee.jar on run_16_bansalr_vdhankar #####
Move is valid
##### SUCCESS: /usr/lib/jvm/jdk-14.0.1/bin/java -jar /lab/itti/projects/checkers-competition/server/referee.jar on run_16_bansalr_vdhankar #####
INPUT for bansalr:
GAME
WHITE
292.29
.b.b.b.b
b...b.b.
.b.b....
..b.b...
...w.w..
w.w.w.w.
.w.w....
w.w...w.
##### Running: /usr/bin/time -o time_16_bansalr_vdhankar.txt -f "%U" python3 homework.py > stulog.txt 2>&1 on bansalr #####
##### SUCCESS: /usr/bin/time -o time_16_bansalr_vdhankar.txt -f "%U" python3 homework.py > stulog.txt 2>&1 on bansalr #####
##### bansalr plays [J d4 f6] in 3.79s #####
##### Running: /usr/lib/jvm/jdk-14.0.1/bin/java -jar /lab/itti/projects/checkers-competition/server/referee.jar on run_16_bansalr_vdhankar #####
Move is valid
##### SUCCESS: /usr/lib/jvm/jdk-14.0.1/bin/java -jar /lab/itti/projects/checkers-competition/server/referee.jar on run_16_bansalr_vdhankar #####
INPUT for vdhankar:
GAME
BLACK
275.423743963242
.b.b.b.b
b...b.b.
.b.b.w..
..b.....
.....w..
w.w.w.w.
.w.w....
w.w...w.
##### Running: /usr/bin/time -o time_16_bansalr_vdhankar.txt -f "%U" python3 homework.py > stulog.txt 2>&1 on vdhankar #####
child exited with value 1
##### ERROR: /usr/bin/time -o time_16_bansalr_vdhankar.txt -f "%U" python3 homework.py > stulog.txt 2>&1 on vdhankar #####
##### Output of failed program (stdout + stderr): #####
Traceback (most recent call last):
  File "homework.py", line 546, in <module>
    print(end-start)
NameError: name 'end' is not defined
##### End of output of failed program #####
##### vdhankar plays [J g7 e5] in 5.19264197349548s #####
##### Running: /usr/lib/jvm/jdk-14.0.1/bin/java -jar /lab/itti/projects/checkers-competition/server/referee.jar on run_16_bansalr_vdhankar #####
Move is valid
##### SUCCESS: /usr/lib/jvm/jdk-14.0.1/bin/java -jar /lab/itti/projects/checkers-competition/server/referee.jar on run_16_bansalr_vdhankar #####
INPUT for bansalr:
GAME
WHITE
288.5
.b.b.b.b
b...b...
.b.b....
..b.b...
.....w..
w.w.w.w.
.w.w....
w.w...w.
##### Running: /usr/bin/time -o time_16_bansalr_vdhankar.txt -f "%U" python3 homework.py > stulog.txt 2>&1 on bansalr #####
##### SUCCESS: /usr/bin/time -o time_16_bansalr_vdhankar.txt -f "%U" python3 homework.py > stulog.txt 2>&1 on bansalr #####
##### bansalr plays [E f4 g5] in 3.8s #####
##### Running: /usr/lib/jvm/jdk-14.0.1/bin/java -jar /lab/itti/projects/checkers-competition/server/referee.jar on run_16_bansalr_vdhankar #####
Move is valid
##### SUCCESS: /usr/lib/jvm/jdk-14.0.1/bin/java -jar /lab/itti/projects/checkers-competition/server/referee.jar on run_16_bansalr_vdhankar #####
INPUT for vdhankar:
GAME
BLACK
270.231101989746
.b.b.b.b
b...b...
.b.b....
..b.b.w.
........
w.w.w.w.
.w.w....
w.w...w.
##### Running: /usr/bin/time -o time_16_bansalr_vdhankar.txt -f "%U" python3 homework.py > stulog.txt 2>&1 on vdhankar #####
child exited with value 1
##### ERROR: /usr/bin/time -o time_16_bansalr_vdhankar.txt -f "%U" python3 homework.py > stulog.txt 2>&1 on vdhankar #####
##### Output of failed program (stdout + stderr): #####
Traceback (most recent call last):
  File "homework.py", line 546, in <module>
    print(end-start)
NameError: name 'end' is not defined
##### End of output of failed program #####
##### vdhankar plays [E h8 g7] in 11.5081140995026s #####
##### Running: /usr/lib/jvm/jdk-14.0.1/bin/java -jar /lab/itti/projects/checkers-competition/server/referee.jar on run_16_bansalr_vdhankar #####
Move is valid
##### SUCCESS: /usr/lib/jvm/jdk-14.0.1/bin/java -jar /lab/itti/projects/checkers-competition/server/referee.jar on run_16_bansalr_vdhankar #####
INPUT for bansalr:
GAME
WHITE
284.7
.b.b.b..
b...b.b.
.b.b....
..b.b.w.
........
w.w.w.w.
.w.w....
w.w...w.
##### Running: /usr/bin/time -o time_16_bansalr_vdhankar.txt -f "%U" python3 homework.py > stulog.txt 2>&1 on bansalr #####
##### SUCCESS: /usr/bin/time -o time_16_bansalr_vdhankar.txt -f "%U" python3 homework.py > stulog.txt 2>&1 on bansalr #####
##### bansalr plays [E g5 f6] in 3.83s #####
##### Running: /usr/lib/jvm/jdk-14.0.1/bin/java -jar /lab/itti/projects/checkers-competition/server/referee.jar on run_16_bansalr_vdhankar #####
Move is valid
##### SUCCESS: /usr/lib/jvm/jdk-14.0.1/bin/java -jar /lab/itti/projects/checkers-competition/server/referee.jar on run_16_bansalr_vdhankar #####
INPUT for vdhankar:
GAME
BLACK
258.722987890244
.b.b.b..
b...b.b.
.b.b.w..
..b.b...
........
w.w.w.w.
.w.w....
w.w...w.
##### Running: /usr/bin/time -o time_16_bansalr_vdhankar.txt -f "%U" python3 homework.py > stulog.txt 2>&1 on vdhankar #####
child exited with value 1
##### ERROR: /usr/bin/time -o time_16_bansalr_vdhankar.txt -f "%U" python3 homework.py > stulog.txt 2>&1 on vdhankar #####
##### Output of failed program (stdout + stderr): #####
Traceback (most recent call last):
  File "homework.py", line 546, in <module>
    print(end-start)
NameError: name 'end' is not defined
##### End of output of failed program #####
##### vdhankar plays [J e7 g5] in 2.86620402336121s #####
##### Running: /usr/lib/jvm/jdk-14.0.1/bin/java -jar /lab/itti/projects/checkers-competition/server/referee.jar on run_16_bansalr_vdhankar #####
Move is valid
##### SUCCESS: /usr/lib/jvm/jdk-14.0.1/bin/java -jar /lab/itti/projects/checkers-competition/server/referee.jar on run_16_bansalr_vdhankar #####
INPUT for bansalr:
GAME
WHITE
280.87
.b.b.b..
b.....b.
.b.b....
..b.b.b.
........
w.w.w.w.
.w.w....
w.w...w.
##### Running: /usr/bin/time -o time_16_bansalr_vdhankar.txt -f "%U" python3 homework.py > stulog.txt 2>&1 on bansalr #####
##### SUCCESS: /usr/bin/time -o time_16_bansalr_vdhankar.txt -f "%U" python3 homework.py > stulog.txt 2>&1 on bansalr #####
##### bansalr plays [E e3 d4] in 3.74s #####
##### Running: /usr/lib/jvm/jdk-14.0.1/bin/java -jar /lab/itti/projects/checkers-competition/server/referee.jar on run_16_bansalr_vdhankar #####
Move is valid
##### SUCCESS: /usr/lib/jvm/jdk-14.0.1/bin/java -jar /lab/itti/projects/checkers-competition/server/referee.jar on run_16_bansalr_vdhankar #####
INPUT for vdhankar:
GAME
BLACK
255.856783866882
.b.b.b..
b.....b.
.b.b....
..b.b.b.
...w....
w.w...w.
.w.w....
w.w...w.
##### Running: /usr/bin/time -o time_16_bansalr_vdhankar.txt -f "%U" python3 homework.py > stulog.txt 2>&1 on vdhankar #####
child exited with value 1
##### ERROR: /usr/bin/time -o time_16_bansalr_vdhankar.txt -f "%U" python3 homework.py > stulog.txt 2>&1 on vdhankar #####
##### Output of failed program (stdout + stderr): #####
Traceback (most recent call last):
  File "homework.py", line 546, in <module>
    print(end-start)
NameError: name 'end' is not defined
##### End of output of failed program #####
##### vdhankar plays [J c5 e3] in 1.67395997047424s #####
##### Running: /usr/lib/jvm/jdk-14.0.1/bin/java -jar /lab/itti/projects/checkers-competition/server/referee.jar on run_16_bansalr_vdhankar #####
Move is valid
##### SUCCESS: /usr/lib/jvm/jdk-14.0.1/bin/java -jar /lab/itti/projects/checkers-competition/server/referee.jar on run_16_bansalr_vdhankar #####
INPUT for bansalr:
GAME
WHITE
277.13
.b.b.b..
b.....b.
.b.b....
....b.b.
........
w.w.b.w.
.w.w....
w.w...w.
##### Running: /usr/bin/time -o time_16_bansalr_vdhankar.txt -f "%U" python3 homework.py > stulog.txt 2>&1 on bansalr #####
##### SUCCESS: /usr/bin/time -o time_16_bansalr_vdhankar.txt -f "%U" python3 homework.py > stulog.txt 2>&1 on bansalr #####
##### bansalr plays [J d2 f4 ; J f4 h6] in 3.81s #####
##### Running: /usr/lib/jvm/jdk-14.0.1/bin/java -jar /lab/itti/projects/checkers-competition/server/referee.jar on run_16_bansalr_vdhankar #####
Move is valid
##### SUCCESS: /usr/lib/jvm/jdk-14.0.1/bin/java -jar /lab/itti/projects/checkers-competition/server/referee.jar on run_16_bansalr_vdhankar #####
INPUT for vdhankar:
GAME
BLACK
254.182823896408
.b.b.b..
b.....b.
.b.b...w
....b...
........
w.w...w.
.w......
w.w...w.
##### Running: /usr/bin/time -o time_16_bansalr_vdhankar.txt -f "%U" python3 homework.py > stulog.txt 2>&1 on vdhankar #####
child exited with value 1
##### ERROR: /usr/bin/time -o time_16_bansalr_vdhankar.txt -f "%U" python3 homework.py > stulog.txt 2>&1 on vdhankar #####
##### Output of failed program (stdout + stderr): #####
Traceback (most recent call last):
  File "homework.py", line 546, in <module>
    print(end-start)
NameError: name 'end' is not defined
##### End of output of failed program #####
##### vdhankar plays [E d6 c5] in 15.5865108966827s #####
##### Running: /usr/lib/jvm/jdk-14.0.1/bin/java -jar /lab/itti/projects/checkers-competition/server/referee.jar on run_16_bansalr_vdhankar #####
Move is valid
##### SUCCESS: /usr/lib/jvm/jdk-14.0.1/bin/java -jar /lab/itti/projects/checkers-competition/server/referee.jar on run_16_bansalr_vdhankar #####
INPUT for bansalr:
GAME
WHITE
273.32
.b.b.b..
b.....b.
.b.....w
..b.b...
........
w.w...w.
.w......
w.w...w.
##### Running: /usr/bin/time -o time_16_bansalr_vdhankar.txt -f "%U" python3 homework.py > stulog.txt 2>&1 on bansalr #####
##### SUCCESS: /usr/bin/time -o time_16_bansalr_vdhankar.txt -f "%U" python3 homework.py > stulog.txt 2>&1 on bansalr #####
##### bansalr plays [E c3 b4] in 3.83s #####
##### Running: /usr/lib/jvm/jdk-14.0.1/bin/java -jar /lab/itti/projects/checkers-competition/server/referee.jar on run_16_bansalr_vdhankar #####
Move is valid
##### SUCCESS: /usr/lib/jvm/jdk-14.0.1/bin/java -jar /lab/itti/projects/checkers-competition/server/referee.jar on run_16_bansalr_vdhankar #####
INPUT for vdhankar:
GAME
BLACK
238.596312999725
.b.b.b..
b.....b.
.b.....w
..b.b...
.w......
w.....w.
.w......
w.w...w.
##### Running: /usr/bin/time -o time_16_bansalr_vdhankar.txt -f "%U" python3 homework.py > stulog.txt 2>&1 on vdhankar #####
child exited with value 1
##### ERROR: /usr/bin/time -o time_16_bansalr_vdhankar.txt -f "%U" python3 homework.py > stulog.txt 2>&1 on vdhankar #####
##### Output of failed program (stdout + stderr): #####
Traceback (most recent call last):
  File "homework.py", line 546, in <module>
    print(end-start)
NameError: name 'end' is not defined
##### End of output of failed program #####
##### vdhankar plays [E c5 d4] in 3.23373198509216s #####
##### Running: /usr/lib/jvm/jdk-14.0.1/bin/java -jar /lab/itti/projects/checkers-competition/server/referee.jar on run_16_bansalr_vdhankar #####
Move is valid
##### SUCCESS: /usr/lib/jvm/jdk-14.0.1/bin/java -jar /lab/itti/projects/checkers-competition/server/referee.jar on run_16_bansalr_vdhankar #####
INPUT for bansalr:
GAME
WHITE
269.49
.b.b.b..
b.....b.
.b.....w
....b...
.w.b....
w.....w.
.w......
w.w...w.
##### Running: /usr/bin/time -o time_16_bansalr_vdhankar.txt -f "%U" python3 homework.py > stulog.txt 2>&1 on bansalr #####
##### SUCCESS: /usr/bin/time -o time_16_bansalr_vdhankar.txt -f "%U" python3 homework.py > stulog.txt 2>&1 on bansalr #####
##### bansalr plays [E b4 a5] in 3.83s #####
##### Running: /usr/lib/jvm/jdk-14.0.1/bin/java -jar /lab/itti/projects/checkers-competition/server/referee.jar on run_16_bansalr_vdhankar #####
Move is valid
##### SUCCESS: /usr/lib/jvm/jdk-14.0.1/bin/java -jar /lab/itti/projects/checkers-competition/server/referee.jar on run_16_bansalr_vdhankar #####
INPUT for vdhankar:
GAME
BLACK
235.362581014633
.b.b.b..
b.....b.
.b.....w
w...b...
...b....
w.....w.
.w......
w.w...w.
##### Running: /usr/bin/time -o time_16_bansalr_vdhankar.txt -f "%U" python3 homework.py > stulog.txt 2>&1 on vdhankar #####
child exited with value 1
##### ERROR: /usr/bin/time -o time_16_bansalr_vdhankar.txt -f "%U" python3 homework.py > stulog.txt 2>&1 on vdhankar #####
##### Output of failed program (stdout + stderr): #####
Traceback (most recent call last):
  File "homework.py", line 546, in <module>
    print(end-start)
NameError: name 'end' is not defined
##### End of output of failed program #####
##### vdhankar plays [E b6 c5] in 4.23552489280701s #####
##### Running: /usr/lib/jvm/jdk-14.0.1/bin/java -jar /lab/itti/projects/checkers-competition/server/referee.jar on run_16_bansalr_vdhankar #####
Move is valid
##### SUCCESS: /usr/lib/jvm/jdk-14.0.1/bin/java -jar /lab/itti/projects/checkers-competition/server/referee.jar on run_16_bansalr_vdhankar #####
INPUT for bansalr:
GAME
WHITE
265.66
.b.b.b..
b.....b.
.......w
w.b.b...
...b....
w.....w.
.w......
w.w...w.
##### Running: /usr/bin/time -o time_16_bansalr_vdhankar.txt -f "%U" python3 homework.py > stulog.txt 2>&1 on bansalr #####
##### SUCCESS: /usr/bin/time -o time_16_bansalr_vdhankar.txt -f "%U" python3 homework.py > stulog.txt 2>&1 on bansalr #####
##### bansalr plays [E g3 h4] in 3.82s #####
##### Running: /usr/lib/jvm/jdk-14.0.1/bin/java -jar /lab/itti/projects/checkers-competition/server/referee.jar on run_16_bansalr_vdhankar #####
Move is valid
##### SUCCESS: /usr/lib/jvm/jdk-14.0.1/bin/java -jar /lab/itti/projects/checkers-competition/server/referee.jar on run_16_bansalr_vdhankar #####
INPUT for vdhankar:
GAME
BLACK
231.127056121826
.b.b.b..
b.....b.
.......w
w.b.b...
...b...w
w.......
.w......
w.w...w.
##### Running: /usr/bin/time -o time_16_bansalr_vdhankar.txt -f "%U" python3 homework.py > stulog.txt 2>&1 on vdhankar #####
child exited with value 1
##### ERROR: /usr/bin/time -o time_16_bansalr_vdhankar.txt -f "%U" python3 homework.py > stulog.txt 2>&1 on vdhankar #####
##### Output of failed program (stdout + stderr): #####
Traceback (most recent call last):
  File "homework.py", line 546, in <module>
    print(end-start)
NameError: name 'end' is not defined
##### End of output of failed program #####
##### vdhankar plays [E d4 e3] in 5.55168199539185s #####
##### Running: /usr/lib/jvm/jdk-14.0.1/bin/java -jar /lab/itti/projects/checkers-competition/server/referee.jar on run_16_bansalr_vdhankar #####
Move is valid
##### SUCCESS: /usr/lib/jvm/jdk-14.0.1/bin/java -jar /lab/itti/projects/checkers-competition/server/referee.jar on run_16_bansalr_vdhankar #####
INPUT for bansalr:
GAME
WHITE
261.84
.b.b.b..
b.....b.
.......w
w.b.b...
.......w
w...b...
.w......
w.w...w.
##### Running: /usr/bin/time -o time_16_bansalr_vdhankar.txt -f "%U" python3 homework.py > stulog.txt 2>&1 on bansalr #####
##### SUCCESS: /usr/bin/time -o time_16_bansalr_vdhankar.txt -f "%U" python3 homework.py > stulog.txt 2>&1 on bansalr #####
##### bansalr plays [E h4 g5] in 3.84s #####
##### Running: /usr/lib/jvm/jdk-14.0.1/bin/java -jar /lab/itti/projects/checkers-competition/server/referee.jar on run_16_bansalr_vdhankar #####
Move is valid
##### SUCCESS: /usr/lib/jvm/jdk-14.0.1/bin/java -jar /lab/itti/projects/checkers-competition/server/referee.jar on run_16_bansalr_vdhankar #####
INPUT for vdhankar:
GAME
BLACK
225.575374126434
.b.b.b..
b.....b.
.......w
w.b.b.w.
........
w...b...
.w......
w.w...w.
##### Running: /usr/bin/time -o time_16_bansalr_vdhankar.txt -f "%U" python3 homework.py > stulog.txt 2>&1 on vdhankar #####
child exited with value 1
##### ERROR: /usr/bin/time -o time_16_bansalr_vdhankar.txt -f "%U" python3 homework.py > stulog.txt 2>&1 on vdhankar #####
##### Output of failed program (stdout + stderr): #####
Traceback (most recent call last):
  File "homework.py", line 546, in <module>
    print(end-start)
NameError: name 'end' is not defined
##### End of output of failed program #####
##### vdhankar plays [E e5 f4] in 5.46374702453613s #####
##### Running: /usr/lib/jvm/jdk-14.0.1/bin/java -jar /lab/itti/projects/checkers-competition/server/referee.jar on run_16_bansalr_vdhankar #####
Move is valid
##### SUCCESS: /usr/lib/jvm/jdk-14.0.1/bin/java -jar /lab/itti/projects/checkers-competition/server/referee.jar on run_16_bansalr_vdhankar #####
INPUT for bansalr:
GAME
WHITE
258
.b.b.b..
b.....b.
.......w
w.b...w.
.....b..
w...b...
.w......
w.w...w.
##### Running: /usr/bin/time -o time_16_bansalr_vdhankar.txt -f "%U" python3 homework.py > stulog.txt 2>&1 on bansalr #####
##### SUCCESS: /usr/bin/time -o time_16_bansalr_vdhankar.txt -f "%U" python3 homework.py > stulog.txt 2>&1 on bansalr #####
##### bansalr plays [E a5 b6] in 3.85s #####
##### Running: /usr/lib/jvm/jdk-14.0.1/bin/java -jar /lab/itti/projects/checkers-competition/server/referee.jar on run_16_bansalr_vdhankar #####
Move is valid
##### SUCCESS: /usr/lib/jvm/jdk-14.0.1/bin/java -jar /lab/itti/projects/checkers-competition/server/referee.jar on run_16_bansalr_vdhankar #####
INPUT for vdhankar:
GAME
BLACK
220.111627101898
.b.b.b..
b.....b.
.w.....w
..b...w.
.....b..
w...b...
.w......
w.w...w.
##### Running: /usr/bin/time -o time_16_bansalr_vdhankar.txt -f "%U" python3 homework.py > stulog.txt 2>&1 on vdhankar #####
child exited with value 1
##### ERROR: /usr/bin/time -o time_16_bansalr_vdhankar.txt -f "%U" python3 homework.py > stulog.txt 2>&1 on vdhankar #####
##### Output of failed program (stdout + stderr): #####
Traceback (most recent call last):
  File "homework.py", line 546, in <module>
    print(end-start)
NameError: name 'end' is not defined
##### End of output of failed program #####
##### vdhankar plays [E e3 d2] in 1.77480888366699s #####
##### Running: /usr/lib/jvm/jdk-14.0.1/bin/java -jar /lab/itti/projects/checkers-competition/server/referee.jar on run_16_bansalr_vdhankar #####
Move is valid
##### SUCCESS: /usr/lib/jvm/jdk-14.0.1/bin/java -jar /lab/itti/projects/checkers-competition/server/referee.jar on run_16_bansalr_vdhankar #####
INPUT for bansalr:
GAME
WHITE
254.15
.b.b.b..
b.....b.
.w.....w
..b...w.
.....b..
w.......
.w.b....
w.w...w.
##### Running: /usr/bin/time -o time_16_bansalr_vdhankar.txt -f "%U" python3 homework.py > stulog.txt 2>&1 on bansalr #####
##### SUCCESS: /usr/bin/time -o time_16_bansalr_vdhankar.txt -f "%U" python3 homework.py > stulog.txt 2>&1 on bansalr #####
##### bansalr plays [J c1 e3] in 2.01s #####
##### Running: /usr/lib/jvm/jdk-14.0.1/bin/java -jar /lab/itti/projects/checkers-competition/server/referee.jar on run_16_bansalr_vdhankar #####
Move is valid
##### SUCCESS: /usr/lib/jvm/jdk-14.0.1/bin/java -jar /lab/itti/projects/checkers-competition/server/referee.jar on run_16_bansalr_vdhankar #####
INPUT for vdhankar:
GAME
BLACK
218.336818218231
.b.b.b..
b.....b.
.w.....w
..b...w.
.....b..
w...w...
.w......
w.....w.
##### Running: /usr/bin/time -o time_16_bansalr_vdhankar.txt -f "%U" python3 homework.py > stulog.txt 2>&1 on vdhankar #####
child exited with value 1
##### ERROR: /usr/bin/time -o time_16_bansalr_vdhankar.txt -f "%U" python3 homework.py > stulog.txt 2>&1 on vdhankar #####
##### Output of failed program (stdout + stderr): #####
Traceback (most recent call last):
  File "homework.py", line 546, in <module>
    print(end-start)
NameError: name 'end' is not defined
##### End of output of failed program #####
##### vdhankar plays [J f4 d2] in 1.11094212532043s #####
##### Running: /usr/lib/jvm/jdk-14.0.1/bin/java -jar /lab/itti/projects/checkers-competition/server/referee.jar on run_16_bansalr_vdhankar #####
Move is valid
##### SUCCESS: /usr/lib/jvm/jdk-14.0.1/bin/java -jar /lab/itti/projects/checkers-competition/server/referee.jar on run_16_bansalr_vdhankar #####
INPUT for bansalr:
GAME
WHITE
252.14
.b.b.b..
b.....b.
.w.....w
..b...w.
........
w.......
.w.b....
w.....w.
##### Running: /usr/bin/time -o time_16_bansalr_vdhankar.txt -f "%U" python3 homework.py > stulog.txt 2>&1 on bansalr #####
##### SUCCESS: /usr/bin/time -o time_16_bansalr_vdhankar.txt -f "%U" python3 homework.py > stulog.txt 2>&1 on bansalr #####
##### bansalr plays [E b6 c7] in 4.11s #####
##### Running: /usr/lib/jvm/jdk-14.0.1/bin/java -jar /lab/itti/projects/checkers-competition/server/referee.jar on run_16_bansalr_vdhankar #####
Move is valid
##### SUCCESS: /usr/lib/jvm/jdk-14.0.1/bin/java -jar /lab/itti/projects/checkers-competition/server/referee.jar on run_16_bansalr_vdhankar #####
INPUT for vdhankar:
GAME
BLACK
217.225876092911
.b.b.b..
b.w...b.
.......w
..b...w.
........
w.......
.w.b....
w.....w.
##### Running: /usr/bin/time -o time_16_bansalr_vdhankar.txt -f "%U" python3 homework.py > stulog.txt 2>&1 on vdhankar #####
child exited with value 1
##### ERROR: /usr/bin/time -o time_16_bansalr_vdhankar.txt -f "%U" python3 homework.py > stulog.txt 2>&1 on vdhankar #####
##### Output of failed program (stdout + stderr): #####
Traceback (most recent call last):
  File "homework.py", line 546, in <module>
    print(end-start)
NameError: name 'end' is not defined
##### End of output of failed program #####
##### vdhankar plays [J d8 b6] in 2.63537502288818s #####
##### Running: /usr/lib/jvm/jdk-14.0.1/bin/java -jar /lab/itti/projects/checkers-competition/server/referee.jar on run_16_bansalr_vdhankar #####
Move is valid
##### SUCCESS: /usr/lib/jvm/jdk-14.0.1/bin/java -jar /lab/itti/projects/checkers-competition/server/referee.jar on run_16_bansalr_vdhankar #####
INPUT for bansalr:
GAME
WHITE
248.03
.b...b..
b.....b.
.b.....w
..b...w.
........
w.......
.w.b....
w.....w.
##### Running: /usr/bin/time -o time_16_bansalr_vdhankar.txt -f "%U" python3 homework.py > stulog.txt 2>&1 on bansalr #####
##### SUCCESS: /usr/bin/time -o time_16_bansalr_vdhankar.txt -f "%U" python3 homework.py > stulog.txt 2>&1 on bansalr #####
##### bansalr plays [E b2 c3] in 3.94s #####
##### Running: /usr/lib/jvm/jdk-14.0.1/bin/java -jar /lab/itti/projects/checkers-competition/server/referee.jar on run_16_bansalr_vdhankar #####
Move is valid
##### SUCCESS: /usr/lib/jvm/jdk-14.0.1/bin/java -jar /lab/itti/projects/checkers-competition/server/referee.jar on run_16_bansalr_vdhankar #####
INPUT for vdhankar:
GAME
BLACK
214.590501070023
.b...b..
b.....b.
.b.....w
..b...w.
........
w.w.....
...b....
w.....w.
##### Running: /usr/bin/time -o time_16_bansalr_vdhankar.txt -f "%U" python3 homework.py > stulog.txt 2>&1 on vdhankar #####
child exited with value 1
##### ERROR: /usr/bin/time -o time_16_bansalr_vdhankar.txt -f "%U" python3 homework.py > stulog.txt 2>&1 on vdhankar #####
##### Output of failed program (stdout + stderr): #####
Traceback (most recent call last):
  File "homework.py", line 546, in <module>
    print(end-start)
NameError: name 'end' is not defined
##### End of output of failed program #####
##### vdhankar plays [E b6 a5] in 4.02743983268738s #####
##### Running: /usr/lib/jvm/jdk-14.0.1/bin/java -jar /lab/itti/projects/checkers-competition/server/referee.jar on run_16_bansalr_vdhankar #####
Move is valid
##### SUCCESS: /usr/lib/jvm/jdk-14.0.1/bin/java -jar /lab/itti/projects/checkers-competition/server/referee.jar on run_16_bansalr_vdhankar #####
INPUT for bansalr:
GAME
WHITE
244.09
.b...b..
b.....b.
.......w
b.b...w.
........
w.w.....
...b....
w.....w.
##### Running: /usr/bin/time -o time_16_bansalr_vdhankar.txt -f "%U" python3 homework.py > stulog.txt 2>&1 on bansalr #####
##### SUCCESS: /usr/bin/time -o time_16_bansalr_vdhankar.txt -f "%U" python3 homework.py > stulog.txt 2>&1 on bansalr #####
##### bansalr plays [E g5 f6] in 4.12s #####
##### Running: /usr/lib/jvm/jdk-14.0.1/bin/java -jar /lab/itti/projects/checkers-competition/server/referee.jar on run_16_bansalr_vdhankar #####
Move is valid
##### SUCCESS: /usr/lib/jvm/jdk-14.0.1/bin/java -jar /lab/itti/projects/checkers-competition/server/referee.jar on run_16_bansalr_vdhankar #####
INPUT for vdhankar:
GAME
BLACK
210.563061237335
.b...b..
b.....b.
.....w.w
b.b.....
........
w.w.....
...b....
w.....w.
##### Running: /usr/bin/time -o time_16_bansalr_vdhankar.txt -f "%U" python3 homework.py > stulog.txt 2>&1 on vdhankar #####
child exited with value 1
##### ERROR: /usr/bin/time -o time_16_bansalr_vdhankar.txt -f "%U" python3 homework.py > stulog.txt 2>&1 on vdhankar #####
##### Output of failed program (stdout + stderr): #####
Traceback (most recent call last):
  File "homework.py", line 546, in <module>
    print(end-start)
NameError: name 'end' is not defined
##### End of output of failed program #####
##### vdhankar plays [J g7 e5] in 1.78590989112854s #####
##### Running: /usr/lib/jvm/jdk-14.0.1/bin/java -jar /lab/itti/projects/checkers-competition/server/referee.jar on run_16_bansalr_vdhankar #####
Move is valid
##### SUCCESS: /usr/lib/jvm/jdk-14.0.1/bin/java -jar /lab/itti/projects/checkers-competition/server/referee.jar on run_16_bansalr_vdhankar #####
INPUT for bansalr:
GAME
WHITE
239.97
.b...b..
b.......
.......w
b.b.b...
........
w.w.....
...b....
w.....w.
##### Running: /usr/bin/time -o time_16_bansalr_vdhankar.txt -f "%U" python3 homework.py > stulog.txt 2>&1 on bansalr #####
##### SUCCESS: /usr/bin/time -o time_16_bansalr_vdhankar.txt -f "%U" python3 homework.py > stulog.txt 2>&1 on bansalr #####
##### bansalr plays [E a1 b2] in 4.11s #####
##### Running: /usr/lib/jvm/jdk-14.0.1/bin/java -jar /lab/itti/projects/checkers-competition/server/referee.jar on run_16_bansalr_vdhankar #####
Move is valid
##### SUCCESS: /usr/lib/jvm/jdk-14.0.1/bin/java -jar /lab/itti/projects/checkers-competition/server/referee.jar on run_16_bansalr_vdhankar #####
INPUT for vdhankar:
GAME
BLACK
208.777151346207
.b...b..
b.......
.......w
b.b.b...
........
w.w.....
.w.b....
......w.
##### Running: /usr/bin/time -o time_16_bansalr_vdhankar.txt -f "%U" python3 homework.py > stulog.txt 2>&1 on vdhankar #####
child exited with value 1
##### ERROR: /usr/bin/time -o time_16_bansalr_vdhankar.txt -f "%U" python3 homework.py > stulog.txt 2>&1 on vdhankar #####
##### Output of failed program (stdout + stderr): #####
Traceback (most recent call last):
  File "homework.py", line 546, in <module>
    print(end-start)
NameError: name 'end' is not defined
##### End of output of failed program #####
##### vdhankar plays [E d2 e1] in 4.49259614944458s #####
##### Running: /usr/lib/jvm/jdk-14.0.1/bin/java -jar /lab/itti/projects/checkers-competition/server/referee.jar on run_16_bansalr_vdhankar #####
Move is valid
##### SUCCESS: /usr/lib/jvm/jdk-14.0.1/bin/java -jar /lab/itti/projects/checkers-competition/server/referee.jar on run_16_bansalr_vdhankar #####
INPUT for bansalr:
GAME
WHITE
235.86
.b...b..
b.......
.......w
b.b.b...
........
w.w.....
.w......
....B.w.
##### Running: /usr/bin/time -o time_16_bansalr_vdhankar.txt -f "%U" python3 homework.py > stulog.txt 2>&1 on bansalr #####
##### SUCCESS: /usr/bin/time -o time_16_bansalr_vdhankar.txt -f "%U" python3 homework.py > stulog.txt 2>&1 on bansalr #####
##### bansalr plays [E h6 g7] in 4.11s #####
##### Running: /usr/lib/jvm/jdk-14.0.1/bin/java -jar /lab/itti/projects/checkers-competition/server/referee.jar on run_16_bansalr_vdhankar #####
Move is valid
##### SUCCESS: /usr/lib/jvm/jdk-14.0.1/bin/java -jar /lab/itti/projects/checkers-competition/server/referee.jar on run_16_bansalr_vdhankar #####
INPUT for vdhankar:
GAME
BLACK
204.284555196762
.b...b..
b.....w.
........
b.b.b...
........
w.w.....
.w......
....B.w.
##### Running: /usr/bin/time -o time_16_bansalr_vdhankar.txt -f "%U" python3 homework.py > stulog.txt 2>&1 on vdhankar #####
child exited with value 1
##### ERROR: /usr/bin/time -o time_16_bansalr_vdhankar.txt -f "%U" python3 homework.py > stulog.txt 2>&1 on vdhankar #####
##### Output of failed program (stdout + stderr): #####
Traceback (most recent call last):
  File "homework.py", line 546, in <module>
    print(end-start)
NameError: name 'end' is not defined
##### End of output of failed program #####
##### vdhankar plays [J f8 h6] in 0.674793004989624s #####
##### Running: /usr/lib/jvm/jdk-14.0.1/bin/java -jar /lab/itti/projects/checkers-competition/server/referee.jar on run_16_bansalr_vdhankar #####
Move is valid
##### SUCCESS: /usr/lib/jvm/jdk-14.0.1/bin/java -jar /lab/itti/projects/checkers-competition/server/referee.jar on run_16_bansalr_vdhankar #####
INPUT for bansalr:
GAME
WHITE
231.75
.b......
b.......
.......b
b.b.b...
........
w.w.....
.w......
....B.w.
##### Running: /usr/bin/time -o time_16_bansalr_vdhankar.txt -f "%U" python3 homework.py > stulog.txt 2>&1 on bansalr #####
##### SUCCESS: /usr/bin/time -o time_16_bansalr_vdhankar.txt -f "%U" python3 homework.py > stulog.txt 2>&1 on bansalr #####
##### bansalr plays [E a3 b4] in 4.12s #####
##### Running: /usr/lib/jvm/jdk-14.0.1/bin/java -jar /lab/itti/projects/checkers-competition/server/referee.jar on run_16_bansalr_vdhankar #####
Move is valid
##### SUCCESS: /usr/lib/jvm/jdk-14.0.1/bin/java -jar /lab/itti/projects/checkers-competition/server/referee.jar on run_16_bansalr_vdhankar #####
INPUT for vdhankar:
GAME
BLACK
203.609762191772
.b......
b.......
.......b
b.b.b...
.w......
..w.....
.w......
....B.w.
##### Running: /usr/bin/time -o time_16_bansalr_vdhankar.txt -f "%U" python3 homework.py > stulog.txt 2>&1 on vdhankar #####
child exited with value 1
##### ERROR: /usr/bin/time -o time_16_bansalr_vdhankar.txt -f "%U" python3 homework.py > stulog.txt 2>&1 on vdhankar #####
##### Output of failed program (stdout + stderr): #####
Traceback (most recent call last):
  File "homework.py", line 546, in <module>
    print(end-start)
NameError: name 'end' is not defined
##### End of output of failed program #####
##### vdhankar plays [J c5 a3 ; J a3 c1] in 0.505637884140015s #####
##### Running: /usr/lib/jvm/jdk-14.0.1/bin/java -jar /lab/itti/projects/checkers-competition/server/referee.jar on run_16_bansalr_vdhankar #####
Move is valid
##### SUCCESS: /usr/lib/jvm/jdk-14.0.1/bin/java -jar /lab/itti/projects/checkers-competition/server/referee.jar on run_16_bansalr_vdhankar #####
INPUT for bansalr:
GAME
WHITE
227.63
.b......
b.......
.......b
b...b...
........
..w.....
........
..B.B.w.
##### Running: /usr/bin/time -o time_16_bansalr_vdhankar.txt -f "%U" python3 homework.py > stulog.txt 2>&1 on bansalr #####
##### SUCCESS: /usr/bin/time -o time_16_bansalr_vdhankar.txt -f "%U" python3 homework.py > stulog.txt 2>&1 on bansalr #####
##### bansalr plays [E c3 b4] in 2.46s #####
##### Running: /usr/lib/jvm/jdk-14.0.1/bin/java -jar /lab/itti/projects/checkers-competition/server/referee.jar on run_16_bansalr_vdhankar #####
Move is valid
##### SUCCESS: /usr/lib/jvm/jdk-14.0.1/bin/java -jar /lab/itti/projects/checkers-competition/server/referee.jar on run_16_bansalr_vdhankar #####
INPUT for vdhankar:
GAME
BLACK
203.104124307632
.b......
b.......
.......b
b...b...
.w......
........
........
..B.B.w.
##### Running: /usr/bin/time -o time_16_bansalr_vdhankar.txt -f "%U" python3 homework.py > stulog.txt 2>&1 on vdhankar #####
child exited with value 1
##### ERROR: /usr/bin/time -o time_16_bansalr_vdhankar.txt -f "%U" python3 homework.py > stulog.txt 2>&1 on vdhankar #####
##### Output of failed program (stdout + stderr): #####
Traceback (most recent call last):
  File "homework.py", line 546, in <module>
    print(end-start)
NameError: name 'end' is not defined
##### End of output of failed program #####
##### vdhankar plays [J a5 c3] in 0.297497034072876s #####
##### Running: /usr/lib/jvm/jdk-14.0.1/bin/java -jar /lab/itti/projects/checkers-competition/server/referee.jar on run_16_bansalr_vdhankar #####
Move is valid
##### SUCCESS: /usr/lib/jvm/jdk-14.0.1/bin/java -jar /lab/itti/projects/checkers-competition/server/referee.jar on run_16_bansalr_vdhankar #####
INPUT for bansalr:
GAME
WHITE
225.17
.b......
b.......
.......b
....b...
........
..b.....
........
..B.B.w.
##### Running: /usr/bin/time -o time_16_bansalr_vdhankar.txt -f "%U" python3 homework.py > stulog.txt 2>&1 on bansalr #####
##### SUCCESS: /usr/bin/time -o time_16_bansalr_vdhankar.txt -f "%U" python3 homework.py > stulog.txt 2>&1 on bansalr #####
##### bansalr plays [E g1 f2] in 0.68s #####
##### Running: /usr/lib/jvm/jdk-14.0.1/bin/java -jar /lab/itti/projects/checkers-competition/server/referee.jar on run_16_bansalr_vdhankar #####
Move is valid
##### SUCCESS: /usr/lib/jvm/jdk-14.0.1/bin/java -jar /lab/itti/projects/checkers-competition/server/referee.jar on run_16_bansalr_vdhankar #####
INPUT for vdhankar:
GAME
BLACK
202.80662727356
.b......
b.......
.......b
....b...
........
..b.....
.....w..
..B.B...
##### Running: /usr/bin/time -o time_16_bansalr_vdhankar.txt -f "%U" python3 homework.py > stulog.txt 2>&1 on vdhankar #####
child exited with value 1
##### ERROR: /usr/bin/time -o time_16_bansalr_vdhankar.txt -f "%U" python3 homework.py > stulog.txt 2>&1 on vdhankar #####
##### Output of failed program (stdout + stderr): #####
Traceback (most recent call last):
  File "homework.py", line 546, in <module>
    print(end-start)
NameError: name 'end' is not defined
##### End of output of failed program #####
##### vdhankar plays [J e1 g3] in 0.187930107116699s #####
##### Running: /usr/lib/jvm/jdk-14.0.1/bin/java -jar /lab/itti/projects/checkers-competition/server/referee.jar on run_16_bansalr_vdhankar #####
Move is valid
After this move, player WHITE cannot make any moves
*** Winner: BLACK ***
##### SUCCESS: /usr/lib/jvm/jdk-14.0.1/bin/java -jar /lab/itti/projects/checkers-competition/server/referee.jar on run_16_bansalr_vdhankar #####
##### GAME OVER: vdhankar wins the game! #####
Server said: WIN
########## ROUND 16 GAMESCORE AFTER GAME 3: bansalr=2 and vdhankar=1 ##########
#################### ROUND 16: bansalr (B) vs vdhankar (W): game 4 ####################
##### game start! #####
INPUT for bansalr:
GAME
BLACK
300
.b.b.b.b
b.b.b.b.
.b.b.b.b
........
........
w.w.w.w.
.w.w.w.w
w.w.w.w.
##### Running: /usr/bin/time -o time_16_bansalr_vdhankar.txt -f "%U" python3 homework.py > stulog.txt 2>&1 on bansalr #####
##### SUCCESS: /usr/bin/time -o time_16_bansalr_vdhankar.txt -f "%U" python3 homework.py > stulog.txt 2>&1 on bansalr #####
##### bansalr plays [E b6 a5] in 0.04s #####
##### Running: /usr/lib/jvm/jdk-14.0.1/bin/java -jar /lab/itti/projects/checkers-competition/server/referee.jar on run_16_bansalr_vdhankar #####
Move is valid
Couldn't read file 'current_ply.txt'
Couldn't read content from file 'current_ply.txt'
Couldn't read file 'lastmatchange_ply.txt'
Couldn't read content from file 'lastmatchange_ply.txt'
##### SUCCESS: /usr/lib/jvm/jdk-14.0.1/bin/java -jar /lab/itti/projects/checkers-competition/server/referee.jar on run_16_bansalr_vdhankar #####
INPUT for vdhankar:
GAME
WHITE
300
.b.b.b.b
b.b.b.b.
...b.b.b
b.......
........
w.w.w.w.
.w.w.w.w
w.w.w.w.
##### Running: /usr/bin/time -o time_16_bansalr_vdhankar.txt -f "%U" python3 homework.py > stulog.txt 2>&1 on vdhankar #####
child exited with value 1
##### ERROR: /usr/bin/time -o time_16_bansalr_vdhankar.txt -f "%U" python3 homework.py > stulog.txt 2>&1 on vdhankar #####
##### Output of failed program (stdout + stderr): #####
Traceback (most recent call last):
  File "homework.py", line 546, in <module>
    print(end-start)
NameError: name 'end' is not defined
##### End of output of failed program #####
##### vdhankar plays [E g3 h4] in 7.2332968711853s #####
##### Running: /usr/lib/jvm/jdk-14.0.1/bin/java -jar /lab/itti/projects/checkers-competition/server/referee.jar on run_16_bansalr_vdhankar #####
Move is valid
##### SUCCESS: /usr/lib/jvm/jdk-14.0.1/bin/java -jar /lab/itti/projects/checkers-competition/server/referee.jar on run_16_bansalr_vdhankar #####
INPUT for bansalr:
GAME
BLACK
299.96
.b.b.b.b
b.b.b.b.
...b.b.b
b.......
.......w
w.w.w...
.w.w.w.w
w.w.w.w.
##### Running: /usr/bin/time -o time_16_bansalr_vdhankar.txt -f "%U" python3 homework.py > stulog.txt 2>&1 on bansalr #####
##### SUCCESS: /usr/bin/time -o time_16_bansalr_vdhankar.txt -f "%U" python3 homework.py > stulog.txt 2>&1 on bansalr #####
##### bansalr plays [E h6 g5] in 0.04s #####
##### Running: /usr/lib/jvm/jdk-14.0.1/bin/java -jar /lab/itti/projects/checkers-competition/server/referee.jar on run_16_bansalr_vdhankar #####
Move is valid
##### SUCCESS: /usr/lib/jvm/jdk-14.0.1/bin/java -jar /lab/itti/projects/checkers-competition/server/referee.jar on run_16_bansalr_vdhankar #####
INPUT for vdhankar:
GAME
WHITE
292.766703128815
.b.b.b.b
b.b.b.b.
...b.b..
b.....b.
.......w
w.w.w...
.w.w.w.w
w.w.w.w.
##### Running: /usr/bin/time -o time_16_bansalr_vdhankar.txt -f "%U" python3 homework.py > stulog.txt 2>&1 on vdhankar #####
child exited with value 1
##### ERROR: /usr/bin/time -o time_16_bansalr_vdhankar.txt -f "%U" python3 homework.py > stulog.txt 2>&1 on vdhankar #####
##### Output of failed program (stdout + stderr): #####
Traceback (most recent call last):
  File "homework.py", line 546, in <module>
    print(end-start)
NameError: name 'end' is not defined
##### End of output of failed program #####
##### vdhankar plays [E h2 g3] in 7.35860896110535s #####
##### Running: /usr/lib/jvm/jdk-14.0.1/bin/java -jar /lab/itti/projects/checkers-competition/server/referee.jar on run_16_bansalr_vdhankar #####
Move is valid
##### SUCCESS: /usr/lib/jvm/jdk-14.0.1/bin/java -jar /lab/itti/projects/checkers-competition/server/referee.jar on run_16_bansalr_vdhankar #####
INPUT for bansalr:
GAME
BLACK
299.92
.b.b.b.b
b.b.b.b.
...b.b..
b.....b.
.......w
w.w.w.w.
.w.w.w..
w.w.w.w.
##### Running: /usr/bin/time -o time_16_bansalr_vdhankar.txt -f "%U" python3 homework.py > stulog.txt 2>&1 on bansalr #####
##### SUCCESS: /usr/bin/time -o time_16_bansalr_vdhankar.txt -f "%U" python3 homework.py > stulog.txt 2>&1 on bansalr #####
##### bansalr plays [E g5 f4] in 0.07s #####
##### Running: /usr/lib/jvm/jdk-14.0.1/bin/java -jar /lab/itti/projects/checkers-competition/server/referee.jar on run_16_bansalr_vdhankar #####
Move is valid
##### SUCCESS: /usr/lib/jvm/jdk-14.0.1/bin/java -jar /lab/itti/projects/checkers-competition/server/referee.jar on run_16_bansalr_vdhankar #####
INPUT for vdhankar:
GAME
WHITE
285.408094167709
.b.b.b.b
b.b.b.b.
...b.b..
b.......
.....b.w
w.w.w.w.
.w.w.w..
w.w.w.w.
##### Running: /usr/bin/time -o time_16_bansalr_vdhankar.txt -f "%U" python3 homework.py > stulog.txt 2>&1 on vdhankar #####
child exited with value 1
##### ERROR: /usr/bin/time -o time_16_bansalr_vdhankar.txt -f "%U" python3 homework.py > stulog.txt 2>&1 on vdhankar #####
##### Output of failed program (stdout + stderr): #####
Traceback (most recent call last):
  File "homework.py", line 546, in <module>
    print(end-start)
NameError: name 'end' is not defined
##### End of output of failed program #####
##### vdhankar plays [J e3 g5] in 3.1571831703186s #####
##### Running: /usr/lib/jvm/jdk-14.0.1/bin/java -jar /lab/itti/projects/checkers-competition/server/referee.jar on run_16_bansalr_vdhankar #####
Move is valid
##### SUCCESS: /usr/lib/jvm/jdk-14.0.1/bin/java -jar /lab/itti/projects/checkers-competition/server/referee.jar on run_16_bansalr_vdhankar #####
INPUT for bansalr:
GAME
BLACK
299.85
.b.b.b.b
b.b.b.b.
...b.b..
b.....w.
.......w
w.w...w.
.w.w.w..
w.w.w.w.
##### Running: /usr/bin/time -o time_16_bansalr_vdhankar.txt -f "%U" python3 homework.py > stulog.txt 2>&1 on bansalr #####
##### SUCCESS: /usr/bin/time -o time_16_bansalr_vdhankar.txt -f "%U" python3 homework.py > stulog.txt 2>&1 on bansalr #####
##### bansalr plays [E a7 b6] in 3.78s #####
##### Running: /usr/lib/jvm/jdk-14.0.1/bin/java -jar /lab/itti/projects/checkers-competition/server/referee.jar on run_16_bansalr_vdhankar #####
Move is valid
##### SUCCESS: /usr/lib/jvm/jdk-14.0.1/bin/java -jar /lab/itti/projects/checkers-competition/server/referee.jar on run_16_bansalr_vdhankar #####
INPUT for vdhankar:
GAME
WHITE
282.250910997391
.b.b.b.b
..b.b.b.
.b.b.b..
b.....w.
.......w
w.w...w.
.w.w.w..
w.w.w.w.
##### Running: /usr/bin/time -o time_16_bansalr_vdhankar.txt -f "%U" python3 homework.py > stulog.txt 2>&1 on vdhankar #####
child exited with value 1
##### ERROR: /usr/bin/time -o time_16_bansalr_vdhankar.txt -f "%U" python3 homework.py > stulog.txt 2>&1 on vdhankar #####
##### Output of failed program (stdout + stderr): #####
Traceback (most recent call last):
  File "homework.py", line 546, in <module>
    print(end-start)
NameError: name 'end' is not defined
##### End of output of failed program #####
##### vdhankar plays [E f2 e3] in 8.51367902755737s #####
##### Running: /usr/lib/jvm/jdk-14.0.1/bin/java -jar /lab/itti/projects/checkers-competition/server/referee.jar on run_16_bansalr_vdhankar #####
Move is valid
##### SUCCESS: /usr/lib/jvm/jdk-14.0.1/bin/java -jar /lab/itti/projects/checkers-competition/server/referee.jar on run_16_bansalr_vdhankar #####
INPUT for bansalr:
GAME
BLACK
296.07
.b.b.b.b
..b.b.b.
.b.b.b..
b.....w.
.......w
w.w.w.w.
.w.w....
w.w.w.w.
##### Running: /usr/bin/time -o time_16_bansalr_vdhankar.txt -f "%U" python3 homework.py > stulog.txt 2>&1 on bansalr #####
##### SUCCESS: /usr/bin/time -o time_16_bansalr_vdhankar.txt -f "%U" python3 homework.py > stulog.txt 2>&1 on bansalr #####
##### bansalr plays [E b8 a7] in 3.79s #####
##### Running: /usr/lib/jvm/jdk-14.0.1/bin/java -jar /lab/itti/projects/checkers-competition/server/referee.jar on run_16_bansalr_vdhankar #####
Move is valid
##### SUCCESS: /usr/lib/jvm/jdk-14.0.1/bin/java -jar /lab/itti/projects/checkers-competition/server/referee.jar on run_16_bansalr_vdhankar #####
INPUT for vdhankar:
GAME
WHITE
273.737231969833
...b.b.b
b.b.b.b.
.b.b.b..
b.....w.
.......w
w.w.w.w.
.w.w....
w.w.w.w.
##### Running: /usr/bin/time -o time_16_bansalr_vdhankar.txt -f "%U" python3 homework.py > stulog.txt 2>&1 on vdhankar #####
child exited with value 1
##### ERROR: /usr/bin/time -o time_16_bansalr_vdhankar.txt -f "%U" python3 homework.py > stulog.txt 2>&1 on vdhankar #####
##### Output of failed program (stdout + stderr): #####
Traceback (most recent call last):
  File "homework.py", line 546, in <module>
    print(end-start)
NameError: name 'end' is not defined
##### End of output of failed program #####
##### vdhankar plays [E e3 d4] in 4.98523712158203s #####
##### Running: /usr/lib/jvm/jdk-14.0.1/bin/java -jar /lab/itti/projects/checkers-competition/server/referee.jar on run_16_bansalr_vdhankar #####
Move is valid
##### SUCCESS: /usr/lib/jvm/jdk-14.0.1/bin/java -jar /lab/itti/projects/checkers-competition/server/referee.jar on run_16_bansalr_vdhankar #####
INPUT for bansalr:
GAME
BLACK
292.28
...b.b.b
b.b.b.b.
.b.b.b..
b.....w.
...w...w
w.w...w.
.w.w....
w.w.w.w.
##### Running: /usr/bin/time -o time_16_bansalr_vdhankar.txt -f "%U" python3 homework.py > stulog.txt 2>&1 on bansalr #####
##### SUCCESS: /usr/bin/time -o time_16_bansalr_vdhankar.txt -f "%U" python3 homework.py > stulog.txt 2>&1 on bansalr #####
##### bansalr plays [E g7 h6] in 3.8s #####
##### Running: /usr/lib/jvm/jdk-14.0.1/bin/java -jar /lab/itti/projects/checkers-competition/server/referee.jar on run_16_bansalr_vdhankar #####
Move is valid
##### SUCCESS: /usr/lib/jvm/jdk-14.0.1/bin/java -jar /lab/itti/projects/checkers-competition/server/referee.jar on run_16_bansalr_vdhankar #####
INPUT for vdhankar:
GAME
WHITE
268.751994848251
...b.b.b
b.b.b...
.b.b.b.b
b.....w.
...w...w
w.w...w.
.w.w....
w.w.w.w.
##### Running: /usr/bin/time -o time_16_bansalr_vdhankar.txt -f "%U" python3 homework.py > stulog.txt 2>&1 on vdhankar #####
child exited with value 1
##### ERROR: /usr/bin/time -o time_16_bansalr_vdhankar.txt -f "%U" python3 homework.py > stulog.txt 2>&1 on vdhankar #####
##### Output of failed program (stdout + stderr): #####
Traceback (most recent call last):
  File "homework.py", line 546, in <module>
    print(end-start)
NameError: name 'end' is not defined
##### End of output of failed program #####
##### vdhankar plays [E g1 h2] in 1.47593092918396s #####
##### Running: /usr/lib/jvm/jdk-14.0.1/bin/java -jar /lab/itti/projects/checkers-competition/server/referee.jar on run_16_bansalr_vdhankar #####
Move is valid
##### SUCCESS: /usr/lib/jvm/jdk-14.0.1/bin/java -jar /lab/itti/projects/checkers-competition/server/referee.jar on run_16_bansalr_vdhankar #####
INPUT for bansalr:
GAME
BLACK
288.48
...b.b.b
b.b.b...
.b.b.b.b
b.....w.
...w...w
w.w...w.
.w.w...w
w.w.w...
##### Running: /usr/bin/time -o time_16_bansalr_vdhankar.txt -f "%U" python3 homework.py > stulog.txt 2>&1 on bansalr #####
##### SUCCESS: /usr/bin/time -o time_16_bansalr_vdhankar.txt -f "%U" python3 homework.py > stulog.txt 2>&1 on bansalr #####
##### bansalr plays [J h6 f4] in 1.03s #####
##### Running: /usr/lib/jvm/jdk-14.0.1/bin/java -jar /lab/itti/projects/checkers-competition/server/referee.jar on run_16_bansalr_vdhankar #####
Move is valid
##### SUCCESS: /usr/lib/jvm/jdk-14.0.1/bin/java -jar /lab/itti/projects/checkers-competition/server/referee.jar on run_16_bansalr_vdhankar #####
INPUT for vdhankar:
GAME
WHITE
267.276063919067
...b.b.b
b.b.b...
.b.b.b..
b.......
...w.b.w
w.w...w.
.w.w...w
w.w.w...
##### Running: /usr/bin/time -o time_16_bansalr_vdhankar.txt -f "%U" python3 homework.py > stulog.txt 2>&1 on vdhankar #####
child exited with value 1
##### ERROR: /usr/bin/time -o time_16_bansalr_vdhankar.txt -f "%U" python3 homework.py > stulog.txt 2>&1 on vdhankar #####
##### Output of failed program (stdout + stderr): #####
Traceback (most recent call last):
  File "homework.py", line 546, in <module>
    print(end-start)
NameError: name 'end' is not defined
##### End of output of failed program #####
##### vdhankar plays [J g3 e5 ; J e5 g7] in 0.743996858596802s #####
##### Running: /usr/lib/jvm/jdk-14.0.1/bin/java -jar /lab/itti/projects/checkers-competition/server/referee.jar on run_16_bansalr_vdhankar #####
Move is valid
##### SUCCESS: /usr/lib/jvm/jdk-14.0.1/bin/java -jar /lab/itti/projects/checkers-competition/server/referee.jar on run_16_bansalr_vdhankar #####
INPUT for bansalr:
GAME
BLACK
287.45
...b.b.b
b.b.b.w.
.b.b....
b.......
...w...w
w.w.....
.w.w...w
w.w.w...
##### Running: /usr/bin/time -o time_16_bansalr_vdhankar.txt -f "%U" python3 homework.py > stulog.txt 2>&1 on bansalr #####
##### SUCCESS: /usr/bin/time -o time_16_bansalr_vdhankar.txt -f "%U" python3 homework.py > stulog.txt 2>&1 on bansalr #####
##### bansalr plays [J f8 h6] in 3.85s #####
##### Running: /usr/lib/jvm/jdk-14.0.1/bin/java -jar /lab/itti/projects/checkers-competition/server/referee.jar on run_16_bansalr_vdhankar #####
Move is valid
##### SUCCESS: /usr/lib/jvm/jdk-14.0.1/bin/java -jar /lab/itti/projects/checkers-competition/server/referee.jar on run_16_bansalr_vdhankar #####
INPUT for vdhankar:
GAME
WHITE
266.532067060471
...b...b
b.b.b...
.b.b...b
b.......
...w...w
w.w.....
.w.w...w
w.w.w...
##### Running: /usr/bin/time -o time_16_bansalr_vdhankar.txt -f "%U" python3 homework.py > stulog.txt 2>&1 on vdhankar #####
child exited with value 1
##### ERROR: /usr/bin/time -o time_16_bansalr_vdhankar.txt -f "%U" python3 homework.py > stulog.txt 2>&1 on vdhankar #####
##### Output of failed program (stdout + stderr): #####
Traceback (most recent call last):
  File "homework.py", line 546, in <module>
    print(end-start)
NameError: name 'end' is not defined
##### End of output of failed program #####
##### vdhankar plays [E h2 g3] in 3.47940301895142s #####
##### Running: /usr/lib/jvm/jdk-14.0.1/bin/java -jar /lab/itti/projects/checkers-competition/server/referee.jar on run_16_bansalr_vdhankar #####
Move is valid
##### SUCCESS: /usr/lib/jvm/jdk-14.0.1/bin/java -jar /lab/itti/projects/checkers-competition/server/referee.jar on run_16_bansalr_vdhankar #####
INPUT for bansalr:
GAME
BLACK
283.6
...b...b
b.b.b...
.b.b...b
b.......
...w...w
w.w...w.
.w.w....
w.w.w...
##### Running: /usr/bin/time -o time_16_bansalr_vdhankar.txt -f "%U" python3 homework.py > stulog.txt 2>&1 on bansalr #####
##### SUCCESS: /usr/bin/time -o time_16_bansalr_vdhankar.txt -f "%U" python3 homework.py > stulog.txt 2>&1 on bansalr #####
##### bansalr plays [E h8 g7] in 3.87s #####
##### Running: /usr/lib/jvm/jdk-14.0.1/bin/java -jar /lab/itti/projects/checkers-competition/server/referee.jar on run_16_bansalr_vdhankar #####
Move is valid
##### SUCCESS: /usr/lib/jvm/jdk-14.0.1/bin/java -jar /lab/itti/projects/checkers-competition/server/referee.jar on run_16_bansalr_vdhankar #####
INPUT for vdhankar:
GAME
WHITE
263.052664041519
...b....
b.b.b.b.
.b.b...b
b.......
...w...w
w.w...w.
.w.w....
w.w.w...
##### Running: /usr/bin/time -o time_16_bansalr_vdhankar.txt -f "%U" python3 homework.py > stulog.txt 2>&1 on vdhankar #####
child exited with value 1
##### ERROR: /usr/bin/time -o time_16_bansalr_vdhankar.txt -f "%U" python3 homework.py > stulog.txt 2>&1 on vdhankar #####
##### Output of failed program (stdout + stderr): #####
Traceback (most recent call last):
  File "homework.py", line 546, in <module>
    print(end-start)
NameError: name 'end' is not defined
##### End of output of failed program #####
##### vdhankar plays [E g3 f4] in 2.14003086090088s #####
##### Running: /usr/lib/jvm/jdk-14.0.1/bin/java -jar /lab/itti/projects/checkers-competition/server/referee.jar on run_16_bansalr_vdhankar #####
Move is valid
##### SUCCESS: /usr/lib/jvm/jdk-14.0.1/bin/java -jar /lab/itti/projects/checkers-competition/server/referee.jar on run_16_bansalr_vdhankar #####
INPUT for bansalr:
GAME
BLACK
279.73
...b....
b.b.b.b.
.b.b...b
b.......
...w.w.w
w.w.....
.w.w....
w.w.w...
##### Running: /usr/bin/time -o time_16_bansalr_vdhankar.txt -f "%U" python3 homework.py > stulog.txt 2>&1 on bansalr #####
##### SUCCESS: /usr/bin/time -o time_16_bansalr_vdhankar.txt -f "%U" python3 homework.py > stulog.txt 2>&1 on bansalr #####
##### bansalr plays [E e7 f6] in 3.88s #####
##### Running: /usr/lib/jvm/jdk-14.0.1/bin/java -jar /lab/itti/projects/checkers-competition/server/referee.jar on run_16_bansalr_vdhankar #####
Move is valid
##### SUCCESS: /usr/lib/jvm/jdk-14.0.1/bin/java -jar /lab/itti/projects/checkers-competition/server/referee.jar on run_16_bansalr_vdhankar #####
INPUT for vdhankar:
GAME
WHITE
260.912633180618
...b....
b.b...b.
.b.b.b.b
b.......
...w.w.w
w.w.....
.w.w....
w.w.w...
##### Running: /usr/bin/time -o time_16_bansalr_vdhankar.txt -f "%U" python3 homework.py > stulog.txt 2>&1 on vdhankar #####
child exited with value 1
##### ERROR: /usr/bin/time -o time_16_bansalr_vdhankar.txt -f "%U" python3 homework.py > stulog.txt 2>&1 on vdhankar #####
##### Output of failed program (stdout + stderr): #####
Traceback (most recent call last):
  File "homework.py", line 546, in <module>
    print(end-start)
NameError: name 'end' is not defined
##### End of output of failed program #####
##### vdhankar plays [E e1 f2] in 1.24428391456604s #####
##### Running: /usr/lib/jvm/jdk-14.0.1/bin/java -jar /lab/itti/projects/checkers-competition/server/referee.jar on run_16_bansalr_vdhankar #####
Move is valid
##### SUCCESS: /usr/lib/jvm/jdk-14.0.1/bin/java -jar /lab/itti/projects/checkers-competition/server/referee.jar on run_16_bansalr_vdhankar #####
INPUT for bansalr:
GAME
BLACK
275.85
...b....
b.b...b.
.b.b.b.b
b.......
...w.w.w
w.w.....
.w.w.w..
w.w.....
##### Running: /usr/bin/time -o time_16_bansalr_vdhankar.txt -f "%U" python3 homework.py > stulog.txt 2>&1 on bansalr #####
##### SUCCESS: /usr/bin/time -o time_16_bansalr_vdhankar.txt -f "%U" python3 homework.py > stulog.txt 2>&1 on bansalr #####
##### bansalr plays [E b6 c5] in 3.89s #####
##### Running: /usr/lib/jvm/jdk-14.0.1/bin/java -jar /lab/itti/projects/checkers-competition/server/referee.jar on run_16_bansalr_vdhankar #####
Move is valid
##### SUCCESS: /usr/lib/jvm/jdk-14.0.1/bin/java -jar /lab/itti/projects/checkers-competition/server/referee.jar on run_16_bansalr_vdhankar #####
INPUT for vdhankar:
GAME
WHITE
259.668349266052
...b....
b.b...b.
...b.b.b
b.b.....
...w.w.w
w.w.....
.w.w.w..
w.w.....
##### Running: /usr/bin/time -o time_16_bansalr_vdhankar.txt -f "%U" python3 homework.py > stulog.txt 2>&1 on vdhankar #####
child exited with value 1
##### ERROR: /usr/bin/time -o time_16_bansalr_vdhankar.txt -f "%U" python3 homework.py > stulog.txt 2>&1 on vdhankar #####
##### Output of failed program (stdout + stderr): #####
Traceback (most recent call last):
  File "homework.py", line 546, in <module>
    print(end-start)
NameError: name 'end' is not defined
##### End of output of failed program #####
##### vdhankar plays [J d4 b6] in 0.582993030548096s #####
##### Running: /usr/lib/jvm/jdk-14.0.1/bin/java -jar /lab/itti/projects/checkers-competition/server/referee.jar on run_16_bansalr_vdhankar #####
Move is valid
##### SUCCESS: /usr/lib/jvm/jdk-14.0.1/bin/java -jar /lab/itti/projects/checkers-competition/server/referee.jar on run_16_bansalr_vdhankar #####
INPUT for bansalr:
GAME
BLACK
271.96
...b....
b.b...b.
.w.b.b.b
b.......
.....w.w
w.w.....
.w.w.w..
w.w.....
##### Running: /usr/bin/time -o time_16_bansalr_vdhankar.txt -f "%U" python3 homework.py > stulog.txt 2>&1 on bansalr #####
##### SUCCESS: /usr/bin/time -o time_16_bansalr_vdhankar.txt -f "%U" python3 homework.py > stulog.txt 2>&1 on bansalr #####
##### bansalr plays [J a7 c5] in 3.87s #####
##### Running: /usr/lib/jvm/jdk-14.0.1/bin/java -jar /lab/itti/projects/checkers-competition/server/referee.jar on run_16_bansalr_vdhankar #####
Move is valid
##### SUCCESS: /usr/lib/jvm/jdk-14.0.1/bin/java -jar /lab/itti/projects/checkers-competition/server/referee.jar on run_16_bansalr_vdhankar #####
INPUT for vdhankar:
GAME
WHITE
259.085356235504
...b....
..b...b.
...b.b.b
b.b.....
.....w.w
w.w.....
.w.w.w..
w.w.....
##### Running: /usr/bin/time -o time_16_bansalr_vdhankar.txt -f "%U" python3 homework.py > stulog.txt 2>&1 on vdhankar #####
child exited with value 1
##### ERROR: /usr/bin/time -o time_16_bansalr_vdhankar.txt -f "%U" python3 homework.py > stulog.txt 2>&1 on vdhankar #####
##### Output of failed program (stdout + stderr): #####
Traceback (most recent call last):
  File "homework.py", line 546, in <module>
    print(end-start)
NameError: name 'end' is not defined
##### End of output of failed program #####
##### vdhankar plays [E f2 g3] in 2.72527289390564s #####
##### Running: /usr/lib/jvm/jdk-14.0.1/bin/java -jar /lab/itti/projects/checkers-competition/server/referee.jar on run_16_bansalr_vdhankar #####
Move is valid
##### SUCCESS: /usr/lib/jvm/jdk-14.0.1/bin/java -jar /lab/itti/projects/checkers-competition/server/referee.jar on run_16_bansalr_vdhankar #####
INPUT for bansalr:
GAME
BLACK
268.09
...b....
..b...b.
...b.b.b
b.b.....
.....w.w
w.w...w.
.w.w....
w.w.....
##### Running: /usr/bin/time -o time_16_bansalr_vdhankar.txt -f "%U" python3 homework.py > stulog.txt 2>&1 on bansalr #####
##### SUCCESS: /usr/bin/time -o time_16_bansalr_vdhankar.txt -f "%U" python3 homework.py > stulog.txt 2>&1 on bansalr #####
##### bansalr plays [E c7 b6] in 3.9s #####
##### Running: /usr/lib/jvm/jdk-14.0.1/bin/java -jar /lab/itti/projects/checkers-competition/server/referee.jar on run_16_bansalr_vdhankar #####
Move is valid
##### SUCCESS: /usr/lib/jvm/jdk-14.0.1/bin/java -jar /lab/itti/projects/checkers-competition/server/referee.jar on run_16_bansalr_vdhankar #####
INPUT for vdhankar:
GAME
WHITE
256.360083341599
...b....
......b.
.b.b.b.b
b.b.....
.....w.w
w.w...w.
.w.w....
w.w.....
##### Running: /usr/bin/time -o time_16_bansalr_vdhankar.txt -f "%U" python3 homework.py > stulog.txt 2>&1 on vdhankar #####
child exited with value 1
##### ERROR: /usr/bin/time -o time_16_bansalr_vdhankar.txt -f "%U" python3 homework.py > stulog.txt 2>&1 on vdhankar #####
##### Output of failed program (stdout + stderr): #####
Traceback (most recent call last):
  File "homework.py", line 546, in <module>
    print(end-start)
NameError: name 'end' is not defined
##### End of output of failed program #####
##### vdhankar plays [E d2 e3] in 1.57278299331665s #####
##### Running: /usr/lib/jvm/jdk-14.0.1/bin/java -jar /lab/itti/projects/checkers-competition/server/referee.jar on run_16_bansalr_vdhankar #####
Move is valid
##### SUCCESS: /usr/lib/jvm/jdk-14.0.1/bin/java -jar /lab/itti/projects/checkers-competition/server/referee.jar on run_16_bansalr_vdhankar #####
INPUT for bansalr:
GAME
BLACK
264.19
...b....
......b.
.b.b.b.b
b.b.....
.....w.w
w.w.w.w.
.w......
w.w.....
##### Running: /usr/bin/time -o time_16_bansalr_vdhankar.txt -f "%U" python3 homework.py > stulog.txt 2>&1 on bansalr #####
##### SUCCESS: /usr/bin/time -o time_16_bansalr_vdhankar.txt -f "%U" python3 homework.py > stulog.txt 2>&1 on bansalr #####
##### bansalr plays [E d8 e7] in 3.87s #####
##### Running: /usr/lib/jvm/jdk-14.0.1/bin/java -jar /lab/itti/projects/checkers-competition/server/referee.jar on run_16_bansalr_vdhankar #####
Move is valid
##### SUCCESS: /usr/lib/jvm/jdk-14.0.1/bin/java -jar /lab/itti/projects/checkers-competition/server/referee.jar on run_16_bansalr_vdhankar #####
INPUT for vdhankar:
GAME
WHITE
254.787300348282
........
....b.b.
.b.b.b.b
b.b.....
.....w.w
w.w.w.w.
.w......
w.w.....
##### Running: /usr/bin/time -o time_16_bansalr_vdhankar.txt -f "%U" python3 homework.py > stulog.txt 2>&1 on vdhankar #####
child exited with value 1
##### ERROR: /usr/bin/time -o time_16_bansalr_vdhankar.txt -f "%U" python3 homework.py > stulog.txt 2>&1 on vdhankar #####
##### Output of failed program (stdout + stderr): #####
Traceback (most recent call last):
  File "homework.py", line 546, in <module>
    print(end-start)
NameError: name 'end' is not defined
##### End of output of failed program #####
##### vdhankar plays [E c3 d4] in 1.51057481765747s #####
##### Running: /usr/lib/jvm/jdk-14.0.1/bin/java -jar /lab/itti/projects/checkers-competition/server/referee.jar on run_16_bansalr_vdhankar #####
Move is valid
##### SUCCESS: /usr/lib/jvm/jdk-14.0.1/bin/java -jar /lab/itti/projects/checkers-competition/server/referee.jar on run_16_bansalr_vdhankar #####
INPUT for bansalr:
GAME
BLACK
260.32
........
....b.b.
.b.b.b.b
b.b.....
...w.w.w
w...w.w.
.w......
w.w.....
##### Running: /usr/bin/time -o time_16_bansalr_vdhankar.txt -f "%U" python3 homework.py > stulog.txt 2>&1 on bansalr #####
##### SUCCESS: /usr/bin/time -o time_16_bansalr_vdhankar.txt -f "%U" python3 homework.py > stulog.txt 2>&1 on bansalr #####
##### bansalr plays [E a5 b4] in 3.88s #####
##### Running: /usr/lib/jvm/jdk-14.0.1/bin/java -jar /lab/itti/projects/checkers-competition/server/referee.jar on run_16_bansalr_vdhankar #####
Move is valid
##### SUCCESS: /usr/lib/jvm/jdk-14.0.1/bin/java -jar /lab/itti/projects/checkers-competition/server/referee.jar on run_16_bansalr_vdhankar #####
INPUT for vdhankar:
GAME
WHITE
253.276725530624
........
....b.b.
.b.b.b.b
..b.....
.b.w.w.w
w...w.w.
.w......
w.w.....
##### Running: /usr/bin/time -o time_16_bansalr_vdhankar.txt -f "%U" python3 homework.py > stulog.txt 2>&1 on vdhankar #####
child exited with value 1
##### ERROR: /usr/bin/time -o time_16_bansalr_vdhankar.txt -f "%U" python3 homework.py > stulog.txt 2>&1 on vdhankar #####
##### Output of failed program (stdout + stderr): #####
Traceback (most recent call last):
  File "homework.py", line 546, in <module>
    print(end-start)
NameError: name 'end' is not defined
##### End of output of failed program #####
##### vdhankar plays [E c1 d2] in 0.881561994552612s #####
##### Running: /usr/lib/jvm/jdk-14.0.1/bin/java -jar /lab/itti/projects/checkers-competition/server/referee.jar on run_16_bansalr_vdhankar #####
Move is valid
##### SUCCESS: /usr/lib/jvm/jdk-14.0.1/bin/java -jar /lab/itti/projects/checkers-competition/server/referee.jar on run_16_bansalr_vdhankar #####
INPUT for bansalr:
GAME
BLACK
256.44
........
....b.b.
.b.b.b.b
..b.....
.b.w.w.w
w...w.w.
.w.w....
w.......
##### Running: /usr/bin/time -o time_16_bansalr_vdhankar.txt -f "%U" python3 homework.py > stulog.txt 2>&1 on bansalr #####
##### SUCCESS: /usr/bin/time -o time_16_bansalr_vdhankar.txt -f "%U" python3 homework.py > stulog.txt 2>&1 on bansalr #####
##### bansalr plays [E b6 a5] in 4.1s #####
##### Running: /usr/lib/jvm/jdk-14.0.1/bin/java -jar /lab/itti/projects/checkers-competition/server/referee.jar on run_16_bansalr_vdhankar #####
Move is valid
##### SUCCESS: /usr/lib/jvm/jdk-14.0.1/bin/java -jar /lab/itti/projects/checkers-competition/server/referee.jar on run_16_bansalr_vdhankar #####
INPUT for vdhankar:
GAME
WHITE
252.395163536072
........
....b.b.
...b.b.b
b.b.....
.b.w.w.w
w...w.w.
.w.w....
w.......
##### Running: /usr/bin/time -o time_16_bansalr_vdhankar.txt -f "%U" python3 homework.py > stulog.txt 2>&1 on vdhankar #####
child exited with value 1
##### ERROR: /usr/bin/time -o time_16_bansalr_vdhankar.txt -f "%U" python3 homework.py > stulog.txt 2>&1 on vdhankar #####
##### Output of failed program (stdout + stderr): #####
Traceback (most recent call last):
  File "homework.py", line 546, in <module>
    print(end-start)
NameError: name 'end' is not defined
##### End of output of failed program #####
##### vdhankar plays [J d4 b6] in 0.393857002258301s #####
##### Running: /usr/lib/jvm/jdk-14.0.1/bin/java -jar /lab/itti/projects/checkers-competition/server/referee.jar on run_16_bansalr_vdhankar #####
Move is valid
##### SUCCESS: /usr/lib/jvm/jdk-14.0.1/bin/java -jar /lab/itti/projects/checkers-competition/server/referee.jar on run_16_bansalr_vdhankar #####
INPUT for bansalr:
GAME
BLACK
252.34
........
....b.b.
.w.b.b.b
b.......
.b...w.w
w...w.w.
.w.w....
w.......
##### Running: /usr/bin/time -o time_16_bansalr_vdhankar.txt -f "%U" python3 homework.py > stulog.txt 2>&1 on bansalr #####
##### SUCCESS: /usr/bin/time -o time_16_bansalr_vdhankar.txt -f "%U" python3 homework.py > stulog.txt 2>&1 on bansalr #####
##### bansalr plays [E d6 c5] in 4.1s #####
##### Running: /usr/lib/jvm/jdk-14.0.1/bin/java -jar /lab/itti/projects/checkers-competition/server/referee.jar on run_16_bansalr_vdhankar #####
Move is valid
##### SUCCESS: /usr/lib/jvm/jdk-14.0.1/bin/java -jar /lab/itti/projects/checkers-competition/server/referee.jar on run_16_bansalr_vdhankar #####
INPUT for vdhankar:
GAME
WHITE
252.001306533813
........
....b.b.
.w...b.b
b.b.....
.b...w.w
w...w.w.
.w.w....
w.......
##### Running: /usr/bin/time -o time_16_bansalr_vdhankar.txt -f "%U" python3 homework.py > stulog.txt 2>&1 on vdhankar #####
child exited with value 1
##### ERROR: /usr/bin/time -o time_16_bansalr_vdhankar.txt -f "%U" python3 homework.py > stulog.txt 2>&1 on vdhankar #####
##### Output of failed program (stdout + stderr): #####
Traceback (most recent call last):
  File "homework.py", line 546, in <module>
    print(end-start)
NameError: name 'end' is not defined
##### End of output of failed program #####
##### vdhankar plays [E b6 c7] in 0.951030969619751s #####
##### Running: /usr/lib/jvm/jdk-14.0.1/bin/java -jar /lab/itti/projects/checkers-competition/server/referee.jar on run_16_bansalr_vdhankar #####
Move is valid
##### SUCCESS: /usr/lib/jvm/jdk-14.0.1/bin/java -jar /lab/itti/projects/checkers-competition/server/referee.jar on run_16_bansalr_vdhankar #####
INPUT for bansalr:
GAME
BLACK
248.24
........
..w.b.b.
.....b.b
b.b.....
.b...w.w
w...w.w.
.w.w....
w.......
##### Running: /usr/bin/time -o time_16_bansalr_vdhankar.txt -f "%U" python3 homework.py > stulog.txt 2>&1 on bansalr #####
##### SUCCESS: /usr/bin/time -o time_16_bansalr_vdhankar.txt -f "%U" python3 homework.py > stulog.txt 2>&1 on bansalr #####
##### bansalr plays [E e7 d6] in 4.1s #####
##### Running: /usr/lib/jvm/jdk-14.0.1/bin/java -jar /lab/itti/projects/checkers-competition/server/referee.jar on run_16_bansalr_vdhankar #####
Move is valid
##### SUCCESS: /usr/lib/jvm/jdk-14.0.1/bin/java -jar /lab/itti/projects/checkers-competition/server/referee.jar on run_16_bansalr_vdhankar #####
INPUT for vdhankar:
GAME
WHITE
251.050275564194
........
..w...b.
...b.b.b
b.b.....
.b...w.w
w...w.w.
.w.w....
w.......
##### Running: /usr/bin/time -o time_16_bansalr_vdhankar.txt -f "%U" python3 homework.py > stulog.txt 2>&1 on vdhankar #####
child exited with value 1
##### ERROR: /usr/bin/time -o time_16_bansalr_vdhankar.txt -f "%U" python3 homework.py > stulog.txt 2>&1 on vdhankar #####
##### Output of failed program (stdout + stderr): #####
Traceback (most recent call last):
  File "homework.py", line 546, in <module>
    print(end-start)
NameError: name 'end' is not defined
##### End of output of failed program #####
##### vdhankar plays [E b2 c3] in 0.974170923233032s #####
##### Running: /usr/lib/jvm/jdk-14.0.1/bin/java -jar /lab/itti/projects/checkers-competition/server/referee.jar on run_16_bansalr_vdhankar #####
Move is valid
##### SUCCESS: /usr/lib/jvm/jdk-14.0.1/bin/java -jar /lab/itti/projects/checkers-competition/server/referee.jar on run_16_bansalr_vdhankar #####
INPUT for bansalr:
GAME
BLACK
244.14
........
..w...b.
...b.b.b
b.b.....
.b...w.w
w.w.w.w.
...w....
w.......
##### Running: /usr/bin/time -o time_16_bansalr_vdhankar.txt -f "%U" python3 homework.py > stulog.txt 2>&1 on bansalr #####
##### SUCCESS: /usr/bin/time -o time_16_bansalr_vdhankar.txt -f "%U" python3 homework.py > stulog.txt 2>&1 on bansalr #####
##### bansalr plays [E d6 e5] in 3.81s #####
##### Running: /usr/lib/jvm/jdk-14.0.1/bin/java -jar /lab/itti/projects/checkers-competition/server/referee.jar on run_16_bansalr_vdhankar #####
Move is valid
##### SUCCESS: /usr/lib/jvm/jdk-14.0.1/bin/java -jar /lab/itti/projects/checkers-competition/server/referee.jar on run_16_bansalr_vdhankar #####
INPUT for vdhankar:
GAME
WHITE
250.076104640961
........
..w...b.
.....b.b
b.b.b...
.b...w.w
w.w.w.w.
...w....
w.......
##### Running: /usr/bin/time -o time_16_bansalr_vdhankar.txt -f "%U" python3 homework.py > stulog.txt 2>&1 on vdhankar #####
child exited with value 1
##### ERROR: /usr/bin/time -o time_16_bansalr_vdhankar.txt -f "%U" python3 homework.py > stulog.txt 2>&1 on vdhankar #####
##### Output of failed program (stdout + stderr): #####
Traceback (most recent call last):
  File "homework.py", line 546, in <module>
    print(end-start)
NameError: name 'end' is not defined
##### End of output of failed program #####
##### vdhankar plays [J f4 d6] in 0.487174034118652s #####
##### Running: /usr/lib/jvm/jdk-14.0.1/bin/java -jar /lab/itti/projects/checkers-competition/server/referee.jar on run_16_bansalr_vdhankar #####
Move is valid
##### SUCCESS: /usr/lib/jvm/jdk-14.0.1/bin/java -jar /lab/itti/projects/checkers-competition/server/referee.jar on run_16_bansalr_vdhankar #####
INPUT for bansalr:
GAME
BLACK
240.33
........
..w...b.
...w.b.b
b.b.....
.b.....w
w.w.w.w.
...w....
w.......
##### Running: /usr/bin/time -o time_16_bansalr_vdhankar.txt -f "%U" python3 homework.py > stulog.txt 2>&1 on bansalr #####
##### SUCCESS: /usr/bin/time -o time_16_bansalr_vdhankar.txt -f "%U" python3 homework.py > stulog.txt 2>&1 on bansalr #####
##### bansalr plays [E c5 d4] in 4.12s #####
##### Running: /usr/lib/jvm/jdk-14.0.1/bin/java -jar /lab/itti/projects/checkers-competition/server/referee.jar on run_16_bansalr_vdhankar #####
Move is valid
##### SUCCESS: /usr/lib/jvm/jdk-14.0.1/bin/java -jar /lab/itti/projects/checkers-competition/server/referee.jar on run_16_bansalr_vdhankar #####
INPUT for vdhankar:
GAME
WHITE
249.588930606842
........
..w...b.
...w.b.b
b.......
.b.b...w
w.w.w.w.
...w....
w.......
##### Running: /usr/bin/time -o time_16_bansalr_vdhankar.txt -f "%U" python3 homework.py > stulog.txt 2>&1 on vdhankar #####
child exited with value 1
##### ERROR: /usr/bin/time -o time_16_bansalr_vdhankar.txt -f "%U" python3 homework.py > stulog.txt 2>&1 on vdhankar #####
##### Output of failed program (stdout + stderr): #####
Traceback (most recent call last):
  File "homework.py", line 546, in <module>
    print(end-start)
NameError: name 'end' is not defined
##### End of output of failed program #####
##### vdhankar plays [J e3 c5] in 1.87956500053406s #####
##### Running: /usr/lib/jvm/jdk-14.0.1/bin/java -jar /lab/itti/projects/checkers-competition/server/referee.jar on run_16_bansalr_vdhankar #####
Move is valid
##### SUCCESS: /usr/lib/jvm/jdk-14.0.1/bin/java -jar /lab/itti/projects/checkers-competition/server/referee.jar on run_16_bansalr_vdhankar #####
INPUT for bansalr:
GAME
BLACK
236.21
........
..w...b.
...w.b.b
b.w.....
.b.....w
w.w...w.
...w....
w.......
##### Running: /usr/bin/time -o time_16_bansalr_vdhankar.txt -f "%U" python3 homework.py > stulog.txt 2>&1 on bansalr #####
##### SUCCESS: /usr/bin/time -o time_16_bansalr_vdhankar.txt -f "%U" python3 homework.py > stulog.txt 2>&1 on bansalr #####
##### bansalr plays [E h6 g5] in 4.05s #####
##### Running: /usr/lib/jvm/jdk-14.0.1/bin/java -jar /lab/itti/projects/checkers-competition/server/referee.jar on run_16_bansalr_vdhankar #####
Move is valid
##### SUCCESS: /usr/lib/jvm/jdk-14.0.1/bin/java -jar /lab/itti/projects/checkers-competition/server/referee.jar on run_16_bansalr_vdhankar #####
INPUT for vdhankar:
GAME
WHITE
247.709365606308
........
..w...b.
...w.b..
b.w...b.
.b.....w
w.w...w.
...w....
w.......
##### Running: /usr/bin/time -o time_16_bansalr_vdhankar.txt -f "%U" python3 homework.py > stulog.txt 2>&1 on vdhankar #####
child exited with value 1
##### ERROR: /usr/bin/time -o time_16_bansalr_vdhankar.txt -f "%U" python3 homework.py > stulog.txt 2>&1 on vdhankar #####
##### Output of failed program (stdout + stderr): #####
Traceback (most recent call last):
  File "homework.py", line 546, in <module>
    print(end-start)
NameError: name 'end' is not defined
##### End of output of failed program #####
##### vdhankar plays [E a1 b2] in 0.91261100769043s #####
##### Running: /usr/lib/jvm/jdk-14.0.1/bin/java -jar /lab/itti/projects/checkers-competition/server/referee.jar on run_16_bansalr_vdhankar #####
Move is valid
##### SUCCESS: /usr/lib/jvm/jdk-14.0.1/bin/java -jar /lab/itti/projects/checkers-competition/server/referee.jar on run_16_bansalr_vdhankar #####
INPUT for bansalr:
GAME
BLACK
232.16
........
..w...b.
...w.b..
b.w...b.
.b.....w
w.w...w.
.w.w....
........
##### Running: /usr/bin/time -o time_16_bansalr_vdhankar.txt -f "%U" python3 homework.py > stulog.txt 2>&1 on bansalr #####
##### SUCCESS: /usr/bin/time -o time_16_bansalr_vdhankar.txt -f "%U" python3 homework.py > stulog.txt 2>&1 on bansalr #####
##### bansalr plays [E g7 h6] in 1.28s #####
##### Running: /usr/lib/jvm/jdk-14.0.1/bin/java -jar /lab/itti/projects/checkers-competition/server/referee.jar on run_16_bansalr_vdhankar #####
Move is valid
##### SUCCESS: /usr/lib/jvm/jdk-14.0.1/bin/java -jar /lab/itti/projects/checkers-competition/server/referee.jar on run_16_bansalr_vdhankar #####
INPUT for vdhankar:
GAME
WHITE
246.796754598618
........
..w.....
...w.b.b
b.w...b.
.b.....w
w.w...w.
.w.w....
........
##### Running: /usr/bin/time -o time_16_bansalr_vdhankar.txt -f "%U" python3 homework.py > stulog.txt 2>&1 on vdhankar #####
child exited with value 1
##### ERROR: /usr/bin/time -o time_16_bansalr_vdhankar.txt -f "%U" python3 homework.py > stulog.txt 2>&1 on vdhankar #####
##### Output of failed program (stdout + stderr): #####
Traceback (most recent call last):
  File "homework.py", line 546, in <module>
    print(end-start)
NameError: name 'end' is not defined
##### End of output of failed program #####
##### vdhankar plays [E c7 d8] in 0.545294046401978s #####
##### Running: /usr/lib/jvm/jdk-14.0.1/bin/java -jar /lab/itti/projects/checkers-competition/server/referee.jar on run_16_bansalr_vdhankar #####
Move is valid
##### SUCCESS: /usr/lib/jvm/jdk-14.0.1/bin/java -jar /lab/itti/projects/checkers-competition/server/referee.jar on run_16_bansalr_vdhankar #####
INPUT for bansalr:
GAME
BLACK
230.88
...W....
........
...w.b.b
b.w...b.
.b.....w
w.w...w.
.w.w....
........
##### Running: /usr/bin/time -o time_16_bansalr_vdhankar.txt -f "%U" python3 homework.py > stulog.txt 2>&1 on bansalr #####
##### SUCCESS: /usr/bin/time -o time_16_bansalr_vdhankar.txt -f "%U" python3 homework.py > stulog.txt 2>&1 on bansalr #####
##### bansalr plays [E f6 e5] in 1.29s #####
##### Running: /usr/lib/jvm/jdk-14.0.1/bin/java -jar /lab/itti/projects/checkers-competition/server/referee.jar on run_16_bansalr_vdhankar #####
Move is valid
##### SUCCESS: /usr/lib/jvm/jdk-14.0.1/bin/java -jar /lab/itti/projects/checkers-competition/server/referee.jar on run_16_bansalr_vdhankar #####
INPUT for vdhankar:
GAME
WHITE
246.251460552216
...W....
........
...w...b
b.w.b.b.
.b.....w
w.w...w.
.w.w....
........
##### Running: /usr/bin/time -o time_16_bansalr_vdhankar.txt -f "%U" python3 homework.py > stulog.txt 2>&1 on vdhankar #####
child exited with value 1
##### ERROR: /usr/bin/time -o time_16_bansalr_vdhankar.txt -f "%U" python3 homework.py > stulog.txt 2>&1 on vdhankar #####
##### Output of failed program (stdout + stderr): #####
Traceback (most recent call last):
  File "homework.py", line 546, in <module>
    print(end-start)
NameError: name 'end' is not defined
##### End of output of failed program #####
##### vdhankar plays [J h4 f6] in 0.63227915763855s #####
##### Running: /usr/lib/jvm/jdk-14.0.1/bin/java -jar /lab/itti/projects/checkers-competition/server/referee.jar on run_16_bansalr_vdhankar #####
Move is valid
##### SUCCESS: /usr/lib/jvm/jdk-14.0.1/bin/java -jar /lab/itti/projects/checkers-competition/server/referee.jar on run_16_bansalr_vdhankar #####
INPUT for bansalr:
GAME
BLACK
229.59
...W....
........
...w.w.b
b.w.b...
.b......
w.w...w.
.w.w....
........
##### Running: /usr/bin/time -o time_16_bansalr_vdhankar.txt -f "%U" python3 homework.py > stulog.txt 2>&1 on bansalr #####
##### SUCCESS: /usr/bin/time -o time_16_bansalr_vdhankar.txt -f "%U" python3 homework.py > stulog.txt 2>&1 on bansalr #####
##### bansalr plays [E h6 g5] in 4.22s #####
##### Running: /usr/lib/jvm/jdk-14.0.1/bin/java -jar /lab/itti/projects/checkers-competition/server/referee.jar on run_16_bansalr_vdhankar #####
Move is valid
##### SUCCESS: /usr/lib/jvm/jdk-14.0.1/bin/java -jar /lab/itti/projects/checkers-competition/server/referee.jar on run_16_bansalr_vdhankar #####
INPUT for vdhankar:
GAME
WHITE
245.619181394577
...W....
........
...w.w..
b.w.b.b.
.b......
w.w...w.
.w.w....
........
##### Running: /usr/bin/time -o time_16_bansalr_vdhankar.txt -f "%U" python3 homework.py > stulog.txt 2>&1 on vdhankar #####
child exited with value 1
##### ERROR: /usr/bin/time -o time_16_bansalr_vdhankar.txt -f "%U" python3 homework.py > stulog.txt 2>&1 on vdhankar #####
##### Output of failed program (stdout + stderr): #####
Traceback (most recent call last):
  File "homework.py", line 546, in <module>
    print(end-start)
NameError: name 'end' is not defined
##### End of output of failed program #####
##### vdhankar plays [E g3 h4] in 3.67678999900818s #####
##### Running: /usr/lib/jvm/jdk-14.0.1/bin/java -jar /lab/itti/projects/checkers-competition/server/referee.jar on run_16_bansalr_vdhankar #####
Move is valid
##### SUCCESS: /usr/lib/jvm/jdk-14.0.1/bin/java -jar /lab/itti/projects/checkers-competition/server/referee.jar on run_16_bansalr_vdhankar #####
INPUT for bansalr:
GAME
BLACK
225.37
...W....
........
...w.w..
b.w.b.b.
.b.....w
w.w.....
.w.w....
........
##### Running: /usr/bin/time -o time_16_bansalr_vdhankar.txt -f "%U" python3 homework.py > stulog.txt 2>&1 on bansalr #####
##### SUCCESS: /usr/bin/time -o time_16_bansalr_vdhankar.txt -f "%U" python3 homework.py > stulog.txt 2>&1 on bansalr #####
##### bansalr plays [E e5 f4] in 3.16s #####
##### Running: /usr/lib/jvm/jdk-14.0.1/bin/java -jar /lab/itti/projects/checkers-competition/server/referee.jar on run_16_bansalr_vdhankar #####
Move is valid
##### SUCCESS: /usr/lib/jvm/jdk-14.0.1/bin/java -jar /lab/itti/projects/checkers-competition/server/referee.jar on run_16_bansalr_vdhankar #####
INPUT for vdhankar:
GAME
WHITE
241.942391395569
...W....
........
...w.w..
b.w...b.
.b...b.w
w.w.....
.w.w....
........
##### Running: /usr/bin/time -o time_16_bansalr_vdhankar.txt -f "%U" python3 homework.py > stulog.txt 2>&1 on vdhankar #####
child exited with value 1
##### ERROR: /usr/bin/time -o time_16_bansalr_vdhankar.txt -f "%U" python3 homework.py > stulog.txt 2>&1 on vdhankar #####
##### Output of failed program (stdout + stderr): #####
Traceback (most recent call last):
  File "homework.py", line 546, in <module>
    print(end-start)
NameError: name 'end' is not defined
##### End of output of failed program #####
##### vdhankar plays [E f6 e7] in 1.46103191375732s #####
##### Running: /usr/lib/jvm/jdk-14.0.1/bin/java -jar /lab/itti/projects/checkers-competition/server/referee.jar on run_16_bansalr_vdhankar #####
Move is valid
##### SUCCESS: /usr/lib/jvm/jdk-14.0.1/bin/java -jar /lab/itti/projects/checkers-competition/server/referee.jar on run_16_bansalr_vdhankar #####
INPUT for bansalr:
GAME
BLACK
222.21
...W....
....w...
...w....
b.w...b.
.b...b.w
w.w.....
.w.w....
........
##### Running: /usr/bin/time -o time_16_bansalr_vdhankar.txt -f "%U" python3 homework.py > stulog.txt 2>&1 on bansalr #####
##### SUCCESS: /usr/bin/time -o time_16_bansalr_vdhankar.txt -f "%U" python3 homework.py > stulog.txt 2>&1 on bansalr #####
##### bansalr plays [E f4 e3] in 0.79s #####
##### Running: /usr/lib/jvm/jdk-14.0.1/bin/java -jar /lab/itti/projects/checkers-competition/server/referee.jar on run_16_bansalr_vdhankar #####
Move is valid
##### SUCCESS: /usr/lib/jvm/jdk-14.0.1/bin/java -jar /lab/itti/projects/checkers-competition/server/referee.jar on run_16_bansalr_vdhankar #####
INPUT for vdhankar:
GAME
WHITE
240.481359481812
...W....
....w...
...w....
b.w...b.
.b.....w
w.w.b...
.w.w....
........
##### Running: /usr/bin/time -o time_16_bansalr_vdhankar.txt -f "%U" python3 homework.py > stulog.txt 2>&1 on vdhankar #####
child exited with value 1
##### ERROR: /usr/bin/time -o time_16_bansalr_vdhankar.txt -f "%U" python3 homework.py > stulog.txt 2>&1 on vdhankar #####
##### Output of failed program (stdout + stderr): #####
Traceback (most recent call last):
  File "homework.py", line 546, in <module>
    print(end-start)
NameError: name 'end' is not defined
##### End of output of failed program #####
##### vdhankar plays [J d2 f4 ; J f4 h6] in 0.793895959854126s #####
##### Running: /usr/lib/jvm/jdk-14.0.1/bin/java -jar /lab/itti/projects/checkers-competition/server/referee.jar on run_16_bansalr_vdhankar #####
Move is valid
##### SUCCESS: /usr/lib/jvm/jdk-14.0.1/bin/java -jar /lab/itti/projects/checkers-competition/server/referee.jar on run_16_bansalr_vdhankar #####
INPUT for bansalr:
GAME
BLACK
221.42
...W....
....w...
...w...w
b.w.....
.b.....w
w.w.....
.w......
........
##### Running: /usr/bin/time -o time_16_bansalr_vdhankar.txt -f "%U" python3 homework.py > stulog.txt 2>&1 on bansalr #####
##### SUCCESS: /usr/bin/time -o time_16_bansalr_vdhankar.txt -f "%U" python3 homework.py > stulog.txt 2>&1 on bansalr #####
##### bansalr plays [J b4 d2] in 1.23s #####
##### Running: /usr/lib/jvm/jdk-14.0.1/bin/java -jar /lab/itti/projects/checkers-competition/server/referee.jar on run_16_bansalr_vdhankar #####
Move is valid
##### SUCCESS: /usr/lib/jvm/jdk-14.0.1/bin/java -jar /lab/itti/projects/checkers-competition/server/referee.jar on run_16_bansalr_vdhankar #####
INPUT for vdhankar:
GAME
WHITE
239.687463521957
...W....
....w...
...w...w
b.w.....
.......w
w.......
.w.b....
........
##### Running: /usr/bin/time -o time_16_bansalr_vdhankar.txt -f "%U" python3 homework.py > stulog.txt 2>&1 on vdhankar #####
child exited with value 1
##### ERROR: /usr/bin/time -o time_16_bansalr_vdhankar.txt -f "%U" python3 homework.py > stulog.txt 2>&1 on vdhankar #####
##### Output of failed program (stdout + stderr): #####
Traceback (most recent call last):
  File "homework.py", line 546, in <module>
    print(end-start)
NameError: name 'end' is not defined
##### End of output of failed program #####
##### vdhankar plays [E h4 g5] in 3.70618510246277s #####
##### Running: /usr/lib/jvm/jdk-14.0.1/bin/java -jar /lab/itti/projects/checkers-competition/server/referee.jar on run_16_bansalr_vdhankar #####
Move is valid
##### SUCCESS: /usr/lib/jvm/jdk-14.0.1/bin/java -jar /lab/itti/projects/checkers-competition/server/referee.jar on run_16_bansalr_vdhankar #####
INPUT for bansalr:
GAME
BLACK
220.19
...W....
....w...
...w...w
b.w...w.
........
w.......
.w.b....
........
##### Running: /usr/bin/time -o time_16_bansalr_vdhankar.txt -f "%U" python3 homework.py > stulog.txt 2>&1 on bansalr #####
##### SUCCESS: /usr/bin/time -o time_16_bansalr_vdhankar.txt -f "%U" python3 homework.py > stulog.txt 2>&1 on bansalr #####
##### bansalr plays [E a5 b4] in 1.51s #####
##### Running: /usr/lib/jvm/jdk-14.0.1/bin/java -jar /lab/itti/projects/checkers-competition/server/referee.jar on run_16_bansalr_vdhankar #####
Move is valid
##### SUCCESS: /usr/lib/jvm/jdk-14.0.1/bin/java -jar /lab/itti/projects/checkers-competition/server/referee.jar on run_16_bansalr_vdhankar #####
INPUT for vdhankar:
GAME
WHITE
235.981278419495
...W....
....w...
...w...w
..w...w.
.b......
w.......
.w.b....
........
##### Running: /usr/bin/time -o time_16_bansalr_vdhankar.txt -f "%U" python3 homework.py > stulog.txt 2>&1 on vdhankar #####
child exited with value 1
##### ERROR: /usr/bin/time -o time_16_bansalr_vdhankar.txt -f "%U" python3 homework.py > stulog.txt 2>&1 on vdhankar #####
##### Output of failed program (stdout + stderr): #####
Traceback (most recent call last):
  File "homework.py", line 546, in <module>
    print(end-start)
NameError: name 'end' is not defined
##### End of output of failed program #####
##### vdhankar plays [E h6 g7] in 1.82043099403381s #####
##### Running: /usr/lib/jvm/jdk-14.0.1/bin/java -jar /lab/itti/projects/checkers-competition/server/referee.jar on run_16_bansalr_vdhankar #####
Move is valid
##### SUCCESS: /usr/lib/jvm/jdk-14.0.1/bin/java -jar /lab/itti/projects/checkers-competition/server/referee.jar on run_16_bansalr_vdhankar #####
INPUT for bansalr:
GAME
BLACK
218.68
...W....
....w.w.
...w....
..w...w.
.b......
w.......
.w.b....
........
##### Running: /usr/bin/time -o time_16_bansalr_vdhankar.txt -f "%U" python3 homework.py > stulog.txt 2>&1 on bansalr #####
##### SUCCESS: /usr/bin/time -o time_16_bansalr_vdhankar.txt -f "%U" python3 homework.py > stulog.txt 2>&1 on bansalr #####
##### bansalr plays [E b4 c3] in 1.53s #####
##### Running: /usr/lib/jvm/jdk-14.0.1/bin/java -jar /lab/itti/projects/checkers-competition/server/referee.jar on run_16_bansalr_vdhankar #####
Move is valid
##### SUCCESS: /usr/lib/jvm/jdk-14.0.1/bin/java -jar /lab/itti/projects/checkers-competition/server/referee.jar on run_16_bansalr_vdhankar #####
INPUT for vdhankar:
GAME
WHITE
234.160847425461
...W....
....w.w.
...w....
..w...w.
........
w.b.....
.w.b....
........
##### Running: /usr/bin/time -o time_16_bansalr_vdhankar.txt -f "%U" python3 homework.py > stulog.txt 2>&1 on vdhankar #####
child exited with value 1
##### ERROR: /usr/bin/time -o time_16_bansalr_vdhankar.txt -f "%U" python3 homework.py > stulog.txt 2>&1 on vdhankar #####
##### Output of failed program (stdout + stderr): #####
Traceback (most recent call last):
  File "homework.py", line 546, in <module>
    print(end-start)
NameError: name 'end' is not defined
##### End of output of failed program #####
##### vdhankar plays [J b2 d4] in 0.691870927810669s #####
##### Running: /usr/lib/jvm/jdk-14.0.1/bin/java -jar /lab/itti/projects/checkers-competition/server/referee.jar on run_16_bansalr_vdhankar #####
Move is valid
##### SUCCESS: /usr/lib/jvm/jdk-14.0.1/bin/java -jar /lab/itti/projects/checkers-competition/server/referee.jar on run_16_bansalr_vdhankar #####
INPUT for bansalr:
GAME
BLACK
217.15
...W....
....w.w.
...w....
..w...w.
...w....
w.......
...b....
........
##### Running: /usr/bin/time -o time_16_bansalr_vdhankar.txt -f "%U" python3 homework.py > stulog.txt 2>&1 on bansalr #####
##### SUCCESS: /usr/bin/time -o time_16_bansalr_vdhankar.txt -f "%U" python3 homework.py > stulog.txt 2>&1 on bansalr #####
##### bansalr plays [E d2 c1] in 4.48s #####
##### Running: /usr/lib/jvm/jdk-14.0.1/bin/java -jar /lab/itti/projects/checkers-competition/server/referee.jar on run_16_bansalr_vdhankar #####
Move is valid
##### SUCCESS: /usr/lib/jvm/jdk-14.0.1/bin/java -jar /lab/itti/projects/checkers-competition/server/referee.jar on run_16_bansalr_vdhankar #####
INPUT for vdhankar:
GAME
WHITE
233.46897649765
...W....
....w.w.
...w....
..w...w.
...w....
w.......
........
..B.....
##### Running: /usr/bin/time -o time_16_bansalr_vdhankar.txt -f "%U" python3 homework.py > stulog.txt 2>&1 on vdhankar #####
child exited with value 1
##### ERROR: /usr/bin/time -o time_16_bansalr_vdhankar.txt -f "%U" python3 homework.py > stulog.txt 2>&1 on vdhankar #####
##### Output of failed program (stdout + stderr): #####
Traceback (most recent call last):
  File "homework.py", line 546, in <module>
    print(end-start)
NameError: name 'end' is not defined
##### End of output of failed program #####
##### vdhankar plays [E g5 h6] in 5.46767115592957s #####
##### Running: /usr/lib/jvm/jdk-14.0.1/bin/java -jar /lab/itti/projects/checkers-competition/server/referee.jar on run_16_bansalr_vdhankar #####
Move is valid
##### SUCCESS: /usr/lib/jvm/jdk-14.0.1/bin/java -jar /lab/itti/projects/checkers-competition/server/referee.jar on run_16_bansalr_vdhankar #####
INPUT for bansalr:
GAME
BLACK
212.67
...W....
....w.w.
...w...w
..w.....
...w....
w.......
........
..B.....
##### Running: /usr/bin/time -o time_16_bansalr_vdhankar.txt -f "%U" python3 homework.py > stulog.txt 2>&1 on bansalr #####
##### SUCCESS: /usr/bin/time -o time_16_bansalr_vdhankar.txt -f "%U" python3 homework.py > stulog.txt 2>&1 on bansalr #####
##### bansalr plays [E c1 b2] in 3.09s #####
##### Running: /usr/lib/jvm/jdk-14.0.1/bin/java -jar /lab/itti/projects/checkers-competition/server/referee.jar on run_16_bansalr_vdhankar #####
Move is valid
##### SUCCESS: /usr/lib/jvm/jdk-14.0.1/bin/java -jar /lab/itti/projects/checkers-competition/server/referee.jar on run_16_bansalr_vdhankar #####
INPUT for vdhankar:
GAME
WHITE
228.001305341721
...W....
....w.w.
...w...w
..w.....
...w....
w.......
.B......
........
##### Running: /usr/bin/time -o time_16_bansalr_vdhankar.txt -f "%U" python3 homework.py > stulog.txt 2>&1 on vdhankar #####
child exited with value 1
##### ERROR: /usr/bin/time -o time_16_bansalr_vdhankar.txt -f "%U" python3 homework.py > stulog.txt 2>&1 on vdhankar #####
##### Output of failed program (stdout + stderr): #####
Traceback (most recent call last):
  File "homework.py", line 546, in <module>
    print(end-start)
NameError: name 'end' is not defined
##### End of output of failed program #####
##### vdhankar plays [E g7 h8] in 2.15514397621155s #####
##### Running: /usr/lib/jvm/jdk-14.0.1/bin/java -jar /lab/itti/projects/checkers-competition/server/referee.jar on run_16_bansalr_vdhankar #####
Move is valid
##### SUCCESS: /usr/lib/jvm/jdk-14.0.1/bin/java -jar /lab/itti/projects/checkers-competition/server/referee.jar on run_16_bansalr_vdhankar #####
INPUT for bansalr:
GAME
BLACK
209.58
...W...W
....w...
...w...w
..w.....
...w....
w.......
.B......
........
##### Running: /usr/bin/time -o time_16_bansalr_vdhankar.txt -f "%U" python3 homework.py > stulog.txt 2>&1 on bansalr #####
##### SUCCESS: /usr/bin/time -o time_16_bansalr_vdhankar.txt -f "%U" python3 homework.py > stulog.txt 2>&1 on bansalr #####
##### bansalr plays [E b2 a1] in 3.46s #####
##### Running: /usr/lib/jvm/jdk-14.0.1/bin/java -jar /lab/itti/projects/checkers-competition/server/referee.jar on run_16_bansalr_vdhankar #####
Move is valid
##### SUCCESS: /usr/lib/jvm/jdk-14.0.1/bin/java -jar /lab/itti/projects/checkers-competition/server/referee.jar on run_16_bansalr_vdhankar #####
INPUT for vdhankar:
GAME
WHITE
225.846161365509
...W...W
....w...
...w...w
..w.....
...w....
w.......
........
B.......
##### Running: /usr/bin/time -o time_16_bansalr_vdhankar.txt -f "%U" python3 homework.py > stulog.txt 2>&1 on vdhankar #####
child exited with value 1
##### ERROR: /usr/bin/time -o time_16_bansalr_vdhankar.txt -f "%U" python3 homework.py > stulog.txt 2>&1 on vdhankar #####
##### Output of failed program (stdout + stderr): #####
Traceback (most recent call last):
  File "homework.py", line 546, in <module>
    print(end-start)
NameError: name 'end' is not defined
##### End of output of failed program #####
##### vdhankar plays [E h6 g7] in 1.96972393989563s #####
##### Running: /usr/lib/jvm/jdk-14.0.1/bin/java -jar /lab/itti/projects/checkers-competition/server/referee.jar on run_16_bansalr_vdhankar #####
Move is valid
##### SUCCESS: /usr/lib/jvm/jdk-14.0.1/bin/java -jar /lab/itti/projects/checkers-competition/server/referee.jar on run_16_bansalr_vdhankar #####
INPUT for bansalr:
GAME
BLACK
206.12
...W...W
....w.w.
...w....
..w.....
...w....
w.......
........
B.......
##### Running: /usr/bin/time -o time_16_bansalr_vdhankar.txt -f "%U" python3 homework.py > stulog.txt 2>&1 on bansalr #####
##### SUCCESS: /usr/bin/time -o time_16_bansalr_vdhankar.txt -f "%U" python3 homework.py > stulog.txt 2>&1 on bansalr #####
##### bansalr plays [E a1 b2] in 2.12s #####
##### Running: /usr/lib/jvm/jdk-14.0.1/bin/java -jar /lab/itti/projects/checkers-competition/server/referee.jar on run_16_bansalr_vdhankar #####
Move is valid
##### SUCCESS: /usr/lib/jvm/jdk-14.0.1/bin/java -jar /lab/itti/projects/checkers-competition/server/referee.jar on run_16_bansalr_vdhankar #####
INPUT for vdhankar:
GAME
WHITE
223.876437425613
...W...W
....w.w.
...w....
..w.....
...w....
w.......
.B......
........
##### Running: /usr/bin/time -o time_16_bansalr_vdhankar.txt -f "%U" python3 homework.py > stulog.txt 2>&1 on vdhankar #####
child exited with value 1
##### ERROR: /usr/bin/time -o time_16_bansalr_vdhankar.txt -f "%U" python3 homework.py > stulog.txt 2>&1 on vdhankar #####
##### Output of failed program (stdout + stderr): #####
Traceback (most recent call last):
  File "homework.py", line 546, in <module>
    print(end-start)
NameError: name 'end' is not defined
##### End of output of failed program #####
##### vdhankar plays [E g7 f8] in 1.57831788063049s #####
##### Running: /usr/lib/jvm/jdk-14.0.1/bin/java -jar /lab/itti/projects/checkers-competition/server/referee.jar on run_16_bansalr_vdhankar #####
Move is valid
##### SUCCESS: /usr/lib/jvm/jdk-14.0.1/bin/java -jar /lab/itti/projects/checkers-competition/server/referee.jar on run_16_bansalr_vdhankar #####
INPUT for bansalr:
GAME
BLACK
204
...W.W.W
....w...
...w....
..w.....
...w....
w.......
.B......
........
##### Running: /usr/bin/time -o time_16_bansalr_vdhankar.txt -f "%U" python3 homework.py > stulog.txt 2>&1 on bansalr #####
##### SUCCESS: /usr/bin/time -o time_16_bansalr_vdhankar.txt -f "%U" python3 homework.py > stulog.txt 2>&1 on bansalr #####
##### bansalr plays [E b2 a1] in 2.85s #####
##### Running: /usr/lib/jvm/jdk-14.0.1/bin/java -jar /lab/itti/projects/checkers-competition/server/referee.jar on run_16_bansalr_vdhankar #####
Move is valid
##### SUCCESS: /usr/lib/jvm/jdk-14.0.1/bin/java -jar /lab/itti/projects/checkers-competition/server/referee.jar on run_16_bansalr_vdhankar #####
INPUT for vdhankar:
GAME
WHITE
222.298119544983
...W.W.W
....w...
...w....
..w.....
...w....
w.......
........
B.......
##### Running: /usr/bin/time -o time_16_bansalr_vdhankar.txt -f "%U" python3 homework.py > stulog.txt 2>&1 on vdhankar #####
child exited with value 1
##### ERROR: /usr/bin/time -o time_16_bansalr_vdhankar.txt -f "%U" python3 homework.py > stulog.txt 2>&1 on vdhankar #####
##### Output of failed program (stdout + stderr): #####
Traceback (most recent call last):
  File "homework.py", line 546, in <module>
    print(end-start)
NameError: name 'end' is not defined
##### End of output of failed program #####
##### vdhankar plays [E d6 c7] in 1.51130390167236s #####
##### Running: /usr/lib/jvm/jdk-14.0.1/bin/java -jar /lab/itti/projects/checkers-competition/server/referee.jar on run_16_bansalr_vdhankar #####
Move is valid
##### SUCCESS: /usr/lib/jvm/jdk-14.0.1/bin/java -jar /lab/itti/projects/checkers-competition/server/referee.jar on run_16_bansalr_vdhankar #####
INPUT for bansalr:
GAME
BLACK
201.15
...W.W.W
..w.w...
........
..w.....
...w....
w.......
........
B.......
##### Running: /usr/bin/time -o time_16_bansalr_vdhankar.txt -f "%U" python3 homework.py > stulog.txt 2>&1 on bansalr #####
##### SUCCESS: /usr/bin/time -o time_16_bansalr_vdhankar.txt -f "%U" python3 homework.py > stulog.txt 2>&1 on bansalr #####
##### bansalr plays [E a1 b2] in 4.5s #####
##### Running: /usr/lib/jvm/jdk-14.0.1/bin/java -jar /lab/itti/projects/checkers-competition/server/referee.jar on run_16_bansalr_vdhankar #####
Move is valid
##### SUCCESS: /usr/lib/jvm/jdk-14.0.1/bin/java -jar /lab/itti/projects/checkers-competition/server/referee.jar on run_16_bansalr_vdhankar #####
INPUT for vdhankar:
GAME
WHITE
220.786815643311
...W.W.W
..w.w...
........
..w.....
...w....
w.......
.B......
........
##### Running: /usr/bin/time -o time_16_bansalr_vdhankar.txt -f "%U" python3 homework.py > stulog.txt 2>&1 on vdhankar #####
child exited with value 1
##### ERROR: /usr/bin/time -o time_16_bansalr_vdhankar.txt -f "%U" python3 homework.py > stulog.txt 2>&1 on vdhankar #####
##### Output of failed program (stdout + stderr): #####
Traceback (most recent call last):
  File "homework.py", line 546, in <module>
    print(end-start)
NameError: name 'end' is not defined
##### End of output of failed program #####
##### vdhankar plays [E c7 b8] in 1.42829489707947s #####
##### Running: /usr/lib/jvm/jdk-14.0.1/bin/java -jar /lab/itti/projects/checkers-competition/server/referee.jar on run_16_bansalr_vdhankar #####
Move is valid
##### SUCCESS: /usr/lib/jvm/jdk-14.0.1/bin/java -jar /lab/itti/projects/checkers-competition/server/referee.jar on run_16_bansalr_vdhankar #####
INPUT for bansalr:
GAME
BLACK
196.65
.W.W.W.W
....w...
........
..w.....
...w....
w.......
.B......
........
##### Running: /usr/bin/time -o time_16_bansalr_vdhankar.txt -f "%U" python3 homework.py > stulog.txt 2>&1 on bansalr #####
##### SUCCESS: /usr/bin/time -o time_16_bansalr_vdhankar.txt -f "%U" python3 homework.py > stulog.txt 2>&1 on bansalr #####
##### bansalr plays [E b2 c3] in 4.71s #####
##### Running: /usr/lib/jvm/jdk-14.0.1/bin/java -jar /lab/itti/projects/checkers-competition/server/referee.jar on run_16_bansalr_vdhankar #####
Move is valid
##### SUCCESS: /usr/lib/jvm/jdk-14.0.1/bin/java -jar /lab/itti/projects/checkers-competition/server/referee.jar on run_16_bansalr_vdhankar #####
INPUT for vdhankar:
GAME
WHITE
219.358520746231
.W.W.W.W
....w...
........
..w.....
...w....
w.B.....
........
........
##### Running: /usr/bin/time -o time_16_bansalr_vdhankar.txt -f "%U" python3 homework.py > stulog.txt 2>&1 on vdhankar #####
child exited with value 1
##### ERROR: /usr/bin/time -o time_16_bansalr_vdhankar.txt -f "%U" python3 homework.py > stulog.txt 2>&1 on vdhankar #####
##### Output of failed program (stdout + stderr): #####
Traceback (most recent call last):
  File "homework.py", line 546, in <module>
    print(end-start)
NameError: name 'end' is not defined
##### End of output of failed program #####
##### vdhankar plays [E b8 a7] in 0.406916856765747s #####
##### Running: /usr/lib/jvm/jdk-14.0.1/bin/java -jar /lab/itti/projects/checkers-competition/server/referee.jar on run_16_bansalr_vdhankar #####
Move is valid
##### SUCCESS: /usr/lib/jvm/jdk-14.0.1/bin/java -jar /lab/itti/projects/checkers-competition/server/referee.jar on run_16_bansalr_vdhankar #####
INPUT for bansalr:
GAME
BLACK
191.94
...W.W.W
W...w...
........
..w.....
...w....
w.B.....
........
........
##### Running: /usr/bin/time -o time_16_bansalr_vdhankar.txt -f "%U" python3 homework.py > stulog.txt 2>&1 on bansalr #####
##### SUCCESS: /usr/bin/time -o time_16_bansalr_vdhankar.txt -f "%U" python3 homework.py > stulog.txt 2>&1 on bansalr #####
##### bansalr plays [J c3 e5] in 2.13s #####
##### Running: /usr/lib/jvm/jdk-14.0.1/bin/java -jar /lab/itti/projects/checkers-competition/server/referee.jar on run_16_bansalr_vdhankar #####
Move is valid
##### SUCCESS: /usr/lib/jvm/jdk-14.0.1/bin/java -jar /lab/itti/projects/checkers-competition/server/referee.jar on run_16_bansalr_vdhankar #####
INPUT for vdhankar:
GAME
WHITE
218.951603889465
...W.W.W
W...w...
........
..w.B...
........
w.......
........
........
##### Running: /usr/bin/time -o time_16_bansalr_vdhankar.txt -f "%U" python3 homework.py > stulog.txt 2>&1 on vdhankar #####
child exited with value 1
##### ERROR: /usr/bin/time -o time_16_bansalr_vdhankar.txt -f "%U" python3 homework.py > stulog.txt 2>&1 on vdhankar #####
##### Output of failed program (stdout + stderr): #####
Traceback (most recent call last):
  File "homework.py", line 546, in <module>
    print(end-start)
NameError: name 'end' is not defined
##### End of output of failed program #####
##### vdhankar plays [E c5 d6] in 2.56677985191345s #####
##### Running: /usr/lib/jvm/jdk-14.0.1/bin/java -jar /lab/itti/projects/checkers-competition/server/referee.jar on run_16_bansalr_vdhankar #####
Move is valid
##### SUCCESS: /usr/lib/jvm/jdk-14.0.1/bin/java -jar /lab/itti/projects/checkers-competition/server/referee.jar on run_16_bansalr_vdhankar #####
INPUT for bansalr:
GAME
BLACK
189.81
...W.W.W
W...w...
...w....
....B...
........
w.......
........
........
##### Running: /usr/bin/time -o time_16_bansalr_vdhankar.txt -f "%U" python3 homework.py > stulog.txt 2>&1 on bansalr #####
##### SUCCESS: /usr/bin/time -o time_16_bansalr_vdhankar.txt -f "%U" python3 homework.py > stulog.txt 2>&1 on bansalr #####
##### bansalr plays [J e5 c7] in 0.06s #####
##### Running: /usr/lib/jvm/jdk-14.0.1/bin/java -jar /lab/itti/projects/checkers-competition/server/referee.jar on run_16_bansalr_vdhankar #####
Move is valid
##### SUCCESS: /usr/lib/jvm/jdk-14.0.1/bin/java -jar /lab/itti/projects/checkers-competition/server/referee.jar on run_16_bansalr_vdhankar #####
INPUT for vdhankar:
GAME
WHITE
216.384824037552
...W.W.W
W.B.w...
........
........
........
w.......
........
........
##### Running: /usr/bin/time -o time_16_bansalr_vdhankar.txt -f "%U" python3 homework.py > stulog.txt 2>&1 on vdhankar #####
child exited with value 1
##### ERROR: /usr/bin/time -o time_16_bansalr_vdhankar.txt -f "%U" python3 homework.py > stulog.txt 2>&1 on vdhankar #####
##### Output of failed program (stdout + stderr): #####
Traceback (most recent call last):
  File "homework.py", line 546, in <module>
    print(end-start)
NameError: name 'end' is not defined
##### End of output of failed program #####
##### vdhankar plays [J d8 b6] in 0.204227924346924s #####
##### Running: /usr/lib/jvm/jdk-14.0.1/bin/java -jar /lab/itti/projects/checkers-competition/server/referee.jar on run_16_bansalr_vdhankar #####
Move is valid
After this move, player BLACK cannot make any moves
*** Winner: WHITE ***
##### SUCCESS: /usr/lib/jvm/jdk-14.0.1/bin/java -jar /lab/itti/projects/checkers-competition/server/referee.jar on run_16_bansalr_vdhankar #####
##### GAME OVER: vdhankar wins the game! #####
Server said: WIN
########## ROUND 16 GAMESCORE AFTER GAME 4: bansalr=2 and vdhankar=2 ##########


########## TIE ON ROUND 16 - BOTH PLAYERS ADVANCE TO NEXT ROUND ##########
