#################### ROUND 16: jiayanwa (B) vs vdhankar (W): game 1 ####################
##### game start! #####
INPUT for jiayanwa:
GAME
BLACK
300
.b.b.b.b
b.b.b.b.
.b.b.b.b
........
........
w.w.w.w.
.w.w.w.w
w.w.w.w.
##### Running: /usr/bin/time -o time_16_jiayanwa_vdhankar.txt -f "%U" /usr/lib/jvm/jdk-14.0.1/bin/java homework > stulog.txt 2>&1 on jiayanwa #####
##### SUCCESS: /usr/bin/time -o time_16_jiayanwa_vdhankar.txt -f "%U" /usr/lib/jvm/jdk-14.0.1/bin/java homework > stulog.txt 2>&1 on jiayanwa #####
##### jiayanwa plays [E b6 a5] in 0.44s #####
##### Running: /usr/lib/jvm/jdk-14.0.1/bin/java -jar /lab/itti/projects/checkers-competition/server/referee.jar on run_16_jiayanwa_vdhankar #####
Move is valid
Couldn't read file 'current_ply.txt'
Couldn't read content from file 'current_ply.txt'
Couldn't read file 'lastmatchange_ply.txt'
Couldn't read content from file 'lastmatchange_ply.txt'
##### SUCCESS: /usr/lib/jvm/jdk-14.0.1/bin/java -jar /lab/itti/projects/checkers-competition/server/referee.jar on run_16_jiayanwa_vdhankar #####
INPUT for vdhankar:
GAME
WHITE
300
.b.b.b.b
b.b.b.b.
...b.b.b
b.......
........
w.w.w.w.
.w.w.w.w
w.w.w.w.
##### Running: /usr/bin/time -o time_16_jiayanwa_vdhankar.txt -f "%U" python3 homework.py > stulog.txt 2>&1 on vdhankar #####
child exited with value 1
##### ERROR: /usr/bin/time -o time_16_jiayanwa_vdhankar.txt -f "%U" python3 homework.py > stulog.txt 2>&1 on vdhankar #####
##### Output of failed program (stdout + stderr): #####
Traceback (most recent call last):
  File "homework.py", line 546, in <module>
    print(end-start)
NameError: name 'end' is not defined
##### End of output of failed program #####
##### vdhankar plays [E g3 h4] in 13.3987119197845s #####
##### Running: /usr/lib/jvm/jdk-14.0.1/bin/java -jar /lab/itti/projects/checkers-competition/server/referee.jar on run_16_jiayanwa_vdhankar #####
Move is valid
##### SUCCESS: /usr/lib/jvm/jdk-14.0.1/bin/java -jar /lab/itti/projects/checkers-competition/server/referee.jar on run_16_jiayanwa_vdhankar #####
INPUT for jiayanwa:
GAME
BLACK
299.56
.b.b.b.b
b.b.b.b.
...b.b.b
b.......
.......w
w.w.w...
.w.w.w.w
w.w.w.w.
##### Running: /usr/bin/time -o time_16_jiayanwa_vdhankar.txt -f "%U" /usr/lib/jvm/jdk-14.0.1/bin/java homework > stulog.txt 2>&1 on jiayanwa #####
##### SUCCESS: /usr/bin/time -o time_16_jiayanwa_vdhankar.txt -f "%U" /usr/lib/jvm/jdk-14.0.1/bin/java homework > stulog.txt 2>&1 on jiayanwa #####
##### jiayanwa plays [E d6 c5] in 0.52s #####
##### Running: /usr/lib/jvm/jdk-14.0.1/bin/java -jar /lab/itti/projects/checkers-competition/server/referee.jar on run_16_jiayanwa_vdhankar #####
Move is valid
##### SUCCESS: /usr/lib/jvm/jdk-14.0.1/bin/java -jar /lab/itti/projects/checkers-competition/server/referee.jar on run_16_jiayanwa_vdhankar #####
INPUT for vdhankar:
GAME
WHITE
286.601288080215
.b.b.b.b
b.b.b.b.
.....b.b
b.b.....
.......w
w.w.w...
.w.w.w.w
w.w.w.w.
##### Running: /usr/bin/time -o time_16_jiayanwa_vdhankar.txt -f "%U" python3 homework.py > stulog.txt 2>&1 on vdhankar #####
child exited with value 1
##### ERROR: /usr/bin/time -o time_16_jiayanwa_vdhankar.txt -f "%U" python3 homework.py > stulog.txt 2>&1 on vdhankar #####
##### Output of failed program (stdout + stderr): #####
Traceback (most recent call last):
  File "homework.py", line 546, in <module>
    print(end-start)
NameError: name 'end' is not defined
##### End of output of failed program #####
##### vdhankar plays [E h2 g3] in 13.0661220550537s #####
##### Running: /usr/lib/jvm/jdk-14.0.1/bin/java -jar /lab/itti/projects/checkers-competition/server/referee.jar on run_16_jiayanwa_vdhankar #####
Move is valid
##### SUCCESS: /usr/lib/jvm/jdk-14.0.1/bin/java -jar /lab/itti/projects/checkers-competition/server/referee.jar on run_16_jiayanwa_vdhankar #####
INPUT for jiayanwa:
GAME
BLACK
299.04
.b.b.b.b
b.b.b.b.
.....b.b
b.b.....
.......w
w.w.w.w.
.w.w.w..
w.w.w.w.
##### Running: /usr/bin/time -o time_16_jiayanwa_vdhankar.txt -f "%U" /usr/lib/jvm/jdk-14.0.1/bin/java homework > stulog.txt 2>&1 on jiayanwa #####
##### SUCCESS: /usr/bin/time -o time_16_jiayanwa_vdhankar.txt -f "%U" /usr/lib/jvm/jdk-14.0.1/bin/java homework > stulog.txt 2>&1 on jiayanwa #####
##### jiayanwa plays [E f6 e5] in 0.48s #####
##### Running: /usr/lib/jvm/jdk-14.0.1/bin/java -jar /lab/itti/projects/checkers-competition/server/referee.jar on run_16_jiayanwa_vdhankar #####
Move is valid
##### SUCCESS: /usr/lib/jvm/jdk-14.0.1/bin/java -jar /lab/itti/projects/checkers-competition/server/referee.jar on run_16_jiayanwa_vdhankar #####
INPUT for vdhankar:
GAME
WHITE
273.535166025162
.b.b.b.b
b.b.b.b.
.......b
b.b.b...
.......w
w.w.w.w.
.w.w.w..
w.w.w.w.
##### Running: /usr/bin/time -o time_16_jiayanwa_vdhankar.txt -f "%U" python3 homework.py > stulog.txt 2>&1 on vdhankar #####
child exited with value 1
##### ERROR: /usr/bin/time -o time_16_jiayanwa_vdhankar.txt -f "%U" python3 homework.py > stulog.txt 2>&1 on vdhankar #####
##### Output of failed program (stdout + stderr): #####
Traceback (most recent call last):
  File "homework.py", line 546, in <module>
    print(end-start)
NameError: name 'end' is not defined
##### End of output of failed program #####
##### vdhankar plays [E c3 d4] in 2.02935791015625s #####
##### Running: /usr/lib/jvm/jdk-14.0.1/bin/java -jar /lab/itti/projects/checkers-competition/server/referee.jar on run_16_jiayanwa_vdhankar #####
Move is valid
##### SUCCESS: /usr/lib/jvm/jdk-14.0.1/bin/java -jar /lab/itti/projects/checkers-competition/server/referee.jar on run_16_jiayanwa_vdhankar #####
INPUT for jiayanwa:
GAME
BLACK
298.56
.b.b.b.b
b.b.b.b.
.......b
b.b.b...
...w...w
w...w.w.
.w.w.w..
w.w.w.w.
##### Running: /usr/bin/time -o time_16_jiayanwa_vdhankar.txt -f "%U" /usr/lib/jvm/jdk-14.0.1/bin/java homework > stulog.txt 2>&1 on jiayanwa #####
##### SUCCESS: /usr/bin/time -o time_16_jiayanwa_vdhankar.txt -f "%U" /usr/lib/jvm/jdk-14.0.1/bin/java homework > stulog.txt 2>&1 on jiayanwa #####
##### jiayanwa plays [J e5 c3] in 0.34s #####
##### Running: /usr/lib/jvm/jdk-14.0.1/bin/java -jar /lab/itti/projects/checkers-competition/server/referee.jar on run_16_jiayanwa_vdhankar #####
Move is valid
##### SUCCESS: /usr/lib/jvm/jdk-14.0.1/bin/java -jar /lab/itti/projects/checkers-competition/server/referee.jar on run_16_jiayanwa_vdhankar #####
INPUT for vdhankar:
GAME
WHITE
271.505808115005
.b.b.b.b
b.b.b.b.
.......b
b.b.....
.......w
w.b.w.w.
.w.w.w..
w.w.w.w.
##### Running: /usr/bin/time -o time_16_jiayanwa_vdhankar.txt -f "%U" python3 homework.py > stulog.txt 2>&1 on vdhankar #####
child exited with value 1
##### ERROR: /usr/bin/time -o time_16_jiayanwa_vdhankar.txt -f "%U" python3 homework.py > stulog.txt 2>&1 on vdhankar #####
##### Output of failed program (stdout + stderr): #####
Traceback (most recent call last):
  File "homework.py", line 546, in <module>
    print(end-start)
NameError: name 'end' is not defined
##### End of output of failed program #####
##### vdhankar plays [J d2 b4 ; J b4 d6] in 3.49277400970459s #####
##### Running: /usr/lib/jvm/jdk-14.0.1/bin/java -jar /lab/itti/projects/checkers-competition/server/referee.jar on run_16_jiayanwa_vdhankar #####
Move is valid
##### SUCCESS: /usr/lib/jvm/jdk-14.0.1/bin/java -jar /lab/itti/projects/checkers-competition/server/referee.jar on run_16_jiayanwa_vdhankar #####
INPUT for jiayanwa:
GAME
BLACK
298.22
.b.b.b.b
b.b.b.b.
...w...b
b.......
.......w
w...w.w.
.w...w..
w.w.w.w.
##### Running: /usr/bin/time -o time_16_jiayanwa_vdhankar.txt -f "%U" /usr/lib/jvm/jdk-14.0.1/bin/java homework > stulog.txt 2>&1 on jiayanwa #####
##### SUCCESS: /usr/bin/time -o time_16_jiayanwa_vdhankar.txt -f "%U" /usr/lib/jvm/jdk-14.0.1/bin/java homework > stulog.txt 2>&1 on jiayanwa #####
##### jiayanwa plays [J c7 e5] in 0.4s #####
##### Running: /usr/lib/jvm/jdk-14.0.1/bin/java -jar /lab/itti/projects/checkers-competition/server/referee.jar on run_16_jiayanwa_vdhankar #####
Move is valid
##### SUCCESS: /usr/lib/jvm/jdk-14.0.1/bin/java -jar /lab/itti/projects/checkers-competition/server/referee.jar on run_16_jiayanwa_vdhankar #####
INPUT for vdhankar:
GAME
WHITE
268.013034105301
.b.b.b.b
b...b.b.
.......b
b...b...
.......w
w...w.w.
.w...w..
w.w.w.w.
##### Running: /usr/bin/time -o time_16_jiayanwa_vdhankar.txt -f "%U" python3 homework.py > stulog.txt 2>&1 on vdhankar #####
child exited with value 1
##### ERROR: /usr/bin/time -o time_16_jiayanwa_vdhankar.txt -f "%U" python3 homework.py > stulog.txt 2>&1 on vdhankar #####
##### Output of failed program (stdout + stderr): #####
Traceback (most recent call last):
  File "homework.py", line 546, in <module>
    print(end-start)
NameError: name 'end' is not defined
##### End of output of failed program #####
##### vdhankar plays [E g1 h2] in 3.51156806945801s #####
##### Running: /usr/lib/jvm/jdk-14.0.1/bin/java -jar /lab/itti/projects/checkers-competition/server/referee.jar on run_16_jiayanwa_vdhankar #####
Move is valid
##### SUCCESS: /usr/lib/jvm/jdk-14.0.1/bin/java -jar /lab/itti/projects/checkers-competition/server/referee.jar on run_16_jiayanwa_vdhankar #####
INPUT for jiayanwa:
GAME
BLACK
297.82
.b.b.b.b
b...b.b.
.......b
b...b...
.......w
w...w.w.
.w...w.w
w.w.w...
##### Running: /usr/bin/time -o time_16_jiayanwa_vdhankar.txt -f "%U" /usr/lib/jvm/jdk-14.0.1/bin/java homework > stulog.txt 2>&1 on jiayanwa #####
##### SUCCESS: /usr/bin/time -o time_16_jiayanwa_vdhankar.txt -f "%U" /usr/lib/jvm/jdk-14.0.1/bin/java homework > stulog.txt 2>&1 on jiayanwa #####
##### jiayanwa plays [E a7 b6] in 0.63s #####
##### Running: /usr/lib/jvm/jdk-14.0.1/bin/java -jar /lab/itti/projects/checkers-competition/server/referee.jar on run_16_jiayanwa_vdhankar #####
Move is valid
##### SUCCESS: /usr/lib/jvm/jdk-14.0.1/bin/java -jar /lab/itti/projects/checkers-competition/server/referee.jar on run_16_jiayanwa_vdhankar #####
INPUT for vdhankar:
GAME
WHITE
264.501466035843
.b.b.b.b
....b.b.
.b.....b
b...b...
.......w
w...w.w.
.w...w.w
w.w.w...
##### Running: /usr/bin/time -o time_16_jiayanwa_vdhankar.txt -f "%U" python3 homework.py > stulog.txt 2>&1 on vdhankar #####
child exited with value 1
##### ERROR: /usr/bin/time -o time_16_jiayanwa_vdhankar.txt -f "%U" python3 homework.py > stulog.txt 2>&1 on vdhankar #####
##### Output of failed program (stdout + stderr): #####
Traceback (most recent call last):
  File "homework.py", line 546, in <module>
    print(end-start)
NameError: name 'end' is not defined
##### End of output of failed program #####
##### vdhankar plays [E g3 f4] in 3.0561420917511s #####
##### Running: /usr/lib/jvm/jdk-14.0.1/bin/java -jar /lab/itti/projects/checkers-competition/server/referee.jar on run_16_jiayanwa_vdhankar #####
Move is valid
##### SUCCESS: /usr/lib/jvm/jdk-14.0.1/bin/java -jar /lab/itti/projects/checkers-competition/server/referee.jar on run_16_jiayanwa_vdhankar #####
INPUT for jiayanwa:
GAME
BLACK
297.19
.b.b.b.b
....b.b.
.b.....b
b...b...
.....w.w
w...w...
.w...w.w
w.w.w...
##### Running: /usr/bin/time -o time_16_jiayanwa_vdhankar.txt -f "%U" /usr/lib/jvm/jdk-14.0.1/bin/java homework > stulog.txt 2>&1 on jiayanwa #####
##### SUCCESS: /usr/bin/time -o time_16_jiayanwa_vdhankar.txt -f "%U" /usr/lib/jvm/jdk-14.0.1/bin/java homework > stulog.txt 2>&1 on jiayanwa #####
##### jiayanwa plays [J e5 g3] in 0.32s #####
##### Running: /usr/lib/jvm/jdk-14.0.1/bin/java -jar /lab/itti/projects/checkers-competition/server/referee.jar on run_16_jiayanwa_vdhankar #####
Move is valid
##### SUCCESS: /usr/lib/jvm/jdk-14.0.1/bin/java -jar /lab/itti/projects/checkers-competition/server/referee.jar on run_16_jiayanwa_vdhankar #####
INPUT for vdhankar:
GAME
WHITE
261.445323944092
.b.b.b.b
....b.b.
.b.....b
b.......
.......w
w...w.b.
.w...w.w
w.w.w...
##### Running: /usr/bin/time -o time_16_jiayanwa_vdhankar.txt -f "%U" python3 homework.py > stulog.txt 2>&1 on vdhankar #####
child exited with value 1
##### ERROR: /usr/bin/time -o time_16_jiayanwa_vdhankar.txt -f "%U" python3 homework.py > stulog.txt 2>&1 on vdhankar #####
##### Output of failed program (stdout + stderr): #####
Traceback (most recent call last):
  File "homework.py", line 546, in <module>
    print(end-start)
NameError: name 'end' is not defined
##### End of output of failed program #####
##### vdhankar plays [J h2 f4] in 8.0378680229187s #####
##### Running: /usr/lib/jvm/jdk-14.0.1/bin/java -jar /lab/itti/projects/checkers-competition/server/referee.jar on run_16_jiayanwa_vdhankar #####
Move is valid
##### SUCCESS: /usr/lib/jvm/jdk-14.0.1/bin/java -jar /lab/itti/projects/checkers-competition/server/referee.jar on run_16_jiayanwa_vdhankar #####
INPUT for jiayanwa:
GAME
BLACK
296.87
.b.b.b.b
....b.b.
.b.....b
b.......
.....w.w
w...w...
.w...w..
w.w.w...
##### Running: /usr/bin/time -o time_16_jiayanwa_vdhankar.txt -f "%U" /usr/lib/jvm/jdk-14.0.1/bin/java homework > stulog.txt 2>&1 on jiayanwa #####
##### SUCCESS: /usr/bin/time -o time_16_jiayanwa_vdhankar.txt -f "%U" /usr/lib/jvm/jdk-14.0.1/bin/java homework > stulog.txt 2>&1 on jiayanwa #####
##### jiayanwa plays [E b6 c5] in 0.63s #####
##### Running: /usr/lib/jvm/jdk-14.0.1/bin/java -jar /lab/itti/projects/checkers-competition/server/referee.jar on run_16_jiayanwa_vdhankar #####
Move is valid
##### SUCCESS: /usr/lib/jvm/jdk-14.0.1/bin/java -jar /lab/itti/projects/checkers-competition/server/referee.jar on run_16_jiayanwa_vdhankar #####
INPUT for vdhankar:
GAME
WHITE
253.407455921173
.b.b.b.b
....b.b.
.......b
b.b.....
.....w.w
w...w...
.w...w..
w.w.w...
##### Running: /usr/bin/time -o time_16_jiayanwa_vdhankar.txt -f "%U" python3 homework.py > stulog.txt 2>&1 on vdhankar #####
child exited with value 1
##### ERROR: /usr/bin/time -o time_16_jiayanwa_vdhankar.txt -f "%U" python3 homework.py > stulog.txt 2>&1 on vdhankar #####
##### Output of failed program (stdout + stderr): #####
Traceback (most recent call last):
  File "homework.py", line 546, in <module>
    print(end-start)
NameError: name 'end' is not defined
##### End of output of failed program #####
##### vdhankar plays [E b2 c3] in 27.0803160667419s #####
##### Running: /usr/lib/jvm/jdk-14.0.1/bin/java -jar /lab/itti/projects/checkers-competition/server/referee.jar on run_16_jiayanwa_vdhankar #####
Move is valid
##### SUCCESS: /usr/lib/jvm/jdk-14.0.1/bin/java -jar /lab/itti/projects/checkers-competition/server/referee.jar on run_16_jiayanwa_vdhankar #####
INPUT for jiayanwa:
GAME
BLACK
296.24
.b.b.b.b
....b.b.
.......b
b.b.....
.....w.w
w.w.w...
.....w..
w.w.w...
##### Running: /usr/bin/time -o time_16_jiayanwa_vdhankar.txt -f "%U" /usr/lib/jvm/jdk-14.0.1/bin/java homework > stulog.txt 2>&1 on jiayanwa #####
##### SUCCESS: /usr/bin/time -o time_16_jiayanwa_vdhankar.txt -f "%U" /usr/lib/jvm/jdk-14.0.1/bin/java homework > stulog.txt 2>&1 on jiayanwa #####
##### jiayanwa plays [E e7 f6] in 0.87s #####
##### Running: /usr/lib/jvm/jdk-14.0.1/bin/java -jar /lab/itti/projects/checkers-competition/server/referee.jar on run_16_jiayanwa_vdhankar #####
Move is valid
##### SUCCESS: /usr/lib/jvm/jdk-14.0.1/bin/java -jar /lab/itti/projects/checkers-competition/server/referee.jar on run_16_jiayanwa_vdhankar #####
INPUT for vdhankar:
GAME
WHITE
226.327139854431
.b.b.b.b
......b.
.....b.b
b.b.....
.....w.w
w.w.w...
.....w..
w.w.w...
##### Running: /usr/bin/time -o time_16_jiayanwa_vdhankar.txt -f "%U" python3 homework.py > stulog.txt 2>&1 on vdhankar #####
child exited with value 1
##### ERROR: /usr/bin/time -o time_16_jiayanwa_vdhankar.txt -f "%U" python3 homework.py > stulog.txt 2>&1 on vdhankar #####
##### Output of failed program (stdout + stderr): #####
Traceback (most recent call last):
  File "homework.py", line 546, in <module>
    print(end-start)
NameError: name 'end' is not defined
##### End of output of failed program #####
##### vdhankar plays [E f2 g3] in 17.3528530597687s #####
##### Running: /usr/lib/jvm/jdk-14.0.1/bin/java -jar /lab/itti/projects/checkers-competition/server/referee.jar on run_16_jiayanwa_vdhankar #####
Move is valid
##### SUCCESS: /usr/lib/jvm/jdk-14.0.1/bin/java -jar /lab/itti/projects/checkers-competition/server/referee.jar on run_16_jiayanwa_vdhankar #####
INPUT for jiayanwa:
GAME
BLACK
295.37
.b.b.b.b
......b.
.....b.b
b.b.....
.....w.w
w.w.w.w.
........
w.w.w...
##### Running: /usr/bin/time -o time_16_jiayanwa_vdhankar.txt -f "%U" /usr/lib/jvm/jdk-14.0.1/bin/java homework > stulog.txt 2>&1 on jiayanwa #####
##### SUCCESS: /usr/bin/time -o time_16_jiayanwa_vdhankar.txt -f "%U" /usr/lib/jvm/jdk-14.0.1/bin/java homework > stulog.txt 2>&1 on jiayanwa #####
##### jiayanwa plays [E d8 c7] in 0.64s #####
##### Running: /usr/lib/jvm/jdk-14.0.1/bin/java -jar /lab/itti/projects/checkers-competition/server/referee.jar on run_16_jiayanwa_vdhankar #####
Move is valid
##### SUCCESS: /usr/lib/jvm/jdk-14.0.1/bin/java -jar /lab/itti/projects/checkers-competition/server/referee.jar on run_16_jiayanwa_vdhankar #####
INPUT for vdhankar:
GAME
WHITE
208.974286794662
.b...b.b
..b...b.
.....b.b
b.b.....
.....w.w
w.w.w.w.
........
w.w.w...
##### Running: /usr/bin/time -o time_16_jiayanwa_vdhankar.txt -f "%U" python3 homework.py > stulog.txt 2>&1 on vdhankar #####
child exited with value 1
##### ERROR: /usr/bin/time -o time_16_jiayanwa_vdhankar.txt -f "%U" python3 homework.py > stulog.txt 2>&1 on vdhankar #####
##### Output of failed program (stdout + stderr): #####
Traceback (most recent call last):
  File "homework.py", line 546, in <module>
    print(end-start)
NameError: name 'end' is not defined
##### End of output of failed program #####
##### vdhankar plays [E c3 d4] in 15.2988359928131s #####
##### Running: /usr/lib/jvm/jdk-14.0.1/bin/java -jar /lab/itti/projects/checkers-competition/server/referee.jar on run_16_jiayanwa_vdhankar #####
Move is valid
##### SUCCESS: /usr/lib/jvm/jdk-14.0.1/bin/java -jar /lab/itti/projects/checkers-competition/server/referee.jar on run_16_jiayanwa_vdhankar #####
INPUT for jiayanwa:
GAME
BLACK
294.73
.b...b.b
..b...b.
.....b.b
b.b.....
...w.w.w
w...w.w.
........
w.w.w...
##### Running: /usr/bin/time -o time_16_jiayanwa_vdhankar.txt -f "%U" /usr/lib/jvm/jdk-14.0.1/bin/java homework > stulog.txt 2>&1 on jiayanwa #####
##### SUCCESS: /usr/bin/time -o time_16_jiayanwa_vdhankar.txt -f "%U" /usr/lib/jvm/jdk-14.0.1/bin/java homework > stulog.txt 2>&1 on jiayanwa #####
##### jiayanwa plays [E c5 b4] in 0.56s #####
##### Running: /usr/lib/jvm/jdk-14.0.1/bin/java -jar /lab/itti/projects/checkers-competition/server/referee.jar on run_16_jiayanwa_vdhankar #####
Move is valid
##### SUCCESS: /usr/lib/jvm/jdk-14.0.1/bin/java -jar /lab/itti/projects/checkers-competition/server/referee.jar on run_16_jiayanwa_vdhankar #####
INPUT for vdhankar:
GAME
WHITE
193.675450801849
.b...b.b
..b...b.
.....b.b
b.......
.b.w.w.w
w...w.w.
........
w.w.w...
##### Running: /usr/bin/time -o time_16_jiayanwa_vdhankar.txt -f "%U" python3 homework.py > stulog.txt 2>&1 on vdhankar #####
child exited with value 1
##### ERROR: /usr/bin/time -o time_16_jiayanwa_vdhankar.txt -f "%U" python3 homework.py > stulog.txt 2>&1 on vdhankar #####
##### Output of failed program (stdout + stderr): #####
Traceback (most recent call last):
  File "homework.py", line 546, in <module>
    print(end-start)
NameError: name 'end' is not defined
##### End of output of failed program #####
##### vdhankar plays [J a3 c5] in 2.07903504371643s #####
##### Running: /usr/lib/jvm/jdk-14.0.1/bin/java -jar /lab/itti/projects/checkers-competition/server/referee.jar on run_16_jiayanwa_vdhankar #####
Move is valid
##### SUCCESS: /usr/lib/jvm/jdk-14.0.1/bin/java -jar /lab/itti/projects/checkers-competition/server/referee.jar on run_16_jiayanwa_vdhankar #####
INPUT for jiayanwa:
GAME
BLACK
294.17
.b...b.b
..b...b.
.....b.b
b.w.....
...w.w.w
....w.w.
........
w.w.w...
##### Running: /usr/bin/time -o time_16_jiayanwa_vdhankar.txt -f "%U" /usr/lib/jvm/jdk-14.0.1/bin/java homework > stulog.txt 2>&1 on jiayanwa #####
##### SUCCESS: /usr/bin/time -o time_16_jiayanwa_vdhankar.txt -f "%U" /usr/lib/jvm/jdk-14.0.1/bin/java homework > stulog.txt 2>&1 on jiayanwa #####
##### jiayanwa plays [E a5 b4] in 0.43s #####
##### Running: /usr/lib/jvm/jdk-14.0.1/bin/java -jar /lab/itti/projects/checkers-competition/server/referee.jar on run_16_jiayanwa_vdhankar #####
Move is valid
##### SUCCESS: /usr/lib/jvm/jdk-14.0.1/bin/java -jar /lab/itti/projects/checkers-competition/server/referee.jar on run_16_jiayanwa_vdhankar #####
INPUT for vdhankar:
GAME
WHITE
191.596415758133
.b...b.b
..b...b.
.....b.b
..w.....
.b.w.w.w
....w.w.
........
w.w.w...
##### Running: /usr/bin/time -o time_16_jiayanwa_vdhankar.txt -f "%U" python3 homework.py > stulog.txt 2>&1 on vdhankar #####
child exited with value 1
##### ERROR: /usr/bin/time -o time_16_jiayanwa_vdhankar.txt -f "%U" python3 homework.py > stulog.txt 2>&1 on vdhankar #####
##### Output of failed program (stdout + stderr): #####
Traceback (most recent call last):
  File "homework.py", line 546, in <module>
    print(end-start)
NameError: name 'end' is not defined
##### End of output of failed program #####
##### vdhankar plays [E f4 e5] in 13.5746450424194s #####
##### Running: /usr/lib/jvm/jdk-14.0.1/bin/java -jar /lab/itti/projects/checkers-competition/server/referee.jar on run_16_jiayanwa_vdhankar #####
Move is valid
##### SUCCESS: /usr/lib/jvm/jdk-14.0.1/bin/java -jar /lab/itti/projects/checkers-competition/server/referee.jar on run_16_jiayanwa_vdhankar #####
INPUT for jiayanwa:
GAME
BLACK
293.74
.b...b.b
..b...b.
.....b.b
..w.w...
.b.w...w
....w.w.
........
w.w.w...
##### Running: /usr/bin/time -o time_16_jiayanwa_vdhankar.txt -f "%U" /usr/lib/jvm/jdk-14.0.1/bin/java homework > stulog.txt 2>&1 on jiayanwa #####
##### SUCCESS: /usr/bin/time -o time_16_jiayanwa_vdhankar.txt -f "%U" /usr/lib/jvm/jdk-14.0.1/bin/java homework > stulog.txt 2>&1 on jiayanwa #####
##### jiayanwa plays [E b4 a3] in 0.71s #####
##### Running: /usr/lib/jvm/jdk-14.0.1/bin/java -jar /lab/itti/projects/checkers-competition/server/referee.jar on run_16_jiayanwa_vdhankar #####
Move is valid
##### SUCCESS: /usr/lib/jvm/jdk-14.0.1/bin/java -jar /lab/itti/projects/checkers-competition/server/referee.jar on run_16_jiayanwa_vdhankar #####
INPUT for vdhankar:
GAME
WHITE
178.021770715714
.b...b.b
..b...b.
.....b.b
..w.w...
...w...w
b...w.w.
........
w.w.w...
##### Running: /usr/bin/time -o time_16_jiayanwa_vdhankar.txt -f "%U" python3 homework.py > stulog.txt 2>&1 on vdhankar #####
child exited with value 1
##### ERROR: /usr/bin/time -o time_16_jiayanwa_vdhankar.txt -f "%U" python3 homework.py > stulog.txt 2>&1 on vdhankar #####
##### Output of failed program (stdout + stderr): #####
Traceback (most recent call last):
  File "homework.py", line 546, in <module>
    print(end-start)
NameError: name 'end' is not defined
##### End of output of failed program #####
##### vdhankar plays [E g3 f4] in 11.0988841056824s #####
##### Running: /usr/lib/jvm/jdk-14.0.1/bin/java -jar /lab/itti/projects/checkers-competition/server/referee.jar on run_16_jiayanwa_vdhankar #####
Move is valid
##### SUCCESS: /usr/lib/jvm/jdk-14.0.1/bin/java -jar /lab/itti/projects/checkers-competition/server/referee.jar on run_16_jiayanwa_vdhankar #####
INPUT for jiayanwa:
GAME
BLACK
293.03
.b...b.b
..b...b.
.....b.b
..w.w...
...w.w.w
b...w...
........
w.w.w...
##### Running: /usr/bin/time -o time_16_jiayanwa_vdhankar.txt -f "%U" /usr/lib/jvm/jdk-14.0.1/bin/java homework > stulog.txt 2>&1 on jiayanwa #####
##### SUCCESS: /usr/bin/time -o time_16_jiayanwa_vdhankar.txt -f "%U" /usr/lib/jvm/jdk-14.0.1/bin/java homework > stulog.txt 2>&1 on jiayanwa #####
##### jiayanwa plays [E c7 d6] in 0.42s #####
##### Running: /usr/lib/jvm/jdk-14.0.1/bin/java -jar /lab/itti/projects/checkers-competition/server/referee.jar on run_16_jiayanwa_vdhankar #####
Move is valid
##### SUCCESS: /usr/lib/jvm/jdk-14.0.1/bin/java -jar /lab/itti/projects/checkers-competition/server/referee.jar on run_16_jiayanwa_vdhankar #####
INPUT for vdhankar:
GAME
WHITE
166.922886610031
.b...b.b
......b.
...b.b.b
..w.w...
...w.w.w
b...w...
........
w.w.w...
##### Running: /usr/bin/time -o time_16_jiayanwa_vdhankar.txt -f "%U" python3 homework.py > stulog.txt 2>&1 on vdhankar #####
child exited with value 1
##### ERROR: /usr/bin/time -o time_16_jiayanwa_vdhankar.txt -f "%U" python3 homework.py > stulog.txt 2>&1 on vdhankar #####
##### Output of failed program (stdout + stderr): #####
Traceback (most recent call last):
  File "homework.py", line 546, in <module>
    print(end-start)
NameError: name 'end' is not defined
##### End of output of failed program #####
##### vdhankar plays [J c5 e7] in 0.876035928726196s #####
##### Running: /usr/lib/jvm/jdk-14.0.1/bin/java -jar /lab/itti/projects/checkers-competition/server/referee.jar on run_16_jiayanwa_vdhankar #####
Move is valid
##### SUCCESS: /usr/lib/jvm/jdk-14.0.1/bin/java -jar /lab/itti/projects/checkers-competition/server/referee.jar on run_16_jiayanwa_vdhankar #####
INPUT for jiayanwa:
GAME
BLACK
292.61
.b...b.b
....w.b.
.....b.b
....w...
...w.w.w
b...w...
........
w.w.w...
##### Running: /usr/bin/time -o time_16_jiayanwa_vdhankar.txt -f "%U" /usr/lib/jvm/jdk-14.0.1/bin/java homework > stulog.txt 2>&1 on jiayanwa #####
##### SUCCESS: /usr/bin/time -o time_16_jiayanwa_vdhankar.txt -f "%U" /usr/lib/jvm/jdk-14.0.1/bin/java homework > stulog.txt 2>&1 on jiayanwa #####
##### jiayanwa plays [J f8 d6] in 0.3s #####
##### Running: /usr/lib/jvm/jdk-14.0.1/bin/java -jar /lab/itti/projects/checkers-competition/server/referee.jar on run_16_jiayanwa_vdhankar #####
Move is valid
##### SUCCESS: /usr/lib/jvm/jdk-14.0.1/bin/java -jar /lab/itti/projects/checkers-competition/server/referee.jar on run_16_jiayanwa_vdhankar #####
INPUT for vdhankar:
GAME
WHITE
166.046850681305
.b.....b
......b.
...b.b.b
....w...
...w.w.w
b...w...
........
w.w.w...
##### Running: /usr/bin/time -o time_16_jiayanwa_vdhankar.txt -f "%U" python3 homework.py > stulog.txt 2>&1 on vdhankar #####
child exited with value 1
##### ERROR: /usr/bin/time -o time_16_jiayanwa_vdhankar.txt -f "%U" python3 homework.py > stulog.txt 2>&1 on vdhankar #####
##### Output of failed program (stdout + stderr): #####
Traceback (most recent call last):
  File "homework.py", line 546, in <module>
    print(end-start)
NameError: name 'end' is not defined
##### End of output of failed program #####
##### vdhankar plays [J e5 c7] in 0.49887490272522s #####
##### Running: /usr/lib/jvm/jdk-14.0.1/bin/java -jar /lab/itti/projects/checkers-competition/server/referee.jar on run_16_jiayanwa_vdhankar #####
Move is valid
##### SUCCESS: /usr/lib/jvm/jdk-14.0.1/bin/java -jar /lab/itti/projects/checkers-competition/server/referee.jar on run_16_jiayanwa_vdhankar #####
INPUT for jiayanwa:
GAME
BLACK
292.31
.b.....b
..w...b.
.....b.b
........
...w.w.w
b...w...
........
w.w.w...
##### Running: /usr/bin/time -o time_16_jiayanwa_vdhankar.txt -f "%U" /usr/lib/jvm/jdk-14.0.1/bin/java homework > stulog.txt 2>&1 on jiayanwa #####
##### SUCCESS: /usr/bin/time -o time_16_jiayanwa_vdhankar.txt -f "%U" /usr/lib/jvm/jdk-14.0.1/bin/java homework > stulog.txt 2>&1 on jiayanwa #####
##### jiayanwa plays [J b8 d6] in 0.29s #####
##### Running: /usr/lib/jvm/jdk-14.0.1/bin/java -jar /lab/itti/projects/checkers-competition/server/referee.jar on run_16_jiayanwa_vdhankar #####
Move is valid
##### SUCCESS: /usr/lib/jvm/jdk-14.0.1/bin/java -jar /lab/itti/projects/checkers-competition/server/referee.jar on run_16_jiayanwa_vdhankar #####
INPUT for vdhankar:
GAME
WHITE
165.54797577858
.......b
......b.
...b.b.b
........
...w.w.w
b...w...
........
w.w.w...
##### Running: /usr/bin/time -o time_16_jiayanwa_vdhankar.txt -f "%U" python3 homework.py > stulog.txt 2>&1 on vdhankar #####
child exited with value 1
##### ERROR: /usr/bin/time -o time_16_jiayanwa_vdhankar.txt -f "%U" python3 homework.py > stulog.txt 2>&1 on vdhankar #####
##### Output of failed program (stdout + stderr): #####
Traceback (most recent call last):
  File "homework.py", line 546, in <module>
    print(end-start)
NameError: name 'end' is not defined
##### End of output of failed program #####
##### vdhankar plays [E h4 g5] in 1.47677803039551s #####
##### Running: /usr/lib/jvm/jdk-14.0.1/bin/java -jar /lab/itti/projects/checkers-competition/server/referee.jar on run_16_jiayanwa_vdhankar #####
Move is valid
##### SUCCESS: /usr/lib/jvm/jdk-14.0.1/bin/java -jar /lab/itti/projects/checkers-competition/server/referee.jar on run_16_jiayanwa_vdhankar #####
INPUT for jiayanwa:
GAME
BLACK
292.02
.......b
......b.
...b.b.b
......w.
...w.w..
b...w...
........
w.w.w...
##### Running: /usr/bin/time -o time_16_jiayanwa_vdhankar.txt -f "%U" /usr/lib/jvm/jdk-14.0.1/bin/java homework > stulog.txt 2>&1 on jiayanwa #####
##### SUCCESS: /usr/bin/time -o time_16_jiayanwa_vdhankar.txt -f "%U" /usr/lib/jvm/jdk-14.0.1/bin/java homework > stulog.txt 2>&1 on jiayanwa #####
##### jiayanwa plays [J f6 h4] in 0.3s #####
##### Running: /usr/lib/jvm/jdk-14.0.1/bin/java -jar /lab/itti/projects/checkers-competition/server/referee.jar on run_16_jiayanwa_vdhankar #####
Move is valid
##### SUCCESS: /usr/lib/jvm/jdk-14.0.1/bin/java -jar /lab/itti/projects/checkers-competition/server/referee.jar on run_16_jiayanwa_vdhankar #####
INPUT for vdhankar:
GAME
WHITE
164.071197748184
.......b
......b.
...b...b
........
...w.w.b
b...w...
........
w.w.w...
##### Running: /usr/bin/time -o time_16_jiayanwa_vdhankar.txt -f "%U" python3 homework.py > stulog.txt 2>&1 on vdhankar #####
child exited with value 1
##### ERROR: /usr/bin/time -o time_16_jiayanwa_vdhankar.txt -f "%U" python3 homework.py > stulog.txt 2>&1 on vdhankar #####
##### Output of failed program (stdout + stderr): #####
Traceback (most recent call last):
  File "homework.py", line 546, in <module>
    print(end-start)
NameError: name 'end' is not defined
##### End of output of failed program #####
##### vdhankar plays [E e1 f2] in 3.62362504005432s #####
##### Running: /usr/lib/jvm/jdk-14.0.1/bin/java -jar /lab/itti/projects/checkers-competition/server/referee.jar on run_16_jiayanwa_vdhankar #####
Move is valid
##### SUCCESS: /usr/lib/jvm/jdk-14.0.1/bin/java -jar /lab/itti/projects/checkers-competition/server/referee.jar on run_16_jiayanwa_vdhankar #####
INPUT for jiayanwa:
GAME
BLACK
291.72
.......b
......b.
...b...b
........
...w.w.b
b...w...
.....w..
w.w.....
##### Running: /usr/bin/time -o time_16_jiayanwa_vdhankar.txt -f "%U" /usr/lib/jvm/jdk-14.0.1/bin/java homework > stulog.txt 2>&1 on jiayanwa #####
##### SUCCESS: /usr/bin/time -o time_16_jiayanwa_vdhankar.txt -f "%U" /usr/lib/jvm/jdk-14.0.1/bin/java homework > stulog.txt 2>&1 on jiayanwa #####
##### jiayanwa plays [E h4 g3] in 0.34s #####
##### Running: /usr/lib/jvm/jdk-14.0.1/bin/java -jar /lab/itti/projects/checkers-competition/server/referee.jar on run_16_jiayanwa_vdhankar #####
Move is valid
##### SUCCESS: /usr/lib/jvm/jdk-14.0.1/bin/java -jar /lab/itti/projects/checkers-competition/server/referee.jar on run_16_jiayanwa_vdhankar #####
INPUT for vdhankar:
GAME
WHITE
160.44757270813
.......b
......b.
...b...b
........
...w.w..
b...w.b.
.....w..
w.w.....
##### Running: /usr/bin/time -o time_16_jiayanwa_vdhankar.txt -f "%U" python3 homework.py > stulog.txt 2>&1 on vdhankar #####
child exited with value 1
##### ERROR: /usr/bin/time -o time_16_jiayanwa_vdhankar.txt -f "%U" python3 homework.py > stulog.txt 2>&1 on vdhankar #####
##### Output of failed program (stdout + stderr): #####
Traceback (most recent call last):
  File "homework.py", line 546, in <module>
    print(end-start)
NameError: name 'end' is not defined
##### End of output of failed program #####
##### vdhankar plays [J f2 h4] in 0.591278791427612s #####
##### Running: /usr/lib/jvm/jdk-14.0.1/bin/java -jar /lab/itti/projects/checkers-competition/server/referee.jar on run_16_jiayanwa_vdhankar #####
Move is valid
##### SUCCESS: /usr/lib/jvm/jdk-14.0.1/bin/java -jar /lab/itti/projects/checkers-competition/server/referee.jar on run_16_jiayanwa_vdhankar #####
INPUT for jiayanwa:
GAME
BLACK
291.38
.......b
......b.
...b...b
........
...w.w.w
b...w...
........
w.w.....
##### Running: /usr/bin/time -o time_16_jiayanwa_vdhankar.txt -f "%U" /usr/lib/jvm/jdk-14.0.1/bin/java homework > stulog.txt 2>&1 on jiayanwa #####
##### SUCCESS: /usr/bin/time -o time_16_jiayanwa_vdhankar.txt -f "%U" /usr/lib/jvm/jdk-14.0.1/bin/java homework > stulog.txt 2>&1 on jiayanwa #####
##### jiayanwa plays [E d6 e5] in 0.29s #####
##### Running: /usr/lib/jvm/jdk-14.0.1/bin/java -jar /lab/itti/projects/checkers-competition/server/referee.jar on run_16_jiayanwa_vdhankar #####
Move is valid
##### SUCCESS: /usr/lib/jvm/jdk-14.0.1/bin/java -jar /lab/itti/projects/checkers-competition/server/referee.jar on run_16_jiayanwa_vdhankar #####
INPUT for vdhankar:
GAME
WHITE
159.856293916702
.......b
......b.
.......b
....b...
...w.w.w
b...w...
........
w.w.....
##### Running: /usr/bin/time -o time_16_jiayanwa_vdhankar.txt -f "%U" python3 homework.py > stulog.txt 2>&1 on vdhankar #####
child exited with value 1
##### ERROR: /usr/bin/time -o time_16_jiayanwa_vdhankar.txt -f "%U" python3 homework.py > stulog.txt 2>&1 on vdhankar #####
##### Output of failed program (stdout + stderr): #####
Traceback (most recent call last):
  File "homework.py", line 546, in <module>
    print(end-start)
NameError: name 'end' is not defined
##### End of output of failed program #####
##### vdhankar plays [J f4 d6] in 1.20609283447266s #####
##### Running: /usr/lib/jvm/jdk-14.0.1/bin/java -jar /lab/itti/projects/checkers-competition/server/referee.jar on run_16_jiayanwa_vdhankar #####
Move is valid
##### SUCCESS: /usr/lib/jvm/jdk-14.0.1/bin/java -jar /lab/itti/projects/checkers-competition/server/referee.jar on run_16_jiayanwa_vdhankar #####
INPUT for jiayanwa:
GAME
BLACK
291.09
.......b
......b.
...w...b
........
...w...w
b...w...
........
w.w.....
##### Running: /usr/bin/time -o time_16_jiayanwa_vdhankar.txt -f "%U" /usr/lib/jvm/jdk-14.0.1/bin/java homework > stulog.txt 2>&1 on jiayanwa #####
##### SUCCESS: /usr/bin/time -o time_16_jiayanwa_vdhankar.txt -f "%U" /usr/lib/jvm/jdk-14.0.1/bin/java homework > stulog.txt 2>&1 on jiayanwa #####
##### jiayanwa plays [E h6 g5] in 0.31s #####
##### Running: /usr/lib/jvm/jdk-14.0.1/bin/java -jar /lab/itti/projects/checkers-competition/server/referee.jar on run_16_jiayanwa_vdhankar #####
Move is valid
##### SUCCESS: /usr/lib/jvm/jdk-14.0.1/bin/java -jar /lab/itti/projects/checkers-competition/server/referee.jar on run_16_jiayanwa_vdhankar #####
INPUT for vdhankar:
GAME
WHITE
158.65020108223
.......b
......b.
...w....
......b.
...w...w
b...w...
........
w.w.....
##### Running: /usr/bin/time -o time_16_jiayanwa_vdhankar.txt -f "%U" python3 homework.py > stulog.txt 2>&1 on vdhankar #####
child exited with value 1
##### ERROR: /usr/bin/time -o time_16_jiayanwa_vdhankar.txt -f "%U" python3 homework.py > stulog.txt 2>&1 on vdhankar #####
##### Output of failed program (stdout + stderr): #####
Traceback (most recent call last):
  File "homework.py", line 546, in <module>
    print(end-start)
NameError: name 'end' is not defined
##### End of output of failed program #####
##### vdhankar plays [J h4 f6] in 0.638288974761963s #####
##### Running: /usr/lib/jvm/jdk-14.0.1/bin/java -jar /lab/itti/projects/checkers-competition/server/referee.jar on run_16_jiayanwa_vdhankar #####
Move is valid
##### SUCCESS: /usr/lib/jvm/jdk-14.0.1/bin/java -jar /lab/itti/projects/checkers-competition/server/referee.jar on run_16_jiayanwa_vdhankar #####
INPUT for jiayanwa:
GAME
BLACK
290.78
.......b
......b.
...w.w..
........
...w....
b...w...
........
w.w.....
##### Running: /usr/bin/time -o time_16_jiayanwa_vdhankar.txt -f "%U" /usr/lib/jvm/jdk-14.0.1/bin/java homework > stulog.txt 2>&1 on jiayanwa #####
##### SUCCESS: /usr/bin/time -o time_16_jiayanwa_vdhankar.txt -f "%U" /usr/lib/jvm/jdk-14.0.1/bin/java homework > stulog.txt 2>&1 on jiayanwa #####
##### jiayanwa plays [J g7 e5 ; J e5 c3] in 0.34s #####
##### Running: /usr/lib/jvm/jdk-14.0.1/bin/java -jar /lab/itti/projects/checkers-competition/server/referee.jar on run_16_jiayanwa_vdhankar #####
Move is valid
##### SUCCESS: /usr/lib/jvm/jdk-14.0.1/bin/java -jar /lab/itti/projects/checkers-competition/server/referee.jar on run_16_jiayanwa_vdhankar #####
INPUT for vdhankar:
GAME
WHITE
158.011912107468
.......b
........
...w....
........
........
b.b.w...
........
w.w.....
##### Running: /usr/bin/time -o time_16_jiayanwa_vdhankar.txt -f "%U" python3 homework.py > stulog.txt 2>&1 on vdhankar #####
child exited with value 1
##### ERROR: /usr/bin/time -o time_16_jiayanwa_vdhankar.txt -f "%U" python3 homework.py > stulog.txt 2>&1 on vdhankar #####
##### Output of failed program (stdout + stderr): #####
Traceback (most recent call last):
  File "homework.py", line 546, in <module>
    print(end-start)
NameError: name 'end' is not defined
##### End of output of failed program #####
##### vdhankar plays [E e3 d4] in 2.37539410591125s #####
##### Running: /usr/lib/jvm/jdk-14.0.1/bin/java -jar /lab/itti/projects/checkers-competition/server/referee.jar on run_16_jiayanwa_vdhankar #####
Move is valid
##### SUCCESS: /usr/lib/jvm/jdk-14.0.1/bin/java -jar /lab/itti/projects/checkers-competition/server/referee.jar on run_16_jiayanwa_vdhankar #####
INPUT for jiayanwa:
GAME
BLACK
290.44
.......b
........
...w....
........
...w....
b.b.....
........
w.w.....
##### Running: /usr/bin/time -o time_16_jiayanwa_vdhankar.txt -f "%U" /usr/lib/jvm/jdk-14.0.1/bin/java homework > stulog.txt 2>&1 on jiayanwa #####
##### SUCCESS: /usr/bin/time -o time_16_jiayanwa_vdhankar.txt -f "%U" /usr/lib/jvm/jdk-14.0.1/bin/java homework > stulog.txt 2>&1 on jiayanwa #####
##### jiayanwa plays [E a3 b2] in 0.3s #####
##### Running: /usr/lib/jvm/jdk-14.0.1/bin/java -jar /lab/itti/projects/checkers-competition/server/referee.jar on run_16_jiayanwa_vdhankar #####
Move is valid
##### SUCCESS: /usr/lib/jvm/jdk-14.0.1/bin/java -jar /lab/itti/projects/checkers-competition/server/referee.jar on run_16_jiayanwa_vdhankar #####
INPUT for vdhankar:
GAME
WHITE
155.636518001556
.......b
........
...w....
........
...w....
..b.....
.b......
w.w.....
##### Running: /usr/bin/time -o time_16_jiayanwa_vdhankar.txt -f "%U" python3 homework.py > stulog.txt 2>&1 on vdhankar #####
child exited with value 1
##### ERROR: /usr/bin/time -o time_16_jiayanwa_vdhankar.txt -f "%U" python3 homework.py > stulog.txt 2>&1 on vdhankar #####
##### Output of failed program (stdout + stderr): #####
Traceback (most recent call last):
  File "homework.py", line 546, in <module>
    print(end-start)
NameError: name 'end' is not defined
##### End of output of failed program #####
##### vdhankar plays [J c1 a3] in 0.856892824172974s #####
##### Running: /usr/lib/jvm/jdk-14.0.1/bin/java -jar /lab/itti/projects/checkers-competition/server/referee.jar on run_16_jiayanwa_vdhankar #####
Move is valid
##### SUCCESS: /usr/lib/jvm/jdk-14.0.1/bin/java -jar /lab/itti/projects/checkers-competition/server/referee.jar on run_16_jiayanwa_vdhankar #####
INPUT for jiayanwa:
GAME
BLACK
290.14
.......b
........
...w....
........
...w....
w.b.....
........
w.......
##### Running: /usr/bin/time -o time_16_jiayanwa_vdhankar.txt -f "%U" /usr/lib/jvm/jdk-14.0.1/bin/java homework > stulog.txt 2>&1 on jiayanwa #####
##### SUCCESS: /usr/bin/time -o time_16_jiayanwa_vdhankar.txt -f "%U" /usr/lib/jvm/jdk-14.0.1/bin/java homework > stulog.txt 2>&1 on jiayanwa #####
##### jiayanwa plays [E c3 d2] in 0.32s #####
##### Running: /usr/lib/jvm/jdk-14.0.1/bin/java -jar /lab/itti/projects/checkers-competition/server/referee.jar on run_16_jiayanwa_vdhankar #####
Move is valid
##### SUCCESS: /usr/lib/jvm/jdk-14.0.1/bin/java -jar /lab/itti/projects/checkers-competition/server/referee.jar on run_16_jiayanwa_vdhankar #####
INPUT for vdhankar:
GAME
WHITE
154.779625177383
.......b
........
...w....
........
...w....
w.......
...b....
w.......
##### Running: /usr/bin/time -o time_16_jiayanwa_vdhankar.txt -f "%U" python3 homework.py > stulog.txt 2>&1 on vdhankar #####
child exited with value 1
##### ERROR: /usr/bin/time -o time_16_jiayanwa_vdhankar.txt -f "%U" python3 homework.py > stulog.txt 2>&1 on vdhankar #####
##### Output of failed program (stdout + stderr): #####
Traceback (most recent call last):
  File "homework.py", line 546, in <module>
    print(end-start)
NameError: name 'end' is not defined
##### End of output of failed program #####
##### vdhankar plays [E d4 e5] in 4.92869091033936s #####
##### Running: /usr/lib/jvm/jdk-14.0.1/bin/java -jar /lab/itti/projects/checkers-competition/server/referee.jar on run_16_jiayanwa_vdhankar #####
Move is valid
##### SUCCESS: /usr/lib/jvm/jdk-14.0.1/bin/java -jar /lab/itti/projects/checkers-competition/server/referee.jar on run_16_jiayanwa_vdhankar #####
INPUT for jiayanwa:
GAME
BLACK
289.82
.......b
........
...w....
....w...
........
w.......
...b....
w.......
##### Running: /usr/bin/time -o time_16_jiayanwa_vdhankar.txt -f "%U" /usr/lib/jvm/jdk-14.0.1/bin/java homework > stulog.txt 2>&1 on jiayanwa #####
##### SUCCESS: /usr/bin/time -o time_16_jiayanwa_vdhankar.txt -f "%U" /usr/lib/jvm/jdk-14.0.1/bin/java homework > stulog.txt 2>&1 on jiayanwa #####
##### jiayanwa plays [E d2 c1] in 0.33s #####
##### Running: /usr/lib/jvm/jdk-14.0.1/bin/java -jar /lab/itti/projects/checkers-competition/server/referee.jar on run_16_jiayanwa_vdhankar #####
Move is valid
##### SUCCESS: /usr/lib/jvm/jdk-14.0.1/bin/java -jar /lab/itti/projects/checkers-competition/server/referee.jar on run_16_jiayanwa_vdhankar #####
INPUT for vdhankar:
GAME
WHITE
149.850934267044
.......b
........
...w....
....w...
........
w.......
........
w.B.....
##### Running: /usr/bin/time -o time_16_jiayanwa_vdhankar.txt -f "%U" python3 homework.py > stulog.txt 2>&1 on vdhankar #####
child exited with value 1
##### ERROR: /usr/bin/time -o time_16_jiayanwa_vdhankar.txt -f "%U" python3 homework.py > stulog.txt 2>&1 on vdhankar #####
##### Output of failed program (stdout + stderr): #####
Traceback (most recent call last):
  File "homework.py", line 546, in <module>
    print(end-start)
NameError: name 'end' is not defined
##### End of output of failed program #####
##### vdhankar plays [E d6 e7] in 2.33852696418762s #####
##### Running: /usr/lib/jvm/jdk-14.0.1/bin/java -jar /lab/itti/projects/checkers-competition/server/referee.jar on run_16_jiayanwa_vdhankar #####
Move is valid
##### SUCCESS: /usr/lib/jvm/jdk-14.0.1/bin/java -jar /lab/itti/projects/checkers-competition/server/referee.jar on run_16_jiayanwa_vdhankar #####
INPUT for jiayanwa:
GAME
BLACK
289.49
.......b
....w...
........
....w...
........
w.......
........
w.B.....
##### Running: /usr/bin/time -o time_16_jiayanwa_vdhankar.txt -f "%U" /usr/lib/jvm/jdk-14.0.1/bin/java homework > stulog.txt 2>&1 on jiayanwa #####
##### SUCCESS: /usr/bin/time -o time_16_jiayanwa_vdhankar.txt -f "%U" /usr/lib/jvm/jdk-14.0.1/bin/java homework > stulog.txt 2>&1 on jiayanwa #####
##### jiayanwa plays [E c1 d2] in 0.33s #####
##### Running: /usr/lib/jvm/jdk-14.0.1/bin/java -jar /lab/itti/projects/checkers-competition/server/referee.jar on run_16_jiayanwa_vdhankar #####
Move is valid
##### SUCCESS: /usr/lib/jvm/jdk-14.0.1/bin/java -jar /lab/itti/projects/checkers-competition/server/referee.jar on run_16_jiayanwa_vdhankar #####
INPUT for vdhankar:
GAME
WHITE
147.512407302856
.......b
....w...
........
....w...
........
w.......
...B....
w.......
##### Running: /usr/bin/time -o time_16_jiayanwa_vdhankar.txt -f "%U" python3 homework.py > stulog.txt 2>&1 on vdhankar #####
child exited with value 1
##### ERROR: /usr/bin/time -o time_16_jiayanwa_vdhankar.txt -f "%U" python3 homework.py > stulog.txt 2>&1 on vdhankar #####
##### Output of failed program (stdout + stderr): #####
Traceback (most recent call last):
  File "homework.py", line 546, in <module>
    print(end-start)
NameError: name 'end' is not defined
##### End of output of failed program #####
##### vdhankar plays [E e5 f6] in 3.8761579990387s #####
##### Running: /usr/lib/jvm/jdk-14.0.1/bin/java -jar /lab/itti/projects/checkers-competition/server/referee.jar on run_16_jiayanwa_vdhankar #####
Move is valid
##### SUCCESS: /usr/lib/jvm/jdk-14.0.1/bin/java -jar /lab/itti/projects/checkers-competition/server/referee.jar on run_16_jiayanwa_vdhankar #####
INPUT for jiayanwa:
GAME
BLACK
289.16
.......b
....w...
.....w..
........
........
w.......
...B....
w.......
##### Running: /usr/bin/time -o time_16_jiayanwa_vdhankar.txt -f "%U" /usr/lib/jvm/jdk-14.0.1/bin/java homework > stulog.txt 2>&1 on jiayanwa #####
##### SUCCESS: /usr/bin/time -o time_16_jiayanwa_vdhankar.txt -f "%U" /usr/lib/jvm/jdk-14.0.1/bin/java homework > stulog.txt 2>&1 on jiayanwa #####
##### jiayanwa plays [E d2 c1] in 0.34s #####
##### Running: /usr/lib/jvm/jdk-14.0.1/bin/java -jar /lab/itti/projects/checkers-competition/server/referee.jar on run_16_jiayanwa_vdhankar #####
Move is valid
##### SUCCESS: /usr/lib/jvm/jdk-14.0.1/bin/java -jar /lab/itti/projects/checkers-competition/server/referee.jar on run_16_jiayanwa_vdhankar #####
INPUT for vdhankar:
GAME
WHITE
143.636249303818
.......b
....w...
.....w..
........
........
w.......
........
w.B.....
##### Running: /usr/bin/time -o time_16_jiayanwa_vdhankar.txt -f "%U" python3 homework.py > stulog.txt 2>&1 on vdhankar #####
child exited with value 1
##### ERROR: /usr/bin/time -o time_16_jiayanwa_vdhankar.txt -f "%U" python3 homework.py > stulog.txt 2>&1 on vdhankar #####
##### Output of failed program (stdout + stderr): #####
Traceback (most recent call last):
  File "homework.py", line 546, in <module>
    print(end-start)
NameError: name 'end' is not defined
##### End of output of failed program #####
##### vdhankar plays [E a1 b2] in 1.59163618087769s #####
##### Running: /usr/lib/jvm/jdk-14.0.1/bin/java -jar /lab/itti/projects/checkers-competition/server/referee.jar on run_16_jiayanwa_vdhankar #####
Move is valid
##### SUCCESS: /usr/lib/jvm/jdk-14.0.1/bin/java -jar /lab/itti/projects/checkers-competition/server/referee.jar on run_16_jiayanwa_vdhankar #####
INPUT for jiayanwa:
GAME
BLACK
288.82
.......b
....w...
.....w..
........
........
w.......
.w......
..B.....
##### Running: /usr/bin/time -o time_16_jiayanwa_vdhankar.txt -f "%U" /usr/lib/jvm/jdk-14.0.1/bin/java homework > stulog.txt 2>&1 on jiayanwa #####
##### SUCCESS: /usr/bin/time -o time_16_jiayanwa_vdhankar.txt -f "%U" /usr/lib/jvm/jdk-14.0.1/bin/java homework > stulog.txt 2>&1 on jiayanwa #####
##### jiayanwa plays [E c1 d2] in 0.32s #####
##### Running: /usr/lib/jvm/jdk-14.0.1/bin/java -jar /lab/itti/projects/checkers-competition/server/referee.jar on run_16_jiayanwa_vdhankar #####
Move is valid
##### SUCCESS: /usr/lib/jvm/jdk-14.0.1/bin/java -jar /lab/itti/projects/checkers-competition/server/referee.jar on run_16_jiayanwa_vdhankar #####
INPUT for vdhankar:
GAME
WHITE
142.04461312294
.......b
....w...
.....w..
........
........
w.......
.w.B....
........
##### Running: /usr/bin/time -o time_16_jiayanwa_vdhankar.txt -f "%U" python3 homework.py > stulog.txt 2>&1 on vdhankar #####
child exited with value 1
##### ERROR: /usr/bin/time -o time_16_jiayanwa_vdhankar.txt -f "%U" python3 homework.py > stulog.txt 2>&1 on vdhankar #####
##### Output of failed program (stdout + stderr): #####
Traceback (most recent call last):
  File "homework.py", line 546, in <module>
    print(end-start)
NameError: name 'end' is not defined
##### End of output of failed program #####
##### vdhankar plays [E b2 c3] in 1.83375883102417s #####
##### Running: /usr/lib/jvm/jdk-14.0.1/bin/java -jar /lab/itti/projects/checkers-competition/server/referee.jar on run_16_jiayanwa_vdhankar #####
Move is valid
##### SUCCESS: /usr/lib/jvm/jdk-14.0.1/bin/java -jar /lab/itti/projects/checkers-competition/server/referee.jar on run_16_jiayanwa_vdhankar #####
INPUT for jiayanwa:
GAME
BLACK
288.5
.......b
....w...
.....w..
........
........
w.w.....
...B....
........
##### Running: /usr/bin/time -o time_16_jiayanwa_vdhankar.txt -f "%U" /usr/lib/jvm/jdk-14.0.1/bin/java homework > stulog.txt 2>&1 on jiayanwa #####
##### SUCCESS: /usr/bin/time -o time_16_jiayanwa_vdhankar.txt -f "%U" /usr/lib/jvm/jdk-14.0.1/bin/java homework > stulog.txt 2>&1 on jiayanwa #####
##### jiayanwa plays [J d2 b4] in 0.27s #####
##### Running: /usr/lib/jvm/jdk-14.0.1/bin/java -jar /lab/itti/projects/checkers-competition/server/referee.jar on run_16_jiayanwa_vdhankar #####
Move is valid
##### SUCCESS: /usr/lib/jvm/jdk-14.0.1/bin/java -jar /lab/itti/projects/checkers-competition/server/referee.jar on run_16_jiayanwa_vdhankar #####
INPUT for vdhankar:
GAME
WHITE
140.210854291916
.......b
....w...
.....w..
........
.B......
w.......
........
........
##### Running: /usr/bin/time -o time_16_jiayanwa_vdhankar.txt -f "%U" python3 homework.py > stulog.txt 2>&1 on vdhankar #####
child exited with value 1
##### ERROR: /usr/bin/time -o time_16_jiayanwa_vdhankar.txt -f "%U" python3 homework.py > stulog.txt 2>&1 on vdhankar #####
##### Output of failed program (stdout + stderr): #####
Traceback (most recent call last):
  File "homework.py", line 546, in <module>
    print(end-start)
NameError: name 'end' is not defined
##### End of output of failed program #####
##### vdhankar plays [J a3 c5] in 0.322479963302612s #####
##### Running: /usr/lib/jvm/jdk-14.0.1/bin/java -jar /lab/itti/projects/checkers-competition/server/referee.jar on run_16_jiayanwa_vdhankar #####
Move is valid
##### SUCCESS: /usr/lib/jvm/jdk-14.0.1/bin/java -jar /lab/itti/projects/checkers-competition/server/referee.jar on run_16_jiayanwa_vdhankar #####
INPUT for jiayanwa:
GAME
BLACK
288.23
.......b
....w...
.....w..
..w.....
........
........
........
........
##### Running: /usr/bin/time -o time_16_jiayanwa_vdhankar.txt -f "%U" /usr/lib/jvm/jdk-14.0.1/bin/java homework > stulog.txt 2>&1 on jiayanwa #####
##### SUCCESS: /usr/bin/time -o time_16_jiayanwa_vdhankar.txt -f "%U" /usr/lib/jvm/jdk-14.0.1/bin/java homework > stulog.txt 2>&1 on jiayanwa #####
##### jiayanwa plays [E h8 g7] in 0.29s #####
##### Running: /usr/lib/jvm/jdk-14.0.1/bin/java -jar /lab/itti/projects/checkers-competition/server/referee.jar on run_16_jiayanwa_vdhankar #####
Move is valid
##### SUCCESS: /usr/lib/jvm/jdk-14.0.1/bin/java -jar /lab/itti/projects/checkers-competition/server/referee.jar on run_16_jiayanwa_vdhankar #####
INPUT for vdhankar:
GAME
WHITE
139.888374328613
........
....w.b.
.....w..
..w.....
........
........
........
........
##### Running: /usr/bin/time -o time_16_jiayanwa_vdhankar.txt -f "%U" python3 homework.py > stulog.txt 2>&1 on vdhankar #####
child exited with value 1
##### ERROR: /usr/bin/time -o time_16_jiayanwa_vdhankar.txt -f "%U" python3 homework.py > stulog.txt 2>&1 on vdhankar #####
##### Output of failed program (stdout + stderr): #####
Traceback (most recent call last):
  File "homework.py", line 546, in <module>
    print(end-start)
NameError: name 'end' is not defined
##### End of output of failed program #####
##### vdhankar plays [J f6 h8] in 0.286421060562134s #####
##### Running: /usr/lib/jvm/jdk-14.0.1/bin/java -jar /lab/itti/projects/checkers-competition/server/referee.jar on run_16_jiayanwa_vdhankar #####
Move is valid
After this move, player BLACK cannot make any moves
*** Winner: WHITE ***
##### SUCCESS: /usr/lib/jvm/jdk-14.0.1/bin/java -jar /lab/itti/projects/checkers-competition/server/referee.jar on run_16_jiayanwa_vdhankar #####
##### GAME OVER: vdhankar wins the game! #####
Server said: WIN
########## ROUND 16 GAMESCORE AFTER GAME 1: jiayanwa=0 and vdhankar=1 ##########
#################### ROUND 16: jiayanwa (W) vs vdhankar (B): game 2 ####################
##### game start! #####
INPUT for vdhankar:
GAME
BLACK
300
.b.b.b.b
b.b.b.b.
.b.b.b.b
........
........
w.w.w.w.
.w.w.w.w
w.w.w.w.
##### Running: /usr/bin/time -o time_16_jiayanwa_vdhankar.txt -f "%U" python3 homework.py > stulog.txt 2>&1 on vdhankar #####
child exited with value 1
##### ERROR: /usr/bin/time -o time_16_jiayanwa_vdhankar.txt -f "%U" python3 homework.py > stulog.txt 2>&1 on vdhankar #####
##### Output of failed program (stdout + stderr): #####
Traceback (most recent call last):
  File "homework.py", line 546, in <module>
    print(end-start)
NameError: name 'end' is not defined
##### End of output of failed program #####
##### vdhankar plays [E h6 g5] in 10.078898191452s #####
##### Running: /usr/lib/jvm/jdk-14.0.1/bin/java -jar /lab/itti/projects/checkers-competition/server/referee.jar on run_16_jiayanwa_vdhankar #####
Move is valid
Couldn't read file 'current_ply.txt'
Couldn't read content from file 'current_ply.txt'
Couldn't read file 'lastmatchange_ply.txt'
Couldn't read content from file 'lastmatchange_ply.txt'
##### SUCCESS: /usr/lib/jvm/jdk-14.0.1/bin/java -jar /lab/itti/projects/checkers-competition/server/referee.jar on run_16_jiayanwa_vdhankar #####
INPUT for jiayanwa:
GAME
WHITE
300
.b.b.b.b
b.b.b.b.
.b.b.b..
......b.
........
w.w.w.w.
.w.w.w.w
w.w.w.w.
##### Running: /usr/bin/time -o time_16_jiayanwa_vdhankar.txt -f "%U" /usr/lib/jvm/jdk-14.0.1/bin/java homework > stulog.txt 2>&1 on jiayanwa #####
##### SUCCESS: /usr/bin/time -o time_16_jiayanwa_vdhankar.txt -f "%U" /usr/lib/jvm/jdk-14.0.1/bin/java homework > stulog.txt 2>&1 on jiayanwa #####
##### jiayanwa plays [E a3 b4] in 0.36s #####
##### Running: /usr/lib/jvm/jdk-14.0.1/bin/java -jar /lab/itti/projects/checkers-competition/server/referee.jar on run_16_jiayanwa_vdhankar #####
Move is valid
##### SUCCESS: /usr/lib/jvm/jdk-14.0.1/bin/java -jar /lab/itti/projects/checkers-competition/server/referee.jar on run_16_jiayanwa_vdhankar #####
INPUT for vdhankar:
GAME
BLACK
289.921101808548
.b.b.b.b
b.b.b.b.
.b.b.b..
......b.
.w......
..w.w.w.
.w.w.w.w
w.w.w.w.
##### Running: /usr/bin/time -o time_16_jiayanwa_vdhankar.txt -f "%U" python3 homework.py > stulog.txt 2>&1 on vdhankar #####
child exited with value 1
##### ERROR: /usr/bin/time -o time_16_jiayanwa_vdhankar.txt -f "%U" python3 homework.py > stulog.txt 2>&1 on vdhankar #####
##### Output of failed program (stdout + stderr): #####
Traceback (most recent call last):
  File "homework.py", line 546, in <module>
    print(end-start)
NameError: name 'end' is not defined
##### End of output of failed program #####
##### vdhankar plays [E g5 h4] in 8.86576104164124s #####
##### Running: /usr/lib/jvm/jdk-14.0.1/bin/java -jar /lab/itti/projects/checkers-competition/server/referee.jar on run_16_jiayanwa_vdhankar #####
Move is valid
##### SUCCESS: /usr/lib/jvm/jdk-14.0.1/bin/java -jar /lab/itti/projects/checkers-competition/server/referee.jar on run_16_jiayanwa_vdhankar #####
INPUT for jiayanwa:
GAME
WHITE
299.64
.b.b.b.b
b.b.b.b.
.b.b.b..
........
.w.....b
..w.w.w.
.w.w.w.w
w.w.w.w.
##### Running: /usr/bin/time -o time_16_jiayanwa_vdhankar.txt -f "%U" /usr/lib/jvm/jdk-14.0.1/bin/java homework > stulog.txt 2>&1 on jiayanwa #####
##### SUCCESS: /usr/bin/time -o time_16_jiayanwa_vdhankar.txt -f "%U" /usr/lib/jvm/jdk-14.0.1/bin/java homework > stulog.txt 2>&1 on jiayanwa #####
##### jiayanwa plays [E b2 a3] in 0.4s #####
##### Running: /usr/lib/jvm/jdk-14.0.1/bin/java -jar /lab/itti/projects/checkers-competition/server/referee.jar on run_16_jiayanwa_vdhankar #####
Move is valid
##### SUCCESS: /usr/lib/jvm/jdk-14.0.1/bin/java -jar /lab/itti/projects/checkers-competition/server/referee.jar on run_16_jiayanwa_vdhankar #####
INPUT for vdhankar:
GAME
BLACK
281.055340766907
.b.b.b.b
b.b.b.b.
.b.b.b..
........
.w.....b
w.w.w.w.
...w.w.w
w.w.w.w.
##### Running: /usr/bin/time -o time_16_jiayanwa_vdhankar.txt -f "%U" python3 homework.py > stulog.txt 2>&1 on vdhankar #####
child exited with value 1
##### ERROR: /usr/bin/time -o time_16_jiayanwa_vdhankar.txt -f "%U" python3 homework.py > stulog.txt 2>&1 on vdhankar #####
##### Output of failed program (stdout + stderr): #####
Traceback (most recent call last):
  File "homework.py", line 546, in <module>
    print(end-start)
NameError: name 'end' is not defined
##### End of output of failed program #####
##### vdhankar plays [E f6 g5] in 8.19469094276428s #####
##### Running: /usr/lib/jvm/jdk-14.0.1/bin/java -jar /lab/itti/projects/checkers-competition/server/referee.jar on run_16_jiayanwa_vdhankar #####
Move is valid
##### SUCCESS: /usr/lib/jvm/jdk-14.0.1/bin/java -jar /lab/itti/projects/checkers-competition/server/referee.jar on run_16_jiayanwa_vdhankar #####
INPUT for jiayanwa:
GAME
WHITE
299.24
.b.b.b.b
b.b.b.b.
.b.b....
......b.
.w.....b
w.w.w.w.
...w.w.w
w.w.w.w.
##### Running: /usr/bin/time -o time_16_jiayanwa_vdhankar.txt -f "%U" /usr/lib/jvm/jdk-14.0.1/bin/java homework > stulog.txt 2>&1 on jiayanwa #####
##### SUCCESS: /usr/bin/time -o time_16_jiayanwa_vdhankar.txt -f "%U" /usr/lib/jvm/jdk-14.0.1/bin/java homework > stulog.txt 2>&1 on jiayanwa #####
##### jiayanwa plays [E a1 b2] in 0.46s #####
##### Running: /usr/lib/jvm/jdk-14.0.1/bin/java -jar /lab/itti/projects/checkers-competition/server/referee.jar on run_16_jiayanwa_vdhankar #####
Move is valid
##### SUCCESS: /usr/lib/jvm/jdk-14.0.1/bin/java -jar /lab/itti/projects/checkers-competition/server/referee.jar on run_16_jiayanwa_vdhankar #####
INPUT for vdhankar:
GAME
BLACK
272.860649824142
.b.b.b.b
b.b.b.b.
.b.b....
......b.
.w.....b
w.w.w.w.
.w.w.w.w
..w.w.w.
##### Running: /usr/bin/time -o time_16_jiayanwa_vdhankar.txt -f "%U" python3 homework.py > stulog.txt 2>&1 on vdhankar #####
child exited with value 1
##### ERROR: /usr/bin/time -o time_16_jiayanwa_vdhankar.txt -f "%U" python3 homework.py > stulog.txt 2>&1 on vdhankar #####
##### Output of failed program (stdout + stderr): #####
Traceback (most recent call last):
  File "homework.py", line 546, in <module>
    print(end-start)
NameError: name 'end' is not defined
##### End of output of failed program #####
##### vdhankar plays [E g7 h6] in 7.38883495330811s #####
##### Running: /usr/lib/jvm/jdk-14.0.1/bin/java -jar /lab/itti/projects/checkers-competition/server/referee.jar on run_16_jiayanwa_vdhankar #####
Move is valid
##### SUCCESS: /usr/lib/jvm/jdk-14.0.1/bin/java -jar /lab/itti/projects/checkers-competition/server/referee.jar on run_16_jiayanwa_vdhankar #####
INPUT for jiayanwa:
GAME
WHITE
298.78
.b.b.b.b
b.b.b...
.b.b...b
......b.
.w.....b
w.w.w.w.
.w.w.w.w
..w.w.w.
##### Running: /usr/bin/time -o time_16_jiayanwa_vdhankar.txt -f "%U" /usr/lib/jvm/jdk-14.0.1/bin/java homework > stulog.txt 2>&1 on jiayanwa #####
##### SUCCESS: /usr/bin/time -o time_16_jiayanwa_vdhankar.txt -f "%U" /usr/lib/jvm/jdk-14.0.1/bin/java homework > stulog.txt 2>&1 on jiayanwa #####
##### jiayanwa plays [E e3 f4] in 0.35s #####
##### Running: /usr/lib/jvm/jdk-14.0.1/bin/java -jar /lab/itti/projects/checkers-competition/server/referee.jar on run_16_jiayanwa_vdhankar #####
Move is valid
##### SUCCESS: /usr/lib/jvm/jdk-14.0.1/bin/java -jar /lab/itti/projects/checkers-competition/server/referee.jar on run_16_jiayanwa_vdhankar #####
INPUT for vdhankar:
GAME
BLACK
265.471814870834
.b.b.b.b
b.b.b...
.b.b...b
......b.
.w...w.b
w.w...w.
.w.w.w.w
..w.w.w.
##### Running: /usr/bin/time -o time_16_jiayanwa_vdhankar.txt -f "%U" python3 homework.py > stulog.txt 2>&1 on vdhankar #####
child exited with value 1
##### ERROR: /usr/bin/time -o time_16_jiayanwa_vdhankar.txt -f "%U" python3 homework.py > stulog.txt 2>&1 on vdhankar #####
##### Output of failed program (stdout + stderr): #####
Traceback (most recent call last):
  File "homework.py", line 546, in <module>
    print(end-start)
NameError: name 'end' is not defined
##### End of output of failed program #####
##### vdhankar plays [J g5 e3] in 0.898438930511475s #####
##### Running: /usr/lib/jvm/jdk-14.0.1/bin/java -jar /lab/itti/projects/checkers-competition/server/referee.jar on run_16_jiayanwa_vdhankar #####
Move is valid
##### SUCCESS: /usr/lib/jvm/jdk-14.0.1/bin/java -jar /lab/itti/projects/checkers-competition/server/referee.jar on run_16_jiayanwa_vdhankar #####
INPUT for jiayanwa:
GAME
WHITE
298.43
.b.b.b.b
b.b.b...
.b.b...b
........
.w.....b
w.w.b.w.
.w.w.w.w
..w.w.w.
##### Running: /usr/bin/time -o time_16_jiayanwa_vdhankar.txt -f "%U" /usr/lib/jvm/jdk-14.0.1/bin/java homework > stulog.txt 2>&1 on jiayanwa #####
##### SUCCESS: /usr/bin/time -o time_16_jiayanwa_vdhankar.txt -f "%U" /usr/lib/jvm/jdk-14.0.1/bin/java homework > stulog.txt 2>&1 on jiayanwa #####
##### jiayanwa plays [J d2 f4] in 0.33s #####
##### Running: /usr/lib/jvm/jdk-14.0.1/bin/java -jar /lab/itti/projects/checkers-competition/server/referee.jar on run_16_jiayanwa_vdhankar #####
Move is valid
##### SUCCESS: /usr/lib/jvm/jdk-14.0.1/bin/java -jar /lab/itti/projects/checkers-competition/server/referee.jar on run_16_jiayanwa_vdhankar #####
INPUT for vdhankar:
GAME
BLACK
264.573375940323
.b.b.b.b
b.b.b...
.b.b...b
........
.w...w.b
w.w...w.
.w...w.w
..w.w.w.
##### Running: /usr/bin/time -o time_16_jiayanwa_vdhankar.txt -f "%U" python3 homework.py > stulog.txt 2>&1 on vdhankar #####
child exited with value 1
##### ERROR: /usr/bin/time -o time_16_jiayanwa_vdhankar.txt -f "%U" python3 homework.py > stulog.txt 2>&1 on vdhankar #####
##### Output of failed program (stdout + stderr): #####
Traceback (most recent call last):
  File "homework.py", line 546, in <module>
    print(end-start)
NameError: name 'end' is not defined
##### End of output of failed program #####
##### vdhankar plays [E d6 e5] in 3.31762599945068s #####
##### Running: /usr/lib/jvm/jdk-14.0.1/bin/java -jar /lab/itti/projects/checkers-competition/server/referee.jar on run_16_jiayanwa_vdhankar #####
Move is valid
##### SUCCESS: /usr/lib/jvm/jdk-14.0.1/bin/java -jar /lab/itti/projects/checkers-competition/server/referee.jar on run_16_jiayanwa_vdhankar #####
INPUT for jiayanwa:
GAME
WHITE
298.1
.b.b.b.b
b.b.b...
.b.....b
....b...
.w...w.b
w.w...w.
.w...w.w
..w.w.w.
##### Running: /usr/bin/time -o time_16_jiayanwa_vdhankar.txt -f "%U" /usr/lib/jvm/jdk-14.0.1/bin/java homework > stulog.txt 2>&1 on jiayanwa #####
##### SUCCESS: /usr/bin/time -o time_16_jiayanwa_vdhankar.txt -f "%U" /usr/lib/jvm/jdk-14.0.1/bin/java homework > stulog.txt 2>&1 on jiayanwa #####
##### jiayanwa plays [J f4 d6] in 0.32s #####
##### Running: /usr/lib/jvm/jdk-14.0.1/bin/java -jar /lab/itti/projects/checkers-competition/server/referee.jar on run_16_jiayanwa_vdhankar #####
Move is valid
##### SUCCESS: /usr/lib/jvm/jdk-14.0.1/bin/java -jar /lab/itti/projects/checkers-competition/server/referee.jar on run_16_jiayanwa_vdhankar #####
INPUT for vdhankar:
GAME
BLACK
261.255749940872
.b.b.b.b
b.b.b...
.b.w...b
........
.w.....b
w.w...w.
.w...w.w
..w.w.w.
##### Running: /usr/bin/time -o time_16_jiayanwa_vdhankar.txt -f "%U" python3 homework.py > stulog.txt 2>&1 on vdhankar #####
child exited with value 1
##### ERROR: /usr/bin/time -o time_16_jiayanwa_vdhankar.txt -f "%U" python3 homework.py > stulog.txt 2>&1 on vdhankar #####
##### Output of failed program (stdout + stderr): #####
Traceback (most recent call last):
  File "homework.py", line 546, in <module>
    print(end-start)
NameError: name 'end' is not defined
##### End of output of failed program #####
##### vdhankar plays [J e7 c5] in 1.70374894142151s #####
##### Running: /usr/lib/jvm/jdk-14.0.1/bin/java -jar /lab/itti/projects/checkers-competition/server/referee.jar on run_16_jiayanwa_vdhankar #####
Move is valid
##### SUCCESS: /usr/lib/jvm/jdk-14.0.1/bin/java -jar /lab/itti/projects/checkers-competition/server/referee.jar on run_16_jiayanwa_vdhankar #####
INPUT for jiayanwa:
GAME
WHITE
297.78
.b.b.b.b
b.b.....
.b.....b
..b.....
.w.....b
w.w...w.
.w...w.w
..w.w.w.
##### Running: /usr/bin/time -o time_16_jiayanwa_vdhankar.txt -f "%U" /usr/lib/jvm/jdk-14.0.1/bin/java homework > stulog.txt 2>&1 on jiayanwa #####
##### SUCCESS: /usr/bin/time -o time_16_jiayanwa_vdhankar.txt -f "%U" /usr/lib/jvm/jdk-14.0.1/bin/java homework > stulog.txt 2>&1 on jiayanwa #####
##### jiayanwa plays [J b4 d6] in 0.29s #####
##### Running: /usr/lib/jvm/jdk-14.0.1/bin/java -jar /lab/itti/projects/checkers-competition/server/referee.jar on run_16_jiayanwa_vdhankar #####
Move is valid
##### SUCCESS: /usr/lib/jvm/jdk-14.0.1/bin/java -jar /lab/itti/projects/checkers-competition/server/referee.jar on run_16_jiayanwa_vdhankar #####
INPUT for vdhankar:
GAME
BLACK
259.552000999451
.b.b.b.b
b.b.....
.b.w...b
........
.......b
w.w...w.
.w...w.w
..w.w.w.
##### Running: /usr/bin/time -o time_16_jiayanwa_vdhankar.txt -f "%U" python3 homework.py > stulog.txt 2>&1 on vdhankar #####
child exited with value 1
##### ERROR: /usr/bin/time -o time_16_jiayanwa_vdhankar.txt -f "%U" python3 homework.py > stulog.txt 2>&1 on vdhankar #####
##### Output of failed program (stdout + stderr): #####
Traceback (most recent call last):
  File "homework.py", line 546, in <module>
    print(end-start)
NameError: name 'end' is not defined
##### End of output of failed program #####
##### vdhankar plays [J c7 e5] in 2.92168593406677s #####
##### Running: /usr/lib/jvm/jdk-14.0.1/bin/java -jar /lab/itti/projects/checkers-competition/server/referee.jar on run_16_jiayanwa_vdhankar #####
Move is valid
##### SUCCESS: /usr/lib/jvm/jdk-14.0.1/bin/java -jar /lab/itti/projects/checkers-competition/server/referee.jar on run_16_jiayanwa_vdhankar #####
INPUT for jiayanwa:
GAME
WHITE
297.49
.b.b.b.b
b.......
.b.....b
....b...
.......b
w.w...w.
.w...w.w
..w.w.w.
##### Running: /usr/bin/time -o time_16_jiayanwa_vdhankar.txt -f "%U" /usr/lib/jvm/jdk-14.0.1/bin/java homework > stulog.txt 2>&1 on jiayanwa #####
##### SUCCESS: /usr/bin/time -o time_16_jiayanwa_vdhankar.txt -f "%U" /usr/lib/jvm/jdk-14.0.1/bin/java homework > stulog.txt 2>&1 on jiayanwa #####
##### jiayanwa plays [E c1 d2] in 0.4s #####
##### Running: /usr/lib/jvm/jdk-14.0.1/bin/java -jar /lab/itti/projects/checkers-competition/server/referee.jar on run_16_jiayanwa_vdhankar #####
Move is valid
##### SUCCESS: /usr/lib/jvm/jdk-14.0.1/bin/java -jar /lab/itti/projects/checkers-competition/server/referee.jar on run_16_jiayanwa_vdhankar #####
INPUT for vdhankar:
GAME
BLACK
256.630315065384
.b.b.b.b
b.......
.b.....b
....b...
.......b
w.w...w.
.w.w.w.w
....w.w.
##### Running: /usr/bin/time -o time_16_jiayanwa_vdhankar.txt -f "%U" python3 homework.py > stulog.txt 2>&1 on vdhankar #####
child exited with value 1
##### ERROR: /usr/bin/time -o time_16_jiayanwa_vdhankar.txt -f "%U" python3 homework.py > stulog.txt 2>&1 on vdhankar #####
##### Output of failed program (stdout + stderr): #####
Traceback (most recent call last):
  File "homework.py", line 546, in <module>
    print(end-start)
NameError: name 'end' is not defined
##### End of output of failed program #####
##### vdhankar plays [E b6 c5] in 23.7851519584656s #####
##### Running: /usr/lib/jvm/jdk-14.0.1/bin/java -jar /lab/itti/projects/checkers-competition/server/referee.jar on run_16_jiayanwa_vdhankar #####
Move is valid
##### SUCCESS: /usr/lib/jvm/jdk-14.0.1/bin/java -jar /lab/itti/projects/checkers-competition/server/referee.jar on run_16_jiayanwa_vdhankar #####
INPUT for jiayanwa:
GAME
WHITE
297.09
.b.b.b.b
b.......
.......b
..b.b...
.......b
w.w...w.
.w.w.w.w
....w.w.
##### Running: /usr/bin/time -o time_16_jiayanwa_vdhankar.txt -f "%U" /usr/lib/jvm/jdk-14.0.1/bin/java homework > stulog.txt 2>&1 on jiayanwa #####
##### SUCCESS: /usr/bin/time -o time_16_jiayanwa_vdhankar.txt -f "%U" /usr/lib/jvm/jdk-14.0.1/bin/java homework > stulog.txt 2>&1 on jiayanwa #####
##### jiayanwa plays [E d2 e3] in 0.35s #####
##### Running: /usr/lib/jvm/jdk-14.0.1/bin/java -jar /lab/itti/projects/checkers-competition/server/referee.jar on run_16_jiayanwa_vdhankar #####
Move is valid
##### SUCCESS: /usr/lib/jvm/jdk-14.0.1/bin/java -jar /lab/itti/projects/checkers-competition/server/referee.jar on run_16_jiayanwa_vdhankar #####
INPUT for vdhankar:
GAME
BLACK
232.845163106918
.b.b.b.b
b.......
.......b
..b.b...
.......b
w.w.w.w.
.w...w.w
....w.w.
##### Running: /usr/bin/time -o time_16_jiayanwa_vdhankar.txt -f "%U" python3 homework.py > stulog.txt 2>&1 on vdhankar #####
child exited with value 1
##### ERROR: /usr/bin/time -o time_16_jiayanwa_vdhankar.txt -f "%U" python3 homework.py > stulog.txt 2>&1 on vdhankar #####
##### Output of failed program (stdout + stderr): #####
Traceback (most recent call last):
  File "homework.py", line 546, in <module>
    print(end-start)
NameError: name 'end' is not defined
##### End of output of failed program #####
##### vdhankar plays [E a7 b6] in 8.18171787261963s #####
##### Running: /usr/lib/jvm/jdk-14.0.1/bin/java -jar /lab/itti/projects/checkers-competition/server/referee.jar on run_16_jiayanwa_vdhankar #####
Move is valid
##### SUCCESS: /usr/lib/jvm/jdk-14.0.1/bin/java -jar /lab/itti/projects/checkers-competition/server/referee.jar on run_16_jiayanwa_vdhankar #####
INPUT for jiayanwa:
GAME
WHITE
296.74
.b.b.b.b
........
.b.....b
..b.b...
.......b
w.w.w.w.
.w...w.w
....w.w.
##### Running: /usr/bin/time -o time_16_jiayanwa_vdhankar.txt -f "%U" /usr/lib/jvm/jdk-14.0.1/bin/java homework > stulog.txt 2>&1 on jiayanwa #####
##### SUCCESS: /usr/bin/time -o time_16_jiayanwa_vdhankar.txt -f "%U" /usr/lib/jvm/jdk-14.0.1/bin/java homework > stulog.txt 2>&1 on jiayanwa #####
##### jiayanwa plays [E e3 d4] in 0.39s #####
##### Running: /usr/lib/jvm/jdk-14.0.1/bin/java -jar /lab/itti/projects/checkers-competition/server/referee.jar on run_16_jiayanwa_vdhankar #####
Move is valid
##### SUCCESS: /usr/lib/jvm/jdk-14.0.1/bin/java -jar /lab/itti/projects/checkers-competition/server/referee.jar on run_16_jiayanwa_vdhankar #####
INPUT for vdhankar:
GAME
BLACK
224.663445234299
.b.b.b.b
........
.b.....b
..b.b...
...w...b
w.w...w.
.w...w.w
....w.w.
##### Running: /usr/bin/time -o time_16_jiayanwa_vdhankar.txt -f "%U" python3 homework.py > stulog.txt 2>&1 on vdhankar #####
child exited with value 1
##### ERROR: /usr/bin/time -o time_16_jiayanwa_vdhankar.txt -f "%U" python3 homework.py > stulog.txt 2>&1 on vdhankar #####
##### Output of failed program (stdout + stderr): #####
Traceback (most recent call last):
  File "homework.py", line 546, in <module>
    print(end-start)
NameError: name 'end' is not defined
##### End of output of failed program #####
##### vdhankar plays [J c5 e3] in 0.766350984573364s #####
##### Running: /usr/lib/jvm/jdk-14.0.1/bin/java -jar /lab/itti/projects/checkers-competition/server/referee.jar on run_16_jiayanwa_vdhankar #####
Move is valid
##### SUCCESS: /usr/lib/jvm/jdk-14.0.1/bin/java -jar /lab/itti/projects/checkers-competition/server/referee.jar on run_16_jiayanwa_vdhankar #####
INPUT for jiayanwa:
GAME
WHITE
296.35
.b.b.b.b
........
.b.....b
....b...
.......b
w.w.b.w.
.w...w.w
....w.w.
##### Running: /usr/bin/time -o time_16_jiayanwa_vdhankar.txt -f "%U" /usr/lib/jvm/jdk-14.0.1/bin/java homework > stulog.txt 2>&1 on jiayanwa #####
##### SUCCESS: /usr/bin/time -o time_16_jiayanwa_vdhankar.txt -f "%U" /usr/lib/jvm/jdk-14.0.1/bin/java homework > stulog.txt 2>&1 on jiayanwa #####
##### jiayanwa plays [J f2 d4 ; J d4 f6] in 0.3s #####
##### Running: /usr/lib/jvm/jdk-14.0.1/bin/java -jar /lab/itti/projects/checkers-competition/server/referee.jar on run_16_jiayanwa_vdhankar #####
Move is valid
##### SUCCESS: /usr/lib/jvm/jdk-14.0.1/bin/java -jar /lab/itti/projects/checkers-competition/server/referee.jar on run_16_jiayanwa_vdhankar #####
INPUT for vdhankar:
GAME
BLACK
223.897094249725
.b.b.b.b
........
.b...w.b
........
.......b
w.w...w.
.w.....w
....w.w.
##### Running: /usr/bin/time -o time_16_jiayanwa_vdhankar.txt -f "%U" python3 homework.py > stulog.txt 2>&1 on vdhankar #####
child exited with value 1
##### ERROR: /usr/bin/time -o time_16_jiayanwa_vdhankar.txt -f "%U" python3 homework.py > stulog.txt 2>&1 on vdhankar #####
##### Output of failed program (stdout + stderr): #####
Traceback (most recent call last):
  File "homework.py", line 546, in <module>
    print(end-start)
NameError: name 'end' is not defined
##### End of output of failed program #####
##### vdhankar plays [J h4 f2] in 4.34138512611389s #####
##### Running: /usr/lib/jvm/jdk-14.0.1/bin/java -jar /lab/itti/projects/checkers-competition/server/referee.jar on run_16_jiayanwa_vdhankar #####
Move is valid
##### SUCCESS: /usr/lib/jvm/jdk-14.0.1/bin/java -jar /lab/itti/projects/checkers-competition/server/referee.jar on run_16_jiayanwa_vdhankar #####
INPUT for jiayanwa:
GAME
WHITE
296.05
.b.b.b.b
........
.b...w.b
........
........
w.w.....
.w...b.w
....w.w.
##### Running: /usr/bin/time -o time_16_jiayanwa_vdhankar.txt -f "%U" /usr/lib/jvm/jdk-14.0.1/bin/java homework > stulog.txt 2>&1 on jiayanwa #####
##### SUCCESS: /usr/bin/time -o time_16_jiayanwa_vdhankar.txt -f "%U" /usr/lib/jvm/jdk-14.0.1/bin/java homework > stulog.txt 2>&1 on jiayanwa #####
##### jiayanwa plays [J e1 g3] in 0.42s #####
##### Running: /usr/lib/jvm/jdk-14.0.1/bin/java -jar /lab/itti/projects/checkers-competition/server/referee.jar on run_16_jiayanwa_vdhankar #####
Move is valid
##### SUCCESS: /usr/lib/jvm/jdk-14.0.1/bin/java -jar /lab/itti/projects/checkers-competition/server/referee.jar on run_16_jiayanwa_vdhankar #####
INPUT for vdhankar:
GAME
BLACK
219.555709123611
.b.b.b.b
........
.b...w.b
........
........
w.w...w.
.w.....w
......w.
##### Running: /usr/bin/time -o time_16_jiayanwa_vdhankar.txt -f "%U" python3 homework.py > stulog.txt 2>&1 on vdhankar #####
child exited with value 1
##### ERROR: /usr/bin/time -o time_16_jiayanwa_vdhankar.txt -f "%U" python3 homework.py > stulog.txt 2>&1 on vdhankar #####
##### Output of failed program (stdout + stderr): #####
Traceback (most recent call last):
  File "homework.py", line 546, in <module>
    print(end-start)
NameError: name 'end' is not defined
##### End of output of failed program #####
##### vdhankar plays [E f8 g7] in 15.351578950882s #####
##### Running: /usr/lib/jvm/jdk-14.0.1/bin/java -jar /lab/itti/projects/checkers-competition/server/referee.jar on run_16_jiayanwa_vdhankar #####
Move is valid
##### SUCCESS: /usr/lib/jvm/jdk-14.0.1/bin/java -jar /lab/itti/projects/checkers-competition/server/referee.jar on run_16_jiayanwa_vdhankar #####
INPUT for jiayanwa:
GAME
WHITE
295.63
.b.b...b
......b.
.b...w.b
........
........
w.w...w.
.w.....w
......w.
##### Running: /usr/bin/time -o time_16_jiayanwa_vdhankar.txt -f "%U" /usr/lib/jvm/jdk-14.0.1/bin/java homework > stulog.txt 2>&1 on jiayanwa #####
##### SUCCESS: /usr/bin/time -o time_16_jiayanwa_vdhankar.txt -f "%U" /usr/lib/jvm/jdk-14.0.1/bin/java homework > stulog.txt 2>&1 on jiayanwa #####
##### jiayanwa plays [E g1 f2] in 0.33s #####
##### Running: /usr/lib/jvm/jdk-14.0.1/bin/java -jar /lab/itti/projects/checkers-competition/server/referee.jar on run_16_jiayanwa_vdhankar #####
Move is valid
##### SUCCESS: /usr/lib/jvm/jdk-14.0.1/bin/java -jar /lab/itti/projects/checkers-competition/server/referee.jar on run_16_jiayanwa_vdhankar #####
INPUT for vdhankar:
GAME
BLACK
204.204130172729
.b.b...b
......b.
.b...w.b
........
........
w.w...w.
.w...w.w
........
##### Running: /usr/bin/time -o time_16_jiayanwa_vdhankar.txt -f "%U" python3 homework.py > stulog.txt 2>&1 on vdhankar #####
child exited with value 1
##### ERROR: /usr/bin/time -o time_16_jiayanwa_vdhankar.txt -f "%U" python3 homework.py > stulog.txt 2>&1 on vdhankar #####
##### Output of failed program (stdout + stderr): #####
Traceback (most recent call last):
  File "homework.py", line 546, in <module>
    print(end-start)
NameError: name 'end' is not defined
##### End of output of failed program #####
##### vdhankar plays [J g7 e5] in 7.22128391265869s #####
##### Running: /usr/lib/jvm/jdk-14.0.1/bin/java -jar /lab/itti/projects/checkers-competition/server/referee.jar on run_16_jiayanwa_vdhankar #####
Move is valid
##### SUCCESS: /usr/lib/jvm/jdk-14.0.1/bin/java -jar /lab/itti/projects/checkers-competition/server/referee.jar on run_16_jiayanwa_vdhankar #####
INPUT for jiayanwa:
GAME
WHITE
295.3
.b.b...b
........
.b.....b
....b...
........
w.w...w.
.w...w.w
........
##### Running: /usr/bin/time -o time_16_jiayanwa_vdhankar.txt -f "%U" /usr/lib/jvm/jdk-14.0.1/bin/java homework > stulog.txt 2>&1 on jiayanwa #####
##### SUCCESS: /usr/bin/time -o time_16_jiayanwa_vdhankar.txt -f "%U" /usr/lib/jvm/jdk-14.0.1/bin/java homework > stulog.txt 2>&1 on jiayanwa #####
##### jiayanwa plays [E f2 e3] in 0.35s #####
##### Running: /usr/lib/jvm/jdk-14.0.1/bin/java -jar /lab/itti/projects/checkers-competition/server/referee.jar on run_16_jiayanwa_vdhankar #####
Move is valid
##### SUCCESS: /usr/lib/jvm/jdk-14.0.1/bin/java -jar /lab/itti/projects/checkers-competition/server/referee.jar on run_16_jiayanwa_vdhankar #####
INPUT for vdhankar:
GAME
BLACK
196.982846260071
.b.b...b
........
.b.....b
....b...
........
w.w.w.w.
.w.....w
........
##### Running: /usr/bin/time -o time_16_jiayanwa_vdhankar.txt -f "%U" python3 homework.py > stulog.txt 2>&1 on vdhankar #####
child exited with value 1
##### ERROR: /usr/bin/time -o time_16_jiayanwa_vdhankar.txt -f "%U" python3 homework.py > stulog.txt 2>&1 on vdhankar #####
##### Output of failed program (stdout + stderr): #####
Traceback (most recent call last):
  File "homework.py", line 546, in <module>
    print(end-start)
NameError: name 'end' is not defined
##### End of output of failed program #####
##### vdhankar plays [E b6 c5] in 9.86359405517578s #####
##### Running: /usr/lib/jvm/jdk-14.0.1/bin/java -jar /lab/itti/projects/checkers-competition/server/referee.jar on run_16_jiayanwa_vdhankar #####
Move is valid
##### SUCCESS: /usr/lib/jvm/jdk-14.0.1/bin/java -jar /lab/itti/projects/checkers-competition/server/referee.jar on run_16_jiayanwa_vdhankar #####
INPUT for jiayanwa:
GAME
WHITE
294.95
.b.b...b
........
.......b
..b.b...
........
w.w.w.w.
.w.....w
........
##### Running: /usr/bin/time -o time_16_jiayanwa_vdhankar.txt -f "%U" /usr/lib/jvm/jdk-14.0.1/bin/java homework > stulog.txt 2>&1 on jiayanwa #####
##### SUCCESS: /usr/bin/time -o time_16_jiayanwa_vdhankar.txt -f "%U" /usr/lib/jvm/jdk-14.0.1/bin/java homework > stulog.txt 2>&1 on jiayanwa #####
##### jiayanwa plays [E e3 f4] in 0.26s #####
##### Running: /usr/lib/jvm/jdk-14.0.1/bin/java -jar /lab/itti/projects/checkers-competition/server/referee.jar on run_16_jiayanwa_vdhankar #####
Move is valid
##### SUCCESS: /usr/lib/jvm/jdk-14.0.1/bin/java -jar /lab/itti/projects/checkers-competition/server/referee.jar on run_16_jiayanwa_vdhankar #####
INPUT for vdhankar:
GAME
BLACK
187.119252204895
.b.b...b
........
.......b
..b.b...
.....w..
w.w...w.
.w.....w
........
##### Running: /usr/bin/time -o time_16_jiayanwa_vdhankar.txt -f "%U" python3 homework.py > stulog.txt 2>&1 on vdhankar #####
child exited with value 1
##### ERROR: /usr/bin/time -o time_16_jiayanwa_vdhankar.txt -f "%U" python3 homework.py > stulog.txt 2>&1 on vdhankar #####
##### Output of failed program (stdout + stderr): #####
Traceback (most recent call last):
  File "homework.py", line 546, in <module>
    print(end-start)
NameError: name 'end' is not defined
##### End of output of failed program #####
##### vdhankar plays [E e5 d4] in 1.732666015625s #####
##### Running: /usr/lib/jvm/jdk-14.0.1/bin/java -jar /lab/itti/projects/checkers-competition/server/referee.jar on run_16_jiayanwa_vdhankar #####
Move is valid
##### SUCCESS: /usr/lib/jvm/jdk-14.0.1/bin/java -jar /lab/itti/projects/checkers-competition/server/referee.jar on run_16_jiayanwa_vdhankar #####
INPUT for jiayanwa:
GAME
WHITE
294.69
.b.b...b
........
.......b
..b.....
...b.w..
w.w...w.
.w.....w
........
##### Running: /usr/bin/time -o time_16_jiayanwa_vdhankar.txt -f "%U" /usr/lib/jvm/jdk-14.0.1/bin/java homework > stulog.txt 2>&1 on jiayanwa #####
##### SUCCESS: /usr/bin/time -o time_16_jiayanwa_vdhankar.txt -f "%U" /usr/lib/jvm/jdk-14.0.1/bin/java homework > stulog.txt 2>&1 on jiayanwa #####
##### jiayanwa plays [J c3 e5] in 0.22s #####
##### Running: /usr/lib/jvm/jdk-14.0.1/bin/java -jar /lab/itti/projects/checkers-competition/server/referee.jar on run_16_jiayanwa_vdhankar #####
Move is valid
##### SUCCESS: /usr/lib/jvm/jdk-14.0.1/bin/java -jar /lab/itti/projects/checkers-competition/server/referee.jar on run_16_jiayanwa_vdhankar #####
INPUT for vdhankar:
GAME
BLACK
185.38658618927
.b.b...b
........
.......b
..b.w...
.....w..
w.....w.
.w.....w
........
##### Running: /usr/bin/time -o time_16_jiayanwa_vdhankar.txt -f "%U" python3 homework.py > stulog.txt 2>&1 on vdhankar #####
child exited with value 1
##### ERROR: /usr/bin/time -o time_16_jiayanwa_vdhankar.txt -f "%U" python3 homework.py > stulog.txt 2>&1 on vdhankar #####
##### Output of failed program (stdout + stderr): #####
Traceback (most recent call last):
  File "homework.py", line 546, in <module>
    print(end-start)
NameError: name 'end' is not defined
##### End of output of failed program #####
##### vdhankar plays [E c5 d4] in 9.37691307067871s #####
##### Running: /usr/lib/jvm/jdk-14.0.1/bin/java -jar /lab/itti/projects/checkers-competition/server/referee.jar on run_16_jiayanwa_vdhankar #####
Move is valid
##### SUCCESS: /usr/lib/jvm/jdk-14.0.1/bin/java -jar /lab/itti/projects/checkers-competition/server/referee.jar on run_16_jiayanwa_vdhankar #####
INPUT for jiayanwa:
GAME
WHITE
294.47
.b.b...b
........
.......b
....w...
...b.w..
w.....w.
.w.....w
........
##### Running: /usr/bin/time -o time_16_jiayanwa_vdhankar.txt -f "%U" /usr/lib/jvm/jdk-14.0.1/bin/java homework > stulog.txt 2>&1 on jiayanwa #####
##### SUCCESS: /usr/bin/time -o time_16_jiayanwa_vdhankar.txt -f "%U" /usr/lib/jvm/jdk-14.0.1/bin/java homework > stulog.txt 2>&1 on jiayanwa #####
##### jiayanwa plays [E e5 d6] in 0.37s #####
##### Running: /usr/lib/jvm/jdk-14.0.1/bin/java -jar /lab/itti/projects/checkers-competition/server/referee.jar on run_16_jiayanwa_vdhankar #####
Move is valid
##### SUCCESS: /usr/lib/jvm/jdk-14.0.1/bin/java -jar /lab/itti/projects/checkers-competition/server/referee.jar on run_16_jiayanwa_vdhankar #####
INPUT for vdhankar:
GAME
BLACK
176.009673118591
.b.b...b
........
...w...b
........
...b.w..
w.....w.
.w.....w
........
##### Running: /usr/bin/time -o time_16_jiayanwa_vdhankar.txt -f "%U" python3 homework.py > stulog.txt 2>&1 on vdhankar #####
child exited with value 1
##### ERROR: /usr/bin/time -o time_16_jiayanwa_vdhankar.txt -f "%U" python3 homework.py > stulog.txt 2>&1 on vdhankar #####
##### Output of failed program (stdout + stderr): #####
Traceback (most recent call last):
  File "homework.py", line 546, in <module>
    print(end-start)
NameError: name 'end' is not defined
##### End of output of failed program #####
##### vdhankar plays [E d4 e3] in 9.63765001296997s #####
##### Running: /usr/lib/jvm/jdk-14.0.1/bin/java -jar /lab/itti/projects/checkers-competition/server/referee.jar on run_16_jiayanwa_vdhankar #####
Move is valid
##### SUCCESS: /usr/lib/jvm/jdk-14.0.1/bin/java -jar /lab/itti/projects/checkers-competition/server/referee.jar on run_16_jiayanwa_vdhankar #####
INPUT for jiayanwa:
GAME
WHITE
294.1
.b.b...b
........
...w...b
........
.....w..
w...b.w.
.w.....w
........
##### Running: /usr/bin/time -o time_16_jiayanwa_vdhankar.txt -f "%U" /usr/lib/jvm/jdk-14.0.1/bin/java homework > stulog.txt 2>&1 on jiayanwa #####
##### SUCCESS: /usr/bin/time -o time_16_jiayanwa_vdhankar.txt -f "%U" /usr/lib/jvm/jdk-14.0.1/bin/java homework > stulog.txt 2>&1 on jiayanwa #####
##### jiayanwa plays [E d6 c7] in 0.3s #####
##### Running: /usr/lib/jvm/jdk-14.0.1/bin/java -jar /lab/itti/projects/checkers-competition/server/referee.jar on run_16_jiayanwa_vdhankar #####
Move is valid
##### SUCCESS: /usr/lib/jvm/jdk-14.0.1/bin/java -jar /lab/itti/projects/checkers-competition/server/referee.jar on run_16_jiayanwa_vdhankar #####
INPUT for vdhankar:
GAME
BLACK
166.372023105621
.b.b...b
..w.....
.......b
........
.....w..
w...b.w.
.w.....w
........
##### Running: /usr/bin/time -o time_16_jiayanwa_vdhankar.txt -f "%U" python3 homework.py > stulog.txt 2>&1 on vdhankar #####
child exited with value 1
##### ERROR: /usr/bin/time -o time_16_jiayanwa_vdhankar.txt -f "%U" python3 homework.py > stulog.txt 2>&1 on vdhankar #####
##### Output of failed program (stdout + stderr): #####
Traceback (most recent call last):
  File "homework.py", line 546, in <module>
    print(end-start)
NameError: name 'end' is not defined
##### End of output of failed program #####
##### vdhankar plays [J d8 b6] in 4.25132203102112s #####
##### Running: /usr/lib/jvm/jdk-14.0.1/bin/java -jar /lab/itti/projects/checkers-competition/server/referee.jar on run_16_jiayanwa_vdhankar #####
Move is valid
##### SUCCESS: /usr/lib/jvm/jdk-14.0.1/bin/java -jar /lab/itti/projects/checkers-competition/server/referee.jar on run_16_jiayanwa_vdhankar #####
INPUT for jiayanwa:
GAME
WHITE
293.8
.b.....b
........
.b.....b
........
.....w..
w...b.w.
.w.....w
........
##### Running: /usr/bin/time -o time_16_jiayanwa_vdhankar.txt -f "%U" /usr/lib/jvm/jdk-14.0.1/bin/java homework > stulog.txt 2>&1 on jiayanwa #####
##### SUCCESS: /usr/bin/time -o time_16_jiayanwa_vdhankar.txt -f "%U" /usr/lib/jvm/jdk-14.0.1/bin/java homework > stulog.txt 2>&1 on jiayanwa #####
##### jiayanwa plays [E a3 b4] in 0.33s #####
##### Running: /usr/lib/jvm/jdk-14.0.1/bin/java -jar /lab/itti/projects/checkers-competition/server/referee.jar on run_16_jiayanwa_vdhankar #####
Move is valid
##### SUCCESS: /usr/lib/jvm/jdk-14.0.1/bin/java -jar /lab/itti/projects/checkers-competition/server/referee.jar on run_16_jiayanwa_vdhankar #####
INPUT for vdhankar:
GAME
BLACK
162.1207010746
.b.....b
........
.b.....b
........
.w...w..
....b.w.
.w.....w
........
##### Running: /usr/bin/time -o time_16_jiayanwa_vdhankar.txt -f "%U" python3 homework.py > stulog.txt 2>&1 on vdhankar #####
child exited with value 1
##### ERROR: /usr/bin/time -o time_16_jiayanwa_vdhankar.txt -f "%U" python3 homework.py > stulog.txt 2>&1 on vdhankar #####
##### Output of failed program (stdout + stderr): #####
Traceback (most recent call last):
  File "homework.py", line 546, in <module>
    print(end-start)
NameError: name 'end' is not defined
##### End of output of failed program #####
##### vdhankar plays [E e3 f2] in 13.1522018909454s #####
##### Running: /usr/lib/jvm/jdk-14.0.1/bin/java -jar /lab/itti/projects/checkers-competition/server/referee.jar on run_16_jiayanwa_vdhankar #####
Move is valid
##### SUCCESS: /usr/lib/jvm/jdk-14.0.1/bin/java -jar /lab/itti/projects/checkers-competition/server/referee.jar on run_16_jiayanwa_vdhankar #####
INPUT for jiayanwa:
GAME
WHITE
293.47
.b.....b
........
.b.....b
........
.w...w..
......w.
.w...b.w
........
##### Running: /usr/bin/time -o time_16_jiayanwa_vdhankar.txt -f "%U" /usr/lib/jvm/jdk-14.0.1/bin/java homework > stulog.txt 2>&1 on jiayanwa #####
##### SUCCESS: /usr/bin/time -o time_16_jiayanwa_vdhankar.txt -f "%U" /usr/lib/jvm/jdk-14.0.1/bin/java homework > stulog.txt 2>&1 on jiayanwa #####
##### jiayanwa plays [E b4 c5] in 0.31s #####
##### Running: /usr/lib/jvm/jdk-14.0.1/bin/java -jar /lab/itti/projects/checkers-competition/server/referee.jar on run_16_jiayanwa_vdhankar #####
Move is valid
##### SUCCESS: /usr/lib/jvm/jdk-14.0.1/bin/java -jar /lab/itti/projects/checkers-competition/server/referee.jar on run_16_jiayanwa_vdhankar #####
INPUT for vdhankar:
GAME
BLACK
148.968499183655
.b.....b
........
.b.....b
..w.....
.....w..
......w.
.w...b.w
........
##### Running: /usr/bin/time -o time_16_jiayanwa_vdhankar.txt -f "%U" python3 homework.py > stulog.txt 2>&1 on vdhankar #####
child exited with value 1
##### ERROR: /usr/bin/time -o time_16_jiayanwa_vdhankar.txt -f "%U" python3 homework.py > stulog.txt 2>&1 on vdhankar #####
##### Output of failed program (stdout + stderr): #####
Traceback (most recent call last):
  File "homework.py", line 546, in <module>
    print(end-start)
NameError: name 'end' is not defined
##### End of output of failed program #####
##### vdhankar plays [J b6 d4] in 2.9256329536438s #####
##### Running: /usr/lib/jvm/jdk-14.0.1/bin/java -jar /lab/itti/projects/checkers-competition/server/referee.jar on run_16_jiayanwa_vdhankar #####
Move is valid
##### SUCCESS: /usr/lib/jvm/jdk-14.0.1/bin/java -jar /lab/itti/projects/checkers-competition/server/referee.jar on run_16_jiayanwa_vdhankar #####
INPUT for jiayanwa:
GAME
WHITE
293.16
.b.....b
........
.......b
........
...b.w..
......w.
.w...b.w
........
##### Running: /usr/bin/time -o time_16_jiayanwa_vdhankar.txt -f "%U" /usr/lib/jvm/jdk-14.0.1/bin/java homework > stulog.txt 2>&1 on jiayanwa #####
##### SUCCESS: /usr/bin/time -o time_16_jiayanwa_vdhankar.txt -f "%U" /usr/lib/jvm/jdk-14.0.1/bin/java homework > stulog.txt 2>&1 on jiayanwa #####
##### jiayanwa plays [E b2 a3] in 0.31s #####
##### Running: /usr/lib/jvm/jdk-14.0.1/bin/java -jar /lab/itti/projects/checkers-competition/server/referee.jar on run_16_jiayanwa_vdhankar #####
Move is valid
##### SUCCESS: /usr/lib/jvm/jdk-14.0.1/bin/java -jar /lab/itti/projects/checkers-competition/server/referee.jar on run_16_jiayanwa_vdhankar #####
INPUT for vdhankar:
GAME
BLACK
146.042866230011
.b.....b
........
.......b
........
...b.w..
w.....w.
.....b.w
........
##### Running: /usr/bin/time -o time_16_jiayanwa_vdhankar.txt -f "%U" python3 homework.py > stulog.txt 2>&1 on vdhankar #####
child exited with value 1
##### ERROR: /usr/bin/time -o time_16_jiayanwa_vdhankar.txt -f "%U" python3 homework.py > stulog.txt 2>&1 on vdhankar #####
##### Output of failed program (stdout + stderr): #####
Traceback (most recent call last):
  File "homework.py", line 546, in <module>
    print(end-start)
NameError: name 'end' is not defined
##### End of output of failed program #####
##### vdhankar plays [E f2 g1] in 8.01878905296326s #####
##### Running: /usr/lib/jvm/jdk-14.0.1/bin/java -jar /lab/itti/projects/checkers-competition/server/referee.jar on run_16_jiayanwa_vdhankar #####
Move is valid
##### SUCCESS: /usr/lib/jvm/jdk-14.0.1/bin/java -jar /lab/itti/projects/checkers-competition/server/referee.jar on run_16_jiayanwa_vdhankar #####
INPUT for jiayanwa:
GAME
WHITE
292.85
.b.....b
........
.......b
........
...b.w..
w.....w.
.......w
......B.
##### Running: /usr/bin/time -o time_16_jiayanwa_vdhankar.txt -f "%U" /usr/lib/jvm/jdk-14.0.1/bin/java homework > stulog.txt 2>&1 on jiayanwa #####
##### SUCCESS: /usr/bin/time -o time_16_jiayanwa_vdhankar.txt -f "%U" /usr/lib/jvm/jdk-14.0.1/bin/java homework > stulog.txt 2>&1 on jiayanwa #####
##### jiayanwa plays [E a3 b4] in 0.29s #####
##### Running: /usr/lib/jvm/jdk-14.0.1/bin/java -jar /lab/itti/projects/checkers-competition/server/referee.jar on run_16_jiayanwa_vdhankar #####
Move is valid
##### SUCCESS: /usr/lib/jvm/jdk-14.0.1/bin/java -jar /lab/itti/projects/checkers-competition/server/referee.jar on run_16_jiayanwa_vdhankar #####
INPUT for vdhankar:
GAME
BLACK
138.024077177048
.b.....b
........
.......b
........
.w.b.w..
......w.
.......w
......B.
##### Running: /usr/bin/time -o time_16_jiayanwa_vdhankar.txt -f "%U" python3 homework.py > stulog.txt 2>&1 on vdhankar #####
child exited with value 1
##### ERROR: /usr/bin/time -o time_16_jiayanwa_vdhankar.txt -f "%U" python3 homework.py > stulog.txt 2>&1 on vdhankar #####
##### Output of failed program (stdout + stderr): #####
Traceback (most recent call last):
  File "homework.py", line 546, in <module>
    print(end-start)
NameError: name 'end' is not defined
##### End of output of failed program #####
##### vdhankar plays [E g1 f2] in 8.62284398078918s #####
##### Running: /usr/lib/jvm/jdk-14.0.1/bin/java -jar /lab/itti/projects/checkers-competition/server/referee.jar on run_16_jiayanwa_vdhankar #####
Move is valid
##### SUCCESS: /usr/lib/jvm/jdk-14.0.1/bin/java -jar /lab/itti/projects/checkers-competition/server/referee.jar on run_16_jiayanwa_vdhankar #####
INPUT for jiayanwa:
GAME
WHITE
292.56
.b.....b
........
.......b
........
.w.b.w..
......w.
.....B.w
........
##### Running: /usr/bin/time -o time_16_jiayanwa_vdhankar.txt -f "%U" /usr/lib/jvm/jdk-14.0.1/bin/java homework > stulog.txt 2>&1 on jiayanwa #####
##### SUCCESS: /usr/bin/time -o time_16_jiayanwa_vdhankar.txt -f "%U" /usr/lib/jvm/jdk-14.0.1/bin/java homework > stulog.txt 2>&1 on jiayanwa #####
##### jiayanwa plays [E g3 h4] in 0.33s #####
##### Running: /usr/lib/jvm/jdk-14.0.1/bin/java -jar /lab/itti/projects/checkers-competition/server/referee.jar on run_16_jiayanwa_vdhankar #####
Move is valid
##### SUCCESS: /usr/lib/jvm/jdk-14.0.1/bin/java -jar /lab/itti/projects/checkers-competition/server/referee.jar on run_16_jiayanwa_vdhankar #####
INPUT for vdhankar:
GAME
BLACK
129.401233196259
.b.....b
........
.......b
........
.w.b.w.w
........
.....B.w
........
##### Running: /usr/bin/time -o time_16_jiayanwa_vdhankar.txt -f "%U" python3 homework.py > stulog.txt 2>&1 on vdhankar #####
child exited with value 1
##### ERROR: /usr/bin/time -o time_16_jiayanwa_vdhankar.txt -f "%U" python3 homework.py > stulog.txt 2>&1 on vdhankar #####
##### Output of failed program (stdout + stderr): #####
Traceback (most recent call last):
  File "homework.py", line 546, in <module>
    print(end-start)
NameError: name 'end' is not defined
##### End of output of failed program #####
##### vdhankar plays [E f2 g1] in 9.15732192993164s #####
##### Running: /usr/lib/jvm/jdk-14.0.1/bin/java -jar /lab/itti/projects/checkers-competition/server/referee.jar on run_16_jiayanwa_vdhankar #####
Move is valid
##### SUCCESS: /usr/lib/jvm/jdk-14.0.1/bin/java -jar /lab/itti/projects/checkers-competition/server/referee.jar on run_16_jiayanwa_vdhankar #####
INPUT for jiayanwa:
GAME
WHITE
292.23
.b.....b
........
.......b
........
.w.b.w.w
........
.......w
......B.
##### Running: /usr/bin/time -o time_16_jiayanwa_vdhankar.txt -f "%U" /usr/lib/jvm/jdk-14.0.1/bin/java homework > stulog.txt 2>&1 on jiayanwa #####
##### SUCCESS: /usr/bin/time -o time_16_jiayanwa_vdhankar.txt -f "%U" /usr/lib/jvm/jdk-14.0.1/bin/java homework > stulog.txt 2>&1 on jiayanwa #####
##### jiayanwa plays [E b4 a5] in 0.39s #####
##### Running: /usr/lib/jvm/jdk-14.0.1/bin/java -jar /lab/itti/projects/checkers-competition/server/referee.jar on run_16_jiayanwa_vdhankar #####
Move is valid
##### SUCCESS: /usr/lib/jvm/jdk-14.0.1/bin/java -jar /lab/itti/projects/checkers-competition/server/referee.jar on run_16_jiayanwa_vdhankar #####
INPUT for vdhankar:
GAME
BLACK
120.243911266327
.b.....b
........
.......b
w.......
...b.w.w
........
.......w
......B.
##### Running: /usr/bin/time -o time_16_jiayanwa_vdhankar.txt -f "%U" python3 homework.py > stulog.txt 2>&1 on vdhankar #####
child exited with value 1
##### ERROR: /usr/bin/time -o time_16_jiayanwa_vdhankar.txt -f "%U" python3 homework.py > stulog.txt 2>&1 on vdhankar #####
##### Output of failed program (stdout + stderr): #####
Traceback (most recent call last):
  File "homework.py", line 546, in <module>
    print(end-start)
NameError: name 'end' is not defined
##### End of output of failed program #####
##### vdhankar plays [E g1 f2] in 5.23954510688782s #####
##### Running: /usr/lib/jvm/jdk-14.0.1/bin/java -jar /lab/itti/projects/checkers-competition/server/referee.jar on run_16_jiayanwa_vdhankar #####
Move is valid
##### SUCCESS: /usr/lib/jvm/jdk-14.0.1/bin/java -jar /lab/itti/projects/checkers-competition/server/referee.jar on run_16_jiayanwa_vdhankar #####
INPUT for jiayanwa:
GAME
WHITE
291.84
.b.....b
........
.......b
w.......
...b.w.w
........
.....B.w
........
##### Running: /usr/bin/time -o time_16_jiayanwa_vdhankar.txt -f "%U" /usr/lib/jvm/jdk-14.0.1/bin/java homework > stulog.txt 2>&1 on jiayanwa #####
##### SUCCESS: /usr/bin/time -o time_16_jiayanwa_vdhankar.txt -f "%U" /usr/lib/jvm/jdk-14.0.1/bin/java homework > stulog.txt 2>&1 on jiayanwa #####
##### jiayanwa plays [E h2 g3] in 0.33s #####
##### Running: /usr/lib/jvm/jdk-14.0.1/bin/java -jar /lab/itti/projects/checkers-competition/server/referee.jar on run_16_jiayanwa_vdhankar #####
Move is valid
##### SUCCESS: /usr/lib/jvm/jdk-14.0.1/bin/java -jar /lab/itti/projects/checkers-competition/server/referee.jar on run_16_jiayanwa_vdhankar #####
INPUT for vdhankar:
GAME
BLACK
115.004366159439
.b.....b
........
.......b
w.......
...b.w.w
......w.
.....B..
........
##### Running: /usr/bin/time -o time_16_jiayanwa_vdhankar.txt -f "%U" python3 homework.py > stulog.txt 2>&1 on vdhankar #####
child exited with value 1
##### ERROR: /usr/bin/time -o time_16_jiayanwa_vdhankar.txt -f "%U" python3 homework.py > stulog.txt 2>&1 on vdhankar #####
##### Output of failed program (stdout + stderr): #####
Traceback (most recent call last):
  File "homework.py", line 546, in <module>
    print(end-start)
NameError: name 'end' is not defined
##### End of output of failed program #####
##### vdhankar plays [E d4 e3] in 4.65655207633972s #####
##### Running: /usr/lib/jvm/jdk-14.0.1/bin/java -jar /lab/itti/projects/checkers-competition/server/referee.jar on run_16_jiayanwa_vdhankar #####
Move is valid
##### SUCCESS: /usr/lib/jvm/jdk-14.0.1/bin/java -jar /lab/itti/projects/checkers-competition/server/referee.jar on run_16_jiayanwa_vdhankar #####
INPUT for jiayanwa:
GAME
WHITE
291.51
.b.....b
........
.......b
w.......
.....w.w
....b.w.
.....B..
........
##### Running: /usr/bin/time -o time_16_jiayanwa_vdhankar.txt -f "%U" /usr/lib/jvm/jdk-14.0.1/bin/java homework > stulog.txt 2>&1 on jiayanwa #####
##### SUCCESS: /usr/bin/time -o time_16_jiayanwa_vdhankar.txt -f "%U" /usr/lib/jvm/jdk-14.0.1/bin/java homework > stulog.txt 2>&1 on jiayanwa #####
##### jiayanwa plays [E h4 g5] in 0.22s #####
##### Running: /usr/lib/jvm/jdk-14.0.1/bin/java -jar /lab/itti/projects/checkers-competition/server/referee.jar on run_16_jiayanwa_vdhankar #####
Move is valid
##### SUCCESS: /usr/lib/jvm/jdk-14.0.1/bin/java -jar /lab/itti/projects/checkers-competition/server/referee.jar on run_16_jiayanwa_vdhankar #####
INPUT for vdhankar:
GAME
BLACK
110.347814083099
.b.....b
........
.......b
w.....w.
.....w..
....b.w.
.....B..
........
##### Running: /usr/bin/time -o time_16_jiayanwa_vdhankar.txt -f "%U" python3 homework.py > stulog.txt 2>&1 on vdhankar #####
child exited with value 1
##### ERROR: /usr/bin/time -o time_16_jiayanwa_vdhankar.txt -f "%U" python3 homework.py > stulog.txt 2>&1 on vdhankar #####
##### Output of failed program (stdout + stderr): #####
Traceback (most recent call last):
  File "homework.py", line 546, in <module>
    print(end-start)
NameError: name 'end' is not defined
##### End of output of failed program #####
##### vdhankar plays [J f2 h4 ; J h4 f6] in 0.391393899917603s #####
##### Running: /usr/lib/jvm/jdk-14.0.1/bin/java -jar /lab/itti/projects/checkers-competition/server/referee.jar on run_16_jiayanwa_vdhankar #####
Move is valid
##### SUCCESS: /usr/lib/jvm/jdk-14.0.1/bin/java -jar /lab/itti/projects/checkers-competition/server/referee.jar on run_16_jiayanwa_vdhankar #####
INPUT for jiayanwa:
GAME
WHITE
291.29
.b.....b
........
.....B.b
w.......
.....w..
....b...
........
........
##### Running: /usr/bin/time -o time_16_jiayanwa_vdhankar.txt -f "%U" /usr/lib/jvm/jdk-14.0.1/bin/java homework > stulog.txt 2>&1 on jiayanwa #####
##### SUCCESS: /usr/bin/time -o time_16_jiayanwa_vdhankar.txt -f "%U" /usr/lib/jvm/jdk-14.0.1/bin/java homework > stulog.txt 2>&1 on jiayanwa #####
##### jiayanwa plays [E f4 e5] in 0.23s #####
##### Running: /usr/lib/jvm/jdk-14.0.1/bin/java -jar /lab/itti/projects/checkers-competition/server/referee.jar on run_16_jiayanwa_vdhankar #####
Move is valid
##### SUCCESS: /usr/lib/jvm/jdk-14.0.1/bin/java -jar /lab/itti/projects/checkers-competition/server/referee.jar on run_16_jiayanwa_vdhankar #####
INPUT for vdhankar:
GAME
BLACK
109.956420183182
.b.....b
........
.....B.b
w...w...
........
....b...
........
........
##### Running: /usr/bin/time -o time_16_jiayanwa_vdhankar.txt -f "%U" python3 homework.py > stulog.txt 2>&1 on vdhankar #####
child exited with value 1
##### ERROR: /usr/bin/time -o time_16_jiayanwa_vdhankar.txt -f "%U" python3 homework.py > stulog.txt 2>&1 on vdhankar #####
##### Output of failed program (stdout + stderr): #####
Traceback (most recent call last):
  File "homework.py", line 546, in <module>
    print(end-start)
NameError: name 'end' is not defined
##### End of output of failed program #####
##### vdhankar plays [J f6 d4] in 0.347777128219604s #####
##### Running: /usr/lib/jvm/jdk-14.0.1/bin/java -jar /lab/itti/projects/checkers-competition/server/referee.jar on run_16_jiayanwa_vdhankar #####
Move is valid
##### SUCCESS: /usr/lib/jvm/jdk-14.0.1/bin/java -jar /lab/itti/projects/checkers-competition/server/referee.jar on run_16_jiayanwa_vdhankar #####
INPUT for jiayanwa:
GAME
WHITE
291.06
.b.....b
........
.......b
w.......
...B....
....b...
........
........
##### Running: /usr/bin/time -o time_16_jiayanwa_vdhankar.txt -f "%U" /usr/lib/jvm/jdk-14.0.1/bin/java homework > stulog.txt 2>&1 on jiayanwa #####
##### SUCCESS: /usr/bin/time -o time_16_jiayanwa_vdhankar.txt -f "%U" /usr/lib/jvm/jdk-14.0.1/bin/java homework > stulog.txt 2>&1 on jiayanwa #####
##### jiayanwa plays [E a5 b6] in 0.28s #####
##### Running: /usr/lib/jvm/jdk-14.0.1/bin/java -jar /lab/itti/projects/checkers-competition/server/referee.jar on run_16_jiayanwa_vdhankar #####
Move is valid
##### SUCCESS: /usr/lib/jvm/jdk-14.0.1/bin/java -jar /lab/itti/projects/checkers-competition/server/referee.jar on run_16_jiayanwa_vdhankar #####
INPUT for vdhankar:
GAME
BLACK
109.608643054962
.b.....b
........
.w.....b
........
...B....
....b...
........
........
##### Running: /usr/bin/time -o time_16_jiayanwa_vdhankar.txt -f "%U" python3 homework.py > stulog.txt 2>&1 on vdhankar #####
child exited with value 1
##### ERROR: /usr/bin/time -o time_16_jiayanwa_vdhankar.txt -f "%U" python3 homework.py > stulog.txt 2>&1 on vdhankar #####
##### Output of failed program (stdout + stderr): #####
Traceback (most recent call last):
  File "homework.py", line 546, in <module>
    print(end-start)
NameError: name 'end' is not defined
##### End of output of failed program #####
##### vdhankar plays [E b8 a7] in 0.514257907867432s #####
##### Running: /usr/lib/jvm/jdk-14.0.1/bin/java -jar /lab/itti/projects/checkers-competition/server/referee.jar on run_16_jiayanwa_vdhankar #####
Move is valid
##### SUCCESS: /usr/lib/jvm/jdk-14.0.1/bin/java -jar /lab/itti/projects/checkers-competition/server/referee.jar on run_16_jiayanwa_vdhankar #####
INPUT for jiayanwa:
GAME
WHITE
290.78
.......b
b.......
.w.....b
........
...B....
....b...
........
........
##### Running: /usr/bin/time -o time_16_jiayanwa_vdhankar.txt -f "%U" /usr/lib/jvm/jdk-14.0.1/bin/java homework > stulog.txt 2>&1 on jiayanwa #####
##### SUCCESS: /usr/bin/time -o time_16_jiayanwa_vdhankar.txt -f "%U" /usr/lib/jvm/jdk-14.0.1/bin/java homework > stulog.txt 2>&1 on jiayanwa #####
##### jiayanwa plays [E b6 c7] in 0.26s #####
##### Running: /usr/lib/jvm/jdk-14.0.1/bin/java -jar /lab/itti/projects/checkers-competition/server/referee.jar on run_16_jiayanwa_vdhankar #####
Move is valid
##### SUCCESS: /usr/lib/jvm/jdk-14.0.1/bin/java -jar /lab/itti/projects/checkers-competition/server/referee.jar on run_16_jiayanwa_vdhankar #####
INPUT for vdhankar:
GAME
BLACK
109.094385147095
.......b
b.w.....
.......b
........
...B....
....b...
........
........
##### Running: /usr/bin/time -o time_16_jiayanwa_vdhankar.txt -f "%U" python3 homework.py > stulog.txt 2>&1 on vdhankar #####
child exited with value 1
##### ERROR: /usr/bin/time -o time_16_jiayanwa_vdhankar.txt -f "%U" python3 homework.py > stulog.txt 2>&1 on vdhankar #####
##### Output of failed program (stdout + stderr): #####
Traceback (most recent call last):
  File "homework.py", line 546, in <module>
    print(end-start)
NameError: name 'end' is not defined
##### End of output of failed program #####
##### vdhankar plays [E d4 c5] in 2.15550994873047s #####
##### Running: /usr/lib/jvm/jdk-14.0.1/bin/java -jar /lab/itti/projects/checkers-competition/server/referee.jar on run_16_jiayanwa_vdhankar #####
Move is valid
##### SUCCESS: /usr/lib/jvm/jdk-14.0.1/bin/java -jar /lab/itti/projects/checkers-competition/server/referee.jar on run_16_jiayanwa_vdhankar #####
INPUT for jiayanwa:
GAME
WHITE
290.52
.......b
b.w.....
.......b
..B.....
........
....b...
........
........
##### Running: /usr/bin/time -o time_16_jiayanwa_vdhankar.txt -f "%U" /usr/lib/jvm/jdk-14.0.1/bin/java homework > stulog.txt 2>&1 on jiayanwa #####
##### SUCCESS: /usr/bin/time -o time_16_jiayanwa_vdhankar.txt -f "%U" /usr/lib/jvm/jdk-14.0.1/bin/java homework > stulog.txt 2>&1 on jiayanwa #####
##### jiayanwa plays [E c7 b8] in 0.3s #####
##### Running: /usr/lib/jvm/jdk-14.0.1/bin/java -jar /lab/itti/projects/checkers-competition/server/referee.jar on run_16_jiayanwa_vdhankar #####
Move is valid
##### SUCCESS: /usr/lib/jvm/jdk-14.0.1/bin/java -jar /lab/itti/projects/checkers-competition/server/referee.jar on run_16_jiayanwa_vdhankar #####
INPUT for vdhankar:
GAME
BLACK
106.938875198364
.W.....b
b.......
.......b
..B.....
........
....b...
........
........
##### Running: /usr/bin/time -o time_16_jiayanwa_vdhankar.txt -f "%U" python3 homework.py > stulog.txt 2>&1 on vdhankar #####
child exited with value 1
##### ERROR: /usr/bin/time -o time_16_jiayanwa_vdhankar.txt -f "%U" python3 homework.py > stulog.txt 2>&1 on vdhankar #####
##### Output of failed program (stdout + stderr): #####
Traceback (most recent call last):
  File "homework.py", line 546, in <module>
    print(end-start)
NameError: name 'end' is not defined
##### End of output of failed program #####
##### vdhankar plays [E h8 g7] in 0.313542127609253s #####
##### Running: /usr/lib/jvm/jdk-14.0.1/bin/java -jar /lab/itti/projects/checkers-competition/server/referee.jar on run_16_jiayanwa_vdhankar #####
Move is valid
##### SUCCESS: /usr/lib/jvm/jdk-14.0.1/bin/java -jar /lab/itti/projects/checkers-competition/server/referee.jar on run_16_jiayanwa_vdhankar #####
INPUT for jiayanwa:
GAME
WHITE
290.22
.W......
b.....b.
.......b
..B.....
........
....b...
........
........
##### Running: /usr/bin/time -o time_16_jiayanwa_vdhankar.txt -f "%U" /usr/lib/jvm/jdk-14.0.1/bin/java homework > stulog.txt 2>&1 on jiayanwa #####
##### SUCCESS: /usr/bin/time -o time_16_jiayanwa_vdhankar.txt -f "%U" /usr/lib/jvm/jdk-14.0.1/bin/java homework > stulog.txt 2>&1 on jiayanwa #####
##### jiayanwa plays [E b8 c7] in 0.3s #####
##### Running: /usr/lib/jvm/jdk-14.0.1/bin/java -jar /lab/itti/projects/checkers-competition/server/referee.jar on run_16_jiayanwa_vdhankar #####
Move is valid
##### SUCCESS: /usr/lib/jvm/jdk-14.0.1/bin/java -jar /lab/itti/projects/checkers-competition/server/referee.jar on run_16_jiayanwa_vdhankar #####
INPUT for vdhankar:
GAME
BLACK
106.625333070755
........
b.W...b.
.......b
..B.....
........
....b...
........
........
##### Running: /usr/bin/time -o time_16_jiayanwa_vdhankar.txt -f "%U" python3 homework.py > stulog.txt 2>&1 on vdhankar #####
child exited with value 1
##### ERROR: /usr/bin/time -o time_16_jiayanwa_vdhankar.txt -f "%U" python3 homework.py > stulog.txt 2>&1 on vdhankar #####
##### Output of failed program (stdout + stderr): #####
Traceback (most recent call last):
  File "homework.py", line 546, in <module>
    print(end-start)
NameError: name 'end' is not defined
##### End of output of failed program #####
##### vdhankar plays [E a7 b6] in 0.259210109710693s #####
##### Running: /usr/lib/jvm/jdk-14.0.1/bin/java -jar /lab/itti/projects/checkers-competition/server/referee.jar on run_16_jiayanwa_vdhankar #####
Move is valid
##### SUCCESS: /usr/lib/jvm/jdk-14.0.1/bin/java -jar /lab/itti/projects/checkers-competition/server/referee.jar on run_16_jiayanwa_vdhankar #####
INPUT for jiayanwa:
GAME
WHITE
289.92
........
..W...b.
.b.....b
..B.....
........
....b...
........
........
##### Running: /usr/bin/time -o time_16_jiayanwa_vdhankar.txt -f "%U" /usr/lib/jvm/jdk-14.0.1/bin/java homework > stulog.txt 2>&1 on jiayanwa #####
##### SUCCESS: /usr/bin/time -o time_16_jiayanwa_vdhankar.txt -f "%U" /usr/lib/jvm/jdk-14.0.1/bin/java homework > stulog.txt 2>&1 on jiayanwa #####
##### jiayanwa plays [J c7 a5] in 0.17s #####
##### Running: /usr/lib/jvm/jdk-14.0.1/bin/java -jar /lab/itti/projects/checkers-competition/server/referee.jar on run_16_jiayanwa_vdhankar #####
Move is valid
##### SUCCESS: /usr/lib/jvm/jdk-14.0.1/bin/java -jar /lab/itti/projects/checkers-competition/server/referee.jar on run_16_jiayanwa_vdhankar #####
INPUT for vdhankar:
GAME
BLACK
106.366122961044
........
......b.
.......b
W.B.....
........
....b...
........
........
##### Running: /usr/bin/time -o time_16_jiayanwa_vdhankar.txt -f "%U" python3 homework.py > stulog.txt 2>&1 on vdhankar #####
child exited with value 1
##### ERROR: /usr/bin/time -o time_16_jiayanwa_vdhankar.txt -f "%U" python3 homework.py > stulog.txt 2>&1 on vdhankar #####
##### Output of failed program (stdout + stderr): #####
Traceback (most recent call last):
  File "homework.py", line 546, in <module>
    print(end-start)
NameError: name 'end' is not defined
##### End of output of failed program #####
##### vdhankar plays [E g7 f6] in 0.214200973510742s #####
##### Running: /usr/lib/jvm/jdk-14.0.1/bin/java -jar /lab/itti/projects/checkers-competition/server/referee.jar on run_16_jiayanwa_vdhankar #####
Move is valid
##### SUCCESS: /usr/lib/jvm/jdk-14.0.1/bin/java -jar /lab/itti/projects/checkers-competition/server/referee.jar on run_16_jiayanwa_vdhankar #####
INPUT for jiayanwa:
GAME
WHITE
289.75
........
........
.....b.b
W.B.....
........
....b...
........
........
##### Running: /usr/bin/time -o time_16_jiayanwa_vdhankar.txt -f "%U" /usr/lib/jvm/jdk-14.0.1/bin/java homework > stulog.txt 2>&1 on jiayanwa #####
##### SUCCESS: /usr/bin/time -o time_16_jiayanwa_vdhankar.txt -f "%U" /usr/lib/jvm/jdk-14.0.1/bin/java homework > stulog.txt 2>&1 on jiayanwa #####
##### jiayanwa plays [E a5 b4] in 0.33s #####
##### Running: /usr/lib/jvm/jdk-14.0.1/bin/java -jar /lab/itti/projects/checkers-competition/server/referee.jar on run_16_jiayanwa_vdhankar #####
Move is valid
##### SUCCESS: /usr/lib/jvm/jdk-14.0.1/bin/java -jar /lab/itti/projects/checkers-competition/server/referee.jar on run_16_jiayanwa_vdhankar #####
INPUT for vdhankar:
GAME
BLACK
106.151921987534
........
........
.....b.b
..B.....
.W......
....b...
........
........
##### Running: /usr/bin/time -o time_16_jiayanwa_vdhankar.txt -f "%U" python3 homework.py > stulog.txt 2>&1 on vdhankar #####
child exited with value 1
##### ERROR: /usr/bin/time -o time_16_jiayanwa_vdhankar.txt -f "%U" python3 homework.py > stulog.txt 2>&1 on vdhankar #####
##### Output of failed program (stdout + stderr): #####
Traceback (most recent call last):
  File "homework.py", line 546, in <module>
    print(end-start)
NameError: name 'end' is not defined
##### End of output of failed program #####
##### vdhankar plays [J c5 a3] in 0.210389137268066s #####
##### Running: /usr/lib/jvm/jdk-14.0.1/bin/java -jar /lab/itti/projects/checkers-competition/server/referee.jar on run_16_jiayanwa_vdhankar #####
Move is valid
After this move, player WHITE cannot make any moves
*** Winner: BLACK ***
##### SUCCESS: /usr/lib/jvm/jdk-14.0.1/bin/java -jar /lab/itti/projects/checkers-competition/server/referee.jar on run_16_jiayanwa_vdhankar #####
##### GAME OVER: vdhankar wins the game! #####
Server said: WIN
########## ROUND 16 GAMESCORE AFTER GAME 2: jiayanwa=0 and vdhankar=2 ##########
#################### ROUND 16: jiayanwa (B) vs vdhankar (W): game 3 ####################
##### game start! #####
INPUT for jiayanwa:
GAME
BLACK
300
.b.b.b.b
b.b.b.b.
.b.b.b.b
........
........
w.w.w.w.
.w.w.w.w
w.w.w.w.
##### Running: /usr/bin/time -o time_16_jiayanwa_vdhankar.txt -f "%U" /usr/lib/jvm/jdk-14.0.1/bin/java homework > stulog.txt 2>&1 on jiayanwa #####
##### SUCCESS: /usr/bin/time -o time_16_jiayanwa_vdhankar.txt -f "%U" /usr/lib/jvm/jdk-14.0.1/bin/java homework > stulog.txt 2>&1 on jiayanwa #####
##### jiayanwa plays [E b6 a5] in 0.38s #####
##### Running: /usr/lib/jvm/jdk-14.0.1/bin/java -jar /lab/itti/projects/checkers-competition/server/referee.jar on run_16_jiayanwa_vdhankar #####
Move is valid
Couldn't read file 'current_ply.txt'
Couldn't read content from file 'current_ply.txt'
Couldn't read file 'lastmatchange_ply.txt'
Couldn't read content from file 'lastmatchange_ply.txt'
##### SUCCESS: /usr/lib/jvm/jdk-14.0.1/bin/java -jar /lab/itti/projects/checkers-competition/server/referee.jar on run_16_jiayanwa_vdhankar #####
INPUT for vdhankar:
GAME
WHITE
300
.b.b.b.b
b.b.b.b.
...b.b.b
b.......
........
w.w.w.w.
.w.w.w.w
w.w.w.w.
##### Running: /usr/bin/time -o time_16_jiayanwa_vdhankar.txt -f "%U" python3 homework.py > stulog.txt 2>&1 on vdhankar #####
child exited with value 1
##### ERROR: /usr/bin/time -o time_16_jiayanwa_vdhankar.txt -f "%U" python3 homework.py > stulog.txt 2>&1 on vdhankar #####
##### Output of failed program (stdout + stderr): #####
Traceback (most recent call last):
  File "homework.py", line 546, in <module>
    print(end-start)
NameError: name 'end' is not defined
##### End of output of failed program #####
##### vdhankar plays [E g3 h4] in 7.94339108467102s #####
##### Running: /usr/lib/jvm/jdk-14.0.1/bin/java -jar /lab/itti/projects/checkers-competition/server/referee.jar on run_16_jiayanwa_vdhankar #####
Move is valid
##### SUCCESS: /usr/lib/jvm/jdk-14.0.1/bin/java -jar /lab/itti/projects/checkers-competition/server/referee.jar on run_16_jiayanwa_vdhankar #####
INPUT for jiayanwa:
GAME
BLACK
299.62
.b.b.b.b
b.b.b.b.
...b.b.b
b.......
.......w
w.w.w...
.w.w.w.w
w.w.w.w.
##### Running: /usr/bin/time -o time_16_jiayanwa_vdhankar.txt -f "%U" /usr/lib/jvm/jdk-14.0.1/bin/java homework > stulog.txt 2>&1 on jiayanwa #####
##### SUCCESS: /usr/bin/time -o time_16_jiayanwa_vdhankar.txt -f "%U" /usr/lib/jvm/jdk-14.0.1/bin/java homework > stulog.txt 2>&1 on jiayanwa #####
##### jiayanwa plays [E d6 c5] in 0.3s #####
##### Running: /usr/lib/jvm/jdk-14.0.1/bin/java -jar /lab/itti/projects/checkers-competition/server/referee.jar on run_16_jiayanwa_vdhankar #####
Move is valid
##### SUCCESS: /usr/lib/jvm/jdk-14.0.1/bin/java -jar /lab/itti/projects/checkers-competition/server/referee.jar on run_16_jiayanwa_vdhankar #####
INPUT for vdhankar:
GAME
WHITE
292.056608915329
.b.b.b.b
b.b.b.b.
.....b.b
b.b.....
.......w
w.w.w...
.w.w.w.w
w.w.w.w.
##### Running: /usr/bin/time -o time_16_jiayanwa_vdhankar.txt -f "%U" python3 homework.py > stulog.txt 2>&1 on vdhankar #####
child exited with value 1
##### ERROR: /usr/bin/time -o time_16_jiayanwa_vdhankar.txt -f "%U" python3 homework.py > stulog.txt 2>&1 on vdhankar #####
##### Output of failed program (stdout + stderr): #####
Traceback (most recent call last):
  File "homework.py", line 546, in <module>
    print(end-start)
NameError: name 'end' is not defined
##### End of output of failed program #####
##### vdhankar plays [E h2 g3] in 7.3662281036377s #####
##### Running: /usr/lib/jvm/jdk-14.0.1/bin/java -jar /lab/itti/projects/checkers-competition/server/referee.jar on run_16_jiayanwa_vdhankar #####
Move is valid
##### SUCCESS: /usr/lib/jvm/jdk-14.0.1/bin/java -jar /lab/itti/projects/checkers-competition/server/referee.jar on run_16_jiayanwa_vdhankar #####
INPUT for jiayanwa:
GAME
BLACK
299.32
.b.b.b.b
b.b.b.b.
.....b.b
b.b.....
.......w
w.w.w.w.
.w.w.w..
w.w.w.w.
##### Running: /usr/bin/time -o time_16_jiayanwa_vdhankar.txt -f "%U" /usr/lib/jvm/jdk-14.0.1/bin/java homework > stulog.txt 2>&1 on jiayanwa #####
##### SUCCESS: /usr/bin/time -o time_16_jiayanwa_vdhankar.txt -f "%U" /usr/lib/jvm/jdk-14.0.1/bin/java homework > stulog.txt 2>&1 on jiayanwa #####
##### jiayanwa plays [E f6 e5] in 0.29s #####
##### Running: /usr/lib/jvm/jdk-14.0.1/bin/java -jar /lab/itti/projects/checkers-competition/server/referee.jar on run_16_jiayanwa_vdhankar #####
Move is valid
##### SUCCESS: /usr/lib/jvm/jdk-14.0.1/bin/java -jar /lab/itti/projects/checkers-competition/server/referee.jar on run_16_jiayanwa_vdhankar #####
INPUT for vdhankar:
GAME
WHITE
284.690380811691
.b.b.b.b
b.b.b.b.
.......b
b.b.b...
.......w
w.w.w.w.
.w.w.w..
w.w.w.w.
##### Running: /usr/bin/time -o time_16_jiayanwa_vdhankar.txt -f "%U" python3 homework.py > stulog.txt 2>&1 on vdhankar #####
child exited with value 1
##### ERROR: /usr/bin/time -o time_16_jiayanwa_vdhankar.txt -f "%U" python3 homework.py > stulog.txt 2>&1 on vdhankar #####
##### Output of failed program (stdout + stderr): #####
Traceback (most recent call last):
  File "homework.py", line 546, in <module>
    print(end-start)
NameError: name 'end' is not defined
##### End of output of failed program #####
##### vdhankar plays [E c3 d4] in 0.965989828109741s #####
##### Running: /usr/lib/jvm/jdk-14.0.1/bin/java -jar /lab/itti/projects/checkers-competition/server/referee.jar on run_16_jiayanwa_vdhankar #####
Move is valid
##### SUCCESS: /usr/lib/jvm/jdk-14.0.1/bin/java -jar /lab/itti/projects/checkers-competition/server/referee.jar on run_16_jiayanwa_vdhankar #####
INPUT for jiayanwa:
GAME
BLACK
299.03
.b.b.b.b
b.b.b.b.
.......b
b.b.b...
...w...w
w...w.w.
.w.w.w..
w.w.w.w.
##### Running: /usr/bin/time -o time_16_jiayanwa_vdhankar.txt -f "%U" /usr/lib/jvm/jdk-14.0.1/bin/java homework > stulog.txt 2>&1 on jiayanwa #####
##### SUCCESS: /usr/bin/time -o time_16_jiayanwa_vdhankar.txt -f "%U" /usr/lib/jvm/jdk-14.0.1/bin/java homework > stulog.txt 2>&1 on jiayanwa #####
##### jiayanwa plays [J e5 c3] in 0.21s #####
##### Running: /usr/lib/jvm/jdk-14.0.1/bin/java -jar /lab/itti/projects/checkers-competition/server/referee.jar on run_16_jiayanwa_vdhankar #####
Move is valid
##### SUCCESS: /usr/lib/jvm/jdk-14.0.1/bin/java -jar /lab/itti/projects/checkers-competition/server/referee.jar on run_16_jiayanwa_vdhankar #####
INPUT for vdhankar:
GAME
WHITE
283.724390983582
.b.b.b.b
b.b.b.b.
.......b
b.b.....
.......w
w.b.w.w.
.w.w.w..
w.w.w.w.
##### Running: /usr/bin/time -o time_16_jiayanwa_vdhankar.txt -f "%U" python3 homework.py > stulog.txt 2>&1 on vdhankar #####
child exited with value 1
##### ERROR: /usr/bin/time -o time_16_jiayanwa_vdhankar.txt -f "%U" python3 homework.py > stulog.txt 2>&1 on vdhankar #####
##### Output of failed program (stdout + stderr): #####
Traceback (most recent call last):
  File "homework.py", line 546, in <module>
    print(end-start)
NameError: name 'end' is not defined
##### End of output of failed program #####
##### vdhankar plays [J d2 b4 ; J b4 d6] in 2.55671811103821s #####
##### Running: /usr/lib/jvm/jdk-14.0.1/bin/java -jar /lab/itti/projects/checkers-competition/server/referee.jar on run_16_jiayanwa_vdhankar #####
Move is valid
##### SUCCESS: /usr/lib/jvm/jdk-14.0.1/bin/java -jar /lab/itti/projects/checkers-competition/server/referee.jar on run_16_jiayanwa_vdhankar #####
INPUT for jiayanwa:
GAME
BLACK
298.82
.b.b.b.b
b.b.b.b.
...w...b
b.......
.......w
w...w.w.
.w...w..
w.w.w.w.
##### Running: /usr/bin/time -o time_16_jiayanwa_vdhankar.txt -f "%U" /usr/lib/jvm/jdk-14.0.1/bin/java homework > stulog.txt 2>&1 on jiayanwa #####
##### SUCCESS: /usr/bin/time -o time_16_jiayanwa_vdhankar.txt -f "%U" /usr/lib/jvm/jdk-14.0.1/bin/java homework > stulog.txt 2>&1 on jiayanwa #####
##### jiayanwa plays [J c7 e5] in 0.41s #####
##### Running: /usr/lib/jvm/jdk-14.0.1/bin/java -jar /lab/itti/projects/checkers-competition/server/referee.jar on run_16_jiayanwa_vdhankar #####
Move is valid
##### SUCCESS: /usr/lib/jvm/jdk-14.0.1/bin/java -jar /lab/itti/projects/checkers-competition/server/referee.jar on run_16_jiayanwa_vdhankar #####
INPUT for vdhankar:
GAME
WHITE
281.167672872543
.b.b.b.b
b...b.b.
.......b
b...b...
.......w
w...w.w.
.w...w..
w.w.w.w.
##### Running: /usr/bin/time -o time_16_jiayanwa_vdhankar.txt -f "%U" python3 homework.py > stulog.txt 2>&1 on vdhankar #####
child exited with value 1
##### ERROR: /usr/bin/time -o time_16_jiayanwa_vdhankar.txt -f "%U" python3 homework.py > stulog.txt 2>&1 on vdhankar #####
##### Output of failed program (stdout + stderr): #####
Traceback (most recent call last):
  File "homework.py", line 546, in <module>
    print(end-start)
NameError: name 'end' is not defined
##### End of output of failed program #####
##### vdhankar plays [E g1 h2] in 2.31618499755859s #####
##### Running: /usr/lib/jvm/jdk-14.0.1/bin/java -jar /lab/itti/projects/checkers-competition/server/referee.jar on run_16_jiayanwa_vdhankar #####
Move is valid
##### SUCCESS: /usr/lib/jvm/jdk-14.0.1/bin/java -jar /lab/itti/projects/checkers-competition/server/referee.jar on run_16_jiayanwa_vdhankar #####
INPUT for jiayanwa:
GAME
BLACK
298.41
.b.b.b.b
b...b.b.
.......b
b...b...
.......w
w...w.w.
.w...w.w
w.w.w...
##### Running: /usr/bin/time -o time_16_jiayanwa_vdhankar.txt -f "%U" /usr/lib/jvm/jdk-14.0.1/bin/java homework > stulog.txt 2>&1 on jiayanwa #####
##### SUCCESS: /usr/bin/time -o time_16_jiayanwa_vdhankar.txt -f "%U" /usr/lib/jvm/jdk-14.0.1/bin/java homework > stulog.txt 2>&1 on jiayanwa #####
##### jiayanwa plays [E a7 b6] in 0.45s #####
##### Running: /usr/lib/jvm/jdk-14.0.1/bin/java -jar /lab/itti/projects/checkers-competition/server/referee.jar on run_16_jiayanwa_vdhankar #####
Move is valid
##### SUCCESS: /usr/lib/jvm/jdk-14.0.1/bin/java -jar /lab/itti/projects/checkers-competition/server/referee.jar on run_16_jiayanwa_vdhankar #####
INPUT for vdhankar:
GAME
WHITE
278.851487874985
.b.b.b.b
....b.b.
.b.....b
b...b...
.......w
w...w.w.
.w...w.w
w.w.w...
##### Running: /usr/bin/time -o time_16_jiayanwa_vdhankar.txt -f "%U" python3 homework.py > stulog.txt 2>&1 on vdhankar #####
child exited with value 1
##### ERROR: /usr/bin/time -o time_16_jiayanwa_vdhankar.txt -f "%U" python3 homework.py > stulog.txt 2>&1 on vdhankar #####
##### Output of failed program (stdout + stderr): #####
Traceback (most recent call last):
  File "homework.py", line 546, in <module>
    print(end-start)
NameError: name 'end' is not defined
##### End of output of failed program #####
##### vdhankar plays [E g3 f4] in 2.0617778301239s #####
##### Running: /usr/lib/jvm/jdk-14.0.1/bin/java -jar /lab/itti/projects/checkers-competition/server/referee.jar on run_16_jiayanwa_vdhankar #####
Move is valid
##### SUCCESS: /usr/lib/jvm/jdk-14.0.1/bin/java -jar /lab/itti/projects/checkers-competition/server/referee.jar on run_16_jiayanwa_vdhankar #####
INPUT for jiayanwa:
GAME
BLACK
297.96
.b.b.b.b
....b.b.
.b.....b
b...b...
.....w.w
w...w...
.w...w.w
w.w.w...
##### Running: /usr/bin/time -o time_16_jiayanwa_vdhankar.txt -f "%U" /usr/lib/jvm/jdk-14.0.1/bin/java homework > stulog.txt 2>&1 on jiayanwa #####
##### SUCCESS: /usr/bin/time -o time_16_jiayanwa_vdhankar.txt -f "%U" /usr/lib/jvm/jdk-14.0.1/bin/java homework > stulog.txt 2>&1 on jiayanwa #####
##### jiayanwa plays [J e5 g3] in 0.25s #####
##### Running: /usr/lib/jvm/jdk-14.0.1/bin/java -jar /lab/itti/projects/checkers-competition/server/referee.jar on run_16_jiayanwa_vdhankar #####
Move is valid
##### SUCCESS: /usr/lib/jvm/jdk-14.0.1/bin/java -jar /lab/itti/projects/checkers-competition/server/referee.jar on run_16_jiayanwa_vdhankar #####
INPUT for vdhankar:
GAME
WHITE
276.789710044861
.b.b.b.b
....b.b.
.b.....b
b.......
.......w
w...w.b.
.w...w.w
w.w.w...
##### Running: /usr/bin/time -o time_16_jiayanwa_vdhankar.txt -f "%U" python3 homework.py > stulog.txt 2>&1 on vdhankar #####
child exited with value 1
##### ERROR: /usr/bin/time -o time_16_jiayanwa_vdhankar.txt -f "%U" python3 homework.py > stulog.txt 2>&1 on vdhankar #####
##### Output of failed program (stdout + stderr): #####
Traceback (most recent call last):
  File "homework.py", line 546, in <module>
    print(end-start)
NameError: name 'end' is not defined
##### End of output of failed program #####
##### vdhankar plays [J h2 f4] in 4.2156720161438s #####
##### Running: /usr/lib/jvm/jdk-14.0.1/bin/java -jar /lab/itti/projects/checkers-competition/server/referee.jar on run_16_jiayanwa_vdhankar #####
Move is valid
##### SUCCESS: /usr/lib/jvm/jdk-14.0.1/bin/java -jar /lab/itti/projects/checkers-competition/server/referee.jar on run_16_jiayanwa_vdhankar #####
INPUT for jiayanwa:
GAME
BLACK
297.71
.b.b.b.b
....b.b.
.b.....b
b.......
.....w.w
w...w...
.w...w..
w.w.w...
##### Running: /usr/bin/time -o time_16_jiayanwa_vdhankar.txt -f "%U" /usr/lib/jvm/jdk-14.0.1/bin/java homework > stulog.txt 2>&1 on jiayanwa #####
##### SUCCESS: /usr/bin/time -o time_16_jiayanwa_vdhankar.txt -f "%U" /usr/lib/jvm/jdk-14.0.1/bin/java homework > stulog.txt 2>&1 on jiayanwa #####
##### jiayanwa plays [E b6 c5] in 0.44s #####
##### Running: /usr/lib/jvm/jdk-14.0.1/bin/java -jar /lab/itti/projects/checkers-competition/server/referee.jar on run_16_jiayanwa_vdhankar #####
Move is valid
##### SUCCESS: /usr/lib/jvm/jdk-14.0.1/bin/java -jar /lab/itti/projects/checkers-competition/server/referee.jar on run_16_jiayanwa_vdhankar #####
INPUT for vdhankar:
GAME
WHITE
272.574038028717
.b.b.b.b
....b.b.
.......b
b.b.....
.....w.w
w...w...
.w...w..
w.w.w...
##### Running: /usr/bin/time -o time_16_jiayanwa_vdhankar.txt -f "%U" python3 homework.py > stulog.txt 2>&1 on vdhankar #####
child exited with value 1
##### ERROR: /usr/bin/time -o time_16_jiayanwa_vdhankar.txt -f "%U" python3 homework.py > stulog.txt 2>&1 on vdhankar #####
##### Output of failed program (stdout + stderr): #####
Traceback (most recent call last):
  File "homework.py", line 546, in <module>
    print(end-start)
NameError: name 'end' is not defined
##### End of output of failed program #####
##### vdhankar plays [E b2 c3] in 15.6606569290161s #####
##### Running: /usr/lib/jvm/jdk-14.0.1/bin/java -jar /lab/itti/projects/checkers-competition/server/referee.jar on run_16_jiayanwa_vdhankar #####
Move is valid
##### SUCCESS: /usr/lib/jvm/jdk-14.0.1/bin/java -jar /lab/itti/projects/checkers-competition/server/referee.jar on run_16_jiayanwa_vdhankar #####
INPUT for jiayanwa:
GAME
BLACK
297.27
.b.b.b.b
....b.b.
.......b
b.b.....
.....w.w
w.w.w...
.....w..
w.w.w...
##### Running: /usr/bin/time -o time_16_jiayanwa_vdhankar.txt -f "%U" /usr/lib/jvm/jdk-14.0.1/bin/java homework > stulog.txt 2>&1 on jiayanwa #####
##### SUCCESS: /usr/bin/time -o time_16_jiayanwa_vdhankar.txt -f "%U" /usr/lib/jvm/jdk-14.0.1/bin/java homework > stulog.txt 2>&1 on jiayanwa #####
##### jiayanwa plays [E e7 f6] in 0.48s #####
##### Running: /usr/lib/jvm/jdk-14.0.1/bin/java -jar /lab/itti/projects/checkers-competition/server/referee.jar on run_16_jiayanwa_vdhankar #####
Move is valid
##### SUCCESS: /usr/lib/jvm/jdk-14.0.1/bin/java -jar /lab/itti/projects/checkers-competition/server/referee.jar on run_16_jiayanwa_vdhankar #####
INPUT for vdhankar:
GAME
WHITE
256.913381099701
.b.b.b.b
......b.
.....b.b
b.b.....
.....w.w
w.w.w...
.....w..
w.w.w...
##### Running: /usr/bin/time -o time_16_jiayanwa_vdhankar.txt -f "%U" python3 homework.py > stulog.txt 2>&1 on vdhankar #####
child exited with value 1
##### ERROR: /usr/bin/time -o time_16_jiayanwa_vdhankar.txt -f "%U" python3 homework.py > stulog.txt 2>&1 on vdhankar #####
##### Output of failed program (stdout + stderr): #####
Traceback (most recent call last):
  File "homework.py", line 546, in <module>
    print(end-start)
NameError: name 'end' is not defined
##### End of output of failed program #####
##### vdhankar plays [E f2 g3] in 10.7577979564667s #####
##### Running: /usr/lib/jvm/jdk-14.0.1/bin/java -jar /lab/itti/projects/checkers-competition/server/referee.jar on run_16_jiayanwa_vdhankar #####
Move is valid
##### SUCCESS: /usr/lib/jvm/jdk-14.0.1/bin/java -jar /lab/itti/projects/checkers-competition/server/referee.jar on run_16_jiayanwa_vdhankar #####
INPUT for jiayanwa:
GAME
BLACK
296.79
.b.b.b.b
......b.
.....b.b
b.b.....
.....w.w
w.w.w.w.
........
w.w.w...
##### Running: /usr/bin/time -o time_16_jiayanwa_vdhankar.txt -f "%U" /usr/lib/jvm/jdk-14.0.1/bin/java homework > stulog.txt 2>&1 on jiayanwa #####
##### SUCCESS: /usr/bin/time -o time_16_jiayanwa_vdhankar.txt -f "%U" /usr/lib/jvm/jdk-14.0.1/bin/java homework > stulog.txt 2>&1 on jiayanwa #####
##### jiayanwa plays [E d8 c7] in 0.35s #####
##### Running: /usr/lib/jvm/jdk-14.0.1/bin/java -jar /lab/itti/projects/checkers-competition/server/referee.jar on run_16_jiayanwa_vdhankar #####
Move is valid
##### SUCCESS: /usr/lib/jvm/jdk-14.0.1/bin/java -jar /lab/itti/projects/checkers-competition/server/referee.jar on run_16_jiayanwa_vdhankar #####
INPUT for vdhankar:
GAME
WHITE
246.155583143234
.b...b.b
..b...b.
.....b.b
b.b.....
.....w.w
w.w.w.w.
........
w.w.w...
##### Running: /usr/bin/time -o time_16_jiayanwa_vdhankar.txt -f "%U" python3 homework.py > stulog.txt 2>&1 on vdhankar #####
child exited with value 1
##### ERROR: /usr/bin/time -o time_16_jiayanwa_vdhankar.txt -f "%U" python3 homework.py > stulog.txt 2>&1 on vdhankar #####
##### Output of failed program (stdout + stderr): #####
Traceback (most recent call last):
  File "homework.py", line 546, in <module>
    print(end-start)
NameError: name 'end' is not defined
##### End of output of failed program #####
##### vdhankar plays [E c3 d4] in 9.24564909934998s #####
##### Running: /usr/lib/jvm/jdk-14.0.1/bin/java -jar /lab/itti/projects/checkers-competition/server/referee.jar on run_16_jiayanwa_vdhankar #####
Move is valid
##### SUCCESS: /usr/lib/jvm/jdk-14.0.1/bin/java -jar /lab/itti/projects/checkers-competition/server/referee.jar on run_16_jiayanwa_vdhankar #####
INPUT for jiayanwa:
GAME
BLACK
296.44
.b...b.b
..b...b.
.....b.b
b.b.....
...w.w.w
w...w.w.
........
w.w.w...
##### Running: /usr/bin/time -o time_16_jiayanwa_vdhankar.txt -f "%U" /usr/lib/jvm/jdk-14.0.1/bin/java homework > stulog.txt 2>&1 on jiayanwa #####
##### SUCCESS: /usr/bin/time -o time_16_jiayanwa_vdhankar.txt -f "%U" /usr/lib/jvm/jdk-14.0.1/bin/java homework > stulog.txt 2>&1 on jiayanwa #####
##### jiayanwa plays [E c5 b4] in 0.26s #####
##### Running: /usr/lib/jvm/jdk-14.0.1/bin/java -jar /lab/itti/projects/checkers-competition/server/referee.jar on run_16_jiayanwa_vdhankar #####
Move is valid
##### SUCCESS: /usr/lib/jvm/jdk-14.0.1/bin/java -jar /lab/itti/projects/checkers-competition/server/referee.jar on run_16_jiayanwa_vdhankar #####
INPUT for vdhankar:
GAME
WHITE
236.909934043884
.b...b.b
..b...b.
.....b.b
b.......
.b.w.w.w
w...w.w.
........
w.w.w...
##### Running: /usr/bin/time -o time_16_jiayanwa_vdhankar.txt -f "%U" python3 homework.py > stulog.txt 2>&1 on vdhankar #####
child exited with value 1
##### ERROR: /usr/bin/time -o time_16_jiayanwa_vdhankar.txt -f "%U" python3 homework.py > stulog.txt 2>&1 on vdhankar #####
##### Output of failed program (stdout + stderr): #####
Traceback (most recent call last):
  File "homework.py", line 546, in <module>
    print(end-start)
NameError: name 'end' is not defined
##### End of output of failed program #####
##### vdhankar plays [J a3 c5] in 1.35836696624756s #####
##### Running: /usr/lib/jvm/jdk-14.0.1/bin/java -jar /lab/itti/projects/checkers-competition/server/referee.jar on run_16_jiayanwa_vdhankar #####
Move is valid
##### SUCCESS: /usr/lib/jvm/jdk-14.0.1/bin/java -jar /lab/itti/projects/checkers-competition/server/referee.jar on run_16_jiayanwa_vdhankar #####
INPUT for jiayanwa:
GAME
BLACK
296.18
.b...b.b
..b...b.
.....b.b
b.w.....
...w.w.w
....w.w.
........
w.w.w...
##### Running: /usr/bin/time -o time_16_jiayanwa_vdhankar.txt -f "%U" /usr/lib/jvm/jdk-14.0.1/bin/java homework > stulog.txt 2>&1 on jiayanwa #####
##### SUCCESS: /usr/bin/time -o time_16_jiayanwa_vdhankar.txt -f "%U" /usr/lib/jvm/jdk-14.0.1/bin/java homework > stulog.txt 2>&1 on jiayanwa #####
##### jiayanwa plays [E a5 b4] in 0.28s #####
##### Running: /usr/lib/jvm/jdk-14.0.1/bin/java -jar /lab/itti/projects/checkers-competition/server/referee.jar on run_16_jiayanwa_vdhankar #####
Move is valid
##### SUCCESS: /usr/lib/jvm/jdk-14.0.1/bin/java -jar /lab/itti/projects/checkers-competition/server/referee.jar on run_16_jiayanwa_vdhankar #####
INPUT for vdhankar:
GAME
WHITE
235.551567077637
.b...b.b
..b...b.
.....b.b
..w.....
.b.w.w.w
....w.w.
........
w.w.w...
##### Running: /usr/bin/time -o time_16_jiayanwa_vdhankar.txt -f "%U" python3 homework.py > stulog.txt 2>&1 on vdhankar #####
child exited with value 1
##### ERROR: /usr/bin/time -o time_16_jiayanwa_vdhankar.txt -f "%U" python3 homework.py > stulog.txt 2>&1 on vdhankar #####
##### Output of failed program (stdout + stderr): #####
Traceback (most recent call last):
  File "homework.py", line 546, in <module>
    print(end-start)
NameError: name 'end' is not defined
##### End of output of failed program #####
##### vdhankar plays [E f4 e5] in 7.32651400566101s #####
##### Running: /usr/lib/jvm/jdk-14.0.1/bin/java -jar /lab/itti/projects/checkers-competition/server/referee.jar on run_16_jiayanwa_vdhankar #####
Move is valid
##### SUCCESS: /usr/lib/jvm/jdk-14.0.1/bin/java -jar /lab/itti/projects/checkers-competition/server/referee.jar on run_16_jiayanwa_vdhankar #####
INPUT for jiayanwa:
GAME
BLACK
295.9
.b...b.b
..b...b.
.....b.b
..w.w...
.b.w...w
....w.w.
........
w.w.w...
##### Running: /usr/bin/time -o time_16_jiayanwa_vdhankar.txt -f "%U" /usr/lib/jvm/jdk-14.0.1/bin/java homework > stulog.txt 2>&1 on jiayanwa #####
##### SUCCESS: /usr/bin/time -o time_16_jiayanwa_vdhankar.txt -f "%U" /usr/lib/jvm/jdk-14.0.1/bin/java homework > stulog.txt 2>&1 on jiayanwa #####
##### jiayanwa plays [E b4 a3] in 0.49s #####
##### Running: /usr/lib/jvm/jdk-14.0.1/bin/java -jar /lab/itti/projects/checkers-competition/server/referee.jar on run_16_jiayanwa_vdhankar #####
Move is valid
##### SUCCESS: /usr/lib/jvm/jdk-14.0.1/bin/java -jar /lab/itti/projects/checkers-competition/server/referee.jar on run_16_jiayanwa_vdhankar #####
INPUT for vdhankar:
GAME
WHITE
228.225053071976
.b...b.b
..b...b.
.....b.b
..w.w...
...w...w
b...w.w.
........
w.w.w...
##### Running: /usr/bin/time -o time_16_jiayanwa_vdhankar.txt -f "%U" python3 homework.py > stulog.txt 2>&1 on vdhankar #####
child exited with value 1
##### ERROR: /usr/bin/time -o time_16_jiayanwa_vdhankar.txt -f "%U" python3 homework.py > stulog.txt 2>&1 on vdhankar #####
##### Output of failed program (stdout + stderr): #####
Traceback (most recent call last):
  File "homework.py", line 546, in <module>
    print(end-start)
NameError: name 'end' is not defined
##### End of output of failed program #####
##### vdhankar plays [E g3 f4] in 6.60524702072144s #####
##### Running: /usr/lib/jvm/jdk-14.0.1/bin/java -jar /lab/itti/projects/checkers-competition/server/referee.jar on run_16_jiayanwa_vdhankar #####
Move is valid
##### SUCCESS: /usr/lib/jvm/jdk-14.0.1/bin/java -jar /lab/itti/projects/checkers-competition/server/referee.jar on run_16_jiayanwa_vdhankar #####
INPUT for jiayanwa:
GAME
BLACK
295.41
.b...b.b
..b...b.
.....b.b
..w.w...
...w.w.w
b...w...
........
w.w.w...
##### Running: /usr/bin/time -o time_16_jiayanwa_vdhankar.txt -f "%U" /usr/lib/jvm/jdk-14.0.1/bin/java homework > stulog.txt 2>&1 on jiayanwa #####
##### SUCCESS: /usr/bin/time -o time_16_jiayanwa_vdhankar.txt -f "%U" /usr/lib/jvm/jdk-14.0.1/bin/java homework > stulog.txt 2>&1 on jiayanwa #####
##### jiayanwa plays [E c7 d6] in 0.23s #####
##### Running: /usr/lib/jvm/jdk-14.0.1/bin/java -jar /lab/itti/projects/checkers-competition/server/referee.jar on run_16_jiayanwa_vdhankar #####
Move is valid
##### SUCCESS: /usr/lib/jvm/jdk-14.0.1/bin/java -jar /lab/itti/projects/checkers-competition/server/referee.jar on run_16_jiayanwa_vdhankar #####
INPUT for vdhankar:
GAME
WHITE
221.619806051254
.b...b.b
......b.
...b.b.b
..w.w...
...w.w.w
b...w...
........
w.w.w...
##### Running: /usr/bin/time -o time_16_jiayanwa_vdhankar.txt -f "%U" python3 homework.py > stulog.txt 2>&1 on vdhankar #####
child exited with value 1
##### ERROR: /usr/bin/time -o time_16_jiayanwa_vdhankar.txt -f "%U" python3 homework.py > stulog.txt 2>&1 on vdhankar #####
##### Output of failed program (stdout + stderr): #####
Traceback (most recent call last):
  File "homework.py", line 546, in <module>
    print(end-start)
NameError: name 'end' is not defined
##### End of output of failed program #####
##### vdhankar plays [J c5 e7] in 0.527155876159668s #####
##### Running: /usr/lib/jvm/jdk-14.0.1/bin/java -jar /lab/itti/projects/checkers-competition/server/referee.jar on run_16_jiayanwa_vdhankar #####
Move is valid
##### SUCCESS: /usr/lib/jvm/jdk-14.0.1/bin/java -jar /lab/itti/projects/checkers-competition/server/referee.jar on run_16_jiayanwa_vdhankar #####
INPUT for jiayanwa:
GAME
BLACK
295.18
.b...b.b
....w.b.
.....b.b
....w...
...w.w.w
b...w...
........
w.w.w...
##### Running: /usr/bin/time -o time_16_jiayanwa_vdhankar.txt -f "%U" /usr/lib/jvm/jdk-14.0.1/bin/java homework > stulog.txt 2>&1 on jiayanwa #####
##### SUCCESS: /usr/bin/time -o time_16_jiayanwa_vdhankar.txt -f "%U" /usr/lib/jvm/jdk-14.0.1/bin/java homework > stulog.txt 2>&1 on jiayanwa #####
##### jiayanwa plays [J f8 d6] in 0.17s #####
##### Running: /usr/lib/jvm/jdk-14.0.1/bin/java -jar /lab/itti/projects/checkers-competition/server/referee.jar on run_16_jiayanwa_vdhankar #####
Move is valid
##### SUCCESS: /usr/lib/jvm/jdk-14.0.1/bin/java -jar /lab/itti/projects/checkers-competition/server/referee.jar on run_16_jiayanwa_vdhankar #####
INPUT for vdhankar:
GAME
WHITE
221.092650175095
.b.....b
......b.
...b.b.b
....w...
...w.w.w
b...w...
........
w.w.w...
##### Running: /usr/bin/time -o time_16_jiayanwa_vdhankar.txt -f "%U" python3 homework.py > stulog.txt 2>&1 on vdhankar #####
child exited with value 1
##### ERROR: /usr/bin/time -o time_16_jiayanwa_vdhankar.txt -f "%U" python3 homework.py > stulog.txt 2>&1 on vdhankar #####
##### Output of failed program (stdout + stderr): #####
Traceback (most recent call last):
  File "homework.py", line 546, in <module>
    print(end-start)
NameError: name 'end' is not defined
##### End of output of failed program #####
##### vdhankar plays [J e5 c7] in 0.303885936737061s #####
##### Running: /usr/lib/jvm/jdk-14.0.1/bin/java -jar /lab/itti/projects/checkers-competition/server/referee.jar on run_16_jiayanwa_vdhankar #####
Move is valid
##### SUCCESS: /usr/lib/jvm/jdk-14.0.1/bin/java -jar /lab/itti/projects/checkers-competition/server/referee.jar on run_16_jiayanwa_vdhankar #####
INPUT for jiayanwa:
GAME
BLACK
295.01
.b.....b
..w...b.
.....b.b
........
...w.w.w
b...w...
........
w.w.w...
##### Running: /usr/bin/time -o time_16_jiayanwa_vdhankar.txt -f "%U" /usr/lib/jvm/jdk-14.0.1/bin/java homework > stulog.txt 2>&1 on jiayanwa #####
##### SUCCESS: /usr/bin/time -o time_16_jiayanwa_vdhankar.txt -f "%U" /usr/lib/jvm/jdk-14.0.1/bin/java homework > stulog.txt 2>&1 on jiayanwa #####
##### jiayanwa plays [J b8 d6] in 0.22s #####
##### Running: /usr/lib/jvm/jdk-14.0.1/bin/java -jar /lab/itti/projects/checkers-competition/server/referee.jar on run_16_jiayanwa_vdhankar #####
Move is valid
##### SUCCESS: /usr/lib/jvm/jdk-14.0.1/bin/java -jar /lab/itti/projects/checkers-competition/server/referee.jar on run_16_jiayanwa_vdhankar #####
INPUT for vdhankar:
GAME
WHITE
220.788764238358
.......b
......b.
...b.b.b
........
...w.w.w
b...w...
........
w.w.w...
##### Running: /usr/bin/time -o time_16_jiayanwa_vdhankar.txt -f "%U" python3 homework.py > stulog.txt 2>&1 on vdhankar #####
child exited with value 1
##### ERROR: /usr/bin/time -o time_16_jiayanwa_vdhankar.txt -f "%U" python3 homework.py > stulog.txt 2>&1 on vdhankar #####
##### Output of failed program (stdout + stderr): #####
Traceback (most recent call last):
  File "homework.py", line 546, in <module>
    print(end-start)
NameError: name 'end' is not defined
##### End of output of failed program #####
##### vdhankar plays [E h4 g5] in 0.78000807762146s #####
##### Running: /usr/lib/jvm/jdk-14.0.1/bin/java -jar /lab/itti/projects/checkers-competition/server/referee.jar on run_16_jiayanwa_vdhankar #####
Move is valid
##### SUCCESS: /usr/lib/jvm/jdk-14.0.1/bin/java -jar /lab/itti/projects/checkers-competition/server/referee.jar on run_16_jiayanwa_vdhankar #####
INPUT for jiayanwa:
GAME
BLACK
294.79
.......b
......b.
...b.b.b
......w.
...w.w..
b...w...
........
w.w.w...
##### Running: /usr/bin/time -o time_16_jiayanwa_vdhankar.txt -f "%U" /usr/lib/jvm/jdk-14.0.1/bin/java homework > stulog.txt 2>&1 on jiayanwa #####
##### SUCCESS: /usr/bin/time -o time_16_jiayanwa_vdhankar.txt -f "%U" /usr/lib/jvm/jdk-14.0.1/bin/java homework > stulog.txt 2>&1 on jiayanwa #####
##### jiayanwa plays [J f6 h4] in 0.2s #####
##### Running: /usr/lib/jvm/jdk-14.0.1/bin/java -jar /lab/itti/projects/checkers-competition/server/referee.jar on run_16_jiayanwa_vdhankar #####
Move is valid
##### SUCCESS: /usr/lib/jvm/jdk-14.0.1/bin/java -jar /lab/itti/projects/checkers-competition/server/referee.jar on run_16_jiayanwa_vdhankar #####
INPUT for vdhankar:
GAME
WHITE
220.008756160736
.......b
......b.
...b...b
........
...w.w.b
b...w...
........
w.w.w...
##### Running: /usr/bin/time -o time_16_jiayanwa_vdhankar.txt -f "%U" python3 homework.py > stulog.txt 2>&1 on vdhankar #####
child exited with value 1
##### ERROR: /usr/bin/time -o time_16_jiayanwa_vdhankar.txt -f "%U" python3 homework.py > stulog.txt 2>&1 on vdhankar #####
##### Output of failed program (stdout + stderr): #####
Traceback (most recent call last):
  File "homework.py", line 546, in <module>
    print(end-start)
NameError: name 'end' is not defined
##### End of output of failed program #####
##### vdhankar plays [E e1 f2] in 2.15251708030701s #####
##### Running: /usr/lib/jvm/jdk-14.0.1/bin/java -jar /lab/itti/projects/checkers-competition/server/referee.jar on run_16_jiayanwa_vdhankar #####
Move is valid
##### SUCCESS: /usr/lib/jvm/jdk-14.0.1/bin/java -jar /lab/itti/projects/checkers-competition/server/referee.jar on run_16_jiayanwa_vdhankar #####
INPUT for jiayanwa:
GAME
BLACK
294.59
.......b
......b.
...b...b
........
...w.w.b
b...w...
.....w..
w.w.....
##### Running: /usr/bin/time -o time_16_jiayanwa_vdhankar.txt -f "%U" /usr/lib/jvm/jdk-14.0.1/bin/java homework > stulog.txt 2>&1 on jiayanwa #####
##### SUCCESS: /usr/bin/time -o time_16_jiayanwa_vdhankar.txt -f "%U" /usr/lib/jvm/jdk-14.0.1/bin/java homework > stulog.txt 2>&1 on jiayanwa #####
##### jiayanwa plays [E h4 g3] in 0.22s #####
##### Running: /usr/lib/jvm/jdk-14.0.1/bin/java -jar /lab/itti/projects/checkers-competition/server/referee.jar on run_16_jiayanwa_vdhankar #####
Move is valid
##### SUCCESS: /usr/lib/jvm/jdk-14.0.1/bin/java -jar /lab/itti/projects/checkers-competition/server/referee.jar on run_16_jiayanwa_vdhankar #####
INPUT for vdhankar:
GAME
WHITE
217.856239080429
.......b
......b.
...b...b
........
...w.w..
b...w.b.
.....w..
w.w.....
##### Running: /usr/bin/time -o time_16_jiayanwa_vdhankar.txt -f "%U" python3 homework.py > stulog.txt 2>&1 on vdhankar #####
child exited with value 1
##### ERROR: /usr/bin/time -o time_16_jiayanwa_vdhankar.txt -f "%U" python3 homework.py > stulog.txt 2>&1 on vdhankar #####
##### Output of failed program (stdout + stderr): #####
Traceback (most recent call last):
  File "homework.py", line 546, in <module>
    print(end-start)
NameError: name 'end' is not defined
##### End of output of failed program #####
##### vdhankar plays [J f2 h4] in 0.48622989654541s #####
##### Running: /usr/lib/jvm/jdk-14.0.1/bin/java -jar /lab/itti/projects/checkers-competition/server/referee.jar on run_16_jiayanwa_vdhankar #####
Move is valid
##### SUCCESS: /usr/lib/jvm/jdk-14.0.1/bin/java -jar /lab/itti/projects/checkers-competition/server/referee.jar on run_16_jiayanwa_vdhankar #####
INPUT for jiayanwa:
GAME
BLACK
294.37
.......b
......b.
...b...b
........
...w.w.w
b...w...
........
w.w.....
##### Running: /usr/bin/time -o time_16_jiayanwa_vdhankar.txt -f "%U" /usr/lib/jvm/jdk-14.0.1/bin/java homework > stulog.txt 2>&1 on jiayanwa #####
##### SUCCESS: /usr/bin/time -o time_16_jiayanwa_vdhankar.txt -f "%U" /usr/lib/jvm/jdk-14.0.1/bin/java homework > stulog.txt 2>&1 on jiayanwa #####
##### jiayanwa plays [E d6 e5] in 0.25s #####
##### Running: /usr/lib/jvm/jdk-14.0.1/bin/java -jar /lab/itti/projects/checkers-competition/server/referee.jar on run_16_jiayanwa_vdhankar #####
Move is valid
##### SUCCESS: /usr/lib/jvm/jdk-14.0.1/bin/java -jar /lab/itti/projects/checkers-competition/server/referee.jar on run_16_jiayanwa_vdhankar #####
INPUT for vdhankar:
GAME
WHITE
217.370009183884
.......b
......b.
.......b
....b...
...w.w.w
b...w...
........
w.w.....
##### Running: /usr/bin/time -o time_16_jiayanwa_vdhankar.txt -f "%U" python3 homework.py > stulog.txt 2>&1 on vdhankar #####
child exited with value 1
##### ERROR: /usr/bin/time -o time_16_jiayanwa_vdhankar.txt -f "%U" python3 homework.py > stulog.txt 2>&1 on vdhankar #####
##### Output of failed program (stdout + stderr): #####
Traceback (most recent call last):
  File "homework.py", line 546, in <module>
    print(end-start)
NameError: name 'end' is not defined
##### End of output of failed program #####
##### vdhankar plays [J f4 d6] in 0.891353130340576s #####
##### Running: /usr/lib/jvm/jdk-14.0.1/bin/java -jar /lab/itti/projects/checkers-competition/server/referee.jar on run_16_jiayanwa_vdhankar #####
Move is valid
##### SUCCESS: /usr/lib/jvm/jdk-14.0.1/bin/java -jar /lab/itti/projects/checkers-competition/server/referee.jar on run_16_jiayanwa_vdhankar #####
INPUT for jiayanwa:
GAME
BLACK
294.12
.......b
......b.
...w...b
........
...w...w
b...w...
........
w.w.....
##### Running: /usr/bin/time -o time_16_jiayanwa_vdhankar.txt -f "%U" /usr/lib/jvm/jdk-14.0.1/bin/java homework > stulog.txt 2>&1 on jiayanwa #####
##### SUCCESS: /usr/bin/time -o time_16_jiayanwa_vdhankar.txt -f "%U" /usr/lib/jvm/jdk-14.0.1/bin/java homework > stulog.txt 2>&1 on jiayanwa #####
##### jiayanwa plays [E h6 g5] in 0.23s #####
##### Running: /usr/lib/jvm/jdk-14.0.1/bin/java -jar /lab/itti/projects/checkers-competition/server/referee.jar on run_16_jiayanwa_vdhankar #####
Move is valid
##### SUCCESS: /usr/lib/jvm/jdk-14.0.1/bin/java -jar /lab/itti/projects/checkers-competition/server/referee.jar on run_16_jiayanwa_vdhankar #####
INPUT for vdhankar:
GAME
WHITE
216.478656053543
.......b
......b.
...w....
......b.
...w...w
b...w...
........
w.w.....
##### Running: /usr/bin/time -o time_16_jiayanwa_vdhankar.txt -f "%U" python3 homework.py > stulog.txt 2>&1 on vdhankar #####
child exited with value 1
##### ERROR: /usr/bin/time -o time_16_jiayanwa_vdhankar.txt -f "%U" python3 homework.py > stulog.txt 2>&1 on vdhankar #####
##### Output of failed program (stdout + stderr): #####
Traceback (most recent call last):
  File "homework.py", line 546, in <module>
    print(end-start)
NameError: name 'end' is not defined
##### End of output of failed program #####
##### vdhankar plays [J h4 f6] in 0.367224931716919s #####
##### Running: /usr/lib/jvm/jdk-14.0.1/bin/java -jar /lab/itti/projects/checkers-competition/server/referee.jar on run_16_jiayanwa_vdhankar #####
Move is valid
##### SUCCESS: /usr/lib/jvm/jdk-14.0.1/bin/java -jar /lab/itti/projects/checkers-competition/server/referee.jar on run_16_jiayanwa_vdhankar #####
INPUT for jiayanwa:
GAME
BLACK
293.89
.......b
......b.
...w.w..
........
...w....
b...w...
........
w.w.....
##### Running: /usr/bin/time -o time_16_jiayanwa_vdhankar.txt -f "%U" /usr/lib/jvm/jdk-14.0.1/bin/java homework > stulog.txt 2>&1 on jiayanwa #####
##### SUCCESS: /usr/bin/time -o time_16_jiayanwa_vdhankar.txt -f "%U" /usr/lib/jvm/jdk-14.0.1/bin/java homework > stulog.txt 2>&1 on jiayanwa #####
##### jiayanwa plays [J g7 e5 ; J e5 c3] in 0.22s #####
##### Running: /usr/lib/jvm/jdk-14.0.1/bin/java -jar /lab/itti/projects/checkers-competition/server/referee.jar on run_16_jiayanwa_vdhankar #####
Move is valid
##### SUCCESS: /usr/lib/jvm/jdk-14.0.1/bin/java -jar /lab/itti/projects/checkers-competition/server/referee.jar on run_16_jiayanwa_vdhankar #####
INPUT for vdhankar:
GAME
WHITE
216.111431121826
.......b
........
...w....
........
........
b.b.w...
........
w.w.....
##### Running: /usr/bin/time -o time_16_jiayanwa_vdhankar.txt -f "%U" python3 homework.py > stulog.txt 2>&1 on vdhankar #####
child exited with value 1
##### ERROR: /usr/bin/time -o time_16_jiayanwa_vdhankar.txt -f "%U" python3 homework.py > stulog.txt 2>&1 on vdhankar #####
##### Output of failed program (stdout + stderr): #####
Traceback (most recent call last):
  File "homework.py", line 546, in <module>
    print(end-start)
NameError: name 'end' is not defined
##### End of output of failed program #####
##### vdhankar plays [E e3 d4] in 1.54744791984558s #####
##### Running: /usr/lib/jvm/jdk-14.0.1/bin/java -jar /lab/itti/projects/checkers-competition/server/referee.jar on run_16_jiayanwa_vdhankar #####
Move is valid
##### SUCCESS: /usr/lib/jvm/jdk-14.0.1/bin/java -jar /lab/itti/projects/checkers-competition/server/referee.jar on run_16_jiayanwa_vdhankar #####
INPUT for jiayanwa:
GAME
BLACK
293.67
.......b
........
...w....
........
...w....
b.b.....
........
w.w.....
##### Running: /usr/bin/time -o time_16_jiayanwa_vdhankar.txt -f "%U" /usr/lib/jvm/jdk-14.0.1/bin/java homework > stulog.txt 2>&1 on jiayanwa #####
##### SUCCESS: /usr/bin/time -o time_16_jiayanwa_vdhankar.txt -f "%U" /usr/lib/jvm/jdk-14.0.1/bin/java homework > stulog.txt 2>&1 on jiayanwa #####
##### jiayanwa plays [E a3 b2] in 0.26s #####
##### Running: /usr/lib/jvm/jdk-14.0.1/bin/java -jar /lab/itti/projects/checkers-competition/server/referee.jar on run_16_jiayanwa_vdhankar #####
Move is valid
##### SUCCESS: /usr/lib/jvm/jdk-14.0.1/bin/java -jar /lab/itti/projects/checkers-competition/server/referee.jar on run_16_jiayanwa_vdhankar #####
INPUT for vdhankar:
GAME
WHITE
214.563983201981
.......b
........
...w....
........
...w....
..b.....
.b......
w.w.....
##### Running: /usr/bin/time -o time_16_jiayanwa_vdhankar.txt -f "%U" python3 homework.py > stulog.txt 2>&1 on vdhankar #####
child exited with value 1
##### ERROR: /usr/bin/time -o time_16_jiayanwa_vdhankar.txt -f "%U" python3 homework.py > stulog.txt 2>&1 on vdhankar #####
##### Output of failed program (stdout + stderr): #####
Traceback (most recent call last):
  File "homework.py", line 546, in <module>
    print(end-start)
NameError: name 'end' is not defined
##### End of output of failed program #####
##### vdhankar plays [J c1 a3] in 0.593257904052734s #####
##### Running: /usr/lib/jvm/jdk-14.0.1/bin/java -jar /lab/itti/projects/checkers-competition/server/referee.jar on run_16_jiayanwa_vdhankar #####
Move is valid
##### SUCCESS: /usr/lib/jvm/jdk-14.0.1/bin/java -jar /lab/itti/projects/checkers-competition/server/referee.jar on run_16_jiayanwa_vdhankar #####
INPUT for jiayanwa:
GAME
BLACK
293.41
.......b
........
...w....
........
...w....
w.b.....
........
w.......
##### Running: /usr/bin/time -o time_16_jiayanwa_vdhankar.txt -f "%U" /usr/lib/jvm/jdk-14.0.1/bin/java homework > stulog.txt 2>&1 on jiayanwa #####
##### SUCCESS: /usr/bin/time -o time_16_jiayanwa_vdhankar.txt -f "%U" /usr/lib/jvm/jdk-14.0.1/bin/java homework > stulog.txt 2>&1 on jiayanwa #####
##### jiayanwa plays [E c3 d2] in 0.22s #####
##### Running: /usr/lib/jvm/jdk-14.0.1/bin/java -jar /lab/itti/projects/checkers-competition/server/referee.jar on run_16_jiayanwa_vdhankar #####
Move is valid
##### SUCCESS: /usr/lib/jvm/jdk-14.0.1/bin/java -jar /lab/itti/projects/checkers-competition/server/referee.jar on run_16_jiayanwa_vdhankar #####
INPUT for vdhankar:
GAME
WHITE
213.970725297928
.......b
........
...w....
........
...w....
w.......
...b....
w.......
##### Running: /usr/bin/time -o time_16_jiayanwa_vdhankar.txt -f "%U" python3 homework.py > stulog.txt 2>&1 on vdhankar #####
child exited with value 1
##### ERROR: /usr/bin/time -o time_16_jiayanwa_vdhankar.txt -f "%U" python3 homework.py > stulog.txt 2>&1 on vdhankar #####
##### Output of failed program (stdout + stderr): #####
Traceback (most recent call last):
  File "homework.py", line 546, in <module>
    print(end-start)
NameError: name 'end' is not defined
##### End of output of failed program #####
##### vdhankar plays [E d4 e5] in 3.25355410575867s #####
##### Running: /usr/lib/jvm/jdk-14.0.1/bin/java -jar /lab/itti/projects/checkers-competition/server/referee.jar on run_16_jiayanwa_vdhankar #####
Move is valid
##### SUCCESS: /usr/lib/jvm/jdk-14.0.1/bin/java -jar /lab/itti/projects/checkers-competition/server/referee.jar on run_16_jiayanwa_vdhankar #####
INPUT for jiayanwa:
GAME
BLACK
293.19
.......b
........
...w....
....w...
........
w.......
...b....
w.......
##### Running: /usr/bin/time -o time_16_jiayanwa_vdhankar.txt -f "%U" /usr/lib/jvm/jdk-14.0.1/bin/java homework > stulog.txt 2>&1 on jiayanwa #####
##### SUCCESS: /usr/bin/time -o time_16_jiayanwa_vdhankar.txt -f "%U" /usr/lib/jvm/jdk-14.0.1/bin/java homework > stulog.txt 2>&1 on jiayanwa #####
##### jiayanwa plays [E d2 c1] in 0.21s #####
##### Running: /usr/lib/jvm/jdk-14.0.1/bin/java -jar /lab/itti/projects/checkers-competition/server/referee.jar on run_16_jiayanwa_vdhankar #####
Move is valid
##### SUCCESS: /usr/lib/jvm/jdk-14.0.1/bin/java -jar /lab/itti/projects/checkers-competition/server/referee.jar on run_16_jiayanwa_vdhankar #####
INPUT for vdhankar:
GAME
WHITE
210.717171192169
.......b
........
...w....
....w...
........
w.......
........
w.B.....
##### Running: /usr/bin/time -o time_16_jiayanwa_vdhankar.txt -f "%U" python3 homework.py > stulog.txt 2>&1 on vdhankar #####
child exited with value 1
##### ERROR: /usr/bin/time -o time_16_jiayanwa_vdhankar.txt -f "%U" python3 homework.py > stulog.txt 2>&1 on vdhankar #####
##### Output of failed program (stdout + stderr): #####
Traceback (most recent call last):
  File "homework.py", line 546, in <module>
    print(end-start)
NameError: name 'end' is not defined
##### End of output of failed program #####
##### vdhankar plays [E d6 e7] in 1.39890789985657s #####
##### Running: /usr/lib/jvm/jdk-14.0.1/bin/java -jar /lab/itti/projects/checkers-competition/server/referee.jar on run_16_jiayanwa_vdhankar #####
Move is valid
##### SUCCESS: /usr/lib/jvm/jdk-14.0.1/bin/java -jar /lab/itti/projects/checkers-competition/server/referee.jar on run_16_jiayanwa_vdhankar #####
INPUT for jiayanwa:
GAME
BLACK
292.98
.......b
....w...
........
....w...
........
w.......
........
w.B.....
##### Running: /usr/bin/time -o time_16_jiayanwa_vdhankar.txt -f "%U" /usr/lib/jvm/jdk-14.0.1/bin/java homework > stulog.txt 2>&1 on jiayanwa #####
##### SUCCESS: /usr/bin/time -o time_16_jiayanwa_vdhankar.txt -f "%U" /usr/lib/jvm/jdk-14.0.1/bin/java homework > stulog.txt 2>&1 on jiayanwa #####
##### jiayanwa plays [E c1 d2] in 0.34s #####
##### Running: /usr/lib/jvm/jdk-14.0.1/bin/java -jar /lab/itti/projects/checkers-competition/server/referee.jar on run_16_jiayanwa_vdhankar #####
Move is valid
##### SUCCESS: /usr/lib/jvm/jdk-14.0.1/bin/java -jar /lab/itti/projects/checkers-competition/server/referee.jar on run_16_jiayanwa_vdhankar #####
INPUT for vdhankar:
GAME
WHITE
209.318263292313
.......b
....w...
........
....w...
........
w.......
...B....
w.......
##### Running: /usr/bin/time -o time_16_jiayanwa_vdhankar.txt -f "%U" python3 homework.py > stulog.txt 2>&1 on vdhankar #####
child exited with value 1
##### ERROR: /usr/bin/time -o time_16_jiayanwa_vdhankar.txt -f "%U" python3 homework.py > stulog.txt 2>&1 on vdhankar #####
##### Output of failed program (stdout + stderr): #####
Traceback (most recent call last):
  File "homework.py", line 546, in <module>
    print(end-start)
NameError: name 'end' is not defined
##### End of output of failed program #####
##### vdhankar plays [E e5 f6] in 2.34061980247498s #####
##### Running: /usr/lib/jvm/jdk-14.0.1/bin/java -jar /lab/itti/projects/checkers-competition/server/referee.jar on run_16_jiayanwa_vdhankar #####
Move is valid
##### SUCCESS: /usr/lib/jvm/jdk-14.0.1/bin/java -jar /lab/itti/projects/checkers-competition/server/referee.jar on run_16_jiayanwa_vdhankar #####
INPUT for jiayanwa:
GAME
BLACK
292.64
.......b
....w...
.....w..
........
........
w.......
...B....
w.......
##### Running: /usr/bin/time -o time_16_jiayanwa_vdhankar.txt -f "%U" /usr/lib/jvm/jdk-14.0.1/bin/java homework > stulog.txt 2>&1 on jiayanwa #####
##### SUCCESS: /usr/bin/time -o time_16_jiayanwa_vdhankar.txt -f "%U" /usr/lib/jvm/jdk-14.0.1/bin/java homework > stulog.txt 2>&1 on jiayanwa #####
##### jiayanwa plays [E d2 c1] in 0.23s #####
##### Running: /usr/lib/jvm/jdk-14.0.1/bin/java -jar /lab/itti/projects/checkers-competition/server/referee.jar on run_16_jiayanwa_vdhankar #####
Move is valid
##### SUCCESS: /usr/lib/jvm/jdk-14.0.1/bin/java -jar /lab/itti/projects/checkers-competition/server/referee.jar on run_16_jiayanwa_vdhankar #####
INPUT for vdhankar:
GAME
WHITE
206.977643489838
.......b
....w...
.....w..
........
........
w.......
........
w.B.....
##### Running: /usr/bin/time -o time_16_jiayanwa_vdhankar.txt -f "%U" python3 homework.py > stulog.txt 2>&1 on vdhankar #####
child exited with value 1
##### ERROR: /usr/bin/time -o time_16_jiayanwa_vdhankar.txt -f "%U" python3 homework.py > stulog.txt 2>&1 on vdhankar #####
##### Output of failed program (stdout + stderr): #####
Traceback (most recent call last):
  File "homework.py", line 546, in <module>
    print(end-start)
NameError: name 'end' is not defined
##### End of output of failed program #####
##### vdhankar plays [E a1 b2] in 0.935820817947388s #####
##### Running: /usr/lib/jvm/jdk-14.0.1/bin/java -jar /lab/itti/projects/checkers-competition/server/referee.jar on run_16_jiayanwa_vdhankar #####
Move is valid
##### SUCCESS: /usr/lib/jvm/jdk-14.0.1/bin/java -jar /lab/itti/projects/checkers-competition/server/referee.jar on run_16_jiayanwa_vdhankar #####
INPUT for jiayanwa:
GAME
BLACK
292.41
.......b
....w...
.....w..
........
........
w.......
.w......
..B.....
##### Running: /usr/bin/time -o time_16_jiayanwa_vdhankar.txt -f "%U" /usr/lib/jvm/jdk-14.0.1/bin/java homework > stulog.txt 2>&1 on jiayanwa #####
##### SUCCESS: /usr/bin/time -o time_16_jiayanwa_vdhankar.txt -f "%U" /usr/lib/jvm/jdk-14.0.1/bin/java homework > stulog.txt 2>&1 on jiayanwa #####
##### jiayanwa plays [E c1 d2] in 0.32s #####
##### Running: /usr/lib/jvm/jdk-14.0.1/bin/java -jar /lab/itti/projects/checkers-competition/server/referee.jar on run_16_jiayanwa_vdhankar #####
Move is valid
##### SUCCESS: /usr/lib/jvm/jdk-14.0.1/bin/java -jar /lab/itti/projects/checkers-competition/server/referee.jar on run_16_jiayanwa_vdhankar #####
INPUT for vdhankar:
GAME
WHITE
206.04182267189
.......b
....w...
.....w..
........
........
w.......
.w.B....
........
##### Running: /usr/bin/time -o time_16_jiayanwa_vdhankar.txt -f "%U" python3 homework.py > stulog.txt 2>&1 on vdhankar #####
child exited with value 1
##### ERROR: /usr/bin/time -o time_16_jiayanwa_vdhankar.txt -f "%U" python3 homework.py > stulog.txt 2>&1 on vdhankar #####
##### Output of failed program (stdout + stderr): #####
Traceback (most recent call last):
  File "homework.py", line 546, in <module>
    print(end-start)
NameError: name 'end' is not defined
##### End of output of failed program #####
##### vdhankar plays [E b2 c3] in 0.972806930541992s #####
##### Running: /usr/lib/jvm/jdk-14.0.1/bin/java -jar /lab/itti/projects/checkers-competition/server/referee.jar on run_16_jiayanwa_vdhankar #####
Move is valid
##### SUCCESS: /usr/lib/jvm/jdk-14.0.1/bin/java -jar /lab/itti/projects/checkers-competition/server/referee.jar on run_16_jiayanwa_vdhankar #####
INPUT for jiayanwa:
GAME
BLACK
292.09
.......b
....w...
.....w..
........
........
w.w.....
...B....
........
##### Running: /usr/bin/time -o time_16_jiayanwa_vdhankar.txt -f "%U" /usr/lib/jvm/jdk-14.0.1/bin/java homework > stulog.txt 2>&1 on jiayanwa #####
##### SUCCESS: /usr/bin/time -o time_16_jiayanwa_vdhankar.txt -f "%U" /usr/lib/jvm/jdk-14.0.1/bin/java homework > stulog.txt 2>&1 on jiayanwa #####
##### jiayanwa plays [J d2 b4] in 0.2s #####
##### Running: /usr/lib/jvm/jdk-14.0.1/bin/java -jar /lab/itti/projects/checkers-competition/server/referee.jar on run_16_jiayanwa_vdhankar #####
Move is valid
##### SUCCESS: /usr/lib/jvm/jdk-14.0.1/bin/java -jar /lab/itti/projects/checkers-competition/server/referee.jar on run_16_jiayanwa_vdhankar #####
INPUT for vdhankar:
GAME
WHITE
205.069015741348
.......b
....w...
.....w..
........
.B......
w.......
........
........
##### Running: /usr/bin/time -o time_16_jiayanwa_vdhankar.txt -f "%U" python3 homework.py > stulog.txt 2>&1 on vdhankar #####
child exited with value 1
##### ERROR: /usr/bin/time -o time_16_jiayanwa_vdhankar.txt -f "%U" python3 homework.py > stulog.txt 2>&1 on vdhankar #####
##### Output of failed program (stdout + stderr): #####
Traceback (most recent call last):
  File "homework.py", line 546, in <module>
    print(end-start)
NameError: name 'end' is not defined
##### End of output of failed program #####
##### vdhankar plays [J a3 c5] in 0.220217943191528s #####
##### Running: /usr/lib/jvm/jdk-14.0.1/bin/java -jar /lab/itti/projects/checkers-competition/server/referee.jar on run_16_jiayanwa_vdhankar #####
Move is valid
##### SUCCESS: /usr/lib/jvm/jdk-14.0.1/bin/java -jar /lab/itti/projects/checkers-competition/server/referee.jar on run_16_jiayanwa_vdhankar #####
INPUT for jiayanwa:
GAME
BLACK
291.89
.......b
....w...
.....w..
..w.....
........
........
........
........
##### Running: /usr/bin/time -o time_16_jiayanwa_vdhankar.txt -f "%U" /usr/lib/jvm/jdk-14.0.1/bin/java homework > stulog.txt 2>&1 on jiayanwa #####
##### SUCCESS: /usr/bin/time -o time_16_jiayanwa_vdhankar.txt -f "%U" /usr/lib/jvm/jdk-14.0.1/bin/java homework > stulog.txt 2>&1 on jiayanwa #####
##### jiayanwa plays [E h8 g7] in 0.2s #####
##### Running: /usr/lib/jvm/jdk-14.0.1/bin/java -jar /lab/itti/projects/checkers-competition/server/referee.jar on run_16_jiayanwa_vdhankar #####
Move is valid
##### SUCCESS: /usr/lib/jvm/jdk-14.0.1/bin/java -jar /lab/itti/projects/checkers-competition/server/referee.jar on run_16_jiayanwa_vdhankar #####
INPUT for vdhankar:
GAME
WHITE
204.848797798157
........
....w.b.
.....w..
..w.....
........
........
........
........
##### Running: /usr/bin/time -o time_16_jiayanwa_vdhankar.txt -f "%U" python3 homework.py > stulog.txt 2>&1 on vdhankar #####
child exited with value 1
##### ERROR: /usr/bin/time -o time_16_jiayanwa_vdhankar.txt -f "%U" python3 homework.py > stulog.txt 2>&1 on vdhankar #####
##### Output of failed program (stdout + stderr): #####
Traceback (most recent call last):
  File "homework.py", line 546, in <module>
    print(end-start)
NameError: name 'end' is not defined
##### End of output of failed program #####
##### vdhankar plays [J f6 h8] in 0.359554052352905s #####
##### Running: /usr/lib/jvm/jdk-14.0.1/bin/java -jar /lab/itti/projects/checkers-competition/server/referee.jar on run_16_jiayanwa_vdhankar #####
Move is valid
After this move, player BLACK cannot make any moves
*** Winner: WHITE ***
##### SUCCESS: /usr/lib/jvm/jdk-14.0.1/bin/java -jar /lab/itti/projects/checkers-competition/server/referee.jar on run_16_jiayanwa_vdhankar #####
##### GAME OVER: vdhankar wins the game! #####
Server said: WIN
########## ROUND 16 GAMESCORE AFTER GAME 3: jiayanwa=0 and vdhankar=3 ##########
#################### ROUND 16: jiayanwa (W) vs vdhankar (B): game 4 ####################
##### game start! #####
INPUT for vdhankar:
GAME
BLACK
300
.b.b.b.b
b.b.b.b.
.b.b.b.b
........
........
w.w.w.w.
.w.w.w.w
w.w.w.w.
##### Running: /usr/bin/time -o time_16_jiayanwa_vdhankar.txt -f "%U" python3 homework.py > stulog.txt 2>&1 on vdhankar #####
child exited with value 1
##### ERROR: /usr/bin/time -o time_16_jiayanwa_vdhankar.txt -f "%U" python3 homework.py > stulog.txt 2>&1 on vdhankar #####
##### Output of failed program (stdout + stderr): #####
Traceback (most recent call last):
  File "homework.py", line 546, in <module>
    print(end-start)
NameError: name 'end' is not defined
##### End of output of failed program #####
##### vdhankar plays [E h6 g5] in 7.5275719165802s #####
##### Running: /usr/lib/jvm/jdk-14.0.1/bin/java -jar /lab/itti/projects/checkers-competition/server/referee.jar on run_16_jiayanwa_vdhankar #####
Move is valid
Couldn't read file 'current_ply.txt'
Couldn't read content from file 'current_ply.txt'
Couldn't read file 'lastmatchange_ply.txt'
Couldn't read content from file 'lastmatchange_ply.txt'
##### SUCCESS: /usr/lib/jvm/jdk-14.0.1/bin/java -jar /lab/itti/projects/checkers-competition/server/referee.jar on run_16_jiayanwa_vdhankar #####
INPUT for jiayanwa:
GAME
WHITE
300
.b.b.b.b
b.b.b.b.
.b.b.b..
......b.
........
w.w.w.w.
.w.w.w.w
w.w.w.w.
##### Running: /usr/bin/time -o time_16_jiayanwa_vdhankar.txt -f "%U" /usr/lib/jvm/jdk-14.0.1/bin/java homework > stulog.txt 2>&1 on jiayanwa #####
##### SUCCESS: /usr/bin/time -o time_16_jiayanwa_vdhankar.txt -f "%U" /usr/lib/jvm/jdk-14.0.1/bin/java homework > stulog.txt 2>&1 on jiayanwa #####
##### jiayanwa plays [E a3 b4] in 0.39s #####
##### Running: /usr/lib/jvm/jdk-14.0.1/bin/java -jar /lab/itti/projects/checkers-competition/server/referee.jar on run_16_jiayanwa_vdhankar #####
Move is valid
##### SUCCESS: /usr/lib/jvm/jdk-14.0.1/bin/java -jar /lab/itti/projects/checkers-competition/server/referee.jar on run_16_jiayanwa_vdhankar #####
INPUT for vdhankar:
GAME
BLACK
292.47242808342
.b.b.b.b
b.b.b.b.
.b.b.b..
......b.
.w......
..w.w.w.
.w.w.w.w
w.w.w.w.
##### Running: /usr/bin/time -o time_16_jiayanwa_vdhankar.txt -f "%U" python3 homework.py > stulog.txt 2>&1 on vdhankar #####
child exited with value 1
##### ERROR: /usr/bin/time -o time_16_jiayanwa_vdhankar.txt -f "%U" python3 homework.py > stulog.txt 2>&1 on vdhankar #####
##### Output of failed program (stdout + stderr): #####
Traceback (most recent call last):
  File "homework.py", line 546, in <module>
    print(end-start)
NameError: name 'end' is not defined
##### End of output of failed program #####
##### vdhankar plays [E g5 h4] in 6.13712882995605s #####
##### Running: /usr/lib/jvm/jdk-14.0.1/bin/java -jar /lab/itti/projects/checkers-competition/server/referee.jar on run_16_jiayanwa_vdhankar #####
Move is valid
##### SUCCESS: /usr/lib/jvm/jdk-14.0.1/bin/java -jar /lab/itti/projects/checkers-competition/server/referee.jar on run_16_jiayanwa_vdhankar #####
INPUT for jiayanwa:
GAME
WHITE
299.61
.b.b.b.b
b.b.b.b.
.b.b.b..
........
.w.....b
..w.w.w.
.w.w.w.w
w.w.w.w.
##### Running: /usr/bin/time -o time_16_jiayanwa_vdhankar.txt -f "%U" /usr/lib/jvm/jdk-14.0.1/bin/java homework > stulog.txt 2>&1 on jiayanwa #####
##### SUCCESS: /usr/bin/time -o time_16_jiayanwa_vdhankar.txt -f "%U" /usr/lib/jvm/jdk-14.0.1/bin/java homework > stulog.txt 2>&1 on jiayanwa #####
##### jiayanwa plays [E b2 a3] in 0.25s #####
##### Running: /usr/lib/jvm/jdk-14.0.1/bin/java -jar /lab/itti/projects/checkers-competition/server/referee.jar on run_16_jiayanwa_vdhankar #####
Move is valid
##### SUCCESS: /usr/lib/jvm/jdk-14.0.1/bin/java -jar /lab/itti/projects/checkers-competition/server/referee.jar on run_16_jiayanwa_vdhankar #####
INPUT for vdhankar:
GAME
BLACK
286.335299253464
.b.b.b.b
b.b.b.b.
.b.b.b..
........
.w.....b
w.w.w.w.
...w.w.w
w.w.w.w.
##### Running: /usr/bin/time -o time_16_jiayanwa_vdhankar.txt -f "%U" python3 homework.py > stulog.txt 2>&1 on vdhankar #####
child exited with value 1
##### ERROR: /usr/bin/time -o time_16_jiayanwa_vdhankar.txt -f "%U" python3 homework.py > stulog.txt 2>&1 on vdhankar #####
##### Output of failed program (stdout + stderr): #####
Traceback (most recent call last):
  File "homework.py", line 546, in <module>
    print(end-start)
NameError: name 'end' is not defined
##### End of output of failed program #####
##### vdhankar plays [E f6 g5] in 5.85429096221924s #####
##### Running: /usr/lib/jvm/jdk-14.0.1/bin/java -jar /lab/itti/projects/checkers-competition/server/referee.jar on run_16_jiayanwa_vdhankar #####
Move is valid
##### SUCCESS: /usr/lib/jvm/jdk-14.0.1/bin/java -jar /lab/itti/projects/checkers-competition/server/referee.jar on run_16_jiayanwa_vdhankar #####
INPUT for jiayanwa:
GAME
WHITE
299.36
.b.b.b.b
b.b.b.b.
.b.b....
......b.
.w.....b
w.w.w.w.
...w.w.w
w.w.w.w.
##### Running: /usr/bin/time -o time_16_jiayanwa_vdhankar.txt -f "%U" /usr/lib/jvm/jdk-14.0.1/bin/java homework > stulog.txt 2>&1 on jiayanwa #####
##### SUCCESS: /usr/bin/time -o time_16_jiayanwa_vdhankar.txt -f "%U" /usr/lib/jvm/jdk-14.0.1/bin/java homework > stulog.txt 2>&1 on jiayanwa #####
##### jiayanwa plays [E a1 b2] in 0.3s #####
##### Running: /usr/lib/jvm/jdk-14.0.1/bin/java -jar /lab/itti/projects/checkers-competition/server/referee.jar on run_16_jiayanwa_vdhankar #####
Move is valid
##### SUCCESS: /usr/lib/jvm/jdk-14.0.1/bin/java -jar /lab/itti/projects/checkers-competition/server/referee.jar on run_16_jiayanwa_vdhankar #####
INPUT for vdhankar:
GAME
BLACK
280.481008291245
.b.b.b.b
b.b.b.b.
.b.b....
......b.
.w.....b
w.w.w.w.
.w.w.w.w
..w.w.w.
##### Running: /usr/bin/time -o time_16_jiayanwa_vdhankar.txt -f "%U" python3 homework.py > stulog.txt 2>&1 on vdhankar #####
child exited with value 1
##### ERROR: /usr/bin/time -o time_16_jiayanwa_vdhankar.txt -f "%U" python3 homework.py > stulog.txt 2>&1 on vdhankar #####
##### Output of failed program (stdout + stderr): #####
Traceback (most recent call last):
  File "homework.py", line 546, in <module>
    print(end-start)
NameError: name 'end' is not defined
##### End of output of failed program #####
##### vdhankar plays [E g7 h6] in 5.64623808860779s #####
##### Running: /usr/lib/jvm/jdk-14.0.1/bin/java -jar /lab/itti/projects/checkers-competition/server/referee.jar on run_16_jiayanwa_vdhankar #####
Move is valid
##### SUCCESS: /usr/lib/jvm/jdk-14.0.1/bin/java -jar /lab/itti/projects/checkers-competition/server/referee.jar on run_16_jiayanwa_vdhankar #####
INPUT for jiayanwa:
GAME
WHITE
299.06
.b.b.b.b
b.b.b...
.b.b...b
......b.
.w.....b
w.w.w.w.
.w.w.w.w
..w.w.w.
##### Running: /usr/bin/time -o time_16_jiayanwa_vdhankar.txt -f "%U" /usr/lib/jvm/jdk-14.0.1/bin/java homework > stulog.txt 2>&1 on jiayanwa #####
##### SUCCESS: /usr/bin/time -o time_16_jiayanwa_vdhankar.txt -f "%U" /usr/lib/jvm/jdk-14.0.1/bin/java homework > stulog.txt 2>&1 on jiayanwa #####
##### jiayanwa plays [E e3 f4] in 0.24s #####
##### Running: /usr/lib/jvm/jdk-14.0.1/bin/java -jar /lab/itti/projects/checkers-competition/server/referee.jar on run_16_jiayanwa_vdhankar #####
Move is valid
##### SUCCESS: /usr/lib/jvm/jdk-14.0.1/bin/java -jar /lab/itti/projects/checkers-competition/server/referee.jar on run_16_jiayanwa_vdhankar #####
INPUT for vdhankar:
GAME
BLACK
274.834770202637
.b.b.b.b
b.b.b...
.b.b...b
......b.
.w...w.b
w.w...w.
.w.w.w.w
..w.w.w.
##### Running: /usr/bin/time -o time_16_jiayanwa_vdhankar.txt -f "%U" python3 homework.py > stulog.txt 2>&1 on vdhankar #####
child exited with value 1
##### ERROR: /usr/bin/time -o time_16_jiayanwa_vdhankar.txt -f "%U" python3 homework.py > stulog.txt 2>&1 on vdhankar #####
##### Output of failed program (stdout + stderr): #####
Traceback (most recent call last):
  File "homework.py", line 546, in <module>
    print(end-start)
NameError: name 'end' is not defined
##### End of output of failed program #####
##### vdhankar plays [J g5 e3] in 0.659146070480347s #####
##### Running: /usr/lib/jvm/jdk-14.0.1/bin/java -jar /lab/itti/projects/checkers-competition/server/referee.jar on run_16_jiayanwa_vdhankar #####
Move is valid
##### SUCCESS: /usr/lib/jvm/jdk-14.0.1/bin/java -jar /lab/itti/projects/checkers-competition/server/referee.jar on run_16_jiayanwa_vdhankar #####
INPUT for jiayanwa:
GAME
WHITE
298.82
.b.b.b.b
b.b.b...
.b.b...b
........
.w.....b
w.w.b.w.
.w.w.w.w
..w.w.w.
##### Running: /usr/bin/time -o time_16_jiayanwa_vdhankar.txt -f "%U" /usr/lib/jvm/jdk-14.0.1/bin/java homework > stulog.txt 2>&1 on jiayanwa #####
##### SUCCESS: /usr/bin/time -o time_16_jiayanwa_vdhankar.txt -f "%U" /usr/lib/jvm/jdk-14.0.1/bin/java homework > stulog.txt 2>&1 on jiayanwa #####
##### jiayanwa plays [J d2 f4] in 0.2s #####
##### Running: /usr/lib/jvm/jdk-14.0.1/bin/java -jar /lab/itti/projects/checkers-competition/server/referee.jar on run_16_jiayanwa_vdhankar #####
Move is valid
##### SUCCESS: /usr/lib/jvm/jdk-14.0.1/bin/java -jar /lab/itti/projects/checkers-competition/server/referee.jar on run_16_jiayanwa_vdhankar #####
INPUT for vdhankar:
GAME
BLACK
274.175624132156
.b.b.b.b
b.b.b...
.b.b...b
........
.w...w.b
w.w...w.
.w...w.w
..w.w.w.
##### Running: /usr/bin/time -o time_16_jiayanwa_vdhankar.txt -f "%U" python3 homework.py > stulog.txt 2>&1 on vdhankar #####
child exited with value 1
##### ERROR: /usr/bin/time -o time_16_jiayanwa_vdhankar.txt -f "%U" python3 homework.py > stulog.txt 2>&1 on vdhankar #####
##### Output of failed program (stdout + stderr): #####
Traceback (most recent call last):
  File "homework.py", line 546, in <module>
    print(end-start)
NameError: name 'end' is not defined
##### End of output of failed program #####
##### vdhankar plays [E d6 e5] in 2.42747497558594s #####
##### Running: /usr/lib/jvm/jdk-14.0.1/bin/java -jar /lab/itti/projects/checkers-competition/server/referee.jar on run_16_jiayanwa_vdhankar #####
Move is valid
##### SUCCESS: /usr/lib/jvm/jdk-14.0.1/bin/java -jar /lab/itti/projects/checkers-competition/server/referee.jar on run_16_jiayanwa_vdhankar #####
INPUT for jiayanwa:
GAME
WHITE
298.62
.b.b.b.b
b.b.b...
.b.....b
....b...
.w...w.b
w.w...w.
.w...w.w
..w.w.w.
##### Running: /usr/bin/time -o time_16_jiayanwa_vdhankar.txt -f "%U" /usr/lib/jvm/jdk-14.0.1/bin/java homework > stulog.txt 2>&1 on jiayanwa #####
##### SUCCESS: /usr/bin/time -o time_16_jiayanwa_vdhankar.txt -f "%U" /usr/lib/jvm/jdk-14.0.1/bin/java homework > stulog.txt 2>&1 on jiayanwa #####
##### jiayanwa plays [J f4 d6] in 0.28s #####
##### Running: /usr/lib/jvm/jdk-14.0.1/bin/java -jar /lab/itti/projects/checkers-competition/server/referee.jar on run_16_jiayanwa_vdhankar #####
Move is valid
##### SUCCESS: /usr/lib/jvm/jdk-14.0.1/bin/java -jar /lab/itti/projects/checkers-competition/server/referee.jar on run_16_jiayanwa_vdhankar #####
INPUT for vdhankar:
GAME
BLACK
271.74814915657
.b.b.b.b
b.b.b...
.b.w...b
........
.w.....b
w.w...w.
.w...w.w
..w.w.w.
##### Running: /usr/bin/time -o time_16_jiayanwa_vdhankar.txt -f "%U" python3 homework.py > stulog.txt 2>&1 on vdhankar #####
child exited with value 1
##### ERROR: /usr/bin/time -o time_16_jiayanwa_vdhankar.txt -f "%U" python3 homework.py > stulog.txt 2>&1 on vdhankar #####
##### Output of failed program (stdout + stderr): #####
Traceback (most recent call last):
  File "homework.py", line 546, in <module>
    print(end-start)
NameError: name 'end' is not defined
##### End of output of failed program #####
##### vdhankar plays [J e7 c5] in 1.10780811309814s #####
##### Running: /usr/lib/jvm/jdk-14.0.1/bin/java -jar /lab/itti/projects/checkers-competition/server/referee.jar on run_16_jiayanwa_vdhankar #####
Move is valid
##### SUCCESS: /usr/lib/jvm/jdk-14.0.1/bin/java -jar /lab/itti/projects/checkers-competition/server/referee.jar on run_16_jiayanwa_vdhankar #####
INPUT for jiayanwa:
GAME
WHITE
298.34
.b.b.b.b
b.b.....
.b.....b
..b.....
.w.....b
w.w...w.
.w...w.w
..w.w.w.
##### Running: /usr/bin/time -o time_16_jiayanwa_vdhankar.txt -f "%U" /usr/lib/jvm/jdk-14.0.1/bin/java homework > stulog.txt 2>&1 on jiayanwa #####
##### SUCCESS: /usr/bin/time -o time_16_jiayanwa_vdhankar.txt -f "%U" /usr/lib/jvm/jdk-14.0.1/bin/java homework > stulog.txt 2>&1 on jiayanwa #####
##### jiayanwa plays [J b4 d6] in 0.24s #####
##### Running: /usr/lib/jvm/jdk-14.0.1/bin/java -jar /lab/itti/projects/checkers-competition/server/referee.jar on run_16_jiayanwa_vdhankar #####
Move is valid
##### SUCCESS: /usr/lib/jvm/jdk-14.0.1/bin/java -jar /lab/itti/projects/checkers-competition/server/referee.jar on run_16_jiayanwa_vdhankar #####
INPUT for vdhankar:
GAME
BLACK
270.640341043472
.b.b.b.b
b.b.....
.b.w...b
........
.......b
w.w...w.
.w...w.w
..w.w.w.
##### Running: /usr/bin/time -o time_16_jiayanwa_vdhankar.txt -f "%U" python3 homework.py > stulog.txt 2>&1 on vdhankar #####
child exited with value 1
##### ERROR: /usr/bin/time -o time_16_jiayanwa_vdhankar.txt -f "%U" python3 homework.py > stulog.txt 2>&1 on vdhankar #####
##### Output of failed program (stdout + stderr): #####
Traceback (most recent call last):
  File "homework.py", line 546, in <module>
    print(end-start)
NameError: name 'end' is not defined
##### End of output of failed program #####
##### vdhankar plays [J c7 e5] in 2.18697285652161s #####
##### Running: /usr/lib/jvm/jdk-14.0.1/bin/java -jar /lab/itti/projects/checkers-competition/server/referee.jar on run_16_jiayanwa_vdhankar #####
Move is valid
##### SUCCESS: /usr/lib/jvm/jdk-14.0.1/bin/java -jar /lab/itti/projects/checkers-competition/server/referee.jar on run_16_jiayanwa_vdhankar #####
INPUT for jiayanwa:
GAME
WHITE
298.1
.b.b.b.b
b.......
.b.....b
....b...
.......b
w.w...w.
.w...w.w
..w.w.w.
##### Running: /usr/bin/time -o time_16_jiayanwa_vdhankar.txt -f "%U" /usr/lib/jvm/jdk-14.0.1/bin/java homework > stulog.txt 2>&1 on jiayanwa #####
##### SUCCESS: /usr/bin/time -o time_16_jiayanwa_vdhankar.txt -f "%U" /usr/lib/jvm/jdk-14.0.1/bin/java homework > stulog.txt 2>&1 on jiayanwa #####
##### jiayanwa plays [E c1 d2] in 0.44s #####
##### Running: /usr/lib/jvm/jdk-14.0.1/bin/java -jar /lab/itti/projects/checkers-competition/server/referee.jar on run_16_jiayanwa_vdhankar #####
Move is valid
##### SUCCESS: /usr/lib/jvm/jdk-14.0.1/bin/java -jar /lab/itti/projects/checkers-competition/server/referee.jar on run_16_jiayanwa_vdhankar #####
INPUT for vdhankar:
GAME
BLACK
268.453368186951
.b.b.b.b
b.......
.b.....b
....b...
.......b
w.w...w.
.w.w.w.w
....w.w.
##### Running: /usr/bin/time -o time_16_jiayanwa_vdhankar.txt -f "%U" python3 homework.py > stulog.txt 2>&1 on vdhankar #####
child exited with value 1
##### ERROR: /usr/bin/time -o time_16_jiayanwa_vdhankar.txt -f "%U" python3 homework.py > stulog.txt 2>&1 on vdhankar #####
##### Output of failed program (stdout + stderr): #####
Traceback (most recent call last):
  File "homework.py", line 546, in <module>
    print(end-start)
NameError: name 'end' is not defined
##### End of output of failed program #####
##### vdhankar plays [E b6 c5] in 15.4023549556732s #####
##### Running: /usr/lib/jvm/jdk-14.0.1/bin/java -jar /lab/itti/projects/checkers-competition/server/referee.jar on run_16_jiayanwa_vdhankar #####
Move is valid
##### SUCCESS: /usr/lib/jvm/jdk-14.0.1/bin/java -jar /lab/itti/projects/checkers-competition/server/referee.jar on run_16_jiayanwa_vdhankar #####
INPUT for jiayanwa:
GAME
WHITE
297.66
.b.b.b.b
b.......
.......b
..b.b...
.......b
w.w...w.
.w.w.w.w
....w.w.
##### Running: /usr/bin/time -o time_16_jiayanwa_vdhankar.txt -f "%U" /usr/lib/jvm/jdk-14.0.1/bin/java homework > stulog.txt 2>&1 on jiayanwa #####
##### SUCCESS: /usr/bin/time -o time_16_jiayanwa_vdhankar.txt -f "%U" /usr/lib/jvm/jdk-14.0.1/bin/java homework > stulog.txt 2>&1 on jiayanwa #####
##### jiayanwa plays [E d2 e3] in 0.41s #####
##### Running: /usr/lib/jvm/jdk-14.0.1/bin/java -jar /lab/itti/projects/checkers-competition/server/referee.jar on run_16_jiayanwa_vdhankar #####
Move is valid
##### SUCCESS: /usr/lib/jvm/jdk-14.0.1/bin/java -jar /lab/itti/projects/checkers-competition/server/referee.jar on run_16_jiayanwa_vdhankar #####
INPUT for vdhankar:
GAME
BLACK
253.051013231277
.b.b.b.b
b.......
.......b
..b.b...
.......b
w.w.w.w.
.w...w.w
....w.w.
##### Running: /usr/bin/time -o time_16_jiayanwa_vdhankar.txt -f "%U" python3 homework.py > stulog.txt 2>&1 on vdhankar #####
child exited with value 1
##### ERROR: /usr/bin/time -o time_16_jiayanwa_vdhankar.txt -f "%U" python3 homework.py > stulog.txt 2>&1 on vdhankar #####
##### Output of failed program (stdout + stderr): #####
Traceback (most recent call last):
  File "homework.py", line 546, in <module>
    print(end-start)
NameError: name 'end' is not defined
##### End of output of failed program #####
##### vdhankar plays [E a7 b6] in 6.06883001327515s #####
##### Running: /usr/lib/jvm/jdk-14.0.1/bin/java -jar /lab/itti/projects/checkers-competition/server/referee.jar on run_16_jiayanwa_vdhankar #####
Move is valid
##### SUCCESS: /usr/lib/jvm/jdk-14.0.1/bin/java -jar /lab/itti/projects/checkers-competition/server/referee.jar on run_16_jiayanwa_vdhankar #####
INPUT for jiayanwa:
GAME
WHITE
297.25
.b.b.b.b
........
.b.....b
..b.b...
.......b
w.w.w.w.
.w...w.w
....w.w.
##### Running: /usr/bin/time -o time_16_jiayanwa_vdhankar.txt -f "%U" /usr/lib/jvm/jdk-14.0.1/bin/java homework > stulog.txt 2>&1 on jiayanwa #####
##### SUCCESS: /usr/bin/time -o time_16_jiayanwa_vdhankar.txt -f "%U" /usr/lib/jvm/jdk-14.0.1/bin/java homework > stulog.txt 2>&1 on jiayanwa #####
##### jiayanwa plays [E e3 d4] in 0.25s #####
##### Running: /usr/lib/jvm/jdk-14.0.1/bin/java -jar /lab/itti/projects/checkers-competition/server/referee.jar on run_16_jiayanwa_vdhankar #####
Move is valid
##### SUCCESS: /usr/lib/jvm/jdk-14.0.1/bin/java -jar /lab/itti/projects/checkers-competition/server/referee.jar on run_16_jiayanwa_vdhankar #####
INPUT for vdhankar:
GAME
BLACK
246.982183218002
.b.b.b.b
........
.b.....b
..b.b...
...w...b
w.w...w.
.w...w.w
....w.w.
##### Running: /usr/bin/time -o time_16_jiayanwa_vdhankar.txt -f "%U" python3 homework.py > stulog.txt 2>&1 on vdhankar #####
child exited with value 1
##### ERROR: /usr/bin/time -o time_16_jiayanwa_vdhankar.txt -f "%U" python3 homework.py > stulog.txt 2>&1 on vdhankar #####
##### Output of failed program (stdout + stderr): #####
Traceback (most recent call last):
  File "homework.py", line 546, in <module>
    print(end-start)
NameError: name 'end' is not defined
##### End of output of failed program #####
##### vdhankar plays [J c5 e3] in 0.527305126190186s #####
##### Running: /usr/lib/jvm/jdk-14.0.1/bin/java -jar /lab/itti/projects/checkers-competition/server/referee.jar on run_16_jiayanwa_vdhankar #####
Move is valid
##### SUCCESS: /usr/lib/jvm/jdk-14.0.1/bin/java -jar /lab/itti/projects/checkers-competition/server/referee.jar on run_16_jiayanwa_vdhankar #####
INPUT for jiayanwa:
GAME
WHITE
297
.b.b.b.b
........
.b.....b
....b...
.......b
w.w.b.w.
.w...w.w
....w.w.
##### Running: /usr/bin/time -o time_16_jiayanwa_vdhankar.txt -f "%U" /usr/lib/jvm/jdk-14.0.1/bin/java homework > stulog.txt 2>&1 on jiayanwa #####
##### SUCCESS: /usr/bin/time -o time_16_jiayanwa_vdhankar.txt -f "%U" /usr/lib/jvm/jdk-14.0.1/bin/java homework > stulog.txt 2>&1 on jiayanwa #####
##### jiayanwa plays [J f2 d4 ; J d4 f6] in 0.21s #####
##### Running: /usr/lib/jvm/jdk-14.0.1/bin/java -jar /lab/itti/projects/checkers-competition/server/referee.jar on run_16_jiayanwa_vdhankar #####
Move is valid
##### SUCCESS: /usr/lib/jvm/jdk-14.0.1/bin/java -jar /lab/itti/projects/checkers-competition/server/referee.jar on run_16_jiayanwa_vdhankar #####
INPUT for vdhankar:
GAME
BLACK
246.454878091812
.b.b.b.b
........
.b...w.b
........
.......b
w.w...w.
.w.....w
....w.w.
##### Running: /usr/bin/time -o time_16_jiayanwa_vdhankar.txt -f "%U" python3 homework.py > stulog.txt 2>&1 on vdhankar #####
child exited with value 1
##### ERROR: /usr/bin/time -o time_16_jiayanwa_vdhankar.txt -f "%U" python3 homework.py > stulog.txt 2>&1 on vdhankar #####
##### Output of failed program (stdout + stderr): #####
Traceback (most recent call last):
  File "homework.py", line 546, in <module>
    print(end-start)
NameError: name 'end' is not defined
##### End of output of failed program #####
##### vdhankar plays [J h4 f2] in 2.69898796081543s #####
##### Running: /usr/lib/jvm/jdk-14.0.1/bin/java -jar /lab/itti/projects/checkers-competition/server/referee.jar on run_16_jiayanwa_vdhankar #####
Move is valid
##### SUCCESS: /usr/lib/jvm/jdk-14.0.1/bin/java -jar /lab/itti/projects/checkers-competition/server/referee.jar on run_16_jiayanwa_vdhankar #####
INPUT for jiayanwa:
GAME
WHITE
296.79
.b.b.b.b
........
.b...w.b
........
........
w.w.....
.w...b.w
....w.w.
##### Running: /usr/bin/time -o time_16_jiayanwa_vdhankar.txt -f "%U" /usr/lib/jvm/jdk-14.0.1/bin/java homework > stulog.txt 2>&1 on jiayanwa #####
##### SUCCESS: /usr/bin/time -o time_16_jiayanwa_vdhankar.txt -f "%U" /usr/lib/jvm/jdk-14.0.1/bin/java homework > stulog.txt 2>&1 on jiayanwa #####
##### jiayanwa plays [J e1 g3] in 0.24s #####
##### Running: /usr/lib/jvm/jdk-14.0.1/bin/java -jar /lab/itti/projects/checkers-competition/server/referee.jar on run_16_jiayanwa_vdhankar #####
Move is valid
##### SUCCESS: /usr/lib/jvm/jdk-14.0.1/bin/java -jar /lab/itti/projects/checkers-competition/server/referee.jar on run_16_jiayanwa_vdhankar #####
INPUT for vdhankar:
GAME
BLACK
243.755890130997
.b.b.b.b
........
.b...w.b
........
........
w.w...w.
.w.....w
......w.
##### Running: /usr/bin/time -o time_16_jiayanwa_vdhankar.txt -f "%U" python3 homework.py > stulog.txt 2>&1 on vdhankar #####
child exited with value 1
##### ERROR: /usr/bin/time -o time_16_jiayanwa_vdhankar.txt -f "%U" python3 homework.py > stulog.txt 2>&1 on vdhankar #####
##### Output of failed program (stdout + stderr): #####
Traceback (most recent call last):
  File "homework.py", line 546, in <module>
    print(end-start)
NameError: name 'end' is not defined
##### End of output of failed program #####
##### vdhankar plays [E f8 g7] in 11.1865391731262s #####
##### Running: /usr/lib/jvm/jdk-14.0.1/bin/java -jar /lab/itti/projects/checkers-competition/server/referee.jar on run_16_jiayanwa_vdhankar #####
Move is valid
##### SUCCESS: /usr/lib/jvm/jdk-14.0.1/bin/java -jar /lab/itti/projects/checkers-competition/server/referee.jar on run_16_jiayanwa_vdhankar #####
INPUT for jiayanwa:
GAME
WHITE
296.55
.b.b...b
......b.
.b...w.b
........
........
w.w...w.
.w.....w
......w.
##### Running: /usr/bin/time -o time_16_jiayanwa_vdhankar.txt -f "%U" /usr/lib/jvm/jdk-14.0.1/bin/java homework > stulog.txt 2>&1 on jiayanwa #####
##### SUCCESS: /usr/bin/time -o time_16_jiayanwa_vdhankar.txt -f "%U" /usr/lib/jvm/jdk-14.0.1/bin/java homework > stulog.txt 2>&1 on jiayanwa #####
##### jiayanwa plays [E g1 f2] in 0.21s #####
##### Running: /usr/lib/jvm/jdk-14.0.1/bin/java -jar /lab/itti/projects/checkers-competition/server/referee.jar on run_16_jiayanwa_vdhankar #####
Move is valid
##### SUCCESS: /usr/lib/jvm/jdk-14.0.1/bin/java -jar /lab/itti/projects/checkers-competition/server/referee.jar on run_16_jiayanwa_vdhankar #####
INPUT for vdhankar:
GAME
BLACK
232.56935095787
.b.b...b
......b.
.b...w.b
........
........
w.w...w.
.w...w.w
........
##### Running: /usr/bin/time -o time_16_jiayanwa_vdhankar.txt -f "%U" python3 homework.py > stulog.txt 2>&1 on vdhankar #####
child exited with value 1
##### ERROR: /usr/bin/time -o time_16_jiayanwa_vdhankar.txt -f "%U" python3 homework.py > stulog.txt 2>&1 on vdhankar #####
##### Output of failed program (stdout + stderr): #####
Traceback (most recent call last):
  File "homework.py", line 546, in <module>
    print(end-start)
NameError: name 'end' is not defined
##### End of output of failed program #####
##### vdhankar plays [J g7 e5] in 4.59084701538086s #####
##### Running: /usr/lib/jvm/jdk-14.0.1/bin/java -jar /lab/itti/projects/checkers-competition/server/referee.jar on run_16_jiayanwa_vdhankar #####
Move is valid
##### SUCCESS: /usr/lib/jvm/jdk-14.0.1/bin/java -jar /lab/itti/projects/checkers-competition/server/referee.jar on run_16_jiayanwa_vdhankar #####
INPUT for jiayanwa:
GAME
WHITE
296.34
.b.b...b
........
.b.....b
....b...
........
w.w...w.
.w...w.w
........
##### Running: /usr/bin/time -o time_16_jiayanwa_vdhankar.txt -f "%U" /usr/lib/jvm/jdk-14.0.1/bin/java homework > stulog.txt 2>&1 on jiayanwa #####
##### SUCCESS: /usr/bin/time -o time_16_jiayanwa_vdhankar.txt -f "%U" /usr/lib/jvm/jdk-14.0.1/bin/java homework > stulog.txt 2>&1 on jiayanwa #####
##### jiayanwa plays [E f2 e3] in 0.26s #####
##### Running: /usr/lib/jvm/jdk-14.0.1/bin/java -jar /lab/itti/projects/checkers-competition/server/referee.jar on run_16_jiayanwa_vdhankar #####
Move is valid
##### SUCCESS: /usr/lib/jvm/jdk-14.0.1/bin/java -jar /lab/itti/projects/checkers-competition/server/referee.jar on run_16_jiayanwa_vdhankar #####
INPUT for vdhankar:
GAME
BLACK
227.97850394249
.b.b...b
........
.b.....b
....b...
........
w.w.w.w.
.w.....w
........
##### Running: /usr/bin/time -o time_16_jiayanwa_vdhankar.txt -f "%U" python3 homework.py > stulog.txt 2>&1 on vdhankar #####
child exited with value 1
##### ERROR: /usr/bin/time -o time_16_jiayanwa_vdhankar.txt -f "%U" python3 homework.py > stulog.txt 2>&1 on vdhankar #####
##### Output of failed program (stdout + stderr): #####
Traceback (most recent call last):
  File "homework.py", line 546, in <module>
    print(end-start)
NameError: name 'end' is not defined
##### End of output of failed program #####
##### vdhankar plays [E b6 c5] in 7.4778778553009s #####
##### Running: /usr/lib/jvm/jdk-14.0.1/bin/java -jar /lab/itti/projects/checkers-competition/server/referee.jar on run_16_jiayanwa_vdhankar #####
Move is valid
##### SUCCESS: /usr/lib/jvm/jdk-14.0.1/bin/java -jar /lab/itti/projects/checkers-competition/server/referee.jar on run_16_jiayanwa_vdhankar #####
INPUT for jiayanwa:
GAME
WHITE
296.08
.b.b...b
........
.......b
..b.b...
........
w.w.w.w.
.w.....w
........
##### Running: /usr/bin/time -o time_16_jiayanwa_vdhankar.txt -f "%U" /usr/lib/jvm/jdk-14.0.1/bin/java homework > stulog.txt 2>&1 on jiayanwa #####
##### SUCCESS: /usr/bin/time -o time_16_jiayanwa_vdhankar.txt -f "%U" /usr/lib/jvm/jdk-14.0.1/bin/java homework > stulog.txt 2>&1 on jiayanwa #####
##### jiayanwa plays [E e3 f4] in 0.25s #####
##### Running: /usr/lib/jvm/jdk-14.0.1/bin/java -jar /lab/itti/projects/checkers-competition/server/referee.jar on run_16_jiayanwa_vdhankar #####
Move is valid
##### SUCCESS: /usr/lib/jvm/jdk-14.0.1/bin/java -jar /lab/itti/projects/checkers-competition/server/referee.jar on run_16_jiayanwa_vdhankar #####
INPUT for vdhankar:
GAME
BLACK
220.500626087189
.b.b...b
........
.......b
..b.b...
.....w..
w.w...w.
.w.....w
........
##### Running: /usr/bin/time -o time_16_jiayanwa_vdhankar.txt -f "%U" python3 homework.py > stulog.txt 2>&1 on vdhankar #####
child exited with value 1
##### ERROR: /usr/bin/time -o time_16_jiayanwa_vdhankar.txt -f "%U" python3 homework.py > stulog.txt 2>&1 on vdhankar #####
##### Output of failed program (stdout + stderr): #####
Traceback (most recent call last):
  File "homework.py", line 546, in <module>
    print(end-start)
NameError: name 'end' is not defined
##### End of output of failed program #####
##### vdhankar plays [E e5 d4] in 1.58867001533508s #####
##### Running: /usr/lib/jvm/jdk-14.0.1/bin/java -jar /lab/itti/projects/checkers-competition/server/referee.jar on run_16_jiayanwa_vdhankar #####
Move is valid
##### SUCCESS: /usr/lib/jvm/jdk-14.0.1/bin/java -jar /lab/itti/projects/checkers-competition/server/referee.jar on run_16_jiayanwa_vdhankar #####
INPUT for jiayanwa:
GAME
WHITE
295.83
.b.b...b
........
.......b
..b.....
...b.w..
w.w...w.
.w.....w
........
##### Running: /usr/bin/time -o time_16_jiayanwa_vdhankar.txt -f "%U" /usr/lib/jvm/jdk-14.0.1/bin/java homework > stulog.txt 2>&1 on jiayanwa #####
##### SUCCESS: /usr/bin/time -o time_16_jiayanwa_vdhankar.txt -f "%U" /usr/lib/jvm/jdk-14.0.1/bin/java homework > stulog.txt 2>&1 on jiayanwa #####
##### jiayanwa plays [J c3 e5] in 0.2s #####
##### Running: /usr/lib/jvm/jdk-14.0.1/bin/java -jar /lab/itti/projects/checkers-competition/server/referee.jar on run_16_jiayanwa_vdhankar #####
Move is valid
##### SUCCESS: /usr/lib/jvm/jdk-14.0.1/bin/java -jar /lab/itti/projects/checkers-competition/server/referee.jar on run_16_jiayanwa_vdhankar #####
INPUT for vdhankar:
GAME
BLACK
218.911956071854
.b.b...b
........
.......b
..b.w...
.....w..
w.....w.
.w.....w
........
##### Running: /usr/bin/time -o time_16_jiayanwa_vdhankar.txt -f "%U" python3 homework.py > stulog.txt 2>&1 on vdhankar #####
child exited with value 1
##### ERROR: /usr/bin/time -o time_16_jiayanwa_vdhankar.txt -f "%U" python3 homework.py > stulog.txt 2>&1 on vdhankar #####
##### Output of failed program (stdout + stderr): #####
Traceback (most recent call last):
  File "homework.py", line 546, in <module>
    print(end-start)
NameError: name 'end' is not defined
##### End of output of failed program #####
##### vdhankar plays [E c5 d4] in 7.64941596984863s #####
##### Running: /usr/lib/jvm/jdk-14.0.1/bin/java -jar /lab/itti/projects/checkers-competition/server/referee.jar on run_16_jiayanwa_vdhankar #####
Move is valid
##### SUCCESS: /usr/lib/jvm/jdk-14.0.1/bin/java -jar /lab/itti/projects/checkers-competition/server/referee.jar on run_16_jiayanwa_vdhankar #####
INPUT for jiayanwa:
GAME
WHITE
295.63
.b.b...b
........
.......b
....w...
...b.w..
w.....w.
.w.....w
........
##### Running: /usr/bin/time -o time_16_jiayanwa_vdhankar.txt -f "%U" /usr/lib/jvm/jdk-14.0.1/bin/java homework > stulog.txt 2>&1 on jiayanwa #####
##### SUCCESS: /usr/bin/time -o time_16_jiayanwa_vdhankar.txt -f "%U" /usr/lib/jvm/jdk-14.0.1/bin/java homework > stulog.txt 2>&1 on jiayanwa #####
##### jiayanwa plays [E e5 d6] in 0.38s #####
##### Running: /usr/lib/jvm/jdk-14.0.1/bin/java -jar /lab/itti/projects/checkers-competition/server/referee.jar on run_16_jiayanwa_vdhankar #####
Move is valid
##### SUCCESS: /usr/lib/jvm/jdk-14.0.1/bin/java -jar /lab/itti/projects/checkers-competition/server/referee.jar on run_16_jiayanwa_vdhankar #####
INPUT for vdhankar:
GAME
BLACK
211.262540102005
.b.b...b
........
...w...b
........
...b.w..
w.....w.
.w.....w
........
##### Running: /usr/bin/time -o time_16_jiayanwa_vdhankar.txt -f "%U" python3 homework.py > stulog.txt 2>&1 on vdhankar #####
child exited with value 1
##### ERROR: /usr/bin/time -o time_16_jiayanwa_vdhankar.txt -f "%U" python3 homework.py > stulog.txt 2>&1 on vdhankar #####
##### Output of failed program (stdout + stderr): #####
Traceback (most recent call last):
  File "homework.py", line 546, in <module>
    print(end-start)
NameError: name 'end' is not defined
##### End of output of failed program #####
##### vdhankar plays [E d4 e3] in 6.83304500579834s #####
##### Running: /usr/lib/jvm/jdk-14.0.1/bin/java -jar /lab/itti/projects/checkers-competition/server/referee.jar on run_16_jiayanwa_vdhankar #####
Move is valid
##### SUCCESS: /usr/lib/jvm/jdk-14.0.1/bin/java -jar /lab/itti/projects/checkers-competition/server/referee.jar on run_16_jiayanwa_vdhankar #####
INPUT for jiayanwa:
GAME
WHITE
295.25
.b.b...b
........
...w...b
........
.....w..
w...b.w.
.w.....w
........
##### Running: /usr/bin/time -o time_16_jiayanwa_vdhankar.txt -f "%U" /usr/lib/jvm/jdk-14.0.1/bin/java homework > stulog.txt 2>&1 on jiayanwa #####
##### SUCCESS: /usr/bin/time -o time_16_jiayanwa_vdhankar.txt -f "%U" /usr/lib/jvm/jdk-14.0.1/bin/java homework > stulog.txt 2>&1 on jiayanwa #####
##### jiayanwa plays [E d6 c7] in 0.37s #####
##### Running: /usr/lib/jvm/jdk-14.0.1/bin/java -jar /lab/itti/projects/checkers-competition/server/referee.jar on run_16_jiayanwa_vdhankar #####
Move is valid
##### SUCCESS: /usr/lib/jvm/jdk-14.0.1/bin/java -jar /lab/itti/projects/checkers-competition/server/referee.jar on run_16_jiayanwa_vdhankar #####
INPUT for vdhankar:
GAME
BLACK
204.429495096207
.b.b...b
..w.....
.......b
........
.....w..
w...b.w.
.w.....w
........
##### Running: /usr/bin/time -o time_16_jiayanwa_vdhankar.txt -f "%U" python3 homework.py > stulog.txt 2>&1 on vdhankar #####
child exited with value 1
##### ERROR: /usr/bin/time -o time_16_jiayanwa_vdhankar.txt -f "%U" python3 homework.py > stulog.txt 2>&1 on vdhankar #####
##### Output of failed program (stdout + stderr): #####
Traceback (most recent call last):
  File "homework.py", line 546, in <module>
    print(end-start)
NameError: name 'end' is not defined
##### End of output of failed program #####
##### vdhankar plays [J d8 b6] in 3.63758087158203s #####
##### Running: /usr/lib/jvm/jdk-14.0.1/bin/java -jar /lab/itti/projects/checkers-competition/server/referee.jar on run_16_jiayanwa_vdhankar #####
Move is valid
##### SUCCESS: /usr/lib/jvm/jdk-14.0.1/bin/java -jar /lab/itti/projects/checkers-competition/server/referee.jar on run_16_jiayanwa_vdhankar #####
INPUT for jiayanwa:
GAME
WHITE
294.88
.b.....b
........
.b.....b
........
.....w..
w...b.w.
.w.....w
........
##### Running: /usr/bin/time -o time_16_jiayanwa_vdhankar.txt -f "%U" /usr/lib/jvm/jdk-14.0.1/bin/java homework > stulog.txt 2>&1 on jiayanwa #####
##### SUCCESS: /usr/bin/time -o time_16_jiayanwa_vdhankar.txt -f "%U" /usr/lib/jvm/jdk-14.0.1/bin/java homework > stulog.txt 2>&1 on jiayanwa #####
##### jiayanwa plays [E a3 b4] in 0.24s #####
##### Running: /usr/lib/jvm/jdk-14.0.1/bin/java -jar /lab/itti/projects/checkers-competition/server/referee.jar on run_16_jiayanwa_vdhankar #####
Move is valid
##### SUCCESS: /usr/lib/jvm/jdk-14.0.1/bin/java -jar /lab/itti/projects/checkers-competition/server/referee.jar on run_16_jiayanwa_vdhankar #####
INPUT for vdhankar:
GAME
BLACK
200.791914224625
.b.....b
........
.b.....b
........
.w...w..
....b.w.
.w.....w
........
##### Running: /usr/bin/time -o time_16_jiayanwa_vdhankar.txt -f "%U" python3 homework.py > stulog.txt 2>&1 on vdhankar #####
child exited with value 1
##### ERROR: /usr/bin/time -o time_16_jiayanwa_vdhankar.txt -f "%U" python3 homework.py > stulog.txt 2>&1 on vdhankar #####
##### Output of failed program (stdout + stderr): #####
Traceback (most recent call last):
  File "homework.py", line 546, in <module>
    print(end-start)
NameError: name 'end' is not defined
##### End of output of failed program #####
##### vdhankar plays [E e3 f2] in 10.2987298965454s #####
##### Running: /usr/lib/jvm/jdk-14.0.1/bin/java -jar /lab/itti/projects/checkers-competition/server/referee.jar on run_16_jiayanwa_vdhankar #####
Move is valid
##### SUCCESS: /usr/lib/jvm/jdk-14.0.1/bin/java -jar /lab/itti/projects/checkers-competition/server/referee.jar on run_16_jiayanwa_vdhankar #####
INPUT for jiayanwa:
GAME
WHITE
294.64
.b.....b
........
.b.....b
........
.w...w..
......w.
.w...b.w
........
##### Running: /usr/bin/time -o time_16_jiayanwa_vdhankar.txt -f "%U" /usr/lib/jvm/jdk-14.0.1/bin/java homework > stulog.txt 2>&1 on jiayanwa #####
##### SUCCESS: /usr/bin/time -o time_16_jiayanwa_vdhankar.txt -f "%U" /usr/lib/jvm/jdk-14.0.1/bin/java homework > stulog.txt 2>&1 on jiayanwa #####
##### jiayanwa plays [E b4 c5] in 0.23s #####
##### Running: /usr/lib/jvm/jdk-14.0.1/bin/java -jar /lab/itti/projects/checkers-competition/server/referee.jar on run_16_jiayanwa_vdhankar #####
Move is valid
##### SUCCESS: /usr/lib/jvm/jdk-14.0.1/bin/java -jar /lab/itti/projects/checkers-competition/server/referee.jar on run_16_jiayanwa_vdhankar #####
INPUT for vdhankar:
GAME
BLACK
190.493184328079
.b.....b
........
.b.....b
..w.....
.....w..
......w.
.w...b.w
........
##### Running: /usr/bin/time -o time_16_jiayanwa_vdhankar.txt -f "%U" python3 homework.py > stulog.txt 2>&1 on vdhankar #####
child exited with value 1
##### ERROR: /usr/bin/time -o time_16_jiayanwa_vdhankar.txt -f "%U" python3 homework.py > stulog.txt 2>&1 on vdhankar #####
##### Output of failed program (stdout + stderr): #####
Traceback (most recent call last):
  File "homework.py", line 546, in <module>
    print(end-start)
NameError: name 'end' is not defined
##### End of output of failed program #####
##### vdhankar plays [J b6 d4] in 2.60397291183472s #####
##### Running: /usr/lib/jvm/jdk-14.0.1/bin/java -jar /lab/itti/projects/checkers-competition/server/referee.jar on run_16_jiayanwa_vdhankar #####
Move is valid
##### SUCCESS: /usr/lib/jvm/jdk-14.0.1/bin/java -jar /lab/itti/projects/checkers-competition/server/referee.jar on run_16_jiayanwa_vdhankar #####
INPUT for jiayanwa:
GAME
WHITE
294.41
.b.....b
........
.......b
........
...b.w..
......w.
.w...b.w
........
##### Running: /usr/bin/time -o time_16_jiayanwa_vdhankar.txt -f "%U" /usr/lib/jvm/jdk-14.0.1/bin/java homework > stulog.txt 2>&1 on jiayanwa #####
##### SUCCESS: /usr/bin/time -o time_16_jiayanwa_vdhankar.txt -f "%U" /usr/lib/jvm/jdk-14.0.1/bin/java homework > stulog.txt 2>&1 on jiayanwa #####
##### jiayanwa plays [E b2 a3] in 0.23s #####
##### Running: /usr/lib/jvm/jdk-14.0.1/bin/java -jar /lab/itti/projects/checkers-competition/server/referee.jar on run_16_jiayanwa_vdhankar #####
Move is valid
##### SUCCESS: /usr/lib/jvm/jdk-14.0.1/bin/java -jar /lab/itti/projects/checkers-competition/server/referee.jar on run_16_jiayanwa_vdhankar #####
INPUT for vdhankar:
GAME
BLACK
187.889211416245
.b.....b
........
.......b
........
...b.w..
w.....w.
.....b.w
........
##### Running: /usr/bin/time -o time_16_jiayanwa_vdhankar.txt -f "%U" python3 homework.py > stulog.txt 2>&1 on vdhankar #####
child exited with value 1
##### ERROR: /usr/bin/time -o time_16_jiayanwa_vdhankar.txt -f "%U" python3 homework.py > stulog.txt 2>&1 on vdhankar #####
##### Output of failed program (stdout + stderr): #####
Traceback (most recent call last):
  File "homework.py", line 546, in <module>
    print(end-start)
NameError: name 'end' is not defined
##### End of output of failed program #####
##### vdhankar plays [E f2 g1] in 6.26180696487427s #####
##### Running: /usr/lib/jvm/jdk-14.0.1/bin/java -jar /lab/itti/projects/checkers-competition/server/referee.jar on run_16_jiayanwa_vdhankar #####
Move is valid
##### SUCCESS: /usr/lib/jvm/jdk-14.0.1/bin/java -jar /lab/itti/projects/checkers-competition/server/referee.jar on run_16_jiayanwa_vdhankar #####
INPUT for jiayanwa:
GAME
WHITE
294.18
.b.....b
........
.......b
........
...b.w..
w.....w.
.......w
......B.
##### Running: /usr/bin/time -o time_16_jiayanwa_vdhankar.txt -f "%U" /usr/lib/jvm/jdk-14.0.1/bin/java homework > stulog.txt 2>&1 on jiayanwa #####
##### SUCCESS: /usr/bin/time -o time_16_jiayanwa_vdhankar.txt -f "%U" /usr/lib/jvm/jdk-14.0.1/bin/java homework > stulog.txt 2>&1 on jiayanwa #####
##### jiayanwa plays [E a3 b4] in 0.22s #####
##### Running: /usr/lib/jvm/jdk-14.0.1/bin/java -jar /lab/itti/projects/checkers-competition/server/referee.jar on run_16_jiayanwa_vdhankar #####
Move is valid
##### SUCCESS: /usr/lib/jvm/jdk-14.0.1/bin/java -jar /lab/itti/projects/checkers-competition/server/referee.jar on run_16_jiayanwa_vdhankar #####
INPUT for vdhankar:
GAME
BLACK
181.62740445137
.b.....b
........
.......b
........
.w.b.w..
......w.
.......w
......B.
##### Running: /usr/bin/time -o time_16_jiayanwa_vdhankar.txt -f "%U" python3 homework.py > stulog.txt 2>&1 on vdhankar #####
child exited with value 1
##### ERROR: /usr/bin/time -o time_16_jiayanwa_vdhankar.txt -f "%U" python3 homework.py > stulog.txt 2>&1 on vdhankar #####
##### Output of failed program (stdout + stderr): #####
Traceback (most recent call last):
  File "homework.py", line 546, in <module>
    print(end-start)
NameError: name 'end' is not defined
##### End of output of failed program #####
##### vdhankar plays [E g1 f2] in 6.99502301216125s #####
##### Running: /usr/lib/jvm/jdk-14.0.1/bin/java -jar /lab/itti/projects/checkers-competition/server/referee.jar on run_16_jiayanwa_vdhankar #####
Move is valid
##### SUCCESS: /usr/lib/jvm/jdk-14.0.1/bin/java -jar /lab/itti/projects/checkers-competition/server/referee.jar on run_16_jiayanwa_vdhankar #####
INPUT for jiayanwa:
GAME
WHITE
293.96
.b.....b
........
.......b
........
.w.b.w..
......w.
.....B.w
........
##### Running: /usr/bin/time -o time_16_jiayanwa_vdhankar.txt -f "%U" /usr/lib/jvm/jdk-14.0.1/bin/java homework > stulog.txt 2>&1 on jiayanwa #####
##### SUCCESS: /usr/bin/time -o time_16_jiayanwa_vdhankar.txt -f "%U" /usr/lib/jvm/jdk-14.0.1/bin/java homework > stulog.txt 2>&1 on jiayanwa #####
##### jiayanwa plays [E g3 h4] in 0.23s #####
##### Running: /usr/lib/jvm/jdk-14.0.1/bin/java -jar /lab/itti/projects/checkers-competition/server/referee.jar on run_16_jiayanwa_vdhankar #####
Move is valid
##### SUCCESS: /usr/lib/jvm/jdk-14.0.1/bin/java -jar /lab/itti/projects/checkers-competition/server/referee.jar on run_16_jiayanwa_vdhankar #####
INPUT for vdhankar:
GAME
BLACK
174.632381439209
.b.....b
........
.......b
........
.w.b.w.w
........
.....B.w
........
##### Running: /usr/bin/time -o time_16_jiayanwa_vdhankar.txt -f "%U" python3 homework.py > stulog.txt 2>&1 on vdhankar #####
child exited with value 1
##### ERROR: /usr/bin/time -o time_16_jiayanwa_vdhankar.txt -f "%U" python3 homework.py > stulog.txt 2>&1 on vdhankar #####
##### Output of failed program (stdout + stderr): #####
Traceback (most recent call last):
  File "homework.py", line 546, in <module>
    print(end-start)
NameError: name 'end' is not defined
##### End of output of failed program #####
##### vdhankar plays [E f2 g1] in 7.11141800880432s #####
##### Running: /usr/lib/jvm/jdk-14.0.1/bin/java -jar /lab/itti/projects/checkers-competition/server/referee.jar on run_16_jiayanwa_vdhankar #####
Move is valid
##### SUCCESS: /usr/lib/jvm/jdk-14.0.1/bin/java -jar /lab/itti/projects/checkers-competition/server/referee.jar on run_16_jiayanwa_vdhankar #####
INPUT for jiayanwa:
GAME
WHITE
293.73
.b.....b
........
.......b
........
.w.b.w.w
........
.......w
......B.
##### Running: /usr/bin/time -o time_16_jiayanwa_vdhankar.txt -f "%U" /usr/lib/jvm/jdk-14.0.1/bin/java homework > stulog.txt 2>&1 on jiayanwa #####
##### SUCCESS: /usr/bin/time -o time_16_jiayanwa_vdhankar.txt -f "%U" /usr/lib/jvm/jdk-14.0.1/bin/java homework > stulog.txt 2>&1 on jiayanwa #####
##### jiayanwa plays [E b4 a5] in 0.29s #####
##### Running: /usr/lib/jvm/jdk-14.0.1/bin/java -jar /lab/itti/projects/checkers-competition/server/referee.jar on run_16_jiayanwa_vdhankar #####
Move is valid
##### SUCCESS: /usr/lib/jvm/jdk-14.0.1/bin/java -jar /lab/itti/projects/checkers-competition/server/referee.jar on run_16_jiayanwa_vdhankar #####
INPUT for vdhankar:
GAME
BLACK
167.520963430405
.b.....b
........
.......b
w.......
...b.w.w
........
.......w
......B.
##### Running: /usr/bin/time -o time_16_jiayanwa_vdhankar.txt -f "%U" python3 homework.py > stulog.txt 2>&1 on vdhankar #####
child exited with value 1
##### ERROR: /usr/bin/time -o time_16_jiayanwa_vdhankar.txt -f "%U" python3 homework.py > stulog.txt 2>&1 on vdhankar #####
##### Output of failed program (stdout + stderr): #####
Traceback (most recent call last):
  File "homework.py", line 546, in <module>
    print(end-start)
NameError: name 'end' is not defined
##### End of output of failed program #####
##### vdhankar plays [E g1 f2] in 4.1400408744812s #####
##### Running: /usr/lib/jvm/jdk-14.0.1/bin/java -jar /lab/itti/projects/checkers-competition/server/referee.jar on run_16_jiayanwa_vdhankar #####
Move is valid
##### SUCCESS: /usr/lib/jvm/jdk-14.0.1/bin/java -jar /lab/itti/projects/checkers-competition/server/referee.jar on run_16_jiayanwa_vdhankar #####
INPUT for jiayanwa:
GAME
WHITE
293.44
.b.....b
........
.......b
w.......
...b.w.w
........
.....B.w
........
##### Running: /usr/bin/time -o time_16_jiayanwa_vdhankar.txt -f "%U" /usr/lib/jvm/jdk-14.0.1/bin/java homework > stulog.txt 2>&1 on jiayanwa #####
##### SUCCESS: /usr/bin/time -o time_16_jiayanwa_vdhankar.txt -f "%U" /usr/lib/jvm/jdk-14.0.1/bin/java homework > stulog.txt 2>&1 on jiayanwa #####
##### jiayanwa plays [E h2 g3] in 0.24s #####
##### Running: /usr/lib/jvm/jdk-14.0.1/bin/java -jar /lab/itti/projects/checkers-competition/server/referee.jar on run_16_jiayanwa_vdhankar #####
Move is valid
##### SUCCESS: /usr/lib/jvm/jdk-14.0.1/bin/java -jar /lab/itti/projects/checkers-competition/server/referee.jar on run_16_jiayanwa_vdhankar #####
INPUT for vdhankar:
GAME
BLACK
163.380922555923
.b.....b
........
.......b
w.......
...b.w.w
......w.
.....B..
........
##### Running: /usr/bin/time -o time_16_jiayanwa_vdhankar.txt -f "%U" python3 homework.py > stulog.txt 2>&1 on vdhankar #####
child exited with value 1
##### ERROR: /usr/bin/time -o time_16_jiayanwa_vdhankar.txt -f "%U" python3 homework.py > stulog.txt 2>&1 on vdhankar #####
##### Output of failed program (stdout + stderr): #####
Traceback (most recent call last):
  File "homework.py", line 546, in <module>
    print(end-start)
NameError: name 'end' is not defined
##### End of output of failed program #####
##### vdhankar plays [E d4 e3] in 3.72979688644409s #####
##### Running: /usr/lib/jvm/jdk-14.0.1/bin/java -jar /lab/itti/projects/checkers-competition/server/referee.jar on run_16_jiayanwa_vdhankar #####
Move is valid
##### SUCCESS: /usr/lib/jvm/jdk-14.0.1/bin/java -jar /lab/itti/projects/checkers-competition/server/referee.jar on run_16_jiayanwa_vdhankar #####
INPUT for jiayanwa:
GAME
WHITE
293.2
.b.....b
........
.......b
w.......
.....w.w
....b.w.
.....B..
........
##### Running: /usr/bin/time -o time_16_jiayanwa_vdhankar.txt -f "%U" /usr/lib/jvm/jdk-14.0.1/bin/java homework > stulog.txt 2>&1 on jiayanwa #####
##### SUCCESS: /usr/bin/time -o time_16_jiayanwa_vdhankar.txt -f "%U" /usr/lib/jvm/jdk-14.0.1/bin/java homework > stulog.txt 2>&1 on jiayanwa #####
##### jiayanwa plays [E h4 g5] in 0.25s #####
##### Running: /usr/lib/jvm/jdk-14.0.1/bin/java -jar /lab/itti/projects/checkers-competition/server/referee.jar on run_16_jiayanwa_vdhankar #####
Move is valid
##### SUCCESS: /usr/lib/jvm/jdk-14.0.1/bin/java -jar /lab/itti/projects/checkers-competition/server/referee.jar on run_16_jiayanwa_vdhankar #####
INPUT for vdhankar:
GAME
BLACK
159.651125669479
.b.....b
........
.......b
w.....w.
.....w..
....b.w.
.....B..
........
##### Running: /usr/bin/time -o time_16_jiayanwa_vdhankar.txt -f "%U" python3 homework.py > stulog.txt 2>&1 on vdhankar #####
child exited with value 1
##### ERROR: /usr/bin/time -o time_16_jiayanwa_vdhankar.txt -f "%U" python3 homework.py > stulog.txt 2>&1 on vdhankar #####
##### Output of failed program (stdout + stderr): #####
Traceback (most recent call last):
  File "homework.py", line 546, in <module>
    print(end-start)
NameError: name 'end' is not defined
##### End of output of failed program #####
##### vdhankar plays [J f2 h4 ; J h4 f6] in 0.274600982666016s #####
##### Running: /usr/lib/jvm/jdk-14.0.1/bin/java -jar /lab/itti/projects/checkers-competition/server/referee.jar on run_16_jiayanwa_vdhankar #####
Move is valid
##### SUCCESS: /usr/lib/jvm/jdk-14.0.1/bin/java -jar /lab/itti/projects/checkers-competition/server/referee.jar on run_16_jiayanwa_vdhankar #####
INPUT for jiayanwa:
GAME
WHITE
292.95
.b.....b
........
.....B.b
w.......
.....w..
....b...
........
........
##### Running: /usr/bin/time -o time_16_jiayanwa_vdhankar.txt -f "%U" /usr/lib/jvm/jdk-14.0.1/bin/java homework > stulog.txt 2>&1 on jiayanwa #####
##### SUCCESS: /usr/bin/time -o time_16_jiayanwa_vdhankar.txt -f "%U" /usr/lib/jvm/jdk-14.0.1/bin/java homework > stulog.txt 2>&1 on jiayanwa #####
##### jiayanwa plays [E f4 e5] in 0.19s #####
##### Running: /usr/lib/jvm/jdk-14.0.1/bin/java -jar /lab/itti/projects/checkers-competition/server/referee.jar on run_16_jiayanwa_vdhankar #####
Move is valid
##### SUCCESS: /usr/lib/jvm/jdk-14.0.1/bin/java -jar /lab/itti/projects/checkers-competition/server/referee.jar on run_16_jiayanwa_vdhankar #####
INPUT for vdhankar:
GAME
BLACK
159.376524686813
.b.....b
........
.....B.b
w...w...
........
....b...
........
........
##### Running: /usr/bin/time -o time_16_jiayanwa_vdhankar.txt -f "%U" python3 homework.py > stulog.txt 2>&1 on vdhankar #####
child exited with value 1
##### ERROR: /usr/bin/time -o time_16_jiayanwa_vdhankar.txt -f "%U" python3 homework.py > stulog.txt 2>&1 on vdhankar #####
##### Output of failed program (stdout + stderr): #####
Traceback (most recent call last):
  File "homework.py", line 546, in <module>
    print(end-start)
NameError: name 'end' is not defined
##### End of output of failed program #####
##### vdhankar plays [J f6 d4] in 0.239660978317261s #####
##### Running: /usr/lib/jvm/jdk-14.0.1/bin/java -jar /lab/itti/projects/checkers-competition/server/referee.jar on run_16_jiayanwa_vdhankar #####
Move is valid
##### SUCCESS: /usr/lib/jvm/jdk-14.0.1/bin/java -jar /lab/itti/projects/checkers-competition/server/referee.jar on run_16_jiayanwa_vdhankar #####
INPUT for jiayanwa:
GAME
WHITE
292.76
.b.....b
........
.......b
w.......
...B....
....b...
........
........
##### Running: /usr/bin/time -o time_16_jiayanwa_vdhankar.txt -f "%U" /usr/lib/jvm/jdk-14.0.1/bin/java homework > stulog.txt 2>&1 on jiayanwa #####
##### SUCCESS: /usr/bin/time -o time_16_jiayanwa_vdhankar.txt -f "%U" /usr/lib/jvm/jdk-14.0.1/bin/java homework > stulog.txt 2>&1 on jiayanwa #####
##### jiayanwa plays [E a5 b6] in 0.21s #####
##### Running: /usr/lib/jvm/jdk-14.0.1/bin/java -jar /lab/itti/projects/checkers-competition/server/referee.jar on run_16_jiayanwa_vdhankar #####
Move is valid
##### SUCCESS: /usr/lib/jvm/jdk-14.0.1/bin/java -jar /lab/itti/projects/checkers-competition/server/referee.jar on run_16_jiayanwa_vdhankar #####
INPUT for vdhankar:
GAME
BLACK
159.136863708496
.b.....b
........
.w.....b
........
...B....
....b...
........
........
##### Running: /usr/bin/time -o time_16_jiayanwa_vdhankar.txt -f "%U" python3 homework.py > stulog.txt 2>&1 on vdhankar #####
child exited with value 1
##### ERROR: /usr/bin/time -o time_16_jiayanwa_vdhankar.txt -f "%U" python3 homework.py > stulog.txt 2>&1 on vdhankar #####
##### Output of failed program (stdout + stderr): #####
Traceback (most recent call last):
  File "homework.py", line 546, in <module>
    print(end-start)
NameError: name 'end' is not defined
##### End of output of failed program #####
##### vdhankar plays [E b8 a7] in 0.351087093353271s #####
##### Running: /usr/lib/jvm/jdk-14.0.1/bin/java -jar /lab/itti/projects/checkers-competition/server/referee.jar on run_16_jiayanwa_vdhankar #####
Move is valid
##### SUCCESS: /usr/lib/jvm/jdk-14.0.1/bin/java -jar /lab/itti/projects/checkers-competition/server/referee.jar on run_16_jiayanwa_vdhankar #####
INPUT for jiayanwa:
GAME
WHITE
292.55
.......b
b.......
.w.....b
........
...B....
....b...
........
........
##### Running: /usr/bin/time -o time_16_jiayanwa_vdhankar.txt -f "%U" /usr/lib/jvm/jdk-14.0.1/bin/java homework > stulog.txt 2>&1 on jiayanwa #####
##### SUCCESS: /usr/bin/time -o time_16_jiayanwa_vdhankar.txt -f "%U" /usr/lib/jvm/jdk-14.0.1/bin/java homework > stulog.txt 2>&1 on jiayanwa #####
##### jiayanwa plays [E b6 c7] in 0.21s #####
##### Running: /usr/lib/jvm/jdk-14.0.1/bin/java -jar /lab/itti/projects/checkers-competition/server/referee.jar on run_16_jiayanwa_vdhankar #####
Move is valid
##### SUCCESS: /usr/lib/jvm/jdk-14.0.1/bin/java -jar /lab/itti/projects/checkers-competition/server/referee.jar on run_16_jiayanwa_vdhankar #####
INPUT for vdhankar:
GAME
BLACK
158.785776615143
.......b
b.w.....
.......b
........
...B....
....b...
........
........
##### Running: /usr/bin/time -o time_16_jiayanwa_vdhankar.txt -f "%U" python3 homework.py > stulog.txt 2>&1 on vdhankar #####
child exited with value 1
##### ERROR: /usr/bin/time -o time_16_jiayanwa_vdhankar.txt -f "%U" python3 homework.py > stulog.txt 2>&1 on vdhankar #####
##### Output of failed program (stdout + stderr): #####
Traceback (most recent call last):
  File "homework.py", line 546, in <module>
    print(end-start)
NameError: name 'end' is not defined
##### End of output of failed program #####
##### vdhankar plays [E d4 c5] in 1.64341592788696s #####
##### Running: /usr/lib/jvm/jdk-14.0.1/bin/java -jar /lab/itti/projects/checkers-competition/server/referee.jar on run_16_jiayanwa_vdhankar #####
Move is valid
##### SUCCESS: /usr/lib/jvm/jdk-14.0.1/bin/java -jar /lab/itti/projects/checkers-competition/server/referee.jar on run_16_jiayanwa_vdhankar #####
INPUT for jiayanwa:
GAME
WHITE
292.34
.......b
b.w.....
.......b
..B.....
........
....b...
........
........
##### Running: /usr/bin/time -o time_16_jiayanwa_vdhankar.txt -f "%U" /usr/lib/jvm/jdk-14.0.1/bin/java homework > stulog.txt 2>&1 on jiayanwa #####
##### SUCCESS: /usr/bin/time -o time_16_jiayanwa_vdhankar.txt -f "%U" /usr/lib/jvm/jdk-14.0.1/bin/java homework > stulog.txt 2>&1 on jiayanwa #####
##### jiayanwa plays [E c7 b8] in 0.22s #####
##### Running: /usr/lib/jvm/jdk-14.0.1/bin/java -jar /lab/itti/projects/checkers-competition/server/referee.jar on run_16_jiayanwa_vdhankar #####
Move is valid
##### SUCCESS: /usr/lib/jvm/jdk-14.0.1/bin/java -jar /lab/itti/projects/checkers-competition/server/referee.jar on run_16_jiayanwa_vdhankar #####
INPUT for vdhankar:
GAME
BLACK
157.142360687256
.W.....b
b.......
.......b
..B.....
........
....b...
........
........
##### Running: /usr/bin/time -o time_16_jiayanwa_vdhankar.txt -f "%U" python3 homework.py > stulog.txt 2>&1 on vdhankar #####
child exited with value 1
##### ERROR: /usr/bin/time -o time_16_jiayanwa_vdhankar.txt -f "%U" python3 homework.py > stulog.txt 2>&1 on vdhankar #####
##### Output of failed program (stdout + stderr): #####
Traceback (most recent call last):
  File "homework.py", line 546, in <module>
    print(end-start)
NameError: name 'end' is not defined
##### End of output of failed program #####
##### vdhankar plays [E h8 g7] in 0.200151920318604s #####
##### Running: /usr/lib/jvm/jdk-14.0.1/bin/java -jar /lab/itti/projects/checkers-competition/server/referee.jar on run_16_jiayanwa_vdhankar #####
Move is valid
##### SUCCESS: /usr/lib/jvm/jdk-14.0.1/bin/java -jar /lab/itti/projects/checkers-competition/server/referee.jar on run_16_jiayanwa_vdhankar #####
INPUT for jiayanwa:
GAME
WHITE
292.12
.W......
b.....b.
.......b
..B.....
........
....b...
........
........
##### Running: /usr/bin/time -o time_16_jiayanwa_vdhankar.txt -f "%U" /usr/lib/jvm/jdk-14.0.1/bin/java homework > stulog.txt 2>&1 on jiayanwa #####
##### SUCCESS: /usr/bin/time -o time_16_jiayanwa_vdhankar.txt -f "%U" /usr/lib/jvm/jdk-14.0.1/bin/java homework > stulog.txt 2>&1 on jiayanwa #####
##### jiayanwa plays [E b8 c7] in 0.23s #####
##### Running: /usr/lib/jvm/jdk-14.0.1/bin/java -jar /lab/itti/projects/checkers-competition/server/referee.jar on run_16_jiayanwa_vdhankar #####
Move is valid
##### SUCCESS: /usr/lib/jvm/jdk-14.0.1/bin/java -jar /lab/itti/projects/checkers-competition/server/referee.jar on run_16_jiayanwa_vdhankar #####
INPUT for vdhankar:
GAME
BLACK
156.942208766937
........
b.W...b.
.......b
..B.....
........
....b...
........
........
##### Running: /usr/bin/time -o time_16_jiayanwa_vdhankar.txt -f "%U" python3 homework.py > stulog.txt 2>&1 on vdhankar #####
child exited with value 1
##### ERROR: /usr/bin/time -o time_16_jiayanwa_vdhankar.txt -f "%U" python3 homework.py > stulog.txt 2>&1 on vdhankar #####
##### Output of failed program (stdout + stderr): #####
Traceback (most recent call last):
  File "homework.py", line 546, in <module>
    print(end-start)
NameError: name 'end' is not defined
##### End of output of failed program #####
##### vdhankar plays [E a7 b6] in 0.200123071670532s #####
##### Running: /usr/lib/jvm/jdk-14.0.1/bin/java -jar /lab/itti/projects/checkers-competition/server/referee.jar on run_16_jiayanwa_vdhankar #####
Move is valid
##### SUCCESS: /usr/lib/jvm/jdk-14.0.1/bin/java -jar /lab/itti/projects/checkers-competition/server/referee.jar on run_16_jiayanwa_vdhankar #####
INPUT for jiayanwa:
GAME
WHITE
291.89
........
..W...b.
.b.....b
..B.....
........
....b...
........
........
##### Running: /usr/bin/time -o time_16_jiayanwa_vdhankar.txt -f "%U" /usr/lib/jvm/jdk-14.0.1/bin/java homework > stulog.txt 2>&1 on jiayanwa #####
##### SUCCESS: /usr/bin/time -o time_16_jiayanwa_vdhankar.txt -f "%U" /usr/lib/jvm/jdk-14.0.1/bin/java homework > stulog.txt 2>&1 on jiayanwa #####
##### jiayanwa plays [J c7 a5] in 0.21s #####
##### Running: /usr/lib/jvm/jdk-14.0.1/bin/java -jar /lab/itti/projects/checkers-competition/server/referee.jar on run_16_jiayanwa_vdhankar #####
Move is valid
##### SUCCESS: /usr/lib/jvm/jdk-14.0.1/bin/java -jar /lab/itti/projects/checkers-competition/server/referee.jar on run_16_jiayanwa_vdhankar #####
INPUT for vdhankar:
GAME
BLACK
156.742085695267
........
......b.
.......b
W.B.....
........
....b...
........
........
##### Running: /usr/bin/time -o time_16_jiayanwa_vdhankar.txt -f "%U" python3 homework.py > stulog.txt 2>&1 on vdhankar #####
child exited with value 1
##### ERROR: /usr/bin/time -o time_16_jiayanwa_vdhankar.txt -f "%U" python3 homework.py > stulog.txt 2>&1 on vdhankar #####
##### Output of failed program (stdout + stderr): #####
Traceback (most recent call last):
  File "homework.py", line 546, in <module>
    print(end-start)
NameError: name 'end' is not defined
##### End of output of failed program #####
##### vdhankar plays [E g7 f6] in 0.198913097381592s #####
##### Running: /usr/lib/jvm/jdk-14.0.1/bin/java -jar /lab/itti/projects/checkers-competition/server/referee.jar on run_16_jiayanwa_vdhankar #####
Move is valid
##### SUCCESS: /usr/lib/jvm/jdk-14.0.1/bin/java -jar /lab/itti/projects/checkers-competition/server/referee.jar on run_16_jiayanwa_vdhankar #####
INPUT for jiayanwa:
GAME
WHITE
291.68
........
........
.....b.b
W.B.....
........
....b...
........
........
##### Running: /usr/bin/time -o time_16_jiayanwa_vdhankar.txt -f "%U" /usr/lib/jvm/jdk-14.0.1/bin/java homework > stulog.txt 2>&1 on jiayanwa #####
##### SUCCESS: /usr/bin/time -o time_16_jiayanwa_vdhankar.txt -f "%U" /usr/lib/jvm/jdk-14.0.1/bin/java homework > stulog.txt 2>&1 on jiayanwa #####
##### jiayanwa plays [E a5 b4] in 0.17s #####
##### Running: /usr/lib/jvm/jdk-14.0.1/bin/java -jar /lab/itti/projects/checkers-competition/server/referee.jar on run_16_jiayanwa_vdhankar #####
Move is valid
##### SUCCESS: /usr/lib/jvm/jdk-14.0.1/bin/java -jar /lab/itti/projects/checkers-competition/server/referee.jar on run_16_jiayanwa_vdhankar #####
INPUT for vdhankar:
GAME
BLACK
156.543172597885
........
........
.....b.b
..B.....
.W......
....b...
........
........
##### Running: /usr/bin/time -o time_16_jiayanwa_vdhankar.txt -f "%U" python3 homework.py > stulog.txt 2>&1 on vdhankar #####
child exited with value 1
##### ERROR: /usr/bin/time -o time_16_jiayanwa_vdhankar.txt -f "%U" python3 homework.py > stulog.txt 2>&1 on vdhankar #####
##### Output of failed program (stdout + stderr): #####
Traceback (most recent call last):
  File "homework.py", line 546, in <module>
    print(end-start)
NameError: name 'end' is not defined
##### End of output of failed program #####
##### vdhankar plays [J c5 a3] in 0.201833009719849s #####
##### Running: /usr/lib/jvm/jdk-14.0.1/bin/java -jar /lab/itti/projects/checkers-competition/server/referee.jar on run_16_jiayanwa_vdhankar #####
Move is valid
After this move, player WHITE cannot make any moves
*** Winner: BLACK ***
##### SUCCESS: /usr/lib/jvm/jdk-14.0.1/bin/java -jar /lab/itti/projects/checkers-competition/server/referee.jar on run_16_jiayanwa_vdhankar #####
##### GAME OVER: vdhankar wins the game! #####
Server said: WIN
########## ROUND 16 GAMESCORE AFTER GAME 4: jiayanwa=0 and vdhankar=4 ##########


########## GRAND WINNER ROUND 16 IS vdhankar BY 4 vs 0 GAMESCORE ##########
