#################### ROUND 16: kjindal (W) vs vdhankar (B): game 1 ####################
##### game start! #####
INPUT for vdhankar:
GAME
BLACK
300
.b.b.b.b
b.b.b.b.
.b.b.b.b
........
........
w.w.w.w.
.w.w.w.w
w.w.w.w.
##### Running: /usr/bin/time -o time_16_kjindal_vdhankar.txt -f "%U" python3 homework.py > stulog.txt 2>&1 on vdhankar #####
child exited with value 1
##### ERROR: /usr/bin/time -o time_16_kjindal_vdhankar.txt -f "%U" python3 homework.py > stulog.txt 2>&1 on vdhankar #####
##### Output of failed program (stdout + stderr): #####
Traceback (most recent call last):
  File "homework.py", line 546, in <module>
    print(end-start)
NameError: name 'end' is not defined
##### End of output of failed program #####
##### vdhankar plays [E h6 g5] in 6.07358312606812s #####
##### Running: /usr/lib/jvm/jdk-14.0.1/bin/java -jar /lab/itti/projects/checkers-competition/server/referee.jar on run_16_kjindal_vdhankar #####
Move is valid
Couldn't read file 'current_ply.txt'
Couldn't read content from file 'current_ply.txt'
Couldn't read file 'lastmatchange_ply.txt'
Couldn't read content from file 'lastmatchange_ply.txt'
##### SUCCESS: /usr/lib/jvm/jdk-14.0.1/bin/java -jar /lab/itti/projects/checkers-competition/server/referee.jar on run_16_kjindal_vdhankar #####
INPUT for kjindal:
GAME
WHITE
300
.b.b.b.b
b.b.b.b.
.b.b.b..
......b.
........
w.w.w.w.
.w.w.w.w
w.w.w.w.
##### Running: /usr/bin/time -o time_16_kjindal_vdhankar.txt -f "%U" python3 homework.py > stulog.txt 2>&1 on kjindal #####
##### SUCCESS: /usr/bin/time -o time_16_kjindal_vdhankar.txt -f "%U" python3 homework.py > stulog.txt 2>&1 on kjindal #####
##### kjindal plays [E g3 h4] in 0.04s #####
##### Running: /usr/lib/jvm/jdk-14.0.1/bin/java -jar /lab/itti/projects/checkers-competition/server/referee.jar on run_16_kjindal_vdhankar #####
Move is valid
##### SUCCESS: /usr/lib/jvm/jdk-14.0.1/bin/java -jar /lab/itti/projects/checkers-competition/server/referee.jar on run_16_kjindal_vdhankar #####
INPUT for vdhankar:
GAME
BLACK
293.926416873932
.b.b.b.b
b.b.b.b.
.b.b.b..
......b.
.......w
w.w.w...
.w.w.w.w
w.w.w.w.
##### Running: /usr/bin/time -o time_16_kjindal_vdhankar.txt -f "%U" python3 homework.py > stulog.txt 2>&1 on vdhankar #####
child exited with value 1
##### ERROR: /usr/bin/time -o time_16_kjindal_vdhankar.txt -f "%U" python3 homework.py > stulog.txt 2>&1 on vdhankar #####
##### Output of failed program (stdout + stderr): #####
Traceback (most recent call last):
  File "homework.py", line 546, in <module>
    print(end-start)
NameError: name 'end' is not defined
##### End of output of failed program #####
##### vdhankar plays [E f6 e5] in 6.57914400100708s #####
##### Running: /usr/lib/jvm/jdk-14.0.1/bin/java -jar /lab/itti/projects/checkers-competition/server/referee.jar on run_16_kjindal_vdhankar #####
Move is valid
##### SUCCESS: /usr/lib/jvm/jdk-14.0.1/bin/java -jar /lab/itti/projects/checkers-competition/server/referee.jar on run_16_kjindal_vdhankar #####
INPUT for kjindal:
GAME
WHITE
299.96
.b.b.b.b
b.b.b.b.
.b.b....
....b.b.
.......w
w.w.w...
.w.w.w.w
w.w.w.w.
##### Running: /usr/bin/time -o time_16_kjindal_vdhankar.txt -f "%U" python3 homework.py > stulog.txt 2>&1 on kjindal #####
##### SUCCESS: /usr/bin/time -o time_16_kjindal_vdhankar.txt -f "%U" python3 homework.py > stulog.txt 2>&1 on kjindal #####
##### kjindal plays [J h4 f6] in 0.04s #####
##### Running: /usr/lib/jvm/jdk-14.0.1/bin/java -jar /lab/itti/projects/checkers-competition/server/referee.jar on run_16_kjindal_vdhankar #####
Move is valid
##### SUCCESS: /usr/lib/jvm/jdk-14.0.1/bin/java -jar /lab/itti/projects/checkers-competition/server/referee.jar on run_16_kjindal_vdhankar #####
INPUT for vdhankar:
GAME
BLACK
287.347272872925
.b.b.b.b
b.b.b.b.
.b.b.w..
....b...
........
w.w.w...
.w.w.w.w
w.w.w.w.
##### Running: /usr/bin/time -o time_16_kjindal_vdhankar.txt -f "%U" python3 homework.py > stulog.txt 2>&1 on vdhankar #####
child exited with value 1
##### ERROR: /usr/bin/time -o time_16_kjindal_vdhankar.txt -f "%U" python3 homework.py > stulog.txt 2>&1 on vdhankar #####
##### Output of failed program (stdout + stderr): #####
Traceback (most recent call last):
  File "homework.py", line 546, in <module>
    print(end-start)
NameError: name 'end' is not defined
##### End of output of failed program #####
##### vdhankar plays [J e7 g5] in 4.66246604919434s #####
##### Running: /usr/lib/jvm/jdk-14.0.1/bin/java -jar /lab/itti/projects/checkers-competition/server/referee.jar on run_16_kjindal_vdhankar #####
Move is valid
##### SUCCESS: /usr/lib/jvm/jdk-14.0.1/bin/java -jar /lab/itti/projects/checkers-competition/server/referee.jar on run_16_kjindal_vdhankar #####
INPUT for kjindal:
GAME
WHITE
299.92
.b.b.b.b
b.b...b.
.b.b....
....b.b.
........
w.w.w...
.w.w.w.w
w.w.w.w.
##### Running: /usr/bin/time -o time_16_kjindal_vdhankar.txt -f "%U" python3 homework.py > stulog.txt 2>&1 on kjindal #####
##### SUCCESS: /usr/bin/time -o time_16_kjindal_vdhankar.txt -f "%U" python3 homework.py > stulog.txt 2>&1 on kjindal #####
##### kjindal plays [E c3 d4] in 0.05s #####
##### Running: /usr/lib/jvm/jdk-14.0.1/bin/java -jar /lab/itti/projects/checkers-competition/server/referee.jar on run_16_kjindal_vdhankar #####
Move is valid
##### SUCCESS: /usr/lib/jvm/jdk-14.0.1/bin/java -jar /lab/itti/projects/checkers-competition/server/referee.jar on run_16_kjindal_vdhankar #####
INPUT for vdhankar:
GAME
BLACK
282.68480682373
.b.b.b.b
b.b...b.
.b.b....
....b.b.
...w....
w...w...
.w.w.w.w
w.w.w.w.
##### Running: /usr/bin/time -o time_16_kjindal_vdhankar.txt -f "%U" python3 homework.py > stulog.txt 2>&1 on vdhankar #####
child exited with value 1
##### ERROR: /usr/bin/time -o time_16_kjindal_vdhankar.txt -f "%U" python3 homework.py > stulog.txt 2>&1 on vdhankar #####
##### Output of failed program (stdout + stderr): #####
Traceback (most recent call last):
  File "homework.py", line 546, in <module>
    print(end-start)
NameError: name 'end' is not defined
##### End of output of failed program #####
##### vdhankar plays [J e5 c3] in 2.22183918952942s #####
##### Running: /usr/lib/jvm/jdk-14.0.1/bin/java -jar /lab/itti/projects/checkers-competition/server/referee.jar on run_16_kjindal_vdhankar #####
Move is valid
##### SUCCESS: /usr/lib/jvm/jdk-14.0.1/bin/java -jar /lab/itti/projects/checkers-competition/server/referee.jar on run_16_kjindal_vdhankar #####
INPUT for kjindal:
GAME
WHITE
299.87
.b.b.b.b
b.b...b.
.b.b....
......b.
........
w.b.w...
.w.w.w.w
w.w.w.w.
##### Running: /usr/bin/time -o time_16_kjindal_vdhankar.txt -f "%U" python3 homework.py > stulog.txt 2>&1 on kjindal #####
##### SUCCESS: /usr/bin/time -o time_16_kjindal_vdhankar.txt -f "%U" python3 homework.py > stulog.txt 2>&1 on kjindal #####
##### kjindal plays [J b2 d4] in 0.05s #####
##### Running: /usr/lib/jvm/jdk-14.0.1/bin/java -jar /lab/itti/projects/checkers-competition/server/referee.jar on run_16_kjindal_vdhankar #####
Move is valid
##### SUCCESS: /usr/lib/jvm/jdk-14.0.1/bin/java -jar /lab/itti/projects/checkers-competition/server/referee.jar on run_16_kjindal_vdhankar #####
INPUT for vdhankar:
GAME
BLACK
280.462967634201
.b.b.b.b
b.b...b.
.b.b....
......b.
...w....
w...w...
...w.w.w
w.w.w.w.
##### Running: /usr/bin/time -o time_16_kjindal_vdhankar.txt -f "%U" python3 homework.py > stulog.txt 2>&1 on vdhankar #####
child exited with value 1
##### ERROR: /usr/bin/time -o time_16_kjindal_vdhankar.txt -f "%U" python3 homework.py > stulog.txt 2>&1 on vdhankar #####
##### Output of failed program (stdout + stderr): #####
Traceback (most recent call last):
  File "homework.py", line 546, in <module>
    print(end-start)
NameError: name 'end' is not defined
##### End of output of failed program #####
##### vdhankar plays [E g5 h4] in 16.0114510059357s #####
##### Running: /usr/lib/jvm/jdk-14.0.1/bin/java -jar /lab/itti/projects/checkers-competition/server/referee.jar on run_16_kjindal_vdhankar #####
Move is valid
##### SUCCESS: /usr/lib/jvm/jdk-14.0.1/bin/java -jar /lab/itti/projects/checkers-competition/server/referee.jar on run_16_kjindal_vdhankar #####
INPUT for kjindal:
GAME
WHITE
299.82
.b.b.b.b
b.b...b.
.b.b....
........
...w...b
w...w...
...w.w.w
w.w.w.w.
##### Running: /usr/bin/time -o time_16_kjindal_vdhankar.txt -f "%U" python3 homework.py > stulog.txt 2>&1 on kjindal #####
##### SUCCESS: /usr/bin/time -o time_16_kjindal_vdhankar.txt -f "%U" python3 homework.py > stulog.txt 2>&1 on kjindal #####
##### kjindal plays [E d4 e5] in 0.07s #####
##### Running: /usr/lib/jvm/jdk-14.0.1/bin/java -jar /lab/itti/projects/checkers-competition/server/referee.jar on run_16_kjindal_vdhankar #####
Move is valid
##### SUCCESS: /usr/lib/jvm/jdk-14.0.1/bin/java -jar /lab/itti/projects/checkers-competition/server/referee.jar on run_16_kjindal_vdhankar #####
INPUT for vdhankar:
GAME
BLACK
264.451516628265
.b.b.b.b
b.b...b.
.b.b....
....w...
.......b
w...w...
...w.w.w
w.w.w.w.
##### Running: /usr/bin/time -o time_16_kjindal_vdhankar.txt -f "%U" python3 homework.py > stulog.txt 2>&1 on vdhankar #####
child exited with value 1
##### ERROR: /usr/bin/time -o time_16_kjindal_vdhankar.txt -f "%U" python3 homework.py > stulog.txt 2>&1 on vdhankar #####
##### Output of failed program (stdout + stderr): #####
Traceback (most recent call last):
  File "homework.py", line 546, in <module>
    print(end-start)
NameError: name 'end' is not defined
##### End of output of failed program #####
##### vdhankar plays [J d6 f4] in 2.18828010559082s #####
##### Running: /usr/lib/jvm/jdk-14.0.1/bin/java -jar /lab/itti/projects/checkers-competition/server/referee.jar on run_16_kjindal_vdhankar #####
Move is valid
##### SUCCESS: /usr/lib/jvm/jdk-14.0.1/bin/java -jar /lab/itti/projects/checkers-competition/server/referee.jar on run_16_kjindal_vdhankar #####
INPUT for kjindal:
GAME
WHITE
299.75
.b.b.b.b
b.b...b.
.b......
........
.....b.b
w...w...
...w.w.w
w.w.w.w.
##### Running: /usr/bin/time -o time_16_kjindal_vdhankar.txt -f "%U" python3 homework.py > stulog.txt 2>&1 on kjindal #####
##### SUCCESS: /usr/bin/time -o time_16_kjindal_vdhankar.txt -f "%U" python3 homework.py > stulog.txt 2>&1 on kjindal #####
##### kjindal plays [J e3 g5] in 0.05s #####
##### Running: /usr/lib/jvm/jdk-14.0.1/bin/java -jar /lab/itti/projects/checkers-competition/server/referee.jar on run_16_kjindal_vdhankar #####
Move is valid
##### SUCCESS: /usr/lib/jvm/jdk-14.0.1/bin/java -jar /lab/itti/projects/checkers-competition/server/referee.jar on run_16_kjindal_vdhankar #####
INPUT for vdhankar:
GAME
BLACK
262.263236522675
.b.b.b.b
b.b...b.
.b......
......w.
.......b
w.......
...w.w.w
w.w.w.w.
##### Running: /usr/bin/time -o time_16_kjindal_vdhankar.txt -f "%U" python3 homework.py > stulog.txt 2>&1 on vdhankar #####
child exited with value 1
##### ERROR: /usr/bin/time -o time_16_kjindal_vdhankar.txt -f "%U" python3 homework.py > stulog.txt 2>&1 on vdhankar #####
##### Output of failed program (stdout + stderr): #####
Traceback (most recent call last):
  File "homework.py", line 546, in <module>
    print(end-start)
NameError: name 'end' is not defined
##### End of output of failed program #####
##### vdhankar plays [E c7 d6] in 57.9474439620972s #####
##### Running: /usr/lib/jvm/jdk-14.0.1/bin/java -jar /lab/itti/projects/checkers-competition/server/referee.jar on run_16_kjindal_vdhankar #####
Move is valid
##### SUCCESS: /usr/lib/jvm/jdk-14.0.1/bin/java -jar /lab/itti/projects/checkers-competition/server/referee.jar on run_16_kjindal_vdhankar #####
INPUT for kjindal:
GAME
WHITE
299.7
.b.b.b.b
b.....b.
.b.b....
......w.
.......b
w.......
...w.w.w
w.w.w.w.
##### Running: /usr/bin/time -o time_16_kjindal_vdhankar.txt -f "%U" python3 homework.py > stulog.txt 2>&1 on kjindal #####
##### SUCCESS: /usr/bin/time -o time_16_kjindal_vdhankar.txt -f "%U" python3 homework.py > stulog.txt 2>&1 on kjindal #####
##### kjindal plays [E g5 h6] in 0.06s #####
##### Running: /usr/lib/jvm/jdk-14.0.1/bin/java -jar /lab/itti/projects/checkers-competition/server/referee.jar on run_16_kjindal_vdhankar #####
Move is valid
##### SUCCESS: /usr/lib/jvm/jdk-14.0.1/bin/java -jar /lab/itti/projects/checkers-competition/server/referee.jar on run_16_kjindal_vdhankar #####
INPUT for vdhankar:
GAME
BLACK
204.315792560577
.b.b.b.b
b.....b.
.b.b...w
........
.......b
w.......
...w.w.w
w.w.w.w.
##### Running: /usr/bin/time -o time_16_kjindal_vdhankar.txt -f "%U" python3 homework.py > stulog.txt 2>&1 on vdhankar #####
child exited with value 1
##### ERROR: /usr/bin/time -o time_16_kjindal_vdhankar.txt -f "%U" python3 homework.py > stulog.txt 2>&1 on vdhankar #####
##### Output of failed program (stdout + stderr): #####
Traceback (most recent call last):
  File "homework.py", line 546, in <module>
    print(end-start)
NameError: name 'end' is not defined
##### End of output of failed program #####
##### vdhankar plays [E b6 a5] in 52.6692390441895s #####
##### Running: /usr/lib/jvm/jdk-14.0.1/bin/java -jar /lab/itti/projects/checkers-competition/server/referee.jar on run_16_kjindal_vdhankar #####
Move is valid
##### SUCCESS: /usr/lib/jvm/jdk-14.0.1/bin/java -jar /lab/itti/projects/checkers-competition/server/referee.jar on run_16_kjindal_vdhankar #####
INPUT for kjindal:
GAME
WHITE
299.64
.b.b.b.b
b.....b.
...b...w
b.......
.......b
w.......
...w.w.w
w.w.w.w.
##### Running: /usr/bin/time -o time_16_kjindal_vdhankar.txt -f "%U" python3 homework.py > stulog.txt 2>&1 on kjindal #####
##### SUCCESS: /usr/bin/time -o time_16_kjindal_vdhankar.txt -f "%U" python3 homework.py > stulog.txt 2>&1 on kjindal #####
##### kjindal plays [E d2 c3] in 0.07s #####
##### Running: /usr/lib/jvm/jdk-14.0.1/bin/java -jar /lab/itti/projects/checkers-competition/server/referee.jar on run_16_kjindal_vdhankar #####
Move is valid
##### SUCCESS: /usr/lib/jvm/jdk-14.0.1/bin/java -jar /lab/itti/projects/checkers-competition/server/referee.jar on run_16_kjindal_vdhankar #####
INPUT for vdhankar:
GAME
BLACK
151.646553516388
.b.b.b.b
b.....b.
...b...w
b.......
.......b
w.w.....
.....w.w
w.w.w.w.
##### Running: /usr/bin/time -o time_16_kjindal_vdhankar.txt -f "%U" python3 homework.py > stulog.txt 2>&1 on vdhankar #####
child exited with value 1
##### ERROR: /usr/bin/time -o time_16_kjindal_vdhankar.txt -f "%U" python3 homework.py > stulog.txt 2>&1 on vdhankar #####
##### Output of failed program (stdout + stderr): #####
Traceback (most recent call last):
  File "homework.py", line 546, in <module>
    print(end-start)
NameError: name 'end' is not defined
##### End of output of failed program #####
##### vdhankar plays [E g7 f6] in 34.9025590419769s #####
##### Running: /usr/lib/jvm/jdk-14.0.1/bin/java -jar /lab/itti/projects/checkers-competition/server/referee.jar on run_16_kjindal_vdhankar #####
Move is valid
##### SUCCESS: /usr/lib/jvm/jdk-14.0.1/bin/java -jar /lab/itti/projects/checkers-competition/server/referee.jar on run_16_kjindal_vdhankar #####
INPUT for kjindal:
GAME
WHITE
299.57
.b.b.b.b
b.......
...b.b.w
b.......
.......b
w.w.....
.....w.w
w.w.w.w.
##### Running: /usr/bin/time -o time_16_kjindal_vdhankar.txt -f "%U" python3 homework.py > stulog.txt 2>&1 on kjindal #####
##### SUCCESS: /usr/bin/time -o time_16_kjindal_vdhankar.txt -f "%U" python3 homework.py > stulog.txt 2>&1 on kjindal #####
##### kjindal plays [E c3 d4] in 0.1s #####
##### Running: /usr/lib/jvm/jdk-14.0.1/bin/java -jar /lab/itti/projects/checkers-competition/server/referee.jar on run_16_kjindal_vdhankar #####
Move is valid
##### SUCCESS: /usr/lib/jvm/jdk-14.0.1/bin/java -jar /lab/itti/projects/checkers-competition/server/referee.jar on run_16_kjindal_vdhankar #####
INPUT for vdhankar:
GAME
BLACK
116.743994474411
.b.b.b.b
b.......
...b.b.w
b.......
...w...b
w.......
.....w.w
w.w.w.w.
##### Running: /usr/bin/time -o time_16_kjindal_vdhankar.txt -f "%U" python3 homework.py > stulog.txt 2>&1 on vdhankar #####
child exited with value 1
##### ERROR: /usr/bin/time -o time_16_kjindal_vdhankar.txt -f "%U" python3 homework.py > stulog.txt 2>&1 on vdhankar #####
##### Output of failed program (stdout + stderr): #####
Traceback (most recent call last):
  File "homework.py", line 546, in <module>
    print(end-start)
NameError: name 'end' is not defined
##### End of output of failed program #####
##### vdhankar plays [E d6 e5] in 33.0447871685028s #####
##### Running: /usr/lib/jvm/jdk-14.0.1/bin/java -jar /lab/itti/projects/checkers-competition/server/referee.jar on run_16_kjindal_vdhankar #####
Move is valid
##### SUCCESS: /usr/lib/jvm/jdk-14.0.1/bin/java -jar /lab/itti/projects/checkers-competition/server/referee.jar on run_16_kjindal_vdhankar #####
INPUT for kjindal:
GAME
WHITE
299.47
.b.b.b.b
b.......
.....b.w
b...b...
...w...b
w.......
.....w.w
w.w.w.w.
##### Running: /usr/bin/time -o time_16_kjindal_vdhankar.txt -f "%U" python3 homework.py > stulog.txt 2>&1 on kjindal #####
##### SUCCESS: /usr/bin/time -o time_16_kjindal_vdhankar.txt -f "%U" python3 homework.py > stulog.txt 2>&1 on kjindal #####
##### kjindal plays [E d4 c5] in 0.09s #####
##### Running: /usr/lib/jvm/jdk-14.0.1/bin/java -jar /lab/itti/projects/checkers-competition/server/referee.jar on run_16_kjindal_vdhankar #####
Move is valid
##### SUCCESS: /usr/lib/jvm/jdk-14.0.1/bin/java -jar /lab/itti/projects/checkers-competition/server/referee.jar on run_16_kjindal_vdhankar #####
INPUT for vdhankar:
GAME
BLACK
83.6992073059082
.b.b.b.b
b.......
.....b.w
b.w.b...
.......b
w.......
.....w.w
w.w.w.w.
##### Running: /usr/bin/time -o time_16_kjindal_vdhankar.txt -f "%U" python3 homework.py > stulog.txt 2>&1 on vdhankar #####
child exited with value 1
##### ERROR: /usr/bin/time -o time_16_kjindal_vdhankar.txt -f "%U" python3 homework.py > stulog.txt 2>&1 on vdhankar #####
##### Output of failed program (stdout + stderr): #####
Traceback (most recent call last):
  File "homework.py", line 546, in <module>
    print(end-start)
NameError: name 'end' is not defined
##### End of output of failed program #####
##### vdhankar plays [E f6 g5] in 30.7133300304413s #####
##### Running: /usr/lib/jvm/jdk-14.0.1/bin/java -jar /lab/itti/projects/checkers-competition/server/referee.jar on run_16_kjindal_vdhankar #####
Move is valid
##### SUCCESS: /usr/lib/jvm/jdk-14.0.1/bin/java -jar /lab/itti/projects/checkers-competition/server/referee.jar on run_16_kjindal_vdhankar #####
INPUT for kjindal:
GAME
WHITE
299.38
.b.b.b.b
b.......
.......w
b.w.b.b.
.......b
w.......
.....w.w
w.w.w.w.
##### Running: /usr/bin/time -o time_16_kjindal_vdhankar.txt -f "%U" python3 homework.py > stulog.txt 2>&1 on kjindal #####
##### SUCCESS: /usr/bin/time -o time_16_kjindal_vdhankar.txt -f "%U" python3 homework.py > stulog.txt 2>&1 on kjindal #####
##### kjindal plays [E c5 b6] in 0.09s #####
##### Running: /usr/lib/jvm/jdk-14.0.1/bin/java -jar /lab/itti/projects/checkers-competition/server/referee.jar on run_16_kjindal_vdhankar #####
Move is valid
##### SUCCESS: /usr/lib/jvm/jdk-14.0.1/bin/java -jar /lab/itti/projects/checkers-competition/server/referee.jar on run_16_kjindal_vdhankar #####
INPUT for vdhankar:
GAME
BLACK
52.9858772754669
.b.b.b.b
b.......
.w.....w
b...b.b.
.......b
w.......
.....w.w
w.w.w.w.
##### Running: /usr/bin/time -o time_16_kjindal_vdhankar.txt -f "%U" python3 homework.py > stulog.txt 2>&1 on vdhankar #####
child exited with value 1
##### ERROR: /usr/bin/time -o time_16_kjindal_vdhankar.txt -f "%U" python3 homework.py > stulog.txt 2>&1 on vdhankar #####
##### Output of failed program (stdout + stderr): #####
Traceback (most recent call last):
  File "homework.py", line 546, in <module>
    print(end-start)
NameError: name 'end' is not defined
##### End of output of failed program #####
##### vdhankar plays [J a7 c5] in 17.3838920593262s #####
##### Running: /usr/lib/jvm/jdk-14.0.1/bin/java -jar /lab/itti/projects/checkers-competition/server/referee.jar on run_16_kjindal_vdhankar #####
Move is valid
##### SUCCESS: /usr/lib/jvm/jdk-14.0.1/bin/java -jar /lab/itti/projects/checkers-competition/server/referee.jar on run_16_kjindal_vdhankar #####
INPUT for kjindal:
GAME
WHITE
299.29
.b.b.b.b
........
.......w
b.b.b.b.
.......b
w.......
.....w.w
w.w.w.w.
##### Running: /usr/bin/time -o time_16_kjindal_vdhankar.txt -f "%U" python3 homework.py > stulog.txt 2>&1 on kjindal #####
##### SUCCESS: /usr/bin/time -o time_16_kjindal_vdhankar.txt -f "%U" python3 homework.py > stulog.txt 2>&1 on kjindal #####
##### kjindal plays [E f2 e3] in 0.07s #####
##### Running: /usr/lib/jvm/jdk-14.0.1/bin/java -jar /lab/itti/projects/checkers-competition/server/referee.jar on run_16_kjindal_vdhankar #####
Move is valid
##### SUCCESS: /usr/lib/jvm/jdk-14.0.1/bin/java -jar /lab/itti/projects/checkers-competition/server/referee.jar on run_16_kjindal_vdhankar #####
INPUT for vdhankar:
GAME
BLACK
35.6019852161407
.b.b.b.b
........
.......w
b.b.b.b.
.......b
w...w...
.......w
w.w.w.w.
##### Running: /usr/bin/time -o time_16_kjindal_vdhankar.txt -f "%U" python3 homework.py > stulog.txt 2>&1 on vdhankar #####
child exited with value 1
##### ERROR: /usr/bin/time -o time_16_kjindal_vdhankar.txt -f "%U" python3 homework.py > stulog.txt 2>&1 on vdhankar #####
##### Output of failed program (stdout + stderr): #####
Traceback (most recent call last):
  File "homework.py", line 546, in <module>
    print(end-start)
NameError: name 'end' is not defined
##### End of output of failed program #####
##### vdhankar plays [E f8 e7] in 22.9981999397278s #####
##### Running: /usr/lib/jvm/jdk-14.0.1/bin/java -jar /lab/itti/projects/checkers-competition/server/referee.jar on run_16_kjindal_vdhankar #####
Move is valid
##### SUCCESS: /usr/lib/jvm/jdk-14.0.1/bin/java -jar /lab/itti/projects/checkers-competition/server/referee.jar on run_16_kjindal_vdhankar #####
INPUT for kjindal:
GAME
WHITE
299.22
.b.b...b
....b...
.......w
b.b.b.b.
.......b
w...w...
.......w
w.w.w.w.
##### Running: /usr/bin/time -o time_16_kjindal_vdhankar.txt -f "%U" python3 homework.py > stulog.txt 2>&1 on kjindal #####
##### SUCCESS: /usr/bin/time -o time_16_kjindal_vdhankar.txt -f "%U" python3 homework.py > stulog.txt 2>&1 on kjindal #####
##### kjindal plays [E a3 b4] in 0.09s #####
##### Running: /usr/lib/jvm/jdk-14.0.1/bin/java -jar /lab/itti/projects/checkers-competition/server/referee.jar on run_16_kjindal_vdhankar #####
Move is valid
##### SUCCESS: /usr/lib/jvm/jdk-14.0.1/bin/java -jar /lab/itti/projects/checkers-competition/server/referee.jar on run_16_kjindal_vdhankar #####
INPUT for vdhankar:
GAME
BLACK
12.603785276413
.b.b...b
....b...
.......w
b.b.b.b.
.w.....b
....w...
.......w
w.w.w.w.
##### Running: /usr/bin/time -o time_16_kjindal_vdhankar.txt -f "%U" python3 homework.py > stulog.txt 2>&1 on vdhankar #####
child exited with value 1
##### ERROR: /usr/bin/time -o time_16_kjindal_vdhankar.txt -f "%U" python3 homework.py > stulog.txt 2>&1 on vdhankar #####
##### Output of failed program (stdout + stderr): #####
Traceback (most recent call last):
  File "homework.py", line 546, in <module>
    print(end-start)
NameError: name 'end' is not defined
##### End of output of failed program #####
##### vdhankar plays [J c5 a3] in 0.424991130828857s #####
##### Running: /usr/lib/jvm/jdk-14.0.1/bin/java -jar /lab/itti/projects/checkers-competition/server/referee.jar on run_16_kjindal_vdhankar #####
Move is valid
##### SUCCESS: /usr/lib/jvm/jdk-14.0.1/bin/java -jar /lab/itti/projects/checkers-competition/server/referee.jar on run_16_kjindal_vdhankar #####
INPUT for kjindal:
GAME
WHITE
299.13
.b.b...b
....b...
.......w
b...b.b.
.......b
b...w...
.......w
w.w.w.w.
##### Running: /usr/bin/time -o time_16_kjindal_vdhankar.txt -f "%U" python3 homework.py > stulog.txt 2>&1 on kjindal #####
##### SUCCESS: /usr/bin/time -o time_16_kjindal_vdhankar.txt -f "%U" python3 homework.py > stulog.txt 2>&1 on kjindal #####
##### kjindal plays [E h2 g3] in 0.08s #####
##### Running: /usr/lib/jvm/jdk-14.0.1/bin/java -jar /lab/itti/projects/checkers-competition/server/referee.jar on run_16_kjindal_vdhankar #####
Move is valid
##### SUCCESS: /usr/lib/jvm/jdk-14.0.1/bin/java -jar /lab/itti/projects/checkers-competition/server/referee.jar on run_16_kjindal_vdhankar #####
INPUT for vdhankar:
GAME
BLACK
12.1787941455841
.b.b...b
....b...
.......w
b...b.b.
.......b
b...w.w.
........
w.w.w.w.
##### Running: /usr/bin/time -o time_16_kjindal_vdhankar.txt -f "%U" python3 homework.py > stulog.txt 2>&1 on vdhankar #####
child exited with value 1
##### ERROR: /usr/bin/time -o time_16_kjindal_vdhankar.txt -f "%U" python3 homework.py > stulog.txt 2>&1 on vdhankar #####
##### Output of failed program (stdout + stderr): #####
Traceback (most recent call last):
  File "homework.py", line 546, in <module>
    print(end-start)
NameError: name 'end' is not defined
##### End of output of failed program #####
##### vdhankar plays [J h4 f2] in 0.376211881637573s #####
##### Running: /usr/lib/jvm/jdk-14.0.1/bin/java -jar /lab/itti/projects/checkers-competition/server/referee.jar on run_16_kjindal_vdhankar #####
Move is valid
##### SUCCESS: /usr/lib/jvm/jdk-14.0.1/bin/java -jar /lab/itti/projects/checkers-competition/server/referee.jar on run_16_kjindal_vdhankar #####
INPUT for kjindal:
GAME
WHITE
299.05
.b.b...b
....b...
.......w
b...b.b.
........
b...w...
.....b..
w.w.w.w.
##### Running: /usr/bin/time -o time_16_kjindal_vdhankar.txt -f "%U" python3 homework.py > stulog.txt 2>&1 on kjindal #####
##### SUCCESS: /usr/bin/time -o time_16_kjindal_vdhankar.txt -f "%U" python3 homework.py > stulog.txt 2>&1 on kjindal #####
##### kjindal plays [J e1 g3] in 0.06s #####
##### Running: /usr/lib/jvm/jdk-14.0.1/bin/java -jar /lab/itti/projects/checkers-competition/server/referee.jar on run_16_kjindal_vdhankar #####
Move is valid
##### SUCCESS: /usr/lib/jvm/jdk-14.0.1/bin/java -jar /lab/itti/projects/checkers-competition/server/referee.jar on run_16_kjindal_vdhankar #####
INPUT for vdhankar:
GAME
BLACK
11.8025822639465
.b.b...b
....b...
.......w
b...b.b.
........
b...w.w.
........
w.w...w.
##### Running: /usr/bin/time -o time_16_kjindal_vdhankar.txt -f "%U" python3 homework.py > stulog.txt 2>&1 on vdhankar #####
child exited with value 1
##### ERROR: /usr/bin/time -o time_16_kjindal_vdhankar.txt -f "%U" python3 homework.py > stulog.txt 2>&1 on vdhankar #####
##### Output of failed program (stdout + stderr): #####
Traceback (most recent call last):
  File "homework.py", line 546, in <module>
    print(end-start)
NameError: name 'end' is not defined
##### End of output of failed program #####
##### vdhankar plays [E a5 b4] in 0.577857971191406s #####
##### Running: /usr/lib/jvm/jdk-14.0.1/bin/java -jar /lab/itti/projects/checkers-competition/server/referee.jar on run_16_kjindal_vdhankar #####
Move is valid
##### SUCCESS: /usr/lib/jvm/jdk-14.0.1/bin/java -jar /lab/itti/projects/checkers-competition/server/referee.jar on run_16_kjindal_vdhankar #####
INPUT for kjindal:
GAME
WHITE
298.99
.b.b...b
....b...
.......w
....b.b.
.b......
b...w.w.
........
w.w...w.
##### Running: /usr/bin/time -o time_16_kjindal_vdhankar.txt -f "%U" python3 homework.py > stulog.txt 2>&1 on kjindal #####
##### SUCCESS: /usr/bin/time -o time_16_kjindal_vdhankar.txt -f "%U" python3 homework.py > stulog.txt 2>&1 on kjindal #####
##### kjindal plays [E g3 h4] in 0.08s #####
##### Running: /usr/lib/jvm/jdk-14.0.1/bin/java -jar /lab/itti/projects/checkers-competition/server/referee.jar on run_16_kjindal_vdhankar #####
Move is valid
##### SUCCESS: /usr/lib/jvm/jdk-14.0.1/bin/java -jar /lab/itti/projects/checkers-competition/server/referee.jar on run_16_kjindal_vdhankar #####
INPUT for vdhankar:
GAME
BLACK
11.2247242927551
.b.b...b
....b...
.......w
....b.b.
.b.....w
b...w...
........
w.w...w.
##### Running: /usr/bin/time -o time_16_kjindal_vdhankar.txt -f "%U" python3 homework.py > stulog.txt 2>&1 on vdhankar #####
child exited with value 1
##### ERROR: /usr/bin/time -o time_16_kjindal_vdhankar.txt -f "%U" python3 homework.py > stulog.txt 2>&1 on vdhankar #####
##### Output of failed program (stdout + stderr): #####
Traceback (most recent call last):
  File "homework.py", line 546, in <module>
    print(end-start)
NameError: name 'end' is not defined
##### End of output of failed program #####
##### vdhankar plays [E e5 f4] in 0.385124921798706s #####
##### Running: /usr/lib/jvm/jdk-14.0.1/bin/java -jar /lab/itti/projects/checkers-competition/server/referee.jar on run_16_kjindal_vdhankar #####
Move is valid
##### SUCCESS: /usr/lib/jvm/jdk-14.0.1/bin/java -jar /lab/itti/projects/checkers-competition/server/referee.jar on run_16_kjindal_vdhankar #####
INPUT for kjindal:
GAME
WHITE
298.91
.b.b...b
....b...
.......w
......b.
.b...b.w
b...w...
........
w.w...w.
##### Running: /usr/bin/time -o time_16_kjindal_vdhankar.txt -f "%U" python3 homework.py > stulog.txt 2>&1 on kjindal #####
##### SUCCESS: /usr/bin/time -o time_16_kjindal_vdhankar.txt -f "%U" python3 homework.py > stulog.txt 2>&1 on kjindal #####
##### kjindal plays [J h4 f6] in 0.06s #####
##### Running: /usr/lib/jvm/jdk-14.0.1/bin/java -jar /lab/itti/projects/checkers-competition/server/referee.jar on run_16_kjindal_vdhankar #####
Move is valid
##### SUCCESS: /usr/lib/jvm/jdk-14.0.1/bin/java -jar /lab/itti/projects/checkers-competition/server/referee.jar on run_16_kjindal_vdhankar #####
INPUT for vdhankar:
GAME
BLACK
10.8395993709564
.b.b...b
....b...
.....w.w
........
.b...b..
b...w...
........
w.w...w.
##### Running: /usr/bin/time -o time_16_kjindal_vdhankar.txt -f "%U" python3 homework.py > stulog.txt 2>&1 on vdhankar #####
child exited with value 1
##### ERROR: /usr/bin/time -o time_16_kjindal_vdhankar.txt -f "%U" python3 homework.py > stulog.txt 2>&1 on vdhankar #####
##### Output of failed program (stdout + stderr): #####
Traceback (most recent call last):
  File "homework.py", line 546, in <module>
    print(end-start)
NameError: name 'end' is not defined
##### End of output of failed program #####
##### vdhankar plays [J f4 d2] in 0.362198829650879s #####
##### Running: /usr/lib/jvm/jdk-14.0.1/bin/java -jar /lab/itti/projects/checkers-competition/server/referee.jar on run_16_kjindal_vdhankar #####
Move is valid
##### SUCCESS: /usr/lib/jvm/jdk-14.0.1/bin/java -jar /lab/itti/projects/checkers-competition/server/referee.jar on run_16_kjindal_vdhankar #####
INPUT for kjindal:
GAME
WHITE
298.85
.b.b...b
....b...
.....w.w
........
.b......
b.......
...b....
w.w...w.
##### Running: /usr/bin/time -o time_16_kjindal_vdhankar.txt -f "%U" python3 homework.py > stulog.txt 2>&1 on kjindal #####
##### SUCCESS: /usr/bin/time -o time_16_kjindal_vdhankar.txt -f "%U" python3 homework.py > stulog.txt 2>&1 on kjindal #####
##### kjindal plays [J c1 e3] in 0.07s #####
##### Running: /usr/lib/jvm/jdk-14.0.1/bin/java -jar /lab/itti/projects/checkers-competition/server/referee.jar on run_16_kjindal_vdhankar #####
Move is valid
##### SUCCESS: /usr/lib/jvm/jdk-14.0.1/bin/java -jar /lab/itti/projects/checkers-competition/server/referee.jar on run_16_kjindal_vdhankar #####
INPUT for vdhankar:
GAME
BLACK
10.4774005413055
.b.b...b
....b...
.....w.w
........
.b......
b...w...
........
w.....w.
##### Running: /usr/bin/time -o time_16_kjindal_vdhankar.txt -f "%U" python3 homework.py > stulog.txt 2>&1 on vdhankar #####
child exited with value 1
##### ERROR: /usr/bin/time -o time_16_kjindal_vdhankar.txt -f "%U" python3 homework.py > stulog.txt 2>&1 on vdhankar #####
##### Output of failed program (stdout + stderr): #####
Traceback (most recent call last):
  File "homework.py", line 546, in <module>
    print(end-start)
NameError: name 'end' is not defined
##### End of output of failed program #####
##### vdhankar plays [J e7 g5] in 0.333686113357544s #####
##### Running: /usr/lib/jvm/jdk-14.0.1/bin/java -jar /lab/itti/projects/checkers-competition/server/referee.jar on run_16_kjindal_vdhankar #####
Move is valid
##### SUCCESS: /usr/lib/jvm/jdk-14.0.1/bin/java -jar /lab/itti/projects/checkers-competition/server/referee.jar on run_16_kjindal_vdhankar #####
INPUT for kjindal:
GAME
WHITE
298.78
.b.b...b
........
.......w
......b.
.b......
b...w...
........
w.....w.
##### Running: /usr/bin/time -o time_16_kjindal_vdhankar.txt -f "%U" python3 homework.py > stulog.txt 2>&1 on kjindal #####
##### SUCCESS: /usr/bin/time -o time_16_kjindal_vdhankar.txt -f "%U" python3 homework.py > stulog.txt 2>&1 on kjindal #####
##### kjindal plays [E e3 d4] in 0.08s #####
##### Running: /usr/lib/jvm/jdk-14.0.1/bin/java -jar /lab/itti/projects/checkers-competition/server/referee.jar on run_16_kjindal_vdhankar #####
Move is valid
##### SUCCESS: /usr/lib/jvm/jdk-14.0.1/bin/java -jar /lab/itti/projects/checkers-competition/server/referee.jar on run_16_kjindal_vdhankar #####
INPUT for vdhankar:
GAME
BLACK
10.143714427948
.b.b...b
........
.......w
......b.
.b.w....
b.......
........
w.....w.
##### Running: /usr/bin/time -o time_16_kjindal_vdhankar.txt -f "%U" python3 homework.py > stulog.txt 2>&1 on vdhankar #####
child exited with value 1
##### ERROR: /usr/bin/time -o time_16_kjindal_vdhankar.txt -f "%U" python3 homework.py > stulog.txt 2>&1 on vdhankar #####
##### Output of failed program (stdout + stderr): #####
Traceback (most recent call last):
  File "homework.py", line 546, in <module>
    print(end-start)
NameError: name 'end' is not defined
##### End of output of failed program #####
##### vdhankar plays [E g5 h4] in 0.41232705116272s #####
##### Running: /usr/lib/jvm/jdk-14.0.1/bin/java -jar /lab/itti/projects/checkers-competition/server/referee.jar on run_16_kjindal_vdhankar #####
Move is valid
##### SUCCESS: /usr/lib/jvm/jdk-14.0.1/bin/java -jar /lab/itti/projects/checkers-competition/server/referee.jar on run_16_kjindal_vdhankar #####
INPUT for kjindal:
GAME
WHITE
298.7
.b.b...b
........
.......w
........
.b.w...b
b.......
........
w.....w.
##### Running: /usr/bin/time -o time_16_kjindal_vdhankar.txt -f "%U" python3 homework.py > stulog.txt 2>&1 on kjindal #####
##### SUCCESS: /usr/bin/time -o time_16_kjindal_vdhankar.txt -f "%U" python3 homework.py > stulog.txt 2>&1 on kjindal #####
##### kjindal plays [E d4 e5] in 0.07s #####
##### Running: /usr/lib/jvm/jdk-14.0.1/bin/java -jar /lab/itti/projects/checkers-competition/server/referee.jar on run_16_kjindal_vdhankar #####
Move is valid
##### SUCCESS: /usr/lib/jvm/jdk-14.0.1/bin/java -jar /lab/itti/projects/checkers-competition/server/referee.jar on run_16_kjindal_vdhankar #####
INPUT for vdhankar:
GAME
BLACK
9.73138737678528
.b.b...b
........
.......w
....w...
.b.....b
b.......
........
w.....w.
##### Running: /usr/bin/time -o time_16_kjindal_vdhankar.txt -f "%U" python3 homework.py > stulog.txt 2>&1 on vdhankar #####
child exited with value 1
##### ERROR: /usr/bin/time -o time_16_kjindal_vdhankar.txt -f "%U" python3 homework.py > stulog.txt 2>&1 on vdhankar #####
##### Output of failed program (stdout + stderr): #####
Traceback (most recent call last):
  File "homework.py", line 546, in <module>
    print(end-start)
NameError: name 'end' is not defined
##### End of output of failed program #####
##### vdhankar plays [E h4 g3] in 0.437745809555054s #####
##### Running: /usr/lib/jvm/jdk-14.0.1/bin/java -jar /lab/itti/projects/checkers-competition/server/referee.jar on run_16_kjindal_vdhankar #####
Move is valid
##### SUCCESS: /usr/lib/jvm/jdk-14.0.1/bin/java -jar /lab/itti/projects/checkers-competition/server/referee.jar on run_16_kjindal_vdhankar #####
INPUT for kjindal:
GAME
WHITE
298.63
.b.b...b
........
.......w
....w...
.b......
b.....b.
........
w.....w.
##### Running: /usr/bin/time -o time_16_kjindal_vdhankar.txt -f "%U" python3 homework.py > stulog.txt 2>&1 on kjindal #####
##### SUCCESS: /usr/bin/time -o time_16_kjindal_vdhankar.txt -f "%U" python3 homework.py > stulog.txt 2>&1 on kjindal #####
##### kjindal plays [E g1 h2] in 0.07s #####
##### Running: /usr/lib/jvm/jdk-14.0.1/bin/java -jar /lab/itti/projects/checkers-competition/server/referee.jar on run_16_kjindal_vdhankar #####
Move is valid
##### SUCCESS: /usr/lib/jvm/jdk-14.0.1/bin/java -jar /lab/itti/projects/checkers-competition/server/referee.jar on run_16_kjindal_vdhankar #####
INPUT for vdhankar:
GAME
BLACK
9.29364156723022
.b.b...b
........
.......w
....w...
.b......
b.....b.
.......w
w.......
##### Running: /usr/bin/time -o time_16_kjindal_vdhankar.txt -f "%U" python3 homework.py > stulog.txt 2>&1 on vdhankar #####
child exited with value 1
##### ERROR: /usr/bin/time -o time_16_kjindal_vdhankar.txt -f "%U" python3 homework.py > stulog.txt 2>&1 on vdhankar #####
##### Output of failed program (stdout + stderr): #####
Traceback (most recent call last):
  File "homework.py", line 546, in <module>
    print(end-start)
NameError: name 'end' is not defined
##### End of output of failed program #####
##### vdhankar plays [E g3 f2] in 0.436567068099976s #####
##### Running: /usr/lib/jvm/jdk-14.0.1/bin/java -jar /lab/itti/projects/checkers-competition/server/referee.jar on run_16_kjindal_vdhankar #####
Move is valid
##### SUCCESS: /usr/lib/jvm/jdk-14.0.1/bin/java -jar /lab/itti/projects/checkers-competition/server/referee.jar on run_16_kjindal_vdhankar #####
INPUT for kjindal:
GAME
WHITE
298.56
.b.b...b
........
.......w
....w...
.b......
b.......
.....b.w
w.......
##### Running: /usr/bin/time -o time_16_kjindal_vdhankar.txt -f "%U" python3 homework.py > stulog.txt 2>&1 on kjindal #####
##### SUCCESS: /usr/bin/time -o time_16_kjindal_vdhankar.txt -f "%U" python3 homework.py > stulog.txt 2>&1 on kjindal #####
##### kjindal plays [E e5 d6] in 0.07s #####
##### Running: /usr/lib/jvm/jdk-14.0.1/bin/java -jar /lab/itti/projects/checkers-competition/server/referee.jar on run_16_kjindal_vdhankar #####
Move is valid
##### SUCCESS: /usr/lib/jvm/jdk-14.0.1/bin/java -jar /lab/itti/projects/checkers-competition/server/referee.jar on run_16_kjindal_vdhankar #####
INPUT for vdhankar:
GAME
BLACK
8.85707449913025
.b.b...b
........
...w...w
........
.b......
b.......
.....b.w
w.......
##### Running: /usr/bin/time -o time_16_kjindal_vdhankar.txt -f "%U" python3 homework.py > stulog.txt 2>&1 on vdhankar #####
child exited with value 1
##### ERROR: /usr/bin/time -o time_16_kjindal_vdhankar.txt -f "%U" python3 homework.py > stulog.txt 2>&1 on vdhankar #####
##### Output of failed program (stdout + stderr): #####
Traceback (most recent call last):
  File "homework.py", line 546, in <module>
    print(end-start)
NameError: name 'end' is not defined
##### End of output of failed program #####
##### vdhankar plays [E f2 g1] in 0.401754140853882s #####
##### Running: /usr/lib/jvm/jdk-14.0.1/bin/java -jar /lab/itti/projects/checkers-competition/server/referee.jar on run_16_kjindal_vdhankar #####
Move is valid
##### SUCCESS: /usr/lib/jvm/jdk-14.0.1/bin/java -jar /lab/itti/projects/checkers-competition/server/referee.jar on run_16_kjindal_vdhankar #####
INPUT for kjindal:
GAME
WHITE
298.49
.b.b...b
........
...w...w
........
.b......
b.......
.......w
w.....B.
##### Running: /usr/bin/time -o time_16_kjindal_vdhankar.txt -f "%U" python3 homework.py > stulog.txt 2>&1 on kjindal #####
##### SUCCESS: /usr/bin/time -o time_16_kjindal_vdhankar.txt -f "%U" python3 homework.py > stulog.txt 2>&1 on kjindal #####
##### kjindal plays [E d6 c7] in 0.06s #####
##### Running: /usr/lib/jvm/jdk-14.0.1/bin/java -jar /lab/itti/projects/checkers-competition/server/referee.jar on run_16_kjindal_vdhankar #####
Move is valid
##### SUCCESS: /usr/lib/jvm/jdk-14.0.1/bin/java -jar /lab/itti/projects/checkers-competition/server/referee.jar on run_16_kjindal_vdhankar #####
INPUT for vdhankar:
GAME
BLACK
8.45532035827637
.b.b...b
..w.....
.......w
........
.b......
b.......
.......w
w.....B.
##### Running: /usr/bin/time -o time_16_kjindal_vdhankar.txt -f "%U" python3 homework.py > stulog.txt 2>&1 on vdhankar #####
child exited with value 1
##### ERROR: /usr/bin/time -o time_16_kjindal_vdhankar.txt -f "%U" python3 homework.py > stulog.txt 2>&1 on vdhankar #####
##### Output of failed program (stdout + stderr): #####
Traceback (most recent call last):
  File "homework.py", line 546, in <module>
    print(end-start)
NameError: name 'end' is not defined
##### End of output of failed program #####
##### vdhankar plays [J d8 b6] in 0.371585845947266s #####
##### Running: /usr/lib/jvm/jdk-14.0.1/bin/java -jar /lab/itti/projects/checkers-competition/server/referee.jar on run_16_kjindal_vdhankar #####
Move is valid
##### SUCCESS: /usr/lib/jvm/jdk-14.0.1/bin/java -jar /lab/itti/projects/checkers-competition/server/referee.jar on run_16_kjindal_vdhankar #####
INPUT for kjindal:
GAME
WHITE
298.43
.b.....b
........
.b.....w
........
.b......
b.......
.......w
w.....B.
##### Running: /usr/bin/time -o time_16_kjindal_vdhankar.txt -f "%U" python3 homework.py > stulog.txt 2>&1 on kjindal #####
##### SUCCESS: /usr/bin/time -o time_16_kjindal_vdhankar.txt -f "%U" python3 homework.py > stulog.txt 2>&1 on kjindal #####
##### kjindal plays [E h2 g3] in 0.05s #####
##### Running: /usr/lib/jvm/jdk-14.0.1/bin/java -jar /lab/itti/projects/checkers-competition/server/referee.jar on run_16_kjindal_vdhankar #####
Move is valid
##### SUCCESS: /usr/lib/jvm/jdk-14.0.1/bin/java -jar /lab/itti/projects/checkers-competition/server/referee.jar on run_16_kjindal_vdhankar #####
INPUT for vdhankar:
GAME
BLACK
8.0837345123291
.b.....b
........
.b.....w
........
.b......
b.....w.
........
w.....B.
##### Running: /usr/bin/time -o time_16_kjindal_vdhankar.txt -f "%U" python3 homework.py > stulog.txt 2>&1 on vdhankar #####
child exited with value 1
##### ERROR: /usr/bin/time -o time_16_kjindal_vdhankar.txt -f "%U" python3 homework.py > stulog.txt 2>&1 on vdhankar #####
##### Output of failed program (stdout + stderr): #####
Traceback (most recent call last):
  File "homework.py", line 546, in <module>
    print(end-start)
NameError: name 'end' is not defined
##### End of output of failed program #####
##### vdhankar plays [E g1 h2] in 0.390583992004395s #####
##### Running: /usr/lib/jvm/jdk-14.0.1/bin/java -jar /lab/itti/projects/checkers-competition/server/referee.jar on run_16_kjindal_vdhankar #####
Move is valid
##### SUCCESS: /usr/lib/jvm/jdk-14.0.1/bin/java -jar /lab/itti/projects/checkers-competition/server/referee.jar on run_16_kjindal_vdhankar #####
INPUT for kjindal:
GAME
WHITE
298.38
.b.....b
........
.b.....w
........
.b......
b.....w.
.......B
w.......
##### Running: /usr/bin/time -o time_16_kjindal_vdhankar.txt -f "%U" python3 homework.py > stulog.txt 2>&1 on kjindal #####
##### SUCCESS: /usr/bin/time -o time_16_kjindal_vdhankar.txt -f "%U" python3 homework.py > stulog.txt 2>&1 on kjindal #####
##### kjindal plays [E g3 h4] in 0.07s #####
##### Running: /usr/lib/jvm/jdk-14.0.1/bin/java -jar /lab/itti/projects/checkers-competition/server/referee.jar on run_16_kjindal_vdhankar #####
Move is valid
##### SUCCESS: /usr/lib/jvm/jdk-14.0.1/bin/java -jar /lab/itti/projects/checkers-competition/server/referee.jar on run_16_kjindal_vdhankar #####
INPUT for vdhankar:
GAME
BLACK
7.69315052032471
.b.....b
........
.b.....w
........
.b.....w
b.......
.......B
w.......
##### Running: /usr/bin/time -o time_16_kjindal_vdhankar.txt -f "%U" python3 homework.py > stulog.txt 2>&1 on vdhankar #####
child exited with value 1
##### ERROR: /usr/bin/time -o time_16_kjindal_vdhankar.txt -f "%U" python3 homework.py > stulog.txt 2>&1 on vdhankar #####
##### Output of failed program (stdout + stderr): #####
Traceback (most recent call last):
  File "homework.py", line 546, in <module>
    print(end-start)
NameError: name 'end' is not defined
##### End of output of failed program #####
##### vdhankar plays [E h2 g1] in 0.373757839202881s #####
##### Running: /usr/lib/jvm/jdk-14.0.1/bin/java -jar /lab/itti/projects/checkers-competition/server/referee.jar on run_16_kjindal_vdhankar #####
Move is valid
##### SUCCESS: /usr/lib/jvm/jdk-14.0.1/bin/java -jar /lab/itti/projects/checkers-competition/server/referee.jar on run_16_kjindal_vdhankar #####
INPUT for kjindal:
GAME
WHITE
298.31
.b.....b
........
.b.....w
........
.b.....w
b.......
........
w.....B.
##### Running: /usr/bin/time -o time_16_kjindal_vdhankar.txt -f "%U" python3 homework.py > stulog.txt 2>&1 on kjindal #####
##### SUCCESS: /usr/bin/time -o time_16_kjindal_vdhankar.txt -f "%U" python3 homework.py > stulog.txt 2>&1 on kjindal #####
##### kjindal plays [E h4 g5] in 0.05s #####
##### Running: /usr/lib/jvm/jdk-14.0.1/bin/java -jar /lab/itti/projects/checkers-competition/server/referee.jar on run_16_kjindal_vdhankar #####
Move is valid
##### SUCCESS: /usr/lib/jvm/jdk-14.0.1/bin/java -jar /lab/itti/projects/checkers-competition/server/referee.jar on run_16_kjindal_vdhankar #####
INPUT for vdhankar:
GAME
BLACK
7.31939268112183
.b.....b
........
.b.....w
......w.
.b......
b.......
........
w.....B.
##### Running: /usr/bin/time -o time_16_kjindal_vdhankar.txt -f "%U" python3 homework.py > stulog.txt 2>&1 on vdhankar #####
child exited with value 1
##### ERROR: /usr/bin/time -o time_16_kjindal_vdhankar.txt -f "%U" python3 homework.py > stulog.txt 2>&1 on vdhankar #####
##### Output of failed program (stdout + stderr): #####
Traceback (most recent call last):
  File "homework.py", line 546, in <module>
    print(end-start)
NameError: name 'end' is not defined
##### End of output of failed program #####
##### vdhankar plays [E g1 h2] in 0.381896018981934s #####
##### Running: /usr/lib/jvm/jdk-14.0.1/bin/java -jar /lab/itti/projects/checkers-competition/server/referee.jar on run_16_kjindal_vdhankar #####
Move is valid
##### SUCCESS: /usr/lib/jvm/jdk-14.0.1/bin/java -jar /lab/itti/projects/checkers-competition/server/referee.jar on run_16_kjindal_vdhankar #####
INPUT for kjindal:
GAME
WHITE
298.26
.b.....b
........
.b.....w
......w.
.b......
b.......
.......B
w.......
##### Running: /usr/bin/time -o time_16_kjindal_vdhankar.txt -f "%U" python3 homework.py > stulog.txt 2>&1 on kjindal #####
##### SUCCESS: /usr/bin/time -o time_16_kjindal_vdhankar.txt -f "%U" python3 homework.py > stulog.txt 2>&1 on kjindal #####
##### kjindal plays [E g5 f6] in 0.07s #####
##### Running: /usr/lib/jvm/jdk-14.0.1/bin/java -jar /lab/itti/projects/checkers-competition/server/referee.jar on run_16_kjindal_vdhankar #####
Move is valid
##### SUCCESS: /usr/lib/jvm/jdk-14.0.1/bin/java -jar /lab/itti/projects/checkers-competition/server/referee.jar on run_16_kjindal_vdhankar #####
INPUT for vdhankar:
GAME
BLACK
6.93749666213989
.b.....b
........
.b...w.w
........
.b......
b.......
.......B
w.......
##### Running: /usr/bin/time -o time_16_kjindal_vdhankar.txt -f "%U" python3 homework.py > stulog.txt 2>&1 on vdhankar #####
child exited with value 1
##### ERROR: /usr/bin/time -o time_16_kjindal_vdhankar.txt -f "%U" python3 homework.py > stulog.txt 2>&1 on vdhankar #####
##### Output of failed program (stdout + stderr): #####
Traceback (most recent call last):
  File "homework.py", line 546, in <module>
    print(end-start)
NameError: name 'end' is not defined
##### End of output of failed program #####
##### vdhankar plays [E h2 g1] in 0.44061017036438s #####
##### Running: /usr/lib/jvm/jdk-14.0.1/bin/java -jar /lab/itti/projects/checkers-competition/server/referee.jar on run_16_kjindal_vdhankar #####
Move is valid
##### SUCCESS: /usr/lib/jvm/jdk-14.0.1/bin/java -jar /lab/itti/projects/checkers-competition/server/referee.jar on run_16_kjindal_vdhankar #####
INPUT for kjindal:
GAME
WHITE
298.19
.b.....b
........
.b...w.w
........
.b......
b.......
........
w.....B.
##### Running: /usr/bin/time -o time_16_kjindal_vdhankar.txt -f "%U" python3 homework.py > stulog.txt 2>&1 on kjindal #####
##### SUCCESS: /usr/bin/time -o time_16_kjindal_vdhankar.txt -f "%U" python3 homework.py > stulog.txt 2>&1 on kjindal #####
##### kjindal plays [E f6 g7] in 0.06s #####
##### Running: /usr/lib/jvm/jdk-14.0.1/bin/java -jar /lab/itti/projects/checkers-competition/server/referee.jar on run_16_kjindal_vdhankar #####
Move is valid
##### SUCCESS: /usr/lib/jvm/jdk-14.0.1/bin/java -jar /lab/itti/projects/checkers-competition/server/referee.jar on run_16_kjindal_vdhankar #####
INPUT for vdhankar:
GAME
BLACK
6.49688649177551
.b.....b
......w.
.b.....w
........
.b......
b.......
........
w.....B.
##### Running: /usr/bin/time -o time_16_kjindal_vdhankar.txt -f "%U" python3 homework.py > stulog.txt 2>&1 on vdhankar #####
child exited with value 1
##### ERROR: /usr/bin/time -o time_16_kjindal_vdhankar.txt -f "%U" python3 homework.py > stulog.txt 2>&1 on vdhankar #####
##### Output of failed program (stdout + stderr): #####
Traceback (most recent call last):
  File "homework.py", line 546, in <module>
    print(end-start)
NameError: name 'end' is not defined
##### End of output of failed program #####
##### vdhankar plays [J h8 f6] in 0.373082160949707s #####
##### Running: /usr/lib/jvm/jdk-14.0.1/bin/java -jar /lab/itti/projects/checkers-competition/server/referee.jar on run_16_kjindal_vdhankar #####
Move is valid
##### SUCCESS: /usr/lib/jvm/jdk-14.0.1/bin/java -jar /lab/itti/projects/checkers-competition/server/referee.jar on run_16_kjindal_vdhankar #####
INPUT for kjindal:
GAME
WHITE
298.13
.b......
........
.b...b.w
........
.b......
b.......
........
w.....B.
##### Running: /usr/bin/time -o time_16_kjindal_vdhankar.txt -f "%U" python3 homework.py > stulog.txt 2>&1 on kjindal #####
##### SUCCESS: /usr/bin/time -o time_16_kjindal_vdhankar.txt -f "%U" python3 homework.py > stulog.txt 2>&1 on kjindal #####
##### kjindal plays [E h6 g7] in 0.06s #####
##### Running: /usr/lib/jvm/jdk-14.0.1/bin/java -jar /lab/itti/projects/checkers-competition/server/referee.jar on run_16_kjindal_vdhankar #####
Move is valid
##### SUCCESS: /usr/lib/jvm/jdk-14.0.1/bin/java -jar /lab/itti/projects/checkers-competition/server/referee.jar on run_16_kjindal_vdhankar #####
INPUT for vdhankar:
GAME
BLACK
6.12380433082581
.b......
......w.
.b...b..
........
.b......
b.......
........
w.....B.
##### Running: /usr/bin/time -o time_16_kjindal_vdhankar.txt -f "%U" python3 homework.py > stulog.txt 2>&1 on vdhankar #####
child exited with value 1
##### ERROR: /usr/bin/time -o time_16_kjindal_vdhankar.txt -f "%U" python3 homework.py > stulog.txt 2>&1 on vdhankar #####
##### Output of failed program (stdout + stderr): #####
Traceback (most recent call last):
  File "homework.py", line 546, in <module>
    print(end-start)
NameError: name 'end' is not defined
##### End of output of failed program #####
##### vdhankar plays [E f6 e5] in 0.40684986114502s #####
##### Running: /usr/lib/jvm/jdk-14.0.1/bin/java -jar /lab/itti/projects/checkers-competition/server/referee.jar on run_16_kjindal_vdhankar #####
Move is valid
##### SUCCESS: /usr/lib/jvm/jdk-14.0.1/bin/java -jar /lab/itti/projects/checkers-competition/server/referee.jar on run_16_kjindal_vdhankar #####
INPUT for kjindal:
GAME
WHITE
298.07
.b......
......w.
.b......
....b...
.b......
b.......
........
w.....B.
##### Running: /usr/bin/time -o time_16_kjindal_vdhankar.txt -f "%U" python3 homework.py > stulog.txt 2>&1 on kjindal #####
##### SUCCESS: /usr/bin/time -o time_16_kjindal_vdhankar.txt -f "%U" python3 homework.py > stulog.txt 2>&1 on kjindal #####
##### kjindal plays [E g7 h8] in 0.06s #####
##### Running: /usr/lib/jvm/jdk-14.0.1/bin/java -jar /lab/itti/projects/checkers-competition/server/referee.jar on run_16_kjindal_vdhankar #####
Move is valid
##### SUCCESS: /usr/lib/jvm/jdk-14.0.1/bin/java -jar /lab/itti/projects/checkers-competition/server/referee.jar on run_16_kjindal_vdhankar #####
INPUT for vdhankar:
GAME
BLACK
5.71695446968079
.b.....W
........
.b......
....b...
.b......
b.......
........
w.....B.
##### Running: /usr/bin/time -o time_16_kjindal_vdhankar.txt -f "%U" python3 homework.py > stulog.txt 2>&1 on vdhankar #####
child exited with value 1
##### ERROR: /usr/bin/time -o time_16_kjindal_vdhankar.txt -f "%U" python3 homework.py > stulog.txt 2>&1 on vdhankar #####
##### Output of failed program (stdout + stderr): #####
Traceback (most recent call last):
  File "homework.py", line 546, in <module>
    print(end-start)
NameError: name 'end' is not defined
##### End of output of failed program #####
##### vdhankar plays [E e5 d4] in 0.398876905441284s #####
##### Running: /usr/lib/jvm/jdk-14.0.1/bin/java -jar /lab/itti/projects/checkers-competition/server/referee.jar on run_16_kjindal_vdhankar #####
Move is valid
##### SUCCESS: /usr/lib/jvm/jdk-14.0.1/bin/java -jar /lab/itti/projects/checkers-competition/server/referee.jar on run_16_kjindal_vdhankar #####
INPUT for kjindal:
GAME
WHITE
298.01
.b.....W
........
.b......
........
.b.b....
b.......
........
w.....B.
##### Running: /usr/bin/time -o time_16_kjindal_vdhankar.txt -f "%U" python3 homework.py > stulog.txt 2>&1 on kjindal #####
##### SUCCESS: /usr/bin/time -o time_16_kjindal_vdhankar.txt -f "%U" python3 homework.py > stulog.txt 2>&1 on kjindal #####
##### kjindal plays [E h8 g7] in 0.07s #####
##### Running: /usr/lib/jvm/jdk-14.0.1/bin/java -jar /lab/itti/projects/checkers-competition/server/referee.jar on run_16_kjindal_vdhankar #####
Move is valid
##### SUCCESS: /usr/lib/jvm/jdk-14.0.1/bin/java -jar /lab/itti/projects/checkers-competition/server/referee.jar on run_16_kjindal_vdhankar #####
INPUT for vdhankar:
GAME
BLACK
5.3180775642395
.b......
......W.
.b......
........
.b.b....
b.......
........
w.....B.
##### Running: /usr/bin/time -o time_16_kjindal_vdhankar.txt -f "%U" python3 homework.py > stulog.txt 2>&1 on vdhankar #####
child exited with value 1
##### ERROR: /usr/bin/time -o time_16_kjindal_vdhankar.txt -f "%U" python3 homework.py > stulog.txt 2>&1 on vdhankar #####
##### Output of failed program (stdout + stderr): #####
Traceback (most recent call last):
  File "homework.py", line 546, in <module>
    print(end-start)
NameError: name 'end' is not defined
##### End of output of failed program #####
##### vdhankar plays [E g1 h2] in 0.457338809967041s #####
##### Running: /usr/lib/jvm/jdk-14.0.1/bin/java -jar /lab/itti/projects/checkers-competition/server/referee.jar on run_16_kjindal_vdhankar #####
Move is valid
##### SUCCESS: /usr/lib/jvm/jdk-14.0.1/bin/java -jar /lab/itti/projects/checkers-competition/server/referee.jar on run_16_kjindal_vdhankar #####
INPUT for kjindal:
GAME
WHITE
297.94
.b......
......W.
.b......
........
.b.b....
b.......
.......B
w.......
##### Running: /usr/bin/time -o time_16_kjindal_vdhankar.txt -f "%U" python3 homework.py > stulog.txt 2>&1 on kjindal #####
##### SUCCESS: /usr/bin/time -o time_16_kjindal_vdhankar.txt -f "%U" python3 homework.py > stulog.txt 2>&1 on kjindal #####
##### kjindal plays [E g7 h8] in 0.07s #####
##### Running: /usr/lib/jvm/jdk-14.0.1/bin/java -jar /lab/itti/projects/checkers-competition/server/referee.jar on run_16_kjindal_vdhankar #####
Move is valid
##### SUCCESS: /usr/lib/jvm/jdk-14.0.1/bin/java -jar /lab/itti/projects/checkers-competition/server/referee.jar on run_16_kjindal_vdhankar #####
INPUT for vdhankar:
GAME
BLACK
4.86073875427246
.b.....W
........
.b......
........
.b.b....
b.......
.......B
w.......
##### Running: /usr/bin/time -o time_16_kjindal_vdhankar.txt -f "%U" python3 homework.py > stulog.txt 2>&1 on vdhankar #####
child exited with value 1
##### ERROR: /usr/bin/time -o time_16_kjindal_vdhankar.txt -f "%U" python3 homework.py > stulog.txt 2>&1 on vdhankar #####
##### Output of failed program (stdout + stderr): #####
Traceback (most recent call last):
  File "homework.py", line 546, in <module>
    print(end-start)
NameError: name 'end' is not defined
##### End of output of failed program #####
##### vdhankar plays [E h2 g1] in 0.384335994720459s #####
##### Running: /usr/lib/jvm/jdk-14.0.1/bin/java -jar /lab/itti/projects/checkers-competition/server/referee.jar on run_16_kjindal_vdhankar #####
Move is valid
##### SUCCESS: /usr/lib/jvm/jdk-14.0.1/bin/java -jar /lab/itti/projects/checkers-competition/server/referee.jar on run_16_kjindal_vdhankar #####
INPUT for kjindal:
GAME
WHITE
297.87
.b.....W
........
.b......
........
.b.b....
b.......
........
w.....B.
##### Running: /usr/bin/time -o time_16_kjindal_vdhankar.txt -f "%U" python3 homework.py > stulog.txt 2>&1 on kjindal #####
##### SUCCESS: /usr/bin/time -o time_16_kjindal_vdhankar.txt -f "%U" python3 homework.py > stulog.txt 2>&1 on kjindal #####
##### kjindal plays [E h8 g7] in 0.06s #####
##### Running: /usr/lib/jvm/jdk-14.0.1/bin/java -jar /lab/itti/projects/checkers-competition/server/referee.jar on run_16_kjindal_vdhankar #####
Move is valid
##### SUCCESS: /usr/lib/jvm/jdk-14.0.1/bin/java -jar /lab/itti/projects/checkers-competition/server/referee.jar on run_16_kjindal_vdhankar #####
INPUT for vdhankar:
GAME
BLACK
4.476402759552
.b......
......W.
.b......
........
.b.b....
b.......
........
w.....B.
##### Running: /usr/bin/time -o time_16_kjindal_vdhankar.txt -f "%U" python3 homework.py > stulog.txt 2>&1 on vdhankar #####
child exited with value 1
##### ERROR: /usr/bin/time -o time_16_kjindal_vdhankar.txt -f "%U" python3 homework.py > stulog.txt 2>&1 on vdhankar #####
##### Output of failed program (stdout + stderr): #####
Traceback (most recent call last):
  File "homework.py", line 546, in <module>
    print(end-start)
NameError: name 'end' is not defined
##### End of output of failed program #####
##### vdhankar plays [E g1 h2] in 0.534607887268066s #####
##### Running: /usr/lib/jvm/jdk-14.0.1/bin/java -jar /lab/itti/projects/checkers-competition/server/referee.jar on run_16_kjindal_vdhankar #####
Move is valid
##### SUCCESS: /usr/lib/jvm/jdk-14.0.1/bin/java -jar /lab/itti/projects/checkers-competition/server/referee.jar on run_16_kjindal_vdhankar #####
INPUT for kjindal:
GAME
WHITE
297.81
.b......
......W.
.b......
........
.b.b....
b.......
.......B
w.......
##### Running: /usr/bin/time -o time_16_kjindal_vdhankar.txt -f "%U" python3 homework.py > stulog.txt 2>&1 on kjindal #####
##### SUCCESS: /usr/bin/time -o time_16_kjindal_vdhankar.txt -f "%U" python3 homework.py > stulog.txt 2>&1 on kjindal #####
##### kjindal plays [E g7 h8] in 0.07s #####
##### Running: /usr/lib/jvm/jdk-14.0.1/bin/java -jar /lab/itti/projects/checkers-competition/server/referee.jar on run_16_kjindal_vdhankar #####
Move is valid
##### SUCCESS: /usr/lib/jvm/jdk-14.0.1/bin/java -jar /lab/itti/projects/checkers-competition/server/referee.jar on run_16_kjindal_vdhankar #####
INPUT for vdhankar:
GAME
BLACK
3.94179487228394
.b.....W
........
.b......
........
.b.b....
b.......
.......B
w.......
##### Running: /usr/bin/time -o time_16_kjindal_vdhankar.txt -f "%U" python3 homework.py > stulog.txt 2>&1 on vdhankar #####
child exited with value 1
##### ERROR: /usr/bin/time -o time_16_kjindal_vdhankar.txt -f "%U" python3 homework.py > stulog.txt 2>&1 on vdhankar #####
##### Output of failed program (stdout + stderr): #####
Traceback (most recent call last):
  File "homework.py", line 546, in <module>
    print(end-start)
NameError: name 'end' is not defined
##### End of output of failed program #####
##### vdhankar plays [E h2 g1] in 0.382766962051392s #####
##### Running: /usr/lib/jvm/jdk-14.0.1/bin/java -jar /lab/itti/projects/checkers-competition/server/referee.jar on run_16_kjindal_vdhankar #####
Move is valid
##### SUCCESS: /usr/lib/jvm/jdk-14.0.1/bin/java -jar /lab/itti/projects/checkers-competition/server/referee.jar on run_16_kjindal_vdhankar #####
INPUT for kjindal:
GAME
WHITE
297.74
.b.....W
........
.b......
........
.b.b....
b.......
........
w.....B.
##### Running: /usr/bin/time -o time_16_kjindal_vdhankar.txt -f "%U" python3 homework.py > stulog.txt 2>&1 on kjindal #####
##### SUCCESS: /usr/bin/time -o time_16_kjindal_vdhankar.txt -f "%U" python3 homework.py > stulog.txt 2>&1 on kjindal #####
##### kjindal plays [E h8 g7] in 0.06s #####
##### Running: /usr/lib/jvm/jdk-14.0.1/bin/java -jar /lab/itti/projects/checkers-competition/server/referee.jar on run_16_kjindal_vdhankar #####
Move is valid
Seen this position 3 times
*** Game ends in draw ***
##### SUCCESS: /usr/lib/jvm/jdk-14.0.1/bin/java -jar /lab/itti/projects/checkers-competition/server/referee.jar on run_16_kjindal_vdhankar #####
##### GAME ENDS IN A DRAW. Time left for kjindal: 297.68s, vdhankar: 3.55902791023254s
Server said: DRAW
##### GAME OVER: the game ends in a draw, kjindal wins by time remaining #####
########## ROUND 16 GAMESCORE AFTER GAME 1: kjindal=1 and vdhankar=0 ##########
#################### ROUND 16: kjindal (B) vs vdhankar (W): game 2 ####################
##### game start! #####
INPUT for kjindal:
GAME
BLACK
300
.b.b.b.b
b.b.b.b.
.b.b.b.b
........
........
w.w.w.w.
.w.w.w.w
w.w.w.w.
##### Running: /usr/bin/time -o time_16_kjindal_vdhankar.txt -f "%U" python3 homework.py > stulog.txt 2>&1 on kjindal #####
##### SUCCESS: /usr/bin/time -o time_16_kjindal_vdhankar.txt -f "%U" python3 homework.py > stulog.txt 2>&1 on kjindal #####
##### kjindal plays [E b6 a5] in 0.07s #####
##### Running: /usr/lib/jvm/jdk-14.0.1/bin/java -jar /lab/itti/projects/checkers-competition/server/referee.jar on run_16_kjindal_vdhankar #####
Move is valid
Couldn't read file 'current_ply.txt'
Couldn't read content from file 'current_ply.txt'
Couldn't read file 'lastmatchange_ply.txt'
Couldn't read content from file 'lastmatchange_ply.txt'
##### SUCCESS: /usr/lib/jvm/jdk-14.0.1/bin/java -jar /lab/itti/projects/checkers-competition/server/referee.jar on run_16_kjindal_vdhankar #####
INPUT for vdhankar:
GAME
WHITE
300
.b.b.b.b
b.b.b.b.
...b.b.b
b.......
........
w.w.w.w.
.w.w.w.w
w.w.w.w.
##### Running: /usr/bin/time -o time_16_kjindal_vdhankar.txt -f "%U" python3 homework.py > stulog.txt 2>&1 on vdhankar #####
child exited with value 1
##### ERROR: /usr/bin/time -o time_16_kjindal_vdhankar.txt -f "%U" python3 homework.py > stulog.txt 2>&1 on vdhankar #####
##### Output of failed program (stdout + stderr): #####
Traceback (most recent call last):
  File "homework.py", line 546, in <module>
    print(end-start)
NameError: name 'end' is not defined
##### End of output of failed program #####
##### vdhankar plays [E g3 h4] in 13.4800610542297s #####
##### Running: /usr/lib/jvm/jdk-14.0.1/bin/java -jar /lab/itti/projects/checkers-competition/server/referee.jar on run_16_kjindal_vdhankar #####
Move is valid
##### SUCCESS: /usr/lib/jvm/jdk-14.0.1/bin/java -jar /lab/itti/projects/checkers-competition/server/referee.jar on run_16_kjindal_vdhankar #####
INPUT for kjindal:
GAME
BLACK
299.93
.b.b.b.b
b.b.b.b.
...b.b.b
b.......
.......w
w.w.w...
.w.w.w.w
w.w.w.w.
##### Running: /usr/bin/time -o time_16_kjindal_vdhankar.txt -f "%U" python3 homework.py > stulog.txt 2>&1 on kjindal #####
##### SUCCESS: /usr/bin/time -o time_16_kjindal_vdhankar.txt -f "%U" python3 homework.py > stulog.txt 2>&1 on kjindal #####
##### kjindal plays [E d6 e5] in 0.1s #####
##### Running: /usr/lib/jvm/jdk-14.0.1/bin/java -jar /lab/itti/projects/checkers-competition/server/referee.jar on run_16_kjindal_vdhankar #####
Move is valid
##### SUCCESS: /usr/lib/jvm/jdk-14.0.1/bin/java -jar /lab/itti/projects/checkers-competition/server/referee.jar on run_16_kjindal_vdhankar #####
INPUT for vdhankar:
GAME
WHITE
286.51993894577
.b.b.b.b
b.b.b.b.
.....b.b
b...b...
.......w
w.w.w...
.w.w.w.w
w.w.w.w.
##### Running: /usr/bin/time -o time_16_kjindal_vdhankar.txt -f "%U" python3 homework.py > stulog.txt 2>&1 on vdhankar #####
child exited with value 1
##### ERROR: /usr/bin/time -o time_16_kjindal_vdhankar.txt -f "%U" python3 homework.py > stulog.txt 2>&1 on vdhankar #####
##### Output of failed program (stdout + stderr): #####
Traceback (most recent call last):
  File "homework.py", line 546, in <module>
    print(end-start)
NameError: name 'end' is not defined
##### End of output of failed program #####
##### vdhankar plays [E h2 g3] in 13.3194508552551s #####
##### Running: /usr/lib/jvm/jdk-14.0.1/bin/java -jar /lab/itti/projects/checkers-competition/server/referee.jar on run_16_kjindal_vdhankar #####
Move is valid
##### SUCCESS: /usr/lib/jvm/jdk-14.0.1/bin/java -jar /lab/itti/projects/checkers-competition/server/referee.jar on run_16_kjindal_vdhankar #####
INPUT for kjindal:
GAME
BLACK
299.83
.b.b.b.b
b.b.b.b.
.....b.b
b...b...
.......w
w.w.w.w.
.w.w.w..
w.w.w.w.
##### Running: /usr/bin/time -o time_16_kjindal_vdhankar.txt -f "%U" python3 homework.py > stulog.txt 2>&1 on kjindal #####
##### SUCCESS: /usr/bin/time -o time_16_kjindal_vdhankar.txt -f "%U" python3 homework.py > stulog.txt 2>&1 on kjindal #####
##### kjindal plays [E c7 b6] in 0.09s #####
##### Running: /usr/lib/jvm/jdk-14.0.1/bin/java -jar /lab/itti/projects/checkers-competition/server/referee.jar on run_16_kjindal_vdhankar #####
Move is valid
##### SUCCESS: /usr/lib/jvm/jdk-14.0.1/bin/java -jar /lab/itti/projects/checkers-competition/server/referee.jar on run_16_kjindal_vdhankar #####
INPUT for vdhankar:
GAME
WHITE
273.200488090515
.b.b.b.b
b...b.b.
.b...b.b
b...b...
.......w
w.w.w.w.
.w.w.w..
w.w.w.w.
##### Running: /usr/bin/time -o time_16_kjindal_vdhankar.txt -f "%U" python3 homework.py > stulog.txt 2>&1 on vdhankar #####
child exited with value 1
##### ERROR: /usr/bin/time -o time_16_kjindal_vdhankar.txt -f "%U" python3 homework.py > stulog.txt 2>&1 on vdhankar #####
##### Output of failed program (stdout + stderr): #####
Traceback (most recent call last):
  File "homework.py", line 546, in <module>
    print(end-start)
NameError: name 'end' is not defined
##### End of output of failed program #####
##### vdhankar plays [E e3 f4] in 6.25003600120544s #####
##### Running: /usr/lib/jvm/jdk-14.0.1/bin/java -jar /lab/itti/projects/checkers-competition/server/referee.jar on run_16_kjindal_vdhankar #####
Move is valid
##### SUCCESS: /usr/lib/jvm/jdk-14.0.1/bin/java -jar /lab/itti/projects/checkers-competition/server/referee.jar on run_16_kjindal_vdhankar #####
INPUT for kjindal:
GAME
BLACK
299.74
.b.b.b.b
b...b.b.
.b...b.b
b...b...
.....w.w
w.w...w.
.w.w.w..
w.w.w.w.
##### Running: /usr/bin/time -o time_16_kjindal_vdhankar.txt -f "%U" python3 homework.py > stulog.txt 2>&1 on kjindal #####
##### SUCCESS: /usr/bin/time -o time_16_kjindal_vdhankar.txt -f "%U" python3 homework.py > stulog.txt 2>&1 on kjindal #####
##### kjindal plays [E e7 d6] in 0.08s #####
##### Running: /usr/lib/jvm/jdk-14.0.1/bin/java -jar /lab/itti/projects/checkers-competition/server/referee.jar on run_16_kjindal_vdhankar #####
Move is valid
##### SUCCESS: /usr/lib/jvm/jdk-14.0.1/bin/java -jar /lab/itti/projects/checkers-competition/server/referee.jar on run_16_kjindal_vdhankar #####
INPUT for vdhankar:
GAME
WHITE
266.95045208931
.b.b.b.b
b.....b.
.b.b.b.b
b...b...
.....w.w
w.w...w.
.w.w.w..
w.w.w.w.
##### Running: /usr/bin/time -o time_16_kjindal_vdhankar.txt -f "%U" python3 homework.py > stulog.txt 2>&1 on vdhankar #####
child exited with value 1
##### ERROR: /usr/bin/time -o time_16_kjindal_vdhankar.txt -f "%U" python3 homework.py > stulog.txt 2>&1 on vdhankar #####
##### Output of failed program (stdout + stderr): #####
Traceback (most recent call last):
  File "homework.py", line 546, in <module>
    print(end-start)
NameError: name 'end' is not defined
##### End of output of failed program #####
##### vdhankar plays [E f2 e3] in 9.42958807945251s #####
##### Running: /usr/lib/jvm/jdk-14.0.1/bin/java -jar /lab/itti/projects/checkers-competition/server/referee.jar on run_16_kjindal_vdhankar #####
Move is valid
##### SUCCESS: /usr/lib/jvm/jdk-14.0.1/bin/java -jar /lab/itti/projects/checkers-competition/server/referee.jar on run_16_kjindal_vdhankar #####
INPUT for kjindal:
GAME
BLACK
299.66
.b.b.b.b
b.....b.
.b.b.b.b
b...b...
.....w.w
w.w.w.w.
.w.w....
w.w.w.w.
##### Running: /usr/bin/time -o time_16_kjindal_vdhankar.txt -f "%U" python3 homework.py > stulog.txt 2>&1 on kjindal #####
##### SUCCESS: /usr/bin/time -o time_16_kjindal_vdhankar.txt -f "%U" python3 homework.py > stulog.txt 2>&1 on kjindal #####
##### kjindal plays [E b6 c5] in 0.08s #####
##### Running: /usr/lib/jvm/jdk-14.0.1/bin/java -jar /lab/itti/projects/checkers-competition/server/referee.jar on run_16_kjindal_vdhankar #####
Move is valid
##### SUCCESS: /usr/lib/jvm/jdk-14.0.1/bin/java -jar /lab/itti/projects/checkers-competition/server/referee.jar on run_16_kjindal_vdhankar #####
INPUT for vdhankar:
GAME
WHITE
257.520864009857
.b.b.b.b
b.....b.
...b.b.b
b.b.b...
.....w.w
w.w.w.w.
.w.w....
w.w.w.w.
##### Running: /usr/bin/time -o time_16_kjindal_vdhankar.txt -f "%U" python3 homework.py > stulog.txt 2>&1 on vdhankar #####
child exited with value 1
##### ERROR: /usr/bin/time -o time_16_kjindal_vdhankar.txt -f "%U" python3 homework.py > stulog.txt 2>&1 on vdhankar #####
##### Output of failed program (stdout + stderr): #####
Traceback (most recent call last):
  File "homework.py", line 546, in <module>
    print(end-start)
NameError: name 'end' is not defined
##### End of output of failed program #####
##### vdhankar plays [E g1 f2] in 4.88312721252441s #####
##### Running: /usr/lib/jvm/jdk-14.0.1/bin/java -jar /lab/itti/projects/checkers-competition/server/referee.jar on run_16_kjindal_vdhankar #####
Move is valid
##### SUCCESS: /usr/lib/jvm/jdk-14.0.1/bin/java -jar /lab/itti/projects/checkers-competition/server/referee.jar on run_16_kjindal_vdhankar #####
INPUT for kjindal:
GAME
BLACK
299.58
.b.b.b.b
b.....b.
...b.b.b
b.b.b...
.....w.w
w.w.w.w.
.w.w.w..
w.w.w...
##### Running: /usr/bin/time -o time_16_kjindal_vdhankar.txt -f "%U" python3 homework.py > stulog.txt 2>&1 on kjindal #####
##### SUCCESS: /usr/bin/time -o time_16_kjindal_vdhankar.txt -f "%U" python3 homework.py > stulog.txt 2>&1 on kjindal #####
##### kjindal plays [E b8 c7] in 0.08s #####
##### Running: /usr/lib/jvm/jdk-14.0.1/bin/java -jar /lab/itti/projects/checkers-competition/server/referee.jar on run_16_kjindal_vdhankar #####
Move is valid
##### SUCCESS: /usr/lib/jvm/jdk-14.0.1/bin/java -jar /lab/itti/projects/checkers-competition/server/referee.jar on run_16_kjindal_vdhankar #####
INPUT for vdhankar:
GAME
WHITE
252.637736797333
...b.b.b
b.b...b.
...b.b.b
b.b.b...
.....w.w
w.w.w.w.
.w.w.w..
w.w.w...
##### Running: /usr/bin/time -o time_16_kjindal_vdhankar.txt -f "%U" python3 homework.py > stulog.txt 2>&1 on vdhankar #####
child exited with value 1
##### ERROR: /usr/bin/time -o time_16_kjindal_vdhankar.txt -f "%U" python3 homework.py > stulog.txt 2>&1 on vdhankar #####
##### Output of failed program (stdout + stderr): #####
Traceback (most recent call last):
  File "homework.py", line 546, in <module>
    print(end-start)
NameError: name 'end' is not defined
##### End of output of failed program #####
##### vdhankar plays [E c3 d4] in 1.4720561504364s #####
##### Running: /usr/lib/jvm/jdk-14.0.1/bin/java -jar /lab/itti/projects/checkers-competition/server/referee.jar on run_16_kjindal_vdhankar #####
Move is valid
##### SUCCESS: /usr/lib/jvm/jdk-14.0.1/bin/java -jar /lab/itti/projects/checkers-competition/server/referee.jar on run_16_kjindal_vdhankar #####
INPUT for kjindal:
GAME
BLACK
299.5
...b.b.b
b.b...b.
...b.b.b
b.b.b...
...w.w.w
w...w.w.
.w.w.w..
w.w.w...
##### Running: /usr/bin/time -o time_16_kjindal_vdhankar.txt -f "%U" python3 homework.py > stulog.txt 2>&1 on kjindal #####
##### SUCCESS: /usr/bin/time -o time_16_kjindal_vdhankar.txt -f "%U" python3 homework.py > stulog.txt 2>&1 on kjindal #####
##### kjindal plays [J e5 c3] in 0.06s #####
##### Running: /usr/lib/jvm/jdk-14.0.1/bin/java -jar /lab/itti/projects/checkers-competition/server/referee.jar on run_16_kjindal_vdhankar #####
Move is valid
##### SUCCESS: /usr/lib/jvm/jdk-14.0.1/bin/java -jar /lab/itti/projects/checkers-competition/server/referee.jar on run_16_kjindal_vdhankar #####
INPUT for vdhankar:
GAME
WHITE
251.165680646896
...b.b.b
b.b...b.
...b.b.b
b.b.....
.....w.w
w.b.w.w.
.w.w.w..
w.w.w...
##### Running: /usr/bin/time -o time_16_kjindal_vdhankar.txt -f "%U" python3 homework.py > stulog.txt 2>&1 on vdhankar #####
child exited with value 1
##### ERROR: /usr/bin/time -o time_16_kjindal_vdhankar.txt -f "%U" python3 homework.py > stulog.txt 2>&1 on vdhankar #####
##### Output of failed program (stdout + stderr): #####
Traceback (most recent call last):
  File "homework.py", line 546, in <module>
    print(end-start)
NameError: name 'end' is not defined
##### End of output of failed program #####
##### vdhankar plays [J b2 d4 ; J d4 b6] in 1.93423199653625s #####
##### Running: /usr/lib/jvm/jdk-14.0.1/bin/java -jar /lab/itti/projects/checkers-competition/server/referee.jar on run_16_kjindal_vdhankar #####
Move is valid
##### SUCCESS: /usr/lib/jvm/jdk-14.0.1/bin/java -jar /lab/itti/projects/checkers-competition/server/referee.jar on run_16_kjindal_vdhankar #####
INPUT for kjindal:
GAME
BLACK
299.44
...b.b.b
b.b...b.
.w.b.b.b
b.......
.....w.w
w...w.w.
...w.w..
w.w.w...
##### Running: /usr/bin/time -o time_16_kjindal_vdhankar.txt -f "%U" python3 homework.py > stulog.txt 2>&1 on kjindal #####
##### SUCCESS: /usr/bin/time -o time_16_kjindal_vdhankar.txt -f "%U" python3 homework.py > stulog.txt 2>&1 on kjindal #####
##### kjindal plays [J a7 c5] in 0.06s #####
##### Running: /usr/lib/jvm/jdk-14.0.1/bin/java -jar /lab/itti/projects/checkers-competition/server/referee.jar on run_16_kjindal_vdhankar #####
Move is valid
##### SUCCESS: /usr/lib/jvm/jdk-14.0.1/bin/java -jar /lab/itti/projects/checkers-competition/server/referee.jar on run_16_kjindal_vdhankar #####
INPUT for vdhankar:
GAME
WHITE
249.23144865036
...b.b.b
..b...b.
...b.b.b
b.b.....
.....w.w
w...w.w.
...w.w..
w.w.w...
##### Running: /usr/bin/time -o time_16_kjindal_vdhankar.txt -f "%U" python3 homework.py > stulog.txt 2>&1 on vdhankar #####
child exited with value 1
##### ERROR: /usr/bin/time -o time_16_kjindal_vdhankar.txt -f "%U" python3 homework.py > stulog.txt 2>&1 on vdhankar #####
##### Output of failed program (stdout + stderr): #####
Traceback (most recent call last):
  File "homework.py", line 546, in <module>
    print(end-start)
NameError: name 'end' is not defined
##### End of output of failed program #####
##### vdhankar plays [E d2 c3] in 14.20680809021s #####
##### Running: /usr/lib/jvm/jdk-14.0.1/bin/java -jar /lab/itti/projects/checkers-competition/server/referee.jar on run_16_kjindal_vdhankar #####
Move is valid
##### SUCCESS: /usr/lib/jvm/jdk-14.0.1/bin/java -jar /lab/itti/projects/checkers-competition/server/referee.jar on run_16_kjindal_vdhankar #####
INPUT for kjindal:
GAME
BLACK
299.38
...b.b.b
..b...b.
...b.b.b
b.b.....
.....w.w
w.w.w.w.
.....w..
w.w.w...
##### Running: /usr/bin/time -o time_16_kjindal_vdhankar.txt -f "%U" python3 homework.py > stulog.txt 2>&1 on kjindal #####
##### SUCCESS: /usr/bin/time -o time_16_kjindal_vdhankar.txt -f "%U" python3 homework.py > stulog.txt 2>&1 on kjindal #####
##### kjindal plays [E d6 e5] in 0.1s #####
##### Running: /usr/lib/jvm/jdk-14.0.1/bin/java -jar /lab/itti/projects/checkers-competition/server/referee.jar on run_16_kjindal_vdhankar #####
Move is valid
##### SUCCESS: /usr/lib/jvm/jdk-14.0.1/bin/java -jar /lab/itti/projects/checkers-competition/server/referee.jar on run_16_kjindal_vdhankar #####
INPUT for vdhankar:
GAME
WHITE
235.02464056015
...b.b.b
..b...b.
.....b.b
b.b.b...
.....w.w
w.w.w.w.
.....w..
w.w.w...
##### Running: /usr/bin/time -o time_16_kjindal_vdhankar.txt -f "%U" python3 homework.py > stulog.txt 2>&1 on vdhankar #####
child exited with value 1
##### ERROR: /usr/bin/time -o time_16_kjindal_vdhankar.txt -f "%U" python3 homework.py > stulog.txt 2>&1 on vdhankar #####
##### Output of failed program (stdout + stderr): #####
Traceback (most recent call last):
  File "homework.py", line 546, in <module>
    print(end-start)
NameError: name 'end' is not defined
##### End of output of failed program #####
##### vdhankar plays [J f4 d6 ; J d6 b8] in 5.00601696968079s #####
##### Running: /usr/lib/jvm/jdk-14.0.1/bin/java -jar /lab/itti/projects/checkers-competition/server/referee.jar on run_16_kjindal_vdhankar #####
Move is valid
##### SUCCESS: /usr/lib/jvm/jdk-14.0.1/bin/java -jar /lab/itti/projects/checkers-competition/server/referee.jar on run_16_kjindal_vdhankar #####
INPUT for kjindal:
GAME
BLACK
299.28
.W.b.b.b
......b.
.....b.b
b.b.....
.......w
w.w.w.w.
.....w..
w.w.w...
##### Running: /usr/bin/time -o time_16_kjindal_vdhankar.txt -f "%U" python3 homework.py > stulog.txt 2>&1 on kjindal #####
##### SUCCESS: /usr/bin/time -o time_16_kjindal_vdhankar.txt -f "%U" python3 homework.py > stulog.txt 2>&1 on kjindal #####
##### kjindal plays [E f6 e5] in 0.08s #####
##### Running: /usr/lib/jvm/jdk-14.0.1/bin/java -jar /lab/itti/projects/checkers-competition/server/referee.jar on run_16_kjindal_vdhankar #####
Move is valid
##### SUCCESS: /usr/lib/jvm/jdk-14.0.1/bin/java -jar /lab/itti/projects/checkers-competition/server/referee.jar on run_16_kjindal_vdhankar #####
INPUT for vdhankar:
GAME
WHITE
230.018623590469
.W.b.b.b
......b.
.......b
b.b.b...
.......w
w.w.w.w.
.....w..
w.w.w...
##### Running: /usr/bin/time -o time_16_kjindal_vdhankar.txt -f "%U" python3 homework.py > stulog.txt 2>&1 on vdhankar #####
child exited with value 1
##### ERROR: /usr/bin/time -o time_16_kjindal_vdhankar.txt -f "%U" python3 homework.py > stulog.txt 2>&1 on vdhankar #####
##### Output of failed program (stdout + stderr): #####
Traceback (most recent call last):
  File "homework.py", line 546, in <module>
    print(end-start)
NameError: name 'end' is not defined
##### End of output of failed program #####
##### vdhankar plays [E b8 a7] in 15.783716917038s #####
##### Running: /usr/lib/jvm/jdk-14.0.1/bin/java -jar /lab/itti/projects/checkers-competition/server/referee.jar on run_16_kjindal_vdhankar #####
Move is valid
##### SUCCESS: /usr/lib/jvm/jdk-14.0.1/bin/java -jar /lab/itti/projects/checkers-competition/server/referee.jar on run_16_kjindal_vdhankar #####
INPUT for kjindal:
GAME
BLACK
299.2
...b.b.b
W.....b.
.......b
b.b.b...
.......w
w.w.w.w.
.....w..
w.w.w...
##### Running: /usr/bin/time -o time_16_kjindal_vdhankar.txt -f "%U" python3 homework.py > stulog.txt 2>&1 on kjindal #####
##### SUCCESS: /usr/bin/time -o time_16_kjindal_vdhankar.txt -f "%U" python3 homework.py > stulog.txt 2>&1 on kjindal #####
##### kjindal plays [E g7 f6] in 0.08s #####
##### Running: /usr/lib/jvm/jdk-14.0.1/bin/java -jar /lab/itti/projects/checkers-competition/server/referee.jar on run_16_kjindal_vdhankar #####
Move is valid
##### SUCCESS: /usr/lib/jvm/jdk-14.0.1/bin/java -jar /lab/itti/projects/checkers-competition/server/referee.jar on run_16_kjindal_vdhankar #####
INPUT for vdhankar:
GAME
WHITE
214.234906673431
...b.b.b
W.......
.....b.b
b.b.b...
.......w
w.w.w.w.
.....w..
w.w.w...
##### Running: /usr/bin/time -o time_16_kjindal_vdhankar.txt -f "%U" python3 homework.py > stulog.txt 2>&1 on vdhankar #####
child exited with value 1
##### ERROR: /usr/bin/time -o time_16_kjindal_vdhankar.txt -f "%U" python3 homework.py > stulog.txt 2>&1 on vdhankar #####
##### Output of failed program (stdout + stderr): #####
Traceback (most recent call last):
  File "homework.py", line 546, in <module>
    print(end-start)
NameError: name 'end' is not defined
##### End of output of failed program #####
##### vdhankar plays [E c1 b2] in 32.8220238685608s #####
##### Running: /usr/lib/jvm/jdk-14.0.1/bin/java -jar /lab/itti/projects/checkers-competition/server/referee.jar on run_16_kjindal_vdhankar #####
Move is valid
##### SUCCESS: /usr/lib/jvm/jdk-14.0.1/bin/java -jar /lab/itti/projects/checkers-competition/server/referee.jar on run_16_kjindal_vdhankar #####
INPUT for kjindal:
GAME
BLACK
299.12
...b.b.b
W.......
.....b.b
b.b.b...
.......w
w.w.w.w.
.w...w..
w...w...
##### Running: /usr/bin/time -o time_16_kjindal_vdhankar.txt -f "%U" python3 homework.py > stulog.txt 2>&1 on kjindal #####
##### SUCCESS: /usr/bin/time -o time_16_kjindal_vdhankar.txt -f "%U" python3 homework.py > stulog.txt 2>&1 on kjindal #####
##### kjindal plays [E d8 c7] in 0.07s #####
##### Running: /usr/lib/jvm/jdk-14.0.1/bin/java -jar /lab/itti/projects/checkers-competition/server/referee.jar on run_16_kjindal_vdhankar #####
Move is valid
##### SUCCESS: /usr/lib/jvm/jdk-14.0.1/bin/java -jar /lab/itti/projects/checkers-competition/server/referee.jar on run_16_kjindal_vdhankar #####
INPUT for vdhankar:
GAME
WHITE
181.412882804871
.....b.b
W.b.....
.....b.b
b.b.b...
.......w
w.w.w.w.
.w...w..
w...w...
##### Running: /usr/bin/time -o time_16_kjindal_vdhankar.txt -f "%U" python3 homework.py > stulog.txt 2>&1 on vdhankar #####
child exited with value 1
##### ERROR: /usr/bin/time -o time_16_kjindal_vdhankar.txt -f "%U" python3 homework.py > stulog.txt 2>&1 on vdhankar #####
##### Output of failed program (stdout + stderr): #####
Traceback (most recent call last):
  File "homework.py", line 546, in <module>
    print(end-start)
NameError: name 'end' is not defined
##### End of output of failed program #####
##### vdhankar plays [E c3 d4] in 8.45447707176208s #####
##### Running: /usr/lib/jvm/jdk-14.0.1/bin/java -jar /lab/itti/projects/checkers-competition/server/referee.jar on run_16_kjindal_vdhankar #####
Move is valid
##### SUCCESS: /usr/lib/jvm/jdk-14.0.1/bin/java -jar /lab/itti/projects/checkers-competition/server/referee.jar on run_16_kjindal_vdhankar #####
INPUT for kjindal:
GAME
BLACK
299.05
.....b.b
W.b.....
.....b.b
b.b.b...
...w...w
w...w.w.
.w...w..
w...w...
##### Running: /usr/bin/time -o time_16_kjindal_vdhankar.txt -f "%U" python3 homework.py > stulog.txt 2>&1 on kjindal #####
##### SUCCESS: /usr/bin/time -o time_16_kjindal_vdhankar.txt -f "%U" python3 homework.py > stulog.txt 2>&1 on kjindal #####
##### kjindal plays [J e5 c3] in 0.05s #####
##### Running: /usr/lib/jvm/jdk-14.0.1/bin/java -jar /lab/itti/projects/checkers-competition/server/referee.jar on run_16_kjindal_vdhankar #####
Move is valid
##### SUCCESS: /usr/lib/jvm/jdk-14.0.1/bin/java -jar /lab/itti/projects/checkers-competition/server/referee.jar on run_16_kjindal_vdhankar #####
INPUT for vdhankar:
GAME
WHITE
172.958405733109
.....b.b
W.b.....
.....b.b
b.b.....
.......w
w.b.w.w.
.w...w..
w...w...
##### Running: /usr/bin/time -o time_16_kjindal_vdhankar.txt -f "%U" python3 homework.py > stulog.txt 2>&1 on vdhankar #####
child exited with value 1
##### ERROR: /usr/bin/time -o time_16_kjindal_vdhankar.txt -f "%U" python3 homework.py > stulog.txt 2>&1 on vdhankar #####
##### Output of failed program (stdout + stderr): #####
Traceback (most recent call last):
  File "homework.py", line 546, in <module>
    print(end-start)
NameError: name 'end' is not defined
##### End of output of failed program #####
##### vdhankar plays [J b2 d4 ; J d4 b6 ; J b6 d8] in 3.29075598716736s #####
##### Running: /usr/lib/jvm/jdk-14.0.1/bin/java -jar /lab/itti/projects/checkers-competition/server/referee.jar on run_16_kjindal_vdhankar #####
Move is valid
##### SUCCESS: /usr/lib/jvm/jdk-14.0.1/bin/java -jar /lab/itti/projects/checkers-competition/server/referee.jar on run_16_kjindal_vdhankar #####
INPUT for kjindal:
GAME
BLACK
299
...W.b.b
W.......
.....b.b
b.......
.......w
w...w.w.
.....w..
w...w...
##### Running: /usr/bin/time -o time_16_kjindal_vdhankar.txt -f "%U" python3 homework.py > stulog.txt 2>&1 on kjindal #####
##### SUCCESS: /usr/bin/time -o time_16_kjindal_vdhankar.txt -f "%U" python3 homework.py > stulog.txt 2>&1 on kjindal #####
##### kjindal plays [E f6 e5] in 0.08s #####
##### Running: /usr/lib/jvm/jdk-14.0.1/bin/java -jar /lab/itti/projects/checkers-competition/server/referee.jar on run_16_kjindal_vdhankar #####
Move is valid
##### SUCCESS: /usr/lib/jvm/jdk-14.0.1/bin/java -jar /lab/itti/projects/checkers-competition/server/referee.jar on run_16_kjindal_vdhankar #####
INPUT for vdhankar:
GAME
WHITE
169.667649745941
...W.b.b
W.......
.......b
b...b...
.......w
w...w.w.
.....w..
w...w...
##### Running: /usr/bin/time -o time_16_kjindal_vdhankar.txt -f "%U" python3 homework.py > stulog.txt 2>&1 on vdhankar #####
child exited with value 1
##### ERROR: /usr/bin/time -o time_16_kjindal_vdhankar.txt -f "%U" python3 homework.py > stulog.txt 2>&1 on vdhankar #####
##### Output of failed program (stdout + stderr): #####
Traceback (most recent call last):
  File "homework.py", line 546, in <module>
    print(end-start)
NameError: name 'end' is not defined
##### End of output of failed program #####
##### vdhankar plays [E d8 c7] in 9.06554913520813s #####
##### Running: /usr/lib/jvm/jdk-14.0.1/bin/java -jar /lab/itti/projects/checkers-competition/server/referee.jar on run_16_kjindal_vdhankar #####
Move is valid
##### SUCCESS: /usr/lib/jvm/jdk-14.0.1/bin/java -jar /lab/itti/projects/checkers-competition/server/referee.jar on run_16_kjindal_vdhankar #####
INPUT for kjindal:
GAME
BLACK
298.92
.....b.b
W.W.....
.......b
b...b...
.......w
w...w.w.
.....w..
w...w...
##### Running: /usr/bin/time -o time_16_kjindal_vdhankar.txt -f "%U" python3 homework.py > stulog.txt 2>&1 on kjindal #####
##### SUCCESS: /usr/bin/time -o time_16_kjindal_vdhankar.txt -f "%U" python3 homework.py > stulog.txt 2>&1 on kjindal #####
##### kjindal plays [E f8 e7] in 0.08s #####
##### Running: /usr/lib/jvm/jdk-14.0.1/bin/java -jar /lab/itti/projects/checkers-competition/server/referee.jar on run_16_kjindal_vdhankar #####
Move is valid
##### SUCCESS: /usr/lib/jvm/jdk-14.0.1/bin/java -jar /lab/itti/projects/checkers-competition/server/referee.jar on run_16_kjindal_vdhankar #####
INPUT for vdhankar:
GAME
WHITE
160.602100610733
.......b
W.W.b...
.......b
b...b...
.......w
w...w.w.
.....w..
w...w...
##### Running: /usr/bin/time -o time_16_kjindal_vdhankar.txt -f "%U" python3 homework.py > stulog.txt 2>&1 on vdhankar #####
child exited with value 1
##### ERROR: /usr/bin/time -o time_16_kjindal_vdhankar.txt -f "%U" python3 homework.py > stulog.txt 2>&1 on vdhankar #####
##### Output of failed program (stdout + stderr): #####
Traceback (most recent call last):
  File "homework.py", line 546, in <module>
    print(end-start)
NameError: name 'end' is not defined
##### End of output of failed program #####
##### vdhankar plays [E a7 b6] in 12.3136098384857s #####
##### Running: /usr/lib/jvm/jdk-14.0.1/bin/java -jar /lab/itti/projects/checkers-competition/server/referee.jar on run_16_kjindal_vdhankar #####
Move is valid
##### SUCCESS: /usr/lib/jvm/jdk-14.0.1/bin/java -jar /lab/itti/projects/checkers-competition/server/referee.jar on run_16_kjindal_vdhankar #####
INPUT for kjindal:
GAME
BLACK
298.84
.......b
..W.b...
.W.....b
b...b...
.......w
w...w.w.
.....w..
w...w...
##### Running: /usr/bin/time -o time_16_kjindal_vdhankar.txt -f "%U" python3 homework.py > stulog.txt 2>&1 on kjindal #####
##### SUCCESS: /usr/bin/time -o time_16_kjindal_vdhankar.txt -f "%U" python3 homework.py > stulog.txt 2>&1 on kjindal #####
##### kjindal plays [E e7 d6] in 0.07s #####
##### Running: /usr/lib/jvm/jdk-14.0.1/bin/java -jar /lab/itti/projects/checkers-competition/server/referee.jar on run_16_kjindal_vdhankar #####
Move is valid
##### SUCCESS: /usr/lib/jvm/jdk-14.0.1/bin/java -jar /lab/itti/projects/checkers-competition/server/referee.jar on run_16_kjindal_vdhankar #####
INPUT for vdhankar:
GAME
WHITE
148.288490772247
.......b
..W.....
.W.b...b
b...b...
.......w
w...w.w.
.....w..
w...w...
##### Running: /usr/bin/time -o time_16_kjindal_vdhankar.txt -f "%U" python3 homework.py > stulog.txt 2>&1 on vdhankar #####
child exited with value 1
##### ERROR: /usr/bin/time -o time_16_kjindal_vdhankar.txt -f "%U" python3 homework.py > stulog.txt 2>&1 on vdhankar #####
##### Output of failed program (stdout + stderr): #####
Traceback (most recent call last):
  File "homework.py", line 546, in <module>
    print(end-start)
NameError: name 'end' is not defined
##### End of output of failed program #####
##### vdhankar plays [E e3 f4] in 6.38571691513062s #####
##### Running: /usr/lib/jvm/jdk-14.0.1/bin/java -jar /lab/itti/projects/checkers-competition/server/referee.jar on run_16_kjindal_vdhankar #####
Move is valid
##### SUCCESS: /usr/lib/jvm/jdk-14.0.1/bin/java -jar /lab/itti/projects/checkers-competition/server/referee.jar on run_16_kjindal_vdhankar #####
INPUT for kjindal:
GAME
BLACK
298.77
.......b
..W.....
.W.b...b
b...b...
.....w.w
w.....w.
.....w..
w...w...
##### Running: /usr/bin/time -o time_16_kjindal_vdhankar.txt -f "%U" python3 homework.py > stulog.txt 2>&1 on kjindal #####
##### SUCCESS: /usr/bin/time -o time_16_kjindal_vdhankar.txt -f "%U" python3 homework.py > stulog.txt 2>&1 on kjindal #####
##### kjindal plays [E h8 g7] in 0.06s #####
##### Running: /usr/lib/jvm/jdk-14.0.1/bin/java -jar /lab/itti/projects/checkers-competition/server/referee.jar on run_16_kjindal_vdhankar #####
Move is valid
##### SUCCESS: /usr/lib/jvm/jdk-14.0.1/bin/java -jar /lab/itti/projects/checkers-competition/server/referee.jar on run_16_kjindal_vdhankar #####
INPUT for vdhankar:
GAME
WHITE
141.902773857117
........
..W...b.
.W.b...b
b...b...
.....w.w
w.....w.
.....w..
w...w...
##### Running: /usr/bin/time -o time_16_kjindal_vdhankar.txt -f "%U" python3 homework.py > stulog.txt 2>&1 on vdhankar #####
child exited with value 1
##### ERROR: /usr/bin/time -o time_16_kjindal_vdhankar.txt -f "%U" python3 homework.py > stulog.txt 2>&1 on vdhankar #####
##### Output of failed program (stdout + stderr): #####
Traceback (most recent call last):
  File "homework.py", line 546, in <module>
    print(end-start)
NameError: name 'end' is not defined
##### End of output of failed program #####
##### vdhankar plays [E f2 e3] in 4.93908882141113s #####
##### Running: /usr/lib/jvm/jdk-14.0.1/bin/java -jar /lab/itti/projects/checkers-competition/server/referee.jar on run_16_kjindal_vdhankar #####
Move is valid
##### SUCCESS: /usr/lib/jvm/jdk-14.0.1/bin/java -jar /lab/itti/projects/checkers-competition/server/referee.jar on run_16_kjindal_vdhankar #####
INPUT for kjindal:
GAME
BLACK
298.71
........
..W...b.
.W.b...b
b...b...
.....w.w
w...w.w.
........
w...w...
##### Running: /usr/bin/time -o time_16_kjindal_vdhankar.txt -f "%U" python3 homework.py > stulog.txt 2>&1 on kjindal #####
##### SUCCESS: /usr/bin/time -o time_16_kjindal_vdhankar.txt -f "%U" python3 homework.py > stulog.txt 2>&1 on kjindal #####
##### kjindal plays [E g7 f6] in 0.07s #####
##### Running: /usr/lib/jvm/jdk-14.0.1/bin/java -jar /lab/itti/projects/checkers-competition/server/referee.jar on run_16_kjindal_vdhankar #####
Move is valid
##### SUCCESS: /usr/lib/jvm/jdk-14.0.1/bin/java -jar /lab/itti/projects/checkers-competition/server/referee.jar on run_16_kjindal_vdhankar #####
INPUT for vdhankar:
GAME
WHITE
136.963685035706
........
..W.....
.W.b.b.b
b...b...
.....w.w
w...w.w.
........
w...w...
##### Running: /usr/bin/time -o time_16_kjindal_vdhankar.txt -f "%U" python3 homework.py > stulog.txt 2>&1 on vdhankar #####
child exited with value 1
##### ERROR: /usr/bin/time -o time_16_kjindal_vdhankar.txt -f "%U" python3 homework.py > stulog.txt 2>&1 on vdhankar #####
##### Output of failed program (stdout + stderr): #####
Traceback (most recent call last):
  File "homework.py", line 546, in <module>
    print(end-start)
NameError: name 'end' is not defined
##### End of output of failed program #####
##### vdhankar plays [E e3 d4] in 1.65418314933777s #####
##### Running: /usr/lib/jvm/jdk-14.0.1/bin/java -jar /lab/itti/projects/checkers-competition/server/referee.jar on run_16_kjindal_vdhankar #####
Move is valid
##### SUCCESS: /usr/lib/jvm/jdk-14.0.1/bin/java -jar /lab/itti/projects/checkers-competition/server/referee.jar on run_16_kjindal_vdhankar #####
INPUT for kjindal:
GAME
BLACK
298.64
........
..W.....
.W.b.b.b
b...b...
...w.w.w
w.....w.
........
w...w...
##### Running: /usr/bin/time -o time_16_kjindal_vdhankar.txt -f "%U" python3 homework.py > stulog.txt 2>&1 on kjindal #####
##### SUCCESS: /usr/bin/time -o time_16_kjindal_vdhankar.txt -f "%U" python3 homework.py > stulog.txt 2>&1 on kjindal #####
##### kjindal plays [J e5 c3] in 0.06s #####
##### Running: /usr/lib/jvm/jdk-14.0.1/bin/java -jar /lab/itti/projects/checkers-competition/server/referee.jar on run_16_kjindal_vdhankar #####
Move is valid
##### SUCCESS: /usr/lib/jvm/jdk-14.0.1/bin/java -jar /lab/itti/projects/checkers-competition/server/referee.jar on run_16_kjindal_vdhankar #####
INPUT for vdhankar:
GAME
WHITE
135.309501886368
........
..W.....
.W.b.b.b
b.......
.....w.w
w.b...w.
........
w...w...
##### Running: /usr/bin/time -o time_16_kjindal_vdhankar.txt -f "%U" python3 homework.py > stulog.txt 2>&1 on vdhankar #####
child exited with value 1
##### ERROR: /usr/bin/time -o time_16_kjindal_vdhankar.txt -f "%U" python3 homework.py > stulog.txt 2>&1 on vdhankar #####
##### Output of failed program (stdout + stderr): #####
Traceback (most recent call last):
  File "homework.py", line 546, in <module>
    print(end-start)
NameError: name 'end' is not defined
##### End of output of failed program #####
##### vdhankar plays [J c7 e5 ; J e5 g7] in 0.37965989112854s #####
##### Running: /usr/lib/jvm/jdk-14.0.1/bin/java -jar /lab/itti/projects/checkers-competition/server/referee.jar on run_16_kjindal_vdhankar #####
Move is valid
##### SUCCESS: /usr/lib/jvm/jdk-14.0.1/bin/java -jar /lab/itti/projects/checkers-competition/server/referee.jar on run_16_kjindal_vdhankar #####
INPUT for kjindal:
GAME
BLACK
298.58
........
......W.
.W.....b
b.......
.....w.w
w.b...w.
........
w...w...
##### Running: /usr/bin/time -o time_16_kjindal_vdhankar.txt -f "%U" python3 homework.py > stulog.txt 2>&1 on kjindal #####
##### SUCCESS: /usr/bin/time -o time_16_kjindal_vdhankar.txt -f "%U" python3 homework.py > stulog.txt 2>&1 on kjindal #####
##### kjindal plays [E c3 b2] in 0.06s #####
##### Running: /usr/lib/jvm/jdk-14.0.1/bin/java -jar /lab/itti/projects/checkers-competition/server/referee.jar on run_16_kjindal_vdhankar #####
Move is valid
##### SUCCESS: /usr/lib/jvm/jdk-14.0.1/bin/java -jar /lab/itti/projects/checkers-competition/server/referee.jar on run_16_kjindal_vdhankar #####
INPUT for vdhankar:
GAME
WHITE
134.929841995239
........
......W.
.W.....b
b.......
.....w.w
w.....w.
.b......
w...w...
##### Running: /usr/bin/time -o time_16_kjindal_vdhankar.txt -f "%U" python3 homework.py > stulog.txt 2>&1 on vdhankar #####
child exited with value 1
##### ERROR: /usr/bin/time -o time_16_kjindal_vdhankar.txt -f "%U" python3 homework.py > stulog.txt 2>&1 on vdhankar #####
##### Output of failed program (stdout + stderr): #####
Traceback (most recent call last):
  File "homework.py", line 546, in <module>
    print(end-start)
NameError: name 'end' is not defined
##### End of output of failed program #####
##### vdhankar plays [J a1 c3] in 0.356112003326416s #####
##### Running: /usr/lib/jvm/jdk-14.0.1/bin/java -jar /lab/itti/projects/checkers-competition/server/referee.jar on run_16_kjindal_vdhankar #####
Move is valid
##### SUCCESS: /usr/lib/jvm/jdk-14.0.1/bin/java -jar /lab/itti/projects/checkers-competition/server/referee.jar on run_16_kjindal_vdhankar #####
INPUT for kjindal:
GAME
BLACK
298.52
........
......W.
.W.....b
b.......
.....w.w
w.w...w.
........
....w...
##### Running: /usr/bin/time -o time_16_kjindal_vdhankar.txt -f "%U" python3 homework.py > stulog.txt 2>&1 on kjindal #####
##### SUCCESS: /usr/bin/time -o time_16_kjindal_vdhankar.txt -f "%U" python3 homework.py > stulog.txt 2>&1 on kjindal #####
##### kjindal plays [E h6 g5] in 0.05s #####
##### Running: /usr/lib/jvm/jdk-14.0.1/bin/java -jar /lab/itti/projects/checkers-competition/server/referee.jar on run_16_kjindal_vdhankar #####
Move is valid
##### SUCCESS: /usr/lib/jvm/jdk-14.0.1/bin/java -jar /lab/itti/projects/checkers-competition/server/referee.jar on run_16_kjindal_vdhankar #####
INPUT for vdhankar:
GAME
WHITE
134.573729991913
........
......W.
.W......
b.....b.
.....w.w
w.w...w.
........
....w...
##### Running: /usr/bin/time -o time_16_kjindal_vdhankar.txt -f "%U" python3 homework.py > stulog.txt 2>&1 on vdhankar #####
child exited with value 1
##### ERROR: /usr/bin/time -o time_16_kjindal_vdhankar.txt -f "%U" python3 homework.py > stulog.txt 2>&1 on vdhankar #####
##### Output of failed program (stdout + stderr): #####
Traceback (most recent call last):
  File "homework.py", line 546, in <module>
    print(end-start)
NameError: name 'end' is not defined
##### End of output of failed program #####
##### vdhankar plays [J f4 h6] in 0.444098949432373s #####
##### Running: /usr/lib/jvm/jdk-14.0.1/bin/java -jar /lab/itti/projects/checkers-competition/server/referee.jar on run_16_kjindal_vdhankar #####
Move is valid
##### SUCCESS: /usr/lib/jvm/jdk-14.0.1/bin/java -jar /lab/itti/projects/checkers-competition/server/referee.jar on run_16_kjindal_vdhankar #####
INPUT for kjindal:
GAME
BLACK
298.47
........
......W.
.W.....w
b.......
.......w
w.w...w.
........
....w...
##### Running: /usr/bin/time -o time_16_kjindal_vdhankar.txt -f "%U" python3 homework.py > stulog.txt 2>&1 on kjindal #####
##### SUCCESS: /usr/bin/time -o time_16_kjindal_vdhankar.txt -f "%U" python3 homework.py > stulog.txt 2>&1 on kjindal #####
##### kjindal plays [E a5 b4] in 0.05s #####
##### Running: /usr/lib/jvm/jdk-14.0.1/bin/java -jar /lab/itti/projects/checkers-competition/server/referee.jar on run_16_kjindal_vdhankar #####
Move is valid
##### SUCCESS: /usr/lib/jvm/jdk-14.0.1/bin/java -jar /lab/itti/projects/checkers-competition/server/referee.jar on run_16_kjindal_vdhankar #####
INPUT for vdhankar:
GAME
WHITE
134.12963104248
........
......W.
.W.....w
........
.b.....w
w.w...w.
........
....w...
##### Running: /usr/bin/time -o time_16_kjindal_vdhankar.txt -f "%U" python3 homework.py > stulog.txt 2>&1 on vdhankar #####
child exited with value 1
##### ERROR: /usr/bin/time -o time_16_kjindal_vdhankar.txt -f "%U" python3 homework.py > stulog.txt 2>&1 on vdhankar #####
##### Output of failed program (stdout + stderr): #####
Traceback (most recent call last):
  File "homework.py", line 546, in <module>
    print(end-start)
NameError: name 'end' is not defined
##### End of output of failed program #####
##### vdhankar plays [J a3 c5] in 0.373986959457397s #####
##### Running: /usr/lib/jvm/jdk-14.0.1/bin/java -jar /lab/itti/projects/checkers-competition/server/referee.jar on run_16_kjindal_vdhankar #####
Move is valid
After this move, player BLACK cannot make any moves
*** Winner: WHITE ***
##### SUCCESS: /usr/lib/jvm/jdk-14.0.1/bin/java -jar /lab/itti/projects/checkers-competition/server/referee.jar on run_16_kjindal_vdhankar #####
##### GAME OVER: vdhankar wins the game! #####
Server said: WIN
########## ROUND 16 GAMESCORE AFTER GAME 2: kjindal=1 and vdhankar=1 ##########
#################### ROUND 16: kjindal (W) vs vdhankar (B): game 3 ####################
##### game start! #####
INPUT for vdhankar:
GAME
BLACK
300
.b.b.b.b
b.b.b.b.
.b.b.b.b
........
........
w.w.w.w.
.w.w.w.w
w.w.w.w.
##### Running: /usr/bin/time -o time_16_kjindal_vdhankar.txt -f "%U" python3 homework.py > stulog.txt 2>&1 on vdhankar #####
child exited with value 1
##### ERROR: /usr/bin/time -o time_16_kjindal_vdhankar.txt -f "%U" python3 homework.py > stulog.txt 2>&1 on vdhankar #####
##### Output of failed program (stdout + stderr): #####
Traceback (most recent call last):
  File "homework.py", line 546, in <module>
    print(end-start)
NameError: name 'end' is not defined
##### End of output of failed program #####
##### vdhankar plays [E h6 g5] in 12.1587340831757s #####
##### Running: /usr/lib/jvm/jdk-14.0.1/bin/java -jar /lab/itti/projects/checkers-competition/server/referee.jar on run_16_kjindal_vdhankar #####
Move is valid
Couldn't read file 'current_ply.txt'
Couldn't read content from file 'current_ply.txt'
Couldn't read file 'lastmatchange_ply.txt'
Couldn't read content from file 'lastmatchange_ply.txt'
##### SUCCESS: /usr/lib/jvm/jdk-14.0.1/bin/java -jar /lab/itti/projects/checkers-competition/server/referee.jar on run_16_kjindal_vdhankar #####
INPUT for kjindal:
GAME
WHITE
300
.b.b.b.b
b.b.b.b.
.b.b.b..
......b.
........
w.w.w.w.
.w.w.w.w
w.w.w.w.
##### Running: /usr/bin/time -o time_16_kjindal_vdhankar.txt -f "%U" python3 homework.py > stulog.txt 2>&1 on kjindal #####
##### SUCCESS: /usr/bin/time -o time_16_kjindal_vdhankar.txt -f "%U" python3 homework.py > stulog.txt 2>&1 on kjindal #####
##### kjindal plays [E g3 h4] in 0.08s #####
##### Running: /usr/lib/jvm/jdk-14.0.1/bin/java -jar /lab/itti/projects/checkers-competition/server/referee.jar on run_16_kjindal_vdhankar #####
Move is valid
##### SUCCESS: /usr/lib/jvm/jdk-14.0.1/bin/java -jar /lab/itti/projects/checkers-competition/server/referee.jar on run_16_kjindal_vdhankar #####
INPUT for vdhankar:
GAME
BLACK
287.841265916824
.b.b.b.b
b.b.b.b.
.b.b.b..
......b.
.......w
w.w.w...
.w.w.w.w
w.w.w.w.
##### Running: /usr/bin/time -o time_16_kjindal_vdhankar.txt -f "%U" python3 homework.py > stulog.txt 2>&1 on vdhankar #####
child exited with value 1
##### ERROR: /usr/bin/time -o time_16_kjindal_vdhankar.txt -f "%U" python3 homework.py > stulog.txt 2>&1 on vdhankar #####
##### Output of failed program (stdout + stderr): #####
Traceback (most recent call last):
  File "homework.py", line 546, in <module>
    print(end-start)
NameError: name 'end' is not defined
##### End of output of failed program #####
##### vdhankar plays [E f6 e5] in 13.3417780399323s #####
##### Running: /usr/lib/jvm/jdk-14.0.1/bin/java -jar /lab/itti/projects/checkers-competition/server/referee.jar on run_16_kjindal_vdhankar #####
Move is valid
##### SUCCESS: /usr/lib/jvm/jdk-14.0.1/bin/java -jar /lab/itti/projects/checkers-competition/server/referee.jar on run_16_kjindal_vdhankar #####
INPUT for kjindal:
GAME
WHITE
299.92
.b.b.b.b
b.b.b.b.
.b.b....
....b.b.
.......w
w.w.w...
.w.w.w.w
w.w.w.w.
##### Running: /usr/bin/time -o time_16_kjindal_vdhankar.txt -f "%U" python3 homework.py > stulog.txt 2>&1 on kjindal #####
##### SUCCESS: /usr/bin/time -o time_16_kjindal_vdhankar.txt -f "%U" python3 homework.py > stulog.txt 2>&1 on kjindal #####
##### kjindal plays [J h4 f6] in 0.05s #####
##### Running: /usr/lib/jvm/jdk-14.0.1/bin/java -jar /lab/itti/projects/checkers-competition/server/referee.jar on run_16_kjindal_vdhankar #####
Move is valid
##### SUCCESS: /usr/lib/jvm/jdk-14.0.1/bin/java -jar /lab/itti/projects/checkers-competition/server/referee.jar on run_16_kjindal_vdhankar #####
INPUT for vdhankar:
GAME
BLACK
274.499487876892
.b.b.b.b
b.b.b.b.
.b.b.w..
....b...
........
w.w.w...
.w.w.w.w
w.w.w.w.
##### Running: /usr/bin/time -o time_16_kjindal_vdhankar.txt -f "%U" python3 homework.py > stulog.txt 2>&1 on vdhankar #####
child exited with value 1
##### ERROR: /usr/bin/time -o time_16_kjindal_vdhankar.txt -f "%U" python3 homework.py > stulog.txt 2>&1 on vdhankar #####
##### Output of failed program (stdout + stderr): #####
Traceback (most recent call last):
  File "homework.py", line 546, in <module>
    print(end-start)
NameError: name 'end' is not defined
##### End of output of failed program #####
##### vdhankar plays [J e7 g5] in 8.88276600837708s #####
##### Running: /usr/lib/jvm/jdk-14.0.1/bin/java -jar /lab/itti/projects/checkers-competition/server/referee.jar on run_16_kjindal_vdhankar #####
Move is valid
##### SUCCESS: /usr/lib/jvm/jdk-14.0.1/bin/java -jar /lab/itti/projects/checkers-competition/server/referee.jar on run_16_kjindal_vdhankar #####
INPUT for kjindal:
GAME
WHITE
299.87
.b.b.b.b
b.b...b.
.b.b....
....b.b.
........
w.w.w...
.w.w.w.w
w.w.w.w.
##### Running: /usr/bin/time -o time_16_kjindal_vdhankar.txt -f "%U" python3 homework.py > stulog.txt 2>&1 on kjindal #####
##### SUCCESS: /usr/bin/time -o time_16_kjindal_vdhankar.txt -f "%U" python3 homework.py > stulog.txt 2>&1 on kjindal #####
##### kjindal plays [E c3 d4] in 0.07s #####
##### Running: /usr/lib/jvm/jdk-14.0.1/bin/java -jar /lab/itti/projects/checkers-competition/server/referee.jar on run_16_kjindal_vdhankar #####
Move is valid
##### SUCCESS: /usr/lib/jvm/jdk-14.0.1/bin/java -jar /lab/itti/projects/checkers-competition/server/referee.jar on run_16_kjindal_vdhankar #####
INPUT for vdhankar:
GAME
BLACK
265.616721868515
.b.b.b.b
b.b...b.
.b.b....
....b.b.
...w....
w...w...
.w.w.w.w
w.w.w.w.
##### Running: /usr/bin/time -o time_16_kjindal_vdhankar.txt -f "%U" python3 homework.py > stulog.txt 2>&1 on vdhankar #####
child exited with value 1
##### ERROR: /usr/bin/time -o time_16_kjindal_vdhankar.txt -f "%U" python3 homework.py > stulog.txt 2>&1 on vdhankar #####
##### Output of failed program (stdout + stderr): #####
Traceback (most recent call last):
  File "homework.py", line 546, in <module>
    print(end-start)
NameError: name 'end' is not defined
##### End of output of failed program #####
##### vdhankar plays [J e5 c3] in 4.50455212593079s #####
##### Running: /usr/lib/jvm/jdk-14.0.1/bin/java -jar /lab/itti/projects/checkers-competition/server/referee.jar on run_16_kjindal_vdhankar #####
Move is valid
##### SUCCESS: /usr/lib/jvm/jdk-14.0.1/bin/java -jar /lab/itti/projects/checkers-competition/server/referee.jar on run_16_kjindal_vdhankar #####
INPUT for kjindal:
GAME
WHITE
299.8
.b.b.b.b
b.b...b.
.b.b....
......b.
........
w.b.w...
.w.w.w.w
w.w.w.w.
##### Running: /usr/bin/time -o time_16_kjindal_vdhankar.txt -f "%U" python3 homework.py > stulog.txt 2>&1 on kjindal #####
##### SUCCESS: /usr/bin/time -o time_16_kjindal_vdhankar.txt -f "%U" python3 homework.py > stulog.txt 2>&1 on kjindal #####
##### kjindal plays [J b2 d4] in 0.05s #####
##### Running: /usr/lib/jvm/jdk-14.0.1/bin/java -jar /lab/itti/projects/checkers-competition/server/referee.jar on run_16_kjindal_vdhankar #####
Move is valid
##### SUCCESS: /usr/lib/jvm/jdk-14.0.1/bin/java -jar /lab/itti/projects/checkers-competition/server/referee.jar on run_16_kjindal_vdhankar #####
INPUT for vdhankar:
GAME
BLACK
261.112169742584
.b.b.b.b
b.b...b.
.b.b....
......b.
...w....
w...w...
...w.w.w
w.w.w.w.
##### Running: /usr/bin/time -o time_16_kjindal_vdhankar.txt -f "%U" python3 homework.py > stulog.txt 2>&1 on vdhankar #####
child exited with value 1
##### ERROR: /usr/bin/time -o time_16_kjindal_vdhankar.txt -f "%U" python3 homework.py > stulog.txt 2>&1 on vdhankar #####
##### Output of failed program (stdout + stderr): #####
Traceback (most recent call last):
  File "homework.py", line 546, in <module>
    print(end-start)
NameError: name 'end' is not defined
##### End of output of failed program #####
##### vdhankar plays [E g5 h4] in 29.5349190235138s #####
##### Running: /usr/lib/jvm/jdk-14.0.1/bin/java -jar /lab/itti/projects/checkers-competition/server/referee.jar on run_16_kjindal_vdhankar #####
Move is valid
##### SUCCESS: /usr/lib/jvm/jdk-14.0.1/bin/java -jar /lab/itti/projects/checkers-competition/server/referee.jar on run_16_kjindal_vdhankar #####
INPUT for kjindal:
GAME
WHITE
299.75
.b.b.b.b
b.b...b.
.b.b....
........
...w...b
w...w...
...w.w.w
w.w.w.w.
##### Running: /usr/bin/time -o time_16_kjindal_vdhankar.txt -f "%U" python3 homework.py > stulog.txt 2>&1 on kjindal #####
##### SUCCESS: /usr/bin/time -o time_16_kjindal_vdhankar.txt -f "%U" python3 homework.py > stulog.txt 2>&1 on kjindal #####
##### kjindal plays [E d4 e5] in 0.09s #####
##### Running: /usr/lib/jvm/jdk-14.0.1/bin/java -jar /lab/itti/projects/checkers-competition/server/referee.jar on run_16_kjindal_vdhankar #####
Move is valid
##### SUCCESS: /usr/lib/jvm/jdk-14.0.1/bin/java -jar /lab/itti/projects/checkers-competition/server/referee.jar on run_16_kjindal_vdhankar #####
INPUT for vdhankar:
GAME
BLACK
231.57725071907
.b.b.b.b
b.b...b.
.b.b....
....w...
.......b
w...w...
...w.w.w
w.w.w.w.
##### Running: /usr/bin/time -o time_16_kjindal_vdhankar.txt -f "%U" python3 homework.py > stulog.txt 2>&1 on vdhankar #####
child exited with value 1
##### ERROR: /usr/bin/time -o time_16_kjindal_vdhankar.txt -f "%U" python3 homework.py > stulog.txt 2>&1 on vdhankar #####
##### Output of failed program (stdout + stderr): #####
Traceback (most recent call last):
  File "homework.py", line 546, in <module>
    print(end-start)
NameError: name 'end' is not defined
##### End of output of failed program #####
##### vdhankar plays [J d6 f4] in 3.87868404388428s #####
##### Running: /usr/lib/jvm/jdk-14.0.1/bin/java -jar /lab/itti/projects/checkers-competition/server/referee.jar on run_16_kjindal_vdhankar #####
Move is valid
##### SUCCESS: /usr/lib/jvm/jdk-14.0.1/bin/java -jar /lab/itti/projects/checkers-competition/server/referee.jar on run_16_kjindal_vdhankar #####
INPUT for kjindal:
GAME
WHITE
299.66
.b.b.b.b
b.b...b.
.b......
........
.....b.b
w...w...
...w.w.w
w.w.w.w.
##### Running: /usr/bin/time -o time_16_kjindal_vdhankar.txt -f "%U" python3 homework.py > stulog.txt 2>&1 on kjindal #####
##### SUCCESS: /usr/bin/time -o time_16_kjindal_vdhankar.txt -f "%U" python3 homework.py > stulog.txt 2>&1 on kjindal #####
##### kjindal plays [J e3 g5] in 0.04s #####
##### Running: /usr/lib/jvm/jdk-14.0.1/bin/java -jar /lab/itti/projects/checkers-competition/server/referee.jar on run_16_kjindal_vdhankar #####
Move is valid
##### SUCCESS: /usr/lib/jvm/jdk-14.0.1/bin/java -jar /lab/itti/projects/checkers-competition/server/referee.jar on run_16_kjindal_vdhankar #####
INPUT for vdhankar:
GAME
BLACK
227.698566675186
.b.b.b.b
b.b...b.
.b......
......w.
.......b
w.......
...w.w.w
w.w.w.w.
##### Running: /usr/bin/time -o time_16_kjindal_vdhankar.txt -f "%U" python3 homework.py > stulog.txt 2>&1 on vdhankar #####
child exited with value 1
##### ERROR: /usr/bin/time -o time_16_kjindal_vdhankar.txt -f "%U" python3 homework.py > stulog.txt 2>&1 on vdhankar #####
##### Output of failed program (stdout + stderr): #####
Traceback (most recent call last):
  File "homework.py", line 546, in <module>
    print(end-start)
NameError: name 'end' is not defined
##### End of output of failed program #####
##### vdhankar plays [E c7 d6] in 63.8160490989685s #####
##### Running: /usr/lib/jvm/jdk-14.0.1/bin/java -jar /lab/itti/projects/checkers-competition/server/referee.jar on run_16_kjindal_vdhankar #####
Move is valid
##### SUCCESS: /usr/lib/jvm/jdk-14.0.1/bin/java -jar /lab/itti/projects/checkers-competition/server/referee.jar on run_16_kjindal_vdhankar #####
INPUT for kjindal:
GAME
WHITE
299.62
.b.b.b.b
b.....b.
.b.b....
......w.
.......b
w.......
...w.w.w
w.w.w.w.
##### Running: /usr/bin/time -o time_16_kjindal_vdhankar.txt -f "%U" python3 homework.py > stulog.txt 2>&1 on kjindal #####
##### SUCCESS: /usr/bin/time -o time_16_kjindal_vdhankar.txt -f "%U" python3 homework.py > stulog.txt 2>&1 on kjindal #####
##### kjindal plays [E g5 h6] in 0.08s #####
##### Running: /usr/lib/jvm/jdk-14.0.1/bin/java -jar /lab/itti/projects/checkers-competition/server/referee.jar on run_16_kjindal_vdhankar #####
Move is valid
##### SUCCESS: /usr/lib/jvm/jdk-14.0.1/bin/java -jar /lab/itti/projects/checkers-competition/server/referee.jar on run_16_kjindal_vdhankar #####
INPUT for vdhankar:
GAME
BLACK
163.882517576218
.b.b.b.b
b.....b.
.b.b...w
........
.......b
w.......
...w.w.w
w.w.w.w.
##### Running: /usr/bin/time -o time_16_kjindal_vdhankar.txt -f "%U" python3 homework.py > stulog.txt 2>&1 on vdhankar #####
child exited with value 1
##### ERROR: /usr/bin/time -o time_16_kjindal_vdhankar.txt -f "%U" python3 homework.py > stulog.txt 2>&1 on vdhankar #####
##### Output of failed program (stdout + stderr): #####
Traceback (most recent call last):
  File "homework.py", line 546, in <module>
    print(end-start)
NameError: name 'end' is not defined
##### End of output of failed program #####
##### vdhankar plays [E b6 a5] in 49.5330879688263s #####
##### Running: /usr/lib/jvm/jdk-14.0.1/bin/java -jar /lab/itti/projects/checkers-competition/server/referee.jar on run_16_kjindal_vdhankar #####
Move is valid
##### SUCCESS: /usr/lib/jvm/jdk-14.0.1/bin/java -jar /lab/itti/projects/checkers-competition/server/referee.jar on run_16_kjindal_vdhankar #####
INPUT for kjindal:
GAME
WHITE
299.54
.b.b.b.b
b.....b.
...b...w
b.......
.......b
w.......
...w.w.w
w.w.w.w.
##### Running: /usr/bin/time -o time_16_kjindal_vdhankar.txt -f "%U" python3 homework.py > stulog.txt 2>&1 on kjindal #####
##### SUCCESS: /usr/bin/time -o time_16_kjindal_vdhankar.txt -f "%U" python3 homework.py > stulog.txt 2>&1 on kjindal #####
##### kjindal plays [E d2 c3] in 0.05s #####
##### Running: /usr/lib/jvm/jdk-14.0.1/bin/java -jar /lab/itti/projects/checkers-competition/server/referee.jar on run_16_kjindal_vdhankar #####
Move is valid
##### SUCCESS: /usr/lib/jvm/jdk-14.0.1/bin/java -jar /lab/itti/projects/checkers-competition/server/referee.jar on run_16_kjindal_vdhankar #####
INPUT for vdhankar:
GAME
BLACK
114.349429607391
.b.b.b.b
b.....b.
...b...w
b.......
.......b
w.w.....
.....w.w
w.w.w.w.
##### Running: /usr/bin/time -o time_16_kjindal_vdhankar.txt -f "%U" python3 homework.py > stulog.txt 2>&1 on vdhankar #####
child exited with value 1
##### ERROR: /usr/bin/time -o time_16_kjindal_vdhankar.txt -f "%U" python3 homework.py > stulog.txt 2>&1 on vdhankar #####
##### Output of failed program (stdout + stderr): #####
Traceback (most recent call last):
  File "homework.py", line 546, in <module>
    print(end-start)
NameError: name 'end' is not defined
##### End of output of failed program #####
##### vdhankar plays [E g7 f6] in 29.6372859477997s #####
##### Running: /usr/lib/jvm/jdk-14.0.1/bin/java -jar /lab/itti/projects/checkers-competition/server/referee.jar on run_16_kjindal_vdhankar #####
Move is valid
##### SUCCESS: /usr/lib/jvm/jdk-14.0.1/bin/java -jar /lab/itti/projects/checkers-competition/server/referee.jar on run_16_kjindal_vdhankar #####
INPUT for kjindal:
GAME
WHITE
299.49
.b.b.b.b
b.......
...b.b.w
b.......
.......b
w.w.....
.....w.w
w.w.w.w.
##### Running: /usr/bin/time -o time_16_kjindal_vdhankar.txt -f "%U" python3 homework.py > stulog.txt 2>&1 on kjindal #####
##### SUCCESS: /usr/bin/time -o time_16_kjindal_vdhankar.txt -f "%U" python3 homework.py > stulog.txt 2>&1 on kjindal #####
##### kjindal plays [E c3 d4] in 0.06s #####
##### Running: /usr/lib/jvm/jdk-14.0.1/bin/java -jar /lab/itti/projects/checkers-competition/server/referee.jar on run_16_kjindal_vdhankar #####
Move is valid
##### SUCCESS: /usr/lib/jvm/jdk-14.0.1/bin/java -jar /lab/itti/projects/checkers-competition/server/referee.jar on run_16_kjindal_vdhankar #####
INPUT for vdhankar:
GAME
BLACK
84.7121436595917
.b.b.b.b
b.......
...b.b.w
b.......
...w...b
w.......
.....w.w
w.w.w.w.
##### Running: /usr/bin/time -o time_16_kjindal_vdhankar.txt -f "%U" python3 homework.py > stulog.txt 2>&1 on vdhankar #####
child exited with value 1
##### ERROR: /usr/bin/time -o time_16_kjindal_vdhankar.txt -f "%U" python3 homework.py > stulog.txt 2>&1 on vdhankar #####
##### Output of failed program (stdout + stderr): #####
Traceback (most recent call last):
  File "homework.py", line 546, in <module>
    print(end-start)
NameError: name 'end' is not defined
##### End of output of failed program #####
##### vdhankar plays [E d6 e5] in 28.3610050678253s #####
##### Running: /usr/lib/jvm/jdk-14.0.1/bin/java -jar /lab/itti/projects/checkers-competition/server/referee.jar on run_16_kjindal_vdhankar #####
Move is valid
##### SUCCESS: /usr/lib/jvm/jdk-14.0.1/bin/java -jar /lab/itti/projects/checkers-competition/server/referee.jar on run_16_kjindal_vdhankar #####
INPUT for kjindal:
GAME
WHITE
299.43
.b.b.b.b
b.......
.....b.w
b...b...
...w...b
w.......
.....w.w
w.w.w.w.
##### Running: /usr/bin/time -o time_16_kjindal_vdhankar.txt -f "%U" python3 homework.py > stulog.txt 2>&1 on kjindal #####
##### SUCCESS: /usr/bin/time -o time_16_kjindal_vdhankar.txt -f "%U" python3 homework.py > stulog.txt 2>&1 on kjindal #####
##### kjindal plays [E d4 c5] in 0.07s #####
##### Running: /usr/lib/jvm/jdk-14.0.1/bin/java -jar /lab/itti/projects/checkers-competition/server/referee.jar on run_16_kjindal_vdhankar #####
Move is valid
##### SUCCESS: /usr/lib/jvm/jdk-14.0.1/bin/java -jar /lab/itti/projects/checkers-competition/server/referee.jar on run_16_kjindal_vdhankar #####
INPUT for vdhankar:
GAME
BLACK
56.3511385917664
.b.b.b.b
b.......
.....b.w
b.w.b...
.......b
w.......
.....w.w
w.w.w.w.
##### Running: /usr/bin/time -o time_16_kjindal_vdhankar.txt -f "%U" python3 homework.py > stulog.txt 2>&1 on vdhankar #####
child exited with value 1
##### ERROR: /usr/bin/time -o time_16_kjindal_vdhankar.txt -f "%U" python3 homework.py > stulog.txt 2>&1 on vdhankar #####
##### Output of failed program (stdout + stderr): #####
Traceback (most recent call last):
  File "homework.py", line 546, in <module>
    print(end-start)
NameError: name 'end' is not defined
##### End of output of failed program #####
##### vdhankar plays [E f6 g5] in 24.1853129863739s #####
##### Running: /usr/lib/jvm/jdk-14.0.1/bin/java -jar /lab/itti/projects/checkers-competition/server/referee.jar on run_16_kjindal_vdhankar #####
Move is valid
##### SUCCESS: /usr/lib/jvm/jdk-14.0.1/bin/java -jar /lab/itti/projects/checkers-competition/server/referee.jar on run_16_kjindal_vdhankar #####
INPUT for kjindal:
GAME
WHITE
299.36
.b.b.b.b
b.......
.......w
b.w.b.b.
.......b
w.......
.....w.w
w.w.w.w.
##### Running: /usr/bin/time -o time_16_kjindal_vdhankar.txt -f "%U" python3 homework.py > stulog.txt 2>&1 on kjindal #####
##### SUCCESS: /usr/bin/time -o time_16_kjindal_vdhankar.txt -f "%U" python3 homework.py > stulog.txt 2>&1 on kjindal #####
##### kjindal plays [E c5 b6] in 0.07s #####
##### Running: /usr/lib/jvm/jdk-14.0.1/bin/java -jar /lab/itti/projects/checkers-competition/server/referee.jar on run_16_kjindal_vdhankar #####
Move is valid
##### SUCCESS: /usr/lib/jvm/jdk-14.0.1/bin/java -jar /lab/itti/projects/checkers-competition/server/referee.jar on run_16_kjindal_vdhankar #####
INPUT for vdhankar:
GAME
BLACK
32.1658256053925
.b.b.b.b
b.......
.w.....w
b...b.b.
.......b
w.......
.....w.w
w.w.w.w.
##### Running: /usr/bin/time -o time_16_kjindal_vdhankar.txt -f "%U" python3 homework.py > stulog.txt 2>&1 on vdhankar #####
child exited with value 1
##### ERROR: /usr/bin/time -o time_16_kjindal_vdhankar.txt -f "%U" python3 homework.py > stulog.txt 2>&1 on vdhankar #####
##### Output of failed program (stdout + stderr): #####
Traceback (most recent call last):
  File "homework.py", line 546, in <module>
    print(end-start)
NameError: name 'end' is not defined
##### End of output of failed program #####
##### vdhankar plays [J a7 c5] in 5.18608999252319s #####
##### Running: /usr/lib/jvm/jdk-14.0.1/bin/java -jar /lab/itti/projects/checkers-competition/server/referee.jar on run_16_kjindal_vdhankar #####
Move is valid
##### SUCCESS: /usr/lib/jvm/jdk-14.0.1/bin/java -jar /lab/itti/projects/checkers-competition/server/referee.jar on run_16_kjindal_vdhankar #####
INPUT for kjindal:
GAME
WHITE
299.29
.b.b.b.b
........
.......w
b.b.b.b.
.......b
w.......
.....w.w
w.w.w.w.
##### Running: /usr/bin/time -o time_16_kjindal_vdhankar.txt -f "%U" python3 homework.py > stulog.txt 2>&1 on kjindal #####
##### SUCCESS: /usr/bin/time -o time_16_kjindal_vdhankar.txt -f "%U" python3 homework.py > stulog.txt 2>&1 on kjindal #####
##### kjindal plays [E f2 e3] in 0.04s #####
##### Running: /usr/lib/jvm/jdk-14.0.1/bin/java -jar /lab/itti/projects/checkers-competition/server/referee.jar on run_16_kjindal_vdhankar #####
Move is valid
##### SUCCESS: /usr/lib/jvm/jdk-14.0.1/bin/java -jar /lab/itti/projects/checkers-competition/server/referee.jar on run_16_kjindal_vdhankar #####
INPUT for vdhankar:
GAME
BLACK
26.9797356128693
.b.b.b.b
........
.......w
b.b.b.b.
.......b
w...w...
.......w
w.w.w.w.
##### Running: /usr/bin/time -o time_16_kjindal_vdhankar.txt -f "%U" python3 homework.py > stulog.txt 2>&1 on vdhankar #####
child exited with value 1
##### ERROR: /usr/bin/time -o time_16_kjindal_vdhankar.txt -f "%U" python3 homework.py > stulog.txt 2>&1 on vdhankar #####
##### Output of failed program (stdout + stderr): #####
Traceback (most recent call last):
  File "homework.py", line 546, in <module>
    print(end-start)
NameError: name 'end' is not defined
##### End of output of failed program #####
##### vdhankar plays [E f8 e7] in 14.3082180023193s #####
##### Running: /usr/lib/jvm/jdk-14.0.1/bin/java -jar /lab/itti/projects/checkers-competition/server/referee.jar on run_16_kjindal_vdhankar #####
Move is valid
##### SUCCESS: /usr/lib/jvm/jdk-14.0.1/bin/java -jar /lab/itti/projects/checkers-competition/server/referee.jar on run_16_kjindal_vdhankar #####
INPUT for kjindal:
GAME
WHITE
299.25
.b.b...b
....b...
.......w
b.b.b.b.
.......b
w...w...
.......w
w.w.w.w.
##### Running: /usr/bin/time -o time_16_kjindal_vdhankar.txt -f "%U" python3 homework.py > stulog.txt 2>&1 on kjindal #####
##### SUCCESS: /usr/bin/time -o time_16_kjindal_vdhankar.txt -f "%U" python3 homework.py > stulog.txt 2>&1 on kjindal #####
##### kjindal plays [E a3 b4] in 0.05s #####
##### Running: /usr/lib/jvm/jdk-14.0.1/bin/java -jar /lab/itti/projects/checkers-competition/server/referee.jar on run_16_kjindal_vdhankar #####
Move is valid
##### SUCCESS: /usr/lib/jvm/jdk-14.0.1/bin/java -jar /lab/itti/projects/checkers-competition/server/referee.jar on run_16_kjindal_vdhankar #####
INPUT for vdhankar:
GAME
BLACK
12.6715176105499
.b.b...b
....b...
.......w
b.b.b.b.
.w.....b
....w...
.......w
w.w.w.w.
##### Running: /usr/bin/time -o time_16_kjindal_vdhankar.txt -f "%U" python3 homework.py > stulog.txt 2>&1 on vdhankar #####
child exited with value 1
##### ERROR: /usr/bin/time -o time_16_kjindal_vdhankar.txt -f "%U" python3 homework.py > stulog.txt 2>&1 on vdhankar #####
##### Output of failed program (stdout + stderr): #####
Traceback (most recent call last):
  File "homework.py", line 546, in <module>
    print(end-start)
NameError: name 'end' is not defined
##### End of output of failed program #####
##### vdhankar plays [J c5 a3] in 0.274877071380615s #####
##### Running: /usr/lib/jvm/jdk-14.0.1/bin/java -jar /lab/itti/projects/checkers-competition/server/referee.jar on run_16_kjindal_vdhankar #####
Move is valid
##### SUCCESS: /usr/lib/jvm/jdk-14.0.1/bin/java -jar /lab/itti/projects/checkers-competition/server/referee.jar on run_16_kjindal_vdhankar #####
INPUT for kjindal:
GAME
WHITE
299.2
.b.b...b
....b...
.......w
b...b.b.
.......b
b...w...
.......w
w.w.w.w.
##### Running: /usr/bin/time -o time_16_kjindal_vdhankar.txt -f "%U" python3 homework.py > stulog.txt 2>&1 on kjindal #####
##### SUCCESS: /usr/bin/time -o time_16_kjindal_vdhankar.txt -f "%U" python3 homework.py > stulog.txt 2>&1 on kjindal #####
##### kjindal plays [E h2 g3] in 0.05s #####
##### Running: /usr/lib/jvm/jdk-14.0.1/bin/java -jar /lab/itti/projects/checkers-competition/server/referee.jar on run_16_kjindal_vdhankar #####
Move is valid
##### SUCCESS: /usr/lib/jvm/jdk-14.0.1/bin/java -jar /lab/itti/projects/checkers-competition/server/referee.jar on run_16_kjindal_vdhankar #####
INPUT for vdhankar:
GAME
BLACK
12.3966405391693
.b.b...b
....b...
.......w
b...b.b.
.......b
b...w.w.
........
w.w.w.w.
##### Running: /usr/bin/time -o time_16_kjindal_vdhankar.txt -f "%U" python3 homework.py > stulog.txt 2>&1 on vdhankar #####
child exited with value 1
##### ERROR: /usr/bin/time -o time_16_kjindal_vdhankar.txt -f "%U" python3 homework.py > stulog.txt 2>&1 on vdhankar #####
##### Output of failed program (stdout + stderr): #####
Traceback (most recent call last):
  File "homework.py", line 546, in <module>
    print(end-start)
NameError: name 'end' is not defined
##### End of output of failed program #####
##### vdhankar plays [J h4 f2] in 0.27546501159668s #####
##### Running: /usr/lib/jvm/jdk-14.0.1/bin/java -jar /lab/itti/projects/checkers-competition/server/referee.jar on run_16_kjindal_vdhankar #####
Move is valid
##### SUCCESS: /usr/lib/jvm/jdk-14.0.1/bin/java -jar /lab/itti/projects/checkers-competition/server/referee.jar on run_16_kjindal_vdhankar #####
INPUT for kjindal:
GAME
WHITE
299.15
.b.b...b
....b...
.......w
b...b.b.
........
b...w...
.....b..
w.w.w.w.
##### Running: /usr/bin/time -o time_16_kjindal_vdhankar.txt -f "%U" python3 homework.py > stulog.txt 2>&1 on kjindal #####
##### SUCCESS: /usr/bin/time -o time_16_kjindal_vdhankar.txt -f "%U" python3 homework.py > stulog.txt 2>&1 on kjindal #####
##### kjindal plays [J e1 g3] in 0.04s #####
##### Running: /usr/lib/jvm/jdk-14.0.1/bin/java -jar /lab/itti/projects/checkers-competition/server/referee.jar on run_16_kjindal_vdhankar #####
Move is valid
##### SUCCESS: /usr/lib/jvm/jdk-14.0.1/bin/java -jar /lab/itti/projects/checkers-competition/server/referee.jar on run_16_kjindal_vdhankar #####
INPUT for vdhankar:
GAME
BLACK
12.1211755275726
.b.b...b
....b...
.......w
b...b.b.
........
b...w.w.
........
w.w...w.
##### Running: /usr/bin/time -o time_16_kjindal_vdhankar.txt -f "%U" python3 homework.py > stulog.txt 2>&1 on vdhankar #####
child exited with value 1
##### ERROR: /usr/bin/time -o time_16_kjindal_vdhankar.txt -f "%U" python3 homework.py > stulog.txt 2>&1 on vdhankar #####
##### Output of failed program (stdout + stderr): #####
Traceback (most recent call last):
  File "homework.py", line 546, in <module>
    print(end-start)
NameError: name 'end' is not defined
##### End of output of failed program #####
##### vdhankar plays [E a5 b4] in 0.319436073303223s #####
##### Running: /usr/lib/jvm/jdk-14.0.1/bin/java -jar /lab/itti/projects/checkers-competition/server/referee.jar on run_16_kjindal_vdhankar #####
Move is valid
##### SUCCESS: /usr/lib/jvm/jdk-14.0.1/bin/java -jar /lab/itti/projects/checkers-competition/server/referee.jar on run_16_kjindal_vdhankar #####
INPUT for kjindal:
GAME
WHITE
299.11
.b.b...b
....b...
.......w
....b.b.
.b......
b...w.w.
........
w.w...w.
##### Running: /usr/bin/time -o time_16_kjindal_vdhankar.txt -f "%U" python3 homework.py > stulog.txt 2>&1 on kjindal #####
##### SUCCESS: /usr/bin/time -o time_16_kjindal_vdhankar.txt -f "%U" python3 homework.py > stulog.txt 2>&1 on kjindal #####
##### kjindal plays [E g3 h4] in 0.05s #####
##### Running: /usr/lib/jvm/jdk-14.0.1/bin/java -jar /lab/itti/projects/checkers-competition/server/referee.jar on run_16_kjindal_vdhankar #####
Move is valid
##### SUCCESS: /usr/lib/jvm/jdk-14.0.1/bin/java -jar /lab/itti/projects/checkers-competition/server/referee.jar on run_16_kjindal_vdhankar #####
INPUT for vdhankar:
GAME
BLACK
11.8017394542694
.b.b...b
....b...
.......w
....b.b.
.b.....w
b...w...
........
w.w...w.
##### Running: /usr/bin/time -o time_16_kjindal_vdhankar.txt -f "%U" python3 homework.py > stulog.txt 2>&1 on vdhankar #####
child exited with value 1
##### ERROR: /usr/bin/time -o time_16_kjindal_vdhankar.txt -f "%U" python3 homework.py > stulog.txt 2>&1 on vdhankar #####
##### Output of failed program (stdout + stderr): #####
Traceback (most recent call last):
  File "homework.py", line 546, in <module>
    print(end-start)
NameError: name 'end' is not defined
##### End of output of failed program #####
##### vdhankar plays [E e5 f4] in 0.225022077560425s #####
##### Running: /usr/lib/jvm/jdk-14.0.1/bin/java -jar /lab/itti/projects/checkers-competition/server/referee.jar on run_16_kjindal_vdhankar #####
Move is valid
##### SUCCESS: /usr/lib/jvm/jdk-14.0.1/bin/java -jar /lab/itti/projects/checkers-competition/server/referee.jar on run_16_kjindal_vdhankar #####
INPUT for kjindal:
GAME
WHITE
299.06
.b.b...b
....b...
.......w
......b.
.b...b.w
b...w...
........
w.w...w.
##### Running: /usr/bin/time -o time_16_kjindal_vdhankar.txt -f "%U" python3 homework.py > stulog.txt 2>&1 on kjindal #####
##### SUCCESS: /usr/bin/time -o time_16_kjindal_vdhankar.txt -f "%U" python3 homework.py > stulog.txt 2>&1 on kjindal #####
##### kjindal plays [J h4 f6] in 0.03s #####
##### Running: /usr/lib/jvm/jdk-14.0.1/bin/java -jar /lab/itti/projects/checkers-competition/server/referee.jar on run_16_kjindal_vdhankar #####
Move is valid
##### SUCCESS: /usr/lib/jvm/jdk-14.0.1/bin/java -jar /lab/itti/projects/checkers-competition/server/referee.jar on run_16_kjindal_vdhankar #####
INPUT for vdhankar:
GAME
BLACK
11.576717376709
.b.b...b
....b...
.....w.w
........
.b...b..
b...w...
........
w.w...w.
##### Running: /usr/bin/time -o time_16_kjindal_vdhankar.txt -f "%U" python3 homework.py > stulog.txt 2>&1 on vdhankar #####
child exited with value 1
##### ERROR: /usr/bin/time -o time_16_kjindal_vdhankar.txt -f "%U" python3 homework.py > stulog.txt 2>&1 on vdhankar #####
##### Output of failed program (stdout + stderr): #####
Traceback (most recent call last):
  File "homework.py", line 546, in <module>
    print(end-start)
NameError: name 'end' is not defined
##### End of output of failed program #####
##### vdhankar plays [J f4 d2] in 0.23912501335144s #####
##### Running: /usr/lib/jvm/jdk-14.0.1/bin/java -jar /lab/itti/projects/checkers-competition/server/referee.jar on run_16_kjindal_vdhankar #####
Move is valid
##### SUCCESS: /usr/lib/jvm/jdk-14.0.1/bin/java -jar /lab/itti/projects/checkers-competition/server/referee.jar on run_16_kjindal_vdhankar #####
INPUT for kjindal:
GAME
WHITE
299.03
.b.b...b
....b...
.....w.w
........
.b......
b.......
...b....
w.w...w.
##### Running: /usr/bin/time -o time_16_kjindal_vdhankar.txt -f "%U" python3 homework.py > stulog.txt 2>&1 on kjindal #####
##### SUCCESS: /usr/bin/time -o time_16_kjindal_vdhankar.txt -f "%U" python3 homework.py > stulog.txt 2>&1 on kjindal #####
##### kjindal plays [J c1 e3] in 0.03s #####
##### Running: /usr/lib/jvm/jdk-14.0.1/bin/java -jar /lab/itti/projects/checkers-competition/server/referee.jar on run_16_kjindal_vdhankar #####
Move is valid
##### SUCCESS: /usr/lib/jvm/jdk-14.0.1/bin/java -jar /lab/itti/projects/checkers-competition/server/referee.jar on run_16_kjindal_vdhankar #####
INPUT for vdhankar:
GAME
BLACK
11.3375923633575
.b.b...b
....b...
.....w.w
........
.b......
b...w...
........
w.....w.
##### Running: /usr/bin/time -o time_16_kjindal_vdhankar.txt -f "%U" python3 homework.py > stulog.txt 2>&1 on vdhankar #####
child exited with value 1
##### ERROR: /usr/bin/time -o time_16_kjindal_vdhankar.txt -f "%U" python3 homework.py > stulog.txt 2>&1 on vdhankar #####
##### Output of failed program (stdout + stderr): #####
Traceback (most recent call last):
  File "homework.py", line 546, in <module>
    print(end-start)
NameError: name 'end' is not defined
##### End of output of failed program #####
##### vdhankar plays [J e7 g5] in 0.211788892745972s #####
##### Running: /usr/lib/jvm/jdk-14.0.1/bin/java -jar /lab/itti/projects/checkers-competition/server/referee.jar on run_16_kjindal_vdhankar #####
Move is valid
##### SUCCESS: /usr/lib/jvm/jdk-14.0.1/bin/java -jar /lab/itti/projects/checkers-competition/server/referee.jar on run_16_kjindal_vdhankar #####
INPUT for kjindal:
GAME
WHITE
299
.b.b...b
........
.......w
......b.
.b......
b...w...
........
w.....w.
##### Running: /usr/bin/time -o time_16_kjindal_vdhankar.txt -f "%U" python3 homework.py > stulog.txt 2>&1 on kjindal #####
##### SUCCESS: /usr/bin/time -o time_16_kjindal_vdhankar.txt -f "%U" python3 homework.py > stulog.txt 2>&1 on kjindal #####
##### kjindal plays [E e3 d4] in 0.04s #####
##### Running: /usr/lib/jvm/jdk-14.0.1/bin/java -jar /lab/itti/projects/checkers-competition/server/referee.jar on run_16_kjindal_vdhankar #####
Move is valid
##### SUCCESS: /usr/lib/jvm/jdk-14.0.1/bin/java -jar /lab/itti/projects/checkers-competition/server/referee.jar on run_16_kjindal_vdhankar #####
INPUT for vdhankar:
GAME
BLACK
11.1258034706116
.b.b...b
........
.......w
......b.
.b.w....
b.......
........
w.....w.
##### Running: /usr/bin/time -o time_16_kjindal_vdhankar.txt -f "%U" python3 homework.py > stulog.txt 2>&1 on vdhankar #####
child exited with value 1
##### ERROR: /usr/bin/time -o time_16_kjindal_vdhankar.txt -f "%U" python3 homework.py > stulog.txt 2>&1 on vdhankar #####
##### Output of failed program (stdout + stderr): #####
Traceback (most recent call last):
  File "homework.py", line 546, in <module>
    print(end-start)
NameError: name 'end' is not defined
##### End of output of failed program #####
##### vdhankar plays [E g5 h4] in 0.490156888961792s #####
##### Running: /usr/lib/jvm/jdk-14.0.1/bin/java -jar /lab/itti/projects/checkers-competition/server/referee.jar on run_16_kjindal_vdhankar #####
Move is valid
##### SUCCESS: /usr/lib/jvm/jdk-14.0.1/bin/java -jar /lab/itti/projects/checkers-competition/server/referee.jar on run_16_kjindal_vdhankar #####
INPUT for kjindal:
GAME
WHITE
298.96
.b.b...b
........
.......w
........
.b.w...b
b.......
........
w.....w.
##### Running: /usr/bin/time -o time_16_kjindal_vdhankar.txt -f "%U" python3 homework.py > stulog.txt 2>&1 on kjindal #####
##### SUCCESS: /usr/bin/time -o time_16_kjindal_vdhankar.txt -f "%U" python3 homework.py > stulog.txt 2>&1 on kjindal #####
##### kjindal plays [E d4 e5] in 0.05s #####
##### Running: /usr/lib/jvm/jdk-14.0.1/bin/java -jar /lab/itti/projects/checkers-competition/server/referee.jar on run_16_kjindal_vdhankar #####
Move is valid
##### SUCCESS: /usr/lib/jvm/jdk-14.0.1/bin/java -jar /lab/itti/projects/checkers-competition/server/referee.jar on run_16_kjindal_vdhankar #####
INPUT for vdhankar:
GAME
BLACK
10.6356465816498
.b.b...b
........
.......w
....w...
.b.....b
b.......
........
w.....w.
##### Running: /usr/bin/time -o time_16_kjindal_vdhankar.txt -f "%U" python3 homework.py > stulog.txt 2>&1 on vdhankar #####
child exited with value 1
##### ERROR: /usr/bin/time -o time_16_kjindal_vdhankar.txt -f "%U" python3 homework.py > stulog.txt 2>&1 on vdhankar #####
##### Output of failed program (stdout + stderr): #####
Traceback (most recent call last):
  File "homework.py", line 546, in <module>
    print(end-start)
NameError: name 'end' is not defined
##### End of output of failed program #####
##### vdhankar plays [E h4 g3] in 0.280058860778809s #####
##### Running: /usr/lib/jvm/jdk-14.0.1/bin/java -jar /lab/itti/projects/checkers-competition/server/referee.jar on run_16_kjindal_vdhankar #####
Move is valid
##### SUCCESS: /usr/lib/jvm/jdk-14.0.1/bin/java -jar /lab/itti/projects/checkers-competition/server/referee.jar on run_16_kjindal_vdhankar #####
INPUT for kjindal:
GAME
WHITE
298.91
.b.b...b
........
.......w
....w...
.b......
b.....b.
........
w.....w.
##### Running: /usr/bin/time -o time_16_kjindal_vdhankar.txt -f "%U" python3 homework.py > stulog.txt 2>&1 on kjindal #####
##### SUCCESS: /usr/bin/time -o time_16_kjindal_vdhankar.txt -f "%U" python3 homework.py > stulog.txt 2>&1 on kjindal #####
##### kjindal plays [E g1 h2] in 0.06s #####
##### Running: /usr/lib/jvm/jdk-14.0.1/bin/java -jar /lab/itti/projects/checkers-competition/server/referee.jar on run_16_kjindal_vdhankar #####
Move is valid
##### SUCCESS: /usr/lib/jvm/jdk-14.0.1/bin/java -jar /lab/itti/projects/checkers-competition/server/referee.jar on run_16_kjindal_vdhankar #####
INPUT for vdhankar:
GAME
BLACK
10.355587720871
.b.b...b
........
.......w
....w...
.b......
b.....b.
.......w
w.......
##### Running: /usr/bin/time -o time_16_kjindal_vdhankar.txt -f "%U" python3 homework.py > stulog.txt 2>&1 on vdhankar #####
child exited with value 1
##### ERROR: /usr/bin/time -o time_16_kjindal_vdhankar.txt -f "%U" python3 homework.py > stulog.txt 2>&1 on vdhankar #####
##### Output of failed program (stdout + stderr): #####
Traceback (most recent call last):
  File "homework.py", line 546, in <module>
    print(end-start)
NameError: name 'end' is not defined
##### End of output of failed program #####
##### vdhankar plays [E g3 f2] in 0.414189100265503s #####
##### Running: /usr/lib/jvm/jdk-14.0.1/bin/java -jar /lab/itti/projects/checkers-competition/server/referee.jar on run_16_kjindal_vdhankar #####
Move is valid
##### SUCCESS: /usr/lib/jvm/jdk-14.0.1/bin/java -jar /lab/itti/projects/checkers-competition/server/referee.jar on run_16_kjindal_vdhankar #####
INPUT for kjindal:
GAME
WHITE
298.85
.b.b...b
........
.......w
....w...
.b......
b.......
.....b.w
w.......
##### Running: /usr/bin/time -o time_16_kjindal_vdhankar.txt -f "%U" python3 homework.py > stulog.txt 2>&1 on kjindal #####
##### SUCCESS: /usr/bin/time -o time_16_kjindal_vdhankar.txt -f "%U" python3 homework.py > stulog.txt 2>&1 on kjindal #####
##### kjindal plays [E e5 d6] in 0.05s #####
##### Running: /usr/lib/jvm/jdk-14.0.1/bin/java -jar /lab/itti/projects/checkers-competition/server/referee.jar on run_16_kjindal_vdhankar #####
Move is valid
##### SUCCESS: /usr/lib/jvm/jdk-14.0.1/bin/java -jar /lab/itti/projects/checkers-competition/server/referee.jar on run_16_kjindal_vdhankar #####
INPUT for vdhankar:
GAME
BLACK
9.94139862060547
.b.b...b
........
...w...w
........
.b......
b.......
.....b.w
w.......
##### Running: /usr/bin/time -o time_16_kjindal_vdhankar.txt -f "%U" python3 homework.py > stulog.txt 2>&1 on vdhankar #####
child exited with value 1
##### ERROR: /usr/bin/time -o time_16_kjindal_vdhankar.txt -f "%U" python3 homework.py > stulog.txt 2>&1 on vdhankar #####
##### Output of failed program (stdout + stderr): #####
Traceback (most recent call last):
  File "homework.py", line 546, in <module>
    print(end-start)
NameError: name 'end' is not defined
##### End of output of failed program #####
##### vdhankar plays [E f2 g1] in 0.246013879776001s #####
##### Running: /usr/lib/jvm/jdk-14.0.1/bin/java -jar /lab/itti/projects/checkers-competition/server/referee.jar on run_16_kjindal_vdhankar #####
Move is valid
##### SUCCESS: /usr/lib/jvm/jdk-14.0.1/bin/java -jar /lab/itti/projects/checkers-competition/server/referee.jar on run_16_kjindal_vdhankar #####
INPUT for kjindal:
GAME
WHITE
298.8
.b.b...b
........
...w...w
........
.b......
b.......
.......w
w.....B.
##### Running: /usr/bin/time -o time_16_kjindal_vdhankar.txt -f "%U" python3 homework.py > stulog.txt 2>&1 on kjindal #####
##### SUCCESS: /usr/bin/time -o time_16_kjindal_vdhankar.txt -f "%U" python3 homework.py > stulog.txt 2>&1 on kjindal #####
##### kjindal plays [E d6 c7] in 0.05s #####
##### Running: /usr/lib/jvm/jdk-14.0.1/bin/java -jar /lab/itti/projects/checkers-competition/server/referee.jar on run_16_kjindal_vdhankar #####
Move is valid
##### SUCCESS: /usr/lib/jvm/jdk-14.0.1/bin/java -jar /lab/itti/projects/checkers-competition/server/referee.jar on run_16_kjindal_vdhankar #####
INPUT for vdhankar:
GAME
BLACK
9.69538474082947
.b.b...b
..w.....
.......w
........
.b......
b.......
.......w
w.....B.
##### Running: /usr/bin/time -o time_16_kjindal_vdhankar.txt -f "%U" python3 homework.py > stulog.txt 2>&1 on vdhankar #####
child exited with value 1
##### ERROR: /usr/bin/time -o time_16_kjindal_vdhankar.txt -f "%U" python3 homework.py > stulog.txt 2>&1 on vdhankar #####
##### Output of failed program (stdout + stderr): #####
Traceback (most recent call last):
  File "homework.py", line 546, in <module>
    print(end-start)
NameError: name 'end' is not defined
##### End of output of failed program #####
##### vdhankar plays [J d8 b6] in 0.222539901733398s #####
##### Running: /usr/lib/jvm/jdk-14.0.1/bin/java -jar /lab/itti/projects/checkers-competition/server/referee.jar on run_16_kjindal_vdhankar #####
Move is valid
##### SUCCESS: /usr/lib/jvm/jdk-14.0.1/bin/java -jar /lab/itti/projects/checkers-competition/server/referee.jar on run_16_kjindal_vdhankar #####
INPUT for kjindal:
GAME
WHITE
298.75
.b.....b
........
.b.....w
........
.b......
b.......
.......w
w.....B.
##### Running: /usr/bin/time -o time_16_kjindal_vdhankar.txt -f "%U" python3 homework.py > stulog.txt 2>&1 on kjindal #####
##### SUCCESS: /usr/bin/time -o time_16_kjindal_vdhankar.txt -f "%U" python3 homework.py > stulog.txt 2>&1 on kjindal #####
##### kjindal plays [E h2 g3] in 0.03s #####
##### Running: /usr/lib/jvm/jdk-14.0.1/bin/java -jar /lab/itti/projects/checkers-competition/server/referee.jar on run_16_kjindal_vdhankar #####
Move is valid
##### SUCCESS: /usr/lib/jvm/jdk-14.0.1/bin/java -jar /lab/itti/projects/checkers-competition/server/referee.jar on run_16_kjindal_vdhankar #####
INPUT for vdhankar:
GAME
BLACK
9.47284483909607
.b.....b
........
.b.....w
........
.b......
b.....w.
........
w.....B.
##### Running: /usr/bin/time -o time_16_kjindal_vdhankar.txt -f "%U" python3 homework.py > stulog.txt 2>&1 on vdhankar #####
child exited with value 1
##### ERROR: /usr/bin/time -o time_16_kjindal_vdhankar.txt -f "%U" python3 homework.py > stulog.txt 2>&1 on vdhankar #####
##### Output of failed program (stdout + stderr): #####
Traceback (most recent call last):
  File "homework.py", line 546, in <module>
    print(end-start)
NameError: name 'end' is not defined
##### End of output of failed program #####
##### vdhankar plays [E g1 h2] in 0.243868112564087s #####
##### Running: /usr/lib/jvm/jdk-14.0.1/bin/java -jar /lab/itti/projects/checkers-competition/server/referee.jar on run_16_kjindal_vdhankar #####
Move is valid
##### SUCCESS: /usr/lib/jvm/jdk-14.0.1/bin/java -jar /lab/itti/projects/checkers-competition/server/referee.jar on run_16_kjindal_vdhankar #####
INPUT for kjindal:
GAME
WHITE
298.72
.b.....b
........
.b.....w
........
.b......
b.....w.
.......B
w.......
##### Running: /usr/bin/time -o time_16_kjindal_vdhankar.txt -f "%U" python3 homework.py > stulog.txt 2>&1 on kjindal #####
##### SUCCESS: /usr/bin/time -o time_16_kjindal_vdhankar.txt -f "%U" python3 homework.py > stulog.txt 2>&1 on kjindal #####
##### kjindal plays [E g3 h4] in 0.04s #####
##### Running: /usr/lib/jvm/jdk-14.0.1/bin/java -jar /lab/itti/projects/checkers-competition/server/referee.jar on run_16_kjindal_vdhankar #####
Move is valid
##### SUCCESS: /usr/lib/jvm/jdk-14.0.1/bin/java -jar /lab/itti/projects/checkers-competition/server/referee.jar on run_16_kjindal_vdhankar #####
INPUT for vdhankar:
GAME
BLACK
9.22897672653198
.b.....b
........
.b.....w
........
.b.....w
b.......
.......B
w.......
##### Running: /usr/bin/time -o time_16_kjindal_vdhankar.txt -f "%U" python3 homework.py > stulog.txt 2>&1 on vdhankar #####
child exited with value 1
##### ERROR: /usr/bin/time -o time_16_kjindal_vdhankar.txt -f "%U" python3 homework.py > stulog.txt 2>&1 on vdhankar #####
##### Output of failed program (stdout + stderr): #####
Traceback (most recent call last):
  File "homework.py", line 546, in <module>
    print(end-start)
NameError: name 'end' is not defined
##### End of output of failed program #####
##### vdhankar plays [E h2 g1] in 0.233103036880493s #####
##### Running: /usr/lib/jvm/jdk-14.0.1/bin/java -jar /lab/itti/projects/checkers-competition/server/referee.jar on run_16_kjindal_vdhankar #####
Move is valid
##### SUCCESS: /usr/lib/jvm/jdk-14.0.1/bin/java -jar /lab/itti/projects/checkers-competition/server/referee.jar on run_16_kjindal_vdhankar #####
INPUT for kjindal:
GAME
WHITE
298.68
.b.....b
........
.b.....w
........
.b.....w
b.......
........
w.....B.
##### Running: /usr/bin/time -o time_16_kjindal_vdhankar.txt -f "%U" python3 homework.py > stulog.txt 2>&1 on kjindal #####
##### SUCCESS: /usr/bin/time -o time_16_kjindal_vdhankar.txt -f "%U" python3 homework.py > stulog.txt 2>&1 on kjindal #####
##### kjindal plays [E h4 g5] in 0.04s #####
##### Running: /usr/lib/jvm/jdk-14.0.1/bin/java -jar /lab/itti/projects/checkers-competition/server/referee.jar on run_16_kjindal_vdhankar #####
Move is valid
##### SUCCESS: /usr/lib/jvm/jdk-14.0.1/bin/java -jar /lab/itti/projects/checkers-competition/server/referee.jar on run_16_kjindal_vdhankar #####
INPUT for vdhankar:
GAME
BLACK
8.99587368965149
.b.....b
........
.b.....w
......w.
.b......
b.......
........
w.....B.
##### Running: /usr/bin/time -o time_16_kjindal_vdhankar.txt -f "%U" python3 homework.py > stulog.txt 2>&1 on vdhankar #####
child exited with value 1
##### ERROR: /usr/bin/time -o time_16_kjindal_vdhankar.txt -f "%U" python3 homework.py > stulog.txt 2>&1 on vdhankar #####
##### Output of failed program (stdout + stderr): #####
Traceback (most recent call last):
  File "homework.py", line 546, in <module>
    print(end-start)
NameError: name 'end' is not defined
##### End of output of failed program #####
##### vdhankar plays [E g1 h2] in 0.387834787368774s #####
##### Running: /usr/lib/jvm/jdk-14.0.1/bin/java -jar /lab/itti/projects/checkers-competition/server/referee.jar on run_16_kjindal_vdhankar #####
Move is valid
##### SUCCESS: /usr/lib/jvm/jdk-14.0.1/bin/java -jar /lab/itti/projects/checkers-competition/server/referee.jar on run_16_kjindal_vdhankar #####
INPUT for kjindal:
GAME
WHITE
298.64
.b.....b
........
.b.....w
......w.
.b......
b.......
.......B
w.......
##### Running: /usr/bin/time -o time_16_kjindal_vdhankar.txt -f "%U" python3 homework.py > stulog.txt 2>&1 on kjindal #####
##### SUCCESS: /usr/bin/time -o time_16_kjindal_vdhankar.txt -f "%U" python3 homework.py > stulog.txt 2>&1 on kjindal #####
##### kjindal plays [E g5 f6] in 0.06s #####
##### Running: /usr/lib/jvm/jdk-14.0.1/bin/java -jar /lab/itti/projects/checkers-competition/server/referee.jar on run_16_kjindal_vdhankar #####
Move is valid
##### SUCCESS: /usr/lib/jvm/jdk-14.0.1/bin/java -jar /lab/itti/projects/checkers-competition/server/referee.jar on run_16_kjindal_vdhankar #####
INPUT for vdhankar:
GAME
BLACK
8.60803890228271
.b.....b
........
.b...w.w
........
.b......
b.......
.......B
w.......
##### Running: /usr/bin/time -o time_16_kjindal_vdhankar.txt -f "%U" python3 homework.py > stulog.txt 2>&1 on vdhankar #####
child exited with value 1
##### ERROR: /usr/bin/time -o time_16_kjindal_vdhankar.txt -f "%U" python3 homework.py > stulog.txt 2>&1 on vdhankar #####
##### Output of failed program (stdout + stderr): #####
Traceback (most recent call last):
  File "homework.py", line 546, in <module>
    print(end-start)
NameError: name 'end' is not defined
##### End of output of failed program #####
##### vdhankar plays [E h2 g1] in 0.297117948532104s #####
##### Running: /usr/lib/jvm/jdk-14.0.1/bin/java -jar /lab/itti/projects/checkers-competition/server/referee.jar on run_16_kjindal_vdhankar #####
Move is valid
##### SUCCESS: /usr/lib/jvm/jdk-14.0.1/bin/java -jar /lab/itti/projects/checkers-competition/server/referee.jar on run_16_kjindal_vdhankar #####
INPUT for kjindal:
GAME
WHITE
298.58
.b.....b
........
.b...w.w
........
.b......
b.......
........
w.....B.
##### Running: /usr/bin/time -o time_16_kjindal_vdhankar.txt -f "%U" python3 homework.py > stulog.txt 2>&1 on kjindal #####
##### SUCCESS: /usr/bin/time -o time_16_kjindal_vdhankar.txt -f "%U" python3 homework.py > stulog.txt 2>&1 on kjindal #####
##### kjindal plays [E f6 g7] in 0.03s #####
##### Running: /usr/lib/jvm/jdk-14.0.1/bin/java -jar /lab/itti/projects/checkers-competition/server/referee.jar on run_16_kjindal_vdhankar #####
Move is valid
##### SUCCESS: /usr/lib/jvm/jdk-14.0.1/bin/java -jar /lab/itti/projects/checkers-competition/server/referee.jar on run_16_kjindal_vdhankar #####
INPUT for vdhankar:
GAME
BLACK
8.31092095375061
.b.....b
......w.
.b.....w
........
.b......
b.......
........
w.....B.
##### Running: /usr/bin/time -o time_16_kjindal_vdhankar.txt -f "%U" python3 homework.py > stulog.txt 2>&1 on vdhankar #####
child exited with value 1
##### ERROR: /usr/bin/time -o time_16_kjindal_vdhankar.txt -f "%U" python3 homework.py > stulog.txt 2>&1 on vdhankar #####
##### Output of failed program (stdout + stderr): #####
Traceback (most recent call last):
  File "homework.py", line 546, in <module>
    print(end-start)
NameError: name 'end' is not defined
##### End of output of failed program #####
##### vdhankar plays [J h8 f6] in 0.236435890197754s #####
##### Running: /usr/lib/jvm/jdk-14.0.1/bin/java -jar /lab/itti/projects/checkers-competition/server/referee.jar on run_16_kjindal_vdhankar #####
Move is valid
##### SUCCESS: /usr/lib/jvm/jdk-14.0.1/bin/java -jar /lab/itti/projects/checkers-competition/server/referee.jar on run_16_kjindal_vdhankar #####
INPUT for kjindal:
GAME
WHITE
298.55
.b......
........
.b...b.w
........
.b......
b.......
........
w.....B.
##### Running: /usr/bin/time -o time_16_kjindal_vdhankar.txt -f "%U" python3 homework.py > stulog.txt 2>&1 on kjindal #####
##### SUCCESS: /usr/bin/time -o time_16_kjindal_vdhankar.txt -f "%U" python3 homework.py > stulog.txt 2>&1 on kjindal #####
##### kjindal plays [E h6 g7] in 0.04s #####
##### Running: /usr/lib/jvm/jdk-14.0.1/bin/java -jar /lab/itti/projects/checkers-competition/server/referee.jar on run_16_kjindal_vdhankar #####
Move is valid
##### SUCCESS: /usr/lib/jvm/jdk-14.0.1/bin/java -jar /lab/itti/projects/checkers-competition/server/referee.jar on run_16_kjindal_vdhankar #####
INPUT for vdhankar:
GAME
BLACK
8.07448506355286
.b......
......w.
.b...b..
........
.b......
b.......
........
w.....B.
##### Running: /usr/bin/time -o time_16_kjindal_vdhankar.txt -f "%U" python3 homework.py > stulog.txt 2>&1 on vdhankar #####
child exited with value 1
##### ERROR: /usr/bin/time -o time_16_kjindal_vdhankar.txt -f "%U" python3 homework.py > stulog.txt 2>&1 on vdhankar #####
##### Output of failed program (stdout + stderr): #####
Traceback (most recent call last):
  File "homework.py", line 546, in <module>
    print(end-start)
NameError: name 'end' is not defined
##### End of output of failed program #####
##### vdhankar plays [E f6 e5] in 0.245735168457031s #####
##### Running: /usr/lib/jvm/jdk-14.0.1/bin/java -jar /lab/itti/projects/checkers-competition/server/referee.jar on run_16_kjindal_vdhankar #####
Move is valid
##### SUCCESS: /usr/lib/jvm/jdk-14.0.1/bin/java -jar /lab/itti/projects/checkers-competition/server/referee.jar on run_16_kjindal_vdhankar #####
INPUT for kjindal:
GAME
WHITE
298.51
.b......
......w.
.b......
....b...
.b......
b.......
........
w.....B.
##### Running: /usr/bin/time -o time_16_kjindal_vdhankar.txt -f "%U" python3 homework.py > stulog.txt 2>&1 on kjindal #####
##### SUCCESS: /usr/bin/time -o time_16_kjindal_vdhankar.txt -f "%U" python3 homework.py > stulog.txt 2>&1 on kjindal #####
##### kjindal plays [E g7 h8] in 0.05s #####
##### Running: /usr/lib/jvm/jdk-14.0.1/bin/java -jar /lab/itti/projects/checkers-competition/server/referee.jar on run_16_kjindal_vdhankar #####
Move is valid
##### SUCCESS: /usr/lib/jvm/jdk-14.0.1/bin/java -jar /lab/itti/projects/checkers-competition/server/referee.jar on run_16_kjindal_vdhankar #####
INPUT for vdhankar:
GAME
BLACK
7.82874989509583
.b.....W
........
.b......
....b...
.b......
b.......
........
w.....B.
##### Running: /usr/bin/time -o time_16_kjindal_vdhankar.txt -f "%U" python3 homework.py > stulog.txt 2>&1 on vdhankar #####
child exited with value 1
##### ERROR: /usr/bin/time -o time_16_kjindal_vdhankar.txt -f "%U" python3 homework.py > stulog.txt 2>&1 on vdhankar #####
##### Output of failed program (stdout + stderr): #####
Traceback (most recent call last):
  File "homework.py", line 546, in <module>
    print(end-start)
NameError: name 'end' is not defined
##### End of output of failed program #####
##### vdhankar plays [E e5 d4] in 0.345761060714722s #####
##### Running: /usr/lib/jvm/jdk-14.0.1/bin/java -jar /lab/itti/projects/checkers-competition/server/referee.jar on run_16_kjindal_vdhankar #####
Move is valid
##### SUCCESS: /usr/lib/jvm/jdk-14.0.1/bin/java -jar /lab/itti/projects/checkers-competition/server/referee.jar on run_16_kjindal_vdhankar #####
INPUT for kjindal:
GAME
WHITE
298.46
.b.....W
........
.b......
........
.b.b....
b.......
........
w.....B.
##### Running: /usr/bin/time -o time_16_kjindal_vdhankar.txt -f "%U" python3 homework.py > stulog.txt 2>&1 on kjindal #####
##### SUCCESS: /usr/bin/time -o time_16_kjindal_vdhankar.txt -f "%U" python3 homework.py > stulog.txt 2>&1 on kjindal #####
##### kjindal plays [E h8 g7] in 0.03s #####
##### Running: /usr/lib/jvm/jdk-14.0.1/bin/java -jar /lab/itti/projects/checkers-competition/server/referee.jar on run_16_kjindal_vdhankar #####
Move is valid
##### SUCCESS: /usr/lib/jvm/jdk-14.0.1/bin/java -jar /lab/itti/projects/checkers-competition/server/referee.jar on run_16_kjindal_vdhankar #####
INPUT for vdhankar:
GAME
BLACK
7.4829888343811
.b......
......W.
.b......
........
.b.b....
b.......
........
w.....B.
##### Running: /usr/bin/time -o time_16_kjindal_vdhankar.txt -f "%U" python3 homework.py > stulog.txt 2>&1 on vdhankar #####
child exited with value 1
##### ERROR: /usr/bin/time -o time_16_kjindal_vdhankar.txt -f "%U" python3 homework.py > stulog.txt 2>&1 on vdhankar #####
##### Output of failed program (stdout + stderr): #####
Traceback (most recent call last):
  File "homework.py", line 546, in <module>
    print(end-start)
NameError: name 'end' is not defined
##### End of output of failed program #####
##### vdhankar plays [E g1 h2] in 0.292442798614502s #####
##### Running: /usr/lib/jvm/jdk-14.0.1/bin/java -jar /lab/itti/projects/checkers-competition/server/referee.jar on run_16_kjindal_vdhankar #####
Move is valid
##### SUCCESS: /usr/lib/jvm/jdk-14.0.1/bin/java -jar /lab/itti/projects/checkers-competition/server/referee.jar on run_16_kjindal_vdhankar #####
INPUT for kjindal:
GAME
WHITE
298.43
.b......
......W.
.b......
........
.b.b....
b.......
.......B
w.......
##### Running: /usr/bin/time -o time_16_kjindal_vdhankar.txt -f "%U" python3 homework.py > stulog.txt 2>&1 on kjindal #####
##### SUCCESS: /usr/bin/time -o time_16_kjindal_vdhankar.txt -f "%U" python3 homework.py > stulog.txt 2>&1 on kjindal #####
##### kjindal plays [E g7 h8] in 0.04s #####
##### Running: /usr/lib/jvm/jdk-14.0.1/bin/java -jar /lab/itti/projects/checkers-competition/server/referee.jar on run_16_kjindal_vdhankar #####
Move is valid
##### SUCCESS: /usr/lib/jvm/jdk-14.0.1/bin/java -jar /lab/itti/projects/checkers-competition/server/referee.jar on run_16_kjindal_vdhankar #####
INPUT for vdhankar:
GAME
BLACK
7.1905460357666
.b.....W
........
.b......
........
.b.b....
b.......
.......B
w.......
##### Running: /usr/bin/time -o time_16_kjindal_vdhankar.txt -f "%U" python3 homework.py > stulog.txt 2>&1 on vdhankar #####
child exited with value 1
##### ERROR: /usr/bin/time -o time_16_kjindal_vdhankar.txt -f "%U" python3 homework.py > stulog.txt 2>&1 on vdhankar #####
##### Output of failed program (stdout + stderr): #####
Traceback (most recent call last):
  File "homework.py", line 546, in <module>
    print(end-start)
NameError: name 'end' is not defined
##### End of output of failed program #####
##### vdhankar plays [E h2 g1] in 0.294343948364258s #####
##### Running: /usr/lib/jvm/jdk-14.0.1/bin/java -jar /lab/itti/projects/checkers-competition/server/referee.jar on run_16_kjindal_vdhankar #####
Move is valid
##### SUCCESS: /usr/lib/jvm/jdk-14.0.1/bin/java -jar /lab/itti/projects/checkers-competition/server/referee.jar on run_16_kjindal_vdhankar #####
INPUT for kjindal:
GAME
WHITE
298.39
.b.....W
........
.b......
........
.b.b....
b.......
........
w.....B.
##### Running: /usr/bin/time -o time_16_kjindal_vdhankar.txt -f "%U" python3 homework.py > stulog.txt 2>&1 on kjindal #####
##### SUCCESS: /usr/bin/time -o time_16_kjindal_vdhankar.txt -f "%U" python3 homework.py > stulog.txt 2>&1 on kjindal #####
##### kjindal plays [E h8 g7] in 0.03s #####
##### Running: /usr/lib/jvm/jdk-14.0.1/bin/java -jar /lab/itti/projects/checkers-competition/server/referee.jar on run_16_kjindal_vdhankar #####
Move is valid
##### SUCCESS: /usr/lib/jvm/jdk-14.0.1/bin/java -jar /lab/itti/projects/checkers-competition/server/referee.jar on run_16_kjindal_vdhankar #####
INPUT for vdhankar:
GAME
BLACK
6.89620208740234
.b......
......W.
.b......
........
.b.b....
b.......
........
w.....B.
##### Running: /usr/bin/time -o time_16_kjindal_vdhankar.txt -f "%U" python3 homework.py > stulog.txt 2>&1 on vdhankar #####
child exited with value 1
##### ERROR: /usr/bin/time -o time_16_kjindal_vdhankar.txt -f "%U" python3 homework.py > stulog.txt 2>&1 on vdhankar #####
##### Output of failed program (stdout + stderr): #####
Traceback (most recent call last):
  File "homework.py", line 546, in <module>
    print(end-start)
NameError: name 'end' is not defined
##### End of output of failed program #####
##### vdhankar plays [E g1 h2] in 0.362249851226807s #####
##### Running: /usr/lib/jvm/jdk-14.0.1/bin/java -jar /lab/itti/projects/checkers-competition/server/referee.jar on run_16_kjindal_vdhankar #####
Move is valid
##### SUCCESS: /usr/lib/jvm/jdk-14.0.1/bin/java -jar /lab/itti/projects/checkers-competition/server/referee.jar on run_16_kjindal_vdhankar #####
INPUT for kjindal:
GAME
WHITE
298.36
.b......
......W.
.b......
........
.b.b....
b.......
.......B
w.......
##### Running: /usr/bin/time -o time_16_kjindal_vdhankar.txt -f "%U" python3 homework.py > stulog.txt 2>&1 on kjindal #####
##### SUCCESS: /usr/bin/time -o time_16_kjindal_vdhankar.txt -f "%U" python3 homework.py > stulog.txt 2>&1 on kjindal #####
##### kjindal plays [E g7 h8] in 0.04s #####
##### Running: /usr/lib/jvm/jdk-14.0.1/bin/java -jar /lab/itti/projects/checkers-competition/server/referee.jar on run_16_kjindal_vdhankar #####
Move is valid
##### SUCCESS: /usr/lib/jvm/jdk-14.0.1/bin/java -jar /lab/itti/projects/checkers-competition/server/referee.jar on run_16_kjindal_vdhankar #####
INPUT for vdhankar:
GAME
BLACK
6.53395223617554
.b.....W
........
.b......
........
.b.b....
b.......
.......B
w.......
##### Running: /usr/bin/time -o time_16_kjindal_vdhankar.txt -f "%U" python3 homework.py > stulog.txt 2>&1 on vdhankar #####
child exited with value 1
##### ERROR: /usr/bin/time -o time_16_kjindal_vdhankar.txt -f "%U" python3 homework.py > stulog.txt 2>&1 on vdhankar #####
##### Output of failed program (stdout + stderr): #####
Traceback (most recent call last):
  File "homework.py", line 546, in <module>
    print(end-start)
NameError: name 'end' is not defined
##### End of output of failed program #####
##### vdhankar plays [E h2 g1] in 0.253993034362793s #####
##### Running: /usr/lib/jvm/jdk-14.0.1/bin/java -jar /lab/itti/projects/checkers-competition/server/referee.jar on run_16_kjindal_vdhankar #####
Move is valid
##### SUCCESS: /usr/lib/jvm/jdk-14.0.1/bin/java -jar /lab/itti/projects/checkers-competition/server/referee.jar on run_16_kjindal_vdhankar #####
INPUT for kjindal:
GAME
WHITE
298.32
.b.....W
........
.b......
........
.b.b....
b.......
........
w.....B.
##### Running: /usr/bin/time -o time_16_kjindal_vdhankar.txt -f "%U" python3 homework.py > stulog.txt 2>&1 on kjindal #####
##### SUCCESS: /usr/bin/time -o time_16_kjindal_vdhankar.txt -f "%U" python3 homework.py > stulog.txt 2>&1 on kjindal #####
##### kjindal plays [E h8 g7] in 0.05s #####
##### Running: /usr/lib/jvm/jdk-14.0.1/bin/java -jar /lab/itti/projects/checkers-competition/server/referee.jar on run_16_kjindal_vdhankar #####
Move is valid
Seen this position 3 times
*** Game ends in draw ***
##### SUCCESS: /usr/lib/jvm/jdk-14.0.1/bin/java -jar /lab/itti/projects/checkers-competition/server/referee.jar on run_16_kjindal_vdhankar #####
##### GAME ENDS IN A DRAW. Time left for kjindal: 298.27s, vdhankar: 6.27995920181274s
Server said: DRAW
##### GAME OVER: the game ends in a draw, kjindal wins by time remaining #####
########## ROUND 16 GAMESCORE AFTER GAME 3: kjindal=2 and vdhankar=1 ##########
#################### ROUND 16: kjindal (B) vs vdhankar (W): game 4 ####################
##### game start! #####
INPUT for kjindal:
GAME
BLACK
300
.b.b.b.b
b.b.b.b.
.b.b.b.b
........
........
w.w.w.w.
.w.w.w.w
w.w.w.w.
##### Running: /usr/bin/time -o time_16_kjindal_vdhankar.txt -f "%U" python3 homework.py > stulog.txt 2>&1 on kjindal #####
##### SUCCESS: /usr/bin/time -o time_16_kjindal_vdhankar.txt -f "%U" python3 homework.py > stulog.txt 2>&1 on kjindal #####
##### kjindal plays [E b6 a5] in 0.04s #####
##### Running: /usr/lib/jvm/jdk-14.0.1/bin/java -jar /lab/itti/projects/checkers-competition/server/referee.jar on run_16_kjindal_vdhankar #####
Move is valid
Couldn't read file 'current_ply.txt'
Couldn't read content from file 'current_ply.txt'
Couldn't read file 'lastmatchange_ply.txt'
Couldn't read content from file 'lastmatchange_ply.txt'
##### SUCCESS: /usr/lib/jvm/jdk-14.0.1/bin/java -jar /lab/itti/projects/checkers-competition/server/referee.jar on run_16_kjindal_vdhankar #####
INPUT for vdhankar:
GAME
WHITE
300
.b.b.b.b
b.b.b.b.
...b.b.b
b.......
........
w.w.w.w.
.w.w.w.w
w.w.w.w.
##### Running: /usr/bin/time -o time_16_kjindal_vdhankar.txt -f "%U" python3 homework.py > stulog.txt 2>&1 on vdhankar #####
child exited with value 1
##### ERROR: /usr/bin/time -o time_16_kjindal_vdhankar.txt -f "%U" python3 homework.py > stulog.txt 2>&1 on vdhankar #####
##### Output of failed program (stdout + stderr): #####
Traceback (most recent call last):
  File "homework.py", line 546, in <module>
    print(end-start)
NameError: name 'end' is not defined
##### End of output of failed program #####
##### vdhankar plays [E g3 h4] in 8.75540208816528s #####
##### Running: /usr/lib/jvm/jdk-14.0.1/bin/java -jar /lab/itti/projects/checkers-competition/server/referee.jar on run_16_kjindal_vdhankar #####
Move is valid
##### SUCCESS: /usr/lib/jvm/jdk-14.0.1/bin/java -jar /lab/itti/projects/checkers-competition/server/referee.jar on run_16_kjindal_vdhankar #####
INPUT for kjindal:
GAME
BLACK
299.96
.b.b.b.b
b.b.b.b.
...b.b.b
b.......
.......w
w.w.w...
.w.w.w.w
w.w.w.w.
##### Running: /usr/bin/time -o time_16_kjindal_vdhankar.txt -f "%U" python3 homework.py > stulog.txt 2>&1 on kjindal #####
##### SUCCESS: /usr/bin/time -o time_16_kjindal_vdhankar.txt -f "%U" python3 homework.py > stulog.txt 2>&1 on kjindal #####
##### kjindal plays [E d6 e5] in 0.04s #####
##### Running: /usr/lib/jvm/jdk-14.0.1/bin/java -jar /lab/itti/projects/checkers-competition/server/referee.jar on run_16_kjindal_vdhankar #####
Move is valid
##### SUCCESS: /usr/lib/jvm/jdk-14.0.1/bin/java -jar /lab/itti/projects/checkers-competition/server/referee.jar on run_16_kjindal_vdhankar #####
INPUT for vdhankar:
GAME
WHITE
291.244597911835
.b.b.b.b
b.b.b.b.
.....b.b
b...b...
.......w
w.w.w...
.w.w.w.w
w.w.w.w.
##### Running: /usr/bin/time -o time_16_kjindal_vdhankar.txt -f "%U" python3 homework.py > stulog.txt 2>&1 on vdhankar #####
child exited with value 1
##### ERROR: /usr/bin/time -o time_16_kjindal_vdhankar.txt -f "%U" python3 homework.py > stulog.txt 2>&1 on vdhankar #####
##### Output of failed program (stdout + stderr): #####
Traceback (most recent call last):
  File "homework.py", line 546, in <module>
    print(end-start)
NameError: name 'end' is not defined
##### End of output of failed program #####
##### vdhankar plays [E h2 g3] in 10.0355708599091s #####
##### Running: /usr/lib/jvm/jdk-14.0.1/bin/java -jar /lab/itti/projects/checkers-competition/server/referee.jar on run_16_kjindal_vdhankar #####
Move is valid
##### SUCCESS: /usr/lib/jvm/jdk-14.0.1/bin/java -jar /lab/itti/projects/checkers-competition/server/referee.jar on run_16_kjindal_vdhankar #####
INPUT for kjindal:
GAME
BLACK
299.92
.b.b.b.b
b.b.b.b.
.....b.b
b...b...
.......w
w.w.w.w.
.w.w.w..
w.w.w.w.
##### Running: /usr/bin/time -o time_16_kjindal_vdhankar.txt -f "%U" python3 homework.py > stulog.txt 2>&1 on kjindal #####
##### SUCCESS: /usr/bin/time -o time_16_kjindal_vdhankar.txt -f "%U" python3 homework.py > stulog.txt 2>&1 on kjindal #####
##### kjindal plays [E c7 b6] in 0.05s #####
##### Running: /usr/lib/jvm/jdk-14.0.1/bin/java -jar /lab/itti/projects/checkers-competition/server/referee.jar on run_16_kjindal_vdhankar #####
Move is valid
##### SUCCESS: /usr/lib/jvm/jdk-14.0.1/bin/java -jar /lab/itti/projects/checkers-competition/server/referee.jar on run_16_kjindal_vdhankar #####
INPUT for vdhankar:
GAME
WHITE
281.209027051926
.b.b.b.b
b...b.b.
.b...b.b
b...b...
.......w
w.w.w.w.
.w.w.w..
w.w.w.w.
##### Running: /usr/bin/time -o time_16_kjindal_vdhankar.txt -f "%U" python3 homework.py > stulog.txt 2>&1 on vdhankar #####
child exited with value 1
##### ERROR: /usr/bin/time -o time_16_kjindal_vdhankar.txt -f "%U" python3 homework.py > stulog.txt 2>&1 on vdhankar #####
##### Output of failed program (stdout + stderr): #####
Traceback (most recent call last):
  File "homework.py", line 546, in <module>
    print(end-start)
NameError: name 'end' is not defined
##### End of output of failed program #####
##### vdhankar plays [E e3 f4] in 4.01911997795105s #####
##### Running: /usr/lib/jvm/jdk-14.0.1/bin/java -jar /lab/itti/projects/checkers-competition/server/referee.jar on run_16_kjindal_vdhankar #####
Move is valid
##### SUCCESS: /usr/lib/jvm/jdk-14.0.1/bin/java -jar /lab/itti/projects/checkers-competition/server/referee.jar on run_16_kjindal_vdhankar #####
INPUT for kjindal:
GAME
BLACK
299.87
.b.b.b.b
b...b.b.
.b...b.b
b...b...
.....w.w
w.w...w.
.w.w.w..
w.w.w.w.
##### Running: /usr/bin/time -o time_16_kjindal_vdhankar.txt -f "%U" python3 homework.py > stulog.txt 2>&1 on kjindal #####
##### SUCCESS: /usr/bin/time -o time_16_kjindal_vdhankar.txt -f "%U" python3 homework.py > stulog.txt 2>&1 on kjindal #####
##### kjindal plays [E e7 d6] in 0.05s #####
##### Running: /usr/lib/jvm/jdk-14.0.1/bin/java -jar /lab/itti/projects/checkers-competition/server/referee.jar on run_16_kjindal_vdhankar #####
Move is valid
##### SUCCESS: /usr/lib/jvm/jdk-14.0.1/bin/java -jar /lab/itti/projects/checkers-competition/server/referee.jar on run_16_kjindal_vdhankar #####
INPUT for vdhankar:
GAME
WHITE
277.189907073975
.b.b.b.b
b.....b.
.b.b.b.b
b...b...
.....w.w
w.w...w.
.w.w.w..
w.w.w.w.
##### Running: /usr/bin/time -o time_16_kjindal_vdhankar.txt -f "%U" python3 homework.py > stulog.txt 2>&1 on vdhankar #####
child exited with value 1
##### ERROR: /usr/bin/time -o time_16_kjindal_vdhankar.txt -f "%U" python3 homework.py > stulog.txt 2>&1 on vdhankar #####
##### Output of failed program (stdout + stderr): #####
Traceback (most recent call last):
  File "homework.py", line 546, in <module>
    print(end-start)
NameError: name 'end' is not defined
##### End of output of failed program #####
##### vdhankar plays [E f2 e3] in 5.82671904563904s #####
##### Running: /usr/lib/jvm/jdk-14.0.1/bin/java -jar /lab/itti/projects/checkers-competition/server/referee.jar on run_16_kjindal_vdhankar #####
Move is valid
##### SUCCESS: /usr/lib/jvm/jdk-14.0.1/bin/java -jar /lab/itti/projects/checkers-competition/server/referee.jar on run_16_kjindal_vdhankar #####
INPUT for kjindal:
GAME
BLACK
299.82
.b.b.b.b
b.....b.
.b.b.b.b
b...b...
.....w.w
w.w.w.w.
.w.w....
w.w.w.w.
##### Running: /usr/bin/time -o time_16_kjindal_vdhankar.txt -f "%U" python3 homework.py > stulog.txt 2>&1 on kjindal #####
##### SUCCESS: /usr/bin/time -o time_16_kjindal_vdhankar.txt -f "%U" python3 homework.py > stulog.txt 2>&1 on kjindal #####
##### kjindal plays [E b6 c5] in 0.06s #####
##### Running: /usr/lib/jvm/jdk-14.0.1/bin/java -jar /lab/itti/projects/checkers-competition/server/referee.jar on run_16_kjindal_vdhankar #####
Move is valid
##### SUCCESS: /usr/lib/jvm/jdk-14.0.1/bin/java -jar /lab/itti/projects/checkers-competition/server/referee.jar on run_16_kjindal_vdhankar #####
INPUT for vdhankar:
GAME
WHITE
271.363188028336
.b.b.b.b
b.....b.
...b.b.b
b.b.b...
.....w.w
w.w.w.w.
.w.w....
w.w.w.w.
##### Running: /usr/bin/time -o time_16_kjindal_vdhankar.txt -f "%U" python3 homework.py > stulog.txt 2>&1 on vdhankar #####
child exited with value 1
##### ERROR: /usr/bin/time -o time_16_kjindal_vdhankar.txt -f "%U" python3 homework.py > stulog.txt 2>&1 on vdhankar #####
##### Output of failed program (stdout + stderr): #####
Traceback (most recent call last):
  File "homework.py", line 546, in <module>
    print(end-start)
NameError: name 'end' is not defined
##### End of output of failed program #####
##### vdhankar plays [E g1 f2] in 3.87637400627136s #####
##### Running: /usr/lib/jvm/jdk-14.0.1/bin/java -jar /lab/itti/projects/checkers-competition/server/referee.jar on run_16_kjindal_vdhankar #####
Move is valid
##### SUCCESS: /usr/lib/jvm/jdk-14.0.1/bin/java -jar /lab/itti/projects/checkers-competition/server/referee.jar on run_16_kjindal_vdhankar #####
INPUT for kjindal:
GAME
BLACK
299.76
.b.b.b.b
b.....b.
...b.b.b
b.b.b...
.....w.w
w.w.w.w.
.w.w.w..
w.w.w...
##### Running: /usr/bin/time -o time_16_kjindal_vdhankar.txt -f "%U" python3 homework.py > stulog.txt 2>&1 on kjindal #####
##### SUCCESS: /usr/bin/time -o time_16_kjindal_vdhankar.txt -f "%U" python3 homework.py > stulog.txt 2>&1 on kjindal #####
##### kjindal plays [E b8 c7] in 0.05s #####
##### Running: /usr/lib/jvm/jdk-14.0.1/bin/java -jar /lab/itti/projects/checkers-competition/server/referee.jar on run_16_kjindal_vdhankar #####
Move is valid
##### SUCCESS: /usr/lib/jvm/jdk-14.0.1/bin/java -jar /lab/itti/projects/checkers-competition/server/referee.jar on run_16_kjindal_vdhankar #####
INPUT for vdhankar:
GAME
WHITE
267.486814022064
...b.b.b
b.b...b.
...b.b.b
b.b.b...
.....w.w
w.w.w.w.
.w.w.w..
w.w.w...
##### Running: /usr/bin/time -o time_16_kjindal_vdhankar.txt -f "%U" python3 homework.py > stulog.txt 2>&1 on vdhankar #####
child exited with value 1
##### ERROR: /usr/bin/time -o time_16_kjindal_vdhankar.txt -f "%U" python3 homework.py > stulog.txt 2>&1 on vdhankar #####
##### Output of failed program (stdout + stderr): #####
Traceback (most recent call last):
  File "homework.py", line 546, in <module>
    print(end-start)
NameError: name 'end' is not defined
##### End of output of failed program #####
##### vdhankar plays [E c3 d4] in 0.833098173141479s #####
##### Running: /usr/lib/jvm/jdk-14.0.1/bin/java -jar /lab/itti/projects/checkers-competition/server/referee.jar on run_16_kjindal_vdhankar #####
Move is valid
##### SUCCESS: /usr/lib/jvm/jdk-14.0.1/bin/java -jar /lab/itti/projects/checkers-competition/server/referee.jar on run_16_kjindal_vdhankar #####
INPUT for kjindal:
GAME
BLACK
299.71
...b.b.b
b.b...b.
...b.b.b
b.b.b...
...w.w.w
w...w.w.
.w.w.w..
w.w.w...
##### Running: /usr/bin/time -o time_16_kjindal_vdhankar.txt -f "%U" python3 homework.py > stulog.txt 2>&1 on kjindal #####
##### SUCCESS: /usr/bin/time -o time_16_kjindal_vdhankar.txt -f "%U" python3 homework.py > stulog.txt 2>&1 on kjindal #####
##### kjindal plays [J e5 c3] in 0.04s #####
##### Running: /usr/lib/jvm/jdk-14.0.1/bin/java -jar /lab/itti/projects/checkers-competition/server/referee.jar on run_16_kjindal_vdhankar #####
Move is valid
##### SUCCESS: /usr/lib/jvm/jdk-14.0.1/bin/java -jar /lab/itti/projects/checkers-competition/server/referee.jar on run_16_kjindal_vdhankar #####
INPUT for vdhankar:
GAME
WHITE
266.653715848923
...b.b.b
b.b...b.
...b.b.b
b.b.....
.....w.w
w.b.w.w.
.w.w.w..
w.w.w...
##### Running: /usr/bin/time -o time_16_kjindal_vdhankar.txt -f "%U" python3 homework.py > stulog.txt 2>&1 on vdhankar #####
child exited with value 1
##### ERROR: /usr/bin/time -o time_16_kjindal_vdhankar.txt -f "%U" python3 homework.py > stulog.txt 2>&1 on vdhankar #####
##### Output of failed program (stdout + stderr): #####
Traceback (most recent call last):
  File "homework.py", line 546, in <module>
    print(end-start)
NameError: name 'end' is not defined
##### End of output of failed program #####
##### vdhankar plays [J b2 d4 ; J d4 b6] in 1.87864279747009s #####
##### Running: /usr/lib/jvm/jdk-14.0.1/bin/java -jar /lab/itti/projects/checkers-competition/server/referee.jar on run_16_kjindal_vdhankar #####
Move is valid
##### SUCCESS: /usr/lib/jvm/jdk-14.0.1/bin/java -jar /lab/itti/projects/checkers-competition/server/referee.jar on run_16_kjindal_vdhankar #####
INPUT for kjindal:
GAME
BLACK
299.67
...b.b.b
b.b...b.
.w.b.b.b
b.......
.....w.w
w...w.w.
...w.w..
w.w.w...
##### Running: /usr/bin/time -o time_16_kjindal_vdhankar.txt -f "%U" python3 homework.py > stulog.txt 2>&1 on kjindal #####
##### SUCCESS: /usr/bin/time -o time_16_kjindal_vdhankar.txt -f "%U" python3 homework.py > stulog.txt 2>&1 on kjindal #####
##### kjindal plays [J a7 c5] in 0.04s #####
##### Running: /usr/lib/jvm/jdk-14.0.1/bin/java -jar /lab/itti/projects/checkers-competition/server/referee.jar on run_16_kjindal_vdhankar #####
Move is valid
##### SUCCESS: /usr/lib/jvm/jdk-14.0.1/bin/java -jar /lab/itti/projects/checkers-competition/server/referee.jar on run_16_kjindal_vdhankar #####
INPUT for vdhankar:
GAME
WHITE
264.775073051453
...b.b.b
..b...b.
...b.b.b
b.b.....
.....w.w
w...w.w.
...w.w..
w.w.w...
##### Running: /usr/bin/time -o time_16_kjindal_vdhankar.txt -f "%U" python3 homework.py > stulog.txt 2>&1 on vdhankar #####
child exited with value 1
##### ERROR: /usr/bin/time -o time_16_kjindal_vdhankar.txt -f "%U" python3 homework.py > stulog.txt 2>&1 on vdhankar #####
##### Output of failed program (stdout + stderr): #####
Traceback (most recent call last):
  File "homework.py", line 546, in <module>
    print(end-start)
NameError: name 'end' is not defined
##### End of output of failed program #####
##### vdhankar plays [E d2 c3] in 10.2674419879913s #####
##### Running: /usr/lib/jvm/jdk-14.0.1/bin/java -jar /lab/itti/projects/checkers-competition/server/referee.jar on run_16_kjindal_vdhankar #####
Move is valid
##### SUCCESS: /usr/lib/jvm/jdk-14.0.1/bin/java -jar /lab/itti/projects/checkers-competition/server/referee.jar on run_16_kjindal_vdhankar #####
INPUT for kjindal:
GAME
BLACK
299.63
...b.b.b
..b...b.
...b.b.b
b.b.....
.....w.w
w.w.w.w.
.....w..
w.w.w...
##### Running: /usr/bin/time -o time_16_kjindal_vdhankar.txt -f "%U" python3 homework.py > stulog.txt 2>&1 on kjindal #####
##### SUCCESS: /usr/bin/time -o time_16_kjindal_vdhankar.txt -f "%U" python3 homework.py > stulog.txt 2>&1 on kjindal #####
##### kjindal plays [E d6 e5] in 0.05s #####
##### Running: /usr/lib/jvm/jdk-14.0.1/bin/java -jar /lab/itti/projects/checkers-competition/server/referee.jar on run_16_kjindal_vdhankar #####
Move is valid
##### SUCCESS: /usr/lib/jvm/jdk-14.0.1/bin/java -jar /lab/itti/projects/checkers-competition/server/referee.jar on run_16_kjindal_vdhankar #####
INPUT for vdhankar:
GAME
WHITE
254.507631063461
...b.b.b
..b...b.
.....b.b
b.b.b...
.....w.w
w.w.w.w.
.....w..
w.w.w...
##### Running: /usr/bin/time -o time_16_kjindal_vdhankar.txt -f "%U" python3 homework.py > stulog.txt 2>&1 on vdhankar #####
child exited with value 1
##### ERROR: /usr/bin/time -o time_16_kjindal_vdhankar.txt -f "%U" python3 homework.py > stulog.txt 2>&1 on vdhankar #####
##### Output of failed program (stdout + stderr): #####
Traceback (most recent call last):
  File "homework.py", line 546, in <module>
    print(end-start)
NameError: name 'end' is not defined
##### End of output of failed program #####
##### vdhankar plays [J f4 d6 ; J d6 b8] in 3.3794310092926s #####
##### Running: /usr/lib/jvm/jdk-14.0.1/bin/java -jar /lab/itti/projects/checkers-competition/server/referee.jar on run_16_kjindal_vdhankar #####
Move is valid
##### SUCCESS: /usr/lib/jvm/jdk-14.0.1/bin/java -jar /lab/itti/projects/checkers-competition/server/referee.jar on run_16_kjindal_vdhankar #####
INPUT for kjindal:
GAME
BLACK
299.58
.W.b.b.b
......b.
.....b.b
b.b.....
.......w
w.w.w.w.
.....w..
w.w.w...
##### Running: /usr/bin/time -o time_16_kjindal_vdhankar.txt -f "%U" python3 homework.py > stulog.txt 2>&1 on kjindal #####
##### SUCCESS: /usr/bin/time -o time_16_kjindal_vdhankar.txt -f "%U" python3 homework.py > stulog.txt 2>&1 on kjindal #####
##### kjindal plays [E f6 e5] in 0.09s #####
##### Running: /usr/lib/jvm/jdk-14.0.1/bin/java -jar /lab/itti/projects/checkers-competition/server/referee.jar on run_16_kjindal_vdhankar #####
Move is valid
##### SUCCESS: /usr/lib/jvm/jdk-14.0.1/bin/java -jar /lab/itti/projects/checkers-competition/server/referee.jar on run_16_kjindal_vdhankar #####
INPUT for vdhankar:
GAME
WHITE
251.128200054169
.W.b.b.b
......b.
.......b
b.b.b...
.......w
w.w.w.w.
.....w..
w.w.w...
##### Running: /usr/bin/time -o time_16_kjindal_vdhankar.txt -f "%U" python3 homework.py > stulog.txt 2>&1 on vdhankar #####
child exited with value 1
##### ERROR: /usr/bin/time -o time_16_kjindal_vdhankar.txt -f "%U" python3 homework.py > stulog.txt 2>&1 on vdhankar #####
##### Output of failed program (stdout + stderr): #####
Traceback (most recent call last):
  File "homework.py", line 546, in <module>
    print(end-start)
NameError: name 'end' is not defined
##### End of output of failed program #####
##### vdhankar plays [E b8 a7] in 10.5529210567474s #####
##### Running: /usr/lib/jvm/jdk-14.0.1/bin/java -jar /lab/itti/projects/checkers-competition/server/referee.jar on run_16_kjindal_vdhankar #####
Move is valid
##### SUCCESS: /usr/lib/jvm/jdk-14.0.1/bin/java -jar /lab/itti/projects/checkers-competition/server/referee.jar on run_16_kjindal_vdhankar #####
INPUT for kjindal:
GAME
BLACK
299.49
...b.b.b
W.....b.
.......b
b.b.b...
.......w
w.w.w.w.
.....w..
w.w.w...
##### Running: /usr/bin/time -o time_16_kjindal_vdhankar.txt -f "%U" python3 homework.py > stulog.txt 2>&1 on kjindal #####
##### SUCCESS: /usr/bin/time -o time_16_kjindal_vdhankar.txt -f "%U" python3 homework.py > stulog.txt 2>&1 on kjindal #####
##### kjindal plays [E g7 f6] in 0.05s #####
##### Running: /usr/lib/jvm/jdk-14.0.1/bin/java -jar /lab/itti/projects/checkers-competition/server/referee.jar on run_16_kjindal_vdhankar #####
Move is valid
##### SUCCESS: /usr/lib/jvm/jdk-14.0.1/bin/java -jar /lab/itti/projects/checkers-competition/server/referee.jar on run_16_kjindal_vdhankar #####
INPUT for vdhankar:
GAME
WHITE
240.575278997421
...b.b.b
W.......
.....b.b
b.b.b...
.......w
w.w.w.w.
.....w..
w.w.w...
##### Running: /usr/bin/time -o time_16_kjindal_vdhankar.txt -f "%U" python3 homework.py > stulog.txt 2>&1 on vdhankar #####
child exited with value 1
##### ERROR: /usr/bin/time -o time_16_kjindal_vdhankar.txt -f "%U" python3 homework.py > stulog.txt 2>&1 on vdhankar #####
##### Output of failed program (stdout + stderr): #####
Traceback (most recent call last):
  File "homework.py", line 546, in <module>
    print(end-start)
NameError: name 'end' is not defined
##### End of output of failed program #####
##### vdhankar plays [E c1 b2] in 21.588495016098s #####
##### Running: /usr/lib/jvm/jdk-14.0.1/bin/java -jar /lab/itti/projects/checkers-competition/server/referee.jar on run_16_kjindal_vdhankar #####
Move is valid
##### SUCCESS: /usr/lib/jvm/jdk-14.0.1/bin/java -jar /lab/itti/projects/checkers-competition/server/referee.jar on run_16_kjindal_vdhankar #####
INPUT for kjindal:
GAME
BLACK
299.44
...b.b.b
W.......
.....b.b
b.b.b...
.......w
w.w.w.w.
.w...w..
w...w...
##### Running: /usr/bin/time -o time_16_kjindal_vdhankar.txt -f "%U" python3 homework.py > stulog.txt 2>&1 on kjindal #####
##### SUCCESS: /usr/bin/time -o time_16_kjindal_vdhankar.txt -f "%U" python3 homework.py > stulog.txt 2>&1 on kjindal #####
##### kjindal plays [E d8 c7] in 0.05s #####
##### Running: /usr/lib/jvm/jdk-14.0.1/bin/java -jar /lab/itti/projects/checkers-competition/server/referee.jar on run_16_kjindal_vdhankar #####
Move is valid
##### SUCCESS: /usr/lib/jvm/jdk-14.0.1/bin/java -jar /lab/itti/projects/checkers-competition/server/referee.jar on run_16_kjindal_vdhankar #####
INPUT for vdhankar:
GAME
WHITE
218.986783981323
.....b.b
W.b.....
.....b.b
b.b.b...
.......w
w.w.w.w.
.w...w..
w...w...
##### Running: /usr/bin/time -o time_16_kjindal_vdhankar.txt -f "%U" python3 homework.py > stulog.txt 2>&1 on vdhankar #####
child exited with value 1
##### ERROR: /usr/bin/time -o time_16_kjindal_vdhankar.txt -f "%U" python3 homework.py > stulog.txt 2>&1 on vdhankar #####
##### Output of failed program (stdout + stderr): #####
Traceback (most recent call last):
  File "homework.py", line 546, in <module>
    print(end-start)
NameError: name 'end' is not defined
##### End of output of failed program #####
##### vdhankar plays [E c3 d4] in 4.97603392601013s #####
##### Running: /usr/lib/jvm/jdk-14.0.1/bin/java -jar /lab/itti/projects/checkers-competition/server/referee.jar on run_16_kjindal_vdhankar #####
Move is valid
##### SUCCESS: /usr/lib/jvm/jdk-14.0.1/bin/java -jar /lab/itti/projects/checkers-competition/server/referee.jar on run_16_kjindal_vdhankar #####
INPUT for kjindal:
GAME
BLACK
299.39
.....b.b
W.b.....
.....b.b
b.b.b...
...w...w
w...w.w.
.w...w..
w...w...
##### Running: /usr/bin/time -o time_16_kjindal_vdhankar.txt -f "%U" python3 homework.py > stulog.txt 2>&1 on kjindal #####
##### SUCCESS: /usr/bin/time -o time_16_kjindal_vdhankar.txt -f "%U" python3 homework.py > stulog.txt 2>&1 on kjindal #####
##### kjindal plays [J e5 c3] in 0.02s #####
##### Running: /usr/lib/jvm/jdk-14.0.1/bin/java -jar /lab/itti/projects/checkers-competition/server/referee.jar on run_16_kjindal_vdhankar #####
Move is valid
##### SUCCESS: /usr/lib/jvm/jdk-14.0.1/bin/java -jar /lab/itti/projects/checkers-competition/server/referee.jar on run_16_kjindal_vdhankar #####
INPUT for vdhankar:
GAME
WHITE
214.010750055313
.....b.b
W.b.....
.....b.b
b.b.....
.......w
w.b.w.w.
.w...w..
w...w...
##### Running: /usr/bin/time -o time_16_kjindal_vdhankar.txt -f "%U" python3 homework.py > stulog.txt 2>&1 on vdhankar #####
child exited with value 1
##### ERROR: /usr/bin/time -o time_16_kjindal_vdhankar.txt -f "%U" python3 homework.py > stulog.txt 2>&1 on vdhankar #####
##### Output of failed program (stdout + stderr): #####
Traceback (most recent call last):
  File "homework.py", line 546, in <module>
    print(end-start)
NameError: name 'end' is not defined
##### End of output of failed program #####
##### vdhankar plays [J b2 d4 ; J d4 b6 ; J b6 d8] in 1.84169387817383s #####
##### Running: /usr/lib/jvm/jdk-14.0.1/bin/java -jar /lab/itti/projects/checkers-competition/server/referee.jar on run_16_kjindal_vdhankar #####
Move is valid
##### SUCCESS: /usr/lib/jvm/jdk-14.0.1/bin/java -jar /lab/itti/projects/checkers-competition/server/referee.jar on run_16_kjindal_vdhankar #####
INPUT for kjindal:
GAME
BLACK
299.37
...W.b.b
W.......
.....b.b
b.......
.......w
w...w.w.
.....w..
w...w...
##### Running: /usr/bin/time -o time_16_kjindal_vdhankar.txt -f "%U" python3 homework.py > stulog.txt 2>&1 on kjindal #####
##### SUCCESS: /usr/bin/time -o time_16_kjindal_vdhankar.txt -f "%U" python3 homework.py > stulog.txt 2>&1 on kjindal #####
##### kjindal plays [E f6 e5] in 0.05s #####
##### Running: /usr/lib/jvm/jdk-14.0.1/bin/java -jar /lab/itti/projects/checkers-competition/server/referee.jar on run_16_kjindal_vdhankar #####
Move is valid
##### SUCCESS: /usr/lib/jvm/jdk-14.0.1/bin/java -jar /lab/itti/projects/checkers-competition/server/referee.jar on run_16_kjindal_vdhankar #####
INPUT for vdhankar:
GAME
WHITE
212.169056177139
...W.b.b
W.......
.......b
b...b...
.......w
w...w.w.
.....w..
w...w...
##### Running: /usr/bin/time -o time_16_kjindal_vdhankar.txt -f "%U" python3 homework.py > stulog.txt 2>&1 on vdhankar #####
child exited with value 1
##### ERROR: /usr/bin/time -o time_16_kjindal_vdhankar.txt -f "%U" python3 homework.py > stulog.txt 2>&1 on vdhankar #####
##### Output of failed program (stdout + stderr): #####
Traceback (most recent call last):
  File "homework.py", line 546, in <module>
    print(end-start)
NameError: name 'end' is not defined
##### End of output of failed program #####
##### vdhankar plays [E d8 c7] in 5.35078501701355s #####
##### Running: /usr/lib/jvm/jdk-14.0.1/bin/java -jar /lab/itti/projects/checkers-competition/server/referee.jar on run_16_kjindal_vdhankar #####
Move is valid
##### SUCCESS: /usr/lib/jvm/jdk-14.0.1/bin/java -jar /lab/itti/projects/checkers-competition/server/referee.jar on run_16_kjindal_vdhankar #####
INPUT for kjindal:
GAME
BLACK
299.32
.....b.b
W.W.....
.......b
b...b...
.......w
w...w.w.
.....w..
w...w...
##### Running: /usr/bin/time -o time_16_kjindal_vdhankar.txt -f "%U" python3 homework.py > stulog.txt 2>&1 on kjindal #####
##### SUCCESS: /usr/bin/time -o time_16_kjindal_vdhankar.txt -f "%U" python3 homework.py > stulog.txt 2>&1 on kjindal #####
##### kjindal plays [E f8 e7] in 0.05s #####
##### Running: /usr/lib/jvm/jdk-14.0.1/bin/java -jar /lab/itti/projects/checkers-competition/server/referee.jar on run_16_kjindal_vdhankar #####
Move is valid
##### SUCCESS: /usr/lib/jvm/jdk-14.0.1/bin/java -jar /lab/itti/projects/checkers-competition/server/referee.jar on run_16_kjindal_vdhankar #####
INPUT for vdhankar:
GAME
WHITE
206.818271160126
.......b
W.W.b...
.......b
b...b...
.......w
w...w.w.
.....w..
w...w...
##### Running: /usr/bin/time -o time_16_kjindal_vdhankar.txt -f "%U" python3 homework.py > stulog.txt 2>&1 on vdhankar #####
child exited with value 1
##### ERROR: /usr/bin/time -o time_16_kjindal_vdhankar.txt -f "%U" python3 homework.py > stulog.txt 2>&1 on vdhankar #####
##### Output of failed program (stdout + stderr): #####
Traceback (most recent call last):
  File "homework.py", line 546, in <module>
    print(end-start)
NameError: name 'end' is not defined
##### End of output of failed program #####
##### vdhankar plays [E a7 b6] in 8.36463713645935s #####
##### Running: /usr/lib/jvm/jdk-14.0.1/bin/java -jar /lab/itti/projects/checkers-competition/server/referee.jar on run_16_kjindal_vdhankar #####
Move is valid
##### SUCCESS: /usr/lib/jvm/jdk-14.0.1/bin/java -jar /lab/itti/projects/checkers-competition/server/referee.jar on run_16_kjindal_vdhankar #####
INPUT for kjindal:
GAME
BLACK
299.27
.......b
..W.b...
.W.....b
b...b...
.......w
w...w.w.
.....w..
w...w...
##### Running: /usr/bin/time -o time_16_kjindal_vdhankar.txt -f "%U" python3 homework.py > stulog.txt 2>&1 on kjindal #####
##### SUCCESS: /usr/bin/time -o time_16_kjindal_vdhankar.txt -f "%U" python3 homework.py > stulog.txt 2>&1 on kjindal #####
##### kjindal plays [E e7 d6] in 0.05s #####
##### Running: /usr/lib/jvm/jdk-14.0.1/bin/java -jar /lab/itti/projects/checkers-competition/server/referee.jar on run_16_kjindal_vdhankar #####
Move is valid
##### SUCCESS: /usr/lib/jvm/jdk-14.0.1/bin/java -jar /lab/itti/projects/checkers-competition/server/referee.jar on run_16_kjindal_vdhankar #####
INPUT for vdhankar:
GAME
WHITE
198.453634023666
.......b
..W.....
.W.b...b
b...b...
.......w
w...w.w.
.....w..
w...w...
##### Running: /usr/bin/time -o time_16_kjindal_vdhankar.txt -f "%U" python3 homework.py > stulog.txt 2>&1 on vdhankar #####
child exited with value 1
##### ERROR: /usr/bin/time -o time_16_kjindal_vdhankar.txt -f "%U" python3 homework.py > stulog.txt 2>&1 on vdhankar #####
##### Output of failed program (stdout + stderr): #####
Traceback (most recent call last):
  File "homework.py", line 546, in <module>
    print(end-start)
NameError: name 'end' is not defined
##### End of output of failed program #####
##### vdhankar plays [E e3 f4] in 3.54150009155273s #####
##### Running: /usr/lib/jvm/jdk-14.0.1/bin/java -jar /lab/itti/projects/checkers-competition/server/referee.jar on run_16_kjindal_vdhankar #####
Move is valid
##### SUCCESS: /usr/lib/jvm/jdk-14.0.1/bin/java -jar /lab/itti/projects/checkers-competition/server/referee.jar on run_16_kjindal_vdhankar #####
INPUT for kjindal:
GAME
BLACK
299.22
.......b
..W.....
.W.b...b
b...b...
.....w.w
w.....w.
.....w..
w...w...
##### Running: /usr/bin/time -o time_16_kjindal_vdhankar.txt -f "%U" python3 homework.py > stulog.txt 2>&1 on kjindal #####
##### SUCCESS: /usr/bin/time -o time_16_kjindal_vdhankar.txt -f "%U" python3 homework.py > stulog.txt 2>&1 on kjindal #####
##### kjindal plays [E h8 g7] in 0.04s #####
##### Running: /usr/lib/jvm/jdk-14.0.1/bin/java -jar /lab/itti/projects/checkers-competition/server/referee.jar on run_16_kjindal_vdhankar #####
Move is valid
##### SUCCESS: /usr/lib/jvm/jdk-14.0.1/bin/java -jar /lab/itti/projects/checkers-competition/server/referee.jar on run_16_kjindal_vdhankar #####
INPUT for vdhankar:
GAME
WHITE
194.912133932114
........
..W...b.
.W.b...b
b...b...
.....w.w
w.....w.
.....w..
w...w...
##### Running: /usr/bin/time -o time_16_kjindal_vdhankar.txt -f "%U" python3 homework.py > stulog.txt 2>&1 on vdhankar #####
child exited with value 1
##### ERROR: /usr/bin/time -o time_16_kjindal_vdhankar.txt -f "%U" python3 homework.py > stulog.txt 2>&1 on vdhankar #####
##### Output of failed program (stdout + stderr): #####
Traceback (most recent call last):
  File "homework.py", line 546, in <module>
    print(end-start)
NameError: name 'end' is not defined
##### End of output of failed program #####
##### vdhankar plays [E f2 e3] in 2.81290006637573s #####
##### Running: /usr/lib/jvm/jdk-14.0.1/bin/java -jar /lab/itti/projects/checkers-competition/server/referee.jar on run_16_kjindal_vdhankar #####
Move is valid
##### SUCCESS: /usr/lib/jvm/jdk-14.0.1/bin/java -jar /lab/itti/projects/checkers-competition/server/referee.jar on run_16_kjindal_vdhankar #####
INPUT for kjindal:
GAME
BLACK
299.18
........
..W...b.
.W.b...b
b...b...
.....w.w
w...w.w.
........
w...w...
##### Running: /usr/bin/time -o time_16_kjindal_vdhankar.txt -f "%U" python3 homework.py > stulog.txt 2>&1 on kjindal #####
##### SUCCESS: /usr/bin/time -o time_16_kjindal_vdhankar.txt -f "%U" python3 homework.py > stulog.txt 2>&1 on kjindal #####
##### kjindal plays [E g7 f6] in 0.05s #####
##### Running: /usr/lib/jvm/jdk-14.0.1/bin/java -jar /lab/itti/projects/checkers-competition/server/referee.jar on run_16_kjindal_vdhankar #####
Move is valid
##### SUCCESS: /usr/lib/jvm/jdk-14.0.1/bin/java -jar /lab/itti/projects/checkers-competition/server/referee.jar on run_16_kjindal_vdhankar #####
INPUT for vdhankar:
GAME
WHITE
192.099233865738
........
..W.....
.W.b.b.b
b...b...
.....w.w
w...w.w.
........
w...w...
##### Running: /usr/bin/time -o time_16_kjindal_vdhankar.txt -f "%U" python3 homework.py > stulog.txt 2>&1 on vdhankar #####
child exited with value 1
##### ERROR: /usr/bin/time -o time_16_kjindal_vdhankar.txt -f "%U" python3 homework.py > stulog.txt 2>&1 on vdhankar #####
##### Output of failed program (stdout + stderr): #####
Traceback (most recent call last):
  File "homework.py", line 546, in <module>
    print(end-start)
NameError: name 'end' is not defined
##### End of output of failed program #####
##### vdhankar plays [E e3 d4] in 0.769001960754395s #####
##### Running: /usr/lib/jvm/jdk-14.0.1/bin/java -jar /lab/itti/projects/checkers-competition/server/referee.jar on run_16_kjindal_vdhankar #####
Move is valid
##### SUCCESS: /usr/lib/jvm/jdk-14.0.1/bin/java -jar /lab/itti/projects/checkers-competition/server/referee.jar on run_16_kjindal_vdhankar #####
INPUT for kjindal:
GAME
BLACK
299.13
........
..W.....
.W.b.b.b
b...b...
...w.w.w
w.....w.
........
w...w...
##### Running: /usr/bin/time -o time_16_kjindal_vdhankar.txt -f "%U" python3 homework.py > stulog.txt 2>&1 on kjindal #####
##### SUCCESS: /usr/bin/time -o time_16_kjindal_vdhankar.txt -f "%U" python3 homework.py > stulog.txt 2>&1 on kjindal #####
##### kjindal plays [J e5 c3] in 0.04s #####
##### Running: /usr/lib/jvm/jdk-14.0.1/bin/java -jar /lab/itti/projects/checkers-competition/server/referee.jar on run_16_kjindal_vdhankar #####
Move is valid
##### SUCCESS: /usr/lib/jvm/jdk-14.0.1/bin/java -jar /lab/itti/projects/checkers-competition/server/referee.jar on run_16_kjindal_vdhankar #####
INPUT for vdhankar:
GAME
WHITE
191.330231904984
........
..W.....
.W.b.b.b
b.......
.....w.w
w.b...w.
........
w...w...
##### Running: /usr/bin/time -o time_16_kjindal_vdhankar.txt -f "%U" python3 homework.py > stulog.txt 2>&1 on vdhankar #####
child exited with value 1
##### ERROR: /usr/bin/time -o time_16_kjindal_vdhankar.txt -f "%U" python3 homework.py > stulog.txt 2>&1 on vdhankar #####
##### Output of failed program (stdout + stderr): #####
Traceback (most recent call last):
  File "homework.py", line 546, in <module>
    print(end-start)
NameError: name 'end' is not defined
##### End of output of failed program #####
##### vdhankar plays [J c7 e5 ; J e5 g7] in 0.225404977798462s #####
##### Running: /usr/lib/jvm/jdk-14.0.1/bin/java -jar /lab/itti/projects/checkers-competition/server/referee.jar on run_16_kjindal_vdhankar #####
Move is valid
##### SUCCESS: /usr/lib/jvm/jdk-14.0.1/bin/java -jar /lab/itti/projects/checkers-competition/server/referee.jar on run_16_kjindal_vdhankar #####
INPUT for kjindal:
GAME
BLACK
299.09
........
......W.
.W.....b
b.......
.....w.w
w.b...w.
........
w...w...
##### Running: /usr/bin/time -o time_16_kjindal_vdhankar.txt -f "%U" python3 homework.py > stulog.txt 2>&1 on kjindal #####
##### SUCCESS: /usr/bin/time -o time_16_kjindal_vdhankar.txt -f "%U" python3 homework.py > stulog.txt 2>&1 on kjindal #####
##### kjindal plays [E c3 b2] in 0.06s #####
##### Running: /usr/lib/jvm/jdk-14.0.1/bin/java -jar /lab/itti/projects/checkers-competition/server/referee.jar on run_16_kjindal_vdhankar #####
Move is valid
##### SUCCESS: /usr/lib/jvm/jdk-14.0.1/bin/java -jar /lab/itti/projects/checkers-competition/server/referee.jar on run_16_kjindal_vdhankar #####
INPUT for vdhankar:
GAME
WHITE
191.104826927185
........
......W.
.W.....b
b.......
.....w.w
w.....w.
.b......
w...w...
##### Running: /usr/bin/time -o time_16_kjindal_vdhankar.txt -f "%U" python3 homework.py > stulog.txt 2>&1 on vdhankar #####
child exited with value 1
##### ERROR: /usr/bin/time -o time_16_kjindal_vdhankar.txt -f "%U" python3 homework.py > stulog.txt 2>&1 on vdhankar #####
##### Output of failed program (stdout + stderr): #####
Traceback (most recent call last):
  File "homework.py", line 546, in <module>
    print(end-start)
NameError: name 'end' is not defined
##### End of output of failed program #####
##### vdhankar plays [J a1 c3] in 0.260353803634644s #####
##### Running: /usr/lib/jvm/jdk-14.0.1/bin/java -jar /lab/itti/projects/checkers-competition/server/referee.jar on run_16_kjindal_vdhankar #####
Move is valid
##### SUCCESS: /usr/lib/jvm/jdk-14.0.1/bin/java -jar /lab/itti/projects/checkers-competition/server/referee.jar on run_16_kjindal_vdhankar #####
INPUT for kjindal:
GAME
BLACK
299.03
........
......W.
.W.....b
b.......
.....w.w
w.w...w.
........
....w...
##### Running: /usr/bin/time -o time_16_kjindal_vdhankar.txt -f "%U" python3 homework.py > stulog.txt 2>&1 on kjindal #####
##### SUCCESS: /usr/bin/time -o time_16_kjindal_vdhankar.txt -f "%U" python3 homework.py > stulog.txt 2>&1 on kjindal #####
##### kjindal plays [E h6 g5] in 0.03s #####
##### Running: /usr/lib/jvm/jdk-14.0.1/bin/java -jar /lab/itti/projects/checkers-competition/server/referee.jar on run_16_kjindal_vdhankar #####
Move is valid
##### SUCCESS: /usr/lib/jvm/jdk-14.0.1/bin/java -jar /lab/itti/projects/checkers-competition/server/referee.jar on run_16_kjindal_vdhankar #####
INPUT for vdhankar:
GAME
WHITE
190.84447312355
........
......W.
.W......
b.....b.
.....w.w
w.w...w.
........
....w...
##### Running: /usr/bin/time -o time_16_kjindal_vdhankar.txt -f "%U" python3 homework.py > stulog.txt 2>&1 on vdhankar #####
child exited with value 1
##### ERROR: /usr/bin/time -o time_16_kjindal_vdhankar.txt -f "%U" python3 homework.py > stulog.txt 2>&1 on vdhankar #####
##### Output of failed program (stdout + stderr): #####
Traceback (most recent call last):
  File "homework.py", line 546, in <module>
    print(end-start)
NameError: name 'end' is not defined
##### End of output of failed program #####
##### vdhankar plays [J f4 h6] in 0.202409029006958s #####
##### Running: /usr/lib/jvm/jdk-14.0.1/bin/java -jar /lab/itti/projects/checkers-competition/server/referee.jar on run_16_kjindal_vdhankar #####
Move is valid
##### SUCCESS: /usr/lib/jvm/jdk-14.0.1/bin/java -jar /lab/itti/projects/checkers-competition/server/referee.jar on run_16_kjindal_vdhankar #####
INPUT for kjindal:
GAME
BLACK
299
........
......W.
.W.....w
b.......
.......w
w.w...w.
........
....w...
##### Running: /usr/bin/time -o time_16_kjindal_vdhankar.txt -f "%U" python3 homework.py > stulog.txt 2>&1 on kjindal #####
##### SUCCESS: /usr/bin/time -o time_16_kjindal_vdhankar.txt -f "%U" python3 homework.py > stulog.txt 2>&1 on kjindal #####
##### kjindal plays [E a5 b4] in 0.07s #####
##### Running: /usr/lib/jvm/jdk-14.0.1/bin/java -jar /lab/itti/projects/checkers-competition/server/referee.jar on run_16_kjindal_vdhankar #####
Move is valid
##### SUCCESS: /usr/lib/jvm/jdk-14.0.1/bin/java -jar /lab/itti/projects/checkers-competition/server/referee.jar on run_16_kjindal_vdhankar #####
INPUT for vdhankar:
GAME
WHITE
190.642064094543
........
......W.
.W.....w
........
.b.....w
w.w...w.
........
....w...
##### Running: /usr/bin/time -o time_16_kjindal_vdhankar.txt -f "%U" python3 homework.py > stulog.txt 2>&1 on vdhankar #####
child exited with value 1
##### ERROR: /usr/bin/time -o time_16_kjindal_vdhankar.txt -f "%U" python3 homework.py > stulog.txt 2>&1 on vdhankar #####
##### Output of failed program (stdout + stderr): #####
Traceback (most recent call last):
  File "homework.py", line 546, in <module>
    print(end-start)
NameError: name 'end' is not defined
##### End of output of failed program #####
##### vdhankar plays [J a3 c5] in 0.20597505569458s #####
##### Running: /usr/lib/jvm/jdk-14.0.1/bin/java -jar /lab/itti/projects/checkers-competition/server/referee.jar on run_16_kjindal_vdhankar #####
Move is valid
After this move, player BLACK cannot make any moves
*** Winner: WHITE ***
##### SUCCESS: /usr/lib/jvm/jdk-14.0.1/bin/java -jar /lab/itti/projects/checkers-competition/server/referee.jar on run_16_kjindal_vdhankar #####
##### GAME OVER: vdhankar wins the game! #####
Server said: WIN
########## ROUND 16 GAMESCORE AFTER GAME 4: kjindal=2 and vdhankar=2 ##########


########## TIE ON ROUND 16 - BOTH PLAYERS ADVANCE TO NEXT ROUND ##########
