#################### ROUND 11: ruizezha (W) vs vdhankar (B): game 1 ####################
##### game start! #####
INPUT for vdhankar:
GAME
BLACK
300
.b.b.b.b
b.b.b.b.
.b.b.b.b
........
........
w.w.w.w.
.w.w.w.w
w.w.w.w.
##### Running: /usr/bin/time -o time_11_ruizezha_vdhankar.txt -f "%U" python3 homework.py > stulog.txt 2>&1 on vdhankar #####
child exited with value 1
##### ERROR: /usr/bin/time -o time_11_ruizezha_vdhankar.txt -f "%U" python3 homework.py > stulog.txt 2>&1 on vdhankar #####
##### Output of failed program (stdout + stderr): #####
Traceback (most recent call last):
  File "homework.py", line 546, in <module>
    print(end-start)
NameError: name 'end' is not defined
##### End of output of failed program #####
##### vdhankar plays [E h6 g5] in 6.10302209854126s #####
##### Running: /usr/lib/jvm/jdk-14.0.1/bin/java -jar /lab/itti/projects/checkers-competition/server/referee.jar on run_11_ruizezha_vdhankar #####
Move is valid
Couldn't read file 'current_ply.txt'
Couldn't read content from file 'current_ply.txt'
Couldn't read file 'lastmatchange_ply.txt'
Couldn't read content from file 'lastmatchange_ply.txt'
##### SUCCESS: /usr/lib/jvm/jdk-14.0.1/bin/java -jar /lab/itti/projects/checkers-competition/server/referee.jar on run_11_ruizezha_vdhankar #####
INPUT for ruizezha:
GAME
WHITE
300
.b.b.b.b
b.b.b.b.
.b.b.b..
......b.
........
w.w.w.w.
.w.w.w.w
w.w.w.w.
##### Running: /usr/bin/time -o time_11_ruizezha_vdhankar.txt -f "%U" python3 homework.py > stulog.txt 2>&1 on ruizezha #####
##### SUCCESS: /usr/bin/time -o time_11_ruizezha_vdhankar.txt -f "%U" python3 homework.py > stulog.txt 2>&1 on ruizezha #####
##### ruizezha plays [E a3 b4] in 10.02s #####
##### Running: /usr/lib/jvm/jdk-14.0.1/bin/java -jar /lab/itti/projects/checkers-competition/server/referee.jar on run_11_ruizezha_vdhankar #####
Move is valid
##### SUCCESS: /usr/lib/jvm/jdk-14.0.1/bin/java -jar /lab/itti/projects/checkers-competition/server/referee.jar on run_11_ruizezha_vdhankar #####
INPUT for vdhankar:
GAME
BLACK
293.896977901459
.b.b.b.b
b.b.b.b.
.b.b.b..
......b.
.w......
..w.w.w.
.w.w.w.w
w.w.w.w.
##### Running: /usr/bin/time -o time_11_ruizezha_vdhankar.txt -f "%U" python3 homework.py > stulog.txt 2>&1 on vdhankar #####
child exited with value 1
##### ERROR: /usr/bin/time -o time_11_ruizezha_vdhankar.txt -f "%U" python3 homework.py > stulog.txt 2>&1 on vdhankar #####
##### Output of failed program (stdout + stderr): #####
Traceback (most recent call last):
  File "homework.py", line 546, in <module>
    print(end-start)
NameError: name 'end' is not defined
##### End of output of failed program #####
##### vdhankar plays [E g5 h4] in 6.249342918396s #####
##### Running: /usr/lib/jvm/jdk-14.0.1/bin/java -jar /lab/itti/projects/checkers-competition/server/referee.jar on run_11_ruizezha_vdhankar #####
Move is valid
##### SUCCESS: /usr/lib/jvm/jdk-14.0.1/bin/java -jar /lab/itti/projects/checkers-competition/server/referee.jar on run_11_ruizezha_vdhankar #####
INPUT for ruizezha:
GAME
WHITE
289.98
.b.b.b.b
b.b.b.b.
.b.b.b..
........
.w.....b
..w.w.w.
.w.w.w.w
w.w.w.w.
##### Running: /usr/bin/time -o time_11_ruizezha_vdhankar.txt -f "%U" python3 homework.py > stulog.txt 2>&1 on ruizezha #####
##### SUCCESS: /usr/bin/time -o time_11_ruizezha_vdhankar.txt -f "%U" python3 homework.py > stulog.txt 2>&1 on ruizezha #####
##### ruizezha plays [E b4 c5] in 13.29s #####
##### Running: /usr/lib/jvm/jdk-14.0.1/bin/java -jar /lab/itti/projects/checkers-competition/server/referee.jar on run_11_ruizezha_vdhankar #####
Move is valid
##### SUCCESS: /usr/lib/jvm/jdk-14.0.1/bin/java -jar /lab/itti/projects/checkers-competition/server/referee.jar on run_11_ruizezha_vdhankar #####
INPUT for vdhankar:
GAME
BLACK
287.647634983063
.b.b.b.b
b.b.b.b.
.b.b.b..
..w.....
.......b
..w.w.w.
.w.w.w.w
w.w.w.w.
##### Running: /usr/bin/time -o time_11_ruizezha_vdhankar.txt -f "%U" python3 homework.py > stulog.txt 2>&1 on vdhankar #####
child exited with value 1
##### ERROR: /usr/bin/time -o time_11_ruizezha_vdhankar.txt -f "%U" python3 homework.py > stulog.txt 2>&1 on vdhankar #####
##### Output of failed program (stdout + stderr): #####
Traceback (most recent call last):
  File "homework.py", line 546, in <module>
    print(end-start)
NameError: name 'end' is not defined
##### End of output of failed program #####
##### vdhankar plays [J b6 d4] in 0.95378589630127s #####
##### Running: /usr/lib/jvm/jdk-14.0.1/bin/java -jar /lab/itti/projects/checkers-competition/server/referee.jar on run_11_ruizezha_vdhankar #####
Move is valid
##### SUCCESS: /usr/lib/jvm/jdk-14.0.1/bin/java -jar /lab/itti/projects/checkers-competition/server/referee.jar on run_11_ruizezha_vdhankar #####
INPUT for ruizezha:
GAME
WHITE
276.69
.b.b.b.b
b.b.b.b.
...b.b..
........
...b...b
..w.w.w.
.w.w.w.w
w.w.w.w.
##### Running: /usr/bin/time -o time_11_ruizezha_vdhankar.txt -f "%U" python3 homework.py > stulog.txt 2>&1 on ruizezha #####
##### SUCCESS: /usr/bin/time -o time_11_ruizezha_vdhankar.txt -f "%U" python3 homework.py > stulog.txt 2>&1 on ruizezha #####
##### ruizezha plays [J e3 c5] in 1.45s #####
##### Running: /usr/lib/jvm/jdk-14.0.1/bin/java -jar /lab/itti/projects/checkers-competition/server/referee.jar on run_11_ruizezha_vdhankar #####
Move is valid
##### SUCCESS: /usr/lib/jvm/jdk-14.0.1/bin/java -jar /lab/itti/projects/checkers-competition/server/referee.jar on run_11_ruizezha_vdhankar #####
INPUT for vdhankar:
GAME
BLACK
286.693849086761
.b.b.b.b
b.b.b.b.
...b.b..
..w.....
.......b
..w...w.
.w.w.w.w
w.w.w.w.
##### Running: /usr/bin/time -o time_11_ruizezha_vdhankar.txt -f "%U" python3 homework.py > stulog.txt 2>&1 on vdhankar #####
child exited with value 1
##### ERROR: /usr/bin/time -o time_11_ruizezha_vdhankar.txt -f "%U" python3 homework.py > stulog.txt 2>&1 on vdhankar #####
##### Output of failed program (stdout + stderr): #####
Traceback (most recent call last):
  File "homework.py", line 546, in <module>
    print(end-start)
NameError: name 'end' is not defined
##### End of output of failed program #####
##### vdhankar plays [J d6 b4] in 2.18662190437317s #####
##### Running: /usr/lib/jvm/jdk-14.0.1/bin/java -jar /lab/itti/projects/checkers-competition/server/referee.jar on run_11_ruizezha_vdhankar #####
Move is valid
##### SUCCESS: /usr/lib/jvm/jdk-14.0.1/bin/java -jar /lab/itti/projects/checkers-competition/server/referee.jar on run_11_ruizezha_vdhankar #####
INPUT for ruizezha:
GAME
WHITE
275.24
.b.b.b.b
b.b.b.b.
.....b..
........
.b.....b
..w...w.
.w.w.w.w
w.w.w.w.
##### Running: /usr/bin/time -o time_11_ruizezha_vdhankar.txt -f "%U" python3 homework.py > stulog.txt 2>&1 on ruizezha #####
##### SUCCESS: /usr/bin/time -o time_11_ruizezha_vdhankar.txt -f "%U" python3 homework.py > stulog.txt 2>&1 on ruizezha #####
##### ruizezha plays [J c3 a5] in 1.24s #####
##### Running: /usr/lib/jvm/jdk-14.0.1/bin/java -jar /lab/itti/projects/checkers-competition/server/referee.jar on run_11_ruizezha_vdhankar #####
Move is valid
##### SUCCESS: /usr/lib/jvm/jdk-14.0.1/bin/java -jar /lab/itti/projects/checkers-competition/server/referee.jar on run_11_ruizezha_vdhankar #####
INPUT for vdhankar:
GAME
BLACK
284.507227182388
.b.b.b.b
b.b.b.b.
.....b..
w.......
.......b
......w.
.w.w.w.w
w.w.w.w.
##### Running: /usr/bin/time -o time_11_ruizezha_vdhankar.txt -f "%U" python3 homework.py > stulog.txt 2>&1 on vdhankar #####
child exited with value 1
##### ERROR: /usr/bin/time -o time_11_ruizezha_vdhankar.txt -f "%U" python3 homework.py > stulog.txt 2>&1 on vdhankar #####
##### Output of failed program (stdout + stderr): #####
Traceback (most recent call last):
  File "homework.py", line 546, in <module>
    print(end-start)
NameError: name 'end' is not defined
##### End of output of failed program #####
##### vdhankar plays [E e7 d6] in 24.8161110877991s #####
##### Running: /usr/lib/jvm/jdk-14.0.1/bin/java -jar /lab/itti/projects/checkers-competition/server/referee.jar on run_11_ruizezha_vdhankar #####
Move is valid
##### SUCCESS: /usr/lib/jvm/jdk-14.0.1/bin/java -jar /lab/itti/projects/checkers-competition/server/referee.jar on run_11_ruizezha_vdhankar #####
INPUT for ruizezha:
GAME
WHITE
274
.b.b.b.b
b.b...b.
...b.b..
w.......
.......b
......w.
.w.w.w.w
w.w.w.w.
##### Running: /usr/bin/time -o time_11_ruizezha_vdhankar.txt -f "%U" python3 homework.py > stulog.txt 2>&1 on ruizezha #####
##### SUCCESS: /usr/bin/time -o time_11_ruizezha_vdhankar.txt -f "%U" python3 homework.py > stulog.txt 2>&1 on ruizezha #####
##### ruizezha plays [E b2 c3] in 3.62s #####
##### Running: /usr/lib/jvm/jdk-14.0.1/bin/java -jar /lab/itti/projects/checkers-competition/server/referee.jar on run_11_ruizezha_vdhankar #####
Move is valid
##### SUCCESS: /usr/lib/jvm/jdk-14.0.1/bin/java -jar /lab/itti/projects/checkers-competition/server/referee.jar on run_11_ruizezha_vdhankar #####
INPUT for vdhankar:
GAME
BLACK
259.691116094589
.b.b.b.b
b.b...b.
...b.b..
w.......
.......b
..w...w.
...w.w.w
w.w.w.w.
##### Running: /usr/bin/time -o time_11_ruizezha_vdhankar.txt -f "%U" python3 homework.py > stulog.txt 2>&1 on vdhankar #####
child exited with value 1
##### ERROR: /usr/bin/time -o time_11_ruizezha_vdhankar.txt -f "%U" python3 homework.py > stulog.txt 2>&1 on vdhankar #####
##### Output of failed program (stdout + stderr): #####
Traceback (most recent call last):
  File "homework.py", line 546, in <module>
    print(end-start)
NameError: name 'end' is not defined
##### End of output of failed program #####
##### vdhankar plays [E f6 g5] in 31.3570950031281s #####
##### Running: /usr/lib/jvm/jdk-14.0.1/bin/java -jar /lab/itti/projects/checkers-competition/server/referee.jar on run_11_ruizezha_vdhankar #####
Move is valid
##### SUCCESS: /usr/lib/jvm/jdk-14.0.1/bin/java -jar /lab/itti/projects/checkers-competition/server/referee.jar on run_11_ruizezha_vdhankar #####
INPUT for ruizezha:
GAME
WHITE
270.38
.b.b.b.b
b.b...b.
...b....
w.....b.
.......b
..w...w.
...w.w.w
w.w.w.w.
##### Running: /usr/bin/time -o time_11_ruizezha_vdhankar.txt -f "%U" python3 homework.py > stulog.txt 2>&1 on ruizezha #####
##### SUCCESS: /usr/bin/time -o time_11_ruizezha_vdhankar.txt -f "%U" python3 homework.py > stulog.txt 2>&1 on ruizezha #####
##### ruizezha plays [E a1 b2] in 3.86s #####
##### Running: /usr/lib/jvm/jdk-14.0.1/bin/java -jar /lab/itti/projects/checkers-competition/server/referee.jar on run_11_ruizezha_vdhankar #####
Move is valid
##### SUCCESS: /usr/lib/jvm/jdk-14.0.1/bin/java -jar /lab/itti/projects/checkers-competition/server/referee.jar on run_11_ruizezha_vdhankar #####
INPUT for vdhankar:
GAME
BLACK
228.334021091461
.b.b.b.b
b.b...b.
...b....
w.....b.
.......b
..w...w.
.w.w.w.w
..w.w.w.
##### Running: /usr/bin/time -o time_11_ruizezha_vdhankar.txt -f "%U" python3 homework.py > stulog.txt 2>&1 on vdhankar #####
child exited with value 1
##### ERROR: /usr/bin/time -o time_11_ruizezha_vdhankar.txt -f "%U" python3 homework.py > stulog.txt 2>&1 on vdhankar #####
##### Output of failed program (stdout + stderr): #####
Traceback (most recent call last):
  File "homework.py", line 546, in <module>
    print(end-start)
NameError: name 'end' is not defined
##### End of output of failed program #####
##### vdhankar plays [E d6 e5] in 23.8476240634918s #####
##### Running: /usr/lib/jvm/jdk-14.0.1/bin/java -jar /lab/itti/projects/checkers-competition/server/referee.jar on run_11_ruizezha_vdhankar #####
Move is valid
##### SUCCESS: /usr/lib/jvm/jdk-14.0.1/bin/java -jar /lab/itti/projects/checkers-competition/server/referee.jar on run_11_ruizezha_vdhankar #####
INPUT for ruizezha:
GAME
WHITE
266.52
.b.b.b.b
b.b...b.
........
w...b.b.
.......b
..w...w.
.w.w.w.w
..w.w.w.
##### Running: /usr/bin/time -o time_11_ruizezha_vdhankar.txt -f "%U" python3 homework.py > stulog.txt 2>&1 on ruizezha #####
##### SUCCESS: /usr/bin/time -o time_11_ruizezha_vdhankar.txt -f "%U" python3 homework.py > stulog.txt 2>&1 on ruizezha #####
##### ruizezha plays [E b2 a3] in 3.28s #####
##### Running: /usr/lib/jvm/jdk-14.0.1/bin/java -jar /lab/itti/projects/checkers-competition/server/referee.jar on run_11_ruizezha_vdhankar #####
Move is valid
##### SUCCESS: /usr/lib/jvm/jdk-14.0.1/bin/java -jar /lab/itti/projects/checkers-competition/server/referee.jar on run_11_ruizezha_vdhankar #####
INPUT for vdhankar:
GAME
BLACK
204.486397027969
.b.b.b.b
b.b...b.
........
w...b.b.
.......b
w.w...w.
...w.w.w
..w.w.w.
##### Running: /usr/bin/time -o time_11_ruizezha_vdhankar.txt -f "%U" python3 homework.py > stulog.txt 2>&1 on vdhankar #####
child exited with value 1
##### ERROR: /usr/bin/time -o time_11_ruizezha_vdhankar.txt -f "%U" python3 homework.py > stulog.txt 2>&1 on vdhankar #####
##### Output of failed program (stdout + stderr): #####
Traceback (most recent call last):
  File "homework.py", line 546, in <module>
    print(end-start)
NameError: name 'end' is not defined
##### End of output of failed program #####
##### vdhankar plays [E g7 h6] in 14.6782600879669s #####
##### Running: /usr/lib/jvm/jdk-14.0.1/bin/java -jar /lab/itti/projects/checkers-competition/server/referee.jar on run_11_ruizezha_vdhankar #####
Move is valid
##### SUCCESS: /usr/lib/jvm/jdk-14.0.1/bin/java -jar /lab/itti/projects/checkers-competition/server/referee.jar on run_11_ruizezha_vdhankar #####
INPUT for ruizezha:
GAME
WHITE
263.24
.b.b.b.b
b.b.....
.......b
w...b.b.
.......b
w.w...w.
...w.w.w
..w.w.w.
##### Running: /usr/bin/time -o time_11_ruizezha_vdhankar.txt -f "%U" python3 homework.py > stulog.txt 2>&1 on ruizezha #####
##### SUCCESS: /usr/bin/time -o time_11_ruizezha_vdhankar.txt -f "%U" python3 homework.py > stulog.txt 2>&1 on ruizezha #####
##### ruizezha plays [E c3 d4] in 2.65s #####
##### Running: /usr/lib/jvm/jdk-14.0.1/bin/java -jar /lab/itti/projects/checkers-competition/server/referee.jar on run_11_ruizezha_vdhankar #####
Move is valid
##### SUCCESS: /usr/lib/jvm/jdk-14.0.1/bin/java -jar /lab/itti/projects/checkers-competition/server/referee.jar on run_11_ruizezha_vdhankar #####
INPUT for vdhankar:
GAME
BLACK
189.808136940002
.b.b.b.b
b.b.....
.......b
w...b.b.
...w...b
w.....w.
...w.w.w
..w.w.w.
##### Running: /usr/bin/time -o time_11_ruizezha_vdhankar.txt -f "%U" python3 homework.py > stulog.txt 2>&1 on vdhankar #####
child exited with value 1
##### ERROR: /usr/bin/time -o time_11_ruizezha_vdhankar.txt -f "%U" python3 homework.py > stulog.txt 2>&1 on vdhankar #####
##### Output of failed program (stdout + stderr): #####
Traceback (most recent call last):
  File "homework.py", line 546, in <module>
    print(end-start)
NameError: name 'end' is not defined
##### End of output of failed program #####
##### vdhankar plays [J e5 c3] in 1.26098608970642s #####
##### Running: /usr/lib/jvm/jdk-14.0.1/bin/java -jar /lab/itti/projects/checkers-competition/server/referee.jar on run_11_ruizezha_vdhankar #####
Move is valid
##### SUCCESS: /usr/lib/jvm/jdk-14.0.1/bin/java -jar /lab/itti/projects/checkers-competition/server/referee.jar on run_11_ruizezha_vdhankar #####
INPUT for ruizezha:
GAME
WHITE
260.59
.b.b.b.b
b.b.....
.......b
w.....b.
.......b
w.b...w.
...w.w.w
..w.w.w.
##### Running: /usr/bin/time -o time_11_ruizezha_vdhankar.txt -f "%U" python3 homework.py > stulog.txt 2>&1 on ruizezha #####
##### SUCCESS: /usr/bin/time -o time_11_ruizezha_vdhankar.txt -f "%U" python3 homework.py > stulog.txt 2>&1 on ruizezha #####
##### ruizezha plays [J d2 b4] in 0.65s #####
##### Running: /usr/lib/jvm/jdk-14.0.1/bin/java -jar /lab/itti/projects/checkers-competition/server/referee.jar on run_11_ruizezha_vdhankar #####
Move is valid
##### SUCCESS: /usr/lib/jvm/jdk-14.0.1/bin/java -jar /lab/itti/projects/checkers-competition/server/referee.jar on run_11_ruizezha_vdhankar #####
INPUT for vdhankar:
GAME
BLACK
188.547150850296
.b.b.b.b
b.b.....
.......b
w.....b.
.w.....b
w.....w.
.....w.w
..w.w.w.
##### Running: /usr/bin/time -o time_11_ruizezha_vdhankar.txt -f "%U" python3 homework.py > stulog.txt 2>&1 on vdhankar #####
child exited with value 1
##### ERROR: /usr/bin/time -o time_11_ruizezha_vdhankar.txt -f "%U" python3 homework.py > stulog.txt 2>&1 on vdhankar #####
##### Output of failed program (stdout + stderr): #####
Traceback (most recent call last):
  File "homework.py", line 546, in <module>
    print(end-start)
NameError: name 'end' is not defined
##### End of output of failed program #####
##### vdhankar plays [E c7 d6] in 6.18555307388306s #####
##### Running: /usr/lib/jvm/jdk-14.0.1/bin/java -jar /lab/itti/projects/checkers-competition/server/referee.jar on run_11_ruizezha_vdhankar #####
Move is valid
##### SUCCESS: /usr/lib/jvm/jdk-14.0.1/bin/java -jar /lab/itti/projects/checkers-competition/server/referee.jar on run_11_ruizezha_vdhankar #####
INPUT for ruizezha:
GAME
WHITE
259.94
.b.b.b.b
b.......
...b...b
w.....b.
.w.....b
w.....w.
.....w.w
..w.w.w.
##### Running: /usr/bin/time -o time_11_ruizezha_vdhankar.txt -f "%U" python3 homework.py > stulog.txt 2>&1 on ruizezha #####
##### SUCCESS: /usr/bin/time -o time_11_ruizezha_vdhankar.txt -f "%U" python3 homework.py > stulog.txt 2>&1 on ruizezha #####
##### ruizezha plays [E g3 f4] in 1.85s #####
##### Running: /usr/lib/jvm/jdk-14.0.1/bin/java -jar /lab/itti/projects/checkers-competition/server/referee.jar on run_11_ruizezha_vdhankar #####
Move is valid
##### SUCCESS: /usr/lib/jvm/jdk-14.0.1/bin/java -jar /lab/itti/projects/checkers-competition/server/referee.jar on run_11_ruizezha_vdhankar #####
INPUT for vdhankar:
GAME
BLACK
182.361597776413
.b.b.b.b
b.......
...b...b
w.....b.
.w...w.b
w.......
.....w.w
..w.w.w.
##### Running: /usr/bin/time -o time_11_ruizezha_vdhankar.txt -f "%U" python3 homework.py > stulog.txt 2>&1 on vdhankar #####
child exited with value 1
##### ERROR: /usr/bin/time -o time_11_ruizezha_vdhankar.txt -f "%U" python3 homework.py > stulog.txt 2>&1 on vdhankar #####
##### Output of failed program (stdout + stderr): #####
Traceback (most recent call last):
  File "homework.py", line 546, in <module>
    print(end-start)
NameError: name 'end' is not defined
##### End of output of failed program #####
##### vdhankar plays [J g5 e3] in 3.19875693321228s #####
##### Running: /usr/lib/jvm/jdk-14.0.1/bin/java -jar /lab/itti/projects/checkers-competition/server/referee.jar on run_11_ruizezha_vdhankar #####
Move is valid
##### SUCCESS: /usr/lib/jvm/jdk-14.0.1/bin/java -jar /lab/itti/projects/checkers-competition/server/referee.jar on run_11_ruizezha_vdhankar #####
INPUT for ruizezha:
GAME
WHITE
258.09
.b.b.b.b
b.......
...b...b
w.......
.w.....b
w...b...
.....w.w
..w.w.w.
##### Running: /usr/bin/time -o time_11_ruizezha_vdhankar.txt -f "%U" python3 homework.py > stulog.txt 2>&1 on ruizezha #####
##### SUCCESS: /usr/bin/time -o time_11_ruizezha_vdhankar.txt -f "%U" python3 homework.py > stulog.txt 2>&1 on ruizezha #####
##### ruizezha plays [J f2 d4] in 1.59s #####
##### Running: /usr/lib/jvm/jdk-14.0.1/bin/java -jar /lab/itti/projects/checkers-competition/server/referee.jar on run_11_ruizezha_vdhankar #####
Move is valid
##### SUCCESS: /usr/lib/jvm/jdk-14.0.1/bin/java -jar /lab/itti/projects/checkers-competition/server/referee.jar on run_11_ruizezha_vdhankar #####
INPUT for vdhankar:
GAME
BLACK
179.162840843201
.b.b.b.b
b.......
...b...b
w.......
.w.w...b
w.......
.......w
..w.w.w.
##### Running: /usr/bin/time -o time_11_ruizezha_vdhankar.txt -f "%U" python3 homework.py > stulog.txt 2>&1 on vdhankar #####
child exited with value 1
##### ERROR: /usr/bin/time -o time_11_ruizezha_vdhankar.txt -f "%U" python3 homework.py > stulog.txt 2>&1 on vdhankar #####
##### Output of failed program (stdout + stderr): #####
Traceback (most recent call last):
  File "homework.py", line 546, in <module>
    print(end-start)
NameError: name 'end' is not defined
##### End of output of failed program #####
##### vdhankar plays [E f8 g7] in 24.346794128418s #####
##### Running: /usr/lib/jvm/jdk-14.0.1/bin/java -jar /lab/itti/projects/checkers-competition/server/referee.jar on run_11_ruizezha_vdhankar #####
Move is valid
##### SUCCESS: /usr/lib/jvm/jdk-14.0.1/bin/java -jar /lab/itti/projects/checkers-competition/server/referee.jar on run_11_ruizezha_vdhankar #####
INPUT for ruizezha:
GAME
WHITE
256.5
.b.b...b
b.....b.
...b...b
w.......
.w.w...b
w.......
.......w
..w.w.w.
##### Running: /usr/bin/time -o time_11_ruizezha_vdhankar.txt -f "%U" python3 homework.py > stulog.txt 2>&1 on ruizezha #####
##### SUCCESS: /usr/bin/time -o time_11_ruizezha_vdhankar.txt -f "%U" python3 homework.py > stulog.txt 2>&1 on ruizezha #####
##### ruizezha plays [E d4 c5] in 4.58s #####
##### Running: /usr/lib/jvm/jdk-14.0.1/bin/java -jar /lab/itti/projects/checkers-competition/server/referee.jar on run_11_ruizezha_vdhankar #####
Move is valid
##### SUCCESS: /usr/lib/jvm/jdk-14.0.1/bin/java -jar /lab/itti/projects/checkers-competition/server/referee.jar on run_11_ruizezha_vdhankar #####
INPUT for vdhankar:
GAME
BLACK
154.816046714783
.b.b...b
b.....b.
...b...b
w.w.....
.w.....b
w.......
.......w
..w.w.w.
##### Running: /usr/bin/time -o time_11_ruizezha_vdhankar.txt -f "%U" python3 homework.py > stulog.txt 2>&1 on vdhankar #####
child exited with value 1
##### ERROR: /usr/bin/time -o time_11_ruizezha_vdhankar.txt -f "%U" python3 homework.py > stulog.txt 2>&1 on vdhankar #####
##### Output of failed program (stdout + stderr): #####
Traceback (most recent call last):
  File "homework.py", line 546, in <module>
    print(end-start)
NameError: name 'end' is not defined
##### End of output of failed program #####
##### vdhankar plays [E d6 e5] in 11.6391310691833s #####
##### Running: /usr/lib/jvm/jdk-14.0.1/bin/java -jar /lab/itti/projects/checkers-competition/server/referee.jar on run_11_ruizezha_vdhankar #####
Move is valid
##### SUCCESS: /usr/lib/jvm/jdk-14.0.1/bin/java -jar /lab/itti/projects/checkers-competition/server/referee.jar on run_11_ruizezha_vdhankar #####
INPUT for ruizezha:
GAME
WHITE
251.92
.b.b...b
b.....b.
.......b
w.w.b...
.w.....b
w.......
.......w
..w.w.w.
##### Running: /usr/bin/time -o time_11_ruizezha_vdhankar.txt -f "%U" python3 homework.py > stulog.txt 2>&1 on ruizezha #####
##### SUCCESS: /usr/bin/time -o time_11_ruizezha_vdhankar.txt -f "%U" python3 homework.py > stulog.txt 2>&1 on ruizezha #####
##### ruizezha plays [E h2 g3] in 5.72s #####
##### Running: /usr/lib/jvm/jdk-14.0.1/bin/java -jar /lab/itti/projects/checkers-competition/server/referee.jar on run_11_ruizezha_vdhankar #####
Move is valid
##### SUCCESS: /usr/lib/jvm/jdk-14.0.1/bin/java -jar /lab/itti/projects/checkers-competition/server/referee.jar on run_11_ruizezha_vdhankar #####
INPUT for vdhankar:
GAME
BLACK
143.176915645599
.b.b...b
b.....b.
.......b
w.w.b...
.w.....b
w.....w.
........
..w.w.w.
##### Running: /usr/bin/time -o time_11_ruizezha_vdhankar.txt -f "%U" python3 homework.py > stulog.txt 2>&1 on vdhankar #####
child exited with value 1
##### ERROR: /usr/bin/time -o time_11_ruizezha_vdhankar.txt -f "%U" python3 homework.py > stulog.txt 2>&1 on vdhankar #####
##### Output of failed program (stdout + stderr): #####
Traceback (most recent call last):
  File "homework.py", line 546, in <module>
    print(end-start)
NameError: name 'end' is not defined
##### End of output of failed program #####
##### vdhankar plays [J h4 f2] in 4.93540096282959s #####
##### Running: /usr/lib/jvm/jdk-14.0.1/bin/java -jar /lab/itti/projects/checkers-competition/server/referee.jar on run_11_ruizezha_vdhankar #####
Move is valid
##### SUCCESS: /usr/lib/jvm/jdk-14.0.1/bin/java -jar /lab/itti/projects/checkers-competition/server/referee.jar on run_11_ruizezha_vdhankar #####
INPUT for ruizezha:
GAME
WHITE
246.2
.b.b...b
b.....b.
.......b
w.w.b...
.w......
w.......
.....b..
..w.w.w.
##### Running: /usr/bin/time -o time_11_ruizezha_vdhankar.txt -f "%U" python3 homework.py > stulog.txt 2>&1 on ruizezha #####
##### SUCCESS: /usr/bin/time -o time_11_ruizezha_vdhankar.txt -f "%U" python3 homework.py > stulog.txt 2>&1 on ruizezha #####
##### ruizezha plays [J e1 g3] in 2.33s #####
##### Running: /usr/lib/jvm/jdk-14.0.1/bin/java -jar /lab/itti/projects/checkers-competition/server/referee.jar on run_11_ruizezha_vdhankar #####
Move is valid
##### SUCCESS: /usr/lib/jvm/jdk-14.0.1/bin/java -jar /lab/itti/projects/checkers-competition/server/referee.jar on run_11_ruizezha_vdhankar #####
INPUT for vdhankar:
GAME
BLACK
138.24151468277
.b.b...b
b.....b.
.......b
w.w.b...
.w......
w.....w.
........
..w...w.
##### Running: /usr/bin/time -o time_11_ruizezha_vdhankar.txt -f "%U" python3 homework.py > stulog.txt 2>&1 on vdhankar #####
child exited with value 1
##### ERROR: /usr/bin/time -o time_11_ruizezha_vdhankar.txt -f "%U" python3 homework.py > stulog.txt 2>&1 on vdhankar #####
##### Output of failed program (stdout + stderr): #####
Traceback (most recent call last):
  File "homework.py", line 546, in <module>
    print(end-start)
NameError: name 'end' is not defined
##### End of output of failed program #####
##### vdhankar plays [E h6 g5] in 23.7675650119781s #####
##### Running: /usr/lib/jvm/jdk-14.0.1/bin/java -jar /lab/itti/projects/checkers-competition/server/referee.jar on run_11_ruizezha_vdhankar #####
Move is valid
##### SUCCESS: /usr/lib/jvm/jdk-14.0.1/bin/java -jar /lab/itti/projects/checkers-competition/server/referee.jar on run_11_ruizezha_vdhankar #####
INPUT for ruizezha:
GAME
WHITE
243.87
.b.b...b
b.....b.
........
w.w.b.b.
.w......
w.....w.
........
..w...w.
##### Running: /usr/bin/time -o time_11_ruizezha_vdhankar.txt -f "%U" python3 homework.py > stulog.txt 2>&1 on ruizezha #####
##### SUCCESS: /usr/bin/time -o time_11_ruizezha_vdhankar.txt -f "%U" python3 homework.py > stulog.txt 2>&1 on ruizezha #####
##### ruizezha plays [E g3 h4] in 5.84s #####
##### Running: /usr/lib/jvm/jdk-14.0.1/bin/java -jar /lab/itti/projects/checkers-competition/server/referee.jar on run_11_ruizezha_vdhankar #####
Move is valid
##### SUCCESS: /usr/lib/jvm/jdk-14.0.1/bin/java -jar /lab/itti/projects/checkers-competition/server/referee.jar on run_11_ruizezha_vdhankar #####
INPUT for vdhankar:
GAME
BLACK
114.473949670792
.b.b...b
b.....b.
........
w.w.b.b.
.w.....w
w.......
........
..w...w.
##### Running: /usr/bin/time -o time_11_ruizezha_vdhankar.txt -f "%U" python3 homework.py > stulog.txt 2>&1 on vdhankar #####
child exited with value 1
##### ERROR: /usr/bin/time -o time_11_ruizezha_vdhankar.txt -f "%U" python3 homework.py > stulog.txt 2>&1 on vdhankar #####
##### Output of failed program (stdout + stderr): #####
Traceback (most recent call last):
  File "homework.py", line 546, in <module>
    print(end-start)
NameError: name 'end' is not defined
##### End of output of failed program #####
##### vdhankar plays [E e5 d4] in 6.83008694648743s #####
##### Running: /usr/lib/jvm/jdk-14.0.1/bin/java -jar /lab/itti/projects/checkers-competition/server/referee.jar on run_11_ruizezha_vdhankar #####
Move is valid
##### SUCCESS: /usr/lib/jvm/jdk-14.0.1/bin/java -jar /lab/itti/projects/checkers-competition/server/referee.jar on run_11_ruizezha_vdhankar #####
INPUT for ruizezha:
GAME
WHITE
238.03
.b.b...b
b.....b.
........
w.w...b.
.w.b...w
w.......
........
..w...w.
##### Running: /usr/bin/time -o time_11_ruizezha_vdhankar.txt -f "%U" python3 homework.py > stulog.txt 2>&1 on ruizezha #####
##### SUCCESS: /usr/bin/time -o time_11_ruizezha_vdhankar.txt -f "%U" python3 homework.py > stulog.txt 2>&1 on ruizezha #####
##### ruizezha plays [J h4 f6] in 0.24s #####
##### Running: /usr/lib/jvm/jdk-14.0.1/bin/java -jar /lab/itti/projects/checkers-competition/server/referee.jar on run_11_ruizezha_vdhankar #####
Move is valid
##### SUCCESS: /usr/lib/jvm/jdk-14.0.1/bin/java -jar /lab/itti/projects/checkers-competition/server/referee.jar on run_11_ruizezha_vdhankar #####
INPUT for vdhankar:
GAME
BLACK
107.643862724304
.b.b...b
b.....b.
.....w..
w.w.....
.w.b....
w.......
........
..w...w.
##### Running: /usr/bin/time -o time_11_ruizezha_vdhankar.txt -f "%U" python3 homework.py > stulog.txt 2>&1 on vdhankar #####
child exited with value 1
##### ERROR: /usr/bin/time -o time_11_ruizezha_vdhankar.txt -f "%U" python3 homework.py > stulog.txt 2>&1 on vdhankar #####
##### Output of failed program (stdout + stderr): #####
Traceback (most recent call last):
  File "homework.py", line 546, in <module>
    print(end-start)
NameError: name 'end' is not defined
##### End of output of failed program #####
##### vdhankar plays [J g7 e5] in 5.61483907699585s #####
##### Running: /usr/lib/jvm/jdk-14.0.1/bin/java -jar /lab/itti/projects/checkers-competition/server/referee.jar on run_11_ruizezha_vdhankar #####
Move is valid
##### SUCCESS: /usr/lib/jvm/jdk-14.0.1/bin/java -jar /lab/itti/projects/checkers-competition/server/referee.jar on run_11_ruizezha_vdhankar #####
INPUT for ruizezha:
GAME
WHITE
237.79
.b.b...b
b.......
........
w.w.b...
.w.b....
w.......
........
..w...w.
##### Running: /usr/bin/time -o time_11_ruizezha_vdhankar.txt -f "%U" python3 homework.py > stulog.txt 2>&1 on ruizezha #####
##### SUCCESS: /usr/bin/time -o time_11_ruizezha_vdhankar.txt -f "%U" python3 homework.py > stulog.txt 2>&1 on ruizezha #####
##### ruizezha plays [E c5 b6] in 81.78s #####
##### Running: /usr/lib/jvm/jdk-14.0.1/bin/java -jar /lab/itti/projects/checkers-competition/server/referee.jar on run_11_ruizezha_vdhankar #####
Move is valid
##### SUCCESS: /usr/lib/jvm/jdk-14.0.1/bin/java -jar /lab/itti/projects/checkers-competition/server/referee.jar on run_11_ruizezha_vdhankar #####
INPUT for vdhankar:
GAME
BLACK
102.029023647308
.b.b...b
b.......
.w......
w...b...
.w.b....
w.......
........
..w...w.
##### Running: /usr/bin/time -o time_11_ruizezha_vdhankar.txt -f "%U" python3 homework.py > stulog.txt 2>&1 on vdhankar #####
child exited with value 1
##### ERROR: /usr/bin/time -o time_11_ruizezha_vdhankar.txt -f "%U" python3 homework.py > stulog.txt 2>&1 on vdhankar #####
##### Output of failed program (stdout + stderr): #####
Traceback (most recent call last):
  File "homework.py", line 546, in <module>
    print(end-start)
NameError: name 'end' is not defined
##### End of output of failed program #####
##### vdhankar plays [J a7 c5] in 1.43170189857483s #####
##### Running: /usr/lib/jvm/jdk-14.0.1/bin/java -jar /lab/itti/projects/checkers-competition/server/referee.jar on run_11_ruizezha_vdhankar #####
Move is valid
##### SUCCESS: /usr/lib/jvm/jdk-14.0.1/bin/java -jar /lab/itti/projects/checkers-competition/server/referee.jar on run_11_ruizezha_vdhankar #####
INPUT for ruizezha:
GAME
WHITE
156.01
.b.b...b
........
........
w.b.b...
.w.b....
w.......
........
..w...w.
##### Running: /usr/bin/time -o time_11_ruizezha_vdhankar.txt -f "%U" python3 homework.py > stulog.txt 2>&1 on ruizezha #####
##### SUCCESS: /usr/bin/time -o time_11_ruizezha_vdhankar.txt -f "%U" python3 homework.py > stulog.txt 2>&1 on ruizezha #####
##### ruizezha plays [J b4 d6] in 40.71s #####
##### Running: /usr/lib/jvm/jdk-14.0.1/bin/java -jar /lab/itti/projects/checkers-competition/server/referee.jar on run_11_ruizezha_vdhankar #####
Move is valid
##### SUCCESS: /usr/lib/jvm/jdk-14.0.1/bin/java -jar /lab/itti/projects/checkers-competition/server/referee.jar on run_11_ruizezha_vdhankar #####
INPUT for vdhankar:
GAME
BLACK
100.597321748734
.b.b...b
........
...w....
w...b...
...b....
w.......
........
..w...w.
##### Running: /usr/bin/time -o time_11_ruizezha_vdhankar.txt -f "%U" python3 homework.py > stulog.txt 2>&1 on vdhankar #####
child exited with value 1
##### ERROR: /usr/bin/time -o time_11_ruizezha_vdhankar.txt -f "%U" python3 homework.py > stulog.txt 2>&1 on vdhankar #####
##### Output of failed program (stdout + stderr): #####
Traceback (most recent call last):
  File "homework.py", line 546, in <module>
    print(end-start)
NameError: name 'end' is not defined
##### End of output of failed program #####
##### vdhankar plays [E h8 g7] in 10.4116058349609s #####
##### Running: /usr/lib/jvm/jdk-14.0.1/bin/java -jar /lab/itti/projects/checkers-competition/server/referee.jar on run_11_ruizezha_vdhankar #####
Move is valid
##### SUCCESS: /usr/lib/jvm/jdk-14.0.1/bin/java -jar /lab/itti/projects/checkers-competition/server/referee.jar on run_11_ruizezha_vdhankar #####
INPUT for ruizezha:
GAME
WHITE
115.3
.b.b....
......b.
...w....
w...b...
...b....
w.......
........
..w...w.
##### Running: /usr/bin/time -o time_11_ruizezha_vdhankar.txt -f "%U" python3 homework.py > stulog.txt 2>&1 on ruizezha #####
##### SUCCESS: /usr/bin/time -o time_11_ruizezha_vdhankar.txt -f "%U" python3 homework.py > stulog.txt 2>&1 on ruizezha #####
##### ruizezha plays [E a5 b6] in 108.85s #####
##### Running: /usr/lib/jvm/jdk-14.0.1/bin/java -jar /lab/itti/projects/checkers-competition/server/referee.jar on run_11_ruizezha_vdhankar #####
Move is valid
##### SUCCESS: /usr/lib/jvm/jdk-14.0.1/bin/java -jar /lab/itti/projects/checkers-competition/server/referee.jar on run_11_ruizezha_vdhankar #####
INPUT for vdhankar:
GAME
BLACK
90.1857159137726
.b.b....
......b.
.w.w....
....b...
...b....
w.......
........
..w...w.
##### Running: /usr/bin/time -o time_11_ruizezha_vdhankar.txt -f "%U" python3 homework.py > stulog.txt 2>&1 on vdhankar #####
child exited with value 1
##### ERROR: /usr/bin/time -o time_11_ruizezha_vdhankar.txt -f "%U" python3 homework.py > stulog.txt 2>&1 on vdhankar #####
##### Output of failed program (stdout + stderr): #####
Traceback (most recent call last):
  File "homework.py", line 546, in <module>
    print(end-start)
NameError: name 'end' is not defined
##### End of output of failed program #####
##### vdhankar plays [E g7 h6] in 6.53855299949646s #####
##### Running: /usr/lib/jvm/jdk-14.0.1/bin/java -jar /lab/itti/projects/checkers-competition/server/referee.jar on run_11_ruizezha_vdhankar #####
Move is valid
##### SUCCESS: /usr/lib/jvm/jdk-14.0.1/bin/java -jar /lab/itti/projects/checkers-competition/server/referee.jar on run_11_ruizezha_vdhankar #####
INPUT for ruizezha:
GAME
WHITE
6.45000000000002
.b.b....
........
.w.w...b
....b...
...b....
w.......
........
..w...w.
##### Running: /usr/bin/time -o time_11_ruizezha_vdhankar.txt -f "%U" python3 homework.py > stulog.txt 2>&1 on ruizezha #####
##### Killing ruizezha after timeout #####
*** Killing lingering child process [sh] ***
*** Killing lingering child process [time] ***
*** Killing lingering child process [python3] ***
kill -9  805491 805493 805496
##### GAME OVER: ruizezha ran over time limit by 12s #####
########## ROUND 11 GAMESCORE AFTER GAME 1: ruizezha=0 and vdhankar=1 ##########
#################### ROUND 11: ruizezha (B) vs vdhankar (W): game 2 ####################
##### game start! #####
INPUT for ruizezha:
GAME
BLACK
300
.b.b.b.b
b.b.b.b.
.b.b.b.b
........
........
w.w.w.w.
.w.w.w.w
w.w.w.w.
##### Running: /usr/bin/time -o time_11_ruizezha_vdhankar.txt -f "%U" python3 homework.py > stulog.txt 2>&1 on ruizezha #####
##### SUCCESS: /usr/bin/time -o time_11_ruizezha_vdhankar.txt -f "%U" python3 homework.py > stulog.txt 2>&1 on ruizezha #####
##### ruizezha plays [E h6 g5] in 19.93s #####
##### Running: /usr/lib/jvm/jdk-14.0.1/bin/java -jar /lab/itti/projects/checkers-competition/server/referee.jar on run_11_ruizezha_vdhankar #####
Move is valid
Couldn't read file 'current_ply.txt'
Couldn't read content from file 'current_ply.txt'
Couldn't read file 'lastmatchange_ply.txt'
Couldn't read content from file 'lastmatchange_ply.txt'
##### SUCCESS: /usr/lib/jvm/jdk-14.0.1/bin/java -jar /lab/itti/projects/checkers-competition/server/referee.jar on run_11_ruizezha_vdhankar #####
INPUT for vdhankar:
GAME
WHITE
300
.b.b.b.b
b.b.b.b.
.b.b.b..
......b.
........
w.w.w.w.
.w.w.w.w
w.w.w.w.
##### Running: /usr/bin/time -o time_11_ruizezha_vdhankar.txt -f "%U" python3 homework.py > stulog.txt 2>&1 on vdhankar #####
child exited with value 1
##### ERROR: /usr/bin/time -o time_11_ruizezha_vdhankar.txt -f "%U" python3 homework.py > stulog.txt 2>&1 on vdhankar #####
##### Output of failed program (stdout + stderr): #####
Traceback (most recent call last):
  File "homework.py", line 546, in <module>
    print(end-start)
NameError: name 'end' is not defined
##### End of output of failed program #####
##### vdhankar plays [E g3 h4] in 14.9338698387146s #####
##### Running: /usr/lib/jvm/jdk-14.0.1/bin/java -jar /lab/itti/projects/checkers-competition/server/referee.jar on run_11_ruizezha_vdhankar #####
Move is valid
##### SUCCESS: /usr/lib/jvm/jdk-14.0.1/bin/java -jar /lab/itti/projects/checkers-competition/server/referee.jar on run_11_ruizezha_vdhankar #####
INPUT for ruizezha:
GAME
BLACK
280.07
.b.b.b.b
b.b.b.b.
.b.b.b..
......b.
.......w
w.w.w...
.w.w.w.w
w.w.w.w.
##### Running: /usr/bin/time -o time_11_ruizezha_vdhankar.txt -f "%U" python3 homework.py > stulog.txt 2>&1 on ruizezha #####
##### SUCCESS: /usr/bin/time -o time_11_ruizezha_vdhankar.txt -f "%U" python3 homework.py > stulog.txt 2>&1 on ruizezha #####
##### ruizezha plays [E g5 f4] in 8.2s #####
##### Running: /usr/lib/jvm/jdk-14.0.1/bin/java -jar /lab/itti/projects/checkers-competition/server/referee.jar on run_11_ruizezha_vdhankar #####
Move is valid
##### SUCCESS: /usr/lib/jvm/jdk-14.0.1/bin/java -jar /lab/itti/projects/checkers-competition/server/referee.jar on run_11_ruizezha_vdhankar #####
INPUT for vdhankar:
GAME
WHITE
285.066130161285
.b.b.b.b
b.b.b.b.
.b.b.b..
........
.....b.w
w.w.w...
.w.w.w.w
w.w.w.w.
##### Running: /usr/bin/time -o time_11_ruizezha_vdhankar.txt -f "%U" python3 homework.py > stulog.txt 2>&1 on vdhankar #####
child exited with value 1
##### ERROR: /usr/bin/time -o time_11_ruizezha_vdhankar.txt -f "%U" python3 homework.py > stulog.txt 2>&1 on vdhankar #####
##### Output of failed program (stdout + stderr): #####
Traceback (most recent call last):
  File "homework.py", line 546, in <module>
    print(end-start)
NameError: name 'end' is not defined
##### End of output of failed program #####
##### vdhankar plays [J e3 g5] in 7.8194899559021s #####
##### Running: /usr/lib/jvm/jdk-14.0.1/bin/java -jar /lab/itti/projects/checkers-competition/server/referee.jar on run_11_ruizezha_vdhankar #####
Move is valid
##### SUCCESS: /usr/lib/jvm/jdk-14.0.1/bin/java -jar /lab/itti/projects/checkers-competition/server/referee.jar on run_11_ruizezha_vdhankar #####
INPUT for ruizezha:
GAME
BLACK
271.87
.b.b.b.b
b.b.b.b.
.b.b.b..
......w.
.......w
w.w.....
.w.w.w.w
w.w.w.w.
##### Running: /usr/bin/time -o time_11_ruizezha_vdhankar.txt -f "%U" python3 homework.py > stulog.txt 2>&1 on ruizezha #####
##### SUCCESS: /usr/bin/time -o time_11_ruizezha_vdhankar.txt -f "%U" python3 homework.py > stulog.txt 2>&1 on ruizezha #####
##### ruizezha plays [E d6 e5] in 13.46s #####
##### Running: /usr/lib/jvm/jdk-14.0.1/bin/java -jar /lab/itti/projects/checkers-competition/server/referee.jar on run_11_ruizezha_vdhankar #####
Move is valid
##### SUCCESS: /usr/lib/jvm/jdk-14.0.1/bin/java -jar /lab/itti/projects/checkers-competition/server/referee.jar on run_11_ruizezha_vdhankar #####
INPUT for vdhankar:
GAME
WHITE
277.246640205383
.b.b.b.b
b.b.b.b.
.b...b..
....b.w.
.......w
w.w.....
.w.w.w.w
w.w.w.w.
##### Running: /usr/bin/time -o time_11_ruizezha_vdhankar.txt -f "%U" python3 homework.py > stulog.txt 2>&1 on vdhankar #####
child exited with value 1
##### ERROR: /usr/bin/time -o time_11_ruizezha_vdhankar.txt -f "%U" python3 homework.py > stulog.txt 2>&1 on vdhankar #####
##### Output of failed program (stdout + stderr): #####
Traceback (most recent call last):
  File "homework.py", line 546, in <module>
    print(end-start)
NameError: name 'end' is not defined
##### End of output of failed program #####
##### vdhankar plays [E g5 h6] in 13.4124159812927s #####
##### Running: /usr/lib/jvm/jdk-14.0.1/bin/java -jar /lab/itti/projects/checkers-competition/server/referee.jar on run_11_ruizezha_vdhankar #####
Move is valid
##### SUCCESS: /usr/lib/jvm/jdk-14.0.1/bin/java -jar /lab/itti/projects/checkers-competition/server/referee.jar on run_11_ruizezha_vdhankar #####
INPUT for ruizezha:
GAME
BLACK
258.41
.b.b.b.b
b.b.b.b.
.b...b.w
....b...
.......w
w.w.....
.w.w.w.w
w.w.w.w.
##### Running: /usr/bin/time -o time_11_ruizezha_vdhankar.txt -f "%U" python3 homework.py > stulog.txt 2>&1 on ruizezha #####
##### SUCCESS: /usr/bin/time -o time_11_ruizezha_vdhankar.txt -f "%U" python3 homework.py > stulog.txt 2>&1 on ruizezha #####
##### ruizezha plays [E f6 g5] in 7.59s #####
##### Running: /usr/lib/jvm/jdk-14.0.1/bin/java -jar /lab/itti/projects/checkers-competition/server/referee.jar on run_11_ruizezha_vdhankar #####
Move is valid
##### SUCCESS: /usr/lib/jvm/jdk-14.0.1/bin/java -jar /lab/itti/projects/checkers-competition/server/referee.jar on run_11_ruizezha_vdhankar #####
INPUT for vdhankar:
GAME
WHITE
263.834224224091
.b.b.b.b
b.b.b.b.
.b.....w
....b.b.
.......w
w.w.....
.w.w.w.w
w.w.w.w.
##### Running: /usr/bin/time -o time_11_ruizezha_vdhankar.txt -f "%U" python3 homework.py > stulog.txt 2>&1 on vdhankar #####
child exited with value 1
##### ERROR: /usr/bin/time -o time_11_ruizezha_vdhankar.txt -f "%U" python3 homework.py > stulog.txt 2>&1 on vdhankar #####
##### Output of failed program (stdout + stderr): #####
Traceback (most recent call last):
  File "homework.py", line 546, in <module>
    print(end-start)
NameError: name 'end' is not defined
##### End of output of failed program #####
##### vdhankar plays [J h4 f6] in 1.87641716003418s #####
##### Running: /usr/lib/jvm/jdk-14.0.1/bin/java -jar /lab/itti/projects/checkers-competition/server/referee.jar on run_11_ruizezha_vdhankar #####
Move is valid
##### SUCCESS: /usr/lib/jvm/jdk-14.0.1/bin/java -jar /lab/itti/projects/checkers-competition/server/referee.jar on run_11_ruizezha_vdhankar #####
INPUT for ruizezha:
GAME
BLACK
250.82
.b.b.b.b
b.b.b.b.
.b...w.w
....b...
........
w.w.....
.w.w.w.w
w.w.w.w.
##### Running: /usr/bin/time -o time_11_ruizezha_vdhankar.txt -f "%U" python3 homework.py > stulog.txt 2>&1 on ruizezha #####
##### SUCCESS: /usr/bin/time -o time_11_ruizezha_vdhankar.txt -f "%U" python3 homework.py > stulog.txt 2>&1 on ruizezha #####
##### ruizezha plays [J e7 g5] in 17.92s #####
##### Running: /usr/lib/jvm/jdk-14.0.1/bin/java -jar /lab/itti/projects/checkers-competition/server/referee.jar on run_11_ruizezha_vdhankar #####
Move is valid
##### SUCCESS: /usr/lib/jvm/jdk-14.0.1/bin/java -jar /lab/itti/projects/checkers-competition/server/referee.jar on run_11_ruizezha_vdhankar #####
INPUT for vdhankar:
GAME
WHITE
261.957807064056
.b.b.b.b
b.b...b.
.b.....w
....b.b.
........
w.w.....
.w.w.w.w
w.w.w.w.
##### Running: /usr/bin/time -o time_11_ruizezha_vdhankar.txt -f "%U" python3 homework.py > stulog.txt 2>&1 on vdhankar #####
child exited with value 1
##### ERROR: /usr/bin/time -o time_11_ruizezha_vdhankar.txt -f "%U" python3 homework.py > stulog.txt 2>&1 on vdhankar #####
##### Output of failed program (stdout + stderr): #####
Traceback (most recent call last):
  File "homework.py", line 546, in <module>
    print(end-start)
NameError: name 'end' is not defined
##### End of output of failed program #####
##### vdhankar plays [E h2 g3] in 23.4208841323853s #####
##### Running: /usr/lib/jvm/jdk-14.0.1/bin/java -jar /lab/itti/projects/checkers-competition/server/referee.jar on run_11_ruizezha_vdhankar #####
Move is valid
##### SUCCESS: /usr/lib/jvm/jdk-14.0.1/bin/java -jar /lab/itti/projects/checkers-competition/server/referee.jar on run_11_ruizezha_vdhankar #####
INPUT for ruizezha:
GAME
BLACK
232.9
.b.b.b.b
b.b...b.
.b.....w
....b.b.
........
w.w...w.
.w.w.w..
w.w.w.w.
##### Running: /usr/bin/time -o time_11_ruizezha_vdhankar.txt -f "%U" python3 homework.py > stulog.txt 2>&1 on ruizezha #####
##### SUCCESS: /usr/bin/time -o time_11_ruizezha_vdhankar.txt -f "%U" python3 homework.py > stulog.txt 2>&1 on ruizezha #####
##### ruizezha plays [E g5 h4] in 4.67s #####
##### Running: /usr/lib/jvm/jdk-14.0.1/bin/java -jar /lab/itti/projects/checkers-competition/server/referee.jar on run_11_ruizezha_vdhankar #####
Move is valid
##### SUCCESS: /usr/lib/jvm/jdk-14.0.1/bin/java -jar /lab/itti/projects/checkers-competition/server/referee.jar on run_11_ruizezha_vdhankar #####
INPUT for vdhankar:
GAME
WHITE
238.536922931671
.b.b.b.b
b.b...b.
.b.....w
....b...
.......b
w.w...w.
.w.w.w..
w.w.w.w.
##### Running: /usr/bin/time -o time_11_ruizezha_vdhankar.txt -f "%U" python3 homework.py > stulog.txt 2>&1 on vdhankar #####
child exited with value 1
##### ERROR: /usr/bin/time -o time_11_ruizezha_vdhankar.txt -f "%U" python3 homework.py > stulog.txt 2>&1 on vdhankar #####
##### Output of failed program (stdout + stderr): #####
Traceback (most recent call last):
  File "homework.py", line 546, in <module>
    print(end-start)
NameError: name 'end' is not defined
##### End of output of failed program #####
##### vdhankar plays [E g1 h2] in 9.36670184135437s #####
##### Running: /usr/lib/jvm/jdk-14.0.1/bin/java -jar /lab/itti/projects/checkers-competition/server/referee.jar on run_11_ruizezha_vdhankar #####
Move is valid
##### SUCCESS: /usr/lib/jvm/jdk-14.0.1/bin/java -jar /lab/itti/projects/checkers-competition/server/referee.jar on run_11_ruizezha_vdhankar #####
INPUT for ruizezha:
GAME
BLACK
228.23
.b.b.b.b
b.b...b.
.b.....w
....b...
.......b
w.w...w.
.w.w.w.w
w.w.w...
##### Running: /usr/bin/time -o time_11_ruizezha_vdhankar.txt -f "%U" python3 homework.py > stulog.txt 2>&1 on ruizezha #####
##### SUCCESS: /usr/bin/time -o time_11_ruizezha_vdhankar.txt -f "%U" python3 homework.py > stulog.txt 2>&1 on ruizezha #####
##### ruizezha plays [E b6 a5] in 0.2s #####
##### Running: /usr/lib/jvm/jdk-14.0.1/bin/java -jar /lab/itti/projects/checkers-competition/server/referee.jar on run_11_ruizezha_vdhankar #####
Move is valid
##### SUCCESS: /usr/lib/jvm/jdk-14.0.1/bin/java -jar /lab/itti/projects/checkers-competition/server/referee.jar on run_11_ruizezha_vdhankar #####
INPUT for vdhankar:
GAME
WHITE
229.170221090317
.b.b.b.b
b.b...b.
.......w
b...b...
.......b
w.w...w.
.w.w.w.w
w.w.w...
##### Running: /usr/bin/time -o time_11_ruizezha_vdhankar.txt -f "%U" python3 homework.py > stulog.txt 2>&1 on vdhankar #####
child exited with value 1
##### ERROR: /usr/bin/time -o time_11_ruizezha_vdhankar.txt -f "%U" python3 homework.py > stulog.txt 2>&1 on vdhankar #####
##### Output of failed program (stdout + stderr): #####
Traceback (most recent call last):
  File "homework.py", line 546, in <module>
    print(end-start)
NameError: name 'end' is not defined
##### End of output of failed program #####
##### vdhankar plays [E g3 f4] in 2.97596192359924s #####
##### Running: /usr/lib/jvm/jdk-14.0.1/bin/java -jar /lab/itti/projects/checkers-competition/server/referee.jar on run_11_ruizezha_vdhankar #####
Move is valid
##### SUCCESS: /usr/lib/jvm/jdk-14.0.1/bin/java -jar /lab/itti/projects/checkers-competition/server/referee.jar on run_11_ruizezha_vdhankar #####
INPUT for ruizezha:
GAME
BLACK
228.03
.b.b.b.b
b.b...b.
.......w
b...b...
.....w.b
w.w.....
.w.w.w.w
w.w.w...
##### Running: /usr/bin/time -o time_11_ruizezha_vdhankar.txt -f "%U" python3 homework.py > stulog.txt 2>&1 on ruizezha #####
##### SUCCESS: /usr/bin/time -o time_11_ruizezha_vdhankar.txt -f "%U" python3 homework.py > stulog.txt 2>&1 on ruizezha #####
##### ruizezha plays [J e5 g3] in 0.21s #####
##### Running: /usr/lib/jvm/jdk-14.0.1/bin/java -jar /lab/itti/projects/checkers-competition/server/referee.jar on run_11_ruizezha_vdhankar #####
Move is valid
##### SUCCESS: /usr/lib/jvm/jdk-14.0.1/bin/java -jar /lab/itti/projects/checkers-competition/server/referee.jar on run_11_ruizezha_vdhankar #####
INPUT for vdhankar:
GAME
WHITE
226.194259166718
.b.b.b.b
b.b...b.
.......w
b.......
.......b
w.w...b.
.w.w.w.w
w.w.w...
##### Running: /usr/bin/time -o time_11_ruizezha_vdhankar.txt -f "%U" python3 homework.py > stulog.txt 2>&1 on vdhankar #####
child exited with value 1
##### ERROR: /usr/bin/time -o time_11_ruizezha_vdhankar.txt -f "%U" python3 homework.py > stulog.txt 2>&1 on vdhankar #####
##### Output of failed program (stdout + stderr): #####
Traceback (most recent call last):
  File "homework.py", line 546, in <module>
    print(end-start)
NameError: name 'end' is not defined
##### End of output of failed program #####
##### vdhankar plays [J h2 f4] in 6.2475950717926s #####
##### Running: /usr/lib/jvm/jdk-14.0.1/bin/java -jar /lab/itti/projects/checkers-competition/server/referee.jar on run_11_ruizezha_vdhankar #####
Move is valid
##### SUCCESS: /usr/lib/jvm/jdk-14.0.1/bin/java -jar /lab/itti/projects/checkers-competition/server/referee.jar on run_11_ruizezha_vdhankar #####
INPUT for ruizezha:
GAME
BLACK
227.82
.b.b.b.b
b.b...b.
.......w
b.......
.....w.b
w.w.....
.w.w.w..
w.w.w...
##### Running: /usr/bin/time -o time_11_ruizezha_vdhankar.txt -f "%U" python3 homework.py > stulog.txt 2>&1 on ruizezha #####
##### SUCCESS: /usr/bin/time -o time_11_ruizezha_vdhankar.txt -f "%U" python3 homework.py > stulog.txt 2>&1 on ruizezha #####
##### ruizezha plays [E c7 b6] in 1.25s #####
##### Running: /usr/lib/jvm/jdk-14.0.1/bin/java -jar /lab/itti/projects/checkers-competition/server/referee.jar on run_11_ruizezha_vdhankar #####
Move is valid
##### SUCCESS: /usr/lib/jvm/jdk-14.0.1/bin/java -jar /lab/itti/projects/checkers-competition/server/referee.jar on run_11_ruizezha_vdhankar #####
INPUT for vdhankar:
GAME
WHITE
219.946664094925
.b.b.b.b
b.....b.
.b.....w
b.......
.....w.b
w.w.....
.w.w.w..
w.w.w...
##### Running: /usr/bin/time -o time_11_ruizezha_vdhankar.txt -f "%U" python3 homework.py > stulog.txt 2>&1 on vdhankar #####
child exited with value 1
##### ERROR: /usr/bin/time -o time_11_ruizezha_vdhankar.txt -f "%U" python3 homework.py > stulog.txt 2>&1 on vdhankar #####
##### Output of failed program (stdout + stderr): #####
Traceback (most recent call last):
  File "homework.py", line 546, in <module>
    print(end-start)
NameError: name 'end' is not defined
##### End of output of failed program #####
##### vdhankar plays [E f2 e3] in 10.6387181282043s #####
##### Running: /usr/lib/jvm/jdk-14.0.1/bin/java -jar /lab/itti/projects/checkers-competition/server/referee.jar on run_11_ruizezha_vdhankar #####
Move is valid
##### SUCCESS: /usr/lib/jvm/jdk-14.0.1/bin/java -jar /lab/itti/projects/checkers-competition/server/referee.jar on run_11_ruizezha_vdhankar #####
INPUT for ruizezha:
GAME
BLACK
226.57
.b.b.b.b
b.....b.
.b.....w
b.......
.....w.b
w.w.w...
.w.w....
w.w.w...
##### Running: /usr/bin/time -o time_11_ruizezha_vdhankar.txt -f "%U" python3 homework.py > stulog.txt 2>&1 on ruizezha #####
##### SUCCESS: /usr/bin/time -o time_11_ruizezha_vdhankar.txt -f "%U" python3 homework.py > stulog.txt 2>&1 on ruizezha #####
##### ruizezha plays [E h4 g3] in 1.38s #####
##### Running: /usr/lib/jvm/jdk-14.0.1/bin/java -jar /lab/itti/projects/checkers-competition/server/referee.jar on run_11_ruizezha_vdhankar #####
Move is valid
##### SUCCESS: /usr/lib/jvm/jdk-14.0.1/bin/java -jar /lab/itti/projects/checkers-competition/server/referee.jar on run_11_ruizezha_vdhankar #####
INPUT for vdhankar:
GAME
WHITE
209.307945966721
.b.b.b.b
b.....b.
.b.....w
b.......
.....w..
w.w.w.b.
.w.w....
w.w.w...
##### Running: /usr/bin/time -o time_11_ruizezha_vdhankar.txt -f "%U" python3 homework.py > stulog.txt 2>&1 on vdhankar #####
child exited with value 1
##### ERROR: /usr/bin/time -o time_11_ruizezha_vdhankar.txt -f "%U" python3 homework.py > stulog.txt 2>&1 on vdhankar #####
##### Output of failed program (stdout + stderr): #####
Traceback (most recent call last):
  File "homework.py", line 546, in <module>
    print(end-start)
NameError: name 'end' is not defined
##### End of output of failed program #####
##### vdhankar plays [E c3 b4] in 14.4100730419159s #####
##### Running: /usr/lib/jvm/jdk-14.0.1/bin/java -jar /lab/itti/projects/checkers-competition/server/referee.jar on run_11_ruizezha_vdhankar #####
Move is valid
##### SUCCESS: /usr/lib/jvm/jdk-14.0.1/bin/java -jar /lab/itti/projects/checkers-competition/server/referee.jar on run_11_ruizezha_vdhankar #####
INPUT for ruizezha:
GAME
BLACK
225.19
.b.b.b.b
b.....b.
.b.....w
b.......
.w...w..
w...w.b.
.w.w....
w.w.w...
##### Running: /usr/bin/time -o time_11_ruizezha_vdhankar.txt -f "%U" python3 homework.py > stulog.txt 2>&1 on ruizezha #####
##### SUCCESS: /usr/bin/time -o time_11_ruizezha_vdhankar.txt -f "%U" python3 homework.py > stulog.txt 2>&1 on ruizezha #####
##### ruizezha plays [J a5 c3] in 0.43s #####
##### Running: /usr/lib/jvm/jdk-14.0.1/bin/java -jar /lab/itti/projects/checkers-competition/server/referee.jar on run_11_ruizezha_vdhankar #####
Move is valid
##### SUCCESS: /usr/lib/jvm/jdk-14.0.1/bin/java -jar /lab/itti/projects/checkers-competition/server/referee.jar on run_11_ruizezha_vdhankar #####
INPUT for vdhankar:
GAME
WHITE
194.897872924805
.b.b.b.b
b.....b.
.b.....w
........
.....w..
w.b.w.b.
.w.w....
w.w.w...
##### Running: /usr/bin/time -o time_11_ruizezha_vdhankar.txt -f "%U" python3 homework.py > stulog.txt 2>&1 on vdhankar #####
child exited with value 1
##### ERROR: /usr/bin/time -o time_11_ruizezha_vdhankar.txt -f "%U" python3 homework.py > stulog.txt 2>&1 on vdhankar #####
##### Output of failed program (stdout + stderr): #####
Traceback (most recent call last):
  File "homework.py", line 546, in <module>
    print(end-start)
NameError: name 'end' is not defined
##### End of output of failed program #####
##### vdhankar plays [J d2 b4] in 10.610748052597s #####
##### Running: /usr/lib/jvm/jdk-14.0.1/bin/java -jar /lab/itti/projects/checkers-competition/server/referee.jar on run_11_ruizezha_vdhankar #####
Move is valid
##### SUCCESS: /usr/lib/jvm/jdk-14.0.1/bin/java -jar /lab/itti/projects/checkers-competition/server/referee.jar on run_11_ruizezha_vdhankar #####
INPUT for ruizezha:
GAME
BLACK
224.76
.b.b.b.b
b.....b.
.b.....w
........
.w...w..
w...w.b.
.w......
w.w.w...
##### Running: /usr/bin/time -o time_11_ruizezha_vdhankar.txt -f "%U" python3 homework.py > stulog.txt 2>&1 on ruizezha #####
##### SUCCESS: /usr/bin/time -o time_11_ruizezha_vdhankar.txt -f "%U" python3 homework.py > stulog.txt 2>&1 on ruizezha #####
##### ruizezha plays [E g3 h2] in 3.07s #####
##### Running: /usr/lib/jvm/jdk-14.0.1/bin/java -jar /lab/itti/projects/checkers-competition/server/referee.jar on run_11_ruizezha_vdhankar #####
Move is valid
##### SUCCESS: /usr/lib/jvm/jdk-14.0.1/bin/java -jar /lab/itti/projects/checkers-competition/server/referee.jar on run_11_ruizezha_vdhankar #####
INPUT for vdhankar:
GAME
WHITE
184.287124872208
.b.b.b.b
b.....b.
.b.....w
........
.w...w..
w...w...
.w.....b
w.w.w...
##### Running: /usr/bin/time -o time_11_ruizezha_vdhankar.txt -f "%U" python3 homework.py > stulog.txt 2>&1 on vdhankar #####
child exited with value 1
##### ERROR: /usr/bin/time -o time_11_ruizezha_vdhankar.txt -f "%U" python3 homework.py > stulog.txt 2>&1 on vdhankar #####
##### Output of failed program (stdout + stderr): #####
Traceback (most recent call last):
  File "homework.py", line 546, in <module>
    print(end-start)
NameError: name 'end' is not defined
##### End of output of failed program #####
##### vdhankar plays [E e1 f2] in 35.1013879776001s #####
##### Running: /usr/lib/jvm/jdk-14.0.1/bin/java -jar /lab/itti/projects/checkers-competition/server/referee.jar on run_11_ruizezha_vdhankar #####
Move is valid
##### SUCCESS: /usr/lib/jvm/jdk-14.0.1/bin/java -jar /lab/itti/projects/checkers-competition/server/referee.jar on run_11_ruizezha_vdhankar #####
INPUT for ruizezha:
GAME
BLACK
221.69
.b.b.b.b
b.....b.
.b.....w
........
.w...w..
w...w...
.w...w.b
w.w.....
##### Running: /usr/bin/time -o time_11_ruizezha_vdhankar.txt -f "%U" python3 homework.py > stulog.txt 2>&1 on ruizezha #####
##### SUCCESS: /usr/bin/time -o time_11_ruizezha_vdhankar.txt -f "%U" python3 homework.py > stulog.txt 2>&1 on ruizezha #####
##### ruizezha plays [E f8 e7] in 1.72s #####
##### Running: /usr/lib/jvm/jdk-14.0.1/bin/java -jar /lab/itti/projects/checkers-competition/server/referee.jar on run_11_ruizezha_vdhankar #####
Move is valid
##### SUCCESS: /usr/lib/jvm/jdk-14.0.1/bin/java -jar /lab/itti/projects/checkers-competition/server/referee.jar on run_11_ruizezha_vdhankar #####
INPUT for vdhankar:
GAME
WHITE
149.185736894608
.b.b...b
b...b.b.
.b.....w
........
.w...w..
w...w...
.w...w.b
w.w.....
##### Running: /usr/bin/time -o time_11_ruizezha_vdhankar.txt -f "%U" python3 homework.py > stulog.txt 2>&1 on vdhankar #####
child exited with value 1
##### ERROR: /usr/bin/time -o time_11_ruizezha_vdhankar.txt -f "%U" python3 homework.py > stulog.txt 2>&1 on vdhankar #####
##### Output of failed program (stdout + stderr): #####
Traceback (most recent call last):
  File "homework.py", line 546, in <module>
    print(end-start)
NameError: name 'end' is not defined
##### End of output of failed program #####
##### vdhankar plays [J h6 f8] in 0.71232008934021s #####
##### Running: /usr/lib/jvm/jdk-14.0.1/bin/java -jar /lab/itti/projects/checkers-competition/server/referee.jar on run_11_ruizezha_vdhankar #####
Move is valid
##### SUCCESS: /usr/lib/jvm/jdk-14.0.1/bin/java -jar /lab/itti/projects/checkers-competition/server/referee.jar on run_11_ruizezha_vdhankar #####
INPUT for ruizezha:
GAME
BLACK
219.97
.b.b.W.b
b...b...
.b......
........
.w...w..
w...w...
.w...w.b
w.w.....
##### Running: /usr/bin/time -o time_11_ruizezha_vdhankar.txt -f "%U" python3 homework.py > stulog.txt 2>&1 on ruizezha #####
##### SUCCESS: /usr/bin/time -o time_11_ruizezha_vdhankar.txt -f "%U" python3 homework.py > stulog.txt 2>&1 on ruizezha #####
##### ruizezha plays [E d8 c7] in 0.34s #####
##### Running: /usr/lib/jvm/jdk-14.0.1/bin/java -jar /lab/itti/projects/checkers-competition/server/referee.jar on run_11_ruizezha_vdhankar #####
Move is valid
##### SUCCESS: /usr/lib/jvm/jdk-14.0.1/bin/java -jar /lab/itti/projects/checkers-competition/server/referee.jar on run_11_ruizezha_vdhankar #####
INPUT for vdhankar:
GAME
WHITE
148.473416805267
.b...W.b
b.b.b...
.b......
........
.w...w..
w...w...
.w...w.b
w.w.....
##### Running: /usr/bin/time -o time_11_ruizezha_vdhankar.txt -f "%U" python3 homework.py > stulog.txt 2>&1 on vdhankar #####
child exited with value 1
##### ERROR: /usr/bin/time -o time_11_ruizezha_vdhankar.txt -f "%U" python3 homework.py > stulog.txt 2>&1 on vdhankar #####
##### Output of failed program (stdout + stderr): #####
Traceback (most recent call last):
  File "homework.py", line 546, in <module>
    print(end-start)
NameError: name 'end' is not defined
##### End of output of failed program #####
##### vdhankar plays [J f8 d6] in 0.7552649974823s #####
##### Running: /usr/lib/jvm/jdk-14.0.1/bin/java -jar /lab/itti/projects/checkers-competition/server/referee.jar on run_11_ruizezha_vdhankar #####
Move is valid
##### SUCCESS: /usr/lib/jvm/jdk-14.0.1/bin/java -jar /lab/itti/projects/checkers-competition/server/referee.jar on run_11_ruizezha_vdhankar #####
INPUT for ruizezha:
GAME
BLACK
219.63
.b.....b
b.b.....
.b.W....
........
.w...w..
w...w...
.w...w.b
w.w.....
##### Running: /usr/bin/time -o time_11_ruizezha_vdhankar.txt -f "%U" python3 homework.py > stulog.txt 2>&1 on ruizezha #####
##### SUCCESS: /usr/bin/time -o time_11_ruizezha_vdhankar.txt -f "%U" python3 homework.py > stulog.txt 2>&1 on ruizezha #####
##### ruizezha plays [J c7 e5 ; J e5 g3 ; J g3 e1] in 0.25s #####
##### Running: /usr/lib/jvm/jdk-14.0.1/bin/java -jar /lab/itti/projects/checkers-competition/server/referee.jar on run_11_ruizezha_vdhankar #####
Move is valid
##### SUCCESS: /usr/lib/jvm/jdk-14.0.1/bin/java -jar /lab/itti/projects/checkers-competition/server/referee.jar on run_11_ruizezha_vdhankar #####
INPUT for vdhankar:
GAME
WHITE
147.718151807785
.b.....b
b.......
.b......
........
.w......
w...w...
.w.....b
w.w.B...
##### Running: /usr/bin/time -o time_11_ruizezha_vdhankar.txt -f "%U" python3 homework.py > stulog.txt 2>&1 on vdhankar #####
child exited with value 1
##### ERROR: /usr/bin/time -o time_11_ruizezha_vdhankar.txt -f "%U" python3 homework.py > stulog.txt 2>&1 on vdhankar #####
##### Output of failed program (stdout + stderr): #####
Traceback (most recent call last):
  File "homework.py", line 546, in <module>
    print(end-start)
NameError: name 'end' is not defined
##### End of output of failed program #####
##### vdhankar plays [E e3 f4] in 7.3025758266449s #####
##### Running: /usr/lib/jvm/jdk-14.0.1/bin/java -jar /lab/itti/projects/checkers-competition/server/referee.jar on run_11_ruizezha_vdhankar #####
Move is valid
##### SUCCESS: /usr/lib/jvm/jdk-14.0.1/bin/java -jar /lab/itti/projects/checkers-competition/server/referee.jar on run_11_ruizezha_vdhankar #####
INPUT for ruizezha:
GAME
BLACK
219.38
.b.....b
b.......
.b......
........
.w...w..
w.......
.w.....b
w.w.B...
##### Running: /usr/bin/time -o time_11_ruizezha_vdhankar.txt -f "%U" python3 homework.py > stulog.txt 2>&1 on ruizezha #####
##### SUCCESS: /usr/bin/time -o time_11_ruizezha_vdhankar.txt -f "%U" python3 homework.py > stulog.txt 2>&1 on ruizezha #####
##### ruizezha plays [E b6 a5] in 56.26s #####
##### Running: /usr/lib/jvm/jdk-14.0.1/bin/java -jar /lab/itti/projects/checkers-competition/server/referee.jar on run_11_ruizezha_vdhankar #####
Move is valid
##### SUCCESS: /usr/lib/jvm/jdk-14.0.1/bin/java -jar /lab/itti/projects/checkers-competition/server/referee.jar on run_11_ruizezha_vdhankar #####
INPUT for vdhankar:
GAME
WHITE
140.41557598114
.b.....b
b.......
........
b.......
.w...w..
w.......
.w.....b
w.w.B...
##### Running: /usr/bin/time -o time_11_ruizezha_vdhankar.txt -f "%U" python3 homework.py > stulog.txt 2>&1 on vdhankar #####
child exited with value 1
##### ERROR: /usr/bin/time -o time_11_ruizezha_vdhankar.txt -f "%U" python3 homework.py > stulog.txt 2>&1 on vdhankar #####
##### Output of failed program (stdout + stderr): #####
Traceback (most recent call last):
  File "homework.py", line 546, in <module>
    print(end-start)
NameError: name 'end' is not defined
##### End of output of failed program #####
##### vdhankar plays [E f4 e5] in 3.8348171710968s #####
##### Running: /usr/lib/jvm/jdk-14.0.1/bin/java -jar /lab/itti/projects/checkers-competition/server/referee.jar on run_11_ruizezha_vdhankar #####
Move is valid
##### SUCCESS: /usr/lib/jvm/jdk-14.0.1/bin/java -jar /lab/itti/projects/checkers-competition/server/referee.jar on run_11_ruizezha_vdhankar #####
INPUT for ruizezha:
GAME
BLACK
163.12
.b.....b
b.......
........
b...w...
.w......
w.......
.w.....b
w.w.B...
##### Running: /usr/bin/time -o time_11_ruizezha_vdhankar.txt -f "%U" python3 homework.py > stulog.txt 2>&1 on ruizezha #####
##### SUCCESS: /usr/bin/time -o time_11_ruizezha_vdhankar.txt -f "%U" python3 homework.py > stulog.txt 2>&1 on ruizezha #####
##### ruizezha plays [J a5 c3] in 11.33s #####
##### Running: /usr/lib/jvm/jdk-14.0.1/bin/java -jar /lab/itti/projects/checkers-competition/server/referee.jar on run_11_ruizezha_vdhankar #####
Move is valid
##### SUCCESS: /usr/lib/jvm/jdk-14.0.1/bin/java -jar /lab/itti/projects/checkers-competition/server/referee.jar on run_11_ruizezha_vdhankar #####
INPUT for vdhankar:
GAME
WHITE
136.580758810043
.b.....b
b.......
........
....w...
........
w.b.....
.w.....b
w.w.B...
##### Running: /usr/bin/time -o time_11_ruizezha_vdhankar.txt -f "%U" python3 homework.py > stulog.txt 2>&1 on vdhankar #####
child exited with value 1
##### ERROR: /usr/bin/time -o time_11_ruizezha_vdhankar.txt -f "%U" python3 homework.py > stulog.txt 2>&1 on vdhankar #####
##### Output of failed program (stdout + stderr): #####
Traceback (most recent call last):
  File "homework.py", line 546, in <module>
    print(end-start)
NameError: name 'end' is not defined
##### End of output of failed program #####
##### vdhankar plays [J b2 d4] in 4.13888096809387s #####
##### Running: /usr/lib/jvm/jdk-14.0.1/bin/java -jar /lab/itti/projects/checkers-competition/server/referee.jar on run_11_ruizezha_vdhankar #####
Move is valid
##### SUCCESS: /usr/lib/jvm/jdk-14.0.1/bin/java -jar /lab/itti/projects/checkers-competition/server/referee.jar on run_11_ruizezha_vdhankar #####
INPUT for ruizezha:
GAME
BLACK
151.79
.b.....b
b.......
........
....w...
...w....
w.......
.......b
w.w.B...
##### Running: /usr/bin/time -o time_11_ruizezha_vdhankar.txt -f "%U" python3 homework.py > stulog.txt 2>&1 on ruizezha #####
##### SUCCESS: /usr/bin/time -o time_11_ruizezha_vdhankar.txt -f "%U" python3 homework.py > stulog.txt 2>&1 on ruizezha #####
##### ruizezha plays [E e1 f2] in 157.57s #####
##### Running: /usr/lib/jvm/jdk-14.0.1/bin/java -jar /lab/itti/projects/checkers-competition/server/referee.jar on run_11_ruizezha_vdhankar #####
Move is valid
##### SUCCESS: /usr/lib/jvm/jdk-14.0.1/bin/java -jar /lab/itti/projects/checkers-competition/server/referee.jar on run_11_ruizezha_vdhankar #####
INPUT for vdhankar:
GAME
WHITE
132.441877841949
.b.....b
b.......
........
....w...
...w....
w.......
.....B.b
w.w.....
##### Running: /usr/bin/time -o time_11_ruizezha_vdhankar.txt -f "%U" python3 homework.py > stulog.txt 2>&1 on vdhankar #####
child exited with value 1
##### ERROR: /usr/bin/time -o time_11_ruizezha_vdhankar.txt -f "%U" python3 homework.py > stulog.txt 2>&1 on vdhankar #####
##### Output of failed program (stdout + stderr): #####
Traceback (most recent call last):
  File "homework.py", line 546, in <module>
    print(end-start)
NameError: name 'end' is not defined
##### End of output of failed program #####
##### vdhankar plays [E c1 d2] in 25.5895371437073s #####
##### Running: /usr/lib/jvm/jdk-14.0.1/bin/java -jar /lab/itti/projects/checkers-competition/server/referee.jar on run_11_ruizezha_vdhankar #####
Move is valid
##### SUCCESS: /usr/lib/jvm/jdk-14.0.1/bin/java -jar /lab/itti/projects/checkers-competition/server/referee.jar on run_11_ruizezha_vdhankar #####
INPUT for ruizezha:
GAME
BLACK
-5.77999999999994
.b.....b
b.......
........
....w...
...w....
w.......
...w.B.b
w.......
Not running ruizezha because of negative remaining time -- passing illegal move instead
##### No output.txt found. Making a bogus one... #####
##### Running: /usr/lib/jvm/jdk-14.0.1/bin/java -jar /lab/itti/projects/checkers-competition/server/referee.jar on run_11_ruizezha_vdhankar #####
Step in a move needs to have 3 sections, found 1 in 'illegal'.
child exited with value 255
##### ERROR: /usr/lib/jvm/jdk-14.0.1/bin/java -jar /lab/itti/projects/checkers-competition/server/referee.jar on run_11_ruizezha_vdhankar #####
Game server reported error. Assuming bogus move.
##### GAME OVER: ruizezha loses because of illegal move [No Move] #####
Server said: FAIL
########## ROUND 11 GAMESCORE AFTER GAME 2: ruizezha=0 and vdhankar=2 ##########
#################### ROUND 11: ruizezha (W) vs vdhankar (B): game 3 ####################
##### game start! #####
INPUT for vdhankar:
GAME
BLACK
300
.b.b.b.b
b.b.b.b.
.b.b.b.b
........
........
w.w.w.w.
.w.w.w.w
w.w.w.w.
##### Running: /usr/bin/time -o time_11_ruizezha_vdhankar.txt -f "%U" python3 homework.py > stulog.txt 2>&1 on vdhankar #####
child exited with value 1
##### ERROR: /usr/bin/time -o time_11_ruizezha_vdhankar.txt -f "%U" python3 homework.py > stulog.txt 2>&1 on vdhankar #####
##### Output of failed program (stdout + stderr): #####
Traceback (most recent call last):
  File "homework.py", line 546, in <module>
    print(end-start)
NameError: name 'end' is not defined
##### End of output of failed program #####
##### vdhankar plays [E h6 g5] in 6.03977012634277s #####
##### Running: /usr/lib/jvm/jdk-14.0.1/bin/java -jar /lab/itti/projects/checkers-competition/server/referee.jar on run_11_ruizezha_vdhankar #####
Move is valid
Couldn't read file 'current_ply.txt'
Couldn't read content from file 'current_ply.txt'
Couldn't read file 'lastmatchange_ply.txt'
Couldn't read content from file 'lastmatchange_ply.txt'
##### SUCCESS: /usr/lib/jvm/jdk-14.0.1/bin/java -jar /lab/itti/projects/checkers-competition/server/referee.jar on run_11_ruizezha_vdhankar #####
INPUT for ruizezha:
GAME
WHITE
300
.b.b.b.b
b.b.b.b.
.b.b.b..
......b.
........
w.w.w.w.
.w.w.w.w
w.w.w.w.
##### Running: /usr/bin/time -o time_11_ruizezha_vdhankar.txt -f "%U" python3 homework.py > stulog.txt 2>&1 on ruizezha #####
##### SUCCESS: /usr/bin/time -o time_11_ruizezha_vdhankar.txt -f "%U" python3 homework.py > stulog.txt 2>&1 on ruizezha #####
##### ruizezha plays [E a3 b4] in 8.77s #####
##### Running: /usr/lib/jvm/jdk-14.0.1/bin/java -jar /lab/itti/projects/checkers-competition/server/referee.jar on run_11_ruizezha_vdhankar #####
Move is valid
##### SUCCESS: /usr/lib/jvm/jdk-14.0.1/bin/java -jar /lab/itti/projects/checkers-competition/server/referee.jar on run_11_ruizezha_vdhankar #####
INPUT for vdhankar:
GAME
BLACK
293.960229873657
.b.b.b.b
b.b.b.b.
.b.b.b..
......b.
.w......
..w.w.w.
.w.w.w.w
w.w.w.w.
##### Running: /usr/bin/time -o time_11_ruizezha_vdhankar.txt -f "%U" python3 homework.py > stulog.txt 2>&1 on vdhankar #####
child exited with value 1
##### ERROR: /usr/bin/time -o time_11_ruizezha_vdhankar.txt -f "%U" python3 homework.py > stulog.txt 2>&1 on vdhankar #####
##### Output of failed program (stdout + stderr): #####
Traceback (most recent call last):
  File "homework.py", line 546, in <module>
    print(end-start)
NameError: name 'end' is not defined
##### End of output of failed program #####
##### vdhankar plays [E g5 h4] in 5.18553900718689s #####
##### Running: /usr/lib/jvm/jdk-14.0.1/bin/java -jar /lab/itti/projects/checkers-competition/server/referee.jar on run_11_ruizezha_vdhankar #####
Move is valid
##### SUCCESS: /usr/lib/jvm/jdk-14.0.1/bin/java -jar /lab/itti/projects/checkers-competition/server/referee.jar on run_11_ruizezha_vdhankar #####
INPUT for ruizezha:
GAME
WHITE
291.23
.b.b.b.b
b.b.b.b.
.b.b.b..
........
.w.....b
..w.w.w.
.w.w.w.w
w.w.w.w.
##### Running: /usr/bin/time -o time_11_ruizezha_vdhankar.txt -f "%U" python3 homework.py > stulog.txt 2>&1 on ruizezha #####
##### SUCCESS: /usr/bin/time -o time_11_ruizezha_vdhankar.txt -f "%U" python3 homework.py > stulog.txt 2>&1 on ruizezha #####
##### ruizezha plays [E b4 c5] in 9.34s #####
##### Running: /usr/lib/jvm/jdk-14.0.1/bin/java -jar /lab/itti/projects/checkers-competition/server/referee.jar on run_11_ruizezha_vdhankar #####
Move is valid
##### SUCCESS: /usr/lib/jvm/jdk-14.0.1/bin/java -jar /lab/itti/projects/checkers-competition/server/referee.jar on run_11_ruizezha_vdhankar #####
INPUT for vdhankar:
GAME
BLACK
288.77469086647
.b.b.b.b
b.b.b.b.
.b.b.b..
..w.....
.......b
..w.w.w.
.w.w.w.w
w.w.w.w.
##### Running: /usr/bin/time -o time_11_ruizezha_vdhankar.txt -f "%U" python3 homework.py > stulog.txt 2>&1 on vdhankar #####
child exited with value 1
##### ERROR: /usr/bin/time -o time_11_ruizezha_vdhankar.txt -f "%U" python3 homework.py > stulog.txt 2>&1 on vdhankar #####
##### Output of failed program (stdout + stderr): #####
Traceback (most recent call last):
  File "homework.py", line 546, in <module>
    print(end-start)
NameError: name 'end' is not defined
##### End of output of failed program #####
##### vdhankar plays [J b6 d4] in 0.503990888595581s #####
##### Running: /usr/lib/jvm/jdk-14.0.1/bin/java -jar /lab/itti/projects/checkers-competition/server/referee.jar on run_11_ruizezha_vdhankar #####
Move is valid
##### SUCCESS: /usr/lib/jvm/jdk-14.0.1/bin/java -jar /lab/itti/projects/checkers-competition/server/referee.jar on run_11_ruizezha_vdhankar #####
INPUT for ruizezha:
GAME
WHITE
281.89
.b.b.b.b
b.b.b.b.
...b.b..
........
...b...b
..w.w.w.
.w.w.w.w
w.w.w.w.
##### Running: /usr/bin/time -o time_11_ruizezha_vdhankar.txt -f "%U" python3 homework.py > stulog.txt 2>&1 on ruizezha #####
##### SUCCESS: /usr/bin/time -o time_11_ruizezha_vdhankar.txt -f "%U" python3 homework.py > stulog.txt 2>&1 on ruizezha #####
##### ruizezha plays [J e3 c5] in 0.94s #####
##### Running: /usr/lib/jvm/jdk-14.0.1/bin/java -jar /lab/itti/projects/checkers-competition/server/referee.jar on run_11_ruizezha_vdhankar #####
Move is valid
##### SUCCESS: /usr/lib/jvm/jdk-14.0.1/bin/java -jar /lab/itti/projects/checkers-competition/server/referee.jar on run_11_ruizezha_vdhankar #####
INPUT for vdhankar:
GAME
BLACK
288.270699977875
.b.b.b.b
b.b.b.b.
...b.b..
..w.....
.......b
..w...w.
.w.w.w.w
w.w.w.w.
##### Running: /usr/bin/time -o time_11_ruizezha_vdhankar.txt -f "%U" python3 homework.py > stulog.txt 2>&1 on vdhankar #####
child exited with value 1
##### ERROR: /usr/bin/time -o time_11_ruizezha_vdhankar.txt -f "%U" python3 homework.py > stulog.txt 2>&1 on vdhankar #####
##### Output of failed program (stdout + stderr): #####
Traceback (most recent call last):
  File "homework.py", line 546, in <module>
    print(end-start)
NameError: name 'end' is not defined
##### End of output of failed program #####
##### vdhankar plays [J d6 b4] in 1.32064700126648s #####
##### Running: /usr/lib/jvm/jdk-14.0.1/bin/java -jar /lab/itti/projects/checkers-competition/server/referee.jar on run_11_ruizezha_vdhankar #####
Move is valid
##### SUCCESS: /usr/lib/jvm/jdk-14.0.1/bin/java -jar /lab/itti/projects/checkers-competition/server/referee.jar on run_11_ruizezha_vdhankar #####
INPUT for ruizezha:
GAME
WHITE
280.95
.b.b.b.b
b.b.b.b.
.....b..
........
.b.....b
..w...w.
.w.w.w.w
w.w.w.w.
##### Running: /usr/bin/time -o time_11_ruizezha_vdhankar.txt -f "%U" python3 homework.py > stulog.txt 2>&1 on ruizezha #####
##### SUCCESS: /usr/bin/time -o time_11_ruizezha_vdhankar.txt -f "%U" python3 homework.py > stulog.txt 2>&1 on ruizezha #####
##### ruizezha plays [J c3 a5] in 0.62s #####
##### Running: /usr/lib/jvm/jdk-14.0.1/bin/java -jar /lab/itti/projects/checkers-competition/server/referee.jar on run_11_ruizezha_vdhankar #####
Move is valid
##### SUCCESS: /usr/lib/jvm/jdk-14.0.1/bin/java -jar /lab/itti/projects/checkers-competition/server/referee.jar on run_11_ruizezha_vdhankar #####
INPUT for vdhankar:
GAME
BLACK
286.950052976608
.b.b.b.b
b.b.b.b.
.....b..
w.......
.......b
......w.
.w.w.w.w
w.w.w.w.
##### Running: /usr/bin/time -o time_11_ruizezha_vdhankar.txt -f "%U" python3 homework.py > stulog.txt 2>&1 on vdhankar #####
child exited with value 1
##### ERROR: /usr/bin/time -o time_11_ruizezha_vdhankar.txt -f "%U" python3 homework.py > stulog.txt 2>&1 on vdhankar #####
##### Output of failed program (stdout + stderr): #####
Traceback (most recent call last):
  File "homework.py", line 546, in <module>
    print(end-start)
NameError: name 'end' is not defined
##### End of output of failed program #####
##### vdhankar plays [E e7 d6] in 12.7688789367676s #####
##### Running: /usr/lib/jvm/jdk-14.0.1/bin/java -jar /lab/itti/projects/checkers-competition/server/referee.jar on run_11_ruizezha_vdhankar #####
Move is valid
##### SUCCESS: /usr/lib/jvm/jdk-14.0.1/bin/java -jar /lab/itti/projects/checkers-competition/server/referee.jar on run_11_ruizezha_vdhankar #####
INPUT for ruizezha:
GAME
WHITE
280.33
.b.b.b.b
b.b...b.
...b.b..
w.......
.......b
......w.
.w.w.w.w
w.w.w.w.
##### Running: /usr/bin/time -o time_11_ruizezha_vdhankar.txt -f "%U" python3 homework.py > stulog.txt 2>&1 on ruizezha #####
##### SUCCESS: /usr/bin/time -o time_11_ruizezha_vdhankar.txt -f "%U" python3 homework.py > stulog.txt 2>&1 on ruizezha #####
##### ruizezha plays [E b2 c3] in 1.88s #####
##### Running: /usr/lib/jvm/jdk-14.0.1/bin/java -jar /lab/itti/projects/checkers-competition/server/referee.jar on run_11_ruizezha_vdhankar #####
Move is valid
##### SUCCESS: /usr/lib/jvm/jdk-14.0.1/bin/java -jar /lab/itti/projects/checkers-competition/server/referee.jar on run_11_ruizezha_vdhankar #####
INPUT for vdhankar:
GAME
BLACK
274.181174039841
.b.b.b.b
b.b...b.
...b.b..
w.......
.......b
..w...w.
...w.w.w
w.w.w.w.
##### Running: /usr/bin/time -o time_11_ruizezha_vdhankar.txt -f "%U" python3 homework.py > stulog.txt 2>&1 on vdhankar #####
child exited with value 1
##### ERROR: /usr/bin/time -o time_11_ruizezha_vdhankar.txt -f "%U" python3 homework.py > stulog.txt 2>&1 on vdhankar #####
##### Output of failed program (stdout + stderr): #####
Traceback (most recent call last):
  File "homework.py", line 546, in <module>
    print(end-start)
NameError: name 'end' is not defined
##### End of output of failed program #####
##### vdhankar plays [E f6 g5] in 14.708044052124s #####
##### Running: /usr/lib/jvm/jdk-14.0.1/bin/java -jar /lab/itti/projects/checkers-competition/server/referee.jar on run_11_ruizezha_vdhankar #####
Move is valid
##### SUCCESS: /usr/lib/jvm/jdk-14.0.1/bin/java -jar /lab/itti/projects/checkers-competition/server/referee.jar on run_11_ruizezha_vdhankar #####
INPUT for ruizezha:
GAME
WHITE
278.45
.b.b.b.b
b.b...b.
...b....
w.....b.
.......b
..w...w.
...w.w.w
w.w.w.w.
##### Running: /usr/bin/time -o time_11_ruizezha_vdhankar.txt -f "%U" python3 homework.py > stulog.txt 2>&1 on ruizezha #####
##### SUCCESS: /usr/bin/time -o time_11_ruizezha_vdhankar.txt -f "%U" python3 homework.py > stulog.txt 2>&1 on ruizezha #####
##### ruizezha plays [E a1 b2] in 1.96s #####
##### Running: /usr/lib/jvm/jdk-14.0.1/bin/java -jar /lab/itti/projects/checkers-competition/server/referee.jar on run_11_ruizezha_vdhankar #####
Move is valid
##### SUCCESS: /usr/lib/jvm/jdk-14.0.1/bin/java -jar /lab/itti/projects/checkers-competition/server/referee.jar on run_11_ruizezha_vdhankar #####
INPUT for vdhankar:
GAME
BLACK
259.473129987717
.b.b.b.b
b.b...b.
...b....
w.....b.
.......b
..w...w.
.w.w.w.w
..w.w.w.
##### Running: /usr/bin/time -o time_11_ruizezha_vdhankar.txt -f "%U" python3 homework.py > stulog.txt 2>&1 on vdhankar #####
child exited with value 1
##### ERROR: /usr/bin/time -o time_11_ruizezha_vdhankar.txt -f "%U" python3 homework.py > stulog.txt 2>&1 on vdhankar #####
##### Output of failed program (stdout + stderr): #####
Traceback (most recent call last):
  File "homework.py", line 546, in <module>
    print(end-start)
NameError: name 'end' is not defined
##### End of output of failed program #####
##### vdhankar plays [E d6 e5] in 10.5536060333252s #####
##### Running: /usr/lib/jvm/jdk-14.0.1/bin/java -jar /lab/itti/projects/checkers-competition/server/referee.jar on run_11_ruizezha_vdhankar #####
Move is valid
##### SUCCESS: /usr/lib/jvm/jdk-14.0.1/bin/java -jar /lab/itti/projects/checkers-competition/server/referee.jar on run_11_ruizezha_vdhankar #####
INPUT for ruizezha:
GAME
WHITE
276.49
.b.b.b.b
b.b...b.
........
w...b.b.
.......b
..w...w.
.w.w.w.w
..w.w.w.
##### Running: /usr/bin/time -o time_11_ruizezha_vdhankar.txt -f "%U" python3 homework.py > stulog.txt 2>&1 on ruizezha #####
##### SUCCESS: /usr/bin/time -o time_11_ruizezha_vdhankar.txt -f "%U" python3 homework.py > stulog.txt 2>&1 on ruizezha #####
##### ruizezha plays [E b2 a3] in 1.69s #####
##### Running: /usr/lib/jvm/jdk-14.0.1/bin/java -jar /lab/itti/projects/checkers-competition/server/referee.jar on run_11_ruizezha_vdhankar #####
Move is valid
##### SUCCESS: /usr/lib/jvm/jdk-14.0.1/bin/java -jar /lab/itti/projects/checkers-competition/server/referee.jar on run_11_ruizezha_vdhankar #####
INPUT for vdhankar:
GAME
BLACK
248.919523954391
.b.b.b.b
b.b...b.
........
w...b.b.
.......b
w.w...w.
...w.w.w
..w.w.w.
##### Running: /usr/bin/time -o time_11_ruizezha_vdhankar.txt -f "%U" python3 homework.py > stulog.txt 2>&1 on vdhankar #####
child exited with value 1
##### ERROR: /usr/bin/time -o time_11_ruizezha_vdhankar.txt -f "%U" python3 homework.py > stulog.txt 2>&1 on vdhankar #####
##### Output of failed program (stdout + stderr): #####
Traceback (most recent call last):
  File "homework.py", line 546, in <module>
    print(end-start)
NameError: name 'end' is not defined
##### End of output of failed program #####
##### vdhankar plays [E g7 h6] in 7.18584799766541s #####
##### Running: /usr/lib/jvm/jdk-14.0.1/bin/java -jar /lab/itti/projects/checkers-competition/server/referee.jar on run_11_ruizezha_vdhankar #####
Move is valid
##### SUCCESS: /usr/lib/jvm/jdk-14.0.1/bin/java -jar /lab/itti/projects/checkers-competition/server/referee.jar on run_11_ruizezha_vdhankar #####
INPUT for ruizezha:
GAME
WHITE
274.8
.b.b.b.b
b.b.....
.......b
w...b.b.
.......b
w.w...w.
...w.w.w
..w.w.w.
##### Running: /usr/bin/time -o time_11_ruizezha_vdhankar.txt -f "%U" python3 homework.py > stulog.txt 2>&1 on ruizezha #####
##### SUCCESS: /usr/bin/time -o time_11_ruizezha_vdhankar.txt -f "%U" python3 homework.py > stulog.txt 2>&1 on ruizezha #####
##### ruizezha plays [E c3 d4] in 1.54s #####
##### Running: /usr/lib/jvm/jdk-14.0.1/bin/java -jar /lab/itti/projects/checkers-competition/server/referee.jar on run_11_ruizezha_vdhankar #####
Move is valid
##### SUCCESS: /usr/lib/jvm/jdk-14.0.1/bin/java -jar /lab/itti/projects/checkers-competition/server/referee.jar on run_11_ruizezha_vdhankar #####
INPUT for vdhankar:
GAME
BLACK
241.733675956726
.b.b.b.b
b.b.....
.......b
w...b.b.
...w...b
w.....w.
...w.w.w
..w.w.w.
##### Running: /usr/bin/time -o time_11_ruizezha_vdhankar.txt -f "%U" python3 homework.py > stulog.txt 2>&1 on vdhankar #####
child exited with value 1
##### ERROR: /usr/bin/time -o time_11_ruizezha_vdhankar.txt -f "%U" python3 homework.py > stulog.txt 2>&1 on vdhankar #####
##### Output of failed program (stdout + stderr): #####
Traceback (most recent call last):
  File "homework.py", line 546, in <module>
    print(end-start)
NameError: name 'end' is not defined
##### End of output of failed program #####
##### vdhankar plays [J e5 c3] in 0.530172109603882s #####
##### Running: /usr/lib/jvm/jdk-14.0.1/bin/java -jar /lab/itti/projects/checkers-competition/server/referee.jar on run_11_ruizezha_vdhankar #####
Move is valid
##### SUCCESS: /usr/lib/jvm/jdk-14.0.1/bin/java -jar /lab/itti/projects/checkers-competition/server/referee.jar on run_11_ruizezha_vdhankar #####
INPUT for ruizezha:
GAME
WHITE
273.26
.b.b.b.b
b.b.....
.......b
w.....b.
.......b
w.b...w.
...w.w.w
..w.w.w.
##### Running: /usr/bin/time -o time_11_ruizezha_vdhankar.txt -f "%U" python3 homework.py > stulog.txt 2>&1 on ruizezha #####
##### SUCCESS: /usr/bin/time -o time_11_ruizezha_vdhankar.txt -f "%U" python3 homework.py > stulog.txt 2>&1 on ruizezha #####
##### ruizezha plays [J d2 b4] in 0.35s #####
##### Running: /usr/lib/jvm/jdk-14.0.1/bin/java -jar /lab/itti/projects/checkers-competition/server/referee.jar on run_11_ruizezha_vdhankar #####
Move is valid
##### SUCCESS: /usr/lib/jvm/jdk-14.0.1/bin/java -jar /lab/itti/projects/checkers-competition/server/referee.jar on run_11_ruizezha_vdhankar #####
INPUT for vdhankar:
GAME
BLACK
241.203503847122
.b.b.b.b
b.b.....
.......b
w.....b.
.w.....b
w.....w.
.....w.w
..w.w.w.
##### Running: /usr/bin/time -o time_11_ruizezha_vdhankar.txt -f "%U" python3 homework.py > stulog.txt 2>&1 on vdhankar #####
child exited with value 1
##### ERROR: /usr/bin/time -o time_11_ruizezha_vdhankar.txt -f "%U" python3 homework.py > stulog.txt 2>&1 on vdhankar #####
##### Output of failed program (stdout + stderr): #####
Traceback (most recent call last):
  File "homework.py", line 546, in <module>
    print(end-start)
NameError: name 'end' is not defined
##### End of output of failed program #####
##### vdhankar plays [E c7 d6] in 2.98589706420898s #####
##### Running: /usr/lib/jvm/jdk-14.0.1/bin/java -jar /lab/itti/projects/checkers-competition/server/referee.jar on run_11_ruizezha_vdhankar #####
Move is valid
##### SUCCESS: /usr/lib/jvm/jdk-14.0.1/bin/java -jar /lab/itti/projects/checkers-competition/server/referee.jar on run_11_ruizezha_vdhankar #####
INPUT for ruizezha:
GAME
WHITE
272.91
.b.b.b.b
b.......
...b...b
w.....b.
.w.....b
w.....w.
.....w.w
..w.w.w.
##### Running: /usr/bin/time -o time_11_ruizezha_vdhankar.txt -f "%U" python3 homework.py > stulog.txt 2>&1 on ruizezha #####
##### SUCCESS: /usr/bin/time -o time_11_ruizezha_vdhankar.txt -f "%U" python3 homework.py > stulog.txt 2>&1 on ruizezha #####
##### ruizezha plays [E g3 f4] in 0.95s #####
##### Running: /usr/lib/jvm/jdk-14.0.1/bin/java -jar /lab/itti/projects/checkers-competition/server/referee.jar on run_11_ruizezha_vdhankar #####
Move is valid
##### SUCCESS: /usr/lib/jvm/jdk-14.0.1/bin/java -jar /lab/itti/projects/checkers-competition/server/referee.jar on run_11_ruizezha_vdhankar #####
INPUT for vdhankar:
GAME
BLACK
238.217606782913
.b.b.b.b
b.......
...b...b
w.....b.
.w...w.b
w.......
.....w.w
..w.w.w.
##### Running: /usr/bin/time -o time_11_ruizezha_vdhankar.txt -f "%U" python3 homework.py > stulog.txt 2>&1 on vdhankar #####
child exited with value 1
##### ERROR: /usr/bin/time -o time_11_ruizezha_vdhankar.txt -f "%U" python3 homework.py > stulog.txt 2>&1 on vdhankar #####
##### Output of failed program (stdout + stderr): #####
Traceback (most recent call last):
  File "homework.py", line 546, in <module>
    print(end-start)
NameError: name 'end' is not defined
##### End of output of failed program #####
##### vdhankar plays [J g5 e3] in 1.56975603103638s #####
##### Running: /usr/lib/jvm/jdk-14.0.1/bin/java -jar /lab/itti/projects/checkers-competition/server/referee.jar on run_11_ruizezha_vdhankar #####
Move is valid
##### SUCCESS: /usr/lib/jvm/jdk-14.0.1/bin/java -jar /lab/itti/projects/checkers-competition/server/referee.jar on run_11_ruizezha_vdhankar #####
INPUT for ruizezha:
GAME
WHITE
271.96
.b.b.b.b
b.......
...b...b
w.......
.w.....b
w...b...
.....w.w
..w.w.w.
##### Running: /usr/bin/time -o time_11_ruizezha_vdhankar.txt -f "%U" python3 homework.py > stulog.txt 2>&1 on ruizezha #####
##### SUCCESS: /usr/bin/time -o time_11_ruizezha_vdhankar.txt -f "%U" python3 homework.py > stulog.txt 2>&1 on ruizezha #####
##### ruizezha plays [J f2 d4] in 0.83s #####
##### Running: /usr/lib/jvm/jdk-14.0.1/bin/java -jar /lab/itti/projects/checkers-competition/server/referee.jar on run_11_ruizezha_vdhankar #####
Move is valid
##### SUCCESS: /usr/lib/jvm/jdk-14.0.1/bin/java -jar /lab/itti/projects/checkers-competition/server/referee.jar on run_11_ruizezha_vdhankar #####
INPUT for vdhankar:
GAME
BLACK
236.647850751877
.b.b.b.b
b.......
...b...b
w.......
.w.w...b
w.......
.......w
..w.w.w.
##### Running: /usr/bin/time -o time_11_ruizezha_vdhankar.txt -f "%U" python3 homework.py > stulog.txt 2>&1 on vdhankar #####
child exited with value 1
##### ERROR: /usr/bin/time -o time_11_ruizezha_vdhankar.txt -f "%U" python3 homework.py > stulog.txt 2>&1 on vdhankar #####
##### Output of failed program (stdout + stderr): #####
Traceback (most recent call last):
  File "homework.py", line 546, in <module>
    print(end-start)
NameError: name 'end' is not defined
##### End of output of failed program #####
##### vdhankar plays [E f8 g7] in 11.4553380012512s #####
##### Running: /usr/lib/jvm/jdk-14.0.1/bin/java -jar /lab/itti/projects/checkers-competition/server/referee.jar on run_11_ruizezha_vdhankar #####
Move is valid
##### SUCCESS: /usr/lib/jvm/jdk-14.0.1/bin/java -jar /lab/itti/projects/checkers-competition/server/referee.jar on run_11_ruizezha_vdhankar #####
INPUT for ruizezha:
GAME
WHITE
271.13
.b.b...b
b.....b.
...b...b
w.......
.w.w...b
w.......
.......w
..w.w.w.
##### Running: /usr/bin/time -o time_11_ruizezha_vdhankar.txt -f "%U" python3 homework.py > stulog.txt 2>&1 on ruizezha #####
##### SUCCESS: /usr/bin/time -o time_11_ruizezha_vdhankar.txt -f "%U" python3 homework.py > stulog.txt 2>&1 on ruizezha #####
##### ruizezha plays [E d4 c5] in 2.44s #####
##### Running: /usr/lib/jvm/jdk-14.0.1/bin/java -jar /lab/itti/projects/checkers-competition/server/referee.jar on run_11_ruizezha_vdhankar #####
Move is valid
##### SUCCESS: /usr/lib/jvm/jdk-14.0.1/bin/java -jar /lab/itti/projects/checkers-competition/server/referee.jar on run_11_ruizezha_vdhankar #####
INPUT for vdhankar:
GAME
BLACK
225.192512750626
.b.b...b
b.....b.
...b...b
w.w.....
.w.....b
w.......
.......w
..w.w.w.
##### Running: /usr/bin/time -o time_11_ruizezha_vdhankar.txt -f "%U" python3 homework.py > stulog.txt 2>&1 on vdhankar #####
child exited with value 1
##### ERROR: /usr/bin/time -o time_11_ruizezha_vdhankar.txt -f "%U" python3 homework.py > stulog.txt 2>&1 on vdhankar #####
##### Output of failed program (stdout + stderr): #####
Traceback (most recent call last):
  File "homework.py", line 546, in <module>
    print(end-start)
NameError: name 'end' is not defined
##### End of output of failed program #####
##### vdhankar plays [E d6 e5] in 5.67832493782043s #####
##### Running: /usr/lib/jvm/jdk-14.0.1/bin/java -jar /lab/itti/projects/checkers-competition/server/referee.jar on run_11_ruizezha_vdhankar #####
Move is valid
##### SUCCESS: /usr/lib/jvm/jdk-14.0.1/bin/java -jar /lab/itti/projects/checkers-competition/server/referee.jar on run_11_ruizezha_vdhankar #####
INPUT for ruizezha:
GAME
WHITE
268.69
.b.b...b
b.....b.
.......b
w.w.b...
.w.....b
w.......
.......w
..w.w.w.
##### Running: /usr/bin/time -o time_11_ruizezha_vdhankar.txt -f "%U" python3 homework.py > stulog.txt 2>&1 on ruizezha #####
##### SUCCESS: /usr/bin/time -o time_11_ruizezha_vdhankar.txt -f "%U" python3 homework.py > stulog.txt 2>&1 on ruizezha #####
##### ruizezha plays [E h2 g3] in 3.13s #####
##### Running: /usr/lib/jvm/jdk-14.0.1/bin/java -jar /lab/itti/projects/checkers-competition/server/referee.jar on run_11_ruizezha_vdhankar #####
Move is valid
##### SUCCESS: /usr/lib/jvm/jdk-14.0.1/bin/java -jar /lab/itti/projects/checkers-competition/server/referee.jar on run_11_ruizezha_vdhankar #####
INPUT for vdhankar:
GAME
BLACK
219.514187812805
.b.b...b
b.....b.
.......b
w.w.b...
.w.....b
w.....w.
........
..w.w.w.
##### Running: /usr/bin/time -o time_11_ruizezha_vdhankar.txt -f "%U" python3 homework.py > stulog.txt 2>&1 on vdhankar #####
child exited with value 1
##### ERROR: /usr/bin/time -o time_11_ruizezha_vdhankar.txt -f "%U" python3 homework.py > stulog.txt 2>&1 on vdhankar #####
##### Output of failed program (stdout + stderr): #####
Traceback (most recent call last):
  File "homework.py", line 546, in <module>
    print(end-start)
NameError: name 'end' is not defined
##### End of output of failed program #####
##### vdhankar plays [J h4 f2] in 2.4275209903717s #####
##### Running: /usr/lib/jvm/jdk-14.0.1/bin/java -jar /lab/itti/projects/checkers-competition/server/referee.jar on run_11_ruizezha_vdhankar #####
Move is valid
##### SUCCESS: /usr/lib/jvm/jdk-14.0.1/bin/java -jar /lab/itti/projects/checkers-competition/server/referee.jar on run_11_ruizezha_vdhankar #####
INPUT for ruizezha:
GAME
WHITE
265.56
.b.b...b
b.....b.
.......b
w.w.b...
.w......
w.......
.....b..
..w.w.w.
##### Running: /usr/bin/time -o time_11_ruizezha_vdhankar.txt -f "%U" python3 homework.py > stulog.txt 2>&1 on ruizezha #####
##### SUCCESS: /usr/bin/time -o time_11_ruizezha_vdhankar.txt -f "%U" python3 homework.py > stulog.txt 2>&1 on ruizezha #####
##### ruizezha plays [J e1 g3] in 1.19s #####
##### Running: /usr/lib/jvm/jdk-14.0.1/bin/java -jar /lab/itti/projects/checkers-competition/server/referee.jar on run_11_ruizezha_vdhankar #####
Move is valid
##### SUCCESS: /usr/lib/jvm/jdk-14.0.1/bin/java -jar /lab/itti/projects/checkers-competition/server/referee.jar on run_11_ruizezha_vdhankar #####
INPUT for vdhankar:
GAME
BLACK
217.086666822433
.b.b...b
b.....b.
.......b
w.w.b...
.w......
w.....w.
........
..w...w.
##### Running: /usr/bin/time -o time_11_ruizezha_vdhankar.txt -f "%U" python3 homework.py > stulog.txt 2>&1 on vdhankar #####
child exited with value 1
##### ERROR: /usr/bin/time -o time_11_ruizezha_vdhankar.txt -f "%U" python3 homework.py > stulog.txt 2>&1 on vdhankar #####
##### Output of failed program (stdout + stderr): #####
Traceback (most recent call last):
  File "homework.py", line 546, in <module>
    print(end-start)
NameError: name 'end' is not defined
##### End of output of failed program #####
##### vdhankar plays [E h6 g5] in 11.7665319442749s #####
##### Running: /usr/lib/jvm/jdk-14.0.1/bin/java -jar /lab/itti/projects/checkers-competition/server/referee.jar on run_11_ruizezha_vdhankar #####
Move is valid
##### SUCCESS: /usr/lib/jvm/jdk-14.0.1/bin/java -jar /lab/itti/projects/checkers-competition/server/referee.jar on run_11_ruizezha_vdhankar #####
INPUT for ruizezha:
GAME
WHITE
264.37
.b.b...b
b.....b.
........
w.w.b.b.
.w......
w.....w.
........
..w...w.
##### Running: /usr/bin/time -o time_11_ruizezha_vdhankar.txt -f "%U" python3 homework.py > stulog.txt 2>&1 on ruizezha #####
##### SUCCESS: /usr/bin/time -o time_11_ruizezha_vdhankar.txt -f "%U" python3 homework.py > stulog.txt 2>&1 on ruizezha #####
##### ruizezha plays [E g3 h4] in 3.29s #####
##### Running: /usr/lib/jvm/jdk-14.0.1/bin/java -jar /lab/itti/projects/checkers-competition/server/referee.jar on run_11_ruizezha_vdhankar #####
Move is valid
##### SUCCESS: /usr/lib/jvm/jdk-14.0.1/bin/java -jar /lab/itti/projects/checkers-competition/server/referee.jar on run_11_ruizezha_vdhankar #####
INPUT for vdhankar:
GAME
BLACK
205.320134878159
.b.b...b
b.....b.
........
w.w.b.b.
.w.....w
w.......
........
..w...w.
##### Running: /usr/bin/time -o time_11_ruizezha_vdhankar.txt -f "%U" python3 homework.py > stulog.txt 2>&1 on vdhankar #####
child exited with value 1
##### ERROR: /usr/bin/time -o time_11_ruizezha_vdhankar.txt -f "%U" python3 homework.py > stulog.txt 2>&1 on vdhankar #####
##### Output of failed program (stdout + stderr): #####
Traceback (most recent call last):
  File "homework.py", line 546, in <module>
    print(end-start)
NameError: name 'end' is not defined
##### End of output of failed program #####
##### vdhankar plays [E e5 d4] in 3.38644599914551s #####
##### Running: /usr/lib/jvm/jdk-14.0.1/bin/java -jar /lab/itti/projects/checkers-competition/server/referee.jar on run_11_ruizezha_vdhankar #####
Move is valid
##### SUCCESS: /usr/lib/jvm/jdk-14.0.1/bin/java -jar /lab/itti/projects/checkers-competition/server/referee.jar on run_11_ruizezha_vdhankar #####
INPUT for ruizezha:
GAME
WHITE
261.08
.b.b...b
b.....b.
........
w.w...b.
.w.b...w
w.......
........
..w...w.
##### Running: /usr/bin/time -o time_11_ruizezha_vdhankar.txt -f "%U" python3 homework.py > stulog.txt 2>&1 on ruizezha #####
##### SUCCESS: /usr/bin/time -o time_11_ruizezha_vdhankar.txt -f "%U" python3 homework.py > stulog.txt 2>&1 on ruizezha #####
##### ruizezha plays [J h4 f6] in 0.14s #####
##### Running: /usr/lib/jvm/jdk-14.0.1/bin/java -jar /lab/itti/projects/checkers-competition/server/referee.jar on run_11_ruizezha_vdhankar #####
Move is valid
##### SUCCESS: /usr/lib/jvm/jdk-14.0.1/bin/java -jar /lab/itti/projects/checkers-competition/server/referee.jar on run_11_ruizezha_vdhankar #####
INPUT for vdhankar:
GAME
BLACK
201.933688879013
.b.b...b
b.....b.
.....w..
w.w.....
.w.b....
w.......
........
..w...w.
##### Running: /usr/bin/time -o time_11_ruizezha_vdhankar.txt -f "%U" python3 homework.py > stulog.txt 2>&1 on vdhankar #####
child exited with value 1
##### ERROR: /usr/bin/time -o time_11_ruizezha_vdhankar.txt -f "%U" python3 homework.py > stulog.txt 2>&1 on vdhankar #####
##### Output of failed program (stdout + stderr): #####
Traceback (most recent call last):
  File "homework.py", line 546, in <module>
    print(end-start)
NameError: name 'end' is not defined
##### End of output of failed program #####
##### vdhankar plays [J g7 e5] in 2.73787093162537s #####
##### Running: /usr/lib/jvm/jdk-14.0.1/bin/java -jar /lab/itti/projects/checkers-competition/server/referee.jar on run_11_ruizezha_vdhankar #####
Move is valid
##### SUCCESS: /usr/lib/jvm/jdk-14.0.1/bin/java -jar /lab/itti/projects/checkers-competition/server/referee.jar on run_11_ruizezha_vdhankar #####
INPUT for ruizezha:
GAME
WHITE
260.94
.b.b...b
b.......
........
w.w.b...
.w.b....
w.......
........
..w...w.
##### Running: /usr/bin/time -o time_11_ruizezha_vdhankar.txt -f "%U" python3 homework.py > stulog.txt 2>&1 on ruizezha #####
##### SUCCESS: /usr/bin/time -o time_11_ruizezha_vdhankar.txt -f "%U" python3 homework.py > stulog.txt 2>&1 on ruizezha #####
##### ruizezha plays [E c5 b6] in 44.25s #####
##### Running: /usr/lib/jvm/jdk-14.0.1/bin/java -jar /lab/itti/projects/checkers-competition/server/referee.jar on run_11_ruizezha_vdhankar #####
Move is valid
##### SUCCESS: /usr/lib/jvm/jdk-14.0.1/bin/java -jar /lab/itti/projects/checkers-competition/server/referee.jar on run_11_ruizezha_vdhankar #####
INPUT for vdhankar:
GAME
BLACK
199.195817947388
.b.b...b
b.......
.w......
w...b...
.w.b....
w.......
........
..w...w.
##### Running: /usr/bin/time -o time_11_ruizezha_vdhankar.txt -f "%U" python3 homework.py > stulog.txt 2>&1 on vdhankar #####
child exited with value 1
##### ERROR: /usr/bin/time -o time_11_ruizezha_vdhankar.txt -f "%U" python3 homework.py > stulog.txt 2>&1 on vdhankar #####
##### Output of failed program (stdout + stderr): #####
Traceback (most recent call last):
  File "homework.py", line 546, in <module>
    print(end-start)
NameError: name 'end' is not defined
##### End of output of failed program #####
##### vdhankar plays [J a7 c5] in 0.761398792266846s #####
##### Running: /usr/lib/jvm/jdk-14.0.1/bin/java -jar /lab/itti/projects/checkers-competition/server/referee.jar on run_11_ruizezha_vdhankar #####
Move is valid
##### SUCCESS: /usr/lib/jvm/jdk-14.0.1/bin/java -jar /lab/itti/projects/checkers-competition/server/referee.jar on run_11_ruizezha_vdhankar #####
INPUT for ruizezha:
GAME
WHITE
216.69
.b.b...b
........
........
w.b.b...
.w.b....
w.......
........
..w...w.
##### Running: /usr/bin/time -o time_11_ruizezha_vdhankar.txt -f "%U" python3 homework.py > stulog.txt 2>&1 on ruizezha #####
##### SUCCESS: /usr/bin/time -o time_11_ruizezha_vdhankar.txt -f "%U" python3 homework.py > stulog.txt 2>&1 on ruizezha #####
##### ruizezha plays [J b4 d6] in 21.89s #####
##### Running: /usr/lib/jvm/jdk-14.0.1/bin/java -jar /lab/itti/projects/checkers-competition/server/referee.jar on run_11_ruizezha_vdhankar #####
Move is valid
##### SUCCESS: /usr/lib/jvm/jdk-14.0.1/bin/java -jar /lab/itti/projects/checkers-competition/server/referee.jar on run_11_ruizezha_vdhankar #####
INPUT for vdhankar:
GAME
BLACK
198.434419155121
.b.b...b
........
...w....
w...b...
...b....
w.......
........
..w...w.
##### Running: /usr/bin/time -o time_11_ruizezha_vdhankar.txt -f "%U" python3 homework.py > stulog.txt 2>&1 on vdhankar #####
child exited with value 1
##### ERROR: /usr/bin/time -o time_11_ruizezha_vdhankar.txt -f "%U" python3 homework.py > stulog.txt 2>&1 on vdhankar #####
##### Output of failed program (stdout + stderr): #####
Traceback (most recent call last):
  File "homework.py", line 546, in <module>
    print(end-start)
NameError: name 'end' is not defined
##### End of output of failed program #####
##### vdhankar plays [E h8 g7] in 5.35565590858459s #####
##### Running: /usr/lib/jvm/jdk-14.0.1/bin/java -jar /lab/itti/projects/checkers-competition/server/referee.jar on run_11_ruizezha_vdhankar #####
Move is valid
##### SUCCESS: /usr/lib/jvm/jdk-14.0.1/bin/java -jar /lab/itti/projects/checkers-competition/server/referee.jar on run_11_ruizezha_vdhankar #####
INPUT for ruizezha:
GAME
WHITE
194.8
.b.b....
......b.
...w....
w...b...
...b....
w.......
........
..w...w.
##### Running: /usr/bin/time -o time_11_ruizezha_vdhankar.txt -f "%U" python3 homework.py > stulog.txt 2>&1 on ruizezha #####
##### SUCCESS: /usr/bin/time -o time_11_ruizezha_vdhankar.txt -f "%U" python3 homework.py > stulog.txt 2>&1 on ruizezha #####
##### ruizezha plays [E a5 b6] in 58.92s #####
##### Running: /usr/lib/jvm/jdk-14.0.1/bin/java -jar /lab/itti/projects/checkers-competition/server/referee.jar on run_11_ruizezha_vdhankar #####
Move is valid
##### SUCCESS: /usr/lib/jvm/jdk-14.0.1/bin/java -jar /lab/itti/projects/checkers-competition/server/referee.jar on run_11_ruizezha_vdhankar #####
INPUT for vdhankar:
GAME
BLACK
193.078763246536
.b.b....
......b.
.w.w....
....b...
...b....
w.......
........
..w...w.
##### Running: /usr/bin/time -o time_11_ruizezha_vdhankar.txt -f "%U" python3 homework.py > stulog.txt 2>&1 on vdhankar #####
child exited with value 1
##### ERROR: /usr/bin/time -o time_11_ruizezha_vdhankar.txt -f "%U" python3 homework.py > stulog.txt 2>&1 on vdhankar #####
##### Output of failed program (stdout + stderr): #####
Traceback (most recent call last):
  File "homework.py", line 546, in <module>
    print(end-start)
NameError: name 'end' is not defined
##### End of output of failed program #####
##### vdhankar plays [E g7 h6] in 3.32207679748535s #####
##### Running: /usr/lib/jvm/jdk-14.0.1/bin/java -jar /lab/itti/projects/checkers-competition/server/referee.jar on run_11_ruizezha_vdhankar #####
Move is valid
##### SUCCESS: /usr/lib/jvm/jdk-14.0.1/bin/java -jar /lab/itti/projects/checkers-competition/server/referee.jar on run_11_ruizezha_vdhankar #####
INPUT for ruizezha:
GAME
WHITE
135.88
.b.b....
........
.w.w...b
....b...
...b....
w.......
........
..w...w.
##### Running: /usr/bin/time -o time_11_ruizezha_vdhankar.txt -f "%U" python3 homework.py > stulog.txt 2>&1 on ruizezha #####
##### SUCCESS: /usr/bin/time -o time_11_ruizezha_vdhankar.txt -f "%U" python3 homework.py > stulog.txt 2>&1 on ruizezha #####
##### ruizezha plays [E b6 a7] in 41.68s #####
##### Running: /usr/lib/jvm/jdk-14.0.1/bin/java -jar /lab/itti/projects/checkers-competition/server/referee.jar on run_11_ruizezha_vdhankar #####
Move is valid
##### SUCCESS: /usr/lib/jvm/jdk-14.0.1/bin/java -jar /lab/itti/projects/checkers-competition/server/referee.jar on run_11_ruizezha_vdhankar #####
INPUT for vdhankar:
GAME
BLACK
189.756686449051
.b.b....
w.......
...w...b
....b...
...b....
w.......
........
..w...w.
##### Running: /usr/bin/time -o time_11_ruizezha_vdhankar.txt -f "%U" python3 homework.py > stulog.txt 2>&1 on vdhankar #####
child exited with value 1
##### ERROR: /usr/bin/time -o time_11_ruizezha_vdhankar.txt -f "%U" python3 homework.py > stulog.txt 2>&1 on vdhankar #####
##### Output of failed program (stdout + stderr): #####
Traceback (most recent call last):
  File "homework.py", line 546, in <module>
    print(end-start)
NameError: name 'end' is not defined
##### End of output of failed program #####
##### vdhankar plays [E h6 g5] in 3.5780668258667s #####
##### Running: /usr/lib/jvm/jdk-14.0.1/bin/java -jar /lab/itti/projects/checkers-competition/server/referee.jar on run_11_ruizezha_vdhankar #####
Move is valid
##### SUCCESS: /usr/lib/jvm/jdk-14.0.1/bin/java -jar /lab/itti/projects/checkers-competition/server/referee.jar on run_11_ruizezha_vdhankar #####
INPUT for ruizezha:
GAME
WHITE
94.2
.b.b....
w.......
...w....
....b.b.
...b....
w.......
........
..w...w.
##### Running: /usr/bin/time -o time_11_ruizezha_vdhankar.txt -f "%U" python3 homework.py > stulog.txt 2>&1 on ruizezha #####
##### SUCCESS: /usr/bin/time -o time_11_ruizezha_vdhankar.txt -f "%U" python3 homework.py > stulog.txt 2>&1 on ruizezha #####
##### ruizezha plays [E a3 b4] in 47.7s #####
##### Running: /usr/lib/jvm/jdk-14.0.1/bin/java -jar /lab/itti/projects/checkers-competition/server/referee.jar on run_11_ruizezha_vdhankar #####
Move is valid
##### SUCCESS: /usr/lib/jvm/jdk-14.0.1/bin/java -jar /lab/itti/projects/checkers-competition/server/referee.jar on run_11_ruizezha_vdhankar #####
INPUT for vdhankar:
GAME
BLACK
186.178619623184
.b.b....
w.......
...w....
....b.b.
.w.b....
........
........
..w...w.
##### Running: /usr/bin/time -o time_11_ruizezha_vdhankar.txt -f "%U" python3 homework.py > stulog.txt 2>&1 on vdhankar #####
child exited with value 1
##### ERROR: /usr/bin/time -o time_11_ruizezha_vdhankar.txt -f "%U" python3 homework.py > stulog.txt 2>&1 on vdhankar #####
##### Output of failed program (stdout + stderr): #####
Traceback (most recent call last):
  File "homework.py", line 546, in <module>
    print(end-start)
NameError: name 'end' is not defined
##### End of output of failed program #####
##### vdhankar plays [E d4 e3] in 4.60931205749512s #####
##### Running: /usr/lib/jvm/jdk-14.0.1/bin/java -jar /lab/itti/projects/checkers-competition/server/referee.jar on run_11_ruizezha_vdhankar #####
Move is valid
##### SUCCESS: /usr/lib/jvm/jdk-14.0.1/bin/java -jar /lab/itti/projects/checkers-competition/server/referee.jar on run_11_ruizezha_vdhankar #####
INPUT for ruizezha:
GAME
WHITE
46.5
.b.b....
w.......
...w....
....b.b.
.w......
....b...
........
..w...w.
##### Running: /usr/bin/time -o time_11_ruizezha_vdhankar.txt -f "%U" python3 homework.py > stulog.txt 2>&1 on ruizezha #####
##### SUCCESS: /usr/bin/time -o time_11_ruizezha_vdhankar.txt -f "%U" python3 homework.py > stulog.txt 2>&1 on ruizezha #####
##### ruizezha plays [E d6 c7] in 52.54s #####
##### Running: /usr/lib/jvm/jdk-14.0.1/bin/java -jar /lab/itti/projects/checkers-competition/server/referee.jar on run_11_ruizezha_vdhankar #####
Move is valid
##### SUCCESS: /usr/lib/jvm/jdk-14.0.1/bin/java -jar /lab/itti/projects/checkers-competition/server/referee.jar on run_11_ruizezha_vdhankar #####
INPUT for vdhankar:
GAME
BLACK
181.569307565689
.b.b....
w.w.....
........
....b.b.
.w......
....b...
........
..w...w.
##### Running: /usr/bin/time -o time_11_ruizezha_vdhankar.txt -f "%U" python3 homework.py > stulog.txt 2>&1 on vdhankar #####
child exited with value 1
##### ERROR: /usr/bin/time -o time_11_ruizezha_vdhankar.txt -f "%U" python3 homework.py > stulog.txt 2>&1 on vdhankar #####
##### Output of failed program (stdout + stderr): #####
Traceback (most recent call last):
  File "homework.py", line 546, in <module>
    print(end-start)
NameError: name 'end' is not defined
##### End of output of failed program #####
##### vdhankar plays [J d8 b6] in 1.42646503448486s #####
##### Running: /usr/lib/jvm/jdk-14.0.1/bin/java -jar /lab/itti/projects/checkers-competition/server/referee.jar on run_11_ruizezha_vdhankar #####
Move is valid
##### SUCCESS: /usr/lib/jvm/jdk-14.0.1/bin/java -jar /lab/itti/projects/checkers-competition/server/referee.jar on run_11_ruizezha_vdhankar #####
INPUT for ruizezha:
GAME
WHITE
-6.03999999999996
.b......
w.......
.b......
....b.b.
.w......
....b...
........
..w...w.
Not running ruizezha because of negative remaining time -- passing illegal move instead
##### No output.txt found. Making a bogus one... #####
##### Running: /usr/lib/jvm/jdk-14.0.1/bin/java -jar /lab/itti/projects/checkers-competition/server/referee.jar on run_11_ruizezha_vdhankar #####
Step in a move needs to have 3 sections, found 1 in 'illegal'.
child exited with value 255
##### ERROR: /usr/lib/jvm/jdk-14.0.1/bin/java -jar /lab/itti/projects/checkers-competition/server/referee.jar on run_11_ruizezha_vdhankar #####
Game server reported error. Assuming bogus move.
##### GAME OVER: ruizezha loses because of illegal move [No Move] #####
Server said: FAIL
########## ROUND 11 GAMESCORE AFTER GAME 3: ruizezha=0 and vdhankar=3 ##########
#################### ROUND 11: ruizezha (B) vs vdhankar (W): game 4 ####################
##### game start! #####
INPUT for ruizezha:
GAME
BLACK
300
.b.b.b.b
b.b.b.b.
.b.b.b.b
........
........
w.w.w.w.
.w.w.w.w
w.w.w.w.
##### Running: /usr/bin/time -o time_11_ruizezha_vdhankar.txt -f "%U" python3 homework.py > stulog.txt 2>&1 on ruizezha #####
##### SUCCESS: /usr/bin/time -o time_11_ruizezha_vdhankar.txt -f "%U" python3 homework.py > stulog.txt 2>&1 on ruizezha #####
##### ruizezha plays [E h6 g5] in 11.09s #####
##### Running: /usr/lib/jvm/jdk-14.0.1/bin/java -jar /lab/itti/projects/checkers-competition/server/referee.jar on run_11_ruizezha_vdhankar #####
Move is valid
Couldn't read file 'current_ply.txt'
Couldn't read content from file 'current_ply.txt'
Couldn't read file 'lastmatchange_ply.txt'
Couldn't read content from file 'lastmatchange_ply.txt'
##### SUCCESS: /usr/lib/jvm/jdk-14.0.1/bin/java -jar /lab/itti/projects/checkers-competition/server/referee.jar on run_11_ruizezha_vdhankar #####
INPUT for vdhankar:
GAME
WHITE
300
.b.b.b.b
b.b.b.b.
.b.b.b..
......b.
........
w.w.w.w.
.w.w.w.w
w.w.w.w.
##### Running: /usr/bin/time -o time_11_ruizezha_vdhankar.txt -f "%U" python3 homework.py > stulog.txt 2>&1 on vdhankar #####
child exited with value 1
##### ERROR: /usr/bin/time -o time_11_ruizezha_vdhankar.txt -f "%U" python3 homework.py > stulog.txt 2>&1 on vdhankar #####
##### Output of failed program (stdout + stderr): #####
Traceback (most recent call last):
  File "homework.py", line 546, in <module>
    print(end-start)
NameError: name 'end' is not defined
##### End of output of failed program #####
##### vdhankar plays [E g3 h4] in 8.07633590698242s #####
##### Running: /usr/lib/jvm/jdk-14.0.1/bin/java -jar /lab/itti/projects/checkers-competition/server/referee.jar on run_11_ruizezha_vdhankar #####
Move is valid
##### SUCCESS: /usr/lib/jvm/jdk-14.0.1/bin/java -jar /lab/itti/projects/checkers-competition/server/referee.jar on run_11_ruizezha_vdhankar #####
INPUT for ruizezha:
GAME
BLACK
288.91
.b.b.b.b
b.b.b.b.
.b.b.b..
......b.
.......w
w.w.w...
.w.w.w.w
w.w.w.w.
##### Running: /usr/bin/time -o time_11_ruizezha_vdhankar.txt -f "%U" python3 homework.py > stulog.txt 2>&1 on ruizezha #####
##### SUCCESS: /usr/bin/time -o time_11_ruizezha_vdhankar.txt -f "%U" python3 homework.py > stulog.txt 2>&1 on ruizezha #####
##### ruizezha plays [E g5 f4] in 4.71s #####
##### Running: /usr/lib/jvm/jdk-14.0.1/bin/java -jar /lab/itti/projects/checkers-competition/server/referee.jar on run_11_ruizezha_vdhankar #####
Move is valid
##### SUCCESS: /usr/lib/jvm/jdk-14.0.1/bin/java -jar /lab/itti/projects/checkers-competition/server/referee.jar on run_11_ruizezha_vdhankar #####
INPUT for vdhankar:
GAME
WHITE
291.923664093018
.b.b.b.b
b.b.b.b.
.b.b.b..
........
.....b.w
w.w.w...
.w.w.w.w
w.w.w.w.
##### Running: /usr/bin/time -o time_11_ruizezha_vdhankar.txt -f "%U" python3 homework.py > stulog.txt 2>&1 on vdhankar #####
child exited with value 1
##### ERROR: /usr/bin/time -o time_11_ruizezha_vdhankar.txt -f "%U" python3 homework.py > stulog.txt 2>&1 on vdhankar #####
##### Output of failed program (stdout + stderr): #####
Traceback (most recent call last):
  File "homework.py", line 546, in <module>
    print(end-start)
NameError: name 'end' is not defined
##### End of output of failed program #####
##### vdhankar plays [J e3 g5] in 4.34668111801147s #####
##### Running: /usr/lib/jvm/jdk-14.0.1/bin/java -jar /lab/itti/projects/checkers-competition/server/referee.jar on run_11_ruizezha_vdhankar #####
Move is valid
##### SUCCESS: /usr/lib/jvm/jdk-14.0.1/bin/java -jar /lab/itti/projects/checkers-competition/server/referee.jar on run_11_ruizezha_vdhankar #####
INPUT for ruizezha:
GAME
BLACK
284.2
.b.b.b.b
b.b.b.b.
.b.b.b..
......w.
.......w
w.w.....
.w.w.w.w
w.w.w.w.
##### Running: /usr/bin/time -o time_11_ruizezha_vdhankar.txt -f "%U" python3 homework.py > stulog.txt 2>&1 on ruizezha #####
##### SUCCESS: /usr/bin/time -o time_11_ruizezha_vdhankar.txt -f "%U" python3 homework.py > stulog.txt 2>&1 on ruizezha #####
##### ruizezha plays [E d6 e5] in 8.25s #####
##### Running: /usr/lib/jvm/jdk-14.0.1/bin/java -jar /lab/itti/projects/checkers-competition/server/referee.jar on run_11_ruizezha_vdhankar #####
Move is valid
##### SUCCESS: /usr/lib/jvm/jdk-14.0.1/bin/java -jar /lab/itti/projects/checkers-competition/server/referee.jar on run_11_ruizezha_vdhankar #####
INPUT for vdhankar:
GAME
WHITE
287.576982975006
.b.b.b.b
b.b.b.b.
.b...b..
....b.w.
.......w
w.w.....
.w.w.w.w
w.w.w.w.
##### Running: /usr/bin/time -o time_11_ruizezha_vdhankar.txt -f "%U" python3 homework.py > stulog.txt 2>&1 on vdhankar #####
child exited with value 1
##### ERROR: /usr/bin/time -o time_11_ruizezha_vdhankar.txt -f "%U" python3 homework.py > stulog.txt 2>&1 on vdhankar #####
##### Output of failed program (stdout + stderr): #####
Traceback (most recent call last):
  File "homework.py", line 546, in <module>
    print(end-start)
NameError: name 'end' is not defined
##### End of output of failed program #####
##### vdhankar plays [E g5 h6] in 7.59917187690735s #####
##### Running: /usr/lib/jvm/jdk-14.0.1/bin/java -jar /lab/itti/projects/checkers-competition/server/referee.jar on run_11_ruizezha_vdhankar #####
Move is valid
##### SUCCESS: /usr/lib/jvm/jdk-14.0.1/bin/java -jar /lab/itti/projects/checkers-competition/server/referee.jar on run_11_ruizezha_vdhankar #####
INPUT for ruizezha:
GAME
BLACK
275.95
.b.b.b.b
b.b.b.b.
.b...b.w
....b...
.......w
w.w.....
.w.w.w.w
w.w.w.w.
##### Running: /usr/bin/time -o time_11_ruizezha_vdhankar.txt -f "%U" python3 homework.py > stulog.txt 2>&1 on ruizezha #####
##### SUCCESS: /usr/bin/time -o time_11_ruizezha_vdhankar.txt -f "%U" python3 homework.py > stulog.txt 2>&1 on ruizezha #####
##### ruizezha plays [E f6 g5] in 5s #####
##### Running: /usr/lib/jvm/jdk-14.0.1/bin/java -jar /lab/itti/projects/checkers-competition/server/referee.jar on run_11_ruizezha_vdhankar #####
Move is valid
##### SUCCESS: /usr/lib/jvm/jdk-14.0.1/bin/java -jar /lab/itti/projects/checkers-competition/server/referee.jar on run_11_ruizezha_vdhankar #####
INPUT for vdhankar:
GAME
WHITE
279.977811098099
.b.b.b.b
b.b.b.b.
.b.....w
....b.b.
.......w
w.w.....
.w.w.w.w
w.w.w.w.
##### Running: /usr/bin/time -o time_11_ruizezha_vdhankar.txt -f "%U" python3 homework.py > stulog.txt 2>&1 on vdhankar #####
child exited with value 1
##### ERROR: /usr/bin/time -o time_11_ruizezha_vdhankar.txt -f "%U" python3 homework.py > stulog.txt 2>&1 on vdhankar #####
##### Output of failed program (stdout + stderr): #####
Traceback (most recent call last):
  File "homework.py", line 546, in <module>
    print(end-start)
NameError: name 'end' is not defined
##### End of output of failed program #####
##### vdhankar plays [J h4 f6] in 1.28796911239624s #####
##### Running: /usr/lib/jvm/jdk-14.0.1/bin/java -jar /lab/itti/projects/checkers-competition/server/referee.jar on run_11_ruizezha_vdhankar #####
Move is valid
##### SUCCESS: /usr/lib/jvm/jdk-14.0.1/bin/java -jar /lab/itti/projects/checkers-competition/server/referee.jar on run_11_ruizezha_vdhankar #####
INPUT for ruizezha:
GAME
BLACK
270.95
.b.b.b.b
b.b.b.b.
.b...w.w
....b...
........
w.w.....
.w.w.w.w
w.w.w.w.
##### Running: /usr/bin/time -o time_11_ruizezha_vdhankar.txt -f "%U" python3 homework.py > stulog.txt 2>&1 on ruizezha #####
##### SUCCESS: /usr/bin/time -o time_11_ruizezha_vdhankar.txt -f "%U" python3 homework.py > stulog.txt 2>&1 on ruizezha #####
##### ruizezha plays [J e7 g5] in 12.04s #####
##### Running: /usr/lib/jvm/jdk-14.0.1/bin/java -jar /lab/itti/projects/checkers-competition/server/referee.jar on run_11_ruizezha_vdhankar #####
Move is valid
##### SUCCESS: /usr/lib/jvm/jdk-14.0.1/bin/java -jar /lab/itti/projects/checkers-competition/server/referee.jar on run_11_ruizezha_vdhankar #####
INPUT for vdhankar:
GAME
WHITE
278.689841985703
.b.b.b.b
b.b...b.
.b.....w
....b.b.
........
w.w.....
.w.w.w.w
w.w.w.w.
##### Running: /usr/bin/time -o time_11_ruizezha_vdhankar.txt -f "%U" python3 homework.py > stulog.txt 2>&1 on vdhankar #####
child exited with value 1
##### ERROR: /usr/bin/time -o time_11_ruizezha_vdhankar.txt -f "%U" python3 homework.py > stulog.txt 2>&1 on vdhankar #####
##### Output of failed program (stdout + stderr): #####
Traceback (most recent call last):
  File "homework.py", line 546, in <module>
    print(end-start)
NameError: name 'end' is not defined
##### End of output of failed program #####
##### vdhankar plays [E h2 g3] in 15.4072709083557s #####
##### Running: /usr/lib/jvm/jdk-14.0.1/bin/java -jar /lab/itti/projects/checkers-competition/server/referee.jar on run_11_ruizezha_vdhankar #####
Move is valid
##### SUCCESS: /usr/lib/jvm/jdk-14.0.1/bin/java -jar /lab/itti/projects/checkers-competition/server/referee.jar on run_11_ruizezha_vdhankar #####
INPUT for ruizezha:
GAME
BLACK
258.91
.b.b.b.b
b.b...b.
.b.....w
....b.b.
........
w.w...w.
.w.w.w..
w.w.w.w.
##### Running: /usr/bin/time -o time_11_ruizezha_vdhankar.txt -f "%U" python3 homework.py > stulog.txt 2>&1 on ruizezha #####
##### SUCCESS: /usr/bin/time -o time_11_ruizezha_vdhankar.txt -f "%U" python3 homework.py > stulog.txt 2>&1 on ruizezha #####
##### ruizezha plays [E g5 h4] in 3.14s #####
##### Running: /usr/lib/jvm/jdk-14.0.1/bin/java -jar /lab/itti/projects/checkers-competition/server/referee.jar on run_11_ruizezha_vdhankar #####
Move is valid
##### SUCCESS: /usr/lib/jvm/jdk-14.0.1/bin/java -jar /lab/itti/projects/checkers-competition/server/referee.jar on run_11_ruizezha_vdhankar #####
INPUT for vdhankar:
GAME
WHITE
263.282571077347
.b.b.b.b
b.b...b.
.b.....w
....b...
.......b
w.w...w.
.w.w.w..
w.w.w.w.
##### Running: /usr/bin/time -o time_11_ruizezha_vdhankar.txt -f "%U" python3 homework.py > stulog.txt 2>&1 on vdhankar #####
child exited with value 1
##### ERROR: /usr/bin/time -o time_11_ruizezha_vdhankar.txt -f "%U" python3 homework.py > stulog.txt 2>&1 on vdhankar #####
##### Output of failed program (stdout + stderr): #####
Traceback (most recent call last):
  File "homework.py", line 546, in <module>
    print(end-start)
NameError: name 'end' is not defined
##### End of output of failed program #####
##### vdhankar plays [E g1 h2] in 6.73114705085754s #####
##### Running: /usr/lib/jvm/jdk-14.0.1/bin/java -jar /lab/itti/projects/checkers-competition/server/referee.jar on run_11_ruizezha_vdhankar #####
Move is valid
##### SUCCESS: /usr/lib/jvm/jdk-14.0.1/bin/java -jar /lab/itti/projects/checkers-competition/server/referee.jar on run_11_ruizezha_vdhankar #####
INPUT for ruizezha:
GAME
BLACK
255.77
.b.b.b.b
b.b...b.
.b.....w
....b...
.......b
w.w...w.
.w.w.w.w
w.w.w...
##### Running: /usr/bin/time -o time_11_ruizezha_vdhankar.txt -f "%U" python3 homework.py > stulog.txt 2>&1 on ruizezha #####
##### SUCCESS: /usr/bin/time -o time_11_ruizezha_vdhankar.txt -f "%U" python3 homework.py > stulog.txt 2>&1 on ruizezha #####
##### ruizezha plays [E b6 a5] in 0.19s #####
##### Running: /usr/lib/jvm/jdk-14.0.1/bin/java -jar /lab/itti/projects/checkers-competition/server/referee.jar on run_11_ruizezha_vdhankar #####
Move is valid
##### SUCCESS: /usr/lib/jvm/jdk-14.0.1/bin/java -jar /lab/itti/projects/checkers-competition/server/referee.jar on run_11_ruizezha_vdhankar #####
INPUT for vdhankar:
GAME
WHITE
256.551424026489
.b.b.b.b
b.b...b.
.......w
b...b...
.......b
w.w...w.
.w.w.w.w
w.w.w...
##### Running: /usr/bin/time -o time_11_ruizezha_vdhankar.txt -f "%U" python3 homework.py > stulog.txt 2>&1 on vdhankar #####
child exited with value 1
##### ERROR: /usr/bin/time -o time_11_ruizezha_vdhankar.txt -f "%U" python3 homework.py > stulog.txt 2>&1 on vdhankar #####
##### Output of failed program (stdout + stderr): #####
Traceback (most recent call last):
  File "homework.py", line 546, in <module>
    print(end-start)
NameError: name 'end' is not defined
##### End of output of failed program #####
##### vdhankar plays [E g3 f4] in 1.9749231338501s #####
##### Running: /usr/lib/jvm/jdk-14.0.1/bin/java -jar /lab/itti/projects/checkers-competition/server/referee.jar on run_11_ruizezha_vdhankar #####
Move is valid
##### SUCCESS: /usr/lib/jvm/jdk-14.0.1/bin/java -jar /lab/itti/projects/checkers-competition/server/referee.jar on run_11_ruizezha_vdhankar #####
INPUT for ruizezha:
GAME
BLACK
255.58
.b.b.b.b
b.b...b.
.......w
b...b...
.....w.b
w.w.....
.w.w.w.w
w.w.w...
##### Running: /usr/bin/time -o time_11_ruizezha_vdhankar.txt -f "%U" python3 homework.py > stulog.txt 2>&1 on ruizezha #####
##### SUCCESS: /usr/bin/time -o time_11_ruizezha_vdhankar.txt -f "%U" python3 homework.py > stulog.txt 2>&1 on ruizezha #####
##### ruizezha plays [J e5 g3] in 0.11s #####
##### Running: /usr/lib/jvm/jdk-14.0.1/bin/java -jar /lab/itti/projects/checkers-competition/server/referee.jar on run_11_ruizezha_vdhankar #####
Move is valid
##### SUCCESS: /usr/lib/jvm/jdk-14.0.1/bin/java -jar /lab/itti/projects/checkers-competition/server/referee.jar on run_11_ruizezha_vdhankar #####
INPUT for vdhankar:
GAME
WHITE
254.576500892639
.b.b.b.b
b.b...b.
.......w
b.......
.......b
w.w...b.
.w.w.w.w
w.w.w...
##### Running: /usr/bin/time -o time_11_ruizezha_vdhankar.txt -f "%U" python3 homework.py > stulog.txt 2>&1 on vdhankar #####
child exited with value 1
##### ERROR: /usr/bin/time -o time_11_ruizezha_vdhankar.txt -f "%U" python3 homework.py > stulog.txt 2>&1 on vdhankar #####
##### Output of failed program (stdout + stderr): #####
Traceback (most recent call last):
  File "homework.py", line 546, in <module>
    print(end-start)
NameError: name 'end' is not defined
##### End of output of failed program #####
##### vdhankar plays [J h2 f4] in 3.86982488632202s #####
##### Running: /usr/lib/jvm/jdk-14.0.1/bin/java -jar /lab/itti/projects/checkers-competition/server/referee.jar on run_11_ruizezha_vdhankar #####
Move is valid
##### SUCCESS: /usr/lib/jvm/jdk-14.0.1/bin/java -jar /lab/itti/projects/checkers-competition/server/referee.jar on run_11_ruizezha_vdhankar #####
INPUT for ruizezha:
GAME
BLACK
255.47
.b.b.b.b
b.b...b.
.......w
b.......
.....w.b
w.w.....
.w.w.w..
w.w.w...
##### Running: /usr/bin/time -o time_11_ruizezha_vdhankar.txt -f "%U" python3 homework.py > stulog.txt 2>&1 on ruizezha #####
##### SUCCESS: /usr/bin/time -o time_11_ruizezha_vdhankar.txt -f "%U" python3 homework.py > stulog.txt 2>&1 on ruizezha #####
##### ruizezha plays [E c7 b6] in 0.94s #####
##### Running: /usr/lib/jvm/jdk-14.0.1/bin/java -jar /lab/itti/projects/checkers-competition/server/referee.jar on run_11_ruizezha_vdhankar #####
Move is valid
##### SUCCESS: /usr/lib/jvm/jdk-14.0.1/bin/java -jar /lab/itti/projects/checkers-competition/server/referee.jar on run_11_ruizezha_vdhankar #####
INPUT for vdhankar:
GAME
WHITE
250.706676006317
.b.b.b.b
b.....b.
.b.....w
b.......
.....w.b
w.w.....
.w.w.w..
w.w.w...
##### Running: /usr/bin/time -o time_11_ruizezha_vdhankar.txt -f "%U" python3 homework.py > stulog.txt 2>&1 on vdhankar #####
child exited with value 1
##### ERROR: /usr/bin/time -o time_11_ruizezha_vdhankar.txt -f "%U" python3 homework.py > stulog.txt 2>&1 on vdhankar #####
##### Output of failed program (stdout + stderr): #####
Traceback (most recent call last):
  File "homework.py", line 546, in <module>
    print(end-start)
NameError: name 'end' is not defined
##### End of output of failed program #####
##### vdhankar plays [E f2 e3] in 7.37311816215515s #####
##### Running: /usr/lib/jvm/jdk-14.0.1/bin/java -jar /lab/itti/projects/checkers-competition/server/referee.jar on run_11_ruizezha_vdhankar #####
Move is valid
##### SUCCESS: /usr/lib/jvm/jdk-14.0.1/bin/java -jar /lab/itti/projects/checkers-competition/server/referee.jar on run_11_ruizezha_vdhankar #####
INPUT for ruizezha:
GAME
BLACK
254.53
.b.b.b.b
b.....b.
.b.....w
b.......
.....w.b
w.w.w...
.w.w....
w.w.w...
##### Running: /usr/bin/time -o time_11_ruizezha_vdhankar.txt -f "%U" python3 homework.py > stulog.txt 2>&1 on ruizezha #####
##### SUCCESS: /usr/bin/time -o time_11_ruizezha_vdhankar.txt -f "%U" python3 homework.py > stulog.txt 2>&1 on ruizezha #####
##### ruizezha plays [E h4 g3] in 1.26s #####
##### Running: /usr/lib/jvm/jdk-14.0.1/bin/java -jar /lab/itti/projects/checkers-competition/server/referee.jar on run_11_ruizezha_vdhankar #####
Move is valid
##### SUCCESS: /usr/lib/jvm/jdk-14.0.1/bin/java -jar /lab/itti/projects/checkers-competition/server/referee.jar on run_11_ruizezha_vdhankar #####
INPUT for vdhankar:
GAME
WHITE
243.333557844162
.b.b.b.b
b.....b.
.b.....w
b.......
.....w..
w.w.w.b.
.w.w....
w.w.w...
##### Running: /usr/bin/time -o time_11_ruizezha_vdhankar.txt -f "%U" python3 homework.py > stulog.txt 2>&1 on vdhankar #####
child exited with value 1
##### ERROR: /usr/bin/time -o time_11_ruizezha_vdhankar.txt -f "%U" python3 homework.py > stulog.txt 2>&1 on vdhankar #####
##### Output of failed program (stdout + stderr): #####
Traceback (most recent call last):
  File "homework.py", line 546, in <module>
    print(end-start)
NameError: name 'end' is not defined
##### End of output of failed program #####
##### vdhankar plays [E c3 b4] in 10.5210840702057s #####
##### Running: /usr/lib/jvm/jdk-14.0.1/bin/java -jar /lab/itti/projects/checkers-competition/server/referee.jar on run_11_ruizezha_vdhankar #####
Move is valid
##### SUCCESS: /usr/lib/jvm/jdk-14.0.1/bin/java -jar /lab/itti/projects/checkers-competition/server/referee.jar on run_11_ruizezha_vdhankar #####
INPUT for ruizezha:
GAME
BLACK
253.27
.b.b.b.b
b.....b.
.b.....w
b.......
.w...w..
w...w.b.
.w.w....
w.w.w...
##### Running: /usr/bin/time -o time_11_ruizezha_vdhankar.txt -f "%U" python3 homework.py > stulog.txt 2>&1 on ruizezha #####
##### SUCCESS: /usr/bin/time -o time_11_ruizezha_vdhankar.txt -f "%U" python3 homework.py > stulog.txt 2>&1 on ruizezha #####
##### ruizezha plays [J a5 c3] in 0.36s #####
##### Running: /usr/lib/jvm/jdk-14.0.1/bin/java -jar /lab/itti/projects/checkers-competition/server/referee.jar on run_11_ruizezha_vdhankar #####
Move is valid
##### SUCCESS: /usr/lib/jvm/jdk-14.0.1/bin/java -jar /lab/itti/projects/checkers-competition/server/referee.jar on run_11_ruizezha_vdhankar #####
INPUT for vdhankar:
GAME
WHITE
232.812473773956
.b.b.b.b
b.....b.
.b.....w
........
.....w..
w.b.w.b.
.w.w....
w.w.w...
##### Running: /usr/bin/time -o time_11_ruizezha_vdhankar.txt -f "%U" python3 homework.py > stulog.txt 2>&1 on vdhankar #####
child exited with value 1
##### ERROR: /usr/bin/time -o time_11_ruizezha_vdhankar.txt -f "%U" python3 homework.py > stulog.txt 2>&1 on vdhankar #####
##### Output of failed program (stdout + stderr): #####
Traceback (most recent call last):
  File "homework.py", line 546, in <module>
    print(end-start)
NameError: name 'end' is not defined
##### End of output of failed program #####
##### vdhankar plays [J d2 b4] in 8.9675829410553s #####
##### Running: /usr/lib/jvm/jdk-14.0.1/bin/java -jar /lab/itti/projects/checkers-competition/server/referee.jar on run_11_ruizezha_vdhankar #####
Move is valid
##### SUCCESS: /usr/lib/jvm/jdk-14.0.1/bin/java -jar /lab/itti/projects/checkers-competition/server/referee.jar on run_11_ruizezha_vdhankar #####
INPUT for ruizezha:
GAME
BLACK
252.91
.b.b.b.b
b.....b.
.b.....w
........
.w...w..
w...w.b.
.w......
w.w.w...
##### Running: /usr/bin/time -o time_11_ruizezha_vdhankar.txt -f "%U" python3 homework.py > stulog.txt 2>&1 on ruizezha #####
##### SUCCESS: /usr/bin/time -o time_11_ruizezha_vdhankar.txt -f "%U" python3 homework.py > stulog.txt 2>&1 on ruizezha #####
##### ruizezha plays [E g3 h2] in 2.77s #####
##### Running: /usr/lib/jvm/jdk-14.0.1/bin/java -jar /lab/itti/projects/checkers-competition/server/referee.jar on run_11_ruizezha_vdhankar #####
Move is valid
##### SUCCESS: /usr/lib/jvm/jdk-14.0.1/bin/java -jar /lab/itti/projects/checkers-competition/server/referee.jar on run_11_ruizezha_vdhankar #####
INPUT for vdhankar:
GAME
WHITE
223.844890832901
.b.b.b.b
b.....b.
.b.....w
........
.w...w..
w...w...
.w.....b
w.w.w...
##### Running: /usr/bin/time -o time_11_ruizezha_vdhankar.txt -f "%U" python3 homework.py > stulog.txt 2>&1 on vdhankar #####
child exited with value 1
##### ERROR: /usr/bin/time -o time_11_ruizezha_vdhankar.txt -f "%U" python3 homework.py > stulog.txt 2>&1 on vdhankar #####
##### Output of failed program (stdout + stderr): #####
Traceback (most recent call last):
  File "homework.py", line 546, in <module>
    print(end-start)
NameError: name 'end' is not defined
##### End of output of failed program #####
##### vdhankar plays [E e1 f2] in 31.7881450653076s #####
##### Running: /usr/lib/jvm/jdk-14.0.1/bin/java -jar /lab/itti/projects/checkers-competition/server/referee.jar on run_11_ruizezha_vdhankar #####
Move is valid
##### SUCCESS: /usr/lib/jvm/jdk-14.0.1/bin/java -jar /lab/itti/projects/checkers-competition/server/referee.jar on run_11_ruizezha_vdhankar #####
INPUT for ruizezha:
GAME
BLACK
250.14
.b.b.b.b
b.....b.
.b.....w
........
.w...w..
w...w...
.w...w.b
w.w.....
##### Running: /usr/bin/time -o time_11_ruizezha_vdhankar.txt -f "%U" python3 homework.py > stulog.txt 2>&1 on ruizezha #####
##### SUCCESS: /usr/bin/time -o time_11_ruizezha_vdhankar.txt -f "%U" python3 homework.py > stulog.txt 2>&1 on ruizezha #####
##### ruizezha plays [E f8 e7] in 1.62s #####
##### Running: /usr/lib/jvm/jdk-14.0.1/bin/java -jar /lab/itti/projects/checkers-competition/server/referee.jar on run_11_ruizezha_vdhankar #####
Move is valid
##### SUCCESS: /usr/lib/jvm/jdk-14.0.1/bin/java -jar /lab/itti/projects/checkers-competition/server/referee.jar on run_11_ruizezha_vdhankar #####
INPUT for vdhankar:
GAME
WHITE
192.056745767593
.b.b...b
b...b.b.
.b.....w
........
.w...w..
w...w...
.w...w.b
w.w.....
##### Running: /usr/bin/time -o time_11_ruizezha_vdhankar.txt -f "%U" python3 homework.py > stulog.txt 2>&1 on vdhankar #####
child exited with value 1
##### ERROR: /usr/bin/time -o time_11_ruizezha_vdhankar.txt -f "%U" python3 homework.py > stulog.txt 2>&1 on vdhankar #####
##### Output of failed program (stdout + stderr): #####
Traceback (most recent call last):
  File "homework.py", line 546, in <module>
    print(end-start)
NameError: name 'end' is not defined
##### End of output of failed program #####
##### vdhankar plays [J h6 f8] in 0.705180883407593s #####
##### Running: /usr/lib/jvm/jdk-14.0.1/bin/java -jar /lab/itti/projects/checkers-competition/server/referee.jar on run_11_ruizezha_vdhankar #####
Move is valid
##### SUCCESS: /usr/lib/jvm/jdk-14.0.1/bin/java -jar /lab/itti/projects/checkers-competition/server/referee.jar on run_11_ruizezha_vdhankar #####
INPUT for ruizezha:
GAME
BLACK
248.52
.b.b.W.b
b...b...
.b......
........
.w...w..
w...w...
.w...w.b
w.w.....
##### Running: /usr/bin/time -o time_11_ruizezha_vdhankar.txt -f "%U" python3 homework.py > stulog.txt 2>&1 on ruizezha #####
##### SUCCESS: /usr/bin/time -o time_11_ruizezha_vdhankar.txt -f "%U" python3 homework.py > stulog.txt 2>&1 on ruizezha #####
##### ruizezha plays [E d8 c7] in 0.35s #####
##### Running: /usr/lib/jvm/jdk-14.0.1/bin/java -jar /lab/itti/projects/checkers-competition/server/referee.jar on run_11_ruizezha_vdhankar #####
Move is valid
##### SUCCESS: /usr/lib/jvm/jdk-14.0.1/bin/java -jar /lab/itti/projects/checkers-competition/server/referee.jar on run_11_ruizezha_vdhankar #####
INPUT for vdhankar:
GAME
WHITE
191.351564884186
.b...W.b
b.b.b...
.b......
........
.w...w..
w...w...
.w...w.b
w.w.....
##### Running: /usr/bin/time -o time_11_ruizezha_vdhankar.txt -f "%U" python3 homework.py > stulog.txt 2>&1 on vdhankar #####
child exited with value 1
##### ERROR: /usr/bin/time -o time_11_ruizezha_vdhankar.txt -f "%U" python3 homework.py > stulog.txt 2>&1 on vdhankar #####
##### Output of failed program (stdout + stderr): #####
Traceback (most recent call last):
  File "homework.py", line 546, in <module>
    print(end-start)
NameError: name 'end' is not defined
##### End of output of failed program #####
##### vdhankar plays [J f8 d6] in 0.740938901901245s #####
##### Running: /usr/lib/jvm/jdk-14.0.1/bin/java -jar /lab/itti/projects/checkers-competition/server/referee.jar on run_11_ruizezha_vdhankar #####
Move is valid
##### SUCCESS: /usr/lib/jvm/jdk-14.0.1/bin/java -jar /lab/itti/projects/checkers-competition/server/referee.jar on run_11_ruizezha_vdhankar #####
INPUT for ruizezha:
GAME
BLACK
248.17
.b.....b
b.b.....
.b.W....
........
.w...w..
w...w...
.w...w.b
w.w.....
##### Running: /usr/bin/time -o time_11_ruizezha_vdhankar.txt -f "%U" python3 homework.py > stulog.txt 2>&1 on ruizezha #####
##### SUCCESS: /usr/bin/time -o time_11_ruizezha_vdhankar.txt -f "%U" python3 homework.py > stulog.txt 2>&1 on ruizezha #####
##### ruizezha plays [J c7 e5 ; J e5 g3 ; J g3 e1] in 0.24s #####
##### Running: /usr/lib/jvm/jdk-14.0.1/bin/java -jar /lab/itti/projects/checkers-competition/server/referee.jar on run_11_ruizezha_vdhankar #####
Move is valid
##### SUCCESS: /usr/lib/jvm/jdk-14.0.1/bin/java -jar /lab/itti/projects/checkers-competition/server/referee.jar on run_11_ruizezha_vdhankar #####
INPUT for vdhankar:
GAME
WHITE
190.610625982285
.b.....b
b.......
.b......
........
.w......
w...w...
.w.....b
w.w.B...
##### Running: /usr/bin/time -o time_11_ruizezha_vdhankar.txt -f "%U" python3 homework.py > stulog.txt 2>&1 on vdhankar #####
child exited with value 1
##### ERROR: /usr/bin/time -o time_11_ruizezha_vdhankar.txt -f "%U" python3 homework.py > stulog.txt 2>&1 on vdhankar #####
##### Output of failed program (stdout + stderr): #####
Traceback (most recent call last):
  File "homework.py", line 546, in <module>
    print(end-start)
NameError: name 'end' is not defined
##### End of output of failed program #####
##### vdhankar plays [E e3 f4] in 6.70319509506226s #####
##### Running: /usr/lib/jvm/jdk-14.0.1/bin/java -jar /lab/itti/projects/checkers-competition/server/referee.jar on run_11_ruizezha_vdhankar #####
Move is valid
##### SUCCESS: /usr/lib/jvm/jdk-14.0.1/bin/java -jar /lab/itti/projects/checkers-competition/server/referee.jar on run_11_ruizezha_vdhankar #####
INPUT for ruizezha:
GAME
BLACK
247.93
.b.....b
b.......
.b......
........
.w...w..
w.......
.w.....b
w.w.B...
##### Running: /usr/bin/time -o time_11_ruizezha_vdhankar.txt -f "%U" python3 homework.py > stulog.txt 2>&1 on ruizezha #####
##### SUCCESS: /usr/bin/time -o time_11_ruizezha_vdhankar.txt -f "%U" python3 homework.py > stulog.txt 2>&1 on ruizezha #####
##### ruizezha plays [E b6 a5] in 52.63s #####
##### Running: /usr/lib/jvm/jdk-14.0.1/bin/java -jar /lab/itti/projects/checkers-competition/server/referee.jar on run_11_ruizezha_vdhankar #####
Move is valid
##### SUCCESS: /usr/lib/jvm/jdk-14.0.1/bin/java -jar /lab/itti/projects/checkers-competition/server/referee.jar on run_11_ruizezha_vdhankar #####
INPUT for vdhankar:
GAME
WHITE
183.907430887222
.b.....b
b.......
........
b.......
.w...w..
w.......
.w.....b
w.w.B...
##### Running: /usr/bin/time -o time_11_ruizezha_vdhankar.txt -f "%U" python3 homework.py > stulog.txt 2>&1 on vdhankar #####
child exited with value 1
##### ERROR: /usr/bin/time -o time_11_ruizezha_vdhankar.txt -f "%U" python3 homework.py > stulog.txt 2>&1 on vdhankar #####
##### Output of failed program (stdout + stderr): #####
Traceback (most recent call last):
  File "homework.py", line 546, in <module>
    print(end-start)
NameError: name 'end' is not defined
##### End of output of failed program #####
##### vdhankar plays [E f4 e5] in 3.60779500007629s #####
##### Running: /usr/lib/jvm/jdk-14.0.1/bin/java -jar /lab/itti/projects/checkers-competition/server/referee.jar on run_11_ruizezha_vdhankar #####
Move is valid
##### SUCCESS: /usr/lib/jvm/jdk-14.0.1/bin/java -jar /lab/itti/projects/checkers-competition/server/referee.jar on run_11_ruizezha_vdhankar #####
INPUT for ruizezha:
GAME
BLACK
195.3
.b.....b
b.......
........
b...w...
.w......
w.......
.w.....b
w.w.B...
##### Running: /usr/bin/time -o time_11_ruizezha_vdhankar.txt -f "%U" python3 homework.py > stulog.txt 2>&1 on ruizezha #####
##### SUCCESS: /usr/bin/time -o time_11_ruizezha_vdhankar.txt -f "%U" python3 homework.py > stulog.txt 2>&1 on ruizezha #####
##### ruizezha plays [J a5 c3] in 11.06s #####
##### Running: /usr/lib/jvm/jdk-14.0.1/bin/java -jar /lab/itti/projects/checkers-competition/server/referee.jar on run_11_ruizezha_vdhankar #####
Move is valid
##### SUCCESS: /usr/lib/jvm/jdk-14.0.1/bin/java -jar /lab/itti/projects/checkers-competition/server/referee.jar on run_11_ruizezha_vdhankar #####
INPUT for vdhankar:
GAME
WHITE
180.299635887146
.b.....b
b.......
........
....w...
........
w.b.....
.w.....b
w.w.B...
##### Running: /usr/bin/time -o time_11_ruizezha_vdhankar.txt -f "%U" python3 homework.py > stulog.txt 2>&1 on vdhankar #####
child exited with value 1
##### ERROR: /usr/bin/time -o time_11_ruizezha_vdhankar.txt -f "%U" python3 homework.py > stulog.txt 2>&1 on vdhankar #####
##### Output of failed program (stdout + stderr): #####
Traceback (most recent call last):
  File "homework.py", line 546, in <module>
    print(end-start)
NameError: name 'end' is not defined
##### End of output of failed program #####
##### vdhankar plays [J b2 d4] in 3.79575085639954s #####
##### Running: /usr/lib/jvm/jdk-14.0.1/bin/java -jar /lab/itti/projects/checkers-competition/server/referee.jar on run_11_ruizezha_vdhankar #####
Move is valid
##### SUCCESS: /usr/lib/jvm/jdk-14.0.1/bin/java -jar /lab/itti/projects/checkers-competition/server/referee.jar on run_11_ruizezha_vdhankar #####
INPUT for ruizezha:
GAME
BLACK
184.24
.b.....b
b.......
........
....w...
...w....
w.......
.......b
w.w.B...
##### Running: /usr/bin/time -o time_11_ruizezha_vdhankar.txt -f "%U" python3 homework.py > stulog.txt 2>&1 on ruizezha #####
##### SUCCESS: /usr/bin/time -o time_11_ruizezha_vdhankar.txt -f "%U" python3 homework.py > stulog.txt 2>&1 on ruizezha #####
##### ruizezha plays [E e1 f2] in 143.41s #####
##### Running: /usr/lib/jvm/jdk-14.0.1/bin/java -jar /lab/itti/projects/checkers-competition/server/referee.jar on run_11_ruizezha_vdhankar #####
Move is valid
##### SUCCESS: /usr/lib/jvm/jdk-14.0.1/bin/java -jar /lab/itti/projects/checkers-competition/server/referee.jar on run_11_ruizezha_vdhankar #####
INPUT for vdhankar:
GAME
WHITE
176.503885030746
.b.....b
b.......
........
....w...
...w....
w.......
.....B.b
w.w.....
##### Running: /usr/bin/time -o time_11_ruizezha_vdhankar.txt -f "%U" python3 homework.py > stulog.txt 2>&1 on vdhankar #####
child exited with value 1
##### ERROR: /usr/bin/time -o time_11_ruizezha_vdhankar.txt -f "%U" python3 homework.py > stulog.txt 2>&1 on vdhankar #####
##### Output of failed program (stdout + stderr): #####
Traceback (most recent call last):
  File "homework.py", line 546, in <module>
    print(end-start)
NameError: name 'end' is not defined
##### End of output of failed program #####
##### vdhankar plays [E c1 d2] in 25.4088118076324s #####
##### Running: /usr/lib/jvm/jdk-14.0.1/bin/java -jar /lab/itti/projects/checkers-competition/server/referee.jar on run_11_ruizezha_vdhankar #####
Move is valid
##### SUCCESS: /usr/lib/jvm/jdk-14.0.1/bin/java -jar /lab/itti/projects/checkers-competition/server/referee.jar on run_11_ruizezha_vdhankar #####
INPUT for ruizezha:
GAME
BLACK
40.83
.b.....b
b.......
........
....w...
...w....
w.......
...w.B.b
w.......
##### Running: /usr/bin/time -o time_11_ruizezha_vdhankar.txt -f "%U" python3 homework.py > stulog.txt 2>&1 on ruizezha #####
##### Killing ruizezha after timeout #####
*** Killing lingering child process [sh] ***
*** Killing lingering child process [sh] ***
*** Killing lingering child process [time] ***
*** Killing lingering child process [python3] ***
kill -9  805491 1272273 1272274 1272275
##### GAME OVER: ruizezha ran over time limit by 12s #####
########## ROUND 11 GAMESCORE AFTER GAME 4: ruizezha=0 and vdhankar=4 ##########


########## GRAND WINNER ROUND 11 IS vdhankar BY 4 vs 0 GAMESCORE ##########
