#################### ROUND 8: vdhankar (W) vs zwang715 (B): game 1 ####################
##### game start! #####
INPUT for zwang715:
GAME
BLACK
300
.b.b.b.b
b.b.b.b.
.b.b.b.b
........
........
w.w.w.w.
.w.w.w.w
w.w.w.w.
##### Running: /usr/bin/time -o time_8_vdhankar_zwang715.txt -f "%U" python3 homework.py > stulog.txt 2>&1 on zwang715 #####
##### SUCCESS: /usr/bin/time -o time_8_vdhankar_zwang715.txt -f "%U" python3 homework.py > stulog.txt 2>&1 on zwang715 #####
##### zwang715 plays [E b6 c5] in 0.27s #####
##### Running: /usr/lib/jvm/jdk-14.0.1/bin/java -jar /lab/itti/projects/checkers-competition/server/referee.jar on run_8_vdhankar_zwang715 #####
Move is valid
Couldn't read file 'current_ply.txt'
Couldn't read content from file 'current_ply.txt'
Couldn't read file 'lastmatchange_ply.txt'
Couldn't read content from file 'lastmatchange_ply.txt'
##### SUCCESS: /usr/lib/jvm/jdk-14.0.1/bin/java -jar /lab/itti/projects/checkers-competition/server/referee.jar on run_8_vdhankar_zwang715 #####
INPUT for vdhankar:
GAME
WHITE
300
.b.b.b.b
b.b.b.b.
...b.b.b
..b.....
........
w.w.w.w.
.w.w.w.w
w.w.w.w.
##### Running: /usr/bin/time -o time_8_vdhankar_zwang715.txt -f "%U" python3 homework.py > stulog.txt 2>&1 on vdhankar #####
child exited with value 1
##### ERROR: /usr/bin/time -o time_8_vdhankar_zwang715.txt -f "%U" python3 homework.py > stulog.txt 2>&1 on vdhankar #####
##### Output of failed program (stdout + stderr): #####
Traceback (most recent call last):
  File "homework.py", line 546, in <module>
    print(end-start)
NameError: name 'end' is not defined
##### End of output of failed program #####
##### vdhankar plays [E g3 h4] in 7.10664701461792s #####
##### Running: /usr/lib/jvm/jdk-14.0.1/bin/java -jar /lab/itti/projects/checkers-competition/server/referee.jar on run_8_vdhankar_zwang715 #####
Move is valid
##### SUCCESS: /usr/lib/jvm/jdk-14.0.1/bin/java -jar /lab/itti/projects/checkers-competition/server/referee.jar on run_8_vdhankar_zwang715 #####
INPUT for zwang715:
GAME
BLACK
299.73
.b.b.b.b
b.b.b.b.
...b.b.b
..b.....
.......w
w.w.w...
.w.w.w.w
w.w.w.w.
##### Running: /usr/bin/time -o time_8_vdhankar_zwang715.txt -f "%U" python3 homework.py > stulog.txt 2>&1 on zwang715 #####
##### SUCCESS: /usr/bin/time -o time_8_vdhankar_zwang715.txt -f "%U" python3 homework.py > stulog.txt 2>&1 on zwang715 #####
##### zwang715 plays [E a7 b6] in 0.32s #####
##### Running: /usr/lib/jvm/jdk-14.0.1/bin/java -jar /lab/itti/projects/checkers-competition/server/referee.jar on run_8_vdhankar_zwang715 #####
Move is valid
##### SUCCESS: /usr/lib/jvm/jdk-14.0.1/bin/java -jar /lab/itti/projects/checkers-competition/server/referee.jar on run_8_vdhankar_zwang715 #####
INPUT for vdhankar:
GAME
WHITE
292.893352985382
.b.b.b.b
..b.b.b.
.b.b.b.b
..b.....
.......w
w.w.w...
.w.w.w.w
w.w.w.w.
##### Running: /usr/bin/time -o time_8_vdhankar_zwang715.txt -f "%U" python3 homework.py > stulog.txt 2>&1 on vdhankar #####
child exited with value 1
##### ERROR: /usr/bin/time -o time_8_vdhankar_zwang715.txt -f "%U" python3 homework.py > stulog.txt 2>&1 on vdhankar #####
##### Output of failed program (stdout + stderr): #####
Traceback (most recent call last):
  File "homework.py", line 546, in <module>
    print(end-start)
NameError: name 'end' is not defined
##### End of output of failed program #####
##### vdhankar plays [E f2 g3] in 12.5084300041199s #####
##### Running: /usr/lib/jvm/jdk-14.0.1/bin/java -jar /lab/itti/projects/checkers-competition/server/referee.jar on run_8_vdhankar_zwang715 #####
Move is valid
##### SUCCESS: /usr/lib/jvm/jdk-14.0.1/bin/java -jar /lab/itti/projects/checkers-competition/server/referee.jar on run_8_vdhankar_zwang715 #####
INPUT for zwang715:
GAME
BLACK
299.41
.b.b.b.b
..b.b.b.
.b.b.b.b
..b.....
.......w
w.w.w.w.
.w.w...w
w.w.w.w.
##### Running: /usr/bin/time -o time_8_vdhankar_zwang715.txt -f "%U" python3 homework.py > stulog.txt 2>&1 on zwang715 #####
##### SUCCESS: /usr/bin/time -o time_8_vdhankar_zwang715.txt -f "%U" python3 homework.py > stulog.txt 2>&1 on zwang715 #####
##### zwang715 plays [E b8 a7] in 0.41s #####
##### Running: /usr/lib/jvm/jdk-14.0.1/bin/java -jar /lab/itti/projects/checkers-competition/server/referee.jar on run_8_vdhankar_zwang715 #####
Move is valid
##### SUCCESS: /usr/lib/jvm/jdk-14.0.1/bin/java -jar /lab/itti/projects/checkers-competition/server/referee.jar on run_8_vdhankar_zwang715 #####
INPUT for vdhankar:
GAME
WHITE
280.384922981262
...b.b.b
b.b.b.b.
.b.b.b.b
..b.....
.......w
w.w.w.w.
.w.w...w
w.w.w.w.
##### Running: /usr/bin/time -o time_8_vdhankar_zwang715.txt -f "%U" python3 homework.py > stulog.txt 2>&1 on vdhankar #####
child exited with value 1
##### ERROR: /usr/bin/time -o time_8_vdhankar_zwang715.txt -f "%U" python3 homework.py > stulog.txt 2>&1 on vdhankar #####
##### Output of failed program (stdout + stderr): #####
Traceback (most recent call last):
  File "homework.py", line 546, in <module>
    print(end-start)
NameError: name 'end' is not defined
##### End of output of failed program #####
##### vdhankar plays [E c3 d4] in 4.05910801887512s #####
##### Running: /usr/lib/jvm/jdk-14.0.1/bin/java -jar /lab/itti/projects/checkers-competition/server/referee.jar on run_8_vdhankar_zwang715 #####
Move is valid
##### SUCCESS: /usr/lib/jvm/jdk-14.0.1/bin/java -jar /lab/itti/projects/checkers-competition/server/referee.jar on run_8_vdhankar_zwang715 #####
INPUT for zwang715:
GAME
BLACK
299
...b.b.b
b.b.b.b.
.b.b.b.b
..b.....
...w...w
w...w.w.
.w.w...w
w.w.w.w.
##### Running: /usr/bin/time -o time_8_vdhankar_zwang715.txt -f "%U" python3 homework.py > stulog.txt 2>&1 on zwang715 #####
##### SUCCESS: /usr/bin/time -o time_8_vdhankar_zwang715.txt -f "%U" python3 homework.py > stulog.txt 2>&1 on zwang715 #####
##### zwang715 plays [E b6 a5] in 0.34s #####
##### Running: /usr/lib/jvm/jdk-14.0.1/bin/java -jar /lab/itti/projects/checkers-competition/server/referee.jar on run_8_vdhankar_zwang715 #####
Move is valid
##### SUCCESS: /usr/lib/jvm/jdk-14.0.1/bin/java -jar /lab/itti/projects/checkers-competition/server/referee.jar on run_8_vdhankar_zwang715 #####
INPUT for vdhankar:
GAME
WHITE
276.325814962387
...b.b.b
b.b.b.b.
...b.b.b
b.b.....
...w...w
w...w.w.
.w.w...w
w.w.w.w.
##### Running: /usr/bin/time -o time_8_vdhankar_zwang715.txt -f "%U" python3 homework.py > stulog.txt 2>&1 on vdhankar #####
child exited with value 1
##### ERROR: /usr/bin/time -o time_8_vdhankar_zwang715.txt -f "%U" python3 homework.py > stulog.txt 2>&1 on vdhankar #####
##### Output of failed program (stdout + stderr): #####
Traceback (most recent call last):
  File "homework.py", line 546, in <module>
    print(end-start)
NameError: name 'end' is not defined
##### End of output of failed program #####
##### vdhankar plays [J d4 b6] in 1.75183200836182s #####
##### Running: /usr/lib/jvm/jdk-14.0.1/bin/java -jar /lab/itti/projects/checkers-competition/server/referee.jar on run_8_vdhankar_zwang715 #####
Move is valid
##### SUCCESS: /usr/lib/jvm/jdk-14.0.1/bin/java -jar /lab/itti/projects/checkers-competition/server/referee.jar on run_8_vdhankar_zwang715 #####
INPUT for zwang715:
GAME
BLACK
298.66
...b.b.b
b.b.b.b.
.w.b.b.b
b.......
.......w
w...w.w.
.w.w...w
w.w.w.w.
##### Running: /usr/bin/time -o time_8_vdhankar_zwang715.txt -f "%U" python3 homework.py > stulog.txt 2>&1 on zwang715 #####
##### SUCCESS: /usr/bin/time -o time_8_vdhankar_zwang715.txt -f "%U" python3 homework.py > stulog.txt 2>&1 on zwang715 #####
##### zwang715 plays [J a7 c5] in 0.34s #####
##### Running: /usr/lib/jvm/jdk-14.0.1/bin/java -jar /lab/itti/projects/checkers-competition/server/referee.jar on run_8_vdhankar_zwang715 #####
Move is valid
##### SUCCESS: /usr/lib/jvm/jdk-14.0.1/bin/java -jar /lab/itti/projects/checkers-competition/server/referee.jar on run_8_vdhankar_zwang715 #####
INPUT for vdhankar:
GAME
WHITE
274.573982954025
...b.b.b
..b.b.b.
...b.b.b
b.b.....
.......w
w...w.w.
.w.w...w
w.w.w.w.
##### Running: /usr/bin/time -o time_8_vdhankar_zwang715.txt -f "%U" python3 homework.py > stulog.txt 2>&1 on vdhankar #####
child exited with value 1
##### ERROR: /usr/bin/time -o time_8_vdhankar_zwang715.txt -f "%U" python3 homework.py > stulog.txt 2>&1 on vdhankar #####
##### Output of failed program (stdout + stderr): #####
Traceback (most recent call last):
  File "homework.py", line 546, in <module>
    print(end-start)
NameError: name 'end' is not defined
##### End of output of failed program #####
##### vdhankar plays [E g3 f4] in 8.0242030620575s #####
##### Running: /usr/lib/jvm/jdk-14.0.1/bin/java -jar /lab/itti/projects/checkers-competition/server/referee.jar on run_8_vdhankar_zwang715 #####
Move is valid
##### SUCCESS: /usr/lib/jvm/jdk-14.0.1/bin/java -jar /lab/itti/projects/checkers-competition/server/referee.jar on run_8_vdhankar_zwang715 #####
INPUT for zwang715:
GAME
BLACK
298.32
...b.b.b
..b.b.b.
...b.b.b
b.b.....
.....w.w
w...w...
.w.w...w
w.w.w.w.
##### Running: /usr/bin/time -o time_8_vdhankar_zwang715.txt -f "%U" python3 homework.py > stulog.txt 2>&1 on zwang715 #####
##### SUCCESS: /usr/bin/time -o time_8_vdhankar_zwang715.txt -f "%U" python3 homework.py > stulog.txt 2>&1 on zwang715 #####
##### zwang715 plays [E c7 b6] in 0.35s #####
##### Running: /usr/lib/jvm/jdk-14.0.1/bin/java -jar /lab/itti/projects/checkers-competition/server/referee.jar on run_8_vdhankar_zwang715 #####
Move is valid
##### SUCCESS: /usr/lib/jvm/jdk-14.0.1/bin/java -jar /lab/itti/projects/checkers-competition/server/referee.jar on run_8_vdhankar_zwang715 #####
INPUT for vdhankar:
GAME
WHITE
266.549779891968
...b.b.b
....b.b.
.b.b.b.b
b.b.....
.....w.w
w...w...
.w.w...w
w.w.w.w.
##### Running: /usr/bin/time -o time_8_vdhankar_zwang715.txt -f "%U" python3 homework.py > stulog.txt 2>&1 on vdhankar #####
child exited with value 1
##### ERROR: /usr/bin/time -o time_8_vdhankar_zwang715.txt -f "%U" python3 homework.py > stulog.txt 2>&1 on vdhankar #####
##### Output of failed program (stdout + stderr): #####
Traceback (most recent call last):
  File "homework.py", line 546, in <module>
    print(end-start)
NameError: name 'end' is not defined
##### End of output of failed program #####
##### vdhankar plays [E g1 f2] in 10.420037984848s #####
##### Running: /usr/lib/jvm/jdk-14.0.1/bin/java -jar /lab/itti/projects/checkers-competition/server/referee.jar on run_8_vdhankar_zwang715 #####
Move is valid
##### SUCCESS: /usr/lib/jvm/jdk-14.0.1/bin/java -jar /lab/itti/projects/checkers-competition/server/referee.jar on run_8_vdhankar_zwang715 #####
INPUT for zwang715:
GAME
BLACK
297.97
...b.b.b
....b.b.
.b.b.b.b
b.b.....
.....w.w
w...w...
.w.w.w.w
w.w.w...
##### Running: /usr/bin/time -o time_8_vdhankar_zwang715.txt -f "%U" python3 homework.py > stulog.txt 2>&1 on zwang715 #####
##### SUCCESS: /usr/bin/time -o time_8_vdhankar_zwang715.txt -f "%U" python3 homework.py > stulog.txt 2>&1 on zwang715 #####
##### zwang715 plays [E d8 c7] in 0.33s #####
##### Running: /usr/lib/jvm/jdk-14.0.1/bin/java -jar /lab/itti/projects/checkers-competition/server/referee.jar on run_8_vdhankar_zwang715 #####
Move is valid
##### SUCCESS: /usr/lib/jvm/jdk-14.0.1/bin/java -jar /lab/itti/projects/checkers-competition/server/referee.jar on run_8_vdhankar_zwang715 #####
INPUT for vdhankar:
GAME
WHITE
256.12974190712
.....b.b
..b.b.b.
.b.b.b.b
b.b.....
.....w.w
w...w...
.w.w.w.w
w.w.w...
##### Running: /usr/bin/time -o time_8_vdhankar_zwang715.txt -f "%U" python3 homework.py > stulog.txt 2>&1 on vdhankar #####
child exited with value 1
##### ERROR: /usr/bin/time -o time_8_vdhankar_zwang715.txt -f "%U" python3 homework.py > stulog.txt 2>&1 on vdhankar #####
##### Output of failed program (stdout + stderr): #####
Traceback (most recent call last):
  File "homework.py", line 546, in <module>
    print(end-start)
NameError: name 'end' is not defined
##### End of output of failed program #####
##### vdhankar plays [E d2 c3] in 4.61144113540649s #####
##### Running: /usr/lib/jvm/jdk-14.0.1/bin/java -jar /lab/itti/projects/checkers-competition/server/referee.jar on run_8_vdhankar_zwang715 #####
Move is valid
##### SUCCESS: /usr/lib/jvm/jdk-14.0.1/bin/java -jar /lab/itti/projects/checkers-competition/server/referee.jar on run_8_vdhankar_zwang715 #####
INPUT for zwang715:
GAME
BLACK
297.64
.....b.b
..b.b.b.
.b.b.b.b
b.b.....
.....w.w
w.w.w...
.w...w.w
w.w.w...
##### Running: /usr/bin/time -o time_8_vdhankar_zwang715.txt -f "%U" python3 homework.py > stulog.txt 2>&1 on zwang715 #####
##### SUCCESS: /usr/bin/time -o time_8_vdhankar_zwang715.txt -f "%U" python3 homework.py > stulog.txt 2>&1 on zwang715 #####
##### zwang715 plays [E f6 g5] in 0.33s #####
##### Running: /usr/lib/jvm/jdk-14.0.1/bin/java -jar /lab/itti/projects/checkers-competition/server/referee.jar on run_8_vdhankar_zwang715 #####
Move is valid
##### SUCCESS: /usr/lib/jvm/jdk-14.0.1/bin/java -jar /lab/itti/projects/checkers-competition/server/referee.jar on run_8_vdhankar_zwang715 #####
INPUT for vdhankar:
GAME
WHITE
251.518300771713
.....b.b
..b.b.b.
.b.b...b
b.b...b.
.....w.w
w.w.w...
.w...w.w
w.w.w...
##### Running: /usr/bin/time -o time_8_vdhankar_zwang715.txt -f "%U" python3 homework.py > stulog.txt 2>&1 on vdhankar #####
child exited with value 1
##### ERROR: /usr/bin/time -o time_8_vdhankar_zwang715.txt -f "%U" python3 homework.py > stulog.txt 2>&1 on vdhankar #####
##### Output of failed program (stdout + stderr): #####
Traceback (most recent call last):
  File "homework.py", line 546, in <module>
    print(end-start)
NameError: name 'end' is not defined
##### End of output of failed program #####
##### vdhankar plays [J h4 f6 ; J f6 d8] in 1.87945103645325s #####
##### Running: /usr/lib/jvm/jdk-14.0.1/bin/java -jar /lab/itti/projects/checkers-competition/server/referee.jar on run_8_vdhankar_zwang715 #####
Move is valid
##### SUCCESS: /usr/lib/jvm/jdk-14.0.1/bin/java -jar /lab/itti/projects/checkers-competition/server/referee.jar on run_8_vdhankar_zwang715 #####
INPUT for zwang715:
GAME
BLACK
297.31
...W.b.b
..b...b.
.b.b...b
b.b.....
.....w..
w.w.w...
.w...w.w
w.w.w...
##### Running: /usr/bin/time -o time_8_vdhankar_zwang715.txt -f "%U" python3 homework.py > stulog.txt 2>&1 on zwang715 #####
##### SUCCESS: /usr/bin/time -o time_8_vdhankar_zwang715.txt -f "%U" python3 homework.py > stulog.txt 2>&1 on zwang715 #####
##### zwang715 plays [E g7 f6] in 0.36s #####
##### Running: /usr/lib/jvm/jdk-14.0.1/bin/java -jar /lab/itti/projects/checkers-competition/server/referee.jar on run_8_vdhankar_zwang715 #####
Move is valid
##### SUCCESS: /usr/lib/jvm/jdk-14.0.1/bin/java -jar /lab/itti/projects/checkers-competition/server/referee.jar on run_8_vdhankar_zwang715 #####
INPUT for vdhankar:
GAME
WHITE
249.63884973526
...W.b.b
..b.....
.b.b.b.b
b.b.....
.....w..
w.w.w...
.w...w.w
w.w.w...
##### Running: /usr/bin/time -o time_8_vdhankar_zwang715.txt -f "%U" python3 homework.py > stulog.txt 2>&1 on vdhankar #####
child exited with value 1
##### ERROR: /usr/bin/time -o time_8_vdhankar_zwang715.txt -f "%U" python3 homework.py > stulog.txt 2>&1 on vdhankar #####
##### Output of failed program (stdout + stderr): #####
Traceback (most recent call last):
  File "homework.py", line 546, in <module>
    print(end-start)
NameError: name 'end' is not defined
##### End of output of failed program #####
##### vdhankar plays [E d8 e7] in 5.66212892532349s #####
##### Running: /usr/lib/jvm/jdk-14.0.1/bin/java -jar /lab/itti/projects/checkers-competition/server/referee.jar on run_8_vdhankar_zwang715 #####
Move is valid
##### SUCCESS: /usr/lib/jvm/jdk-14.0.1/bin/java -jar /lab/itti/projects/checkers-competition/server/referee.jar on run_8_vdhankar_zwang715 #####
INPUT for zwang715:
GAME
BLACK
296.95
.....b.b
..b.W...
.b.b.b.b
b.b.....
.....w..
w.w.w...
.w...w.w
w.w.w...
##### Running: /usr/bin/time -o time_8_vdhankar_zwang715.txt -f "%U" python3 homework.py > stulog.txt 2>&1 on zwang715 #####
##### SUCCESS: /usr/bin/time -o time_8_vdhankar_zwang715.txt -f "%U" python3 homework.py > stulog.txt 2>&1 on zwang715 #####
##### zwang715 plays [E h8 g7] in 0.32s #####
##### Running: /usr/lib/jvm/jdk-14.0.1/bin/java -jar /lab/itti/projects/checkers-competition/server/referee.jar on run_8_vdhankar_zwang715 #####
Move is valid
##### SUCCESS: /usr/lib/jvm/jdk-14.0.1/bin/java -jar /lab/itti/projects/checkers-competition/server/referee.jar on run_8_vdhankar_zwang715 #####
INPUT for vdhankar:
GAME
WHITE
243.976720809937
.....b..
..b.W.b.
.b.b.b.b
b.b.....
.....w..
w.w.w...
.w...w.w
w.w.w...
##### Running: /usr/bin/time -o time_8_vdhankar_zwang715.txt -f "%U" python3 homework.py > stulog.txt 2>&1 on vdhankar #####
child exited with value 1
##### ERROR: /usr/bin/time -o time_8_vdhankar_zwang715.txt -f "%U" python3 homework.py > stulog.txt 2>&1 on vdhankar #####
##### Output of failed program (stdout + stderr): #####
Traceback (most recent call last):
  File "homework.py", line 546, in <module>
    print(end-start)
NameError: name 'end' is not defined
##### End of output of failed program #####
##### vdhankar plays [J e7 g5] in 1.35659599304199s #####
##### Running: /usr/lib/jvm/jdk-14.0.1/bin/java -jar /lab/itti/projects/checkers-competition/server/referee.jar on run_8_vdhankar_zwang715 #####
Move is valid
##### SUCCESS: /usr/lib/jvm/jdk-14.0.1/bin/java -jar /lab/itti/projects/checkers-competition/server/referee.jar on run_8_vdhankar_zwang715 #####
INPUT for zwang715:
GAME
BLACK
296.63
.....b..
..b...b.
.b.b...b
b.b...W.
.....w..
w.w.w...
.w...w.w
w.w.w...
##### Running: /usr/bin/time -o time_8_vdhankar_zwang715.txt -f "%U" python3 homework.py > stulog.txt 2>&1 on zwang715 #####
##### SUCCESS: /usr/bin/time -o time_8_vdhankar_zwang715.txt -f "%U" python3 homework.py > stulog.txt 2>&1 on zwang715 #####
##### zwang715 plays [E f8 e7] in 0.25s #####
##### Running: /usr/lib/jvm/jdk-14.0.1/bin/java -jar /lab/itti/projects/checkers-competition/server/referee.jar on run_8_vdhankar_zwang715 #####
Move is valid
##### SUCCESS: /usr/lib/jvm/jdk-14.0.1/bin/java -jar /lab/itti/projects/checkers-competition/server/referee.jar on run_8_vdhankar_zwang715 #####
INPUT for vdhankar:
GAME
WHITE
242.620124816895
........
..b.b.b.
.b.b...b
b.b...W.
.....w..
w.w.w...
.w...w.w
w.w.w...
##### Running: /usr/bin/time -o time_8_vdhankar_zwang715.txt -f "%U" python3 homework.py > stulog.txt 2>&1 on vdhankar #####
child exited with value 1
##### ERROR: /usr/bin/time -o time_8_vdhankar_zwang715.txt -f "%U" python3 homework.py > stulog.txt 2>&1 on vdhankar #####
##### Output of failed program (stdout + stderr): #####
Traceback (most recent call last):
  File "homework.py", line 546, in <module>
    print(end-start)
NameError: name 'end' is not defined
##### End of output of failed program #####
##### vdhankar plays [E c3 b4] in 4.55643820762634s #####
##### Running: /usr/lib/jvm/jdk-14.0.1/bin/java -jar /lab/itti/projects/checkers-competition/server/referee.jar on run_8_vdhankar_zwang715 #####
Move is valid
##### SUCCESS: /usr/lib/jvm/jdk-14.0.1/bin/java -jar /lab/itti/projects/checkers-competition/server/referee.jar on run_8_vdhankar_zwang715 #####
INPUT for zwang715:
GAME
BLACK
296.38
........
..b.b.b.
.b.b...b
b.b...W.
.w...w..
w...w...
.w...w.w
w.w.w...
##### Running: /usr/bin/time -o time_8_vdhankar_zwang715.txt -f "%U" python3 homework.py > stulog.txt 2>&1 on zwang715 #####
##### SUCCESS: /usr/bin/time -o time_8_vdhankar_zwang715.txt -f "%U" python3 homework.py > stulog.txt 2>&1 on zwang715 #####
##### zwang715 plays [J a5 c3] in 0.22s #####
##### Running: /usr/lib/jvm/jdk-14.0.1/bin/java -jar /lab/itti/projects/checkers-competition/server/referee.jar on run_8_vdhankar_zwang715 #####
Move is valid
##### SUCCESS: /usr/lib/jvm/jdk-14.0.1/bin/java -jar /lab/itti/projects/checkers-competition/server/referee.jar on run_8_vdhankar_zwang715 #####
INPUT for vdhankar:
GAME
WHITE
238.063686609268
........
..b.b.b.
.b.b...b
..b...W.
.....w..
w.b.w...
.w...w.w
w.w.w...
##### Running: /usr/bin/time -o time_8_vdhankar_zwang715.txt -f "%U" python3 homework.py > stulog.txt 2>&1 on vdhankar #####
child exited with value 1
##### ERROR: /usr/bin/time -o time_8_vdhankar_zwang715.txt -f "%U" python3 homework.py > stulog.txt 2>&1 on vdhankar #####
##### Output of failed program (stdout + stderr): #####
Traceback (most recent call last):
  File "homework.py", line 546, in <module>
    print(end-start)
NameError: name 'end' is not defined
##### End of output of failed program #####
##### vdhankar plays [J b2 d4] in 0.779441833496094s #####
##### Running: /usr/lib/jvm/jdk-14.0.1/bin/java -jar /lab/itti/projects/checkers-competition/server/referee.jar on run_8_vdhankar_zwang715 #####
Move is valid
##### SUCCESS: /usr/lib/jvm/jdk-14.0.1/bin/java -jar /lab/itti/projects/checkers-competition/server/referee.jar on run_8_vdhankar_zwang715 #####
INPUT for zwang715:
GAME
BLACK
296.16
........
..b.b.b.
.b.b...b
..b...W.
...w.w..
w...w...
.....w.w
w.w.w...
##### Running: /usr/bin/time -o time_8_vdhankar_zwang715.txt -f "%U" python3 homework.py > stulog.txt 2>&1 on zwang715 #####
##### SUCCESS: /usr/bin/time -o time_8_vdhankar_zwang715.txt -f "%U" python3 homework.py > stulog.txt 2>&1 on zwang715 #####
##### zwang715 plays [E g7 f6] in 0.21s #####
##### Running: /usr/lib/jvm/jdk-14.0.1/bin/java -jar /lab/itti/projects/checkers-competition/server/referee.jar on run_8_vdhankar_zwang715 #####
Move is valid
##### SUCCESS: /usr/lib/jvm/jdk-14.0.1/bin/java -jar /lab/itti/projects/checkers-competition/server/referee.jar on run_8_vdhankar_zwang715 #####
INPUT for vdhankar:
GAME
WHITE
237.284244775772
........
..b.b...
.b.b.b.b
..b...W.
...w.w..
w...w...
.....w.w
w.w.w...
##### Running: /usr/bin/time -o time_8_vdhankar_zwang715.txt -f "%U" python3 homework.py > stulog.txt 2>&1 on vdhankar #####
child exited with value 1
##### ERROR: /usr/bin/time -o time_8_vdhankar_zwang715.txt -f "%U" python3 homework.py > stulog.txt 2>&1 on vdhankar #####
##### Output of failed program (stdout + stderr): #####
Traceback (most recent call last):
  File "homework.py", line 546, in <module>
    print(end-start)
NameError: name 'end' is not defined
##### End of output of failed program #####
##### vdhankar plays [E g5 h4] in 2.06850600242615s #####
##### Running: /usr/lib/jvm/jdk-14.0.1/bin/java -jar /lab/itti/projects/checkers-competition/server/referee.jar on run_8_vdhankar_zwang715 #####
Move is valid
##### SUCCESS: /usr/lib/jvm/jdk-14.0.1/bin/java -jar /lab/itti/projects/checkers-competition/server/referee.jar on run_8_vdhankar_zwang715 #####
INPUT for zwang715:
GAME
BLACK
295.95
........
..b.b...
.b.b.b.b
..b.....
...w.w.W
w...w...
.....w.w
w.w.w...
##### Running: /usr/bin/time -o time_8_vdhankar_zwang715.txt -f "%U" python3 homework.py > stulog.txt 2>&1 on zwang715 #####
##### SUCCESS: /usr/bin/time -o time_8_vdhankar_zwang715.txt -f "%U" python3 homework.py > stulog.txt 2>&1 on zwang715 #####
##### zwang715 plays [E d6 e5] in 0.2s #####
##### Running: /usr/lib/jvm/jdk-14.0.1/bin/java -jar /lab/itti/projects/checkers-competition/server/referee.jar on run_8_vdhankar_zwang715 #####
Move is valid
##### SUCCESS: /usr/lib/jvm/jdk-14.0.1/bin/java -jar /lab/itti/projects/checkers-competition/server/referee.jar on run_8_vdhankar_zwang715 #####
INPUT for vdhankar:
GAME
WHITE
235.215738773346
........
..b.b...
.b...b.b
..b.b...
...w.w.W
w...w...
.....w.w
w.w.w...
##### Running: /usr/bin/time -o time_8_vdhankar_zwang715.txt -f "%U" python3 homework.py > stulog.txt 2>&1 on vdhankar #####
child exited with value 1
##### ERROR: /usr/bin/time -o time_8_vdhankar_zwang715.txt -f "%U" python3 homework.py > stulog.txt 2>&1 on vdhankar #####
##### Output of failed program (stdout + stderr): #####
Traceback (most recent call last):
  File "homework.py", line 546, in <module>
    print(end-start)
NameError: name 'end' is not defined
##### End of output of failed program #####
##### vdhankar plays [J f4 d6 ; J d6 b8] in 2.9808521270752s #####
##### Running: /usr/lib/jvm/jdk-14.0.1/bin/java -jar /lab/itti/projects/checkers-competition/server/referee.jar on run_8_vdhankar_zwang715 #####
Move is valid
##### SUCCESS: /usr/lib/jvm/jdk-14.0.1/bin/java -jar /lab/itti/projects/checkers-competition/server/referee.jar on run_8_vdhankar_zwang715 #####
INPUT for zwang715:
GAME
BLACK
295.75
.W......
....b...
.b...b.b
..b.....
...w...W
w...w...
.....w.w
w.w.w...
##### Running: /usr/bin/time -o time_8_vdhankar_zwang715.txt -f "%U" python3 homework.py > stulog.txt 2>&1 on zwang715 #####
##### SUCCESS: /usr/bin/time -o time_8_vdhankar_zwang715.txt -f "%U" python3 homework.py > stulog.txt 2>&1 on zwang715 #####
##### zwang715 plays [E e7 d6] in 0.18s #####
##### Running: /usr/lib/jvm/jdk-14.0.1/bin/java -jar /lab/itti/projects/checkers-competition/server/referee.jar on run_8_vdhankar_zwang715 #####
Move is valid
##### SUCCESS: /usr/lib/jvm/jdk-14.0.1/bin/java -jar /lab/itti/projects/checkers-competition/server/referee.jar on run_8_vdhankar_zwang715 #####
INPUT for vdhankar:
GAME
WHITE
232.234886646271
.W......
........
.b.b.b.b
..b.....
...w...W
w...w...
.....w.w
w.w.w...
##### Running: /usr/bin/time -o time_8_vdhankar_zwang715.txt -f "%U" python3 homework.py > stulog.txt 2>&1 on vdhankar #####
child exited with value 1
##### ERROR: /usr/bin/time -o time_8_vdhankar_zwang715.txt -f "%U" python3 homework.py > stulog.txt 2>&1 on vdhankar #####
##### Output of failed program (stdout + stderr): #####
Traceback (most recent call last):
  File "homework.py", line 546, in <module>
    print(end-start)
NameError: name 'end' is not defined
##### End of output of failed program #####
##### vdhankar plays [E b8 c7] in 4.49893307685852s #####
##### Running: /usr/lib/jvm/jdk-14.0.1/bin/java -jar /lab/itti/projects/checkers-competition/server/referee.jar on run_8_vdhankar_zwang715 #####
Move is valid
##### SUCCESS: /usr/lib/jvm/jdk-14.0.1/bin/java -jar /lab/itti/projects/checkers-competition/server/referee.jar on run_8_vdhankar_zwang715 #####
INPUT for zwang715:
GAME
BLACK
295.57
........
..W.....
.b.b.b.b
..b.....
...w...W
w...w...
.....w.w
w.w.w...
##### Running: /usr/bin/time -o time_8_vdhankar_zwang715.txt -f "%U" python3 homework.py > stulog.txt 2>&1 on zwang715 #####
##### SUCCESS: /usr/bin/time -o time_8_vdhankar_zwang715.txt -f "%U" python3 homework.py > stulog.txt 2>&1 on zwang715 #####
##### zwang715 plays [E d6 e5] in 0.18s #####
##### Running: /usr/lib/jvm/jdk-14.0.1/bin/java -jar /lab/itti/projects/checkers-competition/server/referee.jar on run_8_vdhankar_zwang715 #####
Move is valid
##### SUCCESS: /usr/lib/jvm/jdk-14.0.1/bin/java -jar /lab/itti/projects/checkers-competition/server/referee.jar on run_8_vdhankar_zwang715 #####
INPUT for vdhankar:
GAME
WHITE
227.735953569412
........
..W.....
.b...b.b
..b.b...
...w...W
w...w...
.....w.w
w.w.w...
##### Running: /usr/bin/time -o time_8_vdhankar_zwang715.txt -f "%U" python3 homework.py > stulog.txt 2>&1 on vdhankar #####
child exited with value 1
##### ERROR: /usr/bin/time -o time_8_vdhankar_zwang715.txt -f "%U" python3 homework.py > stulog.txt 2>&1 on vdhankar #####
##### Output of failed program (stdout + stderr): #####
Traceback (most recent call last):
  File "homework.py", line 546, in <module>
    print(end-start)
NameError: name 'end' is not defined
##### End of output of failed program #####
##### vdhankar plays [J c7 a5] in 0.917340993881226s #####
##### Running: /usr/lib/jvm/jdk-14.0.1/bin/java -jar /lab/itti/projects/checkers-competition/server/referee.jar on run_8_vdhankar_zwang715 #####
Move is valid
##### SUCCESS: /usr/lib/jvm/jdk-14.0.1/bin/java -jar /lab/itti/projects/checkers-competition/server/referee.jar on run_8_vdhankar_zwang715 #####
INPUT for zwang715:
GAME
BLACK
295.39
........
........
.....b.b
W.b.b...
...w...W
w...w...
.....w.w
w.w.w...
##### Running: /usr/bin/time -o time_8_vdhankar_zwang715.txt -f "%U" python3 homework.py > stulog.txt 2>&1 on zwang715 #####
##### SUCCESS: /usr/bin/time -o time_8_vdhankar_zwang715.txt -f "%U" python3 homework.py > stulog.txt 2>&1 on zwang715 #####
##### zwang715 plays [J e5 c3] in 0.18s #####
##### Running: /usr/lib/jvm/jdk-14.0.1/bin/java -jar /lab/itti/projects/checkers-competition/server/referee.jar on run_8_vdhankar_zwang715 #####
Move is valid
##### SUCCESS: /usr/lib/jvm/jdk-14.0.1/bin/java -jar /lab/itti/projects/checkers-competition/server/referee.jar on run_8_vdhankar_zwang715 #####
INPUT for vdhankar:
GAME
WHITE
226.818612575531
........
........
.....b.b
W.b.....
.......W
w.b.w...
.....w.w
w.w.w...
##### Running: /usr/bin/time -o time_8_vdhankar_zwang715.txt -f "%U" python3 homework.py > stulog.txt 2>&1 on vdhankar #####
child exited with value 1
##### ERROR: /usr/bin/time -o time_8_vdhankar_zwang715.txt -f "%U" python3 homework.py > stulog.txt 2>&1 on vdhankar #####
##### Output of failed program (stdout + stderr): #####
Traceback (most recent call last):
  File "homework.py", line 546, in <module>
    print(end-start)
NameError: name 'end' is not defined
##### End of output of failed program #####
##### vdhankar plays [E a5 b4] in 3.99428987503052s #####
##### Running: /usr/lib/jvm/jdk-14.0.1/bin/java -jar /lab/itti/projects/checkers-competition/server/referee.jar on run_8_vdhankar_zwang715 #####
Move is valid
##### SUCCESS: /usr/lib/jvm/jdk-14.0.1/bin/java -jar /lab/itti/projects/checkers-competition/server/referee.jar on run_8_vdhankar_zwang715 #####
INPUT for zwang715:
GAME
BLACK
295.21
........
........
.....b.b
..b.....
.W.....W
w.b.w...
.....w.w
w.w.w...
##### Running: /usr/bin/time -o time_8_vdhankar_zwang715.txt -f "%U" python3 homework.py > stulog.txt 2>&1 on zwang715 #####
##### SUCCESS: /usr/bin/time -o time_8_vdhankar_zwang715.txt -f "%U" python3 homework.py > stulog.txt 2>&1 on zwang715 #####
##### zwang715 plays [E f6 e5] in 0.13s #####
##### Running: /usr/lib/jvm/jdk-14.0.1/bin/java -jar /lab/itti/projects/checkers-competition/server/referee.jar on run_8_vdhankar_zwang715 #####
Move is valid
##### SUCCESS: /usr/lib/jvm/jdk-14.0.1/bin/java -jar /lab/itti/projects/checkers-competition/server/referee.jar on run_8_vdhankar_zwang715 #####
INPUT for vdhankar:
GAME
WHITE
222.8243227005
........
........
.......b
..b.b...
.W.....W
w.b.w...
.....w.w
w.w.w...
##### Running: /usr/bin/time -o time_8_vdhankar_zwang715.txt -f "%U" python3 homework.py > stulog.txt 2>&1 on vdhankar #####
child exited with value 1
##### ERROR: /usr/bin/time -o time_8_vdhankar_zwang715.txt -f "%U" python3 homework.py > stulog.txt 2>&1 on vdhankar #####
##### Output of failed program (stdout + stderr): #####
Traceback (most recent call last):
  File "homework.py", line 546, in <module>
    print(end-start)
NameError: name 'end' is not defined
##### End of output of failed program #####
##### vdhankar plays [J b4 d6 ; J d6 f4] in 0.354522943496704s #####
##### Running: /usr/lib/jvm/jdk-14.0.1/bin/java -jar /lab/itti/projects/checkers-competition/server/referee.jar on run_8_vdhankar_zwang715 #####
Move is valid
##### SUCCESS: /usr/lib/jvm/jdk-14.0.1/bin/java -jar /lab/itti/projects/checkers-competition/server/referee.jar on run_8_vdhankar_zwang715 #####
INPUT for zwang715:
GAME
BLACK
295.08
........
........
.......b
........
.....W.W
w.b.w...
.....w.w
w.w.w...
##### Running: /usr/bin/time -o time_8_vdhankar_zwang715.txt -f "%U" python3 homework.py > stulog.txt 2>&1 on zwang715 #####
##### SUCCESS: /usr/bin/time -o time_8_vdhankar_zwang715.txt -f "%U" python3 homework.py > stulog.txt 2>&1 on zwang715 #####
##### zwang715 plays [E c3 d2] in 0.07s #####
##### Running: /usr/lib/jvm/jdk-14.0.1/bin/java -jar /lab/itti/projects/checkers-competition/server/referee.jar on run_8_vdhankar_zwang715 #####
Move is valid
##### SUCCESS: /usr/lib/jvm/jdk-14.0.1/bin/java -jar /lab/itti/projects/checkers-competition/server/referee.jar on run_8_vdhankar_zwang715 #####
INPUT for vdhankar:
GAME
WHITE
222.469799757004
........
........
.......b
........
.....W.W
w...w...
...b.w.w
w.w.w...
##### Running: /usr/bin/time -o time_8_vdhankar_zwang715.txt -f "%U" python3 homework.py > stulog.txt 2>&1 on vdhankar #####
child exited with value 1
##### ERROR: /usr/bin/time -o time_8_vdhankar_zwang715.txt -f "%U" python3 homework.py > stulog.txt 2>&1 on vdhankar #####
##### Output of failed program (stdout + stderr): #####
Traceback (most recent call last):
  File "homework.py", line 546, in <module>
    print(end-start)
NameError: name 'end' is not defined
##### End of output of failed program #####
##### vdhankar plays [J e1 c3] in 0.405249118804932s #####
##### Running: /usr/lib/jvm/jdk-14.0.1/bin/java -jar /lab/itti/projects/checkers-competition/server/referee.jar on run_8_vdhankar_zwang715 #####
Move is valid
##### SUCCESS: /usr/lib/jvm/jdk-14.0.1/bin/java -jar /lab/itti/projects/checkers-competition/server/referee.jar on run_8_vdhankar_zwang715 #####
INPUT for zwang715:
GAME
BLACK
295.01
........
........
.......b
........
.....W.W
w.w.w...
.....w.w
w.w.....
##### Running: /usr/bin/time -o time_8_vdhankar_zwang715.txt -f "%U" python3 homework.py > stulog.txt 2>&1 on zwang715 #####
##### SUCCESS: /usr/bin/time -o time_8_vdhankar_zwang715.txt -f "%U" python3 homework.py > stulog.txt 2>&1 on zwang715 #####
##### zwang715 plays [E h6 g5] in 0.05s #####
##### Running: /usr/lib/jvm/jdk-14.0.1/bin/java -jar /lab/itti/projects/checkers-competition/server/referee.jar on run_8_vdhankar_zwang715 #####
Move is valid
##### SUCCESS: /usr/lib/jvm/jdk-14.0.1/bin/java -jar /lab/itti/projects/checkers-competition/server/referee.jar on run_8_vdhankar_zwang715 #####
INPUT for vdhankar:
GAME
WHITE
222.064550638199
........
........
........
......b.
.....W.W
w.w.w...
.....w.w
w.w.....
##### Running: /usr/bin/time -o time_8_vdhankar_zwang715.txt -f "%U" python3 homework.py > stulog.txt 2>&1 on vdhankar #####
child exited with value 1
##### ERROR: /usr/bin/time -o time_8_vdhankar_zwang715.txt -f "%U" python3 homework.py > stulog.txt 2>&1 on vdhankar #####
##### Output of failed program (stdout + stderr): #####
Traceback (most recent call last):
  File "homework.py", line 546, in <module>
    print(end-start)
NameError: name 'end' is not defined
##### End of output of failed program #####
##### vdhankar plays [J f4 h6] in 0.330225944519043s #####
##### Running: /usr/lib/jvm/jdk-14.0.1/bin/java -jar /lab/itti/projects/checkers-competition/server/referee.jar on run_8_vdhankar_zwang715 #####
Move is valid
After this move, player BLACK cannot make any moves
*** Winner: WHITE ***
##### SUCCESS: /usr/lib/jvm/jdk-14.0.1/bin/java -jar /lab/itti/projects/checkers-competition/server/referee.jar on run_8_vdhankar_zwang715 #####
##### GAME OVER: vdhankar wins the game! #####
Server said: WIN
########## ROUND 8 GAMESCORE AFTER GAME 1: vdhankar=1 and zwang715=0 ##########
#################### ROUND 8: vdhankar (B) vs zwang715 (W): game 2 ####################
##### game start! #####
INPUT for vdhankar:
GAME
BLACK
300
.b.b.b.b
b.b.b.b.
.b.b.b.b
........
........
w.w.w.w.
.w.w.w.w
w.w.w.w.
##### Running: /usr/bin/time -o time_8_vdhankar_zwang715.txt -f "%U" python3 homework.py > stulog.txt 2>&1 on vdhankar #####
child exited with value 1
##### ERROR: /usr/bin/time -o time_8_vdhankar_zwang715.txt -f "%U" python3 homework.py > stulog.txt 2>&1 on vdhankar #####
##### Output of failed program (stdout + stderr): #####
Traceback (most recent call last):
  File "homework.py", line 546, in <module>
    print(end-start)
NameError: name 'end' is not defined
##### End of output of failed program #####
##### vdhankar plays [E h6 g5] in 12.2165219783783s #####
##### Running: /usr/lib/jvm/jdk-14.0.1/bin/java -jar /lab/itti/projects/checkers-competition/server/referee.jar on run_8_vdhankar_zwang715 #####
Move is valid
Couldn't read file 'current_ply.txt'
Couldn't read content from file 'current_ply.txt'
Couldn't read file 'lastmatchange_ply.txt'
Couldn't read content from file 'lastmatchange_ply.txt'
##### SUCCESS: /usr/lib/jvm/jdk-14.0.1/bin/java -jar /lab/itti/projects/checkers-competition/server/referee.jar on run_8_vdhankar_zwang715 #####
INPUT for zwang715:
GAME
WHITE
300
.b.b.b.b
b.b.b.b.
.b.b.b..
......b.
........
w.w.w.w.
.w.w.w.w
w.w.w.w.
##### Running: /usr/bin/time -o time_8_vdhankar_zwang715.txt -f "%U" python3 homework.py > stulog.txt 2>&1 on zwang715 #####
##### SUCCESS: /usr/bin/time -o time_8_vdhankar_zwang715.txt -f "%U" python3 homework.py > stulog.txt 2>&1 on zwang715 #####
##### zwang715 plays [E a3 b4] in 0.25s #####
##### Running: /usr/lib/jvm/jdk-14.0.1/bin/java -jar /lab/itti/projects/checkers-competition/server/referee.jar on run_8_vdhankar_zwang715 #####
Move is valid
##### SUCCESS: /usr/lib/jvm/jdk-14.0.1/bin/java -jar /lab/itti/projects/checkers-competition/server/referee.jar on run_8_vdhankar_zwang715 #####
INPUT for vdhankar:
GAME
BLACK
287.783478021622
.b.b.b.b
b.b.b.b.
.b.b.b..
......b.
.w......
..w.w.w.
.w.w.w.w
w.w.w.w.
##### Running: /usr/bin/time -o time_8_vdhankar_zwang715.txt -f "%U" python3 homework.py > stulog.txt 2>&1 on vdhankar #####
child exited with value 1
##### ERROR: /usr/bin/time -o time_8_vdhankar_zwang715.txt -f "%U" python3 homework.py > stulog.txt 2>&1 on vdhankar #####
##### Output of failed program (stdout + stderr): #####
Traceback (most recent call last):
  File "homework.py", line 546, in <module>
    print(end-start)
NameError: name 'end' is not defined
##### End of output of failed program #####
##### vdhankar plays [E g5 h4] in 10.3233788013458s #####
##### Running: /usr/lib/jvm/jdk-14.0.1/bin/java -jar /lab/itti/projects/checkers-competition/server/referee.jar on run_8_vdhankar_zwang715 #####
Move is valid
##### SUCCESS: /usr/lib/jvm/jdk-14.0.1/bin/java -jar /lab/itti/projects/checkers-competition/server/referee.jar on run_8_vdhankar_zwang715 #####
INPUT for zwang715:
GAME
WHITE
299.75
.b.b.b.b
b.b.b.b.
.b.b.b..
........
.w.....b
..w.w.w.
.w.w.w.w
w.w.w.w.
##### Running: /usr/bin/time -o time_8_vdhankar_zwang715.txt -f "%U" python3 homework.py > stulog.txt 2>&1 on zwang715 #####
##### SUCCESS: /usr/bin/time -o time_8_vdhankar_zwang715.txt -f "%U" python3 homework.py > stulog.txt 2>&1 on zwang715 #####
##### zwang715 plays [E b4 a5] in 0.29s #####
##### Running: /usr/lib/jvm/jdk-14.0.1/bin/java -jar /lab/itti/projects/checkers-competition/server/referee.jar on run_8_vdhankar_zwang715 #####
Move is valid
##### SUCCESS: /usr/lib/jvm/jdk-14.0.1/bin/java -jar /lab/itti/projects/checkers-competition/server/referee.jar on run_8_vdhankar_zwang715 #####
INPUT for vdhankar:
GAME
BLACK
277.460099220276
.b.b.b.b
b.b.b.b.
.b.b.b..
w.......
.......b
..w.w.w.
.w.w.w.w
w.w.w.w.
##### Running: /usr/bin/time -o time_8_vdhankar_zwang715.txt -f "%U" python3 homework.py > stulog.txt 2>&1 on vdhankar #####
child exited with value 1
##### ERROR: /usr/bin/time -o time_8_vdhankar_zwang715.txt -f "%U" python3 homework.py > stulog.txt 2>&1 on vdhankar #####
##### Output of failed program (stdout + stderr): #####
Traceback (most recent call last):
  File "homework.py", line 546, in <module>
    print(end-start)
NameError: name 'end' is not defined
##### End of output of failed program #####
##### vdhankar plays [E d6 e5] in 7.8538019657135s #####
##### Running: /usr/lib/jvm/jdk-14.0.1/bin/java -jar /lab/itti/projects/checkers-competition/server/referee.jar on run_8_vdhankar_zwang715 #####
Move is valid
##### SUCCESS: /usr/lib/jvm/jdk-14.0.1/bin/java -jar /lab/itti/projects/checkers-competition/server/referee.jar on run_8_vdhankar_zwang715 #####
INPUT for zwang715:
GAME
WHITE
299.46
.b.b.b.b
b.b.b.b.
.b...b..
w...b...
.......b
..w.w.w.
.w.w.w.w
w.w.w.w.
##### Running: /usr/bin/time -o time_8_vdhankar_zwang715.txt -f "%U" python3 homework.py > stulog.txt 2>&1 on zwang715 #####
##### SUCCESS: /usr/bin/time -o time_8_vdhankar_zwang715.txt -f "%U" python3 homework.py > stulog.txt 2>&1 on zwang715 #####
##### zwang715 plays [E c3 b4] in 0.31s #####
##### Running: /usr/lib/jvm/jdk-14.0.1/bin/java -jar /lab/itti/projects/checkers-competition/server/referee.jar on run_8_vdhankar_zwang715 #####
Move is valid
##### SUCCESS: /usr/lib/jvm/jdk-14.0.1/bin/java -jar /lab/itti/projects/checkers-competition/server/referee.jar on run_8_vdhankar_zwang715 #####
INPUT for vdhankar:
GAME
BLACK
269.606297254562
.b.b.b.b
b.b.b.b.
.b...b..
w...b...
.w.....b
....w.w.
.w.w.w.w
w.w.w.w.
##### Running: /usr/bin/time -o time_8_vdhankar_zwang715.txt -f "%U" python3 homework.py > stulog.txt 2>&1 on vdhankar #####
child exited with value 1
##### ERROR: /usr/bin/time -o time_8_vdhankar_zwang715.txt -f "%U" python3 homework.py > stulog.txt 2>&1 on vdhankar #####
##### Output of failed program (stdout + stderr): #####
Traceback (most recent call last):
  File "homework.py", line 546, in <module>
    print(end-start)
NameError: name 'end' is not defined
##### End of output of failed program #####
##### vdhankar plays [E e7 d6] in 3.8846960067749s #####
##### Running: /usr/lib/jvm/jdk-14.0.1/bin/java -jar /lab/itti/projects/checkers-competition/server/referee.jar on run_8_vdhankar_zwang715 #####
Move is valid
##### SUCCESS: /usr/lib/jvm/jdk-14.0.1/bin/java -jar /lab/itti/projects/checkers-competition/server/referee.jar on run_8_vdhankar_zwang715 #####
INPUT for zwang715:
GAME
WHITE
299.15
.b.b.b.b
b.b...b.
.b.b.b..
w...b...
.w.....b
....w.w.
.w.w.w.w
w.w.w.w.
##### Running: /usr/bin/time -o time_8_vdhankar_zwang715.txt -f "%U" python3 homework.py > stulog.txt 2>&1 on zwang715 #####
##### SUCCESS: /usr/bin/time -o time_8_vdhankar_zwang715.txt -f "%U" python3 homework.py > stulog.txt 2>&1 on zwang715 #####
##### zwang715 plays [E e3 d4] in 0.37s #####
##### Running: /usr/lib/jvm/jdk-14.0.1/bin/java -jar /lab/itti/projects/checkers-competition/server/referee.jar on run_8_vdhankar_zwang715 #####
Move is valid
##### SUCCESS: /usr/lib/jvm/jdk-14.0.1/bin/java -jar /lab/itti/projects/checkers-competition/server/referee.jar on run_8_vdhankar_zwang715 #####
INPUT for vdhankar:
GAME
BLACK
265.721601247787
.b.b.b.b
b.b...b.
.b.b.b..
w...b...
.w.w...b
......w.
.w.w.w.w
w.w.w.w.
##### Running: /usr/bin/time -o time_8_vdhankar_zwang715.txt -f "%U" python3 homework.py > stulog.txt 2>&1 on vdhankar #####
child exited with value 1
##### ERROR: /usr/bin/time -o time_8_vdhankar_zwang715.txt -f "%U" python3 homework.py > stulog.txt 2>&1 on vdhankar #####
##### Output of failed program (stdout + stderr): #####
Traceback (most recent call last):
  File "homework.py", line 546, in <module>
    print(end-start)
NameError: name 'end' is not defined
##### End of output of failed program #####
##### vdhankar plays [J e5 c3] in 1.35189604759216s #####
##### Running: /usr/lib/jvm/jdk-14.0.1/bin/java -jar /lab/itti/projects/checkers-competition/server/referee.jar on run_8_vdhankar_zwang715 #####
Move is valid
##### SUCCESS: /usr/lib/jvm/jdk-14.0.1/bin/java -jar /lab/itti/projects/checkers-competition/server/referee.jar on run_8_vdhankar_zwang715 #####
INPUT for zwang715:
GAME
WHITE
298.78
.b.b.b.b
b.b...b.
.b.b.b..
w.......
.w.....b
..b...w.
.w.w.w.w
w.w.w.w.
##### Running: /usr/bin/time -o time_8_vdhankar_zwang715.txt -f "%U" python3 homework.py > stulog.txt 2>&1 on zwang715 #####
##### SUCCESS: /usr/bin/time -o time_8_vdhankar_zwang715.txt -f "%U" python3 homework.py > stulog.txt 2>&1 on zwang715 #####
##### zwang715 plays [J b2 d4] in 0.37s #####
##### Running: /usr/lib/jvm/jdk-14.0.1/bin/java -jar /lab/itti/projects/checkers-competition/server/referee.jar on run_8_vdhankar_zwang715 #####
Move is valid
##### SUCCESS: /usr/lib/jvm/jdk-14.0.1/bin/java -jar /lab/itti/projects/checkers-competition/server/referee.jar on run_8_vdhankar_zwang715 #####
INPUT for vdhankar:
GAME
BLACK
264.369705200195
.b.b.b.b
b.b...b.
.b.b.b..
w.......
.w.w...b
......w.
...w.w.w
w.w.w.w.
##### Running: /usr/bin/time -o time_8_vdhankar_zwang715.txt -f "%U" python3 homework.py > stulog.txt 2>&1 on vdhankar #####
child exited with value 1
##### ERROR: /usr/bin/time -o time_8_vdhankar_zwang715.txt -f "%U" python3 homework.py > stulog.txt 2>&1 on vdhankar #####
##### Output of failed program (stdout + stderr): #####
Traceback (most recent call last):
  File "homework.py", line 546, in <module>
    print(end-start)
NameError: name 'end' is not defined
##### End of output of failed program #####
##### vdhankar plays [E b6 c5] in 8.30519104003906s #####
##### Running: /usr/lib/jvm/jdk-14.0.1/bin/java -jar /lab/itti/projects/checkers-competition/server/referee.jar on run_8_vdhankar_zwang715 #####
Move is valid
##### SUCCESS: /usr/lib/jvm/jdk-14.0.1/bin/java -jar /lab/itti/projects/checkers-competition/server/referee.jar on run_8_vdhankar_zwang715 #####
INPUT for zwang715:
GAME
WHITE
298.41
.b.b.b.b
b.b...b.
...b.b..
w.b.....
.w.w...b
......w.
...w.w.w
w.w.w.w.
##### Running: /usr/bin/time -o time_8_vdhankar_zwang715.txt -f "%U" python3 homework.py > stulog.txt 2>&1 on zwang715 #####
##### SUCCESS: /usr/bin/time -o time_8_vdhankar_zwang715.txt -f "%U" python3 homework.py > stulog.txt 2>&1 on zwang715 #####
##### zwang715 plays [J d4 b6] in 0.42s #####
##### Running: /usr/lib/jvm/jdk-14.0.1/bin/java -jar /lab/itti/projects/checkers-competition/server/referee.jar on run_8_vdhankar_zwang715 #####
Move is valid
##### SUCCESS: /usr/lib/jvm/jdk-14.0.1/bin/java -jar /lab/itti/projects/checkers-competition/server/referee.jar on run_8_vdhankar_zwang715 #####
INPUT for vdhankar:
GAME
BLACK
256.064514160156
.b.b.b.b
b.b...b.
.w.b.b..
w.......
.w.....b
......w.
...w.w.w
w.w.w.w.
##### Running: /usr/bin/time -o time_8_vdhankar_zwang715.txt -f "%U" python3 homework.py > stulog.txt 2>&1 on vdhankar #####
child exited with value 1
##### ERROR: /usr/bin/time -o time_8_vdhankar_zwang715.txt -f "%U" python3 homework.py > stulog.txt 2>&1 on vdhankar #####
##### Output of failed program (stdout + stderr): #####
Traceback (most recent call last):
  File "homework.py", line 546, in <module>
    print(end-start)
NameError: name 'end' is not defined
##### End of output of failed program #####
##### vdhankar plays [J a7 c5 ; J c5 a3] in 8.14130997657776s #####
##### Running: /usr/lib/jvm/jdk-14.0.1/bin/java -jar /lab/itti/projects/checkers-competition/server/referee.jar on run_8_vdhankar_zwang715 #####
Move is valid
##### SUCCESS: /usr/lib/jvm/jdk-14.0.1/bin/java -jar /lab/itti/projects/checkers-competition/server/referee.jar on run_8_vdhankar_zwang715 #####
INPUT for zwang715:
GAME
WHITE
297.99
.b.b.b.b
..b...b.
...b.b..
w.......
.......b
b.....w.
...w.w.w
w.w.w.w.
##### Running: /usr/bin/time -o time_8_vdhankar_zwang715.txt -f "%U" python3 homework.py > stulog.txt 2>&1 on zwang715 #####
##### SUCCESS: /usr/bin/time -o time_8_vdhankar_zwang715.txt -f "%U" python3 homework.py > stulog.txt 2>&1 on zwang715 #####
##### zwang715 plays [E g3 f4] in 0.37s #####
##### Running: /usr/lib/jvm/jdk-14.0.1/bin/java -jar /lab/itti/projects/checkers-competition/server/referee.jar on run_8_vdhankar_zwang715 #####
Move is valid
##### SUCCESS: /usr/lib/jvm/jdk-14.0.1/bin/java -jar /lab/itti/projects/checkers-competition/server/referee.jar on run_8_vdhankar_zwang715 #####
INPUT for vdhankar:
GAME
BLACK
247.923204183578
.b.b.b.b
..b...b.
...b.b..
w.......
.....w.b
b.......
...w.w.w
w.w.w.w.
##### Running: /usr/bin/time -o time_8_vdhankar_zwang715.txt -f "%U" python3 homework.py > stulog.txt 2>&1 on vdhankar #####
child exited with value 1
##### ERROR: /usr/bin/time -o time_8_vdhankar_zwang715.txt -f "%U" python3 homework.py > stulog.txt 2>&1 on vdhankar #####
##### Output of failed program (stdout + stderr): #####
Traceback (most recent call last):
  File "homework.py", line 546, in <module>
    print(end-start)
NameError: name 'end' is not defined
##### End of output of failed program #####
##### vdhankar plays [E h4 g3] in 34.9223189353943s #####
##### Running: /usr/lib/jvm/jdk-14.0.1/bin/java -jar /lab/itti/projects/checkers-competition/server/referee.jar on run_8_vdhankar_zwang715 #####
Move is valid
##### SUCCESS: /usr/lib/jvm/jdk-14.0.1/bin/java -jar /lab/itti/projects/checkers-competition/server/referee.jar on run_8_vdhankar_zwang715 #####
INPUT for zwang715:
GAME
WHITE
297.62
.b.b.b.b
..b...b.
...b.b..
w.......
.....w..
b.....b.
...w.w.w
w.w.w.w.
##### Running: /usr/bin/time -o time_8_vdhankar_zwang715.txt -f "%U" python3 homework.py > stulog.txt 2>&1 on zwang715 #####
##### SUCCESS: /usr/bin/time -o time_8_vdhankar_zwang715.txt -f "%U" python3 homework.py > stulog.txt 2>&1 on zwang715 #####
##### zwang715 plays [J f2 h4] in 0.38s #####
##### Running: /usr/lib/jvm/jdk-14.0.1/bin/java -jar /lab/itti/projects/checkers-competition/server/referee.jar on run_8_vdhankar_zwang715 #####
Move is valid
##### SUCCESS: /usr/lib/jvm/jdk-14.0.1/bin/java -jar /lab/itti/projects/checkers-competition/server/referee.jar on run_8_vdhankar_zwang715 #####
INPUT for vdhankar:
GAME
BLACK
213.000885248184
.b.b.b.b
..b...b.
...b.b..
w.......
.....w.w
b.......
...w...w
w.w.w.w.
##### Running: /usr/bin/time -o time_8_vdhankar_zwang715.txt -f "%U" python3 homework.py > stulog.txt 2>&1 on vdhankar #####
child exited with value 1
##### ERROR: /usr/bin/time -o time_8_vdhankar_zwang715.txt -f "%U" python3 homework.py > stulog.txt 2>&1 on vdhankar #####
##### Output of failed program (stdout + stderr): #####
Traceback (most recent call last):
  File "homework.py", line 546, in <module>
    print(end-start)
NameError: name 'end' is not defined
##### End of output of failed program #####
##### vdhankar plays [E a3 b2] in 59.1154370307922s #####
##### Running: /usr/lib/jvm/jdk-14.0.1/bin/java -jar /lab/itti/projects/checkers-competition/server/referee.jar on run_8_vdhankar_zwang715 #####
Move is valid
##### SUCCESS: /usr/lib/jvm/jdk-14.0.1/bin/java -jar /lab/itti/projects/checkers-competition/server/referee.jar on run_8_vdhankar_zwang715 #####
INPUT for zwang715:
GAME
WHITE
297.24
.b.b.b.b
..b...b.
...b.b..
w.......
.....w.w
........
.b.w...w
w.w.w.w.
##### Running: /usr/bin/time -o time_8_vdhankar_zwang715.txt -f "%U" python3 homework.py > stulog.txt 2>&1 on zwang715 #####
##### SUCCESS: /usr/bin/time -o time_8_vdhankar_zwang715.txt -f "%U" python3 homework.py > stulog.txt 2>&1 on zwang715 #####
##### zwang715 plays [J a1 c3] in 0.49s #####
##### Running: /usr/lib/jvm/jdk-14.0.1/bin/java -jar /lab/itti/projects/checkers-competition/server/referee.jar on run_8_vdhankar_zwang715 #####
Move is valid
##### SUCCESS: /usr/lib/jvm/jdk-14.0.1/bin/java -jar /lab/itti/projects/checkers-competition/server/referee.jar on run_8_vdhankar_zwang715 #####
INPUT for vdhankar:
GAME
BLACK
153.885448217392
.b.b.b.b
..b...b.
...b.b..
w.......
.....w.w
..w.....
...w...w
..w.w.w.
##### Running: /usr/bin/time -o time_8_vdhankar_zwang715.txt -f "%U" python3 homework.py > stulog.txt 2>&1 on vdhankar #####
child exited with value 1
##### ERROR: /usr/bin/time -o time_8_vdhankar_zwang715.txt -f "%U" python3 homework.py > stulog.txt 2>&1 on vdhankar #####
##### Output of failed program (stdout + stderr): #####
Traceback (most recent call last):
  File "homework.py", line 546, in <module>
    print(end-start)
NameError: name 'end' is not defined
##### End of output of failed program #####
##### vdhankar plays [E d6 e5] in 47.7079939842224s #####
##### Running: /usr/lib/jvm/jdk-14.0.1/bin/java -jar /lab/itti/projects/checkers-competition/server/referee.jar on run_8_vdhankar_zwang715 #####
Move is valid
##### SUCCESS: /usr/lib/jvm/jdk-14.0.1/bin/java -jar /lab/itti/projects/checkers-competition/server/referee.jar on run_8_vdhankar_zwang715 #####
INPUT for zwang715:
GAME
WHITE
296.75
.b.b.b.b
..b...b.
.....b..
w...b...
.....w.w
..w.....
...w...w
..w.w.w.
##### Running: /usr/bin/time -o time_8_vdhankar_zwang715.txt -f "%U" python3 homework.py > stulog.txt 2>&1 on zwang715 #####
##### SUCCESS: /usr/bin/time -o time_8_vdhankar_zwang715.txt -f "%U" python3 homework.py > stulog.txt 2>&1 on zwang715 #####
##### zwang715 plays [J f4 d6] in 0.46s #####
##### Running: /usr/lib/jvm/jdk-14.0.1/bin/java -jar /lab/itti/projects/checkers-competition/server/referee.jar on run_8_vdhankar_zwang715 #####
Move is valid
##### SUCCESS: /usr/lib/jvm/jdk-14.0.1/bin/java -jar /lab/itti/projects/checkers-competition/server/referee.jar on run_8_vdhankar_zwang715 #####
INPUT for vdhankar:
GAME
BLACK
106.17745423317
.b.b.b.b
..b...b.
...w.b..
w.......
.......w
..w.....
...w...w
..w.w.w.
##### Running: /usr/bin/time -o time_8_vdhankar_zwang715.txt -f "%U" python3 homework.py > stulog.txt 2>&1 on vdhankar #####
child exited with value 1
##### ERROR: /usr/bin/time -o time_8_vdhankar_zwang715.txt -f "%U" python3 homework.py > stulog.txt 2>&1 on vdhankar #####
##### Output of failed program (stdout + stderr): #####
Traceback (most recent call last):
  File "homework.py", line 546, in <module>
    print(end-start)
NameError: name 'end' is not defined
##### End of output of failed program #####
##### vdhankar plays [J c7 e5] in 19.2984762191772s #####
##### Running: /usr/lib/jvm/jdk-14.0.1/bin/java -jar /lab/itti/projects/checkers-competition/server/referee.jar on run_8_vdhankar_zwang715 #####
Move is valid
##### SUCCESS: /usr/lib/jvm/jdk-14.0.1/bin/java -jar /lab/itti/projects/checkers-competition/server/referee.jar on run_8_vdhankar_zwang715 #####
INPUT for zwang715:
GAME
WHITE
296.29
.b.b.b.b
......b.
.....b..
w...b...
.......w
..w.....
...w...w
..w.w.w.
##### Running: /usr/bin/time -o time_8_vdhankar_zwang715.txt -f "%U" python3 homework.py > stulog.txt 2>&1 on zwang715 #####
##### SUCCESS: /usr/bin/time -o time_8_vdhankar_zwang715.txt -f "%U" python3 homework.py > stulog.txt 2>&1 on zwang715 #####
##### zwang715 plays [E a5 b6] in 0.23s #####
##### Running: /usr/lib/jvm/jdk-14.0.1/bin/java -jar /lab/itti/projects/checkers-competition/server/referee.jar on run_8_vdhankar_zwang715 #####
Move is valid
##### SUCCESS: /usr/lib/jvm/jdk-14.0.1/bin/java -jar /lab/itti/projects/checkers-competition/server/referee.jar on run_8_vdhankar_zwang715 #####
INPUT for vdhankar:
GAME
BLACK
86.8789780139923
.b.b.b.b
......b.
.w...b..
....b...
.......w
..w.....
...w...w
..w.w.w.
##### Running: /usr/bin/time -o time_8_vdhankar_zwang715.txt -f "%U" python3 homework.py > stulog.txt 2>&1 on vdhankar #####
child exited with value 1
##### ERROR: /usr/bin/time -o time_8_vdhankar_zwang715.txt -f "%U" python3 homework.py > stulog.txt 2>&1 on vdhankar #####
##### Output of failed program (stdout + stderr): #####
Traceback (most recent call last):
  File "homework.py", line 546, in <module>
    print(end-start)
NameError: name 'end' is not defined
##### End of output of failed program #####
##### vdhankar plays [E b8 a7] in 11.0805058479309s #####
##### Running: /usr/lib/jvm/jdk-14.0.1/bin/java -jar /lab/itti/projects/checkers-competition/server/referee.jar on run_8_vdhankar_zwang715 #####
Move is valid
##### SUCCESS: /usr/lib/jvm/jdk-14.0.1/bin/java -jar /lab/itti/projects/checkers-competition/server/referee.jar on run_8_vdhankar_zwang715 #####
INPUT for zwang715:
GAME
WHITE
296.06
...b.b.b
b.....b.
.w...b..
....b...
.......w
..w.....
...w...w
..w.w.w.
##### Running: /usr/bin/time -o time_8_vdhankar_zwang715.txt -f "%U" python3 homework.py > stulog.txt 2>&1 on zwang715 #####
##### SUCCESS: /usr/bin/time -o time_8_vdhankar_zwang715.txt -f "%U" python3 homework.py > stulog.txt 2>&1 on zwang715 #####
##### zwang715 plays [E h4 g5] in 0.25s #####
##### Running: /usr/lib/jvm/jdk-14.0.1/bin/java -jar /lab/itti/projects/checkers-competition/server/referee.jar on run_8_vdhankar_zwang715 #####
Move is valid
##### SUCCESS: /usr/lib/jvm/jdk-14.0.1/bin/java -jar /lab/itti/projects/checkers-competition/server/referee.jar on run_8_vdhankar_zwang715 #####
INPUT for vdhankar:
GAME
BLACK
75.7984721660614
...b.b.b
b.....b.
.w...b..
....b.w.
........
..w.....
...w...w
..w.w.w.
##### Running: /usr/bin/time -o time_8_vdhankar_zwang715.txt -f "%U" python3 homework.py > stulog.txt 2>&1 on vdhankar #####
child exited with value 1
##### ERROR: /usr/bin/time -o time_8_vdhankar_zwang715.txt -f "%U" python3 homework.py > stulog.txt 2>&1 on vdhankar #####
##### Output of failed program (stdout + stderr): #####
Traceback (most recent call last):
  File "homework.py", line 546, in <module>
    print(end-start)
NameError: name 'end' is not defined
##### End of output of failed program #####
##### vdhankar plays [J f6 h4] in 2.0032479763031s #####
##### Running: /usr/lib/jvm/jdk-14.0.1/bin/java -jar /lab/itti/projects/checkers-competition/server/referee.jar on run_8_vdhankar_zwang715 #####
Move is valid
##### SUCCESS: /usr/lib/jvm/jdk-14.0.1/bin/java -jar /lab/itti/projects/checkers-competition/server/referee.jar on run_8_vdhankar_zwang715 #####
INPUT for zwang715:
GAME
WHITE
295.81
...b.b.b
b.....b.
.w......
....b...
.......b
..w.....
...w...w
..w.w.w.
##### Running: /usr/bin/time -o time_8_vdhankar_zwang715.txt -f "%U" python3 homework.py > stulog.txt 2>&1 on zwang715 #####
##### SUCCESS: /usr/bin/time -o time_8_vdhankar_zwang715.txt -f "%U" python3 homework.py > stulog.txt 2>&1 on zwang715 #####
##### zwang715 plays [E c3 b4] in 0.19s #####
##### Running: /usr/lib/jvm/jdk-14.0.1/bin/java -jar /lab/itti/projects/checkers-competition/server/referee.jar on run_8_vdhankar_zwang715 #####
Move is valid
##### SUCCESS: /usr/lib/jvm/jdk-14.0.1/bin/java -jar /lab/itti/projects/checkers-competition/server/referee.jar on run_8_vdhankar_zwang715 #####
INPUT for vdhankar:
GAME
BLACK
73.7952241897583
...b.b.b
b.....b.
.w......
....b...
.w.....b
........
...w...w
..w.w.w.
##### Running: /usr/bin/time -o time_8_vdhankar_zwang715.txt -f "%U" python3 homework.py > stulog.txt 2>&1 on vdhankar #####
child exited with value 1
##### ERROR: /usr/bin/time -o time_8_vdhankar_zwang715.txt -f "%U" python3 homework.py > stulog.txt 2>&1 on vdhankar #####
##### Output of failed program (stdout + stderr): #####
Traceback (most recent call last):
  File "homework.py", line 546, in <module>
    print(end-start)
NameError: name 'end' is not defined
##### End of output of failed program #####
##### vdhankar plays [J a7 c5 ; J c5 a3] in 2.69526195526123s #####
##### Running: /usr/lib/jvm/jdk-14.0.1/bin/java -jar /lab/itti/projects/checkers-competition/server/referee.jar on run_8_vdhankar_zwang715 #####
Move is valid
##### SUCCESS: /usr/lib/jvm/jdk-14.0.1/bin/java -jar /lab/itti/projects/checkers-competition/server/referee.jar on run_8_vdhankar_zwang715 #####
INPUT for zwang715:
GAME
WHITE
295.62
...b.b.b
......b.
........
....b...
.......b
b.......
...w...w
..w.w.w.
##### Running: /usr/bin/time -o time_8_vdhankar_zwang715.txt -f "%U" python3 homework.py > stulog.txt 2>&1 on zwang715 #####
##### SUCCESS: /usr/bin/time -o time_8_vdhankar_zwang715.txt -f "%U" python3 homework.py > stulog.txt 2>&1 on zwang715 #####
##### zwang715 plays [E d2 c3] in 0.13s #####
##### Running: /usr/lib/jvm/jdk-14.0.1/bin/java -jar /lab/itti/projects/checkers-competition/server/referee.jar on run_8_vdhankar_zwang715 #####
Move is valid
##### SUCCESS: /usr/lib/jvm/jdk-14.0.1/bin/java -jar /lab/itti/projects/checkers-competition/server/referee.jar on run_8_vdhankar_zwang715 #####
INPUT for vdhankar:
GAME
BLACK
71.0999622344971
...b.b.b
......b.
........
....b...
.......b
b.w.....
.......w
..w.w.w.
##### Running: /usr/bin/time -o time_8_vdhankar_zwang715.txt -f "%U" python3 homework.py > stulog.txt 2>&1 on vdhankar #####
child exited with value 1
##### ERROR: /usr/bin/time -o time_8_vdhankar_zwang715.txt -f "%U" python3 homework.py > stulog.txt 2>&1 on vdhankar #####
##### Output of failed program (stdout + stderr): #####
Traceback (most recent call last):
  File "homework.py", line 546, in <module>
    print(end-start)
NameError: name 'end' is not defined
##### End of output of failed program #####
##### vdhankar plays [E g7 h6] in 14.6104941368103s #####
##### Running: /usr/lib/jvm/jdk-14.0.1/bin/java -jar /lab/itti/projects/checkers-competition/server/referee.jar on run_8_vdhankar_zwang715 #####
Move is valid
##### SUCCESS: /usr/lib/jvm/jdk-14.0.1/bin/java -jar /lab/itti/projects/checkers-competition/server/referee.jar on run_8_vdhankar_zwang715 #####
INPUT for zwang715:
GAME
WHITE
295.49
...b.b.b
........
.......b
....b...
.......b
b.w.....
.......w
..w.w.w.
##### Running: /usr/bin/time -o time_8_vdhankar_zwang715.txt -f "%U" python3 homework.py > stulog.txt 2>&1 on zwang715 #####
##### SUCCESS: /usr/bin/time -o time_8_vdhankar_zwang715.txt -f "%U" python3 homework.py > stulog.txt 2>&1 on zwang715 #####
##### zwang715 plays [E c3 b4] in 0.18s #####
##### Running: /usr/lib/jvm/jdk-14.0.1/bin/java -jar /lab/itti/projects/checkers-competition/server/referee.jar on run_8_vdhankar_zwang715 #####
Move is valid
##### SUCCESS: /usr/lib/jvm/jdk-14.0.1/bin/java -jar /lab/itti/projects/checkers-competition/server/referee.jar on run_8_vdhankar_zwang715 #####
INPUT for vdhankar:
GAME
BLACK
56.4894680976868
...b.b.b
........
.......b
....b...
.w.....b
b.......
.......w
..w.w.w.
##### Running: /usr/bin/time -o time_8_vdhankar_zwang715.txt -f "%U" python3 homework.py > stulog.txt 2>&1 on vdhankar #####
child exited with value 1
##### ERROR: /usr/bin/time -o time_8_vdhankar_zwang715.txt -f "%U" python3 homework.py > stulog.txt 2>&1 on vdhankar #####
##### Output of failed program (stdout + stderr): #####
Traceback (most recent call last):
  File "homework.py", line 546, in <module>
    print(end-start)
NameError: name 'end' is not defined
##### End of output of failed program #####
##### vdhankar plays [E h8 g7] in 9.42795205116272s #####
##### Running: /usr/lib/jvm/jdk-14.0.1/bin/java -jar /lab/itti/projects/checkers-competition/server/referee.jar on run_8_vdhankar_zwang715 #####
Move is valid
##### SUCCESS: /usr/lib/jvm/jdk-14.0.1/bin/java -jar /lab/itti/projects/checkers-competition/server/referee.jar on run_8_vdhankar_zwang715 #####
INPUT for zwang715:
GAME
WHITE
295.31
...b.b..
......b.
.......b
....b...
.w.....b
b.......
.......w
..w.w.w.
##### Running: /usr/bin/time -o time_8_vdhankar_zwang715.txt -f "%U" python3 homework.py > stulog.txt 2>&1 on zwang715 #####
##### SUCCESS: /usr/bin/time -o time_8_vdhankar_zwang715.txt -f "%U" python3 homework.py > stulog.txt 2>&1 on zwang715 #####
##### zwang715 plays [E b4 a5] in 0.18s #####
##### Running: /usr/lib/jvm/jdk-14.0.1/bin/java -jar /lab/itti/projects/checkers-competition/server/referee.jar on run_8_vdhankar_zwang715 #####
Move is valid
##### SUCCESS: /usr/lib/jvm/jdk-14.0.1/bin/java -jar /lab/itti/projects/checkers-competition/server/referee.jar on run_8_vdhankar_zwang715 #####
INPUT for vdhankar:
GAME
BLACK
47.061516046524
...b.b..
......b.
.......b
w...b...
.......b
b.......
.......w
..w.w.w.
##### Running: /usr/bin/time -o time_8_vdhankar_zwang715.txt -f "%U" python3 homework.py > stulog.txt 2>&1 on vdhankar #####
child exited with value 1
##### ERROR: /usr/bin/time -o time_8_vdhankar_zwang715.txt -f "%U" python3 homework.py > stulog.txt 2>&1 on vdhankar #####
##### Output of failed program (stdout + stderr): #####
Traceback (most recent call last):
  File "homework.py", line 546, in <module>
    print(end-start)
NameError: name 'end' is not defined
##### End of output of failed program #####
##### vdhankar plays [E d8 c7] in 2.07792282104492s #####
##### Running: /usr/lib/jvm/jdk-14.0.1/bin/java -jar /lab/itti/projects/checkers-competition/server/referee.jar on run_8_vdhankar_zwang715 #####
Move is valid
##### SUCCESS: /usr/lib/jvm/jdk-14.0.1/bin/java -jar /lab/itti/projects/checkers-competition/server/referee.jar on run_8_vdhankar_zwang715 #####
INPUT for zwang715:
GAME
WHITE
295.13
.....b..
..b...b.
.......b
w...b...
.......b
b.......
.......w
..w.w.w.
##### Running: /usr/bin/time -o time_8_vdhankar_zwang715.txt -f "%U" python3 homework.py > stulog.txt 2>&1 on zwang715 #####
##### SUCCESS: /usr/bin/time -o time_8_vdhankar_zwang715.txt -f "%U" python3 homework.py > stulog.txt 2>&1 on zwang715 #####
##### zwang715 plays [E h2 g3] in 0.18s #####
##### Running: /usr/lib/jvm/jdk-14.0.1/bin/java -jar /lab/itti/projects/checkers-competition/server/referee.jar on run_8_vdhankar_zwang715 #####
Move is valid
##### SUCCESS: /usr/lib/jvm/jdk-14.0.1/bin/java -jar /lab/itti/projects/checkers-competition/server/referee.jar on run_8_vdhankar_zwang715 #####
INPUT for vdhankar:
GAME
BLACK
44.9835932254791
.....b..
..b...b.
.......b
w...b...
.......b
b.....w.
........
..w.w.w.
##### Running: /usr/bin/time -o time_8_vdhankar_zwang715.txt -f "%U" python3 homework.py > stulog.txt 2>&1 on vdhankar #####
child exited with value 1
##### ERROR: /usr/bin/time -o time_8_vdhankar_zwang715.txt -f "%U" python3 homework.py > stulog.txt 2>&1 on vdhankar #####
##### Output of failed program (stdout + stderr): #####
Traceback (most recent call last):
  File "homework.py", line 546, in <module>
    print(end-start)
NameError: name 'end' is not defined
##### End of output of failed program #####
##### vdhankar plays [J h4 f2] in 0.750166893005371s #####
##### Running: /usr/lib/jvm/jdk-14.0.1/bin/java -jar /lab/itti/projects/checkers-competition/server/referee.jar on run_8_vdhankar_zwang715 #####
Move is valid
##### SUCCESS: /usr/lib/jvm/jdk-14.0.1/bin/java -jar /lab/itti/projects/checkers-competition/server/referee.jar on run_8_vdhankar_zwang715 #####
INPUT for zwang715:
GAME
WHITE
294.95
.....b..
..b...b.
.......b
w...b...
........
b.......
.....b..
..w.w.w.
##### Running: /usr/bin/time -o time_8_vdhankar_zwang715.txt -f "%U" python3 homework.py > stulog.txt 2>&1 on zwang715 #####
##### SUCCESS: /usr/bin/time -o time_8_vdhankar_zwang715.txt -f "%U" python3 homework.py > stulog.txt 2>&1 on zwang715 #####
##### zwang715 plays [J e1 g3] in 0.14s #####
##### Running: /usr/lib/jvm/jdk-14.0.1/bin/java -jar /lab/itti/projects/checkers-competition/server/referee.jar on run_8_vdhankar_zwang715 #####
Move is valid
##### SUCCESS: /usr/lib/jvm/jdk-14.0.1/bin/java -jar /lab/itti/projects/checkers-competition/server/referee.jar on run_8_vdhankar_zwang715 #####
INPUT for vdhankar:
GAME
BLACK
44.2334263324738
.....b..
..b...b.
.......b
w...b...
........
b.....w.
........
..w...w.
##### Running: /usr/bin/time -o time_8_vdhankar_zwang715.txt -f "%U" python3 homework.py > stulog.txt 2>&1 on vdhankar #####
child exited with value 1
##### ERROR: /usr/bin/time -o time_8_vdhankar_zwang715.txt -f "%U" python3 homework.py > stulog.txt 2>&1 on vdhankar #####
##### Output of failed program (stdout + stderr): #####
Traceback (most recent call last):
  File "homework.py", line 546, in <module>
    print(end-start)
NameError: name 'end' is not defined
##### End of output of failed program #####
##### vdhankar plays [E h6 g5] in 3.66412711143494s #####
##### Running: /usr/lib/jvm/jdk-14.0.1/bin/java -jar /lab/itti/projects/checkers-competition/server/referee.jar on run_8_vdhankar_zwang715 #####
Move is valid
##### SUCCESS: /usr/lib/jvm/jdk-14.0.1/bin/java -jar /lab/itti/projects/checkers-competition/server/referee.jar on run_8_vdhankar_zwang715 #####
INPUT for zwang715:
GAME
WHITE
294.81
.....b..
..b...b.
........
w...b.b.
........
b.....w.
........
..w...w.
##### Running: /usr/bin/time -o time_8_vdhankar_zwang715.txt -f "%U" python3 homework.py > stulog.txt 2>&1 on zwang715 #####
##### SUCCESS: /usr/bin/time -o time_8_vdhankar_zwang715.txt -f "%U" python3 homework.py > stulog.txt 2>&1 on zwang715 #####
##### zwang715 plays [E g3 f4] in 0.14s #####
##### Running: /usr/lib/jvm/jdk-14.0.1/bin/java -jar /lab/itti/projects/checkers-competition/server/referee.jar on run_8_vdhankar_zwang715 #####
Move is valid
##### SUCCESS: /usr/lib/jvm/jdk-14.0.1/bin/java -jar /lab/itti/projects/checkers-competition/server/referee.jar on run_8_vdhankar_zwang715 #####
INPUT for vdhankar:
GAME
BLACK
40.5692992210388
.....b..
..b...b.
........
w...b.b.
.....w..
b.......
........
..w...w.
##### Running: /usr/bin/time -o time_8_vdhankar_zwang715.txt -f "%U" python3 homework.py > stulog.txt 2>&1 on vdhankar #####
child exited with value 1
##### ERROR: /usr/bin/time -o time_8_vdhankar_zwang715.txt -f "%U" python3 homework.py > stulog.txt 2>&1 on vdhankar #####
##### Output of failed program (stdout + stderr): #####
Traceback (most recent call last):
  File "homework.py", line 546, in <module>
    print(end-start)
NameError: name 'end' is not defined
##### End of output of failed program #####
##### vdhankar plays [J g5 e3] in 1.23695302009583s #####
##### Running: /usr/lib/jvm/jdk-14.0.1/bin/java -jar /lab/itti/projects/checkers-competition/server/referee.jar on run_8_vdhankar_zwang715 #####
Move is valid
##### SUCCESS: /usr/lib/jvm/jdk-14.0.1/bin/java -jar /lab/itti/projects/checkers-competition/server/referee.jar on run_8_vdhankar_zwang715 #####
INPUT for zwang715:
GAME
WHITE
294.67
.....b..
..b...b.
........
w...b...
........
b...b...
........
..w...w.
##### Running: /usr/bin/time -o time_8_vdhankar_zwang715.txt -f "%U" python3 homework.py > stulog.txt 2>&1 on zwang715 #####
##### SUCCESS: /usr/bin/time -o time_8_vdhankar_zwang715.txt -f "%U" python3 homework.py > stulog.txt 2>&1 on zwang715 #####
##### zwang715 plays [E c1 b2] in 0.11s #####
##### Running: /usr/lib/jvm/jdk-14.0.1/bin/java -jar /lab/itti/projects/checkers-competition/server/referee.jar on run_8_vdhankar_zwang715 #####
Move is valid
##### SUCCESS: /usr/lib/jvm/jdk-14.0.1/bin/java -jar /lab/itti/projects/checkers-competition/server/referee.jar on run_8_vdhankar_zwang715 #####
INPUT for vdhankar:
GAME
BLACK
39.332346200943
.....b..
..b...b.
........
w...b...
........
b...b...
.w......
......w.
##### Running: /usr/bin/time -o time_8_vdhankar_zwang715.txt -f "%U" python3 homework.py > stulog.txt 2>&1 on vdhankar #####
child exited with value 1
##### ERROR: /usr/bin/time -o time_8_vdhankar_zwang715.txt -f "%U" python3 homework.py > stulog.txt 2>&1 on vdhankar #####
##### Output of failed program (stdout + stderr): #####
Traceback (most recent call last):
  File "homework.py", line 546, in <module>
    print(end-start)
NameError: name 'end' is not defined
##### End of output of failed program #####
##### vdhankar plays [J a3 c1] in 0.616614103317261s #####
##### Running: /usr/lib/jvm/jdk-14.0.1/bin/java -jar /lab/itti/projects/checkers-competition/server/referee.jar on run_8_vdhankar_zwang715 #####
Move is valid
##### SUCCESS: /usr/lib/jvm/jdk-14.0.1/bin/java -jar /lab/itti/projects/checkers-competition/server/referee.jar on run_8_vdhankar_zwang715 #####
INPUT for zwang715:
GAME
WHITE
294.56
.....b..
..b...b.
........
w...b...
........
....b...
........
..B...w.
##### Running: /usr/bin/time -o time_8_vdhankar_zwang715.txt -f "%U" python3 homework.py > stulog.txt 2>&1 on zwang715 #####
##### SUCCESS: /usr/bin/time -o time_8_vdhankar_zwang715.txt -f "%U" python3 homework.py > stulog.txt 2>&1 on zwang715 #####
##### zwang715 plays [E g1 f2] in 0.07s #####
##### Running: /usr/lib/jvm/jdk-14.0.1/bin/java -jar /lab/itti/projects/checkers-competition/server/referee.jar on run_8_vdhankar_zwang715 #####
Move is valid
##### SUCCESS: /usr/lib/jvm/jdk-14.0.1/bin/java -jar /lab/itti/projects/checkers-competition/server/referee.jar on run_8_vdhankar_zwang715 #####
INPUT for vdhankar:
GAME
BLACK
38.7157320976257
.....b..
..b...b.
........
w...b...
........
....b...
.....w..
..B.....
##### Running: /usr/bin/time -o time_8_vdhankar_zwang715.txt -f "%U" python3 homework.py > stulog.txt 2>&1 on vdhankar #####
child exited with value 1
##### ERROR: /usr/bin/time -o time_8_vdhankar_zwang715.txt -f "%U" python3 homework.py > stulog.txt 2>&1 on vdhankar #####
##### Output of failed program (stdout + stderr): #####
Traceback (most recent call last):
  File "homework.py", line 546, in <module>
    print(end-start)
NameError: name 'end' is not defined
##### End of output of failed program #####
##### vdhankar plays [J e3 g1] in 0.389161109924316s #####
##### Running: /usr/lib/jvm/jdk-14.0.1/bin/java -jar /lab/itti/projects/checkers-competition/server/referee.jar on run_8_vdhankar_zwang715 #####
Move is valid
##### SUCCESS: /usr/lib/jvm/jdk-14.0.1/bin/java -jar /lab/itti/projects/checkers-competition/server/referee.jar on run_8_vdhankar_zwang715 #####
INPUT for zwang715:
GAME
WHITE
294.49
.....b..
..b...b.
........
w...b...
........
........
........
..B...B.
##### Running: /usr/bin/time -o time_8_vdhankar_zwang715.txt -f "%U" python3 homework.py > stulog.txt 2>&1 on zwang715 #####
##### SUCCESS: /usr/bin/time -o time_8_vdhankar_zwang715.txt -f "%U" python3 homework.py > stulog.txt 2>&1 on zwang715 #####
##### zwang715 plays [E a5 b6] in 0.05s #####
##### Running: /usr/lib/jvm/jdk-14.0.1/bin/java -jar /lab/itti/projects/checkers-competition/server/referee.jar on run_8_vdhankar_zwang715 #####
Move is valid
##### SUCCESS: /usr/lib/jvm/jdk-14.0.1/bin/java -jar /lab/itti/projects/checkers-competition/server/referee.jar on run_8_vdhankar_zwang715 #####
INPUT for vdhankar:
GAME
BLACK
38.3265709877014
.....b..
..b...b.
.w......
....b...
........
........
........
..B...B.
##### Running: /usr/bin/time -o time_8_vdhankar_zwang715.txt -f "%U" python3 homework.py > stulog.txt 2>&1 on vdhankar #####
child exited with value 1
##### ERROR: /usr/bin/time -o time_8_vdhankar_zwang715.txt -f "%U" python3 homework.py > stulog.txt 2>&1 on vdhankar #####
##### Output of failed program (stdout + stderr): #####
Traceback (most recent call last):
  File "homework.py", line 546, in <module>
    print(end-start)
NameError: name 'end' is not defined
##### End of output of failed program #####
##### vdhankar plays [J c7 a5] in 0.337511777877808s #####
##### Running: /usr/lib/jvm/jdk-14.0.1/bin/java -jar /lab/itti/projects/checkers-competition/server/referee.jar on run_8_vdhankar_zwang715 #####
Move is valid
After this move, player WHITE cannot make any moves
*** Winner: BLACK ***
##### SUCCESS: /usr/lib/jvm/jdk-14.0.1/bin/java -jar /lab/itti/projects/checkers-competition/server/referee.jar on run_8_vdhankar_zwang715 #####
##### GAME OVER: vdhankar wins the game! #####
Server said: WIN
########## ROUND 8 GAMESCORE AFTER GAME 2: vdhankar=2 and zwang715=0 ##########
#################### ROUND 8: vdhankar (W) vs zwang715 (B): game 3 ####################
##### game start! #####
INPUT for zwang715:
GAME
BLACK
300
.b.b.b.b
b.b.b.b.
.b.b.b.b
........
........
w.w.w.w.
.w.w.w.w
w.w.w.w.
##### Running: /usr/bin/time -o time_8_vdhankar_zwang715.txt -f "%U" python3 homework.py > stulog.txt 2>&1 on zwang715 #####
##### SUCCESS: /usr/bin/time -o time_8_vdhankar_zwang715.txt -f "%U" python3 homework.py > stulog.txt 2>&1 on zwang715 #####
##### zwang715 plays [E b6 c5] in 0.28s #####
##### Running: /usr/lib/jvm/jdk-14.0.1/bin/java -jar /lab/itti/projects/checkers-competition/server/referee.jar on run_8_vdhankar_zwang715 #####
Move is valid
Couldn't read file 'current_ply.txt'
Couldn't read content from file 'current_ply.txt'
Couldn't read file 'lastmatchange_ply.txt'
Couldn't read content from file 'lastmatchange_ply.txt'
##### SUCCESS: /usr/lib/jvm/jdk-14.0.1/bin/java -jar /lab/itti/projects/checkers-competition/server/referee.jar on run_8_vdhankar_zwang715 #####
INPUT for vdhankar:
GAME
WHITE
300
.b.b.b.b
b.b.b.b.
...b.b.b
..b.....
........
w.w.w.w.
.w.w.w.w
w.w.w.w.
##### Running: /usr/bin/time -o time_8_vdhankar_zwang715.txt -f "%U" python3 homework.py > stulog.txt 2>&1 on vdhankar #####
child exited with value 1
##### ERROR: /usr/bin/time -o time_8_vdhankar_zwang715.txt -f "%U" python3 homework.py > stulog.txt 2>&1 on vdhankar #####
##### Output of failed program (stdout + stderr): #####
Traceback (most recent call last):
  File "homework.py", line 546, in <module>
    print(end-start)
NameError: name 'end' is not defined
##### End of output of failed program #####
##### vdhankar plays [E g3 h4] in 9.77223515510559s #####
##### Running: /usr/lib/jvm/jdk-14.0.1/bin/java -jar /lab/itti/projects/checkers-competition/server/referee.jar on run_8_vdhankar_zwang715 #####
Move is valid
##### SUCCESS: /usr/lib/jvm/jdk-14.0.1/bin/java -jar /lab/itti/projects/checkers-competition/server/referee.jar on run_8_vdhankar_zwang715 #####
INPUT for zwang715:
GAME
BLACK
299.72
.b.b.b.b
b.b.b.b.
...b.b.b
..b.....
.......w
w.w.w...
.w.w.w.w
w.w.w.w.
##### Running: /usr/bin/time -o time_8_vdhankar_zwang715.txt -f "%U" python3 homework.py > stulog.txt 2>&1 on zwang715 #####
##### SUCCESS: /usr/bin/time -o time_8_vdhankar_zwang715.txt -f "%U" python3 homework.py > stulog.txt 2>&1 on zwang715 #####
##### zwang715 plays [E a7 b6] in 0.39s #####
##### Running: /usr/lib/jvm/jdk-14.0.1/bin/java -jar /lab/itti/projects/checkers-competition/server/referee.jar on run_8_vdhankar_zwang715 #####
Move is valid
##### SUCCESS: /usr/lib/jvm/jdk-14.0.1/bin/java -jar /lab/itti/projects/checkers-competition/server/referee.jar on run_8_vdhankar_zwang715 #####
INPUT for vdhankar:
GAME
WHITE
290.227764844894
.b.b.b.b
..b.b.b.
.b.b.b.b
..b.....
.......w
w.w.w...
.w.w.w.w
w.w.w.w.
##### Running: /usr/bin/time -o time_8_vdhankar_zwang715.txt -f "%U" python3 homework.py > stulog.txt 2>&1 on vdhankar #####
child exited with value 1
##### ERROR: /usr/bin/time -o time_8_vdhankar_zwang715.txt -f "%U" python3 homework.py > stulog.txt 2>&1 on vdhankar #####
##### Output of failed program (stdout + stderr): #####
Traceback (most recent call last):
  File "homework.py", line 546, in <module>
    print(end-start)
NameError: name 'end' is not defined
##### End of output of failed program #####
##### vdhankar plays [E f2 g3] in 14.649719953537s #####
##### Running: /usr/lib/jvm/jdk-14.0.1/bin/java -jar /lab/itti/projects/checkers-competition/server/referee.jar on run_8_vdhankar_zwang715 #####
Move is valid
##### SUCCESS: /usr/lib/jvm/jdk-14.0.1/bin/java -jar /lab/itti/projects/checkers-competition/server/referee.jar on run_8_vdhankar_zwang715 #####
INPUT for zwang715:
GAME
BLACK
299.33
.b.b.b.b
..b.b.b.
.b.b.b.b
..b.....
.......w
w.w.w.w.
.w.w...w
w.w.w.w.
##### Running: /usr/bin/time -o time_8_vdhankar_zwang715.txt -f "%U" python3 homework.py > stulog.txt 2>&1 on zwang715 #####
##### SUCCESS: /usr/bin/time -o time_8_vdhankar_zwang715.txt -f "%U" python3 homework.py > stulog.txt 2>&1 on zwang715 #####
##### zwang715 plays [E b8 a7] in 0.41s #####
##### Running: /usr/lib/jvm/jdk-14.0.1/bin/java -jar /lab/itti/projects/checkers-competition/server/referee.jar on run_8_vdhankar_zwang715 #####
Move is valid
##### SUCCESS: /usr/lib/jvm/jdk-14.0.1/bin/java -jar /lab/itti/projects/checkers-competition/server/referee.jar on run_8_vdhankar_zwang715 #####
INPUT for vdhankar:
GAME
WHITE
275.578044891357
...b.b.b
b.b.b.b.
.b.b.b.b
..b.....
.......w
w.w.w.w.
.w.w...w
w.w.w.w.
##### Running: /usr/bin/time -o time_8_vdhankar_zwang715.txt -f "%U" python3 homework.py > stulog.txt 2>&1 on vdhankar #####
child exited with value 1
##### ERROR: /usr/bin/time -o time_8_vdhankar_zwang715.txt -f "%U" python3 homework.py > stulog.txt 2>&1 on vdhankar #####
##### Output of failed program (stdout + stderr): #####
Traceback (most recent call last):
  File "homework.py", line 546, in <module>
    print(end-start)
NameError: name 'end' is not defined
##### End of output of failed program #####
##### vdhankar plays [E c3 d4] in 4.22745704650879s #####
##### Running: /usr/lib/jvm/jdk-14.0.1/bin/java -jar /lab/itti/projects/checkers-competition/server/referee.jar on run_8_vdhankar_zwang715 #####
Move is valid
##### SUCCESS: /usr/lib/jvm/jdk-14.0.1/bin/java -jar /lab/itti/projects/checkers-competition/server/referee.jar on run_8_vdhankar_zwang715 #####
INPUT for zwang715:
GAME
BLACK
298.92
...b.b.b
b.b.b.b.
.b.b.b.b
..b.....
...w...w
w...w.w.
.w.w...w
w.w.w.w.
##### Running: /usr/bin/time -o time_8_vdhankar_zwang715.txt -f "%U" python3 homework.py > stulog.txt 2>&1 on zwang715 #####
##### SUCCESS: /usr/bin/time -o time_8_vdhankar_zwang715.txt -f "%U" python3 homework.py > stulog.txt 2>&1 on zwang715 #####
##### zwang715 plays [E b6 a5] in 0.33s #####
##### Running: /usr/lib/jvm/jdk-14.0.1/bin/java -jar /lab/itti/projects/checkers-competition/server/referee.jar on run_8_vdhankar_zwang715 #####
Move is valid
##### SUCCESS: /usr/lib/jvm/jdk-14.0.1/bin/java -jar /lab/itti/projects/checkers-competition/server/referee.jar on run_8_vdhankar_zwang715 #####
INPUT for vdhankar:
GAME
WHITE
271.350587844849
...b.b.b
b.b.b.b.
...b.b.b
b.b.....
...w...w
w...w.w.
.w.w...w
w.w.w.w.
##### Running: /usr/bin/time -o time_8_vdhankar_zwang715.txt -f "%U" python3 homework.py > stulog.txt 2>&1 on vdhankar #####
child exited with value 1
##### ERROR: /usr/bin/time -o time_8_vdhankar_zwang715.txt -f "%U" python3 homework.py > stulog.txt 2>&1 on vdhankar #####
##### Output of failed program (stdout + stderr): #####
Traceback (most recent call last):
  File "homework.py", line 546, in <module>
    print(end-start)
NameError: name 'end' is not defined
##### End of output of failed program #####
##### vdhankar plays [J d4 b6] in 1.51483106613159s #####
##### Running: /usr/lib/jvm/jdk-14.0.1/bin/java -jar /lab/itti/projects/checkers-competition/server/referee.jar on run_8_vdhankar_zwang715 #####
Move is valid
##### SUCCESS: /usr/lib/jvm/jdk-14.0.1/bin/java -jar /lab/itti/projects/checkers-competition/server/referee.jar on run_8_vdhankar_zwang715 #####
INPUT for zwang715:
GAME
BLACK
298.59
...b.b.b
b.b.b.b.
.w.b.b.b
b.......
.......w
w...w.w.
.w.w...w
w.w.w.w.
##### Running: /usr/bin/time -o time_8_vdhankar_zwang715.txt -f "%U" python3 homework.py > stulog.txt 2>&1 on zwang715 #####
##### SUCCESS: /usr/bin/time -o time_8_vdhankar_zwang715.txt -f "%U" python3 homework.py > stulog.txt 2>&1 on zwang715 #####
##### zwang715 plays [J a7 c5] in 0.34s #####
##### Running: /usr/lib/jvm/jdk-14.0.1/bin/java -jar /lab/itti/projects/checkers-competition/server/referee.jar on run_8_vdhankar_zwang715 #####
Move is valid
##### SUCCESS: /usr/lib/jvm/jdk-14.0.1/bin/java -jar /lab/itti/projects/checkers-competition/server/referee.jar on run_8_vdhankar_zwang715 #####
INPUT for vdhankar:
GAME
WHITE
269.835756778717
...b.b.b
..b.b.b.
...b.b.b
b.b.....
.......w
w...w.w.
.w.w...w
w.w.w.w.
##### Running: /usr/bin/time -o time_8_vdhankar_zwang715.txt -f "%U" python3 homework.py > stulog.txt 2>&1 on vdhankar #####
child exited with value 1
##### ERROR: /usr/bin/time -o time_8_vdhankar_zwang715.txt -f "%U" python3 homework.py > stulog.txt 2>&1 on vdhankar #####
##### Output of failed program (stdout + stderr): #####
Traceback (most recent call last):
  File "homework.py", line 546, in <module>
    print(end-start)
NameError: name 'end' is not defined
##### End of output of failed program #####
##### vdhankar plays [E g3 f4] in 7.95310711860657s #####
##### Running: /usr/lib/jvm/jdk-14.0.1/bin/java -jar /lab/itti/projects/checkers-competition/server/referee.jar on run_8_vdhankar_zwang715 #####
Move is valid
##### SUCCESS: /usr/lib/jvm/jdk-14.0.1/bin/java -jar /lab/itti/projects/checkers-competition/server/referee.jar on run_8_vdhankar_zwang715 #####
INPUT for zwang715:
GAME
BLACK
298.25
...b.b.b
..b.b.b.
...b.b.b
b.b.....
.....w.w
w...w...
.w.w...w
w.w.w.w.
##### Running: /usr/bin/time -o time_8_vdhankar_zwang715.txt -f "%U" python3 homework.py > stulog.txt 2>&1 on zwang715 #####
##### SUCCESS: /usr/bin/time -o time_8_vdhankar_zwang715.txt -f "%U" python3 homework.py > stulog.txt 2>&1 on zwang715 #####
##### zwang715 plays [E c7 b6] in 0.39s #####
##### Running: /usr/lib/jvm/jdk-14.0.1/bin/java -jar /lab/itti/projects/checkers-competition/server/referee.jar on run_8_vdhankar_zwang715 #####
Move is valid
##### SUCCESS: /usr/lib/jvm/jdk-14.0.1/bin/java -jar /lab/itti/projects/checkers-competition/server/referee.jar on run_8_vdhankar_zwang715 #####
INPUT for vdhankar:
GAME
WHITE
261.88264966011
...b.b.b
....b.b.
.b.b.b.b
b.b.....
.....w.w
w...w...
.w.w...w
w.w.w.w.
##### Running: /usr/bin/time -o time_8_vdhankar_zwang715.txt -f "%U" python3 homework.py > stulog.txt 2>&1 on vdhankar #####
child exited with value 1
##### ERROR: /usr/bin/time -o time_8_vdhankar_zwang715.txt -f "%U" python3 homework.py > stulog.txt 2>&1 on vdhankar #####
##### Output of failed program (stdout + stderr): #####
Traceback (most recent call last):
  File "homework.py", line 546, in <module>
    print(end-start)
NameError: name 'end' is not defined
##### End of output of failed program #####
##### vdhankar plays [E g1 f2] in 9.4770359992981s #####
##### Running: /usr/lib/jvm/jdk-14.0.1/bin/java -jar /lab/itti/projects/checkers-competition/server/referee.jar on run_8_vdhankar_zwang715 #####
Move is valid
##### SUCCESS: /usr/lib/jvm/jdk-14.0.1/bin/java -jar /lab/itti/projects/checkers-competition/server/referee.jar on run_8_vdhankar_zwang715 #####
INPUT for zwang715:
GAME
BLACK
297.86
...b.b.b
....b.b.
.b.b.b.b
b.b.....
.....w.w
w...w...
.w.w.w.w
w.w.w...
##### Running: /usr/bin/time -o time_8_vdhankar_zwang715.txt -f "%U" python3 homework.py > stulog.txt 2>&1 on zwang715 #####
##### SUCCESS: /usr/bin/time -o time_8_vdhankar_zwang715.txt -f "%U" python3 homework.py > stulog.txt 2>&1 on zwang715 #####
##### zwang715 plays [E d8 c7] in 0.36s #####
##### Running: /usr/lib/jvm/jdk-14.0.1/bin/java -jar /lab/itti/projects/checkers-competition/server/referee.jar on run_8_vdhankar_zwang715 #####
Move is valid
##### SUCCESS: /usr/lib/jvm/jdk-14.0.1/bin/java -jar /lab/itti/projects/checkers-competition/server/referee.jar on run_8_vdhankar_zwang715 #####
INPUT for vdhankar:
GAME
WHITE
252.405613660812
.....b.b
..b.b.b.
.b.b.b.b
b.b.....
.....w.w
w...w...
.w.w.w.w
w.w.w...
##### Running: /usr/bin/time -o time_8_vdhankar_zwang715.txt -f "%U" python3 homework.py > stulog.txt 2>&1 on vdhankar #####
child exited with value 1
##### ERROR: /usr/bin/time -o time_8_vdhankar_zwang715.txt -f "%U" python3 homework.py > stulog.txt 2>&1 on vdhankar #####
##### Output of failed program (stdout + stderr): #####
Traceback (most recent call last):
  File "homework.py", line 546, in <module>
    print(end-start)
NameError: name 'end' is not defined
##### End of output of failed program #####
##### vdhankar plays [E d2 c3] in 4.12489700317383s #####
##### Running: /usr/lib/jvm/jdk-14.0.1/bin/java -jar /lab/itti/projects/checkers-competition/server/referee.jar on run_8_vdhankar_zwang715 #####
Move is valid
##### SUCCESS: /usr/lib/jvm/jdk-14.0.1/bin/java -jar /lab/itti/projects/checkers-competition/server/referee.jar on run_8_vdhankar_zwang715 #####
INPUT for zwang715:
GAME
BLACK
297.5
.....b.b
..b.b.b.
.b.b.b.b
b.b.....
.....w.w
w.w.w...
.w...w.w
w.w.w...
##### Running: /usr/bin/time -o time_8_vdhankar_zwang715.txt -f "%U" python3 homework.py > stulog.txt 2>&1 on zwang715 #####
##### SUCCESS: /usr/bin/time -o time_8_vdhankar_zwang715.txt -f "%U" python3 homework.py > stulog.txt 2>&1 on zwang715 #####
##### zwang715 plays [E f6 g5] in 0.33s #####
##### Running: /usr/lib/jvm/jdk-14.0.1/bin/java -jar /lab/itti/projects/checkers-competition/server/referee.jar on run_8_vdhankar_zwang715 #####
Move is valid
##### SUCCESS: /usr/lib/jvm/jdk-14.0.1/bin/java -jar /lab/itti/projects/checkers-competition/server/referee.jar on run_8_vdhankar_zwang715 #####
INPUT for vdhankar:
GAME
WHITE
248.280716657639
.....b.b
..b.b.b.
.b.b...b
b.b...b.
.....w.w
w.w.w...
.w...w.w
w.w.w...
##### Running: /usr/bin/time -o time_8_vdhankar_zwang715.txt -f "%U" python3 homework.py > stulog.txt 2>&1 on vdhankar #####
child exited with value 1
##### ERROR: /usr/bin/time -o time_8_vdhankar_zwang715.txt -f "%U" python3 homework.py > stulog.txt 2>&1 on vdhankar #####
##### Output of failed program (stdout + stderr): #####
Traceback (most recent call last):
  File "homework.py", line 546, in <module>
    print(end-start)
NameError: name 'end' is not defined
##### End of output of failed program #####
##### vdhankar plays [J h4 f6 ; J f6 d8] in 1.87715601921082s #####
##### Running: /usr/lib/jvm/jdk-14.0.1/bin/java -jar /lab/itti/projects/checkers-competition/server/referee.jar on run_8_vdhankar_zwang715 #####
Move is valid
##### SUCCESS: /usr/lib/jvm/jdk-14.0.1/bin/java -jar /lab/itti/projects/checkers-competition/server/referee.jar on run_8_vdhankar_zwang715 #####
INPUT for zwang715:
GAME
BLACK
297.17
...W.b.b
..b...b.
.b.b...b
b.b.....
.....w..
w.w.w...
.w...w.w
w.w.w...
##### Running: /usr/bin/time -o time_8_vdhankar_zwang715.txt -f "%U" python3 homework.py > stulog.txt 2>&1 on zwang715 #####
##### SUCCESS: /usr/bin/time -o time_8_vdhankar_zwang715.txt -f "%U" python3 homework.py > stulog.txt 2>&1 on zwang715 #####
##### zwang715 plays [E g7 f6] in 0.41s #####
##### Running: /usr/lib/jvm/jdk-14.0.1/bin/java -jar /lab/itti/projects/checkers-competition/server/referee.jar on run_8_vdhankar_zwang715 #####
Move is valid
##### SUCCESS: /usr/lib/jvm/jdk-14.0.1/bin/java -jar /lab/itti/projects/checkers-competition/server/referee.jar on run_8_vdhankar_zwang715 #####
INPUT for vdhankar:
GAME
WHITE
246.403560638428
...W.b.b
..b.....
.b.b.b.b
b.b.....
.....w..
w.w.w...
.w...w.w
w.w.w...
##### Running: /usr/bin/time -o time_8_vdhankar_zwang715.txt -f "%U" python3 homework.py > stulog.txt 2>&1 on vdhankar #####
child exited with value 1
##### ERROR: /usr/bin/time -o time_8_vdhankar_zwang715.txt -f "%U" python3 homework.py > stulog.txt 2>&1 on vdhankar #####
##### Output of failed program (stdout + stderr): #####
Traceback (most recent call last):
  File "homework.py", line 546, in <module>
    print(end-start)
NameError: name 'end' is not defined
##### End of output of failed program #####
##### vdhankar plays [E d8 e7] in 5.77227187156677s #####
##### Running: /usr/lib/jvm/jdk-14.0.1/bin/java -jar /lab/itti/projects/checkers-competition/server/referee.jar on run_8_vdhankar_zwang715 #####
Move is valid
##### SUCCESS: /usr/lib/jvm/jdk-14.0.1/bin/java -jar /lab/itti/projects/checkers-competition/server/referee.jar on run_8_vdhankar_zwang715 #####
INPUT for zwang715:
GAME
BLACK
296.76
.....b.b
..b.W...
.b.b.b.b
b.b.....
.....w..
w.w.w...
.w...w.w
w.w.w...
##### Running: /usr/bin/time -o time_8_vdhankar_zwang715.txt -f "%U" python3 homework.py > stulog.txt 2>&1 on zwang715 #####
##### SUCCESS: /usr/bin/time -o time_8_vdhankar_zwang715.txt -f "%U" python3 homework.py > stulog.txt 2>&1 on zwang715 #####
##### zwang715 plays [E h8 g7] in 0.32s #####
##### Running: /usr/lib/jvm/jdk-14.0.1/bin/java -jar /lab/itti/projects/checkers-competition/server/referee.jar on run_8_vdhankar_zwang715 #####
Move is valid
##### SUCCESS: /usr/lib/jvm/jdk-14.0.1/bin/java -jar /lab/itti/projects/checkers-competition/server/referee.jar on run_8_vdhankar_zwang715 #####
INPUT for vdhankar:
GAME
WHITE
240.631288766861
.....b..
..b.W.b.
.b.b.b.b
b.b.....
.....w..
w.w.w...
.w...w.w
w.w.w...
##### Running: /usr/bin/time -o time_8_vdhankar_zwang715.txt -f "%U" python3 homework.py > stulog.txt 2>&1 on vdhankar #####
child exited with value 1
##### ERROR: /usr/bin/time -o time_8_vdhankar_zwang715.txt -f "%U" python3 homework.py > stulog.txt 2>&1 on vdhankar #####
##### Output of failed program (stdout + stderr): #####
Traceback (most recent call last):
  File "homework.py", line 546, in <module>
    print(end-start)
NameError: name 'end' is not defined
##### End of output of failed program #####
##### vdhankar plays [J e7 g5] in 1.34299802780151s #####
##### Running: /usr/lib/jvm/jdk-14.0.1/bin/java -jar /lab/itti/projects/checkers-competition/server/referee.jar on run_8_vdhankar_zwang715 #####
Move is valid
##### SUCCESS: /usr/lib/jvm/jdk-14.0.1/bin/java -jar /lab/itti/projects/checkers-competition/server/referee.jar on run_8_vdhankar_zwang715 #####
INPUT for zwang715:
GAME
BLACK
296.44
.....b..
..b...b.
.b.b...b
b.b...W.
.....w..
w.w.w...
.w...w.w
w.w.w...
##### Running: /usr/bin/time -o time_8_vdhankar_zwang715.txt -f "%U" python3 homework.py > stulog.txt 2>&1 on zwang715 #####
##### SUCCESS: /usr/bin/time -o time_8_vdhankar_zwang715.txt -f "%U" python3 homework.py > stulog.txt 2>&1 on zwang715 #####
##### zwang715 plays [E f8 e7] in 0.25s #####
##### Running: /usr/lib/jvm/jdk-14.0.1/bin/java -jar /lab/itti/projects/checkers-competition/server/referee.jar on run_8_vdhankar_zwang715 #####
Move is valid
##### SUCCESS: /usr/lib/jvm/jdk-14.0.1/bin/java -jar /lab/itti/projects/checkers-competition/server/referee.jar on run_8_vdhankar_zwang715 #####
INPUT for vdhankar:
GAME
WHITE
239.288290739059
........
..b.b.b.
.b.b...b
b.b...W.
.....w..
w.w.w...
.w...w.w
w.w.w...
##### Running: /usr/bin/time -o time_8_vdhankar_zwang715.txt -f "%U" python3 homework.py > stulog.txt 2>&1 on vdhankar #####
child exited with value 1
##### ERROR: /usr/bin/time -o time_8_vdhankar_zwang715.txt -f "%U" python3 homework.py > stulog.txt 2>&1 on vdhankar #####
##### Output of failed program (stdout + stderr): #####
Traceback (most recent call last):
  File "homework.py", line 546, in <module>
    print(end-start)
NameError: name 'end' is not defined
##### End of output of failed program #####
##### vdhankar plays [E c3 b4] in 4.84631609916687s #####
##### Running: /usr/lib/jvm/jdk-14.0.1/bin/java -jar /lab/itti/projects/checkers-competition/server/referee.jar on run_8_vdhankar_zwang715 #####
Move is valid
##### SUCCESS: /usr/lib/jvm/jdk-14.0.1/bin/java -jar /lab/itti/projects/checkers-competition/server/referee.jar on run_8_vdhankar_zwang715 #####
INPUT for zwang715:
GAME
BLACK
296.19
........
..b.b.b.
.b.b...b
b.b...W.
.w...w..
w...w...
.w...w.w
w.w.w...
##### Running: /usr/bin/time -o time_8_vdhankar_zwang715.txt -f "%U" python3 homework.py > stulog.txt 2>&1 on zwang715 #####
##### SUCCESS: /usr/bin/time -o time_8_vdhankar_zwang715.txt -f "%U" python3 homework.py > stulog.txt 2>&1 on zwang715 #####
##### zwang715 plays [J a5 c3] in 0.21s #####
##### Running: /usr/lib/jvm/jdk-14.0.1/bin/java -jar /lab/itti/projects/checkers-competition/server/referee.jar on run_8_vdhankar_zwang715 #####
Move is valid
##### SUCCESS: /usr/lib/jvm/jdk-14.0.1/bin/java -jar /lab/itti/projects/checkers-competition/server/referee.jar on run_8_vdhankar_zwang715 #####
INPUT for vdhankar:
GAME
WHITE
234.441974639893
........
..b.b.b.
.b.b...b
..b...W.
.....w..
w.b.w...
.w...w.w
w.w.w...
##### Running: /usr/bin/time -o time_8_vdhankar_zwang715.txt -f "%U" python3 homework.py > stulog.txt 2>&1 on vdhankar #####
child exited with value 1
##### ERROR: /usr/bin/time -o time_8_vdhankar_zwang715.txt -f "%U" python3 homework.py > stulog.txt 2>&1 on vdhankar #####
##### Output of failed program (stdout + stderr): #####
Traceback (most recent call last):
  File "homework.py", line 546, in <module>
    print(end-start)
NameError: name 'end' is not defined
##### End of output of failed program #####
##### vdhankar plays [J b2 d4] in 0.894183158874512s #####
##### Running: /usr/lib/jvm/jdk-14.0.1/bin/java -jar /lab/itti/projects/checkers-competition/server/referee.jar on run_8_vdhankar_zwang715 #####
Move is valid
##### SUCCESS: /usr/lib/jvm/jdk-14.0.1/bin/java -jar /lab/itti/projects/checkers-competition/server/referee.jar on run_8_vdhankar_zwang715 #####
INPUT for zwang715:
GAME
BLACK
295.98
........
..b.b.b.
.b.b...b
..b...W.
...w.w..
w...w...
.....w.w
w.w.w...
##### Running: /usr/bin/time -o time_8_vdhankar_zwang715.txt -f "%U" python3 homework.py > stulog.txt 2>&1 on zwang715 #####
##### SUCCESS: /usr/bin/time -o time_8_vdhankar_zwang715.txt -f "%U" python3 homework.py > stulog.txt 2>&1 on zwang715 #####
##### zwang715 plays [E g7 f6] in 0.2s #####
##### Running: /usr/lib/jvm/jdk-14.0.1/bin/java -jar /lab/itti/projects/checkers-competition/server/referee.jar on run_8_vdhankar_zwang715 #####
Move is valid
##### SUCCESS: /usr/lib/jvm/jdk-14.0.1/bin/java -jar /lab/itti/projects/checkers-competition/server/referee.jar on run_8_vdhankar_zwang715 #####
INPUT for vdhankar:
GAME
WHITE
233.547791481018
........
..b.b...
.b.b.b.b
..b...W.
...w.w..
w...w...
.....w.w
w.w.w...
##### Running: /usr/bin/time -o time_8_vdhankar_zwang715.txt -f "%U" python3 homework.py > stulog.txt 2>&1 on vdhankar #####
child exited with value 1
##### ERROR: /usr/bin/time -o time_8_vdhankar_zwang715.txt -f "%U" python3 homework.py > stulog.txt 2>&1 on vdhankar #####
##### Output of failed program (stdout + stderr): #####
Traceback (most recent call last):
  File "homework.py", line 546, in <module>
    print(end-start)
NameError: name 'end' is not defined
##### End of output of failed program #####
##### vdhankar plays [E g5 h4] in 1.74949288368225s #####
##### Running: /usr/lib/jvm/jdk-14.0.1/bin/java -jar /lab/itti/projects/checkers-competition/server/referee.jar on run_8_vdhankar_zwang715 #####
Move is valid
##### SUCCESS: /usr/lib/jvm/jdk-14.0.1/bin/java -jar /lab/itti/projects/checkers-competition/server/referee.jar on run_8_vdhankar_zwang715 #####
INPUT for zwang715:
GAME
BLACK
295.78
........
..b.b...
.b.b.b.b
..b.....
...w.w.W
w...w...
.....w.w
w.w.w...
##### Running: /usr/bin/time -o time_8_vdhankar_zwang715.txt -f "%U" python3 homework.py > stulog.txt 2>&1 on zwang715 #####
##### SUCCESS: /usr/bin/time -o time_8_vdhankar_zwang715.txt -f "%U" python3 homework.py > stulog.txt 2>&1 on zwang715 #####
##### zwang715 plays [E d6 e5] in 0.22s #####
##### Running: /usr/lib/jvm/jdk-14.0.1/bin/java -jar /lab/itti/projects/checkers-competition/server/referee.jar on run_8_vdhankar_zwang715 #####
Move is valid
##### SUCCESS: /usr/lib/jvm/jdk-14.0.1/bin/java -jar /lab/itti/projects/checkers-competition/server/referee.jar on run_8_vdhankar_zwang715 #####
INPUT for vdhankar:
GAME
WHITE
231.798298597336
........
..b.b...
.b...b.b
..b.b...
...w.w.W
w...w...
.....w.w
w.w.w...
##### Running: /usr/bin/time -o time_8_vdhankar_zwang715.txt -f "%U" python3 homework.py > stulog.txt 2>&1 on vdhankar #####
child exited with value 1
##### ERROR: /usr/bin/time -o time_8_vdhankar_zwang715.txt -f "%U" python3 homework.py > stulog.txt 2>&1 on vdhankar #####
##### Output of failed program (stdout + stderr): #####
Traceback (most recent call last):
  File "homework.py", line 546, in <module>
    print(end-start)
NameError: name 'end' is not defined
##### End of output of failed program #####
##### vdhankar plays [J f4 d6 ; J d6 b8] in 2.57040596008301s #####
##### Running: /usr/lib/jvm/jdk-14.0.1/bin/java -jar /lab/itti/projects/checkers-competition/server/referee.jar on run_8_vdhankar_zwang715 #####
Move is valid
##### SUCCESS: /usr/lib/jvm/jdk-14.0.1/bin/java -jar /lab/itti/projects/checkers-competition/server/referee.jar on run_8_vdhankar_zwang715 #####
INPUT for zwang715:
GAME
BLACK
295.56
.W......
....b...
.b...b.b
..b.....
...w...W
w...w...
.....w.w
w.w.w...
##### Running: /usr/bin/time -o time_8_vdhankar_zwang715.txt -f "%U" python3 homework.py > stulog.txt 2>&1 on zwang715 #####
##### SUCCESS: /usr/bin/time -o time_8_vdhankar_zwang715.txt -f "%U" python3 homework.py > stulog.txt 2>&1 on zwang715 #####
##### zwang715 plays [E e7 d6] in 0.19s #####
##### Running: /usr/lib/jvm/jdk-14.0.1/bin/java -jar /lab/itti/projects/checkers-competition/server/referee.jar on run_8_vdhankar_zwang715 #####
Move is valid
##### SUCCESS: /usr/lib/jvm/jdk-14.0.1/bin/java -jar /lab/itti/projects/checkers-competition/server/referee.jar on run_8_vdhankar_zwang715 #####
INPUT for vdhankar:
GAME
WHITE
229.227892637253
.W......
........
.b.b.b.b
..b.....
...w...W
w...w...
.....w.w
w.w.w...
##### Running: /usr/bin/time -o time_8_vdhankar_zwang715.txt -f "%U" python3 homework.py > stulog.txt 2>&1 on vdhankar #####
child exited with value 1
##### ERROR: /usr/bin/time -o time_8_vdhankar_zwang715.txt -f "%U" python3 homework.py > stulog.txt 2>&1 on vdhankar #####
##### Output of failed program (stdout + stderr): #####
Traceback (most recent call last):
  File "homework.py", line 546, in <module>
    print(end-start)
NameError: name 'end' is not defined
##### End of output of failed program #####
##### vdhankar plays [E b8 c7] in 4.58379602432251s #####
##### Running: /usr/lib/jvm/jdk-14.0.1/bin/java -jar /lab/itti/projects/checkers-competition/server/referee.jar on run_8_vdhankar_zwang715 #####
Move is valid
##### SUCCESS: /usr/lib/jvm/jdk-14.0.1/bin/java -jar /lab/itti/projects/checkers-competition/server/referee.jar on run_8_vdhankar_zwang715 #####
INPUT for zwang715:
GAME
BLACK
295.37
........
..W.....
.b.b.b.b
..b.....
...w...W
w...w...
.....w.w
w.w.w...
##### Running: /usr/bin/time -o time_8_vdhankar_zwang715.txt -f "%U" python3 homework.py > stulog.txt 2>&1 on zwang715 #####
##### SUCCESS: /usr/bin/time -o time_8_vdhankar_zwang715.txt -f "%U" python3 homework.py > stulog.txt 2>&1 on zwang715 #####
##### zwang715 plays [E d6 e5] in 0.19s #####
##### Running: /usr/lib/jvm/jdk-14.0.1/bin/java -jar /lab/itti/projects/checkers-competition/server/referee.jar on run_8_vdhankar_zwang715 #####
Move is valid
##### SUCCESS: /usr/lib/jvm/jdk-14.0.1/bin/java -jar /lab/itti/projects/checkers-competition/server/referee.jar on run_8_vdhankar_zwang715 #####
INPUT for vdhankar:
GAME
WHITE
224.64409661293
........
..W.....
.b...b.b
..b.b...
...w...W
w...w...
.....w.w
w.w.w...
##### Running: /usr/bin/time -o time_8_vdhankar_zwang715.txt -f "%U" python3 homework.py > stulog.txt 2>&1 on vdhankar #####
child exited with value 1
##### ERROR: /usr/bin/time -o time_8_vdhankar_zwang715.txt -f "%U" python3 homework.py > stulog.txt 2>&1 on vdhankar #####
##### Output of failed program (stdout + stderr): #####
Traceback (most recent call last):
  File "homework.py", line 546, in <module>
    print(end-start)
NameError: name 'end' is not defined
##### End of output of failed program #####
##### vdhankar plays [J c7 a5] in 0.951301097869873s #####
##### Running: /usr/lib/jvm/jdk-14.0.1/bin/java -jar /lab/itti/projects/checkers-competition/server/referee.jar on run_8_vdhankar_zwang715 #####
Move is valid
##### SUCCESS: /usr/lib/jvm/jdk-14.0.1/bin/java -jar /lab/itti/projects/checkers-competition/server/referee.jar on run_8_vdhankar_zwang715 #####
INPUT for zwang715:
GAME
BLACK
295.18
........
........
.....b.b
W.b.b...
...w...W
w...w...
.....w.w
w.w.w...
##### Running: /usr/bin/time -o time_8_vdhankar_zwang715.txt -f "%U" python3 homework.py > stulog.txt 2>&1 on zwang715 #####
##### SUCCESS: /usr/bin/time -o time_8_vdhankar_zwang715.txt -f "%U" python3 homework.py > stulog.txt 2>&1 on zwang715 #####
##### zwang715 plays [J e5 c3] in 0.15s #####
##### Running: /usr/lib/jvm/jdk-14.0.1/bin/java -jar /lab/itti/projects/checkers-competition/server/referee.jar on run_8_vdhankar_zwang715 #####
Move is valid
##### SUCCESS: /usr/lib/jvm/jdk-14.0.1/bin/java -jar /lab/itti/projects/checkers-competition/server/referee.jar on run_8_vdhankar_zwang715 #####
INPUT for vdhankar:
GAME
WHITE
223.69279551506
........
........
.....b.b
W.b.....
.......W
w.b.w...
.....w.w
w.w.w...
##### Running: /usr/bin/time -o time_8_vdhankar_zwang715.txt -f "%U" python3 homework.py > stulog.txt 2>&1 on vdhankar #####
child exited with value 1
##### ERROR: /usr/bin/time -o time_8_vdhankar_zwang715.txt -f "%U" python3 homework.py > stulog.txt 2>&1 on vdhankar #####
##### Output of failed program (stdout + stderr): #####
Traceback (most recent call last):
  File "homework.py", line 546, in <module>
    print(end-start)
NameError: name 'end' is not defined
##### End of output of failed program #####
##### vdhankar plays [E a5 b4] in 3.21814608573914s #####
##### Running: /usr/lib/jvm/jdk-14.0.1/bin/java -jar /lab/itti/projects/checkers-competition/server/referee.jar on run_8_vdhankar_zwang715 #####
Move is valid
##### SUCCESS: /usr/lib/jvm/jdk-14.0.1/bin/java -jar /lab/itti/projects/checkers-competition/server/referee.jar on run_8_vdhankar_zwang715 #####
INPUT for zwang715:
GAME
BLACK
295.03
........
........
.....b.b
..b.....
.W.....W
w.b.w...
.....w.w
w.w.w...
##### Running: /usr/bin/time -o time_8_vdhankar_zwang715.txt -f "%U" python3 homework.py > stulog.txt 2>&1 on zwang715 #####
##### SUCCESS: /usr/bin/time -o time_8_vdhankar_zwang715.txt -f "%U" python3 homework.py > stulog.txt 2>&1 on zwang715 #####
##### zwang715 plays [E f6 e5] in 0.14s #####
##### Running: /usr/lib/jvm/jdk-14.0.1/bin/java -jar /lab/itti/projects/checkers-competition/server/referee.jar on run_8_vdhankar_zwang715 #####
Move is valid
##### SUCCESS: /usr/lib/jvm/jdk-14.0.1/bin/java -jar /lab/itti/projects/checkers-competition/server/referee.jar on run_8_vdhankar_zwang715 #####
INPUT for vdhankar:
GAME
WHITE
220.474649429321
........
........
.......b
..b.b...
.W.....W
w.b.w...
.....w.w
w.w.w...
##### Running: /usr/bin/time -o time_8_vdhankar_zwang715.txt -f "%U" python3 homework.py > stulog.txt 2>&1 on vdhankar #####
child exited with value 1
##### ERROR: /usr/bin/time -o time_8_vdhankar_zwang715.txt -f "%U" python3 homework.py > stulog.txt 2>&1 on vdhankar #####
##### Output of failed program (stdout + stderr): #####
Traceback (most recent call last):
  File "homework.py", line 546, in <module>
    print(end-start)
NameError: name 'end' is not defined
##### End of output of failed program #####
##### vdhankar plays [J b4 d6 ; J d6 f4] in 0.335857152938843s #####
##### Running: /usr/lib/jvm/jdk-14.0.1/bin/java -jar /lab/itti/projects/checkers-competition/server/referee.jar on run_8_vdhankar_zwang715 #####
Move is valid
##### SUCCESS: /usr/lib/jvm/jdk-14.0.1/bin/java -jar /lab/itti/projects/checkers-competition/server/referee.jar on run_8_vdhankar_zwang715 #####
INPUT for zwang715:
GAME
BLACK
294.89
........
........
.......b
........
.....W.W
w.b.w...
.....w.w
w.w.w...
##### Running: /usr/bin/time -o time_8_vdhankar_zwang715.txt -f "%U" python3 homework.py > stulog.txt 2>&1 on zwang715 #####
##### SUCCESS: /usr/bin/time -o time_8_vdhankar_zwang715.txt -f "%U" python3 homework.py > stulog.txt 2>&1 on zwang715 #####
##### zwang715 plays [E c3 d2] in 0.05s #####
##### Running: /usr/lib/jvm/jdk-14.0.1/bin/java -jar /lab/itti/projects/checkers-competition/server/referee.jar on run_8_vdhankar_zwang715 #####
Move is valid
##### SUCCESS: /usr/lib/jvm/jdk-14.0.1/bin/java -jar /lab/itti/projects/checkers-competition/server/referee.jar on run_8_vdhankar_zwang715 #####
INPUT for vdhankar:
GAME
WHITE
220.138792276382
........
........
.......b
........
.....W.W
w...w...
...b.w.w
w.w.w...
##### Running: /usr/bin/time -o time_8_vdhankar_zwang715.txt -f "%U" python3 homework.py > stulog.txt 2>&1 on vdhankar #####
child exited with value 1
##### ERROR: /usr/bin/time -o time_8_vdhankar_zwang715.txt -f "%U" python3 homework.py > stulog.txt 2>&1 on vdhankar #####
##### Output of failed program (stdout + stderr): #####
Traceback (most recent call last):
  File "homework.py", line 546, in <module>
    print(end-start)
NameError: name 'end' is not defined
##### End of output of failed program #####
##### vdhankar plays [J e1 c3] in 0.316148996353149s #####
##### Running: /usr/lib/jvm/jdk-14.0.1/bin/java -jar /lab/itti/projects/checkers-competition/server/referee.jar on run_8_vdhankar_zwang715 #####
Move is valid
##### SUCCESS: /usr/lib/jvm/jdk-14.0.1/bin/java -jar /lab/itti/projects/checkers-competition/server/referee.jar on run_8_vdhankar_zwang715 #####
INPUT for zwang715:
GAME
BLACK
294.84
........
........
.......b
........
.....W.W
w.w.w...
.....w.w
w.w.....
##### Running: /usr/bin/time -o time_8_vdhankar_zwang715.txt -f "%U" python3 homework.py > stulog.txt 2>&1 on zwang715 #####
##### SUCCESS: /usr/bin/time -o time_8_vdhankar_zwang715.txt -f "%U" python3 homework.py > stulog.txt 2>&1 on zwang715 #####
##### zwang715 plays [E h6 g5] in 0.05s #####
##### Running: /usr/lib/jvm/jdk-14.0.1/bin/java -jar /lab/itti/projects/checkers-competition/server/referee.jar on run_8_vdhankar_zwang715 #####
Move is valid
##### SUCCESS: /usr/lib/jvm/jdk-14.0.1/bin/java -jar /lab/itti/projects/checkers-competition/server/referee.jar on run_8_vdhankar_zwang715 #####
INPUT for vdhankar:
GAME
WHITE
219.822643280029
........
........
........
......b.
.....W.W
w.w.w...
.....w.w
w.w.....
##### Running: /usr/bin/time -o time_8_vdhankar_zwang715.txt -f "%U" python3 homework.py > stulog.txt 2>&1 on vdhankar #####
child exited with value 1
##### ERROR: /usr/bin/time -o time_8_vdhankar_zwang715.txt -f "%U" python3 homework.py > stulog.txt 2>&1 on vdhankar #####
##### Output of failed program (stdout + stderr): #####
Traceback (most recent call last):
  File "homework.py", line 546, in <module>
    print(end-start)
NameError: name 'end' is not defined
##### End of output of failed program #####
##### vdhankar plays [J f4 h6] in 0.345627069473267s #####
##### Running: /usr/lib/jvm/jdk-14.0.1/bin/java -jar /lab/itti/projects/checkers-competition/server/referee.jar on run_8_vdhankar_zwang715 #####
Move is valid
After this move, player BLACK cannot make any moves
*** Winner: WHITE ***
##### SUCCESS: /usr/lib/jvm/jdk-14.0.1/bin/java -jar /lab/itti/projects/checkers-competition/server/referee.jar on run_8_vdhankar_zwang715 #####
##### GAME OVER: vdhankar wins the game! #####
Server said: WIN
########## ROUND 8 GAMESCORE AFTER GAME 3: vdhankar=3 and zwang715=0 ##########
#################### ROUND 8: vdhankar (B) vs zwang715 (W): game 4 ####################
##### game start! #####
INPUT for vdhankar:
GAME
BLACK
300
.b.b.b.b
b.b.b.b.
.b.b.b.b
........
........
w.w.w.w.
.w.w.w.w
w.w.w.w.
##### Running: /usr/bin/time -o time_8_vdhankar_zwang715.txt -f "%U" python3 homework.py > stulog.txt 2>&1 on vdhankar #####
child exited with value 1
##### ERROR: /usr/bin/time -o time_8_vdhankar_zwang715.txt -f "%U" python3 homework.py > stulog.txt 2>&1 on vdhankar #####
##### Output of failed program (stdout + stderr): #####
Traceback (most recent call last):
  File "homework.py", line 546, in <module>
    print(end-start)
NameError: name 'end' is not defined
##### End of output of failed program #####
##### vdhankar plays [E h6 g5] in 11.5289099216461s #####
##### Running: /usr/lib/jvm/jdk-14.0.1/bin/java -jar /lab/itti/projects/checkers-competition/server/referee.jar on run_8_vdhankar_zwang715 #####
Move is valid
Couldn't read file 'current_ply.txt'
Couldn't read content from file 'current_ply.txt'
Couldn't read file 'lastmatchange_ply.txt'
Couldn't read content from file 'lastmatchange_ply.txt'
##### SUCCESS: /usr/lib/jvm/jdk-14.0.1/bin/java -jar /lab/itti/projects/checkers-competition/server/referee.jar on run_8_vdhankar_zwang715 #####
INPUT for zwang715:
GAME
WHITE
300
.b.b.b.b
b.b.b.b.
.b.b.b..
......b.
........
w.w.w.w.
.w.w.w.w
w.w.w.w.
##### Running: /usr/bin/time -o time_8_vdhankar_zwang715.txt -f "%U" python3 homework.py > stulog.txt 2>&1 on zwang715 #####
##### SUCCESS: /usr/bin/time -o time_8_vdhankar_zwang715.txt -f "%U" python3 homework.py > stulog.txt 2>&1 on zwang715 #####
##### zwang715 plays [E a3 b4] in 0.3s #####
##### Running: /usr/lib/jvm/jdk-14.0.1/bin/java -jar /lab/itti/projects/checkers-competition/server/referee.jar on run_8_vdhankar_zwang715 #####
Move is valid
##### SUCCESS: /usr/lib/jvm/jdk-14.0.1/bin/java -jar /lab/itti/projects/checkers-competition/server/referee.jar on run_8_vdhankar_zwang715 #####
INPUT for vdhankar:
GAME
BLACK
288.471090078354
.b.b.b.b
b.b.b.b.
.b.b.b..
......b.
.w......
..w.w.w.
.w.w.w.w
w.w.w.w.
##### Running: /usr/bin/time -o time_8_vdhankar_zwang715.txt -f "%U" python3 homework.py > stulog.txt 2>&1 on vdhankar #####
child exited with value 1
##### ERROR: /usr/bin/time -o time_8_vdhankar_zwang715.txt -f "%U" python3 homework.py > stulog.txt 2>&1 on vdhankar #####
##### Output of failed program (stdout + stderr): #####
Traceback (most recent call last):
  File "homework.py", line 546, in <module>
    print(end-start)
NameError: name 'end' is not defined
##### End of output of failed program #####
##### vdhankar plays [E g5 h4] in 10.0324039459229s #####
##### Running: /usr/lib/jvm/jdk-14.0.1/bin/java -jar /lab/itti/projects/checkers-competition/server/referee.jar on run_8_vdhankar_zwang715 #####
Move is valid
##### SUCCESS: /usr/lib/jvm/jdk-14.0.1/bin/java -jar /lab/itti/projects/checkers-competition/server/referee.jar on run_8_vdhankar_zwang715 #####
INPUT for zwang715:
GAME
WHITE
299.7
.b.b.b.b
b.b.b.b.
.b.b.b..
........
.w.....b
..w.w.w.
.w.w.w.w
w.w.w.w.
##### Running: /usr/bin/time -o time_8_vdhankar_zwang715.txt -f "%U" python3 homework.py > stulog.txt 2>&1 on zwang715 #####
##### SUCCESS: /usr/bin/time -o time_8_vdhankar_zwang715.txt -f "%U" python3 homework.py > stulog.txt 2>&1 on zwang715 #####
##### zwang715 plays [E b4 a5] in 0.28s #####
##### Running: /usr/lib/jvm/jdk-14.0.1/bin/java -jar /lab/itti/projects/checkers-competition/server/referee.jar on run_8_vdhankar_zwang715 #####
Move is valid
##### SUCCESS: /usr/lib/jvm/jdk-14.0.1/bin/java -jar /lab/itti/projects/checkers-competition/server/referee.jar on run_8_vdhankar_zwang715 #####
INPUT for vdhankar:
GAME
BLACK
278.438686132431
.b.b.b.b
b.b.b.b.
.b.b.b..
w.......
.......b
..w.w.w.
.w.w.w.w
w.w.w.w.
##### Running: /usr/bin/time -o time_8_vdhankar_zwang715.txt -f "%U" python3 homework.py > stulog.txt 2>&1 on vdhankar #####
child exited with value 1
##### ERROR: /usr/bin/time -o time_8_vdhankar_zwang715.txt -f "%U" python3 homework.py > stulog.txt 2>&1 on vdhankar #####
##### Output of failed program (stdout + stderr): #####
Traceback (most recent call last):
  File "homework.py", line 546, in <module>
    print(end-start)
NameError: name 'end' is not defined
##### End of output of failed program #####
##### vdhankar plays [E d6 e5] in 8.18931412696838s #####
##### Running: /usr/lib/jvm/jdk-14.0.1/bin/java -jar /lab/itti/projects/checkers-competition/server/referee.jar on run_8_vdhankar_zwang715 #####
Move is valid
##### SUCCESS: /usr/lib/jvm/jdk-14.0.1/bin/java -jar /lab/itti/projects/checkers-competition/server/referee.jar on run_8_vdhankar_zwang715 #####
INPUT for zwang715:
GAME
WHITE
299.42
.b.b.b.b
b.b.b.b.
.b...b..
w...b...
.......b
..w.w.w.
.w.w.w.w
w.w.w.w.
##### Running: /usr/bin/time -o time_8_vdhankar_zwang715.txt -f "%U" python3 homework.py > stulog.txt 2>&1 on zwang715 #####
##### SUCCESS: /usr/bin/time -o time_8_vdhankar_zwang715.txt -f "%U" python3 homework.py > stulog.txt 2>&1 on zwang715 #####
##### zwang715 plays [E c3 b4] in 0.31s #####
##### Running: /usr/lib/jvm/jdk-14.0.1/bin/java -jar /lab/itti/projects/checkers-competition/server/referee.jar on run_8_vdhankar_zwang715 #####
Move is valid
##### SUCCESS: /usr/lib/jvm/jdk-14.0.1/bin/java -jar /lab/itti/projects/checkers-competition/server/referee.jar on run_8_vdhankar_zwang715 #####
INPUT for vdhankar:
GAME
BLACK
270.249372005463
.b.b.b.b
b.b.b.b.
.b...b..
w...b...
.w.....b
....w.w.
.w.w.w.w
w.w.w.w.
##### Running: /usr/bin/time -o time_8_vdhankar_zwang715.txt -f "%U" python3 homework.py > stulog.txt 2>&1 on vdhankar #####
child exited with value 1
##### ERROR: /usr/bin/time -o time_8_vdhankar_zwang715.txt -f "%U" python3 homework.py > stulog.txt 2>&1 on vdhankar #####
##### Output of failed program (stdout + stderr): #####
Traceback (most recent call last):
  File "homework.py", line 546, in <module>
    print(end-start)
NameError: name 'end' is not defined
##### End of output of failed program #####
##### vdhankar plays [E e7 d6] in 3.8289201259613s #####
##### Running: /usr/lib/jvm/jdk-14.0.1/bin/java -jar /lab/itti/projects/checkers-competition/server/referee.jar on run_8_vdhankar_zwang715 #####
Move is valid
##### SUCCESS: /usr/lib/jvm/jdk-14.0.1/bin/java -jar /lab/itti/projects/checkers-competition/server/referee.jar on run_8_vdhankar_zwang715 #####
INPUT for zwang715:
GAME
WHITE
299.11
.b.b.b.b
b.b...b.
.b.b.b..
w...b...
.w.....b
....w.w.
.w.w.w.w
w.w.w.w.
##### Running: /usr/bin/time -o time_8_vdhankar_zwang715.txt -f "%U" python3 homework.py > stulog.txt 2>&1 on zwang715 #####
##### SUCCESS: /usr/bin/time -o time_8_vdhankar_zwang715.txt -f "%U" python3 homework.py > stulog.txt 2>&1 on zwang715 #####
##### zwang715 plays [E e3 d4] in 0.37s #####
##### Running: /usr/lib/jvm/jdk-14.0.1/bin/java -jar /lab/itti/projects/checkers-competition/server/referee.jar on run_8_vdhankar_zwang715 #####
Move is valid
##### SUCCESS: /usr/lib/jvm/jdk-14.0.1/bin/java -jar /lab/itti/projects/checkers-competition/server/referee.jar on run_8_vdhankar_zwang715 #####
INPUT for vdhankar:
GAME
BLACK
266.420451879501
.b.b.b.b
b.b...b.
.b.b.b..
w...b...
.w.w...b
......w.
.w.w.w.w
w.w.w.w.
##### Running: /usr/bin/time -o time_8_vdhankar_zwang715.txt -f "%U" python3 homework.py > stulog.txt 2>&1 on vdhankar #####
child exited with value 1
##### ERROR: /usr/bin/time -o time_8_vdhankar_zwang715.txt -f "%U" python3 homework.py > stulog.txt 2>&1 on vdhankar #####
##### Output of failed program (stdout + stderr): #####
Traceback (most recent call last):
  File "homework.py", line 546, in <module>
    print(end-start)
NameError: name 'end' is not defined
##### End of output of failed program #####
##### vdhankar plays [J e5 c3] in 1.38757920265198s #####
##### Running: /usr/lib/jvm/jdk-14.0.1/bin/java -jar /lab/itti/projects/checkers-competition/server/referee.jar on run_8_vdhankar_zwang715 #####
Move is valid
##### SUCCESS: /usr/lib/jvm/jdk-14.0.1/bin/java -jar /lab/itti/projects/checkers-competition/server/referee.jar on run_8_vdhankar_zwang715 #####
INPUT for zwang715:
GAME
WHITE
298.74
.b.b.b.b
b.b...b.
.b.b.b..
w.......
.w.....b
..b...w.
.w.w.w.w
w.w.w.w.
##### Running: /usr/bin/time -o time_8_vdhankar_zwang715.txt -f "%U" python3 homework.py > stulog.txt 2>&1 on zwang715 #####
##### SUCCESS: /usr/bin/time -o time_8_vdhankar_zwang715.txt -f "%U" python3 homework.py > stulog.txt 2>&1 on zwang715 #####
##### zwang715 plays [J b2 d4] in 0.36s #####
##### Running: /usr/lib/jvm/jdk-14.0.1/bin/java -jar /lab/itti/projects/checkers-competition/server/referee.jar on run_8_vdhankar_zwang715 #####
Move is valid
##### SUCCESS: /usr/lib/jvm/jdk-14.0.1/bin/java -jar /lab/itti/projects/checkers-competition/server/referee.jar on run_8_vdhankar_zwang715 #####
INPUT for vdhankar:
GAME
BLACK
265.032872676849
.b.b.b.b
b.b...b.
.b.b.b..
w.......
.w.w...b
......w.
...w.w.w
w.w.w.w.
##### Running: /usr/bin/time -o time_8_vdhankar_zwang715.txt -f "%U" python3 homework.py > stulog.txt 2>&1 on vdhankar #####
child exited with value 1
##### ERROR: /usr/bin/time -o time_8_vdhankar_zwang715.txt -f "%U" python3 homework.py > stulog.txt 2>&1 on vdhankar #####
##### Output of failed program (stdout + stderr): #####
Traceback (most recent call last):
  File "homework.py", line 546, in <module>
    print(end-start)
NameError: name 'end' is not defined
##### End of output of failed program #####
##### vdhankar plays [E b6 c5] in 9.0195779800415s #####
##### Running: /usr/lib/jvm/jdk-14.0.1/bin/java -jar /lab/itti/projects/checkers-competition/server/referee.jar on run_8_vdhankar_zwang715 #####
Move is valid
##### SUCCESS: /usr/lib/jvm/jdk-14.0.1/bin/java -jar /lab/itti/projects/checkers-competition/server/referee.jar on run_8_vdhankar_zwang715 #####
INPUT for zwang715:
GAME
WHITE
298.38
.b.b.b.b
b.b...b.
...b.b..
w.b.....
.w.w...b
......w.
...w.w.w
w.w.w.w.
##### Running: /usr/bin/time -o time_8_vdhankar_zwang715.txt -f "%U" python3 homework.py > stulog.txt 2>&1 on zwang715 #####
##### SUCCESS: /usr/bin/time -o time_8_vdhankar_zwang715.txt -f "%U" python3 homework.py > stulog.txt 2>&1 on zwang715 #####
##### zwang715 plays [J d4 b6] in 0.36s #####
##### Running: /usr/lib/jvm/jdk-14.0.1/bin/java -jar /lab/itti/projects/checkers-competition/server/referee.jar on run_8_vdhankar_zwang715 #####
Move is valid
##### SUCCESS: /usr/lib/jvm/jdk-14.0.1/bin/java -jar /lab/itti/projects/checkers-competition/server/referee.jar on run_8_vdhankar_zwang715 #####
INPUT for vdhankar:
GAME
BLACK
256.013294696808
.b.b.b.b
b.b...b.
.w.b.b..
w.......
.w.....b
......w.
...w.w.w
w.w.w.w.
##### Running: /usr/bin/time -o time_8_vdhankar_zwang715.txt -f "%U" python3 homework.py > stulog.txt 2>&1 on vdhankar #####
child exited with value 1
##### ERROR: /usr/bin/time -o time_8_vdhankar_zwang715.txt -f "%U" python3 homework.py > stulog.txt 2>&1 on vdhankar #####
##### Output of failed program (stdout + stderr): #####
Traceback (most recent call last):
  File "homework.py", line 546, in <module>
    print(end-start)
NameError: name 'end' is not defined
##### End of output of failed program #####
##### vdhankar plays [J a7 c5 ; J c5 a3] in 8.34259510040283s #####
##### Running: /usr/lib/jvm/jdk-14.0.1/bin/java -jar /lab/itti/projects/checkers-competition/server/referee.jar on run_8_vdhankar_zwang715 #####
Move is valid
##### SUCCESS: /usr/lib/jvm/jdk-14.0.1/bin/java -jar /lab/itti/projects/checkers-competition/server/referee.jar on run_8_vdhankar_zwang715 #####
INPUT for zwang715:
GAME
WHITE
298.02
.b.b.b.b
..b...b.
...b.b..
w.......
.......b
b.....w.
...w.w.w
w.w.w.w.
##### Running: /usr/bin/time -o time_8_vdhankar_zwang715.txt -f "%U" python3 homework.py > stulog.txt 2>&1 on zwang715 #####
##### SUCCESS: /usr/bin/time -o time_8_vdhankar_zwang715.txt -f "%U" python3 homework.py > stulog.txt 2>&1 on zwang715 #####
##### zwang715 plays [E g3 f4] in 0.36s #####
##### Running: /usr/lib/jvm/jdk-14.0.1/bin/java -jar /lab/itti/projects/checkers-competition/server/referee.jar on run_8_vdhankar_zwang715 #####
Move is valid
##### SUCCESS: /usr/lib/jvm/jdk-14.0.1/bin/java -jar /lab/itti/projects/checkers-competition/server/referee.jar on run_8_vdhankar_zwang715 #####
INPUT for vdhankar:
GAME
BLACK
247.670699596405
.b.b.b.b
..b...b.
...b.b..
w.......
.....w.b
b.......
...w.w.w
w.w.w.w.
##### Running: /usr/bin/time -o time_8_vdhankar_zwang715.txt -f "%U" python3 homework.py > stulog.txt 2>&1 on vdhankar #####
child exited with value 1
##### ERROR: /usr/bin/time -o time_8_vdhankar_zwang715.txt -f "%U" python3 homework.py > stulog.txt 2>&1 on vdhankar #####
##### Output of failed program (stdout + stderr): #####
Traceback (most recent call last):
  File "homework.py", line 546, in <module>
    print(end-start)
NameError: name 'end' is not defined
##### End of output of failed program #####
##### vdhankar plays [E h4 g3] in 34.3582410812378s #####
##### Running: /usr/lib/jvm/jdk-14.0.1/bin/java -jar /lab/itti/projects/checkers-competition/server/referee.jar on run_8_vdhankar_zwang715 #####
Move is valid
##### SUCCESS: /usr/lib/jvm/jdk-14.0.1/bin/java -jar /lab/itti/projects/checkers-competition/server/referee.jar on run_8_vdhankar_zwang715 #####
INPUT for zwang715:
GAME
WHITE
297.66
.b.b.b.b
..b...b.
...b.b..
w.......
.....w..
b.....b.
...w.w.w
w.w.w.w.
##### Running: /usr/bin/time -o time_8_vdhankar_zwang715.txt -f "%U" python3 homework.py > stulog.txt 2>&1 on zwang715 #####
##### SUCCESS: /usr/bin/time -o time_8_vdhankar_zwang715.txt -f "%U" python3 homework.py > stulog.txt 2>&1 on zwang715 #####
##### zwang715 plays [J f2 h4] in 0.39s #####
##### Running: /usr/lib/jvm/jdk-14.0.1/bin/java -jar /lab/itti/projects/checkers-competition/server/referee.jar on run_8_vdhankar_zwang715 #####
Move is valid
##### SUCCESS: /usr/lib/jvm/jdk-14.0.1/bin/java -jar /lab/itti/projects/checkers-competition/server/referee.jar on run_8_vdhankar_zwang715 #####
INPUT for vdhankar:
GAME
BLACK
213.312458515167
.b.b.b.b
..b...b.
...b.b..
w.......
.....w.w
b.......
...w...w
w.w.w.w.
##### Running: /usr/bin/time -o time_8_vdhankar_zwang715.txt -f "%U" python3 homework.py > stulog.txt 2>&1 on vdhankar #####
child exited with value 1
##### ERROR: /usr/bin/time -o time_8_vdhankar_zwang715.txt -f "%U" python3 homework.py > stulog.txt 2>&1 on vdhankar #####
##### Output of failed program (stdout + stderr): #####
Traceback (most recent call last):
  File "homework.py", line 546, in <module>
    print(end-start)
NameError: name 'end' is not defined
##### End of output of failed program #####
##### vdhankar plays [E a3 b2] in 59.6992681026459s #####
##### Running: /usr/lib/jvm/jdk-14.0.1/bin/java -jar /lab/itti/projects/checkers-competition/server/referee.jar on run_8_vdhankar_zwang715 #####
Move is valid
##### SUCCESS: /usr/lib/jvm/jdk-14.0.1/bin/java -jar /lab/itti/projects/checkers-competition/server/referee.jar on run_8_vdhankar_zwang715 #####
INPUT for zwang715:
GAME
WHITE
297.27
.b.b.b.b
..b...b.
...b.b..
w.......
.....w.w
........
.b.w...w
w.w.w.w.
##### Running: /usr/bin/time -o time_8_vdhankar_zwang715.txt -f "%U" python3 homework.py > stulog.txt 2>&1 on zwang715 #####
##### SUCCESS: /usr/bin/time -o time_8_vdhankar_zwang715.txt -f "%U" python3 homework.py > stulog.txt 2>&1 on zwang715 #####
##### zwang715 plays [J a1 c3] in 0.39s #####
##### Running: /usr/lib/jvm/jdk-14.0.1/bin/java -jar /lab/itti/projects/checkers-competition/server/referee.jar on run_8_vdhankar_zwang715 #####
Move is valid
##### SUCCESS: /usr/lib/jvm/jdk-14.0.1/bin/java -jar /lab/itti/projects/checkers-competition/server/referee.jar on run_8_vdhankar_zwang715 #####
INPUT for vdhankar:
GAME
BLACK
153.613190412521
.b.b.b.b
..b...b.
...b.b..
w.......
.....w.w
..w.....
...w...w
..w.w.w.
##### Running: /usr/bin/time -o time_8_vdhankar_zwang715.txt -f "%U" python3 homework.py > stulog.txt 2>&1 on vdhankar #####
child exited with value 1
##### ERROR: /usr/bin/time -o time_8_vdhankar_zwang715.txt -f "%U" python3 homework.py > stulog.txt 2>&1 on vdhankar #####
##### Output of failed program (stdout + stderr): #####
Traceback (most recent call last):
  File "homework.py", line 546, in <module>
    print(end-start)
NameError: name 'end' is not defined
##### End of output of failed program #####
##### vdhankar plays [E d6 e5] in 46.5075778961182s #####
##### Running: /usr/lib/jvm/jdk-14.0.1/bin/java -jar /lab/itti/projects/checkers-competition/server/referee.jar on run_8_vdhankar_zwang715 #####
Move is valid
##### SUCCESS: /usr/lib/jvm/jdk-14.0.1/bin/java -jar /lab/itti/projects/checkers-competition/server/referee.jar on run_8_vdhankar_zwang715 #####
INPUT for zwang715:
GAME
WHITE
296.88
.b.b.b.b
..b...b.
.....b..
w...b...
.....w.w
..w.....
...w...w
..w.w.w.
##### Running: /usr/bin/time -o time_8_vdhankar_zwang715.txt -f "%U" python3 homework.py > stulog.txt 2>&1 on zwang715 #####
##### SUCCESS: /usr/bin/time -o time_8_vdhankar_zwang715.txt -f "%U" python3 homework.py > stulog.txt 2>&1 on zwang715 #####
##### zwang715 plays [J f4 d6] in 0.46s #####
##### Running: /usr/lib/jvm/jdk-14.0.1/bin/java -jar /lab/itti/projects/checkers-competition/server/referee.jar on run_8_vdhankar_zwang715 #####
Move is valid
##### SUCCESS: /usr/lib/jvm/jdk-14.0.1/bin/java -jar /lab/itti/projects/checkers-competition/server/referee.jar on run_8_vdhankar_zwang715 #####
INPUT for vdhankar:
GAME
BLACK
107.105612516403
.b.b.b.b
..b...b.
...w.b..
w.......
.......w
..w.....
...w...w
..w.w.w.
##### Running: /usr/bin/time -o time_8_vdhankar_zwang715.txt -f "%U" python3 homework.py > stulog.txt 2>&1 on vdhankar #####
child exited with value 1
##### ERROR: /usr/bin/time -o time_8_vdhankar_zwang715.txt -f "%U" python3 homework.py > stulog.txt 2>&1 on vdhankar #####
##### Output of failed program (stdout + stderr): #####
Traceback (most recent call last):
  File "homework.py", line 546, in <module>
    print(end-start)
NameError: name 'end' is not defined
##### End of output of failed program #####
##### vdhankar plays [J c7 e5] in 19.2676548957825s #####
##### Running: /usr/lib/jvm/jdk-14.0.1/bin/java -jar /lab/itti/projects/checkers-competition/server/referee.jar on run_8_vdhankar_zwang715 #####
Move is valid
##### SUCCESS: /usr/lib/jvm/jdk-14.0.1/bin/java -jar /lab/itti/projects/checkers-competition/server/referee.jar on run_8_vdhankar_zwang715 #####
INPUT for zwang715:
GAME
WHITE
296.42
.b.b.b.b
......b.
.....b..
w...b...
.......w
..w.....
...w...w
..w.w.w.
##### Running: /usr/bin/time -o time_8_vdhankar_zwang715.txt -f "%U" python3 homework.py > stulog.txt 2>&1 on zwang715 #####
##### SUCCESS: /usr/bin/time -o time_8_vdhankar_zwang715.txt -f "%U" python3 homework.py > stulog.txt 2>&1 on zwang715 #####
##### zwang715 plays [E a5 b6] in 0.26s #####
##### Running: /usr/lib/jvm/jdk-14.0.1/bin/java -jar /lab/itti/projects/checkers-competition/server/referee.jar on run_8_vdhankar_zwang715 #####
Move is valid
##### SUCCESS: /usr/lib/jvm/jdk-14.0.1/bin/java -jar /lab/itti/projects/checkers-competition/server/referee.jar on run_8_vdhankar_zwang715 #####
INPUT for vdhankar:
GAME
BLACK
87.8379576206207
.b.b.b.b
......b.
.w...b..
....b...
.......w
..w.....
...w...w
..w.w.w.
##### Running: /usr/bin/time -o time_8_vdhankar_zwang715.txt -f "%U" python3 homework.py > stulog.txt 2>&1 on vdhankar #####
child exited with value 1
##### ERROR: /usr/bin/time -o time_8_vdhankar_zwang715.txt -f "%U" python3 homework.py > stulog.txt 2>&1 on vdhankar #####
##### Output of failed program (stdout + stderr): #####
Traceback (most recent call last):
  File "homework.py", line 546, in <module>
    print(end-start)
NameError: name 'end' is not defined
##### End of output of failed program #####
##### vdhankar plays [E b8 a7] in 11.0619070529938s #####
##### Running: /usr/lib/jvm/jdk-14.0.1/bin/java -jar /lab/itti/projects/checkers-competition/server/referee.jar on run_8_vdhankar_zwang715 #####
Move is valid
##### SUCCESS: /usr/lib/jvm/jdk-14.0.1/bin/java -jar /lab/itti/projects/checkers-competition/server/referee.jar on run_8_vdhankar_zwang715 #####
INPUT for zwang715:
GAME
WHITE
296.16
...b.b.b
b.....b.
.w...b..
....b...
.......w
..w.....
...w...w
..w.w.w.
##### Running: /usr/bin/time -o time_8_vdhankar_zwang715.txt -f "%U" python3 homework.py > stulog.txt 2>&1 on zwang715 #####
##### SUCCESS: /usr/bin/time -o time_8_vdhankar_zwang715.txt -f "%U" python3 homework.py > stulog.txt 2>&1 on zwang715 #####
##### zwang715 plays [E h4 g5] in 0.25s #####
##### Running: /usr/lib/jvm/jdk-14.0.1/bin/java -jar /lab/itti/projects/checkers-competition/server/referee.jar on run_8_vdhankar_zwang715 #####
Move is valid
##### SUCCESS: /usr/lib/jvm/jdk-14.0.1/bin/java -jar /lab/itti/projects/checkers-competition/server/referee.jar on run_8_vdhankar_zwang715 #####
INPUT for vdhankar:
GAME
BLACK
76.776050567627
...b.b.b
b.....b.
.w...b..
....b.w.
........
..w.....
...w...w
..w.w.w.
##### Running: /usr/bin/time -o time_8_vdhankar_zwang715.txt -f "%U" python3 homework.py > stulog.txt 2>&1 on vdhankar #####
child exited with value 1
##### ERROR: /usr/bin/time -o time_8_vdhankar_zwang715.txt -f "%U" python3 homework.py > stulog.txt 2>&1 on vdhankar #####
##### Output of failed program (stdout + stderr): #####
Traceback (most recent call last):
  File "homework.py", line 546, in <module>
    print(end-start)
NameError: name 'end' is not defined
##### End of output of failed program #####
##### vdhankar plays [J f6 h4] in 1.83489012718201s #####
##### Running: /usr/lib/jvm/jdk-14.0.1/bin/java -jar /lab/itti/projects/checkers-competition/server/referee.jar on run_8_vdhankar_zwang715 #####
Move is valid
##### SUCCESS: /usr/lib/jvm/jdk-14.0.1/bin/java -jar /lab/itti/projects/checkers-competition/server/referee.jar on run_8_vdhankar_zwang715 #####
INPUT for zwang715:
GAME
WHITE
295.91
...b.b.b
b.....b.
.w......
....b...
.......b
..w.....
...w...w
..w.w.w.
##### Running: /usr/bin/time -o time_8_vdhankar_zwang715.txt -f "%U" python3 homework.py > stulog.txt 2>&1 on zwang715 #####
##### SUCCESS: /usr/bin/time -o time_8_vdhankar_zwang715.txt -f "%U" python3 homework.py > stulog.txt 2>&1 on zwang715 #####
##### zwang715 plays [E c3 b4] in 0.22s #####
##### Running: /usr/lib/jvm/jdk-14.0.1/bin/java -jar /lab/itti/projects/checkers-competition/server/referee.jar on run_8_vdhankar_zwang715 #####
Move is valid
##### SUCCESS: /usr/lib/jvm/jdk-14.0.1/bin/java -jar /lab/itti/projects/checkers-competition/server/referee.jar on run_8_vdhankar_zwang715 #####
INPUT for vdhankar:
GAME
BLACK
74.9411604404449
...b.b.b
b.....b.
.w......
....b...
.w.....b
........
...w...w
..w.w.w.
##### Running: /usr/bin/time -o time_8_vdhankar_zwang715.txt -f "%U" python3 homework.py > stulog.txt 2>&1 on vdhankar #####
child exited with value 1
##### ERROR: /usr/bin/time -o time_8_vdhankar_zwang715.txt -f "%U" python3 homework.py > stulog.txt 2>&1 on vdhankar #####
##### Output of failed program (stdout + stderr): #####
Traceback (most recent call last):
  File "homework.py", line 546, in <module>
    print(end-start)
NameError: name 'end' is not defined
##### End of output of failed program #####
##### vdhankar plays [J a7 c5 ; J c5 a3] in 2.5607898235321s #####
##### Running: /usr/lib/jvm/jdk-14.0.1/bin/java -jar /lab/itti/projects/checkers-competition/server/referee.jar on run_8_vdhankar_zwang715 #####
Move is valid
##### SUCCESS: /usr/lib/jvm/jdk-14.0.1/bin/java -jar /lab/itti/projects/checkers-competition/server/referee.jar on run_8_vdhankar_zwang715 #####
INPUT for zwang715:
GAME
WHITE
295.69
...b.b.b
......b.
........
....b...
.......b
b.......
...w...w
..w.w.w.
##### Running: /usr/bin/time -o time_8_vdhankar_zwang715.txt -f "%U" python3 homework.py > stulog.txt 2>&1 on zwang715 #####
##### SUCCESS: /usr/bin/time -o time_8_vdhankar_zwang715.txt -f "%U" python3 homework.py > stulog.txt 2>&1 on zwang715 #####
##### zwang715 plays [E d2 c3] in 0.13s #####
##### Running: /usr/lib/jvm/jdk-14.0.1/bin/java -jar /lab/itti/projects/checkers-competition/server/referee.jar on run_8_vdhankar_zwang715 #####
Move is valid
##### SUCCESS: /usr/lib/jvm/jdk-14.0.1/bin/java -jar /lab/itti/projects/checkers-competition/server/referee.jar on run_8_vdhankar_zwang715 #####
INPUT for vdhankar:
GAME
BLACK
72.3803706169128
...b.b.b
......b.
........
....b...
.......b
b.w.....
.......w
..w.w.w.
##### Running: /usr/bin/time -o time_8_vdhankar_zwang715.txt -f "%U" python3 homework.py > stulog.txt 2>&1 on vdhankar #####
child exited with value 1
##### ERROR: /usr/bin/time -o time_8_vdhankar_zwang715.txt -f "%U" python3 homework.py > stulog.txt 2>&1 on vdhankar #####
##### Output of failed program (stdout + stderr): #####
Traceback (most recent call last):
  File "homework.py", line 546, in <module>
    print(end-start)
NameError: name 'end' is not defined
##### End of output of failed program #####
##### vdhankar plays [E g7 h6] in 13.8217489719391s #####
##### Running: /usr/lib/jvm/jdk-14.0.1/bin/java -jar /lab/itti/projects/checkers-competition/server/referee.jar on run_8_vdhankar_zwang715 #####
Move is valid
##### SUCCESS: /usr/lib/jvm/jdk-14.0.1/bin/java -jar /lab/itti/projects/checkers-competition/server/referee.jar on run_8_vdhankar_zwang715 #####
INPUT for zwang715:
GAME
WHITE
295.56
...b.b.b
........
.......b
....b...
.......b
b.w.....
.......w
..w.w.w.
##### Running: /usr/bin/time -o time_8_vdhankar_zwang715.txt -f "%U" python3 homework.py > stulog.txt 2>&1 on zwang715 #####
##### SUCCESS: /usr/bin/time -o time_8_vdhankar_zwang715.txt -f "%U" python3 homework.py > stulog.txt 2>&1 on zwang715 #####
##### zwang715 plays [E c3 b4] in 0.2s #####
##### Running: /usr/lib/jvm/jdk-14.0.1/bin/java -jar /lab/itti/projects/checkers-competition/server/referee.jar on run_8_vdhankar_zwang715 #####
Move is valid
##### SUCCESS: /usr/lib/jvm/jdk-14.0.1/bin/java -jar /lab/itti/projects/checkers-competition/server/referee.jar on run_8_vdhankar_zwang715 #####
INPUT for vdhankar:
GAME
BLACK
58.5586216449738
...b.b.b
........
.......b
....b...
.w.....b
b.......
.......w
..w.w.w.
##### Running: /usr/bin/time -o time_8_vdhankar_zwang715.txt -f "%U" python3 homework.py > stulog.txt 2>&1 on vdhankar #####
child exited with value 1
##### ERROR: /usr/bin/time -o time_8_vdhankar_zwang715.txt -f "%U" python3 homework.py > stulog.txt 2>&1 on vdhankar #####
##### Output of failed program (stdout + stderr): #####
Traceback (most recent call last):
  File "homework.py", line 546, in <module>
    print(end-start)
NameError: name 'end' is not defined
##### End of output of failed program #####
##### vdhankar plays [E h8 g7] in 8.80364084243774s #####
##### Running: /usr/lib/jvm/jdk-14.0.1/bin/java -jar /lab/itti/projects/checkers-competition/server/referee.jar on run_8_vdhankar_zwang715 #####
Move is valid
##### SUCCESS: /usr/lib/jvm/jdk-14.0.1/bin/java -jar /lab/itti/projects/checkers-competition/server/referee.jar on run_8_vdhankar_zwang715 #####
INPUT for zwang715:
GAME
WHITE
295.36
...b.b..
......b.
.......b
....b...
.w.....b
b.......
.......w
..w.w.w.
##### Running: /usr/bin/time -o time_8_vdhankar_zwang715.txt -f "%U" python3 homework.py > stulog.txt 2>&1 on zwang715 #####
##### SUCCESS: /usr/bin/time -o time_8_vdhankar_zwang715.txt -f "%U" python3 homework.py > stulog.txt 2>&1 on zwang715 #####
##### zwang715 plays [E b4 a5] in 0.17s #####
##### Running: /usr/lib/jvm/jdk-14.0.1/bin/java -jar /lab/itti/projects/checkers-competition/server/referee.jar on run_8_vdhankar_zwang715 #####
Move is valid
##### SUCCESS: /usr/lib/jvm/jdk-14.0.1/bin/java -jar /lab/itti/projects/checkers-competition/server/referee.jar on run_8_vdhankar_zwang715 #####
INPUT for vdhankar:
GAME
BLACK
49.754980802536
...b.b..
......b.
.......b
w...b...
.......b
b.......
.......w
..w.w.w.
##### Running: /usr/bin/time -o time_8_vdhankar_zwang715.txt -f "%U" python3 homework.py > stulog.txt 2>&1 on vdhankar #####
child exited with value 1
##### ERROR: /usr/bin/time -o time_8_vdhankar_zwang715.txt -f "%U" python3 homework.py > stulog.txt 2>&1 on vdhankar #####
##### Output of failed program (stdout + stderr): #####
Traceback (most recent call last):
  File "homework.py", line 546, in <module>
    print(end-start)
NameError: name 'end' is not defined
##### End of output of failed program #####
##### vdhankar plays [E d8 c7] in 2.18415594100952s #####
##### Running: /usr/lib/jvm/jdk-14.0.1/bin/java -jar /lab/itti/projects/checkers-competition/server/referee.jar on run_8_vdhankar_zwang715 #####
Move is valid
##### SUCCESS: /usr/lib/jvm/jdk-14.0.1/bin/java -jar /lab/itti/projects/checkers-competition/server/referee.jar on run_8_vdhankar_zwang715 #####
INPUT for zwang715:
GAME
WHITE
295.19
.....b..
..b...b.
.......b
w...b...
.......b
b.......
.......w
..w.w.w.
##### Running: /usr/bin/time -o time_8_vdhankar_zwang715.txt -f "%U" python3 homework.py > stulog.txt 2>&1 on zwang715 #####
##### SUCCESS: /usr/bin/time -o time_8_vdhankar_zwang715.txt -f "%U" python3 homework.py > stulog.txt 2>&1 on zwang715 #####
##### zwang715 plays [E h2 g3] in 0.17s #####
##### Running: /usr/lib/jvm/jdk-14.0.1/bin/java -jar /lab/itti/projects/checkers-competition/server/referee.jar on run_8_vdhankar_zwang715 #####
Move is valid
##### SUCCESS: /usr/lib/jvm/jdk-14.0.1/bin/java -jar /lab/itti/projects/checkers-competition/server/referee.jar on run_8_vdhankar_zwang715 #####
INPUT for vdhankar:
GAME
BLACK
47.5708248615265
.....b..
..b...b.
.......b
w...b...
.......b
b.....w.
........
..w.w.w.
##### Running: /usr/bin/time -o time_8_vdhankar_zwang715.txt -f "%U" python3 homework.py > stulog.txt 2>&1 on vdhankar #####
child exited with value 1
##### ERROR: /usr/bin/time -o time_8_vdhankar_zwang715.txt -f "%U" python3 homework.py > stulog.txt 2>&1 on vdhankar #####
##### Output of failed program (stdout + stderr): #####
Traceback (most recent call last):
  File "homework.py", line 546, in <module>
    print(end-start)
NameError: name 'end' is not defined
##### End of output of failed program #####
##### vdhankar plays [J h4 f2] in 0.865703821182251s #####
##### Running: /usr/lib/jvm/jdk-14.0.1/bin/java -jar /lab/itti/projects/checkers-competition/server/referee.jar on run_8_vdhankar_zwang715 #####
Move is valid
##### SUCCESS: /usr/lib/jvm/jdk-14.0.1/bin/java -jar /lab/itti/projects/checkers-competition/server/referee.jar on run_8_vdhankar_zwang715 #####
INPUT for zwang715:
GAME
WHITE
295.02
.....b..
..b...b.
.......b
w...b...
........
b.......
.....b..
..w.w.w.
##### Running: /usr/bin/time -o time_8_vdhankar_zwang715.txt -f "%U" python3 homework.py > stulog.txt 2>&1 on zwang715 #####
##### SUCCESS: /usr/bin/time -o time_8_vdhankar_zwang715.txt -f "%U" python3 homework.py > stulog.txt 2>&1 on zwang715 #####
##### zwang715 plays [J e1 g3] in 0.12s #####
##### Running: /usr/lib/jvm/jdk-14.0.1/bin/java -jar /lab/itti/projects/checkers-competition/server/referee.jar on run_8_vdhankar_zwang715 #####
Move is valid
##### SUCCESS: /usr/lib/jvm/jdk-14.0.1/bin/java -jar /lab/itti/projects/checkers-competition/server/referee.jar on run_8_vdhankar_zwang715 #####
INPUT for vdhankar:
GAME
BLACK
46.7051210403442
.....b..
..b...b.
.......b
w...b...
........
b.....w.
........
..w...w.
##### Running: /usr/bin/time -o time_8_vdhankar_zwang715.txt -f "%U" python3 homework.py > stulog.txt 2>&1 on vdhankar #####
child exited with value 1
##### ERROR: /usr/bin/time -o time_8_vdhankar_zwang715.txt -f "%U" python3 homework.py > stulog.txt 2>&1 on vdhankar #####
##### Output of failed program (stdout + stderr): #####
Traceback (most recent call last):
  File "homework.py", line 546, in <module>
    print(end-start)
NameError: name 'end' is not defined
##### End of output of failed program #####
##### vdhankar plays [E h6 g5] in 3.45789384841919s #####
##### Running: /usr/lib/jvm/jdk-14.0.1/bin/java -jar /lab/itti/projects/checkers-competition/server/referee.jar on run_8_vdhankar_zwang715 #####
Move is valid
##### SUCCESS: /usr/lib/jvm/jdk-14.0.1/bin/java -jar /lab/itti/projects/checkers-competition/server/referee.jar on run_8_vdhankar_zwang715 #####
INPUT for zwang715:
GAME
WHITE
294.9
.....b..
..b...b.
........
w...b.b.
........
b.....w.
........
..w...w.
##### Running: /usr/bin/time -o time_8_vdhankar_zwang715.txt -f "%U" python3 homework.py > stulog.txt 2>&1 on zwang715 #####
##### SUCCESS: /usr/bin/time -o time_8_vdhankar_zwang715.txt -f "%U" python3 homework.py > stulog.txt 2>&1 on zwang715 #####
##### zwang715 plays [E g3 f4] in 0.15s #####
##### Running: /usr/lib/jvm/jdk-14.0.1/bin/java -jar /lab/itti/projects/checkers-competition/server/referee.jar on run_8_vdhankar_zwang715 #####
Move is valid
##### SUCCESS: /usr/lib/jvm/jdk-14.0.1/bin/java -jar /lab/itti/projects/checkers-competition/server/referee.jar on run_8_vdhankar_zwang715 #####
INPUT for vdhankar:
GAME
BLACK
43.247227191925
.....b..
..b...b.
........
w...b.b.
.....w..
b.......
........
..w...w.
##### Running: /usr/bin/time -o time_8_vdhankar_zwang715.txt -f "%U" python3 homework.py > stulog.txt 2>&1 on vdhankar #####
child exited with value 1
##### ERROR: /usr/bin/time -o time_8_vdhankar_zwang715.txt -f "%U" python3 homework.py > stulog.txt 2>&1 on vdhankar #####
##### Output of failed program (stdout + stderr): #####
Traceback (most recent call last):
  File "homework.py", line 546, in <module>
    print(end-start)
NameError: name 'end' is not defined
##### End of output of failed program #####
##### vdhankar plays [J g5 e3] in 1.05469012260437s #####
##### Running: /usr/lib/jvm/jdk-14.0.1/bin/java -jar /lab/itti/projects/checkers-competition/server/referee.jar on run_8_vdhankar_zwang715 #####
Move is valid
##### SUCCESS: /usr/lib/jvm/jdk-14.0.1/bin/java -jar /lab/itti/projects/checkers-competition/server/referee.jar on run_8_vdhankar_zwang715 #####
INPUT for zwang715:
GAME
WHITE
294.75
.....b..
..b...b.
........
w...b...
........
b...b...
........
..w...w.
##### Running: /usr/bin/time -o time_8_vdhankar_zwang715.txt -f "%U" python3 homework.py > stulog.txt 2>&1 on zwang715 #####
##### SUCCESS: /usr/bin/time -o time_8_vdhankar_zwang715.txt -f "%U" python3 homework.py > stulog.txt 2>&1 on zwang715 #####
##### zwang715 plays [E c1 b2] in 0.09s #####
##### Running: /usr/lib/jvm/jdk-14.0.1/bin/java -jar /lab/itti/projects/checkers-competition/server/referee.jar on run_8_vdhankar_zwang715 #####
Move is valid
##### SUCCESS: /usr/lib/jvm/jdk-14.0.1/bin/java -jar /lab/itti/projects/checkers-competition/server/referee.jar on run_8_vdhankar_zwang715 #####
INPUT for vdhankar:
GAME
BLACK
42.1925370693207
.....b..
..b...b.
........
w...b...
........
b...b...
.w......
......w.
##### Running: /usr/bin/time -o time_8_vdhankar_zwang715.txt -f "%U" python3 homework.py > stulog.txt 2>&1 on vdhankar #####
child exited with value 1
##### ERROR: /usr/bin/time -o time_8_vdhankar_zwang715.txt -f "%U" python3 homework.py > stulog.txt 2>&1 on vdhankar #####
##### Output of failed program (stdout + stderr): #####
Traceback (most recent call last):
  File "homework.py", line 546, in <module>
    print(end-start)
NameError: name 'end' is not defined
##### End of output of failed program #####
##### vdhankar plays [J a3 c1] in 0.577629089355469s #####
##### Running: /usr/lib/jvm/jdk-14.0.1/bin/java -jar /lab/itti/projects/checkers-competition/server/referee.jar on run_8_vdhankar_zwang715 #####
Move is valid
##### SUCCESS: /usr/lib/jvm/jdk-14.0.1/bin/java -jar /lab/itti/projects/checkers-competition/server/referee.jar on run_8_vdhankar_zwang715 #####
INPUT for zwang715:
GAME
WHITE
294.66
.....b..
..b...b.
........
w...b...
........
....b...
........
..B...w.
##### Running: /usr/bin/time -o time_8_vdhankar_zwang715.txt -f "%U" python3 homework.py > stulog.txt 2>&1 on zwang715 #####
##### SUCCESS: /usr/bin/time -o time_8_vdhankar_zwang715.txt -f "%U" python3 homework.py > stulog.txt 2>&1 on zwang715 #####
##### zwang715 plays [E g1 f2] in 0.08s #####
##### Running: /usr/lib/jvm/jdk-14.0.1/bin/java -jar /lab/itti/projects/checkers-competition/server/referee.jar on run_8_vdhankar_zwang715 #####
Move is valid
##### SUCCESS: /usr/lib/jvm/jdk-14.0.1/bin/java -jar /lab/itti/projects/checkers-competition/server/referee.jar on run_8_vdhankar_zwang715 #####
INPUT for vdhankar:
GAME
BLACK
41.6149079799652
.....b..
..b...b.
........
w...b...
........
....b...
.....w..
..B.....
##### Running: /usr/bin/time -o time_8_vdhankar_zwang715.txt -f "%U" python3 homework.py > stulog.txt 2>&1 on vdhankar #####
child exited with value 1
##### ERROR: /usr/bin/time -o time_8_vdhankar_zwang715.txt -f "%U" python3 homework.py > stulog.txt 2>&1 on vdhankar #####
##### Output of failed program (stdout + stderr): #####
Traceback (most recent call last):
  File "homework.py", line 546, in <module>
    print(end-start)
NameError: name 'end' is not defined
##### End of output of failed program #####
##### vdhankar plays [J e3 g1] in 0.324054002761841s #####
##### Running: /usr/lib/jvm/jdk-14.0.1/bin/java -jar /lab/itti/projects/checkers-competition/server/referee.jar on run_8_vdhankar_zwang715 #####
Move is valid
##### SUCCESS: /usr/lib/jvm/jdk-14.0.1/bin/java -jar /lab/itti/projects/checkers-competition/server/referee.jar on run_8_vdhankar_zwang715 #####
INPUT for zwang715:
GAME
WHITE
294.58
.....b..
..b...b.
........
w...b...
........
........
........
..B...B.
##### Running: /usr/bin/time -o time_8_vdhankar_zwang715.txt -f "%U" python3 homework.py > stulog.txt 2>&1 on zwang715 #####
##### SUCCESS: /usr/bin/time -o time_8_vdhankar_zwang715.txt -f "%U" python3 homework.py > stulog.txt 2>&1 on zwang715 #####
##### zwang715 plays [E a5 b6] in 0.04s #####
##### Running: /usr/lib/jvm/jdk-14.0.1/bin/java -jar /lab/itti/projects/checkers-competition/server/referee.jar on run_8_vdhankar_zwang715 #####
Move is valid
##### SUCCESS: /usr/lib/jvm/jdk-14.0.1/bin/java -jar /lab/itti/projects/checkers-competition/server/referee.jar on run_8_vdhankar_zwang715 #####
INPUT for vdhankar:
GAME
BLACK
41.2908539772034
.....b..
..b...b.
.w......
....b...
........
........
........
..B...B.
##### Running: /usr/bin/time -o time_8_vdhankar_zwang715.txt -f "%U" python3 homework.py > stulog.txt 2>&1 on vdhankar #####
child exited with value 1
##### ERROR: /usr/bin/time -o time_8_vdhankar_zwang715.txt -f "%U" python3 homework.py > stulog.txt 2>&1 on vdhankar #####
##### Output of failed program (stdout + stderr): #####
Traceback (most recent call last):
  File "homework.py", line 546, in <module>
    print(end-start)
NameError: name 'end' is not defined
##### End of output of failed program #####
##### vdhankar plays [J c7 a5] in 0.290512084960938s #####
##### Running: /usr/lib/jvm/jdk-14.0.1/bin/java -jar /lab/itti/projects/checkers-competition/server/referee.jar on run_8_vdhankar_zwang715 #####
Move is valid
After this move, player WHITE cannot make any moves
*** Winner: BLACK ***
##### SUCCESS: /usr/lib/jvm/jdk-14.0.1/bin/java -jar /lab/itti/projects/checkers-competition/server/referee.jar on run_8_vdhankar_zwang715 #####
##### GAME OVER: vdhankar wins the game! #####
Server said: WIN
########## ROUND 8 GAMESCORE AFTER GAME 4: vdhankar=4 and zwang715=0 ##########


########## GRAND WINNER ROUND 8 IS vdhankar BY 4 vs 0 GAMESCORE ##########
