#################### ROUND 10: vdhankar (B) vs zizhaoh (W): game 1 ####################
##### game start! #####
INPUT for vdhankar:
GAME
BLACK
300
.b.b.b.b
b.b.b.b.
.b.b.b.b
........
........
w.w.w.w.
.w.w.w.w
w.w.w.w.
##### Running: /usr/bin/time -o time_10_vdhankar_zizhaoh.txt -f "%U" python3 homework.py > stulog.txt 2>&1 on vdhankar #####
child exited with value 1
##### ERROR: /usr/bin/time -o time_10_vdhankar_zizhaoh.txt -f "%U" python3 homework.py > stulog.txt 2>&1 on vdhankar #####
##### Output of failed program (stdout + stderr): #####
Traceback (most recent call last):
  File "homework.py", line 546, in <module>
    print(end-start)
NameError: name 'end' is not defined
##### End of output of failed program #####
##### vdhankar plays [E h6 g5] in 12.0573768615723s #####
##### Running: /usr/lib/jvm/jdk-14.0.1/bin/java -jar /lab/itti/projects/checkers-competition/server/referee.jar on run_10_vdhankar_zizhaoh #####
Move is valid
Couldn't read file 'current_ply.txt'
Couldn't read content from file 'current_ply.txt'
Couldn't read file 'lastmatchange_ply.txt'
Couldn't read content from file 'lastmatchange_ply.txt'
##### SUCCESS: /usr/lib/jvm/jdk-14.0.1/bin/java -jar /lab/itti/projects/checkers-competition/server/referee.jar on run_10_vdhankar_zizhaoh #####
INPUT for zizhaoh:
GAME
WHITE
300
.b.b.b.b
b.b.b.b.
.b.b.b..
......b.
........
w.w.w.w.
.w.w.w.w
w.w.w.w.
##### Running: /usr/bin/time -o time_10_vdhankar_zizhaoh.txt -f "%U" python3 homework.py > stulog.txt 2>&1 on zizhaoh #####
##### SUCCESS: /usr/bin/time -o time_10_vdhankar_zizhaoh.txt -f "%U" python3 homework.py > stulog.txt 2>&1 on zizhaoh #####
##### zizhaoh plays [E a3 b4 ] in 5.99s #####
##### Running: /usr/lib/jvm/jdk-14.0.1/bin/java -jar /lab/itti/projects/checkers-competition/server/referee.jar on run_10_vdhankar_zizhaoh #####
Move is valid
##### SUCCESS: /usr/lib/jvm/jdk-14.0.1/bin/java -jar /lab/itti/projects/checkers-competition/server/referee.jar on run_10_vdhankar_zizhaoh #####
INPUT for vdhankar:
GAME
BLACK
287.942623138428
.b.b.b.b
b.b.b.b.
.b.b.b..
......b.
.w......
..w.w.w.
.w.w.w.w
w.w.w.w.
##### Running: /usr/bin/time -o time_10_vdhankar_zizhaoh.txt -f "%U" python3 homework.py > stulog.txt 2>&1 on vdhankar #####
child exited with value 1
##### ERROR: /usr/bin/time -o time_10_vdhankar_zizhaoh.txt -f "%U" python3 homework.py > stulog.txt 2>&1 on vdhankar #####
##### Output of failed program (stdout + stderr): #####
Traceback (most recent call last):
  File "homework.py", line 546, in <module>
    print(end-start)
NameError: name 'end' is not defined
##### End of output of failed program #####
##### vdhankar plays [E g5 h4] in 10.8447709083557s #####
##### Running: /usr/lib/jvm/jdk-14.0.1/bin/java -jar /lab/itti/projects/checkers-competition/server/referee.jar on run_10_vdhankar_zizhaoh #####
Move is valid
##### SUCCESS: /usr/lib/jvm/jdk-14.0.1/bin/java -jar /lab/itti/projects/checkers-competition/server/referee.jar on run_10_vdhankar_zizhaoh #####
INPUT for zizhaoh:
GAME
WHITE
294.01
.b.b.b.b
b.b.b.b.
.b.b.b..
........
.w.....b
..w.w.w.
.w.w.w.w
w.w.w.w.
##### Running: /usr/bin/time -o time_10_vdhankar_zizhaoh.txt -f "%U" python3 homework.py > stulog.txt 2>&1 on zizhaoh #####
##### SUCCESS: /usr/bin/time -o time_10_vdhankar_zizhaoh.txt -f "%U" python3 homework.py > stulog.txt 2>&1 on zizhaoh #####
##### zizhaoh plays [E b4 a5 ] in 5.93s #####
##### Running: /usr/lib/jvm/jdk-14.0.1/bin/java -jar /lab/itti/projects/checkers-competition/server/referee.jar on run_10_vdhankar_zizhaoh #####
Move is valid
##### SUCCESS: /usr/lib/jvm/jdk-14.0.1/bin/java -jar /lab/itti/projects/checkers-competition/server/referee.jar on run_10_vdhankar_zizhaoh #####
INPUT for vdhankar:
GAME
BLACK
277.097852230072
.b.b.b.b
b.b.b.b.
.b.b.b..
w.......
.......b
..w.w.w.
.w.w.w.w
w.w.w.w.
##### Running: /usr/bin/time -o time_10_vdhankar_zizhaoh.txt -f "%U" python3 homework.py > stulog.txt 2>&1 on vdhankar #####
child exited with value 1
##### ERROR: /usr/bin/time -o time_10_vdhankar_zizhaoh.txt -f "%U" python3 homework.py > stulog.txt 2>&1 on vdhankar #####
##### Output of failed program (stdout + stderr): #####
Traceback (most recent call last):
  File "homework.py", line 546, in <module>
    print(end-start)
NameError: name 'end' is not defined
##### End of output of failed program #####
##### vdhankar plays [E d6 e5] in 8.80825805664062s #####
##### Running: /usr/lib/jvm/jdk-14.0.1/bin/java -jar /lab/itti/projects/checkers-competition/server/referee.jar on run_10_vdhankar_zizhaoh #####
Move is valid
##### SUCCESS: /usr/lib/jvm/jdk-14.0.1/bin/java -jar /lab/itti/projects/checkers-competition/server/referee.jar on run_10_vdhankar_zizhaoh #####
INPUT for zizhaoh:
GAME
WHITE
288.08
.b.b.b.b
b.b.b.b.
.b...b..
w...b...
.......b
..w.w.w.
.w.w.w.w
w.w.w.w.
##### Running: /usr/bin/time -o time_10_vdhankar_zizhaoh.txt -f "%U" python3 homework.py > stulog.txt 2>&1 on zizhaoh #####
##### SUCCESS: /usr/bin/time -o time_10_vdhankar_zizhaoh.txt -f "%U" python3 homework.py > stulog.txt 2>&1 on zizhaoh #####
##### zizhaoh plays [E c3 b4 ] in 2.18s #####
##### Running: /usr/lib/jvm/jdk-14.0.1/bin/java -jar /lab/itti/projects/checkers-competition/server/referee.jar on run_10_vdhankar_zizhaoh #####
Move is valid
##### SUCCESS: /usr/lib/jvm/jdk-14.0.1/bin/java -jar /lab/itti/projects/checkers-competition/server/referee.jar on run_10_vdhankar_zizhaoh #####
INPUT for vdhankar:
GAME
BLACK
268.289594173431
.b.b.b.b
b.b.b.b.
.b...b..
w...b...
.w.....b
....w.w.
.w.w.w.w
w.w.w.w.
##### Running: /usr/bin/time -o time_10_vdhankar_zizhaoh.txt -f "%U" python3 homework.py > stulog.txt 2>&1 on vdhankar #####
child exited with value 1
##### ERROR: /usr/bin/time -o time_10_vdhankar_zizhaoh.txt -f "%U" python3 homework.py > stulog.txt 2>&1 on vdhankar #####
##### Output of failed program (stdout + stderr): #####
Traceback (most recent call last):
  File "homework.py", line 546, in <module>
    print(end-start)
NameError: name 'end' is not defined
##### End of output of failed program #####
##### vdhankar plays [E e7 d6] in 4.17361688613892s #####
##### Running: /usr/lib/jvm/jdk-14.0.1/bin/java -jar /lab/itti/projects/checkers-competition/server/referee.jar on run_10_vdhankar_zizhaoh #####
Move is valid
##### SUCCESS: /usr/lib/jvm/jdk-14.0.1/bin/java -jar /lab/itti/projects/checkers-competition/server/referee.jar on run_10_vdhankar_zizhaoh #####
INPUT for zizhaoh:
GAME
WHITE
285.9
.b.b.b.b
b.b...b.
.b.b.b..
w...b...
.w.....b
....w.w.
.w.w.w.w
w.w.w.w.
##### Running: /usr/bin/time -o time_10_vdhankar_zizhaoh.txt -f "%U" python3 homework.py > stulog.txt 2>&1 on zizhaoh #####
##### SUCCESS: /usr/bin/time -o time_10_vdhankar_zizhaoh.txt -f "%U" python3 homework.py > stulog.txt 2>&1 on zizhaoh #####
##### zizhaoh plays [E e3 f4 ] in 5.57s #####
##### Running: /usr/lib/jvm/jdk-14.0.1/bin/java -jar /lab/itti/projects/checkers-competition/server/referee.jar on run_10_vdhankar_zizhaoh #####
Move is valid
##### SUCCESS: /usr/lib/jvm/jdk-14.0.1/bin/java -jar /lab/itti/projects/checkers-competition/server/referee.jar on run_10_vdhankar_zizhaoh #####
INPUT for vdhankar:
GAME
BLACK
264.115977287292
.b.b.b.b
b.b...b.
.b.b.b..
w...b...
.w...w.b
......w.
.w.w.w.w
w.w.w.w.
##### Running: /usr/bin/time -o time_10_vdhankar_zizhaoh.txt -f "%U" python3 homework.py > stulog.txt 2>&1 on vdhankar #####
child exited with value 1
##### ERROR: /usr/bin/time -o time_10_vdhankar_zizhaoh.txt -f "%U" python3 homework.py > stulog.txt 2>&1 on vdhankar #####
##### Output of failed program (stdout + stderr): #####
Traceback (most recent call last):
  File "homework.py", line 546, in <module>
    print(end-start)
NameError: name 'end' is not defined
##### End of output of failed program #####
##### vdhankar plays [E b6 c5] in 4.43112802505493s #####
##### Running: /usr/lib/jvm/jdk-14.0.1/bin/java -jar /lab/itti/projects/checkers-competition/server/referee.jar on run_10_vdhankar_zizhaoh #####
Move is valid
##### SUCCESS: /usr/lib/jvm/jdk-14.0.1/bin/java -jar /lab/itti/projects/checkers-competition/server/referee.jar on run_10_vdhankar_zizhaoh #####
INPUT for zizhaoh:
GAME
WHITE
280.33
.b.b.b.b
b.b...b.
...b.b..
w.b.b...
.w...w.b
......w.
.w.w.w.w
w.w.w.w.
##### Running: /usr/bin/time -o time_10_vdhankar_zizhaoh.txt -f "%U" python3 homework.py > stulog.txt 2>&1 on zizhaoh #####
##### SUCCESS: /usr/bin/time -o time_10_vdhankar_zizhaoh.txt -f "%U" python3 homework.py > stulog.txt 2>&1 on zizhaoh #####
##### zizhaoh plays [E b2 a3 ] in 2.37s #####
##### Running: /usr/lib/jvm/jdk-14.0.1/bin/java -jar /lab/itti/projects/checkers-competition/server/referee.jar on run_10_vdhankar_zizhaoh #####
Move is valid
##### SUCCESS: /usr/lib/jvm/jdk-14.0.1/bin/java -jar /lab/itti/projects/checkers-competition/server/referee.jar on run_10_vdhankar_zizhaoh #####
INPUT for vdhankar:
GAME
BLACK
259.684849262238
.b.b.b.b
b.b...b.
...b.b..
w.b.b...
.w...w.b
w.....w.
...w.w.w
w.w.w.w.
##### Running: /usr/bin/time -o time_10_vdhankar_zizhaoh.txt -f "%U" python3 homework.py > stulog.txt 2>&1 on vdhankar #####
child exited with value 1
##### ERROR: /usr/bin/time -o time_10_vdhankar_zizhaoh.txt -f "%U" python3 homework.py > stulog.txt 2>&1 on vdhankar #####
##### Output of failed program (stdout + stderr): #####
Traceback (most recent call last):
  File "homework.py", line 546, in <module>
    print(end-start)
NameError: name 'end' is not defined
##### End of output of failed program #####
##### vdhankar plays [E g7 h6] in 7.00473403930664s #####
##### Running: /usr/lib/jvm/jdk-14.0.1/bin/java -jar /lab/itti/projects/checkers-competition/server/referee.jar on run_10_vdhankar_zizhaoh #####
Move is valid
##### SUCCESS: /usr/lib/jvm/jdk-14.0.1/bin/java -jar /lab/itti/projects/checkers-competition/server/referee.jar on run_10_vdhankar_zizhaoh #####
INPUT for zizhaoh:
GAME
WHITE
277.96
.b.b.b.b
b.b.....
...b.b.b
w.b.b...
.w...w.b
w.....w.
...w.w.w
w.w.w.w.
##### Running: /usr/bin/time -o time_10_vdhankar_zizhaoh.txt -f "%U" python3 homework.py > stulog.txt 2>&1 on zizhaoh #####
##### SUCCESS: /usr/bin/time -o time_10_vdhankar_zizhaoh.txt -f "%U" python3 homework.py > stulog.txt 2>&1 on zizhaoh #####
##### zizhaoh plays [E d2 c3 ] in 6.41s #####
##### Running: /usr/lib/jvm/jdk-14.0.1/bin/java -jar /lab/itti/projects/checkers-competition/server/referee.jar on run_10_vdhankar_zizhaoh #####
Move is valid
##### SUCCESS: /usr/lib/jvm/jdk-14.0.1/bin/java -jar /lab/itti/projects/checkers-competition/server/referee.jar on run_10_vdhankar_zizhaoh #####
INPUT for vdhankar:
GAME
BLACK
252.680115222931
.b.b.b.b
b.b.....
...b.b.b
w.b.b...
.w...w.b
w.w...w.
.....w.w
w.w.w.w.
##### Running: /usr/bin/time -o time_10_vdhankar_zizhaoh.txt -f "%U" python3 homework.py > stulog.txt 2>&1 on vdhankar #####
child exited with value 1
##### ERROR: /usr/bin/time -o time_10_vdhankar_zizhaoh.txt -f "%U" python3 homework.py > stulog.txt 2>&1 on vdhankar #####
##### Output of failed program (stdout + stderr): #####
Traceback (most recent call last):
  File "homework.py", line 546, in <module>
    print(end-start)
NameError: name 'end' is not defined
##### End of output of failed program #####
##### vdhankar plays [E c5 d4] in 5.97040891647339s #####
##### Running: /usr/lib/jvm/jdk-14.0.1/bin/java -jar /lab/itti/projects/checkers-competition/server/referee.jar on run_10_vdhankar_zizhaoh #####
Move is valid
##### SUCCESS: /usr/lib/jvm/jdk-14.0.1/bin/java -jar /lab/itti/projects/checkers-competition/server/referee.jar on run_10_vdhankar_zizhaoh #####
INPUT for zizhaoh:
GAME
WHITE
271.55
.b.b.b.b
b.b.....
...b.b.b
w...b...
.w.b.w.b
w.w...w.
.....w.w
w.w.w.w.
##### Running: /usr/bin/time -o time_10_vdhankar_zizhaoh.txt -f "%U" python3 homework.py > stulog.txt 2>&1 on zizhaoh #####
##### SUCCESS: /usr/bin/time -o time_10_vdhankar_zizhaoh.txt -f "%U" python3 homework.py > stulog.txt 2>&1 on zizhaoh #####
##### zizhaoh plays [E a1 b2 ] in 2.47s #####
##### Running: /usr/lib/jvm/jdk-14.0.1/bin/java -jar /lab/itti/projects/checkers-competition/server/referee.jar on run_10_vdhankar_zizhaoh #####
Move is valid
##### SUCCESS: /usr/lib/jvm/jdk-14.0.1/bin/java -jar /lab/itti/projects/checkers-competition/server/referee.jar on run_10_vdhankar_zizhaoh #####
INPUT for vdhankar:
GAME
BLACK
246.709706306458
.b.b.b.b
b.b.....
...b.b.b
w...b...
.w.b.w.b
w.w...w.
.w...w.w
..w.w.w.
##### Running: /usr/bin/time -o time_10_vdhankar_zizhaoh.txt -f "%U" python3 homework.py > stulog.txt 2>&1 on vdhankar #####
child exited with value 1
##### ERROR: /usr/bin/time -o time_10_vdhankar_zizhaoh.txt -f "%U" python3 homework.py > stulog.txt 2>&1 on vdhankar #####
##### Output of failed program (stdout + stderr): #####
Traceback (most recent call last):
  File "homework.py", line 546, in <module>
    print(end-start)
NameError: name 'end' is not defined
##### End of output of failed program #####
##### vdhankar plays [E f6 g5] in 2.65824317932129s #####
##### Running: /usr/lib/jvm/jdk-14.0.1/bin/java -jar /lab/itti/projects/checkers-competition/server/referee.jar on run_10_vdhankar_zizhaoh #####
Move is valid
##### SUCCESS: /usr/lib/jvm/jdk-14.0.1/bin/java -jar /lab/itti/projects/checkers-competition/server/referee.jar on run_10_vdhankar_zizhaoh #####
INPUT for zizhaoh:
GAME
WHITE
269.08
.b.b.b.b
b.b.....
...b...b
w...b.b.
.w.b.w.b
w.w...w.
.w...w.w
..w.w.w.
##### Running: /usr/bin/time -o time_10_vdhankar_zizhaoh.txt -f "%U" python3 homework.py > stulog.txt 2>&1 on zizhaoh #####
##### SUCCESS: /usr/bin/time -o time_10_vdhankar_zizhaoh.txt -f "%U" python3 homework.py > stulog.txt 2>&1 on zizhaoh #####
##### zizhaoh plays [E e1 d2 ] in 0.7s #####
##### Running: /usr/lib/jvm/jdk-14.0.1/bin/java -jar /lab/itti/projects/checkers-competition/server/referee.jar on run_10_vdhankar_zizhaoh #####
Move is valid
##### SUCCESS: /usr/lib/jvm/jdk-14.0.1/bin/java -jar /lab/itti/projects/checkers-competition/server/referee.jar on run_10_vdhankar_zizhaoh #####
INPUT for vdhankar:
GAME
BLACK
244.051463127136
.b.b.b.b
b.b.....
...b...b
w...b.b.
.w.b.w.b
w.w...w.
.w.w.w.w
..w...w.
##### Running: /usr/bin/time -o time_10_vdhankar_zizhaoh.txt -f "%U" python3 homework.py > stulog.txt 2>&1 on vdhankar #####
child exited with value 1
##### ERROR: /usr/bin/time -o time_10_vdhankar_zizhaoh.txt -f "%U" python3 homework.py > stulog.txt 2>&1 on vdhankar #####
##### Output of failed program (stdout + stderr): #####
Traceback (most recent call last):
  File "homework.py", line 546, in <module>
    print(end-start)
NameError: name 'end' is not defined
##### End of output of failed program #####
##### vdhankar plays [J g5 e3] in 0.686206102371216s #####
##### Running: /usr/lib/jvm/jdk-14.0.1/bin/java -jar /lab/itti/projects/checkers-competition/server/referee.jar on run_10_vdhankar_zizhaoh #####
Move is valid
##### SUCCESS: /usr/lib/jvm/jdk-14.0.1/bin/java -jar /lab/itti/projects/checkers-competition/server/referee.jar on run_10_vdhankar_zizhaoh #####
INPUT for zizhaoh:
GAME
WHITE
268.38
.b.b.b.b
b.b.....
...b...b
w...b...
.w.b...b
w.w.b.w.
.w.w.w.w
..w...w.
##### Running: /usr/bin/time -o time_10_vdhankar_zizhaoh.txt -f "%U" python3 homework.py > stulog.txt 2>&1 on zizhaoh #####
##### SUCCESS: /usr/bin/time -o time_10_vdhankar_zizhaoh.txt -f "%U" python3 homework.py > stulog.txt 2>&1 on zizhaoh #####
##### zizhaoh plays [J d2 f4 ] in 0.49s #####
##### Running: /usr/lib/jvm/jdk-14.0.1/bin/java -jar /lab/itti/projects/checkers-competition/server/referee.jar on run_10_vdhankar_zizhaoh #####
Move is valid
##### SUCCESS: /usr/lib/jvm/jdk-14.0.1/bin/java -jar /lab/itti/projects/checkers-competition/server/referee.jar on run_10_vdhankar_zizhaoh #####
INPUT for vdhankar:
GAME
BLACK
243.365257024765
.b.b.b.b
b.b.....
...b...b
w...b...
.w.b.w.b
w.w...w.
.w...w.w
..w...w.
##### Running: /usr/bin/time -o time_10_vdhankar_zizhaoh.txt -f "%U" python3 homework.py > stulog.txt 2>&1 on vdhankar #####
child exited with value 1
##### ERROR: /usr/bin/time -o time_10_vdhankar_zizhaoh.txt -f "%U" python3 homework.py > stulog.txt 2>&1 on vdhankar #####
##### Output of failed program (stdout + stderr): #####
Traceback (most recent call last):
  File "homework.py", line 546, in <module>
    print(end-start)
NameError: name 'end' is not defined
##### End of output of failed program #####
##### vdhankar plays [E d8 e7] in 2.09999799728394s #####
##### Running: /usr/lib/jvm/jdk-14.0.1/bin/java -jar /lab/itti/projects/checkers-competition/server/referee.jar on run_10_vdhankar_zizhaoh #####
Move is valid
##### SUCCESS: /usr/lib/jvm/jdk-14.0.1/bin/java -jar /lab/itti/projects/checkers-competition/server/referee.jar on run_10_vdhankar_zizhaoh #####
INPUT for zizhaoh:
GAME
WHITE
267.89
.b...b.b
b.b.b...
...b...b
w...b...
.w.b.w.b
w.w...w.
.w...w.w
..w...w.
##### Running: /usr/bin/time -o time_10_vdhankar_zizhaoh.txt -f "%U" python3 homework.py > stulog.txt 2>&1 on zizhaoh #####
##### SUCCESS: /usr/bin/time -o time_10_vdhankar_zizhaoh.txt -f "%U" python3 homework.py > stulog.txt 2>&1 on zizhaoh #####
##### zizhaoh plays [E c1 d2 ] in 0.88s #####
##### Running: /usr/lib/jvm/jdk-14.0.1/bin/java -jar /lab/itti/projects/checkers-competition/server/referee.jar on run_10_vdhankar_zizhaoh #####
Move is valid
##### SUCCESS: /usr/lib/jvm/jdk-14.0.1/bin/java -jar /lab/itti/projects/checkers-competition/server/referee.jar on run_10_vdhankar_zizhaoh #####
INPUT for vdhankar:
GAME
BLACK
241.265259027481
.b...b.b
b.b.b...
...b...b
w...b...
.w.b.w.b
w.w...w.
.w.w.w.w
......w.
##### Running: /usr/bin/time -o time_10_vdhankar_zizhaoh.txt -f "%U" python3 homework.py > stulog.txt 2>&1 on vdhankar #####
child exited with value 1
##### ERROR: /usr/bin/time -o time_10_vdhankar_zizhaoh.txt -f "%U" python3 homework.py > stulog.txt 2>&1 on vdhankar #####
##### Output of failed program (stdout + stderr): #####
Traceback (most recent call last):
  File "homework.py", line 546, in <module>
    print(end-start)
NameError: name 'end' is not defined
##### End of output of failed program #####
##### vdhankar plays [E h8 g7] in 1.78622198104858s #####
##### Running: /usr/lib/jvm/jdk-14.0.1/bin/java -jar /lab/itti/projects/checkers-competition/server/referee.jar on run_10_vdhankar_zizhaoh #####
Move is valid
##### SUCCESS: /usr/lib/jvm/jdk-14.0.1/bin/java -jar /lab/itti/projects/checkers-competition/server/referee.jar on run_10_vdhankar_zizhaoh #####
INPUT for zizhaoh:
GAME
WHITE
267.01
.b...b..
b.b.b.b.
...b...b
w...b...
.w.b.w.b
w.w...w.
.w.w.w.w
......w.
##### Running: /usr/bin/time -o time_10_vdhankar_zizhaoh.txt -f "%U" python3 homework.py > stulog.txt 2>&1 on zizhaoh #####
##### SUCCESS: /usr/bin/time -o time_10_vdhankar_zizhaoh.txt -f "%U" python3 homework.py > stulog.txt 2>&1 on zizhaoh #####
##### zizhaoh plays [E d2 e3 ] in 0.6s #####
##### Running: /usr/lib/jvm/jdk-14.0.1/bin/java -jar /lab/itti/projects/checkers-competition/server/referee.jar on run_10_vdhankar_zizhaoh #####
Move is valid
##### SUCCESS: /usr/lib/jvm/jdk-14.0.1/bin/java -jar /lab/itti/projects/checkers-competition/server/referee.jar on run_10_vdhankar_zizhaoh #####
INPUT for vdhankar:
GAME
BLACK
239.479037046432
.b...b..
b.b.b.b.
...b...b
w...b...
.w.b.w.b
w.w.w.w.
.w...w.w
......w.
##### Running: /usr/bin/time -o time_10_vdhankar_zizhaoh.txt -f "%U" python3 homework.py > stulog.txt 2>&1 on vdhankar #####
child exited with value 1
##### ERROR: /usr/bin/time -o time_10_vdhankar_zizhaoh.txt -f "%U" python3 homework.py > stulog.txt 2>&1 on vdhankar #####
##### Output of failed program (stdout + stderr): #####
Traceback (most recent call last):
  File "homework.py", line 546, in <module>
    print(end-start)
NameError: name 'end' is not defined
##### End of output of failed program #####
##### vdhankar plays [E d6 c5] in 0.799308061599731s #####
##### Running: /usr/lib/jvm/jdk-14.0.1/bin/java -jar /lab/itti/projects/checkers-competition/server/referee.jar on run_10_vdhankar_zizhaoh #####
Move is valid
##### SUCCESS: /usr/lib/jvm/jdk-14.0.1/bin/java -jar /lab/itti/projects/checkers-competition/server/referee.jar on run_10_vdhankar_zizhaoh #####
INPUT for zizhaoh:
GAME
WHITE
266.41
.b...b..
b.b.b.b.
.......b
w.b.b...
.w.b.w.b
w.w.w.w.
.w...w.w
......w.
##### Running: /usr/bin/time -o time_10_vdhankar_zizhaoh.txt -f "%U" python3 homework.py > stulog.txt 2>&1 on zizhaoh #####
##### SUCCESS: /usr/bin/time -o time_10_vdhankar_zizhaoh.txt -f "%U" python3 homework.py > stulog.txt 2>&1 on zizhaoh #####
##### zizhaoh plays [J b4 d6 ] in 0.12s #####
##### Running: /usr/lib/jvm/jdk-14.0.1/bin/java -jar /lab/itti/projects/checkers-competition/server/referee.jar on run_10_vdhankar_zizhaoh #####
Move is valid
##### SUCCESS: /usr/lib/jvm/jdk-14.0.1/bin/java -jar /lab/itti/projects/checkers-competition/server/referee.jar on run_10_vdhankar_zizhaoh #####
INPUT for vdhankar:
GAME
BLACK
238.679728984833
.b...b..
b.b.b.b.
...w...b
w...b...
...b.w.b
w.w.w.w.
.w...w.w
......w.
##### Running: /usr/bin/time -o time_10_vdhankar_zizhaoh.txt -f "%U" python3 homework.py > stulog.txt 2>&1 on vdhankar #####
child exited with value 1
##### ERROR: /usr/bin/time -o time_10_vdhankar_zizhaoh.txt -f "%U" python3 homework.py > stulog.txt 2>&1 on vdhankar #####
##### Output of failed program (stdout + stderr): #####
Traceback (most recent call last):
  File "homework.py", line 546, in <module>
    print(end-start)
NameError: name 'end' is not defined
##### End of output of failed program #####
##### vdhankar plays [J e7 c5] in 0.476989030838013s #####
##### Running: /usr/lib/jvm/jdk-14.0.1/bin/java -jar /lab/itti/projects/checkers-competition/server/referee.jar on run_10_vdhankar_zizhaoh #####
Move is valid
##### SUCCESS: /usr/lib/jvm/jdk-14.0.1/bin/java -jar /lab/itti/projects/checkers-competition/server/referee.jar on run_10_vdhankar_zizhaoh #####
INPUT for zizhaoh:
GAME
WHITE
266.29
.b...b..
b.b...b.
.......b
w.b.b...
...b.w.b
w.w.w.w.
.w...w.w
......w.
##### Running: /usr/bin/time -o time_10_vdhankar_zizhaoh.txt -f "%U" python3 homework.py > stulog.txt 2>&1 on zizhaoh #####
##### SUCCESS: /usr/bin/time -o time_10_vdhankar_zizhaoh.txt -f "%U" python3 homework.py > stulog.txt 2>&1 on zizhaoh #####
##### zizhaoh plays [J f4 d6 ] in 0.27s #####
##### Running: /usr/lib/jvm/jdk-14.0.1/bin/java -jar /lab/itti/projects/checkers-competition/server/referee.jar on run_10_vdhankar_zizhaoh #####
Move is valid
##### SUCCESS: /usr/lib/jvm/jdk-14.0.1/bin/java -jar /lab/itti/projects/checkers-competition/server/referee.jar on run_10_vdhankar_zizhaoh #####
INPUT for vdhankar:
GAME
BLACK
238.202739953995
.b...b..
b.b...b.
...w...b
w.b.....
...b...b
w.w.w.w.
.w...w.w
......w.
##### Running: /usr/bin/time -o time_10_vdhankar_zizhaoh.txt -f "%U" python3 homework.py > stulog.txt 2>&1 on vdhankar #####
child exited with value 1
##### ERROR: /usr/bin/time -o time_10_vdhankar_zizhaoh.txt -f "%U" python3 homework.py > stulog.txt 2>&1 on vdhankar #####
##### Output of failed program (stdout + stderr): #####
Traceback (most recent call last):
  File "homework.py", line 546, in <module>
    print(end-start)
NameError: name 'end' is not defined
##### End of output of failed program #####
##### vdhankar plays [J c7 e5] in 1.40795612335205s #####
##### Running: /usr/lib/jvm/jdk-14.0.1/bin/java -jar /lab/itti/projects/checkers-competition/server/referee.jar on run_10_vdhankar_zizhaoh #####
Move is valid
##### SUCCESS: /usr/lib/jvm/jdk-14.0.1/bin/java -jar /lab/itti/projects/checkers-competition/server/referee.jar on run_10_vdhankar_zizhaoh #####
INPUT for zizhaoh:
GAME
WHITE
266.02
.b...b..
b.....b.
.......b
w.b.b...
...b...b
w.w.w.w.
.w...w.w
......w.
##### Running: /usr/bin/time -o time_10_vdhankar_zizhaoh.txt -f "%U" python3 homework.py > stulog.txt 2>&1 on zizhaoh #####
##### SUCCESS: /usr/bin/time -o time_10_vdhankar_zizhaoh.txt -f "%U" python3 homework.py > stulog.txt 2>&1 on zizhaoh #####
##### zizhaoh plays [E c3 b4 ] in 2.23s #####
##### Running: /usr/lib/jvm/jdk-14.0.1/bin/java -jar /lab/itti/projects/checkers-competition/server/referee.jar on run_10_vdhankar_zizhaoh #####
Move is valid
##### SUCCESS: /usr/lib/jvm/jdk-14.0.1/bin/java -jar /lab/itti/projects/checkers-competition/server/referee.jar on run_10_vdhankar_zizhaoh #####
INPUT for vdhankar:
GAME
BLACK
236.794783830643
.b...b..
b.....b.
.......b
w.b.b...
.w.b...b
w...w.w.
.w...w.w
......w.
##### Running: /usr/bin/time -o time_10_vdhankar_zizhaoh.txt -f "%U" python3 homework.py > stulog.txt 2>&1 on vdhankar #####
child exited with value 1
##### ERROR: /usr/bin/time -o time_10_vdhankar_zizhaoh.txt -f "%U" python3 homework.py > stulog.txt 2>&1 on vdhankar #####
##### Output of failed program (stdout + stderr): #####
Traceback (most recent call last):
  File "homework.py", line 546, in <module>
    print(end-start)
NameError: name 'end' is not defined
##### End of output of failed program #####
##### vdhankar plays [E a7 b6] in 2.44850397109985s #####
##### Running: /usr/lib/jvm/jdk-14.0.1/bin/java -jar /lab/itti/projects/checkers-competition/server/referee.jar on run_10_vdhankar_zizhaoh #####
Move is valid
##### SUCCESS: /usr/lib/jvm/jdk-14.0.1/bin/java -jar /lab/itti/projects/checkers-competition/server/referee.jar on run_10_vdhankar_zizhaoh #####
INPUT for zizhaoh:
GAME
WHITE
263.79
.b...b..
......b.
.b.....b
w.b.b...
.w.b...b
w...w.w.
.w...w.w
......w.
##### Running: /usr/bin/time -o time_10_vdhankar_zizhaoh.txt -f "%U" python3 homework.py > stulog.txt 2>&1 on zizhaoh #####
##### SUCCESS: /usr/bin/time -o time_10_vdhankar_zizhaoh.txt -f "%U" python3 homework.py > stulog.txt 2>&1 on zizhaoh #####
##### zizhaoh plays [J b4 d6 ] in 1.22s #####
##### Running: /usr/lib/jvm/jdk-14.0.1/bin/java -jar /lab/itti/projects/checkers-competition/server/referee.jar on run_10_vdhankar_zizhaoh #####
Move is valid
##### SUCCESS: /usr/lib/jvm/jdk-14.0.1/bin/java -jar /lab/itti/projects/checkers-competition/server/referee.jar on run_10_vdhankar_zizhaoh #####
INPUT for vdhankar:
GAME
BLACK
234.346279859543
.b...b..
......b.
.b.w...b
w...b...
...b...b
w...w.w.
.w...w.w
......w.
##### Running: /usr/bin/time -o time_10_vdhankar_zizhaoh.txt -f "%U" python3 homework.py > stulog.txt 2>&1 on vdhankar #####
child exited with value 1
##### ERROR: /usr/bin/time -o time_10_vdhankar_zizhaoh.txt -f "%U" python3 homework.py > stulog.txt 2>&1 on vdhankar #####
##### Output of failed program (stdout + stderr): #####
Traceback (most recent call last):
  File "homework.py", line 546, in <module>
    print(end-start)
NameError: name 'end' is not defined
##### End of output of failed program #####
##### vdhankar plays [E b6 c5] in 4.47030997276306s #####
##### Running: /usr/lib/jvm/jdk-14.0.1/bin/java -jar /lab/itti/projects/checkers-competition/server/referee.jar on run_10_vdhankar_zizhaoh #####
Move is valid
##### SUCCESS: /usr/lib/jvm/jdk-14.0.1/bin/java -jar /lab/itti/projects/checkers-competition/server/referee.jar on run_10_vdhankar_zizhaoh #####
INPUT for zizhaoh:
GAME
WHITE
262.57
.b...b..
......b.
...w...b
w.b.b...
...b...b
w...w.w.
.w...w.w
......w.
##### Running: /usr/bin/time -o time_10_vdhankar_zizhaoh.txt -f "%U" python3 homework.py > stulog.txt 2>&1 on zizhaoh #####
##### SUCCESS: /usr/bin/time -o time_10_vdhankar_zizhaoh.txt -f "%U" python3 homework.py > stulog.txt 2>&1 on zizhaoh #####
##### zizhaoh plays [E a5 b6 ] in 3.49s #####
##### Running: /usr/lib/jvm/jdk-14.0.1/bin/java -jar /lab/itti/projects/checkers-competition/server/referee.jar on run_10_vdhankar_zizhaoh #####
Move is valid
##### SUCCESS: /usr/lib/jvm/jdk-14.0.1/bin/java -jar /lab/itti/projects/checkers-competition/server/referee.jar on run_10_vdhankar_zizhaoh #####
INPUT for vdhankar:
GAME
BLACK
229.87596988678
.b...b..
......b.
.w.w...b
..b.b...
...b...b
w...w.w.
.w...w.w
......w.
##### Running: /usr/bin/time -o time_10_vdhankar_zizhaoh.txt -f "%U" python3 homework.py > stulog.txt 2>&1 on vdhankar #####
child exited with value 1
##### ERROR: /usr/bin/time -o time_10_vdhankar_zizhaoh.txt -f "%U" python3 homework.py > stulog.txt 2>&1 on vdhankar #####
##### Output of failed program (stdout + stderr): #####
Traceback (most recent call last):
  File "homework.py", line 546, in <module>
    print(end-start)
NameError: name 'end' is not defined
##### End of output of failed program #####
##### vdhankar plays [E h6 g5] in 3.79903793334961s #####
##### Running: /usr/lib/jvm/jdk-14.0.1/bin/java -jar /lab/itti/projects/checkers-competition/server/referee.jar on run_10_vdhankar_zizhaoh #####
Move is valid
##### SUCCESS: /usr/lib/jvm/jdk-14.0.1/bin/java -jar /lab/itti/projects/checkers-competition/server/referee.jar on run_10_vdhankar_zizhaoh #####
INPUT for zizhaoh:
GAME
WHITE
259.08
.b...b..
......b.
.w.w....
..b.b.b.
...b...b
w...w.w.
.w...w.w
......w.
##### Running: /usr/bin/time -o time_10_vdhankar_zizhaoh.txt -f "%U" python3 homework.py > stulog.txt 2>&1 on zizhaoh #####
##### SUCCESS: /usr/bin/time -o time_10_vdhankar_zizhaoh.txt -f "%U" python3 homework.py > stulog.txt 2>&1 on zizhaoh #####
##### zizhaoh plays [E e3 f4 ] in 3.43s #####
##### Running: /usr/lib/jvm/jdk-14.0.1/bin/java -jar /lab/itti/projects/checkers-competition/server/referee.jar on run_10_vdhankar_zizhaoh #####
Move is valid
##### SUCCESS: /usr/lib/jvm/jdk-14.0.1/bin/java -jar /lab/itti/projects/checkers-competition/server/referee.jar on run_10_vdhankar_zizhaoh #####
INPUT for vdhankar:
GAME
BLACK
226.07693195343
.b...b..
......b.
.w.w....
..b.b.b.
...b.w.b
w.....w.
.w...w.w
......w.
##### Running: /usr/bin/time -o time_10_vdhankar_zizhaoh.txt -f "%U" python3 homework.py > stulog.txt 2>&1 on vdhankar #####
child exited with value 1
##### ERROR: /usr/bin/time -o time_10_vdhankar_zizhaoh.txt -f "%U" python3 homework.py > stulog.txt 2>&1 on vdhankar #####
##### Output of failed program (stdout + stderr): #####
Traceback (most recent call last):
  File "homework.py", line 546, in <module>
    print(end-start)
NameError: name 'end' is not defined
##### End of output of failed program #####
##### vdhankar plays [J g5 e3] in 1.6593542098999s #####
##### Running: /usr/lib/jvm/jdk-14.0.1/bin/java -jar /lab/itti/projects/checkers-competition/server/referee.jar on run_10_vdhankar_zizhaoh #####
Move is valid
##### SUCCESS: /usr/lib/jvm/jdk-14.0.1/bin/java -jar /lab/itti/projects/checkers-competition/server/referee.jar on run_10_vdhankar_zizhaoh #####
INPUT for zizhaoh:
GAME
WHITE
255.65
.b...b..
......b.
.w.w....
..b.b...
...b...b
w...b.w.
.w...w.w
......w.
##### Running: /usr/bin/time -o time_10_vdhankar_zizhaoh.txt -f "%U" python3 homework.py > stulog.txt 2>&1 on zizhaoh #####
##### SUCCESS: /usr/bin/time -o time_10_vdhankar_zizhaoh.txt -f "%U" python3 homework.py > stulog.txt 2>&1 on zizhaoh #####
##### zizhaoh plays [E b2 c3 ] in 4.31s #####
##### Running: /usr/lib/jvm/jdk-14.0.1/bin/java -jar /lab/itti/projects/checkers-competition/server/referee.jar on run_10_vdhankar_zizhaoh #####
Move is valid
##### SUCCESS: /usr/lib/jvm/jdk-14.0.1/bin/java -jar /lab/itti/projects/checkers-competition/server/referee.jar on run_10_vdhankar_zizhaoh #####
INPUT for vdhankar:
GAME
BLACK
224.41757774353
.b...b..
......b.
.w.w....
..b.b...
...b...b
w.w.b.w.
.....w.w
......w.
##### Running: /usr/bin/time -o time_10_vdhankar_zizhaoh.txt -f "%U" python3 homework.py > stulog.txt 2>&1 on vdhankar #####
child exited with value 1
##### ERROR: /usr/bin/time -o time_10_vdhankar_zizhaoh.txt -f "%U" python3 homework.py > stulog.txt 2>&1 on vdhankar #####
##### Output of failed program (stdout + stderr): #####
Traceback (most recent call last):
  File "homework.py", line 546, in <module>
    print(end-start)
NameError: name 'end' is not defined
##### End of output of failed program #####
##### vdhankar plays [J d4 b2] in 0.530740976333618s #####
##### Running: /usr/lib/jvm/jdk-14.0.1/bin/java -jar /lab/itti/projects/checkers-competition/server/referee.jar on run_10_vdhankar_zizhaoh #####
Move is valid
##### SUCCESS: /usr/lib/jvm/jdk-14.0.1/bin/java -jar /lab/itti/projects/checkers-competition/server/referee.jar on run_10_vdhankar_zizhaoh #####
INPUT for zizhaoh:
GAME
WHITE
251.34
.b...b..
......b.
.w.w....
..b.b...
.......b
w...b.w.
.b...w.w
......w.
##### Running: /usr/bin/time -o time_10_vdhankar_zizhaoh.txt -f "%U" python3 homework.py > stulog.txt 2>&1 on zizhaoh #####
##### SUCCESS: /usr/bin/time -o time_10_vdhankar_zizhaoh.txt -f "%U" python3 homework.py > stulog.txt 2>&1 on zizhaoh #####
##### zizhaoh plays [J f2 d4  ; J d4 f6  ; J f6 h8 ] in 0.25s #####
##### Running: /usr/lib/jvm/jdk-14.0.1/bin/java -jar /lab/itti/projects/checkers-competition/server/referee.jar on run_10_vdhankar_zizhaoh #####
Move is valid
##### SUCCESS: /usr/lib/jvm/jdk-14.0.1/bin/java -jar /lab/itti/projects/checkers-competition/server/referee.jar on run_10_vdhankar_zizhaoh #####
INPUT for vdhankar:
GAME
BLACK
223.886836767197
.b...b.W
........
.w.w....
..b.....
.......b
w.....w.
.b.....w
......w.
##### Running: /usr/bin/time -o time_10_vdhankar_zizhaoh.txt -f "%U" python3 homework.py > stulog.txt 2>&1 on vdhankar #####
child exited with value 1
##### ERROR: /usr/bin/time -o time_10_vdhankar_zizhaoh.txt -f "%U" python3 homework.py > stulog.txt 2>&1 on vdhankar #####
##### Output of failed program (stdout + stderr): #####
Traceback (most recent call last):
  File "homework.py", line 546, in <module>
    print(end-start)
NameError: name 'end' is not defined
##### End of output of failed program #####
##### vdhankar plays [J h4 f2] in 1.54284882545471s #####
##### Running: /usr/lib/jvm/jdk-14.0.1/bin/java -jar /lab/itti/projects/checkers-competition/server/referee.jar on run_10_vdhankar_zizhaoh #####
Move is valid
##### SUCCESS: /usr/lib/jvm/jdk-14.0.1/bin/java -jar /lab/itti/projects/checkers-competition/server/referee.jar on run_10_vdhankar_zizhaoh #####
INPUT for zizhaoh:
GAME
WHITE
251.09
.b...b.W
........
.w.w....
..b.....
........
w.......
.b...b.w
......w.
##### Running: /usr/bin/time -o time_10_vdhankar_zizhaoh.txt -f "%U" python3 homework.py > stulog.txt 2>&1 on zizhaoh #####
##### SUCCESS: /usr/bin/time -o time_10_vdhankar_zizhaoh.txt -f "%U" python3 homework.py > stulog.txt 2>&1 on zizhaoh #####
##### zizhaoh plays [J g1 e3 ] in 1.86s #####
##### Running: /usr/lib/jvm/jdk-14.0.1/bin/java -jar /lab/itti/projects/checkers-competition/server/referee.jar on run_10_vdhankar_zizhaoh #####
Move is valid
##### SUCCESS: /usr/lib/jvm/jdk-14.0.1/bin/java -jar /lab/itti/projects/checkers-competition/server/referee.jar on run_10_vdhankar_zizhaoh #####
INPUT for vdhankar:
GAME
BLACK
222.343987941742
.b...b.W
........
.w.w....
..b.....
........
w...w...
.b.....w
........
##### Running: /usr/bin/time -o time_10_vdhankar_zizhaoh.txt -f "%U" python3 homework.py > stulog.txt 2>&1 on vdhankar #####
child exited with value 1
##### ERROR: /usr/bin/time -o time_10_vdhankar_zizhaoh.txt -f "%U" python3 homework.py > stulog.txt 2>&1 on vdhankar #####
##### Output of failed program (stdout + stderr): #####
Traceback (most recent call last):
  File "homework.py", line 546, in <module>
    print(end-start)
NameError: name 'end' is not defined
##### End of output of failed program #####
##### vdhankar plays [E b2 c1] in 10.33997797966s #####
##### Running: /usr/lib/jvm/jdk-14.0.1/bin/java -jar /lab/itti/projects/checkers-competition/server/referee.jar on run_10_vdhankar_zizhaoh #####
Move is valid
##### SUCCESS: /usr/lib/jvm/jdk-14.0.1/bin/java -jar /lab/itti/projects/checkers-competition/server/referee.jar on run_10_vdhankar_zizhaoh #####
INPUT for zizhaoh:
GAME
WHITE
249.23
.b...b.W
........
.w.w....
..b.....
........
w...w...
.......w
..B.....
##### Running: /usr/bin/time -o time_10_vdhankar_zizhaoh.txt -f "%U" python3 homework.py > stulog.txt 2>&1 on zizhaoh #####
##### SUCCESS: /usr/bin/time -o time_10_vdhankar_zizhaoh.txt -f "%U" python3 homework.py > stulog.txt 2>&1 on zizhaoh #####
##### zizhaoh plays [E b6 a7 ] in 6.19s #####
##### Running: /usr/lib/jvm/jdk-14.0.1/bin/java -jar /lab/itti/projects/checkers-competition/server/referee.jar on run_10_vdhankar_zizhaoh #####
Move is valid
##### SUCCESS: /usr/lib/jvm/jdk-14.0.1/bin/java -jar /lab/itti/projects/checkers-competition/server/referee.jar on run_10_vdhankar_zizhaoh #####
INPUT for vdhankar:
GAME
BLACK
212.004009962082
.b...b.W
w.......
...w....
..b.....
........
w...w...
.......w
..B.....
##### Running: /usr/bin/time -o time_10_vdhankar_zizhaoh.txt -f "%U" python3 homework.py > stulog.txt 2>&1 on vdhankar #####
child exited with value 1
##### ERROR: /usr/bin/time -o time_10_vdhankar_zizhaoh.txt -f "%U" python3 homework.py > stulog.txt 2>&1 on vdhankar #####
##### Output of failed program (stdout + stderr): #####
Traceback (most recent call last):
  File "homework.py", line 546, in <module>
    print(end-start)
NameError: name 'end' is not defined
##### End of output of failed program #####
##### vdhankar plays [E c1 d2] in 5.29329299926758s #####
##### Running: /usr/lib/jvm/jdk-14.0.1/bin/java -jar /lab/itti/projects/checkers-competition/server/referee.jar on run_10_vdhankar_zizhaoh #####
Move is valid
##### SUCCESS: /usr/lib/jvm/jdk-14.0.1/bin/java -jar /lab/itti/projects/checkers-competition/server/referee.jar on run_10_vdhankar_zizhaoh #####
INPUT for zizhaoh:
GAME
WHITE
243.04
.b...b.W
w.......
...w....
..b.....
........
w...w...
...B...w
........
##### Running: /usr/bin/time -o time_10_vdhankar_zizhaoh.txt -f "%U" python3 homework.py > stulog.txt 2>&1 on zizhaoh #####
##### SUCCESS: /usr/bin/time -o time_10_vdhankar_zizhaoh.txt -f "%U" python3 homework.py > stulog.txt 2>&1 on zizhaoh #####
##### zizhaoh plays [E e3 f4 ] in 4.85s #####
##### Running: /usr/lib/jvm/jdk-14.0.1/bin/java -jar /lab/itti/projects/checkers-competition/server/referee.jar on run_10_vdhankar_zizhaoh #####
Move is valid
##### SUCCESS: /usr/lib/jvm/jdk-14.0.1/bin/java -jar /lab/itti/projects/checkers-competition/server/referee.jar on run_10_vdhankar_zizhaoh #####
INPUT for vdhankar:
GAME
BLACK
206.710716962814
.b...b.W
w.......
...w....
..b.....
.....w..
w.......
...B...w
........
##### Running: /usr/bin/time -o time_10_vdhankar_zizhaoh.txt -f "%U" python3 homework.py > stulog.txt 2>&1 on vdhankar #####
child exited with value 1
##### ERROR: /usr/bin/time -o time_10_vdhankar_zizhaoh.txt -f "%U" python3 homework.py > stulog.txt 2>&1 on vdhankar #####
##### Output of failed program (stdout + stderr): #####
Traceback (most recent call last):
  File "homework.py", line 546, in <module>
    print(end-start)
NameError: name 'end' is not defined
##### End of output of failed program #####
##### vdhankar plays [E d2 e3] in 10.6687669754028s #####
##### Running: /usr/lib/jvm/jdk-14.0.1/bin/java -jar /lab/itti/projects/checkers-competition/server/referee.jar on run_10_vdhankar_zizhaoh #####
Move is valid
##### SUCCESS: /usr/lib/jvm/jdk-14.0.1/bin/java -jar /lab/itti/projects/checkers-competition/server/referee.jar on run_10_vdhankar_zizhaoh #####
INPUT for zizhaoh:
GAME
WHITE
238.19
.b...b.W
w.......
...w....
..b.....
.....w..
w...B...
.......w
........
##### Running: /usr/bin/time -o time_10_vdhankar_zizhaoh.txt -f "%U" python3 homework.py > stulog.txt 2>&1 on zizhaoh #####
##### SUCCESS: /usr/bin/time -o time_10_vdhankar_zizhaoh.txt -f "%U" python3 homework.py > stulog.txt 2>&1 on zizhaoh #####
##### zizhaoh plays [E f4 e5 ] in 6.08s #####
##### Running: /usr/lib/jvm/jdk-14.0.1/bin/java -jar /lab/itti/projects/checkers-competition/server/referee.jar on run_10_vdhankar_zizhaoh #####
Move is valid
##### SUCCESS: /usr/lib/jvm/jdk-14.0.1/bin/java -jar /lab/itti/projects/checkers-competition/server/referee.jar on run_10_vdhankar_zizhaoh #####
INPUT for vdhankar:
GAME
BLACK
196.041949987411
.b...b.W
w.......
...w....
..b.w...
........
w...B...
.......w
........
##### Running: /usr/bin/time -o time_10_vdhankar_zizhaoh.txt -f "%U" python3 homework.py > stulog.txt 2>&1 on vdhankar #####
child exited with value 1
##### ERROR: /usr/bin/time -o time_10_vdhankar_zizhaoh.txt -f "%U" python3 homework.py > stulog.txt 2>&1 on vdhankar #####
##### Output of failed program (stdout + stderr): #####
Traceback (most recent call last):
  File "homework.py", line 546, in <module>
    print(end-start)
NameError: name 'end' is not defined
##### End of output of failed program #####
##### vdhankar plays [E c5 d4] in 6.8230459690094s #####
##### Running: /usr/lib/jvm/jdk-14.0.1/bin/java -jar /lab/itti/projects/checkers-competition/server/referee.jar on run_10_vdhankar_zizhaoh #####
Move is valid
##### SUCCESS: /usr/lib/jvm/jdk-14.0.1/bin/java -jar /lab/itti/projects/checkers-competition/server/referee.jar on run_10_vdhankar_zizhaoh #####
INPUT for zizhaoh:
GAME
WHITE
232.11
.b...b.W
w.......
...w....
....w...
...b....
w...B...
.......w
........
##### Running: /usr/bin/time -o time_10_vdhankar_zizhaoh.txt -f "%U" python3 homework.py > stulog.txt 2>&1 on zizhaoh #####
##### SUCCESS: /usr/bin/time -o time_10_vdhankar_zizhaoh.txt -f "%U" python3 homework.py > stulog.txt 2>&1 on zizhaoh #####
##### zizhaoh plays [E e5 f6 ] in 6s #####
##### Running: /usr/lib/jvm/jdk-14.0.1/bin/java -jar /lab/itti/projects/checkers-competition/server/referee.jar on run_10_vdhankar_zizhaoh #####
Move is valid
##### SUCCESS: /usr/lib/jvm/jdk-14.0.1/bin/java -jar /lab/itti/projects/checkers-competition/server/referee.jar on run_10_vdhankar_zizhaoh #####
INPUT for vdhankar:
GAME
BLACK
189.218904018402
.b...b.W
w.......
...w.w..
........
...b....
w...B...
.......w
........
##### Running: /usr/bin/time -o time_10_vdhankar_zizhaoh.txt -f "%U" python3 homework.py > stulog.txt 2>&1 on vdhankar #####
child exited with value 1
##### ERROR: /usr/bin/time -o time_10_vdhankar_zizhaoh.txt -f "%U" python3 homework.py > stulog.txt 2>&1 on vdhankar #####
##### Output of failed program (stdout + stderr): #####
Traceback (most recent call last):
  File "homework.py", line 546, in <module>
    print(end-start)
NameError: name 'end' is not defined
##### End of output of failed program #####
##### vdhankar plays [E d4 c3] in 7.71359992027283s #####
##### Running: /usr/lib/jvm/jdk-14.0.1/bin/java -jar /lab/itti/projects/checkers-competition/server/referee.jar on run_10_vdhankar_zizhaoh #####
Move is valid
##### SUCCESS: /usr/lib/jvm/jdk-14.0.1/bin/java -jar /lab/itti/projects/checkers-competition/server/referee.jar on run_10_vdhankar_zizhaoh #####
INPUT for zizhaoh:
GAME
WHITE
226.11
.b...b.W
w.......
...w.w..
........
........
w.b.B...
.......w
........
##### Running: /usr/bin/time -o time_10_vdhankar_zizhaoh.txt -f "%U" python3 homework.py > stulog.txt 2>&1 on zizhaoh #####
##### SUCCESS: /usr/bin/time -o time_10_vdhankar_zizhaoh.txt -f "%U" python3 homework.py > stulog.txt 2>&1 on zizhaoh #####
##### zizhaoh plays [E f6 e7 ] in 6.43s #####
##### Running: /usr/lib/jvm/jdk-14.0.1/bin/java -jar /lab/itti/projects/checkers-competition/server/referee.jar on run_10_vdhankar_zizhaoh #####
Move is valid
##### SUCCESS: /usr/lib/jvm/jdk-14.0.1/bin/java -jar /lab/itti/projects/checkers-competition/server/referee.jar on run_10_vdhankar_zizhaoh #####
INPUT for vdhankar:
GAME
BLACK
181.505304098129
.b...b.W
w...w...
...w....
........
........
w.b.B...
.......w
........
##### Running: /usr/bin/time -o time_10_vdhankar_zizhaoh.txt -f "%U" python3 homework.py > stulog.txt 2>&1 on vdhankar #####
child exited with value 1
##### ERROR: /usr/bin/time -o time_10_vdhankar_zizhaoh.txt -f "%U" python3 homework.py > stulog.txt 2>&1 on vdhankar #####
##### Output of failed program (stdout + stderr): #####
Traceback (most recent call last):
  File "homework.py", line 546, in <module>
    print(end-start)
NameError: name 'end' is not defined
##### End of output of failed program #####
##### vdhankar plays [E e3 d4] in 7.27554893493652s #####
##### Running: /usr/lib/jvm/jdk-14.0.1/bin/java -jar /lab/itti/projects/checkers-competition/server/referee.jar on run_10_vdhankar_zizhaoh #####
Move is valid
##### SUCCESS: /usr/lib/jvm/jdk-14.0.1/bin/java -jar /lab/itti/projects/checkers-competition/server/referee.jar on run_10_vdhankar_zizhaoh #####
INPUT for zizhaoh:
GAME
WHITE
219.68
.b...b.W
w...w...
...w....
........
...B....
w.b.....
.......w
........
##### Running: /usr/bin/time -o time_10_vdhankar_zizhaoh.txt -f "%U" python3 homework.py > stulog.txt 2>&1 on zizhaoh #####
##### SUCCESS: /usr/bin/time -o time_10_vdhankar_zizhaoh.txt -f "%U" python3 homework.py > stulog.txt 2>&1 on zizhaoh #####
##### zizhaoh plays [E e7 d8 ] in 5.86s #####
##### Running: /usr/lib/jvm/jdk-14.0.1/bin/java -jar /lab/itti/projects/checkers-competition/server/referee.jar on run_10_vdhankar_zizhaoh #####
Move is valid
##### SUCCESS: /usr/lib/jvm/jdk-14.0.1/bin/java -jar /lab/itti/projects/checkers-competition/server/referee.jar on run_10_vdhankar_zizhaoh #####
INPUT for vdhankar:
GAME
BLACK
174.229755163193
.b.W.b.W
w.......
...w....
........
...B....
w.b.....
.......w
........
##### Running: /usr/bin/time -o time_10_vdhankar_zizhaoh.txt -f "%U" python3 homework.py > stulog.txt 2>&1 on vdhankar #####
child exited with value 1
##### ERROR: /usr/bin/time -o time_10_vdhankar_zizhaoh.txt -f "%U" python3 homework.py > stulog.txt 2>&1 on vdhankar #####
##### Output of failed program (stdout + stderr): #####
Traceback (most recent call last):
  File "homework.py", line 546, in <module>
    print(end-start)
NameError: name 'end' is not defined
##### End of output of failed program #####
##### vdhankar plays [E c3 d2] in 17.7277669906616s #####
##### Running: /usr/lib/jvm/jdk-14.0.1/bin/java -jar /lab/itti/projects/checkers-competition/server/referee.jar on run_10_vdhankar_zizhaoh #####
Move is valid
##### SUCCESS: /usr/lib/jvm/jdk-14.0.1/bin/java -jar /lab/itti/projects/checkers-competition/server/referee.jar on run_10_vdhankar_zizhaoh #####
INPUT for zizhaoh:
GAME
WHITE
213.82
.b.W.b.W
w.......
...w....
........
...B....
w.......
...b...w
........
##### Running: /usr/bin/time -o time_10_vdhankar_zizhaoh.txt -f "%U" python3 homework.py > stulog.txt 2>&1 on zizhaoh #####
##### SUCCESS: /usr/bin/time -o time_10_vdhankar_zizhaoh.txt -f "%U" python3 homework.py > stulog.txt 2>&1 on zizhaoh #####
##### zizhaoh plays [E d8 c7 ] in 9.23s #####
##### Running: /usr/lib/jvm/jdk-14.0.1/bin/java -jar /lab/itti/projects/checkers-competition/server/referee.jar on run_10_vdhankar_zizhaoh #####
Move is valid
##### SUCCESS: /usr/lib/jvm/jdk-14.0.1/bin/java -jar /lab/itti/projects/checkers-competition/server/referee.jar on run_10_vdhankar_zizhaoh #####
INPUT for vdhankar:
GAME
BLACK
156.501988172531
.b...b.W
w.W.....
...w....
........
...B....
w.......
...b...w
........
##### Running: /usr/bin/time -o time_10_vdhankar_zizhaoh.txt -f "%U" python3 homework.py > stulog.txt 2>&1 on vdhankar #####
child exited with value 1
##### ERROR: /usr/bin/time -o time_10_vdhankar_zizhaoh.txt -f "%U" python3 homework.py > stulog.txt 2>&1 on vdhankar #####
##### Output of failed program (stdout + stderr): #####
Traceback (most recent call last):
  File "homework.py", line 546, in <module>
    print(end-start)
NameError: name 'end' is not defined
##### End of output of failed program #####
##### vdhankar plays [E d2 e1] in 8.52953195571899s #####
##### Running: /usr/lib/jvm/jdk-14.0.1/bin/java -jar /lab/itti/projects/checkers-competition/server/referee.jar on run_10_vdhankar_zizhaoh #####
Move is valid
##### SUCCESS: /usr/lib/jvm/jdk-14.0.1/bin/java -jar /lab/itti/projects/checkers-competition/server/referee.jar on run_10_vdhankar_zizhaoh #####
INPUT for zizhaoh:
GAME
WHITE
204.59
.b...b.W
w.W.....
...w....
........
...B....
w.......
.......w
....B...
##### Running: /usr/bin/time -o time_10_vdhankar_zizhaoh.txt -f "%U" python3 homework.py > stulog.txt 2>&1 on zizhaoh #####
##### SUCCESS: /usr/bin/time -o time_10_vdhankar_zizhaoh.txt -f "%U" python3 homework.py > stulog.txt 2>&1 on zizhaoh #####
##### zizhaoh plays [E c7 d8 ] in 6.99s #####
##### Running: /usr/lib/jvm/jdk-14.0.1/bin/java -jar /lab/itti/projects/checkers-competition/server/referee.jar on run_10_vdhankar_zizhaoh #####
Move is valid
##### SUCCESS: /usr/lib/jvm/jdk-14.0.1/bin/java -jar /lab/itti/projects/checkers-competition/server/referee.jar on run_10_vdhankar_zizhaoh #####
INPUT for vdhankar:
GAME
BLACK
147.972456216812
.b.W.b.W
w.......
...w....
........
...B....
w.......
.......w
....B...
##### Running: /usr/bin/time -o time_10_vdhankar_zizhaoh.txt -f "%U" python3 homework.py > stulog.txt 2>&1 on vdhankar #####
child exited with value 1
##### ERROR: /usr/bin/time -o time_10_vdhankar_zizhaoh.txt -f "%U" python3 homework.py > stulog.txt 2>&1 on vdhankar #####
##### Output of failed program (stdout + stderr): #####
Traceback (most recent call last):
  File "homework.py", line 546, in <module>
    print(end-start)
NameError: name 'end' is not defined
##### End of output of failed program #####
##### vdhankar plays [E e1 f2] in 18.4727721214294s #####
##### Running: /usr/lib/jvm/jdk-14.0.1/bin/java -jar /lab/itti/projects/checkers-competition/server/referee.jar on run_10_vdhankar_zizhaoh #####
Move is valid
##### SUCCESS: /usr/lib/jvm/jdk-14.0.1/bin/java -jar /lab/itti/projects/checkers-competition/server/referee.jar on run_10_vdhankar_zizhaoh #####
INPUT for zizhaoh:
GAME
WHITE
197.6
.b.W.b.W
w.......
...w....
........
...B....
w.......
.....B.w
........
##### Running: /usr/bin/time -o time_10_vdhankar_zizhaoh.txt -f "%U" python3 homework.py > stulog.txt 2>&1 on zizhaoh #####
##### SUCCESS: /usr/bin/time -o time_10_vdhankar_zizhaoh.txt -f "%U" python3 homework.py > stulog.txt 2>&1 on zizhaoh #####
##### zizhaoh plays [E d8 c7 ] in 5.48s #####
##### Running: /usr/lib/jvm/jdk-14.0.1/bin/java -jar /lab/itti/projects/checkers-competition/server/referee.jar on run_10_vdhankar_zizhaoh #####
Move is valid
##### SUCCESS: /usr/lib/jvm/jdk-14.0.1/bin/java -jar /lab/itti/projects/checkers-competition/server/referee.jar on run_10_vdhankar_zizhaoh #####
INPUT for vdhankar:
GAME
BLACK
129.499684095383
.b...b.W
w.W.....
...w....
........
...B....
w.......
.....B.w
........
##### Running: /usr/bin/time -o time_10_vdhankar_zizhaoh.txt -f "%U" python3 homework.py > stulog.txt 2>&1 on vdhankar #####
child exited with value 1
##### ERROR: /usr/bin/time -o time_10_vdhankar_zizhaoh.txt -f "%U" python3 homework.py > stulog.txt 2>&1 on vdhankar #####
##### Output of failed program (stdout + stderr): #####
Traceback (most recent call last):
  File "homework.py", line 546, in <module>
    print(end-start)
NameError: name 'end' is not defined
##### End of output of failed program #####
##### vdhankar plays [E f2 e3] in 11.9699189662933s #####
##### Running: /usr/lib/jvm/jdk-14.0.1/bin/java -jar /lab/itti/projects/checkers-competition/server/referee.jar on run_10_vdhankar_zizhaoh #####
Move is valid
##### SUCCESS: /usr/lib/jvm/jdk-14.0.1/bin/java -jar /lab/itti/projects/checkers-competition/server/referee.jar on run_10_vdhankar_zizhaoh #####
INPUT for zizhaoh:
GAME
WHITE
192.12
.b...b.W
w.W.....
...w....
........
...B....
w...B...
.......w
........
##### Running: /usr/bin/time -o time_10_vdhankar_zizhaoh.txt -f "%U" python3 homework.py > stulog.txt 2>&1 on zizhaoh #####
##### SUCCESS: /usr/bin/time -o time_10_vdhankar_zizhaoh.txt -f "%U" python3 homework.py > stulog.txt 2>&1 on zizhaoh #####
##### zizhaoh plays [E c7 d8 ] in 7.21s #####
##### Running: /usr/lib/jvm/jdk-14.0.1/bin/java -jar /lab/itti/projects/checkers-competition/server/referee.jar on run_10_vdhankar_zizhaoh #####
Move is valid
##### SUCCESS: /usr/lib/jvm/jdk-14.0.1/bin/java -jar /lab/itti/projects/checkers-competition/server/referee.jar on run_10_vdhankar_zizhaoh #####
INPUT for vdhankar:
GAME
BLACK
117.529765129089
.b.W.b.W
w.......
...w....
........
...B....
w...B...
.......w
........
##### Running: /usr/bin/time -o time_10_vdhankar_zizhaoh.txt -f "%U" python3 homework.py > stulog.txt 2>&1 on vdhankar #####
child exited with value 1
##### ERROR: /usr/bin/time -o time_10_vdhankar_zizhaoh.txt -f "%U" python3 homework.py > stulog.txt 2>&1 on vdhankar #####
##### Output of failed program (stdout + stderr): #####
Traceback (most recent call last):
  File "homework.py", line 546, in <module>
    print(end-start)
NameError: name 'end' is not defined
##### End of output of failed program #####
##### vdhankar plays [E e3 f4] in 18.0017068386078s #####
##### Running: /usr/lib/jvm/jdk-14.0.1/bin/java -jar /lab/itti/projects/checkers-competition/server/referee.jar on run_10_vdhankar_zizhaoh #####
Move is valid
##### SUCCESS: /usr/lib/jvm/jdk-14.0.1/bin/java -jar /lab/itti/projects/checkers-competition/server/referee.jar on run_10_vdhankar_zizhaoh #####
INPUT for zizhaoh:
GAME
WHITE
184.91
.b.W.b.W
w.......
...w....
........
...B.B..
w.......
.......w
........
##### Running: /usr/bin/time -o time_10_vdhankar_zizhaoh.txt -f "%U" python3 homework.py > stulog.txt 2>&1 on zizhaoh #####
##### SUCCESS: /usr/bin/time -o time_10_vdhankar_zizhaoh.txt -f "%U" python3 homework.py > stulog.txt 2>&1 on zizhaoh #####
##### zizhaoh plays [E d8 c7 ] in 5.64s #####
##### Running: /usr/lib/jvm/jdk-14.0.1/bin/java -jar /lab/itti/projects/checkers-competition/server/referee.jar on run_10_vdhankar_zizhaoh #####
Move is valid
##### SUCCESS: /usr/lib/jvm/jdk-14.0.1/bin/java -jar /lab/itti/projects/checkers-competition/server/referee.jar on run_10_vdhankar_zizhaoh #####
INPUT for vdhankar:
GAME
BLACK
99.5280582904816
.b...b.W
w.W.....
...w....
........
...B.B..
w.......
.......w
........
##### Running: /usr/bin/time -o time_10_vdhankar_zizhaoh.txt -f "%U" python3 homework.py > stulog.txt 2>&1 on vdhankar #####
child exited with value 1
##### ERROR: /usr/bin/time -o time_10_vdhankar_zizhaoh.txt -f "%U" python3 homework.py > stulog.txt 2>&1 on vdhankar #####
##### Output of failed program (stdout + stderr): #####
Traceback (most recent call last):
  File "homework.py", line 546, in <module>
    print(end-start)
NameError: name 'end' is not defined
##### End of output of failed program #####
##### vdhankar plays [E f4 g5] in 9.23726916313171s #####
##### Running: /usr/lib/jvm/jdk-14.0.1/bin/java -jar /lab/itti/projects/checkers-competition/server/referee.jar on run_10_vdhankar_zizhaoh #####
Move is valid
##### SUCCESS: /usr/lib/jvm/jdk-14.0.1/bin/java -jar /lab/itti/projects/checkers-competition/server/referee.jar on run_10_vdhankar_zizhaoh #####
INPUT for zizhaoh:
GAME
WHITE
179.27
.b...b.W
w.W.....
...w....
......B.
...B....
w.......
.......w
........
##### Running: /usr/bin/time -o time_10_vdhankar_zizhaoh.txt -f "%U" python3 homework.py > stulog.txt 2>&1 on zizhaoh #####
##### SUCCESS: /usr/bin/time -o time_10_vdhankar_zizhaoh.txt -f "%U" python3 homework.py > stulog.txt 2>&1 on zizhaoh #####
##### zizhaoh plays [E c7 d8 ] in 7.24s #####
##### Running: /usr/lib/jvm/jdk-14.0.1/bin/java -jar /lab/itti/projects/checkers-competition/server/referee.jar on run_10_vdhankar_zizhaoh #####
Move is valid
##### SUCCESS: /usr/lib/jvm/jdk-14.0.1/bin/java -jar /lab/itti/projects/checkers-competition/server/referee.jar on run_10_vdhankar_zizhaoh #####
INPUT for vdhankar:
GAME
BLACK
90.2907891273499
.b.W.b.W
w.......
...w....
......B.
...B....
w.......
.......w
........
##### Running: /usr/bin/time -o time_10_vdhankar_zizhaoh.txt -f "%U" python3 homework.py > stulog.txt 2>&1 on vdhankar #####
child exited with value 1
##### ERROR: /usr/bin/time -o time_10_vdhankar_zizhaoh.txt -f "%U" python3 homework.py > stulog.txt 2>&1 on vdhankar #####
##### Output of failed program (stdout + stderr): #####
Traceback (most recent call last):
  File "homework.py", line 546, in <module>
    print(end-start)
NameError: name 'end' is not defined
##### End of output of failed program #####
##### vdhankar plays [E d4 e3] in 10.5861668586731s #####
##### Running: /usr/lib/jvm/jdk-14.0.1/bin/java -jar /lab/itti/projects/checkers-competition/server/referee.jar on run_10_vdhankar_zizhaoh #####
Move is valid
##### SUCCESS: /usr/lib/jvm/jdk-14.0.1/bin/java -jar /lab/itti/projects/checkers-competition/server/referee.jar on run_10_vdhankar_zizhaoh #####
INPUT for zizhaoh:
GAME
WHITE
172.03
.b.W.b.W
w.......
...w....
......B.
........
w...B...
.......w
........
##### Running: /usr/bin/time -o time_10_vdhankar_zizhaoh.txt -f "%U" python3 homework.py > stulog.txt 2>&1 on zizhaoh #####
##### SUCCESS: /usr/bin/time -o time_10_vdhankar_zizhaoh.txt -f "%U" python3 homework.py > stulog.txt 2>&1 on zizhaoh #####
##### zizhaoh plays [E d8 c7 ] in 5.7s #####
##### Running: /usr/lib/jvm/jdk-14.0.1/bin/java -jar /lab/itti/projects/checkers-competition/server/referee.jar on run_10_vdhankar_zizhaoh #####
Move is valid
##### SUCCESS: /usr/lib/jvm/jdk-14.0.1/bin/java -jar /lab/itti/projects/checkers-competition/server/referee.jar on run_10_vdhankar_zizhaoh #####
INPUT for vdhankar:
GAME
BLACK
79.7046222686768
.b...b.W
w.W.....
...w....
......B.
........
w...B...
.......w
........
##### Running: /usr/bin/time -o time_10_vdhankar_zizhaoh.txt -f "%U" python3 homework.py > stulog.txt 2>&1 on vdhankar #####
child exited with value 1
##### ERROR: /usr/bin/time -o time_10_vdhankar_zizhaoh.txt -f "%U" python3 homework.py > stulog.txt 2>&1 on vdhankar #####
##### Output of failed program (stdout + stderr): #####
Traceback (most recent call last):
  File "homework.py", line 546, in <module>
    print(end-start)
NameError: name 'end' is not defined
##### End of output of failed program #####
##### vdhankar plays [E e3 d4] in 11.6789321899414s #####
##### Running: /usr/lib/jvm/jdk-14.0.1/bin/java -jar /lab/itti/projects/checkers-competition/server/referee.jar on run_10_vdhankar_zizhaoh #####
Move is valid
##### SUCCESS: /usr/lib/jvm/jdk-14.0.1/bin/java -jar /lab/itti/projects/checkers-competition/server/referee.jar on run_10_vdhankar_zizhaoh #####
INPUT for zizhaoh:
GAME
WHITE
166.33
.b...b.W
w.W.....
...w....
......B.
...B....
w.......
.......w
........
##### Running: /usr/bin/time -o time_10_vdhankar_zizhaoh.txt -f "%U" python3 homework.py > stulog.txt 2>&1 on zizhaoh #####
##### SUCCESS: /usr/bin/time -o time_10_vdhankar_zizhaoh.txt -f "%U" python3 homework.py > stulog.txt 2>&1 on zizhaoh #####
##### zizhaoh plays [E c7 d8 ] in 7.39s #####
##### Running: /usr/lib/jvm/jdk-14.0.1/bin/java -jar /lab/itti/projects/checkers-competition/server/referee.jar on run_10_vdhankar_zizhaoh #####
Move is valid
##### SUCCESS: /usr/lib/jvm/jdk-14.0.1/bin/java -jar /lab/itti/projects/checkers-competition/server/referee.jar on run_10_vdhankar_zizhaoh #####
INPUT for vdhankar:
GAME
BLACK
68.0256900787354
.b.W.b.W
w.......
...w....
......B.
...B....
w.......
.......w
........
##### Running: /usr/bin/time -o time_10_vdhankar_zizhaoh.txt -f "%U" python3 homework.py > stulog.txt 2>&1 on vdhankar #####
child exited with value 1
##### ERROR: /usr/bin/time -o time_10_vdhankar_zizhaoh.txt -f "%U" python3 homework.py > stulog.txt 2>&1 on vdhankar #####
##### Output of failed program (stdout + stderr): #####
Traceback (most recent call last):
  File "homework.py", line 546, in <module>
    print(end-start)
NameError: name 'end' is not defined
##### End of output of failed program #####
##### vdhankar plays [E d4 e3] in 8.44922590255737s #####
##### Running: /usr/lib/jvm/jdk-14.0.1/bin/java -jar /lab/itti/projects/checkers-competition/server/referee.jar on run_10_vdhankar_zizhaoh #####
Move is valid
##### SUCCESS: /usr/lib/jvm/jdk-14.0.1/bin/java -jar /lab/itti/projects/checkers-competition/server/referee.jar on run_10_vdhankar_zizhaoh #####
INPUT for zizhaoh:
GAME
WHITE
158.94
.b.W.b.W
w.......
...w....
......B.
........
w...B...
.......w
........
##### Running: /usr/bin/time -o time_10_vdhankar_zizhaoh.txt -f "%U" python3 homework.py > stulog.txt 2>&1 on zizhaoh #####
##### SUCCESS: /usr/bin/time -o time_10_vdhankar_zizhaoh.txt -f "%U" python3 homework.py > stulog.txt 2>&1 on zizhaoh #####
##### zizhaoh plays [E d8 c7 ] in 5.82s #####
##### Running: /usr/lib/jvm/jdk-14.0.1/bin/java -jar /lab/itti/projects/checkers-competition/server/referee.jar on run_10_vdhankar_zizhaoh #####
Move is valid
##### SUCCESS: /usr/lib/jvm/jdk-14.0.1/bin/java -jar /lab/itti/projects/checkers-competition/server/referee.jar on run_10_vdhankar_zizhaoh #####
INPUT for vdhankar:
GAME
BLACK
59.576464176178
.b...b.W
w.W.....
...w....
......B.
........
w...B...
.......w
........
##### Running: /usr/bin/time -o time_10_vdhankar_zizhaoh.txt -f "%U" python3 homework.py > stulog.txt 2>&1 on vdhankar #####
child exited with value 1
##### ERROR: /usr/bin/time -o time_10_vdhankar_zizhaoh.txt -f "%U" python3 homework.py > stulog.txt 2>&1 on vdhankar #####
##### Output of failed program (stdout + stderr): #####
Traceback (most recent call last):
  File "homework.py", line 546, in <module>
    print(end-start)
NameError: name 'end' is not defined
##### End of output of failed program #####
##### vdhankar plays [E e3 d4] in 9.91199398040771s #####
##### Running: /usr/lib/jvm/jdk-14.0.1/bin/java -jar /lab/itti/projects/checkers-competition/server/referee.jar on run_10_vdhankar_zizhaoh #####
Move is valid
##### SUCCESS: /usr/lib/jvm/jdk-14.0.1/bin/java -jar /lab/itti/projects/checkers-competition/server/referee.jar on run_10_vdhankar_zizhaoh #####
INPUT for zizhaoh:
GAME
WHITE
153.12
.b...b.W
w.W.....
...w....
......B.
...B....
w.......
.......w
........
##### Running: /usr/bin/time -o time_10_vdhankar_zizhaoh.txt -f "%U" python3 homework.py > stulog.txt 2>&1 on zizhaoh #####
##### SUCCESS: /usr/bin/time -o time_10_vdhankar_zizhaoh.txt -f "%U" python3 homework.py > stulog.txt 2>&1 on zizhaoh #####
##### zizhaoh plays [E c7 d8 ] in 6.97s #####
##### Running: /usr/lib/jvm/jdk-14.0.1/bin/java -jar /lab/itti/projects/checkers-competition/server/referee.jar on run_10_vdhankar_zizhaoh #####
Move is valid
Seen this position 3 times
*** Game ends in draw ***
##### SUCCESS: /usr/lib/jvm/jdk-14.0.1/bin/java -jar /lab/itti/projects/checkers-competition/server/referee.jar on run_10_vdhankar_zizhaoh #####
##### GAME ENDS IN A DRAW. Time left for vdhankar: 49.6644701957703s, zizhaoh: 146.15s
Server said: DRAW
##### GAME OVER: the game ends in a draw, zizhaoh wins by time remaining #####
########## ROUND 10 GAMESCORE AFTER GAME 1: vdhankar=0 and zizhaoh=1 ##########
#################### ROUND 10: vdhankar (W) vs zizhaoh (B): game 2 ####################
##### game start! #####
INPUT for zizhaoh:
GAME
BLACK
300
.b.b.b.b
b.b.b.b.
.b.b.b.b
........
........
w.w.w.w.
.w.w.w.w
w.w.w.w.
##### Running: /usr/bin/time -o time_10_vdhankar_zizhaoh.txt -f "%U" python3 homework.py > stulog.txt 2>&1 on zizhaoh #####
##### SUCCESS: /usr/bin/time -o time_10_vdhankar_zizhaoh.txt -f "%U" python3 homework.py > stulog.txt 2>&1 on zizhaoh #####
##### zizhaoh plays [E b6 a5 ] in 5.52s #####
##### Running: /usr/lib/jvm/jdk-14.0.1/bin/java -jar /lab/itti/projects/checkers-competition/server/referee.jar on run_10_vdhankar_zizhaoh #####
Move is valid
Couldn't read file 'current_ply.txt'
Couldn't read content from file 'current_ply.txt'
Couldn't read file 'lastmatchange_ply.txt'
Couldn't read content from file 'lastmatchange_ply.txt'
##### SUCCESS: /usr/lib/jvm/jdk-14.0.1/bin/java -jar /lab/itti/projects/checkers-competition/server/referee.jar on run_10_vdhankar_zizhaoh #####
INPUT for vdhankar:
GAME
WHITE
300
.b.b.b.b
b.b.b.b.
...b.b.b
b.......
........
w.w.w.w.
.w.w.w.w
w.w.w.w.
##### Running: /usr/bin/time -o time_10_vdhankar_zizhaoh.txt -f "%U" python3 homework.py > stulog.txt 2>&1 on vdhankar #####
child exited with value 1
##### ERROR: /usr/bin/time -o time_10_vdhankar_zizhaoh.txt -f "%U" python3 homework.py > stulog.txt 2>&1 on vdhankar #####
##### Output of failed program (stdout + stderr): #####
Traceback (most recent call last):
  File "homework.py", line 546, in <module>
    print(end-start)
NameError: name 'end' is not defined
##### End of output of failed program #####
##### vdhankar plays [E g3 h4] in 10.3792090415955s #####
##### Running: /usr/lib/jvm/jdk-14.0.1/bin/java -jar /lab/itti/projects/checkers-competition/server/referee.jar on run_10_vdhankar_zizhaoh #####
Move is valid
##### SUCCESS: /usr/lib/jvm/jdk-14.0.1/bin/java -jar /lab/itti/projects/checkers-competition/server/referee.jar on run_10_vdhankar_zizhaoh #####
INPUT for zizhaoh:
GAME
BLACK
294.48
.b.b.b.b
b.b.b.b.
...b.b.b
b.......
.......w
w.w.w...
.w.w.w.w
w.w.w.w.
##### Running: /usr/bin/time -o time_10_vdhankar_zizhaoh.txt -f "%U" python3 homework.py > stulog.txt 2>&1 on zizhaoh #####
##### SUCCESS: /usr/bin/time -o time_10_vdhankar_zizhaoh.txt -f "%U" python3 homework.py > stulog.txt 2>&1 on zizhaoh #####
##### zizhaoh plays [E a7 b6 ] in 6.18s #####
##### Running: /usr/lib/jvm/jdk-14.0.1/bin/java -jar /lab/itti/projects/checkers-competition/server/referee.jar on run_10_vdhankar_zizhaoh #####
Move is valid
##### SUCCESS: /usr/lib/jvm/jdk-14.0.1/bin/java -jar /lab/itti/projects/checkers-competition/server/referee.jar on run_10_vdhankar_zizhaoh #####
INPUT for vdhankar:
GAME
WHITE
289.620790958405
.b.b.b.b
..b.b.b.
.b.b.b.b
b.......
.......w
w.w.w...
.w.w.w.w
w.w.w.w.
##### Running: /usr/bin/time -o time_10_vdhankar_zizhaoh.txt -f "%U" python3 homework.py > stulog.txt 2>&1 on vdhankar #####
child exited with value 1
##### ERROR: /usr/bin/time -o time_10_vdhankar_zizhaoh.txt -f "%U" python3 homework.py > stulog.txt 2>&1 on vdhankar #####
##### Output of failed program (stdout + stderr): #####
Traceback (most recent call last):
  File "homework.py", line 546, in <module>
    print(end-start)
NameError: name 'end' is not defined
##### End of output of failed program #####
##### vdhankar plays [E h2 g3] in 14.8772130012512s #####
##### Running: /usr/lib/jvm/jdk-14.0.1/bin/java -jar /lab/itti/projects/checkers-competition/server/referee.jar on run_10_vdhankar_zizhaoh #####
Move is valid
##### SUCCESS: /usr/lib/jvm/jdk-14.0.1/bin/java -jar /lab/itti/projects/checkers-competition/server/referee.jar on run_10_vdhankar_zizhaoh #####
INPUT for zizhaoh:
GAME
BLACK
288.3
.b.b.b.b
..b.b.b.
.b.b.b.b
b.......
.......w
w.w.w.w.
.w.w.w..
w.w.w.w.
##### Running: /usr/bin/time -o time_10_vdhankar_zizhaoh.txt -f "%U" python3 homework.py > stulog.txt 2>&1 on zizhaoh #####
##### SUCCESS: /usr/bin/time -o time_10_vdhankar_zizhaoh.txt -f "%U" python3 homework.py > stulog.txt 2>&1 on zizhaoh #####
##### zizhaoh plays [E b8 a7 ] in 4.95s #####
##### Running: /usr/lib/jvm/jdk-14.0.1/bin/java -jar /lab/itti/projects/checkers-competition/server/referee.jar on run_10_vdhankar_zizhaoh #####
Move is valid
##### SUCCESS: /usr/lib/jvm/jdk-14.0.1/bin/java -jar /lab/itti/projects/checkers-competition/server/referee.jar on run_10_vdhankar_zizhaoh #####
INPUT for vdhankar:
GAME
WHITE
274.743577957153
...b.b.b
b.b.b.b.
.b.b.b.b
b.......
.......w
w.w.w.w.
.w.w.w..
w.w.w.w.
##### Running: /usr/bin/time -o time_10_vdhankar_zizhaoh.txt -f "%U" python3 homework.py > stulog.txt 2>&1 on vdhankar #####
child exited with value 1
##### ERROR: /usr/bin/time -o time_10_vdhankar_zizhaoh.txt -f "%U" python3 homework.py > stulog.txt 2>&1 on vdhankar #####
##### Output of failed program (stdout + stderr): #####
Traceback (most recent call last):
  File "homework.py", line 546, in <module>
    print(end-start)
NameError: name 'end' is not defined
##### End of output of failed program #####
##### vdhankar plays [E c3 d4] in 4.06383299827576s #####
##### Running: /usr/lib/jvm/jdk-14.0.1/bin/java -jar /lab/itti/projects/checkers-competition/server/referee.jar on run_10_vdhankar_zizhaoh #####
Move is valid
##### SUCCESS: /usr/lib/jvm/jdk-14.0.1/bin/java -jar /lab/itti/projects/checkers-competition/server/referee.jar on run_10_vdhankar_zizhaoh #####
INPUT for zizhaoh:
GAME
BLACK
283.35
...b.b.b
b.b.b.b.
.b.b.b.b
b.......
...w...w
w...w.w.
.w.w.w..
w.w.w.w.
##### Running: /usr/bin/time -o time_10_vdhankar_zizhaoh.txt -f "%U" python3 homework.py > stulog.txt 2>&1 on zizhaoh #####
##### SUCCESS: /usr/bin/time -o time_10_vdhankar_zizhaoh.txt -f "%U" python3 homework.py > stulog.txt 2>&1 on zizhaoh #####
##### zizhaoh plays [E d6 c5 ] in 1.54s #####
##### Running: /usr/lib/jvm/jdk-14.0.1/bin/java -jar /lab/itti/projects/checkers-competition/server/referee.jar on run_10_vdhankar_zizhaoh #####
Move is valid
##### SUCCESS: /usr/lib/jvm/jdk-14.0.1/bin/java -jar /lab/itti/projects/checkers-competition/server/referee.jar on run_10_vdhankar_zizhaoh #####
INPUT for vdhankar:
GAME
WHITE
270.679744958878
...b.b.b
b.b.b.b.
.b...b.b
b.b.....
...w...w
w...w.w.
.w.w.w..
w.w.w.w.
##### Running: /usr/bin/time -o time_10_vdhankar_zizhaoh.txt -f "%U" python3 homework.py > stulog.txt 2>&1 on vdhankar #####
child exited with value 1
##### ERROR: /usr/bin/time -o time_10_vdhankar_zizhaoh.txt -f "%U" python3 homework.py > stulog.txt 2>&1 on vdhankar #####
##### Output of failed program (stdout + stderr): #####
Traceback (most recent call last):
  File "homework.py", line 546, in <module>
    print(end-start)
NameError: name 'end' is not defined
##### End of output of failed program #####
##### vdhankar plays [E b2 c3] in 2.65956711769104s #####
##### Running: /usr/lib/jvm/jdk-14.0.1/bin/java -jar /lab/itti/projects/checkers-competition/server/referee.jar on run_10_vdhankar_zizhaoh #####
Move is valid
##### SUCCESS: /usr/lib/jvm/jdk-14.0.1/bin/java -jar /lab/itti/projects/checkers-competition/server/referee.jar on run_10_vdhankar_zizhaoh #####
INPUT for zizhaoh:
GAME
BLACK
281.81
...b.b.b
b.b.b.b.
.b...b.b
b.b.....
...w...w
w.w.w.w.
...w.w..
w.w.w.w.
##### Running: /usr/bin/time -o time_10_vdhankar_zizhaoh.txt -f "%U" python3 homework.py > stulog.txt 2>&1 on zizhaoh #####
##### SUCCESS: /usr/bin/time -o time_10_vdhankar_zizhaoh.txt -f "%U" python3 homework.py > stulog.txt 2>&1 on zizhaoh #####
##### zizhaoh plays [E c7 d6 ] in 2.04s #####
##### Running: /usr/lib/jvm/jdk-14.0.1/bin/java -jar /lab/itti/projects/checkers-competition/server/referee.jar on run_10_vdhankar_zizhaoh #####
Move is valid
##### SUCCESS: /usr/lib/jvm/jdk-14.0.1/bin/java -jar /lab/itti/projects/checkers-competition/server/referee.jar on run_10_vdhankar_zizhaoh #####
INPUT for vdhankar:
GAME
WHITE
268.020177841187
...b.b.b
b...b.b.
.b.b.b.b
b.b.....
...w...w
w.w.w.w.
...w.w..
w.w.w.w.
##### Running: /usr/bin/time -o time_10_vdhankar_zizhaoh.txt -f "%U" python3 homework.py > stulog.txt 2>&1 on vdhankar #####
child exited with value 1
##### ERROR: /usr/bin/time -o time_10_vdhankar_zizhaoh.txt -f "%U" python3 homework.py > stulog.txt 2>&1 on vdhankar #####
##### Output of failed program (stdout + stderr): #####
Traceback (most recent call last):
  File "homework.py", line 546, in <module>
    print(end-start)
NameError: name 'end' is not defined
##### End of output of failed program #####
##### vdhankar plays [E a1 b2] in 3.54244709014893s #####
##### Running: /usr/lib/jvm/jdk-14.0.1/bin/java -jar /lab/itti/projects/checkers-competition/server/referee.jar on run_10_vdhankar_zizhaoh #####
Move is valid
##### SUCCESS: /usr/lib/jvm/jdk-14.0.1/bin/java -jar /lab/itti/projects/checkers-competition/server/referee.jar on run_10_vdhankar_zizhaoh #####
INPUT for zizhaoh:
GAME
BLACK
279.77
...b.b.b
b...b.b.
.b.b.b.b
b.b.....
...w...w
w.w.w.w.
.w.w.w..
..w.w.w.
##### Running: /usr/bin/time -o time_10_vdhankar_zizhaoh.txt -f "%U" python3 homework.py > stulog.txt 2>&1 on zizhaoh #####
##### SUCCESS: /usr/bin/time -o time_10_vdhankar_zizhaoh.txt -f "%U" python3 homework.py > stulog.txt 2>&1 on zizhaoh #####
##### zizhaoh plays [E d8 c7 ] in 1.03s #####
##### Running: /usr/lib/jvm/jdk-14.0.1/bin/java -jar /lab/itti/projects/checkers-competition/server/referee.jar on run_10_vdhankar_zizhaoh #####
Move is valid
##### SUCCESS: /usr/lib/jvm/jdk-14.0.1/bin/java -jar /lab/itti/projects/checkers-competition/server/referee.jar on run_10_vdhankar_zizhaoh #####
INPUT for vdhankar:
GAME
WHITE
264.477730751038
.....b.b
b.b.b.b.
.b.b.b.b
b.b.....
...w...w
w.w.w.w.
.w.w.w..
..w.w.w.
##### Running: /usr/bin/time -o time_10_vdhankar_zizhaoh.txt -f "%U" python3 homework.py > stulog.txt 2>&1 on vdhankar #####
child exited with value 1
##### ERROR: /usr/bin/time -o time_10_vdhankar_zizhaoh.txt -f "%U" python3 homework.py > stulog.txt 2>&1 on vdhankar #####
##### Output of failed program (stdout + stderr): #####
Traceback (most recent call last):
  File "homework.py", line 546, in <module>
    print(end-start)
NameError: name 'end' is not defined
##### End of output of failed program #####
##### vdhankar plays [E g3 f4] in 1.35139489173889s #####
##### Running: /usr/lib/jvm/jdk-14.0.1/bin/java -jar /lab/itti/projects/checkers-competition/server/referee.jar on run_10_vdhankar_zizhaoh #####
Move is valid
##### SUCCESS: /usr/lib/jvm/jdk-14.0.1/bin/java -jar /lab/itti/projects/checkers-competition/server/referee.jar on run_10_vdhankar_zizhaoh #####
INPUT for zizhaoh:
GAME
BLACK
278.74
.....b.b
b.b.b.b.
.b.b.b.b
b.b.....
...w.w.w
w.w.w...
.w.w.w..
..w.w.w.
##### Running: /usr/bin/time -o time_10_vdhankar_zizhaoh.txt -f "%U" python3 homework.py > stulog.txt 2>&1 on zizhaoh #####
##### SUCCESS: /usr/bin/time -o time_10_vdhankar_zizhaoh.txt -f "%U" python3 homework.py > stulog.txt 2>&1 on zizhaoh #####
##### zizhaoh plays [E c5 b4 ] in 0.94s #####
##### Running: /usr/lib/jvm/jdk-14.0.1/bin/java -jar /lab/itti/projects/checkers-competition/server/referee.jar on run_10_vdhankar_zizhaoh #####
Move is valid
##### SUCCESS: /usr/lib/jvm/jdk-14.0.1/bin/java -jar /lab/itti/projects/checkers-competition/server/referee.jar on run_10_vdhankar_zizhaoh #####
INPUT for vdhankar:
GAME
WHITE
263.126335859299
.....b.b
b.b.b.b.
.b.b.b.b
b.......
.b.w.w.w
w.w.w...
.w.w.w..
..w.w.w.
##### Running: /usr/bin/time -o time_10_vdhankar_zizhaoh.txt -f "%U" python3 homework.py > stulog.txt 2>&1 on vdhankar #####
child exited with value 1
##### ERROR: /usr/bin/time -o time_10_vdhankar_zizhaoh.txt -f "%U" python3 homework.py > stulog.txt 2>&1 on vdhankar #####
##### Output of failed program (stdout + stderr): #####
Traceback (most recent call last):
  File "homework.py", line 546, in <module>
    print(end-start)
NameError: name 'end' is not defined
##### End of output of failed program #####
##### vdhankar plays [J a3 c5] in 0.424495935440063s #####
##### Running: /usr/lib/jvm/jdk-14.0.1/bin/java -jar /lab/itti/projects/checkers-competition/server/referee.jar on run_10_vdhankar_zizhaoh #####
Move is valid
##### SUCCESS: /usr/lib/jvm/jdk-14.0.1/bin/java -jar /lab/itti/projects/checkers-competition/server/referee.jar on run_10_vdhankar_zizhaoh #####
INPUT for zizhaoh:
GAME
BLACK
277.8
.....b.b
b.b.b.b.
.b.b.b.b
b.w.....
...w.w.w
..w.w...
.w.w.w..
..w.w.w.
##### Running: /usr/bin/time -o time_10_vdhankar_zizhaoh.txt -f "%U" python3 homework.py > stulog.txt 2>&1 on zizhaoh #####
##### SUCCESS: /usr/bin/time -o time_10_vdhankar_zizhaoh.txt -f "%U" python3 homework.py > stulog.txt 2>&1 on zizhaoh #####
##### zizhaoh plays [J d6 b4 ] in 0.36s #####
##### Running: /usr/lib/jvm/jdk-14.0.1/bin/java -jar /lab/itti/projects/checkers-competition/server/referee.jar on run_10_vdhankar_zizhaoh #####
Move is valid
##### SUCCESS: /usr/lib/jvm/jdk-14.0.1/bin/java -jar /lab/itti/projects/checkers-competition/server/referee.jar on run_10_vdhankar_zizhaoh #####
INPUT for vdhankar:
GAME
WHITE
262.701839923859
.....b.b
b.b.b.b.
.b...b.b
b.......
.b.w.w.w
..w.w...
.w.w.w..
..w.w.w.
##### Running: /usr/bin/time -o time_10_vdhankar_zizhaoh.txt -f "%U" python3 homework.py > stulog.txt 2>&1 on vdhankar #####
child exited with value 1
##### ERROR: /usr/bin/time -o time_10_vdhankar_zizhaoh.txt -f "%U" python3 homework.py > stulog.txt 2>&1 on vdhankar #####
##### Output of failed program (stdout + stderr): #####
Traceback (most recent call last):
  File "homework.py", line 546, in <module>
    print(end-start)
NameError: name 'end' is not defined
##### End of output of failed program #####
##### vdhankar plays [E g1 h2] in 1.94703221321106s #####
##### Running: /usr/lib/jvm/jdk-14.0.1/bin/java -jar /lab/itti/projects/checkers-competition/server/referee.jar on run_10_vdhankar_zizhaoh #####
Move is valid
##### SUCCESS: /usr/lib/jvm/jdk-14.0.1/bin/java -jar /lab/itti/projects/checkers-competition/server/referee.jar on run_10_vdhankar_zizhaoh #####
INPUT for zizhaoh:
GAME
BLACK
277.44
.....b.b
b.b.b.b.
.b...b.b
b.......
.b.w.w.w
..w.w...
.w.w.w.w
..w.w...
##### Running: /usr/bin/time -o time_10_vdhankar_zizhaoh.txt -f "%U" python3 homework.py > stulog.txt 2>&1 on zizhaoh #####
##### SUCCESS: /usr/bin/time -o time_10_vdhankar_zizhaoh.txt -f "%U" python3 homework.py > stulog.txt 2>&1 on zizhaoh #####
##### zizhaoh plays [E c7 d6 ] in 1.46s #####
##### Running: /usr/lib/jvm/jdk-14.0.1/bin/java -jar /lab/itti/projects/checkers-competition/server/referee.jar on run_10_vdhankar_zizhaoh #####
Move is valid
##### SUCCESS: /usr/lib/jvm/jdk-14.0.1/bin/java -jar /lab/itti/projects/checkers-competition/server/referee.jar on run_10_vdhankar_zizhaoh #####
INPUT for vdhankar:
GAME
WHITE
260.754807710648
.....b.b
b...b.b.
.b.b.b.b
b.......
.b.w.w.w
..w.w...
.w.w.w.w
..w.w...
##### Running: /usr/bin/time -o time_10_vdhankar_zizhaoh.txt -f "%U" python3 homework.py > stulog.txt 2>&1 on vdhankar #####
child exited with value 1
##### ERROR: /usr/bin/time -o time_10_vdhankar_zizhaoh.txt -f "%U" python3 homework.py > stulog.txt 2>&1 on vdhankar #####
##### Output of failed program (stdout + stderr): #####
Traceback (most recent call last):
  File "homework.py", line 546, in <module>
    print(end-start)
NameError: name 'end' is not defined
##### End of output of failed program #####
##### vdhankar plays [E d4 e5] in 1.14483499526978s #####
##### Running: /usr/lib/jvm/jdk-14.0.1/bin/java -jar /lab/itti/projects/checkers-competition/server/referee.jar on run_10_vdhankar_zizhaoh #####
Move is valid
##### SUCCESS: /usr/lib/jvm/jdk-14.0.1/bin/java -jar /lab/itti/projects/checkers-competition/server/referee.jar on run_10_vdhankar_zizhaoh #####
INPUT for zizhaoh:
GAME
BLACK
275.98
.....b.b
b...b.b.
.b.b.b.b
b...w...
.b...w.w
..w.w...
.w.w.w.w
..w.w...
##### Running: /usr/bin/time -o time_10_vdhankar_zizhaoh.txt -f "%U" python3 homework.py > stulog.txt 2>&1 on zizhaoh #####
##### SUCCESS: /usr/bin/time -o time_10_vdhankar_zizhaoh.txt -f "%U" python3 homework.py > stulog.txt 2>&1 on zizhaoh #####
##### zizhaoh plays [J f6 d4 ] in 0.69s #####
##### Running: /usr/lib/jvm/jdk-14.0.1/bin/java -jar /lab/itti/projects/checkers-competition/server/referee.jar on run_10_vdhankar_zizhaoh #####
Move is valid
##### SUCCESS: /usr/lib/jvm/jdk-14.0.1/bin/java -jar /lab/itti/projects/checkers-competition/server/referee.jar on run_10_vdhankar_zizhaoh #####
INPUT for vdhankar:
GAME
WHITE
259.609972715378
.....b.b
b...b.b.
.b.b...b
b.......
.b.b.w.w
..w.w...
.w.w.w.w
..w.w...
##### Running: /usr/bin/time -o time_10_vdhankar_zizhaoh.txt -f "%U" python3 homework.py > stulog.txt 2>&1 on vdhankar #####
child exited with value 1
##### ERROR: /usr/bin/time -o time_10_vdhankar_zizhaoh.txt -f "%U" python3 homework.py > stulog.txt 2>&1 on vdhankar #####
##### Output of failed program (stdout + stderr): #####
Traceback (most recent call last):
  File "homework.py", line 546, in <module>
    print(end-start)
NameError: name 'end' is not defined
##### End of output of failed program #####
##### vdhankar plays [J c3 e5 ; J e5 c7] in 2.94414710998535s #####
##### Running: /usr/lib/jvm/jdk-14.0.1/bin/java -jar /lab/itti/projects/checkers-competition/server/referee.jar on run_10_vdhankar_zizhaoh #####
Move is valid
##### SUCCESS: /usr/lib/jvm/jdk-14.0.1/bin/java -jar /lab/itti/projects/checkers-competition/server/referee.jar on run_10_vdhankar_zizhaoh #####
INPUT for zizhaoh:
GAME
BLACK
275.29
.....b.b
b.w.b.b.
.b.....b
b.......
.b...w.w
....w...
.w.w.w.w
..w.w...
##### Running: /usr/bin/time -o time_10_vdhankar_zizhaoh.txt -f "%U" python3 homework.py > stulog.txt 2>&1 on zizhaoh #####
##### SUCCESS: /usr/bin/time -o time_10_vdhankar_zizhaoh.txt -f "%U" python3 homework.py > stulog.txt 2>&1 on zizhaoh #####
##### zizhaoh plays [E e7 d6 ] in 7.86s #####
##### Running: /usr/lib/jvm/jdk-14.0.1/bin/java -jar /lab/itti/projects/checkers-competition/server/referee.jar on run_10_vdhankar_zizhaoh #####
Move is valid
##### SUCCESS: /usr/lib/jvm/jdk-14.0.1/bin/java -jar /lab/itti/projects/checkers-competition/server/referee.jar on run_10_vdhankar_zizhaoh #####
INPUT for vdhankar:
GAME
WHITE
256.665825605392
.....b.b
b.w...b.
.b.b...b
b.......
.b...w.w
....w...
.w.w.w.w
..w.w...
##### Running: /usr/bin/time -o time_10_vdhankar_zizhaoh.txt -f "%U" python3 homework.py > stulog.txt 2>&1 on vdhankar #####
child exited with value 1
##### ERROR: /usr/bin/time -o time_10_vdhankar_zizhaoh.txt -f "%U" python3 homework.py > stulog.txt 2>&1 on vdhankar #####
##### Output of failed program (stdout + stderr): #####
Traceback (most recent call last):
  File "homework.py", line 546, in <module>
    print(end-start)
NameError: name 'end' is not defined
##### End of output of failed program #####
##### vdhankar plays [E h2 g3] in 3.77573990821838s #####
##### Running: /usr/lib/jvm/jdk-14.0.1/bin/java -jar /lab/itti/projects/checkers-competition/server/referee.jar on run_10_vdhankar_zizhaoh #####
Move is valid
##### SUCCESS: /usr/lib/jvm/jdk-14.0.1/bin/java -jar /lab/itti/projects/checkers-competition/server/referee.jar on run_10_vdhankar_zizhaoh #####
INPUT for zizhaoh:
GAME
BLACK
267.43
.....b.b
b.w...b.
.b.b...b
b.......
.b...w.w
....w.w.
.w.w.w..
..w.w...
##### Running: /usr/bin/time -o time_10_vdhankar_zizhaoh.txt -f "%U" python3 homework.py > stulog.txt 2>&1 on zizhaoh #####
##### SUCCESS: /usr/bin/time -o time_10_vdhankar_zizhaoh.txt -f "%U" python3 homework.py > stulog.txt 2>&1 on zizhaoh #####
##### zizhaoh plays [E f8 e7 ] in 6.39s #####
##### Running: /usr/lib/jvm/jdk-14.0.1/bin/java -jar /lab/itti/projects/checkers-competition/server/referee.jar on run_10_vdhankar_zizhaoh #####
Move is valid
##### SUCCESS: /usr/lib/jvm/jdk-14.0.1/bin/java -jar /lab/itti/projects/checkers-competition/server/referee.jar on run_10_vdhankar_zizhaoh #####
INPUT for vdhankar:
GAME
WHITE
252.890085697174
.......b
b.w.b.b.
.b.b...b
b.......
.b...w.w
....w.w.
.w.w.w..
..w.w...
##### Running: /usr/bin/time -o time_10_vdhankar_zizhaoh.txt -f "%U" python3 homework.py > stulog.txt 2>&1 on vdhankar #####
child exited with value 1
##### ERROR: /usr/bin/time -o time_10_vdhankar_zizhaoh.txt -f "%U" python3 homework.py > stulog.txt 2>&1 on vdhankar #####
##### Output of failed program (stdout + stderr): #####
Traceback (most recent call last):
  File "homework.py", line 546, in <module>
    print(end-start)
NameError: name 'end' is not defined
##### End of output of failed program #####
##### vdhankar plays [E b2 c3] in 3.77611398696899s #####
##### Running: /usr/lib/jvm/jdk-14.0.1/bin/java -jar /lab/itti/projects/checkers-competition/server/referee.jar on run_10_vdhankar_zizhaoh #####
Move is valid
##### SUCCESS: /usr/lib/jvm/jdk-14.0.1/bin/java -jar /lab/itti/projects/checkers-competition/server/referee.jar on run_10_vdhankar_zizhaoh #####
INPUT for zizhaoh:
GAME
BLACK
261.04
.......b
b.w.b.b.
.b.b...b
b.......
.b...w.w
..w.w.w.
...w.w..
..w.w...
##### Running: /usr/bin/time -o time_10_vdhankar_zizhaoh.txt -f "%U" python3 homework.py > stulog.txt 2>&1 on zizhaoh #####
##### SUCCESS: /usr/bin/time -o time_10_vdhankar_zizhaoh.txt -f "%U" python3 homework.py > stulog.txt 2>&1 on zizhaoh #####
##### zizhaoh plays [E e7 f6 ] in 6.03s #####
##### Running: /usr/lib/jvm/jdk-14.0.1/bin/java -jar /lab/itti/projects/checkers-competition/server/referee.jar on run_10_vdhankar_zizhaoh #####
Move is valid
##### SUCCESS: /usr/lib/jvm/jdk-14.0.1/bin/java -jar /lab/itti/projects/checkers-competition/server/referee.jar on run_10_vdhankar_zizhaoh #####
INPUT for vdhankar:
GAME
WHITE
249.113971710205
.......b
b.w...b.
.b.b.b.b
b.......
.b...w.w
..w.w.w.
...w.w..
..w.w...
##### Running: /usr/bin/time -o time_10_vdhankar_zizhaoh.txt -f "%U" python3 homework.py > stulog.txt 2>&1 on vdhankar #####
child exited with value 1
##### ERROR: /usr/bin/time -o time_10_vdhankar_zizhaoh.txt -f "%U" python3 homework.py > stulog.txt 2>&1 on vdhankar #####
##### Output of failed program (stdout + stderr): #####
Traceback (most recent call last):
  File "homework.py", line 546, in <module>
    print(end-start)
NameError: name 'end' is not defined
##### End of output of failed program #####
##### vdhankar plays [E e3 d4] in 2.2294340133667s #####
##### Running: /usr/lib/jvm/jdk-14.0.1/bin/java -jar /lab/itti/projects/checkers-competition/server/referee.jar on run_10_vdhankar_zizhaoh #####
Move is valid
##### SUCCESS: /usr/lib/jvm/jdk-14.0.1/bin/java -jar /lab/itti/projects/checkers-competition/server/referee.jar on run_10_vdhankar_zizhaoh #####
INPUT for zizhaoh:
GAME
BLACK
255.01
.......b
b.w...b.
.b.b.b.b
b.......
.b.w.w.w
..w...w.
...w.w..
..w.w...
##### Running: /usr/bin/time -o time_10_vdhankar_zizhaoh.txt -f "%U" python3 homework.py > stulog.txt 2>&1 on zizhaoh #####
##### SUCCESS: /usr/bin/time -o time_10_vdhankar_zizhaoh.txt -f "%U" python3 homework.py > stulog.txt 2>&1 on zizhaoh #####
##### zizhaoh plays [E d6 c5 ] in 2.08s #####
##### Running: /usr/lib/jvm/jdk-14.0.1/bin/java -jar /lab/itti/projects/checkers-competition/server/referee.jar on run_10_vdhankar_zizhaoh #####
Move is valid
##### SUCCESS: /usr/lib/jvm/jdk-14.0.1/bin/java -jar /lab/itti/projects/checkers-competition/server/referee.jar on run_10_vdhankar_zizhaoh #####
INPUT for vdhankar:
GAME
WHITE
246.884537696838
.......b
b.w...b.
.b...b.b
b.b.....
.b.w.w.w
..w...w.
...w.w..
..w.w...
##### Running: /usr/bin/time -o time_10_vdhankar_zizhaoh.txt -f "%U" python3 homework.py > stulog.txt 2>&1 on vdhankar #####
child exited with value 1
##### ERROR: /usr/bin/time -o time_10_vdhankar_zizhaoh.txt -f "%U" python3 homework.py > stulog.txt 2>&1 on vdhankar #####
##### Output of failed program (stdout + stderr): #####
Traceback (most recent call last):
  File "homework.py", line 546, in <module>
    print(end-start)
NameError: name 'end' is not defined
##### End of output of failed program #####
##### vdhankar plays [E f2 e3] in 1.4001030921936s #####
##### Running: /usr/lib/jvm/jdk-14.0.1/bin/java -jar /lab/itti/projects/checkers-competition/server/referee.jar on run_10_vdhankar_zizhaoh #####
Move is valid
##### SUCCESS: /usr/lib/jvm/jdk-14.0.1/bin/java -jar /lab/itti/projects/checkers-competition/server/referee.jar on run_10_vdhankar_zizhaoh #####
INPUT for zizhaoh:
GAME
BLACK
252.93
.......b
b.w...b.
.b...b.b
b.b.....
.b.w.w.w
..w.w.w.
...w....
..w.w...
##### Running: /usr/bin/time -o time_10_vdhankar_zizhaoh.txt -f "%U" python3 homework.py > stulog.txt 2>&1 on zizhaoh #####
##### SUCCESS: /usr/bin/time -o time_10_vdhankar_zizhaoh.txt -f "%U" python3 homework.py > stulog.txt 2>&1 on zizhaoh #####
##### zizhaoh plays [E b4 a3 ] in 0.72s #####
##### Running: /usr/lib/jvm/jdk-14.0.1/bin/java -jar /lab/itti/projects/checkers-competition/server/referee.jar on run_10_vdhankar_zizhaoh #####
Move is valid
##### SUCCESS: /usr/lib/jvm/jdk-14.0.1/bin/java -jar /lab/itti/projects/checkers-competition/server/referee.jar on run_10_vdhankar_zizhaoh #####
INPUT for vdhankar:
GAME
WHITE
245.484434604645
.......b
b.w...b.
.b...b.b
b.b.....
...w.w.w
b.w.w.w.
...w....
..w.w...
##### Running: /usr/bin/time -o time_10_vdhankar_zizhaoh.txt -f "%U" python3 homework.py > stulog.txt 2>&1 on vdhankar #####
child exited with value 1
##### ERROR: /usr/bin/time -o time_10_vdhankar_zizhaoh.txt -f "%U" python3 homework.py > stulog.txt 2>&1 on vdhankar #####
##### Output of failed program (stdout + stderr): #####
Traceback (most recent call last):
  File "homework.py", line 546, in <module>
    print(end-start)
NameError: name 'end' is not defined
##### End of output of failed program #####
##### vdhankar plays [E c7 d8] in 1.8260760307312s #####
##### Running: /usr/lib/jvm/jdk-14.0.1/bin/java -jar /lab/itti/projects/checkers-competition/server/referee.jar on run_10_vdhankar_zizhaoh #####
Move is valid
##### SUCCESS: /usr/lib/jvm/jdk-14.0.1/bin/java -jar /lab/itti/projects/checkers-competition/server/referee.jar on run_10_vdhankar_zizhaoh #####
INPUT for zizhaoh:
GAME
BLACK
252.21
...W...b
b.....b.
.b...b.b
b.b.....
...w.w.w
b.w.w.w.
...w....
..w.w...
##### Running: /usr/bin/time -o time_10_vdhankar_zizhaoh.txt -f "%U" python3 homework.py > stulog.txt 2>&1 on zizhaoh #####
##### SUCCESS: /usr/bin/time -o time_10_vdhankar_zizhaoh.txt -f "%U" python3 homework.py > stulog.txt 2>&1 on zizhaoh #####
##### zizhaoh plays [E c5 b4 ] in 0.99s #####
##### Running: /usr/lib/jvm/jdk-14.0.1/bin/java -jar /lab/itti/projects/checkers-competition/server/referee.jar on run_10_vdhankar_zizhaoh #####
Move is valid
##### SUCCESS: /usr/lib/jvm/jdk-14.0.1/bin/java -jar /lab/itti/projects/checkers-competition/server/referee.jar on run_10_vdhankar_zizhaoh #####
INPUT for vdhankar:
GAME
WHITE
243.658358573914
...W...b
b.....b.
.b...b.b
b.......
.b.w.w.w
b.w.w.w.
...w....
..w.w...
##### Running: /usr/bin/time -o time_10_vdhankar_zizhaoh.txt -f "%U" python3 homework.py > stulog.txt 2>&1 on vdhankar #####
child exited with value 1
##### ERROR: /usr/bin/time -o time_10_vdhankar_zizhaoh.txt -f "%U" python3 homework.py > stulog.txt 2>&1 on vdhankar #####
##### Output of failed program (stdout + stderr): #####
Traceback (most recent call last):
  File "homework.py", line 546, in <module>
    print(end-start)
NameError: name 'end' is not defined
##### End of output of failed program #####
##### vdhankar plays [E d8 e7] in 0.815612077713013s #####
##### Running: /usr/lib/jvm/jdk-14.0.1/bin/java -jar /lab/itti/projects/checkers-competition/server/referee.jar on run_10_vdhankar_zizhaoh #####
Move is valid
##### SUCCESS: /usr/lib/jvm/jdk-14.0.1/bin/java -jar /lab/itti/projects/checkers-competition/server/referee.jar on run_10_vdhankar_zizhaoh #####
INPUT for zizhaoh:
GAME
BLACK
251.22
.......b
b...W.b.
.b...b.b
b.......
.b.w.w.w
b.w.w.w.
...w....
..w.w...
##### Running: /usr/bin/time -o time_10_vdhankar_zizhaoh.txt -f "%U" python3 homework.py > stulog.txt 2>&1 on zizhaoh #####
##### SUCCESS: /usr/bin/time -o time_10_vdhankar_zizhaoh.txt -f "%U" python3 homework.py > stulog.txt 2>&1 on zizhaoh #####
##### zizhaoh plays [E b6 c5 ] in 0.39s #####
##### Running: /usr/lib/jvm/jdk-14.0.1/bin/java -jar /lab/itti/projects/checkers-competition/server/referee.jar on run_10_vdhankar_zizhaoh #####
Move is valid
##### SUCCESS: /usr/lib/jvm/jdk-14.0.1/bin/java -jar /lab/itti/projects/checkers-competition/server/referee.jar on run_10_vdhankar_zizhaoh #####
INPUT for vdhankar:
GAME
WHITE
242.842746496201
.......b
b...W.b.
.....b.b
b.b.....
.b.w.w.w
b.w.w.w.
...w....
..w.w...
##### Running: /usr/bin/time -o time_10_vdhankar_zizhaoh.txt -f "%U" python3 homework.py > stulog.txt 2>&1 on vdhankar #####
child exited with value 1
##### ERROR: /usr/bin/time -o time_10_vdhankar_zizhaoh.txt -f "%U" python3 homework.py > stulog.txt 2>&1 on vdhankar #####
##### Output of failed program (stdout + stderr): #####
Traceback (most recent call last):
  File "homework.py", line 546, in <module>
    print(end-start)
NameError: name 'end' is not defined
##### End of output of failed program #####
##### vdhankar plays [J d4 b6] in 0.288327217102051s #####
##### Running: /usr/lib/jvm/jdk-14.0.1/bin/java -jar /lab/itti/projects/checkers-competition/server/referee.jar on run_10_vdhankar_zizhaoh #####
Move is valid
##### SUCCESS: /usr/lib/jvm/jdk-14.0.1/bin/java -jar /lab/itti/projects/checkers-competition/server/referee.jar on run_10_vdhankar_zizhaoh #####
INPUT for zizhaoh:
GAME
BLACK
250.83
.......b
b...W.b.
.w...b.b
b.......
.b...w.w
b.w.w.w.
...w....
..w.w...
##### Running: /usr/bin/time -o time_10_vdhankar_zizhaoh.txt -f "%U" python3 homework.py > stulog.txt 2>&1 on zizhaoh #####
##### SUCCESS: /usr/bin/time -o time_10_vdhankar_zizhaoh.txt -f "%U" python3 homework.py > stulog.txt 2>&1 on zizhaoh #####
##### zizhaoh plays [J a7 c5 ] in 0.05s #####
##### Running: /usr/lib/jvm/jdk-14.0.1/bin/java -jar /lab/itti/projects/checkers-competition/server/referee.jar on run_10_vdhankar_zizhaoh #####
Move is valid
##### SUCCESS: /usr/lib/jvm/jdk-14.0.1/bin/java -jar /lab/itti/projects/checkers-competition/server/referee.jar on run_10_vdhankar_zizhaoh #####
INPUT for vdhankar:
GAME
WHITE
242.554419279099
.......b
....W.b.
.....b.b
b.b.....
.b...w.w
b.w.w.w.
...w....
..w.w...
##### Running: /usr/bin/time -o time_10_vdhankar_zizhaoh.txt -f "%U" python3 homework.py > stulog.txt 2>&1 on vdhankar #####
child exited with value 1
##### ERROR: /usr/bin/time -o time_10_vdhankar_zizhaoh.txt -f "%U" python3 homework.py > stulog.txt 2>&1 on vdhankar #####
##### Output of failed program (stdout + stderr): #####
Traceback (most recent call last):
  File "homework.py", line 546, in <module>
    print(end-start)
NameError: name 'end' is not defined
##### End of output of failed program #####
##### vdhankar plays [J e7 g5] in 0.387668132781982s #####
##### Running: /usr/lib/jvm/jdk-14.0.1/bin/java -jar /lab/itti/projects/checkers-competition/server/referee.jar on run_10_vdhankar_zizhaoh #####
Move is valid
##### SUCCESS: /usr/lib/jvm/jdk-14.0.1/bin/java -jar /lab/itti/projects/checkers-competition/server/referee.jar on run_10_vdhankar_zizhaoh #####
INPUT for zizhaoh:
GAME
BLACK
250.78
.......b
......b.
.......b
b.b...W.
.b...w.w
b.w.w.w.
...w....
..w.w...
##### Running: /usr/bin/time -o time_10_vdhankar_zizhaoh.txt -f "%U" python3 homework.py > stulog.txt 2>&1 on zizhaoh #####
##### SUCCESS: /usr/bin/time -o time_10_vdhankar_zizhaoh.txt -f "%U" python3 homework.py > stulog.txt 2>&1 on zizhaoh #####
##### zizhaoh plays [E g7 f6 ] in 0.21s #####
##### Running: /usr/lib/jvm/jdk-14.0.1/bin/java -jar /lab/itti/projects/checkers-competition/server/referee.jar on run_10_vdhankar_zizhaoh #####
Move is valid
##### SUCCESS: /usr/lib/jvm/jdk-14.0.1/bin/java -jar /lab/itti/projects/checkers-competition/server/referee.jar on run_10_vdhankar_zizhaoh #####
INPUT for vdhankar:
GAME
WHITE
242.166751146317
.......b
........
.....b.b
b.b...W.
.b...w.w
b.w.w.w.
...w....
..w.w...
##### Running: /usr/bin/time -o time_10_vdhankar_zizhaoh.txt -f "%U" python3 homework.py > stulog.txt 2>&1 on vdhankar #####
child exited with value 1
##### ERROR: /usr/bin/time -o time_10_vdhankar_zizhaoh.txt -f "%U" python3 homework.py > stulog.txt 2>&1 on vdhankar #####
##### Output of failed program (stdout + stderr): #####
Traceback (most recent call last):
  File "homework.py", line 546, in <module>
    print(end-start)
NameError: name 'end' is not defined
##### End of output of failed program #####
##### vdhankar plays [J g5 e7] in 0.514803886413574s #####
##### Running: /usr/lib/jvm/jdk-14.0.1/bin/java -jar /lab/itti/projects/checkers-competition/server/referee.jar on run_10_vdhankar_zizhaoh #####
Move is valid
##### SUCCESS: /usr/lib/jvm/jdk-14.0.1/bin/java -jar /lab/itti/projects/checkers-competition/server/referee.jar on run_10_vdhankar_zizhaoh #####
INPUT for zizhaoh:
GAME
BLACK
250.57
.......b
....W...
.......b
b.b.....
.b...w.w
b.w.w.w.
...w....
..w.w...
##### Running: /usr/bin/time -o time_10_vdhankar_zizhaoh.txt -f "%U" python3 homework.py > stulog.txt 2>&1 on zizhaoh #####
##### SUCCESS: /usr/bin/time -o time_10_vdhankar_zizhaoh.txt -f "%U" python3 homework.py > stulog.txt 2>&1 on zizhaoh #####
##### zizhaoh plays [E h8 g7 ] in 0.69s #####
##### Running: /usr/lib/jvm/jdk-14.0.1/bin/java -jar /lab/itti/projects/checkers-competition/server/referee.jar on run_10_vdhankar_zizhaoh #####
Move is valid
##### SUCCESS: /usr/lib/jvm/jdk-14.0.1/bin/java -jar /lab/itti/projects/checkers-competition/server/referee.jar on run_10_vdhankar_zizhaoh #####
INPUT for vdhankar:
GAME
WHITE
241.651947259903
........
....W.b.
.......b
b.b.....
.b...w.w
b.w.w.w.
...w....
..w.w...
##### Running: /usr/bin/time -o time_10_vdhankar_zizhaoh.txt -f "%U" python3 homework.py > stulog.txt 2>&1 on vdhankar #####
child exited with value 1
##### ERROR: /usr/bin/time -o time_10_vdhankar_zizhaoh.txt -f "%U" python3 homework.py > stulog.txt 2>&1 on vdhankar #####
##### Output of failed program (stdout + stderr): #####
Traceback (most recent call last):
  File "homework.py", line 546, in <module>
    print(end-start)
NameError: name 'end' is not defined
##### End of output of failed program #####
##### vdhankar plays [E e1 f2] in 1.03093981742859s #####
##### Running: /usr/lib/jvm/jdk-14.0.1/bin/java -jar /lab/itti/projects/checkers-competition/server/referee.jar on run_10_vdhankar_zizhaoh #####
Move is valid
##### SUCCESS: /usr/lib/jvm/jdk-14.0.1/bin/java -jar /lab/itti/projects/checkers-competition/server/referee.jar on run_10_vdhankar_zizhaoh #####
INPUT for zizhaoh:
GAME
BLACK
249.88
........
....W.b.
.......b
b.b.....
.b...w.w
b.w.w.w.
...w.w..
..w.....
##### Running: /usr/bin/time -o time_10_vdhankar_zizhaoh.txt -f "%U" python3 homework.py > stulog.txt 2>&1 on zizhaoh #####
##### SUCCESS: /usr/bin/time -o time_10_vdhankar_zizhaoh.txt -f "%U" python3 homework.py > stulog.txt 2>&1 on zizhaoh #####
##### zizhaoh plays [E g7 f6 ] in 0.2s #####
##### Running: /usr/lib/jvm/jdk-14.0.1/bin/java -jar /lab/itti/projects/checkers-competition/server/referee.jar on run_10_vdhankar_zizhaoh #####
Move is valid
##### SUCCESS: /usr/lib/jvm/jdk-14.0.1/bin/java -jar /lab/itti/projects/checkers-competition/server/referee.jar on run_10_vdhankar_zizhaoh #####
INPUT for vdhankar:
GAME
WHITE
240.621007442474
........
....W...
.....b.b
b.b.....
.b...w.w
b.w.w.w.
...w.w..
..w.....
##### Running: /usr/bin/time -o time_10_vdhankar_zizhaoh.txt -f "%U" python3 homework.py > stulog.txt 2>&1 on vdhankar #####
child exited with value 1
##### ERROR: /usr/bin/time -o time_10_vdhankar_zizhaoh.txt -f "%U" python3 homework.py > stulog.txt 2>&1 on vdhankar #####
##### Output of failed program (stdout + stderr): #####
Traceback (most recent call last):
  File "homework.py", line 546, in <module>
    print(end-start)
NameError: name 'end' is not defined
##### End of output of failed program #####
##### vdhankar plays [J e7 g5] in 0.275527000427246s #####
##### Running: /usr/lib/jvm/jdk-14.0.1/bin/java -jar /lab/itti/projects/checkers-competition/server/referee.jar on run_10_vdhankar_zizhaoh #####
Move is valid
##### SUCCESS: /usr/lib/jvm/jdk-14.0.1/bin/java -jar /lab/itti/projects/checkers-competition/server/referee.jar on run_10_vdhankar_zizhaoh #####
INPUT for zizhaoh:
GAME
BLACK
249.68
........
........
.......b
b.b...W.
.b...w.w
b.w.w.w.
...w.w..
..w.....
##### Running: /usr/bin/time -o time_10_vdhankar_zizhaoh.txt -f "%U" python3 homework.py > stulog.txt 2>&1 on zizhaoh #####
##### SUCCESS: /usr/bin/time -o time_10_vdhankar_zizhaoh.txt -f "%U" python3 homework.py > stulog.txt 2>&1 on zizhaoh #####
##### zizhaoh plays [E c5 d4 ] in 0.05s #####
##### Running: /usr/lib/jvm/jdk-14.0.1/bin/java -jar /lab/itti/projects/checkers-competition/server/referee.jar on run_10_vdhankar_zizhaoh #####
Move is valid
##### SUCCESS: /usr/lib/jvm/jdk-14.0.1/bin/java -jar /lab/itti/projects/checkers-competition/server/referee.jar on run_10_vdhankar_zizhaoh #####
INPUT for vdhankar:
GAME
WHITE
240.345480442047
........
........
.......b
b.....W.
.b.b.w.w
b.w.w.w.
...w.w..
..w.....
##### Running: /usr/bin/time -o time_10_vdhankar_zizhaoh.txt -f "%U" python3 homework.py > stulog.txt 2>&1 on vdhankar #####
child exited with value 1
##### ERROR: /usr/bin/time -o time_10_vdhankar_zizhaoh.txt -f "%U" python3 homework.py > stulog.txt 2>&1 on vdhankar #####
##### Output of failed program (stdout + stderr): #####
Traceback (most recent call last):
  File "homework.py", line 546, in <module>
    print(end-start)
NameError: name 'end' is not defined
##### End of output of failed program #####
##### vdhankar plays [J e3 c5] in 0.252312183380127s #####
##### Running: /usr/lib/jvm/jdk-14.0.1/bin/java -jar /lab/itti/projects/checkers-competition/server/referee.jar on run_10_vdhankar_zizhaoh #####
Move is valid
##### SUCCESS: /usr/lib/jvm/jdk-14.0.1/bin/java -jar /lab/itti/projects/checkers-competition/server/referee.jar on run_10_vdhankar_zizhaoh #####
INPUT for zizhaoh:
GAME
BLACK
249.63
........
........
.......b
b.w...W.
.b...w.w
b.w...w.
...w.w..
..w.....
##### Running: /usr/bin/time -o time_10_vdhankar_zizhaoh.txt -f "%U" python3 homework.py > stulog.txt 2>&1 on zizhaoh #####
##### SUCCESS: /usr/bin/time -o time_10_vdhankar_zizhaoh.txt -f "%U" python3 homework.py > stulog.txt 2>&1 on zizhaoh #####
##### zizhaoh plays [E a3 b2 ] in 0.02s #####
##### Running: /usr/lib/jvm/jdk-14.0.1/bin/java -jar /lab/itti/projects/checkers-competition/server/referee.jar on run_10_vdhankar_zizhaoh #####
Move is valid
##### SUCCESS: /usr/lib/jvm/jdk-14.0.1/bin/java -jar /lab/itti/projects/checkers-competition/server/referee.jar on run_10_vdhankar_zizhaoh #####
INPUT for vdhankar:
GAME
WHITE
240.093168258667
........
........
.......b
b.w...W.
.b...w.w
..w...w.
.b.w.w..
..w.....
##### Running: /usr/bin/time -o time_10_vdhankar_zizhaoh.txt -f "%U" python3 homework.py > stulog.txt 2>&1 on vdhankar #####
child exited with value 1
##### ERROR: /usr/bin/time -o time_10_vdhankar_zizhaoh.txt -f "%U" python3 homework.py > stulog.txt 2>&1 on vdhankar #####
##### Output of failed program (stdout + stderr): #####
Traceback (most recent call last):
  File "homework.py", line 546, in <module>
    print(end-start)
NameError: name 'end' is not defined
##### End of output of failed program #####
##### vdhankar plays [J c1 a3] in 0.223330020904541s #####
##### Running: /usr/lib/jvm/jdk-14.0.1/bin/java -jar /lab/itti/projects/checkers-competition/server/referee.jar on run_10_vdhankar_zizhaoh #####
Move is valid
After this move, player BLACK cannot make any moves
*** Winner: WHITE ***
##### SUCCESS: /usr/lib/jvm/jdk-14.0.1/bin/java -jar /lab/itti/projects/checkers-competition/server/referee.jar on run_10_vdhankar_zizhaoh #####
##### GAME OVER: vdhankar wins the game! #####
Server said: WIN
########## ROUND 10 GAMESCORE AFTER GAME 2: vdhankar=1 and zizhaoh=1 ##########
#################### ROUND 10: vdhankar (B) vs zizhaoh (W): game 3 ####################
##### game start! #####
INPUT for vdhankar:
GAME
BLACK
300
.b.b.b.b
b.b.b.b.
.b.b.b.b
........
........
w.w.w.w.
.w.w.w.w
w.w.w.w.
##### Running: /usr/bin/time -o time_10_vdhankar_zizhaoh.txt -f "%U" python3 homework.py > stulog.txt 2>&1 on vdhankar #####
child exited with value 1
##### ERROR: /usr/bin/time -o time_10_vdhankar_zizhaoh.txt -f "%U" python3 homework.py > stulog.txt 2>&1 on vdhankar #####
##### Output of failed program (stdout + stderr): #####
Traceback (most recent call last):
  File "homework.py", line 546, in <module>
    print(end-start)
NameError: name 'end' is not defined
##### End of output of failed program #####
##### vdhankar plays [E h6 g5] in 6.29038500785828s #####
##### Running: /usr/lib/jvm/jdk-14.0.1/bin/java -jar /lab/itti/projects/checkers-competition/server/referee.jar on run_10_vdhankar_zizhaoh #####
Move is valid
Couldn't read file 'current_ply.txt'
Couldn't read content from file 'current_ply.txt'
Couldn't read file 'lastmatchange_ply.txt'
Couldn't read content from file 'lastmatchange_ply.txt'
##### SUCCESS: /usr/lib/jvm/jdk-14.0.1/bin/java -jar /lab/itti/projects/checkers-competition/server/referee.jar on run_10_vdhankar_zizhaoh #####
INPUT for zizhaoh:
GAME
WHITE
300
.b.b.b.b
b.b.b.b.
.b.b.b..
......b.
........
w.w.w.w.
.w.w.w.w
w.w.w.w.
##### Running: /usr/bin/time -o time_10_vdhankar_zizhaoh.txt -f "%U" python3 homework.py > stulog.txt 2>&1 on zizhaoh #####
##### SUCCESS: /usr/bin/time -o time_10_vdhankar_zizhaoh.txt -f "%U" python3 homework.py > stulog.txt 2>&1 on zizhaoh #####
##### zizhaoh plays [E a3 b4 ] in 3.69s #####
##### Running: /usr/lib/jvm/jdk-14.0.1/bin/java -jar /lab/itti/projects/checkers-competition/server/referee.jar on run_10_vdhankar_zizhaoh #####
Move is valid
##### SUCCESS: /usr/lib/jvm/jdk-14.0.1/bin/java -jar /lab/itti/projects/checkers-competition/server/referee.jar on run_10_vdhankar_zizhaoh #####
INPUT for vdhankar:
GAME
BLACK
293.709614992142
.b.b.b.b
b.b.b.b.
.b.b.b..
......b.
.w......
..w.w.w.
.w.w.w.w
w.w.w.w.
##### Running: /usr/bin/time -o time_10_vdhankar_zizhaoh.txt -f "%U" python3 homework.py > stulog.txt 2>&1 on vdhankar #####
child exited with value 1
##### ERROR: /usr/bin/time -o time_10_vdhankar_zizhaoh.txt -f "%U" python3 homework.py > stulog.txt 2>&1 on vdhankar #####
##### Output of failed program (stdout + stderr): #####
Traceback (most recent call last):
  File "homework.py", line 546, in <module>
    print(end-start)
NameError: name 'end' is not defined
##### End of output of failed program #####
##### vdhankar plays [E g5 h4] in 5.82307195663452s #####
##### Running: /usr/lib/jvm/jdk-14.0.1/bin/java -jar /lab/itti/projects/checkers-competition/server/referee.jar on run_10_vdhankar_zizhaoh #####
Move is valid
##### SUCCESS: /usr/lib/jvm/jdk-14.0.1/bin/java -jar /lab/itti/projects/checkers-competition/server/referee.jar on run_10_vdhankar_zizhaoh #####
INPUT for zizhaoh:
GAME
WHITE
296.31
.b.b.b.b
b.b.b.b.
.b.b.b..
........
.w.....b
..w.w.w.
.w.w.w.w
w.w.w.w.
##### Running: /usr/bin/time -o time_10_vdhankar_zizhaoh.txt -f "%U" python3 homework.py > stulog.txt 2>&1 on zizhaoh #####
##### SUCCESS: /usr/bin/time -o time_10_vdhankar_zizhaoh.txt -f "%U" python3 homework.py > stulog.txt 2>&1 on zizhaoh #####
##### zizhaoh plays [E b4 a5 ] in 3.36s #####
##### Running: /usr/lib/jvm/jdk-14.0.1/bin/java -jar /lab/itti/projects/checkers-competition/server/referee.jar on run_10_vdhankar_zizhaoh #####
Move is valid
##### SUCCESS: /usr/lib/jvm/jdk-14.0.1/bin/java -jar /lab/itti/projects/checkers-competition/server/referee.jar on run_10_vdhankar_zizhaoh #####
INPUT for vdhankar:
GAME
BLACK
287.886543035507
.b.b.b.b
b.b.b.b.
.b.b.b..
w.......
.......b
..w.w.w.
.w.w.w.w
w.w.w.w.
##### Running: /usr/bin/time -o time_10_vdhankar_zizhaoh.txt -f "%U" python3 homework.py > stulog.txt 2>&1 on vdhankar #####
child exited with value 1
##### ERROR: /usr/bin/time -o time_10_vdhankar_zizhaoh.txt -f "%U" python3 homework.py > stulog.txt 2>&1 on vdhankar #####
##### Output of failed program (stdout + stderr): #####
Traceback (most recent call last):
  File "homework.py", line 546, in <module>
    print(end-start)
NameError: name 'end' is not defined
##### End of output of failed program #####
##### vdhankar plays [E d6 e5] in 4.00675392150879s #####
##### Running: /usr/lib/jvm/jdk-14.0.1/bin/java -jar /lab/itti/projects/checkers-competition/server/referee.jar on run_10_vdhankar_zizhaoh #####
Move is valid
##### SUCCESS: /usr/lib/jvm/jdk-14.0.1/bin/java -jar /lab/itti/projects/checkers-competition/server/referee.jar on run_10_vdhankar_zizhaoh #####
INPUT for zizhaoh:
GAME
WHITE
292.95
.b.b.b.b
b.b.b.b.
.b...b..
w...b...
.......b
..w.w.w.
.w.w.w.w
w.w.w.w.
##### Running: /usr/bin/time -o time_10_vdhankar_zizhaoh.txt -f "%U" python3 homework.py > stulog.txt 2>&1 on zizhaoh #####
##### SUCCESS: /usr/bin/time -o time_10_vdhankar_zizhaoh.txt -f "%U" python3 homework.py > stulog.txt 2>&1 on zizhaoh #####
##### zizhaoh plays [E c3 b4 ] in 1.18s #####
##### Running: /usr/lib/jvm/jdk-14.0.1/bin/java -jar /lab/itti/projects/checkers-competition/server/referee.jar on run_10_vdhankar_zizhaoh #####
Move is valid
##### SUCCESS: /usr/lib/jvm/jdk-14.0.1/bin/java -jar /lab/itti/projects/checkers-competition/server/referee.jar on run_10_vdhankar_zizhaoh #####
INPUT for vdhankar:
GAME
BLACK
283.879789113998
.b.b.b.b
b.b.b.b.
.b...b..
w...b...
.w.....b
....w.w.
.w.w.w.w
w.w.w.w.
##### Running: /usr/bin/time -o time_10_vdhankar_zizhaoh.txt -f "%U" python3 homework.py > stulog.txt 2>&1 on vdhankar #####
child exited with value 1
##### ERROR: /usr/bin/time -o time_10_vdhankar_zizhaoh.txt -f "%U" python3 homework.py > stulog.txt 2>&1 on vdhankar #####
##### Output of failed program (stdout + stderr): #####
Traceback (most recent call last):
  File "homework.py", line 546, in <module>
    print(end-start)
NameError: name 'end' is not defined
##### End of output of failed program #####
##### vdhankar plays [E e7 d6] in 2.11456608772278s #####
##### Running: /usr/lib/jvm/jdk-14.0.1/bin/java -jar /lab/itti/projects/checkers-competition/server/referee.jar on run_10_vdhankar_zizhaoh #####
Move is valid
##### SUCCESS: /usr/lib/jvm/jdk-14.0.1/bin/java -jar /lab/itti/projects/checkers-competition/server/referee.jar on run_10_vdhankar_zizhaoh #####
INPUT for zizhaoh:
GAME
WHITE
291.77
.b.b.b.b
b.b...b.
.b.b.b..
w...b...
.w.....b
....w.w.
.w.w.w.w
w.w.w.w.
##### Running: /usr/bin/time -o time_10_vdhankar_zizhaoh.txt -f "%U" python3 homework.py > stulog.txt 2>&1 on zizhaoh #####
##### SUCCESS: /usr/bin/time -o time_10_vdhankar_zizhaoh.txt -f "%U" python3 homework.py > stulog.txt 2>&1 on zizhaoh #####
##### zizhaoh plays [E e3 f4 ] in 2.93s #####
##### Running: /usr/lib/jvm/jdk-14.0.1/bin/java -jar /lab/itti/projects/checkers-competition/server/referee.jar on run_10_vdhankar_zizhaoh #####
Move is valid
##### SUCCESS: /usr/lib/jvm/jdk-14.0.1/bin/java -jar /lab/itti/projects/checkers-competition/server/referee.jar on run_10_vdhankar_zizhaoh #####
INPUT for vdhankar:
GAME
BLACK
281.765223026276
.b.b.b.b
b.b...b.
.b.b.b..
w...b...
.w...w.b
......w.
.w.w.w.w
w.w.w.w.
##### Running: /usr/bin/time -o time_10_vdhankar_zizhaoh.txt -f "%U" python3 homework.py > stulog.txt 2>&1 on vdhankar #####
child exited with value 1
##### ERROR: /usr/bin/time -o time_10_vdhankar_zizhaoh.txt -f "%U" python3 homework.py > stulog.txt 2>&1 on vdhankar #####
##### Output of failed program (stdout + stderr): #####
Traceback (most recent call last):
  File "homework.py", line 546, in <module>
    print(end-start)
NameError: name 'end' is not defined
##### End of output of failed program #####
##### vdhankar plays [E b6 c5] in 2.29328584671021s #####
##### Running: /usr/lib/jvm/jdk-14.0.1/bin/java -jar /lab/itti/projects/checkers-competition/server/referee.jar on run_10_vdhankar_zizhaoh #####
Move is valid
##### SUCCESS: /usr/lib/jvm/jdk-14.0.1/bin/java -jar /lab/itti/projects/checkers-competition/server/referee.jar on run_10_vdhankar_zizhaoh #####
INPUT for zizhaoh:
GAME
WHITE
288.84
.b.b.b.b
b.b...b.
...b.b..
w.b.b...
.w...w.b
......w.
.w.w.w.w
w.w.w.w.
##### Running: /usr/bin/time -o time_10_vdhankar_zizhaoh.txt -f "%U" python3 homework.py > stulog.txt 2>&1 on zizhaoh #####
##### SUCCESS: /usr/bin/time -o time_10_vdhankar_zizhaoh.txt -f "%U" python3 homework.py > stulog.txt 2>&1 on zizhaoh #####
##### zizhaoh plays [E b2 a3 ] in 1.45s #####
##### Running: /usr/lib/jvm/jdk-14.0.1/bin/java -jar /lab/itti/projects/checkers-competition/server/referee.jar on run_10_vdhankar_zizhaoh #####
Move is valid
##### SUCCESS: /usr/lib/jvm/jdk-14.0.1/bin/java -jar /lab/itti/projects/checkers-competition/server/referee.jar on run_10_vdhankar_zizhaoh #####
INPUT for vdhankar:
GAME
BLACK
279.471937179565
.b.b.b.b
b.b...b.
...b.b..
w.b.b...
.w...w.b
w.....w.
...w.w.w
w.w.w.w.
##### Running: /usr/bin/time -o time_10_vdhankar_zizhaoh.txt -f "%U" python3 homework.py > stulog.txt 2>&1 on vdhankar #####
child exited with value 1
##### ERROR: /usr/bin/time -o time_10_vdhankar_zizhaoh.txt -f "%U" python3 homework.py > stulog.txt 2>&1 on vdhankar #####
##### Output of failed program (stdout + stderr): #####
Traceback (most recent call last):
  File "homework.py", line 546, in <module>
    print(end-start)
NameError: name 'end' is not defined
##### End of output of failed program #####
##### vdhankar plays [E g7 h6] in 3.50144290924072s #####
##### Running: /usr/lib/jvm/jdk-14.0.1/bin/java -jar /lab/itti/projects/checkers-competition/server/referee.jar on run_10_vdhankar_zizhaoh #####
Move is valid
##### SUCCESS: /usr/lib/jvm/jdk-14.0.1/bin/java -jar /lab/itti/projects/checkers-competition/server/referee.jar on run_10_vdhankar_zizhaoh #####
INPUT for zizhaoh:
GAME
WHITE
287.39
.b.b.b.b
b.b.....
...b.b.b
w.b.b...
.w...w.b
w.....w.
...w.w.w
w.w.w.w.
##### Running: /usr/bin/time -o time_10_vdhankar_zizhaoh.txt -f "%U" python3 homework.py > stulog.txt 2>&1 on zizhaoh #####
##### SUCCESS: /usr/bin/time -o time_10_vdhankar_zizhaoh.txt -f "%U" python3 homework.py > stulog.txt 2>&1 on zizhaoh #####
##### zizhaoh plays [E d2 c3 ] in 3.61s #####
##### Running: /usr/lib/jvm/jdk-14.0.1/bin/java -jar /lab/itti/projects/checkers-competition/server/referee.jar on run_10_vdhankar_zizhaoh #####
Move is valid
##### SUCCESS: /usr/lib/jvm/jdk-14.0.1/bin/java -jar /lab/itti/projects/checkers-competition/server/referee.jar on run_10_vdhankar_zizhaoh #####
INPUT for vdhankar:
GAME
BLACK
275.970494270325
.b.b.b.b
b.b.....
...b.b.b
w.b.b...
.w...w.b
w.w...w.
.....w.w
w.w.w.w.
##### Running: /usr/bin/time -o time_10_vdhankar_zizhaoh.txt -f "%U" python3 homework.py > stulog.txt 2>&1 on vdhankar #####
child exited with value 1
##### ERROR: /usr/bin/time -o time_10_vdhankar_zizhaoh.txt -f "%U" python3 homework.py > stulog.txt 2>&1 on vdhankar #####
##### Output of failed program (stdout + stderr): #####
Traceback (most recent call last):
  File "homework.py", line 546, in <module>
    print(end-start)
NameError: name 'end' is not defined
##### End of output of failed program #####
##### vdhankar plays [E c5 d4] in 3.17477893829346s #####
##### Running: /usr/lib/jvm/jdk-14.0.1/bin/java -jar /lab/itti/projects/checkers-competition/server/referee.jar on run_10_vdhankar_zizhaoh #####
Move is valid
##### SUCCESS: /usr/lib/jvm/jdk-14.0.1/bin/java -jar /lab/itti/projects/checkers-competition/server/referee.jar on run_10_vdhankar_zizhaoh #####
INPUT for zizhaoh:
GAME
WHITE
283.78
.b.b.b.b
b.b.....
...b.b.b
w...b...
.w.b.w.b
w.w...w.
.....w.w
w.w.w.w.
##### Running: /usr/bin/time -o time_10_vdhankar_zizhaoh.txt -f "%U" python3 homework.py > stulog.txt 2>&1 on zizhaoh #####
##### SUCCESS: /usr/bin/time -o time_10_vdhankar_zizhaoh.txt -f "%U" python3 homework.py > stulog.txt 2>&1 on zizhaoh #####
##### zizhaoh plays [E a1 b2 ] in 1.17s #####
##### Running: /usr/lib/jvm/jdk-14.0.1/bin/java -jar /lab/itti/projects/checkers-competition/server/referee.jar on run_10_vdhankar_zizhaoh #####
Move is valid
##### SUCCESS: /usr/lib/jvm/jdk-14.0.1/bin/java -jar /lab/itti/projects/checkers-competition/server/referee.jar on run_10_vdhankar_zizhaoh #####
INPUT for vdhankar:
GAME
BLACK
272.795715332031
.b.b.b.b
b.b.....
...b.b.b
w...b...
.w.b.w.b
w.w...w.
.w...w.w
..w.w.w.
##### Running: /usr/bin/time -o time_10_vdhankar_zizhaoh.txt -f "%U" python3 homework.py > stulog.txt 2>&1 on vdhankar #####
child exited with value 1
##### ERROR: /usr/bin/time -o time_10_vdhankar_zizhaoh.txt -f "%U" python3 homework.py > stulog.txt 2>&1 on vdhankar #####
##### Output of failed program (stdout + stderr): #####
Traceback (most recent call last):
  File "homework.py", line 546, in <module>
    print(end-start)
NameError: name 'end' is not defined
##### End of output of failed program #####
##### vdhankar plays [E f6 g5] in 1.51104307174683s #####
##### Running: /usr/lib/jvm/jdk-14.0.1/bin/java -jar /lab/itti/projects/checkers-competition/server/referee.jar on run_10_vdhankar_zizhaoh #####
Move is valid
##### SUCCESS: /usr/lib/jvm/jdk-14.0.1/bin/java -jar /lab/itti/projects/checkers-competition/server/referee.jar on run_10_vdhankar_zizhaoh #####
INPUT for zizhaoh:
GAME
WHITE
282.61
.b.b.b.b
b.b.....
...b...b
w...b.b.
.w.b.w.b
w.w...w.
.w...w.w
..w.w.w.
##### Running: /usr/bin/time -o time_10_vdhankar_zizhaoh.txt -f "%U" python3 homework.py > stulog.txt 2>&1 on zizhaoh #####
##### SUCCESS: /usr/bin/time -o time_10_vdhankar_zizhaoh.txt -f "%U" python3 homework.py > stulog.txt 2>&1 on zizhaoh #####
##### zizhaoh plays [E e1 d2 ] in 0.37s #####
##### Running: /usr/lib/jvm/jdk-14.0.1/bin/java -jar /lab/itti/projects/checkers-competition/server/referee.jar on run_10_vdhankar_zizhaoh #####
Move is valid
##### SUCCESS: /usr/lib/jvm/jdk-14.0.1/bin/java -jar /lab/itti/projects/checkers-competition/server/referee.jar on run_10_vdhankar_zizhaoh #####
INPUT for vdhankar:
GAME
BLACK
271.284672260284
.b.b.b.b
b.b.....
...b...b
w...b.b.
.w.b.w.b
w.w...w.
.w.w.w.w
..w...w.
##### Running: /usr/bin/time -o time_10_vdhankar_zizhaoh.txt -f "%U" python3 homework.py > stulog.txt 2>&1 on vdhankar #####
child exited with value 1
##### ERROR: /usr/bin/time -o time_10_vdhankar_zizhaoh.txt -f "%U" python3 homework.py > stulog.txt 2>&1 on vdhankar #####
##### Output of failed program (stdout + stderr): #####
Traceback (most recent call last):
  File "homework.py", line 546, in <module>
    print(end-start)
NameError: name 'end' is not defined
##### End of output of failed program #####
##### vdhankar plays [J g5 e3] in 0.348706007003784s #####
##### Running: /usr/lib/jvm/jdk-14.0.1/bin/java -jar /lab/itti/projects/checkers-competition/server/referee.jar on run_10_vdhankar_zizhaoh #####
Move is valid
##### SUCCESS: /usr/lib/jvm/jdk-14.0.1/bin/java -jar /lab/itti/projects/checkers-competition/server/referee.jar on run_10_vdhankar_zizhaoh #####
INPUT for zizhaoh:
GAME
WHITE
282.24
.b.b.b.b
b.b.....
...b...b
w...b...
.w.b...b
w.w.b.w.
.w.w.w.w
..w...w.
##### Running: /usr/bin/time -o time_10_vdhankar_zizhaoh.txt -f "%U" python3 homework.py > stulog.txt 2>&1 on zizhaoh #####
##### SUCCESS: /usr/bin/time -o time_10_vdhankar_zizhaoh.txt -f "%U" python3 homework.py > stulog.txt 2>&1 on zizhaoh #####
##### zizhaoh plays [J d2 f4 ] in 0.25s #####
##### Running: /usr/lib/jvm/jdk-14.0.1/bin/java -jar /lab/itti/projects/checkers-competition/server/referee.jar on run_10_vdhankar_zizhaoh #####
Move is valid
##### SUCCESS: /usr/lib/jvm/jdk-14.0.1/bin/java -jar /lab/itti/projects/checkers-competition/server/referee.jar on run_10_vdhankar_zizhaoh #####
INPUT for vdhankar:
GAME
BLACK
270.935966253281
.b.b.b.b
b.b.....
...b...b
w...b...
.w.b.w.b
w.w...w.
.w...w.w
..w...w.
##### Running: /usr/bin/time -o time_10_vdhankar_zizhaoh.txt -f "%U" python3 homework.py > stulog.txt 2>&1 on vdhankar #####
child exited with value 1
##### ERROR: /usr/bin/time -o time_10_vdhankar_zizhaoh.txt -f "%U" python3 homework.py > stulog.txt 2>&1 on vdhankar #####
##### Output of failed program (stdout + stderr): #####
Traceback (most recent call last):
  File "homework.py", line 546, in <module>
    print(end-start)
NameError: name 'end' is not defined
##### End of output of failed program #####
##### vdhankar plays [E d8 e7] in 1.11551809310913s #####
##### Running: /usr/lib/jvm/jdk-14.0.1/bin/java -jar /lab/itti/projects/checkers-competition/server/referee.jar on run_10_vdhankar_zizhaoh #####
Move is valid
##### SUCCESS: /usr/lib/jvm/jdk-14.0.1/bin/java -jar /lab/itti/projects/checkers-competition/server/referee.jar on run_10_vdhankar_zizhaoh #####
INPUT for zizhaoh:
GAME
WHITE
281.99
.b...b.b
b.b.b...
...b...b
w...b...
.w.b.w.b
w.w...w.
.w...w.w
..w...w.
##### Running: /usr/bin/time -o time_10_vdhankar_zizhaoh.txt -f "%U" python3 homework.py > stulog.txt 2>&1 on zizhaoh #####
##### SUCCESS: /usr/bin/time -o time_10_vdhankar_zizhaoh.txt -f "%U" python3 homework.py > stulog.txt 2>&1 on zizhaoh #####
##### zizhaoh plays [E c1 d2 ] in 0.5s #####
##### Running: /usr/lib/jvm/jdk-14.0.1/bin/java -jar /lab/itti/projects/checkers-competition/server/referee.jar on run_10_vdhankar_zizhaoh #####
Move is valid
##### SUCCESS: /usr/lib/jvm/jdk-14.0.1/bin/java -jar /lab/itti/projects/checkers-competition/server/referee.jar on run_10_vdhankar_zizhaoh #####
INPUT for vdhankar:
GAME
BLACK
269.820448160172
.b...b.b
b.b.b...
...b...b
w...b...
.w.b.w.b
w.w...w.
.w.w.w.w
......w.
##### Running: /usr/bin/time -o time_10_vdhankar_zizhaoh.txt -f "%U" python3 homework.py > stulog.txt 2>&1 on vdhankar #####
child exited with value 1
##### ERROR: /usr/bin/time -o time_10_vdhankar_zizhaoh.txt -f "%U" python3 homework.py > stulog.txt 2>&1 on vdhankar #####
##### Output of failed program (stdout + stderr): #####
Traceback (most recent call last):
  File "homework.py", line 546, in <module>
    print(end-start)
NameError: name 'end' is not defined
##### End of output of failed program #####
##### vdhankar plays [E h8 g7] in 0.838871955871582s #####
##### Running: /usr/lib/jvm/jdk-14.0.1/bin/java -jar /lab/itti/projects/checkers-competition/server/referee.jar on run_10_vdhankar_zizhaoh #####
Move is valid
##### SUCCESS: /usr/lib/jvm/jdk-14.0.1/bin/java -jar /lab/itti/projects/checkers-competition/server/referee.jar on run_10_vdhankar_zizhaoh #####
INPUT for zizhaoh:
GAME
WHITE
281.49
.b...b..
b.b.b.b.
...b...b
w...b...
.w.b.w.b
w.w...w.
.w.w.w.w
......w.
##### Running: /usr/bin/time -o time_10_vdhankar_zizhaoh.txt -f "%U" python3 homework.py > stulog.txt 2>&1 on zizhaoh #####
##### SUCCESS: /usr/bin/time -o time_10_vdhankar_zizhaoh.txt -f "%U" python3 homework.py > stulog.txt 2>&1 on zizhaoh #####
##### zizhaoh plays [E d2 e3 ] in 0.34s #####
##### Running: /usr/lib/jvm/jdk-14.0.1/bin/java -jar /lab/itti/projects/checkers-competition/server/referee.jar on run_10_vdhankar_zizhaoh #####
Move is valid
##### SUCCESS: /usr/lib/jvm/jdk-14.0.1/bin/java -jar /lab/itti/projects/checkers-competition/server/referee.jar on run_10_vdhankar_zizhaoh #####
INPUT for vdhankar:
GAME
BLACK
268.9815762043
.b...b..
b.b.b.b.
...b...b
w...b...
.w.b.w.b
w.w.w.w.
.w...w.w
......w.
##### Running: /usr/bin/time -o time_10_vdhankar_zizhaoh.txt -f "%U" python3 homework.py > stulog.txt 2>&1 on vdhankar #####
child exited with value 1
##### ERROR: /usr/bin/time -o time_10_vdhankar_zizhaoh.txt -f "%U" python3 homework.py > stulog.txt 2>&1 on vdhankar #####
##### Output of failed program (stdout + stderr): #####
Traceback (most recent call last):
  File "homework.py", line 546, in <module>
    print(end-start)
NameError: name 'end' is not defined
##### End of output of failed program #####
##### vdhankar plays [E d6 c5] in 0.476006031036377s #####
##### Running: /usr/lib/jvm/jdk-14.0.1/bin/java -jar /lab/itti/projects/checkers-competition/server/referee.jar on run_10_vdhankar_zizhaoh #####
Move is valid
##### SUCCESS: /usr/lib/jvm/jdk-14.0.1/bin/java -jar /lab/itti/projects/checkers-competition/server/referee.jar on run_10_vdhankar_zizhaoh #####
INPUT for zizhaoh:
GAME
WHITE
281.15
.b...b..
b.b.b.b.
.......b
w.b.b...
.w.b.w.b
w.w.w.w.
.w...w.w
......w.
##### Running: /usr/bin/time -o time_10_vdhankar_zizhaoh.txt -f "%U" python3 homework.py > stulog.txt 2>&1 on zizhaoh #####
##### SUCCESS: /usr/bin/time -o time_10_vdhankar_zizhaoh.txt -f "%U" python3 homework.py > stulog.txt 2>&1 on zizhaoh #####
##### zizhaoh plays [J b4 d6 ] in 0.07s #####
##### Running: /usr/lib/jvm/jdk-14.0.1/bin/java -jar /lab/itti/projects/checkers-competition/server/referee.jar on run_10_vdhankar_zizhaoh #####
Move is valid
##### SUCCESS: /usr/lib/jvm/jdk-14.0.1/bin/java -jar /lab/itti/projects/checkers-competition/server/referee.jar on run_10_vdhankar_zizhaoh #####
INPUT for vdhankar:
GAME
BLACK
268.505570173264
.b...b..
b.b.b.b.
...w...b
w...b...
...b.w.b
w.w.w.w.
.w...w.w
......w.
##### Running: /usr/bin/time -o time_10_vdhankar_zizhaoh.txt -f "%U" python3 homework.py > stulog.txt 2>&1 on vdhankar #####
child exited with value 1
##### ERROR: /usr/bin/time -o time_10_vdhankar_zizhaoh.txt -f "%U" python3 homework.py > stulog.txt 2>&1 on vdhankar #####
##### Output of failed program (stdout + stderr): #####
Traceback (most recent call last):
  File "homework.py", line 546, in <module>
    print(end-start)
NameError: name 'end' is not defined
##### End of output of failed program #####
##### vdhankar plays [J e7 c5] in 0.278248071670532s #####
##### Running: /usr/lib/jvm/jdk-14.0.1/bin/java -jar /lab/itti/projects/checkers-competition/server/referee.jar on run_10_vdhankar_zizhaoh #####
Move is valid
##### SUCCESS: /usr/lib/jvm/jdk-14.0.1/bin/java -jar /lab/itti/projects/checkers-competition/server/referee.jar on run_10_vdhankar_zizhaoh #####
INPUT for zizhaoh:
GAME
WHITE
281.08
.b...b..
b.b...b.
.......b
w.b.b...
...b.w.b
w.w.w.w.
.w...w.w
......w.
##### Running: /usr/bin/time -o time_10_vdhankar_zizhaoh.txt -f "%U" python3 homework.py > stulog.txt 2>&1 on zizhaoh #####
##### SUCCESS: /usr/bin/time -o time_10_vdhankar_zizhaoh.txt -f "%U" python3 homework.py > stulog.txt 2>&1 on zizhaoh #####
##### zizhaoh plays [J f4 d6 ] in 0.14s #####
##### Running: /usr/lib/jvm/jdk-14.0.1/bin/java -jar /lab/itti/projects/checkers-competition/server/referee.jar on run_10_vdhankar_zizhaoh #####
Move is valid
##### SUCCESS: /usr/lib/jvm/jdk-14.0.1/bin/java -jar /lab/itti/projects/checkers-competition/server/referee.jar on run_10_vdhankar_zizhaoh #####
INPUT for vdhankar:
GAME
BLACK
268.227322101593
.b...b..
b.b...b.
...w...b
w.b.....
...b...b
w.w.w.w.
.w...w.w
......w.
##### Running: /usr/bin/time -o time_10_vdhankar_zizhaoh.txt -f "%U" python3 homework.py > stulog.txt 2>&1 on vdhankar #####
child exited with value 1
##### ERROR: /usr/bin/time -o time_10_vdhankar_zizhaoh.txt -f "%U" python3 homework.py > stulog.txt 2>&1 on vdhankar #####
##### Output of failed program (stdout + stderr): #####
Traceback (most recent call last):
  File "homework.py", line 546, in <module>
    print(end-start)
NameError: name 'end' is not defined
##### End of output of failed program #####
##### vdhankar plays [J c7 e5] in 0.673752069473267s #####
##### Running: /usr/lib/jvm/jdk-14.0.1/bin/java -jar /lab/itti/projects/checkers-competition/server/referee.jar on run_10_vdhankar_zizhaoh #####
Move is valid
##### SUCCESS: /usr/lib/jvm/jdk-14.0.1/bin/java -jar /lab/itti/projects/checkers-competition/server/referee.jar on run_10_vdhankar_zizhaoh #####
INPUT for zizhaoh:
GAME
WHITE
280.94
.b...b..
b.....b.
.......b
w.b.b...
...b...b
w.w.w.w.
.w...w.w
......w.
##### Running: /usr/bin/time -o time_10_vdhankar_zizhaoh.txt -f "%U" python3 homework.py > stulog.txt 2>&1 on zizhaoh #####
##### SUCCESS: /usr/bin/time -o time_10_vdhankar_zizhaoh.txt -f "%U" python3 homework.py > stulog.txt 2>&1 on zizhaoh #####
##### zizhaoh plays [E c3 b4 ] in 1.28s #####
##### Running: /usr/lib/jvm/jdk-14.0.1/bin/java -jar /lab/itti/projects/checkers-competition/server/referee.jar on run_10_vdhankar_zizhaoh #####
Move is valid
##### SUCCESS: /usr/lib/jvm/jdk-14.0.1/bin/java -jar /lab/itti/projects/checkers-competition/server/referee.jar on run_10_vdhankar_zizhaoh #####
INPUT for vdhankar:
GAME
BLACK
267.55357003212
.b...b..
b.....b.
.......b
w.b.b...
.w.b...b
w...w.w.
.w...w.w
......w.
##### Running: /usr/bin/time -o time_10_vdhankar_zizhaoh.txt -f "%U" python3 homework.py > stulog.txt 2>&1 on vdhankar #####
child exited with value 1
##### ERROR: /usr/bin/time -o time_10_vdhankar_zizhaoh.txt -f "%U" python3 homework.py > stulog.txt 2>&1 on vdhankar #####
##### Output of failed program (stdout + stderr): #####
Traceback (most recent call last):
  File "homework.py", line 546, in <module>
    print(end-start)
NameError: name 'end' is not defined
##### End of output of failed program #####
##### vdhankar plays [E a7 b6] in 1.24785709381104s #####
##### Running: /usr/lib/jvm/jdk-14.0.1/bin/java -jar /lab/itti/projects/checkers-competition/server/referee.jar on run_10_vdhankar_zizhaoh #####
Move is valid
##### SUCCESS: /usr/lib/jvm/jdk-14.0.1/bin/java -jar /lab/itti/projects/checkers-competition/server/referee.jar on run_10_vdhankar_zizhaoh #####
INPUT for zizhaoh:
GAME
WHITE
279.66
.b...b..
......b.
.b.....b
w.b.b...
.w.b...b
w...w.w.
.w...w.w
......w.
##### Running: /usr/bin/time -o time_10_vdhankar_zizhaoh.txt -f "%U" python3 homework.py > stulog.txt 2>&1 on zizhaoh #####
##### SUCCESS: /usr/bin/time -o time_10_vdhankar_zizhaoh.txt -f "%U" python3 homework.py > stulog.txt 2>&1 on zizhaoh #####
##### zizhaoh plays [J b4 d6 ] in 0.8s #####
##### Running: /usr/lib/jvm/jdk-14.0.1/bin/java -jar /lab/itti/projects/checkers-competition/server/referee.jar on run_10_vdhankar_zizhaoh #####
Move is valid
##### SUCCESS: /usr/lib/jvm/jdk-14.0.1/bin/java -jar /lab/itti/projects/checkers-competition/server/referee.jar on run_10_vdhankar_zizhaoh #####
INPUT for vdhankar:
GAME
BLACK
266.305712938309
.b...b..
......b.
.b.w...b
w...b...
...b...b
w...w.w.
.w...w.w
......w.
##### Running: /usr/bin/time -o time_10_vdhankar_zizhaoh.txt -f "%U" python3 homework.py > stulog.txt 2>&1 on vdhankar #####
child exited with value 1
##### ERROR: /usr/bin/time -o time_10_vdhankar_zizhaoh.txt -f "%U" python3 homework.py > stulog.txt 2>&1 on vdhankar #####
##### Output of failed program (stdout + stderr): #####
Traceback (most recent call last):
  File "homework.py", line 546, in <module>
    print(end-start)
NameError: name 'end' is not defined
##### End of output of failed program #####
##### vdhankar plays [E b6 c5] in 2.2339928150177s #####
##### Running: /usr/lib/jvm/jdk-14.0.1/bin/java -jar /lab/itti/projects/checkers-competition/server/referee.jar on run_10_vdhankar_zizhaoh #####
Move is valid
##### SUCCESS: /usr/lib/jvm/jdk-14.0.1/bin/java -jar /lab/itti/projects/checkers-competition/server/referee.jar on run_10_vdhankar_zizhaoh #####
INPUT for zizhaoh:
GAME
WHITE
278.86
.b...b..
......b.
...w...b
w.b.b...
...b...b
w...w.w.
.w...w.w
......w.
##### Running: /usr/bin/time -o time_10_vdhankar_zizhaoh.txt -f "%U" python3 homework.py > stulog.txt 2>&1 on zizhaoh #####
##### SUCCESS: /usr/bin/time -o time_10_vdhankar_zizhaoh.txt -f "%U" python3 homework.py > stulog.txt 2>&1 on zizhaoh #####
##### zizhaoh plays [E a5 b6 ] in 1.89s #####
##### Running: /usr/lib/jvm/jdk-14.0.1/bin/java -jar /lab/itti/projects/checkers-competition/server/referee.jar on run_10_vdhankar_zizhaoh #####
Move is valid
##### SUCCESS: /usr/lib/jvm/jdk-14.0.1/bin/java -jar /lab/itti/projects/checkers-competition/server/referee.jar on run_10_vdhankar_zizhaoh #####
INPUT for vdhankar:
GAME
BLACK
264.071720123291
.b...b..
......b.
.w.w...b
..b.b...
...b...b
w...w.w.
.w...w.w
......w.
##### Running: /usr/bin/time -o time_10_vdhankar_zizhaoh.txt -f "%U" python3 homework.py > stulog.txt 2>&1 on vdhankar #####
child exited with value 1
##### ERROR: /usr/bin/time -o time_10_vdhankar_zizhaoh.txt -f "%U" python3 homework.py > stulog.txt 2>&1 on vdhankar #####
##### Output of failed program (stdout + stderr): #####
Traceback (most recent call last):
  File "homework.py", line 546, in <module>
    print(end-start)
NameError: name 'end' is not defined
##### End of output of failed program #####
##### vdhankar plays [E h6 g5] in 2.0108790397644s #####
##### Running: /usr/lib/jvm/jdk-14.0.1/bin/java -jar /lab/itti/projects/checkers-competition/server/referee.jar on run_10_vdhankar_zizhaoh #####
Move is valid
##### SUCCESS: /usr/lib/jvm/jdk-14.0.1/bin/java -jar /lab/itti/projects/checkers-competition/server/referee.jar on run_10_vdhankar_zizhaoh #####
INPUT for zizhaoh:
GAME
WHITE
276.97
.b...b..
......b.
.w.w....
..b.b.b.
...b...b
w...w.w.
.w...w.w
......w.
##### Running: /usr/bin/time -o time_10_vdhankar_zizhaoh.txt -f "%U" python3 homework.py > stulog.txt 2>&1 on zizhaoh #####
##### SUCCESS: /usr/bin/time -o time_10_vdhankar_zizhaoh.txt -f "%U" python3 homework.py > stulog.txt 2>&1 on zizhaoh #####
##### zizhaoh plays [E e3 f4 ] in 2.38s #####
##### Running: /usr/lib/jvm/jdk-14.0.1/bin/java -jar /lab/itti/projects/checkers-competition/server/referee.jar on run_10_vdhankar_zizhaoh #####
Move is valid
##### SUCCESS: /usr/lib/jvm/jdk-14.0.1/bin/java -jar /lab/itti/projects/checkers-competition/server/referee.jar on run_10_vdhankar_zizhaoh #####
INPUT for vdhankar:
GAME
BLACK
262.060841083527
.b...b..
......b.
.w.w....
..b.b.b.
...b.w.b
w.....w.
.w...w.w
......w.
##### Running: /usr/bin/time -o time_10_vdhankar_zizhaoh.txt -f "%U" python3 homework.py > stulog.txt 2>&1 on vdhankar #####
child exited with value 1
##### ERROR: /usr/bin/time -o time_10_vdhankar_zizhaoh.txt -f "%U" python3 homework.py > stulog.txt 2>&1 on vdhankar #####
##### Output of failed program (stdout + stderr): #####
Traceback (most recent call last):
  File "homework.py", line 546, in <module>
    print(end-start)
NameError: name 'end' is not defined
##### End of output of failed program #####
##### vdhankar plays [J g5 e3] in 1.03252387046814s #####
##### Running: /usr/lib/jvm/jdk-14.0.1/bin/java -jar /lab/itti/projects/checkers-competition/server/referee.jar on run_10_vdhankar_zizhaoh #####
Move is valid
##### SUCCESS: /usr/lib/jvm/jdk-14.0.1/bin/java -jar /lab/itti/projects/checkers-competition/server/referee.jar on run_10_vdhankar_zizhaoh #####
INPUT for zizhaoh:
GAME
WHITE
274.59
.b...b..
......b.
.w.w....
..b.b...
...b...b
w...b.w.
.w...w.w
......w.
##### Running: /usr/bin/time -o time_10_vdhankar_zizhaoh.txt -f "%U" python3 homework.py > stulog.txt 2>&1 on zizhaoh #####
##### SUCCESS: /usr/bin/time -o time_10_vdhankar_zizhaoh.txt -f "%U" python3 homework.py > stulog.txt 2>&1 on zizhaoh #####
##### zizhaoh plays [E b2 c3 ] in 2.21s #####
##### Running: /usr/lib/jvm/jdk-14.0.1/bin/java -jar /lab/itti/projects/checkers-competition/server/referee.jar on run_10_vdhankar_zizhaoh #####
Move is valid
##### SUCCESS: /usr/lib/jvm/jdk-14.0.1/bin/java -jar /lab/itti/projects/checkers-competition/server/referee.jar on run_10_vdhankar_zizhaoh #####
INPUT for vdhankar:
GAME
BLACK
261.028317213058
.b...b..
......b.
.w.w....
..b.b...
...b...b
w.w.b.w.
.....w.w
......w.
##### Running: /usr/bin/time -o time_10_vdhankar_zizhaoh.txt -f "%U" python3 homework.py > stulog.txt 2>&1 on vdhankar #####
child exited with value 1
##### ERROR: /usr/bin/time -o time_10_vdhankar_zizhaoh.txt -f "%U" python3 homework.py > stulog.txt 2>&1 on vdhankar #####
##### Output of failed program (stdout + stderr): #####
Traceback (most recent call last):
  File "homework.py", line 546, in <module>
    print(end-start)
NameError: name 'end' is not defined
##### End of output of failed program #####
##### vdhankar plays [J d4 b2] in 0.270487070083618s #####
##### Running: /usr/lib/jvm/jdk-14.0.1/bin/java -jar /lab/itti/projects/checkers-competition/server/referee.jar on run_10_vdhankar_zizhaoh #####
Move is valid
##### SUCCESS: /usr/lib/jvm/jdk-14.0.1/bin/java -jar /lab/itti/projects/checkers-competition/server/referee.jar on run_10_vdhankar_zizhaoh #####
INPUT for zizhaoh:
GAME
WHITE
272.38
.b...b..
......b.
.w.w....
..b.b...
.......b
w...b.w.
.b...w.w
......w.
##### Running: /usr/bin/time -o time_10_vdhankar_zizhaoh.txt -f "%U" python3 homework.py > stulog.txt 2>&1 on zizhaoh #####
##### SUCCESS: /usr/bin/time -o time_10_vdhankar_zizhaoh.txt -f "%U" python3 homework.py > stulog.txt 2>&1 on zizhaoh #####
##### zizhaoh plays [J f2 d4  ; J d4 f6  ; J f6 h8 ] in 0.14s #####
##### Running: /usr/lib/jvm/jdk-14.0.1/bin/java -jar /lab/itti/projects/checkers-competition/server/referee.jar on run_10_vdhankar_zizhaoh #####
Move is valid
##### SUCCESS: /usr/lib/jvm/jdk-14.0.1/bin/java -jar /lab/itti/projects/checkers-competition/server/referee.jar on run_10_vdhankar_zizhaoh #####
INPUT for vdhankar:
GAME
BLACK
260.757830142975
.b...b.W
........
.w.w....
..b.....
.......b
w.....w.
.b.....w
......w.
##### Running: /usr/bin/time -o time_10_vdhankar_zizhaoh.txt -f "%U" python3 homework.py > stulog.txt 2>&1 on vdhankar #####
child exited with value 1
##### ERROR: /usr/bin/time -o time_10_vdhankar_zizhaoh.txt -f "%U" python3 homework.py > stulog.txt 2>&1 on vdhankar #####
##### Output of failed program (stdout + stderr): #####
Traceback (most recent call last):
  File "homework.py", line 546, in <module>
    print(end-start)
NameError: name 'end' is not defined
##### End of output of failed program #####
##### vdhankar plays [J h4 f2] in 0.784281969070435s #####
##### Running: /usr/lib/jvm/jdk-14.0.1/bin/java -jar /lab/itti/projects/checkers-competition/server/referee.jar on run_10_vdhankar_zizhaoh #####
Move is valid
##### SUCCESS: /usr/lib/jvm/jdk-14.0.1/bin/java -jar /lab/itti/projects/checkers-competition/server/referee.jar on run_10_vdhankar_zizhaoh #####
INPUT for zizhaoh:
GAME
WHITE
272.24
.b...b.W
........
.w.w....
..b.....
........
w.......
.b...b.w
......w.
##### Running: /usr/bin/time -o time_10_vdhankar_zizhaoh.txt -f "%U" python3 homework.py > stulog.txt 2>&1 on zizhaoh #####
##### SUCCESS: /usr/bin/time -o time_10_vdhankar_zizhaoh.txt -f "%U" python3 homework.py > stulog.txt 2>&1 on zizhaoh #####
##### zizhaoh plays [J g1 e3 ] in 1s #####
##### Running: /usr/lib/jvm/jdk-14.0.1/bin/java -jar /lab/itti/projects/checkers-competition/server/referee.jar on run_10_vdhankar_zizhaoh #####
Move is valid
##### SUCCESS: /usr/lib/jvm/jdk-14.0.1/bin/java -jar /lab/itti/projects/checkers-competition/server/referee.jar on run_10_vdhankar_zizhaoh #####
INPUT for vdhankar:
GAME
BLACK
259.973548173904
.b...b.W
........
.w.w....
..b.....
........
w...w...
.b.....w
........
##### Running: /usr/bin/time -o time_10_vdhankar_zizhaoh.txt -f "%U" python3 homework.py > stulog.txt 2>&1 on vdhankar #####
child exited with value 1
##### ERROR: /usr/bin/time -o time_10_vdhankar_zizhaoh.txt -f "%U" python3 homework.py > stulog.txt 2>&1 on vdhankar #####
##### Output of failed program (stdout + stderr): #####
Traceback (most recent call last):
  File "homework.py", line 546, in <module>
    print(end-start)
NameError: name 'end' is not defined
##### End of output of failed program #####
##### vdhankar plays [E b2 c1] in 5.19731616973877s #####
##### Running: /usr/lib/jvm/jdk-14.0.1/bin/java -jar /lab/itti/projects/checkers-competition/server/referee.jar on run_10_vdhankar_zizhaoh #####
Move is valid
##### SUCCESS: /usr/lib/jvm/jdk-14.0.1/bin/java -jar /lab/itti/projects/checkers-competition/server/referee.jar on run_10_vdhankar_zizhaoh #####
INPUT for zizhaoh:
GAME
WHITE
271.24
.b...b.W
........
.w.w....
..b.....
........
w...w...
.......w
..B.....
##### Running: /usr/bin/time -o time_10_vdhankar_zizhaoh.txt -f "%U" python3 homework.py > stulog.txt 2>&1 on zizhaoh #####
##### SUCCESS: /usr/bin/time -o time_10_vdhankar_zizhaoh.txt -f "%U" python3 homework.py > stulog.txt 2>&1 on zizhaoh #####
##### zizhaoh plays [E b6 a7 ] in 6.36s #####
##### Running: /usr/lib/jvm/jdk-14.0.1/bin/java -jar /lab/itti/projects/checkers-competition/server/referee.jar on run_10_vdhankar_zizhaoh #####
Move is valid
##### SUCCESS: /usr/lib/jvm/jdk-14.0.1/bin/java -jar /lab/itti/projects/checkers-competition/server/referee.jar on run_10_vdhankar_zizhaoh #####
INPUT for vdhankar:
GAME
BLACK
254.776232004166
.b...b.W
w.......
...w....
..b.....
........
w...w...
.......w
..B.....
##### Running: /usr/bin/time -o time_10_vdhankar_zizhaoh.txt -f "%U" python3 homework.py > stulog.txt 2>&1 on vdhankar #####
child exited with value 1
##### ERROR: /usr/bin/time -o time_10_vdhankar_zizhaoh.txt -f "%U" python3 homework.py > stulog.txt 2>&1 on vdhankar #####
##### Output of failed program (stdout + stderr): #####
Traceback (most recent call last):
  File "homework.py", line 546, in <module>
    print(end-start)
NameError: name 'end' is not defined
##### End of output of failed program #####
##### vdhankar plays [E c1 d2] in 2.91895794868469s #####
##### Running: /usr/lib/jvm/jdk-14.0.1/bin/java -jar /lab/itti/projects/checkers-competition/server/referee.jar on run_10_vdhankar_zizhaoh #####
Move is valid
##### SUCCESS: /usr/lib/jvm/jdk-14.0.1/bin/java -jar /lab/itti/projects/checkers-competition/server/referee.jar on run_10_vdhankar_zizhaoh #####
INPUT for zizhaoh:
GAME
WHITE
264.88
.b...b.W
w.......
...w....
..b.....
........
w...w...
...B...w
........
##### Running: /usr/bin/time -o time_10_vdhankar_zizhaoh.txt -f "%U" python3 homework.py > stulog.txt 2>&1 on zizhaoh #####
##### SUCCESS: /usr/bin/time -o time_10_vdhankar_zizhaoh.txt -f "%U" python3 homework.py > stulog.txt 2>&1 on zizhaoh #####
##### zizhaoh plays [E e3 f4 ] in 2.76s #####
##### Running: /usr/lib/jvm/jdk-14.0.1/bin/java -jar /lab/itti/projects/checkers-competition/server/referee.jar on run_10_vdhankar_zizhaoh #####
Move is valid
##### SUCCESS: /usr/lib/jvm/jdk-14.0.1/bin/java -jar /lab/itti/projects/checkers-competition/server/referee.jar on run_10_vdhankar_zizhaoh #####
INPUT for vdhankar:
GAME
BLACK
251.857274055481
.b...b.W
w.......
...w....
..b.....
.....w..
w.......
...B...w
........
##### Running: /usr/bin/time -o time_10_vdhankar_zizhaoh.txt -f "%U" python3 homework.py > stulog.txt 2>&1 on vdhankar #####
child exited with value 1
##### ERROR: /usr/bin/time -o time_10_vdhankar_zizhaoh.txt -f "%U" python3 homework.py > stulog.txt 2>&1 on vdhankar #####
##### Output of failed program (stdout + stderr): #####
Traceback (most recent call last):
  File "homework.py", line 546, in <module>
    print(end-start)
NameError: name 'end' is not defined
##### End of output of failed program #####
##### vdhankar plays [E d2 e3] in 5.49362301826477s #####
##### Running: /usr/lib/jvm/jdk-14.0.1/bin/java -jar /lab/itti/projects/checkers-competition/server/referee.jar on run_10_vdhankar_zizhaoh #####
Move is valid
##### SUCCESS: /usr/lib/jvm/jdk-14.0.1/bin/java -jar /lab/itti/projects/checkers-competition/server/referee.jar on run_10_vdhankar_zizhaoh #####
INPUT for zizhaoh:
GAME
WHITE
262.12
.b...b.W
w.......
...w....
..b.....
.....w..
w...B...
.......w
........
##### Running: /usr/bin/time -o time_10_vdhankar_zizhaoh.txt -f "%U" python3 homework.py > stulog.txt 2>&1 on zizhaoh #####
##### SUCCESS: /usr/bin/time -o time_10_vdhankar_zizhaoh.txt -f "%U" python3 homework.py > stulog.txt 2>&1 on zizhaoh #####
##### zizhaoh plays [E f4 e5 ] in 3.13s #####
##### Running: /usr/lib/jvm/jdk-14.0.1/bin/java -jar /lab/itti/projects/checkers-competition/server/referee.jar on run_10_vdhankar_zizhaoh #####
Move is valid
##### SUCCESS: /usr/lib/jvm/jdk-14.0.1/bin/java -jar /lab/itti/projects/checkers-competition/server/referee.jar on run_10_vdhankar_zizhaoh #####
INPUT for vdhankar:
GAME
BLACK
246.363651037216
.b...b.W
w.......
...w....
..b.w...
........
w...B...
.......w
........
##### Running: /usr/bin/time -o time_10_vdhankar_zizhaoh.txt -f "%U" python3 homework.py > stulog.txt 2>&1 on vdhankar #####
child exited with value 1
##### ERROR: /usr/bin/time -o time_10_vdhankar_zizhaoh.txt -f "%U" python3 homework.py > stulog.txt 2>&1 on vdhankar #####
##### Output of failed program (stdout + stderr): #####
Traceback (most recent call last):
  File "homework.py", line 546, in <module>
    print(end-start)
NameError: name 'end' is not defined
##### End of output of failed program #####
##### vdhankar plays [E c5 d4] in 3.70192813873291s #####
##### Running: /usr/lib/jvm/jdk-14.0.1/bin/java -jar /lab/itti/projects/checkers-competition/server/referee.jar on run_10_vdhankar_zizhaoh #####
Move is valid
##### SUCCESS: /usr/lib/jvm/jdk-14.0.1/bin/java -jar /lab/itti/projects/checkers-competition/server/referee.jar on run_10_vdhankar_zizhaoh #####
INPUT for zizhaoh:
GAME
WHITE
258.99
.b...b.W
w.......
...w....
....w...
...b....
w...B...
.......w
........
##### Running: /usr/bin/time -o time_10_vdhankar_zizhaoh.txt -f "%U" python3 homework.py > stulog.txt 2>&1 on zizhaoh #####
##### SUCCESS: /usr/bin/time -o time_10_vdhankar_zizhaoh.txt -f "%U" python3 homework.py > stulog.txt 2>&1 on zizhaoh #####
##### zizhaoh plays [E e5 f6 ] in 3.32s #####
##### Running: /usr/lib/jvm/jdk-14.0.1/bin/java -jar /lab/itti/projects/checkers-competition/server/referee.jar on run_10_vdhankar_zizhaoh #####
Move is valid
##### SUCCESS: /usr/lib/jvm/jdk-14.0.1/bin/java -jar /lab/itti/projects/checkers-competition/server/referee.jar on run_10_vdhankar_zizhaoh #####
INPUT for vdhankar:
GAME
BLACK
242.661722898483
.b...b.W
w.......
...w.w..
........
...b....
w...B...
.......w
........
##### Running: /usr/bin/time -o time_10_vdhankar_zizhaoh.txt -f "%U" python3 homework.py > stulog.txt 2>&1 on vdhankar #####
child exited with value 1
##### ERROR: /usr/bin/time -o time_10_vdhankar_zizhaoh.txt -f "%U" python3 homework.py > stulog.txt 2>&1 on vdhankar #####
##### Output of failed program (stdout + stderr): #####
Traceback (most recent call last):
  File "homework.py", line 546, in <module>
    print(end-start)
NameError: name 'end' is not defined
##### End of output of failed program #####
##### vdhankar plays [E d4 c3] in 3.98229503631592s #####
##### Running: /usr/lib/jvm/jdk-14.0.1/bin/java -jar /lab/itti/projects/checkers-competition/server/referee.jar on run_10_vdhankar_zizhaoh #####
Move is valid
##### SUCCESS: /usr/lib/jvm/jdk-14.0.1/bin/java -jar /lab/itti/projects/checkers-competition/server/referee.jar on run_10_vdhankar_zizhaoh #####
INPUT for zizhaoh:
GAME
WHITE
255.67
.b...b.W
w.......
...w.w..
........
........
w.b.B...
.......w
........
##### Running: /usr/bin/time -o time_10_vdhankar_zizhaoh.txt -f "%U" python3 homework.py > stulog.txt 2>&1 on zizhaoh #####
##### SUCCESS: /usr/bin/time -o time_10_vdhankar_zizhaoh.txt -f "%U" python3 homework.py > stulog.txt 2>&1 on zizhaoh #####
##### zizhaoh plays [E f6 e7 ] in 6.63s #####
##### Running: /usr/lib/jvm/jdk-14.0.1/bin/java -jar /lab/itti/projects/checkers-competition/server/referee.jar on run_10_vdhankar_zizhaoh #####
Move is valid
##### SUCCESS: /usr/lib/jvm/jdk-14.0.1/bin/java -jar /lab/itti/projects/checkers-competition/server/referee.jar on run_10_vdhankar_zizhaoh #####
INPUT for vdhankar:
GAME
BLACK
238.679427862167
.b...b.W
w...w...
...w....
........
........
w.b.B...
.......w
........
##### Running: /usr/bin/time -o time_10_vdhankar_zizhaoh.txt -f "%U" python3 homework.py > stulog.txt 2>&1 on vdhankar #####
child exited with value 1
##### ERROR: /usr/bin/time -o time_10_vdhankar_zizhaoh.txt -f "%U" python3 homework.py > stulog.txt 2>&1 on vdhankar #####
##### Output of failed program (stdout + stderr): #####
Traceback (most recent call last):
  File "homework.py", line 546, in <module>
    print(end-start)
NameError: name 'end' is not defined
##### End of output of failed program #####
##### vdhankar plays [E e3 d4] in 3.58625912666321s #####
##### Running: /usr/lib/jvm/jdk-14.0.1/bin/java -jar /lab/itti/projects/checkers-competition/server/referee.jar on run_10_vdhankar_zizhaoh #####
Move is valid
##### SUCCESS: /usr/lib/jvm/jdk-14.0.1/bin/java -jar /lab/itti/projects/checkers-competition/server/referee.jar on run_10_vdhankar_zizhaoh #####
INPUT for zizhaoh:
GAME
WHITE
249.04
.b...b.W
w...w...
...w....
........
...B....
w.b.....
.......w
........
##### Running: /usr/bin/time -o time_10_vdhankar_zizhaoh.txt -f "%U" python3 homework.py > stulog.txt 2>&1 on zizhaoh #####
##### SUCCESS: /usr/bin/time -o time_10_vdhankar_zizhaoh.txt -f "%U" python3 homework.py > stulog.txt 2>&1 on zizhaoh #####
##### zizhaoh plays [E e7 d8 ] in 4s #####
##### Running: /usr/lib/jvm/jdk-14.0.1/bin/java -jar /lab/itti/projects/checkers-competition/server/referee.jar on run_10_vdhankar_zizhaoh #####
Move is valid
##### SUCCESS: /usr/lib/jvm/jdk-14.0.1/bin/java -jar /lab/itti/projects/checkers-competition/server/referee.jar on run_10_vdhankar_zizhaoh #####
INPUT for vdhankar:
GAME
BLACK
235.093168735504
.b.W.b.W
w.......
...w....
........
...B....
w.b.....
.......w
........
##### Running: /usr/bin/time -o time_10_vdhankar_zizhaoh.txt -f "%U" python3 homework.py > stulog.txt 2>&1 on vdhankar #####
child exited with value 1
##### ERROR: /usr/bin/time -o time_10_vdhankar_zizhaoh.txt -f "%U" python3 homework.py > stulog.txt 2>&1 on vdhankar #####
##### Output of failed program (stdout + stderr): #####
Traceback (most recent call last):
  File "homework.py", line 546, in <module>
    print(end-start)
NameError: name 'end' is not defined
##### End of output of failed program #####
##### vdhankar plays [E c3 d2] in 9.08788704872131s #####
##### Running: /usr/lib/jvm/jdk-14.0.1/bin/java -jar /lab/itti/projects/checkers-competition/server/referee.jar on run_10_vdhankar_zizhaoh #####
Move is valid
##### SUCCESS: /usr/lib/jvm/jdk-14.0.1/bin/java -jar /lab/itti/projects/checkers-competition/server/referee.jar on run_10_vdhankar_zizhaoh #####
INPUT for zizhaoh:
GAME
WHITE
245.04
.b.W.b.W
w.......
...w....
........
...B....
w.......
...b...w
........
##### Running: /usr/bin/time -o time_10_vdhankar_zizhaoh.txt -f "%U" python3 homework.py > stulog.txt 2>&1 on zizhaoh #####
##### SUCCESS: /usr/bin/time -o time_10_vdhankar_zizhaoh.txt -f "%U" python3 homework.py > stulog.txt 2>&1 on zizhaoh #####
##### zizhaoh plays [E d8 c7 ] in 6.68s #####
##### Running: /usr/lib/jvm/jdk-14.0.1/bin/java -jar /lab/itti/projects/checkers-competition/server/referee.jar on run_10_vdhankar_zizhaoh #####
Move is valid
##### SUCCESS: /usr/lib/jvm/jdk-14.0.1/bin/java -jar /lab/itti/projects/checkers-competition/server/referee.jar on run_10_vdhankar_zizhaoh #####
INPUT for vdhankar:
GAME
BLACK
226.005281686783
.b...b.W
w.W.....
...w....
........
...B....
w.......
...b...w
........
##### Running: /usr/bin/time -o time_10_vdhankar_zizhaoh.txt -f "%U" python3 homework.py > stulog.txt 2>&1 on vdhankar #####
child exited with value 1
##### ERROR: /usr/bin/time -o time_10_vdhankar_zizhaoh.txt -f "%U" python3 homework.py > stulog.txt 2>&1 on vdhankar #####
##### Output of failed program (stdout + stderr): #####
Traceback (most recent call last):
  File "homework.py", line 546, in <module>
    print(end-start)
NameError: name 'end' is not defined
##### End of output of failed program #####
##### vdhankar plays [E d2 e1] in 4.46796202659607s #####
##### Running: /usr/lib/jvm/jdk-14.0.1/bin/java -jar /lab/itti/projects/checkers-competition/server/referee.jar on run_10_vdhankar_zizhaoh #####
Move is valid
##### SUCCESS: /usr/lib/jvm/jdk-14.0.1/bin/java -jar /lab/itti/projects/checkers-competition/server/referee.jar on run_10_vdhankar_zizhaoh #####
INPUT for zizhaoh:
GAME
WHITE
238.36
.b...b.W
w.W.....
...w....
........
...B....
w.......
.......w
....B...
##### Running: /usr/bin/time -o time_10_vdhankar_zizhaoh.txt -f "%U" python3 homework.py > stulog.txt 2>&1 on zizhaoh #####
##### SUCCESS: /usr/bin/time -o time_10_vdhankar_zizhaoh.txt -f "%U" python3 homework.py > stulog.txt 2>&1 on zizhaoh #####
##### zizhaoh plays [E c7 d8 ] in 5.69s #####
##### Running: /usr/lib/jvm/jdk-14.0.1/bin/java -jar /lab/itti/projects/checkers-competition/server/referee.jar on run_10_vdhankar_zizhaoh #####
Move is valid
##### SUCCESS: /usr/lib/jvm/jdk-14.0.1/bin/java -jar /lab/itti/projects/checkers-competition/server/referee.jar on run_10_vdhankar_zizhaoh #####
INPUT for vdhankar:
GAME
BLACK
221.537319660187
.b.W.b.W
w.......
...w....
........
...B....
w.......
.......w
....B...
##### Running: /usr/bin/time -o time_10_vdhankar_zizhaoh.txt -f "%U" python3 homework.py > stulog.txt 2>&1 on vdhankar #####
child exited with value 1
##### ERROR: /usr/bin/time -o time_10_vdhankar_zizhaoh.txt -f "%U" python3 homework.py > stulog.txt 2>&1 on vdhankar #####
##### Output of failed program (stdout + stderr): #####
Traceback (most recent call last):
  File "homework.py", line 546, in <module>
    print(end-start)
NameError: name 'end' is not defined
##### End of output of failed program #####
##### vdhankar plays [E e1 f2] in 9.76894092559814s #####
##### Running: /usr/lib/jvm/jdk-14.0.1/bin/java -jar /lab/itti/projects/checkers-competition/server/referee.jar on run_10_vdhankar_zizhaoh #####
Move is valid
##### SUCCESS: /usr/lib/jvm/jdk-14.0.1/bin/java -jar /lab/itti/projects/checkers-competition/server/referee.jar on run_10_vdhankar_zizhaoh #####
INPUT for zizhaoh:
GAME
WHITE
232.67
.b.W.b.W
w.......
...w....
........
...B....
w.......
.....B.w
........
##### Running: /usr/bin/time -o time_10_vdhankar_zizhaoh.txt -f "%U" python3 homework.py > stulog.txt 2>&1 on zizhaoh #####
##### SUCCESS: /usr/bin/time -o time_10_vdhankar_zizhaoh.txt -f "%U" python3 homework.py > stulog.txt 2>&1 on zizhaoh #####
##### zizhaoh plays [E d8 c7 ] in 6.21s #####
##### Running: /usr/lib/jvm/jdk-14.0.1/bin/java -jar /lab/itti/projects/checkers-competition/server/referee.jar on run_10_vdhankar_zizhaoh #####
Move is valid
##### SUCCESS: /usr/lib/jvm/jdk-14.0.1/bin/java -jar /lab/itti/projects/checkers-competition/server/referee.jar on run_10_vdhankar_zizhaoh #####
INPUT for vdhankar:
GAME
BLACK
211.768378734589
.b...b.W
w.W.....
...w....
........
...B....
w.......
.....B.w
........
##### Running: /usr/bin/time -o time_10_vdhankar_zizhaoh.txt -f "%U" python3 homework.py > stulog.txt 2>&1 on vdhankar #####
child exited with value 1
##### ERROR: /usr/bin/time -o time_10_vdhankar_zizhaoh.txt -f "%U" python3 homework.py > stulog.txt 2>&1 on vdhankar #####
##### Output of failed program (stdout + stderr): #####
Traceback (most recent call last):
  File "homework.py", line 546, in <module>
    print(end-start)
NameError: name 'end' is not defined
##### End of output of failed program #####
##### vdhankar plays [E f2 e3] in 6.00477814674377s #####
##### Running: /usr/lib/jvm/jdk-14.0.1/bin/java -jar /lab/itti/projects/checkers-competition/server/referee.jar on run_10_vdhankar_zizhaoh #####
Move is valid
##### SUCCESS: /usr/lib/jvm/jdk-14.0.1/bin/java -jar /lab/itti/projects/checkers-competition/server/referee.jar on run_10_vdhankar_zizhaoh #####
INPUT for zizhaoh:
GAME
WHITE
226.46
.b...b.W
w.W.....
...w....
........
...B....
w...B...
.......w
........
##### Running: /usr/bin/time -o time_10_vdhankar_zizhaoh.txt -f "%U" python3 homework.py > stulog.txt 2>&1 on zizhaoh #####
##### SUCCESS: /usr/bin/time -o time_10_vdhankar_zizhaoh.txt -f "%U" python3 homework.py > stulog.txt 2>&1 on zizhaoh #####
##### zizhaoh plays [E c7 d8 ] in 6.05s #####
##### Running: /usr/lib/jvm/jdk-14.0.1/bin/java -jar /lab/itti/projects/checkers-competition/server/referee.jar on run_10_vdhankar_zizhaoh #####
Move is valid
##### SUCCESS: /usr/lib/jvm/jdk-14.0.1/bin/java -jar /lab/itti/projects/checkers-competition/server/referee.jar on run_10_vdhankar_zizhaoh #####
INPUT for vdhankar:
GAME
BLACK
205.763600587845
.b.W.b.W
w.......
...w....
........
...B....
w...B...
.......w
........
##### Running: /usr/bin/time -o time_10_vdhankar_zizhaoh.txt -f "%U" python3 homework.py > stulog.txt 2>&1 on vdhankar #####
child exited with value 1
##### ERROR: /usr/bin/time -o time_10_vdhankar_zizhaoh.txt -f "%U" python3 homework.py > stulog.txt 2>&1 on vdhankar #####
##### Output of failed program (stdout + stderr): #####
Traceback (most recent call last):
  File "homework.py", line 546, in <module>
    print(end-start)
NameError: name 'end' is not defined
##### End of output of failed program #####
##### vdhankar plays [E e3 f4] in 9.27157306671143s #####
##### Running: /usr/lib/jvm/jdk-14.0.1/bin/java -jar /lab/itti/projects/checkers-competition/server/referee.jar on run_10_vdhankar_zizhaoh #####
Move is valid
##### SUCCESS: /usr/lib/jvm/jdk-14.0.1/bin/java -jar /lab/itti/projects/checkers-competition/server/referee.jar on run_10_vdhankar_zizhaoh #####
INPUT for zizhaoh:
GAME
WHITE
220.41
.b.W.b.W
w.......
...w....
........
...B.B..
w.......
.......w
........
##### Running: /usr/bin/time -o time_10_vdhankar_zizhaoh.txt -f "%U" python3 homework.py > stulog.txt 2>&1 on zizhaoh #####
##### SUCCESS: /usr/bin/time -o time_10_vdhankar_zizhaoh.txt -f "%U" python3 homework.py > stulog.txt 2>&1 on zizhaoh #####
##### zizhaoh plays [E d8 c7 ] in 5.76s #####
##### Running: /usr/lib/jvm/jdk-14.0.1/bin/java -jar /lab/itti/projects/checkers-competition/server/referee.jar on run_10_vdhankar_zizhaoh #####
Move is valid
##### SUCCESS: /usr/lib/jvm/jdk-14.0.1/bin/java -jar /lab/itti/projects/checkers-competition/server/referee.jar on run_10_vdhankar_zizhaoh #####
INPUT for vdhankar:
GAME
BLACK
196.492027521133
.b...b.W
w.W.....
...w....
........
...B.B..
w.......
.......w
........
##### Running: /usr/bin/time -o time_10_vdhankar_zizhaoh.txt -f "%U" python3 homework.py > stulog.txt 2>&1 on vdhankar #####
child exited with value 1
##### ERROR: /usr/bin/time -o time_10_vdhankar_zizhaoh.txt -f "%U" python3 homework.py > stulog.txt 2>&1 on vdhankar #####
##### Output of failed program (stdout + stderr): #####
Traceback (most recent call last):
  File "homework.py", line 546, in <module>
    print(end-start)
NameError: name 'end' is not defined
##### End of output of failed program #####
##### vdhankar plays [E f4 g5] in 5.17463397979736s #####
##### Running: /usr/lib/jvm/jdk-14.0.1/bin/java -jar /lab/itti/projects/checkers-competition/server/referee.jar on run_10_vdhankar_zizhaoh #####
Move is valid
##### SUCCESS: /usr/lib/jvm/jdk-14.0.1/bin/java -jar /lab/itti/projects/checkers-competition/server/referee.jar on run_10_vdhankar_zizhaoh #####
INPUT for zizhaoh:
GAME
WHITE
214.65
.b...b.W
w.W.....
...w....
......B.
...B....
w.......
.......w
........
##### Running: /usr/bin/time -o time_10_vdhankar_zizhaoh.txt -f "%U" python3 homework.py > stulog.txt 2>&1 on zizhaoh #####
##### SUCCESS: /usr/bin/time -o time_10_vdhankar_zizhaoh.txt -f "%U" python3 homework.py > stulog.txt 2>&1 on zizhaoh #####
##### zizhaoh plays [E c7 d8 ] in 6.91s #####
##### Running: /usr/lib/jvm/jdk-14.0.1/bin/java -jar /lab/itti/projects/checkers-competition/server/referee.jar on run_10_vdhankar_zizhaoh #####
Move is valid
##### SUCCESS: /usr/lib/jvm/jdk-14.0.1/bin/java -jar /lab/itti/projects/checkers-competition/server/referee.jar on run_10_vdhankar_zizhaoh #####
INPUT for vdhankar:
GAME
BLACK
191.317393541336
.b.W.b.W
w.......
...w....
......B.
...B....
w.......
.......w
........
##### Running: /usr/bin/time -o time_10_vdhankar_zizhaoh.txt -f "%U" python3 homework.py > stulog.txt 2>&1 on vdhankar #####
child exited with value 1
##### ERROR: /usr/bin/time -o time_10_vdhankar_zizhaoh.txt -f "%U" python3 homework.py > stulog.txt 2>&1 on vdhankar #####
##### Output of failed program (stdout + stderr): #####
Traceback (most recent call last):
  File "homework.py", line 546, in <module>
    print(end-start)
NameError: name 'end' is not defined
##### End of output of failed program #####
##### vdhankar plays [E d4 e3] in 5.68156003952026s #####
##### Running: /usr/lib/jvm/jdk-14.0.1/bin/java -jar /lab/itti/projects/checkers-competition/server/referee.jar on run_10_vdhankar_zizhaoh #####
Move is valid
##### SUCCESS: /usr/lib/jvm/jdk-14.0.1/bin/java -jar /lab/itti/projects/checkers-competition/server/referee.jar on run_10_vdhankar_zizhaoh #####
INPUT for zizhaoh:
GAME
WHITE
207.74
.b.W.b.W
w.......
...w....
......B.
........
w...B...
.......w
........
##### Running: /usr/bin/time -o time_10_vdhankar_zizhaoh.txt -f "%U" python3 homework.py > stulog.txt 2>&1 on zizhaoh #####
##### SUCCESS: /usr/bin/time -o time_10_vdhankar_zizhaoh.txt -f "%U" python3 homework.py > stulog.txt 2>&1 on zizhaoh #####
##### zizhaoh plays [E d8 c7 ] in 7.57s #####
##### Running: /usr/lib/jvm/jdk-14.0.1/bin/java -jar /lab/itti/projects/checkers-competition/server/referee.jar on run_10_vdhankar_zizhaoh #####
Move is valid
##### SUCCESS: /usr/lib/jvm/jdk-14.0.1/bin/java -jar /lab/itti/projects/checkers-competition/server/referee.jar on run_10_vdhankar_zizhaoh #####
INPUT for vdhankar:
GAME
BLACK
185.635833501816
.b...b.W
w.W.....
...w....
......B.
........
w...B...
.......w
........
##### Running: /usr/bin/time -o time_10_vdhankar_zizhaoh.txt -f "%U" python3 homework.py > stulog.txt 2>&1 on vdhankar #####
child exited with value 1
##### ERROR: /usr/bin/time -o time_10_vdhankar_zizhaoh.txt -f "%U" python3 homework.py > stulog.txt 2>&1 on vdhankar #####
##### Output of failed program (stdout + stderr): #####
Traceback (most recent call last):
  File "homework.py", line 546, in <module>
    print(end-start)
NameError: name 'end' is not defined
##### End of output of failed program #####
##### vdhankar plays [E e3 d4] in 6.97455382347107s #####
##### Running: /usr/lib/jvm/jdk-14.0.1/bin/java -jar /lab/itti/projects/checkers-competition/server/referee.jar on run_10_vdhankar_zizhaoh #####
Move is valid
##### SUCCESS: /usr/lib/jvm/jdk-14.0.1/bin/java -jar /lab/itti/projects/checkers-competition/server/referee.jar on run_10_vdhankar_zizhaoh #####
INPUT for zizhaoh:
GAME
WHITE
200.17
.b...b.W
w.W.....
...w....
......B.
...B....
w.......
.......w
........
##### Running: /usr/bin/time -o time_10_vdhankar_zizhaoh.txt -f "%U" python3 homework.py > stulog.txt 2>&1 on zizhaoh #####
##### SUCCESS: /usr/bin/time -o time_10_vdhankar_zizhaoh.txt -f "%U" python3 homework.py > stulog.txt 2>&1 on zizhaoh #####
##### zizhaoh plays [E c7 d8 ] in 6.89s #####
##### Running: /usr/lib/jvm/jdk-14.0.1/bin/java -jar /lab/itti/projects/checkers-competition/server/referee.jar on run_10_vdhankar_zizhaoh #####
Move is valid
##### SUCCESS: /usr/lib/jvm/jdk-14.0.1/bin/java -jar /lab/itti/projects/checkers-competition/server/referee.jar on run_10_vdhankar_zizhaoh #####
INPUT for vdhankar:
GAME
BLACK
178.661279678345
.b.W.b.W
w.......
...w....
......B.
...B....
w.......
.......w
........
##### Running: /usr/bin/time -o time_10_vdhankar_zizhaoh.txt -f "%U" python3 homework.py > stulog.txt 2>&1 on vdhankar #####
child exited with value 1
##### ERROR: /usr/bin/time -o time_10_vdhankar_zizhaoh.txt -f "%U" python3 homework.py > stulog.txt 2>&1 on vdhankar #####
##### Output of failed program (stdout + stderr): #####
Traceback (most recent call last):
  File "homework.py", line 546, in <module>
    print(end-start)
NameError: name 'end' is not defined
##### End of output of failed program #####
##### vdhankar plays [E d4 e3] in 5.67497396469116s #####
##### Running: /usr/lib/jvm/jdk-14.0.1/bin/java -jar /lab/itti/projects/checkers-competition/server/referee.jar on run_10_vdhankar_zizhaoh #####
Move is valid
##### SUCCESS: /usr/lib/jvm/jdk-14.0.1/bin/java -jar /lab/itti/projects/checkers-competition/server/referee.jar on run_10_vdhankar_zizhaoh #####
INPUT for zizhaoh:
GAME
WHITE
193.28
.b.W.b.W
w.......
...w....
......B.
........
w...B...
.......w
........
##### Running: /usr/bin/time -o time_10_vdhankar_zizhaoh.txt -f "%U" python3 homework.py > stulog.txt 2>&1 on zizhaoh #####
##### SUCCESS: /usr/bin/time -o time_10_vdhankar_zizhaoh.txt -f "%U" python3 homework.py > stulog.txt 2>&1 on zizhaoh #####
##### zizhaoh plays [E d8 c7 ] in 6.25s #####
##### Running: /usr/lib/jvm/jdk-14.0.1/bin/java -jar /lab/itti/projects/checkers-competition/server/referee.jar on run_10_vdhankar_zizhaoh #####
Move is valid
##### SUCCESS: /usr/lib/jvm/jdk-14.0.1/bin/java -jar /lab/itti/projects/checkers-competition/server/referee.jar on run_10_vdhankar_zizhaoh #####
INPUT for vdhankar:
GAME
BLACK
172.986305713654
.b...b.W
w.W.....
...w....
......B.
........
w...B...
.......w
........
##### Running: /usr/bin/time -o time_10_vdhankar_zizhaoh.txt -f "%U" python3 homework.py > stulog.txt 2>&1 on vdhankar #####
child exited with value 1
##### ERROR: /usr/bin/time -o time_10_vdhankar_zizhaoh.txt -f "%U" python3 homework.py > stulog.txt 2>&1 on vdhankar #####
##### Output of failed program (stdout + stderr): #####
Traceback (most recent call last):
  File "homework.py", line 546, in <module>
    print(end-start)
NameError: name 'end' is not defined
##### End of output of failed program #####
##### vdhankar plays [E e3 d4] in 6.9645619392395s #####
##### Running: /usr/lib/jvm/jdk-14.0.1/bin/java -jar /lab/itti/projects/checkers-competition/server/referee.jar on run_10_vdhankar_zizhaoh #####
Move is valid
##### SUCCESS: /usr/lib/jvm/jdk-14.0.1/bin/java -jar /lab/itti/projects/checkers-competition/server/referee.jar on run_10_vdhankar_zizhaoh #####
INPUT for zizhaoh:
GAME
WHITE
187.03
.b...b.W
w.W.....
...w....
......B.
...B....
w.......
.......w
........
##### Running: /usr/bin/time -o time_10_vdhankar_zizhaoh.txt -f "%U" python3 homework.py > stulog.txt 2>&1 on zizhaoh #####
##### SUCCESS: /usr/bin/time -o time_10_vdhankar_zizhaoh.txt -f "%U" python3 homework.py > stulog.txt 2>&1 on zizhaoh #####
##### zizhaoh plays [E c7 d8 ] in 6.03s #####
##### Running: /usr/lib/jvm/jdk-14.0.1/bin/java -jar /lab/itti/projects/checkers-competition/server/referee.jar on run_10_vdhankar_zizhaoh #####
Move is valid
Seen this position 3 times
*** Game ends in draw ***
##### SUCCESS: /usr/lib/jvm/jdk-14.0.1/bin/java -jar /lab/itti/projects/checkers-competition/server/referee.jar on run_10_vdhankar_zizhaoh #####
##### GAME ENDS IN A DRAW. Time left for vdhankar: 166.021743774414s, zizhaoh: 181s
Server said: DRAW
##### GAME OVER: the game ends in a draw, zizhaoh wins by time remaining #####
########## ROUND 10 GAMESCORE AFTER GAME 3: vdhankar=1 and zizhaoh=2 ##########
#################### ROUND 10: vdhankar (W) vs zizhaoh (B): game 4 ####################
##### game start! #####
INPUT for zizhaoh:
GAME
BLACK
300
.b.b.b.b
b.b.b.b.
.b.b.b.b
........
........
w.w.w.w.
.w.w.w.w
w.w.w.w.
##### Running: /usr/bin/time -o time_10_vdhankar_zizhaoh.txt -f "%U" python3 homework.py > stulog.txt 2>&1 on zizhaoh #####
##### SUCCESS: /usr/bin/time -o time_10_vdhankar_zizhaoh.txt -f "%U" python3 homework.py > stulog.txt 2>&1 on zizhaoh #####
##### zizhaoh plays [E b6 a5 ] in 3.69s #####
##### Running: /usr/lib/jvm/jdk-14.0.1/bin/java -jar /lab/itti/projects/checkers-competition/server/referee.jar on run_10_vdhankar_zizhaoh #####
Move is valid
Couldn't read file 'current_ply.txt'
Couldn't read content from file 'current_ply.txt'
Couldn't read file 'lastmatchange_ply.txt'
Couldn't read content from file 'lastmatchange_ply.txt'
##### SUCCESS: /usr/lib/jvm/jdk-14.0.1/bin/java -jar /lab/itti/projects/checkers-competition/server/referee.jar on run_10_vdhankar_zizhaoh #####
INPUT for vdhankar:
GAME
WHITE
300
.b.b.b.b
b.b.b.b.
...b.b.b
b.......
........
w.w.w.w.
.w.w.w.w
w.w.w.w.
##### Running: /usr/bin/time -o time_10_vdhankar_zizhaoh.txt -f "%U" python3 homework.py > stulog.txt 2>&1 on vdhankar #####
child exited with value 1
##### ERROR: /usr/bin/time -o time_10_vdhankar_zizhaoh.txt -f "%U" python3 homework.py > stulog.txt 2>&1 on vdhankar #####
##### Output of failed program (stdout + stderr): #####
Traceback (most recent call last):
  File "homework.py", line 546, in <module>
    print(end-start)
NameError: name 'end' is not defined
##### End of output of failed program #####
##### vdhankar plays [E g3 h4] in 6.66321611404419s #####
##### Running: /usr/lib/jvm/jdk-14.0.1/bin/java -jar /lab/itti/projects/checkers-competition/server/referee.jar on run_10_vdhankar_zizhaoh #####
Move is valid
##### SUCCESS: /usr/lib/jvm/jdk-14.0.1/bin/java -jar /lab/itti/projects/checkers-competition/server/referee.jar on run_10_vdhankar_zizhaoh #####
INPUT for zizhaoh:
GAME
BLACK
296.31
.b.b.b.b
b.b.b.b.
...b.b.b
b.......
.......w
w.w.w...
.w.w.w.w
w.w.w.w.
##### Running: /usr/bin/time -o time_10_vdhankar_zizhaoh.txt -f "%U" python3 homework.py > stulog.txt 2>&1 on zizhaoh #####
##### SUCCESS: /usr/bin/time -o time_10_vdhankar_zizhaoh.txt -f "%U" python3 homework.py > stulog.txt 2>&1 on zizhaoh #####
##### zizhaoh plays [E a7 b6 ] in 3.25s #####
##### Running: /usr/lib/jvm/jdk-14.0.1/bin/java -jar /lab/itti/projects/checkers-competition/server/referee.jar on run_10_vdhankar_zizhaoh #####
Move is valid
##### SUCCESS: /usr/lib/jvm/jdk-14.0.1/bin/java -jar /lab/itti/projects/checkers-competition/server/referee.jar on run_10_vdhankar_zizhaoh #####
INPUT for vdhankar:
GAME
WHITE
293.336783885956
.b.b.b.b
..b.b.b.
.b.b.b.b
b.......
.......w
w.w.w...
.w.w.w.w
w.w.w.w.
##### Running: /usr/bin/time -o time_10_vdhankar_zizhaoh.txt -f "%U" python3 homework.py > stulog.txt 2>&1 on vdhankar #####
child exited with value 1
##### ERROR: /usr/bin/time -o time_10_vdhankar_zizhaoh.txt -f "%U" python3 homework.py > stulog.txt 2>&1 on vdhankar #####
##### Output of failed program (stdout + stderr): #####
Traceback (most recent call last):
  File "homework.py", line 546, in <module>
    print(end-start)
NameError: name 'end' is not defined
##### End of output of failed program #####
##### vdhankar plays [E h2 g3] in 8.86872410774231s #####
##### Running: /usr/lib/jvm/jdk-14.0.1/bin/java -jar /lab/itti/projects/checkers-competition/server/referee.jar on run_10_vdhankar_zizhaoh #####
Move is valid
##### SUCCESS: /usr/lib/jvm/jdk-14.0.1/bin/java -jar /lab/itti/projects/checkers-competition/server/referee.jar on run_10_vdhankar_zizhaoh #####
INPUT for zizhaoh:
GAME
BLACK
293.06
.b.b.b.b
..b.b.b.
.b.b.b.b
b.......
.......w
w.w.w.w.
.w.w.w..
w.w.w.w.
##### Running: /usr/bin/time -o time_10_vdhankar_zizhaoh.txt -f "%U" python3 homework.py > stulog.txt 2>&1 on zizhaoh #####
##### SUCCESS: /usr/bin/time -o time_10_vdhankar_zizhaoh.txt -f "%U" python3 homework.py > stulog.txt 2>&1 on zizhaoh #####
##### zizhaoh plays [E b8 a7 ] in 3.57s #####
##### Running: /usr/lib/jvm/jdk-14.0.1/bin/java -jar /lab/itti/projects/checkers-competition/server/referee.jar on run_10_vdhankar_zizhaoh #####
Move is valid
##### SUCCESS: /usr/lib/jvm/jdk-14.0.1/bin/java -jar /lab/itti/projects/checkers-competition/server/referee.jar on run_10_vdhankar_zizhaoh #####
INPUT for vdhankar:
GAME
WHITE
284.468059778214
...b.b.b
b.b.b.b.
.b.b.b.b
b.......
.......w
w.w.w.w.
.w.w.w..
w.w.w.w.
##### Running: /usr/bin/time -o time_10_vdhankar_zizhaoh.txt -f "%U" python3 homework.py > stulog.txt 2>&1 on vdhankar #####
child exited with value 1
##### ERROR: /usr/bin/time -o time_10_vdhankar_zizhaoh.txt -f "%U" python3 homework.py > stulog.txt 2>&1 on vdhankar #####
##### Output of failed program (stdout + stderr): #####
Traceback (most recent call last):
  File "homework.py", line 546, in <module>
    print(end-start)
NameError: name 'end' is not defined
##### End of output of failed program #####
##### vdhankar plays [E c3 d4] in 2.69685101509094s #####
##### Running: /usr/lib/jvm/jdk-14.0.1/bin/java -jar /lab/itti/projects/checkers-competition/server/referee.jar on run_10_vdhankar_zizhaoh #####
Move is valid
##### SUCCESS: /usr/lib/jvm/jdk-14.0.1/bin/java -jar /lab/itti/projects/checkers-competition/server/referee.jar on run_10_vdhankar_zizhaoh #####
INPUT for zizhaoh:
GAME
BLACK
289.49
...b.b.b
b.b.b.b.
.b.b.b.b
b.......
...w...w
w...w.w.
.w.w.w..
w.w.w.w.
##### Running: /usr/bin/time -o time_10_vdhankar_zizhaoh.txt -f "%U" python3 homework.py > stulog.txt 2>&1 on zizhaoh #####
##### SUCCESS: /usr/bin/time -o time_10_vdhankar_zizhaoh.txt -f "%U" python3 homework.py > stulog.txt 2>&1 on zizhaoh #####
##### zizhaoh plays [E d6 c5 ] in 1.4s #####
##### Running: /usr/lib/jvm/jdk-14.0.1/bin/java -jar /lab/itti/projects/checkers-competition/server/referee.jar on run_10_vdhankar_zizhaoh #####
Move is valid
##### SUCCESS: /usr/lib/jvm/jdk-14.0.1/bin/java -jar /lab/itti/projects/checkers-competition/server/referee.jar on run_10_vdhankar_zizhaoh #####
INPUT for vdhankar:
GAME
WHITE
281.771208763123
...b.b.b
b.b.b.b.
.b...b.b
b.b.....
...w...w
w...w.w.
.w.w.w..
w.w.w.w.
##### Running: /usr/bin/time -o time_10_vdhankar_zizhaoh.txt -f "%U" python3 homework.py > stulog.txt 2>&1 on vdhankar #####
child exited with value 1
##### ERROR: /usr/bin/time -o time_10_vdhankar_zizhaoh.txt -f "%U" python3 homework.py > stulog.txt 2>&1 on vdhankar #####
##### Output of failed program (stdout + stderr): #####
Traceback (most recent call last):
  File "homework.py", line 546, in <module>
    print(end-start)
NameError: name 'end' is not defined
##### End of output of failed program #####
##### vdhankar plays [E b2 c3] in 2.3900089263916s #####
##### Running: /usr/lib/jvm/jdk-14.0.1/bin/java -jar /lab/itti/projects/checkers-competition/server/referee.jar on run_10_vdhankar_zizhaoh #####
Move is valid
##### SUCCESS: /usr/lib/jvm/jdk-14.0.1/bin/java -jar /lab/itti/projects/checkers-competition/server/referee.jar on run_10_vdhankar_zizhaoh #####
INPUT for zizhaoh:
GAME
BLACK
288.09
...b.b.b
b.b.b.b.
.b...b.b
b.b.....
...w...w
w.w.w.w.
...w.w..
w.w.w.w.
##### Running: /usr/bin/time -o time_10_vdhankar_zizhaoh.txt -f "%U" python3 homework.py > stulog.txt 2>&1 on zizhaoh #####
##### SUCCESS: /usr/bin/time -o time_10_vdhankar_zizhaoh.txt -f "%U" python3 homework.py > stulog.txt 2>&1 on zizhaoh #####
##### zizhaoh plays [E c7 d6 ] in 1.8s #####
##### Running: /usr/lib/jvm/jdk-14.0.1/bin/java -jar /lab/itti/projects/checkers-competition/server/referee.jar on run_10_vdhankar_zizhaoh #####
Move is valid
##### SUCCESS: /usr/lib/jvm/jdk-14.0.1/bin/java -jar /lab/itti/projects/checkers-competition/server/referee.jar on run_10_vdhankar_zizhaoh #####
INPUT for vdhankar:
GAME
WHITE
279.381199836731
...b.b.b
b...b.b.
.b.b.b.b
b.b.....
...w...w
w.w.w.w.
...w.w..
w.w.w.w.
##### Running: /usr/bin/time -o time_10_vdhankar_zizhaoh.txt -f "%U" python3 homework.py > stulog.txt 2>&1 on vdhankar #####
child exited with value 1
##### ERROR: /usr/bin/time -o time_10_vdhankar_zizhaoh.txt -f "%U" python3 homework.py > stulog.txt 2>&1 on vdhankar #####
##### Output of failed program (stdout + stderr): #####
Traceback (most recent call last):
  File "homework.py", line 546, in <module>
    print(end-start)
NameError: name 'end' is not defined
##### End of output of failed program #####
##### vdhankar plays [E a1 b2] in 3.53494596481323s #####
##### Running: /usr/lib/jvm/jdk-14.0.1/bin/java -jar /lab/itti/projects/checkers-competition/server/referee.jar on run_10_vdhankar_zizhaoh #####
Move is valid
##### SUCCESS: /usr/lib/jvm/jdk-14.0.1/bin/java -jar /lab/itti/projects/checkers-competition/server/referee.jar on run_10_vdhankar_zizhaoh #####
INPUT for zizhaoh:
GAME
BLACK
286.29
...b.b.b
b...b.b.
.b.b.b.b
b.b.....
...w...w
w.w.w.w.
.w.w.w..
..w.w.w.
##### Running: /usr/bin/time -o time_10_vdhankar_zizhaoh.txt -f "%U" python3 homework.py > stulog.txt 2>&1 on zizhaoh #####
##### SUCCESS: /usr/bin/time -o time_10_vdhankar_zizhaoh.txt -f "%U" python3 homework.py > stulog.txt 2>&1 on zizhaoh #####
##### zizhaoh plays [E d8 c7 ] in 1.02s #####
##### Running: /usr/lib/jvm/jdk-14.0.1/bin/java -jar /lab/itti/projects/checkers-competition/server/referee.jar on run_10_vdhankar_zizhaoh #####
Move is valid
##### SUCCESS: /usr/lib/jvm/jdk-14.0.1/bin/java -jar /lab/itti/projects/checkers-competition/server/referee.jar on run_10_vdhankar_zizhaoh #####
INPUT for vdhankar:
GAME
WHITE
275.846253871918
.....b.b
b.b.b.b.
.b.b.b.b
b.b.....
...w...w
w.w.w.w.
.w.w.w..
..w.w.w.
##### Running: /usr/bin/time -o time_10_vdhankar_zizhaoh.txt -f "%U" python3 homework.py > stulog.txt 2>&1 on vdhankar #####
child exited with value 1
##### ERROR: /usr/bin/time -o time_10_vdhankar_zizhaoh.txt -f "%U" python3 homework.py > stulog.txt 2>&1 on vdhankar #####
##### Output of failed program (stdout + stderr): #####
Traceback (most recent call last):
  File "homework.py", line 546, in <module>
    print(end-start)
NameError: name 'end' is not defined
##### End of output of failed program #####
##### vdhankar plays [E g3 f4] in 1.23122191429138s #####
##### Running: /usr/lib/jvm/jdk-14.0.1/bin/java -jar /lab/itti/projects/checkers-competition/server/referee.jar on run_10_vdhankar_zizhaoh #####
Move is valid
##### SUCCESS: /usr/lib/jvm/jdk-14.0.1/bin/java -jar /lab/itti/projects/checkers-competition/server/referee.jar on run_10_vdhankar_zizhaoh #####
INPUT for zizhaoh:
GAME
BLACK
285.27
.....b.b
b.b.b.b.
.b.b.b.b
b.b.....
...w.w.w
w.w.w...
.w.w.w..
..w.w.w.
##### Running: /usr/bin/time -o time_10_vdhankar_zizhaoh.txt -f "%U" python3 homework.py > stulog.txt 2>&1 on zizhaoh #####
##### SUCCESS: /usr/bin/time -o time_10_vdhankar_zizhaoh.txt -f "%U" python3 homework.py > stulog.txt 2>&1 on zizhaoh #####
##### zizhaoh plays [E c5 b4 ] in 0.49s #####
##### Running: /usr/lib/jvm/jdk-14.0.1/bin/java -jar /lab/itti/projects/checkers-competition/server/referee.jar on run_10_vdhankar_zizhaoh #####
Move is valid
##### SUCCESS: /usr/lib/jvm/jdk-14.0.1/bin/java -jar /lab/itti/projects/checkers-competition/server/referee.jar on run_10_vdhankar_zizhaoh #####
INPUT for vdhankar:
GAME
WHITE
274.615031957626
.....b.b
b.b.b.b.
.b.b.b.b
b.......
.b.w.w.w
w.w.w...
.w.w.w..
..w.w.w.
##### Running: /usr/bin/time -o time_10_vdhankar_zizhaoh.txt -f "%U" python3 homework.py > stulog.txt 2>&1 on vdhankar #####
child exited with value 1
##### ERROR: /usr/bin/time -o time_10_vdhankar_zizhaoh.txt -f "%U" python3 homework.py > stulog.txt 2>&1 on vdhankar #####
##### Output of failed program (stdout + stderr): #####
Traceback (most recent call last):
  File "homework.py", line 546, in <module>
    print(end-start)
NameError: name 'end' is not defined
##### End of output of failed program #####
##### vdhankar plays [J a3 c5] in 0.396054029464722s #####
##### Running: /usr/lib/jvm/jdk-14.0.1/bin/java -jar /lab/itti/projects/checkers-competition/server/referee.jar on run_10_vdhankar_zizhaoh #####
Move is valid
##### SUCCESS: /usr/lib/jvm/jdk-14.0.1/bin/java -jar /lab/itti/projects/checkers-competition/server/referee.jar on run_10_vdhankar_zizhaoh #####
INPUT for zizhaoh:
GAME
BLACK
284.78
.....b.b
b.b.b.b.
.b.b.b.b
b.w.....
...w.w.w
..w.w...
.w.w.w..
..w.w.w.
##### Running: /usr/bin/time -o time_10_vdhankar_zizhaoh.txt -f "%U" python3 homework.py > stulog.txt 2>&1 on zizhaoh #####
##### SUCCESS: /usr/bin/time -o time_10_vdhankar_zizhaoh.txt -f "%U" python3 homework.py > stulog.txt 2>&1 on zizhaoh #####
##### zizhaoh plays [J d6 b4 ] in 0.36s #####
##### Running: /usr/lib/jvm/jdk-14.0.1/bin/java -jar /lab/itti/projects/checkers-competition/server/referee.jar on run_10_vdhankar_zizhaoh #####
Move is valid
##### SUCCESS: /usr/lib/jvm/jdk-14.0.1/bin/java -jar /lab/itti/projects/checkers-competition/server/referee.jar on run_10_vdhankar_zizhaoh #####
INPUT for vdhankar:
GAME
WHITE
274.218977928162
.....b.b
b.b.b.b.
.b...b.b
b.......
.b.w.w.w
..w.w...
.w.w.w..
..w.w.w.
##### Running: /usr/bin/time -o time_10_vdhankar_zizhaoh.txt -f "%U" python3 homework.py > stulog.txt 2>&1 on vdhankar #####
child exited with value 1
##### ERROR: /usr/bin/time -o time_10_vdhankar_zizhaoh.txt -f "%U" python3 homework.py > stulog.txt 2>&1 on vdhankar #####
##### Output of failed program (stdout + stderr): #####
Traceback (most recent call last):
  File "homework.py", line 546, in <module>
    print(end-start)
NameError: name 'end' is not defined
##### End of output of failed program #####
##### vdhankar plays [E g1 h2] in 1.33026194572449s #####
##### Running: /usr/lib/jvm/jdk-14.0.1/bin/java -jar /lab/itti/projects/checkers-competition/server/referee.jar on run_10_vdhankar_zizhaoh #####
Move is valid
##### SUCCESS: /usr/lib/jvm/jdk-14.0.1/bin/java -jar /lab/itti/projects/checkers-competition/server/referee.jar on run_10_vdhankar_zizhaoh #####
INPUT for zizhaoh:
GAME
BLACK
284.42
.....b.b
b.b.b.b.
.b...b.b
b.......
.b.w.w.w
..w.w...
.w.w.w.w
..w.w...
##### Running: /usr/bin/time -o time_10_vdhankar_zizhaoh.txt -f "%U" python3 homework.py > stulog.txt 2>&1 on zizhaoh #####
##### SUCCESS: /usr/bin/time -o time_10_vdhankar_zizhaoh.txt -f "%U" python3 homework.py > stulog.txt 2>&1 on zizhaoh #####
##### zizhaoh plays [E c7 d6 ] in 1.41s #####
##### Running: /usr/lib/jvm/jdk-14.0.1/bin/java -jar /lab/itti/projects/checkers-competition/server/referee.jar on run_10_vdhankar_zizhaoh #####
Move is valid
##### SUCCESS: /usr/lib/jvm/jdk-14.0.1/bin/java -jar /lab/itti/projects/checkers-competition/server/referee.jar on run_10_vdhankar_zizhaoh #####
INPUT for vdhankar:
GAME
WHITE
272.888715982437
.....b.b
b...b.b.
.b.b.b.b
b.......
.b.w.w.w
..w.w...
.w.w.w.w
..w.w...
##### Running: /usr/bin/time -o time_10_vdhankar_zizhaoh.txt -f "%U" python3 homework.py > stulog.txt 2>&1 on vdhankar #####
child exited with value 1
##### ERROR: /usr/bin/time -o time_10_vdhankar_zizhaoh.txt -f "%U" python3 homework.py > stulog.txt 2>&1 on vdhankar #####
##### Output of failed program (stdout + stderr): #####
Traceback (most recent call last):
  File "homework.py", line 546, in <module>
    print(end-start)
NameError: name 'end' is not defined
##### End of output of failed program #####
##### vdhankar plays [E d4 e5] in 0.652109146118164s #####
##### Running: /usr/lib/jvm/jdk-14.0.1/bin/java -jar /lab/itti/projects/checkers-competition/server/referee.jar on run_10_vdhankar_zizhaoh #####
Move is valid
##### SUCCESS: /usr/lib/jvm/jdk-14.0.1/bin/java -jar /lab/itti/projects/checkers-competition/server/referee.jar on run_10_vdhankar_zizhaoh #####
INPUT for zizhaoh:
GAME
BLACK
283.01
.....b.b
b...b.b.
.b.b.b.b
b...w...
.b...w.w
..w.w...
.w.w.w.w
..w.w...
##### Running: /usr/bin/time -o time_10_vdhankar_zizhaoh.txt -f "%U" python3 homework.py > stulog.txt 2>&1 on zizhaoh #####
##### SUCCESS: /usr/bin/time -o time_10_vdhankar_zizhaoh.txt -f "%U" python3 homework.py > stulog.txt 2>&1 on zizhaoh #####
##### zizhaoh plays [J f6 d4 ] in 0.47s #####
##### Running: /usr/lib/jvm/jdk-14.0.1/bin/java -jar /lab/itti/projects/checkers-competition/server/referee.jar on run_10_vdhankar_zizhaoh #####
Move is valid
##### SUCCESS: /usr/lib/jvm/jdk-14.0.1/bin/java -jar /lab/itti/projects/checkers-competition/server/referee.jar on run_10_vdhankar_zizhaoh #####
INPUT for vdhankar:
GAME
WHITE
272.236606836319
.....b.b
b...b.b.
.b.b...b
b.......
.b.b.w.w
..w.w...
.w.w.w.w
..w.w...
##### Running: /usr/bin/time -o time_10_vdhankar_zizhaoh.txt -f "%U" python3 homework.py > stulog.txt 2>&1 on vdhankar #####
child exited with value 1
##### ERROR: /usr/bin/time -o time_10_vdhankar_zizhaoh.txt -f "%U" python3 homework.py > stulog.txt 2>&1 on vdhankar #####
##### Output of failed program (stdout + stderr): #####
Traceback (most recent call last):
  File "homework.py", line 546, in <module>
    print(end-start)
NameError: name 'end' is not defined
##### End of output of failed program #####
##### vdhankar plays [J c3 e5 ; J e5 c7] in 1.68550109863281s #####
##### Running: /usr/lib/jvm/jdk-14.0.1/bin/java -jar /lab/itti/projects/checkers-competition/server/referee.jar on run_10_vdhankar_zizhaoh #####
Move is valid
##### SUCCESS: /usr/lib/jvm/jdk-14.0.1/bin/java -jar /lab/itti/projects/checkers-competition/server/referee.jar on run_10_vdhankar_zizhaoh #####
INPUT for zizhaoh:
GAME
BLACK
282.54
.....b.b
b.w.b.b.
.b.....b
b.......
.b...w.w
....w...
.w.w.w.w
..w.w...
##### Running: /usr/bin/time -o time_10_vdhankar_zizhaoh.txt -f "%U" python3 homework.py > stulog.txt 2>&1 on zizhaoh #####
##### SUCCESS: /usr/bin/time -o time_10_vdhankar_zizhaoh.txt -f "%U" python3 homework.py > stulog.txt 2>&1 on zizhaoh #####
##### zizhaoh plays [E e7 d6 ] in 7.05s #####
##### Running: /usr/lib/jvm/jdk-14.0.1/bin/java -jar /lab/itti/projects/checkers-competition/server/referee.jar on run_10_vdhankar_zizhaoh #####
Move is valid
##### SUCCESS: /usr/lib/jvm/jdk-14.0.1/bin/java -jar /lab/itti/projects/checkers-competition/server/referee.jar on run_10_vdhankar_zizhaoh #####
INPUT for vdhankar:
GAME
WHITE
270.551105737686
.....b.b
b.w...b.
.b.b...b
b.......
.b...w.w
....w...
.w.w.w.w
..w.w...
##### Running: /usr/bin/time -o time_10_vdhankar_zizhaoh.txt -f "%U" python3 homework.py > stulog.txt 2>&1 on vdhankar #####
child exited with value 1
##### ERROR: /usr/bin/time -o time_10_vdhankar_zizhaoh.txt -f "%U" python3 homework.py > stulog.txt 2>&1 on vdhankar #####
##### Output of failed program (stdout + stderr): #####
Traceback (most recent call last):
  File "homework.py", line 546, in <module>
    print(end-start)
NameError: name 'end' is not defined
##### End of output of failed program #####
##### vdhankar plays [E h2 g3] in 3.2367160320282s #####
##### Running: /usr/lib/jvm/jdk-14.0.1/bin/java -jar /lab/itti/projects/checkers-competition/server/referee.jar on run_10_vdhankar_zizhaoh #####
Move is valid
##### SUCCESS: /usr/lib/jvm/jdk-14.0.1/bin/java -jar /lab/itti/projects/checkers-competition/server/referee.jar on run_10_vdhankar_zizhaoh #####
INPUT for zizhaoh:
GAME
BLACK
275.49
.....b.b
b.w...b.
.b.b...b
b.......
.b...w.w
....w.w.
.w.w.w..
..w.w...
##### Running: /usr/bin/time -o time_10_vdhankar_zizhaoh.txt -f "%U" python3 homework.py > stulog.txt 2>&1 on zizhaoh #####
##### SUCCESS: /usr/bin/time -o time_10_vdhankar_zizhaoh.txt -f "%U" python3 homework.py > stulog.txt 2>&1 on zizhaoh #####
##### zizhaoh plays [E f8 e7 ] in 5.8s #####
##### Running: /usr/lib/jvm/jdk-14.0.1/bin/java -jar /lab/itti/projects/checkers-competition/server/referee.jar on run_10_vdhankar_zizhaoh #####
Move is valid
##### SUCCESS: /usr/lib/jvm/jdk-14.0.1/bin/java -jar /lab/itti/projects/checkers-competition/server/referee.jar on run_10_vdhankar_zizhaoh #####
INPUT for vdhankar:
GAME
WHITE
267.314389705658
.......b
b.w.b.b.
.b.b...b
b.......
.b...w.w
....w.w.
.w.w.w..
..w.w...
##### Running: /usr/bin/time -o time_10_vdhankar_zizhaoh.txt -f "%U" python3 homework.py > stulog.txt 2>&1 on vdhankar #####
child exited with value 1
##### ERROR: /usr/bin/time -o time_10_vdhankar_zizhaoh.txt -f "%U" python3 homework.py > stulog.txt 2>&1 on vdhankar #####
##### Output of failed program (stdout + stderr): #####
Traceback (most recent call last):
  File "homework.py", line 546, in <module>
    print(end-start)
NameError: name 'end' is not defined
##### End of output of failed program #####
##### vdhankar plays [E b2 c3] in 3.54791116714478s #####
##### Running: /usr/lib/jvm/jdk-14.0.1/bin/java -jar /lab/itti/projects/checkers-competition/server/referee.jar on run_10_vdhankar_zizhaoh #####
Move is valid
##### SUCCESS: /usr/lib/jvm/jdk-14.0.1/bin/java -jar /lab/itti/projects/checkers-competition/server/referee.jar on run_10_vdhankar_zizhaoh #####
INPUT for zizhaoh:
GAME
BLACK
269.69
.......b
b.w.b.b.
.b.b...b
b.......
.b...w.w
..w.w.w.
...w.w..
..w.w...
##### Running: /usr/bin/time -o time_10_vdhankar_zizhaoh.txt -f "%U" python3 homework.py > stulog.txt 2>&1 on zizhaoh #####
##### SUCCESS: /usr/bin/time -o time_10_vdhankar_zizhaoh.txt -f "%U" python3 homework.py > stulog.txt 2>&1 on zizhaoh #####
##### zizhaoh plays [E e7 f6 ] in 4.2s #####
##### Running: /usr/lib/jvm/jdk-14.0.1/bin/java -jar /lab/itti/projects/checkers-competition/server/referee.jar on run_10_vdhankar_zizhaoh #####
Move is valid
##### SUCCESS: /usr/lib/jvm/jdk-14.0.1/bin/java -jar /lab/itti/projects/checkers-competition/server/referee.jar on run_10_vdhankar_zizhaoh #####
INPUT for vdhankar:
GAME
WHITE
263.766478538513
.......b
b.w...b.
.b.b.b.b
b.......
.b...w.w
..w.w.w.
...w.w..
..w.w...
##### Running: /usr/bin/time -o time_10_vdhankar_zizhaoh.txt -f "%U" python3 homework.py > stulog.txt 2>&1 on vdhankar #####
child exited with value 1
##### ERROR: /usr/bin/time -o time_10_vdhankar_zizhaoh.txt -f "%U" python3 homework.py > stulog.txt 2>&1 on vdhankar #####
##### Output of failed program (stdout + stderr): #####
Traceback (most recent call last):
  File "homework.py", line 546, in <module>
    print(end-start)
NameError: name 'end' is not defined
##### End of output of failed program #####
##### vdhankar plays [E e3 d4] in 1.44905614852905s #####
##### Running: /usr/lib/jvm/jdk-14.0.1/bin/java -jar /lab/itti/projects/checkers-competition/server/referee.jar on run_10_vdhankar_zizhaoh #####
Move is valid
##### SUCCESS: /usr/lib/jvm/jdk-14.0.1/bin/java -jar /lab/itti/projects/checkers-competition/server/referee.jar on run_10_vdhankar_zizhaoh #####
INPUT for zizhaoh:
GAME
BLACK
265.49
.......b
b.w...b.
.b.b.b.b
b.......
.b.w.w.w
..w...w.
...w.w..
..w.w...
##### Running: /usr/bin/time -o time_10_vdhankar_zizhaoh.txt -f "%U" python3 homework.py > stulog.txt 2>&1 on zizhaoh #####
##### SUCCESS: /usr/bin/time -o time_10_vdhankar_zizhaoh.txt -f "%U" python3 homework.py > stulog.txt 2>&1 on zizhaoh #####
##### zizhaoh plays [E d6 c5 ] in 1.42s #####
##### Running: /usr/lib/jvm/jdk-14.0.1/bin/java -jar /lab/itti/projects/checkers-competition/server/referee.jar on run_10_vdhankar_zizhaoh #####
Move is valid
##### SUCCESS: /usr/lib/jvm/jdk-14.0.1/bin/java -jar /lab/itti/projects/checkers-competition/server/referee.jar on run_10_vdhankar_zizhaoh #####
INPUT for vdhankar:
GAME
WHITE
262.317422389984
.......b
b.w...b.
.b...b.b
b.b.....
.b.w.w.w
..w...w.
...w.w..
..w.w...
##### Running: /usr/bin/time -o time_10_vdhankar_zizhaoh.txt -f "%U" python3 homework.py > stulog.txt 2>&1 on vdhankar #####
child exited with value 1
##### ERROR: /usr/bin/time -o time_10_vdhankar_zizhaoh.txt -f "%U" python3 homework.py > stulog.txt 2>&1 on vdhankar #####
##### Output of failed program (stdout + stderr): #####
Traceback (most recent call last):
  File "homework.py", line 546, in <module>
    print(end-start)
NameError: name 'end' is not defined
##### End of output of failed program #####
##### vdhankar plays [E f2 e3] in 1.18605613708496s #####
##### Running: /usr/lib/jvm/jdk-14.0.1/bin/java -jar /lab/itti/projects/checkers-competition/server/referee.jar on run_10_vdhankar_zizhaoh #####
Move is valid
##### SUCCESS: /usr/lib/jvm/jdk-14.0.1/bin/java -jar /lab/itti/projects/checkers-competition/server/referee.jar on run_10_vdhankar_zizhaoh #####
INPUT for zizhaoh:
GAME
BLACK
264.07
.......b
b.w...b.
.b...b.b
b.b.....
.b.w.w.w
..w.w.w.
...w....
..w.w...
##### Running: /usr/bin/time -o time_10_vdhankar_zizhaoh.txt -f "%U" python3 homework.py > stulog.txt 2>&1 on zizhaoh #####
##### SUCCESS: /usr/bin/time -o time_10_vdhankar_zizhaoh.txt -f "%U" python3 homework.py > stulog.txt 2>&1 on zizhaoh #####
##### zizhaoh plays [E b4 a3 ] in 0.68s #####
##### Running: /usr/lib/jvm/jdk-14.0.1/bin/java -jar /lab/itti/projects/checkers-competition/server/referee.jar on run_10_vdhankar_zizhaoh #####
Move is valid
##### SUCCESS: /usr/lib/jvm/jdk-14.0.1/bin/java -jar /lab/itti/projects/checkers-competition/server/referee.jar on run_10_vdhankar_zizhaoh #####
INPUT for vdhankar:
GAME
WHITE
261.131366252899
.......b
b.w...b.
.b...b.b
b.b.....
...w.w.w
b.w.w.w.
...w....
..w.w...
##### Running: /usr/bin/time -o time_10_vdhankar_zizhaoh.txt -f "%U" python3 homework.py > stulog.txt 2>&1 on vdhankar #####
child exited with value 1
##### ERROR: /usr/bin/time -o time_10_vdhankar_zizhaoh.txt -f "%U" python3 homework.py > stulog.txt 2>&1 on vdhankar #####
##### Output of failed program (stdout + stderr): #####
Traceback (most recent call last):
  File "homework.py", line 546, in <module>
    print(end-start)
NameError: name 'end' is not defined
##### End of output of failed program #####
##### vdhankar plays [E c7 d8] in 1.1887800693512s #####
##### Running: /usr/lib/jvm/jdk-14.0.1/bin/java -jar /lab/itti/projects/checkers-competition/server/referee.jar on run_10_vdhankar_zizhaoh #####
Move is valid
##### SUCCESS: /usr/lib/jvm/jdk-14.0.1/bin/java -jar /lab/itti/projects/checkers-competition/server/referee.jar on run_10_vdhankar_zizhaoh #####
INPUT for zizhaoh:
GAME
BLACK
263.39
...W...b
b.....b.
.b...b.b
b.b.....
...w.w.w
b.w.w.w.
...w....
..w.w...
##### Running: /usr/bin/time -o time_10_vdhankar_zizhaoh.txt -f "%U" python3 homework.py > stulog.txt 2>&1 on zizhaoh #####
##### SUCCESS: /usr/bin/time -o time_10_vdhankar_zizhaoh.txt -f "%U" python3 homework.py > stulog.txt 2>&1 on zizhaoh #####
##### zizhaoh plays [E c5 b4 ] in 0.96s #####
##### Running: /usr/lib/jvm/jdk-14.0.1/bin/java -jar /lab/itti/projects/checkers-competition/server/referee.jar on run_10_vdhankar_zizhaoh #####
Move is valid
##### SUCCESS: /usr/lib/jvm/jdk-14.0.1/bin/java -jar /lab/itti/projects/checkers-competition/server/referee.jar on run_10_vdhankar_zizhaoh #####
INPUT for vdhankar:
GAME
WHITE
259.942586183548
...W...b
b.....b.
.b...b.b
b.......
.b.w.w.w
b.w.w.w.
...w....
..w.w...
##### Running: /usr/bin/time -o time_10_vdhankar_zizhaoh.txt -f "%U" python3 homework.py > stulog.txt 2>&1 on vdhankar #####
child exited with value 1
##### ERROR: /usr/bin/time -o time_10_vdhankar_zizhaoh.txt -f "%U" python3 homework.py > stulog.txt 2>&1 on vdhankar #####
##### Output of failed program (stdout + stderr): #####
Traceback (most recent call last):
  File "homework.py", line 546, in <module>
    print(end-start)
NameError: name 'end' is not defined
##### End of output of failed program #####
##### vdhankar plays [E d8 e7] in 0.77711009979248s #####
##### Running: /usr/lib/jvm/jdk-14.0.1/bin/java -jar /lab/itti/projects/checkers-competition/server/referee.jar on run_10_vdhankar_zizhaoh #####
Move is valid
##### SUCCESS: /usr/lib/jvm/jdk-14.0.1/bin/java -jar /lab/itti/projects/checkers-competition/server/referee.jar on run_10_vdhankar_zizhaoh #####
INPUT for zizhaoh:
GAME
BLACK
262.43
.......b
b...W.b.
.b...b.b
b.......
.b.w.w.w
b.w.w.w.
...w....
..w.w...
##### Running: /usr/bin/time -o time_10_vdhankar_zizhaoh.txt -f "%U" python3 homework.py > stulog.txt 2>&1 on zizhaoh #####
##### SUCCESS: /usr/bin/time -o time_10_vdhankar_zizhaoh.txt -f "%U" python3 homework.py > stulog.txt 2>&1 on zizhaoh #####
##### zizhaoh plays [E b6 c5 ] in 0.39s #####
##### Running: /usr/lib/jvm/jdk-14.0.1/bin/java -jar /lab/itti/projects/checkers-competition/server/referee.jar on run_10_vdhankar_zizhaoh #####
Move is valid
##### SUCCESS: /usr/lib/jvm/jdk-14.0.1/bin/java -jar /lab/itti/projects/checkers-competition/server/referee.jar on run_10_vdhankar_zizhaoh #####
INPUT for vdhankar:
GAME
WHITE
259.165476083755
.......b
b...W.b.
.....b.b
b.b.....
.b.w.w.w
b.w.w.w.
...w....
..w.w...
##### Running: /usr/bin/time -o time_10_vdhankar_zizhaoh.txt -f "%U" python3 homework.py > stulog.txt 2>&1 on vdhankar #####
child exited with value 1
##### ERROR: /usr/bin/time -o time_10_vdhankar_zizhaoh.txt -f "%U" python3 homework.py > stulog.txt 2>&1 on vdhankar #####
##### Output of failed program (stdout + stderr): #####
Traceback (most recent call last):
  File "homework.py", line 546, in <module>
    print(end-start)
NameError: name 'end' is not defined
##### End of output of failed program #####
##### vdhankar plays [J d4 b6] in 0.265092849731445s #####
##### Running: /usr/lib/jvm/jdk-14.0.1/bin/java -jar /lab/itti/projects/checkers-competition/server/referee.jar on run_10_vdhankar_zizhaoh #####
Move is valid
##### SUCCESS: /usr/lib/jvm/jdk-14.0.1/bin/java -jar /lab/itti/projects/checkers-competition/server/referee.jar on run_10_vdhankar_zizhaoh #####
INPUT for zizhaoh:
GAME
BLACK
262.04
.......b
b...W.b.
.w...b.b
b.......
.b...w.w
b.w.w.w.
...w....
..w.w...
##### Running: /usr/bin/time -o time_10_vdhankar_zizhaoh.txt -f "%U" python3 homework.py > stulog.txt 2>&1 on zizhaoh #####
##### SUCCESS: /usr/bin/time -o time_10_vdhankar_zizhaoh.txt -f "%U" python3 homework.py > stulog.txt 2>&1 on zizhaoh #####
##### zizhaoh plays [J a7 c5 ] in 0.05s #####
##### Running: /usr/lib/jvm/jdk-14.0.1/bin/java -jar /lab/itti/projects/checkers-competition/server/referee.jar on run_10_vdhankar_zizhaoh #####
Move is valid
##### SUCCESS: /usr/lib/jvm/jdk-14.0.1/bin/java -jar /lab/itti/projects/checkers-competition/server/referee.jar on run_10_vdhankar_zizhaoh #####
INPUT for vdhankar:
GAME
WHITE
258.900383234024
.......b
....W.b.
.....b.b
b.b.....
.b...w.w
b.w.w.w.
...w....
..w.w...
##### Running: /usr/bin/time -o time_10_vdhankar_zizhaoh.txt -f "%U" python3 homework.py > stulog.txt 2>&1 on vdhankar #####
child exited with value 1
##### ERROR: /usr/bin/time -o time_10_vdhankar_zizhaoh.txt -f "%U" python3 homework.py > stulog.txt 2>&1 on vdhankar #####
##### Output of failed program (stdout + stderr): #####
Traceback (most recent call last):
  File "homework.py", line 546, in <module>
    print(end-start)
NameError: name 'end' is not defined
##### End of output of failed program #####
##### vdhankar plays [J e7 g5] in 0.281468868255615s #####
##### Running: /usr/lib/jvm/jdk-14.0.1/bin/java -jar /lab/itti/projects/checkers-competition/server/referee.jar on run_10_vdhankar_zizhaoh #####
Move is valid
##### SUCCESS: /usr/lib/jvm/jdk-14.0.1/bin/java -jar /lab/itti/projects/checkers-competition/server/referee.jar on run_10_vdhankar_zizhaoh #####
INPUT for zizhaoh:
GAME
BLACK
261.99
.......b
......b.
.......b
b.b...W.
.b...w.w
b.w.w.w.
...w....
..w.w...
##### Running: /usr/bin/time -o time_10_vdhankar_zizhaoh.txt -f "%U" python3 homework.py > stulog.txt 2>&1 on zizhaoh #####
##### SUCCESS: /usr/bin/time -o time_10_vdhankar_zizhaoh.txt -f "%U" python3 homework.py > stulog.txt 2>&1 on zizhaoh #####
##### zizhaoh plays [E g7 f6 ] in 0.2s #####
##### Running: /usr/lib/jvm/jdk-14.0.1/bin/java -jar /lab/itti/projects/checkers-competition/server/referee.jar on run_10_vdhankar_zizhaoh #####
Move is valid
##### SUCCESS: /usr/lib/jvm/jdk-14.0.1/bin/java -jar /lab/itti/projects/checkers-competition/server/referee.jar on run_10_vdhankar_zizhaoh #####
INPUT for vdhankar:
GAME
WHITE
258.618914365768
.......b
........
.....b.b
b.b...W.
.b...w.w
b.w.w.w.
...w....
..w.w...
##### Running: /usr/bin/time -o time_10_vdhankar_zizhaoh.txt -f "%U" python3 homework.py > stulog.txt 2>&1 on vdhankar #####
child exited with value 1
##### ERROR: /usr/bin/time -o time_10_vdhankar_zizhaoh.txt -f "%U" python3 homework.py > stulog.txt 2>&1 on vdhankar #####
##### Output of failed program (stdout + stderr): #####
Traceback (most recent call last):
  File "homework.py", line 546, in <module>
    print(end-start)
NameError: name 'end' is not defined
##### End of output of failed program #####
##### vdhankar plays [J g5 e7] in 0.484095096588135s #####
##### Running: /usr/lib/jvm/jdk-14.0.1/bin/java -jar /lab/itti/projects/checkers-competition/server/referee.jar on run_10_vdhankar_zizhaoh #####
Move is valid
##### SUCCESS: /usr/lib/jvm/jdk-14.0.1/bin/java -jar /lab/itti/projects/checkers-competition/server/referee.jar on run_10_vdhankar_zizhaoh #####
INPUT for zizhaoh:
GAME
BLACK
261.79
.......b
....W...
.......b
b.b.....
.b...w.w
b.w.w.w.
...w....
..w.w...
##### Running: /usr/bin/time -o time_10_vdhankar_zizhaoh.txt -f "%U" python3 homework.py > stulog.txt 2>&1 on zizhaoh #####
##### SUCCESS: /usr/bin/time -o time_10_vdhankar_zizhaoh.txt -f "%U" python3 homework.py > stulog.txt 2>&1 on zizhaoh #####
##### zizhaoh plays [E h8 g7 ] in 0.68s #####
##### Running: /usr/lib/jvm/jdk-14.0.1/bin/java -jar /lab/itti/projects/checkers-competition/server/referee.jar on run_10_vdhankar_zizhaoh #####
Move is valid
##### SUCCESS: /usr/lib/jvm/jdk-14.0.1/bin/java -jar /lab/itti/projects/checkers-competition/server/referee.jar on run_10_vdhankar_zizhaoh #####
INPUT for vdhankar:
GAME
WHITE
258.13481926918
........
....W.b.
.......b
b.b.....
.b...w.w
b.w.w.w.
...w....
..w.w...
##### Running: /usr/bin/time -o time_10_vdhankar_zizhaoh.txt -f "%U" python3 homework.py > stulog.txt 2>&1 on vdhankar #####
child exited with value 1
##### ERROR: /usr/bin/time -o time_10_vdhankar_zizhaoh.txt -f "%U" python3 homework.py > stulog.txt 2>&1 on vdhankar #####
##### Output of failed program (stdout + stderr): #####
Traceback (most recent call last):
  File "homework.py", line 546, in <module>
    print(end-start)
NameError: name 'end' is not defined
##### End of output of failed program #####
##### vdhankar plays [E e1 f2] in 0.998825073242188s #####
##### Running: /usr/lib/jvm/jdk-14.0.1/bin/java -jar /lab/itti/projects/checkers-competition/server/referee.jar on run_10_vdhankar_zizhaoh #####
Move is valid
##### SUCCESS: /usr/lib/jvm/jdk-14.0.1/bin/java -jar /lab/itti/projects/checkers-competition/server/referee.jar on run_10_vdhankar_zizhaoh #####
INPUT for zizhaoh:
GAME
BLACK
261.11
........
....W.b.
.......b
b.b.....
.b...w.w
b.w.w.w.
...w.w..
..w.....
##### Running: /usr/bin/time -o time_10_vdhankar_zizhaoh.txt -f "%U" python3 homework.py > stulog.txt 2>&1 on zizhaoh #####
##### SUCCESS: /usr/bin/time -o time_10_vdhankar_zizhaoh.txt -f "%U" python3 homework.py > stulog.txt 2>&1 on zizhaoh #####
##### zizhaoh plays [E g7 f6 ] in 0.1s #####
##### Running: /usr/lib/jvm/jdk-14.0.1/bin/java -jar /lab/itti/projects/checkers-competition/server/referee.jar on run_10_vdhankar_zizhaoh #####
Move is valid
##### SUCCESS: /usr/lib/jvm/jdk-14.0.1/bin/java -jar /lab/itti/projects/checkers-competition/server/referee.jar on run_10_vdhankar_zizhaoh #####
INPUT for vdhankar:
GAME
WHITE
257.135994195938
........
....W...
.....b.b
b.b.....
.b...w.w
b.w.w.w.
...w.w..
..w.....
##### Running: /usr/bin/time -o time_10_vdhankar_zizhaoh.txt -f "%U" python3 homework.py > stulog.txt 2>&1 on vdhankar #####
child exited with value 1
##### ERROR: /usr/bin/time -o time_10_vdhankar_zizhaoh.txt -f "%U" python3 homework.py > stulog.txt 2>&1 on vdhankar #####
##### Output of failed program (stdout + stderr): #####
Traceback (most recent call last):
  File "homework.py", line 546, in <module>
    print(end-start)
NameError: name 'end' is not defined
##### End of output of failed program #####
##### vdhankar plays [J e7 g5] in 0.209244012832642s #####
##### Running: /usr/lib/jvm/jdk-14.0.1/bin/java -jar /lab/itti/projects/checkers-competition/server/referee.jar on run_10_vdhankar_zizhaoh #####
Move is valid
##### SUCCESS: /usr/lib/jvm/jdk-14.0.1/bin/java -jar /lab/itti/projects/checkers-competition/server/referee.jar on run_10_vdhankar_zizhaoh #####
INPUT for zizhaoh:
GAME
BLACK
261.01
........
........
.......b
b.b...W.
.b...w.w
b.w.w.w.
...w.w..
..w.....
##### Running: /usr/bin/time -o time_10_vdhankar_zizhaoh.txt -f "%U" python3 homework.py > stulog.txt 2>&1 on zizhaoh #####
##### SUCCESS: /usr/bin/time -o time_10_vdhankar_zizhaoh.txt -f "%U" python3 homework.py > stulog.txt 2>&1 on zizhaoh #####
##### zizhaoh plays [E c5 d4 ] in 0.05s #####
##### Running: /usr/lib/jvm/jdk-14.0.1/bin/java -jar /lab/itti/projects/checkers-competition/server/referee.jar on run_10_vdhankar_zizhaoh #####
Move is valid
##### SUCCESS: /usr/lib/jvm/jdk-14.0.1/bin/java -jar /lab/itti/projects/checkers-competition/server/referee.jar on run_10_vdhankar_zizhaoh #####
INPUT for vdhankar:
GAME
WHITE
256.926750183105
........
........
.......b
b.....W.
.b.b.w.w
b.w.w.w.
...w.w..
..w.....
##### Running: /usr/bin/time -o time_10_vdhankar_zizhaoh.txt -f "%U" python3 homework.py > stulog.txt 2>&1 on vdhankar #####
child exited with value 1
##### ERROR: /usr/bin/time -o time_10_vdhankar_zizhaoh.txt -f "%U" python3 homework.py > stulog.txt 2>&1 on vdhankar #####
##### Output of failed program (stdout + stderr): #####
Traceback (most recent call last):
  File "homework.py", line 546, in <module>
    print(end-start)
NameError: name 'end' is not defined
##### End of output of failed program #####
##### vdhankar plays [J e3 c5] in 0.228446960449219s #####
##### Running: /usr/lib/jvm/jdk-14.0.1/bin/java -jar /lab/itti/projects/checkers-competition/server/referee.jar on run_10_vdhankar_zizhaoh #####
Move is valid
##### SUCCESS: /usr/lib/jvm/jdk-14.0.1/bin/java -jar /lab/itti/projects/checkers-competition/server/referee.jar on run_10_vdhankar_zizhaoh #####
INPUT for zizhaoh:
GAME
BLACK
260.96
........
........
.......b
b.w...W.
.b...w.w
b.w...w.
...w.w..
..w.....
##### Running: /usr/bin/time -o time_10_vdhankar_zizhaoh.txt -f "%U" python3 homework.py > stulog.txt 2>&1 on zizhaoh #####
##### SUCCESS: /usr/bin/time -o time_10_vdhankar_zizhaoh.txt -f "%U" python3 homework.py > stulog.txt 2>&1 on zizhaoh #####
##### zizhaoh plays [E a3 b2 ] in 0.02s #####
##### Running: /usr/lib/jvm/jdk-14.0.1/bin/java -jar /lab/itti/projects/checkers-competition/server/referee.jar on run_10_vdhankar_zizhaoh #####
Move is valid
##### SUCCESS: /usr/lib/jvm/jdk-14.0.1/bin/java -jar /lab/itti/projects/checkers-competition/server/referee.jar on run_10_vdhankar_zizhaoh #####
INPUT for vdhankar:
GAME
WHITE
256.698303222656
........
........
.......b
b.w...W.
.b...w.w
..w...w.
.b.w.w..
..w.....
##### Running: /usr/bin/time -o time_10_vdhankar_zizhaoh.txt -f "%U" python3 homework.py > stulog.txt 2>&1 on vdhankar #####
child exited with value 1
##### ERROR: /usr/bin/time -o time_10_vdhankar_zizhaoh.txt -f "%U" python3 homework.py > stulog.txt 2>&1 on vdhankar #####
##### Output of failed program (stdout + stderr): #####
Traceback (most recent call last):
  File "homework.py", line 546, in <module>
    print(end-start)
NameError: name 'end' is not defined
##### End of output of failed program #####
##### vdhankar plays [J c1 a3] in 0.205567836761475s #####
##### Running: /usr/lib/jvm/jdk-14.0.1/bin/java -jar /lab/itti/projects/checkers-competition/server/referee.jar on run_10_vdhankar_zizhaoh #####
Move is valid
After this move, player BLACK cannot make any moves
*** Winner: WHITE ***
##### SUCCESS: /usr/lib/jvm/jdk-14.0.1/bin/java -jar /lab/itti/projects/checkers-competition/server/referee.jar on run_10_vdhankar_zizhaoh #####
##### GAME OVER: vdhankar wins the game! #####
Server said: WIN
########## ROUND 10 GAMESCORE AFTER GAME 4: vdhankar=2 and zizhaoh=2 ##########


########## TIE ON ROUND 10 - BOTH PLAYERS ADVANCE TO NEXT ROUND ##########
