#################### ROUND 18: vdhankar (B) vs zizhaoh (W): game 1 ####################
##### game start! #####
INPUT for vdhankar:
GAME
BLACK
300
.b.b.b.b
b.b.b.b.
.b.b.b.b
........
........
w.w.w.w.
.w.w.w.w
w.w.w.w.
##### Running: /usr/bin/time -o time_18_vdhankar_zizhaoh.txt -f "%U" python3 homework.py > stulog.txt 2>&1 on vdhankar #####
child exited with value 1
##### ERROR: /usr/bin/time -o time_18_vdhankar_zizhaoh.txt -f "%U" python3 homework.py > stulog.txt 2>&1 on vdhankar #####
##### Output of failed program (stdout + stderr): #####
Traceback (most recent call last):
  File "homework.py", line 546, in <module>
    print(end-start)
NameError: name 'end' is not defined
##### End of output of failed program #####
##### vdhankar plays [E h6 g5] in 10.7068021297455s #####
##### Running: /usr/lib/jvm/jdk-14.0.1/bin/java -jar /lab/itti/projects/checkers-competition/server/referee.jar on run_18_vdhankar_zizhaoh #####
Move is valid
Couldn't read file 'current_ply.txt'
Couldn't read content from file 'current_ply.txt'
Couldn't read file 'lastmatchange_ply.txt'
Couldn't read content from file 'lastmatchange_ply.txt'
##### SUCCESS: /usr/lib/jvm/jdk-14.0.1/bin/java -jar /lab/itti/projects/checkers-competition/server/referee.jar on run_18_vdhankar_zizhaoh #####
INPUT for zizhaoh:
GAME
WHITE
300
.b.b.b.b
b.b.b.b.
.b.b.b..
......b.
........
w.w.w.w.
.w.w.w.w
w.w.w.w.
##### Running: /usr/bin/time -o time_18_vdhankar_zizhaoh.txt -f "%U" python3 homework.py > stulog.txt 2>&1 on zizhaoh #####
##### SUCCESS: /usr/bin/time -o time_18_vdhankar_zizhaoh.txt -f "%U" python3 homework.py > stulog.txt 2>&1 on zizhaoh #####
##### zizhaoh plays [E a3 b4 ] in 5.92s #####
##### Running: /usr/lib/jvm/jdk-14.0.1/bin/java -jar /lab/itti/projects/checkers-competition/server/referee.jar on run_18_vdhankar_zizhaoh #####
Move is valid
##### SUCCESS: /usr/lib/jvm/jdk-14.0.1/bin/java -jar /lab/itti/projects/checkers-competition/server/referee.jar on run_18_vdhankar_zizhaoh #####
INPUT for vdhankar:
GAME
BLACK
289.293197870255
.b.b.b.b
b.b.b.b.
.b.b.b..
......b.
.w......
..w.w.w.
.w.w.w.w
w.w.w.w.
##### Running: /usr/bin/time -o time_18_vdhankar_zizhaoh.txt -f "%U" python3 homework.py > stulog.txt 2>&1 on vdhankar #####
child exited with value 1
##### ERROR: /usr/bin/time -o time_18_vdhankar_zizhaoh.txt -f "%U" python3 homework.py > stulog.txt 2>&1 on vdhankar #####
##### Output of failed program (stdout + stderr): #####
Traceback (most recent call last):
  File "homework.py", line 546, in <module>
    print(end-start)
NameError: name 'end' is not defined
##### End of output of failed program #####
##### vdhankar plays [E g5 h4] in 9.99750518798828s #####
##### Running: /usr/lib/jvm/jdk-14.0.1/bin/java -jar /lab/itti/projects/checkers-competition/server/referee.jar on run_18_vdhankar_zizhaoh #####
Move is valid
##### SUCCESS: /usr/lib/jvm/jdk-14.0.1/bin/java -jar /lab/itti/projects/checkers-competition/server/referee.jar on run_18_vdhankar_zizhaoh #####
INPUT for zizhaoh:
GAME
WHITE
294.08
.b.b.b.b
b.b.b.b.
.b.b.b..
........
.w.....b
..w.w.w.
.w.w.w.w
w.w.w.w.
##### Running: /usr/bin/time -o time_18_vdhankar_zizhaoh.txt -f "%U" python3 homework.py > stulog.txt 2>&1 on zizhaoh #####
##### SUCCESS: /usr/bin/time -o time_18_vdhankar_zizhaoh.txt -f "%U" python3 homework.py > stulog.txt 2>&1 on zizhaoh #####
##### zizhaoh plays [E b4 a5 ] in 5.58s #####
##### Running: /usr/lib/jvm/jdk-14.0.1/bin/java -jar /lab/itti/projects/checkers-competition/server/referee.jar on run_18_vdhankar_zizhaoh #####
Move is valid
##### SUCCESS: /usr/lib/jvm/jdk-14.0.1/bin/java -jar /lab/itti/projects/checkers-competition/server/referee.jar on run_18_vdhankar_zizhaoh #####
INPUT for vdhankar:
GAME
BLACK
279.295692682266
.b.b.b.b
b.b.b.b.
.b.b.b..
w.......
.......b
..w.w.w.
.w.w.w.w
w.w.w.w.
##### Running: /usr/bin/time -o time_18_vdhankar_zizhaoh.txt -f "%U" python3 homework.py > stulog.txt 2>&1 on vdhankar #####
child exited with value 1
##### ERROR: /usr/bin/time -o time_18_vdhankar_zizhaoh.txt -f "%U" python3 homework.py > stulog.txt 2>&1 on vdhankar #####
##### Output of failed program (stdout + stderr): #####
Traceback (most recent call last):
  File "homework.py", line 546, in <module>
    print(end-start)
NameError: name 'end' is not defined
##### End of output of failed program #####
##### vdhankar plays [E d6 e5] in 7.94169497489929s #####
##### Running: /usr/lib/jvm/jdk-14.0.1/bin/java -jar /lab/itti/projects/checkers-competition/server/referee.jar on run_18_vdhankar_zizhaoh #####
Move is valid
##### SUCCESS: /usr/lib/jvm/jdk-14.0.1/bin/java -jar /lab/itti/projects/checkers-competition/server/referee.jar on run_18_vdhankar_zizhaoh #####
INPUT for zizhaoh:
GAME
WHITE
288.5
.b.b.b.b
b.b.b.b.
.b...b..
w...b...
.......b
..w.w.w.
.w.w.w.w
w.w.w.w.
##### Running: /usr/bin/time -o time_18_vdhankar_zizhaoh.txt -f "%U" python3 homework.py > stulog.txt 2>&1 on zizhaoh #####
##### SUCCESS: /usr/bin/time -o time_18_vdhankar_zizhaoh.txt -f "%U" python3 homework.py > stulog.txt 2>&1 on zizhaoh #####
##### zizhaoh plays [E c3 b4 ] in 2.16s #####
##### Running: /usr/lib/jvm/jdk-14.0.1/bin/java -jar /lab/itti/projects/checkers-competition/server/referee.jar on run_18_vdhankar_zizhaoh #####
Move is valid
##### SUCCESS: /usr/lib/jvm/jdk-14.0.1/bin/java -jar /lab/itti/projects/checkers-competition/server/referee.jar on run_18_vdhankar_zizhaoh #####
INPUT for vdhankar:
GAME
BLACK
271.353997707367
.b.b.b.b
b.b.b.b.
.b...b..
w...b...
.w.....b
....w.w.
.w.w.w.w
w.w.w.w.
##### Running: /usr/bin/time -o time_18_vdhankar_zizhaoh.txt -f "%U" python3 homework.py > stulog.txt 2>&1 on vdhankar #####
child exited with value 1
##### ERROR: /usr/bin/time -o time_18_vdhankar_zizhaoh.txt -f "%U" python3 homework.py > stulog.txt 2>&1 on vdhankar #####
##### Output of failed program (stdout + stderr): #####
Traceback (most recent call last):
  File "homework.py", line 546, in <module>
    print(end-start)
NameError: name 'end' is not defined
##### End of output of failed program #####
##### vdhankar plays [E e7 d6] in 4.1992871761322s #####
##### Running: /usr/lib/jvm/jdk-14.0.1/bin/java -jar /lab/itti/projects/checkers-competition/server/referee.jar on run_18_vdhankar_zizhaoh #####
Move is valid
##### SUCCESS: /usr/lib/jvm/jdk-14.0.1/bin/java -jar /lab/itti/projects/checkers-competition/server/referee.jar on run_18_vdhankar_zizhaoh #####
INPUT for zizhaoh:
GAME
WHITE
286.34
.b.b.b.b
b.b...b.
.b.b.b..
w...b...
.w.....b
....w.w.
.w.w.w.w
w.w.w.w.
##### Running: /usr/bin/time -o time_18_vdhankar_zizhaoh.txt -f "%U" python3 homework.py > stulog.txt 2>&1 on zizhaoh #####
##### SUCCESS: /usr/bin/time -o time_18_vdhankar_zizhaoh.txt -f "%U" python3 homework.py > stulog.txt 2>&1 on zizhaoh #####
##### zizhaoh plays [E e3 f4 ] in 5.54s #####
##### Running: /usr/lib/jvm/jdk-14.0.1/bin/java -jar /lab/itti/projects/checkers-competition/server/referee.jar on run_18_vdhankar_zizhaoh #####
Move is valid
##### SUCCESS: /usr/lib/jvm/jdk-14.0.1/bin/java -jar /lab/itti/projects/checkers-competition/server/referee.jar on run_18_vdhankar_zizhaoh #####
INPUT for vdhankar:
GAME
BLACK
267.154710531235
.b.b.b.b
b.b...b.
.b.b.b..
w...b...
.w...w.b
......w.
.w.w.w.w
w.w.w.w.
##### Running: /usr/bin/time -o time_18_vdhankar_zizhaoh.txt -f "%U" python3 homework.py > stulog.txt 2>&1 on vdhankar #####
child exited with value 1
##### ERROR: /usr/bin/time -o time_18_vdhankar_zizhaoh.txt -f "%U" python3 homework.py > stulog.txt 2>&1 on vdhankar #####
##### Output of failed program (stdout + stderr): #####
Traceback (most recent call last):
  File "homework.py", line 546, in <module>
    print(end-start)
NameError: name 'end' is not defined
##### End of output of failed program #####
##### vdhankar plays [E b6 c5] in 4.21871018409729s #####
##### Running: /usr/lib/jvm/jdk-14.0.1/bin/java -jar /lab/itti/projects/checkers-competition/server/referee.jar on run_18_vdhankar_zizhaoh #####
Move is valid
##### SUCCESS: /usr/lib/jvm/jdk-14.0.1/bin/java -jar /lab/itti/projects/checkers-competition/server/referee.jar on run_18_vdhankar_zizhaoh #####
INPUT for zizhaoh:
GAME
WHITE
280.8
.b.b.b.b
b.b...b.
...b.b..
w.b.b...
.w...w.b
......w.
.w.w.w.w
w.w.w.w.
##### Running: /usr/bin/time -o time_18_vdhankar_zizhaoh.txt -f "%U" python3 homework.py > stulog.txt 2>&1 on zizhaoh #####
##### SUCCESS: /usr/bin/time -o time_18_vdhankar_zizhaoh.txt -f "%U" python3 homework.py > stulog.txt 2>&1 on zizhaoh #####
##### zizhaoh plays [E b2 a3 ] in 2.29s #####
##### Running: /usr/lib/jvm/jdk-14.0.1/bin/java -jar /lab/itti/projects/checkers-competition/server/referee.jar on run_18_vdhankar_zizhaoh #####
Move is valid
##### SUCCESS: /usr/lib/jvm/jdk-14.0.1/bin/java -jar /lab/itti/projects/checkers-competition/server/referee.jar on run_18_vdhankar_zizhaoh #####
INPUT for vdhankar:
GAME
BLACK
262.936000347137
.b.b.b.b
b.b...b.
...b.b..
w.b.b...
.w...w.b
w.....w.
...w.w.w
w.w.w.w.
##### Running: /usr/bin/time -o time_18_vdhankar_zizhaoh.txt -f "%U" python3 homework.py > stulog.txt 2>&1 on vdhankar #####
child exited with value 1
##### ERROR: /usr/bin/time -o time_18_vdhankar_zizhaoh.txt -f "%U" python3 homework.py > stulog.txt 2>&1 on vdhankar #####
##### Output of failed program (stdout + stderr): #####
Traceback (most recent call last):
  File "homework.py", line 546, in <module>
    print(end-start)
NameError: name 'end' is not defined
##### End of output of failed program #####
##### vdhankar plays [E g7 h6] in 6.64972305297852s #####
##### Running: /usr/lib/jvm/jdk-14.0.1/bin/java -jar /lab/itti/projects/checkers-competition/server/referee.jar on run_18_vdhankar_zizhaoh #####
Move is valid
##### SUCCESS: /usr/lib/jvm/jdk-14.0.1/bin/java -jar /lab/itti/projects/checkers-competition/server/referee.jar on run_18_vdhankar_zizhaoh #####
INPUT for zizhaoh:
GAME
WHITE
278.51
.b.b.b.b
b.b.....
...b.b.b
w.b.b...
.w...w.b
w.....w.
...w.w.w
w.w.w.w.
##### Running: /usr/bin/time -o time_18_vdhankar_zizhaoh.txt -f "%U" python3 homework.py > stulog.txt 2>&1 on zizhaoh #####
##### SUCCESS: /usr/bin/time -o time_18_vdhankar_zizhaoh.txt -f "%U" python3 homework.py > stulog.txt 2>&1 on zizhaoh #####
##### zizhaoh plays [E d2 c3 ] in 6.18s #####
##### Running: /usr/lib/jvm/jdk-14.0.1/bin/java -jar /lab/itti/projects/checkers-competition/server/referee.jar on run_18_vdhankar_zizhaoh #####
Move is valid
##### SUCCESS: /usr/lib/jvm/jdk-14.0.1/bin/java -jar /lab/itti/projects/checkers-competition/server/referee.jar on run_18_vdhankar_zizhaoh #####
INPUT for vdhankar:
GAME
BLACK
256.286277294159
.b.b.b.b
b.b.....
...b.b.b
w.b.b...
.w...w.b
w.w...w.
.....w.w
w.w.w.w.
##### Running: /usr/bin/time -o time_18_vdhankar_zizhaoh.txt -f "%U" python3 homework.py > stulog.txt 2>&1 on vdhankar #####
child exited with value 1
##### ERROR: /usr/bin/time -o time_18_vdhankar_zizhaoh.txt -f "%U" python3 homework.py > stulog.txt 2>&1 on vdhankar #####
##### Output of failed program (stdout + stderr): #####
Traceback (most recent call last):
  File "homework.py", line 546, in <module>
    print(end-start)
NameError: name 'end' is not defined
##### End of output of failed program #####
##### vdhankar plays [E c5 d4] in 6.29330396652222s #####
##### Running: /usr/lib/jvm/jdk-14.0.1/bin/java -jar /lab/itti/projects/checkers-competition/server/referee.jar on run_18_vdhankar_zizhaoh #####
Move is valid
##### SUCCESS: /usr/lib/jvm/jdk-14.0.1/bin/java -jar /lab/itti/projects/checkers-competition/server/referee.jar on run_18_vdhankar_zizhaoh #####
INPUT for zizhaoh:
GAME
WHITE
272.33
.b.b.b.b
b.b.....
...b.b.b
w...b...
.w.b.w.b
w.w...w.
.....w.w
w.w.w.w.
##### Running: /usr/bin/time -o time_18_vdhankar_zizhaoh.txt -f "%U" python3 homework.py > stulog.txt 2>&1 on zizhaoh #####
##### SUCCESS: /usr/bin/time -o time_18_vdhankar_zizhaoh.txt -f "%U" python3 homework.py > stulog.txt 2>&1 on zizhaoh #####
##### zizhaoh plays [E a1 b2 ] in 2.46s #####
##### Running: /usr/lib/jvm/jdk-14.0.1/bin/java -jar /lab/itti/projects/checkers-competition/server/referee.jar on run_18_vdhankar_zizhaoh #####
Move is valid
##### SUCCESS: /usr/lib/jvm/jdk-14.0.1/bin/java -jar /lab/itti/projects/checkers-competition/server/referee.jar on run_18_vdhankar_zizhaoh #####
INPUT for vdhankar:
GAME
BLACK
249.992973327637
.b.b.b.b
b.b.....
...b.b.b
w...b...
.w.b.w.b
w.w...w.
.w...w.w
..w.w.w.
##### Running: /usr/bin/time -o time_18_vdhankar_zizhaoh.txt -f "%U" python3 homework.py > stulog.txt 2>&1 on vdhankar #####
child exited with value 1
##### ERROR: /usr/bin/time -o time_18_vdhankar_zizhaoh.txt -f "%U" python3 homework.py > stulog.txt 2>&1 on vdhankar #####
##### Output of failed program (stdout + stderr): #####
Traceback (most recent call last):
  File "homework.py", line 546, in <module>
    print(end-start)
NameError: name 'end' is not defined
##### End of output of failed program #####
##### vdhankar plays [E f6 g5] in 3.15309405326843s #####
##### Running: /usr/lib/jvm/jdk-14.0.1/bin/java -jar /lab/itti/projects/checkers-competition/server/referee.jar on run_18_vdhankar_zizhaoh #####
Move is valid
##### SUCCESS: /usr/lib/jvm/jdk-14.0.1/bin/java -jar /lab/itti/projects/checkers-competition/server/referee.jar on run_18_vdhankar_zizhaoh #####
INPUT for zizhaoh:
GAME
WHITE
269.87
.b.b.b.b
b.b.....
...b...b
w...b.b.
.w.b.w.b
w.w...w.
.w...w.w
..w.w.w.
##### Running: /usr/bin/time -o time_18_vdhankar_zizhaoh.txt -f "%U" python3 homework.py > stulog.txt 2>&1 on zizhaoh #####
##### SUCCESS: /usr/bin/time -o time_18_vdhankar_zizhaoh.txt -f "%U" python3 homework.py > stulog.txt 2>&1 on zizhaoh #####
##### zizhaoh plays [E e1 d2 ] in 0.65s #####
##### Running: /usr/lib/jvm/jdk-14.0.1/bin/java -jar /lab/itti/projects/checkers-competition/server/referee.jar on run_18_vdhankar_zizhaoh #####
Move is valid
##### SUCCESS: /usr/lib/jvm/jdk-14.0.1/bin/java -jar /lab/itti/projects/checkers-competition/server/referee.jar on run_18_vdhankar_zizhaoh #####
INPUT for vdhankar:
GAME
BLACK
246.839879274368
.b.b.b.b
b.b.....
...b...b
w...b.b.
.w.b.w.b
w.w...w.
.w.w.w.w
..w...w.
##### Running: /usr/bin/time -o time_18_vdhankar_zizhaoh.txt -f "%U" python3 homework.py > stulog.txt 2>&1 on vdhankar #####
child exited with value 1
##### ERROR: /usr/bin/time -o time_18_vdhankar_zizhaoh.txt -f "%U" python3 homework.py > stulog.txt 2>&1 on vdhankar #####
##### Output of failed program (stdout + stderr): #####
Traceback (most recent call last):
  File "homework.py", line 546, in <module>
    print(end-start)
NameError: name 'end' is not defined
##### End of output of failed program #####
##### vdhankar plays [J g5 e3] in 0.600611925125122s #####
##### Running: /usr/lib/jvm/jdk-14.0.1/bin/java -jar /lab/itti/projects/checkers-competition/server/referee.jar on run_18_vdhankar_zizhaoh #####
Move is valid
##### SUCCESS: /usr/lib/jvm/jdk-14.0.1/bin/java -jar /lab/itti/projects/checkers-competition/server/referee.jar on run_18_vdhankar_zizhaoh #####
INPUT for zizhaoh:
GAME
WHITE
269.22
.b.b.b.b
b.b.....
...b...b
w...b...
.w.b...b
w.w.b.w.
.w.w.w.w
..w...w.
##### Running: /usr/bin/time -o time_18_vdhankar_zizhaoh.txt -f "%U" python3 homework.py > stulog.txt 2>&1 on zizhaoh #####
##### SUCCESS: /usr/bin/time -o time_18_vdhankar_zizhaoh.txt -f "%U" python3 homework.py > stulog.txt 2>&1 on zizhaoh #####
##### zizhaoh plays [J d2 f4 ] in 0.51s #####
##### Running: /usr/lib/jvm/jdk-14.0.1/bin/java -jar /lab/itti/projects/checkers-competition/server/referee.jar on run_18_vdhankar_zizhaoh #####
Move is valid
##### SUCCESS: /usr/lib/jvm/jdk-14.0.1/bin/java -jar /lab/itti/projects/checkers-competition/server/referee.jar on run_18_vdhankar_zizhaoh #####
INPUT for vdhankar:
GAME
BLACK
246.239267349243
.b.b.b.b
b.b.....
...b...b
w...b...
.w.b.w.b
w.w...w.
.w...w.w
..w...w.
##### Running: /usr/bin/time -o time_18_vdhankar_zizhaoh.txt -f "%U" python3 homework.py > stulog.txt 2>&1 on vdhankar #####
child exited with value 1
##### ERROR: /usr/bin/time -o time_18_vdhankar_zizhaoh.txt -f "%U" python3 homework.py > stulog.txt 2>&1 on vdhankar #####
##### Output of failed program (stdout + stderr): #####
Traceback (most recent call last):
  File "homework.py", line 546, in <module>
    print(end-start)
NameError: name 'end' is not defined
##### End of output of failed program #####
##### vdhankar plays [E d8 e7] in 2.30263519287109s #####
##### Running: /usr/lib/jvm/jdk-14.0.1/bin/java -jar /lab/itti/projects/checkers-competition/server/referee.jar on run_18_vdhankar_zizhaoh #####
Move is valid
##### SUCCESS: /usr/lib/jvm/jdk-14.0.1/bin/java -jar /lab/itti/projects/checkers-competition/server/referee.jar on run_18_vdhankar_zizhaoh #####
INPUT for zizhaoh:
GAME
WHITE
268.71
.b...b.b
b.b.b...
...b...b
w...b...
.w.b.w.b
w.w...w.
.w...w.w
..w...w.
##### Running: /usr/bin/time -o time_18_vdhankar_zizhaoh.txt -f "%U" python3 homework.py > stulog.txt 2>&1 on zizhaoh #####
##### SUCCESS: /usr/bin/time -o time_18_vdhankar_zizhaoh.txt -f "%U" python3 homework.py > stulog.txt 2>&1 on zizhaoh #####
##### zizhaoh plays [E c1 d2 ] in 0.85s #####
##### Running: /usr/lib/jvm/jdk-14.0.1/bin/java -jar /lab/itti/projects/checkers-competition/server/referee.jar on run_18_vdhankar_zizhaoh #####
Move is valid
##### SUCCESS: /usr/lib/jvm/jdk-14.0.1/bin/java -jar /lab/itti/projects/checkers-competition/server/referee.jar on run_18_vdhankar_zizhaoh #####
INPUT for vdhankar:
GAME
BLACK
243.936632156372
.b...b.b
b.b.b...
...b...b
w...b...
.w.b.w.b
w.w...w.
.w.w.w.w
......w.
##### Running: /usr/bin/time -o time_18_vdhankar_zizhaoh.txt -f "%U" python3 homework.py > stulog.txt 2>&1 on vdhankar #####
child exited with value 1
##### ERROR: /usr/bin/time -o time_18_vdhankar_zizhaoh.txt -f "%U" python3 homework.py > stulog.txt 2>&1 on vdhankar #####
##### Output of failed program (stdout + stderr): #####
Traceback (most recent call last):
  File "homework.py", line 546, in <module>
    print(end-start)
NameError: name 'end' is not defined
##### End of output of failed program #####
##### vdhankar plays [E h8 g7] in 1.78427410125732s #####
##### Running: /usr/lib/jvm/jdk-14.0.1/bin/java -jar /lab/itti/projects/checkers-competition/server/referee.jar on run_18_vdhankar_zizhaoh #####
Move is valid
##### SUCCESS: /usr/lib/jvm/jdk-14.0.1/bin/java -jar /lab/itti/projects/checkers-competition/server/referee.jar on run_18_vdhankar_zizhaoh #####
INPUT for zizhaoh:
GAME
WHITE
267.86
.b...b..
b.b.b.b.
...b...b
w...b...
.w.b.w.b
w.w...w.
.w.w.w.w
......w.
##### Running: /usr/bin/time -o time_18_vdhankar_zizhaoh.txt -f "%U" python3 homework.py > stulog.txt 2>&1 on zizhaoh #####
##### SUCCESS: /usr/bin/time -o time_18_vdhankar_zizhaoh.txt -f "%U" python3 homework.py > stulog.txt 2>&1 on zizhaoh #####
##### zizhaoh plays [E d2 e3 ] in 0.64s #####
##### Running: /usr/lib/jvm/jdk-14.0.1/bin/java -jar /lab/itti/projects/checkers-competition/server/referee.jar on run_18_vdhankar_zizhaoh #####
Move is valid
##### SUCCESS: /usr/lib/jvm/jdk-14.0.1/bin/java -jar /lab/itti/projects/checkers-competition/server/referee.jar on run_18_vdhankar_zizhaoh #####
INPUT for vdhankar:
GAME
BLACK
242.152358055115
.b...b..
b.b.b.b.
...b...b
w...b...
.w.b.w.b
w.w.w.w.
.w...w.w
......w.
##### Running: /usr/bin/time -o time_18_vdhankar_zizhaoh.txt -f "%U" python3 homework.py > stulog.txt 2>&1 on vdhankar #####
child exited with value 1
##### ERROR: /usr/bin/time -o time_18_vdhankar_zizhaoh.txt -f "%U" python3 homework.py > stulog.txt 2>&1 on vdhankar #####
##### Output of failed program (stdout + stderr): #####
Traceback (most recent call last):
  File "homework.py", line 546, in <module>
    print(end-start)
NameError: name 'end' is not defined
##### End of output of failed program #####
##### vdhankar plays [E d6 c5] in 0.981235980987549s #####
##### Running: /usr/lib/jvm/jdk-14.0.1/bin/java -jar /lab/itti/projects/checkers-competition/server/referee.jar on run_18_vdhankar_zizhaoh #####
Move is valid
##### SUCCESS: /usr/lib/jvm/jdk-14.0.1/bin/java -jar /lab/itti/projects/checkers-competition/server/referee.jar on run_18_vdhankar_zizhaoh #####
INPUT for zizhaoh:
GAME
WHITE
267.22
.b...b..
b.b.b.b.
.......b
w.b.b...
.w.b.w.b
w.w.w.w.
.w...w.w
......w.
##### Running: /usr/bin/time -o time_18_vdhankar_zizhaoh.txt -f "%U" python3 homework.py > stulog.txt 2>&1 on zizhaoh #####
##### SUCCESS: /usr/bin/time -o time_18_vdhankar_zizhaoh.txt -f "%U" python3 homework.py > stulog.txt 2>&1 on zizhaoh #####
##### zizhaoh plays [J b4 d6 ] in 0.11s #####
##### Running: /usr/lib/jvm/jdk-14.0.1/bin/java -jar /lab/itti/projects/checkers-competition/server/referee.jar on run_18_vdhankar_zizhaoh #####
Move is valid
##### SUCCESS: /usr/lib/jvm/jdk-14.0.1/bin/java -jar /lab/itti/projects/checkers-competition/server/referee.jar on run_18_vdhankar_zizhaoh #####
INPUT for vdhankar:
GAME
BLACK
241.171122074127
.b...b..
b.b.b.b.
...w...b
w...b...
...b.w.b
w.w.w.w.
.w...w.w
......w.
##### Running: /usr/bin/time -o time_18_vdhankar_zizhaoh.txt -f "%U" python3 homework.py > stulog.txt 2>&1 on vdhankar #####
child exited with value 1
##### ERROR: /usr/bin/time -o time_18_vdhankar_zizhaoh.txt -f "%U" python3 homework.py > stulog.txt 2>&1 on vdhankar #####
##### Output of failed program (stdout + stderr): #####
Traceback (most recent call last):
  File "homework.py", line 546, in <module>
    print(end-start)
NameError: name 'end' is not defined
##### End of output of failed program #####
##### vdhankar plays [J e7 c5] in 0.527768850326538s #####
##### Running: /usr/lib/jvm/jdk-14.0.1/bin/java -jar /lab/itti/projects/checkers-competition/server/referee.jar on run_18_vdhankar_zizhaoh #####
Move is valid
##### SUCCESS: /usr/lib/jvm/jdk-14.0.1/bin/java -jar /lab/itti/projects/checkers-competition/server/referee.jar on run_18_vdhankar_zizhaoh #####
INPUT for zizhaoh:
GAME
WHITE
267.11
.b...b..
b.b...b.
.......b
w.b.b...
...b.w.b
w.w.w.w.
.w...w.w
......w.
##### Running: /usr/bin/time -o time_18_vdhankar_zizhaoh.txt -f "%U" python3 homework.py > stulog.txt 2>&1 on zizhaoh #####
##### SUCCESS: /usr/bin/time -o time_18_vdhankar_zizhaoh.txt -f "%U" python3 homework.py > stulog.txt 2>&1 on zizhaoh #####
##### zizhaoh plays [J f4 d6 ] in 0.28s #####
##### Running: /usr/lib/jvm/jdk-14.0.1/bin/java -jar /lab/itti/projects/checkers-competition/server/referee.jar on run_18_vdhankar_zizhaoh #####
Move is valid
##### SUCCESS: /usr/lib/jvm/jdk-14.0.1/bin/java -jar /lab/itti/projects/checkers-competition/server/referee.jar on run_18_vdhankar_zizhaoh #####
INPUT for vdhankar:
GAME
BLACK
240.643353223801
.b...b..
b.b...b.
...w...b
w.b.....
...b...b
w.w.w.w.
.w...w.w
......w.
##### Running: /usr/bin/time -o time_18_vdhankar_zizhaoh.txt -f "%U" python3 homework.py > stulog.txt 2>&1 on vdhankar #####
child exited with value 1
##### ERROR: /usr/bin/time -o time_18_vdhankar_zizhaoh.txt -f "%U" python3 homework.py > stulog.txt 2>&1 on vdhankar #####
##### Output of failed program (stdout + stderr): #####
Traceback (most recent call last):
  File "homework.py", line 546, in <module>
    print(end-start)
NameError: name 'end' is not defined
##### End of output of failed program #####
##### vdhankar plays [J c7 e5] in 1.52013611793518s #####
##### Running: /usr/lib/jvm/jdk-14.0.1/bin/java -jar /lab/itti/projects/checkers-competition/server/referee.jar on run_18_vdhankar_zizhaoh #####
Move is valid
##### SUCCESS: /usr/lib/jvm/jdk-14.0.1/bin/java -jar /lab/itti/projects/checkers-competition/server/referee.jar on run_18_vdhankar_zizhaoh #####
INPUT for zizhaoh:
GAME
WHITE
266.83
.b...b..
b.....b.
.......b
w.b.b...
...b...b
w.w.w.w.
.w...w.w
......w.
##### Running: /usr/bin/time -o time_18_vdhankar_zizhaoh.txt -f "%U" python3 homework.py > stulog.txt 2>&1 on zizhaoh #####
##### SUCCESS: /usr/bin/time -o time_18_vdhankar_zizhaoh.txt -f "%U" python3 homework.py > stulog.txt 2>&1 on zizhaoh #####
##### zizhaoh plays [E c3 b4 ] in 2.34s #####
##### Running: /usr/lib/jvm/jdk-14.0.1/bin/java -jar /lab/itti/projects/checkers-competition/server/referee.jar on run_18_vdhankar_zizhaoh #####
Move is valid
##### SUCCESS: /usr/lib/jvm/jdk-14.0.1/bin/java -jar /lab/itti/projects/checkers-competition/server/referee.jar on run_18_vdhankar_zizhaoh #####
INPUT for vdhankar:
GAME
BLACK
239.123217105865
.b...b..
b.....b.
.......b
w.b.b...
.w.b...b
w...w.w.
.w...w.w
......w.
##### Running: /usr/bin/time -o time_18_vdhankar_zizhaoh.txt -f "%U" python3 homework.py > stulog.txt 2>&1 on vdhankar #####
child exited with value 1
##### ERROR: /usr/bin/time -o time_18_vdhankar_zizhaoh.txt -f "%U" python3 homework.py > stulog.txt 2>&1 on vdhankar #####
##### Output of failed program (stdout + stderr): #####
Traceback (most recent call last):
  File "homework.py", line 546, in <module>
    print(end-start)
NameError: name 'end' is not defined
##### End of output of failed program #####
##### vdhankar plays [E a7 b6] in 2.86531901359558s #####
##### Running: /usr/lib/jvm/jdk-14.0.1/bin/java -jar /lab/itti/projects/checkers-competition/server/referee.jar on run_18_vdhankar_zizhaoh #####
Move is valid
##### SUCCESS: /usr/lib/jvm/jdk-14.0.1/bin/java -jar /lab/itti/projects/checkers-competition/server/referee.jar on run_18_vdhankar_zizhaoh #####
INPUT for zizhaoh:
GAME
WHITE
264.49
.b...b..
......b.
.b.....b
w.b.b...
.w.b...b
w...w.w.
.w...w.w
......w.
##### Running: /usr/bin/time -o time_18_vdhankar_zizhaoh.txt -f "%U" python3 homework.py > stulog.txt 2>&1 on zizhaoh #####
##### SUCCESS: /usr/bin/time -o time_18_vdhankar_zizhaoh.txt -f "%U" python3 homework.py > stulog.txt 2>&1 on zizhaoh #####
##### zizhaoh plays [J b4 d6 ] in 1.18s #####
##### Running: /usr/lib/jvm/jdk-14.0.1/bin/java -jar /lab/itti/projects/checkers-competition/server/referee.jar on run_18_vdhankar_zizhaoh #####
Move is valid
##### SUCCESS: /usr/lib/jvm/jdk-14.0.1/bin/java -jar /lab/itti/projects/checkers-competition/server/referee.jar on run_18_vdhankar_zizhaoh #####
INPUT for vdhankar:
GAME
BLACK
236.25789809227
.b...b..
......b.
.b.w...b
w...b...
...b...b
w...w.w.
.w...w.w
......w.
##### Running: /usr/bin/time -o time_18_vdhankar_zizhaoh.txt -f "%U" python3 homework.py > stulog.txt 2>&1 on vdhankar #####
child exited with value 1
##### ERROR: /usr/bin/time -o time_18_vdhankar_zizhaoh.txt -f "%U" python3 homework.py > stulog.txt 2>&1 on vdhankar #####
##### Output of failed program (stdout + stderr): #####
Traceback (most recent call last):
  File "homework.py", line 546, in <module>
    print(end-start)
NameError: name 'end' is not defined
##### End of output of failed program #####
##### vdhankar plays [E b6 c5] in 4.55526399612427s #####
##### Running: /usr/lib/jvm/jdk-14.0.1/bin/java -jar /lab/itti/projects/checkers-competition/server/referee.jar on run_18_vdhankar_zizhaoh #####
Move is valid
##### SUCCESS: /usr/lib/jvm/jdk-14.0.1/bin/java -jar /lab/itti/projects/checkers-competition/server/referee.jar on run_18_vdhankar_zizhaoh #####
INPUT for zizhaoh:
GAME
WHITE
263.31
.b...b..
......b.
...w...b
w.b.b...
...b...b
w...w.w.
.w...w.w
......w.
##### Running: /usr/bin/time -o time_18_vdhankar_zizhaoh.txt -f "%U" python3 homework.py > stulog.txt 2>&1 on zizhaoh #####
##### SUCCESS: /usr/bin/time -o time_18_vdhankar_zizhaoh.txt -f "%U" python3 homework.py > stulog.txt 2>&1 on zizhaoh #####
##### zizhaoh plays [E a5 b6 ] in 3.48s #####
##### Running: /usr/lib/jvm/jdk-14.0.1/bin/java -jar /lab/itti/projects/checkers-competition/server/referee.jar on run_18_vdhankar_zizhaoh #####
Move is valid
##### SUCCESS: /usr/lib/jvm/jdk-14.0.1/bin/java -jar /lab/itti/projects/checkers-competition/server/referee.jar on run_18_vdhankar_zizhaoh #####
INPUT for vdhankar:
GAME
BLACK
231.702634096146
.b...b..
......b.
.w.w...b
..b.b...
...b...b
w...w.w.
.w...w.w
......w.
##### Running: /usr/bin/time -o time_18_vdhankar_zizhaoh.txt -f "%U" python3 homework.py > stulog.txt 2>&1 on vdhankar #####
child exited with value 1
##### ERROR: /usr/bin/time -o time_18_vdhankar_zizhaoh.txt -f "%U" python3 homework.py > stulog.txt 2>&1 on vdhankar #####
##### Output of failed program (stdout + stderr): #####
Traceback (most recent call last):
  File "homework.py", line 546, in <module>
    print(end-start)
NameError: name 'end' is not defined
##### End of output of failed program #####
##### vdhankar plays [E h6 g5] in 4.11432480812073s #####
##### Running: /usr/lib/jvm/jdk-14.0.1/bin/java -jar /lab/itti/projects/checkers-competition/server/referee.jar on run_18_vdhankar_zizhaoh #####
Move is valid
##### SUCCESS: /usr/lib/jvm/jdk-14.0.1/bin/java -jar /lab/itti/projects/checkers-competition/server/referee.jar on run_18_vdhankar_zizhaoh #####
INPUT for zizhaoh:
GAME
WHITE
259.83
.b...b..
......b.
.w.w....
..b.b.b.
...b...b
w...w.w.
.w...w.w
......w.
##### Running: /usr/bin/time -o time_18_vdhankar_zizhaoh.txt -f "%U" python3 homework.py > stulog.txt 2>&1 on zizhaoh #####
##### SUCCESS: /usr/bin/time -o time_18_vdhankar_zizhaoh.txt -f "%U" python3 homework.py > stulog.txt 2>&1 on zizhaoh #####
##### zizhaoh plays [E e3 f4 ] in 3.5s #####
##### Running: /usr/lib/jvm/jdk-14.0.1/bin/java -jar /lab/itti/projects/checkers-competition/server/referee.jar on run_18_vdhankar_zizhaoh #####
Move is valid
##### SUCCESS: /usr/lib/jvm/jdk-14.0.1/bin/java -jar /lab/itti/projects/checkers-competition/server/referee.jar on run_18_vdhankar_zizhaoh #####
INPUT for vdhankar:
GAME
BLACK
227.588309288025
.b...b..
......b.
.w.w....
..b.b.b.
...b.w.b
w.....w.
.w...w.w
......w.
##### Running: /usr/bin/time -o time_18_vdhankar_zizhaoh.txt -f "%U" python3 homework.py > stulog.txt 2>&1 on vdhankar #####
child exited with value 1
##### ERROR: /usr/bin/time -o time_18_vdhankar_zizhaoh.txt -f "%U" python3 homework.py > stulog.txt 2>&1 on vdhankar #####
##### Output of failed program (stdout + stderr): #####
Traceback (most recent call last):
  File "homework.py", line 546, in <module>
    print(end-start)
NameError: name 'end' is not defined
##### End of output of failed program #####
##### vdhankar plays [J g5 e3] in 2.03816890716553s #####
##### Running: /usr/lib/jvm/jdk-14.0.1/bin/java -jar /lab/itti/projects/checkers-competition/server/referee.jar on run_18_vdhankar_zizhaoh #####
Move is valid
##### SUCCESS: /usr/lib/jvm/jdk-14.0.1/bin/java -jar /lab/itti/projects/checkers-competition/server/referee.jar on run_18_vdhankar_zizhaoh #####
INPUT for zizhaoh:
GAME
WHITE
256.33
.b...b..
......b.
.w.w....
..b.b...
...b...b
w...b.w.
.w...w.w
......w.
##### Running: /usr/bin/time -o time_18_vdhankar_zizhaoh.txt -f "%U" python3 homework.py > stulog.txt 2>&1 on zizhaoh #####
##### SUCCESS: /usr/bin/time -o time_18_vdhankar_zizhaoh.txt -f "%U" python3 homework.py > stulog.txt 2>&1 on zizhaoh #####
##### zizhaoh plays [E b2 c3 ] in 4.01s #####
##### Running: /usr/lib/jvm/jdk-14.0.1/bin/java -jar /lab/itti/projects/checkers-competition/server/referee.jar on run_18_vdhankar_zizhaoh #####
Move is valid
##### SUCCESS: /usr/lib/jvm/jdk-14.0.1/bin/java -jar /lab/itti/projects/checkers-competition/server/referee.jar on run_18_vdhankar_zizhaoh #####
INPUT for vdhankar:
GAME
BLACK
225.550140380859
.b...b..
......b.
.w.w....
..b.b...
...b...b
w.w.b.w.
.....w.w
......w.
##### Running: /usr/bin/time -o time_18_vdhankar_zizhaoh.txt -f "%U" python3 homework.py > stulog.txt 2>&1 on vdhankar #####
child exited with value 1
##### ERROR: /usr/bin/time -o time_18_vdhankar_zizhaoh.txt -f "%U" python3 homework.py > stulog.txt 2>&1 on vdhankar #####
##### Output of failed program (stdout + stderr): #####
Traceback (most recent call last):
  File "homework.py", line 546, in <module>
    print(end-start)
NameError: name 'end' is not defined
##### End of output of failed program #####
##### vdhankar plays [J d4 b2] in 0.493537902832031s #####
##### Running: /usr/lib/jvm/jdk-14.0.1/bin/java -jar /lab/itti/projects/checkers-competition/server/referee.jar on run_18_vdhankar_zizhaoh #####
Move is valid
##### SUCCESS: /usr/lib/jvm/jdk-14.0.1/bin/java -jar /lab/itti/projects/checkers-competition/server/referee.jar on run_18_vdhankar_zizhaoh #####
INPUT for zizhaoh:
GAME
WHITE
252.32
.b...b..
......b.
.w.w....
..b.b...
.......b
w...b.w.
.b...w.w
......w.
##### Running: /usr/bin/time -o time_18_vdhankar_zizhaoh.txt -f "%U" python3 homework.py > stulog.txt 2>&1 on zizhaoh #####
##### SUCCESS: /usr/bin/time -o time_18_vdhankar_zizhaoh.txt -f "%U" python3 homework.py > stulog.txt 2>&1 on zizhaoh #####
##### zizhaoh plays [J f2 d4  ; J d4 f6  ; J f6 h8 ] in 0.23s #####
##### Running: /usr/lib/jvm/jdk-14.0.1/bin/java -jar /lab/itti/projects/checkers-competition/server/referee.jar on run_18_vdhankar_zizhaoh #####
Move is valid
##### SUCCESS: /usr/lib/jvm/jdk-14.0.1/bin/java -jar /lab/itti/projects/checkers-competition/server/referee.jar on run_18_vdhankar_zizhaoh #####
INPUT for vdhankar:
GAME
BLACK
225.056602478027
.b...b.W
........
.w.w....
..b.....
.......b
w.....w.
.b.....w
......w.
##### Running: /usr/bin/time -o time_18_vdhankar_zizhaoh.txt -f "%U" python3 homework.py > stulog.txt 2>&1 on vdhankar #####
child exited with value 1
##### ERROR: /usr/bin/time -o time_18_vdhankar_zizhaoh.txt -f "%U" python3 homework.py > stulog.txt 2>&1 on vdhankar #####
##### Output of failed program (stdout + stderr): #####
Traceback (most recent call last):
  File "homework.py", line 546, in <module>
    print(end-start)
NameError: name 'end' is not defined
##### End of output of failed program #####
##### vdhankar plays [J h4 f2] in 1.49474096298218s #####
##### Running: /usr/lib/jvm/jdk-14.0.1/bin/java -jar /lab/itti/projects/checkers-competition/server/referee.jar on run_18_vdhankar_zizhaoh #####
Move is valid
##### SUCCESS: /usr/lib/jvm/jdk-14.0.1/bin/java -jar /lab/itti/projects/checkers-competition/server/referee.jar on run_18_vdhankar_zizhaoh #####
INPUT for zizhaoh:
GAME
WHITE
252.09
.b...b.W
........
.w.w....
..b.....
........
w.......
.b...b.w
......w.
##### Running: /usr/bin/time -o time_18_vdhankar_zizhaoh.txt -f "%U" python3 homework.py > stulog.txt 2>&1 on zizhaoh #####
##### SUCCESS: /usr/bin/time -o time_18_vdhankar_zizhaoh.txt -f "%U" python3 homework.py > stulog.txt 2>&1 on zizhaoh #####
##### zizhaoh plays [J g1 e3 ] in 1.81s #####
##### Running: /usr/lib/jvm/jdk-14.0.1/bin/java -jar /lab/itti/projects/checkers-competition/server/referee.jar on run_18_vdhankar_zizhaoh #####
Move is valid
##### SUCCESS: /usr/lib/jvm/jdk-14.0.1/bin/java -jar /lab/itti/projects/checkers-competition/server/referee.jar on run_18_vdhankar_zizhaoh #####
INPUT for vdhankar:
GAME
BLACK
223.561861515045
.b...b.W
........
.w.w....
..b.....
........
w...w...
.b.....w
........
##### Running: /usr/bin/time -o time_18_vdhankar_zizhaoh.txt -f "%U" python3 homework.py > stulog.txt 2>&1 on vdhankar #####
child exited with value 1
##### ERROR: /usr/bin/time -o time_18_vdhankar_zizhaoh.txt -f "%U" python3 homework.py > stulog.txt 2>&1 on vdhankar #####
##### Output of failed program (stdout + stderr): #####
Traceback (most recent call last):
  File "homework.py", line 546, in <module>
    print(end-start)
NameError: name 'end' is not defined
##### End of output of failed program #####
##### vdhankar plays [E b2 c1] in 10.6560728549957s #####
##### Running: /usr/lib/jvm/jdk-14.0.1/bin/java -jar /lab/itti/projects/checkers-competition/server/referee.jar on run_18_vdhankar_zizhaoh #####
Move is valid
##### SUCCESS: /usr/lib/jvm/jdk-14.0.1/bin/java -jar /lab/itti/projects/checkers-competition/server/referee.jar on run_18_vdhankar_zizhaoh #####
INPUT for zizhaoh:
GAME
WHITE
250.28
.b...b.W
........
.w.w....
..b.....
........
w...w...
.......w
..B.....
##### Running: /usr/bin/time -o time_18_vdhankar_zizhaoh.txt -f "%U" python3 homework.py > stulog.txt 2>&1 on zizhaoh #####
##### SUCCESS: /usr/bin/time -o time_18_vdhankar_zizhaoh.txt -f "%U" python3 homework.py > stulog.txt 2>&1 on zizhaoh #####
##### zizhaoh plays [E b6 a7 ] in 5.96s #####
##### Running: /usr/lib/jvm/jdk-14.0.1/bin/java -jar /lab/itti/projects/checkers-competition/server/referee.jar on run_18_vdhankar_zizhaoh #####
Move is valid
##### SUCCESS: /usr/lib/jvm/jdk-14.0.1/bin/java -jar /lab/itti/projects/checkers-competition/server/referee.jar on run_18_vdhankar_zizhaoh #####
INPUT for vdhankar:
GAME
BLACK
212.905788660049
.b...b.W
w.......
...w....
..b.....
........
w...w...
.......w
..B.....
##### Running: /usr/bin/time -o time_18_vdhankar_zizhaoh.txt -f "%U" python3 homework.py > stulog.txt 2>&1 on vdhankar #####
child exited with value 1
##### ERROR: /usr/bin/time -o time_18_vdhankar_zizhaoh.txt -f "%U" python3 homework.py > stulog.txt 2>&1 on vdhankar #####
##### Output of failed program (stdout + stderr): #####
Traceback (most recent call last):
  File "homework.py", line 546, in <module>
    print(end-start)
NameError: name 'end' is not defined
##### End of output of failed program #####
##### vdhankar plays [E c1 d2] in 5.74002885818481s #####
##### Running: /usr/lib/jvm/jdk-14.0.1/bin/java -jar /lab/itti/projects/checkers-competition/server/referee.jar on run_18_vdhankar_zizhaoh #####
Move is valid
##### SUCCESS: /usr/lib/jvm/jdk-14.0.1/bin/java -jar /lab/itti/projects/checkers-competition/server/referee.jar on run_18_vdhankar_zizhaoh #####
INPUT for zizhaoh:
GAME
WHITE
244.32
.b...b.W
w.......
...w....
..b.....
........
w...w...
...B...w
........
##### Running: /usr/bin/time -o time_18_vdhankar_zizhaoh.txt -f "%U" python3 homework.py > stulog.txt 2>&1 on zizhaoh #####
##### SUCCESS: /usr/bin/time -o time_18_vdhankar_zizhaoh.txt -f "%U" python3 homework.py > stulog.txt 2>&1 on zizhaoh #####
##### zizhaoh plays [E e3 f4 ] in 4.93s #####
##### Running: /usr/lib/jvm/jdk-14.0.1/bin/java -jar /lab/itti/projects/checkers-competition/server/referee.jar on run_18_vdhankar_zizhaoh #####
Move is valid
##### SUCCESS: /usr/lib/jvm/jdk-14.0.1/bin/java -jar /lab/itti/projects/checkers-competition/server/referee.jar on run_18_vdhankar_zizhaoh #####
INPUT for vdhankar:
GAME
BLACK
207.165759801865
.b...b.W
w.......
...w....
..b.....
.....w..
w.......
...B...w
........
##### Running: /usr/bin/time -o time_18_vdhankar_zizhaoh.txt -f "%U" python3 homework.py > stulog.txt 2>&1 on vdhankar #####
child exited with value 1
##### ERROR: /usr/bin/time -o time_18_vdhankar_zizhaoh.txt -f "%U" python3 homework.py > stulog.txt 2>&1 on vdhankar #####
##### Output of failed program (stdout + stderr): #####
Traceback (most recent call last):
  File "homework.py", line 546, in <module>
    print(end-start)
NameError: name 'end' is not defined
##### End of output of failed program #####
##### vdhankar plays [E d2 e3] in 11.0802490711212s #####
##### Running: /usr/lib/jvm/jdk-14.0.1/bin/java -jar /lab/itti/projects/checkers-competition/server/referee.jar on run_18_vdhankar_zizhaoh #####
Move is valid
##### SUCCESS: /usr/lib/jvm/jdk-14.0.1/bin/java -jar /lab/itti/projects/checkers-competition/server/referee.jar on run_18_vdhankar_zizhaoh #####
INPUT for zizhaoh:
GAME
WHITE
239.39
.b...b.W
w.......
...w....
..b.....
.....w..
w...B...
.......w
........
##### Running: /usr/bin/time -o time_18_vdhankar_zizhaoh.txt -f "%U" python3 homework.py > stulog.txt 2>&1 on zizhaoh #####
##### SUCCESS: /usr/bin/time -o time_18_vdhankar_zizhaoh.txt -f "%U" python3 homework.py > stulog.txt 2>&1 on zizhaoh #####
##### zizhaoh plays [E f4 e5 ] in 5.76s #####
##### Running: /usr/lib/jvm/jdk-14.0.1/bin/java -jar /lab/itti/projects/checkers-competition/server/referee.jar on run_18_vdhankar_zizhaoh #####
Move is valid
##### SUCCESS: /usr/lib/jvm/jdk-14.0.1/bin/java -jar /lab/itti/projects/checkers-competition/server/referee.jar on run_18_vdhankar_zizhaoh #####
INPUT for vdhankar:
GAME
BLACK
196.085510730743
.b...b.W
w.......
...w....
..b.w...
........
w...B...
.......w
........
##### Running: /usr/bin/time -o time_18_vdhankar_zizhaoh.txt -f "%U" python3 homework.py > stulog.txt 2>&1 on vdhankar #####
child exited with value 1
##### ERROR: /usr/bin/time -o time_18_vdhankar_zizhaoh.txt -f "%U" python3 homework.py > stulog.txt 2>&1 on vdhankar #####
##### Output of failed program (stdout + stderr): #####
Traceback (most recent call last):
  File "homework.py", line 546, in <module>
    print(end-start)
NameError: name 'end' is not defined
##### End of output of failed program #####
##### vdhankar plays [E c5 d4] in 7.77314400672913s #####
##### Running: /usr/lib/jvm/jdk-14.0.1/bin/java -jar /lab/itti/projects/checkers-competition/server/referee.jar on run_18_vdhankar_zizhaoh #####
Move is valid
##### SUCCESS: /usr/lib/jvm/jdk-14.0.1/bin/java -jar /lab/itti/projects/checkers-competition/server/referee.jar on run_18_vdhankar_zizhaoh #####
INPUT for zizhaoh:
GAME
WHITE
233.63
.b...b.W
w.......
...w....
....w...
...b....
w...B...
.......w
........
##### Running: /usr/bin/time -o time_18_vdhankar_zizhaoh.txt -f "%U" python3 homework.py > stulog.txt 2>&1 on zizhaoh #####
##### SUCCESS: /usr/bin/time -o time_18_vdhankar_zizhaoh.txt -f "%U" python3 homework.py > stulog.txt 2>&1 on zizhaoh #####
##### zizhaoh plays [E e5 f6 ] in 6.1s #####
##### Running: /usr/lib/jvm/jdk-14.0.1/bin/java -jar /lab/itti/projects/checkers-competition/server/referee.jar on run_18_vdhankar_zizhaoh #####
Move is valid
##### SUCCESS: /usr/lib/jvm/jdk-14.0.1/bin/java -jar /lab/itti/projects/checkers-competition/server/referee.jar on run_18_vdhankar_zizhaoh #####
INPUT for vdhankar:
GAME
BLACK
188.312366724014
.b...b.W
w.......
...w.w..
........
...b....
w...B...
.......w
........
##### Running: /usr/bin/time -o time_18_vdhankar_zizhaoh.txt -f "%U" python3 homework.py > stulog.txt 2>&1 on vdhankar #####
child exited with value 1
##### ERROR: /usr/bin/time -o time_18_vdhankar_zizhaoh.txt -f "%U" python3 homework.py > stulog.txt 2>&1 on vdhankar #####
##### Output of failed program (stdout + stderr): #####
Traceback (most recent call last):
  File "homework.py", line 546, in <module>
    print(end-start)
NameError: name 'end' is not defined
##### End of output of failed program #####
##### vdhankar plays [E d4 c3] in 8.02141284942627s #####
##### Running: /usr/lib/jvm/jdk-14.0.1/bin/java -jar /lab/itti/projects/checkers-competition/server/referee.jar on run_18_vdhankar_zizhaoh #####
Move is valid
##### SUCCESS: /usr/lib/jvm/jdk-14.0.1/bin/java -jar /lab/itti/projects/checkers-competition/server/referee.jar on run_18_vdhankar_zizhaoh #####
INPUT for zizhaoh:
GAME
WHITE
227.53
.b...b.W
w.......
...w.w..
........
........
w.b.B...
.......w
........
##### Running: /usr/bin/time -o time_18_vdhankar_zizhaoh.txt -f "%U" python3 homework.py > stulog.txt 2>&1 on zizhaoh #####
##### SUCCESS: /usr/bin/time -o time_18_vdhankar_zizhaoh.txt -f "%U" python3 homework.py > stulog.txt 2>&1 on zizhaoh #####
##### zizhaoh plays [E f6 e7 ] in 5.45s #####
##### Running: /usr/lib/jvm/jdk-14.0.1/bin/java -jar /lab/itti/projects/checkers-competition/server/referee.jar on run_18_vdhankar_zizhaoh #####
Move is valid
##### SUCCESS: /usr/lib/jvm/jdk-14.0.1/bin/java -jar /lab/itti/projects/checkers-competition/server/referee.jar on run_18_vdhankar_zizhaoh #####
INPUT for vdhankar:
GAME
BLACK
180.290953874588
.b...b.W
w...w...
...w....
........
........
w.b.B...
.......w
........
##### Running: /usr/bin/time -o time_18_vdhankar_zizhaoh.txt -f "%U" python3 homework.py > stulog.txt 2>&1 on vdhankar #####
child exited with value 1
##### ERROR: /usr/bin/time -o time_18_vdhankar_zizhaoh.txt -f "%U" python3 homework.py > stulog.txt 2>&1 on vdhankar #####
##### Output of failed program (stdout + stderr): #####
Traceback (most recent call last):
  File "homework.py", line 546, in <module>
    print(end-start)
NameError: name 'end' is not defined
##### End of output of failed program #####
##### vdhankar plays [E e3 d4] in 7.03170299530029s #####
##### Running: /usr/lib/jvm/jdk-14.0.1/bin/java -jar /lab/itti/projects/checkers-competition/server/referee.jar on run_18_vdhankar_zizhaoh #####
Move is valid
##### SUCCESS: /usr/lib/jvm/jdk-14.0.1/bin/java -jar /lab/itti/projects/checkers-competition/server/referee.jar on run_18_vdhankar_zizhaoh #####
INPUT for zizhaoh:
GAME
WHITE
222.08
.b...b.W
w...w...
...w....
........
...B....
w.b.....
.......w
........
##### Running: /usr/bin/time -o time_18_vdhankar_zizhaoh.txt -f "%U" python3 homework.py > stulog.txt 2>&1 on zizhaoh #####
##### SUCCESS: /usr/bin/time -o time_18_vdhankar_zizhaoh.txt -f "%U" python3 homework.py > stulog.txt 2>&1 on zizhaoh #####
##### zizhaoh plays [E e7 d8 ] in 6.18s #####
##### Running: /usr/lib/jvm/jdk-14.0.1/bin/java -jar /lab/itti/projects/checkers-competition/server/referee.jar on run_18_vdhankar_zizhaoh #####
Move is valid
##### SUCCESS: /usr/lib/jvm/jdk-14.0.1/bin/java -jar /lab/itti/projects/checkers-competition/server/referee.jar on run_18_vdhankar_zizhaoh #####
INPUT for vdhankar:
GAME
BLACK
173.259250879288
.b.W.b.W
w.......
...w....
........
...B....
w.b.....
.......w
........
##### Running: /usr/bin/time -o time_18_vdhankar_zizhaoh.txt -f "%U" python3 homework.py > stulog.txt 2>&1 on vdhankar #####
child exited with value 1
##### ERROR: /usr/bin/time -o time_18_vdhankar_zizhaoh.txt -f "%U" python3 homework.py > stulog.txt 2>&1 on vdhankar #####
##### Output of failed program (stdout + stderr): #####
Traceback (most recent call last):
  File "homework.py", line 546, in <module>
    print(end-start)
NameError: name 'end' is not defined
##### End of output of failed program #####
##### vdhankar plays [E c3 d2] in 17.7540550231934s #####
##### Running: /usr/lib/jvm/jdk-14.0.1/bin/java -jar /lab/itti/projects/checkers-competition/server/referee.jar on run_18_vdhankar_zizhaoh #####
Move is valid
##### SUCCESS: /usr/lib/jvm/jdk-14.0.1/bin/java -jar /lab/itti/projects/checkers-competition/server/referee.jar on run_18_vdhankar_zizhaoh #####
INPUT for zizhaoh:
GAME
WHITE
215.9
.b.W.b.W
w.......
...w....
........
...B....
w.......
...b...w
........
##### Running: /usr/bin/time -o time_18_vdhankar_zizhaoh.txt -f "%U" python3 homework.py > stulog.txt 2>&1 on zizhaoh #####
##### SUCCESS: /usr/bin/time -o time_18_vdhankar_zizhaoh.txt -f "%U" python3 homework.py > stulog.txt 2>&1 on zizhaoh #####
##### zizhaoh plays [E d8 c7 ] in 5.7s #####
##### Running: /usr/lib/jvm/jdk-14.0.1/bin/java -jar /lab/itti/projects/checkers-competition/server/referee.jar on run_18_vdhankar_zizhaoh #####
Move is valid
##### SUCCESS: /usr/lib/jvm/jdk-14.0.1/bin/java -jar /lab/itti/projects/checkers-competition/server/referee.jar on run_18_vdhankar_zizhaoh #####
INPUT for vdhankar:
GAME
BLACK
155.505195856094
.b...b.W
w.W.....
...w....
........
...B....
w.......
...b...w
........
##### Running: /usr/bin/time -o time_18_vdhankar_zizhaoh.txt -f "%U" python3 homework.py > stulog.txt 2>&1 on vdhankar #####
child exited with value 1
##### ERROR: /usr/bin/time -o time_18_vdhankar_zizhaoh.txt -f "%U" python3 homework.py > stulog.txt 2>&1 on vdhankar #####
##### Output of failed program (stdout + stderr): #####
Traceback (most recent call last):
  File "homework.py", line 546, in <module>
    print(end-start)
NameError: name 'end' is not defined
##### End of output of failed program #####
##### vdhankar plays [E d2 e1] in 8.87464618682861s #####
##### Running: /usr/lib/jvm/jdk-14.0.1/bin/java -jar /lab/itti/projects/checkers-competition/server/referee.jar on run_18_vdhankar_zizhaoh #####
Move is valid
##### SUCCESS: /usr/lib/jvm/jdk-14.0.1/bin/java -jar /lab/itti/projects/checkers-competition/server/referee.jar on run_18_vdhankar_zizhaoh #####
INPUT for zizhaoh:
GAME
WHITE
210.2
.b...b.W
w.W.....
...w....
........
...B....
w.......
.......w
....B...
##### Running: /usr/bin/time -o time_18_vdhankar_zizhaoh.txt -f "%U" python3 homework.py > stulog.txt 2>&1 on zizhaoh #####
##### SUCCESS: /usr/bin/time -o time_18_vdhankar_zizhaoh.txt -f "%U" python3 homework.py > stulog.txt 2>&1 on zizhaoh #####
##### zizhaoh plays [E c7 d8 ] in 6.61s #####
##### Running: /usr/lib/jvm/jdk-14.0.1/bin/java -jar /lab/itti/projects/checkers-competition/server/referee.jar on run_18_vdhankar_zizhaoh #####
Move is valid
##### SUCCESS: /usr/lib/jvm/jdk-14.0.1/bin/java -jar /lab/itti/projects/checkers-competition/server/referee.jar on run_18_vdhankar_zizhaoh #####
INPUT for vdhankar:
GAME
BLACK
146.630549669266
.b.W.b.W
w.......
...w....
........
...B....
w.......
.......w
....B...
##### Running: /usr/bin/time -o time_18_vdhankar_zizhaoh.txt -f "%U" python3 homework.py > stulog.txt 2>&1 on vdhankar #####
child exited with value 1
##### ERROR: /usr/bin/time -o time_18_vdhankar_zizhaoh.txt -f "%U" python3 homework.py > stulog.txt 2>&1 on vdhankar #####
##### Output of failed program (stdout + stderr): #####
Traceback (most recent call last):
  File "homework.py", line 546, in <module>
    print(end-start)
NameError: name 'end' is not defined
##### End of output of failed program #####
##### vdhankar plays [E e1 f2] in 19.607764005661s #####
##### Running: /usr/lib/jvm/jdk-14.0.1/bin/java -jar /lab/itti/projects/checkers-competition/server/referee.jar on run_18_vdhankar_zizhaoh #####
Move is valid
##### SUCCESS: /usr/lib/jvm/jdk-14.0.1/bin/java -jar /lab/itti/projects/checkers-competition/server/referee.jar on run_18_vdhankar_zizhaoh #####
INPUT for zizhaoh:
GAME
WHITE
203.59
.b.W.b.W
w.......
...w....
........
...B....
w.......
.....B.w
........
##### Running: /usr/bin/time -o time_18_vdhankar_zizhaoh.txt -f "%U" python3 homework.py > stulog.txt 2>&1 on zizhaoh #####
##### SUCCESS: /usr/bin/time -o time_18_vdhankar_zizhaoh.txt -f "%U" python3 homework.py > stulog.txt 2>&1 on zizhaoh #####
##### zizhaoh plays [E d8 c7 ] in 6.38s #####
##### Running: /usr/lib/jvm/jdk-14.0.1/bin/java -jar /lab/itti/projects/checkers-competition/server/referee.jar on run_18_vdhankar_zizhaoh #####
Move is valid
##### SUCCESS: /usr/lib/jvm/jdk-14.0.1/bin/java -jar /lab/itti/projects/checkers-competition/server/referee.jar on run_18_vdhankar_zizhaoh #####
INPUT for vdhankar:
GAME
BLACK
127.022785663605
.b...b.W
w.W.....
...w....
........
...B....
w.......
.....B.w
........
##### Running: /usr/bin/time -o time_18_vdhankar_zizhaoh.txt -f "%U" python3 homework.py > stulog.txt 2>&1 on vdhankar #####
child exited with value 1
##### ERROR: /usr/bin/time -o time_18_vdhankar_zizhaoh.txt -f "%U" python3 homework.py > stulog.txt 2>&1 on vdhankar #####
##### Output of failed program (stdout + stderr): #####
Traceback (most recent call last):
  File "homework.py", line 546, in <module>
    print(end-start)
NameError: name 'end' is not defined
##### End of output of failed program #####
##### vdhankar plays [E f2 e3] in 12.5528211593628s #####
##### Running: /usr/lib/jvm/jdk-14.0.1/bin/java -jar /lab/itti/projects/checkers-competition/server/referee.jar on run_18_vdhankar_zizhaoh #####
Move is valid
##### SUCCESS: /usr/lib/jvm/jdk-14.0.1/bin/java -jar /lab/itti/projects/checkers-competition/server/referee.jar on run_18_vdhankar_zizhaoh #####
INPUT for zizhaoh:
GAME
WHITE
197.21
.b...b.W
w.W.....
...w....
........
...B....
w...B...
.......w
........
##### Running: /usr/bin/time -o time_18_vdhankar_zizhaoh.txt -f "%U" python3 homework.py > stulog.txt 2>&1 on zizhaoh #####
##### SUCCESS: /usr/bin/time -o time_18_vdhankar_zizhaoh.txt -f "%U" python3 homework.py > stulog.txt 2>&1 on zizhaoh #####
##### zizhaoh plays [E c7 d8 ] in 7.63s #####
##### Running: /usr/lib/jvm/jdk-14.0.1/bin/java -jar /lab/itti/projects/checkers-competition/server/referee.jar on run_18_vdhankar_zizhaoh #####
Move is valid
##### SUCCESS: /usr/lib/jvm/jdk-14.0.1/bin/java -jar /lab/itti/projects/checkers-competition/server/referee.jar on run_18_vdhankar_zizhaoh #####
INPUT for vdhankar:
GAME
BLACK
114.469964504242
.b.W.b.W
w.......
...w....
........
...B....
w...B...
.......w
........
##### Running: /usr/bin/time -o time_18_vdhankar_zizhaoh.txt -f "%U" python3 homework.py > stulog.txt 2>&1 on vdhankar #####
child exited with value 1
##### ERROR: /usr/bin/time -o time_18_vdhankar_zizhaoh.txt -f "%U" python3 homework.py > stulog.txt 2>&1 on vdhankar #####
##### Output of failed program (stdout + stderr): #####
Traceback (most recent call last):
  File "homework.py", line 546, in <module>
    print(end-start)
NameError: name 'end' is not defined
##### End of output of failed program #####
##### vdhankar plays [E e3 f4] in 18.6422369480133s #####
##### Running: /usr/lib/jvm/jdk-14.0.1/bin/java -jar /lab/itti/projects/checkers-competition/server/referee.jar on run_18_vdhankar_zizhaoh #####
Move is valid
##### SUCCESS: /usr/lib/jvm/jdk-14.0.1/bin/java -jar /lab/itti/projects/checkers-competition/server/referee.jar on run_18_vdhankar_zizhaoh #####
INPUT for zizhaoh:
GAME
WHITE
189.58
.b.W.b.W
w.......
...w....
........
...B.B..
w.......
.......w
........
##### Running: /usr/bin/time -o time_18_vdhankar_zizhaoh.txt -f "%U" python3 homework.py > stulog.txt 2>&1 on zizhaoh #####
##### SUCCESS: /usr/bin/time -o time_18_vdhankar_zizhaoh.txt -f "%U" python3 homework.py > stulog.txt 2>&1 on zizhaoh #####
##### zizhaoh plays [E d8 c7 ] in 5.17s #####
##### Running: /usr/lib/jvm/jdk-14.0.1/bin/java -jar /lab/itti/projects/checkers-competition/server/referee.jar on run_18_vdhankar_zizhaoh #####
Move is valid
##### SUCCESS: /usr/lib/jvm/jdk-14.0.1/bin/java -jar /lab/itti/projects/checkers-competition/server/referee.jar on run_18_vdhankar_zizhaoh #####
INPUT for vdhankar:
GAME
BLACK
95.8277275562286
.b...b.W
w.W.....
...w....
........
...B.B..
w.......
.......w
........
##### Running: /usr/bin/time -o time_18_vdhankar_zizhaoh.txt -f "%U" python3 homework.py > stulog.txt 2>&1 on vdhankar #####
child exited with value 1
##### ERROR: /usr/bin/time -o time_18_vdhankar_zizhaoh.txt -f "%U" python3 homework.py > stulog.txt 2>&1 on vdhankar #####
##### Output of failed program (stdout + stderr): #####
Traceback (most recent call last):
  File "homework.py", line 546, in <module>
    print(end-start)
NameError: name 'end' is not defined
##### End of output of failed program #####
##### vdhankar plays [E f4 g5] in 10.7727520465851s #####
##### Running: /usr/lib/jvm/jdk-14.0.1/bin/java -jar /lab/itti/projects/checkers-competition/server/referee.jar on run_18_vdhankar_zizhaoh #####
Move is valid
##### SUCCESS: /usr/lib/jvm/jdk-14.0.1/bin/java -jar /lab/itti/projects/checkers-competition/server/referee.jar on run_18_vdhankar_zizhaoh #####
INPUT for zizhaoh:
GAME
WHITE
184.41
.b...b.W
w.W.....
...w....
......B.
...B....
w.......
.......w
........
##### Running: /usr/bin/time -o time_18_vdhankar_zizhaoh.txt -f "%U" python3 homework.py > stulog.txt 2>&1 on zizhaoh #####
##### SUCCESS: /usr/bin/time -o time_18_vdhankar_zizhaoh.txt -f "%U" python3 homework.py > stulog.txt 2>&1 on zizhaoh #####
##### zizhaoh plays [E c7 d8 ] in 8.02s #####
##### Running: /usr/lib/jvm/jdk-14.0.1/bin/java -jar /lab/itti/projects/checkers-competition/server/referee.jar on run_18_vdhankar_zizhaoh #####
Move is valid
##### SUCCESS: /usr/lib/jvm/jdk-14.0.1/bin/java -jar /lab/itti/projects/checkers-competition/server/referee.jar on run_18_vdhankar_zizhaoh #####
INPUT for vdhankar:
GAME
BLACK
85.0549755096436
.b.W.b.W
w.......
...w....
......B.
...B....
w.......
.......w
........
##### Running: /usr/bin/time -o time_18_vdhankar_zizhaoh.txt -f "%U" python3 homework.py > stulog.txt 2>&1 on vdhankar #####
child exited with value 1
##### ERROR: /usr/bin/time -o time_18_vdhankar_zizhaoh.txt -f "%U" python3 homework.py > stulog.txt 2>&1 on vdhankar #####
##### Output of failed program (stdout + stderr): #####
Traceback (most recent call last):
  File "homework.py", line 546, in <module>
    print(end-start)
NameError: name 'end' is not defined
##### End of output of failed program #####
##### vdhankar plays [E d4 e3] in 11.1836979389191s #####
##### Running: /usr/lib/jvm/jdk-14.0.1/bin/java -jar /lab/itti/projects/checkers-competition/server/referee.jar on run_18_vdhankar_zizhaoh #####
Move is valid
##### SUCCESS: /usr/lib/jvm/jdk-14.0.1/bin/java -jar /lab/itti/projects/checkers-competition/server/referee.jar on run_18_vdhankar_zizhaoh #####
INPUT for zizhaoh:
GAME
WHITE
176.39
.b.W.b.W
w.......
...w....
......B.
........
w...B...
.......w
........
##### Running: /usr/bin/time -o time_18_vdhankar_zizhaoh.txt -f "%U" python3 homework.py > stulog.txt 2>&1 on zizhaoh #####
##### SUCCESS: /usr/bin/time -o time_18_vdhankar_zizhaoh.txt -f "%U" python3 homework.py > stulog.txt 2>&1 on zizhaoh #####
##### zizhaoh plays [E d8 c7 ] in 5.81s #####
##### Running: /usr/lib/jvm/jdk-14.0.1/bin/java -jar /lab/itti/projects/checkers-competition/server/referee.jar on run_18_vdhankar_zizhaoh #####
Move is valid
##### SUCCESS: /usr/lib/jvm/jdk-14.0.1/bin/java -jar /lab/itti/projects/checkers-competition/server/referee.jar on run_18_vdhankar_zizhaoh #####
INPUT for vdhankar:
GAME
BLACK
73.8712775707245
.b...b.W
w.W.....
...w....
......B.
........
w...B...
.......w
........
##### Running: /usr/bin/time -o time_18_vdhankar_zizhaoh.txt -f "%U" python3 homework.py > stulog.txt 2>&1 on vdhankar #####
child exited with value 1
##### ERROR: /usr/bin/time -o time_18_vdhankar_zizhaoh.txt -f "%U" python3 homework.py > stulog.txt 2>&1 on vdhankar #####
##### Output of failed program (stdout + stderr): #####
Traceback (most recent call last):
  File "homework.py", line 546, in <module>
    print(end-start)
NameError: name 'end' is not defined
##### End of output of failed program #####
##### vdhankar plays [E e3 d4] in 14.2017979621887s #####
##### Running: /usr/lib/jvm/jdk-14.0.1/bin/java -jar /lab/itti/projects/checkers-competition/server/referee.jar on run_18_vdhankar_zizhaoh #####
Move is valid
##### SUCCESS: /usr/lib/jvm/jdk-14.0.1/bin/java -jar /lab/itti/projects/checkers-competition/server/referee.jar on run_18_vdhankar_zizhaoh #####
INPUT for zizhaoh:
GAME
WHITE
170.58
.b...b.W
w.W.....
...w....
......B.
...B....
w.......
.......w
........
##### Running: /usr/bin/time -o time_18_vdhankar_zizhaoh.txt -f "%U" python3 homework.py > stulog.txt 2>&1 on zizhaoh #####
##### SUCCESS: /usr/bin/time -o time_18_vdhankar_zizhaoh.txt -f "%U" python3 homework.py > stulog.txt 2>&1 on zizhaoh #####
##### zizhaoh plays [E c7 d8 ] in 7.72s #####
##### Running: /usr/lib/jvm/jdk-14.0.1/bin/java -jar /lab/itti/projects/checkers-competition/server/referee.jar on run_18_vdhankar_zizhaoh #####
Move is valid
##### SUCCESS: /usr/lib/jvm/jdk-14.0.1/bin/java -jar /lab/itti/projects/checkers-competition/server/referee.jar on run_18_vdhankar_zizhaoh #####
INPUT for vdhankar:
GAME
BLACK
59.6694796085358
.b.W.b.W
w.......
...w....
......B.
...B....
w.......
.......w
........
##### Running: /usr/bin/time -o time_18_vdhankar_zizhaoh.txt -f "%U" python3 homework.py > stulog.txt 2>&1 on vdhankar #####
child exited with value 1
##### ERROR: /usr/bin/time -o time_18_vdhankar_zizhaoh.txt -f "%U" python3 homework.py > stulog.txt 2>&1 on vdhankar #####
##### Output of failed program (stdout + stderr): #####
Traceback (most recent call last):
  File "homework.py", line 546, in <module>
    print(end-start)
NameError: name 'end' is not defined
##### End of output of failed program #####
##### vdhankar plays [E d4 e3] in 11.3488841056824s #####
##### Running: /usr/lib/jvm/jdk-14.0.1/bin/java -jar /lab/itti/projects/checkers-competition/server/referee.jar on run_18_vdhankar_zizhaoh #####
Move is valid
##### SUCCESS: /usr/lib/jvm/jdk-14.0.1/bin/java -jar /lab/itti/projects/checkers-competition/server/referee.jar on run_18_vdhankar_zizhaoh #####
INPUT for zizhaoh:
GAME
WHITE
162.86
.b.W.b.W
w.......
...w....
......B.
........
w...B...
.......w
........
##### Running: /usr/bin/time -o time_18_vdhankar_zizhaoh.txt -f "%U" python3 homework.py > stulog.txt 2>&1 on zizhaoh #####
##### SUCCESS: /usr/bin/time -o time_18_vdhankar_zizhaoh.txt -f "%U" python3 homework.py > stulog.txt 2>&1 on zizhaoh #####
##### zizhaoh plays [E d8 c7 ] in 5.96s #####
##### Running: /usr/lib/jvm/jdk-14.0.1/bin/java -jar /lab/itti/projects/checkers-competition/server/referee.jar on run_18_vdhankar_zizhaoh #####
Move is valid
##### SUCCESS: /usr/lib/jvm/jdk-14.0.1/bin/java -jar /lab/itti/projects/checkers-competition/server/referee.jar on run_18_vdhankar_zizhaoh #####
INPUT for vdhankar:
GAME
BLACK
48.3205955028534
.b...b.W
w.W.....
...w....
......B.
........
w...B...
.......w
........
##### Running: /usr/bin/time -o time_18_vdhankar_zizhaoh.txt -f "%U" python3 homework.py > stulog.txt 2>&1 on vdhankar #####
child exited with value 1
##### ERROR: /usr/bin/time -o time_18_vdhankar_zizhaoh.txt -f "%U" python3 homework.py > stulog.txt 2>&1 on vdhankar #####
##### Output of failed program (stdout + stderr): #####
Traceback (most recent call last):
  File "homework.py", line 546, in <module>
    print(end-start)
NameError: name 'end' is not defined
##### End of output of failed program #####
##### vdhankar plays [E e3 d2] in 6.0332658290863s #####
##### Running: /usr/lib/jvm/jdk-14.0.1/bin/java -jar /lab/itti/projects/checkers-competition/server/referee.jar on run_18_vdhankar_zizhaoh #####
Move is valid
##### SUCCESS: /usr/lib/jvm/jdk-14.0.1/bin/java -jar /lab/itti/projects/checkers-competition/server/referee.jar on run_18_vdhankar_zizhaoh #####
INPUT for zizhaoh:
GAME
WHITE
156.9
.b...b.W
w.W.....
...w....
......B.
........
w.......
...B...w
........
##### Running: /usr/bin/time -o time_18_vdhankar_zizhaoh.txt -f "%U" python3 homework.py > stulog.txt 2>&1 on zizhaoh #####
##### SUCCESS: /usr/bin/time -o time_18_vdhankar_zizhaoh.txt -f "%U" python3 homework.py > stulog.txt 2>&1 on zizhaoh #####
##### zizhaoh plays [E c7 d8 ] in 7.47s #####
##### Running: /usr/lib/jvm/jdk-14.0.1/bin/java -jar /lab/itti/projects/checkers-competition/server/referee.jar on run_18_vdhankar_zizhaoh #####
Move is valid
##### SUCCESS: /usr/lib/jvm/jdk-14.0.1/bin/java -jar /lab/itti/projects/checkers-competition/server/referee.jar on run_18_vdhankar_zizhaoh #####
INPUT for vdhankar:
GAME
BLACK
42.2873296737671
.b.W.b.W
w.......
...w....
......B.
........
w.......
...B...w
........
##### Running: /usr/bin/time -o time_18_vdhankar_zizhaoh.txt -f "%U" python3 homework.py > stulog.txt 2>&1 on vdhankar #####
child exited with value 1
##### ERROR: /usr/bin/time -o time_18_vdhankar_zizhaoh.txt -f "%U" python3 homework.py > stulog.txt 2>&1 on vdhankar #####
##### Output of failed program (stdout + stderr): #####
Traceback (most recent call last):
  File "homework.py", line 546, in <module>
    print(end-start)
NameError: name 'end' is not defined
##### End of output of failed program #####
##### vdhankar plays [E d2 e3] in 6.65014600753784s #####
##### Running: /usr/lib/jvm/jdk-14.0.1/bin/java -jar /lab/itti/projects/checkers-competition/server/referee.jar on run_18_vdhankar_zizhaoh #####
Move is valid
##### SUCCESS: /usr/lib/jvm/jdk-14.0.1/bin/java -jar /lab/itti/projects/checkers-competition/server/referee.jar on run_18_vdhankar_zizhaoh #####
INPUT for zizhaoh:
GAME
WHITE
149.43
.b.W.b.W
w.......
...w....
......B.
........
w...B...
.......w
........
##### Running: /usr/bin/time -o time_18_vdhankar_zizhaoh.txt -f "%U" python3 homework.py > stulog.txt 2>&1 on zizhaoh #####
##### SUCCESS: /usr/bin/time -o time_18_vdhankar_zizhaoh.txt -f "%U" python3 homework.py > stulog.txt 2>&1 on zizhaoh #####
##### zizhaoh plays [E d8 c7 ] in 5.84s #####
##### Running: /usr/lib/jvm/jdk-14.0.1/bin/java -jar /lab/itti/projects/checkers-competition/server/referee.jar on run_18_vdhankar_zizhaoh #####
Move is valid
Seen this position 3 times
*** Game ends in draw ***
##### SUCCESS: /usr/lib/jvm/jdk-14.0.1/bin/java -jar /lab/itti/projects/checkers-competition/server/referee.jar on run_18_vdhankar_zizhaoh #####
##### GAME ENDS IN A DRAW. Time left for vdhankar: 35.6371836662292s, zizhaoh: 143.59s
Server said: DRAW
##### GAME OVER: the game ends in a draw, zizhaoh wins by time remaining #####
########## ROUND 18 GAMESCORE AFTER GAME 1: vdhankar=0 and zizhaoh=1 ##########
#################### ROUND 18: vdhankar (W) vs zizhaoh (B): game 2 ####################
##### game start! #####
INPUT for zizhaoh:
GAME
BLACK
300
.b.b.b.b
b.b.b.b.
.b.b.b.b
........
........
w.w.w.w.
.w.w.w.w
w.w.w.w.
##### Running: /usr/bin/time -o time_18_vdhankar_zizhaoh.txt -f "%U" python3 homework.py > stulog.txt 2>&1 on zizhaoh #####
##### SUCCESS: /usr/bin/time -o time_18_vdhankar_zizhaoh.txt -f "%U" python3 homework.py > stulog.txt 2>&1 on zizhaoh #####
##### zizhaoh plays [E b6 a5 ] in 7.15s #####
##### Running: /usr/lib/jvm/jdk-14.0.1/bin/java -jar /lab/itti/projects/checkers-competition/server/referee.jar on run_18_vdhankar_zizhaoh #####
Move is valid
Couldn't read file 'current_ply.txt'
Couldn't read content from file 'current_ply.txt'
Couldn't read file 'lastmatchange_ply.txt'
Couldn't read content from file 'lastmatchange_ply.txt'
##### SUCCESS: /usr/lib/jvm/jdk-14.0.1/bin/java -jar /lab/itti/projects/checkers-competition/server/referee.jar on run_18_vdhankar_zizhaoh #####
INPUT for vdhankar:
GAME
WHITE
300
.b.b.b.b
b.b.b.b.
...b.b.b
b.......
........
w.w.w.w.
.w.w.w.w
w.w.w.w.
##### Running: /usr/bin/time -o time_18_vdhankar_zizhaoh.txt -f "%U" python3 homework.py > stulog.txt 2>&1 on vdhankar #####
child exited with value 1
##### ERROR: /usr/bin/time -o time_18_vdhankar_zizhaoh.txt -f "%U" python3 homework.py > stulog.txt 2>&1 on vdhankar #####
##### Output of failed program (stdout + stderr): #####
Traceback (most recent call last):
  File "homework.py", line 546, in <module>
    print(end-start)
NameError: name 'end' is not defined
##### End of output of failed program #####
##### vdhankar plays [E g3 h4] in 13.2618238925934s #####
##### Running: /usr/lib/jvm/jdk-14.0.1/bin/java -jar /lab/itti/projects/checkers-competition/server/referee.jar on run_18_vdhankar_zizhaoh #####
Move is valid
##### SUCCESS: /usr/lib/jvm/jdk-14.0.1/bin/java -jar /lab/itti/projects/checkers-competition/server/referee.jar on run_18_vdhankar_zizhaoh #####
INPUT for zizhaoh:
GAME
BLACK
292.85
.b.b.b.b
b.b.b.b.
...b.b.b
b.......
.......w
w.w.w...
.w.w.w.w
w.w.w.w.
##### Running: /usr/bin/time -o time_18_vdhankar_zizhaoh.txt -f "%U" python3 homework.py > stulog.txt 2>&1 on zizhaoh #####
##### SUCCESS: /usr/bin/time -o time_18_vdhankar_zizhaoh.txt -f "%U" python3 homework.py > stulog.txt 2>&1 on zizhaoh #####
##### zizhaoh plays [E a7 b6 ] in 6.11s #####
##### Running: /usr/lib/jvm/jdk-14.0.1/bin/java -jar /lab/itti/projects/checkers-competition/server/referee.jar on run_18_vdhankar_zizhaoh #####
Move is valid
##### SUCCESS: /usr/lib/jvm/jdk-14.0.1/bin/java -jar /lab/itti/projects/checkers-competition/server/referee.jar on run_18_vdhankar_zizhaoh #####
INPUT for vdhankar:
GAME
WHITE
286.738176107407
.b.b.b.b
..b.b.b.
.b.b.b.b
b.......
.......w
w.w.w...
.w.w.w.w
w.w.w.w.
##### Running: /usr/bin/time -o time_18_vdhankar_zizhaoh.txt -f "%U" python3 homework.py > stulog.txt 2>&1 on vdhankar #####
child exited with value 1
##### ERROR: /usr/bin/time -o time_18_vdhankar_zizhaoh.txt -f "%U" python3 homework.py > stulog.txt 2>&1 on vdhankar #####
##### Output of failed program (stdout + stderr): #####
Traceback (most recent call last):
  File "homework.py", line 546, in <module>
    print(end-start)
NameError: name 'end' is not defined
##### End of output of failed program #####
##### vdhankar plays [E h2 g3] in 18.2514419555664s #####
##### Running: /usr/lib/jvm/jdk-14.0.1/bin/java -jar /lab/itti/projects/checkers-competition/server/referee.jar on run_18_vdhankar_zizhaoh #####
Move is valid
##### SUCCESS: /usr/lib/jvm/jdk-14.0.1/bin/java -jar /lab/itti/projects/checkers-competition/server/referee.jar on run_18_vdhankar_zizhaoh #####
INPUT for zizhaoh:
GAME
BLACK
286.74
.b.b.b.b
..b.b.b.
.b.b.b.b
b.......
.......w
w.w.w.w.
.w.w.w..
w.w.w.w.
##### Running: /usr/bin/time -o time_18_vdhankar_zizhaoh.txt -f "%U" python3 homework.py > stulog.txt 2>&1 on zizhaoh #####
##### SUCCESS: /usr/bin/time -o time_18_vdhankar_zizhaoh.txt -f "%U" python3 homework.py > stulog.txt 2>&1 on zizhaoh #####
##### zizhaoh plays [E b8 a7 ] in 6.68s #####
##### Running: /usr/lib/jvm/jdk-14.0.1/bin/java -jar /lab/itti/projects/checkers-competition/server/referee.jar on run_18_vdhankar_zizhaoh #####
Move is valid
##### SUCCESS: /usr/lib/jvm/jdk-14.0.1/bin/java -jar /lab/itti/projects/checkers-competition/server/referee.jar on run_18_vdhankar_zizhaoh #####
INPUT for vdhankar:
GAME
WHITE
268.48673415184
...b.b.b
b.b.b.b.
.b.b.b.b
b.......
.......w
w.w.w.w.
.w.w.w..
w.w.w.w.
##### Running: /usr/bin/time -o time_18_vdhankar_zizhaoh.txt -f "%U" python3 homework.py > stulog.txt 2>&1 on vdhankar #####
child exited with value 1
##### ERROR: /usr/bin/time -o time_18_vdhankar_zizhaoh.txt -f "%U" python3 homework.py > stulog.txt 2>&1 on vdhankar #####
##### Output of failed program (stdout + stderr): #####
Traceback (most recent call last):
  File "homework.py", line 546, in <module>
    print(end-start)
NameError: name 'end' is not defined
##### End of output of failed program #####
##### vdhankar plays [E c3 d4] in 5.60696697235107s #####
##### Running: /usr/lib/jvm/jdk-14.0.1/bin/java -jar /lab/itti/projects/checkers-competition/server/referee.jar on run_18_vdhankar_zizhaoh #####
Move is valid
##### SUCCESS: /usr/lib/jvm/jdk-14.0.1/bin/java -jar /lab/itti/projects/checkers-competition/server/referee.jar on run_18_vdhankar_zizhaoh #####
INPUT for zizhaoh:
GAME
BLACK
280.06
...b.b.b
b.b.b.b.
.b.b.b.b
b.......
...w...w
w...w.w.
.w.w.w..
w.w.w.w.
##### Running: /usr/bin/time -o time_18_vdhankar_zizhaoh.txt -f "%U" python3 homework.py > stulog.txt 2>&1 on zizhaoh #####
##### SUCCESS: /usr/bin/time -o time_18_vdhankar_zizhaoh.txt -f "%U" python3 homework.py > stulog.txt 2>&1 on zizhaoh #####
##### zizhaoh plays [E d6 c5 ] in 2.5s #####
##### Running: /usr/lib/jvm/jdk-14.0.1/bin/java -jar /lab/itti/projects/checkers-competition/server/referee.jar on run_18_vdhankar_zizhaoh #####
Move is valid
##### SUCCESS: /usr/lib/jvm/jdk-14.0.1/bin/java -jar /lab/itti/projects/checkers-competition/server/referee.jar on run_18_vdhankar_zizhaoh #####
INPUT for vdhankar:
GAME
WHITE
262.879767179489
...b.b.b
b.b.b.b.
.b...b.b
b.b.....
...w...w
w...w.w.
.w.w.w..
w.w.w.w.
##### Running: /usr/bin/time -o time_18_vdhankar_zizhaoh.txt -f "%U" python3 homework.py > stulog.txt 2>&1 on vdhankar #####
child exited with value 1
##### ERROR: /usr/bin/time -o time_18_vdhankar_zizhaoh.txt -f "%U" python3 homework.py > stulog.txt 2>&1 on vdhankar #####
##### Output of failed program (stdout + stderr): #####
Traceback (most recent call last):
  File "homework.py", line 546, in <module>
    print(end-start)
NameError: name 'end' is not defined
##### End of output of failed program #####
##### vdhankar plays [E b2 c3] in 4.41291499137878s #####
##### Running: /usr/lib/jvm/jdk-14.0.1/bin/java -jar /lab/itti/projects/checkers-competition/server/referee.jar on run_18_vdhankar_zizhaoh #####
Move is valid
##### SUCCESS: /usr/lib/jvm/jdk-14.0.1/bin/java -jar /lab/itti/projects/checkers-competition/server/referee.jar on run_18_vdhankar_zizhaoh #####
INPUT for zizhaoh:
GAME
BLACK
277.56
...b.b.b
b.b.b.b.
.b...b.b
b.b.....
...w...w
w.w.w.w.
...w.w..
w.w.w.w.
##### Running: /usr/bin/time -o time_18_vdhankar_zizhaoh.txt -f "%U" python3 homework.py > stulog.txt 2>&1 on zizhaoh #####
##### SUCCESS: /usr/bin/time -o time_18_vdhankar_zizhaoh.txt -f "%U" python3 homework.py > stulog.txt 2>&1 on zizhaoh #####
##### zizhaoh plays [E c7 d6 ] in 3.34s #####
##### Running: /usr/lib/jvm/jdk-14.0.1/bin/java -jar /lab/itti/projects/checkers-competition/server/referee.jar on run_18_vdhankar_zizhaoh #####
Move is valid
##### SUCCESS: /usr/lib/jvm/jdk-14.0.1/bin/java -jar /lab/itti/projects/checkers-competition/server/referee.jar on run_18_vdhankar_zizhaoh #####
INPUT for vdhankar:
GAME
WHITE
258.46685218811
...b.b.b
b...b.b.
.b.b.b.b
b.b.....
...w...w
w.w.w.w.
...w.w..
w.w.w.w.
##### Running: /usr/bin/time -o time_18_vdhankar_zizhaoh.txt -f "%U" python3 homework.py > stulog.txt 2>&1 on vdhankar #####
child exited with value 1
##### ERROR: /usr/bin/time -o time_18_vdhankar_zizhaoh.txt -f "%U" python3 homework.py > stulog.txt 2>&1 on vdhankar #####
##### Output of failed program (stdout + stderr): #####
Traceback (most recent call last):
  File "homework.py", line 546, in <module>
    print(end-start)
NameError: name 'end' is not defined
##### End of output of failed program #####
##### vdhankar plays [E a1 b2] in 6.24534702301025s #####
##### Running: /usr/lib/jvm/jdk-14.0.1/bin/java -jar /lab/itti/projects/checkers-competition/server/referee.jar on run_18_vdhankar_zizhaoh #####
Move is valid
##### SUCCESS: /usr/lib/jvm/jdk-14.0.1/bin/java -jar /lab/itti/projects/checkers-competition/server/referee.jar on run_18_vdhankar_zizhaoh #####
INPUT for zizhaoh:
GAME
BLACK
274.22
...b.b.b
b...b.b.
.b.b.b.b
b.b.....
...w...w
w.w.w.w.
.w.w.w..
..w.w.w.
##### Running: /usr/bin/time -o time_18_vdhankar_zizhaoh.txt -f "%U" python3 homework.py > stulog.txt 2>&1 on zizhaoh #####
##### SUCCESS: /usr/bin/time -o time_18_vdhankar_zizhaoh.txt -f "%U" python3 homework.py > stulog.txt 2>&1 on zizhaoh #####
##### zizhaoh plays [E d8 c7 ] in 1.88s #####
##### Running: /usr/lib/jvm/jdk-14.0.1/bin/java -jar /lab/itti/projects/checkers-competition/server/referee.jar on run_18_vdhankar_zizhaoh #####
Move is valid
##### SUCCESS: /usr/lib/jvm/jdk-14.0.1/bin/java -jar /lab/itti/projects/checkers-competition/server/referee.jar on run_18_vdhankar_zizhaoh #####
INPUT for vdhankar:
GAME
WHITE
252.2215051651
.....b.b
b.b.b.b.
.b.b.b.b
b.b.....
...w...w
w.w.w.w.
.w.w.w..
..w.w.w.
##### Running: /usr/bin/time -o time_18_vdhankar_zizhaoh.txt -f "%U" python3 homework.py > stulog.txt 2>&1 on vdhankar #####
child exited with value 1
##### ERROR: /usr/bin/time -o time_18_vdhankar_zizhaoh.txt -f "%U" python3 homework.py > stulog.txt 2>&1 on vdhankar #####
##### Output of failed program (stdout + stderr): #####
Traceback (most recent call last):
  File "homework.py", line 546, in <module>
    print(end-start)
NameError: name 'end' is not defined
##### End of output of failed program #####
##### vdhankar plays [E g3 f4] in 2.47135591506958s #####
##### Running: /usr/lib/jvm/jdk-14.0.1/bin/java -jar /lab/itti/projects/checkers-competition/server/referee.jar on run_18_vdhankar_zizhaoh #####
Move is valid
##### SUCCESS: /usr/lib/jvm/jdk-14.0.1/bin/java -jar /lab/itti/projects/checkers-competition/server/referee.jar on run_18_vdhankar_zizhaoh #####
INPUT for zizhaoh:
GAME
BLACK
272.34
.....b.b
b.b.b.b.
.b.b.b.b
b.b.....
...w.w.w
w.w.w...
.w.w.w..
..w.w.w.
##### Running: /usr/bin/time -o time_18_vdhankar_zizhaoh.txt -f "%U" python3 homework.py > stulog.txt 2>&1 on zizhaoh #####
##### SUCCESS: /usr/bin/time -o time_18_vdhankar_zizhaoh.txt -f "%U" python3 homework.py > stulog.txt 2>&1 on zizhaoh #####
##### zizhaoh plays [E c5 b4 ] in 0.96s #####
##### Running: /usr/lib/jvm/jdk-14.0.1/bin/java -jar /lab/itti/projects/checkers-competition/server/referee.jar on run_18_vdhankar_zizhaoh #####
Move is valid
##### SUCCESS: /usr/lib/jvm/jdk-14.0.1/bin/java -jar /lab/itti/projects/checkers-competition/server/referee.jar on run_18_vdhankar_zizhaoh #####
INPUT for vdhankar:
GAME
WHITE
249.750149250031
.....b.b
b.b.b.b.
.b.b.b.b
b.......
.b.w.w.w
w.w.w...
.w.w.w..
..w.w.w.
##### Running: /usr/bin/time -o time_18_vdhankar_zizhaoh.txt -f "%U" python3 homework.py > stulog.txt 2>&1 on vdhankar #####
child exited with value 1
##### ERROR: /usr/bin/time -o time_18_vdhankar_zizhaoh.txt -f "%U" python3 homework.py > stulog.txt 2>&1 on vdhankar #####
##### Output of failed program (stdout + stderr): #####
Traceback (most recent call last):
  File "homework.py", line 546, in <module>
    print(end-start)
NameError: name 'end' is not defined
##### End of output of failed program #####
##### vdhankar plays [J a3 c5] in 0.720017910003662s #####
##### Running: /usr/lib/jvm/jdk-14.0.1/bin/java -jar /lab/itti/projects/checkers-competition/server/referee.jar on run_18_vdhankar_zizhaoh #####
Move is valid
##### SUCCESS: /usr/lib/jvm/jdk-14.0.1/bin/java -jar /lab/itti/projects/checkers-competition/server/referee.jar on run_18_vdhankar_zizhaoh #####
INPUT for zizhaoh:
GAME
BLACK
271.38
.....b.b
b.b.b.b.
.b.b.b.b
b.w.....
...w.w.w
..w.w...
.w.w.w..
..w.w.w.
##### Running: /usr/bin/time -o time_18_vdhankar_zizhaoh.txt -f "%U" python3 homework.py > stulog.txt 2>&1 on zizhaoh #####
##### SUCCESS: /usr/bin/time -o time_18_vdhankar_zizhaoh.txt -f "%U" python3 homework.py > stulog.txt 2>&1 on zizhaoh #####
##### zizhaoh plays [J d6 b4 ] in 0.69s #####
##### Running: /usr/lib/jvm/jdk-14.0.1/bin/java -jar /lab/itti/projects/checkers-competition/server/referee.jar on run_18_vdhankar_zizhaoh #####
Move is valid
##### SUCCESS: /usr/lib/jvm/jdk-14.0.1/bin/java -jar /lab/itti/projects/checkers-competition/server/referee.jar on run_18_vdhankar_zizhaoh #####
INPUT for vdhankar:
GAME
WHITE
249.030131340027
.....b.b
b.b.b.b.
.b...b.b
b.......
.b.w.w.w
..w.w...
.w.w.w..
..w.w.w.
##### Running: /usr/bin/time -o time_18_vdhankar_zizhaoh.txt -f "%U" python3 homework.py > stulog.txt 2>&1 on vdhankar #####
child exited with value 1
##### ERROR: /usr/bin/time -o time_18_vdhankar_zizhaoh.txt -f "%U" python3 homework.py > stulog.txt 2>&1 on vdhankar #####
##### Output of failed program (stdout + stderr): #####
Traceback (most recent call last):
  File "homework.py", line 546, in <module>
    print(end-start)
NameError: name 'end' is not defined
##### End of output of failed program #####
##### vdhankar plays [E g1 h2] in 2.49696016311646s #####
##### Running: /usr/lib/jvm/jdk-14.0.1/bin/java -jar /lab/itti/projects/checkers-competition/server/referee.jar on run_18_vdhankar_zizhaoh #####
Move is valid
##### SUCCESS: /usr/lib/jvm/jdk-14.0.1/bin/java -jar /lab/itti/projects/checkers-competition/server/referee.jar on run_18_vdhankar_zizhaoh #####
INPUT for zizhaoh:
GAME
BLACK
270.69
.....b.b
b.b.b.b.
.b...b.b
b.......
.b.w.w.w
..w.w...
.w.w.w.w
..w.w...
##### Running: /usr/bin/time -o time_18_vdhankar_zizhaoh.txt -f "%U" python3 homework.py > stulog.txt 2>&1 on zizhaoh #####
##### SUCCESS: /usr/bin/time -o time_18_vdhankar_zizhaoh.txt -f "%U" python3 homework.py > stulog.txt 2>&1 on zizhaoh #####
##### zizhaoh plays [E c7 d6 ] in 2.8s #####
##### Running: /usr/lib/jvm/jdk-14.0.1/bin/java -jar /lab/itti/projects/checkers-competition/server/referee.jar on run_18_vdhankar_zizhaoh #####
Move is valid
##### SUCCESS: /usr/lib/jvm/jdk-14.0.1/bin/java -jar /lab/itti/projects/checkers-competition/server/referee.jar on run_18_vdhankar_zizhaoh #####
INPUT for vdhankar:
GAME
WHITE
246.53317117691
.....b.b
b...b.b.
.b.b.b.b
b.......
.b.w.w.w
..w.w...
.w.w.w.w
..w.w...
##### Running: /usr/bin/time -o time_18_vdhankar_zizhaoh.txt -f "%U" python3 homework.py > stulog.txt 2>&1 on vdhankar #####
child exited with value 1
##### ERROR: /usr/bin/time -o time_18_vdhankar_zizhaoh.txt -f "%U" python3 homework.py > stulog.txt 2>&1 on vdhankar #####
##### Output of failed program (stdout + stderr): #####
Traceback (most recent call last):
  File "homework.py", line 546, in <module>
    print(end-start)
NameError: name 'end' is not defined
##### End of output of failed program #####
##### vdhankar plays [E d4 e5] in 1.23114991188049s #####
##### Running: /usr/lib/jvm/jdk-14.0.1/bin/java -jar /lab/itti/projects/checkers-competition/server/referee.jar on run_18_vdhankar_zizhaoh #####
Move is valid
##### SUCCESS: /usr/lib/jvm/jdk-14.0.1/bin/java -jar /lab/itti/projects/checkers-competition/server/referee.jar on run_18_vdhankar_zizhaoh #####
INPUT for zizhaoh:
GAME
BLACK
267.89
.....b.b
b...b.b.
.b.b.b.b
b...w...
.b...w.w
..w.w...
.w.w.w.w
..w.w...
##### Running: /usr/bin/time -o time_18_vdhankar_zizhaoh.txt -f "%U" python3 homework.py > stulog.txt 2>&1 on zizhaoh #####
##### SUCCESS: /usr/bin/time -o time_18_vdhankar_zizhaoh.txt -f "%U" python3 homework.py > stulog.txt 2>&1 on zizhaoh #####
##### zizhaoh plays [J f6 d4 ] in 0.7s #####
##### Running: /usr/lib/jvm/jdk-14.0.1/bin/java -jar /lab/itti/projects/checkers-competition/server/referee.jar on run_18_vdhankar_zizhaoh #####
Move is valid
##### SUCCESS: /usr/lib/jvm/jdk-14.0.1/bin/java -jar /lab/itti/projects/checkers-competition/server/referee.jar on run_18_vdhankar_zizhaoh #####
INPUT for vdhankar:
GAME
WHITE
245.30202126503
.....b.b
b...b.b.
.b.b...b
b.......
.b.b.w.w
..w.w...
.w.w.w.w
..w.w...
##### Running: /usr/bin/time -o time_18_vdhankar_zizhaoh.txt -f "%U" python3 homework.py > stulog.txt 2>&1 on vdhankar #####
child exited with value 1
##### ERROR: /usr/bin/time -o time_18_vdhankar_zizhaoh.txt -f "%U" python3 homework.py > stulog.txt 2>&1 on vdhankar #####
##### Output of failed program (stdout + stderr): #####
Traceback (most recent call last):
  File "homework.py", line 546, in <module>
    print(end-start)
NameError: name 'end' is not defined
##### End of output of failed program #####
##### vdhankar plays [J c3 e5 ; J e5 c7] in 3.17508292198181s #####
##### Running: /usr/lib/jvm/jdk-14.0.1/bin/java -jar /lab/itti/projects/checkers-competition/server/referee.jar on run_18_vdhankar_zizhaoh #####
Move is valid
##### SUCCESS: /usr/lib/jvm/jdk-14.0.1/bin/java -jar /lab/itti/projects/checkers-competition/server/referee.jar on run_18_vdhankar_zizhaoh #####
INPUT for zizhaoh:
GAME
BLACK
267.19
.....b.b
b.w.b.b.
.b.....b
b.......
.b...w.w
....w...
.w.w.w.w
..w.w...
##### Running: /usr/bin/time -o time_18_vdhankar_zizhaoh.txt -f "%U" python3 homework.py > stulog.txt 2>&1 on zizhaoh #####
##### SUCCESS: /usr/bin/time -o time_18_vdhankar_zizhaoh.txt -f "%U" python3 homework.py > stulog.txt 2>&1 on zizhaoh #####
##### zizhaoh plays [E e7 d6 ] in 7.67s #####
##### Running: /usr/lib/jvm/jdk-14.0.1/bin/java -jar /lab/itti/projects/checkers-competition/server/referee.jar on run_18_vdhankar_zizhaoh #####
Move is valid
##### SUCCESS: /usr/lib/jvm/jdk-14.0.1/bin/java -jar /lab/itti/projects/checkers-competition/server/referee.jar on run_18_vdhankar_zizhaoh #####
INPUT for vdhankar:
GAME
WHITE
242.126938343048
.....b.b
b.w...b.
.b.b...b
b.......
.b...w.w
....w...
.w.w.w.w
..w.w...
##### Running: /usr/bin/time -o time_18_vdhankar_zizhaoh.txt -f "%U" python3 homework.py > stulog.txt 2>&1 on vdhankar #####
child exited with value 1
##### ERROR: /usr/bin/time -o time_18_vdhankar_zizhaoh.txt -f "%U" python3 homework.py > stulog.txt 2>&1 on vdhankar #####
##### Output of failed program (stdout + stderr): #####
Traceback (most recent call last):
  File "homework.py", line 546, in <module>
    print(end-start)
NameError: name 'end' is not defined
##### End of output of failed program #####
##### vdhankar plays [E h2 g3] in 6.38597583770752s #####
##### Running: /usr/lib/jvm/jdk-14.0.1/bin/java -jar /lab/itti/projects/checkers-competition/server/referee.jar on run_18_vdhankar_zizhaoh #####
Move is valid
##### SUCCESS: /usr/lib/jvm/jdk-14.0.1/bin/java -jar /lab/itti/projects/checkers-competition/server/referee.jar on run_18_vdhankar_zizhaoh #####
INPUT for zizhaoh:
GAME
BLACK
259.52
.....b.b
b.w...b.
.b.b...b
b.......
.b...w.w
....w.w.
.w.w.w..
..w.w...
##### Running: /usr/bin/time -o time_18_vdhankar_zizhaoh.txt -f "%U" python3 homework.py > stulog.txt 2>&1 on zizhaoh #####
##### SUCCESS: /usr/bin/time -o time_18_vdhankar_zizhaoh.txt -f "%U" python3 homework.py > stulog.txt 2>&1 on zizhaoh #####
##### zizhaoh plays [E f8 e7 ] in 7.34s #####
##### Running: /usr/lib/jvm/jdk-14.0.1/bin/java -jar /lab/itti/projects/checkers-competition/server/referee.jar on run_18_vdhankar_zizhaoh #####
Move is valid
##### SUCCESS: /usr/lib/jvm/jdk-14.0.1/bin/java -jar /lab/itti/projects/checkers-competition/server/referee.jar on run_18_vdhankar_zizhaoh #####
INPUT for vdhankar:
GAME
WHITE
235.740962505341
.......b
b.w.b.b.
.b.b...b
b.......
.b...w.w
....w.w.
.w.w.w..
..w.w...
##### Running: /usr/bin/time -o time_18_vdhankar_zizhaoh.txt -f "%U" python3 homework.py > stulog.txt 2>&1 on vdhankar #####
child exited with value 1
##### ERROR: /usr/bin/time -o time_18_vdhankar_zizhaoh.txt -f "%U" python3 homework.py > stulog.txt 2>&1 on vdhankar #####
##### Output of failed program (stdout + stderr): #####
Traceback (most recent call last):
  File "homework.py", line 546, in <module>
    print(end-start)
NameError: name 'end' is not defined
##### End of output of failed program #####
##### vdhankar plays [E b2 c3] in 6.35570001602173s #####
##### Running: /usr/lib/jvm/jdk-14.0.1/bin/java -jar /lab/itti/projects/checkers-competition/server/referee.jar on run_18_vdhankar_zizhaoh #####
Move is valid
##### SUCCESS: /usr/lib/jvm/jdk-14.0.1/bin/java -jar /lab/itti/projects/checkers-competition/server/referee.jar on run_18_vdhankar_zizhaoh #####
INPUT for zizhaoh:
GAME
BLACK
252.18
.......b
b.w.b.b.
.b.b...b
b.......
.b...w.w
..w.w.w.
...w.w..
..w.w...
##### Running: /usr/bin/time -o time_18_vdhankar_zizhaoh.txt -f "%U" python3 homework.py > stulog.txt 2>&1 on zizhaoh #####
##### SUCCESS: /usr/bin/time -o time_18_vdhankar_zizhaoh.txt -f "%U" python3 homework.py > stulog.txt 2>&1 on zizhaoh #####
##### zizhaoh plays [E e7 f6 ] in 7.2s #####
##### Running: /usr/lib/jvm/jdk-14.0.1/bin/java -jar /lab/itti/projects/checkers-competition/server/referee.jar on run_18_vdhankar_zizhaoh #####
Move is valid
##### SUCCESS: /usr/lib/jvm/jdk-14.0.1/bin/java -jar /lab/itti/projects/checkers-competition/server/referee.jar on run_18_vdhankar_zizhaoh #####
INPUT for vdhankar:
GAME
WHITE
229.385262489319
.......b
b.w...b.
.b.b.b.b
b.......
.b...w.w
..w.w.w.
...w.w..
..w.w...
##### Running: /usr/bin/time -o time_18_vdhankar_zizhaoh.txt -f "%U" python3 homework.py > stulog.txt 2>&1 on vdhankar #####
child exited with value 1
##### ERROR: /usr/bin/time -o time_18_vdhankar_zizhaoh.txt -f "%U" python3 homework.py > stulog.txt 2>&1 on vdhankar #####
##### Output of failed program (stdout + stderr): #####
Traceback (most recent call last):
  File "homework.py", line 546, in <module>
    print(end-start)
NameError: name 'end' is not defined
##### End of output of failed program #####
##### vdhankar plays [E e3 d4] in 2.74413394927979s #####
##### Running: /usr/lib/jvm/jdk-14.0.1/bin/java -jar /lab/itti/projects/checkers-competition/server/referee.jar on run_18_vdhankar_zizhaoh #####
Move is valid
##### SUCCESS: /usr/lib/jvm/jdk-14.0.1/bin/java -jar /lab/itti/projects/checkers-competition/server/referee.jar on run_18_vdhankar_zizhaoh #####
INPUT for zizhaoh:
GAME
BLACK
244.98
.......b
b.w...b.
.b.b.b.b
b.......
.b.w.w.w
..w...w.
...w.w..
..w.w...
##### Running: /usr/bin/time -o time_18_vdhankar_zizhaoh.txt -f "%U" python3 homework.py > stulog.txt 2>&1 on zizhaoh #####
##### SUCCESS: /usr/bin/time -o time_18_vdhankar_zizhaoh.txt -f "%U" python3 homework.py > stulog.txt 2>&1 on zizhaoh #####
##### zizhaoh plays [E d6 c5 ] in 2.81s #####
##### Running: /usr/lib/jvm/jdk-14.0.1/bin/java -jar /lab/itti/projects/checkers-competition/server/referee.jar on run_18_vdhankar_zizhaoh #####
Move is valid
##### SUCCESS: /usr/lib/jvm/jdk-14.0.1/bin/java -jar /lab/itti/projects/checkers-competition/server/referee.jar on run_18_vdhankar_zizhaoh #####
INPUT for vdhankar:
GAME
WHITE
226.641128540039
.......b
b.w...b.
.b...b.b
b.b.....
.b.w.w.w
..w...w.
...w.w..
..w.w...
##### Running: /usr/bin/time -o time_18_vdhankar_zizhaoh.txt -f "%U" python3 homework.py > stulog.txt 2>&1 on vdhankar #####
child exited with value 1
##### ERROR: /usr/bin/time -o time_18_vdhankar_zizhaoh.txt -f "%U" python3 homework.py > stulog.txt 2>&1 on vdhankar #####
##### Output of failed program (stdout + stderr): #####
Traceback (most recent call last):
  File "homework.py", line 546, in <module>
    print(end-start)
NameError: name 'end' is not defined
##### End of output of failed program #####
##### vdhankar plays [E f2 e3] in 2.04578685760498s #####
##### Running: /usr/lib/jvm/jdk-14.0.1/bin/java -jar /lab/itti/projects/checkers-competition/server/referee.jar on run_18_vdhankar_zizhaoh #####
Move is valid
##### SUCCESS: /usr/lib/jvm/jdk-14.0.1/bin/java -jar /lab/itti/projects/checkers-competition/server/referee.jar on run_18_vdhankar_zizhaoh #####
INPUT for zizhaoh:
GAME
BLACK
242.17
.......b
b.w...b.
.b...b.b
b.b.....
.b.w.w.w
..w.w.w.
...w....
..w.w...
##### Running: /usr/bin/time -o time_18_vdhankar_zizhaoh.txt -f "%U" python3 homework.py > stulog.txt 2>&1 on zizhaoh #####
##### SUCCESS: /usr/bin/time -o time_18_vdhankar_zizhaoh.txt -f "%U" python3 homework.py > stulog.txt 2>&1 on zizhaoh #####
##### zizhaoh plays [E b4 a3 ] in 1.14s #####
##### Running: /usr/lib/jvm/jdk-14.0.1/bin/java -jar /lab/itti/projects/checkers-competition/server/referee.jar on run_18_vdhankar_zizhaoh #####
Move is valid
##### SUCCESS: /usr/lib/jvm/jdk-14.0.1/bin/java -jar /lab/itti/projects/checkers-competition/server/referee.jar on run_18_vdhankar_zizhaoh #####
INPUT for vdhankar:
GAME
WHITE
224.595341682434
.......b
b.w...b.
.b...b.b
b.b.....
...w.w.w
b.w.w.w.
...w....
..w.w...
##### Running: /usr/bin/time -o time_18_vdhankar_zizhaoh.txt -f "%U" python3 homework.py > stulog.txt 2>&1 on vdhankar #####
child exited with value 1
##### ERROR: /usr/bin/time -o time_18_vdhankar_zizhaoh.txt -f "%U" python3 homework.py > stulog.txt 2>&1 on vdhankar #####
##### Output of failed program (stdout + stderr): #####
Traceback (most recent call last):
  File "homework.py", line 546, in <module>
    print(end-start)
NameError: name 'end' is not defined
##### End of output of failed program #####
##### vdhankar plays [E c7 d8] in 1.93421292304993s #####
##### Running: /usr/lib/jvm/jdk-14.0.1/bin/java -jar /lab/itti/projects/checkers-competition/server/referee.jar on run_18_vdhankar_zizhaoh #####
Move is valid
##### SUCCESS: /usr/lib/jvm/jdk-14.0.1/bin/java -jar /lab/itti/projects/checkers-competition/server/referee.jar on run_18_vdhankar_zizhaoh #####
INPUT for zizhaoh:
GAME
BLACK
241.03
...W...b
b.....b.
.b...b.b
b.b.....
...w.w.w
b.w.w.w.
...w....
..w.w...
##### Running: /usr/bin/time -o time_18_vdhankar_zizhaoh.txt -f "%U" python3 homework.py > stulog.txt 2>&1 on zizhaoh #####
##### SUCCESS: /usr/bin/time -o time_18_vdhankar_zizhaoh.txt -f "%U" python3 homework.py > stulog.txt 2>&1 on zizhaoh #####
##### zizhaoh plays [E c5 b4 ] in 1.82s #####
##### Running: /usr/lib/jvm/jdk-14.0.1/bin/java -jar /lab/itti/projects/checkers-competition/server/referee.jar on run_18_vdhankar_zizhaoh #####
Move is valid
##### SUCCESS: /usr/lib/jvm/jdk-14.0.1/bin/java -jar /lab/itti/projects/checkers-competition/server/referee.jar on run_18_vdhankar_zizhaoh #####
INPUT for vdhankar:
GAME
WHITE
222.661128759384
...W...b
b.....b.
.b...b.b
b.......
.b.w.w.w
b.w.w.w.
...w....
..w.w...
##### Running: /usr/bin/time -o time_18_vdhankar_zizhaoh.txt -f "%U" python3 homework.py > stulog.txt 2>&1 on vdhankar #####
child exited with value 1
##### ERROR: /usr/bin/time -o time_18_vdhankar_zizhaoh.txt -f "%U" python3 homework.py > stulog.txt 2>&1 on vdhankar #####
##### Output of failed program (stdout + stderr): #####
Traceback (most recent call last):
  File "homework.py", line 546, in <module>
    print(end-start)
NameError: name 'end' is not defined
##### End of output of failed program #####
##### vdhankar plays [E d8 e7] in 1.22706913948059s #####
##### Running: /usr/lib/jvm/jdk-14.0.1/bin/java -jar /lab/itti/projects/checkers-competition/server/referee.jar on run_18_vdhankar_zizhaoh #####
Move is valid
##### SUCCESS: /usr/lib/jvm/jdk-14.0.1/bin/java -jar /lab/itti/projects/checkers-competition/server/referee.jar on run_18_vdhankar_zizhaoh #####
INPUT for zizhaoh:
GAME
BLACK
239.21
.......b
b...W.b.
.b...b.b
b.......
.b.w.w.w
b.w.w.w.
...w....
..w.w...
##### Running: /usr/bin/time -o time_18_vdhankar_zizhaoh.txt -f "%U" python3 homework.py > stulog.txt 2>&1 on zizhaoh #####
##### SUCCESS: /usr/bin/time -o time_18_vdhankar_zizhaoh.txt -f "%U" python3 homework.py > stulog.txt 2>&1 on zizhaoh #####
##### zizhaoh plays [E b6 c5 ] in 0.73s #####
##### Running: /usr/lib/jvm/jdk-14.0.1/bin/java -jar /lab/itti/projects/checkers-competition/server/referee.jar on run_18_vdhankar_zizhaoh #####
Move is valid
##### SUCCESS: /usr/lib/jvm/jdk-14.0.1/bin/java -jar /lab/itti/projects/checkers-competition/server/referee.jar on run_18_vdhankar_zizhaoh #####
INPUT for vdhankar:
GAME
WHITE
221.434059619904
.......b
b...W.b.
.....b.b
b.b.....
.b.w.w.w
b.w.w.w.
...w....
..w.w...
##### Running: /usr/bin/time -o time_18_vdhankar_zizhaoh.txt -f "%U" python3 homework.py > stulog.txt 2>&1 on vdhankar #####
child exited with value 1
##### ERROR: /usr/bin/time -o time_18_vdhankar_zizhaoh.txt -f "%U" python3 homework.py > stulog.txt 2>&1 on vdhankar #####
##### Output of failed program (stdout + stderr): #####
Traceback (most recent call last):
  File "homework.py", line 546, in <module>
    print(end-start)
NameError: name 'end' is not defined
##### End of output of failed program #####
##### vdhankar plays [J d4 b6] in 0.444890975952148s #####
##### Running: /usr/lib/jvm/jdk-14.0.1/bin/java -jar /lab/itti/projects/checkers-competition/server/referee.jar on run_18_vdhankar_zizhaoh #####
Move is valid
##### SUCCESS: /usr/lib/jvm/jdk-14.0.1/bin/java -jar /lab/itti/projects/checkers-competition/server/referee.jar on run_18_vdhankar_zizhaoh #####
INPUT for zizhaoh:
GAME
BLACK
238.48
.......b
b...W.b.
.w...b.b
b.......
.b...w.w
b.w.w.w.
...w....
..w.w...
##### Running: /usr/bin/time -o time_18_vdhankar_zizhaoh.txt -f "%U" python3 homework.py > stulog.txt 2>&1 on zizhaoh #####
##### SUCCESS: /usr/bin/time -o time_18_vdhankar_zizhaoh.txt -f "%U" python3 homework.py > stulog.txt 2>&1 on zizhaoh #####
##### zizhaoh plays [J a7 c5 ] in 0.09s #####
##### Running: /usr/lib/jvm/jdk-14.0.1/bin/java -jar /lab/itti/projects/checkers-competition/server/referee.jar on run_18_vdhankar_zizhaoh #####
Move is valid
##### SUCCESS: /usr/lib/jvm/jdk-14.0.1/bin/java -jar /lab/itti/projects/checkers-competition/server/referee.jar on run_18_vdhankar_zizhaoh #####
INPUT for vdhankar:
GAME
WHITE
220.989168643951
.......b
....W.b.
.....b.b
b.b.....
.b...w.w
b.w.w.w.
...w....
..w.w...
##### Running: /usr/bin/time -o time_18_vdhankar_zizhaoh.txt -f "%U" python3 homework.py > stulog.txt 2>&1 on vdhankar #####
child exited with value 1
##### ERROR: /usr/bin/time -o time_18_vdhankar_zizhaoh.txt -f "%U" python3 homework.py > stulog.txt 2>&1 on vdhankar #####
##### Output of failed program (stdout + stderr): #####
Traceback (most recent call last):
  File "homework.py", line 546, in <module>
    print(end-start)
NameError: name 'end' is not defined
##### End of output of failed program #####
##### vdhankar plays [J e7 g5] in 0.537523984909058s #####
##### Running: /usr/lib/jvm/jdk-14.0.1/bin/java -jar /lab/itti/projects/checkers-competition/server/referee.jar on run_18_vdhankar_zizhaoh #####
Move is valid
##### SUCCESS: /usr/lib/jvm/jdk-14.0.1/bin/java -jar /lab/itti/projects/checkers-competition/server/referee.jar on run_18_vdhankar_zizhaoh #####
INPUT for zizhaoh:
GAME
BLACK
238.39
.......b
......b.
.......b
b.b...W.
.b...w.w
b.w.w.w.
...w....
..w.w...
##### Running: /usr/bin/time -o time_18_vdhankar_zizhaoh.txt -f "%U" python3 homework.py > stulog.txt 2>&1 on zizhaoh #####
##### SUCCESS: /usr/bin/time -o time_18_vdhankar_zizhaoh.txt -f "%U" python3 homework.py > stulog.txt 2>&1 on zizhaoh #####
##### zizhaoh plays [E g7 f6 ] in 0.39s #####
##### Running: /usr/lib/jvm/jdk-14.0.1/bin/java -jar /lab/itti/projects/checkers-competition/server/referee.jar on run_18_vdhankar_zizhaoh #####
Move is valid
##### SUCCESS: /usr/lib/jvm/jdk-14.0.1/bin/java -jar /lab/itti/projects/checkers-competition/server/referee.jar on run_18_vdhankar_zizhaoh #####
INPUT for vdhankar:
GAME
WHITE
220.451644659042
.......b
........
.....b.b
b.b...W.
.b...w.w
b.w.w.w.
...w....
..w.w...
##### Running: /usr/bin/time -o time_18_vdhankar_zizhaoh.txt -f "%U" python3 homework.py > stulog.txt 2>&1 on vdhankar #####
child exited with value 1
##### ERROR: /usr/bin/time -o time_18_vdhankar_zizhaoh.txt -f "%U" python3 homework.py > stulog.txt 2>&1 on vdhankar #####
##### Output of failed program (stdout + stderr): #####
Traceback (most recent call last):
  File "homework.py", line 546, in <module>
    print(end-start)
NameError: name 'end' is not defined
##### End of output of failed program #####
##### vdhankar plays [J g5 e7] in 0.855554103851318s #####
##### Running: /usr/lib/jvm/jdk-14.0.1/bin/java -jar /lab/itti/projects/checkers-competition/server/referee.jar on run_18_vdhankar_zizhaoh #####
Move is valid
##### SUCCESS: /usr/lib/jvm/jdk-14.0.1/bin/java -jar /lab/itti/projects/checkers-competition/server/referee.jar on run_18_vdhankar_zizhaoh #####
INPUT for zizhaoh:
GAME
BLACK
238
.......b
....W...
.......b
b.b.....
.b...w.w
b.w.w.w.
...w....
..w.w...
##### Running: /usr/bin/time -o time_18_vdhankar_zizhaoh.txt -f "%U" python3 homework.py > stulog.txt 2>&1 on zizhaoh #####
##### SUCCESS: /usr/bin/time -o time_18_vdhankar_zizhaoh.txt -f "%U" python3 homework.py > stulog.txt 2>&1 on zizhaoh #####
##### zizhaoh plays [E h8 g7 ] in 0.98s #####
##### Running: /usr/lib/jvm/jdk-14.0.1/bin/java -jar /lab/itti/projects/checkers-competition/server/referee.jar on run_18_vdhankar_zizhaoh #####
Move is valid
##### SUCCESS: /usr/lib/jvm/jdk-14.0.1/bin/java -jar /lab/itti/projects/checkers-competition/server/referee.jar on run_18_vdhankar_zizhaoh #####
INPUT for vdhankar:
GAME
WHITE
219.596090555191
........
....W.b.
.......b
b.b.....
.b...w.w
b.w.w.w.
...w....
..w.w...
##### Running: /usr/bin/time -o time_18_vdhankar_zizhaoh.txt -f "%U" python3 homework.py > stulog.txt 2>&1 on vdhankar #####
child exited with value 1
##### ERROR: /usr/bin/time -o time_18_vdhankar_zizhaoh.txt -f "%U" python3 homework.py > stulog.txt 2>&1 on vdhankar #####
##### Output of failed program (stdout + stderr): #####
Traceback (most recent call last):
  File "homework.py", line 546, in <module>
    print(end-start)
NameError: name 'end' is not defined
##### End of output of failed program #####
##### vdhankar plays [E e1 f2] in 1.47127509117126s #####
##### Running: /usr/lib/jvm/jdk-14.0.1/bin/java -jar /lab/itti/projects/checkers-competition/server/referee.jar on run_18_vdhankar_zizhaoh #####
Move is valid
##### SUCCESS: /usr/lib/jvm/jdk-14.0.1/bin/java -jar /lab/itti/projects/checkers-competition/server/referee.jar on run_18_vdhankar_zizhaoh #####
INPUT for zizhaoh:
GAME
BLACK
237.02
........
....W.b.
.......b
b.b.....
.b...w.w
b.w.w.w.
...w.w..
..w.....
##### Running: /usr/bin/time -o time_18_vdhankar_zizhaoh.txt -f "%U" python3 homework.py > stulog.txt 2>&1 on zizhaoh #####
##### SUCCESS: /usr/bin/time -o time_18_vdhankar_zizhaoh.txt -f "%U" python3 homework.py > stulog.txt 2>&1 on zizhaoh #####
##### zizhaoh plays [E g7 f6 ] in 0.15s #####
##### Running: /usr/lib/jvm/jdk-14.0.1/bin/java -jar /lab/itti/projects/checkers-competition/server/referee.jar on run_18_vdhankar_zizhaoh #####
Move is valid
##### SUCCESS: /usr/lib/jvm/jdk-14.0.1/bin/java -jar /lab/itti/projects/checkers-competition/server/referee.jar on run_18_vdhankar_zizhaoh #####
INPUT for vdhankar:
GAME
WHITE
218.12481546402
........
....W...
.....b.b
b.b.....
.b...w.w
b.w.w.w.
...w.w..
..w.....
##### Running: /usr/bin/time -o time_18_vdhankar_zizhaoh.txt -f "%U" python3 homework.py > stulog.txt 2>&1 on vdhankar #####
child exited with value 1
##### ERROR: /usr/bin/time -o time_18_vdhankar_zizhaoh.txt -f "%U" python3 homework.py > stulog.txt 2>&1 on vdhankar #####
##### Output of failed program (stdout + stderr): #####
Traceback (most recent call last):
  File "homework.py", line 546, in <module>
    print(end-start)
NameError: name 'end' is not defined
##### End of output of failed program #####
##### vdhankar plays [J e7 g5] in 0.344933986663818s #####
##### Running: /usr/lib/jvm/jdk-14.0.1/bin/java -jar /lab/itti/projects/checkers-competition/server/referee.jar on run_18_vdhankar_zizhaoh #####
Move is valid
##### SUCCESS: /usr/lib/jvm/jdk-14.0.1/bin/java -jar /lab/itti/projects/checkers-competition/server/referee.jar on run_18_vdhankar_zizhaoh #####
INPUT for zizhaoh:
GAME
BLACK
236.87
........
........
.......b
b.b...W.
.b...w.w
b.w.w.w.
...w.w..
..w.....
##### Running: /usr/bin/time -o time_18_vdhankar_zizhaoh.txt -f "%U" python3 homework.py > stulog.txt 2>&1 on zizhaoh #####
##### SUCCESS: /usr/bin/time -o time_18_vdhankar_zizhaoh.txt -f "%U" python3 homework.py > stulog.txt 2>&1 on zizhaoh #####
##### zizhaoh plays [E c5 d4 ] in 0.09s #####
##### Running: /usr/lib/jvm/jdk-14.0.1/bin/java -jar /lab/itti/projects/checkers-competition/server/referee.jar on run_18_vdhankar_zizhaoh #####
Move is valid
##### SUCCESS: /usr/lib/jvm/jdk-14.0.1/bin/java -jar /lab/itti/projects/checkers-competition/server/referee.jar on run_18_vdhankar_zizhaoh #####
INPUT for vdhankar:
GAME
WHITE
217.779881477356
........
........
.......b
b.....W.
.b.b.w.w
b.w.w.w.
...w.w..
..w.....
##### Running: /usr/bin/time -o time_18_vdhankar_zizhaoh.txt -f "%U" python3 homework.py > stulog.txt 2>&1 on vdhankar #####
child exited with value 1
##### ERROR: /usr/bin/time -o time_18_vdhankar_zizhaoh.txt -f "%U" python3 homework.py > stulog.txt 2>&1 on vdhankar #####
##### Output of failed program (stdout + stderr): #####
Traceback (most recent call last):
  File "homework.py", line 546, in <module>
    print(end-start)
NameError: name 'end' is not defined
##### End of output of failed program #####
##### vdhankar plays [J e3 c5] in 0.351296901702881s #####
##### Running: /usr/lib/jvm/jdk-14.0.1/bin/java -jar /lab/itti/projects/checkers-competition/server/referee.jar on run_18_vdhankar_zizhaoh #####
Move is valid
##### SUCCESS: /usr/lib/jvm/jdk-14.0.1/bin/java -jar /lab/itti/projects/checkers-competition/server/referee.jar on run_18_vdhankar_zizhaoh #####
INPUT for zizhaoh:
GAME
BLACK
236.78
........
........
.......b
b.w...W.
.b...w.w
b.w...w.
...w.w..
..w.....
##### Running: /usr/bin/time -o time_18_vdhankar_zizhaoh.txt -f "%U" python3 homework.py > stulog.txt 2>&1 on zizhaoh #####
##### SUCCESS: /usr/bin/time -o time_18_vdhankar_zizhaoh.txt -f "%U" python3 homework.py > stulog.txt 2>&1 on zizhaoh #####
##### zizhaoh plays [E a3 b2 ] in 0.03s #####
##### Running: /usr/lib/jvm/jdk-14.0.1/bin/java -jar /lab/itti/projects/checkers-competition/server/referee.jar on run_18_vdhankar_zizhaoh #####
Move is valid
##### SUCCESS: /usr/lib/jvm/jdk-14.0.1/bin/java -jar /lab/itti/projects/checkers-competition/server/referee.jar on run_18_vdhankar_zizhaoh #####
INPUT for vdhankar:
GAME
WHITE
217.428584575653
........
........
.......b
b.w...W.
.b...w.w
..w...w.
.b.w.w..
..w.....
##### Running: /usr/bin/time -o time_18_vdhankar_zizhaoh.txt -f "%U" python3 homework.py > stulog.txt 2>&1 on vdhankar #####
child exited with value 1
##### ERROR: /usr/bin/time -o time_18_vdhankar_zizhaoh.txt -f "%U" python3 homework.py > stulog.txt 2>&1 on vdhankar #####
##### Output of failed program (stdout + stderr): #####
Traceback (most recent call last):
  File "homework.py", line 546, in <module>
    print(end-start)
NameError: name 'end' is not defined
##### End of output of failed program #####
##### vdhankar plays [J c1 a3] in 0.298869132995605s #####
##### Running: /usr/lib/jvm/jdk-14.0.1/bin/java -jar /lab/itti/projects/checkers-competition/server/referee.jar on run_18_vdhankar_zizhaoh #####
Move is valid
After this move, player BLACK cannot make any moves
*** Winner: WHITE ***
##### SUCCESS: /usr/lib/jvm/jdk-14.0.1/bin/java -jar /lab/itti/projects/checkers-competition/server/referee.jar on run_18_vdhankar_zizhaoh #####
##### GAME OVER: vdhankar wins the game! #####
Server said: WIN
########## ROUND 18 GAMESCORE AFTER GAME 2: vdhankar=1 and zizhaoh=1 ##########
#################### ROUND 18: vdhankar (B) vs zizhaoh (W): game 3 ####################
##### game start! #####
INPUT for vdhankar:
GAME
BLACK
300
.b.b.b.b
b.b.b.b.
.b.b.b.b
........
........
w.w.w.w.
.w.w.w.w
w.w.w.w.
##### Running: /usr/bin/time -o time_18_vdhankar_zizhaoh.txt -f "%U" python3 homework.py > stulog.txt 2>&1 on vdhankar #####
child exited with value 1
##### ERROR: /usr/bin/time -o time_18_vdhankar_zizhaoh.txt -f "%U" python3 homework.py > stulog.txt 2>&1 on vdhankar #####
##### Output of failed program (stdout + stderr): #####
Traceback (most recent call last):
  File "homework.py", line 546, in <module>
    print(end-start)
NameError: name 'end' is not defined
##### End of output of failed program #####
##### vdhankar plays [E h6 g5] in 10.4588599205017s #####
##### Running: /usr/lib/jvm/jdk-14.0.1/bin/java -jar /lab/itti/projects/checkers-competition/server/referee.jar on run_18_vdhankar_zizhaoh #####
Move is valid
Couldn't read file 'current_ply.txt'
Couldn't read content from file 'current_ply.txt'
Couldn't read file 'lastmatchange_ply.txt'
Couldn't read content from file 'lastmatchange_ply.txt'
##### SUCCESS: /usr/lib/jvm/jdk-14.0.1/bin/java -jar /lab/itti/projects/checkers-competition/server/referee.jar on run_18_vdhankar_zizhaoh #####
INPUT for zizhaoh:
GAME
WHITE
300
.b.b.b.b
b.b.b.b.
.b.b.b..
......b.
........
w.w.w.w.
.w.w.w.w
w.w.w.w.
##### Running: /usr/bin/time -o time_18_vdhankar_zizhaoh.txt -f "%U" python3 homework.py > stulog.txt 2>&1 on zizhaoh #####
##### SUCCESS: /usr/bin/time -o time_18_vdhankar_zizhaoh.txt -f "%U" python3 homework.py > stulog.txt 2>&1 on zizhaoh #####
##### zizhaoh plays [E a3 b4 ] in 6.33s #####
##### Running: /usr/lib/jvm/jdk-14.0.1/bin/java -jar /lab/itti/projects/checkers-competition/server/referee.jar on run_18_vdhankar_zizhaoh #####
Move is valid
##### SUCCESS: /usr/lib/jvm/jdk-14.0.1/bin/java -jar /lab/itti/projects/checkers-competition/server/referee.jar on run_18_vdhankar_zizhaoh #####
INPUT for vdhankar:
GAME
BLACK
289.541140079498
.b.b.b.b
b.b.b.b.
.b.b.b..
......b.
.w......
..w.w.w.
.w.w.w.w
w.w.w.w.
##### Running: /usr/bin/time -o time_18_vdhankar_zizhaoh.txt -f "%U" python3 homework.py > stulog.txt 2>&1 on vdhankar #####
child exited with value 1
##### ERROR: /usr/bin/time -o time_18_vdhankar_zizhaoh.txt -f "%U" python3 homework.py > stulog.txt 2>&1 on vdhankar #####
##### Output of failed program (stdout + stderr): #####
Traceback (most recent call last):
  File "homework.py", line 546, in <module>
    print(end-start)
NameError: name 'end' is not defined
##### End of output of failed program #####
##### vdhankar plays [E g5 h4] in 9.25064396858215s #####
##### Running: /usr/lib/jvm/jdk-14.0.1/bin/java -jar /lab/itti/projects/checkers-competition/server/referee.jar on run_18_vdhankar_zizhaoh #####
Move is valid
##### SUCCESS: /usr/lib/jvm/jdk-14.0.1/bin/java -jar /lab/itti/projects/checkers-competition/server/referee.jar on run_18_vdhankar_zizhaoh #####
INPUT for zizhaoh:
GAME
WHITE
293.67
.b.b.b.b
b.b.b.b.
.b.b.b..
........
.w.....b
..w.w.w.
.w.w.w.w
w.w.w.w.
##### Running: /usr/bin/time -o time_18_vdhankar_zizhaoh.txt -f "%U" python3 homework.py > stulog.txt 2>&1 on zizhaoh #####
##### SUCCESS: /usr/bin/time -o time_18_vdhankar_zizhaoh.txt -f "%U" python3 homework.py > stulog.txt 2>&1 on zizhaoh #####
##### zizhaoh plays [E b4 a5 ] in 5.02s #####
##### Running: /usr/lib/jvm/jdk-14.0.1/bin/java -jar /lab/itti/projects/checkers-competition/server/referee.jar on run_18_vdhankar_zizhaoh #####
Move is valid
##### SUCCESS: /usr/lib/jvm/jdk-14.0.1/bin/java -jar /lab/itti/projects/checkers-competition/server/referee.jar on run_18_vdhankar_zizhaoh #####
INPUT for vdhankar:
GAME
BLACK
280.290496110916
.b.b.b.b
b.b.b.b.
.b.b.b..
w.......
.......b
..w.w.w.
.w.w.w.w
w.w.w.w.
##### Running: /usr/bin/time -o time_18_vdhankar_zizhaoh.txt -f "%U" python3 homework.py > stulog.txt 2>&1 on vdhankar #####
child exited with value 1
##### ERROR: /usr/bin/time -o time_18_vdhankar_zizhaoh.txt -f "%U" python3 homework.py > stulog.txt 2>&1 on vdhankar #####
##### Output of failed program (stdout + stderr): #####
Traceback (most recent call last):
  File "homework.py", line 546, in <module>
    print(end-start)
NameError: name 'end' is not defined
##### End of output of failed program #####
##### vdhankar plays [E d6 e5] in 5.95970702171326s #####
##### Running: /usr/lib/jvm/jdk-14.0.1/bin/java -jar /lab/itti/projects/checkers-competition/server/referee.jar on run_18_vdhankar_zizhaoh #####
Move is valid
##### SUCCESS: /usr/lib/jvm/jdk-14.0.1/bin/java -jar /lab/itti/projects/checkers-competition/server/referee.jar on run_18_vdhankar_zizhaoh #####
INPUT for zizhaoh:
GAME
WHITE
288.65
.b.b.b.b
b.b.b.b.
.b...b..
w...b...
.......b
..w.w.w.
.w.w.w.w
w.w.w.w.
##### Running: /usr/bin/time -o time_18_vdhankar_zizhaoh.txt -f "%U" python3 homework.py > stulog.txt 2>&1 on zizhaoh #####
##### SUCCESS: /usr/bin/time -o time_18_vdhankar_zizhaoh.txt -f "%U" python3 homework.py > stulog.txt 2>&1 on zizhaoh #####
##### zizhaoh plays [E c3 b4 ] in 2.33s #####
##### Running: /usr/lib/jvm/jdk-14.0.1/bin/java -jar /lab/itti/projects/checkers-competition/server/referee.jar on run_18_vdhankar_zizhaoh #####
Move is valid
##### SUCCESS: /usr/lib/jvm/jdk-14.0.1/bin/java -jar /lab/itti/projects/checkers-competition/server/referee.jar on run_18_vdhankar_zizhaoh #####
INPUT for vdhankar:
GAME
BLACK
274.330789089203
.b.b.b.b
b.b.b.b.
.b...b..
w...b...
.w.....b
....w.w.
.w.w.w.w
w.w.w.w.
##### Running: /usr/bin/time -o time_18_vdhankar_zizhaoh.txt -f "%U" python3 homework.py > stulog.txt 2>&1 on vdhankar #####
child exited with value 1
##### ERROR: /usr/bin/time -o time_18_vdhankar_zizhaoh.txt -f "%U" python3 homework.py > stulog.txt 2>&1 on vdhankar #####
##### Output of failed program (stdout + stderr): #####
Traceback (most recent call last):
  File "homework.py", line 546, in <module>
    print(end-start)
NameError: name 'end' is not defined
##### End of output of failed program #####
##### vdhankar plays [E e7 d6] in 2.71736693382263s #####
##### Running: /usr/lib/jvm/jdk-14.0.1/bin/java -jar /lab/itti/projects/checkers-competition/server/referee.jar on run_18_vdhankar_zizhaoh #####
Move is valid
##### SUCCESS: /usr/lib/jvm/jdk-14.0.1/bin/java -jar /lab/itti/projects/checkers-competition/server/referee.jar on run_18_vdhankar_zizhaoh #####
INPUT for zizhaoh:
GAME
WHITE
286.32
.b.b.b.b
b.b...b.
.b.b.b..
w...b...
.w.....b
....w.w.
.w.w.w.w
w.w.w.w.
##### Running: /usr/bin/time -o time_18_vdhankar_zizhaoh.txt -f "%U" python3 homework.py > stulog.txt 2>&1 on zizhaoh #####
##### SUCCESS: /usr/bin/time -o time_18_vdhankar_zizhaoh.txt -f "%U" python3 homework.py > stulog.txt 2>&1 on zizhaoh #####
##### zizhaoh plays [E e3 f4 ] in 5.75s #####
##### Running: /usr/lib/jvm/jdk-14.0.1/bin/java -jar /lab/itti/projects/checkers-competition/server/referee.jar on run_18_vdhankar_zizhaoh #####
Move is valid
##### SUCCESS: /usr/lib/jvm/jdk-14.0.1/bin/java -jar /lab/itti/projects/checkers-competition/server/referee.jar on run_18_vdhankar_zizhaoh #####
INPUT for vdhankar:
GAME
BLACK
271.61342215538
.b.b.b.b
b.b...b.
.b.b.b..
w...b...
.w...w.b
......w.
.w.w.w.w
w.w.w.w.
##### Running: /usr/bin/time -o time_18_vdhankar_zizhaoh.txt -f "%U" python3 homework.py > stulog.txt 2>&1 on vdhankar #####
child exited with value 1
##### ERROR: /usr/bin/time -o time_18_vdhankar_zizhaoh.txt -f "%U" python3 homework.py > stulog.txt 2>&1 on vdhankar #####
##### Output of failed program (stdout + stderr): #####
Traceback (most recent call last):
  File "homework.py", line 546, in <module>
    print(end-start)
NameError: name 'end' is not defined
##### End of output of failed program #####
##### vdhankar plays [E b6 c5] in 4.18035101890564s #####
##### Running: /usr/lib/jvm/jdk-14.0.1/bin/java -jar /lab/itti/projects/checkers-competition/server/referee.jar on run_18_vdhankar_zizhaoh #####
Move is valid
##### SUCCESS: /usr/lib/jvm/jdk-14.0.1/bin/java -jar /lab/itti/projects/checkers-competition/server/referee.jar on run_18_vdhankar_zizhaoh #####
INPUT for zizhaoh:
GAME
WHITE
280.57
.b.b.b.b
b.b...b.
...b.b..
w.b.b...
.w...w.b
......w.
.w.w.w.w
w.w.w.w.
##### Running: /usr/bin/time -o time_18_vdhankar_zizhaoh.txt -f "%U" python3 homework.py > stulog.txt 2>&1 on zizhaoh #####
##### SUCCESS: /usr/bin/time -o time_18_vdhankar_zizhaoh.txt -f "%U" python3 homework.py > stulog.txt 2>&1 on zizhaoh #####
##### zizhaoh plays [E b2 a3 ] in 2.22s #####
##### Running: /usr/lib/jvm/jdk-14.0.1/bin/java -jar /lab/itti/projects/checkers-competition/server/referee.jar on run_18_vdhankar_zizhaoh #####
Move is valid
##### SUCCESS: /usr/lib/jvm/jdk-14.0.1/bin/java -jar /lab/itti/projects/checkers-competition/server/referee.jar on run_18_vdhankar_zizhaoh #####
INPUT for vdhankar:
GAME
BLACK
267.433071136475
.b.b.b.b
b.b...b.
...b.b..
w.b.b...
.w...w.b
w.....w.
...w.w.w
w.w.w.w.
##### Running: /usr/bin/time -o time_18_vdhankar_zizhaoh.txt -f "%U" python3 homework.py > stulog.txt 2>&1 on vdhankar #####
child exited with value 1
##### ERROR: /usr/bin/time -o time_18_vdhankar_zizhaoh.txt -f "%U" python3 homework.py > stulog.txt 2>&1 on vdhankar #####
##### Output of failed program (stdout + stderr): #####
Traceback (most recent call last):
  File "homework.py", line 546, in <module>
    print(end-start)
NameError: name 'end' is not defined
##### End of output of failed program #####
##### vdhankar plays [E g7 h6] in 6.40458202362061s #####
##### Running: /usr/lib/jvm/jdk-14.0.1/bin/java -jar /lab/itti/projects/checkers-competition/server/referee.jar on run_18_vdhankar_zizhaoh #####
Move is valid
##### SUCCESS: /usr/lib/jvm/jdk-14.0.1/bin/java -jar /lab/itti/projects/checkers-competition/server/referee.jar on run_18_vdhankar_zizhaoh #####
INPUT for zizhaoh:
GAME
WHITE
278.35
.b.b.b.b
b.b.....
...b.b.b
w.b.b...
.w...w.b
w.....w.
...w.w.w
w.w.w.w.
##### Running: /usr/bin/time -o time_18_vdhankar_zizhaoh.txt -f "%U" python3 homework.py > stulog.txt 2>&1 on zizhaoh #####
##### SUCCESS: /usr/bin/time -o time_18_vdhankar_zizhaoh.txt -f "%U" python3 homework.py > stulog.txt 2>&1 on zizhaoh #####
##### zizhaoh plays [E d2 c3 ] in 6.52s #####
##### Running: /usr/lib/jvm/jdk-14.0.1/bin/java -jar /lab/itti/projects/checkers-competition/server/referee.jar on run_18_vdhankar_zizhaoh #####
Move is valid
##### SUCCESS: /usr/lib/jvm/jdk-14.0.1/bin/java -jar /lab/itti/projects/checkers-competition/server/referee.jar on run_18_vdhankar_zizhaoh #####
INPUT for vdhankar:
GAME
BLACK
261.028489112854
.b.b.b.b
b.b.....
...b.b.b
w.b.b...
.w...w.b
w.w...w.
.....w.w
w.w.w.w.
##### Running: /usr/bin/time -o time_18_vdhankar_zizhaoh.txt -f "%U" python3 homework.py > stulog.txt 2>&1 on vdhankar #####
child exited with value 1
##### ERROR: /usr/bin/time -o time_18_vdhankar_zizhaoh.txt -f "%U" python3 homework.py > stulog.txt 2>&1 on vdhankar #####
##### Output of failed program (stdout + stderr): #####
Traceback (most recent call last):
  File "homework.py", line 546, in <module>
    print(end-start)
NameError: name 'end' is not defined
##### End of output of failed program #####
##### vdhankar plays [E c5 d4] in 3.7748429775238s #####
##### Running: /usr/lib/jvm/jdk-14.0.1/bin/java -jar /lab/itti/projects/checkers-competition/server/referee.jar on run_18_vdhankar_zizhaoh #####
Move is valid
##### SUCCESS: /usr/lib/jvm/jdk-14.0.1/bin/java -jar /lab/itti/projects/checkers-competition/server/referee.jar on run_18_vdhankar_zizhaoh #####
INPUT for zizhaoh:
GAME
WHITE
271.83
.b.b.b.b
b.b.....
...b.b.b
w...b...
.w.b.w.b
w.w...w.
.....w.w
w.w.w.w.
##### Running: /usr/bin/time -o time_18_vdhankar_zizhaoh.txt -f "%U" python3 homework.py > stulog.txt 2>&1 on zizhaoh #####
##### SUCCESS: /usr/bin/time -o time_18_vdhankar_zizhaoh.txt -f "%U" python3 homework.py > stulog.txt 2>&1 on zizhaoh #####
##### zizhaoh plays [E a1 b2 ] in 1.71s #####
##### Running: /usr/lib/jvm/jdk-14.0.1/bin/java -jar /lab/itti/projects/checkers-competition/server/referee.jar on run_18_vdhankar_zizhaoh #####
Move is valid
##### SUCCESS: /usr/lib/jvm/jdk-14.0.1/bin/java -jar /lab/itti/projects/checkers-competition/server/referee.jar on run_18_vdhankar_zizhaoh #####
INPUT for vdhankar:
GAME
BLACK
257.25364613533
.b.b.b.b
b.b.....
...b.b.b
w...b...
.w.b.w.b
w.w...w.
.w...w.w
..w.w.w.
##### Running: /usr/bin/time -o time_18_vdhankar_zizhaoh.txt -f "%U" python3 homework.py > stulog.txt 2>&1 on vdhankar #####
child exited with value 1
##### ERROR: /usr/bin/time -o time_18_vdhankar_zizhaoh.txt -f "%U" python3 homework.py > stulog.txt 2>&1 on vdhankar #####
##### Output of failed program (stdout + stderr): #####
Traceback (most recent call last):
  File "homework.py", line 546, in <module>
    print(end-start)
NameError: name 'end' is not defined
##### End of output of failed program #####
##### vdhankar plays [E f6 g5] in 1.80859589576721s #####
##### Running: /usr/lib/jvm/jdk-14.0.1/bin/java -jar /lab/itti/projects/checkers-competition/server/referee.jar on run_18_vdhankar_zizhaoh #####
Move is valid
##### SUCCESS: /usr/lib/jvm/jdk-14.0.1/bin/java -jar /lab/itti/projects/checkers-competition/server/referee.jar on run_18_vdhankar_zizhaoh #####
INPUT for zizhaoh:
GAME
WHITE
270.12
.b.b.b.b
b.b.....
...b...b
w...b.b.
.w.b.w.b
w.w...w.
.w...w.w
..w.w.w.
##### Running: /usr/bin/time -o time_18_vdhankar_zizhaoh.txt -f "%U" python3 homework.py > stulog.txt 2>&1 on zizhaoh #####
##### SUCCESS: /usr/bin/time -o time_18_vdhankar_zizhaoh.txt -f "%U" python3 homework.py > stulog.txt 2>&1 on zizhaoh #####
##### zizhaoh plays [E e1 d2 ] in 0.68s #####
##### Running: /usr/lib/jvm/jdk-14.0.1/bin/java -jar /lab/itti/projects/checkers-competition/server/referee.jar on run_18_vdhankar_zizhaoh #####
Move is valid
##### SUCCESS: /usr/lib/jvm/jdk-14.0.1/bin/java -jar /lab/itti/projects/checkers-competition/server/referee.jar on run_18_vdhankar_zizhaoh #####
INPUT for vdhankar:
GAME
BLACK
255.445050239563
.b.b.b.b
b.b.....
...b...b
w...b.b.
.w.b.w.b
w.w...w.
.w.w.w.w
..w...w.
##### Running: /usr/bin/time -o time_18_vdhankar_zizhaoh.txt -f "%U" python3 homework.py > stulog.txt 2>&1 on vdhankar #####
child exited with value 1
##### ERROR: /usr/bin/time -o time_18_vdhankar_zizhaoh.txt -f "%U" python3 homework.py > stulog.txt 2>&1 on vdhankar #####
##### Output of failed program (stdout + stderr): #####
Traceback (most recent call last):
  File "homework.py", line 546, in <module>
    print(end-start)
NameError: name 'end' is not defined
##### End of output of failed program #####
##### vdhankar plays [J g5 e3] in 0.370847940444946s #####
##### Running: /usr/lib/jvm/jdk-14.0.1/bin/java -jar /lab/itti/projects/checkers-competition/server/referee.jar on run_18_vdhankar_zizhaoh #####
Move is valid
##### SUCCESS: /usr/lib/jvm/jdk-14.0.1/bin/java -jar /lab/itti/projects/checkers-competition/server/referee.jar on run_18_vdhankar_zizhaoh #####
INPUT for zizhaoh:
GAME
WHITE
269.44
.b.b.b.b
b.b.....
...b...b
w...b...
.w.b...b
w.w.b.w.
.w.w.w.w
..w...w.
##### Running: /usr/bin/time -o time_18_vdhankar_zizhaoh.txt -f "%U" python3 homework.py > stulog.txt 2>&1 on zizhaoh #####
##### SUCCESS: /usr/bin/time -o time_18_vdhankar_zizhaoh.txt -f "%U" python3 homework.py > stulog.txt 2>&1 on zizhaoh #####
##### zizhaoh plays [J d2 f4 ] in 0.32s #####
##### Running: /usr/lib/jvm/jdk-14.0.1/bin/java -jar /lab/itti/projects/checkers-competition/server/referee.jar on run_18_vdhankar_zizhaoh #####
Move is valid
##### SUCCESS: /usr/lib/jvm/jdk-14.0.1/bin/java -jar /lab/itti/projects/checkers-competition/server/referee.jar on run_18_vdhankar_zizhaoh #####
INPUT for vdhankar:
GAME
BLACK
255.074202299118
.b.b.b.b
b.b.....
...b...b
w...b...
.w.b.w.b
w.w...w.
.w...w.w
..w...w.
##### Running: /usr/bin/time -o time_18_vdhankar_zizhaoh.txt -f "%U" python3 homework.py > stulog.txt 2>&1 on vdhankar #####
child exited with value 1
##### ERROR: /usr/bin/time -o time_18_vdhankar_zizhaoh.txt -f "%U" python3 homework.py > stulog.txt 2>&1 on vdhankar #####
##### Output of failed program (stdout + stderr): #####
Traceback (most recent call last):
  File "homework.py", line 546, in <module>
    print(end-start)
NameError: name 'end' is not defined
##### End of output of failed program #####
##### vdhankar plays [E d8 e7] in 1.05599308013916s #####
##### Running: /usr/lib/jvm/jdk-14.0.1/bin/java -jar /lab/itti/projects/checkers-competition/server/referee.jar on run_18_vdhankar_zizhaoh #####
Move is valid
##### SUCCESS: /usr/lib/jvm/jdk-14.0.1/bin/java -jar /lab/itti/projects/checkers-competition/server/referee.jar on run_18_vdhankar_zizhaoh #####
INPUT for zizhaoh:
GAME
WHITE
269.12
.b...b.b
b.b.b...
...b...b
w...b...
.w.b.w.b
w.w...w.
.w...w.w
..w...w.
##### Running: /usr/bin/time -o time_18_vdhankar_zizhaoh.txt -f "%U" python3 homework.py > stulog.txt 2>&1 on zizhaoh #####
##### SUCCESS: /usr/bin/time -o time_18_vdhankar_zizhaoh.txt -f "%U" python3 homework.py > stulog.txt 2>&1 on zizhaoh #####
##### zizhaoh plays [E c1 d2 ] in 0.51s #####
##### Running: /usr/lib/jvm/jdk-14.0.1/bin/java -jar /lab/itti/projects/checkers-competition/server/referee.jar on run_18_vdhankar_zizhaoh #####
Move is valid
##### SUCCESS: /usr/lib/jvm/jdk-14.0.1/bin/java -jar /lab/itti/projects/checkers-competition/server/referee.jar on run_18_vdhankar_zizhaoh #####
INPUT for vdhankar:
GAME
BLACK
254.018209218979
.b...b.b
b.b.b...
...b...b
w...b...
.w.b.w.b
w.w...w.
.w.w.w.w
......w.
##### Running: /usr/bin/time -o time_18_vdhankar_zizhaoh.txt -f "%U" python3 homework.py > stulog.txt 2>&1 on vdhankar #####
child exited with value 1
##### ERROR: /usr/bin/time -o time_18_vdhankar_zizhaoh.txt -f "%U" python3 homework.py > stulog.txt 2>&1 on vdhankar #####
##### Output of failed program (stdout + stderr): #####
Traceback (most recent call last):
  File "homework.py", line 546, in <module>
    print(end-start)
NameError: name 'end' is not defined
##### End of output of failed program #####
##### vdhankar plays [E h8 g7] in 0.905676126480103s #####
##### Running: /usr/lib/jvm/jdk-14.0.1/bin/java -jar /lab/itti/projects/checkers-competition/server/referee.jar on run_18_vdhankar_zizhaoh #####
Move is valid
##### SUCCESS: /usr/lib/jvm/jdk-14.0.1/bin/java -jar /lab/itti/projects/checkers-competition/server/referee.jar on run_18_vdhankar_zizhaoh #####
INPUT for zizhaoh:
GAME
WHITE
268.61
.b...b..
b.b.b.b.
...b...b
w...b...
.w.b.w.b
w.w...w.
.w.w.w.w
......w.
##### Running: /usr/bin/time -o time_18_vdhankar_zizhaoh.txt -f "%U" python3 homework.py > stulog.txt 2>&1 on zizhaoh #####
##### SUCCESS: /usr/bin/time -o time_18_vdhankar_zizhaoh.txt -f "%U" python3 homework.py > stulog.txt 2>&1 on zizhaoh #####
##### zizhaoh plays [E d2 e3 ] in 0.38s #####
##### Running: /usr/lib/jvm/jdk-14.0.1/bin/java -jar /lab/itti/projects/checkers-competition/server/referee.jar on run_18_vdhankar_zizhaoh #####
Move is valid
##### SUCCESS: /usr/lib/jvm/jdk-14.0.1/bin/java -jar /lab/itti/projects/checkers-competition/server/referee.jar on run_18_vdhankar_zizhaoh #####
INPUT for vdhankar:
GAME
BLACK
253.112533092499
.b...b..
b.b.b.b.
...b...b
w...b...
.w.b.w.b
w.w.w.w.
.w...w.w
......w.
##### Running: /usr/bin/time -o time_18_vdhankar_zizhaoh.txt -f "%U" python3 homework.py > stulog.txt 2>&1 on vdhankar #####
child exited with value 1
##### ERROR: /usr/bin/time -o time_18_vdhankar_zizhaoh.txt -f "%U" python3 homework.py > stulog.txt 2>&1 on vdhankar #####
##### Output of failed program (stdout + stderr): #####
Traceback (most recent call last):
  File "homework.py", line 546, in <module>
    print(end-start)
NameError: name 'end' is not defined
##### End of output of failed program #####
##### vdhankar plays [E d6 c5] in 0.625378131866455s #####
##### Running: /usr/lib/jvm/jdk-14.0.1/bin/java -jar /lab/itti/projects/checkers-competition/server/referee.jar on run_18_vdhankar_zizhaoh #####
Move is valid
##### SUCCESS: /usr/lib/jvm/jdk-14.0.1/bin/java -jar /lab/itti/projects/checkers-competition/server/referee.jar on run_18_vdhankar_zizhaoh #####
INPUT for zizhaoh:
GAME
WHITE
268.23
.b...b..
b.b.b.b.
.......b
w.b.b...
.w.b.w.b
w.w.w.w.
.w...w.w
......w.
##### Running: /usr/bin/time -o time_18_vdhankar_zizhaoh.txt -f "%U" python3 homework.py > stulog.txt 2>&1 on zizhaoh #####
##### SUCCESS: /usr/bin/time -o time_18_vdhankar_zizhaoh.txt -f "%U" python3 homework.py > stulog.txt 2>&1 on zizhaoh #####
##### zizhaoh plays [J b4 d6 ] in 0.07s #####
##### Running: /usr/lib/jvm/jdk-14.0.1/bin/java -jar /lab/itti/projects/checkers-competition/server/referee.jar on run_18_vdhankar_zizhaoh #####
Move is valid
##### SUCCESS: /usr/lib/jvm/jdk-14.0.1/bin/java -jar /lab/itti/projects/checkers-competition/server/referee.jar on run_18_vdhankar_zizhaoh #####
INPUT for vdhankar:
GAME
BLACK
252.487154960632
.b...b..
b.b.b.b.
...w...b
w...b...
...b.w.b
w.w.w.w.
.w...w.w
......w.
##### Running: /usr/bin/time -o time_18_vdhankar_zizhaoh.txt -f "%U" python3 homework.py > stulog.txt 2>&1 on vdhankar #####
child exited with value 1
##### ERROR: /usr/bin/time -o time_18_vdhankar_zizhaoh.txt -f "%U" python3 homework.py > stulog.txt 2>&1 on vdhankar #####
##### Output of failed program (stdout + stderr): #####
Traceback (most recent call last):
  File "homework.py", line 546, in <module>
    print(end-start)
NameError: name 'end' is not defined
##### End of output of failed program #####
##### vdhankar plays [J e7 c5] in 0.349851131439209s #####
##### Running: /usr/lib/jvm/jdk-14.0.1/bin/java -jar /lab/itti/projects/checkers-competition/server/referee.jar on run_18_vdhankar_zizhaoh #####
Move is valid
##### SUCCESS: /usr/lib/jvm/jdk-14.0.1/bin/java -jar /lab/itti/projects/checkers-competition/server/referee.jar on run_18_vdhankar_zizhaoh #####
INPUT for zizhaoh:
GAME
WHITE
268.16
.b...b..
b.b...b.
.......b
w.b.b...
...b.w.b
w.w.w.w.
.w...w.w
......w.
##### Running: /usr/bin/time -o time_18_vdhankar_zizhaoh.txt -f "%U" python3 homework.py > stulog.txt 2>&1 on zizhaoh #####
##### SUCCESS: /usr/bin/time -o time_18_vdhankar_zizhaoh.txt -f "%U" python3 homework.py > stulog.txt 2>&1 on zizhaoh #####
##### zizhaoh plays [J f4 d6 ] in 0.16s #####
##### Running: /usr/lib/jvm/jdk-14.0.1/bin/java -jar /lab/itti/projects/checkers-competition/server/referee.jar on run_18_vdhankar_zizhaoh #####
Move is valid
##### SUCCESS: /usr/lib/jvm/jdk-14.0.1/bin/java -jar /lab/itti/projects/checkers-competition/server/referee.jar on run_18_vdhankar_zizhaoh #####
INPUT for vdhankar:
GAME
BLACK
252.137303829193
.b...b..
b.b...b.
...w...b
w.b.....
...b...b
w.w.w.w.
.w...w.w
......w.
##### Running: /usr/bin/time -o time_18_vdhankar_zizhaoh.txt -f "%U" python3 homework.py > stulog.txt 2>&1 on vdhankar #####
child exited with value 1
##### ERROR: /usr/bin/time -o time_18_vdhankar_zizhaoh.txt -f "%U" python3 homework.py > stulog.txt 2>&1 on vdhankar #####
##### Output of failed program (stdout + stderr): #####
Traceback (most recent call last):
  File "homework.py", line 546, in <module>
    print(end-start)
NameError: name 'end' is not defined
##### End of output of failed program #####
##### vdhankar plays [J c7 e5] in 1.20326089859009s #####
##### Running: /usr/lib/jvm/jdk-14.0.1/bin/java -jar /lab/itti/projects/checkers-competition/server/referee.jar on run_18_vdhankar_zizhaoh #####
Move is valid
##### SUCCESS: /usr/lib/jvm/jdk-14.0.1/bin/java -jar /lab/itti/projects/checkers-competition/server/referee.jar on run_18_vdhankar_zizhaoh #####
INPUT for zizhaoh:
GAME
WHITE
268
.b...b..
b.....b.
.......b
w.b.b...
...b...b
w.w.w.w.
.w...w.w
......w.
##### Running: /usr/bin/time -o time_18_vdhankar_zizhaoh.txt -f "%U" python3 homework.py > stulog.txt 2>&1 on zizhaoh #####
##### SUCCESS: /usr/bin/time -o time_18_vdhankar_zizhaoh.txt -f "%U" python3 homework.py > stulog.txt 2>&1 on zizhaoh #####
##### zizhaoh plays [E c3 b4 ] in 1.67s #####
##### Running: /usr/lib/jvm/jdk-14.0.1/bin/java -jar /lab/itti/projects/checkers-competition/server/referee.jar on run_18_vdhankar_zizhaoh #####
Move is valid
##### SUCCESS: /usr/lib/jvm/jdk-14.0.1/bin/java -jar /lab/itti/projects/checkers-competition/server/referee.jar on run_18_vdhankar_zizhaoh #####
INPUT for vdhankar:
GAME
BLACK
250.934042930603
.b...b..
b.....b.
.......b
w.b.b...
.w.b...b
w...w.w.
.w...w.w
......w.
##### Running: /usr/bin/time -o time_18_vdhankar_zizhaoh.txt -f "%U" python3 homework.py > stulog.txt 2>&1 on vdhankar #####
child exited with value 1
##### ERROR: /usr/bin/time -o time_18_vdhankar_zizhaoh.txt -f "%U" python3 homework.py > stulog.txt 2>&1 on vdhankar #####
##### Output of failed program (stdout + stderr): #####
Traceback (most recent call last):
  File "homework.py", line 546, in <module>
    print(end-start)
NameError: name 'end' is not defined
##### End of output of failed program #####
##### vdhankar plays [E a7 b6] in 1.31970596313477s #####
##### Running: /usr/lib/jvm/jdk-14.0.1/bin/java -jar /lab/itti/projects/checkers-competition/server/referee.jar on run_18_vdhankar_zizhaoh #####
Move is valid
##### SUCCESS: /usr/lib/jvm/jdk-14.0.1/bin/java -jar /lab/itti/projects/checkers-competition/server/referee.jar on run_18_vdhankar_zizhaoh #####
INPUT for zizhaoh:
GAME
WHITE
266.33
.b...b..
......b.
.b.....b
w.b.b...
.w.b...b
w...w.w.
.w...w.w
......w.
##### Running: /usr/bin/time -o time_18_vdhankar_zizhaoh.txt -f "%U" python3 homework.py > stulog.txt 2>&1 on zizhaoh #####
##### SUCCESS: /usr/bin/time -o time_18_vdhankar_zizhaoh.txt -f "%U" python3 homework.py > stulog.txt 2>&1 on zizhaoh #####
##### zizhaoh plays [J b4 d6 ] in 0.76s #####
##### Running: /usr/lib/jvm/jdk-14.0.1/bin/java -jar /lab/itti/projects/checkers-competition/server/referee.jar on run_18_vdhankar_zizhaoh #####
Move is valid
##### SUCCESS: /usr/lib/jvm/jdk-14.0.1/bin/java -jar /lab/itti/projects/checkers-competition/server/referee.jar on run_18_vdhankar_zizhaoh #####
INPUT for vdhankar:
GAME
BLACK
249.614336967468
.b...b..
......b.
.b.w...b
w...b...
...b...b
w...w.w.
.w...w.w
......w.
##### Running: /usr/bin/time -o time_18_vdhankar_zizhaoh.txt -f "%U" python3 homework.py > stulog.txt 2>&1 on vdhankar #####
child exited with value 1
##### ERROR: /usr/bin/time -o time_18_vdhankar_zizhaoh.txt -f "%U" python3 homework.py > stulog.txt 2>&1 on vdhankar #####
##### Output of failed program (stdout + stderr): #####
Traceback (most recent call last):
  File "homework.py", line 546, in <module>
    print(end-start)
NameError: name 'end' is not defined
##### End of output of failed program #####
##### vdhankar plays [E b6 c5] in 3.66004490852356s #####
##### Running: /usr/lib/jvm/jdk-14.0.1/bin/java -jar /lab/itti/projects/checkers-competition/server/referee.jar on run_18_vdhankar_zizhaoh #####
Move is valid
##### SUCCESS: /usr/lib/jvm/jdk-14.0.1/bin/java -jar /lab/itti/projects/checkers-competition/server/referee.jar on run_18_vdhankar_zizhaoh #####
INPUT for zizhaoh:
GAME
WHITE
265.57
.b...b..
......b.
...w...b
w.b.b...
...b...b
w...w.w.
.w...w.w
......w.
##### Running: /usr/bin/time -o time_18_vdhankar_zizhaoh.txt -f "%U" python3 homework.py > stulog.txt 2>&1 on zizhaoh #####
##### SUCCESS: /usr/bin/time -o time_18_vdhankar_zizhaoh.txt -f "%U" python3 homework.py > stulog.txt 2>&1 on zizhaoh #####
##### zizhaoh plays [E a5 b6 ] in 2.46s #####
##### Running: /usr/lib/jvm/jdk-14.0.1/bin/java -jar /lab/itti/projects/checkers-competition/server/referee.jar on run_18_vdhankar_zizhaoh #####
Move is valid
##### SUCCESS: /usr/lib/jvm/jdk-14.0.1/bin/java -jar /lab/itti/projects/checkers-competition/server/referee.jar on run_18_vdhankar_zizhaoh #####
INPUT for vdhankar:
GAME
BLACK
245.954292058945
.b...b..
......b.
.w.w...b
..b.b...
...b...b
w...w.w.
.w...w.w
......w.
##### Running: /usr/bin/time -o time_18_vdhankar_zizhaoh.txt -f "%U" python3 homework.py > stulog.txt 2>&1 on vdhankar #####
child exited with value 1
##### ERROR: /usr/bin/time -o time_18_vdhankar_zizhaoh.txt -f "%U" python3 homework.py > stulog.txt 2>&1 on vdhankar #####
##### Output of failed program (stdout + stderr): #####
Traceback (most recent call last):
  File "homework.py", line 546, in <module>
    print(end-start)
NameError: name 'end' is not defined
##### End of output of failed program #####
##### vdhankar plays [E h6 g5] in 2.54836797714233s #####
##### Running: /usr/lib/jvm/jdk-14.0.1/bin/java -jar /lab/itti/projects/checkers-competition/server/referee.jar on run_18_vdhankar_zizhaoh #####
Move is valid
##### SUCCESS: /usr/lib/jvm/jdk-14.0.1/bin/java -jar /lab/itti/projects/checkers-competition/server/referee.jar on run_18_vdhankar_zizhaoh #####
INPUT for zizhaoh:
GAME
WHITE
263.11
.b...b..
......b.
.w.w....
..b.b.b.
...b...b
w...w.w.
.w...w.w
......w.
##### Running: /usr/bin/time -o time_18_vdhankar_zizhaoh.txt -f "%U" python3 homework.py > stulog.txt 2>&1 on zizhaoh #####
##### SUCCESS: /usr/bin/time -o time_18_vdhankar_zizhaoh.txt -f "%U" python3 homework.py > stulog.txt 2>&1 on zizhaoh #####
##### zizhaoh plays [E e3 f4 ] in 2.03s #####
##### Running: /usr/lib/jvm/jdk-14.0.1/bin/java -jar /lab/itti/projects/checkers-competition/server/referee.jar on run_18_vdhankar_zizhaoh #####
Move is valid
##### SUCCESS: /usr/lib/jvm/jdk-14.0.1/bin/java -jar /lab/itti/projects/checkers-competition/server/referee.jar on run_18_vdhankar_zizhaoh #####
INPUT for vdhankar:
GAME
BLACK
243.405924081802
.b...b..
......b.
.w.w....
..b.b.b.
...b.w.b
w.....w.
.w...w.w
......w.
##### Running: /usr/bin/time -o time_18_vdhankar_zizhaoh.txt -f "%U" python3 homework.py > stulog.txt 2>&1 on vdhankar #####
child exited with value 1
##### ERROR: /usr/bin/time -o time_18_vdhankar_zizhaoh.txt -f "%U" python3 homework.py > stulog.txt 2>&1 on vdhankar #####
##### Output of failed program (stdout + stderr): #####
Traceback (most recent call last):
  File "homework.py", line 546, in <module>
    print(end-start)
NameError: name 'end' is not defined
##### End of output of failed program #####
##### vdhankar plays [J g5 e3] in 0.965104103088379s #####
##### Running: /usr/lib/jvm/jdk-14.0.1/bin/java -jar /lab/itti/projects/checkers-competition/server/referee.jar on run_18_vdhankar_zizhaoh #####
Move is valid
##### SUCCESS: /usr/lib/jvm/jdk-14.0.1/bin/java -jar /lab/itti/projects/checkers-competition/server/referee.jar on run_18_vdhankar_zizhaoh #####
INPUT for zizhaoh:
GAME
WHITE
261.08
.b...b..
......b.
.w.w....
..b.b...
...b...b
w...b.w.
.w...w.w
......w.
##### Running: /usr/bin/time -o time_18_vdhankar_zizhaoh.txt -f "%U" python3 homework.py > stulog.txt 2>&1 on zizhaoh #####
##### SUCCESS: /usr/bin/time -o time_18_vdhankar_zizhaoh.txt -f "%U" python3 homework.py > stulog.txt 2>&1 on zizhaoh #####
##### zizhaoh plays [E b2 c3 ] in 2.57s #####
##### Running: /usr/lib/jvm/jdk-14.0.1/bin/java -jar /lab/itti/projects/checkers-competition/server/referee.jar on run_18_vdhankar_zizhaoh #####
Move is valid
##### SUCCESS: /usr/lib/jvm/jdk-14.0.1/bin/java -jar /lab/itti/projects/checkers-competition/server/referee.jar on run_18_vdhankar_zizhaoh #####
INPUT for vdhankar:
GAME
BLACK
242.440819978714
.b...b..
......b.
.w.w....
..b.b...
...b...b
w.w.b.w.
.....w.w
......w.
##### Running: /usr/bin/time -o time_18_vdhankar_zizhaoh.txt -f "%U" python3 homework.py > stulog.txt 2>&1 on vdhankar #####
child exited with value 1
##### ERROR: /usr/bin/time -o time_18_vdhankar_zizhaoh.txt -f "%U" python3 homework.py > stulog.txt 2>&1 on vdhankar #####
##### Output of failed program (stdout + stderr): #####
Traceback (most recent call last):
  File "homework.py", line 546, in <module>
    print(end-start)
NameError: name 'end' is not defined
##### End of output of failed program #####
##### vdhankar plays [J d4 b2] in 0.269045829772949s #####
##### Running: /usr/lib/jvm/jdk-14.0.1/bin/java -jar /lab/itti/projects/checkers-competition/server/referee.jar on run_18_vdhankar_zizhaoh #####
Move is valid
##### SUCCESS: /usr/lib/jvm/jdk-14.0.1/bin/java -jar /lab/itti/projects/checkers-competition/server/referee.jar on run_18_vdhankar_zizhaoh #####
INPUT for zizhaoh:
GAME
WHITE
258.51
.b...b..
......b.
.w.w....
..b.b...
.......b
w...b.w.
.b...w.w
......w.
##### Running: /usr/bin/time -o time_18_vdhankar_zizhaoh.txt -f "%U" python3 homework.py > stulog.txt 2>&1 on zizhaoh #####
##### SUCCESS: /usr/bin/time -o time_18_vdhankar_zizhaoh.txt -f "%U" python3 homework.py > stulog.txt 2>&1 on zizhaoh #####
##### zizhaoh plays [J f2 d4  ; J d4 f6  ; J f6 h8 ] in 0.14s #####
##### Running: /usr/lib/jvm/jdk-14.0.1/bin/java -jar /lab/itti/projects/checkers-competition/server/referee.jar on run_18_vdhankar_zizhaoh #####
Move is valid
##### SUCCESS: /usr/lib/jvm/jdk-14.0.1/bin/java -jar /lab/itti/projects/checkers-competition/server/referee.jar on run_18_vdhankar_zizhaoh #####
INPUT for vdhankar:
GAME
BLACK
242.171774148941
.b...b.W
........
.w.w....
..b.....
.......b
w.....w.
.b.....w
......w.
##### Running: /usr/bin/time -o time_18_vdhankar_zizhaoh.txt -f "%U" python3 homework.py > stulog.txt 2>&1 on vdhankar #####
child exited with value 1
##### ERROR: /usr/bin/time -o time_18_vdhankar_zizhaoh.txt -f "%U" python3 homework.py > stulog.txt 2>&1 on vdhankar #####
##### Output of failed program (stdout + stderr): #####
Traceback (most recent call last):
  File "homework.py", line 546, in <module>
    print(end-start)
NameError: name 'end' is not defined
##### End of output of failed program #####
##### vdhankar plays [J h4 f2] in 1.34297108650208s #####
##### Running: /usr/lib/jvm/jdk-14.0.1/bin/java -jar /lab/itti/projects/checkers-competition/server/referee.jar on run_18_vdhankar_zizhaoh #####
Move is valid
##### SUCCESS: /usr/lib/jvm/jdk-14.0.1/bin/java -jar /lab/itti/projects/checkers-competition/server/referee.jar on run_18_vdhankar_zizhaoh #####
INPUT for zizhaoh:
GAME
WHITE
258.37
.b...b.W
........
.w.w....
..b.....
........
w.......
.b...b.w
......w.
##### Running: /usr/bin/time -o time_18_vdhankar_zizhaoh.txt -f "%U" python3 homework.py > stulog.txt 2>&1 on zizhaoh #####
##### SUCCESS: /usr/bin/time -o time_18_vdhankar_zizhaoh.txt -f "%U" python3 homework.py > stulog.txt 2>&1 on zizhaoh #####
##### zizhaoh plays [J g1 e3 ] in 1.79s #####
##### Running: /usr/lib/jvm/jdk-14.0.1/bin/java -jar /lab/itti/projects/checkers-competition/server/referee.jar on run_18_vdhankar_zizhaoh #####
Move is valid
##### SUCCESS: /usr/lib/jvm/jdk-14.0.1/bin/java -jar /lab/itti/projects/checkers-competition/server/referee.jar on run_18_vdhankar_zizhaoh #####
INPUT for vdhankar:
GAME
BLACK
240.828803062439
.b...b.W
........
.w.w....
..b.....
........
w...w...
.b.....w
........
##### Running: /usr/bin/time -o time_18_vdhankar_zizhaoh.txt -f "%U" python3 homework.py > stulog.txt 2>&1 on vdhankar #####
child exited with value 1
##### ERROR: /usr/bin/time -o time_18_vdhankar_zizhaoh.txt -f "%U" python3 homework.py > stulog.txt 2>&1 on vdhankar #####
##### Output of failed program (stdout + stderr): #####
Traceback (most recent call last):
  File "homework.py", line 546, in <module>
    print(end-start)
NameError: name 'end' is not defined
##### End of output of failed program #####
##### vdhankar plays [E b2 c1] in 7.17065501213074s #####
##### Running: /usr/lib/jvm/jdk-14.0.1/bin/java -jar /lab/itti/projects/checkers-competition/server/referee.jar on run_18_vdhankar_zizhaoh #####
Move is valid
##### SUCCESS: /usr/lib/jvm/jdk-14.0.1/bin/java -jar /lab/itti/projects/checkers-competition/server/referee.jar on run_18_vdhankar_zizhaoh #####
INPUT for zizhaoh:
GAME
WHITE
256.58
.b...b.W
........
.w.w....
..b.....
........
w...w...
.......w
..B.....
##### Running: /usr/bin/time -o time_18_vdhankar_zizhaoh.txt -f "%U" python3 homework.py > stulog.txt 2>&1 on zizhaoh #####
##### SUCCESS: /usr/bin/time -o time_18_vdhankar_zizhaoh.txt -f "%U" python3 homework.py > stulog.txt 2>&1 on zizhaoh #####
##### zizhaoh plays [E b6 a7 ] in 8.03s #####
##### Running: /usr/lib/jvm/jdk-14.0.1/bin/java -jar /lab/itti/projects/checkers-competition/server/referee.jar on run_18_vdhankar_zizhaoh #####
Move is valid
##### SUCCESS: /usr/lib/jvm/jdk-14.0.1/bin/java -jar /lab/itti/projects/checkers-competition/server/referee.jar on run_18_vdhankar_zizhaoh #####
INPUT for vdhankar:
GAME
BLACK
233.658148050308
.b...b.W
w.......
...w....
..b.....
........
w...w...
.......w
..B.....
##### Running: /usr/bin/time -o time_18_vdhankar_zizhaoh.txt -f "%U" python3 homework.py > stulog.txt 2>&1 on vdhankar #####
child exited with value 1
##### ERROR: /usr/bin/time -o time_18_vdhankar_zizhaoh.txt -f "%U" python3 homework.py > stulog.txt 2>&1 on vdhankar #####
##### Output of failed program (stdout + stderr): #####
Traceback (most recent call last):
  File "homework.py", line 546, in <module>
    print(end-start)
NameError: name 'end' is not defined
##### End of output of failed program #####
##### vdhankar plays [E c1 d2] in 3.36283302307129s #####
##### Running: /usr/lib/jvm/jdk-14.0.1/bin/java -jar /lab/itti/projects/checkers-competition/server/referee.jar on run_18_vdhankar_zizhaoh #####
Move is valid
##### SUCCESS: /usr/lib/jvm/jdk-14.0.1/bin/java -jar /lab/itti/projects/checkers-competition/server/referee.jar on run_18_vdhankar_zizhaoh #####
INPUT for zizhaoh:
GAME
WHITE
248.55
.b...b.W
w.......
...w....
..b.....
........
w...w...
...B...w
........
##### Running: /usr/bin/time -o time_18_vdhankar_zizhaoh.txt -f "%U" python3 homework.py > stulog.txt 2>&1 on zizhaoh #####
##### SUCCESS: /usr/bin/time -o time_18_vdhankar_zizhaoh.txt -f "%U" python3 homework.py > stulog.txt 2>&1 on zizhaoh #####
##### zizhaoh plays [E e3 f4 ] in 3.11s #####
##### Running: /usr/lib/jvm/jdk-14.0.1/bin/java -jar /lab/itti/projects/checkers-competition/server/referee.jar on run_18_vdhankar_zizhaoh #####
Move is valid
##### SUCCESS: /usr/lib/jvm/jdk-14.0.1/bin/java -jar /lab/itti/projects/checkers-competition/server/referee.jar on run_18_vdhankar_zizhaoh #####
INPUT for vdhankar:
GAME
BLACK
230.295315027237
.b...b.W
w.......
...w....
..b.....
.....w..
w.......
...B...w
........
##### Running: /usr/bin/time -o time_18_vdhankar_zizhaoh.txt -f "%U" python3 homework.py > stulog.txt 2>&1 on vdhankar #####
child exited with value 1
##### ERROR: /usr/bin/time -o time_18_vdhankar_zizhaoh.txt -f "%U" python3 homework.py > stulog.txt 2>&1 on vdhankar #####
##### Output of failed program (stdout + stderr): #####
Traceback (most recent call last):
  File "homework.py", line 546, in <module>
    print(end-start)
NameError: name 'end' is not defined
##### End of output of failed program #####
##### vdhankar plays [E d2 e3] in 6.41476011276245s #####
##### Running: /usr/lib/jvm/jdk-14.0.1/bin/java -jar /lab/itti/projects/checkers-competition/server/referee.jar on run_18_vdhankar_zizhaoh #####
Move is valid
##### SUCCESS: /usr/lib/jvm/jdk-14.0.1/bin/java -jar /lab/itti/projects/checkers-competition/server/referee.jar on run_18_vdhankar_zizhaoh #####
INPUT for zizhaoh:
GAME
WHITE
245.44
.b...b.W
w.......
...w....
..b.....
.....w..
w...B...
.......w
........
##### Running: /usr/bin/time -o time_18_vdhankar_zizhaoh.txt -f "%U" python3 homework.py > stulog.txt 2>&1 on zizhaoh #####
##### SUCCESS: /usr/bin/time -o time_18_vdhankar_zizhaoh.txt -f "%U" python3 homework.py > stulog.txt 2>&1 on zizhaoh #####
##### zizhaoh plays [E f4 e5 ] in 3.66s #####
##### Running: /usr/lib/jvm/jdk-14.0.1/bin/java -jar /lab/itti/projects/checkers-competition/server/referee.jar on run_18_vdhankar_zizhaoh #####
Move is valid
##### SUCCESS: /usr/lib/jvm/jdk-14.0.1/bin/java -jar /lab/itti/projects/checkers-competition/server/referee.jar on run_18_vdhankar_zizhaoh #####
INPUT for vdhankar:
GAME
BLACK
223.880554914474
.b...b.W
w.......
...w....
..b.w...
........
w...B...
.......w
........
##### Running: /usr/bin/time -o time_18_vdhankar_zizhaoh.txt -f "%U" python3 homework.py > stulog.txt 2>&1 on vdhankar #####
child exited with value 1
##### ERROR: /usr/bin/time -o time_18_vdhankar_zizhaoh.txt -f "%U" python3 homework.py > stulog.txt 2>&1 on vdhankar #####
##### Output of failed program (stdout + stderr): #####
Traceback (most recent call last):
  File "homework.py", line 546, in <module>
    print(end-start)
NameError: name 'end' is not defined
##### End of output of failed program #####
##### vdhankar plays [E c5 d4] in 4.98760914802551s #####
##### Running: /usr/lib/jvm/jdk-14.0.1/bin/java -jar /lab/itti/projects/checkers-competition/server/referee.jar on run_18_vdhankar_zizhaoh #####
Move is valid
##### SUCCESS: /usr/lib/jvm/jdk-14.0.1/bin/java -jar /lab/itti/projects/checkers-competition/server/referee.jar on run_18_vdhankar_zizhaoh #####
INPUT for zizhaoh:
GAME
WHITE
241.78
.b...b.W
w.......
...w....
....w...
...b....
w...B...
.......w
........
##### Running: /usr/bin/time -o time_18_vdhankar_zizhaoh.txt -f "%U" python3 homework.py > stulog.txt 2>&1 on zizhaoh #####
##### SUCCESS: /usr/bin/time -o time_18_vdhankar_zizhaoh.txt -f "%U" python3 homework.py > stulog.txt 2>&1 on zizhaoh #####
##### zizhaoh plays [E e5 f6 ] in 5.29s #####
##### Running: /usr/lib/jvm/jdk-14.0.1/bin/java -jar /lab/itti/projects/checkers-competition/server/referee.jar on run_18_vdhankar_zizhaoh #####
Move is valid
##### SUCCESS: /usr/lib/jvm/jdk-14.0.1/bin/java -jar /lab/itti/projects/checkers-competition/server/referee.jar on run_18_vdhankar_zizhaoh #####
INPUT for vdhankar:
GAME
BLACK
218.892945766449
.b...b.W
w.......
...w.w..
........
...b....
w...B...
.......w
........
##### Running: /usr/bin/time -o time_18_vdhankar_zizhaoh.txt -f "%U" python3 homework.py > stulog.txt 2>&1 on vdhankar #####
child exited with value 1
##### ERROR: /usr/bin/time -o time_18_vdhankar_zizhaoh.txt -f "%U" python3 homework.py > stulog.txt 2>&1 on vdhankar #####
##### Output of failed program (stdout + stderr): #####
Traceback (most recent call last):
  File "homework.py", line 546, in <module>
    print(end-start)
NameError: name 'end' is not defined
##### End of output of failed program #####
##### vdhankar plays [E d4 c3] in 4.9958348274231s #####
##### Running: /usr/lib/jvm/jdk-14.0.1/bin/java -jar /lab/itti/projects/checkers-competition/server/referee.jar on run_18_vdhankar_zizhaoh #####
Move is valid
##### SUCCESS: /usr/lib/jvm/jdk-14.0.1/bin/java -jar /lab/itti/projects/checkers-competition/server/referee.jar on run_18_vdhankar_zizhaoh #####
INPUT for zizhaoh:
GAME
WHITE
236.49
.b...b.W
w.......
...w.w..
........
........
w.b.B...
.......w
........
##### Running: /usr/bin/time -o time_18_vdhankar_zizhaoh.txt -f "%U" python3 homework.py > stulog.txt 2>&1 on zizhaoh #####
##### SUCCESS: /usr/bin/time -o time_18_vdhankar_zizhaoh.txt -f "%U" python3 homework.py > stulog.txt 2>&1 on zizhaoh #####
##### zizhaoh plays [E f6 e7 ] in 6.36s #####
##### Running: /usr/lib/jvm/jdk-14.0.1/bin/java -jar /lab/itti/projects/checkers-competition/server/referee.jar on run_18_vdhankar_zizhaoh #####
Move is valid
##### SUCCESS: /usr/lib/jvm/jdk-14.0.1/bin/java -jar /lab/itti/projects/checkers-competition/server/referee.jar on run_18_vdhankar_zizhaoh #####
INPUT for vdhankar:
GAME
BLACK
213.897110939026
.b...b.W
w...w...
...w....
........
........
w.b.B...
.......w
........
##### Running: /usr/bin/time -o time_18_vdhankar_zizhaoh.txt -f "%U" python3 homework.py > stulog.txt 2>&1 on vdhankar #####
child exited with value 1
##### ERROR: /usr/bin/time -o time_18_vdhankar_zizhaoh.txt -f "%U" python3 homework.py > stulog.txt 2>&1 on vdhankar #####
##### Output of failed program (stdout + stderr): #####
Traceback (most recent call last):
  File "homework.py", line 546, in <module>
    print(end-start)
NameError: name 'end' is not defined
##### End of output of failed program #####
##### vdhankar plays [E e3 d4] in 4.22273206710815s #####
##### Running: /usr/lib/jvm/jdk-14.0.1/bin/java -jar /lab/itti/projects/checkers-competition/server/referee.jar on run_18_vdhankar_zizhaoh #####
Move is valid
##### SUCCESS: /usr/lib/jvm/jdk-14.0.1/bin/java -jar /lab/itti/projects/checkers-competition/server/referee.jar on run_18_vdhankar_zizhaoh #####
INPUT for zizhaoh:
GAME
WHITE
230.13
.b...b.W
w...w...
...w....
........
...B....
w.b.....
.......w
........
##### Running: /usr/bin/time -o time_18_vdhankar_zizhaoh.txt -f "%U" python3 homework.py > stulog.txt 2>&1 on zizhaoh #####
##### SUCCESS: /usr/bin/time -o time_18_vdhankar_zizhaoh.txt -f "%U" python3 homework.py > stulog.txt 2>&1 on zizhaoh #####
##### zizhaoh plays [E e7 d8 ] in 4.29s #####
##### Running: /usr/lib/jvm/jdk-14.0.1/bin/java -jar /lab/itti/projects/checkers-competition/server/referee.jar on run_18_vdhankar_zizhaoh #####
Move is valid
##### SUCCESS: /usr/lib/jvm/jdk-14.0.1/bin/java -jar /lab/itti/projects/checkers-competition/server/referee.jar on run_18_vdhankar_zizhaoh #####
INPUT for vdhankar:
GAME
BLACK
209.674378871918
.b.W.b.W
w.......
...w....
........
...B....
w.b.....
.......w
........
##### Running: /usr/bin/time -o time_18_vdhankar_zizhaoh.txt -f "%U" python3 homework.py > stulog.txt 2>&1 on vdhankar #####
child exited with value 1
##### ERROR: /usr/bin/time -o time_18_vdhankar_zizhaoh.txt -f "%U" python3 homework.py > stulog.txt 2>&1 on vdhankar #####
##### Output of failed program (stdout + stderr): #####
Traceback (most recent call last):
  File "homework.py", line 546, in <module>
    print(end-start)
NameError: name 'end' is not defined
##### End of output of failed program #####
##### vdhankar plays [E c3 d2] in 10.095272064209s #####
##### Running: /usr/lib/jvm/jdk-14.0.1/bin/java -jar /lab/itti/projects/checkers-competition/server/referee.jar on run_18_vdhankar_zizhaoh #####
Move is valid
##### SUCCESS: /usr/lib/jvm/jdk-14.0.1/bin/java -jar /lab/itti/projects/checkers-competition/server/referee.jar on run_18_vdhankar_zizhaoh #####
INPUT for zizhaoh:
GAME
WHITE
225.84
.b.W.b.W
w.......
...w....
........
...B....
w.......
...b...w
........
##### Running: /usr/bin/time -o time_18_vdhankar_zizhaoh.txt -f "%U" python3 homework.py > stulog.txt 2>&1 on zizhaoh #####
##### SUCCESS: /usr/bin/time -o time_18_vdhankar_zizhaoh.txt -f "%U" python3 homework.py > stulog.txt 2>&1 on zizhaoh #####
##### zizhaoh plays [E d8 c7 ] in 7.93s #####
##### Running: /usr/lib/jvm/jdk-14.0.1/bin/java -jar /lab/itti/projects/checkers-competition/server/referee.jar on run_18_vdhankar_zizhaoh #####
Move is valid
##### SUCCESS: /usr/lib/jvm/jdk-14.0.1/bin/java -jar /lab/itti/projects/checkers-competition/server/referee.jar on run_18_vdhankar_zizhaoh #####
INPUT for vdhankar:
GAME
BLACK
199.579106807709
.b...b.W
w.W.....
...w....
........
...B....
w.......
...b...w
........
##### Running: /usr/bin/time -o time_18_vdhankar_zizhaoh.txt -f "%U" python3 homework.py > stulog.txt 2>&1 on vdhankar #####
child exited with value 1
##### ERROR: /usr/bin/time -o time_18_vdhankar_zizhaoh.txt -f "%U" python3 homework.py > stulog.txt 2>&1 on vdhankar #####
##### Output of failed program (stdout + stderr): #####
Traceback (most recent call last):
  File "homework.py", line 546, in <module>
    print(end-start)
NameError: name 'end' is not defined
##### End of output of failed program #####
##### vdhankar plays [E d2 e1] in 4.5699770450592s #####
##### Running: /usr/lib/jvm/jdk-14.0.1/bin/java -jar /lab/itti/projects/checkers-competition/server/referee.jar on run_18_vdhankar_zizhaoh #####
Move is valid
##### SUCCESS: /usr/lib/jvm/jdk-14.0.1/bin/java -jar /lab/itti/projects/checkers-competition/server/referee.jar on run_18_vdhankar_zizhaoh #####
INPUT for zizhaoh:
GAME
WHITE
217.91
.b...b.W
w.W.....
...w....
........
...B....
w.......
.......w
....B...
##### Running: /usr/bin/time -o time_18_vdhankar_zizhaoh.txt -f "%U" python3 homework.py > stulog.txt 2>&1 on zizhaoh #####
##### SUCCESS: /usr/bin/time -o time_18_vdhankar_zizhaoh.txt -f "%U" python3 homework.py > stulog.txt 2>&1 on zizhaoh #####
##### zizhaoh plays [E c7 d8 ] in 6.93s #####
##### Running: /usr/lib/jvm/jdk-14.0.1/bin/java -jar /lab/itti/projects/checkers-competition/server/referee.jar on run_18_vdhankar_zizhaoh #####
Move is valid
##### SUCCESS: /usr/lib/jvm/jdk-14.0.1/bin/java -jar /lab/itti/projects/checkers-competition/server/referee.jar on run_18_vdhankar_zizhaoh #####
INPUT for vdhankar:
GAME
BLACK
195.00912976265
.b.W.b.W
w.......
...w....
........
...B....
w.......
.......w
....B...
##### Running: /usr/bin/time -o time_18_vdhankar_zizhaoh.txt -f "%U" python3 homework.py > stulog.txt 2>&1 on vdhankar #####
child exited with value 1
##### ERROR: /usr/bin/time -o time_18_vdhankar_zizhaoh.txt -f "%U" python3 homework.py > stulog.txt 2>&1 on vdhankar #####
##### Output of failed program (stdout + stderr): #####
Traceback (most recent call last):
  File "homework.py", line 546, in <module>
    print(end-start)
NameError: name 'end' is not defined
##### End of output of failed program #####
##### vdhankar plays [E e1 f2] in 10.5198180675507s #####
##### Running: /usr/lib/jvm/jdk-14.0.1/bin/java -jar /lab/itti/projects/checkers-competition/server/referee.jar on run_18_vdhankar_zizhaoh #####
Move is valid
##### SUCCESS: /usr/lib/jvm/jdk-14.0.1/bin/java -jar /lab/itti/projects/checkers-competition/server/referee.jar on run_18_vdhankar_zizhaoh #####
INPUT for zizhaoh:
GAME
WHITE
210.98
.b.W.b.W
w.......
...w....
........
...B....
w.......
.....B.w
........
##### Running: /usr/bin/time -o time_18_vdhankar_zizhaoh.txt -f "%U" python3 homework.py > stulog.txt 2>&1 on zizhaoh #####
##### SUCCESS: /usr/bin/time -o time_18_vdhankar_zizhaoh.txt -f "%U" python3 homework.py > stulog.txt 2>&1 on zizhaoh #####
##### zizhaoh plays [E d8 c7 ] in 6.43s #####
##### Running: /usr/lib/jvm/jdk-14.0.1/bin/java -jar /lab/itti/projects/checkers-competition/server/referee.jar on run_18_vdhankar_zizhaoh #####
Move is valid
##### SUCCESS: /usr/lib/jvm/jdk-14.0.1/bin/java -jar /lab/itti/projects/checkers-competition/server/referee.jar on run_18_vdhankar_zizhaoh #####
INPUT for vdhankar:
GAME
BLACK
184.489311695099
.b...b.W
w.W.....
...w....
........
...B....
w.......
.....B.w
........
##### Running: /usr/bin/time -o time_18_vdhankar_zizhaoh.txt -f "%U" python3 homework.py > stulog.txt 2>&1 on vdhankar #####
child exited with value 1
##### ERROR: /usr/bin/time -o time_18_vdhankar_zizhaoh.txt -f "%U" python3 homework.py > stulog.txt 2>&1 on vdhankar #####
##### Output of failed program (stdout + stderr): #####
Traceback (most recent call last):
  File "homework.py", line 546, in <module>
    print(end-start)
NameError: name 'end' is not defined
##### End of output of failed program #####
##### vdhankar plays [E f2 e3] in 6.51033020019531s #####
##### Running: /usr/lib/jvm/jdk-14.0.1/bin/java -jar /lab/itti/projects/checkers-competition/server/referee.jar on run_18_vdhankar_zizhaoh #####
Move is valid
##### SUCCESS: /usr/lib/jvm/jdk-14.0.1/bin/java -jar /lab/itti/projects/checkers-competition/server/referee.jar on run_18_vdhankar_zizhaoh #####
INPUT for zizhaoh:
GAME
WHITE
204.55
.b...b.W
w.W.....
...w....
........
...B....
w...B...
.......w
........
##### Running: /usr/bin/time -o time_18_vdhankar_zizhaoh.txt -f "%U" python3 homework.py > stulog.txt 2>&1 on zizhaoh #####
##### SUCCESS: /usr/bin/time -o time_18_vdhankar_zizhaoh.txt -f "%U" python3 homework.py > stulog.txt 2>&1 on zizhaoh #####
##### zizhaoh plays [E c7 d8 ] in 6.25s #####
##### Running: /usr/lib/jvm/jdk-14.0.1/bin/java -jar /lab/itti/projects/checkers-competition/server/referee.jar on run_18_vdhankar_zizhaoh #####
Move is valid
##### SUCCESS: /usr/lib/jvm/jdk-14.0.1/bin/java -jar /lab/itti/projects/checkers-competition/server/referee.jar on run_18_vdhankar_zizhaoh #####
INPUT for vdhankar:
GAME
BLACK
177.978981494904
.b.W.b.W
w.......
...w....
........
...B....
w...B...
.......w
........
##### Running: /usr/bin/time -o time_18_vdhankar_zizhaoh.txt -f "%U" python3 homework.py > stulog.txt 2>&1 on vdhankar #####
child exited with value 1
##### ERROR: /usr/bin/time -o time_18_vdhankar_zizhaoh.txt -f "%U" python3 homework.py > stulog.txt 2>&1 on vdhankar #####
##### Output of failed program (stdout + stderr): #####
Traceback (most recent call last):
  File "homework.py", line 546, in <module>
    print(end-start)
NameError: name 'end' is not defined
##### End of output of failed program #####
##### vdhankar plays [E e3 f4] in 9.40957593917847s #####
##### Running: /usr/lib/jvm/jdk-14.0.1/bin/java -jar /lab/itti/projects/checkers-competition/server/referee.jar on run_18_vdhankar_zizhaoh #####
Move is valid
##### SUCCESS: /usr/lib/jvm/jdk-14.0.1/bin/java -jar /lab/itti/projects/checkers-competition/server/referee.jar on run_18_vdhankar_zizhaoh #####
INPUT for zizhaoh:
GAME
WHITE
198.3
.b.W.b.W
w.......
...w....
........
...B.B..
w.......
.......w
........
##### Running: /usr/bin/time -o time_18_vdhankar_zizhaoh.txt -f "%U" python3 homework.py > stulog.txt 2>&1 on zizhaoh #####
##### SUCCESS: /usr/bin/time -o time_18_vdhankar_zizhaoh.txt -f "%U" python3 homework.py > stulog.txt 2>&1 on zizhaoh #####
##### zizhaoh plays [E d8 c7 ] in 6.06s #####
##### Running: /usr/lib/jvm/jdk-14.0.1/bin/java -jar /lab/itti/projects/checkers-competition/server/referee.jar on run_18_vdhankar_zizhaoh #####
Move is valid
##### SUCCESS: /usr/lib/jvm/jdk-14.0.1/bin/java -jar /lab/itti/projects/checkers-competition/server/referee.jar on run_18_vdhankar_zizhaoh #####
INPUT for vdhankar:
GAME
BLACK
168.569405555725
.b...b.W
w.W.....
...w....
........
...B.B..
w.......
.......w
........
##### Running: /usr/bin/time -o time_18_vdhankar_zizhaoh.txt -f "%U" python3 homework.py > stulog.txt 2>&1 on vdhankar #####
child exited with value 1
##### ERROR: /usr/bin/time -o time_18_vdhankar_zizhaoh.txt -f "%U" python3 homework.py > stulog.txt 2>&1 on vdhankar #####
##### Output of failed program (stdout + stderr): #####
Traceback (most recent call last):
  File "homework.py", line 546, in <module>
    print(end-start)
NameError: name 'end' is not defined
##### End of output of failed program #####
##### vdhankar plays [E f4 g5] in 5.00226092338562s #####
##### Running: /usr/lib/jvm/jdk-14.0.1/bin/java -jar /lab/itti/projects/checkers-competition/server/referee.jar on run_18_vdhankar_zizhaoh #####
Move is valid
##### SUCCESS: /usr/lib/jvm/jdk-14.0.1/bin/java -jar /lab/itti/projects/checkers-competition/server/referee.jar on run_18_vdhankar_zizhaoh #####
INPUT for zizhaoh:
GAME
WHITE
192.24
.b...b.W
w.W.....
...w....
......B.
...B....
w.......
.......w
........
##### Running: /usr/bin/time -o time_18_vdhankar_zizhaoh.txt -f "%U" python3 homework.py > stulog.txt 2>&1 on zizhaoh #####
##### SUCCESS: /usr/bin/time -o time_18_vdhankar_zizhaoh.txt -f "%U" python3 homework.py > stulog.txt 2>&1 on zizhaoh #####
##### zizhaoh plays [E c7 d8 ] in 6.66s #####
##### Running: /usr/lib/jvm/jdk-14.0.1/bin/java -jar /lab/itti/projects/checkers-competition/server/referee.jar on run_18_vdhankar_zizhaoh #####
Move is valid
##### SUCCESS: /usr/lib/jvm/jdk-14.0.1/bin/java -jar /lab/itti/projects/checkers-competition/server/referee.jar on run_18_vdhankar_zizhaoh #####
INPUT for vdhankar:
GAME
BLACK
163.567144632339
.b.W.b.W
w.......
...w....
......B.
...B....
w.......
.......w
........
##### Running: /usr/bin/time -o time_18_vdhankar_zizhaoh.txt -f "%U" python3 homework.py > stulog.txt 2>&1 on vdhankar #####
child exited with value 1
##### ERROR: /usr/bin/time -o time_18_vdhankar_zizhaoh.txt -f "%U" python3 homework.py > stulog.txt 2>&1 on vdhankar #####
##### Output of failed program (stdout + stderr): #####
Traceback (most recent call last):
  File "homework.py", line 546, in <module>
    print(end-start)
NameError: name 'end' is not defined
##### End of output of failed program #####
##### vdhankar plays [E d4 e3] in 6.12784814834595s #####
##### Running: /usr/lib/jvm/jdk-14.0.1/bin/java -jar /lab/itti/projects/checkers-competition/server/referee.jar on run_18_vdhankar_zizhaoh #####
Move is valid
##### SUCCESS: /usr/lib/jvm/jdk-14.0.1/bin/java -jar /lab/itti/projects/checkers-competition/server/referee.jar on run_18_vdhankar_zizhaoh #####
INPUT for zizhaoh:
GAME
WHITE
185.58
.b.W.b.W
w.......
...w....
......B.
........
w...B...
.......w
........
##### Running: /usr/bin/time -o time_18_vdhankar_zizhaoh.txt -f "%U" python3 homework.py > stulog.txt 2>&1 on zizhaoh #####
##### SUCCESS: /usr/bin/time -o time_18_vdhankar_zizhaoh.txt -f "%U" python3 homework.py > stulog.txt 2>&1 on zizhaoh #####
##### zizhaoh plays [E d8 c7 ] in 7.11s #####
##### Running: /usr/lib/jvm/jdk-14.0.1/bin/java -jar /lab/itti/projects/checkers-competition/server/referee.jar on run_18_vdhankar_zizhaoh #####
Move is valid
##### SUCCESS: /usr/lib/jvm/jdk-14.0.1/bin/java -jar /lab/itti/projects/checkers-competition/server/referee.jar on run_18_vdhankar_zizhaoh #####
INPUT for vdhankar:
GAME
BLACK
157.439296483994
.b...b.W
w.W.....
...w....
......B.
........
w...B...
.......w
........
##### Running: /usr/bin/time -o time_18_vdhankar_zizhaoh.txt -f "%U" python3 homework.py > stulog.txt 2>&1 on vdhankar #####
child exited with value 1
##### ERROR: /usr/bin/time -o time_18_vdhankar_zizhaoh.txt -f "%U" python3 homework.py > stulog.txt 2>&1 on vdhankar #####
##### Output of failed program (stdout + stderr): #####
Traceback (most recent call last):
  File "homework.py", line 546, in <module>
    print(end-start)
NameError: name 'end' is not defined
##### End of output of failed program #####
##### vdhankar plays [E e3 d4] in 7.99924683570862s #####
##### Running: /usr/lib/jvm/jdk-14.0.1/bin/java -jar /lab/itti/projects/checkers-competition/server/referee.jar on run_18_vdhankar_zizhaoh #####
Move is valid
##### SUCCESS: /usr/lib/jvm/jdk-14.0.1/bin/java -jar /lab/itti/projects/checkers-competition/server/referee.jar on run_18_vdhankar_zizhaoh #####
INPUT for zizhaoh:
GAME
WHITE
178.47
.b...b.W
w.W.....
...w....
......B.
...B....
w.......
.......w
........
##### Running: /usr/bin/time -o time_18_vdhankar_zizhaoh.txt -f "%U" python3 homework.py > stulog.txt 2>&1 on zizhaoh #####
##### SUCCESS: /usr/bin/time -o time_18_vdhankar_zizhaoh.txt -f "%U" python3 homework.py > stulog.txt 2>&1 on zizhaoh #####
##### zizhaoh plays [E c7 d8 ] in 6.59s #####
##### Running: /usr/lib/jvm/jdk-14.0.1/bin/java -jar /lab/itti/projects/checkers-competition/server/referee.jar on run_18_vdhankar_zizhaoh #####
Move is valid
##### SUCCESS: /usr/lib/jvm/jdk-14.0.1/bin/java -jar /lab/itti/projects/checkers-competition/server/referee.jar on run_18_vdhankar_zizhaoh #####
INPUT for vdhankar:
GAME
BLACK
149.440049648285
.b.W.b.W
w.......
...w....
......B.
...B....
w.......
.......w
........
##### Running: /usr/bin/time -o time_18_vdhankar_zizhaoh.txt -f "%U" python3 homework.py > stulog.txt 2>&1 on vdhankar #####
child exited with value 1
##### ERROR: /usr/bin/time -o time_18_vdhankar_zizhaoh.txt -f "%U" python3 homework.py > stulog.txt 2>&1 on vdhankar #####
##### Output of failed program (stdout + stderr): #####
Traceback (most recent call last):
  File "homework.py", line 546, in <module>
    print(end-start)
NameError: name 'end' is not defined
##### End of output of failed program #####
##### vdhankar plays [E d4 e3] in 5.90928816795349s #####
##### Running: /usr/lib/jvm/jdk-14.0.1/bin/java -jar /lab/itti/projects/checkers-competition/server/referee.jar on run_18_vdhankar_zizhaoh #####
Move is valid
##### SUCCESS: /usr/lib/jvm/jdk-14.0.1/bin/java -jar /lab/itti/projects/checkers-competition/server/referee.jar on run_18_vdhankar_zizhaoh #####
INPUT for zizhaoh:
GAME
WHITE
171.88
.b.W.b.W
w.......
...w....
......B.
........
w...B...
.......w
........
##### Running: /usr/bin/time -o time_18_vdhankar_zizhaoh.txt -f "%U" python3 homework.py > stulog.txt 2>&1 on zizhaoh #####
##### SUCCESS: /usr/bin/time -o time_18_vdhankar_zizhaoh.txt -f "%U" python3 homework.py > stulog.txt 2>&1 on zizhaoh #####
##### zizhaoh plays [E d8 c7 ] in 6.41s #####
##### Running: /usr/lib/jvm/jdk-14.0.1/bin/java -jar /lab/itti/projects/checkers-competition/server/referee.jar on run_18_vdhankar_zizhaoh #####
Move is valid
##### SUCCESS: /usr/lib/jvm/jdk-14.0.1/bin/java -jar /lab/itti/projects/checkers-competition/server/referee.jar on run_18_vdhankar_zizhaoh #####
INPUT for vdhankar:
GAME
BLACK
143.530761480331
.b...b.W
w.W.....
...w....
......B.
........
w...B...
.......w
........
##### Running: /usr/bin/time -o time_18_vdhankar_zizhaoh.txt -f "%U" python3 homework.py > stulog.txt 2>&1 on vdhankar #####
child exited with value 1
##### ERROR: /usr/bin/time -o time_18_vdhankar_zizhaoh.txt -f "%U" python3 homework.py > stulog.txt 2>&1 on vdhankar #####
##### Output of failed program (stdout + stderr): #####
Traceback (most recent call last):
  File "homework.py", line 546, in <module>
    print(end-start)
NameError: name 'end' is not defined
##### End of output of failed program #####
##### vdhankar plays [E e3 d4] in 7.15672492980957s #####
##### Running: /usr/lib/jvm/jdk-14.0.1/bin/java -jar /lab/itti/projects/checkers-competition/server/referee.jar on run_18_vdhankar_zizhaoh #####
Move is valid
##### SUCCESS: /usr/lib/jvm/jdk-14.0.1/bin/java -jar /lab/itti/projects/checkers-competition/server/referee.jar on run_18_vdhankar_zizhaoh #####
INPUT for zizhaoh:
GAME
WHITE
165.47
.b...b.W
w.W.....
...w....
......B.
...B....
w.......
.......w
........
##### Running: /usr/bin/time -o time_18_vdhankar_zizhaoh.txt -f "%U" python3 homework.py > stulog.txt 2>&1 on zizhaoh #####
##### SUCCESS: /usr/bin/time -o time_18_vdhankar_zizhaoh.txt -f "%U" python3 homework.py > stulog.txt 2>&1 on zizhaoh #####
##### zizhaoh plays [E c7 d8 ] in 6.21s #####
##### Running: /usr/lib/jvm/jdk-14.0.1/bin/java -jar /lab/itti/projects/checkers-competition/server/referee.jar on run_18_vdhankar_zizhaoh #####
Move is valid
Seen this position 3 times
*** Game ends in draw ***
##### SUCCESS: /usr/lib/jvm/jdk-14.0.1/bin/java -jar /lab/itti/projects/checkers-competition/server/referee.jar on run_18_vdhankar_zizhaoh #####
##### GAME ENDS IN A DRAW. Time left for vdhankar: 136.374036550522s, zizhaoh: 159.26s
Server said: DRAW
##### GAME OVER: the game ends in a draw, zizhaoh wins by time remaining #####
########## ROUND 18 GAMESCORE AFTER GAME 3: vdhankar=1 and zizhaoh=2 ##########
#################### ROUND 18: vdhankar (W) vs zizhaoh (B): game 4 ####################
##### game start! #####
INPUT for zizhaoh:
GAME
BLACK
300
.b.b.b.b
b.b.b.b.
.b.b.b.b
........
........
w.w.w.w.
.w.w.w.w
w.w.w.w.
##### Running: /usr/bin/time -o time_18_vdhankar_zizhaoh.txt -f "%U" python3 homework.py > stulog.txt 2>&1 on zizhaoh #####
##### SUCCESS: /usr/bin/time -o time_18_vdhankar_zizhaoh.txt -f "%U" python3 homework.py > stulog.txt 2>&1 on zizhaoh #####
##### zizhaoh plays [E b6 a5 ] in 3.96s #####
##### Running: /usr/lib/jvm/jdk-14.0.1/bin/java -jar /lab/itti/projects/checkers-competition/server/referee.jar on run_18_vdhankar_zizhaoh #####
Move is valid
Couldn't read file 'current_ply.txt'
Couldn't read content from file 'current_ply.txt'
Couldn't read file 'lastmatchange_ply.txt'
Couldn't read content from file 'lastmatchange_ply.txt'
##### SUCCESS: /usr/lib/jvm/jdk-14.0.1/bin/java -jar /lab/itti/projects/checkers-competition/server/referee.jar on run_18_vdhankar_zizhaoh #####
INPUT for vdhankar:
GAME
WHITE
300
.b.b.b.b
b.b.b.b.
...b.b.b
b.......
........
w.w.w.w.
.w.w.w.w
w.w.w.w.
##### Running: /usr/bin/time -o time_18_vdhankar_zizhaoh.txt -f "%U" python3 homework.py > stulog.txt 2>&1 on vdhankar #####
child exited with value 1
##### ERROR: /usr/bin/time -o time_18_vdhankar_zizhaoh.txt -f "%U" python3 homework.py > stulog.txt 2>&1 on vdhankar #####
##### Output of failed program (stdout + stderr): #####
Traceback (most recent call last):
  File "homework.py", line 546, in <module>
    print(end-start)
NameError: name 'end' is not defined
##### End of output of failed program #####
##### vdhankar plays [E g3 h4] in 6.90979504585266s #####
##### Running: /usr/lib/jvm/jdk-14.0.1/bin/java -jar /lab/itti/projects/checkers-competition/server/referee.jar on run_18_vdhankar_zizhaoh #####
Move is valid
##### SUCCESS: /usr/lib/jvm/jdk-14.0.1/bin/java -jar /lab/itti/projects/checkers-competition/server/referee.jar on run_18_vdhankar_zizhaoh #####
INPUT for zizhaoh:
GAME
BLACK
296.04
.b.b.b.b
b.b.b.b.
...b.b.b
b.......
.......w
w.w.w...
.w.w.w.w
w.w.w.w.
##### Running: /usr/bin/time -o time_18_vdhankar_zizhaoh.txt -f "%U" python3 homework.py > stulog.txt 2>&1 on zizhaoh #####
##### SUCCESS: /usr/bin/time -o time_18_vdhankar_zizhaoh.txt -f "%U" python3 homework.py > stulog.txt 2>&1 on zizhaoh #####
##### zizhaoh plays [E a7 b6 ] in 3.38s #####
##### Running: /usr/lib/jvm/jdk-14.0.1/bin/java -jar /lab/itti/projects/checkers-competition/server/referee.jar on run_18_vdhankar_zizhaoh #####
Move is valid
##### SUCCESS: /usr/lib/jvm/jdk-14.0.1/bin/java -jar /lab/itti/projects/checkers-competition/server/referee.jar on run_18_vdhankar_zizhaoh #####
INPUT for vdhankar:
GAME
WHITE
293.090204954147
.b.b.b.b
..b.b.b.
.b.b.b.b
b.......
.......w
w.w.w...
.w.w.w.w
w.w.w.w.
##### Running: /usr/bin/time -o time_18_vdhankar_zizhaoh.txt -f "%U" python3 homework.py > stulog.txt 2>&1 on vdhankar #####
child exited with value 1
##### ERROR: /usr/bin/time -o time_18_vdhankar_zizhaoh.txt -f "%U" python3 homework.py > stulog.txt 2>&1 on vdhankar #####
##### Output of failed program (stdout + stderr): #####
Traceback (most recent call last):
  File "homework.py", line 546, in <module>
    print(end-start)
NameError: name 'end' is not defined
##### End of output of failed program #####
##### vdhankar plays [E h2 g3] in 9.20877909660339s #####
##### Running: /usr/lib/jvm/jdk-14.0.1/bin/java -jar /lab/itti/projects/checkers-competition/server/referee.jar on run_18_vdhankar_zizhaoh #####
Move is valid
##### SUCCESS: /usr/lib/jvm/jdk-14.0.1/bin/java -jar /lab/itti/projects/checkers-competition/server/referee.jar on run_18_vdhankar_zizhaoh #####
INPUT for zizhaoh:
GAME
BLACK
292.66
.b.b.b.b
..b.b.b.
.b.b.b.b
b.......
.......w
w.w.w.w.
.w.w.w..
w.w.w.w.
##### Running: /usr/bin/time -o time_18_vdhankar_zizhaoh.txt -f "%U" python3 homework.py > stulog.txt 2>&1 on zizhaoh #####
##### SUCCESS: /usr/bin/time -o time_18_vdhankar_zizhaoh.txt -f "%U" python3 homework.py > stulog.txt 2>&1 on zizhaoh #####
##### zizhaoh plays [E b8 a7 ] in 3.68s #####
##### Running: /usr/lib/jvm/jdk-14.0.1/bin/java -jar /lab/itti/projects/checkers-competition/server/referee.jar on run_18_vdhankar_zizhaoh #####
Move is valid
##### SUCCESS: /usr/lib/jvm/jdk-14.0.1/bin/java -jar /lab/itti/projects/checkers-competition/server/referee.jar on run_18_vdhankar_zizhaoh #####
INPUT for vdhankar:
GAME
WHITE
283.881425857544
...b.b.b
b.b.b.b.
.b.b.b.b
b.......
.......w
w.w.w.w.
.w.w.w..
w.w.w.w.
##### Running: /usr/bin/time -o time_18_vdhankar_zizhaoh.txt -f "%U" python3 homework.py > stulog.txt 2>&1 on vdhankar #####
child exited with value 1
##### ERROR: /usr/bin/time -o time_18_vdhankar_zizhaoh.txt -f "%U" python3 homework.py > stulog.txt 2>&1 on vdhankar #####
##### Output of failed program (stdout + stderr): #####
Traceback (most recent call last):
  File "homework.py", line 546, in <module>
    print(end-start)
NameError: name 'end' is not defined
##### End of output of failed program #####
##### vdhankar plays [E c3 d4] in 3.01632213592529s #####
##### Running: /usr/lib/jvm/jdk-14.0.1/bin/java -jar /lab/itti/projects/checkers-competition/server/referee.jar on run_18_vdhankar_zizhaoh #####
Move is valid
##### SUCCESS: /usr/lib/jvm/jdk-14.0.1/bin/java -jar /lab/itti/projects/checkers-competition/server/referee.jar on run_18_vdhankar_zizhaoh #####
INPUT for zizhaoh:
GAME
BLACK
288.98
...b.b.b
b.b.b.b.
.b.b.b.b
b.......
...w...w
w...w.w.
.w.w.w..
w.w.w.w.
##### Running: /usr/bin/time -o time_18_vdhankar_zizhaoh.txt -f "%U" python3 homework.py > stulog.txt 2>&1 on zizhaoh #####
##### SUCCESS: /usr/bin/time -o time_18_vdhankar_zizhaoh.txt -f "%U" python3 homework.py > stulog.txt 2>&1 on zizhaoh #####
##### zizhaoh plays [E d6 c5 ] in 1.53s #####
##### Running: /usr/lib/jvm/jdk-14.0.1/bin/java -jar /lab/itti/projects/checkers-competition/server/referee.jar on run_18_vdhankar_zizhaoh #####
Move is valid
##### SUCCESS: /usr/lib/jvm/jdk-14.0.1/bin/java -jar /lab/itti/projects/checkers-competition/server/referee.jar on run_18_vdhankar_zizhaoh #####
INPUT for vdhankar:
GAME
WHITE
280.865103721619
...b.b.b
b.b.b.b.
.b...b.b
b.b.....
...w...w
w...w.w.
.w.w.w..
w.w.w.w.
##### Running: /usr/bin/time -o time_18_vdhankar_zizhaoh.txt -f "%U" python3 homework.py > stulog.txt 2>&1 on vdhankar #####
child exited with value 1
##### ERROR: /usr/bin/time -o time_18_vdhankar_zizhaoh.txt -f "%U" python3 homework.py > stulog.txt 2>&1 on vdhankar #####
##### Output of failed program (stdout + stderr): #####
Traceback (most recent call last):
  File "homework.py", line 546, in <module>
    print(end-start)
NameError: name 'end' is not defined
##### End of output of failed program #####
##### vdhankar plays [E b2 c3] in 2.40048694610596s #####
##### Running: /usr/lib/jvm/jdk-14.0.1/bin/java -jar /lab/itti/projects/checkers-competition/server/referee.jar on run_18_vdhankar_zizhaoh #####
Move is valid
##### SUCCESS: /usr/lib/jvm/jdk-14.0.1/bin/java -jar /lab/itti/projects/checkers-competition/server/referee.jar on run_18_vdhankar_zizhaoh #####
INPUT for zizhaoh:
GAME
BLACK
287.45
...b.b.b
b.b.b.b.
.b...b.b
b.b.....
...w...w
w.w.w.w.
...w.w..
w.w.w.w.
##### Running: /usr/bin/time -o time_18_vdhankar_zizhaoh.txt -f "%U" python3 homework.py > stulog.txt 2>&1 on zizhaoh #####
##### SUCCESS: /usr/bin/time -o time_18_vdhankar_zizhaoh.txt -f "%U" python3 homework.py > stulog.txt 2>&1 on zizhaoh #####
##### zizhaoh plays [E c7 d6 ] in 1.83s #####
##### Running: /usr/lib/jvm/jdk-14.0.1/bin/java -jar /lab/itti/projects/checkers-competition/server/referee.jar on run_18_vdhankar_zizhaoh #####
Move is valid
##### SUCCESS: /usr/lib/jvm/jdk-14.0.1/bin/java -jar /lab/itti/projects/checkers-competition/server/referee.jar on run_18_vdhankar_zizhaoh #####
INPUT for vdhankar:
GAME
WHITE
278.464616775513
...b.b.b
b...b.b.
.b.b.b.b
b.b.....
...w...w
w.w.w.w.
...w.w..
w.w.w.w.
##### Running: /usr/bin/time -o time_18_vdhankar_zizhaoh.txt -f "%U" python3 homework.py > stulog.txt 2>&1 on vdhankar #####
child exited with value 1
##### ERROR: /usr/bin/time -o time_18_vdhankar_zizhaoh.txt -f "%U" python3 homework.py > stulog.txt 2>&1 on vdhankar #####
##### Output of failed program (stdout + stderr): #####
Traceback (most recent call last):
  File "homework.py", line 546, in <module>
    print(end-start)
NameError: name 'end' is not defined
##### End of output of failed program #####
##### vdhankar plays [E a1 b2] in 3.41018295288086s #####
##### Running: /usr/lib/jvm/jdk-14.0.1/bin/java -jar /lab/itti/projects/checkers-competition/server/referee.jar on run_18_vdhankar_zizhaoh #####
Move is valid
##### SUCCESS: /usr/lib/jvm/jdk-14.0.1/bin/java -jar /lab/itti/projects/checkers-competition/server/referee.jar on run_18_vdhankar_zizhaoh #####
INPUT for zizhaoh:
GAME
BLACK
285.62
...b.b.b
b...b.b.
.b.b.b.b
b.b.....
...w...w
w.w.w.w.
.w.w.w..
..w.w.w.
##### Running: /usr/bin/time -o time_18_vdhankar_zizhaoh.txt -f "%U" python3 homework.py > stulog.txt 2>&1 on zizhaoh #####
##### SUCCESS: /usr/bin/time -o time_18_vdhankar_zizhaoh.txt -f "%U" python3 homework.py > stulog.txt 2>&1 on zizhaoh #####
##### zizhaoh plays [E d8 c7 ] in 1.14s #####
##### Running: /usr/lib/jvm/jdk-14.0.1/bin/java -jar /lab/itti/projects/checkers-competition/server/referee.jar on run_18_vdhankar_zizhaoh #####
Move is valid
##### SUCCESS: /usr/lib/jvm/jdk-14.0.1/bin/java -jar /lab/itti/projects/checkers-competition/server/referee.jar on run_18_vdhankar_zizhaoh #####
INPUT for vdhankar:
GAME
WHITE
275.054433822632
.....b.b
b.b.b.b.
.b.b.b.b
b.b.....
...w...w
w.w.w.w.
.w.w.w..
..w.w.w.
##### Running: /usr/bin/time -o time_18_vdhankar_zizhaoh.txt -f "%U" python3 homework.py > stulog.txt 2>&1 on vdhankar #####
child exited with value 1
##### ERROR: /usr/bin/time -o time_18_vdhankar_zizhaoh.txt -f "%U" python3 homework.py > stulog.txt 2>&1 on vdhankar #####
##### Output of failed program (stdout + stderr): #####
Traceback (most recent call last):
  File "homework.py", line 546, in <module>
    print(end-start)
NameError: name 'end' is not defined
##### End of output of failed program #####
##### vdhankar plays [E g3 f4] in 1.24655985832214s #####
##### Running: /usr/lib/jvm/jdk-14.0.1/bin/java -jar /lab/itti/projects/checkers-competition/server/referee.jar on run_18_vdhankar_zizhaoh #####
Move is valid
##### SUCCESS: /usr/lib/jvm/jdk-14.0.1/bin/java -jar /lab/itti/projects/checkers-competition/server/referee.jar on run_18_vdhankar_zizhaoh #####
INPUT for zizhaoh:
GAME
BLACK
284.48
.....b.b
b.b.b.b.
.b.b.b.b
b.b.....
...w.w.w
w.w.w...
.w.w.w..
..w.w.w.
##### Running: /usr/bin/time -o time_18_vdhankar_zizhaoh.txt -f "%U" python3 homework.py > stulog.txt 2>&1 on zizhaoh #####
##### SUCCESS: /usr/bin/time -o time_18_vdhankar_zizhaoh.txt -f "%U" python3 homework.py > stulog.txt 2>&1 on zizhaoh #####
##### zizhaoh plays [E c5 b4 ] in 0.53s #####
##### Running: /usr/lib/jvm/jdk-14.0.1/bin/java -jar /lab/itti/projects/checkers-competition/server/referee.jar on run_18_vdhankar_zizhaoh #####
Move is valid
##### SUCCESS: /usr/lib/jvm/jdk-14.0.1/bin/java -jar /lab/itti/projects/checkers-competition/server/referee.jar on run_18_vdhankar_zizhaoh #####
INPUT for vdhankar:
GAME
WHITE
273.80787396431
.....b.b
b.b.b.b.
.b.b.b.b
b.......
.b.w.w.w
w.w.w...
.w.w.w..
..w.w.w.
##### Running: /usr/bin/time -o time_18_vdhankar_zizhaoh.txt -f "%U" python3 homework.py > stulog.txt 2>&1 on vdhankar #####
child exited with value 1
##### ERROR: /usr/bin/time -o time_18_vdhankar_zizhaoh.txt -f "%U" python3 homework.py > stulog.txt 2>&1 on vdhankar #####
##### Output of failed program (stdout + stderr): #####
Traceback (most recent call last):
  File "homework.py", line 546, in <module>
    print(end-start)
NameError: name 'end' is not defined
##### End of output of failed program #####
##### vdhankar plays [J a3 c5] in 0.3994300365448s #####
##### Running: /usr/lib/jvm/jdk-14.0.1/bin/java -jar /lab/itti/projects/checkers-competition/server/referee.jar on run_18_vdhankar_zizhaoh #####
Move is valid
##### SUCCESS: /usr/lib/jvm/jdk-14.0.1/bin/java -jar /lab/itti/projects/checkers-competition/server/referee.jar on run_18_vdhankar_zizhaoh #####
INPUT for zizhaoh:
GAME
BLACK
283.95
.....b.b
b.b.b.b.
.b.b.b.b
b.w.....
...w.w.w
..w.w...
.w.w.w..
..w.w.w.
##### Running: /usr/bin/time -o time_18_vdhankar_zizhaoh.txt -f "%U" python3 homework.py > stulog.txt 2>&1 on zizhaoh #####
##### SUCCESS: /usr/bin/time -o time_18_vdhankar_zizhaoh.txt -f "%U" python3 homework.py > stulog.txt 2>&1 on zizhaoh #####
##### zizhaoh plays [J d6 b4 ] in 0.43s #####
##### Running: /usr/lib/jvm/jdk-14.0.1/bin/java -jar /lab/itti/projects/checkers-competition/server/referee.jar on run_18_vdhankar_zizhaoh #####
Move is valid
##### SUCCESS: /usr/lib/jvm/jdk-14.0.1/bin/java -jar /lab/itti/projects/checkers-competition/server/referee.jar on run_18_vdhankar_zizhaoh #####
INPUT for vdhankar:
GAME
WHITE
273.408443927765
.....b.b
b.b.b.b.
.b...b.b
b.......
.b.w.w.w
..w.w...
.w.w.w..
..w.w.w.
##### Running: /usr/bin/time -o time_18_vdhankar_zizhaoh.txt -f "%U" python3 homework.py > stulog.txt 2>&1 on vdhankar #####
child exited with value 1
##### ERROR: /usr/bin/time -o time_18_vdhankar_zizhaoh.txt -f "%U" python3 homework.py > stulog.txt 2>&1 on vdhankar #####
##### Output of failed program (stdout + stderr): #####
Traceback (most recent call last):
  File "homework.py", line 546, in <module>
    print(end-start)
NameError: name 'end' is not defined
##### End of output of failed program #####
##### vdhankar plays [E g1 h2] in 1.46494197845459s #####
##### Running: /usr/lib/jvm/jdk-14.0.1/bin/java -jar /lab/itti/projects/checkers-competition/server/referee.jar on run_18_vdhankar_zizhaoh #####
Move is valid
##### SUCCESS: /usr/lib/jvm/jdk-14.0.1/bin/java -jar /lab/itti/projects/checkers-competition/server/referee.jar on run_18_vdhankar_zizhaoh #####
INPUT for zizhaoh:
GAME
BLACK
283.52
.....b.b
b.b.b.b.
.b...b.b
b.......
.b.w.w.w
..w.w...
.w.w.w.w
..w.w...
##### Running: /usr/bin/time -o time_18_vdhankar_zizhaoh.txt -f "%U" python3 homework.py > stulog.txt 2>&1 on zizhaoh #####
##### SUCCESS: /usr/bin/time -o time_18_vdhankar_zizhaoh.txt -f "%U" python3 homework.py > stulog.txt 2>&1 on zizhaoh #####
##### zizhaoh plays [E c7 d6 ] in 1.44s #####
##### Running: /usr/lib/jvm/jdk-14.0.1/bin/java -jar /lab/itti/projects/checkers-competition/server/referee.jar on run_18_vdhankar_zizhaoh #####
Move is valid
##### SUCCESS: /usr/lib/jvm/jdk-14.0.1/bin/java -jar /lab/itti/projects/checkers-competition/server/referee.jar on run_18_vdhankar_zizhaoh #####
INPUT for vdhankar:
GAME
WHITE
271.94350194931
.....b.b
b...b.b.
.b.b.b.b
b.......
.b.w.w.w
..w.w...
.w.w.w.w
..w.w...
##### Running: /usr/bin/time -o time_18_vdhankar_zizhaoh.txt -f "%U" python3 homework.py > stulog.txt 2>&1 on vdhankar #####
child exited with value 1
##### ERROR: /usr/bin/time -o time_18_vdhankar_zizhaoh.txt -f "%U" python3 homework.py > stulog.txt 2>&1 on vdhankar #####
##### Output of failed program (stdout + stderr): #####
Traceback (most recent call last):
  File "homework.py", line 546, in <module>
    print(end-start)
NameError: name 'end' is not defined
##### End of output of failed program #####
##### vdhankar plays [E d4 e5] in 0.643383979797363s #####
##### Running: /usr/lib/jvm/jdk-14.0.1/bin/java -jar /lab/itti/projects/checkers-competition/server/referee.jar on run_18_vdhankar_zizhaoh #####
Move is valid
##### SUCCESS: /usr/lib/jvm/jdk-14.0.1/bin/java -jar /lab/itti/projects/checkers-competition/server/referee.jar on run_18_vdhankar_zizhaoh #####
INPUT for zizhaoh:
GAME
BLACK
282.08
.....b.b
b...b.b.
.b.b.b.b
b...w...
.b...w.w
..w.w...
.w.w.w.w
..w.w...
##### Running: /usr/bin/time -o time_18_vdhankar_zizhaoh.txt -f "%U" python3 homework.py > stulog.txt 2>&1 on zizhaoh #####
##### SUCCESS: /usr/bin/time -o time_18_vdhankar_zizhaoh.txt -f "%U" python3 homework.py > stulog.txt 2>&1 on zizhaoh #####
##### zizhaoh plays [J f6 d4 ] in 0.36s #####
##### Running: /usr/lib/jvm/jdk-14.0.1/bin/java -jar /lab/itti/projects/checkers-competition/server/referee.jar on run_18_vdhankar_zizhaoh #####
Move is valid
##### SUCCESS: /usr/lib/jvm/jdk-14.0.1/bin/java -jar /lab/itti/projects/checkers-competition/server/referee.jar on run_18_vdhankar_zizhaoh #####
INPUT for vdhankar:
GAME
WHITE
271.300117969513
.....b.b
b...b.b.
.b.b...b
b.......
.b.b.w.w
..w.w...
.w.w.w.w
..w.w...
##### Running: /usr/bin/time -o time_18_vdhankar_zizhaoh.txt -f "%U" python3 homework.py > stulog.txt 2>&1 on vdhankar #####
child exited with value 1
##### ERROR: /usr/bin/time -o time_18_vdhankar_zizhaoh.txt -f "%U" python3 homework.py > stulog.txt 2>&1 on vdhankar #####
##### Output of failed program (stdout + stderr): #####
Traceback (most recent call last):
  File "homework.py", line 546, in <module>
    print(end-start)
NameError: name 'end' is not defined
##### End of output of failed program #####
##### vdhankar plays [J c3 e5 ; J e5 c7] in 1.80821084976196s #####
##### Running: /usr/lib/jvm/jdk-14.0.1/bin/java -jar /lab/itti/projects/checkers-competition/server/referee.jar on run_18_vdhankar_zizhaoh #####
Move is valid
##### SUCCESS: /usr/lib/jvm/jdk-14.0.1/bin/java -jar /lab/itti/projects/checkers-competition/server/referee.jar on run_18_vdhankar_zizhaoh #####
INPUT for zizhaoh:
GAME
BLACK
281.72
.....b.b
b.w.b.b.
.b.....b
b.......
.b...w.w
....w...
.w.w.w.w
..w.w...
##### Running: /usr/bin/time -o time_18_vdhankar_zizhaoh.txt -f "%U" python3 homework.py > stulog.txt 2>&1 on zizhaoh #####
##### SUCCESS: /usr/bin/time -o time_18_vdhankar_zizhaoh.txt -f "%U" python3 homework.py > stulog.txt 2>&1 on zizhaoh #####
##### zizhaoh plays [E e7 d6 ] in 7.04s #####
##### Running: /usr/lib/jvm/jdk-14.0.1/bin/java -jar /lab/itti/projects/checkers-competition/server/referee.jar on run_18_vdhankar_zizhaoh #####
Move is valid
##### SUCCESS: /usr/lib/jvm/jdk-14.0.1/bin/java -jar /lab/itti/projects/checkers-competition/server/referee.jar on run_18_vdhankar_zizhaoh #####
INPUT for vdhankar:
GAME
WHITE
269.491907119751
.....b.b
b.w...b.
.b.b...b
b.......
.b...w.w
....w...
.w.w.w.w
..w.w...
##### Running: /usr/bin/time -o time_18_vdhankar_zizhaoh.txt -f "%U" python3 homework.py > stulog.txt 2>&1 on vdhankar #####
child exited with value 1
##### ERROR: /usr/bin/time -o time_18_vdhankar_zizhaoh.txt -f "%U" python3 homework.py > stulog.txt 2>&1 on vdhankar #####
##### Output of failed program (stdout + stderr): #####
Traceback (most recent call last):
  File "homework.py", line 546, in <module>
    print(end-start)
NameError: name 'end' is not defined
##### End of output of failed program #####
##### vdhankar plays [E h2 g3] in 3.36351490020752s #####
##### Running: /usr/lib/jvm/jdk-14.0.1/bin/java -jar /lab/itti/projects/checkers-competition/server/referee.jar on run_18_vdhankar_zizhaoh #####
Move is valid
##### SUCCESS: /usr/lib/jvm/jdk-14.0.1/bin/java -jar /lab/itti/projects/checkers-competition/server/referee.jar on run_18_vdhankar_zizhaoh #####
INPUT for zizhaoh:
GAME
BLACK
274.68
.....b.b
b.w...b.
.b.b...b
b.......
.b...w.w
....w.w.
.w.w.w..
..w.w...
##### Running: /usr/bin/time -o time_18_vdhankar_zizhaoh.txt -f "%U" python3 homework.py > stulog.txt 2>&1 on zizhaoh #####
##### SUCCESS: /usr/bin/time -o time_18_vdhankar_zizhaoh.txt -f "%U" python3 homework.py > stulog.txt 2>&1 on zizhaoh #####
##### zizhaoh plays [E f8 e7 ] in 5.88s #####
##### Running: /usr/lib/jvm/jdk-14.0.1/bin/java -jar /lab/itti/projects/checkers-competition/server/referee.jar on run_18_vdhankar_zizhaoh #####
Move is valid
##### SUCCESS: /usr/lib/jvm/jdk-14.0.1/bin/java -jar /lab/itti/projects/checkers-competition/server/referee.jar on run_18_vdhankar_zizhaoh #####
INPUT for vdhankar:
GAME
WHITE
266.128392219543
.......b
b.w.b.b.
.b.b...b
b.......
.b...w.w
....w.w.
.w.w.w..
..w.w...
##### Running: /usr/bin/time -o time_18_vdhankar_zizhaoh.txt -f "%U" python3 homework.py > stulog.txt 2>&1 on vdhankar #####
child exited with value 1
##### ERROR: /usr/bin/time -o time_18_vdhankar_zizhaoh.txt -f "%U" python3 homework.py > stulog.txt 2>&1 on vdhankar #####
##### Output of failed program (stdout + stderr): #####
Traceback (most recent call last):
  File "homework.py", line 546, in <module>
    print(end-start)
NameError: name 'end' is not defined
##### End of output of failed program #####
##### vdhankar plays [E b2 c3] in 3.71894311904907s #####
##### Running: /usr/lib/jvm/jdk-14.0.1/bin/java -jar /lab/itti/projects/checkers-competition/server/referee.jar on run_18_vdhankar_zizhaoh #####
Move is valid
##### SUCCESS: /usr/lib/jvm/jdk-14.0.1/bin/java -jar /lab/itti/projects/checkers-competition/server/referee.jar on run_18_vdhankar_zizhaoh #####
INPUT for zizhaoh:
GAME
BLACK
268.8
.......b
b.w.b.b.
.b.b...b
b.......
.b...w.w
..w.w.w.
...w.w..
..w.w...
##### Running: /usr/bin/time -o time_18_vdhankar_zizhaoh.txt -f "%U" python3 homework.py > stulog.txt 2>&1 on zizhaoh #####
##### SUCCESS: /usr/bin/time -o time_18_vdhankar_zizhaoh.txt -f "%U" python3 homework.py > stulog.txt 2>&1 on zizhaoh #####
##### zizhaoh plays [E e7 f6 ] in 4.29s #####
##### Running: /usr/lib/jvm/jdk-14.0.1/bin/java -jar /lab/itti/projects/checkers-competition/server/referee.jar on run_18_vdhankar_zizhaoh #####
Move is valid
##### SUCCESS: /usr/lib/jvm/jdk-14.0.1/bin/java -jar /lab/itti/projects/checkers-competition/server/referee.jar on run_18_vdhankar_zizhaoh #####
INPUT for vdhankar:
GAME
WHITE
262.409449100494
.......b
b.w...b.
.b.b.b.b
b.......
.b...w.w
..w.w.w.
...w.w..
..w.w...
##### Running: /usr/bin/time -o time_18_vdhankar_zizhaoh.txt -f "%U" python3 homework.py > stulog.txt 2>&1 on vdhankar #####
child exited with value 1
##### ERROR: /usr/bin/time -o time_18_vdhankar_zizhaoh.txt -f "%U" python3 homework.py > stulog.txt 2>&1 on vdhankar #####
##### Output of failed program (stdout + stderr): #####
Traceback (most recent call last):
  File "homework.py", line 546, in <module>
    print(end-start)
NameError: name 'end' is not defined
##### End of output of failed program #####
##### vdhankar plays [E e3 d4] in 1.44695711135864s #####
##### Running: /usr/lib/jvm/jdk-14.0.1/bin/java -jar /lab/itti/projects/checkers-competition/server/referee.jar on run_18_vdhankar_zizhaoh #####
Move is valid
##### SUCCESS: /usr/lib/jvm/jdk-14.0.1/bin/java -jar /lab/itti/projects/checkers-competition/server/referee.jar on run_18_vdhankar_zizhaoh #####
INPUT for zizhaoh:
GAME
BLACK
264.51
.......b
b.w...b.
.b.b.b.b
b.......
.b.w.w.w
..w...w.
...w.w..
..w.w...
##### Running: /usr/bin/time -o time_18_vdhankar_zizhaoh.txt -f "%U" python3 homework.py > stulog.txt 2>&1 on zizhaoh #####
##### SUCCESS: /usr/bin/time -o time_18_vdhankar_zizhaoh.txt -f "%U" python3 homework.py > stulog.txt 2>&1 on zizhaoh #####
##### zizhaoh plays [E d6 c5 ] in 1.52s #####
##### Running: /usr/lib/jvm/jdk-14.0.1/bin/java -jar /lab/itti/projects/checkers-competition/server/referee.jar on run_18_vdhankar_zizhaoh #####
Move is valid
##### SUCCESS: /usr/lib/jvm/jdk-14.0.1/bin/java -jar /lab/itti/projects/checkers-competition/server/referee.jar on run_18_vdhankar_zizhaoh #####
INPUT for vdhankar:
GAME
WHITE
260.962491989136
.......b
b.w...b.
.b...b.b
b.b.....
.b.w.w.w
..w...w.
...w.w..
..w.w...
##### Running: /usr/bin/time -o time_18_vdhankar_zizhaoh.txt -f "%U" python3 homework.py > stulog.txt 2>&1 on vdhankar #####
child exited with value 1
##### ERROR: /usr/bin/time -o time_18_vdhankar_zizhaoh.txt -f "%U" python3 homework.py > stulog.txt 2>&1 on vdhankar #####
##### Output of failed program (stdout + stderr): #####
Traceback (most recent call last):
  File "homework.py", line 546, in <module>
    print(end-start)
NameError: name 'end' is not defined
##### End of output of failed program #####
##### vdhankar plays [E f2 e3] in 1.18633103370667s #####
##### Running: /usr/lib/jvm/jdk-14.0.1/bin/java -jar /lab/itti/projects/checkers-competition/server/referee.jar on run_18_vdhankar_zizhaoh #####
Move is valid
##### SUCCESS: /usr/lib/jvm/jdk-14.0.1/bin/java -jar /lab/itti/projects/checkers-competition/server/referee.jar on run_18_vdhankar_zizhaoh #####
INPUT for zizhaoh:
GAME
BLACK
262.99
.......b
b.w...b.
.b...b.b
b.b.....
.b.w.w.w
..w.w.w.
...w....
..w.w...
##### Running: /usr/bin/time -o time_18_vdhankar_zizhaoh.txt -f "%U" python3 homework.py > stulog.txt 2>&1 on zizhaoh #####
##### SUCCESS: /usr/bin/time -o time_18_vdhankar_zizhaoh.txt -f "%U" python3 homework.py > stulog.txt 2>&1 on zizhaoh #####
##### zizhaoh plays [E b4 a3 ] in 0.69s #####
##### Running: /usr/lib/jvm/jdk-14.0.1/bin/java -jar /lab/itti/projects/checkers-competition/server/referee.jar on run_18_vdhankar_zizhaoh #####
Move is valid
##### SUCCESS: /usr/lib/jvm/jdk-14.0.1/bin/java -jar /lab/itti/projects/checkers-competition/server/referee.jar on run_18_vdhankar_zizhaoh #####
INPUT for vdhankar:
GAME
WHITE
259.776160955429
.......b
b.w...b.
.b...b.b
b.b.....
...w.w.w
b.w.w.w.
...w....
..w.w...
##### Running: /usr/bin/time -o time_18_vdhankar_zizhaoh.txt -f "%U" python3 homework.py > stulog.txt 2>&1 on vdhankar #####
child exited with value 1
##### ERROR: /usr/bin/time -o time_18_vdhankar_zizhaoh.txt -f "%U" python3 homework.py > stulog.txt 2>&1 on vdhankar #####
##### Output of failed program (stdout + stderr): #####
Traceback (most recent call last):
  File "homework.py", line 546, in <module>
    print(end-start)
NameError: name 'end' is not defined
##### End of output of failed program #####
##### vdhankar plays [E c7 d8] in 1.22527694702148s #####
##### Running: /usr/lib/jvm/jdk-14.0.1/bin/java -jar /lab/itti/projects/checkers-competition/server/referee.jar on run_18_vdhankar_zizhaoh #####
Move is valid
##### SUCCESS: /usr/lib/jvm/jdk-14.0.1/bin/java -jar /lab/itti/projects/checkers-competition/server/referee.jar on run_18_vdhankar_zizhaoh #####
INPUT for zizhaoh:
GAME
BLACK
262.3
...W...b
b.....b.
.b...b.b
b.b.....
...w.w.w
b.w.w.w.
...w....
..w.w...
##### Running: /usr/bin/time -o time_18_vdhankar_zizhaoh.txt -f "%U" python3 homework.py > stulog.txt 2>&1 on zizhaoh #####
##### SUCCESS: /usr/bin/time -o time_18_vdhankar_zizhaoh.txt -f "%U" python3 homework.py > stulog.txt 2>&1 on zizhaoh #####
##### zizhaoh plays [E c5 b4 ] in 0.93s #####
##### Running: /usr/lib/jvm/jdk-14.0.1/bin/java -jar /lab/itti/projects/checkers-competition/server/referee.jar on run_18_vdhankar_zizhaoh #####
Move is valid
##### SUCCESS: /usr/lib/jvm/jdk-14.0.1/bin/java -jar /lab/itti/projects/checkers-competition/server/referee.jar on run_18_vdhankar_zizhaoh #####
INPUT for vdhankar:
GAME
WHITE
258.550884008408
...W...b
b.....b.
.b...b.b
b.......
.b.w.w.w
b.w.w.w.
...w....
..w.w...
##### Running: /usr/bin/time -o time_18_vdhankar_zizhaoh.txt -f "%U" python3 homework.py > stulog.txt 2>&1 on vdhankar #####
child exited with value 1
##### ERROR: /usr/bin/time -o time_18_vdhankar_zizhaoh.txt -f "%U" python3 homework.py > stulog.txt 2>&1 on vdhankar #####
##### Output of failed program (stdout + stderr): #####
Traceback (most recent call last):
  File "homework.py", line 546, in <module>
    print(end-start)
NameError: name 'end' is not defined
##### End of output of failed program #####
##### vdhankar plays [E d8 e7] in 0.763608932495117s #####
##### Running: /usr/lib/jvm/jdk-14.0.1/bin/java -jar /lab/itti/projects/checkers-competition/server/referee.jar on run_18_vdhankar_zizhaoh #####
Move is valid
##### SUCCESS: /usr/lib/jvm/jdk-14.0.1/bin/java -jar /lab/itti/projects/checkers-competition/server/referee.jar on run_18_vdhankar_zizhaoh #####
INPUT for zizhaoh:
GAME
BLACK
261.37
.......b
b...W.b.
.b...b.b
b.......
.b.w.w.w
b.w.w.w.
...w....
..w.w...
##### Running: /usr/bin/time -o time_18_vdhankar_zizhaoh.txt -f "%U" python3 homework.py > stulog.txt 2>&1 on zizhaoh #####
##### SUCCESS: /usr/bin/time -o time_18_vdhankar_zizhaoh.txt -f "%U" python3 homework.py > stulog.txt 2>&1 on zizhaoh #####
##### zizhaoh plays [E b6 c5 ] in 0.38s #####
##### Running: /usr/lib/jvm/jdk-14.0.1/bin/java -jar /lab/itti/projects/checkers-competition/server/referee.jar on run_18_vdhankar_zizhaoh #####
Move is valid
##### SUCCESS: /usr/lib/jvm/jdk-14.0.1/bin/java -jar /lab/itti/projects/checkers-competition/server/referee.jar on run_18_vdhankar_zizhaoh #####
INPUT for vdhankar:
GAME
WHITE
257.787275075912
.......b
b...W.b.
.....b.b
b.b.....
.b.w.w.w
b.w.w.w.
...w....
..w.w...
##### Running: /usr/bin/time -o time_18_vdhankar_zizhaoh.txt -f "%U" python3 homework.py > stulog.txt 2>&1 on vdhankar #####
child exited with value 1
##### ERROR: /usr/bin/time -o time_18_vdhankar_zizhaoh.txt -f "%U" python3 homework.py > stulog.txt 2>&1 on vdhankar #####
##### Output of failed program (stdout + stderr): #####
Traceback (most recent call last):
  File "homework.py", line 546, in <module>
    print(end-start)
NameError: name 'end' is not defined
##### End of output of failed program #####
##### vdhankar plays [J d4 b6] in 0.25935697555542s #####
##### Running: /usr/lib/jvm/jdk-14.0.1/bin/java -jar /lab/itti/projects/checkers-competition/server/referee.jar on run_18_vdhankar_zizhaoh #####
Move is valid
##### SUCCESS: /usr/lib/jvm/jdk-14.0.1/bin/java -jar /lab/itti/projects/checkers-competition/server/referee.jar on run_18_vdhankar_zizhaoh #####
INPUT for zizhaoh:
GAME
BLACK
260.99
.......b
b...W.b.
.w...b.b
b.......
.b...w.w
b.w.w.w.
...w....
..w.w...
##### Running: /usr/bin/time -o time_18_vdhankar_zizhaoh.txt -f "%U" python3 homework.py > stulog.txt 2>&1 on zizhaoh #####
##### SUCCESS: /usr/bin/time -o time_18_vdhankar_zizhaoh.txt -f "%U" python3 homework.py > stulog.txt 2>&1 on zizhaoh #####
##### zizhaoh plays [J a7 c5 ] in 0.05s #####
##### Running: /usr/lib/jvm/jdk-14.0.1/bin/java -jar /lab/itti/projects/checkers-competition/server/referee.jar on run_18_vdhankar_zizhaoh #####
Move is valid
##### SUCCESS: /usr/lib/jvm/jdk-14.0.1/bin/java -jar /lab/itti/projects/checkers-competition/server/referee.jar on run_18_vdhankar_zizhaoh #####
INPUT for vdhankar:
GAME
WHITE
257.527918100357
.......b
....W.b.
.....b.b
b.b.....
.b...w.w
b.w.w.w.
...w....
..w.w...
##### Running: /usr/bin/time -o time_18_vdhankar_zizhaoh.txt -f "%U" python3 homework.py > stulog.txt 2>&1 on vdhankar #####
child exited with value 1
##### ERROR: /usr/bin/time -o time_18_vdhankar_zizhaoh.txt -f "%U" python3 homework.py > stulog.txt 2>&1 on vdhankar #####
##### Output of failed program (stdout + stderr): #####
Traceback (most recent call last):
  File "homework.py", line 546, in <module>
    print(end-start)
NameError: name 'end' is not defined
##### End of output of failed program #####
##### vdhankar plays [J e7 g5] in 0.275480985641479s #####
##### Running: /usr/lib/jvm/jdk-14.0.1/bin/java -jar /lab/itti/projects/checkers-competition/server/referee.jar on run_18_vdhankar_zizhaoh #####
Move is valid
##### SUCCESS: /usr/lib/jvm/jdk-14.0.1/bin/java -jar /lab/itti/projects/checkers-competition/server/referee.jar on run_18_vdhankar_zizhaoh #####
INPUT for zizhaoh:
GAME
BLACK
260.94
.......b
......b.
.......b
b.b...W.
.b...w.w
b.w.w.w.
...w....
..w.w...
##### Running: /usr/bin/time -o time_18_vdhankar_zizhaoh.txt -f "%U" python3 homework.py > stulog.txt 2>&1 on zizhaoh #####
##### SUCCESS: /usr/bin/time -o time_18_vdhankar_zizhaoh.txt -f "%U" python3 homework.py > stulog.txt 2>&1 on zizhaoh #####
##### zizhaoh plays [E g7 f6 ] in 0.2s #####
##### Running: /usr/lib/jvm/jdk-14.0.1/bin/java -jar /lab/itti/projects/checkers-competition/server/referee.jar on run_18_vdhankar_zizhaoh #####
Move is valid
##### SUCCESS: /usr/lib/jvm/jdk-14.0.1/bin/java -jar /lab/itti/projects/checkers-competition/server/referee.jar on run_18_vdhankar_zizhaoh #####
INPUT for vdhankar:
GAME
WHITE
257.252437114716
.......b
........
.....b.b
b.b...W.
.b...w.w
b.w.w.w.
...w....
..w.w...
##### Running: /usr/bin/time -o time_18_vdhankar_zizhaoh.txt -f "%U" python3 homework.py > stulog.txt 2>&1 on vdhankar #####
child exited with value 1
##### ERROR: /usr/bin/time -o time_18_vdhankar_zizhaoh.txt -f "%U" python3 homework.py > stulog.txt 2>&1 on vdhankar #####
##### Output of failed program (stdout + stderr): #####
Traceback (most recent call last):
  File "homework.py", line 546, in <module>
    print(end-start)
NameError: name 'end' is not defined
##### End of output of failed program #####
##### vdhankar plays [J g5 e7] in 0.488190889358521s #####
##### Running: /usr/lib/jvm/jdk-14.0.1/bin/java -jar /lab/itti/projects/checkers-competition/server/referee.jar on run_18_vdhankar_zizhaoh #####
Move is valid
##### SUCCESS: /usr/lib/jvm/jdk-14.0.1/bin/java -jar /lab/itti/projects/checkers-competition/server/referee.jar on run_18_vdhankar_zizhaoh #####
INPUT for zizhaoh:
GAME
BLACK
260.74
.......b
....W...
.......b
b.b.....
.b...w.w
b.w.w.w.
...w....
..w.w...
##### Running: /usr/bin/time -o time_18_vdhankar_zizhaoh.txt -f "%U" python3 homework.py > stulog.txt 2>&1 on zizhaoh #####
##### SUCCESS: /usr/bin/time -o time_18_vdhankar_zizhaoh.txt -f "%U" python3 homework.py > stulog.txt 2>&1 on zizhaoh #####
##### zizhaoh plays [E h8 g7 ] in 0.68s #####
##### Running: /usr/lib/jvm/jdk-14.0.1/bin/java -jar /lab/itti/projects/checkers-competition/server/referee.jar on run_18_vdhankar_zizhaoh #####
Move is valid
##### SUCCESS: /usr/lib/jvm/jdk-14.0.1/bin/java -jar /lab/itti/projects/checkers-competition/server/referee.jar on run_18_vdhankar_zizhaoh #####
INPUT for vdhankar:
GAME
WHITE
256.764246225357
........
....W.b.
.......b
b.b.....
.b...w.w
b.w.w.w.
...w....
..w.w...
##### Running: /usr/bin/time -o time_18_vdhankar_zizhaoh.txt -f "%U" python3 homework.py > stulog.txt 2>&1 on vdhankar #####
child exited with value 1
##### ERROR: /usr/bin/time -o time_18_vdhankar_zizhaoh.txt -f "%U" python3 homework.py > stulog.txt 2>&1 on vdhankar #####
##### Output of failed program (stdout + stderr): #####
Traceback (most recent call last):
  File "homework.py", line 546, in <module>
    print(end-start)
NameError: name 'end' is not defined
##### End of output of failed program #####
##### vdhankar plays [E e1 f2] in 0.99701714515686s #####
##### Running: /usr/lib/jvm/jdk-14.0.1/bin/java -jar /lab/itti/projects/checkers-competition/server/referee.jar on run_18_vdhankar_zizhaoh #####
Move is valid
##### SUCCESS: /usr/lib/jvm/jdk-14.0.1/bin/java -jar /lab/itti/projects/checkers-competition/server/referee.jar on run_18_vdhankar_zizhaoh #####
INPUT for zizhaoh:
GAME
BLACK
260.06
........
....W.b.
.......b
b.b.....
.b...w.w
b.w.w.w.
...w.w..
..w.....
##### Running: /usr/bin/time -o time_18_vdhankar_zizhaoh.txt -f "%U" python3 homework.py > stulog.txt 2>&1 on zizhaoh #####
##### SUCCESS: /usr/bin/time -o time_18_vdhankar_zizhaoh.txt -f "%U" python3 homework.py > stulog.txt 2>&1 on zizhaoh #####
##### zizhaoh plays [E g7 f6 ] in 0.12s #####
##### Running: /usr/lib/jvm/jdk-14.0.1/bin/java -jar /lab/itti/projects/checkers-competition/server/referee.jar on run_18_vdhankar_zizhaoh #####
Move is valid
##### SUCCESS: /usr/lib/jvm/jdk-14.0.1/bin/java -jar /lab/itti/projects/checkers-competition/server/referee.jar on run_18_vdhankar_zizhaoh #####
INPUT for vdhankar:
GAME
WHITE
255.7672290802
........
....W...
.....b.b
b.b.....
.b...w.w
b.w.w.w.
...w.w..
..w.....
##### Running: /usr/bin/time -o time_18_vdhankar_zizhaoh.txt -f "%U" python3 homework.py > stulog.txt 2>&1 on vdhankar #####
child exited with value 1
##### ERROR: /usr/bin/time -o time_18_vdhankar_zizhaoh.txt -f "%U" python3 homework.py > stulog.txt 2>&1 on vdhankar #####
##### Output of failed program (stdout + stderr): #####
Traceback (most recent call last):
  File "homework.py", line 546, in <module>
    print(end-start)
NameError: name 'end' is not defined
##### End of output of failed program #####
##### vdhankar plays [J e7 g5] in 0.208621978759766s #####
##### Running: /usr/lib/jvm/jdk-14.0.1/bin/java -jar /lab/itti/projects/checkers-competition/server/referee.jar on run_18_vdhankar_zizhaoh #####
Move is valid
##### SUCCESS: /usr/lib/jvm/jdk-14.0.1/bin/java -jar /lab/itti/projects/checkers-competition/server/referee.jar on run_18_vdhankar_zizhaoh #####
INPUT for zizhaoh:
GAME
BLACK
259.94
........
........
.......b
b.b...W.
.b...w.w
b.w.w.w.
...w.w..
..w.....
##### Running: /usr/bin/time -o time_18_vdhankar_zizhaoh.txt -f "%U" python3 homework.py > stulog.txt 2>&1 on zizhaoh #####
##### SUCCESS: /usr/bin/time -o time_18_vdhankar_zizhaoh.txt -f "%U" python3 homework.py > stulog.txt 2>&1 on zizhaoh #####
##### zizhaoh plays [E c5 d4 ] in 0.04s #####
##### Running: /usr/lib/jvm/jdk-14.0.1/bin/java -jar /lab/itti/projects/checkers-competition/server/referee.jar on run_18_vdhankar_zizhaoh #####
Move is valid
##### SUCCESS: /usr/lib/jvm/jdk-14.0.1/bin/java -jar /lab/itti/projects/checkers-competition/server/referee.jar on run_18_vdhankar_zizhaoh #####
INPUT for vdhankar:
GAME
WHITE
255.55860710144
........
........
.......b
b.....W.
.b.b.w.w
b.w.w.w.
...w.w..
..w.....
##### Running: /usr/bin/time -o time_18_vdhankar_zizhaoh.txt -f "%U" python3 homework.py > stulog.txt 2>&1 on vdhankar #####
child exited with value 1
##### ERROR: /usr/bin/time -o time_18_vdhankar_zizhaoh.txt -f "%U" python3 homework.py > stulog.txt 2>&1 on vdhankar #####
##### Output of failed program (stdout + stderr): #####
Traceback (most recent call last):
  File "homework.py", line 546, in <module>
    print(end-start)
NameError: name 'end' is not defined
##### End of output of failed program #####
##### vdhankar plays [J e3 c5] in 0.225502967834473s #####
##### Running: /usr/lib/jvm/jdk-14.0.1/bin/java -jar /lab/itti/projects/checkers-competition/server/referee.jar on run_18_vdhankar_zizhaoh #####
Move is valid
##### SUCCESS: /usr/lib/jvm/jdk-14.0.1/bin/java -jar /lab/itti/projects/checkers-competition/server/referee.jar on run_18_vdhankar_zizhaoh #####
INPUT for zizhaoh:
GAME
BLACK
259.9
........
........
.......b
b.w...W.
.b...w.w
b.w...w.
...w.w..
..w.....
##### Running: /usr/bin/time -o time_18_vdhankar_zizhaoh.txt -f "%U" python3 homework.py > stulog.txt 2>&1 on zizhaoh #####
##### SUCCESS: /usr/bin/time -o time_18_vdhankar_zizhaoh.txt -f "%U" python3 homework.py > stulog.txt 2>&1 on zizhaoh #####
##### zizhaoh plays [E a3 b2 ] in 0.03s #####
##### Running: /usr/lib/jvm/jdk-14.0.1/bin/java -jar /lab/itti/projects/checkers-competition/server/referee.jar on run_18_vdhankar_zizhaoh #####
Move is valid
##### SUCCESS: /usr/lib/jvm/jdk-14.0.1/bin/java -jar /lab/itti/projects/checkers-competition/server/referee.jar on run_18_vdhankar_zizhaoh #####
INPUT for vdhankar:
GAME
WHITE
255.333104133606
........
........
.......b
b.w...W.
.b...w.w
..w...w.
.b.w.w..
..w.....
##### Running: /usr/bin/time -o time_18_vdhankar_zizhaoh.txt -f "%U" python3 homework.py > stulog.txt 2>&1 on vdhankar #####
child exited with value 1
##### ERROR: /usr/bin/time -o time_18_vdhankar_zizhaoh.txt -f "%U" python3 homework.py > stulog.txt 2>&1 on vdhankar #####
##### Output of failed program (stdout + stderr): #####
Traceback (most recent call last):
  File "homework.py", line 546, in <module>
    print(end-start)
NameError: name 'end' is not defined
##### End of output of failed program #####
##### vdhankar plays [J c1 a3] in 0.203733921051025s #####
##### Running: /usr/lib/jvm/jdk-14.0.1/bin/java -jar /lab/itti/projects/checkers-competition/server/referee.jar on run_18_vdhankar_zizhaoh #####
Move is valid
After this move, player BLACK cannot make any moves
*** Winner: WHITE ***
##### SUCCESS: /usr/lib/jvm/jdk-14.0.1/bin/java -jar /lab/itti/projects/checkers-competition/server/referee.jar on run_18_vdhankar_zizhaoh #####
##### GAME OVER: vdhankar wins the game! #####
Server said: WIN
########## ROUND 18 GAMESCORE AFTER GAME 4: vdhankar=2 and zizhaoh=2 ##########


########## TIE ON ROUND 18 - BOTH PLAYERS ADVANCE TO NEXT ROUND ##########
