#################### ROUND 18: tyang863 (B) vs vdhankar (W): game 1 ####################
##### game start! #####
INPUT for tyang863:
GAME
BLACK
300
.b.b.b.b
b.b.b.b.
.b.b.b.b
........
........
w.w.w.w.
.w.w.w.w
w.w.w.w.
##### Running: /usr/bin/time -o time_18_tyang863_vdhankar.txt -f "%U" ./homework > stulog.txt 2>&1 on tyang863 #####
##### SUCCESS: /usr/bin/time -o time_18_tyang863_vdhankar.txt -f "%U" ./homework > stulog.txt 2>&1 on tyang863 #####
##### tyang863 plays [E f6 g5] in 0.01s #####
##### Running: /usr/lib/jvm/jdk-14.0.1/bin/java -jar /lab/itti/projects/checkers-competition/server/referee.jar on run_18_tyang863_vdhankar #####
Move is valid
Couldn't read file 'current_ply.txt'
Couldn't read content from file 'current_ply.txt'
Couldn't read file 'lastmatchange_ply.txt'
Couldn't read content from file 'lastmatchange_ply.txt'
##### SUCCESS: /usr/lib/jvm/jdk-14.0.1/bin/java -jar /lab/itti/projects/checkers-competition/server/referee.jar on run_18_tyang863_vdhankar #####
INPUT for vdhankar:
GAME
WHITE
300
.b.b.b.b
b.b.b.b.
.b.b...b
......b.
........
w.w.w.w.
.w.w.w.w
w.w.w.w.
##### Running: /usr/bin/time -o time_18_tyang863_vdhankar.txt -f "%U" python3 homework.py > stulog.txt 2>&1 on vdhankar #####
child exited with value 1
##### ERROR: /usr/bin/time -o time_18_tyang863_vdhankar.txt -f "%U" python3 homework.py > stulog.txt 2>&1 on vdhankar #####
##### Output of failed program (stdout + stderr): #####
Traceback (most recent call last):
  File "homework.py", line 546, in <module>
    print(end-start)
NameError: name 'end' is not defined
##### End of output of failed program #####
##### vdhankar plays [E g3 h4] in 16.2934141159058s #####
##### Running: /usr/lib/jvm/jdk-14.0.1/bin/java -jar /lab/itti/projects/checkers-competition/server/referee.jar on run_18_tyang863_vdhankar #####
Move is valid
##### SUCCESS: /usr/lib/jvm/jdk-14.0.1/bin/java -jar /lab/itti/projects/checkers-competition/server/referee.jar on run_18_tyang863_vdhankar #####
INPUT for tyang863:
GAME
BLACK
299.99
.b.b.b.b
b.b.b.b.
.b.b...b
......b.
.......w
w.w.w...
.w.w.w.w
w.w.w.w.
##### Running: /usr/bin/time -o time_18_tyang863_vdhankar.txt -f "%U" ./homework > stulog.txt 2>&1 on tyang863 #####
##### SUCCESS: /usr/bin/time -o time_18_tyang863_vdhankar.txt -f "%U" ./homework > stulog.txt 2>&1 on tyang863 #####
##### tyang863 plays [E d6 c5] in 0.0203189849853516s #####
##### Running: /usr/lib/jvm/jdk-14.0.1/bin/java -jar /lab/itti/projects/checkers-competition/server/referee.jar on run_18_tyang863_vdhankar #####
Move is valid
##### SUCCESS: /usr/lib/jvm/jdk-14.0.1/bin/java -jar /lab/itti/projects/checkers-competition/server/referee.jar on run_18_tyang863_vdhankar #####
INPUT for vdhankar:
GAME
WHITE
283.706585884094
.b.b.b.b
b.b.b.b.
.b.....b
..b...b.
.......w
w.w.w...
.w.w.w.w
w.w.w.w.
##### Running: /usr/bin/time -o time_18_tyang863_vdhankar.txt -f "%U" python3 homework.py > stulog.txt 2>&1 on vdhankar #####
child exited with value 1
##### ERROR: /usr/bin/time -o time_18_tyang863_vdhankar.txt -f "%U" python3 homework.py > stulog.txt 2>&1 on vdhankar #####
##### Output of failed program (stdout + stderr): #####
Traceback (most recent call last):
  File "homework.py", line 546, in <module>
    print(end-start)
NameError: name 'end' is not defined
##### End of output of failed program #####
##### vdhankar plays [J h4 f6] in 1.93631100654602s #####
##### Running: /usr/lib/jvm/jdk-14.0.1/bin/java -jar /lab/itti/projects/checkers-competition/server/referee.jar on run_18_tyang863_vdhankar #####
Move is valid
##### SUCCESS: /usr/lib/jvm/jdk-14.0.1/bin/java -jar /lab/itti/projects/checkers-competition/server/referee.jar on run_18_tyang863_vdhankar #####
INPUT for tyang863:
GAME
BLACK
299.969681015015
.b.b.b.b
b.b.b.b.
.b...w.b
..b.....
........
w.w.w...
.w.w.w.w
w.w.w.w.
##### Running: /usr/bin/time -o time_18_tyang863_vdhankar.txt -f "%U" ./homework > stulog.txt 2>&1 on tyang863 #####
##### SUCCESS: /usr/bin/time -o time_18_tyang863_vdhankar.txt -f "%U" ./homework > stulog.txt 2>&1 on tyang863 #####
##### tyang863 plays [J e7 g5] in 0.0199820995330811s #####
##### Running: /usr/lib/jvm/jdk-14.0.1/bin/java -jar /lab/itti/projects/checkers-competition/server/referee.jar on run_18_tyang863_vdhankar #####
Move is valid
##### SUCCESS: /usr/lib/jvm/jdk-14.0.1/bin/java -jar /lab/itti/projects/checkers-competition/server/referee.jar on run_18_tyang863_vdhankar #####
INPUT for vdhankar:
GAME
WHITE
281.770274877548
.b.b.b.b
b.b...b.
.b.....b
..b...b.
........
w.w.w...
.w.w.w.w
w.w.w.w.
##### Running: /usr/bin/time -o time_18_tyang863_vdhankar.txt -f "%U" python3 homework.py > stulog.txt 2>&1 on vdhankar #####
child exited with value 1
##### ERROR: /usr/bin/time -o time_18_tyang863_vdhankar.txt -f "%U" python3 homework.py > stulog.txt 2>&1 on vdhankar #####
##### Output of failed program (stdout + stderr): #####
Traceback (most recent call last):
  File "homework.py", line 546, in <module>
    print(end-start)
NameError: name 'end' is not defined
##### End of output of failed program #####
##### vdhankar plays [E f2 g3] in 13.5281050205231s #####
##### Running: /usr/lib/jvm/jdk-14.0.1/bin/java -jar /lab/itti/projects/checkers-competition/server/referee.jar on run_18_tyang863_vdhankar #####
Move is valid
##### SUCCESS: /usr/lib/jvm/jdk-14.0.1/bin/java -jar /lab/itti/projects/checkers-competition/server/referee.jar on run_18_tyang863_vdhankar #####
INPUT for tyang863:
GAME
BLACK
299.949698915482
.b.b.b.b
b.b...b.
.b.....b
..b...b.
........
w.w.w.w.
.w.w...w
w.w.w.w.
##### Running: /usr/bin/time -o time_18_tyang863_vdhankar.txt -f "%U" ./homework > stulog.txt 2>&1 on tyang863 #####
##### SUCCESS: /usr/bin/time -o time_18_tyang863_vdhankar.txt -f "%U" ./homework > stulog.txt 2>&1 on tyang863 #####
##### tyang863 plays [E g5 h4] in 0.01s #####
##### Running: /usr/lib/jvm/jdk-14.0.1/bin/java -jar /lab/itti/projects/checkers-competition/server/referee.jar on run_18_tyang863_vdhankar #####
Move is valid
##### SUCCESS: /usr/lib/jvm/jdk-14.0.1/bin/java -jar /lab/itti/projects/checkers-competition/server/referee.jar on run_18_tyang863_vdhankar #####
INPUT for vdhankar:
GAME
WHITE
268.242169857025
.b.b.b.b
b.b...b.
.b.....b
..b.....
.......b
w.w.w.w.
.w.w...w
w.w.w.w.
##### Running: /usr/bin/time -o time_18_tyang863_vdhankar.txt -f "%U" python3 homework.py > stulog.txt 2>&1 on vdhankar #####
child exited with value 1
##### ERROR: /usr/bin/time -o time_18_tyang863_vdhankar.txt -f "%U" python3 homework.py > stulog.txt 2>&1 on vdhankar #####
##### Output of failed program (stdout + stderr): #####
Traceback (most recent call last):
  File "homework.py", line 546, in <module>
    print(end-start)
NameError: name 'end' is not defined
##### End of output of failed program #####
##### vdhankar plays [E g1 f2] in 6.41630506515503s #####
##### Running: /usr/lib/jvm/jdk-14.0.1/bin/java -jar /lab/itti/projects/checkers-competition/server/referee.jar on run_18_tyang863_vdhankar #####
Move is valid
##### SUCCESS: /usr/lib/jvm/jdk-14.0.1/bin/java -jar /lab/itti/projects/checkers-competition/server/referee.jar on run_18_tyang863_vdhankar #####
INPUT for tyang863:
GAME
BLACK
299.939698915482
.b.b.b.b
b.b...b.
.b.....b
..b.....
.......b
w.w.w.w.
.w.w.w.w
w.w.w...
##### Running: /usr/bin/time -o time_18_tyang863_vdhankar.txt -f "%U" ./homework > stulog.txt 2>&1 on tyang863 #####
##### SUCCESS: /usr/bin/time -o time_18_tyang863_vdhankar.txt -f "%U" ./homework > stulog.txt 2>&1 on tyang863 #####
##### tyang863 plays [E h6 g5] in 0.01s #####
##### Running: /usr/lib/jvm/jdk-14.0.1/bin/java -jar /lab/itti/projects/checkers-competition/server/referee.jar on run_18_tyang863_vdhankar #####
Move is valid
##### SUCCESS: /usr/lib/jvm/jdk-14.0.1/bin/java -jar /lab/itti/projects/checkers-competition/server/referee.jar on run_18_tyang863_vdhankar #####
INPUT for vdhankar:
GAME
WHITE
261.82586479187
.b.b.b.b
b.b...b.
.b......
..b...b.
.......b
w.w.w.w.
.w.w.w.w
w.w.w...
##### Running: /usr/bin/time -o time_18_tyang863_vdhankar.txt -f "%U" python3 homework.py > stulog.txt 2>&1 on vdhankar #####
child exited with value 1
##### ERROR: /usr/bin/time -o time_18_tyang863_vdhankar.txt -f "%U" python3 homework.py > stulog.txt 2>&1 on vdhankar #####
##### Output of failed program (stdout + stderr): #####
Traceback (most recent call last):
  File "homework.py", line 546, in <module>
    print(end-start)
NameError: name 'end' is not defined
##### End of output of failed program #####
##### vdhankar plays [E g3 f4] in 10.0020489692688s #####
##### Running: /usr/lib/jvm/jdk-14.0.1/bin/java -jar /lab/itti/projects/checkers-competition/server/referee.jar on run_18_tyang863_vdhankar #####
Move is valid
##### SUCCESS: /usr/lib/jvm/jdk-14.0.1/bin/java -jar /lab/itti/projects/checkers-competition/server/referee.jar on run_18_tyang863_vdhankar #####
INPUT for tyang863:
GAME
BLACK
299.929698915482
.b.b.b.b
b.b...b.
.b......
..b...b.
.....w.b
w.w.w...
.w.w.w.w
w.w.w...
##### Running: /usr/bin/time -o time_18_tyang863_vdhankar.txt -f "%U" ./homework > stulog.txt 2>&1 on tyang863 #####
##### SUCCESS: /usr/bin/time -o time_18_tyang863_vdhankar.txt -f "%U" ./homework > stulog.txt 2>&1 on tyang863 #####
##### tyang863 plays [E g7 h6] in 0.0359199047088623s #####
##### Running: /usr/lib/jvm/jdk-14.0.1/bin/java -jar /lab/itti/projects/checkers-competition/server/referee.jar on run_18_tyang863_vdhankar #####
Move is valid
##### SUCCESS: /usr/lib/jvm/jdk-14.0.1/bin/java -jar /lab/itti/projects/checkers-competition/server/referee.jar on run_18_tyang863_vdhankar #####
INPUT for vdhankar:
GAME
WHITE
251.823815822601
.b.b.b.b
b.b.....
.b.....b
..b...b.
.....w.b
w.w.w...
.w.w.w.w
w.w.w...
##### Running: /usr/bin/time -o time_18_tyang863_vdhankar.txt -f "%U" python3 homework.py > stulog.txt 2>&1 on vdhankar #####
child exited with value 1
##### ERROR: /usr/bin/time -o time_18_tyang863_vdhankar.txt -f "%U" python3 homework.py > stulog.txt 2>&1 on vdhankar #####
##### Output of failed program (stdout + stderr): #####
Traceback (most recent call last):
  File "homework.py", line 546, in <module>
    print(end-start)
NameError: name 'end' is not defined
##### End of output of failed program #####
##### vdhankar plays [E h2 g3] in 8.27938222885132s #####
##### Running: /usr/lib/jvm/jdk-14.0.1/bin/java -jar /lab/itti/projects/checkers-competition/server/referee.jar on run_18_tyang863_vdhankar #####
Move is valid
##### SUCCESS: /usr/lib/jvm/jdk-14.0.1/bin/java -jar /lab/itti/projects/checkers-competition/server/referee.jar on run_18_tyang863_vdhankar #####
INPUT for tyang863:
GAME
BLACK
299.893779010773
.b.b.b.b
b.b.....
.b.....b
..b...b.
.....w.b
w.w.w.w.
.w.w.w..
w.w.w...
##### Running: /usr/bin/time -o time_18_tyang863_vdhankar.txt -f "%U" ./homework > stulog.txt 2>&1 on tyang863 #####
##### SUCCESS: /usr/bin/time -o time_18_tyang863_vdhankar.txt -f "%U" ./homework > stulog.txt 2>&1 on tyang863 #####
##### tyang863 plays [E c7 d6] in 0.0353639125823975s #####
##### Running: /usr/lib/jvm/jdk-14.0.1/bin/java -jar /lab/itti/projects/checkers-competition/server/referee.jar on run_18_tyang863_vdhankar #####
Move is valid
##### SUCCESS: /usr/lib/jvm/jdk-14.0.1/bin/java -jar /lab/itti/projects/checkers-competition/server/referee.jar on run_18_tyang863_vdhankar #####
INPUT for vdhankar:
GAME
WHITE
243.54443359375
.b.b.b.b
b.......
.b.b...b
..b...b.
.....w.b
w.w.w.w.
.w.w.w..
w.w.w...
##### Running: /usr/bin/time -o time_18_tyang863_vdhankar.txt -f "%U" python3 homework.py > stulog.txt 2>&1 on vdhankar #####
child exited with value 1
##### ERROR: /usr/bin/time -o time_18_tyang863_vdhankar.txt -f "%U" python3 homework.py > stulog.txt 2>&1 on vdhankar #####
##### Output of failed program (stdout + stderr): #####
Traceback (most recent call last):
  File "homework.py", line 546, in <module>
    print(end-start)
NameError: name 'end' is not defined
##### End of output of failed program #####
##### vdhankar plays [E c3 d4] in 8.22728705406189s #####
##### Running: /usr/lib/jvm/jdk-14.0.1/bin/java -jar /lab/itti/projects/checkers-competition/server/referee.jar on run_18_tyang863_vdhankar #####
Move is valid
##### SUCCESS: /usr/lib/jvm/jdk-14.0.1/bin/java -jar /lab/itti/projects/checkers-competition/server/referee.jar on run_18_tyang863_vdhankar #####
INPUT for tyang863:
GAME
BLACK
299.85841509819
.b.b.b.b
b.......
.b.b...b
..b...b.
...w.w.b
w...w.w.
.w.w.w..
w.w.w...
##### Running: /usr/bin/time -o time_18_tyang863_vdhankar.txt -f "%U" ./homework > stulog.txt 2>&1 on tyang863 #####
##### SUCCESS: /usr/bin/time -o time_18_tyang863_vdhankar.txt -f "%U" ./homework > stulog.txt 2>&1 on tyang863 #####
##### tyang863 plays [E b6 a5] in 0.01s #####
##### Running: /usr/lib/jvm/jdk-14.0.1/bin/java -jar /lab/itti/projects/checkers-competition/server/referee.jar on run_18_tyang863_vdhankar #####
Move is valid
##### SUCCESS: /usr/lib/jvm/jdk-14.0.1/bin/java -jar /lab/itti/projects/checkers-competition/server/referee.jar on run_18_tyang863_vdhankar #####
INPUT for vdhankar:
GAME
WHITE
235.317146539688
.b.b.b.b
b.......
...b...b
b.b...b.
...w.w.b
w...w.w.
.w.w.w..
w.w.w...
##### Running: /usr/bin/time -o time_18_tyang863_vdhankar.txt -f "%U" python3 homework.py > stulog.txt 2>&1 on vdhankar #####
child exited with value 1
##### ERROR: /usr/bin/time -o time_18_tyang863_vdhankar.txt -f "%U" python3 homework.py > stulog.txt 2>&1 on vdhankar #####
##### Output of failed program (stdout + stderr): #####
Traceback (most recent call last):
  File "homework.py", line 546, in <module>
    print(end-start)
NameError: name 'end' is not defined
##### End of output of failed program #####
##### vdhankar plays [J d4 b6] in 1.57797598838806s #####
##### Running: /usr/lib/jvm/jdk-14.0.1/bin/java -jar /lab/itti/projects/checkers-competition/server/referee.jar on run_18_tyang863_vdhankar #####
Move is valid
##### SUCCESS: /usr/lib/jvm/jdk-14.0.1/bin/java -jar /lab/itti/projects/checkers-competition/server/referee.jar on run_18_tyang863_vdhankar #####
INPUT for tyang863:
GAME
BLACK
299.84841509819
.b.b.b.b
b.......
.w.b...b
b.....b.
.....w.b
w...w.w.
.w.w.w..
w.w.w...
##### Running: /usr/bin/time -o time_18_tyang863_vdhankar.txt -f "%U" ./homework > stulog.txt 2>&1 on tyang863 #####
##### SUCCESS: /usr/bin/time -o time_18_tyang863_vdhankar.txt -f "%U" ./homework > stulog.txt 2>&1 on tyang863 #####
##### tyang863 plays [J a7 c5] in 0.0285308361053467s #####
##### Running: /usr/lib/jvm/jdk-14.0.1/bin/java -jar /lab/itti/projects/checkers-competition/server/referee.jar on run_18_tyang863_vdhankar #####
Move is valid
##### SUCCESS: /usr/lib/jvm/jdk-14.0.1/bin/java -jar /lab/itti/projects/checkers-competition/server/referee.jar on run_18_tyang863_vdhankar #####
INPUT for vdhankar:
GAME
WHITE
233.7391705513
.b.b.b.b
........
...b...b
b.b...b.
.....w.b
w...w.w.
.w.w.w..
w.w.w...
##### Running: /usr/bin/time -o time_18_tyang863_vdhankar.txt -f "%U" python3 homework.py > stulog.txt 2>&1 on vdhankar #####
child exited with value 1
##### ERROR: /usr/bin/time -o time_18_tyang863_vdhankar.txt -f "%U" python3 homework.py > stulog.txt 2>&1 on vdhankar #####
##### Output of failed program (stdout + stderr): #####
Traceback (most recent call last):
  File "homework.py", line 546, in <module>
    print(end-start)
NameError: name 'end' is not defined
##### End of output of failed program #####
##### vdhankar plays [E d2 c3] in 6.29556202888489s #####
##### Running: /usr/lib/jvm/jdk-14.0.1/bin/java -jar /lab/itti/projects/checkers-competition/server/referee.jar on run_18_tyang863_vdhankar #####
Move is valid
##### SUCCESS: /usr/lib/jvm/jdk-14.0.1/bin/java -jar /lab/itti/projects/checkers-competition/server/referee.jar on run_18_tyang863_vdhankar #####
INPUT for tyang863:
GAME
BLACK
299.819884262085
.b.b.b.b
........
...b...b
b.b...b.
.....w.b
w.w.w.w.
.w...w..
w.w.w...
##### Running: /usr/bin/time -o time_18_tyang863_vdhankar.txt -f "%U" ./homework > stulog.txt 2>&1 on tyang863 #####
##### SUCCESS: /usr/bin/time -o time_18_tyang863_vdhankar.txt -f "%U" ./homework > stulog.txt 2>&1 on tyang863 #####
##### tyang863 plays [E a5 b4] in 0.01s #####
##### Running: /usr/lib/jvm/jdk-14.0.1/bin/java -jar /lab/itti/projects/checkers-competition/server/referee.jar on run_18_tyang863_vdhankar #####
Move is valid
##### SUCCESS: /usr/lib/jvm/jdk-14.0.1/bin/java -jar /lab/itti/projects/checkers-competition/server/referee.jar on run_18_tyang863_vdhankar #####
INPUT for vdhankar:
GAME
WHITE
227.443608522415
.b.b.b.b
........
...b...b
..b...b.
.b...w.b
w.w.w.w.
.w...w..
w.w.w...
##### Running: /usr/bin/time -o time_18_tyang863_vdhankar.txt -f "%U" python3 homework.py > stulog.txt 2>&1 on vdhankar #####
child exited with value 1
##### ERROR: /usr/bin/time -o time_18_tyang863_vdhankar.txt -f "%U" python3 homework.py > stulog.txt 2>&1 on vdhankar #####
##### Output of failed program (stdout + stderr): #####
Traceback (most recent call last):
  File "homework.py", line 546, in <module>
    print(end-start)
NameError: name 'end' is not defined
##### End of output of failed program #####
##### vdhankar plays [J c3 a5] in 5.69111895561218s #####
##### Running: /usr/lib/jvm/jdk-14.0.1/bin/java -jar /lab/itti/projects/checkers-competition/server/referee.jar on run_18_tyang863_vdhankar #####
Move is valid
##### SUCCESS: /usr/lib/jvm/jdk-14.0.1/bin/java -jar /lab/itti/projects/checkers-competition/server/referee.jar on run_18_tyang863_vdhankar #####
INPUT for tyang863:
GAME
BLACK
299.809884262085
.b.b.b.b
........
...b...b
w.b...b.
.....w.b
w...w.w.
.w...w..
w.w.w...
##### Running: /usr/bin/time -o time_18_tyang863_vdhankar.txt -f "%U" ./homework > stulog.txt 2>&1 on tyang863 #####
##### SUCCESS: /usr/bin/time -o time_18_tyang863_vdhankar.txt -f "%U" ./homework > stulog.txt 2>&1 on tyang863 #####
##### tyang863 plays [E c5 d4] in 0.09s #####
##### Running: /usr/lib/jvm/jdk-14.0.1/bin/java -jar /lab/itti/projects/checkers-competition/server/referee.jar on run_18_tyang863_vdhankar #####
Move is valid
##### SUCCESS: /usr/lib/jvm/jdk-14.0.1/bin/java -jar /lab/itti/projects/checkers-competition/server/referee.jar on run_18_tyang863_vdhankar #####
INPUT for vdhankar:
GAME
WHITE
221.752489566803
.b.b.b.b
........
...b...b
w.....b.
...b.w.b
w...w.w.
.w...w..
w.w.w...
##### Running: /usr/bin/time -o time_18_tyang863_vdhankar.txt -f "%U" python3 homework.py > stulog.txt 2>&1 on vdhankar #####
child exited with value 1
##### ERROR: /usr/bin/time -o time_18_tyang863_vdhankar.txt -f "%U" python3 homework.py > stulog.txt 2>&1 on vdhankar #####
##### Output of failed program (stdout + stderr): #####
Traceback (most recent call last):
  File "homework.py", line 546, in <module>
    print(end-start)
NameError: name 'end' is not defined
##### End of output of failed program #####
##### vdhankar plays [J e3 c5 ; J c5 e7] in 1.84161686897278s #####
##### Running: /usr/lib/jvm/jdk-14.0.1/bin/java -jar /lab/itti/projects/checkers-competition/server/referee.jar on run_18_tyang863_vdhankar #####
Move is valid
##### SUCCESS: /usr/lib/jvm/jdk-14.0.1/bin/java -jar /lab/itti/projects/checkers-competition/server/referee.jar on run_18_tyang863_vdhankar #####
INPUT for tyang863:
GAME
BLACK
299.719884262085
.b.b.b.b
....w...
.......b
w.....b.
.....w.b
w.....w.
.w...w..
w.w.w...
##### Running: /usr/bin/time -o time_18_tyang863_vdhankar.txt -f "%U" ./homework > stulog.txt 2>&1 on tyang863 #####
##### SUCCESS: /usr/bin/time -o time_18_tyang863_vdhankar.txt -f "%U" ./homework > stulog.txt 2>&1 on tyang863 #####
##### tyang863 plays [J g5 e3 ; J e3 g1] in 0.01s #####
##### Running: /usr/lib/jvm/jdk-14.0.1/bin/java -jar /lab/itti/projects/checkers-competition/server/referee.jar on run_18_tyang863_vdhankar #####
Move is valid
##### SUCCESS: /usr/lib/jvm/jdk-14.0.1/bin/java -jar /lab/itti/projects/checkers-competition/server/referee.jar on run_18_tyang863_vdhankar #####
INPUT for vdhankar:
GAME
WHITE
219.91087269783
.b.b.b.b
....w...
.......b
w.......
.......b
w.....w.
.w......
w.w.w.B.
##### Running: /usr/bin/time -o time_18_tyang863_vdhankar.txt -f "%U" python3 homework.py > stulog.txt 2>&1 on vdhankar #####
child exited with value 1
##### ERROR: /usr/bin/time -o time_18_tyang863_vdhankar.txt -f "%U" python3 homework.py > stulog.txt 2>&1 on vdhankar #####
##### Output of failed program (stdout + stderr): #####
Traceback (most recent call last):
  File "homework.py", line 546, in <module>
    print(end-start)
NameError: name 'end' is not defined
##### End of output of failed program #####
##### vdhankar plays [E b2 c3] in 11.6353878974915s #####
##### Running: /usr/lib/jvm/jdk-14.0.1/bin/java -jar /lab/itti/projects/checkers-competition/server/referee.jar on run_18_tyang863_vdhankar #####
Move is valid
##### SUCCESS: /usr/lib/jvm/jdk-14.0.1/bin/java -jar /lab/itti/projects/checkers-competition/server/referee.jar on run_18_tyang863_vdhankar #####
INPUT for tyang863:
GAME
BLACK
299.709884262085
.b.b.b.b
....w...
.......b
w.......
.......b
w.w...w.
........
w.w.w.B.
##### Running: /usr/bin/time -o time_18_tyang863_vdhankar.txt -f "%U" ./homework > stulog.txt 2>&1 on tyang863 #####
##### SUCCESS: /usr/bin/time -o time_18_tyang863_vdhankar.txt -f "%U" ./homework > stulog.txt 2>&1 on tyang863 #####
##### tyang863 plays [J h4 f2] in 0.02s #####
##### Running: /usr/lib/jvm/jdk-14.0.1/bin/java -jar /lab/itti/projects/checkers-competition/server/referee.jar on run_18_tyang863_vdhankar #####
Move is valid
##### SUCCESS: /usr/lib/jvm/jdk-14.0.1/bin/java -jar /lab/itti/projects/checkers-competition/server/referee.jar on run_18_tyang863_vdhankar #####
INPUT for vdhankar:
GAME
WHITE
208.275484800339
.b.b.b.b
....w...
.......b
w.......
........
w.w.....
.....b..
w.w.w.B.
##### Running: /usr/bin/time -o time_18_tyang863_vdhankar.txt -f "%U" python3 homework.py > stulog.txt 2>&1 on vdhankar #####
child exited with value 1
##### ERROR: /usr/bin/time -o time_18_tyang863_vdhankar.txt -f "%U" python3 homework.py > stulog.txt 2>&1 on vdhankar #####
##### Output of failed program (stdout + stderr): #####
Traceback (most recent call last):
  File "homework.py", line 546, in <module>
    print(end-start)
NameError: name 'end' is not defined
##### End of output of failed program #####
##### vdhankar plays [J e1 g3] in 12.0875689983368s #####
##### Running: /usr/lib/jvm/jdk-14.0.1/bin/java -jar /lab/itti/projects/checkers-competition/server/referee.jar on run_18_tyang863_vdhankar #####
Move is valid
##### SUCCESS: /usr/lib/jvm/jdk-14.0.1/bin/java -jar /lab/itti/projects/checkers-competition/server/referee.jar on run_18_tyang863_vdhankar #####
INPUT for tyang863:
GAME
BLACK
299.689884262085
.b.b.b.b
....w...
.......b
w.......
........
w.w...w.
........
w.w...B.
##### Running: /usr/bin/time -o time_18_tyang863_vdhankar.txt -f "%U" ./homework > stulog.txt 2>&1 on tyang863 #####
##### SUCCESS: /usr/bin/time -o time_18_tyang863_vdhankar.txt -f "%U" ./homework > stulog.txt 2>&1 on tyang863 #####
##### tyang863 plays [J f8 d6] in 0.05s #####
##### Running: /usr/lib/jvm/jdk-14.0.1/bin/java -jar /lab/itti/projects/checkers-competition/server/referee.jar on run_18_tyang863_vdhankar #####
Move is valid
##### SUCCESS: /usr/lib/jvm/jdk-14.0.1/bin/java -jar /lab/itti/projects/checkers-competition/server/referee.jar on run_18_tyang863_vdhankar #####
INPUT for vdhankar:
GAME
WHITE
196.187915802002
.b.b...b
........
...b...b
w.......
........
w.w...w.
........
w.w...B.
##### Running: /usr/bin/time -o time_18_tyang863_vdhankar.txt -f "%U" python3 homework.py > stulog.txt 2>&1 on vdhankar #####
child exited with value 1
##### ERROR: /usr/bin/time -o time_18_tyang863_vdhankar.txt -f "%U" python3 homework.py > stulog.txt 2>&1 on vdhankar #####
##### Output of failed program (stdout + stderr): #####
Traceback (most recent call last):
  File "homework.py", line 546, in <module>
    print(end-start)
NameError: name 'end' is not defined
##### End of output of failed program #####
##### vdhankar plays [E g3 h4] in 76.6466860771179s #####
##### Running: /usr/lib/jvm/jdk-14.0.1/bin/java -jar /lab/itti/projects/checkers-competition/server/referee.jar on run_18_tyang863_vdhankar #####
Move is valid
##### SUCCESS: /usr/lib/jvm/jdk-14.0.1/bin/java -jar /lab/itti/projects/checkers-competition/server/referee.jar on run_18_tyang863_vdhankar #####
INPUT for tyang863:
GAME
BLACK
299.639884262085
.b.b...b
........
...b...b
w.......
.......w
w.w.....
........
w.w...B.
##### Running: /usr/bin/time -o time_18_tyang863_vdhankar.txt -f "%U" ./homework > stulog.txt 2>&1 on tyang863 #####
##### SUCCESS: /usr/bin/time -o time_18_tyang863_vdhankar.txt -f "%U" ./homework > stulog.txt 2>&1 on tyang863 #####
##### tyang863 plays [E g1 f2] in 0.15s #####
##### Running: /usr/lib/jvm/jdk-14.0.1/bin/java -jar /lab/itti/projects/checkers-competition/server/referee.jar on run_18_tyang863_vdhankar #####
Move is valid
##### SUCCESS: /usr/lib/jvm/jdk-14.0.1/bin/java -jar /lab/itti/projects/checkers-competition/server/referee.jar on run_18_tyang863_vdhankar #####
INPUT for vdhankar:
GAME
WHITE
119.541229724884
.b.b...b
........
...b...b
w.......
.......w
w.w.....
.....B..
w.w.....
##### Running: /usr/bin/time -o time_18_tyang863_vdhankar.txt -f "%U" python3 homework.py > stulog.txt 2>&1 on vdhankar #####
child exited with value 1
##### ERROR: /usr/bin/time -o time_18_tyang863_vdhankar.txt -f "%U" python3 homework.py > stulog.txt 2>&1 on vdhankar #####
##### Output of failed program (stdout + stderr): #####
Traceback (most recent call last):
  File "homework.py", line 546, in <module>
    print(end-start)
NameError: name 'end' is not defined
##### End of output of failed program #####
##### vdhankar plays [E c1 d2] in 24.1874930858612s #####
##### Running: /usr/lib/jvm/jdk-14.0.1/bin/java -jar /lab/itti/projects/checkers-competition/server/referee.jar on run_18_tyang863_vdhankar #####
Move is valid
##### SUCCESS: /usr/lib/jvm/jdk-14.0.1/bin/java -jar /lab/itti/projects/checkers-competition/server/referee.jar on run_18_tyang863_vdhankar #####
INPUT for tyang863:
GAME
BLACK
299.489884262085
.b.b...b
........
...b...b
w.......
.......w
w.w.....
...w.B..
w.......
##### Running: /usr/bin/time -o time_18_tyang863_vdhankar.txt -f "%U" ./homework > stulog.txt 2>&1 on tyang863 #####
##### SUCCESS: /usr/bin/time -o time_18_tyang863_vdhankar.txt -f "%U" ./homework > stulog.txt 2>&1 on tyang863 #####
##### tyang863 plays [E f2 e1] in 0.09s #####
##### Running: /usr/lib/jvm/jdk-14.0.1/bin/java -jar /lab/itti/projects/checkers-competition/server/referee.jar on run_18_tyang863_vdhankar #####
Move is valid
##### SUCCESS: /usr/lib/jvm/jdk-14.0.1/bin/java -jar /lab/itti/projects/checkers-competition/server/referee.jar on run_18_tyang863_vdhankar #####
INPUT for vdhankar:
GAME
WHITE
95.3537366390228
.b.b...b
........
...b...b
w.......
.......w
w.w.....
...w....
w...B...
##### Running: /usr/bin/time -o time_18_tyang863_vdhankar.txt -f "%U" python3 homework.py > stulog.txt 2>&1 on vdhankar #####
child exited with value 1
##### ERROR: /usr/bin/time -o time_18_tyang863_vdhankar.txt -f "%U" python3 homework.py > stulog.txt 2>&1 on vdhankar #####
##### Output of failed program (stdout + stderr): #####
Traceback (most recent call last):
  File "homework.py", line 546, in <module>
    print(end-start)
NameError: name 'end' is not defined
##### End of output of failed program #####
##### vdhankar plays [E d2 e3] in 14.748948097229s #####
##### Running: /usr/lib/jvm/jdk-14.0.1/bin/java -jar /lab/itti/projects/checkers-competition/server/referee.jar on run_18_tyang863_vdhankar #####
Move is valid
##### SUCCESS: /usr/lib/jvm/jdk-14.0.1/bin/java -jar /lab/itti/projects/checkers-competition/server/referee.jar on run_18_tyang863_vdhankar #####
INPUT for tyang863:
GAME
BLACK
299.399884262085
.b.b...b
........
...b...b
w.......
.......w
w.w.w...
........
w...B...
##### Running: /usr/bin/time -o time_18_tyang863_vdhankar.txt -f "%U" ./homework > stulog.txt 2>&1 on tyang863 #####
##### SUCCESS: /usr/bin/time -o time_18_tyang863_vdhankar.txt -f "%U" ./homework > stulog.txt 2>&1 on tyang863 #####
##### tyang863 plays [E e1 f2] in 0.06s #####
##### Running: /usr/lib/jvm/jdk-14.0.1/bin/java -jar /lab/itti/projects/checkers-competition/server/referee.jar on run_18_tyang863_vdhankar #####
Move is valid
##### SUCCESS: /usr/lib/jvm/jdk-14.0.1/bin/java -jar /lab/itti/projects/checkers-competition/server/referee.jar on run_18_tyang863_vdhankar #####
INPUT for vdhankar:
GAME
WHITE
80.6047885417938
.b.b...b
........
...b...b
w.......
.......w
w.w.w...
.....B..
w.......
##### Running: /usr/bin/time -o time_18_tyang863_vdhankar.txt -f "%U" python3 homework.py > stulog.txt 2>&1 on vdhankar #####
child exited with value 1
##### ERROR: /usr/bin/time -o time_18_tyang863_vdhankar.txt -f "%U" python3 homework.py > stulog.txt 2>&1 on vdhankar #####
##### Output of failed program (stdout + stderr): #####
Traceback (most recent call last):
  File "homework.py", line 546, in <module>
    print(end-start)
NameError: name 'end' is not defined
##### End of output of failed program #####
##### vdhankar plays [E a1 b2] in 10.3828530311584s #####
##### Running: /usr/lib/jvm/jdk-14.0.1/bin/java -jar /lab/itti/projects/checkers-competition/server/referee.jar on run_18_tyang863_vdhankar #####
Move is valid
##### SUCCESS: /usr/lib/jvm/jdk-14.0.1/bin/java -jar /lab/itti/projects/checkers-competition/server/referee.jar on run_18_tyang863_vdhankar #####
INPUT for tyang863:
GAME
BLACK
299.339884262085
.b.b...b
........
...b...b
w.......
.......w
w.w.w...
.w...B..
........
##### Running: /usr/bin/time -o time_18_tyang863_vdhankar.txt -f "%U" ./homework > stulog.txt 2>&1 on tyang863 #####
##### SUCCESS: /usr/bin/time -o time_18_tyang863_vdhankar.txt -f "%U" ./homework > stulog.txt 2>&1 on tyang863 #####
##### tyang863 plays [J f2 d4] in 0.00727605819702148s #####
##### Running: /usr/lib/jvm/jdk-14.0.1/bin/java -jar /lab/itti/projects/checkers-competition/server/referee.jar on run_18_tyang863_vdhankar #####
Move is valid
##### SUCCESS: /usr/lib/jvm/jdk-14.0.1/bin/java -jar /lab/itti/projects/checkers-competition/server/referee.jar on run_18_tyang863_vdhankar #####
INPUT for vdhankar:
GAME
WHITE
70.2219355106354
.b.b...b
........
...b...b
w.......
...B...w
w.w.....
.w......
........
##### Running: /usr/bin/time -o time_18_tyang863_vdhankar.txt -f "%U" python3 homework.py > stulog.txt 2>&1 on vdhankar #####
child exited with value 1
##### ERROR: /usr/bin/time -o time_18_tyang863_vdhankar.txt -f "%U" python3 homework.py > stulog.txt 2>&1 on vdhankar #####
##### Output of failed program (stdout + stderr): #####
Traceback (most recent call last):
  File "homework.py", line 546, in <module>
    print(end-start)
NameError: name 'end' is not defined
##### End of output of failed program #####
##### vdhankar plays [J c3 e5 ; J e5 c7] in 0.506521940231323s #####
##### Running: /usr/lib/jvm/jdk-14.0.1/bin/java -jar /lab/itti/projects/checkers-competition/server/referee.jar on run_18_tyang863_vdhankar #####
Move is valid
##### SUCCESS: /usr/lib/jvm/jdk-14.0.1/bin/java -jar /lab/itti/projects/checkers-competition/server/referee.jar on run_18_tyang863_vdhankar #####
INPUT for tyang863:
GAME
BLACK
299.332608203888
.b.b...b
..w.....
.......b
w.......
.......w
w.......
.w......
........
##### Running: /usr/bin/time -o time_18_tyang863_vdhankar.txt -f "%U" ./homework > stulog.txt 2>&1 on tyang863 #####
##### SUCCESS: /usr/bin/time -o time_18_tyang863_vdhankar.txt -f "%U" ./homework > stulog.txt 2>&1 on tyang863 #####
##### tyang863 plays [J d8 b6] in 0.00777006149291992s #####
##### Running: /usr/lib/jvm/jdk-14.0.1/bin/java -jar /lab/itti/projects/checkers-competition/server/referee.jar on run_18_tyang863_vdhankar #####
Move is valid
##### SUCCESS: /usr/lib/jvm/jdk-14.0.1/bin/java -jar /lab/itti/projects/checkers-competition/server/referee.jar on run_18_tyang863_vdhankar #####
INPUT for vdhankar:
GAME
WHITE
69.7154135704041
.b.....b
........
.b.....b
w.......
.......w
w.......
.w......
........
##### Running: /usr/bin/time -o time_18_tyang863_vdhankar.txt -f "%U" python3 homework.py > stulog.txt 2>&1 on vdhankar #####
child exited with value 1
##### ERROR: /usr/bin/time -o time_18_tyang863_vdhankar.txt -f "%U" python3 homework.py > stulog.txt 2>&1 on vdhankar #####
##### Output of failed program (stdout + stderr): #####
Traceback (most recent call last):
  File "homework.py", line 546, in <module>
    print(end-start)
NameError: name 'end' is not defined
##### End of output of failed program #####
##### vdhankar plays [J a5 c7] in 0.441626071929932s #####
##### Running: /usr/lib/jvm/jdk-14.0.1/bin/java -jar /lab/itti/projects/checkers-competition/server/referee.jar on run_18_tyang863_vdhankar #####
Move is valid
##### SUCCESS: /usr/lib/jvm/jdk-14.0.1/bin/java -jar /lab/itti/projects/checkers-competition/server/referee.jar on run_18_tyang863_vdhankar #####
INPUT for tyang863:
GAME
BLACK
299.324838142395
.b.....b
..w.....
.......b
........
.......w
w.......
.w......
........
##### Running: /usr/bin/time -o time_18_tyang863_vdhankar.txt -f "%U" ./homework > stulog.txt 2>&1 on tyang863 #####
##### SUCCESS: /usr/bin/time -o time_18_tyang863_vdhankar.txt -f "%U" ./homework > stulog.txt 2>&1 on tyang863 #####
##### tyang863 plays [J b8 d6] in 0.0101749897003174s #####
##### Running: /usr/lib/jvm/jdk-14.0.1/bin/java -jar /lab/itti/projects/checkers-competition/server/referee.jar on run_18_tyang863_vdhankar #####
Move is valid
##### SUCCESS: /usr/lib/jvm/jdk-14.0.1/bin/java -jar /lab/itti/projects/checkers-competition/server/referee.jar on run_18_tyang863_vdhankar #####
INPUT for vdhankar:
GAME
WHITE
69.2737874984741
.......b
........
...b...b
........
.......w
w.......
.w......
........
##### Running: /usr/bin/time -o time_18_tyang863_vdhankar.txt -f "%U" python3 homework.py > stulog.txt 2>&1 on vdhankar #####
child exited with value 1
##### ERROR: /usr/bin/time -o time_18_tyang863_vdhankar.txt -f "%U" python3 homework.py > stulog.txt 2>&1 on vdhankar #####
##### Output of failed program (stdout + stderr): #####
Traceback (most recent call last):
  File "homework.py", line 546, in <module>
    print(end-start)
NameError: name 'end' is not defined
##### End of output of failed program #####
##### vdhankar plays [E b2 c3] in 0.698781967163086s #####
##### Running: /usr/lib/jvm/jdk-14.0.1/bin/java -jar /lab/itti/projects/checkers-competition/server/referee.jar on run_18_tyang863_vdhankar #####
Move is valid
##### SUCCESS: /usr/lib/jvm/jdk-14.0.1/bin/java -jar /lab/itti/projects/checkers-competition/server/referee.jar on run_18_tyang863_vdhankar #####
INPUT for tyang863:
GAME
BLACK
299.314663152695
.......b
........
...b...b
........
.......w
w.w.....
........
........
##### Running: /usr/bin/time -o time_18_tyang863_vdhankar.txt -f "%U" ./homework > stulog.txt 2>&1 on tyang863 #####
##### SUCCESS: /usr/bin/time -o time_18_tyang863_vdhankar.txt -f "%U" ./homework > stulog.txt 2>&1 on tyang863 #####
##### tyang863 plays [E d6 e5] in 0.0109589099884033s #####
##### Running: /usr/lib/jvm/jdk-14.0.1/bin/java -jar /lab/itti/projects/checkers-competition/server/referee.jar on run_18_tyang863_vdhankar #####
Move is valid
##### SUCCESS: /usr/lib/jvm/jdk-14.0.1/bin/java -jar /lab/itti/projects/checkers-competition/server/referee.jar on run_18_tyang863_vdhankar #####
INPUT for vdhankar:
GAME
WHITE
68.575005531311
.......b
........
.......b
....b...
.......w
w.w.....
........
........
##### Running: /usr/bin/time -o time_18_tyang863_vdhankar.txt -f "%U" python3 homework.py > stulog.txt 2>&1 on vdhankar #####
child exited with value 1
##### ERROR: /usr/bin/time -o time_18_tyang863_vdhankar.txt -f "%U" python3 homework.py > stulog.txt 2>&1 on vdhankar #####
##### Output of failed program (stdout + stderr): #####
Traceback (most recent call last):
  File "homework.py", line 546, in <module>
    print(end-start)
NameError: name 'end' is not defined
##### End of output of failed program #####
##### vdhankar plays [E a3 b4] in 0.537297964096069s #####
##### Running: /usr/lib/jvm/jdk-14.0.1/bin/java -jar /lab/itti/projects/checkers-competition/server/referee.jar on run_18_tyang863_vdhankar #####
Move is valid
##### SUCCESS: /usr/lib/jvm/jdk-14.0.1/bin/java -jar /lab/itti/projects/checkers-competition/server/referee.jar on run_18_tyang863_vdhankar #####
INPUT for tyang863:
GAME
BLACK
299.303704242706
.......b
........
.......b
....b...
.w.....w
..w.....
........
........
##### Running: /usr/bin/time -o time_18_tyang863_vdhankar.txt -f "%U" ./homework > stulog.txt 2>&1 on tyang863 #####
##### SUCCESS: /usr/bin/time -o time_18_tyang863_vdhankar.txt -f "%U" ./homework > stulog.txt 2>&1 on tyang863 #####
##### tyang863 plays [E e5 f4] in 0.0102980136871338s #####
##### Running: /usr/lib/jvm/jdk-14.0.1/bin/java -jar /lab/itti/projects/checkers-competition/server/referee.jar on run_18_tyang863_vdhankar #####
Move is valid
##### SUCCESS: /usr/lib/jvm/jdk-14.0.1/bin/java -jar /lab/itti/projects/checkers-competition/server/referee.jar on run_18_tyang863_vdhankar #####
INPUT for vdhankar:
GAME
WHITE
68.037707567215
.......b
........
.......b
........
.w...b.w
..w.....
........
........
##### Running: /usr/bin/time -o time_18_tyang863_vdhankar.txt -f "%U" python3 homework.py > stulog.txt 2>&1 on vdhankar #####
child exited with value 1
##### ERROR: /usr/bin/time -o time_18_tyang863_vdhankar.txt -f "%U" python3 homework.py > stulog.txt 2>&1 on vdhankar #####
##### Output of failed program (stdout + stderr): #####
Traceback (most recent call last):
  File "homework.py", line 546, in <module>
    print(end-start)
NameError: name 'end' is not defined
##### End of output of failed program #####
##### vdhankar plays [E c3 d4] in 1.28837895393372s #####
##### Running: /usr/lib/jvm/jdk-14.0.1/bin/java -jar /lab/itti/projects/checkers-competition/server/referee.jar on run_18_tyang863_vdhankar #####
Move is valid
##### SUCCESS: /usr/lib/jvm/jdk-14.0.1/bin/java -jar /lab/itti/projects/checkers-competition/server/referee.jar on run_18_tyang863_vdhankar #####
INPUT for tyang863:
GAME
BLACK
299.293406229019
.......b
........
.......b
........
.w.w.b.w
........
........
........
##### Running: /usr/bin/time -o time_18_tyang863_vdhankar.txt -f "%U" ./homework > stulog.txt 2>&1 on tyang863 #####
##### SUCCESS: /usr/bin/time -o time_18_tyang863_vdhankar.txt -f "%U" ./homework > stulog.txt 2>&1 on tyang863 #####
##### tyang863 plays [E f4 e3] in 0.00823283195495605s #####
##### Running: /usr/lib/jvm/jdk-14.0.1/bin/java -jar /lab/itti/projects/checkers-competition/server/referee.jar on run_18_tyang863_vdhankar #####
Move is valid
##### SUCCESS: /usr/lib/jvm/jdk-14.0.1/bin/java -jar /lab/itti/projects/checkers-competition/server/referee.jar on run_18_tyang863_vdhankar #####
INPUT for vdhankar:
GAME
WHITE
66.7493286132812
.......b
........
.......b
........
.w.w...w
....b...
........
........
##### Running: /usr/bin/time -o time_18_tyang863_vdhankar.txt -f "%U" python3 homework.py > stulog.txt 2>&1 on vdhankar #####
child exited with value 1
##### ERROR: /usr/bin/time -o time_18_tyang863_vdhankar.txt -f "%U" python3 homework.py > stulog.txt 2>&1 on vdhankar #####
##### Output of failed program (stdout + stderr): #####
Traceback (most recent call last):
  File "homework.py", line 546, in <module>
    print(end-start)
NameError: name 'end' is not defined
##### End of output of failed program #####
##### vdhankar plays [E b4 c5] in 0.693448066711426s #####
##### Running: /usr/lib/jvm/jdk-14.0.1/bin/java -jar /lab/itti/projects/checkers-competition/server/referee.jar on run_18_tyang863_vdhankar #####
Move is valid
##### SUCCESS: /usr/lib/jvm/jdk-14.0.1/bin/java -jar /lab/itti/projects/checkers-competition/server/referee.jar on run_18_tyang863_vdhankar #####
INPUT for tyang863:
GAME
BLACK
299.285173397064
.......b
........
.......b
..w.....
...w...w
....b...
........
........
##### Running: /usr/bin/time -o time_18_tyang863_vdhankar.txt -f "%U" ./homework > stulog.txt 2>&1 on tyang863 #####
##### SUCCESS: /usr/bin/time -o time_18_tyang863_vdhankar.txt -f "%U" ./homework > stulog.txt 2>&1 on tyang863 #####
##### tyang863 plays [E e3 d2] in 0.00965595245361328s #####
##### Running: /usr/lib/jvm/jdk-14.0.1/bin/java -jar /lab/itti/projects/checkers-competition/server/referee.jar on run_18_tyang863_vdhankar #####
Move is valid
##### SUCCESS: /usr/lib/jvm/jdk-14.0.1/bin/java -jar /lab/itti/projects/checkers-competition/server/referee.jar on run_18_tyang863_vdhankar #####
INPUT for vdhankar:
GAME
WHITE
66.0558805465698
.......b
........
.......b
..w.....
...w...w
........
...b....
........
##### Running: /usr/bin/time -o time_18_tyang863_vdhankar.txt -f "%U" python3 homework.py > stulog.txt 2>&1 on vdhankar #####
child exited with value 1
##### ERROR: /usr/bin/time -o time_18_tyang863_vdhankar.txt -f "%U" python3 homework.py > stulog.txt 2>&1 on vdhankar #####
##### Output of failed program (stdout + stderr): #####
Traceback (most recent call last):
  File "homework.py", line 546, in <module>
    print(end-start)
NameError: name 'end' is not defined
##### End of output of failed program #####
##### vdhankar plays [E d4 e5] in 0.958409070968628s #####
##### Running: /usr/lib/jvm/jdk-14.0.1/bin/java -jar /lab/itti/projects/checkers-competition/server/referee.jar on run_18_tyang863_vdhankar #####
Move is valid
##### SUCCESS: /usr/lib/jvm/jdk-14.0.1/bin/java -jar /lab/itti/projects/checkers-competition/server/referee.jar on run_18_tyang863_vdhankar #####
INPUT for tyang863:
GAME
BLACK
299.275517444611
.......b
........
.......b
..w.w...
.......w
........
...b....
........
##### Running: /usr/bin/time -o time_18_tyang863_vdhankar.txt -f "%U" ./homework > stulog.txt 2>&1 on tyang863 #####
##### SUCCESS: /usr/bin/time -o time_18_tyang863_vdhankar.txt -f "%U" ./homework > stulog.txt 2>&1 on tyang863 #####
##### tyang863 plays [E h8 g7] in 0.00765800476074219s #####
##### Running: /usr/lib/jvm/jdk-14.0.1/bin/java -jar /lab/itti/projects/checkers-competition/server/referee.jar on run_18_tyang863_vdhankar #####
Move is valid
##### SUCCESS: /usr/lib/jvm/jdk-14.0.1/bin/java -jar /lab/itti/projects/checkers-competition/server/referee.jar on run_18_tyang863_vdhankar #####
INPUT for vdhankar:
GAME
WHITE
65.0974714756012
........
......b.
.......b
..w.w...
.......w
........
...b....
........
##### Running: /usr/bin/time -o time_18_tyang863_vdhankar.txt -f "%U" python3 homework.py > stulog.txt 2>&1 on vdhankar #####
child exited with value 1
##### ERROR: /usr/bin/time -o time_18_tyang863_vdhankar.txt -f "%U" python3 homework.py > stulog.txt 2>&1 on vdhankar #####
##### Output of failed program (stdout + stderr): #####
Traceback (most recent call last):
  File "homework.py", line 546, in <module>
    print(end-start)
NameError: name 'end' is not defined
##### End of output of failed program #####
##### vdhankar plays [E e5 d6] in 1.05605721473694s #####
##### Running: /usr/lib/jvm/jdk-14.0.1/bin/java -jar /lab/itti/projects/checkers-competition/server/referee.jar on run_18_tyang863_vdhankar #####
Move is valid
##### SUCCESS: /usr/lib/jvm/jdk-14.0.1/bin/java -jar /lab/itti/projects/checkers-competition/server/referee.jar on run_18_tyang863_vdhankar #####
INPUT for tyang863:
GAME
BLACK
299.26785943985
........
......b.
...w...b
..w.....
.......w
........
...b....
........
##### Running: /usr/bin/time -o time_18_tyang863_vdhankar.txt -f "%U" ./homework > stulog.txt 2>&1 on tyang863 #####
##### SUCCESS: /usr/bin/time -o time_18_tyang863_vdhankar.txt -f "%U" ./homework > stulog.txt 2>&1 on tyang863 #####
##### tyang863 plays [E d2 c1] in 0.00768804550170898s #####
##### Running: /usr/lib/jvm/jdk-14.0.1/bin/java -jar /lab/itti/projects/checkers-competition/server/referee.jar on run_18_tyang863_vdhankar #####
Move is valid
##### SUCCESS: /usr/lib/jvm/jdk-14.0.1/bin/java -jar /lab/itti/projects/checkers-competition/server/referee.jar on run_18_tyang863_vdhankar #####
INPUT for vdhankar:
GAME
WHITE
64.0414142608643
........
......b.
...w...b
..w.....
.......w
........
........
..B.....
##### Running: /usr/bin/time -o time_18_tyang863_vdhankar.txt -f "%U" python3 homework.py > stulog.txt 2>&1 on vdhankar #####
child exited with value 1
##### ERROR: /usr/bin/time -o time_18_tyang863_vdhankar.txt -f "%U" python3 homework.py > stulog.txt 2>&1 on vdhankar #####
##### Output of failed program (stdout + stderr): #####
Traceback (most recent call last):
  File "homework.py", line 546, in <module>
    print(end-start)
NameError: name 'end' is not defined
##### End of output of failed program #####
##### vdhankar plays [E c5 b6] in 1.65093398094177s #####
##### Running: /usr/lib/jvm/jdk-14.0.1/bin/java -jar /lab/itti/projects/checkers-competition/server/referee.jar on run_18_tyang863_vdhankar #####
Move is valid
##### SUCCESS: /usr/lib/jvm/jdk-14.0.1/bin/java -jar /lab/itti/projects/checkers-competition/server/referee.jar on run_18_tyang863_vdhankar #####
INPUT for tyang863:
GAME
BLACK
299.260171394348
........
......b.
.w.w...b
........
.......w
........
........
..B.....
##### Running: /usr/bin/time -o time_18_tyang863_vdhankar.txt -f "%U" ./homework > stulog.txt 2>&1 on tyang863 #####
##### SUCCESS: /usr/bin/time -o time_18_tyang863_vdhankar.txt -f "%U" ./homework > stulog.txt 2>&1 on tyang863 #####
##### tyang863 plays [E c1 b2] in 0.00849294662475586s #####
##### Running: /usr/lib/jvm/jdk-14.0.1/bin/java -jar /lab/itti/projects/checkers-competition/server/referee.jar on run_18_tyang863_vdhankar #####
Move is valid
##### SUCCESS: /usr/lib/jvm/jdk-14.0.1/bin/java -jar /lab/itti/projects/checkers-competition/server/referee.jar on run_18_tyang863_vdhankar #####
INPUT for vdhankar:
GAME
WHITE
62.3904802799225
........
......b.
.w.w...b
........
.......w
........
.B......
........
##### Running: /usr/bin/time -o time_18_tyang863_vdhankar.txt -f "%U" python3 homework.py > stulog.txt 2>&1 on vdhankar #####
child exited with value 1
##### ERROR: /usr/bin/time -o time_18_tyang863_vdhankar.txt -f "%U" python3 homework.py > stulog.txt 2>&1 on vdhankar #####
##### Output of failed program (stdout + stderr): #####
Traceback (most recent call last):
  File "homework.py", line 546, in <module>
    print(end-start)
NameError: name 'end' is not defined
##### End of output of failed program #####
##### vdhankar plays [E d6 e7] in 0.955463886260986s #####
##### Running: /usr/lib/jvm/jdk-14.0.1/bin/java -jar /lab/itti/projects/checkers-competition/server/referee.jar on run_18_tyang863_vdhankar #####
Move is valid
##### SUCCESS: /usr/lib/jvm/jdk-14.0.1/bin/java -jar /lab/itti/projects/checkers-competition/server/referee.jar on run_18_tyang863_vdhankar #####
INPUT for tyang863:
GAME
BLACK
299.251678447724
........
....w.b.
.w.....b
........
.......w
........
.B......
........
##### Running: /usr/bin/time -o time_18_tyang863_vdhankar.txt -f "%U" ./homework > stulog.txt 2>&1 on tyang863 #####
##### SUCCESS: /usr/bin/time -o time_18_tyang863_vdhankar.txt -f "%U" ./homework > stulog.txt 2>&1 on tyang863 #####
##### tyang863 plays [E b2 a3] in 0.00903701782226562s #####
##### Running: /usr/lib/jvm/jdk-14.0.1/bin/java -jar /lab/itti/projects/checkers-competition/server/referee.jar on run_18_tyang863_vdhankar #####
Move is valid
##### SUCCESS: /usr/lib/jvm/jdk-14.0.1/bin/java -jar /lab/itti/projects/checkers-competition/server/referee.jar on run_18_tyang863_vdhankar #####
INPUT for vdhankar:
GAME
WHITE
61.4350163936615
........
....w.b.
.w.....b
........
.......w
B.......
........
........
##### Running: /usr/bin/time -o time_18_tyang863_vdhankar.txt -f "%U" python3 homework.py > stulog.txt 2>&1 on vdhankar #####
child exited with value 1
##### ERROR: /usr/bin/time -o time_18_tyang863_vdhankar.txt -f "%U" python3 homework.py > stulog.txt 2>&1 on vdhankar #####
##### Output of failed program (stdout + stderr): #####
Traceback (most recent call last):
  File "homework.py", line 546, in <module>
    print(end-start)
NameError: name 'end' is not defined
##### End of output of failed program #####
##### vdhankar plays [E b6 c7] in 1.38610410690308s #####
##### Running: /usr/lib/jvm/jdk-14.0.1/bin/java -jar /lab/itti/projects/checkers-competition/server/referee.jar on run_18_tyang863_vdhankar #####
Move is valid
##### SUCCESS: /usr/lib/jvm/jdk-14.0.1/bin/java -jar /lab/itti/projects/checkers-competition/server/referee.jar on run_18_tyang863_vdhankar #####
INPUT for tyang863:
GAME
BLACK
299.242641429901
........
..w.w.b.
.......b
........
.......w
B.......
........
........
##### Running: /usr/bin/time -o time_18_tyang863_vdhankar.txt -f "%U" ./homework > stulog.txt 2>&1 on tyang863 #####
##### SUCCESS: /usr/bin/time -o time_18_tyang863_vdhankar.txt -f "%U" ./homework > stulog.txt 2>&1 on tyang863 #####
##### tyang863 plays [E a3 b4] in 0.0109870433807373s #####
##### Running: /usr/lib/jvm/jdk-14.0.1/bin/java -jar /lab/itti/projects/checkers-competition/server/referee.jar on run_18_tyang863_vdhankar #####
Move is valid
##### SUCCESS: /usr/lib/jvm/jdk-14.0.1/bin/java -jar /lab/itti/projects/checkers-competition/server/referee.jar on run_18_tyang863_vdhankar #####
INPUT for vdhankar:
GAME
WHITE
60.0489122867584
........
..w.w.b.
.......b
........
.B.....w
........
........
........
##### Running: /usr/bin/time -o time_18_tyang863_vdhankar.txt -f "%U" python3 homework.py > stulog.txt 2>&1 on vdhankar #####
child exited with value 1
##### ERROR: /usr/bin/time -o time_18_tyang863_vdhankar.txt -f "%U" python3 homework.py > stulog.txt 2>&1 on vdhankar #####
##### Output of failed program (stdout + stderr): #####
Traceback (most recent call last):
  File "homework.py", line 546, in <module>
    print(end-start)
NameError: name 'end' is not defined
##### End of output of failed program #####
##### vdhankar plays [E e7 f8] in 1.00576281547546s #####
##### Running: /usr/lib/jvm/jdk-14.0.1/bin/java -jar /lab/itti/projects/checkers-competition/server/referee.jar on run_18_tyang863_vdhankar #####
Move is valid
##### SUCCESS: /usr/lib/jvm/jdk-14.0.1/bin/java -jar /lab/itti/projects/checkers-competition/server/referee.jar on run_18_tyang863_vdhankar #####
INPUT for tyang863:
GAME
BLACK
299.231654386521
.....W..
..w...b.
.......b
........
.B.....w
........
........
........
##### Running: /usr/bin/time -o time_18_tyang863_vdhankar.txt -f "%U" ./homework > stulog.txt 2>&1 on tyang863 #####
##### SUCCESS: /usr/bin/time -o time_18_tyang863_vdhankar.txt -f "%U" ./homework > stulog.txt 2>&1 on tyang863 #####
##### tyang863 plays [E b4 a5] in 0.00748205184936523s #####
##### Running: /usr/lib/jvm/jdk-14.0.1/bin/java -jar /lab/itti/projects/checkers-competition/server/referee.jar on run_18_tyang863_vdhankar #####
Move is valid
##### SUCCESS: /usr/lib/jvm/jdk-14.0.1/bin/java -jar /lab/itti/projects/checkers-competition/server/referee.jar on run_18_tyang863_vdhankar #####
INPUT for vdhankar:
GAME
WHITE
59.043149471283
.....W..
..w...b.
.......b
B.......
.......w
........
........
........
##### Running: /usr/bin/time -o time_18_tyang863_vdhankar.txt -f "%U" python3 homework.py > stulog.txt 2>&1 on vdhankar #####
child exited with value 1
##### ERROR: /usr/bin/time -o time_18_tyang863_vdhankar.txt -f "%U" python3 homework.py > stulog.txt 2>&1 on vdhankar #####
##### Output of failed program (stdout + stderr): #####
Traceback (most recent call last):
  File "homework.py", line 546, in <module>
    print(end-start)
NameError: name 'end' is not defined
##### End of output of failed program #####
##### vdhankar plays [E h4 g5] in 0.936095952987671s #####
##### Running: /usr/lib/jvm/jdk-14.0.1/bin/java -jar /lab/itti/projects/checkers-competition/server/referee.jar on run_18_tyang863_vdhankar #####
Move is valid
##### SUCCESS: /usr/lib/jvm/jdk-14.0.1/bin/java -jar /lab/itti/projects/checkers-competition/server/referee.jar on run_18_tyang863_vdhankar #####
INPUT for tyang863:
GAME
BLACK
299.224172334671
.....W..
..w...b.
.......b
B.....w.
........
........
........
........
##### Running: /usr/bin/time -o time_18_tyang863_vdhankar.txt -f "%U" ./homework > stulog.txt 2>&1 on tyang863 #####
##### SUCCESS: /usr/bin/time -o time_18_tyang863_vdhankar.txt -f "%U" ./homework > stulog.txt 2>&1 on tyang863 #####
##### tyang863 plays [J h6 f4] in 0.00695300102233887s #####
##### Running: /usr/lib/jvm/jdk-14.0.1/bin/java -jar /lab/itti/projects/checkers-competition/server/referee.jar on run_18_tyang863_vdhankar #####
Move is valid
##### SUCCESS: /usr/lib/jvm/jdk-14.0.1/bin/java -jar /lab/itti/projects/checkers-competition/server/referee.jar on run_18_tyang863_vdhankar #####
INPUT for vdhankar:
GAME
WHITE
58.1070535182953
.....W..
..w...b.
........
B.......
.....b..
........
........
........
##### Running: /usr/bin/time -o time_18_tyang863_vdhankar.txt -f "%U" python3 homework.py > stulog.txt 2>&1 on vdhankar #####
child exited with value 1
##### ERROR: /usr/bin/time -o time_18_tyang863_vdhankar.txt -f "%U" python3 homework.py > stulog.txt 2>&1 on vdhankar #####
##### Output of failed program (stdout + stderr): #####
Traceback (most recent call last):
  File "homework.py", line 546, in <module>
    print(end-start)
NameError: name 'end' is not defined
##### End of output of failed program #####
##### vdhankar plays [J f8 h6] in 0.744297027587891s #####
##### Running: /usr/lib/jvm/jdk-14.0.1/bin/java -jar /lab/itti/projects/checkers-competition/server/referee.jar on run_18_tyang863_vdhankar #####
Move is valid
##### SUCCESS: /usr/lib/jvm/jdk-14.0.1/bin/java -jar /lab/itti/projects/checkers-competition/server/referee.jar on run_18_tyang863_vdhankar #####
INPUT for tyang863:
GAME
BLACK
299.217219333649
........
..w.....
.......W
B.......
.....b..
........
........
........
##### Running: /usr/bin/time -o time_18_tyang863_vdhankar.txt -f "%U" ./homework > stulog.txt 2>&1 on tyang863 #####
##### SUCCESS: /usr/bin/time -o time_18_tyang863_vdhankar.txt -f "%U" ./homework > stulog.txt 2>&1 on tyang863 #####
##### tyang863 plays [E f4 e3] in 0.00823307037353516s #####
##### Running: /usr/lib/jvm/jdk-14.0.1/bin/java -jar /lab/itti/projects/checkers-competition/server/referee.jar on run_18_tyang863_vdhankar #####
Move is valid
##### SUCCESS: /usr/lib/jvm/jdk-14.0.1/bin/java -jar /lab/itti/projects/checkers-competition/server/referee.jar on run_18_tyang863_vdhankar #####
INPUT for vdhankar:
GAME
WHITE
57.3627564907074
........
..w.....
.......W
B.......
........
....b...
........
........
##### Running: /usr/bin/time -o time_18_tyang863_vdhankar.txt -f "%U" python3 homework.py > stulog.txt 2>&1 on vdhankar #####
child exited with value 1
##### ERROR: /usr/bin/time -o time_18_tyang863_vdhankar.txt -f "%U" python3 homework.py > stulog.txt 2>&1 on vdhankar #####
##### Output of failed program (stdout + stderr): #####
Traceback (most recent call last):
  File "homework.py", line 546, in <module>
    print(end-start)
NameError: name 'end' is not defined
##### End of output of failed program #####
##### vdhankar plays [E h6 g5] in 1.91837215423584s #####
##### Running: /usr/lib/jvm/jdk-14.0.1/bin/java -jar /lab/itti/projects/checkers-competition/server/referee.jar on run_18_tyang863_vdhankar #####
Move is valid
##### SUCCESS: /usr/lib/jvm/jdk-14.0.1/bin/java -jar /lab/itti/projects/checkers-competition/server/referee.jar on run_18_tyang863_vdhankar #####
INPUT for tyang863:
GAME
BLACK
299.208986263275
........
..w.....
........
B.....W.
........
....b...
........
........
##### Running: /usr/bin/time -o time_18_tyang863_vdhankar.txt -f "%U" ./homework > stulog.txt 2>&1 on tyang863 #####
##### SUCCESS: /usr/bin/time -o time_18_tyang863_vdhankar.txt -f "%U" ./homework > stulog.txt 2>&1 on tyang863 #####
##### tyang863 plays [E a5 b4] in 0.00874900817871094s #####
##### Running: /usr/lib/jvm/jdk-14.0.1/bin/java -jar /lab/itti/projects/checkers-competition/server/referee.jar on run_18_tyang863_vdhankar #####
Move is valid
##### SUCCESS: /usr/lib/jvm/jdk-14.0.1/bin/java -jar /lab/itti/projects/checkers-competition/server/referee.jar on run_18_tyang863_vdhankar #####
INPUT for vdhankar:
GAME
WHITE
55.4443843364716
........
..w.....
........
......W.
.B......
....b...
........
........
##### Running: /usr/bin/time -o time_18_tyang863_vdhankar.txt -f "%U" python3 homework.py > stulog.txt 2>&1 on vdhankar #####
child exited with value 1
##### ERROR: /usr/bin/time -o time_18_tyang863_vdhankar.txt -f "%U" python3 homework.py > stulog.txt 2>&1 on vdhankar #####
##### Output of failed program (stdout + stderr): #####
Traceback (most recent call last):
  File "homework.py", line 546, in <module>
    print(end-start)
NameError: name 'end' is not defined
##### End of output of failed program #####
##### vdhankar plays [E g5 f4] in 8.48561000823975s #####
##### Running: /usr/lib/jvm/jdk-14.0.1/bin/java -jar /lab/itti/projects/checkers-competition/server/referee.jar on run_18_tyang863_vdhankar #####
Move is valid
##### SUCCESS: /usr/lib/jvm/jdk-14.0.1/bin/java -jar /lab/itti/projects/checkers-competition/server/referee.jar on run_18_tyang863_vdhankar #####
INPUT for tyang863:
GAME
BLACK
299.200237255097
........
..w.....
........
........
.B...W..
....b...
........
........
##### Running: /usr/bin/time -o time_18_tyang863_vdhankar.txt -f "%U" ./homework > stulog.txt 2>&1 on tyang863 #####
##### SUCCESS: /usr/bin/time -o time_18_tyang863_vdhankar.txt -f "%U" ./homework > stulog.txt 2>&1 on tyang863 #####
##### tyang863 plays [E e3 d2] in 0.0082709789276123s #####
##### Running: /usr/lib/jvm/jdk-14.0.1/bin/java -jar /lab/itti/projects/checkers-competition/server/referee.jar on run_18_tyang863_vdhankar #####
Move is valid
##### SUCCESS: /usr/lib/jvm/jdk-14.0.1/bin/java -jar /lab/itti/projects/checkers-competition/server/referee.jar on run_18_tyang863_vdhankar #####
INPUT for vdhankar:
GAME
WHITE
46.9587743282318
........
..w.....
........
........
.B...W..
........
...b....
........
##### Running: /usr/bin/time -o time_18_tyang863_vdhankar.txt -f "%U" python3 homework.py > stulog.txt 2>&1 on vdhankar #####
child exited with value 1
##### ERROR: /usr/bin/time -o time_18_tyang863_vdhankar.txt -f "%U" python3 homework.py > stulog.txt 2>&1 on vdhankar #####
##### Output of failed program (stdout + stderr): #####
Traceback (most recent call last):
  File "homework.py", line 546, in <module>
    print(end-start)
NameError: name 'end' is not defined
##### End of output of failed program #####
##### vdhankar plays [E f4 e3] in 2.38349604606628s #####
##### Running: /usr/lib/jvm/jdk-14.0.1/bin/java -jar /lab/itti/projects/checkers-competition/server/referee.jar on run_18_tyang863_vdhankar #####
Move is valid
##### SUCCESS: /usr/lib/jvm/jdk-14.0.1/bin/java -jar /lab/itti/projects/checkers-competition/server/referee.jar on run_18_tyang863_vdhankar #####
INPUT for tyang863:
GAME
BLACK
299.191966276169
........
..w.....
........
........
.B......
....W...
...b....
........
##### Running: /usr/bin/time -o time_18_tyang863_vdhankar.txt -f "%U" ./homework > stulog.txt 2>&1 on tyang863 #####
##### SUCCESS: /usr/bin/time -o time_18_tyang863_vdhankar.txt -f "%U" ./homework > stulog.txt 2>&1 on tyang863 #####
##### tyang863 plays [E d2 e1] in 0.00884389877319336s #####
##### Running: /usr/lib/jvm/jdk-14.0.1/bin/java -jar /lab/itti/projects/checkers-competition/server/referee.jar on run_18_tyang863_vdhankar #####
Move is valid
##### SUCCESS: /usr/lib/jvm/jdk-14.0.1/bin/java -jar /lab/itti/projects/checkers-competition/server/referee.jar on run_18_tyang863_vdhankar #####
INPUT for vdhankar:
GAME
WHITE
44.5752782821655
........
..w.....
........
........
.B......
....W...
........
....B...
##### Running: /usr/bin/time -o time_18_tyang863_vdhankar.txt -f "%U" python3 homework.py > stulog.txt 2>&1 on vdhankar #####
child exited with value 1
##### ERROR: /usr/bin/time -o time_18_tyang863_vdhankar.txt -f "%U" python3 homework.py > stulog.txt 2>&1 on vdhankar #####
##### Output of failed program (stdout + stderr): #####
Traceback (most recent call last):
  File "homework.py", line 546, in <module>
    print(end-start)
NameError: name 'end' is not defined
##### End of output of failed program #####
##### vdhankar plays [E e3 f4] in 0.487684011459351s #####
##### Running: /usr/lib/jvm/jdk-14.0.1/bin/java -jar /lab/itti/projects/checkers-competition/server/referee.jar on run_18_tyang863_vdhankar #####
Move is valid
##### SUCCESS: /usr/lib/jvm/jdk-14.0.1/bin/java -jar /lab/itti/projects/checkers-competition/server/referee.jar on run_18_tyang863_vdhankar #####
INPUT for tyang863:
GAME
BLACK
299.183122377396
........
..w.....
........
........
.B...W..
........
........
....B...
##### Running: /usr/bin/time -o time_18_tyang863_vdhankar.txt -f "%U" ./homework > stulog.txt 2>&1 on tyang863 #####
##### SUCCESS: /usr/bin/time -o time_18_tyang863_vdhankar.txt -f "%U" ./homework > stulog.txt 2>&1 on tyang863 #####
##### tyang863 plays [E e1 d2] in 0.00921082496643066s #####
##### Running: /usr/lib/jvm/jdk-14.0.1/bin/java -jar /lab/itti/projects/checkers-competition/server/referee.jar on run_18_tyang863_vdhankar #####
Move is valid
##### SUCCESS: /usr/lib/jvm/jdk-14.0.1/bin/java -jar /lab/itti/projects/checkers-competition/server/referee.jar on run_18_tyang863_vdhankar #####
INPUT for vdhankar:
GAME
WHITE
44.0875942707062
........
..w.....
........
........
.B...W..
........
...B....
........
##### Running: /usr/bin/time -o time_18_tyang863_vdhankar.txt -f "%U" python3 homework.py > stulog.txt 2>&1 on vdhankar #####
child exited with value 1
##### ERROR: /usr/bin/time -o time_18_tyang863_vdhankar.txt -f "%U" python3 homework.py > stulog.txt 2>&1 on vdhankar #####
##### Output of failed program (stdout + stderr): #####
Traceback (most recent call last):
  File "homework.py", line 546, in <module>
    print(end-start)
NameError: name 'end' is not defined
##### End of output of failed program #####
##### vdhankar plays [E f4 g3] in 1.57027792930603s #####
##### Running: /usr/lib/jvm/jdk-14.0.1/bin/java -jar /lab/itti/projects/checkers-competition/server/referee.jar on run_18_tyang863_vdhankar #####
Move is valid
##### SUCCESS: /usr/lib/jvm/jdk-14.0.1/bin/java -jar /lab/itti/projects/checkers-competition/server/referee.jar on run_18_tyang863_vdhankar #####
INPUT for tyang863:
GAME
BLACK
299.173911552429
........
..w.....
........
........
.B......
......W.
...B....
........
##### Running: /usr/bin/time -o time_18_tyang863_vdhankar.txt -f "%U" ./homework > stulog.txt 2>&1 on tyang863 #####
##### SUCCESS: /usr/bin/time -o time_18_tyang863_vdhankar.txt -f "%U" ./homework > stulog.txt 2>&1 on tyang863 #####
##### tyang863 plays [E b4 a5] in 0.00843405723571777s #####
##### Running: /usr/lib/jvm/jdk-14.0.1/bin/java -jar /lab/itti/projects/checkers-competition/server/referee.jar on run_18_tyang863_vdhankar #####
Move is valid
##### SUCCESS: /usr/lib/jvm/jdk-14.0.1/bin/java -jar /lab/itti/projects/checkers-competition/server/referee.jar on run_18_tyang863_vdhankar #####
INPUT for vdhankar:
GAME
WHITE
42.5173163414001
........
..w.....
........
B.......
........
......W.
...B....
........
##### Running: /usr/bin/time -o time_18_tyang863_vdhankar.txt -f "%U" python3 homework.py > stulog.txt 2>&1 on vdhankar #####
child exited with value 1
##### ERROR: /usr/bin/time -o time_18_tyang863_vdhankar.txt -f "%U" python3 homework.py > stulog.txt 2>&1 on vdhankar #####
##### Output of failed program (stdout + stderr): #####
Traceback (most recent call last):
  File "homework.py", line 546, in <module>
    print(end-start)
NameError: name 'end' is not defined
##### End of output of failed program #####
##### vdhankar plays [E g3 f2] in 2.63932704925537s #####
##### Running: /usr/lib/jvm/jdk-14.0.1/bin/java -jar /lab/itti/projects/checkers-competition/server/referee.jar on run_18_tyang863_vdhankar #####
Move is valid
##### SUCCESS: /usr/lib/jvm/jdk-14.0.1/bin/java -jar /lab/itti/projects/checkers-competition/server/referee.jar on run_18_tyang863_vdhankar #####
INPUT for tyang863:
GAME
BLACK
299.165477495194
........
..w.....
........
B.......
........
........
...B.W..
........
##### Running: /usr/bin/time -o time_18_tyang863_vdhankar.txt -f "%U" ./homework > stulog.txt 2>&1 on tyang863 #####
##### SUCCESS: /usr/bin/time -o time_18_tyang863_vdhankar.txt -f "%U" ./homework > stulog.txt 2>&1 on tyang863 #####
##### tyang863 plays [E d2 c3] in 0.00856304168701172s #####
##### Running: /usr/lib/jvm/jdk-14.0.1/bin/java -jar /lab/itti/projects/checkers-competition/server/referee.jar on run_18_tyang863_vdhankar #####
Move is valid
##### SUCCESS: /usr/lib/jvm/jdk-14.0.1/bin/java -jar /lab/itti/projects/checkers-competition/server/referee.jar on run_18_tyang863_vdhankar #####
INPUT for vdhankar:
GAME
WHITE
39.8779892921448
........
..w.....
........
B.......
........
..B.....
.....W..
........
##### Running: /usr/bin/time -o time_18_tyang863_vdhankar.txt -f "%U" python3 homework.py > stulog.txt 2>&1 on vdhankar #####
child exited with value 1
##### ERROR: /usr/bin/time -o time_18_tyang863_vdhankar.txt -f "%U" python3 homework.py > stulog.txt 2>&1 on vdhankar #####
##### Output of failed program (stdout + stderr): #####
Traceback (most recent call last):
  File "homework.py", line 546, in <module>
    print(end-start)
NameError: name 'end' is not defined
##### End of output of failed program #####
##### vdhankar plays [E f2 g1] in 0.965417146682739s #####
##### Running: /usr/lib/jvm/jdk-14.0.1/bin/java -jar /lab/itti/projects/checkers-competition/server/referee.jar on run_18_tyang863_vdhankar #####
Move is valid
##### SUCCESS: /usr/lib/jvm/jdk-14.0.1/bin/java -jar /lab/itti/projects/checkers-competition/server/referee.jar on run_18_tyang863_vdhankar #####
INPUT for tyang863:
GAME
BLACK
299.156914453507
........
..w.....
........
B.......
........
..B.....
........
......W.
##### Running: /usr/bin/time -o time_18_tyang863_vdhankar.txt -f "%U" ./homework > stulog.txt 2>&1 on tyang863 #####
##### SUCCESS: /usr/bin/time -o time_18_tyang863_vdhankar.txt -f "%U" ./homework > stulog.txt 2>&1 on tyang863 #####
##### tyang863 plays [E a5 b6] in 0.00811409950256348s #####
##### Running: /usr/lib/jvm/jdk-14.0.1/bin/java -jar /lab/itti/projects/checkers-competition/server/referee.jar on run_18_tyang863_vdhankar #####
Move is valid
##### SUCCESS: /usr/lib/jvm/jdk-14.0.1/bin/java -jar /lab/itti/projects/checkers-competition/server/referee.jar on run_18_tyang863_vdhankar #####
INPUT for vdhankar:
GAME
WHITE
38.912572145462
........
..w.....
.B......
........
........
..B.....
........
......W.
##### Running: /usr/bin/time -o time_18_tyang863_vdhankar.txt -f "%U" python3 homework.py > stulog.txt 2>&1 on vdhankar #####
child exited with value 1
##### ERROR: /usr/bin/time -o time_18_tyang863_vdhankar.txt -f "%U" python3 homework.py > stulog.txt 2>&1 on vdhankar #####
##### Output of failed program (stdout + stderr): #####
Traceback (most recent call last):
  File "homework.py", line 546, in <module>
    print(end-start)
NameError: name 'end' is not defined
##### End of output of failed program #####
##### vdhankar plays [E c7 b8] in 0.894289970397949s #####
##### Running: /usr/lib/jvm/jdk-14.0.1/bin/java -jar /lab/itti/projects/checkers-competition/server/referee.jar on run_18_tyang863_vdhankar #####
Move is valid
##### SUCCESS: /usr/lib/jvm/jdk-14.0.1/bin/java -jar /lab/itti/projects/checkers-competition/server/referee.jar on run_18_tyang863_vdhankar #####
INPUT for tyang863:
GAME
BLACK
299.148800354004
.W......
........
.B......
........
........
..B.....
........
......W.
##### Running: /usr/bin/time -o time_18_tyang863_vdhankar.txt -f "%U" ./homework > stulog.txt 2>&1 on tyang863 #####
##### SUCCESS: /usr/bin/time -o time_18_tyang863_vdhankar.txt -f "%U" ./homework > stulog.txt 2>&1 on tyang863 #####
##### tyang863 plays [E b6 a7] in 0.00847911834716797s #####
##### Running: /usr/lib/jvm/jdk-14.0.1/bin/java -jar /lab/itti/projects/checkers-competition/server/referee.jar on run_18_tyang863_vdhankar #####
Move is valid
##### SUCCESS: /usr/lib/jvm/jdk-14.0.1/bin/java -jar /lab/itti/projects/checkers-competition/server/referee.jar on run_18_tyang863_vdhankar #####
INPUT for vdhankar:
GAME
WHITE
38.0182821750641
.W......
B.......
........
........
........
..B.....
........
......W.
##### Running: /usr/bin/time -o time_18_tyang863_vdhankar.txt -f "%U" python3 homework.py > stulog.txt 2>&1 on vdhankar #####
child exited with value 1
##### ERROR: /usr/bin/time -o time_18_tyang863_vdhankar.txt -f "%U" python3 homework.py > stulog.txt 2>&1 on vdhankar #####
##### Output of failed program (stdout + stderr): #####
Traceback (most recent call last):
  File "homework.py", line 546, in <module>
    print(end-start)
NameError: name 'end' is not defined
##### End of output of failed program #####
##### vdhankar plays [E g1 h2] in 0.53441596031189s #####
##### Running: /usr/lib/jvm/jdk-14.0.1/bin/java -jar /lab/itti/projects/checkers-competition/server/referee.jar on run_18_tyang863_vdhankar #####
Move is valid
##### SUCCESS: /usr/lib/jvm/jdk-14.0.1/bin/java -jar /lab/itti/projects/checkers-competition/server/referee.jar on run_18_tyang863_vdhankar #####
INPUT for tyang863:
GAME
BLACK
299.140321235657
.W......
B.......
........
........
........
..B.....
.......W
........
##### Running: /usr/bin/time -o time_18_tyang863_vdhankar.txt -f "%U" ./homework > stulog.txt 2>&1 on tyang863 #####
##### SUCCESS: /usr/bin/time -o time_18_tyang863_vdhankar.txt -f "%U" ./homework > stulog.txt 2>&1 on tyang863 #####
##### tyang863 plays [E a7 b6] in 0.00853705406188965s #####
##### Running: /usr/lib/jvm/jdk-14.0.1/bin/java -jar /lab/itti/projects/checkers-competition/server/referee.jar on run_18_tyang863_vdhankar #####
Move is valid
##### SUCCESS: /usr/lib/jvm/jdk-14.0.1/bin/java -jar /lab/itti/projects/checkers-competition/server/referee.jar on run_18_tyang863_vdhankar #####
INPUT for vdhankar:
GAME
WHITE
37.4838662147522
.W......
........
.B......
........
........
..B.....
.......W
........
##### Running: /usr/bin/time -o time_18_tyang863_vdhankar.txt -f "%U" python3 homework.py > stulog.txt 2>&1 on vdhankar #####
child exited with value 1
##### ERROR: /usr/bin/time -o time_18_tyang863_vdhankar.txt -f "%U" python3 homework.py > stulog.txt 2>&1 on vdhankar #####
##### Output of failed program (stdout + stderr): #####
Traceback (most recent call last):
  File "homework.py", line 546, in <module>
    print(end-start)
NameError: name 'end' is not defined
##### End of output of failed program #####
##### vdhankar plays [E h2 g1] in 1.24513006210327s #####
##### Running: /usr/lib/jvm/jdk-14.0.1/bin/java -jar /lab/itti/projects/checkers-competition/server/referee.jar on run_18_tyang863_vdhankar #####
Move is valid
##### SUCCESS: /usr/lib/jvm/jdk-14.0.1/bin/java -jar /lab/itti/projects/checkers-competition/server/referee.jar on run_18_tyang863_vdhankar #####
INPUT for tyang863:
GAME
BLACK
299.131784181595
.W......
........
.B......
........
........
..B.....
........
......W.
##### Running: /usr/bin/time -o time_18_tyang863_vdhankar.txt -f "%U" ./homework > stulog.txt 2>&1 on tyang863 #####
##### SUCCESS: /usr/bin/time -o time_18_tyang863_vdhankar.txt -f "%U" ./homework > stulog.txt 2>&1 on tyang863 #####
##### tyang863 plays [E b6 a7] in 0.00872683525085449s #####
##### Running: /usr/lib/jvm/jdk-14.0.1/bin/java -jar /lab/itti/projects/checkers-competition/server/referee.jar on run_18_tyang863_vdhankar #####
Move is valid
##### SUCCESS: /usr/lib/jvm/jdk-14.0.1/bin/java -jar /lab/itti/projects/checkers-competition/server/referee.jar on run_18_tyang863_vdhankar #####
INPUT for vdhankar:
GAME
WHITE
36.2387361526489
.W......
B.......
........
........
........
..B.....
........
......W.
##### Running: /usr/bin/time -o time_18_tyang863_vdhankar.txt -f "%U" python3 homework.py > stulog.txt 2>&1 on vdhankar #####
child exited with value 1
##### ERROR: /usr/bin/time -o time_18_tyang863_vdhankar.txt -f "%U" python3 homework.py > stulog.txt 2>&1 on vdhankar #####
##### Output of failed program (stdout + stderr): #####
Traceback (most recent call last):
  File "homework.py", line 546, in <module>
    print(end-start)
NameError: name 'end' is not defined
##### End of output of failed program #####
##### vdhankar plays [E g1 h2] in 0.726808071136475s #####
##### Running: /usr/lib/jvm/jdk-14.0.1/bin/java -jar /lab/itti/projects/checkers-competition/server/referee.jar on run_18_tyang863_vdhankar #####
Move is valid
##### SUCCESS: /usr/lib/jvm/jdk-14.0.1/bin/java -jar /lab/itti/projects/checkers-competition/server/referee.jar on run_18_tyang863_vdhankar #####
INPUT for tyang863:
GAME
BLACK
299.123057346344
.W......
B.......
........
........
........
..B.....
.......W
........
##### Running: /usr/bin/time -o time_18_tyang863_vdhankar.txt -f "%U" ./homework > stulog.txt 2>&1 on tyang863 #####
##### SUCCESS: /usr/bin/time -o time_18_tyang863_vdhankar.txt -f "%U" ./homework > stulog.txt 2>&1 on tyang863 #####
##### tyang863 plays [E a7 b6] in 0.00763702392578125s #####
##### Running: /usr/lib/jvm/jdk-14.0.1/bin/java -jar /lab/itti/projects/checkers-competition/server/referee.jar on run_18_tyang863_vdhankar #####
Move is valid
##### SUCCESS: /usr/lib/jvm/jdk-14.0.1/bin/java -jar /lab/itti/projects/checkers-competition/server/referee.jar on run_18_tyang863_vdhankar #####
INPUT for vdhankar:
GAME
WHITE
35.5119280815125
.W......
........
.B......
........
........
..B.....
.......W
........
##### Running: /usr/bin/time -o time_18_tyang863_vdhankar.txt -f "%U" python3 homework.py > stulog.txt 2>&1 on vdhankar #####
child exited with value 1
##### ERROR: /usr/bin/time -o time_18_tyang863_vdhankar.txt -f "%U" python3 homework.py > stulog.txt 2>&1 on vdhankar #####
##### Output of failed program (stdout + stderr): #####
Traceback (most recent call last):
  File "homework.py", line 546, in <module>
    print(end-start)
NameError: name 'end' is not defined
##### End of output of failed program #####
##### vdhankar plays [E h2 g1] in 1.18892002105713s #####
##### Running: /usr/lib/jvm/jdk-14.0.1/bin/java -jar /lab/itti/projects/checkers-competition/server/referee.jar on run_18_tyang863_vdhankar #####
Move is valid
##### SUCCESS: /usr/lib/jvm/jdk-14.0.1/bin/java -jar /lab/itti/projects/checkers-competition/server/referee.jar on run_18_tyang863_vdhankar #####
INPUT for tyang863:
GAME
BLACK
299.115420322418
.W......
........
.B......
........
........
..B.....
........
......W.
##### Running: /usr/bin/time -o time_18_tyang863_vdhankar.txt -f "%U" ./homework > stulog.txt 2>&1 on tyang863 #####
##### SUCCESS: /usr/bin/time -o time_18_tyang863_vdhankar.txt -f "%U" ./homework > stulog.txt 2>&1 on tyang863 #####
##### tyang863 plays [E b6 a7] in 0.0101239681243896s #####
##### Running: /usr/lib/jvm/jdk-14.0.1/bin/java -jar /lab/itti/projects/checkers-competition/server/referee.jar on run_18_tyang863_vdhankar #####
Move is valid
Seen this position 3 times
*** Game ends in draw ***
##### SUCCESS: /usr/lib/jvm/jdk-14.0.1/bin/java -jar /lab/itti/projects/checkers-competition/server/referee.jar on run_18_tyang863_vdhankar #####
##### GAME ENDS IN A DRAW. Time left for tyang863: 299.105296354294s, vdhankar: 34.3230080604553s
Server said: DRAW
##### GAME OVER: the game ends in a draw, tyang863 wins by time remaining #####
########## ROUND 18 GAMESCORE AFTER GAME 1: tyang863=1 and vdhankar=0 ##########
#################### ROUND 18: tyang863 (W) vs vdhankar (B): game 2 ####################
##### game start! #####
INPUT for vdhankar:
GAME
BLACK
300
.b.b.b.b
b.b.b.b.
.b.b.b.b
........
........
w.w.w.w.
.w.w.w.w
w.w.w.w.
##### Running: /usr/bin/time -o time_18_tyang863_vdhankar.txt -f "%U" python3 homework.py > stulog.txt 2>&1 on vdhankar #####
child exited with value 1
##### ERROR: /usr/bin/time -o time_18_tyang863_vdhankar.txt -f "%U" python3 homework.py > stulog.txt 2>&1 on vdhankar #####
##### Output of failed program (stdout + stderr): #####
Traceback (most recent call last):
  File "homework.py", line 546, in <module>
    print(end-start)
NameError: name 'end' is not defined
##### End of output of failed program #####
##### vdhankar plays [E h6 g5] in 6.77182197570801s #####
##### Running: /usr/lib/jvm/jdk-14.0.1/bin/java -jar /lab/itti/projects/checkers-competition/server/referee.jar on run_18_tyang863_vdhankar #####
Move is valid
Couldn't read file 'current_ply.txt'
Couldn't read content from file 'current_ply.txt'
Couldn't read file 'lastmatchange_ply.txt'
Couldn't read content from file 'lastmatchange_ply.txt'
##### SUCCESS: /usr/lib/jvm/jdk-14.0.1/bin/java -jar /lab/itti/projects/checkers-competition/server/referee.jar on run_18_tyang863_vdhankar #####
INPUT for tyang863:
GAME
WHITE
300
.b.b.b.b
b.b.b.b.
.b.b.b..
......b.
........
w.w.w.w.
.w.w.w.w
w.w.w.w.
##### Running: /usr/bin/time -o time_18_tyang863_vdhankar.txt -f "%U" ./homework > stulog.txt 2>&1 on tyang863 #####
##### SUCCESS: /usr/bin/time -o time_18_tyang863_vdhankar.txt -f "%U" ./homework > stulog.txt 2>&1 on tyang863 #####
##### tyang863 plays [E g3 f4] in 0.0147578716278076s #####
##### Running: /usr/lib/jvm/jdk-14.0.1/bin/java -jar /lab/itti/projects/checkers-competition/server/referee.jar on run_18_tyang863_vdhankar #####
Move is valid
##### SUCCESS: /usr/lib/jvm/jdk-14.0.1/bin/java -jar /lab/itti/projects/checkers-competition/server/referee.jar on run_18_tyang863_vdhankar #####
INPUT for vdhankar:
GAME
BLACK
293.228178024292
.b.b.b.b
b.b.b.b.
.b.b.b..
......b.
.....w..
w.w.w...
.w.w.w.w
w.w.w.w.
##### Running: /usr/bin/time -o time_18_tyang863_vdhankar.txt -f "%U" python3 homework.py > stulog.txt 2>&1 on vdhankar #####
child exited with value 1
##### ERROR: /usr/bin/time -o time_18_tyang863_vdhankar.txt -f "%U" python3 homework.py > stulog.txt 2>&1 on vdhankar #####
##### Output of failed program (stdout + stderr): #####
Traceback (most recent call last):
  File "homework.py", line 546, in <module>
    print(end-start)
NameError: name 'end' is not defined
##### End of output of failed program #####
##### vdhankar plays [E g5 h4] in 7.17064499855042s #####
##### Running: /usr/lib/jvm/jdk-14.0.1/bin/java -jar /lab/itti/projects/checkers-competition/server/referee.jar on run_18_tyang863_vdhankar #####
Move is valid
##### SUCCESS: /usr/lib/jvm/jdk-14.0.1/bin/java -jar /lab/itti/projects/checkers-competition/server/referee.jar on run_18_tyang863_vdhankar #####
INPUT for tyang863:
GAME
WHITE
299.985242128372
.b.b.b.b
b.b.b.b.
.b.b.b..
........
.....w.b
w.w.w...
.w.w.w.w
w.w.w.w.
##### Running: /usr/bin/time -o time_18_tyang863_vdhankar.txt -f "%U" ./homework > stulog.txt 2>&1 on tyang863 #####
##### SUCCESS: /usr/bin/time -o time_18_tyang863_vdhankar.txt -f "%U" ./homework > stulog.txt 2>&1 on tyang863 #####
##### tyang863 plays [E e3 d4] in 0.0155529975891113s #####
##### Running: /usr/lib/jvm/jdk-14.0.1/bin/java -jar /lab/itti/projects/checkers-competition/server/referee.jar on run_18_tyang863_vdhankar #####
Move is valid
##### SUCCESS: /usr/lib/jvm/jdk-14.0.1/bin/java -jar /lab/itti/projects/checkers-competition/server/referee.jar on run_18_tyang863_vdhankar #####
INPUT for vdhankar:
GAME
BLACK
286.057533025742
.b.b.b.b
b.b.b.b.
.b.b.b..
........
...w.w.b
w.w.....
.w.w.w.w
w.w.w.w.
##### Running: /usr/bin/time -o time_18_tyang863_vdhankar.txt -f "%U" python3 homework.py > stulog.txt 2>&1 on vdhankar #####
child exited with value 1
##### ERROR: /usr/bin/time -o time_18_tyang863_vdhankar.txt -f "%U" python3 homework.py > stulog.txt 2>&1 on vdhankar #####
##### Output of failed program (stdout + stderr): #####
Traceback (most recent call last):
  File "homework.py", line 546, in <module>
    print(end-start)
NameError: name 'end' is not defined
##### End of output of failed program #####
##### vdhankar plays [E f6 e5] in 4.66871809959412s #####
##### Running: /usr/lib/jvm/jdk-14.0.1/bin/java -jar /lab/itti/projects/checkers-competition/server/referee.jar on run_18_tyang863_vdhankar #####
Move is valid
##### SUCCESS: /usr/lib/jvm/jdk-14.0.1/bin/java -jar /lab/itti/projects/checkers-competition/server/referee.jar on run_18_tyang863_vdhankar #####
INPUT for tyang863:
GAME
WHITE
299.969689130783
.b.b.b.b
b.b.b.b.
.b.b....
....b...
...w.w.b
w.w.....
.w.w.w.w
w.w.w.w.
##### Running: /usr/bin/time -o time_18_tyang863_vdhankar.txt -f "%U" ./homework > stulog.txt 2>&1 on tyang863 #####
##### SUCCESS: /usr/bin/time -o time_18_tyang863_vdhankar.txt -f "%U" ./homework > stulog.txt 2>&1 on tyang863 #####
##### tyang863 plays [J d4 f6] in 0.00795507431030273s #####
##### Running: /usr/lib/jvm/jdk-14.0.1/bin/java -jar /lab/itti/projects/checkers-competition/server/referee.jar on run_18_tyang863_vdhankar #####
Move is valid
##### SUCCESS: /usr/lib/jvm/jdk-14.0.1/bin/java -jar /lab/itti/projects/checkers-competition/server/referee.jar on run_18_tyang863_vdhankar #####
INPUT for vdhankar:
GAME
BLACK
281.388814926147
.b.b.b.b
b.b.b.b.
.b.b.w..
........
.....w.b
w.w.....
.w.w.w.w
w.w.w.w.
##### Running: /usr/bin/time -o time_18_tyang863_vdhankar.txt -f "%U" python3 homework.py > stulog.txt 2>&1 on vdhankar #####
child exited with value 1
##### ERROR: /usr/bin/time -o time_18_tyang863_vdhankar.txt -f "%U" python3 homework.py > stulog.txt 2>&1 on vdhankar #####
##### Output of failed program (stdout + stderr): #####
Traceback (most recent call last):
  File "homework.py", line 546, in <module>
    print(end-start)
NameError: name 'end' is not defined
##### End of output of failed program #####
##### vdhankar plays [J g7 e5 ; J e5 g3] in 5.84863090515137s #####
##### Running: /usr/lib/jvm/jdk-14.0.1/bin/java -jar /lab/itti/projects/checkers-competition/server/referee.jar on run_18_tyang863_vdhankar #####
Move is valid
##### SUCCESS: /usr/lib/jvm/jdk-14.0.1/bin/java -jar /lab/itti/projects/checkers-competition/server/referee.jar on run_18_tyang863_vdhankar #####
INPUT for tyang863:
GAME
WHITE
299.961734056473
.b.b.b.b
b.b.b...
.b.b....
........
.......b
w.w...b.
.w.w.w.w
w.w.w.w.
##### Running: /usr/bin/time -o time_18_tyang863_vdhankar.txt -f "%U" ./homework > stulog.txt 2>&1 on tyang863 #####
##### SUCCESS: /usr/bin/time -o time_18_tyang863_vdhankar.txt -f "%U" ./homework > stulog.txt 2>&1 on tyang863 #####
##### tyang863 plays [J h2 f4] in 0.0108380317687988s #####
##### Running: /usr/lib/jvm/jdk-14.0.1/bin/java -jar /lab/itti/projects/checkers-competition/server/referee.jar on run_18_tyang863_vdhankar #####
Move is valid
##### SUCCESS: /usr/lib/jvm/jdk-14.0.1/bin/java -jar /lab/itti/projects/checkers-competition/server/referee.jar on run_18_tyang863_vdhankar #####
INPUT for vdhankar:
GAME
BLACK
275.540184020996
.b.b.b.b
b.b.b...
.b.b....
........
.....w.b
w.w.....
.w.w.w..
w.w.w.w.
##### Running: /usr/bin/time -o time_18_tyang863_vdhankar.txt -f "%U" python3 homework.py > stulog.txt 2>&1 on vdhankar #####
child exited with value 1
##### ERROR: /usr/bin/time -o time_18_tyang863_vdhankar.txt -f "%U" python3 homework.py > stulog.txt 2>&1 on vdhankar #####
##### Output of failed program (stdout + stderr): #####
Traceback (most recent call last):
  File "homework.py", line 546, in <module>
    print(end-start)
NameError: name 'end' is not defined
##### End of output of failed program #####
##### vdhankar plays [E b6 c5] in 21.2551591396332s #####
##### Running: /usr/lib/jvm/jdk-14.0.1/bin/java -jar /lab/itti/projects/checkers-competition/server/referee.jar on run_18_tyang863_vdhankar #####
Move is valid
##### SUCCESS: /usr/lib/jvm/jdk-14.0.1/bin/java -jar /lab/itti/projects/checkers-competition/server/referee.jar on run_18_tyang863_vdhankar #####
INPUT for tyang863:
GAME
WHITE
299.950896024704
.b.b.b.b
b.b.b...
...b....
..b.....
.....w.b
w.w.....
.w.w.w..
w.w.w.w.
##### Running: /usr/bin/time -o time_18_tyang863_vdhankar.txt -f "%U" ./homework > stulog.txt 2>&1 on tyang863 #####
##### SUCCESS: /usr/bin/time -o time_18_tyang863_vdhankar.txt -f "%U" ./homework > stulog.txt 2>&1 on tyang863 #####
##### tyang863 plays [E c3 b4] in 0.0175049304962158s #####
##### Running: /usr/lib/jvm/jdk-14.0.1/bin/java -jar /lab/itti/projects/checkers-competition/server/referee.jar on run_18_tyang863_vdhankar #####
Move is valid
##### SUCCESS: /usr/lib/jvm/jdk-14.0.1/bin/java -jar /lab/itti/projects/checkers-competition/server/referee.jar on run_18_tyang863_vdhankar #####
INPUT for vdhankar:
GAME
BLACK
254.285024881363
.b.b.b.b
b.b.b...
...b....
..b.....
.w...w.b
w.......
.w.w.w..
w.w.w.w.
##### Running: /usr/bin/time -o time_18_tyang863_vdhankar.txt -f "%U" python3 homework.py > stulog.txt 2>&1 on vdhankar #####
child exited with value 1
##### ERROR: /usr/bin/time -o time_18_tyang863_vdhankar.txt -f "%U" python3 homework.py > stulog.txt 2>&1 on vdhankar #####
##### Output of failed program (stdout + stderr): #####
Traceback (most recent call last):
  File "homework.py", line 546, in <module>
    print(end-start)
NameError: name 'end' is not defined
##### End of output of failed program #####
##### vdhankar plays [E d6 e5] in 18.5861458778381s #####
##### Running: /usr/lib/jvm/jdk-14.0.1/bin/java -jar /lab/itti/projects/checkers-competition/server/referee.jar on run_18_tyang863_vdhankar #####
Move is valid
##### SUCCESS: /usr/lib/jvm/jdk-14.0.1/bin/java -jar /lab/itti/projects/checkers-competition/server/referee.jar on run_18_tyang863_vdhankar #####
INPUT for tyang863:
GAME
WHITE
299.933391094208
.b.b.b.b
b.b.b...
........
..b.b...
.w...w.b
w.......
.w.w.w..
w.w.w.w.
##### Running: /usr/bin/time -o time_18_tyang863_vdhankar.txt -f "%U" ./homework > stulog.txt 2>&1 on tyang863 #####
##### SUCCESS: /usr/bin/time -o time_18_tyang863_vdhankar.txt -f "%U" ./homework > stulog.txt 2>&1 on tyang863 #####
##### tyang863 plays [J f4 d6] in 0.0103769302368164s #####
##### Running: /usr/lib/jvm/jdk-14.0.1/bin/java -jar /lab/itti/projects/checkers-competition/server/referee.jar on run_18_tyang863_vdhankar #####
Move is valid
##### SUCCESS: /usr/lib/jvm/jdk-14.0.1/bin/java -jar /lab/itti/projects/checkers-competition/server/referee.jar on run_18_tyang863_vdhankar #####
INPUT for vdhankar:
GAME
BLACK
235.698879003525
.b.b.b.b
b.b.b...
...w....
..b.....
.w.....b
w.......
.w.w.w..
w.w.w.w.
##### Running: /usr/bin/time -o time_18_tyang863_vdhankar.txt -f "%U" python3 homework.py > stulog.txt 2>&1 on vdhankar #####
child exited with value 1
##### ERROR: /usr/bin/time -o time_18_tyang863_vdhankar.txt -f "%U" python3 homework.py > stulog.txt 2>&1 on vdhankar #####
##### Output of failed program (stdout + stderr): #####
Traceback (most recent call last):
  File "homework.py", line 546, in <module>
    print(end-start)
NameError: name 'end' is not defined
##### End of output of failed program #####
##### vdhankar plays [J c7 e5] in 0.69246506690979s #####
##### Running: /usr/lib/jvm/jdk-14.0.1/bin/java -jar /lab/itti/projects/checkers-competition/server/referee.jar on run_18_tyang863_vdhankar #####
Move is valid
##### SUCCESS: /usr/lib/jvm/jdk-14.0.1/bin/java -jar /lab/itti/projects/checkers-competition/server/referee.jar on run_18_tyang863_vdhankar #####
INPUT for tyang863:
GAME
WHITE
299.923014163971
.b.b.b.b
b...b...
........
..b.b...
.w.....b
w.......
.w.w.w..
w.w.w.w.
##### Running: /usr/bin/time -o time_18_tyang863_vdhankar.txt -f "%U" ./homework > stulog.txt 2>&1 on tyang863 #####
##### SUCCESS: /usr/bin/time -o time_18_tyang863_vdhankar.txt -f "%U" ./homework > stulog.txt 2>&1 on tyang863 #####
##### tyang863 plays [J b4 d6] in 0.02s #####
##### Running: /usr/lib/jvm/jdk-14.0.1/bin/java -jar /lab/itti/projects/checkers-competition/server/referee.jar on run_18_tyang863_vdhankar #####
Move is valid
##### SUCCESS: /usr/lib/jvm/jdk-14.0.1/bin/java -jar /lab/itti/projects/checkers-competition/server/referee.jar on run_18_tyang863_vdhankar #####
INPUT for vdhankar:
GAME
BLACK
235.006413936615
.b.b.b.b
b...b...
...w....
....b...
.......b
w.......
.w.w.w..
w.w.w.w.
##### Running: /usr/bin/time -o time_18_tyang863_vdhankar.txt -f "%U" python3 homework.py > stulog.txt 2>&1 on vdhankar #####
child exited with value 1
##### ERROR: /usr/bin/time -o time_18_tyang863_vdhankar.txt -f "%U" python3 homework.py > stulog.txt 2>&1 on vdhankar #####
##### Output of failed program (stdout + stderr): #####
Traceback (most recent call last):
  File "homework.py", line 546, in <module>
    print(end-start)
NameError: name 'end' is not defined
##### End of output of failed program #####
##### vdhankar plays [J e7 c5] in 3.05480599403381s #####
##### Running: /usr/lib/jvm/jdk-14.0.1/bin/java -jar /lab/itti/projects/checkers-competition/server/referee.jar on run_18_tyang863_vdhankar #####
Move is valid
##### SUCCESS: /usr/lib/jvm/jdk-14.0.1/bin/java -jar /lab/itti/projects/checkers-competition/server/referee.jar on run_18_tyang863_vdhankar #####
INPUT for tyang863:
GAME
WHITE
299.903014163971
.b.b.b.b
b.......
........
..b.b...
.......b
w.......
.w.w.w..
w.w.w.w.
##### Running: /usr/bin/time -o time_18_tyang863_vdhankar.txt -f "%U" ./homework > stulog.txt 2>&1 on tyang863 #####
##### SUCCESS: /usr/bin/time -o time_18_tyang863_vdhankar.txt -f "%U" ./homework > stulog.txt 2>&1 on tyang863 #####
##### tyang863 plays [E d2 c3] in 0.14s #####
##### Running: /usr/lib/jvm/jdk-14.0.1/bin/java -jar /lab/itti/projects/checkers-competition/server/referee.jar on run_18_tyang863_vdhankar #####
Move is valid
##### SUCCESS: /usr/lib/jvm/jdk-14.0.1/bin/java -jar /lab/itti/projects/checkers-competition/server/referee.jar on run_18_tyang863_vdhankar #####
INPUT for vdhankar:
GAME
BLACK
231.951607942581
.b.b.b.b
b.......
........
..b.b...
.......b
w.w.....
.w...w..
w.w.w.w.
##### Running: /usr/bin/time -o time_18_tyang863_vdhankar.txt -f "%U" python3 homework.py > stulog.txt 2>&1 on vdhankar #####
child exited with value 1
##### ERROR: /usr/bin/time -o time_18_tyang863_vdhankar.txt -f "%U" python3 homework.py > stulog.txt 2>&1 on vdhankar #####
##### Output of failed program (stdout + stderr): #####
Traceback (most recent call last):
  File "homework.py", line 546, in <module>
    print(end-start)
NameError: name 'end' is not defined
##### End of output of failed program #####
##### vdhankar plays [E a7 b6] in 16.2161967754364s #####
##### Running: /usr/lib/jvm/jdk-14.0.1/bin/java -jar /lab/itti/projects/checkers-competition/server/referee.jar on run_18_tyang863_vdhankar #####
Move is valid
##### SUCCESS: /usr/lib/jvm/jdk-14.0.1/bin/java -jar /lab/itti/projects/checkers-competition/server/referee.jar on run_18_tyang863_vdhankar #####
INPUT for tyang863:
GAME
WHITE
299.763014163971
.b.b.b.b
........
.b......
..b.b...
.......b
w.w.....
.w...w..
w.w.w.w.
##### Running: /usr/bin/time -o time_18_tyang863_vdhankar.txt -f "%U" ./homework > stulog.txt 2>&1 on tyang863 #####
##### SUCCESS: /usr/bin/time -o time_18_tyang863_vdhankar.txt -f "%U" ./homework > stulog.txt 2>&1 on tyang863 #####
##### tyang863 plays [E c3 d4] in 0.06s #####
##### Running: /usr/lib/jvm/jdk-14.0.1/bin/java -jar /lab/itti/projects/checkers-competition/server/referee.jar on run_18_tyang863_vdhankar #####
Move is valid
##### SUCCESS: /usr/lib/jvm/jdk-14.0.1/bin/java -jar /lab/itti/projects/checkers-competition/server/referee.jar on run_18_tyang863_vdhankar #####
INPUT for vdhankar:
GAME
BLACK
215.735411167145
.b.b.b.b
........
.b......
..b.b...
...w...b
w.......
.w...w..
w.w.w.w.
##### Running: /usr/bin/time -o time_18_tyang863_vdhankar.txt -f "%U" python3 homework.py > stulog.txt 2>&1 on vdhankar #####
child exited with value 1
##### ERROR: /usr/bin/time -o time_18_tyang863_vdhankar.txt -f "%U" python3 homework.py > stulog.txt 2>&1 on vdhankar #####
##### Output of failed program (stdout + stderr): #####
Traceback (most recent call last):
  File "homework.py", line 546, in <module>
    print(end-start)
NameError: name 'end' is not defined
##### End of output of failed program #####
##### vdhankar plays [J e5 c3] in 1.07354092597961s #####
##### Running: /usr/lib/jvm/jdk-14.0.1/bin/java -jar /lab/itti/projects/checkers-competition/server/referee.jar on run_18_tyang863_vdhankar #####
Move is valid
##### SUCCESS: /usr/lib/jvm/jdk-14.0.1/bin/java -jar /lab/itti/projects/checkers-competition/server/referee.jar on run_18_tyang863_vdhankar #####
INPUT for tyang863:
GAME
WHITE
299.703014163971
.b.b.b.b
........
.b......
..b.....
.......b
w.b.....
.w...w..
w.w.w.w.
##### Running: /usr/bin/time -o time_18_tyang863_vdhankar.txt -f "%U" ./homework > stulog.txt 2>&1 on tyang863 #####
##### SUCCESS: /usr/bin/time -o time_18_tyang863_vdhankar.txt -f "%U" ./homework > stulog.txt 2>&1 on tyang863 #####
##### tyang863 plays [J b2 d4] in 0.0135018825531006s #####
##### Running: /usr/lib/jvm/jdk-14.0.1/bin/java -jar /lab/itti/projects/checkers-competition/server/referee.jar on run_18_tyang863_vdhankar #####
Move is valid
##### SUCCESS: /usr/lib/jvm/jdk-14.0.1/bin/java -jar /lab/itti/projects/checkers-competition/server/referee.jar on run_18_tyang863_vdhankar #####
INPUT for vdhankar:
GAME
BLACK
214.661870241165
.b.b.b.b
........
.b......
..b.....
...w...b
w.......
.....w..
w.w.w.w.
##### Running: /usr/bin/time -o time_18_tyang863_vdhankar.txt -f "%U" python3 homework.py > stulog.txt 2>&1 on vdhankar #####
child exited with value 1
##### ERROR: /usr/bin/time -o time_18_tyang863_vdhankar.txt -f "%U" python3 homework.py > stulog.txt 2>&1 on vdhankar #####
##### Output of failed program (stdout + stderr): #####
Traceback (most recent call last):
  File "homework.py", line 546, in <module>
    print(end-start)
NameError: name 'end' is not defined
##### End of output of failed program #####
##### vdhankar plays [J c5 e3] in 3.48124980926514s #####
##### Running: /usr/lib/jvm/jdk-14.0.1/bin/java -jar /lab/itti/projects/checkers-competition/server/referee.jar on run_18_tyang863_vdhankar #####
Move is valid
##### SUCCESS: /usr/lib/jvm/jdk-14.0.1/bin/java -jar /lab/itti/projects/checkers-competition/server/referee.jar on run_18_tyang863_vdhankar #####
INPUT for tyang863:
GAME
WHITE
299.689512281418
.b.b.b.b
........
.b......
........
.......b
w...b...
.....w..
w.w.w.w.
##### Running: /usr/bin/time -o time_18_tyang863_vdhankar.txt -f "%U" ./homework > stulog.txt 2>&1 on tyang863 #####
##### SUCCESS: /usr/bin/time -o time_18_tyang863_vdhankar.txt -f "%U" ./homework > stulog.txt 2>&1 on tyang863 #####
##### tyang863 plays [J f2 d4] in 0.03s #####
##### Running: /usr/lib/jvm/jdk-14.0.1/bin/java -jar /lab/itti/projects/checkers-competition/server/referee.jar on run_18_tyang863_vdhankar #####
Move is valid
##### SUCCESS: /usr/lib/jvm/jdk-14.0.1/bin/java -jar /lab/itti/projects/checkers-competition/server/referee.jar on run_18_tyang863_vdhankar #####
INPUT for vdhankar:
GAME
BLACK
211.1806204319
.b.b.b.b
........
.b......
........
...w...b
w.......
........
w.w.w.w.
##### Running: /usr/bin/time -o time_18_tyang863_vdhankar.txt -f "%U" python3 homework.py > stulog.txt 2>&1 on vdhankar #####
child exited with value 1
##### ERROR: /usr/bin/time -o time_18_tyang863_vdhankar.txt -f "%U" python3 homework.py > stulog.txt 2>&1 on vdhankar #####
##### Output of failed program (stdout + stderr): #####
Traceback (most recent call last):
  File "homework.py", line 546, in <module>
    print(end-start)
NameError: name 'end' is not defined
##### End of output of failed program #####
##### vdhankar plays [E b6 a5] in 40.9524290561676s #####
##### Running: /usr/lib/jvm/jdk-14.0.1/bin/java -jar /lab/itti/projects/checkers-competition/server/referee.jar on run_18_tyang863_vdhankar #####
Move is valid
##### SUCCESS: /usr/lib/jvm/jdk-14.0.1/bin/java -jar /lab/itti/projects/checkers-competition/server/referee.jar on run_18_tyang863_vdhankar #####
INPUT for tyang863:
GAME
WHITE
299.659512281418
.b.b.b.b
........
........
b.......
...w...b
w.......
........
w.w.w.w.
##### Running: /usr/bin/time -o time_18_tyang863_vdhankar.txt -f "%U" ./homework > stulog.txt 2>&1 on tyang863 #####
##### SUCCESS: /usr/bin/time -o time_18_tyang863_vdhankar.txt -f "%U" ./homework > stulog.txt 2>&1 on tyang863 #####
##### tyang863 plays [E g1 f2] in 0.09s #####
##### Running: /usr/lib/jvm/jdk-14.0.1/bin/java -jar /lab/itti/projects/checkers-competition/server/referee.jar on run_18_tyang863_vdhankar #####
Move is valid
##### SUCCESS: /usr/lib/jvm/jdk-14.0.1/bin/java -jar /lab/itti/projects/checkers-competition/server/referee.jar on run_18_tyang863_vdhankar #####
INPUT for vdhankar:
GAME
BLACK
170.228191375732
.b.b.b.b
........
........
b.......
...w...b
w.......
.....w..
w.w.w...
##### Running: /usr/bin/time -o time_18_tyang863_vdhankar.txt -f "%U" python3 homework.py > stulog.txt 2>&1 on vdhankar #####
child exited with value 1
##### ERROR: /usr/bin/time -o time_18_tyang863_vdhankar.txt -f "%U" python3 homework.py > stulog.txt 2>&1 on vdhankar #####
##### Output of failed program (stdout + stderr): #####
Traceback (most recent call last):
  File "homework.py", line 546, in <module>
    print(end-start)
NameError: name 'end' is not defined
##### End of output of failed program #####
##### vdhankar plays [E h8 g7] in 29.9145760536194s #####
##### Running: /usr/lib/jvm/jdk-14.0.1/bin/java -jar /lab/itti/projects/checkers-competition/server/referee.jar on run_18_tyang863_vdhankar #####
Move is valid
##### SUCCESS: /usr/lib/jvm/jdk-14.0.1/bin/java -jar /lab/itti/projects/checkers-competition/server/referee.jar on run_18_tyang863_vdhankar #####
INPUT for tyang863:
GAME
WHITE
299.569512281418
.b.b.b..
......b.
........
b.......
...w...b
w.......
.....w..
w.w.w...
##### Running: /usr/bin/time -o time_18_tyang863_vdhankar.txt -f "%U" ./homework > stulog.txt 2>&1 on tyang863 #####
##### SUCCESS: /usr/bin/time -o time_18_tyang863_vdhankar.txt -f "%U" ./homework > stulog.txt 2>&1 on tyang863 #####
##### tyang863 plays [E a3 b4] in 0.06s #####
##### Running: /usr/lib/jvm/jdk-14.0.1/bin/java -jar /lab/itti/projects/checkers-competition/server/referee.jar on run_18_tyang863_vdhankar #####
Move is valid
##### SUCCESS: /usr/lib/jvm/jdk-14.0.1/bin/java -jar /lab/itti/projects/checkers-competition/server/referee.jar on run_18_tyang863_vdhankar #####
INPUT for vdhankar:
GAME
BLACK
140.313615322113
.b.b.b..
......b.
........
b.......
.w.w...b
........
.....w..
w.w.w...
##### Running: /usr/bin/time -o time_18_tyang863_vdhankar.txt -f "%U" python3 homework.py > stulog.txt 2>&1 on vdhankar #####
child exited with value 1
##### ERROR: /usr/bin/time -o time_18_tyang863_vdhankar.txt -f "%U" python3 homework.py > stulog.txt 2>&1 on vdhankar #####
##### Output of failed program (stdout + stderr): #####
Traceback (most recent call last):
  File "homework.py", line 546, in <module>
    print(end-start)
NameError: name 'end' is not defined
##### End of output of failed program #####
##### vdhankar plays [J a5 c3] in 5.19774389266968s #####
##### Running: /usr/lib/jvm/jdk-14.0.1/bin/java -jar /lab/itti/projects/checkers-competition/server/referee.jar on run_18_tyang863_vdhankar #####
Move is valid
##### SUCCESS: /usr/lib/jvm/jdk-14.0.1/bin/java -jar /lab/itti/projects/checkers-competition/server/referee.jar on run_18_tyang863_vdhankar #####
INPUT for tyang863:
GAME
WHITE
299.509512281418
.b.b.b..
......b.
........
........
...w...b
..b.....
.....w..
w.w.w...
##### Running: /usr/bin/time -o time_18_tyang863_vdhankar.txt -f "%U" ./homework > stulog.txt 2>&1 on tyang863 #####
##### SUCCESS: /usr/bin/time -o time_18_tyang863_vdhankar.txt -f "%U" ./homework > stulog.txt 2>&1 on tyang863 #####
##### tyang863 plays [E d4 e5] in 0.05s #####
##### Running: /usr/lib/jvm/jdk-14.0.1/bin/java -jar /lab/itti/projects/checkers-competition/server/referee.jar on run_18_tyang863_vdhankar #####
Move is valid
##### SUCCESS: /usr/lib/jvm/jdk-14.0.1/bin/java -jar /lab/itti/projects/checkers-competition/server/referee.jar on run_18_tyang863_vdhankar #####
INPUT for vdhankar:
GAME
BLACK
135.115871429443
.b.b.b..
......b.
........
....w...
.......b
..b.....
.....w..
w.w.w...
##### Running: /usr/bin/time -o time_18_tyang863_vdhankar.txt -f "%U" python3 homework.py > stulog.txt 2>&1 on vdhankar #####
child exited with value 1
##### ERROR: /usr/bin/time -o time_18_tyang863_vdhankar.txt -f "%U" python3 homework.py > stulog.txt 2>&1 on vdhankar #####
##### Output of failed program (stdout + stderr): #####
Traceback (most recent call last):
  File "homework.py", line 546, in <module>
    print(end-start)
NameError: name 'end' is not defined
##### End of output of failed program #####
##### vdhankar plays [E g7 h6] in 5.82823491096497s #####
##### Running: /usr/lib/jvm/jdk-14.0.1/bin/java -jar /lab/itti/projects/checkers-competition/server/referee.jar on run_18_tyang863_vdhankar #####
Move is valid
##### SUCCESS: /usr/lib/jvm/jdk-14.0.1/bin/java -jar /lab/itti/projects/checkers-competition/server/referee.jar on run_18_tyang863_vdhankar #####
INPUT for tyang863:
GAME
WHITE
299.459512281418
.b.b.b..
........
.......b
....w...
.......b
..b.....
.....w..
w.w.w...
##### Running: /usr/bin/time -o time_18_tyang863_vdhankar.txt -f "%U" ./homework > stulog.txt 2>&1 on tyang863 #####
##### SUCCESS: /usr/bin/time -o time_18_tyang863_vdhankar.txt -f "%U" ./homework > stulog.txt 2>&1 on tyang863 #####
##### tyang863 plays [E e5 f6] in 0.08s #####
##### Running: /usr/lib/jvm/jdk-14.0.1/bin/java -jar /lab/itti/projects/checkers-competition/server/referee.jar on run_18_tyang863_vdhankar #####
Move is valid
##### SUCCESS: /usr/lib/jvm/jdk-14.0.1/bin/java -jar /lab/itti/projects/checkers-competition/server/referee.jar on run_18_tyang863_vdhankar #####
INPUT for vdhankar:
GAME
BLACK
129.287636518478
.b.b.b..
........
.....w.b
........
.......b
..b.....
.....w..
w.w.w...
##### Running: /usr/bin/time -o time_18_tyang863_vdhankar.txt -f "%U" python3 homework.py > stulog.txt 2>&1 on vdhankar #####
child exited with value 1
##### ERROR: /usr/bin/time -o time_18_tyang863_vdhankar.txt -f "%U" python3 homework.py > stulog.txt 2>&1 on vdhankar #####
##### Output of failed program (stdout + stderr): #####
Traceback (most recent call last):
  File "homework.py", line 546, in <module>
    print(end-start)
NameError: name 'end' is not defined
##### End of output of failed program #####
##### vdhankar plays [E h6 g5] in 4.85087490081787s #####
##### Running: /usr/lib/jvm/jdk-14.0.1/bin/java -jar /lab/itti/projects/checkers-competition/server/referee.jar on run_18_tyang863_vdhankar #####
Move is valid
##### SUCCESS: /usr/lib/jvm/jdk-14.0.1/bin/java -jar /lab/itti/projects/checkers-competition/server/referee.jar on run_18_tyang863_vdhankar #####
INPUT for tyang863:
GAME
WHITE
299.379512281418
.b.b.b..
........
.....w..
......b.
.......b
..b.....
.....w..
w.w.w...
##### Running: /usr/bin/time -o time_18_tyang863_vdhankar.txt -f "%U" ./homework > stulog.txt 2>&1 on tyang863 #####
##### SUCCESS: /usr/bin/time -o time_18_tyang863_vdhankar.txt -f "%U" ./homework > stulog.txt 2>&1 on tyang863 #####
##### tyang863 plays [E f6 g7] in 0.02s #####
##### Running: /usr/lib/jvm/jdk-14.0.1/bin/java -jar /lab/itti/projects/checkers-competition/server/referee.jar on run_18_tyang863_vdhankar #####
Move is valid
##### SUCCESS: /usr/lib/jvm/jdk-14.0.1/bin/java -jar /lab/itti/projects/checkers-competition/server/referee.jar on run_18_tyang863_vdhankar #####
INPUT for vdhankar:
GAME
BLACK
124.436761617661
.b.b.b..
......w.
........
......b.
.......b
..b.....
.....w..
w.w.w...
##### Running: /usr/bin/time -o time_18_tyang863_vdhankar.txt -f "%U" python3 homework.py > stulog.txt 2>&1 on vdhankar #####
child exited with value 1
##### ERROR: /usr/bin/time -o time_18_tyang863_vdhankar.txt -f "%U" python3 homework.py > stulog.txt 2>&1 on vdhankar #####
##### Output of failed program (stdout + stderr): #####
Traceback (most recent call last):
  File "homework.py", line 546, in <module>
    print(end-start)
NameError: name 'end' is not defined
##### End of output of failed program #####
##### vdhankar plays [J f8 h6] in 1.18542885780334s #####
##### Running: /usr/lib/jvm/jdk-14.0.1/bin/java -jar /lab/itti/projects/checkers-competition/server/referee.jar on run_18_tyang863_vdhankar #####
Move is valid
##### SUCCESS: /usr/lib/jvm/jdk-14.0.1/bin/java -jar /lab/itti/projects/checkers-competition/server/referee.jar on run_18_tyang863_vdhankar #####
INPUT for tyang863:
GAME
WHITE
299.359512281418
.b.b....
........
.......b
......b.
.......b
..b.....
.....w..
w.w.w...
##### Running: /usr/bin/time -o time_18_tyang863_vdhankar.txt -f "%U" ./homework > stulog.txt 2>&1 on tyang863 #####
##### SUCCESS: /usr/bin/time -o time_18_tyang863_vdhankar.txt -f "%U" ./homework > stulog.txt 2>&1 on tyang863 #####
##### tyang863 plays [E a1 b2] in 0.0174639225006104s #####
##### Running: /usr/lib/jvm/jdk-14.0.1/bin/java -jar /lab/itti/projects/checkers-competition/server/referee.jar on run_18_tyang863_vdhankar #####
Move is valid
##### SUCCESS: /usr/lib/jvm/jdk-14.0.1/bin/java -jar /lab/itti/projects/checkers-competition/server/referee.jar on run_18_tyang863_vdhankar #####
INPUT for vdhankar:
GAME
BLACK
123.251332759857
.b.b....
........
.......b
......b.
.......b
..b.....
.w...w..
..w.w...
##### Running: /usr/bin/time -o time_18_tyang863_vdhankar.txt -f "%U" python3 homework.py > stulog.txt 2>&1 on vdhankar #####
child exited with value 1
##### ERROR: /usr/bin/time -o time_18_tyang863_vdhankar.txt -f "%U" python3 homework.py > stulog.txt 2>&1 on vdhankar #####
##### Output of failed program (stdout + stderr): #####
Traceback (most recent call last):
  File "homework.py", line 546, in <module>
    print(end-start)
NameError: name 'end' is not defined
##### End of output of failed program #####
##### vdhankar plays [J c3 a1] in 0.862544059753418s #####
##### Running: /usr/lib/jvm/jdk-14.0.1/bin/java -jar /lab/itti/projects/checkers-competition/server/referee.jar on run_18_tyang863_vdhankar #####
Move is valid
##### SUCCESS: /usr/lib/jvm/jdk-14.0.1/bin/java -jar /lab/itti/projects/checkers-competition/server/referee.jar on run_18_tyang863_vdhankar #####
INPUT for tyang863:
GAME
WHITE
299.342048358917
.b.b....
........
.......b
......b.
.......b
........
.....w..
B.w.w...
##### Running: /usr/bin/time -o time_18_tyang863_vdhankar.txt -f "%U" ./homework > stulog.txt 2>&1 on tyang863 #####
##### SUCCESS: /usr/bin/time -o time_18_tyang863_vdhankar.txt -f "%U" ./homework > stulog.txt 2>&1 on tyang863 #####
##### tyang863 plays [E f2 g3] in 0.00914406776428223s #####
##### Running: /usr/lib/jvm/jdk-14.0.1/bin/java -jar /lab/itti/projects/checkers-competition/server/referee.jar on run_18_tyang863_vdhankar #####
Move is valid
##### SUCCESS: /usr/lib/jvm/jdk-14.0.1/bin/java -jar /lab/itti/projects/checkers-competition/server/referee.jar on run_18_tyang863_vdhankar #####
INPUT for vdhankar:
GAME
BLACK
122.388788700104
.b.b....
........
.......b
......b.
.......b
......w.
........
B.w.w...
##### Running: /usr/bin/time -o time_18_tyang863_vdhankar.txt -f "%U" python3 homework.py > stulog.txt 2>&1 on vdhankar #####
child exited with value 1
##### ERROR: /usr/bin/time -o time_18_tyang863_vdhankar.txt -f "%U" python3 homework.py > stulog.txt 2>&1 on vdhankar #####
##### Output of failed program (stdout + stderr): #####
Traceback (most recent call last):
  File "homework.py", line 546, in <module>
    print(end-start)
NameError: name 'end' is not defined
##### End of output of failed program #####
##### vdhankar plays [J h4 f2] in 0.313643932342529s #####
##### Running: /usr/lib/jvm/jdk-14.0.1/bin/java -jar /lab/itti/projects/checkers-competition/server/referee.jar on run_18_tyang863_vdhankar #####
Move is valid
##### SUCCESS: /usr/lib/jvm/jdk-14.0.1/bin/java -jar /lab/itti/projects/checkers-competition/server/referee.jar on run_18_tyang863_vdhankar #####
INPUT for tyang863:
GAME
WHITE
299.332904291153
.b.b....
........
.......b
......b.
........
........
.....b..
B.w.w...
##### Running: /usr/bin/time -o time_18_tyang863_vdhankar.txt -f "%U" ./homework > stulog.txt 2>&1 on tyang863 #####
##### SUCCESS: /usr/bin/time -o time_18_tyang863_vdhankar.txt -f "%U" ./homework > stulog.txt 2>&1 on tyang863 #####
##### tyang863 plays [J e1 g3] in 0.00813889503479004s #####
##### Running: /usr/lib/jvm/jdk-14.0.1/bin/java -jar /lab/itti/projects/checkers-competition/server/referee.jar on run_18_tyang863_vdhankar #####
Move is valid
##### SUCCESS: /usr/lib/jvm/jdk-14.0.1/bin/java -jar /lab/itti/projects/checkers-competition/server/referee.jar on run_18_tyang863_vdhankar #####
INPUT for vdhankar:
GAME
BLACK
122.075144767761
.b.b....
........
.......b
......b.
........
......w.
........
B.w.....
##### Running: /usr/bin/time -o time_18_tyang863_vdhankar.txt -f "%U" python3 homework.py > stulog.txt 2>&1 on vdhankar #####
child exited with value 1
##### ERROR: /usr/bin/time -o time_18_tyang863_vdhankar.txt -f "%U" python3 homework.py > stulog.txt 2>&1 on vdhankar #####
##### Output of failed program (stdout + stderr): #####
Traceback (most recent call last):
  File "homework.py", line 546, in <module>
    print(end-start)
NameError: name 'end' is not defined
##### End of output of failed program #####
##### vdhankar plays [E g5 h4] in 1.23938703536987s #####
##### Running: /usr/lib/jvm/jdk-14.0.1/bin/java -jar /lab/itti/projects/checkers-competition/server/referee.jar on run_18_tyang863_vdhankar #####
Move is valid
##### SUCCESS: /usr/lib/jvm/jdk-14.0.1/bin/java -jar /lab/itti/projects/checkers-competition/server/referee.jar on run_18_tyang863_vdhankar #####
INPUT for tyang863:
GAME
WHITE
299.324765396118
.b.b....
........
.......b
........
.......b
......w.
........
B.w.....
##### Running: /usr/bin/time -o time_18_tyang863_vdhankar.txt -f "%U" ./homework > stulog.txt 2>&1 on tyang863 #####
##### SUCCESS: /usr/bin/time -o time_18_tyang863_vdhankar.txt -f "%U" ./homework > stulog.txt 2>&1 on tyang863 #####
##### tyang863 plays [E g3 f4] in 0.00874590873718262s #####
##### Running: /usr/lib/jvm/jdk-14.0.1/bin/java -jar /lab/itti/projects/checkers-competition/server/referee.jar on run_18_tyang863_vdhankar #####
Move is valid
##### SUCCESS: /usr/lib/jvm/jdk-14.0.1/bin/java -jar /lab/itti/projects/checkers-competition/server/referee.jar on run_18_tyang863_vdhankar #####
INPUT for vdhankar:
GAME
BLACK
120.835757732391
.b.b....
........
.......b
........
.....w.b
........
........
B.w.....
##### Running: /usr/bin/time -o time_18_tyang863_vdhankar.txt -f "%U" python3 homework.py > stulog.txt 2>&1 on vdhankar #####
child exited with value 1
##### ERROR: /usr/bin/time -o time_18_tyang863_vdhankar.txt -f "%U" python3 homework.py > stulog.txt 2>&1 on vdhankar #####
##### Output of failed program (stdout + stderr): #####
Traceback (most recent call last):
  File "homework.py", line 546, in <module>
    print(end-start)
NameError: name 'end' is not defined
##### End of output of failed program #####
##### vdhankar plays [E b8 c7] in 1.60896301269531s #####
##### Running: /usr/lib/jvm/jdk-14.0.1/bin/java -jar /lab/itti/projects/checkers-competition/server/referee.jar on run_18_tyang863_vdhankar #####
Move is valid
##### SUCCESS: /usr/lib/jvm/jdk-14.0.1/bin/java -jar /lab/itti/projects/checkers-competition/server/referee.jar on run_18_tyang863_vdhankar #####
INPUT for tyang863:
GAME
WHITE
299.316019487381
...b....
..b.....
.......b
........
.....w.b
........
........
B.w.....
##### Running: /usr/bin/time -o time_18_tyang863_vdhankar.txt -f "%U" ./homework > stulog.txt 2>&1 on tyang863 #####
##### SUCCESS: /usr/bin/time -o time_18_tyang863_vdhankar.txt -f "%U" ./homework > stulog.txt 2>&1 on tyang863 #####
##### tyang863 plays [E f4 e5] in 0.00914502143859863s #####
##### Running: /usr/lib/jvm/jdk-14.0.1/bin/java -jar /lab/itti/projects/checkers-competition/server/referee.jar on run_18_tyang863_vdhankar #####
Move is valid
##### SUCCESS: /usr/lib/jvm/jdk-14.0.1/bin/java -jar /lab/itti/projects/checkers-competition/server/referee.jar on run_18_tyang863_vdhankar #####
INPUT for vdhankar:
GAME
BLACK
119.226794719696
...b....
..b.....
.......b
....w...
.......b
........
........
B.w.....
##### Running: /usr/bin/time -o time_18_tyang863_vdhankar.txt -f "%U" python3 homework.py > stulog.txt 2>&1 on vdhankar #####
child exited with value 1
##### ERROR: /usr/bin/time -o time_18_tyang863_vdhankar.txt -f "%U" python3 homework.py > stulog.txt 2>&1 on vdhankar #####
##### Output of failed program (stdout + stderr): #####
Traceback (most recent call last):
  File "homework.py", line 546, in <module>
    print(end-start)
NameError: name 'end' is not defined
##### End of output of failed program #####
##### vdhankar plays [E d8 e7] in 0.815323114395142s #####
##### Running: /usr/lib/jvm/jdk-14.0.1/bin/java -jar /lab/itti/projects/checkers-competition/server/referee.jar on run_18_tyang863_vdhankar #####
Move is valid
##### SUCCESS: /usr/lib/jvm/jdk-14.0.1/bin/java -jar /lab/itti/projects/checkers-competition/server/referee.jar on run_18_tyang863_vdhankar #####
INPUT for tyang863:
GAME
WHITE
299.306874465942
........
..b.b...
.......b
....w...
.......b
........
........
B.w.....
##### Running: /usr/bin/time -o time_18_tyang863_vdhankar.txt -f "%U" ./homework > stulog.txt 2>&1 on tyang863 #####
##### SUCCESS: /usr/bin/time -o time_18_tyang863_vdhankar.txt -f "%U" ./homework > stulog.txt 2>&1 on tyang863 #####
##### tyang863 plays [E e5 f6] in 0.00811314582824707s #####
##### Running: /usr/lib/jvm/jdk-14.0.1/bin/java -jar /lab/itti/projects/checkers-competition/server/referee.jar on run_18_tyang863_vdhankar #####
Move is valid
##### SUCCESS: /usr/lib/jvm/jdk-14.0.1/bin/java -jar /lab/itti/projects/checkers-competition/server/referee.jar on run_18_tyang863_vdhankar #####
INPUT for vdhankar:
GAME
BLACK
118.411471605301
........
..b.b...
.....w.b
........
.......b
........
........
B.w.....
##### Running: /usr/bin/time -o time_18_tyang863_vdhankar.txt -f "%U" python3 homework.py > stulog.txt 2>&1 on vdhankar #####
child exited with value 1
##### ERROR: /usr/bin/time -o time_18_tyang863_vdhankar.txt -f "%U" python3 homework.py > stulog.txt 2>&1 on vdhankar #####
##### Output of failed program (stdout + stderr): #####
Traceback (most recent call last):
  File "homework.py", line 546, in <module>
    print(end-start)
NameError: name 'end' is not defined
##### End of output of failed program #####
##### vdhankar plays [J e7 g5] in 0.217483997344971s #####
##### Running: /usr/lib/jvm/jdk-14.0.1/bin/java -jar /lab/itti/projects/checkers-competition/server/referee.jar on run_18_tyang863_vdhankar #####
Move is valid
##### SUCCESS: /usr/lib/jvm/jdk-14.0.1/bin/java -jar /lab/itti/projects/checkers-competition/server/referee.jar on run_18_tyang863_vdhankar #####
INPUT for tyang863:
GAME
WHITE
299.298761320114
........
..b.....
.......b
......b.
.......b
........
........
B.w.....
##### Running: /usr/bin/time -o time_18_tyang863_vdhankar.txt -f "%U" ./homework > stulog.txt 2>&1 on tyang863 #####
##### SUCCESS: /usr/bin/time -o time_18_tyang863_vdhankar.txt -f "%U" ./homework > stulog.txt 2>&1 on tyang863 #####
##### tyang863 plays [E c1 b2] in 0.00849199295043945s #####
##### Running: /usr/lib/jvm/jdk-14.0.1/bin/java -jar /lab/itti/projects/checkers-competition/server/referee.jar on run_18_tyang863_vdhankar #####
Move is valid
##### SUCCESS: /usr/lib/jvm/jdk-14.0.1/bin/java -jar /lab/itti/projects/checkers-competition/server/referee.jar on run_18_tyang863_vdhankar #####
INPUT for vdhankar:
GAME
BLACK
118.193987607956
........
..b.....
.......b
......b.
.......b
........
.w......
B.......
##### Running: /usr/bin/time -o time_18_tyang863_vdhankar.txt -f "%U" python3 homework.py > stulog.txt 2>&1 on vdhankar #####
child exited with value 1
##### ERROR: /usr/bin/time -o time_18_tyang863_vdhankar.txt -f "%U" python3 homework.py > stulog.txt 2>&1 on vdhankar #####
##### Output of failed program (stdout + stderr): #####
Traceback (most recent call last):
  File "homework.py", line 546, in <module>
    print(end-start)
NameError: name 'end' is not defined
##### End of output of failed program #####
##### vdhankar plays [J a1 c3] in 0.290508031845093s #####
##### Running: /usr/lib/jvm/jdk-14.0.1/bin/java -jar /lab/itti/projects/checkers-competition/server/referee.jar on run_18_tyang863_vdhankar #####
Move is valid
After this move, player WHITE cannot make any moves
*** Winner: BLACK ***
##### SUCCESS: /usr/lib/jvm/jdk-14.0.1/bin/java -jar /lab/itti/projects/checkers-competition/server/referee.jar on run_18_tyang863_vdhankar #####
##### GAME OVER: vdhankar wins the game! #####
Server said: WIN
########## ROUND 18 GAMESCORE AFTER GAME 2: tyang863=1 and vdhankar=1 ##########
#################### ROUND 18: tyang863 (B) vs vdhankar (W): game 3 ####################
##### game start! #####
INPUT for tyang863:
GAME
BLACK
300
.b.b.b.b
b.b.b.b.
.b.b.b.b
........
........
w.w.w.w.
.w.w.w.w
w.w.w.w.
##### Running: /usr/bin/time -o time_18_tyang863_vdhankar.txt -f "%U" ./homework > stulog.txt 2>&1 on tyang863 #####
##### SUCCESS: /usr/bin/time -o time_18_tyang863_vdhankar.txt -f "%U" ./homework > stulog.txt 2>&1 on tyang863 #####
##### tyang863 plays [E f6 g5] in 0.01s #####
##### Running: /usr/lib/jvm/jdk-14.0.1/bin/java -jar /lab/itti/projects/checkers-competition/server/referee.jar on run_18_tyang863_vdhankar #####
Move is valid
Couldn't read file 'current_ply.txt'
Couldn't read content from file 'current_ply.txt'
Couldn't read file 'lastmatchange_ply.txt'
Couldn't read content from file 'lastmatchange_ply.txt'
##### SUCCESS: /usr/lib/jvm/jdk-14.0.1/bin/java -jar /lab/itti/projects/checkers-competition/server/referee.jar on run_18_tyang863_vdhankar #####
INPUT for vdhankar:
GAME
WHITE
300
.b.b.b.b
b.b.b.b.
.b.b...b
......b.
........
w.w.w.w.
.w.w.w.w
w.w.w.w.
##### Running: /usr/bin/time -o time_18_tyang863_vdhankar.txt -f "%U" python3 homework.py > stulog.txt 2>&1 on vdhankar #####
child exited with value 1
##### ERROR: /usr/bin/time -o time_18_tyang863_vdhankar.txt -f "%U" python3 homework.py > stulog.txt 2>&1 on vdhankar #####
##### Output of failed program (stdout + stderr): #####
Traceback (most recent call last):
  File "homework.py", line 546, in <module>
    print(end-start)
NameError: name 'end' is not defined
##### End of output of failed program #####
##### vdhankar plays [E g3 h4] in 8.63119983673096s #####
##### Running: /usr/lib/jvm/jdk-14.0.1/bin/java -jar /lab/itti/projects/checkers-competition/server/referee.jar on run_18_tyang863_vdhankar #####
Move is valid
##### SUCCESS: /usr/lib/jvm/jdk-14.0.1/bin/java -jar /lab/itti/projects/checkers-competition/server/referee.jar on run_18_tyang863_vdhankar #####
INPUT for tyang863:
GAME
BLACK
299.99
.b.b.b.b
b.b.b.b.
.b.b...b
......b.
.......w
w.w.w...
.w.w.w.w
w.w.w.w.
##### Running: /usr/bin/time -o time_18_tyang863_vdhankar.txt -f "%U" ./homework > stulog.txt 2>&1 on tyang863 #####
##### SUCCESS: /usr/bin/time -o time_18_tyang863_vdhankar.txt -f "%U" ./homework > stulog.txt 2>&1 on tyang863 #####
##### tyang863 plays [E d6 c5] in 0.0114810466766357s #####
##### Running: /usr/lib/jvm/jdk-14.0.1/bin/java -jar /lab/itti/projects/checkers-competition/server/referee.jar on run_18_tyang863_vdhankar #####
Move is valid
##### SUCCESS: /usr/lib/jvm/jdk-14.0.1/bin/java -jar /lab/itti/projects/checkers-competition/server/referee.jar on run_18_tyang863_vdhankar #####
INPUT for vdhankar:
GAME
WHITE
291.368800163269
.b.b.b.b
b.b.b.b.
.b.....b
..b...b.
.......w
w.w.w...
.w.w.w.w
w.w.w.w.
##### Running: /usr/bin/time -o time_18_tyang863_vdhankar.txt -f "%U" python3 homework.py > stulog.txt 2>&1 on vdhankar #####
child exited with value 1
##### ERROR: /usr/bin/time -o time_18_tyang863_vdhankar.txt -f "%U" python3 homework.py > stulog.txt 2>&1 on vdhankar #####
##### Output of failed program (stdout + stderr): #####
Traceback (most recent call last):
  File "homework.py", line 546, in <module>
    print(end-start)
NameError: name 'end' is not defined
##### End of output of failed program #####
##### vdhankar plays [J h4 f6] in 1.01551294326782s #####
##### Running: /usr/lib/jvm/jdk-14.0.1/bin/java -jar /lab/itti/projects/checkers-competition/server/referee.jar on run_18_tyang863_vdhankar #####
Move is valid
##### SUCCESS: /usr/lib/jvm/jdk-14.0.1/bin/java -jar /lab/itti/projects/checkers-competition/server/referee.jar on run_18_tyang863_vdhankar #####
INPUT for tyang863:
GAME
BLACK
299.978518953323
.b.b.b.b
b.b.b.b.
.b...w.b
..b.....
........
w.w.w...
.w.w.w.w
w.w.w.w.
##### Running: /usr/bin/time -o time_18_tyang863_vdhankar.txt -f "%U" ./homework > stulog.txt 2>&1 on tyang863 #####
##### SUCCESS: /usr/bin/time -o time_18_tyang863_vdhankar.txt -f "%U" ./homework > stulog.txt 2>&1 on tyang863 #####
##### tyang863 plays [J e7 g5] in 0.0113320350646973s #####
##### Running: /usr/lib/jvm/jdk-14.0.1/bin/java -jar /lab/itti/projects/checkers-competition/server/referee.jar on run_18_tyang863_vdhankar #####
Move is valid
##### SUCCESS: /usr/lib/jvm/jdk-14.0.1/bin/java -jar /lab/itti/projects/checkers-competition/server/referee.jar on run_18_tyang863_vdhankar #####
INPUT for vdhankar:
GAME
WHITE
290.353287220001
.b.b.b.b
b.b...b.
.b.....b
..b...b.
........
w.w.w...
.w.w.w.w
w.w.w.w.
##### Running: /usr/bin/time -o time_18_tyang863_vdhankar.txt -f "%U" python3 homework.py > stulog.txt 2>&1 on vdhankar #####
child exited with value 1
##### ERROR: /usr/bin/time -o time_18_tyang863_vdhankar.txt -f "%U" python3 homework.py > stulog.txt 2>&1 on vdhankar #####
##### Output of failed program (stdout + stderr): #####
Traceback (most recent call last):
  File "homework.py", line 546, in <module>
    print(end-start)
NameError: name 'end' is not defined
##### End of output of failed program #####
##### vdhankar plays [E f2 g3] in 6.86135387420654s #####
##### Running: /usr/lib/jvm/jdk-14.0.1/bin/java -jar /lab/itti/projects/checkers-competition/server/referee.jar on run_18_tyang863_vdhankar #####
Move is valid
##### SUCCESS: /usr/lib/jvm/jdk-14.0.1/bin/java -jar /lab/itti/projects/checkers-competition/server/referee.jar on run_18_tyang863_vdhankar #####
INPUT for tyang863:
GAME
BLACK
299.967186918259
.b.b.b.b
b.b...b.
.b.....b
..b...b.
........
w.w.w.w.
.w.w...w
w.w.w.w.
##### Running: /usr/bin/time -o time_18_tyang863_vdhankar.txt -f "%U" ./homework > stulog.txt 2>&1 on tyang863 #####
##### SUCCESS: /usr/bin/time -o time_18_tyang863_vdhankar.txt -f "%U" ./homework > stulog.txt 2>&1 on tyang863 #####
##### tyang863 plays [E g5 h4] in 0.01s #####
##### Running: /usr/lib/jvm/jdk-14.0.1/bin/java -jar /lab/itti/projects/checkers-competition/server/referee.jar on run_18_tyang863_vdhankar #####
Move is valid
##### SUCCESS: /usr/lib/jvm/jdk-14.0.1/bin/java -jar /lab/itti/projects/checkers-competition/server/referee.jar on run_18_tyang863_vdhankar #####
INPUT for vdhankar:
GAME
WHITE
283.491933345795
.b.b.b.b
b.b...b.
.b.....b
..b.....
.......b
w.w.w.w.
.w.w...w
w.w.w.w.
##### Running: /usr/bin/time -o time_18_tyang863_vdhankar.txt -f "%U" python3 homework.py > stulog.txt 2>&1 on vdhankar #####
child exited with value 1
##### ERROR: /usr/bin/time -o time_18_tyang863_vdhankar.txt -f "%U" python3 homework.py > stulog.txt 2>&1 on vdhankar #####
##### Output of failed program (stdout + stderr): #####
Traceback (most recent call last):
  File "homework.py", line 546, in <module>
    print(end-start)
NameError: name 'end' is not defined
##### End of output of failed program #####
##### vdhankar plays [E g1 f2] in 3.33686184883118s #####
##### Running: /usr/lib/jvm/jdk-14.0.1/bin/java -jar /lab/itti/projects/checkers-competition/server/referee.jar on run_18_tyang863_vdhankar #####
Move is valid
##### SUCCESS: /usr/lib/jvm/jdk-14.0.1/bin/java -jar /lab/itti/projects/checkers-competition/server/referee.jar on run_18_tyang863_vdhankar #####
INPUT for tyang863:
GAME
BLACK
299.957186918259
.b.b.b.b
b.b...b.
.b.....b
..b.....
.......b
w.w.w.w.
.w.w.w.w
w.w.w...
##### Running: /usr/bin/time -o time_18_tyang863_vdhankar.txt -f "%U" ./homework > stulog.txt 2>&1 on tyang863 #####
##### SUCCESS: /usr/bin/time -o time_18_tyang863_vdhankar.txt -f "%U" ./homework > stulog.txt 2>&1 on tyang863 #####
##### tyang863 plays [E h6 g5] in 0.01s #####
##### Running: /usr/lib/jvm/jdk-14.0.1/bin/java -jar /lab/itti/projects/checkers-competition/server/referee.jar on run_18_tyang863_vdhankar #####
Move is valid
##### SUCCESS: /usr/lib/jvm/jdk-14.0.1/bin/java -jar /lab/itti/projects/checkers-competition/server/referee.jar on run_18_tyang863_vdhankar #####
INPUT for vdhankar:
GAME
WHITE
280.155071496964
.b.b.b.b
b.b...b.
.b......
..b...b.
.......b
w.w.w.w.
.w.w.w.w
w.w.w...
##### Running: /usr/bin/time -o time_18_tyang863_vdhankar.txt -f "%U" python3 homework.py > stulog.txt 2>&1 on vdhankar #####
child exited with value 1
##### ERROR: /usr/bin/time -o time_18_tyang863_vdhankar.txt -f "%U" python3 homework.py > stulog.txt 2>&1 on vdhankar #####
##### Output of failed program (stdout + stderr): #####
Traceback (most recent call last):
  File "homework.py", line 546, in <module>
    print(end-start)
NameError: name 'end' is not defined
##### End of output of failed program #####
##### vdhankar plays [E g3 f4] in 5.1441662311554s #####
##### Running: /usr/lib/jvm/jdk-14.0.1/bin/java -jar /lab/itti/projects/checkers-competition/server/referee.jar on run_18_tyang863_vdhankar #####
Move is valid
##### SUCCESS: /usr/lib/jvm/jdk-14.0.1/bin/java -jar /lab/itti/projects/checkers-competition/server/referee.jar on run_18_tyang863_vdhankar #####
INPUT for tyang863:
GAME
BLACK
299.947186918259
.b.b.b.b
b.b...b.
.b......
..b...b.
.....w.b
w.w.w...
.w.w.w.w
w.w.w...
##### Running: /usr/bin/time -o time_18_tyang863_vdhankar.txt -f "%U" ./homework > stulog.txt 2>&1 on tyang863 #####
##### SUCCESS: /usr/bin/time -o time_18_tyang863_vdhankar.txt -f "%U" ./homework > stulog.txt 2>&1 on tyang863 #####
##### tyang863 plays [E g7 h6] in 0.0126979351043701s #####
##### Running: /usr/lib/jvm/jdk-14.0.1/bin/java -jar /lab/itti/projects/checkers-competition/server/referee.jar on run_18_tyang863_vdhankar #####
Move is valid
##### SUCCESS: /usr/lib/jvm/jdk-14.0.1/bin/java -jar /lab/itti/projects/checkers-competition/server/referee.jar on run_18_tyang863_vdhankar #####
INPUT for vdhankar:
GAME
WHITE
275.010905265808
.b.b.b.b
b.b.....
.b.....b
..b...b.
.....w.b
w.w.w...
.w.w.w.w
w.w.w...
##### Running: /usr/bin/time -o time_18_tyang863_vdhankar.txt -f "%U" python3 homework.py > stulog.txt 2>&1 on vdhankar #####
child exited with value 1
##### ERROR: /usr/bin/time -o time_18_tyang863_vdhankar.txt -f "%U" python3 homework.py > stulog.txt 2>&1 on vdhankar #####
##### Output of failed program (stdout + stderr): #####
Traceback (most recent call last):
  File "homework.py", line 546, in <module>
    print(end-start)
NameError: name 'end' is not defined
##### End of output of failed program #####
##### vdhankar plays [E h2 g3] in 4.35757517814636s #####
##### Running: /usr/lib/jvm/jdk-14.0.1/bin/java -jar /lab/itti/projects/checkers-competition/server/referee.jar on run_18_tyang863_vdhankar #####
Move is valid
##### SUCCESS: /usr/lib/jvm/jdk-14.0.1/bin/java -jar /lab/itti/projects/checkers-competition/server/referee.jar on run_18_tyang863_vdhankar #####
INPUT for tyang863:
GAME
BLACK
299.934488983154
.b.b.b.b
b.b.....
.b.....b
..b...b.
.....w.b
w.w.w.w.
.w.w.w..
w.w.w...
##### Running: /usr/bin/time -o time_18_tyang863_vdhankar.txt -f "%U" ./homework > stulog.txt 2>&1 on tyang863 #####
##### SUCCESS: /usr/bin/time -o time_18_tyang863_vdhankar.txt -f "%U" ./homework > stulog.txt 2>&1 on tyang863 #####
##### tyang863 plays [E c7 d6] in 0.00940704345703125s #####
##### Running: /usr/lib/jvm/jdk-14.0.1/bin/java -jar /lab/itti/projects/checkers-competition/server/referee.jar on run_18_tyang863_vdhankar #####
Move is valid
##### SUCCESS: /usr/lib/jvm/jdk-14.0.1/bin/java -jar /lab/itti/projects/checkers-competition/server/referee.jar on run_18_tyang863_vdhankar #####
INPUT for vdhankar:
GAME
WHITE
270.653330087662
.b.b.b.b
b.......
.b.b...b
..b...b.
.....w.b
w.w.w.w.
.w.w.w..
w.w.w...
##### Running: /usr/bin/time -o time_18_tyang863_vdhankar.txt -f "%U" python3 homework.py > stulog.txt 2>&1 on vdhankar #####
child exited with value 1
##### ERROR: /usr/bin/time -o time_18_tyang863_vdhankar.txt -f "%U" python3 homework.py > stulog.txt 2>&1 on vdhankar #####
##### Output of failed program (stdout + stderr): #####
Traceback (most recent call last):
  File "homework.py", line 546, in <module>
    print(end-start)
NameError: name 'end' is not defined
##### End of output of failed program #####
##### vdhankar plays [E c3 d4] in 4.48928999900818s #####
##### Running: /usr/lib/jvm/jdk-14.0.1/bin/java -jar /lab/itti/projects/checkers-competition/server/referee.jar on run_18_tyang863_vdhankar #####
Move is valid
##### SUCCESS: /usr/lib/jvm/jdk-14.0.1/bin/java -jar /lab/itti/projects/checkers-competition/server/referee.jar on run_18_tyang863_vdhankar #####
INPUT for tyang863:
GAME
BLACK
299.925081939697
.b.b.b.b
b.......
.b.b...b
..b...b.
...w.w.b
w...w.w.
.w.w.w..
w.w.w...
##### Running: /usr/bin/time -o time_18_tyang863_vdhankar.txt -f "%U" ./homework > stulog.txt 2>&1 on tyang863 #####
##### SUCCESS: /usr/bin/time -o time_18_tyang863_vdhankar.txt -f "%U" ./homework > stulog.txt 2>&1 on tyang863 #####
##### tyang863 plays [E b6 a5] in 0.0130410194396973s #####
##### Running: /usr/lib/jvm/jdk-14.0.1/bin/java -jar /lab/itti/projects/checkers-competition/server/referee.jar on run_18_tyang863_vdhankar #####
Move is valid
##### SUCCESS: /usr/lib/jvm/jdk-14.0.1/bin/java -jar /lab/itti/projects/checkers-competition/server/referee.jar on run_18_tyang863_vdhankar #####
INPUT for vdhankar:
GAME
WHITE
266.164040088654
.b.b.b.b
b.......
...b...b
b.b...b.
...w.w.b
w...w.w.
.w.w.w..
w.w.w...
##### Running: /usr/bin/time -o time_18_tyang863_vdhankar.txt -f "%U" python3 homework.py > stulog.txt 2>&1 on vdhankar #####
child exited with value 1
##### ERROR: /usr/bin/time -o time_18_tyang863_vdhankar.txt -f "%U" python3 homework.py > stulog.txt 2>&1 on vdhankar #####
##### Output of failed program (stdout + stderr): #####
Traceback (most recent call last):
  File "homework.py", line 546, in <module>
    print(end-start)
NameError: name 'end' is not defined
##### End of output of failed program #####
##### vdhankar plays [J d4 b6] in 0.680270910263062s #####
##### Running: /usr/lib/jvm/jdk-14.0.1/bin/java -jar /lab/itti/projects/checkers-competition/server/referee.jar on run_18_tyang863_vdhankar #####
Move is valid
##### SUCCESS: /usr/lib/jvm/jdk-14.0.1/bin/java -jar /lab/itti/projects/checkers-competition/server/referee.jar on run_18_tyang863_vdhankar #####
INPUT for tyang863:
GAME
BLACK
299.912040920258
.b.b.b.b
b.......
.w.b...b
b.....b.
.....w.b
w...w.w.
.w.w.w..
w.w.w...
##### Running: /usr/bin/time -o time_18_tyang863_vdhankar.txt -f "%U" ./homework > stulog.txt 2>&1 on tyang863 #####
##### SUCCESS: /usr/bin/time -o time_18_tyang863_vdhankar.txt -f "%U" ./homework > stulog.txt 2>&1 on tyang863 #####
##### tyang863 plays [J a7 c5] in 0.00958919525146484s #####
##### Running: /usr/lib/jvm/jdk-14.0.1/bin/java -jar /lab/itti/projects/checkers-competition/server/referee.jar on run_18_tyang863_vdhankar #####
Move is valid
##### SUCCESS: /usr/lib/jvm/jdk-14.0.1/bin/java -jar /lab/itti/projects/checkers-competition/server/referee.jar on run_18_tyang863_vdhankar #####
INPUT for vdhankar:
GAME
WHITE
265.483769178391
.b.b.b.b
........
...b...b
b.b...b.
.....w.b
w...w.w.
.w.w.w..
w.w.w...
##### Running: /usr/bin/time -o time_18_tyang863_vdhankar.txt -f "%U" python3 homework.py > stulog.txt 2>&1 on vdhankar #####
child exited with value 1
##### ERROR: /usr/bin/time -o time_18_tyang863_vdhankar.txt -f "%U" python3 homework.py > stulog.txt 2>&1 on vdhankar #####
##### Output of failed program (stdout + stderr): #####
Traceback (most recent call last):
  File "homework.py", line 546, in <module>
    print(end-start)
NameError: name 'end' is not defined
##### End of output of failed program #####
##### vdhankar plays [E d2 c3] in 3.20459985733032s #####
##### Running: /usr/lib/jvm/jdk-14.0.1/bin/java -jar /lab/itti/projects/checkers-competition/server/referee.jar on run_18_tyang863_vdhankar #####
Move is valid
##### SUCCESS: /usr/lib/jvm/jdk-14.0.1/bin/java -jar /lab/itti/projects/checkers-competition/server/referee.jar on run_18_tyang863_vdhankar #####
INPUT for tyang863:
GAME
BLACK
299.902451725006
.b.b.b.b
........
...b...b
b.b...b.
.....w.b
w.w.w.w.
.w...w..
w.w.w...
##### Running: /usr/bin/time -o time_18_tyang863_vdhankar.txt -f "%U" ./homework > stulog.txt 2>&1 on tyang863 #####
##### SUCCESS: /usr/bin/time -o time_18_tyang863_vdhankar.txt -f "%U" ./homework > stulog.txt 2>&1 on tyang863 #####
##### tyang863 plays [E a5 b4] in 0.014988899230957s #####
##### Running: /usr/lib/jvm/jdk-14.0.1/bin/java -jar /lab/itti/projects/checkers-competition/server/referee.jar on run_18_tyang863_vdhankar #####
Move is valid
##### SUCCESS: /usr/lib/jvm/jdk-14.0.1/bin/java -jar /lab/itti/projects/checkers-competition/server/referee.jar on run_18_tyang863_vdhankar #####
INPUT for vdhankar:
GAME
WHITE
262.27916932106
.b.b.b.b
........
...b...b
..b...b.
.b...w.b
w.w.w.w.
.w...w..
w.w.w...
##### Running: /usr/bin/time -o time_18_tyang863_vdhankar.txt -f "%U" python3 homework.py > stulog.txt 2>&1 on vdhankar #####
child exited with value 1
##### ERROR: /usr/bin/time -o time_18_tyang863_vdhankar.txt -f "%U" python3 homework.py > stulog.txt 2>&1 on vdhankar #####
##### Output of failed program (stdout + stderr): #####
Traceback (most recent call last):
  File "homework.py", line 546, in <module>
    print(end-start)
NameError: name 'end' is not defined
##### End of output of failed program #####
##### vdhankar plays [J c3 a5] in 3.17705607414246s #####
##### Running: /usr/lib/jvm/jdk-14.0.1/bin/java -jar /lab/itti/projects/checkers-competition/server/referee.jar on run_18_tyang863_vdhankar #####
Move is valid
##### SUCCESS: /usr/lib/jvm/jdk-14.0.1/bin/java -jar /lab/itti/projects/checkers-competition/server/referee.jar on run_18_tyang863_vdhankar #####
INPUT for tyang863:
GAME
BLACK
299.887462825775
.b.b.b.b
........
...b...b
w.b...b.
.....w.b
w...w.w.
.w...w..
w.w.w...
##### Running: /usr/bin/time -o time_18_tyang863_vdhankar.txt -f "%U" ./homework > stulog.txt 2>&1 on tyang863 #####
##### SUCCESS: /usr/bin/time -o time_18_tyang863_vdhankar.txt -f "%U" ./homework > stulog.txt 2>&1 on tyang863 #####
##### tyang863 plays [E c5 d4] in 0.11s #####
##### Running: /usr/lib/jvm/jdk-14.0.1/bin/java -jar /lab/itti/projects/checkers-competition/server/referee.jar on run_18_tyang863_vdhankar #####
Move is valid
##### SUCCESS: /usr/lib/jvm/jdk-14.0.1/bin/java -jar /lab/itti/projects/checkers-competition/server/referee.jar on run_18_tyang863_vdhankar #####
INPUT for vdhankar:
GAME
WHITE
259.102113246918
.b.b.b.b
........
...b...b
w.....b.
...b.w.b
w...w.w.
.w...w..
w.w.w...
##### Running: /usr/bin/time -o time_18_tyang863_vdhankar.txt -f "%U" python3 homework.py > stulog.txt 2>&1 on vdhankar #####
child exited with value 1
##### ERROR: /usr/bin/time -o time_18_tyang863_vdhankar.txt -f "%U" python3 homework.py > stulog.txt 2>&1 on vdhankar #####
##### Output of failed program (stdout + stderr): #####
Traceback (most recent call last):
  File "homework.py", line 546, in <module>
    print(end-start)
NameError: name 'end' is not defined
##### End of output of failed program #####
##### vdhankar plays [J e3 c5 ; J c5 e7] in 1.00546097755432s #####
##### Running: /usr/lib/jvm/jdk-14.0.1/bin/java -jar /lab/itti/projects/checkers-competition/server/referee.jar on run_18_tyang863_vdhankar #####
Move is valid
##### SUCCESS: /usr/lib/jvm/jdk-14.0.1/bin/java -jar /lab/itti/projects/checkers-competition/server/referee.jar on run_18_tyang863_vdhankar #####
INPUT for tyang863:
GAME
BLACK
299.777462825775
.b.b.b.b
....w...
.......b
w.....b.
.....w.b
w.....w.
.w...w..
w.w.w...
##### Running: /usr/bin/time -o time_18_tyang863_vdhankar.txt -f "%U" ./homework > stulog.txt 2>&1 on tyang863 #####
##### SUCCESS: /usr/bin/time -o time_18_tyang863_vdhankar.txt -f "%U" ./homework > stulog.txt 2>&1 on tyang863 #####
##### tyang863 plays [J g5 e3 ; J e3 g1] in 0.01s #####
##### Running: /usr/lib/jvm/jdk-14.0.1/bin/java -jar /lab/itti/projects/checkers-competition/server/referee.jar on run_18_tyang863_vdhankar #####
Move is valid
##### SUCCESS: /usr/lib/jvm/jdk-14.0.1/bin/java -jar /lab/itti/projects/checkers-competition/server/referee.jar on run_18_tyang863_vdhankar #####
INPUT for vdhankar:
GAME
WHITE
258.096652269363
.b.b.b.b
....w...
.......b
w.......
.......b
w.....w.
.w......
w.w.w.B.
##### Running: /usr/bin/time -o time_18_tyang863_vdhankar.txt -f "%U" python3 homework.py > stulog.txt 2>&1 on vdhankar #####
child exited with value 1
##### ERROR: /usr/bin/time -o time_18_tyang863_vdhankar.txt -f "%U" python3 homework.py > stulog.txt 2>&1 on vdhankar #####
##### Output of failed program (stdout + stderr): #####
Traceback (most recent call last):
  File "homework.py", line 546, in <module>
    print(end-start)
NameError: name 'end' is not defined
##### End of output of failed program #####
##### vdhankar plays [E b2 c3] in 6.4603419303894s #####
##### Running: /usr/lib/jvm/jdk-14.0.1/bin/java -jar /lab/itti/projects/checkers-competition/server/referee.jar on run_18_tyang863_vdhankar #####
Move is valid
##### SUCCESS: /usr/lib/jvm/jdk-14.0.1/bin/java -jar /lab/itti/projects/checkers-competition/server/referee.jar on run_18_tyang863_vdhankar #####
INPUT for tyang863:
GAME
BLACK
299.767462825775
.b.b.b.b
....w...
.......b
w.......
.......b
w.w...w.
........
w.w.w.B.
##### Running: /usr/bin/time -o time_18_tyang863_vdhankar.txt -f "%U" ./homework > stulog.txt 2>&1 on tyang863 #####
##### SUCCESS: /usr/bin/time -o time_18_tyang863_vdhankar.txt -f "%U" ./homework > stulog.txt 2>&1 on tyang863 #####
##### tyang863 plays [J h4 f2] in 0.01s #####
##### Running: /usr/lib/jvm/jdk-14.0.1/bin/java -jar /lab/itti/projects/checkers-competition/server/referee.jar on run_18_tyang863_vdhankar #####
Move is valid
##### SUCCESS: /usr/lib/jvm/jdk-14.0.1/bin/java -jar /lab/itti/projects/checkers-competition/server/referee.jar on run_18_tyang863_vdhankar #####
INPUT for vdhankar:
GAME
WHITE
251.636310338974
.b.b.b.b
....w...
.......b
w.......
........
w.w.....
.....b..
w.w.w.B.
##### Running: /usr/bin/time -o time_18_tyang863_vdhankar.txt -f "%U" python3 homework.py > stulog.txt 2>&1 on vdhankar #####
child exited with value 1
##### ERROR: /usr/bin/time -o time_18_tyang863_vdhankar.txt -f "%U" python3 homework.py > stulog.txt 2>&1 on vdhankar #####
##### Output of failed program (stdout + stderr): #####
Traceback (most recent call last):
  File "homework.py", line 546, in <module>
    print(end-start)
NameError: name 'end' is not defined
##### End of output of failed program #####
##### vdhankar plays [J e1 g3] in 6.63897395133972s #####
##### Running: /usr/lib/jvm/jdk-14.0.1/bin/java -jar /lab/itti/projects/checkers-competition/server/referee.jar on run_18_tyang863_vdhankar #####
Move is valid
##### SUCCESS: /usr/lib/jvm/jdk-14.0.1/bin/java -jar /lab/itti/projects/checkers-competition/server/referee.jar on run_18_tyang863_vdhankar #####
INPUT for tyang863:
GAME
BLACK
299.757462825775
.b.b.b.b
....w...
.......b
w.......
........
w.w...w.
........
w.w...B.
##### Running: /usr/bin/time -o time_18_tyang863_vdhankar.txt -f "%U" ./homework > stulog.txt 2>&1 on tyang863 #####
##### SUCCESS: /usr/bin/time -o time_18_tyang863_vdhankar.txt -f "%U" ./homework > stulog.txt 2>&1 on tyang863 #####
##### tyang863 plays [J f8 d6] in 0.04s #####
##### Running: /usr/lib/jvm/jdk-14.0.1/bin/java -jar /lab/itti/projects/checkers-competition/server/referee.jar on run_18_tyang863_vdhankar #####
Move is valid
##### SUCCESS: /usr/lib/jvm/jdk-14.0.1/bin/java -jar /lab/itti/projects/checkers-competition/server/referee.jar on run_18_tyang863_vdhankar #####
INPUT for vdhankar:
GAME
WHITE
244.997336387634
.b.b...b
........
...b...b
w.......
........
w.w...w.
........
w.w...B.
##### Running: /usr/bin/time -o time_18_tyang863_vdhankar.txt -f "%U" python3 homework.py > stulog.txt 2>&1 on vdhankar #####
child exited with value 1
##### ERROR: /usr/bin/time -o time_18_tyang863_vdhankar.txt -f "%U" python3 homework.py > stulog.txt 2>&1 on vdhankar #####
##### Output of failed program (stdout + stderr): #####
Traceback (most recent call last):
  File "homework.py", line 546, in <module>
    print(end-start)
NameError: name 'end' is not defined
##### End of output of failed program #####
##### vdhankar plays [E g3 h4] in 43.4327869415283s #####
##### Running: /usr/lib/jvm/jdk-14.0.1/bin/java -jar /lab/itti/projects/checkers-competition/server/referee.jar on run_18_tyang863_vdhankar #####
Move is valid
##### SUCCESS: /usr/lib/jvm/jdk-14.0.1/bin/java -jar /lab/itti/projects/checkers-competition/server/referee.jar on run_18_tyang863_vdhankar #####
INPUT for tyang863:
GAME
BLACK
299.717462825775
.b.b...b
........
...b...b
w.......
.......w
w.w.....
........
w.w...B.
##### Running: /usr/bin/time -o time_18_tyang863_vdhankar.txt -f "%U" ./homework > stulog.txt 2>&1 on tyang863 #####
##### SUCCESS: /usr/bin/time -o time_18_tyang863_vdhankar.txt -f "%U" ./homework > stulog.txt 2>&1 on tyang863 #####
##### tyang863 plays [E g1 f2] in 0.08s #####
##### Running: /usr/lib/jvm/jdk-14.0.1/bin/java -jar /lab/itti/projects/checkers-competition/server/referee.jar on run_18_tyang863_vdhankar #####
Move is valid
##### SUCCESS: /usr/lib/jvm/jdk-14.0.1/bin/java -jar /lab/itti/projects/checkers-competition/server/referee.jar on run_18_tyang863_vdhankar #####
INPUT for vdhankar:
GAME
WHITE
201.564549446106
.b.b...b
........
...b...b
w.......
.......w
w.w.....
.....B..
w.w.....
##### Running: /usr/bin/time -o time_18_tyang863_vdhankar.txt -f "%U" python3 homework.py > stulog.txt 2>&1 on vdhankar #####
child exited with value 1
##### ERROR: /usr/bin/time -o time_18_tyang863_vdhankar.txt -f "%U" python3 homework.py > stulog.txt 2>&1 on vdhankar #####
##### Output of failed program (stdout + stderr): #####
Traceback (most recent call last):
  File "homework.py", line 546, in <module>
    print(end-start)
NameError: name 'end' is not defined
##### End of output of failed program #####
##### vdhankar plays [E c1 d2] in 15.3135080337524s #####
##### Running: /usr/lib/jvm/jdk-14.0.1/bin/java -jar /lab/itti/projects/checkers-competition/server/referee.jar on run_18_tyang863_vdhankar #####
Move is valid
##### SUCCESS: /usr/lib/jvm/jdk-14.0.1/bin/java -jar /lab/itti/projects/checkers-competition/server/referee.jar on run_18_tyang863_vdhankar #####
INPUT for tyang863:
GAME
BLACK
299.637462825775
.b.b...b
........
...b...b
w.......
.......w
w.w.....
...w.B..
w.......
##### Running: /usr/bin/time -o time_18_tyang863_vdhankar.txt -f "%U" ./homework > stulog.txt 2>&1 on tyang863 #####
##### SUCCESS: /usr/bin/time -o time_18_tyang863_vdhankar.txt -f "%U" ./homework > stulog.txt 2>&1 on tyang863 #####
##### tyang863 plays [E f2 e1] in 0.05s #####
##### Running: /usr/lib/jvm/jdk-14.0.1/bin/java -jar /lab/itti/projects/checkers-competition/server/referee.jar on run_18_tyang863_vdhankar #####
Move is valid
##### SUCCESS: /usr/lib/jvm/jdk-14.0.1/bin/java -jar /lab/itti/projects/checkers-competition/server/referee.jar on run_18_tyang863_vdhankar #####
INPUT for vdhankar:
GAME
WHITE
186.251041412354
.b.b...b
........
...b...b
w.......
.......w
w.w.....
...w....
w...B...
##### Running: /usr/bin/time -o time_18_tyang863_vdhankar.txt -f "%U" python3 homework.py > stulog.txt 2>&1 on vdhankar #####
child exited with value 1
##### ERROR: /usr/bin/time -o time_18_tyang863_vdhankar.txt -f "%U" python3 homework.py > stulog.txt 2>&1 on vdhankar #####
##### Output of failed program (stdout + stderr): #####
Traceback (most recent call last):
  File "homework.py", line 546, in <module>
    print(end-start)
NameError: name 'end' is not defined
##### End of output of failed program #####
##### vdhankar plays [E d2 e3] in 9.28959798812866s #####
##### Running: /usr/lib/jvm/jdk-14.0.1/bin/java -jar /lab/itti/projects/checkers-competition/server/referee.jar on run_18_tyang863_vdhankar #####
Move is valid
##### SUCCESS: /usr/lib/jvm/jdk-14.0.1/bin/java -jar /lab/itti/projects/checkers-competition/server/referee.jar on run_18_tyang863_vdhankar #####
INPUT for tyang863:
GAME
BLACK
299.587462825775
.b.b...b
........
...b...b
w.......
.......w
w.w.w...
........
w...B...
##### Running: /usr/bin/time -o time_18_tyang863_vdhankar.txt -f "%U" ./homework > stulog.txt 2>&1 on tyang863 #####
##### SUCCESS: /usr/bin/time -o time_18_tyang863_vdhankar.txt -f "%U" ./homework > stulog.txt 2>&1 on tyang863 #####
##### tyang863 plays [E e1 f2] in 0.05s #####
##### Running: /usr/lib/jvm/jdk-14.0.1/bin/java -jar /lab/itti/projects/checkers-competition/server/referee.jar on run_18_tyang863_vdhankar #####
Move is valid
##### SUCCESS: /usr/lib/jvm/jdk-14.0.1/bin/java -jar /lab/itti/projects/checkers-competition/server/referee.jar on run_18_tyang863_vdhankar #####
INPUT for vdhankar:
GAME
WHITE
176.961443424225
.b.b...b
........
...b...b
w.......
.......w
w.w.w...
.....B..
w.......
##### Running: /usr/bin/time -o time_18_tyang863_vdhankar.txt -f "%U" python3 homework.py > stulog.txt 2>&1 on vdhankar #####
child exited with value 1
##### ERROR: /usr/bin/time -o time_18_tyang863_vdhankar.txt -f "%U" python3 homework.py > stulog.txt 2>&1 on vdhankar #####
##### Output of failed program (stdout + stderr): #####
Traceback (most recent call last):
  File "homework.py", line 546, in <module>
    print(end-start)
NameError: name 'end' is not defined
##### End of output of failed program #####
##### vdhankar plays [E a1 b2] in 7.99445104598999s #####
##### Running: /usr/lib/jvm/jdk-14.0.1/bin/java -jar /lab/itti/projects/checkers-competition/server/referee.jar on run_18_tyang863_vdhankar #####
Move is valid
##### SUCCESS: /usr/lib/jvm/jdk-14.0.1/bin/java -jar /lab/itti/projects/checkers-competition/server/referee.jar on run_18_tyang863_vdhankar #####
INPUT for tyang863:
GAME
BLACK
299.537462825775
.b.b...b
........
...b...b
w.......
.......w
w.w.w...
.w...B..
........
##### Running: /usr/bin/time -o time_18_tyang863_vdhankar.txt -f "%U" ./homework > stulog.txt 2>&1 on tyang863 #####
##### SUCCESS: /usr/bin/time -o time_18_tyang863_vdhankar.txt -f "%U" ./homework > stulog.txt 2>&1 on tyang863 #####
##### tyang863 plays [J f2 d4] in 0.00779104232788086s #####
##### Running: /usr/lib/jvm/jdk-14.0.1/bin/java -jar /lab/itti/projects/checkers-competition/server/referee.jar on run_18_tyang863_vdhankar #####
Move is valid
##### SUCCESS: /usr/lib/jvm/jdk-14.0.1/bin/java -jar /lab/itti/projects/checkers-competition/server/referee.jar on run_18_tyang863_vdhankar #####
INPUT for vdhankar:
GAME
WHITE
168.966992378235
.b.b...b
........
...b...b
w.......
...B...w
w.w.....
.w......
........
##### Running: /usr/bin/time -o time_18_tyang863_vdhankar.txt -f "%U" python3 homework.py > stulog.txt 2>&1 on vdhankar #####
child exited with value 1
##### ERROR: /usr/bin/time -o time_18_tyang863_vdhankar.txt -f "%U" python3 homework.py > stulog.txt 2>&1 on vdhankar #####
##### Output of failed program (stdout + stderr): #####
Traceback (most recent call last):
  File "homework.py", line 546, in <module>
    print(end-start)
NameError: name 'end' is not defined
##### End of output of failed program #####
##### vdhankar plays [J c3 e5 ; J e5 c7] in 0.302448034286499s #####
##### Running: /usr/lib/jvm/jdk-14.0.1/bin/java -jar /lab/itti/projects/checkers-competition/server/referee.jar on run_18_tyang863_vdhankar #####
Move is valid
##### SUCCESS: /usr/lib/jvm/jdk-14.0.1/bin/java -jar /lab/itti/projects/checkers-competition/server/referee.jar on run_18_tyang863_vdhankar #####
INPUT for tyang863:
GAME
BLACK
299.529671783447
.b.b...b
..w.....
.......b
w.......
.......w
w.......
.w......
........
##### Running: /usr/bin/time -o time_18_tyang863_vdhankar.txt -f "%U" ./homework > stulog.txt 2>&1 on tyang863 #####
##### SUCCESS: /usr/bin/time -o time_18_tyang863_vdhankar.txt -f "%U" ./homework > stulog.txt 2>&1 on tyang863 #####
##### tyang863 plays [J d8 b6] in 0.00772714614868164s #####
##### Running: /usr/lib/jvm/jdk-14.0.1/bin/java -jar /lab/itti/projects/checkers-competition/server/referee.jar on run_18_tyang863_vdhankar #####
Move is valid
##### SUCCESS: /usr/lib/jvm/jdk-14.0.1/bin/java -jar /lab/itti/projects/checkers-competition/server/referee.jar on run_18_tyang863_vdhankar #####
INPUT for vdhankar:
GAME
WHITE
168.664544343948
.b.....b
........
.b.....b
w.......
.......w
w.......
.w......
........
##### Running: /usr/bin/time -o time_18_tyang863_vdhankar.txt -f "%U" python3 homework.py > stulog.txt 2>&1 on vdhankar #####
child exited with value 1
##### ERROR: /usr/bin/time -o time_18_tyang863_vdhankar.txt -f "%U" python3 homework.py > stulog.txt 2>&1 on vdhankar #####
##### Output of failed program (stdout + stderr): #####
Traceback (most recent call last):
  File "homework.py", line 546, in <module>
    print(end-start)
NameError: name 'end' is not defined
##### End of output of failed program #####
##### vdhankar plays [J a5 c7] in 0.258888006210327s #####
##### Running: /usr/lib/jvm/jdk-14.0.1/bin/java -jar /lab/itti/projects/checkers-competition/server/referee.jar on run_18_tyang863_vdhankar #####
Move is valid
##### SUCCESS: /usr/lib/jvm/jdk-14.0.1/bin/java -jar /lab/itti/projects/checkers-competition/server/referee.jar on run_18_tyang863_vdhankar #####
INPUT for tyang863:
GAME
BLACK
299.521944637299
.b.....b
..w.....
.......b
........
.......w
w.......
.w......
........
##### Running: /usr/bin/time -o time_18_tyang863_vdhankar.txt -f "%U" ./homework > stulog.txt 2>&1 on tyang863 #####
##### SUCCESS: /usr/bin/time -o time_18_tyang863_vdhankar.txt -f "%U" ./homework > stulog.txt 2>&1 on tyang863 #####
##### tyang863 plays [J b8 d6] in 0.0072629451751709s #####
##### Running: /usr/lib/jvm/jdk-14.0.1/bin/java -jar /lab/itti/projects/checkers-competition/server/referee.jar on run_18_tyang863_vdhankar #####
Move is valid
##### SUCCESS: /usr/lib/jvm/jdk-14.0.1/bin/java -jar /lab/itti/projects/checkers-competition/server/referee.jar on run_18_tyang863_vdhankar #####
INPUT for vdhankar:
GAME
WHITE
168.405656337738
.......b
........
...b...b
........
.......w
w.......
.w......
........
##### Running: /usr/bin/time -o time_18_tyang863_vdhankar.txt -f "%U" python3 homework.py > stulog.txt 2>&1 on vdhankar #####
child exited with value 1
##### ERROR: /usr/bin/time -o time_18_tyang863_vdhankar.txt -f "%U" python3 homework.py > stulog.txt 2>&1 on vdhankar #####
##### Output of failed program (stdout + stderr): #####
Traceback (most recent call last):
  File "homework.py", line 546, in <module>
    print(end-start)
NameError: name 'end' is not defined
##### End of output of failed program #####
##### vdhankar plays [E b2 c3] in 0.409230947494507s #####
##### Running: /usr/lib/jvm/jdk-14.0.1/bin/java -jar /lab/itti/projects/checkers-competition/server/referee.jar on run_18_tyang863_vdhankar #####
Move is valid
##### SUCCESS: /usr/lib/jvm/jdk-14.0.1/bin/java -jar /lab/itti/projects/checkers-competition/server/referee.jar on run_18_tyang863_vdhankar #####
INPUT for tyang863:
GAME
BLACK
299.514681692123
.......b
........
...b...b
........
.......w
w.w.....
........
........
##### Running: /usr/bin/time -o time_18_tyang863_vdhankar.txt -f "%U" ./homework > stulog.txt 2>&1 on tyang863 #####
##### SUCCESS: /usr/bin/time -o time_18_tyang863_vdhankar.txt -f "%U" ./homework > stulog.txt 2>&1 on tyang863 #####
##### tyang863 plays [E d6 e5] in 0.00767207145690918s #####
##### Running: /usr/lib/jvm/jdk-14.0.1/bin/java -jar /lab/itti/projects/checkers-competition/server/referee.jar on run_18_tyang863_vdhankar #####
Move is valid
##### SUCCESS: /usr/lib/jvm/jdk-14.0.1/bin/java -jar /lab/itti/projects/checkers-competition/server/referee.jar on run_18_tyang863_vdhankar #####
INPUT for vdhankar:
GAME
WHITE
167.996425390244
.......b
........
.......b
....b...
.......w
w.w.....
........
........
##### Running: /usr/bin/time -o time_18_tyang863_vdhankar.txt -f "%U" python3 homework.py > stulog.txt 2>&1 on vdhankar #####
child exited with value 1
##### ERROR: /usr/bin/time -o time_18_tyang863_vdhankar.txt -f "%U" python3 homework.py > stulog.txt 2>&1 on vdhankar #####
##### Output of failed program (stdout + stderr): #####
Traceback (most recent call last):
  File "homework.py", line 546, in <module>
    print(end-start)
NameError: name 'end' is not defined
##### End of output of failed program #####
##### vdhankar plays [E a3 b4] in 0.445857048034668s #####
##### Running: /usr/lib/jvm/jdk-14.0.1/bin/java -jar /lab/itti/projects/checkers-competition/server/referee.jar on run_18_tyang863_vdhankar #####
Move is valid
##### SUCCESS: /usr/lib/jvm/jdk-14.0.1/bin/java -jar /lab/itti/projects/checkers-competition/server/referee.jar on run_18_tyang863_vdhankar #####
INPUT for tyang863:
GAME
BLACK
299.507009620667
.......b
........
.......b
....b...
.w.....w
..w.....
........
........
##### Running: /usr/bin/time -o time_18_tyang863_vdhankar.txt -f "%U" ./homework > stulog.txt 2>&1 on tyang863 #####
##### SUCCESS: /usr/bin/time -o time_18_tyang863_vdhankar.txt -f "%U" ./homework > stulog.txt 2>&1 on tyang863 #####
##### tyang863 plays [E e5 f4] in 0.00751304626464844s #####
##### Running: /usr/lib/jvm/jdk-14.0.1/bin/java -jar /lab/itti/projects/checkers-competition/server/referee.jar on run_18_tyang863_vdhankar #####
Move is valid
##### SUCCESS: /usr/lib/jvm/jdk-14.0.1/bin/java -jar /lab/itti/projects/checkers-competition/server/referee.jar on run_18_tyang863_vdhankar #####
INPUT for vdhankar:
GAME
WHITE
167.550568342209
.......b
........
.......b
........
.w...b.w
..w.....
........
........
##### Running: /usr/bin/time -o time_18_tyang863_vdhankar.txt -f "%U" python3 homework.py > stulog.txt 2>&1 on vdhankar #####
child exited with value 1
##### ERROR: /usr/bin/time -o time_18_tyang863_vdhankar.txt -f "%U" python3 homework.py > stulog.txt 2>&1 on vdhankar #####
##### Output of failed program (stdout + stderr): #####
Traceback (most recent call last):
  File "homework.py", line 546, in <module>
    print(end-start)
NameError: name 'end' is not defined
##### End of output of failed program #####
##### vdhankar plays [E c3 d4] in 0.873500108718872s #####
##### Running: /usr/lib/jvm/jdk-14.0.1/bin/java -jar /lab/itti/projects/checkers-competition/server/referee.jar on run_18_tyang863_vdhankar #####
Move is valid
##### SUCCESS: /usr/lib/jvm/jdk-14.0.1/bin/java -jar /lab/itti/projects/checkers-competition/server/referee.jar on run_18_tyang863_vdhankar #####
INPUT for tyang863:
GAME
BLACK
299.499496574402
.......b
........
.......b
........
.w.w.b.w
........
........
........
##### Running: /usr/bin/time -o time_18_tyang863_vdhankar.txt -f "%U" ./homework > stulog.txt 2>&1 on tyang863 #####
##### SUCCESS: /usr/bin/time -o time_18_tyang863_vdhankar.txt -f "%U" ./homework > stulog.txt 2>&1 on tyang863 #####
##### tyang863 plays [E f4 e3] in 0.00771498680114746s #####
##### Running: /usr/lib/jvm/jdk-14.0.1/bin/java -jar /lab/itti/projects/checkers-competition/server/referee.jar on run_18_tyang863_vdhankar #####
Move is valid
##### SUCCESS: /usr/lib/jvm/jdk-14.0.1/bin/java -jar /lab/itti/projects/checkers-competition/server/referee.jar on run_18_tyang863_vdhankar #####
INPUT for vdhankar:
GAME
WHITE
166.67706823349
.......b
........
.......b
........
.w.w...w
....b...
........
........
##### Running: /usr/bin/time -o time_18_tyang863_vdhankar.txt -f "%U" python3 homework.py > stulog.txt 2>&1 on vdhankar #####
child exited with value 1
##### ERROR: /usr/bin/time -o time_18_tyang863_vdhankar.txt -f "%U" python3 homework.py > stulog.txt 2>&1 on vdhankar #####
##### Output of failed program (stdout + stderr): #####
Traceback (most recent call last):
  File "homework.py", line 546, in <module>
    print(end-start)
NameError: name 'end' is not defined
##### End of output of failed program #####
##### vdhankar plays [E b4 c5] in 0.739399909973145s #####
##### Running: /usr/lib/jvm/jdk-14.0.1/bin/java -jar /lab/itti/projects/checkers-competition/server/referee.jar on run_18_tyang863_vdhankar #####
Move is valid
##### SUCCESS: /usr/lib/jvm/jdk-14.0.1/bin/java -jar /lab/itti/projects/checkers-competition/server/referee.jar on run_18_tyang863_vdhankar #####
INPUT for tyang863:
GAME
BLACK
299.491781587601
.......b
........
.......b
..w.....
...w...w
....b...
........
........
##### Running: /usr/bin/time -o time_18_tyang863_vdhankar.txt -f "%U" ./homework > stulog.txt 2>&1 on tyang863 #####
##### SUCCESS: /usr/bin/time -o time_18_tyang863_vdhankar.txt -f "%U" ./homework > stulog.txt 2>&1 on tyang863 #####
##### tyang863 plays [E e3 d2] in 0.00762104988098145s #####
##### Running: /usr/lib/jvm/jdk-14.0.1/bin/java -jar /lab/itti/projects/checkers-competition/server/referee.jar on run_18_tyang863_vdhankar #####
Move is valid
##### SUCCESS: /usr/lib/jvm/jdk-14.0.1/bin/java -jar /lab/itti/projects/checkers-competition/server/referee.jar on run_18_tyang863_vdhankar #####
INPUT for vdhankar:
GAME
WHITE
165.937668323517
.......b
........
.......b
..w.....
...w...w
........
...b....
........
##### Running: /usr/bin/time -o time_18_tyang863_vdhankar.txt -f "%U" python3 homework.py > stulog.txt 2>&1 on vdhankar #####
child exited with value 1
##### ERROR: /usr/bin/time -o time_18_tyang863_vdhankar.txt -f "%U" python3 homework.py > stulog.txt 2>&1 on vdhankar #####
##### Output of failed program (stdout + stderr): #####
Traceback (most recent call last):
  File "homework.py", line 546, in <module>
    print(end-start)
NameError: name 'end' is not defined
##### End of output of failed program #####
##### vdhankar plays [E d4 e5] in 0.796016931533813s #####
##### Running: /usr/lib/jvm/jdk-14.0.1/bin/java -jar /lab/itti/projects/checkers-competition/server/referee.jar on run_18_tyang863_vdhankar #####
Move is valid
##### SUCCESS: /usr/lib/jvm/jdk-14.0.1/bin/java -jar /lab/itti/projects/checkers-competition/server/referee.jar on run_18_tyang863_vdhankar #####
INPUT for tyang863:
GAME
BLACK
299.48416053772
.......b
........
.......b
..w.w...
.......w
........
...b....
........
##### Running: /usr/bin/time -o time_18_tyang863_vdhankar.txt -f "%U" ./homework > stulog.txt 2>&1 on tyang863 #####
##### SUCCESS: /usr/bin/time -o time_18_tyang863_vdhankar.txt -f "%U" ./homework > stulog.txt 2>&1 on tyang863 #####
##### tyang863 plays [E h8 g7] in 0.00733089447021484s #####
##### Running: /usr/lib/jvm/jdk-14.0.1/bin/java -jar /lab/itti/projects/checkers-competition/server/referee.jar on run_18_tyang863_vdhankar #####
Move is valid
##### SUCCESS: /usr/lib/jvm/jdk-14.0.1/bin/java -jar /lab/itti/projects/checkers-competition/server/referee.jar on run_18_tyang863_vdhankar #####
INPUT for vdhankar:
GAME
WHITE
165.141651391983
........
......b.
.......b
..w.w...
.......w
........
...b....
........
##### Running: /usr/bin/time -o time_18_tyang863_vdhankar.txt -f "%U" python3 homework.py > stulog.txt 2>&1 on vdhankar #####
child exited with value 1
##### ERROR: /usr/bin/time -o time_18_tyang863_vdhankar.txt -f "%U" python3 homework.py > stulog.txt 2>&1 on vdhankar #####
##### Output of failed program (stdout + stderr): #####
Traceback (most recent call last):
  File "homework.py", line 546, in <module>
    print(end-start)
NameError: name 'end' is not defined
##### End of output of failed program #####
##### vdhankar plays [E e5 d6] in 0.577702045440674s #####
##### Running: /usr/lib/jvm/jdk-14.0.1/bin/java -jar /lab/itti/projects/checkers-competition/server/referee.jar on run_18_tyang863_vdhankar #####
Move is valid
##### SUCCESS: /usr/lib/jvm/jdk-14.0.1/bin/java -jar /lab/itti/projects/checkers-competition/server/referee.jar on run_18_tyang863_vdhankar #####
INPUT for tyang863:
GAME
BLACK
299.47682964325
........
......b.
...w...b
..w.....
.......w
........
...b....
........
##### Running: /usr/bin/time -o time_18_tyang863_vdhankar.txt -f "%U" ./homework > stulog.txt 2>&1 on tyang863 #####
##### SUCCESS: /usr/bin/time -o time_18_tyang863_vdhankar.txt -f "%U" ./homework > stulog.txt 2>&1 on tyang863 #####
##### tyang863 plays [E d2 c1] in 0.00756192207336426s #####
##### Running: /usr/lib/jvm/jdk-14.0.1/bin/java -jar /lab/itti/projects/checkers-competition/server/referee.jar on run_18_tyang863_vdhankar #####
Move is valid
##### SUCCESS: /usr/lib/jvm/jdk-14.0.1/bin/java -jar /lab/itti/projects/checkers-competition/server/referee.jar on run_18_tyang863_vdhankar #####
INPUT for vdhankar:
GAME
WHITE
164.563949346542
........
......b.
...w...b
..w.....
.......w
........
........
..B.....
##### Running: /usr/bin/time -o time_18_tyang863_vdhankar.txt -f "%U" python3 homework.py > stulog.txt 2>&1 on vdhankar #####
child exited with value 1
##### ERROR: /usr/bin/time -o time_18_tyang863_vdhankar.txt -f "%U" python3 homework.py > stulog.txt 2>&1 on vdhankar #####
##### Output of failed program (stdout + stderr): #####
Traceback (most recent call last):
  File "homework.py", line 546, in <module>
    print(end-start)
NameError: name 'end' is not defined
##### End of output of failed program #####
##### vdhankar plays [E c5 b6] in 0.88512110710144s #####
##### Running: /usr/lib/jvm/jdk-14.0.1/bin/java -jar /lab/itti/projects/checkers-competition/server/referee.jar on run_18_tyang863_vdhankar #####
Move is valid
##### SUCCESS: /usr/lib/jvm/jdk-14.0.1/bin/java -jar /lab/itti/projects/checkers-competition/server/referee.jar on run_18_tyang863_vdhankar #####
INPUT for tyang863:
GAME
BLACK
299.469267721176
........
......b.
.w.w...b
........
.......w
........
........
..B.....
##### Running: /usr/bin/time -o time_18_tyang863_vdhankar.txt -f "%U" ./homework > stulog.txt 2>&1 on tyang863 #####
##### SUCCESS: /usr/bin/time -o time_18_tyang863_vdhankar.txt -f "%U" ./homework > stulog.txt 2>&1 on tyang863 #####
##### tyang863 plays [E c1 b2] in 0.00761103630065918s #####
##### Running: /usr/lib/jvm/jdk-14.0.1/bin/java -jar /lab/itti/projects/checkers-competition/server/referee.jar on run_18_tyang863_vdhankar #####
Move is valid
##### SUCCESS: /usr/lib/jvm/jdk-14.0.1/bin/java -jar /lab/itti/projects/checkers-competition/server/referee.jar on run_18_tyang863_vdhankar #####
INPUT for vdhankar:
GAME
WHITE
163.678828239441
........
......b.
.w.w...b
........
.......w
........
.B......
........
##### Running: /usr/bin/time -o time_18_tyang863_vdhankar.txt -f "%U" python3 homework.py > stulog.txt 2>&1 on vdhankar #####
child exited with value 1
##### ERROR: /usr/bin/time -o time_18_tyang863_vdhankar.txt -f "%U" python3 homework.py > stulog.txt 2>&1 on vdhankar #####
##### Output of failed program (stdout + stderr): #####
Traceback (most recent call last):
  File "homework.py", line 546, in <module>
    print(end-start)
NameError: name 'end' is not defined
##### End of output of failed program #####
##### vdhankar plays [E d6 e7] in 0.84552001953125s #####
##### Running: /usr/lib/jvm/jdk-14.0.1/bin/java -jar /lab/itti/projects/checkers-competition/server/referee.jar on run_18_tyang863_vdhankar #####
Move is valid
##### SUCCESS: /usr/lib/jvm/jdk-14.0.1/bin/java -jar /lab/itti/projects/checkers-competition/server/referee.jar on run_18_tyang863_vdhankar #####
INPUT for tyang863:
GAME
BLACK
299.461656684875
........
....w.b.
.w.....b
........
.......w
........
.B......
........
##### Running: /usr/bin/time -o time_18_tyang863_vdhankar.txt -f "%U" ./homework > stulog.txt 2>&1 on tyang863 #####
##### SUCCESS: /usr/bin/time -o time_18_tyang863_vdhankar.txt -f "%U" ./homework > stulog.txt 2>&1 on tyang863 #####
##### tyang863 plays [E b2 a3] in 0.00769591331481934s #####
##### Running: /usr/lib/jvm/jdk-14.0.1/bin/java -jar /lab/itti/projects/checkers-competition/server/referee.jar on run_18_tyang863_vdhankar #####
Move is valid
##### SUCCESS: /usr/lib/jvm/jdk-14.0.1/bin/java -jar /lab/itti/projects/checkers-competition/server/referee.jar on run_18_tyang863_vdhankar #####
INPUT for vdhankar:
GAME
WHITE
162.83330821991
........
....w.b.
.w.....b
........
.......w
B.......
........
........
##### Running: /usr/bin/time -o time_18_tyang863_vdhankar.txt -f "%U" python3 homework.py > stulog.txt 2>&1 on vdhankar #####
child exited with value 1
##### ERROR: /usr/bin/time -o time_18_tyang863_vdhankar.txt -f "%U" python3 homework.py > stulog.txt 2>&1 on vdhankar #####
##### Output of failed program (stdout + stderr): #####
Traceback (most recent call last):
  File "homework.py", line 546, in <module>
    print(end-start)
NameError: name 'end' is not defined
##### End of output of failed program #####
##### vdhankar plays [E b6 c7] in 0.991468906402588s #####
##### Running: /usr/lib/jvm/jdk-14.0.1/bin/java -jar /lab/itti/projects/checkers-competition/server/referee.jar on run_18_tyang863_vdhankar #####
Move is valid
##### SUCCESS: /usr/lib/jvm/jdk-14.0.1/bin/java -jar /lab/itti/projects/checkers-competition/server/referee.jar on run_18_tyang863_vdhankar #####
INPUT for tyang863:
GAME
BLACK
299.453960771561
........
..w.w.b.
.......b
........
.......w
B.......
........
........
##### Running: /usr/bin/time -o time_18_tyang863_vdhankar.txt -f "%U" ./homework > stulog.txt 2>&1 on tyang863 #####
##### SUCCESS: /usr/bin/time -o time_18_tyang863_vdhankar.txt -f "%U" ./homework > stulog.txt 2>&1 on tyang863 #####
##### tyang863 plays [E a3 b4] in 0.00767683982849121s #####
##### Running: /usr/lib/jvm/jdk-14.0.1/bin/java -jar /lab/itti/projects/checkers-competition/server/referee.jar on run_18_tyang863_vdhankar #####
Move is valid
##### SUCCESS: /usr/lib/jvm/jdk-14.0.1/bin/java -jar /lab/itti/projects/checkers-competition/server/referee.jar on run_18_tyang863_vdhankar #####
INPUT for vdhankar:
GAME
WHITE
161.841839313507
........
..w.w.b.
.......b
........
.B.....w
........
........
........
##### Running: /usr/bin/time -o time_18_tyang863_vdhankar.txt -f "%U" python3 homework.py > stulog.txt 2>&1 on vdhankar #####
child exited with value 1
##### ERROR: /usr/bin/time -o time_18_tyang863_vdhankar.txt -f "%U" python3 homework.py > stulog.txt 2>&1 on vdhankar #####
##### Output of failed program (stdout + stderr): #####
Traceback (most recent call last):
  File "homework.py", line 546, in <module>
    print(end-start)
NameError: name 'end' is not defined
##### End of output of failed program #####
##### vdhankar plays [E e7 f8] in 0.84414005279541s #####
##### Running: /usr/lib/jvm/jdk-14.0.1/bin/java -jar /lab/itti/projects/checkers-competition/server/referee.jar on run_18_tyang863_vdhankar #####
Move is valid
##### SUCCESS: /usr/lib/jvm/jdk-14.0.1/bin/java -jar /lab/itti/projects/checkers-competition/server/referee.jar on run_18_tyang863_vdhankar #####
INPUT for tyang863:
GAME
BLACK
299.446283931732
.....W..
..w...b.
.......b
........
.B.....w
........
........
........
##### Running: /usr/bin/time -o time_18_tyang863_vdhankar.txt -f "%U" ./homework > stulog.txt 2>&1 on tyang863 #####
##### SUCCESS: /usr/bin/time -o time_18_tyang863_vdhankar.txt -f "%U" ./homework > stulog.txt 2>&1 on tyang863 #####
##### tyang863 plays [E b4 a5] in 0.00803899765014648s #####
##### Running: /usr/lib/jvm/jdk-14.0.1/bin/java -jar /lab/itti/projects/checkers-competition/server/referee.jar on run_18_tyang863_vdhankar #####
Move is valid
##### SUCCESS: /usr/lib/jvm/jdk-14.0.1/bin/java -jar /lab/itti/projects/checkers-competition/server/referee.jar on run_18_tyang863_vdhankar #####
INPUT for vdhankar:
GAME
WHITE
160.997699260712
.....W..
..w...b.
.......b
B.......
.......w
........
........
........
##### Running: /usr/bin/time -o time_18_tyang863_vdhankar.txt -f "%U" python3 homework.py > stulog.txt 2>&1 on vdhankar #####
child exited with value 1
##### ERROR: /usr/bin/time -o time_18_tyang863_vdhankar.txt -f "%U" python3 homework.py > stulog.txt 2>&1 on vdhankar #####
##### Output of failed program (stdout + stderr): #####
Traceback (most recent call last):
  File "homework.py", line 546, in <module>
    print(end-start)
NameError: name 'end' is not defined
##### End of output of failed program #####
##### vdhankar plays [E h4 g5] in 0.714790821075439s #####
##### Running: /usr/lib/jvm/jdk-14.0.1/bin/java -jar /lab/itti/projects/checkers-competition/server/referee.jar on run_18_tyang863_vdhankar #####
Move is valid
##### SUCCESS: /usr/lib/jvm/jdk-14.0.1/bin/java -jar /lab/itti/projects/checkers-competition/server/referee.jar on run_18_tyang863_vdhankar #####
INPUT for tyang863:
GAME
BLACK
299.438244934082
.....W..
..w...b.
.......b
B.....w.
........
........
........
........
##### Running: /usr/bin/time -o time_18_tyang863_vdhankar.txt -f "%U" ./homework > stulog.txt 2>&1 on tyang863 #####
##### SUCCESS: /usr/bin/time -o time_18_tyang863_vdhankar.txt -f "%U" ./homework > stulog.txt 2>&1 on tyang863 #####
##### tyang863 plays [J h6 f4] in 0.00746607780456543s #####
##### Running: /usr/lib/jvm/jdk-14.0.1/bin/java -jar /lab/itti/projects/checkers-competition/server/referee.jar on run_18_tyang863_vdhankar #####
Move is valid
##### SUCCESS: /usr/lib/jvm/jdk-14.0.1/bin/java -jar /lab/itti/projects/checkers-competition/server/referee.jar on run_18_tyang863_vdhankar #####
INPUT for vdhankar:
GAME
WHITE
160.282908439636
.....W..
..w...b.
........
B.......
.....b..
........
........
........
##### Running: /usr/bin/time -o time_18_tyang863_vdhankar.txt -f "%U" python3 homework.py > stulog.txt 2>&1 on vdhankar #####
child exited with value 1
##### ERROR: /usr/bin/time -o time_18_tyang863_vdhankar.txt -f "%U" python3 homework.py > stulog.txt 2>&1 on vdhankar #####
##### Output of failed program (stdout + stderr): #####
Traceback (most recent call last):
  File "homework.py", line 546, in <module>
    print(end-start)
NameError: name 'end' is not defined
##### End of output of failed program #####
##### vdhankar plays [J f8 h6] in 0.692647933959961s #####
##### Running: /usr/lib/jvm/jdk-14.0.1/bin/java -jar /lab/itti/projects/checkers-competition/server/referee.jar on run_18_tyang863_vdhankar #####
Move is valid
##### SUCCESS: /usr/lib/jvm/jdk-14.0.1/bin/java -jar /lab/itti/projects/checkers-competition/server/referee.jar on run_18_tyang863_vdhankar #####
INPUT for tyang863:
GAME
BLACK
299.430778856277
........
..w.....
.......W
B.......
.....b..
........
........
........
##### Running: /usr/bin/time -o time_18_tyang863_vdhankar.txt -f "%U" ./homework > stulog.txt 2>&1 on tyang863 #####
##### SUCCESS: /usr/bin/time -o time_18_tyang863_vdhankar.txt -f "%U" ./homework > stulog.txt 2>&1 on tyang863 #####
##### tyang863 plays [E f4 e3] in 0.0073249340057373s #####
##### Running: /usr/lib/jvm/jdk-14.0.1/bin/java -jar /lab/itti/projects/checkers-competition/server/referee.jar on run_18_tyang863_vdhankar #####
Move is valid
##### SUCCESS: /usr/lib/jvm/jdk-14.0.1/bin/java -jar /lab/itti/projects/checkers-competition/server/referee.jar on run_18_tyang863_vdhankar #####
INPUT for vdhankar:
GAME
WHITE
159.590260505676
........
..w.....
.......W
B.......
........
....b...
........
........
##### Running: /usr/bin/time -o time_18_tyang863_vdhankar.txt -f "%U" python3 homework.py > stulog.txt 2>&1 on vdhankar #####
child exited with value 1
##### ERROR: /usr/bin/time -o time_18_tyang863_vdhankar.txt -f "%U" python3 homework.py > stulog.txt 2>&1 on vdhankar #####
##### Output of failed program (stdout + stderr): #####
Traceback (most recent call last):
  File "homework.py", line 546, in <module>
    print(end-start)
NameError: name 'end' is not defined
##### End of output of failed program #####
##### vdhankar plays [E h6 g5] in 1.53562498092651s #####
##### Running: /usr/lib/jvm/jdk-14.0.1/bin/java -jar /lab/itti/projects/checkers-competition/server/referee.jar on run_18_tyang863_vdhankar #####
Move is valid
##### SUCCESS: /usr/lib/jvm/jdk-14.0.1/bin/java -jar /lab/itti/projects/checkers-competition/server/referee.jar on run_18_tyang863_vdhankar #####
INPUT for tyang863:
GAME
BLACK
299.423453922272
........
..w.....
........
B.....W.
........
....b...
........
........
##### Running: /usr/bin/time -o time_18_tyang863_vdhankar.txt -f "%U" ./homework > stulog.txt 2>&1 on tyang863 #####
##### SUCCESS: /usr/bin/time -o time_18_tyang863_vdhankar.txt -f "%U" ./homework > stulog.txt 2>&1 on tyang863 #####
##### tyang863 plays [E a5 b4] in 0.00808191299438477s #####
##### Running: /usr/lib/jvm/jdk-14.0.1/bin/java -jar /lab/itti/projects/checkers-competition/server/referee.jar on run_18_tyang863_vdhankar #####
Move is valid
##### SUCCESS: /usr/lib/jvm/jdk-14.0.1/bin/java -jar /lab/itti/projects/checkers-competition/server/referee.jar on run_18_tyang863_vdhankar #####
INPUT for vdhankar:
GAME
WHITE
158.05463552475
........
..w.....
........
......W.
.B......
....b...
........
........
##### Running: /usr/bin/time -o time_18_tyang863_vdhankar.txt -f "%U" python3 homework.py > stulog.txt 2>&1 on vdhankar #####
child exited with value 1
##### ERROR: /usr/bin/time -o time_18_tyang863_vdhankar.txt -f "%U" python3 homework.py > stulog.txt 2>&1 on vdhankar #####
##### Output of failed program (stdout + stderr): #####
Traceback (most recent call last):
  File "homework.py", line 546, in <module>
    print(end-start)
NameError: name 'end' is not defined
##### End of output of failed program #####
##### vdhankar plays [E g5 f4] in 6.48435306549072s #####
##### Running: /usr/lib/jvm/jdk-14.0.1/bin/java -jar /lab/itti/projects/checkers-competition/server/referee.jar on run_18_tyang863_vdhankar #####
Move is valid
##### SUCCESS: /usr/lib/jvm/jdk-14.0.1/bin/java -jar /lab/itti/projects/checkers-competition/server/referee.jar on run_18_tyang863_vdhankar #####
INPUT for tyang863:
GAME
BLACK
299.415372009277
........
..w.....
........
........
.B...W..
....b...
........
........
##### Running: /usr/bin/time -o time_18_tyang863_vdhankar.txt -f "%U" ./homework > stulog.txt 2>&1 on tyang863 #####
##### SUCCESS: /usr/bin/time -o time_18_tyang863_vdhankar.txt -f "%U" ./homework > stulog.txt 2>&1 on tyang863 #####
##### tyang863 plays [E e3 d2] in 0.007598876953125s #####
##### Running: /usr/lib/jvm/jdk-14.0.1/bin/java -jar /lab/itti/projects/checkers-competition/server/referee.jar on run_18_tyang863_vdhankar #####
Move is valid
##### SUCCESS: /usr/lib/jvm/jdk-14.0.1/bin/java -jar /lab/itti/projects/checkers-competition/server/referee.jar on run_18_tyang863_vdhankar #####
INPUT for vdhankar:
GAME
WHITE
151.570282459259
........
..w.....
........
........
.B...W..
........
...b....
........
##### Running: /usr/bin/time -o time_18_tyang863_vdhankar.txt -f "%U" python3 homework.py > stulog.txt 2>&1 on vdhankar #####
child exited with value 1
##### ERROR: /usr/bin/time -o time_18_tyang863_vdhankar.txt -f "%U" python3 homework.py > stulog.txt 2>&1 on vdhankar #####
##### Output of failed program (stdout + stderr): #####
Traceback (most recent call last):
  File "homework.py", line 546, in <module>
    print(end-start)
NameError: name 'end' is not defined
##### End of output of failed program #####
##### vdhankar plays [E f4 g5] in 3.46793699264526s #####
##### Running: /usr/lib/jvm/jdk-14.0.1/bin/java -jar /lab/itti/projects/checkers-competition/server/referee.jar on run_18_tyang863_vdhankar #####
Move is valid
##### SUCCESS: /usr/lib/jvm/jdk-14.0.1/bin/java -jar /lab/itti/projects/checkers-competition/server/referee.jar on run_18_tyang863_vdhankar #####
INPUT for tyang863:
GAME
BLACK
299.407773132324
........
..w.....
........
......W.
.B......
........
...b....
........
##### Running: /usr/bin/time -o time_18_tyang863_vdhankar.txt -f "%U" ./homework > stulog.txt 2>&1 on tyang863 #####
##### SUCCESS: /usr/bin/time -o time_18_tyang863_vdhankar.txt -f "%U" ./homework > stulog.txt 2>&1 on tyang863 #####
##### tyang863 plays [E b4 a3] in 0.00846982002258301s #####
##### Running: /usr/lib/jvm/jdk-14.0.1/bin/java -jar /lab/itti/projects/checkers-competition/server/referee.jar on run_18_tyang863_vdhankar #####
Move is valid
##### SUCCESS: /usr/lib/jvm/jdk-14.0.1/bin/java -jar /lab/itti/projects/checkers-competition/server/referee.jar on run_18_tyang863_vdhankar #####
INPUT for vdhankar:
GAME
WHITE
148.102345466614
........
..w.....
........
......W.
........
B.......
...b....
........
##### Running: /usr/bin/time -o time_18_tyang863_vdhankar.txt -f "%U" python3 homework.py > stulog.txt 2>&1 on vdhankar #####
child exited with value 1
##### ERROR: /usr/bin/time -o time_18_tyang863_vdhankar.txt -f "%U" python3 homework.py > stulog.txt 2>&1 on vdhankar #####
##### Output of failed program (stdout + stderr): #####
Traceback (most recent call last):
  File "homework.py", line 546, in <module>
    print(end-start)
NameError: name 'end' is not defined
##### End of output of failed program #####
##### vdhankar plays [E g5 f4] in 3.366131067276s #####
##### Running: /usr/lib/jvm/jdk-14.0.1/bin/java -jar /lab/itti/projects/checkers-competition/server/referee.jar on run_18_tyang863_vdhankar #####
Move is valid
##### SUCCESS: /usr/lib/jvm/jdk-14.0.1/bin/java -jar /lab/itti/projects/checkers-competition/server/referee.jar on run_18_tyang863_vdhankar #####
INPUT for tyang863:
GAME
BLACK
299.399303312302
........
..w.....
........
........
.....W..
B.......
...b....
........
##### Running: /usr/bin/time -o time_18_tyang863_vdhankar.txt -f "%U" ./homework > stulog.txt 2>&1 on tyang863 #####
##### SUCCESS: /usr/bin/time -o time_18_tyang863_vdhankar.txt -f "%U" ./homework > stulog.txt 2>&1 on tyang863 #####
##### tyang863 plays [E d2 c1] in 0.00790905952453613s #####
##### Running: /usr/lib/jvm/jdk-14.0.1/bin/java -jar /lab/itti/projects/checkers-competition/server/referee.jar on run_18_tyang863_vdhankar #####
Move is valid
##### SUCCESS: /usr/lib/jvm/jdk-14.0.1/bin/java -jar /lab/itti/projects/checkers-competition/server/referee.jar on run_18_tyang863_vdhankar #####
INPUT for vdhankar:
GAME
WHITE
144.736214399338
........
..w.....
........
........
.....W..
B.......
........
..B.....
##### Running: /usr/bin/time -o time_18_tyang863_vdhankar.txt -f "%U" python3 homework.py > stulog.txt 2>&1 on vdhankar #####
child exited with value 1
##### ERROR: /usr/bin/time -o time_18_tyang863_vdhankar.txt -f "%U" python3 homework.py > stulog.txt 2>&1 on vdhankar #####
##### Output of failed program (stdout + stderr): #####
Traceback (most recent call last):
  File "homework.py", line 546, in <module>
    print(end-start)
NameError: name 'end' is not defined
##### End of output of failed program #####
##### vdhankar plays [E f4 g5] in 2.86761498451233s #####
##### Running: /usr/lib/jvm/jdk-14.0.1/bin/java -jar /lab/itti/projects/checkers-competition/server/referee.jar on run_18_tyang863_vdhankar #####
Move is valid
##### SUCCESS: /usr/lib/jvm/jdk-14.0.1/bin/java -jar /lab/itti/projects/checkers-competition/server/referee.jar on run_18_tyang863_vdhankar #####
INPUT for tyang863:
GAME
BLACK
299.391394252777
........
..w.....
........
......W.
........
B.......
........
..B.....
##### Running: /usr/bin/time -o time_18_tyang863_vdhankar.txt -f "%U" ./homework > stulog.txt 2>&1 on tyang863 #####
##### SUCCESS: /usr/bin/time -o time_18_tyang863_vdhankar.txt -f "%U" ./homework > stulog.txt 2>&1 on tyang863 #####
##### tyang863 plays [E a3 b2] in 0.00774502754211426s #####
##### Running: /usr/lib/jvm/jdk-14.0.1/bin/java -jar /lab/itti/projects/checkers-competition/server/referee.jar on run_18_tyang863_vdhankar #####
Move is valid
##### SUCCESS: /usr/lib/jvm/jdk-14.0.1/bin/java -jar /lab/itti/projects/checkers-competition/server/referee.jar on run_18_tyang863_vdhankar #####
INPUT for vdhankar:
GAME
WHITE
141.868599414825
........
..w.....
........
......W.
........
........
.B......
..B.....
##### Running: /usr/bin/time -o time_18_tyang863_vdhankar.txt -f "%U" python3 homework.py > stulog.txt 2>&1 on vdhankar #####
child exited with value 1
##### ERROR: /usr/bin/time -o time_18_tyang863_vdhankar.txt -f "%U" python3 homework.py > stulog.txt 2>&1 on vdhankar #####
##### Output of failed program (stdout + stderr): #####
Traceback (most recent call last):
  File "homework.py", line 546, in <module>
    print(end-start)
NameError: name 'end' is not defined
##### End of output of failed program #####
##### vdhankar plays [E g5 h4] in 3.53261089324951s #####
##### Running: /usr/lib/jvm/jdk-14.0.1/bin/java -jar /lab/itti/projects/checkers-competition/server/referee.jar on run_18_tyang863_vdhankar #####
Move is valid
##### SUCCESS: /usr/lib/jvm/jdk-14.0.1/bin/java -jar /lab/itti/projects/checkers-competition/server/referee.jar on run_18_tyang863_vdhankar #####
INPUT for tyang863:
GAME
BLACK
299.383649225235
........
..w.....
........
........
.......W
........
.B......
..B.....
##### Running: /usr/bin/time -o time_18_tyang863_vdhankar.txt -f "%U" ./homework > stulog.txt 2>&1 on tyang863 #####
##### SUCCESS: /usr/bin/time -o time_18_tyang863_vdhankar.txt -f "%U" ./homework > stulog.txt 2>&1 on tyang863 #####
##### tyang863 plays [E b2 a3] in 0.00765609741210938s #####
##### Running: /usr/lib/jvm/jdk-14.0.1/bin/java -jar /lab/itti/projects/checkers-competition/server/referee.jar on run_18_tyang863_vdhankar #####
Move is valid
##### SUCCESS: /usr/lib/jvm/jdk-14.0.1/bin/java -jar /lab/itti/projects/checkers-competition/server/referee.jar on run_18_tyang863_vdhankar #####
INPUT for vdhankar:
GAME
WHITE
138.335988521576
........
..w.....
........
........
.......W
B.......
........
..B.....
##### Running: /usr/bin/time -o time_18_tyang863_vdhankar.txt -f "%U" python3 homework.py > stulog.txt 2>&1 on vdhankar #####
child exited with value 1
##### ERROR: /usr/bin/time -o time_18_tyang863_vdhankar.txt -f "%U" python3 homework.py > stulog.txt 2>&1 on vdhankar #####
##### Output of failed program (stdout + stderr): #####
Traceback (most recent call last):
  File "homework.py", line 546, in <module>
    print(end-start)
NameError: name 'end' is not defined
##### End of output of failed program #####
##### vdhankar plays [E h4 g3] in 2.09194302558899s #####
##### Running: /usr/lib/jvm/jdk-14.0.1/bin/java -jar /lab/itti/projects/checkers-competition/server/referee.jar on run_18_tyang863_vdhankar #####
Move is valid
##### SUCCESS: /usr/lib/jvm/jdk-14.0.1/bin/java -jar /lab/itti/projects/checkers-competition/server/referee.jar on run_18_tyang863_vdhankar #####
INPUT for tyang863:
GAME
BLACK
299.375993127823
........
..w.....
........
........
........
B.....W.
........
..B.....
##### Running: /usr/bin/time -o time_18_tyang863_vdhankar.txt -f "%U" ./homework > stulog.txt 2>&1 on tyang863 #####
##### SUCCESS: /usr/bin/time -o time_18_tyang863_vdhankar.txt -f "%U" ./homework > stulog.txt 2>&1 on tyang863 #####
##### tyang863 plays [E a3 b2] in 0.00799107551574707s #####
##### Running: /usr/lib/jvm/jdk-14.0.1/bin/java -jar /lab/itti/projects/checkers-competition/server/referee.jar on run_18_tyang863_vdhankar #####
Move is valid
##### SUCCESS: /usr/lib/jvm/jdk-14.0.1/bin/java -jar /lab/itti/projects/checkers-competition/server/referee.jar on run_18_tyang863_vdhankar #####
INPUT for vdhankar:
GAME
WHITE
136.244045495987
........
..w.....
........
........
........
......W.
.B......
..B.....
##### Running: /usr/bin/time -o time_18_tyang863_vdhankar.txt -f "%U" python3 homework.py > stulog.txt 2>&1 on vdhankar #####
child exited with value 1
##### ERROR: /usr/bin/time -o time_18_tyang863_vdhankar.txt -f "%U" python3 homework.py > stulog.txt 2>&1 on vdhankar #####
##### Output of failed program (stdout + stderr): #####
Traceback (most recent call last):
  File "homework.py", line 546, in <module>
    print(end-start)
NameError: name 'end' is not defined
##### End of output of failed program #####
##### vdhankar plays [E g3 h2] in 3.01937985420227s #####
##### Running: /usr/lib/jvm/jdk-14.0.1/bin/java -jar /lab/itti/projects/checkers-competition/server/referee.jar on run_18_tyang863_vdhankar #####
Move is valid
##### SUCCESS: /usr/lib/jvm/jdk-14.0.1/bin/java -jar /lab/itti/projects/checkers-competition/server/referee.jar on run_18_tyang863_vdhankar #####
INPUT for tyang863:
GAME
BLACK
299.368002052307
........
..w.....
........
........
........
........
.B.....W
..B.....
##### Running: /usr/bin/time -o time_18_tyang863_vdhankar.txt -f "%U" ./homework > stulog.txt 2>&1 on tyang863 #####
##### SUCCESS: /usr/bin/time -o time_18_tyang863_vdhankar.txt -f "%U" ./homework > stulog.txt 2>&1 on tyang863 #####
##### tyang863 plays [E b2 a3] in 0.0078129768371582s #####
##### Running: /usr/lib/jvm/jdk-14.0.1/bin/java -jar /lab/itti/projects/checkers-competition/server/referee.jar on run_18_tyang863_vdhankar #####
Move is valid
##### SUCCESS: /usr/lib/jvm/jdk-14.0.1/bin/java -jar /lab/itti/projects/checkers-competition/server/referee.jar on run_18_tyang863_vdhankar #####
INPUT for vdhankar:
GAME
WHITE
133.224665641785
........
..w.....
........
........
........
B.......
.......W
..B.....
##### Running: /usr/bin/time -o time_18_tyang863_vdhankar.txt -f "%U" python3 homework.py > stulog.txt 2>&1 on vdhankar #####
child exited with value 1
##### ERROR: /usr/bin/time -o time_18_tyang863_vdhankar.txt -f "%U" python3 homework.py > stulog.txt 2>&1 on vdhankar #####
##### Output of failed program (stdout + stderr): #####
Traceback (most recent call last):
  File "homework.py", line 546, in <module>
    print(end-start)
NameError: name 'end' is not defined
##### End of output of failed program #####
##### vdhankar plays [E h2 g1] in 1.75493812561035s #####
##### Running: /usr/lib/jvm/jdk-14.0.1/bin/java -jar /lab/itti/projects/checkers-competition/server/referee.jar on run_18_tyang863_vdhankar #####
Move is valid
##### SUCCESS: /usr/lib/jvm/jdk-14.0.1/bin/java -jar /lab/itti/projects/checkers-competition/server/referee.jar on run_18_tyang863_vdhankar #####
INPUT for tyang863:
GAME
BLACK
299.36018907547
........
..w.....
........
........
........
B.......
........
..B...W.
##### Running: /usr/bin/time -o time_18_tyang863_vdhankar.txt -f "%U" ./homework > stulog.txt 2>&1 on tyang863 #####
##### SUCCESS: /usr/bin/time -o time_18_tyang863_vdhankar.txt -f "%U" ./homework > stulog.txt 2>&1 on tyang863 #####
##### tyang863 plays [E a3 b2] in 0.00747084617614746s #####
##### Running: /usr/lib/jvm/jdk-14.0.1/bin/java -jar /lab/itti/projects/checkers-competition/server/referee.jar on run_18_tyang863_vdhankar #####
Move is valid
##### SUCCESS: /usr/lib/jvm/jdk-14.0.1/bin/java -jar /lab/itti/projects/checkers-competition/server/referee.jar on run_18_tyang863_vdhankar #####
INPUT for vdhankar:
GAME
WHITE
131.469727516174
........
..w.....
........
........
........
........
.B......
..B...W.
##### Running: /usr/bin/time -o time_18_tyang863_vdhankar.txt -f "%U" python3 homework.py > stulog.txt 2>&1 on vdhankar #####
child exited with value 1
##### ERROR: /usr/bin/time -o time_18_tyang863_vdhankar.txt -f "%U" python3 homework.py > stulog.txt 2>&1 on vdhankar #####
##### Output of failed program (stdout + stderr): #####
Traceback (most recent call last):
  File "homework.py", line 546, in <module>
    print(end-start)
NameError: name 'end' is not defined
##### End of output of failed program #####
##### vdhankar plays [E c7 d8] in 1.69742012023926s #####
##### Running: /usr/lib/jvm/jdk-14.0.1/bin/java -jar /lab/itti/projects/checkers-competition/server/referee.jar on run_18_tyang863_vdhankar #####
Move is valid
##### SUCCESS: /usr/lib/jvm/jdk-14.0.1/bin/java -jar /lab/itti/projects/checkers-competition/server/referee.jar on run_18_tyang863_vdhankar #####
INPUT for tyang863:
GAME
BLACK
299.352718229294
...W....
........
........
........
........
........
.B......
..B...W.
##### Running: /usr/bin/time -o time_18_tyang863_vdhankar.txt -f "%U" ./homework > stulog.txt 2>&1 on tyang863 #####
##### SUCCESS: /usr/bin/time -o time_18_tyang863_vdhankar.txt -f "%U" ./homework > stulog.txt 2>&1 on tyang863 #####
##### tyang863 plays [E b2 a1] in 0.00841093063354492s #####
##### Running: /usr/lib/jvm/jdk-14.0.1/bin/java -jar /lab/itti/projects/checkers-competition/server/referee.jar on run_18_tyang863_vdhankar #####
Move is valid
##### SUCCESS: /usr/lib/jvm/jdk-14.0.1/bin/java -jar /lab/itti/projects/checkers-competition/server/referee.jar on run_18_tyang863_vdhankar #####
INPUT for vdhankar:
GAME
WHITE
129.772307395935
...W....
........
........
........
........
........
........
B.B...W.
##### Running: /usr/bin/time -o time_18_tyang863_vdhankar.txt -f "%U" python3 homework.py > stulog.txt 2>&1 on vdhankar #####
child exited with value 1
##### ERROR: /usr/bin/time -o time_18_tyang863_vdhankar.txt -f "%U" python3 homework.py > stulog.txt 2>&1 on vdhankar #####
##### Output of failed program (stdout + stderr): #####
Traceback (most recent call last):
  File "homework.py", line 546, in <module>
    print(end-start)
NameError: name 'end' is not defined
##### End of output of failed program #####
##### vdhankar plays [E d8 e7] in 1.21235799789429s #####
##### Running: /usr/lib/jvm/jdk-14.0.1/bin/java -jar /lab/itti/projects/checkers-competition/server/referee.jar on run_18_tyang863_vdhankar #####
Move is valid
##### SUCCESS: /usr/lib/jvm/jdk-14.0.1/bin/java -jar /lab/itti/projects/checkers-competition/server/referee.jar on run_18_tyang863_vdhankar #####
INPUT for tyang863:
GAME
BLACK
299.34430729866
........
....W...
........
........
........
........
........
B.B...W.
##### Running: /usr/bin/time -o time_18_tyang863_vdhankar.txt -f "%U" ./homework > stulog.txt 2>&1 on tyang863 #####
##### SUCCESS: /usr/bin/time -o time_18_tyang863_vdhankar.txt -f "%U" ./homework > stulog.txt 2>&1 on tyang863 #####
##### tyang863 plays [E c1 b2] in 0.00768017768859863s #####
##### Running: /usr/lib/jvm/jdk-14.0.1/bin/java -jar /lab/itti/projects/checkers-competition/server/referee.jar on run_18_tyang863_vdhankar #####
Move is valid
##### SUCCESS: /usr/lib/jvm/jdk-14.0.1/bin/java -jar /lab/itti/projects/checkers-competition/server/referee.jar on run_18_tyang863_vdhankar #####
INPUT for vdhankar:
GAME
WHITE
128.559949398041
........
....W...
........
........
........
........
.B......
B.....W.
##### Running: /usr/bin/time -o time_18_tyang863_vdhankar.txt -f "%U" python3 homework.py > stulog.txt 2>&1 on vdhankar #####
child exited with value 1
##### ERROR: /usr/bin/time -o time_18_tyang863_vdhankar.txt -f "%U" python3 homework.py > stulog.txt 2>&1 on vdhankar #####
##### Output of failed program (stdout + stderr): #####
Traceback (most recent call last):
  File "homework.py", line 546, in <module>
    print(end-start)
NameError: name 'end' is not defined
##### End of output of failed program #####
##### vdhankar plays [E g1 h2] in 1.97082901000977s #####
##### Running: /usr/lib/jvm/jdk-14.0.1/bin/java -jar /lab/itti/projects/checkers-competition/server/referee.jar on run_18_tyang863_vdhankar #####
Move is valid
##### SUCCESS: /usr/lib/jvm/jdk-14.0.1/bin/java -jar /lab/itti/projects/checkers-competition/server/referee.jar on run_18_tyang863_vdhankar #####
INPUT for tyang863:
GAME
BLACK
299.336627120972
........
....W...
........
........
........
........
.B.....W
B.......
##### Running: /usr/bin/time -o time_18_tyang863_vdhankar.txt -f "%U" ./homework > stulog.txt 2>&1 on tyang863 #####
##### SUCCESS: /usr/bin/time -o time_18_tyang863_vdhankar.txt -f "%U" ./homework > stulog.txt 2>&1 on tyang863 #####
##### tyang863 plays [E b2 c1] in 0.00861191749572754s #####
##### Running: /usr/lib/jvm/jdk-14.0.1/bin/java -jar /lab/itti/projects/checkers-competition/server/referee.jar on run_18_tyang863_vdhankar #####
Move is valid
##### SUCCESS: /usr/lib/jvm/jdk-14.0.1/bin/java -jar /lab/itti/projects/checkers-competition/server/referee.jar on run_18_tyang863_vdhankar #####
INPUT for vdhankar:
GAME
WHITE
126.589120388031
........
....W...
........
........
........
........
.......W
B.B.....
##### Running: /usr/bin/time -o time_18_tyang863_vdhankar.txt -f "%U" python3 homework.py > stulog.txt 2>&1 on vdhankar #####
child exited with value 1
##### ERROR: /usr/bin/time -o time_18_tyang863_vdhankar.txt -f "%U" python3 homework.py > stulog.txt 2>&1 on vdhankar #####
##### Output of failed program (stdout + stderr): #####
Traceback (most recent call last):
  File "homework.py", line 546, in <module>
    print(end-start)
NameError: name 'end' is not defined
##### End of output of failed program #####
##### vdhankar plays [E h2 g1] in 2.57984185218811s #####
##### Running: /usr/lib/jvm/jdk-14.0.1/bin/java -jar /lab/itti/projects/checkers-competition/server/referee.jar on run_18_tyang863_vdhankar #####
Move is valid
##### SUCCESS: /usr/lib/jvm/jdk-14.0.1/bin/java -jar /lab/itti/projects/checkers-competition/server/referee.jar on run_18_tyang863_vdhankar #####
INPUT for tyang863:
GAME
BLACK
299.328015203476
........
....W...
........
........
........
........
........
B.B...W.
##### Running: /usr/bin/time -o time_18_tyang863_vdhankar.txt -f "%U" ./homework > stulog.txt 2>&1 on tyang863 #####
##### SUCCESS: /usr/bin/time -o time_18_tyang863_vdhankar.txt -f "%U" ./homework > stulog.txt 2>&1 on tyang863 #####
##### tyang863 plays [E c1 b2] in 0.00780296325683594s #####
##### Running: /usr/lib/jvm/jdk-14.0.1/bin/java -jar /lab/itti/projects/checkers-competition/server/referee.jar on run_18_tyang863_vdhankar #####
Move is valid
##### SUCCESS: /usr/lib/jvm/jdk-14.0.1/bin/java -jar /lab/itti/projects/checkers-competition/server/referee.jar on run_18_tyang863_vdhankar #####
INPUT for vdhankar:
GAME
WHITE
124.009278535843
........
....W...
........
........
........
........
.B......
B.....W.
##### Running: /usr/bin/time -o time_18_tyang863_vdhankar.txt -f "%U" python3 homework.py > stulog.txt 2>&1 on vdhankar #####
child exited with value 1
##### ERROR: /usr/bin/time -o time_18_tyang863_vdhankar.txt -f "%U" python3 homework.py > stulog.txt 2>&1 on vdhankar #####
##### Output of failed program (stdout + stderr): #####
Traceback (most recent call last):
  File "homework.py", line 546, in <module>
    print(end-start)
NameError: name 'end' is not defined
##### End of output of failed program #####
##### vdhankar plays [E g1 h2] in 1.96434783935547s #####
##### Running: /usr/lib/jvm/jdk-14.0.1/bin/java -jar /lab/itti/projects/checkers-competition/server/referee.jar on run_18_tyang863_vdhankar #####
Move is valid
##### SUCCESS: /usr/lib/jvm/jdk-14.0.1/bin/java -jar /lab/itti/projects/checkers-competition/server/referee.jar on run_18_tyang863_vdhankar #####
INPUT for tyang863:
GAME
BLACK
299.320212240219
........
....W...
........
........
........
........
.B.....W
B.......
##### Running: /usr/bin/time -o time_18_tyang863_vdhankar.txt -f "%U" ./homework > stulog.txt 2>&1 on tyang863 #####
##### SUCCESS: /usr/bin/time -o time_18_tyang863_vdhankar.txt -f "%U" ./homework > stulog.txt 2>&1 on tyang863 #####
##### tyang863 plays [E b2 c1] in 0.00791406631469727s #####
##### Running: /usr/lib/jvm/jdk-14.0.1/bin/java -jar /lab/itti/projects/checkers-competition/server/referee.jar on run_18_tyang863_vdhankar #####
Move is valid
##### SUCCESS: /usr/lib/jvm/jdk-14.0.1/bin/java -jar /lab/itti/projects/checkers-competition/server/referee.jar on run_18_tyang863_vdhankar #####
INPUT for vdhankar:
GAME
WHITE
122.044930696487
........
....W...
........
........
........
........
.......W
B.B.....
##### Running: /usr/bin/time -o time_18_tyang863_vdhankar.txt -f "%U" python3 homework.py > stulog.txt 2>&1 on vdhankar #####
child exited with value 1
##### ERROR: /usr/bin/time -o time_18_tyang863_vdhankar.txt -f "%U" python3 homework.py > stulog.txt 2>&1 on vdhankar #####
##### Output of failed program (stdout + stderr): #####
Traceback (most recent call last):
  File "homework.py", line 546, in <module>
    print(end-start)
NameError: name 'end' is not defined
##### End of output of failed program #####
##### vdhankar plays [E h2 g1] in 2.57962489128113s #####
##### Running: /usr/lib/jvm/jdk-14.0.1/bin/java -jar /lab/itti/projects/checkers-competition/server/referee.jar on run_18_tyang863_vdhankar #####
Move is valid
##### SUCCESS: /usr/lib/jvm/jdk-14.0.1/bin/java -jar /lab/itti/projects/checkers-competition/server/referee.jar on run_18_tyang863_vdhankar #####
INPUT for tyang863:
GAME
BLACK
299.312298173904
........
....W...
........
........
........
........
........
B.B...W.
##### Running: /usr/bin/time -o time_18_tyang863_vdhankar.txt -f "%U" ./homework > stulog.txt 2>&1 on tyang863 #####
##### SUCCESS: /usr/bin/time -o time_18_tyang863_vdhankar.txt -f "%U" ./homework > stulog.txt 2>&1 on tyang863 #####
##### tyang863 plays [E c1 b2] in 0.00771403312683105s #####
##### Running: /usr/lib/jvm/jdk-14.0.1/bin/java -jar /lab/itti/projects/checkers-competition/server/referee.jar on run_18_tyang863_vdhankar #####
Move is valid
Seen this position 3 times
*** Game ends in draw ***
##### SUCCESS: /usr/lib/jvm/jdk-14.0.1/bin/java -jar /lab/itti/projects/checkers-competition/server/referee.jar on run_18_tyang863_vdhankar #####
##### GAME ENDS IN A DRAW. Time left for tyang863: 299.304584140778s, vdhankar: 119.465305805206s
Server said: DRAW
##### GAME OVER: the game ends in a draw, tyang863 wins by time remaining #####
########## ROUND 18 GAMESCORE AFTER GAME 3: tyang863=2 and vdhankar=1 ##########
#################### ROUND 18: tyang863 (W) vs vdhankar (B): game 4 ####################
##### game start! #####
INPUT for vdhankar:
GAME
BLACK
300
.b.b.b.b
b.b.b.b.
.b.b.b.b
........
........
w.w.w.w.
.w.w.w.w
w.w.w.w.
##### Running: /usr/bin/time -o time_18_tyang863_vdhankar.txt -f "%U" python3 homework.py > stulog.txt 2>&1 on vdhankar #####
child exited with value 1
##### ERROR: /usr/bin/time -o time_18_tyang863_vdhankar.txt -f "%U" python3 homework.py > stulog.txt 2>&1 on vdhankar #####
##### Output of failed program (stdout + stderr): #####
Traceback (most recent call last):
  File "homework.py", line 546, in <module>
    print(end-start)
NameError: name 'end' is not defined
##### End of output of failed program #####
##### vdhankar plays [E h6 g5] in 5.94229006767273s #####
##### Running: /usr/lib/jvm/jdk-14.0.1/bin/java -jar /lab/itti/projects/checkers-competition/server/referee.jar on run_18_tyang863_vdhankar #####
Move is valid
Couldn't read file 'current_ply.txt'
Couldn't read content from file 'current_ply.txt'
Couldn't read file 'lastmatchange_ply.txt'
Couldn't read content from file 'lastmatchange_ply.txt'
##### SUCCESS: /usr/lib/jvm/jdk-14.0.1/bin/java -jar /lab/itti/projects/checkers-competition/server/referee.jar on run_18_tyang863_vdhankar #####
INPUT for tyang863:
GAME
WHITE
300
.b.b.b.b
b.b.b.b.
.b.b.b..
......b.
........
w.w.w.w.
.w.w.w.w
w.w.w.w.
##### Running: /usr/bin/time -o time_18_tyang863_vdhankar.txt -f "%U" ./homework > stulog.txt 2>&1 on tyang863 #####
##### SUCCESS: /usr/bin/time -o time_18_tyang863_vdhankar.txt -f "%U" ./homework > stulog.txt 2>&1 on tyang863 #####
##### tyang863 plays [E g3 f4] in 0.0142161846160889s #####
##### Running: /usr/lib/jvm/jdk-14.0.1/bin/java -jar /lab/itti/projects/checkers-competition/server/referee.jar on run_18_tyang863_vdhankar #####
Move is valid
##### SUCCESS: /usr/lib/jvm/jdk-14.0.1/bin/java -jar /lab/itti/projects/checkers-competition/server/referee.jar on run_18_tyang863_vdhankar #####
INPUT for vdhankar:
GAME
BLACK
294.057709932327
.b.b.b.b
b.b.b.b.
.b.b.b..
......b.
.....w..
w.w.w...
.w.w.w.w
w.w.w.w.
##### Running: /usr/bin/time -o time_18_tyang863_vdhankar.txt -f "%U" python3 homework.py > stulog.txt 2>&1 on vdhankar #####
child exited with value 1
##### ERROR: /usr/bin/time -o time_18_tyang863_vdhankar.txt -f "%U" python3 homework.py > stulog.txt 2>&1 on vdhankar #####
##### Output of failed program (stdout + stderr): #####
Traceback (most recent call last):
  File "homework.py", line 546, in <module>
    print(end-start)
NameError: name 'end' is not defined
##### End of output of failed program #####
##### vdhankar plays [E g5 h4] in 4.5129280090332s #####
##### Running: /usr/lib/jvm/jdk-14.0.1/bin/java -jar /lab/itti/projects/checkers-competition/server/referee.jar on run_18_tyang863_vdhankar #####
Move is valid
##### SUCCESS: /usr/lib/jvm/jdk-14.0.1/bin/java -jar /lab/itti/projects/checkers-competition/server/referee.jar on run_18_tyang863_vdhankar #####
INPUT for tyang863:
GAME
WHITE
299.985783815384
.b.b.b.b
b.b.b.b.
.b.b.b..
........
.....w.b
w.w.w...
.w.w.w.w
w.w.w.w.
##### Running: /usr/bin/time -o time_18_tyang863_vdhankar.txt -f "%U" ./homework > stulog.txt 2>&1 on tyang863 #####
##### SUCCESS: /usr/bin/time -o time_18_tyang863_vdhankar.txt -f "%U" ./homework > stulog.txt 2>&1 on tyang863 #####
##### tyang863 plays [E e3 d4] in 0.01s #####
##### Running: /usr/lib/jvm/jdk-14.0.1/bin/java -jar /lab/itti/projects/checkers-competition/server/referee.jar on run_18_tyang863_vdhankar #####
Move is valid
##### SUCCESS: /usr/lib/jvm/jdk-14.0.1/bin/java -jar /lab/itti/projects/checkers-competition/server/referee.jar on run_18_tyang863_vdhankar #####
INPUT for vdhankar:
GAME
BLACK
289.544781923294
.b.b.b.b
b.b.b.b.
.b.b.b..
........
...w.w.b
w.w.....
.w.w.w.w
w.w.w.w.
##### Running: /usr/bin/time -o time_18_tyang863_vdhankar.txt -f "%U" python3 homework.py > stulog.txt 2>&1 on vdhankar #####
child exited with value 1
##### ERROR: /usr/bin/time -o time_18_tyang863_vdhankar.txt -f "%U" python3 homework.py > stulog.txt 2>&1 on vdhankar #####
##### Output of failed program (stdout + stderr): #####
Traceback (most recent call last):
  File "homework.py", line 546, in <module>
    print(end-start)
NameError: name 'end' is not defined
##### End of output of failed program #####
##### vdhankar plays [E f6 e5] in 3.48720216751099s #####
##### Running: /usr/lib/jvm/jdk-14.0.1/bin/java -jar /lab/itti/projects/checkers-competition/server/referee.jar on run_18_tyang863_vdhankar #####
Move is valid
##### SUCCESS: /usr/lib/jvm/jdk-14.0.1/bin/java -jar /lab/itti/projects/checkers-competition/server/referee.jar on run_18_tyang863_vdhankar #####
INPUT for tyang863:
GAME
WHITE
299.975783815384
.b.b.b.b
b.b.b.b.
.b.b....
....b...
...w.w.b
w.w.....
.w.w.w.w
w.w.w.w.
##### Running: /usr/bin/time -o time_18_tyang863_vdhankar.txt -f "%U" ./homework > stulog.txt 2>&1 on tyang863 #####
##### SUCCESS: /usr/bin/time -o time_18_tyang863_vdhankar.txt -f "%U" ./homework > stulog.txt 2>&1 on tyang863 #####
##### tyang863 plays [J d4 f6] in 0.00771713256835938s #####
##### Running: /usr/lib/jvm/jdk-14.0.1/bin/java -jar /lab/itti/projects/checkers-competition/server/referee.jar on run_18_tyang863_vdhankar #####
Move is valid
##### SUCCESS: /usr/lib/jvm/jdk-14.0.1/bin/java -jar /lab/itti/projects/checkers-competition/server/referee.jar on run_18_tyang863_vdhankar #####
INPUT for vdhankar:
GAME
BLACK
286.057579755783
.b.b.b.b
b.b.b.b.
.b.b.w..
........
.....w.b
w.w.....
.w.w.w.w
w.w.w.w.
##### Running: /usr/bin/time -o time_18_tyang863_vdhankar.txt -f "%U" python3 homework.py > stulog.txt 2>&1 on vdhankar #####
child exited with value 1
##### ERROR: /usr/bin/time -o time_18_tyang863_vdhankar.txt -f "%U" python3 homework.py > stulog.txt 2>&1 on vdhankar #####
##### Output of failed program (stdout + stderr): #####
Traceback (most recent call last):
  File "homework.py", line 546, in <module>
    print(end-start)
NameError: name 'end' is not defined
##### End of output of failed program #####
##### vdhankar plays [J g7 e5 ; J e5 g3] in 5.07788681983948s #####
##### Running: /usr/lib/jvm/jdk-14.0.1/bin/java -jar /lab/itti/projects/checkers-competition/server/referee.jar on run_18_tyang863_vdhankar #####
Move is valid
##### SUCCESS: /usr/lib/jvm/jdk-14.0.1/bin/java -jar /lab/itti/projects/checkers-competition/server/referee.jar on run_18_tyang863_vdhankar #####
INPUT for tyang863:
GAME
WHITE
299.968066682816
.b.b.b.b
b.b.b...
.b.b....
........
.......b
w.w...b.
.w.w.w.w
w.w.w.w.
##### Running: /usr/bin/time -o time_18_tyang863_vdhankar.txt -f "%U" ./homework > stulog.txt 2>&1 on tyang863 #####
##### SUCCESS: /usr/bin/time -o time_18_tyang863_vdhankar.txt -f "%U" ./homework > stulog.txt 2>&1 on tyang863 #####
##### tyang863 plays [J h2 f4] in 0.00924801826477051s #####
##### Running: /usr/lib/jvm/jdk-14.0.1/bin/java -jar /lab/itti/projects/checkers-competition/server/referee.jar on run_18_tyang863_vdhankar #####
Move is valid
##### SUCCESS: /usr/lib/jvm/jdk-14.0.1/bin/java -jar /lab/itti/projects/checkers-competition/server/referee.jar on run_18_tyang863_vdhankar #####
INPUT for vdhankar:
GAME
BLACK
280.979692935944
.b.b.b.b
b.b.b...
.b.b....
........
.....w.b
w.w.....
.w.w.w..
w.w.w.w.
##### Running: /usr/bin/time -o time_18_tyang863_vdhankar.txt -f "%U" python3 homework.py > stulog.txt 2>&1 on vdhankar #####
child exited with value 1
##### ERROR: /usr/bin/time -o time_18_tyang863_vdhankar.txt -f "%U" python3 homework.py > stulog.txt 2>&1 on vdhankar #####
##### Output of failed program (stdout + stderr): #####
Traceback (most recent call last):
  File "homework.py", line 546, in <module>
    print(end-start)
NameError: name 'end' is not defined
##### End of output of failed program #####
##### vdhankar plays [E b6 c5] in 16.4999260902405s #####
##### Running: /usr/lib/jvm/jdk-14.0.1/bin/java -jar /lab/itti/projects/checkers-competition/server/referee.jar on run_18_tyang863_vdhankar #####
Move is valid
##### SUCCESS: /usr/lib/jvm/jdk-14.0.1/bin/java -jar /lab/itti/projects/checkers-competition/server/referee.jar on run_18_tyang863_vdhankar #####
INPUT for tyang863:
GAME
WHITE
299.958818664551
.b.b.b.b
b.b.b...
...b....
..b.....
.....w.b
w.w.....
.w.w.w..
w.w.w.w.
##### Running: /usr/bin/time -o time_18_tyang863_vdhankar.txt -f "%U" ./homework > stulog.txt 2>&1 on tyang863 #####
##### SUCCESS: /usr/bin/time -o time_18_tyang863_vdhankar.txt -f "%U" ./homework > stulog.txt 2>&1 on tyang863 #####
##### tyang863 plays [E c3 b4] in 0.01s #####
##### Running: /usr/lib/jvm/jdk-14.0.1/bin/java -jar /lab/itti/projects/checkers-competition/server/referee.jar on run_18_tyang863_vdhankar #####
Move is valid
##### SUCCESS: /usr/lib/jvm/jdk-14.0.1/bin/java -jar /lab/itti/projects/checkers-competition/server/referee.jar on run_18_tyang863_vdhankar #####
INPUT for vdhankar:
GAME
BLACK
264.479766845703
.b.b.b.b
b.b.b...
...b....
..b.....
.w...w.b
w.......
.w.w.w..
w.w.w.w.
##### Running: /usr/bin/time -o time_18_tyang863_vdhankar.txt -f "%U" python3 homework.py > stulog.txt 2>&1 on vdhankar #####
child exited with value 1
##### ERROR: /usr/bin/time -o time_18_tyang863_vdhankar.txt -f "%U" python3 homework.py > stulog.txt 2>&1 on vdhankar #####
##### Output of failed program (stdout + stderr): #####
Traceback (most recent call last):
  File "homework.py", line 546, in <module>
    print(end-start)
NameError: name 'end' is not defined
##### End of output of failed program #####
##### vdhankar plays [E d6 e5] in 16.4290819168091s #####
##### Running: /usr/lib/jvm/jdk-14.0.1/bin/java -jar /lab/itti/projects/checkers-competition/server/referee.jar on run_18_tyang863_vdhankar #####
Move is valid
##### SUCCESS: /usr/lib/jvm/jdk-14.0.1/bin/java -jar /lab/itti/projects/checkers-competition/server/referee.jar on run_18_tyang863_vdhankar #####
INPUT for tyang863:
GAME
WHITE
299.948818664551
.b.b.b.b
b.b.b...
........
..b.b...
.w...w.b
w.......
.w.w.w..
w.w.w.w.
##### Running: /usr/bin/time -o time_18_tyang863_vdhankar.txt -f "%U" ./homework > stulog.txt 2>&1 on tyang863 #####
##### SUCCESS: /usr/bin/time -o time_18_tyang863_vdhankar.txt -f "%U" ./homework > stulog.txt 2>&1 on tyang863 #####
##### tyang863 plays [J f4 d6] in 0.00714993476867676s #####
##### Running: /usr/lib/jvm/jdk-14.0.1/bin/java -jar /lab/itti/projects/checkers-competition/server/referee.jar on run_18_tyang863_vdhankar #####
Move is valid
##### SUCCESS: /usr/lib/jvm/jdk-14.0.1/bin/java -jar /lab/itti/projects/checkers-competition/server/referee.jar on run_18_tyang863_vdhankar #####
INPUT for vdhankar:
GAME
BLACK
248.050684928894
.b.b.b.b
b.b.b...
...w....
..b.....
.w.....b
w.......
.w.w.w..
w.w.w.w.
##### Running: /usr/bin/time -o time_18_tyang863_vdhankar.txt -f "%U" python3 homework.py > stulog.txt 2>&1 on vdhankar #####
child exited with value 1
##### ERROR: /usr/bin/time -o time_18_tyang863_vdhankar.txt -f "%U" python3 homework.py > stulog.txt 2>&1 on vdhankar #####
##### Output of failed program (stdout + stderr): #####
Traceback (most recent call last):
  File "homework.py", line 546, in <module>
    print(end-start)
NameError: name 'end' is not defined
##### End of output of failed program #####
##### vdhankar plays [J c7 e5] in 0.53778600692749s #####
##### Running: /usr/lib/jvm/jdk-14.0.1/bin/java -jar /lab/itti/projects/checkers-competition/server/referee.jar on run_18_tyang863_vdhankar #####
Move is valid
##### SUCCESS: /usr/lib/jvm/jdk-14.0.1/bin/java -jar /lab/itti/projects/checkers-competition/server/referee.jar on run_18_tyang863_vdhankar #####
INPUT for tyang863:
GAME
WHITE
299.941668729782
.b.b.b.b
b...b...
........
..b.b...
.w.....b
w.......
.w.w.w..
w.w.w.w.
##### Running: /usr/bin/time -o time_18_tyang863_vdhankar.txt -f "%U" ./homework > stulog.txt 2>&1 on tyang863 #####
##### SUCCESS: /usr/bin/time -o time_18_tyang863_vdhankar.txt -f "%U" ./homework > stulog.txt 2>&1 on tyang863 #####
##### tyang863 plays [J b4 d6] in 0.01s #####
##### Running: /usr/lib/jvm/jdk-14.0.1/bin/java -jar /lab/itti/projects/checkers-competition/server/referee.jar on run_18_tyang863_vdhankar #####
Move is valid
##### SUCCESS: /usr/lib/jvm/jdk-14.0.1/bin/java -jar /lab/itti/projects/checkers-competition/server/referee.jar on run_18_tyang863_vdhankar #####
INPUT for vdhankar:
GAME
BLACK
247.512898921967
.b.b.b.b
b...b...
...w....
....b...
.......b
w.......
.w.w.w..
w.w.w.w.
##### Running: /usr/bin/time -o time_18_tyang863_vdhankar.txt -f "%U" python3 homework.py > stulog.txt 2>&1 on vdhankar #####
child exited with value 1
##### ERROR: /usr/bin/time -o time_18_tyang863_vdhankar.txt -f "%U" python3 homework.py > stulog.txt 2>&1 on vdhankar #####
##### Output of failed program (stdout + stderr): #####
Traceback (most recent call last):
  File "homework.py", line 546, in <module>
    print(end-start)
NameError: name 'end' is not defined
##### End of output of failed program #####
##### vdhankar plays [J e7 c5] in 2.85043883323669s #####
##### Running: /usr/lib/jvm/jdk-14.0.1/bin/java -jar /lab/itti/projects/checkers-competition/server/referee.jar on run_18_tyang863_vdhankar #####
Move is valid
##### SUCCESS: /usr/lib/jvm/jdk-14.0.1/bin/java -jar /lab/itti/projects/checkers-competition/server/referee.jar on run_18_tyang863_vdhankar #####
INPUT for tyang863:
GAME
WHITE
299.931668729782
.b.b.b.b
b.......
........
..b.b...
.......b
w.......
.w.w.w..
w.w.w.w.
##### Running: /usr/bin/time -o time_18_tyang863_vdhankar.txt -f "%U" ./homework > stulog.txt 2>&1 on tyang863 #####
##### SUCCESS: /usr/bin/time -o time_18_tyang863_vdhankar.txt -f "%U" ./homework > stulog.txt 2>&1 on tyang863 #####
##### tyang863 plays [E d2 c3] in 0.14s #####
##### Running: /usr/lib/jvm/jdk-14.0.1/bin/java -jar /lab/itti/projects/checkers-competition/server/referee.jar on run_18_tyang863_vdhankar #####
Move is valid
##### SUCCESS: /usr/lib/jvm/jdk-14.0.1/bin/java -jar /lab/itti/projects/checkers-competition/server/referee.jar on run_18_tyang863_vdhankar #####
INPUT for vdhankar:
GAME
BLACK
244.66246008873
.b.b.b.b
b.......
........
..b.b...
.......b
w.w.....
.w...w..
w.w.w.w.
##### Running: /usr/bin/time -o time_18_tyang863_vdhankar.txt -f "%U" python3 homework.py > stulog.txt 2>&1 on vdhankar #####
child exited with value 1
##### ERROR: /usr/bin/time -o time_18_tyang863_vdhankar.txt -f "%U" python3 homework.py > stulog.txt 2>&1 on vdhankar #####
##### Output of failed program (stdout + stderr): #####
Traceback (most recent call last):
  File "homework.py", line 546, in <module>
    print(end-start)
NameError: name 'end' is not defined
##### End of output of failed program #####
##### vdhankar plays [E a7 b6] in 14.409805059433s #####
##### Running: /usr/lib/jvm/jdk-14.0.1/bin/java -jar /lab/itti/projects/checkers-competition/server/referee.jar on run_18_tyang863_vdhankar #####
Move is valid
##### SUCCESS: /usr/lib/jvm/jdk-14.0.1/bin/java -jar /lab/itti/projects/checkers-competition/server/referee.jar on run_18_tyang863_vdhankar #####
INPUT for tyang863:
GAME
WHITE
299.791668729782
.b.b.b.b
........
.b......
..b.b...
.......b
w.w.....
.w...w..
w.w.w.w.
##### Running: /usr/bin/time -o time_18_tyang863_vdhankar.txt -f "%U" ./homework > stulog.txt 2>&1 on tyang863 #####
##### SUCCESS: /usr/bin/time -o time_18_tyang863_vdhankar.txt -f "%U" ./homework > stulog.txt 2>&1 on tyang863 #####
##### tyang863 plays [E c3 d4] in 0.07s #####
##### Running: /usr/lib/jvm/jdk-14.0.1/bin/java -jar /lab/itti/projects/checkers-competition/server/referee.jar on run_18_tyang863_vdhankar #####
Move is valid
##### SUCCESS: /usr/lib/jvm/jdk-14.0.1/bin/java -jar /lab/itti/projects/checkers-competition/server/referee.jar on run_18_tyang863_vdhankar #####
INPUT for vdhankar:
GAME
BLACK
230.252655029297
.b.b.b.b
........
.b......
..b.b...
...w...b
w.......
.w...w..
w.w.w.w.
##### Running: /usr/bin/time -o time_18_tyang863_vdhankar.txt -f "%U" python3 homework.py > stulog.txt 2>&1 on vdhankar #####
child exited with value 1
##### ERROR: /usr/bin/time -o time_18_tyang863_vdhankar.txt -f "%U" python3 homework.py > stulog.txt 2>&1 on vdhankar #####
##### Output of failed program (stdout + stderr): #####
Traceback (most recent call last):
  File "homework.py", line 546, in <module>
    print(end-start)
NameError: name 'end' is not defined
##### End of output of failed program #####
##### vdhankar plays [J e5 c3] in 1.06252694129944s #####
##### Running: /usr/lib/jvm/jdk-14.0.1/bin/java -jar /lab/itti/projects/checkers-competition/server/referee.jar on run_18_tyang863_vdhankar #####
Move is valid
##### SUCCESS: /usr/lib/jvm/jdk-14.0.1/bin/java -jar /lab/itti/projects/checkers-competition/server/referee.jar on run_18_tyang863_vdhankar #####
INPUT for tyang863:
GAME
WHITE
299.721668729782
.b.b.b.b
........
.b......
..b.....
.......b
w.b.....
.w...w..
w.w.w.w.
##### Running: /usr/bin/time -o time_18_tyang863_vdhankar.txt -f "%U" ./homework > stulog.txt 2>&1 on tyang863 #####
##### SUCCESS: /usr/bin/time -o time_18_tyang863_vdhankar.txt -f "%U" ./homework > stulog.txt 2>&1 on tyang863 #####
##### tyang863 plays [J b2 d4] in 0.0101311206817627s #####
##### Running: /usr/lib/jvm/jdk-14.0.1/bin/java -jar /lab/itti/projects/checkers-competition/server/referee.jar on run_18_tyang863_vdhankar #####
Move is valid
##### SUCCESS: /usr/lib/jvm/jdk-14.0.1/bin/java -jar /lab/itti/projects/checkers-competition/server/referee.jar on run_18_tyang863_vdhankar #####
INPUT for vdhankar:
GAME
BLACK
229.190128087997
.b.b.b.b
........
.b......
..b.....
...w...b
w.......
.....w..
w.w.w.w.
##### Running: /usr/bin/time -o time_18_tyang863_vdhankar.txt -f "%U" python3 homework.py > stulog.txt 2>&1 on vdhankar #####
child exited with value 1
##### ERROR: /usr/bin/time -o time_18_tyang863_vdhankar.txt -f "%U" python3 homework.py > stulog.txt 2>&1 on vdhankar #####
##### Output of failed program (stdout + stderr): #####
Traceback (most recent call last):
  File "homework.py", line 546, in <module>
    print(end-start)
NameError: name 'end' is not defined
##### End of output of failed program #####
##### vdhankar plays [J c5 e3] in 3.40320301055908s #####
##### Running: /usr/lib/jvm/jdk-14.0.1/bin/java -jar /lab/itti/projects/checkers-competition/server/referee.jar on run_18_tyang863_vdhankar #####
Move is valid
##### SUCCESS: /usr/lib/jvm/jdk-14.0.1/bin/java -jar /lab/itti/projects/checkers-competition/server/referee.jar on run_18_tyang863_vdhankar #####
INPUT for tyang863:
GAME
WHITE
299.7115376091
.b.b.b.b
........
.b......
........
.......b
w...b...
.....w..
w.w.w.w.
##### Running: /usr/bin/time -o time_18_tyang863_vdhankar.txt -f "%U" ./homework > stulog.txt 2>&1 on tyang863 #####
##### SUCCESS: /usr/bin/time -o time_18_tyang863_vdhankar.txt -f "%U" ./homework > stulog.txt 2>&1 on tyang863 #####
##### tyang863 plays [J f2 d4] in 0.01s #####
##### Running: /usr/lib/jvm/jdk-14.0.1/bin/java -jar /lab/itti/projects/checkers-competition/server/referee.jar on run_18_tyang863_vdhankar #####
Move is valid
##### SUCCESS: /usr/lib/jvm/jdk-14.0.1/bin/java -jar /lab/itti/projects/checkers-competition/server/referee.jar on run_18_tyang863_vdhankar #####
INPUT for vdhankar:
GAME
BLACK
225.786925077438
.b.b.b.b
........
.b......
........
...w...b
w.......
........
w.w.w.w.
##### Running: /usr/bin/time -o time_18_tyang863_vdhankar.txt -f "%U" python3 homework.py > stulog.txt 2>&1 on vdhankar #####
child exited with value 1
##### ERROR: /usr/bin/time -o time_18_tyang863_vdhankar.txt -f "%U" python3 homework.py > stulog.txt 2>&1 on vdhankar #####
##### Output of failed program (stdout + stderr): #####
Traceback (most recent call last):
  File "homework.py", line 546, in <module>
    print(end-start)
NameError: name 'end' is not defined
##### End of output of failed program #####
##### vdhankar plays [E b6 a5] in 37.8474328517914s #####
##### Running: /usr/lib/jvm/jdk-14.0.1/bin/java -jar /lab/itti/projects/checkers-competition/server/referee.jar on run_18_tyang863_vdhankar #####
Move is valid
##### SUCCESS: /usr/lib/jvm/jdk-14.0.1/bin/java -jar /lab/itti/projects/checkers-competition/server/referee.jar on run_18_tyang863_vdhankar #####
INPUT for tyang863:
GAME
WHITE
299.7015376091
.b.b.b.b
........
........
b.......
...w...b
w.......
........
w.w.w.w.
##### Running: /usr/bin/time -o time_18_tyang863_vdhankar.txt -f "%U" ./homework > stulog.txt 2>&1 on tyang863 #####
##### SUCCESS: /usr/bin/time -o time_18_tyang863_vdhankar.txt -f "%U" ./homework > stulog.txt 2>&1 on tyang863 #####
##### tyang863 plays [E g1 f2] in 0.09s #####
##### Running: /usr/lib/jvm/jdk-14.0.1/bin/java -jar /lab/itti/projects/checkers-competition/server/referee.jar on run_18_tyang863_vdhankar #####
Move is valid
##### SUCCESS: /usr/lib/jvm/jdk-14.0.1/bin/java -jar /lab/itti/projects/checkers-competition/server/referee.jar on run_18_tyang863_vdhankar #####
INPUT for vdhankar:
GAME
BLACK
187.939492225647
.b.b.b.b
........
........
b.......
...w...b
w.......
.....w..
w.w.w...
##### Running: /usr/bin/time -o time_18_tyang863_vdhankar.txt -f "%U" python3 homework.py > stulog.txt 2>&1 on vdhankar #####
child exited with value 1
##### ERROR: /usr/bin/time -o time_18_tyang863_vdhankar.txt -f "%U" python3 homework.py > stulog.txt 2>&1 on vdhankar #####
##### Output of failed program (stdout + stderr): #####
Traceback (most recent call last):
  File "homework.py", line 546, in <module>
    print(end-start)
NameError: name 'end' is not defined
##### End of output of failed program #####
##### vdhankar plays [E h8 g7] in 26.7762110233307s #####
##### Running: /usr/lib/jvm/jdk-14.0.1/bin/java -jar /lab/itti/projects/checkers-competition/server/referee.jar on run_18_tyang863_vdhankar #####
Move is valid
##### SUCCESS: /usr/lib/jvm/jdk-14.0.1/bin/java -jar /lab/itti/projects/checkers-competition/server/referee.jar on run_18_tyang863_vdhankar #####
INPUT for tyang863:
GAME
WHITE
299.6115376091
.b.b.b..
......b.
........
b.......
...w...b
w.......
.....w..
w.w.w...
##### Running: /usr/bin/time -o time_18_tyang863_vdhankar.txt -f "%U" ./homework > stulog.txt 2>&1 on tyang863 #####
##### SUCCESS: /usr/bin/time -o time_18_tyang863_vdhankar.txt -f "%U" ./homework > stulog.txt 2>&1 on tyang863 #####
##### tyang863 plays [E a3 b4] in 0.07s #####
##### Running: /usr/lib/jvm/jdk-14.0.1/bin/java -jar /lab/itti/projects/checkers-competition/server/referee.jar on run_18_tyang863_vdhankar #####
Move is valid
##### SUCCESS: /usr/lib/jvm/jdk-14.0.1/bin/java -jar /lab/itti/projects/checkers-competition/server/referee.jar on run_18_tyang863_vdhankar #####
INPUT for vdhankar:
GAME
BLACK
161.163281202316
.b.b.b..
......b.
........
b.......
.w.w...b
........
.....w..
w.w.w...
##### Running: /usr/bin/time -o time_18_tyang863_vdhankar.txt -f "%U" python3 homework.py > stulog.txt 2>&1 on vdhankar #####
child exited with value 1
##### ERROR: /usr/bin/time -o time_18_tyang863_vdhankar.txt -f "%U" python3 homework.py > stulog.txt 2>&1 on vdhankar #####
##### Output of failed program (stdout + stderr): #####
Traceback (most recent call last):
  File "homework.py", line 546, in <module>
    print(end-start)
NameError: name 'end' is not defined
##### End of output of failed program #####
##### vdhankar plays [J a5 c3] in 5.03780007362366s #####
##### Running: /usr/lib/jvm/jdk-14.0.1/bin/java -jar /lab/itti/projects/checkers-competition/server/referee.jar on run_18_tyang863_vdhankar #####
Move is valid
##### SUCCESS: /usr/lib/jvm/jdk-14.0.1/bin/java -jar /lab/itti/projects/checkers-competition/server/referee.jar on run_18_tyang863_vdhankar #####
INPUT for tyang863:
GAME
WHITE
299.5415376091
.b.b.b..
......b.
........
........
...w...b
..b.....
.....w..
w.w.w...
##### Running: /usr/bin/time -o time_18_tyang863_vdhankar.txt -f "%U" ./homework > stulog.txt 2>&1 on tyang863 #####
##### SUCCESS: /usr/bin/time -o time_18_tyang863_vdhankar.txt -f "%U" ./homework > stulog.txt 2>&1 on tyang863 #####
##### tyang863 plays [E d4 e5] in 0.05s #####
##### Running: /usr/lib/jvm/jdk-14.0.1/bin/java -jar /lab/itti/projects/checkers-competition/server/referee.jar on run_18_tyang863_vdhankar #####
Move is valid
##### SUCCESS: /usr/lib/jvm/jdk-14.0.1/bin/java -jar /lab/itti/projects/checkers-competition/server/referee.jar on run_18_tyang863_vdhankar #####
INPUT for vdhankar:
GAME
BLACK
156.125481128693
.b.b.b..
......b.
........
....w...
.......b
..b.....
.....w..
w.w.w...
##### Running: /usr/bin/time -o time_18_tyang863_vdhankar.txt -f "%U" python3 homework.py > stulog.txt 2>&1 on vdhankar #####
child exited with value 1
##### ERROR: /usr/bin/time -o time_18_tyang863_vdhankar.txt -f "%U" python3 homework.py > stulog.txt 2>&1 on vdhankar #####
##### Output of failed program (stdout + stderr): #####
Traceback (most recent call last):
  File "homework.py", line 546, in <module>
    print(end-start)
NameError: name 'end' is not defined
##### End of output of failed program #####
##### vdhankar plays [E g7 h6] in 5.73246884346008s #####
##### Running: /usr/lib/jvm/jdk-14.0.1/bin/java -jar /lab/itti/projects/checkers-competition/server/referee.jar on run_18_tyang863_vdhankar #####
Move is valid
##### SUCCESS: /usr/lib/jvm/jdk-14.0.1/bin/java -jar /lab/itti/projects/checkers-competition/server/referee.jar on run_18_tyang863_vdhankar #####
INPUT for tyang863:
GAME
WHITE
299.4915376091
.b.b.b..
........
.......b
....w...
.......b
..b.....
.....w..
w.w.w...
##### Running: /usr/bin/time -o time_18_tyang863_vdhankar.txt -f "%U" ./homework > stulog.txt 2>&1 on tyang863 #####
##### SUCCESS: /usr/bin/time -o time_18_tyang863_vdhankar.txt -f "%U" ./homework > stulog.txt 2>&1 on tyang863 #####
##### tyang863 plays [E e5 f6] in 0.04s #####
##### Running: /usr/lib/jvm/jdk-14.0.1/bin/java -jar /lab/itti/projects/checkers-competition/server/referee.jar on run_18_tyang863_vdhankar #####
Move is valid
##### SUCCESS: /usr/lib/jvm/jdk-14.0.1/bin/java -jar /lab/itti/projects/checkers-competition/server/referee.jar on run_18_tyang863_vdhankar #####
INPUT for vdhankar:
GAME
BLACK
150.393012285233
.b.b.b..
........
.....w.b
........
.......b
..b.....
.....w..
w.w.w...
##### Running: /usr/bin/time -o time_18_tyang863_vdhankar.txt -f "%U" python3 homework.py > stulog.txt 2>&1 on vdhankar #####
child exited with value 1
##### ERROR: /usr/bin/time -o time_18_tyang863_vdhankar.txt -f "%U" python3 homework.py > stulog.txt 2>&1 on vdhankar #####
##### Output of failed program (stdout + stderr): #####
Traceback (most recent call last):
  File "homework.py", line 546, in <module>
    print(end-start)
NameError: name 'end' is not defined
##### End of output of failed program #####
##### vdhankar plays [E h6 g5] in 4.76629090309143s #####
##### Running: /usr/lib/jvm/jdk-14.0.1/bin/java -jar /lab/itti/projects/checkers-competition/server/referee.jar on run_18_tyang863_vdhankar #####
Move is valid
##### SUCCESS: /usr/lib/jvm/jdk-14.0.1/bin/java -jar /lab/itti/projects/checkers-competition/server/referee.jar on run_18_tyang863_vdhankar #####
INPUT for tyang863:
GAME
WHITE
299.4515376091
.b.b.b..
........
.....w..
......b.
.......b
..b.....
.....w..
w.w.w...
##### Running: /usr/bin/time -o time_18_tyang863_vdhankar.txt -f "%U" ./homework > stulog.txt 2>&1 on tyang863 #####
##### SUCCESS: /usr/bin/time -o time_18_tyang863_vdhankar.txt -f "%U" ./homework > stulog.txt 2>&1 on tyang863 #####
##### tyang863 plays [E f6 g7] in 0.01s #####
##### Running: /usr/lib/jvm/jdk-14.0.1/bin/java -jar /lab/itti/projects/checkers-competition/server/referee.jar on run_18_tyang863_vdhankar #####
Move is valid
##### SUCCESS: /usr/lib/jvm/jdk-14.0.1/bin/java -jar /lab/itti/projects/checkers-competition/server/referee.jar on run_18_tyang863_vdhankar #####
INPUT for vdhankar:
GAME
BLACK
145.626721382141
.b.b.b..
......w.
........
......b.
.......b
..b.....
.....w..
w.w.w...
##### Running: /usr/bin/time -o time_18_tyang863_vdhankar.txt -f "%U" python3 homework.py > stulog.txt 2>&1 on vdhankar #####
child exited with value 1
##### ERROR: /usr/bin/time -o time_18_tyang863_vdhankar.txt -f "%U" python3 homework.py > stulog.txt 2>&1 on vdhankar #####
##### Output of failed program (stdout + stderr): #####
Traceback (most recent call last):
  File "homework.py", line 546, in <module>
    print(end-start)
NameError: name 'end' is not defined
##### End of output of failed program #####
##### vdhankar plays [J f8 h6] in 1.06823301315308s #####
##### Running: /usr/lib/jvm/jdk-14.0.1/bin/java -jar /lab/itti/projects/checkers-competition/server/referee.jar on run_18_tyang863_vdhankar #####
Move is valid
##### SUCCESS: /usr/lib/jvm/jdk-14.0.1/bin/java -jar /lab/itti/projects/checkers-competition/server/referee.jar on run_18_tyang863_vdhankar #####
INPUT for tyang863:
GAME
WHITE
299.4415376091
.b.b....
........
.......b
......b.
.......b
..b.....
.....w..
w.w.w...
##### Running: /usr/bin/time -o time_18_tyang863_vdhankar.txt -f "%U" ./homework > stulog.txt 2>&1 on tyang863 #####
##### SUCCESS: /usr/bin/time -o time_18_tyang863_vdhankar.txt -f "%U" ./homework > stulog.txt 2>&1 on tyang863 #####
##### tyang863 plays [E a1 b2] in 0.0171070098876953s #####
##### Running: /usr/lib/jvm/jdk-14.0.1/bin/java -jar /lab/itti/projects/checkers-competition/server/referee.jar on run_18_tyang863_vdhankar #####
Move is valid
##### SUCCESS: /usr/lib/jvm/jdk-14.0.1/bin/java -jar /lab/itti/projects/checkers-competition/server/referee.jar on run_18_tyang863_vdhankar #####
INPUT for vdhankar:
GAME
BLACK
144.558488368988
.b.b....
........
.......b
......b.
.......b
..b.....
.w...w..
..w.w...
##### Running: /usr/bin/time -o time_18_tyang863_vdhankar.txt -f "%U" python3 homework.py > stulog.txt 2>&1 on vdhankar #####
child exited with value 1
##### ERROR: /usr/bin/time -o time_18_tyang863_vdhankar.txt -f "%U" python3 homework.py > stulog.txt 2>&1 on vdhankar #####
##### Output of failed program (stdout + stderr): #####
Traceback (most recent call last):
  File "homework.py", line 546, in <module>
    print(end-start)
NameError: name 'end' is not defined
##### End of output of failed program #####
##### vdhankar plays [J c3 a1] in 0.848609924316406s #####
##### Running: /usr/lib/jvm/jdk-14.0.1/bin/java -jar /lab/itti/projects/checkers-competition/server/referee.jar on run_18_tyang863_vdhankar #####
Move is valid
##### SUCCESS: /usr/lib/jvm/jdk-14.0.1/bin/java -jar /lab/itti/projects/checkers-competition/server/referee.jar on run_18_tyang863_vdhankar #####
INPUT for tyang863:
GAME
WHITE
299.424430599213
.b.b....
........
.......b
......b.
.......b
........
.....w..
B.w.w...
##### Running: /usr/bin/time -o time_18_tyang863_vdhankar.txt -f "%U" ./homework > stulog.txt 2>&1 on tyang863 #####
##### SUCCESS: /usr/bin/time -o time_18_tyang863_vdhankar.txt -f "%U" ./homework > stulog.txt 2>&1 on tyang863 #####
##### tyang863 plays [E f2 g3] in 0.00867915153503418s #####
##### Running: /usr/lib/jvm/jdk-14.0.1/bin/java -jar /lab/itti/projects/checkers-competition/server/referee.jar on run_18_tyang863_vdhankar #####
Move is valid
##### SUCCESS: /usr/lib/jvm/jdk-14.0.1/bin/java -jar /lab/itti/projects/checkers-competition/server/referee.jar on run_18_tyang863_vdhankar #####
INPUT for vdhankar:
GAME
BLACK
143.709878444672
.b.b....
........
.......b
......b.
.......b
......w.
........
B.w.w...
##### Running: /usr/bin/time -o time_18_tyang863_vdhankar.txt -f "%U" python3 homework.py > stulog.txt 2>&1 on vdhankar #####
child exited with value 1
##### ERROR: /usr/bin/time -o time_18_tyang863_vdhankar.txt -f "%U" python3 homework.py > stulog.txt 2>&1 on vdhankar #####
##### Output of failed program (stdout + stderr): #####
Traceback (most recent call last):
  File "homework.py", line 546, in <module>
    print(end-start)
NameError: name 'end' is not defined
##### End of output of failed program #####
##### vdhankar plays [J h4 f2] in 0.311891078948975s #####
##### Running: /usr/lib/jvm/jdk-14.0.1/bin/java -jar /lab/itti/projects/checkers-competition/server/referee.jar on run_18_tyang863_vdhankar #####
Move is valid
##### SUCCESS: /usr/lib/jvm/jdk-14.0.1/bin/java -jar /lab/itti/projects/checkers-competition/server/referee.jar on run_18_tyang863_vdhankar #####
INPUT for tyang863:
GAME
WHITE
299.415751447678
.b.b....
........
.......b
......b.
........
........
.....b..
B.w.w...
##### Running: /usr/bin/time -o time_18_tyang863_vdhankar.txt -f "%U" ./homework > stulog.txt 2>&1 on tyang863 #####
##### SUCCESS: /usr/bin/time -o time_18_tyang863_vdhankar.txt -f "%U" ./homework > stulog.txt 2>&1 on tyang863 #####
##### tyang863 plays [J e1 g3] in 0.00822806358337402s #####
##### Running: /usr/lib/jvm/jdk-14.0.1/bin/java -jar /lab/itti/projects/checkers-competition/server/referee.jar on run_18_tyang863_vdhankar #####
Move is valid
##### SUCCESS: /usr/lib/jvm/jdk-14.0.1/bin/java -jar /lab/itti/projects/checkers-competition/server/referee.jar on run_18_tyang863_vdhankar #####
INPUT for vdhankar:
GAME
BLACK
143.397987365723
.b.b....
........
.......b
......b.
........
......w.
........
B.w.....
##### Running: /usr/bin/time -o time_18_tyang863_vdhankar.txt -f "%U" python3 homework.py > stulog.txt 2>&1 on vdhankar #####
child exited with value 1
##### ERROR: /usr/bin/time -o time_18_tyang863_vdhankar.txt -f "%U" python3 homework.py > stulog.txt 2>&1 on vdhankar #####
##### Output of failed program (stdout + stderr): #####
Traceback (most recent call last):
  File "homework.py", line 546, in <module>
    print(end-start)
NameError: name 'end' is not defined
##### End of output of failed program #####
##### vdhankar plays [E g5 h4] in 1.18495798110962s #####
##### Running: /usr/lib/jvm/jdk-14.0.1/bin/java -jar /lab/itti/projects/checkers-competition/server/referee.jar on run_18_tyang863_vdhankar #####
Move is valid
##### SUCCESS: /usr/lib/jvm/jdk-14.0.1/bin/java -jar /lab/itti/projects/checkers-competition/server/referee.jar on run_18_tyang863_vdhankar #####
INPUT for tyang863:
GAME
WHITE
299.407523384094
.b.b....
........
.......b
........
.......b
......w.
........
B.w.....
##### Running: /usr/bin/time -o time_18_tyang863_vdhankar.txt -f "%U" ./homework > stulog.txt 2>&1 on tyang863 #####
##### SUCCESS: /usr/bin/time -o time_18_tyang863_vdhankar.txt -f "%U" ./homework > stulog.txt 2>&1 on tyang863 #####
##### tyang863 plays [E g3 f4] in 0.00818490982055664s #####
##### Running: /usr/lib/jvm/jdk-14.0.1/bin/java -jar /lab/itti/projects/checkers-competition/server/referee.jar on run_18_tyang863_vdhankar #####
Move is valid
##### SUCCESS: /usr/lib/jvm/jdk-14.0.1/bin/java -jar /lab/itti/projects/checkers-competition/server/referee.jar on run_18_tyang863_vdhankar #####
INPUT for vdhankar:
GAME
BLACK
142.213029384613
.b.b....
........
.......b
........
.....w.b
........
........
B.w.....
##### Running: /usr/bin/time -o time_18_tyang863_vdhankar.txt -f "%U" python3 homework.py > stulog.txt 2>&1 on vdhankar #####
child exited with value 1
##### ERROR: /usr/bin/time -o time_18_tyang863_vdhankar.txt -f "%U" python3 homework.py > stulog.txt 2>&1 on vdhankar #####
##### Output of failed program (stdout + stderr): #####
Traceback (most recent call last):
  File "homework.py", line 546, in <module>
    print(end-start)
NameError: name 'end' is not defined
##### End of output of failed program #####
##### vdhankar plays [E b8 c7] in 1.56046295166016s #####
##### Running: /usr/lib/jvm/jdk-14.0.1/bin/java -jar /lab/itti/projects/checkers-competition/server/referee.jar on run_18_tyang863_vdhankar #####
Move is valid
##### SUCCESS: /usr/lib/jvm/jdk-14.0.1/bin/java -jar /lab/itti/projects/checkers-competition/server/referee.jar on run_18_tyang863_vdhankar #####
INPUT for tyang863:
GAME
WHITE
299.399338474274
...b....
..b.....
.......b
........
.....w.b
........
........
B.w.....
##### Running: /usr/bin/time -o time_18_tyang863_vdhankar.txt -f "%U" ./homework > stulog.txt 2>&1 on tyang863 #####
##### SUCCESS: /usr/bin/time -o time_18_tyang863_vdhankar.txt -f "%U" ./homework > stulog.txt 2>&1 on tyang863 #####
##### tyang863 plays [E f4 e5] in 0.00837492942810059s #####
##### Running: /usr/lib/jvm/jdk-14.0.1/bin/java -jar /lab/itti/projects/checkers-competition/server/referee.jar on run_18_tyang863_vdhankar #####
Move is valid
##### SUCCESS: /usr/lib/jvm/jdk-14.0.1/bin/java -jar /lab/itti/projects/checkers-competition/server/referee.jar on run_18_tyang863_vdhankar #####
INPUT for vdhankar:
GAME
BLACK
140.652566432953
...b....
..b.....
.......b
....w...
.......b
........
........
B.w.....
##### Running: /usr/bin/time -o time_18_tyang863_vdhankar.txt -f "%U" python3 homework.py > stulog.txt 2>&1 on vdhankar #####
child exited with value 1
##### ERROR: /usr/bin/time -o time_18_tyang863_vdhankar.txt -f "%U" python3 homework.py > stulog.txt 2>&1 on vdhankar #####
##### Output of failed program (stdout + stderr): #####
Traceback (most recent call last):
  File "homework.py", line 546, in <module>
    print(end-start)
NameError: name 'end' is not defined
##### End of output of failed program #####
##### vdhankar plays [E d8 e7] in 0.730288982391357s #####
##### Running: /usr/lib/jvm/jdk-14.0.1/bin/java -jar /lab/itti/projects/checkers-competition/server/referee.jar on run_18_tyang863_vdhankar #####
Move is valid
##### SUCCESS: /usr/lib/jvm/jdk-14.0.1/bin/java -jar /lab/itti/projects/checkers-competition/server/referee.jar on run_18_tyang863_vdhankar #####
INPUT for tyang863:
GAME
WHITE
299.390963544846
........
..b.b...
.......b
....w...
.......b
........
........
B.w.....
##### Running: /usr/bin/time -o time_18_tyang863_vdhankar.txt -f "%U" ./homework > stulog.txt 2>&1 on tyang863 #####
##### SUCCESS: /usr/bin/time -o time_18_tyang863_vdhankar.txt -f "%U" ./homework > stulog.txt 2>&1 on tyang863 #####
##### tyang863 plays [E e5 f6] in 0.0077660083770752s #####
##### Running: /usr/lib/jvm/jdk-14.0.1/bin/java -jar /lab/itti/projects/checkers-competition/server/referee.jar on run_18_tyang863_vdhankar #####
Move is valid
##### SUCCESS: /usr/lib/jvm/jdk-14.0.1/bin/java -jar /lab/itti/projects/checkers-competition/server/referee.jar on run_18_tyang863_vdhankar #####
INPUT for vdhankar:
GAME
BLACK
139.922277450562
........
..b.b...
.....w.b
........
.......b
........
........
B.w.....
##### Running: /usr/bin/time -o time_18_tyang863_vdhankar.txt -f "%U" python3 homework.py > stulog.txt 2>&1 on vdhankar #####
child exited with value 1
##### ERROR: /usr/bin/time -o time_18_tyang863_vdhankar.txt -f "%U" python3 homework.py > stulog.txt 2>&1 on vdhankar #####
##### Output of failed program (stdout + stderr): #####
Traceback (most recent call last):
  File "homework.py", line 546, in <module>
    print(end-start)
NameError: name 'end' is not defined
##### End of output of failed program #####
##### vdhankar plays [J e7 g5] in 0.207827806472778s #####
##### Running: /usr/lib/jvm/jdk-14.0.1/bin/java -jar /lab/itti/projects/checkers-competition/server/referee.jar on run_18_tyang863_vdhankar #####
Move is valid
##### SUCCESS: /usr/lib/jvm/jdk-14.0.1/bin/java -jar /lab/itti/projects/checkers-competition/server/referee.jar on run_18_tyang863_vdhankar #####
INPUT for tyang863:
GAME
WHITE
299.383197536469
........
..b.....
.......b
......b.
.......b
........
........
B.w.....
##### Running: /usr/bin/time -o time_18_tyang863_vdhankar.txt -f "%U" ./homework > stulog.txt 2>&1 on tyang863 #####
##### SUCCESS: /usr/bin/time -o time_18_tyang863_vdhankar.txt -f "%U" ./homework > stulog.txt 2>&1 on tyang863 #####
##### tyang863 plays [E c1 b2] in 0.00730800628662109s #####
##### Running: /usr/lib/jvm/jdk-14.0.1/bin/java -jar /lab/itti/projects/checkers-competition/server/referee.jar on run_18_tyang863_vdhankar #####
Move is valid
##### SUCCESS: /usr/lib/jvm/jdk-14.0.1/bin/java -jar /lab/itti/projects/checkers-competition/server/referee.jar on run_18_tyang863_vdhankar #####
INPUT for vdhankar:
GAME
BLACK
139.714449644089
........
..b.....
.......b
......b.
.......b
........
.w......
B.......
##### Running: /usr/bin/time -o time_18_tyang863_vdhankar.txt -f "%U" python3 homework.py > stulog.txt 2>&1 on vdhankar #####
child exited with value 1
##### ERROR: /usr/bin/time -o time_18_tyang863_vdhankar.txt -f "%U" python3 homework.py > stulog.txt 2>&1 on vdhankar #####
##### Output of failed program (stdout + stderr): #####
Traceback (most recent call last):
  File "homework.py", line 546, in <module>
    print(end-start)
NameError: name 'end' is not defined
##### End of output of failed program #####
##### vdhankar plays [J a1 c3] in 0.203475952148438s #####
##### Running: /usr/lib/jvm/jdk-14.0.1/bin/java -jar /lab/itti/projects/checkers-competition/server/referee.jar on run_18_tyang863_vdhankar #####
Move is valid
After this move, player WHITE cannot make any moves
*** Winner: BLACK ***
##### SUCCESS: /usr/lib/jvm/jdk-14.0.1/bin/java -jar /lab/itti/projects/checkers-competition/server/referee.jar on run_18_tyang863_vdhankar #####
##### GAME OVER: vdhankar wins the game! #####
Server said: WIN
########## ROUND 18 GAMESCORE AFTER GAME 4: tyang863=2 and vdhankar=2 ##########


########## TIE ON ROUND 18 - BOTH PLAYERS ADVANCE TO NEXT ROUND ##########
