#################### ROUND 18: ssingh41 (W) vs vdhankar (B): game 1 ####################
##### game start! #####
INPUT for vdhankar:
GAME
BLACK
300
.b.b.b.b
b.b.b.b.
.b.b.b.b
........
........
w.w.w.w.
.w.w.w.w
w.w.w.w.
##### Running: /usr/bin/time -o time_18_ssingh41_vdhankar.txt -f "%U" python3 homework.py > stulog.txt 2>&1 on vdhankar #####
child exited with value 1
##### ERROR: /usr/bin/time -o time_18_ssingh41_vdhankar.txt -f "%U" python3 homework.py > stulog.txt 2>&1 on vdhankar #####
##### Output of failed program (stdout + stderr): #####
Traceback (most recent call last):
  File "homework.py", line 546, in <module>
    print(end-start)
NameError: name 'end' is not defined
##### End of output of failed program #####
##### vdhankar plays [E h6 g5] in 10.85280418396s #####
##### Running: /usr/lib/jvm/jdk-14.0.1/bin/java -jar /lab/itti/projects/checkers-competition/server/referee.jar on run_18_ssingh41_vdhankar #####
Move is valid
Couldn't read file 'current_ply.txt'
Couldn't read content from file 'current_ply.txt'
Couldn't read file 'lastmatchange_ply.txt'
Couldn't read content from file 'lastmatchange_ply.txt'
##### SUCCESS: /usr/lib/jvm/jdk-14.0.1/bin/java -jar /lab/itti/projects/checkers-competition/server/referee.jar on run_18_ssingh41_vdhankar #####
INPUT for ssingh41:
GAME
WHITE
300
.b.b.b.b
b.b.b.b.
.b.b.b..
......b.
........
w.w.w.w.
.w.w.w.w
w.w.w.w.
##### Running: /usr/bin/time -o time_18_ssingh41_vdhankar.txt -f "%U" python3 homework.py > stulog.txt 2>&1 on ssingh41 #####
##### SUCCESS: /usr/bin/time -o time_18_ssingh41_vdhankar.txt -f "%U" python3 homework.py > stulog.txt 2>&1 on ssingh41 #####
##### ssingh41 plays [E g3 f4] in 2.61s #####
##### Running: /usr/lib/jvm/jdk-14.0.1/bin/java -jar /lab/itti/projects/checkers-competition/server/referee.jar on run_18_ssingh41_vdhankar #####
Move is valid
##### SUCCESS: /usr/lib/jvm/jdk-14.0.1/bin/java -jar /lab/itti/projects/checkers-competition/server/referee.jar on run_18_ssingh41_vdhankar #####
INPUT for vdhankar:
GAME
BLACK
289.14719581604
.b.b.b.b
b.b.b.b.
.b.b.b..
......b.
.....w..
w.w.w...
.w.w.w.w
w.w.w.w.
##### Running: /usr/bin/time -o time_18_ssingh41_vdhankar.txt -f "%U" python3 homework.py > stulog.txt 2>&1 on vdhankar #####
child exited with value 1
##### ERROR: /usr/bin/time -o time_18_ssingh41_vdhankar.txt -f "%U" python3 homework.py > stulog.txt 2>&1 on vdhankar #####
##### Output of failed program (stdout + stderr): #####
Traceback (most recent call last):
  File "homework.py", line 546, in <module>
    print(end-start)
NameError: name 'end' is not defined
##### End of output of failed program #####
##### vdhankar plays [E g5 h4] in 9.19010496139526s #####
##### Running: /usr/lib/jvm/jdk-14.0.1/bin/java -jar /lab/itti/projects/checkers-competition/server/referee.jar on run_18_ssingh41_vdhankar #####
Move is valid
##### SUCCESS: /usr/lib/jvm/jdk-14.0.1/bin/java -jar /lab/itti/projects/checkers-competition/server/referee.jar on run_18_ssingh41_vdhankar #####
INPUT for ssingh41:
GAME
WHITE
297.39
.b.b.b.b
b.b.b.b.
.b.b.b..
........
.....w.b
w.w.w...
.w.w.w.w
w.w.w.w.
##### Running: /usr/bin/time -o time_18_ssingh41_vdhankar.txt -f "%U" python3 homework.py > stulog.txt 2>&1 on ssingh41 #####
##### SUCCESS: /usr/bin/time -o time_18_ssingh41_vdhankar.txt -f "%U" python3 homework.py > stulog.txt 2>&1 on ssingh41 #####
##### ssingh41 plays [E f4 e5] in 3.92s #####
##### Running: /usr/lib/jvm/jdk-14.0.1/bin/java -jar /lab/itti/projects/checkers-competition/server/referee.jar on run_18_ssingh41_vdhankar #####
Move is valid
##### SUCCESS: /usr/lib/jvm/jdk-14.0.1/bin/java -jar /lab/itti/projects/checkers-competition/server/referee.jar on run_18_ssingh41_vdhankar #####
INPUT for vdhankar:
GAME
BLACK
279.957090854645
.b.b.b.b
b.b.b.b.
.b.b.b..
....w...
.......b
w.w.w...
.w.w.w.w
w.w.w.w.
##### Running: /usr/bin/time -o time_18_ssingh41_vdhankar.txt -f "%U" python3 homework.py > stulog.txt 2>&1 on vdhankar #####
child exited with value 1
##### ERROR: /usr/bin/time -o time_18_ssingh41_vdhankar.txt -f "%U" python3 homework.py > stulog.txt 2>&1 on vdhankar #####
##### Output of failed program (stdout + stderr): #####
Traceback (most recent call last):
  File "homework.py", line 546, in <module>
    print(end-start)
NameError: name 'end' is not defined
##### End of output of failed program #####
##### vdhankar plays [J f6 d4] in 2.84819483757019s #####
##### Running: /usr/lib/jvm/jdk-14.0.1/bin/java -jar /lab/itti/projects/checkers-competition/server/referee.jar on run_18_ssingh41_vdhankar #####
Move is valid
##### SUCCESS: /usr/lib/jvm/jdk-14.0.1/bin/java -jar /lab/itti/projects/checkers-competition/server/referee.jar on run_18_ssingh41_vdhankar #####
INPUT for ssingh41:
GAME
WHITE
293.47
.b.b.b.b
b.b.b.b.
.b.b....
........
...b...b
w.w.w...
.w.w.w.w
w.w.w.w.
##### Running: /usr/bin/time -o time_18_ssingh41_vdhankar.txt -f "%U" python3 homework.py > stulog.txt 2>&1 on ssingh41 #####
##### SUCCESS: /usr/bin/time -o time_18_ssingh41_vdhankar.txt -f "%U" python3 homework.py > stulog.txt 2>&1 on ssingh41 #####
##### ssingh41 plays [J e3 c5] in 0.24s #####
##### Running: /usr/lib/jvm/jdk-14.0.1/bin/java -jar /lab/itti/projects/checkers-competition/server/referee.jar on run_18_ssingh41_vdhankar #####
Move is valid
##### SUCCESS: /usr/lib/jvm/jdk-14.0.1/bin/java -jar /lab/itti/projects/checkers-competition/server/referee.jar on run_18_ssingh41_vdhankar #####
INPUT for vdhankar:
GAME
BLACK
277.108896017075
.b.b.b.b
b.b.b.b.
.b.b....
..w.....
.......b
w.w.....
.w.w.w.w
w.w.w.w.
##### Running: /usr/bin/time -o time_18_ssingh41_vdhankar.txt -f "%U" python3 homework.py > stulog.txt 2>&1 on vdhankar #####
child exited with value 1
##### ERROR: /usr/bin/time -o time_18_ssingh41_vdhankar.txt -f "%U" python3 homework.py > stulog.txt 2>&1 on vdhankar #####
##### Output of failed program (stdout + stderr): #####
Traceback (most recent call last):
  File "homework.py", line 546, in <module>
    print(end-start)
NameError: name 'end' is not defined
##### End of output of failed program #####
##### vdhankar plays [J b6 d4] in 1.28812193870544s #####
##### Running: /usr/lib/jvm/jdk-14.0.1/bin/java -jar /lab/itti/projects/checkers-competition/server/referee.jar on run_18_ssingh41_vdhankar #####
Move is valid
##### SUCCESS: /usr/lib/jvm/jdk-14.0.1/bin/java -jar /lab/itti/projects/checkers-competition/server/referee.jar on run_18_ssingh41_vdhankar #####
INPUT for ssingh41:
GAME
WHITE
293.23
.b.b.b.b
b.b.b.b.
...b....
........
...b...b
w.w.....
.w.w.w.w
w.w.w.w.
##### Running: /usr/bin/time -o time_18_ssingh41_vdhankar.txt -f "%U" python3 homework.py > stulog.txt 2>&1 on ssingh41 #####
##### SUCCESS: /usr/bin/time -o time_18_ssingh41_vdhankar.txt -f "%U" python3 homework.py > stulog.txt 2>&1 on ssingh41 #####
##### ssingh41 plays [J c3 e5] in 0.35s #####
##### Running: /usr/lib/jvm/jdk-14.0.1/bin/java -jar /lab/itti/projects/checkers-competition/server/referee.jar on run_18_ssingh41_vdhankar #####
Move is valid
##### SUCCESS: /usr/lib/jvm/jdk-14.0.1/bin/java -jar /lab/itti/projects/checkers-competition/server/referee.jar on run_18_ssingh41_vdhankar #####
INPUT for vdhankar:
GAME
BLACK
275.820774078369
.b.b.b.b
b.b.b.b.
...b....
....w...
.......b
w.......
.w.w.w.w
w.w.w.w.
##### Running: /usr/bin/time -o time_18_ssingh41_vdhankar.txt -f "%U" python3 homework.py > stulog.txt 2>&1 on vdhankar #####
child exited with value 1
##### ERROR: /usr/bin/time -o time_18_ssingh41_vdhankar.txt -f "%U" python3 homework.py > stulog.txt 2>&1 on vdhankar #####
##### Output of failed program (stdout + stderr): #####
Traceback (most recent call last):
  File "homework.py", line 546, in <module>
    print(end-start)
NameError: name 'end' is not defined
##### End of output of failed program #####
##### vdhankar plays [J d6 f4] in 11.999902009964s #####
##### Running: /usr/lib/jvm/jdk-14.0.1/bin/java -jar /lab/itti/projects/checkers-competition/server/referee.jar on run_18_ssingh41_vdhankar #####
Move is valid
##### SUCCESS: /usr/lib/jvm/jdk-14.0.1/bin/java -jar /lab/itti/projects/checkers-competition/server/referee.jar on run_18_ssingh41_vdhankar #####
INPUT for ssingh41:
GAME
WHITE
292.88
.b.b.b.b
b.b.b.b.
........
........
.....b.b
w.......
.w.w.w.w
w.w.w.w.
##### Running: /usr/bin/time -o time_18_ssingh41_vdhankar.txt -f "%U" python3 homework.py > stulog.txt 2>&1 on ssingh41 #####
##### SUCCESS: /usr/bin/time -o time_18_ssingh41_vdhankar.txt -f "%U" python3 homework.py > stulog.txt 2>&1 on ssingh41 #####
##### ssingh41 plays [E a3 b4] in 3.73s #####
##### Running: /usr/lib/jvm/jdk-14.0.1/bin/java -jar /lab/itti/projects/checkers-competition/server/referee.jar on run_18_ssingh41_vdhankar #####
Move is valid
##### SUCCESS: /usr/lib/jvm/jdk-14.0.1/bin/java -jar /lab/itti/projects/checkers-competition/server/referee.jar on run_18_ssingh41_vdhankar #####
INPUT for vdhankar:
GAME
BLACK
263.820872068405
.b.b.b.b
b.b.b.b.
........
........
.w...b.b
........
.w.w.w.w
w.w.w.w.
##### Running: /usr/bin/time -o time_18_ssingh41_vdhankar.txt -f "%U" python3 homework.py > stulog.txt 2>&1 on vdhankar #####
child exited with value 1
##### ERROR: /usr/bin/time -o time_18_ssingh41_vdhankar.txt -f "%U" python3 homework.py > stulog.txt 2>&1 on vdhankar #####
##### Output of failed program (stdout + stderr): #####
Traceback (most recent call last):
  File "homework.py", line 546, in <module>
    print(end-start)
NameError: name 'end' is not defined
##### End of output of failed program #####
##### vdhankar plays [E e7 d6] in 77.0647230148315s #####
##### Running: /usr/lib/jvm/jdk-14.0.1/bin/java -jar /lab/itti/projects/checkers-competition/server/referee.jar on run_18_ssingh41_vdhankar #####
Move is valid
##### SUCCESS: /usr/lib/jvm/jdk-14.0.1/bin/java -jar /lab/itti/projects/checkers-competition/server/referee.jar on run_18_ssingh41_vdhankar #####
INPUT for ssingh41:
GAME
WHITE
289.15
.b.b.b.b
b.b...b.
...b....
........
.w...b.b
........
.w.w.w.w
w.w.w.w.
##### Running: /usr/bin/time -o time_18_ssingh41_vdhankar.txt -f "%U" python3 homework.py > stulog.txt 2>&1 on ssingh41 #####
##### SUCCESS: /usr/bin/time -o time_18_ssingh41_vdhankar.txt -f "%U" python3 homework.py > stulog.txt 2>&1 on ssingh41 #####
##### ssingh41 plays [E b2 a3] in 3.33s #####
##### Running: /usr/lib/jvm/jdk-14.0.1/bin/java -jar /lab/itti/projects/checkers-competition/server/referee.jar on run_18_ssingh41_vdhankar #####
Move is valid
##### SUCCESS: /usr/lib/jvm/jdk-14.0.1/bin/java -jar /lab/itti/projects/checkers-competition/server/referee.jar on run_18_ssingh41_vdhankar #####
INPUT for vdhankar:
GAME
BLACK
186.756149053574
.b.b.b.b
b.b...b.
...b....
........
.w...b.b
w.......
...w.w.w
w.w.w.w.
##### Running: /usr/bin/time -o time_18_ssingh41_vdhankar.txt -f "%U" python3 homework.py > stulog.txt 2>&1 on vdhankar #####
child exited with value 1
##### ERROR: /usr/bin/time -o time_18_ssingh41_vdhankar.txt -f "%U" python3 homework.py > stulog.txt 2>&1 on vdhankar #####
##### Output of failed program (stdout + stderr): #####
Traceback (most recent call last):
  File "homework.py", line 546, in <module>
    print(end-start)
NameError: name 'end' is not defined
##### End of output of failed program #####
##### vdhankar plays [E g7 h6] in 36.7782258987427s #####
##### Running: /usr/lib/jvm/jdk-14.0.1/bin/java -jar /lab/itti/projects/checkers-competition/server/referee.jar on run_18_ssingh41_vdhankar #####
Move is valid
##### SUCCESS: /usr/lib/jvm/jdk-14.0.1/bin/java -jar /lab/itti/projects/checkers-competition/server/referee.jar on run_18_ssingh41_vdhankar #####
INPUT for ssingh41:
GAME
WHITE
285.82
.b.b.b.b
b.b.....
...b...b
........
.w...b.b
w.......
...w.w.w
w.w.w.w.
##### Running: /usr/bin/time -o time_18_ssingh41_vdhankar.txt -f "%U" python3 homework.py > stulog.txt 2>&1 on ssingh41 #####
##### SUCCESS: /usr/bin/time -o time_18_ssingh41_vdhankar.txt -f "%U" python3 homework.py > stulog.txt 2>&1 on ssingh41 #####
##### ssingh41 plays [E c1 b2] in 4.37s #####
##### Running: /usr/lib/jvm/jdk-14.0.1/bin/java -jar /lab/itti/projects/checkers-competition/server/referee.jar on run_18_ssingh41_vdhankar #####
Move is valid
##### SUCCESS: /usr/lib/jvm/jdk-14.0.1/bin/java -jar /lab/itti/projects/checkers-competition/server/referee.jar on run_18_ssingh41_vdhankar #####
INPUT for vdhankar:
GAME
BLACK
149.977923154831
.b.b.b.b
b.b.....
...b...b
........
.w...b.b
w.......
.w.w.w.w
w...w.w.
##### Running: /usr/bin/time -o time_18_ssingh41_vdhankar.txt -f "%U" python3 homework.py > stulog.txt 2>&1 on vdhankar #####
child exited with value 1
##### ERROR: /usr/bin/time -o time_18_ssingh41_vdhankar.txt -f "%U" python3 homework.py > stulog.txt 2>&1 on vdhankar #####
##### Output of failed program (stdout + stderr): #####
Traceback (most recent call last):
  File "homework.py", line 546, in <module>
    print(end-start)
NameError: name 'end' is not defined
##### End of output of failed program #####
##### vdhankar plays [E d6 e5] in 36.8312330245972s #####
##### Running: /usr/lib/jvm/jdk-14.0.1/bin/java -jar /lab/itti/projects/checkers-competition/server/referee.jar on run_18_ssingh41_vdhankar #####
Move is valid
##### SUCCESS: /usr/lib/jvm/jdk-14.0.1/bin/java -jar /lab/itti/projects/checkers-competition/server/referee.jar on run_18_ssingh41_vdhankar #####
INPUT for ssingh41:
GAME
WHITE
281.45
.b.b.b.b
b.b.....
.......b
....b...
.w...b.b
w.......
.w.w.w.w
w...w.w.
##### Running: /usr/bin/time -o time_18_ssingh41_vdhankar.txt -f "%U" python3 homework.py > stulog.txt 2>&1 on ssingh41 #####
##### SUCCESS: /usr/bin/time -o time_18_ssingh41_vdhankar.txt -f "%U" python3 homework.py > stulog.txt 2>&1 on ssingh41 #####
##### ssingh41 plays [E b4 a5] in 6.07s #####
##### Running: /usr/lib/jvm/jdk-14.0.1/bin/java -jar /lab/itti/projects/checkers-competition/server/referee.jar on run_18_ssingh41_vdhankar #####
Move is valid
##### SUCCESS: /usr/lib/jvm/jdk-14.0.1/bin/java -jar /lab/itti/projects/checkers-competition/server/referee.jar on run_18_ssingh41_vdhankar #####
INPUT for vdhankar:
GAME
BLACK
113.146690130234
.b.b.b.b
b.b.....
.......b
w...b...
.....b.b
w.......
.w.w.w.w
w...w.w.
##### Running: /usr/bin/time -o time_18_ssingh41_vdhankar.txt -f "%U" python3 homework.py > stulog.txt 2>&1 on vdhankar #####
child exited with value 1
##### ERROR: /usr/bin/time -o time_18_ssingh41_vdhankar.txt -f "%U" python3 homework.py > stulog.txt 2>&1 on vdhankar #####
##### Output of failed program (stdout + stderr): #####
Traceback (most recent call last):
  File "homework.py", line 546, in <module>
    print(end-start)
NameError: name 'end' is not defined
##### End of output of failed program #####
##### vdhankar plays [E h6 g5] in 26.8363678455353s #####
##### Running: /usr/lib/jvm/jdk-14.0.1/bin/java -jar /lab/itti/projects/checkers-competition/server/referee.jar on run_18_ssingh41_vdhankar #####
Move is valid
##### SUCCESS: /usr/lib/jvm/jdk-14.0.1/bin/java -jar /lab/itti/projects/checkers-competition/server/referee.jar on run_18_ssingh41_vdhankar #####
INPUT for ssingh41:
GAME
WHITE
275.38
.b.b.b.b
b.b.....
........
w...b.b.
.....b.b
w.......
.w.w.w.w
w...w.w.
##### Running: /usr/bin/time -o time_18_ssingh41_vdhankar.txt -f "%U" python3 homework.py > stulog.txt 2>&1 on ssingh41 #####
##### SUCCESS: /usr/bin/time -o time_18_ssingh41_vdhankar.txt -f "%U" python3 homework.py > stulog.txt 2>&1 on ssingh41 #####
##### ssingh41 plays [E a3 b4] in 5.31s #####
##### Running: /usr/lib/jvm/jdk-14.0.1/bin/java -jar /lab/itti/projects/checkers-competition/server/referee.jar on run_18_ssingh41_vdhankar #####
Move is valid
##### SUCCESS: /usr/lib/jvm/jdk-14.0.1/bin/java -jar /lab/itti/projects/checkers-competition/server/referee.jar on run_18_ssingh41_vdhankar #####
INPUT for vdhankar:
GAME
BLACK
86.3103222846985
.b.b.b.b
b.b.....
........
w...b.b.
.w...b.b
........
.w.w.w.w
w...w.w.
##### Running: /usr/bin/time -o time_18_ssingh41_vdhankar.txt -f "%U" python3 homework.py > stulog.txt 2>&1 on vdhankar #####
child exited with value 1
##### ERROR: /usr/bin/time -o time_18_ssingh41_vdhankar.txt -f "%U" python3 homework.py > stulog.txt 2>&1 on vdhankar #####
##### Output of failed program (stdout + stderr): #####
Traceback (most recent call last):
  File "homework.py", line 546, in <module>
    print(end-start)
NameError: name 'end' is not defined
##### End of output of failed program #####
##### vdhankar plays [E e5 d4] in 21.8045341968536s #####
##### Running: /usr/lib/jvm/jdk-14.0.1/bin/java -jar /lab/itti/projects/checkers-competition/server/referee.jar on run_18_ssingh41_vdhankar #####
Move is valid
##### SUCCESS: /usr/lib/jvm/jdk-14.0.1/bin/java -jar /lab/itti/projects/checkers-competition/server/referee.jar on run_18_ssingh41_vdhankar #####
INPUT for ssingh41:
GAME
WHITE
270.07
.b.b.b.b
b.b.....
........
w.....b.
.w.b.b.b
........
.w.w.w.w
w...w.w.
##### Running: /usr/bin/time -o time_18_ssingh41_vdhankar.txt -f "%U" python3 homework.py > stulog.txt 2>&1 on ssingh41 #####
##### SUCCESS: /usr/bin/time -o time_18_ssingh41_vdhankar.txt -f "%U" python3 homework.py > stulog.txt 2>&1 on ssingh41 #####
##### ssingh41 plays [E f2 e3] in 9.23s #####
##### Running: /usr/lib/jvm/jdk-14.0.1/bin/java -jar /lab/itti/projects/checkers-competition/server/referee.jar on run_18_ssingh41_vdhankar #####
Move is valid
##### SUCCESS: /usr/lib/jvm/jdk-14.0.1/bin/java -jar /lab/itti/projects/checkers-competition/server/referee.jar on run_18_ssingh41_vdhankar #####
INPUT for vdhankar:
GAME
BLACK
64.5057880878448
.b.b.b.b
b.b.....
........
w.....b.
.w.b.b.b
....w...
.w.w...w
w...w.w.
##### Running: /usr/bin/time -o time_18_ssingh41_vdhankar.txt -f "%U" python3 homework.py > stulog.txt 2>&1 on vdhankar #####
child exited with value 1
##### ERROR: /usr/bin/time -o time_18_ssingh41_vdhankar.txt -f "%U" python3 homework.py > stulog.txt 2>&1 on vdhankar #####
##### Output of failed program (stdout + stderr): #####
Traceback (most recent call last):
  File "homework.py", line 546, in <module>
    print(end-start)
NameError: name 'end' is not defined
##### End of output of failed program #####
##### vdhankar plays [J d4 f2] in 3.59241104125977s #####
##### Running: /usr/lib/jvm/jdk-14.0.1/bin/java -jar /lab/itti/projects/checkers-competition/server/referee.jar on run_18_ssingh41_vdhankar #####
Move is valid
##### SUCCESS: /usr/lib/jvm/jdk-14.0.1/bin/java -jar /lab/itti/projects/checkers-competition/server/referee.jar on run_18_ssingh41_vdhankar #####
INPUT for ssingh41:
GAME
WHITE
260.84
.b.b.b.b
b.b.....
........
w.....b.
.w...b.b
........
.w.w.b.w
w...w.w.
##### Running: /usr/bin/time -o time_18_ssingh41_vdhankar.txt -f "%U" python3 homework.py > stulog.txt 2>&1 on ssingh41 #####
##### SUCCESS: /usr/bin/time -o time_18_ssingh41_vdhankar.txt -f "%U" python3 homework.py > stulog.txt 2>&1 on ssingh41 #####
##### ssingh41 plays [J e1 g3 ; J g3 e5] in 2.61s #####
##### Running: /usr/lib/jvm/jdk-14.0.1/bin/java -jar /lab/itti/projects/checkers-competition/server/referee.jar on run_18_ssingh41_vdhankar #####
Move is valid
##### SUCCESS: /usr/lib/jvm/jdk-14.0.1/bin/java -jar /lab/itti/projects/checkers-competition/server/referee.jar on run_18_ssingh41_vdhankar #####
INPUT for vdhankar:
GAME
BLACK
60.9133770465851
.b.b.b.b
b.b.....
........
w...w.b.
.w.....b
........
.w.w...w
w.....w.
##### Running: /usr/bin/time -o time_18_ssingh41_vdhankar.txt -f "%U" python3 homework.py > stulog.txt 2>&1 on vdhankar #####
child exited with value 1
##### ERROR: /usr/bin/time -o time_18_ssingh41_vdhankar.txt -f "%U" python3 homework.py > stulog.txt 2>&1 on vdhankar #####
##### Output of failed program (stdout + stderr): #####
Traceback (most recent call last):
  File "homework.py", line 546, in <module>
    print(end-start)
NameError: name 'end' is not defined
##### End of output of failed program #####
##### vdhankar plays [E c7 b6] in 15.1477289199829s #####
##### Running: /usr/lib/jvm/jdk-14.0.1/bin/java -jar /lab/itti/projects/checkers-competition/server/referee.jar on run_18_ssingh41_vdhankar #####
Move is valid
##### SUCCESS: /usr/lib/jvm/jdk-14.0.1/bin/java -jar /lab/itti/projects/checkers-competition/server/referee.jar on run_18_ssingh41_vdhankar #####
INPUT for ssingh41:
GAME
WHITE
258.23
.b.b.b.b
b.......
.b......
w...w.b.
.w.....b
........
.w.w...w
w.....w.
##### Running: /usr/bin/time -o time_18_ssingh41_vdhankar.txt -f "%U" python3 homework.py > stulog.txt 2>&1 on ssingh41 #####
##### SUCCESS: /usr/bin/time -o time_18_ssingh41_vdhankar.txt -f "%U" python3 homework.py > stulog.txt 2>&1 on ssingh41 #####
##### ssingh41 plays [J a5 c7] in 0.37s #####
##### Running: /usr/lib/jvm/jdk-14.0.1/bin/java -jar /lab/itti/projects/checkers-competition/server/referee.jar on run_18_ssingh41_vdhankar #####
Move is valid
##### SUCCESS: /usr/lib/jvm/jdk-14.0.1/bin/java -jar /lab/itti/projects/checkers-competition/server/referee.jar on run_18_ssingh41_vdhankar #####
INPUT for vdhankar:
GAME
BLACK
45.7656481266022
.b.b.b.b
b.w.....
........
....w.b.
.w.....b
........
.w.w...w
w.....w.
##### Running: /usr/bin/time -o time_18_ssingh41_vdhankar.txt -f "%U" python3 homework.py > stulog.txt 2>&1 on vdhankar #####
child exited with value 1
##### ERROR: /usr/bin/time -o time_18_ssingh41_vdhankar.txt -f "%U" python3 homework.py > stulog.txt 2>&1 on vdhankar #####
##### Output of failed program (stdout + stderr): #####
Traceback (most recent call last):
  File "homework.py", line 546, in <module>
    print(end-start)
NameError: name 'end' is not defined
##### End of output of failed program #####
##### vdhankar plays [J b8 d6 ; J d6 f4] in 2.2330219745636s #####
##### Running: /usr/lib/jvm/jdk-14.0.1/bin/java -jar /lab/itti/projects/checkers-competition/server/referee.jar on run_18_ssingh41_vdhankar #####
Move is valid
##### SUCCESS: /usr/lib/jvm/jdk-14.0.1/bin/java -jar /lab/itti/projects/checkers-competition/server/referee.jar on run_18_ssingh41_vdhankar #####
INPUT for ssingh41:
GAME
WHITE
257.86
...b.b.b
b.......
........
......b.
.w...b.b
........
.w.w...w
w.....w.
##### Running: /usr/bin/time -o time_18_ssingh41_vdhankar.txt -f "%U" python3 homework.py > stulog.txt 2>&1 on ssingh41 #####
##### SUCCESS: /usr/bin/time -o time_18_ssingh41_vdhankar.txt -f "%U" python3 homework.py > stulog.txt 2>&1 on ssingh41 #####
##### ssingh41 plays [E g1 f2] in 2.76s #####
##### Running: /usr/lib/jvm/jdk-14.0.1/bin/java -jar /lab/itti/projects/checkers-competition/server/referee.jar on run_18_ssingh41_vdhankar #####
Move is valid
##### SUCCESS: /usr/lib/jvm/jdk-14.0.1/bin/java -jar /lab/itti/projects/checkers-competition/server/referee.jar on run_18_ssingh41_vdhankar #####
INPUT for vdhankar:
GAME
BLACK
43.5326261520386
...b.b.b
b.......
........
......b.
.w...b.b
........
.w.w.w.w
w.......
##### Running: /usr/bin/time -o time_18_ssingh41_vdhankar.txt -f "%U" python3 homework.py > stulog.txt 2>&1 on vdhankar #####
child exited with value 1
##### ERROR: /usr/bin/time -o time_18_ssingh41_vdhankar.txt -f "%U" python3 homework.py > stulog.txt 2>&1 on vdhankar #####
##### Output of failed program (stdout + stderr): #####
Traceback (most recent call last):
  File "homework.py", line 546, in <module>
    print(end-start)
NameError: name 'end' is not defined
##### End of output of failed program #####
##### vdhankar plays [E a7 b6] in 14.1551530361176s #####
##### Running: /usr/lib/jvm/jdk-14.0.1/bin/java -jar /lab/itti/projects/checkers-competition/server/referee.jar on run_18_ssingh41_vdhankar #####
Move is valid
##### SUCCESS: /usr/lib/jvm/jdk-14.0.1/bin/java -jar /lab/itti/projects/checkers-competition/server/referee.jar on run_18_ssingh41_vdhankar #####
INPUT for ssingh41:
GAME
WHITE
255.1
...b.b.b
........
.b......
......b.
.w...b.b
........
.w.w.w.w
w.......
##### Running: /usr/bin/time -o time_18_ssingh41_vdhankar.txt -f "%U" python3 homework.py > stulog.txt 2>&1 on ssingh41 #####
##### SUCCESS: /usr/bin/time -o time_18_ssingh41_vdhankar.txt -f "%U" python3 homework.py > stulog.txt 2>&1 on ssingh41 #####
##### ssingh41 plays [E b2 a3] in 0.96s #####
##### Running: /usr/lib/jvm/jdk-14.0.1/bin/java -jar /lab/itti/projects/checkers-competition/server/referee.jar on run_18_ssingh41_vdhankar #####
Move is valid
##### SUCCESS: /usr/lib/jvm/jdk-14.0.1/bin/java -jar /lab/itti/projects/checkers-competition/server/referee.jar on run_18_ssingh41_vdhankar #####
INPUT for vdhankar:
GAME
BLACK
29.377473115921
...b.b.b
........
.b......
......b.
.w...b.b
w.......
...w.w.w
w.......
##### Running: /usr/bin/time -o time_18_ssingh41_vdhankar.txt -f "%U" python3 homework.py > stulog.txt 2>&1 on vdhankar #####
child exited with value 1
##### ERROR: /usr/bin/time -o time_18_ssingh41_vdhankar.txt -f "%U" python3 homework.py > stulog.txt 2>&1 on vdhankar #####
##### Output of failed program (stdout + stderr): #####
Traceback (most recent call last):
  File "homework.py", line 546, in <module>
    print(end-start)
NameError: name 'end' is not defined
##### End of output of failed program #####
##### vdhankar plays [E h8 g7] in 2.93457508087158s #####
##### Running: /usr/lib/jvm/jdk-14.0.1/bin/java -jar /lab/itti/projects/checkers-competition/server/referee.jar on run_18_ssingh41_vdhankar #####
Move is valid
##### SUCCESS: /usr/lib/jvm/jdk-14.0.1/bin/java -jar /lab/itti/projects/checkers-competition/server/referee.jar on run_18_ssingh41_vdhankar #####
INPUT for ssingh41:
GAME
WHITE
254.14
...b.b..
......b.
.b......
......b.
.w...b.b
w.......
...w.w.w
w.......
##### Running: /usr/bin/time -o time_18_ssingh41_vdhankar.txt -f "%U" python3 homework.py > stulog.txt 2>&1 on ssingh41 #####
##### SUCCESS: /usr/bin/time -o time_18_ssingh41_vdhankar.txt -f "%U" python3 homework.py > stulog.txt 2>&1 on ssingh41 #####
##### ssingh41 plays [E a1 b2] in 0.75s #####
##### Running: /usr/lib/jvm/jdk-14.0.1/bin/java -jar /lab/itti/projects/checkers-competition/server/referee.jar on run_18_ssingh41_vdhankar #####
Move is valid
##### SUCCESS: /usr/lib/jvm/jdk-14.0.1/bin/java -jar /lab/itti/projects/checkers-competition/server/referee.jar on run_18_ssingh41_vdhankar #####
INPUT for vdhankar:
GAME
BLACK
26.4428980350494
...b.b..
......b.
.b......
......b.
.w...b.b
w.......
.w.w.w.w
........
##### Running: /usr/bin/time -o time_18_ssingh41_vdhankar.txt -f "%U" python3 homework.py > stulog.txt 2>&1 on vdhankar #####
child exited with value 1
##### ERROR: /usr/bin/time -o time_18_ssingh41_vdhankar.txt -f "%U" python3 homework.py > stulog.txt 2>&1 on vdhankar #####
##### Output of failed program (stdout + stderr): #####
Traceback (most recent call last):
  File "homework.py", line 546, in <module>
    print(end-start)
NameError: name 'end' is not defined
##### End of output of failed program #####
##### vdhankar plays [E d8 e7] in 5.98257899284363s #####
##### Running: /usr/lib/jvm/jdk-14.0.1/bin/java -jar /lab/itti/projects/checkers-competition/server/referee.jar on run_18_ssingh41_vdhankar #####
Move is valid
##### SUCCESS: /usr/lib/jvm/jdk-14.0.1/bin/java -jar /lab/itti/projects/checkers-competition/server/referee.jar on run_18_ssingh41_vdhankar #####
INPUT for ssingh41:
GAME
WHITE
253.39
.....b..
....b.b.
.b......
......b.
.w...b.b
w.......
.w.w.w.w
........
##### Running: /usr/bin/time -o time_18_ssingh41_vdhankar.txt -f "%U" python3 homework.py > stulog.txt 2>&1 on ssingh41 #####
##### SUCCESS: /usr/bin/time -o time_18_ssingh41_vdhankar.txt -f "%U" python3 homework.py > stulog.txt 2>&1 on ssingh41 #####
##### ssingh41 plays [E b4 a5] in 0.77s #####
##### Running: /usr/lib/jvm/jdk-14.0.1/bin/java -jar /lab/itti/projects/checkers-competition/server/referee.jar on run_18_ssingh41_vdhankar #####
Move is valid
##### SUCCESS: /usr/lib/jvm/jdk-14.0.1/bin/java -jar /lab/itti/projects/checkers-competition/server/referee.jar on run_18_ssingh41_vdhankar #####
INPUT for vdhankar:
GAME
BLACK
20.4603190422058
.....b..
....b.b.
.b......
w.....b.
.....b.b
w.......
.w.w.w.w
........
##### Running: /usr/bin/time -o time_18_ssingh41_vdhankar.txt -f "%U" python3 homework.py > stulog.txt 2>&1 on vdhankar #####
child exited with value 1
##### ERROR: /usr/bin/time -o time_18_ssingh41_vdhankar.txt -f "%U" python3 homework.py > stulog.txt 2>&1 on vdhankar #####
##### Output of failed program (stdout + stderr): #####
Traceback (most recent call last):
  File "homework.py", line 546, in <module>
    print(end-start)
NameError: name 'end' is not defined
##### End of output of failed program #####
##### vdhankar plays [E b6 c5] in 0.400538921356201s #####
##### Running: /usr/lib/jvm/jdk-14.0.1/bin/java -jar /lab/itti/projects/checkers-competition/server/referee.jar on run_18_ssingh41_vdhankar #####
Move is valid
##### SUCCESS: /usr/lib/jvm/jdk-14.0.1/bin/java -jar /lab/itti/projects/checkers-competition/server/referee.jar on run_18_ssingh41_vdhankar #####
INPUT for ssingh41:
GAME
WHITE
252.62
.....b..
....b.b.
........
w.b...b.
.....b.b
w.......
.w.w.w.w
........
##### Running: /usr/bin/time -o time_18_ssingh41_vdhankar.txt -f "%U" python3 homework.py > stulog.txt 2>&1 on ssingh41 #####
##### SUCCESS: /usr/bin/time -o time_18_ssingh41_vdhankar.txt -f "%U" python3 homework.py > stulog.txt 2>&1 on ssingh41 #####
##### ssingh41 plays [E a3 b4] in 1.12s #####
##### Running: /usr/lib/jvm/jdk-14.0.1/bin/java -jar /lab/itti/projects/checkers-competition/server/referee.jar on run_18_ssingh41_vdhankar #####
Move is valid
##### SUCCESS: /usr/lib/jvm/jdk-14.0.1/bin/java -jar /lab/itti/projects/checkers-competition/server/referee.jar on run_18_ssingh41_vdhankar #####
INPUT for vdhankar:
GAME
BLACK
20.0597801208496
.....b..
....b.b.
........
w.b...b.
.w...b.b
........
.w.w.w.w
........
##### Running: /usr/bin/time -o time_18_ssingh41_vdhankar.txt -f "%U" python3 homework.py > stulog.txt 2>&1 on vdhankar #####
child exited with value 1
##### ERROR: /usr/bin/time -o time_18_ssingh41_vdhankar.txt -f "%U" python3 homework.py > stulog.txt 2>&1 on vdhankar #####
##### Output of failed program (stdout + stderr): #####
Traceback (most recent call last):
  File "homework.py", line 546, in <module>
    print(end-start)
NameError: name 'end' is not defined
##### End of output of failed program #####
##### vdhankar plays [J c5 a3 ; J a3 c1] in 0.382519006729126s #####
##### Running: /usr/lib/jvm/jdk-14.0.1/bin/java -jar /lab/itti/projects/checkers-competition/server/referee.jar on run_18_ssingh41_vdhankar #####
Move is valid
##### SUCCESS: /usr/lib/jvm/jdk-14.0.1/bin/java -jar /lab/itti/projects/checkers-competition/server/referee.jar on run_18_ssingh41_vdhankar #####
INPUT for ssingh41:
GAME
WHITE
251.5
.....b..
....b.b.
........
w.....b.
.....b.b
........
...w.w.w
..B.....
##### Running: /usr/bin/time -o time_18_ssingh41_vdhankar.txt -f "%U" python3 homework.py > stulog.txt 2>&1 on ssingh41 #####
##### SUCCESS: /usr/bin/time -o time_18_ssingh41_vdhankar.txt -f "%U" python3 homework.py > stulog.txt 2>&1 on ssingh41 #####
##### ssingh41 plays [E a5 b6] in 0.3s #####
##### Running: /usr/lib/jvm/jdk-14.0.1/bin/java -jar /lab/itti/projects/checkers-competition/server/referee.jar on run_18_ssingh41_vdhankar #####
Move is valid
##### SUCCESS: /usr/lib/jvm/jdk-14.0.1/bin/java -jar /lab/itti/projects/checkers-competition/server/referee.jar on run_18_ssingh41_vdhankar #####
INPUT for vdhankar:
GAME
BLACK
19.6772611141205
.....b..
....b.b.
.w......
......b.
.....b.b
........
...w.w.w
..B.....
##### Running: /usr/bin/time -o time_18_ssingh41_vdhankar.txt -f "%U" python3 homework.py > stulog.txt 2>&1 on vdhankar #####
child exited with value 1
##### ERROR: /usr/bin/time -o time_18_ssingh41_vdhankar.txt -f "%U" python3 homework.py > stulog.txt 2>&1 on vdhankar #####
##### Output of failed program (stdout + stderr): #####
Traceback (most recent call last):
  File "homework.py", line 546, in <module>
    print(end-start)
NameError: name 'end' is not defined
##### End of output of failed program #####
##### vdhankar plays [J c1 e3 ; J e3 g1] in 0.35173511505127s #####
##### Running: /usr/lib/jvm/jdk-14.0.1/bin/java -jar /lab/itti/projects/checkers-competition/server/referee.jar on run_18_ssingh41_vdhankar #####
Move is valid
##### SUCCESS: /usr/lib/jvm/jdk-14.0.1/bin/java -jar /lab/itti/projects/checkers-competition/server/referee.jar on run_18_ssingh41_vdhankar #####
INPUT for ssingh41:
GAME
WHITE
251.2
.....b..
....b.b.
.w......
......b.
.....b.b
........
.......w
......B.
##### Running: /usr/bin/time -o time_18_ssingh41_vdhankar.txt -f "%U" python3 homework.py > stulog.txt 2>&1 on ssingh41 #####
##### SUCCESS: /usr/bin/time -o time_18_ssingh41_vdhankar.txt -f "%U" python3 homework.py > stulog.txt 2>&1 on ssingh41 #####
##### ssingh41 plays [E b6 c7] in 0.39s #####
##### Running: /usr/lib/jvm/jdk-14.0.1/bin/java -jar /lab/itti/projects/checkers-competition/server/referee.jar on run_18_ssingh41_vdhankar #####
Move is valid
##### SUCCESS: /usr/lib/jvm/jdk-14.0.1/bin/java -jar /lab/itti/projects/checkers-competition/server/referee.jar on run_18_ssingh41_vdhankar #####
INPUT for vdhankar:
GAME
BLACK
19.3255259990692
.....b..
..w.b.b.
........
......b.
.....b.b
........
.......w
......B.
##### Running: /usr/bin/time -o time_18_ssingh41_vdhankar.txt -f "%U" python3 homework.py > stulog.txt 2>&1 on vdhankar #####
child exited with value 1
##### ERROR: /usr/bin/time -o time_18_ssingh41_vdhankar.txt -f "%U" python3 homework.py > stulog.txt 2>&1 on vdhankar #####
##### Output of failed program (stdout + stderr): #####
Traceback (most recent call last):
  File "homework.py", line 546, in <module>
    print(end-start)
NameError: name 'end' is not defined
##### End of output of failed program #####
##### vdhankar plays [E g1 f2] in 0.452581882476807s #####
##### Running: /usr/lib/jvm/jdk-14.0.1/bin/java -jar /lab/itti/projects/checkers-competition/server/referee.jar on run_18_ssingh41_vdhankar #####
Move is valid
##### SUCCESS: /usr/lib/jvm/jdk-14.0.1/bin/java -jar /lab/itti/projects/checkers-competition/server/referee.jar on run_18_ssingh41_vdhankar #####
INPUT for ssingh41:
GAME
WHITE
250.81
.....b..
..w.b.b.
........
......b.
.....b.b
........
.....B.w
........
##### Running: /usr/bin/time -o time_18_ssingh41_vdhankar.txt -f "%U" python3 homework.py > stulog.txt 2>&1 on ssingh41 #####
##### SUCCESS: /usr/bin/time -o time_18_ssingh41_vdhankar.txt -f "%U" python3 homework.py > stulog.txt 2>&1 on ssingh41 #####
##### ssingh41 plays [E c7 b8] in 0.34s #####
##### Running: /usr/lib/jvm/jdk-14.0.1/bin/java -jar /lab/itti/projects/checkers-competition/server/referee.jar on run_18_ssingh41_vdhankar #####
Move is valid
##### SUCCESS: /usr/lib/jvm/jdk-14.0.1/bin/java -jar /lab/itti/projects/checkers-competition/server/referee.jar on run_18_ssingh41_vdhankar #####
INPUT for vdhankar:
GAME
BLACK
18.8729441165924
.W...b..
....b.b.
........
......b.
.....b.b
........
.....B.w
........
##### Running: /usr/bin/time -o time_18_ssingh41_vdhankar.txt -f "%U" python3 homework.py > stulog.txt 2>&1 on vdhankar #####
child exited with value 1
##### ERROR: /usr/bin/time -o time_18_ssingh41_vdhankar.txt -f "%U" python3 homework.py > stulog.txt 2>&1 on vdhankar #####
##### Output of failed program (stdout + stderr): #####
Traceback (most recent call last):
  File "homework.py", line 546, in <module>
    print(end-start)
NameError: name 'end' is not defined
##### End of output of failed program #####
##### vdhankar plays [E f2 e3] in 0.394193172454834s #####
##### Running: /usr/lib/jvm/jdk-14.0.1/bin/java -jar /lab/itti/projects/checkers-competition/server/referee.jar on run_18_ssingh41_vdhankar #####
Move is valid
##### SUCCESS: /usr/lib/jvm/jdk-14.0.1/bin/java -jar /lab/itti/projects/checkers-competition/server/referee.jar on run_18_ssingh41_vdhankar #####
INPUT for ssingh41:
GAME
WHITE
250.47
.W...b..
....b.b.
........
......b.
.....b.b
....B...
.......w
........
##### Running: /usr/bin/time -o time_18_ssingh41_vdhankar.txt -f "%U" python3 homework.py > stulog.txt 2>&1 on ssingh41 #####
##### SUCCESS: /usr/bin/time -o time_18_ssingh41_vdhankar.txt -f "%U" python3 homework.py > stulog.txt 2>&1 on ssingh41 #####
##### ssingh41 plays [E b8 c7] in 0.36s #####
##### Running: /usr/lib/jvm/jdk-14.0.1/bin/java -jar /lab/itti/projects/checkers-competition/server/referee.jar on run_18_ssingh41_vdhankar #####
Move is valid
##### SUCCESS: /usr/lib/jvm/jdk-14.0.1/bin/java -jar /lab/itti/projects/checkers-competition/server/referee.jar on run_18_ssingh41_vdhankar #####
INPUT for vdhankar:
GAME
BLACK
18.4787509441376
.....b..
..W.b.b.
........
......b.
.....b.b
....B...
.......w
........
##### Running: /usr/bin/time -o time_18_ssingh41_vdhankar.txt -f "%U" python3 homework.py > stulog.txt 2>&1 on vdhankar #####
child exited with value 1
##### ERROR: /usr/bin/time -o time_18_ssingh41_vdhankar.txt -f "%U" python3 homework.py > stulog.txt 2>&1 on vdhankar #####
##### Output of failed program (stdout + stderr): #####
Traceback (most recent call last):
  File "homework.py", line 546, in <module>
    print(end-start)
NameError: name 'end' is not defined
##### End of output of failed program #####
##### vdhankar plays [E e3 d4] in 0.467353820800781s #####
##### Running: /usr/lib/jvm/jdk-14.0.1/bin/java -jar /lab/itti/projects/checkers-competition/server/referee.jar on run_18_ssingh41_vdhankar #####
Move is valid
##### SUCCESS: /usr/lib/jvm/jdk-14.0.1/bin/java -jar /lab/itti/projects/checkers-competition/server/referee.jar on run_18_ssingh41_vdhankar #####
INPUT for ssingh41:
GAME
WHITE
250.11
.....b..
..W.b.b.
........
......b.
...B.b.b
........
.......w
........
##### Running: /usr/bin/time -o time_18_ssingh41_vdhankar.txt -f "%U" python3 homework.py > stulog.txt 2>&1 on ssingh41 #####
##### SUCCESS: /usr/bin/time -o time_18_ssingh41_vdhankar.txt -f "%U" python3 homework.py > stulog.txt 2>&1 on ssingh41 #####
##### ssingh41 plays [E c7 b6] in 0.6s #####
##### Running: /usr/lib/jvm/jdk-14.0.1/bin/java -jar /lab/itti/projects/checkers-competition/server/referee.jar on run_18_ssingh41_vdhankar #####
Move is valid
##### SUCCESS: /usr/lib/jvm/jdk-14.0.1/bin/java -jar /lab/itti/projects/checkers-competition/server/referee.jar on run_18_ssingh41_vdhankar #####
INPUT for vdhankar:
GAME
BLACK
18.0113971233368
.....b..
....b.b.
.W......
......b.
...B.b.b
........
.......w
........
##### Running: /usr/bin/time -o time_18_ssingh41_vdhankar.txt -f "%U" python3 homework.py > stulog.txt 2>&1 on vdhankar #####
child exited with value 1
##### ERROR: /usr/bin/time -o time_18_ssingh41_vdhankar.txt -f "%U" python3 homework.py > stulog.txt 2>&1 on vdhankar #####
##### Output of failed program (stdout + stderr): #####
Traceback (most recent call last):
  File "homework.py", line 546, in <module>
    print(end-start)
NameError: name 'end' is not defined
##### End of output of failed program #####
##### vdhankar plays [E d4 e5] in 0.424124002456665s #####
##### Running: /usr/lib/jvm/jdk-14.0.1/bin/java -jar /lab/itti/projects/checkers-competition/server/referee.jar on run_18_ssingh41_vdhankar #####
Move is valid
##### SUCCESS: /usr/lib/jvm/jdk-14.0.1/bin/java -jar /lab/itti/projects/checkers-competition/server/referee.jar on run_18_ssingh41_vdhankar #####
INPUT for ssingh41:
GAME
WHITE
249.51
.....b..
....b.b.
.W......
....B.b.
.....b.b
........
.......w
........
##### Running: /usr/bin/time -o time_18_ssingh41_vdhankar.txt -f "%U" python3 homework.py > stulog.txt 2>&1 on ssingh41 #####
##### SUCCESS: /usr/bin/time -o time_18_ssingh41_vdhankar.txt -f "%U" python3 homework.py > stulog.txt 2>&1 on ssingh41 #####
##### ssingh41 plays [E b6 c7] in 0.98s #####
##### Running: /usr/lib/jvm/jdk-14.0.1/bin/java -jar /lab/itti/projects/checkers-competition/server/referee.jar on run_18_ssingh41_vdhankar #####
Move is valid
##### SUCCESS: /usr/lib/jvm/jdk-14.0.1/bin/java -jar /lab/itti/projects/checkers-competition/server/referee.jar on run_18_ssingh41_vdhankar #####
INPUT for vdhankar:
GAME
BLACK
17.5872731208801
.....b..
..W.b.b.
........
....B.b.
.....b.b
........
.......w
........
##### Running: /usr/bin/time -o time_18_ssingh41_vdhankar.txt -f "%U" python3 homework.py > stulog.txt 2>&1 on vdhankar #####
child exited with value 1
##### ERROR: /usr/bin/time -o time_18_ssingh41_vdhankar.txt -f "%U" python3 homework.py > stulog.txt 2>&1 on vdhankar #####
##### Output of failed program (stdout + stderr): #####
Traceback (most recent call last):
  File "homework.py", line 546, in <module>
    print(end-start)
NameError: name 'end' is not defined
##### End of output of failed program #####
##### vdhankar plays [E h4 g3] in 0.429092884063721s #####
##### Running: /usr/lib/jvm/jdk-14.0.1/bin/java -jar /lab/itti/projects/checkers-competition/server/referee.jar on run_18_ssingh41_vdhankar #####
Move is valid
##### SUCCESS: /usr/lib/jvm/jdk-14.0.1/bin/java -jar /lab/itti/projects/checkers-competition/server/referee.jar on run_18_ssingh41_vdhankar #####
INPUT for ssingh41:
GAME
WHITE
248.53
.....b..
..W.b.b.
........
....B.b.
.....b..
......b.
.......w
........
##### Running: /usr/bin/time -o time_18_ssingh41_vdhankar.txt -f "%U" python3 homework.py > stulog.txt 2>&1 on ssingh41 #####
##### SUCCESS: /usr/bin/time -o time_18_ssingh41_vdhankar.txt -f "%U" python3 homework.py > stulog.txt 2>&1 on ssingh41 #####
##### ssingh41 plays [E c7 d8] in 0.85s #####
##### Running: /usr/lib/jvm/jdk-14.0.1/bin/java -jar /lab/itti/projects/checkers-competition/server/referee.jar on run_18_ssingh41_vdhankar #####
Move is valid
##### SUCCESS: /usr/lib/jvm/jdk-14.0.1/bin/java -jar /lab/itti/projects/checkers-competition/server/referee.jar on run_18_ssingh41_vdhankar #####
INPUT for vdhankar:
GAME
BLACK
17.1581802368164
...W.b..
....b.b.
........
....B.b.
.....b..
......b.
.......w
........
##### Running: /usr/bin/time -o time_18_ssingh41_vdhankar.txt -f "%U" python3 homework.py > stulog.txt 2>&1 on vdhankar #####
child exited with value 1
##### ERROR: /usr/bin/time -o time_18_ssingh41_vdhankar.txt -f "%U" python3 homework.py > stulog.txt 2>&1 on vdhankar #####
##### Output of failed program (stdout + stderr): #####
Traceback (most recent call last):
  File "homework.py", line 546, in <module>
    print(end-start)
NameError: name 'end' is not defined
##### End of output of failed program #####
##### vdhankar plays [E g7 f6] in 0.415539026260376s #####
##### Running: /usr/lib/jvm/jdk-14.0.1/bin/java -jar /lab/itti/projects/checkers-competition/server/referee.jar on run_18_ssingh41_vdhankar #####
Move is valid
##### SUCCESS: /usr/lib/jvm/jdk-14.0.1/bin/java -jar /lab/itti/projects/checkers-competition/server/referee.jar on run_18_ssingh41_vdhankar #####
INPUT for ssingh41:
GAME
WHITE
247.68
...W.b..
....b...
.....b..
....B.b.
.....b..
......b.
.......w
........
##### Running: /usr/bin/time -o time_18_ssingh41_vdhankar.txt -f "%U" python3 homework.py > stulog.txt 2>&1 on ssingh41 #####
##### SUCCESS: /usr/bin/time -o time_18_ssingh41_vdhankar.txt -f "%U" python3 homework.py > stulog.txt 2>&1 on ssingh41 #####
##### ssingh41 plays [E d8 c7] in 0.13s #####
##### Running: /usr/lib/jvm/jdk-14.0.1/bin/java -jar /lab/itti/projects/checkers-competition/server/referee.jar on run_18_ssingh41_vdhankar #####
Move is valid
##### SUCCESS: /usr/lib/jvm/jdk-14.0.1/bin/java -jar /lab/itti/projects/checkers-competition/server/referee.jar on run_18_ssingh41_vdhankar #####
INPUT for vdhankar:
GAME
BLACK
16.742641210556
.....b..
..W.b...
.....b..
....B.b.
.....b..
......b.
.......w
........
##### Running: /usr/bin/time -o time_18_ssingh41_vdhankar.txt -f "%U" python3 homework.py > stulog.txt 2>&1 on vdhankar #####
child exited with value 1
##### ERROR: /usr/bin/time -o time_18_ssingh41_vdhankar.txt -f "%U" python3 homework.py > stulog.txt 2>&1 on vdhankar #####
##### Output of failed program (stdout + stderr): #####
Traceback (most recent call last):
  File "homework.py", line 546, in <module>
    print(end-start)
NameError: name 'end' is not defined
##### End of output of failed program #####
##### vdhankar plays [E e5 d6] in 0.607762098312378s #####
##### Running: /usr/lib/jvm/jdk-14.0.1/bin/java -jar /lab/itti/projects/checkers-competition/server/referee.jar on run_18_ssingh41_vdhankar #####
Move is valid
##### SUCCESS: /usr/lib/jvm/jdk-14.0.1/bin/java -jar /lab/itti/projects/checkers-competition/server/referee.jar on run_18_ssingh41_vdhankar #####
INPUT for ssingh41:
GAME
WHITE
247.55
.....b..
..W.b...
...B.b..
......b.
.....b..
......b.
.......w
........
##### Running: /usr/bin/time -o time_18_ssingh41_vdhankar.txt -f "%U" python3 homework.py > stulog.txt 2>&1 on ssingh41 #####
##### SUCCESS: /usr/bin/time -o time_18_ssingh41_vdhankar.txt -f "%U" python3 homework.py > stulog.txt 2>&1 on ssingh41 #####
##### ssingh41 plays [J c7 e5] in 0.07s #####
##### Running: /usr/lib/jvm/jdk-14.0.1/bin/java -jar /lab/itti/projects/checkers-competition/server/referee.jar on run_18_ssingh41_vdhankar #####
Move is not valid
##### SUCCESS: /usr/lib/jvm/jdk-14.0.1/bin/java -jar /lab/itti/projects/checkers-competition/server/referee.jar on run_18_ssingh41_vdhankar #####
##### GAME OVER: ssingh41 loses because of illegal move [J c7 e5] #####
Server said: FAIL
########## ROUND 18 GAMESCORE AFTER GAME 1: ssingh41=0 and vdhankar=1 ##########
#################### ROUND 18: ssingh41 (B) vs vdhankar (W): game 2 ####################
##### game start! #####
INPUT for ssingh41:
GAME
BLACK
300
.b.b.b.b
b.b.b.b.
.b.b.b.b
........
........
w.w.w.w.
.w.w.w.w
w.w.w.w.
##### Running: /usr/bin/time -o time_18_ssingh41_vdhankar.txt -f "%U" python3 homework.py > stulog.txt 2>&1 on ssingh41 #####
##### SUCCESS: /usr/bin/time -o time_18_ssingh41_vdhankar.txt -f "%U" python3 homework.py > stulog.txt 2>&1 on ssingh41 #####
##### ssingh41 plays [E h6 g5] in 3.67s #####
##### Running: /usr/lib/jvm/jdk-14.0.1/bin/java -jar /lab/itti/projects/checkers-competition/server/referee.jar on run_18_ssingh41_vdhankar #####
Move is valid
Couldn't read file 'current_ply.txt'
Couldn't read content from file 'current_ply.txt'
Couldn't read file 'lastmatchange_ply.txt'
Couldn't read content from file 'lastmatchange_ply.txt'
##### SUCCESS: /usr/lib/jvm/jdk-14.0.1/bin/java -jar /lab/itti/projects/checkers-competition/server/referee.jar on run_18_ssingh41_vdhankar #####
INPUT for vdhankar:
GAME
WHITE
300
.b.b.b.b
b.b.b.b.
.b.b.b..
......b.
........
w.w.w.w.
.w.w.w.w
w.w.w.w.
##### Running: /usr/bin/time -o time_18_ssingh41_vdhankar.txt -f "%U" python3 homework.py > stulog.txt 2>&1 on vdhankar #####
child exited with value 1
##### ERROR: /usr/bin/time -o time_18_ssingh41_vdhankar.txt -f "%U" python3 homework.py > stulog.txt 2>&1 on vdhankar #####
##### Output of failed program (stdout + stderr): #####
Traceback (most recent call last):
  File "homework.py", line 546, in <module>
    print(end-start)
NameError: name 'end' is not defined
##### End of output of failed program #####
##### vdhankar plays [E g3 h4] in 16.8370418548584s #####
##### Running: /usr/lib/jvm/jdk-14.0.1/bin/java -jar /lab/itti/projects/checkers-competition/server/referee.jar on run_18_ssingh41_vdhankar #####
Move is valid
##### SUCCESS: /usr/lib/jvm/jdk-14.0.1/bin/java -jar /lab/itti/projects/checkers-competition/server/referee.jar on run_18_ssingh41_vdhankar #####
INPUT for ssingh41:
GAME
BLACK
296.33
.b.b.b.b
b.b.b.b.
.b.b.b..
......b.
.......w
w.w.w...
.w.w.w.w
w.w.w.w.
##### Running: /usr/bin/time -o time_18_ssingh41_vdhankar.txt -f "%U" python3 homework.py > stulog.txt 2>&1 on ssingh41 #####
##### SUCCESS: /usr/bin/time -o time_18_ssingh41_vdhankar.txt -f "%U" python3 homework.py > stulog.txt 2>&1 on ssingh41 #####
##### ssingh41 plays [E f6 e5] in 3.98s #####
##### Running: /usr/lib/jvm/jdk-14.0.1/bin/java -jar /lab/itti/projects/checkers-competition/server/referee.jar on run_18_ssingh41_vdhankar #####
Move is valid
##### SUCCESS: /usr/lib/jvm/jdk-14.0.1/bin/java -jar /lab/itti/projects/checkers-competition/server/referee.jar on run_18_ssingh41_vdhankar #####
INPUT for vdhankar:
GAME
WHITE
283.162958145142
.b.b.b.b
b.b.b.b.
.b.b....
....b.b.
.......w
w.w.w...
.w.w.w.w
w.w.w.w.
##### Running: /usr/bin/time -o time_18_ssingh41_vdhankar.txt -f "%U" python3 homework.py > stulog.txt 2>&1 on vdhankar #####
child exited with value 1
##### ERROR: /usr/bin/time -o time_18_ssingh41_vdhankar.txt -f "%U" python3 homework.py > stulog.txt 2>&1 on vdhankar #####
##### Output of failed program (stdout + stderr): #####
Traceback (most recent call last):
  File "homework.py", line 546, in <module>
    print(end-start)
NameError: name 'end' is not defined
##### End of output of failed program #####
##### vdhankar plays [J h4 f6] in 2.55746293067932s #####
##### Running: /usr/lib/jvm/jdk-14.0.1/bin/java -jar /lab/itti/projects/checkers-competition/server/referee.jar on run_18_ssingh41_vdhankar #####
Move is valid
##### SUCCESS: /usr/lib/jvm/jdk-14.0.1/bin/java -jar /lab/itti/projects/checkers-competition/server/referee.jar on run_18_ssingh41_vdhankar #####
INPUT for ssingh41:
GAME
BLACK
292.35
.b.b.b.b
b.b.b.b.
.b.b.w..
....b...
........
w.w.w...
.w.w.w.w
w.w.w.w.
##### Running: /usr/bin/time -o time_18_ssingh41_vdhankar.txt -f "%U" python3 homework.py > stulog.txt 2>&1 on ssingh41 #####
##### SUCCESS: /usr/bin/time -o time_18_ssingh41_vdhankar.txt -f "%U" python3 homework.py > stulog.txt 2>&1 on ssingh41 #####
##### ssingh41 plays [J e7 g5] in 1.2s #####
##### Running: /usr/lib/jvm/jdk-14.0.1/bin/java -jar /lab/itti/projects/checkers-competition/server/referee.jar on run_18_ssingh41_vdhankar #####
Move is valid
##### SUCCESS: /usr/lib/jvm/jdk-14.0.1/bin/java -jar /lab/itti/projects/checkers-competition/server/referee.jar on run_18_ssingh41_vdhankar #####
INPUT for vdhankar:
GAME
WHITE
280.605495214462
.b.b.b.b
b.b...b.
.b.b....
....b.b.
........
w.w.w...
.w.w.w.w
w.w.w.w.
##### Running: /usr/bin/time -o time_18_ssingh41_vdhankar.txt -f "%U" python3 homework.py > stulog.txt 2>&1 on vdhankar #####
child exited with value 1
##### ERROR: /usr/bin/time -o time_18_ssingh41_vdhankar.txt -f "%U" python3 homework.py > stulog.txt 2>&1 on vdhankar #####
##### Output of failed program (stdout + stderr): #####
Traceback (most recent call last):
  File "homework.py", line 546, in <module>
    print(end-start)
NameError: name 'end' is not defined
##### End of output of failed program #####
##### vdhankar plays [E f2 g3] in 24.0459649562836s #####
##### Running: /usr/lib/jvm/jdk-14.0.1/bin/java -jar /lab/itti/projects/checkers-competition/server/referee.jar on run_18_ssingh41_vdhankar #####
Move is valid
##### SUCCESS: /usr/lib/jvm/jdk-14.0.1/bin/java -jar /lab/itti/projects/checkers-competition/server/referee.jar on run_18_ssingh41_vdhankar #####
INPUT for ssingh41:
GAME
BLACK
291.15
.b.b.b.b
b.b...b.
.b.b....
....b.b.
........
w.w.w.w.
.w.w...w
w.w.w.w.
##### Running: /usr/bin/time -o time_18_ssingh41_vdhankar.txt -f "%U" python3 homework.py > stulog.txt 2>&1 on ssingh41 #####
##### SUCCESS: /usr/bin/time -o time_18_ssingh41_vdhankar.txt -f "%U" python3 homework.py > stulog.txt 2>&1 on ssingh41 #####
##### ssingh41 plays [E g5 f4] in 6.33s #####
##### Running: /usr/lib/jvm/jdk-14.0.1/bin/java -jar /lab/itti/projects/checkers-competition/server/referee.jar on run_18_ssingh41_vdhankar #####
Move is valid
##### SUCCESS: /usr/lib/jvm/jdk-14.0.1/bin/java -jar /lab/itti/projects/checkers-competition/server/referee.jar on run_18_ssingh41_vdhankar #####
INPUT for vdhankar:
GAME
WHITE
256.559530258179
.b.b.b.b
b.b...b.
.b.b....
....b...
.....b..
w.w.w.w.
.w.w...w
w.w.w.w.
##### Running: /usr/bin/time -o time_18_ssingh41_vdhankar.txt -f "%U" python3 homework.py > stulog.txt 2>&1 on vdhankar #####
child exited with value 1
##### ERROR: /usr/bin/time -o time_18_ssingh41_vdhankar.txt -f "%U" python3 homework.py > stulog.txt 2>&1 on vdhankar #####
##### Output of failed program (stdout + stderr): #####
Traceback (most recent call last):
  File "homework.py", line 546, in <module>
    print(end-start)
NameError: name 'end' is not defined
##### End of output of failed program #####
##### vdhankar plays [J e3 g5] in 7.86381483078003s #####
##### Running: /usr/lib/jvm/jdk-14.0.1/bin/java -jar /lab/itti/projects/checkers-competition/server/referee.jar on run_18_ssingh41_vdhankar #####
Move is valid
##### SUCCESS: /usr/lib/jvm/jdk-14.0.1/bin/java -jar /lab/itti/projects/checkers-competition/server/referee.jar on run_18_ssingh41_vdhankar #####
INPUT for ssingh41:
GAME
BLACK
284.82
.b.b.b.b
b.b...b.
.b.b....
....b.w.
........
w.w...w.
.w.w...w
w.w.w.w.
##### Running: /usr/bin/time -o time_18_ssingh41_vdhankar.txt -f "%U" python3 homework.py > stulog.txt 2>&1 on ssingh41 #####
##### SUCCESS: /usr/bin/time -o time_18_ssingh41_vdhankar.txt -f "%U" python3 homework.py > stulog.txt 2>&1 on ssingh41 #####
##### ssingh41 plays [E d6 c5] in 2.42s #####
##### Running: /usr/lib/jvm/jdk-14.0.1/bin/java -jar /lab/itti/projects/checkers-competition/server/referee.jar on run_18_ssingh41_vdhankar #####
Move is valid
##### SUCCESS: /usr/lib/jvm/jdk-14.0.1/bin/java -jar /lab/itti/projects/checkers-competition/server/referee.jar on run_18_ssingh41_vdhankar #####
INPUT for vdhankar:
GAME
WHITE
248.695715427399
.b.b.b.b
b.b...b.
.b......
..b.b.w.
........
w.w...w.
.w.w...w
w.w.w.w.
##### Running: /usr/bin/time -o time_18_ssingh41_vdhankar.txt -f "%U" python3 homework.py > stulog.txt 2>&1 on vdhankar #####
child exited with value 1
##### ERROR: /usr/bin/time -o time_18_ssingh41_vdhankar.txt -f "%U" python3 homework.py > stulog.txt 2>&1 on vdhankar #####
##### Output of failed program (stdout + stderr): #####
Traceback (most recent call last):
  File "homework.py", line 546, in <module>
    print(end-start)
NameError: name 'end' is not defined
##### End of output of failed program #####
##### vdhankar plays [E g1 f2] in 16.3255820274353s #####
##### Running: /usr/lib/jvm/jdk-14.0.1/bin/java -jar /lab/itti/projects/checkers-competition/server/referee.jar on run_18_ssingh41_vdhankar #####
Move is valid
##### SUCCESS: /usr/lib/jvm/jdk-14.0.1/bin/java -jar /lab/itti/projects/checkers-competition/server/referee.jar on run_18_ssingh41_vdhankar #####
INPUT for ssingh41:
GAME
BLACK
282.4
.b.b.b.b
b.b...b.
.b......
..b.b.w.
........
w.w...w.
.w.w.w.w
w.w.w...
##### Running: /usr/bin/time -o time_18_ssingh41_vdhankar.txt -f "%U" python3 homework.py > stulog.txt 2>&1 on ssingh41 #####
##### SUCCESS: /usr/bin/time -o time_18_ssingh41_vdhankar.txt -f "%U" python3 homework.py > stulog.txt 2>&1 on ssingh41 #####
##### ssingh41 plays [E c7 d6] in 4.77s #####
##### Running: /usr/lib/jvm/jdk-14.0.1/bin/java -jar /lab/itti/projects/checkers-competition/server/referee.jar on run_18_ssingh41_vdhankar #####
Move is valid
##### SUCCESS: /usr/lib/jvm/jdk-14.0.1/bin/java -jar /lab/itti/projects/checkers-competition/server/referee.jar on run_18_ssingh41_vdhankar #####
INPUT for vdhankar:
GAME
WHITE
232.370133399963
.b.b.b.b
b.....b.
.b.b....
..b.b.w.
........
w.w...w.
.w.w.w.w
w.w.w...
##### Running: /usr/bin/time -o time_18_ssingh41_vdhankar.txt -f "%U" python3 homework.py > stulog.txt 2>&1 on vdhankar #####
child exited with value 1
##### ERROR: /usr/bin/time -o time_18_ssingh41_vdhankar.txt -f "%U" python3 homework.py > stulog.txt 2>&1 on vdhankar #####
##### Output of failed program (stdout + stderr): #####
Traceback (most recent call last):
  File "homework.py", line 546, in <module>
    print(end-start)
NameError: name 'end' is not defined
##### End of output of failed program #####
##### vdhankar plays [E g3 f4] in 30.1011180877686s #####
##### Running: /usr/lib/jvm/jdk-14.0.1/bin/java -jar /lab/itti/projects/checkers-competition/server/referee.jar on run_18_ssingh41_vdhankar #####
Move is valid
##### SUCCESS: /usr/lib/jvm/jdk-14.0.1/bin/java -jar /lab/itti/projects/checkers-competition/server/referee.jar on run_18_ssingh41_vdhankar #####
INPUT for ssingh41:
GAME
BLACK
277.63
.b.b.b.b
b.....b.
.b.b....
..b.b.w.
.....w..
w.w.....
.w.w.w.w
w.w.w...
##### Running: /usr/bin/time -o time_18_ssingh41_vdhankar.txt -f "%U" python3 homework.py > stulog.txt 2>&1 on ssingh41 #####
##### SUCCESS: /usr/bin/time -o time_18_ssingh41_vdhankar.txt -f "%U" python3 homework.py > stulog.txt 2>&1 on ssingh41 #####
##### ssingh41 plays [J e5 g3] in 0.88s #####
##### Running: /usr/lib/jvm/jdk-14.0.1/bin/java -jar /lab/itti/projects/checkers-competition/server/referee.jar on run_18_ssingh41_vdhankar #####
Move is valid
##### SUCCESS: /usr/lib/jvm/jdk-14.0.1/bin/java -jar /lab/itti/projects/checkers-competition/server/referee.jar on run_18_ssingh41_vdhankar #####
INPUT for vdhankar:
GAME
WHITE
202.269015312195
.b.b.b.b
b.....b.
.b.b....
..b...w.
........
w.w...b.
.w.w.w.w
w.w.w...
##### Running: /usr/bin/time -o time_18_ssingh41_vdhankar.txt -f "%U" python3 homework.py > stulog.txt 2>&1 on vdhankar #####
child exited with value 1
##### ERROR: /usr/bin/time -o time_18_ssingh41_vdhankar.txt -f "%U" python3 homework.py > stulog.txt 2>&1 on vdhankar #####
##### Output of failed program (stdout + stderr): #####
Traceback (most recent call last):
  File "homework.py", line 546, in <module>
    print(end-start)
NameError: name 'end' is not defined
##### End of output of failed program #####
##### vdhankar plays [J h2 f4] in 11.0498349666595s #####
##### Running: /usr/lib/jvm/jdk-14.0.1/bin/java -jar /lab/itti/projects/checkers-competition/server/referee.jar on run_18_ssingh41_vdhankar #####
Move is valid
##### SUCCESS: /usr/lib/jvm/jdk-14.0.1/bin/java -jar /lab/itti/projects/checkers-competition/server/referee.jar on run_18_ssingh41_vdhankar #####
INPUT for ssingh41:
GAME
BLACK
276.75
.b.b.b.b
b.....b.
.b.b....
..b...w.
.....w..
w.w.....
.w.w.w..
w.w.w...
##### Running: /usr/bin/time -o time_18_ssingh41_vdhankar.txt -f "%U" python3 homework.py > stulog.txt 2>&1 on ssingh41 #####
##### SUCCESS: /usr/bin/time -o time_18_ssingh41_vdhankar.txt -f "%U" python3 homework.py > stulog.txt 2>&1 on ssingh41 #####
##### ssingh41 plays [E d6 e5] in 4.85s #####
##### Running: /usr/lib/jvm/jdk-14.0.1/bin/java -jar /lab/itti/projects/checkers-competition/server/referee.jar on run_18_ssingh41_vdhankar #####
Move is valid
##### SUCCESS: /usr/lib/jvm/jdk-14.0.1/bin/java -jar /lab/itti/projects/checkers-competition/server/referee.jar on run_18_ssingh41_vdhankar #####
INPUT for vdhankar:
GAME
WHITE
191.219180345535
.b.b.b.b
b.....b.
.b......
..b.b.w.
.....w..
w.w.....
.w.w.w..
w.w.w...
##### Running: /usr/bin/time -o time_18_ssingh41_vdhankar.txt -f "%U" python3 homework.py > stulog.txt 2>&1 on vdhankar #####
child exited with value 1
##### ERROR: /usr/bin/time -o time_18_ssingh41_vdhankar.txt -f "%U" python3 homework.py > stulog.txt 2>&1 on vdhankar #####
##### Output of failed program (stdout + stderr): #####
Traceback (most recent call last):
  File "homework.py", line 546, in <module>
    print(end-start)
NameError: name 'end' is not defined
##### End of output of failed program #####
##### vdhankar plays [J f4 d6] in 2.92364406585693s #####
##### Running: /usr/lib/jvm/jdk-14.0.1/bin/java -jar /lab/itti/projects/checkers-competition/server/referee.jar on run_18_ssingh41_vdhankar #####
Move is valid
##### SUCCESS: /usr/lib/jvm/jdk-14.0.1/bin/java -jar /lab/itti/projects/checkers-competition/server/referee.jar on run_18_ssingh41_vdhankar #####
INPUT for ssingh41:
GAME
BLACK
271.9
.b.b.b.b
b.....b.
.b.w....
..b...w.
........
w.w.....
.w.w.w..
w.w.w...
##### Running: /usr/bin/time -o time_18_ssingh41_vdhankar.txt -f "%U" python3 homework.py > stulog.txt 2>&1 on ssingh41 #####
##### SUCCESS: /usr/bin/time -o time_18_ssingh41_vdhankar.txt -f "%U" python3 homework.py > stulog.txt 2>&1 on ssingh41 #####
##### ssingh41 plays [E g7 f6] in 1.87s #####
##### Running: /usr/lib/jvm/jdk-14.0.1/bin/java -jar /lab/itti/projects/checkers-competition/server/referee.jar on run_18_ssingh41_vdhankar #####
Move is valid
##### SUCCESS: /usr/lib/jvm/jdk-14.0.1/bin/java -jar /lab/itti/projects/checkers-competition/server/referee.jar on run_18_ssingh41_vdhankar #####
INPUT for vdhankar:
GAME
WHITE
188.295536279678
.b.b.b.b
b.......
.b.w.b..
..b...w.
........
w.w.....
.w.w.w..
w.w.w...
##### Running: /usr/bin/time -o time_18_ssingh41_vdhankar.txt -f "%U" python3 homework.py > stulog.txt 2>&1 on vdhankar #####
child exited with value 1
##### ERROR: /usr/bin/time -o time_18_ssingh41_vdhankar.txt -f "%U" python3 homework.py > stulog.txt 2>&1 on vdhankar #####
##### Output of failed program (stdout + stderr): #####
Traceback (most recent call last):
  File "homework.py", line 546, in <module>
    print(end-start)
NameError: name 'end' is not defined
##### End of output of failed program #####
##### vdhankar plays [J g5 e7] in 2.19940090179443s #####
##### Running: /usr/lib/jvm/jdk-14.0.1/bin/java -jar /lab/itti/projects/checkers-competition/server/referee.jar on run_18_ssingh41_vdhankar #####
Move is valid
##### SUCCESS: /usr/lib/jvm/jdk-14.0.1/bin/java -jar /lab/itti/projects/checkers-competition/server/referee.jar on run_18_ssingh41_vdhankar #####
INPUT for ssingh41:
GAME
BLACK
270.03
.b.b.b.b
b...w...
.b.w....
..b.....
........
w.w.....
.w.w.w..
w.w.w...
##### Running: /usr/bin/time -o time_18_ssingh41_vdhankar.txt -f "%U" python3 homework.py > stulog.txt 2>&1 on ssingh41 #####
##### SUCCESS: /usr/bin/time -o time_18_ssingh41_vdhankar.txt -f "%U" python3 homework.py > stulog.txt 2>&1 on ssingh41 #####
##### ssingh41 plays [J d8 f6] in 0.84s #####
##### Running: /usr/lib/jvm/jdk-14.0.1/bin/java -jar /lab/itti/projects/checkers-competition/server/referee.jar on run_18_ssingh41_vdhankar #####
Move is valid
##### SUCCESS: /usr/lib/jvm/jdk-14.0.1/bin/java -jar /lab/itti/projects/checkers-competition/server/referee.jar on run_18_ssingh41_vdhankar #####
INPUT for vdhankar:
GAME
WHITE
186.096135377884
.b...b.b
b.......
.b.w.b..
..b.....
........
w.w.....
.w.w.w..
w.w.w...
##### Running: /usr/bin/time -o time_18_ssingh41_vdhankar.txt -f "%U" python3 homework.py > stulog.txt 2>&1 on vdhankar #####
child exited with value 1
##### ERROR: /usr/bin/time -o time_18_ssingh41_vdhankar.txt -f "%U" python3 homework.py > stulog.txt 2>&1 on vdhankar #####
##### Output of failed program (stdout + stderr): #####
Traceback (most recent call last):
  File "homework.py", line 546, in <module>
    print(end-start)
NameError: name 'end' is not defined
##### End of output of failed program #####
##### vdhankar plays [E d2 e3] in 19.5214631557465s #####
##### Running: /usr/lib/jvm/jdk-14.0.1/bin/java -jar /lab/itti/projects/checkers-competition/server/referee.jar on run_18_ssingh41_vdhankar #####
Move is valid
##### SUCCESS: /usr/lib/jvm/jdk-14.0.1/bin/java -jar /lab/itti/projects/checkers-competition/server/referee.jar on run_18_ssingh41_vdhankar #####
INPUT for ssingh41:
GAME
BLACK
269.19
.b...b.b
b.......
.b.w.b..
..b.....
........
w.w.w...
.w...w..
w.w.w...
##### Running: /usr/bin/time -o time_18_ssingh41_vdhankar.txt -f "%U" python3 homework.py > stulog.txt 2>&1 on ssingh41 #####
##### SUCCESS: /usr/bin/time -o time_18_ssingh41_vdhankar.txt -f "%U" python3 homework.py > stulog.txt 2>&1 on ssingh41 #####
##### ssingh41 plays [E c5 d4] in 3.01s #####
##### Running: /usr/lib/jvm/jdk-14.0.1/bin/java -jar /lab/itti/projects/checkers-competition/server/referee.jar on run_18_ssingh41_vdhankar #####
Move is valid
##### SUCCESS: /usr/lib/jvm/jdk-14.0.1/bin/java -jar /lab/itti/projects/checkers-competition/server/referee.jar on run_18_ssingh41_vdhankar #####
INPUT for vdhankar:
GAME
WHITE
166.574672222137
.b...b.b
b.......
.b.w.b..
........
...b....
w.w.w...
.w...w..
w.w.w...
##### Running: /usr/bin/time -o time_18_ssingh41_vdhankar.txt -f "%U" python3 homework.py > stulog.txt 2>&1 on vdhankar #####
child exited with value 1
##### ERROR: /usr/bin/time -o time_18_ssingh41_vdhankar.txt -f "%U" python3 homework.py > stulog.txt 2>&1 on vdhankar #####
##### Output of failed program (stdout + stderr): #####
Traceback (most recent call last):
  File "homework.py", line 546, in <module>
    print(end-start)
NameError: name 'end' is not defined
##### End of output of failed program #####
##### vdhankar plays [J e3 c5] in 5.28776001930237s #####
##### Running: /usr/lib/jvm/jdk-14.0.1/bin/java -jar /lab/itti/projects/checkers-competition/server/referee.jar on run_18_ssingh41_vdhankar #####
Move is valid
##### SUCCESS: /usr/lib/jvm/jdk-14.0.1/bin/java -jar /lab/itti/projects/checkers-competition/server/referee.jar on run_18_ssingh41_vdhankar #####
INPUT for ssingh41:
GAME
BLACK
266.18
.b...b.b
b.......
.b.w.b..
..w.....
........
w.w.....
.w...w..
w.w.w...
##### Running: /usr/bin/time -o time_18_ssingh41_vdhankar.txt -f "%U" python3 homework.py > stulog.txt 2>&1 on ssingh41 #####
##### SUCCESS: /usr/bin/time -o time_18_ssingh41_vdhankar.txt -f "%U" python3 homework.py > stulog.txt 2>&1 on ssingh41 #####
##### ssingh41 plays [J b6 d4] in 0.14s #####
##### Running: /usr/lib/jvm/jdk-14.0.1/bin/java -jar /lab/itti/projects/checkers-competition/server/referee.jar on run_18_ssingh41_vdhankar #####
Move is valid
##### SUCCESS: /usr/lib/jvm/jdk-14.0.1/bin/java -jar /lab/itti/projects/checkers-competition/server/referee.jar on run_18_ssingh41_vdhankar #####
INPUT for vdhankar:
GAME
WHITE
161.286912202835
.b...b.b
b.......
...w.b..
........
...b....
w.w.....
.w...w..
w.w.w...
##### Running: /usr/bin/time -o time_18_ssingh41_vdhankar.txt -f "%U" python3 homework.py > stulog.txt 2>&1 on vdhankar #####
child exited with value 1
##### ERROR: /usr/bin/time -o time_18_ssingh41_vdhankar.txt -f "%U" python3 homework.py > stulog.txt 2>&1 on vdhankar #####
##### Output of failed program (stdout + stderr): #####
Traceback (most recent call last):
  File "homework.py", line 546, in <module>
    print(end-start)
NameError: name 'end' is not defined
##### End of output of failed program #####
##### vdhankar plays [J c3 e5 ; J e5 g7] in 3.98145294189453s #####
##### Running: /usr/lib/jvm/jdk-14.0.1/bin/java -jar /lab/itti/projects/checkers-competition/server/referee.jar on run_18_ssingh41_vdhankar #####
Move is valid
##### SUCCESS: /usr/lib/jvm/jdk-14.0.1/bin/java -jar /lab/itti/projects/checkers-competition/server/referee.jar on run_18_ssingh41_vdhankar #####
INPUT for ssingh41:
GAME
BLACK
266.04
.b...b.b
b.....w.
...w....
........
........
w.......
.w...w..
w.w.w...
##### Running: /usr/bin/time -o time_18_ssingh41_vdhankar.txt -f "%U" python3 homework.py > stulog.txt 2>&1 on ssingh41 #####
##### SUCCESS: /usr/bin/time -o time_18_ssingh41_vdhankar.txt -f "%U" python3 homework.py > stulog.txt 2>&1 on ssingh41 #####
##### ssingh41 plays [J h8 f6] in 0.28s #####
##### Running: /usr/lib/jvm/jdk-14.0.1/bin/java -jar /lab/itti/projects/checkers-competition/server/referee.jar on run_18_ssingh41_vdhankar #####
Move is valid
##### SUCCESS: /usr/lib/jvm/jdk-14.0.1/bin/java -jar /lab/itti/projects/checkers-competition/server/referee.jar on run_18_ssingh41_vdhankar #####
INPUT for vdhankar:
GAME
WHITE
157.305459260941
.b...b..
b.......
...w.b..
........
........
w.......
.w...w..
w.w.w...
##### Running: /usr/bin/time -o time_18_ssingh41_vdhankar.txt -f "%U" python3 homework.py > stulog.txt 2>&1 on vdhankar #####
child exited with value 1
##### ERROR: /usr/bin/time -o time_18_ssingh41_vdhankar.txt -f "%U" python3 homework.py > stulog.txt 2>&1 on vdhankar #####
##### Output of failed program (stdout + stderr): #####
Traceback (most recent call last):
  File "homework.py", line 546, in <module>
    print(end-start)
NameError: name 'end' is not defined
##### End of output of failed program #####
##### vdhankar plays [E e1 d2] in 27.5910179615021s #####
##### Running: /usr/lib/jvm/jdk-14.0.1/bin/java -jar /lab/itti/projects/checkers-competition/server/referee.jar on run_18_ssingh41_vdhankar #####
Move is valid
##### SUCCESS: /usr/lib/jvm/jdk-14.0.1/bin/java -jar /lab/itti/projects/checkers-competition/server/referee.jar on run_18_ssingh41_vdhankar #####
INPUT for ssingh41:
GAME
BLACK
265.76
.b...b..
b.......
...w.b..
........
........
w.......
.w.w.w..
w.w.....
##### Running: /usr/bin/time -o time_18_ssingh41_vdhankar.txt -f "%U" python3 homework.py > stulog.txt 2>&1 on ssingh41 #####
##### SUCCESS: /usr/bin/time -o time_18_ssingh41_vdhankar.txt -f "%U" python3 homework.py > stulog.txt 2>&1 on ssingh41 #####
##### ssingh41 plays [E b8 c7] in 0.36s #####
##### Running: /usr/lib/jvm/jdk-14.0.1/bin/java -jar /lab/itti/projects/checkers-competition/server/referee.jar on run_18_ssingh41_vdhankar #####
Move is valid
##### SUCCESS: /usr/lib/jvm/jdk-14.0.1/bin/java -jar /lab/itti/projects/checkers-competition/server/referee.jar on run_18_ssingh41_vdhankar #####
INPUT for vdhankar:
GAME
WHITE
129.714441299438
.....b..
b.b.....
...w.b..
........
........
w.......
.w.w.w..
w.w.....
##### Running: /usr/bin/time -o time_18_ssingh41_vdhankar.txt -f "%U" python3 homework.py > stulog.txt 2>&1 on vdhankar #####
child exited with value 1
##### ERROR: /usr/bin/time -o time_18_ssingh41_vdhankar.txt -f "%U" python3 homework.py > stulog.txt 2>&1 on vdhankar #####
##### Output of failed program (stdout + stderr): #####
Traceback (most recent call last):
  File "homework.py", line 546, in <module>
    print(end-start)
NameError: name 'end' is not defined
##### End of output of failed program #####
##### vdhankar plays [J d6 b8] in 4.17284893989563s #####
##### Running: /usr/lib/jvm/jdk-14.0.1/bin/java -jar /lab/itti/projects/checkers-competition/server/referee.jar on run_18_ssingh41_vdhankar #####
Move is valid
##### SUCCESS: /usr/lib/jvm/jdk-14.0.1/bin/java -jar /lab/itti/projects/checkers-competition/server/referee.jar on run_18_ssingh41_vdhankar #####
INPUT for ssingh41:
GAME
BLACK
265.4
.W...b..
b.......
.....b..
........
........
w.......
.w.w.w..
w.w.....
##### Running: /usr/bin/time -o time_18_ssingh41_vdhankar.txt -f "%U" python3 homework.py > stulog.txt 2>&1 on ssingh41 #####
##### SUCCESS: /usr/bin/time -o time_18_ssingh41_vdhankar.txt -f "%U" python3 homework.py > stulog.txt 2>&1 on ssingh41 #####
##### ssingh41 plays [E f6 g5] in 0.45s #####
##### Running: /usr/lib/jvm/jdk-14.0.1/bin/java -jar /lab/itti/projects/checkers-competition/server/referee.jar on run_18_ssingh41_vdhankar #####
Move is valid
##### SUCCESS: /usr/lib/jvm/jdk-14.0.1/bin/java -jar /lab/itti/projects/checkers-competition/server/referee.jar on run_18_ssingh41_vdhankar #####
INPUT for vdhankar:
GAME
WHITE
125.541592359543
.W...b..
b.......
........
......b.
........
w.......
.w.w.w..
w.w.....
##### Running: /usr/bin/time -o time_18_ssingh41_vdhankar.txt -f "%U" python3 homework.py > stulog.txt 2>&1 on vdhankar #####
child exited with value 1
##### ERROR: /usr/bin/time -o time_18_ssingh41_vdhankar.txt -f "%U" python3 homework.py > stulog.txt 2>&1 on vdhankar #####
##### Output of failed program (stdout + stderr): #####
Traceback (most recent call last):
  File "homework.py", line 546, in <module>
    print(end-start)
NameError: name 'end' is not defined
##### End of output of failed program #####
##### vdhankar plays [E f2 g3] in 11.9038369655609s #####
##### Running: /usr/lib/jvm/jdk-14.0.1/bin/java -jar /lab/itti/projects/checkers-competition/server/referee.jar on run_18_ssingh41_vdhankar #####
Move is valid
##### SUCCESS: /usr/lib/jvm/jdk-14.0.1/bin/java -jar /lab/itti/projects/checkers-competition/server/referee.jar on run_18_ssingh41_vdhankar #####
INPUT for ssingh41:
GAME
BLACK
264.95
.W...b..
b.......
........
......b.
........
w.....w.
.w.w....
w.w.....
##### Running: /usr/bin/time -o time_18_ssingh41_vdhankar.txt -f "%U" python3 homework.py > stulog.txt 2>&1 on ssingh41 #####
##### SUCCESS: /usr/bin/time -o time_18_ssingh41_vdhankar.txt -f "%U" python3 homework.py > stulog.txt 2>&1 on ssingh41 #####
##### ssingh41 plays [E g5 f4] in 0.39s #####
##### Running: /usr/lib/jvm/jdk-14.0.1/bin/java -jar /lab/itti/projects/checkers-competition/server/referee.jar on run_18_ssingh41_vdhankar #####
Move is valid
##### SUCCESS: /usr/lib/jvm/jdk-14.0.1/bin/java -jar /lab/itti/projects/checkers-competition/server/referee.jar on run_18_ssingh41_vdhankar #####
INPUT for vdhankar:
GAME
WHITE
113.637755393982
.W...b..
b.......
........
........
.....b..
w.....w.
.w.w....
w.w.....
##### Running: /usr/bin/time -o time_18_ssingh41_vdhankar.txt -f "%U" python3 homework.py > stulog.txt 2>&1 on vdhankar #####
child exited with value 1
##### ERROR: /usr/bin/time -o time_18_ssingh41_vdhankar.txt -f "%U" python3 homework.py > stulog.txt 2>&1 on vdhankar #####
##### Output of failed program (stdout + stderr): #####
Traceback (most recent call last):
  File "homework.py", line 546, in <module>
    print(end-start)
NameError: name 'end' is not defined
##### End of output of failed program #####
##### vdhankar plays [J g3 e5] in 0.929201126098633s #####
##### Running: /usr/lib/jvm/jdk-14.0.1/bin/java -jar /lab/itti/projects/checkers-competition/server/referee.jar on run_18_ssingh41_vdhankar #####
Move is valid
##### SUCCESS: /usr/lib/jvm/jdk-14.0.1/bin/java -jar /lab/itti/projects/checkers-competition/server/referee.jar on run_18_ssingh41_vdhankar #####
INPUT for ssingh41:
GAME
BLACK
264.56
.W...b..
b.......
........
....w...
........
w.......
.w.w....
w.w.....
##### Running: /usr/bin/time -o time_18_ssingh41_vdhankar.txt -f "%U" python3 homework.py > stulog.txt 2>&1 on ssingh41 #####
##### SUCCESS: /usr/bin/time -o time_18_ssingh41_vdhankar.txt -f "%U" python3 homework.py > stulog.txt 2>&1 on ssingh41 #####
##### ssingh41 plays [E f8 g7] in 0.22s #####
##### Running: /usr/lib/jvm/jdk-14.0.1/bin/java -jar /lab/itti/projects/checkers-competition/server/referee.jar on run_18_ssingh41_vdhankar #####
Move is valid
##### SUCCESS: /usr/lib/jvm/jdk-14.0.1/bin/java -jar /lab/itti/projects/checkers-competition/server/referee.jar on run_18_ssingh41_vdhankar #####
INPUT for vdhankar:
GAME
WHITE
112.708554267883
.W......
b.....b.
........
....w...
........
w.......
.w.w....
w.w.....
##### Running: /usr/bin/time -o time_18_ssingh41_vdhankar.txt -f "%U" python3 homework.py > stulog.txt 2>&1 on vdhankar #####
child exited with value 1
##### ERROR: /usr/bin/time -o time_18_ssingh41_vdhankar.txt -f "%U" python3 homework.py > stulog.txt 2>&1 on vdhankar #####
##### Output of failed program (stdout + stderr): #####
Traceback (most recent call last):
  File "homework.py", line 546, in <module>
    print(end-start)
NameError: name 'end' is not defined
##### End of output of failed program #####
##### vdhankar plays [E b8 c7] in 3.07285499572754s #####
##### Running: /usr/lib/jvm/jdk-14.0.1/bin/java -jar /lab/itti/projects/checkers-competition/server/referee.jar on run_18_ssingh41_vdhankar #####
Move is valid
##### SUCCESS: /usr/lib/jvm/jdk-14.0.1/bin/java -jar /lab/itti/projects/checkers-competition/server/referee.jar on run_18_ssingh41_vdhankar #####
INPUT for ssingh41:
GAME
BLACK
264.34
........
b.W...b.
........
....w...
........
w.......
.w.w....
w.w.....
##### Running: /usr/bin/time -o time_18_ssingh41_vdhankar.txt -f "%U" python3 homework.py > stulog.txt 2>&1 on ssingh41 #####
##### SUCCESS: /usr/bin/time -o time_18_ssingh41_vdhankar.txt -f "%U" python3 homework.py > stulog.txt 2>&1 on ssingh41 #####
##### ssingh41 plays [E g7 f6] in 0.09s #####
##### Running: /usr/lib/jvm/jdk-14.0.1/bin/java -jar /lab/itti/projects/checkers-competition/server/referee.jar on run_18_ssingh41_vdhankar #####
Move is valid
##### SUCCESS: /usr/lib/jvm/jdk-14.0.1/bin/java -jar /lab/itti/projects/checkers-competition/server/referee.jar on run_18_ssingh41_vdhankar #####
INPUT for vdhankar:
GAME
WHITE
109.635699272156
........
b.W.....
.....b..
....w...
........
w.......
.w.w....
w.w.....
##### Running: /usr/bin/time -o time_18_ssingh41_vdhankar.txt -f "%U" python3 homework.py > stulog.txt 2>&1 on vdhankar #####
child exited with value 1
##### ERROR: /usr/bin/time -o time_18_ssingh41_vdhankar.txt -f "%U" python3 homework.py > stulog.txt 2>&1 on vdhankar #####
##### Output of failed program (stdout + stderr): #####
Traceback (most recent call last):
  File "homework.py", line 546, in <module>
    print(end-start)
NameError: name 'end' is not defined
##### End of output of failed program #####
##### vdhankar plays [J e5 g7] in 0.338747978210449s #####
##### Running: /usr/lib/jvm/jdk-14.0.1/bin/java -jar /lab/itti/projects/checkers-competition/server/referee.jar on run_18_ssingh41_vdhankar #####
Move is valid
##### SUCCESS: /usr/lib/jvm/jdk-14.0.1/bin/java -jar /lab/itti/projects/checkers-competition/server/referee.jar on run_18_ssingh41_vdhankar #####
INPUT for ssingh41:
GAME
BLACK
264.25
........
b.W...w.
........
........
........
w.......
.w.w....
w.w.....
##### Running: /usr/bin/time -o time_18_ssingh41_vdhankar.txt -f "%U" python3 homework.py > stulog.txt 2>&1 on ssingh41 #####
##### SUCCESS: /usr/bin/time -o time_18_ssingh41_vdhankar.txt -f "%U" python3 homework.py > stulog.txt 2>&1 on ssingh41 #####
##### ssingh41 plays [E a7 b6] in 0.03s #####
##### Running: /usr/lib/jvm/jdk-14.0.1/bin/java -jar /lab/itti/projects/checkers-competition/server/referee.jar on run_18_ssingh41_vdhankar #####
Move is valid
##### SUCCESS: /usr/lib/jvm/jdk-14.0.1/bin/java -jar /lab/itti/projects/checkers-competition/server/referee.jar on run_18_ssingh41_vdhankar #####
INPUT for vdhankar:
GAME
WHITE
109.296951293945
........
..W...w.
.b......
........
........
w.......
.w.w....
w.w.....
##### Running: /usr/bin/time -o time_18_ssingh41_vdhankar.txt -f "%U" python3 homework.py > stulog.txt 2>&1 on vdhankar #####
child exited with value 1
##### ERROR: /usr/bin/time -o time_18_ssingh41_vdhankar.txt -f "%U" python3 homework.py > stulog.txt 2>&1 on vdhankar #####
##### Output of failed program (stdout + stderr): #####
Traceback (most recent call last):
  File "homework.py", line 546, in <module>
    print(end-start)
NameError: name 'end' is not defined
##### End of output of failed program #####
##### vdhankar plays [J c7 a5] in 0.376877069473267s #####
##### Running: /usr/lib/jvm/jdk-14.0.1/bin/java -jar /lab/itti/projects/checkers-competition/server/referee.jar on run_18_ssingh41_vdhankar #####
Move is valid
After this move, player BLACK cannot make any moves
*** Winner: WHITE ***
##### SUCCESS: /usr/lib/jvm/jdk-14.0.1/bin/java -jar /lab/itti/projects/checkers-competition/server/referee.jar on run_18_ssingh41_vdhankar #####
##### GAME OVER: vdhankar wins the game! #####
Server said: WIN
########## ROUND 18 GAMESCORE AFTER GAME 2: ssingh41=0 and vdhankar=2 ##########
#################### ROUND 18: ssingh41 (W) vs vdhankar (B): game 3 ####################
##### game start! #####
INPUT for vdhankar:
GAME
BLACK
300
.b.b.b.b
b.b.b.b.
.b.b.b.b
........
........
w.w.w.w.
.w.w.w.w
w.w.w.w.
##### Running: /usr/bin/time -o time_18_ssingh41_vdhankar.txt -f "%U" python3 homework.py > stulog.txt 2>&1 on vdhankar #####
child exited with value 1
##### ERROR: /usr/bin/time -o time_18_ssingh41_vdhankar.txt -f "%U" python3 homework.py > stulog.txt 2>&1 on vdhankar #####
##### Output of failed program (stdout + stderr): #####
Traceback (most recent call last):
  File "homework.py", line 546, in <module>
    print(end-start)
NameError: name 'end' is not defined
##### End of output of failed program #####
##### vdhankar plays [E h6 g5] in 11.3299729824066s #####
##### Running: /usr/lib/jvm/jdk-14.0.1/bin/java -jar /lab/itti/projects/checkers-competition/server/referee.jar on run_18_ssingh41_vdhankar #####
Move is valid
Couldn't read file 'current_ply.txt'
Couldn't read content from file 'current_ply.txt'
Couldn't read file 'lastmatchange_ply.txt'
Couldn't read content from file 'lastmatchange_ply.txt'
##### SUCCESS: /usr/lib/jvm/jdk-14.0.1/bin/java -jar /lab/itti/projects/checkers-competition/server/referee.jar on run_18_ssingh41_vdhankar #####
INPUT for ssingh41:
GAME
WHITE
300
.b.b.b.b
b.b.b.b.
.b.b.b..
......b.
........
w.w.w.w.
.w.w.w.w
w.w.w.w.
##### Running: /usr/bin/time -o time_18_ssingh41_vdhankar.txt -f "%U" python3 homework.py > stulog.txt 2>&1 on ssingh41 #####
##### SUCCESS: /usr/bin/time -o time_18_ssingh41_vdhankar.txt -f "%U" python3 homework.py > stulog.txt 2>&1 on ssingh41 #####
##### ssingh41 plays [E g3 f4] in 2.43s #####
##### Running: /usr/lib/jvm/jdk-14.0.1/bin/java -jar /lab/itti/projects/checkers-competition/server/referee.jar on run_18_ssingh41_vdhankar #####
Move is valid
##### SUCCESS: /usr/lib/jvm/jdk-14.0.1/bin/java -jar /lab/itti/projects/checkers-competition/server/referee.jar on run_18_ssingh41_vdhankar #####
INPUT for vdhankar:
GAME
BLACK
288.670027017593
.b.b.b.b
b.b.b.b.
.b.b.b..
......b.
.....w..
w.w.w...
.w.w.w.w
w.w.w.w.
##### Running: /usr/bin/time -o time_18_ssingh41_vdhankar.txt -f "%U" python3 homework.py > stulog.txt 2>&1 on vdhankar #####
child exited with value 1
##### ERROR: /usr/bin/time -o time_18_ssingh41_vdhankar.txt -f "%U" python3 homework.py > stulog.txt 2>&1 on vdhankar #####
##### Output of failed program (stdout + stderr): #####
Traceback (most recent call last):
  File "homework.py", line 546, in <module>
    print(end-start)
NameError: name 'end' is not defined
##### End of output of failed program #####
##### vdhankar plays [E g5 h4] in 7.57092499732971s #####
##### Running: /usr/lib/jvm/jdk-14.0.1/bin/java -jar /lab/itti/projects/checkers-competition/server/referee.jar on run_18_ssingh41_vdhankar #####
Move is valid
##### SUCCESS: /usr/lib/jvm/jdk-14.0.1/bin/java -jar /lab/itti/projects/checkers-competition/server/referee.jar on run_18_ssingh41_vdhankar #####
INPUT for ssingh41:
GAME
WHITE
297.57
.b.b.b.b
b.b.b.b.
.b.b.b..
........
.....w.b
w.w.w...
.w.w.w.w
w.w.w.w.
##### Running: /usr/bin/time -o time_18_ssingh41_vdhankar.txt -f "%U" python3 homework.py > stulog.txt 2>&1 on ssingh41 #####
##### SUCCESS: /usr/bin/time -o time_18_ssingh41_vdhankar.txt -f "%U" python3 homework.py > stulog.txt 2>&1 on ssingh41 #####
##### ssingh41 plays [E f4 e5] in 3.71s #####
##### Running: /usr/lib/jvm/jdk-14.0.1/bin/java -jar /lab/itti/projects/checkers-competition/server/referee.jar on run_18_ssingh41_vdhankar #####
Move is valid
##### SUCCESS: /usr/lib/jvm/jdk-14.0.1/bin/java -jar /lab/itti/projects/checkers-competition/server/referee.jar on run_18_ssingh41_vdhankar #####
INPUT for vdhankar:
GAME
BLACK
281.099102020264
.b.b.b.b
b.b.b.b.
.b.b.b..
....w...
.......b
w.w.w...
.w.w.w.w
w.w.w.w.
##### Running: /usr/bin/time -o time_18_ssingh41_vdhankar.txt -f "%U" python3 homework.py > stulog.txt 2>&1 on vdhankar #####
child exited with value 1
##### ERROR: /usr/bin/time -o time_18_ssingh41_vdhankar.txt -f "%U" python3 homework.py > stulog.txt 2>&1 on vdhankar #####
##### Output of failed program (stdout + stderr): #####
Traceback (most recent call last):
  File "homework.py", line 546, in <module>
    print(end-start)
NameError: name 'end' is not defined
##### End of output of failed program #####
##### vdhankar plays [J f6 d4] in 2.16633009910583s #####
##### Running: /usr/lib/jvm/jdk-14.0.1/bin/java -jar /lab/itti/projects/checkers-competition/server/referee.jar on run_18_ssingh41_vdhankar #####
Move is valid
##### SUCCESS: /usr/lib/jvm/jdk-14.0.1/bin/java -jar /lab/itti/projects/checkers-competition/server/referee.jar on run_18_ssingh41_vdhankar #####
INPUT for ssingh41:
GAME
WHITE
293.86
.b.b.b.b
b.b.b.b.
.b.b....
........
...b...b
w.w.w...
.w.w.w.w
w.w.w.w.
##### Running: /usr/bin/time -o time_18_ssingh41_vdhankar.txt -f "%U" python3 homework.py > stulog.txt 2>&1 on ssingh41 #####
##### SUCCESS: /usr/bin/time -o time_18_ssingh41_vdhankar.txt -f "%U" python3 homework.py > stulog.txt 2>&1 on ssingh41 #####
##### ssingh41 plays [J e3 c5] in 0.22s #####
##### Running: /usr/lib/jvm/jdk-14.0.1/bin/java -jar /lab/itti/projects/checkers-competition/server/referee.jar on run_18_ssingh41_vdhankar #####
Move is valid
##### SUCCESS: /usr/lib/jvm/jdk-14.0.1/bin/java -jar /lab/itti/projects/checkers-competition/server/referee.jar on run_18_ssingh41_vdhankar #####
INPUT for vdhankar:
GAME
BLACK
278.932771921158
.b.b.b.b
b.b.b.b.
.b.b....
..w.....
.......b
w.w.....
.w.w.w.w
w.w.w.w.
##### Running: /usr/bin/time -o time_18_ssingh41_vdhankar.txt -f "%U" python3 homework.py > stulog.txt 2>&1 on vdhankar #####
child exited with value 1
##### ERROR: /usr/bin/time -o time_18_ssingh41_vdhankar.txt -f "%U" python3 homework.py > stulog.txt 2>&1 on vdhankar #####
##### Output of failed program (stdout + stderr): #####
Traceback (most recent call last):
  File "homework.py", line 546, in <module>
    print(end-start)
NameError: name 'end' is not defined
##### End of output of failed program #####
##### vdhankar plays [J b6 d4] in 0.862797975540161s #####
##### Running: /usr/lib/jvm/jdk-14.0.1/bin/java -jar /lab/itti/projects/checkers-competition/server/referee.jar on run_18_ssingh41_vdhankar #####
Move is valid
##### SUCCESS: /usr/lib/jvm/jdk-14.0.1/bin/java -jar /lab/itti/projects/checkers-competition/server/referee.jar on run_18_ssingh41_vdhankar #####
INPUT for ssingh41:
GAME
WHITE
293.64
.b.b.b.b
b.b.b.b.
...b....
........
...b...b
w.w.....
.w.w.w.w
w.w.w.w.
##### Running: /usr/bin/time -o time_18_ssingh41_vdhankar.txt -f "%U" python3 homework.py > stulog.txt 2>&1 on ssingh41 #####
##### SUCCESS: /usr/bin/time -o time_18_ssingh41_vdhankar.txt -f "%U" python3 homework.py > stulog.txt 2>&1 on ssingh41 #####
##### ssingh41 plays [J c3 e5] in 0.37s #####
##### Running: /usr/lib/jvm/jdk-14.0.1/bin/java -jar /lab/itti/projects/checkers-competition/server/referee.jar on run_18_ssingh41_vdhankar #####
Move is valid
##### SUCCESS: /usr/lib/jvm/jdk-14.0.1/bin/java -jar /lab/itti/projects/checkers-competition/server/referee.jar on run_18_ssingh41_vdhankar #####
INPUT for vdhankar:
GAME
BLACK
278.069973945618
.b.b.b.b
b.b.b.b.
...b....
....w...
.......b
w.......
.w.w.w.w
w.w.w.w.
##### Running: /usr/bin/time -o time_18_ssingh41_vdhankar.txt -f "%U" python3 homework.py > stulog.txt 2>&1 on vdhankar #####
child exited with value 1
##### ERROR: /usr/bin/time -o time_18_ssingh41_vdhankar.txt -f "%U" python3 homework.py > stulog.txt 2>&1 on vdhankar #####
##### Output of failed program (stdout + stderr): #####
Traceback (most recent call last):
  File "homework.py", line 546, in <module>
    print(end-start)
NameError: name 'end' is not defined
##### End of output of failed program #####
##### vdhankar plays [J d6 f4] in 9.2162230014801s #####
##### Running: /usr/lib/jvm/jdk-14.0.1/bin/java -jar /lab/itti/projects/checkers-competition/server/referee.jar on run_18_ssingh41_vdhankar #####
Move is valid
##### SUCCESS: /usr/lib/jvm/jdk-14.0.1/bin/java -jar /lab/itti/projects/checkers-competition/server/referee.jar on run_18_ssingh41_vdhankar #####
INPUT for ssingh41:
GAME
WHITE
293.27
.b.b.b.b
b.b.b.b.
........
........
.....b.b
w.......
.w.w.w.w
w.w.w.w.
##### Running: /usr/bin/time -o time_18_ssingh41_vdhankar.txt -f "%U" python3 homework.py > stulog.txt 2>&1 on ssingh41 #####
##### SUCCESS: /usr/bin/time -o time_18_ssingh41_vdhankar.txt -f "%U" python3 homework.py > stulog.txt 2>&1 on ssingh41 #####
##### ssingh41 plays [E a3 b4] in 3.36s #####
##### Running: /usr/lib/jvm/jdk-14.0.1/bin/java -jar /lab/itti/projects/checkers-competition/server/referee.jar on run_18_ssingh41_vdhankar #####
Move is valid
##### SUCCESS: /usr/lib/jvm/jdk-14.0.1/bin/java -jar /lab/itti/projects/checkers-competition/server/referee.jar on run_18_ssingh41_vdhankar #####
INPUT for vdhankar:
GAME
BLACK
268.853750944138
.b.b.b.b
b.b.b.b.
........
........
.w...b.b
........
.w.w.w.w
w.w.w.w.
##### Running: /usr/bin/time -o time_18_ssingh41_vdhankar.txt -f "%U" python3 homework.py > stulog.txt 2>&1 on vdhankar #####
child exited with value 1
##### ERROR: /usr/bin/time -o time_18_ssingh41_vdhankar.txt -f "%U" python3 homework.py > stulog.txt 2>&1 on vdhankar #####
##### Output of failed program (stdout + stderr): #####
Traceback (most recent call last):
  File "homework.py", line 546, in <module>
    print(end-start)
NameError: name 'end' is not defined
##### End of output of failed program #####
##### vdhankar plays [E e7 d6] in 56.6001358032227s #####
##### Running: /usr/lib/jvm/jdk-14.0.1/bin/java -jar /lab/itti/projects/checkers-competition/server/referee.jar on run_18_ssingh41_vdhankar #####
Move is valid
##### SUCCESS: /usr/lib/jvm/jdk-14.0.1/bin/java -jar /lab/itti/projects/checkers-competition/server/referee.jar on run_18_ssingh41_vdhankar #####
INPUT for ssingh41:
GAME
WHITE
289.91
.b.b.b.b
b.b...b.
...b....
........
.w...b.b
........
.w.w.w.w
w.w.w.w.
##### Running: /usr/bin/time -o time_18_ssingh41_vdhankar.txt -f "%U" python3 homework.py > stulog.txt 2>&1 on ssingh41 #####
##### SUCCESS: /usr/bin/time -o time_18_ssingh41_vdhankar.txt -f "%U" python3 homework.py > stulog.txt 2>&1 on ssingh41 #####
##### ssingh41 plays [E b2 a3] in 1.88s #####
##### Running: /usr/lib/jvm/jdk-14.0.1/bin/java -jar /lab/itti/projects/checkers-competition/server/referee.jar on run_18_ssingh41_vdhankar #####
Move is valid
##### SUCCESS: /usr/lib/jvm/jdk-14.0.1/bin/java -jar /lab/itti/projects/checkers-competition/server/referee.jar on run_18_ssingh41_vdhankar #####
INPUT for vdhankar:
GAME
BLACK
212.253615140915
.b.b.b.b
b.b...b.
...b....
........
.w...b.b
w.......
...w.w.w
w.w.w.w.
##### Running: /usr/bin/time -o time_18_ssingh41_vdhankar.txt -f "%U" python3 homework.py > stulog.txt 2>&1 on vdhankar #####
child exited with value 1
##### ERROR: /usr/bin/time -o time_18_ssingh41_vdhankar.txt -f "%U" python3 homework.py > stulog.txt 2>&1 on vdhankar #####
##### Output of failed program (stdout + stderr): #####
Traceback (most recent call last):
  File "homework.py", line 546, in <module>
    print(end-start)
NameError: name 'end' is not defined
##### End of output of failed program #####
##### vdhankar plays [E g7 h6] in 21.9661910533905s #####
##### Running: /usr/lib/jvm/jdk-14.0.1/bin/java -jar /lab/itti/projects/checkers-competition/server/referee.jar on run_18_ssingh41_vdhankar #####
Move is valid
##### SUCCESS: /usr/lib/jvm/jdk-14.0.1/bin/java -jar /lab/itti/projects/checkers-competition/server/referee.jar on run_18_ssingh41_vdhankar #####
INPUT for ssingh41:
GAME
WHITE
288.03
.b.b.b.b
b.b.....
...b...b
........
.w...b.b
w.......
...w.w.w
w.w.w.w.
##### Running: /usr/bin/time -o time_18_ssingh41_vdhankar.txt -f "%U" python3 homework.py > stulog.txt 2>&1 on ssingh41 #####
##### SUCCESS: /usr/bin/time -o time_18_ssingh41_vdhankar.txt -f "%U" python3 homework.py > stulog.txt 2>&1 on ssingh41 #####
##### ssingh41 plays [E c1 b2] in 2.58s #####
##### Running: /usr/lib/jvm/jdk-14.0.1/bin/java -jar /lab/itti/projects/checkers-competition/server/referee.jar on run_18_ssingh41_vdhankar #####
Move is valid
##### SUCCESS: /usr/lib/jvm/jdk-14.0.1/bin/java -jar /lab/itti/projects/checkers-competition/server/referee.jar on run_18_ssingh41_vdhankar #####
INPUT for vdhankar:
GAME
BLACK
190.287424087524
.b.b.b.b
b.b.....
...b...b
........
.w...b.b
w.......
.w.w.w.w
w...w.w.
##### Running: /usr/bin/time -o time_18_ssingh41_vdhankar.txt -f "%U" python3 homework.py > stulog.txt 2>&1 on vdhankar #####
child exited with value 1
##### ERROR: /usr/bin/time -o time_18_ssingh41_vdhankar.txt -f "%U" python3 homework.py > stulog.txt 2>&1 on vdhankar #####
##### Output of failed program (stdout + stderr): #####
Traceback (most recent call last):
  File "homework.py", line 546, in <module>
    print(end-start)
NameError: name 'end' is not defined
##### End of output of failed program #####
##### vdhankar plays [E d6 e5] in 22.6957540512085s #####
##### Running: /usr/lib/jvm/jdk-14.0.1/bin/java -jar /lab/itti/projects/checkers-competition/server/referee.jar on run_18_ssingh41_vdhankar #####
Move is valid
##### SUCCESS: /usr/lib/jvm/jdk-14.0.1/bin/java -jar /lab/itti/projects/checkers-competition/server/referee.jar on run_18_ssingh41_vdhankar #####
INPUT for ssingh41:
GAME
WHITE
285.45
.b.b.b.b
b.b.....
.......b
....b...
.w...b.b
w.......
.w.w.w.w
w...w.w.
##### Running: /usr/bin/time -o time_18_ssingh41_vdhankar.txt -f "%U" python3 homework.py > stulog.txt 2>&1 on ssingh41 #####
##### SUCCESS: /usr/bin/time -o time_18_ssingh41_vdhankar.txt -f "%U" python3 homework.py > stulog.txt 2>&1 on ssingh41 #####
##### ssingh41 plays [E b4 a5] in 3.93s #####
##### Running: /usr/lib/jvm/jdk-14.0.1/bin/java -jar /lab/itti/projects/checkers-competition/server/referee.jar on run_18_ssingh41_vdhankar #####
Move is valid
##### SUCCESS: /usr/lib/jvm/jdk-14.0.1/bin/java -jar /lab/itti/projects/checkers-competition/server/referee.jar on run_18_ssingh41_vdhankar #####
INPUT for vdhankar:
GAME
BLACK
167.591670036316
.b.b.b.b
b.b.....
.......b
w...b...
.....b.b
w.......
.w.w.w.w
w...w.w.
##### Running: /usr/bin/time -o time_18_ssingh41_vdhankar.txt -f "%U" python3 homework.py > stulog.txt 2>&1 on vdhankar #####
child exited with value 1
##### ERROR: /usr/bin/time -o time_18_ssingh41_vdhankar.txt -f "%U" python3 homework.py > stulog.txt 2>&1 on vdhankar #####
##### Output of failed program (stdout + stderr): #####
Traceback (most recent call last):
  File "homework.py", line 546, in <module>
    print(end-start)
NameError: name 'end' is not defined
##### End of output of failed program #####
##### vdhankar plays [E h6 g5] in 17.9462430477142s #####
##### Running: /usr/lib/jvm/jdk-14.0.1/bin/java -jar /lab/itti/projects/checkers-competition/server/referee.jar on run_18_ssingh41_vdhankar #####
Move is valid
##### SUCCESS: /usr/lib/jvm/jdk-14.0.1/bin/java -jar /lab/itti/projects/checkers-competition/server/referee.jar on run_18_ssingh41_vdhankar #####
INPUT for ssingh41:
GAME
WHITE
281.52
.b.b.b.b
b.b.....
........
w...b.b.
.....b.b
w.......
.w.w.w.w
w...w.w.
##### Running: /usr/bin/time -o time_18_ssingh41_vdhankar.txt -f "%U" python3 homework.py > stulog.txt 2>&1 on ssingh41 #####
##### SUCCESS: /usr/bin/time -o time_18_ssingh41_vdhankar.txt -f "%U" python3 homework.py > stulog.txt 2>&1 on ssingh41 #####
##### ssingh41 plays [E a3 b4] in 3.89s #####
##### Running: /usr/lib/jvm/jdk-14.0.1/bin/java -jar /lab/itti/projects/checkers-competition/server/referee.jar on run_18_ssingh41_vdhankar #####
Move is valid
##### SUCCESS: /usr/lib/jvm/jdk-14.0.1/bin/java -jar /lab/itti/projects/checkers-competition/server/referee.jar on run_18_ssingh41_vdhankar #####
INPUT for vdhankar:
GAME
BLACK
149.645426988602
.b.b.b.b
b.b.....
........
w...b.b.
.w...b.b
........
.w.w.w.w
w...w.w.
##### Running: /usr/bin/time -o time_18_ssingh41_vdhankar.txt -f "%U" python3 homework.py > stulog.txt 2>&1 on vdhankar #####
child exited with value 1
##### ERROR: /usr/bin/time -o time_18_ssingh41_vdhankar.txt -f "%U" python3 homework.py > stulog.txt 2>&1 on vdhankar #####
##### Output of failed program (stdout + stderr): #####
Traceback (most recent call last):
  File "homework.py", line 546, in <module>
    print(end-start)
NameError: name 'end' is not defined
##### End of output of failed program #####
##### vdhankar plays [E e5 d4] in 12.6158638000488s #####
##### Running: /usr/lib/jvm/jdk-14.0.1/bin/java -jar /lab/itti/projects/checkers-competition/server/referee.jar on run_18_ssingh41_vdhankar #####
Move is valid
##### SUCCESS: /usr/lib/jvm/jdk-14.0.1/bin/java -jar /lab/itti/projects/checkers-competition/server/referee.jar on run_18_ssingh41_vdhankar #####
INPUT for ssingh41:
GAME
WHITE
277.63
.b.b.b.b
b.b.....
........
w.....b.
.w.b.b.b
........
.w.w.w.w
w...w.w.
##### Running: /usr/bin/time -o time_18_ssingh41_vdhankar.txt -f "%U" python3 homework.py > stulog.txt 2>&1 on ssingh41 #####
##### SUCCESS: /usr/bin/time -o time_18_ssingh41_vdhankar.txt -f "%U" python3 homework.py > stulog.txt 2>&1 on ssingh41 #####
##### ssingh41 plays [E f2 e3] in 5.79s #####
##### Running: /usr/lib/jvm/jdk-14.0.1/bin/java -jar /lab/itti/projects/checkers-competition/server/referee.jar on run_18_ssingh41_vdhankar #####
Move is valid
##### SUCCESS: /usr/lib/jvm/jdk-14.0.1/bin/java -jar /lab/itti/projects/checkers-competition/server/referee.jar on run_18_ssingh41_vdhankar #####
INPUT for vdhankar:
GAME
BLACK
137.029563188553
.b.b.b.b
b.b.....
........
w.....b.
.w.b.b.b
....w...
.w.w...w
w...w.w.
##### Running: /usr/bin/time -o time_18_ssingh41_vdhankar.txt -f "%U" python3 homework.py > stulog.txt 2>&1 on vdhankar #####
child exited with value 1
##### ERROR: /usr/bin/time -o time_18_ssingh41_vdhankar.txt -f "%U" python3 homework.py > stulog.txt 2>&1 on vdhankar #####
##### Output of failed program (stdout + stderr): #####
Traceback (most recent call last):
  File "homework.py", line 546, in <module>
    print(end-start)
NameError: name 'end' is not defined
##### End of output of failed program #####
##### vdhankar plays [J d4 f2] in 1.7671320438385s #####
##### Running: /usr/lib/jvm/jdk-14.0.1/bin/java -jar /lab/itti/projects/checkers-competition/server/referee.jar on run_18_ssingh41_vdhankar #####
Move is valid
##### SUCCESS: /usr/lib/jvm/jdk-14.0.1/bin/java -jar /lab/itti/projects/checkers-competition/server/referee.jar on run_18_ssingh41_vdhankar #####
INPUT for ssingh41:
GAME
WHITE
271.84
.b.b.b.b
b.b.....
........
w.....b.
.w...b.b
........
.w.w.b.w
w...w.w.
##### Running: /usr/bin/time -o time_18_ssingh41_vdhankar.txt -f "%U" python3 homework.py > stulog.txt 2>&1 on ssingh41 #####
##### SUCCESS: /usr/bin/time -o time_18_ssingh41_vdhankar.txt -f "%U" python3 homework.py > stulog.txt 2>&1 on ssingh41 #####
##### ssingh41 plays [J e1 g3 ; J g3 e5] in 1.43s #####
##### Running: /usr/lib/jvm/jdk-14.0.1/bin/java -jar /lab/itti/projects/checkers-competition/server/referee.jar on run_18_ssingh41_vdhankar #####
Move is valid
##### SUCCESS: /usr/lib/jvm/jdk-14.0.1/bin/java -jar /lab/itti/projects/checkers-competition/server/referee.jar on run_18_ssingh41_vdhankar #####
INPUT for vdhankar:
GAME
BLACK
135.262431144714
.b.b.b.b
b.b.....
........
w...w.b.
.w.....b
........
.w.w...w
w.....w.
##### Running: /usr/bin/time -o time_18_ssingh41_vdhankar.txt -f "%U" python3 homework.py > stulog.txt 2>&1 on vdhankar #####
child exited with value 1
##### ERROR: /usr/bin/time -o time_18_ssingh41_vdhankar.txt -f "%U" python3 homework.py > stulog.txt 2>&1 on vdhankar #####
##### Output of failed program (stdout + stderr): #####
Traceback (most recent call last):
  File "homework.py", line 546, in <module>
    print(end-start)
NameError: name 'end' is not defined
##### End of output of failed program #####
##### vdhankar plays [E c7 b6] in 8.35068988800049s #####
##### Running: /usr/lib/jvm/jdk-14.0.1/bin/java -jar /lab/itti/projects/checkers-competition/server/referee.jar on run_18_ssingh41_vdhankar #####
Move is valid
##### SUCCESS: /usr/lib/jvm/jdk-14.0.1/bin/java -jar /lab/itti/projects/checkers-competition/server/referee.jar on run_18_ssingh41_vdhankar #####
INPUT for ssingh41:
GAME
WHITE
270.41
.b.b.b.b
b.......
.b......
w...w.b.
.w.....b
........
.w.w...w
w.....w.
##### Running: /usr/bin/time -o time_18_ssingh41_vdhankar.txt -f "%U" python3 homework.py > stulog.txt 2>&1 on ssingh41 #####
##### SUCCESS: /usr/bin/time -o time_18_ssingh41_vdhankar.txt -f "%U" python3 homework.py > stulog.txt 2>&1 on ssingh41 #####
##### ssingh41 plays [J a5 c7] in 0.2s #####
##### Running: /usr/lib/jvm/jdk-14.0.1/bin/java -jar /lab/itti/projects/checkers-competition/server/referee.jar on run_18_ssingh41_vdhankar #####
Move is valid
##### SUCCESS: /usr/lib/jvm/jdk-14.0.1/bin/java -jar /lab/itti/projects/checkers-competition/server/referee.jar on run_18_ssingh41_vdhankar #####
INPUT for vdhankar:
GAME
BLACK
126.911741256714
.b.b.b.b
b.w.....
........
....w.b.
.w.....b
........
.w.w...w
w.....w.
##### Running: /usr/bin/time -o time_18_ssingh41_vdhankar.txt -f "%U" python3 homework.py > stulog.txt 2>&1 on vdhankar #####
child exited with value 1
##### ERROR: /usr/bin/time -o time_18_ssingh41_vdhankar.txt -f "%U" python3 homework.py > stulog.txt 2>&1 on vdhankar #####
##### Output of failed program (stdout + stderr): #####
Traceback (most recent call last):
  File "homework.py", line 546, in <module>
    print(end-start)
NameError: name 'end' is not defined
##### End of output of failed program #####
##### vdhankar plays [J b8 d6 ; J d6 f4] in 2.66373109817505s #####
##### Running: /usr/lib/jvm/jdk-14.0.1/bin/java -jar /lab/itti/projects/checkers-competition/server/referee.jar on run_18_ssingh41_vdhankar #####
Move is valid
##### SUCCESS: /usr/lib/jvm/jdk-14.0.1/bin/java -jar /lab/itti/projects/checkers-competition/server/referee.jar on run_18_ssingh41_vdhankar #####
INPUT for ssingh41:
GAME
WHITE
270.21
...b.b.b
b.......
........
......b.
.w...b.b
........
.w.w...w
w.....w.
##### Running: /usr/bin/time -o time_18_ssingh41_vdhankar.txt -f "%U" python3 homework.py > stulog.txt 2>&1 on ssingh41 #####
##### SUCCESS: /usr/bin/time -o time_18_ssingh41_vdhankar.txt -f "%U" python3 homework.py > stulog.txt 2>&1 on ssingh41 #####
##### ssingh41 plays [E g1 f2] in 1.73s #####
##### Running: /usr/lib/jvm/jdk-14.0.1/bin/java -jar /lab/itti/projects/checkers-competition/server/referee.jar on run_18_ssingh41_vdhankar #####
Move is valid
##### SUCCESS: /usr/lib/jvm/jdk-14.0.1/bin/java -jar /lab/itti/projects/checkers-competition/server/referee.jar on run_18_ssingh41_vdhankar #####
INPUT for vdhankar:
GAME
BLACK
124.248010158539
...b.b.b
b.......
........
......b.
.w...b.b
........
.w.w.w.w
w.......
##### Running: /usr/bin/time -o time_18_ssingh41_vdhankar.txt -f "%U" python3 homework.py > stulog.txt 2>&1 on vdhankar #####
child exited with value 1
##### ERROR: /usr/bin/time -o time_18_ssingh41_vdhankar.txt -f "%U" python3 homework.py > stulog.txt 2>&1 on vdhankar #####
##### Output of failed program (stdout + stderr): #####
Traceback (most recent call last):
  File "homework.py", line 546, in <module>
    print(end-start)
NameError: name 'end' is not defined
##### End of output of failed program #####
##### vdhankar plays [E a7 b6] in 14.2104980945587s #####
##### Running: /usr/lib/jvm/jdk-14.0.1/bin/java -jar /lab/itti/projects/checkers-competition/server/referee.jar on run_18_ssingh41_vdhankar #####
Move is valid
##### SUCCESS: /usr/lib/jvm/jdk-14.0.1/bin/java -jar /lab/itti/projects/checkers-competition/server/referee.jar on run_18_ssingh41_vdhankar #####
INPUT for ssingh41:
GAME
WHITE
268.48
...b.b.b
........
.b......
......b.
.w...b.b
........
.w.w.w.w
w.......
##### Running: /usr/bin/time -o time_18_ssingh41_vdhankar.txt -f "%U" python3 homework.py > stulog.txt 2>&1 on ssingh41 #####
##### SUCCESS: /usr/bin/time -o time_18_ssingh41_vdhankar.txt -f "%U" python3 homework.py > stulog.txt 2>&1 on ssingh41 #####
##### ssingh41 plays [E b2 a3] in 0.51s #####
##### Running: /usr/lib/jvm/jdk-14.0.1/bin/java -jar /lab/itti/projects/checkers-competition/server/referee.jar on run_18_ssingh41_vdhankar #####
Move is valid
##### SUCCESS: /usr/lib/jvm/jdk-14.0.1/bin/java -jar /lab/itti/projects/checkers-competition/server/referee.jar on run_18_ssingh41_vdhankar #####
INPUT for vdhankar:
GAME
BLACK
110.03751206398
...b.b.b
........
.b......
......b.
.w...b.b
w.......
...w.w.w
w.......
##### Running: /usr/bin/time -o time_18_ssingh41_vdhankar.txt -f "%U" python3 homework.py > stulog.txt 2>&1 on vdhankar #####
child exited with value 1
##### ERROR: /usr/bin/time -o time_18_ssingh41_vdhankar.txt -f "%U" python3 homework.py > stulog.txt 2>&1 on vdhankar #####
##### Output of failed program (stdout + stderr): #####
Traceback (most recent call last):
  File "homework.py", line 546, in <module>
    print(end-start)
NameError: name 'end' is not defined
##### End of output of failed program #####
##### vdhankar plays [E h8 g7] in 3.49588203430176s #####
##### Running: /usr/lib/jvm/jdk-14.0.1/bin/java -jar /lab/itti/projects/checkers-competition/server/referee.jar on run_18_ssingh41_vdhankar #####
Move is valid
##### SUCCESS: /usr/lib/jvm/jdk-14.0.1/bin/java -jar /lab/itti/projects/checkers-competition/server/referee.jar on run_18_ssingh41_vdhankar #####
INPUT for ssingh41:
GAME
WHITE
267.97
...b.b..
......b.
.b......
......b.
.w...b.b
w.......
...w.w.w
w.......
##### Running: /usr/bin/time -o time_18_ssingh41_vdhankar.txt -f "%U" python3 homework.py > stulog.txt 2>&1 on ssingh41 #####
##### SUCCESS: /usr/bin/time -o time_18_ssingh41_vdhankar.txt -f "%U" python3 homework.py > stulog.txt 2>&1 on ssingh41 #####
##### ssingh41 plays [E a1 b2] in 0.41s #####
##### Running: /usr/lib/jvm/jdk-14.0.1/bin/java -jar /lab/itti/projects/checkers-competition/server/referee.jar on run_18_ssingh41_vdhankar #####
Move is valid
##### SUCCESS: /usr/lib/jvm/jdk-14.0.1/bin/java -jar /lab/itti/projects/checkers-competition/server/referee.jar on run_18_ssingh41_vdhankar #####
INPUT for vdhankar:
GAME
BLACK
106.541630029678
...b.b..
......b.
.b......
......b.
.w...b.b
w.......
.w.w.w.w
........
##### Running: /usr/bin/time -o time_18_ssingh41_vdhankar.txt -f "%U" python3 homework.py > stulog.txt 2>&1 on vdhankar #####
child exited with value 1
##### ERROR: /usr/bin/time -o time_18_ssingh41_vdhankar.txt -f "%U" python3 homework.py > stulog.txt 2>&1 on vdhankar #####
##### Output of failed program (stdout + stderr): #####
Traceback (most recent call last):
  File "homework.py", line 546, in <module>
    print(end-start)
NameError: name 'end' is not defined
##### End of output of failed program #####
##### vdhankar plays [E g7 f6] in 5.9164891242981s #####
##### Running: /usr/lib/jvm/jdk-14.0.1/bin/java -jar /lab/itti/projects/checkers-competition/server/referee.jar on run_18_ssingh41_vdhankar #####
Move is valid
##### SUCCESS: /usr/lib/jvm/jdk-14.0.1/bin/java -jar /lab/itti/projects/checkers-competition/server/referee.jar on run_18_ssingh41_vdhankar #####
INPUT for ssingh41:
GAME
WHITE
267.56
...b.b..
........
.b...b..
......b.
.w...b.b
w.......
.w.w.w.w
........
##### Running: /usr/bin/time -o time_18_ssingh41_vdhankar.txt -f "%U" python3 homework.py > stulog.txt 2>&1 on ssingh41 #####
##### SUCCESS: /usr/bin/time -o time_18_ssingh41_vdhankar.txt -f "%U" python3 homework.py > stulog.txt 2>&1 on ssingh41 #####
##### ssingh41 plays [E d2 c3] in 0.44s #####
##### Running: /usr/lib/jvm/jdk-14.0.1/bin/java -jar /lab/itti/projects/checkers-competition/server/referee.jar on run_18_ssingh41_vdhankar #####
Move is valid
##### SUCCESS: /usr/lib/jvm/jdk-14.0.1/bin/java -jar /lab/itti/projects/checkers-competition/server/referee.jar on run_18_ssingh41_vdhankar #####
INPUT for vdhankar:
GAME
BLACK
100.62514090538
...b.b..
........
.b...b..
......b.
.w...b.b
w.w.....
.w...w.w
........
##### Running: /usr/bin/time -o time_18_ssingh41_vdhankar.txt -f "%U" python3 homework.py > stulog.txt 2>&1 on vdhankar #####
child exited with value 1
##### ERROR: /usr/bin/time -o time_18_ssingh41_vdhankar.txt -f "%U" python3 homework.py > stulog.txt 2>&1 on vdhankar #####
##### Output of failed program (stdout + stderr): #####
Traceback (most recent call last):
  File "homework.py", line 546, in <module>
    print(end-start)
NameError: name 'end' is not defined
##### End of output of failed program #####
##### vdhankar plays [E f6 e5] in 1.93305802345276s #####
##### Running: /usr/lib/jvm/jdk-14.0.1/bin/java -jar /lab/itti/projects/checkers-competition/server/referee.jar on run_18_ssingh41_vdhankar #####
Move is valid
##### SUCCESS: /usr/lib/jvm/jdk-14.0.1/bin/java -jar /lab/itti/projects/checkers-competition/server/referee.jar on run_18_ssingh41_vdhankar #####
INPUT for ssingh41:
GAME
WHITE
267.12
...b.b..
........
.b......
....b.b.
.w...b.b
w.w.....
.w...w.w
........
##### Running: /usr/bin/time -o time_18_ssingh41_vdhankar.txt -f "%U" python3 homework.py > stulog.txt 2>&1 on ssingh41 #####
##### SUCCESS: /usr/bin/time -o time_18_ssingh41_vdhankar.txt -f "%U" python3 homework.py > stulog.txt 2>&1 on ssingh41 #####
##### ssingh41 plays [E b4 a5] in 0.28s #####
##### Running: /usr/lib/jvm/jdk-14.0.1/bin/java -jar /lab/itti/projects/checkers-competition/server/referee.jar on run_18_ssingh41_vdhankar #####
Move is valid
##### SUCCESS: /usr/lib/jvm/jdk-14.0.1/bin/java -jar /lab/itti/projects/checkers-competition/server/referee.jar on run_18_ssingh41_vdhankar #####
INPUT for vdhankar:
GAME
BLACK
98.6920828819275
...b.b..
........
.b......
w...b.b.
.....b.b
w.w.....
.w...w.w
........
##### Running: /usr/bin/time -o time_18_ssingh41_vdhankar.txt -f "%U" python3 homework.py > stulog.txt 2>&1 on vdhankar #####
child exited with value 1
##### ERROR: /usr/bin/time -o time_18_ssingh41_vdhankar.txt -f "%U" python3 homework.py > stulog.txt 2>&1 on vdhankar #####
##### Output of failed program (stdout + stderr): #####
Traceback (most recent call last):
  File "homework.py", line 546, in <module>
    print(end-start)
NameError: name 'end' is not defined
##### End of output of failed program #####
##### vdhankar plays [E b6 c5] in 1.46588397026062s #####
##### Running: /usr/lib/jvm/jdk-14.0.1/bin/java -jar /lab/itti/projects/checkers-competition/server/referee.jar on run_18_ssingh41_vdhankar #####
Move is valid
##### SUCCESS: /usr/lib/jvm/jdk-14.0.1/bin/java -jar /lab/itti/projects/checkers-competition/server/referee.jar on run_18_ssingh41_vdhankar #####
INPUT for ssingh41:
GAME
WHITE
266.84
...b.b..
........
........
w.b.b.b.
.....b.b
w.w.....
.w...w.w
........
##### Running: /usr/bin/time -o time_18_ssingh41_vdhankar.txt -f "%U" python3 homework.py > stulog.txt 2>&1 on ssingh41 #####
##### SUCCESS: /usr/bin/time -o time_18_ssingh41_vdhankar.txt -f "%U" python3 homework.py > stulog.txt 2>&1 on ssingh41 #####
##### ssingh41 plays [E c3 b4] in 0.57s #####
##### Running: /usr/lib/jvm/jdk-14.0.1/bin/java -jar /lab/itti/projects/checkers-competition/server/referee.jar on run_18_ssingh41_vdhankar #####
Move is valid
##### SUCCESS: /usr/lib/jvm/jdk-14.0.1/bin/java -jar /lab/itti/projects/checkers-competition/server/referee.jar on run_18_ssingh41_vdhankar #####
INPUT for vdhankar:
GAME
BLACK
97.2261989116669
...b.b..
........
........
w.b.b.b.
.w...b.b
w.......
.w...w.w
........
##### Running: /usr/bin/time -o time_18_ssingh41_vdhankar.txt -f "%U" python3 homework.py > stulog.txt 2>&1 on vdhankar #####
child exited with value 1
##### ERROR: /usr/bin/time -o time_18_ssingh41_vdhankar.txt -f "%U" python3 homework.py > stulog.txt 2>&1 on vdhankar #####
##### Output of failed program (stdout + stderr): #####
Traceback (most recent call last):
  File "homework.py", line 546, in <module>
    print(end-start)
NameError: name 'end' is not defined
##### End of output of failed program #####
##### vdhankar plays [E c5 d4] in 2.11121582984924s #####
##### Running: /usr/lib/jvm/jdk-14.0.1/bin/java -jar /lab/itti/projects/checkers-competition/server/referee.jar on run_18_ssingh41_vdhankar #####
Move is valid
##### SUCCESS: /usr/lib/jvm/jdk-14.0.1/bin/java -jar /lab/itti/projects/checkers-competition/server/referee.jar on run_18_ssingh41_vdhankar #####
INPUT for ssingh41:
GAME
WHITE
266.27
...b.b..
........
........
w...b.b.
.w.b.b.b
w.......
.w...w.w
........
##### Running: /usr/bin/time -o time_18_ssingh41_vdhankar.txt -f "%U" python3 homework.py > stulog.txt 2>&1 on ssingh41 #####
##### SUCCESS: /usr/bin/time -o time_18_ssingh41_vdhankar.txt -f "%U" python3 homework.py > stulog.txt 2>&1 on ssingh41 #####
##### ssingh41 plays [E b2 c3] in 0.56s #####
##### Running: /usr/lib/jvm/jdk-14.0.1/bin/java -jar /lab/itti/projects/checkers-competition/server/referee.jar on run_18_ssingh41_vdhankar #####
Move is valid
##### SUCCESS: /usr/lib/jvm/jdk-14.0.1/bin/java -jar /lab/itti/projects/checkers-competition/server/referee.jar on run_18_ssingh41_vdhankar #####
INPUT for vdhankar:
GAME
BLACK
95.1149830818176
...b.b..
........
........
w...b.b.
.w.b.b.b
w.w.....
.....w.w
........
##### Running: /usr/bin/time -o time_18_ssingh41_vdhankar.txt -f "%U" python3 homework.py > stulog.txt 2>&1 on vdhankar #####
child exited with value 1
##### ERROR: /usr/bin/time -o time_18_ssingh41_vdhankar.txt -f "%U" python3 homework.py > stulog.txt 2>&1 on vdhankar #####
##### Output of failed program (stdout + stderr): #####
Traceback (most recent call last):
  File "homework.py", line 546, in <module>
    print(end-start)
NameError: name 'end' is not defined
##### End of output of failed program #####
##### vdhankar plays [J d4 b2] in 1.05367398262024s #####
##### Running: /usr/lib/jvm/jdk-14.0.1/bin/java -jar /lab/itti/projects/checkers-competition/server/referee.jar on run_18_ssingh41_vdhankar #####
Move is valid
##### SUCCESS: /usr/lib/jvm/jdk-14.0.1/bin/java -jar /lab/itti/projects/checkers-competition/server/referee.jar on run_18_ssingh41_vdhankar #####
INPUT for ssingh41:
GAME
WHITE
265.71
...b.b..
........
........
w...b.b.
.w...b.b
w.......
.b...w.w
........
##### Running: /usr/bin/time -o time_18_ssingh41_vdhankar.txt -f "%U" python3 homework.py > stulog.txt 2>&1 on ssingh41 #####
##### SUCCESS: /usr/bin/time -o time_18_ssingh41_vdhankar.txt -f "%U" python3 homework.py > stulog.txt 2>&1 on ssingh41 #####
##### ssingh41 plays [E h2 g3] in 0.45s #####
##### Running: /usr/lib/jvm/jdk-14.0.1/bin/java -jar /lab/itti/projects/checkers-competition/server/referee.jar on run_18_ssingh41_vdhankar #####
Move is valid
##### SUCCESS: /usr/lib/jvm/jdk-14.0.1/bin/java -jar /lab/itti/projects/checkers-competition/server/referee.jar on run_18_ssingh41_vdhankar #####
INPUT for vdhankar:
GAME
BLACK
94.0613090991974
...b.b..
........
........
w...b.b.
.w...b.b
w.....w.
.b...w..
........
##### Running: /usr/bin/time -o time_18_ssingh41_vdhankar.txt -f "%U" python3 homework.py > stulog.txt 2>&1 on vdhankar #####
child exited with value 1
##### ERROR: /usr/bin/time -o time_18_ssingh41_vdhankar.txt -f "%U" python3 homework.py > stulog.txt 2>&1 on vdhankar #####
##### Output of failed program (stdout + stderr): #####
Traceback (most recent call last):
  File "homework.py", line 546, in <module>
    print(end-start)
NameError: name 'end' is not defined
##### End of output of failed program #####
##### vdhankar plays [J f4 h2] in 3.35165619850159s #####
##### Running: /usr/lib/jvm/jdk-14.0.1/bin/java -jar /lab/itti/projects/checkers-competition/server/referee.jar on run_18_ssingh41_vdhankar #####
Move is valid
##### SUCCESS: /usr/lib/jvm/jdk-14.0.1/bin/java -jar /lab/itti/projects/checkers-competition/server/referee.jar on run_18_ssingh41_vdhankar #####
INPUT for ssingh41:
GAME
WHITE
265.26
...b.b..
........
........
w...b.b.
.w.....b
w.......
.b...w.b
........
##### Running: /usr/bin/time -o time_18_ssingh41_vdhankar.txt -f "%U" python3 homework.py > stulog.txt 2>&1 on ssingh41 #####
##### SUCCESS: /usr/bin/time -o time_18_ssingh41_vdhankar.txt -f "%U" python3 homework.py > stulog.txt 2>&1 on ssingh41 #####
##### ssingh41 plays [E f2 e3] in 0.57s #####
##### Running: /usr/lib/jvm/jdk-14.0.1/bin/java -jar /lab/itti/projects/checkers-competition/server/referee.jar on run_18_ssingh41_vdhankar #####
Move is valid
##### SUCCESS: /usr/lib/jvm/jdk-14.0.1/bin/java -jar /lab/itti/projects/checkers-competition/server/referee.jar on run_18_ssingh41_vdhankar #####
INPUT for vdhankar:
GAME
BLACK
90.7096529006958
...b.b..
........
........
w...b.b.
.w.....b
w...w...
.b.....b
........
##### Running: /usr/bin/time -o time_18_ssingh41_vdhankar.txt -f "%U" python3 homework.py > stulog.txt 2>&1 on vdhankar #####
child exited with value 1
##### ERROR: /usr/bin/time -o time_18_ssingh41_vdhankar.txt -f "%U" python3 homework.py > stulog.txt 2>&1 on vdhankar #####
##### Output of failed program (stdout + stderr): #####
Traceback (most recent call last):
  File "homework.py", line 546, in <module>
    print(end-start)
NameError: name 'end' is not defined
##### End of output of failed program #####
##### vdhankar plays [E h2 g1] in 6.71504902839661s #####
##### Running: /usr/lib/jvm/jdk-14.0.1/bin/java -jar /lab/itti/projects/checkers-competition/server/referee.jar on run_18_ssingh41_vdhankar #####
Move is valid
##### SUCCESS: /usr/lib/jvm/jdk-14.0.1/bin/java -jar /lab/itti/projects/checkers-competition/server/referee.jar on run_18_ssingh41_vdhankar #####
INPUT for ssingh41:
GAME
WHITE
264.69
...b.b..
........
........
w...b.b.
.w.....b
w...w...
.b......
......B.
##### Running: /usr/bin/time -o time_18_ssingh41_vdhankar.txt -f "%U" python3 homework.py > stulog.txt 2>&1 on ssingh41 #####
##### SUCCESS: /usr/bin/time -o time_18_ssingh41_vdhankar.txt -f "%U" python3 homework.py > stulog.txt 2>&1 on ssingh41 #####
##### ssingh41 plays [E e3 f4] in 0.35s #####
##### Running: /usr/lib/jvm/jdk-14.0.1/bin/java -jar /lab/itti/projects/checkers-competition/server/referee.jar on run_18_ssingh41_vdhankar #####
Move is valid
##### SUCCESS: /usr/lib/jvm/jdk-14.0.1/bin/java -jar /lab/itti/projects/checkers-competition/server/referee.jar on run_18_ssingh41_vdhankar #####
INPUT for vdhankar:
GAME
BLACK
83.9946038722992
...b.b..
........
........
w...b.b.
.w...w.b
w.......
.b......
......B.
##### Running: /usr/bin/time -o time_18_ssingh41_vdhankar.txt -f "%U" python3 homework.py > stulog.txt 2>&1 on vdhankar #####
child exited with value 1
##### ERROR: /usr/bin/time -o time_18_ssingh41_vdhankar.txt -f "%U" python3 homework.py > stulog.txt 2>&1 on vdhankar #####
##### Output of failed program (stdout + stderr): #####
Traceback (most recent call last):
  File "homework.py", line 546, in <module>
    print(end-start)
NameError: name 'end' is not defined
##### End of output of failed program #####
##### vdhankar plays [J e5 g3] in 1.55151581764221s #####
##### Running: /usr/lib/jvm/jdk-14.0.1/bin/java -jar /lab/itti/projects/checkers-competition/server/referee.jar on run_18_ssingh41_vdhankar #####
Move is valid
##### SUCCESS: /usr/lib/jvm/jdk-14.0.1/bin/java -jar /lab/itti/projects/checkers-competition/server/referee.jar on run_18_ssingh41_vdhankar #####
INPUT for ssingh41:
GAME
WHITE
264.34
...b.b..
........
........
w.....b.
.w.....b
w.....b.
.b......
......B.
##### Running: /usr/bin/time -o time_18_ssingh41_vdhankar.txt -f "%U" python3 homework.py > stulog.txt 2>&1 on ssingh41 #####
##### SUCCESS: /usr/bin/time -o time_18_ssingh41_vdhankar.txt -f "%U" python3 homework.py > stulog.txt 2>&1 on ssingh41 #####
##### ssingh41 plays [E a5 b6] in 0.27s #####
##### Running: /usr/lib/jvm/jdk-14.0.1/bin/java -jar /lab/itti/projects/checkers-competition/server/referee.jar on run_18_ssingh41_vdhankar #####
Move is valid
##### SUCCESS: /usr/lib/jvm/jdk-14.0.1/bin/java -jar /lab/itti/projects/checkers-competition/server/referee.jar on run_18_ssingh41_vdhankar #####
INPUT for vdhankar:
GAME
BLACK
82.443088054657
...b.b..
........
.w......
......b.
.w.....b
w.....b.
.b......
......B.
##### Running: /usr/bin/time -o time_18_ssingh41_vdhankar.txt -f "%U" python3 homework.py > stulog.txt 2>&1 on vdhankar #####
child exited with value 1
##### ERROR: /usr/bin/time -o time_18_ssingh41_vdhankar.txt -f "%U" python3 homework.py > stulog.txt 2>&1 on vdhankar #####
##### Output of failed program (stdout + stderr): #####
Traceback (most recent call last):
  File "homework.py", line 546, in <module>
    print(end-start)
NameError: name 'end' is not defined
##### End of output of failed program #####
##### vdhankar plays [E b2 c1] in 9.57326698303223s #####
##### Running: /usr/lib/jvm/jdk-14.0.1/bin/java -jar /lab/itti/projects/checkers-competition/server/referee.jar on run_18_ssingh41_vdhankar #####
Move is valid
##### SUCCESS: /usr/lib/jvm/jdk-14.0.1/bin/java -jar /lab/itti/projects/checkers-competition/server/referee.jar on run_18_ssingh41_vdhankar #####
INPUT for ssingh41:
GAME
WHITE
264.07
...b.b..
........
.w......
......b.
.w.....b
w.....b.
........
..B...B.
##### Running: /usr/bin/time -o time_18_ssingh41_vdhankar.txt -f "%U" python3 homework.py > stulog.txt 2>&1 on ssingh41 #####
##### SUCCESS: /usr/bin/time -o time_18_ssingh41_vdhankar.txt -f "%U" python3 homework.py > stulog.txt 2>&1 on ssingh41 #####
##### ssingh41 plays [E b6 a7] in 0.45s #####
##### Running: /usr/lib/jvm/jdk-14.0.1/bin/java -jar /lab/itti/projects/checkers-competition/server/referee.jar on run_18_ssingh41_vdhankar #####
Move is valid
##### SUCCESS: /usr/lib/jvm/jdk-14.0.1/bin/java -jar /lab/itti/projects/checkers-competition/server/referee.jar on run_18_ssingh41_vdhankar #####
INPUT for vdhankar:
GAME
BLACK
72.8698210716248
...b.b..
w.......
........
......b.
.w.....b
w.....b.
........
..B...B.
##### Running: /usr/bin/time -o time_18_ssingh41_vdhankar.txt -f "%U" python3 homework.py > stulog.txt 2>&1 on vdhankar #####
child exited with value 1
##### ERROR: /usr/bin/time -o time_18_ssingh41_vdhankar.txt -f "%U" python3 homework.py > stulog.txt 2>&1 on vdhankar #####
##### Output of failed program (stdout + stderr): #####
Traceback (most recent call last):
  File "homework.py", line 546, in <module>
    print(end-start)
NameError: name 'end' is not defined
##### End of output of failed program #####
##### vdhankar plays [E g1 h2] in 6.36760091781616s #####
##### Running: /usr/lib/jvm/jdk-14.0.1/bin/java -jar /lab/itti/projects/checkers-competition/server/referee.jar on run_18_ssingh41_vdhankar #####
Move is valid
##### SUCCESS: /usr/lib/jvm/jdk-14.0.1/bin/java -jar /lab/itti/projects/checkers-competition/server/referee.jar on run_18_ssingh41_vdhankar #####
INPUT for ssingh41:
GAME
WHITE
263.62
...b.b..
w.......
........
......b.
.w.....b
w.....b.
.......B
..B.....
##### Running: /usr/bin/time -o time_18_ssingh41_vdhankar.txt -f "%U" python3 homework.py > stulog.txt 2>&1 on ssingh41 #####
##### SUCCESS: /usr/bin/time -o time_18_ssingh41_vdhankar.txt -f "%U" python3 homework.py > stulog.txt 2>&1 on ssingh41 #####
##### ssingh41 plays [E a7 b8] in 0.3s #####
##### Running: /usr/lib/jvm/jdk-14.0.1/bin/java -jar /lab/itti/projects/checkers-competition/server/referee.jar on run_18_ssingh41_vdhankar #####
Move is valid
##### SUCCESS: /usr/lib/jvm/jdk-14.0.1/bin/java -jar /lab/itti/projects/checkers-competition/server/referee.jar on run_18_ssingh41_vdhankar #####
INPUT for vdhankar:
GAME
BLACK
66.5022201538086
.W.b.b..
........
........
......b.
.w.....b
w.....b.
.......B
..B.....
##### Running: /usr/bin/time -o time_18_ssingh41_vdhankar.txt -f "%U" python3 homework.py > stulog.txt 2>&1 on vdhankar #####
child exited with value 1
##### ERROR: /usr/bin/time -o time_18_ssingh41_vdhankar.txt -f "%U" python3 homework.py > stulog.txt 2>&1 on vdhankar #####
##### Output of failed program (stdout + stderr): #####
Traceback (most recent call last):
  File "homework.py", line 546, in <module>
    print(end-start)
NameError: name 'end' is not defined
##### End of output of failed program #####
##### vdhankar plays [E c1 d2] in 13.1752889156342s #####
##### Running: /usr/lib/jvm/jdk-14.0.1/bin/java -jar /lab/itti/projects/checkers-competition/server/referee.jar on run_18_ssingh41_vdhankar #####
Move is valid
##### SUCCESS: /usr/lib/jvm/jdk-14.0.1/bin/java -jar /lab/itti/projects/checkers-competition/server/referee.jar on run_18_ssingh41_vdhankar #####
INPUT for ssingh41:
GAME
WHITE
263.32
.W.b.b..
........
........
......b.
.w.....b
w.....b.
...B...B
........
##### Running: /usr/bin/time -o time_18_ssingh41_vdhankar.txt -f "%U" python3 homework.py > stulog.txt 2>&1 on ssingh41 #####
##### SUCCESS: /usr/bin/time -o time_18_ssingh41_vdhankar.txt -f "%U" python3 homework.py > stulog.txt 2>&1 on ssingh41 #####
##### ssingh41 plays [E b8 c7] in 0.24s #####
##### Running: /usr/lib/jvm/jdk-14.0.1/bin/java -jar /lab/itti/projects/checkers-competition/server/referee.jar on run_18_ssingh41_vdhankar #####
Move is valid
##### SUCCESS: /usr/lib/jvm/jdk-14.0.1/bin/java -jar /lab/itti/projects/checkers-competition/server/referee.jar on run_18_ssingh41_vdhankar #####
INPUT for vdhankar:
GAME
BLACK
53.3269312381744
...b.b..
..W.....
........
......b.
.w.....b
w.....b.
...B...B
........
##### Running: /usr/bin/time -o time_18_ssingh41_vdhankar.txt -f "%U" python3 homework.py > stulog.txt 2>&1 on vdhankar #####
child exited with value 1
##### ERROR: /usr/bin/time -o time_18_ssingh41_vdhankar.txt -f "%U" python3 homework.py > stulog.txt 2>&1 on vdhankar #####
##### Output of failed program (stdout + stderr): #####
Traceback (most recent call last):
  File "homework.py", line 546, in <module>
    print(end-start)
NameError: name 'end' is not defined
##### End of output of failed program #####
##### vdhankar plays [J d8 b6] in 0.577976942062378s #####
##### Running: /usr/lib/jvm/jdk-14.0.1/bin/java -jar /lab/itti/projects/checkers-competition/server/referee.jar on run_18_ssingh41_vdhankar #####
Move is valid
##### SUCCESS: /usr/lib/jvm/jdk-14.0.1/bin/java -jar /lab/itti/projects/checkers-competition/server/referee.jar on run_18_ssingh41_vdhankar #####
INPUT for ssingh41:
GAME
WHITE
263.08
.....b..
........
.b......
......b.
.w.....b
w.....b.
...B...B
........
##### Running: /usr/bin/time -o time_18_ssingh41_vdhankar.txt -f "%U" python3 homework.py > stulog.txt 2>&1 on ssingh41 #####
##### SUCCESS: /usr/bin/time -o time_18_ssingh41_vdhankar.txt -f "%U" python3 homework.py > stulog.txt 2>&1 on ssingh41 #####
##### ssingh41 plays [E b4 c5] in 0.1s #####
##### Running: /usr/lib/jvm/jdk-14.0.1/bin/java -jar /lab/itti/projects/checkers-competition/server/referee.jar on run_18_ssingh41_vdhankar #####
Move is valid
##### SUCCESS: /usr/lib/jvm/jdk-14.0.1/bin/java -jar /lab/itti/projects/checkers-competition/server/referee.jar on run_18_ssingh41_vdhankar #####
INPUT for vdhankar:
GAME
BLACK
52.7489542961121
.....b..
........
.b......
..w...b.
.......b
w.....b.
...B...B
........
##### Running: /usr/bin/time -o time_18_ssingh41_vdhankar.txt -f "%U" python3 homework.py > stulog.txt 2>&1 on vdhankar #####
child exited with value 1
##### ERROR: /usr/bin/time -o time_18_ssingh41_vdhankar.txt -f "%U" python3 homework.py > stulog.txt 2>&1 on vdhankar #####
##### Output of failed program (stdout + stderr): #####
Traceback (most recent call last):
  File "homework.py", line 546, in <module>
    print(end-start)
NameError: name 'end' is not defined
##### End of output of failed program #####
##### vdhankar plays [J b6 d4] in 0.682533025741577s #####
##### Running: /usr/lib/jvm/jdk-14.0.1/bin/java -jar /lab/itti/projects/checkers-competition/server/referee.jar on run_18_ssingh41_vdhankar #####
Move is valid
##### SUCCESS: /usr/lib/jvm/jdk-14.0.1/bin/java -jar /lab/itti/projects/checkers-competition/server/referee.jar on run_18_ssingh41_vdhankar #####
INPUT for ssingh41:
GAME
WHITE
262.98
.....b..
........
........
......b.
...b...b
w.....b.
...B...B
........
##### Running: /usr/bin/time -o time_18_ssingh41_vdhankar.txt -f "%U" python3 homework.py > stulog.txt 2>&1 on ssingh41 #####
##### SUCCESS: /usr/bin/time -o time_18_ssingh41_vdhankar.txt -f "%U" python3 homework.py > stulog.txt 2>&1 on ssingh41 #####
##### ssingh41 plays [E a3 b4] in 0.12s #####
##### Running: /usr/lib/jvm/jdk-14.0.1/bin/java -jar /lab/itti/projects/checkers-competition/server/referee.jar on run_18_ssingh41_vdhankar #####
Move is valid
##### SUCCESS: /usr/lib/jvm/jdk-14.0.1/bin/java -jar /lab/itti/projects/checkers-competition/server/referee.jar on run_18_ssingh41_vdhankar #####
INPUT for vdhankar:
GAME
BLACK
52.0664212703705
.....b..
........
........
......b.
.w.b...b
......b.
...B...B
........
##### Running: /usr/bin/time -o time_18_ssingh41_vdhankar.txt -f "%U" python3 homework.py > stulog.txt 2>&1 on vdhankar #####
child exited with value 1
##### ERROR: /usr/bin/time -o time_18_ssingh41_vdhankar.txt -f "%U" python3 homework.py > stulog.txt 2>&1 on vdhankar #####
##### Output of failed program (stdout + stderr): #####
Traceback (most recent call last):
  File "homework.py", line 546, in <module>
    print(end-start)
NameError: name 'end' is not defined
##### End of output of failed program #####
##### vdhankar plays [E d2 e3] in 4.50943899154663s #####
##### Running: /usr/lib/jvm/jdk-14.0.1/bin/java -jar /lab/itti/projects/checkers-competition/server/referee.jar on run_18_ssingh41_vdhankar #####
Move is valid
##### SUCCESS: /usr/lib/jvm/jdk-14.0.1/bin/java -jar /lab/itti/projects/checkers-competition/server/referee.jar on run_18_ssingh41_vdhankar #####
INPUT for ssingh41:
GAME
WHITE
262.86
.....b..
........
........
......b.
.w.b...b
....B.b.
.......B
........
##### Running: /usr/bin/time -o time_18_ssingh41_vdhankar.txt -f "%U" python3 homework.py > stulog.txt 2>&1 on ssingh41 #####
##### SUCCESS: /usr/bin/time -o time_18_ssingh41_vdhankar.txt -f "%U" python3 homework.py > stulog.txt 2>&1 on ssingh41 #####
##### ssingh41 plays [E b4 c5] in 0.11s #####
##### Running: /usr/lib/jvm/jdk-14.0.1/bin/java -jar /lab/itti/projects/checkers-competition/server/referee.jar on run_18_ssingh41_vdhankar #####
Move is valid
##### SUCCESS: /usr/lib/jvm/jdk-14.0.1/bin/java -jar /lab/itti/projects/checkers-competition/server/referee.jar on run_18_ssingh41_vdhankar #####
INPUT for vdhankar:
GAME
BLACK
47.5569822788239
.....b..
........
........
..w...b.
...b...b
....B.b.
.......B
........
##### Running: /usr/bin/time -o time_18_ssingh41_vdhankar.txt -f "%U" python3 homework.py > stulog.txt 2>&1 on vdhankar #####
child exited with value 1
##### ERROR: /usr/bin/time -o time_18_ssingh41_vdhankar.txt -f "%U" python3 homework.py > stulog.txt 2>&1 on vdhankar #####
##### Output of failed program (stdout + stderr): #####
Traceback (most recent call last):
  File "homework.py", line 546, in <module>
    print(end-start)
NameError: name 'end' is not defined
##### End of output of failed program #####
##### vdhankar plays [E g3 f2] in 1.76887202262878s #####
##### Running: /usr/lib/jvm/jdk-14.0.1/bin/java -jar /lab/itti/projects/checkers-competition/server/referee.jar on run_18_ssingh41_vdhankar #####
Move is valid
##### SUCCESS: /usr/lib/jvm/jdk-14.0.1/bin/java -jar /lab/itti/projects/checkers-competition/server/referee.jar on run_18_ssingh41_vdhankar #####
INPUT for ssingh41:
GAME
WHITE
262.75
.....b..
........
........
..w...b.
...b...b
....B...
.....b.B
........
##### Running: /usr/bin/time -o time_18_ssingh41_vdhankar.txt -f "%U" python3 homework.py > stulog.txt 2>&1 on ssingh41 #####
##### SUCCESS: /usr/bin/time -o time_18_ssingh41_vdhankar.txt -f "%U" python3 homework.py > stulog.txt 2>&1 on ssingh41 #####
##### ssingh41 plays [E c5 d6] in 0.18s #####
##### Running: /usr/lib/jvm/jdk-14.0.1/bin/java -jar /lab/itti/projects/checkers-competition/server/referee.jar on run_18_ssingh41_vdhankar #####
Move is valid
##### SUCCESS: /usr/lib/jvm/jdk-14.0.1/bin/java -jar /lab/itti/projects/checkers-competition/server/referee.jar on run_18_ssingh41_vdhankar #####
INPUT for vdhankar:
GAME
BLACK
45.7881102561951
.....b..
........
...w....
......b.
...b...b
....B...
.....b.B
........
##### Running: /usr/bin/time -o time_18_ssingh41_vdhankar.txt -f "%U" python3 homework.py > stulog.txt 2>&1 on vdhankar #####
child exited with value 1
##### ERROR: /usr/bin/time -o time_18_ssingh41_vdhankar.txt -f "%U" python3 homework.py > stulog.txt 2>&1 on vdhankar #####
##### Output of failed program (stdout + stderr): #####
Traceback (most recent call last):
  File "homework.py", line 546, in <module>
    print(end-start)
NameError: name 'end' is not defined
##### End of output of failed program #####
##### vdhankar plays [E f2 g1] in 2.45901608467102s #####
##### Running: /usr/lib/jvm/jdk-14.0.1/bin/java -jar /lab/itti/projects/checkers-competition/server/referee.jar on run_18_ssingh41_vdhankar #####
Move is valid
##### SUCCESS: /usr/lib/jvm/jdk-14.0.1/bin/java -jar /lab/itti/projects/checkers-competition/server/referee.jar on run_18_ssingh41_vdhankar #####
INPUT for ssingh41:
GAME
WHITE
262.57
.....b..
........
...w....
......b.
...b...b
....B...
.......B
......B.
##### Running: /usr/bin/time -o time_18_ssingh41_vdhankar.txt -f "%U" python3 homework.py > stulog.txt 2>&1 on ssingh41 #####
##### SUCCESS: /usr/bin/time -o time_18_ssingh41_vdhankar.txt -f "%U" python3 homework.py > stulog.txt 2>&1 on ssingh41 #####
##### ssingh41 plays [E d6 e7] in 0.11s #####
##### Running: /usr/lib/jvm/jdk-14.0.1/bin/java -jar /lab/itti/projects/checkers-competition/server/referee.jar on run_18_ssingh41_vdhankar #####
Move is valid
##### SUCCESS: /usr/lib/jvm/jdk-14.0.1/bin/java -jar /lab/itti/projects/checkers-competition/server/referee.jar on run_18_ssingh41_vdhankar #####
INPUT for vdhankar:
GAME
BLACK
43.329094171524
.....b..
....w...
........
......b.
...b...b
....B...
.......B
......B.
##### Running: /usr/bin/time -o time_18_ssingh41_vdhankar.txt -f "%U" python3 homework.py > stulog.txt 2>&1 on vdhankar #####
child exited with value 1
##### ERROR: /usr/bin/time -o time_18_ssingh41_vdhankar.txt -f "%U" python3 homework.py > stulog.txt 2>&1 on vdhankar #####
##### Output of failed program (stdout + stderr): #####
Traceback (most recent call last):
  File "homework.py", line 546, in <module>
    print(end-start)
NameError: name 'end' is not defined
##### End of output of failed program #####
##### vdhankar plays [J f8 d6] in 0.196568012237549s #####
##### Running: /usr/lib/jvm/jdk-14.0.1/bin/java -jar /lab/itti/projects/checkers-competition/server/referee.jar on run_18_ssingh41_vdhankar #####
Move is valid
After this move, player WHITE cannot make any moves
*** Winner: BLACK ***
##### SUCCESS: /usr/lib/jvm/jdk-14.0.1/bin/java -jar /lab/itti/projects/checkers-competition/server/referee.jar on run_18_ssingh41_vdhankar #####
##### GAME OVER: vdhankar wins the game! #####
Server said: WIN
########## ROUND 18 GAMESCORE AFTER GAME 3: ssingh41=0 and vdhankar=3 ##########
#################### ROUND 18: ssingh41 (B) vs vdhankar (W): game 4 ####################
##### game start! #####
INPUT for ssingh41:
GAME
BLACK
300
.b.b.b.b
b.b.b.b.
.b.b.b.b
........
........
w.w.w.w.
.w.w.w.w
w.w.w.w.
##### Running: /usr/bin/time -o time_18_ssingh41_vdhankar.txt -f "%U" python3 homework.py > stulog.txt 2>&1 on ssingh41 #####
##### SUCCESS: /usr/bin/time -o time_18_ssingh41_vdhankar.txt -f "%U" python3 homework.py > stulog.txt 2>&1 on ssingh41 #####
##### ssingh41 plays [E h6 g5] in 1.8s #####
##### Running: /usr/lib/jvm/jdk-14.0.1/bin/java -jar /lab/itti/projects/checkers-competition/server/referee.jar on run_18_ssingh41_vdhankar #####
Move is valid
Couldn't read file 'current_ply.txt'
Couldn't read content from file 'current_ply.txt'
Couldn't read file 'lastmatchange_ply.txt'
Couldn't read content from file 'lastmatchange_ply.txt'
##### SUCCESS: /usr/lib/jvm/jdk-14.0.1/bin/java -jar /lab/itti/projects/checkers-competition/server/referee.jar on run_18_ssingh41_vdhankar #####
INPUT for vdhankar:
GAME
WHITE
300
.b.b.b.b
b.b.b.b.
.b.b.b..
......b.
........
w.w.w.w.
.w.w.w.w
w.w.w.w.
##### Running: /usr/bin/time -o time_18_ssingh41_vdhankar.txt -f "%U" python3 homework.py > stulog.txt 2>&1 on vdhankar #####
child exited with value 1
##### ERROR: /usr/bin/time -o time_18_ssingh41_vdhankar.txt -f "%U" python3 homework.py > stulog.txt 2>&1 on vdhankar #####
##### Output of failed program (stdout + stderr): #####
Traceback (most recent call last):
  File "homework.py", line 546, in <module>
    print(end-start)
NameError: name 'end' is not defined
##### End of output of failed program #####
##### vdhankar plays [E g3 h4] in 8.62245893478394s #####
##### Running: /usr/lib/jvm/jdk-14.0.1/bin/java -jar /lab/itti/projects/checkers-competition/server/referee.jar on run_18_ssingh41_vdhankar #####
Move is valid
##### SUCCESS: /usr/lib/jvm/jdk-14.0.1/bin/java -jar /lab/itti/projects/checkers-competition/server/referee.jar on run_18_ssingh41_vdhankar #####
INPUT for ssingh41:
GAME
BLACK
298.2
.b.b.b.b
b.b.b.b.
.b.b.b..
......b.
.......w
w.w.w...
.w.w.w.w
w.w.w.w.
##### Running: /usr/bin/time -o time_18_ssingh41_vdhankar.txt -f "%U" python3 homework.py > stulog.txt 2>&1 on ssingh41 #####
##### SUCCESS: /usr/bin/time -o time_18_ssingh41_vdhankar.txt -f "%U" python3 homework.py > stulog.txt 2>&1 on ssingh41 #####
##### ssingh41 plays [E f6 e5] in 2.44s #####
##### Running: /usr/lib/jvm/jdk-14.0.1/bin/java -jar /lab/itti/projects/checkers-competition/server/referee.jar on run_18_ssingh41_vdhankar #####
Move is valid
##### SUCCESS: /usr/lib/jvm/jdk-14.0.1/bin/java -jar /lab/itti/projects/checkers-competition/server/referee.jar on run_18_ssingh41_vdhankar #####
INPUT for vdhankar:
GAME
WHITE
291.377541065216
.b.b.b.b
b.b.b.b.
.b.b....
....b.b.
.......w
w.w.w...
.w.w.w.w
w.w.w.w.
##### Running: /usr/bin/time -o time_18_ssingh41_vdhankar.txt -f "%U" python3 homework.py > stulog.txt 2>&1 on vdhankar #####
child exited with value 1
##### ERROR: /usr/bin/time -o time_18_ssingh41_vdhankar.txt -f "%U" python3 homework.py > stulog.txt 2>&1 on vdhankar #####
##### Output of failed program (stdout + stderr): #####
Traceback (most recent call last):
  File "homework.py", line 546, in <module>
    print(end-start)
NameError: name 'end' is not defined
##### End of output of failed program #####
##### vdhankar plays [J h4 f6] in 1.371994972229s #####
##### Running: /usr/lib/jvm/jdk-14.0.1/bin/java -jar /lab/itti/projects/checkers-competition/server/referee.jar on run_18_ssingh41_vdhankar #####
Move is valid
##### SUCCESS: /usr/lib/jvm/jdk-14.0.1/bin/java -jar /lab/itti/projects/checkers-competition/server/referee.jar on run_18_ssingh41_vdhankar #####
INPUT for ssingh41:
GAME
BLACK
295.76
.b.b.b.b
b.b.b.b.
.b.b.w..
....b...
........
w.w.w...
.w.w.w.w
w.w.w.w.
##### Running: /usr/bin/time -o time_18_ssingh41_vdhankar.txt -f "%U" python3 homework.py > stulog.txt 2>&1 on ssingh41 #####
##### SUCCESS: /usr/bin/time -o time_18_ssingh41_vdhankar.txt -f "%U" python3 homework.py > stulog.txt 2>&1 on ssingh41 #####
##### ssingh41 plays [J e7 g5] in 0.65s #####
##### Running: /usr/lib/jvm/jdk-14.0.1/bin/java -jar /lab/itti/projects/checkers-competition/server/referee.jar on run_18_ssingh41_vdhankar #####
Move is valid
##### SUCCESS: /usr/lib/jvm/jdk-14.0.1/bin/java -jar /lab/itti/projects/checkers-competition/server/referee.jar on run_18_ssingh41_vdhankar #####
INPUT for vdhankar:
GAME
WHITE
290.005546092987
.b.b.b.b
b.b...b.
.b.b....
....b.b.
........
w.w.w...
.w.w.w.w
w.w.w.w.
##### Running: /usr/bin/time -o time_18_ssingh41_vdhankar.txt -f "%U" python3 homework.py > stulog.txt 2>&1 on vdhankar #####
child exited with value 1
##### ERROR: /usr/bin/time -o time_18_ssingh41_vdhankar.txt -f "%U" python3 homework.py > stulog.txt 2>&1 on vdhankar #####
##### Output of failed program (stdout + stderr): #####
Traceback (most recent call last):
  File "homework.py", line 546, in <module>
    print(end-start)
NameError: name 'end' is not defined
##### End of output of failed program #####
##### vdhankar plays [E f2 g3] in 11.9840130805969s #####
##### Running: /usr/lib/jvm/jdk-14.0.1/bin/java -jar /lab/itti/projects/checkers-competition/server/referee.jar on run_18_ssingh41_vdhankar #####
Move is valid
##### SUCCESS: /usr/lib/jvm/jdk-14.0.1/bin/java -jar /lab/itti/projects/checkers-competition/server/referee.jar on run_18_ssingh41_vdhankar #####
INPUT for ssingh41:
GAME
BLACK
295.11
.b.b.b.b
b.b...b.
.b.b....
....b.b.
........
w.w.w.w.
.w.w...w
w.w.w.w.
##### Running: /usr/bin/time -o time_18_ssingh41_vdhankar.txt -f "%U" python3 homework.py > stulog.txt 2>&1 on ssingh41 #####
##### SUCCESS: /usr/bin/time -o time_18_ssingh41_vdhankar.txt -f "%U" python3 homework.py > stulog.txt 2>&1 on ssingh41 #####
##### ssingh41 plays [E g5 f4] in 3.52s #####
##### Running: /usr/lib/jvm/jdk-14.0.1/bin/java -jar /lab/itti/projects/checkers-competition/server/referee.jar on run_18_ssingh41_vdhankar #####
Move is valid
##### SUCCESS: /usr/lib/jvm/jdk-14.0.1/bin/java -jar /lab/itti/projects/checkers-competition/server/referee.jar on run_18_ssingh41_vdhankar #####
INPUT for vdhankar:
GAME
WHITE
278.02153301239
.b.b.b.b
b.b...b.
.b.b....
....b...
.....b..
w.w.w.w.
.w.w...w
w.w.w.w.
##### Running: /usr/bin/time -o time_18_ssingh41_vdhankar.txt -f "%U" python3 homework.py > stulog.txt 2>&1 on vdhankar #####
child exited with value 1
##### ERROR: /usr/bin/time -o time_18_ssingh41_vdhankar.txt -f "%U" python3 homework.py > stulog.txt 2>&1 on vdhankar #####
##### Output of failed program (stdout + stderr): #####
Traceback (most recent call last):
  File "homework.py", line 546, in <module>
    print(end-start)
NameError: name 'end' is not defined
##### End of output of failed program #####
##### vdhankar plays [J e3 g5] in 4.3753650188446s #####
##### Running: /usr/lib/jvm/jdk-14.0.1/bin/java -jar /lab/itti/projects/checkers-competition/server/referee.jar on run_18_ssingh41_vdhankar #####
Move is valid
##### SUCCESS: /usr/lib/jvm/jdk-14.0.1/bin/java -jar /lab/itti/projects/checkers-competition/server/referee.jar on run_18_ssingh41_vdhankar #####
INPUT for ssingh41:
GAME
BLACK
291.59
.b.b.b.b
b.b...b.
.b.b....
....b.w.
........
w.w...w.
.w.w...w
w.w.w.w.
##### Running: /usr/bin/time -o time_18_ssingh41_vdhankar.txt -f "%U" python3 homework.py > stulog.txt 2>&1 on ssingh41 #####
##### SUCCESS: /usr/bin/time -o time_18_ssingh41_vdhankar.txt -f "%U" python3 homework.py > stulog.txt 2>&1 on ssingh41 #####
##### ssingh41 plays [E d6 c5] in 1.25s #####
##### Running: /usr/lib/jvm/jdk-14.0.1/bin/java -jar /lab/itti/projects/checkers-competition/server/referee.jar on run_18_ssingh41_vdhankar #####
Move is valid
##### SUCCESS: /usr/lib/jvm/jdk-14.0.1/bin/java -jar /lab/itti/projects/checkers-competition/server/referee.jar on run_18_ssingh41_vdhankar #####
INPUT for vdhankar:
GAME
WHITE
273.646167993546
.b.b.b.b
b.b...b.
.b......
..b.b.w.
........
w.w...w.
.w.w...w
w.w.w.w.
##### Running: /usr/bin/time -o time_18_ssingh41_vdhankar.txt -f "%U" python3 homework.py > stulog.txt 2>&1 on vdhankar #####
child exited with value 1
##### ERROR: /usr/bin/time -o time_18_ssingh41_vdhankar.txt -f "%U" python3 homework.py > stulog.txt 2>&1 on vdhankar #####
##### Output of failed program (stdout + stderr): #####
Traceback (most recent call last):
  File "homework.py", line 546, in <module>
    print(end-start)
NameError: name 'end' is not defined
##### End of output of failed program #####
##### vdhankar plays [E g1 f2] in 8.2700309753418s #####
##### Running: /usr/lib/jvm/jdk-14.0.1/bin/java -jar /lab/itti/projects/checkers-competition/server/referee.jar on run_18_ssingh41_vdhankar #####
Move is valid
##### SUCCESS: /usr/lib/jvm/jdk-14.0.1/bin/java -jar /lab/itti/projects/checkers-competition/server/referee.jar on run_18_ssingh41_vdhankar #####
INPUT for ssingh41:
GAME
BLACK
290.34
.b.b.b.b
b.b...b.
.b......
..b.b.w.
........
w.w...w.
.w.w.w.w
w.w.w...
##### Running: /usr/bin/time -o time_18_ssingh41_vdhankar.txt -f "%U" python3 homework.py > stulog.txt 2>&1 on ssingh41 #####
##### SUCCESS: /usr/bin/time -o time_18_ssingh41_vdhankar.txt -f "%U" python3 homework.py > stulog.txt 2>&1 on ssingh41 #####
##### ssingh41 plays [E c7 d6] in 2.81s #####
##### Running: /usr/lib/jvm/jdk-14.0.1/bin/java -jar /lab/itti/projects/checkers-competition/server/referee.jar on run_18_ssingh41_vdhankar #####
Move is valid
##### SUCCESS: /usr/lib/jvm/jdk-14.0.1/bin/java -jar /lab/itti/projects/checkers-competition/server/referee.jar on run_18_ssingh41_vdhankar #####
INPUT for vdhankar:
GAME
WHITE
265.376137018204
.b.b.b.b
b.....b.
.b.b....
..b.b.w.
........
w.w...w.
.w.w.w.w
w.w.w...
##### Running: /usr/bin/time -o time_18_ssingh41_vdhankar.txt -f "%U" python3 homework.py > stulog.txt 2>&1 on vdhankar #####
child exited with value 1
##### ERROR: /usr/bin/time -o time_18_ssingh41_vdhankar.txt -f "%U" python3 homework.py > stulog.txt 2>&1 on vdhankar #####
##### Output of failed program (stdout + stderr): #####
Traceback (most recent call last):
  File "homework.py", line 546, in <module>
    print(end-start)
NameError: name 'end' is not defined
##### End of output of failed program #####
##### vdhankar plays [E g3 f4] in 15.9880299568176s #####
##### Running: /usr/lib/jvm/jdk-14.0.1/bin/java -jar /lab/itti/projects/checkers-competition/server/referee.jar on run_18_ssingh41_vdhankar #####
Move is valid
##### SUCCESS: /usr/lib/jvm/jdk-14.0.1/bin/java -jar /lab/itti/projects/checkers-competition/server/referee.jar on run_18_ssingh41_vdhankar #####
INPUT for ssingh41:
GAME
BLACK
287.53
.b.b.b.b
b.....b.
.b.b....
..b.b.w.
.....w..
w.w.....
.w.w.w.w
w.w.w...
##### Running: /usr/bin/time -o time_18_ssingh41_vdhankar.txt -f "%U" python3 homework.py > stulog.txt 2>&1 on ssingh41 #####
##### SUCCESS: /usr/bin/time -o time_18_ssingh41_vdhankar.txt -f "%U" python3 homework.py > stulog.txt 2>&1 on ssingh41 #####
##### ssingh41 plays [J e5 g3] in 0.57s #####
##### Running: /usr/lib/jvm/jdk-14.0.1/bin/java -jar /lab/itti/projects/checkers-competition/server/referee.jar on run_18_ssingh41_vdhankar #####
Move is valid
##### SUCCESS: /usr/lib/jvm/jdk-14.0.1/bin/java -jar /lab/itti/projects/checkers-competition/server/referee.jar on run_18_ssingh41_vdhankar #####
INPUT for vdhankar:
GAME
WHITE
249.388107061386
.b.b.b.b
b.....b.
.b.b....
..b...w.
........
w.w...b.
.w.w.w.w
w.w.w...
##### Running: /usr/bin/time -o time_18_ssingh41_vdhankar.txt -f "%U" python3 homework.py > stulog.txt 2>&1 on vdhankar #####
child exited with value 1
##### ERROR: /usr/bin/time -o time_18_ssingh41_vdhankar.txt -f "%U" python3 homework.py > stulog.txt 2>&1 on vdhankar #####
##### Output of failed program (stdout + stderr): #####
Traceback (most recent call last):
  File "homework.py", line 546, in <module>
    print(end-start)
NameError: name 'end' is not defined
##### End of output of failed program #####
##### vdhankar plays [J h2 f4] in 5.94934296607971s #####
##### Running: /usr/lib/jvm/jdk-14.0.1/bin/java -jar /lab/itti/projects/checkers-competition/server/referee.jar on run_18_ssingh41_vdhankar #####
Move is valid
##### SUCCESS: /usr/lib/jvm/jdk-14.0.1/bin/java -jar /lab/itti/projects/checkers-competition/server/referee.jar on run_18_ssingh41_vdhankar #####
INPUT for ssingh41:
GAME
BLACK
286.96
.b.b.b.b
b.....b.
.b.b....
..b...w.
.....w..
w.w.....
.w.w.w..
w.w.w...
##### Running: /usr/bin/time -o time_18_ssingh41_vdhankar.txt -f "%U" python3 homework.py > stulog.txt 2>&1 on ssingh41 #####
##### SUCCESS: /usr/bin/time -o time_18_ssingh41_vdhankar.txt -f "%U" python3 homework.py > stulog.txt 2>&1 on ssingh41 #####
##### ssingh41 plays [E d6 e5] in 3.27s #####
##### Running: /usr/lib/jvm/jdk-14.0.1/bin/java -jar /lab/itti/projects/checkers-competition/server/referee.jar on run_18_ssingh41_vdhankar #####
Move is valid
##### SUCCESS: /usr/lib/jvm/jdk-14.0.1/bin/java -jar /lab/itti/projects/checkers-competition/server/referee.jar on run_18_ssingh41_vdhankar #####
INPUT for vdhankar:
GAME
WHITE
243.438764095306
.b.b.b.b
b.....b.
.b......
..b.b.w.
.....w..
w.w.....
.w.w.w..
w.w.w...
##### Running: /usr/bin/time -o time_18_ssingh41_vdhankar.txt -f "%U" python3 homework.py > stulog.txt 2>&1 on vdhankar #####
child exited with value 1
##### ERROR: /usr/bin/time -o time_18_ssingh41_vdhankar.txt -f "%U" python3 homework.py > stulog.txt 2>&1 on vdhankar #####
##### Output of failed program (stdout + stderr): #####
Traceback (most recent call last):
  File "homework.py", line 546, in <module>
    print(end-start)
NameError: name 'end' is not defined
##### End of output of failed program #####
##### vdhankar plays [J f4 d6] in 1.453693151474s #####
##### Running: /usr/lib/jvm/jdk-14.0.1/bin/java -jar /lab/itti/projects/checkers-competition/server/referee.jar on run_18_ssingh41_vdhankar #####
Move is valid
##### SUCCESS: /usr/lib/jvm/jdk-14.0.1/bin/java -jar /lab/itti/projects/checkers-competition/server/referee.jar on run_18_ssingh41_vdhankar #####
INPUT for ssingh41:
GAME
BLACK
283.69
.b.b.b.b
b.....b.
.b.w....
..b...w.
........
w.w.....
.w.w.w..
w.w.w...
##### Running: /usr/bin/time -o time_18_ssingh41_vdhankar.txt -f "%U" python3 homework.py > stulog.txt 2>&1 on ssingh41 #####
##### SUCCESS: /usr/bin/time -o time_18_ssingh41_vdhankar.txt -f "%U" python3 homework.py > stulog.txt 2>&1 on ssingh41 #####
##### ssingh41 plays [E g7 f6] in 1.16s #####
##### Running: /usr/lib/jvm/jdk-14.0.1/bin/java -jar /lab/itti/projects/checkers-competition/server/referee.jar on run_18_ssingh41_vdhankar #####
Move is valid
##### SUCCESS: /usr/lib/jvm/jdk-14.0.1/bin/java -jar /lab/itti/projects/checkers-competition/server/referee.jar on run_18_ssingh41_vdhankar #####
INPUT for vdhankar:
GAME
WHITE
241.985070943832
.b.b.b.b
b.......
.b.w.b..
..b...w.
........
w.w.....
.w.w.w..
w.w.w...
##### Running: /usr/bin/time -o time_18_ssingh41_vdhankar.txt -f "%U" python3 homework.py > stulog.txt 2>&1 on vdhankar #####
child exited with value 1
##### ERROR: /usr/bin/time -o time_18_ssingh41_vdhankar.txt -f "%U" python3 homework.py > stulog.txt 2>&1 on vdhankar #####
##### Output of failed program (stdout + stderr): #####
Traceback (most recent call last):
  File "homework.py", line 546, in <module>
    print(end-start)
NameError: name 'end' is not defined
##### End of output of failed program #####
##### vdhankar plays [J g5 e7] in 1.04679203033447s #####
##### Running: /usr/lib/jvm/jdk-14.0.1/bin/java -jar /lab/itti/projects/checkers-competition/server/referee.jar on run_18_ssingh41_vdhankar #####
Move is valid
##### SUCCESS: /usr/lib/jvm/jdk-14.0.1/bin/java -jar /lab/itti/projects/checkers-competition/server/referee.jar on run_18_ssingh41_vdhankar #####
INPUT for ssingh41:
GAME
BLACK
282.53
.b.b.b.b
b...w...
.b.w....
..b.....
........
w.w.....
.w.w.w..
w.w.w...
##### Running: /usr/bin/time -o time_18_ssingh41_vdhankar.txt -f "%U" python3 homework.py > stulog.txt 2>&1 on ssingh41 #####
##### SUCCESS: /usr/bin/time -o time_18_ssingh41_vdhankar.txt -f "%U" python3 homework.py > stulog.txt 2>&1 on ssingh41 #####
##### ssingh41 plays [J d8 f6] in 0.48s #####
##### Running: /usr/lib/jvm/jdk-14.0.1/bin/java -jar /lab/itti/projects/checkers-competition/server/referee.jar on run_18_ssingh41_vdhankar #####
Move is valid
##### SUCCESS: /usr/lib/jvm/jdk-14.0.1/bin/java -jar /lab/itti/projects/checkers-competition/server/referee.jar on run_18_ssingh41_vdhankar #####
INPUT for vdhankar:
GAME
WHITE
240.938278913498
.b...b.b
b.......
.b.w.b..
..b.....
........
w.w.....
.w.w.w..
w.w.w...
##### Running: /usr/bin/time -o time_18_ssingh41_vdhankar.txt -f "%U" python3 homework.py > stulog.txt 2>&1 on vdhankar #####
child exited with value 1
##### ERROR: /usr/bin/time -o time_18_ssingh41_vdhankar.txt -f "%U" python3 homework.py > stulog.txt 2>&1 on vdhankar #####
##### Output of failed program (stdout + stderr): #####
Traceback (most recent call last):
  File "homework.py", line 546, in <module>
    print(end-start)
NameError: name 'end' is not defined
##### End of output of failed program #####
##### vdhankar plays [E d2 e3] in 10.5036640167236s #####
##### Running: /usr/lib/jvm/jdk-14.0.1/bin/java -jar /lab/itti/projects/checkers-competition/server/referee.jar on run_18_ssingh41_vdhankar #####
Move is valid
##### SUCCESS: /usr/lib/jvm/jdk-14.0.1/bin/java -jar /lab/itti/projects/checkers-competition/server/referee.jar on run_18_ssingh41_vdhankar #####
INPUT for ssingh41:
GAME
BLACK
282.05
.b...b.b
b.......
.b.w.b..
..b.....
........
w.w.w...
.w...w..
w.w.w...
##### Running: /usr/bin/time -o time_18_ssingh41_vdhankar.txt -f "%U" python3 homework.py > stulog.txt 2>&1 on ssingh41 #####
##### SUCCESS: /usr/bin/time -o time_18_ssingh41_vdhankar.txt -f "%U" python3 homework.py > stulog.txt 2>&1 on ssingh41 #####
##### ssingh41 plays [E c5 d4] in 1.62s #####
##### Running: /usr/lib/jvm/jdk-14.0.1/bin/java -jar /lab/itti/projects/checkers-competition/server/referee.jar on run_18_ssingh41_vdhankar #####
Move is valid
##### SUCCESS: /usr/lib/jvm/jdk-14.0.1/bin/java -jar /lab/itti/projects/checkers-competition/server/referee.jar on run_18_ssingh41_vdhankar #####
INPUT for vdhankar:
GAME
WHITE
230.434614896774
.b...b.b
b.......
.b.w.b..
........
...b....
w.w.w...
.w...w..
w.w.w...
##### Running: /usr/bin/time -o time_18_ssingh41_vdhankar.txt -f "%U" python3 homework.py > stulog.txt 2>&1 on vdhankar #####
child exited with value 1
##### ERROR: /usr/bin/time -o time_18_ssingh41_vdhankar.txt -f "%U" python3 homework.py > stulog.txt 2>&1 on vdhankar #####
##### Output of failed program (stdout + stderr): #####
Traceback (most recent call last):
  File "homework.py", line 546, in <module>
    print(end-start)
NameError: name 'end' is not defined
##### End of output of failed program #####
##### vdhankar plays [J e3 c5] in 2.80785298347473s #####
##### Running: /usr/lib/jvm/jdk-14.0.1/bin/java -jar /lab/itti/projects/checkers-competition/server/referee.jar on run_18_ssingh41_vdhankar #####
Move is valid
##### SUCCESS: /usr/lib/jvm/jdk-14.0.1/bin/java -jar /lab/itti/projects/checkers-competition/server/referee.jar on run_18_ssingh41_vdhankar #####
INPUT for ssingh41:
GAME
BLACK
280.43
.b...b.b
b.......
.b.w.b..
..w.....
........
w.w.....
.w...w..
w.w.w...
##### Running: /usr/bin/time -o time_18_ssingh41_vdhankar.txt -f "%U" python3 homework.py > stulog.txt 2>&1 on ssingh41 #####
##### SUCCESS: /usr/bin/time -o time_18_ssingh41_vdhankar.txt -f "%U" python3 homework.py > stulog.txt 2>&1 on ssingh41 #####
##### ssingh41 plays [J b6 d4] in 0.07s #####
##### Running: /usr/lib/jvm/jdk-14.0.1/bin/java -jar /lab/itti/projects/checkers-competition/server/referee.jar on run_18_ssingh41_vdhankar #####
Move is valid
##### SUCCESS: /usr/lib/jvm/jdk-14.0.1/bin/java -jar /lab/itti/projects/checkers-competition/server/referee.jar on run_18_ssingh41_vdhankar #####
INPUT for vdhankar:
GAME
WHITE
227.6267619133
.b...b.b
b.......
...w.b..
........
...b....
w.w.....
.w...w..
w.w.w...
##### Running: /usr/bin/time -o time_18_ssingh41_vdhankar.txt -f "%U" python3 homework.py > stulog.txt 2>&1 on vdhankar #####
child exited with value 1
##### ERROR: /usr/bin/time -o time_18_ssingh41_vdhankar.txt -f "%U" python3 homework.py > stulog.txt 2>&1 on vdhankar #####
##### Output of failed program (stdout + stderr): #####
Traceback (most recent call last):
  File "homework.py", line 546, in <module>
    print(end-start)
NameError: name 'end' is not defined
##### End of output of failed program #####
##### vdhankar plays [J c3 e5 ; J e5 g7] in 2.01792097091675s #####
##### Running: /usr/lib/jvm/jdk-14.0.1/bin/java -jar /lab/itti/projects/checkers-competition/server/referee.jar on run_18_ssingh41_vdhankar #####
Move is valid
##### SUCCESS: /usr/lib/jvm/jdk-14.0.1/bin/java -jar /lab/itti/projects/checkers-competition/server/referee.jar on run_18_ssingh41_vdhankar #####
INPUT for ssingh41:
GAME
BLACK
280.36
.b...b.b
b.....w.
...w....
........
........
w.......
.w...w..
w.w.w...
##### Running: /usr/bin/time -o time_18_ssingh41_vdhankar.txt -f "%U" python3 homework.py > stulog.txt 2>&1 on ssingh41 #####
##### SUCCESS: /usr/bin/time -o time_18_ssingh41_vdhankar.txt -f "%U" python3 homework.py > stulog.txt 2>&1 on ssingh41 #####
##### ssingh41 plays [J h8 f6] in 0.15s #####
##### Running: /usr/lib/jvm/jdk-14.0.1/bin/java -jar /lab/itti/projects/checkers-competition/server/referee.jar on run_18_ssingh41_vdhankar #####
Move is valid
##### SUCCESS: /usr/lib/jvm/jdk-14.0.1/bin/java -jar /lab/itti/projects/checkers-competition/server/referee.jar on run_18_ssingh41_vdhankar #####
INPUT for vdhankar:
GAME
WHITE
225.608840942383
.b...b..
b.......
...w.b..
........
........
w.......
.w...w..
w.w.w...
##### Running: /usr/bin/time -o time_18_ssingh41_vdhankar.txt -f "%U" python3 homework.py > stulog.txt 2>&1 on vdhankar #####
child exited with value 1
##### ERROR: /usr/bin/time -o time_18_ssingh41_vdhankar.txt -f "%U" python3 homework.py > stulog.txt 2>&1 on vdhankar #####
##### Output of failed program (stdout + stderr): #####
Traceback (most recent call last):
  File "homework.py", line 546, in <module>
    print(end-start)
NameError: name 'end' is not defined
##### End of output of failed program #####
##### vdhankar plays [E e1 d2] in 14.6559009552002s #####
##### Running: /usr/lib/jvm/jdk-14.0.1/bin/java -jar /lab/itti/projects/checkers-competition/server/referee.jar on run_18_ssingh41_vdhankar #####
Move is valid
##### SUCCESS: /usr/lib/jvm/jdk-14.0.1/bin/java -jar /lab/itti/projects/checkers-competition/server/referee.jar on run_18_ssingh41_vdhankar #####
INPUT for ssingh41:
GAME
BLACK
280.21
.b...b..
b.......
...w.b..
........
........
w.......
.w.w.w..
w.w.....
##### Running: /usr/bin/time -o time_18_ssingh41_vdhankar.txt -f "%U" python3 homework.py > stulog.txt 2>&1 on ssingh41 #####
##### SUCCESS: /usr/bin/time -o time_18_ssingh41_vdhankar.txt -f "%U" python3 homework.py > stulog.txt 2>&1 on ssingh41 #####
##### ssingh41 plays [E b8 c7] in 0.2s #####
##### Running: /usr/lib/jvm/jdk-14.0.1/bin/java -jar /lab/itti/projects/checkers-competition/server/referee.jar on run_18_ssingh41_vdhankar #####
Move is valid
##### SUCCESS: /usr/lib/jvm/jdk-14.0.1/bin/java -jar /lab/itti/projects/checkers-competition/server/referee.jar on run_18_ssingh41_vdhankar #####
INPUT for vdhankar:
GAME
WHITE
210.952939987183
.....b..
b.b.....
...w.b..
........
........
w.......
.w.w.w..
w.w.....
##### Running: /usr/bin/time -o time_18_ssingh41_vdhankar.txt -f "%U" python3 homework.py > stulog.txt 2>&1 on vdhankar #####
child exited with value 1
##### ERROR: /usr/bin/time -o time_18_ssingh41_vdhankar.txt -f "%U" python3 homework.py > stulog.txt 2>&1 on vdhankar #####
##### Output of failed program (stdout + stderr): #####
Traceback (most recent call last):
  File "homework.py", line 546, in <module>
    print(end-start)
NameError: name 'end' is not defined
##### End of output of failed program #####
##### vdhankar plays [J d6 b8] in 2.11975622177124s #####
##### Running: /usr/lib/jvm/jdk-14.0.1/bin/java -jar /lab/itti/projects/checkers-competition/server/referee.jar on run_18_ssingh41_vdhankar #####
Move is valid
##### SUCCESS: /usr/lib/jvm/jdk-14.0.1/bin/java -jar /lab/itti/projects/checkers-competition/server/referee.jar on run_18_ssingh41_vdhankar #####
INPUT for ssingh41:
GAME
BLACK
280.01
.W...b..
b.......
.....b..
........
........
w.......
.w.w.w..
w.w.....
##### Running: /usr/bin/time -o time_18_ssingh41_vdhankar.txt -f "%U" python3 homework.py > stulog.txt 2>&1 on ssingh41 #####
##### SUCCESS: /usr/bin/time -o time_18_ssingh41_vdhankar.txt -f "%U" python3 homework.py > stulog.txt 2>&1 on ssingh41 #####
##### ssingh41 plays [E f6 g5] in 0.27s #####
##### Running: /usr/lib/jvm/jdk-14.0.1/bin/java -jar /lab/itti/projects/checkers-competition/server/referee.jar on run_18_ssingh41_vdhankar #####
Move is valid
##### SUCCESS: /usr/lib/jvm/jdk-14.0.1/bin/java -jar /lab/itti/projects/checkers-competition/server/referee.jar on run_18_ssingh41_vdhankar #####
INPUT for vdhankar:
GAME
WHITE
208.833183765411
.W...b..
b.......
........
......b.
........
w.......
.w.w.w..
w.w.....
##### Running: /usr/bin/time -o time_18_ssingh41_vdhankar.txt -f "%U" python3 homework.py > stulog.txt 2>&1 on vdhankar #####
child exited with value 1
##### ERROR: /usr/bin/time -o time_18_ssingh41_vdhankar.txt -f "%U" python3 homework.py > stulog.txt 2>&1 on vdhankar #####
##### Output of failed program (stdout + stderr): #####
Traceback (most recent call last):
  File "homework.py", line 546, in <module>
    print(end-start)
NameError: name 'end' is not defined
##### End of output of failed program #####
##### vdhankar plays [E f2 g3] in 6.77547717094421s #####
##### Running: /usr/lib/jvm/jdk-14.0.1/bin/java -jar /lab/itti/projects/checkers-competition/server/referee.jar on run_18_ssingh41_vdhankar #####
Move is valid
##### SUCCESS: /usr/lib/jvm/jdk-14.0.1/bin/java -jar /lab/itti/projects/checkers-competition/server/referee.jar on run_18_ssingh41_vdhankar #####
INPUT for ssingh41:
GAME
BLACK
279.74
.W...b..
b.......
........
......b.
........
w.....w.
.w.w....
w.w.....
##### Running: /usr/bin/time -o time_18_ssingh41_vdhankar.txt -f "%U" python3 homework.py > stulog.txt 2>&1 on ssingh41 #####
##### SUCCESS: /usr/bin/time -o time_18_ssingh41_vdhankar.txt -f "%U" python3 homework.py > stulog.txt 2>&1 on ssingh41 #####
##### ssingh41 plays [E g5 f4] in 0.2s #####
##### Running: /usr/lib/jvm/jdk-14.0.1/bin/java -jar /lab/itti/projects/checkers-competition/server/referee.jar on run_18_ssingh41_vdhankar #####
Move is valid
##### SUCCESS: /usr/lib/jvm/jdk-14.0.1/bin/java -jar /lab/itti/projects/checkers-competition/server/referee.jar on run_18_ssingh41_vdhankar #####
INPUT for vdhankar:
GAME
WHITE
202.057706594467
.W...b..
b.......
........
........
.....b..
w.....w.
.w.w....
w.w.....
##### Running: /usr/bin/time -o time_18_ssingh41_vdhankar.txt -f "%U" python3 homework.py > stulog.txt 2>&1 on vdhankar #####
child exited with value 1
##### ERROR: /usr/bin/time -o time_18_ssingh41_vdhankar.txt -f "%U" python3 homework.py > stulog.txt 2>&1 on vdhankar #####
##### Output of failed program (stdout + stderr): #####
Traceback (most recent call last):
  File "homework.py", line 546, in <module>
    print(end-start)
NameError: name 'end' is not defined
##### End of output of failed program #####
##### vdhankar plays [J g3 e5] in 0.542217016220093s #####
##### Running: /usr/lib/jvm/jdk-14.0.1/bin/java -jar /lab/itti/projects/checkers-competition/server/referee.jar on run_18_ssingh41_vdhankar #####
Move is valid
##### SUCCESS: /usr/lib/jvm/jdk-14.0.1/bin/java -jar /lab/itti/projects/checkers-competition/server/referee.jar on run_18_ssingh41_vdhankar #####
INPUT for ssingh41:
GAME
BLACK
279.54
.W...b..
b.......
........
....w...
........
w.......
.w.w....
w.w.....
##### Running: /usr/bin/time -o time_18_ssingh41_vdhankar.txt -f "%U" python3 homework.py > stulog.txt 2>&1 on ssingh41 #####
##### SUCCESS: /usr/bin/time -o time_18_ssingh41_vdhankar.txt -f "%U" python3 homework.py > stulog.txt 2>&1 on ssingh41 #####
##### ssingh41 plays [E f8 g7] in 0.19s #####
##### Running: /usr/lib/jvm/jdk-14.0.1/bin/java -jar /lab/itti/projects/checkers-competition/server/referee.jar on run_18_ssingh41_vdhankar #####
Move is valid
##### SUCCESS: /usr/lib/jvm/jdk-14.0.1/bin/java -jar /lab/itti/projects/checkers-competition/server/referee.jar on run_18_ssingh41_vdhankar #####
INPUT for vdhankar:
GAME
WHITE
201.515489578247
.W......
b.....b.
........
....w...
........
w.......
.w.w....
w.w.....
##### Running: /usr/bin/time -o time_18_ssingh41_vdhankar.txt -f "%U" python3 homework.py > stulog.txt 2>&1 on vdhankar #####
child exited with value 1
##### ERROR: /usr/bin/time -o time_18_ssingh41_vdhankar.txt -f "%U" python3 homework.py > stulog.txt 2>&1 on vdhankar #####
##### Output of failed program (stdout + stderr): #####
Traceback (most recent call last):
  File "homework.py", line 546, in <module>
    print(end-start)
NameError: name 'end' is not defined
##### End of output of failed program #####
##### vdhankar plays [E b8 c7] in 1.55355906486511s #####
##### Running: /usr/lib/jvm/jdk-14.0.1/bin/java -jar /lab/itti/projects/checkers-competition/server/referee.jar on run_18_ssingh41_vdhankar #####
Move is valid
##### SUCCESS: /usr/lib/jvm/jdk-14.0.1/bin/java -jar /lab/itti/projects/checkers-competition/server/referee.jar on run_18_ssingh41_vdhankar #####
INPUT for ssingh41:
GAME
BLACK
279.35
........
b.W...b.
........
....w...
........
w.......
.w.w....
w.w.....
##### Running: /usr/bin/time -o time_18_ssingh41_vdhankar.txt -f "%U" python3 homework.py > stulog.txt 2>&1 on ssingh41 #####
##### SUCCESS: /usr/bin/time -o time_18_ssingh41_vdhankar.txt -f "%U" python3 homework.py > stulog.txt 2>&1 on ssingh41 #####
##### ssingh41 plays [E g7 f6] in 0.06s #####
##### Running: /usr/lib/jvm/jdk-14.0.1/bin/java -jar /lab/itti/projects/checkers-competition/server/referee.jar on run_18_ssingh41_vdhankar #####
Move is valid
##### SUCCESS: /usr/lib/jvm/jdk-14.0.1/bin/java -jar /lab/itti/projects/checkers-competition/server/referee.jar on run_18_ssingh41_vdhankar #####
INPUT for vdhankar:
GAME
WHITE
199.961930513382
........
b.W.....
.....b..
....w...
........
w.......
.w.w....
w.w.....
##### Running: /usr/bin/time -o time_18_ssingh41_vdhankar.txt -f "%U" python3 homework.py > stulog.txt 2>&1 on vdhankar #####
child exited with value 1
##### ERROR: /usr/bin/time -o time_18_ssingh41_vdhankar.txt -f "%U" python3 homework.py > stulog.txt 2>&1 on vdhankar #####
##### Output of failed program (stdout + stderr): #####
Traceback (most recent call last):
  File "homework.py", line 546, in <module>
    print(end-start)
NameError: name 'end' is not defined
##### End of output of failed program #####
##### vdhankar plays [J e5 g7] in 0.201869964599609s #####
##### Running: /usr/lib/jvm/jdk-14.0.1/bin/java -jar /lab/itti/projects/checkers-competition/server/referee.jar on run_18_ssingh41_vdhankar #####
Move is valid
##### SUCCESS: /usr/lib/jvm/jdk-14.0.1/bin/java -jar /lab/itti/projects/checkers-competition/server/referee.jar on run_18_ssingh41_vdhankar #####
INPUT for ssingh41:
GAME
BLACK
279.29
........
b.W...w.
........
........
........
w.......
.w.w....
w.w.....
##### Running: /usr/bin/time -o time_18_ssingh41_vdhankar.txt -f "%U" python3 homework.py > stulog.txt 2>&1 on ssingh41 #####
##### SUCCESS: /usr/bin/time -o time_18_ssingh41_vdhankar.txt -f "%U" python3 homework.py > stulog.txt 2>&1 on ssingh41 #####
##### ssingh41 plays [E a7 b6] in 0.03s #####
##### Running: /usr/lib/jvm/jdk-14.0.1/bin/java -jar /lab/itti/projects/checkers-competition/server/referee.jar on run_18_ssingh41_vdhankar #####
Move is valid
##### SUCCESS: /usr/lib/jvm/jdk-14.0.1/bin/java -jar /lab/itti/projects/checkers-competition/server/referee.jar on run_18_ssingh41_vdhankar #####
INPUT for vdhankar:
GAME
WHITE
199.760060548782
........
..W...w.
.b......
........
........
w.......
.w.w....
w.w.....
##### Running: /usr/bin/time -o time_18_ssingh41_vdhankar.txt -f "%U" python3 homework.py > stulog.txt 2>&1 on vdhankar #####
child exited with value 1
##### ERROR: /usr/bin/time -o time_18_ssingh41_vdhankar.txt -f "%U" python3 homework.py > stulog.txt 2>&1 on vdhankar #####
##### Output of failed program (stdout + stderr): #####
Traceback (most recent call last):
  File "homework.py", line 546, in <module>
    print(end-start)
NameError: name 'end' is not defined
##### End of output of failed program #####
##### vdhankar plays [J c7 a5] in 0.201794147491455s #####
##### Running: /usr/lib/jvm/jdk-14.0.1/bin/java -jar /lab/itti/projects/checkers-competition/server/referee.jar on run_18_ssingh41_vdhankar #####
Move is valid
After this move, player BLACK cannot make any moves
*** Winner: WHITE ***
##### SUCCESS: /usr/lib/jvm/jdk-14.0.1/bin/java -jar /lab/itti/projects/checkers-competition/server/referee.jar on run_18_ssingh41_vdhankar #####
##### GAME OVER: vdhankar wins the game! #####
Server said: WIN
########## ROUND 18 GAMESCORE AFTER GAME 4: ssingh41=0 and vdhankar=4 ##########


########## GRAND WINNER ROUND 18 IS vdhankar BY 4 vs 0 GAMESCORE ##########
