#################### ROUND 13: ghafeleb (W) vs vdhankar (B): game 1 ####################
##### game start! #####
INPUT for vdhankar:
GAME
BLACK
300
.b.b.b.b
b.b.b.b.
.b.b.b.b
........
........
w.w.w.w.
.w.w.w.w
w.w.w.w.
##### Running: /usr/bin/time -o time_13_ghafeleb_vdhankar.txt -f "%U" python3 homework.py > stulog.txt 2>&1 on vdhankar #####
child exited with value 1
##### ERROR: /usr/bin/time -o time_13_ghafeleb_vdhankar.txt -f "%U" python3 homework.py > stulog.txt 2>&1 on vdhankar #####
##### Output of failed program (stdout + stderr): #####
Traceback (most recent call last):
  File "homework.py", line 546, in <module>
    print(end-start)
NameError: name 'end' is not defined
##### End of output of failed program #####
##### vdhankar plays [E h6 g5] in 13.2184550762177s #####
##### Running: /usr/lib/jvm/jdk-14.0.1/bin/java -jar /lab/itti/projects/checkers-competition/server/referee.jar on run_13_ghafeleb_vdhankar #####
Move is valid
Couldn't read file 'current_ply.txt'
Couldn't read content from file 'current_ply.txt'
Couldn't read file 'lastmatchange_ply.txt'
Couldn't read content from file 'lastmatchange_ply.txt'
##### SUCCESS: /usr/lib/jvm/jdk-14.0.1/bin/java -jar /lab/itti/projects/checkers-competition/server/referee.jar on run_13_ghafeleb_vdhankar #####
INPUT for ghafeleb:
GAME
WHITE
300
.b.b.b.b
b.b.b.b.
.b.b.b..
......b.
........
w.w.w.w.
.w.w.w.w
w.w.w.w.
##### Running: /usr/bin/time -o time_13_ghafeleb_vdhankar.txt -f "%U" python3 homework.py > stulog.txt 2>&1 on ghafeleb #####
##### SUCCESS: /usr/bin/time -o time_13_ghafeleb_vdhankar.txt -f "%U" python3 homework.py > stulog.txt 2>&1 on ghafeleb #####
##### ghafeleb plays [E g3 h4] in 1.16s #####
##### Running: /usr/lib/jvm/jdk-14.0.1/bin/java -jar /lab/itti/projects/checkers-competition/server/referee.jar on run_13_ghafeleb_vdhankar #####
Move is valid
##### SUCCESS: /usr/lib/jvm/jdk-14.0.1/bin/java -jar /lab/itti/projects/checkers-competition/server/referee.jar on run_13_ghafeleb_vdhankar #####
INPUT for vdhankar:
GAME
BLACK
286.781544923782
.b.b.b.b
b.b.b.b.
.b.b.b..
......b.
.......w
w.w.w...
.w.w.w.w
w.w.w.w.
##### Running: /usr/bin/time -o time_13_ghafeleb_vdhankar.txt -f "%U" python3 homework.py > stulog.txt 2>&1 on vdhankar #####
child exited with value 1
##### ERROR: /usr/bin/time -o time_13_ghafeleb_vdhankar.txt -f "%U" python3 homework.py > stulog.txt 2>&1 on vdhankar #####
##### Output of failed program (stdout + stderr): #####
Traceback (most recent call last):
  File "homework.py", line 546, in <module>
    print(end-start)
NameError: name 'end' is not defined
##### End of output of failed program #####
##### vdhankar plays [E f6 e5] in 15.2140469551086s #####
##### Running: /usr/lib/jvm/jdk-14.0.1/bin/java -jar /lab/itti/projects/checkers-competition/server/referee.jar on run_13_ghafeleb_vdhankar #####
Move is valid
##### SUCCESS: /usr/lib/jvm/jdk-14.0.1/bin/java -jar /lab/itti/projects/checkers-competition/server/referee.jar on run_13_ghafeleb_vdhankar #####
INPUT for ghafeleb:
GAME
WHITE
298.84
.b.b.b.b
b.b.b.b.
.b.b....
....b.b.
.......w
w.w.w...
.w.w.w.w
w.w.w.w.
##### Running: /usr/bin/time -o time_13_ghafeleb_vdhankar.txt -f "%U" python3 homework.py > stulog.txt 2>&1 on ghafeleb #####
##### SUCCESS: /usr/bin/time -o time_13_ghafeleb_vdhankar.txt -f "%U" python3 homework.py > stulog.txt 2>&1 on ghafeleb #####
##### ghafeleb plays [J h4 f6] in 0.17s #####
##### Running: /usr/lib/jvm/jdk-14.0.1/bin/java -jar /lab/itti/projects/checkers-competition/server/referee.jar on run_13_ghafeleb_vdhankar #####
Move is valid
##### SUCCESS: /usr/lib/jvm/jdk-14.0.1/bin/java -jar /lab/itti/projects/checkers-competition/server/referee.jar on run_13_ghafeleb_vdhankar #####
INPUT for vdhankar:
GAME
BLACK
271.567497968674
.b.b.b.b
b.b.b.b.
.b.b.w..
....b...
........
w.w.w...
.w.w.w.w
w.w.w.w.
##### Running: /usr/bin/time -o time_13_ghafeleb_vdhankar.txt -f "%U" python3 homework.py > stulog.txt 2>&1 on vdhankar #####
child exited with value 1
##### ERROR: /usr/bin/time -o time_13_ghafeleb_vdhankar.txt -f "%U" python3 homework.py > stulog.txt 2>&1 on vdhankar #####
##### Output of failed program (stdout + stderr): #####
Traceback (most recent call last):
  File "homework.py", line 546, in <module>
    print(end-start)
NameError: name 'end' is not defined
##### End of output of failed program #####
##### vdhankar plays [J e7 g5] in 10.2598271369934s #####
##### Running: /usr/lib/jvm/jdk-14.0.1/bin/java -jar /lab/itti/projects/checkers-competition/server/referee.jar on run_13_ghafeleb_vdhankar #####
Move is valid
##### SUCCESS: /usr/lib/jvm/jdk-14.0.1/bin/java -jar /lab/itti/projects/checkers-competition/server/referee.jar on run_13_ghafeleb_vdhankar #####
INPUT for ghafeleb:
GAME
WHITE
298.67
.b.b.b.b
b.b...b.
.b.b....
....b.b.
........
w.w.w...
.w.w.w.w
w.w.w.w.
##### Running: /usr/bin/time -o time_13_ghafeleb_vdhankar.txt -f "%U" python3 homework.py > stulog.txt 2>&1 on ghafeleb #####
##### SUCCESS: /usr/bin/time -o time_13_ghafeleb_vdhankar.txt -f "%U" python3 homework.py > stulog.txt 2>&1 on ghafeleb #####
##### ghafeleb plays [E e3 f4] in 0.68s #####
##### Running: /usr/lib/jvm/jdk-14.0.1/bin/java -jar /lab/itti/projects/checkers-competition/server/referee.jar on run_13_ghafeleb_vdhankar #####
Move is valid
##### SUCCESS: /usr/lib/jvm/jdk-14.0.1/bin/java -jar /lab/itti/projects/checkers-competition/server/referee.jar on run_13_ghafeleb_vdhankar #####
INPUT for vdhankar:
GAME
BLACK
261.30767083168
.b.b.b.b
b.b...b.
.b.b....
....b.b.
.....w..
w.w.....
.w.w.w.w
w.w.w.w.
##### Running: /usr/bin/time -o time_13_ghafeleb_vdhankar.txt -f "%U" python3 homework.py > stulog.txt 2>&1 on vdhankar #####
child exited with value 1
##### ERROR: /usr/bin/time -o time_13_ghafeleb_vdhankar.txt -f "%U" python3 homework.py > stulog.txt 2>&1 on vdhankar #####
##### Output of failed program (stdout + stderr): #####
Traceback (most recent call last):
  File "homework.py", line 546, in <module>
    print(end-start)
NameError: name 'end' is not defined
##### End of output of failed program #####
##### vdhankar plays [J g5 e3] in 4.51740598678589s #####
##### Running: /usr/lib/jvm/jdk-14.0.1/bin/java -jar /lab/itti/projects/checkers-competition/server/referee.jar on run_13_ghafeleb_vdhankar #####
Move is valid
##### SUCCESS: /usr/lib/jvm/jdk-14.0.1/bin/java -jar /lab/itti/projects/checkers-competition/server/referee.jar on run_13_ghafeleb_vdhankar #####
INPUT for ghafeleb:
GAME
WHITE
297.99
.b.b.b.b
b.b...b.
.b.b....
....b...
........
w.w.b...
.w.w.w.w
w.w.w.w.
##### Running: /usr/bin/time -o time_13_ghafeleb_vdhankar.txt -f "%U" python3 homework.py > stulog.txt 2>&1 on ghafeleb #####
##### SUCCESS: /usr/bin/time -o time_13_ghafeleb_vdhankar.txt -f "%U" python3 homework.py > stulog.txt 2>&1 on ghafeleb #####
##### ghafeleb plays [J f2 d4 ; J d4 f6] in 0.21s #####
##### Running: /usr/lib/jvm/jdk-14.0.1/bin/java -jar /lab/itti/projects/checkers-competition/server/referee.jar on run_13_ghafeleb_vdhankar #####
Move is valid
##### SUCCESS: /usr/lib/jvm/jdk-14.0.1/bin/java -jar /lab/itti/projects/checkers-competition/server/referee.jar on run_13_ghafeleb_vdhankar #####
INPUT for vdhankar:
GAME
BLACK
256.790264844894
.b.b.b.b
b.b...b.
.b.b.w..
........
........
w.w.....
.w.w...w
w.w.w.w.
##### Running: /usr/bin/time -o time_13_ghafeleb_vdhankar.txt -f "%U" python3 homework.py > stulog.txt 2>&1 on vdhankar #####
child exited with value 1
##### ERROR: /usr/bin/time -o time_13_ghafeleb_vdhankar.txt -f "%U" python3 homework.py > stulog.txt 2>&1 on vdhankar #####
##### Output of failed program (stdout + stderr): #####
Traceback (most recent call last):
  File "homework.py", line 546, in <module>
    print(end-start)
NameError: name 'end' is not defined
##### End of output of failed program #####
##### vdhankar plays [J g7 e5] in 12.8889639377594s #####
##### Running: /usr/lib/jvm/jdk-14.0.1/bin/java -jar /lab/itti/projects/checkers-competition/server/referee.jar on run_13_ghafeleb_vdhankar #####
Move is valid
##### SUCCESS: /usr/lib/jvm/jdk-14.0.1/bin/java -jar /lab/itti/projects/checkers-competition/server/referee.jar on run_13_ghafeleb_vdhankar #####
INPUT for ghafeleb:
GAME
WHITE
297.78
.b.b.b.b
b.b.....
.b.b....
....b...
........
w.w.....
.w.w...w
w.w.w.w.
##### Running: /usr/bin/time -o time_13_ghafeleb_vdhankar.txt -f "%U" python3 homework.py > stulog.txt 2>&1 on ghafeleb #####
##### SUCCESS: /usr/bin/time -o time_13_ghafeleb_vdhankar.txt -f "%U" python3 homework.py > stulog.txt 2>&1 on ghafeleb #####
##### ghafeleb plays [E c3 d4] in 0.49s #####
##### Running: /usr/lib/jvm/jdk-14.0.1/bin/java -jar /lab/itti/projects/checkers-competition/server/referee.jar on run_13_ghafeleb_vdhankar #####
Move is valid
##### SUCCESS: /usr/lib/jvm/jdk-14.0.1/bin/java -jar /lab/itti/projects/checkers-competition/server/referee.jar on run_13_ghafeleb_vdhankar #####
INPUT for vdhankar:
GAME
BLACK
243.901300907135
.b.b.b.b
b.b.....
.b.b....
....b...
...w....
w.......
.w.w...w
w.w.w.w.
##### Running: /usr/bin/time -o time_13_ghafeleb_vdhankar.txt -f "%U" python3 homework.py > stulog.txt 2>&1 on vdhankar #####
child exited with value 1
##### ERROR: /usr/bin/time -o time_13_ghafeleb_vdhankar.txt -f "%U" python3 homework.py > stulog.txt 2>&1 on vdhankar #####
##### Output of failed program (stdout + stderr): #####
Traceback (most recent call last):
  File "homework.py", line 546, in <module>
    print(end-start)
NameError: name 'end' is not defined
##### End of output of failed program #####
##### vdhankar plays [J e5 c3] in 3.89095687866211s #####
##### Running: /usr/lib/jvm/jdk-14.0.1/bin/java -jar /lab/itti/projects/checkers-competition/server/referee.jar on run_13_ghafeleb_vdhankar #####
Move is valid
##### SUCCESS: /usr/lib/jvm/jdk-14.0.1/bin/java -jar /lab/itti/projects/checkers-competition/server/referee.jar on run_13_ghafeleb_vdhankar #####
INPUT for ghafeleb:
GAME
WHITE
297.29
.b.b.b.b
b.b.....
.b.b....
........
........
w.b.....
.w.w...w
w.w.w.w.
##### Running: /usr/bin/time -o time_13_ghafeleb_vdhankar.txt -f "%U" python3 homework.py > stulog.txt 2>&1 on ghafeleb #####
##### SUCCESS: /usr/bin/time -o time_13_ghafeleb_vdhankar.txt -f "%U" python3 homework.py > stulog.txt 2>&1 on ghafeleb #####
##### ghafeleb plays [J b2 d4] in 0.27s #####
##### Running: /usr/lib/jvm/jdk-14.0.1/bin/java -jar /lab/itti/projects/checkers-competition/server/referee.jar on run_13_ghafeleb_vdhankar #####
Move is valid
##### SUCCESS: /usr/lib/jvm/jdk-14.0.1/bin/java -jar /lab/itti/projects/checkers-competition/server/referee.jar on run_13_ghafeleb_vdhankar #####
INPUT for vdhankar:
GAME
BLACK
240.010344028473
.b.b.b.b
b.b.....
.b.b....
........
...w....
w.......
...w...w
w.w.w.w.
##### Running: /usr/bin/time -o time_13_ghafeleb_vdhankar.txt -f "%U" python3 homework.py > stulog.txt 2>&1 on vdhankar #####
child exited with value 1
##### ERROR: /usr/bin/time -o time_13_ghafeleb_vdhankar.txt -f "%U" python3 homework.py > stulog.txt 2>&1 on vdhankar #####
##### Output of failed program (stdout + stderr): #####
Traceback (most recent call last):
  File "homework.py", line 546, in <module>
    print(end-start)
NameError: name 'end' is not defined
##### End of output of failed program #####
##### vdhankar plays [E d6 c5] in 42.4688050746918s #####
##### Running: /usr/lib/jvm/jdk-14.0.1/bin/java -jar /lab/itti/projects/checkers-competition/server/referee.jar on run_13_ghafeleb_vdhankar #####
Move is valid
##### SUCCESS: /usr/lib/jvm/jdk-14.0.1/bin/java -jar /lab/itti/projects/checkers-competition/server/referee.jar on run_13_ghafeleb_vdhankar #####
INPUT for ghafeleb:
GAME
WHITE
297.02
.b.b.b.b
b.b.....
.b......
..b.....
...w....
w.......
...w...w
w.w.w.w.
##### Running: /usr/bin/time -o time_13_ghafeleb_vdhankar.txt -f "%U" python3 homework.py > stulog.txt 2>&1 on ghafeleb #####
##### SUCCESS: /usr/bin/time -o time_13_ghafeleb_vdhankar.txt -f "%U" python3 homework.py > stulog.txt 2>&1 on ghafeleb #####
##### ghafeleb plays [E h2 g3] in 0.49s #####
##### Running: /usr/lib/jvm/jdk-14.0.1/bin/java -jar /lab/itti/projects/checkers-competition/server/referee.jar on run_13_ghafeleb_vdhankar #####
Move is valid
##### SUCCESS: /usr/lib/jvm/jdk-14.0.1/bin/java -jar /lab/itti/projects/checkers-competition/server/referee.jar on run_13_ghafeleb_vdhankar #####
INPUT for vdhankar:
GAME
BLACK
197.541538953781
.b.b.b.b
b.b.....
.b......
..b.....
...w....
w.....w.
...w....
w.w.w.w.
##### Running: /usr/bin/time -o time_13_ghafeleb_vdhankar.txt -f "%U" python3 homework.py > stulog.txt 2>&1 on vdhankar #####
child exited with value 1
##### ERROR: /usr/bin/time -o time_13_ghafeleb_vdhankar.txt -f "%U" python3 homework.py > stulog.txt 2>&1 on vdhankar #####
##### Output of failed program (stdout + stderr): #####
Traceback (most recent call last):
  File "homework.py", line 546, in <module>
    print(end-start)
NameError: name 'end' is not defined
##### End of output of failed program #####
##### vdhankar plays [J c5 e3] in 4.33383321762085s #####
##### Running: /usr/lib/jvm/jdk-14.0.1/bin/java -jar /lab/itti/projects/checkers-competition/server/referee.jar on run_13_ghafeleb_vdhankar #####
Move is valid
##### SUCCESS: /usr/lib/jvm/jdk-14.0.1/bin/java -jar /lab/itti/projects/checkers-competition/server/referee.jar on run_13_ghafeleb_vdhankar #####
INPUT for ghafeleb:
GAME
WHITE
296.53
.b.b.b.b
b.b.....
.b......
........
........
w...b.w.
...w....
w.w.w.w.
##### Running: /usr/bin/time -o time_13_ghafeleb_vdhankar.txt -f "%U" python3 homework.py > stulog.txt 2>&1 on ghafeleb #####
##### SUCCESS: /usr/bin/time -o time_13_ghafeleb_vdhankar.txt -f "%U" python3 homework.py > stulog.txt 2>&1 on ghafeleb #####
##### ghafeleb plays [J d2 f4] in 0.2s #####
##### Running: /usr/lib/jvm/jdk-14.0.1/bin/java -jar /lab/itti/projects/checkers-competition/server/referee.jar on run_13_ghafeleb_vdhankar #####
Move is valid
##### SUCCESS: /usr/lib/jvm/jdk-14.0.1/bin/java -jar /lab/itti/projects/checkers-competition/server/referee.jar on run_13_ghafeleb_vdhankar #####
INPUT for vdhankar:
GAME
BLACK
193.20770573616
.b.b.b.b
b.b.....
.b......
........
.....w..
w.....w.
........
w.w.w.w.
##### Running: /usr/bin/time -o time_13_ghafeleb_vdhankar.txt -f "%U" python3 homework.py > stulog.txt 2>&1 on vdhankar #####
child exited with value 1
##### ERROR: /usr/bin/time -o time_13_ghafeleb_vdhankar.txt -f "%U" python3 homework.py > stulog.txt 2>&1 on vdhankar #####
##### Output of failed program (stdout + stderr): #####
Traceback (most recent call last):
  File "homework.py", line 546, in <module>
    print(end-start)
NameError: name 'end' is not defined
##### End of output of failed program #####
##### vdhankar plays [E b6 c5] in 58.4995279312134s #####
##### Running: /usr/lib/jvm/jdk-14.0.1/bin/java -jar /lab/itti/projects/checkers-competition/server/referee.jar on run_13_ghafeleb_vdhankar #####
Move is valid
##### SUCCESS: /usr/lib/jvm/jdk-14.0.1/bin/java -jar /lab/itti/projects/checkers-competition/server/referee.jar on run_13_ghafeleb_vdhankar #####
INPUT for ghafeleb:
GAME
WHITE
296.33
.b.b.b.b
b.b.....
........
..b.....
.....w..
w.....w.
........
w.w.w.w.
##### Running: /usr/bin/time -o time_13_ghafeleb_vdhankar.txt -f "%U" python3 homework.py > stulog.txt 2>&1 on ghafeleb #####
##### SUCCESS: /usr/bin/time -o time_13_ghafeleb_vdhankar.txt -f "%U" python3 homework.py > stulog.txt 2>&1 on ghafeleb #####
##### ghafeleb plays [E f4 g5] in 0.61s #####
##### Running: /usr/lib/jvm/jdk-14.0.1/bin/java -jar /lab/itti/projects/checkers-competition/server/referee.jar on run_13_ghafeleb_vdhankar #####
Move is valid
##### SUCCESS: /usr/lib/jvm/jdk-14.0.1/bin/java -jar /lab/itti/projects/checkers-competition/server/referee.jar on run_13_ghafeleb_vdhankar #####
INPUT for vdhankar:
GAME
BLACK
134.708177804947
.b.b.b.b
b.b.....
........
..b...w.
........
w.....w.
........
w.w.w.w.
##### Running: /usr/bin/time -o time_13_ghafeleb_vdhankar.txt -f "%U" python3 homework.py > stulog.txt 2>&1 on vdhankar #####
child exited with value 1
##### ERROR: /usr/bin/time -o time_13_ghafeleb_vdhankar.txt -f "%U" python3 homework.py > stulog.txt 2>&1 on vdhankar #####
##### Output of failed program (stdout + stderr): #####
Traceback (most recent call last):
  File "homework.py", line 546, in <module>
    print(end-start)
NameError: name 'end' is not defined
##### End of output of failed program #####
##### vdhankar plays [E c7 d6] in 69.7979941368103s #####
##### Running: /usr/lib/jvm/jdk-14.0.1/bin/java -jar /lab/itti/projects/checkers-competition/server/referee.jar on run_13_ghafeleb_vdhankar #####
Move is valid
##### SUCCESS: /usr/lib/jvm/jdk-14.0.1/bin/java -jar /lab/itti/projects/checkers-competition/server/referee.jar on run_13_ghafeleb_vdhankar #####
INPUT for ghafeleb:
GAME
WHITE
295.72
.b.b.b.b
b.......
...b....
..b...w.
........
w.....w.
........
w.w.w.w.
##### Running: /usr/bin/time -o time_13_ghafeleb_vdhankar.txt -f "%U" python3 homework.py > stulog.txt 2>&1 on ghafeleb #####
##### SUCCESS: /usr/bin/time -o time_13_ghafeleb_vdhankar.txt -f "%U" python3 homework.py > stulog.txt 2>&1 on ghafeleb #####
##### ghafeleb plays [E g3 f4] in 0.69s #####
##### Running: /usr/lib/jvm/jdk-14.0.1/bin/java -jar /lab/itti/projects/checkers-competition/server/referee.jar on run_13_ghafeleb_vdhankar #####
Move is valid
##### SUCCESS: /usr/lib/jvm/jdk-14.0.1/bin/java -jar /lab/itti/projects/checkers-competition/server/referee.jar on run_13_ghafeleb_vdhankar #####
INPUT for vdhankar:
GAME
BLACK
64.9101836681366
.b.b.b.b
b.......
...b....
..b...w.
.....w..
w.......
........
w.w.w.w.
##### Running: /usr/bin/time -o time_13_ghafeleb_vdhankar.txt -f "%U" python3 homework.py > stulog.txt 2>&1 on vdhankar #####
child exited with value 1
##### ERROR: /usr/bin/time -o time_13_ghafeleb_vdhankar.txt -f "%U" python3 homework.py > stulog.txt 2>&1 on vdhankar #####
##### Output of failed program (stdout + stderr): #####
Traceback (most recent call last):
  File "homework.py", line 546, in <module>
    print(end-start)
NameError: name 'end' is not defined
##### End of output of failed program #####
##### vdhankar plays [E c5 d4] in 64.4764430522919s #####
##### Running: /usr/lib/jvm/jdk-14.0.1/bin/java -jar /lab/itti/projects/checkers-competition/server/referee.jar on run_13_ghafeleb_vdhankar #####
Move is valid
##### SUCCESS: /usr/lib/jvm/jdk-14.0.1/bin/java -jar /lab/itti/projects/checkers-competition/server/referee.jar on run_13_ghafeleb_vdhankar #####
INPUT for ghafeleb:
GAME
WHITE
295.03
.b.b.b.b
b.......
...b....
......w.
...b.w..
w.......
........
w.w.w.w.
##### Running: /usr/bin/time -o time_13_ghafeleb_vdhankar.txt -f "%U" python3 homework.py > stulog.txt 2>&1 on ghafeleb #####
##### SUCCESS: /usr/bin/time -o time_13_ghafeleb_vdhankar.txt -f "%U" python3 homework.py > stulog.txt 2>&1 on ghafeleb #####
##### ghafeleb plays [E g5 f6] in 0.69s #####
##### Running: /usr/lib/jvm/jdk-14.0.1/bin/java -jar /lab/itti/projects/checkers-competition/server/referee.jar on run_13_ghafeleb_vdhankar #####
Move is valid
##### SUCCESS: /usr/lib/jvm/jdk-14.0.1/bin/java -jar /lab/itti/projects/checkers-competition/server/referee.jar on run_13_ghafeleb_vdhankar #####
INPUT for vdhankar:
GAME
BLACK
0.433740615844727
.b.b.b.b
b.......
...b.w..
........
...b.w..
w.......
........
w.w.w.w.
##### Running: /usr/bin/time -o time_13_ghafeleb_vdhankar.txt -f "%U" python3 homework.py > stulog.txt 2>&1 on vdhankar #####
child exited with value 1
##### ERROR: /usr/bin/time -o time_13_ghafeleb_vdhankar.txt -f "%U" python3 homework.py > stulog.txt 2>&1 on vdhankar #####
##### Output of failed program (stdout + stderr): #####
Traceback (most recent call last):
  File "homework.py", line 546, in <module>
    print(end-start)
NameError: name 'end' is not defined
##### End of output of failed program #####
##### vdhankar plays [E f8 g7] in 0.570075035095215s #####
##### Running: /usr/lib/jvm/jdk-14.0.1/bin/java -jar /lab/itti/projects/checkers-competition/server/referee.jar on run_13_ghafeleb_vdhankar #####
Move is valid
##### SUCCESS: /usr/lib/jvm/jdk-14.0.1/bin/java -jar /lab/itti/projects/checkers-competition/server/referee.jar on run_13_ghafeleb_vdhankar #####
INPUT for ghafeleb:
GAME
WHITE
294.34
.b.b...b
b.....b.
...b.w..
........
...b.w..
w.......
........
w.w.w.w.
##### Running: /usr/bin/time -o time_13_ghafeleb_vdhankar.txt -f "%U" python3 homework.py > stulog.txt 2>&1 on ghafeleb #####
##### SUCCESS: /usr/bin/time -o time_13_ghafeleb_vdhankar.txt -f "%U" python3 homework.py > stulog.txt 2>&1 on ghafeleb #####
##### ghafeleb plays [E g1 h2] in 0.41s #####
##### Running: /usr/lib/jvm/jdk-14.0.1/bin/java -jar /lab/itti/projects/checkers-competition/server/referee.jar on run_13_ghafeleb_vdhankar #####
Move is valid
##### SUCCESS: /usr/lib/jvm/jdk-14.0.1/bin/java -jar /lab/itti/projects/checkers-competition/server/referee.jar on run_13_ghafeleb_vdhankar #####
INPUT for vdhankar:
GAME
BLACK
-0.136334419250488
.b.b...b
b.....b.
...b.w..
........
...b.w..
w.......
.......w
w.w.w...
Not running vdhankar because of negative remaining time -- passing illegal move instead
##### No output.txt found. Making a bogus one... #####
##### Running: /usr/lib/jvm/jdk-14.0.1/bin/java -jar /lab/itti/projects/checkers-competition/server/referee.jar on run_13_ghafeleb_vdhankar #####
Step in a move needs to have 3 sections, found 1 in 'illegal'.
child exited with value 255
##### ERROR: /usr/lib/jvm/jdk-14.0.1/bin/java -jar /lab/itti/projects/checkers-competition/server/referee.jar on run_13_ghafeleb_vdhankar #####
Game server reported error. Assuming bogus move.
##### GAME OVER: vdhankar loses because of illegal move [No Move] #####
Server said: FAIL
########## ROUND 13 GAMESCORE AFTER GAME 1: ghafeleb=1 and vdhankar=0 ##########
#################### ROUND 13: ghafeleb (B) vs vdhankar (W): game 2 ####################
##### game start! #####
INPUT for ghafeleb:
GAME
BLACK
300
.b.b.b.b
b.b.b.b.
.b.b.b.b
........
........
w.w.w.w.
.w.w.w.w
w.w.w.w.
##### Running: /usr/bin/time -o time_13_ghafeleb_vdhankar.txt -f "%U" python3 homework.py > stulog.txt 2>&1 on ghafeleb #####
##### SUCCESS: /usr/bin/time -o time_13_ghafeleb_vdhankar.txt -f "%U" python3 homework.py > stulog.txt 2>&1 on ghafeleb #####
##### ghafeleb plays [E b6 c5] in 0.81s #####
##### Running: /usr/lib/jvm/jdk-14.0.1/bin/java -jar /lab/itti/projects/checkers-competition/server/referee.jar on run_13_ghafeleb_vdhankar #####
Move is valid
Couldn't read file 'current_ply.txt'
Couldn't read content from file 'current_ply.txt'
Couldn't read file 'lastmatchange_ply.txt'
Couldn't read content from file 'lastmatchange_ply.txt'
##### SUCCESS: /usr/lib/jvm/jdk-14.0.1/bin/java -jar /lab/itti/projects/checkers-competition/server/referee.jar on run_13_ghafeleb_vdhankar #####
INPUT for vdhankar:
GAME
WHITE
300
.b.b.b.b
b.b.b.b.
...b.b.b
..b.....
........
w.w.w.w.
.w.w.w.w
w.w.w.w.
##### Running: /usr/bin/time -o time_13_ghafeleb_vdhankar.txt -f "%U" python3 homework.py > stulog.txt 2>&1 on vdhankar #####
child exited with value 1
##### ERROR: /usr/bin/time -o time_13_ghafeleb_vdhankar.txt -f "%U" python3 homework.py > stulog.txt 2>&1 on vdhankar #####
##### Output of failed program (stdout + stderr): #####
Traceback (most recent call last):
  File "homework.py", line 546, in <module>
    print(end-start)
NameError: name 'end' is not defined
##### End of output of failed program #####
##### vdhankar plays [E g3 h4] in 10.1395280361176s #####
##### Running: /usr/lib/jvm/jdk-14.0.1/bin/java -jar /lab/itti/projects/checkers-competition/server/referee.jar on run_13_ghafeleb_vdhankar #####
Move is valid
##### SUCCESS: /usr/lib/jvm/jdk-14.0.1/bin/java -jar /lab/itti/projects/checkers-competition/server/referee.jar on run_13_ghafeleb_vdhankar #####
INPUT for ghafeleb:
GAME
BLACK
299.19
.b.b.b.b
b.b.b.b.
...b.b.b
..b.....
.......w
w.w.w...
.w.w.w.w
w.w.w.w.
##### Running: /usr/bin/time -o time_13_ghafeleb_vdhankar.txt -f "%U" python3 homework.py > stulog.txt 2>&1 on ghafeleb #####
##### SUCCESS: /usr/bin/time -o time_13_ghafeleb_vdhankar.txt -f "%U" python3 homework.py > stulog.txt 2>&1 on ghafeleb #####
##### ghafeleb plays [E f6 e5] in 1.12s #####
##### Running: /usr/lib/jvm/jdk-14.0.1/bin/java -jar /lab/itti/projects/checkers-competition/server/referee.jar on run_13_ghafeleb_vdhankar #####
Move is valid
##### SUCCESS: /usr/lib/jvm/jdk-14.0.1/bin/java -jar /lab/itti/projects/checkers-competition/server/referee.jar on run_13_ghafeleb_vdhankar #####
INPUT for vdhankar:
GAME
WHITE
289.860471963882
.b.b.b.b
b.b.b.b.
...b...b
..b.b...
.......w
w.w.w...
.w.w.w.w
w.w.w.w.
##### Running: /usr/bin/time -o time_13_ghafeleb_vdhankar.txt -f "%U" python3 homework.py > stulog.txt 2>&1 on vdhankar #####
child exited with value 1
##### ERROR: /usr/bin/time -o time_13_ghafeleb_vdhankar.txt -f "%U" python3 homework.py > stulog.txt 2>&1 on vdhankar #####
##### Output of failed program (stdout + stderr): #####
Traceback (most recent call last):
  File "homework.py", line 546, in <module>
    print(end-start)
NameError: name 'end' is not defined
##### End of output of failed program #####
##### vdhankar plays [E e3 d4] in 8.06842994689941s #####
##### Running: /usr/lib/jvm/jdk-14.0.1/bin/java -jar /lab/itti/projects/checkers-competition/server/referee.jar on run_13_ghafeleb_vdhankar #####
Move is valid
##### SUCCESS: /usr/lib/jvm/jdk-14.0.1/bin/java -jar /lab/itti/projects/checkers-competition/server/referee.jar on run_13_ghafeleb_vdhankar #####
INPUT for ghafeleb:
GAME
BLACK
298.07
.b.b.b.b
b.b.b.b.
...b...b
..b.b...
...w...w
w.w.....
.w.w.w.w
w.w.w.w.
##### Running: /usr/bin/time -o time_13_ghafeleb_vdhankar.txt -f "%U" python3 homework.py > stulog.txt 2>&1 on ghafeleb #####
##### SUCCESS: /usr/bin/time -o time_13_ghafeleb_vdhankar.txt -f "%U" python3 homework.py > stulog.txt 2>&1 on ghafeleb #####
##### ghafeleb plays [J c5 e3] in 0.21s #####
##### Running: /usr/lib/jvm/jdk-14.0.1/bin/java -jar /lab/itti/projects/checkers-competition/server/referee.jar on run_13_ghafeleb_vdhankar #####
Move is valid
##### SUCCESS: /usr/lib/jvm/jdk-14.0.1/bin/java -jar /lab/itti/projects/checkers-competition/server/referee.jar on run_13_ghafeleb_vdhankar #####
INPUT for vdhankar:
GAME
WHITE
281.792042016983
.b.b.b.b
b.b.b.b.
...b...b
....b...
.......w
w.w.b...
.w.w.w.w
w.w.w.w.
##### Running: /usr/bin/time -o time_13_ghafeleb_vdhankar.txt -f "%U" python3 homework.py > stulog.txt 2>&1 on vdhankar #####
child exited with value 1
##### ERROR: /usr/bin/time -o time_13_ghafeleb_vdhankar.txt -f "%U" python3 homework.py > stulog.txt 2>&1 on vdhankar #####
##### Output of failed program (stdout + stderr): #####
Traceback (most recent call last):
  File "homework.py", line 546, in <module>
    print(end-start)
NameError: name 'end' is not defined
##### End of output of failed program #####
##### vdhankar plays [J f2 d4 ; J d4 f6] in 4.82246708869934s #####
##### Running: /usr/lib/jvm/jdk-14.0.1/bin/java -jar /lab/itti/projects/checkers-competition/server/referee.jar on run_13_ghafeleb_vdhankar #####
Move is valid
##### SUCCESS: /usr/lib/jvm/jdk-14.0.1/bin/java -jar /lab/itti/projects/checkers-competition/server/referee.jar on run_13_ghafeleb_vdhankar #####
INPUT for ghafeleb:
GAME
BLACK
297.86
.b.b.b.b
b.b.b.b.
...b.w.b
........
.......w
w.w.....
.w.w...w
w.w.w.w.
##### Running: /usr/bin/time -o time_13_ghafeleb_vdhankar.txt -f "%U" python3 homework.py > stulog.txt 2>&1 on ghafeleb #####
##### SUCCESS: /usr/bin/time -o time_13_ghafeleb_vdhankar.txt -f "%U" python3 homework.py > stulog.txt 2>&1 on ghafeleb #####
##### ghafeleb plays [J e7 g5] in 0.23s #####
##### Running: /usr/lib/jvm/jdk-14.0.1/bin/java -jar /lab/itti/projects/checkers-competition/server/referee.jar on run_13_ghafeleb_vdhankar #####
Move is valid
##### SUCCESS: /usr/lib/jvm/jdk-14.0.1/bin/java -jar /lab/itti/projects/checkers-competition/server/referee.jar on run_13_ghafeleb_vdhankar #####
INPUT for vdhankar:
GAME
WHITE
276.969574928284
.b.b.b.b
b.b...b.
...b...b
......b.
.......w
w.w.....
.w.w...w
w.w.w.w.
##### Running: /usr/bin/time -o time_13_ghafeleb_vdhankar.txt -f "%U" python3 homework.py > stulog.txt 2>&1 on vdhankar #####
child exited with value 1
##### ERROR: /usr/bin/time -o time_13_ghafeleb_vdhankar.txt -f "%U" python3 homework.py > stulog.txt 2>&1 on vdhankar #####
##### Output of failed program (stdout + stderr): #####
Traceback (most recent call last):
  File "homework.py", line 546, in <module>
    print(end-start)
NameError: name 'end' is not defined
##### End of output of failed program #####
##### vdhankar plays [J h4 f6] in 4.36682105064392s #####
##### Running: /usr/lib/jvm/jdk-14.0.1/bin/java -jar /lab/itti/projects/checkers-competition/server/referee.jar on run_13_ghafeleb_vdhankar #####
Move is valid
##### SUCCESS: /usr/lib/jvm/jdk-14.0.1/bin/java -jar /lab/itti/projects/checkers-competition/server/referee.jar on run_13_ghafeleb_vdhankar #####
INPUT for ghafeleb:
GAME
BLACK
297.63
.b.b.b.b
b.b...b.
...b.w.b
........
........
w.w.....
.w.w...w
w.w.w.w.
##### Running: /usr/bin/time -o time_13_ghafeleb_vdhankar.txt -f "%U" python3 homework.py > stulog.txt 2>&1 on ghafeleb #####
##### SUCCESS: /usr/bin/time -o time_13_ghafeleb_vdhankar.txt -f "%U" python3 homework.py > stulog.txt 2>&1 on ghafeleb #####
##### ghafeleb plays [J g7 e5] in 0.23s #####
##### Running: /usr/lib/jvm/jdk-14.0.1/bin/java -jar /lab/itti/projects/checkers-competition/server/referee.jar on run_13_ghafeleb_vdhankar #####
Move is valid
##### SUCCESS: /usr/lib/jvm/jdk-14.0.1/bin/java -jar /lab/itti/projects/checkers-competition/server/referee.jar on run_13_ghafeleb_vdhankar #####
INPUT for vdhankar:
GAME
WHITE
272.60275387764
.b.b.b.b
b.b.....
...b...b
....b...
........
w.w.....
.w.w...w
w.w.w.w.
##### Running: /usr/bin/time -o time_13_ghafeleb_vdhankar.txt -f "%U" python3 homework.py > stulog.txt 2>&1 on vdhankar #####
child exited with value 1
##### ERROR: /usr/bin/time -o time_13_ghafeleb_vdhankar.txt -f "%U" python3 homework.py > stulog.txt 2>&1 on vdhankar #####
##### Output of failed program (stdout + stderr): #####
Traceback (most recent call last):
  File "homework.py", line 546, in <module>
    print(end-start)
NameError: name 'end' is not defined
##### End of output of failed program #####
##### vdhankar plays [E g1 f2] in 40.4724450111389s #####
##### Running: /usr/lib/jvm/jdk-14.0.1/bin/java -jar /lab/itti/projects/checkers-competition/server/referee.jar on run_13_ghafeleb_vdhankar #####
Move is valid
##### SUCCESS: /usr/lib/jvm/jdk-14.0.1/bin/java -jar /lab/itti/projects/checkers-competition/server/referee.jar on run_13_ghafeleb_vdhankar #####
INPUT for ghafeleb:
GAME
BLACK
297.4
.b.b.b.b
b.b.....
...b...b
....b...
........
w.w.....
.w.w.w.w
w.w.w...
##### Running: /usr/bin/time -o time_13_ghafeleb_vdhankar.txt -f "%U" python3 homework.py > stulog.txt 2>&1 on ghafeleb #####
##### SUCCESS: /usr/bin/time -o time_13_ghafeleb_vdhankar.txt -f "%U" python3 homework.py > stulog.txt 2>&1 on ghafeleb #####
##### ghafeleb plays [E e5 d4] in 0.86s #####
##### Running: /usr/lib/jvm/jdk-14.0.1/bin/java -jar /lab/itti/projects/checkers-competition/server/referee.jar on run_13_ghafeleb_vdhankar #####
Move is valid
##### SUCCESS: /usr/lib/jvm/jdk-14.0.1/bin/java -jar /lab/itti/projects/checkers-competition/server/referee.jar on run_13_ghafeleb_vdhankar #####
INPUT for vdhankar:
GAME
WHITE
232.130308866501
.b.b.b.b
b.b.....
...b...b
........
...b....
w.w.....
.w.w.w.w
w.w.w...
##### Running: /usr/bin/time -o time_13_ghafeleb_vdhankar.txt -f "%U" python3 homework.py > stulog.txt 2>&1 on vdhankar #####
child exited with value 1
##### ERROR: /usr/bin/time -o time_13_ghafeleb_vdhankar.txt -f "%U" python3 homework.py > stulog.txt 2>&1 on vdhankar #####
##### Output of failed program (stdout + stderr): #####
Traceback (most recent call last):
  File "homework.py", line 546, in <module>
    print(end-start)
NameError: name 'end' is not defined
##### End of output of failed program #####
##### vdhankar plays [J c3 e5] in 6.31377911567688s #####
##### Running: /usr/lib/jvm/jdk-14.0.1/bin/java -jar /lab/itti/projects/checkers-competition/server/referee.jar on run_13_ghafeleb_vdhankar #####
Move is valid
##### SUCCESS: /usr/lib/jvm/jdk-14.0.1/bin/java -jar /lab/itti/projects/checkers-competition/server/referee.jar on run_13_ghafeleb_vdhankar #####
INPUT for ghafeleb:
GAME
BLACK
296.54
.b.b.b.b
b.b.....
...b...b
....w...
........
w.......
.w.w.w.w
w.w.w...
##### Running: /usr/bin/time -o time_13_ghafeleb_vdhankar.txt -f "%U" python3 homework.py > stulog.txt 2>&1 on ghafeleb #####
##### SUCCESS: /usr/bin/time -o time_13_ghafeleb_vdhankar.txt -f "%U" python3 homework.py > stulog.txt 2>&1 on ghafeleb #####
##### ghafeleb plays [J d6 f4] in 0.22s #####
##### Running: /usr/lib/jvm/jdk-14.0.1/bin/java -jar /lab/itti/projects/checkers-competition/server/referee.jar on run_13_ghafeleb_vdhankar #####
Move is valid
##### SUCCESS: /usr/lib/jvm/jdk-14.0.1/bin/java -jar /lab/itti/projects/checkers-competition/server/referee.jar on run_13_ghafeleb_vdhankar #####
INPUT for vdhankar:
GAME
WHITE
225.816529750824
.b.b.b.b
b.b.....
.......b
........
.....b..
w.......
.w.w.w.w
w.w.w...
##### Running: /usr/bin/time -o time_13_ghafeleb_vdhankar.txt -f "%U" python3 homework.py > stulog.txt 2>&1 on vdhankar #####
child exited with value 1
##### ERROR: /usr/bin/time -o time_13_ghafeleb_vdhankar.txt -f "%U" python3 homework.py > stulog.txt 2>&1 on vdhankar #####
##### Output of failed program (stdout + stderr): #####
Traceback (most recent call last):
  File "homework.py", line 546, in <module>
    print(end-start)
NameError: name 'end' is not defined
##### End of output of failed program #####
##### vdhankar plays [E f2 g3] in 63.0542011260986s #####
##### Running: /usr/lib/jvm/jdk-14.0.1/bin/java -jar /lab/itti/projects/checkers-competition/server/referee.jar on run_13_ghafeleb_vdhankar #####
Move is valid
##### SUCCESS: /usr/lib/jvm/jdk-14.0.1/bin/java -jar /lab/itti/projects/checkers-competition/server/referee.jar on run_13_ghafeleb_vdhankar #####
INPUT for ghafeleb:
GAME
BLACK
296.32
.b.b.b.b
b.b.....
.......b
........
.....b..
w.....w.
.w.w...w
w.w.w...
##### Running: /usr/bin/time -o time_13_ghafeleb_vdhankar.txt -f "%U" python3 homework.py > stulog.txt 2>&1 on ghafeleb #####
##### SUCCESS: /usr/bin/time -o time_13_ghafeleb_vdhankar.txt -f "%U" python3 homework.py > stulog.txt 2>&1 on ghafeleb #####
##### ghafeleb plays [E f4 e3] in 0.38s #####
##### Running: /usr/lib/jvm/jdk-14.0.1/bin/java -jar /lab/itti/projects/checkers-competition/server/referee.jar on run_13_ghafeleb_vdhankar #####
Move is valid
##### SUCCESS: /usr/lib/jvm/jdk-14.0.1/bin/java -jar /lab/itti/projects/checkers-competition/server/referee.jar on run_13_ghafeleb_vdhankar #####
INPUT for vdhankar:
GAME
WHITE
162.762328624725
.b.b.b.b
b.b.....
.......b
........
........
w...b.w.
.w.w...w
w.w.w...
##### Running: /usr/bin/time -o time_13_ghafeleb_vdhankar.txt -f "%U" python3 homework.py > stulog.txt 2>&1 on vdhankar #####
child exited with value 1
##### ERROR: /usr/bin/time -o time_13_ghafeleb_vdhankar.txt -f "%U" python3 homework.py > stulog.txt 2>&1 on vdhankar #####
##### Output of failed program (stdout + stderr): #####
Traceback (most recent call last):
  File "homework.py", line 546, in <module>
    print(end-start)
NameError: name 'end' is not defined
##### End of output of failed program #####
##### vdhankar plays [J d2 f4] in 13.9500138759613s #####
##### Running: /usr/lib/jvm/jdk-14.0.1/bin/java -jar /lab/itti/projects/checkers-competition/server/referee.jar on run_13_ghafeleb_vdhankar #####
Move is valid
##### SUCCESS: /usr/lib/jvm/jdk-14.0.1/bin/java -jar /lab/itti/projects/checkers-competition/server/referee.jar on run_13_ghafeleb_vdhankar #####
INPUT for ghafeleb:
GAME
BLACK
295.94
.b.b.b.b
b.b.....
.......b
........
.....w..
w.....w.
.w.....w
w.w.w...
##### Running: /usr/bin/time -o time_13_ghafeleb_vdhankar.txt -f "%U" python3 homework.py > stulog.txt 2>&1 on ghafeleb #####
##### SUCCESS: /usr/bin/time -o time_13_ghafeleb_vdhankar.txt -f "%U" python3 homework.py > stulog.txt 2>&1 on ghafeleb #####
##### ghafeleb plays [E d8 e7] in 0.77s #####
##### Running: /usr/lib/jvm/jdk-14.0.1/bin/java -jar /lab/itti/projects/checkers-competition/server/referee.jar on run_13_ghafeleb_vdhankar #####
Move is valid
##### SUCCESS: /usr/lib/jvm/jdk-14.0.1/bin/java -jar /lab/itti/projects/checkers-competition/server/referee.jar on run_13_ghafeleb_vdhankar #####
INPUT for vdhankar:
GAME
WHITE
148.812314748764
.b...b.b
b.b.b...
.......b
........
.....w..
w.....w.
.w.....w
w.w.w...
##### Running: /usr/bin/time -o time_13_ghafeleb_vdhankar.txt -f "%U" python3 homework.py > stulog.txt 2>&1 on vdhankar #####
child exited with value 1
##### ERROR: /usr/bin/time -o time_13_ghafeleb_vdhankar.txt -f "%U" python3 homework.py > stulog.txt 2>&1 on vdhankar #####
##### Output of failed program (stdout + stderr): #####
Traceback (most recent call last):
  File "homework.py", line 546, in <module>
    print(end-start)
NameError: name 'end' is not defined
##### End of output of failed program #####
##### vdhankar plays [E e1 d2] in 39.6608622074127s #####
##### Running: /usr/lib/jvm/jdk-14.0.1/bin/java -jar /lab/itti/projects/checkers-competition/server/referee.jar on run_13_ghafeleb_vdhankar #####
Move is valid
##### SUCCESS: /usr/lib/jvm/jdk-14.0.1/bin/java -jar /lab/itti/projects/checkers-competition/server/referee.jar on run_13_ghafeleb_vdhankar #####
INPUT for ghafeleb:
GAME
BLACK
295.17
.b...b.b
b.b.b...
.......b
........
.....w..
w.....w.
.w.w...w
w.w.....
##### Running: /usr/bin/time -o time_13_ghafeleb_vdhankar.txt -f "%U" python3 homework.py > stulog.txt 2>&1 on ghafeleb #####
##### SUCCESS: /usr/bin/time -o time_13_ghafeleb_vdhankar.txt -f "%U" python3 homework.py > stulog.txt 2>&1 on ghafeleb #####
##### ghafeleb plays [E f8 g7] in 0.51s #####
##### Running: /usr/lib/jvm/jdk-14.0.1/bin/java -jar /lab/itti/projects/checkers-competition/server/referee.jar on run_13_ghafeleb_vdhankar #####
Move is valid
##### SUCCESS: /usr/lib/jvm/jdk-14.0.1/bin/java -jar /lab/itti/projects/checkers-competition/server/referee.jar on run_13_ghafeleb_vdhankar #####
INPUT for vdhankar:
GAME
WHITE
109.151452541351
.b.....b
b.b.b.b.
.......b
........
.....w..
w.....w.
.w.w...w
w.w.....
##### Running: /usr/bin/time -o time_13_ghafeleb_vdhankar.txt -f "%U" python3 homework.py > stulog.txt 2>&1 on vdhankar #####
child exited with value 1
##### ERROR: /usr/bin/time -o time_13_ghafeleb_vdhankar.txt -f "%U" python3 homework.py > stulog.txt 2>&1 on vdhankar #####
##### Output of failed program (stdout + stderr): #####
Traceback (most recent call last):
  File "homework.py", line 546, in <module>
    print(end-start)
NameError: name 'end' is not defined
##### End of output of failed program #####
##### vdhankar plays [E d2 c3] in 25.0631520748138s #####
##### Running: /usr/lib/jvm/jdk-14.0.1/bin/java -jar /lab/itti/projects/checkers-competition/server/referee.jar on run_13_ghafeleb_vdhankar #####
Move is valid
##### SUCCESS: /usr/lib/jvm/jdk-14.0.1/bin/java -jar /lab/itti/projects/checkers-competition/server/referee.jar on run_13_ghafeleb_vdhankar #####
INPUT for ghafeleb:
GAME
BLACK
294.66
.b.....b
b.b.b.b.
.......b
........
.....w..
w.w...w.
.w.....w
w.w.....
##### Running: /usr/bin/time -o time_13_ghafeleb_vdhankar.txt -f "%U" python3 homework.py > stulog.txt 2>&1 on ghafeleb #####
##### SUCCESS: /usr/bin/time -o time_13_ghafeleb_vdhankar.txt -f "%U" python3 homework.py > stulog.txt 2>&1 on ghafeleb #####
##### ghafeleb plays [E a7 b6] in 0.66s #####
##### Running: /usr/lib/jvm/jdk-14.0.1/bin/java -jar /lab/itti/projects/checkers-competition/server/referee.jar on run_13_ghafeleb_vdhankar #####
Move is valid
##### SUCCESS: /usr/lib/jvm/jdk-14.0.1/bin/java -jar /lab/itti/projects/checkers-competition/server/referee.jar on run_13_ghafeleb_vdhankar #####
INPUT for vdhankar:
GAME
WHITE
84.0883004665375
.b.....b
..b.b.b.
.b.....b
........
.....w..
w.w...w.
.w.....w
w.w.....
##### Running: /usr/bin/time -o time_13_ghafeleb_vdhankar.txt -f "%U" python3 homework.py > stulog.txt 2>&1 on vdhankar #####
child exited with value 1
##### ERROR: /usr/bin/time -o time_13_ghafeleb_vdhankar.txt -f "%U" python3 homework.py > stulog.txt 2>&1 on vdhankar #####
##### Output of failed program (stdout + stderr): #####
Traceback (most recent call last):
  File "homework.py", line 546, in <module>
    print(end-start)
NameError: name 'end' is not defined
##### End of output of failed program #####
##### vdhankar plays [E c3 d4] in 15.4496901035309s #####
##### Running: /usr/lib/jvm/jdk-14.0.1/bin/java -jar /lab/itti/projects/checkers-competition/server/referee.jar on run_13_ghafeleb_vdhankar #####
Move is valid
##### SUCCESS: /usr/lib/jvm/jdk-14.0.1/bin/java -jar /lab/itti/projects/checkers-competition/server/referee.jar on run_13_ghafeleb_vdhankar #####
INPUT for ghafeleb:
GAME
BLACK
294
.b.....b
..b.b.b.
.b.....b
........
...w.w..
w.....w.
.w.....w
w.w.....
##### Running: /usr/bin/time -o time_13_ghafeleb_vdhankar.txt -f "%U" python3 homework.py > stulog.txt 2>&1 on ghafeleb #####
##### SUCCESS: /usr/bin/time -o time_13_ghafeleb_vdhankar.txt -f "%U" python3 homework.py > stulog.txt 2>&1 on ghafeleb #####
##### ghafeleb plays [E b6 a5] in 0.6s #####
##### Running: /usr/lib/jvm/jdk-14.0.1/bin/java -jar /lab/itti/projects/checkers-competition/server/referee.jar on run_13_ghafeleb_vdhankar #####
Move is valid
##### SUCCESS: /usr/lib/jvm/jdk-14.0.1/bin/java -jar /lab/itti/projects/checkers-competition/server/referee.jar on run_13_ghafeleb_vdhankar #####
INPUT for vdhankar:
GAME
WHITE
68.6386103630066
.b.....b
..b.b.b.
.......b
b.......
...w.w..
w.....w.
.w.....w
w.w.....
##### Running: /usr/bin/time -o time_13_ghafeleb_vdhankar.txt -f "%U" python3 homework.py > stulog.txt 2>&1 on vdhankar #####
child exited with value 1
##### ERROR: /usr/bin/time -o time_13_ghafeleb_vdhankar.txt -f "%U" python3 homework.py > stulog.txt 2>&1 on vdhankar #####
##### Output of failed program (stdout + stderr): #####
Traceback (most recent call last):
  File "homework.py", line 546, in <module>
    print(end-start)
NameError: name 'end' is not defined
##### End of output of failed program #####
##### vdhankar plays [E b2 c3] in 14.8134269714355s #####
##### Running: /usr/lib/jvm/jdk-14.0.1/bin/java -jar /lab/itti/projects/checkers-competition/server/referee.jar on run_13_ghafeleb_vdhankar #####
Move is valid
##### SUCCESS: /usr/lib/jvm/jdk-14.0.1/bin/java -jar /lab/itti/projects/checkers-competition/server/referee.jar on run_13_ghafeleb_vdhankar #####
INPUT for ghafeleb:
GAME
BLACK
293.4
.b.....b
..b.b.b.
.......b
b.......
...w.w..
w.w...w.
.......w
w.w.....
##### Running: /usr/bin/time -o time_13_ghafeleb_vdhankar.txt -f "%U" python3 homework.py > stulog.txt 2>&1 on ghafeleb #####
##### SUCCESS: /usr/bin/time -o time_13_ghafeleb_vdhankar.txt -f "%U" python3 homework.py > stulog.txt 2>&1 on ghafeleb #####
##### ghafeleb plays [E b8 a7] in 0.82s #####
##### Running: /usr/lib/jvm/jdk-14.0.1/bin/java -jar /lab/itti/projects/checkers-competition/server/referee.jar on run_13_ghafeleb_vdhankar #####
Move is valid
##### SUCCESS: /usr/lib/jvm/jdk-14.0.1/bin/java -jar /lab/itti/projects/checkers-competition/server/referee.jar on run_13_ghafeleb_vdhankar #####
INPUT for vdhankar:
GAME
WHITE
53.825183391571
.......b
b.b.b.b.
.......b
b.......
...w.w..
w.w...w.
.......w
w.w.....
##### Running: /usr/bin/time -o time_13_ghafeleb_vdhankar.txt -f "%U" python3 homework.py > stulog.txt 2>&1 on vdhankar #####
child exited with value 1
##### ERROR: /usr/bin/time -o time_13_ghafeleb_vdhankar.txt -f "%U" python3 homework.py > stulog.txt 2>&1 on vdhankar #####
##### Output of failed program (stdout + stderr): #####
Traceback (most recent call last):
  File "homework.py", line 546, in <module>
    print(end-start)
NameError: name 'end' is not defined
##### End of output of failed program #####
##### vdhankar plays [E a3 b4] in 5.92417788505554s #####
##### Running: /usr/lib/jvm/jdk-14.0.1/bin/java -jar /lab/itti/projects/checkers-competition/server/referee.jar on run_13_ghafeleb_vdhankar #####
Move is valid
##### SUCCESS: /usr/lib/jvm/jdk-14.0.1/bin/java -jar /lab/itti/projects/checkers-competition/server/referee.jar on run_13_ghafeleb_vdhankar #####
INPUT for ghafeleb:
GAME
BLACK
292.58
.......b
b.b.b.b.
.......b
b.......
.w.w.w..
..w...w.
.......w
w.w.....
##### Running: /usr/bin/time -o time_13_ghafeleb_vdhankar.txt -f "%U" python3 homework.py > stulog.txt 2>&1 on ghafeleb #####
##### SUCCESS: /usr/bin/time -o time_13_ghafeleb_vdhankar.txt -f "%U" python3 homework.py > stulog.txt 2>&1 on ghafeleb #####
##### ghafeleb plays [E a7 b6] in 0.72s #####
##### Running: /usr/lib/jvm/jdk-14.0.1/bin/java -jar /lab/itti/projects/checkers-competition/server/referee.jar on run_13_ghafeleb_vdhankar #####
Move is valid
##### SUCCESS: /usr/lib/jvm/jdk-14.0.1/bin/java -jar /lab/itti/projects/checkers-competition/server/referee.jar on run_13_ghafeleb_vdhankar #####
INPUT for vdhankar:
GAME
WHITE
47.9010055065155
.......b
..b.b.b.
.b.....b
b.......
.w.w.w..
..w...w.
.......w
w.w.....
##### Running: /usr/bin/time -o time_13_ghafeleb_vdhankar.txt -f "%U" python3 homework.py > stulog.txt 2>&1 on vdhankar #####
child exited with value 1
##### ERROR: /usr/bin/time -o time_13_ghafeleb_vdhankar.txt -f "%U" python3 homework.py > stulog.txt 2>&1 on vdhankar #####
##### Output of failed program (stdout + stderr): #####
Traceback (most recent call last):
  File "homework.py", line 546, in <module>
    print(end-start)
NameError: name 'end' is not defined
##### End of output of failed program #####
##### vdhankar plays [E b4 c5] in 0.894433975219727s #####
##### Running: /usr/lib/jvm/jdk-14.0.1/bin/java -jar /lab/itti/projects/checkers-competition/server/referee.jar on run_13_ghafeleb_vdhankar #####
Move is valid
##### SUCCESS: /usr/lib/jvm/jdk-14.0.1/bin/java -jar /lab/itti/projects/checkers-competition/server/referee.jar on run_13_ghafeleb_vdhankar #####
INPUT for ghafeleb:
GAME
BLACK
291.86
.......b
..b.b.b.
.b.....b
b.w.....
...w.w..
..w...w.
.......w
w.w.....
##### Running: /usr/bin/time -o time_13_ghafeleb_vdhankar.txt -f "%U" python3 homework.py > stulog.txt 2>&1 on ghafeleb #####
##### SUCCESS: /usr/bin/time -o time_13_ghafeleb_vdhankar.txt -f "%U" python3 homework.py > stulog.txt 2>&1 on ghafeleb #####
##### ghafeleb plays [E c7 d6] in 0.28s #####
##### Running: /usr/lib/jvm/jdk-14.0.1/bin/java -jar /lab/itti/projects/checkers-competition/server/referee.jar on run_13_ghafeleb_vdhankar #####
Move is valid
##### SUCCESS: /usr/lib/jvm/jdk-14.0.1/bin/java -jar /lab/itti/projects/checkers-competition/server/referee.jar on run_13_ghafeleb_vdhankar #####
INPUT for vdhankar:
GAME
WHITE
47.0065715312958
.......b
....b.b.
.b.b...b
b.w.....
...w.w..
..w...w.
.......w
w.w.....
##### Running: /usr/bin/time -o time_13_ghafeleb_vdhankar.txt -f "%U" python3 homework.py > stulog.txt 2>&1 on vdhankar #####
child exited with value 1
##### ERROR: /usr/bin/time -o time_13_ghafeleb_vdhankar.txt -f "%U" python3 homework.py > stulog.txt 2>&1 on vdhankar #####
##### Output of failed program (stdout + stderr): #####
Traceback (most recent call last):
  File "homework.py", line 546, in <module>
    print(end-start)
NameError: name 'end' is not defined
##### End of output of failed program #####
##### vdhankar plays [J c5 a7] in 0.52987813949585s #####
##### Running: /usr/lib/jvm/jdk-14.0.1/bin/java -jar /lab/itti/projects/checkers-competition/server/referee.jar on run_13_ghafeleb_vdhankar #####
Move is valid
##### SUCCESS: /usr/lib/jvm/jdk-14.0.1/bin/java -jar /lab/itti/projects/checkers-competition/server/referee.jar on run_13_ghafeleb_vdhankar #####
INPUT for ghafeleb:
GAME
BLACK
291.58
.......b
w...b.b.
...b...b
b.......
...w.w..
..w...w.
.......w
w.w.....
##### Running: /usr/bin/time -o time_13_ghafeleb_vdhankar.txt -f "%U" python3 homework.py > stulog.txt 2>&1 on ghafeleb #####
##### SUCCESS: /usr/bin/time -o time_13_ghafeleb_vdhankar.txt -f "%U" python3 homework.py > stulog.txt 2>&1 on ghafeleb #####
##### ghafeleb plays [E e7 f6] in 0.31s #####
##### Running: /usr/lib/jvm/jdk-14.0.1/bin/java -jar /lab/itti/projects/checkers-competition/server/referee.jar on run_13_ghafeleb_vdhankar #####
Move is valid
##### SUCCESS: /usr/lib/jvm/jdk-14.0.1/bin/java -jar /lab/itti/projects/checkers-competition/server/referee.jar on run_13_ghafeleb_vdhankar #####
INPUT for vdhankar:
GAME
WHITE
46.4766933917999
.......b
w.....b.
...b.b.b
b.......
...w.w..
..w...w.
.......w
w.w.....
##### Running: /usr/bin/time -o time_13_ghafeleb_vdhankar.txt -f "%U" python3 homework.py > stulog.txt 2>&1 on vdhankar #####
child exited with value 1
##### ERROR: /usr/bin/time -o time_13_ghafeleb_vdhankar.txt -f "%U" python3 homework.py > stulog.txt 2>&1 on vdhankar #####
##### Output of failed program (stdout + stderr): #####
Traceback (most recent call last):
  File "homework.py", line 546, in <module>
    print(end-start)
NameError: name 'end' is not defined
##### End of output of failed program #####
##### vdhankar plays [E a7 b8] in 0.8630211353302s #####
##### Running: /usr/lib/jvm/jdk-14.0.1/bin/java -jar /lab/itti/projects/checkers-competition/server/referee.jar on run_13_ghafeleb_vdhankar #####
Move is valid
##### SUCCESS: /usr/lib/jvm/jdk-14.0.1/bin/java -jar /lab/itti/projects/checkers-competition/server/referee.jar on run_13_ghafeleb_vdhankar #####
INPUT for ghafeleb:
GAME
BLACK
291.27
.W.....b
......b.
...b.b.b
b.......
...w.w..
..w...w.
.......w
w.w.....
##### Running: /usr/bin/time -o time_13_ghafeleb_vdhankar.txt -f "%U" python3 homework.py > stulog.txt 2>&1 on ghafeleb #####
##### SUCCESS: /usr/bin/time -o time_13_ghafeleb_vdhankar.txt -f "%U" python3 homework.py > stulog.txt 2>&1 on ghafeleb #####
##### ghafeleb plays [E f6 g5] in 0.35s #####
##### Running: /usr/lib/jvm/jdk-14.0.1/bin/java -jar /lab/itti/projects/checkers-competition/server/referee.jar on run_13_ghafeleb_vdhankar #####
Move is valid
##### SUCCESS: /usr/lib/jvm/jdk-14.0.1/bin/java -jar /lab/itti/projects/checkers-competition/server/referee.jar on run_13_ghafeleb_vdhankar #####
INPUT for vdhankar:
GAME
WHITE
45.6136722564697
.W.....b
......b.
...b...b
b.....b.
...w.w..
..w...w.
.......w
w.w.....
##### Running: /usr/bin/time -o time_13_ghafeleb_vdhankar.txt -f "%U" python3 homework.py > stulog.txt 2>&1 on vdhankar #####
child exited with value 1
##### ERROR: /usr/bin/time -o time_13_ghafeleb_vdhankar.txt -f "%U" python3 homework.py > stulog.txt 2>&1 on vdhankar #####
##### Output of failed program (stdout + stderr): #####
Traceback (most recent call last):
  File "homework.py", line 546, in <module>
    print(end-start)
NameError: name 'end' is not defined
##### End of output of failed program #####
##### vdhankar plays [E f4 e5] in 1.77109599113464s #####
##### Running: /usr/lib/jvm/jdk-14.0.1/bin/java -jar /lab/itti/projects/checkers-competition/server/referee.jar on run_13_ghafeleb_vdhankar #####
Move is valid
##### SUCCESS: /usr/lib/jvm/jdk-14.0.1/bin/java -jar /lab/itti/projects/checkers-competition/server/referee.jar on run_13_ghafeleb_vdhankar #####
INPUT for ghafeleb:
GAME
BLACK
290.92
.W.....b
......b.
...b...b
b...w.b.
...w....
..w...w.
.......w
w.w.....
##### Running: /usr/bin/time -o time_13_ghafeleb_vdhankar.txt -f "%U" python3 homework.py > stulog.txt 2>&1 on ghafeleb #####
##### SUCCESS: /usr/bin/time -o time_13_ghafeleb_vdhankar.txt -f "%U" python3 homework.py > stulog.txt 2>&1 on ghafeleb #####
##### ghafeleb plays [J d6 f4] in 0.12s #####
##### Running: /usr/lib/jvm/jdk-14.0.1/bin/java -jar /lab/itti/projects/checkers-competition/server/referee.jar on run_13_ghafeleb_vdhankar #####
Move is valid
##### SUCCESS: /usr/lib/jvm/jdk-14.0.1/bin/java -jar /lab/itti/projects/checkers-competition/server/referee.jar on run_13_ghafeleb_vdhankar #####
INPUT for vdhankar:
GAME
WHITE
43.8425762653351
.W.....b
......b.
.......b
b.....b.
...w.b..
..w...w.
.......w
w.w.....
##### Running: /usr/bin/time -o time_13_ghafeleb_vdhankar.txt -f "%U" python3 homework.py > stulog.txt 2>&1 on vdhankar #####
child exited with value 1
##### ERROR: /usr/bin/time -o time_13_ghafeleb_vdhankar.txt -f "%U" python3 homework.py > stulog.txt 2>&1 on vdhankar #####
##### Output of failed program (stdout + stderr): #####
Traceback (most recent call last):
  File "homework.py", line 546, in <module>
    print(end-start)
NameError: name 'end' is not defined
##### End of output of failed program #####
##### vdhankar plays [J g3 e5] in 0.529516935348511s #####
##### Running: /usr/lib/jvm/jdk-14.0.1/bin/java -jar /lab/itti/projects/checkers-competition/server/referee.jar on run_13_ghafeleb_vdhankar #####
Move is valid
##### SUCCESS: /usr/lib/jvm/jdk-14.0.1/bin/java -jar /lab/itti/projects/checkers-competition/server/referee.jar on run_13_ghafeleb_vdhankar #####
INPUT for ghafeleb:
GAME
BLACK
290.8
.W.....b
......b.
.......b
b...w.b.
...w....
..w.....
.......w
w.w.....
##### Running: /usr/bin/time -o time_13_ghafeleb_vdhankar.txt -f "%U" python3 homework.py > stulog.txt 2>&1 on ghafeleb #####
##### SUCCESS: /usr/bin/time -o time_13_ghafeleb_vdhankar.txt -f "%U" python3 homework.py > stulog.txt 2>&1 on ghafeleb #####
##### ghafeleb plays [E g7 f6] in 0.2s #####
##### Running: /usr/lib/jvm/jdk-14.0.1/bin/java -jar /lab/itti/projects/checkers-competition/server/referee.jar on run_13_ghafeleb_vdhankar #####
Move is valid
##### SUCCESS: /usr/lib/jvm/jdk-14.0.1/bin/java -jar /lab/itti/projects/checkers-competition/server/referee.jar on run_13_ghafeleb_vdhankar #####
INPUT for vdhankar:
GAME
WHITE
43.3130593299866
.W.....b
........
.....b.b
b...w.b.
...w....
..w.....
.......w
w.w.....
##### Running: /usr/bin/time -o time_13_ghafeleb_vdhankar.txt -f "%U" python3 homework.py > stulog.txt 2>&1 on vdhankar #####
child exited with value 1
##### ERROR: /usr/bin/time -o time_13_ghafeleb_vdhankar.txt -f "%U" python3 homework.py > stulog.txt 2>&1 on vdhankar #####
##### Output of failed program (stdout + stderr): #####
Traceback (most recent call last):
  File "homework.py", line 546, in <module>
    print(end-start)
NameError: name 'end' is not defined
##### End of output of failed program #####
##### vdhankar plays [J e5 g7] in 0.673012971878052s #####
##### Running: /usr/lib/jvm/jdk-14.0.1/bin/java -jar /lab/itti/projects/checkers-competition/server/referee.jar on run_13_ghafeleb_vdhankar #####
Move is valid
##### SUCCESS: /usr/lib/jvm/jdk-14.0.1/bin/java -jar /lab/itti/projects/checkers-competition/server/referee.jar on run_13_ghafeleb_vdhankar #####
INPUT for ghafeleb:
GAME
BLACK
290.6
.W.....b
......w.
.......b
b.....b.
...w....
..w.....
.......w
w.w.....
##### Running: /usr/bin/time -o time_13_ghafeleb_vdhankar.txt -f "%U" python3 homework.py > stulog.txt 2>&1 on ghafeleb #####
##### SUCCESS: /usr/bin/time -o time_13_ghafeleb_vdhankar.txt -f "%U" python3 homework.py > stulog.txt 2>&1 on ghafeleb #####
##### ghafeleb plays [J h8 f6] in 0.13s #####
##### Running: /usr/lib/jvm/jdk-14.0.1/bin/java -jar /lab/itti/projects/checkers-competition/server/referee.jar on run_13_ghafeleb_vdhankar #####
Move is valid
##### SUCCESS: /usr/lib/jvm/jdk-14.0.1/bin/java -jar /lab/itti/projects/checkers-competition/server/referee.jar on run_13_ghafeleb_vdhankar #####
INPUT for vdhankar:
GAME
WHITE
42.6400463581085
.W......
........
.....b.b
b.....b.
...w....
..w.....
.......w
w.w.....
##### Running: /usr/bin/time -o time_13_ghafeleb_vdhankar.txt -f "%U" python3 homework.py > stulog.txt 2>&1 on vdhankar #####
child exited with value 1
##### ERROR: /usr/bin/time -o time_13_ghafeleb_vdhankar.txt -f "%U" python3 homework.py > stulog.txt 2>&1 on vdhankar #####
##### Output of failed program (stdout + stderr): #####
Traceback (most recent call last):
  File "homework.py", line 546, in <module>
    print(end-start)
NameError: name 'end' is not defined
##### End of output of failed program #####
##### vdhankar plays [E h2 g3] in 1.81264877319336s #####
##### Running: /usr/lib/jvm/jdk-14.0.1/bin/java -jar /lab/itti/projects/checkers-competition/server/referee.jar on run_13_ghafeleb_vdhankar #####
Move is valid
##### SUCCESS: /usr/lib/jvm/jdk-14.0.1/bin/java -jar /lab/itti/projects/checkers-competition/server/referee.jar on run_13_ghafeleb_vdhankar #####
INPUT for ghafeleb:
GAME
BLACK
290.47
.W......
........
.....b.b
b.....b.
...w....
..w...w.
........
w.w.....
##### Running: /usr/bin/time -o time_13_ghafeleb_vdhankar.txt -f "%U" python3 homework.py > stulog.txt 2>&1 on ghafeleb #####
##### SUCCESS: /usr/bin/time -o time_13_ghafeleb_vdhankar.txt -f "%U" python3 homework.py > stulog.txt 2>&1 on ghafeleb #####
##### ghafeleb plays [E g5 h4] in 0.19s #####
##### Running: /usr/lib/jvm/jdk-14.0.1/bin/java -jar /lab/itti/projects/checkers-competition/server/referee.jar on run_13_ghafeleb_vdhankar #####
Move is valid
##### SUCCESS: /usr/lib/jvm/jdk-14.0.1/bin/java -jar /lab/itti/projects/checkers-competition/server/referee.jar on run_13_ghafeleb_vdhankar #####
INPUT for vdhankar:
GAME
WHITE
40.8273975849152
.W......
........
.....b.b
b.......
...w...b
..w...w.
........
w.w.....
##### Running: /usr/bin/time -o time_13_ghafeleb_vdhankar.txt -f "%U" python3 homework.py > stulog.txt 2>&1 on vdhankar #####
child exited with value 1
##### ERROR: /usr/bin/time -o time_13_ghafeleb_vdhankar.txt -f "%U" python3 homework.py > stulog.txt 2>&1 on vdhankar #####
##### Output of failed program (stdout + stderr): #####
Traceback (most recent call last):
  File "homework.py", line 546, in <module>
    print(end-start)
NameError: name 'end' is not defined
##### End of output of failed program #####
##### vdhankar plays [E g3 f4] in 2.24818086624146s #####
##### Running: /usr/lib/jvm/jdk-14.0.1/bin/java -jar /lab/itti/projects/checkers-competition/server/referee.jar on run_13_ghafeleb_vdhankar #####
Move is valid
##### SUCCESS: /usr/lib/jvm/jdk-14.0.1/bin/java -jar /lab/itti/projects/checkers-competition/server/referee.jar on run_13_ghafeleb_vdhankar #####
INPUT for ghafeleb:
GAME
BLACK
290.28
.W......
........
.....b.b
b.......
...w.w.b
..w.....
........
w.w.....
##### Running: /usr/bin/time -o time_13_ghafeleb_vdhankar.txt -f "%U" python3 homework.py > stulog.txt 2>&1 on ghafeleb #####
##### SUCCESS: /usr/bin/time -o time_13_ghafeleb_vdhankar.txt -f "%U" python3 homework.py > stulog.txt 2>&1 on ghafeleb #####
##### ghafeleb plays [E f6 g5] in 0.24s #####
##### Running: /usr/lib/jvm/jdk-14.0.1/bin/java -jar /lab/itti/projects/checkers-competition/server/referee.jar on run_13_ghafeleb_vdhankar #####
Move is valid
##### SUCCESS: /usr/lib/jvm/jdk-14.0.1/bin/java -jar /lab/itti/projects/checkers-competition/server/referee.jar on run_13_ghafeleb_vdhankar #####
INPUT for vdhankar:
GAME
WHITE
38.5792167186737
.W......
........
.......b
b.....b.
...w.w.b
..w.....
........
w.w.....
##### Running: /usr/bin/time -o time_13_ghafeleb_vdhankar.txt -f "%U" python3 homework.py > stulog.txt 2>&1 on vdhankar #####
child exited with value 1
##### ERROR: /usr/bin/time -o time_13_ghafeleb_vdhankar.txt -f "%U" python3 homework.py > stulog.txt 2>&1 on vdhankar #####
##### Output of failed program (stdout + stderr): #####
Traceback (most recent call last):
  File "homework.py", line 546, in <module>
    print(end-start)
NameError: name 'end' is not defined
##### End of output of failed program #####
##### vdhankar plays [E f4 e5] in 3.63846898078918s #####
##### Running: /usr/lib/jvm/jdk-14.0.1/bin/java -jar /lab/itti/projects/checkers-competition/server/referee.jar on run_13_ghafeleb_vdhankar #####
Move is valid
##### SUCCESS: /usr/lib/jvm/jdk-14.0.1/bin/java -jar /lab/itti/projects/checkers-competition/server/referee.jar on run_13_ghafeleb_vdhankar #####
INPUT for ghafeleb:
GAME
BLACK
290.04
.W......
........
.......b
b...w.b.
...w...b
..w.....
........
w.w.....
##### Running: /usr/bin/time -o time_13_ghafeleb_vdhankar.txt -f "%U" python3 homework.py > stulog.txt 2>&1 on ghafeleb #####
##### SUCCESS: /usr/bin/time -o time_13_ghafeleb_vdhankar.txt -f "%U" python3 homework.py > stulog.txt 2>&1 on ghafeleb #####
##### ghafeleb plays [E g5 f4] in 0.19s #####
##### Running: /usr/lib/jvm/jdk-14.0.1/bin/java -jar /lab/itti/projects/checkers-competition/server/referee.jar on run_13_ghafeleb_vdhankar #####
Move is valid
##### SUCCESS: /usr/lib/jvm/jdk-14.0.1/bin/java -jar /lab/itti/projects/checkers-competition/server/referee.jar on run_13_ghafeleb_vdhankar #####
INPUT for vdhankar:
GAME
WHITE
34.9407477378845
.W......
........
.......b
b...w...
...w.b.b
..w.....
........
w.w.....
##### Running: /usr/bin/time -o time_13_ghafeleb_vdhankar.txt -f "%U" python3 homework.py > stulog.txt 2>&1 on vdhankar #####
child exited with value 1
##### ERROR: /usr/bin/time -o time_13_ghafeleb_vdhankar.txt -f "%U" python3 homework.py > stulog.txt 2>&1 on vdhankar #####
##### Output of failed program (stdout + stderr): #####
Traceback (most recent call last):
  File "homework.py", line 546, in <module>
    print(end-start)
NameError: name 'end' is not defined
##### End of output of failed program #####
##### vdhankar plays [E e5 f6] in 6.59084010124207s #####
##### Running: /usr/lib/jvm/jdk-14.0.1/bin/java -jar /lab/itti/projects/checkers-competition/server/referee.jar on run_13_ghafeleb_vdhankar #####
Move is valid
##### SUCCESS: /usr/lib/jvm/jdk-14.0.1/bin/java -jar /lab/itti/projects/checkers-competition/server/referee.jar on run_13_ghafeleb_vdhankar #####
INPUT for ghafeleb:
GAME
BLACK
289.85
.W......
........
.....w.b
b.......
...w.b.b
..w.....
........
w.w.....
##### Running: /usr/bin/time -o time_13_ghafeleb_vdhankar.txt -f "%U" python3 homework.py > stulog.txt 2>&1 on ghafeleb #####
##### SUCCESS: /usr/bin/time -o time_13_ghafeleb_vdhankar.txt -f "%U" python3 homework.py > stulog.txt 2>&1 on ghafeleb #####
##### ghafeleb plays [E h6 g5] in 0.31s #####
##### Running: /usr/lib/jvm/jdk-14.0.1/bin/java -jar /lab/itti/projects/checkers-competition/server/referee.jar on run_13_ghafeleb_vdhankar #####
Move is valid
##### SUCCESS: /usr/lib/jvm/jdk-14.0.1/bin/java -jar /lab/itti/projects/checkers-competition/server/referee.jar on run_13_ghafeleb_vdhankar #####
INPUT for vdhankar:
GAME
WHITE
28.3499076366425
.W......
........
.....w..
b.....b.
...w.b.b
..w.....
........
w.w.....
##### Running: /usr/bin/time -o time_13_ghafeleb_vdhankar.txt -f "%U" python3 homework.py > stulog.txt 2>&1 on vdhankar #####
child exited with value 1
##### ERROR: /usr/bin/time -o time_13_ghafeleb_vdhankar.txt -f "%U" python3 homework.py > stulog.txt 2>&1 on vdhankar #####
##### Output of failed program (stdout + stderr): #####
Traceback (most recent call last):
  File "homework.py", line 546, in <module>
    print(end-start)
NameError: name 'end' is not defined
##### End of output of failed program #####
##### vdhankar plays [E d4 e5] in 10.7667548656464s #####
##### Running: /usr/lib/jvm/jdk-14.0.1/bin/java -jar /lab/itti/projects/checkers-competition/server/referee.jar on run_13_ghafeleb_vdhankar #####
Move is valid
##### SUCCESS: /usr/lib/jvm/jdk-14.0.1/bin/java -jar /lab/itti/projects/checkers-competition/server/referee.jar on run_13_ghafeleb_vdhankar #####
INPUT for ghafeleb:
GAME
BLACK
289.54
.W......
........
.....w..
b...w.b.
.....b.b
..w.....
........
w.w.....
##### Running: /usr/bin/time -o time_13_ghafeleb_vdhankar.txt -f "%U" python3 homework.py > stulog.txt 2>&1 on ghafeleb #####
##### SUCCESS: /usr/bin/time -o time_13_ghafeleb_vdhankar.txt -f "%U" python3 homework.py > stulog.txt 2>&1 on ghafeleb #####
##### ghafeleb plays [E f4 g3] in 0.27s #####
##### Running: /usr/lib/jvm/jdk-14.0.1/bin/java -jar /lab/itti/projects/checkers-competition/server/referee.jar on run_13_ghafeleb_vdhankar #####
Move is valid
##### SUCCESS: /usr/lib/jvm/jdk-14.0.1/bin/java -jar /lab/itti/projects/checkers-competition/server/referee.jar on run_13_ghafeleb_vdhankar #####
INPUT for vdhankar:
GAME
WHITE
17.5831527709961
.W......
........
.....w..
b...w.b.
.......b
..w...b.
........
w.w.....
##### Running: /usr/bin/time -o time_13_ghafeleb_vdhankar.txt -f "%U" python3 homework.py > stulog.txt 2>&1 on vdhankar #####
child exited with value 1
##### ERROR: /usr/bin/time -o time_13_ghafeleb_vdhankar.txt -f "%U" python3 homework.py > stulog.txt 2>&1 on vdhankar #####
##### Output of failed program (stdout + stderr): #####
Traceback (most recent call last):
  File "homework.py", line 546, in <module>
    print(end-start)
NameError: name 'end' is not defined
##### End of output of failed program #####
##### vdhankar plays [E c3 d4] in 0.569874048233032s #####
##### Running: /usr/lib/jvm/jdk-14.0.1/bin/java -jar /lab/itti/projects/checkers-competition/server/referee.jar on run_13_ghafeleb_vdhankar #####
Move is valid
##### SUCCESS: /usr/lib/jvm/jdk-14.0.1/bin/java -jar /lab/itti/projects/checkers-competition/server/referee.jar on run_13_ghafeleb_vdhankar #####
INPUT for ghafeleb:
GAME
BLACK
289.27
.W......
........
.....w..
b...w.b.
...w...b
......b.
........
w.w.....
##### Running: /usr/bin/time -o time_13_ghafeleb_vdhankar.txt -f "%U" python3 homework.py > stulog.txt 2>&1 on ghafeleb #####
##### SUCCESS: /usr/bin/time -o time_13_ghafeleb_vdhankar.txt -f "%U" python3 homework.py > stulog.txt 2>&1 on ghafeleb #####
##### ghafeleb plays [E g3 h2] in 0.27s #####
##### Running: /usr/lib/jvm/jdk-14.0.1/bin/java -jar /lab/itti/projects/checkers-competition/server/referee.jar on run_13_ghafeleb_vdhankar #####
Move is valid
##### SUCCESS: /usr/lib/jvm/jdk-14.0.1/bin/java -jar /lab/itti/projects/checkers-competition/server/referee.jar on run_13_ghafeleb_vdhankar #####
INPUT for vdhankar:
GAME
WHITE
17.0132787227631
.W......
........
.....w..
b...w.b.
...w...b
........
.......b
w.w.....
##### Running: /usr/bin/time -o time_13_ghafeleb_vdhankar.txt -f "%U" python3 homework.py > stulog.txt 2>&1 on vdhankar #####
child exited with value 1
##### ERROR: /usr/bin/time -o time_13_ghafeleb_vdhankar.txt -f "%U" python3 homework.py > stulog.txt 2>&1 on vdhankar #####
##### Output of failed program (stdout + stderr): #####
Traceback (most recent call last):
  File "homework.py", line 546, in <module>
    print(end-start)
NameError: name 'end' is not defined
##### End of output of failed program #####
##### vdhankar plays [E f6 g7] in 0.40936017036438s #####
##### Running: /usr/lib/jvm/jdk-14.0.1/bin/java -jar /lab/itti/projects/checkers-competition/server/referee.jar on run_13_ghafeleb_vdhankar #####
Move is valid
##### SUCCESS: /usr/lib/jvm/jdk-14.0.1/bin/java -jar /lab/itti/projects/checkers-competition/server/referee.jar on run_13_ghafeleb_vdhankar #####
INPUT for ghafeleb:
GAME
BLACK
289
.W......
......w.
........
b...w.b.
...w...b
........
.......b
w.w.....
##### Running: /usr/bin/time -o time_13_ghafeleb_vdhankar.txt -f "%U" python3 homework.py > stulog.txt 2>&1 on ghafeleb #####
##### SUCCESS: /usr/bin/time -o time_13_ghafeleb_vdhankar.txt -f "%U" python3 homework.py > stulog.txt 2>&1 on ghafeleb #####
##### ghafeleb plays [E g5 f4] in 0.28s #####
##### Running: /usr/lib/jvm/jdk-14.0.1/bin/java -jar /lab/itti/projects/checkers-competition/server/referee.jar on run_13_ghafeleb_vdhankar #####
Move is valid
##### SUCCESS: /usr/lib/jvm/jdk-14.0.1/bin/java -jar /lab/itti/projects/checkers-competition/server/referee.jar on run_13_ghafeleb_vdhankar #####
INPUT for vdhankar:
GAME
WHITE
16.6039185523987
.W......
......w.
........
b...w...
...w.b.b
........
.......b
w.w.....
##### Running: /usr/bin/time -o time_13_ghafeleb_vdhankar.txt -f "%U" python3 homework.py > stulog.txt 2>&1 on vdhankar #####
child exited with value 1
##### ERROR: /usr/bin/time -o time_13_ghafeleb_vdhankar.txt -f "%U" python3 homework.py > stulog.txt 2>&1 on vdhankar #####
##### Output of failed program (stdout + stderr): #####
Traceback (most recent call last):
  File "homework.py", line 546, in <module>
    print(end-start)
NameError: name 'end' is not defined
##### End of output of failed program #####
##### vdhankar plays [E g7 h8] in 0.348852157592773s #####
##### Running: /usr/lib/jvm/jdk-14.0.1/bin/java -jar /lab/itti/projects/checkers-competition/server/referee.jar on run_13_ghafeleb_vdhankar #####
Move is valid
##### SUCCESS: /usr/lib/jvm/jdk-14.0.1/bin/java -jar /lab/itti/projects/checkers-competition/server/referee.jar on run_13_ghafeleb_vdhankar #####
INPUT for ghafeleb:
GAME
BLACK
288.72
.W.....W
........
........
b...w...
...w.b.b
........
.......b
w.w.....
##### Running: /usr/bin/time -o time_13_ghafeleb_vdhankar.txt -f "%U" python3 homework.py > stulog.txt 2>&1 on ghafeleb #####
##### SUCCESS: /usr/bin/time -o time_13_ghafeleb_vdhankar.txt -f "%U" python3 homework.py > stulog.txt 2>&1 on ghafeleb #####
##### ghafeleb plays [E f4 g3] in 0.28s #####
##### Running: /usr/lib/jvm/jdk-14.0.1/bin/java -jar /lab/itti/projects/checkers-competition/server/referee.jar on run_13_ghafeleb_vdhankar #####
Move is valid
##### SUCCESS: /usr/lib/jvm/jdk-14.0.1/bin/java -jar /lab/itti/projects/checkers-competition/server/referee.jar on run_13_ghafeleb_vdhankar #####
INPUT for vdhankar:
GAME
WHITE
16.2550663948059
.W.....W
........
........
b...w...
...w...b
......b.
.......b
w.w.....
##### Running: /usr/bin/time -o time_13_ghafeleb_vdhankar.txt -f "%U" python3 homework.py > stulog.txt 2>&1 on vdhankar #####
child exited with value 1
##### ERROR: /usr/bin/time -o time_13_ghafeleb_vdhankar.txt -f "%U" python3 homework.py > stulog.txt 2>&1 on vdhankar #####
##### Output of failed program (stdout + stderr): #####
Traceback (most recent call last):
  File "homework.py", line 546, in <module>
    print(end-start)
NameError: name 'end' is not defined
##### End of output of failed program #####
##### vdhankar plays [E h8 g7] in 0.437244176864624s #####
##### Running: /usr/lib/jvm/jdk-14.0.1/bin/java -jar /lab/itti/projects/checkers-competition/server/referee.jar on run_13_ghafeleb_vdhankar #####
Move is valid
##### SUCCESS: /usr/lib/jvm/jdk-14.0.1/bin/java -jar /lab/itti/projects/checkers-competition/server/referee.jar on run_13_ghafeleb_vdhankar #####
INPUT for ghafeleb:
GAME
BLACK
288.44
.W......
......W.
........
b...w...
...w...b
......b.
.......b
w.w.....
##### Running: /usr/bin/time -o time_13_ghafeleb_vdhankar.txt -f "%U" python3 homework.py > stulog.txt 2>&1 on ghafeleb #####
##### SUCCESS: /usr/bin/time -o time_13_ghafeleb_vdhankar.txt -f "%U" python3 homework.py > stulog.txt 2>&1 on ghafeleb #####
##### ghafeleb plays [E h2 g1] in 0.34s #####
##### Running: /usr/lib/jvm/jdk-14.0.1/bin/java -jar /lab/itti/projects/checkers-competition/server/referee.jar on run_13_ghafeleb_vdhankar #####
Move is valid
##### SUCCESS: /usr/lib/jvm/jdk-14.0.1/bin/java -jar /lab/itti/projects/checkers-competition/server/referee.jar on run_13_ghafeleb_vdhankar #####
INPUT for vdhankar:
GAME
WHITE
15.8178222179413
.W......
......W.
........
b...w...
...w...b
......b.
........
w.w...B.
##### Running: /usr/bin/time -o time_13_ghafeleb_vdhankar.txt -f "%U" python3 homework.py > stulog.txt 2>&1 on vdhankar #####
child exited with value 1
##### ERROR: /usr/bin/time -o time_13_ghafeleb_vdhankar.txt -f "%U" python3 homework.py > stulog.txt 2>&1 on vdhankar #####
##### Output of failed program (stdout + stderr): #####
Traceback (most recent call last):
  File "homework.py", line 546, in <module>
    print(end-start)
NameError: name 'end' is not defined
##### End of output of failed program #####
##### vdhankar plays [E g7 f6] in 0.50509786605835s #####
##### Running: /usr/lib/jvm/jdk-14.0.1/bin/java -jar /lab/itti/projects/checkers-competition/server/referee.jar on run_13_ghafeleb_vdhankar #####
Move is valid
##### SUCCESS: /usr/lib/jvm/jdk-14.0.1/bin/java -jar /lab/itti/projects/checkers-competition/server/referee.jar on run_13_ghafeleb_vdhankar #####
INPUT for ghafeleb:
GAME
BLACK
288.1
.W......
........
.....W..
b...w...
...w...b
......b.
........
w.w...B.
##### Running: /usr/bin/time -o time_13_ghafeleb_vdhankar.txt -f "%U" python3 homework.py > stulog.txt 2>&1 on ghafeleb #####
##### SUCCESS: /usr/bin/time -o time_13_ghafeleb_vdhankar.txt -f "%U" python3 homework.py > stulog.txt 2>&1 on ghafeleb #####
##### ghafeleb plays [E g3 f2] in 0.34s #####
##### Running: /usr/lib/jvm/jdk-14.0.1/bin/java -jar /lab/itti/projects/checkers-competition/server/referee.jar on run_13_ghafeleb_vdhankar #####
Move is valid
##### SUCCESS: /usr/lib/jvm/jdk-14.0.1/bin/java -jar /lab/itti/projects/checkers-competition/server/referee.jar on run_13_ghafeleb_vdhankar #####
INPUT for vdhankar:
GAME
WHITE
15.3127243518829
.W......
........
.....W..
b...w...
...w...b
........
.....b..
w.w...B.
##### Running: /usr/bin/time -o time_13_ghafeleb_vdhankar.txt -f "%U" python3 homework.py > stulog.txt 2>&1 on vdhankar #####
child exited with value 1
##### ERROR: /usr/bin/time -o time_13_ghafeleb_vdhankar.txt -f "%U" python3 homework.py > stulog.txt 2>&1 on vdhankar #####
##### Output of failed program (stdout + stderr): #####
Traceback (most recent call last):
  File "homework.py", line 546, in <module>
    print(end-start)
NameError: name 'end' is not defined
##### End of output of failed program #####
##### vdhankar plays [E b8 c7] in 0.459996223449707s #####
##### Running: /usr/lib/jvm/jdk-14.0.1/bin/java -jar /lab/itti/projects/checkers-competition/server/referee.jar on run_13_ghafeleb_vdhankar #####
Move is valid
##### SUCCESS: /usr/lib/jvm/jdk-14.0.1/bin/java -jar /lab/itti/projects/checkers-competition/server/referee.jar on run_13_ghafeleb_vdhankar #####
INPUT for ghafeleb:
GAME
BLACK
287.76
........
..W.....
.....W..
b...w...
...w...b
........
.....b..
w.w...B.
##### Running: /usr/bin/time -o time_13_ghafeleb_vdhankar.txt -f "%U" python3 homework.py > stulog.txt 2>&1 on ghafeleb #####
##### SUCCESS: /usr/bin/time -o time_13_ghafeleb_vdhankar.txt -f "%U" python3 homework.py > stulog.txt 2>&1 on ghafeleb #####
##### ghafeleb plays [E a5 b4] in 0.31s #####
##### Running: /usr/lib/jvm/jdk-14.0.1/bin/java -jar /lab/itti/projects/checkers-competition/server/referee.jar on run_13_ghafeleb_vdhankar #####
Move is valid
##### SUCCESS: /usr/lib/jvm/jdk-14.0.1/bin/java -jar /lab/itti/projects/checkers-competition/server/referee.jar on run_13_ghafeleb_vdhankar #####
INPUT for vdhankar:
GAME
WHITE
14.8527281284332
........
..W.....
.....W..
....w...
.b.w...b
........
.....b..
w.w...B.
##### Running: /usr/bin/time -o time_13_ghafeleb_vdhankar.txt -f "%U" python3 homework.py > stulog.txt 2>&1 on vdhankar #####
child exited with value 1
##### ERROR: /usr/bin/time -o time_13_ghafeleb_vdhankar.txt -f "%U" python3 homework.py > stulog.txt 2>&1 on vdhankar #####
##### Output of failed program (stdout + stderr): #####
Traceback (most recent call last):
  File "homework.py", line 546, in <module>
    print(end-start)
NameError: name 'end' is not defined
##### End of output of failed program #####
##### vdhankar plays [E c7 d6] in 0.44385814666748s #####
##### Running: /usr/lib/jvm/jdk-14.0.1/bin/java -jar /lab/itti/projects/checkers-competition/server/referee.jar on run_13_ghafeleb_vdhankar #####
Move is valid
##### SUCCESS: /usr/lib/jvm/jdk-14.0.1/bin/java -jar /lab/itti/projects/checkers-competition/server/referee.jar on run_13_ghafeleb_vdhankar #####
INPUT for ghafeleb:
GAME
BLACK
287.45
........
........
...W.W..
....w...
.b.w...b
........
.....b..
w.w...B.
##### Running: /usr/bin/time -o time_13_ghafeleb_vdhankar.txt -f "%U" python3 homework.py > stulog.txt 2>&1 on ghafeleb #####
##### SUCCESS: /usr/bin/time -o time_13_ghafeleb_vdhankar.txt -f "%U" python3 homework.py > stulog.txt 2>&1 on ghafeleb #####
##### ghafeleb plays [E h4 g3] in 0.29s #####
##### Running: /usr/lib/jvm/jdk-14.0.1/bin/java -jar /lab/itti/projects/checkers-competition/server/referee.jar on run_13_ghafeleb_vdhankar #####
Move is valid
##### SUCCESS: /usr/lib/jvm/jdk-14.0.1/bin/java -jar /lab/itti/projects/checkers-competition/server/referee.jar on run_13_ghafeleb_vdhankar #####
INPUT for vdhankar:
GAME
WHITE
14.4088699817657
........
........
...W.W..
....w...
.b.w....
......b.
.....b..
w.w...B.
##### Running: /usr/bin/time -o time_13_ghafeleb_vdhankar.txt -f "%U" python3 homework.py > stulog.txt 2>&1 on vdhankar #####
child exited with value 1
##### ERROR: /usr/bin/time -o time_13_ghafeleb_vdhankar.txt -f "%U" python3 homework.py > stulog.txt 2>&1 on vdhankar #####
##### Output of failed program (stdout + stderr): #####
Traceback (most recent call last):
  File "homework.py", line 546, in <module>
    print(end-start)
NameError: name 'end' is not defined
##### End of output of failed program #####
##### vdhankar plays [E f6 g7] in 0.360907077789307s #####
##### Running: /usr/lib/jvm/jdk-14.0.1/bin/java -jar /lab/itti/projects/checkers-competition/server/referee.jar on run_13_ghafeleb_vdhankar #####
Move is valid
##### SUCCESS: /usr/lib/jvm/jdk-14.0.1/bin/java -jar /lab/itti/projects/checkers-competition/server/referee.jar on run_13_ghafeleb_vdhankar #####
INPUT for ghafeleb:
GAME
BLACK
287.16
........
......W.
...W....
....w...
.b.w....
......b.
.....b..
w.w...B.
##### Running: /usr/bin/time -o time_13_ghafeleb_vdhankar.txt -f "%U" python3 homework.py > stulog.txt 2>&1 on ghafeleb #####
##### SUCCESS: /usr/bin/time -o time_13_ghafeleb_vdhankar.txt -f "%U" python3 homework.py > stulog.txt 2>&1 on ghafeleb #####
##### ghafeleb plays [E f2 e1] in 0.43s #####
##### Running: /usr/lib/jvm/jdk-14.0.1/bin/java -jar /lab/itti/projects/checkers-competition/server/referee.jar on run_13_ghafeleb_vdhankar #####
Move is valid
##### SUCCESS: /usr/lib/jvm/jdk-14.0.1/bin/java -jar /lab/itti/projects/checkers-competition/server/referee.jar on run_13_ghafeleb_vdhankar #####
INPUT for vdhankar:
GAME
WHITE
14.0479629039764
........
......W.
...W....
....w...
.b.w....
......b.
........
w.w.B.B.
##### Running: /usr/bin/time -o time_13_ghafeleb_vdhankar.txt -f "%U" python3 homework.py > stulog.txt 2>&1 on vdhankar #####
child exited with value 1
##### ERROR: /usr/bin/time -o time_13_ghafeleb_vdhankar.txt -f "%U" python3 homework.py > stulog.txt 2>&1 on vdhankar #####
##### Output of failed program (stdout + stderr): #####
Traceback (most recent call last):
  File "homework.py", line 546, in <module>
    print(end-start)
NameError: name 'end' is not defined
##### End of output of failed program #####
##### vdhankar plays [E d6 c5] in 0.323083162307739s #####
##### Running: /usr/lib/jvm/jdk-14.0.1/bin/java -jar /lab/itti/projects/checkers-competition/server/referee.jar on run_13_ghafeleb_vdhankar #####
Move is valid
##### SUCCESS: /usr/lib/jvm/jdk-14.0.1/bin/java -jar /lab/itti/projects/checkers-competition/server/referee.jar on run_13_ghafeleb_vdhankar #####
INPUT for ghafeleb:
GAME
BLACK
286.73
........
......W.
........
..W.w...
.b.w....
......b.
........
w.w.B.B.
##### Running: /usr/bin/time -o time_13_ghafeleb_vdhankar.txt -f "%U" python3 homework.py > stulog.txt 2>&1 on ghafeleb #####
##### SUCCESS: /usr/bin/time -o time_13_ghafeleb_vdhankar.txt -f "%U" python3 homework.py > stulog.txt 2>&1 on ghafeleb #####
##### ghafeleb plays [E b4 a3] in 0.41s #####
##### Running: /usr/lib/jvm/jdk-14.0.1/bin/java -jar /lab/itti/projects/checkers-competition/server/referee.jar on run_13_ghafeleb_vdhankar #####
Move is valid
##### SUCCESS: /usr/lib/jvm/jdk-14.0.1/bin/java -jar /lab/itti/projects/checkers-competition/server/referee.jar on run_13_ghafeleb_vdhankar #####
INPUT for vdhankar:
GAME
WHITE
13.7248797416687
........
......W.
........
..W.w...
...w....
b.....b.
........
w.w.B.B.
##### Running: /usr/bin/time -o time_13_ghafeleb_vdhankar.txt -f "%U" python3 homework.py > stulog.txt 2>&1 on vdhankar #####
child exited with value 1
##### ERROR: /usr/bin/time -o time_13_ghafeleb_vdhankar.txt -f "%U" python3 homework.py > stulog.txt 2>&1 on vdhankar #####
##### Output of failed program (stdout + stderr): #####
Traceback (most recent call last):
  File "homework.py", line 546, in <module>
    print(end-start)
NameError: name 'end' is not defined
##### End of output of failed program #####
##### vdhankar plays [E c5 d6] in 0.529398918151855s #####
##### Running: /usr/lib/jvm/jdk-14.0.1/bin/java -jar /lab/itti/projects/checkers-competition/server/referee.jar on run_13_ghafeleb_vdhankar #####
Move is valid
##### SUCCESS: /usr/lib/jvm/jdk-14.0.1/bin/java -jar /lab/itti/projects/checkers-competition/server/referee.jar on run_13_ghafeleb_vdhankar #####
INPUT for ghafeleb:
GAME
BLACK
286.32
........
......W.
...W....
....w...
...w....
b.....b.
........
w.w.B.B.
##### Running: /usr/bin/time -o time_13_ghafeleb_vdhankar.txt -f "%U" python3 homework.py > stulog.txt 2>&1 on ghafeleb #####
##### SUCCESS: /usr/bin/time -o time_13_ghafeleb_vdhankar.txt -f "%U" python3 homework.py > stulog.txt 2>&1 on ghafeleb #####
##### ghafeleb plays [E g3 h2] in 0.56s #####
##### Running: /usr/lib/jvm/jdk-14.0.1/bin/java -jar /lab/itti/projects/checkers-competition/server/referee.jar on run_13_ghafeleb_vdhankar #####
Move is valid
##### SUCCESS: /usr/lib/jvm/jdk-14.0.1/bin/java -jar /lab/itti/projects/checkers-competition/server/referee.jar on run_13_ghafeleb_vdhankar #####
INPUT for vdhankar:
GAME
WHITE
13.1954808235168
........
......W.
...W....
....w...
...w....
b.......
.......b
w.w.B.B.
##### Running: /usr/bin/time -o time_13_ghafeleb_vdhankar.txt -f "%U" python3 homework.py > stulog.txt 2>&1 on vdhankar #####
child exited with value 1
##### ERROR: /usr/bin/time -o time_13_ghafeleb_vdhankar.txt -f "%U" python3 homework.py > stulog.txt 2>&1 on vdhankar #####
##### Output of failed program (stdout + stderr): #####
Traceback (most recent call last):
  File "homework.py", line 546, in <module>
    print(end-start)
NameError: name 'end' is not defined
##### End of output of failed program #####
##### vdhankar plays [E d6 c5] in 0.573135137557983s #####
##### Running: /usr/lib/jvm/jdk-14.0.1/bin/java -jar /lab/itti/projects/checkers-competition/server/referee.jar on run_13_ghafeleb_vdhankar #####
Move is valid
##### SUCCESS: /usr/lib/jvm/jdk-14.0.1/bin/java -jar /lab/itti/projects/checkers-competition/server/referee.jar on run_13_ghafeleb_vdhankar #####
INPUT for ghafeleb:
GAME
BLACK
285.76
........
......W.
........
..W.w...
...w....
b.......
.......b
w.w.B.B.
##### Running: /usr/bin/time -o time_13_ghafeleb_vdhankar.txt -f "%U" python3 homework.py > stulog.txt 2>&1 on ghafeleb #####
##### SUCCESS: /usr/bin/time -o time_13_ghafeleb_vdhankar.txt -f "%U" python3 homework.py > stulog.txt 2>&1 on ghafeleb #####
##### ghafeleb plays [E g1 f2] in 0.28s #####
##### Running: /usr/lib/jvm/jdk-14.0.1/bin/java -jar /lab/itti/projects/checkers-competition/server/referee.jar on run_13_ghafeleb_vdhankar #####
Move is valid
##### SUCCESS: /usr/lib/jvm/jdk-14.0.1/bin/java -jar /lab/itti/projects/checkers-competition/server/referee.jar on run_13_ghafeleb_vdhankar #####
INPUT for vdhankar:
GAME
WHITE
12.6223456859589
........
......W.
........
..W.w...
...w....
b.......
.....B.b
w.w.B...
##### Running: /usr/bin/time -o time_13_ghafeleb_vdhankar.txt -f "%U" python3 homework.py > stulog.txt 2>&1 on vdhankar #####
child exited with value 1
##### ERROR: /usr/bin/time -o time_13_ghafeleb_vdhankar.txt -f "%U" python3 homework.py > stulog.txt 2>&1 on vdhankar #####
##### Output of failed program (stdout + stderr): #####
Traceback (most recent call last):
  File "homework.py", line 546, in <module>
    print(end-start)
NameError: name 'end' is not defined
##### End of output of failed program #####
##### vdhankar plays [E g7 h6] in 0.429141998291016s #####
##### Running: /usr/lib/jvm/jdk-14.0.1/bin/java -jar /lab/itti/projects/checkers-competition/server/referee.jar on run_13_ghafeleb_vdhankar #####
Move is valid
##### SUCCESS: /usr/lib/jvm/jdk-14.0.1/bin/java -jar /lab/itti/projects/checkers-competition/server/referee.jar on run_13_ghafeleb_vdhankar #####
INPUT for ghafeleb:
GAME
BLACK
285.48
........
........
.......W
..W.w...
...w....
b.......
.....B.b
w.w.B...
##### Running: /usr/bin/time -o time_13_ghafeleb_vdhankar.txt -f "%U" python3 homework.py > stulog.txt 2>&1 on ghafeleb #####
##### SUCCESS: /usr/bin/time -o time_13_ghafeleb_vdhankar.txt -f "%U" python3 homework.py > stulog.txt 2>&1 on ghafeleb #####
##### ghafeleb plays [E f2 g3] in 0.33s #####
##### Running: /usr/lib/jvm/jdk-14.0.1/bin/java -jar /lab/itti/projects/checkers-competition/server/referee.jar on run_13_ghafeleb_vdhankar #####
Move is valid
##### SUCCESS: /usr/lib/jvm/jdk-14.0.1/bin/java -jar /lab/itti/projects/checkers-competition/server/referee.jar on run_13_ghafeleb_vdhankar #####
INPUT for vdhankar:
GAME
WHITE
12.1932036876678
........
........
.......W
..W.w...
...w....
b.....B.
.......b
w.w.B...
##### Running: /usr/bin/time -o time_13_ghafeleb_vdhankar.txt -f "%U" python3 homework.py > stulog.txt 2>&1 on vdhankar #####
child exited with value 1
##### ERROR: /usr/bin/time -o time_13_ghafeleb_vdhankar.txt -f "%U" python3 homework.py > stulog.txt 2>&1 on vdhankar #####
##### Output of failed program (stdout + stderr): #####
Traceback (most recent call last):
  File "homework.py", line 546, in <module>
    print(end-start)
NameError: name 'end' is not defined
##### End of output of failed program #####
##### vdhankar plays [E h6 g5] in 0.493709087371826s #####
##### Running: /usr/lib/jvm/jdk-14.0.1/bin/java -jar /lab/itti/projects/checkers-competition/server/referee.jar on run_13_ghafeleb_vdhankar #####
Move is valid
##### SUCCESS: /usr/lib/jvm/jdk-14.0.1/bin/java -jar /lab/itti/projects/checkers-competition/server/referee.jar on run_13_ghafeleb_vdhankar #####
INPUT for ghafeleb:
GAME
BLACK
285.15
........
........
........
..W.w.W.
...w....
b.....B.
.......b
w.w.B...
##### Running: /usr/bin/time -o time_13_ghafeleb_vdhankar.txt -f "%U" python3 homework.py > stulog.txt 2>&1 on ghafeleb #####
##### SUCCESS: /usr/bin/time -o time_13_ghafeleb_vdhankar.txt -f "%U" python3 homework.py > stulog.txt 2>&1 on ghafeleb #####
##### ghafeleb plays [E g3 f2] in 0.41s #####
##### Running: /usr/lib/jvm/jdk-14.0.1/bin/java -jar /lab/itti/projects/checkers-competition/server/referee.jar on run_13_ghafeleb_vdhankar #####
Move is valid
##### SUCCESS: /usr/lib/jvm/jdk-14.0.1/bin/java -jar /lab/itti/projects/checkers-competition/server/referee.jar on run_13_ghafeleb_vdhankar #####
INPUT for vdhankar:
GAME
WHITE
11.699494600296
........
........
........
..W.w.W.
...w....
b.......
.....B.b
w.w.B...
##### Running: /usr/bin/time -o time_13_ghafeleb_vdhankar.txt -f "%U" python3 homework.py > stulog.txt 2>&1 on vdhankar #####
child exited with value 1
##### ERROR: /usr/bin/time -o time_13_ghafeleb_vdhankar.txt -f "%U" python3 homework.py > stulog.txt 2>&1 on vdhankar #####
##### Output of failed program (stdout + stderr): #####
Traceback (most recent call last):
  File "homework.py", line 546, in <module>
    print(end-start)
NameError: name 'end' is not defined
##### End of output of failed program #####
##### vdhankar plays [E g5 f4] in 0.49899697303772s #####
##### Running: /usr/lib/jvm/jdk-14.0.1/bin/java -jar /lab/itti/projects/checkers-competition/server/referee.jar on run_13_ghafeleb_vdhankar #####
Move is valid
##### SUCCESS: /usr/lib/jvm/jdk-14.0.1/bin/java -jar /lab/itti/projects/checkers-competition/server/referee.jar on run_13_ghafeleb_vdhankar #####
INPUT for ghafeleb:
GAME
BLACK
284.74
........
........
........
..W.w...
...w.W..
b.......
.....B.b
w.w.B...
##### Running: /usr/bin/time -o time_13_ghafeleb_vdhankar.txt -f "%U" python3 homework.py > stulog.txt 2>&1 on ghafeleb #####
##### SUCCESS: /usr/bin/time -o time_13_ghafeleb_vdhankar.txt -f "%U" python3 homework.py > stulog.txt 2>&1 on ghafeleb #####
##### ghafeleb plays [E h2 g1] in 0.38s #####
##### Running: /usr/lib/jvm/jdk-14.0.1/bin/java -jar /lab/itti/projects/checkers-competition/server/referee.jar on run_13_ghafeleb_vdhankar #####
Move is valid
##### SUCCESS: /usr/lib/jvm/jdk-14.0.1/bin/java -jar /lab/itti/projects/checkers-competition/server/referee.jar on run_13_ghafeleb_vdhankar #####
INPUT for vdhankar:
GAME
WHITE
11.2004976272583
........
........
........
..W.w...
...w.W..
b.......
.....B..
w.w.B.B.
##### Running: /usr/bin/time -o time_13_ghafeleb_vdhankar.txt -f "%U" python3 homework.py > stulog.txt 2>&1 on vdhankar #####
child exited with value 1
##### ERROR: /usr/bin/time -o time_13_ghafeleb_vdhankar.txt -f "%U" python3 homework.py > stulog.txt 2>&1 on vdhankar #####
##### Output of failed program (stdout + stderr): #####
Traceback (most recent call last):
  File "homework.py", line 546, in <module>
    print(end-start)
NameError: name 'end' is not defined
##### End of output of failed program #####
##### vdhankar plays [E f4 g5] in 0.31297492980957s #####
##### Running: /usr/lib/jvm/jdk-14.0.1/bin/java -jar /lab/itti/projects/checkers-competition/server/referee.jar on run_13_ghafeleb_vdhankar #####
Move is valid
##### SUCCESS: /usr/lib/jvm/jdk-14.0.1/bin/java -jar /lab/itti/projects/checkers-competition/server/referee.jar on run_13_ghafeleb_vdhankar #####
INPUT for ghafeleb:
GAME
BLACK
284.36
........
........
........
..W.w.W.
...w....
b.......
.....B..
w.w.B.B.
##### Running: /usr/bin/time -o time_13_ghafeleb_vdhankar.txt -f "%U" python3 homework.py > stulog.txt 2>&1 on ghafeleb #####
##### SUCCESS: /usr/bin/time -o time_13_ghafeleb_vdhankar.txt -f "%U" python3 homework.py > stulog.txt 2>&1 on ghafeleb #####
##### ghafeleb plays [E f2 e3] in 0.42s #####
##### Running: /usr/lib/jvm/jdk-14.0.1/bin/java -jar /lab/itti/projects/checkers-competition/server/referee.jar on run_13_ghafeleb_vdhankar #####
Move is valid
##### SUCCESS: /usr/lib/jvm/jdk-14.0.1/bin/java -jar /lab/itti/projects/checkers-competition/server/referee.jar on run_13_ghafeleb_vdhankar #####
INPUT for vdhankar:
GAME
WHITE
10.8875226974487
........
........
........
..W.w.W.
...w....
b...B...
........
w.w.B.B.
##### Running: /usr/bin/time -o time_13_ghafeleb_vdhankar.txt -f "%U" python3 homework.py > stulog.txt 2>&1 on vdhankar #####
child exited with value 1
##### ERROR: /usr/bin/time -o time_13_ghafeleb_vdhankar.txt -f "%U" python3 homework.py > stulog.txt 2>&1 on vdhankar #####
##### Output of failed program (stdout + stderr): #####
Traceback (most recent call last):
  File "homework.py", line 546, in <module>
    print(end-start)
NameError: name 'end' is not defined
##### End of output of failed program #####
##### vdhankar plays [E c5 b4] in 0.449379205703735s #####
##### Running: /usr/lib/jvm/jdk-14.0.1/bin/java -jar /lab/itti/projects/checkers-competition/server/referee.jar on run_13_ghafeleb_vdhankar #####
Move is valid
##### SUCCESS: /usr/lib/jvm/jdk-14.0.1/bin/java -jar /lab/itti/projects/checkers-competition/server/referee.jar on run_13_ghafeleb_vdhankar #####
INPUT for ghafeleb:
GAME
BLACK
283.94
........
........
........
....w.W.
.W.w....
b...B...
........
w.w.B.B.
##### Running: /usr/bin/time -o time_13_ghafeleb_vdhankar.txt -f "%U" python3 homework.py > stulog.txt 2>&1 on ghafeleb #####
##### SUCCESS: /usr/bin/time -o time_13_ghafeleb_vdhankar.txt -f "%U" python3 homework.py > stulog.txt 2>&1 on ghafeleb #####
##### ghafeleb plays [J e3 c5] in 0.12s #####
##### Running: /usr/lib/jvm/jdk-14.0.1/bin/java -jar /lab/itti/projects/checkers-competition/server/referee.jar on run_13_ghafeleb_vdhankar #####
Move is valid
##### SUCCESS: /usr/lib/jvm/jdk-14.0.1/bin/java -jar /lab/itti/projects/checkers-competition/server/referee.jar on run_13_ghafeleb_vdhankar #####
INPUT for vdhankar:
GAME
WHITE
10.438143491745
........
........
........
..B.w.W.
.W......
b.......
........
w.w.B.B.
##### Running: /usr/bin/time -o time_13_ghafeleb_vdhankar.txt -f "%U" python3 homework.py > stulog.txt 2>&1 on vdhankar #####
child exited with value 1
##### ERROR: /usr/bin/time -o time_13_ghafeleb_vdhankar.txt -f "%U" python3 homework.py > stulog.txt 2>&1 on vdhankar #####
##### Output of failed program (stdout + stderr): #####
Traceback (most recent call last):
  File "homework.py", line 546, in <module>
    print(end-start)
NameError: name 'end' is not defined
##### End of output of failed program #####
##### vdhankar plays [J b4 d6] in 0.354465007781982s #####
##### Running: /usr/lib/jvm/jdk-14.0.1/bin/java -jar /lab/itti/projects/checkers-competition/server/referee.jar on run_13_ghafeleb_vdhankar #####
Move is valid
##### SUCCESS: /usr/lib/jvm/jdk-14.0.1/bin/java -jar /lab/itti/projects/checkers-competition/server/referee.jar on run_13_ghafeleb_vdhankar #####
INPUT for ghafeleb:
GAME
BLACK
283.82
........
........
...W....
....w.W.
........
b.......
........
w.w.B.B.
##### Running: /usr/bin/time -o time_13_ghafeleb_vdhankar.txt -f "%U" python3 homework.py > stulog.txt 2>&1 on ghafeleb #####
##### SUCCESS: /usr/bin/time -o time_13_ghafeleb_vdhankar.txt -f "%U" python3 homework.py > stulog.txt 2>&1 on ghafeleb #####
##### ghafeleb plays [E e1 f2] in 0.29s #####
##### Running: /usr/lib/jvm/jdk-14.0.1/bin/java -jar /lab/itti/projects/checkers-competition/server/referee.jar on run_13_ghafeleb_vdhankar #####
Move is valid
##### SUCCESS: /usr/lib/jvm/jdk-14.0.1/bin/java -jar /lab/itti/projects/checkers-competition/server/referee.jar on run_13_ghafeleb_vdhankar #####
INPUT for vdhankar:
GAME
WHITE
10.083678483963
........
........
...W....
....w.W.
........
b.......
.....B..
w.w...B.
##### Running: /usr/bin/time -o time_13_ghafeleb_vdhankar.txt -f "%U" python3 homework.py > stulog.txt 2>&1 on vdhankar #####
child exited with value 1
##### ERROR: /usr/bin/time -o time_13_ghafeleb_vdhankar.txt -f "%U" python3 homework.py > stulog.txt 2>&1 on vdhankar #####
##### Output of failed program (stdout + stderr): #####
Traceback (most recent call last):
  File "homework.py", line 546, in <module>
    print(end-start)
NameError: name 'end' is not defined
##### End of output of failed program #####
##### vdhankar plays [E g5 f4] in 0.471023082733154s #####
##### Running: /usr/lib/jvm/jdk-14.0.1/bin/java -jar /lab/itti/projects/checkers-competition/server/referee.jar on run_13_ghafeleb_vdhankar #####
Move is valid
##### SUCCESS: /usr/lib/jvm/jdk-14.0.1/bin/java -jar /lab/itti/projects/checkers-competition/server/referee.jar on run_13_ghafeleb_vdhankar #####
INPUT for ghafeleb:
GAME
BLACK
283.53
........
........
...W....
....w...
.....W..
b.......
.....B..
w.w...B.
##### Running: /usr/bin/time -o time_13_ghafeleb_vdhankar.txt -f "%U" python3 homework.py > stulog.txt 2>&1 on ghafeleb #####
##### SUCCESS: /usr/bin/time -o time_13_ghafeleb_vdhankar.txt -f "%U" python3 homework.py > stulog.txt 2>&1 on ghafeleb #####
##### ghafeleb plays [E f2 e1] in 0.17s #####
##### Running: /usr/lib/jvm/jdk-14.0.1/bin/java -jar /lab/itti/projects/checkers-competition/server/referee.jar on run_13_ghafeleb_vdhankar #####
Move is valid
##### SUCCESS: /usr/lib/jvm/jdk-14.0.1/bin/java -jar /lab/itti/projects/checkers-competition/server/referee.jar on run_13_ghafeleb_vdhankar #####
INPUT for vdhankar:
GAME
WHITE
9.61265540122986
........
........
...W....
....w...
.....W..
b.......
........
w.w.B.B.
##### Running: /usr/bin/time -o time_13_ghafeleb_vdhankar.txt -f "%U" python3 homework.py > stulog.txt 2>&1 on vdhankar #####
child exited with value 1
##### ERROR: /usr/bin/time -o time_13_ghafeleb_vdhankar.txt -f "%U" python3 homework.py > stulog.txt 2>&1 on vdhankar #####
##### Output of failed program (stdout + stderr): #####
Traceback (most recent call last):
  File "homework.py", line 546, in <module>
    print(end-start)
NameError: name 'end' is not defined
##### End of output of failed program #####
##### vdhankar plays [E f4 g3] in 0.41964316368103s #####
##### Running: /usr/lib/jvm/jdk-14.0.1/bin/java -jar /lab/itti/projects/checkers-competition/server/referee.jar on run_13_ghafeleb_vdhankar #####
Move is valid
##### SUCCESS: /usr/lib/jvm/jdk-14.0.1/bin/java -jar /lab/itti/projects/checkers-competition/server/referee.jar on run_13_ghafeleb_vdhankar #####
INPUT for ghafeleb:
GAME
BLACK
283.36
........
........
...W....
....w...
........
b.....W.
........
w.w.B.B.
##### Running: /usr/bin/time -o time_13_ghafeleb_vdhankar.txt -f "%U" python3 homework.py > stulog.txt 2>&1 on ghafeleb #####
##### SUCCESS: /usr/bin/time -o time_13_ghafeleb_vdhankar.txt -f "%U" python3 homework.py > stulog.txt 2>&1 on ghafeleb #####
##### ghafeleb plays [E g1 h2] in 0.19s #####
##### Running: /usr/lib/jvm/jdk-14.0.1/bin/java -jar /lab/itti/projects/checkers-competition/server/referee.jar on run_13_ghafeleb_vdhankar #####
Move is valid
##### SUCCESS: /usr/lib/jvm/jdk-14.0.1/bin/java -jar /lab/itti/projects/checkers-competition/server/referee.jar on run_13_ghafeleb_vdhankar #####
INPUT for vdhankar:
GAME
WHITE
9.19301223754883
........
........
...W....
....w...
........
b.....W.
.......B
w.w.B...
##### Running: /usr/bin/time -o time_13_ghafeleb_vdhankar.txt -f "%U" python3 homework.py > stulog.txt 2>&1 on vdhankar #####
child exited with value 1
##### ERROR: /usr/bin/time -o time_13_ghafeleb_vdhankar.txt -f "%U" python3 homework.py > stulog.txt 2>&1 on vdhankar #####
##### Output of failed program (stdout + stderr): #####
Traceback (most recent call last):
  File "homework.py", line 546, in <module>
    print(end-start)
NameError: name 'end' is not defined
##### End of output of failed program #####
##### vdhankar plays [E g3 f4] in 0.293097019195557s #####
##### Running: /usr/lib/jvm/jdk-14.0.1/bin/java -jar /lab/itti/projects/checkers-competition/server/referee.jar on run_13_ghafeleb_vdhankar #####
Move is valid
##### SUCCESS: /usr/lib/jvm/jdk-14.0.1/bin/java -jar /lab/itti/projects/checkers-competition/server/referee.jar on run_13_ghafeleb_vdhankar #####
INPUT for ghafeleb:
GAME
BLACK
283.17
........
........
...W....
....w...
.....W..
b.......
.......B
w.w.B...
##### Running: /usr/bin/time -o time_13_ghafeleb_vdhankar.txt -f "%U" python3 homework.py > stulog.txt 2>&1 on ghafeleb #####
##### SUCCESS: /usr/bin/time -o time_13_ghafeleb_vdhankar.txt -f "%U" python3 homework.py > stulog.txt 2>&1 on ghafeleb #####
##### ghafeleb plays [E h2 g1] in 0.2s #####
##### Running: /usr/lib/jvm/jdk-14.0.1/bin/java -jar /lab/itti/projects/checkers-competition/server/referee.jar on run_13_ghafeleb_vdhankar #####
Move is valid
##### SUCCESS: /usr/lib/jvm/jdk-14.0.1/bin/java -jar /lab/itti/projects/checkers-competition/server/referee.jar on run_13_ghafeleb_vdhankar #####
INPUT for vdhankar:
GAME
WHITE
8.89991521835327
........
........
...W....
....w...
.....W..
b.......
........
w.w.B.B.
##### Running: /usr/bin/time -o time_13_ghafeleb_vdhankar.txt -f "%U" python3 homework.py > stulog.txt 2>&1 on vdhankar #####
child exited with value 1
##### ERROR: /usr/bin/time -o time_13_ghafeleb_vdhankar.txt -f "%U" python3 homework.py > stulog.txt 2>&1 on vdhankar #####
##### Output of failed program (stdout + stderr): #####
Traceback (most recent call last):
  File "homework.py", line 546, in <module>
    print(end-start)
NameError: name 'end' is not defined
##### End of output of failed program #####
##### vdhankar plays [E f4 g3] in 0.306890964508057s #####
##### Running: /usr/lib/jvm/jdk-14.0.1/bin/java -jar /lab/itti/projects/checkers-competition/server/referee.jar on run_13_ghafeleb_vdhankar #####
Move is valid
##### SUCCESS: /usr/lib/jvm/jdk-14.0.1/bin/java -jar /lab/itti/projects/checkers-competition/server/referee.jar on run_13_ghafeleb_vdhankar #####
INPUT for ghafeleb:
GAME
BLACK
282.97
........
........
...W....
....w...
........
b.....W.
........
w.w.B.B.
##### Running: /usr/bin/time -o time_13_ghafeleb_vdhankar.txt -f "%U" python3 homework.py > stulog.txt 2>&1 on ghafeleb #####
##### SUCCESS: /usr/bin/time -o time_13_ghafeleb_vdhankar.txt -f "%U" python3 homework.py > stulog.txt 2>&1 on ghafeleb #####
##### ghafeleb plays [E g1 h2] in 0.22s #####
##### Running: /usr/lib/jvm/jdk-14.0.1/bin/java -jar /lab/itti/projects/checkers-competition/server/referee.jar on run_13_ghafeleb_vdhankar #####
Move is valid
##### SUCCESS: /usr/lib/jvm/jdk-14.0.1/bin/java -jar /lab/itti/projects/checkers-competition/server/referee.jar on run_13_ghafeleb_vdhankar #####
INPUT for vdhankar:
GAME
WHITE
8.59302425384521
........
........
...W....
....w...
........
b.....W.
.......B
w.w.B...
##### Running: /usr/bin/time -o time_13_ghafeleb_vdhankar.txt -f "%U" python3 homework.py > stulog.txt 2>&1 on vdhankar #####
child exited with value 1
##### ERROR: /usr/bin/time -o time_13_ghafeleb_vdhankar.txt -f "%U" python3 homework.py > stulog.txt 2>&1 on vdhankar #####
##### Output of failed program (stdout + stderr): #####
Traceback (most recent call last):
  File "homework.py", line 546, in <module>
    print(end-start)
NameError: name 'end' is not defined
##### End of output of failed program #####
##### vdhankar plays [E g3 f4] in 0.430817127227783s #####
##### Running: /usr/lib/jvm/jdk-14.0.1/bin/java -jar /lab/itti/projects/checkers-competition/server/referee.jar on run_13_ghafeleb_vdhankar #####
Move is valid
##### SUCCESS: /usr/lib/jvm/jdk-14.0.1/bin/java -jar /lab/itti/projects/checkers-competition/server/referee.jar on run_13_ghafeleb_vdhankar #####
INPUT for ghafeleb:
GAME
BLACK
282.75
........
........
...W....
....w...
.....W..
b.......
.......B
w.w.B...
##### Running: /usr/bin/time -o time_13_ghafeleb_vdhankar.txt -f "%U" python3 homework.py > stulog.txt 2>&1 on ghafeleb #####
##### SUCCESS: /usr/bin/time -o time_13_ghafeleb_vdhankar.txt -f "%U" python3 homework.py > stulog.txt 2>&1 on ghafeleb #####
##### ghafeleb plays [E h2 g1] in 0.27s #####
##### Running: /usr/lib/jvm/jdk-14.0.1/bin/java -jar /lab/itti/projects/checkers-competition/server/referee.jar on run_13_ghafeleb_vdhankar #####
Move is valid
##### SUCCESS: /usr/lib/jvm/jdk-14.0.1/bin/java -jar /lab/itti/projects/checkers-competition/server/referee.jar on run_13_ghafeleb_vdhankar #####
INPUT for vdhankar:
GAME
WHITE
8.16220712661743
........
........
...W....
....w...
.....W..
b.......
........
w.w.B.B.
##### Running: /usr/bin/time -o time_13_ghafeleb_vdhankar.txt -f "%U" python3 homework.py > stulog.txt 2>&1 on vdhankar #####
child exited with value 1
##### ERROR: /usr/bin/time -o time_13_ghafeleb_vdhankar.txt -f "%U" python3 homework.py > stulog.txt 2>&1 on vdhankar #####
##### Output of failed program (stdout + stderr): #####
Traceback (most recent call last):
  File "homework.py", line 546, in <module>
    print(end-start)
NameError: name 'end' is not defined
##### End of output of failed program #####
##### vdhankar plays [E f4 g3] in 0.29143500328064s #####
##### Running: /usr/lib/jvm/jdk-14.0.1/bin/java -jar /lab/itti/projects/checkers-competition/server/referee.jar on run_13_ghafeleb_vdhankar #####
Move is valid
Seen this position 3 times
*** Game ends in draw ***
##### SUCCESS: /usr/lib/jvm/jdk-14.0.1/bin/java -jar /lab/itti/projects/checkers-competition/server/referee.jar on run_13_ghafeleb_vdhankar #####
##### GAME ENDS IN A DRAW. Time left for ghafeleb: 282.48s, vdhankar: 7.87077212333679s
Server said: DRAW
##### GAME OVER: the game ends in a draw, ghafeleb wins by time remaining #####
########## ROUND 13 GAMESCORE AFTER GAME 2: ghafeleb=2 and vdhankar=0 ##########
#################### ROUND 13: ghafeleb (W) vs vdhankar (B): game 3 ####################
##### game start! #####
INPUT for vdhankar:
GAME
BLACK
300
.b.b.b.b
b.b.b.b.
.b.b.b.b
........
........
w.w.w.w.
.w.w.w.w
w.w.w.w.
##### Running: /usr/bin/time -o time_13_ghafeleb_vdhankar.txt -f "%U" python3 homework.py > stulog.txt 2>&1 on vdhankar #####
child exited with value 1
##### ERROR: /usr/bin/time -o time_13_ghafeleb_vdhankar.txt -f "%U" python3 homework.py > stulog.txt 2>&1 on vdhankar #####
##### Output of failed program (stdout + stderr): #####
Traceback (most recent call last):
  File "homework.py", line 546, in <module>
    print(end-start)
NameError: name 'end' is not defined
##### End of output of failed program #####
##### vdhankar plays [E h6 g5] in 10.672858953476s #####
##### Running: /usr/lib/jvm/jdk-14.0.1/bin/java -jar /lab/itti/projects/checkers-competition/server/referee.jar on run_13_ghafeleb_vdhankar #####
Move is valid
Couldn't read file 'current_ply.txt'
Couldn't read content from file 'current_ply.txt'
Couldn't read file 'lastmatchange_ply.txt'
Couldn't read content from file 'lastmatchange_ply.txt'
##### SUCCESS: /usr/lib/jvm/jdk-14.0.1/bin/java -jar /lab/itti/projects/checkers-competition/server/referee.jar on run_13_ghafeleb_vdhankar #####
INPUT for ghafeleb:
GAME
WHITE
300
.b.b.b.b
b.b.b.b.
.b.b.b..
......b.
........
w.w.w.w.
.w.w.w.w
w.w.w.w.
##### Running: /usr/bin/time -o time_13_ghafeleb_vdhankar.txt -f "%U" python3 homework.py > stulog.txt 2>&1 on ghafeleb #####
##### SUCCESS: /usr/bin/time -o time_13_ghafeleb_vdhankar.txt -f "%U" python3 homework.py > stulog.txt 2>&1 on ghafeleb #####
##### ghafeleb plays [E g3 h4] in 0.87s #####
##### Running: /usr/lib/jvm/jdk-14.0.1/bin/java -jar /lab/itti/projects/checkers-competition/server/referee.jar on run_13_ghafeleb_vdhankar #####
Move is valid
##### SUCCESS: /usr/lib/jvm/jdk-14.0.1/bin/java -jar /lab/itti/projects/checkers-competition/server/referee.jar on run_13_ghafeleb_vdhankar #####
INPUT for vdhankar:
GAME
BLACK
289.327141046524
.b.b.b.b
b.b.b.b.
.b.b.b..
......b.
.......w
w.w.w...
.w.w.w.w
w.w.w.w.
##### Running: /usr/bin/time -o time_13_ghafeleb_vdhankar.txt -f "%U" python3 homework.py > stulog.txt 2>&1 on vdhankar #####
child exited with value 1
##### ERROR: /usr/bin/time -o time_13_ghafeleb_vdhankar.txt -f "%U" python3 homework.py > stulog.txt 2>&1 on vdhankar #####
##### Output of failed program (stdout + stderr): #####
Traceback (most recent call last):
  File "homework.py", line 546, in <module>
    print(end-start)
NameError: name 'end' is not defined
##### End of output of failed program #####
##### vdhankar plays [E f6 e5] in 10.3929328918457s #####
##### Running: /usr/lib/jvm/jdk-14.0.1/bin/java -jar /lab/itti/projects/checkers-competition/server/referee.jar on run_13_ghafeleb_vdhankar #####
Move is valid
##### SUCCESS: /usr/lib/jvm/jdk-14.0.1/bin/java -jar /lab/itti/projects/checkers-competition/server/referee.jar on run_13_ghafeleb_vdhankar #####
INPUT for ghafeleb:
GAME
WHITE
299.13
.b.b.b.b
b.b.b.b.
.b.b....
....b.b.
.......w
w.w.w...
.w.w.w.w
w.w.w.w.
##### Running: /usr/bin/time -o time_13_ghafeleb_vdhankar.txt -f "%U" python3 homework.py > stulog.txt 2>&1 on ghafeleb #####
##### SUCCESS: /usr/bin/time -o time_13_ghafeleb_vdhankar.txt -f "%U" python3 homework.py > stulog.txt 2>&1 on ghafeleb #####
##### ghafeleb plays [J h4 f6] in 0.1s #####
##### Running: /usr/lib/jvm/jdk-14.0.1/bin/java -jar /lab/itti/projects/checkers-competition/server/referee.jar on run_13_ghafeleb_vdhankar #####
Move is valid
##### SUCCESS: /usr/lib/jvm/jdk-14.0.1/bin/java -jar /lab/itti/projects/checkers-competition/server/referee.jar on run_13_ghafeleb_vdhankar #####
INPUT for vdhankar:
GAME
BLACK
278.934208154678
.b.b.b.b
b.b.b.b.
.b.b.w..
....b...
........
w.w.w...
.w.w.w.w
w.w.w.w.
##### Running: /usr/bin/time -o time_13_ghafeleb_vdhankar.txt -f "%U" python3 homework.py > stulog.txt 2>&1 on vdhankar #####
child exited with value 1
##### ERROR: /usr/bin/time -o time_13_ghafeleb_vdhankar.txt -f "%U" python3 homework.py > stulog.txt 2>&1 on vdhankar #####
##### Output of failed program (stdout + stderr): #####
Traceback (most recent call last):
  File "homework.py", line 546, in <module>
    print(end-start)
NameError: name 'end' is not defined
##### End of output of failed program #####
##### vdhankar plays [J e7 g5] in 7.21086287498474s #####
##### Running: /usr/lib/jvm/jdk-14.0.1/bin/java -jar /lab/itti/projects/checkers-competition/server/referee.jar on run_13_ghafeleb_vdhankar #####
Move is valid
##### SUCCESS: /usr/lib/jvm/jdk-14.0.1/bin/java -jar /lab/itti/projects/checkers-competition/server/referee.jar on run_13_ghafeleb_vdhankar #####
INPUT for ghafeleb:
GAME
WHITE
299.03
.b.b.b.b
b.b...b.
.b.b....
....b.b.
........
w.w.w...
.w.w.w.w
w.w.w.w.
##### Running: /usr/bin/time -o time_13_ghafeleb_vdhankar.txt -f "%U" python3 homework.py > stulog.txt 2>&1 on ghafeleb #####
##### SUCCESS: /usr/bin/time -o time_13_ghafeleb_vdhankar.txt -f "%U" python3 homework.py > stulog.txt 2>&1 on ghafeleb #####
##### ghafeleb plays [E e3 f4] in 0.64s #####
##### Running: /usr/lib/jvm/jdk-14.0.1/bin/java -jar /lab/itti/projects/checkers-competition/server/referee.jar on run_13_ghafeleb_vdhankar #####
Move is valid
##### SUCCESS: /usr/lib/jvm/jdk-14.0.1/bin/java -jar /lab/itti/projects/checkers-competition/server/referee.jar on run_13_ghafeleb_vdhankar #####
INPUT for vdhankar:
GAME
BLACK
271.723345279694
.b.b.b.b
b.b...b.
.b.b....
....b.b.
.....w..
w.w.....
.w.w.w.w
w.w.w.w.
##### Running: /usr/bin/time -o time_13_ghafeleb_vdhankar.txt -f "%U" python3 homework.py > stulog.txt 2>&1 on vdhankar #####
child exited with value 1
##### ERROR: /usr/bin/time -o time_13_ghafeleb_vdhankar.txt -f "%U" python3 homework.py > stulog.txt 2>&1 on vdhankar #####
##### Output of failed program (stdout + stderr): #####
Traceback (most recent call last):
  File "homework.py", line 546, in <module>
    print(end-start)
NameError: name 'end' is not defined
##### End of output of failed program #####
##### vdhankar plays [J g5 e3] in 2.80918312072754s #####
##### Running: /usr/lib/jvm/jdk-14.0.1/bin/java -jar /lab/itti/projects/checkers-competition/server/referee.jar on run_13_ghafeleb_vdhankar #####
Move is valid
##### SUCCESS: /usr/lib/jvm/jdk-14.0.1/bin/java -jar /lab/itti/projects/checkers-competition/server/referee.jar on run_13_ghafeleb_vdhankar #####
INPUT for ghafeleb:
GAME
WHITE
298.39
.b.b.b.b
b.b...b.
.b.b....
....b...
........
w.w.b...
.w.w.w.w
w.w.w.w.
##### Running: /usr/bin/time -o time_13_ghafeleb_vdhankar.txt -f "%U" python3 homework.py > stulog.txt 2>&1 on ghafeleb #####
##### SUCCESS: /usr/bin/time -o time_13_ghafeleb_vdhankar.txt -f "%U" python3 homework.py > stulog.txt 2>&1 on ghafeleb #####
##### ghafeleb plays [J f2 d4 ; J d4 f6] in 0.13s #####
##### Running: /usr/lib/jvm/jdk-14.0.1/bin/java -jar /lab/itti/projects/checkers-competition/server/referee.jar on run_13_ghafeleb_vdhankar #####
Move is valid
##### SUCCESS: /usr/lib/jvm/jdk-14.0.1/bin/java -jar /lab/itti/projects/checkers-competition/server/referee.jar on run_13_ghafeleb_vdhankar #####
INPUT for vdhankar:
GAME
BLACK
268.914162158966
.b.b.b.b
b.b...b.
.b.b.w..
........
........
w.w.....
.w.w...w
w.w.w.w.
##### Running: /usr/bin/time -o time_13_ghafeleb_vdhankar.txt -f "%U" python3 homework.py > stulog.txt 2>&1 on vdhankar #####
child exited with value 1
##### ERROR: /usr/bin/time -o time_13_ghafeleb_vdhankar.txt -f "%U" python3 homework.py > stulog.txt 2>&1 on vdhankar #####
##### Output of failed program (stdout + stderr): #####
Traceback (most recent call last):
  File "homework.py", line 546, in <module>
    print(end-start)
NameError: name 'end' is not defined
##### End of output of failed program #####
##### vdhankar plays [J g7 e5] in 11.4067678451538s #####
##### Running: /usr/lib/jvm/jdk-14.0.1/bin/java -jar /lab/itti/projects/checkers-competition/server/referee.jar on run_13_ghafeleb_vdhankar #####
Move is valid
##### SUCCESS: /usr/lib/jvm/jdk-14.0.1/bin/java -jar /lab/itti/projects/checkers-competition/server/referee.jar on run_13_ghafeleb_vdhankar #####
INPUT for ghafeleb:
GAME
WHITE
298.26
.b.b.b.b
b.b.....
.b.b....
....b...
........
w.w.....
.w.w...w
w.w.w.w.
##### Running: /usr/bin/time -o time_13_ghafeleb_vdhankar.txt -f "%U" python3 homework.py > stulog.txt 2>&1 on ghafeleb #####
##### SUCCESS: /usr/bin/time -o time_13_ghafeleb_vdhankar.txt -f "%U" python3 homework.py > stulog.txt 2>&1 on ghafeleb #####
##### ghafeleb plays [E c3 d4] in 0.51s #####
##### Running: /usr/lib/jvm/jdk-14.0.1/bin/java -jar /lab/itti/projects/checkers-competition/server/referee.jar on run_13_ghafeleb_vdhankar #####
Move is valid
##### SUCCESS: /usr/lib/jvm/jdk-14.0.1/bin/java -jar /lab/itti/projects/checkers-competition/server/referee.jar on run_13_ghafeleb_vdhankar #####
INPUT for vdhankar:
GAME
BLACK
257.507394313812
.b.b.b.b
b.b.....
.b.b....
....b...
...w....
w.......
.w.w...w
w.w.w.w.
##### Running: /usr/bin/time -o time_13_ghafeleb_vdhankar.txt -f "%U" python3 homework.py > stulog.txt 2>&1 on vdhankar #####
child exited with value 1
##### ERROR: /usr/bin/time -o time_13_ghafeleb_vdhankar.txt -f "%U" python3 homework.py > stulog.txt 2>&1 on vdhankar #####
##### Output of failed program (stdout + stderr): #####
Traceback (most recent call last):
  File "homework.py", line 546, in <module>
    print(end-start)
NameError: name 'end' is not defined
##### End of output of failed program #####
##### vdhankar plays [J e5 c3] in 3.05392694473267s #####
##### Running: /usr/lib/jvm/jdk-14.0.1/bin/java -jar /lab/itti/projects/checkers-competition/server/referee.jar on run_13_ghafeleb_vdhankar #####
Move is valid
##### SUCCESS: /usr/lib/jvm/jdk-14.0.1/bin/java -jar /lab/itti/projects/checkers-competition/server/referee.jar on run_13_ghafeleb_vdhankar #####
INPUT for ghafeleb:
GAME
WHITE
297.75
.b.b.b.b
b.b.....
.b.b....
........
........
w.b.....
.w.w...w
w.w.w.w.
##### Running: /usr/bin/time -o time_13_ghafeleb_vdhankar.txt -f "%U" python3 homework.py > stulog.txt 2>&1 on ghafeleb #####
##### SUCCESS: /usr/bin/time -o time_13_ghafeleb_vdhankar.txt -f "%U" python3 homework.py > stulog.txt 2>&1 on ghafeleb #####
##### ghafeleb plays [J b2 d4] in 0.17s #####
##### Running: /usr/lib/jvm/jdk-14.0.1/bin/java -jar /lab/itti/projects/checkers-competition/server/referee.jar on run_13_ghafeleb_vdhankar #####
Move is valid
##### SUCCESS: /usr/lib/jvm/jdk-14.0.1/bin/java -jar /lab/itti/projects/checkers-competition/server/referee.jar on run_13_ghafeleb_vdhankar #####
INPUT for vdhankar:
GAME
BLACK
254.45346736908
.b.b.b.b
b.b.....
.b.b....
........
...w....
w.......
...w...w
w.w.w.w.
##### Running: /usr/bin/time -o time_13_ghafeleb_vdhankar.txt -f "%U" python3 homework.py > stulog.txt 2>&1 on vdhankar #####
child exited with value 1
##### ERROR: /usr/bin/time -o time_13_ghafeleb_vdhankar.txt -f "%U" python3 homework.py > stulog.txt 2>&1 on vdhankar #####
##### Output of failed program (stdout + stderr): #####
Traceback (most recent call last):
  File "homework.py", line 546, in <module>
    print(end-start)
NameError: name 'end' is not defined
##### End of output of failed program #####
##### vdhankar plays [E d6 c5] in 32.7456729412079s #####
##### Running: /usr/lib/jvm/jdk-14.0.1/bin/java -jar /lab/itti/projects/checkers-competition/server/referee.jar on run_13_ghafeleb_vdhankar #####
Move is valid
##### SUCCESS: /usr/lib/jvm/jdk-14.0.1/bin/java -jar /lab/itti/projects/checkers-competition/server/referee.jar on run_13_ghafeleb_vdhankar #####
INPUT for ghafeleb:
GAME
WHITE
297.58
.b.b.b.b
b.b.....
.b......
..b.....
...w....
w.......
...w...w
w.w.w.w.
##### Running: /usr/bin/time -o time_13_ghafeleb_vdhankar.txt -f "%U" python3 homework.py > stulog.txt 2>&1 on ghafeleb #####
##### SUCCESS: /usr/bin/time -o time_13_ghafeleb_vdhankar.txt -f "%U" python3 homework.py > stulog.txt 2>&1 on ghafeleb #####
##### ghafeleb plays [E h2 g3] in 0.48s #####
##### Running: /usr/lib/jvm/jdk-14.0.1/bin/java -jar /lab/itti/projects/checkers-competition/server/referee.jar on run_13_ghafeleb_vdhankar #####
Move is valid
##### SUCCESS: /usr/lib/jvm/jdk-14.0.1/bin/java -jar /lab/itti/projects/checkers-competition/server/referee.jar on run_13_ghafeleb_vdhankar #####
INPUT for vdhankar:
GAME
BLACK
221.707794427872
.b.b.b.b
b.b.....
.b......
..b.....
...w....
w.....w.
...w....
w.w.w.w.
##### Running: /usr/bin/time -o time_13_ghafeleb_vdhankar.txt -f "%U" python3 homework.py > stulog.txt 2>&1 on vdhankar #####
child exited with value 1
##### ERROR: /usr/bin/time -o time_13_ghafeleb_vdhankar.txt -f "%U" python3 homework.py > stulog.txt 2>&1 on vdhankar #####
##### Output of failed program (stdout + stderr): #####
Traceback (most recent call last):
  File "homework.py", line 546, in <module>
    print(end-start)
NameError: name 'end' is not defined
##### End of output of failed program #####
##### vdhankar plays [J c5 e3] in 2.85861992835999s #####
##### Running: /usr/lib/jvm/jdk-14.0.1/bin/java -jar /lab/itti/projects/checkers-competition/server/referee.jar on run_13_ghafeleb_vdhankar #####
Move is valid
##### SUCCESS: /usr/lib/jvm/jdk-14.0.1/bin/java -jar /lab/itti/projects/checkers-competition/server/referee.jar on run_13_ghafeleb_vdhankar #####
INPUT for ghafeleb:
GAME
WHITE
297.1
.b.b.b.b
b.b.....
.b......
........
........
w...b.w.
...w....
w.w.w.w.
##### Running: /usr/bin/time -o time_13_ghafeleb_vdhankar.txt -f "%U" python3 homework.py > stulog.txt 2>&1 on ghafeleb #####
##### SUCCESS: /usr/bin/time -o time_13_ghafeleb_vdhankar.txt -f "%U" python3 homework.py > stulog.txt 2>&1 on ghafeleb #####
##### ghafeleb plays [J d2 f4] in 0.12s #####
##### Running: /usr/lib/jvm/jdk-14.0.1/bin/java -jar /lab/itti/projects/checkers-competition/server/referee.jar on run_13_ghafeleb_vdhankar #####
Move is valid
##### SUCCESS: /usr/lib/jvm/jdk-14.0.1/bin/java -jar /lab/itti/projects/checkers-competition/server/referee.jar on run_13_ghafeleb_vdhankar #####
INPUT for vdhankar:
GAME
BLACK
218.849174499512
.b.b.b.b
b.b.....
.b......
........
.....w..
w.....w.
........
w.w.w.w.
##### Running: /usr/bin/time -o time_13_ghafeleb_vdhankar.txt -f "%U" python3 homework.py > stulog.txt 2>&1 on vdhankar #####
child exited with value 1
##### ERROR: /usr/bin/time -o time_13_ghafeleb_vdhankar.txt -f "%U" python3 homework.py > stulog.txt 2>&1 on vdhankar #####
##### Output of failed program (stdout + stderr): #####
Traceback (most recent call last):
  File "homework.py", line 546, in <module>
    print(end-start)
NameError: name 'end' is not defined
##### End of output of failed program #####
##### vdhankar plays [E b6 c5] in 40.6167120933533s #####
##### Running: /usr/lib/jvm/jdk-14.0.1/bin/java -jar /lab/itti/projects/checkers-competition/server/referee.jar on run_13_ghafeleb_vdhankar #####
Move is valid
##### SUCCESS: /usr/lib/jvm/jdk-14.0.1/bin/java -jar /lab/itti/projects/checkers-competition/server/referee.jar on run_13_ghafeleb_vdhankar #####
INPUT for ghafeleb:
GAME
WHITE
296.98
.b.b.b.b
b.b.....
........
..b.....
.....w..
w.....w.
........
w.w.w.w.
##### Running: /usr/bin/time -o time_13_ghafeleb_vdhankar.txt -f "%U" python3 homework.py > stulog.txt 2>&1 on ghafeleb #####
##### SUCCESS: /usr/bin/time -o time_13_ghafeleb_vdhankar.txt -f "%U" python3 homework.py > stulog.txt 2>&1 on ghafeleb #####
##### ghafeleb plays [E f4 g5] in 0.53s #####
##### Running: /usr/lib/jvm/jdk-14.0.1/bin/java -jar /lab/itti/projects/checkers-competition/server/referee.jar on run_13_ghafeleb_vdhankar #####
Move is valid
##### SUCCESS: /usr/lib/jvm/jdk-14.0.1/bin/java -jar /lab/itti/projects/checkers-competition/server/referee.jar on run_13_ghafeleb_vdhankar #####
INPUT for vdhankar:
GAME
BLACK
178.232462406158
.b.b.b.b
b.b.....
........
..b...w.
........
w.....w.
........
w.w.w.w.
##### Running: /usr/bin/time -o time_13_ghafeleb_vdhankar.txt -f "%U" python3 homework.py > stulog.txt 2>&1 on vdhankar #####
child exited with value 1
##### ERROR: /usr/bin/time -o time_13_ghafeleb_vdhankar.txt -f "%U" python3 homework.py > stulog.txt 2>&1 on vdhankar #####
##### Output of failed program (stdout + stderr): #####
Traceback (most recent call last):
  File "homework.py", line 546, in <module>
    print(end-start)
NameError: name 'end' is not defined
##### End of output of failed program #####
##### vdhankar plays [E c7 d6] in 44.4896907806396s #####
##### Running: /usr/lib/jvm/jdk-14.0.1/bin/java -jar /lab/itti/projects/checkers-competition/server/referee.jar on run_13_ghafeleb_vdhankar #####
Move is valid
##### SUCCESS: /usr/lib/jvm/jdk-14.0.1/bin/java -jar /lab/itti/projects/checkers-competition/server/referee.jar on run_13_ghafeleb_vdhankar #####
INPUT for ghafeleb:
GAME
WHITE
296.45
.b.b.b.b
b.......
...b....
..b...w.
........
w.....w.
........
w.w.w.w.
##### Running: /usr/bin/time -o time_13_ghafeleb_vdhankar.txt -f "%U" python3 homework.py > stulog.txt 2>&1 on ghafeleb #####
##### SUCCESS: /usr/bin/time -o time_13_ghafeleb_vdhankar.txt -f "%U" python3 homework.py > stulog.txt 2>&1 on ghafeleb #####
##### ghafeleb plays [E g3 f4] in 0.47s #####
##### Running: /usr/lib/jvm/jdk-14.0.1/bin/java -jar /lab/itti/projects/checkers-competition/server/referee.jar on run_13_ghafeleb_vdhankar #####
Move is valid
##### SUCCESS: /usr/lib/jvm/jdk-14.0.1/bin/java -jar /lab/itti/projects/checkers-competition/server/referee.jar on run_13_ghafeleb_vdhankar #####
INPUT for vdhankar:
GAME
BLACK
133.742771625519
.b.b.b.b
b.......
...b....
..b...w.
.....w..
w.......
........
w.w.w.w.
##### Running: /usr/bin/time -o time_13_ghafeleb_vdhankar.txt -f "%U" python3 homework.py > stulog.txt 2>&1 on vdhankar #####
child exited with value 1
##### ERROR: /usr/bin/time -o time_13_ghafeleb_vdhankar.txt -f "%U" python3 homework.py > stulog.txt 2>&1 on vdhankar #####
##### Output of failed program (stdout + stderr): #####
Traceback (most recent call last):
  File "homework.py", line 546, in <module>
    print(end-start)
NameError: name 'end' is not defined
##### End of output of failed program #####
##### vdhankar plays [E c5 d4] in 38.5563068389893s #####
##### Running: /usr/lib/jvm/jdk-14.0.1/bin/java -jar /lab/itti/projects/checkers-competition/server/referee.jar on run_13_ghafeleb_vdhankar #####
Move is valid
##### SUCCESS: /usr/lib/jvm/jdk-14.0.1/bin/java -jar /lab/itti/projects/checkers-competition/server/referee.jar on run_13_ghafeleb_vdhankar #####
INPUT for ghafeleb:
GAME
WHITE
295.98
.b.b.b.b
b.......
...b....
......w.
...b.w..
w.......
........
w.w.w.w.
##### Running: /usr/bin/time -o time_13_ghafeleb_vdhankar.txt -f "%U" python3 homework.py > stulog.txt 2>&1 on ghafeleb #####
##### SUCCESS: /usr/bin/time -o time_13_ghafeleb_vdhankar.txt -f "%U" python3 homework.py > stulog.txt 2>&1 on ghafeleb #####
##### ghafeleb plays [E g5 f6] in 0.51s #####
##### Running: /usr/lib/jvm/jdk-14.0.1/bin/java -jar /lab/itti/projects/checkers-competition/server/referee.jar on run_13_ghafeleb_vdhankar #####
Move is valid
##### SUCCESS: /usr/lib/jvm/jdk-14.0.1/bin/java -jar /lab/itti/projects/checkers-competition/server/referee.jar on run_13_ghafeleb_vdhankar #####
INPUT for vdhankar:
GAME
BLACK
95.1864647865295
.b.b.b.b
b.......
...b.w..
........
...b.w..
w.......
........
w.w.w.w.
##### Running: /usr/bin/time -o time_13_ghafeleb_vdhankar.txt -f "%U" python3 homework.py > stulog.txt 2>&1 on vdhankar #####
child exited with value 1
##### ERROR: /usr/bin/time -o time_13_ghafeleb_vdhankar.txt -f "%U" python3 homework.py > stulog.txt 2>&1 on vdhankar #####
##### Output of failed program (stdout + stderr): #####
Traceback (most recent call last):
  File "homework.py", line 546, in <module>
    print(end-start)
NameError: name 'end' is not defined
##### End of output of failed program #####
##### vdhankar plays [E d6 c5] in 8.03411197662354s #####
##### Running: /usr/lib/jvm/jdk-14.0.1/bin/java -jar /lab/itti/projects/checkers-competition/server/referee.jar on run_13_ghafeleb_vdhankar #####
Move is valid
##### SUCCESS: /usr/lib/jvm/jdk-14.0.1/bin/java -jar /lab/itti/projects/checkers-competition/server/referee.jar on run_13_ghafeleb_vdhankar #####
INPUT for ghafeleb:
GAME
WHITE
295.47
.b.b.b.b
b.......
.....w..
..b.....
...b.w..
w.......
........
w.w.w.w.
##### Running: /usr/bin/time -o time_13_ghafeleb_vdhankar.txt -f "%U" python3 homework.py > stulog.txt 2>&1 on ghafeleb #####
##### SUCCESS: /usr/bin/time -o time_13_ghafeleb_vdhankar.txt -f "%U" python3 homework.py > stulog.txt 2>&1 on ghafeleb #####
##### ghafeleb plays [E a1 b2] in 0.39s #####
##### Running: /usr/lib/jvm/jdk-14.0.1/bin/java -jar /lab/itti/projects/checkers-competition/server/referee.jar on run_13_ghafeleb_vdhankar #####
Move is valid
##### SUCCESS: /usr/lib/jvm/jdk-14.0.1/bin/java -jar /lab/itti/projects/checkers-competition/server/referee.jar on run_13_ghafeleb_vdhankar #####
INPUT for vdhankar:
GAME
BLACK
87.152352809906
.b.b.b.b
b.......
.....w..
..b.....
...b.w..
w.......
.w......
..w.w.w.
##### Running: /usr/bin/time -o time_13_ghafeleb_vdhankar.txt -f "%U" python3 homework.py > stulog.txt 2>&1 on vdhankar #####
child exited with value 1
##### ERROR: /usr/bin/time -o time_13_ghafeleb_vdhankar.txt -f "%U" python3 homework.py > stulog.txt 2>&1 on vdhankar #####
##### Output of failed program (stdout + stderr): #####
Traceback (most recent call last):
  File "homework.py", line 546, in <module>
    print(end-start)
NameError: name 'end' is not defined
##### End of output of failed program #####
##### vdhankar plays [E f8 e7] in 10.5203921794891s #####
##### Running: /usr/lib/jvm/jdk-14.0.1/bin/java -jar /lab/itti/projects/checkers-competition/server/referee.jar on run_13_ghafeleb_vdhankar #####
Move is valid
##### SUCCESS: /usr/lib/jvm/jdk-14.0.1/bin/java -jar /lab/itti/projects/checkers-competition/server/referee.jar on run_13_ghafeleb_vdhankar #####
INPUT for ghafeleb:
GAME
WHITE
295.08
.b.b...b
b...b...
.....w..
..b.....
...b.w..
w.......
.w......
..w.w.w.
##### Running: /usr/bin/time -o time_13_ghafeleb_vdhankar.txt -f "%U" python3 homework.py > stulog.txt 2>&1 on ghafeleb #####
##### SUCCESS: /usr/bin/time -o time_13_ghafeleb_vdhankar.txt -f "%U" python3 homework.py > stulog.txt 2>&1 on ghafeleb #####
##### ghafeleb plays [E f4 g5] in 0.23s #####
##### Running: /usr/lib/jvm/jdk-14.0.1/bin/java -jar /lab/itti/projects/checkers-competition/server/referee.jar on run_13_ghafeleb_vdhankar #####
Move is valid
##### SUCCESS: /usr/lib/jvm/jdk-14.0.1/bin/java -jar /lab/itti/projects/checkers-competition/server/referee.jar on run_13_ghafeleb_vdhankar #####
INPUT for vdhankar:
GAME
BLACK
76.6319606304169
.b.b...b
b...b...
.....w..
..b...w.
...b....
w.......
.w......
..w.w.w.
##### Running: /usr/bin/time -o time_13_ghafeleb_vdhankar.txt -f "%U" python3 homework.py > stulog.txt 2>&1 on vdhankar #####
child exited with value 1
##### ERROR: /usr/bin/time -o time_13_ghafeleb_vdhankar.txt -f "%U" python3 homework.py > stulog.txt 2>&1 on vdhankar #####
##### Output of failed program (stdout + stderr): #####
Traceback (most recent call last):
  File "homework.py", line 546, in <module>
    print(end-start)
NameError: name 'end' is not defined
##### End of output of failed program #####
##### vdhankar plays [E d4 c3] in 4.37127995491028s #####
##### Running: /usr/lib/jvm/jdk-14.0.1/bin/java -jar /lab/itti/projects/checkers-competition/server/referee.jar on run_13_ghafeleb_vdhankar #####
Move is valid
##### SUCCESS: /usr/lib/jvm/jdk-14.0.1/bin/java -jar /lab/itti/projects/checkers-competition/server/referee.jar on run_13_ghafeleb_vdhankar #####
INPUT for ghafeleb:
GAME
WHITE
294.85
.b.b...b
b...b...
.....w..
..b...w.
........
w.b.....
.w......
..w.w.w.
##### Running: /usr/bin/time -o time_13_ghafeleb_vdhankar.txt -f "%U" python3 homework.py > stulog.txt 2>&1 on ghafeleb #####
##### SUCCESS: /usr/bin/time -o time_13_ghafeleb_vdhankar.txt -f "%U" python3 homework.py > stulog.txt 2>&1 on ghafeleb #####
##### ghafeleb plays [J b2 d4 ; J d4 b6] in 0.07s #####
##### Running: /usr/lib/jvm/jdk-14.0.1/bin/java -jar /lab/itti/projects/checkers-competition/server/referee.jar on run_13_ghafeleb_vdhankar #####
Move is valid
##### SUCCESS: /usr/lib/jvm/jdk-14.0.1/bin/java -jar /lab/itti/projects/checkers-competition/server/referee.jar on run_13_ghafeleb_vdhankar #####
INPUT for vdhankar:
GAME
BLACK
72.2606806755066
.b.b...b
b...b...
.w...w..
......w.
........
w.......
........
..w.w.w.
##### Running: /usr/bin/time -o time_13_ghafeleb_vdhankar.txt -f "%U" python3 homework.py > stulog.txt 2>&1 on vdhankar #####
child exited with value 1
##### ERROR: /usr/bin/time -o time_13_ghafeleb_vdhankar.txt -f "%U" python3 homework.py > stulog.txt 2>&1 on vdhankar #####
##### Output of failed program (stdout + stderr): #####
Traceback (most recent call last):
  File "homework.py", line 546, in <module>
    print(end-start)
NameError: name 'end' is not defined
##### End of output of failed program #####
##### vdhankar plays [J a7 c5] in 5.54420495033264s #####
##### Running: /usr/lib/jvm/jdk-14.0.1/bin/java -jar /lab/itti/projects/checkers-competition/server/referee.jar on run_13_ghafeleb_vdhankar #####
Move is valid
##### SUCCESS: /usr/lib/jvm/jdk-14.0.1/bin/java -jar /lab/itti/projects/checkers-competition/server/referee.jar on run_13_ghafeleb_vdhankar #####
INPUT for ghafeleb:
GAME
WHITE
294.78
.b.b...b
....b...
.....w..
..b...w.
........
w.......
........
..w.w.w.
##### Running: /usr/bin/time -o time_13_ghafeleb_vdhankar.txt -f "%U" python3 homework.py > stulog.txt 2>&1 on ghafeleb #####
##### SUCCESS: /usr/bin/time -o time_13_ghafeleb_vdhankar.txt -f "%U" python3 homework.py > stulog.txt 2>&1 on ghafeleb #####
##### ghafeleb plays [E c1 d2] in 0.19s #####
##### Running: /usr/lib/jvm/jdk-14.0.1/bin/java -jar /lab/itti/projects/checkers-competition/server/referee.jar on run_13_ghafeleb_vdhankar #####
Move is valid
##### SUCCESS: /usr/lib/jvm/jdk-14.0.1/bin/java -jar /lab/itti/projects/checkers-competition/server/referee.jar on run_13_ghafeleb_vdhankar #####
INPUT for vdhankar:
GAME
BLACK
66.716475725174
.b.b...b
....b...
.....w..
..b...w.
........
w.......
...w....
....w.w.
##### Running: /usr/bin/time -o time_13_ghafeleb_vdhankar.txt -f "%U" python3 homework.py > stulog.txt 2>&1 on vdhankar #####
child exited with value 1
##### ERROR: /usr/bin/time -o time_13_ghafeleb_vdhankar.txt -f "%U" python3 homework.py > stulog.txt 2>&1 on vdhankar #####
##### Output of failed program (stdout + stderr): #####
Traceback (most recent call last):
  File "homework.py", line 546, in <module>
    print(end-start)
NameError: name 'end' is not defined
##### End of output of failed program #####
##### vdhankar plays [E c5 d4] in 6.98388910293579s #####
##### Running: /usr/lib/jvm/jdk-14.0.1/bin/java -jar /lab/itti/projects/checkers-competition/server/referee.jar on run_13_ghafeleb_vdhankar #####
Move is valid
##### SUCCESS: /usr/lib/jvm/jdk-14.0.1/bin/java -jar /lab/itti/projects/checkers-competition/server/referee.jar on run_13_ghafeleb_vdhankar #####
INPUT for ghafeleb:
GAME
WHITE
294.59
.b.b...b
....b...
.....w..
......w.
...b....
w.......
...w....
....w.w.
##### Running: /usr/bin/time -o time_13_ghafeleb_vdhankar.txt -f "%U" python3 homework.py > stulog.txt 2>&1 on ghafeleb #####
##### SUCCESS: /usr/bin/time -o time_13_ghafeleb_vdhankar.txt -f "%U" python3 homework.py > stulog.txt 2>&1 on ghafeleb #####
##### ghafeleb plays [E d2 e3] in 0.21s #####
##### Running: /usr/lib/jvm/jdk-14.0.1/bin/java -jar /lab/itti/projects/checkers-competition/server/referee.jar on run_13_ghafeleb_vdhankar #####
Move is valid
##### SUCCESS: /usr/lib/jvm/jdk-14.0.1/bin/java -jar /lab/itti/projects/checkers-competition/server/referee.jar on run_13_ghafeleb_vdhankar #####
INPUT for vdhankar:
GAME
BLACK
59.7325866222382
.b.b...b
....b...
.....w..
......w.
...b....
w...w...
........
....w.w.
##### Running: /usr/bin/time -o time_13_ghafeleb_vdhankar.txt -f "%U" python3 homework.py > stulog.txt 2>&1 on vdhankar #####
child exited with value 1
##### ERROR: /usr/bin/time -o time_13_ghafeleb_vdhankar.txt -f "%U" python3 homework.py > stulog.txt 2>&1 on vdhankar #####
##### Output of failed program (stdout + stderr): #####
Traceback (most recent call last):
  File "homework.py", line 546, in <module>
    print(end-start)
NameError: name 'end' is not defined
##### End of output of failed program #####
##### vdhankar plays [J d4 f2] in 0.980631113052368s #####
##### Running: /usr/lib/jvm/jdk-14.0.1/bin/java -jar /lab/itti/projects/checkers-competition/server/referee.jar on run_13_ghafeleb_vdhankar #####
Move is valid
##### SUCCESS: /usr/lib/jvm/jdk-14.0.1/bin/java -jar /lab/itti/projects/checkers-competition/server/referee.jar on run_13_ghafeleb_vdhankar #####
INPUT for ghafeleb:
GAME
WHITE
294.38
.b.b...b
....b...
.....w..
......w.
........
w.......
.....b..
....w.w.
##### Running: /usr/bin/time -o time_13_ghafeleb_vdhankar.txt -f "%U" python3 homework.py > stulog.txt 2>&1 on ghafeleb #####
##### SUCCESS: /usr/bin/time -o time_13_ghafeleb_vdhankar.txt -f "%U" python3 homework.py > stulog.txt 2>&1 on ghafeleb #####
##### ghafeleb plays [J e1 g3] in 0.08s #####
##### Running: /usr/lib/jvm/jdk-14.0.1/bin/java -jar /lab/itti/projects/checkers-competition/server/referee.jar on run_13_ghafeleb_vdhankar #####
Move is valid
##### SUCCESS: /usr/lib/jvm/jdk-14.0.1/bin/java -jar /lab/itti/projects/checkers-competition/server/referee.jar on run_13_ghafeleb_vdhankar #####
INPUT for vdhankar:
GAME
BLACK
58.7519555091858
.b.b...b
....b...
.....w..
......w.
........
w.....w.
........
......w.
##### Running: /usr/bin/time -o time_13_ghafeleb_vdhankar.txt -f "%U" python3 homework.py > stulog.txt 2>&1 on vdhankar #####
child exited with value 1
##### ERROR: /usr/bin/time -o time_13_ghafeleb_vdhankar.txt -f "%U" python3 homework.py > stulog.txt 2>&1 on vdhankar #####
##### Output of failed program (stdout + stderr): #####
Traceback (most recent call last):
  File "homework.py", line 546, in <module>
    print(end-start)
NameError: name 'end' is not defined
##### End of output of failed program #####
##### vdhankar plays [E b8 c7] in 2.17023992538452s #####
##### Running: /usr/lib/jvm/jdk-14.0.1/bin/java -jar /lab/itti/projects/checkers-competition/server/referee.jar on run_13_ghafeleb_vdhankar #####
Move is valid
##### SUCCESS: /usr/lib/jvm/jdk-14.0.1/bin/java -jar /lab/itti/projects/checkers-competition/server/referee.jar on run_13_ghafeleb_vdhankar #####
INPUT for ghafeleb:
GAME
WHITE
294.3
...b...b
..b.b...
.....w..
......w.
........
w.....w.
........
......w.
##### Running: /usr/bin/time -o time_13_ghafeleb_vdhankar.txt -f "%U" python3 homework.py > stulog.txt 2>&1 on ghafeleb #####
##### SUCCESS: /usr/bin/time -o time_13_ghafeleb_vdhankar.txt -f "%U" python3 homework.py > stulog.txt 2>&1 on ghafeleb #####
##### ghafeleb plays [E a3 b4] in 0.13s #####
##### Running: /usr/lib/jvm/jdk-14.0.1/bin/java -jar /lab/itti/projects/checkers-competition/server/referee.jar on run_13_ghafeleb_vdhankar #####
Move is valid
##### SUCCESS: /usr/lib/jvm/jdk-14.0.1/bin/java -jar /lab/itti/projects/checkers-competition/server/referee.jar on run_13_ghafeleb_vdhankar #####
INPUT for vdhankar:
GAME
BLACK
56.5817155838013
...b...b
..b.b...
.....w..
......w.
.w......
......w.
........
......w.
##### Running: /usr/bin/time -o time_13_ghafeleb_vdhankar.txt -f "%U" python3 homework.py > stulog.txt 2>&1 on vdhankar #####
child exited with value 1
##### ERROR: /usr/bin/time -o time_13_ghafeleb_vdhankar.txt -f "%U" python3 homework.py > stulog.txt 2>&1 on vdhankar #####
##### Output of failed program (stdout + stderr): #####
Traceback (most recent call last):
  File "homework.py", line 546, in <module>
    print(end-start)
NameError: name 'end' is not defined
##### End of output of failed program #####
##### vdhankar plays [E c7 d6] in 2.02027893066406s #####
##### Running: /usr/lib/jvm/jdk-14.0.1/bin/java -jar /lab/itti/projects/checkers-competition/server/referee.jar on run_13_ghafeleb_vdhankar #####
Move is valid
##### SUCCESS: /usr/lib/jvm/jdk-14.0.1/bin/java -jar /lab/itti/projects/checkers-competition/server/referee.jar on run_13_ghafeleb_vdhankar #####
INPUT for ghafeleb:
GAME
WHITE
294.17
...b...b
....b...
...b.w..
......w.
.w......
......w.
........
......w.
##### Running: /usr/bin/time -o time_13_ghafeleb_vdhankar.txt -f "%U" python3 homework.py > stulog.txt 2>&1 on ghafeleb #####
##### SUCCESS: /usr/bin/time -o time_13_ghafeleb_vdhankar.txt -f "%U" python3 homework.py > stulog.txt 2>&1 on ghafeleb #####
##### ghafeleb plays [E g3 f4] in 0.14s #####
##### Running: /usr/lib/jvm/jdk-14.0.1/bin/java -jar /lab/itti/projects/checkers-competition/server/referee.jar on run_13_ghafeleb_vdhankar #####
Move is valid
##### SUCCESS: /usr/lib/jvm/jdk-14.0.1/bin/java -jar /lab/itti/projects/checkers-competition/server/referee.jar on run_13_ghafeleb_vdhankar #####
INPUT for vdhankar:
GAME
BLACK
54.5614366531372
...b...b
....b...
...b.w..
......w.
.w...w..
........
........
......w.
##### Running: /usr/bin/time -o time_13_ghafeleb_vdhankar.txt -f "%U" python3 homework.py > stulog.txt 2>&1 on vdhankar #####
child exited with value 1
##### ERROR: /usr/bin/time -o time_13_ghafeleb_vdhankar.txt -f "%U" python3 homework.py > stulog.txt 2>&1 on vdhankar #####
##### Output of failed program (stdout + stderr): #####
Traceback (most recent call last):
  File "homework.py", line 546, in <module>
    print(end-start)
NameError: name 'end' is not defined
##### End of output of failed program #####
##### vdhankar plays [E h8 g7] in 0.378130912780762s #####
##### Running: /usr/lib/jvm/jdk-14.0.1/bin/java -jar /lab/itti/projects/checkers-competition/server/referee.jar on run_13_ghafeleb_vdhankar #####
Move is valid
##### SUCCESS: /usr/lib/jvm/jdk-14.0.1/bin/java -jar /lab/itti/projects/checkers-competition/server/referee.jar on run_13_ghafeleb_vdhankar #####
INPUT for ghafeleb:
GAME
WHITE
294.03
...b....
....b.b.
...b.w..
......w.
.w...w..
........
........
......w.
##### Running: /usr/bin/time -o time_13_ghafeleb_vdhankar.txt -f "%U" python3 homework.py > stulog.txt 2>&1 on ghafeleb #####
##### SUCCESS: /usr/bin/time -o time_13_ghafeleb_vdhankar.txt -f "%U" python3 homework.py > stulog.txt 2>&1 on ghafeleb #####
##### ghafeleb plays [J f6 h8] in 0.06s #####
##### Running: /usr/lib/jvm/jdk-14.0.1/bin/java -jar /lab/itti/projects/checkers-competition/server/referee.jar on run_13_ghafeleb_vdhankar #####
Move is valid
##### SUCCESS: /usr/lib/jvm/jdk-14.0.1/bin/java -jar /lab/itti/projects/checkers-competition/server/referee.jar on run_13_ghafeleb_vdhankar #####
INPUT for vdhankar:
GAME
BLACK
54.1833057403564
...b...W
....b...
...b....
......w.
.w...w..
........
........
......w.
##### Running: /usr/bin/time -o time_13_ghafeleb_vdhankar.txt -f "%U" python3 homework.py > stulog.txt 2>&1 on vdhankar #####
child exited with value 1
##### ERROR: /usr/bin/time -o time_13_ghafeleb_vdhankar.txt -f "%U" python3 homework.py > stulog.txt 2>&1 on vdhankar #####
##### Output of failed program (stdout + stderr): #####
Traceback (most recent call last):
  File "homework.py", line 546, in <module>
    print(end-start)
NameError: name 'end' is not defined
##### End of output of failed program #####
##### vdhankar plays [E e7 f6] in 0.644051074981689s #####
##### Running: /usr/lib/jvm/jdk-14.0.1/bin/java -jar /lab/itti/projects/checkers-competition/server/referee.jar on run_13_ghafeleb_vdhankar #####
Move is valid
##### SUCCESS: /usr/lib/jvm/jdk-14.0.1/bin/java -jar /lab/itti/projects/checkers-competition/server/referee.jar on run_13_ghafeleb_vdhankar #####
INPUT for ghafeleb:
GAME
WHITE
293.97
...b...W
........
...b.b..
......w.
.w...w..
........
........
......w.
##### Running: /usr/bin/time -o time_13_ghafeleb_vdhankar.txt -f "%U" python3 homework.py > stulog.txt 2>&1 on ghafeleb #####
##### SUCCESS: /usr/bin/time -o time_13_ghafeleb_vdhankar.txt -f "%U" python3 homework.py > stulog.txt 2>&1 on ghafeleb #####
##### ghafeleb plays [J g5 e7] in 0.05s #####
##### Running: /usr/lib/jvm/jdk-14.0.1/bin/java -jar /lab/itti/projects/checkers-competition/server/referee.jar on run_13_ghafeleb_vdhankar #####
Move is valid
##### SUCCESS: /usr/lib/jvm/jdk-14.0.1/bin/java -jar /lab/itti/projects/checkers-competition/server/referee.jar on run_13_ghafeleb_vdhankar #####
INPUT for vdhankar:
GAME
BLACK
53.5392546653748
...b...W
....w...
...b....
........
.w...w..
........
........
......w.
##### Running: /usr/bin/time -o time_13_ghafeleb_vdhankar.txt -f "%U" python3 homework.py > stulog.txt 2>&1 on vdhankar #####
child exited with value 1
##### ERROR: /usr/bin/time -o time_13_ghafeleb_vdhankar.txt -f "%U" python3 homework.py > stulog.txt 2>&1 on vdhankar #####
##### Output of failed program (stdout + stderr): #####
Traceback (most recent call last):
  File "homework.py", line 546, in <module>
    print(end-start)
NameError: name 'end' is not defined
##### End of output of failed program #####
##### vdhankar plays [J d8 f6] in 0.371282815933228s #####
##### Running: /usr/lib/jvm/jdk-14.0.1/bin/java -jar /lab/itti/projects/checkers-competition/server/referee.jar on run_13_ghafeleb_vdhankar #####
Move is valid
##### SUCCESS: /usr/lib/jvm/jdk-14.0.1/bin/java -jar /lab/itti/projects/checkers-competition/server/referee.jar on run_13_ghafeleb_vdhankar #####
INPUT for ghafeleb:
GAME
WHITE
293.92
.......W
........
...b.b..
........
.w...w..
........
........
......w.
##### Running: /usr/bin/time -o time_13_ghafeleb_vdhankar.txt -f "%U" python3 homework.py > stulog.txt 2>&1 on ghafeleb #####
##### SUCCESS: /usr/bin/time -o time_13_ghafeleb_vdhankar.txt -f "%U" python3 homework.py > stulog.txt 2>&1 on ghafeleb #####
##### ghafeleb plays [E b4 a5] in 0.12s #####
##### Running: /usr/lib/jvm/jdk-14.0.1/bin/java -jar /lab/itti/projects/checkers-competition/server/referee.jar on run_13_ghafeleb_vdhankar #####
Move is valid
##### SUCCESS: /usr/lib/jvm/jdk-14.0.1/bin/java -jar /lab/itti/projects/checkers-competition/server/referee.jar on run_13_ghafeleb_vdhankar #####
INPUT for vdhankar:
GAME
BLACK
53.1679718494415
.......W
........
...b.b..
w.......
.....w..
........
........
......w.
##### Running: /usr/bin/time -o time_13_ghafeleb_vdhankar.txt -f "%U" python3 homework.py > stulog.txt 2>&1 on vdhankar #####
child exited with value 1
##### ERROR: /usr/bin/time -o time_13_ghafeleb_vdhankar.txt -f "%U" python3 homework.py > stulog.txt 2>&1 on vdhankar #####
##### Output of failed program (stdout + stderr): #####
Traceback (most recent call last):
  File "homework.py", line 546, in <module>
    print(end-start)
NameError: name 'end' is not defined
##### End of output of failed program #####
##### vdhankar plays [E f6 e5] in 0.602538108825684s #####
##### Running: /usr/lib/jvm/jdk-14.0.1/bin/java -jar /lab/itti/projects/checkers-competition/server/referee.jar on run_13_ghafeleb_vdhankar #####
Move is valid
##### SUCCESS: /usr/lib/jvm/jdk-14.0.1/bin/java -jar /lab/itti/projects/checkers-competition/server/referee.jar on run_13_ghafeleb_vdhankar #####
INPUT for ghafeleb:
GAME
WHITE
293.8
.......W
........
...b....
w...b...
.....w..
........
........
......w.
##### Running: /usr/bin/time -o time_13_ghafeleb_vdhankar.txt -f "%U" python3 homework.py > stulog.txt 2>&1 on ghafeleb #####
##### SUCCESS: /usr/bin/time -o time_13_ghafeleb_vdhankar.txt -f "%U" python3 homework.py > stulog.txt 2>&1 on ghafeleb #####
##### ghafeleb plays [E g1 h2] in 0.08s #####
##### Running: /usr/lib/jvm/jdk-14.0.1/bin/java -jar /lab/itti/projects/checkers-competition/server/referee.jar on run_13_ghafeleb_vdhankar #####
Move is valid
##### SUCCESS: /usr/lib/jvm/jdk-14.0.1/bin/java -jar /lab/itti/projects/checkers-competition/server/referee.jar on run_13_ghafeleb_vdhankar #####
INPUT for vdhankar:
GAME
BLACK
52.5654337406158
.......W
........
...b....
w...b...
.....w..
........
.......w
........
##### Running: /usr/bin/time -o time_13_ghafeleb_vdhankar.txt -f "%U" python3 homework.py > stulog.txt 2>&1 on vdhankar #####
child exited with value 1
##### ERROR: /usr/bin/time -o time_13_ghafeleb_vdhankar.txt -f "%U" python3 homework.py > stulog.txt 2>&1 on vdhankar #####
##### Output of failed program (stdout + stderr): #####
Traceback (most recent call last):
  File "homework.py", line 546, in <module>
    print(end-start)
NameError: name 'end' is not defined
##### End of output of failed program #####
##### vdhankar plays [J e5 g3] in 0.231611013412476s #####
##### Running: /usr/lib/jvm/jdk-14.0.1/bin/java -jar /lab/itti/projects/checkers-competition/server/referee.jar on run_13_ghafeleb_vdhankar #####
Move is valid
##### SUCCESS: /usr/lib/jvm/jdk-14.0.1/bin/java -jar /lab/itti/projects/checkers-competition/server/referee.jar on run_13_ghafeleb_vdhankar #####
INPUT for ghafeleb:
GAME
WHITE
293.72
.......W
........
...b....
w.......
........
......b.
.......w
........
##### Running: /usr/bin/time -o time_13_ghafeleb_vdhankar.txt -f "%U" python3 homework.py > stulog.txt 2>&1 on ghafeleb #####
##### SUCCESS: /usr/bin/time -o time_13_ghafeleb_vdhankar.txt -f "%U" python3 homework.py > stulog.txt 2>&1 on ghafeleb #####
##### ghafeleb plays [J h2 f4] in 0.05s #####
##### Running: /usr/lib/jvm/jdk-14.0.1/bin/java -jar /lab/itti/projects/checkers-competition/server/referee.jar on run_13_ghafeleb_vdhankar #####
Move is valid
##### SUCCESS: /usr/lib/jvm/jdk-14.0.1/bin/java -jar /lab/itti/projects/checkers-competition/server/referee.jar on run_13_ghafeleb_vdhankar #####
INPUT for vdhankar:
GAME
BLACK
52.3338227272034
.......W
........
...b....
w.......
.....w..
........
........
........
##### Running: /usr/bin/time -o time_13_ghafeleb_vdhankar.txt -f "%U" python3 homework.py > stulog.txt 2>&1 on vdhankar #####
child exited with value 1
##### ERROR: /usr/bin/time -o time_13_ghafeleb_vdhankar.txt -f "%U" python3 homework.py > stulog.txt 2>&1 on vdhankar #####
##### Output of failed program (stdout + stderr): #####
Traceback (most recent call last):
  File "homework.py", line 546, in <module>
    print(end-start)
NameError: name 'end' is not defined
##### End of output of failed program #####
##### vdhankar plays [E d6 c5] in 0.371543169021606s #####
##### Running: /usr/lib/jvm/jdk-14.0.1/bin/java -jar /lab/itti/projects/checkers-competition/server/referee.jar on run_13_ghafeleb_vdhankar #####
Move is valid
##### SUCCESS: /usr/lib/jvm/jdk-14.0.1/bin/java -jar /lab/itti/projects/checkers-competition/server/referee.jar on run_13_ghafeleb_vdhankar #####
INPUT for ghafeleb:
GAME
WHITE
293.67
.......W
........
........
w.b.....
.....w..
........
........
........
##### Running: /usr/bin/time -o time_13_ghafeleb_vdhankar.txt -f "%U" python3 homework.py > stulog.txt 2>&1 on ghafeleb #####
##### SUCCESS: /usr/bin/time -o time_13_ghafeleb_vdhankar.txt -f "%U" python3 homework.py > stulog.txt 2>&1 on ghafeleb #####
##### ghafeleb plays [E a5 b6] in 0.06s #####
##### Running: /usr/lib/jvm/jdk-14.0.1/bin/java -jar /lab/itti/projects/checkers-competition/server/referee.jar on run_13_ghafeleb_vdhankar #####
Move is valid
##### SUCCESS: /usr/lib/jvm/jdk-14.0.1/bin/java -jar /lab/itti/projects/checkers-competition/server/referee.jar on run_13_ghafeleb_vdhankar #####
INPUT for vdhankar:
GAME
BLACK
51.9622795581818
.......W
........
.w......
..b.....
.....w..
........
........
........
##### Running: /usr/bin/time -o time_13_ghafeleb_vdhankar.txt -f "%U" python3 homework.py > stulog.txt 2>&1 on vdhankar #####
child exited with value 1
##### ERROR: /usr/bin/time -o time_13_ghafeleb_vdhankar.txt -f "%U" python3 homework.py > stulog.txt 2>&1 on vdhankar #####
##### Output of failed program (stdout + stderr): #####
Traceback (most recent call last):
  File "homework.py", line 546, in <module>
    print(end-start)
NameError: name 'end' is not defined
##### End of output of failed program #####
##### vdhankar plays [E c5 d4] in 0.427978038787842s #####
##### Running: /usr/lib/jvm/jdk-14.0.1/bin/java -jar /lab/itti/projects/checkers-competition/server/referee.jar on run_13_ghafeleb_vdhankar #####
Move is valid
##### SUCCESS: /usr/lib/jvm/jdk-14.0.1/bin/java -jar /lab/itti/projects/checkers-competition/server/referee.jar on run_13_ghafeleb_vdhankar #####
INPUT for ghafeleb:
GAME
WHITE
293.61
.......W
........
.w......
........
...b.w..
........
........
........
##### Running: /usr/bin/time -o time_13_ghafeleb_vdhankar.txt -f "%U" python3 homework.py > stulog.txt 2>&1 on ghafeleb #####
##### SUCCESS: /usr/bin/time -o time_13_ghafeleb_vdhankar.txt -f "%U" python3 homework.py > stulog.txt 2>&1 on ghafeleb #####
##### ghafeleb plays [E b6 c7] in 0.07s #####
##### Running: /usr/lib/jvm/jdk-14.0.1/bin/java -jar /lab/itti/projects/checkers-competition/server/referee.jar on run_13_ghafeleb_vdhankar #####
Move is valid
##### SUCCESS: /usr/lib/jvm/jdk-14.0.1/bin/java -jar /lab/itti/projects/checkers-competition/server/referee.jar on run_13_ghafeleb_vdhankar #####
INPUT for vdhankar:
GAME
BLACK
51.5343015193939
.......W
..w.....
........
........
...b.w..
........
........
........
##### Running: /usr/bin/time -o time_13_ghafeleb_vdhankar.txt -f "%U" python3 homework.py > stulog.txt 2>&1 on vdhankar #####
child exited with value 1
##### ERROR: /usr/bin/time -o time_13_ghafeleb_vdhankar.txt -f "%U" python3 homework.py > stulog.txt 2>&1 on vdhankar #####
##### Output of failed program (stdout + stderr): #####
Traceback (most recent call last):
  File "homework.py", line 546, in <module>
    print(end-start)
NameError: name 'end' is not defined
##### End of output of failed program #####
##### vdhankar plays [E d4 e3] in 0.409410953521729s #####
##### Running: /usr/lib/jvm/jdk-14.0.1/bin/java -jar /lab/itti/projects/checkers-competition/server/referee.jar on run_13_ghafeleb_vdhankar #####
Move is valid
##### SUCCESS: /usr/lib/jvm/jdk-14.0.1/bin/java -jar /lab/itti/projects/checkers-competition/server/referee.jar on run_13_ghafeleb_vdhankar #####
INPUT for ghafeleb:
GAME
WHITE
293.54
.......W
..w.....
........
........
.....w..
....b...
........
........
##### Running: /usr/bin/time -o time_13_ghafeleb_vdhankar.txt -f "%U" python3 homework.py > stulog.txt 2>&1 on ghafeleb #####
##### SUCCESS: /usr/bin/time -o time_13_ghafeleb_vdhankar.txt -f "%U" python3 homework.py > stulog.txt 2>&1 on ghafeleb #####
##### ghafeleb plays [E c7 d8] in 0.05s #####
##### Running: /usr/lib/jvm/jdk-14.0.1/bin/java -jar /lab/itti/projects/checkers-competition/server/referee.jar on run_13_ghafeleb_vdhankar #####
Move is valid
##### SUCCESS: /usr/lib/jvm/jdk-14.0.1/bin/java -jar /lab/itti/projects/checkers-competition/server/referee.jar on run_13_ghafeleb_vdhankar #####
INPUT for vdhankar:
GAME
BLACK
51.1248905658722
...W...W
........
........
........
.....w..
....b...
........
........
##### Running: /usr/bin/time -o time_13_ghafeleb_vdhankar.txt -f "%U" python3 homework.py > stulog.txt 2>&1 on vdhankar #####
child exited with value 1
##### ERROR: /usr/bin/time -o time_13_ghafeleb_vdhankar.txt -f "%U" python3 homework.py > stulog.txt 2>&1 on vdhankar #####
##### Output of failed program (stdout + stderr): #####
Traceback (most recent call last):
  File "homework.py", line 546, in <module>
    print(end-start)
NameError: name 'end' is not defined
##### End of output of failed program #####
##### vdhankar plays [E e3 f2] in 0.589602947235107s #####
##### Running: /usr/lib/jvm/jdk-14.0.1/bin/java -jar /lab/itti/projects/checkers-competition/server/referee.jar on run_13_ghafeleb_vdhankar #####
Move is valid
##### SUCCESS: /usr/lib/jvm/jdk-14.0.1/bin/java -jar /lab/itti/projects/checkers-competition/server/referee.jar on run_13_ghafeleb_vdhankar #####
INPUT for ghafeleb:
GAME
WHITE
293.49
...W...W
........
........
........
.....w..
........
.....b..
........
##### Running: /usr/bin/time -o time_13_ghafeleb_vdhankar.txt -f "%U" python3 homework.py > stulog.txt 2>&1 on ghafeleb #####
##### SUCCESS: /usr/bin/time -o time_13_ghafeleb_vdhankar.txt -f "%U" python3 homework.py > stulog.txt 2>&1 on ghafeleb #####
##### ghafeleb plays [E f4 g5] in 0.12s #####
##### Running: /usr/lib/jvm/jdk-14.0.1/bin/java -jar /lab/itti/projects/checkers-competition/server/referee.jar on run_13_ghafeleb_vdhankar #####
Move is valid
##### SUCCESS: /usr/lib/jvm/jdk-14.0.1/bin/java -jar /lab/itti/projects/checkers-competition/server/referee.jar on run_13_ghafeleb_vdhankar #####
INPUT for vdhankar:
GAME
BLACK
50.5352876186371
...W...W
........
........
......w.
........
........
.....b..
........
##### Running: /usr/bin/time -o time_13_ghafeleb_vdhankar.txt -f "%U" python3 homework.py > stulog.txt 2>&1 on vdhankar #####
child exited with value 1
##### ERROR: /usr/bin/time -o time_13_ghafeleb_vdhankar.txt -f "%U" python3 homework.py > stulog.txt 2>&1 on vdhankar #####
##### Output of failed program (stdout + stderr): #####
Traceback (most recent call last):
  File "homework.py", line 546, in <module>
    print(end-start)
NameError: name 'end' is not defined
##### End of output of failed program #####
##### vdhankar plays [E f2 g1] in 0.710462093353271s #####
##### Running: /usr/lib/jvm/jdk-14.0.1/bin/java -jar /lab/itti/projects/checkers-competition/server/referee.jar on run_13_ghafeleb_vdhankar #####
Move is valid
##### SUCCESS: /usr/lib/jvm/jdk-14.0.1/bin/java -jar /lab/itti/projects/checkers-competition/server/referee.jar on run_13_ghafeleb_vdhankar #####
INPUT for ghafeleb:
GAME
WHITE
293.37
...W...W
........
........
......w.
........
........
........
......B.
##### Running: /usr/bin/time -o time_13_ghafeleb_vdhankar.txt -f "%U" python3 homework.py > stulog.txt 2>&1 on ghafeleb #####
##### SUCCESS: /usr/bin/time -o time_13_ghafeleb_vdhankar.txt -f "%U" python3 homework.py > stulog.txt 2>&1 on ghafeleb #####
##### ghafeleb plays [E g5 h6] in 0.07s #####
##### Running: /usr/lib/jvm/jdk-14.0.1/bin/java -jar /lab/itti/projects/checkers-competition/server/referee.jar on run_13_ghafeleb_vdhankar #####
Move is valid
##### SUCCESS: /usr/lib/jvm/jdk-14.0.1/bin/java -jar /lab/itti/projects/checkers-competition/server/referee.jar on run_13_ghafeleb_vdhankar #####
INPUT for vdhankar:
GAME
BLACK
49.8248255252838
...W...W
........
.......w
........
........
........
........
......B.
##### Running: /usr/bin/time -o time_13_ghafeleb_vdhankar.txt -f "%U" python3 homework.py > stulog.txt 2>&1 on vdhankar #####
child exited with value 1
##### ERROR: /usr/bin/time -o time_13_ghafeleb_vdhankar.txt -f "%U" python3 homework.py > stulog.txt 2>&1 on vdhankar #####
##### Output of failed program (stdout + stderr): #####
Traceback (most recent call last):
  File "homework.py", line 546, in <module>
    print(end-start)
NameError: name 'end' is not defined
##### End of output of failed program #####
##### vdhankar plays [E g1 h2] in 0.386413097381592s #####
##### Running: /usr/lib/jvm/jdk-14.0.1/bin/java -jar /lab/itti/projects/checkers-competition/server/referee.jar on run_13_ghafeleb_vdhankar #####
Move is valid
##### SUCCESS: /usr/lib/jvm/jdk-14.0.1/bin/java -jar /lab/itti/projects/checkers-competition/server/referee.jar on run_13_ghafeleb_vdhankar #####
INPUT for ghafeleb:
GAME
WHITE
293.3
...W...W
........
.......w
........
........
........
.......B
........
##### Running: /usr/bin/time -o time_13_ghafeleb_vdhankar.txt -f "%U" python3 homework.py > stulog.txt 2>&1 on ghafeleb #####
##### SUCCESS: /usr/bin/time -o time_13_ghafeleb_vdhankar.txt -f "%U" python3 homework.py > stulog.txt 2>&1 on ghafeleb #####
##### ghafeleb plays [E h6 g7] in 0.08s #####
##### Running: /usr/lib/jvm/jdk-14.0.1/bin/java -jar /lab/itti/projects/checkers-competition/server/referee.jar on run_13_ghafeleb_vdhankar #####
Move is valid
##### SUCCESS: /usr/lib/jvm/jdk-14.0.1/bin/java -jar /lab/itti/projects/checkers-competition/server/referee.jar on run_13_ghafeleb_vdhankar #####
INPUT for vdhankar:
GAME
BLACK
49.4384124279022
...W...W
......w.
........
........
........
........
.......B
........
##### Running: /usr/bin/time -o time_13_ghafeleb_vdhankar.txt -f "%U" python3 homework.py > stulog.txt 2>&1 on vdhankar #####
child exited with value 1
##### ERROR: /usr/bin/time -o time_13_ghafeleb_vdhankar.txt -f "%U" python3 homework.py > stulog.txt 2>&1 on vdhankar #####
##### Output of failed program (stdout + stderr): #####
Traceback (most recent call last):
  File "homework.py", line 546, in <module>
    print(end-start)
NameError: name 'end' is not defined
##### End of output of failed program #####
##### vdhankar plays [E h2 g1] in 0.296649932861328s #####
##### Running: /usr/lib/jvm/jdk-14.0.1/bin/java -jar /lab/itti/projects/checkers-competition/server/referee.jar on run_13_ghafeleb_vdhankar #####
Move is valid
##### SUCCESS: /usr/lib/jvm/jdk-14.0.1/bin/java -jar /lab/itti/projects/checkers-competition/server/referee.jar on run_13_ghafeleb_vdhankar #####
INPUT for ghafeleb:
GAME
WHITE
293.22
...W...W
......w.
........
........
........
........
........
......B.
##### Running: /usr/bin/time -o time_13_ghafeleb_vdhankar.txt -f "%U" python3 homework.py > stulog.txt 2>&1 on ghafeleb #####
##### SUCCESS: /usr/bin/time -o time_13_ghafeleb_vdhankar.txt -f "%U" python3 homework.py > stulog.txt 2>&1 on ghafeleb #####
##### ghafeleb plays [E d8 e7] in 0.07s #####
##### Running: /usr/lib/jvm/jdk-14.0.1/bin/java -jar /lab/itti/projects/checkers-competition/server/referee.jar on run_13_ghafeleb_vdhankar #####
Move is valid
##### SUCCESS: /usr/lib/jvm/jdk-14.0.1/bin/java -jar /lab/itti/projects/checkers-competition/server/referee.jar on run_13_ghafeleb_vdhankar #####
INPUT for vdhankar:
GAME
BLACK
49.1417624950409
.......W
....W.w.
........
........
........
........
........
......B.
##### Running: /usr/bin/time -o time_13_ghafeleb_vdhankar.txt -f "%U" python3 homework.py > stulog.txt 2>&1 on vdhankar #####
child exited with value 1
##### ERROR: /usr/bin/time -o time_13_ghafeleb_vdhankar.txt -f "%U" python3 homework.py > stulog.txt 2>&1 on vdhankar #####
##### Output of failed program (stdout + stderr): #####
Traceback (most recent call last):
  File "homework.py", line 546, in <module>
    print(end-start)
NameError: name 'end' is not defined
##### End of output of failed program #####
##### vdhankar plays [E g1 h2] in 0.335606098175049s #####
##### Running: /usr/lib/jvm/jdk-14.0.1/bin/java -jar /lab/itti/projects/checkers-competition/server/referee.jar on run_13_ghafeleb_vdhankar #####
Move is valid
##### SUCCESS: /usr/lib/jvm/jdk-14.0.1/bin/java -jar /lab/itti/projects/checkers-competition/server/referee.jar on run_13_ghafeleb_vdhankar #####
INPUT for ghafeleb:
GAME
WHITE
293.15
.......W
....W.w.
........
........
........
........
.......B
........
##### Running: /usr/bin/time -o time_13_ghafeleb_vdhankar.txt -f "%U" python3 homework.py > stulog.txt 2>&1 on ghafeleb #####
##### SUCCESS: /usr/bin/time -o time_13_ghafeleb_vdhankar.txt -f "%U" python3 homework.py > stulog.txt 2>&1 on ghafeleb #####
##### ghafeleb plays [E e7 d8] in 0.08s #####
##### Running: /usr/lib/jvm/jdk-14.0.1/bin/java -jar /lab/itti/projects/checkers-competition/server/referee.jar on run_13_ghafeleb_vdhankar #####
Move is valid
##### SUCCESS: /usr/lib/jvm/jdk-14.0.1/bin/java -jar /lab/itti/projects/checkers-competition/server/referee.jar on run_13_ghafeleb_vdhankar #####
INPUT for vdhankar:
GAME
BLACK
48.8061563968658
...W...W
......w.
........
........
........
........
.......B
........
##### Running: /usr/bin/time -o time_13_ghafeleb_vdhankar.txt -f "%U" python3 homework.py > stulog.txt 2>&1 on vdhankar #####
child exited with value 1
##### ERROR: /usr/bin/time -o time_13_ghafeleb_vdhankar.txt -f "%U" python3 homework.py > stulog.txt 2>&1 on vdhankar #####
##### Output of failed program (stdout + stderr): #####
Traceback (most recent call last):
  File "homework.py", line 546, in <module>
    print(end-start)
NameError: name 'end' is not defined
##### End of output of failed program #####
##### vdhankar plays [E h2 g1] in 0.296090126037598s #####
##### Running: /usr/lib/jvm/jdk-14.0.1/bin/java -jar /lab/itti/projects/checkers-competition/server/referee.jar on run_13_ghafeleb_vdhankar #####
Move is valid
##### SUCCESS: /usr/lib/jvm/jdk-14.0.1/bin/java -jar /lab/itti/projects/checkers-competition/server/referee.jar on run_13_ghafeleb_vdhankar #####
INPUT for ghafeleb:
GAME
WHITE
293.07
...W...W
......w.
........
........
........
........
........
......B.
##### Running: /usr/bin/time -o time_13_ghafeleb_vdhankar.txt -f "%U" python3 homework.py > stulog.txt 2>&1 on ghafeleb #####
##### SUCCESS: /usr/bin/time -o time_13_ghafeleb_vdhankar.txt -f "%U" python3 homework.py > stulog.txt 2>&1 on ghafeleb #####
##### ghafeleb plays [E d8 e7] in 0.07s #####
##### Running: /usr/lib/jvm/jdk-14.0.1/bin/java -jar /lab/itti/projects/checkers-competition/server/referee.jar on run_13_ghafeleb_vdhankar #####
Move is valid
##### SUCCESS: /usr/lib/jvm/jdk-14.0.1/bin/java -jar /lab/itti/projects/checkers-competition/server/referee.jar on run_13_ghafeleb_vdhankar #####
INPUT for vdhankar:
GAME
BLACK
48.5100662708282
.......W
....W.w.
........
........
........
........
........
......B.
##### Running: /usr/bin/time -o time_13_ghafeleb_vdhankar.txt -f "%U" python3 homework.py > stulog.txt 2>&1 on vdhankar #####
child exited with value 1
##### ERROR: /usr/bin/time -o time_13_ghafeleb_vdhankar.txt -f "%U" python3 homework.py > stulog.txt 2>&1 on vdhankar #####
##### Output of failed program (stdout + stderr): #####
Traceback (most recent call last):
  File "homework.py", line 546, in <module>
    print(end-start)
NameError: name 'end' is not defined
##### End of output of failed program #####
##### vdhankar plays [E g1 h2] in 0.323519945144653s #####
##### Running: /usr/lib/jvm/jdk-14.0.1/bin/java -jar /lab/itti/projects/checkers-competition/server/referee.jar on run_13_ghafeleb_vdhankar #####
Move is valid
##### SUCCESS: /usr/lib/jvm/jdk-14.0.1/bin/java -jar /lab/itti/projects/checkers-competition/server/referee.jar on run_13_ghafeleb_vdhankar #####
INPUT for ghafeleb:
GAME
WHITE
293
.......W
....W.w.
........
........
........
........
.......B
........
##### Running: /usr/bin/time -o time_13_ghafeleb_vdhankar.txt -f "%U" python3 homework.py > stulog.txt 2>&1 on ghafeleb #####
##### SUCCESS: /usr/bin/time -o time_13_ghafeleb_vdhankar.txt -f "%U" python3 homework.py > stulog.txt 2>&1 on ghafeleb #####
##### ghafeleb plays [E e7 d8] in 0.08s #####
##### Running: /usr/lib/jvm/jdk-14.0.1/bin/java -jar /lab/itti/projects/checkers-competition/server/referee.jar on run_13_ghafeleb_vdhankar #####
Move is valid
##### SUCCESS: /usr/lib/jvm/jdk-14.0.1/bin/java -jar /lab/itti/projects/checkers-competition/server/referee.jar on run_13_ghafeleb_vdhankar #####
INPUT for vdhankar:
GAME
BLACK
48.1865463256836
...W...W
......w.
........
........
........
........
.......B
........
##### Running: /usr/bin/time -o time_13_ghafeleb_vdhankar.txt -f "%U" python3 homework.py > stulog.txt 2>&1 on vdhankar #####
child exited with value 1
##### ERROR: /usr/bin/time -o time_13_ghafeleb_vdhankar.txt -f "%U" python3 homework.py > stulog.txt 2>&1 on vdhankar #####
##### Output of failed program (stdout + stderr): #####
Traceback (most recent call last):
  File "homework.py", line 546, in <module>
    print(end-start)
NameError: name 'end' is not defined
##### End of output of failed program #####
##### vdhankar plays [E h2 g1] in 0.392980813980103s #####
##### Running: /usr/lib/jvm/jdk-14.0.1/bin/java -jar /lab/itti/projects/checkers-competition/server/referee.jar on run_13_ghafeleb_vdhankar #####
Move is valid
Seen this position 3 times
*** Game ends in draw ***
##### SUCCESS: /usr/lib/jvm/jdk-14.0.1/bin/java -jar /lab/itti/projects/checkers-competition/server/referee.jar on run_13_ghafeleb_vdhankar #####
##### GAME ENDS IN A DRAW. Time left for ghafeleb: 292.92s, vdhankar: 47.7935655117035s
Server said: DRAW
##### GAME OVER: the game ends in a draw, ghafeleb wins by time remaining #####
########## ROUND 13 GAMESCORE AFTER GAME 3: ghafeleb=3 and vdhankar=0 ##########
#################### ROUND 13: ghafeleb (B) vs vdhankar (W): game 4 ####################
##### game start! #####
INPUT for ghafeleb:
GAME
BLACK
300
.b.b.b.b
b.b.b.b.
.b.b.b.b
........
........
w.w.w.w.
.w.w.w.w
w.w.w.w.
##### Running: /usr/bin/time -o time_13_ghafeleb_vdhankar.txt -f "%U" python3 homework.py > stulog.txt 2>&1 on ghafeleb #####
##### SUCCESS: /usr/bin/time -o time_13_ghafeleb_vdhankar.txt -f "%U" python3 homework.py > stulog.txt 2>&1 on ghafeleb #####
##### ghafeleb plays [E b6 c5] in 0.42s #####
##### Running: /usr/lib/jvm/jdk-14.0.1/bin/java -jar /lab/itti/projects/checkers-competition/server/referee.jar on run_13_ghafeleb_vdhankar #####
Move is valid
Couldn't read file 'current_ply.txt'
Couldn't read content from file 'current_ply.txt'
Couldn't read file 'lastmatchange_ply.txt'
Couldn't read content from file 'lastmatchange_ply.txt'
##### SUCCESS: /usr/lib/jvm/jdk-14.0.1/bin/java -jar /lab/itti/projects/checkers-competition/server/referee.jar on run_13_ghafeleb_vdhankar #####
INPUT for vdhankar:
GAME
WHITE
300
.b.b.b.b
b.b.b.b.
...b.b.b
..b.....
........
w.w.w.w.
.w.w.w.w
w.w.w.w.
##### Running: /usr/bin/time -o time_13_ghafeleb_vdhankar.txt -f "%U" python3 homework.py > stulog.txt 2>&1 on vdhankar #####
child exited with value 1
##### ERROR: /usr/bin/time -o time_13_ghafeleb_vdhankar.txt -f "%U" python3 homework.py > stulog.txt 2>&1 on vdhankar #####
##### Output of failed program (stdout + stderr): #####
Traceback (most recent call last):
  File "homework.py", line 546, in <module>
    print(end-start)
NameError: name 'end' is not defined
##### End of output of failed program #####
##### vdhankar plays [E g3 h4] in 5.21550393104553s #####
##### Running: /usr/lib/jvm/jdk-14.0.1/bin/java -jar /lab/itti/projects/checkers-competition/server/referee.jar on run_13_ghafeleb_vdhankar #####
Move is valid
##### SUCCESS: /usr/lib/jvm/jdk-14.0.1/bin/java -jar /lab/itti/projects/checkers-competition/server/referee.jar on run_13_ghafeleb_vdhankar #####
INPUT for ghafeleb:
GAME
BLACK
299.58
.b.b.b.b
b.b.b.b.
...b.b.b
..b.....
.......w
w.w.w...
.w.w.w.w
w.w.w.w.
##### Running: /usr/bin/time -o time_13_ghafeleb_vdhankar.txt -f "%U" python3 homework.py > stulog.txt 2>&1 on ghafeleb #####
##### SUCCESS: /usr/bin/time -o time_13_ghafeleb_vdhankar.txt -f "%U" python3 homework.py > stulog.txt 2>&1 on ghafeleb #####
##### ghafeleb plays [E f6 e5] in 0.59s #####
##### Running: /usr/lib/jvm/jdk-14.0.1/bin/java -jar /lab/itti/projects/checkers-competition/server/referee.jar on run_13_ghafeleb_vdhankar #####
Move is valid
##### SUCCESS: /usr/lib/jvm/jdk-14.0.1/bin/java -jar /lab/itti/projects/checkers-competition/server/referee.jar on run_13_ghafeleb_vdhankar #####
INPUT for vdhankar:
GAME
WHITE
294.784496068954
.b.b.b.b
b.b.b.b.
...b...b
..b.b...
.......w
w.w.w...
.w.w.w.w
w.w.w.w.
##### Running: /usr/bin/time -o time_13_ghafeleb_vdhankar.txt -f "%U" python3 homework.py > stulog.txt 2>&1 on vdhankar #####
child exited with value 1
##### ERROR: /usr/bin/time -o time_13_ghafeleb_vdhankar.txt -f "%U" python3 homework.py > stulog.txt 2>&1 on vdhankar #####
##### Output of failed program (stdout + stderr): #####
Traceback (most recent call last):
  File "homework.py", line 546, in <module>
    print(end-start)
NameError: name 'end' is not defined
##### End of output of failed program #####
##### vdhankar plays [E e3 d4] in 4.55908203125s #####
##### Running: /usr/lib/jvm/jdk-14.0.1/bin/java -jar /lab/itti/projects/checkers-competition/server/referee.jar on run_13_ghafeleb_vdhankar #####
Move is valid
##### SUCCESS: /usr/lib/jvm/jdk-14.0.1/bin/java -jar /lab/itti/projects/checkers-competition/server/referee.jar on run_13_ghafeleb_vdhankar #####
INPUT for ghafeleb:
GAME
BLACK
298.99
.b.b.b.b
b.b.b.b.
...b...b
..b.b...
...w...w
w.w.....
.w.w.w.w
w.w.w.w.
##### Running: /usr/bin/time -o time_13_ghafeleb_vdhankar.txt -f "%U" python3 homework.py > stulog.txt 2>&1 on ghafeleb #####
##### SUCCESS: /usr/bin/time -o time_13_ghafeleb_vdhankar.txt -f "%U" python3 homework.py > stulog.txt 2>&1 on ghafeleb #####
##### ghafeleb plays [J c5 e3] in 0.12s #####
##### Running: /usr/lib/jvm/jdk-14.0.1/bin/java -jar /lab/itti/projects/checkers-competition/server/referee.jar on run_13_ghafeleb_vdhankar #####
Move is valid
##### SUCCESS: /usr/lib/jvm/jdk-14.0.1/bin/java -jar /lab/itti/projects/checkers-competition/server/referee.jar on run_13_ghafeleb_vdhankar #####
INPUT for vdhankar:
GAME
WHITE
290.225414037704
.b.b.b.b
b.b.b.b.
...b...b
....b...
.......w
w.w.b...
.w.w.w.w
w.w.w.w.
##### Running: /usr/bin/time -o time_13_ghafeleb_vdhankar.txt -f "%U" python3 homework.py > stulog.txt 2>&1 on vdhankar #####
child exited with value 1
##### ERROR: /usr/bin/time -o time_13_ghafeleb_vdhankar.txt -f "%U" python3 homework.py > stulog.txt 2>&1 on vdhankar #####
##### Output of failed program (stdout + stderr): #####
Traceback (most recent call last):
  File "homework.py", line 546, in <module>
    print(end-start)
NameError: name 'end' is not defined
##### End of output of failed program #####
##### vdhankar plays [J f2 d4 ; J d4 f6] in 2.56579494476318s #####
##### Running: /usr/lib/jvm/jdk-14.0.1/bin/java -jar /lab/itti/projects/checkers-competition/server/referee.jar on run_13_ghafeleb_vdhankar #####
Move is valid
##### SUCCESS: /usr/lib/jvm/jdk-14.0.1/bin/java -jar /lab/itti/projects/checkers-competition/server/referee.jar on run_13_ghafeleb_vdhankar #####
INPUT for ghafeleb:
GAME
BLACK
298.87
.b.b.b.b
b.b.b.b.
...b.w.b
........
.......w
w.w.....
.w.w...w
w.w.w.w.
##### Running: /usr/bin/time -o time_13_ghafeleb_vdhankar.txt -f "%U" python3 homework.py > stulog.txt 2>&1 on ghafeleb #####
##### SUCCESS: /usr/bin/time -o time_13_ghafeleb_vdhankar.txt -f "%U" python3 homework.py > stulog.txt 2>&1 on ghafeleb #####
##### ghafeleb plays [J e7 g5] in 0.17s #####
##### Running: /usr/lib/jvm/jdk-14.0.1/bin/java -jar /lab/itti/projects/checkers-competition/server/referee.jar on run_13_ghafeleb_vdhankar #####
Move is valid
##### SUCCESS: /usr/lib/jvm/jdk-14.0.1/bin/java -jar /lab/itti/projects/checkers-competition/server/referee.jar on run_13_ghafeleb_vdhankar #####
INPUT for vdhankar:
GAME
WHITE
287.659619092941
.b.b.b.b
b.b...b.
...b...b
......b.
.......w
w.w.....
.w.w...w
w.w.w.w.
##### Running: /usr/bin/time -o time_13_ghafeleb_vdhankar.txt -f "%U" python3 homework.py > stulog.txt 2>&1 on vdhankar #####
child exited with value 1
##### ERROR: /usr/bin/time -o time_13_ghafeleb_vdhankar.txt -f "%U" python3 homework.py > stulog.txt 2>&1 on vdhankar #####
##### Output of failed program (stdout + stderr): #####
Traceback (most recent call last):
  File "homework.py", line 546, in <module>
    print(end-start)
NameError: name 'end' is not defined
##### End of output of failed program #####
##### vdhankar plays [J h4 f6] in 2.10644602775574s #####
##### Running: /usr/lib/jvm/jdk-14.0.1/bin/java -jar /lab/itti/projects/checkers-competition/server/referee.jar on run_13_ghafeleb_vdhankar #####
Move is valid
##### SUCCESS: /usr/lib/jvm/jdk-14.0.1/bin/java -jar /lab/itti/projects/checkers-competition/server/referee.jar on run_13_ghafeleb_vdhankar #####
INPUT for ghafeleb:
GAME
BLACK
298.7
.b.b.b.b
b.b...b.
...b.w.b
........
........
w.w.....
.w.w...w
w.w.w.w.
##### Running: /usr/bin/time -o time_13_ghafeleb_vdhankar.txt -f "%U" python3 homework.py > stulog.txt 2>&1 on ghafeleb #####
##### SUCCESS: /usr/bin/time -o time_13_ghafeleb_vdhankar.txt -f "%U" python3 homework.py > stulog.txt 2>&1 on ghafeleb #####
##### ghafeleb plays [J g7 e5] in 0.14s #####
##### Running: /usr/lib/jvm/jdk-14.0.1/bin/java -jar /lab/itti/projects/checkers-competition/server/referee.jar on run_13_ghafeleb_vdhankar #####
Move is valid
##### SUCCESS: /usr/lib/jvm/jdk-14.0.1/bin/java -jar /lab/itti/projects/checkers-competition/server/referee.jar on run_13_ghafeleb_vdhankar #####
INPUT for vdhankar:
GAME
WHITE
285.553173065186
.b.b.b.b
b.b.....
...b...b
....b...
........
w.w.....
.w.w...w
w.w.w.w.
##### Running: /usr/bin/time -o time_13_ghafeleb_vdhankar.txt -f "%U" python3 homework.py > stulog.txt 2>&1 on vdhankar #####
child exited with value 1
##### ERROR: /usr/bin/time -o time_13_ghafeleb_vdhankar.txt -f "%U" python3 homework.py > stulog.txt 2>&1 on vdhankar #####
##### Output of failed program (stdout + stderr): #####
Traceback (most recent call last):
  File "homework.py", line 546, in <module>
    print(end-start)
NameError: name 'end' is not defined
##### End of output of failed program #####
##### vdhankar plays [E g1 f2] in 21.3367941379547s #####
##### Running: /usr/lib/jvm/jdk-14.0.1/bin/java -jar /lab/itti/projects/checkers-competition/server/referee.jar on run_13_ghafeleb_vdhankar #####
Move is valid
##### SUCCESS: /usr/lib/jvm/jdk-14.0.1/bin/java -jar /lab/itti/projects/checkers-competition/server/referee.jar on run_13_ghafeleb_vdhankar #####
INPUT for ghafeleb:
GAME
BLACK
298.56
.b.b.b.b
b.b.....
...b...b
....b...
........
w.w.....
.w.w.w.w
w.w.w...
##### Running: /usr/bin/time -o time_13_ghafeleb_vdhankar.txt -f "%U" python3 homework.py > stulog.txt 2>&1 on ghafeleb #####
##### SUCCESS: /usr/bin/time -o time_13_ghafeleb_vdhankar.txt -f "%U" python3 homework.py > stulog.txt 2>&1 on ghafeleb #####
##### ghafeleb plays [E e5 d4] in 0.49s #####
##### Running: /usr/lib/jvm/jdk-14.0.1/bin/java -jar /lab/itti/projects/checkers-competition/server/referee.jar on run_13_ghafeleb_vdhankar #####
Move is valid
##### SUCCESS: /usr/lib/jvm/jdk-14.0.1/bin/java -jar /lab/itti/projects/checkers-competition/server/referee.jar on run_13_ghafeleb_vdhankar #####
INPUT for vdhankar:
GAME
WHITE
264.216378927231
.b.b.b.b
b.b.....
...b...b
........
...b....
w.w.....
.w.w.w.w
w.w.w...
##### Running: /usr/bin/time -o time_13_ghafeleb_vdhankar.txt -f "%U" python3 homework.py > stulog.txt 2>&1 on vdhankar #####
child exited with value 1
##### ERROR: /usr/bin/time -o time_13_ghafeleb_vdhankar.txt -f "%U" python3 homework.py > stulog.txt 2>&1 on vdhankar #####
##### Output of failed program (stdout + stderr): #####
Traceback (most recent call last):
  File "homework.py", line 546, in <module>
    print(end-start)
NameError: name 'end' is not defined
##### End of output of failed program #####
##### vdhankar plays [J c3 e5] in 3.35848712921143s #####
##### Running: /usr/lib/jvm/jdk-14.0.1/bin/java -jar /lab/itti/projects/checkers-competition/server/referee.jar on run_13_ghafeleb_vdhankar #####
Move is valid
##### SUCCESS: /usr/lib/jvm/jdk-14.0.1/bin/java -jar /lab/itti/projects/checkers-competition/server/referee.jar on run_13_ghafeleb_vdhankar #####
INPUT for ghafeleb:
GAME
BLACK
298.07
.b.b.b.b
b.b.....
...b...b
....w...
........
w.......
.w.w.w.w
w.w.w...
##### Running: /usr/bin/time -o time_13_ghafeleb_vdhankar.txt -f "%U" python3 homework.py > stulog.txt 2>&1 on ghafeleb #####
##### SUCCESS: /usr/bin/time -o time_13_ghafeleb_vdhankar.txt -f "%U" python3 homework.py > stulog.txt 2>&1 on ghafeleb #####
##### ghafeleb plays [J d6 f4] in 0.13s #####
##### Running: /usr/lib/jvm/jdk-14.0.1/bin/java -jar /lab/itti/projects/checkers-competition/server/referee.jar on run_13_ghafeleb_vdhankar #####
Move is valid
##### SUCCESS: /usr/lib/jvm/jdk-14.0.1/bin/java -jar /lab/itti/projects/checkers-competition/server/referee.jar on run_13_ghafeleb_vdhankar #####
INPUT for vdhankar:
GAME
WHITE
260.857891798019
.b.b.b.b
b.b.....
.......b
........
.....b..
w.......
.w.w.w.w
w.w.w...
##### Running: /usr/bin/time -o time_13_ghafeleb_vdhankar.txt -f "%U" python3 homework.py > stulog.txt 2>&1 on vdhankar #####
child exited with value 1
##### ERROR: /usr/bin/time -o time_13_ghafeleb_vdhankar.txt -f "%U" python3 homework.py > stulog.txt 2>&1 on vdhankar #####
##### Output of failed program (stdout + stderr): #####
Traceback (most recent call last):
  File "homework.py", line 546, in <module>
    print(end-start)
NameError: name 'end' is not defined
##### End of output of failed program #####
##### vdhankar plays [E f2 g3] in 31.7305819988251s #####
##### Running: /usr/lib/jvm/jdk-14.0.1/bin/java -jar /lab/itti/projects/checkers-competition/server/referee.jar on run_13_ghafeleb_vdhankar #####
Move is valid
##### SUCCESS: /usr/lib/jvm/jdk-14.0.1/bin/java -jar /lab/itti/projects/checkers-competition/server/referee.jar on run_13_ghafeleb_vdhankar #####
INPUT for ghafeleb:
GAME
BLACK
297.94
.b.b.b.b
b.b.....
.......b
........
.....b..
w.....w.
.w.w...w
w.w.w...
##### Running: /usr/bin/time -o time_13_ghafeleb_vdhankar.txt -f "%U" python3 homework.py > stulog.txt 2>&1 on ghafeleb #####
##### SUCCESS: /usr/bin/time -o time_13_ghafeleb_vdhankar.txt -f "%U" python3 homework.py > stulog.txt 2>&1 on ghafeleb #####
##### ghafeleb plays [E f4 e3] in 0.21s #####
##### Running: /usr/lib/jvm/jdk-14.0.1/bin/java -jar /lab/itti/projects/checkers-competition/server/referee.jar on run_13_ghafeleb_vdhankar #####
Move is valid
##### SUCCESS: /usr/lib/jvm/jdk-14.0.1/bin/java -jar /lab/itti/projects/checkers-competition/server/referee.jar on run_13_ghafeleb_vdhankar #####
INPUT for vdhankar:
GAME
WHITE
229.127309799194
.b.b.b.b
b.b.....
.......b
........
........
w...b.w.
.w.w...w
w.w.w...
##### Running: /usr/bin/time -o time_13_ghafeleb_vdhankar.txt -f "%U" python3 homework.py > stulog.txt 2>&1 on vdhankar #####
child exited with value 1
##### ERROR: /usr/bin/time -o time_13_ghafeleb_vdhankar.txt -f "%U" python3 homework.py > stulog.txt 2>&1 on vdhankar #####
##### Output of failed program (stdout + stderr): #####
Traceback (most recent call last):
  File "homework.py", line 546, in <module>
    print(end-start)
NameError: name 'end' is not defined
##### End of output of failed program #####
##### vdhankar plays [J d2 f4] in 7.27969121932983s #####
##### Running: /usr/lib/jvm/jdk-14.0.1/bin/java -jar /lab/itti/projects/checkers-competition/server/referee.jar on run_13_ghafeleb_vdhankar #####
Move is valid
##### SUCCESS: /usr/lib/jvm/jdk-14.0.1/bin/java -jar /lab/itti/projects/checkers-competition/server/referee.jar on run_13_ghafeleb_vdhankar #####
INPUT for ghafeleb:
GAME
BLACK
297.73
.b.b.b.b
b.b.....
.......b
........
.....w..
w.....w.
.w.....w
w.w.w...
##### Running: /usr/bin/time -o time_13_ghafeleb_vdhankar.txt -f "%U" python3 homework.py > stulog.txt 2>&1 on ghafeleb #####
##### SUCCESS: /usr/bin/time -o time_13_ghafeleb_vdhankar.txt -f "%U" python3 homework.py > stulog.txt 2>&1 on ghafeleb #####
##### ghafeleb plays [E d8 e7] in 0.43s #####
##### Running: /usr/lib/jvm/jdk-14.0.1/bin/java -jar /lab/itti/projects/checkers-competition/server/referee.jar on run_13_ghafeleb_vdhankar #####
Move is valid
##### SUCCESS: /usr/lib/jvm/jdk-14.0.1/bin/java -jar /lab/itti/projects/checkers-competition/server/referee.jar on run_13_ghafeleb_vdhankar #####
INPUT for vdhankar:
GAME
WHITE
221.847618579865
.b...b.b
b.b.b...
.......b
........
.....w..
w.....w.
.w.....w
w.w.w...
##### Running: /usr/bin/time -o time_13_ghafeleb_vdhankar.txt -f "%U" python3 homework.py > stulog.txt 2>&1 on vdhankar #####
child exited with value 1
##### ERROR: /usr/bin/time -o time_13_ghafeleb_vdhankar.txt -f "%U" python3 homework.py > stulog.txt 2>&1 on vdhankar #####
##### Output of failed program (stdout + stderr): #####
Traceback (most recent call last):
  File "homework.py", line 546, in <module>
    print(end-start)
NameError: name 'end' is not defined
##### End of output of failed program #####
##### vdhankar plays [E e1 d2] in 20.5827741622925s #####
##### Running: /usr/lib/jvm/jdk-14.0.1/bin/java -jar /lab/itti/projects/checkers-competition/server/referee.jar on run_13_ghafeleb_vdhankar #####
Move is valid
##### SUCCESS: /usr/lib/jvm/jdk-14.0.1/bin/java -jar /lab/itti/projects/checkers-competition/server/referee.jar on run_13_ghafeleb_vdhankar #####
INPUT for ghafeleb:
GAME
BLACK
297.3
.b...b.b
b.b.b...
.......b
........
.....w..
w.....w.
.w.w...w
w.w.....
##### Running: /usr/bin/time -o time_13_ghafeleb_vdhankar.txt -f "%U" python3 homework.py > stulog.txt 2>&1 on ghafeleb #####
##### SUCCESS: /usr/bin/time -o time_13_ghafeleb_vdhankar.txt -f "%U" python3 homework.py > stulog.txt 2>&1 on ghafeleb #####
##### ghafeleb plays [E f8 g7] in 0.3s #####
##### Running: /usr/lib/jvm/jdk-14.0.1/bin/java -jar /lab/itti/projects/checkers-competition/server/referee.jar on run_13_ghafeleb_vdhankar #####
Move is valid
##### SUCCESS: /usr/lib/jvm/jdk-14.0.1/bin/java -jar /lab/itti/projects/checkers-competition/server/referee.jar on run_13_ghafeleb_vdhankar #####
INPUT for vdhankar:
GAME
WHITE
201.264844417572
.b.....b
b.b.b.b.
.......b
........
.....w..
w.....w.
.w.w...w
w.w.....
##### Running: /usr/bin/time -o time_13_ghafeleb_vdhankar.txt -f "%U" python3 homework.py > stulog.txt 2>&1 on vdhankar #####
child exited with value 1
##### ERROR: /usr/bin/time -o time_13_ghafeleb_vdhankar.txt -f "%U" python3 homework.py > stulog.txt 2>&1 on vdhankar #####
##### Output of failed program (stdout + stderr): #####
Traceback (most recent call last):
  File "homework.py", line 546, in <module>
    print(end-start)
NameError: name 'end' is not defined
##### End of output of failed program #####
##### vdhankar plays [E d2 c3] in 12.6026170253754s #####
##### Running: /usr/lib/jvm/jdk-14.0.1/bin/java -jar /lab/itti/projects/checkers-competition/server/referee.jar on run_13_ghafeleb_vdhankar #####
Move is valid
##### SUCCESS: /usr/lib/jvm/jdk-14.0.1/bin/java -jar /lab/itti/projects/checkers-competition/server/referee.jar on run_13_ghafeleb_vdhankar #####
INPUT for ghafeleb:
GAME
BLACK
297
.b.....b
b.b.b.b.
.......b
........
.....w..
w.w...w.
.w.....w
w.w.....
##### Running: /usr/bin/time -o time_13_ghafeleb_vdhankar.txt -f "%U" python3 homework.py > stulog.txt 2>&1 on ghafeleb #####
##### SUCCESS: /usr/bin/time -o time_13_ghafeleb_vdhankar.txt -f "%U" python3 homework.py > stulog.txt 2>&1 on ghafeleb #####
##### ghafeleb plays [E a7 b6] in 0.36s #####
##### Running: /usr/lib/jvm/jdk-14.0.1/bin/java -jar /lab/itti/projects/checkers-competition/server/referee.jar on run_13_ghafeleb_vdhankar #####
Move is valid
##### SUCCESS: /usr/lib/jvm/jdk-14.0.1/bin/java -jar /lab/itti/projects/checkers-competition/server/referee.jar on run_13_ghafeleb_vdhankar #####
INPUT for vdhankar:
GAME
WHITE
188.662227392197
.b.....b
..b.b.b.
.b.....b
........
.....w..
w.w...w.
.w.....w
w.w.....
##### Running: /usr/bin/time -o time_13_ghafeleb_vdhankar.txt -f "%U" python3 homework.py > stulog.txt 2>&1 on vdhankar #####
child exited with value 1
##### ERROR: /usr/bin/time -o time_13_ghafeleb_vdhankar.txt -f "%U" python3 homework.py > stulog.txt 2>&1 on vdhankar #####
##### Output of failed program (stdout + stderr): #####
Traceback (most recent call last):
  File "homework.py", line 546, in <module>
    print(end-start)
NameError: name 'end' is not defined
##### End of output of failed program #####
##### vdhankar plays [E c3 d4] in 8.45843005180359s #####
##### Running: /usr/lib/jvm/jdk-14.0.1/bin/java -jar /lab/itti/projects/checkers-competition/server/referee.jar on run_13_ghafeleb_vdhankar #####
Move is valid
##### SUCCESS: /usr/lib/jvm/jdk-14.0.1/bin/java -jar /lab/itti/projects/checkers-competition/server/referee.jar on run_13_ghafeleb_vdhankar #####
INPUT for ghafeleb:
GAME
BLACK
296.64
.b.....b
..b.b.b.
.b.....b
........
...w.w..
w.....w.
.w.....w
w.w.....
##### Running: /usr/bin/time -o time_13_ghafeleb_vdhankar.txt -f "%U" python3 homework.py > stulog.txt 2>&1 on ghafeleb #####
##### SUCCESS: /usr/bin/time -o time_13_ghafeleb_vdhankar.txt -f "%U" python3 homework.py > stulog.txt 2>&1 on ghafeleb #####
##### ghafeleb plays [E b6 a5] in 0.36s #####
##### Running: /usr/lib/jvm/jdk-14.0.1/bin/java -jar /lab/itti/projects/checkers-competition/server/referee.jar on run_13_ghafeleb_vdhankar #####
Move is valid
##### SUCCESS: /usr/lib/jvm/jdk-14.0.1/bin/java -jar /lab/itti/projects/checkers-competition/server/referee.jar on run_13_ghafeleb_vdhankar #####
INPUT for vdhankar:
GAME
WHITE
180.203797340393
.b.....b
..b.b.b.
.......b
b.......
...w.w..
w.....w.
.w.....w
w.w.....
##### Running: /usr/bin/time -o time_13_ghafeleb_vdhankar.txt -f "%U" python3 homework.py > stulog.txt 2>&1 on vdhankar #####
child exited with value 1
##### ERROR: /usr/bin/time -o time_13_ghafeleb_vdhankar.txt -f "%U" python3 homework.py > stulog.txt 2>&1 on vdhankar #####
##### Output of failed program (stdout + stderr): #####
Traceback (most recent call last):
  File "homework.py", line 546, in <module>
    print(end-start)
NameError: name 'end' is not defined
##### End of output of failed program #####
##### vdhankar plays [E b2 c3] in 7.61181402206421s #####
##### Running: /usr/lib/jvm/jdk-14.0.1/bin/java -jar /lab/itti/projects/checkers-competition/server/referee.jar on run_13_ghafeleb_vdhankar #####
Move is valid
##### SUCCESS: /usr/lib/jvm/jdk-14.0.1/bin/java -jar /lab/itti/projects/checkers-competition/server/referee.jar on run_13_ghafeleb_vdhankar #####
INPUT for ghafeleb:
GAME
BLACK
296.28
.b.....b
..b.b.b.
.......b
b.......
...w.w..
w.w...w.
.......w
w.w.....
##### Running: /usr/bin/time -o time_13_ghafeleb_vdhankar.txt -f "%U" python3 homework.py > stulog.txt 2>&1 on ghafeleb #####
##### SUCCESS: /usr/bin/time -o time_13_ghafeleb_vdhankar.txt -f "%U" python3 homework.py > stulog.txt 2>&1 on ghafeleb #####
##### ghafeleb plays [E b8 a7] in 0.48s #####
##### Running: /usr/lib/jvm/jdk-14.0.1/bin/java -jar /lab/itti/projects/checkers-competition/server/referee.jar on run_13_ghafeleb_vdhankar #####
Move is valid
##### SUCCESS: /usr/lib/jvm/jdk-14.0.1/bin/java -jar /lab/itti/projects/checkers-competition/server/referee.jar on run_13_ghafeleb_vdhankar #####
INPUT for vdhankar:
GAME
WHITE
172.591983318329
.......b
b.b.b.b.
.......b
b.......
...w.w..
w.w...w.
.......w
w.w.....
##### Running: /usr/bin/time -o time_13_ghafeleb_vdhankar.txt -f "%U" python3 homework.py > stulog.txt 2>&1 on vdhankar #####
child exited with value 1
##### ERROR: /usr/bin/time -o time_13_ghafeleb_vdhankar.txt -f "%U" python3 homework.py > stulog.txt 2>&1 on vdhankar #####
##### Output of failed program (stdout + stderr): #####
Traceback (most recent call last):
  File "homework.py", line 546, in <module>
    print(end-start)
NameError: name 'end' is not defined
##### End of output of failed program #####
##### vdhankar plays [E a3 b4] in 3.02250409126282s #####
##### Running: /usr/lib/jvm/jdk-14.0.1/bin/java -jar /lab/itti/projects/checkers-competition/server/referee.jar on run_13_ghafeleb_vdhankar #####
Move is valid
##### SUCCESS: /usr/lib/jvm/jdk-14.0.1/bin/java -jar /lab/itti/projects/checkers-competition/server/referee.jar on run_13_ghafeleb_vdhankar #####
INPUT for ghafeleb:
GAME
BLACK
295.8
.......b
b.b.b.b.
.......b
b.......
.w.w.w..
..w...w.
.......w
w.w.....
##### Running: /usr/bin/time -o time_13_ghafeleb_vdhankar.txt -f "%U" python3 homework.py > stulog.txt 2>&1 on ghafeleb #####
##### SUCCESS: /usr/bin/time -o time_13_ghafeleb_vdhankar.txt -f "%U" python3 homework.py > stulog.txt 2>&1 on ghafeleb #####
##### ghafeleb plays [E a7 b6] in 0.37s #####
##### Running: /usr/lib/jvm/jdk-14.0.1/bin/java -jar /lab/itti/projects/checkers-competition/server/referee.jar on run_13_ghafeleb_vdhankar #####
Move is valid
##### SUCCESS: /usr/lib/jvm/jdk-14.0.1/bin/java -jar /lab/itti/projects/checkers-competition/server/referee.jar on run_13_ghafeleb_vdhankar #####
INPUT for vdhankar:
GAME
WHITE
169.569479227066
.......b
..b.b.b.
.b.....b
b.......
.w.w.w..
..w...w.
.......w
w.w.....
##### Running: /usr/bin/time -o time_13_ghafeleb_vdhankar.txt -f "%U" python3 homework.py > stulog.txt 2>&1 on vdhankar #####
child exited with value 1
##### ERROR: /usr/bin/time -o time_13_ghafeleb_vdhankar.txt -f "%U" python3 homework.py > stulog.txt 2>&1 on vdhankar #####
##### Output of failed program (stdout + stderr): #####
Traceback (most recent call last):
  File "homework.py", line 546, in <module>
    print(end-start)
NameError: name 'end' is not defined
##### End of output of failed program #####
##### vdhankar plays [E b4 c5] in 0.986329078674316s #####
##### Running: /usr/lib/jvm/jdk-14.0.1/bin/java -jar /lab/itti/projects/checkers-competition/server/referee.jar on run_13_ghafeleb_vdhankar #####
Move is valid
##### SUCCESS: /usr/lib/jvm/jdk-14.0.1/bin/java -jar /lab/itti/projects/checkers-competition/server/referee.jar on run_13_ghafeleb_vdhankar #####
INPUT for ghafeleb:
GAME
BLACK
295.43
.......b
..b.b.b.
.b.....b
b.w.....
...w.w..
..w...w.
.......w
w.w.....
##### Running: /usr/bin/time -o time_13_ghafeleb_vdhankar.txt -f "%U" python3 homework.py > stulog.txt 2>&1 on ghafeleb #####
##### SUCCESS: /usr/bin/time -o time_13_ghafeleb_vdhankar.txt -f "%U" python3 homework.py > stulog.txt 2>&1 on ghafeleb #####
##### ghafeleb plays [E c7 d6] in 0.15s #####
##### Running: /usr/lib/jvm/jdk-14.0.1/bin/java -jar /lab/itti/projects/checkers-competition/server/referee.jar on run_13_ghafeleb_vdhankar #####
Move is valid
##### SUCCESS: /usr/lib/jvm/jdk-14.0.1/bin/java -jar /lab/itti/projects/checkers-competition/server/referee.jar on run_13_ghafeleb_vdhankar #####
INPUT for vdhankar:
GAME
WHITE
168.583150148392
.......b
....b.b.
.b.b...b
b.w.....
...w.w..
..w...w.
.......w
w.w.....
##### Running: /usr/bin/time -o time_13_ghafeleb_vdhankar.txt -f "%U" python3 homework.py > stulog.txt 2>&1 on vdhankar #####
child exited with value 1
##### ERROR: /usr/bin/time -o time_13_ghafeleb_vdhankar.txt -f "%U" python3 homework.py > stulog.txt 2>&1 on vdhankar #####
##### Output of failed program (stdout + stderr): #####
Traceback (most recent call last):
  File "homework.py", line 546, in <module>
    print(end-start)
NameError: name 'end' is not defined
##### End of output of failed program #####
##### vdhankar plays [J c5 a7] in 0.391451120376587s #####
##### Running: /usr/lib/jvm/jdk-14.0.1/bin/java -jar /lab/itti/projects/checkers-competition/server/referee.jar on run_13_ghafeleb_vdhankar #####
Move is valid
##### SUCCESS: /usr/lib/jvm/jdk-14.0.1/bin/java -jar /lab/itti/projects/checkers-competition/server/referee.jar on run_13_ghafeleb_vdhankar #####
INPUT for ghafeleb:
GAME
BLACK
295.28
.......b
w...b.b.
...b...b
b.......
...w.w..
..w...w.
.......w
w.w.....
##### Running: /usr/bin/time -o time_13_ghafeleb_vdhankar.txt -f "%U" python3 homework.py > stulog.txt 2>&1 on ghafeleb #####
##### SUCCESS: /usr/bin/time -o time_13_ghafeleb_vdhankar.txt -f "%U" python3 homework.py > stulog.txt 2>&1 on ghafeleb #####
##### ghafeleb plays [E e7 f6] in 0.19s #####
##### Running: /usr/lib/jvm/jdk-14.0.1/bin/java -jar /lab/itti/projects/checkers-competition/server/referee.jar on run_13_ghafeleb_vdhankar #####
Move is valid
##### SUCCESS: /usr/lib/jvm/jdk-14.0.1/bin/java -jar /lab/itti/projects/checkers-competition/server/referee.jar on run_13_ghafeleb_vdhankar #####
INPUT for vdhankar:
GAME
WHITE
168.191699028015
.......b
w.....b.
...b.b.b
b.......
...w.w..
..w...w.
.......w
w.w.....
##### Running: /usr/bin/time -o time_13_ghafeleb_vdhankar.txt -f "%U" python3 homework.py > stulog.txt 2>&1 on vdhankar #####
child exited with value 1
##### ERROR: /usr/bin/time -o time_13_ghafeleb_vdhankar.txt -f "%U" python3 homework.py > stulog.txt 2>&1 on vdhankar #####
##### Output of failed program (stdout + stderr): #####
Traceback (most recent call last):
  File "homework.py", line 546, in <module>
    print(end-start)
NameError: name 'end' is not defined
##### End of output of failed program #####
##### vdhankar plays [E f4 e5] in 1.10677790641785s #####
##### Running: /usr/lib/jvm/jdk-14.0.1/bin/java -jar /lab/itti/projects/checkers-competition/server/referee.jar on run_13_ghafeleb_vdhankar #####
Move is valid
##### SUCCESS: /usr/lib/jvm/jdk-14.0.1/bin/java -jar /lab/itti/projects/checkers-competition/server/referee.jar on run_13_ghafeleb_vdhankar #####
INPUT for ghafeleb:
GAME
BLACK
295.09
.......b
w.....b.
...b.b.b
b...w...
...w....
..w...w.
.......w
w.w.....
##### Running: /usr/bin/time -o time_13_ghafeleb_vdhankar.txt -f "%U" python3 homework.py > stulog.txt 2>&1 on ghafeleb #####
##### SUCCESS: /usr/bin/time -o time_13_ghafeleb_vdhankar.txt -f "%U" python3 homework.py > stulog.txt 2>&1 on ghafeleb #####
##### ghafeleb plays [J d6 f4] in 0.07s #####
##### Running: /usr/lib/jvm/jdk-14.0.1/bin/java -jar /lab/itti/projects/checkers-competition/server/referee.jar on run_13_ghafeleb_vdhankar #####
Move is valid
##### SUCCESS: /usr/lib/jvm/jdk-14.0.1/bin/java -jar /lab/itti/projects/checkers-competition/server/referee.jar on run_13_ghafeleb_vdhankar #####
INPUT for vdhankar:
GAME
WHITE
167.084921121597
.......b
w.....b.
.....b.b
b.......
...w.b..
..w...w.
.......w
w.w.....
##### Running: /usr/bin/time -o time_13_ghafeleb_vdhankar.txt -f "%U" python3 homework.py > stulog.txt 2>&1 on vdhankar #####
child exited with value 1
##### ERROR: /usr/bin/time -o time_13_ghafeleb_vdhankar.txt -f "%U" python3 homework.py > stulog.txt 2>&1 on vdhankar #####
##### Output of failed program (stdout + stderr): #####
Traceback (most recent call last):
  File "homework.py", line 546, in <module>
    print(end-start)
NameError: name 'end' is not defined
##### End of output of failed program #####
##### vdhankar plays [J g3 e5] in 0.281362056732178s #####
##### Running: /usr/lib/jvm/jdk-14.0.1/bin/java -jar /lab/itti/projects/checkers-competition/server/referee.jar on run_13_ghafeleb_vdhankar #####
Move is valid
##### SUCCESS: /usr/lib/jvm/jdk-14.0.1/bin/java -jar /lab/itti/projects/checkers-competition/server/referee.jar on run_13_ghafeleb_vdhankar #####
INPUT for ghafeleb:
GAME
BLACK
295.02
.......b
w.....b.
.....b.b
b...w...
...w....
..w.....
.......w
w.w.....
##### Running: /usr/bin/time -o time_13_ghafeleb_vdhankar.txt -f "%U" python3 homework.py > stulog.txt 2>&1 on ghafeleb #####
##### SUCCESS: /usr/bin/time -o time_13_ghafeleb_vdhankar.txt -f "%U" python3 homework.py > stulog.txt 2>&1 on ghafeleb #####
##### ghafeleb plays [E h6 g5] in 0.13s #####
##### Running: /usr/lib/jvm/jdk-14.0.1/bin/java -jar /lab/itti/projects/checkers-competition/server/referee.jar on run_13_ghafeleb_vdhankar #####
Move is valid
##### SUCCESS: /usr/lib/jvm/jdk-14.0.1/bin/java -jar /lab/itti/projects/checkers-competition/server/referee.jar on run_13_ghafeleb_vdhankar #####
INPUT for vdhankar:
GAME
WHITE
166.803559064865
.......b
w.....b.
.....b..
b...w.b.
...w....
..w.....
.......w
w.w.....
##### Running: /usr/bin/time -o time_13_ghafeleb_vdhankar.txt -f "%U" python3 homework.py > stulog.txt 2>&1 on vdhankar #####
child exited with value 1
##### ERROR: /usr/bin/time -o time_13_ghafeleb_vdhankar.txt -f "%U" python3 homework.py > stulog.txt 2>&1 on vdhankar #####
##### Output of failed program (stdout + stderr): #####
Traceback (most recent call last):
  File "homework.py", line 546, in <module>
    print(end-start)
NameError: name 'end' is not defined
##### End of output of failed program #####
##### vdhankar plays [E a7 b8] in 1.49521207809448s #####
##### Running: /usr/lib/jvm/jdk-14.0.1/bin/java -jar /lab/itti/projects/checkers-competition/server/referee.jar on run_13_ghafeleb_vdhankar #####
Move is valid
##### SUCCESS: /usr/lib/jvm/jdk-14.0.1/bin/java -jar /lab/itti/projects/checkers-competition/server/referee.jar on run_13_ghafeleb_vdhankar #####
INPUT for ghafeleb:
GAME
BLACK
294.89
.W.....b
......b.
.....b..
b...w.b.
...w....
..w.....
.......w
w.w.....
##### Running: /usr/bin/time -o time_13_ghafeleb_vdhankar.txt -f "%U" python3 homework.py > stulog.txt 2>&1 on ghafeleb #####
##### SUCCESS: /usr/bin/time -o time_13_ghafeleb_vdhankar.txt -f "%U" python3 homework.py > stulog.txt 2>&1 on ghafeleb #####
##### ghafeleb plays [E g7 h6] in 0.11s #####
##### Running: /usr/lib/jvm/jdk-14.0.1/bin/java -jar /lab/itti/projects/checkers-competition/server/referee.jar on run_13_ghafeleb_vdhankar #####
Move is valid
##### SUCCESS: /usr/lib/jvm/jdk-14.0.1/bin/java -jar /lab/itti/projects/checkers-competition/server/referee.jar on run_13_ghafeleb_vdhankar #####
INPUT for vdhankar:
GAME
WHITE
165.308346986771
.W.....b
........
.....b.b
b...w.b.
...w....
..w.....
.......w
w.w.....
##### Running: /usr/bin/time -o time_13_ghafeleb_vdhankar.txt -f "%U" python3 homework.py > stulog.txt 2>&1 on vdhankar #####
child exited with value 1
##### ERROR: /usr/bin/time -o time_13_ghafeleb_vdhankar.txt -f "%U" python3 homework.py > stulog.txt 2>&1 on vdhankar #####
##### Output of failed program (stdout + stderr): #####
Traceback (most recent call last):
  File "homework.py", line 546, in <module>
    print(end-start)
NameError: name 'end' is not defined
##### End of output of failed program #####
##### vdhankar plays [J e5 g7] in 0.509277105331421s #####
##### Running: /usr/lib/jvm/jdk-14.0.1/bin/java -jar /lab/itti/projects/checkers-competition/server/referee.jar on run_13_ghafeleb_vdhankar #####
Move is valid
##### SUCCESS: /usr/lib/jvm/jdk-14.0.1/bin/java -jar /lab/itti/projects/checkers-competition/server/referee.jar on run_13_ghafeleb_vdhankar #####
INPUT for ghafeleb:
GAME
BLACK
294.78
.W.....b
......w.
.......b
b.....b.
...w....
..w.....
.......w
w.w.....
##### Running: /usr/bin/time -o time_13_ghafeleb_vdhankar.txt -f "%U" python3 homework.py > stulog.txt 2>&1 on ghafeleb #####
##### SUCCESS: /usr/bin/time -o time_13_ghafeleb_vdhankar.txt -f "%U" python3 homework.py > stulog.txt 2>&1 on ghafeleb #####
##### ghafeleb plays [J h8 f6] in 0.07s #####
##### Running: /usr/lib/jvm/jdk-14.0.1/bin/java -jar /lab/itti/projects/checkers-competition/server/referee.jar on run_13_ghafeleb_vdhankar #####
Move is valid
##### SUCCESS: /usr/lib/jvm/jdk-14.0.1/bin/java -jar /lab/itti/projects/checkers-competition/server/referee.jar on run_13_ghafeleb_vdhankar #####
INPUT for vdhankar:
GAME
WHITE
164.799069881439
.W......
........
.....b.b
b.....b.
...w....
..w.....
.......w
w.w.....
##### Running: /usr/bin/time -o time_13_ghafeleb_vdhankar.txt -f "%U" python3 homework.py > stulog.txt 2>&1 on vdhankar #####
child exited with value 1
##### ERROR: /usr/bin/time -o time_13_ghafeleb_vdhankar.txt -f "%U" python3 homework.py > stulog.txt 2>&1 on vdhankar #####
##### Output of failed program (stdout + stderr): #####
Traceback (most recent call last):
  File "homework.py", line 546, in <module>
    print(end-start)
NameError: name 'end' is not defined
##### End of output of failed program #####
##### vdhankar plays [E c1 b2] in 2.31011700630188s #####
##### Running: /usr/lib/jvm/jdk-14.0.1/bin/java -jar /lab/itti/projects/checkers-competition/server/referee.jar on run_13_ghafeleb_vdhankar #####
Move is valid
##### SUCCESS: /usr/lib/jvm/jdk-14.0.1/bin/java -jar /lab/itti/projects/checkers-competition/server/referee.jar on run_13_ghafeleb_vdhankar #####
INPUT for ghafeleb:
GAME
BLACK
294.71
.W......
........
.....b.b
b.....b.
...w....
..w.....
.w.....w
w.......
##### Running: /usr/bin/time -o time_13_ghafeleb_vdhankar.txt -f "%U" python3 homework.py > stulog.txt 2>&1 on ghafeleb #####
##### SUCCESS: /usr/bin/time -o time_13_ghafeleb_vdhankar.txt -f "%U" python3 homework.py > stulog.txt 2>&1 on ghafeleb #####
##### ghafeleb plays [E g5 h4] in 0.11s #####
##### Running: /usr/lib/jvm/jdk-14.0.1/bin/java -jar /lab/itti/projects/checkers-competition/server/referee.jar on run_13_ghafeleb_vdhankar #####
Move is valid
##### SUCCESS: /usr/lib/jvm/jdk-14.0.1/bin/java -jar /lab/itti/projects/checkers-competition/server/referee.jar on run_13_ghafeleb_vdhankar #####
INPUT for vdhankar:
GAME
WHITE
162.488952875137
.W......
........
.....b.b
b.......
...w...b
..w.....
.w.....w
w.......
##### Running: /usr/bin/time -o time_13_ghafeleb_vdhankar.txt -f "%U" python3 homework.py > stulog.txt 2>&1 on vdhankar #####
child exited with value 1
##### ERROR: /usr/bin/time -o time_13_ghafeleb_vdhankar.txt -f "%U" python3 homework.py > stulog.txt 2>&1 on vdhankar #####
##### Output of failed program (stdout + stderr): #####
Traceback (most recent call last):
  File "homework.py", line 546, in <module>
    print(end-start)
NameError: name 'end' is not defined
##### End of output of failed program #####
##### vdhankar plays [E d4 e5] in 1.63892698287964s #####
##### Running: /usr/lib/jvm/jdk-14.0.1/bin/java -jar /lab/itti/projects/checkers-competition/server/referee.jar on run_13_ghafeleb_vdhankar #####
Move is valid
##### SUCCESS: /usr/lib/jvm/jdk-14.0.1/bin/java -jar /lab/itti/projects/checkers-competition/server/referee.jar on run_13_ghafeleb_vdhankar #####
INPUT for ghafeleb:
GAME
BLACK
294.6
.W......
........
.....b.b
b...w...
.......b
..w.....
.w.....w
w.......
##### Running: /usr/bin/time -o time_13_ghafeleb_vdhankar.txt -f "%U" python3 homework.py > stulog.txt 2>&1 on ghafeleb #####
##### SUCCESS: /usr/bin/time -o time_13_ghafeleb_vdhankar.txt -f "%U" python3 homework.py > stulog.txt 2>&1 on ghafeleb #####
##### ghafeleb plays [J f6 d4] in 0.06s #####
##### Running: /usr/lib/jvm/jdk-14.0.1/bin/java -jar /lab/itti/projects/checkers-competition/server/referee.jar on run_13_ghafeleb_vdhankar #####
Move is valid
##### SUCCESS: /usr/lib/jvm/jdk-14.0.1/bin/java -jar /lab/itti/projects/checkers-competition/server/referee.jar on run_13_ghafeleb_vdhankar #####
INPUT for vdhankar:
GAME
WHITE
160.850025892258
.W......
........
.......b
b.......
...b...b
..w.....
.w.....w
w.......
##### Running: /usr/bin/time -o time_13_ghafeleb_vdhankar.txt -f "%U" python3 homework.py > stulog.txt 2>&1 on vdhankar #####
child exited with value 1
##### ERROR: /usr/bin/time -o time_13_ghafeleb_vdhankar.txt -f "%U" python3 homework.py > stulog.txt 2>&1 on vdhankar #####
##### Output of failed program (stdout + stderr): #####
Traceback (most recent call last):
  File "homework.py", line 546, in <module>
    print(end-start)
NameError: name 'end' is not defined
##### End of output of failed program #####
##### vdhankar plays [J c3 e5] in 0.625792026519775s #####
##### Running: /usr/lib/jvm/jdk-14.0.1/bin/java -jar /lab/itti/projects/checkers-competition/server/referee.jar on run_13_ghafeleb_vdhankar #####
Move is valid
##### SUCCESS: /usr/lib/jvm/jdk-14.0.1/bin/java -jar /lab/itti/projects/checkers-competition/server/referee.jar on run_13_ghafeleb_vdhankar #####
INPUT for ghafeleb:
GAME
BLACK
294.54
.W......
........
.......b
b...w...
.......b
........
.w.....w
w.......
##### Running: /usr/bin/time -o time_13_ghafeleb_vdhankar.txt -f "%U" python3 homework.py > stulog.txt 2>&1 on ghafeleb #####
##### SUCCESS: /usr/bin/time -o time_13_ghafeleb_vdhankar.txt -f "%U" python3 homework.py > stulog.txt 2>&1 on ghafeleb #####
##### ghafeleb plays [E h6 g5] in 0.09s #####
##### Running: /usr/lib/jvm/jdk-14.0.1/bin/java -jar /lab/itti/projects/checkers-competition/server/referee.jar on run_13_ghafeleb_vdhankar #####
Move is valid
##### SUCCESS: /usr/lib/jvm/jdk-14.0.1/bin/java -jar /lab/itti/projects/checkers-competition/server/referee.jar on run_13_ghafeleb_vdhankar #####
INPUT for vdhankar:
GAME
WHITE
160.224233865738
.W......
........
........
b...w.b.
.......b
........
.w.....w
w.......
##### Running: /usr/bin/time -o time_13_ghafeleb_vdhankar.txt -f "%U" python3 homework.py > stulog.txt 2>&1 on vdhankar #####
child exited with value 1
##### ERROR: /usr/bin/time -o time_13_ghafeleb_vdhankar.txt -f "%U" python3 homework.py > stulog.txt 2>&1 on vdhankar #####
##### Output of failed program (stdout + stderr): #####
Traceback (most recent call last):
  File "homework.py", line 546, in <module>
    print(end-start)
NameError: name 'end' is not defined
##### End of output of failed program #####
##### vdhankar plays [E b2 c3] in 1.86157083511353s #####
##### Running: /usr/lib/jvm/jdk-14.0.1/bin/java -jar /lab/itti/projects/checkers-competition/server/referee.jar on run_13_ghafeleb_vdhankar #####
Move is valid
##### SUCCESS: /usr/lib/jvm/jdk-14.0.1/bin/java -jar /lab/itti/projects/checkers-competition/server/referee.jar on run_13_ghafeleb_vdhankar #####
INPUT for ghafeleb:
GAME
BLACK
294.45
.W......
........
........
b...w.b.
.......b
..w.....
.......w
w.......
##### Running: /usr/bin/time -o time_13_ghafeleb_vdhankar.txt -f "%U" python3 homework.py > stulog.txt 2>&1 on ghafeleb #####
##### SUCCESS: /usr/bin/time -o time_13_ghafeleb_vdhankar.txt -f "%U" python3 homework.py > stulog.txt 2>&1 on ghafeleb #####
##### ghafeleb plays [E g5 f4] in 0.09s #####
##### Running: /usr/lib/jvm/jdk-14.0.1/bin/java -jar /lab/itti/projects/checkers-competition/server/referee.jar on run_13_ghafeleb_vdhankar #####
Move is valid
##### SUCCESS: /usr/lib/jvm/jdk-14.0.1/bin/java -jar /lab/itti/projects/checkers-competition/server/referee.jar on run_13_ghafeleb_vdhankar #####
INPUT for vdhankar:
GAME
WHITE
158.362663030624
.W......
........
........
b...w...
.....b.b
..w.....
.......w
w.......
##### Running: /usr/bin/time -o time_13_ghafeleb_vdhankar.txt -f "%U" python3 homework.py > stulog.txt 2>&1 on vdhankar #####
child exited with value 1
##### ERROR: /usr/bin/time -o time_13_ghafeleb_vdhankar.txt -f "%U" python3 homework.py > stulog.txt 2>&1 on vdhankar #####
##### Output of failed program (stdout + stderr): #####
Traceback (most recent call last):
  File "homework.py", line 546, in <module>
    print(end-start)
NameError: name 'end' is not defined
##### End of output of failed program #####
##### vdhankar plays [E c3 d4] in 1.87357687950134s #####
##### Running: /usr/lib/jvm/jdk-14.0.1/bin/java -jar /lab/itti/projects/checkers-competition/server/referee.jar on run_13_ghafeleb_vdhankar #####
Move is valid
##### SUCCESS: /usr/lib/jvm/jdk-14.0.1/bin/java -jar /lab/itti/projects/checkers-competition/server/referee.jar on run_13_ghafeleb_vdhankar #####
INPUT for ghafeleb:
GAME
BLACK
294.36
.W......
........
........
b...w...
...w.b.b
........
.......w
w.......
##### Running: /usr/bin/time -o time_13_ghafeleb_vdhankar.txt -f "%U" python3 homework.py > stulog.txt 2>&1 on ghafeleb #####
##### SUCCESS: /usr/bin/time -o time_13_ghafeleb_vdhankar.txt -f "%U" python3 homework.py > stulog.txt 2>&1 on ghafeleb #####
##### ghafeleb plays [E f4 e3] in 0.11s #####
##### Running: /usr/lib/jvm/jdk-14.0.1/bin/java -jar /lab/itti/projects/checkers-competition/server/referee.jar on run_13_ghafeleb_vdhankar #####
Move is valid
##### SUCCESS: /usr/lib/jvm/jdk-14.0.1/bin/java -jar /lab/itti/projects/checkers-competition/server/referee.jar on run_13_ghafeleb_vdhankar #####
INPUT for vdhankar:
GAME
WHITE
156.489086151123
.W......
........
........
b...w...
...w...b
....b...
.......w
w.......
##### Running: /usr/bin/time -o time_13_ghafeleb_vdhankar.txt -f "%U" python3 homework.py > stulog.txt 2>&1 on vdhankar #####
child exited with value 1
##### ERROR: /usr/bin/time -o time_13_ghafeleb_vdhankar.txt -f "%U" python3 homework.py > stulog.txt 2>&1 on vdhankar #####
##### Output of failed program (stdout + stderr): #####
Traceback (most recent call last):
  File "homework.py", line 546, in <module>
    print(end-start)
NameError: name 'end' is not defined
##### End of output of failed program #####
##### vdhankar plays [E d4 c5] in 3.87646198272705s #####
##### Running: /usr/lib/jvm/jdk-14.0.1/bin/java -jar /lab/itti/projects/checkers-competition/server/referee.jar on run_13_ghafeleb_vdhankar #####
Move is valid
##### SUCCESS: /usr/lib/jvm/jdk-14.0.1/bin/java -jar /lab/itti/projects/checkers-competition/server/referee.jar on run_13_ghafeleb_vdhankar #####
INPUT for ghafeleb:
GAME
BLACK
294.25
.W......
........
........
b.w.w...
.......b
....b...
.......w
w.......
##### Running: /usr/bin/time -o time_13_ghafeleb_vdhankar.txt -f "%U" python3 homework.py > stulog.txt 2>&1 on ghafeleb #####
##### SUCCESS: /usr/bin/time -o time_13_ghafeleb_vdhankar.txt -f "%U" python3 homework.py > stulog.txt 2>&1 on ghafeleb #####
##### ghafeleb plays [E e3 f2] in 0.13s #####
##### Running: /usr/lib/jvm/jdk-14.0.1/bin/java -jar /lab/itti/projects/checkers-competition/server/referee.jar on run_13_ghafeleb_vdhankar #####
Move is valid
##### SUCCESS: /usr/lib/jvm/jdk-14.0.1/bin/java -jar /lab/itti/projects/checkers-competition/server/referee.jar on run_13_ghafeleb_vdhankar #####
INPUT for vdhankar:
GAME
WHITE
152.612624168396
.W......
........
........
b.w.w...
.......b
........
.....b.w
w.......
##### Running: /usr/bin/time -o time_13_ghafeleb_vdhankar.txt -f "%U" python3 homework.py > stulog.txt 2>&1 on vdhankar #####
child exited with value 1
##### ERROR: /usr/bin/time -o time_13_ghafeleb_vdhankar.txt -f "%U" python3 homework.py > stulog.txt 2>&1 on vdhankar #####
##### Output of failed program (stdout + stderr): #####
Traceback (most recent call last):
  File "homework.py", line 546, in <module>
    print(end-start)
NameError: name 'end' is not defined
##### End of output of failed program #####
##### vdhankar plays [E c5 d6] in 5.14640498161316s #####
##### Running: /usr/lib/jvm/jdk-14.0.1/bin/java -jar /lab/itti/projects/checkers-competition/server/referee.jar on run_13_ghafeleb_vdhankar #####
Move is valid
##### SUCCESS: /usr/lib/jvm/jdk-14.0.1/bin/java -jar /lab/itti/projects/checkers-competition/server/referee.jar on run_13_ghafeleb_vdhankar #####
INPUT for ghafeleb:
GAME
BLACK
294.12
.W......
........
...w....
b...w...
.......b
........
.....b.w
w.......
##### Running: /usr/bin/time -o time_13_ghafeleb_vdhankar.txt -f "%U" python3 homework.py > stulog.txt 2>&1 on ghafeleb #####
##### SUCCESS: /usr/bin/time -o time_13_ghafeleb_vdhankar.txt -f "%U" python3 homework.py > stulog.txt 2>&1 on ghafeleb #####
##### ghafeleb plays [E f2 g1] in 0.17s #####
##### Running: /usr/lib/jvm/jdk-14.0.1/bin/java -jar /lab/itti/projects/checkers-competition/server/referee.jar on run_13_ghafeleb_vdhankar #####
Move is valid
##### SUCCESS: /usr/lib/jvm/jdk-14.0.1/bin/java -jar /lab/itti/projects/checkers-competition/server/referee.jar on run_13_ghafeleb_vdhankar #####
INPUT for vdhankar:
GAME
WHITE
147.466219186783
.W......
........
...w....
b...w...
.......b
........
.......w
w.....B.
##### Running: /usr/bin/time -o time_13_ghafeleb_vdhankar.txt -f "%U" python3 homework.py > stulog.txt 2>&1 on vdhankar #####
child exited with value 1
##### ERROR: /usr/bin/time -o time_13_ghafeleb_vdhankar.txt -f "%U" python3 homework.py > stulog.txt 2>&1 on vdhankar #####
##### Output of failed program (stdout + stderr): #####
Traceback (most recent call last):
  File "homework.py", line 546, in <module>
    print(end-start)
NameError: name 'end' is not defined
##### End of output of failed program #####
##### vdhankar plays [E d6 e7] in 2.37047219276428s #####
##### Running: /usr/lib/jvm/jdk-14.0.1/bin/java -jar /lab/itti/projects/checkers-competition/server/referee.jar on run_13_ghafeleb_vdhankar #####
Move is valid
##### SUCCESS: /usr/lib/jvm/jdk-14.0.1/bin/java -jar /lab/itti/projects/checkers-competition/server/referee.jar on run_13_ghafeleb_vdhankar #####
INPUT for ghafeleb:
GAME
BLACK
293.95
.W......
....w...
........
b...w...
.......b
........
.......w
w.....B.
##### Running: /usr/bin/time -o time_13_ghafeleb_vdhankar.txt -f "%U" python3 homework.py > stulog.txt 2>&1 on ghafeleb #####
##### SUCCESS: /usr/bin/time -o time_13_ghafeleb_vdhankar.txt -f "%U" python3 homework.py > stulog.txt 2>&1 on ghafeleb #####
##### ghafeleb plays [E a5 b4] in 0.1s #####
##### Running: /usr/lib/jvm/jdk-14.0.1/bin/java -jar /lab/itti/projects/checkers-competition/server/referee.jar on run_13_ghafeleb_vdhankar #####
Move is valid
##### SUCCESS: /usr/lib/jvm/jdk-14.0.1/bin/java -jar /lab/itti/projects/checkers-competition/server/referee.jar on run_13_ghafeleb_vdhankar #####
INPUT for vdhankar:
GAME
WHITE
145.095746994019
.W......
....w...
........
....w...
.b.....b
........
.......w
w.....B.
##### Running: /usr/bin/time -o time_13_ghafeleb_vdhankar.txt -f "%U" python3 homework.py > stulog.txt 2>&1 on vdhankar #####
child exited with value 1
##### ERROR: /usr/bin/time -o time_13_ghafeleb_vdhankar.txt -f "%U" python3 homework.py > stulog.txt 2>&1 on vdhankar #####
##### Output of failed program (stdout + stderr): #####
Traceback (most recent call last):
  File "homework.py", line 546, in <module>
    print(end-start)
NameError: name 'end' is not defined
##### End of output of failed program #####
##### vdhankar plays [E e7 f8] in 5.15961599349976s #####
##### Running: /usr/lib/jvm/jdk-14.0.1/bin/java -jar /lab/itti/projects/checkers-competition/server/referee.jar on run_13_ghafeleb_vdhankar #####
Move is valid
##### SUCCESS: /usr/lib/jvm/jdk-14.0.1/bin/java -jar /lab/itti/projects/checkers-competition/server/referee.jar on run_13_ghafeleb_vdhankar #####
INPUT for ghafeleb:
GAME
BLACK
293.85
.W...W..
........
........
....w...
.b.....b
........
.......w
w.....B.
##### Running: /usr/bin/time -o time_13_ghafeleb_vdhankar.txt -f "%U" python3 homework.py > stulog.txt 2>&1 on ghafeleb #####
##### SUCCESS: /usr/bin/time -o time_13_ghafeleb_vdhankar.txt -f "%U" python3 homework.py > stulog.txt 2>&1 on ghafeleb #####
##### ghafeleb plays [E b4 c3] in 0.11s #####
##### Running: /usr/lib/jvm/jdk-14.0.1/bin/java -jar /lab/itti/projects/checkers-competition/server/referee.jar on run_13_ghafeleb_vdhankar #####
Move is valid
##### SUCCESS: /usr/lib/jvm/jdk-14.0.1/bin/java -jar /lab/itti/projects/checkers-competition/server/referee.jar on run_13_ghafeleb_vdhankar #####
INPUT for vdhankar:
GAME
WHITE
139.936131000519
.W...W..
........
........
....w...
.......b
..b.....
.......w
w.....B.
##### Running: /usr/bin/time -o time_13_ghafeleb_vdhankar.txt -f "%U" python3 homework.py > stulog.txt 2>&1 on vdhankar #####
child exited with value 1
##### ERROR: /usr/bin/time -o time_13_ghafeleb_vdhankar.txt -f "%U" python3 homework.py > stulog.txt 2>&1 on vdhankar #####
##### Output of failed program (stdout + stderr): #####
Traceback (most recent call last):
  File "homework.py", line 546, in <module>
    print(end-start)
NameError: name 'end' is not defined
##### End of output of failed program #####
##### vdhankar plays [E e5 f6] in 4.98035907745361s #####
##### Running: /usr/lib/jvm/jdk-14.0.1/bin/java -jar /lab/itti/projects/checkers-competition/server/referee.jar on run_13_ghafeleb_vdhankar #####
Move is valid
##### SUCCESS: /usr/lib/jvm/jdk-14.0.1/bin/java -jar /lab/itti/projects/checkers-competition/server/referee.jar on run_13_ghafeleb_vdhankar #####
INPUT for ghafeleb:
GAME
BLACK
293.74
.W...W..
........
.....w..
........
.......b
..b.....
.......w
w.....B.
##### Running: /usr/bin/time -o time_13_ghafeleb_vdhankar.txt -f "%U" python3 homework.py > stulog.txt 2>&1 on ghafeleb #####
##### SUCCESS: /usr/bin/time -o time_13_ghafeleb_vdhankar.txt -f "%U" python3 homework.py > stulog.txt 2>&1 on ghafeleb #####
##### ghafeleb plays [E c3 d2] in 0.21s #####
##### Running: /usr/lib/jvm/jdk-14.0.1/bin/java -jar /lab/itti/projects/checkers-competition/server/referee.jar on run_13_ghafeleb_vdhankar #####
Move is valid
##### SUCCESS: /usr/lib/jvm/jdk-14.0.1/bin/java -jar /lab/itti/projects/checkers-competition/server/referee.jar on run_13_ghafeleb_vdhankar #####
INPUT for vdhankar:
GAME
WHITE
134.955771923065
.W...W..
........
.....w..
........
.......b
........
...b...w
w.....B.
##### Running: /usr/bin/time -o time_13_ghafeleb_vdhankar.txt -f "%U" python3 homework.py > stulog.txt 2>&1 on vdhankar #####
child exited with value 1
##### ERROR: /usr/bin/time -o time_13_ghafeleb_vdhankar.txt -f "%U" python3 homework.py > stulog.txt 2>&1 on vdhankar #####
##### Output of failed program (stdout + stderr): #####
Traceback (most recent call last):
  File "homework.py", line 546, in <module>
    print(end-start)
NameError: name 'end' is not defined
##### End of output of failed program #####
##### vdhankar plays [E f6 g7] in 3.24479699134827s #####
##### Running: /usr/lib/jvm/jdk-14.0.1/bin/java -jar /lab/itti/projects/checkers-competition/server/referee.jar on run_13_ghafeleb_vdhankar #####
Move is valid
##### SUCCESS: /usr/lib/jvm/jdk-14.0.1/bin/java -jar /lab/itti/projects/checkers-competition/server/referee.jar on run_13_ghafeleb_vdhankar #####
INPUT for ghafeleb:
GAME
BLACK
293.53
.W...W..
......w.
........
........
.......b
........
...b...w
w.....B.
##### Running: /usr/bin/time -o time_13_ghafeleb_vdhankar.txt -f "%U" python3 homework.py > stulog.txt 2>&1 on ghafeleb #####
##### SUCCESS: /usr/bin/time -o time_13_ghafeleb_vdhankar.txt -f "%U" python3 homework.py > stulog.txt 2>&1 on ghafeleb #####
##### ghafeleb plays [E d2 e1] in 0.11s #####
##### Running: /usr/lib/jvm/jdk-14.0.1/bin/java -jar /lab/itti/projects/checkers-competition/server/referee.jar on run_13_ghafeleb_vdhankar #####
Move is valid
##### SUCCESS: /usr/lib/jvm/jdk-14.0.1/bin/java -jar /lab/itti/projects/checkers-competition/server/referee.jar on run_13_ghafeleb_vdhankar #####
INPUT for vdhankar:
GAME
WHITE
131.710974931717
.W...W..
......w.
........
........
.......b
........
.......w
w...B.B.
##### Running: /usr/bin/time -o time_13_ghafeleb_vdhankar.txt -f "%U" python3 homework.py > stulog.txt 2>&1 on vdhankar #####
child exited with value 1
##### ERROR: /usr/bin/time -o time_13_ghafeleb_vdhankar.txt -f "%U" python3 homework.py > stulog.txt 2>&1 on vdhankar #####
##### Output of failed program (stdout + stderr): #####
Traceback (most recent call last):
  File "homework.py", line 546, in <module>
    print(end-start)
NameError: name 'end' is not defined
##### End of output of failed program #####
##### vdhankar plays [E g7 h8] in 2.91531205177307s #####
##### Running: /usr/lib/jvm/jdk-14.0.1/bin/java -jar /lab/itti/projects/checkers-competition/server/referee.jar on run_13_ghafeleb_vdhankar #####
Move is valid
##### SUCCESS: /usr/lib/jvm/jdk-14.0.1/bin/java -jar /lab/itti/projects/checkers-competition/server/referee.jar on run_13_ghafeleb_vdhankar #####
INPUT for ghafeleb:
GAME
BLACK
293.42
.W...W.W
........
........
........
.......b
........
.......w
w...B.B.
##### Running: /usr/bin/time -o time_13_ghafeleb_vdhankar.txt -f "%U" python3 homework.py > stulog.txt 2>&1 on ghafeleb #####
##### SUCCESS: /usr/bin/time -o time_13_ghafeleb_vdhankar.txt -f "%U" python3 homework.py > stulog.txt 2>&1 on ghafeleb #####
##### ghafeleb plays [E e1 f2] in 0.12s #####
##### Running: /usr/lib/jvm/jdk-14.0.1/bin/java -jar /lab/itti/projects/checkers-competition/server/referee.jar on run_13_ghafeleb_vdhankar #####
Move is valid
##### SUCCESS: /usr/lib/jvm/jdk-14.0.1/bin/java -jar /lab/itti/projects/checkers-competition/server/referee.jar on run_13_ghafeleb_vdhankar #####
INPUT for vdhankar:
GAME
WHITE
128.795662879944
.W...W.W
........
........
........
.......b
........
.....B.w
w.....B.
##### Running: /usr/bin/time -o time_13_ghafeleb_vdhankar.txt -f "%U" python3 homework.py > stulog.txt 2>&1 on vdhankar #####
child exited with value 1
##### ERROR: /usr/bin/time -o time_13_ghafeleb_vdhankar.txt -f "%U" python3 homework.py > stulog.txt 2>&1 on vdhankar #####
##### Output of failed program (stdout + stderr): #####
Traceback (most recent call last):
  File "homework.py", line 546, in <module>
    print(end-start)
NameError: name 'end' is not defined
##### End of output of failed program #####
##### vdhankar plays [E h8 g7] in 3.80801320075989s #####
##### Running: /usr/lib/jvm/jdk-14.0.1/bin/java -jar /lab/itti/projects/checkers-competition/server/referee.jar on run_13_ghafeleb_vdhankar #####
Move is valid
##### SUCCESS: /usr/lib/jvm/jdk-14.0.1/bin/java -jar /lab/itti/projects/checkers-competition/server/referee.jar on run_13_ghafeleb_vdhankar #####
INPUT for ghafeleb:
GAME
BLACK
293.3
.W...W..
......W.
........
........
.......b
........
.....B.w
w.....B.
##### Running: /usr/bin/time -o time_13_ghafeleb_vdhankar.txt -f "%U" python3 homework.py > stulog.txt 2>&1 on ghafeleb #####
##### SUCCESS: /usr/bin/time -o time_13_ghafeleb_vdhankar.txt -f "%U" python3 homework.py > stulog.txt 2>&1 on ghafeleb #####
##### ghafeleb plays [E f2 e1] in 0.12s #####
##### Running: /usr/lib/jvm/jdk-14.0.1/bin/java -jar /lab/itti/projects/checkers-competition/server/referee.jar on run_13_ghafeleb_vdhankar #####
Move is valid
##### SUCCESS: /usr/lib/jvm/jdk-14.0.1/bin/java -jar /lab/itti/projects/checkers-competition/server/referee.jar on run_13_ghafeleb_vdhankar #####
INPUT for vdhankar:
GAME
WHITE
124.987649679184
.W...W..
......W.
........
........
.......b
........
.......w
w...B.B.
##### Running: /usr/bin/time -o time_13_ghafeleb_vdhankar.txt -f "%U" python3 homework.py > stulog.txt 2>&1 on vdhankar #####
child exited with value 1
##### ERROR: /usr/bin/time -o time_13_ghafeleb_vdhankar.txt -f "%U" python3 homework.py > stulog.txt 2>&1 on vdhankar #####
##### Output of failed program (stdout + stderr): #####
Traceback (most recent call last):
  File "homework.py", line 546, in <module>
    print(end-start)
NameError: name 'end' is not defined
##### End of output of failed program #####
##### vdhankar plays [E g7 h6] in 6.26853799819946s #####
##### Running: /usr/lib/jvm/jdk-14.0.1/bin/java -jar /lab/itti/projects/checkers-competition/server/referee.jar on run_13_ghafeleb_vdhankar #####
Move is valid
##### SUCCESS: /usr/lib/jvm/jdk-14.0.1/bin/java -jar /lab/itti/projects/checkers-competition/server/referee.jar on run_13_ghafeleb_vdhankar #####
INPUT for ghafeleb:
GAME
BLACK
293.18
.W...W..
........
.......W
........
.......b
........
.......w
w...B.B.
##### Running: /usr/bin/time -o time_13_ghafeleb_vdhankar.txt -f "%U" python3 homework.py > stulog.txt 2>&1 on ghafeleb #####
##### SUCCESS: /usr/bin/time -o time_13_ghafeleb_vdhankar.txt -f "%U" python3 homework.py > stulog.txt 2>&1 on ghafeleb #####
##### ghafeleb plays [E e1 f2] in 0.13s #####
##### Running: /usr/lib/jvm/jdk-14.0.1/bin/java -jar /lab/itti/projects/checkers-competition/server/referee.jar on run_13_ghafeleb_vdhankar #####
Move is valid
##### SUCCESS: /usr/lib/jvm/jdk-14.0.1/bin/java -jar /lab/itti/projects/checkers-competition/server/referee.jar on run_13_ghafeleb_vdhankar #####
INPUT for vdhankar:
GAME
WHITE
118.719111680984
.W...W..
........
.......W
........
.......b
........
.....B.w
w.....B.
##### Running: /usr/bin/time -o time_13_ghafeleb_vdhankar.txt -f "%U" python3 homework.py > stulog.txt 2>&1 on vdhankar #####
child exited with value 1
##### ERROR: /usr/bin/time -o time_13_ghafeleb_vdhankar.txt -f "%U" python3 homework.py > stulog.txt 2>&1 on vdhankar #####
##### Output of failed program (stdout + stderr): #####
Traceback (most recent call last):
  File "homework.py", line 546, in <module>
    print(end-start)
NameError: name 'end' is not defined
##### End of output of failed program #####
##### vdhankar plays [E h2 g3] in 6.64870405197144s #####
##### Running: /usr/lib/jvm/jdk-14.0.1/bin/java -jar /lab/itti/projects/checkers-competition/server/referee.jar on run_13_ghafeleb_vdhankar #####
Move is valid
##### SUCCESS: /usr/lib/jvm/jdk-14.0.1/bin/java -jar /lab/itti/projects/checkers-competition/server/referee.jar on run_13_ghafeleb_vdhankar #####
INPUT for ghafeleb:
GAME
BLACK
293.05
.W...W..
........
.......W
........
.......b
......w.
.....B..
w.....B.
##### Running: /usr/bin/time -o time_13_ghafeleb_vdhankar.txt -f "%U" python3 homework.py > stulog.txt 2>&1 on ghafeleb #####
##### SUCCESS: /usr/bin/time -o time_13_ghafeleb_vdhankar.txt -f "%U" python3 homework.py > stulog.txt 2>&1 on ghafeleb #####
##### ghafeleb plays [E f2 e3] in 0.13s #####
##### Running: /usr/lib/jvm/jdk-14.0.1/bin/java -jar /lab/itti/projects/checkers-competition/server/referee.jar on run_13_ghafeleb_vdhankar #####
Move is valid
##### SUCCESS: /usr/lib/jvm/jdk-14.0.1/bin/java -jar /lab/itti/projects/checkers-competition/server/referee.jar on run_13_ghafeleb_vdhankar #####
INPUT for vdhankar:
GAME
WHITE
112.070407629013
.W...W..
........
.......W
........
.......b
....B.w.
........
w.....B.
##### Running: /usr/bin/time -o time_13_ghafeleb_vdhankar.txt -f "%U" python3 homework.py > stulog.txt 2>&1 on vdhankar #####
child exited with value 1
##### ERROR: /usr/bin/time -o time_13_ghafeleb_vdhankar.txt -f "%U" python3 homework.py > stulog.txt 2>&1 on vdhankar #####
##### Output of failed program (stdout + stderr): #####
Traceback (most recent call last):
  File "homework.py", line 546, in <module>
    print(end-start)
NameError: name 'end' is not defined
##### End of output of failed program #####
##### vdhankar plays [E g3 f4] in 5.46453404426575s #####
##### Running: /usr/lib/jvm/jdk-14.0.1/bin/java -jar /lab/itti/projects/checkers-competition/server/referee.jar on run_13_ghafeleb_vdhankar #####
Move is valid
##### SUCCESS: /usr/lib/jvm/jdk-14.0.1/bin/java -jar /lab/itti/projects/checkers-competition/server/referee.jar on run_13_ghafeleb_vdhankar #####
INPUT for ghafeleb:
GAME
BLACK
292.92
.W...W..
........
.......W
........
.....w.b
....B...
........
w.....B.
##### Running: /usr/bin/time -o time_13_ghafeleb_vdhankar.txt -f "%U" python3 homework.py > stulog.txt 2>&1 on ghafeleb #####
##### SUCCESS: /usr/bin/time -o time_13_ghafeleb_vdhankar.txt -f "%U" python3 homework.py > stulog.txt 2>&1 on ghafeleb #####
##### ghafeleb plays [J e3 g5] in 0.05s #####
##### Running: /usr/lib/jvm/jdk-14.0.1/bin/java -jar /lab/itti/projects/checkers-competition/server/referee.jar on run_13_ghafeleb_vdhankar #####
Move is valid
##### SUCCESS: /usr/lib/jvm/jdk-14.0.1/bin/java -jar /lab/itti/projects/checkers-competition/server/referee.jar on run_13_ghafeleb_vdhankar #####
INPUT for vdhankar:
GAME
WHITE
106.605873584747
.W...W..
........
.......W
......B.
.......b
........
........
w.....B.
##### Running: /usr/bin/time -o time_13_ghafeleb_vdhankar.txt -f "%U" python3 homework.py > stulog.txt 2>&1 on vdhankar #####
child exited with value 1
##### ERROR: /usr/bin/time -o time_13_ghafeleb_vdhankar.txt -f "%U" python3 homework.py > stulog.txt 2>&1 on vdhankar #####
##### Output of failed program (stdout + stderr): #####
Traceback (most recent call last):
  File "homework.py", line 546, in <module>
    print(end-start)
NameError: name 'end' is not defined
##### End of output of failed program #####
##### vdhankar plays [J h6 f4] in 0.914852142333984s #####
##### Running: /usr/lib/jvm/jdk-14.0.1/bin/java -jar /lab/itti/projects/checkers-competition/server/referee.jar on run_13_ghafeleb_vdhankar #####
Move is valid
##### SUCCESS: /usr/lib/jvm/jdk-14.0.1/bin/java -jar /lab/itti/projects/checkers-competition/server/referee.jar on run_13_ghafeleb_vdhankar #####
INPUT for ghafeleb:
GAME
BLACK
292.87
.W...W..
........
........
........
.....W.b
........
........
w.....B.
##### Running: /usr/bin/time -o time_13_ghafeleb_vdhankar.txt -f "%U" python3 homework.py > stulog.txt 2>&1 on ghafeleb #####
##### SUCCESS: /usr/bin/time -o time_13_ghafeleb_vdhankar.txt -f "%U" python3 homework.py > stulog.txt 2>&1 on ghafeleb #####
##### ghafeleb plays [E g1 h2] in 0.08s #####
##### Running: /usr/lib/jvm/jdk-14.0.1/bin/java -jar /lab/itti/projects/checkers-competition/server/referee.jar on run_13_ghafeleb_vdhankar #####
Move is valid
##### SUCCESS: /usr/lib/jvm/jdk-14.0.1/bin/java -jar /lab/itti/projects/checkers-competition/server/referee.jar on run_13_ghafeleb_vdhankar #####
INPUT for vdhankar:
GAME
WHITE
105.691021442413
.W...W..
........
........
........
.....W.b
........
.......B
w.......
##### Running: /usr/bin/time -o time_13_ghafeleb_vdhankar.txt -f "%U" python3 homework.py > stulog.txt 2>&1 on vdhankar #####
child exited with value 1
##### ERROR: /usr/bin/time -o time_13_ghafeleb_vdhankar.txt -f "%U" python3 homework.py > stulog.txt 2>&1 on vdhankar #####
##### Output of failed program (stdout + stderr): #####
Traceback (most recent call last):
  File "homework.py", line 546, in <module>
    print(end-start)
NameError: name 'end' is not defined
##### End of output of failed program #####
##### vdhankar plays [E f4 e3] in 2.35623002052307s #####
##### Running: /usr/lib/jvm/jdk-14.0.1/bin/java -jar /lab/itti/projects/checkers-competition/server/referee.jar on run_13_ghafeleb_vdhankar #####
Move is valid
##### SUCCESS: /usr/lib/jvm/jdk-14.0.1/bin/java -jar /lab/itti/projects/checkers-competition/server/referee.jar on run_13_ghafeleb_vdhankar #####
INPUT for ghafeleb:
GAME
BLACK
292.79
.W...W..
........
........
........
.......b
....W...
.......B
w.......
##### Running: /usr/bin/time -o time_13_ghafeleb_vdhankar.txt -f "%U" python3 homework.py > stulog.txt 2>&1 on ghafeleb #####
##### SUCCESS: /usr/bin/time -o time_13_ghafeleb_vdhankar.txt -f "%U" python3 homework.py > stulog.txt 2>&1 on ghafeleb #####
##### ghafeleb plays [E h4 g3] in 0.09s #####
##### Running: /usr/lib/jvm/jdk-14.0.1/bin/java -jar /lab/itti/projects/checkers-competition/server/referee.jar on run_13_ghafeleb_vdhankar #####
Move is valid
##### SUCCESS: /usr/lib/jvm/jdk-14.0.1/bin/java -jar /lab/itti/projects/checkers-competition/server/referee.jar on run_13_ghafeleb_vdhankar #####
INPUT for vdhankar:
GAME
WHITE
103.33479142189
.W...W..
........
........
........
........
....W.b.
.......B
w.......
##### Running: /usr/bin/time -o time_13_ghafeleb_vdhankar.txt -f "%U" python3 homework.py > stulog.txt 2>&1 on vdhankar #####
child exited with value 1
##### ERROR: /usr/bin/time -o time_13_ghafeleb_vdhankar.txt -f "%U" python3 homework.py > stulog.txt 2>&1 on vdhankar #####
##### Output of failed program (stdout + stderr): #####
Traceback (most recent call last):
  File "homework.py", line 546, in <module>
    print(end-start)
NameError: name 'end' is not defined
##### End of output of failed program #####
##### vdhankar plays [E e3 d4] in 2.35194206237793s #####
##### Running: /usr/lib/jvm/jdk-14.0.1/bin/java -jar /lab/itti/projects/checkers-competition/server/referee.jar on run_13_ghafeleb_vdhankar #####
Move is valid
##### SUCCESS: /usr/lib/jvm/jdk-14.0.1/bin/java -jar /lab/itti/projects/checkers-competition/server/referee.jar on run_13_ghafeleb_vdhankar #####
INPUT for ghafeleb:
GAME
BLACK
292.7
.W...W..
........
........
........
...W....
......b.
.......B
w.......
##### Running: /usr/bin/time -o time_13_ghafeleb_vdhankar.txt -f "%U" python3 homework.py > stulog.txt 2>&1 on ghafeleb #####
##### SUCCESS: /usr/bin/time -o time_13_ghafeleb_vdhankar.txt -f "%U" python3 homework.py > stulog.txt 2>&1 on ghafeleb #####
##### ghafeleb plays [E g3 f2] in 0.07s #####
##### Running: /usr/lib/jvm/jdk-14.0.1/bin/java -jar /lab/itti/projects/checkers-competition/server/referee.jar on run_13_ghafeleb_vdhankar #####
Move is valid
##### SUCCESS: /usr/lib/jvm/jdk-14.0.1/bin/java -jar /lab/itti/projects/checkers-competition/server/referee.jar on run_13_ghafeleb_vdhankar #####
INPUT for vdhankar:
GAME
WHITE
100.982849359512
.W...W..
........
........
........
...W....
........
.....b.B
w.......
##### Running: /usr/bin/time -o time_13_ghafeleb_vdhankar.txt -f "%U" python3 homework.py > stulog.txt 2>&1 on vdhankar #####
child exited with value 1
##### ERROR: /usr/bin/time -o time_13_ghafeleb_vdhankar.txt -f "%U" python3 homework.py > stulog.txt 2>&1 on vdhankar #####
##### Output of failed program (stdout + stderr): #####
Traceback (most recent call last):
  File "homework.py", line 546, in <module>
    print(end-start)
NameError: name 'end' is not defined
##### End of output of failed program #####
##### vdhankar plays [E d4 e5] in 5.72560000419617s #####
##### Running: /usr/lib/jvm/jdk-14.0.1/bin/java -jar /lab/itti/projects/checkers-competition/server/referee.jar on run_13_ghafeleb_vdhankar #####
Move is valid
##### SUCCESS: /usr/lib/jvm/jdk-14.0.1/bin/java -jar /lab/itti/projects/checkers-competition/server/referee.jar on run_13_ghafeleb_vdhankar #####
INPUT for ghafeleb:
GAME
BLACK
292.63
.W...W..
........
........
....W...
........
........
.....b.B
w.......
##### Running: /usr/bin/time -o time_13_ghafeleb_vdhankar.txt -f "%U" python3 homework.py > stulog.txt 2>&1 on ghafeleb #####
##### SUCCESS: /usr/bin/time -o time_13_ghafeleb_vdhankar.txt -f "%U" python3 homework.py > stulog.txt 2>&1 on ghafeleb #####
##### ghafeleb plays [E f2 e1] in 0.11s #####
##### Running: /usr/lib/jvm/jdk-14.0.1/bin/java -jar /lab/itti/projects/checkers-competition/server/referee.jar on run_13_ghafeleb_vdhankar #####
Move is valid
##### SUCCESS: /usr/lib/jvm/jdk-14.0.1/bin/java -jar /lab/itti/projects/checkers-competition/server/referee.jar on run_13_ghafeleb_vdhankar #####
INPUT for vdhankar:
GAME
WHITE
95.2572493553162
.W...W..
........
........
....W...
........
........
.......B
w...B...
##### Running: /usr/bin/time -o time_13_ghafeleb_vdhankar.txt -f "%U" python3 homework.py > stulog.txt 2>&1 on vdhankar #####
child exited with value 1
##### ERROR: /usr/bin/time -o time_13_ghafeleb_vdhankar.txt -f "%U" python3 homework.py > stulog.txt 2>&1 on vdhankar #####
##### Output of failed program (stdout + stderr): #####
Traceback (most recent call last):
  File "homework.py", line 546, in <module>
    print(end-start)
NameError: name 'end' is not defined
##### End of output of failed program #####
##### vdhankar plays [E e5 f4] in 8.30452299118042s #####
##### Running: /usr/lib/jvm/jdk-14.0.1/bin/java -jar /lab/itti/projects/checkers-competition/server/referee.jar on run_13_ghafeleb_vdhankar #####
Move is valid
##### SUCCESS: /usr/lib/jvm/jdk-14.0.1/bin/java -jar /lab/itti/projects/checkers-competition/server/referee.jar on run_13_ghafeleb_vdhankar #####
INPUT for ghafeleb:
GAME
BLACK
292.52
.W...W..
........
........
........
.....W..
........
.......B
w...B...
##### Running: /usr/bin/time -o time_13_ghafeleb_vdhankar.txt -f "%U" python3 homework.py > stulog.txt 2>&1 on ghafeleb #####
##### SUCCESS: /usr/bin/time -o time_13_ghafeleb_vdhankar.txt -f "%U" python3 homework.py > stulog.txt 2>&1 on ghafeleb #####
##### ghafeleb plays [E h2 g1] in 0.12s #####
##### Running: /usr/lib/jvm/jdk-14.0.1/bin/java -jar /lab/itti/projects/checkers-competition/server/referee.jar on run_13_ghafeleb_vdhankar #####
Move is valid
##### SUCCESS: /usr/lib/jvm/jdk-14.0.1/bin/java -jar /lab/itti/projects/checkers-competition/server/referee.jar on run_13_ghafeleb_vdhankar #####
INPUT for vdhankar:
GAME
WHITE
86.9527263641357
.W...W..
........
........
........
.....W..
........
........
w...B.B.
##### Running: /usr/bin/time -o time_13_ghafeleb_vdhankar.txt -f "%U" python3 homework.py > stulog.txt 2>&1 on vdhankar #####
child exited with value 1
##### ERROR: /usr/bin/time -o time_13_ghafeleb_vdhankar.txt -f "%U" python3 homework.py > stulog.txt 2>&1 on vdhankar #####
##### Output of failed program (stdout + stderr): #####
Traceback (most recent call last):
  File "homework.py", line 546, in <module>
    print(end-start)
NameError: name 'end' is not defined
##### End of output of failed program #####
##### vdhankar plays [E f4 e5] in 3.2338969707489s #####
##### Running: /usr/lib/jvm/jdk-14.0.1/bin/java -jar /lab/itti/projects/checkers-competition/server/referee.jar on run_13_ghafeleb_vdhankar #####
Move is valid
##### SUCCESS: /usr/lib/jvm/jdk-14.0.1/bin/java -jar /lab/itti/projects/checkers-competition/server/referee.jar on run_13_ghafeleb_vdhankar #####
INPUT for ghafeleb:
GAME
BLACK
292.4
.W...W..
........
........
....W...
........
........
........
w...B.B.
##### Running: /usr/bin/time -o time_13_ghafeleb_vdhankar.txt -f "%U" python3 homework.py > stulog.txt 2>&1 on ghafeleb #####
##### SUCCESS: /usr/bin/time -o time_13_ghafeleb_vdhankar.txt -f "%U" python3 homework.py > stulog.txt 2>&1 on ghafeleb #####
##### ghafeleb plays [E e1 f2] in 0.13s #####
##### Running: /usr/lib/jvm/jdk-14.0.1/bin/java -jar /lab/itti/projects/checkers-competition/server/referee.jar on run_13_ghafeleb_vdhankar #####
Move is valid
##### SUCCESS: /usr/lib/jvm/jdk-14.0.1/bin/java -jar /lab/itti/projects/checkers-competition/server/referee.jar on run_13_ghafeleb_vdhankar #####
INPUT for vdhankar:
GAME
WHITE
83.7188293933868
.W...W..
........
........
....W...
........
........
.....B..
w.....B.
##### Running: /usr/bin/time -o time_13_ghafeleb_vdhankar.txt -f "%U" python3 homework.py > stulog.txt 2>&1 on vdhankar #####
child exited with value 1
##### ERROR: /usr/bin/time -o time_13_ghafeleb_vdhankar.txt -f "%U" python3 homework.py > stulog.txt 2>&1 on vdhankar #####
##### Output of failed program (stdout + stderr): #####
Traceback (most recent call last):
  File "homework.py", line 546, in <module>
    print(end-start)
NameError: name 'end' is not defined
##### End of output of failed program #####
##### vdhankar plays [E e5 f4] in 5.74555802345276s #####
##### Running: /usr/lib/jvm/jdk-14.0.1/bin/java -jar /lab/itti/projects/checkers-competition/server/referee.jar on run_13_ghafeleb_vdhankar #####
Move is valid
##### SUCCESS: /usr/lib/jvm/jdk-14.0.1/bin/java -jar /lab/itti/projects/checkers-competition/server/referee.jar on run_13_ghafeleb_vdhankar #####
INPUT for ghafeleb:
GAME
BLACK
292.27
.W...W..
........
........
........
.....W..
........
.....B..
w.....B.
##### Running: /usr/bin/time -o time_13_ghafeleb_vdhankar.txt -f "%U" python3 homework.py > stulog.txt 2>&1 on ghafeleb #####
##### SUCCESS: /usr/bin/time -o time_13_ghafeleb_vdhankar.txt -f "%U" python3 homework.py > stulog.txt 2>&1 on ghafeleb #####
##### ghafeleb plays [E f2 e1] in 0.09s #####
##### Running: /usr/lib/jvm/jdk-14.0.1/bin/java -jar /lab/itti/projects/checkers-competition/server/referee.jar on run_13_ghafeleb_vdhankar #####
Move is valid
##### SUCCESS: /usr/lib/jvm/jdk-14.0.1/bin/java -jar /lab/itti/projects/checkers-competition/server/referee.jar on run_13_ghafeleb_vdhankar #####
INPUT for vdhankar:
GAME
WHITE
77.9732713699341
.W...W..
........
........
........
.....W..
........
........
w...B.B.
##### Running: /usr/bin/time -o time_13_ghafeleb_vdhankar.txt -f "%U" python3 homework.py > stulog.txt 2>&1 on vdhankar #####
child exited with value 1
##### ERROR: /usr/bin/time -o time_13_ghafeleb_vdhankar.txt -f "%U" python3 homework.py > stulog.txt 2>&1 on vdhankar #####
##### Output of failed program (stdout + stderr): #####
Traceback (most recent call last):
  File "homework.py", line 546, in <module>
    print(end-start)
NameError: name 'end' is not defined
##### End of output of failed program #####
##### vdhankar plays [E f4 e5] in 3.29741311073303s #####
##### Running: /usr/lib/jvm/jdk-14.0.1/bin/java -jar /lab/itti/projects/checkers-competition/server/referee.jar on run_13_ghafeleb_vdhankar #####
Move is valid
##### SUCCESS: /usr/lib/jvm/jdk-14.0.1/bin/java -jar /lab/itti/projects/checkers-competition/server/referee.jar on run_13_ghafeleb_vdhankar #####
INPUT for ghafeleb:
GAME
BLACK
292.18
.W...W..
........
........
....W...
........
........
........
w...B.B.
##### Running: /usr/bin/time -o time_13_ghafeleb_vdhankar.txt -f "%U" python3 homework.py > stulog.txt 2>&1 on ghafeleb #####
##### SUCCESS: /usr/bin/time -o time_13_ghafeleb_vdhankar.txt -f "%U" python3 homework.py > stulog.txt 2>&1 on ghafeleb #####
##### ghafeleb plays [E e1 f2] in 0.12s #####
##### Running: /usr/lib/jvm/jdk-14.0.1/bin/java -jar /lab/itti/projects/checkers-competition/server/referee.jar on run_13_ghafeleb_vdhankar #####
Move is valid
##### SUCCESS: /usr/lib/jvm/jdk-14.0.1/bin/java -jar /lab/itti/projects/checkers-competition/server/referee.jar on run_13_ghafeleb_vdhankar #####
INPUT for vdhankar:
GAME
WHITE
74.675858259201
.W...W..
........
........
....W...
........
........
.....B..
w.....B.
##### Running: /usr/bin/time -o time_13_ghafeleb_vdhankar.txt -f "%U" python3 homework.py > stulog.txt 2>&1 on vdhankar #####
child exited with value 1
##### ERROR: /usr/bin/time -o time_13_ghafeleb_vdhankar.txt -f "%U" python3 homework.py > stulog.txt 2>&1 on vdhankar #####
##### Output of failed program (stdout + stderr): #####
Traceback (most recent call last):
  File "homework.py", line 546, in <module>
    print(end-start)
NameError: name 'end' is not defined
##### End of output of failed program #####
##### vdhankar plays [E e5 f4] in 5.65470790863037s #####
##### Running: /usr/lib/jvm/jdk-14.0.1/bin/java -jar /lab/itti/projects/checkers-competition/server/referee.jar on run_13_ghafeleb_vdhankar #####
Move is valid
##### SUCCESS: /usr/lib/jvm/jdk-14.0.1/bin/java -jar /lab/itti/projects/checkers-competition/server/referee.jar on run_13_ghafeleb_vdhankar #####
INPUT for ghafeleb:
GAME
BLACK
292.06
.W...W..
........
........
........
.....W..
........
.....B..
w.....B.
##### Running: /usr/bin/time -o time_13_ghafeleb_vdhankar.txt -f "%U" python3 homework.py > stulog.txt 2>&1 on ghafeleb #####
##### SUCCESS: /usr/bin/time -o time_13_ghafeleb_vdhankar.txt -f "%U" python3 homework.py > stulog.txt 2>&1 on ghafeleb #####
##### ghafeleb plays [E f2 e1] in 0.1s #####
##### Running: /usr/lib/jvm/jdk-14.0.1/bin/java -jar /lab/itti/projects/checkers-competition/server/referee.jar on run_13_ghafeleb_vdhankar #####
Move is valid
##### SUCCESS: /usr/lib/jvm/jdk-14.0.1/bin/java -jar /lab/itti/projects/checkers-competition/server/referee.jar on run_13_ghafeleb_vdhankar #####
INPUT for vdhankar:
GAME
WHITE
69.0211503505707
.W...W..
........
........
........
.....W..
........
........
w...B.B.
##### Running: /usr/bin/time -o time_13_ghafeleb_vdhankar.txt -f "%U" python3 homework.py > stulog.txt 2>&1 on vdhankar #####
child exited with value 1
##### ERROR: /usr/bin/time -o time_13_ghafeleb_vdhankar.txt -f "%U" python3 homework.py > stulog.txt 2>&1 on vdhankar #####
##### Output of failed program (stdout + stderr): #####
Traceback (most recent call last):
  File "homework.py", line 546, in <module>
    print(end-start)
NameError: name 'end' is not defined
##### End of output of failed program #####
##### vdhankar plays [E f4 e5] in 3.19538998603821s #####
##### Running: /usr/lib/jvm/jdk-14.0.1/bin/java -jar /lab/itti/projects/checkers-competition/server/referee.jar on run_13_ghafeleb_vdhankar #####
Move is valid
Seen this position 3 times
*** Game ends in draw ***
##### SUCCESS: /usr/lib/jvm/jdk-14.0.1/bin/java -jar /lab/itti/projects/checkers-competition/server/referee.jar on run_13_ghafeleb_vdhankar #####
##### GAME ENDS IN A DRAW. Time left for ghafeleb: 291.96s, vdhankar: 65.8257603645325s
Server said: DRAW
##### GAME OVER: the game ends in a draw, ghafeleb wins by time remaining #####
########## ROUND 13 GAMESCORE AFTER GAME 4: ghafeleb=4 and vdhankar=0 ##########


########## GRAND WINNER ROUND 13 IS ghafeleb BY 4 vs 0 GAMESCORE ##########
