#################### ROUND 13: sajjanla (W) vs vdhankar (B): game 1 ####################
##### game start! #####
INPUT for vdhankar:
GAME
BLACK
300
.b.b.b.b
b.b.b.b.
.b.b.b.b
........
........
w.w.w.w.
.w.w.w.w
w.w.w.w.
##### Running: /usr/bin/time -o time_13_sajjanla_vdhankar.txt -f "%U" python3 homework.py > stulog.txt 2>&1 on vdhankar #####
child exited with value 1
##### ERROR: /usr/bin/time -o time_13_sajjanla_vdhankar.txt -f "%U" python3 homework.py > stulog.txt 2>&1 on vdhankar #####
##### Output of failed program (stdout + stderr): #####
Traceback (most recent call last):
  File "homework.py", line 546, in <module>
    print(end-start)
NameError: name 'end' is not defined
##### End of output of failed program #####
##### vdhankar plays [E h6 g5] in 11.4670939445496s #####
##### Running: /usr/lib/jvm/jdk-14.0.1/bin/java -jar /lab/itti/projects/checkers-competition/server/referee.jar on run_13_sajjanla_vdhankar #####
Move is valid
Couldn't read file 'current_ply.txt'
Couldn't read content from file 'current_ply.txt'
Couldn't read file 'lastmatchange_ply.txt'
Couldn't read content from file 'lastmatchange_ply.txt'
##### SUCCESS: /usr/lib/jvm/jdk-14.0.1/bin/java -jar /lab/itti/projects/checkers-competition/server/referee.jar on run_13_sajjanla_vdhankar #####
INPUT for sajjanla:
GAME
WHITE
300
.b.b.b.b
b.b.b.b.
.b.b.b..
......b.
........
w.w.w.w.
.w.w.w.w
w.w.w.w.
##### Running: /usr/bin/time -o time_13_sajjanla_vdhankar.txt -f "%U" /usr/lib/jvm/jdk-14.0.1/bin/java homework > stulog.txt 2>&1 on sajjanla #####
##### SUCCESS: /usr/bin/time -o time_13_sajjanla_vdhankar.txt -f "%U" /usr/lib/jvm/jdk-14.0.1/bin/java homework > stulog.txt 2>&1 on sajjanla #####
##### sajjanla plays [E g3 f4] in 1.11s #####
##### Running: /usr/lib/jvm/jdk-14.0.1/bin/java -jar /lab/itti/projects/checkers-competition/server/referee.jar on run_13_sajjanla_vdhankar #####
Move is valid
##### SUCCESS: /usr/lib/jvm/jdk-14.0.1/bin/java -jar /lab/itti/projects/checkers-competition/server/referee.jar on run_13_sajjanla_vdhankar #####
INPUT for vdhankar:
GAME
BLACK
288.53290605545
.b.b.b.b
b.b.b.b.
.b.b.b..
......b.
.....w..
w.w.w...
.w.w.w.w
w.w.w.w.
##### Running: /usr/bin/time -o time_13_sajjanla_vdhankar.txt -f "%U" python3 homework.py > stulog.txt 2>&1 on vdhankar #####
child exited with value 1
##### ERROR: /usr/bin/time -o time_13_sajjanla_vdhankar.txt -f "%U" python3 homework.py > stulog.txt 2>&1 on vdhankar #####
##### Output of failed program (stdout + stderr): #####
Traceback (most recent call last):
  File "homework.py", line 546, in <module>
    print(end-start)
NameError: name 'end' is not defined
##### End of output of failed program #####
##### vdhankar plays [E g5 h4] in 9.24434304237366s #####
##### Running: /usr/lib/jvm/jdk-14.0.1/bin/java -jar /lab/itti/projects/checkers-competition/server/referee.jar on run_13_sajjanla_vdhankar #####
Move is valid
##### SUCCESS: /usr/lib/jvm/jdk-14.0.1/bin/java -jar /lab/itti/projects/checkers-competition/server/referee.jar on run_13_sajjanla_vdhankar #####
INPUT for sajjanla:
GAME
WHITE
298.89
.b.b.b.b
b.b.b.b.
.b.b.b..
........
.....w.b
w.w.w...
.w.w.w.w
w.w.w.w.
##### Running: /usr/bin/time -o time_13_sajjanla_vdhankar.txt -f "%U" /usr/lib/jvm/jdk-14.0.1/bin/java homework > stulog.txt 2>&1 on sajjanla #####
##### SUCCESS: /usr/bin/time -o time_13_sajjanla_vdhankar.txt -f "%U" /usr/lib/jvm/jdk-14.0.1/bin/java homework > stulog.txt 2>&1 on sajjanla #####
##### sajjanla plays [E h2 g3] in 0.99s #####
##### Running: /usr/lib/jvm/jdk-14.0.1/bin/java -jar /lab/itti/projects/checkers-competition/server/referee.jar on run_13_sajjanla_vdhankar #####
Move is valid
##### SUCCESS: /usr/lib/jvm/jdk-14.0.1/bin/java -jar /lab/itti/projects/checkers-competition/server/referee.jar on run_13_sajjanla_vdhankar #####
INPUT for vdhankar:
GAME
BLACK
279.288563013077
.b.b.b.b
b.b.b.b.
.b.b.b..
........
.....w.b
w.w.w.w.
.w.w.w..
w.w.w.w.
##### Running: /usr/bin/time -o time_13_sajjanla_vdhankar.txt -f "%U" python3 homework.py > stulog.txt 2>&1 on vdhankar #####
child exited with value 1
##### ERROR: /usr/bin/time -o time_13_sajjanla_vdhankar.txt -f "%U" python3 homework.py > stulog.txt 2>&1 on vdhankar #####
##### Output of failed program (stdout + stderr): #####
Traceback (most recent call last):
  File "homework.py", line 546, in <module>
    print(end-start)
NameError: name 'end' is not defined
##### End of output of failed program #####
##### vdhankar plays [E f6 g5] in 11.7066030502319s #####
##### Running: /usr/lib/jvm/jdk-14.0.1/bin/java -jar /lab/itti/projects/checkers-competition/server/referee.jar on run_13_sajjanla_vdhankar #####
Move is valid
##### SUCCESS: /usr/lib/jvm/jdk-14.0.1/bin/java -jar /lab/itti/projects/checkers-competition/server/referee.jar on run_13_sajjanla_vdhankar #####
INPUT for sajjanla:
GAME
WHITE
297.9
.b.b.b.b
b.b.b.b.
.b.b....
......b.
.....w.b
w.w.w.w.
.w.w.w..
w.w.w.w.
##### Running: /usr/bin/time -o time_13_sajjanla_vdhankar.txt -f "%U" /usr/lib/jvm/jdk-14.0.1/bin/java homework > stulog.txt 2>&1 on sajjanla #####
##### SUCCESS: /usr/bin/time -o time_13_sajjanla_vdhankar.txt -f "%U" /usr/lib/jvm/jdk-14.0.1/bin/java homework > stulog.txt 2>&1 on sajjanla #####
##### sajjanla plays [E f4 h6] in 0.95s #####
##### Running: /usr/lib/jvm/jdk-14.0.1/bin/java -jar /lab/itti/projects/checkers-competition/server/referee.jar on run_13_sajjanla_vdhankar #####
Move is valid
##### SUCCESS: /usr/lib/jvm/jdk-14.0.1/bin/java -jar /lab/itti/projects/checkers-competition/server/referee.jar on run_13_sajjanla_vdhankar #####
INPUT for vdhankar:
GAME
BLACK
267.581959962845
.b.b.b.b
b.b.b.b.
.b.b...w
......b.
.......b
w.w.w.w.
.w.w.w..
w.w.w.w.
##### Running: /usr/bin/time -o time_13_sajjanla_vdhankar.txt -f "%U" python3 homework.py > stulog.txt 2>&1 on vdhankar #####
child exited with value 1
##### ERROR: /usr/bin/time -o time_13_sajjanla_vdhankar.txt -f "%U" python3 homework.py > stulog.txt 2>&1 on vdhankar #####
##### Output of failed program (stdout + stderr): #####
Traceback (most recent call last):
  File "homework.py", line 546, in <module>
    print(end-start)
NameError: name 'end' is not defined
##### End of output of failed program #####
##### vdhankar plays [E d6 e5] in 10.7575540542603s #####
##### Running: /usr/lib/jvm/jdk-14.0.1/bin/java -jar /lab/itti/projects/checkers-competition/server/referee.jar on run_13_sajjanla_vdhankar #####
Move is valid
##### SUCCESS: /usr/lib/jvm/jdk-14.0.1/bin/java -jar /lab/itti/projects/checkers-competition/server/referee.jar on run_13_sajjanla_vdhankar #####
INPUT for sajjanla:
GAME
WHITE
296.95
.b.b.b.b
b.b.b.b.
.b.....w
....b.b.
.......b
w.w.w.w.
.w.w.w..
w.w.w.w.
##### Running: /usr/bin/time -o time_13_sajjanla_vdhankar.txt -f "%U" /usr/lib/jvm/jdk-14.0.1/bin/java homework > stulog.txt 2>&1 on sajjanla #####
##### SUCCESS: /usr/bin/time -o time_13_sajjanla_vdhankar.txt -f "%U" /usr/lib/jvm/jdk-14.0.1/bin/java homework > stulog.txt 2>&1 on sajjanla #####
##### sajjanla plays [E g3 f4] in 0.97s #####
##### Running: /usr/lib/jvm/jdk-14.0.1/bin/java -jar /lab/itti/projects/checkers-competition/server/referee.jar on run_13_sajjanla_vdhankar #####
Move is valid
##### SUCCESS: /usr/lib/jvm/jdk-14.0.1/bin/java -jar /lab/itti/projects/checkers-competition/server/referee.jar on run_13_sajjanla_vdhankar #####
INPUT for vdhankar:
GAME
BLACK
256.824405908585
.b.b.b.b
b.b.b.b.
.b.....w
....b.b.
.....w.b
w.w.w...
.w.w.w..
w.w.w.w.
##### Running: /usr/bin/time -o time_13_sajjanla_vdhankar.txt -f "%U" python3 homework.py > stulog.txt 2>&1 on vdhankar #####
child exited with value 1
##### ERROR: /usr/bin/time -o time_13_sajjanla_vdhankar.txt -f "%U" python3 homework.py > stulog.txt 2>&1 on vdhankar #####
##### Output of failed program (stdout + stderr): #####
Traceback (most recent call last):
  File "homework.py", line 546, in <module>
    print(end-start)
NameError: name 'end' is not defined
##### End of output of failed program #####
##### vdhankar plays [J e5 g3] in 9.27138710021973s #####
##### Running: /usr/lib/jvm/jdk-14.0.1/bin/java -jar /lab/itti/projects/checkers-competition/server/referee.jar on run_13_sajjanla_vdhankar #####
Move is valid
##### SUCCESS: /usr/lib/jvm/jdk-14.0.1/bin/java -jar /lab/itti/projects/checkers-competition/server/referee.jar on run_13_sajjanla_vdhankar #####
INPUT for sajjanla:
GAME
WHITE
295.98
.b.b.b.b
b.b.b.b.
.b.....w
......b.
.......b
w.w.w.b.
.w.w.w..
w.w.w.w.
##### Running: /usr/bin/time -o time_13_sajjanla_vdhankar.txt -f "%U" /usr/lib/jvm/jdk-14.0.1/bin/java homework > stulog.txt 2>&1 on sajjanla #####
##### SUCCESS: /usr/bin/time -o time_13_sajjanla_vdhankar.txt -f "%U" /usr/lib/jvm/jdk-14.0.1/bin/java homework > stulog.txt 2>&1 on sajjanla #####
##### sajjanla plays [E g1 h2] in 1.27s #####
##### Running: /usr/lib/jvm/jdk-14.0.1/bin/java -jar /lab/itti/projects/checkers-competition/server/referee.jar on run_13_sajjanla_vdhankar #####
Move is valid
##### SUCCESS: /usr/lib/jvm/jdk-14.0.1/bin/java -jar /lab/itti/projects/checkers-competition/server/referee.jar on run_13_sajjanla_vdhankar #####
INPUT for vdhankar:
GAME
BLACK
247.553018808365
.b.b.b.b
b.b.b.b.
.b.....w
......b.
.......b
w.w.w.b.
.w.w.w.w
w.w.w...
##### Running: /usr/bin/time -o time_13_sajjanla_vdhankar.txt -f "%U" python3 homework.py > stulog.txt 2>&1 on vdhankar #####
child exited with value 1
##### ERROR: /usr/bin/time -o time_13_sajjanla_vdhankar.txt -f "%U" python3 homework.py > stulog.txt 2>&1 on vdhankar #####
##### Output of failed program (stdout + stderr): #####
Traceback (most recent call last):
  File "homework.py", line 546, in <module>
    print(end-start)
NameError: name 'end' is not defined
##### End of output of failed program #####
##### vdhankar plays [E b6 c5] in 4.04225492477417s #####
##### Running: /usr/lib/jvm/jdk-14.0.1/bin/java -jar /lab/itti/projects/checkers-competition/server/referee.jar on run_13_sajjanla_vdhankar #####
Move is valid
##### SUCCESS: /usr/lib/jvm/jdk-14.0.1/bin/java -jar /lab/itti/projects/checkers-competition/server/referee.jar on run_13_sajjanla_vdhankar #####
INPUT for sajjanla:
GAME
WHITE
294.71
.b.b.b.b
b.b.b.b.
.......w
..b...b.
.......b
w.w.w.b.
.w.w.w.w
w.w.w...
##### Running: /usr/bin/time -o time_13_sajjanla_vdhankar.txt -f "%U" /usr/lib/jvm/jdk-14.0.1/bin/java homework > stulog.txt 2>&1 on sajjanla #####
##### SUCCESS: /usr/bin/time -o time_13_sajjanla_vdhankar.txt -f "%U" /usr/lib/jvm/jdk-14.0.1/bin/java homework > stulog.txt 2>&1 on sajjanla #####
##### sajjanla plays [E h2 f4] in 0.67s #####
##### Running: /usr/lib/jvm/jdk-14.0.1/bin/java -jar /lab/itti/projects/checkers-competition/server/referee.jar on run_13_sajjanla_vdhankar #####
Move is valid
##### SUCCESS: /usr/lib/jvm/jdk-14.0.1/bin/java -jar /lab/itti/projects/checkers-competition/server/referee.jar on run_13_sajjanla_vdhankar #####
INPUT for vdhankar:
GAME
BLACK
243.510763883591
.b.b.b.b
b.b.b.b.
.......w
..b...b.
.....w.b
w.w.w.b.
.w.w.w..
w.w.w...
##### Running: /usr/bin/time -o time_13_sajjanla_vdhankar.txt -f "%U" python3 homework.py > stulog.txt 2>&1 on vdhankar #####
child exited with value 1
##### ERROR: /usr/bin/time -o time_13_sajjanla_vdhankar.txt -f "%U" python3 homework.py > stulog.txt 2>&1 on vdhankar #####
##### Output of failed program (stdout + stderr): #####
Traceback (most recent call last):
  File "homework.py", line 546, in <module>
    print(end-start)
NameError: name 'end' is not defined
##### End of output of failed program #####
##### vdhankar plays [E g7 f6] in 7.85226607322693s #####
##### Running: /usr/lib/jvm/jdk-14.0.1/bin/java -jar /lab/itti/projects/checkers-competition/server/referee.jar on run_13_sajjanla_vdhankar #####
Move is valid
##### SUCCESS: /usr/lib/jvm/jdk-14.0.1/bin/java -jar /lab/itti/projects/checkers-competition/server/referee.jar on run_13_sajjanla_vdhankar #####
INPUT for sajjanla:
GAME
WHITE
294.04
.b.b.b.b
b.b.b...
.....b.w
..b...b.
.....w.b
w.w.w.b.
.w.w.w..
w.w.w...
##### Running: /usr/bin/time -o time_13_sajjanla_vdhankar.txt -f "%U" /usr/lib/jvm/jdk-14.0.1/bin/java homework > stulog.txt 2>&1 on sajjanla #####
##### SUCCESS: /usr/bin/time -o time_13_sajjanla_vdhankar.txt -f "%U" /usr/lib/jvm/jdk-14.0.1/bin/java homework > stulog.txt 2>&1 on sajjanla #####
##### sajjanla plays [E f4 e5] in 0.63s #####
##### Running: /usr/lib/jvm/jdk-14.0.1/bin/java -jar /lab/itti/projects/checkers-competition/server/referee.jar on run_13_sajjanla_vdhankar #####
Move is valid
##### SUCCESS: /usr/lib/jvm/jdk-14.0.1/bin/java -jar /lab/itti/projects/checkers-competition/server/referee.jar on run_13_sajjanla_vdhankar #####
INPUT for vdhankar:
GAME
BLACK
235.658497810364
.b.b.b.b
b.b.b...
.....b.w
..b.w.b.
.......b
w.w.w.b.
.w.w.w..
w.w.w...
##### Running: /usr/bin/time -o time_13_sajjanla_vdhankar.txt -f "%U" python3 homework.py > stulog.txt 2>&1 on vdhankar #####
child exited with value 1
##### ERROR: /usr/bin/time -o time_13_sajjanla_vdhankar.txt -f "%U" python3 homework.py > stulog.txt 2>&1 on vdhankar #####
##### Output of failed program (stdout + stderr): #####
Traceback (most recent call last):
  File "homework.py", line 546, in <module>
    print(end-start)
NameError: name 'end' is not defined
##### End of output of failed program #####
##### vdhankar plays [J f6 d4] in 2.88554906845093s #####
##### Running: /usr/lib/jvm/jdk-14.0.1/bin/java -jar /lab/itti/projects/checkers-competition/server/referee.jar on run_13_sajjanla_vdhankar #####
Move is valid
##### SUCCESS: /usr/lib/jvm/jdk-14.0.1/bin/java -jar /lab/itti/projects/checkers-competition/server/referee.jar on run_13_sajjanla_vdhankar #####
INPUT for sajjanla:
GAME
WHITE
293.41
.b.b.b.b
b.b.b...
.......w
..b...b.
...b...b
w.w.w.b.
.w.w.w..
w.w.w...
##### Running: /usr/bin/time -o time_13_sajjanla_vdhankar.txt -f "%U" /usr/lib/jvm/jdk-14.0.1/bin/java homework > stulog.txt 2>&1 on sajjanla #####
##### SUCCESS: /usr/bin/time -o time_13_sajjanla_vdhankar.txt -f "%U" /usr/lib/jvm/jdk-14.0.1/bin/java homework > stulog.txt 2>&1 on sajjanla #####
##### sajjanla plays [E c3 e5] in 0.67s #####
##### Running: /usr/lib/jvm/jdk-14.0.1/bin/java -jar /lab/itti/projects/checkers-competition/server/referee.jar on run_13_sajjanla_vdhankar #####
Move is valid
##### SUCCESS: /usr/lib/jvm/jdk-14.0.1/bin/java -jar /lab/itti/projects/checkers-competition/server/referee.jar on run_13_sajjanla_vdhankar #####
INPUT for vdhankar:
GAME
BLACK
232.772948741913
.b.b.b.b
b.b.b...
.......w
..b.w.b.
...b...b
w...w.b.
.w.w.w..
w.w.w...
##### Running: /usr/bin/time -o time_13_sajjanla_vdhankar.txt -f "%U" python3 homework.py > stulog.txt 2>&1 on vdhankar #####
child exited with value 1
##### ERROR: /usr/bin/time -o time_13_sajjanla_vdhankar.txt -f "%U" python3 homework.py > stulog.txt 2>&1 on vdhankar #####
##### Output of failed program (stdout + stderr): #####
Traceback (most recent call last):
  File "homework.py", line 546, in <module>
    print(end-start)
NameError: name 'end' is not defined
##### End of output of failed program #####
##### vdhankar plays [E g3 h2] in 6.15081906318665s #####
##### Running: /usr/lib/jvm/jdk-14.0.1/bin/java -jar /lab/itti/projects/checkers-competition/server/referee.jar on run_13_sajjanla_vdhankar #####
Move is valid
##### SUCCESS: /usr/lib/jvm/jdk-14.0.1/bin/java -jar /lab/itti/projects/checkers-competition/server/referee.jar on run_13_sajjanla_vdhankar #####
INPUT for sajjanla:
GAME
WHITE
292.74
.b.b.b.b
b.b.b...
.......w
..b.w.b.
...b...b
w...w...
.w.w.w.b
w.w.w...
##### Running: /usr/bin/time -o time_13_sajjanla_vdhankar.txt -f "%U" /usr/lib/jvm/jdk-14.0.1/bin/java homework > stulog.txt 2>&1 on sajjanla #####
##### SUCCESS: /usr/bin/time -o time_13_sajjanla_vdhankar.txt -f "%U" /usr/lib/jvm/jdk-14.0.1/bin/java homework > stulog.txt 2>&1 on sajjanla #####
##### sajjanla plays [E e5 f6] in 0.83s #####
##### Running: /usr/lib/jvm/jdk-14.0.1/bin/java -jar /lab/itti/projects/checkers-competition/server/referee.jar on run_13_sajjanla_vdhankar #####
Move is valid
##### SUCCESS: /usr/lib/jvm/jdk-14.0.1/bin/java -jar /lab/itti/projects/checkers-competition/server/referee.jar on run_13_sajjanla_vdhankar #####
INPUT for vdhankar:
GAME
BLACK
226.622129678726
.b.b.b.b
b.b.b...
.....w.w
..b...b.
...b...b
w...w...
.w.w.w.b
w.w.w...
##### Running: /usr/bin/time -o time_13_sajjanla_vdhankar.txt -f "%U" python3 homework.py > stulog.txt 2>&1 on vdhankar #####
child exited with value 1
##### ERROR: /usr/bin/time -o time_13_sajjanla_vdhankar.txt -f "%U" python3 homework.py > stulog.txt 2>&1 on vdhankar #####
##### Output of failed program (stdout + stderr): #####
Traceback (most recent call last):
  File "homework.py", line 546, in <module>
    print(end-start)
NameError: name 'end' is not defined
##### End of output of failed program #####
##### vdhankar plays [E h2 g1] in 7.25397896766663s #####
##### Running: /usr/lib/jvm/jdk-14.0.1/bin/java -jar /lab/itti/projects/checkers-competition/server/referee.jar on run_13_sajjanla_vdhankar #####
Move is valid
##### SUCCESS: /usr/lib/jvm/jdk-14.0.1/bin/java -jar /lab/itti/projects/checkers-competition/server/referee.jar on run_13_sajjanla_vdhankar #####
INPUT for sajjanla:
GAME
WHITE
291.91
.b.b.b.b
b.b.b...
.....w.w
..b...b.
...b...b
w...w...
.w.w.w..
w.w.w.B.
##### Running: /usr/bin/time -o time_13_sajjanla_vdhankar.txt -f "%U" /usr/lib/jvm/jdk-14.0.1/bin/java homework > stulog.txt 2>&1 on sajjanla #####
##### SUCCESS: /usr/bin/time -o time_13_sajjanla_vdhankar.txt -f "%U" /usr/lib/jvm/jdk-14.0.1/bin/java homework > stulog.txt 2>&1 on sajjanla #####
##### sajjanla plays [E f2 g3] in 0.88s #####
##### Running: /usr/lib/jvm/jdk-14.0.1/bin/java -jar /lab/itti/projects/checkers-competition/server/referee.jar on run_13_sajjanla_vdhankar #####
Move is valid
##### SUCCESS: /usr/lib/jvm/jdk-14.0.1/bin/java -jar /lab/itti/projects/checkers-competition/server/referee.jar on run_13_sajjanla_vdhankar #####
INPUT for vdhankar:
GAME
BLACK
219.36815071106
.b.b.b.b
b.b.b...
.....w.w
..b...b.
...b...b
w...w.w.
.w.w....
w.w.w.B.
##### Running: /usr/bin/time -o time_13_sajjanla_vdhankar.txt -f "%U" python3 homework.py > stulog.txt 2>&1 on vdhankar #####
child exited with value 1
##### ERROR: /usr/bin/time -o time_13_sajjanla_vdhankar.txt -f "%U" python3 homework.py > stulog.txt 2>&1 on vdhankar #####
##### Output of failed program (stdout + stderr): #####
Traceback (most recent call last):
  File "homework.py", line 546, in <module>
    print(end-start)
NameError: name 'end' is not defined
##### End of output of failed program #####
##### vdhankar plays [J h4 f2] in 6.51858401298523s #####
##### Running: /usr/lib/jvm/jdk-14.0.1/bin/java -jar /lab/itti/projects/checkers-competition/server/referee.jar on run_13_sajjanla_vdhankar #####
Move is valid
##### SUCCESS: /usr/lib/jvm/jdk-14.0.1/bin/java -jar /lab/itti/projects/checkers-competition/server/referee.jar on run_13_sajjanla_vdhankar #####
INPUT for sajjanla:
GAME
WHITE
291.03
.b.b.b.b
b.b.b...
.....w.w
..b...b.
...b....
w...w...
.w.w.b..
w.w.w.B.
##### Running: /usr/bin/time -o time_13_sajjanla_vdhankar.txt -f "%U" /usr/lib/jvm/jdk-14.0.1/bin/java homework > stulog.txt 2>&1 on sajjanla #####
##### SUCCESS: /usr/bin/time -o time_13_sajjanla_vdhankar.txt -f "%U" /usr/lib/jvm/jdk-14.0.1/bin/java homework > stulog.txt 2>&1 on sajjanla #####
##### sajjanla plays [E e1 g3] in 0.58s #####
##### Running: /usr/lib/jvm/jdk-14.0.1/bin/java -jar /lab/itti/projects/checkers-competition/server/referee.jar on run_13_sajjanla_vdhankar #####
Move is valid
##### SUCCESS: /usr/lib/jvm/jdk-14.0.1/bin/java -jar /lab/itti/projects/checkers-competition/server/referee.jar on run_13_sajjanla_vdhankar #####
INPUT for vdhankar:
GAME
BLACK
212.849566698074
.b.b.b.b
b.b.b...
.....w.w
..b...b.
...b....
w...w.w.
.w.w.b..
w.w...B.
##### Running: /usr/bin/time -o time_13_sajjanla_vdhankar.txt -f "%U" python3 homework.py > stulog.txt 2>&1 on vdhankar #####
child exited with value 1
##### ERROR: /usr/bin/time -o time_13_sajjanla_vdhankar.txt -f "%U" python3 homework.py > stulog.txt 2>&1 on vdhankar #####
##### Output of failed program (stdout + stderr): #####
Traceback (most recent call last):
  File "homework.py", line 546, in <module>
    print(end-start)
NameError: name 'end' is not defined
##### End of output of failed program #####
##### vdhankar plays [E g1 h2] in 11.80908203125s #####
##### Running: /usr/lib/jvm/jdk-14.0.1/bin/java -jar /lab/itti/projects/checkers-competition/server/referee.jar on run_13_sajjanla_vdhankar #####
Move is valid
##### SUCCESS: /usr/lib/jvm/jdk-14.0.1/bin/java -jar /lab/itti/projects/checkers-competition/server/referee.jar on run_13_sajjanla_vdhankar #####
INPUT for sajjanla:
GAME
WHITE
290.45
.b.b.b.b
b.b.b...
.....w.w
..b...b.
...b....
w...w.w.
.w.w.b.B
w.w.....
##### Running: /usr/bin/time -o time_13_sajjanla_vdhankar.txt -f "%U" /usr/lib/jvm/jdk-14.0.1/bin/java homework > stulog.txt 2>&1 on sajjanla #####
##### SUCCESS: /usr/bin/time -o time_13_sajjanla_vdhankar.txt -f "%U" /usr/lib/jvm/jdk-14.0.1/bin/java homework > stulog.txt 2>&1 on sajjanla #####
##### sajjanla plays [E g3 f4] in 0.87s #####
##### Running: /usr/lib/jvm/jdk-14.0.1/bin/java -jar /lab/itti/projects/checkers-competition/server/referee.jar on run_13_sajjanla_vdhankar #####
Move is valid
##### SUCCESS: /usr/lib/jvm/jdk-14.0.1/bin/java -jar /lab/itti/projects/checkers-competition/server/referee.jar on run_13_sajjanla_vdhankar #####
INPUT for vdhankar:
GAME
BLACK
201.040484666824
.b.b.b.b
b.b.b...
.....w.w
..b...b.
...b.w..
w...w...
.w.w.b.B
w.w.....
##### Running: /usr/bin/time -o time_13_sajjanla_vdhankar.txt -f "%U" python3 homework.py > stulog.txt 2>&1 on vdhankar #####
child exited with value 1
##### ERROR: /usr/bin/time -o time_13_sajjanla_vdhankar.txt -f "%U" python3 homework.py > stulog.txt 2>&1 on vdhankar #####
##### Output of failed program (stdout + stderr): #####
Traceback (most recent call last):
  File "homework.py", line 546, in <module>
    print(end-start)
NameError: name 'end' is not defined
##### End of output of failed program #####
##### vdhankar plays [E f2 g1] in 6.33132481575012s #####
##### Running: /usr/lib/jvm/jdk-14.0.1/bin/java -jar /lab/itti/projects/checkers-competition/server/referee.jar on run_13_sajjanla_vdhankar #####
Move is valid
##### SUCCESS: /usr/lib/jvm/jdk-14.0.1/bin/java -jar /lab/itti/projects/checkers-competition/server/referee.jar on run_13_sajjanla_vdhankar #####
INPUT for sajjanla:
GAME
WHITE
289.58
.b.b.b.b
b.b.b...
.....w.w
..b...b.
...b.w..
w...w...
.w.w...B
w.w...B.
##### Running: /usr/bin/time -o time_13_sajjanla_vdhankar.txt -f "%U" /usr/lib/jvm/jdk-14.0.1/bin/java homework > stulog.txt 2>&1 on sajjanla #####
##### SUCCESS: /usr/bin/time -o time_13_sajjanla_vdhankar.txt -f "%U" /usr/lib/jvm/jdk-14.0.1/bin/java homework > stulog.txt 2>&1 on sajjanla #####
##### sajjanla plays [E a3 b4] in 0.65s #####
##### Running: /usr/lib/jvm/jdk-14.0.1/bin/java -jar /lab/itti/projects/checkers-competition/server/referee.jar on run_13_sajjanla_vdhankar #####
Move is valid
##### SUCCESS: /usr/lib/jvm/jdk-14.0.1/bin/java -jar /lab/itti/projects/checkers-competition/server/referee.jar on run_13_sajjanla_vdhankar #####
INPUT for vdhankar:
GAME
BLACK
194.709159851074
.b.b.b.b
b.b.b...
.....w.w
..b...b.
.w.b.w..
....w...
.w.w...B
w.w...B.
##### Running: /usr/bin/time -o time_13_sajjanla_vdhankar.txt -f "%U" python3 homework.py > stulog.txt 2>&1 on vdhankar #####
child exited with value 1
##### ERROR: /usr/bin/time -o time_13_sajjanla_vdhankar.txt -f "%U" python3 homework.py > stulog.txt 2>&1 on vdhankar #####
##### Output of failed program (stdout + stderr): #####
Traceback (most recent call last):
  File "homework.py", line 546, in <module>
    print(end-start)
NameError: name 'end' is not defined
##### End of output of failed program #####
##### vdhankar plays [J d4 f2] in 1.44771099090576s #####
##### Running: /usr/lib/jvm/jdk-14.0.1/bin/java -jar /lab/itti/projects/checkers-competition/server/referee.jar on run_13_sajjanla_vdhankar #####
Move is valid
##### SUCCESS: /usr/lib/jvm/jdk-14.0.1/bin/java -jar /lab/itti/projects/checkers-competition/server/referee.jar on run_13_sajjanla_vdhankar #####
INPUT for sajjanla:
GAME
WHITE
288.93
.b.b.b.b
b.b.b...
.....w.w
..b...b.
.w...w..
........
.w.w.b.B
w.w...B.
##### Running: /usr/bin/time -o time_13_sajjanla_vdhankar.txt -f "%U" /usr/lib/jvm/jdk-14.0.1/bin/java homework > stulog.txt 2>&1 on sajjanla #####
##### SUCCESS: /usr/bin/time -o time_13_sajjanla_vdhankar.txt -f "%U" /usr/lib/jvm/jdk-14.0.1/bin/java homework > stulog.txt 2>&1 on sajjanla #####
##### sajjanla plays [E b4 d6] in 0.53s #####
##### Running: /usr/lib/jvm/jdk-14.0.1/bin/java -jar /lab/itti/projects/checkers-competition/server/referee.jar on run_13_sajjanla_vdhankar #####
Move is valid
##### SUCCESS: /usr/lib/jvm/jdk-14.0.1/bin/java -jar /lab/itti/projects/checkers-competition/server/referee.jar on run_13_sajjanla_vdhankar #####
INPUT for vdhankar:
GAME
BLACK
193.261448860168
.b.b.b.b
b.b.b...
...w.w.w
..b...b.
.....w..
........
.w.w.b.B
w.w...B.
##### Running: /usr/bin/time -o time_13_sajjanla_vdhankar.txt -f "%U" python3 homework.py > stulog.txt 2>&1 on vdhankar #####
child exited with value 1
##### ERROR: /usr/bin/time -o time_13_sajjanla_vdhankar.txt -f "%U" python3 homework.py > stulog.txt 2>&1 on vdhankar #####
##### Output of failed program (stdout + stderr): #####
Traceback (most recent call last):
  File "homework.py", line 546, in <module>
    print(end-start)
NameError: name 'end' is not defined
##### End of output of failed program #####
##### vdhankar plays [J c7 e5 ; J e5 g3] in 9.15053176879883s #####
##### Running: /usr/lib/jvm/jdk-14.0.1/bin/java -jar /lab/itti/projects/checkers-competition/server/referee.jar on run_13_sajjanla_vdhankar #####
Move is valid
##### SUCCESS: /usr/lib/jvm/jdk-14.0.1/bin/java -jar /lab/itti/projects/checkers-competition/server/referee.jar on run_13_sajjanla_vdhankar #####
INPUT for sajjanla:
GAME
WHITE
288.4
.b.b.b.b
b...b...
.....w.w
..b...b.
........
......b.
.w.w.b.B
w.w...B.
##### Running: /usr/bin/time -o time_13_sajjanla_vdhankar.txt -f "%U" /usr/lib/jvm/jdk-14.0.1/bin/java homework > stulog.txt 2>&1 on sajjanla #####
##### SUCCESS: /usr/bin/time -o time_13_sajjanla_vdhankar.txt -f "%U" /usr/lib/jvm/jdk-14.0.1/bin/java homework > stulog.txt 2>&1 on sajjanla #####
##### sajjanla plays [E d2 c3] in 0.51s #####
##### Running: /usr/lib/jvm/jdk-14.0.1/bin/java -jar /lab/itti/projects/checkers-competition/server/referee.jar on run_13_sajjanla_vdhankar #####
Move is valid
##### SUCCESS: /usr/lib/jvm/jdk-14.0.1/bin/java -jar /lab/itti/projects/checkers-competition/server/referee.jar on run_13_sajjanla_vdhankar #####
INPUT for vdhankar:
GAME
BLACK
184.11091709137
.b.b.b.b
b...b...
.....w.w
..b...b.
........
..w...b.
.w...b.B
w.w...B.
##### Running: /usr/bin/time -o time_13_sajjanla_vdhankar.txt -f "%U" python3 homework.py > stulog.txt 2>&1 on vdhankar #####
child exited with value 1
##### ERROR: /usr/bin/time -o time_13_sajjanla_vdhankar.txt -f "%U" python3 homework.py > stulog.txt 2>&1 on vdhankar #####
##### Output of failed program (stdout + stderr): #####
Traceback (most recent call last):
  File "homework.py", line 546, in <module>
    print(end-start)
NameError: name 'end' is not defined
##### End of output of failed program #####
##### vdhankar plays [E g5 f4] in 15.1056909561157s #####
##### Running: /usr/lib/jvm/jdk-14.0.1/bin/java -jar /lab/itti/projects/checkers-competition/server/referee.jar on run_13_sajjanla_vdhankar #####
Move is valid
##### SUCCESS: /usr/lib/jvm/jdk-14.0.1/bin/java -jar /lab/itti/projects/checkers-competition/server/referee.jar on run_13_sajjanla_vdhankar #####
INPUT for sajjanla:
GAME
WHITE
287.89
.b.b.b.b
b...b...
.....w.w
..b.....
.....b..
..w...b.
.w...b.B
w.w...B.
##### Running: /usr/bin/time -o time_13_sajjanla_vdhankar.txt -f "%U" /usr/lib/jvm/jdk-14.0.1/bin/java homework > stulog.txt 2>&1 on sajjanla #####
##### SUCCESS: /usr/bin/time -o time_13_sajjanla_vdhankar.txt -f "%U" /usr/lib/jvm/jdk-14.0.1/bin/java homework > stulog.txt 2>&1 on sajjanla #####
##### sajjanla plays [E c1 d2] in 0.65s #####
##### Running: /usr/lib/jvm/jdk-14.0.1/bin/java -jar /lab/itti/projects/checkers-competition/server/referee.jar on run_13_sajjanla_vdhankar #####
Move is valid
##### SUCCESS: /usr/lib/jvm/jdk-14.0.1/bin/java -jar /lab/itti/projects/checkers-competition/server/referee.jar on run_13_sajjanla_vdhankar #####
INPUT for vdhankar:
GAME
BLACK
169.005226135254
.b.b.b.b
b...b...
.....w.w
..b.....
.....b..
..w...b.
.w.w.b.B
w.....B.
##### Running: /usr/bin/time -o time_13_sajjanla_vdhankar.txt -f "%U" python3 homework.py > stulog.txt 2>&1 on vdhankar #####
child exited with value 1
##### ERROR: /usr/bin/time -o time_13_sajjanla_vdhankar.txt -f "%U" python3 homework.py > stulog.txt 2>&1 on vdhankar #####
##### Output of failed program (stdout + stderr): #####
Traceback (most recent call last):
  File "homework.py", line 546, in <module>
    print(end-start)
NameError: name 'end' is not defined
##### End of output of failed program #####
##### vdhankar plays [J e7 g5] in 2.01257801055908s #####
##### Running: /usr/lib/jvm/jdk-14.0.1/bin/java -jar /lab/itti/projects/checkers-competition/server/referee.jar on run_13_sajjanla_vdhankar #####
Move is valid
##### SUCCESS: /usr/lib/jvm/jdk-14.0.1/bin/java -jar /lab/itti/projects/checkers-competition/server/referee.jar on run_13_sajjanla_vdhankar #####
INPUT for sajjanla:
GAME
WHITE
287.24
.b.b.b.b
b.......
.......w
..b...b.
.....b..
..w...b.
.w.w.b.B
w.....B.
##### Running: /usr/bin/time -o time_13_sajjanla_vdhankar.txt -f "%U" /usr/lib/jvm/jdk-14.0.1/bin/java homework > stulog.txt 2>&1 on sajjanla #####
##### SUCCESS: /usr/bin/time -o time_13_sajjanla_vdhankar.txt -f "%U" /usr/lib/jvm/jdk-14.0.1/bin/java homework > stulog.txt 2>&1 on sajjanla #####
##### sajjanla plays [E d2 e3] in 0.49s #####
##### Running: /usr/lib/jvm/jdk-14.0.1/bin/java -jar /lab/itti/projects/checkers-competition/server/referee.jar on run_13_sajjanla_vdhankar #####
Move is valid
##### SUCCESS: /usr/lib/jvm/jdk-14.0.1/bin/java -jar /lab/itti/projects/checkers-competition/server/referee.jar on run_13_sajjanla_vdhankar #####
INPUT for vdhankar:
GAME
BLACK
166.992648124695
.b.b.b.b
b.......
.......w
..b...b.
.....b..
..w.w.b.
.w...b.B
w.....B.
##### Running: /usr/bin/time -o time_13_sajjanla_vdhankar.txt -f "%U" python3 homework.py > stulog.txt 2>&1 on vdhankar #####
child exited with value 1
##### ERROR: /usr/bin/time -o time_13_sajjanla_vdhankar.txt -f "%U" python3 homework.py > stulog.txt 2>&1 on vdhankar #####
##### Output of failed program (stdout + stderr): #####
Traceback (most recent call last):
  File "homework.py", line 546, in <module>
    print(end-start)
NameError: name 'end' is not defined
##### End of output of failed program #####
##### vdhankar plays [J f4 d2] in 2.49729681015015s #####
##### Running: /usr/lib/jvm/jdk-14.0.1/bin/java -jar /lab/itti/projects/checkers-competition/server/referee.jar on run_13_sajjanla_vdhankar #####
Move is valid
##### SUCCESS: /usr/lib/jvm/jdk-14.0.1/bin/java -jar /lab/itti/projects/checkers-competition/server/referee.jar on run_13_sajjanla_vdhankar #####
INPUT for sajjanla:
GAME
WHITE
286.75
.b.b.b.b
b.......
.......w
..b...b.
........
..w...b.
.w.b.b.B
w.....B.
##### Running: /usr/bin/time -o time_13_sajjanla_vdhankar.txt -f "%U" /usr/lib/jvm/jdk-14.0.1/bin/java homework > stulog.txt 2>&1 on sajjanla #####
##### SUCCESS: /usr/bin/time -o time_13_sajjanla_vdhankar.txt -f "%U" /usr/lib/jvm/jdk-14.0.1/bin/java homework > stulog.txt 2>&1 on sajjanla #####
##### sajjanla plays [E c3 b4] in 0.36s #####
##### Running: /usr/lib/jvm/jdk-14.0.1/bin/java -jar /lab/itti/projects/checkers-competition/server/referee.jar on run_13_sajjanla_vdhankar #####
Move is valid
##### SUCCESS: /usr/lib/jvm/jdk-14.0.1/bin/java -jar /lab/itti/projects/checkers-competition/server/referee.jar on run_13_sajjanla_vdhankar #####
INPUT for vdhankar:
GAME
BLACK
164.495351314545
.b.b.b.b
b.......
.......w
..b...b.
.w......
......b.
.w.b.b.B
w.....B.
##### Running: /usr/bin/time -o time_13_sajjanla_vdhankar.txt -f "%U" python3 homework.py > stulog.txt 2>&1 on vdhankar #####
child exited with value 1
##### ERROR: /usr/bin/time -o time_13_sajjanla_vdhankar.txt -f "%U" python3 homework.py > stulog.txt 2>&1 on vdhankar #####
##### Output of failed program (stdout + stderr): #####
Traceback (most recent call last):
  File "homework.py", line 546, in <module>
    print(end-start)
NameError: name 'end' is not defined
##### End of output of failed program #####
##### vdhankar plays [J c5 a3 ; J a3 c1] in 0.530927896499634s #####
##### Running: /usr/lib/jvm/jdk-14.0.1/bin/java -jar /lab/itti/projects/checkers-competition/server/referee.jar on run_13_sajjanla_vdhankar #####
Move is valid
##### SUCCESS: /usr/lib/jvm/jdk-14.0.1/bin/java -jar /lab/itti/projects/checkers-competition/server/referee.jar on run_13_sajjanla_vdhankar #####
INPUT for sajjanla:
GAME
WHITE
286.39
.b.b.b.b
b.......
.......w
......b.
........
......b.
...b.b.B
w.B...B.
##### Running: /usr/bin/time -o time_13_sajjanla_vdhankar.txt -f "%U" /usr/lib/jvm/jdk-14.0.1/bin/java homework > stulog.txt 2>&1 on sajjanla #####
##### SUCCESS: /usr/bin/time -o time_13_sajjanla_vdhankar.txt -f "%U" /usr/lib/jvm/jdk-14.0.1/bin/java homework > stulog.txt 2>&1 on sajjanla #####
##### sajjanla plays [E a1 b2] in 0.26s #####
##### Running: /usr/lib/jvm/jdk-14.0.1/bin/java -jar /lab/itti/projects/checkers-competition/server/referee.jar on run_13_sajjanla_vdhankar #####
Move is valid
##### SUCCESS: /usr/lib/jvm/jdk-14.0.1/bin/java -jar /lab/itti/projects/checkers-competition/server/referee.jar on run_13_sajjanla_vdhankar #####
INPUT for vdhankar:
GAME
BLACK
163.964423418045
.b.b.b.b
b.......
.......w
......b.
........
......b.
.w.b.b.B
..B...B.
##### Running: /usr/bin/time -o time_13_sajjanla_vdhankar.txt -f "%U" python3 homework.py > stulog.txt 2>&1 on vdhankar #####
child exited with value 1
##### ERROR: /usr/bin/time -o time_13_sajjanla_vdhankar.txt -f "%U" python3 homework.py > stulog.txt 2>&1 on vdhankar #####
##### Output of failed program (stdout + stderr): #####
Traceback (most recent call last):
  File "homework.py", line 546, in <module>
    print(end-start)
NameError: name 'end' is not defined
##### End of output of failed program #####
##### vdhankar plays [J c1 a3] in 0.396251916885376s #####
##### Running: /usr/lib/jvm/jdk-14.0.1/bin/java -jar /lab/itti/projects/checkers-competition/server/referee.jar on run_13_sajjanla_vdhankar #####
Move is valid
##### SUCCESS: /usr/lib/jvm/jdk-14.0.1/bin/java -jar /lab/itti/projects/checkers-competition/server/referee.jar on run_13_sajjanla_vdhankar #####
INPUT for sajjanla:
GAME
WHITE
286.13
.b.b.b.b
b.......
.......w
......b.
........
B.....b.
...b.b.B
......B.
##### Running: /usr/bin/time -o time_13_sajjanla_vdhankar.txt -f "%U" /usr/lib/jvm/jdk-14.0.1/bin/java homework > stulog.txt 2>&1 on sajjanla #####
##### SUCCESS: /usr/bin/time -o time_13_sajjanla_vdhankar.txt -f "%U" /usr/lib/jvm/jdk-14.0.1/bin/java homework > stulog.txt 2>&1 on sajjanla #####
##### sajjanla plays [E h6 g7] in 0.21s #####
##### Running: /usr/lib/jvm/jdk-14.0.1/bin/java -jar /lab/itti/projects/checkers-competition/server/referee.jar on run_13_sajjanla_vdhankar #####
Move is valid
##### SUCCESS: /usr/lib/jvm/jdk-14.0.1/bin/java -jar /lab/itti/projects/checkers-competition/server/referee.jar on run_13_sajjanla_vdhankar #####
INPUT for vdhankar:
GAME
BLACK
163.56817150116
.b.b.b.b
b.....w.
........
......b.
........
B.....b.
...b.b.B
......B.
##### Running: /usr/bin/time -o time_13_sajjanla_vdhankar.txt -f "%U" python3 homework.py > stulog.txt 2>&1 on vdhankar #####
child exited with value 1
##### ERROR: /usr/bin/time -o time_13_sajjanla_vdhankar.txt -f "%U" python3 homework.py > stulog.txt 2>&1 on vdhankar #####
##### Output of failed program (stdout + stderr): #####
Traceback (most recent call last):
  File "homework.py", line 546, in <module>
    print(end-start)
NameError: name 'end' is not defined
##### End of output of failed program #####
##### vdhankar plays [J f8 h6] in 0.420460939407349s #####
##### Running: /usr/lib/jvm/jdk-14.0.1/bin/java -jar /lab/itti/projects/checkers-competition/server/referee.jar on run_13_sajjanla_vdhankar #####
Move is valid
After this move, player WHITE cannot make any moves
*** Winner: BLACK ***
##### SUCCESS: /usr/lib/jvm/jdk-14.0.1/bin/java -jar /lab/itti/projects/checkers-competition/server/referee.jar on run_13_sajjanla_vdhankar #####
##### GAME OVER: vdhankar wins the game! #####
Server said: WIN
########## ROUND 13 GAMESCORE AFTER GAME 1: sajjanla=0 and vdhankar=1 ##########
#################### ROUND 13: sajjanla (B) vs vdhankar (W): game 2 ####################
##### game start! #####
INPUT for sajjanla:
GAME
BLACK
300
.b.b.b.b
b.b.b.b.
.b.b.b.b
........
........
w.w.w.w.
.w.w.w.w
w.w.w.w.
##### Running: /usr/bin/time -o time_13_sajjanla_vdhankar.txt -f "%U" /usr/lib/jvm/jdk-14.0.1/bin/java homework > stulog.txt 2>&1 on sajjanla #####
##### SUCCESS: /usr/bin/time -o time_13_sajjanla_vdhankar.txt -f "%U" /usr/lib/jvm/jdk-14.0.1/bin/java homework > stulog.txt 2>&1 on sajjanla #####
##### sajjanla plays [E b6 a5] in 0.98s #####
##### Running: /usr/lib/jvm/jdk-14.0.1/bin/java -jar /lab/itti/projects/checkers-competition/server/referee.jar on run_13_sajjanla_vdhankar #####
Move is valid
Couldn't read file 'current_ply.txt'
Couldn't read content from file 'current_ply.txt'
Couldn't read file 'lastmatchange_ply.txt'
Couldn't read content from file 'lastmatchange_ply.txt'
##### SUCCESS: /usr/lib/jvm/jdk-14.0.1/bin/java -jar /lab/itti/projects/checkers-competition/server/referee.jar on run_13_sajjanla_vdhankar #####
INPUT for vdhankar:
GAME
WHITE
300
.b.b.b.b
b.b.b.b.
...b.b.b
b.......
........
w.w.w.w.
.w.w.w.w
w.w.w.w.
##### Running: /usr/bin/time -o time_13_sajjanla_vdhankar.txt -f "%U" python3 homework.py > stulog.txt 2>&1 on vdhankar #####
child exited with value 1
##### ERROR: /usr/bin/time -o time_13_sajjanla_vdhankar.txt -f "%U" python3 homework.py > stulog.txt 2>&1 on vdhankar #####
##### Output of failed program (stdout + stderr): #####
Traceback (most recent call last):
  File "homework.py", line 546, in <module>
    print(end-start)
NameError: name 'end' is not defined
##### End of output of failed program #####
##### vdhankar plays [E g3 h4] in 13.3291738033295s #####
##### Running: /usr/lib/jvm/jdk-14.0.1/bin/java -jar /lab/itti/projects/checkers-competition/server/referee.jar on run_13_sajjanla_vdhankar #####
Move is valid
##### SUCCESS: /usr/lib/jvm/jdk-14.0.1/bin/java -jar /lab/itti/projects/checkers-competition/server/referee.jar on run_13_sajjanla_vdhankar #####
INPUT for sajjanla:
GAME
BLACK
299.02
.b.b.b.b
b.b.b.b.
...b.b.b
b.......
.......w
w.w.w...
.w.w.w.w
w.w.w.w.
##### Running: /usr/bin/time -o time_13_sajjanla_vdhankar.txt -f "%U" /usr/lib/jvm/jdk-14.0.1/bin/java homework > stulog.txt 2>&1 on sajjanla #####
##### SUCCESS: /usr/bin/time -o time_13_sajjanla_vdhankar.txt -f "%U" /usr/lib/jvm/jdk-14.0.1/bin/java homework > stulog.txt 2>&1 on sajjanla #####
##### sajjanla plays [E d6 c5] in 1.23s #####
##### Running: /usr/lib/jvm/jdk-14.0.1/bin/java -jar /lab/itti/projects/checkers-competition/server/referee.jar on run_13_sajjanla_vdhankar #####
Move is valid
##### SUCCESS: /usr/lib/jvm/jdk-14.0.1/bin/java -jar /lab/itti/projects/checkers-competition/server/referee.jar on run_13_sajjanla_vdhankar #####
INPUT for vdhankar:
GAME
WHITE
286.670826196671
.b.b.b.b
b.b.b.b.
.....b.b
b.b.....
.......w
w.w.w...
.w.w.w.w
w.w.w.w.
##### Running: /usr/bin/time -o time_13_sajjanla_vdhankar.txt -f "%U" python3 homework.py > stulog.txt 2>&1 on vdhankar #####
child exited with value 1
##### ERROR: /usr/bin/time -o time_13_sajjanla_vdhankar.txt -f "%U" python3 homework.py > stulog.txt 2>&1 on vdhankar #####
##### Output of failed program (stdout + stderr): #####
Traceback (most recent call last):
  File "homework.py", line 546, in <module>
    print(end-start)
NameError: name 'end' is not defined
##### End of output of failed program #####
##### vdhankar plays [E h2 g3] in 12.4666290283203s #####
##### Running: /usr/lib/jvm/jdk-14.0.1/bin/java -jar /lab/itti/projects/checkers-competition/server/referee.jar on run_13_sajjanla_vdhankar #####
Move is valid
##### SUCCESS: /usr/lib/jvm/jdk-14.0.1/bin/java -jar /lab/itti/projects/checkers-competition/server/referee.jar on run_13_sajjanla_vdhankar #####
INPUT for sajjanla:
GAME
BLACK
297.79
.b.b.b.b
b.b.b.b.
.....b.b
b.b.....
.......w
w.w.w.w.
.w.w.w..
w.w.w.w.
##### Running: /usr/bin/time -o time_13_sajjanla_vdhankar.txt -f "%U" /usr/lib/jvm/jdk-14.0.1/bin/java homework > stulog.txt 2>&1 on sajjanla #####
##### SUCCESS: /usr/bin/time -o time_13_sajjanla_vdhankar.txt -f "%U" /usr/lib/jvm/jdk-14.0.1/bin/java homework > stulog.txt 2>&1 on sajjanla #####
##### sajjanla plays [E c7 b6] in 0.97s #####
##### Running: /usr/lib/jvm/jdk-14.0.1/bin/java -jar /lab/itti/projects/checkers-competition/server/referee.jar on run_13_sajjanla_vdhankar #####
Move is valid
##### SUCCESS: /usr/lib/jvm/jdk-14.0.1/bin/java -jar /lab/itti/projects/checkers-competition/server/referee.jar on run_13_sajjanla_vdhankar #####
INPUT for vdhankar:
GAME
WHITE
274.20419716835
.b.b.b.b
b...b.b.
.b...b.b
b.b.....
.......w
w.w.w.w.
.w.w.w..
w.w.w.w.
##### Running: /usr/bin/time -o time_13_sajjanla_vdhankar.txt -f "%U" python3 homework.py > stulog.txt 2>&1 on vdhankar #####
child exited with value 1
##### ERROR: /usr/bin/time -o time_13_sajjanla_vdhankar.txt -f "%U" python3 homework.py > stulog.txt 2>&1 on vdhankar #####
##### Output of failed program (stdout + stderr): #####
Traceback (most recent call last):
  File "homework.py", line 546, in <module>
    print(end-start)
NameError: name 'end' is not defined
##### End of output of failed program #####
##### vdhankar plays [E e3 f4] in 8.65933990478516s #####
##### Running: /usr/lib/jvm/jdk-14.0.1/bin/java -jar /lab/itti/projects/checkers-competition/server/referee.jar on run_13_sajjanla_vdhankar #####
Move is valid
##### SUCCESS: /usr/lib/jvm/jdk-14.0.1/bin/java -jar /lab/itti/projects/checkers-competition/server/referee.jar on run_13_sajjanla_vdhankar #####
INPUT for sajjanla:
GAME
BLACK
296.82
.b.b.b.b
b...b.b.
.b...b.b
b.b.....
.....w.w
w.w...w.
.w.w.w..
w.w.w.w.
##### Running: /usr/bin/time -o time_13_sajjanla_vdhankar.txt -f "%U" /usr/lib/jvm/jdk-14.0.1/bin/java homework > stulog.txt 2>&1 on sajjanla #####
##### SUCCESS: /usr/bin/time -o time_13_sajjanla_vdhankar.txt -f "%U" /usr/lib/jvm/jdk-14.0.1/bin/java homework > stulog.txt 2>&1 on sajjanla #####
##### sajjanla plays [E b8 c7] in 0.79s #####
##### Running: /usr/lib/jvm/jdk-14.0.1/bin/java -jar /lab/itti/projects/checkers-competition/server/referee.jar on run_13_sajjanla_vdhankar #####
Move is valid
##### SUCCESS: /usr/lib/jvm/jdk-14.0.1/bin/java -jar /lab/itti/projects/checkers-competition/server/referee.jar on run_13_sajjanla_vdhankar #####
INPUT for vdhankar:
GAME
WHITE
265.544857263565
...b.b.b
b.b.b.b.
.b...b.b
b.b.....
.....w.w
w.w...w.
.w.w.w..
w.w.w.w.
##### Running: /usr/bin/time -o time_13_sajjanla_vdhankar.txt -f "%U" python3 homework.py > stulog.txt 2>&1 on vdhankar #####
child exited with value 1
##### ERROR: /usr/bin/time -o time_13_sajjanla_vdhankar.txt -f "%U" python3 homework.py > stulog.txt 2>&1 on vdhankar #####
##### Output of failed program (stdout + stderr): #####
Traceback (most recent call last):
  File "homework.py", line 546, in <module>
    print(end-start)
NameError: name 'end' is not defined
##### End of output of failed program #####
##### vdhankar plays [E c3 b4] in 2.2146270275116s #####
##### Running: /usr/lib/jvm/jdk-14.0.1/bin/java -jar /lab/itti/projects/checkers-competition/server/referee.jar on run_13_sajjanla_vdhankar #####
Move is valid
##### SUCCESS: /usr/lib/jvm/jdk-14.0.1/bin/java -jar /lab/itti/projects/checkers-competition/server/referee.jar on run_13_sajjanla_vdhankar #####
INPUT for sajjanla:
GAME
BLACK
296.03
...b.b.b
b.b.b.b.
.b...b.b
b.b.....
.w...w.w
w.....w.
.w.w.w..
w.w.w.w.
##### Running: /usr/bin/time -o time_13_sajjanla_vdhankar.txt -f "%U" /usr/lib/jvm/jdk-14.0.1/bin/java homework > stulog.txt 2>&1 on sajjanla #####
##### SUCCESS: /usr/bin/time -o time_13_sajjanla_vdhankar.txt -f "%U" /usr/lib/jvm/jdk-14.0.1/bin/java homework > stulog.txt 2>&1 on sajjanla #####
##### sajjanla plays [E a5 c3] in 0.35s #####
##### Running: /usr/lib/jvm/jdk-14.0.1/bin/java -jar /lab/itti/projects/checkers-competition/server/referee.jar on run_13_sajjanla_vdhankar #####
Move is valid
##### SUCCESS: /usr/lib/jvm/jdk-14.0.1/bin/java -jar /lab/itti/projects/checkers-competition/server/referee.jar on run_13_sajjanla_vdhankar #####
INPUT for vdhankar:
GAME
WHITE
263.330230236053
...b.b.b
b.b.b.b.
.b...b.b
..b.....
.w...w.w
w.b...w.
.w.w.w..
w.w.w.w.
##### Running: /usr/bin/time -o time_13_sajjanla_vdhankar.txt -f "%U" python3 homework.py > stulog.txt 2>&1 on vdhankar #####
child exited with value 1
##### ERROR: /usr/bin/time -o time_13_sajjanla_vdhankar.txt -f "%U" python3 homework.py > stulog.txt 2>&1 on vdhankar #####
##### Output of failed program (stdout + stderr): #####
Traceback (most recent call last):
  File "homework.py", line 546, in <module>
    print(end-start)
NameError: name 'end' is not defined
##### End of output of failed program #####
##### vdhankar plays [J b4 d6 ; J d6 b8] in 2.07355809211731s #####
##### Running: /usr/lib/jvm/jdk-14.0.1/bin/java -jar /lab/itti/projects/checkers-competition/server/referee.jar on run_13_sajjanla_vdhankar #####
Move is valid
##### SUCCESS: /usr/lib/jvm/jdk-14.0.1/bin/java -jar /lab/itti/projects/checkers-competition/server/referee.jar on run_13_sajjanla_vdhankar #####
INPUT for sajjanla:
GAME
BLACK
295.68
.W.b.b.b
b...b.b.
.b...b.b
........
.....w.w
w.b...w.
.w.w.w..
w.w.w.w.
##### Running: /usr/bin/time -o time_13_sajjanla_vdhankar.txt -f "%U" /usr/lib/jvm/jdk-14.0.1/bin/java homework > stulog.txt 2>&1 on sajjanla #####
##### SUCCESS: /usr/bin/time -o time_13_sajjanla_vdhankar.txt -f "%U" /usr/lib/jvm/jdk-14.0.1/bin/java homework > stulog.txt 2>&1 on sajjanla #####
##### sajjanla plays [E b6 a5] in 0.58s #####
##### Running: /usr/lib/jvm/jdk-14.0.1/bin/java -jar /lab/itti/projects/checkers-competition/server/referee.jar on run_13_sajjanla_vdhankar #####
Move is valid
##### SUCCESS: /usr/lib/jvm/jdk-14.0.1/bin/java -jar /lab/itti/projects/checkers-competition/server/referee.jar on run_13_sajjanla_vdhankar #####
INPUT for vdhankar:
GAME
WHITE
261.256672143936
.W.b.b.b
b...b.b.
.....b.b
b.......
.....w.w
w.b...w.
.w.w.w..
w.w.w.w.
##### Running: /usr/bin/time -o time_13_sajjanla_vdhankar.txt -f "%U" python3 homework.py > stulog.txt 2>&1 on vdhankar #####
child exited with value 1
##### ERROR: /usr/bin/time -o time_13_sajjanla_vdhankar.txt -f "%U" python3 homework.py > stulog.txt 2>&1 on vdhankar #####
##### Output of failed program (stdout + stderr): #####
Traceback (most recent call last):
  File "homework.py", line 546, in <module>
    print(end-start)
NameError: name 'end' is not defined
##### End of output of failed program #####
##### vdhankar plays [J d2 b4] in 0.738630771636963s #####
##### Running: /usr/lib/jvm/jdk-14.0.1/bin/java -jar /lab/itti/projects/checkers-competition/server/referee.jar on run_13_sajjanla_vdhankar #####
Move is valid
##### SUCCESS: /usr/lib/jvm/jdk-14.0.1/bin/java -jar /lab/itti/projects/checkers-competition/server/referee.jar on run_13_sajjanla_vdhankar #####
INPUT for sajjanla:
GAME
BLACK
295.1
.W.b.b.b
b...b.b.
.....b.b
b.......
.w...w.w
w.....w.
.w...w..
w.w.w.w.
##### Running: /usr/bin/time -o time_13_sajjanla_vdhankar.txt -f "%U" /usr/lib/jvm/jdk-14.0.1/bin/java homework > stulog.txt 2>&1 on sajjanla #####
##### SUCCESS: /usr/bin/time -o time_13_sajjanla_vdhankar.txt -f "%U" /usr/lib/jvm/jdk-14.0.1/bin/java homework > stulog.txt 2>&1 on sajjanla #####
##### sajjanla plays [E a5 c3] in 0.54s #####
##### Running: /usr/lib/jvm/jdk-14.0.1/bin/java -jar /lab/itti/projects/checkers-competition/server/referee.jar on run_13_sajjanla_vdhankar #####
Move is valid
##### SUCCESS: /usr/lib/jvm/jdk-14.0.1/bin/java -jar /lab/itti/projects/checkers-competition/server/referee.jar on run_13_sajjanla_vdhankar #####
INPUT for vdhankar:
GAME
WHITE
260.518041372299
.W.b.b.b
b...b.b.
.....b.b
........
.w...w.w
w.b...w.
.w...w..
w.w.w.w.
##### Running: /usr/bin/time -o time_13_sajjanla_vdhankar.txt -f "%U" python3 homework.py > stulog.txt 2>&1 on vdhankar #####
child exited with value 1
##### ERROR: /usr/bin/time -o time_13_sajjanla_vdhankar.txt -f "%U" python3 homework.py > stulog.txt 2>&1 on vdhankar #####
##### Output of failed program (stdout + stderr): #####
Traceback (most recent call last):
  File "homework.py", line 546, in <module>
    print(end-start)
NameError: name 'end' is not defined
##### End of output of failed program #####
##### vdhankar plays [J b2 d4] in 0.695126056671143s #####
##### Running: /usr/lib/jvm/jdk-14.0.1/bin/java -jar /lab/itti/projects/checkers-competition/server/referee.jar on run_13_sajjanla_vdhankar #####
Move is valid
##### SUCCESS: /usr/lib/jvm/jdk-14.0.1/bin/java -jar /lab/itti/projects/checkers-competition/server/referee.jar on run_13_sajjanla_vdhankar #####
INPUT for sajjanla:
GAME
BLACK
294.56
.W.b.b.b
b...b.b.
.....b.b
........
.w.w.w.w
w.....w.
.....w..
w.w.w.w.
##### Running: /usr/bin/time -o time_13_sajjanla_vdhankar.txt -f "%U" /usr/lib/jvm/jdk-14.0.1/bin/java homework > stulog.txt 2>&1 on sajjanla #####
##### SUCCESS: /usr/bin/time -o time_13_sajjanla_vdhankar.txt -f "%U" /usr/lib/jvm/jdk-14.0.1/bin/java homework > stulog.txt 2>&1 on sajjanla #####
##### sajjanla plays [E a7 b6] in 0.75s #####
##### Running: /usr/lib/jvm/jdk-14.0.1/bin/java -jar /lab/itti/projects/checkers-competition/server/referee.jar on run_13_sajjanla_vdhankar #####
Move is valid
##### SUCCESS: /usr/lib/jvm/jdk-14.0.1/bin/java -jar /lab/itti/projects/checkers-competition/server/referee.jar on run_13_sajjanla_vdhankar #####
INPUT for vdhankar:
GAME
WHITE
259.822915315628
.W.b.b.b
....b.b.
.b...b.b
........
.w.w.w.w
w.....w.
.....w..
w.w.w.w.
##### Running: /usr/bin/time -o time_13_sajjanla_vdhankar.txt -f "%U" python3 homework.py > stulog.txt 2>&1 on vdhankar #####
child exited with value 1
##### ERROR: /usr/bin/time -o time_13_sajjanla_vdhankar.txt -f "%U" python3 homework.py > stulog.txt 2>&1 on vdhankar #####
##### Output of failed program (stdout + stderr): #####
Traceback (most recent call last):
  File "homework.py", line 546, in <module>
    print(end-start)
NameError: name 'end' is not defined
##### End of output of failed program #####
##### vdhankar plays [E b4 c5] in 6.89987397193909s #####
##### Running: /usr/lib/jvm/jdk-14.0.1/bin/java -jar /lab/itti/projects/checkers-competition/server/referee.jar on run_13_sajjanla_vdhankar #####
Move is valid
##### SUCCESS: /usr/lib/jvm/jdk-14.0.1/bin/java -jar /lab/itti/projects/checkers-competition/server/referee.jar on run_13_sajjanla_vdhankar #####
INPUT for sajjanla:
GAME
BLACK
293.81
.W.b.b.b
....b.b.
.b...b.b
..w.....
...w.w.w
w.....w.
.....w..
w.w.w.w.
##### Running: /usr/bin/time -o time_13_sajjanla_vdhankar.txt -f "%U" /usr/lib/jvm/jdk-14.0.1/bin/java homework > stulog.txt 2>&1 on sajjanla #####
##### SUCCESS: /usr/bin/time -o time_13_sajjanla_vdhankar.txt -f "%U" /usr/lib/jvm/jdk-14.0.1/bin/java homework > stulog.txt 2>&1 on sajjanla #####
##### sajjanla plays [E b6 a5] in 0.62s #####
##### Running: /usr/lib/jvm/jdk-14.0.1/bin/java -jar /lab/itti/projects/checkers-competition/server/referee.jar on run_13_sajjanla_vdhankar #####
Move is valid
##### SUCCESS: /usr/lib/jvm/jdk-14.0.1/bin/java -jar /lab/itti/projects/checkers-competition/server/referee.jar on run_13_sajjanla_vdhankar #####
INPUT for vdhankar:
GAME
WHITE
252.923041343689
.W.b.b.b
....b.b.
.....b.b
b.w.....
...w.w.w
w.....w.
.....w..
w.w.w.w.
##### Running: /usr/bin/time -o time_13_sajjanla_vdhankar.txt -f "%U" python3 homework.py > stulog.txt 2>&1 on vdhankar #####
child exited with value 1
##### ERROR: /usr/bin/time -o time_13_sajjanla_vdhankar.txt -f "%U" python3 homework.py > stulog.txt 2>&1 on vdhankar #####
##### Output of failed program (stdout + stderr): #####
Traceback (most recent call last):
  File "homework.py", line 546, in <module>
    print(end-start)
NameError: name 'end' is not defined
##### End of output of failed program #####
##### vdhankar plays [E f4 e5] in 12.1366438865662s #####
##### Running: /usr/lib/jvm/jdk-14.0.1/bin/java -jar /lab/itti/projects/checkers-competition/server/referee.jar on run_13_sajjanla_vdhankar #####
Move is valid
##### SUCCESS: /usr/lib/jvm/jdk-14.0.1/bin/java -jar /lab/itti/projects/checkers-competition/server/referee.jar on run_13_sajjanla_vdhankar #####
INPUT for sajjanla:
GAME
BLACK
293.19
.W.b.b.b
....b.b.
.....b.b
b.w.w...
...w...w
w.....w.
.....w..
w.w.w.w.
##### Running: /usr/bin/time -o time_13_sajjanla_vdhankar.txt -f "%U" /usr/lib/jvm/jdk-14.0.1/bin/java homework > stulog.txt 2>&1 on sajjanla #####
##### SUCCESS: /usr/bin/time -o time_13_sajjanla_vdhankar.txt -f "%U" /usr/lib/jvm/jdk-14.0.1/bin/java homework > stulog.txt 2>&1 on sajjanla #####
##### sajjanla plays [E a5 b4] in 0.77s #####
##### Running: /usr/lib/jvm/jdk-14.0.1/bin/java -jar /lab/itti/projects/checkers-competition/server/referee.jar on run_13_sajjanla_vdhankar #####
Move is valid
##### SUCCESS: /usr/lib/jvm/jdk-14.0.1/bin/java -jar /lab/itti/projects/checkers-competition/server/referee.jar on run_13_sajjanla_vdhankar #####
INPUT for vdhankar:
GAME
WHITE
240.786397457123
.W.b.b.b
....b.b.
.....b.b
..w.w...
.b.w...w
w.....w.
.....w..
w.w.w.w.
##### Running: /usr/bin/time -o time_13_sajjanla_vdhankar.txt -f "%U" python3 homework.py > stulog.txt 2>&1 on vdhankar #####
child exited with value 1
##### ERROR: /usr/bin/time -o time_13_sajjanla_vdhankar.txt -f "%U" python3 homework.py > stulog.txt 2>&1 on vdhankar #####
##### Output of failed program (stdout + stderr): #####
Traceback (most recent call last):
  File "homework.py", line 546, in <module>
    print(end-start)
NameError: name 'end' is not defined
##### End of output of failed program #####
##### vdhankar plays [E b8 c7] in 5.08620095252991s #####
##### Running: /usr/lib/jvm/jdk-14.0.1/bin/java -jar /lab/itti/projects/checkers-competition/server/referee.jar on run_13_sajjanla_vdhankar #####
Move is valid
##### SUCCESS: /usr/lib/jvm/jdk-14.0.1/bin/java -jar /lab/itti/projects/checkers-competition/server/referee.jar on run_13_sajjanla_vdhankar #####
INPUT for sajjanla:
GAME
BLACK
292.42
...b.b.b
..W.b.b.
.....b.b
..w.w...
.b.w...w
w.....w.
.....w..
w.w.w.w.
##### Running: /usr/bin/time -o time_13_sajjanla_vdhankar.txt -f "%U" /usr/lib/jvm/jdk-14.0.1/bin/java homework > stulog.txt 2>&1 on sajjanla #####
##### SUCCESS: /usr/bin/time -o time_13_sajjanla_vdhankar.txt -f "%U" /usr/lib/jvm/jdk-14.0.1/bin/java homework > stulog.txt 2>&1 on sajjanla #####
##### sajjanla plays [E d8 b6] in 0.27s #####
##### Running: /usr/lib/jvm/jdk-14.0.1/bin/java -jar /lab/itti/projects/checkers-competition/server/referee.jar on run_13_sajjanla_vdhankar #####
Move is valid
##### SUCCESS: /usr/lib/jvm/jdk-14.0.1/bin/java -jar /lab/itti/projects/checkers-competition/server/referee.jar on run_13_sajjanla_vdhankar #####
INPUT for vdhankar:
GAME
WHITE
235.700196504593
.....b.b
..W.b.b.
.b...b.b
..w.w...
.b.w...w
w.....w.
.....w..
w.w.w.w.
##### Running: /usr/bin/time -o time_13_sajjanla_vdhankar.txt -f "%U" python3 homework.py > stulog.txt 2>&1 on vdhankar #####
child exited with value 1
##### ERROR: /usr/bin/time -o time_13_sajjanla_vdhankar.txt -f "%U" python3 homework.py > stulog.txt 2>&1 on vdhankar #####
##### Output of failed program (stdout + stderr): #####
Traceback (most recent call last):
  File "homework.py", line 546, in <module>
    print(end-start)
NameError: name 'end' is not defined
##### End of output of failed program #####
##### vdhankar plays [J c7 a5 ; J a5 c3] in 1.25109910964966s #####
##### Running: /usr/lib/jvm/jdk-14.0.1/bin/java -jar /lab/itti/projects/checkers-competition/server/referee.jar on run_13_sajjanla_vdhankar #####
Move is valid
##### SUCCESS: /usr/lib/jvm/jdk-14.0.1/bin/java -jar /lab/itti/projects/checkers-competition/server/referee.jar on run_13_sajjanla_vdhankar #####
INPUT for sajjanla:
GAME
BLACK
292.15
.....b.b
....b.b.
.....b.b
..w.w...
...w...w
w.W...w.
.....w..
w.w.w.w.
##### Running: /usr/bin/time -o time_13_sajjanla_vdhankar.txt -f "%U" /usr/lib/jvm/jdk-14.0.1/bin/java homework > stulog.txt 2>&1 on sajjanla #####
##### SUCCESS: /usr/bin/time -o time_13_sajjanla_vdhankar.txt -f "%U" /usr/lib/jvm/jdk-14.0.1/bin/java homework > stulog.txt 2>&1 on sajjanla #####
##### sajjanla plays [E h6 g5] in 0.5s #####
##### Running: /usr/lib/jvm/jdk-14.0.1/bin/java -jar /lab/itti/projects/checkers-competition/server/referee.jar on run_13_sajjanla_vdhankar #####
Move is valid
##### SUCCESS: /usr/lib/jvm/jdk-14.0.1/bin/java -jar /lab/itti/projects/checkers-competition/server/referee.jar on run_13_sajjanla_vdhankar #####
INPUT for vdhankar:
GAME
WHITE
234.449097394943
.....b.b
....b.b.
.....b..
..w.w.b.
...w...w
w.W...w.
.....w..
w.w.w.w.
##### Running: /usr/bin/time -o time_13_sajjanla_vdhankar.txt -f "%U" python3 homework.py > stulog.txt 2>&1 on vdhankar #####
child exited with value 1
##### ERROR: /usr/bin/time -o time_13_sajjanla_vdhankar.txt -f "%U" python3 homework.py > stulog.txt 2>&1 on vdhankar #####
##### Output of failed program (stdout + stderr): #####
Traceback (most recent call last):
  File "homework.py", line 546, in <module>
    print(end-start)
NameError: name 'end' is not defined
##### End of output of failed program #####
##### vdhankar plays [E e5 d6] in 6.47865009307861s #####
##### Running: /usr/lib/jvm/jdk-14.0.1/bin/java -jar /lab/itti/projects/checkers-competition/server/referee.jar on run_13_sajjanla_vdhankar #####
Move is valid
##### SUCCESS: /usr/lib/jvm/jdk-14.0.1/bin/java -jar /lab/itti/projects/checkers-competition/server/referee.jar on run_13_sajjanla_vdhankar #####
INPUT for sajjanla:
GAME
BLACK
291.65
.....b.b
....b.b.
...w.b..
..w...b.
...w...w
w.W...w.
.....w..
w.w.w.w.
##### Running: /usr/bin/time -o time_13_sajjanla_vdhankar.txt -f "%U" /usr/lib/jvm/jdk-14.0.1/bin/java homework > stulog.txt 2>&1 on sajjanla #####
##### SUCCESS: /usr/bin/time -o time_13_sajjanla_vdhankar.txt -f "%U" /usr/lib/jvm/jdk-14.0.1/bin/java homework > stulog.txt 2>&1 on sajjanla #####
##### sajjanla plays [E g7 h6] in 0.43s #####
##### Running: /usr/lib/jvm/jdk-14.0.1/bin/java -jar /lab/itti/projects/checkers-competition/server/referee.jar on run_13_sajjanla_vdhankar #####
Move is valid
##### SUCCESS: /usr/lib/jvm/jdk-14.0.1/bin/java -jar /lab/itti/projects/checkers-competition/server/referee.jar on run_13_sajjanla_vdhankar #####
INPUT for vdhankar:
GAME
WHITE
227.970447301865
.....b.b
....b...
...w.b.b
..w...b.
...w...w
w.W...w.
.....w..
w.w.w.w.
##### Running: /usr/bin/time -o time_13_sajjanla_vdhankar.txt -f "%U" python3 homework.py > stulog.txt 2>&1 on vdhankar #####
child exited with value 1
##### ERROR: /usr/bin/time -o time_13_sajjanla_vdhankar.txt -f "%U" python3 homework.py > stulog.txt 2>&1 on vdhankar #####
##### Output of failed program (stdout + stderr): #####
Traceback (most recent call last):
  File "homework.py", line 546, in <module>
    print(end-start)
NameError: name 'end' is not defined
##### End of output of failed program #####
##### vdhankar plays [E f2 e3] in 6.34822988510132s #####
##### Running: /usr/lib/jvm/jdk-14.0.1/bin/java -jar /lab/itti/projects/checkers-competition/server/referee.jar on run_13_sajjanla_vdhankar #####
Move is valid
##### SUCCESS: /usr/lib/jvm/jdk-14.0.1/bin/java -jar /lab/itti/projects/checkers-competition/server/referee.jar on run_13_sajjanla_vdhankar #####
INPUT for sajjanla:
GAME
BLACK
291.22
.....b.b
....b...
...w.b.b
..w...b.
...w...w
w.W.w.w.
........
w.w.w.w.
##### Running: /usr/bin/time -o time_13_sajjanla_vdhankar.txt -f "%U" /usr/lib/jvm/jdk-14.0.1/bin/java homework > stulog.txt 2>&1 on sajjanla #####
##### SUCCESS: /usr/bin/time -o time_13_sajjanla_vdhankar.txt -f "%U" /usr/lib/jvm/jdk-14.0.1/bin/java homework > stulog.txt 2>&1 on sajjanla #####
##### sajjanla plays [E f8 g7] in 0.76s #####
##### Running: /usr/lib/jvm/jdk-14.0.1/bin/java -jar /lab/itti/projects/checkers-competition/server/referee.jar on run_13_sajjanla_vdhankar #####
Move is valid
##### SUCCESS: /usr/lib/jvm/jdk-14.0.1/bin/java -jar /lab/itti/projects/checkers-competition/server/referee.jar on run_13_sajjanla_vdhankar #####
INPUT for vdhankar:
GAME
WHITE
221.622217416763
.......b
....b.b.
...w.b.b
..w...b.
...w...w
w.W.w.w.
........
w.w.w.w.
##### Running: /usr/bin/time -o time_13_sajjanla_vdhankar.txt -f "%U" python3 homework.py > stulog.txt 2>&1 on vdhankar #####
child exited with value 1
##### ERROR: /usr/bin/time -o time_13_sajjanla_vdhankar.txt -f "%U" python3 homework.py > stulog.txt 2>&1 on vdhankar #####
##### Output of failed program (stdout + stderr): #####
Traceback (most recent call last):
  File "homework.py", line 546, in <module>
    print(end-start)
NameError: name 'end' is not defined
##### End of output of failed program #####
##### vdhankar plays [J d6 f8] in 0.697140216827393s #####
##### Running: /usr/lib/jvm/jdk-14.0.1/bin/java -jar /lab/itti/projects/checkers-competition/server/referee.jar on run_13_sajjanla_vdhankar #####
Move is valid
##### SUCCESS: /usr/lib/jvm/jdk-14.0.1/bin/java -jar /lab/itti/projects/checkers-competition/server/referee.jar on run_13_sajjanla_vdhankar #####
INPUT for sajjanla:
GAME
BLACK
290.46
.....W.b
......b.
.....b.b
..w...b.
...w...w
w.W.w.w.
........
w.w.w.w.
##### Running: /usr/bin/time -o time_13_sajjanla_vdhankar.txt -f "%U" /usr/lib/jvm/jdk-14.0.1/bin/java homework > stulog.txt 2>&1 on sajjanla #####
##### SUCCESS: /usr/bin/time -o time_13_sajjanla_vdhankar.txt -f "%U" /usr/lib/jvm/jdk-14.0.1/bin/java homework > stulog.txt 2>&1 on sajjanla #####
##### sajjanla plays [E f6 e5] in 0.37s #####
##### Running: /usr/lib/jvm/jdk-14.0.1/bin/java -jar /lab/itti/projects/checkers-competition/server/referee.jar on run_13_sajjanla_vdhankar #####
Move is valid
##### SUCCESS: /usr/lib/jvm/jdk-14.0.1/bin/java -jar /lab/itti/projects/checkers-competition/server/referee.jar on run_13_sajjanla_vdhankar #####
INPUT for vdhankar:
GAME
WHITE
220.925077199936
.....W.b
......b.
.......b
..w.b.b.
...w...w
w.W.w.w.
........
w.w.w.w.
##### Running: /usr/bin/time -o time_13_sajjanla_vdhankar.txt -f "%U" python3 homework.py > stulog.txt 2>&1 on vdhankar #####
child exited with value 1
##### ERROR: /usr/bin/time -o time_13_sajjanla_vdhankar.txt -f "%U" python3 homework.py > stulog.txt 2>&1 on vdhankar #####
##### Output of failed program (stdout + stderr): #####
Traceback (most recent call last):
  File "homework.py", line 546, in <module>
    print(end-start)
NameError: name 'end' is not defined
##### End of output of failed program #####
##### vdhankar plays [J h4 f6] in 0.671780109405518s #####
##### Running: /usr/lib/jvm/jdk-14.0.1/bin/java -jar /lab/itti/projects/checkers-competition/server/referee.jar on run_13_sajjanla_vdhankar #####
Move is valid
##### SUCCESS: /usr/lib/jvm/jdk-14.0.1/bin/java -jar /lab/itti/projects/checkers-competition/server/referee.jar on run_13_sajjanla_vdhankar #####
INPUT for sajjanla:
GAME
BLACK
290.09
.....W.b
......b.
.....w.b
..w.b...
...w....
w.W.w.w.
........
w.w.w.w.
##### Running: /usr/bin/time -o time_13_sajjanla_vdhankar.txt -f "%U" /usr/lib/jvm/jdk-14.0.1/bin/java homework > stulog.txt 2>&1 on sajjanla #####
##### SUCCESS: /usr/bin/time -o time_13_sajjanla_vdhankar.txt -f "%U" /usr/lib/jvm/jdk-14.0.1/bin/java homework > stulog.txt 2>&1 on sajjanla #####
##### sajjanla plays [E e5 f4] in 0.24s #####
##### Running: /usr/lib/jvm/jdk-14.0.1/bin/java -jar /lab/itti/projects/checkers-competition/server/referee.jar on run_13_sajjanla_vdhankar #####
Move is valid
##### SUCCESS: /usr/lib/jvm/jdk-14.0.1/bin/java -jar /lab/itti/projects/checkers-competition/server/referee.jar on run_13_sajjanla_vdhankar #####
INPUT for vdhankar:
GAME
WHITE
220.25329709053
.....W.b
......b.
.....w.b
..w.....
...w.b..
w.W.w.w.
........
w.w.w.w.
##### Running: /usr/bin/time -o time_13_sajjanla_vdhankar.txt -f "%U" python3 homework.py > stulog.txt 2>&1 on vdhankar #####
child exited with value 1
##### ERROR: /usr/bin/time -o time_13_sajjanla_vdhankar.txt -f "%U" python3 homework.py > stulog.txt 2>&1 on vdhankar #####
##### Output of failed program (stdout + stderr): #####
Traceback (most recent call last):
  File "homework.py", line 546, in <module>
    print(end-start)
NameError: name 'end' is not defined
##### End of output of failed program #####
##### vdhankar plays [J e3 g5] in 0.373624086380005s #####
##### Running: /usr/lib/jvm/jdk-14.0.1/bin/java -jar /lab/itti/projects/checkers-competition/server/referee.jar on run_13_sajjanla_vdhankar #####
Move is valid
##### SUCCESS: /usr/lib/jvm/jdk-14.0.1/bin/java -jar /lab/itti/projects/checkers-competition/server/referee.jar on run_13_sajjanla_vdhankar #####
INPUT for sajjanla:
GAME
BLACK
289.85
.....W.b
......b.
.....w.b
..w...w.
...w....
w.W...w.
........
w.w.w.w.
##### Running: /usr/bin/time -o time_13_sajjanla_vdhankar.txt -f "%U" /usr/lib/jvm/jdk-14.0.1/bin/java homework > stulog.txt 2>&1 on sajjanla #####
##### SUCCESS: /usr/bin/time -o time_13_sajjanla_vdhankar.txt -f "%U" /usr/lib/jvm/jdk-14.0.1/bin/java homework > stulog.txt 2>&1 on sajjanla #####
##### sajjanla plays [E g7 e5] in 0.22s #####
##### Running: /usr/lib/jvm/jdk-14.0.1/bin/java -jar /lab/itti/projects/checkers-competition/server/referee.jar on run_13_sajjanla_vdhankar #####
Move is valid
##### SUCCESS: /usr/lib/jvm/jdk-14.0.1/bin/java -jar /lab/itti/projects/checkers-competition/server/referee.jar on run_13_sajjanla_vdhankar #####
INPUT for vdhankar:
GAME
WHITE
219.87967300415
.....W.b
........
.....w.b
..w.b.w.
...w....
w.W...w.
........
w.w.w.w.
##### Running: /usr/bin/time -o time_13_sajjanla_vdhankar.txt -f "%U" python3 homework.py > stulog.txt 2>&1 on vdhankar #####
child exited with value 1
##### ERROR: /usr/bin/time -o time_13_sajjanla_vdhankar.txt -f "%U" python3 homework.py > stulog.txt 2>&1 on vdhankar #####
##### Output of failed program (stdout + stderr): #####
Traceback (most recent call last):
  File "homework.py", line 546, in <module>
    print(end-start)
NameError: name 'end' is not defined
##### End of output of failed program #####
##### vdhankar plays [E f8 e7] in 0.854002952575684s #####
##### Running: /usr/lib/jvm/jdk-14.0.1/bin/java -jar /lab/itti/projects/checkers-competition/server/referee.jar on run_13_sajjanla_vdhankar #####
Move is valid
##### SUCCESS: /usr/lib/jvm/jdk-14.0.1/bin/java -jar /lab/itti/projects/checkers-competition/server/referee.jar on run_13_sajjanla_vdhankar #####
INPUT for sajjanla:
GAME
BLACK
289.63
.......b
....W...
.....w.b
..w.b.w.
...w....
w.W...w.
........
w.w.w.w.
##### Running: /usr/bin/time -o time_13_sajjanla_vdhankar.txt -f "%U" /usr/lib/jvm/jdk-14.0.1/bin/java homework > stulog.txt 2>&1 on sajjanla #####
##### SUCCESS: /usr/bin/time -o time_13_sajjanla_vdhankar.txt -f "%U" /usr/lib/jvm/jdk-14.0.1/bin/java homework > stulog.txt 2>&1 on sajjanla #####
##### sajjanla plays [J h6 f4 ; J f4 h2] in 0.63s #####
##### Running: /usr/lib/jvm/jdk-14.0.1/bin/java -jar /lab/itti/projects/checkers-competition/server/referee.jar on run_13_sajjanla_vdhankar #####
Move is valid
##### SUCCESS: /usr/lib/jvm/jdk-14.0.1/bin/java -jar /lab/itti/projects/checkers-competition/server/referee.jar on run_13_sajjanla_vdhankar #####
INPUT for vdhankar:
GAME
WHITE
219.025670051575
.......b
....W...
.....w..
..w.b...
...w....
w.W.....
.......b
w.w.w.w.
##### Running: /usr/bin/time -o time_13_sajjanla_vdhankar.txt -f "%U" python3 homework.py > stulog.txt 2>&1 on vdhankar #####
child exited with value 1
##### ERROR: /usr/bin/time -o time_13_sajjanla_vdhankar.txt -f "%U" python3 homework.py > stulog.txt 2>&1 on vdhankar #####
##### Output of failed program (stdout + stderr): #####
Traceback (most recent call last):
  File "homework.py", line 546, in <module>
    print(end-start)
NameError: name 'end' is not defined
##### End of output of failed program #####
##### vdhankar plays [E e7 d8] in 1.65320110321045s #####
##### Running: /usr/lib/jvm/jdk-14.0.1/bin/java -jar /lab/itti/projects/checkers-competition/server/referee.jar on run_13_sajjanla_vdhankar #####
Move is valid
##### SUCCESS: /usr/lib/jvm/jdk-14.0.1/bin/java -jar /lab/itti/projects/checkers-competition/server/referee.jar on run_13_sajjanla_vdhankar #####
INPUT for sajjanla:
GAME
BLACK
289
...W...b
........
.....w..
..w.b...
...w....
w.W.....
.......b
w.w.w.w.
##### Running: /usr/bin/time -o time_13_sajjanla_vdhankar.txt -f "%U" /usr/lib/jvm/jdk-14.0.1/bin/java homework > stulog.txt 2>&1 on sajjanla #####
##### SUCCESS: /usr/bin/time -o time_13_sajjanla_vdhankar.txt -f "%U" /usr/lib/jvm/jdk-14.0.1/bin/java homework > stulog.txt 2>&1 on sajjanla #####
##### sajjanla plays [E e5 f4] in 0.38s #####
##### Running: /usr/lib/jvm/jdk-14.0.1/bin/java -jar /lab/itti/projects/checkers-competition/server/referee.jar on run_13_sajjanla_vdhankar #####
Move is valid
##### SUCCESS: /usr/lib/jvm/jdk-14.0.1/bin/java -jar /lab/itti/projects/checkers-competition/server/referee.jar on run_13_sajjanla_vdhankar #####
INPUT for vdhankar:
GAME
WHITE
217.372468948364
...W...b
........
.....w..
..w.....
...w.b..
w.W.....
.......b
w.w.w.w.
##### Running: /usr/bin/time -o time_13_sajjanla_vdhankar.txt -f "%U" python3 homework.py > stulog.txt 2>&1 on vdhankar #####
child exited with value 1
##### ERROR: /usr/bin/time -o time_13_sajjanla_vdhankar.txt -f "%U" python3 homework.py > stulog.txt 2>&1 on vdhankar #####
##### Output of failed program (stdout + stderr): #####
Traceback (most recent call last):
  File "homework.py", line 546, in <module>
    print(end-start)
NameError: name 'end' is not defined
##### End of output of failed program #####
##### vdhankar plays [E d8 c7] in 0.373682975769043s #####
##### Running: /usr/lib/jvm/jdk-14.0.1/bin/java -jar /lab/itti/projects/checkers-competition/server/referee.jar on run_13_sajjanla_vdhankar #####
Move is valid
##### SUCCESS: /usr/lib/jvm/jdk-14.0.1/bin/java -jar /lab/itti/projects/checkers-competition/server/referee.jar on run_13_sajjanla_vdhankar #####
INPUT for sajjanla:
GAME
BLACK
288.62
.......b
..W.....
.....w..
..w.....
...w.b..
w.W.....
.......b
w.w.w.w.
##### Running: /usr/bin/time -o time_13_sajjanla_vdhankar.txt -f "%U" /usr/lib/jvm/jdk-14.0.1/bin/java homework > stulog.txt 2>&1 on sajjanla #####
##### SUCCESS: /usr/bin/time -o time_13_sajjanla_vdhankar.txt -f "%U" /usr/lib/jvm/jdk-14.0.1/bin/java homework > stulog.txt 2>&1 on sajjanla #####
##### sajjanla plays [E f4 e3] in 0.88s #####
##### Running: /usr/lib/jvm/jdk-14.0.1/bin/java -jar /lab/itti/projects/checkers-competition/server/referee.jar on run_13_sajjanla_vdhankar #####
Move is valid
##### SUCCESS: /usr/lib/jvm/jdk-14.0.1/bin/java -jar /lab/itti/projects/checkers-competition/server/referee.jar on run_13_sajjanla_vdhankar #####
INPUT for vdhankar:
GAME
WHITE
216.998785972595
.......b
..W.....
.....w..
..w.....
...w....
w.W.b...
.......b
w.w.w.w.
##### Running: /usr/bin/time -o time_13_sajjanla_vdhankar.txt -f "%U" python3 homework.py > stulog.txt 2>&1 on vdhankar #####
child exited with value 1
##### ERROR: /usr/bin/time -o time_13_sajjanla_vdhankar.txt -f "%U" python3 homework.py > stulog.txt 2>&1 on vdhankar #####
##### Output of failed program (stdout + stderr): #####
Traceback (most recent call last):
  File "homework.py", line 546, in <module>
    print(end-start)
NameError: name 'end' is not defined
##### End of output of failed program #####
##### vdhankar plays [E c7 b8] in 0.334484815597534s #####
##### Running: /usr/lib/jvm/jdk-14.0.1/bin/java -jar /lab/itti/projects/checkers-competition/server/referee.jar on run_13_sajjanla_vdhankar #####
Move is valid
##### SUCCESS: /usr/lib/jvm/jdk-14.0.1/bin/java -jar /lab/itti/projects/checkers-competition/server/referee.jar on run_13_sajjanla_vdhankar #####
INPUT for sajjanla:
GAME
BLACK
287.74
.W.....b
........
.....w..
..w.....
...w....
w.W.b...
.......b
w.w.w.w.
##### Running: /usr/bin/time -o time_13_sajjanla_vdhankar.txt -f "%U" /usr/lib/jvm/jdk-14.0.1/bin/java homework > stulog.txt 2>&1 on sajjanla #####
##### SUCCESS: /usr/bin/time -o time_13_sajjanla_vdhankar.txt -f "%U" /usr/lib/jvm/jdk-14.0.1/bin/java homework > stulog.txt 2>&1 on sajjanla #####
##### sajjanla plays [E e3 d2] in 0.29s #####
##### Running: /usr/lib/jvm/jdk-14.0.1/bin/java -jar /lab/itti/projects/checkers-competition/server/referee.jar on run_13_sajjanla_vdhankar #####
Move is valid
##### SUCCESS: /usr/lib/jvm/jdk-14.0.1/bin/java -jar /lab/itti/projects/checkers-competition/server/referee.jar on run_13_sajjanla_vdhankar #####
INPUT for vdhankar:
GAME
WHITE
216.664301156998
.W.....b
........
.....w..
..w.....
...w....
w.W.....
...b...b
w.w.w.w.
##### Running: /usr/bin/time -o time_13_sajjanla_vdhankar.txt -f "%U" python3 homework.py > stulog.txt 2>&1 on vdhankar #####
child exited with value 1
##### ERROR: /usr/bin/time -o time_13_sajjanla_vdhankar.txt -f "%U" python3 homework.py > stulog.txt 2>&1 on vdhankar #####
##### Output of failed program (stdout + stderr): #####
Traceback (most recent call last):
  File "homework.py", line 546, in <module>
    print(end-start)
NameError: name 'end' is not defined
##### End of output of failed program #####
##### vdhankar plays [J c1 e3] in 0.33223295211792s #####
##### Running: /usr/lib/jvm/jdk-14.0.1/bin/java -jar /lab/itti/projects/checkers-competition/server/referee.jar on run_13_sajjanla_vdhankar #####
Move is valid
##### SUCCESS: /usr/lib/jvm/jdk-14.0.1/bin/java -jar /lab/itti/projects/checkers-competition/server/referee.jar on run_13_sajjanla_vdhankar #####
INPUT for sajjanla:
GAME
BLACK
287.45
.W.....b
........
.....w..
..w.....
...w....
w.W.w...
.......b
w...w.w.
##### Running: /usr/bin/time -o time_13_sajjanla_vdhankar.txt -f "%U" /usr/lib/jvm/jdk-14.0.1/bin/java homework > stulog.txt 2>&1 on sajjanla #####
##### SUCCESS: /usr/bin/time -o time_13_sajjanla_vdhankar.txt -f "%U" /usr/lib/jvm/jdk-14.0.1/bin/java homework > stulog.txt 2>&1 on sajjanla #####
##### sajjanla plays [E h8 g7] in 0.21s #####
##### Running: /usr/lib/jvm/jdk-14.0.1/bin/java -jar /lab/itti/projects/checkers-competition/server/referee.jar on run_13_sajjanla_vdhankar #####
Move is valid
##### SUCCESS: /usr/lib/jvm/jdk-14.0.1/bin/java -jar /lab/itti/projects/checkers-competition/server/referee.jar on run_13_sajjanla_vdhankar #####
INPUT for vdhankar:
GAME
WHITE
216.33206820488
.W......
......b.
.....w..
..w.....
...w....
w.W.w...
.......b
w...w.w.
##### Running: /usr/bin/time -o time_13_sajjanla_vdhankar.txt -f "%U" python3 homework.py > stulog.txt 2>&1 on vdhankar #####
child exited with value 1
##### ERROR: /usr/bin/time -o time_13_sajjanla_vdhankar.txt -f "%U" python3 homework.py > stulog.txt 2>&1 on vdhankar #####
##### Output of failed program (stdout + stderr): #####
Traceback (most recent call last):
  File "homework.py", line 546, in <module>
    print(end-start)
NameError: name 'end' is not defined
##### End of output of failed program #####
##### vdhankar plays [J f6 h8] in 0.403910875320435s #####
##### Running: /usr/lib/jvm/jdk-14.0.1/bin/java -jar /lab/itti/projects/checkers-competition/server/referee.jar on run_13_sajjanla_vdhankar #####
Move is valid
After this move, player BLACK cannot make any moves
*** Winner: WHITE ***
##### SUCCESS: /usr/lib/jvm/jdk-14.0.1/bin/java -jar /lab/itti/projects/checkers-competition/server/referee.jar on run_13_sajjanla_vdhankar #####
##### GAME OVER: vdhankar wins the game! #####
Server said: WIN
########## ROUND 13 GAMESCORE AFTER GAME 2: sajjanla=0 and vdhankar=2 ##########
#################### ROUND 13: sajjanla (W) vs vdhankar (B): game 3 ####################
##### game start! #####
INPUT for vdhankar:
GAME
BLACK
300
.b.b.b.b
b.b.b.b.
.b.b.b.b
........
........
w.w.w.w.
.w.w.w.w
w.w.w.w.
##### Running: /usr/bin/time -o time_13_sajjanla_vdhankar.txt -f "%U" python3 homework.py > stulog.txt 2>&1 on vdhankar #####
child exited with value 1
##### ERROR: /usr/bin/time -o time_13_sajjanla_vdhankar.txt -f "%U" python3 homework.py > stulog.txt 2>&1 on vdhankar #####
##### Output of failed program (stdout + stderr): #####
Traceback (most recent call last):
  File "homework.py", line 546, in <module>
    print(end-start)
NameError: name 'end' is not defined
##### End of output of failed program #####
##### vdhankar plays [E h6 g5] in 12.2430579662323s #####
##### Running: /usr/lib/jvm/jdk-14.0.1/bin/java -jar /lab/itti/projects/checkers-competition/server/referee.jar on run_13_sajjanla_vdhankar #####
Move is valid
Couldn't read file 'current_ply.txt'
Couldn't read content from file 'current_ply.txt'
Couldn't read file 'lastmatchange_ply.txt'
Couldn't read content from file 'lastmatchange_ply.txt'
##### SUCCESS: /usr/lib/jvm/jdk-14.0.1/bin/java -jar /lab/itti/projects/checkers-competition/server/referee.jar on run_13_sajjanla_vdhankar #####
INPUT for sajjanla:
GAME
WHITE
300
.b.b.b.b
b.b.b.b.
.b.b.b..
......b.
........
w.w.w.w.
.w.w.w.w
w.w.w.w.
##### Running: /usr/bin/time -o time_13_sajjanla_vdhankar.txt -f "%U" /usr/lib/jvm/jdk-14.0.1/bin/java homework > stulog.txt 2>&1 on sajjanla #####
##### SUCCESS: /usr/bin/time -o time_13_sajjanla_vdhankar.txt -f "%U" /usr/lib/jvm/jdk-14.0.1/bin/java homework > stulog.txt 2>&1 on sajjanla #####
##### sajjanla plays [E g3 f4] in 1.07s #####
##### Running: /usr/lib/jvm/jdk-14.0.1/bin/java -jar /lab/itti/projects/checkers-competition/server/referee.jar on run_13_sajjanla_vdhankar #####
Move is valid
##### SUCCESS: /usr/lib/jvm/jdk-14.0.1/bin/java -jar /lab/itti/projects/checkers-competition/server/referee.jar on run_13_sajjanla_vdhankar #####
INPUT for vdhankar:
GAME
BLACK
287.756942033768
.b.b.b.b
b.b.b.b.
.b.b.b..
......b.
.....w..
w.w.w...
.w.w.w.w
w.w.w.w.
##### Running: /usr/bin/time -o time_13_sajjanla_vdhankar.txt -f "%U" python3 homework.py > stulog.txt 2>&1 on vdhankar #####
child exited with value 1
##### ERROR: /usr/bin/time -o time_13_sajjanla_vdhankar.txt -f "%U" python3 homework.py > stulog.txt 2>&1 on vdhankar #####
##### Output of failed program (stdout + stderr): #####
Traceback (most recent call last):
  File "homework.py", line 546, in <module>
    print(end-start)
NameError: name 'end' is not defined
##### End of output of failed program #####
##### vdhankar plays [E g5 h4] in 7.74690389633179s #####
##### Running: /usr/lib/jvm/jdk-14.0.1/bin/java -jar /lab/itti/projects/checkers-competition/server/referee.jar on run_13_sajjanla_vdhankar #####
Move is valid
##### SUCCESS: /usr/lib/jvm/jdk-14.0.1/bin/java -jar /lab/itti/projects/checkers-competition/server/referee.jar on run_13_sajjanla_vdhankar #####
INPUT for sajjanla:
GAME
WHITE
298.93
.b.b.b.b
b.b.b.b.
.b.b.b..
........
.....w.b
w.w.w...
.w.w.w.w
w.w.w.w.
##### Running: /usr/bin/time -o time_13_sajjanla_vdhankar.txt -f "%U" /usr/lib/jvm/jdk-14.0.1/bin/java homework > stulog.txt 2>&1 on sajjanla #####
##### SUCCESS: /usr/bin/time -o time_13_sajjanla_vdhankar.txt -f "%U" /usr/lib/jvm/jdk-14.0.1/bin/java homework > stulog.txt 2>&1 on sajjanla #####
##### sajjanla plays [E h2 g3] in 1.1s #####
##### Running: /usr/lib/jvm/jdk-14.0.1/bin/java -jar /lab/itti/projects/checkers-competition/server/referee.jar on run_13_sajjanla_vdhankar #####
Move is valid
##### SUCCESS: /usr/lib/jvm/jdk-14.0.1/bin/java -jar /lab/itti/projects/checkers-competition/server/referee.jar on run_13_sajjanla_vdhankar #####
INPUT for vdhankar:
GAME
BLACK
280.010038137436
.b.b.b.b
b.b.b.b.
.b.b.b..
........
.....w.b
w.w.w.w.
.w.w.w..
w.w.w.w.
##### Running: /usr/bin/time -o time_13_sajjanla_vdhankar.txt -f "%U" python3 homework.py > stulog.txt 2>&1 on vdhankar #####
child exited with value 1
##### ERROR: /usr/bin/time -o time_13_sajjanla_vdhankar.txt -f "%U" python3 homework.py > stulog.txt 2>&1 on vdhankar #####
##### Output of failed program (stdout + stderr): #####
Traceback (most recent call last):
  File "homework.py", line 546, in <module>
    print(end-start)
NameError: name 'end' is not defined
##### End of output of failed program #####
##### vdhankar plays [E f6 g5] in 11.6095399856567s #####
##### Running: /usr/lib/jvm/jdk-14.0.1/bin/java -jar /lab/itti/projects/checkers-competition/server/referee.jar on run_13_sajjanla_vdhankar #####
Move is valid
##### SUCCESS: /usr/lib/jvm/jdk-14.0.1/bin/java -jar /lab/itti/projects/checkers-competition/server/referee.jar on run_13_sajjanla_vdhankar #####
INPUT for sajjanla:
GAME
WHITE
297.83
.b.b.b.b
b.b.b.b.
.b.b....
......b.
.....w.b
w.w.w.w.
.w.w.w..
w.w.w.w.
##### Running: /usr/bin/time -o time_13_sajjanla_vdhankar.txt -f "%U" /usr/lib/jvm/jdk-14.0.1/bin/java homework > stulog.txt 2>&1 on sajjanla #####
##### SUCCESS: /usr/bin/time -o time_13_sajjanla_vdhankar.txt -f "%U" /usr/lib/jvm/jdk-14.0.1/bin/java homework > stulog.txt 2>&1 on sajjanla #####
##### sajjanla plays [E f4 h6] in 0.94s #####
##### Running: /usr/lib/jvm/jdk-14.0.1/bin/java -jar /lab/itti/projects/checkers-competition/server/referee.jar on run_13_sajjanla_vdhankar #####
Move is valid
##### SUCCESS: /usr/lib/jvm/jdk-14.0.1/bin/java -jar /lab/itti/projects/checkers-competition/server/referee.jar on run_13_sajjanla_vdhankar #####
INPUT for vdhankar:
GAME
BLACK
268.400498151779
.b.b.b.b
b.b.b.b.
.b.b...w
......b.
.......b
w.w.w.w.
.w.w.w..
w.w.w.w.
##### Running: /usr/bin/time -o time_13_sajjanla_vdhankar.txt -f "%U" python3 homework.py > stulog.txt 2>&1 on vdhankar #####
child exited with value 1
##### ERROR: /usr/bin/time -o time_13_sajjanla_vdhankar.txt -f "%U" python3 homework.py > stulog.txt 2>&1 on vdhankar #####
##### Output of failed program (stdout + stderr): #####
Traceback (most recent call last):
  File "homework.py", line 546, in <module>
    print(end-start)
NameError: name 'end' is not defined
##### End of output of failed program #####
##### vdhankar plays [E d6 e5] in 10.5570020675659s #####
##### Running: /usr/lib/jvm/jdk-14.0.1/bin/java -jar /lab/itti/projects/checkers-competition/server/referee.jar on run_13_sajjanla_vdhankar #####
Move is valid
##### SUCCESS: /usr/lib/jvm/jdk-14.0.1/bin/java -jar /lab/itti/projects/checkers-competition/server/referee.jar on run_13_sajjanla_vdhankar #####
INPUT for sajjanla:
GAME
WHITE
296.89
.b.b.b.b
b.b.b.b.
.b.....w
....b.b.
.......b
w.w.w.w.
.w.w.w..
w.w.w.w.
##### Running: /usr/bin/time -o time_13_sajjanla_vdhankar.txt -f "%U" /usr/lib/jvm/jdk-14.0.1/bin/java homework > stulog.txt 2>&1 on sajjanla #####
##### SUCCESS: /usr/bin/time -o time_13_sajjanla_vdhankar.txt -f "%U" /usr/lib/jvm/jdk-14.0.1/bin/java homework > stulog.txt 2>&1 on sajjanla #####
##### sajjanla plays [E g3 f4] in 1.05s #####
##### Running: /usr/lib/jvm/jdk-14.0.1/bin/java -jar /lab/itti/projects/checkers-competition/server/referee.jar on run_13_sajjanla_vdhankar #####
Move is valid
##### SUCCESS: /usr/lib/jvm/jdk-14.0.1/bin/java -jar /lab/itti/projects/checkers-competition/server/referee.jar on run_13_sajjanla_vdhankar #####
INPUT for vdhankar:
GAME
BLACK
257.843496084213
.b.b.b.b
b.b.b.b.
.b.....w
....b.b.
.....w.b
w.w.w...
.w.w.w..
w.w.w.w.
##### Running: /usr/bin/time -o time_13_sajjanla_vdhankar.txt -f "%U" python3 homework.py > stulog.txt 2>&1 on vdhankar #####
child exited with value 1
##### ERROR: /usr/bin/time -o time_13_sajjanla_vdhankar.txt -f "%U" python3 homework.py > stulog.txt 2>&1 on vdhankar #####
##### Output of failed program (stdout + stderr): #####
Traceback (most recent call last):
  File "homework.py", line 546, in <module>
    print(end-start)
NameError: name 'end' is not defined
##### End of output of failed program #####
##### vdhankar plays [J e5 g3] in 8.84975790977478s #####
##### Running: /usr/lib/jvm/jdk-14.0.1/bin/java -jar /lab/itti/projects/checkers-competition/server/referee.jar on run_13_sajjanla_vdhankar #####
Move is valid
##### SUCCESS: /usr/lib/jvm/jdk-14.0.1/bin/java -jar /lab/itti/projects/checkers-competition/server/referee.jar on run_13_sajjanla_vdhankar #####
INPUT for sajjanla:
GAME
WHITE
295.84
.b.b.b.b
b.b.b.b.
.b.....w
......b.
.......b
w.w.w.b.
.w.w.w..
w.w.w.w.
##### Running: /usr/bin/time -o time_13_sajjanla_vdhankar.txt -f "%U" /usr/lib/jvm/jdk-14.0.1/bin/java homework > stulog.txt 2>&1 on sajjanla #####
##### SUCCESS: /usr/bin/time -o time_13_sajjanla_vdhankar.txt -f "%U" /usr/lib/jvm/jdk-14.0.1/bin/java homework > stulog.txt 2>&1 on sajjanla #####
##### sajjanla plays [E g1 h2] in 1.11s #####
##### Running: /usr/lib/jvm/jdk-14.0.1/bin/java -jar /lab/itti/projects/checkers-competition/server/referee.jar on run_13_sajjanla_vdhankar #####
Move is valid
##### SUCCESS: /usr/lib/jvm/jdk-14.0.1/bin/java -jar /lab/itti/projects/checkers-competition/server/referee.jar on run_13_sajjanla_vdhankar #####
INPUT for vdhankar:
GAME
BLACK
248.993738174438
.b.b.b.b
b.b.b.b.
.b.....w
......b.
.......b
w.w.w.b.
.w.w.w.w
w.w.w...
##### Running: /usr/bin/time -o time_13_sajjanla_vdhankar.txt -f "%U" python3 homework.py > stulog.txt 2>&1 on vdhankar #####
child exited with value 1
##### ERROR: /usr/bin/time -o time_13_sajjanla_vdhankar.txt -f "%U" python3 homework.py > stulog.txt 2>&1 on vdhankar #####
##### Output of failed program (stdout + stderr): #####
Traceback (most recent call last):
  File "homework.py", line 546, in <module>
    print(end-start)
NameError: name 'end' is not defined
##### End of output of failed program #####
##### vdhankar plays [E b6 c5] in 4.13799619674683s #####
##### Running: /usr/lib/jvm/jdk-14.0.1/bin/java -jar /lab/itti/projects/checkers-competition/server/referee.jar on run_13_sajjanla_vdhankar #####
Move is valid
##### SUCCESS: /usr/lib/jvm/jdk-14.0.1/bin/java -jar /lab/itti/projects/checkers-competition/server/referee.jar on run_13_sajjanla_vdhankar #####
INPUT for sajjanla:
GAME
WHITE
294.73
.b.b.b.b
b.b.b.b.
.......w
..b...b.
.......b
w.w.w.b.
.w.w.w.w
w.w.w...
##### Running: /usr/bin/time -o time_13_sajjanla_vdhankar.txt -f "%U" /usr/lib/jvm/jdk-14.0.1/bin/java homework > stulog.txt 2>&1 on sajjanla #####
##### SUCCESS: /usr/bin/time -o time_13_sajjanla_vdhankar.txt -f "%U" /usr/lib/jvm/jdk-14.0.1/bin/java homework > stulog.txt 2>&1 on sajjanla #####
##### sajjanla plays [E h2 f4] in 0.71s #####
##### Running: /usr/lib/jvm/jdk-14.0.1/bin/java -jar /lab/itti/projects/checkers-competition/server/referee.jar on run_13_sajjanla_vdhankar #####
Move is valid
##### SUCCESS: /usr/lib/jvm/jdk-14.0.1/bin/java -jar /lab/itti/projects/checkers-competition/server/referee.jar on run_13_sajjanla_vdhankar #####
INPUT for vdhankar:
GAME
BLACK
244.855741977692
.b.b.b.b
b.b.b.b.
.......w
..b...b.
.....w.b
w.w.w.b.
.w.w.w..
w.w.w...
##### Running: /usr/bin/time -o time_13_sajjanla_vdhankar.txt -f "%U" python3 homework.py > stulog.txt 2>&1 on vdhankar #####
child exited with value 1
##### ERROR: /usr/bin/time -o time_13_sajjanla_vdhankar.txt -f "%U" python3 homework.py > stulog.txt 2>&1 on vdhankar #####
##### Output of failed program (stdout + stderr): #####
Traceback (most recent call last):
  File "homework.py", line 546, in <module>
    print(end-start)
NameError: name 'end' is not defined
##### End of output of failed program #####
##### vdhankar plays [E g7 f6] in 7.47927594184875s #####
##### Running: /usr/lib/jvm/jdk-14.0.1/bin/java -jar /lab/itti/projects/checkers-competition/server/referee.jar on run_13_sajjanla_vdhankar #####
Move is valid
##### SUCCESS: /usr/lib/jvm/jdk-14.0.1/bin/java -jar /lab/itti/projects/checkers-competition/server/referee.jar on run_13_sajjanla_vdhankar #####
INPUT for sajjanla:
GAME
WHITE
294.02
.b.b.b.b
b.b.b...
.....b.w
..b...b.
.....w.b
w.w.w.b.
.w.w.w..
w.w.w...
##### Running: /usr/bin/time -o time_13_sajjanla_vdhankar.txt -f "%U" /usr/lib/jvm/jdk-14.0.1/bin/java homework > stulog.txt 2>&1 on sajjanla #####
##### SUCCESS: /usr/bin/time -o time_13_sajjanla_vdhankar.txt -f "%U" /usr/lib/jvm/jdk-14.0.1/bin/java homework > stulog.txt 2>&1 on sajjanla #####
##### sajjanla plays [E f4 e5] in 0.69s #####
##### Running: /usr/lib/jvm/jdk-14.0.1/bin/java -jar /lab/itti/projects/checkers-competition/server/referee.jar on run_13_sajjanla_vdhankar #####
Move is valid
##### SUCCESS: /usr/lib/jvm/jdk-14.0.1/bin/java -jar /lab/itti/projects/checkers-competition/server/referee.jar on run_13_sajjanla_vdhankar #####
INPUT for vdhankar:
GAME
BLACK
237.376466035843
.b.b.b.b
b.b.b...
.....b.w
..b.w.b.
.......b
w.w.w.b.
.w.w.w..
w.w.w...
##### Running: /usr/bin/time -o time_13_sajjanla_vdhankar.txt -f "%U" python3 homework.py > stulog.txt 2>&1 on vdhankar #####
child exited with value 1
##### ERROR: /usr/bin/time -o time_13_sajjanla_vdhankar.txt -f "%U" python3 homework.py > stulog.txt 2>&1 on vdhankar #####
##### Output of failed program (stdout + stderr): #####
Traceback (most recent call last):
  File "homework.py", line 546, in <module>
    print(end-start)
NameError: name 'end' is not defined
##### End of output of failed program #####
##### vdhankar plays [J f6 d4] in 2.90231084823608s #####
##### Running: /usr/lib/jvm/jdk-14.0.1/bin/java -jar /lab/itti/projects/checkers-competition/server/referee.jar on run_13_sajjanla_vdhankar #####
Move is valid
##### SUCCESS: /usr/lib/jvm/jdk-14.0.1/bin/java -jar /lab/itti/projects/checkers-competition/server/referee.jar on run_13_sajjanla_vdhankar #####
INPUT for sajjanla:
GAME
WHITE
293.33
.b.b.b.b
b.b.b...
.......w
..b...b.
...b...b
w.w.w.b.
.w.w.w..
w.w.w...
##### Running: /usr/bin/time -o time_13_sajjanla_vdhankar.txt -f "%U" /usr/lib/jvm/jdk-14.0.1/bin/java homework > stulog.txt 2>&1 on sajjanla #####
##### SUCCESS: /usr/bin/time -o time_13_sajjanla_vdhankar.txt -f "%U" /usr/lib/jvm/jdk-14.0.1/bin/java homework > stulog.txt 2>&1 on sajjanla #####
##### sajjanla plays [E c3 e5] in 0.62s #####
##### Running: /usr/lib/jvm/jdk-14.0.1/bin/java -jar /lab/itti/projects/checkers-competition/server/referee.jar on run_13_sajjanla_vdhankar #####
Move is valid
##### SUCCESS: /usr/lib/jvm/jdk-14.0.1/bin/java -jar /lab/itti/projects/checkers-competition/server/referee.jar on run_13_sajjanla_vdhankar #####
INPUT for vdhankar:
GAME
BLACK
234.474155187607
.b.b.b.b
b.b.b...
.......w
..b.w.b.
...b...b
w...w.b.
.w.w.w..
w.w.w...
##### Running: /usr/bin/time -o time_13_sajjanla_vdhankar.txt -f "%U" python3 homework.py > stulog.txt 2>&1 on vdhankar #####
child exited with value 1
##### ERROR: /usr/bin/time -o time_13_sajjanla_vdhankar.txt -f "%U" python3 homework.py > stulog.txt 2>&1 on vdhankar #####
##### Output of failed program (stdout + stderr): #####
Traceback (most recent call last):
  File "homework.py", line 546, in <module>
    print(end-start)
NameError: name 'end' is not defined
##### End of output of failed program #####
##### vdhankar plays [E g3 h2] in 6.40103006362915s #####
##### Running: /usr/lib/jvm/jdk-14.0.1/bin/java -jar /lab/itti/projects/checkers-competition/server/referee.jar on run_13_sajjanla_vdhankar #####
Move is valid
##### SUCCESS: /usr/lib/jvm/jdk-14.0.1/bin/java -jar /lab/itti/projects/checkers-competition/server/referee.jar on run_13_sajjanla_vdhankar #####
INPUT for sajjanla:
GAME
WHITE
292.71
.b.b.b.b
b.b.b...
.......w
..b.w.b.
...b...b
w...w...
.w.w.w.b
w.w.w...
##### Running: /usr/bin/time -o time_13_sajjanla_vdhankar.txt -f "%U" /usr/lib/jvm/jdk-14.0.1/bin/java homework > stulog.txt 2>&1 on sajjanla #####
##### SUCCESS: /usr/bin/time -o time_13_sajjanla_vdhankar.txt -f "%U" /usr/lib/jvm/jdk-14.0.1/bin/java homework > stulog.txt 2>&1 on sajjanla #####
##### sajjanla plays [E e5 f6] in 0.82s #####
##### Running: /usr/lib/jvm/jdk-14.0.1/bin/java -jar /lab/itti/projects/checkers-competition/server/referee.jar on run_13_sajjanla_vdhankar #####
Move is valid
##### SUCCESS: /usr/lib/jvm/jdk-14.0.1/bin/java -jar /lab/itti/projects/checkers-competition/server/referee.jar on run_13_sajjanla_vdhankar #####
INPUT for vdhankar:
GAME
BLACK
228.073125123978
.b.b.b.b
b.b.b...
.....w.w
..b...b.
...b...b
w...w...
.w.w.w.b
w.w.w...
##### Running: /usr/bin/time -o time_13_sajjanla_vdhankar.txt -f "%U" python3 homework.py > stulog.txt 2>&1 on vdhankar #####
child exited with value 1
##### ERROR: /usr/bin/time -o time_13_sajjanla_vdhankar.txt -f "%U" python3 homework.py > stulog.txt 2>&1 on vdhankar #####
##### Output of failed program (stdout + stderr): #####
Traceback (most recent call last):
  File "homework.py", line 546, in <module>
    print(end-start)
NameError: name 'end' is not defined
##### End of output of failed program #####
##### vdhankar plays [E h2 g1] in 5.67894601821899s #####
##### Running: /usr/lib/jvm/jdk-14.0.1/bin/java -jar /lab/itti/projects/checkers-competition/server/referee.jar on run_13_sajjanla_vdhankar #####
Move is valid
##### SUCCESS: /usr/lib/jvm/jdk-14.0.1/bin/java -jar /lab/itti/projects/checkers-competition/server/referee.jar on run_13_sajjanla_vdhankar #####
INPUT for sajjanla:
GAME
WHITE
291.89
.b.b.b.b
b.b.b...
.....w.w
..b...b.
...b...b
w...w...
.w.w.w..
w.w.w.B.
##### Running: /usr/bin/time -o time_13_sajjanla_vdhankar.txt -f "%U" /usr/lib/jvm/jdk-14.0.1/bin/java homework > stulog.txt 2>&1 on sajjanla #####
##### SUCCESS: /usr/bin/time -o time_13_sajjanla_vdhankar.txt -f "%U" /usr/lib/jvm/jdk-14.0.1/bin/java homework > stulog.txt 2>&1 on sajjanla #####
##### sajjanla plays [E f2 g3] in 0.88s #####
##### Running: /usr/lib/jvm/jdk-14.0.1/bin/java -jar /lab/itti/projects/checkers-competition/server/referee.jar on run_13_sajjanla_vdhankar #####
Move is valid
##### SUCCESS: /usr/lib/jvm/jdk-14.0.1/bin/java -jar /lab/itti/projects/checkers-competition/server/referee.jar on run_13_sajjanla_vdhankar #####
INPUT for vdhankar:
GAME
BLACK
222.394179105759
.b.b.b.b
b.b.b...
.....w.w
..b...b.
...b...b
w...w.w.
.w.w....
w.w.w.B.
##### Running: /usr/bin/time -o time_13_sajjanla_vdhankar.txt -f "%U" python3 homework.py > stulog.txt 2>&1 on vdhankar #####
child exited with value 1
##### ERROR: /usr/bin/time -o time_13_sajjanla_vdhankar.txt -f "%U" python3 homework.py > stulog.txt 2>&1 on vdhankar #####
##### Output of failed program (stdout + stderr): #####
Traceback (most recent call last):
  File "homework.py", line 546, in <module>
    print(end-start)
NameError: name 'end' is not defined
##### End of output of failed program #####
##### vdhankar plays [J h4 f2] in 5.96547102928162s #####
##### Running: /usr/lib/jvm/jdk-14.0.1/bin/java -jar /lab/itti/projects/checkers-competition/server/referee.jar on run_13_sajjanla_vdhankar #####
Move is valid
##### SUCCESS: /usr/lib/jvm/jdk-14.0.1/bin/java -jar /lab/itti/projects/checkers-competition/server/referee.jar on run_13_sajjanla_vdhankar #####
INPUT for sajjanla:
GAME
WHITE
291.01
.b.b.b.b
b.b.b...
.....w.w
..b...b.
...b....
w...w...
.w.w.b..
w.w.w.B.
##### Running: /usr/bin/time -o time_13_sajjanla_vdhankar.txt -f "%U" /usr/lib/jvm/jdk-14.0.1/bin/java homework > stulog.txt 2>&1 on sajjanla #####
##### SUCCESS: /usr/bin/time -o time_13_sajjanla_vdhankar.txt -f "%U" /usr/lib/jvm/jdk-14.0.1/bin/java homework > stulog.txt 2>&1 on sajjanla #####
##### sajjanla plays [E e1 g3] in 0.57s #####
##### Running: /usr/lib/jvm/jdk-14.0.1/bin/java -jar /lab/itti/projects/checkers-competition/server/referee.jar on run_13_sajjanla_vdhankar #####
Move is valid
##### SUCCESS: /usr/lib/jvm/jdk-14.0.1/bin/java -jar /lab/itti/projects/checkers-competition/server/referee.jar on run_13_sajjanla_vdhankar #####
INPUT for vdhankar:
GAME
BLACK
216.428708076477
.b.b.b.b
b.b.b...
.....w.w
..b...b.
...b....
w...w.w.
.w.w.b..
w.w...B.
##### Running: /usr/bin/time -o time_13_sajjanla_vdhankar.txt -f "%U" python3 homework.py > stulog.txt 2>&1 on vdhankar #####
child exited with value 1
##### ERROR: /usr/bin/time -o time_13_sajjanla_vdhankar.txt -f "%U" python3 homework.py > stulog.txt 2>&1 on vdhankar #####
##### Output of failed program (stdout + stderr): #####
Traceback (most recent call last):
  File "homework.py", line 546, in <module>
    print(end-start)
NameError: name 'end' is not defined
##### End of output of failed program #####
##### vdhankar plays [E g1 h2] in 10.3565809726715s #####
##### Running: /usr/lib/jvm/jdk-14.0.1/bin/java -jar /lab/itti/projects/checkers-competition/server/referee.jar on run_13_sajjanla_vdhankar #####
Move is valid
##### SUCCESS: /usr/lib/jvm/jdk-14.0.1/bin/java -jar /lab/itti/projects/checkers-competition/server/referee.jar on run_13_sajjanla_vdhankar #####
INPUT for sajjanla:
GAME
WHITE
290.44
.b.b.b.b
b.b.b...
.....w.w
..b...b.
...b....
w...w.w.
.w.w.b.B
w.w.....
##### Running: /usr/bin/time -o time_13_sajjanla_vdhankar.txt -f "%U" /usr/lib/jvm/jdk-14.0.1/bin/java homework > stulog.txt 2>&1 on sajjanla #####
##### SUCCESS: /usr/bin/time -o time_13_sajjanla_vdhankar.txt -f "%U" /usr/lib/jvm/jdk-14.0.1/bin/java homework > stulog.txt 2>&1 on sajjanla #####
##### sajjanla plays [E g3 f4] in 0.78s #####
##### Running: /usr/lib/jvm/jdk-14.0.1/bin/java -jar /lab/itti/projects/checkers-competition/server/referee.jar on run_13_sajjanla_vdhankar #####
Move is valid
##### SUCCESS: /usr/lib/jvm/jdk-14.0.1/bin/java -jar /lab/itti/projects/checkers-competition/server/referee.jar on run_13_sajjanla_vdhankar #####
INPUT for vdhankar:
GAME
BLACK
206.072127103806
.b.b.b.b
b.b.b...
.....w.w
..b...b.
...b.w..
w...w...
.w.w.b.B
w.w.....
##### Running: /usr/bin/time -o time_13_sajjanla_vdhankar.txt -f "%U" python3 homework.py > stulog.txt 2>&1 on vdhankar #####
child exited with value 1
##### ERROR: /usr/bin/time -o time_13_sajjanla_vdhankar.txt -f "%U" python3 homework.py > stulog.txt 2>&1 on vdhankar #####
##### Output of failed program (stdout + stderr): #####
Traceback (most recent call last):
  File "homework.py", line 546, in <module>
    print(end-start)
NameError: name 'end' is not defined
##### End of output of failed program #####
##### vdhankar plays [E f2 g1] in 6.10566687583923s #####
##### Running: /usr/lib/jvm/jdk-14.0.1/bin/java -jar /lab/itti/projects/checkers-competition/server/referee.jar on run_13_sajjanla_vdhankar #####
Move is valid
##### SUCCESS: /usr/lib/jvm/jdk-14.0.1/bin/java -jar /lab/itti/projects/checkers-competition/server/referee.jar on run_13_sajjanla_vdhankar #####
INPUT for sajjanla:
GAME
WHITE
289.66
.b.b.b.b
b.b.b...
.....w.w
..b...b.
...b.w..
w...w...
.w.w...B
w.w...B.
##### Running: /usr/bin/time -o time_13_sajjanla_vdhankar.txt -f "%U" /usr/lib/jvm/jdk-14.0.1/bin/java homework > stulog.txt 2>&1 on sajjanla #####
##### SUCCESS: /usr/bin/time -o time_13_sajjanla_vdhankar.txt -f "%U" /usr/lib/jvm/jdk-14.0.1/bin/java homework > stulog.txt 2>&1 on sajjanla #####
##### sajjanla plays [E a3 b4] in 0.64s #####
##### Running: /usr/lib/jvm/jdk-14.0.1/bin/java -jar /lab/itti/projects/checkers-competition/server/referee.jar on run_13_sajjanla_vdhankar #####
Move is valid
##### SUCCESS: /usr/lib/jvm/jdk-14.0.1/bin/java -jar /lab/itti/projects/checkers-competition/server/referee.jar on run_13_sajjanla_vdhankar #####
INPUT for vdhankar:
GAME
BLACK
199.966460227966
.b.b.b.b
b.b.b...
.....w.w
..b...b.
.w.b.w..
....w...
.w.w...B
w.w...B.
##### Running: /usr/bin/time -o time_13_sajjanla_vdhankar.txt -f "%U" python3 homework.py > stulog.txt 2>&1 on vdhankar #####
child exited with value 1
##### ERROR: /usr/bin/time -o time_13_sajjanla_vdhankar.txt -f "%U" python3 homework.py > stulog.txt 2>&1 on vdhankar #####
##### Output of failed program (stdout + stderr): #####
Traceback (most recent call last):
  File "homework.py", line 546, in <module>
    print(end-start)
NameError: name 'end' is not defined
##### End of output of failed program #####
##### vdhankar plays [J d4 f2] in 1.17015600204468s #####
##### Running: /usr/lib/jvm/jdk-14.0.1/bin/java -jar /lab/itti/projects/checkers-competition/server/referee.jar on run_13_sajjanla_vdhankar #####
Move is valid
##### SUCCESS: /usr/lib/jvm/jdk-14.0.1/bin/java -jar /lab/itti/projects/checkers-competition/server/referee.jar on run_13_sajjanla_vdhankar #####
INPUT for sajjanla:
GAME
WHITE
289.02
.b.b.b.b
b.b.b...
.....w.w
..b...b.
.w...w..
........
.w.w.b.B
w.w...B.
##### Running: /usr/bin/time -o time_13_sajjanla_vdhankar.txt -f "%U" /usr/lib/jvm/jdk-14.0.1/bin/java homework > stulog.txt 2>&1 on sajjanla #####
##### SUCCESS: /usr/bin/time -o time_13_sajjanla_vdhankar.txt -f "%U" /usr/lib/jvm/jdk-14.0.1/bin/java homework > stulog.txt 2>&1 on sajjanla #####
##### sajjanla plays [E b4 d6] in 0.54s #####
##### Running: /usr/lib/jvm/jdk-14.0.1/bin/java -jar /lab/itti/projects/checkers-competition/server/referee.jar on run_13_sajjanla_vdhankar #####
Move is valid
##### SUCCESS: /usr/lib/jvm/jdk-14.0.1/bin/java -jar /lab/itti/projects/checkers-competition/server/referee.jar on run_13_sajjanla_vdhankar #####
INPUT for vdhankar:
GAME
BLACK
198.796304225922
.b.b.b.b
b.b.b...
...w.w.w
..b...b.
.....w..
........
.w.w.b.B
w.w...B.
##### Running: /usr/bin/time -o time_13_sajjanla_vdhankar.txt -f "%U" python3 homework.py > stulog.txt 2>&1 on vdhankar #####
child exited with value 1
##### ERROR: /usr/bin/time -o time_13_sajjanla_vdhankar.txt -f "%U" python3 homework.py > stulog.txt 2>&1 on vdhankar #####
##### Output of failed program (stdout + stderr): #####
Traceback (most recent call last):
  File "homework.py", line 546, in <module>
    print(end-start)
NameError: name 'end' is not defined
##### End of output of failed program #####
##### vdhankar plays [J c7 e5 ; J e5 g3] in 8.10065197944641s #####
##### Running: /usr/lib/jvm/jdk-14.0.1/bin/java -jar /lab/itti/projects/checkers-competition/server/referee.jar on run_13_sajjanla_vdhankar #####
Move is valid
##### SUCCESS: /usr/lib/jvm/jdk-14.0.1/bin/java -jar /lab/itti/projects/checkers-competition/server/referee.jar on run_13_sajjanla_vdhankar #####
INPUT for sajjanla:
GAME
WHITE
288.48
.b.b.b.b
b...b...
.....w.w
..b...b.
........
......b.
.w.w.b.B
w.w...B.
##### Running: /usr/bin/time -o time_13_sajjanla_vdhankar.txt -f "%U" /usr/lib/jvm/jdk-14.0.1/bin/java homework > stulog.txt 2>&1 on sajjanla #####
##### SUCCESS: /usr/bin/time -o time_13_sajjanla_vdhankar.txt -f "%U" /usr/lib/jvm/jdk-14.0.1/bin/java homework > stulog.txt 2>&1 on sajjanla #####
##### sajjanla plays [E d2 c3] in 0.58s #####
##### Running: /usr/lib/jvm/jdk-14.0.1/bin/java -jar /lab/itti/projects/checkers-competition/server/referee.jar on run_13_sajjanla_vdhankar #####
Move is valid
##### SUCCESS: /usr/lib/jvm/jdk-14.0.1/bin/java -jar /lab/itti/projects/checkers-competition/server/referee.jar on run_13_sajjanla_vdhankar #####
INPUT for vdhankar:
GAME
BLACK
190.695652246475
.b.b.b.b
b...b...
.....w.w
..b...b.
........
..w...b.
.w...b.B
w.w...B.
##### Running: /usr/bin/time -o time_13_sajjanla_vdhankar.txt -f "%U" python3 homework.py > stulog.txt 2>&1 on vdhankar #####
child exited with value 1
##### ERROR: /usr/bin/time -o time_13_sajjanla_vdhankar.txt -f "%U" python3 homework.py > stulog.txt 2>&1 on vdhankar #####
##### Output of failed program (stdout + stderr): #####
Traceback (most recent call last):
  File "homework.py", line 546, in <module>
    print(end-start)
NameError: name 'end' is not defined
##### End of output of failed program #####
##### vdhankar plays [E g5 f4] in 11.7256920337677s #####
##### Running: /usr/lib/jvm/jdk-14.0.1/bin/java -jar /lab/itti/projects/checkers-competition/server/referee.jar on run_13_sajjanla_vdhankar #####
Move is valid
##### SUCCESS: /usr/lib/jvm/jdk-14.0.1/bin/java -jar /lab/itti/projects/checkers-competition/server/referee.jar on run_13_sajjanla_vdhankar #####
INPUT for sajjanla:
GAME
WHITE
287.9
.b.b.b.b
b...b...
.....w.w
..b.....
.....b..
..w...b.
.w...b.B
w.w...B.
##### Running: /usr/bin/time -o time_13_sajjanla_vdhankar.txt -f "%U" /usr/lib/jvm/jdk-14.0.1/bin/java homework > stulog.txt 2>&1 on sajjanla #####
##### SUCCESS: /usr/bin/time -o time_13_sajjanla_vdhankar.txt -f "%U" /usr/lib/jvm/jdk-14.0.1/bin/java homework > stulog.txt 2>&1 on sajjanla #####
##### sajjanla plays [E c1 d2] in 0.65s #####
##### Running: /usr/lib/jvm/jdk-14.0.1/bin/java -jar /lab/itti/projects/checkers-competition/server/referee.jar on run_13_sajjanla_vdhankar #####
Move is valid
##### SUCCESS: /usr/lib/jvm/jdk-14.0.1/bin/java -jar /lab/itti/projects/checkers-competition/server/referee.jar on run_13_sajjanla_vdhankar #####
INPUT for vdhankar:
GAME
BLACK
178.969960212708
.b.b.b.b
b...b...
.....w.w
..b.....
.....b..
..w...b.
.w.w.b.B
w.....B.
##### Running: /usr/bin/time -o time_13_sajjanla_vdhankar.txt -f "%U" python3 homework.py > stulog.txt 2>&1 on vdhankar #####
child exited with value 1
##### ERROR: /usr/bin/time -o time_13_sajjanla_vdhankar.txt -f "%U" python3 homework.py > stulog.txt 2>&1 on vdhankar #####
##### Output of failed program (stdout + stderr): #####
Traceback (most recent call last):
  File "homework.py", line 546, in <module>
    print(end-start)
NameError: name 'end' is not defined
##### End of output of failed program #####
##### vdhankar plays [J e7 g5] in 1.76482582092285s #####
##### Running: /usr/lib/jvm/jdk-14.0.1/bin/java -jar /lab/itti/projects/checkers-competition/server/referee.jar on run_13_sajjanla_vdhankar #####
Move is valid
##### SUCCESS: /usr/lib/jvm/jdk-14.0.1/bin/java -jar /lab/itti/projects/checkers-competition/server/referee.jar on run_13_sajjanla_vdhankar #####
INPUT for sajjanla:
GAME
WHITE
287.25
.b.b.b.b
b.......
.......w
..b...b.
.....b..
..w...b.
.w.w.b.B
w.....B.
##### Running: /usr/bin/time -o time_13_sajjanla_vdhankar.txt -f "%U" /usr/lib/jvm/jdk-14.0.1/bin/java homework > stulog.txt 2>&1 on sajjanla #####
##### SUCCESS: /usr/bin/time -o time_13_sajjanla_vdhankar.txt -f "%U" /usr/lib/jvm/jdk-14.0.1/bin/java homework > stulog.txt 2>&1 on sajjanla #####
##### sajjanla plays [E d2 e3] in 0.52s #####
##### Running: /usr/lib/jvm/jdk-14.0.1/bin/java -jar /lab/itti/projects/checkers-competition/server/referee.jar on run_13_sajjanla_vdhankar #####
Move is valid
##### SUCCESS: /usr/lib/jvm/jdk-14.0.1/bin/java -jar /lab/itti/projects/checkers-competition/server/referee.jar on run_13_sajjanla_vdhankar #####
INPUT for vdhankar:
GAME
BLACK
177.205134391785
.b.b.b.b
b.......
.......w
..b...b.
.....b..
..w.w.b.
.w...b.B
w.....B.
##### Running: /usr/bin/time -o time_13_sajjanla_vdhankar.txt -f "%U" python3 homework.py > stulog.txt 2>&1 on vdhankar #####
child exited with value 1
##### ERROR: /usr/bin/time -o time_13_sajjanla_vdhankar.txt -f "%U" python3 homework.py > stulog.txt 2>&1 on vdhankar #####
##### Output of failed program (stdout + stderr): #####
Traceback (most recent call last):
  File "homework.py", line 546, in <module>
    print(end-start)
NameError: name 'end' is not defined
##### End of output of failed program #####
##### vdhankar plays [J f4 d2] in 2.10959482192993s #####
##### Running: /usr/lib/jvm/jdk-14.0.1/bin/java -jar /lab/itti/projects/checkers-competition/server/referee.jar on run_13_sajjanla_vdhankar #####
Move is valid
##### SUCCESS: /usr/lib/jvm/jdk-14.0.1/bin/java -jar /lab/itti/projects/checkers-competition/server/referee.jar on run_13_sajjanla_vdhankar #####
INPUT for sajjanla:
GAME
WHITE
286.73
.b.b.b.b
b.......
.......w
..b...b.
........
..w...b.
.w.b.b.B
w.....B.
##### Running: /usr/bin/time -o time_13_sajjanla_vdhankar.txt -f "%U" /usr/lib/jvm/jdk-14.0.1/bin/java homework > stulog.txt 2>&1 on sajjanla #####
##### SUCCESS: /usr/bin/time -o time_13_sajjanla_vdhankar.txt -f "%U" /usr/lib/jvm/jdk-14.0.1/bin/java homework > stulog.txt 2>&1 on sajjanla #####
##### sajjanla plays [E c3 b4] in 0.42s #####
##### Running: /usr/lib/jvm/jdk-14.0.1/bin/java -jar /lab/itti/projects/checkers-competition/server/referee.jar on run_13_sajjanla_vdhankar #####
Move is valid
##### SUCCESS: /usr/lib/jvm/jdk-14.0.1/bin/java -jar /lab/itti/projects/checkers-competition/server/referee.jar on run_13_sajjanla_vdhankar #####
INPUT for vdhankar:
GAME
BLACK
175.095539569855
.b.b.b.b
b.......
.......w
..b...b.
.w......
......b.
.w.b.b.B
w.....B.
##### Running: /usr/bin/time -o time_13_sajjanla_vdhankar.txt -f "%U" python3 homework.py > stulog.txt 2>&1 on vdhankar #####
child exited with value 1
##### ERROR: /usr/bin/time -o time_13_sajjanla_vdhankar.txt -f "%U" python3 homework.py > stulog.txt 2>&1 on vdhankar #####
##### Output of failed program (stdout + stderr): #####
Traceback (most recent call last):
  File "homework.py", line 546, in <module>
    print(end-start)
NameError: name 'end' is not defined
##### End of output of failed program #####
##### vdhankar plays [J c5 a3 ; J a3 c1] in 0.323960065841675s #####
##### Running: /usr/lib/jvm/jdk-14.0.1/bin/java -jar /lab/itti/projects/checkers-competition/server/referee.jar on run_13_sajjanla_vdhankar #####
Move is valid
##### SUCCESS: /usr/lib/jvm/jdk-14.0.1/bin/java -jar /lab/itti/projects/checkers-competition/server/referee.jar on run_13_sajjanla_vdhankar #####
INPUT for sajjanla:
GAME
WHITE
286.31
.b.b.b.b
b.......
.......w
......b.
........
......b.
...b.b.B
w.B...B.
##### Running: /usr/bin/time -o time_13_sajjanla_vdhankar.txt -f "%U" /usr/lib/jvm/jdk-14.0.1/bin/java homework > stulog.txt 2>&1 on sajjanla #####
##### SUCCESS: /usr/bin/time -o time_13_sajjanla_vdhankar.txt -f "%U" /usr/lib/jvm/jdk-14.0.1/bin/java homework > stulog.txt 2>&1 on sajjanla #####
##### sajjanla plays [E a1 b2] in 0.17s #####
##### Running: /usr/lib/jvm/jdk-14.0.1/bin/java -jar /lab/itti/projects/checkers-competition/server/referee.jar on run_13_sajjanla_vdhankar #####
Move is valid
##### SUCCESS: /usr/lib/jvm/jdk-14.0.1/bin/java -jar /lab/itti/projects/checkers-competition/server/referee.jar on run_13_sajjanla_vdhankar #####
INPUT for vdhankar:
GAME
BLACK
174.771579504013
.b.b.b.b
b.......
.......w
......b.
........
......b.
.w.b.b.B
..B...B.
##### Running: /usr/bin/time -o time_13_sajjanla_vdhankar.txt -f "%U" python3 homework.py > stulog.txt 2>&1 on vdhankar #####
child exited with value 1
##### ERROR: /usr/bin/time -o time_13_sajjanla_vdhankar.txt -f "%U" python3 homework.py > stulog.txt 2>&1 on vdhankar #####
##### Output of failed program (stdout + stderr): #####
Traceback (most recent call last):
  File "homework.py", line 546, in <module>
    print(end-start)
NameError: name 'end' is not defined
##### End of output of failed program #####
##### vdhankar plays [J c1 a3] in 0.328796148300171s #####
##### Running: /usr/lib/jvm/jdk-14.0.1/bin/java -jar /lab/itti/projects/checkers-competition/server/referee.jar on run_13_sajjanla_vdhankar #####
Move is valid
##### SUCCESS: /usr/lib/jvm/jdk-14.0.1/bin/java -jar /lab/itti/projects/checkers-competition/server/referee.jar on run_13_sajjanla_vdhankar #####
INPUT for sajjanla:
GAME
WHITE
286.14
.b.b.b.b
b.......
.......w
......b.
........
B.....b.
...b.b.B
......B.
##### Running: /usr/bin/time -o time_13_sajjanla_vdhankar.txt -f "%U" /usr/lib/jvm/jdk-14.0.1/bin/java homework > stulog.txt 2>&1 on sajjanla #####
##### SUCCESS: /usr/bin/time -o time_13_sajjanla_vdhankar.txt -f "%U" /usr/lib/jvm/jdk-14.0.1/bin/java homework > stulog.txt 2>&1 on sajjanla #####
##### sajjanla plays [E h6 g7] in 0.19s #####
##### Running: /usr/lib/jvm/jdk-14.0.1/bin/java -jar /lab/itti/projects/checkers-competition/server/referee.jar on run_13_sajjanla_vdhankar #####
Move is valid
##### SUCCESS: /usr/lib/jvm/jdk-14.0.1/bin/java -jar /lab/itti/projects/checkers-competition/server/referee.jar on run_13_sajjanla_vdhankar #####
INPUT for vdhankar:
GAME
BLACK
174.442783355713
.b.b.b.b
b.....w.
........
......b.
........
B.....b.
...b.b.B
......B.
##### Running: /usr/bin/time -o time_13_sajjanla_vdhankar.txt -f "%U" python3 homework.py > stulog.txt 2>&1 on vdhankar #####
child exited with value 1
##### ERROR: /usr/bin/time -o time_13_sajjanla_vdhankar.txt -f "%U" python3 homework.py > stulog.txt 2>&1 on vdhankar #####
##### Output of failed program (stdout + stderr): #####
Traceback (most recent call last):
  File "homework.py", line 546, in <module>
    print(end-start)
NameError: name 'end' is not defined
##### End of output of failed program #####
##### vdhankar plays [J f8 h6] in 0.253300905227661s #####
##### Running: /usr/lib/jvm/jdk-14.0.1/bin/java -jar /lab/itti/projects/checkers-competition/server/referee.jar on run_13_sajjanla_vdhankar #####
Move is valid
After this move, player WHITE cannot make any moves
*** Winner: BLACK ***
##### SUCCESS: /usr/lib/jvm/jdk-14.0.1/bin/java -jar /lab/itti/projects/checkers-competition/server/referee.jar on run_13_sajjanla_vdhankar #####
##### GAME OVER: vdhankar wins the game! #####
Server said: WIN
########## ROUND 13 GAMESCORE AFTER GAME 3: sajjanla=0 and vdhankar=3 ##########
#################### ROUND 13: sajjanla (B) vs vdhankar (W): game 4 ####################
##### game start! #####
INPUT for sajjanla:
GAME
BLACK
300
.b.b.b.b
b.b.b.b.
.b.b.b.b
........
........
w.w.w.w.
.w.w.w.w
w.w.w.w.
##### Running: /usr/bin/time -o time_13_sajjanla_vdhankar.txt -f "%U" /usr/lib/jvm/jdk-14.0.1/bin/java homework > stulog.txt 2>&1 on sajjanla #####
##### SUCCESS: /usr/bin/time -o time_13_sajjanla_vdhankar.txt -f "%U" /usr/lib/jvm/jdk-14.0.1/bin/java homework > stulog.txt 2>&1 on sajjanla #####
##### sajjanla plays [E b6 a5] in 1.09s #####
##### Running: /usr/lib/jvm/jdk-14.0.1/bin/java -jar /lab/itti/projects/checkers-competition/server/referee.jar on run_13_sajjanla_vdhankar #####
Move is valid
Couldn't read file 'current_ply.txt'
Couldn't read content from file 'current_ply.txt'
Couldn't read file 'lastmatchange_ply.txt'
Couldn't read content from file 'lastmatchange_ply.txt'
##### SUCCESS: /usr/lib/jvm/jdk-14.0.1/bin/java -jar /lab/itti/projects/checkers-competition/server/referee.jar on run_13_sajjanla_vdhankar #####
INPUT for vdhankar:
GAME
WHITE
300
.b.b.b.b
b.b.b.b.
...b.b.b
b.......
........
w.w.w.w.
.w.w.w.w
w.w.w.w.
##### Running: /usr/bin/time -o time_13_sajjanla_vdhankar.txt -f "%U" python3 homework.py > stulog.txt 2>&1 on vdhankar #####
child exited with value 1
##### ERROR: /usr/bin/time -o time_13_sajjanla_vdhankar.txt -f "%U" python3 homework.py > stulog.txt 2>&1 on vdhankar #####
##### Output of failed program (stdout + stderr): #####
Traceback (most recent call last):
  File "homework.py", line 546, in <module>
    print(end-start)
NameError: name 'end' is not defined
##### End of output of failed program #####
##### vdhankar plays [E g3 h4] in 10.8991930484772s #####
##### Running: /usr/lib/jvm/jdk-14.0.1/bin/java -jar /lab/itti/projects/checkers-competition/server/referee.jar on run_13_sajjanla_vdhankar #####
Move is valid
##### SUCCESS: /usr/lib/jvm/jdk-14.0.1/bin/java -jar /lab/itti/projects/checkers-competition/server/referee.jar on run_13_sajjanla_vdhankar #####
INPUT for sajjanla:
GAME
BLACK
298.91
.b.b.b.b
b.b.b.b.
...b.b.b
b.......
.......w
w.w.w...
.w.w.w.w
w.w.w.w.
##### Running: /usr/bin/time -o time_13_sajjanla_vdhankar.txt -f "%U" /usr/lib/jvm/jdk-14.0.1/bin/java homework > stulog.txt 2>&1 on sajjanla #####
##### SUCCESS: /usr/bin/time -o time_13_sajjanla_vdhankar.txt -f "%U" /usr/lib/jvm/jdk-14.0.1/bin/java homework > stulog.txt 2>&1 on sajjanla #####
##### sajjanla plays [E d6 c5] in 1.2s #####
##### Running: /usr/lib/jvm/jdk-14.0.1/bin/java -jar /lab/itti/projects/checkers-competition/server/referee.jar on run_13_sajjanla_vdhankar #####
Move is valid
##### SUCCESS: /usr/lib/jvm/jdk-14.0.1/bin/java -jar /lab/itti/projects/checkers-competition/server/referee.jar on run_13_sajjanla_vdhankar #####
INPUT for vdhankar:
GAME
WHITE
289.100806951523
.b.b.b.b
b.b.b.b.
.....b.b
b.b.....
.......w
w.w.w...
.w.w.w.w
w.w.w.w.
##### Running: /usr/bin/time -o time_13_sajjanla_vdhankar.txt -f "%U" python3 homework.py > stulog.txt 2>&1 on vdhankar #####
child exited with value 1
##### ERROR: /usr/bin/time -o time_13_sajjanla_vdhankar.txt -f "%U" python3 homework.py > stulog.txt 2>&1 on vdhankar #####
##### Output of failed program (stdout + stderr): #####
Traceback (most recent call last):
  File "homework.py", line 546, in <module>
    print(end-start)
NameError: name 'end' is not defined
##### End of output of failed program #####
##### vdhankar plays [E h2 g3] in 10.7489399909973s #####
##### Running: /usr/lib/jvm/jdk-14.0.1/bin/java -jar /lab/itti/projects/checkers-competition/server/referee.jar on run_13_sajjanla_vdhankar #####
Move is valid
##### SUCCESS: /usr/lib/jvm/jdk-14.0.1/bin/java -jar /lab/itti/projects/checkers-competition/server/referee.jar on run_13_sajjanla_vdhankar #####
INPUT for sajjanla:
GAME
BLACK
297.71
.b.b.b.b
b.b.b.b.
.....b.b
b.b.....
.......w
w.w.w.w.
.w.w.w..
w.w.w.w.
##### Running: /usr/bin/time -o time_13_sajjanla_vdhankar.txt -f "%U" /usr/lib/jvm/jdk-14.0.1/bin/java homework > stulog.txt 2>&1 on sajjanla #####
##### SUCCESS: /usr/bin/time -o time_13_sajjanla_vdhankar.txt -f "%U" /usr/lib/jvm/jdk-14.0.1/bin/java homework > stulog.txt 2>&1 on sajjanla #####
##### sajjanla plays [E c7 b6] in 0.83s #####
##### Running: /usr/lib/jvm/jdk-14.0.1/bin/java -jar /lab/itti/projects/checkers-competition/server/referee.jar on run_13_sajjanla_vdhankar #####
Move is valid
##### SUCCESS: /usr/lib/jvm/jdk-14.0.1/bin/java -jar /lab/itti/projects/checkers-competition/server/referee.jar on run_13_sajjanla_vdhankar #####
INPUT for vdhankar:
GAME
WHITE
278.351866960526
.b.b.b.b
b...b.b.
.b...b.b
b.b.....
.......w
w.w.w.w.
.w.w.w..
w.w.w.w.
##### Running: /usr/bin/time -o time_13_sajjanla_vdhankar.txt -f "%U" python3 homework.py > stulog.txt 2>&1 on vdhankar #####
child exited with value 1
##### ERROR: /usr/bin/time -o time_13_sajjanla_vdhankar.txt -f "%U" python3 homework.py > stulog.txt 2>&1 on vdhankar #####
##### Output of failed program (stdout + stderr): #####
Traceback (most recent call last):
  File "homework.py", line 546, in <module>
    print(end-start)
NameError: name 'end' is not defined
##### End of output of failed program #####
##### vdhankar plays [E e3 f4] in 8.32566690444946s #####
##### Running: /usr/lib/jvm/jdk-14.0.1/bin/java -jar /lab/itti/projects/checkers-competition/server/referee.jar on run_13_sajjanla_vdhankar #####
Move is valid
##### SUCCESS: /usr/lib/jvm/jdk-14.0.1/bin/java -jar /lab/itti/projects/checkers-competition/server/referee.jar on run_13_sajjanla_vdhankar #####
INPUT for sajjanla:
GAME
BLACK
296.88
.b.b.b.b
b...b.b.
.b...b.b
b.b.....
.....w.w
w.w...w.
.w.w.w..
w.w.w.w.
##### Running: /usr/bin/time -o time_13_sajjanla_vdhankar.txt -f "%U" /usr/lib/jvm/jdk-14.0.1/bin/java homework > stulog.txt 2>&1 on sajjanla #####
##### SUCCESS: /usr/bin/time -o time_13_sajjanla_vdhankar.txt -f "%U" /usr/lib/jvm/jdk-14.0.1/bin/java homework > stulog.txt 2>&1 on sajjanla #####
##### sajjanla plays [E b8 c7] in 0.66s #####
##### Running: /usr/lib/jvm/jdk-14.0.1/bin/java -jar /lab/itti/projects/checkers-competition/server/referee.jar on run_13_sajjanla_vdhankar #####
Move is valid
##### SUCCESS: /usr/lib/jvm/jdk-14.0.1/bin/java -jar /lab/itti/projects/checkers-competition/server/referee.jar on run_13_sajjanla_vdhankar #####
INPUT for vdhankar:
GAME
WHITE
270.026200056076
...b.b.b
b.b.b.b.
.b...b.b
b.b.....
.....w.w
w.w...w.
.w.w.w..
w.w.w.w.
##### Running: /usr/bin/time -o time_13_sajjanla_vdhankar.txt -f "%U" python3 homework.py > stulog.txt 2>&1 on vdhankar #####
child exited with value 1
##### ERROR: /usr/bin/time -o time_13_sajjanla_vdhankar.txt -f "%U" python3 homework.py > stulog.txt 2>&1 on vdhankar #####
##### Output of failed program (stdout + stderr): #####
Traceback (most recent call last):
  File "homework.py", line 546, in <module>
    print(end-start)
NameError: name 'end' is not defined
##### End of output of failed program #####
##### vdhankar plays [E c3 b4] in 2.15339612960815s #####
##### Running: /usr/lib/jvm/jdk-14.0.1/bin/java -jar /lab/itti/projects/checkers-competition/server/referee.jar on run_13_sajjanla_vdhankar #####
Move is valid
##### SUCCESS: /usr/lib/jvm/jdk-14.0.1/bin/java -jar /lab/itti/projects/checkers-competition/server/referee.jar on run_13_sajjanla_vdhankar #####
INPUT for sajjanla:
GAME
BLACK
296.22
...b.b.b
b.b.b.b.
.b...b.b
b.b.....
.w...w.w
w.....w.
.w.w.w..
w.w.w.w.
##### Running: /usr/bin/time -o time_13_sajjanla_vdhankar.txt -f "%U" /usr/lib/jvm/jdk-14.0.1/bin/java homework > stulog.txt 2>&1 on sajjanla #####
##### SUCCESS: /usr/bin/time -o time_13_sajjanla_vdhankar.txt -f "%U" /usr/lib/jvm/jdk-14.0.1/bin/java homework > stulog.txt 2>&1 on sajjanla #####
##### sajjanla plays [E a5 c3] in 0.38s #####
##### Running: /usr/lib/jvm/jdk-14.0.1/bin/java -jar /lab/itti/projects/checkers-competition/server/referee.jar on run_13_sajjanla_vdhankar #####
Move is valid
##### SUCCESS: /usr/lib/jvm/jdk-14.0.1/bin/java -jar /lab/itti/projects/checkers-competition/server/referee.jar on run_13_sajjanla_vdhankar #####
INPUT for vdhankar:
GAME
WHITE
267.872803926468
...b.b.b
b.b.b.b.
.b...b.b
..b.....
.w...w.w
w.b...w.
.w.w.w..
w.w.w.w.
##### Running: /usr/bin/time -o time_13_sajjanla_vdhankar.txt -f "%U" python3 homework.py > stulog.txt 2>&1 on vdhankar #####
child exited with value 1
##### ERROR: /usr/bin/time -o time_13_sajjanla_vdhankar.txt -f "%U" python3 homework.py > stulog.txt 2>&1 on vdhankar #####
##### Output of failed program (stdout + stderr): #####
Traceback (most recent call last):
  File "homework.py", line 546, in <module>
    print(end-start)
NameError: name 'end' is not defined
##### End of output of failed program #####
##### vdhankar plays [J b4 d6 ; J d6 b8] in 1.55303001403809s #####
##### Running: /usr/lib/jvm/jdk-14.0.1/bin/java -jar /lab/itti/projects/checkers-competition/server/referee.jar on run_13_sajjanla_vdhankar #####
Move is valid
##### SUCCESS: /usr/lib/jvm/jdk-14.0.1/bin/java -jar /lab/itti/projects/checkers-competition/server/referee.jar on run_13_sajjanla_vdhankar #####
INPUT for sajjanla:
GAME
BLACK
295.84
.W.b.b.b
b...b.b.
.b...b.b
........
.....w.w
w.b...w.
.w.w.w..
w.w.w.w.
##### Running: /usr/bin/time -o time_13_sajjanla_vdhankar.txt -f "%U" /usr/lib/jvm/jdk-14.0.1/bin/java homework > stulog.txt 2>&1 on sajjanla #####
##### SUCCESS: /usr/bin/time -o time_13_sajjanla_vdhankar.txt -f "%U" /usr/lib/jvm/jdk-14.0.1/bin/java homework > stulog.txt 2>&1 on sajjanla #####
##### sajjanla plays [E b6 a5] in 0.58s #####
##### Running: /usr/lib/jvm/jdk-14.0.1/bin/java -jar /lab/itti/projects/checkers-competition/server/referee.jar on run_13_sajjanla_vdhankar #####
Move is valid
##### SUCCESS: /usr/lib/jvm/jdk-14.0.1/bin/java -jar /lab/itti/projects/checkers-competition/server/referee.jar on run_13_sajjanla_vdhankar #####
INPUT for vdhankar:
GAME
WHITE
266.31977391243
.W.b.b.b
b...b.b.
.....b.b
b.......
.....w.w
w.b...w.
.w.w.w..
w.w.w.w.
##### Running: /usr/bin/time -o time_13_sajjanla_vdhankar.txt -f "%U" python3 homework.py > stulog.txt 2>&1 on vdhankar #####
child exited with value 1
##### ERROR: /usr/bin/time -o time_13_sajjanla_vdhankar.txt -f "%U" python3 homework.py > stulog.txt 2>&1 on vdhankar #####
##### Output of failed program (stdout + stderr): #####
Traceback (most recent call last):
  File "homework.py", line 546, in <module>
    print(end-start)
NameError: name 'end' is not defined
##### End of output of failed program #####
##### vdhankar plays [J d2 b4] in 0.834625959396362s #####
##### Running: /usr/lib/jvm/jdk-14.0.1/bin/java -jar /lab/itti/projects/checkers-competition/server/referee.jar on run_13_sajjanla_vdhankar #####
Move is valid
##### SUCCESS: /usr/lib/jvm/jdk-14.0.1/bin/java -jar /lab/itti/projects/checkers-competition/server/referee.jar on run_13_sajjanla_vdhankar #####
INPUT for sajjanla:
GAME
BLACK
295.26
.W.b.b.b
b...b.b.
.....b.b
b.......
.w...w.w
w.....w.
.w...w..
w.w.w.w.
##### Running: /usr/bin/time -o time_13_sajjanla_vdhankar.txt -f "%U" /usr/lib/jvm/jdk-14.0.1/bin/java homework > stulog.txt 2>&1 on sajjanla #####
##### SUCCESS: /usr/bin/time -o time_13_sajjanla_vdhankar.txt -f "%U" /usr/lib/jvm/jdk-14.0.1/bin/java homework > stulog.txt 2>&1 on sajjanla #####
##### sajjanla plays [E a5 c3] in 0.49s #####
##### Running: /usr/lib/jvm/jdk-14.0.1/bin/java -jar /lab/itti/projects/checkers-competition/server/referee.jar on run_13_sajjanla_vdhankar #####
Move is valid
##### SUCCESS: /usr/lib/jvm/jdk-14.0.1/bin/java -jar /lab/itti/projects/checkers-competition/server/referee.jar on run_13_sajjanla_vdhankar #####
INPUT for vdhankar:
GAME
WHITE
265.485147953033
.W.b.b.b
b...b.b.
.....b.b
........
.w...w.w
w.b...w.
.w...w..
w.w.w.w.
##### Running: /usr/bin/time -o time_13_sajjanla_vdhankar.txt -f "%U" python3 homework.py > stulog.txt 2>&1 on vdhankar #####
child exited with value 1
##### ERROR: /usr/bin/time -o time_13_sajjanla_vdhankar.txt -f "%U" python3 homework.py > stulog.txt 2>&1 on vdhankar #####
##### Output of failed program (stdout + stderr): #####
Traceback (most recent call last):
  File "homework.py", line 546, in <module>
    print(end-start)
NameError: name 'end' is not defined
##### End of output of failed program #####
##### vdhankar plays [J b2 d4] in 0.749136209487915s #####
##### Running: /usr/lib/jvm/jdk-14.0.1/bin/java -jar /lab/itti/projects/checkers-competition/server/referee.jar on run_13_sajjanla_vdhankar #####
Move is valid
##### SUCCESS: /usr/lib/jvm/jdk-14.0.1/bin/java -jar /lab/itti/projects/checkers-competition/server/referee.jar on run_13_sajjanla_vdhankar #####
INPUT for sajjanla:
GAME
BLACK
294.77
.W.b.b.b
b...b.b.
.....b.b
........
.w.w.w.w
w.....w.
.....w..
w.w.w.w.
##### Running: /usr/bin/time -o time_13_sajjanla_vdhankar.txt -f "%U" /usr/lib/jvm/jdk-14.0.1/bin/java homework > stulog.txt 2>&1 on sajjanla #####
##### SUCCESS: /usr/bin/time -o time_13_sajjanla_vdhankar.txt -f "%U" /usr/lib/jvm/jdk-14.0.1/bin/java homework > stulog.txt 2>&1 on sajjanla #####
##### sajjanla plays [E a7 b6] in 0.54s #####
##### Running: /usr/lib/jvm/jdk-14.0.1/bin/java -jar /lab/itti/projects/checkers-competition/server/referee.jar on run_13_sajjanla_vdhankar #####
Move is valid
##### SUCCESS: /usr/lib/jvm/jdk-14.0.1/bin/java -jar /lab/itti/projects/checkers-competition/server/referee.jar on run_13_sajjanla_vdhankar #####
INPUT for vdhankar:
GAME
WHITE
264.736011743546
.W.b.b.b
....b.b.
.b...b.b
........
.w.w.w.w
w.....w.
.....w..
w.w.w.w.
##### Running: /usr/bin/time -o time_13_sajjanla_vdhankar.txt -f "%U" python3 homework.py > stulog.txt 2>&1 on vdhankar #####
child exited with value 1
##### ERROR: /usr/bin/time -o time_13_sajjanla_vdhankar.txt -f "%U" python3 homework.py > stulog.txt 2>&1 on vdhankar #####
##### Output of failed program (stdout + stderr): #####
Traceback (most recent call last):
  File "homework.py", line 546, in <module>
    print(end-start)
NameError: name 'end' is not defined
##### End of output of failed program #####
##### vdhankar plays [E b4 c5] in 5.90055203437805s #####
##### Running: /usr/lib/jvm/jdk-14.0.1/bin/java -jar /lab/itti/projects/checkers-competition/server/referee.jar on run_13_sajjanla_vdhankar #####
Move is valid
##### SUCCESS: /usr/lib/jvm/jdk-14.0.1/bin/java -jar /lab/itti/projects/checkers-competition/server/referee.jar on run_13_sajjanla_vdhankar #####
INPUT for sajjanla:
GAME
BLACK
294.23
.W.b.b.b
....b.b.
.b...b.b
..w.....
...w.w.w
w.....w.
.....w..
w.w.w.w.
##### Running: /usr/bin/time -o time_13_sajjanla_vdhankar.txt -f "%U" /usr/lib/jvm/jdk-14.0.1/bin/java homework > stulog.txt 2>&1 on sajjanla #####
##### SUCCESS: /usr/bin/time -o time_13_sajjanla_vdhankar.txt -f "%U" /usr/lib/jvm/jdk-14.0.1/bin/java homework > stulog.txt 2>&1 on sajjanla #####
##### sajjanla plays [E b6 a5] in 0.64s #####
##### Running: /usr/lib/jvm/jdk-14.0.1/bin/java -jar /lab/itti/projects/checkers-competition/server/referee.jar on run_13_sajjanla_vdhankar #####
Move is valid
##### SUCCESS: /usr/lib/jvm/jdk-14.0.1/bin/java -jar /lab/itti/projects/checkers-competition/server/referee.jar on run_13_sajjanla_vdhankar #####
INPUT for vdhankar:
GAME
WHITE
258.835459709167
.W.b.b.b
....b.b.
.....b.b
b.w.....
...w.w.w
w.....w.
.....w..
w.w.w.w.
##### Running: /usr/bin/time -o time_13_sajjanla_vdhankar.txt -f "%U" python3 homework.py > stulog.txt 2>&1 on vdhankar #####
child exited with value 1
##### ERROR: /usr/bin/time -o time_13_sajjanla_vdhankar.txt -f "%U" python3 homework.py > stulog.txt 2>&1 on vdhankar #####
##### Output of failed program (stdout + stderr): #####
Traceback (most recent call last):
  File "homework.py", line 546, in <module>
    print(end-start)
NameError: name 'end' is not defined
##### End of output of failed program #####
##### vdhankar plays [E f4 e5] in 10.3397750854492s #####
##### Running: /usr/lib/jvm/jdk-14.0.1/bin/java -jar /lab/itti/projects/checkers-competition/server/referee.jar on run_13_sajjanla_vdhankar #####
Move is valid
##### SUCCESS: /usr/lib/jvm/jdk-14.0.1/bin/java -jar /lab/itti/projects/checkers-competition/server/referee.jar on run_13_sajjanla_vdhankar #####
INPUT for sajjanla:
GAME
BLACK
293.59
.W.b.b.b
....b.b.
.....b.b
b.w.w...
...w...w
w.....w.
.....w..
w.w.w.w.
##### Running: /usr/bin/time -o time_13_sajjanla_vdhankar.txt -f "%U" /usr/lib/jvm/jdk-14.0.1/bin/java homework > stulog.txt 2>&1 on sajjanla #####
##### SUCCESS: /usr/bin/time -o time_13_sajjanla_vdhankar.txt -f "%U" /usr/lib/jvm/jdk-14.0.1/bin/java homework > stulog.txt 2>&1 on sajjanla #####
##### sajjanla plays [E a5 b4] in 0.54s #####
##### Running: /usr/lib/jvm/jdk-14.0.1/bin/java -jar /lab/itti/projects/checkers-competition/server/referee.jar on run_13_sajjanla_vdhankar #####
Move is valid
##### SUCCESS: /usr/lib/jvm/jdk-14.0.1/bin/java -jar /lab/itti/projects/checkers-competition/server/referee.jar on run_13_sajjanla_vdhankar #####
INPUT for vdhankar:
GAME
WHITE
248.495684623718
.W.b.b.b
....b.b.
.....b.b
..w.w...
.b.w...w
w.....w.
.....w..
w.w.w.w.
##### Running: /usr/bin/time -o time_13_sajjanla_vdhankar.txt -f "%U" python3 homework.py > stulog.txt 2>&1 on vdhankar #####
child exited with value 1
##### ERROR: /usr/bin/time -o time_13_sajjanla_vdhankar.txt -f "%U" python3 homework.py > stulog.txt 2>&1 on vdhankar #####
##### Output of failed program (stdout + stderr): #####
Traceback (most recent call last):
  File "homework.py", line 546, in <module>
    print(end-start)
NameError: name 'end' is not defined
##### End of output of failed program #####
##### vdhankar plays [E b8 c7] in 3.99191498756409s #####
##### Running: /usr/lib/jvm/jdk-14.0.1/bin/java -jar /lab/itti/projects/checkers-competition/server/referee.jar on run_13_sajjanla_vdhankar #####
Move is valid
##### SUCCESS: /usr/lib/jvm/jdk-14.0.1/bin/java -jar /lab/itti/projects/checkers-competition/server/referee.jar on run_13_sajjanla_vdhankar #####
INPUT for sajjanla:
GAME
BLACK
293.05
...b.b.b
..W.b.b.
.....b.b
..w.w...
.b.w...w
w.....w.
.....w..
w.w.w.w.
##### Running: /usr/bin/time -o time_13_sajjanla_vdhankar.txt -f "%U" /usr/lib/jvm/jdk-14.0.1/bin/java homework > stulog.txt 2>&1 on sajjanla #####
##### SUCCESS: /usr/bin/time -o time_13_sajjanla_vdhankar.txt -f "%U" /usr/lib/jvm/jdk-14.0.1/bin/java homework > stulog.txt 2>&1 on sajjanla #####
##### sajjanla plays [E d8 b6] in 0.3s #####
##### Running: /usr/lib/jvm/jdk-14.0.1/bin/java -jar /lab/itti/projects/checkers-competition/server/referee.jar on run_13_sajjanla_vdhankar #####
Move is valid
##### SUCCESS: /usr/lib/jvm/jdk-14.0.1/bin/java -jar /lab/itti/projects/checkers-competition/server/referee.jar on run_13_sajjanla_vdhankar #####
INPUT for vdhankar:
GAME
WHITE
244.503769636154
.....b.b
..W.b.b.
.b...b.b
..w.w...
.b.w...w
w.....w.
.....w..
w.w.w.w.
##### Running: /usr/bin/time -o time_13_sajjanla_vdhankar.txt -f "%U" python3 homework.py > stulog.txt 2>&1 on vdhankar #####
child exited with value 1
##### ERROR: /usr/bin/time -o time_13_sajjanla_vdhankar.txt -f "%U" python3 homework.py > stulog.txt 2>&1 on vdhankar #####
##### Output of failed program (stdout + stderr): #####
Traceback (most recent call last):
  File "homework.py", line 546, in <module>
    print(end-start)
NameError: name 'end' is not defined
##### End of output of failed program #####
##### vdhankar plays [J c7 a5 ; J a5 c3] in 1.18660998344421s #####
##### Running: /usr/lib/jvm/jdk-14.0.1/bin/java -jar /lab/itti/projects/checkers-competition/server/referee.jar on run_13_sajjanla_vdhankar #####
Move is valid
##### SUCCESS: /usr/lib/jvm/jdk-14.0.1/bin/java -jar /lab/itti/projects/checkers-competition/server/referee.jar on run_13_sajjanla_vdhankar #####
INPUT for sajjanla:
GAME
BLACK
292.75
.....b.b
....b.b.
.....b.b
..w.w...
...w...w
w.W...w.
.....w..
w.w.w.w.
##### Running: /usr/bin/time -o time_13_sajjanla_vdhankar.txt -f "%U" /usr/lib/jvm/jdk-14.0.1/bin/java homework > stulog.txt 2>&1 on sajjanla #####
##### SUCCESS: /usr/bin/time -o time_13_sajjanla_vdhankar.txt -f "%U" /usr/lib/jvm/jdk-14.0.1/bin/java homework > stulog.txt 2>&1 on sajjanla #####
##### sajjanla plays [E h6 g5] in 0.41s #####
##### Running: /usr/lib/jvm/jdk-14.0.1/bin/java -jar /lab/itti/projects/checkers-competition/server/referee.jar on run_13_sajjanla_vdhankar #####
Move is valid
##### SUCCESS: /usr/lib/jvm/jdk-14.0.1/bin/java -jar /lab/itti/projects/checkers-competition/server/referee.jar on run_13_sajjanla_vdhankar #####
INPUT for vdhankar:
GAME
WHITE
243.31715965271
.....b.b
....b.b.
.....b..
..w.w.b.
...w...w
w.W...w.
.....w..
w.w.w.w.
##### Running: /usr/bin/time -o time_13_sajjanla_vdhankar.txt -f "%U" python3 homework.py > stulog.txt 2>&1 on vdhankar #####
child exited with value 1
##### ERROR: /usr/bin/time -o time_13_sajjanla_vdhankar.txt -f "%U" python3 homework.py > stulog.txt 2>&1 on vdhankar #####
##### Output of failed program (stdout + stderr): #####
Traceback (most recent call last):
  File "homework.py", line 546, in <module>
    print(end-start)
NameError: name 'end' is not defined
##### End of output of failed program #####
##### vdhankar plays [E e5 d6] in 4.71836018562317s #####
##### Running: /usr/lib/jvm/jdk-14.0.1/bin/java -jar /lab/itti/projects/checkers-competition/server/referee.jar on run_13_sajjanla_vdhankar #####
Move is valid
##### SUCCESS: /usr/lib/jvm/jdk-14.0.1/bin/java -jar /lab/itti/projects/checkers-competition/server/referee.jar on run_13_sajjanla_vdhankar #####
INPUT for sajjanla:
GAME
BLACK
292.34
.....b.b
....b.b.
...w.b..
..w...b.
...w...w
w.W...w.
.....w..
w.w.w.w.
##### Running: /usr/bin/time -o time_13_sajjanla_vdhankar.txt -f "%U" /usr/lib/jvm/jdk-14.0.1/bin/java homework > stulog.txt 2>&1 on sajjanla #####
##### SUCCESS: /usr/bin/time -o time_13_sajjanla_vdhankar.txt -f "%U" /usr/lib/jvm/jdk-14.0.1/bin/java homework > stulog.txt 2>&1 on sajjanla #####
##### sajjanla plays [E g7 h6] in 0.4s #####
##### Running: /usr/lib/jvm/jdk-14.0.1/bin/java -jar /lab/itti/projects/checkers-competition/server/referee.jar on run_13_sajjanla_vdhankar #####
Move is valid
##### SUCCESS: /usr/lib/jvm/jdk-14.0.1/bin/java -jar /lab/itti/projects/checkers-competition/server/referee.jar on run_13_sajjanla_vdhankar #####
INPUT for vdhankar:
GAME
WHITE
238.598799467087
.....b.b
....b...
...w.b.b
..w...b.
...w...w
w.W...w.
.....w..
w.w.w.w.
##### Running: /usr/bin/time -o time_13_sajjanla_vdhankar.txt -f "%U" python3 homework.py > stulog.txt 2>&1 on vdhankar #####
child exited with value 1
##### ERROR: /usr/bin/time -o time_13_sajjanla_vdhankar.txt -f "%U" python3 homework.py > stulog.txt 2>&1 on vdhankar #####
##### Output of failed program (stdout + stderr): #####
Traceback (most recent call last):
  File "homework.py", line 546, in <module>
    print(end-start)
NameError: name 'end' is not defined
##### End of output of failed program #####
##### vdhankar plays [E f2 e3] in 4.45170617103577s #####
##### Running: /usr/lib/jvm/jdk-14.0.1/bin/java -jar /lab/itti/projects/checkers-competition/server/referee.jar on run_13_sajjanla_vdhankar #####
Move is valid
##### SUCCESS: /usr/lib/jvm/jdk-14.0.1/bin/java -jar /lab/itti/projects/checkers-competition/server/referee.jar on run_13_sajjanla_vdhankar #####
INPUT for sajjanla:
GAME
BLACK
291.94
.....b.b
....b...
...w.b.b
..w...b.
...w...w
w.W.w.w.
........
w.w.w.w.
##### Running: /usr/bin/time -o time_13_sajjanla_vdhankar.txt -f "%U" /usr/lib/jvm/jdk-14.0.1/bin/java homework > stulog.txt 2>&1 on sajjanla #####
##### SUCCESS: /usr/bin/time -o time_13_sajjanla_vdhankar.txt -f "%U" /usr/lib/jvm/jdk-14.0.1/bin/java homework > stulog.txt 2>&1 on sajjanla #####
##### sajjanla plays [E f8 g7] in 0.71s #####
##### Running: /usr/lib/jvm/jdk-14.0.1/bin/java -jar /lab/itti/projects/checkers-competition/server/referee.jar on run_13_sajjanla_vdhankar #####
Move is valid
##### SUCCESS: /usr/lib/jvm/jdk-14.0.1/bin/java -jar /lab/itti/projects/checkers-competition/server/referee.jar on run_13_sajjanla_vdhankar #####
INPUT for vdhankar:
GAME
WHITE
234.147093296051
.......b
....b.b.
...w.b.b
..w...b.
...w...w
w.W.w.w.
........
w.w.w.w.
##### Running: /usr/bin/time -o time_13_sajjanla_vdhankar.txt -f "%U" python3 homework.py > stulog.txt 2>&1 on vdhankar #####
child exited with value 1
##### ERROR: /usr/bin/time -o time_13_sajjanla_vdhankar.txt -f "%U" python3 homework.py > stulog.txt 2>&1 on vdhankar #####
##### Output of failed program (stdout + stderr): #####
Traceback (most recent call last):
  File "homework.py", line 546, in <module>
    print(end-start)
NameError: name 'end' is not defined
##### End of output of failed program #####
##### vdhankar plays [J d6 f8] in 0.556050062179565s #####
##### Running: /usr/lib/jvm/jdk-14.0.1/bin/java -jar /lab/itti/projects/checkers-competition/server/referee.jar on run_13_sajjanla_vdhankar #####
Move is valid
##### SUCCESS: /usr/lib/jvm/jdk-14.0.1/bin/java -jar /lab/itti/projects/checkers-competition/server/referee.jar on run_13_sajjanla_vdhankar #####
INPUT for sajjanla:
GAME
BLACK
291.23
.....W.b
......b.
.....b.b
..w...b.
...w...w
w.W.w.w.
........
w.w.w.w.
##### Running: /usr/bin/time -o time_13_sajjanla_vdhankar.txt -f "%U" /usr/lib/jvm/jdk-14.0.1/bin/java homework > stulog.txt 2>&1 on sajjanla #####
##### SUCCESS: /usr/bin/time -o time_13_sajjanla_vdhankar.txt -f "%U" /usr/lib/jvm/jdk-14.0.1/bin/java homework > stulog.txt 2>&1 on sajjanla #####
##### sajjanla plays [E f6 e5] in 0.32s #####
##### Running: /usr/lib/jvm/jdk-14.0.1/bin/java -jar /lab/itti/projects/checkers-competition/server/referee.jar on run_13_sajjanla_vdhankar #####
Move is valid
##### SUCCESS: /usr/lib/jvm/jdk-14.0.1/bin/java -jar /lab/itti/projects/checkers-competition/server/referee.jar on run_13_sajjanla_vdhankar #####
INPUT for vdhankar:
GAME
WHITE
233.591043233871
.....W.b
......b.
.......b
..w.b.b.
...w...w
w.W.w.w.
........
w.w.w.w.
##### Running: /usr/bin/time -o time_13_sajjanla_vdhankar.txt -f "%U" python3 homework.py > stulog.txt 2>&1 on vdhankar #####
child exited with value 1
##### ERROR: /usr/bin/time -o time_13_sajjanla_vdhankar.txt -f "%U" python3 homework.py > stulog.txt 2>&1 on vdhankar #####
##### Output of failed program (stdout + stderr): #####
Traceback (most recent call last):
  File "homework.py", line 546, in <module>
    print(end-start)
NameError: name 'end' is not defined
##### End of output of failed program #####
##### vdhankar plays [J h4 f6] in 0.41719388961792s #####
##### Running: /usr/lib/jvm/jdk-14.0.1/bin/java -jar /lab/itti/projects/checkers-competition/server/referee.jar on run_13_sajjanla_vdhankar #####
Move is valid
##### SUCCESS: /usr/lib/jvm/jdk-14.0.1/bin/java -jar /lab/itti/projects/checkers-competition/server/referee.jar on run_13_sajjanla_vdhankar #####
INPUT for sajjanla:
GAME
BLACK
290.91
.....W.b
......b.
.....w.b
..w.b...
...w....
w.W.w.w.
........
w.w.w.w.
##### Running: /usr/bin/time -o time_13_sajjanla_vdhankar.txt -f "%U" /usr/lib/jvm/jdk-14.0.1/bin/java homework > stulog.txt 2>&1 on sajjanla #####
##### SUCCESS: /usr/bin/time -o time_13_sajjanla_vdhankar.txt -f "%U" /usr/lib/jvm/jdk-14.0.1/bin/java homework > stulog.txt 2>&1 on sajjanla #####
##### sajjanla plays [E e5 f4] in 0.25s #####
##### Running: /usr/lib/jvm/jdk-14.0.1/bin/java -jar /lab/itti/projects/checkers-competition/server/referee.jar on run_13_sajjanla_vdhankar #####
Move is valid
##### SUCCESS: /usr/lib/jvm/jdk-14.0.1/bin/java -jar /lab/itti/projects/checkers-competition/server/referee.jar on run_13_sajjanla_vdhankar #####
INPUT for vdhankar:
GAME
WHITE
233.173849344254
.....W.b
......b.
.....w.b
..w.....
...w.b..
w.W.w.w.
........
w.w.w.w.
##### Running: /usr/bin/time -o time_13_sajjanla_vdhankar.txt -f "%U" python3 homework.py > stulog.txt 2>&1 on vdhankar #####
child exited with value 1
##### ERROR: /usr/bin/time -o time_13_sajjanla_vdhankar.txt -f "%U" python3 homework.py > stulog.txt 2>&1 on vdhankar #####
##### Output of failed program (stdout + stderr): #####
Traceback (most recent call last):
  File "homework.py", line 546, in <module>
    print(end-start)
NameError: name 'end' is not defined
##### End of output of failed program #####
##### vdhankar plays [J e3 g5] in 0.207329988479614s #####
##### Running: /usr/lib/jvm/jdk-14.0.1/bin/java -jar /lab/itti/projects/checkers-competition/server/referee.jar on run_13_sajjanla_vdhankar #####
Move is valid
##### SUCCESS: /usr/lib/jvm/jdk-14.0.1/bin/java -jar /lab/itti/projects/checkers-competition/server/referee.jar on run_13_sajjanla_vdhankar #####
INPUT for sajjanla:
GAME
BLACK
290.66
.....W.b
......b.
.....w.b
..w...w.
...w....
w.W...w.
........
w.w.w.w.
##### Running: /usr/bin/time -o time_13_sajjanla_vdhankar.txt -f "%U" /usr/lib/jvm/jdk-14.0.1/bin/java homework > stulog.txt 2>&1 on sajjanla #####
##### SUCCESS: /usr/bin/time -o time_13_sajjanla_vdhankar.txt -f "%U" /usr/lib/jvm/jdk-14.0.1/bin/java homework > stulog.txt 2>&1 on sajjanla #####
##### sajjanla plays [E g7 e5] in 0.16s #####
##### Running: /usr/lib/jvm/jdk-14.0.1/bin/java -jar /lab/itti/projects/checkers-competition/server/referee.jar on run_13_sajjanla_vdhankar #####
Move is valid
##### SUCCESS: /usr/lib/jvm/jdk-14.0.1/bin/java -jar /lab/itti/projects/checkers-competition/server/referee.jar on run_13_sajjanla_vdhankar #####
INPUT for vdhankar:
GAME
WHITE
232.966519355774
.....W.b
........
.....w.b
..w.b.w.
...w....
w.W...w.
........
w.w.w.w.
##### Running: /usr/bin/time -o time_13_sajjanla_vdhankar.txt -f "%U" python3 homework.py > stulog.txt 2>&1 on vdhankar #####
child exited with value 1
##### ERROR: /usr/bin/time -o time_13_sajjanla_vdhankar.txt -f "%U" python3 homework.py > stulog.txt 2>&1 on vdhankar #####
##### Output of failed program (stdout + stderr): #####
Traceback (most recent call last):
  File "homework.py", line 546, in <module>
    print(end-start)
NameError: name 'end' is not defined
##### End of output of failed program #####
##### vdhankar plays [E f8 e7] in 0.666063070297241s #####
##### Running: /usr/lib/jvm/jdk-14.0.1/bin/java -jar /lab/itti/projects/checkers-competition/server/referee.jar on run_13_sajjanla_vdhankar #####
Move is valid
##### SUCCESS: /usr/lib/jvm/jdk-14.0.1/bin/java -jar /lab/itti/projects/checkers-competition/server/referee.jar on run_13_sajjanla_vdhankar #####
INPUT for sajjanla:
GAME
BLACK
290.5
.......b
....W...
.....w.b
..w.b.w.
...w....
w.W...w.
........
w.w.w.w.
##### Running: /usr/bin/time -o time_13_sajjanla_vdhankar.txt -f "%U" /usr/lib/jvm/jdk-14.0.1/bin/java homework > stulog.txt 2>&1 on sajjanla #####
##### SUCCESS: /usr/bin/time -o time_13_sajjanla_vdhankar.txt -f "%U" /usr/lib/jvm/jdk-14.0.1/bin/java homework > stulog.txt 2>&1 on sajjanla #####
##### sajjanla plays [J h6 f4 ; J f4 h2] in 0.71s #####
##### Running: /usr/lib/jvm/jdk-14.0.1/bin/java -jar /lab/itti/projects/checkers-competition/server/referee.jar on run_13_sajjanla_vdhankar #####
Move is valid
##### SUCCESS: /usr/lib/jvm/jdk-14.0.1/bin/java -jar /lab/itti/projects/checkers-competition/server/referee.jar on run_13_sajjanla_vdhankar #####
INPUT for vdhankar:
GAME
WHITE
232.300456285477
.......b
....W...
.....w..
..w.b...
...w....
w.W.....
.......b
w.w.w.w.
##### Running: /usr/bin/time -o time_13_sajjanla_vdhankar.txt -f "%U" python3 homework.py > stulog.txt 2>&1 on vdhankar #####
child exited with value 1
##### ERROR: /usr/bin/time -o time_13_sajjanla_vdhankar.txt -f "%U" python3 homework.py > stulog.txt 2>&1 on vdhankar #####
##### Output of failed program (stdout + stderr): #####
Traceback (most recent call last):
  File "homework.py", line 546, in <module>
    print(end-start)
NameError: name 'end' is not defined
##### End of output of failed program #####
##### vdhankar plays [E e7 d8] in 1.07903909683228s #####
##### Running: /usr/lib/jvm/jdk-14.0.1/bin/java -jar /lab/itti/projects/checkers-competition/server/referee.jar on run_13_sajjanla_vdhankar #####
Move is valid
##### SUCCESS: /usr/lib/jvm/jdk-14.0.1/bin/java -jar /lab/itti/projects/checkers-competition/server/referee.jar on run_13_sajjanla_vdhankar #####
INPUT for sajjanla:
GAME
BLACK
289.79
...W...b
........
.....w..
..w.b...
...w....
w.W.....
.......b
w.w.w.w.
##### Running: /usr/bin/time -o time_13_sajjanla_vdhankar.txt -f "%U" /usr/lib/jvm/jdk-14.0.1/bin/java homework > stulog.txt 2>&1 on sajjanla #####
##### SUCCESS: /usr/bin/time -o time_13_sajjanla_vdhankar.txt -f "%U" /usr/lib/jvm/jdk-14.0.1/bin/java homework > stulog.txt 2>&1 on sajjanla #####
##### sajjanla plays [E e5 f4] in 0.35s #####
##### Running: /usr/lib/jvm/jdk-14.0.1/bin/java -jar /lab/itti/projects/checkers-competition/server/referee.jar on run_13_sajjanla_vdhankar #####
Move is valid
##### SUCCESS: /usr/lib/jvm/jdk-14.0.1/bin/java -jar /lab/itti/projects/checkers-competition/server/referee.jar on run_13_sajjanla_vdhankar #####
INPUT for vdhankar:
GAME
WHITE
231.221417188644
...W...b
........
.....w..
..w.....
...w.b..
w.W.....
.......b
w.w.w.w.
##### Running: /usr/bin/time -o time_13_sajjanla_vdhankar.txt -f "%U" python3 homework.py > stulog.txt 2>&1 on vdhankar #####
child exited with value 1
##### ERROR: /usr/bin/time -o time_13_sajjanla_vdhankar.txt -f "%U" python3 homework.py > stulog.txt 2>&1 on vdhankar #####
##### Output of failed program (stdout + stderr): #####
Traceback (most recent call last):
  File "homework.py", line 546, in <module>
    print(end-start)
NameError: name 'end' is not defined
##### End of output of failed program #####
##### vdhankar plays [E d8 c7] in 0.387624979019165s #####
##### Running: /usr/lib/jvm/jdk-14.0.1/bin/java -jar /lab/itti/projects/checkers-competition/server/referee.jar on run_13_sajjanla_vdhankar #####
Move is valid
##### SUCCESS: /usr/lib/jvm/jdk-14.0.1/bin/java -jar /lab/itti/projects/checkers-competition/server/referee.jar on run_13_sajjanla_vdhankar #####
INPUT for sajjanla:
GAME
BLACK
289.44
.......b
..W.....
.....w..
..w.....
...w.b..
w.W.....
.......b
w.w.w.w.
##### Running: /usr/bin/time -o time_13_sajjanla_vdhankar.txt -f "%U" /usr/lib/jvm/jdk-14.0.1/bin/java homework > stulog.txt 2>&1 on sajjanla #####
##### SUCCESS: /usr/bin/time -o time_13_sajjanla_vdhankar.txt -f "%U" /usr/lib/jvm/jdk-14.0.1/bin/java homework > stulog.txt 2>&1 on sajjanla #####
##### sajjanla plays [E f4 e3] in 0.77s #####
##### Running: /usr/lib/jvm/jdk-14.0.1/bin/java -jar /lab/itti/projects/checkers-competition/server/referee.jar on run_13_sajjanla_vdhankar #####
Move is valid
##### SUCCESS: /usr/lib/jvm/jdk-14.0.1/bin/java -jar /lab/itti/projects/checkers-competition/server/referee.jar on run_13_sajjanla_vdhankar #####
INPUT for vdhankar:
GAME
WHITE
230.833792209625
.......b
..W.....
.....w..
..w.....
...w....
w.W.b...
.......b
w.w.w.w.
##### Running: /usr/bin/time -o time_13_sajjanla_vdhankar.txt -f "%U" python3 homework.py > stulog.txt 2>&1 on vdhankar #####
child exited with value 1
##### ERROR: /usr/bin/time -o time_13_sajjanla_vdhankar.txt -f "%U" python3 homework.py > stulog.txt 2>&1 on vdhankar #####
##### Output of failed program (stdout + stderr): #####
Traceback (most recent call last):
  File "homework.py", line 546, in <module>
    print(end-start)
NameError: name 'end' is not defined
##### End of output of failed program #####
##### vdhankar plays [E c7 b8] in 0.288916826248169s #####
##### Running: /usr/lib/jvm/jdk-14.0.1/bin/java -jar /lab/itti/projects/checkers-competition/server/referee.jar on run_13_sajjanla_vdhankar #####
Move is valid
##### SUCCESS: /usr/lib/jvm/jdk-14.0.1/bin/java -jar /lab/itti/projects/checkers-competition/server/referee.jar on run_13_sajjanla_vdhankar #####
INPUT for sajjanla:
GAME
BLACK
288.67
.W.....b
........
.....w..
..w.....
...w....
w.W.b...
.......b
w.w.w.w.
##### Running: /usr/bin/time -o time_13_sajjanla_vdhankar.txt -f "%U" /usr/lib/jvm/jdk-14.0.1/bin/java homework > stulog.txt 2>&1 on sajjanla #####
##### SUCCESS: /usr/bin/time -o time_13_sajjanla_vdhankar.txt -f "%U" /usr/lib/jvm/jdk-14.0.1/bin/java homework > stulog.txt 2>&1 on sajjanla #####
##### sajjanla plays [E e3 d2] in 0.25s #####
##### Running: /usr/lib/jvm/jdk-14.0.1/bin/java -jar /lab/itti/projects/checkers-competition/server/referee.jar on run_13_sajjanla_vdhankar #####
Move is valid
##### SUCCESS: /usr/lib/jvm/jdk-14.0.1/bin/java -jar /lab/itti/projects/checkers-competition/server/referee.jar on run_13_sajjanla_vdhankar #####
INPUT for vdhankar:
GAME
WHITE
230.544875383377
.W.....b
........
.....w..
..w.....
...w....
w.W.....
...b...b
w.w.w.w.
##### Running: /usr/bin/time -o time_13_sajjanla_vdhankar.txt -f "%U" python3 homework.py > stulog.txt 2>&1 on vdhankar #####
child exited with value 1
##### ERROR: /usr/bin/time -o time_13_sajjanla_vdhankar.txt -f "%U" python3 homework.py > stulog.txt 2>&1 on vdhankar #####
##### Output of failed program (stdout + stderr): #####
Traceback (most recent call last):
  File "homework.py", line 546, in <module>
    print(end-start)
NameError: name 'end' is not defined
##### End of output of failed program #####
##### vdhankar plays [J c1 e3] in 0.219119071960449s #####
##### Running: /usr/lib/jvm/jdk-14.0.1/bin/java -jar /lab/itti/projects/checkers-competition/server/referee.jar on run_13_sajjanla_vdhankar #####
Move is valid
##### SUCCESS: /usr/lib/jvm/jdk-14.0.1/bin/java -jar /lab/itti/projects/checkers-competition/server/referee.jar on run_13_sajjanla_vdhankar #####
INPUT for sajjanla:
GAME
BLACK
288.42
.W.....b
........
.....w..
..w.....
...w....
w.W.w...
.......b
w...w.w.
##### Running: /usr/bin/time -o time_13_sajjanla_vdhankar.txt -f "%U" /usr/lib/jvm/jdk-14.0.1/bin/java homework > stulog.txt 2>&1 on sajjanla #####
##### SUCCESS: /usr/bin/time -o time_13_sajjanla_vdhankar.txt -f "%U" /usr/lib/jvm/jdk-14.0.1/bin/java homework > stulog.txt 2>&1 on sajjanla #####
##### sajjanla plays [E h8 g7] in 0.18s #####
##### Running: /usr/lib/jvm/jdk-14.0.1/bin/java -jar /lab/itti/projects/checkers-competition/server/referee.jar on run_13_sajjanla_vdhankar #####
Move is valid
##### SUCCESS: /usr/lib/jvm/jdk-14.0.1/bin/java -jar /lab/itti/projects/checkers-competition/server/referee.jar on run_13_sajjanla_vdhankar #####
INPUT for vdhankar:
GAME
WHITE
230.325756311417
.W......
......b.
.....w..
..w.....
...w....
w.W.w...
.......b
w...w.w.
##### Running: /usr/bin/time -o time_13_sajjanla_vdhankar.txt -f "%U" python3 homework.py > stulog.txt 2>&1 on vdhankar #####
child exited with value 1
##### ERROR: /usr/bin/time -o time_13_sajjanla_vdhankar.txt -f "%U" python3 homework.py > stulog.txt 2>&1 on vdhankar #####
##### Output of failed program (stdout + stderr): #####
Traceback (most recent call last):
  File "homework.py", line 546, in <module>
    print(end-start)
NameError: name 'end' is not defined
##### End of output of failed program #####
##### vdhankar plays [J f6 h8] in 0.327035188674927s #####
##### Running: /usr/lib/jvm/jdk-14.0.1/bin/java -jar /lab/itti/projects/checkers-competition/server/referee.jar on run_13_sajjanla_vdhankar #####
Move is valid
After this move, player BLACK cannot make any moves
*** Winner: WHITE ***
##### SUCCESS: /usr/lib/jvm/jdk-14.0.1/bin/java -jar /lab/itti/projects/checkers-competition/server/referee.jar on run_13_sajjanla_vdhankar #####
##### GAME OVER: vdhankar wins the game! #####
Server said: WIN
########## ROUND 13 GAMESCORE AFTER GAME 4: sajjanla=0 and vdhankar=4 ##########


########## GRAND WINNER ROUND 13 IS vdhankar BY 4 vs 0 GAMESCORE ##########
