#################### ROUND 5: cli17627 (W) vs vdhankar (B): game 1 ####################
##### game start! #####
INPUT for vdhankar:
GAME
BLACK
300
.b.b.b.b
b.b.b.b.
.b.b.b.b
........
........
w.w.w.w.
.w.w.w.w
w.w.w.w.
##### Running: /usr/bin/time -o time_5_cli17627_vdhankar.txt -f "%U" python3 homework.py > stulog.txt 2>&1 on vdhankar #####
child exited with value 1
##### ERROR: /usr/bin/time -o time_5_cli17627_vdhankar.txt -f "%U" python3 homework.py > stulog.txt 2>&1 on vdhankar #####
##### Output of failed program (stdout + stderr): #####
Traceback (most recent call last):
  File "homework.py", line 546, in <module>
    print(end-start)
NameError: name 'end' is not defined
##### End of output of failed program #####
##### vdhankar plays [E h6 g5] in 6.23894596099854s #####
##### Running: /usr/lib/jvm/jdk-14.0.1/bin/java -jar /lab/itti/projects/checkers-competition/server/referee.jar on run_5_cli17627_vdhankar #####
Move is valid
Couldn't read file 'current_ply.txt'
Couldn't read content from file 'current_ply.txt'
Couldn't read file 'lastmatchange_ply.txt'
Couldn't read content from file 'lastmatchange_ply.txt'
##### SUCCESS: /usr/lib/jvm/jdk-14.0.1/bin/java -jar /lab/itti/projects/checkers-competition/server/referee.jar on run_5_cli17627_vdhankar #####
INPUT for cli17627:
GAME
WHITE
300
.b.b.b.b
b.b.b.b.
.b.b.b..
......b.
........
w.w.w.w.
.w.w.w.w
w.w.w.w.
##### Running: /usr/bin/time -o time_5_cli17627_vdhankar.txt -f "%U" /usr/lib/jvm/jdk-14.0.1/bin/java homework > stulog.txt 2>&1 on cli17627 #####
##### SUCCESS: /usr/bin/time -o time_5_cli17627_vdhankar.txt -f "%U" /usr/lib/jvm/jdk-14.0.1/bin/java homework > stulog.txt 2>&1 on cli17627 #####
##### cli17627 plays [E g3 h4] in 0.72s #####
##### Running: /usr/lib/jvm/jdk-14.0.1/bin/java -jar /lab/itti/projects/checkers-competition/server/referee.jar on run_5_cli17627_vdhankar #####
Move is valid
##### SUCCESS: /usr/lib/jvm/jdk-14.0.1/bin/java -jar /lab/itti/projects/checkers-competition/server/referee.jar on run_5_cli17627_vdhankar #####
INPUT for vdhankar:
GAME
BLACK
293.761054039001
.b.b.b.b
b.b.b.b.
.b.b.b..
......b.
.......w
w.w.w...
.w.w.w.w
w.w.w.w.
##### Running: /usr/bin/time -o time_5_cli17627_vdhankar.txt -f "%U" python3 homework.py > stulog.txt 2>&1 on vdhankar #####
child exited with value 1
##### ERROR: /usr/bin/time -o time_5_cli17627_vdhankar.txt -f "%U" python3 homework.py > stulog.txt 2>&1 on vdhankar #####
##### Output of failed program (stdout + stderr): #####
Traceback (most recent call last):
  File "homework.py", line 546, in <module>
    print(end-start)
NameError: name 'end' is not defined
##### End of output of failed program #####
##### vdhankar plays [E f6 e5] in 7.28565311431885s #####
##### Running: /usr/lib/jvm/jdk-14.0.1/bin/java -jar /lab/itti/projects/checkers-competition/server/referee.jar on run_5_cli17627_vdhankar #####
Move is valid
##### SUCCESS: /usr/lib/jvm/jdk-14.0.1/bin/java -jar /lab/itti/projects/checkers-competition/server/referee.jar on run_5_cli17627_vdhankar #####
INPUT for cli17627:
GAME
WHITE
299.28
.b.b.b.b
b.b.b.b.
.b.b....
....b.b.
.......w
w.w.w...
.w.w.w.w
w.w.w.w.
##### Running: /usr/bin/time -o time_5_cli17627_vdhankar.txt -f "%U" /usr/lib/jvm/jdk-14.0.1/bin/java homework > stulog.txt 2>&1 on cli17627 #####
##### SUCCESS: /usr/bin/time -o time_5_cli17627_vdhankar.txt -f "%U" /usr/lib/jvm/jdk-14.0.1/bin/java homework > stulog.txt 2>&1 on cli17627 #####
##### cli17627 plays [J h4 f6] in 0.49s #####
##### Running: /usr/lib/jvm/jdk-14.0.1/bin/java -jar /lab/itti/projects/checkers-competition/server/referee.jar on run_5_cli17627_vdhankar #####
Move is valid
##### SUCCESS: /usr/lib/jvm/jdk-14.0.1/bin/java -jar /lab/itti/projects/checkers-competition/server/referee.jar on run_5_cli17627_vdhankar #####
INPUT for vdhankar:
GAME
BLACK
286.475400924683
.b.b.b.b
b.b.b.b.
.b.b.w..
....b...
........
w.w.w...
.w.w.w.w
w.w.w.w.
##### Running: /usr/bin/time -o time_5_cli17627_vdhankar.txt -f "%U" python3 homework.py > stulog.txt 2>&1 on vdhankar #####
child exited with value 1
##### ERROR: /usr/bin/time -o time_5_cli17627_vdhankar.txt -f "%U" python3 homework.py > stulog.txt 2>&1 on vdhankar #####
##### Output of failed program (stdout + stderr): #####
Traceback (most recent call last):
  File "homework.py", line 546, in <module>
    print(end-start)
NameError: name 'end' is not defined
##### End of output of failed program #####
##### vdhankar plays [J e7 g5] in 5.80982279777527s #####
##### Running: /usr/lib/jvm/jdk-14.0.1/bin/java -jar /lab/itti/projects/checkers-competition/server/referee.jar on run_5_cli17627_vdhankar #####
Move is valid
##### SUCCESS: /usr/lib/jvm/jdk-14.0.1/bin/java -jar /lab/itti/projects/checkers-competition/server/referee.jar on run_5_cli17627_vdhankar #####
INPUT for cli17627:
GAME
WHITE
298.79
.b.b.b.b
b.b...b.
.b.b....
....b.b.
........
w.w.w...
.w.w.w.w
w.w.w.w.
##### Running: /usr/bin/time -o time_5_cli17627_vdhankar.txt -f "%U" /usr/lib/jvm/jdk-14.0.1/bin/java homework > stulog.txt 2>&1 on cli17627 #####
##### SUCCESS: /usr/bin/time -o time_5_cli17627_vdhankar.txt -f "%U" /usr/lib/jvm/jdk-14.0.1/bin/java homework > stulog.txt 2>&1 on cli17627 #####
##### cli17627 plays [E h2 g3] in 1.13s #####
##### Running: /usr/lib/jvm/jdk-14.0.1/bin/java -jar /lab/itti/projects/checkers-competition/server/referee.jar on run_5_cli17627_vdhankar #####
Move is valid
##### SUCCESS: /usr/lib/jvm/jdk-14.0.1/bin/java -jar /lab/itti/projects/checkers-competition/server/referee.jar on run_5_cli17627_vdhankar #####
INPUT for vdhankar:
GAME
BLACK
280.665578126907
.b.b.b.b
b.b...b.
.b.b....
....b.b.
........
w.w.w.w.
.w.w.w..
w.w.w.w.
##### Running: /usr/bin/time -o time_5_cli17627_vdhankar.txt -f "%U" python3 homework.py > stulog.txt 2>&1 on vdhankar #####
child exited with value 1
##### ERROR: /usr/bin/time -o time_5_cli17627_vdhankar.txt -f "%U" python3 homework.py > stulog.txt 2>&1 on vdhankar #####
##### Output of failed program (stdout + stderr): #####
Traceback (most recent call last):
  File "homework.py", line 546, in <module>
    print(end-start)
NameError: name 'end' is not defined
##### End of output of failed program #####
##### vdhankar plays [E g5 f4] in 18.7757041454315s #####
##### Running: /usr/lib/jvm/jdk-14.0.1/bin/java -jar /lab/itti/projects/checkers-competition/server/referee.jar on run_5_cli17627_vdhankar #####
Move is valid
##### SUCCESS: /usr/lib/jvm/jdk-14.0.1/bin/java -jar /lab/itti/projects/checkers-competition/server/referee.jar on run_5_cli17627_vdhankar #####
INPUT for cli17627:
GAME
WHITE
297.66
.b.b.b.b
b.b...b.
.b.b....
....b...
.....b..
w.w.w.w.
.w.w.w..
w.w.w.w.
##### Running: /usr/bin/time -o time_5_cli17627_vdhankar.txt -f "%U" /usr/lib/jvm/jdk-14.0.1/bin/java homework > stulog.txt 2>&1 on cli17627 #####
##### SUCCESS: /usr/bin/time -o time_5_cli17627_vdhankar.txt -f "%U" /usr/lib/jvm/jdk-14.0.1/bin/java homework > stulog.txt 2>&1 on cli17627 #####
##### cli17627 plays [J e3 g5] in 0.72s #####
##### Running: /usr/lib/jvm/jdk-14.0.1/bin/java -jar /lab/itti/projects/checkers-competition/server/referee.jar on run_5_cli17627_vdhankar #####
Move is valid
##### SUCCESS: /usr/lib/jvm/jdk-14.0.1/bin/java -jar /lab/itti/projects/checkers-competition/server/referee.jar on run_5_cli17627_vdhankar #####
INPUT for vdhankar:
GAME
BLACK
261.889873981476
.b.b.b.b
b.b...b.
.b.b....
....b.w.
........
w.w...w.
.w.w.w..
w.w.w.w.
##### Running: /usr/bin/time -o time_5_cli17627_vdhankar.txt -f "%U" python3 homework.py > stulog.txt 2>&1 on vdhankar #####
child exited with value 1
##### ERROR: /usr/bin/time -o time_5_cli17627_vdhankar.txt -f "%U" python3 homework.py > stulog.txt 2>&1 on vdhankar #####
##### Output of failed program (stdout + stderr): #####
Traceback (most recent call last):
  File "homework.py", line 546, in <module>
    print(end-start)
NameError: name 'end' is not defined
##### End of output of failed program #####
##### vdhankar plays [E e5 d4] in 17.7201061248779s #####
##### Running: /usr/lib/jvm/jdk-14.0.1/bin/java -jar /lab/itti/projects/checkers-competition/server/referee.jar on run_5_cli17627_vdhankar #####
Move is valid
##### SUCCESS: /usr/lib/jvm/jdk-14.0.1/bin/java -jar /lab/itti/projects/checkers-competition/server/referee.jar on run_5_cli17627_vdhankar #####
INPUT for cli17627:
GAME
WHITE
296.94
.b.b.b.b
b.b...b.
.b.b....
......w.
...b....
w.w...w.
.w.w.w..
w.w.w.w.
##### Running: /usr/bin/time -o time_5_cli17627_vdhankar.txt -f "%U" /usr/lib/jvm/jdk-14.0.1/bin/java homework > stulog.txt 2>&1 on cli17627 #####
##### SUCCESS: /usr/bin/time -o time_5_cli17627_vdhankar.txt -f "%U" /usr/lib/jvm/jdk-14.0.1/bin/java homework > stulog.txt 2>&1 on cli17627 #####
##### cli17627 plays [J c3 e5] in 0.51s #####
##### Running: /usr/lib/jvm/jdk-14.0.1/bin/java -jar /lab/itti/projects/checkers-competition/server/referee.jar on run_5_cli17627_vdhankar #####
Move is valid
##### SUCCESS: /usr/lib/jvm/jdk-14.0.1/bin/java -jar /lab/itti/projects/checkers-competition/server/referee.jar on run_5_cli17627_vdhankar #####
INPUT for vdhankar:
GAME
BLACK
244.169767856598
.b.b.b.b
b.b...b.
.b.b....
....w.w.
........
w.....w.
.w.w.w..
w.w.w.w.
##### Running: /usr/bin/time -o time_5_cli17627_vdhankar.txt -f "%U" python3 homework.py > stulog.txt 2>&1 on vdhankar #####
child exited with value 1
##### ERROR: /usr/bin/time -o time_5_cli17627_vdhankar.txt -f "%U" python3 homework.py > stulog.txt 2>&1 on vdhankar #####
##### Output of failed program (stdout + stderr): #####
Traceback (most recent call last):
  File "homework.py", line 546, in <module>
    print(end-start)
NameError: name 'end' is not defined
##### End of output of failed program #####
##### vdhankar plays [J d6 f4 ; J f4 h2] in 16.7237420082092s #####
##### Running: /usr/lib/jvm/jdk-14.0.1/bin/java -jar /lab/itti/projects/checkers-competition/server/referee.jar on run_5_cli17627_vdhankar #####
Move is valid
##### SUCCESS: /usr/lib/jvm/jdk-14.0.1/bin/java -jar /lab/itti/projects/checkers-competition/server/referee.jar on run_5_cli17627_vdhankar #####
INPUT for cli17627:
GAME
WHITE
296.43
.b.b.b.b
b.b...b.
.b......
......w.
........
w.......
.w.w.w.b
w.w.w.w.
##### Running: /usr/bin/time -o time_5_cli17627_vdhankar.txt -f "%U" /usr/lib/jvm/jdk-14.0.1/bin/java homework > stulog.txt 2>&1 on cli17627 #####
##### SUCCESS: /usr/bin/time -o time_5_cli17627_vdhankar.txt -f "%U" /usr/lib/jvm/jdk-14.0.1/bin/java homework > stulog.txt 2>&1 on cli17627 #####
##### cli17627 plays [E f2 g3] in 0.97s #####
##### Running: /usr/lib/jvm/jdk-14.0.1/bin/java -jar /lab/itti/projects/checkers-competition/server/referee.jar on run_5_cli17627_vdhankar #####
Move is valid
##### SUCCESS: /usr/lib/jvm/jdk-14.0.1/bin/java -jar /lab/itti/projects/checkers-competition/server/referee.jar on run_5_cli17627_vdhankar #####
INPUT for vdhankar:
GAME
BLACK
227.446025848389
.b.b.b.b
b.b...b.
.b......
......w.
........
w.....w.
.w.w...b
w.w.w.w.
##### Running: /usr/bin/time -o time_5_cli17627_vdhankar.txt -f "%U" python3 homework.py > stulog.txt 2>&1 on vdhankar #####
child exited with value 1
##### ERROR: /usr/bin/time -o time_5_cli17627_vdhankar.txt -f "%U" python3 homework.py > stulog.txt 2>&1 on vdhankar #####
##### Output of failed program (stdout + stderr): #####
Traceback (most recent call last):
  File "homework.py", line 546, in <module>
    print(end-start)
NameError: name 'end' is not defined
##### End of output of failed program #####
##### vdhankar plays [E c7 d6] in 48.3249258995056s #####
##### Running: /usr/lib/jvm/jdk-14.0.1/bin/java -jar /lab/itti/projects/checkers-competition/server/referee.jar on run_5_cli17627_vdhankar #####
Move is valid
##### SUCCESS: /usr/lib/jvm/jdk-14.0.1/bin/java -jar /lab/itti/projects/checkers-competition/server/referee.jar on run_5_cli17627_vdhankar #####
INPUT for cli17627:
GAME
WHITE
295.46
.b.b.b.b
b.....b.
.b.b....
......w.
........
w.....w.
.w.w...b
w.w.w.w.
##### Running: /usr/bin/time -o time_5_cli17627_vdhankar.txt -f "%U" /usr/lib/jvm/jdk-14.0.1/bin/java homework > stulog.txt 2>&1 on cli17627 #####
##### SUCCESS: /usr/bin/time -o time_5_cli17627_vdhankar.txt -f "%U" /usr/lib/jvm/jdk-14.0.1/bin/java homework > stulog.txt 2>&1 on cli17627 #####
##### cli17627 plays [E g1 f2] in 1.58s #####
##### Running: /usr/lib/jvm/jdk-14.0.1/bin/java -jar /lab/itti/projects/checkers-competition/server/referee.jar on run_5_cli17627_vdhankar #####
Move is valid
##### SUCCESS: /usr/lib/jvm/jdk-14.0.1/bin/java -jar /lab/itti/projects/checkers-competition/server/referee.jar on run_5_cli17627_vdhankar #####
INPUT for vdhankar:
GAME
BLACK
179.121099948883
.b.b.b.b
b.....b.
.b.b....
......w.
........
w.....w.
.w.w.w.b
w.w.w...
##### Running: /usr/bin/time -o time_5_cli17627_vdhankar.txt -f "%U" python3 homework.py > stulog.txt 2>&1 on vdhankar #####
child exited with value 1
##### ERROR: /usr/bin/time -o time_5_cli17627_vdhankar.txt -f "%U" python3 homework.py > stulog.txt 2>&1 on vdhankar #####
##### Output of failed program (stdout + stderr): #####
Traceback (most recent call last):
  File "homework.py", line 546, in <module>
    print(end-start)
NameError: name 'end' is not defined
##### End of output of failed program #####
##### vdhankar plays [E d6 c5] in 74.838231086731s #####
##### Running: /usr/lib/jvm/jdk-14.0.1/bin/java -jar /lab/itti/projects/checkers-competition/server/referee.jar on run_5_cli17627_vdhankar #####
Move is valid
##### SUCCESS: /usr/lib/jvm/jdk-14.0.1/bin/java -jar /lab/itti/projects/checkers-competition/server/referee.jar on run_5_cli17627_vdhankar #####
INPUT for cli17627:
GAME
WHITE
293.88
.b.b.b.b
b.....b.
.b......
..b...w.
........
w.....w.
.w.w.w.b
w.w.w...
##### Running: /usr/bin/time -o time_5_cli17627_vdhankar.txt -f "%U" /usr/lib/jvm/jdk-14.0.1/bin/java homework > stulog.txt 2>&1 on cli17627 #####
##### SUCCESS: /usr/bin/time -o time_5_cli17627_vdhankar.txt -f "%U" /usr/lib/jvm/jdk-14.0.1/bin/java homework > stulog.txt 2>&1 on cli17627 #####
##### cli17627 plays [E f2 e3] in 1.24s #####
##### Running: /usr/lib/jvm/jdk-14.0.1/bin/java -jar /lab/itti/projects/checkers-competition/server/referee.jar on run_5_cli17627_vdhankar #####
Move is valid
##### SUCCESS: /usr/lib/jvm/jdk-14.0.1/bin/java -jar /lab/itti/projects/checkers-competition/server/referee.jar on run_5_cli17627_vdhankar #####
INPUT for vdhankar:
GAME
BLACK
104.282868862152
.b.b.b.b
b.....b.
.b......
..b...w.
........
w...w.w.
.w.w...b
w.w.w...
##### Running: /usr/bin/time -o time_5_cli17627_vdhankar.txt -f "%U" python3 homework.py > stulog.txt 2>&1 on vdhankar #####
child exited with value 1
##### ERROR: /usr/bin/time -o time_5_cli17627_vdhankar.txt -f "%U" python3 homework.py > stulog.txt 2>&1 on vdhankar #####
##### Output of failed program (stdout + stderr): #####
Traceback (most recent call last):
  File "homework.py", line 546, in <module>
    print(end-start)
NameError: name 'end' is not defined
##### End of output of failed program #####
##### vdhankar plays [E c5 b4] in 42.2755959033966s #####
##### Running: /usr/lib/jvm/jdk-14.0.1/bin/java -jar /lab/itti/projects/checkers-competition/server/referee.jar on run_5_cli17627_vdhankar #####
Move is valid
##### SUCCESS: /usr/lib/jvm/jdk-14.0.1/bin/java -jar /lab/itti/projects/checkers-competition/server/referee.jar on run_5_cli17627_vdhankar #####
INPUT for cli17627:
GAME
WHITE
292.64
.b.b.b.b
b.....b.
.b......
......w.
.b......
w...w.w.
.w.w...b
w.w.w...
##### Running: /usr/bin/time -o time_5_cli17627_vdhankar.txt -f "%U" /usr/lib/jvm/jdk-14.0.1/bin/java homework > stulog.txt 2>&1 on cli17627 #####
##### SUCCESS: /usr/bin/time -o time_5_cli17627_vdhankar.txt -f "%U" /usr/lib/jvm/jdk-14.0.1/bin/java homework > stulog.txt 2>&1 on cli17627 #####
##### cli17627 plays [J a3 c5] in 0.48s #####
##### Running: /usr/lib/jvm/jdk-14.0.1/bin/java -jar /lab/itti/projects/checkers-competition/server/referee.jar on run_5_cli17627_vdhankar #####
Move is valid
##### SUCCESS: /usr/lib/jvm/jdk-14.0.1/bin/java -jar /lab/itti/projects/checkers-competition/server/referee.jar on run_5_cli17627_vdhankar #####
INPUT for vdhankar:
GAME
BLACK
62.0072729587555
.b.b.b.b
b.....b.
.b......
..w...w.
........
....w.w.
.w.w...b
w.w.w...
##### Running: /usr/bin/time -o time_5_cli17627_vdhankar.txt -f "%U" python3 homework.py > stulog.txt 2>&1 on vdhankar #####
child exited with value 1
##### ERROR: /usr/bin/time -o time_5_cli17627_vdhankar.txt -f "%U" python3 homework.py > stulog.txt 2>&1 on vdhankar #####
##### Output of failed program (stdout + stderr): #####
Traceback (most recent call last):
  File "homework.py", line 546, in <module>
    print(end-start)
NameError: name 'end' is not defined
##### End of output of failed program #####
##### vdhankar plays [J b6 d4 ; J d4 f2] in 24.1057810783386s #####
##### Running: /usr/lib/jvm/jdk-14.0.1/bin/java -jar /lab/itti/projects/checkers-competition/server/referee.jar on run_5_cli17627_vdhankar #####
Move is valid
##### SUCCESS: /usr/lib/jvm/jdk-14.0.1/bin/java -jar /lab/itti/projects/checkers-competition/server/referee.jar on run_5_cli17627_vdhankar #####
INPUT for cli17627:
GAME
WHITE
292.16
.b.b.b.b
b.....b.
........
......w.
........
......w.
.w.w.b.b
w.w.w...
##### Running: /usr/bin/time -o time_5_cli17627_vdhankar.txt -f "%U" /usr/lib/jvm/jdk-14.0.1/bin/java homework > stulog.txt 2>&1 on cli17627 #####
##### SUCCESS: /usr/bin/time -o time_5_cli17627_vdhankar.txt -f "%U" /usr/lib/jvm/jdk-14.0.1/bin/java homework > stulog.txt 2>&1 on cli17627 #####
##### cli17627 plays [E d2 e3] in 0.77s #####
##### Running: /usr/lib/jvm/jdk-14.0.1/bin/java -jar /lab/itti/projects/checkers-competition/server/referee.jar on run_5_cli17627_vdhankar #####
Move is valid
##### SUCCESS: /usr/lib/jvm/jdk-14.0.1/bin/java -jar /lab/itti/projects/checkers-competition/server/referee.jar on run_5_cli17627_vdhankar #####
INPUT for vdhankar:
GAME
BLACK
37.9014918804169
.b.b.b.b
b.....b.
........
......w.
........
....w.w.
.w...b.b
w.w.w...
##### Running: /usr/bin/time -o time_5_cli17627_vdhankar.txt -f "%U" python3 homework.py > stulog.txt 2>&1 on vdhankar #####
child exited with value 1
##### ERROR: /usr/bin/time -o time_5_cli17627_vdhankar.txt -f "%U" python3 homework.py > stulog.txt 2>&1 on vdhankar #####
##### Output of failed program (stdout + stderr): #####
Traceback (most recent call last):
  File "homework.py", line 546, in <module>
    print(end-start)
NameError: name 'end' is not defined
##### End of output of failed program #####
##### vdhankar plays [E f2 g1] in 26.5241520404816s #####
##### Running: /usr/lib/jvm/jdk-14.0.1/bin/java -jar /lab/itti/projects/checkers-competition/server/referee.jar on run_5_cli17627_vdhankar #####
Move is valid
##### SUCCESS: /usr/lib/jvm/jdk-14.0.1/bin/java -jar /lab/itti/projects/checkers-competition/server/referee.jar on run_5_cli17627_vdhankar #####
INPUT for cli17627:
GAME
WHITE
291.39
.b.b.b.b
b.....b.
........
......w.
........
....w.w.
.w.....b
w.w.w.B.
##### Running: /usr/bin/time -o time_5_cli17627_vdhankar.txt -f "%U" /usr/lib/jvm/jdk-14.0.1/bin/java homework > stulog.txt 2>&1 on cli17627 #####
##### SUCCESS: /usr/bin/time -o time_5_cli17627_vdhankar.txt -f "%U" /usr/lib/jvm/jdk-14.0.1/bin/java homework > stulog.txt 2>&1 on cli17627 #####
##### cli17627 plays [E e1 f2] in 1.31s #####
##### Running: /usr/lib/jvm/jdk-14.0.1/bin/java -jar /lab/itti/projects/checkers-competition/server/referee.jar on run_5_cli17627_vdhankar #####
Move is valid
##### SUCCESS: /usr/lib/jvm/jdk-14.0.1/bin/java -jar /lab/itti/projects/checkers-competition/server/referee.jar on run_5_cli17627_vdhankar #####
INPUT for vdhankar:
GAME
BLACK
11.3773398399353
.b.b.b.b
b.....b.
........
......w.
........
....w.w.
.w...w.b
w.w...B.
##### Running: /usr/bin/time -o time_5_cli17627_vdhankar.txt -f "%U" python3 homework.py > stulog.txt 2>&1 on vdhankar #####
child exited with value 1
##### ERROR: /usr/bin/time -o time_5_cli17627_vdhankar.txt -f "%U" python3 homework.py > stulog.txt 2>&1 on vdhankar #####
##### Output of failed program (stdout + stderr): #####
Traceback (most recent call last):
  File "homework.py", line 546, in <module>
    print(end-start)
NameError: name 'end' is not defined
##### End of output of failed program #####
##### vdhankar plays [E g7 h6] in 0.525135040283203s #####
##### Running: /usr/lib/jvm/jdk-14.0.1/bin/java -jar /lab/itti/projects/checkers-competition/server/referee.jar on run_5_cli17627_vdhankar #####
Move is valid
##### SUCCESS: /usr/lib/jvm/jdk-14.0.1/bin/java -jar /lab/itti/projects/checkers-competition/server/referee.jar on run_5_cli17627_vdhankar #####
INPUT for cli17627:
GAME
WHITE
290.08
.b.b.b.b
b.......
.......b
......w.
........
....w.w.
.w...w.b
w.w...B.
##### Running: /usr/bin/time -o time_5_cli17627_vdhankar.txt -f "%U" /usr/lib/jvm/jdk-14.0.1/bin/java homework > stulog.txt 2>&1 on cli17627 #####
##### SUCCESS: /usr/bin/time -o time_5_cli17627_vdhankar.txt -f "%U" /usr/lib/jvm/jdk-14.0.1/bin/java homework > stulog.txt 2>&1 on cli17627 #####
##### cli17627 plays [E c1 d2] in 0.66s #####
##### Running: /usr/lib/jvm/jdk-14.0.1/bin/java -jar /lab/itti/projects/checkers-competition/server/referee.jar on run_5_cli17627_vdhankar #####
Move is valid
##### SUCCESS: /usr/lib/jvm/jdk-14.0.1/bin/java -jar /lab/itti/projects/checkers-competition/server/referee.jar on run_5_cli17627_vdhankar #####
INPUT for vdhankar:
GAME
BLACK
10.8522047996521
.b.b.b.b
b.......
.......b
......w.
........
....w.w.
.w.w.w.b
w.....B.
##### Running: /usr/bin/time -o time_5_cli17627_vdhankar.txt -f "%U" python3 homework.py > stulog.txt 2>&1 on vdhankar #####
child exited with value 1
##### ERROR: /usr/bin/time -o time_5_cli17627_vdhankar.txt -f "%U" python3 homework.py > stulog.txt 2>&1 on vdhankar #####
##### Output of failed program (stdout + stderr): #####
Traceback (most recent call last):
  File "homework.py", line 546, in <module>
    print(end-start)
NameError: name 'end' is not defined
##### End of output of failed program #####
##### vdhankar plays [J h6 f4] in 0.349771022796631s #####
##### Running: /usr/lib/jvm/jdk-14.0.1/bin/java -jar /lab/itti/projects/checkers-competition/server/referee.jar on run_5_cli17627_vdhankar #####
Move is valid
##### SUCCESS: /usr/lib/jvm/jdk-14.0.1/bin/java -jar /lab/itti/projects/checkers-competition/server/referee.jar on run_5_cli17627_vdhankar #####
INPUT for cli17627:
GAME
WHITE
289.42
.b.b.b.b
b.......
........
........
.....b..
....w.w.
.w.w.w.b
w.....B.
##### Running: /usr/bin/time -o time_5_cli17627_vdhankar.txt -f "%U" /usr/lib/jvm/jdk-14.0.1/bin/java homework > stulog.txt 2>&1 on cli17627 #####
##### SUCCESS: /usr/bin/time -o time_5_cli17627_vdhankar.txt -f "%U" /usr/lib/jvm/jdk-14.0.1/bin/java homework > stulog.txt 2>&1 on cli17627 #####
##### cli17627 plays [J g3 e5] in 1.07s #####
##### Running: /usr/lib/jvm/jdk-14.0.1/bin/java -jar /lab/itti/projects/checkers-competition/server/referee.jar on run_5_cli17627_vdhankar #####
Move is valid
##### SUCCESS: /usr/lib/jvm/jdk-14.0.1/bin/java -jar /lab/itti/projects/checkers-competition/server/referee.jar on run_5_cli17627_vdhankar #####
INPUT for vdhankar:
GAME
BLACK
10.5024337768555
.b.b.b.b
b.......
........
....w...
........
....w...
.w.w.w.b
w.....B.
##### Running: /usr/bin/time -o time_5_cli17627_vdhankar.txt -f "%U" python3 homework.py > stulog.txt 2>&1 on vdhankar #####
child exited with value 1
##### ERROR: /usr/bin/time -o time_5_cli17627_vdhankar.txt -f "%U" python3 homework.py > stulog.txt 2>&1 on vdhankar #####
##### Output of failed program (stdout + stderr): #####
Traceback (most recent call last):
  File "homework.py", line 546, in <module>
    print(end-start)
NameError: name 'end' is not defined
##### End of output of failed program #####
##### vdhankar plays [E a7 b6] in 0.653501987457275s #####
##### Running: /usr/lib/jvm/jdk-14.0.1/bin/java -jar /lab/itti/projects/checkers-competition/server/referee.jar on run_5_cli17627_vdhankar #####
Move is valid
##### SUCCESS: /usr/lib/jvm/jdk-14.0.1/bin/java -jar /lab/itti/projects/checkers-competition/server/referee.jar on run_5_cli17627_vdhankar #####
INPUT for cli17627:
GAME
WHITE
288.35
.b.b.b.b
........
.b......
....w...
........
....w...
.w.w.w.b
w.....B.
##### Running: /usr/bin/time -o time_5_cli17627_vdhankar.txt -f "%U" /usr/lib/jvm/jdk-14.0.1/bin/java homework > stulog.txt 2>&1 on cli17627 #####
##### SUCCESS: /usr/bin/time -o time_5_cli17627_vdhankar.txt -f "%U" /usr/lib/jvm/jdk-14.0.1/bin/java homework > stulog.txt 2>&1 on cli17627 #####
##### cli17627 plays [E f2 g3] in 1.1s #####
##### Running: /usr/lib/jvm/jdk-14.0.1/bin/java -jar /lab/itti/projects/checkers-competition/server/referee.jar on run_5_cli17627_vdhankar #####
Move is valid
##### SUCCESS: /usr/lib/jvm/jdk-14.0.1/bin/java -jar /lab/itti/projects/checkers-competition/server/referee.jar on run_5_cli17627_vdhankar #####
INPUT for vdhankar:
GAME
BLACK
9.84893178939819
.b.b.b.b
........
.b......
....w...
........
....w.w.
.w.w...b
w.....B.
##### Running: /usr/bin/time -o time_5_cli17627_vdhankar.txt -f "%U" python3 homework.py > stulog.txt 2>&1 on vdhankar #####
child exited with value 1
##### ERROR: /usr/bin/time -o time_5_cli17627_vdhankar.txt -f "%U" python3 homework.py > stulog.txt 2>&1 on vdhankar #####
##### Output of failed program (stdout + stderr): #####
Traceback (most recent call last):
  File "homework.py", line 546, in <module>
    print(end-start)
NameError: name 'end' is not defined
##### End of output of failed program #####
##### vdhankar plays [E g1 f2] in 0.855257034301758s #####
##### Running: /usr/lib/jvm/jdk-14.0.1/bin/java -jar /lab/itti/projects/checkers-competition/server/referee.jar on run_5_cli17627_vdhankar #####
Move is valid
##### SUCCESS: /usr/lib/jvm/jdk-14.0.1/bin/java -jar /lab/itti/projects/checkers-competition/server/referee.jar on run_5_cli17627_vdhankar #####
INPUT for cli17627:
GAME
WHITE
287.25
.b.b.b.b
........
.b......
....w...
........
....w.w.
.w.w.B.b
w.......
##### Running: /usr/bin/time -o time_5_cli17627_vdhankar.txt -f "%U" /usr/lib/jvm/jdk-14.0.1/bin/java homework > stulog.txt 2>&1 on cli17627 #####
##### SUCCESS: /usr/bin/time -o time_5_cli17627_vdhankar.txt -f "%U" /usr/lib/jvm/jdk-14.0.1/bin/java homework > stulog.txt 2>&1 on cli17627 #####
##### cli17627 plays [E d2 c3] in 1.04s #####
##### Running: /usr/lib/jvm/jdk-14.0.1/bin/java -jar /lab/itti/projects/checkers-competition/server/referee.jar on run_5_cli17627_vdhankar #####
Move is valid
##### SUCCESS: /usr/lib/jvm/jdk-14.0.1/bin/java -jar /lab/itti/projects/checkers-competition/server/referee.jar on run_5_cli17627_vdhankar #####
INPUT for vdhankar:
GAME
BLACK
8.99367475509644
.b.b.b.b
........
.b......
....w...
........
..w.w.w.
.w...B.b
w.......
##### Running: /usr/bin/time -o time_5_cli17627_vdhankar.txt -f "%U" python3 homework.py > stulog.txt 2>&1 on vdhankar #####
child exited with value 1
##### ERROR: /usr/bin/time -o time_5_cli17627_vdhankar.txt -f "%U" python3 homework.py > stulog.txt 2>&1 on vdhankar #####
##### Output of failed program (stdout + stderr): #####
Traceback (most recent call last):
  File "homework.py", line 546, in <module>
    print(end-start)
NameError: name 'end' is not defined
##### End of output of failed program #####
##### vdhankar plays [J f2 d4 ; J d4 f6] in 0.411091804504395s #####
##### Running: /usr/lib/jvm/jdk-14.0.1/bin/java -jar /lab/itti/projects/checkers-competition/server/referee.jar on run_5_cli17627_vdhankar #####
Move is valid
##### SUCCESS: /usr/lib/jvm/jdk-14.0.1/bin/java -jar /lab/itti/projects/checkers-competition/server/referee.jar on run_5_cli17627_vdhankar #####
INPUT for cli17627:
GAME
WHITE
286.21
.b.b.b.b
........
.b...B..
........
........
..w...w.
.w.....b
w.......
##### Running: /usr/bin/time -o time_5_cli17627_vdhankar.txt -f "%U" /usr/lib/jvm/jdk-14.0.1/bin/java homework > stulog.txt 2>&1 on cli17627 #####
##### SUCCESS: /usr/bin/time -o time_5_cli17627_vdhankar.txt -f "%U" /usr/lib/jvm/jdk-14.0.1/bin/java homework > stulog.txt 2>&1 on cli17627 #####
##### cli17627 plays [E b2 a3] in 1.53s #####
##### Running: /usr/lib/jvm/jdk-14.0.1/bin/java -jar /lab/itti/projects/checkers-competition/server/referee.jar on run_5_cli17627_vdhankar #####
Move is valid
##### SUCCESS: /usr/lib/jvm/jdk-14.0.1/bin/java -jar /lab/itti/projects/checkers-competition/server/referee.jar on run_5_cli17627_vdhankar #####
INPUT for vdhankar:
GAME
BLACK
8.58258295059204
.b.b.b.b
........
.b...B..
........
........
w.w...w.
.......b
w.......
##### Running: /usr/bin/time -o time_5_cli17627_vdhankar.txt -f "%U" python3 homework.py > stulog.txt 2>&1 on vdhankar #####
child exited with value 1
##### ERROR: /usr/bin/time -o time_5_cli17627_vdhankar.txt -f "%U" python3 homework.py > stulog.txt 2>&1 on vdhankar #####
##### Output of failed program (stdout + stderr): #####
Traceback (most recent call last):
  File "homework.py", line 546, in <module>
    print(end-start)
NameError: name 'end' is not defined
##### End of output of failed program #####
##### vdhankar plays [E f6 e5] in 0.62830114364624s #####
##### Running: /usr/lib/jvm/jdk-14.0.1/bin/java -jar /lab/itti/projects/checkers-competition/server/referee.jar on run_5_cli17627_vdhankar #####
Move is valid
##### SUCCESS: /usr/lib/jvm/jdk-14.0.1/bin/java -jar /lab/itti/projects/checkers-competition/server/referee.jar on run_5_cli17627_vdhankar #####
INPUT for cli17627:
GAME
WHITE
284.68
.b.b.b.b
........
.b......
....B...
........
w.w...w.
.......b
w.......
##### Running: /usr/bin/time -o time_5_cli17627_vdhankar.txt -f "%U" /usr/lib/jvm/jdk-14.0.1/bin/java homework > stulog.txt 2>&1 on cli17627 #####
##### SUCCESS: /usr/bin/time -o time_5_cli17627_vdhankar.txt -f "%U" /usr/lib/jvm/jdk-14.0.1/bin/java homework > stulog.txt 2>&1 on cli17627 #####
##### cli17627 plays [E a1 b2] in 1.09s #####
##### Running: /usr/lib/jvm/jdk-14.0.1/bin/java -jar /lab/itti/projects/checkers-competition/server/referee.jar on run_5_cli17627_vdhankar #####
Move is valid
##### SUCCESS: /usr/lib/jvm/jdk-14.0.1/bin/java -jar /lab/itti/projects/checkers-competition/server/referee.jar on run_5_cli17627_vdhankar #####
INPUT for vdhankar:
GAME
BLACK
7.9542818069458
.b.b.b.b
........
.b......
....B...
........
w.w...w.
.w.....b
........
##### Running: /usr/bin/time -o time_5_cli17627_vdhankar.txt -f "%U" python3 homework.py > stulog.txt 2>&1 on vdhankar #####
child exited with value 1
##### ERROR: /usr/bin/time -o time_5_cli17627_vdhankar.txt -f "%U" python3 homework.py > stulog.txt 2>&1 on vdhankar #####
##### Output of failed program (stdout + stderr): #####
Traceback (most recent call last):
  File "homework.py", line 546, in <module>
    print(end-start)
NameError: name 'end' is not defined
##### End of output of failed program #####
##### vdhankar plays [E h2 g1] in 0.533558130264282s #####
##### Running: /usr/lib/jvm/jdk-14.0.1/bin/java -jar /lab/itti/projects/checkers-competition/server/referee.jar on run_5_cli17627_vdhankar #####
Move is valid
##### SUCCESS: /usr/lib/jvm/jdk-14.0.1/bin/java -jar /lab/itti/projects/checkers-competition/server/referee.jar on run_5_cli17627_vdhankar #####
INPUT for cli17627:
GAME
WHITE
283.59
.b.b.b.b
........
.b......
....B...
........
w.w...w.
.w......
......B.
##### Running: /usr/bin/time -o time_5_cli17627_vdhankar.txt -f "%U" /usr/lib/jvm/jdk-14.0.1/bin/java homework > stulog.txt 2>&1 on cli17627 #####
##### SUCCESS: /usr/bin/time -o time_5_cli17627_vdhankar.txt -f "%U" /usr/lib/jvm/jdk-14.0.1/bin/java homework > stulog.txt 2>&1 on cli17627 #####
##### cli17627 plays [E g3 h4] in 1.94s #####
##### Running: /usr/lib/jvm/jdk-14.0.1/bin/java -jar /lab/itti/projects/checkers-competition/server/referee.jar on run_5_cli17627_vdhankar #####
Move is valid
##### SUCCESS: /usr/lib/jvm/jdk-14.0.1/bin/java -jar /lab/itti/projects/checkers-competition/server/referee.jar on run_5_cli17627_vdhankar #####
INPUT for vdhankar:
GAME
BLACK
7.42072367668152
.b.b.b.b
........
.b......
....B...
.......w
w.w.....
.w......
......B.
##### Running: /usr/bin/time -o time_5_cli17627_vdhankar.txt -f "%U" python3 homework.py > stulog.txt 2>&1 on vdhankar #####
child exited with value 1
##### ERROR: /usr/bin/time -o time_5_cli17627_vdhankar.txt -f "%U" python3 homework.py > stulog.txt 2>&1 on vdhankar #####
##### Output of failed program (stdout + stderr): #####
Traceback (most recent call last):
  File "homework.py", line 546, in <module>
    print(end-start)
NameError: name 'end' is not defined
##### End of output of failed program #####
##### vdhankar plays [E b6 c5] in 0.574715852737427s #####
##### Running: /usr/lib/jvm/jdk-14.0.1/bin/java -jar /lab/itti/projects/checkers-competition/server/referee.jar on run_5_cli17627_vdhankar #####
Move is valid
##### SUCCESS: /usr/lib/jvm/jdk-14.0.1/bin/java -jar /lab/itti/projects/checkers-competition/server/referee.jar on run_5_cli17627_vdhankar #####
INPUT for cli17627:
GAME
WHITE
281.65
.b.b.b.b
........
........
..b.B...
.......w
w.w.....
.w......
......B.
##### Running: /usr/bin/time -o time_5_cli17627_vdhankar.txt -f "%U" /usr/lib/jvm/jdk-14.0.1/bin/java homework > stulog.txt 2>&1 on cli17627 #####
##### SUCCESS: /usr/bin/time -o time_5_cli17627_vdhankar.txt -f "%U" /usr/lib/jvm/jdk-14.0.1/bin/java homework > stulog.txt 2>&1 on cli17627 #####
##### cli17627 plays [E c3 b4] in 1.07s #####
##### Running: /usr/lib/jvm/jdk-14.0.1/bin/java -jar /lab/itti/projects/checkers-competition/server/referee.jar on run_5_cli17627_vdhankar #####
Move is valid
##### SUCCESS: /usr/lib/jvm/jdk-14.0.1/bin/java -jar /lab/itti/projects/checkers-competition/server/referee.jar on run_5_cli17627_vdhankar #####
INPUT for vdhankar:
GAME
BLACK
6.84600782394409
.b.b.b.b
........
........
..b.B...
.w.....w
w.......
.w......
......B.
##### Running: /usr/bin/time -o time_5_cli17627_vdhankar.txt -f "%U" python3 homework.py > stulog.txt 2>&1 on vdhankar #####
child exited with value 1
##### ERROR: /usr/bin/time -o time_5_cli17627_vdhankar.txt -f "%U" python3 homework.py > stulog.txt 2>&1 on vdhankar #####
##### Output of failed program (stdout + stderr): #####
Traceback (most recent call last):
  File "homework.py", line 546, in <module>
    print(end-start)
NameError: name 'end' is not defined
##### End of output of failed program #####
##### vdhankar plays [E c5 d4] in 0.507642984390259s #####
##### Running: /usr/lib/jvm/jdk-14.0.1/bin/java -jar /lab/itti/projects/checkers-competition/server/referee.jar on run_5_cli17627_vdhankar #####
Move is valid
##### SUCCESS: /usr/lib/jvm/jdk-14.0.1/bin/java -jar /lab/itti/projects/checkers-competition/server/referee.jar on run_5_cli17627_vdhankar #####
INPUT for cli17627:
GAME
WHITE
280.58
.b.b.b.b
........
........
....B...
.w.b...w
w.......
.w......
......B.
##### Running: /usr/bin/time -o time_5_cli17627_vdhankar.txt -f "%U" /usr/lib/jvm/jdk-14.0.1/bin/java homework > stulog.txt 2>&1 on cli17627 #####
##### SUCCESS: /usr/bin/time -o time_5_cli17627_vdhankar.txt -f "%U" /usr/lib/jvm/jdk-14.0.1/bin/java homework > stulog.txt 2>&1 on cli17627 #####
##### cli17627 plays [E h4 g5] in 1.1s #####
##### Running: /usr/lib/jvm/jdk-14.0.1/bin/java -jar /lab/itti/projects/checkers-competition/server/referee.jar on run_5_cli17627_vdhankar #####
Move is valid
##### SUCCESS: /usr/lib/jvm/jdk-14.0.1/bin/java -jar /lab/itti/projects/checkers-competition/server/referee.jar on run_5_cli17627_vdhankar #####
INPUT for vdhankar:
GAME
BLACK
6.33836483955383
.b.b.b.b
........
........
....B.w.
.w.b....
w.......
.w......
......B.
##### Running: /usr/bin/time -o time_5_cli17627_vdhankar.txt -f "%U" python3 homework.py > stulog.txt 2>&1 on vdhankar #####
child exited with value 1
##### ERROR: /usr/bin/time -o time_5_cli17627_vdhankar.txt -f "%U" python3 homework.py > stulog.txt 2>&1 on vdhankar #####
##### Output of failed program (stdout + stderr): #####
Traceback (most recent call last):
  File "homework.py", line 546, in <module>
    print(end-start)
NameError: name 'end' is not defined
##### End of output of failed program #####
##### vdhankar plays [E g1 f2] in 0.688436985015869s #####
##### Running: /usr/lib/jvm/jdk-14.0.1/bin/java -jar /lab/itti/projects/checkers-competition/server/referee.jar on run_5_cli17627_vdhankar #####
Move is valid
##### SUCCESS: /usr/lib/jvm/jdk-14.0.1/bin/java -jar /lab/itti/projects/checkers-competition/server/referee.jar on run_5_cli17627_vdhankar #####
INPUT for cli17627:
GAME
WHITE
279.48
.b.b.b.b
........
........
....B.w.
.w.b....
w.......
.w...B..
........
##### Running: /usr/bin/time -o time_5_cli17627_vdhankar.txt -f "%U" /usr/lib/jvm/jdk-14.0.1/bin/java homework > stulog.txt 2>&1 on cli17627 #####
##### SUCCESS: /usr/bin/time -o time_5_cli17627_vdhankar.txt -f "%U" /usr/lib/jvm/jdk-14.0.1/bin/java homework > stulog.txt 2>&1 on cli17627 #####
##### cli17627 plays [E b2 c3] in 0.98s #####
##### Running: /usr/lib/jvm/jdk-14.0.1/bin/java -jar /lab/itti/projects/checkers-competition/server/referee.jar on run_5_cli17627_vdhankar #####
Move is valid
##### SUCCESS: /usr/lib/jvm/jdk-14.0.1/bin/java -jar /lab/itti/projects/checkers-competition/server/referee.jar on run_5_cli17627_vdhankar #####
INPUT for vdhankar:
GAME
BLACK
5.64992785453796
.b.b.b.b
........
........
....B.w.
.w.b....
w.w.....
.....B..
........
##### Running: /usr/bin/time -o time_5_cli17627_vdhankar.txt -f "%U" python3 homework.py > stulog.txt 2>&1 on vdhankar #####
child exited with value 1
##### ERROR: /usr/bin/time -o time_5_cli17627_vdhankar.txt -f "%U" python3 homework.py > stulog.txt 2>&1 on vdhankar #####
##### Output of failed program (stdout + stderr): #####
Traceback (most recent call last):
  File "homework.py", line 546, in <module>
    print(end-start)
NameError: name 'end' is not defined
##### End of output of failed program #####
##### vdhankar plays [J d4 b2] in 0.389053106307983s #####
##### Running: /usr/lib/jvm/jdk-14.0.1/bin/java -jar /lab/itti/projects/checkers-competition/server/referee.jar on run_5_cli17627_vdhankar #####
Move is valid
##### SUCCESS: /usr/lib/jvm/jdk-14.0.1/bin/java -jar /lab/itti/projects/checkers-competition/server/referee.jar on run_5_cli17627_vdhankar #####
INPUT for cli17627:
GAME
WHITE
278.5
.b.b.b.b
........
........
....B.w.
.w......
w.......
.b...B..
........
##### Running: /usr/bin/time -o time_5_cli17627_vdhankar.txt -f "%U" /usr/lib/jvm/jdk-14.0.1/bin/java homework > stulog.txt 2>&1 on cli17627 #####
##### SUCCESS: /usr/bin/time -o time_5_cli17627_vdhankar.txt -f "%U" /usr/lib/jvm/jdk-14.0.1/bin/java homework > stulog.txt 2>&1 on cli17627 #####
##### cli17627 plays [E b4 c5] in 0.89s #####
##### Running: /usr/lib/jvm/jdk-14.0.1/bin/java -jar /lab/itti/projects/checkers-competition/server/referee.jar on run_5_cli17627_vdhankar #####
Move is valid
##### SUCCESS: /usr/lib/jvm/jdk-14.0.1/bin/java -jar /lab/itti/projects/checkers-competition/server/referee.jar on run_5_cli17627_vdhankar #####
INPUT for vdhankar:
GAME
BLACK
5.26087474822998
.b.b.b.b
........
........
..w.B.w.
........
w.......
.b...B..
........
##### Running: /usr/bin/time -o time_5_cli17627_vdhankar.txt -f "%U" python3 homework.py > stulog.txt 2>&1 on vdhankar #####
child exited with value 1
##### ERROR: /usr/bin/time -o time_5_cli17627_vdhankar.txt -f "%U" python3 homework.py > stulog.txt 2>&1 on vdhankar #####
##### Output of failed program (stdout + stderr): #####
Traceback (most recent call last):
  File "homework.py", line 546, in <module>
    print(end-start)
NameError: name 'end' is not defined
##### End of output of failed program #####
##### vdhankar plays [E f2 g1] in 0.597968101501465s #####
##### Running: /usr/lib/jvm/jdk-14.0.1/bin/java -jar /lab/itti/projects/checkers-competition/server/referee.jar on run_5_cli17627_vdhankar #####
Move is valid
##### SUCCESS: /usr/lib/jvm/jdk-14.0.1/bin/java -jar /lab/itti/projects/checkers-competition/server/referee.jar on run_5_cli17627_vdhankar #####
INPUT for cli17627:
GAME
WHITE
277.61
.b.b.b.b
........
........
..w.B.w.
........
w.......
.b......
......B.
##### Running: /usr/bin/time -o time_5_cli17627_vdhankar.txt -f "%U" /usr/lib/jvm/jdk-14.0.1/bin/java homework > stulog.txt 2>&1 on cli17627 #####
##### SUCCESS: /usr/bin/time -o time_5_cli17627_vdhankar.txt -f "%U" /usr/lib/jvm/jdk-14.0.1/bin/java homework > stulog.txt 2>&1 on cli17627 #####
##### cli17627 plays [E a3 b4] in 1.13s #####
##### Running: /usr/lib/jvm/jdk-14.0.1/bin/java -jar /lab/itti/projects/checkers-competition/server/referee.jar on run_5_cli17627_vdhankar #####
Move is valid
##### SUCCESS: /usr/lib/jvm/jdk-14.0.1/bin/java -jar /lab/itti/projects/checkers-competition/server/referee.jar on run_5_cli17627_vdhankar #####
INPUT for vdhankar:
GAME
BLACK
4.66290664672852
.b.b.b.b
........
........
..w.B.w.
.w......
........
.b......
......B.
##### Running: /usr/bin/time -o time_5_cli17627_vdhankar.txt -f "%U" python3 homework.py > stulog.txt 2>&1 on vdhankar #####
child exited with value 1
##### ERROR: /usr/bin/time -o time_5_cli17627_vdhankar.txt -f "%U" python3 homework.py > stulog.txt 2>&1 on vdhankar #####
##### Output of failed program (stdout + stderr): #####
Traceback (most recent call last):
  File "homework.py", line 546, in <module>
    print(end-start)
NameError: name 'end' is not defined
##### End of output of failed program #####
##### vdhankar plays [E b2 c1] in 0.665728807449341s #####
##### Running: /usr/lib/jvm/jdk-14.0.1/bin/java -jar /lab/itti/projects/checkers-competition/server/referee.jar on run_5_cli17627_vdhankar #####
Move is valid
##### SUCCESS: /usr/lib/jvm/jdk-14.0.1/bin/java -jar /lab/itti/projects/checkers-competition/server/referee.jar on run_5_cli17627_vdhankar #####
INPUT for cli17627:
GAME
WHITE
276.48
.b.b.b.b
........
........
..w.B.w.
.w......
........
........
..B...B.
##### Running: /usr/bin/time -o time_5_cli17627_vdhankar.txt -f "%U" /usr/lib/jvm/jdk-14.0.1/bin/java homework > stulog.txt 2>&1 on cli17627 #####
##### SUCCESS: /usr/bin/time -o time_5_cli17627_vdhankar.txt -f "%U" /usr/lib/jvm/jdk-14.0.1/bin/java homework > stulog.txt 2>&1 on cli17627 #####
##### cli17627 plays [E b4 a5] in 0.68s #####
##### Running: /usr/lib/jvm/jdk-14.0.1/bin/java -jar /lab/itti/projects/checkers-competition/server/referee.jar on run_5_cli17627_vdhankar #####
Move is valid
##### SUCCESS: /usr/lib/jvm/jdk-14.0.1/bin/java -jar /lab/itti/projects/checkers-competition/server/referee.jar on run_5_cli17627_vdhankar #####
INPUT for vdhankar:
GAME
BLACK
3.99717783927917
.b.b.b.b
........
........
w.w.B.w.
........
........
........
..B...B.
##### Running: /usr/bin/time -o time_5_cli17627_vdhankar.txt -f "%U" python3 homework.py > stulog.txt 2>&1 on vdhankar #####
child exited with value 1
##### ERROR: /usr/bin/time -o time_5_cli17627_vdhankar.txt -f "%U" python3 homework.py > stulog.txt 2>&1 on vdhankar #####
##### Output of failed program (stdout + stderr): #####
Traceback (most recent call last):
  File "homework.py", line 546, in <module>
    print(end-start)
NameError: name 'end' is not defined
##### End of output of failed program #####
##### vdhankar plays [E e5 f6] in 0.50279688835144s #####
##### Running: /usr/lib/jvm/jdk-14.0.1/bin/java -jar /lab/itti/projects/checkers-competition/server/referee.jar on run_5_cli17627_vdhankar #####
Move is valid
##### SUCCESS: /usr/lib/jvm/jdk-14.0.1/bin/java -jar /lab/itti/projects/checkers-competition/server/referee.jar on run_5_cli17627_vdhankar #####
INPUT for cli17627:
GAME
WHITE
275.8
.b.b.b.b
........
.....B..
w.w...w.
........
........
........
..B...B.
##### Running: /usr/bin/time -o time_5_cli17627_vdhankar.txt -f "%U" /usr/lib/jvm/jdk-14.0.1/bin/java homework > stulog.txt 2>&1 on cli17627 #####
##### SUCCESS: /usr/bin/time -o time_5_cli17627_vdhankar.txt -f "%U" /usr/lib/jvm/jdk-14.0.1/bin/java homework > stulog.txt 2>&1 on cli17627 #####
##### cli17627 plays [J g5 e7] in 0.49s #####
##### Running: /usr/lib/jvm/jdk-14.0.1/bin/java -jar /lab/itti/projects/checkers-competition/server/referee.jar on run_5_cli17627_vdhankar #####
Move is valid
##### SUCCESS: /usr/lib/jvm/jdk-14.0.1/bin/java -jar /lab/itti/projects/checkers-competition/server/referee.jar on run_5_cli17627_vdhankar #####
INPUT for vdhankar:
GAME
BLACK
3.49438095092773
.b.b.b.b
....w...
........
w.w.....
........
........
........
..B...B.
##### Running: /usr/bin/time -o time_5_cli17627_vdhankar.txt -f "%U" python3 homework.py > stulog.txt 2>&1 on vdhankar #####
child exited with value 1
##### ERROR: /usr/bin/time -o time_5_cli17627_vdhankar.txt -f "%U" python3 homework.py > stulog.txt 2>&1 on vdhankar #####
##### Output of failed program (stdout + stderr): #####
Traceback (most recent call last):
  File "homework.py", line 546, in <module>
    print(end-start)
NameError: name 'end' is not defined
##### End of output of failed program #####
##### vdhankar plays [J f8 d6 ; J d6 b4] in 0.418023109436035s #####
##### Running: /usr/lib/jvm/jdk-14.0.1/bin/java -jar /lab/itti/projects/checkers-competition/server/referee.jar on run_5_cli17627_vdhankar #####
Move is valid
##### SUCCESS: /usr/lib/jvm/jdk-14.0.1/bin/java -jar /lab/itti/projects/checkers-competition/server/referee.jar on run_5_cli17627_vdhankar #####
INPUT for cli17627:
GAME
WHITE
275.31
.b.b...b
........
........
w.......
.b......
........
........
..B...B.
##### Running: /usr/bin/time -o time_5_cli17627_vdhankar.txt -f "%U" /usr/lib/jvm/jdk-14.0.1/bin/java homework > stulog.txt 2>&1 on cli17627 #####
##### SUCCESS: /usr/bin/time -o time_5_cli17627_vdhankar.txt -f "%U" /usr/lib/jvm/jdk-14.0.1/bin/java homework > stulog.txt 2>&1 on cli17627 #####
##### cli17627 plays [E a5 b6] in 0.36s #####
##### Running: /usr/lib/jvm/jdk-14.0.1/bin/java -jar /lab/itti/projects/checkers-competition/server/referee.jar on run_5_cli17627_vdhankar #####
Move is valid
##### SUCCESS: /usr/lib/jvm/jdk-14.0.1/bin/java -jar /lab/itti/projects/checkers-competition/server/referee.jar on run_5_cli17627_vdhankar #####
INPUT for vdhankar:
GAME
BLACK
3.0763578414917
.b.b...b
........
.w......
........
.b......
........
........
..B...B.
##### Running: /usr/bin/time -o time_5_cli17627_vdhankar.txt -f "%U" python3 homework.py > stulog.txt 2>&1 on vdhankar #####
child exited with value 1
##### ERROR: /usr/bin/time -o time_5_cli17627_vdhankar.txt -f "%U" python3 homework.py > stulog.txt 2>&1 on vdhankar #####
##### Output of failed program (stdout + stderr): #####
Traceback (most recent call last):
  File "homework.py", line 546, in <module>
    print(end-start)
NameError: name 'end' is not defined
##### End of output of failed program #####
##### vdhankar plays [E b8 a7] in 0.503464221954346s #####
##### Running: /usr/lib/jvm/jdk-14.0.1/bin/java -jar /lab/itti/projects/checkers-competition/server/referee.jar on run_5_cli17627_vdhankar #####
Move is valid
##### SUCCESS: /usr/lib/jvm/jdk-14.0.1/bin/java -jar /lab/itti/projects/checkers-competition/server/referee.jar on run_5_cli17627_vdhankar #####
INPUT for cli17627:
GAME
WHITE
274.95
...b...b
b.......
.w......
........
.b......
........
........
..B...B.
##### Running: /usr/bin/time -o time_5_cli17627_vdhankar.txt -f "%U" /usr/lib/jvm/jdk-14.0.1/bin/java homework > stulog.txt 2>&1 on cli17627 #####
##### SUCCESS: /usr/bin/time -o time_5_cli17627_vdhankar.txt -f "%U" /usr/lib/jvm/jdk-14.0.1/bin/java homework > stulog.txt 2>&1 on cli17627 #####
##### cli17627 plays [E b6 c7] in 0.41s #####
##### Running: /usr/lib/jvm/jdk-14.0.1/bin/java -jar /lab/itti/projects/checkers-competition/server/referee.jar on run_5_cli17627_vdhankar #####
Move is valid
##### SUCCESS: /usr/lib/jvm/jdk-14.0.1/bin/java -jar /lab/itti/projects/checkers-competition/server/referee.jar on run_5_cli17627_vdhankar #####
INPUT for vdhankar:
GAME
BLACK
2.57289361953735
...b...b
b.w.....
........
........
.b......
........
........
..B...B.
##### Running: /usr/bin/time -o time_5_cli17627_vdhankar.txt -f "%U" python3 homework.py > stulog.txt 2>&1 on vdhankar #####
child exited with value 1
##### ERROR: /usr/bin/time -o time_5_cli17627_vdhankar.txt -f "%U" python3 homework.py > stulog.txt 2>&1 on vdhankar #####
##### Output of failed program (stdout + stderr): #####
Traceback (most recent call last):
  File "homework.py", line 546, in <module>
    print(end-start)
NameError: name 'end' is not defined
##### End of output of failed program #####
##### vdhankar plays [J d8 b6] in 0.322817087173462s #####
##### Running: /usr/lib/jvm/jdk-14.0.1/bin/java -jar /lab/itti/projects/checkers-competition/server/referee.jar on run_5_cli17627_vdhankar #####
Move is valid
After this move, player WHITE cannot make any moves
*** Winner: BLACK ***
##### SUCCESS: /usr/lib/jvm/jdk-14.0.1/bin/java -jar /lab/itti/projects/checkers-competition/server/referee.jar on run_5_cli17627_vdhankar #####
##### GAME OVER: vdhankar wins the game! #####
Server said: WIN
########## ROUND 5 GAMESCORE AFTER GAME 1: cli17627=0 and vdhankar=1 ##########
#################### ROUND 5: cli17627 (B) vs vdhankar (W): game 2 ####################
##### game start! #####
INPUT for cli17627:
GAME
BLACK
300
.b.b.b.b
b.b.b.b.
.b.b.b.b
........
........
w.w.w.w.
.w.w.w.w
w.w.w.w.
##### Running: /usr/bin/time -o time_5_cli17627_vdhankar.txt -f "%U" /usr/lib/jvm/jdk-14.0.1/bin/java homework > stulog.txt 2>&1 on cli17627 #####
##### SUCCESS: /usr/bin/time -o time_5_cli17627_vdhankar.txt -f "%U" /usr/lib/jvm/jdk-14.0.1/bin/java homework > stulog.txt 2>&1 on cli17627 #####
##### cli17627 plays [E h6 g5] in 0.83s #####
##### Running: /usr/lib/jvm/jdk-14.0.1/bin/java -jar /lab/itti/projects/checkers-competition/server/referee.jar on run_5_cli17627_vdhankar #####
Move is valid
Couldn't read file 'current_ply.txt'
Couldn't read content from file 'current_ply.txt'
Couldn't read file 'lastmatchange_ply.txt'
Couldn't read content from file 'lastmatchange_ply.txt'
##### SUCCESS: /usr/lib/jvm/jdk-14.0.1/bin/java -jar /lab/itti/projects/checkers-competition/server/referee.jar on run_5_cli17627_vdhankar #####
INPUT for vdhankar:
GAME
WHITE
300
.b.b.b.b
b.b.b.b.
.b.b.b..
......b.
........
w.w.w.w.
.w.w.w.w
w.w.w.w.
##### Running: /usr/bin/time -o time_5_cli17627_vdhankar.txt -f "%U" python3 homework.py > stulog.txt 2>&1 on vdhankar #####
child exited with value 1
##### ERROR: /usr/bin/time -o time_5_cli17627_vdhankar.txt -f "%U" python3 homework.py > stulog.txt 2>&1 on vdhankar #####
##### Output of failed program (stdout + stderr): #####
Traceback (most recent call last):
  File "homework.py", line 546, in <module>
    print(end-start)
NameError: name 'end' is not defined
##### End of output of failed program #####
##### vdhankar plays [E g3 h4] in 17.4675159454346s #####
##### Running: /usr/lib/jvm/jdk-14.0.1/bin/java -jar /lab/itti/projects/checkers-competition/server/referee.jar on run_5_cli17627_vdhankar #####
Move is valid
##### SUCCESS: /usr/lib/jvm/jdk-14.0.1/bin/java -jar /lab/itti/projects/checkers-competition/server/referee.jar on run_5_cli17627_vdhankar #####
INPUT for cli17627:
GAME
BLACK
299.17
.b.b.b.b
b.b.b.b.
.b.b.b..
......b.
.......w
w.w.w...
.w.w.w.w
w.w.w.w.
##### Running: /usr/bin/time -o time_5_cli17627_vdhankar.txt -f "%U" /usr/lib/jvm/jdk-14.0.1/bin/java homework > stulog.txt 2>&1 on cli17627 #####
##### SUCCESS: /usr/bin/time -o time_5_cli17627_vdhankar.txt -f "%U" /usr/lib/jvm/jdk-14.0.1/bin/java homework > stulog.txt 2>&1 on cli17627 #####
##### cli17627 plays [E g5 f4] in 0.84s #####
##### Running: /usr/lib/jvm/jdk-14.0.1/bin/java -jar /lab/itti/projects/checkers-competition/server/referee.jar on run_5_cli17627_vdhankar #####
Move is valid
##### SUCCESS: /usr/lib/jvm/jdk-14.0.1/bin/java -jar /lab/itti/projects/checkers-competition/server/referee.jar on run_5_cli17627_vdhankar #####
INPUT for vdhankar:
GAME
WHITE
282.532484054565
.b.b.b.b
b.b.b.b.
.b.b.b..
........
.....b.w
w.w.w...
.w.w.w.w
w.w.w.w.
##### Running: /usr/bin/time -o time_5_cli17627_vdhankar.txt -f "%U" python3 homework.py > stulog.txt 2>&1 on vdhankar #####
child exited with value 1
##### ERROR: /usr/bin/time -o time_5_cli17627_vdhankar.txt -f "%U" python3 homework.py > stulog.txt 2>&1 on vdhankar #####
##### Output of failed program (stdout + stderr): #####
Traceback (most recent call last):
  File "homework.py", line 546, in <module>
    print(end-start)
NameError: name 'end' is not defined
##### End of output of failed program #####
##### vdhankar plays [J e3 g5] in 9.66399002075195s #####
##### Running: /usr/lib/jvm/jdk-14.0.1/bin/java -jar /lab/itti/projects/checkers-competition/server/referee.jar on run_5_cli17627_vdhankar #####
Move is valid
##### SUCCESS: /usr/lib/jvm/jdk-14.0.1/bin/java -jar /lab/itti/projects/checkers-competition/server/referee.jar on run_5_cli17627_vdhankar #####
INPUT for cli17627:
GAME
BLACK
298.33
.b.b.b.b
b.b.b.b.
.b.b.b..
......w.
.......w
w.w.....
.w.w.w.w
w.w.w.w.
##### Running: /usr/bin/time -o time_5_cli17627_vdhankar.txt -f "%U" /usr/lib/jvm/jdk-14.0.1/bin/java homework > stulog.txt 2>&1 on cli17627 #####
##### SUCCESS: /usr/bin/time -o time_5_cli17627_vdhankar.txt -f "%U" /usr/lib/jvm/jdk-14.0.1/bin/java homework > stulog.txt 2>&1 on cli17627 #####
##### cli17627 plays [E f6 e5] in 0.72s #####
##### Running: /usr/lib/jvm/jdk-14.0.1/bin/java -jar /lab/itti/projects/checkers-competition/server/referee.jar on run_5_cli17627_vdhankar #####
Move is valid
##### SUCCESS: /usr/lib/jvm/jdk-14.0.1/bin/java -jar /lab/itti/projects/checkers-competition/server/referee.jar on run_5_cli17627_vdhankar #####
INPUT for vdhankar:
GAME
WHITE
272.868494033813
.b.b.b.b
b.b.b.b.
.b.b....
....b.w.
.......w
w.w.....
.w.w.w.w
w.w.w.w.
##### Running: /usr/bin/time -o time_5_cli17627_vdhankar.txt -f "%U" python3 homework.py > stulog.txt 2>&1 on vdhankar #####
child exited with value 1
##### ERROR: /usr/bin/time -o time_5_cli17627_vdhankar.txt -f "%U" python3 homework.py > stulog.txt 2>&1 on vdhankar #####
##### Output of failed program (stdout + stderr): #####
Traceback (most recent call last):
  File "homework.py", line 546, in <module>
    print(end-start)
NameError: name 'end' is not defined
##### End of output of failed program #####
##### vdhankar plays [E f2 g3] in 23.6344289779663s #####
##### Running: /usr/lib/jvm/jdk-14.0.1/bin/java -jar /lab/itti/projects/checkers-competition/server/referee.jar on run_5_cli17627_vdhankar #####
Move is valid
##### SUCCESS: /usr/lib/jvm/jdk-14.0.1/bin/java -jar /lab/itti/projects/checkers-competition/server/referee.jar on run_5_cli17627_vdhankar #####
INPUT for cli17627:
GAME
BLACK
297.61
.b.b.b.b
b.b.b.b.
.b.b....
....b.w.
.......w
w.w...w.
.w.w...w
w.w.w.w.
##### Running: /usr/bin/time -o time_5_cli17627_vdhankar.txt -f "%U" /usr/lib/jvm/jdk-14.0.1/bin/java homework > stulog.txt 2>&1 on cli17627 #####
##### SUCCESS: /usr/bin/time -o time_5_cli17627_vdhankar.txt -f "%U" /usr/lib/jvm/jdk-14.0.1/bin/java homework > stulog.txt 2>&1 on cli17627 #####
##### cli17627 plays [E e5 f4] in 0.63s #####
##### Running: /usr/lib/jvm/jdk-14.0.1/bin/java -jar /lab/itti/projects/checkers-competition/server/referee.jar on run_5_cli17627_vdhankar #####
Move is valid
##### SUCCESS: /usr/lib/jvm/jdk-14.0.1/bin/java -jar /lab/itti/projects/checkers-competition/server/referee.jar on run_5_cli17627_vdhankar #####
INPUT for vdhankar:
GAME
WHITE
249.234065055847
.b.b.b.b
b.b.b.b.
.b.b....
......w.
.....b.w
w.w...w.
.w.w...w
w.w.w.w.
##### Running: /usr/bin/time -o time_5_cli17627_vdhankar.txt -f "%U" python3 homework.py > stulog.txt 2>&1 on vdhankar #####
child exited with value 1
##### ERROR: /usr/bin/time -o time_5_cli17627_vdhankar.txt -f "%U" python3 homework.py > stulog.txt 2>&1 on vdhankar #####
##### Output of failed program (stdout + stderr): #####
Traceback (most recent call last):
  File "homework.py", line 546, in <module>
    print(end-start)
NameError: name 'end' is not defined
##### End of output of failed program #####
##### vdhankar plays [J g3 e5] in 3.67622804641724s #####
##### Running: /usr/lib/jvm/jdk-14.0.1/bin/java -jar /lab/itti/projects/checkers-competition/server/referee.jar on run_5_cli17627_vdhankar #####
Move is valid
##### SUCCESS: /usr/lib/jvm/jdk-14.0.1/bin/java -jar /lab/itti/projects/checkers-competition/server/referee.jar on run_5_cli17627_vdhankar #####
INPUT for cli17627:
GAME
BLACK
296.98
.b.b.b.b
b.b.b.b.
.b.b....
....w.w.
.......w
w.w.....
.w.w...w
w.w.w.w.
##### Running: /usr/bin/time -o time_5_cli17627_vdhankar.txt -f "%U" /usr/lib/jvm/jdk-14.0.1/bin/java homework > stulog.txt 2>&1 on cli17627 #####
##### SUCCESS: /usr/bin/time -o time_5_cli17627_vdhankar.txt -f "%U" /usr/lib/jvm/jdk-14.0.1/bin/java homework > stulog.txt 2>&1 on cli17627 #####
##### cli17627 plays [J d6 f4] in 0.67s #####
##### Running: /usr/lib/jvm/jdk-14.0.1/bin/java -jar /lab/itti/projects/checkers-competition/server/referee.jar on run_5_cli17627_vdhankar #####
Move is valid
##### SUCCESS: /usr/lib/jvm/jdk-14.0.1/bin/java -jar /lab/itti/projects/checkers-competition/server/referee.jar on run_5_cli17627_vdhankar #####
INPUT for vdhankar:
GAME
WHITE
245.55783700943
.b.b.b.b
b.b.b.b.
.b......
......w.
.....b.w
w.w.....
.w.w...w
w.w.w.w.
##### Running: /usr/bin/time -o time_5_cli17627_vdhankar.txt -f "%U" python3 homework.py > stulog.txt 2>&1 on vdhankar #####
child exited with value 1
##### ERROR: /usr/bin/time -o time_5_cli17627_vdhankar.txt -f "%U" python3 homework.py > stulog.txt 2>&1 on vdhankar #####
##### Output of failed program (stdout + stderr): #####
Traceback (most recent call last):
  File "homework.py", line 546, in <module>
    print(end-start)
NameError: name 'end' is not defined
##### End of output of failed program #####
##### vdhankar plays [E c3 d4] in 33.6076769828796s #####
##### Running: /usr/lib/jvm/jdk-14.0.1/bin/java -jar /lab/itti/projects/checkers-competition/server/referee.jar on run_5_cli17627_vdhankar #####
Move is valid
##### SUCCESS: /usr/lib/jvm/jdk-14.0.1/bin/java -jar /lab/itti/projects/checkers-competition/server/referee.jar on run_5_cli17627_vdhankar #####
INPUT for cli17627:
GAME
BLACK
296.31
.b.b.b.b
b.b.b.b.
.b......
......w.
...w.b.w
w.......
.w.w...w
w.w.w.w.
##### Running: /usr/bin/time -o time_5_cli17627_vdhankar.txt -f "%U" /usr/lib/jvm/jdk-14.0.1/bin/java homework > stulog.txt 2>&1 on cli17627 #####
##### SUCCESS: /usr/bin/time -o time_5_cli17627_vdhankar.txt -f "%U" /usr/lib/jvm/jdk-14.0.1/bin/java homework > stulog.txt 2>&1 on cli17627 #####
##### cli17627 plays [E f4 g3] in 0.93s #####
##### Running: /usr/lib/jvm/jdk-14.0.1/bin/java -jar /lab/itti/projects/checkers-competition/server/referee.jar on run_5_cli17627_vdhankar #####
Move is valid
##### SUCCESS: /usr/lib/jvm/jdk-14.0.1/bin/java -jar /lab/itti/projects/checkers-competition/server/referee.jar on run_5_cli17627_vdhankar #####
INPUT for vdhankar:
GAME
WHITE
211.95016002655
.b.b.b.b
b.b.b.b.
.b......
......w.
...w...w
w.....b.
.w.w...w
w.w.w.w.
##### Running: /usr/bin/time -o time_5_cli17627_vdhankar.txt -f "%U" python3 homework.py > stulog.txt 2>&1 on vdhankar #####
child exited with value 1
##### ERROR: /usr/bin/time -o time_5_cli17627_vdhankar.txt -f "%U" python3 homework.py > stulog.txt 2>&1 on vdhankar #####
##### Output of failed program (stdout + stderr): #####
Traceback (most recent call last):
  File "homework.py", line 546, in <module>
    print(end-start)
NameError: name 'end' is not defined
##### End of output of failed program #####
##### vdhankar plays [J h2 f4] in 12.4596500396729s #####
##### Running: /usr/lib/jvm/jdk-14.0.1/bin/java -jar /lab/itti/projects/checkers-competition/server/referee.jar on run_5_cli17627_vdhankar #####
Move is valid
##### SUCCESS: /usr/lib/jvm/jdk-14.0.1/bin/java -jar /lab/itti/projects/checkers-competition/server/referee.jar on run_5_cli17627_vdhankar #####
INPUT for cli17627:
GAME
BLACK
295.38
.b.b.b.b
b.b.b.b.
.b......
......w.
...w.w.w
w.......
.w.w....
w.w.w.w.
##### Running: /usr/bin/time -o time_5_cli17627_vdhankar.txt -f "%U" /usr/lib/jvm/jdk-14.0.1/bin/java homework > stulog.txt 2>&1 on cli17627 #####
##### SUCCESS: /usr/bin/time -o time_5_cli17627_vdhankar.txt -f "%U" /usr/lib/jvm/jdk-14.0.1/bin/java homework > stulog.txt 2>&1 on cli17627 #####
##### cli17627 plays [E b6 c5] in 0.99s #####
##### Running: /usr/lib/jvm/jdk-14.0.1/bin/java -jar /lab/itti/projects/checkers-competition/server/referee.jar on run_5_cli17627_vdhankar #####
Move is valid
##### SUCCESS: /usr/lib/jvm/jdk-14.0.1/bin/java -jar /lab/itti/projects/checkers-competition/server/referee.jar on run_5_cli17627_vdhankar #####
INPUT for vdhankar:
GAME
WHITE
199.490509986877
.b.b.b.b
b.b.b.b.
........
..b...w.
...w.w.w
w.......
.w.w....
w.w.w.w.
##### Running: /usr/bin/time -o time_5_cli17627_vdhankar.txt -f "%U" python3 homework.py > stulog.txt 2>&1 on vdhankar #####
child exited with value 1
##### ERROR: /usr/bin/time -o time_5_cli17627_vdhankar.txt -f "%U" python3 homework.py > stulog.txt 2>&1 on vdhankar #####
##### Output of failed program (stdout + stderr): #####
Traceback (most recent call last):
  File "homework.py", line 546, in <module>
    print(end-start)
NameError: name 'end' is not defined
##### End of output of failed program #####
##### vdhankar plays [J d4 b6] in 6.78263998031616s #####
##### Running: /usr/lib/jvm/jdk-14.0.1/bin/java -jar /lab/itti/projects/checkers-competition/server/referee.jar on run_5_cli17627_vdhankar #####
Move is valid
##### SUCCESS: /usr/lib/jvm/jdk-14.0.1/bin/java -jar /lab/itti/projects/checkers-competition/server/referee.jar on run_5_cli17627_vdhankar #####
INPUT for cli17627:
GAME
BLACK
294.39
.b.b.b.b
b.b.b.b.
.w......
......w.
.....w.w
w.......
.w.w....
w.w.w.w.
##### Running: /usr/bin/time -o time_5_cli17627_vdhankar.txt -f "%U" /usr/lib/jvm/jdk-14.0.1/bin/java homework > stulog.txt 2>&1 on cli17627 #####
##### SUCCESS: /usr/bin/time -o time_5_cli17627_vdhankar.txt -f "%U" /usr/lib/jvm/jdk-14.0.1/bin/java homework > stulog.txt 2>&1 on cli17627 #####
##### cli17627 plays [J c7 a5] in 0.84s #####
##### Running: /usr/lib/jvm/jdk-14.0.1/bin/java -jar /lab/itti/projects/checkers-competition/server/referee.jar on run_5_cli17627_vdhankar #####
Move is valid
##### SUCCESS: /usr/lib/jvm/jdk-14.0.1/bin/java -jar /lab/itti/projects/checkers-competition/server/referee.jar on run_5_cli17627_vdhankar #####
INPUT for vdhankar:
GAME
WHITE
192.707870006561
.b.b.b.b
b...b.b.
........
b.....w.
.....w.w
w.......
.w.w....
w.w.w.w.
##### Running: /usr/bin/time -o time_5_cli17627_vdhankar.txt -f "%U" python3 homework.py > stulog.txt 2>&1 on vdhankar #####
child exited with value 1
##### ERROR: /usr/bin/time -o time_5_cli17627_vdhankar.txt -f "%U" python3 homework.py > stulog.txt 2>&1 on vdhankar #####
##### Output of failed program (stdout + stderr): #####
Traceback (most recent call last):
  File "homework.py", line 546, in <module>
    print(end-start)
NameError: name 'end' is not defined
##### End of output of failed program #####
##### vdhankar plays [E a3 b4] in 44.4624538421631s #####
##### Running: /usr/lib/jvm/jdk-14.0.1/bin/java -jar /lab/itti/projects/checkers-competition/server/referee.jar on run_5_cli17627_vdhankar #####
Move is valid
##### SUCCESS: /usr/lib/jvm/jdk-14.0.1/bin/java -jar /lab/itti/projects/checkers-competition/server/referee.jar on run_5_cli17627_vdhankar #####
INPUT for cli17627:
GAME
BLACK
293.55
.b.b.b.b
b...b.b.
........
b.....w.
.w...w.w
........
.w.w....
w.w.w.w.
##### Running: /usr/bin/time -o time_5_cli17627_vdhankar.txt -f "%U" /usr/lib/jvm/jdk-14.0.1/bin/java homework > stulog.txt 2>&1 on cli17627 #####
##### SUCCESS: /usr/bin/time -o time_5_cli17627_vdhankar.txt -f "%U" /usr/lib/jvm/jdk-14.0.1/bin/java homework > stulog.txt 2>&1 on cli17627 #####
##### cli17627 plays [J a5 c3] in 0.75s #####
##### Running: /usr/lib/jvm/jdk-14.0.1/bin/java -jar /lab/itti/projects/checkers-competition/server/referee.jar on run_5_cli17627_vdhankar #####
Move is valid
##### SUCCESS: /usr/lib/jvm/jdk-14.0.1/bin/java -jar /lab/itti/projects/checkers-competition/server/referee.jar on run_5_cli17627_vdhankar #####
INPUT for vdhankar:
GAME
WHITE
148.245416164398
.b.b.b.b
b...b.b.
........
......w.
.....w.w
..b.....
.w.w....
w.w.w.w.
##### Running: /usr/bin/time -o time_5_cli17627_vdhankar.txt -f "%U" python3 homework.py > stulog.txt 2>&1 on vdhankar #####
child exited with value 1
##### ERROR: /usr/bin/time -o time_5_cli17627_vdhankar.txt -f "%U" python3 homework.py > stulog.txt 2>&1 on vdhankar #####
##### Output of failed program (stdout + stderr): #####
Traceback (most recent call last):
  File "homework.py", line 546, in <module>
    print(end-start)
NameError: name 'end' is not defined
##### End of output of failed program #####
##### vdhankar plays [J d2 b4] in 22.9151039123535s #####
##### Running: /usr/lib/jvm/jdk-14.0.1/bin/java -jar /lab/itti/projects/checkers-competition/server/referee.jar on run_5_cli17627_vdhankar #####
Move is valid
##### SUCCESS: /usr/lib/jvm/jdk-14.0.1/bin/java -jar /lab/itti/projects/checkers-competition/server/referee.jar on run_5_cli17627_vdhankar #####
INPUT for cli17627:
GAME
BLACK
292.8
.b.b.b.b
b...b.b.
........
......w.
.w...w.w
........
.w......
w.w.w.w.
##### Running: /usr/bin/time -o time_5_cli17627_vdhankar.txt -f "%U" /usr/lib/jvm/jdk-14.0.1/bin/java homework > stulog.txt 2>&1 on cli17627 #####
##### SUCCESS: /usr/bin/time -o time_5_cli17627_vdhankar.txt -f "%U" /usr/lib/jvm/jdk-14.0.1/bin/java homework > stulog.txt 2>&1 on cli17627 #####
##### cli17627 plays [E g7 h6] in 1.01s #####
##### Running: /usr/lib/jvm/jdk-14.0.1/bin/java -jar /lab/itti/projects/checkers-competition/server/referee.jar on run_5_cli17627_vdhankar #####
Move is valid
##### SUCCESS: /usr/lib/jvm/jdk-14.0.1/bin/java -jar /lab/itti/projects/checkers-competition/server/referee.jar on run_5_cli17627_vdhankar #####
INPUT for vdhankar:
GAME
WHITE
125.330312252045
.b.b.b.b
b...b...
.......b
......w.
.w...w.w
........
.w......
w.w.w.w.
##### Running: /usr/bin/time -o time_5_cli17627_vdhankar.txt -f "%U" python3 homework.py > stulog.txt 2>&1 on vdhankar #####
child exited with value 1
##### ERROR: /usr/bin/time -o time_5_cli17627_vdhankar.txt -f "%U" python3 homework.py > stulog.txt 2>&1 on vdhankar #####
##### Output of failed program (stdout + stderr): #####
Traceback (most recent call last):
  File "homework.py", line 546, in <module>
    print(end-start)
NameError: name 'end' is not defined
##### End of output of failed program #####
##### vdhankar plays [E b4 a5] in 95.2874321937561s #####
##### Running: /usr/lib/jvm/jdk-14.0.1/bin/java -jar /lab/itti/projects/checkers-competition/server/referee.jar on run_5_cli17627_vdhankar #####
Move is valid
##### SUCCESS: /usr/lib/jvm/jdk-14.0.1/bin/java -jar /lab/itti/projects/checkers-competition/server/referee.jar on run_5_cli17627_vdhankar #####
INPUT for cli17627:
GAME
BLACK
291.79
.b.b.b.b
b...b...
.......b
w.....w.
.....w.w
........
.w......
w.w.w.w.
##### Running: /usr/bin/time -o time_5_cli17627_vdhankar.txt -f "%U" /usr/lib/jvm/jdk-14.0.1/bin/java homework > stulog.txt 2>&1 on cli17627 #####
##### SUCCESS: /usr/bin/time -o time_5_cli17627_vdhankar.txt -f "%U" /usr/lib/jvm/jdk-14.0.1/bin/java homework > stulog.txt 2>&1 on cli17627 #####
##### cli17627 plays [E e7 f6] in 0.91s #####
##### Running: /usr/lib/jvm/jdk-14.0.1/bin/java -jar /lab/itti/projects/checkers-competition/server/referee.jar on run_5_cli17627_vdhankar #####
Move is valid
##### SUCCESS: /usr/lib/jvm/jdk-14.0.1/bin/java -jar /lab/itti/projects/checkers-competition/server/referee.jar on run_5_cli17627_vdhankar #####
INPUT for vdhankar:
GAME
WHITE
30.0428800582886
.b.b.b.b
b.......
.....b.b
w.....w.
.....w.w
........
.w......
w.w.w.w.
##### Running: /usr/bin/time -o time_5_cli17627_vdhankar.txt -f "%U" python3 homework.py > stulog.txt 2>&1 on vdhankar #####
child exited with value 1
##### ERROR: /usr/bin/time -o time_5_cli17627_vdhankar.txt -f "%U" python3 homework.py > stulog.txt 2>&1 on vdhankar #####
##### Output of failed program (stdout + stderr): #####
Traceback (most recent call last):
  File "homework.py", line 546, in <module>
    print(end-start)
NameError: name 'end' is not defined
##### End of output of failed program #####
##### vdhankar plays [J g5 e7] in 3.22208309173584s #####
##### Running: /usr/lib/jvm/jdk-14.0.1/bin/java -jar /lab/itti/projects/checkers-competition/server/referee.jar on run_5_cli17627_vdhankar #####
Move is valid
##### SUCCESS: /usr/lib/jvm/jdk-14.0.1/bin/java -jar /lab/itti/projects/checkers-competition/server/referee.jar on run_5_cli17627_vdhankar #####
INPUT for cli17627:
GAME
BLACK
290.88
.b.b.b.b
b...w...
.......b
w.......
.....w.w
........
.w......
w.w.w.w.
##### Running: /usr/bin/time -o time_5_cli17627_vdhankar.txt -f "%U" /usr/lib/jvm/jdk-14.0.1/bin/java homework > stulog.txt 2>&1 on cli17627 #####
##### SUCCESS: /usr/bin/time -o time_5_cli17627_vdhankar.txt -f "%U" /usr/lib/jvm/jdk-14.0.1/bin/java homework > stulog.txt 2>&1 on cli17627 #####
##### cli17627 plays [J f8 d6] in 1.01s #####
##### Running: /usr/lib/jvm/jdk-14.0.1/bin/java -jar /lab/itti/projects/checkers-competition/server/referee.jar on run_5_cli17627_vdhankar #####
Move is valid
##### SUCCESS: /usr/lib/jvm/jdk-14.0.1/bin/java -jar /lab/itti/projects/checkers-competition/server/referee.jar on run_5_cli17627_vdhankar #####
INPUT for vdhankar:
GAME
WHITE
26.8207969665527
.b.b...b
b.......
...b...b
w.......
.....w.w
........
.w......
w.w.w.w.
##### Running: /usr/bin/time -o time_5_cli17627_vdhankar.txt -f "%U" python3 homework.py > stulog.txt 2>&1 on vdhankar #####
child exited with value 1
##### ERROR: /usr/bin/time -o time_5_cli17627_vdhankar.txt -f "%U" python3 homework.py > stulog.txt 2>&1 on vdhankar #####
##### Output of failed program (stdout + stderr): #####
Traceback (most recent call last):
  File "homework.py", line 546, in <module>
    print(end-start)
NameError: name 'end' is not defined
##### End of output of failed program #####
##### vdhankar plays [E g1 h2] in 20.3711631298065s #####
##### Running: /usr/lib/jvm/jdk-14.0.1/bin/java -jar /lab/itti/projects/checkers-competition/server/referee.jar on run_5_cli17627_vdhankar #####
Move is valid
##### SUCCESS: /usr/lib/jvm/jdk-14.0.1/bin/java -jar /lab/itti/projects/checkers-competition/server/referee.jar on run_5_cli17627_vdhankar #####
INPUT for cli17627:
GAME
BLACK
289.87
.b.b...b
b.......
...b...b
w.......
.....w.w
........
.w.....w
w.w.w...
##### Running: /usr/bin/time -o time_5_cli17627_vdhankar.txt -f "%U" /usr/lib/jvm/jdk-14.0.1/bin/java homework > stulog.txt 2>&1 on cli17627 #####
##### SUCCESS: /usr/bin/time -o time_5_cli17627_vdhankar.txt -f "%U" /usr/lib/jvm/jdk-14.0.1/bin/java homework > stulog.txt 2>&1 on cli17627 #####
##### cli17627 plays [E h6 g5] in 1.03s #####
##### Running: /usr/lib/jvm/jdk-14.0.1/bin/java -jar /lab/itti/projects/checkers-competition/server/referee.jar on run_5_cli17627_vdhankar #####
Move is valid
##### SUCCESS: /usr/lib/jvm/jdk-14.0.1/bin/java -jar /lab/itti/projects/checkers-competition/server/referee.jar on run_5_cli17627_vdhankar #####
INPUT for vdhankar:
GAME
WHITE
6.44963383674622
.b.b...b
b.......
...b....
w.....b.
.....w.w
........
.w.....w
w.w.w...
##### Running: /usr/bin/time -o time_5_cli17627_vdhankar.txt -f "%U" python3 homework.py > stulog.txt 2>&1 on vdhankar #####
child exited with value 1
##### ERROR: /usr/bin/time -o time_5_cli17627_vdhankar.txt -f "%U" python3 homework.py > stulog.txt 2>&1 on vdhankar #####
##### Output of failed program (stdout + stderr): #####
Traceback (most recent call last):
  File "homework.py", line 546, in <module>
    print(end-start)
NameError: name 'end' is not defined
##### End of output of failed program #####
##### vdhankar plays [J h4 f6] in 0.408971071243286s #####
##### Running: /usr/lib/jvm/jdk-14.0.1/bin/java -jar /lab/itti/projects/checkers-competition/server/referee.jar on run_5_cli17627_vdhankar #####
Move is valid
##### SUCCESS: /usr/lib/jvm/jdk-14.0.1/bin/java -jar /lab/itti/projects/checkers-competition/server/referee.jar on run_5_cli17627_vdhankar #####
INPUT for cli17627:
GAME
BLACK
288.84
.b.b...b
b.......
...b.w..
w.......
.....w..
........
.w.....w
w.w.w...
##### Running: /usr/bin/time -o time_5_cli17627_vdhankar.txt -f "%U" /usr/lib/jvm/jdk-14.0.1/bin/java homework > stulog.txt 2>&1 on cli17627 #####
##### SUCCESS: /usr/bin/time -o time_5_cli17627_vdhankar.txt -f "%U" /usr/lib/jvm/jdk-14.0.1/bin/java homework > stulog.txt 2>&1 on cli17627 #####
##### cli17627 plays [E d6 e5] in 0.69s #####
##### Running: /usr/lib/jvm/jdk-14.0.1/bin/java -jar /lab/itti/projects/checkers-competition/server/referee.jar on run_5_cli17627_vdhankar #####
Move is valid
##### SUCCESS: /usr/lib/jvm/jdk-14.0.1/bin/java -jar /lab/itti/projects/checkers-competition/server/referee.jar on run_5_cli17627_vdhankar #####
INPUT for vdhankar:
GAME
WHITE
6.04066276550293
.b.b...b
b.......
.....w..
w...b...
.....w..
........
.w.....w
w.w.w...
##### Running: /usr/bin/time -o time_5_cli17627_vdhankar.txt -f "%U" python3 homework.py > stulog.txt 2>&1 on vdhankar #####
child exited with value 1
##### ERROR: /usr/bin/time -o time_5_cli17627_vdhankar.txt -f "%U" python3 homework.py > stulog.txt 2>&1 on vdhankar #####
##### Output of failed program (stdout + stderr): #####
Traceback (most recent call last):
  File "homework.py", line 546, in <module>
    print(end-start)
NameError: name 'end' is not defined
##### End of output of failed program #####
##### vdhankar plays [J f4 d6] in 0.334192037582397s #####
##### Running: /usr/lib/jvm/jdk-14.0.1/bin/java -jar /lab/itti/projects/checkers-competition/server/referee.jar on run_5_cli17627_vdhankar #####
Move is valid
##### SUCCESS: /usr/lib/jvm/jdk-14.0.1/bin/java -jar /lab/itti/projects/checkers-competition/server/referee.jar on run_5_cli17627_vdhankar #####
INPUT for cli17627:
GAME
BLACK
288.15
.b.b...b
b.......
...w.w..
w.......
........
........
.w.....w
w.w.w...
##### Running: /usr/bin/time -o time_5_cli17627_vdhankar.txt -f "%U" /usr/lib/jvm/jdk-14.0.1/bin/java homework > stulog.txt 2>&1 on cli17627 #####
##### SUCCESS: /usr/bin/time -o time_5_cli17627_vdhankar.txt -f "%U" /usr/lib/jvm/jdk-14.0.1/bin/java homework > stulog.txt 2>&1 on cli17627 #####
##### cli17627 plays [E a7 b6] in 0.56s #####
##### Running: /usr/lib/jvm/jdk-14.0.1/bin/java -jar /lab/itti/projects/checkers-competition/server/referee.jar on run_5_cli17627_vdhankar #####
Move is valid
##### SUCCESS: /usr/lib/jvm/jdk-14.0.1/bin/java -jar /lab/itti/projects/checkers-competition/server/referee.jar on run_5_cli17627_vdhankar #####
INPUT for vdhankar:
GAME
WHITE
5.70647072792053
.b.b...b
........
.b.w.w..
w.......
........
........
.w.....w
w.w.w...
##### Running: /usr/bin/time -o time_5_cli17627_vdhankar.txt -f "%U" python3 homework.py > stulog.txt 2>&1 on vdhankar #####
child exited with value 1
##### ERROR: /usr/bin/time -o time_5_cli17627_vdhankar.txt -f "%U" python3 homework.py > stulog.txt 2>&1 on vdhankar #####
##### Output of failed program (stdout + stderr): #####
Traceback (most recent call last):
  File "homework.py", line 546, in <module>
    print(end-start)
NameError: name 'end' is not defined
##### End of output of failed program #####
##### vdhankar plays [J a5 c7] in 0.392328023910522s #####
##### Running: /usr/lib/jvm/jdk-14.0.1/bin/java -jar /lab/itti/projects/checkers-competition/server/referee.jar on run_5_cli17627_vdhankar #####
Move is valid
##### SUCCESS: /usr/lib/jvm/jdk-14.0.1/bin/java -jar /lab/itti/projects/checkers-competition/server/referee.jar on run_5_cli17627_vdhankar #####
INPUT for cli17627:
GAME
BLACK
287.59
.b.b...b
..w.....
...w.w..
........
........
........
.w.....w
w.w.w...
##### Running: /usr/bin/time -o time_5_cli17627_vdhankar.txt -f "%U" /usr/lib/jvm/jdk-14.0.1/bin/java homework > stulog.txt 2>&1 on cli17627 #####
##### SUCCESS: /usr/bin/time -o time_5_cli17627_vdhankar.txt -f "%U" /usr/lib/jvm/jdk-14.0.1/bin/java homework > stulog.txt 2>&1 on cli17627 #####
##### cli17627 plays [J d8 b6] in 0.52s #####
##### Running: /usr/lib/jvm/jdk-14.0.1/bin/java -jar /lab/itti/projects/checkers-competition/server/referee.jar on run_5_cli17627_vdhankar #####
Move is valid
##### SUCCESS: /usr/lib/jvm/jdk-14.0.1/bin/java -jar /lab/itti/projects/checkers-competition/server/referee.jar on run_5_cli17627_vdhankar #####
INPUT for vdhankar:
GAME
WHITE
5.31414270401001
.b.....b
........
.b.w.w..
........
........
........
.w.....w
w.w.w...
##### Running: /usr/bin/time -o time_5_cli17627_vdhankar.txt -f "%U" python3 homework.py > stulog.txt 2>&1 on vdhankar #####
child exited with value 1
##### ERROR: /usr/bin/time -o time_5_cli17627_vdhankar.txt -f "%U" python3 homework.py > stulog.txt 2>&1 on vdhankar #####
##### Output of failed program (stdout + stderr): #####
Traceback (most recent call last):
  File "homework.py", line 546, in <module>
    print(end-start)
NameError: name 'end' is not defined
##### End of output of failed program #####
##### vdhankar plays [E f6 e7] in 0.440515041351318s #####
##### Running: /usr/lib/jvm/jdk-14.0.1/bin/java -jar /lab/itti/projects/checkers-competition/server/referee.jar on run_5_cli17627_vdhankar #####
Move is valid
##### SUCCESS: /usr/lib/jvm/jdk-14.0.1/bin/java -jar /lab/itti/projects/checkers-competition/server/referee.jar on run_5_cli17627_vdhankar #####
INPUT for cli17627:
GAME
BLACK
287.07
.b.....b
....w...
.b.w....
........
........
........
.w.....w
w.w.w...
##### Running: /usr/bin/time -o time_5_cli17627_vdhankar.txt -f "%U" /usr/lib/jvm/jdk-14.0.1/bin/java homework > stulog.txt 2>&1 on cli17627 #####
##### SUCCESS: /usr/bin/time -o time_5_cli17627_vdhankar.txt -f "%U" /usr/lib/jvm/jdk-14.0.1/bin/java homework > stulog.txt 2>&1 on cli17627 #####
##### cli17627 plays [E b6 c5] in 0.56s #####
##### Running: /usr/lib/jvm/jdk-14.0.1/bin/java -jar /lab/itti/projects/checkers-competition/server/referee.jar on run_5_cli17627_vdhankar #####
Move is valid
##### SUCCESS: /usr/lib/jvm/jdk-14.0.1/bin/java -jar /lab/itti/projects/checkers-competition/server/referee.jar on run_5_cli17627_vdhankar #####
INPUT for vdhankar:
GAME
WHITE
4.87362766265869
.b.....b
....w...
...w....
..b.....
........
........
.w.....w
w.w.w...
##### Running: /usr/bin/time -o time_5_cli17627_vdhankar.txt -f "%U" python3 homework.py > stulog.txt 2>&1 on vdhankar #####
child exited with value 1
##### ERROR: /usr/bin/time -o time_5_cli17627_vdhankar.txt -f "%U" python3 homework.py > stulog.txt 2>&1 on vdhankar #####
##### Output of failed program (stdout + stderr): #####
Traceback (most recent call last):
  File "homework.py", line 546, in <module>
    print(end-start)
NameError: name 'end' is not defined
##### End of output of failed program #####
##### vdhankar plays [E e7 f8] in 0.486604928970337s #####
##### Running: /usr/lib/jvm/jdk-14.0.1/bin/java -jar /lab/itti/projects/checkers-competition/server/referee.jar on run_5_cli17627_vdhankar #####
Move is valid
##### SUCCESS: /usr/lib/jvm/jdk-14.0.1/bin/java -jar /lab/itti/projects/checkers-competition/server/referee.jar on run_5_cli17627_vdhankar #####
INPUT for cli17627:
GAME
BLACK
286.51
.b...W.b
........
...w....
..b.....
........
........
.w.....w
w.w.w...
##### Running: /usr/bin/time -o time_5_cli17627_vdhankar.txt -f "%U" /usr/lib/jvm/jdk-14.0.1/bin/java homework > stulog.txt 2>&1 on cli17627 #####
##### SUCCESS: /usr/bin/time -o time_5_cli17627_vdhankar.txt -f "%U" /usr/lib/jvm/jdk-14.0.1/bin/java homework > stulog.txt 2>&1 on cli17627 #####
##### cli17627 plays [E c5 d4] in 0.64s #####
##### Running: /usr/lib/jvm/jdk-14.0.1/bin/java -jar /lab/itti/projects/checkers-competition/server/referee.jar on run_5_cli17627_vdhankar #####
Move is valid
##### SUCCESS: /usr/lib/jvm/jdk-14.0.1/bin/java -jar /lab/itti/projects/checkers-competition/server/referee.jar on run_5_cli17627_vdhankar #####
INPUT for vdhankar:
GAME
WHITE
4.38702273368835
.b...W.b
........
...w....
........
...b....
........
.w.....w
w.w.w...
##### Running: /usr/bin/time -o time_5_cli17627_vdhankar.txt -f "%U" python3 homework.py > stulog.txt 2>&1 on vdhankar #####
child exited with value 1
##### ERROR: /usr/bin/time -o time_5_cli17627_vdhankar.txt -f "%U" python3 homework.py > stulog.txt 2>&1 on vdhankar #####
##### Output of failed program (stdout + stderr): #####
Traceback (most recent call last):
  File "homework.py", line 546, in <module>
    print(end-start)
NameError: name 'end' is not defined
##### End of output of failed program #####
##### vdhankar plays [E d6 e7] in 0.525836944580078s #####
##### Running: /usr/lib/jvm/jdk-14.0.1/bin/java -jar /lab/itti/projects/checkers-competition/server/referee.jar on run_5_cli17627_vdhankar #####
Move is valid
##### SUCCESS: /usr/lib/jvm/jdk-14.0.1/bin/java -jar /lab/itti/projects/checkers-competition/server/referee.jar on run_5_cli17627_vdhankar #####
INPUT for cli17627:
GAME
BLACK
285.87
.b...W.b
....w...
........
........
...b....
........
.w.....w
w.w.w...
##### Running: /usr/bin/time -o time_5_cli17627_vdhankar.txt -f "%U" /usr/lib/jvm/jdk-14.0.1/bin/java homework > stulog.txt 2>&1 on cli17627 #####
##### SUCCESS: /usr/bin/time -o time_5_cli17627_vdhankar.txt -f "%U" /usr/lib/jvm/jdk-14.0.1/bin/java homework > stulog.txt 2>&1 on cli17627 #####
##### cli17627 plays [E d4 c3] in 0.62s #####
##### Running: /usr/lib/jvm/jdk-14.0.1/bin/java -jar /lab/itti/projects/checkers-competition/server/referee.jar on run_5_cli17627_vdhankar #####
Move is valid
##### SUCCESS: /usr/lib/jvm/jdk-14.0.1/bin/java -jar /lab/itti/projects/checkers-competition/server/referee.jar on run_5_cli17627_vdhankar #####
INPUT for vdhankar:
GAME
WHITE
3.86118578910828
.b...W.b
....w...
........
........
........
..b.....
.w.....w
w.w.w...
##### Running: /usr/bin/time -o time_5_cli17627_vdhankar.txt -f "%U" python3 homework.py > stulog.txt 2>&1 on vdhankar #####
child exited with value 1
##### ERROR: /usr/bin/time -o time_5_cli17627_vdhankar.txt -f "%U" python3 homework.py > stulog.txt 2>&1 on vdhankar #####
##### Output of failed program (stdout + stderr): #####
Traceback (most recent call last):
  File "homework.py", line 546, in <module>
    print(end-start)
NameError: name 'end' is not defined
##### End of output of failed program #####
##### vdhankar plays [J b2 d4] in 0.341746091842651s #####
##### Running: /usr/lib/jvm/jdk-14.0.1/bin/java -jar /lab/itti/projects/checkers-competition/server/referee.jar on run_5_cli17627_vdhankar #####
Move is valid
##### SUCCESS: /usr/lib/jvm/jdk-14.0.1/bin/java -jar /lab/itti/projects/checkers-competition/server/referee.jar on run_5_cli17627_vdhankar #####
INPUT for cli17627:
GAME
BLACK
285.25
.b...W.b
....w...
........
........
...w....
........
.......w
w.w.w...
##### Running: /usr/bin/time -o time_5_cli17627_vdhankar.txt -f "%U" /usr/lib/jvm/jdk-14.0.1/bin/java homework > stulog.txt 2>&1 on cli17627 #####
##### SUCCESS: /usr/bin/time -o time_5_cli17627_vdhankar.txt -f "%U" /usr/lib/jvm/jdk-14.0.1/bin/java homework > stulog.txt 2>&1 on cli17627 #####
##### cli17627 plays [E b8 c7] in 0.68s #####
##### Running: /usr/lib/jvm/jdk-14.0.1/bin/java -jar /lab/itti/projects/checkers-competition/server/referee.jar on run_5_cli17627_vdhankar #####
Move is valid
##### SUCCESS: /usr/lib/jvm/jdk-14.0.1/bin/java -jar /lab/itti/projects/checkers-competition/server/referee.jar on run_5_cli17627_vdhankar #####
INPUT for vdhankar:
GAME
WHITE
3.51943969726562
.....W.b
..b.w...
........
........
...w....
........
.......w
w.w.w...
##### Running: /usr/bin/time -o time_5_cli17627_vdhankar.txt -f "%U" python3 homework.py > stulog.txt 2>&1 on vdhankar #####
child exited with value 1
##### ERROR: /usr/bin/time -o time_5_cli17627_vdhankar.txt -f "%U" python3 homework.py > stulog.txt 2>&1 on vdhankar #####
##### Output of failed program (stdout + stderr): #####
Traceback (most recent call last):
  File "homework.py", line 546, in <module>
    print(end-start)
NameError: name 'end' is not defined
##### End of output of failed program #####
##### vdhankar plays [E e7 d8] in 0.469609022140503s #####
##### Running: /usr/lib/jvm/jdk-14.0.1/bin/java -jar /lab/itti/projects/checkers-competition/server/referee.jar on run_5_cli17627_vdhankar #####
Move is valid
##### SUCCESS: /usr/lib/jvm/jdk-14.0.1/bin/java -jar /lab/itti/projects/checkers-competition/server/referee.jar on run_5_cli17627_vdhankar #####
INPUT for cli17627:
GAME
BLACK
284.57
...W.W.b
..b.....
........
........
...w....
........
.......w
w.w.w...
##### Running: /usr/bin/time -o time_5_cli17627_vdhankar.txt -f "%U" /usr/lib/jvm/jdk-14.0.1/bin/java homework > stulog.txt 2>&1 on cli17627 #####
##### SUCCESS: /usr/bin/time -o time_5_cli17627_vdhankar.txt -f "%U" /usr/lib/jvm/jdk-14.0.1/bin/java homework > stulog.txt 2>&1 on cli17627 #####
##### cli17627 plays [E c7 b6] in 0.61s #####
##### Running: /usr/lib/jvm/jdk-14.0.1/bin/java -jar /lab/itti/projects/checkers-competition/server/referee.jar on run_5_cli17627_vdhankar #####
Move is valid
##### SUCCESS: /usr/lib/jvm/jdk-14.0.1/bin/java -jar /lab/itti/projects/checkers-competition/server/referee.jar on run_5_cli17627_vdhankar #####
INPUT for vdhankar:
GAME
WHITE
3.04983067512512
...W.W.b
........
.b......
........
...w....
........
.......w
w.w.w...
##### Running: /usr/bin/time -o time_5_cli17627_vdhankar.txt -f "%U" python3 homework.py > stulog.txt 2>&1 on vdhankar #####
child exited with value 1
##### ERROR: /usr/bin/time -o time_5_cli17627_vdhankar.txt -f "%U" python3 homework.py > stulog.txt 2>&1 on vdhankar #####
##### Output of failed program (stdout + stderr): #####
Traceback (most recent call last):
  File "homework.py", line 546, in <module>
    print(end-start)
NameError: name 'end' is not defined
##### End of output of failed program #####
##### vdhankar plays [E e1 f2] in 0.515956163406372s #####
##### Running: /usr/lib/jvm/jdk-14.0.1/bin/java -jar /lab/itti/projects/checkers-competition/server/referee.jar on run_5_cli17627_vdhankar #####
Move is valid
##### SUCCESS: /usr/lib/jvm/jdk-14.0.1/bin/java -jar /lab/itti/projects/checkers-competition/server/referee.jar on run_5_cli17627_vdhankar #####
INPUT for cli17627:
GAME
BLACK
283.96
...W.W.b
........
.b......
........
...w....
........
.....w.w
w.w.....
##### Running: /usr/bin/time -o time_5_cli17627_vdhankar.txt -f "%U" /usr/lib/jvm/jdk-14.0.1/bin/java homework > stulog.txt 2>&1 on cli17627 #####
##### SUCCESS: /usr/bin/time -o time_5_cli17627_vdhankar.txt -f "%U" /usr/lib/jvm/jdk-14.0.1/bin/java homework > stulog.txt 2>&1 on cli17627 #####
##### cli17627 plays [E b6 a5] in 0.68s #####
##### Running: /usr/lib/jvm/jdk-14.0.1/bin/java -jar /lab/itti/projects/checkers-competition/server/referee.jar on run_5_cli17627_vdhankar #####
Move is valid
##### SUCCESS: /usr/lib/jvm/jdk-14.0.1/bin/java -jar /lab/itti/projects/checkers-competition/server/referee.jar on run_5_cli17627_vdhankar #####
INPUT for vdhankar:
GAME
WHITE
2.53387451171875
...W.W.b
........
........
b.......
...w....
........
.....w.w
w.w.....
##### Running: /usr/bin/time -o time_5_cli17627_vdhankar.txt -f "%U" python3 homework.py > stulog.txt 2>&1 on vdhankar #####
child exited with value 1
##### ERROR: /usr/bin/time -o time_5_cli17627_vdhankar.txt -f "%U" python3 homework.py > stulog.txt 2>&1 on vdhankar #####
##### Output of failed program (stdout + stderr): #####
Traceback (most recent call last):
  File "homework.py", line 546, in <module>
    print(end-start)
NameError: name 'end' is not defined
##### End of output of failed program #####
##### vdhankar plays [E h2 g3] in 0.488775968551636s #####
##### Running: /usr/lib/jvm/jdk-14.0.1/bin/java -jar /lab/itti/projects/checkers-competition/server/referee.jar on run_5_cli17627_vdhankar #####
Move is valid
##### SUCCESS: /usr/lib/jvm/jdk-14.0.1/bin/java -jar /lab/itti/projects/checkers-competition/server/referee.jar on run_5_cli17627_vdhankar #####
INPUT for cli17627:
GAME
BLACK
283.28
...W.W.b
........
........
b.......
...w....
......w.
.....w..
w.w.....
##### Running: /usr/bin/time -o time_5_cli17627_vdhankar.txt -f "%U" /usr/lib/jvm/jdk-14.0.1/bin/java homework > stulog.txt 2>&1 on cli17627 #####
##### SUCCESS: /usr/bin/time -o time_5_cli17627_vdhankar.txt -f "%U" /usr/lib/jvm/jdk-14.0.1/bin/java homework > stulog.txt 2>&1 on cli17627 #####
##### cli17627 plays [E a5 b4] in 0.39s #####
##### Running: /usr/lib/jvm/jdk-14.0.1/bin/java -jar /lab/itti/projects/checkers-competition/server/referee.jar on run_5_cli17627_vdhankar #####
Move is valid
##### SUCCESS: /usr/lib/jvm/jdk-14.0.1/bin/java -jar /lab/itti/projects/checkers-competition/server/referee.jar on run_5_cli17627_vdhankar #####
INPUT for vdhankar:
GAME
WHITE
2.04509854316711
...W.W.b
........
........
........
.b.w....
......w.
.....w..
w.w.....
##### Running: /usr/bin/time -o time_5_cli17627_vdhankar.txt -f "%U" python3 homework.py > stulog.txt 2>&1 on vdhankar #####
child exited with value 1
##### ERROR: /usr/bin/time -o time_5_cli17627_vdhankar.txt -f "%U" python3 homework.py > stulog.txt 2>&1 on vdhankar #####
##### Output of failed program (stdout + stderr): #####
Traceback (most recent call last):
  File "homework.py", line 546, in <module>
    print(end-start)
NameError: name 'end' is not defined
##### End of output of failed program #####
##### vdhankar plays [E f2 e3] in 0.482539176940918s #####
##### Running: /usr/lib/jvm/jdk-14.0.1/bin/java -jar /lab/itti/projects/checkers-competition/server/referee.jar on run_5_cli17627_vdhankar #####
Move is valid
##### SUCCESS: /usr/lib/jvm/jdk-14.0.1/bin/java -jar /lab/itti/projects/checkers-competition/server/referee.jar on run_5_cli17627_vdhankar #####
INPUT for cli17627:
GAME
BLACK
282.89
...W.W.b
........
........
........
.b.w....
....w.w.
........
w.w.....
##### Running: /usr/bin/time -o time_5_cli17627_vdhankar.txt -f "%U" /usr/lib/jvm/jdk-14.0.1/bin/java homework > stulog.txt 2>&1 on cli17627 #####
##### SUCCESS: /usr/bin/time -o time_5_cli17627_vdhankar.txt -f "%U" /usr/lib/jvm/jdk-14.0.1/bin/java homework > stulog.txt 2>&1 on cli17627 #####
##### cli17627 plays [E b4 c3] in 0.64s #####
##### Running: /usr/lib/jvm/jdk-14.0.1/bin/java -jar /lab/itti/projects/checkers-competition/server/referee.jar on run_5_cli17627_vdhankar #####
Move is valid
##### SUCCESS: /usr/lib/jvm/jdk-14.0.1/bin/java -jar /lab/itti/projects/checkers-competition/server/referee.jar on run_5_cli17627_vdhankar #####
INPUT for vdhankar:
GAME
WHITE
1.5625593662262
...W.W.b
........
........
........
...w....
..b.w.w.
........
w.w.....
##### Running: /usr/bin/time -o time_5_cli17627_vdhankar.txt -f "%U" python3 homework.py > stulog.txt 2>&1 on vdhankar #####
child exited with value 1
##### ERROR: /usr/bin/time -o time_5_cli17627_vdhankar.txt -f "%U" python3 homework.py > stulog.txt 2>&1 on vdhankar #####
##### Output of failed program (stdout + stderr): #####
Traceback (most recent call last):
  File "homework.py", line 546, in <module>
    print(end-start)
NameError: name 'end' is not defined
##### End of output of failed program #####
##### vdhankar plays [E g3 f4] in 0.461036920547485s #####
##### Running: /usr/lib/jvm/jdk-14.0.1/bin/java -jar /lab/itti/projects/checkers-competition/server/referee.jar on run_5_cli17627_vdhankar #####
Move is valid
##### SUCCESS: /usr/lib/jvm/jdk-14.0.1/bin/java -jar /lab/itti/projects/checkers-competition/server/referee.jar on run_5_cli17627_vdhankar #####
INPUT for cli17627:
GAME
BLACK
282.25
...W.W.b
........
........
........
...w.w..
..b.w...
........
w.w.....
##### Running: /usr/bin/time -o time_5_cli17627_vdhankar.txt -f "%U" /usr/lib/jvm/jdk-14.0.1/bin/java homework > stulog.txt 2>&1 on cli17627 #####
##### SUCCESS: /usr/bin/time -o time_5_cli17627_vdhankar.txt -f "%U" /usr/lib/jvm/jdk-14.0.1/bin/java homework > stulog.txt 2>&1 on cli17627 #####
##### cli17627 plays [E c3 d2] in 0.48s #####
##### Running: /usr/lib/jvm/jdk-14.0.1/bin/java -jar /lab/itti/projects/checkers-competition/server/referee.jar on run_5_cli17627_vdhankar #####
Move is valid
##### SUCCESS: /usr/lib/jvm/jdk-14.0.1/bin/java -jar /lab/itti/projects/checkers-competition/server/referee.jar on run_5_cli17627_vdhankar #####
INPUT for vdhankar:
GAME
WHITE
1.10152244567871
...W.W.b
........
........
........
...w.w..
....w...
...b....
w.w.....
##### Running: /usr/bin/time -o time_5_cli17627_vdhankar.txt -f "%U" python3 homework.py > stulog.txt 2>&1 on vdhankar #####
child exited with value 1
##### ERROR: /usr/bin/time -o time_5_cli17627_vdhankar.txt -f "%U" python3 homework.py > stulog.txt 2>&1 on vdhankar #####
##### Output of failed program (stdout + stderr): #####
Traceback (most recent call last):
  File "homework.py", line 546, in <module>
    print(end-start)
NameError: name 'end' is not defined
##### End of output of failed program #####
##### vdhankar plays [E f4 e5] in 0.470504999160767s #####
##### Running: /usr/lib/jvm/jdk-14.0.1/bin/java -jar /lab/itti/projects/checkers-competition/server/referee.jar on run_5_cli17627_vdhankar #####
Move is valid
##### SUCCESS: /usr/lib/jvm/jdk-14.0.1/bin/java -jar /lab/itti/projects/checkers-competition/server/referee.jar on run_5_cli17627_vdhankar #####
INPUT for cli17627:
GAME
BLACK
281.77
...W.W.b
........
........
....w...
...w....
....w...
...b....
w.w.....
##### Running: /usr/bin/time -o time_5_cli17627_vdhankar.txt -f "%U" /usr/lib/jvm/jdk-14.0.1/bin/java homework > stulog.txt 2>&1 on cli17627 #####
##### SUCCESS: /usr/bin/time -o time_5_cli17627_vdhankar.txt -f "%U" /usr/lib/jvm/jdk-14.0.1/bin/java homework > stulog.txt 2>&1 on cli17627 #####
##### cli17627 plays [E d2 e1] in 0.67s #####
##### Running: /usr/lib/jvm/jdk-14.0.1/bin/java -jar /lab/itti/projects/checkers-competition/server/referee.jar on run_5_cli17627_vdhankar #####
Move is valid
##### SUCCESS: /usr/lib/jvm/jdk-14.0.1/bin/java -jar /lab/itti/projects/checkers-competition/server/referee.jar on run_5_cli17627_vdhankar #####
INPUT for vdhankar:
GAME
WHITE
0.631017446517944
...W.W.b
........
........
....w...
...w....
....w...
........
w.w.B...
##### Running: /usr/bin/time -o time_5_cli17627_vdhankar.txt -f "%U" python3 homework.py > stulog.txt 2>&1 on vdhankar #####
child exited with value 1
##### ERROR: /usr/bin/time -o time_5_cli17627_vdhankar.txt -f "%U" python3 homework.py > stulog.txt 2>&1 on vdhankar #####
##### Output of failed program (stdout + stderr): #####
Traceback (most recent call last):
  File "homework.py", line 546, in <module>
    print(end-start)
NameError: name 'end' is not defined
##### End of output of failed program #####
##### vdhankar plays [E d4 c5] in 0.420711994171143s #####
##### Running: /usr/lib/jvm/jdk-14.0.1/bin/java -jar /lab/itti/projects/checkers-competition/server/referee.jar on run_5_cli17627_vdhankar #####
Move is valid
##### SUCCESS: /usr/lib/jvm/jdk-14.0.1/bin/java -jar /lab/itti/projects/checkers-competition/server/referee.jar on run_5_cli17627_vdhankar #####
INPUT for cli17627:
GAME
BLACK
281.1
...W.W.b
........
........
..w.w...
........
....w...
........
w.w.B...
##### Running: /usr/bin/time -o time_5_cli17627_vdhankar.txt -f "%U" /usr/lib/jvm/jdk-14.0.1/bin/java homework > stulog.txt 2>&1 on cli17627 #####
##### SUCCESS: /usr/bin/time -o time_5_cli17627_vdhankar.txt -f "%U" /usr/lib/jvm/jdk-14.0.1/bin/java homework > stulog.txt 2>&1 on cli17627 #####
##### cli17627 plays [E e1 f2] in 0.95s #####
##### Running: /usr/lib/jvm/jdk-14.0.1/bin/java -jar /lab/itti/projects/checkers-competition/server/referee.jar on run_5_cli17627_vdhankar #####
Move is valid
##### SUCCESS: /usr/lib/jvm/jdk-14.0.1/bin/java -jar /lab/itti/projects/checkers-competition/server/referee.jar on run_5_cli17627_vdhankar #####
INPUT for vdhankar:
GAME
WHITE
0.210305452346802
...W.W.b
........
........
..w.w...
........
....w...
.....B..
w.w.....
##### Running: /usr/bin/time -o time_5_cli17627_vdhankar.txt -f "%U" python3 homework.py > stulog.txt 2>&1 on vdhankar #####
child exited with value 1
##### ERROR: /usr/bin/time -o time_5_cli17627_vdhankar.txt -f "%U" python3 homework.py > stulog.txt 2>&1 on vdhankar #####
##### Output of failed program (stdout + stderr): #####
Traceback (most recent call last):
  File "homework.py", line 546, in <module>
    print(end-start)
NameError: name 'end' is not defined
##### End of output of failed program #####
##### vdhankar plays [E e3 d4] in 0.679399013519287s #####
##### Running: /usr/lib/jvm/jdk-14.0.1/bin/java -jar /lab/itti/projects/checkers-competition/server/referee.jar on run_5_cli17627_vdhankar #####
Move is valid
##### SUCCESS: /usr/lib/jvm/jdk-14.0.1/bin/java -jar /lab/itti/projects/checkers-competition/server/referee.jar on run_5_cli17627_vdhankar #####
INPUT for cli17627:
GAME
BLACK
280.15
...W.W.b
........
........
..w.w...
...w....
........
.....B..
w.w.....
##### Running: /usr/bin/time -o time_5_cli17627_vdhankar.txt -f "%U" /usr/lib/jvm/jdk-14.0.1/bin/java homework > stulog.txt 2>&1 on cli17627 #####
##### SUCCESS: /usr/bin/time -o time_5_cli17627_vdhankar.txt -f "%U" /usr/lib/jvm/jdk-14.0.1/bin/java homework > stulog.txt 2>&1 on cli17627 #####
##### cli17627 plays [E f2 g1] in 0.93s #####
##### Running: /usr/lib/jvm/jdk-14.0.1/bin/java -jar /lab/itti/projects/checkers-competition/server/referee.jar on run_5_cli17627_vdhankar #####
Move is valid
##### SUCCESS: /usr/lib/jvm/jdk-14.0.1/bin/java -jar /lab/itti/projects/checkers-competition/server/referee.jar on run_5_cli17627_vdhankar #####
INPUT for vdhankar:
GAME
WHITE
-0.469093561172485
...W.W.b
........
........
..w.w...
...w....
........
........
w.w...B.
Not running vdhankar because of negative remaining time -- passing illegal move instead
##### No output.txt found. Making a bogus one... #####
##### Running: /usr/lib/jvm/jdk-14.0.1/bin/java -jar /lab/itti/projects/checkers-competition/server/referee.jar on run_5_cli17627_vdhankar #####
Step in a move needs to have 3 sections, found 1 in 'illegal'.
child exited with value 255
##### ERROR: /usr/lib/jvm/jdk-14.0.1/bin/java -jar /lab/itti/projects/checkers-competition/server/referee.jar on run_5_cli17627_vdhankar #####
Game server reported error. Assuming bogus move.
##### GAME OVER: vdhankar loses because of illegal move [No Move] #####
Server said: FAIL
########## ROUND 5 GAMESCORE AFTER GAME 2: cli17627=1 and vdhankar=1 ##########
#################### ROUND 5: cli17627 (W) vs vdhankar (B): game 3 ####################
##### game start! #####
INPUT for vdhankar:
GAME
BLACK
300
.b.b.b.b
b.b.b.b.
.b.b.b.b
........
........
w.w.w.w.
.w.w.w.w
w.w.w.w.
##### Running: /usr/bin/time -o time_5_cli17627_vdhankar.txt -f "%U" python3 homework.py > stulog.txt 2>&1 on vdhankar #####
child exited with value 1
##### ERROR: /usr/bin/time -o time_5_cli17627_vdhankar.txt -f "%U" python3 homework.py > stulog.txt 2>&1 on vdhankar #####
##### Output of failed program (stdout + stderr): #####
Traceback (most recent call last):
  File "homework.py", line 546, in <module>
    print(end-start)
NameError: name 'end' is not defined
##### End of output of failed program #####
##### vdhankar plays [E h6 g5] in 12.7878789901733s #####
##### Running: /usr/lib/jvm/jdk-14.0.1/bin/java -jar /lab/itti/projects/checkers-competition/server/referee.jar on run_5_cli17627_vdhankar #####
Move is valid
Couldn't read file 'current_ply.txt'
Couldn't read content from file 'current_ply.txt'
Couldn't read file 'lastmatchange_ply.txt'
Couldn't read content from file 'lastmatchange_ply.txt'
##### SUCCESS: /usr/lib/jvm/jdk-14.0.1/bin/java -jar /lab/itti/projects/checkers-competition/server/referee.jar on run_5_cli17627_vdhankar #####
INPUT for cli17627:
GAME
WHITE
300
.b.b.b.b
b.b.b.b.
.b.b.b..
......b.
........
w.w.w.w.
.w.w.w.w
w.w.w.w.
##### Running: /usr/bin/time -o time_5_cli17627_vdhankar.txt -f "%U" /usr/lib/jvm/jdk-14.0.1/bin/java homework > stulog.txt 2>&1 on cli17627 #####
##### SUCCESS: /usr/bin/time -o time_5_cli17627_vdhankar.txt -f "%U" /usr/lib/jvm/jdk-14.0.1/bin/java homework > stulog.txt 2>&1 on cli17627 #####
##### cli17627 plays [E g3 h4] in 0.92s #####
##### Running: /usr/lib/jvm/jdk-14.0.1/bin/java -jar /lab/itti/projects/checkers-competition/server/referee.jar on run_5_cli17627_vdhankar #####
Move is valid
##### SUCCESS: /usr/lib/jvm/jdk-14.0.1/bin/java -jar /lab/itti/projects/checkers-competition/server/referee.jar on run_5_cli17627_vdhankar #####
INPUT for vdhankar:
GAME
BLACK
287.212121009827
.b.b.b.b
b.b.b.b.
.b.b.b..
......b.
.......w
w.w.w...
.w.w.w.w
w.w.w.w.
##### Running: /usr/bin/time -o time_5_cli17627_vdhankar.txt -f "%U" python3 homework.py > stulog.txt 2>&1 on vdhankar #####
child exited with value 1
##### ERROR: /usr/bin/time -o time_5_cli17627_vdhankar.txt -f "%U" python3 homework.py > stulog.txt 2>&1 on vdhankar #####
##### Output of failed program (stdout + stderr): #####
Traceback (most recent call last):
  File "homework.py", line 546, in <module>
    print(end-start)
NameError: name 'end' is not defined
##### End of output of failed program #####
##### vdhankar plays [E f6 e5] in 13.9604439735413s #####
##### Running: /usr/lib/jvm/jdk-14.0.1/bin/java -jar /lab/itti/projects/checkers-competition/server/referee.jar on run_5_cli17627_vdhankar #####
Move is valid
##### SUCCESS: /usr/lib/jvm/jdk-14.0.1/bin/java -jar /lab/itti/projects/checkers-competition/server/referee.jar on run_5_cli17627_vdhankar #####
INPUT for cli17627:
GAME
WHITE
299.08
.b.b.b.b
b.b.b.b.
.b.b....
....b.b.
.......w
w.w.w...
.w.w.w.w
w.w.w.w.
##### Running: /usr/bin/time -o time_5_cli17627_vdhankar.txt -f "%U" /usr/lib/jvm/jdk-14.0.1/bin/java homework > stulog.txt 2>&1 on cli17627 #####
##### SUCCESS: /usr/bin/time -o time_5_cli17627_vdhankar.txt -f "%U" /usr/lib/jvm/jdk-14.0.1/bin/java homework > stulog.txt 2>&1 on cli17627 #####
##### cli17627 plays [J h4 f6] in 0.53s #####
##### Running: /usr/lib/jvm/jdk-14.0.1/bin/java -jar /lab/itti/projects/checkers-competition/server/referee.jar on run_5_cli17627_vdhankar #####
Move is valid
##### SUCCESS: /usr/lib/jvm/jdk-14.0.1/bin/java -jar /lab/itti/projects/checkers-competition/server/referee.jar on run_5_cli17627_vdhankar #####
INPUT for vdhankar:
GAME
BLACK
273.251677036285
.b.b.b.b
b.b.b.b.
.b.b.w..
....b...
........
w.w.w...
.w.w.w.w
w.w.w.w.
##### Running: /usr/bin/time -o time_5_cli17627_vdhankar.txt -f "%U" python3 homework.py > stulog.txt 2>&1 on vdhankar #####
child exited with value 1
##### ERROR: /usr/bin/time -o time_5_cli17627_vdhankar.txt -f "%U" python3 homework.py > stulog.txt 2>&1 on vdhankar #####
##### Output of failed program (stdout + stderr): #####
Traceback (most recent call last):
  File "homework.py", line 546, in <module>
    print(end-start)
NameError: name 'end' is not defined
##### End of output of failed program #####
##### vdhankar plays [J e7 g5] in 8.83799505233765s #####
##### Running: /usr/lib/jvm/jdk-14.0.1/bin/java -jar /lab/itti/projects/checkers-competition/server/referee.jar on run_5_cli17627_vdhankar #####
Move is valid
##### SUCCESS: /usr/lib/jvm/jdk-14.0.1/bin/java -jar /lab/itti/projects/checkers-competition/server/referee.jar on run_5_cli17627_vdhankar #####
INPUT for cli17627:
GAME
WHITE
298.55
.b.b.b.b
b.b...b.
.b.b....
....b.b.
........
w.w.w...
.w.w.w.w
w.w.w.w.
##### Running: /usr/bin/time -o time_5_cli17627_vdhankar.txt -f "%U" /usr/lib/jvm/jdk-14.0.1/bin/java homework > stulog.txt 2>&1 on cli17627 #####
##### SUCCESS: /usr/bin/time -o time_5_cli17627_vdhankar.txt -f "%U" /usr/lib/jvm/jdk-14.0.1/bin/java homework > stulog.txt 2>&1 on cli17627 #####
##### cli17627 plays [E h2 g3] in 1.16s #####
##### Running: /usr/lib/jvm/jdk-14.0.1/bin/java -jar /lab/itti/projects/checkers-competition/server/referee.jar on run_5_cli17627_vdhankar #####
Move is valid
##### SUCCESS: /usr/lib/jvm/jdk-14.0.1/bin/java -jar /lab/itti/projects/checkers-competition/server/referee.jar on run_5_cli17627_vdhankar #####
INPUT for vdhankar:
GAME
BLACK
264.413681983948
.b.b.b.b
b.b...b.
.b.b....
....b.b.
........
w.w.w.w.
.w.w.w..
w.w.w.w.
##### Running: /usr/bin/time -o time_5_cli17627_vdhankar.txt -f "%U" python3 homework.py > stulog.txt 2>&1 on vdhankar #####
child exited with value 1
##### ERROR: /usr/bin/time -o time_5_cli17627_vdhankar.txt -f "%U" python3 homework.py > stulog.txt 2>&1 on vdhankar #####
##### Output of failed program (stdout + stderr): #####
Traceback (most recent call last):
  File "homework.py", line 546, in <module>
    print(end-start)
NameError: name 'end' is not defined
##### End of output of failed program #####
##### vdhankar plays [E g5 f4] in 22.0363371372223s #####
##### Running: /usr/lib/jvm/jdk-14.0.1/bin/java -jar /lab/itti/projects/checkers-competition/server/referee.jar on run_5_cli17627_vdhankar #####
Move is valid
##### SUCCESS: /usr/lib/jvm/jdk-14.0.1/bin/java -jar /lab/itti/projects/checkers-competition/server/referee.jar on run_5_cli17627_vdhankar #####
INPUT for cli17627:
GAME
WHITE
297.39
.b.b.b.b
b.b...b.
.b.b....
....b...
.....b..
w.w.w.w.
.w.w.w..
w.w.w.w.
##### Running: /usr/bin/time -o time_5_cli17627_vdhankar.txt -f "%U" /usr/lib/jvm/jdk-14.0.1/bin/java homework > stulog.txt 2>&1 on cli17627 #####
##### SUCCESS: /usr/bin/time -o time_5_cli17627_vdhankar.txt -f "%U" /usr/lib/jvm/jdk-14.0.1/bin/java homework > stulog.txt 2>&1 on cli17627 #####
##### cli17627 plays [J e3 g5] in 0.67s #####
##### Running: /usr/lib/jvm/jdk-14.0.1/bin/java -jar /lab/itti/projects/checkers-competition/server/referee.jar on run_5_cli17627_vdhankar #####
Move is valid
##### SUCCESS: /usr/lib/jvm/jdk-14.0.1/bin/java -jar /lab/itti/projects/checkers-competition/server/referee.jar on run_5_cli17627_vdhankar #####
INPUT for vdhankar:
GAME
BLACK
242.377344846725
.b.b.b.b
b.b...b.
.b.b....
....b.w.
........
w.w...w.
.w.w.w..
w.w.w.w.
##### Running: /usr/bin/time -o time_5_cli17627_vdhankar.txt -f "%U" python3 homework.py > stulog.txt 2>&1 on vdhankar #####
child exited with value 1
##### ERROR: /usr/bin/time -o time_5_cli17627_vdhankar.txt -f "%U" python3 homework.py > stulog.txt 2>&1 on vdhankar #####
##### Output of failed program (stdout + stderr): #####
Traceback (most recent call last):
  File "homework.py", line 546, in <module>
    print(end-start)
NameError: name 'end' is not defined
##### End of output of failed program #####
##### vdhankar plays [E e5 d4] in 16.4524099826813s #####
##### Running: /usr/lib/jvm/jdk-14.0.1/bin/java -jar /lab/itti/projects/checkers-competition/server/referee.jar on run_5_cli17627_vdhankar #####
Move is valid
##### SUCCESS: /usr/lib/jvm/jdk-14.0.1/bin/java -jar /lab/itti/projects/checkers-competition/server/referee.jar on run_5_cli17627_vdhankar #####
INPUT for cli17627:
GAME
WHITE
296.72
.b.b.b.b
b.b...b.
.b.b....
......w.
...b....
w.w...w.
.w.w.w..
w.w.w.w.
##### Running: /usr/bin/time -o time_5_cli17627_vdhankar.txt -f "%U" /usr/lib/jvm/jdk-14.0.1/bin/java homework > stulog.txt 2>&1 on cli17627 #####
##### SUCCESS: /usr/bin/time -o time_5_cli17627_vdhankar.txt -f "%U" /usr/lib/jvm/jdk-14.0.1/bin/java homework > stulog.txt 2>&1 on cli17627 #####
##### cli17627 plays [J c3 e5] in 0.52s #####
##### Running: /usr/lib/jvm/jdk-14.0.1/bin/java -jar /lab/itti/projects/checkers-competition/server/referee.jar on run_5_cli17627_vdhankar #####
Move is valid
##### SUCCESS: /usr/lib/jvm/jdk-14.0.1/bin/java -jar /lab/itti/projects/checkers-competition/server/referee.jar on run_5_cli17627_vdhankar #####
INPUT for vdhankar:
GAME
BLACK
225.924934864044
.b.b.b.b
b.b...b.
.b.b....
....w.w.
........
w.....w.
.w.w.w..
w.w.w.w.
##### Running: /usr/bin/time -o time_5_cli17627_vdhankar.txt -f "%U" python3 homework.py > stulog.txt 2>&1 on vdhankar #####
child exited with value 1
##### ERROR: /usr/bin/time -o time_5_cli17627_vdhankar.txt -f "%U" python3 homework.py > stulog.txt 2>&1 on vdhankar #####
##### Output of failed program (stdout + stderr): #####
Traceback (most recent call last):
  File "homework.py", line 546, in <module>
    print(end-start)
NameError: name 'end' is not defined
##### End of output of failed program #####
##### vdhankar plays [J d6 f4 ; J f4 h2] in 15.6102080345154s #####
##### Running: /usr/lib/jvm/jdk-14.0.1/bin/java -jar /lab/itti/projects/checkers-competition/server/referee.jar on run_5_cli17627_vdhankar #####
Move is valid
##### SUCCESS: /usr/lib/jvm/jdk-14.0.1/bin/java -jar /lab/itti/projects/checkers-competition/server/referee.jar on run_5_cli17627_vdhankar #####
INPUT for cli17627:
GAME
WHITE
296.2
.b.b.b.b
b.b...b.
.b......
......w.
........
w.......
.w.w.w.b
w.w.w.w.
##### Running: /usr/bin/time -o time_5_cli17627_vdhankar.txt -f "%U" /usr/lib/jvm/jdk-14.0.1/bin/java homework > stulog.txt 2>&1 on cli17627 #####
##### SUCCESS: /usr/bin/time -o time_5_cli17627_vdhankar.txt -f "%U" /usr/lib/jvm/jdk-14.0.1/bin/java homework > stulog.txt 2>&1 on cli17627 #####
##### cli17627 plays [E f2 g3] in 0.94s #####
##### Running: /usr/lib/jvm/jdk-14.0.1/bin/java -jar /lab/itti/projects/checkers-competition/server/referee.jar on run_5_cli17627_vdhankar #####
Move is valid
##### SUCCESS: /usr/lib/jvm/jdk-14.0.1/bin/java -jar /lab/itti/projects/checkers-competition/server/referee.jar on run_5_cli17627_vdhankar #####
INPUT for vdhankar:
GAME
BLACK
210.314726829529
.b.b.b.b
b.b...b.
.b......
......w.
........
w.....w.
.w.w...b
w.w.w.w.
##### Running: /usr/bin/time -o time_5_cli17627_vdhankar.txt -f "%U" python3 homework.py > stulog.txt 2>&1 on vdhankar #####
child exited with value 1
##### ERROR: /usr/bin/time -o time_5_cli17627_vdhankar.txt -f "%U" python3 homework.py > stulog.txt 2>&1 on vdhankar #####
##### Output of failed program (stdout + stderr): #####
Traceback (most recent call last):
  File "homework.py", line 546, in <module>
    print(end-start)
NameError: name 'end' is not defined
##### End of output of failed program #####
##### vdhankar plays [E c7 d6] in 44.3842949867249s #####
##### Running: /usr/lib/jvm/jdk-14.0.1/bin/java -jar /lab/itti/projects/checkers-competition/server/referee.jar on run_5_cli17627_vdhankar #####
Move is valid
##### SUCCESS: /usr/lib/jvm/jdk-14.0.1/bin/java -jar /lab/itti/projects/checkers-competition/server/referee.jar on run_5_cli17627_vdhankar #####
INPUT for cli17627:
GAME
WHITE
295.26
.b.b.b.b
b.....b.
.b.b....
......w.
........
w.....w.
.w.w...b
w.w.w.w.
##### Running: /usr/bin/time -o time_5_cli17627_vdhankar.txt -f "%U" /usr/lib/jvm/jdk-14.0.1/bin/java homework > stulog.txt 2>&1 on cli17627 #####
##### SUCCESS: /usr/bin/time -o time_5_cli17627_vdhankar.txt -f "%U" /usr/lib/jvm/jdk-14.0.1/bin/java homework > stulog.txt 2>&1 on cli17627 #####
##### cli17627 plays [E g1 f2] in 1.42s #####
##### Running: /usr/lib/jvm/jdk-14.0.1/bin/java -jar /lab/itti/projects/checkers-competition/server/referee.jar on run_5_cli17627_vdhankar #####
Move is valid
##### SUCCESS: /usr/lib/jvm/jdk-14.0.1/bin/java -jar /lab/itti/projects/checkers-competition/server/referee.jar on run_5_cli17627_vdhankar #####
INPUT for vdhankar:
GAME
BLACK
165.930431842804
.b.b.b.b
b.....b.
.b.b....
......w.
........
w.....w.
.w.w.w.b
w.w.w...
##### Running: /usr/bin/time -o time_5_cli17627_vdhankar.txt -f "%U" python3 homework.py > stulog.txt 2>&1 on vdhankar #####
child exited with value 1
##### ERROR: /usr/bin/time -o time_5_cli17627_vdhankar.txt -f "%U" python3 homework.py > stulog.txt 2>&1 on vdhankar #####
##### Output of failed program (stdout + stderr): #####
Traceback (most recent call last):
  File "homework.py", line 546, in <module>
    print(end-start)
NameError: name 'end' is not defined
##### End of output of failed program #####
##### vdhankar plays [E d6 c5] in 66.9110441207886s #####
##### Running: /usr/lib/jvm/jdk-14.0.1/bin/java -jar /lab/itti/projects/checkers-competition/server/referee.jar on run_5_cli17627_vdhankar #####
Move is valid
##### SUCCESS: /usr/lib/jvm/jdk-14.0.1/bin/java -jar /lab/itti/projects/checkers-competition/server/referee.jar on run_5_cli17627_vdhankar #####
INPUT for cli17627:
GAME
WHITE
293.84
.b.b.b.b
b.....b.
.b......
..b...w.
........
w.....w.
.w.w.w.b
w.w.w...
##### Running: /usr/bin/time -o time_5_cli17627_vdhankar.txt -f "%U" /usr/lib/jvm/jdk-14.0.1/bin/java homework > stulog.txt 2>&1 on cli17627 #####
##### SUCCESS: /usr/bin/time -o time_5_cli17627_vdhankar.txt -f "%U" /usr/lib/jvm/jdk-14.0.1/bin/java homework > stulog.txt 2>&1 on cli17627 #####
##### cli17627 plays [E f2 e3] in 1.32s #####
##### Running: /usr/lib/jvm/jdk-14.0.1/bin/java -jar /lab/itti/projects/checkers-competition/server/referee.jar on run_5_cli17627_vdhankar #####
Move is valid
##### SUCCESS: /usr/lib/jvm/jdk-14.0.1/bin/java -jar /lab/itti/projects/checkers-competition/server/referee.jar on run_5_cli17627_vdhankar #####
INPUT for vdhankar:
GAME
BLACK
99.0193877220154
.b.b.b.b
b.....b.
.b......
..b...w.
........
w...w.w.
.w.w...b
w.w.w...
##### Running: /usr/bin/time -o time_5_cli17627_vdhankar.txt -f "%U" python3 homework.py > stulog.txt 2>&1 on vdhankar #####
child exited with value 1
##### ERROR: /usr/bin/time -o time_5_cli17627_vdhankar.txt -f "%U" python3 homework.py > stulog.txt 2>&1 on vdhankar #####
##### Output of failed program (stdout + stderr): #####
Traceback (most recent call last):
  File "homework.py", line 546, in <module>
    print(end-start)
NameError: name 'end' is not defined
##### End of output of failed program #####
##### vdhankar plays [E c5 b4] in 39.6814169883728s #####
##### Running: /usr/lib/jvm/jdk-14.0.1/bin/java -jar /lab/itti/projects/checkers-competition/server/referee.jar on run_5_cli17627_vdhankar #####
Move is valid
##### SUCCESS: /usr/lib/jvm/jdk-14.0.1/bin/java -jar /lab/itti/projects/checkers-competition/server/referee.jar on run_5_cli17627_vdhankar #####
INPUT for cli17627:
GAME
WHITE
292.52
.b.b.b.b
b.....b.
.b......
......w.
.b......
w...w.w.
.w.w...b
w.w.w...
##### Running: /usr/bin/time -o time_5_cli17627_vdhankar.txt -f "%U" /usr/lib/jvm/jdk-14.0.1/bin/java homework > stulog.txt 2>&1 on cli17627 #####
##### SUCCESS: /usr/bin/time -o time_5_cli17627_vdhankar.txt -f "%U" /usr/lib/jvm/jdk-14.0.1/bin/java homework > stulog.txt 2>&1 on cli17627 #####
##### cli17627 plays [J a3 c5] in 0.51s #####
##### Running: /usr/lib/jvm/jdk-14.0.1/bin/java -jar /lab/itti/projects/checkers-competition/server/referee.jar on run_5_cli17627_vdhankar #####
Move is valid
##### SUCCESS: /usr/lib/jvm/jdk-14.0.1/bin/java -jar /lab/itti/projects/checkers-competition/server/referee.jar on run_5_cli17627_vdhankar #####
INPUT for vdhankar:
GAME
BLACK
59.3379707336426
.b.b.b.b
b.....b.
.b......
..w...w.
........
....w.w.
.w.w...b
w.w.w...
##### Running: /usr/bin/time -o time_5_cli17627_vdhankar.txt -f "%U" python3 homework.py > stulog.txt 2>&1 on vdhankar #####
child exited with value 1
##### ERROR: /usr/bin/time -o time_5_cli17627_vdhankar.txt -f "%U" python3 homework.py > stulog.txt 2>&1 on vdhankar #####
##### Output of failed program (stdout + stderr): #####
Traceback (most recent call last):
  File "homework.py", line 546, in <module>
    print(end-start)
NameError: name 'end' is not defined
##### End of output of failed program #####
##### vdhankar plays [J b6 d4 ; J d4 f2] in 21.8371610641479s #####
##### Running: /usr/lib/jvm/jdk-14.0.1/bin/java -jar /lab/itti/projects/checkers-competition/server/referee.jar on run_5_cli17627_vdhankar #####
Move is valid
##### SUCCESS: /usr/lib/jvm/jdk-14.0.1/bin/java -jar /lab/itti/projects/checkers-competition/server/referee.jar on run_5_cli17627_vdhankar #####
INPUT for cli17627:
GAME
WHITE
292.01
.b.b.b.b
b.....b.
........
......w.
........
......w.
.w.w.b.b
w.w.w...
##### Running: /usr/bin/time -o time_5_cli17627_vdhankar.txt -f "%U" /usr/lib/jvm/jdk-14.0.1/bin/java homework > stulog.txt 2>&1 on cli17627 #####
##### SUCCESS: /usr/bin/time -o time_5_cli17627_vdhankar.txt -f "%U" /usr/lib/jvm/jdk-14.0.1/bin/java homework > stulog.txt 2>&1 on cli17627 #####
##### cli17627 plays [E d2 e3] in 0.73s #####
##### Running: /usr/lib/jvm/jdk-14.0.1/bin/java -jar /lab/itti/projects/checkers-competition/server/referee.jar on run_5_cli17627_vdhankar #####
Move is valid
##### SUCCESS: /usr/lib/jvm/jdk-14.0.1/bin/java -jar /lab/itti/projects/checkers-competition/server/referee.jar on run_5_cli17627_vdhankar #####
INPUT for vdhankar:
GAME
BLACK
37.5008096694946
.b.b.b.b
b.....b.
........
......w.
........
....w.w.
.w...b.b
w.w.w...
##### Running: /usr/bin/time -o time_5_cli17627_vdhankar.txt -f "%U" python3 homework.py > stulog.txt 2>&1 on vdhankar #####
child exited with value 1
##### ERROR: /usr/bin/time -o time_5_cli17627_vdhankar.txt -f "%U" python3 homework.py > stulog.txt 2>&1 on vdhankar #####
##### Output of failed program (stdout + stderr): #####
Traceback (most recent call last):
  File "homework.py", line 546, in <module>
    print(end-start)
NameError: name 'end' is not defined
##### End of output of failed program #####
##### vdhankar plays [E f2 g1] in 24.320338010788s #####
##### Running: /usr/lib/jvm/jdk-14.0.1/bin/java -jar /lab/itti/projects/checkers-competition/server/referee.jar on run_5_cli17627_vdhankar #####
Move is valid
##### SUCCESS: /usr/lib/jvm/jdk-14.0.1/bin/java -jar /lab/itti/projects/checkers-competition/server/referee.jar on run_5_cli17627_vdhankar #####
INPUT for cli17627:
GAME
WHITE
291.28
.b.b.b.b
b.....b.
........
......w.
........
....w.w.
.w.....b
w.w.w.B.
##### Running: /usr/bin/time -o time_5_cli17627_vdhankar.txt -f "%U" /usr/lib/jvm/jdk-14.0.1/bin/java homework > stulog.txt 2>&1 on cli17627 #####
##### SUCCESS: /usr/bin/time -o time_5_cli17627_vdhankar.txt -f "%U" /usr/lib/jvm/jdk-14.0.1/bin/java homework > stulog.txt 2>&1 on cli17627 #####
##### cli17627 plays [E e1 f2] in 1.31s #####
##### Running: /usr/lib/jvm/jdk-14.0.1/bin/java -jar /lab/itti/projects/checkers-competition/server/referee.jar on run_5_cli17627_vdhankar #####
Move is valid
##### SUCCESS: /usr/lib/jvm/jdk-14.0.1/bin/java -jar /lab/itti/projects/checkers-competition/server/referee.jar on run_5_cli17627_vdhankar #####
INPUT for vdhankar:
GAME
BLACK
13.1804716587067
.b.b.b.b
b.....b.
........
......w.
........
....w.w.
.w...w.b
w.w...B.
##### Running: /usr/bin/time -o time_5_cli17627_vdhankar.txt -f "%U" python3 homework.py > stulog.txt 2>&1 on vdhankar #####
child exited with value 1
##### ERROR: /usr/bin/time -o time_5_cli17627_vdhankar.txt -f "%U" python3 homework.py > stulog.txt 2>&1 on vdhankar #####
##### Output of failed program (stdout + stderr): #####
Traceback (most recent call last):
  File "homework.py", line 546, in <module>
    print(end-start)
NameError: name 'end' is not defined
##### End of output of failed program #####
##### vdhankar plays [E g7 h6] in 0.531653881072998s #####
##### Running: /usr/lib/jvm/jdk-14.0.1/bin/java -jar /lab/itti/projects/checkers-competition/server/referee.jar on run_5_cli17627_vdhankar #####
Move is valid
##### SUCCESS: /usr/lib/jvm/jdk-14.0.1/bin/java -jar /lab/itti/projects/checkers-competition/server/referee.jar on run_5_cli17627_vdhankar #####
INPUT for cli17627:
GAME
WHITE
289.97
.b.b.b.b
b.......
.......b
......w.
........
....w.w.
.w...w.b
w.w...B.
##### Running: /usr/bin/time -o time_5_cli17627_vdhankar.txt -f "%U" /usr/lib/jvm/jdk-14.0.1/bin/java homework > stulog.txt 2>&1 on cli17627 #####
##### SUCCESS: /usr/bin/time -o time_5_cli17627_vdhankar.txt -f "%U" /usr/lib/jvm/jdk-14.0.1/bin/java homework > stulog.txt 2>&1 on cli17627 #####
##### cli17627 plays [E c1 d2] in 0.62s #####
##### Running: /usr/lib/jvm/jdk-14.0.1/bin/java -jar /lab/itti/projects/checkers-competition/server/referee.jar on run_5_cli17627_vdhankar #####
Move is valid
##### SUCCESS: /usr/lib/jvm/jdk-14.0.1/bin/java -jar /lab/itti/projects/checkers-competition/server/referee.jar on run_5_cli17627_vdhankar #####
INPUT for vdhankar:
GAME
BLACK
12.6488177776337
.b.b.b.b
b.......
.......b
......w.
........
....w.w.
.w.w.w.b
w.....B.
##### Running: /usr/bin/time -o time_5_cli17627_vdhankar.txt -f "%U" python3 homework.py > stulog.txt 2>&1 on vdhankar #####
child exited with value 1
##### ERROR: /usr/bin/time -o time_5_cli17627_vdhankar.txt -f "%U" python3 homework.py > stulog.txt 2>&1 on vdhankar #####
##### Output of failed program (stdout + stderr): #####
Traceback (most recent call last):
  File "homework.py", line 546, in <module>
    print(end-start)
NameError: name 'end' is not defined
##### End of output of failed program #####
##### vdhankar plays [J h6 f4] in 0.372688055038452s #####
##### Running: /usr/lib/jvm/jdk-14.0.1/bin/java -jar /lab/itti/projects/checkers-competition/server/referee.jar on run_5_cli17627_vdhankar #####
Move is valid
##### SUCCESS: /usr/lib/jvm/jdk-14.0.1/bin/java -jar /lab/itti/projects/checkers-competition/server/referee.jar on run_5_cli17627_vdhankar #####
INPUT for cli17627:
GAME
WHITE
289.35
.b.b.b.b
b.......
........
........
.....b..
....w.w.
.w.w.w.b
w.....B.
##### Running: /usr/bin/time -o time_5_cli17627_vdhankar.txt -f "%U" /usr/lib/jvm/jdk-14.0.1/bin/java homework > stulog.txt 2>&1 on cli17627 #####
##### SUCCESS: /usr/bin/time -o time_5_cli17627_vdhankar.txt -f "%U" /usr/lib/jvm/jdk-14.0.1/bin/java homework > stulog.txt 2>&1 on cli17627 #####
##### cli17627 plays [J g3 e5] in 1.02s #####
##### Running: /usr/lib/jvm/jdk-14.0.1/bin/java -jar /lab/itti/projects/checkers-competition/server/referee.jar on run_5_cli17627_vdhankar #####
Move is valid
##### SUCCESS: /usr/lib/jvm/jdk-14.0.1/bin/java -jar /lab/itti/projects/checkers-competition/server/referee.jar on run_5_cli17627_vdhankar #####
INPUT for vdhankar:
GAME
BLACK
12.2761297225952
.b.b.b.b
b.......
........
....w...
........
....w...
.w.w.w.b
w.....B.
##### Running: /usr/bin/time -o time_5_cli17627_vdhankar.txt -f "%U" python3 homework.py > stulog.txt 2>&1 on vdhankar #####
child exited with value 1
##### ERROR: /usr/bin/time -o time_5_cli17627_vdhankar.txt -f "%U" python3 homework.py > stulog.txt 2>&1 on vdhankar #####
##### Output of failed program (stdout + stderr): #####
Traceback (most recent call last):
  File "homework.py", line 546, in <module>
    print(end-start)
NameError: name 'end' is not defined
##### End of output of failed program #####
##### vdhankar plays [E a7 b6] in 0.63136887550354s #####
##### Running: /usr/lib/jvm/jdk-14.0.1/bin/java -jar /lab/itti/projects/checkers-competition/server/referee.jar on run_5_cli17627_vdhankar #####
Move is valid
##### SUCCESS: /usr/lib/jvm/jdk-14.0.1/bin/java -jar /lab/itti/projects/checkers-competition/server/referee.jar on run_5_cli17627_vdhankar #####
INPUT for cli17627:
GAME
WHITE
288.33
.b.b.b.b
........
.b......
....w...
........
....w...
.w.w.w.b
w.....B.
##### Running: /usr/bin/time -o time_5_cli17627_vdhankar.txt -f "%U" /usr/lib/jvm/jdk-14.0.1/bin/java homework > stulog.txt 2>&1 on cli17627 #####
##### SUCCESS: /usr/bin/time -o time_5_cli17627_vdhankar.txt -f "%U" /usr/lib/jvm/jdk-14.0.1/bin/java homework > stulog.txt 2>&1 on cli17627 #####
##### cli17627 plays [E f2 g3] in 0.97s #####
##### Running: /usr/lib/jvm/jdk-14.0.1/bin/java -jar /lab/itti/projects/checkers-competition/server/referee.jar on run_5_cli17627_vdhankar #####
Move is valid
##### SUCCESS: /usr/lib/jvm/jdk-14.0.1/bin/java -jar /lab/itti/projects/checkers-competition/server/referee.jar on run_5_cli17627_vdhankar #####
INPUT for vdhankar:
GAME
BLACK
11.6447608470917
.b.b.b.b
........
.b......
....w...
........
....w.w.
.w.w...b
w.....B.
##### Running: /usr/bin/time -o time_5_cli17627_vdhankar.txt -f "%U" python3 homework.py > stulog.txt 2>&1 on vdhankar #####
child exited with value 1
##### ERROR: /usr/bin/time -o time_5_cli17627_vdhankar.txt -f "%U" python3 homework.py > stulog.txt 2>&1 on vdhankar #####
##### Output of failed program (stdout + stderr): #####
Traceback (most recent call last):
  File "homework.py", line 546, in <module>
    print(end-start)
NameError: name 'end' is not defined
##### End of output of failed program #####
##### vdhankar plays [E g1 f2] in 0.762166023254395s #####
##### Running: /usr/lib/jvm/jdk-14.0.1/bin/java -jar /lab/itti/projects/checkers-competition/server/referee.jar on run_5_cli17627_vdhankar #####
Move is valid
##### SUCCESS: /usr/lib/jvm/jdk-14.0.1/bin/java -jar /lab/itti/projects/checkers-competition/server/referee.jar on run_5_cli17627_vdhankar #####
INPUT for cli17627:
GAME
WHITE
287.36
.b.b.b.b
........
.b......
....w...
........
....w.w.
.w.w.B.b
w.......
##### Running: /usr/bin/time -o time_5_cli17627_vdhankar.txt -f "%U" /usr/lib/jvm/jdk-14.0.1/bin/java homework > stulog.txt 2>&1 on cli17627 #####
##### SUCCESS: /usr/bin/time -o time_5_cli17627_vdhankar.txt -f "%U" /usr/lib/jvm/jdk-14.0.1/bin/java homework > stulog.txt 2>&1 on cli17627 #####
##### cli17627 plays [E d2 c3] in 0.9s #####
##### Running: /usr/lib/jvm/jdk-14.0.1/bin/java -jar /lab/itti/projects/checkers-competition/server/referee.jar on run_5_cli17627_vdhankar #####
Move is valid
##### SUCCESS: /usr/lib/jvm/jdk-14.0.1/bin/java -jar /lab/itti/projects/checkers-competition/server/referee.jar on run_5_cli17627_vdhankar #####
INPUT for vdhankar:
GAME
BLACK
10.8825948238373
.b.b.b.b
........
.b......
....w...
........
..w.w.w.
.w...B.b
w.......
##### Running: /usr/bin/time -o time_5_cli17627_vdhankar.txt -f "%U" python3 homework.py > stulog.txt 2>&1 on vdhankar #####
child exited with value 1
##### ERROR: /usr/bin/time -o time_5_cli17627_vdhankar.txt -f "%U" python3 homework.py > stulog.txt 2>&1 on vdhankar #####
##### Output of failed program (stdout + stderr): #####
Traceback (most recent call last):
  File "homework.py", line 546, in <module>
    print(end-start)
NameError: name 'end' is not defined
##### End of output of failed program #####
##### vdhankar plays [J f2 d4 ; J d4 f6] in 0.387240886688232s #####
##### Running: /usr/lib/jvm/jdk-14.0.1/bin/java -jar /lab/itti/projects/checkers-competition/server/referee.jar on run_5_cli17627_vdhankar #####
Move is valid
##### SUCCESS: /usr/lib/jvm/jdk-14.0.1/bin/java -jar /lab/itti/projects/checkers-competition/server/referee.jar on run_5_cli17627_vdhankar #####
INPUT for cli17627:
GAME
WHITE
286.46
.b.b.b.b
........
.b...B..
........
........
..w...w.
.w.....b
w.......
##### Running: /usr/bin/time -o time_5_cli17627_vdhankar.txt -f "%U" /usr/lib/jvm/jdk-14.0.1/bin/java homework > stulog.txt 2>&1 on cli17627 #####
##### SUCCESS: /usr/bin/time -o time_5_cli17627_vdhankar.txt -f "%U" /usr/lib/jvm/jdk-14.0.1/bin/java homework > stulog.txt 2>&1 on cli17627 #####
##### cli17627 plays [E b2 a3] in 1.55s #####
##### Running: /usr/lib/jvm/jdk-14.0.1/bin/java -jar /lab/itti/projects/checkers-competition/server/referee.jar on run_5_cli17627_vdhankar #####
Move is valid
##### SUCCESS: /usr/lib/jvm/jdk-14.0.1/bin/java -jar /lab/itti/projects/checkers-competition/server/referee.jar on run_5_cli17627_vdhankar #####
INPUT for vdhankar:
GAME
BLACK
10.495353937149
.b.b.b.b
........
.b...B..
........
........
w.w...w.
.......b
w.......
##### Running: /usr/bin/time -o time_5_cli17627_vdhankar.txt -f "%U" python3 homework.py > stulog.txt 2>&1 on vdhankar #####
child exited with value 1
##### ERROR: /usr/bin/time -o time_5_cli17627_vdhankar.txt -f "%U" python3 homework.py > stulog.txt 2>&1 on vdhankar #####
##### Output of failed program (stdout + stderr): #####
Traceback (most recent call last):
  File "homework.py", line 546, in <module>
    print(end-start)
NameError: name 'end' is not defined
##### End of output of failed program #####
##### vdhankar plays [E f6 e5] in 0.633309841156006s #####
##### Running: /usr/lib/jvm/jdk-14.0.1/bin/java -jar /lab/itti/projects/checkers-competition/server/referee.jar on run_5_cli17627_vdhankar #####
Move is valid
##### SUCCESS: /usr/lib/jvm/jdk-14.0.1/bin/java -jar /lab/itti/projects/checkers-competition/server/referee.jar on run_5_cli17627_vdhankar #####
INPUT for cli17627:
GAME
WHITE
284.91
.b.b.b.b
........
.b......
....B...
........
w.w...w.
.......b
w.......
##### Running: /usr/bin/time -o time_5_cli17627_vdhankar.txt -f "%U" /usr/lib/jvm/jdk-14.0.1/bin/java homework > stulog.txt 2>&1 on cli17627 #####
##### SUCCESS: /usr/bin/time -o time_5_cli17627_vdhankar.txt -f "%U" /usr/lib/jvm/jdk-14.0.1/bin/java homework > stulog.txt 2>&1 on cli17627 #####
##### cli17627 plays [E a1 b2] in 1s #####
##### Running: /usr/lib/jvm/jdk-14.0.1/bin/java -jar /lab/itti/projects/checkers-competition/server/referee.jar on run_5_cli17627_vdhankar #####
Move is valid
##### SUCCESS: /usr/lib/jvm/jdk-14.0.1/bin/java -jar /lab/itti/projects/checkers-competition/server/referee.jar on run_5_cli17627_vdhankar #####
INPUT for vdhankar:
GAME
BLACK
9.86204409599304
.b.b.b.b
........
.b......
....B...
........
w.w...w.
.w.....b
........
##### Running: /usr/bin/time -o time_5_cli17627_vdhankar.txt -f "%U" python3 homework.py > stulog.txt 2>&1 on vdhankar #####
child exited with value 1
##### ERROR: /usr/bin/time -o time_5_cli17627_vdhankar.txt -f "%U" python3 homework.py > stulog.txt 2>&1 on vdhankar #####
##### Output of failed program (stdout + stderr): #####
Traceback (most recent call last):
  File "homework.py", line 546, in <module>
    print(end-start)
NameError: name 'end' is not defined
##### End of output of failed program #####
##### vdhankar plays [E h2 g1] in 0.488105058670044s #####
##### Running: /usr/lib/jvm/jdk-14.0.1/bin/java -jar /lab/itti/projects/checkers-competition/server/referee.jar on run_5_cli17627_vdhankar #####
Move is valid
##### SUCCESS: /usr/lib/jvm/jdk-14.0.1/bin/java -jar /lab/itti/projects/checkers-competition/server/referee.jar on run_5_cli17627_vdhankar #####
INPUT for cli17627:
GAME
WHITE
283.91
.b.b.b.b
........
.b......
....B...
........
w.w...w.
.w......
......B.
##### Running: /usr/bin/time -o time_5_cli17627_vdhankar.txt -f "%U" /usr/lib/jvm/jdk-14.0.1/bin/java homework > stulog.txt 2>&1 on cli17627 #####
##### SUCCESS: /usr/bin/time -o time_5_cli17627_vdhankar.txt -f "%U" /usr/lib/jvm/jdk-14.0.1/bin/java homework > stulog.txt 2>&1 on cli17627 #####
##### cli17627 plays [E g3 h4] in 1.71s #####
##### Running: /usr/lib/jvm/jdk-14.0.1/bin/java -jar /lab/itti/projects/checkers-competition/server/referee.jar on run_5_cli17627_vdhankar #####
Move is valid
##### SUCCESS: /usr/lib/jvm/jdk-14.0.1/bin/java -jar /lab/itti/projects/checkers-competition/server/referee.jar on run_5_cli17627_vdhankar #####
INPUT for vdhankar:
GAME
BLACK
9.373939037323
.b.b.b.b
........
.b......
....B...
.......w
w.w.....
.w......
......B.
##### Running: /usr/bin/time -o time_5_cli17627_vdhankar.txt -f "%U" python3 homework.py > stulog.txt 2>&1 on vdhankar #####
child exited with value 1
##### ERROR: /usr/bin/time -o time_5_cli17627_vdhankar.txt -f "%U" python3 homework.py > stulog.txt 2>&1 on vdhankar #####
##### Output of failed program (stdout + stderr): #####
Traceback (most recent call last):
  File "homework.py", line 546, in <module>
    print(end-start)
NameError: name 'end' is not defined
##### End of output of failed program #####
##### vdhankar plays [E b6 c5] in 0.504272937774658s #####
##### Running: /usr/lib/jvm/jdk-14.0.1/bin/java -jar /lab/itti/projects/checkers-competition/server/referee.jar on run_5_cli17627_vdhankar #####
Move is valid
##### SUCCESS: /usr/lib/jvm/jdk-14.0.1/bin/java -jar /lab/itti/projects/checkers-competition/server/referee.jar on run_5_cli17627_vdhankar #####
INPUT for cli17627:
GAME
WHITE
282.2
.b.b.b.b
........
........
..b.B...
.......w
w.w.....
.w......
......B.
##### Running: /usr/bin/time -o time_5_cli17627_vdhankar.txt -f "%U" /usr/lib/jvm/jdk-14.0.1/bin/java homework > stulog.txt 2>&1 on cli17627 #####
##### SUCCESS: /usr/bin/time -o time_5_cli17627_vdhankar.txt -f "%U" /usr/lib/jvm/jdk-14.0.1/bin/java homework > stulog.txt 2>&1 on cli17627 #####
##### cli17627 plays [E c3 b4] in 0.96s #####
##### Running: /usr/lib/jvm/jdk-14.0.1/bin/java -jar /lab/itti/projects/checkers-competition/server/referee.jar on run_5_cli17627_vdhankar #####
Move is valid
##### SUCCESS: /usr/lib/jvm/jdk-14.0.1/bin/java -jar /lab/itti/projects/checkers-competition/server/referee.jar on run_5_cli17627_vdhankar #####
INPUT for vdhankar:
GAME
BLACK
8.86966609954834
.b.b.b.b
........
........
..b.B...
.w.....w
w.......
.w......
......B.
##### Running: /usr/bin/time -o time_5_cli17627_vdhankar.txt -f "%U" python3 homework.py > stulog.txt 2>&1 on vdhankar #####
child exited with value 1
##### ERROR: /usr/bin/time -o time_5_cli17627_vdhankar.txt -f "%U" python3 homework.py > stulog.txt 2>&1 on vdhankar #####
##### Output of failed program (stdout + stderr): #####
Traceback (most recent call last):
  File "homework.py", line 546, in <module>
    print(end-start)
NameError: name 'end' is not defined
##### End of output of failed program #####
##### vdhankar plays [E c5 d4] in 0.404925107955933s #####
##### Running: /usr/lib/jvm/jdk-14.0.1/bin/java -jar /lab/itti/projects/checkers-competition/server/referee.jar on run_5_cli17627_vdhankar #####
Move is valid
##### SUCCESS: /usr/lib/jvm/jdk-14.0.1/bin/java -jar /lab/itti/projects/checkers-competition/server/referee.jar on run_5_cli17627_vdhankar #####
INPUT for cli17627:
GAME
WHITE
281.24
.b.b.b.b
........
........
....B...
.w.b...w
w.......
.w......
......B.
##### Running: /usr/bin/time -o time_5_cli17627_vdhankar.txt -f "%U" /usr/lib/jvm/jdk-14.0.1/bin/java homework > stulog.txt 2>&1 on cli17627 #####
##### SUCCESS: /usr/bin/time -o time_5_cli17627_vdhankar.txt -f "%U" /usr/lib/jvm/jdk-14.0.1/bin/java homework > stulog.txt 2>&1 on cli17627 #####
##### cli17627 plays [E h4 g5] in 0.92s #####
##### Running: /usr/lib/jvm/jdk-14.0.1/bin/java -jar /lab/itti/projects/checkers-competition/server/referee.jar on run_5_cli17627_vdhankar #####
Move is valid
##### SUCCESS: /usr/lib/jvm/jdk-14.0.1/bin/java -jar /lab/itti/projects/checkers-competition/server/referee.jar on run_5_cli17627_vdhankar #####
INPUT for vdhankar:
GAME
BLACK
8.46474099159241
.b.b.b.b
........
........
....B.w.
.w.b....
w.......
.w......
......B.
##### Running: /usr/bin/time -o time_5_cli17627_vdhankar.txt -f "%U" python3 homework.py > stulog.txt 2>&1 on vdhankar #####
child exited with value 1
##### ERROR: /usr/bin/time -o time_5_cli17627_vdhankar.txt -f "%U" python3 homework.py > stulog.txt 2>&1 on vdhankar #####
##### Output of failed program (stdout + stderr): #####
Traceback (most recent call last):
  File "homework.py", line 546, in <module>
    print(end-start)
NameError: name 'end' is not defined
##### End of output of failed program #####
##### vdhankar plays [E g1 f2] in 0.575548887252808s #####
##### Running: /usr/lib/jvm/jdk-14.0.1/bin/java -jar /lab/itti/projects/checkers-competition/server/referee.jar on run_5_cli17627_vdhankar #####
Move is valid
##### SUCCESS: /usr/lib/jvm/jdk-14.0.1/bin/java -jar /lab/itti/projects/checkers-competition/server/referee.jar on run_5_cli17627_vdhankar #####
INPUT for cli17627:
GAME
WHITE
280.32
.b.b.b.b
........
........
....B.w.
.w.b....
w.......
.w...B..
........
##### Running: /usr/bin/time -o time_5_cli17627_vdhankar.txt -f "%U" /usr/lib/jvm/jdk-14.0.1/bin/java homework > stulog.txt 2>&1 on cli17627 #####
##### SUCCESS: /usr/bin/time -o time_5_cli17627_vdhankar.txt -f "%U" /usr/lib/jvm/jdk-14.0.1/bin/java homework > stulog.txt 2>&1 on cli17627 #####
##### cli17627 plays [E b2 c3] in 1.01s #####
##### Running: /usr/lib/jvm/jdk-14.0.1/bin/java -jar /lab/itti/projects/checkers-competition/server/referee.jar on run_5_cli17627_vdhankar #####
Move is valid
##### SUCCESS: /usr/lib/jvm/jdk-14.0.1/bin/java -jar /lab/itti/projects/checkers-competition/server/referee.jar on run_5_cli17627_vdhankar #####
INPUT for vdhankar:
GAME
BLACK
7.8891921043396
.b.b.b.b
........
........
....B.w.
.w.b....
w.w.....
.....B..
........
##### Running: /usr/bin/time -o time_5_cli17627_vdhankar.txt -f "%U" python3 homework.py > stulog.txt 2>&1 on vdhankar #####
child exited with value 1
##### ERROR: /usr/bin/time -o time_5_cli17627_vdhankar.txt -f "%U" python3 homework.py > stulog.txt 2>&1 on vdhankar #####
##### Output of failed program (stdout + stderr): #####
Traceback (most recent call last):
  File "homework.py", line 546, in <module>
    print(end-start)
NameError: name 'end' is not defined
##### End of output of failed program #####
##### vdhankar plays [J d4 b2] in 0.363245010375977s #####
##### Running: /usr/lib/jvm/jdk-14.0.1/bin/java -jar /lab/itti/projects/checkers-competition/server/referee.jar on run_5_cli17627_vdhankar #####
Move is valid
##### SUCCESS: /usr/lib/jvm/jdk-14.0.1/bin/java -jar /lab/itti/projects/checkers-competition/server/referee.jar on run_5_cli17627_vdhankar #####
INPUT for cli17627:
GAME
WHITE
279.31
.b.b.b.b
........
........
....B.w.
.w......
w.......
.b...B..
........
##### Running: /usr/bin/time -o time_5_cli17627_vdhankar.txt -f "%U" /usr/lib/jvm/jdk-14.0.1/bin/java homework > stulog.txt 2>&1 on cli17627 #####
##### SUCCESS: /usr/bin/time -o time_5_cli17627_vdhankar.txt -f "%U" /usr/lib/jvm/jdk-14.0.1/bin/java homework > stulog.txt 2>&1 on cli17627 #####
##### cli17627 plays [E b4 c5] in 0.87s #####
##### Running: /usr/lib/jvm/jdk-14.0.1/bin/java -jar /lab/itti/projects/checkers-competition/server/referee.jar on run_5_cli17627_vdhankar #####
Move is valid
##### SUCCESS: /usr/lib/jvm/jdk-14.0.1/bin/java -jar /lab/itti/projects/checkers-competition/server/referee.jar on run_5_cli17627_vdhankar #####
INPUT for vdhankar:
GAME
BLACK
7.52594709396362
.b.b.b.b
........
........
..w.B.w.
........
w.......
.b...B..
........
##### Running: /usr/bin/time -o time_5_cli17627_vdhankar.txt -f "%U" python3 homework.py > stulog.txt 2>&1 on vdhankar #####
child exited with value 1
##### ERROR: /usr/bin/time -o time_5_cli17627_vdhankar.txt -f "%U" python3 homework.py > stulog.txt 2>&1 on vdhankar #####
##### Output of failed program (stdout + stderr): #####
Traceback (most recent call last):
  File "homework.py", line 546, in <module>
    print(end-start)
NameError: name 'end' is not defined
##### End of output of failed program #####
##### vdhankar plays [E f2 g1] in 0.594485998153687s #####
##### Running: /usr/lib/jvm/jdk-14.0.1/bin/java -jar /lab/itti/projects/checkers-competition/server/referee.jar on run_5_cli17627_vdhankar #####
Move is valid
##### SUCCESS: /usr/lib/jvm/jdk-14.0.1/bin/java -jar /lab/itti/projects/checkers-competition/server/referee.jar on run_5_cli17627_vdhankar #####
INPUT for cli17627:
GAME
WHITE
278.44
.b.b.b.b
........
........
..w.B.w.
........
w.......
.b......
......B.
##### Running: /usr/bin/time -o time_5_cli17627_vdhankar.txt -f "%U" /usr/lib/jvm/jdk-14.0.1/bin/java homework > stulog.txt 2>&1 on cli17627 #####
##### SUCCESS: /usr/bin/time -o time_5_cli17627_vdhankar.txt -f "%U" /usr/lib/jvm/jdk-14.0.1/bin/java homework > stulog.txt 2>&1 on cli17627 #####
##### cli17627 plays [E a3 b4] in 1.07s #####
##### Running: /usr/lib/jvm/jdk-14.0.1/bin/java -jar /lab/itti/projects/checkers-competition/server/referee.jar on run_5_cli17627_vdhankar #####
Move is valid
##### SUCCESS: /usr/lib/jvm/jdk-14.0.1/bin/java -jar /lab/itti/projects/checkers-competition/server/referee.jar on run_5_cli17627_vdhankar #####
INPUT for vdhankar:
GAME
BLACK
6.93146109580994
.b.b.b.b
........
........
..w.B.w.
.w......
........
.b......
......B.
##### Running: /usr/bin/time -o time_5_cli17627_vdhankar.txt -f "%U" python3 homework.py > stulog.txt 2>&1 on vdhankar #####
child exited with value 1
##### ERROR: /usr/bin/time -o time_5_cli17627_vdhankar.txt -f "%U" python3 homework.py > stulog.txt 2>&1 on vdhankar #####
##### Output of failed program (stdout + stderr): #####
Traceback (most recent call last):
  File "homework.py", line 546, in <module>
    print(end-start)
NameError: name 'end' is not defined
##### End of output of failed program #####
##### vdhankar plays [E b2 c1] in 0.503105878829956s #####
##### Running: /usr/lib/jvm/jdk-14.0.1/bin/java -jar /lab/itti/projects/checkers-competition/server/referee.jar on run_5_cli17627_vdhankar #####
Move is valid
##### SUCCESS: /usr/lib/jvm/jdk-14.0.1/bin/java -jar /lab/itti/projects/checkers-competition/server/referee.jar on run_5_cli17627_vdhankar #####
INPUT for cli17627:
GAME
WHITE
277.37
.b.b.b.b
........
........
..w.B.w.
.w......
........
........
..B...B.
##### Running: /usr/bin/time -o time_5_cli17627_vdhankar.txt -f "%U" /usr/lib/jvm/jdk-14.0.1/bin/java homework > stulog.txt 2>&1 on cli17627 #####
##### SUCCESS: /usr/bin/time -o time_5_cli17627_vdhankar.txt -f "%U" /usr/lib/jvm/jdk-14.0.1/bin/java homework > stulog.txt 2>&1 on cli17627 #####
##### cli17627 plays [E b4 a5] in 0.68s #####
##### Running: /usr/lib/jvm/jdk-14.0.1/bin/java -jar /lab/itti/projects/checkers-competition/server/referee.jar on run_5_cli17627_vdhankar #####
Move is valid
##### SUCCESS: /usr/lib/jvm/jdk-14.0.1/bin/java -jar /lab/itti/projects/checkers-competition/server/referee.jar on run_5_cli17627_vdhankar #####
INPUT for vdhankar:
GAME
BLACK
6.42835521697998
.b.b.b.b
........
........
w.w.B.w.
........
........
........
..B...B.
##### Running: /usr/bin/time -o time_5_cli17627_vdhankar.txt -f "%U" python3 homework.py > stulog.txt 2>&1 on vdhankar #####
child exited with value 1
##### ERROR: /usr/bin/time -o time_5_cli17627_vdhankar.txt -f "%U" python3 homework.py > stulog.txt 2>&1 on vdhankar #####
##### Output of failed program (stdout + stderr): #####
Traceback (most recent call last):
  File "homework.py", line 546, in <module>
    print(end-start)
NameError: name 'end' is not defined
##### End of output of failed program #####
##### vdhankar plays [E e5 f6] in 0.547689914703369s #####
##### Running: /usr/lib/jvm/jdk-14.0.1/bin/java -jar /lab/itti/projects/checkers-competition/server/referee.jar on run_5_cli17627_vdhankar #####
Move is valid
##### SUCCESS: /usr/lib/jvm/jdk-14.0.1/bin/java -jar /lab/itti/projects/checkers-competition/server/referee.jar on run_5_cli17627_vdhankar #####
INPUT for cli17627:
GAME
WHITE
276.69
.b.b.b.b
........
.....B..
w.w...w.
........
........
........
..B...B.
##### Running: /usr/bin/time -o time_5_cli17627_vdhankar.txt -f "%U" /usr/lib/jvm/jdk-14.0.1/bin/java homework > stulog.txt 2>&1 on cli17627 #####
##### SUCCESS: /usr/bin/time -o time_5_cli17627_vdhankar.txt -f "%U" /usr/lib/jvm/jdk-14.0.1/bin/java homework > stulog.txt 2>&1 on cli17627 #####
##### cli17627 plays [J g5 e7] in 0.54s #####
##### Running: /usr/lib/jvm/jdk-14.0.1/bin/java -jar /lab/itti/projects/checkers-competition/server/referee.jar on run_5_cli17627_vdhankar #####
Move is valid
##### SUCCESS: /usr/lib/jvm/jdk-14.0.1/bin/java -jar /lab/itti/projects/checkers-competition/server/referee.jar on run_5_cli17627_vdhankar #####
INPUT for vdhankar:
GAME
BLACK
5.88066530227661
.b.b.b.b
....w...
........
w.w.....
........
........
........
..B...B.
##### Running: /usr/bin/time -o time_5_cli17627_vdhankar.txt -f "%U" python3 homework.py > stulog.txt 2>&1 on vdhankar #####
child exited with value 1
##### ERROR: /usr/bin/time -o time_5_cli17627_vdhankar.txt -f "%U" python3 homework.py > stulog.txt 2>&1 on vdhankar #####
##### Output of failed program (stdout + stderr): #####
Traceback (most recent call last):
  File "homework.py", line 546, in <module>
    print(end-start)
NameError: name 'end' is not defined
##### End of output of failed program #####
##### vdhankar plays [J f8 d6 ; J d6 b4] in 0.342972040176392s #####
##### Running: /usr/lib/jvm/jdk-14.0.1/bin/java -jar /lab/itti/projects/checkers-competition/server/referee.jar on run_5_cli17627_vdhankar #####
Move is valid
##### SUCCESS: /usr/lib/jvm/jdk-14.0.1/bin/java -jar /lab/itti/projects/checkers-competition/server/referee.jar on run_5_cli17627_vdhankar #####
INPUT for cli17627:
GAME
WHITE
276.15
.b.b...b
........
........
w.......
.b......
........
........
..B...B.
##### Running: /usr/bin/time -o time_5_cli17627_vdhankar.txt -f "%U" /usr/lib/jvm/jdk-14.0.1/bin/java homework > stulog.txt 2>&1 on cli17627 #####
##### SUCCESS: /usr/bin/time -o time_5_cli17627_vdhankar.txt -f "%U" /usr/lib/jvm/jdk-14.0.1/bin/java homework > stulog.txt 2>&1 on cli17627 #####
##### cli17627 plays [E a5 b6] in 0.34s #####
##### Running: /usr/lib/jvm/jdk-14.0.1/bin/java -jar /lab/itti/projects/checkers-competition/server/referee.jar on run_5_cli17627_vdhankar #####
Move is valid
##### SUCCESS: /usr/lib/jvm/jdk-14.0.1/bin/java -jar /lab/itti/projects/checkers-competition/server/referee.jar on run_5_cli17627_vdhankar #####
INPUT for vdhankar:
GAME
BLACK
5.53769326210022
.b.b...b
........
.w......
........
.b......
........
........
..B...B.
##### Running: /usr/bin/time -o time_5_cli17627_vdhankar.txt -f "%U" python3 homework.py > stulog.txt 2>&1 on vdhankar #####
child exited with value 1
##### ERROR: /usr/bin/time -o time_5_cli17627_vdhankar.txt -f "%U" python3 homework.py > stulog.txt 2>&1 on vdhankar #####
##### Output of failed program (stdout + stderr): #####
Traceback (most recent call last):
  File "homework.py", line 546, in <module>
    print(end-start)
NameError: name 'end' is not defined
##### End of output of failed program #####
##### vdhankar plays [E b8 a7] in 0.342200994491577s #####
##### Running: /usr/lib/jvm/jdk-14.0.1/bin/java -jar /lab/itti/projects/checkers-competition/server/referee.jar on run_5_cli17627_vdhankar #####
Move is valid
##### SUCCESS: /usr/lib/jvm/jdk-14.0.1/bin/java -jar /lab/itti/projects/checkers-competition/server/referee.jar on run_5_cli17627_vdhankar #####
INPUT for cli17627:
GAME
WHITE
275.81
...b...b
b.......
.w......
........
.b......
........
........
..B...B.
##### Running: /usr/bin/time -o time_5_cli17627_vdhankar.txt -f "%U" /usr/lib/jvm/jdk-14.0.1/bin/java homework > stulog.txt 2>&1 on cli17627 #####
##### SUCCESS: /usr/bin/time -o time_5_cli17627_vdhankar.txt -f "%U" /usr/lib/jvm/jdk-14.0.1/bin/java homework > stulog.txt 2>&1 on cli17627 #####
##### cli17627 plays [E b6 c7] in 0.33s #####
##### Running: /usr/lib/jvm/jdk-14.0.1/bin/java -jar /lab/itti/projects/checkers-competition/server/referee.jar on run_5_cli17627_vdhankar #####
Move is valid
##### SUCCESS: /usr/lib/jvm/jdk-14.0.1/bin/java -jar /lab/itti/projects/checkers-competition/server/referee.jar on run_5_cli17627_vdhankar #####
INPUT for vdhankar:
GAME
BLACK
5.19549226760864
...b...b
b.w.....
........
........
.b......
........
........
..B...B.
##### Running: /usr/bin/time -o time_5_cli17627_vdhankar.txt -f "%U" python3 homework.py > stulog.txt 2>&1 on vdhankar #####
child exited with value 1
##### ERROR: /usr/bin/time -o time_5_cli17627_vdhankar.txt -f "%U" python3 homework.py > stulog.txt 2>&1 on vdhankar #####
##### Output of failed program (stdout + stderr): #####
Traceback (most recent call last):
  File "homework.py", line 546, in <module>
    print(end-start)
NameError: name 'end' is not defined
##### End of output of failed program #####
##### vdhankar plays [J d8 b6] in 0.372527122497559s #####
##### Running: /usr/lib/jvm/jdk-14.0.1/bin/java -jar /lab/itti/projects/checkers-competition/server/referee.jar on run_5_cli17627_vdhankar #####
Move is valid
After this move, player WHITE cannot make any moves
*** Winner: BLACK ***
##### SUCCESS: /usr/lib/jvm/jdk-14.0.1/bin/java -jar /lab/itti/projects/checkers-competition/server/referee.jar on run_5_cli17627_vdhankar #####
##### GAME OVER: vdhankar wins the game! #####
Server said: WIN
########## ROUND 5 GAMESCORE AFTER GAME 3: cli17627=1 and vdhankar=2 ##########
#################### ROUND 5: cli17627 (B) vs vdhankar (W): game 4 ####################
##### game start! #####
INPUT for cli17627:
GAME
BLACK
300
.b.b.b.b
b.b.b.b.
.b.b.b.b
........
........
w.w.w.w.
.w.w.w.w
w.w.w.w.
##### Running: /usr/bin/time -o time_5_cli17627_vdhankar.txt -f "%U" /usr/lib/jvm/jdk-14.0.1/bin/java homework > stulog.txt 2>&1 on cli17627 #####
##### SUCCESS: /usr/bin/time -o time_5_cli17627_vdhankar.txt -f "%U" /usr/lib/jvm/jdk-14.0.1/bin/java homework > stulog.txt 2>&1 on cli17627 #####
##### cli17627 plays [E h6 g5] in 0.76s #####
##### Running: /usr/lib/jvm/jdk-14.0.1/bin/java -jar /lab/itti/projects/checkers-competition/server/referee.jar on run_5_cli17627_vdhankar #####
Move is valid
Couldn't read file 'current_ply.txt'
Couldn't read content from file 'current_ply.txt'
Couldn't read file 'lastmatchange_ply.txt'
Couldn't read content from file 'lastmatchange_ply.txt'
##### SUCCESS: /usr/lib/jvm/jdk-14.0.1/bin/java -jar /lab/itti/projects/checkers-competition/server/referee.jar on run_5_cli17627_vdhankar #####
INPUT for vdhankar:
GAME
WHITE
300
.b.b.b.b
b.b.b.b.
.b.b.b..
......b.
........
w.w.w.w.
.w.w.w.w
w.w.w.w.
##### Running: /usr/bin/time -o time_5_cli17627_vdhankar.txt -f "%U" python3 homework.py > stulog.txt 2>&1 on vdhankar #####
child exited with value 1
##### ERROR: /usr/bin/time -o time_5_cli17627_vdhankar.txt -f "%U" python3 homework.py > stulog.txt 2>&1 on vdhankar #####
##### Output of failed program (stdout + stderr): #####
Traceback (most recent call last):
  File "homework.py", line 546, in <module>
    print(end-start)
NameError: name 'end' is not defined
##### End of output of failed program #####
##### vdhankar plays [E g3 h4] in 15.7368609905243s #####
##### Running: /usr/lib/jvm/jdk-14.0.1/bin/java -jar /lab/itti/projects/checkers-competition/server/referee.jar on run_5_cli17627_vdhankar #####
Move is valid
##### SUCCESS: /usr/lib/jvm/jdk-14.0.1/bin/java -jar /lab/itti/projects/checkers-competition/server/referee.jar on run_5_cli17627_vdhankar #####
INPUT for cli17627:
GAME
BLACK
299.24
.b.b.b.b
b.b.b.b.
.b.b.b..
......b.
.......w
w.w.w...
.w.w.w.w
w.w.w.w.
##### Running: /usr/bin/time -o time_5_cli17627_vdhankar.txt -f "%U" /usr/lib/jvm/jdk-14.0.1/bin/java homework > stulog.txt 2>&1 on cli17627 #####
##### SUCCESS: /usr/bin/time -o time_5_cli17627_vdhankar.txt -f "%U" /usr/lib/jvm/jdk-14.0.1/bin/java homework > stulog.txt 2>&1 on cli17627 #####
##### cli17627 plays [E g5 f4] in 0.83s #####
##### Running: /usr/lib/jvm/jdk-14.0.1/bin/java -jar /lab/itti/projects/checkers-competition/server/referee.jar on run_5_cli17627_vdhankar #####
Move is valid
##### SUCCESS: /usr/lib/jvm/jdk-14.0.1/bin/java -jar /lab/itti/projects/checkers-competition/server/referee.jar on run_5_cli17627_vdhankar #####
INPUT for vdhankar:
GAME
WHITE
284.263139009476
.b.b.b.b
b.b.b.b.
.b.b.b..
........
.....b.w
w.w.w...
.w.w.w.w
w.w.w.w.
##### Running: /usr/bin/time -o time_5_cli17627_vdhankar.txt -f "%U" python3 homework.py > stulog.txt 2>&1 on vdhankar #####
child exited with value 1
##### ERROR: /usr/bin/time -o time_5_cli17627_vdhankar.txt -f "%U" python3 homework.py > stulog.txt 2>&1 on vdhankar #####
##### Output of failed program (stdout + stderr): #####
Traceback (most recent call last):
  File "homework.py", line 546, in <module>
    print(end-start)
NameError: name 'end' is not defined
##### End of output of failed program #####
##### vdhankar plays [J e3 g5] in 7.9889030456543s #####
##### Running: /usr/lib/jvm/jdk-14.0.1/bin/java -jar /lab/itti/projects/checkers-competition/server/referee.jar on run_5_cli17627_vdhankar #####
Move is valid
##### SUCCESS: /usr/lib/jvm/jdk-14.0.1/bin/java -jar /lab/itti/projects/checkers-competition/server/referee.jar on run_5_cli17627_vdhankar #####
INPUT for cli17627:
GAME
BLACK
298.41
.b.b.b.b
b.b.b.b.
.b.b.b..
......w.
.......w
w.w.....
.w.w.w.w
w.w.w.w.
##### Running: /usr/bin/time -o time_5_cli17627_vdhankar.txt -f "%U" /usr/lib/jvm/jdk-14.0.1/bin/java homework > stulog.txt 2>&1 on cli17627 #####
##### SUCCESS: /usr/bin/time -o time_5_cli17627_vdhankar.txt -f "%U" /usr/lib/jvm/jdk-14.0.1/bin/java homework > stulog.txt 2>&1 on cli17627 #####
##### cli17627 plays [E f6 e5] in 0.7s #####
##### Running: /usr/lib/jvm/jdk-14.0.1/bin/java -jar /lab/itti/projects/checkers-competition/server/referee.jar on run_5_cli17627_vdhankar #####
Move is valid
##### SUCCESS: /usr/lib/jvm/jdk-14.0.1/bin/java -jar /lab/itti/projects/checkers-competition/server/referee.jar on run_5_cli17627_vdhankar #####
INPUT for vdhankar:
GAME
WHITE
276.274235963821
.b.b.b.b
b.b.b.b.
.b.b....
....b.w.
.......w
w.w.....
.w.w.w.w
w.w.w.w.
##### Running: /usr/bin/time -o time_5_cli17627_vdhankar.txt -f "%U" python3 homework.py > stulog.txt 2>&1 on vdhankar #####
child exited with value 1
##### ERROR: /usr/bin/time -o time_5_cli17627_vdhankar.txt -f "%U" python3 homework.py > stulog.txt 2>&1 on vdhankar #####
##### Output of failed program (stdout + stderr): #####
Traceback (most recent call last):
  File "homework.py", line 546, in <module>
    print(end-start)
NameError: name 'end' is not defined
##### End of output of failed program #####
##### vdhankar plays [E f2 g3] in 20.1662490367889s #####
##### Running: /usr/lib/jvm/jdk-14.0.1/bin/java -jar /lab/itti/projects/checkers-competition/server/referee.jar on run_5_cli17627_vdhankar #####
Move is valid
##### SUCCESS: /usr/lib/jvm/jdk-14.0.1/bin/java -jar /lab/itti/projects/checkers-competition/server/referee.jar on run_5_cli17627_vdhankar #####
INPUT for cli17627:
GAME
BLACK
297.71
.b.b.b.b
b.b.b.b.
.b.b....
....b.w.
.......w
w.w...w.
.w.w...w
w.w.w.w.
##### Running: /usr/bin/time -o time_5_cli17627_vdhankar.txt -f "%U" /usr/lib/jvm/jdk-14.0.1/bin/java homework > stulog.txt 2>&1 on cli17627 #####
##### SUCCESS: /usr/bin/time -o time_5_cli17627_vdhankar.txt -f "%U" /usr/lib/jvm/jdk-14.0.1/bin/java homework > stulog.txt 2>&1 on cli17627 #####
##### cli17627 plays [E e5 f4] in 0.64s #####
##### Running: /usr/lib/jvm/jdk-14.0.1/bin/java -jar /lab/itti/projects/checkers-competition/server/referee.jar on run_5_cli17627_vdhankar #####
Move is valid
##### SUCCESS: /usr/lib/jvm/jdk-14.0.1/bin/java -jar /lab/itti/projects/checkers-competition/server/referee.jar on run_5_cli17627_vdhankar #####
INPUT for vdhankar:
GAME
WHITE
256.107986927032
.b.b.b.b
b.b.b.b.
.b.b....
......w.
.....b.w
w.w...w.
.w.w...w
w.w.w.w.
##### Running: /usr/bin/time -o time_5_cli17627_vdhankar.txt -f "%U" python3 homework.py > stulog.txt 2>&1 on vdhankar #####
child exited with value 1
##### ERROR: /usr/bin/time -o time_5_cli17627_vdhankar.txt -f "%U" python3 homework.py > stulog.txt 2>&1 on vdhankar #####
##### Output of failed program (stdout + stderr): #####
Traceback (most recent call last):
  File "homework.py", line 546, in <module>
    print(end-start)
NameError: name 'end' is not defined
##### End of output of failed program #####
##### vdhankar plays [J g3 e5] in 2.32706594467163s #####
##### Running: /usr/lib/jvm/jdk-14.0.1/bin/java -jar /lab/itti/projects/checkers-competition/server/referee.jar on run_5_cli17627_vdhankar #####
Move is valid
##### SUCCESS: /usr/lib/jvm/jdk-14.0.1/bin/java -jar /lab/itti/projects/checkers-competition/server/referee.jar on run_5_cli17627_vdhankar #####
INPUT for cli17627:
GAME
BLACK
297.07
.b.b.b.b
b.b.b.b.
.b.b....
....w.w.
.......w
w.w.....
.w.w...w
w.w.w.w.
##### Running: /usr/bin/time -o time_5_cli17627_vdhankar.txt -f "%U" /usr/lib/jvm/jdk-14.0.1/bin/java homework > stulog.txt 2>&1 on cli17627 #####
##### SUCCESS: /usr/bin/time -o time_5_cli17627_vdhankar.txt -f "%U" /usr/lib/jvm/jdk-14.0.1/bin/java homework > stulog.txt 2>&1 on cli17627 #####
##### cli17627 plays [J d6 f4] in 0.68s #####
##### Running: /usr/lib/jvm/jdk-14.0.1/bin/java -jar /lab/itti/projects/checkers-competition/server/referee.jar on run_5_cli17627_vdhankar #####
Move is valid
##### SUCCESS: /usr/lib/jvm/jdk-14.0.1/bin/java -jar /lab/itti/projects/checkers-competition/server/referee.jar on run_5_cli17627_vdhankar #####
INPUT for vdhankar:
GAME
WHITE
253.780920982361
.b.b.b.b
b.b.b.b.
.b......
......w.
.....b.w
w.w.....
.w.w...w
w.w.w.w.
##### Running: /usr/bin/time -o time_5_cli17627_vdhankar.txt -f "%U" python3 homework.py > stulog.txt 2>&1 on vdhankar #####
child exited with value 1
##### ERROR: /usr/bin/time -o time_5_cli17627_vdhankar.txt -f "%U" python3 homework.py > stulog.txt 2>&1 on vdhankar #####
##### Output of failed program (stdout + stderr): #####
Traceback (most recent call last):
  File "homework.py", line 546, in <module>
    print(end-start)
NameError: name 'end' is not defined
##### End of output of failed program #####
##### vdhankar plays [E c3 d4] in 25.5016510486603s #####
##### Running: /usr/lib/jvm/jdk-14.0.1/bin/java -jar /lab/itti/projects/checkers-competition/server/referee.jar on run_5_cli17627_vdhankar #####
Move is valid
##### SUCCESS: /usr/lib/jvm/jdk-14.0.1/bin/java -jar /lab/itti/projects/checkers-competition/server/referee.jar on run_5_cli17627_vdhankar #####
INPUT for cli17627:
GAME
BLACK
296.39
.b.b.b.b
b.b.b.b.
.b......
......w.
...w.b.w
w.......
.w.w...w
w.w.w.w.
##### Running: /usr/bin/time -o time_5_cli17627_vdhankar.txt -f "%U" /usr/lib/jvm/jdk-14.0.1/bin/java homework > stulog.txt 2>&1 on cli17627 #####
##### SUCCESS: /usr/bin/time -o time_5_cli17627_vdhankar.txt -f "%U" /usr/lib/jvm/jdk-14.0.1/bin/java homework > stulog.txt 2>&1 on cli17627 #####
##### cli17627 plays [E f4 g3] in 0.94s #####
##### Running: /usr/lib/jvm/jdk-14.0.1/bin/java -jar /lab/itti/projects/checkers-competition/server/referee.jar on run_5_cli17627_vdhankar #####
Move is valid
##### SUCCESS: /usr/lib/jvm/jdk-14.0.1/bin/java -jar /lab/itti/projects/checkers-competition/server/referee.jar on run_5_cli17627_vdhankar #####
INPUT for vdhankar:
GAME
WHITE
228.279269933701
.b.b.b.b
b.b.b.b.
.b......
......w.
...w...w
w.....b.
.w.w...w
w.w.w.w.
##### Running: /usr/bin/time -o time_5_cli17627_vdhankar.txt -f "%U" python3 homework.py > stulog.txt 2>&1 on vdhankar #####
child exited with value 1
##### ERROR: /usr/bin/time -o time_5_cli17627_vdhankar.txt -f "%U" python3 homework.py > stulog.txt 2>&1 on vdhankar #####
##### Output of failed program (stdout + stderr): #####
Traceback (most recent call last):
  File "homework.py", line 546, in <module>
    print(end-start)
NameError: name 'end' is not defined
##### End of output of failed program #####
##### vdhankar plays [J h2 f4] in 9.56587100028992s #####
##### Running: /usr/lib/jvm/jdk-14.0.1/bin/java -jar /lab/itti/projects/checkers-competition/server/referee.jar on run_5_cli17627_vdhankar #####
Move is valid
##### SUCCESS: /usr/lib/jvm/jdk-14.0.1/bin/java -jar /lab/itti/projects/checkers-competition/server/referee.jar on run_5_cli17627_vdhankar #####
INPUT for cli17627:
GAME
BLACK
295.45
.b.b.b.b
b.b.b.b.
.b......
......w.
...w.w.w
w.......
.w.w....
w.w.w.w.
##### Running: /usr/bin/time -o time_5_cli17627_vdhankar.txt -f "%U" /usr/lib/jvm/jdk-14.0.1/bin/java homework > stulog.txt 2>&1 on cli17627 #####
##### SUCCESS: /usr/bin/time -o time_5_cli17627_vdhankar.txt -f "%U" /usr/lib/jvm/jdk-14.0.1/bin/java homework > stulog.txt 2>&1 on cli17627 #####
##### cli17627 plays [E b6 c5] in 0.96s #####
##### Running: /usr/lib/jvm/jdk-14.0.1/bin/java -jar /lab/itti/projects/checkers-competition/server/referee.jar on run_5_cli17627_vdhankar #####
Move is valid
##### SUCCESS: /usr/lib/jvm/jdk-14.0.1/bin/java -jar /lab/itti/projects/checkers-competition/server/referee.jar on run_5_cli17627_vdhankar #####
INPUT for vdhankar:
GAME
WHITE
218.713398933411
.b.b.b.b
b.b.b.b.
........
..b...w.
...w.w.w
w.......
.w.w....
w.w.w.w.
##### Running: /usr/bin/time -o time_5_cli17627_vdhankar.txt -f "%U" python3 homework.py > stulog.txt 2>&1 on vdhankar #####
child exited with value 1
##### ERROR: /usr/bin/time -o time_5_cli17627_vdhankar.txt -f "%U" python3 homework.py > stulog.txt 2>&1 on vdhankar #####
##### Output of failed program (stdout + stderr): #####
Traceback (most recent call last):
  File "homework.py", line 546, in <module>
    print(end-start)
NameError: name 'end' is not defined
##### End of output of failed program #####
##### vdhankar plays [J d4 b6] in 5.30516195297241s #####
##### Running: /usr/lib/jvm/jdk-14.0.1/bin/java -jar /lab/itti/projects/checkers-competition/server/referee.jar on run_5_cli17627_vdhankar #####
Move is valid
##### SUCCESS: /usr/lib/jvm/jdk-14.0.1/bin/java -jar /lab/itti/projects/checkers-competition/server/referee.jar on run_5_cli17627_vdhankar #####
INPUT for cli17627:
GAME
BLACK
294.49
.b.b.b.b
b.b.b.b.
.w......
......w.
.....w.w
w.......
.w.w....
w.w.w.w.
##### Running: /usr/bin/time -o time_5_cli17627_vdhankar.txt -f "%U" /usr/lib/jvm/jdk-14.0.1/bin/java homework > stulog.txt 2>&1 on cli17627 #####
##### SUCCESS: /usr/bin/time -o time_5_cli17627_vdhankar.txt -f "%U" /usr/lib/jvm/jdk-14.0.1/bin/java homework > stulog.txt 2>&1 on cli17627 #####
##### cli17627 plays [J c7 a5] in 0.81s #####
##### Running: /usr/lib/jvm/jdk-14.0.1/bin/java -jar /lab/itti/projects/checkers-competition/server/referee.jar on run_5_cli17627_vdhankar #####
Move is valid
##### SUCCESS: /usr/lib/jvm/jdk-14.0.1/bin/java -jar /lab/itti/projects/checkers-competition/server/referee.jar on run_5_cli17627_vdhankar #####
INPUT for vdhankar:
GAME
WHITE
213.408236980438
.b.b.b.b
b...b.b.
........
b.....w.
.....w.w
w.......
.w.w....
w.w.w.w.
##### Running: /usr/bin/time -o time_5_cli17627_vdhankar.txt -f "%U" python3 homework.py > stulog.txt 2>&1 on vdhankar #####
child exited with value 1
##### ERROR: /usr/bin/time -o time_5_cli17627_vdhankar.txt -f "%U" python3 homework.py > stulog.txt 2>&1 on vdhankar #####
##### Output of failed program (stdout + stderr): #####
Traceback (most recent call last):
  File "homework.py", line 546, in <module>
    print(end-start)
NameError: name 'end' is not defined
##### End of output of failed program #####
##### vdhankar plays [E a3 b4] in 32.2078018188477s #####
##### Running: /usr/lib/jvm/jdk-14.0.1/bin/java -jar /lab/itti/projects/checkers-competition/server/referee.jar on run_5_cli17627_vdhankar #####
Move is valid
##### SUCCESS: /usr/lib/jvm/jdk-14.0.1/bin/java -jar /lab/itti/projects/checkers-competition/server/referee.jar on run_5_cli17627_vdhankar #####
INPUT for cli17627:
GAME
BLACK
293.68
.b.b.b.b
b...b.b.
........
b.....w.
.w...w.w
........
.w.w....
w.w.w.w.
##### Running: /usr/bin/time -o time_5_cli17627_vdhankar.txt -f "%U" /usr/lib/jvm/jdk-14.0.1/bin/java homework > stulog.txt 2>&1 on cli17627 #####
##### SUCCESS: /usr/bin/time -o time_5_cli17627_vdhankar.txt -f "%U" /usr/lib/jvm/jdk-14.0.1/bin/java homework > stulog.txt 2>&1 on cli17627 #####
##### cli17627 plays [J a5 c3] in 0.68s #####
##### Running: /usr/lib/jvm/jdk-14.0.1/bin/java -jar /lab/itti/projects/checkers-competition/server/referee.jar on run_5_cli17627_vdhankar #####
Move is valid
##### SUCCESS: /usr/lib/jvm/jdk-14.0.1/bin/java -jar /lab/itti/projects/checkers-competition/server/referee.jar on run_5_cli17627_vdhankar #####
INPUT for vdhankar:
GAME
WHITE
181.200435161591
.b.b.b.b
b...b.b.
........
......w.
.....w.w
..b.....
.w.w....
w.w.w.w.
##### Running: /usr/bin/time -o time_5_cli17627_vdhankar.txt -f "%U" python3 homework.py > stulog.txt 2>&1 on vdhankar #####
child exited with value 1
##### ERROR: /usr/bin/time -o time_5_cli17627_vdhankar.txt -f "%U" python3 homework.py > stulog.txt 2>&1 on vdhankar #####
##### Output of failed program (stdout + stderr): #####
Traceback (most recent call last):
  File "homework.py", line 546, in <module>
    print(end-start)
NameError: name 'end' is not defined
##### End of output of failed program #####
##### vdhankar plays [J d2 b4] in 13.3478050231934s #####
##### Running: /usr/lib/jvm/jdk-14.0.1/bin/java -jar /lab/itti/projects/checkers-competition/server/referee.jar on run_5_cli17627_vdhankar #####
Move is valid
##### SUCCESS: /usr/lib/jvm/jdk-14.0.1/bin/java -jar /lab/itti/projects/checkers-competition/server/referee.jar on run_5_cli17627_vdhankar #####
INPUT for cli17627:
GAME
BLACK
293
.b.b.b.b
b...b.b.
........
......w.
.w...w.w
........
.w......
w.w.w.w.
##### Running: /usr/bin/time -o time_5_cli17627_vdhankar.txt -f "%U" /usr/lib/jvm/jdk-14.0.1/bin/java homework > stulog.txt 2>&1 on cli17627 #####
##### SUCCESS: /usr/bin/time -o time_5_cli17627_vdhankar.txt -f "%U" /usr/lib/jvm/jdk-14.0.1/bin/java homework > stulog.txt 2>&1 on cli17627 #####
##### cli17627 plays [E g7 h6] in 1.06s #####
##### Running: /usr/lib/jvm/jdk-14.0.1/bin/java -jar /lab/itti/projects/checkers-competition/server/referee.jar on run_5_cli17627_vdhankar #####
Move is valid
##### SUCCESS: /usr/lib/jvm/jdk-14.0.1/bin/java -jar /lab/itti/projects/checkers-competition/server/referee.jar on run_5_cli17627_vdhankar #####
INPUT for vdhankar:
GAME
WHITE
167.852630138397
.b.b.b.b
b...b...
.......b
......w.
.w...w.w
........
.w......
w.w.w.w.
##### Running: /usr/bin/time -o time_5_cli17627_vdhankar.txt -f "%U" python3 homework.py > stulog.txt 2>&1 on vdhankar #####
child exited with value 1
##### ERROR: /usr/bin/time -o time_5_cli17627_vdhankar.txt -f "%U" python3 homework.py > stulog.txt 2>&1 on vdhankar #####
##### Output of failed program (stdout + stderr): #####
Traceback (most recent call last):
  File "homework.py", line 546, in <module>
    print(end-start)
NameError: name 'end' is not defined
##### End of output of failed program #####
##### vdhankar plays [E b4 a5] in 59.0768439769745s #####
##### Running: /usr/lib/jvm/jdk-14.0.1/bin/java -jar /lab/itti/projects/checkers-competition/server/referee.jar on run_5_cli17627_vdhankar #####
Move is valid
##### SUCCESS: /usr/lib/jvm/jdk-14.0.1/bin/java -jar /lab/itti/projects/checkers-competition/server/referee.jar on run_5_cli17627_vdhankar #####
INPUT for cli17627:
GAME
BLACK
291.94
.b.b.b.b
b...b...
.......b
w.....w.
.....w.w
........
.w......
w.w.w.w.
##### Running: /usr/bin/time -o time_5_cli17627_vdhankar.txt -f "%U" /usr/lib/jvm/jdk-14.0.1/bin/java homework > stulog.txt 2>&1 on cli17627 #####
##### SUCCESS: /usr/bin/time -o time_5_cli17627_vdhankar.txt -f "%U" /usr/lib/jvm/jdk-14.0.1/bin/java homework > stulog.txt 2>&1 on cli17627 #####
##### cli17627 plays [E e7 f6] in 0.83s #####
##### Running: /usr/lib/jvm/jdk-14.0.1/bin/java -jar /lab/itti/projects/checkers-competition/server/referee.jar on run_5_cli17627_vdhankar #####
Move is valid
##### SUCCESS: /usr/lib/jvm/jdk-14.0.1/bin/java -jar /lab/itti/projects/checkers-competition/server/referee.jar on run_5_cli17627_vdhankar #####
INPUT for vdhankar:
GAME
WHITE
108.775786161423
.b.b.b.b
b.......
.....b.b
w.....w.
.....w.w
........
.w......
w.w.w.w.
##### Running: /usr/bin/time -o time_5_cli17627_vdhankar.txt -f "%U" python3 homework.py > stulog.txt 2>&1 on vdhankar #####
child exited with value 1
##### ERROR: /usr/bin/time -o time_5_cli17627_vdhankar.txt -f "%U" python3 homework.py > stulog.txt 2>&1 on vdhankar #####
##### Output of failed program (stdout + stderr): #####
Traceback (most recent call last):
  File "homework.py", line 546, in <module>
    print(end-start)
NameError: name 'end' is not defined
##### End of output of failed program #####
##### vdhankar plays [J g5 e7] in 4.17411208152771s #####
##### Running: /usr/lib/jvm/jdk-14.0.1/bin/java -jar /lab/itti/projects/checkers-competition/server/referee.jar on run_5_cli17627_vdhankar #####
Move is valid
##### SUCCESS: /usr/lib/jvm/jdk-14.0.1/bin/java -jar /lab/itti/projects/checkers-competition/server/referee.jar on run_5_cli17627_vdhankar #####
INPUT for cli17627:
GAME
BLACK
291.11
.b.b.b.b
b...w...
.......b
w.......
.....w.w
........
.w......
w.w.w.w.
##### Running: /usr/bin/time -o time_5_cli17627_vdhankar.txt -f "%U" /usr/lib/jvm/jdk-14.0.1/bin/java homework > stulog.txt 2>&1 on cli17627 #####
##### SUCCESS: /usr/bin/time -o time_5_cli17627_vdhankar.txt -f "%U" /usr/lib/jvm/jdk-14.0.1/bin/java homework > stulog.txt 2>&1 on cli17627 #####
##### cli17627 plays [J f8 d6] in 0.78s #####
##### Running: /usr/lib/jvm/jdk-14.0.1/bin/java -jar /lab/itti/projects/checkers-competition/server/referee.jar on run_5_cli17627_vdhankar #####
Move is valid
##### SUCCESS: /usr/lib/jvm/jdk-14.0.1/bin/java -jar /lab/itti/projects/checkers-competition/server/referee.jar on run_5_cli17627_vdhankar #####
INPUT for vdhankar:
GAME
WHITE
104.601674079895
.b.b...b
b.......
...b...b
w.......
.....w.w
........
.w......
w.w.w.w.
##### Running: /usr/bin/time -o time_5_cli17627_vdhankar.txt -f "%U" python3 homework.py > stulog.txt 2>&1 on vdhankar #####
child exited with value 1
##### ERROR: /usr/bin/time -o time_5_cli17627_vdhankar.txt -f "%U" python3 homework.py > stulog.txt 2>&1 on vdhankar #####
##### Output of failed program (stdout + stderr): #####
Traceback (most recent call last):
  File "homework.py", line 546, in <module>
    print(end-start)
NameError: name 'end' is not defined
##### End of output of failed program #####
##### vdhankar plays [E g1 h2] in 34.6309199333191s #####
##### Running: /usr/lib/jvm/jdk-14.0.1/bin/java -jar /lab/itti/projects/checkers-competition/server/referee.jar on run_5_cli17627_vdhankar #####
Move is valid
##### SUCCESS: /usr/lib/jvm/jdk-14.0.1/bin/java -jar /lab/itti/projects/checkers-competition/server/referee.jar on run_5_cli17627_vdhankar #####
INPUT for cli17627:
GAME
BLACK
290.33
.b.b...b
b.......
...b...b
w.......
.....w.w
........
.w.....w
w.w.w...
##### Running: /usr/bin/time -o time_5_cli17627_vdhankar.txt -f "%U" /usr/lib/jvm/jdk-14.0.1/bin/java homework > stulog.txt 2>&1 on cli17627 #####
##### SUCCESS: /usr/bin/time -o time_5_cli17627_vdhankar.txt -f "%U" /usr/lib/jvm/jdk-14.0.1/bin/java homework > stulog.txt 2>&1 on cli17627 #####
##### cli17627 plays [E h6 g5] in 0.82s #####
##### Running: /usr/lib/jvm/jdk-14.0.1/bin/java -jar /lab/itti/projects/checkers-competition/server/referee.jar on run_5_cli17627_vdhankar #####
Move is valid
##### SUCCESS: /usr/lib/jvm/jdk-14.0.1/bin/java -jar /lab/itti/projects/checkers-competition/server/referee.jar on run_5_cli17627_vdhankar #####
INPUT for vdhankar:
GAME
WHITE
69.9707541465759
.b.b...b
b.......
...b....
w.....b.
.....w.w
........
.w.....w
w.w.w...
##### Running: /usr/bin/time -o time_5_cli17627_vdhankar.txt -f "%U" python3 homework.py > stulog.txt 2>&1 on vdhankar #####
child exited with value 1
##### ERROR: /usr/bin/time -o time_5_cli17627_vdhankar.txt -f "%U" python3 homework.py > stulog.txt 2>&1 on vdhankar #####
##### Output of failed program (stdout + stderr): #####
Traceback (most recent call last):
  File "homework.py", line 546, in <module>
    print(end-start)
NameError: name 'end' is not defined
##### End of output of failed program #####
##### vdhankar plays [J h4 f6] in 4.90827202796936s #####
##### Running: /usr/lib/jvm/jdk-14.0.1/bin/java -jar /lab/itti/projects/checkers-competition/server/referee.jar on run_5_cli17627_vdhankar #####
Move is valid
##### SUCCESS: /usr/lib/jvm/jdk-14.0.1/bin/java -jar /lab/itti/projects/checkers-competition/server/referee.jar on run_5_cli17627_vdhankar #####
INPUT for cli17627:
GAME
BLACK
289.51
.b.b...b
b.......
...b.w..
w.......
.....w..
........
.w.....w
w.w.w...
##### Running: /usr/bin/time -o time_5_cli17627_vdhankar.txt -f "%U" /usr/lib/jvm/jdk-14.0.1/bin/java homework > stulog.txt 2>&1 on cli17627 #####
##### SUCCESS: /usr/bin/time -o time_5_cli17627_vdhankar.txt -f "%U" /usr/lib/jvm/jdk-14.0.1/bin/java homework > stulog.txt 2>&1 on cli17627 #####
##### cli17627 plays [E d6 e5] in 0.45s #####
##### Running: /usr/lib/jvm/jdk-14.0.1/bin/java -jar /lab/itti/projects/checkers-competition/server/referee.jar on run_5_cli17627_vdhankar #####
Move is valid
##### SUCCESS: /usr/lib/jvm/jdk-14.0.1/bin/java -jar /lab/itti/projects/checkers-competition/server/referee.jar on run_5_cli17627_vdhankar #####
INPUT for vdhankar:
GAME
WHITE
65.0624821186066
.b.b...b
b.......
.....w..
w...b...
.....w..
........
.w.....w
w.w.w...
##### Running: /usr/bin/time -o time_5_cli17627_vdhankar.txt -f "%U" python3 homework.py > stulog.txt 2>&1 on vdhankar #####
child exited with value 1
##### ERROR: /usr/bin/time -o time_5_cli17627_vdhankar.txt -f "%U" python3 homework.py > stulog.txt 2>&1 on vdhankar #####
##### Output of failed program (stdout + stderr): #####
Traceback (most recent call last):
  File "homework.py", line 546, in <module>
    print(end-start)
NameError: name 'end' is not defined
##### End of output of failed program #####
##### vdhankar plays [J f4 d6] in 0.600790023803711s #####
##### Running: /usr/lib/jvm/jdk-14.0.1/bin/java -jar /lab/itti/projects/checkers-competition/server/referee.jar on run_5_cli17627_vdhankar #####
Move is valid
##### SUCCESS: /usr/lib/jvm/jdk-14.0.1/bin/java -jar /lab/itti/projects/checkers-competition/server/referee.jar on run_5_cli17627_vdhankar #####
INPUT for cli17627:
GAME
BLACK
289.06
.b.b...b
b.......
...w.w..
w.......
........
........
.w.....w
w.w.w...
##### Running: /usr/bin/time -o time_5_cli17627_vdhankar.txt -f "%U" /usr/lib/jvm/jdk-14.0.1/bin/java homework > stulog.txt 2>&1 on cli17627 #####
##### SUCCESS: /usr/bin/time -o time_5_cli17627_vdhankar.txt -f "%U" /usr/lib/jvm/jdk-14.0.1/bin/java homework > stulog.txt 2>&1 on cli17627 #####
##### cli17627 plays [E a7 b6] in 0.51s #####
##### Running: /usr/lib/jvm/jdk-14.0.1/bin/java -jar /lab/itti/projects/checkers-competition/server/referee.jar on run_5_cli17627_vdhankar #####
Move is valid
##### SUCCESS: /usr/lib/jvm/jdk-14.0.1/bin/java -jar /lab/itti/projects/checkers-competition/server/referee.jar on run_5_cli17627_vdhankar #####
INPUT for vdhankar:
GAME
WHITE
64.4616920948029
.b.b...b
........
.b.w.w..
w.......
........
........
.w.....w
w.w.w...
##### Running: /usr/bin/time -o time_5_cli17627_vdhankar.txt -f "%U" python3 homework.py > stulog.txt 2>&1 on vdhankar #####
child exited with value 1
##### ERROR: /usr/bin/time -o time_5_cli17627_vdhankar.txt -f "%U" python3 homework.py > stulog.txt 2>&1 on vdhankar #####
##### Output of failed program (stdout + stderr): #####
Traceback (most recent call last):
  File "homework.py", line 546, in <module>
    print(end-start)
NameError: name 'end' is not defined
##### End of output of failed program #####
##### vdhankar plays [J a5 c7] in 0.791661024093628s #####
##### Running: /usr/lib/jvm/jdk-14.0.1/bin/java -jar /lab/itti/projects/checkers-competition/server/referee.jar on run_5_cli17627_vdhankar #####
Move is valid
##### SUCCESS: /usr/lib/jvm/jdk-14.0.1/bin/java -jar /lab/itti/projects/checkers-competition/server/referee.jar on run_5_cli17627_vdhankar #####
INPUT for cli17627:
GAME
BLACK
288.55
.b.b...b
..w.....
...w.w..
........
........
........
.w.....w
w.w.w...
##### Running: /usr/bin/time -o time_5_cli17627_vdhankar.txt -f "%U" /usr/lib/jvm/jdk-14.0.1/bin/java homework > stulog.txt 2>&1 on cli17627 #####
##### SUCCESS: /usr/bin/time -o time_5_cli17627_vdhankar.txt -f "%U" /usr/lib/jvm/jdk-14.0.1/bin/java homework > stulog.txt 2>&1 on cli17627 #####
##### cli17627 plays [J d8 b6] in 0.43s #####
##### Running: /usr/lib/jvm/jdk-14.0.1/bin/java -jar /lab/itti/projects/checkers-competition/server/referee.jar on run_5_cli17627_vdhankar #####
Move is valid
##### SUCCESS: /usr/lib/jvm/jdk-14.0.1/bin/java -jar /lab/itti/projects/checkers-competition/server/referee.jar on run_5_cli17627_vdhankar #####
INPUT for vdhankar:
GAME
WHITE
63.6700310707092
.b.....b
........
.b.w.w..
........
........
........
.w.....w
w.w.w...
##### Running: /usr/bin/time -o time_5_cli17627_vdhankar.txt -f "%U" python3 homework.py > stulog.txt 2>&1 on vdhankar #####
child exited with value 1
##### ERROR: /usr/bin/time -o time_5_cli17627_vdhankar.txt -f "%U" python3 homework.py > stulog.txt 2>&1 on vdhankar #####
##### Output of failed program (stdout + stderr): #####
Traceback (most recent call last):
  File "homework.py", line 546, in <module>
    print(end-start)
NameError: name 'end' is not defined
##### End of output of failed program #####
##### vdhankar plays [E f6 e7] in 4.39165997505188s #####
##### Running: /usr/lib/jvm/jdk-14.0.1/bin/java -jar /lab/itti/projects/checkers-competition/server/referee.jar on run_5_cli17627_vdhankar #####
Move is valid
##### SUCCESS: /usr/lib/jvm/jdk-14.0.1/bin/java -jar /lab/itti/projects/checkers-competition/server/referee.jar on run_5_cli17627_vdhankar #####
INPUT for cli17627:
GAME
BLACK
288.12
.b.....b
....w...
.b.w....
........
........
........
.w.....w
w.w.w...
##### Running: /usr/bin/time -o time_5_cli17627_vdhankar.txt -f "%U" /usr/lib/jvm/jdk-14.0.1/bin/java homework > stulog.txt 2>&1 on cli17627 #####
##### SUCCESS: /usr/bin/time -o time_5_cli17627_vdhankar.txt -f "%U" /usr/lib/jvm/jdk-14.0.1/bin/java homework > stulog.txt 2>&1 on cli17627 #####
##### cli17627 plays [E b6 c5] in 0.41s #####
##### Running: /usr/lib/jvm/jdk-14.0.1/bin/java -jar /lab/itti/projects/checkers-competition/server/referee.jar on run_5_cli17627_vdhankar #####
Move is valid
##### SUCCESS: /usr/lib/jvm/jdk-14.0.1/bin/java -jar /lab/itti/projects/checkers-competition/server/referee.jar on run_5_cli17627_vdhankar #####
INPUT for vdhankar:
GAME
WHITE
59.2783710956573
.b.....b
....w...
...w....
..b.....
........
........
.w.....w
w.w.w...
##### Running: /usr/bin/time -o time_5_cli17627_vdhankar.txt -f "%U" python3 homework.py > stulog.txt 2>&1 on vdhankar #####
child exited with value 1
##### ERROR: /usr/bin/time -o time_5_cli17627_vdhankar.txt -f "%U" python3 homework.py > stulog.txt 2>&1 on vdhankar #####
##### Output of failed program (stdout + stderr): #####
Traceback (most recent call last):
  File "homework.py", line 546, in <module>
    print(end-start)
NameError: name 'end' is not defined
##### End of output of failed program #####
##### vdhankar plays [E e7 f8] in 4.8609790802002s #####
##### Running: /usr/lib/jvm/jdk-14.0.1/bin/java -jar /lab/itti/projects/checkers-competition/server/referee.jar on run_5_cli17627_vdhankar #####
Move is valid
##### SUCCESS: /usr/lib/jvm/jdk-14.0.1/bin/java -jar /lab/itti/projects/checkers-competition/server/referee.jar on run_5_cli17627_vdhankar #####
INPUT for cli17627:
GAME
BLACK
287.71
.b...W.b
........
...w....
..b.....
........
........
.w.....w
w.w.w...
##### Running: /usr/bin/time -o time_5_cli17627_vdhankar.txt -f "%U" /usr/lib/jvm/jdk-14.0.1/bin/java homework > stulog.txt 2>&1 on cli17627 #####
##### SUCCESS: /usr/bin/time -o time_5_cli17627_vdhankar.txt -f "%U" /usr/lib/jvm/jdk-14.0.1/bin/java homework > stulog.txt 2>&1 on cli17627 #####
##### cli17627 plays [E c5 d4] in 0.48s #####
##### Running: /usr/lib/jvm/jdk-14.0.1/bin/java -jar /lab/itti/projects/checkers-competition/server/referee.jar on run_5_cli17627_vdhankar #####
Move is valid
##### SUCCESS: /usr/lib/jvm/jdk-14.0.1/bin/java -jar /lab/itti/projects/checkers-competition/server/referee.jar on run_5_cli17627_vdhankar #####
INPUT for vdhankar:
GAME
WHITE
54.4173920154572
.b...W.b
........
...w....
........
...b....
........
.w.....w
w.w.w...
##### Running: /usr/bin/time -o time_5_cli17627_vdhankar.txt -f "%U" python3 homework.py > stulog.txt 2>&1 on vdhankar #####
child exited with value 1
##### ERROR: /usr/bin/time -o time_5_cli17627_vdhankar.txt -f "%U" python3 homework.py > stulog.txt 2>&1 on vdhankar #####
##### Output of failed program (stdout + stderr): #####
Traceback (most recent call last):
  File "homework.py", line 546, in <module>
    print(end-start)
NameError: name 'end' is not defined
##### End of output of failed program #####
##### vdhankar plays [E b2 a3] in 3.68738198280334s #####
##### Running: /usr/lib/jvm/jdk-14.0.1/bin/java -jar /lab/itti/projects/checkers-competition/server/referee.jar on run_5_cli17627_vdhankar #####
Move is valid
##### SUCCESS: /usr/lib/jvm/jdk-14.0.1/bin/java -jar /lab/itti/projects/checkers-competition/server/referee.jar on run_5_cli17627_vdhankar #####
INPUT for cli17627:
GAME
BLACK
287.23
.b...W.b
........
...w....
........
...b....
w.......
.......w
w.w.w...
##### Running: /usr/bin/time -o time_5_cli17627_vdhankar.txt -f "%U" /usr/lib/jvm/jdk-14.0.1/bin/java homework > stulog.txt 2>&1 on cli17627 #####
##### SUCCESS: /usr/bin/time -o time_5_cli17627_vdhankar.txt -f "%U" /usr/lib/jvm/jdk-14.0.1/bin/java homework > stulog.txt 2>&1 on cli17627 #####
##### cli17627 plays [E d4 e3] in 0.49s #####
##### Running: /usr/lib/jvm/jdk-14.0.1/bin/java -jar /lab/itti/projects/checkers-competition/server/referee.jar on run_5_cli17627_vdhankar #####
Move is valid
##### SUCCESS: /usr/lib/jvm/jdk-14.0.1/bin/java -jar /lab/itti/projects/checkers-competition/server/referee.jar on run_5_cli17627_vdhankar #####
INPUT for vdhankar:
GAME
WHITE
50.7300100326538
.b...W.b
........
...w....
........
........
w...b...
.......w
w.w.w...
##### Running: /usr/bin/time -o time_5_cli17627_vdhankar.txt -f "%U" python3 homework.py > stulog.txt 2>&1 on vdhankar #####
child exited with value 1
##### ERROR: /usr/bin/time -o time_5_cli17627_vdhankar.txt -f "%U" python3 homework.py > stulog.txt 2>&1 on vdhankar #####
##### Output of failed program (stdout + stderr): #####
Traceback (most recent call last):
  File "homework.py", line 546, in <module>
    print(end-start)
NameError: name 'end' is not defined
##### End of output of failed program #####
##### vdhankar plays [E a3 b4] in 2.75773310661316s #####
##### Running: /usr/lib/jvm/jdk-14.0.1/bin/java -jar /lab/itti/projects/checkers-competition/server/referee.jar on run_5_cli17627_vdhankar #####
Move is valid
##### SUCCESS: /usr/lib/jvm/jdk-14.0.1/bin/java -jar /lab/itti/projects/checkers-competition/server/referee.jar on run_5_cli17627_vdhankar #####
INPUT for cli17627:
GAME
BLACK
286.74
.b...W.b
........
...w....
........
.w......
....b...
.......w
w.w.w...
##### Running: /usr/bin/time -o time_5_cli17627_vdhankar.txt -f "%U" /usr/lib/jvm/jdk-14.0.1/bin/java homework > stulog.txt 2>&1 on cli17627 #####
##### SUCCESS: /usr/bin/time -o time_5_cli17627_vdhankar.txt -f "%U" /usr/lib/jvm/jdk-14.0.1/bin/java homework > stulog.txt 2>&1 on cli17627 #####
##### cli17627 plays [E e3 f2] in 0.41s #####
##### Running: /usr/lib/jvm/jdk-14.0.1/bin/java -jar /lab/itti/projects/checkers-competition/server/referee.jar on run_5_cli17627_vdhankar #####
Move is valid
##### SUCCESS: /usr/lib/jvm/jdk-14.0.1/bin/java -jar /lab/itti/projects/checkers-competition/server/referee.jar on run_5_cli17627_vdhankar #####
INPUT for vdhankar:
GAME
WHITE
47.9722769260406
.b...W.b
........
...w....
........
.w......
........
.....b.w
w.w.w...
##### Running: /usr/bin/time -o time_5_cli17627_vdhankar.txt -f "%U" python3 homework.py > stulog.txt 2>&1 on vdhankar #####
child exited with value 1
##### ERROR: /usr/bin/time -o time_5_cli17627_vdhankar.txt -f "%U" python3 homework.py > stulog.txt 2>&1 on vdhankar #####
##### Output of failed program (stdout + stderr): #####
Traceback (most recent call last):
  File "homework.py", line 546, in <module>
    print(end-start)
NameError: name 'end' is not defined
##### End of output of failed program #####
##### vdhankar plays [J e1 g3] in 0.309942960739136s #####
##### Running: /usr/lib/jvm/jdk-14.0.1/bin/java -jar /lab/itti/projects/checkers-competition/server/referee.jar on run_5_cli17627_vdhankar #####
Move is valid
##### SUCCESS: /usr/lib/jvm/jdk-14.0.1/bin/java -jar /lab/itti/projects/checkers-competition/server/referee.jar on run_5_cli17627_vdhankar #####
INPUT for cli17627:
GAME
BLACK
286.33
.b...W.b
........
...w....
........
.w......
......w.
.......w
w.w.....
##### Running: /usr/bin/time -o time_5_cli17627_vdhankar.txt -f "%U" /usr/lib/jvm/jdk-14.0.1/bin/java homework > stulog.txt 2>&1 on cli17627 #####
##### SUCCESS: /usr/bin/time -o time_5_cli17627_vdhankar.txt -f "%U" /usr/lib/jvm/jdk-14.0.1/bin/java homework > stulog.txt 2>&1 on cli17627 #####
##### cli17627 plays [E h8 g7] in 0.32s #####
##### Running: /usr/lib/jvm/jdk-14.0.1/bin/java -jar /lab/itti/projects/checkers-competition/server/referee.jar on run_5_cli17627_vdhankar #####
Move is valid
##### SUCCESS: /usr/lib/jvm/jdk-14.0.1/bin/java -jar /lab/itti/projects/checkers-competition/server/referee.jar on run_5_cli17627_vdhankar #####
INPUT for vdhankar:
GAME
WHITE
47.6623339653015
.b...W..
......b.
...w....
........
.w......
......w.
.......w
w.w.....
##### Running: /usr/bin/time -o time_5_cli17627_vdhankar.txt -f "%U" python3 homework.py > stulog.txt 2>&1 on vdhankar #####
child exited with value 1
##### ERROR: /usr/bin/time -o time_5_cli17627_vdhankar.txt -f "%U" python3 homework.py > stulog.txt 2>&1 on vdhankar #####
##### Output of failed program (stdout + stderr): #####
Traceback (most recent call last):
  File "homework.py", line 546, in <module>
    print(end-start)
NameError: name 'end' is not defined
##### End of output of failed program #####
##### vdhankar plays [J f8 h6] in 0.317364931106567s #####
##### Running: /usr/lib/jvm/jdk-14.0.1/bin/java -jar /lab/itti/projects/checkers-competition/server/referee.jar on run_5_cli17627_vdhankar #####
Move is valid
##### SUCCESS: /usr/lib/jvm/jdk-14.0.1/bin/java -jar /lab/itti/projects/checkers-competition/server/referee.jar on run_5_cli17627_vdhankar #####
INPUT for cli17627:
GAME
BLACK
286.01
.b......
........
...w...W
........
.w......
......w.
.......w
w.w.....
##### Running: /usr/bin/time -o time_5_cli17627_vdhankar.txt -f "%U" /usr/lib/jvm/jdk-14.0.1/bin/java homework > stulog.txt 2>&1 on cli17627 #####
##### SUCCESS: /usr/bin/time -o time_5_cli17627_vdhankar.txt -f "%U" /usr/lib/jvm/jdk-14.0.1/bin/java homework > stulog.txt 2>&1 on cli17627 #####
##### cli17627 plays [E b8 c7] in 0.43s #####
##### Running: /usr/lib/jvm/jdk-14.0.1/bin/java -jar /lab/itti/projects/checkers-competition/server/referee.jar on run_5_cli17627_vdhankar #####
Move is valid
##### SUCCESS: /usr/lib/jvm/jdk-14.0.1/bin/java -jar /lab/itti/projects/checkers-competition/server/referee.jar on run_5_cli17627_vdhankar #####
INPUT for vdhankar:
GAME
WHITE
47.3449690341949
........
..b.....
...w...W
........
.w......
......w.
.......w
w.w.....
##### Running: /usr/bin/time -o time_5_cli17627_vdhankar.txt -f "%U" python3 homework.py > stulog.txt 2>&1 on vdhankar #####
child exited with value 1
##### ERROR: /usr/bin/time -o time_5_cli17627_vdhankar.txt -f "%U" python3 homework.py > stulog.txt 2>&1 on vdhankar #####
##### Output of failed program (stdout + stderr): #####
Traceback (most recent call last):
  File "homework.py", line 546, in <module>
    print(end-start)
NameError: name 'end' is not defined
##### End of output of failed program #####
##### vdhankar plays [J d6 b8] in 0.29721999168396s #####
##### Running: /usr/lib/jvm/jdk-14.0.1/bin/java -jar /lab/itti/projects/checkers-competition/server/referee.jar on run_5_cli17627_vdhankar #####
Move is valid
After this move, player BLACK cannot make any moves
*** Winner: WHITE ***
##### SUCCESS: /usr/lib/jvm/jdk-14.0.1/bin/java -jar /lab/itti/projects/checkers-competition/server/referee.jar on run_5_cli17627_vdhankar #####
##### GAME OVER: vdhankar wins the game! #####
Server said: WIN
########## ROUND 5 GAMESCORE AFTER GAME 4: cli17627=1 and vdhankar=3 ##########


########## GRAND WINNER ROUND 5 IS vdhankar BY 3 vs 1 GAMESCORE ##########
