#################### ROUND 4: tkale (B) vs vdhankar (W): game 1 ####################
##### game start! #####
INPUT for tkale:
GAME
BLACK
300
.b.b.b.b
b.b.b.b.
.b.b.b.b
........
........
w.w.w.w.
.w.w.w.w
w.w.w.w.
##### Running: /usr/bin/time -o time_4_tkale_vdhankar.txt -f "%U" python2 homework2.py > stulog.txt 2>&1 on tkale #####
##### SUCCESS: /usr/bin/time -o time_4_tkale_vdhankar.txt -f "%U" python2 homework2.py > stulog.txt 2>&1 on tkale #####
##### tkale plays [E h6 g5] in 0.73s #####
##### Running: /usr/lib/jvm/jdk-14.0.1/bin/java -jar /lab/itti/projects/checkers-competition/server/referee.jar on run_4_tkale_vdhankar #####
Move is valid
Couldn't read file 'current_ply.txt'
Couldn't read content from file 'current_ply.txt'
Couldn't read file 'lastmatchange_ply.txt'
Couldn't read content from file 'lastmatchange_ply.txt'
##### SUCCESS: /usr/lib/jvm/jdk-14.0.1/bin/java -jar /lab/itti/projects/checkers-competition/server/referee.jar on run_4_tkale_vdhankar #####
INPUT for vdhankar:
GAME
WHITE
300
.b.b.b.b
b.b.b.b.
.b.b.b..
......b.
........
w.w.w.w.
.w.w.w.w
w.w.w.w.
##### Running: /usr/bin/time -o time_4_tkale_vdhankar.txt -f "%U" python3 homework.py > stulog.txt 2>&1 on vdhankar #####
child exited with value 1
##### ERROR: /usr/bin/time -o time_4_tkale_vdhankar.txt -f "%U" python3 homework.py > stulog.txt 2>&1 on vdhankar #####
##### Output of failed program (stdout + stderr): #####
Traceback (most recent call last):
  File "homework.py", line 546, in <module>
    print(end-start)
NameError: name 'end' is not defined
##### End of output of failed program #####
##### vdhankar plays [E g3 h4] in 15.6834390163422s #####
##### Running: /usr/lib/jvm/jdk-14.0.1/bin/java -jar /lab/itti/projects/checkers-competition/server/referee.jar on run_4_tkale_vdhankar #####
Move is valid
##### SUCCESS: /usr/lib/jvm/jdk-14.0.1/bin/java -jar /lab/itti/projects/checkers-competition/server/referee.jar on run_4_tkale_vdhankar #####
INPUT for tkale:
GAME
BLACK
299.27
.b.b.b.b
b.b.b.b.
.b.b.b..
......b.
.......w
w.w.w...
.w.w.w.w
w.w.w.w.
##### Running: /usr/bin/time -o time_4_tkale_vdhankar.txt -f "%U" python2 homework2.py > stulog.txt 2>&1 on tkale #####
##### SUCCESS: /usr/bin/time -o time_4_tkale_vdhankar.txt -f "%U" python2 homework2.py > stulog.txt 2>&1 on tkale #####
##### tkale plays [E g5 f4] in 0.51s #####
##### Running: /usr/lib/jvm/jdk-14.0.1/bin/java -jar /lab/itti/projects/checkers-competition/server/referee.jar on run_4_tkale_vdhankar #####
Move is valid
##### SUCCESS: /usr/lib/jvm/jdk-14.0.1/bin/java -jar /lab/itti/projects/checkers-competition/server/referee.jar on run_4_tkale_vdhankar #####
INPUT for vdhankar:
GAME
WHITE
284.316560983658
.b.b.b.b
b.b.b.b.
.b.b.b..
........
.....b.w
w.w.w...
.w.w.w.w
w.w.w.w.
##### Running: /usr/bin/time -o time_4_tkale_vdhankar.txt -f "%U" python3 homework.py > stulog.txt 2>&1 on vdhankar #####
child exited with value 1
##### ERROR: /usr/bin/time -o time_4_tkale_vdhankar.txt -f "%U" python3 homework.py > stulog.txt 2>&1 on vdhankar #####
##### Output of failed program (stdout + stderr): #####
Traceback (most recent call last):
  File "homework.py", line 546, in <module>
    print(end-start)
NameError: name 'end' is not defined
##### End of output of failed program #####
##### vdhankar plays [J e3 g5] in 8.70171785354614s #####
##### Running: /usr/lib/jvm/jdk-14.0.1/bin/java -jar /lab/itti/projects/checkers-competition/server/referee.jar on run_4_tkale_vdhankar #####
Move is valid
##### SUCCESS: /usr/lib/jvm/jdk-14.0.1/bin/java -jar /lab/itti/projects/checkers-competition/server/referee.jar on run_4_tkale_vdhankar #####
INPUT for tkale:
GAME
BLACK
298.76
.b.b.b.b
b.b.b.b.
.b.b.b..
......w.
.......w
w.w.....
.w.w.w.w
w.w.w.w.
##### Running: /usr/bin/time -o time_4_tkale_vdhankar.txt -f "%U" python2 homework2.py > stulog.txt 2>&1 on tkale #####
##### SUCCESS: /usr/bin/time -o time_4_tkale_vdhankar.txt -f "%U" python2 homework2.py > stulog.txt 2>&1 on tkale #####
##### tkale plays [E g7 h6] in 0.84s #####
##### Running: /usr/lib/jvm/jdk-14.0.1/bin/java -jar /lab/itti/projects/checkers-competition/server/referee.jar on run_4_tkale_vdhankar #####
Move is valid
##### SUCCESS: /usr/lib/jvm/jdk-14.0.1/bin/java -jar /lab/itti/projects/checkers-competition/server/referee.jar on run_4_tkale_vdhankar #####
INPUT for vdhankar:
GAME
WHITE
275.614843130112
.b.b.b.b
b.b.b...
.b.b.b.b
......w.
.......w
w.w.....
.w.w.w.w
w.w.w.w.
##### Running: /usr/bin/time -o time_4_tkale_vdhankar.txt -f "%U" python3 homework.py > stulog.txt 2>&1 on vdhankar #####
child exited with value 1
##### ERROR: /usr/bin/time -o time_4_tkale_vdhankar.txt -f "%U" python3 homework.py > stulog.txt 2>&1 on vdhankar #####
##### Output of failed program (stdout + stderr): #####
Traceback (most recent call last):
  File "homework.py", line 546, in <module>
    print(end-start)
NameError: name 'end' is not defined
##### End of output of failed program #####
##### vdhankar plays [E f2 g3] in 5.05002903938293s #####
##### Running: /usr/lib/jvm/jdk-14.0.1/bin/java -jar /lab/itti/projects/checkers-competition/server/referee.jar on run_4_tkale_vdhankar #####
Move is valid
##### SUCCESS: /usr/lib/jvm/jdk-14.0.1/bin/java -jar /lab/itti/projects/checkers-competition/server/referee.jar on run_4_tkale_vdhankar #####
INPUT for tkale:
GAME
BLACK
297.92
.b.b.b.b
b.b.b...
.b.b.b.b
......w.
.......w
w.w...w.
.w.w...w
w.w.w.w.
##### Running: /usr/bin/time -o time_4_tkale_vdhankar.txt -f "%U" python2 homework2.py > stulog.txt 2>&1 on tkale #####
##### SUCCESS: /usr/bin/time -o time_4_tkale_vdhankar.txt -f "%U" python2 homework2.py > stulog.txt 2>&1 on tkale #####
##### tkale plays [J h6 f4] in 0.02s #####
##### Running: /usr/lib/jvm/jdk-14.0.1/bin/java -jar /lab/itti/projects/checkers-competition/server/referee.jar on run_4_tkale_vdhankar #####
Move is valid
##### SUCCESS: /usr/lib/jvm/jdk-14.0.1/bin/java -jar /lab/itti/projects/checkers-competition/server/referee.jar on run_4_tkale_vdhankar #####
INPUT for vdhankar:
GAME
WHITE
270.564814090729
.b.b.b.b
b.b.b...
.b.b.b..
........
.....b.w
w.w...w.
.w.w...w
w.w.w.w.
##### Running: /usr/bin/time -o time_4_tkale_vdhankar.txt -f "%U" python3 homework.py > stulog.txt 2>&1 on vdhankar #####
child exited with value 1
##### ERROR: /usr/bin/time -o time_4_tkale_vdhankar.txt -f "%U" python3 homework.py > stulog.txt 2>&1 on vdhankar #####
##### Output of failed program (stdout + stderr): #####
Traceback (most recent call last):
  File "homework.py", line 546, in <module>
    print(end-start)
NameError: name 'end' is not defined
##### End of output of failed program #####
##### vdhankar plays [J g3 e5 ; J e5 g7] in 7.80851888656616s #####
##### Running: /usr/lib/jvm/jdk-14.0.1/bin/java -jar /lab/itti/projects/checkers-competition/server/referee.jar on run_4_tkale_vdhankar #####
Move is valid
##### SUCCESS: /usr/lib/jvm/jdk-14.0.1/bin/java -jar /lab/itti/projects/checkers-competition/server/referee.jar on run_4_tkale_vdhankar #####
INPUT for tkale:
GAME
BLACK
297.9
.b.b.b.b
b.b.b.w.
.b.b....
........
.......w
w.w.....
.w.w...w
w.w.w.w.
##### Running: /usr/bin/time -o time_4_tkale_vdhankar.txt -f "%U" python2 homework2.py > stulog.txt 2>&1 on tkale #####
##### SUCCESS: /usr/bin/time -o time_4_tkale_vdhankar.txt -f "%U" python2 homework2.py > stulog.txt 2>&1 on tkale #####
##### tkale plays [J h8 f6] in 0.36s #####
##### Running: /usr/lib/jvm/jdk-14.0.1/bin/java -jar /lab/itti/projects/checkers-competition/server/referee.jar on run_4_tkale_vdhankar #####
Move is valid
##### SUCCESS: /usr/lib/jvm/jdk-14.0.1/bin/java -jar /lab/itti/projects/checkers-competition/server/referee.jar on run_4_tkale_vdhankar #####
INPUT for vdhankar:
GAME
WHITE
262.756295204163
.b.b.b..
b.b.b...
.b.b.b..
........
.......w
w.w.....
.w.w...w
w.w.w.w.
##### Running: /usr/bin/time -o time_4_tkale_vdhankar.txt -f "%U" python3 homework.py > stulog.txt 2>&1 on vdhankar #####
child exited with value 1
##### ERROR: /usr/bin/time -o time_4_tkale_vdhankar.txt -f "%U" python3 homework.py > stulog.txt 2>&1 on vdhankar #####
##### Output of failed program (stdout + stderr): #####
Traceback (most recent call last):
  File "homework.py", line 546, in <module>
    print(end-start)
NameError: name 'end' is not defined
##### End of output of failed program #####
##### vdhankar plays [E g1 f2] in 49.3040800094604s #####
##### Running: /usr/lib/jvm/jdk-14.0.1/bin/java -jar /lab/itti/projects/checkers-competition/server/referee.jar on run_4_tkale_vdhankar #####
Move is valid
##### SUCCESS: /usr/lib/jvm/jdk-14.0.1/bin/java -jar /lab/itti/projects/checkers-competition/server/referee.jar on run_4_tkale_vdhankar #####
INPUT for tkale:
GAME
BLACK
297.54
.b.b.b..
b.b.b...
.b.b.b..
........
.......w
w.w.....
.w.w.w.w
w.w.w...
##### Running: /usr/bin/time -o time_4_tkale_vdhankar.txt -f "%U" python2 homework2.py > stulog.txt 2>&1 on tkale #####
##### SUCCESS: /usr/bin/time -o time_4_tkale_vdhankar.txt -f "%U" python2 homework2.py > stulog.txt 2>&1 on tkale #####
##### tkale plays [E f6 g5] in 0.79s #####
##### Running: /usr/lib/jvm/jdk-14.0.1/bin/java -jar /lab/itti/projects/checkers-competition/server/referee.jar on run_4_tkale_vdhankar #####
Move is valid
##### SUCCESS: /usr/lib/jvm/jdk-14.0.1/bin/java -jar /lab/itti/projects/checkers-competition/server/referee.jar on run_4_tkale_vdhankar #####
INPUT for vdhankar:
GAME
WHITE
213.452215194702
.b.b.b..
b.b.b...
.b.b....
......b.
.......w
w.w.....
.w.w.w.w
w.w.w...
##### Running: /usr/bin/time -o time_4_tkale_vdhankar.txt -f "%U" python3 homework.py > stulog.txt 2>&1 on vdhankar #####
child exited with value 1
##### ERROR: /usr/bin/time -o time_4_tkale_vdhankar.txt -f "%U" python3 homework.py > stulog.txt 2>&1 on vdhankar #####
##### Output of failed program (stdout + stderr): #####
Traceback (most recent call last):
  File "homework.py", line 546, in <module>
    print(end-start)
NameError: name 'end' is not defined
##### End of output of failed program #####
##### vdhankar plays [J h4 f6] in 6.4128270149231s #####
##### Running: /usr/lib/jvm/jdk-14.0.1/bin/java -jar /lab/itti/projects/checkers-competition/server/referee.jar on run_4_tkale_vdhankar #####
Move is valid
##### SUCCESS: /usr/lib/jvm/jdk-14.0.1/bin/java -jar /lab/itti/projects/checkers-competition/server/referee.jar on run_4_tkale_vdhankar #####
INPUT for tkale:
GAME
BLACK
296.75
.b.b.b..
b.b.b...
.b.b.w..
........
........
w.w.....
.w.w.w.w
w.w.w...
##### Running: /usr/bin/time -o time_4_tkale_vdhankar.txt -f "%U" python2 homework2.py > stulog.txt 2>&1 on tkale #####
##### SUCCESS: /usr/bin/time -o time_4_tkale_vdhankar.txt -f "%U" python2 homework2.py > stulog.txt 2>&1 on tkale #####
##### tkale plays [J e7 g5] in 0.02s #####
##### Running: /usr/lib/jvm/jdk-14.0.1/bin/java -jar /lab/itti/projects/checkers-competition/server/referee.jar on run_4_tkale_vdhankar #####
Move is valid
##### SUCCESS: /usr/lib/jvm/jdk-14.0.1/bin/java -jar /lab/itti/projects/checkers-competition/server/referee.jar on run_4_tkale_vdhankar #####
INPUT for vdhankar:
GAME
WHITE
207.039388179779
.b.b.b..
b.b.....
.b.b....
......b.
........
w.w.....
.w.w.w.w
w.w.w...
##### Running: /usr/bin/time -o time_4_tkale_vdhankar.txt -f "%U" python3 homework.py > stulog.txt 2>&1 on vdhankar #####
child exited with value 1
##### ERROR: /usr/bin/time -o time_4_tkale_vdhankar.txt -f "%U" python3 homework.py > stulog.txt 2>&1 on vdhankar #####
##### Output of failed program (stdout + stderr): #####
Traceback (most recent call last):
  File "homework.py", line 546, in <module>
    print(end-start)
NameError: name 'end' is not defined
##### End of output of failed program #####
##### vdhankar plays [E h2 g3] in 69.8122041225433s #####
##### Running: /usr/lib/jvm/jdk-14.0.1/bin/java -jar /lab/itti/projects/checkers-competition/server/referee.jar on run_4_tkale_vdhankar #####
Move is valid
##### SUCCESS: /usr/lib/jvm/jdk-14.0.1/bin/java -jar /lab/itti/projects/checkers-competition/server/referee.jar on run_4_tkale_vdhankar #####
INPUT for tkale:
GAME
BLACK
296.73
.b.b.b..
b.b.....
.b.b....
......b.
........
w.w...w.
.w.w.w..
w.w.w...
##### Running: /usr/bin/time -o time_4_tkale_vdhankar.txt -f "%U" python2 homework2.py > stulog.txt 2>&1 on tkale #####
##### SUCCESS: /usr/bin/time -o time_4_tkale_vdhankar.txt -f "%U" python2 homework2.py > stulog.txt 2>&1 on tkale #####
##### tkale plays [E g5 h4] in 1.7s #####
##### Running: /usr/lib/jvm/jdk-14.0.1/bin/java -jar /lab/itti/projects/checkers-competition/server/referee.jar on run_4_tkale_vdhankar #####
Move is valid
##### SUCCESS: /usr/lib/jvm/jdk-14.0.1/bin/java -jar /lab/itti/projects/checkers-competition/server/referee.jar on run_4_tkale_vdhankar #####
INPUT for vdhankar:
GAME
WHITE
137.227184057236
.b.b.b..
b.b.....
.b.b....
........
.......b
w.w...w.
.w.w.w..
w.w.w...
##### Running: /usr/bin/time -o time_4_tkale_vdhankar.txt -f "%U" python3 homework.py > stulog.txt 2>&1 on vdhankar #####
child exited with value 1
##### ERROR: /usr/bin/time -o time_4_tkale_vdhankar.txt -f "%U" python3 homework.py > stulog.txt 2>&1 on vdhankar #####
##### Output of failed program (stdout + stderr): #####
Traceback (most recent call last):
  File "homework.py", line 546, in <module>
    print(end-start)
NameError: name 'end' is not defined
##### End of output of failed program #####
##### vdhankar plays [E d2 e3] in 24.1171629428864s #####
##### Running: /usr/lib/jvm/jdk-14.0.1/bin/java -jar /lab/itti/projects/checkers-competition/server/referee.jar on run_4_tkale_vdhankar #####
Move is valid
##### SUCCESS: /usr/lib/jvm/jdk-14.0.1/bin/java -jar /lab/itti/projects/checkers-competition/server/referee.jar on run_4_tkale_vdhankar #####
INPUT for tkale:
GAME
BLACK
295.03
.b.b.b..
b.b.....
.b.b....
........
.......b
w.w.w.w.
.w...w..
w.w.w...
##### Running: /usr/bin/time -o time_4_tkale_vdhankar.txt -f "%U" python2 homework2.py > stulog.txt 2>&1 on tkale #####
##### SUCCESS: /usr/bin/time -o time_4_tkale_vdhankar.txt -f "%U" python2 homework2.py > stulog.txt 2>&1 on tkale #####
##### tkale plays [E d6 e5] in 0.81s #####
##### Running: /usr/lib/jvm/jdk-14.0.1/bin/java -jar /lab/itti/projects/checkers-competition/server/referee.jar on run_4_tkale_vdhankar #####
Move is valid
##### SUCCESS: /usr/lib/jvm/jdk-14.0.1/bin/java -jar /lab/itti/projects/checkers-competition/server/referee.jar on run_4_tkale_vdhankar #####
INPUT for vdhankar:
GAME
WHITE
113.110021114349
.b.b.b..
b.b.....
.b......
....b...
.......b
w.w.w.w.
.w...w..
w.w.w...
##### Running: /usr/bin/time -o time_4_tkale_vdhankar.txt -f "%U" python3 homework.py > stulog.txt 2>&1 on vdhankar #####
child exited with value 1
##### ERROR: /usr/bin/time -o time_4_tkale_vdhankar.txt -f "%U" python3 homework.py > stulog.txt 2>&1 on vdhankar #####
##### Output of failed program (stdout + stderr): #####
Traceback (most recent call last):
  File "homework.py", line 546, in <module>
    print(end-start)
NameError: name 'end' is not defined
##### End of output of failed program #####
##### vdhankar plays [E c3 d4] in 8.70815110206604s #####
##### Running: /usr/lib/jvm/jdk-14.0.1/bin/java -jar /lab/itti/projects/checkers-competition/server/referee.jar on run_4_tkale_vdhankar #####
Move is valid
##### SUCCESS: /usr/lib/jvm/jdk-14.0.1/bin/java -jar /lab/itti/projects/checkers-competition/server/referee.jar on run_4_tkale_vdhankar #####
INPUT for tkale:
GAME
BLACK
294.22
.b.b.b..
b.b.....
.b......
....b...
...w...b
w...w.w.
.w...w..
w.w.w...
##### Running: /usr/bin/time -o time_4_tkale_vdhankar.txt -f "%U" python2 homework2.py > stulog.txt 2>&1 on tkale #####
##### SUCCESS: /usr/bin/time -o time_4_tkale_vdhankar.txt -f "%U" python2 homework2.py > stulog.txt 2>&1 on tkale #####
##### tkale plays [J e5 c3] in 0.02s #####
##### Running: /usr/lib/jvm/jdk-14.0.1/bin/java -jar /lab/itti/projects/checkers-competition/server/referee.jar on run_4_tkale_vdhankar #####
Move is valid
##### SUCCESS: /usr/lib/jvm/jdk-14.0.1/bin/java -jar /lab/itti/projects/checkers-competition/server/referee.jar on run_4_tkale_vdhankar #####
INPUT for vdhankar:
GAME
WHITE
104.401870012283
.b.b.b..
b.b.....
.b......
........
.......b
w.b.w.w.
.w...w..
w.w.w...
##### Running: /usr/bin/time -o time_4_tkale_vdhankar.txt -f "%U" python3 homework.py > stulog.txt 2>&1 on vdhankar #####
child exited with value 1
##### ERROR: /usr/bin/time -o time_4_tkale_vdhankar.txt -f "%U" python3 homework.py > stulog.txt 2>&1 on vdhankar #####
##### Output of failed program (stdout + stderr): #####
Traceback (most recent call last):
  File "homework.py", line 546, in <module>
    print(end-start)
NameError: name 'end' is not defined
##### End of output of failed program #####
##### vdhankar plays [J b2 d4] in 5.7185389995575s #####
##### Running: /usr/lib/jvm/jdk-14.0.1/bin/java -jar /lab/itti/projects/checkers-competition/server/referee.jar on run_4_tkale_vdhankar #####
Move is valid
##### SUCCESS: /usr/lib/jvm/jdk-14.0.1/bin/java -jar /lab/itti/projects/checkers-competition/server/referee.jar on run_4_tkale_vdhankar #####
INPUT for tkale:
GAME
BLACK
294.2
.b.b.b..
b.b.....
.b......
........
...w...b
w...w.w.
.....w..
w.w.w...
##### Running: /usr/bin/time -o time_4_tkale_vdhankar.txt -f "%U" python2 homework2.py > stulog.txt 2>&1 on tkale #####
##### SUCCESS: /usr/bin/time -o time_4_tkale_vdhankar.txt -f "%U" python2 homework2.py > stulog.txt 2>&1 on tkale #####
##### tkale plays [E b6 c5] in 1.12s #####
##### Running: /usr/lib/jvm/jdk-14.0.1/bin/java -jar /lab/itti/projects/checkers-competition/server/referee.jar on run_4_tkale_vdhankar #####
Move is valid
##### SUCCESS: /usr/lib/jvm/jdk-14.0.1/bin/java -jar /lab/itti/projects/checkers-competition/server/referee.jar on run_4_tkale_vdhankar #####
INPUT for vdhankar:
GAME
WHITE
98.6833310127258
.b.b.b..
b.b.....
........
..b.....
...w...b
w...w.w.
.....w..
w.w.w...
##### Running: /usr/bin/time -o time_4_tkale_vdhankar.txt -f "%U" python3 homework.py > stulog.txt 2>&1 on vdhankar #####
child exited with value 1
##### ERROR: /usr/bin/time -o time_4_tkale_vdhankar.txt -f "%U" python3 homework.py > stulog.txt 2>&1 on vdhankar #####
##### Output of failed program (stdout + stderr): #####
Traceback (most recent call last):
  File "homework.py", line 546, in <module>
    print(end-start)
NameError: name 'end' is not defined
##### End of output of failed program #####
##### vdhankar plays [J d4 b6] in 3.31127786636353s #####
##### Running: /usr/lib/jvm/jdk-14.0.1/bin/java -jar /lab/itti/projects/checkers-competition/server/referee.jar on run_4_tkale_vdhankar #####
Move is valid
##### SUCCESS: /usr/lib/jvm/jdk-14.0.1/bin/java -jar /lab/itti/projects/checkers-competition/server/referee.jar on run_4_tkale_vdhankar #####
INPUT for tkale:
GAME
BLACK
293.08
.b.b.b..
b.b.....
.w......
........
.......b
w...w.w.
.....w..
w.w.w...
##### Running: /usr/bin/time -o time_4_tkale_vdhankar.txt -f "%U" python2 homework2.py > stulog.txt 2>&1 on tkale #####
##### SUCCESS: /usr/bin/time -o time_4_tkale_vdhankar.txt -f "%U" python2 homework2.py > stulog.txt 2>&1 on tkale #####
##### tkale plays [J a7 c5] in 0.3s #####
##### Running: /usr/lib/jvm/jdk-14.0.1/bin/java -jar /lab/itti/projects/checkers-competition/server/referee.jar on run_4_tkale_vdhankar #####
Move is valid
##### SUCCESS: /usr/lib/jvm/jdk-14.0.1/bin/java -jar /lab/itti/projects/checkers-competition/server/referee.jar on run_4_tkale_vdhankar #####
INPUT for vdhankar:
GAME
WHITE
95.3720531463623
.b.b.b..
..b.....
........
..b.....
.......b
w...w.w.
.....w..
w.w.w...
##### Running: /usr/bin/time -o time_4_tkale_vdhankar.txt -f "%U" python3 homework.py > stulog.txt 2>&1 on vdhankar #####
child exited with value 1
##### ERROR: /usr/bin/time -o time_4_tkale_vdhankar.txt -f "%U" python3 homework.py > stulog.txt 2>&1 on vdhankar #####
##### Output of failed program (stdout + stderr): #####
Traceback (most recent call last):
  File "homework.py", line 546, in <module>
    print(end-start)
NameError: name 'end' is not defined
##### End of output of failed program #####
##### vdhankar plays [E e1 d2] in 31.4736430644989s #####
##### Running: /usr/lib/jvm/jdk-14.0.1/bin/java -jar /lab/itti/projects/checkers-competition/server/referee.jar on run_4_tkale_vdhankar #####
Move is valid
##### SUCCESS: /usr/lib/jvm/jdk-14.0.1/bin/java -jar /lab/itti/projects/checkers-competition/server/referee.jar on run_4_tkale_vdhankar #####
INPUT for tkale:
GAME
BLACK
292.78
.b.b.b..
..b.....
........
..b.....
.......b
w...w.w.
...w.w..
w.w.....
##### Running: /usr/bin/time -o time_4_tkale_vdhankar.txt -f "%U" python2 homework2.py > stulog.txt 2>&1 on tkale #####
##### SUCCESS: /usr/bin/time -o time_4_tkale_vdhankar.txt -f "%U" python2 homework2.py > stulog.txt 2>&1 on tkale #####
##### tkale plays [E c5 d4] in 1.3s #####
##### Running: /usr/lib/jvm/jdk-14.0.1/bin/java -jar /lab/itti/projects/checkers-competition/server/referee.jar on run_4_tkale_vdhankar #####
Move is valid
##### SUCCESS: /usr/lib/jvm/jdk-14.0.1/bin/java -jar /lab/itti/projects/checkers-competition/server/referee.jar on run_4_tkale_vdhankar #####
INPUT for vdhankar:
GAME
WHITE
63.8984100818634
.b.b.b..
..b.....
........
........
...b...b
w...w.w.
...w.w..
w.w.....
##### Running: /usr/bin/time -o time_4_tkale_vdhankar.txt -f "%U" python3 homework.py > stulog.txt 2>&1 on vdhankar #####
child exited with value 1
##### ERROR: /usr/bin/time -o time_4_tkale_vdhankar.txt -f "%U" python3 homework.py > stulog.txt 2>&1 on vdhankar #####
##### Output of failed program (stdout + stderr): #####
Traceback (most recent call last):
  File "homework.py", line 546, in <module>
    print(end-start)
NameError: name 'end' is not defined
##### End of output of failed program #####
##### vdhankar plays [J e3 c5] in 5.29530811309814s #####
##### Running: /usr/lib/jvm/jdk-14.0.1/bin/java -jar /lab/itti/projects/checkers-competition/server/referee.jar on run_4_tkale_vdhankar #####
Move is valid
##### SUCCESS: /usr/lib/jvm/jdk-14.0.1/bin/java -jar /lab/itti/projects/checkers-competition/server/referee.jar on run_4_tkale_vdhankar #####
INPUT for tkale:
GAME
BLACK
291.48
.b.b.b..
..b.....
........
..w.....
.......b
w.....w.
...w.w..
w.w.....
##### Running: /usr/bin/time -o time_4_tkale_vdhankar.txt -f "%U" python2 homework2.py > stulog.txt 2>&1 on tkale #####
##### SUCCESS: /usr/bin/time -o time_4_tkale_vdhankar.txt -f "%U" python2 homework2.py > stulog.txt 2>&1 on tkale #####
##### tkale plays [E c7 d6] in 0.98s #####
##### Running: /usr/lib/jvm/jdk-14.0.1/bin/java -jar /lab/itti/projects/checkers-competition/server/referee.jar on run_4_tkale_vdhankar #####
Move is valid
##### SUCCESS: /usr/lib/jvm/jdk-14.0.1/bin/java -jar /lab/itti/projects/checkers-competition/server/referee.jar on run_4_tkale_vdhankar #####
INPUT for vdhankar:
GAME
WHITE
58.6031019687653
.b.b.b..
........
...b....
..w.....
.......b
w.....w.
...w.w..
w.w.....
##### Running: /usr/bin/time -o time_4_tkale_vdhankar.txt -f "%U" python3 homework.py > stulog.txt 2>&1 on vdhankar #####
child exited with value 1
##### ERROR: /usr/bin/time -o time_4_tkale_vdhankar.txt -f "%U" python3 homework.py > stulog.txt 2>&1 on vdhankar #####
##### Output of failed program (stdout + stderr): #####
Traceback (most recent call last):
  File "homework.py", line 546, in <module>
    print(end-start)
NameError: name 'end' is not defined
##### End of output of failed program #####
##### vdhankar plays [J c5 e7] in 3.08113789558411s #####
##### Running: /usr/lib/jvm/jdk-14.0.1/bin/java -jar /lab/itti/projects/checkers-competition/server/referee.jar on run_4_tkale_vdhankar #####
Move is valid
##### SUCCESS: /usr/lib/jvm/jdk-14.0.1/bin/java -jar /lab/itti/projects/checkers-competition/server/referee.jar on run_4_tkale_vdhankar #####
INPUT for tkale:
GAME
BLACK
290.5
.b.b.b..
....w...
........
........
.......b
w.....w.
...w.w..
w.w.....
##### Running: /usr/bin/time -o time_4_tkale_vdhankar.txt -f "%U" python2 homework2.py > stulog.txt 2>&1 on tkale #####
##### SUCCESS: /usr/bin/time -o time_4_tkale_vdhankar.txt -f "%U" python2 homework2.py > stulog.txt 2>&1 on tkale #####
##### tkale plays [J d8 f6] in 0.21s #####
##### Running: /usr/lib/jvm/jdk-14.0.1/bin/java -jar /lab/itti/projects/checkers-competition/server/referee.jar on run_4_tkale_vdhankar #####
Move is valid
##### SUCCESS: /usr/lib/jvm/jdk-14.0.1/bin/java -jar /lab/itti/projects/checkers-competition/server/referee.jar on run_4_tkale_vdhankar #####
INPUT for vdhankar:
GAME
WHITE
55.5219640731812
.b...b..
........
.....b..
........
.......b
w.....w.
...w.w..
w.w.....
##### Running: /usr/bin/time -o time_4_tkale_vdhankar.txt -f "%U" python3 homework.py > stulog.txt 2>&1 on vdhankar #####
child exited with value 1
##### ERROR: /usr/bin/time -o time_4_tkale_vdhankar.txt -f "%U" python3 homework.py > stulog.txt 2>&1 on vdhankar #####
##### Output of failed program (stdout + stderr): #####
Traceback (most recent call last):
  File "homework.py", line 546, in <module>
    print(end-start)
NameError: name 'end' is not defined
##### End of output of failed program #####
##### vdhankar plays [E d2 e3] in 12.8991589546204s #####
##### Running: /usr/lib/jvm/jdk-14.0.1/bin/java -jar /lab/itti/projects/checkers-competition/server/referee.jar on run_4_tkale_vdhankar #####
Move is valid
##### SUCCESS: /usr/lib/jvm/jdk-14.0.1/bin/java -jar /lab/itti/projects/checkers-competition/server/referee.jar on run_4_tkale_vdhankar #####
INPUT for tkale:
GAME
BLACK
290.29
.b...b..
........
.....b..
........
.......b
w...w.w.
.....w..
w.w.....
##### Running: /usr/bin/time -o time_4_tkale_vdhankar.txt -f "%U" python2 homework2.py > stulog.txt 2>&1 on tkale #####
##### SUCCESS: /usr/bin/time -o time_4_tkale_vdhankar.txt -f "%U" python2 homework2.py > stulog.txt 2>&1 on tkale #####
##### tkale plays [E f6 g5] in 0.5s #####
##### Running: /usr/lib/jvm/jdk-14.0.1/bin/java -jar /lab/itti/projects/checkers-competition/server/referee.jar on run_4_tkale_vdhankar #####
Move is valid
##### SUCCESS: /usr/lib/jvm/jdk-14.0.1/bin/java -jar /lab/itti/projects/checkers-competition/server/referee.jar on run_4_tkale_vdhankar #####
INPUT for vdhankar:
GAME
WHITE
42.6228051185608
.b...b..
........
........
......b.
.......b
w...w.w.
.....w..
w.w.....
##### Running: /usr/bin/time -o time_4_tkale_vdhankar.txt -f "%U" python3 homework.py > stulog.txt 2>&1 on vdhankar #####
child exited with value 1
##### ERROR: /usr/bin/time -o time_4_tkale_vdhankar.txt -f "%U" python3 homework.py > stulog.txt 2>&1 on vdhankar #####
##### Output of failed program (stdout + stderr): #####
Traceback (most recent call last):
  File "homework.py", line 546, in <module>
    print(end-start)
NameError: name 'end' is not defined
##### End of output of failed program #####
##### vdhankar plays [E g3 f4] in 1.77903485298157s #####
##### Running: /usr/lib/jvm/jdk-14.0.1/bin/java -jar /lab/itti/projects/checkers-competition/server/referee.jar on run_4_tkale_vdhankar #####
Move is valid
##### SUCCESS: /usr/lib/jvm/jdk-14.0.1/bin/java -jar /lab/itti/projects/checkers-competition/server/referee.jar on run_4_tkale_vdhankar #####
INPUT for tkale:
GAME
BLACK
289.79
.b...b..
........
........
......b.
.....w.b
w...w...
.....w..
w.w.....
##### Running: /usr/bin/time -o time_4_tkale_vdhankar.txt -f "%U" python2 homework2.py > stulog.txt 2>&1 on tkale #####
##### SUCCESS: /usr/bin/time -o time_4_tkale_vdhankar.txt -f "%U" python2 homework2.py > stulog.txt 2>&1 on tkale #####
##### tkale plays [E h4 g3] in 0.17s #####
##### Running: /usr/lib/jvm/jdk-14.0.1/bin/java -jar /lab/itti/projects/checkers-competition/server/referee.jar on run_4_tkale_vdhankar #####
Move is valid
##### SUCCESS: /usr/lib/jvm/jdk-14.0.1/bin/java -jar /lab/itti/projects/checkers-competition/server/referee.jar on run_4_tkale_vdhankar #####
INPUT for vdhankar:
GAME
WHITE
40.8437702655792
.b...b..
........
........
......b.
.....w..
w...w.b.
.....w..
w.w.....
##### Running: /usr/bin/time -o time_4_tkale_vdhankar.txt -f "%U" python3 homework.py > stulog.txt 2>&1 on vdhankar #####
child exited with value 1
##### ERROR: /usr/bin/time -o time_4_tkale_vdhankar.txt -f "%U" python3 homework.py > stulog.txt 2>&1 on vdhankar #####
##### Output of failed program (stdout + stderr): #####
Traceback (most recent call last):
  File "homework.py", line 546, in <module>
    print(end-start)
NameError: name 'end' is not defined
##### End of output of failed program #####
##### vdhankar plays [J f2 h4 ; J h4 f6] in 1.01991391181946s #####
##### Running: /usr/lib/jvm/jdk-14.0.1/bin/java -jar /lab/itti/projects/checkers-competition/server/referee.jar on run_4_tkale_vdhankar #####
Move is valid
##### SUCCESS: /usr/lib/jvm/jdk-14.0.1/bin/java -jar /lab/itti/projects/checkers-competition/server/referee.jar on run_4_tkale_vdhankar #####
INPUT for tkale:
GAME
BLACK
289.62
.b...b..
........
.....w..
........
.....w..
w...w...
........
w.w.....
##### Running: /usr/bin/time -o time_4_tkale_vdhankar.txt -f "%U" python2 homework2.py > stulog.txt 2>&1 on tkale #####
##### SUCCESS: /usr/bin/time -o time_4_tkale_vdhankar.txt -f "%U" python2 homework2.py > stulog.txt 2>&1 on tkale #####
##### tkale plays [E f8 g7] in 0.37s #####
##### Running: /usr/lib/jvm/jdk-14.0.1/bin/java -jar /lab/itti/projects/checkers-competition/server/referee.jar on run_4_tkale_vdhankar #####
Move is valid
##### SUCCESS: /usr/lib/jvm/jdk-14.0.1/bin/java -jar /lab/itti/projects/checkers-competition/server/referee.jar on run_4_tkale_vdhankar #####
INPUT for vdhankar:
GAME
WHITE
39.8238563537598
.b......
......b.
.....w..
........
.....w..
w...w...
........
w.w.....
##### Running: /usr/bin/time -o time_4_tkale_vdhankar.txt -f "%U" python3 homework.py > stulog.txt 2>&1 on vdhankar #####
child exited with value 1
##### ERROR: /usr/bin/time -o time_4_tkale_vdhankar.txt -f "%U" python3 homework.py > stulog.txt 2>&1 on vdhankar #####
##### Output of failed program (stdout + stderr): #####
Traceback (most recent call last):
  File "homework.py", line 546, in <module>
    print(end-start)
NameError: name 'end' is not defined
##### End of output of failed program #####
##### vdhankar plays [J f6 h8] in 0.606162786483765s #####
##### Running: /usr/lib/jvm/jdk-14.0.1/bin/java -jar /lab/itti/projects/checkers-competition/server/referee.jar on run_4_tkale_vdhankar #####
Move is valid
##### SUCCESS: /usr/lib/jvm/jdk-14.0.1/bin/java -jar /lab/itti/projects/checkers-competition/server/referee.jar on run_4_tkale_vdhankar #####
INPUT for tkale:
GAME
BLACK
289.25
.b.....W
........
........
........
.....w..
w...w...
........
w.w.....
##### Running: /usr/bin/time -o time_4_tkale_vdhankar.txt -f "%U" python2 homework2.py > stulog.txt 2>&1 on tkale #####
##### SUCCESS: /usr/bin/time -o time_4_tkale_vdhankar.txt -f "%U" python2 homework2.py > stulog.txt 2>&1 on tkale #####
##### tkale plays [E b8 c7] in 0.25s #####
##### Running: /usr/lib/jvm/jdk-14.0.1/bin/java -jar /lab/itti/projects/checkers-competition/server/referee.jar on run_4_tkale_vdhankar #####
Move is valid
##### SUCCESS: /usr/lib/jvm/jdk-14.0.1/bin/java -jar /lab/itti/projects/checkers-competition/server/referee.jar on run_4_tkale_vdhankar #####
INPUT for vdhankar:
GAME
WHITE
39.217693567276
.......W
..b.....
........
........
.....w..
w...w...
........
w.w.....
##### Running: /usr/bin/time -o time_4_tkale_vdhankar.txt -f "%U" python3 homework.py > stulog.txt 2>&1 on vdhankar #####
child exited with value 1
##### ERROR: /usr/bin/time -o time_4_tkale_vdhankar.txt -f "%U" python3 homework.py > stulog.txt 2>&1 on vdhankar #####
##### Output of failed program (stdout + stderr): #####
Traceback (most recent call last):
  File "homework.py", line 546, in <module>
    print(end-start)
NameError: name 'end' is not defined
##### End of output of failed program #####
##### vdhankar plays [E h8 g7] in 0.396318197250366s #####
##### Running: /usr/lib/jvm/jdk-14.0.1/bin/java -jar /lab/itti/projects/checkers-competition/server/referee.jar on run_4_tkale_vdhankar #####
Move is valid
##### SUCCESS: /usr/lib/jvm/jdk-14.0.1/bin/java -jar /lab/itti/projects/checkers-competition/server/referee.jar on run_4_tkale_vdhankar #####
INPUT for tkale:
GAME
BLACK
289
........
..b...W.
........
........
.....w..
w...w...
........
w.w.....
##### Running: /usr/bin/time -o time_4_tkale_vdhankar.txt -f "%U" python2 homework2.py > stulog.txt 2>&1 on tkale #####
##### SUCCESS: /usr/bin/time -o time_4_tkale_vdhankar.txt -f "%U" python2 homework2.py > stulog.txt 2>&1 on tkale #####
##### tkale plays [E c7 b6] in 0.15s #####
##### Running: /usr/lib/jvm/jdk-14.0.1/bin/java -jar /lab/itti/projects/checkers-competition/server/referee.jar on run_4_tkale_vdhankar #####
Move is valid
##### SUCCESS: /usr/lib/jvm/jdk-14.0.1/bin/java -jar /lab/itti/projects/checkers-competition/server/referee.jar on run_4_tkale_vdhankar #####
INPUT for vdhankar:
GAME
WHITE
38.8213753700256
........
......W.
.b......
........
.....w..
w...w...
........
w.w.....
##### Running: /usr/bin/time -o time_4_tkale_vdhankar.txt -f "%U" python3 homework.py > stulog.txt 2>&1 on vdhankar #####
child exited with value 1
##### ERROR: /usr/bin/time -o time_4_tkale_vdhankar.txt -f "%U" python3 homework.py > stulog.txt 2>&1 on vdhankar #####
##### Output of failed program (stdout + stderr): #####
Traceback (most recent call last):
  File "homework.py", line 546, in <module>
    print(end-start)
NameError: name 'end' is not defined
##### End of output of failed program #####
##### vdhankar plays [E g7 f8] in 0.320111989974976s #####
##### Running: /usr/lib/jvm/jdk-14.0.1/bin/java -jar /lab/itti/projects/checkers-competition/server/referee.jar on run_4_tkale_vdhankar #####
Move is valid
##### SUCCESS: /usr/lib/jvm/jdk-14.0.1/bin/java -jar /lab/itti/projects/checkers-competition/server/referee.jar on run_4_tkale_vdhankar #####
INPUT for tkale:
GAME
BLACK
288.85
.....W..
........
.b......
........
.....w..
w...w...
........
w.w.....
##### Running: /usr/bin/time -o time_4_tkale_vdhankar.txt -f "%U" python2 homework2.py > stulog.txt 2>&1 on tkale #####
child exited with value 1
##### ERROR: /usr/bin/time -o time_4_tkale_vdhankar.txt -f "%U" python2 homework2.py > stulog.txt 2>&1 on tkale #####
##### Output of failed program (stdout + stderr): #####
Traceback (most recent call last):
  File "homework2.py", line 509, in <module>
    final_move = playGame(matrix,color)
  File "homework2.py", line 451, in playGame
    same_value_moves.append(move)
UnboundLocalError: local variable 'same_value_moves' referenced before assignment
##### End of output of failed program #####
##### tkale plays [] in 0.0471491813659668s #####
##### Running: /usr/lib/jvm/jdk-14.0.1/bin/java -jar /lab/itti/projects/checkers-competition/server/referee.jar on run_4_tkale_vdhankar #####
Move is not valid
##### SUCCESS: /usr/lib/jvm/jdk-14.0.1/bin/java -jar /lab/itti/projects/checkers-competition/server/referee.jar on run_4_tkale_vdhankar #####
##### GAME OVER: tkale loses because of illegal move [] #####
Server said: FAIL
########## ROUND 4 GAMESCORE AFTER GAME 1: tkale=0 and vdhankar=1 ##########
#################### ROUND 4: tkale (W) vs vdhankar (B): game 2 ####################
##### game start! #####
INPUT for vdhankar:
GAME
BLACK
300
.b.b.b.b
b.b.b.b.
.b.b.b.b
........
........
w.w.w.w.
.w.w.w.w
w.w.w.w.
##### Running: /usr/bin/time -o time_4_tkale_vdhankar.txt -f "%U" python3 homework.py > stulog.txt 2>&1 on vdhankar #####
child exited with value 1
##### ERROR: /usr/bin/time -o time_4_tkale_vdhankar.txt -f "%U" python3 homework.py > stulog.txt 2>&1 on vdhankar #####
##### Output of failed program (stdout + stderr): #####
Traceback (most recent call last):
  File "homework.py", line 546, in <module>
    print(end-start)
NameError: name 'end' is not defined
##### End of output of failed program #####
##### vdhankar plays [E h6 g5] in 11.4499709606171s #####
##### Running: /usr/lib/jvm/jdk-14.0.1/bin/java -jar /lab/itti/projects/checkers-competition/server/referee.jar on run_4_tkale_vdhankar #####
Move is valid
Couldn't read file 'current_ply.txt'
Couldn't read content from file 'current_ply.txt'
Couldn't read file 'lastmatchange_ply.txt'
Couldn't read content from file 'lastmatchange_ply.txt'
##### SUCCESS: /usr/lib/jvm/jdk-14.0.1/bin/java -jar /lab/itti/projects/checkers-competition/server/referee.jar on run_4_tkale_vdhankar #####
INPUT for tkale:
GAME
WHITE
300
.b.b.b.b
b.b.b.b.
.b.b.b..
......b.
........
w.w.w.w.
.w.w.w.w
w.w.w.w.
##### Running: /usr/bin/time -o time_4_tkale_vdhankar.txt -f "%U" python2 homework2.py > stulog.txt 2>&1 on tkale #####
##### SUCCESS: /usr/bin/time -o time_4_tkale_vdhankar.txt -f "%U" python2 homework2.py > stulog.txt 2>&1 on tkale #####
##### tkale plays [E g3 f4] in 0.85s #####
##### Running: /usr/lib/jvm/jdk-14.0.1/bin/java -jar /lab/itti/projects/checkers-competition/server/referee.jar on run_4_tkale_vdhankar #####
Move is valid
##### SUCCESS: /usr/lib/jvm/jdk-14.0.1/bin/java -jar /lab/itti/projects/checkers-competition/server/referee.jar on run_4_tkale_vdhankar #####
INPUT for vdhankar:
GAME
BLACK
288.550029039383
.b.b.b.b
b.b.b.b.
.b.b.b..
......b.
.....w..
w.w.w...
.w.w.w.w
w.w.w.w.
##### Running: /usr/bin/time -o time_4_tkale_vdhankar.txt -f "%U" python3 homework.py > stulog.txt 2>&1 on vdhankar #####
child exited with value 1
##### ERROR: /usr/bin/time -o time_4_tkale_vdhankar.txt -f "%U" python3 homework.py > stulog.txt 2>&1 on vdhankar #####
##### Output of failed program (stdout + stderr): #####
Traceback (most recent call last):
  File "homework.py", line 546, in <module>
    print(end-start)
NameError: name 'end' is not defined
##### End of output of failed program #####
##### vdhankar plays [E g5 h4] in 8.81221795082092s #####
##### Running: /usr/lib/jvm/jdk-14.0.1/bin/java -jar /lab/itti/projects/checkers-competition/server/referee.jar on run_4_tkale_vdhankar #####
Move is valid
##### SUCCESS: /usr/lib/jvm/jdk-14.0.1/bin/java -jar /lab/itti/projects/checkers-competition/server/referee.jar on run_4_tkale_vdhankar #####
INPUT for tkale:
GAME
WHITE
299.15
.b.b.b.b
b.b.b.b.
.b.b.b..
........
.....w.b
w.w.w...
.w.w.w.w
w.w.w.w.
##### Running: /usr/bin/time -o time_4_tkale_vdhankar.txt -f "%U" python2 homework2.py > stulog.txt 2>&1 on tkale #####
##### SUCCESS: /usr/bin/time -o time_4_tkale_vdhankar.txt -f "%U" python2 homework2.py > stulog.txt 2>&1 on tkale #####
##### tkale plays [E f4 g5] in 0.91s #####
##### Running: /usr/lib/jvm/jdk-14.0.1/bin/java -jar /lab/itti/projects/checkers-competition/server/referee.jar on run_4_tkale_vdhankar #####
Move is valid
##### SUCCESS: /usr/lib/jvm/jdk-14.0.1/bin/java -jar /lab/itti/projects/checkers-competition/server/referee.jar on run_4_tkale_vdhankar #####
INPUT for vdhankar:
GAME
BLACK
279.737811088562
.b.b.b.b
b.b.b.b.
.b.b.b..
......w.
.......b
w.w.w...
.w.w.w.w
w.w.w.w.
##### Running: /usr/bin/time -o time_4_tkale_vdhankar.txt -f "%U" python3 homework.py > stulog.txt 2>&1 on vdhankar #####
child exited with value 1
##### ERROR: /usr/bin/time -o time_4_tkale_vdhankar.txt -f "%U" python3 homework.py > stulog.txt 2>&1 on vdhankar #####
##### Output of failed program (stdout + stderr): #####
Traceback (most recent call last):
  File "homework.py", line 546, in <module>
    print(end-start)
NameError: name 'end' is not defined
##### End of output of failed program #####
##### vdhankar plays [E b6 a5] in 12.7109439373016s #####
##### Running: /usr/lib/jvm/jdk-14.0.1/bin/java -jar /lab/itti/projects/checkers-competition/server/referee.jar on run_4_tkale_vdhankar #####
Move is valid
##### SUCCESS: /usr/lib/jvm/jdk-14.0.1/bin/java -jar /lab/itti/projects/checkers-competition/server/referee.jar on run_4_tkale_vdhankar #####
INPUT for tkale:
GAME
WHITE
298.24
.b.b.b.b
b.b.b.b.
...b.b..
b.....w.
.......b
w.w.w...
.w.w.w.w
w.w.w.w.
##### Running: /usr/bin/time -o time_4_tkale_vdhankar.txt -f "%U" python2 homework2.py > stulog.txt 2>&1 on tkale #####
##### SUCCESS: /usr/bin/time -o time_4_tkale_vdhankar.txt -f "%U" python2 homework2.py > stulog.txt 2>&1 on tkale #####
##### tkale plays [E h2 g3] in 0.99s #####
##### Running: /usr/lib/jvm/jdk-14.0.1/bin/java -jar /lab/itti/projects/checkers-competition/server/referee.jar on run_4_tkale_vdhankar #####
Move is valid
##### SUCCESS: /usr/lib/jvm/jdk-14.0.1/bin/java -jar /lab/itti/projects/checkers-competition/server/referee.jar on run_4_tkale_vdhankar #####
INPUT for vdhankar:
GAME
BLACK
267.02686715126
.b.b.b.b
b.b.b.b.
...b.b..
b.....w.
.......b
w.w.w.w.
.w.w.w..
w.w.w.w.
##### Running: /usr/bin/time -o time_4_tkale_vdhankar.txt -f "%U" python3 homework.py > stulog.txt 2>&1 on vdhankar #####
child exited with value 1
##### ERROR: /usr/bin/time -o time_4_tkale_vdhankar.txt -f "%U" python3 homework.py > stulog.txt 2>&1 on vdhankar #####
##### Output of failed program (stdout + stderr): #####
Traceback (most recent call last):
  File "homework.py", line 546, in <module>
    print(end-start)
NameError: name 'end' is not defined
##### End of output of failed program #####
##### vdhankar plays [E d6 c5] in 13.3459069728851s #####
##### Running: /usr/lib/jvm/jdk-14.0.1/bin/java -jar /lab/itti/projects/checkers-competition/server/referee.jar on run_4_tkale_vdhankar #####
Move is valid
##### SUCCESS: /usr/lib/jvm/jdk-14.0.1/bin/java -jar /lab/itti/projects/checkers-competition/server/referee.jar on run_4_tkale_vdhankar #####
INPUT for tkale:
GAME
WHITE
297.25
.b.b.b.b
b.b.b.b.
.....b..
b.b...w.
.......b
w.w.w.w.
.w.w.w..
w.w.w.w.
##### Running: /usr/bin/time -o time_4_tkale_vdhankar.txt -f "%U" python2 homework2.py > stulog.txt 2>&1 on tkale #####
##### SUCCESS: /usr/bin/time -o time_4_tkale_vdhankar.txt -f "%U" python2 homework2.py > stulog.txt 2>&1 on tkale #####
##### tkale plays [E g5 h6] in 0.69s #####
##### Running: /usr/lib/jvm/jdk-14.0.1/bin/java -jar /lab/itti/projects/checkers-competition/server/referee.jar on run_4_tkale_vdhankar #####
Move is valid
##### SUCCESS: /usr/lib/jvm/jdk-14.0.1/bin/java -jar /lab/itti/projects/checkers-competition/server/referee.jar on run_4_tkale_vdhankar #####
INPUT for vdhankar:
GAME
BLACK
253.680960178375
.b.b.b.b
b.b.b.b.
.....b.w
b.b.....
.......b
w.w.w.w.
.w.w.w..
w.w.w.w.
##### Running: /usr/bin/time -o time_4_tkale_vdhankar.txt -f "%U" python3 homework.py > stulog.txt 2>&1 on vdhankar #####
child exited with value 1
##### ERROR: /usr/bin/time -o time_4_tkale_vdhankar.txt -f "%U" python3 homework.py > stulog.txt 2>&1 on vdhankar #####
##### Output of failed program (stdout + stderr): #####
Traceback (most recent call last):
  File "homework.py", line 546, in <module>
    print(end-start)
NameError: name 'end' is not defined
##### End of output of failed program #####
##### vdhankar plays [E c7 b6] in 7.15459108352661s #####
##### Running: /usr/lib/jvm/jdk-14.0.1/bin/java -jar /lab/itti/projects/checkers-competition/server/referee.jar on run_4_tkale_vdhankar #####
Move is valid
##### SUCCESS: /usr/lib/jvm/jdk-14.0.1/bin/java -jar /lab/itti/projects/checkers-competition/server/referee.jar on run_4_tkale_vdhankar #####
INPUT for tkale:
GAME
WHITE
296.56
.b.b.b.b
b...b.b.
.b...b.w
b.b.....
.......b
w.w.w.w.
.w.w.w..
w.w.w.w.
##### Running: /usr/bin/time -o time_4_tkale_vdhankar.txt -f "%U" python2 homework2.py > stulog.txt 2>&1 on tkale #####
##### SUCCESS: /usr/bin/time -o time_4_tkale_vdhankar.txt -f "%U" python2 homework2.py > stulog.txt 2>&1 on tkale #####
##### tkale plays [E e3 d4] in 0.57s #####
##### Running: /usr/lib/jvm/jdk-14.0.1/bin/java -jar /lab/itti/projects/checkers-competition/server/referee.jar on run_4_tkale_vdhankar #####
Move is valid
##### SUCCESS: /usr/lib/jvm/jdk-14.0.1/bin/java -jar /lab/itti/projects/checkers-competition/server/referee.jar on run_4_tkale_vdhankar #####
INPUT for vdhankar:
GAME
BLACK
246.526369094849
.b.b.b.b
b...b.b.
.b...b.w
b.b.....
...w...b
w.w...w.
.w.w.w..
w.w.w.w.
##### Running: /usr/bin/time -o time_4_tkale_vdhankar.txt -f "%U" python3 homework.py > stulog.txt 2>&1 on vdhankar #####
child exited with value 1
##### ERROR: /usr/bin/time -o time_4_tkale_vdhankar.txt -f "%U" python3 homework.py > stulog.txt 2>&1 on vdhankar #####
##### Output of failed program (stdout + stderr): #####
Traceback (most recent call last):
  File "homework.py", line 546, in <module>
    print(end-start)
NameError: name 'end' is not defined
##### End of output of failed program #####
##### vdhankar plays [J c5 e3] in 1.74678587913513s #####
##### Running: /usr/lib/jvm/jdk-14.0.1/bin/java -jar /lab/itti/projects/checkers-competition/server/referee.jar on run_4_tkale_vdhankar #####
Move is valid
##### SUCCESS: /usr/lib/jvm/jdk-14.0.1/bin/java -jar /lab/itti/projects/checkers-competition/server/referee.jar on run_4_tkale_vdhankar #####
INPUT for tkale:
GAME
WHITE
295.99
.b.b.b.b
b...b.b.
.b...b.w
b.......
.......b
w.w.b.w.
.w.w.w..
w.w.w.w.
##### Running: /usr/bin/time -o time_4_tkale_vdhankar.txt -f "%U" python2 homework2.py > stulog.txt 2>&1 on tkale #####
##### SUCCESS: /usr/bin/time -o time_4_tkale_vdhankar.txt -f "%U" python2 homework2.py > stulog.txt 2>&1 on tkale #####
##### tkale plays [J f2 d4] in 0.14s #####
##### Running: /usr/lib/jvm/jdk-14.0.1/bin/java -jar /lab/itti/projects/checkers-competition/server/referee.jar on run_4_tkale_vdhankar #####
Move is valid
##### SUCCESS: /usr/lib/jvm/jdk-14.0.1/bin/java -jar /lab/itti/projects/checkers-competition/server/referee.jar on run_4_tkale_vdhankar #####
INPUT for vdhankar:
GAME
BLACK
244.779583215714
.b.b.b.b
b...b.b.
.b...b.w
b.......
...w...b
w.w...w.
.w.w....
w.w.w.w.
##### Running: /usr/bin/time -o time_4_tkale_vdhankar.txt -f "%U" python3 homework.py > stulog.txt 2>&1 on vdhankar #####
child exited with value 1
##### ERROR: /usr/bin/time -o time_4_tkale_vdhankar.txt -f "%U" python3 homework.py > stulog.txt 2>&1 on vdhankar #####
##### Output of failed program (stdout + stderr): #####
Traceback (most recent call last):
  File "homework.py", line 546, in <module>
    print(end-start)
NameError: name 'end' is not defined
##### End of output of failed program #####
##### vdhankar plays [J h4 f2] in 2.19693779945374s #####
##### Running: /usr/lib/jvm/jdk-14.0.1/bin/java -jar /lab/itti/projects/checkers-competition/server/referee.jar on run_4_tkale_vdhankar #####
Move is valid
##### SUCCESS: /usr/lib/jvm/jdk-14.0.1/bin/java -jar /lab/itti/projects/checkers-competition/server/referee.jar on run_4_tkale_vdhankar #####
INPUT for tkale:
GAME
WHITE
295.85
.b.b.b.b
b...b.b.
.b...b.w
b.......
...w....
w.w.....
.w.w.b..
w.w.w.w.
##### Running: /usr/bin/time -o time_4_tkale_vdhankar.txt -f "%U" python2 homework2.py > stulog.txt 2>&1 on tkale #####
##### SUCCESS: /usr/bin/time -o time_4_tkale_vdhankar.txt -f "%U" python2 homework2.py > stulog.txt 2>&1 on tkale #####
##### tkale plays [J g1 e3] in 0.3s #####
##### Running: /usr/lib/jvm/jdk-14.0.1/bin/java -jar /lab/itti/projects/checkers-competition/server/referee.jar on run_4_tkale_vdhankar #####
Move is valid
##### SUCCESS: /usr/lib/jvm/jdk-14.0.1/bin/java -jar /lab/itti/projects/checkers-competition/server/referee.jar on run_4_tkale_vdhankar #####
INPUT for vdhankar:
GAME
BLACK
242.58264541626
.b.b.b.b
b...b.b.
.b...b.w
b.......
...w....
w.w.w...
.w.w....
w.w.w...
##### Running: /usr/bin/time -o time_4_tkale_vdhankar.txt -f "%U" python3 homework.py > stulog.txt 2>&1 on vdhankar #####
child exited with value 1
##### ERROR: /usr/bin/time -o time_4_tkale_vdhankar.txt -f "%U" python3 homework.py > stulog.txt 2>&1 on vdhankar #####
##### Output of failed program (stdout + stderr): #####
Traceback (most recent call last):
  File "homework.py", line 546, in <module>
    print(end-start)
NameError: name 'end' is not defined
##### End of output of failed program #####
##### vdhankar plays [E e7 d6] in 4.3999240398407s #####
##### Running: /usr/lib/jvm/jdk-14.0.1/bin/java -jar /lab/itti/projects/checkers-competition/server/referee.jar on run_4_tkale_vdhankar #####
Move is valid
##### SUCCESS: /usr/lib/jvm/jdk-14.0.1/bin/java -jar /lab/itti/projects/checkers-competition/server/referee.jar on run_4_tkale_vdhankar #####
INPUT for tkale:
GAME
WHITE
295.55
.b.b.b.b
b.....b.
.b.b.b.w
b.......
...w....
w.w.w...
.w.w....
w.w.w...
##### Running: /usr/bin/time -o time_4_tkale_vdhankar.txt -f "%U" python2 homework2.py > stulog.txt 2>&1 on tkale #####
##### SUCCESS: /usr/bin/time -o time_4_tkale_vdhankar.txt -f "%U" python2 homework2.py > stulog.txt 2>&1 on tkale #####
##### tkale plays [E c3 b4] in 0.44s #####
##### Running: /usr/lib/jvm/jdk-14.0.1/bin/java -jar /lab/itti/projects/checkers-competition/server/referee.jar on run_4_tkale_vdhankar #####
Move is valid
##### SUCCESS: /usr/lib/jvm/jdk-14.0.1/bin/java -jar /lab/itti/projects/checkers-competition/server/referee.jar on run_4_tkale_vdhankar #####
INPUT for vdhankar:
GAME
BLACK
238.182721376419
.b.b.b.b
b.....b.
.b.b.b.w
b.......
.w.w....
w...w...
.w.w....
w.w.w...
##### Running: /usr/bin/time -o time_4_tkale_vdhankar.txt -f "%U" python3 homework.py > stulog.txt 2>&1 on vdhankar #####
child exited with value 1
##### ERROR: /usr/bin/time -o time_4_tkale_vdhankar.txt -f "%U" python3 homework.py > stulog.txt 2>&1 on vdhankar #####
##### Output of failed program (stdout + stderr): #####
Traceback (most recent call last):
  File "homework.py", line 546, in <module>
    print(end-start)
NameError: name 'end' is not defined
##### End of output of failed program #####
##### vdhankar plays [J a5 c3] in 1.2446141242981s #####
##### Running: /usr/lib/jvm/jdk-14.0.1/bin/java -jar /lab/itti/projects/checkers-competition/server/referee.jar on run_4_tkale_vdhankar #####
Move is valid
##### SUCCESS: /usr/lib/jvm/jdk-14.0.1/bin/java -jar /lab/itti/projects/checkers-competition/server/referee.jar on run_4_tkale_vdhankar #####
INPUT for tkale:
GAME
WHITE
295.11
.b.b.b.b
b.....b.
.b.b.b.w
........
...w....
w.b.w...
.w.w....
w.w.w...
##### Running: /usr/bin/time -o time_4_tkale_vdhankar.txt -f "%U" python2 homework2.py > stulog.txt 2>&1 on tkale #####
##### SUCCESS: /usr/bin/time -o time_4_tkale_vdhankar.txt -f "%U" python2 homework2.py > stulog.txt 2>&1 on tkale #####
##### tkale plays [J d2 b4] in 0.02s #####
##### Running: /usr/lib/jvm/jdk-14.0.1/bin/java -jar /lab/itti/projects/checkers-competition/server/referee.jar on run_4_tkale_vdhankar #####
Move is valid
##### SUCCESS: /usr/lib/jvm/jdk-14.0.1/bin/java -jar /lab/itti/projects/checkers-competition/server/referee.jar on run_4_tkale_vdhankar #####
INPUT for vdhankar:
GAME
BLACK
236.938107252121
.b.b.b.b
b.....b.
.b.b.b.w
........
.w.w....
w...w...
.w......
w.w.w...
##### Running: /usr/bin/time -o time_4_tkale_vdhankar.txt -f "%U" python3 homework.py > stulog.txt 2>&1 on vdhankar #####
child exited with value 1
##### ERROR: /usr/bin/time -o time_4_tkale_vdhankar.txt -f "%U" python3 homework.py > stulog.txt 2>&1 on vdhankar #####
##### Output of failed program (stdout + stderr): #####
Traceback (most recent call last):
  File "homework.py", line 546, in <module>
    print(end-start)
NameError: name 'end' is not defined
##### End of output of failed program #####
##### vdhankar plays [E f6 g5] in 5.38602018356323s #####
##### Running: /usr/lib/jvm/jdk-14.0.1/bin/java -jar /lab/itti/projects/checkers-competition/server/referee.jar on run_4_tkale_vdhankar #####
Move is valid
##### SUCCESS: /usr/lib/jvm/jdk-14.0.1/bin/java -jar /lab/itti/projects/checkers-competition/server/referee.jar on run_4_tkale_vdhankar #####
INPUT for tkale:
GAME
WHITE
295.09
.b.b.b.b
b.....b.
.b.b...w
......b.
.w.w....
w...w...
.w......
w.w.w...
##### Running: /usr/bin/time -o time_4_tkale_vdhankar.txt -f "%U" python2 homework2.py > stulog.txt 2>&1 on tkale #####
##### SUCCESS: /usr/bin/time -o time_4_tkale_vdhankar.txt -f "%U" python2 homework2.py > stulog.txt 2>&1 on tkale #####
##### tkale plays [E e1 f2] in 1.04s #####
##### Running: /usr/lib/jvm/jdk-14.0.1/bin/java -jar /lab/itti/projects/checkers-competition/server/referee.jar on run_4_tkale_vdhankar #####
Move is valid
##### SUCCESS: /usr/lib/jvm/jdk-14.0.1/bin/java -jar /lab/itti/projects/checkers-competition/server/referee.jar on run_4_tkale_vdhankar #####
INPUT for vdhankar:
GAME
BLACK
231.552087068558
.b.b.b.b
b.....b.
.b.b...w
......b.
.w.w....
w...w...
.w...w..
w.w.....
##### Running: /usr/bin/time -o time_4_tkale_vdhankar.txt -f "%U" python3 homework.py > stulog.txt 2>&1 on vdhankar #####
child exited with value 1
##### ERROR: /usr/bin/time -o time_4_tkale_vdhankar.txt -f "%U" python3 homework.py > stulog.txt 2>&1 on vdhankar #####
##### Output of failed program (stdout + stderr): #####
Traceback (most recent call last):
  File "homework.py", line 546, in <module>
    print(end-start)
NameError: name 'end' is not defined
##### End of output of failed program #####
##### vdhankar plays [E d6 e5] in 7.59065794944763s #####
##### Running: /usr/lib/jvm/jdk-14.0.1/bin/java -jar /lab/itti/projects/checkers-competition/server/referee.jar on run_4_tkale_vdhankar #####
Move is valid
##### SUCCESS: /usr/lib/jvm/jdk-14.0.1/bin/java -jar /lab/itti/projects/checkers-competition/server/referee.jar on run_4_tkale_vdhankar #####
INPUT for tkale:
GAME
WHITE
294.05
.b.b.b.b
b.....b.
.b.....w
....b.b.
.w.w....
w...w...
.w...w..
w.w.....
##### Running: /usr/bin/time -o time_4_tkale_vdhankar.txt -f "%U" python2 homework2.py > stulog.txt 2>&1 on tkale #####
##### SUCCESS: /usr/bin/time -o time_4_tkale_vdhankar.txt -f "%U" python2 homework2.py > stulog.txt 2>&1 on tkale #####
##### tkale plays [J d4 f6] in 0.02s #####
##### Running: /usr/lib/jvm/jdk-14.0.1/bin/java -jar /lab/itti/projects/checkers-competition/server/referee.jar on run_4_tkale_vdhankar #####
Move is valid
##### SUCCESS: /usr/lib/jvm/jdk-14.0.1/bin/java -jar /lab/itti/projects/checkers-competition/server/referee.jar on run_4_tkale_vdhankar #####
INPUT for vdhankar:
GAME
BLACK
223.96142911911
.b.b.b.b
b.....b.
.b...w.w
......b.
.w......
w...w...
.w...w..
w.w.....
##### Running: /usr/bin/time -o time_4_tkale_vdhankar.txt -f "%U" python3 homework.py > stulog.txt 2>&1 on vdhankar #####
child exited with value 1
##### ERROR: /usr/bin/time -o time_4_tkale_vdhankar.txt -f "%U" python3 homework.py > stulog.txt 2>&1 on vdhankar #####
##### Output of failed program (stdout + stderr): #####
Traceback (most recent call last):
  File "homework.py", line 546, in <module>
    print(end-start)
NameError: name 'end' is not defined
##### End of output of failed program #####
##### vdhankar plays [J g7 e5] in 7.71734690666199s #####
##### Running: /usr/lib/jvm/jdk-14.0.1/bin/java -jar /lab/itti/projects/checkers-competition/server/referee.jar on run_4_tkale_vdhankar #####
Move is valid
##### SUCCESS: /usr/lib/jvm/jdk-14.0.1/bin/java -jar /lab/itti/projects/checkers-competition/server/referee.jar on run_4_tkale_vdhankar #####
INPUT for tkale:
GAME
WHITE
294.03
.b.b.b.b
b.......
.b.....w
....b.b.
.w......
w...w...
.w...w..
w.w.....
##### Running: /usr/bin/time -o time_4_tkale_vdhankar.txt -f "%U" python2 homework2.py > stulog.txt 2>&1 on tkale #####
##### SUCCESS: /usr/bin/time -o time_4_tkale_vdhankar.txt -f "%U" python2 homework2.py > stulog.txt 2>&1 on tkale #####
##### tkale plays [E e3 d4] in 1.78s #####
##### Running: /usr/lib/jvm/jdk-14.0.1/bin/java -jar /lab/itti/projects/checkers-competition/server/referee.jar on run_4_tkale_vdhankar #####
Move is valid
##### SUCCESS: /usr/lib/jvm/jdk-14.0.1/bin/java -jar /lab/itti/projects/checkers-competition/server/referee.jar on run_4_tkale_vdhankar #####
INPUT for vdhankar:
GAME
BLACK
216.244082212448
.b.b.b.b
b.......
.b.....w
....b.b.
.w.w....
w.......
.w...w..
w.w.....
##### Running: /usr/bin/time -o time_4_tkale_vdhankar.txt -f "%U" python3 homework.py > stulog.txt 2>&1 on vdhankar #####
child exited with value 1
##### ERROR: /usr/bin/time -o time_4_tkale_vdhankar.txt -f "%U" python3 homework.py > stulog.txt 2>&1 on vdhankar #####
##### Output of failed program (stdout + stderr): #####
Traceback (most recent call last):
  File "homework.py", line 546, in <module>
    print(end-start)
NameError: name 'end' is not defined
##### End of output of failed program #####
##### vdhankar plays [J e5 c3] in 5.0324809551239s #####
##### Running: /usr/lib/jvm/jdk-14.0.1/bin/java -jar /lab/itti/projects/checkers-competition/server/referee.jar on run_4_tkale_vdhankar #####
Move is valid
##### SUCCESS: /usr/lib/jvm/jdk-14.0.1/bin/java -jar /lab/itti/projects/checkers-competition/server/referee.jar on run_4_tkale_vdhankar #####
INPUT for tkale:
GAME
WHITE
292.25
.b.b.b.b
b.......
.b.....w
......b.
.w......
w.b.....
.w...w..
w.w.....
##### Running: /usr/bin/time -o time_4_tkale_vdhankar.txt -f "%U" python2 homework2.py > stulog.txt 2>&1 on tkale #####
##### SUCCESS: /usr/bin/time -o time_4_tkale_vdhankar.txt -f "%U" python2 homework2.py > stulog.txt 2>&1 on tkale #####
##### tkale plays [J b2 d4] in 0.02s #####
##### Running: /usr/lib/jvm/jdk-14.0.1/bin/java -jar /lab/itti/projects/checkers-competition/server/referee.jar on run_4_tkale_vdhankar #####
Move is valid
##### SUCCESS: /usr/lib/jvm/jdk-14.0.1/bin/java -jar /lab/itti/projects/checkers-competition/server/referee.jar on run_4_tkale_vdhankar #####
INPUT for vdhankar:
GAME
BLACK
211.211601257324
.b.b.b.b
b.......
.b.....w
......b.
.w.w....
w.......
.....w..
w.w.....
##### Running: /usr/bin/time -o time_4_tkale_vdhankar.txt -f "%U" python3 homework.py > stulog.txt 2>&1 on vdhankar #####
child exited with value 1
##### ERROR: /usr/bin/time -o time_4_tkale_vdhankar.txt -f "%U" python3 homework.py > stulog.txt 2>&1 on vdhankar #####
##### Output of failed program (stdout + stderr): #####
Traceback (most recent call last):
  File "homework.py", line 546, in <module>
    print(end-start)
NameError: name 'end' is not defined
##### End of output of failed program #####
##### vdhankar plays [E g5 f4] in 43.244401216507s #####
##### Running: /usr/lib/jvm/jdk-14.0.1/bin/java -jar /lab/itti/projects/checkers-competition/server/referee.jar on run_4_tkale_vdhankar #####
Move is valid
##### SUCCESS: /usr/lib/jvm/jdk-14.0.1/bin/java -jar /lab/itti/projects/checkers-competition/server/referee.jar on run_4_tkale_vdhankar #####
INPUT for tkale:
GAME
WHITE
292.23
.b.b.b.b
b.......
.b.....w
........
.w.w.b..
w.......
.....w..
w.w.....
##### Running: /usr/bin/time -o time_4_tkale_vdhankar.txt -f "%U" python2 homework2.py > stulog.txt 2>&1 on tkale #####
##### SUCCESS: /usr/bin/time -o time_4_tkale_vdhankar.txt -f "%U" python2 homework2.py > stulog.txt 2>&1 on tkale #####
##### tkale plays [E c1 d2] in 2.51s #####
##### Running: /usr/lib/jvm/jdk-14.0.1/bin/java -jar /lab/itti/projects/checkers-competition/server/referee.jar on run_4_tkale_vdhankar #####
Move is valid
##### SUCCESS: /usr/lib/jvm/jdk-14.0.1/bin/java -jar /lab/itti/projects/checkers-competition/server/referee.jar on run_4_tkale_vdhankar #####
INPUT for vdhankar:
GAME
BLACK
167.967200040817
.b.b.b.b
b.......
.b.....w
........
.w.w.b..
w.......
...w.w..
w.......
##### Running: /usr/bin/time -o time_4_tkale_vdhankar.txt -f "%U" python3 homework.py > stulog.txt 2>&1 on vdhankar #####
child exited with value 1
##### ERROR: /usr/bin/time -o time_4_tkale_vdhankar.txt -f "%U" python3 homework.py > stulog.txt 2>&1 on vdhankar #####
##### Output of failed program (stdout + stderr): #####
Traceback (most recent call last):
  File "homework.py", line 546, in <module>
    print(end-start)
NameError: name 'end' is not defined
##### End of output of failed program #####
##### vdhankar plays [E f8 e7] in 17.1722848415375s #####
##### Running: /usr/lib/jvm/jdk-14.0.1/bin/java -jar /lab/itti/projects/checkers-competition/server/referee.jar on run_4_tkale_vdhankar #####
Move is valid
##### SUCCESS: /usr/lib/jvm/jdk-14.0.1/bin/java -jar /lab/itti/projects/checkers-competition/server/referee.jar on run_4_tkale_vdhankar #####
INPUT for tkale:
GAME
WHITE
289.72
.b.b...b
b...b...
.b.....w
........
.w.w.b..
w.......
...w.w..
w.......
##### Running: /usr/bin/time -o time_4_tkale_vdhankar.txt -f "%U" python2 homework2.py > stulog.txt 2>&1 on tkale #####
##### SUCCESS: /usr/bin/time -o time_4_tkale_vdhankar.txt -f "%U" python2 homework2.py > stulog.txt 2>&1 on tkale #####
##### tkale plays [E a1 b2] in 1.27s #####
##### Running: /usr/lib/jvm/jdk-14.0.1/bin/java -jar /lab/itti/projects/checkers-competition/server/referee.jar on run_4_tkale_vdhankar #####
Move is valid
##### SUCCESS: /usr/lib/jvm/jdk-14.0.1/bin/java -jar /lab/itti/projects/checkers-competition/server/referee.jar on run_4_tkale_vdhankar #####
INPUT for vdhankar:
GAME
BLACK
150.79491519928
.b.b...b
b...b...
.b.....w
........
.w.w.b..
w.......
.w.w.w..
........
##### Running: /usr/bin/time -o time_4_tkale_vdhankar.txt -f "%U" python3 homework.py > stulog.txt 2>&1 on vdhankar #####
child exited with value 1
##### ERROR: /usr/bin/time -o time_4_tkale_vdhankar.txt -f "%U" python3 homework.py > stulog.txt 2>&1 on vdhankar #####
##### Output of failed program (stdout + stderr): #####
Traceback (most recent call last):
  File "homework.py", line 546, in <module>
    print(end-start)
NameError: name 'end' is not defined
##### End of output of failed program #####
##### vdhankar plays [E h8 g7] in 6.06521797180176s #####
##### Running: /usr/lib/jvm/jdk-14.0.1/bin/java -jar /lab/itti/projects/checkers-competition/server/referee.jar on run_4_tkale_vdhankar #####
Move is valid
##### SUCCESS: /usr/lib/jvm/jdk-14.0.1/bin/java -jar /lab/itti/projects/checkers-competition/server/referee.jar on run_4_tkale_vdhankar #####
INPUT for tkale:
GAME
WHITE
288.45
.b.b....
b...b.b.
.b.....w
........
.w.w.b..
w.......
.w.w.w..
........
##### Running: /usr/bin/time -o time_4_tkale_vdhankar.txt -f "%U" python2 homework2.py > stulog.txt 2>&1 on tkale #####
##### SUCCESS: /usr/bin/time -o time_4_tkale_vdhankar.txt -f "%U" python2 homework2.py > stulog.txt 2>&1 on tkale #####
##### tkale plays [J h6 f8] in 0.03s #####
##### Running: /usr/lib/jvm/jdk-14.0.1/bin/java -jar /lab/itti/projects/checkers-competition/server/referee.jar on run_4_tkale_vdhankar #####
Move is valid
##### SUCCESS: /usr/lib/jvm/jdk-14.0.1/bin/java -jar /lab/itti/projects/checkers-competition/server/referee.jar on run_4_tkale_vdhankar #####
INPUT for vdhankar:
GAME
BLACK
144.729697227478
.b.b.W..
b...b...
.b......
........
.w.w.b..
w.......
.w.w.w..
........
##### Running: /usr/bin/time -o time_4_tkale_vdhankar.txt -f "%U" python3 homework.py > stulog.txt 2>&1 on vdhankar #####
child exited with value 1
##### ERROR: /usr/bin/time -o time_4_tkale_vdhankar.txt -f "%U" python3 homework.py > stulog.txt 2>&1 on vdhankar #####
##### Output of failed program (stdout + stderr): #####
Traceback (most recent call last):
  File "homework.py", line 546, in <module>
    print(end-start)
NameError: name 'end' is not defined
##### End of output of failed program #####
##### vdhankar plays [E d8 c7] in 1.01180720329285s #####
##### Running: /usr/lib/jvm/jdk-14.0.1/bin/java -jar /lab/itti/projects/checkers-competition/server/referee.jar on run_4_tkale_vdhankar #####
Move is valid
##### SUCCESS: /usr/lib/jvm/jdk-14.0.1/bin/java -jar /lab/itti/projects/checkers-competition/server/referee.jar on run_4_tkale_vdhankar #####
INPUT for tkale:
GAME
WHITE
288.42
.b...W..
b.b.b...
.b......
........
.w.w.b..
w.......
.w.w.w..
........
##### Running: /usr/bin/time -o time_4_tkale_vdhankar.txt -f "%U" python2 homework2.py > stulog.txt 2>&1 on tkale #####
##### SUCCESS: /usr/bin/time -o time_4_tkale_vdhankar.txt -f "%U" python2 homework2.py > stulog.txt 2>&1 on tkale #####
##### tkale plays [J f8 d6] in 0.03s #####
##### Running: /usr/lib/jvm/jdk-14.0.1/bin/java -jar /lab/itti/projects/checkers-competition/server/referee.jar on run_4_tkale_vdhankar #####
Move is valid
##### SUCCESS: /usr/lib/jvm/jdk-14.0.1/bin/java -jar /lab/itti/projects/checkers-competition/server/referee.jar on run_4_tkale_vdhankar #####
INPUT for vdhankar:
GAME
BLACK
143.717890024185
.b......
b.b.....
.b.W....
........
.w.w.b..
w.......
.w.w.w..
........
##### Running: /usr/bin/time -o time_4_tkale_vdhankar.txt -f "%U" python3 homework.py > stulog.txt 2>&1 on vdhankar #####
child exited with value 1
##### ERROR: /usr/bin/time -o time_4_tkale_vdhankar.txt -f "%U" python3 homework.py > stulog.txt 2>&1 on vdhankar #####
##### Output of failed program (stdout + stderr): #####
Traceback (most recent call last):
  File "homework.py", line 546, in <module>
    print(end-start)
NameError: name 'end' is not defined
##### End of output of failed program #####
##### vdhankar plays [J c7 e5 ; J e5 c3 ; J c3 e1] in 0.948750019073486s #####
##### Running: /usr/lib/jvm/jdk-14.0.1/bin/java -jar /lab/itti/projects/checkers-competition/server/referee.jar on run_4_tkale_vdhankar #####
Move is valid
##### SUCCESS: /usr/lib/jvm/jdk-14.0.1/bin/java -jar /lab/itti/projects/checkers-competition/server/referee.jar on run_4_tkale_vdhankar #####
INPUT for tkale:
GAME
WHITE
288.39
.b......
b.......
.b......
........
.w...b..
w.......
.w...w..
....B...
##### Running: /usr/bin/time -o time_4_tkale_vdhankar.txt -f "%U" python2 homework2.py > stulog.txt 2>&1 on tkale #####
##### SUCCESS: /usr/bin/time -o time_4_tkale_vdhankar.txt -f "%U" python2 homework2.py > stulog.txt 2>&1 on tkale #####
##### tkale plays [E f2 g3] in 0.07s #####
##### Running: /usr/lib/jvm/jdk-14.0.1/bin/java -jar /lab/itti/projects/checkers-competition/server/referee.jar on run_4_tkale_vdhankar #####
Move is valid
##### SUCCESS: /usr/lib/jvm/jdk-14.0.1/bin/java -jar /lab/itti/projects/checkers-competition/server/referee.jar on run_4_tkale_vdhankar #####
INPUT for vdhankar:
GAME
BLACK
142.769140005112
.b......
b.......
.b......
........
.w...b..
w.....w.
.w......
....B...
##### Running: /usr/bin/time -o time_4_tkale_vdhankar.txt -f "%U" python3 homework.py > stulog.txt 2>&1 on vdhankar #####
child exited with value 1
##### ERROR: /usr/bin/time -o time_4_tkale_vdhankar.txt -f "%U" python3 homework.py > stulog.txt 2>&1 on vdhankar #####
##### Output of failed program (stdout + stderr): #####
Traceback (most recent call last):
  File "homework.py", line 546, in <module>
    print(end-start)
NameError: name 'end' is not defined
##### End of output of failed program #####
##### vdhankar plays [J f4 h2] in 0.600821018218994s #####
##### Running: /usr/lib/jvm/jdk-14.0.1/bin/java -jar /lab/itti/projects/checkers-competition/server/referee.jar on run_4_tkale_vdhankar #####
Move is valid
##### SUCCESS: /usr/lib/jvm/jdk-14.0.1/bin/java -jar /lab/itti/projects/checkers-competition/server/referee.jar on run_4_tkale_vdhankar #####
INPUT for tkale:
GAME
WHITE
288.32
.b......
b.......
.b......
........
.w......
w.......
.w.....b
....B...
##### Running: /usr/bin/time -o time_4_tkale_vdhankar.txt -f "%U" python2 homework2.py > stulog.txt 2>&1 on tkale #####
##### SUCCESS: /usr/bin/time -o time_4_tkale_vdhankar.txt -f "%U" python2 homework2.py > stulog.txt 2>&1 on tkale #####
##### tkale plays [E b2 c3] in 0.13s #####
##### Running: /usr/lib/jvm/jdk-14.0.1/bin/java -jar /lab/itti/projects/checkers-competition/server/referee.jar on run_4_tkale_vdhankar #####
Move is valid
##### SUCCESS: /usr/lib/jvm/jdk-14.0.1/bin/java -jar /lab/itti/projects/checkers-competition/server/referee.jar on run_4_tkale_vdhankar #####
INPUT for vdhankar:
GAME
BLACK
142.168318986893
.b......
b.......
.b......
........
.w......
w.w.....
.......b
....B...
##### Running: /usr/bin/time -o time_4_tkale_vdhankar.txt -f "%U" python3 homework.py > stulog.txt 2>&1 on vdhankar #####
child exited with value 1
##### ERROR: /usr/bin/time -o time_4_tkale_vdhankar.txt -f "%U" python3 homework.py > stulog.txt 2>&1 on vdhankar #####
##### Output of failed program (stdout + stderr): #####
Traceback (most recent call last):
  File "homework.py", line 546, in <module>
    print(end-start)
NameError: name 'end' is not defined
##### End of output of failed program #####
##### vdhankar plays [E h2 g1] in 1.47335314750671s #####
##### Running: /usr/lib/jvm/jdk-14.0.1/bin/java -jar /lab/itti/projects/checkers-competition/server/referee.jar on run_4_tkale_vdhankar #####
Move is valid
##### SUCCESS: /usr/lib/jvm/jdk-14.0.1/bin/java -jar /lab/itti/projects/checkers-competition/server/referee.jar on run_4_tkale_vdhankar #####
INPUT for tkale:
GAME
WHITE
288.19
.b......
b.......
.b......
........
.w......
w.w.....
........
....B.B.
##### Running: /usr/bin/time -o time_4_tkale_vdhankar.txt -f "%U" python2 homework2.py > stulog.txt 2>&1 on tkale #####
##### SUCCESS: /usr/bin/time -o time_4_tkale_vdhankar.txt -f "%U" python2 homework2.py > stulog.txt 2>&1 on tkale #####
##### tkale plays [E c3 d4] in 0.24s #####
##### Running: /usr/lib/jvm/jdk-14.0.1/bin/java -jar /lab/itti/projects/checkers-competition/server/referee.jar on run_4_tkale_vdhankar #####
Move is valid
##### SUCCESS: /usr/lib/jvm/jdk-14.0.1/bin/java -jar /lab/itti/projects/checkers-competition/server/referee.jar on run_4_tkale_vdhankar #####
INPUT for vdhankar:
GAME
BLACK
140.694965839386
.b......
b.......
.b......
........
.w.w....
w.......
........
....B.B.
##### Running: /usr/bin/time -o time_4_tkale_vdhankar.txt -f "%U" python3 homework.py > stulog.txt 2>&1 on vdhankar #####
child exited with value 1
##### ERROR: /usr/bin/time -o time_4_tkale_vdhankar.txt -f "%U" python3 homework.py > stulog.txt 2>&1 on vdhankar #####
##### Output of failed program (stdout + stderr): #####
Traceback (most recent call last):
  File "homework.py", line 546, in <module>
    print(end-start)
NameError: name 'end' is not defined
##### End of output of failed program #####
##### vdhankar plays [E b6 a5] in 1.44002389907837s #####
##### Running: /usr/lib/jvm/jdk-14.0.1/bin/java -jar /lab/itti/projects/checkers-competition/server/referee.jar on run_4_tkale_vdhankar #####
Move is valid
##### SUCCESS: /usr/lib/jvm/jdk-14.0.1/bin/java -jar /lab/itti/projects/checkers-competition/server/referee.jar on run_4_tkale_vdhankar #####
INPUT for tkale:
GAME
WHITE
287.95
.b......
b.......
........
b.......
.w.w....
w.......
........
....B.B.
##### Running: /usr/bin/time -o time_4_tkale_vdhankar.txt -f "%U" python2 homework2.py > stulog.txt 2>&1 on tkale #####
##### SUCCESS: /usr/bin/time -o time_4_tkale_vdhankar.txt -f "%U" python2 homework2.py > stulog.txt 2>&1 on tkale #####
##### tkale plays [E b4 c5] in 0.21s #####
##### Running: /usr/lib/jvm/jdk-14.0.1/bin/java -jar /lab/itti/projects/checkers-competition/server/referee.jar on run_4_tkale_vdhankar #####
Move is valid
##### SUCCESS: /usr/lib/jvm/jdk-14.0.1/bin/java -jar /lab/itti/projects/checkers-competition/server/referee.jar on run_4_tkale_vdhankar #####
INPUT for vdhankar:
GAME
BLACK
139.254941940308
.b......
b.......
........
b.w.....
...w....
w.......
........
....B.B.
##### Running: /usr/bin/time -o time_4_tkale_vdhankar.txt -f "%U" python3 homework.py > stulog.txt 2>&1 on vdhankar #####
child exited with value 1
##### ERROR: /usr/bin/time -o time_4_tkale_vdhankar.txt -f "%U" python3 homework.py > stulog.txt 2>&1 on vdhankar #####
##### Output of failed program (stdout + stderr): #####
Traceback (most recent call last):
  File "homework.py", line 546, in <module>
    print(end-start)
NameError: name 'end' is not defined
##### End of output of failed program #####
##### vdhankar plays [E g1 f2] in 2.17133402824402s #####
##### Running: /usr/lib/jvm/jdk-14.0.1/bin/java -jar /lab/itti/projects/checkers-competition/server/referee.jar on run_4_tkale_vdhankar #####
Move is valid
##### SUCCESS: /usr/lib/jvm/jdk-14.0.1/bin/java -jar /lab/itti/projects/checkers-competition/server/referee.jar on run_4_tkale_vdhankar #####
INPUT for tkale:
GAME
WHITE
287.74
.b......
b.......
........
b.w.....
...w....
w.......
.....B..
....B...
##### Running: /usr/bin/time -o time_4_tkale_vdhankar.txt -f "%U" python2 homework2.py > stulog.txt 2>&1 on tkale #####
child exited with value 1
##### ERROR: /usr/bin/time -o time_4_tkale_vdhankar.txt -f "%U" python2 homework2.py > stulog.txt 2>&1 on tkale #####
##### Output of failed program (stdout + stderr): #####
Traceback (most recent call last):
  File "homework2.py", line 509, in <module>
    final_move = playGame(matrix,color)
  File "homework2.py", line 451, in playGame
    same_value_moves.append(move)
UnboundLocalError: local variable 'same_value_moves' referenced before assignment
##### End of output of failed program #####
##### tkale plays [] in 0.0477149486541748s #####
##### Running: /usr/lib/jvm/jdk-14.0.1/bin/java -jar /lab/itti/projects/checkers-competition/server/referee.jar on run_4_tkale_vdhankar #####
Move is not valid
##### SUCCESS: /usr/lib/jvm/jdk-14.0.1/bin/java -jar /lab/itti/projects/checkers-competition/server/referee.jar on run_4_tkale_vdhankar #####
##### GAME OVER: tkale loses because of illegal move [] #####
Server said: FAIL
########## ROUND 4 GAMESCORE AFTER GAME 2: tkale=0 and vdhankar=2 ##########
#################### ROUND 4: tkale (B) vs vdhankar (W): game 3 ####################
##### game start! #####
INPUT for tkale:
GAME
BLACK
300
.b.b.b.b
b.b.b.b.
.b.b.b.b
........
........
w.w.w.w.
.w.w.w.w
w.w.w.w.
##### Running: /usr/bin/time -o time_4_tkale_vdhankar.txt -f "%U" python2 homework2.py > stulog.txt 2>&1 on tkale #####
##### SUCCESS: /usr/bin/time -o time_4_tkale_vdhankar.txt -f "%U" python2 homework2.py > stulog.txt 2>&1 on tkale #####
##### tkale plays [E h6 g5] in 0.88s #####
##### Running: /usr/lib/jvm/jdk-14.0.1/bin/java -jar /lab/itti/projects/checkers-competition/server/referee.jar on run_4_tkale_vdhankar #####
Move is valid
Couldn't read file 'current_ply.txt'
Couldn't read content from file 'current_ply.txt'
Couldn't read file 'lastmatchange_ply.txt'
Couldn't read content from file 'lastmatchange_ply.txt'
##### SUCCESS: /usr/lib/jvm/jdk-14.0.1/bin/java -jar /lab/itti/projects/checkers-competition/server/referee.jar on run_4_tkale_vdhankar #####
INPUT for vdhankar:
GAME
WHITE
300
.b.b.b.b
b.b.b.b.
.b.b.b..
......b.
........
w.w.w.w.
.w.w.w.w
w.w.w.w.
##### Running: /usr/bin/time -o time_4_tkale_vdhankar.txt -f "%U" python3 homework.py > stulog.txt 2>&1 on vdhankar #####
child exited with value 1
##### ERROR: /usr/bin/time -o time_4_tkale_vdhankar.txt -f "%U" python3 homework.py > stulog.txt 2>&1 on vdhankar #####
##### Output of failed program (stdout + stderr): #####
Traceback (most recent call last):
  File "homework.py", line 546, in <module>
    print(end-start)
NameError: name 'end' is not defined
##### End of output of failed program #####
##### vdhankar plays [E g3 h4] in 15.9458041191101s #####
##### Running: /usr/lib/jvm/jdk-14.0.1/bin/java -jar /lab/itti/projects/checkers-competition/server/referee.jar on run_4_tkale_vdhankar #####
Move is valid
##### SUCCESS: /usr/lib/jvm/jdk-14.0.1/bin/java -jar /lab/itti/projects/checkers-competition/server/referee.jar on run_4_tkale_vdhankar #####
INPUT for tkale:
GAME
BLACK
299.12
.b.b.b.b
b.b.b.b.
.b.b.b..
......b.
.......w
w.w.w...
.w.w.w.w
w.w.w.w.
##### Running: /usr/bin/time -o time_4_tkale_vdhankar.txt -f "%U" python2 homework2.py > stulog.txt 2>&1 on tkale #####
##### SUCCESS: /usr/bin/time -o time_4_tkale_vdhankar.txt -f "%U" python2 homework2.py > stulog.txt 2>&1 on tkale #####
##### tkale plays [E g5 f4] in 0.68s #####
##### Running: /usr/lib/jvm/jdk-14.0.1/bin/java -jar /lab/itti/projects/checkers-competition/server/referee.jar on run_4_tkale_vdhankar #####
Move is valid
##### SUCCESS: /usr/lib/jvm/jdk-14.0.1/bin/java -jar /lab/itti/projects/checkers-competition/server/referee.jar on run_4_tkale_vdhankar #####
INPUT for vdhankar:
GAME
WHITE
284.05419588089
.b.b.b.b
b.b.b.b.
.b.b.b..
........
.....b.w
w.w.w...
.w.w.w.w
w.w.w.w.
##### Running: /usr/bin/time -o time_4_tkale_vdhankar.txt -f "%U" python3 homework.py > stulog.txt 2>&1 on vdhankar #####
child exited with value 1
##### ERROR: /usr/bin/time -o time_4_tkale_vdhankar.txt -f "%U" python3 homework.py > stulog.txt 2>&1 on vdhankar #####
##### Output of failed program (stdout + stderr): #####
Traceback (most recent call last):
  File "homework.py", line 546, in <module>
    print(end-start)
NameError: name 'end' is not defined
##### End of output of failed program #####
##### vdhankar plays [J e3 g5] in 8.64692902565002s #####
##### Running: /usr/lib/jvm/jdk-14.0.1/bin/java -jar /lab/itti/projects/checkers-competition/server/referee.jar on run_4_tkale_vdhankar #####
Move is valid
##### SUCCESS: /usr/lib/jvm/jdk-14.0.1/bin/java -jar /lab/itti/projects/checkers-competition/server/referee.jar on run_4_tkale_vdhankar #####
INPUT for tkale:
GAME
BLACK
298.44
.b.b.b.b
b.b.b.b.
.b.b.b..
......w.
.......w
w.w.....
.w.w.w.w
w.w.w.w.
##### Running: /usr/bin/time -o time_4_tkale_vdhankar.txt -f "%U" python2 homework2.py > stulog.txt 2>&1 on tkale #####
##### SUCCESS: /usr/bin/time -o time_4_tkale_vdhankar.txt -f "%U" python2 homework2.py > stulog.txt 2>&1 on tkale #####
##### tkale plays [E g7 h6] in 0.85s #####
##### Running: /usr/lib/jvm/jdk-14.0.1/bin/java -jar /lab/itti/projects/checkers-competition/server/referee.jar on run_4_tkale_vdhankar #####
Move is valid
##### SUCCESS: /usr/lib/jvm/jdk-14.0.1/bin/java -jar /lab/itti/projects/checkers-competition/server/referee.jar on run_4_tkale_vdhankar #####
INPUT for vdhankar:
GAME
WHITE
275.40726685524
.b.b.b.b
b.b.b...
.b.b.b.b
......w.
.......w
w.w.....
.w.w.w.w
w.w.w.w.
##### Running: /usr/bin/time -o time_4_tkale_vdhankar.txt -f "%U" python3 homework.py > stulog.txt 2>&1 on vdhankar #####
child exited with value 1
##### ERROR: /usr/bin/time -o time_4_tkale_vdhankar.txt -f "%U" python3 homework.py > stulog.txt 2>&1 on vdhankar #####
##### Output of failed program (stdout + stderr): #####
Traceback (most recent call last):
  File "homework.py", line 546, in <module>
    print(end-start)
NameError: name 'end' is not defined
##### End of output of failed program #####
##### vdhankar plays [E f2 g3] in 6.14053797721863s #####
##### Running: /usr/lib/jvm/jdk-14.0.1/bin/java -jar /lab/itti/projects/checkers-competition/server/referee.jar on run_4_tkale_vdhankar #####
Move is valid
##### SUCCESS: /usr/lib/jvm/jdk-14.0.1/bin/java -jar /lab/itti/projects/checkers-competition/server/referee.jar on run_4_tkale_vdhankar #####
INPUT for tkale:
GAME
BLACK
297.59
.b.b.b.b
b.b.b...
.b.b.b.b
......w.
.......w
w.w...w.
.w.w...w
w.w.w.w.
##### Running: /usr/bin/time -o time_4_tkale_vdhankar.txt -f "%U" python2 homework2.py > stulog.txt 2>&1 on tkale #####
##### SUCCESS: /usr/bin/time -o time_4_tkale_vdhankar.txt -f "%U" python2 homework2.py > stulog.txt 2>&1 on tkale #####
##### tkale plays [J h6 f4] in 0.03s #####
##### Running: /usr/lib/jvm/jdk-14.0.1/bin/java -jar /lab/itti/projects/checkers-competition/server/referee.jar on run_4_tkale_vdhankar #####
Move is valid
##### SUCCESS: /usr/lib/jvm/jdk-14.0.1/bin/java -jar /lab/itti/projects/checkers-competition/server/referee.jar on run_4_tkale_vdhankar #####
INPUT for vdhankar:
GAME
WHITE
269.266728878021
.b.b.b.b
b.b.b...
.b.b.b..
........
.....b.w
w.w...w.
.w.w...w
w.w.w.w.
##### Running: /usr/bin/time -o time_4_tkale_vdhankar.txt -f "%U" python3 homework.py > stulog.txt 2>&1 on vdhankar #####
child exited with value 1
##### ERROR: /usr/bin/time -o time_4_tkale_vdhankar.txt -f "%U" python3 homework.py > stulog.txt 2>&1 on vdhankar #####
##### Output of failed program (stdout + stderr): #####
Traceback (most recent call last):
  File "homework.py", line 546, in <module>
    print(end-start)
NameError: name 'end' is not defined
##### End of output of failed program #####
##### vdhankar plays [J g3 e5 ; J e5 g7] in 8.23781108856201s #####
##### Running: /usr/lib/jvm/jdk-14.0.1/bin/java -jar /lab/itti/projects/checkers-competition/server/referee.jar on run_4_tkale_vdhankar #####
Move is valid
##### SUCCESS: /usr/lib/jvm/jdk-14.0.1/bin/java -jar /lab/itti/projects/checkers-competition/server/referee.jar on run_4_tkale_vdhankar #####
INPUT for tkale:
GAME
BLACK
297.56
.b.b.b.b
b.b.b.w.
.b.b....
........
.......w
w.w.....
.w.w...w
w.w.w.w.
##### Running: /usr/bin/time -o time_4_tkale_vdhankar.txt -f "%U" python2 homework2.py > stulog.txt 2>&1 on tkale #####
##### SUCCESS: /usr/bin/time -o time_4_tkale_vdhankar.txt -f "%U" python2 homework2.py > stulog.txt 2>&1 on tkale #####
##### tkale plays [J h8 f6] in 0.37s #####
##### Running: /usr/lib/jvm/jdk-14.0.1/bin/java -jar /lab/itti/projects/checkers-competition/server/referee.jar on run_4_tkale_vdhankar #####
Move is valid
##### SUCCESS: /usr/lib/jvm/jdk-14.0.1/bin/java -jar /lab/itti/projects/checkers-competition/server/referee.jar on run_4_tkale_vdhankar #####
INPUT for vdhankar:
GAME
WHITE
261.028917789459
.b.b.b..
b.b.b...
.b.b.b..
........
.......w
w.w.....
.w.w...w
w.w.w.w.
##### Running: /usr/bin/time -o time_4_tkale_vdhankar.txt -f "%U" python3 homework.py > stulog.txt 2>&1 on vdhankar #####
child exited with value 1
##### ERROR: /usr/bin/time -o time_4_tkale_vdhankar.txt -f "%U" python3 homework.py > stulog.txt 2>&1 on vdhankar #####
##### Output of failed program (stdout + stderr): #####
Traceback (most recent call last):
  File "homework.py", line 546, in <module>
    print(end-start)
NameError: name 'end' is not defined
##### End of output of failed program #####
##### vdhankar plays [E g1 f2] in 48.9930679798126s #####
##### Running: /usr/lib/jvm/jdk-14.0.1/bin/java -jar /lab/itti/projects/checkers-competition/server/referee.jar on run_4_tkale_vdhankar #####
Move is valid
##### SUCCESS: /usr/lib/jvm/jdk-14.0.1/bin/java -jar /lab/itti/projects/checkers-competition/server/referee.jar on run_4_tkale_vdhankar #####
INPUT for tkale:
GAME
BLACK
297.19
.b.b.b..
b.b.b...
.b.b.b..
........
.......w
w.w.....
.w.w.w.w
w.w.w...
##### Running: /usr/bin/time -o time_4_tkale_vdhankar.txt -f "%U" python2 homework2.py > stulog.txt 2>&1 on tkale #####
##### SUCCESS: /usr/bin/time -o time_4_tkale_vdhankar.txt -f "%U" python2 homework2.py > stulog.txt 2>&1 on tkale #####
##### tkale plays [E f6 g5] in 0.89s #####
##### Running: /usr/lib/jvm/jdk-14.0.1/bin/java -jar /lab/itti/projects/checkers-competition/server/referee.jar on run_4_tkale_vdhankar #####
Move is valid
##### SUCCESS: /usr/lib/jvm/jdk-14.0.1/bin/java -jar /lab/itti/projects/checkers-competition/server/referee.jar on run_4_tkale_vdhankar #####
INPUT for vdhankar:
GAME
WHITE
212.035849809647
.b.b.b..
b.b.b...
.b.b....
......b.
.......w
w.w.....
.w.w.w.w
w.w.w...
##### Running: /usr/bin/time -o time_4_tkale_vdhankar.txt -f "%U" python3 homework.py > stulog.txt 2>&1 on vdhankar #####
child exited with value 1
##### ERROR: /usr/bin/time -o time_4_tkale_vdhankar.txt -f "%U" python3 homework.py > stulog.txt 2>&1 on vdhankar #####
##### Output of failed program (stdout + stderr): #####
Traceback (most recent call last):
  File "homework.py", line 546, in <module>
    print(end-start)
NameError: name 'end' is not defined
##### End of output of failed program #####
##### vdhankar plays [J h4 f6] in 6.46370983123779s #####
##### Running: /usr/lib/jvm/jdk-14.0.1/bin/java -jar /lab/itti/projects/checkers-competition/server/referee.jar on run_4_tkale_vdhankar #####
Move is valid
##### SUCCESS: /usr/lib/jvm/jdk-14.0.1/bin/java -jar /lab/itti/projects/checkers-competition/server/referee.jar on run_4_tkale_vdhankar #####
INPUT for tkale:
GAME
BLACK
296.3
.b.b.b..
b.b.b...
.b.b.w..
........
........
w.w.....
.w.w.w.w
w.w.w...
##### Running: /usr/bin/time -o time_4_tkale_vdhankar.txt -f "%U" python2 homework2.py > stulog.txt 2>&1 on tkale #####
##### SUCCESS: /usr/bin/time -o time_4_tkale_vdhankar.txt -f "%U" python2 homework2.py > stulog.txt 2>&1 on tkale #####
##### tkale plays [J e7 g5] in 0.02s #####
##### Running: /usr/lib/jvm/jdk-14.0.1/bin/java -jar /lab/itti/projects/checkers-competition/server/referee.jar on run_4_tkale_vdhankar #####
Move is valid
##### SUCCESS: /usr/lib/jvm/jdk-14.0.1/bin/java -jar /lab/itti/projects/checkers-competition/server/referee.jar on run_4_tkale_vdhankar #####
INPUT for vdhankar:
GAME
WHITE
205.572139978409
.b.b.b..
b.b.....
.b.b....
......b.
........
w.w.....
.w.w.w.w
w.w.w...
##### Running: /usr/bin/time -o time_4_tkale_vdhankar.txt -f "%U" python3 homework.py > stulog.txt 2>&1 on vdhankar #####
child exited with value 1
##### ERROR: /usr/bin/time -o time_4_tkale_vdhankar.txt -f "%U" python3 homework.py > stulog.txt 2>&1 on vdhankar #####
##### Output of failed program (stdout + stderr): #####
Traceback (most recent call last):
  File "homework.py", line 546, in <module>
    print(end-start)
NameError: name 'end' is not defined
##### End of output of failed program #####
##### vdhankar plays [E h2 g3] in 66.5637540817261s #####
##### Running: /usr/lib/jvm/jdk-14.0.1/bin/java -jar /lab/itti/projects/checkers-competition/server/referee.jar on run_4_tkale_vdhankar #####
Move is valid
##### SUCCESS: /usr/lib/jvm/jdk-14.0.1/bin/java -jar /lab/itti/projects/checkers-competition/server/referee.jar on run_4_tkale_vdhankar #####
INPUT for tkale:
GAME
BLACK
296.28
.b.b.b..
b.b.....
.b.b....
......b.
........
w.w...w.
.w.w.w..
w.w.w...
##### Running: /usr/bin/time -o time_4_tkale_vdhankar.txt -f "%U" python2 homework2.py > stulog.txt 2>&1 on tkale #####
##### SUCCESS: /usr/bin/time -o time_4_tkale_vdhankar.txt -f "%U" python2 homework2.py > stulog.txt 2>&1 on tkale #####
##### tkale plays [E g5 h4] in 1.93s #####
##### Running: /usr/lib/jvm/jdk-14.0.1/bin/java -jar /lab/itti/projects/checkers-competition/server/referee.jar on run_4_tkale_vdhankar #####
Move is valid
##### SUCCESS: /usr/lib/jvm/jdk-14.0.1/bin/java -jar /lab/itti/projects/checkers-competition/server/referee.jar on run_4_tkale_vdhankar #####
INPUT for vdhankar:
GAME
WHITE
139.008385896683
.b.b.b..
b.b.....
.b.b....
........
.......b
w.w...w.
.w.w.w..
w.w.w...
##### Running: /usr/bin/time -o time_4_tkale_vdhankar.txt -f "%U" python3 homework.py > stulog.txt 2>&1 on vdhankar #####
child exited with value 1
##### ERROR: /usr/bin/time -o time_4_tkale_vdhankar.txt -f "%U" python3 homework.py > stulog.txt 2>&1 on vdhankar #####
##### Output of failed program (stdout + stderr): #####
Traceback (most recent call last):
  File "homework.py", line 546, in <module>
    print(end-start)
NameError: name 'end' is not defined
##### End of output of failed program #####
##### vdhankar plays [E d2 e3] in 26.7716159820557s #####
##### Running: /usr/lib/jvm/jdk-14.0.1/bin/java -jar /lab/itti/projects/checkers-competition/server/referee.jar on run_4_tkale_vdhankar #####
Move is valid
##### SUCCESS: /usr/lib/jvm/jdk-14.0.1/bin/java -jar /lab/itti/projects/checkers-competition/server/referee.jar on run_4_tkale_vdhankar #####
INPUT for tkale:
GAME
BLACK
294.35
.b.b.b..
b.b.....
.b.b....
........
.......b
w.w.w.w.
.w...w..
w.w.w...
##### Running: /usr/bin/time -o time_4_tkale_vdhankar.txt -f "%U" python2 homework2.py > stulog.txt 2>&1 on tkale #####
##### SUCCESS: /usr/bin/time -o time_4_tkale_vdhankar.txt -f "%U" python2 homework2.py > stulog.txt 2>&1 on tkale #####
##### tkale plays [E d6 e5] in 0.97s #####
##### Running: /usr/lib/jvm/jdk-14.0.1/bin/java -jar /lab/itti/projects/checkers-competition/server/referee.jar on run_4_tkale_vdhankar #####
Move is valid
##### SUCCESS: /usr/lib/jvm/jdk-14.0.1/bin/java -jar /lab/itti/projects/checkers-competition/server/referee.jar on run_4_tkale_vdhankar #####
INPUT for vdhankar:
GAME
WHITE
112.236769914627
.b.b.b..
b.b.....
.b......
....b...
.......b
w.w.w.w.
.w...w..
w.w.w...
##### Running: /usr/bin/time -o time_4_tkale_vdhankar.txt -f "%U" python3 homework.py > stulog.txt 2>&1 on vdhankar #####
child exited with value 1
##### ERROR: /usr/bin/time -o time_4_tkale_vdhankar.txt -f "%U" python3 homework.py > stulog.txt 2>&1 on vdhankar #####
##### Output of failed program (stdout + stderr): #####
Traceback (most recent call last):
  File "homework.py", line 546, in <module>
    print(end-start)
NameError: name 'end' is not defined
##### End of output of failed program #####
##### vdhankar plays [E c3 d4] in 10.1992268562317s #####
##### Running: /usr/lib/jvm/jdk-14.0.1/bin/java -jar /lab/itti/projects/checkers-competition/server/referee.jar on run_4_tkale_vdhankar #####
Move is valid
##### SUCCESS: /usr/lib/jvm/jdk-14.0.1/bin/java -jar /lab/itti/projects/checkers-competition/server/referee.jar on run_4_tkale_vdhankar #####
INPUT for tkale:
GAME
BLACK
293.38
.b.b.b..
b.b.....
.b......
....b...
...w...b
w...w.w.
.w...w..
w.w.w...
##### Running: /usr/bin/time -o time_4_tkale_vdhankar.txt -f "%U" python2 homework2.py > stulog.txt 2>&1 on tkale #####
##### SUCCESS: /usr/bin/time -o time_4_tkale_vdhankar.txt -f "%U" python2 homework2.py > stulog.txt 2>&1 on tkale #####
##### tkale plays [J e5 c3] in 0.02s #####
##### Running: /usr/lib/jvm/jdk-14.0.1/bin/java -jar /lab/itti/projects/checkers-competition/server/referee.jar on run_4_tkale_vdhankar #####
Move is valid
##### SUCCESS: /usr/lib/jvm/jdk-14.0.1/bin/java -jar /lab/itti/projects/checkers-competition/server/referee.jar on run_4_tkale_vdhankar #####
INPUT for vdhankar:
GAME
WHITE
102.037543058395
.b.b.b..
b.b.....
.b......
........
.......b
w.b.w.w.
.w...w..
w.w.w...
##### Running: /usr/bin/time -o time_4_tkale_vdhankar.txt -f "%U" python3 homework.py > stulog.txt 2>&1 on vdhankar #####
child exited with value 1
##### ERROR: /usr/bin/time -o time_4_tkale_vdhankar.txt -f "%U" python3 homework.py > stulog.txt 2>&1 on vdhankar #####
##### Output of failed program (stdout + stderr): #####
Traceback (most recent call last):
  File "homework.py", line 546, in <module>
    print(end-start)
NameError: name 'end' is not defined
##### End of output of failed program #####
##### vdhankar plays [J b2 d4] in 6.32425498962402s #####
##### Running: /usr/lib/jvm/jdk-14.0.1/bin/java -jar /lab/itti/projects/checkers-competition/server/referee.jar on run_4_tkale_vdhankar #####
Move is valid
##### SUCCESS: /usr/lib/jvm/jdk-14.0.1/bin/java -jar /lab/itti/projects/checkers-competition/server/referee.jar on run_4_tkale_vdhankar #####
INPUT for tkale:
GAME
BLACK
293.36
.b.b.b..
b.b.....
.b......
........
...w...b
w...w.w.
.....w..
w.w.w...
##### Running: /usr/bin/time -o time_4_tkale_vdhankar.txt -f "%U" python2 homework2.py > stulog.txt 2>&1 on tkale #####
##### SUCCESS: /usr/bin/time -o time_4_tkale_vdhankar.txt -f "%U" python2 homework2.py > stulog.txt 2>&1 on tkale #####
##### tkale plays [E b6 c5] in 1.11s #####
##### Running: /usr/lib/jvm/jdk-14.0.1/bin/java -jar /lab/itti/projects/checkers-competition/server/referee.jar on run_4_tkale_vdhankar #####
Move is valid
##### SUCCESS: /usr/lib/jvm/jdk-14.0.1/bin/java -jar /lab/itti/projects/checkers-competition/server/referee.jar on run_4_tkale_vdhankar #####
INPUT for vdhankar:
GAME
WHITE
95.7132880687714
.b.b.b..
b.b.....
........
..b.....
...w...b
w...w.w.
.....w..
w.w.w...
##### Running: /usr/bin/time -o time_4_tkale_vdhankar.txt -f "%U" python3 homework.py > stulog.txt 2>&1 on vdhankar #####
child exited with value 1
##### ERROR: /usr/bin/time -o time_4_tkale_vdhankar.txt -f "%U" python3 homework.py > stulog.txt 2>&1 on vdhankar #####
##### Output of failed program (stdout + stderr): #####
Traceback (most recent call last):
  File "homework.py", line 546, in <module>
    print(end-start)
NameError: name 'end' is not defined
##### End of output of failed program #####
##### vdhankar plays [J d4 b6] in 3.37590408325195s #####
##### Running: /usr/lib/jvm/jdk-14.0.1/bin/java -jar /lab/itti/projects/checkers-competition/server/referee.jar on run_4_tkale_vdhankar #####
Move is valid
##### SUCCESS: /usr/lib/jvm/jdk-14.0.1/bin/java -jar /lab/itti/projects/checkers-competition/server/referee.jar on run_4_tkale_vdhankar #####
INPUT for tkale:
GAME
BLACK
292.25
.b.b.b..
b.b.....
.w......
........
.......b
w...w.w.
.....w..
w.w.w...
##### Running: /usr/bin/time -o time_4_tkale_vdhankar.txt -f "%U" python2 homework2.py > stulog.txt 2>&1 on tkale #####
##### SUCCESS: /usr/bin/time -o time_4_tkale_vdhankar.txt -f "%U" python2 homework2.py > stulog.txt 2>&1 on tkale #####
##### tkale plays [J a7 c5] in 0.34s #####
##### Running: /usr/lib/jvm/jdk-14.0.1/bin/java -jar /lab/itti/projects/checkers-competition/server/referee.jar on run_4_tkale_vdhankar #####
Move is valid
##### SUCCESS: /usr/lib/jvm/jdk-14.0.1/bin/java -jar /lab/itti/projects/checkers-competition/server/referee.jar on run_4_tkale_vdhankar #####
INPUT for vdhankar:
GAME
WHITE
92.3373839855194
.b.b.b..
..b.....
........
..b.....
.......b
w...w.w.
.....w..
w.w.w...
##### Running: /usr/bin/time -o time_4_tkale_vdhankar.txt -f "%U" python3 homework.py > stulog.txt 2>&1 on vdhankar #####
child exited with value 1
##### ERROR: /usr/bin/time -o time_4_tkale_vdhankar.txt -f "%U" python3 homework.py > stulog.txt 2>&1 on vdhankar #####
##### Output of failed program (stdout + stderr): #####
Traceback (most recent call last):
  File "homework.py", line 546, in <module>
    print(end-start)
NameError: name 'end' is not defined
##### End of output of failed program #####
##### vdhankar plays [E e1 d2] in 31.2092590332031s #####
##### Running: /usr/lib/jvm/jdk-14.0.1/bin/java -jar /lab/itti/projects/checkers-competition/server/referee.jar on run_4_tkale_vdhankar #####
Move is valid
##### SUCCESS: /usr/lib/jvm/jdk-14.0.1/bin/java -jar /lab/itti/projects/checkers-competition/server/referee.jar on run_4_tkale_vdhankar #####
INPUT for tkale:
GAME
BLACK
291.91
.b.b.b..
..b.....
........
..b.....
.......b
w...w.w.
...w.w..
w.w.....
##### Running: /usr/bin/time -o time_4_tkale_vdhankar.txt -f "%U" python2 homework2.py > stulog.txt 2>&1 on tkale #####
##### SUCCESS: /usr/bin/time -o time_4_tkale_vdhankar.txt -f "%U" python2 homework2.py > stulog.txt 2>&1 on tkale #####
##### tkale plays [E c5 d4] in 1.23s #####
##### Running: /usr/lib/jvm/jdk-14.0.1/bin/java -jar /lab/itti/projects/checkers-competition/server/referee.jar on run_4_tkale_vdhankar #####
Move is valid
##### SUCCESS: /usr/lib/jvm/jdk-14.0.1/bin/java -jar /lab/itti/projects/checkers-competition/server/referee.jar on run_4_tkale_vdhankar #####
INPUT for vdhankar:
GAME
WHITE
61.1281249523163
.b.b.b..
..b.....
........
........
...b...b
w...w.w.
...w.w..
w.w.....
##### Running: /usr/bin/time -o time_4_tkale_vdhankar.txt -f "%U" python3 homework.py > stulog.txt 2>&1 on vdhankar #####
child exited with value 1
##### ERROR: /usr/bin/time -o time_4_tkale_vdhankar.txt -f "%U" python3 homework.py > stulog.txt 2>&1 on vdhankar #####
##### Output of failed program (stdout + stderr): #####
Traceback (most recent call last):
  File "homework.py", line 546, in <module>
    print(end-start)
NameError: name 'end' is not defined
##### End of output of failed program #####
##### vdhankar plays [J e3 c5] in 5.60233306884766s #####
##### Running: /usr/lib/jvm/jdk-14.0.1/bin/java -jar /lab/itti/projects/checkers-competition/server/referee.jar on run_4_tkale_vdhankar #####
Move is valid
##### SUCCESS: /usr/lib/jvm/jdk-14.0.1/bin/java -jar /lab/itti/projects/checkers-competition/server/referee.jar on run_4_tkale_vdhankar #####
INPUT for tkale:
GAME
BLACK
290.68
.b.b.b..
..b.....
........
..w.....
.......b
w.....w.
...w.w..
w.w.....
##### Running: /usr/bin/time -o time_4_tkale_vdhankar.txt -f "%U" python2 homework2.py > stulog.txt 2>&1 on tkale #####
##### SUCCESS: /usr/bin/time -o time_4_tkale_vdhankar.txt -f "%U" python2 homework2.py > stulog.txt 2>&1 on tkale #####
##### tkale plays [E c7 d6] in 0.99s #####
##### Running: /usr/lib/jvm/jdk-14.0.1/bin/java -jar /lab/itti/projects/checkers-competition/server/referee.jar on run_4_tkale_vdhankar #####
Move is valid
##### SUCCESS: /usr/lib/jvm/jdk-14.0.1/bin/java -jar /lab/itti/projects/checkers-competition/server/referee.jar on run_4_tkale_vdhankar #####
INPUT for vdhankar:
GAME
WHITE
55.5257918834686
.b.b.b..
........
...b....
..w.....
.......b
w.....w.
...w.w..
w.w.....
##### Running: /usr/bin/time -o time_4_tkale_vdhankar.txt -f "%U" python3 homework.py > stulog.txt 2>&1 on vdhankar #####
child exited with value 1
##### ERROR: /usr/bin/time -o time_4_tkale_vdhankar.txt -f "%U" python3 homework.py > stulog.txt 2>&1 on vdhankar #####
##### Output of failed program (stdout + stderr): #####
Traceback (most recent call last):
  File "homework.py", line 546, in <module>
    print(end-start)
NameError: name 'end' is not defined
##### End of output of failed program #####
##### vdhankar plays [J c5 e7] in 2.95423698425293s #####
##### Running: /usr/lib/jvm/jdk-14.0.1/bin/java -jar /lab/itti/projects/checkers-competition/server/referee.jar on run_4_tkale_vdhankar #####
Move is valid
##### SUCCESS: /usr/lib/jvm/jdk-14.0.1/bin/java -jar /lab/itti/projects/checkers-competition/server/referee.jar on run_4_tkale_vdhankar #####
INPUT for tkale:
GAME
BLACK
289.69
.b.b.b..
....w...
........
........
.......b
w.....w.
...w.w..
w.w.....
##### Running: /usr/bin/time -o time_4_tkale_vdhankar.txt -f "%U" python2 homework2.py > stulog.txt 2>&1 on tkale #####
##### SUCCESS: /usr/bin/time -o time_4_tkale_vdhankar.txt -f "%U" python2 homework2.py > stulog.txt 2>&1 on tkale #####
##### tkale plays [J d8 f6] in 0.21s #####
##### Running: /usr/lib/jvm/jdk-14.0.1/bin/java -jar /lab/itti/projects/checkers-competition/server/referee.jar on run_4_tkale_vdhankar #####
Move is valid
##### SUCCESS: /usr/lib/jvm/jdk-14.0.1/bin/java -jar /lab/itti/projects/checkers-competition/server/referee.jar on run_4_tkale_vdhankar #####
INPUT for vdhankar:
GAME
WHITE
52.5715548992157
.b...b..
........
.....b..
........
.......b
w.....w.
...w.w..
w.w.....
##### Running: /usr/bin/time -o time_4_tkale_vdhankar.txt -f "%U" python3 homework.py > stulog.txt 2>&1 on vdhankar #####
child exited with value 1
##### ERROR: /usr/bin/time -o time_4_tkale_vdhankar.txt -f "%U" python3 homework.py > stulog.txt 2>&1 on vdhankar #####
##### Output of failed program (stdout + stderr): #####
Traceback (most recent call last):
  File "homework.py", line 546, in <module>
    print(end-start)
NameError: name 'end' is not defined
##### End of output of failed program #####
##### vdhankar plays [E d2 e3] in 13.2565128803253s #####
##### Running: /usr/lib/jvm/jdk-14.0.1/bin/java -jar /lab/itti/projects/checkers-competition/server/referee.jar on run_4_tkale_vdhankar #####
Move is valid
##### SUCCESS: /usr/lib/jvm/jdk-14.0.1/bin/java -jar /lab/itti/projects/checkers-competition/server/referee.jar on run_4_tkale_vdhankar #####
INPUT for tkale:
GAME
BLACK
289.48
.b...b..
........
.....b..
........
.......b
w...w.w.
.....w..
w.w.....
##### Running: /usr/bin/time -o time_4_tkale_vdhankar.txt -f "%U" python2 homework2.py > stulog.txt 2>&1 on tkale #####
##### SUCCESS: /usr/bin/time -o time_4_tkale_vdhankar.txt -f "%U" python2 homework2.py > stulog.txt 2>&1 on tkale #####
##### tkale plays [E f6 g5] in 0.49s #####
##### Running: /usr/lib/jvm/jdk-14.0.1/bin/java -jar /lab/itti/projects/checkers-competition/server/referee.jar on run_4_tkale_vdhankar #####
Move is valid
##### SUCCESS: /usr/lib/jvm/jdk-14.0.1/bin/java -jar /lab/itti/projects/checkers-competition/server/referee.jar on run_4_tkale_vdhankar #####
INPUT for vdhankar:
GAME
WHITE
39.3150420188904
.b...b..
........
........
......b.
.......b
w...w.w.
.....w..
w.w.....
##### Running: /usr/bin/time -o time_4_tkale_vdhankar.txt -f "%U" python3 homework.py > stulog.txt 2>&1 on vdhankar #####
child exited with value 1
##### ERROR: /usr/bin/time -o time_4_tkale_vdhankar.txt -f "%U" python3 homework.py > stulog.txt 2>&1 on vdhankar #####
##### Output of failed program (stdout + stderr): #####
Traceback (most recent call last):
  File "homework.py", line 546, in <module>
    print(end-start)
NameError: name 'end' is not defined
##### End of output of failed program #####
##### vdhankar plays [E g3 f4] in 1.64336895942688s #####
##### Running: /usr/lib/jvm/jdk-14.0.1/bin/java -jar /lab/itti/projects/checkers-competition/server/referee.jar on run_4_tkale_vdhankar #####
Move is valid
##### SUCCESS: /usr/lib/jvm/jdk-14.0.1/bin/java -jar /lab/itti/projects/checkers-competition/server/referee.jar on run_4_tkale_vdhankar #####
INPUT for tkale:
GAME
BLACK
288.99
.b...b..
........
........
......b.
.....w.b
w...w...
.....w..
w.w.....
##### Running: /usr/bin/time -o time_4_tkale_vdhankar.txt -f "%U" python2 homework2.py > stulog.txt 2>&1 on tkale #####
##### SUCCESS: /usr/bin/time -o time_4_tkale_vdhankar.txt -f "%U" python2 homework2.py > stulog.txt 2>&1 on tkale #####
##### tkale plays [E h4 g3] in 0.18s #####
##### Running: /usr/lib/jvm/jdk-14.0.1/bin/java -jar /lab/itti/projects/checkers-competition/server/referee.jar on run_4_tkale_vdhankar #####
Move is valid
##### SUCCESS: /usr/lib/jvm/jdk-14.0.1/bin/java -jar /lab/itti/projects/checkers-competition/server/referee.jar on run_4_tkale_vdhankar #####
INPUT for vdhankar:
GAME
WHITE
37.6716730594635
.b...b..
........
........
......b.
.....w..
w...w.b.
.....w..
w.w.....
##### Running: /usr/bin/time -o time_4_tkale_vdhankar.txt -f "%U" python3 homework.py > stulog.txt 2>&1 on vdhankar #####
child exited with value 1
##### ERROR: /usr/bin/time -o time_4_tkale_vdhankar.txt -f "%U" python3 homework.py > stulog.txt 2>&1 on vdhankar #####
##### Output of failed program (stdout + stderr): #####
Traceback (most recent call last):
  File "homework.py", line 546, in <module>
    print(end-start)
NameError: name 'end' is not defined
##### End of output of failed program #####
##### vdhankar plays [J f2 h4 ; J h4 f6] in 1.08856797218323s #####
##### Running: /usr/lib/jvm/jdk-14.0.1/bin/java -jar /lab/itti/projects/checkers-competition/server/referee.jar on run_4_tkale_vdhankar #####
Move is valid
##### SUCCESS: /usr/lib/jvm/jdk-14.0.1/bin/java -jar /lab/itti/projects/checkers-competition/server/referee.jar on run_4_tkale_vdhankar #####
INPUT for tkale:
GAME
BLACK
288.81
.b...b..
........
.....w..
........
.....w..
w...w...
........
w.w.....
##### Running: /usr/bin/time -o time_4_tkale_vdhankar.txt -f "%U" python2 homework2.py > stulog.txt 2>&1 on tkale #####
##### SUCCESS: /usr/bin/time -o time_4_tkale_vdhankar.txt -f "%U" python2 homework2.py > stulog.txt 2>&1 on tkale #####
##### tkale plays [E f8 g7] in 0.43s #####
##### Running: /usr/lib/jvm/jdk-14.0.1/bin/java -jar /lab/itti/projects/checkers-competition/server/referee.jar on run_4_tkale_vdhankar #####
Move is valid
##### SUCCESS: /usr/lib/jvm/jdk-14.0.1/bin/java -jar /lab/itti/projects/checkers-competition/server/referee.jar on run_4_tkale_vdhankar #####
INPUT for vdhankar:
GAME
WHITE
36.5831050872803
.b......
......b.
.....w..
........
.....w..
w...w...
........
w.w.....
##### Running: /usr/bin/time -o time_4_tkale_vdhankar.txt -f "%U" python3 homework.py > stulog.txt 2>&1 on vdhankar #####
child exited with value 1
##### ERROR: /usr/bin/time -o time_4_tkale_vdhankar.txt -f "%U" python3 homework.py > stulog.txt 2>&1 on vdhankar #####
##### Output of failed program (stdout + stderr): #####
Traceback (most recent call last):
  File "homework.py", line 546, in <module>
    print(end-start)
NameError: name 'end' is not defined
##### End of output of failed program #####
##### vdhankar plays [J f6 h8] in 0.580216884613037s #####
##### Running: /usr/lib/jvm/jdk-14.0.1/bin/java -jar /lab/itti/projects/checkers-competition/server/referee.jar on run_4_tkale_vdhankar #####
Move is valid
##### SUCCESS: /usr/lib/jvm/jdk-14.0.1/bin/java -jar /lab/itti/projects/checkers-competition/server/referee.jar on run_4_tkale_vdhankar #####
INPUT for tkale:
GAME
BLACK
288.38
.b.....W
........
........
........
.....w..
w...w...
........
w.w.....
##### Running: /usr/bin/time -o time_4_tkale_vdhankar.txt -f "%U" python2 homework2.py > stulog.txt 2>&1 on tkale #####
##### SUCCESS: /usr/bin/time -o time_4_tkale_vdhankar.txt -f "%U" python2 homework2.py > stulog.txt 2>&1 on tkale #####
##### tkale plays [E b8 c7] in 0.24s #####
##### Running: /usr/lib/jvm/jdk-14.0.1/bin/java -jar /lab/itti/projects/checkers-competition/server/referee.jar on run_4_tkale_vdhankar #####
Move is valid
##### SUCCESS: /usr/lib/jvm/jdk-14.0.1/bin/java -jar /lab/itti/projects/checkers-competition/server/referee.jar on run_4_tkale_vdhankar #####
INPUT for vdhankar:
GAME
WHITE
36.0028882026672
.......W
..b.....
........
........
.....w..
w...w...
........
w.w.....
##### Running: /usr/bin/time -o time_4_tkale_vdhankar.txt -f "%U" python3 homework.py > stulog.txt 2>&1 on vdhankar #####
child exited with value 1
##### ERROR: /usr/bin/time -o time_4_tkale_vdhankar.txt -f "%U" python3 homework.py > stulog.txt 2>&1 on vdhankar #####
##### Output of failed program (stdout + stderr): #####
Traceback (most recent call last):
  File "homework.py", line 546, in <module>
    print(end-start)
NameError: name 'end' is not defined
##### End of output of failed program #####
##### vdhankar plays [E h8 g7] in 0.381989002227783s #####
##### Running: /usr/lib/jvm/jdk-14.0.1/bin/java -jar /lab/itti/projects/checkers-competition/server/referee.jar on run_4_tkale_vdhankar #####
Move is valid
##### SUCCESS: /usr/lib/jvm/jdk-14.0.1/bin/java -jar /lab/itti/projects/checkers-competition/server/referee.jar on run_4_tkale_vdhankar #####
INPUT for tkale:
GAME
BLACK
288.14
........
..b...W.
........
........
.....w..
w...w...
........
w.w.....
##### Running: /usr/bin/time -o time_4_tkale_vdhankar.txt -f "%U" python2 homework2.py > stulog.txt 2>&1 on tkale #####
##### SUCCESS: /usr/bin/time -o time_4_tkale_vdhankar.txt -f "%U" python2 homework2.py > stulog.txt 2>&1 on tkale #####
##### tkale plays [E c7 b6] in 0.16s #####
##### Running: /usr/lib/jvm/jdk-14.0.1/bin/java -jar /lab/itti/projects/checkers-competition/server/referee.jar on run_4_tkale_vdhankar #####
Move is valid
##### SUCCESS: /usr/lib/jvm/jdk-14.0.1/bin/java -jar /lab/itti/projects/checkers-competition/server/referee.jar on run_4_tkale_vdhankar #####
INPUT for vdhankar:
GAME
WHITE
35.6208992004395
........
......W.
.b......
........
.....w..
w...w...
........
w.w.....
##### Running: /usr/bin/time -o time_4_tkale_vdhankar.txt -f "%U" python3 homework.py > stulog.txt 2>&1 on vdhankar #####
child exited with value 1
##### ERROR: /usr/bin/time -o time_4_tkale_vdhankar.txt -f "%U" python3 homework.py > stulog.txt 2>&1 on vdhankar #####
##### Output of failed program (stdout + stderr): #####
Traceback (most recent call last):
  File "homework.py", line 546, in <module>
    print(end-start)
NameError: name 'end' is not defined
##### End of output of failed program #####
##### vdhankar plays [E g7 f8] in 0.472955942153931s #####
##### Running: /usr/lib/jvm/jdk-14.0.1/bin/java -jar /lab/itti/projects/checkers-competition/server/referee.jar on run_4_tkale_vdhankar #####
Move is valid
##### SUCCESS: /usr/lib/jvm/jdk-14.0.1/bin/java -jar /lab/itti/projects/checkers-competition/server/referee.jar on run_4_tkale_vdhankar #####
INPUT for tkale:
GAME
BLACK
287.98
.....W..
........
.b......
........
.....w..
w...w...
........
w.w.....
##### Running: /usr/bin/time -o time_4_tkale_vdhankar.txt -f "%U" python2 homework2.py > stulog.txt 2>&1 on tkale #####
child exited with value 1
##### ERROR: /usr/bin/time -o time_4_tkale_vdhankar.txt -f "%U" python2 homework2.py > stulog.txt 2>&1 on tkale #####
##### Output of failed program (stdout + stderr): #####
Traceback (most recent call last):
  File "homework2.py", line 509, in <module>
    final_move = playGame(matrix,color)
  File "homework2.py", line 451, in playGame
    same_value_moves.append(move)
UnboundLocalError: local variable 'same_value_moves' referenced before assignment
##### End of output of failed program #####
##### tkale plays [] in 0.0984299182891846s #####
##### Running: /usr/lib/jvm/jdk-14.0.1/bin/java -jar /lab/itti/projects/checkers-competition/server/referee.jar on run_4_tkale_vdhankar #####
Move is not valid
##### SUCCESS: /usr/lib/jvm/jdk-14.0.1/bin/java -jar /lab/itti/projects/checkers-competition/server/referee.jar on run_4_tkale_vdhankar #####
##### GAME OVER: tkale loses because of illegal move [] #####
Server said: FAIL
########## ROUND 4 GAMESCORE AFTER GAME 3: tkale=0 and vdhankar=3 ##########
#################### ROUND 4: tkale (W) vs vdhankar (B): game 4 ####################
##### game start! #####
INPUT for vdhankar:
GAME
BLACK
300
.b.b.b.b
b.b.b.b.
.b.b.b.b
........
........
w.w.w.w.
.w.w.w.w
w.w.w.w.
##### Running: /usr/bin/time -o time_4_tkale_vdhankar.txt -f "%U" python3 homework.py > stulog.txt 2>&1 on vdhankar #####
child exited with value 1
##### ERROR: /usr/bin/time -o time_4_tkale_vdhankar.txt -f "%U" python3 homework.py > stulog.txt 2>&1 on vdhankar #####
##### Output of failed program (stdout + stderr): #####
Traceback (most recent call last):
  File "homework.py", line 546, in <module>
    print(end-start)
NameError: name 'end' is not defined
##### End of output of failed program #####
##### vdhankar plays [E h6 g5] in 12.3567311763763s #####
##### Running: /usr/lib/jvm/jdk-14.0.1/bin/java -jar /lab/itti/projects/checkers-competition/server/referee.jar on run_4_tkale_vdhankar #####
Move is valid
Couldn't read file 'current_ply.txt'
Couldn't read content from file 'current_ply.txt'
Couldn't read file 'lastmatchange_ply.txt'
Couldn't read content from file 'lastmatchange_ply.txt'
##### SUCCESS: /usr/lib/jvm/jdk-14.0.1/bin/java -jar /lab/itti/projects/checkers-competition/server/referee.jar on run_4_tkale_vdhankar #####
INPUT for tkale:
GAME
WHITE
300
.b.b.b.b
b.b.b.b.
.b.b.b..
......b.
........
w.w.w.w.
.w.w.w.w
w.w.w.w.
##### Running: /usr/bin/time -o time_4_tkale_vdhankar.txt -f "%U" python2 homework2.py > stulog.txt 2>&1 on tkale #####
##### SUCCESS: /usr/bin/time -o time_4_tkale_vdhankar.txt -f "%U" python2 homework2.py > stulog.txt 2>&1 on tkale #####
##### tkale plays [E g3 f4] in 0.77s #####
##### Running: /usr/lib/jvm/jdk-14.0.1/bin/java -jar /lab/itti/projects/checkers-competition/server/referee.jar on run_4_tkale_vdhankar #####
Move is valid
##### SUCCESS: /usr/lib/jvm/jdk-14.0.1/bin/java -jar /lab/itti/projects/checkers-competition/server/referee.jar on run_4_tkale_vdhankar #####
INPUT for vdhankar:
GAME
BLACK
287.643268823624
.b.b.b.b
b.b.b.b.
.b.b.b..
......b.
.....w..
w.w.w...
.w.w.w.w
w.w.w.w.
##### Running: /usr/bin/time -o time_4_tkale_vdhankar.txt -f "%U" python3 homework.py > stulog.txt 2>&1 on vdhankar #####
child exited with value 1
##### ERROR: /usr/bin/time -o time_4_tkale_vdhankar.txt -f "%U" python3 homework.py > stulog.txt 2>&1 on vdhankar #####
##### Output of failed program (stdout + stderr): #####
Traceback (most recent call last):
  File "homework.py", line 546, in <module>
    print(end-start)
NameError: name 'end' is not defined
##### End of output of failed program #####
##### vdhankar plays [E g5 h4] in 8.78840494155884s #####
##### Running: /usr/lib/jvm/jdk-14.0.1/bin/java -jar /lab/itti/projects/checkers-competition/server/referee.jar on run_4_tkale_vdhankar #####
Move is valid
##### SUCCESS: /usr/lib/jvm/jdk-14.0.1/bin/java -jar /lab/itti/projects/checkers-competition/server/referee.jar on run_4_tkale_vdhankar #####
INPUT for tkale:
GAME
WHITE
299.23
.b.b.b.b
b.b.b.b.
.b.b.b..
........
.....w.b
w.w.w...
.w.w.w.w
w.w.w.w.
##### Running: /usr/bin/time -o time_4_tkale_vdhankar.txt -f "%U" python2 homework2.py > stulog.txt 2>&1 on tkale #####
##### SUCCESS: /usr/bin/time -o time_4_tkale_vdhankar.txt -f "%U" python2 homework2.py > stulog.txt 2>&1 on tkale #####
##### tkale plays [E f4 g5] in 0.8s #####
##### Running: /usr/lib/jvm/jdk-14.0.1/bin/java -jar /lab/itti/projects/checkers-competition/server/referee.jar on run_4_tkale_vdhankar #####
Move is valid
##### SUCCESS: /usr/lib/jvm/jdk-14.0.1/bin/java -jar /lab/itti/projects/checkers-competition/server/referee.jar on run_4_tkale_vdhankar #####
INPUT for vdhankar:
GAME
BLACK
278.854863882065
.b.b.b.b
b.b.b.b.
.b.b.b..
......w.
.......b
w.w.w...
.w.w.w.w
w.w.w.w.
##### Running: /usr/bin/time -o time_4_tkale_vdhankar.txt -f "%U" python3 homework.py > stulog.txt 2>&1 on vdhankar #####
child exited with value 1
##### ERROR: /usr/bin/time -o time_4_tkale_vdhankar.txt -f "%U" python3 homework.py > stulog.txt 2>&1 on vdhankar #####
##### Output of failed program (stdout + stderr): #####
Traceback (most recent call last):
  File "homework.py", line 546, in <module>
    print(end-start)
NameError: name 'end' is not defined
##### End of output of failed program #####
##### vdhankar plays [E b6 a5] in 13.2964808940887s #####
##### Running: /usr/lib/jvm/jdk-14.0.1/bin/java -jar /lab/itti/projects/checkers-competition/server/referee.jar on run_4_tkale_vdhankar #####
Move is valid
##### SUCCESS: /usr/lib/jvm/jdk-14.0.1/bin/java -jar /lab/itti/projects/checkers-competition/server/referee.jar on run_4_tkale_vdhankar #####
INPUT for tkale:
GAME
WHITE
298.43
.b.b.b.b
b.b.b.b.
...b.b..
b.....w.
.......b
w.w.w...
.w.w.w.w
w.w.w.w.
##### Running: /usr/bin/time -o time_4_tkale_vdhankar.txt -f "%U" python2 homework2.py > stulog.txt 2>&1 on tkale #####
##### SUCCESS: /usr/bin/time -o time_4_tkale_vdhankar.txt -f "%U" python2 homework2.py > stulog.txt 2>&1 on tkale #####
##### tkale plays [E h2 g3] in 1.13s #####
##### Running: /usr/lib/jvm/jdk-14.0.1/bin/java -jar /lab/itti/projects/checkers-competition/server/referee.jar on run_4_tkale_vdhankar #####
Move is valid
##### SUCCESS: /usr/lib/jvm/jdk-14.0.1/bin/java -jar /lab/itti/projects/checkers-competition/server/referee.jar on run_4_tkale_vdhankar #####
INPUT for vdhankar:
GAME
BLACK
265.558382987976
.b.b.b.b
b.b.b.b.
...b.b..
b.....w.
.......b
w.w.w.w.
.w.w.w..
w.w.w.w.
##### Running: /usr/bin/time -o time_4_tkale_vdhankar.txt -f "%U" python3 homework.py > stulog.txt 2>&1 on vdhankar #####
child exited with value 1
##### ERROR: /usr/bin/time -o time_4_tkale_vdhankar.txt -f "%U" python3 homework.py > stulog.txt 2>&1 on vdhankar #####
##### Output of failed program (stdout + stderr): #####
Traceback (most recent call last):
  File "homework.py", line 546, in <module>
    print(end-start)
NameError: name 'end' is not defined
##### End of output of failed program #####
##### vdhankar plays [E d6 c5] in 13.8463451862335s #####
##### Running: /usr/lib/jvm/jdk-14.0.1/bin/java -jar /lab/itti/projects/checkers-competition/server/referee.jar on run_4_tkale_vdhankar #####
Move is valid
##### SUCCESS: /usr/lib/jvm/jdk-14.0.1/bin/java -jar /lab/itti/projects/checkers-competition/server/referee.jar on run_4_tkale_vdhankar #####
INPUT for tkale:
GAME
WHITE
297.3
.b.b.b.b
b.b.b.b.
.....b..
b.b...w.
.......b
w.w.w.w.
.w.w.w..
w.w.w.w.
##### Running: /usr/bin/time -o time_4_tkale_vdhankar.txt -f "%U" python2 homework2.py > stulog.txt 2>&1 on tkale #####
##### SUCCESS: /usr/bin/time -o time_4_tkale_vdhankar.txt -f "%U" python2 homework2.py > stulog.txt 2>&1 on tkale #####
##### tkale plays [E g5 h6] in 0.74s #####
##### Running: /usr/lib/jvm/jdk-14.0.1/bin/java -jar /lab/itti/projects/checkers-competition/server/referee.jar on run_4_tkale_vdhankar #####
Move is valid
##### SUCCESS: /usr/lib/jvm/jdk-14.0.1/bin/java -jar /lab/itti/projects/checkers-competition/server/referee.jar on run_4_tkale_vdhankar #####
INPUT for vdhankar:
GAME
BLACK
251.712037801743
.b.b.b.b
b.b.b.b.
.....b.w
b.b.....
.......b
w.w.w.w.
.w.w.w..
w.w.w.w.
##### Running: /usr/bin/time -o time_4_tkale_vdhankar.txt -f "%U" python3 homework.py > stulog.txt 2>&1 on vdhankar #####
child exited with value 1
##### ERROR: /usr/bin/time -o time_4_tkale_vdhankar.txt -f "%U" python3 homework.py > stulog.txt 2>&1 on vdhankar #####
##### Output of failed program (stdout + stderr): #####
Traceback (most recent call last):
  File "homework.py", line 546, in <module>
    print(end-start)
NameError: name 'end' is not defined
##### End of output of failed program #####
##### vdhankar plays [E c7 b6] in 6.79130411148071s #####
##### Running: /usr/lib/jvm/jdk-14.0.1/bin/java -jar /lab/itti/projects/checkers-competition/server/referee.jar on run_4_tkale_vdhankar #####
Move is valid
##### SUCCESS: /usr/lib/jvm/jdk-14.0.1/bin/java -jar /lab/itti/projects/checkers-competition/server/referee.jar on run_4_tkale_vdhankar #####
INPUT for tkale:
GAME
WHITE
296.56
.b.b.b.b
b...b.b.
.b...b.w
b.b.....
.......b
w.w.w.w.
.w.w.w..
w.w.w.w.
##### Running: /usr/bin/time -o time_4_tkale_vdhankar.txt -f "%U" python2 homework2.py > stulog.txt 2>&1 on tkale #####
##### SUCCESS: /usr/bin/time -o time_4_tkale_vdhankar.txt -f "%U" python2 homework2.py > stulog.txt 2>&1 on tkale #####
##### tkale plays [E e3 d4] in 0.59s #####
##### Running: /usr/lib/jvm/jdk-14.0.1/bin/java -jar /lab/itti/projects/checkers-competition/server/referee.jar on run_4_tkale_vdhankar #####
Move is valid
##### SUCCESS: /usr/lib/jvm/jdk-14.0.1/bin/java -jar /lab/itti/projects/checkers-competition/server/referee.jar on run_4_tkale_vdhankar #####
INPUT for vdhankar:
GAME
BLACK
244.920733690262
.b.b.b.b
b...b.b.
.b...b.w
b.b.....
...w...b
w.w...w.
.w.w.w..
w.w.w.w.
##### Running: /usr/bin/time -o time_4_tkale_vdhankar.txt -f "%U" python3 homework.py > stulog.txt 2>&1 on vdhankar #####
child exited with value 1
##### ERROR: /usr/bin/time -o time_4_tkale_vdhankar.txt -f "%U" python3 homework.py > stulog.txt 2>&1 on vdhankar #####
##### Output of failed program (stdout + stderr): #####
Traceback (most recent call last):
  File "homework.py", line 546, in <module>
    print(end-start)
NameError: name 'end' is not defined
##### End of output of failed program #####
##### vdhankar plays [J c5 e3] in 1.89044713973999s #####
##### Running: /usr/lib/jvm/jdk-14.0.1/bin/java -jar /lab/itti/projects/checkers-competition/server/referee.jar on run_4_tkale_vdhankar #####
Move is valid
##### SUCCESS: /usr/lib/jvm/jdk-14.0.1/bin/java -jar /lab/itti/projects/checkers-competition/server/referee.jar on run_4_tkale_vdhankar #####
INPUT for tkale:
GAME
WHITE
295.97
.b.b.b.b
b...b.b.
.b...b.w
b.......
.......b
w.w.b.w.
.w.w.w..
w.w.w.w.
##### Running: /usr/bin/time -o time_4_tkale_vdhankar.txt -f "%U" python2 homework2.py > stulog.txt 2>&1 on tkale #####
##### SUCCESS: /usr/bin/time -o time_4_tkale_vdhankar.txt -f "%U" python2 homework2.py > stulog.txt 2>&1 on tkale #####
##### tkale plays [J f2 d4] in 0.13s #####
##### Running: /usr/lib/jvm/jdk-14.0.1/bin/java -jar /lab/itti/projects/checkers-competition/server/referee.jar on run_4_tkale_vdhankar #####
Move is valid
##### SUCCESS: /usr/lib/jvm/jdk-14.0.1/bin/java -jar /lab/itti/projects/checkers-competition/server/referee.jar on run_4_tkale_vdhankar #####
INPUT for vdhankar:
GAME
BLACK
243.030286550522
.b.b.b.b
b...b.b.
.b...b.w
b.......
...w...b
w.w...w.
.w.w....
w.w.w.w.
##### Running: /usr/bin/time -o time_4_tkale_vdhankar.txt -f "%U" python3 homework.py > stulog.txt 2>&1 on vdhankar #####
child exited with value 1
##### ERROR: /usr/bin/time -o time_4_tkale_vdhankar.txt -f "%U" python3 homework.py > stulog.txt 2>&1 on vdhankar #####
##### Output of failed program (stdout + stderr): #####
Traceback (most recent call last):
  File "homework.py", line 546, in <module>
    print(end-start)
NameError: name 'end' is not defined
##### End of output of failed program #####
##### vdhankar plays [J h4 f2] in 2.13229990005493s #####
##### Running: /usr/lib/jvm/jdk-14.0.1/bin/java -jar /lab/itti/projects/checkers-competition/server/referee.jar on run_4_tkale_vdhankar #####
Move is valid
##### SUCCESS: /usr/lib/jvm/jdk-14.0.1/bin/java -jar /lab/itti/projects/checkers-competition/server/referee.jar on run_4_tkale_vdhankar #####
INPUT for tkale:
GAME
WHITE
295.84
.b.b.b.b
b...b.b.
.b...b.w
b.......
...w....
w.w.....
.w.w.b..
w.w.w.w.
##### Running: /usr/bin/time -o time_4_tkale_vdhankar.txt -f "%U" python2 homework2.py > stulog.txt 2>&1 on tkale #####
##### SUCCESS: /usr/bin/time -o time_4_tkale_vdhankar.txt -f "%U" python2 homework2.py > stulog.txt 2>&1 on tkale #####
##### tkale plays [J g1 e3] in 0.28s #####
##### Running: /usr/lib/jvm/jdk-14.0.1/bin/java -jar /lab/itti/projects/checkers-competition/server/referee.jar on run_4_tkale_vdhankar #####
Move is valid
##### SUCCESS: /usr/lib/jvm/jdk-14.0.1/bin/java -jar /lab/itti/projects/checkers-competition/server/referee.jar on run_4_tkale_vdhankar #####
INPUT for vdhankar:
GAME
BLACK
240.897986650467
.b.b.b.b
b...b.b.
.b...b.w
b.......
...w....
w.w.w...
.w.w....
w.w.w...
##### Running: /usr/bin/time -o time_4_tkale_vdhankar.txt -f "%U" python3 homework.py > stulog.txt 2>&1 on vdhankar #####
child exited with value 1
##### ERROR: /usr/bin/time -o time_4_tkale_vdhankar.txt -f "%U" python3 homework.py > stulog.txt 2>&1 on vdhankar #####
##### Output of failed program (stdout + stderr): #####
Traceback (most recent call last):
  File "homework.py", line 546, in <module>
    print(end-start)
NameError: name 'end' is not defined
##### End of output of failed program #####
##### vdhankar plays [E e7 d6] in 4.43986701965332s #####
##### Running: /usr/lib/jvm/jdk-14.0.1/bin/java -jar /lab/itti/projects/checkers-competition/server/referee.jar on run_4_tkale_vdhankar #####
Move is valid
##### SUCCESS: /usr/lib/jvm/jdk-14.0.1/bin/java -jar /lab/itti/projects/checkers-competition/server/referee.jar on run_4_tkale_vdhankar #####
INPUT for tkale:
GAME
WHITE
295.56
.b.b.b.b
b.....b.
.b.b.b.w
b.......
...w....
w.w.w...
.w.w....
w.w.w...
##### Running: /usr/bin/time -o time_4_tkale_vdhankar.txt -f "%U" python2 homework2.py > stulog.txt 2>&1 on tkale #####
##### SUCCESS: /usr/bin/time -o time_4_tkale_vdhankar.txt -f "%U" python2 homework2.py > stulog.txt 2>&1 on tkale #####
##### tkale plays [E c3 b4] in 0.45s #####
##### Running: /usr/lib/jvm/jdk-14.0.1/bin/java -jar /lab/itti/projects/checkers-competition/server/referee.jar on run_4_tkale_vdhankar #####
Move is valid
##### SUCCESS: /usr/lib/jvm/jdk-14.0.1/bin/java -jar /lab/itti/projects/checkers-competition/server/referee.jar on run_4_tkale_vdhankar #####
INPUT for vdhankar:
GAME
BLACK
236.458119630814
.b.b.b.b
b.....b.
.b.b.b.w
b.......
.w.w....
w...w...
.w.w....
w.w.w...
##### Running: /usr/bin/time -o time_4_tkale_vdhankar.txt -f "%U" python3 homework.py > stulog.txt 2>&1 on vdhankar #####
child exited with value 1
##### ERROR: /usr/bin/time -o time_4_tkale_vdhankar.txt -f "%U" python3 homework.py > stulog.txt 2>&1 on vdhankar #####
##### Output of failed program (stdout + stderr): #####
Traceback (most recent call last):
  File "homework.py", line 546, in <module>
    print(end-start)
NameError: name 'end' is not defined
##### End of output of failed program #####
##### vdhankar plays [J a5 c3] in 1.15009593963623s #####
##### Running: /usr/lib/jvm/jdk-14.0.1/bin/java -jar /lab/itti/projects/checkers-competition/server/referee.jar on run_4_tkale_vdhankar #####
Move is valid
##### SUCCESS: /usr/lib/jvm/jdk-14.0.1/bin/java -jar /lab/itti/projects/checkers-competition/server/referee.jar on run_4_tkale_vdhankar #####
INPUT for tkale:
GAME
WHITE
295.11
.b.b.b.b
b.....b.
.b.b.b.w
........
...w....
w.b.w...
.w.w....
w.w.w...
##### Running: /usr/bin/time -o time_4_tkale_vdhankar.txt -f "%U" python2 homework2.py > stulog.txt 2>&1 on tkale #####
##### SUCCESS: /usr/bin/time -o time_4_tkale_vdhankar.txt -f "%U" python2 homework2.py > stulog.txt 2>&1 on tkale #####
##### tkale plays [J d2 b4] in 0.02s #####
##### Running: /usr/lib/jvm/jdk-14.0.1/bin/java -jar /lab/itti/projects/checkers-competition/server/referee.jar on run_4_tkale_vdhankar #####
Move is valid
##### SUCCESS: /usr/lib/jvm/jdk-14.0.1/bin/java -jar /lab/itti/projects/checkers-competition/server/referee.jar on run_4_tkale_vdhankar #####
INPUT for vdhankar:
GAME
BLACK
235.308023691177
.b.b.b.b
b.....b.
.b.b.b.w
........
.w.w....
w...w...
.w......
w.w.w...
##### Running: /usr/bin/time -o time_4_tkale_vdhankar.txt -f "%U" python3 homework.py > stulog.txt 2>&1 on vdhankar #####
child exited with value 1
##### ERROR: /usr/bin/time -o time_4_tkale_vdhankar.txt -f "%U" python3 homework.py > stulog.txt 2>&1 on vdhankar #####
##### Output of failed program (stdout + stderr): #####
Traceback (most recent call last):
  File "homework.py", line 546, in <module>
    print(end-start)
NameError: name 'end' is not defined
##### End of output of failed program #####
##### vdhankar plays [E f6 g5] in 5.30017709732056s #####
##### Running: /usr/lib/jvm/jdk-14.0.1/bin/java -jar /lab/itti/projects/checkers-competition/server/referee.jar on run_4_tkale_vdhankar #####
Move is valid
##### SUCCESS: /usr/lib/jvm/jdk-14.0.1/bin/java -jar /lab/itti/projects/checkers-competition/server/referee.jar on run_4_tkale_vdhankar #####
INPUT for tkale:
GAME
WHITE
295.09
.b.b.b.b
b.....b.
.b.b...w
......b.
.w.w....
w...w...
.w......
w.w.w...
##### Running: /usr/bin/time -o time_4_tkale_vdhankar.txt -f "%U" python2 homework2.py > stulog.txt 2>&1 on tkale #####
##### SUCCESS: /usr/bin/time -o time_4_tkale_vdhankar.txt -f "%U" python2 homework2.py > stulog.txt 2>&1 on tkale #####
##### tkale plays [E e1 f2] in 1.1s #####
##### Running: /usr/lib/jvm/jdk-14.0.1/bin/java -jar /lab/itti/projects/checkers-competition/server/referee.jar on run_4_tkale_vdhankar #####
Move is valid
##### SUCCESS: /usr/lib/jvm/jdk-14.0.1/bin/java -jar /lab/itti/projects/checkers-competition/server/referee.jar on run_4_tkale_vdhankar #####
INPUT for vdhankar:
GAME
BLACK
230.007846593857
.b.b.b.b
b.....b.
.b.b...w
......b.
.w.w....
w...w...
.w...w..
w.w.....
##### Running: /usr/bin/time -o time_4_tkale_vdhankar.txt -f "%U" python3 homework.py > stulog.txt 2>&1 on vdhankar #####
child exited with value 1
##### ERROR: /usr/bin/time -o time_4_tkale_vdhankar.txt -f "%U" python3 homework.py > stulog.txt 2>&1 on vdhankar #####
##### Output of failed program (stdout + stderr): #####
Traceback (most recent call last):
  File "homework.py", line 546, in <module>
    print(end-start)
NameError: name 'end' is not defined
##### End of output of failed program #####
##### vdhankar plays [E d6 e5] in 6.85628199577332s #####
##### Running: /usr/lib/jvm/jdk-14.0.1/bin/java -jar /lab/itti/projects/checkers-competition/server/referee.jar on run_4_tkale_vdhankar #####
Move is valid
##### SUCCESS: /usr/lib/jvm/jdk-14.0.1/bin/java -jar /lab/itti/projects/checkers-competition/server/referee.jar on run_4_tkale_vdhankar #####
INPUT for tkale:
GAME
WHITE
293.99
.b.b.b.b
b.....b.
.b.....w
....b.b.
.w.w....
w...w...
.w...w..
w.w.....
##### Running: /usr/bin/time -o time_4_tkale_vdhankar.txt -f "%U" python2 homework2.py > stulog.txt 2>&1 on tkale #####
##### SUCCESS: /usr/bin/time -o time_4_tkale_vdhankar.txt -f "%U" python2 homework2.py > stulog.txt 2>&1 on tkale #####
##### tkale plays [J d4 f6] in 0.02s #####
##### Running: /usr/lib/jvm/jdk-14.0.1/bin/java -jar /lab/itti/projects/checkers-competition/server/referee.jar on run_4_tkale_vdhankar #####
Move is valid
##### SUCCESS: /usr/lib/jvm/jdk-14.0.1/bin/java -jar /lab/itti/projects/checkers-competition/server/referee.jar on run_4_tkale_vdhankar #####
INPUT for vdhankar:
GAME
BLACK
223.151564598083
.b.b.b.b
b.....b.
.b...w.w
......b.
.w......
w...w...
.w...w..
w.w.....
##### Running: /usr/bin/time -o time_4_tkale_vdhankar.txt -f "%U" python3 homework.py > stulog.txt 2>&1 on vdhankar #####
child exited with value 1
##### ERROR: /usr/bin/time -o time_4_tkale_vdhankar.txt -f "%U" python3 homework.py > stulog.txt 2>&1 on vdhankar #####
##### Output of failed program (stdout + stderr): #####
Traceback (most recent call last):
  File "homework.py", line 546, in <module>
    print(end-start)
NameError: name 'end' is not defined
##### End of output of failed program #####
##### vdhankar plays [J g7 e5] in 8.06675004959106s #####
##### Running: /usr/lib/jvm/jdk-14.0.1/bin/java -jar /lab/itti/projects/checkers-competition/server/referee.jar on run_4_tkale_vdhankar #####
Move is valid
##### SUCCESS: /usr/lib/jvm/jdk-14.0.1/bin/java -jar /lab/itti/projects/checkers-competition/server/referee.jar on run_4_tkale_vdhankar #####
INPUT for tkale:
GAME
WHITE
293.97
.b.b.b.b
b.......
.b.....w
....b.b.
.w......
w...w...
.w...w..
w.w.....
##### Running: /usr/bin/time -o time_4_tkale_vdhankar.txt -f "%U" python2 homework2.py > stulog.txt 2>&1 on tkale #####
##### SUCCESS: /usr/bin/time -o time_4_tkale_vdhankar.txt -f "%U" python2 homework2.py > stulog.txt 2>&1 on tkale #####
##### tkale plays [E e3 d4] in 1.82s #####
##### Running: /usr/lib/jvm/jdk-14.0.1/bin/java -jar /lab/itti/projects/checkers-competition/server/referee.jar on run_4_tkale_vdhankar #####
Move is valid
##### SUCCESS: /usr/lib/jvm/jdk-14.0.1/bin/java -jar /lab/itti/projects/checkers-competition/server/referee.jar on run_4_tkale_vdhankar #####
INPUT for vdhankar:
GAME
BLACK
215.084814548492
.b.b.b.b
b.......
.b.....w
....b.b.
.w.w....
w.......
.w...w..
w.w.....
##### Running: /usr/bin/time -o time_4_tkale_vdhankar.txt -f "%U" python3 homework.py > stulog.txt 2>&1 on vdhankar #####
child exited with value 1
##### ERROR: /usr/bin/time -o time_4_tkale_vdhankar.txt -f "%U" python3 homework.py > stulog.txt 2>&1 on vdhankar #####
##### Output of failed program (stdout + stderr): #####
Traceback (most recent call last):
  File "homework.py", line 546, in <module>
    print(end-start)
NameError: name 'end' is not defined
##### End of output of failed program #####
##### vdhankar plays [J e5 c3] in 4.81903505325317s #####
##### Running: /usr/lib/jvm/jdk-14.0.1/bin/java -jar /lab/itti/projects/checkers-competition/server/referee.jar on run_4_tkale_vdhankar #####
Move is valid
##### SUCCESS: /usr/lib/jvm/jdk-14.0.1/bin/java -jar /lab/itti/projects/checkers-competition/server/referee.jar on run_4_tkale_vdhankar #####
INPUT for tkale:
GAME
WHITE
292.15
.b.b.b.b
b.......
.b.....w
......b.
.w......
w.b.....
.w...w..
w.w.....
##### Running: /usr/bin/time -o time_4_tkale_vdhankar.txt -f "%U" python2 homework2.py > stulog.txt 2>&1 on tkale #####
##### SUCCESS: /usr/bin/time -o time_4_tkale_vdhankar.txt -f "%U" python2 homework2.py > stulog.txt 2>&1 on tkale #####
##### tkale plays [J b2 d4] in 0.03s #####
##### Running: /usr/lib/jvm/jdk-14.0.1/bin/java -jar /lab/itti/projects/checkers-competition/server/referee.jar on run_4_tkale_vdhankar #####
Move is valid
##### SUCCESS: /usr/lib/jvm/jdk-14.0.1/bin/java -jar /lab/itti/projects/checkers-competition/server/referee.jar on run_4_tkale_vdhankar #####
INPUT for vdhankar:
GAME
BLACK
210.265779495239
.b.b.b.b
b.......
.b.....w
......b.
.w.w....
w.......
.....w..
w.w.....
##### Running: /usr/bin/time -o time_4_tkale_vdhankar.txt -f "%U" python3 homework.py > stulog.txt 2>&1 on vdhankar #####
child exited with value 1
##### ERROR: /usr/bin/time -o time_4_tkale_vdhankar.txt -f "%U" python3 homework.py > stulog.txt 2>&1 on vdhankar #####
##### Output of failed program (stdout + stderr): #####
Traceback (most recent call last):
  File "homework.py", line 546, in <module>
    print(end-start)
NameError: name 'end' is not defined
##### End of output of failed program #####
##### vdhankar plays [E g5 f4] in 43.5775270462036s #####
##### Running: /usr/lib/jvm/jdk-14.0.1/bin/java -jar /lab/itti/projects/checkers-competition/server/referee.jar on run_4_tkale_vdhankar #####
Move is valid
##### SUCCESS: /usr/lib/jvm/jdk-14.0.1/bin/java -jar /lab/itti/projects/checkers-competition/server/referee.jar on run_4_tkale_vdhankar #####
INPUT for tkale:
GAME
WHITE
292.12
.b.b.b.b
b.......
.b.....w
........
.w.w.b..
w.......
.....w..
w.w.....
##### Running: /usr/bin/time -o time_4_tkale_vdhankar.txt -f "%U" python2 homework2.py > stulog.txt 2>&1 on tkale #####
##### SUCCESS: /usr/bin/time -o time_4_tkale_vdhankar.txt -f "%U" python2 homework2.py > stulog.txt 2>&1 on tkale #####
##### tkale plays [E c1 d2] in 2.46s #####
##### Running: /usr/lib/jvm/jdk-14.0.1/bin/java -jar /lab/itti/projects/checkers-competition/server/referee.jar on run_4_tkale_vdhankar #####
Move is valid
##### SUCCESS: /usr/lib/jvm/jdk-14.0.1/bin/java -jar /lab/itti/projects/checkers-competition/server/referee.jar on run_4_tkale_vdhankar #####
INPUT for vdhankar:
GAME
BLACK
166.688252449036
.b.b.b.b
b.......
.b.....w
........
.w.w.b..
w.......
...w.w..
w.......
##### Running: /usr/bin/time -o time_4_tkale_vdhankar.txt -f "%U" python3 homework.py > stulog.txt 2>&1 on vdhankar #####
child exited with value 1
##### ERROR: /usr/bin/time -o time_4_tkale_vdhankar.txt -f "%U" python3 homework.py > stulog.txt 2>&1 on vdhankar #####
##### Output of failed program (stdout + stderr): #####
Traceback (most recent call last):
  File "homework.py", line 546, in <module>
    print(end-start)
NameError: name 'end' is not defined
##### End of output of failed program #####
##### vdhankar plays [E f8 e7] in 16.2356789112091s #####
##### Running: /usr/lib/jvm/jdk-14.0.1/bin/java -jar /lab/itti/projects/checkers-competition/server/referee.jar on run_4_tkale_vdhankar #####
Move is valid
##### SUCCESS: /usr/lib/jvm/jdk-14.0.1/bin/java -jar /lab/itti/projects/checkers-competition/server/referee.jar on run_4_tkale_vdhankar #####
INPUT for tkale:
GAME
WHITE
289.66
.b.b...b
b...b...
.b.....w
........
.w.w.b..
w.......
...w.w..
w.......
##### Running: /usr/bin/time -o time_4_tkale_vdhankar.txt -f "%U" python2 homework2.py > stulog.txt 2>&1 on tkale #####
##### SUCCESS: /usr/bin/time -o time_4_tkale_vdhankar.txt -f "%U" python2 homework2.py > stulog.txt 2>&1 on tkale #####
##### tkale plays [E a1 b2] in 1.22s #####
##### Running: /usr/lib/jvm/jdk-14.0.1/bin/java -jar /lab/itti/projects/checkers-competition/server/referee.jar on run_4_tkale_vdhankar #####
Move is valid
##### SUCCESS: /usr/lib/jvm/jdk-14.0.1/bin/java -jar /lab/itti/projects/checkers-competition/server/referee.jar on run_4_tkale_vdhankar #####
INPUT for vdhankar:
GAME
BLACK
150.452573537827
.b.b...b
b...b...
.b.....w
........
.w.w.b..
w.......
.w.w.w..
........
##### Running: /usr/bin/time -o time_4_tkale_vdhankar.txt -f "%U" python3 homework.py > stulog.txt 2>&1 on vdhankar #####
child exited with value 1
##### ERROR: /usr/bin/time -o time_4_tkale_vdhankar.txt -f "%U" python3 homework.py > stulog.txt 2>&1 on vdhankar #####
##### Output of failed program (stdout + stderr): #####
Traceback (most recent call last):
  File "homework.py", line 546, in <module>
    print(end-start)
NameError: name 'end' is not defined
##### End of output of failed program #####
##### vdhankar plays [E h8 g7] in 6.14987802505493s #####
##### Running: /usr/lib/jvm/jdk-14.0.1/bin/java -jar /lab/itti/projects/checkers-competition/server/referee.jar on run_4_tkale_vdhankar #####
Move is valid
##### SUCCESS: /usr/lib/jvm/jdk-14.0.1/bin/java -jar /lab/itti/projects/checkers-competition/server/referee.jar on run_4_tkale_vdhankar #####
INPUT for tkale:
GAME
WHITE
288.44
.b.b....
b...b.b.
.b.....w
........
.w.w.b..
w.......
.w.w.w..
........
##### Running: /usr/bin/time -o time_4_tkale_vdhankar.txt -f "%U" python2 homework2.py > stulog.txt 2>&1 on tkale #####
##### SUCCESS: /usr/bin/time -o time_4_tkale_vdhankar.txt -f "%U" python2 homework2.py > stulog.txt 2>&1 on tkale #####
##### tkale plays [J h6 f8] in 0.03s #####
##### Running: /usr/lib/jvm/jdk-14.0.1/bin/java -jar /lab/itti/projects/checkers-competition/server/referee.jar on run_4_tkale_vdhankar #####
Move is valid
##### SUCCESS: /usr/lib/jvm/jdk-14.0.1/bin/java -jar /lab/itti/projects/checkers-competition/server/referee.jar on run_4_tkale_vdhankar #####
INPUT for vdhankar:
GAME
BLACK
144.302695512772
.b.b.W..
b...b...
.b......
........
.w.w.b..
w.......
.w.w.w..
........
##### Running: /usr/bin/time -o time_4_tkale_vdhankar.txt -f "%U" python3 homework.py > stulog.txt 2>&1 on vdhankar #####
child exited with value 1
##### ERROR: /usr/bin/time -o time_4_tkale_vdhankar.txt -f "%U" python3 homework.py > stulog.txt 2>&1 on vdhankar #####
##### Output of failed program (stdout + stderr): #####
Traceback (most recent call last):
  File "homework.py", line 546, in <module>
    print(end-start)
NameError: name 'end' is not defined
##### End of output of failed program #####
##### vdhankar plays [E d8 c7] in 1.03060293197632s #####
##### Running: /usr/lib/jvm/jdk-14.0.1/bin/java -jar /lab/itti/projects/checkers-competition/server/referee.jar on run_4_tkale_vdhankar #####
Move is valid
##### SUCCESS: /usr/lib/jvm/jdk-14.0.1/bin/java -jar /lab/itti/projects/checkers-competition/server/referee.jar on run_4_tkale_vdhankar #####
INPUT for tkale:
GAME
WHITE
288.41
.b...W..
b.b.b...
.b......
........
.w.w.b..
w.......
.w.w.w..
........
##### Running: /usr/bin/time -o time_4_tkale_vdhankar.txt -f "%U" python2 homework2.py > stulog.txt 2>&1 on tkale #####
##### SUCCESS: /usr/bin/time -o time_4_tkale_vdhankar.txt -f "%U" python2 homework2.py > stulog.txt 2>&1 on tkale #####
##### tkale plays [J f8 d6] in 0.02s #####
##### Running: /usr/lib/jvm/jdk-14.0.1/bin/java -jar /lab/itti/projects/checkers-competition/server/referee.jar on run_4_tkale_vdhankar #####
Move is valid
##### SUCCESS: /usr/lib/jvm/jdk-14.0.1/bin/java -jar /lab/itti/projects/checkers-competition/server/referee.jar on run_4_tkale_vdhankar #####
INPUT for vdhankar:
GAME
BLACK
143.272092580795
.b......
b.b.....
.b.W....
........
.w.w.b..
w.......
.w.w.w..
........
##### Running: /usr/bin/time -o time_4_tkale_vdhankar.txt -f "%U" python3 homework.py > stulog.txt 2>&1 on vdhankar #####
child exited with value 1
##### ERROR: /usr/bin/time -o time_4_tkale_vdhankar.txt -f "%U" python3 homework.py > stulog.txt 2>&1 on vdhankar #####
##### Output of failed program (stdout + stderr): #####
Traceback (most recent call last):
  File "homework.py", line 546, in <module>
    print(end-start)
NameError: name 'end' is not defined
##### End of output of failed program #####
##### vdhankar plays [J c7 e5 ; J e5 c3 ; J c3 e1] in 0.948580980300903s #####
##### Running: /usr/lib/jvm/jdk-14.0.1/bin/java -jar /lab/itti/projects/checkers-competition/server/referee.jar on run_4_tkale_vdhankar #####
Move is valid
##### SUCCESS: /usr/lib/jvm/jdk-14.0.1/bin/java -jar /lab/itti/projects/checkers-competition/server/referee.jar on run_4_tkale_vdhankar #####
INPUT for tkale:
GAME
WHITE
288.39
.b......
b.......
.b......
........
.w...b..
w.......
.w...w..
....B...
##### Running: /usr/bin/time -o time_4_tkale_vdhankar.txt -f "%U" python2 homework2.py > stulog.txt 2>&1 on tkale #####
##### SUCCESS: /usr/bin/time -o time_4_tkale_vdhankar.txt -f "%U" python2 homework2.py > stulog.txt 2>&1 on tkale #####
##### tkale plays [E f2 g3] in 0.08s #####
##### Running: /usr/lib/jvm/jdk-14.0.1/bin/java -jar /lab/itti/projects/checkers-competition/server/referee.jar on run_4_tkale_vdhankar #####
Move is valid
##### SUCCESS: /usr/lib/jvm/jdk-14.0.1/bin/java -jar /lab/itti/projects/checkers-competition/server/referee.jar on run_4_tkale_vdhankar #####
INPUT for vdhankar:
GAME
BLACK
142.323511600494
.b......
b.......
.b......
........
.w...b..
w.....w.
.w......
....B...
##### Running: /usr/bin/time -o time_4_tkale_vdhankar.txt -f "%U" python3 homework.py > stulog.txt 2>&1 on vdhankar #####
child exited with value 1
##### ERROR: /usr/bin/time -o time_4_tkale_vdhankar.txt -f "%U" python3 homework.py > stulog.txt 2>&1 on vdhankar #####
##### Output of failed program (stdout + stderr): #####
Traceback (most recent call last):
  File "homework.py", line 546, in <module>
    print(end-start)
NameError: name 'end' is not defined
##### End of output of failed program #####
##### vdhankar plays [J f4 h2] in 0.631107091903687s #####
##### Running: /usr/lib/jvm/jdk-14.0.1/bin/java -jar /lab/itti/projects/checkers-competition/server/referee.jar on run_4_tkale_vdhankar #####
Move is valid
##### SUCCESS: /usr/lib/jvm/jdk-14.0.1/bin/java -jar /lab/itti/projects/checkers-competition/server/referee.jar on run_4_tkale_vdhankar #####
INPUT for tkale:
GAME
WHITE
288.31
.b......
b.......
.b......
........
.w......
w.......
.w.....b
....B...
##### Running: /usr/bin/time -o time_4_tkale_vdhankar.txt -f "%U" python2 homework2.py > stulog.txt 2>&1 on tkale #####
##### SUCCESS: /usr/bin/time -o time_4_tkale_vdhankar.txt -f "%U" python2 homework2.py > stulog.txt 2>&1 on tkale #####
##### tkale plays [E b2 c3] in 0.1s #####
##### Running: /usr/lib/jvm/jdk-14.0.1/bin/java -jar /lab/itti/projects/checkers-competition/server/referee.jar on run_4_tkale_vdhankar #####
Move is valid
##### SUCCESS: /usr/lib/jvm/jdk-14.0.1/bin/java -jar /lab/itti/projects/checkers-competition/server/referee.jar on run_4_tkale_vdhankar #####
INPUT for vdhankar:
GAME
BLACK
141.692404508591
.b......
b.......
.b......
........
.w......
w.w.....
.......b
....B...
##### Running: /usr/bin/time -o time_4_tkale_vdhankar.txt -f "%U" python3 homework.py > stulog.txt 2>&1 on vdhankar #####
child exited with value 1
##### ERROR: /usr/bin/time -o time_4_tkale_vdhankar.txt -f "%U" python3 homework.py > stulog.txt 2>&1 on vdhankar #####
##### Output of failed program (stdout + stderr): #####
Traceback (most recent call last):
  File "homework.py", line 546, in <module>
    print(end-start)
NameError: name 'end' is not defined
##### End of output of failed program #####
##### vdhankar plays [E h2 g1] in 1.71053194999695s #####
##### Running: /usr/lib/jvm/jdk-14.0.1/bin/java -jar /lab/itti/projects/checkers-competition/server/referee.jar on run_4_tkale_vdhankar #####
Move is valid
##### SUCCESS: /usr/lib/jvm/jdk-14.0.1/bin/java -jar /lab/itti/projects/checkers-competition/server/referee.jar on run_4_tkale_vdhankar #####
INPUT for tkale:
GAME
WHITE
288.21
.b......
b.......
.b......
........
.w......
w.w.....
........
....B.B.
##### Running: /usr/bin/time -o time_4_tkale_vdhankar.txt -f "%U" python2 homework2.py > stulog.txt 2>&1 on tkale #####
##### SUCCESS: /usr/bin/time -o time_4_tkale_vdhankar.txt -f "%U" python2 homework2.py > stulog.txt 2>&1 on tkale #####
##### tkale plays [E c3 d4] in 0.25s #####
##### Running: /usr/lib/jvm/jdk-14.0.1/bin/java -jar /lab/itti/projects/checkers-competition/server/referee.jar on run_4_tkale_vdhankar #####
Move is valid
##### SUCCESS: /usr/lib/jvm/jdk-14.0.1/bin/java -jar /lab/itti/projects/checkers-competition/server/referee.jar on run_4_tkale_vdhankar #####
INPUT for vdhankar:
GAME
BLACK
139.981872558594
.b......
b.......
.b......
........
.w.w....
w.......
........
....B.B.
##### Running: /usr/bin/time -o time_4_tkale_vdhankar.txt -f "%U" python3 homework.py > stulog.txt 2>&1 on vdhankar #####
child exited with value 1
##### ERROR: /usr/bin/time -o time_4_tkale_vdhankar.txt -f "%U" python3 homework.py > stulog.txt 2>&1 on vdhankar #####
##### Output of failed program (stdout + stderr): #####
Traceback (most recent call last):
  File "homework.py", line 546, in <module>
    print(end-start)
NameError: name 'end' is not defined
##### End of output of failed program #####
##### vdhankar plays [E b6 a5] in 1.30000901222229s #####
##### Running: /usr/lib/jvm/jdk-14.0.1/bin/java -jar /lab/itti/projects/checkers-competition/server/referee.jar on run_4_tkale_vdhankar #####
Move is valid
##### SUCCESS: /usr/lib/jvm/jdk-14.0.1/bin/java -jar /lab/itti/projects/checkers-competition/server/referee.jar on run_4_tkale_vdhankar #####
INPUT for tkale:
GAME
WHITE
287.96
.b......
b.......
........
b.......
.w.w....
w.......
........
....B.B.
##### Running: /usr/bin/time -o time_4_tkale_vdhankar.txt -f "%U" python2 homework2.py > stulog.txt 2>&1 on tkale #####
##### SUCCESS: /usr/bin/time -o time_4_tkale_vdhankar.txt -f "%U" python2 homework2.py > stulog.txt 2>&1 on tkale #####
##### tkale plays [E b4 c5] in 0.24s #####
##### Running: /usr/lib/jvm/jdk-14.0.1/bin/java -jar /lab/itti/projects/checkers-competition/server/referee.jar on run_4_tkale_vdhankar #####
Move is valid
##### SUCCESS: /usr/lib/jvm/jdk-14.0.1/bin/java -jar /lab/itti/projects/checkers-competition/server/referee.jar on run_4_tkale_vdhankar #####
INPUT for vdhankar:
GAME
BLACK
138.681863546371
.b......
b.......
........
b.w.....
...w....
w.......
........
....B.B.
##### Running: /usr/bin/time -o time_4_tkale_vdhankar.txt -f "%U" python3 homework.py > stulog.txt 2>&1 on vdhankar #####
child exited with value 1
##### ERROR: /usr/bin/time -o time_4_tkale_vdhankar.txt -f "%U" python3 homework.py > stulog.txt 2>&1 on vdhankar #####
##### Output of failed program (stdout + stderr): #####
Traceback (most recent call last):
  File "homework.py", line 546, in <module>
    print(end-start)
NameError: name 'end' is not defined
##### End of output of failed program #####
##### vdhankar plays [E g1 f2] in 2.19820094108582s #####
##### Running: /usr/lib/jvm/jdk-14.0.1/bin/java -jar /lab/itti/projects/checkers-competition/server/referee.jar on run_4_tkale_vdhankar #####
Move is valid
##### SUCCESS: /usr/lib/jvm/jdk-14.0.1/bin/java -jar /lab/itti/projects/checkers-competition/server/referee.jar on run_4_tkale_vdhankar #####
INPUT for tkale:
GAME
WHITE
287.72
.b......
b.......
........
b.w.....
...w....
w.......
.....B..
....B...
##### Running: /usr/bin/time -o time_4_tkale_vdhankar.txt -f "%U" python2 homework2.py > stulog.txt 2>&1 on tkale #####
child exited with value 1
##### ERROR: /usr/bin/time -o time_4_tkale_vdhankar.txt -f "%U" python2 homework2.py > stulog.txt 2>&1 on tkale #####
##### Output of failed program (stdout + stderr): #####
Traceback (most recent call last):
  File "homework2.py", line 509, in <module>
    final_move = playGame(matrix,color)
  File "homework2.py", line 451, in playGame
    same_value_moves.append(move)
UnboundLocalError: local variable 'same_value_moves' referenced before assignment
##### End of output of failed program #####
##### tkale plays [] in 0.0355360507965088s #####
##### Running: /usr/lib/jvm/jdk-14.0.1/bin/java -jar /lab/itti/projects/checkers-competition/server/referee.jar on run_4_tkale_vdhankar #####
Move is not valid
##### SUCCESS: /usr/lib/jvm/jdk-14.0.1/bin/java -jar /lab/itti/projects/checkers-competition/server/referee.jar on run_4_tkale_vdhankar #####
##### GAME OVER: tkale loses because of illegal move [] #####
Server said: FAIL
########## ROUND 4 GAMESCORE AFTER GAME 4: tkale=0 and vdhankar=4 ##########


########## GRAND WINNER ROUND 4 IS vdhankar BY 4 vs 0 GAMESCORE ##########
