#################### ROUND 17: bowenyua (B) vs vdhankar (W): game 1 ####################
##### game start! #####
INPUT for bowenyua:
GAME
BLACK
300
.b.b.b.b
b.b.b.b.
.b.b.b.b
........
........
w.w.w.w.
.w.w.w.w
w.w.w.w.
##### Running: /usr/bin/time -o time_17_bowenyua_vdhankar.txt -f "%U" python3 homework.py > stulog.txt 2>&1 on bowenyua #####
##### SUCCESS: /usr/bin/time -o time_17_bowenyua_vdhankar.txt -f "%U" python3 homework.py > stulog.txt 2>&1 on bowenyua #####
##### bowenyua plays [E b6 a5] in 2.17s #####
##### Running: /usr/lib/jvm/jdk-14.0.1/bin/java -jar /lab/itti/projects/checkers-competition/server/referee.jar on run_17_bowenyua_vdhankar #####
Move is valid
Couldn't read file 'current_ply.txt'
Couldn't read content from file 'current_ply.txt'
Couldn't read file 'lastmatchange_ply.txt'
Couldn't read content from file 'lastmatchange_ply.txt'
##### SUCCESS: /usr/lib/jvm/jdk-14.0.1/bin/java -jar /lab/itti/projects/checkers-competition/server/referee.jar on run_17_bowenyua_vdhankar #####
INPUT for vdhankar:
GAME
WHITE
300
.b.b.b.b
b.b.b.b.
...b.b.b
b.......
........
w.w.w.w.
.w.w.w.w
w.w.w.w.
##### Running: /usr/bin/time -o time_17_bowenyua_vdhankar.txt -f "%U" python3 homework.py > stulog.txt 2>&1 on vdhankar #####
child exited with value 1
##### ERROR: /usr/bin/time -o time_17_bowenyua_vdhankar.txt -f "%U" python3 homework.py > stulog.txt 2>&1 on vdhankar #####
##### Output of failed program (stdout + stderr): #####
Traceback (most recent call last):
  File "homework.py", line 546, in <module>
    print(end-start)
NameError: name 'end' is not defined
##### End of output of failed program #####
##### vdhankar plays [E g3 h4] in 12.3843019008636s #####
##### Running: /usr/lib/jvm/jdk-14.0.1/bin/java -jar /lab/itti/projects/checkers-competition/server/referee.jar on run_17_bowenyua_vdhankar #####
Move is valid
##### SUCCESS: /usr/lib/jvm/jdk-14.0.1/bin/java -jar /lab/itti/projects/checkers-competition/server/referee.jar on run_17_bowenyua_vdhankar #####
INPUT for bowenyua:
GAME
BLACK
297.83
.b.b.b.b
b.b.b.b.
...b.b.b
b.......
.......w
w.w.w...
.w.w.w.w
w.w.w.w.
##### Running: /usr/bin/time -o time_17_bowenyua_vdhankar.txt -f "%U" python3 homework.py > stulog.txt 2>&1 on bowenyua #####
##### SUCCESS: /usr/bin/time -o time_17_bowenyua_vdhankar.txt -f "%U" python3 homework.py > stulog.txt 2>&1 on bowenyua #####
##### bowenyua plays [E a7 b6] in 1.78s #####
##### Running: /usr/lib/jvm/jdk-14.0.1/bin/java -jar /lab/itti/projects/checkers-competition/server/referee.jar on run_17_bowenyua_vdhankar #####
Move is valid
##### SUCCESS: /usr/lib/jvm/jdk-14.0.1/bin/java -jar /lab/itti/projects/checkers-competition/server/referee.jar on run_17_bowenyua_vdhankar #####
INPUT for vdhankar:
GAME
WHITE
287.615698099136
.b.b.b.b
..b.b.b.
.b.b.b.b
b.......
.......w
w.w.w...
.w.w.w.w
w.w.w.w.
##### Running: /usr/bin/time -o time_17_bowenyua_vdhankar.txt -f "%U" python3 homework.py > stulog.txt 2>&1 on vdhankar #####
child exited with value 1
##### ERROR: /usr/bin/time -o time_17_bowenyua_vdhankar.txt -f "%U" python3 homework.py > stulog.txt 2>&1 on vdhankar #####
##### Output of failed program (stdout + stderr): #####
Traceback (most recent call last):
  File "homework.py", line 546, in <module>
    print(end-start)
NameError: name 'end' is not defined
##### End of output of failed program #####
##### vdhankar plays [E h2 g3] in 17.7578730583191s #####
##### Running: /usr/lib/jvm/jdk-14.0.1/bin/java -jar /lab/itti/projects/checkers-competition/server/referee.jar on run_17_bowenyua_vdhankar #####
Move is valid
##### SUCCESS: /usr/lib/jvm/jdk-14.0.1/bin/java -jar /lab/itti/projects/checkers-competition/server/referee.jar on run_17_bowenyua_vdhankar #####
INPUT for bowenyua:
GAME
BLACK
296.05
.b.b.b.b
..b.b.b.
.b.b.b.b
b.......
.......w
w.w.w.w.
.w.w.w..
w.w.w.w.
##### Running: /usr/bin/time -o time_17_bowenyua_vdhankar.txt -f "%U" python3 homework.py > stulog.txt 2>&1 on bowenyua #####
##### SUCCESS: /usr/bin/time -o time_17_bowenyua_vdhankar.txt -f "%U" python3 homework.py > stulog.txt 2>&1 on bowenyua #####
##### bowenyua plays [E b8 a7] in 2.22s #####
##### Running: /usr/lib/jvm/jdk-14.0.1/bin/java -jar /lab/itti/projects/checkers-competition/server/referee.jar on run_17_bowenyua_vdhankar #####
Move is valid
##### SUCCESS: /usr/lib/jvm/jdk-14.0.1/bin/java -jar /lab/itti/projects/checkers-competition/server/referee.jar on run_17_bowenyua_vdhankar #####
INPUT for vdhankar:
GAME
WHITE
269.857825040817
...b.b.b
b.b.b.b.
.b.b.b.b
b.......
.......w
w.w.w.w.
.w.w.w..
w.w.w.w.
##### Running: /usr/bin/time -o time_17_bowenyua_vdhankar.txt -f "%U" python3 homework.py > stulog.txt 2>&1 on vdhankar #####
child exited with value 1
##### ERROR: /usr/bin/time -o time_17_bowenyua_vdhankar.txt -f "%U" python3 homework.py > stulog.txt 2>&1 on vdhankar #####
##### Output of failed program (stdout + stderr): #####
Traceback (most recent call last):
  File "homework.py", line 546, in <module>
    print(end-start)
NameError: name 'end' is not defined
##### End of output of failed program #####
##### vdhankar plays [E c3 d4] in 5.4917619228363s #####
##### Running: /usr/lib/jvm/jdk-14.0.1/bin/java -jar /lab/itti/projects/checkers-competition/server/referee.jar on run_17_bowenyua_vdhankar #####
Move is valid
##### SUCCESS: /usr/lib/jvm/jdk-14.0.1/bin/java -jar /lab/itti/projects/checkers-competition/server/referee.jar on run_17_bowenyua_vdhankar #####
INPUT for bowenyua:
GAME
BLACK
293.83
...b.b.b
b.b.b.b.
.b.b.b.b
b.......
...w...w
w...w.w.
.w.w.w..
w.w.w.w.
##### Running: /usr/bin/time -o time_17_bowenyua_vdhankar.txt -f "%U" python3 homework.py > stulog.txt 2>&1 on bowenyua #####
##### SUCCESS: /usr/bin/time -o time_17_bowenyua_vdhankar.txt -f "%U" python3 homework.py > stulog.txt 2>&1 on bowenyua #####
##### bowenyua plays [E b6 c5] in 0.72s #####
##### Running: /usr/lib/jvm/jdk-14.0.1/bin/java -jar /lab/itti/projects/checkers-competition/server/referee.jar on run_17_bowenyua_vdhankar #####
Move is valid
##### SUCCESS: /usr/lib/jvm/jdk-14.0.1/bin/java -jar /lab/itti/projects/checkers-competition/server/referee.jar on run_17_bowenyua_vdhankar #####
INPUT for vdhankar:
GAME
WHITE
264.366063117981
...b.b.b
b.b.b.b.
...b.b.b
b.b.....
...w...w
w...w.w.
.w.w.w..
w.w.w.w.
##### Running: /usr/bin/time -o time_17_bowenyua_vdhankar.txt -f "%U" python3 homework.py > stulog.txt 2>&1 on vdhankar #####
child exited with value 1
##### ERROR: /usr/bin/time -o time_17_bowenyua_vdhankar.txt -f "%U" python3 homework.py > stulog.txt 2>&1 on vdhankar #####
##### Output of failed program (stdout + stderr): #####
Traceback (most recent call last):
  File "homework.py", line 546, in <module>
    print(end-start)
NameError: name 'end' is not defined
##### End of output of failed program #####
##### vdhankar plays [J d4 b6] in 1.83708214759827s #####
##### Running: /usr/lib/jvm/jdk-14.0.1/bin/java -jar /lab/itti/projects/checkers-competition/server/referee.jar on run_17_bowenyua_vdhankar #####
Move is valid
##### SUCCESS: /usr/lib/jvm/jdk-14.0.1/bin/java -jar /lab/itti/projects/checkers-competition/server/referee.jar on run_17_bowenyua_vdhankar #####
INPUT for bowenyua:
GAME
BLACK
293.11
...b.b.b
b.b.b.b.
.w.b.b.b
b.......
.......w
w...w.w.
.w.w.w..
w.w.w.w.
##### Running: /usr/bin/time -o time_17_bowenyua_vdhankar.txt -f "%U" python3 homework.py > stulog.txt 2>&1 on bowenyua #####
##### SUCCESS: /usr/bin/time -o time_17_bowenyua_vdhankar.txt -f "%U" python3 homework.py > stulog.txt 2>&1 on bowenyua #####
##### bowenyua plays [J a7 c5] in 1.1s #####
##### Running: /usr/lib/jvm/jdk-14.0.1/bin/java -jar /lab/itti/projects/checkers-competition/server/referee.jar on run_17_bowenyua_vdhankar #####
Move is valid
##### SUCCESS: /usr/lib/jvm/jdk-14.0.1/bin/java -jar /lab/itti/projects/checkers-competition/server/referee.jar on run_17_bowenyua_vdhankar #####
INPUT for vdhankar:
GAME
WHITE
262.528980970383
...b.b.b
..b.b.b.
...b.b.b
b.b.....
.......w
w...w.w.
.w.w.w..
w.w.w.w.
##### Running: /usr/bin/time -o time_17_bowenyua_vdhankar.txt -f "%U" python3 homework.py > stulog.txt 2>&1 on vdhankar #####
child exited with value 1
##### ERROR: /usr/bin/time -o time_17_bowenyua_vdhankar.txt -f "%U" python3 homework.py > stulog.txt 2>&1 on vdhankar #####
##### Output of failed program (stdout + stderr): #####
Traceback (most recent call last):
  File "homework.py", line 546, in <module>
    print(end-start)
NameError: name 'end' is not defined
##### End of output of failed program #####
##### vdhankar plays [E d2 c3] in 8.0846631526947s #####
##### Running: /usr/lib/jvm/jdk-14.0.1/bin/java -jar /lab/itti/projects/checkers-competition/server/referee.jar on run_17_bowenyua_vdhankar #####
Move is valid
##### SUCCESS: /usr/lib/jvm/jdk-14.0.1/bin/java -jar /lab/itti/projects/checkers-competition/server/referee.jar on run_17_bowenyua_vdhankar #####
INPUT for bowenyua:
GAME
BLACK
292.01
...b.b.b
..b.b.b.
...b.b.b
b.b.....
.......w
w.w.w.w.
.w...w..
w.w.w.w.
##### Running: /usr/bin/time -o time_17_bowenyua_vdhankar.txt -f "%U" python3 homework.py > stulog.txt 2>&1 on bowenyua #####
##### SUCCESS: /usr/bin/time -o time_17_bowenyua_vdhankar.txt -f "%U" python3 homework.py > stulog.txt 2>&1 on bowenyua #####
##### bowenyua plays [E c7 b6] in 1.6s #####
##### Running: /usr/lib/jvm/jdk-14.0.1/bin/java -jar /lab/itti/projects/checkers-competition/server/referee.jar on run_17_bowenyua_vdhankar #####
Move is valid
##### SUCCESS: /usr/lib/jvm/jdk-14.0.1/bin/java -jar /lab/itti/projects/checkers-competition/server/referee.jar on run_17_bowenyua_vdhankar #####
INPUT for vdhankar:
GAME
WHITE
254.444317817688
...b.b.b
....b.b.
.b.b.b.b
b.b.....
.......w
w.w.w.w.
.w...w..
w.w.w.w.
##### Running: /usr/bin/time -o time_17_bowenyua_vdhankar.txt -f "%U" python3 homework.py > stulog.txt 2>&1 on vdhankar #####
child exited with value 1
##### ERROR: /usr/bin/time -o time_17_bowenyua_vdhankar.txt -f "%U" python3 homework.py > stulog.txt 2>&1 on vdhankar #####
##### Output of failed program (stdout + stderr): #####
Traceback (most recent call last):
  File "homework.py", line 546, in <module>
    print(end-start)
NameError: name 'end' is not defined
##### End of output of failed program #####
##### vdhankar plays [E c1 d2] in 12.3373119831085s #####
##### Running: /usr/lib/jvm/jdk-14.0.1/bin/java -jar /lab/itti/projects/checkers-competition/server/referee.jar on run_17_bowenyua_vdhankar #####
Move is valid
##### SUCCESS: /usr/lib/jvm/jdk-14.0.1/bin/java -jar /lab/itti/projects/checkers-competition/server/referee.jar on run_17_bowenyua_vdhankar #####
INPUT for bowenyua:
GAME
BLACK
290.41
...b.b.b
....b.b.
.b.b.b.b
b.b.....
.......w
w.w.w.w.
.w.w.w..
w...w.w.
##### Running: /usr/bin/time -o time_17_bowenyua_vdhankar.txt -f "%U" python3 homework.py > stulog.txt 2>&1 on bowenyua #####
##### SUCCESS: /usr/bin/time -o time_17_bowenyua_vdhankar.txt -f "%U" python3 homework.py > stulog.txt 2>&1 on bowenyua #####
##### bowenyua plays [E d8 c7] in 1.5s #####
##### Running: /usr/lib/jvm/jdk-14.0.1/bin/java -jar /lab/itti/projects/checkers-competition/server/referee.jar on run_17_bowenyua_vdhankar #####
Move is valid
##### SUCCESS: /usr/lib/jvm/jdk-14.0.1/bin/java -jar /lab/itti/projects/checkers-competition/server/referee.jar on run_17_bowenyua_vdhankar #####
INPUT for vdhankar:
GAME
WHITE
242.107005834579
.....b.b
..b.b.b.
.b.b.b.b
b.b.....
.......w
w.w.w.w.
.w.w.w..
w...w.w.
##### Running: /usr/bin/time -o time_17_bowenyua_vdhankar.txt -f "%U" python3 homework.py > stulog.txt 2>&1 on vdhankar #####
child exited with value 1
##### ERROR: /usr/bin/time -o time_17_bowenyua_vdhankar.txt -f "%U" python3 homework.py > stulog.txt 2>&1 on vdhankar #####
##### Output of failed program (stdout + stderr): #####
Traceback (most recent call last):
  File "homework.py", line 546, in <module>
    print(end-start)
NameError: name 'end' is not defined
##### End of output of failed program #####
##### vdhankar plays [E c3 d4] in 4.57844090461731s #####
##### Running: /usr/lib/jvm/jdk-14.0.1/bin/java -jar /lab/itti/projects/checkers-competition/server/referee.jar on run_17_bowenyua_vdhankar #####
Move is valid
##### SUCCESS: /usr/lib/jvm/jdk-14.0.1/bin/java -jar /lab/itti/projects/checkers-competition/server/referee.jar on run_17_bowenyua_vdhankar #####
INPUT for bowenyua:
GAME
BLACK
288.91
.....b.b
..b.b.b.
.b.b.b.b
b.b.....
...w...w
w...w.w.
.w.w.w..
w...w.w.
##### Running: /usr/bin/time -o time_17_bowenyua_vdhankar.txt -f "%U" python3 homework.py > stulog.txt 2>&1 on bowenyua #####
##### SUCCESS: /usr/bin/time -o time_17_bowenyua_vdhankar.txt -f "%U" python3 homework.py > stulog.txt 2>&1 on bowenyua #####
##### bowenyua plays [E h6 g5] in 1.82s #####
##### Running: /usr/lib/jvm/jdk-14.0.1/bin/java -jar /lab/itti/projects/checkers-competition/server/referee.jar on run_17_bowenyua_vdhankar #####
Move is valid
##### SUCCESS: /usr/lib/jvm/jdk-14.0.1/bin/java -jar /lab/itti/projects/checkers-competition/server/referee.jar on run_17_bowenyua_vdhankar #####
INPUT for vdhankar:
GAME
WHITE
237.528564929962
.....b.b
..b.b.b.
.b.b.b..
b.b...b.
...w...w
w...w.w.
.w.w.w..
w...w.w.
##### Running: /usr/bin/time -o time_17_bowenyua_vdhankar.txt -f "%U" python3 homework.py > stulog.txt 2>&1 on vdhankar #####
child exited with value 1
##### ERROR: /usr/bin/time -o time_17_bowenyua_vdhankar.txt -f "%U" python3 homework.py > stulog.txt 2>&1 on vdhankar #####
##### Output of failed program (stdout + stderr): #####
Traceback (most recent call last):
  File "homework.py", line 546, in <module>
    print(end-start)
NameError: name 'end' is not defined
##### End of output of failed program #####
##### vdhankar plays [E g3 f4] in 2.94306302070618s #####
##### Running: /usr/lib/jvm/jdk-14.0.1/bin/java -jar /lab/itti/projects/checkers-competition/server/referee.jar on run_17_bowenyua_vdhankar #####
Move is valid
##### SUCCESS: /usr/lib/jvm/jdk-14.0.1/bin/java -jar /lab/itti/projects/checkers-competition/server/referee.jar on run_17_bowenyua_vdhankar #####
INPUT for bowenyua:
GAME
BLACK
287.09
.....b.b
..b.b.b.
.b.b.b..
b.b...b.
...w.w.w
w...w...
.w.w.w..
w...w.w.
##### Running: /usr/bin/time -o time_17_bowenyua_vdhankar.txt -f "%U" python3 homework.py > stulog.txt 2>&1 on bowenyua #####
##### SUCCESS: /usr/bin/time -o time_17_bowenyua_vdhankar.txt -f "%U" python3 homework.py > stulog.txt 2>&1 on bowenyua #####
##### bowenyua plays [E a5 b4] in 1s #####
##### Running: /usr/lib/jvm/jdk-14.0.1/bin/java -jar /lab/itti/projects/checkers-competition/server/referee.jar on run_17_bowenyua_vdhankar #####
Move is valid
##### SUCCESS: /usr/lib/jvm/jdk-14.0.1/bin/java -jar /lab/itti/projects/checkers-competition/server/referee.jar on run_17_bowenyua_vdhankar #####
INPUT for vdhankar:
GAME
WHITE
234.585501909256
.....b.b
..b.b.b.
.b.b.b..
..b...b.
.b.w.w.w
w...w...
.w.w.w..
w...w.w.
##### Running: /usr/bin/time -o time_17_bowenyua_vdhankar.txt -f "%U" python3 homework.py > stulog.txt 2>&1 on vdhankar #####
child exited with value 1
##### ERROR: /usr/bin/time -o time_17_bowenyua_vdhankar.txt -f "%U" python3 homework.py > stulog.txt 2>&1 on vdhankar #####
##### Output of failed program (stdout + stderr): #####
Traceback (most recent call last):
  File "homework.py", line 546, in <module>
    print(end-start)
NameError: name 'end' is not defined
##### End of output of failed program #####
##### vdhankar plays [J f4 h6] in 0.661166906356812s #####
##### Running: /usr/lib/jvm/jdk-14.0.1/bin/java -jar /lab/itti/projects/checkers-competition/server/referee.jar on run_17_bowenyua_vdhankar #####
Move is valid
##### SUCCESS: /usr/lib/jvm/jdk-14.0.1/bin/java -jar /lab/itti/projects/checkers-competition/server/referee.jar on run_17_bowenyua_vdhankar #####
INPUT for bowenyua:
GAME
BLACK
286.09
.....b.b
..b.b.b.
.b.b.b.w
..b.....
.b.w...w
w...w...
.w.w.w..
w...w.w.
##### Running: /usr/bin/time -o time_17_bowenyua_vdhankar.txt -f "%U" python3 homework.py > stulog.txt 2>&1 on bowenyua #####
##### SUCCESS: /usr/bin/time -o time_17_bowenyua_vdhankar.txt -f "%U" python3 homework.py > stulog.txt 2>&1 on bowenyua #####
##### bowenyua plays [E d6 e5] in 0.6s #####
##### Running: /usr/lib/jvm/jdk-14.0.1/bin/java -jar /lab/itti/projects/checkers-competition/server/referee.jar on run_17_bowenyua_vdhankar #####
Move is valid
##### SUCCESS: /usr/lib/jvm/jdk-14.0.1/bin/java -jar /lab/itti/projects/checkers-competition/server/referee.jar on run_17_bowenyua_vdhankar #####
INPUT for vdhankar:
GAME
WHITE
233.924335002899
.....b.b
..b.b.b.
.b...b.w
..b.b...
.b.w...w
w...w...
.w.w.w..
w...w.w.
##### Running: /usr/bin/time -o time_17_bowenyua_vdhankar.txt -f "%U" python3 homework.py > stulog.txt 2>&1 on vdhankar #####
child exited with value 1
##### ERROR: /usr/bin/time -o time_17_bowenyua_vdhankar.txt -f "%U" python3 homework.py > stulog.txt 2>&1 on vdhankar #####
##### Output of failed program (stdout + stderr): #####
Traceback (most recent call last):
  File "homework.py", line 546, in <module>
    print(end-start)
NameError: name 'end' is not defined
##### End of output of failed program #####
##### vdhankar plays [E b2 c3] in 1.33988189697266s #####
##### Running: /usr/lib/jvm/jdk-14.0.1/bin/java -jar /lab/itti/projects/checkers-competition/server/referee.jar on run_17_bowenyua_vdhankar #####
Move is valid
##### SUCCESS: /usr/lib/jvm/jdk-14.0.1/bin/java -jar /lab/itti/projects/checkers-competition/server/referee.jar on run_17_bowenyua_vdhankar #####
INPUT for bowenyua:
GAME
BLACK
285.49
.....b.b
..b.b.b.
.b...b.w
..b.b...
.b.w...w
w.w.w...
...w.w..
w...w.w.
##### Running: /usr/bin/time -o time_17_bowenyua_vdhankar.txt -f "%U" python3 homework.py > stulog.txt 2>&1 on bowenyua #####
##### SUCCESS: /usr/bin/time -o time_17_bowenyua_vdhankar.txt -f "%U" python3 homework.py > stulog.txt 2>&1 on bowenyua #####
##### bowenyua plays [E e7 d6] in 0.36s #####
##### Running: /usr/lib/jvm/jdk-14.0.1/bin/java -jar /lab/itti/projects/checkers-competition/server/referee.jar on run_17_bowenyua_vdhankar #####
Move is valid
##### SUCCESS: /usr/lib/jvm/jdk-14.0.1/bin/java -jar /lab/itti/projects/checkers-competition/server/referee.jar on run_17_bowenyua_vdhankar #####
INPUT for vdhankar:
GAME
WHITE
232.584453105927
.....b.b
..b...b.
.b.b.b.w
..b.b...
.b.w...w
w.w.w...
...w.w..
w...w.w.
##### Running: /usr/bin/time -o time_17_bowenyua_vdhankar.txt -f "%U" python3 homework.py > stulog.txt 2>&1 on vdhankar #####
child exited with value 1
##### ERROR: /usr/bin/time -o time_17_bowenyua_vdhankar.txt -f "%U" python3 homework.py > stulog.txt 2>&1 on vdhankar #####
##### Output of failed program (stdout + stderr): #####
Traceback (most recent call last):
  File "homework.py", line 546, in <module>
    print(end-start)
NameError: name 'end' is not defined
##### End of output of failed program #####
##### vdhankar plays [J c3 a5] in 0.597923040390015s #####
##### Running: /usr/lib/jvm/jdk-14.0.1/bin/java -jar /lab/itti/projects/checkers-competition/server/referee.jar on run_17_bowenyua_vdhankar #####
Move is valid
##### SUCCESS: /usr/lib/jvm/jdk-14.0.1/bin/java -jar /lab/itti/projects/checkers-competition/server/referee.jar on run_17_bowenyua_vdhankar #####
INPUT for bowenyua:
GAME
BLACK
285.13
.....b.b
..b...b.
.b.b.b.w
w.b.b...
...w...w
w...w...
...w.w..
w...w.w.
##### Running: /usr/bin/time -o time_17_bowenyua_vdhankar.txt -f "%U" python3 homework.py > stulog.txt 2>&1 on bowenyua #####
##### SUCCESS: /usr/bin/time -o time_17_bowenyua_vdhankar.txt -f "%U" python3 homework.py > stulog.txt 2>&1 on bowenyua #####
##### bowenyua plays [J e5 c3] in 0.21s #####
##### Running: /usr/lib/jvm/jdk-14.0.1/bin/java -jar /lab/itti/projects/checkers-competition/server/referee.jar on run_17_bowenyua_vdhankar #####
Move is valid
##### SUCCESS: /usr/lib/jvm/jdk-14.0.1/bin/java -jar /lab/itti/projects/checkers-competition/server/referee.jar on run_17_bowenyua_vdhankar #####
INPUT for vdhankar:
GAME
WHITE
231.986530065536
.....b.b
..b...b.
.b.b.b.w
w.b.....
.......w
w.b.w...
...w.w..
w...w.w.
##### Running: /usr/bin/time -o time_17_bowenyua_vdhankar.txt -f "%U" python3 homework.py > stulog.txt 2>&1 on vdhankar #####
child exited with value 1
##### ERROR: /usr/bin/time -o time_17_bowenyua_vdhankar.txt -f "%U" python3 homework.py > stulog.txt 2>&1 on vdhankar #####
##### Output of failed program (stdout + stderr): #####
Traceback (most recent call last):
  File "homework.py", line 546, in <module>
    print(end-start)
NameError: name 'end' is not defined
##### End of output of failed program #####
##### vdhankar plays [J d2 b4] in 1.06013584136963s #####
##### Running: /usr/lib/jvm/jdk-14.0.1/bin/java -jar /lab/itti/projects/checkers-competition/server/referee.jar on run_17_bowenyua_vdhankar #####
Move is valid
##### SUCCESS: /usr/lib/jvm/jdk-14.0.1/bin/java -jar /lab/itti/projects/checkers-competition/server/referee.jar on run_17_bowenyua_vdhankar #####
INPUT for bowenyua:
GAME
BLACK
284.92
.....b.b
..b...b.
.b.b.b.w
w.b.....
.w.....w
w...w...
.....w..
w...w.w.
##### Running: /usr/bin/time -o time_17_bowenyua_vdhankar.txt -f "%U" python3 homework.py > stulog.txt 2>&1 on bowenyua #####
##### SUCCESS: /usr/bin/time -o time_17_bowenyua_vdhankar.txt -f "%U" python3 homework.py > stulog.txt 2>&1 on bowenyua #####
##### bowenyua plays [E f6 g5] in 1.05s #####
##### Running: /usr/lib/jvm/jdk-14.0.1/bin/java -jar /lab/itti/projects/checkers-competition/server/referee.jar on run_17_bowenyua_vdhankar #####
Move is valid
##### SUCCESS: /usr/lib/jvm/jdk-14.0.1/bin/java -jar /lab/itti/projects/checkers-competition/server/referee.jar on run_17_bowenyua_vdhankar #####
INPUT for vdhankar:
GAME
WHITE
230.926394224167
.....b.b
..b...b.
.b.b...w
w.b...b.
.w.....w
w...w...
.....w..
w...w.w.
##### Running: /usr/bin/time -o time_17_bowenyua_vdhankar.txt -f "%U" python3 homework.py > stulog.txt 2>&1 on vdhankar #####
child exited with value 1
##### ERROR: /usr/bin/time -o time_17_bowenyua_vdhankar.txt -f "%U" python3 homework.py > stulog.txt 2>&1 on vdhankar #####
##### Output of failed program (stdout + stderr): #####
Traceback (most recent call last):
  File "homework.py", line 546, in <module>
    print(end-start)
NameError: name 'end' is not defined
##### End of output of failed program #####
##### vdhankar plays [J h4 f6] in 1.00488805770874s #####
##### Running: /usr/lib/jvm/jdk-14.0.1/bin/java -jar /lab/itti/projects/checkers-competition/server/referee.jar on run_17_bowenyua_vdhankar #####
Move is valid
##### SUCCESS: /usr/lib/jvm/jdk-14.0.1/bin/java -jar /lab/itti/projects/checkers-competition/server/referee.jar on run_17_bowenyua_vdhankar #####
INPUT for bowenyua:
GAME
BLACK
283.87
.....b.b
..b...b.
.b.b.w.w
w.b.....
.w......
w...w...
.....w..
w...w.w.
##### Running: /usr/bin/time -o time_17_bowenyua_vdhankar.txt -f "%U" python3 homework.py > stulog.txt 2>&1 on bowenyua #####
##### SUCCESS: /usr/bin/time -o time_17_bowenyua_vdhankar.txt -f "%U" python3 homework.py > stulog.txt 2>&1 on bowenyua #####
##### bowenyua plays [J g7 e5] in 0.46s #####
##### Running: /usr/lib/jvm/jdk-14.0.1/bin/java -jar /lab/itti/projects/checkers-competition/server/referee.jar on run_17_bowenyua_vdhankar #####
Move is valid
##### SUCCESS: /usr/lib/jvm/jdk-14.0.1/bin/java -jar /lab/itti/projects/checkers-competition/server/referee.jar on run_17_bowenyua_vdhankar #####
INPUT for vdhankar:
GAME
WHITE
229.921506166458
.....b.b
..b.....
.b.b...w
w.b.b...
.w......
w...w...
.....w..
w...w.w.
##### Running: /usr/bin/time -o time_17_bowenyua_vdhankar.txt -f "%U" python3 homework.py > stulog.txt 2>&1 on vdhankar #####
child exited with value 1
##### ERROR: /usr/bin/time -o time_17_bowenyua_vdhankar.txt -f "%U" python3 homework.py > stulog.txt 2>&1 on vdhankar #####
##### Output of failed program (stdout + stderr): #####
Traceback (most recent call last):
  File "homework.py", line 546, in <module>
    print(end-start)
NameError: name 'end' is not defined
##### End of output of failed program #####
##### vdhankar plays [E g1 h2] in 3.92721104621887s #####
##### Running: /usr/lib/jvm/jdk-14.0.1/bin/java -jar /lab/itti/projects/checkers-competition/server/referee.jar on run_17_bowenyua_vdhankar #####
Move is valid
##### SUCCESS: /usr/lib/jvm/jdk-14.0.1/bin/java -jar /lab/itti/projects/checkers-competition/server/referee.jar on run_17_bowenyua_vdhankar #####
INPUT for bowenyua:
GAME
BLACK
283.41
.....b.b
..b.....
.b.b...w
w.b.b...
.w......
w...w...
.....w.w
w...w...
##### Running: /usr/bin/time -o time_17_bowenyua_vdhankar.txt -f "%U" python3 homework.py > stulog.txt 2>&1 on bowenyua #####
##### SUCCESS: /usr/bin/time -o time_17_bowenyua_vdhankar.txt -f "%U" python3 homework.py > stulog.txt 2>&1 on bowenyua #####
##### bowenyua plays [E f8 e7] in 1.32s #####
##### Running: /usr/lib/jvm/jdk-14.0.1/bin/java -jar /lab/itti/projects/checkers-competition/server/referee.jar on run_17_bowenyua_vdhankar #####
Move is valid
##### SUCCESS: /usr/lib/jvm/jdk-14.0.1/bin/java -jar /lab/itti/projects/checkers-competition/server/referee.jar on run_17_bowenyua_vdhankar #####
INPUT for vdhankar:
GAME
WHITE
225.994295120239
.......b
..b.b...
.b.b...w
w.b.b...
.w......
w...w...
.....w.w
w...w...
##### Running: /usr/bin/time -o time_17_bowenyua_vdhankar.txt -f "%U" python3 homework.py > stulog.txt 2>&1 on vdhankar #####
child exited with value 1
##### ERROR: /usr/bin/time -o time_17_bowenyua_vdhankar.txt -f "%U" python3 homework.py > stulog.txt 2>&1 on vdhankar #####
##### Output of failed program (stdout + stderr): #####
Traceback (most recent call last):
  File "homework.py", line 546, in <module>
    print(end-start)
NameError: name 'end' is not defined
##### End of output of failed program #####
##### vdhankar plays [E h2 g3] in 2.75088715553284s #####
##### Running: /usr/lib/jvm/jdk-14.0.1/bin/java -jar /lab/itti/projects/checkers-competition/server/referee.jar on run_17_bowenyua_vdhankar #####
Move is valid
##### SUCCESS: /usr/lib/jvm/jdk-14.0.1/bin/java -jar /lab/itti/projects/checkers-competition/server/referee.jar on run_17_bowenyua_vdhankar #####
INPUT for bowenyua:
GAME
BLACK
282.09
.......b
..b.b...
.b.b...w
w.b.b...
.w......
w...w.w.
.....w..
w...w...
##### Running: /usr/bin/time -o time_17_bowenyua_vdhankar.txt -f "%U" python3 homework.py > stulog.txt 2>&1 on bowenyua #####
##### SUCCESS: /usr/bin/time -o time_17_bowenyua_vdhankar.txt -f "%U" python3 homework.py > stulog.txt 2>&1 on bowenyua #####
##### bowenyua plays [E e7 f6] in 0.97s #####
##### Running: /usr/lib/jvm/jdk-14.0.1/bin/java -jar /lab/itti/projects/checkers-competition/server/referee.jar on run_17_bowenyua_vdhankar #####
Move is valid
##### SUCCESS: /usr/lib/jvm/jdk-14.0.1/bin/java -jar /lab/itti/projects/checkers-competition/server/referee.jar on run_17_bowenyua_vdhankar #####
INPUT for vdhankar:
GAME
WHITE
223.243407964706
.......b
..b.....
.b.b.b.w
w.b.b...
.w......
w...w.w.
.....w..
w...w...
##### Running: /usr/bin/time -o time_17_bowenyua_vdhankar.txt -f "%U" python3 homework.py > stulog.txt 2>&1 on vdhankar #####
child exited with value 1
##### ERROR: /usr/bin/time -o time_17_bowenyua_vdhankar.txt -f "%U" python3 homework.py > stulog.txt 2>&1 on vdhankar #####
##### Output of failed program (stdout + stderr): #####
Traceback (most recent call last):
  File "homework.py", line 546, in <module>
    print(end-start)
NameError: name 'end' is not defined
##### End of output of failed program #####
##### vdhankar plays [E h6 g7] in 2.50719404220581s #####
##### Running: /usr/lib/jvm/jdk-14.0.1/bin/java -jar /lab/itti/projects/checkers-competition/server/referee.jar on run_17_bowenyua_vdhankar #####
Move is valid
##### SUCCESS: /usr/lib/jvm/jdk-14.0.1/bin/java -jar /lab/itti/projects/checkers-competition/server/referee.jar on run_17_bowenyua_vdhankar #####
INPUT for bowenyua:
GAME
BLACK
281.12
.......b
..b...w.
.b.b.b..
w.b.b...
.w......
w...w.w.
.....w..
w...w...
##### Running: /usr/bin/time -o time_17_bowenyua_vdhankar.txt -f "%U" python3 homework.py > stulog.txt 2>&1 on bowenyua #####
##### SUCCESS: /usr/bin/time -o time_17_bowenyua_vdhankar.txt -f "%U" python3 homework.py > stulog.txt 2>&1 on bowenyua #####
##### bowenyua plays [E f6 g5] in 0.55s #####
##### Running: /usr/lib/jvm/jdk-14.0.1/bin/java -jar /lab/itti/projects/checkers-competition/server/referee.jar on run_17_bowenyua_vdhankar #####
Move is valid
##### SUCCESS: /usr/lib/jvm/jdk-14.0.1/bin/java -jar /lab/itti/projects/checkers-competition/server/referee.jar on run_17_bowenyua_vdhankar #####
INPUT for vdhankar:
GAME
WHITE
220.736213922501
.......b
..b...w.
.b.b....
w.b.b.b.
.w......
w...w.w.
.....w..
w...w...
##### Running: /usr/bin/time -o time_17_bowenyua_vdhankar.txt -f "%U" python3 homework.py > stulog.txt 2>&1 on vdhankar #####
child exited with value 1
##### ERROR: /usr/bin/time -o time_17_bowenyua_vdhankar.txt -f "%U" python3 homework.py > stulog.txt 2>&1 on vdhankar #####
##### Output of failed program (stdout + stderr): #####
Traceback (most recent call last):
  File "homework.py", line 546, in <module>
    print(end-start)
NameError: name 'end' is not defined
##### End of output of failed program #####
##### vdhankar plays [E g7 f8] in 1.75144505500793s #####
##### Running: /usr/lib/jvm/jdk-14.0.1/bin/java -jar /lab/itti/projects/checkers-competition/server/referee.jar on run_17_bowenyua_vdhankar #####
Move is valid
##### SUCCESS: /usr/lib/jvm/jdk-14.0.1/bin/java -jar /lab/itti/projects/checkers-competition/server/referee.jar on run_17_bowenyua_vdhankar #####
INPUT for bowenyua:
GAME
BLACK
280.57
.....W.b
..b.....
.b.b....
w.b.b.b.
.w......
w...w.w.
.....w..
w...w...
##### Running: /usr/bin/time -o time_17_bowenyua_vdhankar.txt -f "%U" python3 homework.py > stulog.txt 2>&1 on bowenyua #####
##### SUCCESS: /usr/bin/time -o time_17_bowenyua_vdhankar.txt -f "%U" python3 homework.py > stulog.txt 2>&1 on bowenyua #####
##### bowenyua plays [E e5 d4] in 1.15s #####
##### Running: /usr/lib/jvm/jdk-14.0.1/bin/java -jar /lab/itti/projects/checkers-competition/server/referee.jar on run_17_bowenyua_vdhankar #####
Move is valid
##### SUCCESS: /usr/lib/jvm/jdk-14.0.1/bin/java -jar /lab/itti/projects/checkers-competition/server/referee.jar on run_17_bowenyua_vdhankar #####
INPUT for vdhankar:
GAME
WHITE
218.984768867493
.....W.b
..b.....
.b.b....
w.b...b.
.w.b....
w...w.w.
.....w..
w...w...
##### Running: /usr/bin/time -o time_17_bowenyua_vdhankar.txt -f "%U" python3 homework.py > stulog.txt 2>&1 on vdhankar #####
child exited with value 1
##### ERROR: /usr/bin/time -o time_17_bowenyua_vdhankar.txt -f "%U" python3 homework.py > stulog.txt 2>&1 on vdhankar #####
##### Output of failed program (stdout + stderr): #####
Traceback (most recent call last):
  File "homework.py", line 546, in <module>
    print(end-start)
NameError: name 'end' is not defined
##### End of output of failed program #####
##### vdhankar plays [E a1 b2] in 2.29270696640015s #####
##### Running: /usr/lib/jvm/jdk-14.0.1/bin/java -jar /lab/itti/projects/checkers-competition/server/referee.jar on run_17_bowenyua_vdhankar #####
Move is valid
##### SUCCESS: /usr/lib/jvm/jdk-14.0.1/bin/java -jar /lab/itti/projects/checkers-competition/server/referee.jar on run_17_bowenyua_vdhankar #####
INPUT for bowenyua:
GAME
BLACK
279.42
.....W.b
..b.....
.b.b....
w.b...b.
.w.b....
w...w.w.
.w...w..
....w...
##### Running: /usr/bin/time -o time_17_bowenyua_vdhankar.txt -f "%U" python3 homework.py > stulog.txt 2>&1 on bowenyua #####
##### SUCCESS: /usr/bin/time -o time_17_bowenyua_vdhankar.txt -f "%U" python3 homework.py > stulog.txt 2>&1 on bowenyua #####
##### bowenyua plays [E g5 f4] in 0.69s #####
##### Running: /usr/lib/jvm/jdk-14.0.1/bin/java -jar /lab/itti/projects/checkers-competition/server/referee.jar on run_17_bowenyua_vdhankar #####
Move is valid
##### SUCCESS: /usr/lib/jvm/jdk-14.0.1/bin/java -jar /lab/itti/projects/checkers-competition/server/referee.jar on run_17_bowenyua_vdhankar #####
INPUT for vdhankar:
GAME
WHITE
216.692061901093
.....W.b
..b.....
.b.b....
w.b.....
.w.b.b..
w...w.w.
.w...w..
....w...
##### Running: /usr/bin/time -o time_17_bowenyua_vdhankar.txt -f "%U" python3 homework.py > stulog.txt 2>&1 on vdhankar #####
child exited with value 1
##### ERROR: /usr/bin/time -o time_17_bowenyua_vdhankar.txt -f "%U" python3 homework.py > stulog.txt 2>&1 on vdhankar #####
##### Output of failed program (stdout + stderr): #####
Traceback (most recent call last):
  File "homework.py", line 546, in <module>
    print(end-start)
NameError: name 'end' is not defined
##### End of output of failed program #####
##### vdhankar plays [J g3 e5] in 0.537363052368164s #####
##### Running: /usr/lib/jvm/jdk-14.0.1/bin/java -jar /lab/itti/projects/checkers-competition/server/referee.jar on run_17_bowenyua_vdhankar #####
Move is valid
##### SUCCESS: /usr/lib/jvm/jdk-14.0.1/bin/java -jar /lab/itti/projects/checkers-competition/server/referee.jar on run_17_bowenyua_vdhankar #####
INPUT for bowenyua:
GAME
BLACK
278.73
.....W.b
..b.....
.b.b....
w.b.w...
.w.b....
w...w...
.w...w..
....w...
##### Running: /usr/bin/time -o time_17_bowenyua_vdhankar.txt -f "%U" python3 homework.py > stulog.txt 2>&1 on bowenyua #####
##### SUCCESS: /usr/bin/time -o time_17_bowenyua_vdhankar.txt -f "%U" python3 homework.py > stulog.txt 2>&1 on bowenyua #####
##### bowenyua plays [J d6 f4 ; J f4 d2] in 0.13s #####
##### Running: /usr/lib/jvm/jdk-14.0.1/bin/java -jar /lab/itti/projects/checkers-competition/server/referee.jar on run_17_bowenyua_vdhankar #####
Move is valid
##### SUCCESS: /usr/lib/jvm/jdk-14.0.1/bin/java -jar /lab/itti/projects/checkers-competition/server/referee.jar on run_17_bowenyua_vdhankar #####
INPUT for vdhankar:
GAME
WHITE
216.154698848724
.....W.b
..b.....
.b......
w.b.....
.w.b....
w.......
.w.b.w..
....w...
##### Running: /usr/bin/time -o time_17_bowenyua_vdhankar.txt -f "%U" python3 homework.py > stulog.txt 2>&1 on vdhankar #####
child exited with value 1
##### ERROR: /usr/bin/time -o time_17_bowenyua_vdhankar.txt -f "%U" python3 homework.py > stulog.txt 2>&1 on vdhankar #####
##### Output of failed program (stdout + stderr): #####
Traceback (most recent call last):
  File "homework.py", line 546, in <module>
    print(end-start)
NameError: name 'end' is not defined
##### End of output of failed program #####
##### vdhankar plays [J b4 d6 ; J d6 b8] in 0.676776885986328s #####
##### Running: /usr/lib/jvm/jdk-14.0.1/bin/java -jar /lab/itti/projects/checkers-competition/server/referee.jar on run_17_bowenyua_vdhankar #####
Move is valid
##### SUCCESS: /usr/lib/jvm/jdk-14.0.1/bin/java -jar /lab/itti/projects/checkers-competition/server/referee.jar on run_17_bowenyua_vdhankar #####
INPUT for bowenyua:
GAME
BLACK
278.6
.W...W.b
........
.b......
w.......
...b....
w.......
.w.b.w..
....w...
##### Running: /usr/bin/time -o time_17_bowenyua_vdhankar.txt -f "%U" python3 homework.py > stulog.txt 2>&1 on bowenyua #####
##### SUCCESS: /usr/bin/time -o time_17_bowenyua_vdhankar.txt -f "%U" python3 homework.py > stulog.txt 2>&1 on bowenyua #####
##### bowenyua plays [E d4 c3] in 0.2s #####
##### Running: /usr/lib/jvm/jdk-14.0.1/bin/java -jar /lab/itti/projects/checkers-competition/server/referee.jar on run_17_bowenyua_vdhankar #####
Move is valid
##### SUCCESS: /usr/lib/jvm/jdk-14.0.1/bin/java -jar /lab/itti/projects/checkers-competition/server/referee.jar on run_17_bowenyua_vdhankar #####
INPUT for vdhankar:
GAME
WHITE
215.477921962738
.W...W.b
........
.b......
w.......
........
w.b.....
.w.b.w..
....w...
##### Running: /usr/bin/time -o time_17_bowenyua_vdhankar.txt -f "%U" python3 homework.py > stulog.txt 2>&1 on vdhankar #####
child exited with value 1
##### ERROR: /usr/bin/time -o time_17_bowenyua_vdhankar.txt -f "%U" python3 homework.py > stulog.txt 2>&1 on vdhankar #####
##### Output of failed program (stdout + stderr): #####
Traceback (most recent call last):
  File "homework.py", line 546, in <module>
    print(end-start)
NameError: name 'end' is not defined
##### End of output of failed program #####
##### vdhankar plays [J b2 d4] in 0.753199100494385s #####
##### Running: /usr/lib/jvm/jdk-14.0.1/bin/java -jar /lab/itti/projects/checkers-competition/server/referee.jar on run_17_bowenyua_vdhankar #####
Move is valid
##### SUCCESS: /usr/lib/jvm/jdk-14.0.1/bin/java -jar /lab/itti/projects/checkers-competition/server/referee.jar on run_17_bowenyua_vdhankar #####
INPUT for bowenyua:
GAME
BLACK
278.4
.W...W.b
........
.b......
w.......
...w....
w.......
...b.w..
....w...
##### Running: /usr/bin/time -o time_17_bowenyua_vdhankar.txt -f "%U" python3 homework.py > stulog.txt 2>&1 on bowenyua #####
##### SUCCESS: /usr/bin/time -o time_17_bowenyua_vdhankar.txt -f "%U" python3 homework.py > stulog.txt 2>&1 on bowenyua #####
##### bowenyua plays [E b6 c5] in 0.25s #####
##### Running: /usr/lib/jvm/jdk-14.0.1/bin/java -jar /lab/itti/projects/checkers-competition/server/referee.jar on run_17_bowenyua_vdhankar #####
Move is valid
##### SUCCESS: /usr/lib/jvm/jdk-14.0.1/bin/java -jar /lab/itti/projects/checkers-competition/server/referee.jar on run_17_bowenyua_vdhankar #####
INPUT for vdhankar:
GAME
WHITE
214.724722862244
.W...W.b
........
........
w.b.....
...w....
w.......
...b.w..
....w...
##### Running: /usr/bin/time -o time_17_bowenyua_vdhankar.txt -f "%U" python3 homework.py > stulog.txt 2>&1 on vdhankar #####
child exited with value 1
##### ERROR: /usr/bin/time -o time_17_bowenyua_vdhankar.txt -f "%U" python3 homework.py > stulog.txt 2>&1 on vdhankar #####
##### Output of failed program (stdout + stderr): #####
Traceback (most recent call last):
  File "homework.py", line 546, in <module>
    print(end-start)
NameError: name 'end' is not defined
##### End of output of failed program #####
##### vdhankar plays [J d4 b6] in 1.68929505348206s #####
##### Running: /usr/lib/jvm/jdk-14.0.1/bin/java -jar /lab/itti/projects/checkers-competition/server/referee.jar on run_17_bowenyua_vdhankar #####
Move is valid
##### SUCCESS: /usr/lib/jvm/jdk-14.0.1/bin/java -jar /lab/itti/projects/checkers-competition/server/referee.jar on run_17_bowenyua_vdhankar #####
INPUT for bowenyua:
GAME
BLACK
278.15
.W...W.b
........
.w......
w.......
........
w.......
...b.w..
....w...
##### Running: /usr/bin/time -o time_17_bowenyua_vdhankar.txt -f "%U" python3 homework.py > stulog.txt 2>&1 on bowenyua #####
##### SUCCESS: /usr/bin/time -o time_17_bowenyua_vdhankar.txt -f "%U" python3 homework.py > stulog.txt 2>&1 on bowenyua #####
##### bowenyua plays [E d2 c1] in 0.63s #####
##### Running: /usr/lib/jvm/jdk-14.0.1/bin/java -jar /lab/itti/projects/checkers-competition/server/referee.jar on run_17_bowenyua_vdhankar #####
Move is valid
##### SUCCESS: /usr/lib/jvm/jdk-14.0.1/bin/java -jar /lab/itti/projects/checkers-competition/server/referee.jar on run_17_bowenyua_vdhankar #####
INPUT for vdhankar:
GAME
WHITE
213.035427808762
.W...W.b
........
.w......
w.......
........
w.......
.....w..
..B.w...
##### Running: /usr/bin/time -o time_17_bowenyua_vdhankar.txt -f "%U" python3 homework.py > stulog.txt 2>&1 on vdhankar #####
child exited with value 1
##### ERROR: /usr/bin/time -o time_17_bowenyua_vdhankar.txt -f "%U" python3 homework.py > stulog.txt 2>&1 on vdhankar #####
##### Output of failed program (stdout + stderr): #####
Traceback (most recent call last):
  File "homework.py", line 546, in <module>
    print(end-start)
NameError: name 'end' is not defined
##### End of output of failed program #####
##### vdhankar plays [E b6 c7] in 9.1057870388031s #####
##### Running: /usr/lib/jvm/jdk-14.0.1/bin/java -jar /lab/itti/projects/checkers-competition/server/referee.jar on run_17_bowenyua_vdhankar #####
Move is valid
##### SUCCESS: /usr/lib/jvm/jdk-14.0.1/bin/java -jar /lab/itti/projects/checkers-competition/server/referee.jar on run_17_bowenyua_vdhankar #####
INPUT for bowenyua:
GAME
BLACK
277.52
.W...W.b
..w.....
........
w.......
........
w.......
.....w..
..B.w...
##### Running: /usr/bin/time -o time_17_bowenyua_vdhankar.txt -f "%U" python3 homework.py > stulog.txt 2>&1 on bowenyua #####
##### SUCCESS: /usr/bin/time -o time_17_bowenyua_vdhankar.txt -f "%U" python3 homework.py > stulog.txt 2>&1 on bowenyua #####
##### bowenyua plays [E c1 b2] in 0.65s #####
##### Running: /usr/lib/jvm/jdk-14.0.1/bin/java -jar /lab/itti/projects/checkers-competition/server/referee.jar on run_17_bowenyua_vdhankar #####
Move is valid
##### SUCCESS: /usr/lib/jvm/jdk-14.0.1/bin/java -jar /lab/itti/projects/checkers-competition/server/referee.jar on run_17_bowenyua_vdhankar #####
INPUT for vdhankar:
GAME
WHITE
203.929640769958
.W...W.b
..w.....
........
w.......
........
w.......
.B...w..
....w...
##### Running: /usr/bin/time -o time_17_bowenyua_vdhankar.txt -f "%U" python3 homework.py > stulog.txt 2>&1 on vdhankar #####
child exited with value 1
##### ERROR: /usr/bin/time -o time_17_bowenyua_vdhankar.txt -f "%U" python3 homework.py > stulog.txt 2>&1 on vdhankar #####
##### Output of failed program (stdout + stderr): #####
Traceback (most recent call last):
  File "homework.py", line 546, in <module>
    print(end-start)
NameError: name 'end' is not defined
##### End of output of failed program #####
##### vdhankar plays [E f2 g3] in 9.8452320098877s #####
##### Running: /usr/lib/jvm/jdk-14.0.1/bin/java -jar /lab/itti/projects/checkers-competition/server/referee.jar on run_17_bowenyua_vdhankar #####
Move is valid
##### SUCCESS: /usr/lib/jvm/jdk-14.0.1/bin/java -jar /lab/itti/projects/checkers-competition/server/referee.jar on run_17_bowenyua_vdhankar #####
INPUT for bowenyua:
GAME
BLACK
276.87
.W...W.b
..w.....
........
w.......
........
w.....w.
.B......
....w...
##### Running: /usr/bin/time -o time_17_bowenyua_vdhankar.txt -f "%U" python3 homework.py > stulog.txt 2>&1 on bowenyua #####
##### SUCCESS: /usr/bin/time -o time_17_bowenyua_vdhankar.txt -f "%U" python3 homework.py > stulog.txt 2>&1 on bowenyua #####
##### bowenyua plays [E b2 c3] in 0.98s #####
##### Running: /usr/lib/jvm/jdk-14.0.1/bin/java -jar /lab/itti/projects/checkers-competition/server/referee.jar on run_17_bowenyua_vdhankar #####
Move is valid
##### SUCCESS: /usr/lib/jvm/jdk-14.0.1/bin/java -jar /lab/itti/projects/checkers-competition/server/referee.jar on run_17_bowenyua_vdhankar #####
INPUT for vdhankar:
GAME
WHITE
194.084408760071
.W...W.b
..w.....
........
w.......
........
w.B...w.
........
....w...
##### Running: /usr/bin/time -o time_17_bowenyua_vdhankar.txt -f "%U" python3 homework.py > stulog.txt 2>&1 on vdhankar #####
child exited with value 1
##### ERROR: /usr/bin/time -o time_17_bowenyua_vdhankar.txt -f "%U" python3 homework.py > stulog.txt 2>&1 on vdhankar #####
##### Output of failed program (stdout + stderr): #####
Traceback (most recent call last):
  File "homework.py", line 546, in <module>
    print(end-start)
NameError: name 'end' is not defined
##### End of output of failed program #####
##### vdhankar plays [E g3 h4] in 12.8439610004425s #####
##### Running: /usr/lib/jvm/jdk-14.0.1/bin/java -jar /lab/itti/projects/checkers-competition/server/referee.jar on run_17_bowenyua_vdhankar #####
Move is valid
##### SUCCESS: /usr/lib/jvm/jdk-14.0.1/bin/java -jar /lab/itti/projects/checkers-competition/server/referee.jar on run_17_bowenyua_vdhankar #####
INPUT for bowenyua:
GAME
BLACK
275.89
.W...W.b
..w.....
........
w.......
.......w
w.B.....
........
....w...
##### Running: /usr/bin/time -o time_17_bowenyua_vdhankar.txt -f "%U" python3 homework.py > stulog.txt 2>&1 on bowenyua #####
##### SUCCESS: /usr/bin/time -o time_17_bowenyua_vdhankar.txt -f "%U" python3 homework.py > stulog.txt 2>&1 on bowenyua #####
##### bowenyua plays [E c3 d4] in 0.84s #####
##### Running: /usr/lib/jvm/jdk-14.0.1/bin/java -jar /lab/itti/projects/checkers-competition/server/referee.jar on run_17_bowenyua_vdhankar #####
Move is valid
##### SUCCESS: /usr/lib/jvm/jdk-14.0.1/bin/java -jar /lab/itti/projects/checkers-competition/server/referee.jar on run_17_bowenyua_vdhankar #####
INPUT for vdhankar:
GAME
WHITE
181.240447759628
.W...W.b
..w.....
........
w.......
...B...w
w.......
........
....w...
##### Running: /usr/bin/time -o time_17_bowenyua_vdhankar.txt -f "%U" python3 homework.py > stulog.txt 2>&1 on vdhankar #####
child exited with value 1
##### ERROR: /usr/bin/time -o time_17_bowenyua_vdhankar.txt -f "%U" python3 homework.py > stulog.txt 2>&1 on vdhankar #####
##### Output of failed program (stdout + stderr): #####
Traceback (most recent call last):
  File "homework.py", line 546, in <module>
    print(end-start)
NameError: name 'end' is not defined
##### End of output of failed program #####
##### vdhankar plays [E e1 f2] in 10.1590538024902s #####
##### Running: /usr/lib/jvm/jdk-14.0.1/bin/java -jar /lab/itti/projects/checkers-competition/server/referee.jar on run_17_bowenyua_vdhankar #####
Move is valid
##### SUCCESS: /usr/lib/jvm/jdk-14.0.1/bin/java -jar /lab/itti/projects/checkers-competition/server/referee.jar on run_17_bowenyua_vdhankar #####
INPUT for bowenyua:
GAME
BLACK
275.05
.W...W.b
..w.....
........
w.......
...B...w
w.......
.....w..
........
##### Running: /usr/bin/time -o time_17_bowenyua_vdhankar.txt -f "%U" python3 homework.py > stulog.txt 2>&1 on bowenyua #####
##### SUCCESS: /usr/bin/time -o time_17_bowenyua_vdhankar.txt -f "%U" python3 homework.py > stulog.txt 2>&1 on bowenyua #####
##### bowenyua plays [E d4 c5] in 1.3s #####
##### Running: /usr/lib/jvm/jdk-14.0.1/bin/java -jar /lab/itti/projects/checkers-competition/server/referee.jar on run_17_bowenyua_vdhankar #####
Move is valid
##### SUCCESS: /usr/lib/jvm/jdk-14.0.1/bin/java -jar /lab/itti/projects/checkers-competition/server/referee.jar on run_17_bowenyua_vdhankar #####
INPUT for vdhankar:
GAME
WHITE
171.081393957138
.W...W.b
..w.....
........
w.B.....
.......w
w.......
.....w..
........
##### Running: /usr/bin/time -o time_17_bowenyua_vdhankar.txt -f "%U" python3 homework.py > stulog.txt 2>&1 on vdhankar #####
child exited with value 1
##### ERROR: /usr/bin/time -o time_17_bowenyua_vdhankar.txt -f "%U" python3 homework.py > stulog.txt 2>&1 on vdhankar #####
##### Output of failed program (stdout + stderr): #####
Traceback (most recent call last):
  File "homework.py", line 546, in <module>
    print(end-start)
NameError: name 'end' is not defined
##### End of output of failed program #####
##### vdhankar plays [E f2 e3] in 8.32308197021484s #####
##### Running: /usr/lib/jvm/jdk-14.0.1/bin/java -jar /lab/itti/projects/checkers-competition/server/referee.jar on run_17_bowenyua_vdhankar #####
Move is valid
##### SUCCESS: /usr/lib/jvm/jdk-14.0.1/bin/java -jar /lab/itti/projects/checkers-competition/server/referee.jar on run_17_bowenyua_vdhankar #####
INPUT for bowenyua:
GAME
BLACK
273.75
.W...W.b
..w.....
........
w.B.....
.......w
w...w...
........
........
##### Running: /usr/bin/time -o time_17_bowenyua_vdhankar.txt -f "%U" python3 homework.py > stulog.txt 2>&1 on bowenyua #####
##### SUCCESS: /usr/bin/time -o time_17_bowenyua_vdhankar.txt -f "%U" python3 homework.py > stulog.txt 2>&1 on bowenyua #####
##### bowenyua plays [E h8 g7] in 0.58s #####
##### Running: /usr/lib/jvm/jdk-14.0.1/bin/java -jar /lab/itti/projects/checkers-competition/server/referee.jar on run_17_bowenyua_vdhankar #####
Move is valid
##### SUCCESS: /usr/lib/jvm/jdk-14.0.1/bin/java -jar /lab/itti/projects/checkers-competition/server/referee.jar on run_17_bowenyua_vdhankar #####
INPUT for vdhankar:
GAME
WHITE
162.758311986923
.W...W..
..w...b.
........
w.B.....
.......w
w...w...
........
........
##### Running: /usr/bin/time -o time_17_bowenyua_vdhankar.txt -f "%U" python3 homework.py > stulog.txt 2>&1 on vdhankar #####
child exited with value 1
##### ERROR: /usr/bin/time -o time_17_bowenyua_vdhankar.txt -f "%U" python3 homework.py > stulog.txt 2>&1 on vdhankar #####
##### Output of failed program (stdout + stderr): #####
Traceback (most recent call last):
  File "homework.py", line 546, in <module>
    print(end-start)
NameError: name 'end' is not defined
##### End of output of failed program #####
##### vdhankar plays [J f8 h6] in 0.458550214767456s #####
##### Running: /usr/lib/jvm/jdk-14.0.1/bin/java -jar /lab/itti/projects/checkers-competition/server/referee.jar on run_17_bowenyua_vdhankar #####
Move is valid
##### SUCCESS: /usr/lib/jvm/jdk-14.0.1/bin/java -jar /lab/itti/projects/checkers-competition/server/referee.jar on run_17_bowenyua_vdhankar #####
INPUT for bowenyua:
GAME
BLACK
273.17
.W......
..w.....
.......W
w.B.....
.......w
w...w...
........
........
##### Running: /usr/bin/time -o time_17_bowenyua_vdhankar.txt -f "%U" python3 homework.py > stulog.txt 2>&1 on bowenyua #####
child exited with value 1
##### ERROR: /usr/bin/time -o time_17_bowenyua_vdhankar.txt -f "%U" python3 homework.py > stulog.txt 2>&1 on bowenyua #####
##### Output of failed program (stdout + stderr): #####
Traceback (most recent call last):
  File "homework.py", line 376, in <module>
    homework = Agent('input.txt',7)
  File "homework.py", line 221, in __init__
    self.minimaxDecision()
  File "homework.py", line 236, in minimaxDecision
    self.writeOutput(optimalMove)
  File "homework.py", line 344, in writeOutput
    pos_list = selectedMove.split(' ')
AttributeError: 'NoneType' object has no attribute 'split'
##### End of output of failed program #####
##### bowenyua plays [] in 0.609666109085083s #####
##### Running: /usr/lib/jvm/jdk-14.0.1/bin/java -jar /lab/itti/projects/checkers-competition/server/referee.jar on run_17_bowenyua_vdhankar #####
Move is not valid
##### SUCCESS: /usr/lib/jvm/jdk-14.0.1/bin/java -jar /lab/itti/projects/checkers-competition/server/referee.jar on run_17_bowenyua_vdhankar #####
##### GAME OVER: bowenyua loses because of illegal move [] #####
Server said: FAIL
########## ROUND 17 GAMESCORE AFTER GAME 1: bowenyua=0 and vdhankar=1 ##########
#################### ROUND 17: bowenyua (W) vs vdhankar (B): game 2 ####################
##### game start! #####
INPUT for vdhankar:
GAME
BLACK
300
.b.b.b.b
b.b.b.b.
.b.b.b.b
........
........
w.w.w.w.
.w.w.w.w
w.w.w.w.
##### Running: /usr/bin/time -o time_17_bowenyua_vdhankar.txt -f "%U" python3 homework.py > stulog.txt 2>&1 on vdhankar #####
child exited with value 1
##### ERROR: /usr/bin/time -o time_17_bowenyua_vdhankar.txt -f "%U" python3 homework.py > stulog.txt 2>&1 on vdhankar #####
##### Output of failed program (stdout + stderr): #####
Traceback (most recent call last):
  File "homework.py", line 546, in <module>
    print(end-start)
NameError: name 'end' is not defined
##### End of output of failed program #####
##### vdhankar plays [E h6 g5] in 12.2649171352386s #####
##### Running: /usr/lib/jvm/jdk-14.0.1/bin/java -jar /lab/itti/projects/checkers-competition/server/referee.jar on run_17_bowenyua_vdhankar #####
Move is valid
Couldn't read file 'current_ply.txt'
Couldn't read content from file 'current_ply.txt'
Couldn't read file 'lastmatchange_ply.txt'
Couldn't read content from file 'lastmatchange_ply.txt'
##### SUCCESS: /usr/lib/jvm/jdk-14.0.1/bin/java -jar /lab/itti/projects/checkers-competition/server/referee.jar on run_17_bowenyua_vdhankar #####
INPUT for bowenyua:
GAME
WHITE
300
.b.b.b.b
b.b.b.b.
.b.b.b..
......b.
........
w.w.w.w.
.w.w.w.w
w.w.w.w.
##### Running: /usr/bin/time -o time_17_bowenyua_vdhankar.txt -f "%U" python3 homework.py > stulog.txt 2>&1 on bowenyua #####
##### SUCCESS: /usr/bin/time -o time_17_bowenyua_vdhankar.txt -f "%U" python3 homework.py > stulog.txt 2>&1 on bowenyua #####
##### bowenyua plays [E a3 b4] in 1.74s #####
##### Running: /usr/lib/jvm/jdk-14.0.1/bin/java -jar /lab/itti/projects/checkers-competition/server/referee.jar on run_17_bowenyua_vdhankar #####
Move is valid
##### SUCCESS: /usr/lib/jvm/jdk-14.0.1/bin/java -jar /lab/itti/projects/checkers-competition/server/referee.jar on run_17_bowenyua_vdhankar #####
INPUT for vdhankar:
GAME
BLACK
287.735082864761
.b.b.b.b
b.b.b.b.
.b.b.b..
......b.
.w......
..w.w.w.
.w.w.w.w
w.w.w.w.
##### Running: /usr/bin/time -o time_17_bowenyua_vdhankar.txt -f "%U" python3 homework.py > stulog.txt 2>&1 on vdhankar #####
child exited with value 1
##### ERROR: /usr/bin/time -o time_17_bowenyua_vdhankar.txt -f "%U" python3 homework.py > stulog.txt 2>&1 on vdhankar #####
##### Output of failed program (stdout + stderr): #####
Traceback (most recent call last):
  File "homework.py", line 546, in <module>
    print(end-start)
NameError: name 'end' is not defined
##### End of output of failed program #####
##### vdhankar plays [E g5 h4] in 9.61381387710571s #####
##### Running: /usr/lib/jvm/jdk-14.0.1/bin/java -jar /lab/itti/projects/checkers-competition/server/referee.jar on run_17_bowenyua_vdhankar #####
Move is valid
##### SUCCESS: /usr/lib/jvm/jdk-14.0.1/bin/java -jar /lab/itti/projects/checkers-competition/server/referee.jar on run_17_bowenyua_vdhankar #####
INPUT for bowenyua:
GAME
WHITE
298.26
.b.b.b.b
b.b.b.b.
.b.b.b..
........
.w.....b
..w.w.w.
.w.w.w.w
w.w.w.w.
##### Running: /usr/bin/time -o time_17_bowenyua_vdhankar.txt -f "%U" python3 homework.py > stulog.txt 2>&1 on bowenyua #####
##### SUCCESS: /usr/bin/time -o time_17_bowenyua_vdhankar.txt -f "%U" python3 homework.py > stulog.txt 2>&1 on bowenyua #####
##### bowenyua plays [E b4 a5] in 1.69s #####
##### Running: /usr/lib/jvm/jdk-14.0.1/bin/java -jar /lab/itti/projects/checkers-competition/server/referee.jar on run_17_bowenyua_vdhankar #####
Move is valid
##### SUCCESS: /usr/lib/jvm/jdk-14.0.1/bin/java -jar /lab/itti/projects/checkers-competition/server/referee.jar on run_17_bowenyua_vdhankar #####
INPUT for vdhankar:
GAME
BLACK
278.121268987656
.b.b.b.b
b.b.b.b.
.b.b.b..
w.......
.......b
..w.w.w.
.w.w.w.w
w.w.w.w.
##### Running: /usr/bin/time -o time_17_bowenyua_vdhankar.txt -f "%U" python3 homework.py > stulog.txt 2>&1 on vdhankar #####
child exited with value 1
##### ERROR: /usr/bin/time -o time_17_bowenyua_vdhankar.txt -f "%U" python3 homework.py > stulog.txt 2>&1 on vdhankar #####
##### Output of failed program (stdout + stderr): #####
Traceback (most recent call last):
  File "homework.py", line 546, in <module>
    print(end-start)
NameError: name 'end' is not defined
##### End of output of failed program #####
##### vdhankar plays [E d6 e5] in 8.02568101882935s #####
##### Running: /usr/lib/jvm/jdk-14.0.1/bin/java -jar /lab/itti/projects/checkers-competition/server/referee.jar on run_17_bowenyua_vdhankar #####
Move is valid
##### SUCCESS: /usr/lib/jvm/jdk-14.0.1/bin/java -jar /lab/itti/projects/checkers-competition/server/referee.jar on run_17_bowenyua_vdhankar #####
INPUT for bowenyua:
GAME
WHITE
296.57
.b.b.b.b
b.b.b.b.
.b...b..
w...b...
.......b
..w.w.w.
.w.w.w.w
w.w.w.w.
##### Running: /usr/bin/time -o time_17_bowenyua_vdhankar.txt -f "%U" python3 homework.py > stulog.txt 2>&1 on bowenyua #####
##### SUCCESS: /usr/bin/time -o time_17_bowenyua_vdhankar.txt -f "%U" python3 homework.py > stulog.txt 2>&1 on bowenyua #####
##### bowenyua plays [E c3 b4] in 0.23s #####
##### Running: /usr/lib/jvm/jdk-14.0.1/bin/java -jar /lab/itti/projects/checkers-competition/server/referee.jar on run_17_bowenyua_vdhankar #####
Move is valid
##### SUCCESS: /usr/lib/jvm/jdk-14.0.1/bin/java -jar /lab/itti/projects/checkers-competition/server/referee.jar on run_17_bowenyua_vdhankar #####
INPUT for vdhankar:
GAME
BLACK
270.095587968826
.b.b.b.b
b.b.b.b.
.b...b..
w...b...
.w.....b
....w.w.
.w.w.w.w
w.w.w.w.
##### Running: /usr/bin/time -o time_17_bowenyua_vdhankar.txt -f "%U" python3 homework.py > stulog.txt 2>&1 on vdhankar #####
child exited with value 1
##### ERROR: /usr/bin/time -o time_17_bowenyua_vdhankar.txt -f "%U" python3 homework.py > stulog.txt 2>&1 on vdhankar #####
##### Output of failed program (stdout + stderr): #####
Traceback (most recent call last):
  File "homework.py", line 546, in <module>
    print(end-start)
NameError: name 'end' is not defined
##### End of output of failed program #####
##### vdhankar plays [E e7 d6] in 3.70576190948486s #####
##### Running: /usr/lib/jvm/jdk-14.0.1/bin/java -jar /lab/itti/projects/checkers-competition/server/referee.jar on run_17_bowenyua_vdhankar #####
Move is valid
##### SUCCESS: /usr/lib/jvm/jdk-14.0.1/bin/java -jar /lab/itti/projects/checkers-competition/server/referee.jar on run_17_bowenyua_vdhankar #####
INPUT for bowenyua:
GAME
WHITE
296.34
.b.b.b.b
b.b...b.
.b.b.b..
w...b...
.w.....b
....w.w.
.w.w.w.w
w.w.w.w.
##### Running: /usr/bin/time -o time_17_bowenyua_vdhankar.txt -f "%U" python3 homework.py > stulog.txt 2>&1 on bowenyua #####
##### SUCCESS: /usr/bin/time -o time_17_bowenyua_vdhankar.txt -f "%U" python3 homework.py > stulog.txt 2>&1 on bowenyua #####
##### bowenyua plays [E e3 f4] in 1.12s #####
##### Running: /usr/lib/jvm/jdk-14.0.1/bin/java -jar /lab/itti/projects/checkers-competition/server/referee.jar on run_17_bowenyua_vdhankar #####
Move is valid
##### SUCCESS: /usr/lib/jvm/jdk-14.0.1/bin/java -jar /lab/itti/projects/checkers-competition/server/referee.jar on run_17_bowenyua_vdhankar #####
INPUT for vdhankar:
GAME
BLACK
266.389826059341
.b.b.b.b
b.b...b.
.b.b.b..
w...b...
.w...w.b
......w.
.w.w.w.w
w.w.w.w.
##### Running: /usr/bin/time -o time_17_bowenyua_vdhankar.txt -f "%U" python3 homework.py > stulog.txt 2>&1 on vdhankar #####
child exited with value 1
##### ERROR: /usr/bin/time -o time_17_bowenyua_vdhankar.txt -f "%U" python3 homework.py > stulog.txt 2>&1 on vdhankar #####
##### Output of failed program (stdout + stderr): #####
Traceback (most recent call last):
  File "homework.py", line 546, in <module>
    print(end-start)
NameError: name 'end' is not defined
##### End of output of failed program #####
##### vdhankar plays [E b6 c5] in 4.29199290275574s #####
##### Running: /usr/lib/jvm/jdk-14.0.1/bin/java -jar /lab/itti/projects/checkers-competition/server/referee.jar on run_17_bowenyua_vdhankar #####
Move is valid
##### SUCCESS: /usr/lib/jvm/jdk-14.0.1/bin/java -jar /lab/itti/projects/checkers-competition/server/referee.jar on run_17_bowenyua_vdhankar #####
INPUT for bowenyua:
GAME
WHITE
295.22
.b.b.b.b
b.b...b.
...b.b..
w.b.b...
.w...w.b
......w.
.w.w.w.w
w.w.w.w.
##### Running: /usr/bin/time -o time_17_bowenyua_vdhankar.txt -f "%U" python3 homework.py > stulog.txt 2>&1 on bowenyua #####
##### SUCCESS: /usr/bin/time -o time_17_bowenyua_vdhankar.txt -f "%U" python3 homework.py > stulog.txt 2>&1 on bowenyua #####
##### bowenyua plays [E b2 a3] in 1.08s #####
##### Running: /usr/lib/jvm/jdk-14.0.1/bin/java -jar /lab/itti/projects/checkers-competition/server/referee.jar on run_17_bowenyua_vdhankar #####
Move is valid
##### SUCCESS: /usr/lib/jvm/jdk-14.0.1/bin/java -jar /lab/itti/projects/checkers-competition/server/referee.jar on run_17_bowenyua_vdhankar #####
INPUT for vdhankar:
GAME
BLACK
262.097833156586
.b.b.b.b
b.b...b.
...b.b..
w.b.b...
.w...w.b
w.....w.
...w.w.w
w.w.w.w.
##### Running: /usr/bin/time -o time_17_bowenyua_vdhankar.txt -f "%U" python3 homework.py > stulog.txt 2>&1 on vdhankar #####
child exited with value 1
##### ERROR: /usr/bin/time -o time_17_bowenyua_vdhankar.txt -f "%U" python3 homework.py > stulog.txt 2>&1 on vdhankar #####
##### Output of failed program (stdout + stderr): #####
Traceback (most recent call last):
  File "homework.py", line 546, in <module>
    print(end-start)
NameError: name 'end' is not defined
##### End of output of failed program #####
##### vdhankar plays [E g7 h6] in 6.18617606163025s #####
##### Running: /usr/lib/jvm/jdk-14.0.1/bin/java -jar /lab/itti/projects/checkers-competition/server/referee.jar on run_17_bowenyua_vdhankar #####
Move is valid
##### SUCCESS: /usr/lib/jvm/jdk-14.0.1/bin/java -jar /lab/itti/projects/checkers-competition/server/referee.jar on run_17_bowenyua_vdhankar #####
INPUT for bowenyua:
GAME
WHITE
294.14
.b.b.b.b
b.b.....
...b.b.b
w.b.b...
.w...w.b
w.....w.
...w.w.w
w.w.w.w.
##### Running: /usr/bin/time -o time_17_bowenyua_vdhankar.txt -f "%U" python3 homework.py > stulog.txt 2>&1 on bowenyua #####
##### SUCCESS: /usr/bin/time -o time_17_bowenyua_vdhankar.txt -f "%U" python3 homework.py > stulog.txt 2>&1 on bowenyua #####
##### bowenyua plays [E f4 g5] in 0.68s #####
##### Running: /usr/lib/jvm/jdk-14.0.1/bin/java -jar /lab/itti/projects/checkers-competition/server/referee.jar on run_17_bowenyua_vdhankar #####
Move is valid
##### SUCCESS: /usr/lib/jvm/jdk-14.0.1/bin/java -jar /lab/itti/projects/checkers-competition/server/referee.jar on run_17_bowenyua_vdhankar #####
INPUT for vdhankar:
GAME
BLACK
255.911657094955
.b.b.b.b
b.b.....
...b.b.b
w.b.b.w.
.w.....b
w.....w.
...w.w.w
w.w.w.w.
##### Running: /usr/bin/time -o time_17_bowenyua_vdhankar.txt -f "%U" python3 homework.py > stulog.txt 2>&1 on vdhankar #####
child exited with value 1
##### ERROR: /usr/bin/time -o time_17_bowenyua_vdhankar.txt -f "%U" python3 homework.py > stulog.txt 2>&1 on vdhankar #####
##### Output of failed program (stdout + stderr): #####
Traceback (most recent call last):
  File "homework.py", line 546, in <module>
    print(end-start)
NameError: name 'end' is not defined
##### End of output of failed program #####
##### vdhankar plays [J h6 f4] in 1.24076795578003s #####
##### Running: /usr/lib/jvm/jdk-14.0.1/bin/java -jar /lab/itti/projects/checkers-competition/server/referee.jar on run_17_bowenyua_vdhankar #####
Move is valid
##### SUCCESS: /usr/lib/jvm/jdk-14.0.1/bin/java -jar /lab/itti/projects/checkers-competition/server/referee.jar on run_17_bowenyua_vdhankar #####
INPUT for bowenyua:
GAME
WHITE
293.46
.b.b.b.b
b.b.....
...b.b..
w.b.b...
.w...b.b
w.....w.
...w.w.w
w.w.w.w.
##### Running: /usr/bin/time -o time_17_bowenyua_vdhankar.txt -f "%U" python3 homework.py > stulog.txt 2>&1 on bowenyua #####
##### SUCCESS: /usr/bin/time -o time_17_bowenyua_vdhankar.txt -f "%U" python3 homework.py > stulog.txt 2>&1 on bowenyua #####
##### bowenyua plays [E f2 e3] in 0.6s #####
##### Running: /usr/lib/jvm/jdk-14.0.1/bin/java -jar /lab/itti/projects/checkers-competition/server/referee.jar on run_17_bowenyua_vdhankar #####
Move is valid
##### SUCCESS: /usr/lib/jvm/jdk-14.0.1/bin/java -jar /lab/itti/projects/checkers-competition/server/referee.jar on run_17_bowenyua_vdhankar #####
INPUT for vdhankar:
GAME
BLACK
254.670889139175
.b.b.b.b
b.b.....
...b.b..
w.b.b...
.w...b.b
w...w.w.
...w...w
w.w.w.w.
##### Running: /usr/bin/time -o time_17_bowenyua_vdhankar.txt -f "%U" python3 homework.py > stulog.txt 2>&1 on vdhankar #####
child exited with value 1
##### ERROR: /usr/bin/time -o time_17_bowenyua_vdhankar.txt -f "%U" python3 homework.py > stulog.txt 2>&1 on vdhankar #####
##### Output of failed program (stdout + stderr): #####
Traceback (most recent call last):
  File "homework.py", line 546, in <module>
    print(end-start)
NameError: name 'end' is not defined
##### End of output of failed program #####
##### vdhankar plays [J h4 f2] in 0.624293804168701s #####
##### Running: /usr/lib/jvm/jdk-14.0.1/bin/java -jar /lab/itti/projects/checkers-competition/server/referee.jar on run_17_bowenyua_vdhankar #####
Move is valid
##### SUCCESS: /usr/lib/jvm/jdk-14.0.1/bin/java -jar /lab/itti/projects/checkers-competition/server/referee.jar on run_17_bowenyua_vdhankar #####
INPUT for bowenyua:
GAME
WHITE
292.86
.b.b.b.b
b.b.....
...b.b..
w.b.b...
.w...b..
w...w...
...w.b.w
w.w.w.w.
##### Running: /usr/bin/time -o time_17_bowenyua_vdhankar.txt -f "%U" python3 homework.py > stulog.txt 2>&1 on bowenyua #####
##### SUCCESS: /usr/bin/time -o time_17_bowenyua_vdhankar.txt -f "%U" python3 homework.py > stulog.txt 2>&1 on bowenyua #####
##### bowenyua plays [J e3 g5 ; J g5 e7] in 0.16s #####
##### Running: /usr/lib/jvm/jdk-14.0.1/bin/java -jar /lab/itti/projects/checkers-competition/server/referee.jar on run_17_bowenyua_vdhankar #####
Move is valid
##### SUCCESS: /usr/lib/jvm/jdk-14.0.1/bin/java -jar /lab/itti/projects/checkers-competition/server/referee.jar on run_17_bowenyua_vdhankar #####
INPUT for vdhankar:
GAME
BLACK
254.046595335007
.b.b.b.b
b.b.w...
...b....
w.b.b...
.w......
w.......
...w.b.w
w.w.w.w.
##### Running: /usr/bin/time -o time_17_bowenyua_vdhankar.txt -f "%U" python3 homework.py > stulog.txt 2>&1 on vdhankar #####
child exited with value 1
##### ERROR: /usr/bin/time -o time_17_bowenyua_vdhankar.txt -f "%U" python3 homework.py > stulog.txt 2>&1 on vdhankar #####
##### Output of failed program (stdout + stderr): #####
Traceback (most recent call last):
  File "homework.py", line 546, in <module>
    print(end-start)
NameError: name 'end' is not defined
##### End of output of failed program #####
##### vdhankar plays [J d8 f6] in 3.96316695213318s #####
##### Running: /usr/lib/jvm/jdk-14.0.1/bin/java -jar /lab/itti/projects/checkers-competition/server/referee.jar on run_17_bowenyua_vdhankar #####
Move is valid
##### SUCCESS: /usr/lib/jvm/jdk-14.0.1/bin/java -jar /lab/itti/projects/checkers-competition/server/referee.jar on run_17_bowenyua_vdhankar #####
INPUT for bowenyua:
GAME
WHITE
292.7
.b...b.b
b.b.....
...b.b..
w.b.b...
.w......
w.......
...w.b.w
w.w.w.w.
##### Running: /usr/bin/time -o time_17_bowenyua_vdhankar.txt -f "%U" python3 homework.py > stulog.txt 2>&1 on bowenyua #####
##### SUCCESS: /usr/bin/time -o time_17_bowenyua_vdhankar.txt -f "%U" python3 homework.py > stulog.txt 2>&1 on bowenyua #####
##### bowenyua plays [J e1 g3] in 0.8s #####
##### Running: /usr/lib/jvm/jdk-14.0.1/bin/java -jar /lab/itti/projects/checkers-competition/server/referee.jar on run_17_bowenyua_vdhankar #####
Move is valid
##### SUCCESS: /usr/lib/jvm/jdk-14.0.1/bin/java -jar /lab/itti/projects/checkers-competition/server/referee.jar on run_17_bowenyua_vdhankar #####
INPUT for vdhankar:
GAME
BLACK
250.083428382874
.b...b.b
b.b.....
...b.b..
w.b.b...
.w......
w.....w.
...w...w
w.w...w.
##### Running: /usr/bin/time -o time_17_bowenyua_vdhankar.txt -f "%U" python3 homework.py > stulog.txt 2>&1 on vdhankar #####
child exited with value 1
##### ERROR: /usr/bin/time -o time_17_bowenyua_vdhankar.txt -f "%U" python3 homework.py > stulog.txt 2>&1 on vdhankar #####
##### Output of failed program (stdout + stderr): #####
Traceback (most recent call last):
  File "homework.py", line 546, in <module>
    print(end-start)
NameError: name 'end' is not defined
##### End of output of failed program #####
##### vdhankar plays [E h8 g7] in 15.6396808624268s #####
##### Running: /usr/lib/jvm/jdk-14.0.1/bin/java -jar /lab/itti/projects/checkers-competition/server/referee.jar on run_17_bowenyua_vdhankar #####
Move is valid
##### SUCCESS: /usr/lib/jvm/jdk-14.0.1/bin/java -jar /lab/itti/projects/checkers-competition/server/referee.jar on run_17_bowenyua_vdhankar #####
INPUT for bowenyua:
GAME
WHITE
291.9
.b...b..
b.b...b.
...b.b..
w.b.b...
.w......
w.....w.
...w...w
w.w...w.
##### Running: /usr/bin/time -o time_17_bowenyua_vdhankar.txt -f "%U" python3 homework.py > stulog.txt 2>&1 on bowenyua #####
##### SUCCESS: /usr/bin/time -o time_17_bowenyua_vdhankar.txt -f "%U" python3 homework.py > stulog.txt 2>&1 on bowenyua #####
##### bowenyua plays [E g3 f4] in 1.74s #####
##### Running: /usr/lib/jvm/jdk-14.0.1/bin/java -jar /lab/itti/projects/checkers-competition/server/referee.jar on run_17_bowenyua_vdhankar #####
Move is valid
##### SUCCESS: /usr/lib/jvm/jdk-14.0.1/bin/java -jar /lab/itti/projects/checkers-competition/server/referee.jar on run_17_bowenyua_vdhankar #####
INPUT for vdhankar:
GAME
BLACK
234.443747520447
.b...b..
b.b...b.
...b.b..
w.b.b...
.w...w..
w.......
...w...w
w.w...w.
##### Running: /usr/bin/time -o time_17_bowenyua_vdhankar.txt -f "%U" python3 homework.py > stulog.txt 2>&1 on vdhankar #####
child exited with value 1
##### ERROR: /usr/bin/time -o time_17_bowenyua_vdhankar.txt -f "%U" python3 homework.py > stulog.txt 2>&1 on vdhankar #####
##### Output of failed program (stdout + stderr): #####
Traceback (most recent call last):
  File "homework.py", line 546, in <module>
    print(end-start)
NameError: name 'end' is not defined
##### End of output of failed program #####
##### vdhankar plays [J e5 g3] in 2.27720594406128s #####
##### Running: /usr/lib/jvm/jdk-14.0.1/bin/java -jar /lab/itti/projects/checkers-competition/server/referee.jar on run_17_bowenyua_vdhankar #####
Move is valid
##### SUCCESS: /usr/lib/jvm/jdk-14.0.1/bin/java -jar /lab/itti/projects/checkers-competition/server/referee.jar on run_17_bowenyua_vdhankar #####
INPUT for bowenyua:
GAME
WHITE
290.16
.b...b..
b.b...b.
...b.b..
w.b.....
.w......
w.....b.
...w...w
w.w...w.
##### Running: /usr/bin/time -o time_17_bowenyua_vdhankar.txt -f "%U" python3 homework.py > stulog.txt 2>&1 on bowenyua #####
##### SUCCESS: /usr/bin/time -o time_17_bowenyua_vdhankar.txt -f "%U" python3 homework.py > stulog.txt 2>&1 on bowenyua #####
##### bowenyua plays [J h2 f4] in 0.98s #####
##### Running: /usr/lib/jvm/jdk-14.0.1/bin/java -jar /lab/itti/projects/checkers-competition/server/referee.jar on run_17_bowenyua_vdhankar #####
Move is valid
##### SUCCESS: /usr/lib/jvm/jdk-14.0.1/bin/java -jar /lab/itti/projects/checkers-competition/server/referee.jar on run_17_bowenyua_vdhankar #####
INPUT for vdhankar:
GAME
BLACK
232.166541576385
.b...b..
b.b...b.
...b.b..
w.b.....
.w...w..
w.......
...w....
w.w...w.
##### Running: /usr/bin/time -o time_17_bowenyua_vdhankar.txt -f "%U" python3 homework.py > stulog.txt 2>&1 on vdhankar #####
child exited with value 1
##### ERROR: /usr/bin/time -o time_17_bowenyua_vdhankar.txt -f "%U" python3 homework.py > stulog.txt 2>&1 on vdhankar #####
##### Output of failed program (stdout + stderr): #####
Traceback (most recent call last):
  File "homework.py", line 546, in <module>
    print(end-start)
NameError: name 'end' is not defined
##### End of output of failed program #####
##### vdhankar plays [E c5 d4] in 14.9634420871735s #####
##### Running: /usr/lib/jvm/jdk-14.0.1/bin/java -jar /lab/itti/projects/checkers-competition/server/referee.jar on run_17_bowenyua_vdhankar #####
Move is valid
##### SUCCESS: /usr/lib/jvm/jdk-14.0.1/bin/java -jar /lab/itti/projects/checkers-competition/server/referee.jar on run_17_bowenyua_vdhankar #####
INPUT for bowenyua:
GAME
WHITE
289.18
.b...b..
b.b...b.
...b.b..
w.......
.w.b.w..
w.......
...w....
w.w...w.
##### Running: /usr/bin/time -o time_17_bowenyua_vdhankar.txt -f "%U" python3 homework.py > stulog.txt 2>&1 on bowenyua #####
##### SUCCESS: /usr/bin/time -o time_17_bowenyua_vdhankar.txt -f "%U" python3 homework.py > stulog.txt 2>&1 on bowenyua #####
##### bowenyua plays [E f4 e5] in 2.77s #####
##### Running: /usr/lib/jvm/jdk-14.0.1/bin/java -jar /lab/itti/projects/checkers-competition/server/referee.jar on run_17_bowenyua_vdhankar #####
Move is valid
##### SUCCESS: /usr/lib/jvm/jdk-14.0.1/bin/java -jar /lab/itti/projects/checkers-competition/server/referee.jar on run_17_bowenyua_vdhankar #####
INPUT for vdhankar:
GAME
BLACK
217.203099489212
.b...b..
b.b...b.
...b.b..
w...w...
.w.b....
w.......
...w....
w.w...w.
##### Running: /usr/bin/time -o time_17_bowenyua_vdhankar.txt -f "%U" python3 homework.py > stulog.txt 2>&1 on vdhankar #####
child exited with value 1
##### ERROR: /usr/bin/time -o time_17_bowenyua_vdhankar.txt -f "%U" python3 homework.py > stulog.txt 2>&1 on vdhankar #####
##### Output of failed program (stdout + stderr): #####
Traceback (most recent call last):
  File "homework.py", line 546, in <module>
    print(end-start)
NameError: name 'end' is not defined
##### End of output of failed program #####
##### vdhankar plays [J d6 f4] in 3.63049912452698s #####
##### Running: /usr/lib/jvm/jdk-14.0.1/bin/java -jar /lab/itti/projects/checkers-competition/server/referee.jar on run_17_bowenyua_vdhankar #####
Move is valid
##### SUCCESS: /usr/lib/jvm/jdk-14.0.1/bin/java -jar /lab/itti/projects/checkers-competition/server/referee.jar on run_17_bowenyua_vdhankar #####
INPUT for bowenyua:
GAME
WHITE
286.41
.b...b..
b.b...b.
.....b..
w.......
.w.b.b..
w.......
...w....
w.w...w.
##### Running: /usr/bin/time -o time_17_bowenyua_vdhankar.txt -f "%U" python3 homework.py > stulog.txt 2>&1 on bowenyua #####
##### SUCCESS: /usr/bin/time -o time_17_bowenyua_vdhankar.txt -f "%U" python3 homework.py > stulog.txt 2>&1 on bowenyua #####
##### bowenyua plays [E d2 e3] in 2.27s #####
##### Running: /usr/lib/jvm/jdk-14.0.1/bin/java -jar /lab/itti/projects/checkers-competition/server/referee.jar on run_17_bowenyua_vdhankar #####
Move is valid
##### SUCCESS: /usr/lib/jvm/jdk-14.0.1/bin/java -jar /lab/itti/projects/checkers-competition/server/referee.jar on run_17_bowenyua_vdhankar #####
INPUT for vdhankar:
GAME
BLACK
213.572600364685
.b...b..
b.b...b.
.....b..
w.......
.w.b.b..
w...w...
........
w.w...w.
##### Running: /usr/bin/time -o time_17_bowenyua_vdhankar.txt -f "%U" python3 homework.py > stulog.txt 2>&1 on vdhankar #####
child exited with value 1
##### ERROR: /usr/bin/time -o time_17_bowenyua_vdhankar.txt -f "%U" python3 homework.py > stulog.txt 2>&1 on vdhankar #####
##### Output of failed program (stdout + stderr): #####
Traceback (most recent call last):
  File "homework.py", line 546, in <module>
    print(end-start)
NameError: name 'end' is not defined
##### End of output of failed program #####
##### vdhankar plays [J f4 d2] in 1.07494616508484s #####
##### Running: /usr/lib/jvm/jdk-14.0.1/bin/java -jar /lab/itti/projects/checkers-competition/server/referee.jar on run_17_bowenyua_vdhankar #####
Move is valid
##### SUCCESS: /usr/lib/jvm/jdk-14.0.1/bin/java -jar /lab/itti/projects/checkers-competition/server/referee.jar on run_17_bowenyua_vdhankar #####
INPUT for bowenyua:
GAME
WHITE
284.14
.b...b..
b.b...b.
.....b..
w.......
.w.b....
w.......
...b....
w.w...w.
##### Running: /usr/bin/time -o time_17_bowenyua_vdhankar.txt -f "%U" python3 homework.py > stulog.txt 2>&1 on bowenyua #####
##### SUCCESS: /usr/bin/time -o time_17_bowenyua_vdhankar.txt -f "%U" python3 homework.py > stulog.txt 2>&1 on bowenyua #####
##### bowenyua plays [J c1 e3 ; J e3 c5] in 0.34s #####
##### Running: /usr/lib/jvm/jdk-14.0.1/bin/java -jar /lab/itti/projects/checkers-competition/server/referee.jar on run_17_bowenyua_vdhankar #####
Move is valid
##### SUCCESS: /usr/lib/jvm/jdk-14.0.1/bin/java -jar /lab/itti/projects/checkers-competition/server/referee.jar on run_17_bowenyua_vdhankar #####
INPUT for vdhankar:
GAME
BLACK
212.4976541996
.b...b..
b.b...b.
.....b..
w.w.....
.w......
w.......
........
w.....w.
##### Running: /usr/bin/time -o time_17_bowenyua_vdhankar.txt -f "%U" python3 homework.py > stulog.txt 2>&1 on vdhankar #####
child exited with value 1
##### ERROR: /usr/bin/time -o time_17_bowenyua_vdhankar.txt -f "%U" python3 homework.py > stulog.txt 2>&1 on vdhankar #####
##### Output of failed program (stdout + stderr): #####
Traceback (most recent call last):
  File "homework.py", line 546, in <module>
    print(end-start)
NameError: name 'end' is not defined
##### End of output of failed program #####
##### vdhankar plays [E f6 e5] in 7.7394437789917s #####
##### Running: /usr/lib/jvm/jdk-14.0.1/bin/java -jar /lab/itti/projects/checkers-competition/server/referee.jar on run_17_bowenyua_vdhankar #####
Move is valid
##### SUCCESS: /usr/lib/jvm/jdk-14.0.1/bin/java -jar /lab/itti/projects/checkers-competition/server/referee.jar on run_17_bowenyua_vdhankar #####
INPUT for bowenyua:
GAME
WHITE
283.8
.b...b..
b.b...b.
........
w.w.b...
.w......
w.......
........
w.....w.
##### Running: /usr/bin/time -o time_17_bowenyua_vdhankar.txt -f "%U" python3 homework.py > stulog.txt 2>&1 on bowenyua #####
##### SUCCESS: /usr/bin/time -o time_17_bowenyua_vdhankar.txt -f "%U" python3 homework.py > stulog.txt 2>&1 on bowenyua #####
##### bowenyua plays [E a1 b2] in 1.9s #####
##### Running: /usr/lib/jvm/jdk-14.0.1/bin/java -jar /lab/itti/projects/checkers-competition/server/referee.jar on run_17_bowenyua_vdhankar #####
Move is valid
##### SUCCESS: /usr/lib/jvm/jdk-14.0.1/bin/java -jar /lab/itti/projects/checkers-competition/server/referee.jar on run_17_bowenyua_vdhankar #####
INPUT for vdhankar:
GAME
BLACK
204.758210420609
.b...b..
b.b...b.
........
w.w.b...
.w......
w.......
.w......
......w.
##### Running: /usr/bin/time -o time_17_bowenyua_vdhankar.txt -f "%U" python3 homework.py > stulog.txt 2>&1 on vdhankar #####
child exited with value 1
##### ERROR: /usr/bin/time -o time_17_bowenyua_vdhankar.txt -f "%U" python3 homework.py > stulog.txt 2>&1 on vdhankar #####
##### Output of failed program (stdout + stderr): #####
Traceback (most recent call last):
  File "homework.py", line 546, in <module>
    print(end-start)
NameError: name 'end' is not defined
##### End of output of failed program #####
##### vdhankar plays [E g7 h6] in 5.24836015701294s #####
##### Running: /usr/lib/jvm/jdk-14.0.1/bin/java -jar /lab/itti/projects/checkers-competition/server/referee.jar on run_17_bowenyua_vdhankar #####
Move is valid
##### SUCCESS: /usr/lib/jvm/jdk-14.0.1/bin/java -jar /lab/itti/projects/checkers-competition/server/referee.jar on run_17_bowenyua_vdhankar #####
INPUT for bowenyua:
GAME
WHITE
281.9
.b...b..
b.b.....
.......b
w.w.b...
.w......
w.......
.w......
......w.
##### Running: /usr/bin/time -o time_17_bowenyua_vdhankar.txt -f "%U" python3 homework.py > stulog.txt 2>&1 on bowenyua #####
##### SUCCESS: /usr/bin/time -o time_17_bowenyua_vdhankar.txt -f "%U" python3 homework.py > stulog.txt 2>&1 on bowenyua #####
##### bowenyua plays [E b2 c3] in 1.77s #####
##### Running: /usr/lib/jvm/jdk-14.0.1/bin/java -jar /lab/itti/projects/checkers-competition/server/referee.jar on run_17_bowenyua_vdhankar #####
Move is valid
##### SUCCESS: /usr/lib/jvm/jdk-14.0.1/bin/java -jar /lab/itti/projects/checkers-competition/server/referee.jar on run_17_bowenyua_vdhankar #####
INPUT for vdhankar:
GAME
BLACK
199.509850263596
.b...b..
b.b.....
.......b
w.w.b...
.w......
w.w.....
........
......w.
##### Running: /usr/bin/time -o time_17_bowenyua_vdhankar.txt -f "%U" python3 homework.py > stulog.txt 2>&1 on vdhankar #####
child exited with value 1
##### ERROR: /usr/bin/time -o time_17_bowenyua_vdhankar.txt -f "%U" python3 homework.py > stulog.txt 2>&1 on vdhankar #####
##### Output of failed program (stdout + stderr): #####
Traceback (most recent call last):
  File "homework.py", line 546, in <module>
    print(end-start)
NameError: name 'end' is not defined
##### End of output of failed program #####
##### vdhankar plays [E e5 f4] in 3.30077791213989s #####
##### Running: /usr/lib/jvm/jdk-14.0.1/bin/java -jar /lab/itti/projects/checkers-competition/server/referee.jar on run_17_bowenyua_vdhankar #####
Move is valid
##### SUCCESS: /usr/lib/jvm/jdk-14.0.1/bin/java -jar /lab/itti/projects/checkers-competition/server/referee.jar on run_17_bowenyua_vdhankar #####
INPUT for bowenyua:
GAME
WHITE
280.13
.b...b..
b.b.....
.......b
w.w.....
.w...b..
w.w.....
........
......w.
##### Running: /usr/bin/time -o time_17_bowenyua_vdhankar.txt -f "%U" python3 homework.py > stulog.txt 2>&1 on bowenyua #####
##### SUCCESS: /usr/bin/time -o time_17_bowenyua_vdhankar.txt -f "%U" python3 homework.py > stulog.txt 2>&1 on bowenyua #####
##### bowenyua plays [E a5 b6] in 1.09s #####
##### Running: /usr/lib/jvm/jdk-14.0.1/bin/java -jar /lab/itti/projects/checkers-competition/server/referee.jar on run_17_bowenyua_vdhankar #####
Move is valid
##### SUCCESS: /usr/lib/jvm/jdk-14.0.1/bin/java -jar /lab/itti/projects/checkers-competition/server/referee.jar on run_17_bowenyua_vdhankar #####
INPUT for vdhankar:
GAME
BLACK
196.209072351456
.b...b..
b.b.....
.w.....b
..w.....
.w...b..
w.w.....
........
......w.
##### Running: /usr/bin/time -o time_17_bowenyua_vdhankar.txt -f "%U" python3 homework.py > stulog.txt 2>&1 on vdhankar #####
child exited with value 1
##### ERROR: /usr/bin/time -o time_17_bowenyua_vdhankar.txt -f "%U" python3 homework.py > stulog.txt 2>&1 on vdhankar #####
##### Output of failed program (stdout + stderr): #####
Traceback (most recent call last):
  File "homework.py", line 546, in <module>
    print(end-start)
NameError: name 'end' is not defined
##### End of output of failed program #####
##### vdhankar plays [J c7 a5] in 0.906330823898315s #####
##### Running: /usr/lib/jvm/jdk-14.0.1/bin/java -jar /lab/itti/projects/checkers-competition/server/referee.jar on run_17_bowenyua_vdhankar #####
Move is valid
##### SUCCESS: /usr/lib/jvm/jdk-14.0.1/bin/java -jar /lab/itti/projects/checkers-competition/server/referee.jar on run_17_bowenyua_vdhankar #####
INPUT for bowenyua:
GAME
WHITE
279.04
.b...b..
b.......
.......b
b.w.....
.w...b..
w.w.....
........
......w.
##### Running: /usr/bin/time -o time_17_bowenyua_vdhankar.txt -f "%U" python3 homework.py > stulog.txt 2>&1 on bowenyua #####
##### SUCCESS: /usr/bin/time -o time_17_bowenyua_vdhankar.txt -f "%U" python3 homework.py > stulog.txt 2>&1 on bowenyua #####
##### bowenyua plays [E c5 b6] in 1.18s #####
##### Running: /usr/lib/jvm/jdk-14.0.1/bin/java -jar /lab/itti/projects/checkers-competition/server/referee.jar on run_17_bowenyua_vdhankar #####
Move is valid
##### SUCCESS: /usr/lib/jvm/jdk-14.0.1/bin/java -jar /lab/itti/projects/checkers-competition/server/referee.jar on run_17_bowenyua_vdhankar #####
INPUT for vdhankar:
GAME
BLACK
195.302741527557
.b...b..
b.......
.w.....b
b.......
.w...b..
w.w.....
........
......w.
##### Running: /usr/bin/time -o time_17_bowenyua_vdhankar.txt -f "%U" python3 homework.py > stulog.txt 2>&1 on vdhankar #####
child exited with value 1
##### ERROR: /usr/bin/time -o time_17_bowenyua_vdhankar.txt -f "%U" python3 homework.py > stulog.txt 2>&1 on vdhankar #####
##### Output of failed program (stdout + stderr): #####
Traceback (most recent call last):
  File "homework.py", line 546, in <module>
    print(end-start)
NameError: name 'end' is not defined
##### End of output of failed program #####
##### vdhankar plays [J a7 c5] in 0.921282052993774s #####
##### Running: /usr/lib/jvm/jdk-14.0.1/bin/java -jar /lab/itti/projects/checkers-competition/server/referee.jar on run_17_bowenyua_vdhankar #####
Move is valid
##### SUCCESS: /usr/lib/jvm/jdk-14.0.1/bin/java -jar /lab/itti/projects/checkers-competition/server/referee.jar on run_17_bowenyua_vdhankar #####
INPUT for bowenyua:
GAME
WHITE
277.86
.b...b..
........
.......b
b.b.....
.w...b..
w.w.....
........
......w.
##### Running: /usr/bin/time -o time_17_bowenyua_vdhankar.txt -f "%U" python3 homework.py > stulog.txt 2>&1 on bowenyua #####
##### SUCCESS: /usr/bin/time -o time_17_bowenyua_vdhankar.txt -f "%U" python3 homework.py > stulog.txt 2>&1 on bowenyua #####
##### bowenyua plays [J b4 d6] in 1.09s #####
##### Running: /usr/lib/jvm/jdk-14.0.1/bin/java -jar /lab/itti/projects/checkers-competition/server/referee.jar on run_17_bowenyua_vdhankar #####
Move is valid
##### SUCCESS: /usr/lib/jvm/jdk-14.0.1/bin/java -jar /lab/itti/projects/checkers-competition/server/referee.jar on run_17_bowenyua_vdhankar #####
INPUT for vdhankar:
GAME
BLACK
194.381459474564
.b...b..
........
...w...b
b.......
.....b..
w.w.....
........
......w.
##### Running: /usr/bin/time -o time_17_bowenyua_vdhankar.txt -f "%U" python3 homework.py > stulog.txt 2>&1 on vdhankar #####
child exited with value 1
##### ERROR: /usr/bin/time -o time_17_bowenyua_vdhankar.txt -f "%U" python3 homework.py > stulog.txt 2>&1 on vdhankar #####
##### Output of failed program (stdout + stderr): #####
Traceback (most recent call last):
  File "homework.py", line 546, in <module>
    print(end-start)
NameError: name 'end' is not defined
##### End of output of failed program #####
##### vdhankar plays [E f4 e3] in 7.23810911178589s #####
##### Running: /usr/lib/jvm/jdk-14.0.1/bin/java -jar /lab/itti/projects/checkers-competition/server/referee.jar on run_17_bowenyua_vdhankar #####
Move is valid
##### SUCCESS: /usr/lib/jvm/jdk-14.0.1/bin/java -jar /lab/itti/projects/checkers-competition/server/referee.jar on run_17_bowenyua_vdhankar #####
INPUT for bowenyua:
GAME
WHITE
276.77
.b...b..
........
...w...b
b.......
........
w.w.b...
........
......w.
##### Running: /usr/bin/time -o time_17_bowenyua_vdhankar.txt -f "%U" python3 homework.py > stulog.txt 2>&1 on bowenyua #####
##### SUCCESS: /usr/bin/time -o time_17_bowenyua_vdhankar.txt -f "%U" python3 homework.py > stulog.txt 2>&1 on bowenyua #####
##### bowenyua plays [E d6 c7] in 2.34s #####
##### Running: /usr/lib/jvm/jdk-14.0.1/bin/java -jar /lab/itti/projects/checkers-competition/server/referee.jar on run_17_bowenyua_vdhankar #####
Move is valid
##### SUCCESS: /usr/lib/jvm/jdk-14.0.1/bin/java -jar /lab/itti/projects/checkers-competition/server/referee.jar on run_17_bowenyua_vdhankar #####
INPUT for vdhankar:
GAME
BLACK
187.143350362778
.b...b..
..w.....
.......b
b.......
........
w.w.b...
........
......w.
##### Running: /usr/bin/time -o time_17_bowenyua_vdhankar.txt -f "%U" python3 homework.py > stulog.txt 2>&1 on vdhankar #####
child exited with value 1
##### ERROR: /usr/bin/time -o time_17_bowenyua_vdhankar.txt -f "%U" python3 homework.py > stulog.txt 2>&1 on vdhankar #####
##### Output of failed program (stdout + stderr): #####
Traceback (most recent call last):
  File "homework.py", line 546, in <module>
    print(end-start)
NameError: name 'end' is not defined
##### End of output of failed program #####
##### vdhankar plays [J b8 d6] in 1.00483298301697s #####
##### Running: /usr/lib/jvm/jdk-14.0.1/bin/java -jar /lab/itti/projects/checkers-competition/server/referee.jar on run_17_bowenyua_vdhankar #####
Move is valid
##### SUCCESS: /usr/lib/jvm/jdk-14.0.1/bin/java -jar /lab/itti/projects/checkers-competition/server/referee.jar on run_17_bowenyua_vdhankar #####
INPUT for bowenyua:
GAME
WHITE
274.43
.....b..
........
...b...b
b.......
........
w.w.b...
........
......w.
##### Running: /usr/bin/time -o time_17_bowenyua_vdhankar.txt -f "%U" python3 homework.py > stulog.txt 2>&1 on bowenyua #####
##### SUCCESS: /usr/bin/time -o time_17_bowenyua_vdhankar.txt -f "%U" python3 homework.py > stulog.txt 2>&1 on bowenyua #####
##### bowenyua plays [E a3 b4] in 1.11s #####
##### Running: /usr/lib/jvm/jdk-14.0.1/bin/java -jar /lab/itti/projects/checkers-competition/server/referee.jar on run_17_bowenyua_vdhankar #####
Move is valid
##### SUCCESS: /usr/lib/jvm/jdk-14.0.1/bin/java -jar /lab/itti/projects/checkers-competition/server/referee.jar on run_17_bowenyua_vdhankar #####
INPUT for vdhankar:
GAME
BLACK
186.138517379761
.....b..
........
...b...b
b.......
.w......
..w.b...
........
......w.
##### Running: /usr/bin/time -o time_17_bowenyua_vdhankar.txt -f "%U" python3 homework.py > stulog.txt 2>&1 on vdhankar #####
child exited with value 1
##### ERROR: /usr/bin/time -o time_17_bowenyua_vdhankar.txt -f "%U" python3 homework.py > stulog.txt 2>&1 on vdhankar #####
##### Output of failed program (stdout + stderr): #####
Traceback (most recent call last):
  File "homework.py", line 546, in <module>
    print(end-start)
NameError: name 'end' is not defined
##### End of output of failed program #####
##### vdhankar plays [E h6 g5] in 1.71752405166626s #####
##### Running: /usr/lib/jvm/jdk-14.0.1/bin/java -jar /lab/itti/projects/checkers-competition/server/referee.jar on run_17_bowenyua_vdhankar #####
Move is valid
##### SUCCESS: /usr/lib/jvm/jdk-14.0.1/bin/java -jar /lab/itti/projects/checkers-competition/server/referee.jar on run_17_bowenyua_vdhankar #####
INPUT for bowenyua:
GAME
WHITE
273.32
.....b..
........
...b....
b.....b.
.w......
..w.b...
........
......w.
##### Running: /usr/bin/time -o time_17_bowenyua_vdhankar.txt -f "%U" python3 homework.py > stulog.txt 2>&1 on bowenyua #####
##### SUCCESS: /usr/bin/time -o time_17_bowenyua_vdhankar.txt -f "%U" python3 homework.py > stulog.txt 2>&1 on bowenyua #####
##### bowenyua plays [E c3 d4] in 0.56s #####
##### Running: /usr/lib/jvm/jdk-14.0.1/bin/java -jar /lab/itti/projects/checkers-competition/server/referee.jar on run_17_bowenyua_vdhankar #####
Move is valid
##### SUCCESS: /usr/lib/jvm/jdk-14.0.1/bin/java -jar /lab/itti/projects/checkers-competition/server/referee.jar on run_17_bowenyua_vdhankar #####
INPUT for vdhankar:
GAME
BLACK
184.420993328094
.....b..
........
...b....
b.....b.
.w.w....
....b...
........
......w.
##### Running: /usr/bin/time -o time_17_bowenyua_vdhankar.txt -f "%U" python3 homework.py > stulog.txt 2>&1 on vdhankar #####
child exited with value 1
##### ERROR: /usr/bin/time -o time_17_bowenyua_vdhankar.txt -f "%U" python3 homework.py > stulog.txt 2>&1 on vdhankar #####
##### Output of failed program (stdout + stderr): #####
Traceback (most recent call last):
  File "homework.py", line 546, in <module>
    print(end-start)
NameError: name 'end' is not defined
##### End of output of failed program #####
##### vdhankar plays [J a5 c3] in 0.546458959579468s #####
##### Running: /usr/lib/jvm/jdk-14.0.1/bin/java -jar /lab/itti/projects/checkers-competition/server/referee.jar on run_17_bowenyua_vdhankar #####
Move is valid
##### SUCCESS: /usr/lib/jvm/jdk-14.0.1/bin/java -jar /lab/itti/projects/checkers-competition/server/referee.jar on run_17_bowenyua_vdhankar #####
INPUT for bowenyua:
GAME
WHITE
272.76
.....b..
........
...b....
......b.
...w....
..b.b...
........
......w.
##### Running: /usr/bin/time -o time_17_bowenyua_vdhankar.txt -f "%U" python3 homework.py > stulog.txt 2>&1 on bowenyua #####
##### SUCCESS: /usr/bin/time -o time_17_bowenyua_vdhankar.txt -f "%U" python3 homework.py > stulog.txt 2>&1 on bowenyua #####
##### bowenyua plays [E d4 c5] in 0.38s #####
##### Running: /usr/lib/jvm/jdk-14.0.1/bin/java -jar /lab/itti/projects/checkers-competition/server/referee.jar on run_17_bowenyua_vdhankar #####
Move is valid
##### SUCCESS: /usr/lib/jvm/jdk-14.0.1/bin/java -jar /lab/itti/projects/checkers-competition/server/referee.jar on run_17_bowenyua_vdhankar #####
INPUT for vdhankar:
GAME
BLACK
183.874534368515
.....b..
........
...b....
..w...b.
........
..b.b...
........
......w.
##### Running: /usr/bin/time -o time_17_bowenyua_vdhankar.txt -f "%U" python3 homework.py > stulog.txt 2>&1 on vdhankar #####
child exited with value 1
##### ERROR: /usr/bin/time -o time_17_bowenyua_vdhankar.txt -f "%U" python3 homework.py > stulog.txt 2>&1 on vdhankar #####
##### Output of failed program (stdout + stderr): #####
Traceback (most recent call last):
  File "homework.py", line 546, in <module>
    print(end-start)
NameError: name 'end' is not defined
##### End of output of failed program #####
##### vdhankar plays [J d6 b4] in 0.317173957824707s #####
##### Running: /usr/lib/jvm/jdk-14.0.1/bin/java -jar /lab/itti/projects/checkers-competition/server/referee.jar on run_17_bowenyua_vdhankar #####
Move is valid
##### SUCCESS: /usr/lib/jvm/jdk-14.0.1/bin/java -jar /lab/itti/projects/checkers-competition/server/referee.jar on run_17_bowenyua_vdhankar #####
INPUT for bowenyua:
GAME
WHITE
272.38
.....b..
........
........
......b.
.b......
..b.b...
........
......w.
##### Running: /usr/bin/time -o time_17_bowenyua_vdhankar.txt -f "%U" python3 homework.py > stulog.txt 2>&1 on bowenyua #####
##### SUCCESS: /usr/bin/time -o time_17_bowenyua_vdhankar.txt -f "%U" python3 homework.py > stulog.txt 2>&1 on bowenyua #####
##### bowenyua plays [E g1 f2] in 0.09s #####
##### Running: /usr/lib/jvm/jdk-14.0.1/bin/java -jar /lab/itti/projects/checkers-competition/server/referee.jar on run_17_bowenyua_vdhankar #####
Move is valid
##### SUCCESS: /usr/lib/jvm/jdk-14.0.1/bin/java -jar /lab/itti/projects/checkers-competition/server/referee.jar on run_17_bowenyua_vdhankar #####
INPUT for vdhankar:
GAME
BLACK
183.55736041069
.....b..
........
........
......b.
.b......
..b.b...
.....w..
........
##### Running: /usr/bin/time -o time_17_bowenyua_vdhankar.txt -f "%U" python3 homework.py > stulog.txt 2>&1 on vdhankar #####
child exited with value 1
##### ERROR: /usr/bin/time -o time_17_bowenyua_vdhankar.txt -f "%U" python3 homework.py > stulog.txt 2>&1 on vdhankar #####
##### Output of failed program (stdout + stderr): #####
Traceback (most recent call last):
  File "homework.py", line 546, in <module>
    print(end-start)
NameError: name 'end' is not defined
##### End of output of failed program #####
##### vdhankar plays [J e3 g1] in 0.335556983947754s #####
##### Running: /usr/lib/jvm/jdk-14.0.1/bin/java -jar /lab/itti/projects/checkers-competition/server/referee.jar on run_17_bowenyua_vdhankar #####
Move is valid
After this move, player WHITE cannot make any moves
*** Winner: BLACK ***
##### SUCCESS: /usr/lib/jvm/jdk-14.0.1/bin/java -jar /lab/itti/projects/checkers-competition/server/referee.jar on run_17_bowenyua_vdhankar #####
##### GAME OVER: vdhankar wins the game! #####
Server said: WIN
########## ROUND 17 GAMESCORE AFTER GAME 2: bowenyua=0 and vdhankar=2 ##########
#################### ROUND 17: bowenyua (B) vs vdhankar (W): game 3 ####################
##### game start! #####
INPUT for bowenyua:
GAME
BLACK
300
.b.b.b.b
b.b.b.b.
.b.b.b.b
........
........
w.w.w.w.
.w.w.w.w
w.w.w.w.
##### Running: /usr/bin/time -o time_17_bowenyua_vdhankar.txt -f "%U" python3 homework.py > stulog.txt 2>&1 on bowenyua #####
##### SUCCESS: /usr/bin/time -o time_17_bowenyua_vdhankar.txt -f "%U" python3 homework.py > stulog.txt 2>&1 on bowenyua #####
##### bowenyua plays [E b6 a5] in 2.03s #####
##### Running: /usr/lib/jvm/jdk-14.0.1/bin/java -jar /lab/itti/projects/checkers-competition/server/referee.jar on run_17_bowenyua_vdhankar #####
Move is valid
Couldn't read file 'current_ply.txt'
Couldn't read content from file 'current_ply.txt'
Couldn't read file 'lastmatchange_ply.txt'
Couldn't read content from file 'lastmatchange_ply.txt'
##### SUCCESS: /usr/lib/jvm/jdk-14.0.1/bin/java -jar /lab/itti/projects/checkers-competition/server/referee.jar on run_17_bowenyua_vdhankar #####
INPUT for vdhankar:
GAME
WHITE
300
.b.b.b.b
b.b.b.b.
...b.b.b
b.......
........
w.w.w.w.
.w.w.w.w
w.w.w.w.
##### Running: /usr/bin/time -o time_17_bowenyua_vdhankar.txt -f "%U" python3 homework.py > stulog.txt 2>&1 on vdhankar #####
child exited with value 1
##### ERROR: /usr/bin/time -o time_17_bowenyua_vdhankar.txt -f "%U" python3 homework.py > stulog.txt 2>&1 on vdhankar #####
##### Output of failed program (stdout + stderr): #####
Traceback (most recent call last):
  File "homework.py", line 546, in <module>
    print(end-start)
NameError: name 'end' is not defined
##### End of output of failed program #####
##### vdhankar plays [E g3 h4] in 12.42307305336s #####
##### Running: /usr/lib/jvm/jdk-14.0.1/bin/java -jar /lab/itti/projects/checkers-competition/server/referee.jar on run_17_bowenyua_vdhankar #####
Move is valid
##### SUCCESS: /usr/lib/jvm/jdk-14.0.1/bin/java -jar /lab/itti/projects/checkers-competition/server/referee.jar on run_17_bowenyua_vdhankar #####
INPUT for bowenyua:
GAME
BLACK
297.97
.b.b.b.b
b.b.b.b.
...b.b.b
b.......
.......w
w.w.w...
.w.w.w.w
w.w.w.w.
##### Running: /usr/bin/time -o time_17_bowenyua_vdhankar.txt -f "%U" python3 homework.py > stulog.txt 2>&1 on bowenyua #####
##### SUCCESS: /usr/bin/time -o time_17_bowenyua_vdhankar.txt -f "%U" python3 homework.py > stulog.txt 2>&1 on bowenyua #####
##### bowenyua plays [E a7 b6] in 1.8s #####
##### Running: /usr/lib/jvm/jdk-14.0.1/bin/java -jar /lab/itti/projects/checkers-competition/server/referee.jar on run_17_bowenyua_vdhankar #####
Move is valid
##### SUCCESS: /usr/lib/jvm/jdk-14.0.1/bin/java -jar /lab/itti/projects/checkers-competition/server/referee.jar on run_17_bowenyua_vdhankar #####
INPUT for vdhankar:
GAME
WHITE
287.57692694664
.b.b.b.b
..b.b.b.
.b.b.b.b
b.......
.......w
w.w.w...
.w.w.w.w
w.w.w.w.
##### Running: /usr/bin/time -o time_17_bowenyua_vdhankar.txt -f "%U" python3 homework.py > stulog.txt 2>&1 on vdhankar #####
child exited with value 1
##### ERROR: /usr/bin/time -o time_17_bowenyua_vdhankar.txt -f "%U" python3 homework.py > stulog.txt 2>&1 on vdhankar #####
##### Output of failed program (stdout + stderr): #####
Traceback (most recent call last):
  File "homework.py", line 546, in <module>
    print(end-start)
NameError: name 'end' is not defined
##### End of output of failed program #####
##### vdhankar plays [E h2 g3] in 16.0831499099731s #####
##### Running: /usr/lib/jvm/jdk-14.0.1/bin/java -jar /lab/itti/projects/checkers-competition/server/referee.jar on run_17_bowenyua_vdhankar #####
Move is valid
##### SUCCESS: /usr/lib/jvm/jdk-14.0.1/bin/java -jar /lab/itti/projects/checkers-competition/server/referee.jar on run_17_bowenyua_vdhankar #####
INPUT for bowenyua:
GAME
BLACK
296.17
.b.b.b.b
..b.b.b.
.b.b.b.b
b.......
.......w
w.w.w.w.
.w.w.w..
w.w.w.w.
##### Running: /usr/bin/time -o time_17_bowenyua_vdhankar.txt -f "%U" python3 homework.py > stulog.txt 2>&1 on bowenyua #####
##### SUCCESS: /usr/bin/time -o time_17_bowenyua_vdhankar.txt -f "%U" python3 homework.py > stulog.txt 2>&1 on bowenyua #####
##### bowenyua plays [E b8 a7] in 2.24s #####
##### Running: /usr/lib/jvm/jdk-14.0.1/bin/java -jar /lab/itti/projects/checkers-competition/server/referee.jar on run_17_bowenyua_vdhankar #####
Move is valid
##### SUCCESS: /usr/lib/jvm/jdk-14.0.1/bin/java -jar /lab/itti/projects/checkers-competition/server/referee.jar on run_17_bowenyua_vdhankar #####
INPUT for vdhankar:
GAME
WHITE
271.493777036667
...b.b.b
b.b.b.b.
.b.b.b.b
b.......
.......w
w.w.w.w.
.w.w.w..
w.w.w.w.
##### Running: /usr/bin/time -o time_17_bowenyua_vdhankar.txt -f "%U" python3 homework.py > stulog.txt 2>&1 on vdhankar #####
child exited with value 1
##### ERROR: /usr/bin/time -o time_17_bowenyua_vdhankar.txt -f "%U" python3 homework.py > stulog.txt 2>&1 on vdhankar #####
##### Output of failed program (stdout + stderr): #####
Traceback (most recent call last):
  File "homework.py", line 546, in <module>
    print(end-start)
NameError: name 'end' is not defined
##### End of output of failed program #####
##### vdhankar plays [E c3 d4] in 5.28594708442688s #####
##### Running: /usr/lib/jvm/jdk-14.0.1/bin/java -jar /lab/itti/projects/checkers-competition/server/referee.jar on run_17_bowenyua_vdhankar #####
Move is valid
##### SUCCESS: /usr/lib/jvm/jdk-14.0.1/bin/java -jar /lab/itti/projects/checkers-competition/server/referee.jar on run_17_bowenyua_vdhankar #####
INPUT for bowenyua:
GAME
BLACK
293.93
...b.b.b
b.b.b.b.
.b.b.b.b
b.......
...w...w
w...w.w.
.w.w.w..
w.w.w.w.
##### Running: /usr/bin/time -o time_17_bowenyua_vdhankar.txt -f "%U" python3 homework.py > stulog.txt 2>&1 on bowenyua #####
##### SUCCESS: /usr/bin/time -o time_17_bowenyua_vdhankar.txt -f "%U" python3 homework.py > stulog.txt 2>&1 on bowenyua #####
##### bowenyua plays [E b6 c5] in 0.68s #####
##### Running: /usr/lib/jvm/jdk-14.0.1/bin/java -jar /lab/itti/projects/checkers-competition/server/referee.jar on run_17_bowenyua_vdhankar #####
Move is valid
##### SUCCESS: /usr/lib/jvm/jdk-14.0.1/bin/java -jar /lab/itti/projects/checkers-competition/server/referee.jar on run_17_bowenyua_vdhankar #####
INPUT for vdhankar:
GAME
WHITE
266.20782995224
...b.b.b
b.b.b.b.
...b.b.b
b.b.....
...w...w
w...w.w.
.w.w.w..
w.w.w.w.
##### Running: /usr/bin/time -o time_17_bowenyua_vdhankar.txt -f "%U" python3 homework.py > stulog.txt 2>&1 on vdhankar #####
child exited with value 1
##### ERROR: /usr/bin/time -o time_17_bowenyua_vdhankar.txt -f "%U" python3 homework.py > stulog.txt 2>&1 on vdhankar #####
##### Output of failed program (stdout + stderr): #####
Traceback (most recent call last):
  File "homework.py", line 546, in <module>
    print(end-start)
NameError: name 'end' is not defined
##### End of output of failed program #####
##### vdhankar plays [J d4 b6] in 1.73299694061279s #####
##### Running: /usr/lib/jvm/jdk-14.0.1/bin/java -jar /lab/itti/projects/checkers-competition/server/referee.jar on run_17_bowenyua_vdhankar #####
Move is valid
##### SUCCESS: /usr/lib/jvm/jdk-14.0.1/bin/java -jar /lab/itti/projects/checkers-competition/server/referee.jar on run_17_bowenyua_vdhankar #####
INPUT for bowenyua:
GAME
BLACK
293.25
...b.b.b
b.b.b.b.
.w.b.b.b
b.......
.......w
w...w.w.
.w.w.w..
w.w.w.w.
##### Running: /usr/bin/time -o time_17_bowenyua_vdhankar.txt -f "%U" python3 homework.py > stulog.txt 2>&1 on bowenyua #####
##### SUCCESS: /usr/bin/time -o time_17_bowenyua_vdhankar.txt -f "%U" python3 homework.py > stulog.txt 2>&1 on bowenyua #####
##### bowenyua plays [J a7 c5] in 1.05s #####
##### Running: /usr/lib/jvm/jdk-14.0.1/bin/java -jar /lab/itti/projects/checkers-competition/server/referee.jar on run_17_bowenyua_vdhankar #####
Move is valid
##### SUCCESS: /usr/lib/jvm/jdk-14.0.1/bin/java -jar /lab/itti/projects/checkers-competition/server/referee.jar on run_17_bowenyua_vdhankar #####
INPUT for vdhankar:
GAME
WHITE
264.474833011627
...b.b.b
..b.b.b.
...b.b.b
b.b.....
.......w
w...w.w.
.w.w.w..
w.w.w.w.
##### Running: /usr/bin/time -o time_17_bowenyua_vdhankar.txt -f "%U" python3 homework.py > stulog.txt 2>&1 on vdhankar #####
child exited with value 1
##### ERROR: /usr/bin/time -o time_17_bowenyua_vdhankar.txt -f "%U" python3 homework.py > stulog.txt 2>&1 on vdhankar #####
##### Output of failed program (stdout + stderr): #####
Traceback (most recent call last):
  File "homework.py", line 546, in <module>
    print(end-start)
NameError: name 'end' is not defined
##### End of output of failed program #####
##### vdhankar plays [E d2 c3] in 6.6540060043335s #####
##### Running: /usr/lib/jvm/jdk-14.0.1/bin/java -jar /lab/itti/projects/checkers-competition/server/referee.jar on run_17_bowenyua_vdhankar #####
Move is valid
##### SUCCESS: /usr/lib/jvm/jdk-14.0.1/bin/java -jar /lab/itti/projects/checkers-competition/server/referee.jar on run_17_bowenyua_vdhankar #####
INPUT for bowenyua:
GAME
BLACK
292.2
...b.b.b
..b.b.b.
...b.b.b
b.b.....
.......w
w.w.w.w.
.w...w..
w.w.w.w.
##### Running: /usr/bin/time -o time_17_bowenyua_vdhankar.txt -f "%U" python3 homework.py > stulog.txt 2>&1 on bowenyua #####
##### SUCCESS: /usr/bin/time -o time_17_bowenyua_vdhankar.txt -f "%U" python3 homework.py > stulog.txt 2>&1 on bowenyua #####
##### bowenyua plays [E c7 b6] in 1.41s #####
##### Running: /usr/lib/jvm/jdk-14.0.1/bin/java -jar /lab/itti/projects/checkers-competition/server/referee.jar on run_17_bowenyua_vdhankar #####
Move is valid
##### SUCCESS: /usr/lib/jvm/jdk-14.0.1/bin/java -jar /lab/itti/projects/checkers-competition/server/referee.jar on run_17_bowenyua_vdhankar #####
INPUT for vdhankar:
GAME
WHITE
257.820827007294
...b.b.b
....b.b.
.b.b.b.b
b.b.....
.......w
w.w.w.w.
.w...w..
w.w.w.w.
##### Running: /usr/bin/time -o time_17_bowenyua_vdhankar.txt -f "%U" python3 homework.py > stulog.txt 2>&1 on vdhankar #####
child exited with value 1
##### ERROR: /usr/bin/time -o time_17_bowenyua_vdhankar.txt -f "%U" python3 homework.py > stulog.txt 2>&1 on vdhankar #####
##### Output of failed program (stdout + stderr): #####
Traceback (most recent call last):
  File "homework.py", line 546, in <module>
    print(end-start)
NameError: name 'end' is not defined
##### End of output of failed program #####
##### vdhankar plays [E c1 d2] in 11.4781529903412s #####
##### Running: /usr/lib/jvm/jdk-14.0.1/bin/java -jar /lab/itti/projects/checkers-competition/server/referee.jar on run_17_bowenyua_vdhankar #####
Move is valid
##### SUCCESS: /usr/lib/jvm/jdk-14.0.1/bin/java -jar /lab/itti/projects/checkers-competition/server/referee.jar on run_17_bowenyua_vdhankar #####
INPUT for bowenyua:
GAME
BLACK
290.79
...b.b.b
....b.b.
.b.b.b.b
b.b.....
.......w
w.w.w.w.
.w.w.w..
w...w.w.
##### Running: /usr/bin/time -o time_17_bowenyua_vdhankar.txt -f "%U" python3 homework.py > stulog.txt 2>&1 on bowenyua #####
##### SUCCESS: /usr/bin/time -o time_17_bowenyua_vdhankar.txt -f "%U" python3 homework.py > stulog.txt 2>&1 on bowenyua #####
##### bowenyua plays [E d8 c7] in 1.64s #####
##### Running: /usr/lib/jvm/jdk-14.0.1/bin/java -jar /lab/itti/projects/checkers-competition/server/referee.jar on run_17_bowenyua_vdhankar #####
Move is valid
##### SUCCESS: /usr/lib/jvm/jdk-14.0.1/bin/java -jar /lab/itti/projects/checkers-competition/server/referee.jar on run_17_bowenyua_vdhankar #####
INPUT for vdhankar:
GAME
WHITE
246.342674016953
.....b.b
..b.b.b.
.b.b.b.b
b.b.....
.......w
w.w.w.w.
.w.w.w..
w...w.w.
##### Running: /usr/bin/time -o time_17_bowenyua_vdhankar.txt -f "%U" python3 homework.py > stulog.txt 2>&1 on vdhankar #####
child exited with value 1
##### ERROR: /usr/bin/time -o time_17_bowenyua_vdhankar.txt -f "%U" python3 homework.py > stulog.txt 2>&1 on vdhankar #####
##### Output of failed program (stdout + stderr): #####
Traceback (most recent call last):
  File "homework.py", line 546, in <module>
    print(end-start)
NameError: name 'end' is not defined
##### End of output of failed program #####
##### vdhankar plays [E c3 d4] in 4.59556102752686s #####
##### Running: /usr/lib/jvm/jdk-14.0.1/bin/java -jar /lab/itti/projects/checkers-competition/server/referee.jar on run_17_bowenyua_vdhankar #####
Move is valid
##### SUCCESS: /usr/lib/jvm/jdk-14.0.1/bin/java -jar /lab/itti/projects/checkers-competition/server/referee.jar on run_17_bowenyua_vdhankar #####
INPUT for bowenyua:
GAME
BLACK
289.15
.....b.b
..b.b.b.
.b.b.b.b
b.b.....
...w...w
w...w.w.
.w.w.w..
w...w.w.
##### Running: /usr/bin/time -o time_17_bowenyua_vdhankar.txt -f "%U" python3 homework.py > stulog.txt 2>&1 on bowenyua #####
##### SUCCESS: /usr/bin/time -o time_17_bowenyua_vdhankar.txt -f "%U" python3 homework.py > stulog.txt 2>&1 on bowenyua #####
##### bowenyua plays [E h6 g5] in 1.61s #####
##### Running: /usr/lib/jvm/jdk-14.0.1/bin/java -jar /lab/itti/projects/checkers-competition/server/referee.jar on run_17_bowenyua_vdhankar #####
Move is valid
##### SUCCESS: /usr/lib/jvm/jdk-14.0.1/bin/java -jar /lab/itti/projects/checkers-competition/server/referee.jar on run_17_bowenyua_vdhankar #####
INPUT for vdhankar:
GAME
WHITE
241.747112989426
.....b.b
..b.b.b.
.b.b.b..
b.b...b.
...w...w
w...w.w.
.w.w.w..
w...w.w.
##### Running: /usr/bin/time -o time_17_bowenyua_vdhankar.txt -f "%U" python3 homework.py > stulog.txt 2>&1 on vdhankar #####
child exited with value 1
##### ERROR: /usr/bin/time -o time_17_bowenyua_vdhankar.txt -f "%U" python3 homework.py > stulog.txt 2>&1 on vdhankar #####
##### Output of failed program (stdout + stderr): #####
Traceback (most recent call last):
  File "homework.py", line 546, in <module>
    print(end-start)
NameError: name 'end' is not defined
##### End of output of failed program #####
##### vdhankar plays [E g3 f4] in 2.71204519271851s #####
##### Running: /usr/lib/jvm/jdk-14.0.1/bin/java -jar /lab/itti/projects/checkers-competition/server/referee.jar on run_17_bowenyua_vdhankar #####
Move is valid
##### SUCCESS: /usr/lib/jvm/jdk-14.0.1/bin/java -jar /lab/itti/projects/checkers-competition/server/referee.jar on run_17_bowenyua_vdhankar #####
INPUT for bowenyua:
GAME
BLACK
287.54
.....b.b
..b.b.b.
.b.b.b..
b.b...b.
...w.w.w
w...w...
.w.w.w..
w...w.w.
##### Running: /usr/bin/time -o time_17_bowenyua_vdhankar.txt -f "%U" python3 homework.py > stulog.txt 2>&1 on bowenyua #####
##### SUCCESS: /usr/bin/time -o time_17_bowenyua_vdhankar.txt -f "%U" python3 homework.py > stulog.txt 2>&1 on bowenyua #####
##### bowenyua plays [E a5 b4] in 0.9s #####
##### Running: /usr/lib/jvm/jdk-14.0.1/bin/java -jar /lab/itti/projects/checkers-competition/server/referee.jar on run_17_bowenyua_vdhankar #####
Move is valid
##### SUCCESS: /usr/lib/jvm/jdk-14.0.1/bin/java -jar /lab/itti/projects/checkers-competition/server/referee.jar on run_17_bowenyua_vdhankar #####
INPUT for vdhankar:
GAME
WHITE
239.035067796707
.....b.b
..b.b.b.
.b.b.b..
..b...b.
.b.w.w.w
w...w...
.w.w.w..
w...w.w.
##### Running: /usr/bin/time -o time_17_bowenyua_vdhankar.txt -f "%U" python3 homework.py > stulog.txt 2>&1 on vdhankar #####
child exited with value 1
##### ERROR: /usr/bin/time -o time_17_bowenyua_vdhankar.txt -f "%U" python3 homework.py > stulog.txt 2>&1 on vdhankar #####
##### Output of failed program (stdout + stderr): #####
Traceback (most recent call last):
  File "homework.py", line 546, in <module>
    print(end-start)
NameError: name 'end' is not defined
##### End of output of failed program #####
##### vdhankar plays [J f4 h6] in 0.587592124938965s #####
##### Running: /usr/lib/jvm/jdk-14.0.1/bin/java -jar /lab/itti/projects/checkers-competition/server/referee.jar on run_17_bowenyua_vdhankar #####
Move is valid
##### SUCCESS: /usr/lib/jvm/jdk-14.0.1/bin/java -jar /lab/itti/projects/checkers-competition/server/referee.jar on run_17_bowenyua_vdhankar #####
INPUT for bowenyua:
GAME
BLACK
286.64
.....b.b
..b.b.b.
.b.b.b.w
..b.....
.b.w...w
w...w...
.w.w.w..
w...w.w.
##### Running: /usr/bin/time -o time_17_bowenyua_vdhankar.txt -f "%U" python3 homework.py > stulog.txt 2>&1 on bowenyua #####
##### SUCCESS: /usr/bin/time -o time_17_bowenyua_vdhankar.txt -f "%U" python3 homework.py > stulog.txt 2>&1 on bowenyua #####
##### bowenyua plays [E d6 e5] in 0.52s #####
##### Running: /usr/lib/jvm/jdk-14.0.1/bin/java -jar /lab/itti/projects/checkers-competition/server/referee.jar on run_17_bowenyua_vdhankar #####
Move is valid
##### SUCCESS: /usr/lib/jvm/jdk-14.0.1/bin/java -jar /lab/itti/projects/checkers-competition/server/referee.jar on run_17_bowenyua_vdhankar #####
INPUT for vdhankar:
GAME
WHITE
238.447475671768
.....b.b
..b.b.b.
.b...b.w
..b.b...
.b.w...w
w...w...
.w.w.w..
w...w.w.
##### Running: /usr/bin/time -o time_17_bowenyua_vdhankar.txt -f "%U" python3 homework.py > stulog.txt 2>&1 on vdhankar #####
child exited with value 1
##### ERROR: /usr/bin/time -o time_17_bowenyua_vdhankar.txt -f "%U" python3 homework.py > stulog.txt 2>&1 on vdhankar #####
##### Output of failed program (stdout + stderr): #####
Traceback (most recent call last):
  File "homework.py", line 546, in <module>
    print(end-start)
NameError: name 'end' is not defined
##### End of output of failed program #####
##### vdhankar plays [E b2 c3] in 1.10743808746338s #####
##### Running: /usr/lib/jvm/jdk-14.0.1/bin/java -jar /lab/itti/projects/checkers-competition/server/referee.jar on run_17_bowenyua_vdhankar #####
Move is valid
##### SUCCESS: /usr/lib/jvm/jdk-14.0.1/bin/java -jar /lab/itti/projects/checkers-competition/server/referee.jar on run_17_bowenyua_vdhankar #####
INPUT for bowenyua:
GAME
BLACK
286.12
.....b.b
..b.b.b.
.b...b.w
..b.b...
.b.w...w
w.w.w...
...w.w..
w...w.w.
##### Running: /usr/bin/time -o time_17_bowenyua_vdhankar.txt -f "%U" python3 homework.py > stulog.txt 2>&1 on bowenyua #####
##### SUCCESS: /usr/bin/time -o time_17_bowenyua_vdhankar.txt -f "%U" python3 homework.py > stulog.txt 2>&1 on bowenyua #####
##### bowenyua plays [E e7 d6] in 0.35s #####
##### Running: /usr/lib/jvm/jdk-14.0.1/bin/java -jar /lab/itti/projects/checkers-competition/server/referee.jar on run_17_bowenyua_vdhankar #####
Move is valid
##### SUCCESS: /usr/lib/jvm/jdk-14.0.1/bin/java -jar /lab/itti/projects/checkers-competition/server/referee.jar on run_17_bowenyua_vdhankar #####
INPUT for vdhankar:
GAME
WHITE
237.340037584305
.....b.b
..b...b.
.b.b.b.w
..b.b...
.b.w...w
w.w.w...
...w.w..
w...w.w.
##### Running: /usr/bin/time -o time_17_bowenyua_vdhankar.txt -f "%U" python3 homework.py > stulog.txt 2>&1 on vdhankar #####
child exited with value 1
##### ERROR: /usr/bin/time -o time_17_bowenyua_vdhankar.txt -f "%U" python3 homework.py > stulog.txt 2>&1 on vdhankar #####
##### Output of failed program (stdout + stderr): #####
Traceback (most recent call last):
  File "homework.py", line 546, in <module>
    print(end-start)
NameError: name 'end' is not defined
##### End of output of failed program #####
##### vdhankar plays [J c3 a5] in 0.432558059692383s #####
##### Running: /usr/lib/jvm/jdk-14.0.1/bin/java -jar /lab/itti/projects/checkers-competition/server/referee.jar on run_17_bowenyua_vdhankar #####
Move is valid
##### SUCCESS: /usr/lib/jvm/jdk-14.0.1/bin/java -jar /lab/itti/projects/checkers-competition/server/referee.jar on run_17_bowenyua_vdhankar #####
INPUT for bowenyua:
GAME
BLACK
285.77
.....b.b
..b...b.
.b.b.b.w
w.b.b...
...w...w
w...w...
...w.w..
w...w.w.
##### Running: /usr/bin/time -o time_17_bowenyua_vdhankar.txt -f "%U" python3 homework.py > stulog.txt 2>&1 on bowenyua #####
##### SUCCESS: /usr/bin/time -o time_17_bowenyua_vdhankar.txt -f "%U" python3 homework.py > stulog.txt 2>&1 on bowenyua #####
##### bowenyua plays [J e5 c3] in 0.13s #####
##### Running: /usr/lib/jvm/jdk-14.0.1/bin/java -jar /lab/itti/projects/checkers-competition/server/referee.jar on run_17_bowenyua_vdhankar #####
Move is valid
##### SUCCESS: /usr/lib/jvm/jdk-14.0.1/bin/java -jar /lab/itti/projects/checkers-competition/server/referee.jar on run_17_bowenyua_vdhankar #####
INPUT for vdhankar:
GAME
WHITE
236.907479524612
.....b.b
..b...b.
.b.b.b.w
w.b.....
.......w
w.b.w...
...w.w..
w...w.w.
##### Running: /usr/bin/time -o time_17_bowenyua_vdhankar.txt -f "%U" python3 homework.py > stulog.txt 2>&1 on vdhankar #####
child exited with value 1
##### ERROR: /usr/bin/time -o time_17_bowenyua_vdhankar.txt -f "%U" python3 homework.py > stulog.txt 2>&1 on vdhankar #####
##### Output of failed program (stdout + stderr): #####
Traceback (most recent call last):
  File "homework.py", line 546, in <module>
    print(end-start)
NameError: name 'end' is not defined
##### End of output of failed program #####
##### vdhankar plays [J d2 b4] in 0.902626037597656s #####
##### Running: /usr/lib/jvm/jdk-14.0.1/bin/java -jar /lab/itti/projects/checkers-competition/server/referee.jar on run_17_bowenyua_vdhankar #####
Move is valid
##### SUCCESS: /usr/lib/jvm/jdk-14.0.1/bin/java -jar /lab/itti/projects/checkers-competition/server/referee.jar on run_17_bowenyua_vdhankar #####
INPUT for bowenyua:
GAME
BLACK
285.64
.....b.b
..b...b.
.b.b.b.w
w.b.....
.w.....w
w...w...
.....w..
w...w.w.
##### Running: /usr/bin/time -o time_17_bowenyua_vdhankar.txt -f "%U" python3 homework.py > stulog.txt 2>&1 on bowenyua #####
##### SUCCESS: /usr/bin/time -o time_17_bowenyua_vdhankar.txt -f "%U" python3 homework.py > stulog.txt 2>&1 on bowenyua #####
##### bowenyua plays [E f6 g5] in 0.98s #####
##### Running: /usr/lib/jvm/jdk-14.0.1/bin/java -jar /lab/itti/projects/checkers-competition/server/referee.jar on run_17_bowenyua_vdhankar #####
Move is valid
##### SUCCESS: /usr/lib/jvm/jdk-14.0.1/bin/java -jar /lab/itti/projects/checkers-competition/server/referee.jar on run_17_bowenyua_vdhankar #####
INPUT for vdhankar:
GAME
WHITE
236.004853487015
.....b.b
..b...b.
.b.b...w
w.b...b.
.w.....w
w...w...
.....w..
w...w.w.
##### Running: /usr/bin/time -o time_17_bowenyua_vdhankar.txt -f "%U" python3 homework.py > stulog.txt 2>&1 on vdhankar #####
child exited with value 1
##### ERROR: /usr/bin/time -o time_17_bowenyua_vdhankar.txt -f "%U" python3 homework.py > stulog.txt 2>&1 on vdhankar #####
##### Output of failed program (stdout + stderr): #####
Traceback (most recent call last):
  File "homework.py", line 546, in <module>
    print(end-start)
NameError: name 'end' is not defined
##### End of output of failed program #####
##### vdhankar plays [J h4 f6] in 0.973051071166992s #####
##### Running: /usr/lib/jvm/jdk-14.0.1/bin/java -jar /lab/itti/projects/checkers-competition/server/referee.jar on run_17_bowenyua_vdhankar #####
Move is valid
##### SUCCESS: /usr/lib/jvm/jdk-14.0.1/bin/java -jar /lab/itti/projects/checkers-competition/server/referee.jar on run_17_bowenyua_vdhankar #####
INPUT for bowenyua:
GAME
BLACK
284.66
.....b.b
..b...b.
.b.b.w.w
w.b.....
.w......
w...w...
.....w..
w...w.w.
##### Running: /usr/bin/time -o time_17_bowenyua_vdhankar.txt -f "%U" python3 homework.py > stulog.txt 2>&1 on bowenyua #####
##### SUCCESS: /usr/bin/time -o time_17_bowenyua_vdhankar.txt -f "%U" python3 homework.py > stulog.txt 2>&1 on bowenyua #####
##### bowenyua plays [J g7 e5] in 0.4s #####
##### Running: /usr/lib/jvm/jdk-14.0.1/bin/java -jar /lab/itti/projects/checkers-competition/server/referee.jar on run_17_bowenyua_vdhankar #####
Move is valid
##### SUCCESS: /usr/lib/jvm/jdk-14.0.1/bin/java -jar /lab/itti/projects/checkers-competition/server/referee.jar on run_17_bowenyua_vdhankar #####
INPUT for vdhankar:
GAME
WHITE
235.031802415848
.....b.b
..b.....
.b.b...w
w.b.b...
.w......
w...w...
.....w..
w...w.w.
##### Running: /usr/bin/time -o time_17_bowenyua_vdhankar.txt -f "%U" python3 homework.py > stulog.txt 2>&1 on vdhankar #####
child exited with value 1
##### ERROR: /usr/bin/time -o time_17_bowenyua_vdhankar.txt -f "%U" python3 homework.py > stulog.txt 2>&1 on vdhankar #####
##### Output of failed program (stdout + stderr): #####
Traceback (most recent call last):
  File "homework.py", line 546, in <module>
    print(end-start)
NameError: name 'end' is not defined
##### End of output of failed program #####
##### vdhankar plays [E g1 h2] in 2.86849093437195s #####
##### Running: /usr/lib/jvm/jdk-14.0.1/bin/java -jar /lab/itti/projects/checkers-competition/server/referee.jar on run_17_bowenyua_vdhankar #####
Move is valid
##### SUCCESS: /usr/lib/jvm/jdk-14.0.1/bin/java -jar /lab/itti/projects/checkers-competition/server/referee.jar on run_17_bowenyua_vdhankar #####
INPUT for bowenyua:
GAME
BLACK
284.26
.....b.b
..b.....
.b.b...w
w.b.b...
.w......
w...w...
.....w.w
w...w...
##### Running: /usr/bin/time -o time_17_bowenyua_vdhankar.txt -f "%U" python3 homework.py > stulog.txt 2>&1 on bowenyua #####
##### SUCCESS: /usr/bin/time -o time_17_bowenyua_vdhankar.txt -f "%U" python3 homework.py > stulog.txt 2>&1 on bowenyua #####
##### bowenyua plays [E f8 e7] in 1.1s #####
##### Running: /usr/lib/jvm/jdk-14.0.1/bin/java -jar /lab/itti/projects/checkers-competition/server/referee.jar on run_17_bowenyua_vdhankar #####
Move is valid
##### SUCCESS: /usr/lib/jvm/jdk-14.0.1/bin/java -jar /lab/itti/projects/checkers-competition/server/referee.jar on run_17_bowenyua_vdhankar #####
INPUT for vdhankar:
GAME
WHITE
232.163311481476
.......b
..b.b...
.b.b...w
w.b.b...
.w......
w...w...
.....w.w
w...w...
##### Running: /usr/bin/time -o time_17_bowenyua_vdhankar.txt -f "%U" python3 homework.py > stulog.txt 2>&1 on vdhankar #####
child exited with value 1
##### ERROR: /usr/bin/time -o time_17_bowenyua_vdhankar.txt -f "%U" python3 homework.py > stulog.txt 2>&1 on vdhankar #####
##### Output of failed program (stdout + stderr): #####
Traceback (most recent call last):
  File "homework.py", line 546, in <module>
    print(end-start)
NameError: name 'end' is not defined
##### End of output of failed program #####
##### vdhankar plays [E h2 g3] in 2.14514112472534s #####
##### Running: /usr/lib/jvm/jdk-14.0.1/bin/java -jar /lab/itti/projects/checkers-competition/server/referee.jar on run_17_bowenyua_vdhankar #####
Move is valid
##### SUCCESS: /usr/lib/jvm/jdk-14.0.1/bin/java -jar /lab/itti/projects/checkers-competition/server/referee.jar on run_17_bowenyua_vdhankar #####
INPUT for bowenyua:
GAME
BLACK
283.16
.......b
..b.b...
.b.b...w
w.b.b...
.w......
w...w.w.
.....w..
w...w...
##### Running: /usr/bin/time -o time_17_bowenyua_vdhankar.txt -f "%U" python3 homework.py > stulog.txt 2>&1 on bowenyua #####
##### SUCCESS: /usr/bin/time -o time_17_bowenyua_vdhankar.txt -f "%U" python3 homework.py > stulog.txt 2>&1 on bowenyua #####
##### bowenyua plays [E e7 f6] in 0.97s #####
##### Running: /usr/lib/jvm/jdk-14.0.1/bin/java -jar /lab/itti/projects/checkers-competition/server/referee.jar on run_17_bowenyua_vdhankar #####
Move is valid
##### SUCCESS: /usr/lib/jvm/jdk-14.0.1/bin/java -jar /lab/itti/projects/checkers-competition/server/referee.jar on run_17_bowenyua_vdhankar #####
INPUT for vdhankar:
GAME
WHITE
230.01817035675
.......b
..b.....
.b.b.b.w
w.b.b...
.w......
w...w.w.
.....w..
w...w...
##### Running: /usr/bin/time -o time_17_bowenyua_vdhankar.txt -f "%U" python3 homework.py > stulog.txt 2>&1 on vdhankar #####
child exited with value 1
##### ERROR: /usr/bin/time -o time_17_bowenyua_vdhankar.txt -f "%U" python3 homework.py > stulog.txt 2>&1 on vdhankar #####
##### Output of failed program (stdout + stderr): #####
Traceback (most recent call last):
  File "homework.py", line 546, in <module>
    print(end-start)
NameError: name 'end' is not defined
##### End of output of failed program #####
##### vdhankar plays [E h6 g7] in 2.34535503387451s #####
##### Running: /usr/lib/jvm/jdk-14.0.1/bin/java -jar /lab/itti/projects/checkers-competition/server/referee.jar on run_17_bowenyua_vdhankar #####
Move is valid
##### SUCCESS: /usr/lib/jvm/jdk-14.0.1/bin/java -jar /lab/itti/projects/checkers-competition/server/referee.jar on run_17_bowenyua_vdhankar #####
INPUT for bowenyua:
GAME
BLACK
282.19
.......b
..b...w.
.b.b.b..
w.b.b...
.w......
w...w.w.
.....w..
w...w...
##### Running: /usr/bin/time -o time_17_bowenyua_vdhankar.txt -f "%U" python3 homework.py > stulog.txt 2>&1 on bowenyua #####
##### SUCCESS: /usr/bin/time -o time_17_bowenyua_vdhankar.txt -f "%U" python3 homework.py > stulog.txt 2>&1 on bowenyua #####
##### bowenyua plays [E f6 g5] in 0.5s #####
##### Running: /usr/lib/jvm/jdk-14.0.1/bin/java -jar /lab/itti/projects/checkers-competition/server/referee.jar on run_17_bowenyua_vdhankar #####
Move is valid
##### SUCCESS: /usr/lib/jvm/jdk-14.0.1/bin/java -jar /lab/itti/projects/checkers-competition/server/referee.jar on run_17_bowenyua_vdhankar #####
INPUT for vdhankar:
GAME
WHITE
227.672815322876
.......b
..b...w.
.b.b....
w.b.b.b.
.w......
w...w.w.
.....w..
w...w...
##### Running: /usr/bin/time -o time_17_bowenyua_vdhankar.txt -f "%U" python3 homework.py > stulog.txt 2>&1 on vdhankar #####
child exited with value 1
##### ERROR: /usr/bin/time -o time_17_bowenyua_vdhankar.txt -f "%U" python3 homework.py > stulog.txt 2>&1 on vdhankar #####
##### Output of failed program (stdout + stderr): #####
Traceback (most recent call last):
  File "homework.py", line 546, in <module>
    print(end-start)
NameError: name 'end' is not defined
##### End of output of failed program #####
##### vdhankar plays [E g7 f8] in 1.40462017059326s #####
##### Running: /usr/lib/jvm/jdk-14.0.1/bin/java -jar /lab/itti/projects/checkers-competition/server/referee.jar on run_17_bowenyua_vdhankar #####
Move is valid
##### SUCCESS: /usr/lib/jvm/jdk-14.0.1/bin/java -jar /lab/itti/projects/checkers-competition/server/referee.jar on run_17_bowenyua_vdhankar #####
INPUT for bowenyua:
GAME
BLACK
281.69
.....W.b
..b.....
.b.b....
w.b.b.b.
.w......
w...w.w.
.....w..
w...w...
##### Running: /usr/bin/time -o time_17_bowenyua_vdhankar.txt -f "%U" python3 homework.py > stulog.txt 2>&1 on bowenyua #####
##### SUCCESS: /usr/bin/time -o time_17_bowenyua_vdhankar.txt -f "%U" python3 homework.py > stulog.txt 2>&1 on bowenyua #####
##### bowenyua plays [E e5 d4] in 1.24s #####
##### Running: /usr/lib/jvm/jdk-14.0.1/bin/java -jar /lab/itti/projects/checkers-competition/server/referee.jar on run_17_bowenyua_vdhankar #####
Move is valid
##### SUCCESS: /usr/lib/jvm/jdk-14.0.1/bin/java -jar /lab/itti/projects/checkers-competition/server/referee.jar on run_17_bowenyua_vdhankar #####
INPUT for vdhankar:
GAME
WHITE
226.268195152283
.....W.b
..b.....
.b.b....
w.b...b.
.w.b....
w...w.w.
.....w..
w...w...
##### Running: /usr/bin/time -o time_17_bowenyua_vdhankar.txt -f "%U" python3 homework.py > stulog.txt 2>&1 on vdhankar #####
child exited with value 1
##### ERROR: /usr/bin/time -o time_17_bowenyua_vdhankar.txt -f "%U" python3 homework.py > stulog.txt 2>&1 on vdhankar #####
##### Output of failed program (stdout + stderr): #####
Traceback (most recent call last):
  File "homework.py", line 546, in <module>
    print(end-start)
NameError: name 'end' is not defined
##### End of output of failed program #####
##### vdhankar plays [E a1 b2] in 2.07357311248779s #####
##### Running: /usr/lib/jvm/jdk-14.0.1/bin/java -jar /lab/itti/projects/checkers-competition/server/referee.jar on run_17_bowenyua_vdhankar #####
Move is valid
##### SUCCESS: /usr/lib/jvm/jdk-14.0.1/bin/java -jar /lab/itti/projects/checkers-competition/server/referee.jar on run_17_bowenyua_vdhankar #####
INPUT for bowenyua:
GAME
BLACK
280.45
.....W.b
..b.....
.b.b....
w.b...b.
.w.b....
w...w.w.
.w...w..
....w...
##### Running: /usr/bin/time -o time_17_bowenyua_vdhankar.txt -f "%U" python3 homework.py > stulog.txt 2>&1 on bowenyua #####
##### SUCCESS: /usr/bin/time -o time_17_bowenyua_vdhankar.txt -f "%U" python3 homework.py > stulog.txt 2>&1 on bowenyua #####
##### bowenyua plays [E g5 f4] in 0.56s #####
##### Running: /usr/lib/jvm/jdk-14.0.1/bin/java -jar /lab/itti/projects/checkers-competition/server/referee.jar on run_17_bowenyua_vdhankar #####
Move is valid
##### SUCCESS: /usr/lib/jvm/jdk-14.0.1/bin/java -jar /lab/itti/projects/checkers-competition/server/referee.jar on run_17_bowenyua_vdhankar #####
INPUT for vdhankar:
GAME
WHITE
224.194622039795
.....W.b
..b.....
.b.b....
w.b.....
.w.b.b..
w...w.w.
.w...w..
....w...
##### Running: /usr/bin/time -o time_17_bowenyua_vdhankar.txt -f "%U" python3 homework.py > stulog.txt 2>&1 on vdhankar #####
child exited with value 1
##### ERROR: /usr/bin/time -o time_17_bowenyua_vdhankar.txt -f "%U" python3 homework.py > stulog.txt 2>&1 on vdhankar #####
##### Output of failed program (stdout + stderr): #####
Traceback (most recent call last):
  File "homework.py", line 546, in <module>
    print(end-start)
NameError: name 'end' is not defined
##### End of output of failed program #####
##### vdhankar plays [J g3 e5] in 0.580432891845703s #####
##### Running: /usr/lib/jvm/jdk-14.0.1/bin/java -jar /lab/itti/projects/checkers-competition/server/referee.jar on run_17_bowenyua_vdhankar #####
Move is valid
##### SUCCESS: /usr/lib/jvm/jdk-14.0.1/bin/java -jar /lab/itti/projects/checkers-competition/server/referee.jar on run_17_bowenyua_vdhankar #####
INPUT for bowenyua:
GAME
BLACK
279.89
.....W.b
..b.....
.b.b....
w.b.w...
.w.b....
w...w...
.w...w..
....w...
##### Running: /usr/bin/time -o time_17_bowenyua_vdhankar.txt -f "%U" python3 homework.py > stulog.txt 2>&1 on bowenyua #####
##### SUCCESS: /usr/bin/time -o time_17_bowenyua_vdhankar.txt -f "%U" python3 homework.py > stulog.txt 2>&1 on bowenyua #####
##### bowenyua plays [J d6 f4 ; J f4 d2] in 0.08s #####
##### Running: /usr/lib/jvm/jdk-14.0.1/bin/java -jar /lab/itti/projects/checkers-competition/server/referee.jar on run_17_bowenyua_vdhankar #####
Move is valid
##### SUCCESS: /usr/lib/jvm/jdk-14.0.1/bin/java -jar /lab/itti/projects/checkers-competition/server/referee.jar on run_17_bowenyua_vdhankar #####
INPUT for vdhankar:
GAME
WHITE
223.614189147949
.....W.b
..b.....
.b......
w.b.....
.w.b....
w.......
.w.b.w..
....w...
##### Running: /usr/bin/time -o time_17_bowenyua_vdhankar.txt -f "%U" python3 homework.py > stulog.txt 2>&1 on vdhankar #####
child exited with value 1
##### ERROR: /usr/bin/time -o time_17_bowenyua_vdhankar.txt -f "%U" python3 homework.py > stulog.txt 2>&1 on vdhankar #####
##### Output of failed program (stdout + stderr): #####
Traceback (most recent call last):
  File "homework.py", line 546, in <module>
    print(end-start)
NameError: name 'end' is not defined
##### End of output of failed program #####
##### vdhankar plays [J b4 d6 ; J d6 b8] in 0.441684007644653s #####
##### Running: /usr/lib/jvm/jdk-14.0.1/bin/java -jar /lab/itti/projects/checkers-competition/server/referee.jar on run_17_bowenyua_vdhankar #####
Move is valid
##### SUCCESS: /usr/lib/jvm/jdk-14.0.1/bin/java -jar /lab/itti/projects/checkers-competition/server/referee.jar on run_17_bowenyua_vdhankar #####
INPUT for bowenyua:
GAME
BLACK
279.81
.W...W.b
........
.b......
w.......
...b....
w.......
.w.b.w..
....w...
##### Running: /usr/bin/time -o time_17_bowenyua_vdhankar.txt -f "%U" python3 homework.py > stulog.txt 2>&1 on bowenyua #####
##### SUCCESS: /usr/bin/time -o time_17_bowenyua_vdhankar.txt -f "%U" python3 homework.py > stulog.txt 2>&1 on bowenyua #####
##### bowenyua plays [E d4 c3] in 0.21s #####
##### Running: /usr/lib/jvm/jdk-14.0.1/bin/java -jar /lab/itti/projects/checkers-competition/server/referee.jar on run_17_bowenyua_vdhankar #####
Move is valid
##### SUCCESS: /usr/lib/jvm/jdk-14.0.1/bin/java -jar /lab/itti/projects/checkers-competition/server/referee.jar on run_17_bowenyua_vdhankar #####
INPUT for vdhankar:
GAME
WHITE
223.172505140305
.W...W.b
........
.b......
w.......
........
w.b.....
.w.b.w..
....w...
##### Running: /usr/bin/time -o time_17_bowenyua_vdhankar.txt -f "%U" python3 homework.py > stulog.txt 2>&1 on vdhankar #####
child exited with value 1
##### ERROR: /usr/bin/time -o time_17_bowenyua_vdhankar.txt -f "%U" python3 homework.py > stulog.txt 2>&1 on vdhankar #####
##### Output of failed program (stdout + stderr): #####
Traceback (most recent call last):
  File "homework.py", line 546, in <module>
    print(end-start)
NameError: name 'end' is not defined
##### End of output of failed program #####
##### vdhankar plays [J b2 d4] in 0.657238006591797s #####
##### Running: /usr/lib/jvm/jdk-14.0.1/bin/java -jar /lab/itti/projects/checkers-competition/server/referee.jar on run_17_bowenyua_vdhankar #####
Move is valid
##### SUCCESS: /usr/lib/jvm/jdk-14.0.1/bin/java -jar /lab/itti/projects/checkers-competition/server/referee.jar on run_17_bowenyua_vdhankar #####
INPUT for bowenyua:
GAME
BLACK
279.6
.W...W.b
........
.b......
w.......
...w....
w.......
...b.w..
....w...
##### Running: /usr/bin/time -o time_17_bowenyua_vdhankar.txt -f "%U" python3 homework.py > stulog.txt 2>&1 on bowenyua #####
##### SUCCESS: /usr/bin/time -o time_17_bowenyua_vdhankar.txt -f "%U" python3 homework.py > stulog.txt 2>&1 on bowenyua #####
##### bowenyua plays [E b6 c5] in 0.18s #####
##### Running: /usr/lib/jvm/jdk-14.0.1/bin/java -jar /lab/itti/projects/checkers-competition/server/referee.jar on run_17_bowenyua_vdhankar #####
Move is valid
##### SUCCESS: /usr/lib/jvm/jdk-14.0.1/bin/java -jar /lab/itti/projects/checkers-competition/server/referee.jar on run_17_bowenyua_vdhankar #####
INPUT for vdhankar:
GAME
WHITE
222.515267133713
.W...W.b
........
........
w.b.....
...w....
w.......
...b.w..
....w...
##### Running: /usr/bin/time -o time_17_bowenyua_vdhankar.txt -f "%U" python3 homework.py > stulog.txt 2>&1 on vdhankar #####
child exited with value 1
##### ERROR: /usr/bin/time -o time_17_bowenyua_vdhankar.txt -f "%U" python3 homework.py > stulog.txt 2>&1 on vdhankar #####
##### Output of failed program (stdout + stderr): #####
Traceback (most recent call last):
  File "homework.py", line 546, in <module>
    print(end-start)
NameError: name 'end' is not defined
##### End of output of failed program #####
##### vdhankar plays [J d4 b6] in 1.04906487464905s #####
##### Running: /usr/lib/jvm/jdk-14.0.1/bin/java -jar /lab/itti/projects/checkers-competition/server/referee.jar on run_17_bowenyua_vdhankar #####
Move is valid
##### SUCCESS: /usr/lib/jvm/jdk-14.0.1/bin/java -jar /lab/itti/projects/checkers-competition/server/referee.jar on run_17_bowenyua_vdhankar #####
INPUT for bowenyua:
GAME
BLACK
279.42
.W...W.b
........
.w......
w.......
........
w.......
...b.w..
....w...
##### Running: /usr/bin/time -o time_17_bowenyua_vdhankar.txt -f "%U" python3 homework.py > stulog.txt 2>&1 on bowenyua #####
##### SUCCESS: /usr/bin/time -o time_17_bowenyua_vdhankar.txt -f "%U" python3 homework.py > stulog.txt 2>&1 on bowenyua #####
##### bowenyua plays [E d2 c1] in 0.46s #####
##### Running: /usr/lib/jvm/jdk-14.0.1/bin/java -jar /lab/itti/projects/checkers-competition/server/referee.jar on run_17_bowenyua_vdhankar #####
Move is valid
##### SUCCESS: /usr/lib/jvm/jdk-14.0.1/bin/java -jar /lab/itti/projects/checkers-competition/server/referee.jar on run_17_bowenyua_vdhankar #####
INPUT for vdhankar:
GAME
WHITE
221.466202259064
.W...W.b
........
.w......
w.......
........
w.......
.....w..
..B.w...
##### Running: /usr/bin/time -o time_17_bowenyua_vdhankar.txt -f "%U" python3 homework.py > stulog.txt 2>&1 on vdhankar #####
child exited with value 1
##### ERROR: /usr/bin/time -o time_17_bowenyua_vdhankar.txt -f "%U" python3 homework.py > stulog.txt 2>&1 on vdhankar #####
##### Output of failed program (stdout + stderr): #####
Traceback (most recent call last):
  File "homework.py", line 546, in <module>
    print(end-start)
NameError: name 'end' is not defined
##### End of output of failed program #####
##### vdhankar plays [E b6 c7] in 7.39652919769287s #####
##### Running: /usr/lib/jvm/jdk-14.0.1/bin/java -jar /lab/itti/projects/checkers-competition/server/referee.jar on run_17_bowenyua_vdhankar #####
Move is valid
##### SUCCESS: /usr/lib/jvm/jdk-14.0.1/bin/java -jar /lab/itti/projects/checkers-competition/server/referee.jar on run_17_bowenyua_vdhankar #####
INPUT for bowenyua:
GAME
BLACK
278.96
.W...W.b
..w.....
........
w.......
........
w.......
.....w..
..B.w...
##### Running: /usr/bin/time -o time_17_bowenyua_vdhankar.txt -f "%U" python3 homework.py > stulog.txt 2>&1 on bowenyua #####
##### SUCCESS: /usr/bin/time -o time_17_bowenyua_vdhankar.txt -f "%U" python3 homework.py > stulog.txt 2>&1 on bowenyua #####
##### bowenyua plays [E c1 b2] in 0.66s #####
##### Running: /usr/lib/jvm/jdk-14.0.1/bin/java -jar /lab/itti/projects/checkers-competition/server/referee.jar on run_17_bowenyua_vdhankar #####
Move is valid
##### SUCCESS: /usr/lib/jvm/jdk-14.0.1/bin/java -jar /lab/itti/projects/checkers-competition/server/referee.jar on run_17_bowenyua_vdhankar #####
INPUT for vdhankar:
GAME
WHITE
214.069673061371
.W...W.b
..w.....
........
w.......
........
w.......
.B...w..
....w...
##### Running: /usr/bin/time -o time_17_bowenyua_vdhankar.txt -f "%U" python3 homework.py > stulog.txt 2>&1 on vdhankar #####
child exited with value 1
##### ERROR: /usr/bin/time -o time_17_bowenyua_vdhankar.txt -f "%U" python3 homework.py > stulog.txt 2>&1 on vdhankar #####
##### Output of failed program (stdout + stderr): #####
Traceback (most recent call last):
  File "homework.py", line 546, in <module>
    print(end-start)
NameError: name 'end' is not defined
##### End of output of failed program #####
##### vdhankar plays [E f2 g3] in 8.2344708442688s #####
##### Running: /usr/lib/jvm/jdk-14.0.1/bin/java -jar /lab/itti/projects/checkers-competition/server/referee.jar on run_17_bowenyua_vdhankar #####
Move is valid
##### SUCCESS: /usr/lib/jvm/jdk-14.0.1/bin/java -jar /lab/itti/projects/checkers-competition/server/referee.jar on run_17_bowenyua_vdhankar #####
INPUT for bowenyua:
GAME
BLACK
278.3
.W...W.b
..w.....
........
w.......
........
w.....w.
.B......
....w...
##### Running: /usr/bin/time -o time_17_bowenyua_vdhankar.txt -f "%U" python3 homework.py > stulog.txt 2>&1 on bowenyua #####
##### SUCCESS: /usr/bin/time -o time_17_bowenyua_vdhankar.txt -f "%U" python3 homework.py > stulog.txt 2>&1 on bowenyua #####
##### bowenyua plays [E b2 c3] in 0.92s #####
##### Running: /usr/lib/jvm/jdk-14.0.1/bin/java -jar /lab/itti/projects/checkers-competition/server/referee.jar on run_17_bowenyua_vdhankar #####
Move is valid
##### SUCCESS: /usr/lib/jvm/jdk-14.0.1/bin/java -jar /lab/itti/projects/checkers-competition/server/referee.jar on run_17_bowenyua_vdhankar #####
INPUT for vdhankar:
GAME
WHITE
205.835202217102
.W...W.b
..w.....
........
w.......
........
w.B...w.
........
....w...
##### Running: /usr/bin/time -o time_17_bowenyua_vdhankar.txt -f "%U" python3 homework.py > stulog.txt 2>&1 on vdhankar #####
child exited with value 1
##### ERROR: /usr/bin/time -o time_17_bowenyua_vdhankar.txt -f "%U" python3 homework.py > stulog.txt 2>&1 on vdhankar #####
##### Output of failed program (stdout + stderr): #####
Traceback (most recent call last):
  File "homework.py", line 546, in <module>
    print(end-start)
NameError: name 'end' is not defined
##### End of output of failed program #####
##### vdhankar plays [E g3 h4] in 10.2821500301361s #####
##### Running: /usr/lib/jvm/jdk-14.0.1/bin/java -jar /lab/itti/projects/checkers-competition/server/referee.jar on run_17_bowenyua_vdhankar #####
Move is valid
##### SUCCESS: /usr/lib/jvm/jdk-14.0.1/bin/java -jar /lab/itti/projects/checkers-competition/server/referee.jar on run_17_bowenyua_vdhankar #####
INPUT for bowenyua:
GAME
BLACK
277.38
.W...W.b
..w.....
........
w.......
.......w
w.B.....
........
....w...
##### Running: /usr/bin/time -o time_17_bowenyua_vdhankar.txt -f "%U" python3 homework.py > stulog.txt 2>&1 on bowenyua #####
##### SUCCESS: /usr/bin/time -o time_17_bowenyua_vdhankar.txt -f "%U" python3 homework.py > stulog.txt 2>&1 on bowenyua #####
##### bowenyua plays [E c3 d4] in 0.53s #####
##### Running: /usr/lib/jvm/jdk-14.0.1/bin/java -jar /lab/itti/projects/checkers-competition/server/referee.jar on run_17_bowenyua_vdhankar #####
Move is valid
##### SUCCESS: /usr/lib/jvm/jdk-14.0.1/bin/java -jar /lab/itti/projects/checkers-competition/server/referee.jar on run_17_bowenyua_vdhankar #####
INPUT for vdhankar:
GAME
WHITE
195.553052186966
.W...W.b
..w.....
........
w.......
...B...w
w.......
........
....w...
##### Running: /usr/bin/time -o time_17_bowenyua_vdhankar.txt -f "%U" python3 homework.py > stulog.txt 2>&1 on vdhankar #####
child exited with value 1
##### ERROR: /usr/bin/time -o time_17_bowenyua_vdhankar.txt -f "%U" python3 homework.py > stulog.txt 2>&1 on vdhankar #####
##### Output of failed program (stdout + stderr): #####
Traceback (most recent call last):
  File "homework.py", line 546, in <module>
    print(end-start)
NameError: name 'end' is not defined
##### End of output of failed program #####
##### vdhankar plays [E e1 f2] in 10.224739074707s #####
##### Running: /usr/lib/jvm/jdk-14.0.1/bin/java -jar /lab/itti/projects/checkers-competition/server/referee.jar on run_17_bowenyua_vdhankar #####
Move is valid
##### SUCCESS: /usr/lib/jvm/jdk-14.0.1/bin/java -jar /lab/itti/projects/checkers-competition/server/referee.jar on run_17_bowenyua_vdhankar #####
INPUT for bowenyua:
GAME
BLACK
276.85
.W...W.b
..w.....
........
w.......
...B...w
w.......
.....w..
........
##### Running: /usr/bin/time -o time_17_bowenyua_vdhankar.txt -f "%U" python3 homework.py > stulog.txt 2>&1 on bowenyua #####
##### SUCCESS: /usr/bin/time -o time_17_bowenyua_vdhankar.txt -f "%U" python3 homework.py > stulog.txt 2>&1 on bowenyua #####
##### bowenyua plays [E d4 c5] in 0.79s #####
##### Running: /usr/lib/jvm/jdk-14.0.1/bin/java -jar /lab/itti/projects/checkers-competition/server/referee.jar on run_17_bowenyua_vdhankar #####
Move is valid
##### SUCCESS: /usr/lib/jvm/jdk-14.0.1/bin/java -jar /lab/itti/projects/checkers-competition/server/referee.jar on run_17_bowenyua_vdhankar #####
INPUT for vdhankar:
GAME
WHITE
185.328313112259
.W...W.b
..w.....
........
w.B.....
.......w
w.......
.....w..
........
##### Running: /usr/bin/time -o time_17_bowenyua_vdhankar.txt -f "%U" python3 homework.py > stulog.txt 2>&1 on vdhankar #####
child exited with value 1
##### ERROR: /usr/bin/time -o time_17_bowenyua_vdhankar.txt -f "%U" python3 homework.py > stulog.txt 2>&1 on vdhankar #####
##### Output of failed program (stdout + stderr): #####
Traceback (most recent call last):
  File "homework.py", line 546, in <module>
    print(end-start)
NameError: name 'end' is not defined
##### End of output of failed program #####
##### vdhankar plays [E f2 e3] in 6.58821892738342s #####
##### Running: /usr/lib/jvm/jdk-14.0.1/bin/java -jar /lab/itti/projects/checkers-competition/server/referee.jar on run_17_bowenyua_vdhankar #####
Move is valid
##### SUCCESS: /usr/lib/jvm/jdk-14.0.1/bin/java -jar /lab/itti/projects/checkers-competition/server/referee.jar on run_17_bowenyua_vdhankar #####
INPUT for bowenyua:
GAME
BLACK
276.06
.W...W.b
..w.....
........
w.B.....
.......w
w...w...
........
........
##### Running: /usr/bin/time -o time_17_bowenyua_vdhankar.txt -f "%U" python3 homework.py > stulog.txt 2>&1 on bowenyua #####
##### SUCCESS: /usr/bin/time -o time_17_bowenyua_vdhankar.txt -f "%U" python3 homework.py > stulog.txt 2>&1 on bowenyua #####
##### bowenyua plays [E h8 g7] in 0.37s #####
##### Running: /usr/lib/jvm/jdk-14.0.1/bin/java -jar /lab/itti/projects/checkers-competition/server/referee.jar on run_17_bowenyua_vdhankar #####
Move is valid
##### SUCCESS: /usr/lib/jvm/jdk-14.0.1/bin/java -jar /lab/itti/projects/checkers-competition/server/referee.jar on run_17_bowenyua_vdhankar #####
INPUT for vdhankar:
GAME
WHITE
178.740094184875
.W...W..
..w...b.
........
w.B.....
.......w
w...w...
........
........
##### Running: /usr/bin/time -o time_17_bowenyua_vdhankar.txt -f "%U" python3 homework.py > stulog.txt 2>&1 on vdhankar #####
child exited with value 1
##### ERROR: /usr/bin/time -o time_17_bowenyua_vdhankar.txt -f "%U" python3 homework.py > stulog.txt 2>&1 on vdhankar #####
##### Output of failed program (stdout + stderr): #####
Traceback (most recent call last):
  File "homework.py", line 546, in <module>
    print(end-start)
NameError: name 'end' is not defined
##### End of output of failed program #####
##### vdhankar plays [J f8 h6] in 0.276810884475708s #####
##### Running: /usr/lib/jvm/jdk-14.0.1/bin/java -jar /lab/itti/projects/checkers-competition/server/referee.jar on run_17_bowenyua_vdhankar #####
Move is valid
##### SUCCESS: /usr/lib/jvm/jdk-14.0.1/bin/java -jar /lab/itti/projects/checkers-competition/server/referee.jar on run_17_bowenyua_vdhankar #####
INPUT for bowenyua:
GAME
BLACK
275.69
.W......
..w.....
.......W
w.B.....
.......w
w...w...
........
........
##### Running: /usr/bin/time -o time_17_bowenyua_vdhankar.txt -f "%U" python3 homework.py > stulog.txt 2>&1 on bowenyua #####
child exited with value 1
##### ERROR: /usr/bin/time -o time_17_bowenyua_vdhankar.txt -f "%U" python3 homework.py > stulog.txt 2>&1 on bowenyua #####
##### Output of failed program (stdout + stderr): #####
Traceback (most recent call last):
  File "homework.py", line 376, in <module>
    homework = Agent('input.txt',7)
  File "homework.py", line 221, in __init__
    self.minimaxDecision()
  File "homework.py", line 236, in minimaxDecision
    self.writeOutput(optimalMove)
  File "homework.py", line 344, in writeOutput
    pos_list = selectedMove.split(' ')
AttributeError: 'NoneType' object has no attribute 'split'
##### End of output of failed program #####
##### bowenyua plays [] in 0.320276021957397s #####
##### Running: /usr/lib/jvm/jdk-14.0.1/bin/java -jar /lab/itti/projects/checkers-competition/server/referee.jar on run_17_bowenyua_vdhankar #####
Move is not valid
##### SUCCESS: /usr/lib/jvm/jdk-14.0.1/bin/java -jar /lab/itti/projects/checkers-competition/server/referee.jar on run_17_bowenyua_vdhankar #####
##### GAME OVER: bowenyua loses because of illegal move [] #####
Server said: FAIL
########## ROUND 17 GAMESCORE AFTER GAME 3: bowenyua=0 and vdhankar=3 ##########
#################### ROUND 17: bowenyua (W) vs vdhankar (B): game 4 ####################
##### game start! #####
INPUT for vdhankar:
GAME
BLACK
300
.b.b.b.b
b.b.b.b.
.b.b.b.b
........
........
w.w.w.w.
.w.w.w.w
w.w.w.w.
##### Running: /usr/bin/time -o time_17_bowenyua_vdhankar.txt -f "%U" python3 homework.py > stulog.txt 2>&1 on vdhankar #####
child exited with value 1
##### ERROR: /usr/bin/time -o time_17_bowenyua_vdhankar.txt -f "%U" python3 homework.py > stulog.txt 2>&1 on vdhankar #####
##### Output of failed program (stdout + stderr): #####
Traceback (most recent call last):
  File "homework.py", line 546, in <module>
    print(end-start)
NameError: name 'end' is not defined
##### End of output of failed program #####
##### vdhankar plays [E h6 g5] in 6.71086096763611s #####
##### Running: /usr/lib/jvm/jdk-14.0.1/bin/java -jar /lab/itti/projects/checkers-competition/server/referee.jar on run_17_bowenyua_vdhankar #####
Move is valid
Couldn't read file 'current_ply.txt'
Couldn't read content from file 'current_ply.txt'
Couldn't read file 'lastmatchange_ply.txt'
Couldn't read content from file 'lastmatchange_ply.txt'
##### SUCCESS: /usr/lib/jvm/jdk-14.0.1/bin/java -jar /lab/itti/projects/checkers-competition/server/referee.jar on run_17_bowenyua_vdhankar #####
INPUT for bowenyua:
GAME
WHITE
300
.b.b.b.b
b.b.b.b.
.b.b.b..
......b.
........
w.w.w.w.
.w.w.w.w
w.w.w.w.
##### Running: /usr/bin/time -o time_17_bowenyua_vdhankar.txt -f "%U" python3 homework.py > stulog.txt 2>&1 on bowenyua #####
##### SUCCESS: /usr/bin/time -o time_17_bowenyua_vdhankar.txt -f "%U" python3 homework.py > stulog.txt 2>&1 on bowenyua #####
##### bowenyua plays [E a3 b4] in 1.01s #####
##### Running: /usr/lib/jvm/jdk-14.0.1/bin/java -jar /lab/itti/projects/checkers-competition/server/referee.jar on run_17_bowenyua_vdhankar #####
Move is valid
##### SUCCESS: /usr/lib/jvm/jdk-14.0.1/bin/java -jar /lab/itti/projects/checkers-competition/server/referee.jar on run_17_bowenyua_vdhankar #####
INPUT for vdhankar:
GAME
BLACK
293.289139032364
.b.b.b.b
b.b.b.b.
.b.b.b..
......b.
.w......
..w.w.w.
.w.w.w.w
w.w.w.w.
##### Running: /usr/bin/time -o time_17_bowenyua_vdhankar.txt -f "%U" python3 homework.py > stulog.txt 2>&1 on vdhankar #####
child exited with value 1
##### ERROR: /usr/bin/time -o time_17_bowenyua_vdhankar.txt -f "%U" python3 homework.py > stulog.txt 2>&1 on vdhankar #####
##### Output of failed program (stdout + stderr): #####
Traceback (most recent call last):
  File "homework.py", line 546, in <module>
    print(end-start)
NameError: name 'end' is not defined
##### End of output of failed program #####
##### vdhankar plays [E g5 h4] in 6.02156186103821s #####
##### Running: /usr/lib/jvm/jdk-14.0.1/bin/java -jar /lab/itti/projects/checkers-competition/server/referee.jar on run_17_bowenyua_vdhankar #####
Move is valid
##### SUCCESS: /usr/lib/jvm/jdk-14.0.1/bin/java -jar /lab/itti/projects/checkers-competition/server/referee.jar on run_17_bowenyua_vdhankar #####
INPUT for bowenyua:
GAME
WHITE
298.99
.b.b.b.b
b.b.b.b.
.b.b.b..
........
.w.....b
..w.w.w.
.w.w.w.w
w.w.w.w.
##### Running: /usr/bin/time -o time_17_bowenyua_vdhankar.txt -f "%U" python3 homework.py > stulog.txt 2>&1 on bowenyua #####
##### SUCCESS: /usr/bin/time -o time_17_bowenyua_vdhankar.txt -f "%U" python3 homework.py > stulog.txt 2>&1 on bowenyua #####
##### bowenyua plays [E b4 a5] in 0.95s #####
##### Running: /usr/lib/jvm/jdk-14.0.1/bin/java -jar /lab/itti/projects/checkers-competition/server/referee.jar on run_17_bowenyua_vdhankar #####
Move is valid
##### SUCCESS: /usr/lib/jvm/jdk-14.0.1/bin/java -jar /lab/itti/projects/checkers-competition/server/referee.jar on run_17_bowenyua_vdhankar #####
INPUT for vdhankar:
GAME
BLACK
287.267577171326
.b.b.b.b
b.b.b.b.
.b.b.b..
w.......
.......b
..w.w.w.
.w.w.w.w
w.w.w.w.
##### Running: /usr/bin/time -o time_17_bowenyua_vdhankar.txt -f "%U" python3 homework.py > stulog.txt 2>&1 on vdhankar #####
child exited with value 1
##### ERROR: /usr/bin/time -o time_17_bowenyua_vdhankar.txt -f "%U" python3 homework.py > stulog.txt 2>&1 on vdhankar #####
##### Output of failed program (stdout + stderr): #####
Traceback (most recent call last):
  File "homework.py", line 546, in <module>
    print(end-start)
NameError: name 'end' is not defined
##### End of output of failed program #####
##### vdhankar plays [E d6 e5] in 4.84574580192566s #####
##### Running: /usr/lib/jvm/jdk-14.0.1/bin/java -jar /lab/itti/projects/checkers-competition/server/referee.jar on run_17_bowenyua_vdhankar #####
Move is valid
##### SUCCESS: /usr/lib/jvm/jdk-14.0.1/bin/java -jar /lab/itti/projects/checkers-competition/server/referee.jar on run_17_bowenyua_vdhankar #####
INPUT for bowenyua:
GAME
WHITE
298.04
.b.b.b.b
b.b.b.b.
.b...b..
w...b...
.......b
..w.w.w.
.w.w.w.w
w.w.w.w.
##### Running: /usr/bin/time -o time_17_bowenyua_vdhankar.txt -f "%U" python3 homework.py > stulog.txt 2>&1 on bowenyua #####
##### SUCCESS: /usr/bin/time -o time_17_bowenyua_vdhankar.txt -f "%U" python3 homework.py > stulog.txt 2>&1 on bowenyua #####
##### bowenyua plays [E c3 b4] in 0.15s #####
##### Running: /usr/lib/jvm/jdk-14.0.1/bin/java -jar /lab/itti/projects/checkers-competition/server/referee.jar on run_17_bowenyua_vdhankar #####
Move is valid
##### SUCCESS: /usr/lib/jvm/jdk-14.0.1/bin/java -jar /lab/itti/projects/checkers-competition/server/referee.jar on run_17_bowenyua_vdhankar #####
INPUT for vdhankar:
GAME
BLACK
282.4218313694
.b.b.b.b
b.b.b.b.
.b...b..
w...b...
.w.....b
....w.w.
.w.w.w.w
w.w.w.w.
##### Running: /usr/bin/time -o time_17_bowenyua_vdhankar.txt -f "%U" python3 homework.py > stulog.txt 2>&1 on vdhankar #####
child exited with value 1
##### ERROR: /usr/bin/time -o time_17_bowenyua_vdhankar.txt -f "%U" python3 homework.py > stulog.txt 2>&1 on vdhankar #####
##### Output of failed program (stdout + stderr): #####
Traceback (most recent call last):
  File "homework.py", line 546, in <module>
    print(end-start)
NameError: name 'end' is not defined
##### End of output of failed program #####
##### vdhankar plays [E e7 d6] in 2.0830340385437s #####
##### Running: /usr/lib/jvm/jdk-14.0.1/bin/java -jar /lab/itti/projects/checkers-competition/server/referee.jar on run_17_bowenyua_vdhankar #####
Move is valid
##### SUCCESS: /usr/lib/jvm/jdk-14.0.1/bin/java -jar /lab/itti/projects/checkers-competition/server/referee.jar on run_17_bowenyua_vdhankar #####
INPUT for bowenyua:
GAME
WHITE
297.89
.b.b.b.b
b.b...b.
.b.b.b..
w...b...
.w.....b
....w.w.
.w.w.w.w
w.w.w.w.
##### Running: /usr/bin/time -o time_17_bowenyua_vdhankar.txt -f "%U" python3 homework.py > stulog.txt 2>&1 on bowenyua #####
##### SUCCESS: /usr/bin/time -o time_17_bowenyua_vdhankar.txt -f "%U" python3 homework.py > stulog.txt 2>&1 on bowenyua #####
##### bowenyua plays [E e3 f4] in 0.61s #####
##### Running: /usr/lib/jvm/jdk-14.0.1/bin/java -jar /lab/itti/projects/checkers-competition/server/referee.jar on run_17_bowenyua_vdhankar #####
Move is valid
##### SUCCESS: /usr/lib/jvm/jdk-14.0.1/bin/java -jar /lab/itti/projects/checkers-competition/server/referee.jar on run_17_bowenyua_vdhankar #####
INPUT for vdhankar:
GAME
BLACK
280.338797330856
.b.b.b.b
b.b...b.
.b.b.b..
w...b...
.w...w.b
......w.
.w.w.w.w
w.w.w.w.
##### Running: /usr/bin/time -o time_17_bowenyua_vdhankar.txt -f "%U" python3 homework.py > stulog.txt 2>&1 on vdhankar #####
child exited with value 1
##### ERROR: /usr/bin/time -o time_17_bowenyua_vdhankar.txt -f "%U" python3 homework.py > stulog.txt 2>&1 on vdhankar #####
##### Output of failed program (stdout + stderr): #####
Traceback (most recent call last):
  File "homework.py", line 546, in <module>
    print(end-start)
NameError: name 'end' is not defined
##### End of output of failed program #####
##### vdhankar plays [E b6 c5] in 2.3392550945282s #####
##### Running: /usr/lib/jvm/jdk-14.0.1/bin/java -jar /lab/itti/projects/checkers-competition/server/referee.jar on run_17_bowenyua_vdhankar #####
Move is valid
##### SUCCESS: /usr/lib/jvm/jdk-14.0.1/bin/java -jar /lab/itti/projects/checkers-competition/server/referee.jar on run_17_bowenyua_vdhankar #####
INPUT for bowenyua:
GAME
WHITE
297.28
.b.b.b.b
b.b...b.
...b.b..
w.b.b...
.w...w.b
......w.
.w.w.w.w
w.w.w.w.
##### Running: /usr/bin/time -o time_17_bowenyua_vdhankar.txt -f "%U" python3 homework.py > stulog.txt 2>&1 on bowenyua #####
##### SUCCESS: /usr/bin/time -o time_17_bowenyua_vdhankar.txt -f "%U" python3 homework.py > stulog.txt 2>&1 on bowenyua #####
##### bowenyua plays [E b2 a3] in 0.59s #####
##### Running: /usr/lib/jvm/jdk-14.0.1/bin/java -jar /lab/itti/projects/checkers-competition/server/referee.jar on run_17_bowenyua_vdhankar #####
Move is valid
##### SUCCESS: /usr/lib/jvm/jdk-14.0.1/bin/java -jar /lab/itti/projects/checkers-competition/server/referee.jar on run_17_bowenyua_vdhankar #####
INPUT for vdhankar:
GAME
BLACK
277.999542236328
.b.b.b.b
b.b...b.
...b.b..
w.b.b...
.w...w.b
w.....w.
...w.w.w
w.w.w.w.
##### Running: /usr/bin/time -o time_17_bowenyua_vdhankar.txt -f "%U" python3 homework.py > stulog.txt 2>&1 on vdhankar #####
child exited with value 1
##### ERROR: /usr/bin/time -o time_17_bowenyua_vdhankar.txt -f "%U" python3 homework.py > stulog.txt 2>&1 on vdhankar #####
##### Output of failed program (stdout + stderr): #####
Traceback (most recent call last):
  File "homework.py", line 546, in <module>
    print(end-start)
NameError: name 'end' is not defined
##### End of output of failed program #####
##### vdhankar plays [E g7 h6] in 3.60323190689087s #####
##### Running: /usr/lib/jvm/jdk-14.0.1/bin/java -jar /lab/itti/projects/checkers-competition/server/referee.jar on run_17_bowenyua_vdhankar #####
Move is valid
##### SUCCESS: /usr/lib/jvm/jdk-14.0.1/bin/java -jar /lab/itti/projects/checkers-competition/server/referee.jar on run_17_bowenyua_vdhankar #####
INPUT for bowenyua:
GAME
WHITE
296.69
.b.b.b.b
b.b.....
...b.b.b
w.b.b...
.w...w.b
w.....w.
...w.w.w
w.w.w.w.
##### Running: /usr/bin/time -o time_17_bowenyua_vdhankar.txt -f "%U" python3 homework.py > stulog.txt 2>&1 on bowenyua #####
##### SUCCESS: /usr/bin/time -o time_17_bowenyua_vdhankar.txt -f "%U" python3 homework.py > stulog.txt 2>&1 on bowenyua #####
##### bowenyua plays [E f4 g5] in 0.39s #####
##### Running: /usr/lib/jvm/jdk-14.0.1/bin/java -jar /lab/itti/projects/checkers-competition/server/referee.jar on run_17_bowenyua_vdhankar #####
Move is valid
##### SUCCESS: /usr/lib/jvm/jdk-14.0.1/bin/java -jar /lab/itti/projects/checkers-competition/server/referee.jar on run_17_bowenyua_vdhankar #####
INPUT for vdhankar:
GAME
BLACK
274.396310329437
.b.b.b.b
b.b.....
...b.b.b
w.b.b.w.
.w.....b
w.....w.
...w.w.w
w.w.w.w.
##### Running: /usr/bin/time -o time_17_bowenyua_vdhankar.txt -f "%U" python3 homework.py > stulog.txt 2>&1 on vdhankar #####
child exited with value 1
##### ERROR: /usr/bin/time -o time_17_bowenyua_vdhankar.txt -f "%U" python3 homework.py > stulog.txt 2>&1 on vdhankar #####
##### Output of failed program (stdout + stderr): #####
Traceback (most recent call last):
  File "homework.py", line 546, in <module>
    print(end-start)
NameError: name 'end' is not defined
##### End of output of failed program #####
##### vdhankar plays [J h6 f4] in 0.718953847885132s #####
##### Running: /usr/lib/jvm/jdk-14.0.1/bin/java -jar /lab/itti/projects/checkers-competition/server/referee.jar on run_17_bowenyua_vdhankar #####
Move is valid
##### SUCCESS: /usr/lib/jvm/jdk-14.0.1/bin/java -jar /lab/itti/projects/checkers-competition/server/referee.jar on run_17_bowenyua_vdhankar #####
INPUT for bowenyua:
GAME
WHITE
296.3
.b.b.b.b
b.b.....
...b.b..
w.b.b...
.w...b.b
w.....w.
...w.w.w
w.w.w.w.
##### Running: /usr/bin/time -o time_17_bowenyua_vdhankar.txt -f "%U" python3 homework.py > stulog.txt 2>&1 on bowenyua #####
##### SUCCESS: /usr/bin/time -o time_17_bowenyua_vdhankar.txt -f "%U" python3 homework.py > stulog.txt 2>&1 on bowenyua #####
##### bowenyua plays [E f2 e3] in 0.3s #####
##### Running: /usr/lib/jvm/jdk-14.0.1/bin/java -jar /lab/itti/projects/checkers-competition/server/referee.jar on run_17_bowenyua_vdhankar #####
Move is valid
##### SUCCESS: /usr/lib/jvm/jdk-14.0.1/bin/java -jar /lab/itti/projects/checkers-competition/server/referee.jar on run_17_bowenyua_vdhankar #####
INPUT for vdhankar:
GAME
BLACK
273.677356481552
.b.b.b.b
b.b.....
...b.b..
w.b.b...
.w...b.b
w...w.w.
...w...w
w.w.w.w.
##### Running: /usr/bin/time -o time_17_bowenyua_vdhankar.txt -f "%U" python3 homework.py > stulog.txt 2>&1 on vdhankar #####
child exited with value 1
##### ERROR: /usr/bin/time -o time_17_bowenyua_vdhankar.txt -f "%U" python3 homework.py > stulog.txt 2>&1 on vdhankar #####
##### Output of failed program (stdout + stderr): #####
Traceback (most recent call last):
  File "homework.py", line 546, in <module>
    print(end-start)
NameError: name 'end' is not defined
##### End of output of failed program #####
##### vdhankar plays [J h4 f2] in 0.370852947235107s #####
##### Running: /usr/lib/jvm/jdk-14.0.1/bin/java -jar /lab/itti/projects/checkers-competition/server/referee.jar on run_17_bowenyua_vdhankar #####
Move is valid
##### SUCCESS: /usr/lib/jvm/jdk-14.0.1/bin/java -jar /lab/itti/projects/checkers-competition/server/referee.jar on run_17_bowenyua_vdhankar #####
INPUT for bowenyua:
GAME
WHITE
296
.b.b.b.b
b.b.....
...b.b..
w.b.b...
.w...b..
w...w...
...w.b.w
w.w.w.w.
##### Running: /usr/bin/time -o time_17_bowenyua_vdhankar.txt -f "%U" python3 homework.py > stulog.txt 2>&1 on bowenyua #####
##### SUCCESS: /usr/bin/time -o time_17_bowenyua_vdhankar.txt -f "%U" python3 homework.py > stulog.txt 2>&1 on bowenyua #####
##### bowenyua plays [J e3 g5 ; J g5 e7] in 0.09s #####
##### Running: /usr/lib/jvm/jdk-14.0.1/bin/java -jar /lab/itti/projects/checkers-competition/server/referee.jar on run_17_bowenyua_vdhankar #####
Move is valid
##### SUCCESS: /usr/lib/jvm/jdk-14.0.1/bin/java -jar /lab/itti/projects/checkers-competition/server/referee.jar on run_17_bowenyua_vdhankar #####
INPUT for vdhankar:
GAME
BLACK
273.306503534317
.b.b.b.b
b.b.w...
...b....
w.b.b...
.w......
w.......
...w.b.w
w.w.w.w.
##### Running: /usr/bin/time -o time_17_bowenyua_vdhankar.txt -f "%U" python3 homework.py > stulog.txt 2>&1 on vdhankar #####
child exited with value 1
##### ERROR: /usr/bin/time -o time_17_bowenyua_vdhankar.txt -f "%U" python3 homework.py > stulog.txt 2>&1 on vdhankar #####
##### Output of failed program (stdout + stderr): #####
Traceback (most recent call last):
  File "homework.py", line 546, in <module>
    print(end-start)
NameError: name 'end' is not defined
##### End of output of failed program #####
##### vdhankar plays [J d8 f6] in 1.98873209953308s #####
##### Running: /usr/lib/jvm/jdk-14.0.1/bin/java -jar /lab/itti/projects/checkers-competition/server/referee.jar on run_17_bowenyua_vdhankar #####
Move is valid
##### SUCCESS: /usr/lib/jvm/jdk-14.0.1/bin/java -jar /lab/itti/projects/checkers-competition/server/referee.jar on run_17_bowenyua_vdhankar #####
INPUT for bowenyua:
GAME
WHITE
295.91
.b...b.b
b.b.....
...b.b..
w.b.b...
.w......
w.......
...w.b.w
w.w.w.w.
##### Running: /usr/bin/time -o time_17_bowenyua_vdhankar.txt -f "%U" python3 homework.py > stulog.txt 2>&1 on bowenyua #####
##### SUCCESS: /usr/bin/time -o time_17_bowenyua_vdhankar.txt -f "%U" python3 homework.py > stulog.txt 2>&1 on bowenyua #####
##### bowenyua plays [J e1 g3] in 0.48s #####
##### Running: /usr/lib/jvm/jdk-14.0.1/bin/java -jar /lab/itti/projects/checkers-competition/server/referee.jar on run_17_bowenyua_vdhankar #####
Move is valid
##### SUCCESS: /usr/lib/jvm/jdk-14.0.1/bin/java -jar /lab/itti/projects/checkers-competition/server/referee.jar on run_17_bowenyua_vdhankar #####
INPUT for vdhankar:
GAME
BLACK
271.317771434784
.b...b.b
b.b.....
...b.b..
w.b.b...
.w......
w.....w.
...w...w
w.w...w.
##### Running: /usr/bin/time -o time_17_bowenyua_vdhankar.txt -f "%U" python3 homework.py > stulog.txt 2>&1 on vdhankar #####
child exited with value 1
##### ERROR: /usr/bin/time -o time_17_bowenyua_vdhankar.txt -f "%U" python3 homework.py > stulog.txt 2>&1 on vdhankar #####
##### Output of failed program (stdout + stderr): #####
Traceback (most recent call last):
  File "homework.py", line 546, in <module>
    print(end-start)
NameError: name 'end' is not defined
##### End of output of failed program #####
##### vdhankar plays [E h8 g7] in 7.91896104812622s #####
##### Running: /usr/lib/jvm/jdk-14.0.1/bin/java -jar /lab/itti/projects/checkers-competition/server/referee.jar on run_17_bowenyua_vdhankar #####
Move is valid
##### SUCCESS: /usr/lib/jvm/jdk-14.0.1/bin/java -jar /lab/itti/projects/checkers-competition/server/referee.jar on run_17_bowenyua_vdhankar #####
INPUT for bowenyua:
GAME
WHITE
295.43
.b...b..
b.b...b.
...b.b..
w.b.b...
.w......
w.....w.
...w...w
w.w...w.
##### Running: /usr/bin/time -o time_17_bowenyua_vdhankar.txt -f "%U" python3 homework.py > stulog.txt 2>&1 on bowenyua #####
##### SUCCESS: /usr/bin/time -o time_17_bowenyua_vdhankar.txt -f "%U" python3 homework.py > stulog.txt 2>&1 on bowenyua #####
##### bowenyua plays [E g3 f4] in 0.96s #####
##### Running: /usr/lib/jvm/jdk-14.0.1/bin/java -jar /lab/itti/projects/checkers-competition/server/referee.jar on run_17_bowenyua_vdhankar #####
Move is valid
##### SUCCESS: /usr/lib/jvm/jdk-14.0.1/bin/java -jar /lab/itti/projects/checkers-competition/server/referee.jar on run_17_bowenyua_vdhankar #####
INPUT for vdhankar:
GAME
BLACK
263.398810386658
.b...b..
b.b...b.
...b.b..
w.b.b...
.w...w..
w.......
...w...w
w.w...w.
##### Running: /usr/bin/time -o time_17_bowenyua_vdhankar.txt -f "%U" python3 homework.py > stulog.txt 2>&1 on vdhankar #####
child exited with value 1
##### ERROR: /usr/bin/time -o time_17_bowenyua_vdhankar.txt -f "%U" python3 homework.py > stulog.txt 2>&1 on vdhankar #####
##### Output of failed program (stdout + stderr): #####
Traceback (most recent call last):
  File "homework.py", line 546, in <module>
    print(end-start)
NameError: name 'end' is not defined
##### End of output of failed program #####
##### vdhankar plays [J e5 g3] in 1.32421588897705s #####
##### Running: /usr/lib/jvm/jdk-14.0.1/bin/java -jar /lab/itti/projects/checkers-competition/server/referee.jar on run_17_bowenyua_vdhankar #####
Move is valid
##### SUCCESS: /usr/lib/jvm/jdk-14.0.1/bin/java -jar /lab/itti/projects/checkers-competition/server/referee.jar on run_17_bowenyua_vdhankar #####
INPUT for bowenyua:
GAME
WHITE
294.47
.b...b..
b.b...b.
...b.b..
w.b.....
.w......
w.....b.
...w...w
w.w...w.
##### Running: /usr/bin/time -o time_17_bowenyua_vdhankar.txt -f "%U" python3 homework.py > stulog.txt 2>&1 on bowenyua #####
##### SUCCESS: /usr/bin/time -o time_17_bowenyua_vdhankar.txt -f "%U" python3 homework.py > stulog.txt 2>&1 on bowenyua #####
##### bowenyua plays [J h2 f4] in 0.58s #####
##### Running: /usr/lib/jvm/jdk-14.0.1/bin/java -jar /lab/itti/projects/checkers-competition/server/referee.jar on run_17_bowenyua_vdhankar #####
Move is valid
##### SUCCESS: /usr/lib/jvm/jdk-14.0.1/bin/java -jar /lab/itti/projects/checkers-competition/server/referee.jar on run_17_bowenyua_vdhankar #####
INPUT for vdhankar:
GAME
BLACK
262.074594497681
.b...b..
b.b...b.
...b.b..
w.b.....
.w...w..
w.......
...w....
w.w...w.
##### Running: /usr/bin/time -o time_17_bowenyua_vdhankar.txt -f "%U" python3 homework.py > stulog.txt 2>&1 on vdhankar #####
child exited with value 1
##### ERROR: /usr/bin/time -o time_17_bowenyua_vdhankar.txt -f "%U" python3 homework.py > stulog.txt 2>&1 on vdhankar #####
##### Output of failed program (stdout + stderr): #####
Traceback (most recent call last):
  File "homework.py", line 546, in <module>
    print(end-start)
NameError: name 'end' is not defined
##### End of output of failed program #####
##### vdhankar plays [E c5 d4] in 7.72208404541016s #####
##### Running: /usr/lib/jvm/jdk-14.0.1/bin/java -jar /lab/itti/projects/checkers-competition/server/referee.jar on run_17_bowenyua_vdhankar #####
Move is valid
##### SUCCESS: /usr/lib/jvm/jdk-14.0.1/bin/java -jar /lab/itti/projects/checkers-competition/server/referee.jar on run_17_bowenyua_vdhankar #####
INPUT for bowenyua:
GAME
WHITE
293.89
.b...b..
b.b...b.
...b.b..
w.......
.w.b.w..
w.......
...w....
w.w...w.
##### Running: /usr/bin/time -o time_17_bowenyua_vdhankar.txt -f "%U" python3 homework.py > stulog.txt 2>&1 on bowenyua #####
##### SUCCESS: /usr/bin/time -o time_17_bowenyua_vdhankar.txt -f "%U" python3 homework.py > stulog.txt 2>&1 on bowenyua #####
##### bowenyua plays [E f4 e5] in 1.59s #####
##### Running: /usr/lib/jvm/jdk-14.0.1/bin/java -jar /lab/itti/projects/checkers-competition/server/referee.jar on run_17_bowenyua_vdhankar #####
Move is valid
##### SUCCESS: /usr/lib/jvm/jdk-14.0.1/bin/java -jar /lab/itti/projects/checkers-competition/server/referee.jar on run_17_bowenyua_vdhankar #####
INPUT for vdhankar:
GAME
BLACK
254.352510452271
.b...b..
b.b...b.
...b.b..
w...w...
.w.b....
w.......
...w....
w.w...w.
##### Running: /usr/bin/time -o time_17_bowenyua_vdhankar.txt -f "%U" python3 homework.py > stulog.txt 2>&1 on vdhankar #####
child exited with value 1
##### ERROR: /usr/bin/time -o time_17_bowenyua_vdhankar.txt -f "%U" python3 homework.py > stulog.txt 2>&1 on vdhankar #####
##### Output of failed program (stdout + stderr): #####
Traceback (most recent call last):
  File "homework.py", line 546, in <module>
    print(end-start)
NameError: name 'end' is not defined
##### End of output of failed program #####
##### vdhankar plays [J d6 f4] in 2.00659108161926s #####
##### Running: /usr/lib/jvm/jdk-14.0.1/bin/java -jar /lab/itti/projects/checkers-competition/server/referee.jar on run_17_bowenyua_vdhankar #####
Move is valid
##### SUCCESS: /usr/lib/jvm/jdk-14.0.1/bin/java -jar /lab/itti/projects/checkers-competition/server/referee.jar on run_17_bowenyua_vdhankar #####
INPUT for bowenyua:
GAME
WHITE
292.3
.b...b..
b.b...b.
.....b..
w.......
.w.b.b..
w.......
...w....
w.w...w.
##### Running: /usr/bin/time -o time_17_bowenyua_vdhankar.txt -f "%U" python3 homework.py > stulog.txt 2>&1 on bowenyua #####
##### SUCCESS: /usr/bin/time -o time_17_bowenyua_vdhankar.txt -f "%U" python3 homework.py > stulog.txt 2>&1 on bowenyua #####
##### bowenyua plays [E d2 e3] in 1.21s #####
##### Running: /usr/lib/jvm/jdk-14.0.1/bin/java -jar /lab/itti/projects/checkers-competition/server/referee.jar on run_17_bowenyua_vdhankar #####
Move is valid
##### SUCCESS: /usr/lib/jvm/jdk-14.0.1/bin/java -jar /lab/itti/projects/checkers-competition/server/referee.jar on run_17_bowenyua_vdhankar #####
INPUT for vdhankar:
GAME
BLACK
252.345919370651
.b...b..
b.b...b.
.....b..
w.......
.w.b.b..
w...w...
........
w.w...w.
##### Running: /usr/bin/time -o time_17_bowenyua_vdhankar.txt -f "%U" python3 homework.py > stulog.txt 2>&1 on vdhankar #####
child exited with value 1
##### ERROR: /usr/bin/time -o time_17_bowenyua_vdhankar.txt -f "%U" python3 homework.py > stulog.txt 2>&1 on vdhankar #####
##### Output of failed program (stdout + stderr): #####
Traceback (most recent call last):
  File "homework.py", line 546, in <module>
    print(end-start)
NameError: name 'end' is not defined
##### End of output of failed program #####
##### vdhankar plays [J f4 d2] in 0.542971849441528s #####
##### Running: /usr/lib/jvm/jdk-14.0.1/bin/java -jar /lab/itti/projects/checkers-competition/server/referee.jar on run_17_bowenyua_vdhankar #####
Move is valid
##### SUCCESS: /usr/lib/jvm/jdk-14.0.1/bin/java -jar /lab/itti/projects/checkers-competition/server/referee.jar on run_17_bowenyua_vdhankar #####
INPUT for bowenyua:
GAME
WHITE
291.09
.b...b..
b.b...b.
.....b..
w.......
.w.b....
w.......
...b....
w.w...w.
##### Running: /usr/bin/time -o time_17_bowenyua_vdhankar.txt -f "%U" python3 homework.py > stulog.txt 2>&1 on bowenyua #####
##### SUCCESS: /usr/bin/time -o time_17_bowenyua_vdhankar.txt -f "%U" python3 homework.py > stulog.txt 2>&1 on bowenyua #####
##### bowenyua plays [J c1 e3 ; J e3 c5] in 0.27s #####
##### Running: /usr/lib/jvm/jdk-14.0.1/bin/java -jar /lab/itti/projects/checkers-competition/server/referee.jar on run_17_bowenyua_vdhankar #####
Move is valid
##### SUCCESS: /usr/lib/jvm/jdk-14.0.1/bin/java -jar /lab/itti/projects/checkers-competition/server/referee.jar on run_17_bowenyua_vdhankar #####
INPUT for vdhankar:
GAME
BLACK
251.80294752121
.b...b..
b.b...b.
.....b..
w.w.....
.w......
w.......
........
w.....w.
##### Running: /usr/bin/time -o time_17_bowenyua_vdhankar.txt -f "%U" python3 homework.py > stulog.txt 2>&1 on vdhankar #####
child exited with value 1
##### ERROR: /usr/bin/time -o time_17_bowenyua_vdhankar.txt -f "%U" python3 homework.py > stulog.txt 2>&1 on vdhankar #####
##### Output of failed program (stdout + stderr): #####
Traceback (most recent call last):
  File "homework.py", line 546, in <module>
    print(end-start)
NameError: name 'end' is not defined
##### End of output of failed program #####
##### vdhankar plays [E f6 e5] in 3.6648850440979s #####
##### Running: /usr/lib/jvm/jdk-14.0.1/bin/java -jar /lab/itti/projects/checkers-competition/server/referee.jar on run_17_bowenyua_vdhankar #####
Move is valid
##### SUCCESS: /usr/lib/jvm/jdk-14.0.1/bin/java -jar /lab/itti/projects/checkers-competition/server/referee.jar on run_17_bowenyua_vdhankar #####
INPUT for bowenyua:
GAME
WHITE
290.82
.b...b..
b.b...b.
........
w.w.b...
.w......
w.......
........
w.....w.
##### Running: /usr/bin/time -o time_17_bowenyua_vdhankar.txt -f "%U" python3 homework.py > stulog.txt 2>&1 on bowenyua #####
##### SUCCESS: /usr/bin/time -o time_17_bowenyua_vdhankar.txt -f "%U" python3 homework.py > stulog.txt 2>&1 on bowenyua #####
##### bowenyua plays [E a1 b2] in 1.14s #####
##### Running: /usr/lib/jvm/jdk-14.0.1/bin/java -jar /lab/itti/projects/checkers-competition/server/referee.jar on run_17_bowenyua_vdhankar #####
Move is valid
##### SUCCESS: /usr/lib/jvm/jdk-14.0.1/bin/java -jar /lab/itti/projects/checkers-competition/server/referee.jar on run_17_bowenyua_vdhankar #####
INPUT for vdhankar:
GAME
BLACK
248.138062477112
.b...b..
b.b...b.
........
w.w.b...
.w......
w.......
.w......
......w.
##### Running: /usr/bin/time -o time_17_bowenyua_vdhankar.txt -f "%U" python3 homework.py > stulog.txt 2>&1 on vdhankar #####
child exited with value 1
##### ERROR: /usr/bin/time -o time_17_bowenyua_vdhankar.txt -f "%U" python3 homework.py > stulog.txt 2>&1 on vdhankar #####
##### Output of failed program (stdout + stderr): #####
Traceback (most recent call last):
  File "homework.py", line 546, in <module>
    print(end-start)
NameError: name 'end' is not defined
##### End of output of failed program #####
##### vdhankar plays [E g7 h6] in 2.94775009155273s #####
##### Running: /usr/lib/jvm/jdk-14.0.1/bin/java -jar /lab/itti/projects/checkers-competition/server/referee.jar on run_17_bowenyua_vdhankar #####
Move is valid
##### SUCCESS: /usr/lib/jvm/jdk-14.0.1/bin/java -jar /lab/itti/projects/checkers-competition/server/referee.jar on run_17_bowenyua_vdhankar #####
INPUT for bowenyua:
GAME
WHITE
289.68
.b...b..
b.b.....
.......b
w.w.b...
.w......
w.......
.w......
......w.
##### Running: /usr/bin/time -o time_17_bowenyua_vdhankar.txt -f "%U" python3 homework.py > stulog.txt 2>&1 on bowenyua #####
##### SUCCESS: /usr/bin/time -o time_17_bowenyua_vdhankar.txt -f "%U" python3 homework.py > stulog.txt 2>&1 on bowenyua #####
##### bowenyua plays [E b2 c3] in 1.07s #####
##### Running: /usr/lib/jvm/jdk-14.0.1/bin/java -jar /lab/itti/projects/checkers-competition/server/referee.jar on run_17_bowenyua_vdhankar #####
Move is valid
##### SUCCESS: /usr/lib/jvm/jdk-14.0.1/bin/java -jar /lab/itti/projects/checkers-competition/server/referee.jar on run_17_bowenyua_vdhankar #####
INPUT for vdhankar:
GAME
BLACK
245.190312385559
.b...b..
b.b.....
.......b
w.w.b...
.w......
w.w.....
........
......w.
##### Running: /usr/bin/time -o time_17_bowenyua_vdhankar.txt -f "%U" python3 homework.py > stulog.txt 2>&1 on vdhankar #####
child exited with value 1
##### ERROR: /usr/bin/time -o time_17_bowenyua_vdhankar.txt -f "%U" python3 homework.py > stulog.txt 2>&1 on vdhankar #####
##### Output of failed program (stdout + stderr): #####
Traceback (most recent call last):
  File "homework.py", line 546, in <module>
    print(end-start)
NameError: name 'end' is not defined
##### End of output of failed program #####
##### vdhankar plays [E e5 f4] in 1.88877415657043s #####
##### Running: /usr/lib/jvm/jdk-14.0.1/bin/java -jar /lab/itti/projects/checkers-competition/server/referee.jar on run_17_bowenyua_vdhankar #####
Move is valid
##### SUCCESS: /usr/lib/jvm/jdk-14.0.1/bin/java -jar /lab/itti/projects/checkers-competition/server/referee.jar on run_17_bowenyua_vdhankar #####
INPUT for bowenyua:
GAME
WHITE
288.61
.b...b..
b.b.....
.......b
w.w.....
.w...b..
w.w.....
........
......w.
##### Running: /usr/bin/time -o time_17_bowenyua_vdhankar.txt -f "%U" python3 homework.py > stulog.txt 2>&1 on bowenyua #####
##### SUCCESS: /usr/bin/time -o time_17_bowenyua_vdhankar.txt -f "%U" python3 homework.py > stulog.txt 2>&1 on bowenyua #####
##### bowenyua plays [E a5 b6] in 0.59s #####
##### Running: /usr/lib/jvm/jdk-14.0.1/bin/java -jar /lab/itti/projects/checkers-competition/server/referee.jar on run_17_bowenyua_vdhankar #####
Move is valid
##### SUCCESS: /usr/lib/jvm/jdk-14.0.1/bin/java -jar /lab/itti/projects/checkers-competition/server/referee.jar on run_17_bowenyua_vdhankar #####
INPUT for vdhankar:
GAME
BLACK
243.301538228989
.b...b..
b.b.....
.w.....b
..w.....
.w...b..
w.w.....
........
......w.
##### Running: /usr/bin/time -o time_17_bowenyua_vdhankar.txt -f "%U" python3 homework.py > stulog.txt 2>&1 on vdhankar #####
child exited with value 1
##### ERROR: /usr/bin/time -o time_17_bowenyua_vdhankar.txt -f "%U" python3 homework.py > stulog.txt 2>&1 on vdhankar #####
##### Output of failed program (stdout + stderr): #####
Traceback (most recent call last):
  File "homework.py", line 546, in <module>
    print(end-start)
NameError: name 'end' is not defined
##### End of output of failed program #####
##### vdhankar plays [J c7 a5] in 0.56966495513916s #####
##### Running: /usr/lib/jvm/jdk-14.0.1/bin/java -jar /lab/itti/projects/checkers-competition/server/referee.jar on run_17_bowenyua_vdhankar #####
Move is valid
##### SUCCESS: /usr/lib/jvm/jdk-14.0.1/bin/java -jar /lab/itti/projects/checkers-competition/server/referee.jar on run_17_bowenyua_vdhankar #####
INPUT for bowenyua:
GAME
WHITE
288.02
.b...b..
b.......
.......b
b.w.....
.w...b..
w.w.....
........
......w.
##### Running: /usr/bin/time -o time_17_bowenyua_vdhankar.txt -f "%U" python3 homework.py > stulog.txt 2>&1 on bowenyua #####
##### SUCCESS: /usr/bin/time -o time_17_bowenyua_vdhankar.txt -f "%U" python3 homework.py > stulog.txt 2>&1 on bowenyua #####
##### bowenyua plays [E c5 b6] in 0.67s #####
##### Running: /usr/lib/jvm/jdk-14.0.1/bin/java -jar /lab/itti/projects/checkers-competition/server/referee.jar on run_17_bowenyua_vdhankar #####
Move is valid
##### SUCCESS: /usr/lib/jvm/jdk-14.0.1/bin/java -jar /lab/itti/projects/checkers-competition/server/referee.jar on run_17_bowenyua_vdhankar #####
INPUT for vdhankar:
GAME
BLACK
242.731873273849
.b...b..
b.......
.w.....b
b.......
.w...b..
w.w.....
........
......w.
##### Running: /usr/bin/time -o time_17_bowenyua_vdhankar.txt -f "%U" python3 homework.py > stulog.txt 2>&1 on vdhankar #####
child exited with value 1
##### ERROR: /usr/bin/time -o time_17_bowenyua_vdhankar.txt -f "%U" python3 homework.py > stulog.txt 2>&1 on vdhankar #####
##### Output of failed program (stdout + stderr): #####
Traceback (most recent call last):
  File "homework.py", line 546, in <module>
    print(end-start)
NameError: name 'end' is not defined
##### End of output of failed program #####
##### vdhankar plays [J a7 c5] in 0.606749057769775s #####
##### Running: /usr/lib/jvm/jdk-14.0.1/bin/java -jar /lab/itti/projects/checkers-competition/server/referee.jar on run_17_bowenyua_vdhankar #####
Move is valid
##### SUCCESS: /usr/lib/jvm/jdk-14.0.1/bin/java -jar /lab/itti/projects/checkers-competition/server/referee.jar on run_17_bowenyua_vdhankar #####
INPUT for bowenyua:
GAME
WHITE
287.35
.b...b..
........
.......b
b.b.....
.w...b..
w.w.....
........
......w.
##### Running: /usr/bin/time -o time_17_bowenyua_vdhankar.txt -f "%U" python3 homework.py > stulog.txt 2>&1 on bowenyua #####
##### SUCCESS: /usr/bin/time -o time_17_bowenyua_vdhankar.txt -f "%U" python3 homework.py > stulog.txt 2>&1 on bowenyua #####
##### bowenyua plays [J b4 d6] in 0.72s #####
##### Running: /usr/lib/jvm/jdk-14.0.1/bin/java -jar /lab/itti/projects/checkers-competition/server/referee.jar on run_17_bowenyua_vdhankar #####
Move is valid
##### SUCCESS: /usr/lib/jvm/jdk-14.0.1/bin/java -jar /lab/itti/projects/checkers-competition/server/referee.jar on run_17_bowenyua_vdhankar #####
INPUT for vdhankar:
GAME
BLACK
242.12512421608
.b...b..
........
...w...b
b.......
.....b..
w.w.....
........
......w.
##### Running: /usr/bin/time -o time_17_bowenyua_vdhankar.txt -f "%U" python3 homework.py > stulog.txt 2>&1 on vdhankar #####
child exited with value 1
##### ERROR: /usr/bin/time -o time_17_bowenyua_vdhankar.txt -f "%U" python3 homework.py > stulog.txt 2>&1 on vdhankar #####
##### Output of failed program (stdout + stderr): #####
Traceback (most recent call last):
  File "homework.py", line 546, in <module>
    print(end-start)
NameError: name 'end' is not defined
##### End of output of failed program #####
##### vdhankar plays [E f4 e3] in 4.44733595848083s #####
##### Running: /usr/lib/jvm/jdk-14.0.1/bin/java -jar /lab/itti/projects/checkers-competition/server/referee.jar on run_17_bowenyua_vdhankar #####
Move is valid
##### SUCCESS: /usr/lib/jvm/jdk-14.0.1/bin/java -jar /lab/itti/projects/checkers-competition/server/referee.jar on run_17_bowenyua_vdhankar #####
INPUT for bowenyua:
GAME
WHITE
286.63
.b...b..
........
...w...b
b.......
........
w.w.b...
........
......w.
##### Running: /usr/bin/time -o time_17_bowenyua_vdhankar.txt -f "%U" python3 homework.py > stulog.txt 2>&1 on bowenyua #####
##### SUCCESS: /usr/bin/time -o time_17_bowenyua_vdhankar.txt -f "%U" python3 homework.py > stulog.txt 2>&1 on bowenyua #####
##### bowenyua plays [E d6 c7] in 1.33s #####
##### Running: /usr/lib/jvm/jdk-14.0.1/bin/java -jar /lab/itti/projects/checkers-competition/server/referee.jar on run_17_bowenyua_vdhankar #####
Move is valid
##### SUCCESS: /usr/lib/jvm/jdk-14.0.1/bin/java -jar /lab/itti/projects/checkers-competition/server/referee.jar on run_17_bowenyua_vdhankar #####
INPUT for vdhankar:
GAME
BLACK
237.677788257599
.b...b..
..w.....
.......b
b.......
........
w.w.b...
........
......w.
##### Running: /usr/bin/time -o time_17_bowenyua_vdhankar.txt -f "%U" python3 homework.py > stulog.txt 2>&1 on vdhankar #####
child exited with value 1
##### ERROR: /usr/bin/time -o time_17_bowenyua_vdhankar.txt -f "%U" python3 homework.py > stulog.txt 2>&1 on vdhankar #####
##### Output of failed program (stdout + stderr): #####
Traceback (most recent call last):
  File "homework.py", line 546, in <module>
    print(end-start)
NameError: name 'end' is not defined
##### End of output of failed program #####
##### vdhankar plays [J b8 d6] in 0.606242895126343s #####
##### Running: /usr/lib/jvm/jdk-14.0.1/bin/java -jar /lab/itti/projects/checkers-competition/server/referee.jar on run_17_bowenyua_vdhankar #####
Move is valid
##### SUCCESS: /usr/lib/jvm/jdk-14.0.1/bin/java -jar /lab/itti/projects/checkers-competition/server/referee.jar on run_17_bowenyua_vdhankar #####
INPUT for bowenyua:
GAME
WHITE
285.3
.....b..
........
...b...b
b.......
........
w.w.b...
........
......w.
##### Running: /usr/bin/time -o time_17_bowenyua_vdhankar.txt -f "%U" python3 homework.py > stulog.txt 2>&1 on bowenyua #####
##### SUCCESS: /usr/bin/time -o time_17_bowenyua_vdhankar.txt -f "%U" python3 homework.py > stulog.txt 2>&1 on bowenyua #####
##### bowenyua plays [E a3 b4] in 0.65s #####
##### Running: /usr/lib/jvm/jdk-14.0.1/bin/java -jar /lab/itti/projects/checkers-competition/server/referee.jar on run_17_bowenyua_vdhankar #####
Move is valid
##### SUCCESS: /usr/lib/jvm/jdk-14.0.1/bin/java -jar /lab/itti/projects/checkers-competition/server/referee.jar on run_17_bowenyua_vdhankar #####
INPUT for vdhankar:
GAME
BLACK
237.071545362473
.....b..
........
...b...b
b.......
.w......
..w.b...
........
......w.
##### Running: /usr/bin/time -o time_17_bowenyua_vdhankar.txt -f "%U" python3 homework.py > stulog.txt 2>&1 on vdhankar #####
child exited with value 1
##### ERROR: /usr/bin/time -o time_17_bowenyua_vdhankar.txt -f "%U" python3 homework.py > stulog.txt 2>&1 on vdhankar #####
##### Output of failed program (stdout + stderr): #####
Traceback (most recent call last):
  File "homework.py", line 546, in <module>
    print(end-start)
NameError: name 'end' is not defined
##### End of output of failed program #####
##### vdhankar plays [E h6 g5] in 1.06199216842651s #####
##### Running: /usr/lib/jvm/jdk-14.0.1/bin/java -jar /lab/itti/projects/checkers-competition/server/referee.jar on run_17_bowenyua_vdhankar #####
Move is valid
##### SUCCESS: /usr/lib/jvm/jdk-14.0.1/bin/java -jar /lab/itti/projects/checkers-competition/server/referee.jar on run_17_bowenyua_vdhankar #####
INPUT for bowenyua:
GAME
WHITE
284.65
.....b..
........
...b....
b.....b.
.w......
..w.b...
........
......w.
##### Running: /usr/bin/time -o time_17_bowenyua_vdhankar.txt -f "%U" python3 homework.py > stulog.txt 2>&1 on bowenyua #####
##### SUCCESS: /usr/bin/time -o time_17_bowenyua_vdhankar.txt -f "%U" python3 homework.py > stulog.txt 2>&1 on bowenyua #####
##### bowenyua plays [E c3 d4] in 0.29s #####
##### Running: /usr/lib/jvm/jdk-14.0.1/bin/java -jar /lab/itti/projects/checkers-competition/server/referee.jar on run_17_bowenyua_vdhankar #####
Move is valid
##### SUCCESS: /usr/lib/jvm/jdk-14.0.1/bin/java -jar /lab/itti/projects/checkers-competition/server/referee.jar on run_17_bowenyua_vdhankar #####
INPUT for vdhankar:
GAME
BLACK
236.009553194046
.....b..
........
...b....
b.....b.
.w.w....
....b...
........
......w.
##### Running: /usr/bin/time -o time_17_bowenyua_vdhankar.txt -f "%U" python3 homework.py > stulog.txt 2>&1 on vdhankar #####
child exited with value 1
##### ERROR: /usr/bin/time -o time_17_bowenyua_vdhankar.txt -f "%U" python3 homework.py > stulog.txt 2>&1 on vdhankar #####
##### Output of failed program (stdout + stderr): #####
Traceback (most recent call last):
  File "homework.py", line 546, in <module>
    print(end-start)
NameError: name 'end' is not defined
##### End of output of failed program #####
##### vdhankar plays [J a5 c3] in 0.323370933532715s #####
##### Running: /usr/lib/jvm/jdk-14.0.1/bin/java -jar /lab/itti/projects/checkers-competition/server/referee.jar on run_17_bowenyua_vdhankar #####
Move is valid
##### SUCCESS: /usr/lib/jvm/jdk-14.0.1/bin/java -jar /lab/itti/projects/checkers-competition/server/referee.jar on run_17_bowenyua_vdhankar #####
INPUT for bowenyua:
GAME
WHITE
284.36
.....b..
........
...b....
......b.
...w....
..b.b...
........
......w.
##### Running: /usr/bin/time -o time_17_bowenyua_vdhankar.txt -f "%U" python3 homework.py > stulog.txt 2>&1 on bowenyua #####
##### SUCCESS: /usr/bin/time -o time_17_bowenyua_vdhankar.txt -f "%U" python3 homework.py > stulog.txt 2>&1 on bowenyua #####
##### bowenyua plays [E d4 c5] in 0.34s #####
##### Running: /usr/lib/jvm/jdk-14.0.1/bin/java -jar /lab/itti/projects/checkers-competition/server/referee.jar on run_17_bowenyua_vdhankar #####
Move is valid
##### SUCCESS: /usr/lib/jvm/jdk-14.0.1/bin/java -jar /lab/itti/projects/checkers-competition/server/referee.jar on run_17_bowenyua_vdhankar #####
INPUT for vdhankar:
GAME
BLACK
235.686182260513
.....b..
........
...b....
..w...b.
........
..b.b...
........
......w.
##### Running: /usr/bin/time -o time_17_bowenyua_vdhankar.txt -f "%U" python3 homework.py > stulog.txt 2>&1 on vdhankar #####
child exited with value 1
##### ERROR: /usr/bin/time -o time_17_bowenyua_vdhankar.txt -f "%U" python3 homework.py > stulog.txt 2>&1 on vdhankar #####
##### Output of failed program (stdout + stderr): #####
Traceback (most recent call last):
  File "homework.py", line 546, in <module>
    print(end-start)
NameError: name 'end' is not defined
##### End of output of failed program #####
##### vdhankar plays [J d6 b4] in 0.231584072113037s #####
##### Running: /usr/lib/jvm/jdk-14.0.1/bin/java -jar /lab/itti/projects/checkers-competition/server/referee.jar on run_17_bowenyua_vdhankar #####
Move is valid
##### SUCCESS: /usr/lib/jvm/jdk-14.0.1/bin/java -jar /lab/itti/projects/checkers-competition/server/referee.jar on run_17_bowenyua_vdhankar #####
INPUT for bowenyua:
GAME
WHITE
284.02
.....b..
........
........
......b.
.b......
..b.b...
........
......w.
##### Running: /usr/bin/time -o time_17_bowenyua_vdhankar.txt -f "%U" python3 homework.py > stulog.txt 2>&1 on bowenyua #####
##### SUCCESS: /usr/bin/time -o time_17_bowenyua_vdhankar.txt -f "%U" python3 homework.py > stulog.txt 2>&1 on bowenyua #####
##### bowenyua plays [E g1 f2] in 0.1s #####
##### Running: /usr/lib/jvm/jdk-14.0.1/bin/java -jar /lab/itti/projects/checkers-competition/server/referee.jar on run_17_bowenyua_vdhankar #####
Move is valid
##### SUCCESS: /usr/lib/jvm/jdk-14.0.1/bin/java -jar /lab/itti/projects/checkers-competition/server/referee.jar on run_17_bowenyua_vdhankar #####
INPUT for vdhankar:
GAME
BLACK
235.4545981884
.....b..
........
........
......b.
.b......
..b.b...
.....w..
........
##### Running: /usr/bin/time -o time_17_bowenyua_vdhankar.txt -f "%U" python3 homework.py > stulog.txt 2>&1 on vdhankar #####
child exited with value 1
##### ERROR: /usr/bin/time -o time_17_bowenyua_vdhankar.txt -f "%U" python3 homework.py > stulog.txt 2>&1 on vdhankar #####
##### Output of failed program (stdout + stderr): #####
Traceback (most recent call last):
  File "homework.py", line 546, in <module>
    print(end-start)
NameError: name 'end' is not defined
##### End of output of failed program #####
##### vdhankar plays [J e3 g1] in 0.219972848892212s #####
##### Running: /usr/lib/jvm/jdk-14.0.1/bin/java -jar /lab/itti/projects/checkers-competition/server/referee.jar on run_17_bowenyua_vdhankar #####
Move is valid
After this move, player WHITE cannot make any moves
*** Winner: BLACK ***
##### SUCCESS: /usr/lib/jvm/jdk-14.0.1/bin/java -jar /lab/itti/projects/checkers-competition/server/referee.jar on run_17_bowenyua_vdhankar #####
##### GAME OVER: vdhankar wins the game! #####
Server said: WIN
########## ROUND 17 GAMESCORE AFTER GAME 4: bowenyua=0 and vdhankar=4 ##########


########## GRAND WINNER ROUND 17 IS vdhankar BY 4 vs 0 GAMESCORE ##########
