#################### ROUND 20: kojoseph (W) vs vdhankar (B): game 1 ####################
##### game start! #####
INPUT for vdhankar:
GAME
BLACK
300
.b.b.b.b
b.b.b.b.
.b.b.b.b
........
........
w.w.w.w.
.w.w.w.w
w.w.w.w.
##### Running: /usr/bin/time -o time_20_kojoseph_vdhankar.txt -f "%U" python3 homework.py > stulog.txt 2>&1 on vdhankar #####
child exited with value 1
##### ERROR: /usr/bin/time -o time_20_kojoseph_vdhankar.txt -f "%U" python3 homework.py > stulog.txt 2>&1 on vdhankar #####
##### Output of failed program (stdout + stderr): #####
Traceback (most recent call last):
  File "homework.py", line 546, in <module>
    print(end-start)
NameError: name 'end' is not defined
##### End of output of failed program #####
##### vdhankar plays [E h6 g5] in 10.7177429199219s #####
##### Running: /usr/lib/jvm/jdk-14.0.1/bin/java -jar /lab/itti/projects/checkers-competition/server/referee.jar on run_20_kojoseph_vdhankar #####
Move is valid
Couldn't read file 'current_ply.txt'
Couldn't read content from file 'current_ply.txt'
Couldn't read file 'lastmatchange_ply.txt'
Couldn't read content from file 'lastmatchange_ply.txt'
##### SUCCESS: /usr/lib/jvm/jdk-14.0.1/bin/java -jar /lab/itti/projects/checkers-competition/server/referee.jar on run_20_kojoseph_vdhankar #####
INPUT for kojoseph:
GAME
WHITE
300
.b.b.b.b
b.b.b.b.
.b.b.b..
......b.
........
w.w.w.w.
.w.w.w.w
w.w.w.w.
##### Running: /usr/bin/time -o time_20_kojoseph_vdhankar.txt -f "%U" python3 homework.py > stulog.txt 2>&1 on kojoseph #####
##### SUCCESS: /usr/bin/time -o time_20_kojoseph_vdhankar.txt -f "%U" python3 homework.py > stulog.txt 2>&1 on kojoseph #####
##### kojoseph plays [E g3 h4] in 0.06s #####
##### Running: /usr/lib/jvm/jdk-14.0.1/bin/java -jar /lab/itti/projects/checkers-competition/server/referee.jar on run_20_kojoseph_vdhankar #####
Move is valid
##### SUCCESS: /usr/lib/jvm/jdk-14.0.1/bin/java -jar /lab/itti/projects/checkers-competition/server/referee.jar on run_20_kojoseph_vdhankar #####
INPUT for vdhankar:
GAME
BLACK
289.282257080078
.b.b.b.b
b.b.b.b.
.b.b.b..
......b.
.......w
w.w.w...
.w.w.w.w
w.w.w.w.
##### Running: /usr/bin/time -o time_20_kojoseph_vdhankar.txt -f "%U" python3 homework.py > stulog.txt 2>&1 on vdhankar #####
child exited with value 1
##### ERROR: /usr/bin/time -o time_20_kojoseph_vdhankar.txt -f "%U" python3 homework.py > stulog.txt 2>&1 on vdhankar #####
##### Output of failed program (stdout + stderr): #####
Traceback (most recent call last):
  File "homework.py", line 546, in <module>
    print(end-start)
NameError: name 'end' is not defined
##### End of output of failed program #####
##### vdhankar plays [E f6 e5] in 12.2938559055328s #####
##### Running: /usr/lib/jvm/jdk-14.0.1/bin/java -jar /lab/itti/projects/checkers-competition/server/referee.jar on run_20_kojoseph_vdhankar #####
Move is valid
##### SUCCESS: /usr/lib/jvm/jdk-14.0.1/bin/java -jar /lab/itti/projects/checkers-competition/server/referee.jar on run_20_kojoseph_vdhankar #####
INPUT for kojoseph:
GAME
WHITE
299.94
.b.b.b.b
b.b.b.b.
.b.b....
....b.b.
.......w
w.w.w...
.w.w.w.w
w.w.w.w.
##### Running: /usr/bin/time -o time_20_kojoseph_vdhankar.txt -f "%U" python3 homework.py > stulog.txt 2>&1 on kojoseph #####
##### SUCCESS: /usr/bin/time -o time_20_kojoseph_vdhankar.txt -f "%U" python3 homework.py > stulog.txt 2>&1 on kojoseph #####
##### kojoseph plays [J h4 f6] in 0.06s #####
##### Running: /usr/lib/jvm/jdk-14.0.1/bin/java -jar /lab/itti/projects/checkers-competition/server/referee.jar on run_20_kojoseph_vdhankar #####
Move is valid
##### SUCCESS: /usr/lib/jvm/jdk-14.0.1/bin/java -jar /lab/itti/projects/checkers-competition/server/referee.jar on run_20_kojoseph_vdhankar #####
INPUT for vdhankar:
GAME
BLACK
276.988401174545
.b.b.b.b
b.b.b.b.
.b.b.w..
....b...
........
w.w.w...
.w.w.w.w
w.w.w.w.
##### Running: /usr/bin/time -o time_20_kojoseph_vdhankar.txt -f "%U" python3 homework.py > stulog.txt 2>&1 on vdhankar #####
child exited with value 1
##### ERROR: /usr/bin/time -o time_20_kojoseph_vdhankar.txt -f "%U" python3 homework.py > stulog.txt 2>&1 on vdhankar #####
##### Output of failed program (stdout + stderr): #####
Traceback (most recent call last):
  File "homework.py", line 546, in <module>
    print(end-start)
NameError: name 'end' is not defined
##### End of output of failed program #####
##### vdhankar plays [J e7 g5] in 8.48489594459534s #####
##### Running: /usr/lib/jvm/jdk-14.0.1/bin/java -jar /lab/itti/projects/checkers-competition/server/referee.jar on run_20_kojoseph_vdhankar #####
Move is valid
##### SUCCESS: /usr/lib/jvm/jdk-14.0.1/bin/java -jar /lab/itti/projects/checkers-competition/server/referee.jar on run_20_kojoseph_vdhankar #####
INPUT for kojoseph:
GAME
WHITE
299.88
.b.b.b.b
b.b...b.
.b.b....
....b.b.
........
w.w.w...
.w.w.w.w
w.w.w.w.
##### Running: /usr/bin/time -o time_20_kojoseph_vdhankar.txt -f "%U" python3 homework.py > stulog.txt 2>&1 on kojoseph #####
##### SUCCESS: /usr/bin/time -o time_20_kojoseph_vdhankar.txt -f "%U" python3 homework.py > stulog.txt 2>&1 on kojoseph #####
##### kojoseph plays [E f2 g3] in 0.06s #####
##### Running: /usr/lib/jvm/jdk-14.0.1/bin/java -jar /lab/itti/projects/checkers-competition/server/referee.jar on run_20_kojoseph_vdhankar #####
Move is valid
##### SUCCESS: /usr/lib/jvm/jdk-14.0.1/bin/java -jar /lab/itti/projects/checkers-competition/server/referee.jar on run_20_kojoseph_vdhankar #####
INPUT for vdhankar:
GAME
BLACK
268.50350522995
.b.b.b.b
b.b...b.
.b.b....
....b.b.
........
w.w.w.w.
.w.w...w
w.w.w.w.
##### Running: /usr/bin/time -o time_20_kojoseph_vdhankar.txt -f "%U" python3 homework.py > stulog.txt 2>&1 on vdhankar #####
child exited with value 1
##### ERROR: /usr/bin/time -o time_20_kojoseph_vdhankar.txt -f "%U" python3 homework.py > stulog.txt 2>&1 on vdhankar #####
##### Output of failed program (stdout + stderr): #####
Traceback (most recent call last):
  File "homework.py", line 546, in <module>
    print(end-start)
NameError: name 'end' is not defined
##### End of output of failed program #####
##### vdhankar plays [E e5 f4] in 20.1070590019226s #####
##### Running: /usr/lib/jvm/jdk-14.0.1/bin/java -jar /lab/itti/projects/checkers-competition/server/referee.jar on run_20_kojoseph_vdhankar #####
Move is valid
##### SUCCESS: /usr/lib/jvm/jdk-14.0.1/bin/java -jar /lab/itti/projects/checkers-competition/server/referee.jar on run_20_kojoseph_vdhankar #####
INPUT for kojoseph:
GAME
WHITE
299.82
.b.b.b.b
b.b...b.
.b.b....
......b.
.....b..
w.w.w.w.
.w.w...w
w.w.w.w.
##### Running: /usr/bin/time -o time_20_kojoseph_vdhankar.txt -f "%U" python3 homework.py > stulog.txt 2>&1 on kojoseph #####
##### SUCCESS: /usr/bin/time -o time_20_kojoseph_vdhankar.txt -f "%U" python3 homework.py > stulog.txt 2>&1 on kojoseph #####
##### kojoseph plays [J g3 e5] in 0.06s #####
##### Running: /usr/lib/jvm/jdk-14.0.1/bin/java -jar /lab/itti/projects/checkers-competition/server/referee.jar on run_20_kojoseph_vdhankar #####
Move is valid
##### SUCCESS: /usr/lib/jvm/jdk-14.0.1/bin/java -jar /lab/itti/projects/checkers-competition/server/referee.jar on run_20_kojoseph_vdhankar #####
INPUT for vdhankar:
GAME
BLACK
248.396446228027
.b.b.b.b
b.b...b.
.b.b....
....w.b.
........
w.w.w...
.w.w...w
w.w.w.w.
##### Running: /usr/bin/time -o time_20_kojoseph_vdhankar.txt -f "%U" python3 homework.py > stulog.txt 2>&1 on vdhankar #####
child exited with value 1
##### ERROR: /usr/bin/time -o time_20_kojoseph_vdhankar.txt -f "%U" python3 homework.py > stulog.txt 2>&1 on vdhankar #####
##### Output of failed program (stdout + stderr): #####
Traceback (most recent call last):
  File "homework.py", line 546, in <module>
    print(end-start)
NameError: name 'end' is not defined
##### End of output of failed program #####
##### vdhankar plays [J d6 f4] in 8.6788911819458s #####
##### Running: /usr/lib/jvm/jdk-14.0.1/bin/java -jar /lab/itti/projects/checkers-competition/server/referee.jar on run_20_kojoseph_vdhankar #####
Move is valid
##### SUCCESS: /usr/lib/jvm/jdk-14.0.1/bin/java -jar /lab/itti/projects/checkers-competition/server/referee.jar on run_20_kojoseph_vdhankar #####
INPUT for kojoseph:
GAME
WHITE
299.76
.b.b.b.b
b.b...b.
.b......
......b.
.....b..
w.w.w...
.w.w...w
w.w.w.w.
##### Running: /usr/bin/time -o time_20_kojoseph_vdhankar.txt -f "%U" python3 homework.py > stulog.txt 2>&1 on kojoseph #####
##### SUCCESS: /usr/bin/time -o time_20_kojoseph_vdhankar.txt -f "%U" python3 homework.py > stulog.txt 2>&1 on kojoseph #####
##### kojoseph plays [E g1 f2] in 7.49s #####
##### Running: /usr/lib/jvm/jdk-14.0.1/bin/java -jar /lab/itti/projects/checkers-competition/server/referee.jar on run_20_kojoseph_vdhankar #####
Move is valid
##### SUCCESS: /usr/lib/jvm/jdk-14.0.1/bin/java -jar /lab/itti/projects/checkers-competition/server/referee.jar on run_20_kojoseph_vdhankar #####
INPUT for vdhankar:
GAME
BLACK
239.717555046082
.b.b.b.b
b.b...b.
.b......
......b.
.....b..
w.w.w...
.w.w.w.w
w.w.w...
##### Running: /usr/bin/time -o time_20_kojoseph_vdhankar.txt -f "%U" python3 homework.py > stulog.txt 2>&1 on vdhankar #####
child exited with value 1
##### ERROR: /usr/bin/time -o time_20_kojoseph_vdhankar.txt -f "%U" python3 homework.py > stulog.txt 2>&1 on vdhankar #####
##### Output of failed program (stdout + stderr): #####
Traceback (most recent call last):
  File "homework.py", line 546, in <module>
    print(end-start)
NameError: name 'end' is not defined
##### End of output of failed program #####
##### vdhankar plays [E g5 h4] in 15.9372551441193s #####
##### Running: /usr/lib/jvm/jdk-14.0.1/bin/java -jar /lab/itti/projects/checkers-competition/server/referee.jar on run_20_kojoseph_vdhankar #####
Move is valid
##### SUCCESS: /usr/lib/jvm/jdk-14.0.1/bin/java -jar /lab/itti/projects/checkers-competition/server/referee.jar on run_20_kojoseph_vdhankar #####
INPUT for kojoseph:
GAME
WHITE
292.27
.b.b.b.b
b.b...b.
.b......
........
.....b.b
w.w.w...
.w.w.w.w
w.w.w...
##### Running: /usr/bin/time -o time_20_kojoseph_vdhankar.txt -f "%U" python3 homework.py > stulog.txt 2>&1 on kojoseph #####
##### SUCCESS: /usr/bin/time -o time_20_kojoseph_vdhankar.txt -f "%U" python3 homework.py > stulog.txt 2>&1 on kojoseph #####
##### kojoseph plays [J e3 g5] in 1.55s #####
##### Running: /usr/lib/jvm/jdk-14.0.1/bin/java -jar /lab/itti/projects/checkers-competition/server/referee.jar on run_20_kojoseph_vdhankar #####
Move is valid
##### SUCCESS: /usr/lib/jvm/jdk-14.0.1/bin/java -jar /lab/itti/projects/checkers-competition/server/referee.jar on run_20_kojoseph_vdhankar #####
INPUT for vdhankar:
GAME
BLACK
223.780299901962
.b.b.b.b
b.b...b.
.b......
......w.
.......b
w.w.....
.w.w.w.w
w.w.w...
##### Running: /usr/bin/time -o time_20_kojoseph_vdhankar.txt -f "%U" python3 homework.py > stulog.txt 2>&1 on vdhankar #####
child exited with value 1
##### ERROR: /usr/bin/time -o time_20_kojoseph_vdhankar.txt -f "%U" python3 homework.py > stulog.txt 2>&1 on vdhankar #####
##### Output of failed program (stdout + stderr): #####
Traceback (most recent call last):
  File "homework.py", line 546, in <module>
    print(end-start)
NameError: name 'end' is not defined
##### End of output of failed program #####
##### vdhankar plays [E b6 c5] in 58.4127838611603s #####
##### Running: /usr/lib/jvm/jdk-14.0.1/bin/java -jar /lab/itti/projects/checkers-competition/server/referee.jar on run_20_kojoseph_vdhankar #####
Move is valid
##### SUCCESS: /usr/lib/jvm/jdk-14.0.1/bin/java -jar /lab/itti/projects/checkers-competition/server/referee.jar on run_20_kojoseph_vdhankar #####
INPUT for kojoseph:
GAME
WHITE
290.72
.b.b.b.b
b.b...b.
........
..b...w.
.......b
w.w.....
.w.w.w.w
w.w.w...
##### Running: /usr/bin/time -o time_20_kojoseph_vdhankar.txt -f "%U" python3 homework.py > stulog.txt 2>&1 on kojoseph #####
##### SUCCESS: /usr/bin/time -o time_20_kojoseph_vdhankar.txt -f "%U" python3 homework.py > stulog.txt 2>&1 on kojoseph #####
##### kojoseph plays [E f2 g3] in 2.19s #####
##### Running: /usr/lib/jvm/jdk-14.0.1/bin/java -jar /lab/itti/projects/checkers-competition/server/referee.jar on run_20_kojoseph_vdhankar #####
Move is valid
##### SUCCESS: /usr/lib/jvm/jdk-14.0.1/bin/java -jar /lab/itti/projects/checkers-competition/server/referee.jar on run_20_kojoseph_vdhankar #####
INPUT for vdhankar:
GAME
BLACK
165.367516040802
.b.b.b.b
b.b...b.
........
..b...w.
.......b
w.w...w.
.w.w...w
w.w.w...
##### Running: /usr/bin/time -o time_20_kojoseph_vdhankar.txt -f "%U" python3 homework.py > stulog.txt 2>&1 on vdhankar #####
child exited with value 1
##### ERROR: /usr/bin/time -o time_20_kojoseph_vdhankar.txt -f "%U" python3 homework.py > stulog.txt 2>&1 on vdhankar #####
##### Output of failed program (stdout + stderr): #####
Traceback (most recent call last):
  File "homework.py", line 546, in <module>
    print(end-start)
NameError: name 'end' is not defined
##### End of output of failed program #####
##### vdhankar plays [J h4 f2] in 2.06250715255737s #####
##### Running: /usr/lib/jvm/jdk-14.0.1/bin/java -jar /lab/itti/projects/checkers-competition/server/referee.jar on run_20_kojoseph_vdhankar #####
Move is valid
##### SUCCESS: /usr/lib/jvm/jdk-14.0.1/bin/java -jar /lab/itti/projects/checkers-competition/server/referee.jar on run_20_kojoseph_vdhankar #####
INPUT for kojoseph:
GAME
WHITE
288.53
.b.b.b.b
b.b...b.
........
..b...w.
........
w.w.....
.w.w.b.w
w.w.w...
##### Running: /usr/bin/time -o time_20_kojoseph_vdhankar.txt -f "%U" python3 homework.py > stulog.txt 2>&1 on kojoseph #####
##### SUCCESS: /usr/bin/time -o time_20_kojoseph_vdhankar.txt -f "%U" python3 homework.py > stulog.txt 2>&1 on kojoseph #####
##### kojoseph plays [J e1 g3] in 0.38s #####
##### Running: /usr/lib/jvm/jdk-14.0.1/bin/java -jar /lab/itti/projects/checkers-competition/server/referee.jar on run_20_kojoseph_vdhankar #####
Move is valid
##### SUCCESS: /usr/lib/jvm/jdk-14.0.1/bin/java -jar /lab/itti/projects/checkers-competition/server/referee.jar on run_20_kojoseph_vdhankar #####
INPUT for vdhankar:
GAME
BLACK
163.305008888245
.b.b.b.b
b.b...b.
........
..b...w.
........
w.w...w.
.w.w...w
w.w.....
##### Running: /usr/bin/time -o time_20_kojoseph_vdhankar.txt -f "%U" python3 homework.py > stulog.txt 2>&1 on vdhankar #####
child exited with value 1
##### ERROR: /usr/bin/time -o time_20_kojoseph_vdhankar.txt -f "%U" python3 homework.py > stulog.txt 2>&1 on vdhankar #####
##### Output of failed program (stdout + stderr): #####
Traceback (most recent call last):
  File "homework.py", line 546, in <module>
    print(end-start)
NameError: name 'end' is not defined
##### End of output of failed program #####
##### vdhankar plays [E g7 f6] in 29.1027438640594s #####
##### Running: /usr/lib/jvm/jdk-14.0.1/bin/java -jar /lab/itti/projects/checkers-competition/server/referee.jar on run_20_kojoseph_vdhankar #####
Move is valid
##### SUCCESS: /usr/lib/jvm/jdk-14.0.1/bin/java -jar /lab/itti/projects/checkers-competition/server/referee.jar on run_20_kojoseph_vdhankar #####
INPUT for kojoseph:
GAME
WHITE
288.15
.b.b.b.b
b.b.....
.....b..
..b...w.
........
w.w...w.
.w.w...w
w.w.....
##### Running: /usr/bin/time -o time_20_kojoseph_vdhankar.txt -f "%U" python3 homework.py > stulog.txt 2>&1 on kojoseph #####
##### SUCCESS: /usr/bin/time -o time_20_kojoseph_vdhankar.txt -f "%U" python3 homework.py > stulog.txt 2>&1 on kojoseph #####
##### kojoseph plays [J g5 e7] in 0.22s #####
##### Running: /usr/lib/jvm/jdk-14.0.1/bin/java -jar /lab/itti/projects/checkers-competition/server/referee.jar on run_20_kojoseph_vdhankar #####
Move is valid
##### SUCCESS: /usr/lib/jvm/jdk-14.0.1/bin/java -jar /lab/itti/projects/checkers-competition/server/referee.jar on run_20_kojoseph_vdhankar #####
INPUT for vdhankar:
GAME
BLACK
134.202265024185
.b.b.b.b
b.b.w...
........
..b.....
........
w.w...w.
.w.w...w
w.w.....
##### Running: /usr/bin/time -o time_20_kojoseph_vdhankar.txt -f "%U" python3 homework.py > stulog.txt 2>&1 on vdhankar #####
child exited with value 1
##### ERROR: /usr/bin/time -o time_20_kojoseph_vdhankar.txt -f "%U" python3 homework.py > stulog.txt 2>&1 on vdhankar #####
##### Output of failed program (stdout + stderr): #####
Traceback (most recent call last):
  File "homework.py", line 546, in <module>
    print(end-start)
NameError: name 'end' is not defined
##### End of output of failed program #####
##### vdhankar plays [J f8 d6] in 12.4700109958649s #####
##### Running: /usr/lib/jvm/jdk-14.0.1/bin/java -jar /lab/itti/projects/checkers-competition/server/referee.jar on run_20_kojoseph_vdhankar #####
Move is valid
##### SUCCESS: /usr/lib/jvm/jdk-14.0.1/bin/java -jar /lab/itti/projects/checkers-competition/server/referee.jar on run_20_kojoseph_vdhankar #####
INPUT for kojoseph:
GAME
WHITE
287.93
.b.b...b
b.b.....
...b....
..b.....
........
w.w...w.
.w.w...w
w.w.....
##### Running: /usr/bin/time -o time_20_kojoseph_vdhankar.txt -f "%U" python3 homework.py > stulog.txt 2>&1 on kojoseph #####
##### SUCCESS: /usr/bin/time -o time_20_kojoseph_vdhankar.txt -f "%U" python3 homework.py > stulog.txt 2>&1 on kojoseph #####
##### kojoseph plays [E d2 e3] in 1.09s #####
##### Running: /usr/lib/jvm/jdk-14.0.1/bin/java -jar /lab/itti/projects/checkers-competition/server/referee.jar on run_20_kojoseph_vdhankar #####
Move is valid
##### SUCCESS: /usr/lib/jvm/jdk-14.0.1/bin/java -jar /lab/itti/projects/checkers-competition/server/referee.jar on run_20_kojoseph_vdhankar #####
INPUT for vdhankar:
GAME
BLACK
121.73225402832
.b.b...b
b.b.....
...b....
..b.....
........
w.w.w.w.
.w.....w
w.w.....
##### Running: /usr/bin/time -o time_20_kojoseph_vdhankar.txt -f "%U" python3 homework.py > stulog.txt 2>&1 on vdhankar #####
child exited with value 1
##### ERROR: /usr/bin/time -o time_20_kojoseph_vdhankar.txt -f "%U" python3 homework.py > stulog.txt 2>&1 on vdhankar #####
##### Output of failed program (stdout + stderr): #####
Traceback (most recent call last):
  File "homework.py", line 546, in <module>
    print(end-start)
NameError: name 'end' is not defined
##### End of output of failed program #####
##### vdhankar plays [E c7 b6] in 16.6899609565735s #####
##### Running: /usr/lib/jvm/jdk-14.0.1/bin/java -jar /lab/itti/projects/checkers-competition/server/referee.jar on run_20_kojoseph_vdhankar #####
Move is valid
##### SUCCESS: /usr/lib/jvm/jdk-14.0.1/bin/java -jar /lab/itti/projects/checkers-competition/server/referee.jar on run_20_kojoseph_vdhankar #####
INPUT for kojoseph:
GAME
WHITE
286.84
.b.b...b
b.......
.b.b....
..b.....
........
w.w.w.w.
.w.....w
w.w.....
##### Running: /usr/bin/time -o time_20_kojoseph_vdhankar.txt -f "%U" python3 homework.py > stulog.txt 2>&1 on kojoseph #####
##### SUCCESS: /usr/bin/time -o time_20_kojoseph_vdhankar.txt -f "%U" python3 homework.py > stulog.txt 2>&1 on kojoseph #####
##### kojoseph plays [E g3 f4] in 1.42s #####
##### Running: /usr/lib/jvm/jdk-14.0.1/bin/java -jar /lab/itti/projects/checkers-competition/server/referee.jar on run_20_kojoseph_vdhankar #####
Move is valid
##### SUCCESS: /usr/lib/jvm/jdk-14.0.1/bin/java -jar /lab/itti/projects/checkers-competition/server/referee.jar on run_20_kojoseph_vdhankar #####
INPUT for vdhankar:
GAME
BLACK
105.042293071747
.b.b...b
b.......
.b.b....
..b.....
.....w..
w.w.w...
.w.....w
w.w.....
##### Running: /usr/bin/time -o time_20_kojoseph_vdhankar.txt -f "%U" python3 homework.py > stulog.txt 2>&1 on vdhankar #####
child exited with value 1
##### ERROR: /usr/bin/time -o time_20_kojoseph_vdhankar.txt -f "%U" python3 homework.py > stulog.txt 2>&1 on vdhankar #####
##### Output of failed program (stdout + stderr): #####
Traceback (most recent call last):
  File "homework.py", line 546, in <module>
    print(end-start)
NameError: name 'end' is not defined
##### End of output of failed program #####
##### vdhankar plays [E b6 a5] in 12.3405690193176s #####
##### Running: /usr/lib/jvm/jdk-14.0.1/bin/java -jar /lab/itti/projects/checkers-competition/server/referee.jar on run_20_kojoseph_vdhankar #####
Move is valid
##### SUCCESS: /usr/lib/jvm/jdk-14.0.1/bin/java -jar /lab/itti/projects/checkers-competition/server/referee.jar on run_20_kojoseph_vdhankar #####
INPUT for kojoseph:
GAME
WHITE
285.42
.b.b...b
b.......
...b....
b.b.....
.....w..
w.w.w...
.w.....w
w.w.....
##### Running: /usr/bin/time -o time_20_kojoseph_vdhankar.txt -f "%U" python3 homework.py > stulog.txt 2>&1 on kojoseph #####
##### SUCCESS: /usr/bin/time -o time_20_kojoseph_vdhankar.txt -f "%U" python3 homework.py > stulog.txt 2>&1 on kojoseph #####
##### kojoseph plays [E c1 d2] in 0.98s #####
##### Running: /usr/lib/jvm/jdk-14.0.1/bin/java -jar /lab/itti/projects/checkers-competition/server/referee.jar on run_20_kojoseph_vdhankar #####
Move is valid
##### SUCCESS: /usr/lib/jvm/jdk-14.0.1/bin/java -jar /lab/itti/projects/checkers-competition/server/referee.jar on run_20_kojoseph_vdhankar #####
INPUT for vdhankar:
GAME
BLACK
92.7017240524292
.b.b...b
b.......
...b....
b.b.....
.....w..
w.w.w...
.w.w...w
w.......
##### Running: /usr/bin/time -o time_20_kojoseph_vdhankar.txt -f "%U" python3 homework.py > stulog.txt 2>&1 on vdhankar #####
child exited with value 1
##### ERROR: /usr/bin/time -o time_20_kojoseph_vdhankar.txt -f "%U" python3 homework.py > stulog.txt 2>&1 on vdhankar #####
##### Output of failed program (stdout + stderr): #####
Traceback (most recent call last):
  File "homework.py", line 546, in <module>
    print(end-start)
NameError: name 'end' is not defined
##### End of output of failed program #####
##### vdhankar plays [E d6 e5] in 10.9550230503082s #####
##### Running: /usr/lib/jvm/jdk-14.0.1/bin/java -jar /lab/itti/projects/checkers-competition/server/referee.jar on run_20_kojoseph_vdhankar #####
Move is valid
##### SUCCESS: /usr/lib/jvm/jdk-14.0.1/bin/java -jar /lab/itti/projects/checkers-competition/server/referee.jar on run_20_kojoseph_vdhankar #####
INPUT for kojoseph:
GAME
WHITE
284.44
.b.b...b
b.......
........
b.b.b...
.....w..
w.w.w...
.w.w...w
w.......
##### Running: /usr/bin/time -o time_20_kojoseph_vdhankar.txt -f "%U" python3 homework.py > stulog.txt 2>&1 on kojoseph #####
##### SUCCESS: /usr/bin/time -o time_20_kojoseph_vdhankar.txt -f "%U" python3 homework.py > stulog.txt 2>&1 on kojoseph #####
##### kojoseph plays [J f4 d6] in 0.48s #####
##### Running: /usr/lib/jvm/jdk-14.0.1/bin/java -jar /lab/itti/projects/checkers-competition/server/referee.jar on run_20_kojoseph_vdhankar #####
Move is valid
##### SUCCESS: /usr/lib/jvm/jdk-14.0.1/bin/java -jar /lab/itti/projects/checkers-competition/server/referee.jar on run_20_kojoseph_vdhankar #####
INPUT for vdhankar:
GAME
BLACK
81.746701002121
.b.b...b
b.......
...w....
b.b.....
........
w.w.w...
.w.w...w
w.......
##### Running: /usr/bin/time -o time_20_kojoseph_vdhankar.txt -f "%U" python3 homework.py > stulog.txt 2>&1 on vdhankar #####
child exited with value 1
##### ERROR: /usr/bin/time -o time_20_kojoseph_vdhankar.txt -f "%U" python3 homework.py > stulog.txt 2>&1 on vdhankar #####
##### Output of failed program (stdout + stderr): #####
Traceback (most recent call last):
  File "homework.py", line 546, in <module>
    print(end-start)
NameError: name 'end' is not defined
##### End of output of failed program #####
##### vdhankar plays [E h8 g7] in 7.46387100219727s #####
##### Running: /usr/lib/jvm/jdk-14.0.1/bin/java -jar /lab/itti/projects/checkers-competition/server/referee.jar on run_20_kojoseph_vdhankar #####
Move is valid
##### SUCCESS: /usr/lib/jvm/jdk-14.0.1/bin/java -jar /lab/itti/projects/checkers-competition/server/referee.jar on run_20_kojoseph_vdhankar #####
INPUT for kojoseph:
GAME
WHITE
283.96
.b.b....
b.....b.
...w....
b.b.....
........
w.w.w...
.w.w...w
w.......
##### Running: /usr/bin/time -o time_20_kojoseph_vdhankar.txt -f "%U" python3 homework.py > stulog.txt 2>&1 on kojoseph #####
##### SUCCESS: /usr/bin/time -o time_20_kojoseph_vdhankar.txt -f "%U" python3 homework.py > stulog.txt 2>&1 on kojoseph #####
##### kojoseph plays [E h2 g3] in 1.62s #####
##### Running: /usr/lib/jvm/jdk-14.0.1/bin/java -jar /lab/itti/projects/checkers-competition/server/referee.jar on run_20_kojoseph_vdhankar #####
Move is valid
##### SUCCESS: /usr/lib/jvm/jdk-14.0.1/bin/java -jar /lab/itti/projects/checkers-competition/server/referee.jar on run_20_kojoseph_vdhankar #####
INPUT for vdhankar:
GAME
BLACK
74.2828299999237
.b.b....
b.....b.
...w....
b.b.....
........
w.w.w.w.
.w.w....
w.......
##### Running: /usr/bin/time -o time_20_kojoseph_vdhankar.txt -f "%U" python3 homework.py > stulog.txt 2>&1 on vdhankar #####
child exited with value 1
##### ERROR: /usr/bin/time -o time_20_kojoseph_vdhankar.txt -f "%U" python3 homework.py > stulog.txt 2>&1 on vdhankar #####
##### Output of failed program (stdout + stderr): #####
Traceback (most recent call last):
  File "homework.py", line 546, in <module>
    print(end-start)
NameError: name 'end' is not defined
##### End of output of failed program #####
##### vdhankar plays [E g7 f6] in 10.5084810256958s #####
##### Running: /usr/lib/jvm/jdk-14.0.1/bin/java -jar /lab/itti/projects/checkers-competition/server/referee.jar on run_20_kojoseph_vdhankar #####
Move is valid
##### SUCCESS: /usr/lib/jvm/jdk-14.0.1/bin/java -jar /lab/itti/projects/checkers-competition/server/referee.jar on run_20_kojoseph_vdhankar #####
INPUT for kojoseph:
GAME
WHITE
282.34
.b.b....
b.......
...w.b..
b.b.....
........
w.w.w.w.
.w.w....
w.......
##### Running: /usr/bin/time -o time_20_kojoseph_vdhankar.txt -f "%U" python3 homework.py > stulog.txt 2>&1 on kojoseph #####
##### SUCCESS: /usr/bin/time -o time_20_kojoseph_vdhankar.txt -f "%U" python3 homework.py > stulog.txt 2>&1 on kojoseph #####
##### kojoseph plays [E g3 h4] in 3.15s #####
##### Running: /usr/lib/jvm/jdk-14.0.1/bin/java -jar /lab/itti/projects/checkers-competition/server/referee.jar on run_20_kojoseph_vdhankar #####
Move is valid
##### SUCCESS: /usr/lib/jvm/jdk-14.0.1/bin/java -jar /lab/itti/projects/checkers-competition/server/referee.jar on run_20_kojoseph_vdhankar #####
INPUT for vdhankar:
GAME
BLACK
63.7743489742279
.b.b....
b.......
...w.b..
b.b.....
.......w
w.w.w...
.w.w....
w.......
##### Running: /usr/bin/time -o time_20_kojoseph_vdhankar.txt -f "%U" python3 homework.py > stulog.txt 2>&1 on vdhankar #####
child exited with value 1
##### ERROR: /usr/bin/time -o time_20_kojoseph_vdhankar.txt -f "%U" python3 homework.py > stulog.txt 2>&1 on vdhankar #####
##### Output of failed program (stdout + stderr): #####
Traceback (most recent call last):
  File "homework.py", line 546, in <module>
    print(end-start)
NameError: name 'end' is not defined
##### End of output of failed program #####
##### vdhankar plays [E f6 e5] in 4.89466309547424s #####
##### Running: /usr/lib/jvm/jdk-14.0.1/bin/java -jar /lab/itti/projects/checkers-competition/server/referee.jar on run_20_kojoseph_vdhankar #####
Move is valid
##### SUCCESS: /usr/lib/jvm/jdk-14.0.1/bin/java -jar /lab/itti/projects/checkers-competition/server/referee.jar on run_20_kojoseph_vdhankar #####
INPUT for kojoseph:
GAME
WHITE
279.19
.b.b....
b.......
...w....
b.b.b...
.......w
w.w.w...
.w.w....
w.......
##### Running: /usr/bin/time -o time_20_kojoseph_vdhankar.txt -f "%U" python3 homework.py > stulog.txt 2>&1 on kojoseph #####
##### SUCCESS: /usr/bin/time -o time_20_kojoseph_vdhankar.txt -f "%U" python3 homework.py > stulog.txt 2>&1 on kojoseph #####
##### kojoseph plays [E h4 g5] in 1.58s #####
##### Running: /usr/lib/jvm/jdk-14.0.1/bin/java -jar /lab/itti/projects/checkers-competition/server/referee.jar on run_20_kojoseph_vdhankar #####
Move is valid
##### SUCCESS: /usr/lib/jvm/jdk-14.0.1/bin/java -jar /lab/itti/projects/checkers-competition/server/referee.jar on run_20_kojoseph_vdhankar #####
INPUT for vdhankar:
GAME
BLACK
58.8796858787537
.b.b....
b.......
...w....
b.b.b.w.
........
w.w.w...
.w.w....
w.......
##### Running: /usr/bin/time -o time_20_kojoseph_vdhankar.txt -f "%U" python3 homework.py > stulog.txt 2>&1 on vdhankar #####
child exited with value 1
##### ERROR: /usr/bin/time -o time_20_kojoseph_vdhankar.txt -f "%U" python3 homework.py > stulog.txt 2>&1 on vdhankar #####
##### Output of failed program (stdout + stderr): #####
Traceback (most recent call last):
  File "homework.py", line 546, in <module>
    print(end-start)
NameError: name 'end' is not defined
##### End of output of failed program #####
##### vdhankar plays [E a7 b6] in 5.06681799888611s #####
##### Running: /usr/lib/jvm/jdk-14.0.1/bin/java -jar /lab/itti/projects/checkers-competition/server/referee.jar on run_20_kojoseph_vdhankar #####
Move is valid
##### SUCCESS: /usr/lib/jvm/jdk-14.0.1/bin/java -jar /lab/itti/projects/checkers-competition/server/referee.jar on run_20_kojoseph_vdhankar #####
INPUT for kojoseph:
GAME
WHITE
277.61
.b.b....
........
.b.w....
b.b.b.w.
........
w.w.w...
.w.w....
w.......
##### Running: /usr/bin/time -o time_20_kojoseph_vdhankar.txt -f "%U" python3 homework.py > stulog.txt 2>&1 on kojoseph #####
##### SUCCESS: /usr/bin/time -o time_20_kojoseph_vdhankar.txt -f "%U" python3 homework.py > stulog.txt 2>&1 on kojoseph #####
##### kojoseph plays [E g5 h6] in 1.25s #####
##### Running: /usr/lib/jvm/jdk-14.0.1/bin/java -jar /lab/itti/projects/checkers-competition/server/referee.jar on run_20_kojoseph_vdhankar #####
Move is valid
##### SUCCESS: /usr/lib/jvm/jdk-14.0.1/bin/java -jar /lab/itti/projects/checkers-competition/server/referee.jar on run_20_kojoseph_vdhankar #####
INPUT for vdhankar:
GAME
BLACK
53.8128678798676
.b.b....
........
.b.w...w
b.b.b...
........
w.w.w...
.w.w....
w.......
##### Running: /usr/bin/time -o time_20_kojoseph_vdhankar.txt -f "%U" python3 homework.py > stulog.txt 2>&1 on vdhankar #####
child exited with value 1
##### ERROR: /usr/bin/time -o time_20_kojoseph_vdhankar.txt -f "%U" python3 homework.py > stulog.txt 2>&1 on vdhankar #####
##### Output of failed program (stdout + stderr): #####
Traceback (most recent call last):
  File "homework.py", line 546, in <module>
    print(end-start)
NameError: name 'end' is not defined
##### End of output of failed program #####
##### vdhankar plays [E b8 a7] in 1.80404305458069s #####
##### Running: /usr/lib/jvm/jdk-14.0.1/bin/java -jar /lab/itti/projects/checkers-competition/server/referee.jar on run_20_kojoseph_vdhankar #####
Move is valid
##### SUCCESS: /usr/lib/jvm/jdk-14.0.1/bin/java -jar /lab/itti/projects/checkers-competition/server/referee.jar on run_20_kojoseph_vdhankar #####
INPUT for kojoseph:
GAME
WHITE
276.36
...b....
b.......
.b.w...w
b.b.b...
........
w.w.w...
.w.w....
w.......
##### Running: /usr/bin/time -o time_20_kojoseph_vdhankar.txt -f "%U" python3 homework.py > stulog.txt 2>&1 on kojoseph #####
##### SUCCESS: /usr/bin/time -o time_20_kojoseph_vdhankar.txt -f "%U" python3 homework.py > stulog.txt 2>&1 on kojoseph #####
##### kojoseph plays [E c3 d4] in 0.86s #####
##### Running: /usr/lib/jvm/jdk-14.0.1/bin/java -jar /lab/itti/projects/checkers-competition/server/referee.jar on run_20_kojoseph_vdhankar #####
Move is valid
##### SUCCESS: /usr/lib/jvm/jdk-14.0.1/bin/java -jar /lab/itti/projects/checkers-competition/server/referee.jar on run_20_kojoseph_vdhankar #####
INPUT for vdhankar:
GAME
BLACK
52.0088248252869
...b....
b.......
.b.w...w
b.b.b...
...w....
w...w...
.w.w....
w.......
##### Running: /usr/bin/time -o time_20_kojoseph_vdhankar.txt -f "%U" python3 homework.py > stulog.txt 2>&1 on vdhankar #####
child exited with value 1
##### ERROR: /usr/bin/time -o time_20_kojoseph_vdhankar.txt -f "%U" python3 homework.py > stulog.txt 2>&1 on vdhankar #####
##### Output of failed program (stdout + stderr): #####
Traceback (most recent call last):
  File "homework.py", line 546, in <module>
    print(end-start)
NameError: name 'end' is not defined
##### End of output of failed program #####
##### vdhankar plays [J e5 c3 ; J c3 e1] in 2.18299102783203s #####
##### Running: /usr/lib/jvm/jdk-14.0.1/bin/java -jar /lab/itti/projects/checkers-competition/server/referee.jar on run_20_kojoseph_vdhankar #####
Move is valid
##### SUCCESS: /usr/lib/jvm/jdk-14.0.1/bin/java -jar /lab/itti/projects/checkers-competition/server/referee.jar on run_20_kojoseph_vdhankar #####
INPUT for kojoseph:
GAME
WHITE
275.5
...b....
b.......
.b.w...w
b.b.....
........
w...w...
.w......
w...B...
##### Running: /usr/bin/time -o time_20_kojoseph_vdhankar.txt -f "%U" python3 homework.py > stulog.txt 2>&1 on kojoseph #####
##### SUCCESS: /usr/bin/time -o time_20_kojoseph_vdhankar.txt -f "%U" python3 homework.py > stulog.txt 2>&1 on kojoseph #####
##### kojoseph plays [E b2 c3] in 1.27s #####
##### Running: /usr/lib/jvm/jdk-14.0.1/bin/java -jar /lab/itti/projects/checkers-competition/server/referee.jar on run_20_kojoseph_vdhankar #####
Move is valid
##### SUCCESS: /usr/lib/jvm/jdk-14.0.1/bin/java -jar /lab/itti/projects/checkers-competition/server/referee.jar on run_20_kojoseph_vdhankar #####
INPUT for vdhankar:
GAME
BLACK
49.8258337974548
...b....
b.......
.b.w...w
b.b.....
........
w.w.w...
........
w...B...
##### Running: /usr/bin/time -o time_20_kojoseph_vdhankar.txt -f "%U" python3 homework.py > stulog.txt 2>&1 on vdhankar #####
child exited with value 1
##### ERROR: /usr/bin/time -o time_20_kojoseph_vdhankar.txt -f "%U" python3 homework.py > stulog.txt 2>&1 on vdhankar #####
##### Output of failed program (stdout + stderr): #####
Traceback (most recent call last):
  File "homework.py", line 546, in <module>
    print(end-start)
NameError: name 'end' is not defined
##### End of output of failed program #####
##### vdhankar plays [E c5 b4] in 1.33598589897156s #####
##### Running: /usr/lib/jvm/jdk-14.0.1/bin/java -jar /lab/itti/projects/checkers-competition/server/referee.jar on run_20_kojoseph_vdhankar #####
Move is valid
##### SUCCESS: /usr/lib/jvm/jdk-14.0.1/bin/java -jar /lab/itti/projects/checkers-competition/server/referee.jar on run_20_kojoseph_vdhankar #####
INPUT for kojoseph:
GAME
WHITE
274.23
...b....
b.......
.b.w...w
b.......
.b......
w.w.w...
........
w...B...
##### Running: /usr/bin/time -o time_20_kojoseph_vdhankar.txt -f "%U" python3 homework.py > stulog.txt 2>&1 on kojoseph #####
##### SUCCESS: /usr/bin/time -o time_20_kojoseph_vdhankar.txt -f "%U" python3 homework.py > stulog.txt 2>&1 on kojoseph #####
##### kojoseph plays [J a3 c5] in 0.12s #####
##### Running: /usr/lib/jvm/jdk-14.0.1/bin/java -jar /lab/itti/projects/checkers-competition/server/referee.jar on run_20_kojoseph_vdhankar #####
Move is valid
##### SUCCESS: /usr/lib/jvm/jdk-14.0.1/bin/java -jar /lab/itti/projects/checkers-competition/server/referee.jar on run_20_kojoseph_vdhankar #####
INPUT for vdhankar:
GAME
BLACK
48.4898478984833
...b....
b.......
.b.w...w
b.w.....
........
..w.w...
........
w...B...
##### Running: /usr/bin/time -o time_20_kojoseph_vdhankar.txt -f "%U" python3 homework.py > stulog.txt 2>&1 on vdhankar #####
child exited with value 1
##### ERROR: /usr/bin/time -o time_20_kojoseph_vdhankar.txt -f "%U" python3 homework.py > stulog.txt 2>&1 on vdhankar #####
##### Output of failed program (stdout + stderr): #####
Traceback (most recent call last):
  File "homework.py", line 546, in <module>
    print(end-start)
NameError: name 'end' is not defined
##### End of output of failed program #####
##### vdhankar plays [J b6 d4 ; J d4 b2] in 0.783468008041382s #####
##### Running: /usr/lib/jvm/jdk-14.0.1/bin/java -jar /lab/itti/projects/checkers-competition/server/referee.jar on run_20_kojoseph_vdhankar #####
Move is valid
##### SUCCESS: /usr/lib/jvm/jdk-14.0.1/bin/java -jar /lab/itti/projects/checkers-competition/server/referee.jar on run_20_kojoseph_vdhankar #####
INPUT for kojoseph:
GAME
WHITE
274.11
...b....
b.......
...w...w
b.......
........
....w...
.b......
w...B...
##### Running: /usr/bin/time -o time_20_kojoseph_vdhankar.txt -f "%U" python3 homework.py > stulog.txt 2>&1 on kojoseph #####
##### SUCCESS: /usr/bin/time -o time_20_kojoseph_vdhankar.txt -f "%U" python3 homework.py > stulog.txt 2>&1 on kojoseph #####
##### kojoseph plays [J a1 c3] in 0.28s #####
##### Running: /usr/lib/jvm/jdk-14.0.1/bin/java -jar /lab/itti/projects/checkers-competition/server/referee.jar on run_20_kojoseph_vdhankar #####
Move is valid
##### SUCCESS: /usr/lib/jvm/jdk-14.0.1/bin/java -jar /lab/itti/projects/checkers-competition/server/referee.jar on run_20_kojoseph_vdhankar #####
INPUT for vdhankar:
GAME
BLACK
47.7063798904419
...b....
b.......
...w...w
b.......
........
..w.w...
........
....B...
##### Running: /usr/bin/time -o time_20_kojoseph_vdhankar.txt -f "%U" python3 homework.py > stulog.txt 2>&1 on vdhankar #####
child exited with value 1
##### ERROR: /usr/bin/time -o time_20_kojoseph_vdhankar.txt -f "%U" python3 homework.py > stulog.txt 2>&1 on vdhankar #####
##### Output of failed program (stdout + stderr): #####
Traceback (most recent call last):
  File "homework.py", line 546, in <module>
    print(end-start)
NameError: name 'end' is not defined
##### End of output of failed program #####
##### vdhankar plays [E e1 d2] in 1.98802399635315s #####
##### Running: /usr/lib/jvm/jdk-14.0.1/bin/java -jar /lab/itti/projects/checkers-competition/server/referee.jar on run_20_kojoseph_vdhankar #####
Move is valid
##### SUCCESS: /usr/lib/jvm/jdk-14.0.1/bin/java -jar /lab/itti/projects/checkers-competition/server/referee.jar on run_20_kojoseph_vdhankar #####
INPUT for kojoseph:
GAME
WHITE
273.83
...b....
b.......
...w...w
b.......
........
..w.w...
...B....
........
##### Running: /usr/bin/time -o time_20_kojoseph_vdhankar.txt -f "%U" python3 homework.py > stulog.txt 2>&1 on kojoseph #####
##### SUCCESS: /usr/bin/time -o time_20_kojoseph_vdhankar.txt -f "%U" python3 homework.py > stulog.txt 2>&1 on kojoseph #####
##### kojoseph plays [E e3 f4] in 0.72s #####
##### Running: /usr/lib/jvm/jdk-14.0.1/bin/java -jar /lab/itti/projects/checkers-competition/server/referee.jar on run_20_kojoseph_vdhankar #####
Move is valid
##### SUCCESS: /usr/lib/jvm/jdk-14.0.1/bin/java -jar /lab/itti/projects/checkers-competition/server/referee.jar on run_20_kojoseph_vdhankar #####
INPUT for vdhankar:
GAME
BLACK
45.7183558940887
...b....
b.......
...w...w
b.......
.....w..
..w.....
...B....
........
##### Running: /usr/bin/time -o time_20_kojoseph_vdhankar.txt -f "%U" python3 homework.py > stulog.txt 2>&1 on vdhankar #####
child exited with value 1
##### ERROR: /usr/bin/time -o time_20_kojoseph_vdhankar.txt -f "%U" python3 homework.py > stulog.txt 2>&1 on vdhankar #####
##### Output of failed program (stdout + stderr): #####
Traceback (most recent call last):
  File "homework.py", line 546, in <module>
    print(end-start)
NameError: name 'end' is not defined
##### End of output of failed program #####
##### vdhankar plays [J d2 b4] in 0.563966035842896s #####
##### Running: /usr/lib/jvm/jdk-14.0.1/bin/java -jar /lab/itti/projects/checkers-competition/server/referee.jar on run_20_kojoseph_vdhankar #####
Move is valid
##### SUCCESS: /usr/lib/jvm/jdk-14.0.1/bin/java -jar /lab/itti/projects/checkers-competition/server/referee.jar on run_20_kojoseph_vdhankar #####
INPUT for kojoseph:
GAME
WHITE
273.11
...b....
b.......
...w...w
b.......
.B...w..
........
........
........
##### Running: /usr/bin/time -o time_20_kojoseph_vdhankar.txt -f "%U" python3 homework.py > stulog.txt 2>&1 on kojoseph #####
##### SUCCESS: /usr/bin/time -o time_20_kojoseph_vdhankar.txt -f "%U" python3 homework.py > stulog.txt 2>&1 on kojoseph #####
##### kojoseph plays [E f4 g5] in 0.62s #####
##### Running: /usr/lib/jvm/jdk-14.0.1/bin/java -jar /lab/itti/projects/checkers-competition/server/referee.jar on run_20_kojoseph_vdhankar #####
Move is valid
##### SUCCESS: /usr/lib/jvm/jdk-14.0.1/bin/java -jar /lab/itti/projects/checkers-competition/server/referee.jar on run_20_kojoseph_vdhankar #####
INPUT for vdhankar:
GAME
BLACK
45.1543898582458
...b....
b.......
...w...w
b.....w.
.B......
........
........
........
##### Running: /usr/bin/time -o time_20_kojoseph_vdhankar.txt -f "%U" python3 homework.py > stulog.txt 2>&1 on vdhankar #####
child exited with value 1
##### ERROR: /usr/bin/time -o time_20_kojoseph_vdhankar.txt -f "%U" python3 homework.py > stulog.txt 2>&1 on vdhankar #####
##### Output of failed program (stdout + stderr): #####
Traceback (most recent call last):
  File "homework.py", line 546, in <module>
    print(end-start)
NameError: name 'end' is not defined
##### End of output of failed program #####
##### vdhankar plays [E b4 c5] in 0.909281015396118s #####
##### Running: /usr/lib/jvm/jdk-14.0.1/bin/java -jar /lab/itti/projects/checkers-competition/server/referee.jar on run_20_kojoseph_vdhankar #####
Move is valid
##### SUCCESS: /usr/lib/jvm/jdk-14.0.1/bin/java -jar /lab/itti/projects/checkers-competition/server/referee.jar on run_20_kojoseph_vdhankar #####
INPUT for kojoseph:
GAME
WHITE
272.49
...b....
b.......
...w...w
b.B...w.
........
........
........
........
##### Running: /usr/bin/time -o time_20_kojoseph_vdhankar.txt -f "%U" python3 homework.py > stulog.txt 2>&1 on kojoseph #####
##### SUCCESS: /usr/bin/time -o time_20_kojoseph_vdhankar.txt -f "%U" python3 homework.py > stulog.txt 2>&1 on kojoseph #####
##### kojoseph plays [E h6 g7] in 0.14s #####
##### Running: /usr/lib/jvm/jdk-14.0.1/bin/java -jar /lab/itti/projects/checkers-competition/server/referee.jar on run_20_kojoseph_vdhankar #####
Move is valid
##### SUCCESS: /usr/lib/jvm/jdk-14.0.1/bin/java -jar /lab/itti/projects/checkers-competition/server/referee.jar on run_20_kojoseph_vdhankar #####
INPUT for vdhankar:
GAME
BLACK
44.2451088428497
...b....
b.....w.
...w....
b.B...w.
........
........
........
........
##### Running: /usr/bin/time -o time_20_kojoseph_vdhankar.txt -f "%U" python3 homework.py > stulog.txt 2>&1 on vdhankar #####
child exited with value 1
##### ERROR: /usr/bin/time -o time_20_kojoseph_vdhankar.txt -f "%U" python3 homework.py > stulog.txt 2>&1 on vdhankar #####
##### Output of failed program (stdout + stderr): #####
Traceback (most recent call last):
  File "homework.py", line 546, in <module>
    print(end-start)
NameError: name 'end' is not defined
##### End of output of failed program #####
##### vdhankar plays [J c5 e7] in 0.435561895370483s #####
##### Running: /usr/lib/jvm/jdk-14.0.1/bin/java -jar /lab/itti/projects/checkers-competition/server/referee.jar on run_20_kojoseph_vdhankar #####
Move is valid
##### SUCCESS: /usr/lib/jvm/jdk-14.0.1/bin/java -jar /lab/itti/projects/checkers-competition/server/referee.jar on run_20_kojoseph_vdhankar #####
INPUT for kojoseph:
GAME
WHITE
272.35
...b....
b...B.w.
........
b.....w.
........
........
........
........
##### Running: /usr/bin/time -o time_20_kojoseph_vdhankar.txt -f "%U" python3 homework.py > stulog.txt 2>&1 on kojoseph #####
##### SUCCESS: /usr/bin/time -o time_20_kojoseph_vdhankar.txt -f "%U" python3 homework.py > stulog.txt 2>&1 on kojoseph #####
##### kojoseph plays [E g5 h6] in 0.63s #####
##### Running: /usr/lib/jvm/jdk-14.0.1/bin/java -jar /lab/itti/projects/checkers-competition/server/referee.jar on run_20_kojoseph_vdhankar #####
Move is valid
##### SUCCESS: /usr/lib/jvm/jdk-14.0.1/bin/java -jar /lab/itti/projects/checkers-competition/server/referee.jar on run_20_kojoseph_vdhankar #####
INPUT for vdhankar:
GAME
BLACK
43.8095469474792
...b....
b...B.w.
.......w
b.......
........
........
........
........
##### Running: /usr/bin/time -o time_20_kojoseph_vdhankar.txt -f "%U" python3 homework.py > stulog.txt 2>&1 on vdhankar #####
child exited with value 1
##### ERROR: /usr/bin/time -o time_20_kojoseph_vdhankar.txt -f "%U" python3 homework.py > stulog.txt 2>&1 on vdhankar #####
##### Output of failed program (stdout + stderr): #####
Traceback (most recent call last):
  File "homework.py", line 546, in <module>
    print(end-start)
NameError: name 'end' is not defined
##### End of output of failed program #####
##### vdhankar plays [E e7 f8] in 0.968675851821899s #####
##### Running: /usr/lib/jvm/jdk-14.0.1/bin/java -jar /lab/itti/projects/checkers-competition/server/referee.jar on run_20_kojoseph_vdhankar #####
Move is valid
##### SUCCESS: /usr/lib/jvm/jdk-14.0.1/bin/java -jar /lab/itti/projects/checkers-competition/server/referee.jar on run_20_kojoseph_vdhankar #####
INPUT for kojoseph:
GAME
WHITE
271.72
...b.B..
b.....w.
.......w
b.......
........
........
........
........
##### Running: /usr/bin/time -o time_20_kojoseph_vdhankar.txt -f "%U" python3 homework.py > stulog.txt 2>&1 on kojoseph #####
##### SUCCESS: /usr/bin/time -o time_20_kojoseph_vdhankar.txt -f "%U" python3 homework.py > stulog.txt 2>&1 on kojoseph #####
##### kojoseph plays [E g7 h8] in 0.19s #####
##### Running: /usr/lib/jvm/jdk-14.0.1/bin/java -jar /lab/itti/projects/checkers-competition/server/referee.jar on run_20_kojoseph_vdhankar #####
Move is valid
##### SUCCESS: /usr/lib/jvm/jdk-14.0.1/bin/java -jar /lab/itti/projects/checkers-competition/server/referee.jar on run_20_kojoseph_vdhankar #####
INPUT for vdhankar:
GAME
BLACK
42.8408710956573
...b.B.W
b.......
.......w
b.......
........
........
........
........
##### Running: /usr/bin/time -o time_20_kojoseph_vdhankar.txt -f "%U" python3 homework.py > stulog.txt 2>&1 on vdhankar #####
child exited with value 1
##### ERROR: /usr/bin/time -o time_20_kojoseph_vdhankar.txt -f "%U" python3 homework.py > stulog.txt 2>&1 on vdhankar #####
##### Output of failed program (stdout + stderr): #####
Traceback (most recent call last):
  File "homework.py", line 546, in <module>
    print(end-start)
NameError: name 'end' is not defined
##### End of output of failed program #####
##### vdhankar plays [E a5 b4] in 0.78870415687561s #####
##### Running: /usr/lib/jvm/jdk-14.0.1/bin/java -jar /lab/itti/projects/checkers-competition/server/referee.jar on run_20_kojoseph_vdhankar #####
Move is valid
##### SUCCESS: /usr/lib/jvm/jdk-14.0.1/bin/java -jar /lab/itti/projects/checkers-competition/server/referee.jar on run_20_kojoseph_vdhankar #####
INPUT for kojoseph:
GAME
WHITE
271.53
...b.B.W
b.......
.......w
........
.b......
........
........
........
##### Running: /usr/bin/time -o time_20_kojoseph_vdhankar.txt -f "%U" python3 homework.py > stulog.txt 2>&1 on kojoseph #####
##### SUCCESS: /usr/bin/time -o time_20_kojoseph_vdhankar.txt -f "%U" python3 homework.py > stulog.txt 2>&1 on kojoseph #####
##### kojoseph plays [E h8 g7] in 0.29s #####
##### Running: /usr/lib/jvm/jdk-14.0.1/bin/java -jar /lab/itti/projects/checkers-competition/server/referee.jar on run_20_kojoseph_vdhankar #####
Move is valid
##### SUCCESS: /usr/lib/jvm/jdk-14.0.1/bin/java -jar /lab/itti/projects/checkers-competition/server/referee.jar on run_20_kojoseph_vdhankar #####
INPUT for vdhankar:
GAME
BLACK
42.0521669387817
...b.B..
b.....W.
.......w
........
.b......
........
........
........
##### Running: /usr/bin/time -o time_20_kojoseph_vdhankar.txt -f "%U" python3 homework.py > stulog.txt 2>&1 on vdhankar #####
child exited with value 1
##### ERROR: /usr/bin/time -o time_20_kojoseph_vdhankar.txt -f "%U" python3 homework.py > stulog.txt 2>&1 on vdhankar #####
##### Output of failed program (stdout + stderr): #####
Traceback (most recent call last):
  File "homework.py", line 546, in <module>
    print(end-start)
NameError: name 'end' is not defined
##### End of output of failed program #####
##### vdhankar plays [E d8 e7] in 1.15023899078369s #####
##### Running: /usr/lib/jvm/jdk-14.0.1/bin/java -jar /lab/itti/projects/checkers-competition/server/referee.jar on run_20_kojoseph_vdhankar #####
Move is valid
##### SUCCESS: /usr/lib/jvm/jdk-14.0.1/bin/java -jar /lab/itti/projects/checkers-competition/server/referee.jar on run_20_kojoseph_vdhankar #####
INPUT for kojoseph:
GAME
WHITE
271.24
.....B..
b...b.W.
.......w
........
.b......
........
........
........
##### Running: /usr/bin/time -o time_20_kojoseph_vdhankar.txt -f "%U" python3 homework.py > stulog.txt 2>&1 on kojoseph #####
##### SUCCESS: /usr/bin/time -o time_20_kojoseph_vdhankar.txt -f "%U" python3 homework.py > stulog.txt 2>&1 on kojoseph #####
##### kojoseph plays [E g7 h8] in 0.22s #####
##### Running: /usr/lib/jvm/jdk-14.0.1/bin/java -jar /lab/itti/projects/checkers-competition/server/referee.jar on run_20_kojoseph_vdhankar #####
Move is valid
##### SUCCESS: /usr/lib/jvm/jdk-14.0.1/bin/java -jar /lab/itti/projects/checkers-competition/server/referee.jar on run_20_kojoseph_vdhankar #####
INPUT for vdhankar:
GAME
BLACK
40.901927947998
.....B.W
b...b...
.......w
........
.b......
........
........
........
##### Running: /usr/bin/time -o time_20_kojoseph_vdhankar.txt -f "%U" python3 homework.py > stulog.txt 2>&1 on vdhankar #####
child exited with value 1
##### ERROR: /usr/bin/time -o time_20_kojoseph_vdhankar.txt -f "%U" python3 homework.py > stulog.txt 2>&1 on vdhankar #####
##### Output of failed program (stdout + stderr): #####
Traceback (most recent call last):
  File "homework.py", line 546, in <module>
    print(end-start)
NameError: name 'end' is not defined
##### End of output of failed program #####
##### vdhankar plays [E b4 c3] in 0.711112022399902s #####
##### Running: /usr/lib/jvm/jdk-14.0.1/bin/java -jar /lab/itti/projects/checkers-competition/server/referee.jar on run_20_kojoseph_vdhankar #####
Move is valid
##### SUCCESS: /usr/lib/jvm/jdk-14.0.1/bin/java -jar /lab/itti/projects/checkers-competition/server/referee.jar on run_20_kojoseph_vdhankar #####
INPUT for kojoseph:
GAME
WHITE
271.02
.....B.W
b...b...
.......w
........
........
..b.....
........
........
##### Running: /usr/bin/time -o time_20_kojoseph_vdhankar.txt -f "%U" python3 homework.py > stulog.txt 2>&1 on kojoseph #####
##### SUCCESS: /usr/bin/time -o time_20_kojoseph_vdhankar.txt -f "%U" python3 homework.py > stulog.txt 2>&1 on kojoseph #####
##### kojoseph plays [E h8 g7] in 0.24s #####
##### Running: /usr/lib/jvm/jdk-14.0.1/bin/java -jar /lab/itti/projects/checkers-competition/server/referee.jar on run_20_kojoseph_vdhankar #####
Move is valid
##### SUCCESS: /usr/lib/jvm/jdk-14.0.1/bin/java -jar /lab/itti/projects/checkers-competition/server/referee.jar on run_20_kojoseph_vdhankar #####
INPUT for vdhankar:
GAME
BLACK
40.1908159255981
.....B..
b...b.W.
.......w
........
........
..b.....
........
........
##### Running: /usr/bin/time -o time_20_kojoseph_vdhankar.txt -f "%U" python3 homework.py > stulog.txt 2>&1 on vdhankar #####
child exited with value 1
##### ERROR: /usr/bin/time -o time_20_kojoseph_vdhankar.txt -f "%U" python3 homework.py > stulog.txt 2>&1 on vdhankar #####
##### Output of failed program (stdout + stderr): #####
Traceback (most recent call last):
  File "homework.py", line 546, in <module>
    print(end-start)
NameError: name 'end' is not defined
##### End of output of failed program #####
##### vdhankar plays [E c3 d2] in 0.659002065658569s #####
##### Running: /usr/lib/jvm/jdk-14.0.1/bin/java -jar /lab/itti/projects/checkers-competition/server/referee.jar on run_20_kojoseph_vdhankar #####
Move is valid
##### SUCCESS: /usr/lib/jvm/jdk-14.0.1/bin/java -jar /lab/itti/projects/checkers-competition/server/referee.jar on run_20_kojoseph_vdhankar #####
INPUT for kojoseph:
GAME
WHITE
270.78
.....B..
b...b.W.
.......w
........
........
........
...b....
........
##### Running: /usr/bin/time -o time_20_kojoseph_vdhankar.txt -f "%U" python3 homework.py > stulog.txt 2>&1 on kojoseph #####
##### SUCCESS: /usr/bin/time -o time_20_kojoseph_vdhankar.txt -f "%U" python3 homework.py > stulog.txt 2>&1 on kojoseph #####
##### kojoseph plays [E g7 h8] in 0.22s #####
##### Running: /usr/lib/jvm/jdk-14.0.1/bin/java -jar /lab/itti/projects/checkers-competition/server/referee.jar on run_20_kojoseph_vdhankar #####
Move is valid
##### SUCCESS: /usr/lib/jvm/jdk-14.0.1/bin/java -jar /lab/itti/projects/checkers-competition/server/referee.jar on run_20_kojoseph_vdhankar #####
INPUT for vdhankar:
GAME
BLACK
39.5318138599396
.....B.W
b...b...
.......w
........
........
........
...b....
........
##### Running: /usr/bin/time -o time_20_kojoseph_vdhankar.txt -f "%U" python3 homework.py > stulog.txt 2>&1 on vdhankar #####
child exited with value 1
##### ERROR: /usr/bin/time -o time_20_kojoseph_vdhankar.txt -f "%U" python3 homework.py > stulog.txt 2>&1 on vdhankar #####
##### Output of failed program (stdout + stderr): #####
Traceback (most recent call last):
  File "homework.py", line 546, in <module>
    print(end-start)
NameError: name 'end' is not defined
##### End of output of failed program #####
##### vdhankar plays [E d2 e1] in 0.854178905487061s #####
##### Running: /usr/lib/jvm/jdk-14.0.1/bin/java -jar /lab/itti/projects/checkers-competition/server/referee.jar on run_20_kojoseph_vdhankar #####
Move is valid
##### SUCCESS: /usr/lib/jvm/jdk-14.0.1/bin/java -jar /lab/itti/projects/checkers-competition/server/referee.jar on run_20_kojoseph_vdhankar #####
INPUT for kojoseph:
GAME
WHITE
270.56
.....B.W
b...b...
.......w
........
........
........
........
....B...
##### Running: /usr/bin/time -o time_20_kojoseph_vdhankar.txt -f "%U" python3 homework.py > stulog.txt 2>&1 on kojoseph #####
##### SUCCESS: /usr/bin/time -o time_20_kojoseph_vdhankar.txt -f "%U" python3 homework.py > stulog.txt 2>&1 on kojoseph #####
##### kojoseph plays [E h8 g7] in 0.28s #####
##### Running: /usr/lib/jvm/jdk-14.0.1/bin/java -jar /lab/itti/projects/checkers-competition/server/referee.jar on run_20_kojoseph_vdhankar #####
Move is valid
##### SUCCESS: /usr/lib/jvm/jdk-14.0.1/bin/java -jar /lab/itti/projects/checkers-competition/server/referee.jar on run_20_kojoseph_vdhankar #####
INPUT for vdhankar:
GAME
BLACK
38.6776349544525
.....B..
b...b.W.
.......w
........
........
........
........
....B...
##### Running: /usr/bin/time -o time_20_kojoseph_vdhankar.txt -f "%U" python3 homework.py > stulog.txt 2>&1 on vdhankar #####
child exited with value 1
##### ERROR: /usr/bin/time -o time_20_kojoseph_vdhankar.txt -f "%U" python3 homework.py > stulog.txt 2>&1 on vdhankar #####
##### Output of failed program (stdout + stderr): #####
Traceback (most recent call last):
  File "homework.py", line 546, in <module>
    print(end-start)
NameError: name 'end' is not defined
##### End of output of failed program #####
##### vdhankar plays [E e1 f2] in 0.7206130027771s #####
##### Running: /usr/lib/jvm/jdk-14.0.1/bin/java -jar /lab/itti/projects/checkers-competition/server/referee.jar on run_20_kojoseph_vdhankar #####
Move is valid
##### SUCCESS: /usr/lib/jvm/jdk-14.0.1/bin/java -jar /lab/itti/projects/checkers-competition/server/referee.jar on run_20_kojoseph_vdhankar #####
INPUT for kojoseph:
GAME
WHITE
270.28
.....B..
b...b.W.
.......w
........
........
........
.....B..
........
##### Running: /usr/bin/time -o time_20_kojoseph_vdhankar.txt -f "%U" python3 homework.py > stulog.txt 2>&1 on kojoseph #####
##### SUCCESS: /usr/bin/time -o time_20_kojoseph_vdhankar.txt -f "%U" python3 homework.py > stulog.txt 2>&1 on kojoseph #####
##### kojoseph plays [E g7 h8] in 0.39s #####
##### Running: /usr/lib/jvm/jdk-14.0.1/bin/java -jar /lab/itti/projects/checkers-competition/server/referee.jar on run_20_kojoseph_vdhankar #####
Move is valid
##### SUCCESS: /usr/lib/jvm/jdk-14.0.1/bin/java -jar /lab/itti/projects/checkers-competition/server/referee.jar on run_20_kojoseph_vdhankar #####
INPUT for vdhankar:
GAME
BLACK
37.9570219516754
.....B.W
b...b...
.......w
........
........
........
.....B..
........
##### Running: /usr/bin/time -o time_20_kojoseph_vdhankar.txt -f "%U" python3 homework.py > stulog.txt 2>&1 on vdhankar #####
child exited with value 1
##### ERROR: /usr/bin/time -o time_20_kojoseph_vdhankar.txt -f "%U" python3 homework.py > stulog.txt 2>&1 on vdhankar #####
##### Output of failed program (stdout + stderr): #####
Traceback (most recent call last):
  File "homework.py", line 546, in <module>
    print(end-start)
NameError: name 'end' is not defined
##### End of output of failed program #####
##### vdhankar plays [E f2 e3] in 1.31394410133362s #####
##### Running: /usr/lib/jvm/jdk-14.0.1/bin/java -jar /lab/itti/projects/checkers-competition/server/referee.jar on run_20_kojoseph_vdhankar #####
Move is valid
##### SUCCESS: /usr/lib/jvm/jdk-14.0.1/bin/java -jar /lab/itti/projects/checkers-competition/server/referee.jar on run_20_kojoseph_vdhankar #####
INPUT for kojoseph:
GAME
WHITE
269.89
.....B.W
b...b...
.......w
........
........
....B...
........
........
##### Running: /usr/bin/time -o time_20_kojoseph_vdhankar.txt -f "%U" python3 homework.py > stulog.txt 2>&1 on kojoseph #####
##### SUCCESS: /usr/bin/time -o time_20_kojoseph_vdhankar.txt -f "%U" python3 homework.py > stulog.txt 2>&1 on kojoseph #####
##### kojoseph plays [E h8 g7] in 0.39s #####
##### Running: /usr/lib/jvm/jdk-14.0.1/bin/java -jar /lab/itti/projects/checkers-competition/server/referee.jar on run_20_kojoseph_vdhankar #####
Move is valid
##### SUCCESS: /usr/lib/jvm/jdk-14.0.1/bin/java -jar /lab/itti/projects/checkers-competition/server/referee.jar on run_20_kojoseph_vdhankar #####
INPUT for vdhankar:
GAME
BLACK
36.6430778503418
.....B..
b...b.W.
.......w
........
........
....B...
........
........
##### Running: /usr/bin/time -o time_20_kojoseph_vdhankar.txt -f "%U" python3 homework.py > stulog.txt 2>&1 on vdhankar #####
child exited with value 1
##### ERROR: /usr/bin/time -o time_20_kojoseph_vdhankar.txt -f "%U" python3 homework.py > stulog.txt 2>&1 on vdhankar #####
##### Output of failed program (stdout + stderr): #####
Traceback (most recent call last):
  File "homework.py", line 546, in <module>
    print(end-start)
NameError: name 'end' is not defined
##### End of output of failed program #####
##### vdhankar plays [E e3 d4] in 1.0177149772644s #####
##### Running: /usr/lib/jvm/jdk-14.0.1/bin/java -jar /lab/itti/projects/checkers-competition/server/referee.jar on run_20_kojoseph_vdhankar #####
Move is valid
##### SUCCESS: /usr/lib/jvm/jdk-14.0.1/bin/java -jar /lab/itti/projects/checkers-competition/server/referee.jar on run_20_kojoseph_vdhankar #####
INPUT for kojoseph:
GAME
WHITE
269.5
.....B..
b...b.W.
.......w
........
...B....
........
........
........
##### Running: /usr/bin/time -o time_20_kojoseph_vdhankar.txt -f "%U" python3 homework.py > stulog.txt 2>&1 on kojoseph #####
##### SUCCESS: /usr/bin/time -o time_20_kojoseph_vdhankar.txt -f "%U" python3 homework.py > stulog.txt 2>&1 on kojoseph #####
##### kojoseph plays [E g7 h8] in 0.35s #####
##### Running: /usr/lib/jvm/jdk-14.0.1/bin/java -jar /lab/itti/projects/checkers-competition/server/referee.jar on run_20_kojoseph_vdhankar #####
Move is valid
##### SUCCESS: /usr/lib/jvm/jdk-14.0.1/bin/java -jar /lab/itti/projects/checkers-competition/server/referee.jar on run_20_kojoseph_vdhankar #####
INPUT for vdhankar:
GAME
BLACK
35.6253628730774
.....B.W
b...b...
.......w
........
...B....
........
........
........
##### Running: /usr/bin/time -o time_20_kojoseph_vdhankar.txt -f "%U" python3 homework.py > stulog.txt 2>&1 on vdhankar #####
child exited with value 1
##### ERROR: /usr/bin/time -o time_20_kojoseph_vdhankar.txt -f "%U" python3 homework.py > stulog.txt 2>&1 on vdhankar #####
##### Output of failed program (stdout + stderr): #####
Traceback (most recent call last):
  File "homework.py", line 546, in <module>
    print(end-start)
NameError: name 'end' is not defined
##### End of output of failed program #####
##### vdhankar plays [E d4 e5] in 1.42907190322876s #####
##### Running: /usr/lib/jvm/jdk-14.0.1/bin/java -jar /lab/itti/projects/checkers-competition/server/referee.jar on run_20_kojoseph_vdhankar #####
Move is valid
##### SUCCESS: /usr/lib/jvm/jdk-14.0.1/bin/java -jar /lab/itti/projects/checkers-competition/server/referee.jar on run_20_kojoseph_vdhankar #####
INPUT for kojoseph:
GAME
WHITE
269.15
.....B.W
b...b...
.......w
....B...
........
........
........
........
##### Running: /usr/bin/time -o time_20_kojoseph_vdhankar.txt -f "%U" python3 homework.py > stulog.txt 2>&1 on kojoseph #####
##### SUCCESS: /usr/bin/time -o time_20_kojoseph_vdhankar.txt -f "%U" python3 homework.py > stulog.txt 2>&1 on kojoseph #####
##### kojoseph plays [E h8 g7] in 0.19s #####
##### Running: /usr/lib/jvm/jdk-14.0.1/bin/java -jar /lab/itti/projects/checkers-competition/server/referee.jar on run_20_kojoseph_vdhankar #####
Move is valid
##### SUCCESS: /usr/lib/jvm/jdk-14.0.1/bin/java -jar /lab/itti/projects/checkers-competition/server/referee.jar on run_20_kojoseph_vdhankar #####
INPUT for vdhankar:
GAME
BLACK
34.1962909698486
.....B..
b...b.W.
.......w
....B...
........
........
........
........
##### Running: /usr/bin/time -o time_20_kojoseph_vdhankar.txt -f "%U" python3 homework.py > stulog.txt 2>&1 on vdhankar #####
child exited with value 1
##### ERROR: /usr/bin/time -o time_20_kojoseph_vdhankar.txt -f "%U" python3 homework.py > stulog.txt 2>&1 on vdhankar #####
##### Output of failed program (stdout + stderr): #####
Traceback (most recent call last):
  File "homework.py", line 546, in <module>
    print(end-start)
NameError: name 'end' is not defined
##### End of output of failed program #####
##### vdhankar plays [E a7 b6] in 0.409384965896606s #####
##### Running: /usr/lib/jvm/jdk-14.0.1/bin/java -jar /lab/itti/projects/checkers-competition/server/referee.jar on run_20_kojoseph_vdhankar #####
Move is valid
##### SUCCESS: /usr/lib/jvm/jdk-14.0.1/bin/java -jar /lab/itti/projects/checkers-competition/server/referee.jar on run_20_kojoseph_vdhankar #####
INPUT for kojoseph:
GAME
WHITE
268.96
.....B..
....b.W.
.b.....w
....B...
........
........
........
........
##### Running: /usr/bin/time -o time_20_kojoseph_vdhankar.txt -f "%U" python3 homework.py > stulog.txt 2>&1 on kojoseph #####
##### SUCCESS: /usr/bin/time -o time_20_kojoseph_vdhankar.txt -f "%U" python3 homework.py > stulog.txt 2>&1 on kojoseph #####
##### kojoseph plays [E g7 h8] in 0.33s #####
##### Running: /usr/lib/jvm/jdk-14.0.1/bin/java -jar /lab/itti/projects/checkers-competition/server/referee.jar on run_20_kojoseph_vdhankar #####
Move is valid
##### SUCCESS: /usr/lib/jvm/jdk-14.0.1/bin/java -jar /lab/itti/projects/checkers-competition/server/referee.jar on run_20_kojoseph_vdhankar #####
INPUT for vdhankar:
GAME
BLACK
33.786906003952
.....B.W
....b...
.b.....w
....B...
........
........
........
........
##### Running: /usr/bin/time -o time_20_kojoseph_vdhankar.txt -f "%U" python3 homework.py > stulog.txt 2>&1 on vdhankar #####
child exited with value 1
##### ERROR: /usr/bin/time -o time_20_kojoseph_vdhankar.txt -f "%U" python3 homework.py > stulog.txt 2>&1 on vdhankar #####
##### Output of failed program (stdout + stderr): #####
Traceback (most recent call last):
  File "homework.py", line 546, in <module>
    print(end-start)
NameError: name 'end' is not defined
##### End of output of failed program #####
##### vdhankar plays [E e5 f6] in 0.835998058319092s #####
##### Running: /usr/lib/jvm/jdk-14.0.1/bin/java -jar /lab/itti/projects/checkers-competition/server/referee.jar on run_20_kojoseph_vdhankar #####
Move is valid
##### SUCCESS: /usr/lib/jvm/jdk-14.0.1/bin/java -jar /lab/itti/projects/checkers-competition/server/referee.jar on run_20_kojoseph_vdhankar #####
INPUT for kojoseph:
GAME
WHITE
268.63
.....B.W
....b...
.b...B.w
........
........
........
........
........
##### Running: /usr/bin/time -o time_20_kojoseph_vdhankar.txt -f "%U" python3 homework.py > stulog.txt 2>&1 on kojoseph #####
##### SUCCESS: /usr/bin/time -o time_20_kojoseph_vdhankar.txt -f "%U" python3 homework.py > stulog.txt 2>&1 on kojoseph #####
##### kojoseph plays [E h6 g7] in 0.06s #####
##### Running: /usr/lib/jvm/jdk-14.0.1/bin/java -jar /lab/itti/projects/checkers-competition/server/referee.jar on run_20_kojoseph_vdhankar #####
Move is valid
##### SUCCESS: /usr/lib/jvm/jdk-14.0.1/bin/java -jar /lab/itti/projects/checkers-competition/server/referee.jar on run_20_kojoseph_vdhankar #####
INPUT for vdhankar:
GAME
BLACK
32.9509079456329
.....B.W
....b.w.
.b...B..
........
........
........
........
........
##### Running: /usr/bin/time -o time_20_kojoseph_vdhankar.txt -f "%U" python3 homework.py > stulog.txt 2>&1 on vdhankar #####
child exited with value 1
##### ERROR: /usr/bin/time -o time_20_kojoseph_vdhankar.txt -f "%U" python3 homework.py > stulog.txt 2>&1 on vdhankar #####
##### Output of failed program (stdout + stderr): #####
Traceback (most recent call last):
  File "homework.py", line 546, in <module>
    print(end-start)
NameError: name 'end' is not defined
##### End of output of failed program #####
##### vdhankar plays [J f8 h6] in 0.326013088226318s #####
##### Running: /usr/lib/jvm/jdk-14.0.1/bin/java -jar /lab/itti/projects/checkers-competition/server/referee.jar on run_20_kojoseph_vdhankar #####
Move is valid
##### SUCCESS: /usr/lib/jvm/jdk-14.0.1/bin/java -jar /lab/itti/projects/checkers-competition/server/referee.jar on run_20_kojoseph_vdhankar #####
INPUT for kojoseph:
GAME
WHITE
268.57
.......W
....b...
.b...B.B
........
........
........
........
........
##### Running: /usr/bin/time -o time_20_kojoseph_vdhankar.txt -f "%U" python3 homework.py > stulog.txt 2>&1 on kojoseph #####
##### SUCCESS: /usr/bin/time -o time_20_kojoseph_vdhankar.txt -f "%U" python3 homework.py > stulog.txt 2>&1 on kojoseph #####
##### kojoseph plays [E h8 g7] in 0.05s #####
##### Running: /usr/lib/jvm/jdk-14.0.1/bin/java -jar /lab/itti/projects/checkers-competition/server/referee.jar on run_20_kojoseph_vdhankar #####
Move is valid
##### SUCCESS: /usr/lib/jvm/jdk-14.0.1/bin/java -jar /lab/itti/projects/checkers-competition/server/referee.jar on run_20_kojoseph_vdhankar #####
INPUT for vdhankar:
GAME
BLACK
32.6248948574066
........
....b.W.
.b...B.B
........
........
........
........
........
##### Running: /usr/bin/time -o time_20_kojoseph_vdhankar.txt -f "%U" python3 homework.py > stulog.txt 2>&1 on vdhankar #####
child exited with value 1
##### ERROR: /usr/bin/time -o time_20_kojoseph_vdhankar.txt -f "%U" python3 homework.py > stulog.txt 2>&1 on vdhankar #####
##### Output of failed program (stdout + stderr): #####
Traceback (most recent call last):
  File "homework.py", line 546, in <module>
    print(end-start)
NameError: name 'end' is not defined
##### End of output of failed program #####
##### vdhankar plays [J f6 h8] in 0.319900035858154s #####
##### Running: /usr/lib/jvm/jdk-14.0.1/bin/java -jar /lab/itti/projects/checkers-competition/server/referee.jar on run_20_kojoseph_vdhankar #####
Move is valid
After this move, player WHITE cannot make any moves
*** Winner: BLACK ***
##### SUCCESS: /usr/lib/jvm/jdk-14.0.1/bin/java -jar /lab/itti/projects/checkers-competition/server/referee.jar on run_20_kojoseph_vdhankar #####
##### GAME OVER: vdhankar wins the game! #####
Server said: WIN
########## ROUND 20 GAMESCORE AFTER GAME 1: kojoseph=0 and vdhankar=1 ##########
#################### ROUND 20: kojoseph (B) vs vdhankar (W): game 2 ####################
##### game start! #####
INPUT for kojoseph:
GAME
BLACK
300
.b.b.b.b
b.b.b.b.
.b.b.b.b
........
........
w.w.w.w.
.w.w.w.w
w.w.w.w.
##### Running: /usr/bin/time -o time_20_kojoseph_vdhankar.txt -f "%U" python3 homework.py > stulog.txt 2>&1 on kojoseph #####
##### SUCCESS: /usr/bin/time -o time_20_kojoseph_vdhankar.txt -f "%U" python3 homework.py > stulog.txt 2>&1 on kojoseph #####
##### kojoseph plays [E f6 e5] in 0.05s #####
##### Running: /usr/lib/jvm/jdk-14.0.1/bin/java -jar /lab/itti/projects/checkers-competition/server/referee.jar on run_20_kojoseph_vdhankar #####
Move is valid
Couldn't read file 'current_ply.txt'
Couldn't read content from file 'current_ply.txt'
Couldn't read file 'lastmatchange_ply.txt'
Couldn't read content from file 'lastmatchange_ply.txt'
##### SUCCESS: /usr/lib/jvm/jdk-14.0.1/bin/java -jar /lab/itti/projects/checkers-competition/server/referee.jar on run_20_kojoseph_vdhankar #####
INPUT for vdhankar:
GAME
WHITE
300
.b.b.b.b
b.b.b.b.
.b.b...b
....b...
........
w.w.w.w.
.w.w.w.w
w.w.w.w.
##### Running: /usr/bin/time -o time_20_kojoseph_vdhankar.txt -f "%U" python3 homework.py > stulog.txt 2>&1 on vdhankar #####
child exited with value 1
##### ERROR: /usr/bin/time -o time_20_kojoseph_vdhankar.txt -f "%U" python3 homework.py > stulog.txt 2>&1 on vdhankar #####
##### Output of failed program (stdout + stderr): #####
Traceback (most recent call last):
  File "homework.py", line 546, in <module>
    print(end-start)
NameError: name 'end' is not defined
##### End of output of failed program #####
##### vdhankar plays [E g3 h4] in 9.04371094703674s #####
##### Running: /usr/lib/jvm/jdk-14.0.1/bin/java -jar /lab/itti/projects/checkers-competition/server/referee.jar on run_20_kojoseph_vdhankar #####
Move is valid
##### SUCCESS: /usr/lib/jvm/jdk-14.0.1/bin/java -jar /lab/itti/projects/checkers-competition/server/referee.jar on run_20_kojoseph_vdhankar #####
INPUT for kojoseph:
GAME
BLACK
299.95
.b.b.b.b
b.b.b.b.
.b.b...b
....b...
.......w
w.w.w...
.w.w.w.w
w.w.w.w.
##### Running: /usr/bin/time -o time_20_kojoseph_vdhankar.txt -f "%U" python3 homework.py > stulog.txt 2>&1 on kojoseph #####
##### SUCCESS: /usr/bin/time -o time_20_kojoseph_vdhankar.txt -f "%U" python3 homework.py > stulog.txt 2>&1 on kojoseph #####
##### kojoseph plays [E d6 c5] in 0.08s #####
##### Running: /usr/lib/jvm/jdk-14.0.1/bin/java -jar /lab/itti/projects/checkers-competition/server/referee.jar on run_20_kojoseph_vdhankar #####
Move is valid
##### SUCCESS: /usr/lib/jvm/jdk-14.0.1/bin/java -jar /lab/itti/projects/checkers-competition/server/referee.jar on run_20_kojoseph_vdhankar #####
INPUT for vdhankar:
GAME
WHITE
290.956289052963
.b.b.b.b
b.b.b.b.
.b.....b
..b.b...
.......w
w.w.w...
.w.w.w.w
w.w.w.w.
##### Running: /usr/bin/time -o time_20_kojoseph_vdhankar.txt -f "%U" python3 homework.py > stulog.txt 2>&1 on vdhankar #####
child exited with value 1
##### ERROR: /usr/bin/time -o time_20_kojoseph_vdhankar.txt -f "%U" python3 homework.py > stulog.txt 2>&1 on vdhankar #####
##### Output of failed program (stdout + stderr): #####
Traceback (most recent call last):
  File "homework.py", line 546, in <module>
    print(end-start)
NameError: name 'end' is not defined
##### End of output of failed program #####
##### vdhankar plays [E h2 g3] in 5.41833996772766s #####
##### Running: /usr/lib/jvm/jdk-14.0.1/bin/java -jar /lab/itti/projects/checkers-competition/server/referee.jar on run_20_kojoseph_vdhankar #####
Move is valid
##### SUCCESS: /usr/lib/jvm/jdk-14.0.1/bin/java -jar /lab/itti/projects/checkers-competition/server/referee.jar on run_20_kojoseph_vdhankar #####
INPUT for kojoseph:
GAME
BLACK
299.87
.b.b.b.b
b.b.b.b.
.b.....b
..b.b...
.......w
w.w.w.w.
.w.w.w..
w.w.w.w.
##### Running: /usr/bin/time -o time_20_kojoseph_vdhankar.txt -f "%U" python3 homework.py > stulog.txt 2>&1 on kojoseph #####
##### SUCCESS: /usr/bin/time -o time_20_kojoseph_vdhankar.txt -f "%U" python3 homework.py > stulog.txt 2>&1 on kojoseph #####
##### kojoseph plays [E g7 f6] in 0.07s #####
##### Running: /usr/lib/jvm/jdk-14.0.1/bin/java -jar /lab/itti/projects/checkers-competition/server/referee.jar on run_20_kojoseph_vdhankar #####
Move is valid
##### SUCCESS: /usr/lib/jvm/jdk-14.0.1/bin/java -jar /lab/itti/projects/checkers-competition/server/referee.jar on run_20_kojoseph_vdhankar #####
INPUT for vdhankar:
GAME
WHITE
285.537949085236
.b.b.b.b
b.b.b...
.b...b.b
..b.b...
.......w
w.w.w.w.
.w.w.w..
w.w.w.w.
##### Running: /usr/bin/time -o time_20_kojoseph_vdhankar.txt -f "%U" python3 homework.py > stulog.txt 2>&1 on vdhankar #####
child exited with value 1
##### ERROR: /usr/bin/time -o time_20_kojoseph_vdhankar.txt -f "%U" python3 homework.py > stulog.txt 2>&1 on vdhankar #####
##### Output of failed program (stdout + stderr): #####
Traceback (most recent call last):
  File "homework.py", line 546, in <module>
    print(end-start)
NameError: name 'end' is not defined
##### End of output of failed program #####
##### vdhankar plays [E g1 h2] in 6.18802380561829s #####
##### Running: /usr/lib/jvm/jdk-14.0.1/bin/java -jar /lab/itti/projects/checkers-competition/server/referee.jar on run_20_kojoseph_vdhankar #####
Move is valid
##### SUCCESS: /usr/lib/jvm/jdk-14.0.1/bin/java -jar /lab/itti/projects/checkers-competition/server/referee.jar on run_20_kojoseph_vdhankar #####
INPUT for kojoseph:
GAME
BLACK
299.8
.b.b.b.b
b.b.b...
.b...b.b
..b.b...
.......w
w.w.w.w.
.w.w.w.w
w.w.w...
##### Running: /usr/bin/time -o time_20_kojoseph_vdhankar.txt -f "%U" python3 homework.py > stulog.txt 2>&1 on kojoseph #####
##### SUCCESS: /usr/bin/time -o time_20_kojoseph_vdhankar.txt -f "%U" python3 homework.py > stulog.txt 2>&1 on kojoseph #####
##### kojoseph plays [E b6 a5] in 0.07s #####
##### Running: /usr/lib/jvm/jdk-14.0.1/bin/java -jar /lab/itti/projects/checkers-competition/server/referee.jar on run_20_kojoseph_vdhankar #####
Move is valid
##### SUCCESS: /usr/lib/jvm/jdk-14.0.1/bin/java -jar /lab/itti/projects/checkers-competition/server/referee.jar on run_20_kojoseph_vdhankar #####
INPUT for vdhankar:
GAME
WHITE
279.349925279617
.b.b.b.b
b.b.b...
.....b.b
b.b.b...
.......w
w.w.w.w.
.w.w.w.w
w.w.w...
##### Running: /usr/bin/time -o time_20_kojoseph_vdhankar.txt -f "%U" python3 homework.py > stulog.txt 2>&1 on vdhankar #####
child exited with value 1
##### ERROR: /usr/bin/time -o time_20_kojoseph_vdhankar.txt -f "%U" python3 homework.py > stulog.txt 2>&1 on vdhankar #####
##### Output of failed program (stdout + stderr): #####
Traceback (most recent call last):
  File "homework.py", line 546, in <module>
    print(end-start)
NameError: name 'end' is not defined
##### End of output of failed program #####
##### vdhankar plays [E c3 d4] in 1.82180786132812s #####
##### Running: /usr/lib/jvm/jdk-14.0.1/bin/java -jar /lab/itti/projects/checkers-competition/server/referee.jar on run_20_kojoseph_vdhankar #####
Move is valid
##### SUCCESS: /usr/lib/jvm/jdk-14.0.1/bin/java -jar /lab/itti/projects/checkers-competition/server/referee.jar on run_20_kojoseph_vdhankar #####
INPUT for kojoseph:
GAME
BLACK
299.73
.b.b.b.b
b.b.b...
.....b.b
b.b.b...
...w...w
w...w.w.
.w.w.w.w
w.w.w...
##### Running: /usr/bin/time -o time_20_kojoseph_vdhankar.txt -f "%U" python3 homework.py > stulog.txt 2>&1 on kojoseph #####
##### SUCCESS: /usr/bin/time -o time_20_kojoseph_vdhankar.txt -f "%U" python3 homework.py > stulog.txt 2>&1 on kojoseph #####
##### kojoseph plays [J e5 c3] in 0.33s #####
##### Running: /usr/lib/jvm/jdk-14.0.1/bin/java -jar /lab/itti/projects/checkers-competition/server/referee.jar on run_20_kojoseph_vdhankar #####
Move is valid
##### SUCCESS: /usr/lib/jvm/jdk-14.0.1/bin/java -jar /lab/itti/projects/checkers-competition/server/referee.jar on run_20_kojoseph_vdhankar #####
INPUT for vdhankar:
GAME
WHITE
277.528117418289
.b.b.b.b
b.b.b...
.....b.b
b.b.....
.......w
w.b.w.w.
.w.w.w.w
w.w.w...
##### Running: /usr/bin/time -o time_20_kojoseph_vdhankar.txt -f "%U" python3 homework.py > stulog.txt 2>&1 on vdhankar #####
child exited with value 1
##### ERROR: /usr/bin/time -o time_20_kojoseph_vdhankar.txt -f "%U" python3 homework.py > stulog.txt 2>&1 on vdhankar #####
##### Output of failed program (stdout + stderr): #####
Traceback (most recent call last):
  File "homework.py", line 546, in <module>
    print(end-start)
NameError: name 'end' is not defined
##### End of output of failed program #####
##### vdhankar plays [J d2 b4 ; J b4 d6] in 7.90817880630493s #####
##### Running: /usr/lib/jvm/jdk-14.0.1/bin/java -jar /lab/itti/projects/checkers-competition/server/referee.jar on run_20_kojoseph_vdhankar #####
Move is valid
##### SUCCESS: /usr/lib/jvm/jdk-14.0.1/bin/java -jar /lab/itti/projects/checkers-competition/server/referee.jar on run_20_kojoseph_vdhankar #####
INPUT for kojoseph:
GAME
BLACK
299.4
.b.b.b.b
b.b.b...
...w.b.b
b.......
.......w
w...w.w.
.w...w.w
w.w.w...
##### Running: /usr/bin/time -o time_20_kojoseph_vdhankar.txt -f "%U" python3 homework.py > stulog.txt 2>&1 on kojoseph #####
##### SUCCESS: /usr/bin/time -o time_20_kojoseph_vdhankar.txt -f "%U" python3 homework.py > stulog.txt 2>&1 on kojoseph #####
##### kojoseph plays [J e7 c5] in 1.9s #####
##### Running: /usr/lib/jvm/jdk-14.0.1/bin/java -jar /lab/itti/projects/checkers-competition/server/referee.jar on run_20_kojoseph_vdhankar #####
Move is valid
##### SUCCESS: /usr/lib/jvm/jdk-14.0.1/bin/java -jar /lab/itti/projects/checkers-competition/server/referee.jar on run_20_kojoseph_vdhankar #####
INPUT for vdhankar:
GAME
WHITE
269.619938611984
.b.b.b.b
b.b.....
.....b.b
b.b.....
.......w
w...w.w.
.w...w.w
w.w.w...
##### Running: /usr/bin/time -o time_20_kojoseph_vdhankar.txt -f "%U" python3 homework.py > stulog.txt 2>&1 on vdhankar #####
child exited with value 1
##### ERROR: /usr/bin/time -o time_20_kojoseph_vdhankar.txt -f "%U" python3 homework.py > stulog.txt 2>&1 on vdhankar #####
##### Output of failed program (stdout + stderr): #####
Traceback (most recent call last):
  File "homework.py", line 546, in <module>
    print(end-start)
NameError: name 'end' is not defined
##### End of output of failed program #####
##### vdhankar plays [E e1 d2] in 36.8761079311371s #####
##### Running: /usr/lib/jvm/jdk-14.0.1/bin/java -jar /lab/itti/projects/checkers-competition/server/referee.jar on run_20_kojoseph_vdhankar #####
Move is valid
##### SUCCESS: /usr/lib/jvm/jdk-14.0.1/bin/java -jar /lab/itti/projects/checkers-competition/server/referee.jar on run_20_kojoseph_vdhankar #####
INPUT for kojoseph:
GAME
BLACK
297.5
.b.b.b.b
b.b.....
.....b.b
b.b.....
.......w
w...w.w.
.w.w.w.w
w.w.....
##### Running: /usr/bin/time -o time_20_kojoseph_vdhankar.txt -f "%U" python3 homework.py > stulog.txt 2>&1 on kojoseph #####
##### SUCCESS: /usr/bin/time -o time_20_kojoseph_vdhankar.txt -f "%U" python3 homework.py > stulog.txt 2>&1 on kojoseph #####
##### kojoseph plays [E c5 d4] in 10.03s #####
##### Running: /usr/lib/jvm/jdk-14.0.1/bin/java -jar /lab/itti/projects/checkers-competition/server/referee.jar on run_20_kojoseph_vdhankar #####
Move is valid
##### SUCCESS: /usr/lib/jvm/jdk-14.0.1/bin/java -jar /lab/itti/projects/checkers-competition/server/referee.jar on run_20_kojoseph_vdhankar #####
INPUT for vdhankar:
GAME
WHITE
232.743830680847
.b.b.b.b
b.b.....
.....b.b
b.......
...b...w
w...w.w.
.w.w.w.w
w.w.....
##### Running: /usr/bin/time -o time_20_kojoseph_vdhankar.txt -f "%U" python3 homework.py > stulog.txt 2>&1 on vdhankar #####
child exited with value 1
##### ERROR: /usr/bin/time -o time_20_kojoseph_vdhankar.txt -f "%U" python3 homework.py > stulog.txt 2>&1 on vdhankar #####
##### Output of failed program (stdout + stderr): #####
Traceback (most recent call last):
  File "homework.py", line 546, in <module>
    print(end-start)
NameError: name 'end' is not defined
##### End of output of failed program #####
##### vdhankar plays [J e3 c5] in 10.9557030200958s #####
##### Running: /usr/lib/jvm/jdk-14.0.1/bin/java -jar /lab/itti/projects/checkers-competition/server/referee.jar on run_20_kojoseph_vdhankar #####
Move is valid
##### SUCCESS: /usr/lib/jvm/jdk-14.0.1/bin/java -jar /lab/itti/projects/checkers-competition/server/referee.jar on run_20_kojoseph_vdhankar #####
INPUT for kojoseph:
GAME
BLACK
287.47
.b.b.b.b
b.b.....
.....b.b
b.w.....
.......w
w.....w.
.w.w.w.w
w.w.....
##### Running: /usr/bin/time -o time_20_kojoseph_vdhankar.txt -f "%U" python3 homework.py > stulog.txt 2>&1 on kojoseph #####
##### SUCCESS: /usr/bin/time -o time_20_kojoseph_vdhankar.txt -f "%U" python3 homework.py > stulog.txt 2>&1 on kojoseph #####
##### kojoseph plays [E h6 g5] in 2.7s #####
##### Running: /usr/lib/jvm/jdk-14.0.1/bin/java -jar /lab/itti/projects/checkers-competition/server/referee.jar on run_20_kojoseph_vdhankar #####
Move is valid
##### SUCCESS: /usr/lib/jvm/jdk-14.0.1/bin/java -jar /lab/itti/projects/checkers-competition/server/referee.jar on run_20_kojoseph_vdhankar #####
INPUT for vdhankar:
GAME
WHITE
221.788127660751
.b.b.b.b
b.b.....
.....b..
b.w...b.
.......w
w.....w.
.w.w.w.w
w.w.....
##### Running: /usr/bin/time -o time_20_kojoseph_vdhankar.txt -f "%U" python3 homework.py > stulog.txt 2>&1 on vdhankar #####
child exited with value 1
##### ERROR: /usr/bin/time -o time_20_kojoseph_vdhankar.txt -f "%U" python3 homework.py > stulog.txt 2>&1 on vdhankar #####
##### Output of failed program (stdout + stderr): #####
Traceback (most recent call last):
  File "homework.py", line 546, in <module>
    print(end-start)
NameError: name 'end' is not defined
##### End of output of failed program #####
##### vdhankar plays [E d2 e3] in 13.4668040275574s #####
##### Running: /usr/lib/jvm/jdk-14.0.1/bin/java -jar /lab/itti/projects/checkers-competition/server/referee.jar on run_20_kojoseph_vdhankar #####
Move is valid
##### SUCCESS: /usr/lib/jvm/jdk-14.0.1/bin/java -jar /lab/itti/projects/checkers-competition/server/referee.jar on run_20_kojoseph_vdhankar #####
INPUT for kojoseph:
GAME
BLACK
284.77
.b.b.b.b
b.b.....
.....b..
b.w...b.
.......w
w...w.w.
.w...w.w
w.w.....
##### Running: /usr/bin/time -o time_20_kojoseph_vdhankar.txt -f "%U" python3 homework.py > stulog.txt 2>&1 on kojoseph #####
##### SUCCESS: /usr/bin/time -o time_20_kojoseph_vdhankar.txt -f "%U" python3 homework.py > stulog.txt 2>&1 on kojoseph #####
##### kojoseph plays [E c7 b6] in 0.9s #####
##### Running: /usr/lib/jvm/jdk-14.0.1/bin/java -jar /lab/itti/projects/checkers-competition/server/referee.jar on run_20_kojoseph_vdhankar #####
Move is valid
##### SUCCESS: /usr/lib/jvm/jdk-14.0.1/bin/java -jar /lab/itti/projects/checkers-competition/server/referee.jar on run_20_kojoseph_vdhankar #####
INPUT for vdhankar:
GAME
WHITE
208.321323633194
.b.b.b.b
b.......
.b...b..
b.w...b.
.......w
w...w.w.
.w...w.w
w.w.....
##### Running: /usr/bin/time -o time_20_kojoseph_vdhankar.txt -f "%U" python3 homework.py > stulog.txt 2>&1 on vdhankar #####
child exited with value 1
##### ERROR: /usr/bin/time -o time_20_kojoseph_vdhankar.txt -f "%U" python3 homework.py > stulog.txt 2>&1 on vdhankar #####
##### Output of failed program (stdout + stderr): #####
Traceback (most recent call last):
  File "homework.py", line 546, in <module>
    print(end-start)
NameError: name 'end' is not defined
##### End of output of failed program #####
##### vdhankar plays [E g3 f4] in 3.16304707527161s #####
##### Running: /usr/lib/jvm/jdk-14.0.1/bin/java -jar /lab/itti/projects/checkers-competition/server/referee.jar on run_20_kojoseph_vdhankar #####
Move is valid
##### SUCCESS: /usr/lib/jvm/jdk-14.0.1/bin/java -jar /lab/itti/projects/checkers-competition/server/referee.jar on run_20_kojoseph_vdhankar #####
INPUT for kojoseph:
GAME
BLACK
283.87
.b.b.b.b
b.......
.b...b..
b.w...b.
.....w.w
w...w...
.w...w.w
w.w.....
##### Running: /usr/bin/time -o time_20_kojoseph_vdhankar.txt -f "%U" python3 homework.py > stulog.txt 2>&1 on kojoseph #####
##### SUCCESS: /usr/bin/time -o time_20_kojoseph_vdhankar.txt -f "%U" python3 homework.py > stulog.txt 2>&1 on kojoseph #####
##### kojoseph plays [J b6 d4] in 0.37s #####
##### Running: /usr/lib/jvm/jdk-14.0.1/bin/java -jar /lab/itti/projects/checkers-competition/server/referee.jar on run_20_kojoseph_vdhankar #####
Move is valid
##### SUCCESS: /usr/lib/jvm/jdk-14.0.1/bin/java -jar /lab/itti/projects/checkers-competition/server/referee.jar on run_20_kojoseph_vdhankar #####
INPUT for vdhankar:
GAME
WHITE
205.158276557922
.b.b.b.b
b.......
.....b..
b.....b.
...b.w.w
w...w...
.w...w.w
w.w.....
##### Running: /usr/bin/time -o time_20_kojoseph_vdhankar.txt -f "%U" python3 homework.py > stulog.txt 2>&1 on vdhankar #####
child exited with value 1
##### ERROR: /usr/bin/time -o time_20_kojoseph_vdhankar.txt -f "%U" python3 homework.py > stulog.txt 2>&1 on vdhankar #####
##### Output of failed program (stdout + stderr): #####
Traceback (most recent call last):
  File "homework.py", line 546, in <module>
    print(end-start)
NameError: name 'end' is not defined
##### End of output of failed program #####
##### vdhankar plays [J f4 h6] in 2.45725798606873s #####
##### Running: /usr/lib/jvm/jdk-14.0.1/bin/java -jar /lab/itti/projects/checkers-competition/server/referee.jar on run_20_kojoseph_vdhankar #####
Move is valid
##### SUCCESS: /usr/lib/jvm/jdk-14.0.1/bin/java -jar /lab/itti/projects/checkers-competition/server/referee.jar on run_20_kojoseph_vdhankar #####
INPUT for kojoseph:
GAME
BLACK
283.5
.b.b.b.b
b.......
.....b.w
b.......
...b...w
w...w...
.w...w.w
w.w.....
##### Running: /usr/bin/time -o time_20_kojoseph_vdhankar.txt -f "%U" python3 homework.py > stulog.txt 2>&1 on kojoseph #####
##### SUCCESS: /usr/bin/time -o time_20_kojoseph_vdhankar.txt -f "%U" python3 homework.py > stulog.txt 2>&1 on kojoseph #####
##### kojoseph plays [E a5 b4] in 2.13s #####
##### Running: /usr/lib/jvm/jdk-14.0.1/bin/java -jar /lab/itti/projects/checkers-competition/server/referee.jar on run_20_kojoseph_vdhankar #####
Move is valid
##### SUCCESS: /usr/lib/jvm/jdk-14.0.1/bin/java -jar /lab/itti/projects/checkers-competition/server/referee.jar on run_20_kojoseph_vdhankar #####
INPUT for vdhankar:
GAME
WHITE
202.701018571854
.b.b.b.b
b.......
.....b.w
........
.b.b...w
w...w...
.w...w.w
w.w.....
##### Running: /usr/bin/time -o time_20_kojoseph_vdhankar.txt -f "%U" python3 homework.py > stulog.txt 2>&1 on vdhankar #####
child exited with value 1
##### ERROR: /usr/bin/time -o time_20_kojoseph_vdhankar.txt -f "%U" python3 homework.py > stulog.txt 2>&1 on vdhankar #####
##### Output of failed program (stdout + stderr): #####
Traceback (most recent call last):
  File "homework.py", line 546, in <module>
    print(end-start)
NameError: name 'end' is not defined
##### End of output of failed program #####
##### vdhankar plays [J a3 c5] in 5.44442200660706s #####
##### Running: /usr/lib/jvm/jdk-14.0.1/bin/java -jar /lab/itti/projects/checkers-competition/server/referee.jar on run_20_kojoseph_vdhankar #####
Move is valid
##### SUCCESS: /usr/lib/jvm/jdk-14.0.1/bin/java -jar /lab/itti/projects/checkers-competition/server/referee.jar on run_20_kojoseph_vdhankar #####
INPUT for kojoseph:
GAME
BLACK
281.37
.b.b.b.b
b.......
.....b.w
..w.....
...b...w
....w...
.w...w.w
w.w.....
##### Running: /usr/bin/time -o time_20_kojoseph_vdhankar.txt -f "%U" python3 homework.py > stulog.txt 2>&1 on kojoseph #####
##### SUCCESS: /usr/bin/time -o time_20_kojoseph_vdhankar.txt -f "%U" python3 homework.py > stulog.txt 2>&1 on kojoseph #####
##### kojoseph plays [E f6 g5] in 1.57s #####
##### Running: /usr/lib/jvm/jdk-14.0.1/bin/java -jar /lab/itti/projects/checkers-competition/server/referee.jar on run_20_kojoseph_vdhankar #####
Move is valid
##### SUCCESS: /usr/lib/jvm/jdk-14.0.1/bin/java -jar /lab/itti/projects/checkers-competition/server/referee.jar on run_20_kojoseph_vdhankar #####
INPUT for vdhankar:
GAME
WHITE
197.256596565247
.b.b.b.b
b.......
.......w
..w...b.
...b...w
....w...
.w...w.w
w.w.....
##### Running: /usr/bin/time -o time_20_kojoseph_vdhankar.txt -f "%U" python3 homework.py > stulog.txt 2>&1 on vdhankar #####
child exited with value 1
##### ERROR: /usr/bin/time -o time_20_kojoseph_vdhankar.txt -f "%U" python3 homework.py > stulog.txt 2>&1 on vdhankar #####
##### Output of failed program (stdout + stderr): #####
Traceback (most recent call last):
  File "homework.py", line 546, in <module>
    print(end-start)
NameError: name 'end' is not defined
##### End of output of failed program #####
##### vdhankar plays [J h4 f6] in 2.11481690406799s #####
##### Running: /usr/lib/jvm/jdk-14.0.1/bin/java -jar /lab/itti/projects/checkers-competition/server/referee.jar on run_20_kojoseph_vdhankar #####
Move is valid
##### SUCCESS: /usr/lib/jvm/jdk-14.0.1/bin/java -jar /lab/itti/projects/checkers-competition/server/referee.jar on run_20_kojoseph_vdhankar #####
INPUT for kojoseph:
GAME
BLACK
279.8
.b.b.b.b
b.......
.....w.w
..w.....
...b....
....w...
.w...w.w
w.w.....
##### Running: /usr/bin/time -o time_20_kojoseph_vdhankar.txt -f "%U" python3 homework.py > stulog.txt 2>&1 on kojoseph #####
##### SUCCESS: /usr/bin/time -o time_20_kojoseph_vdhankar.txt -f "%U" python3 homework.py > stulog.txt 2>&1 on kojoseph #####
##### kojoseph plays [E d4 c3] in 0.7s #####
##### Running: /usr/lib/jvm/jdk-14.0.1/bin/java -jar /lab/itti/projects/checkers-competition/server/referee.jar on run_20_kojoseph_vdhankar #####
Move is valid
##### SUCCESS: /usr/lib/jvm/jdk-14.0.1/bin/java -jar /lab/itti/projects/checkers-competition/server/referee.jar on run_20_kojoseph_vdhankar #####
INPUT for vdhankar:
GAME
WHITE
195.141779661179
.b.b.b.b
b.......
.....w.w
..w.....
........
..b.w...
.w...w.w
w.w.....
##### Running: /usr/bin/time -o time_20_kojoseph_vdhankar.txt -f "%U" python3 homework.py > stulog.txt 2>&1 on vdhankar #####
child exited with value 1
##### ERROR: /usr/bin/time -o time_20_kojoseph_vdhankar.txt -f "%U" python3 homework.py > stulog.txt 2>&1 on vdhankar #####
##### Output of failed program (stdout + stderr): #####
Traceback (most recent call last):
  File "homework.py", line 546, in <module>
    print(end-start)
NameError: name 'end' is not defined
##### End of output of failed program #####
##### vdhankar plays [J b2 d4] in 2.89864206314087s #####
##### Running: /usr/lib/jvm/jdk-14.0.1/bin/java -jar /lab/itti/projects/checkers-competition/server/referee.jar on run_20_kojoseph_vdhankar #####
Move is valid
##### SUCCESS: /usr/lib/jvm/jdk-14.0.1/bin/java -jar /lab/itti/projects/checkers-competition/server/referee.jar on run_20_kojoseph_vdhankar #####
INPUT for kojoseph:
GAME
BLACK
279.1
.b.b.b.b
b.......
.....w.w
..w.....
...w....
....w...
.....w.w
w.w.....
##### Running: /usr/bin/time -o time_20_kojoseph_vdhankar.txt -f "%U" python3 homework.py > stulog.txt 2>&1 on kojoseph #####
##### SUCCESS: /usr/bin/time -o time_20_kojoseph_vdhankar.txt -f "%U" python3 homework.py > stulog.txt 2>&1 on kojoseph #####
##### kojoseph plays [E h8 g7] in 1.52s #####
##### Running: /usr/lib/jvm/jdk-14.0.1/bin/java -jar /lab/itti/projects/checkers-competition/server/referee.jar on run_20_kojoseph_vdhankar #####
Move is valid
##### SUCCESS: /usr/lib/jvm/jdk-14.0.1/bin/java -jar /lab/itti/projects/checkers-competition/server/referee.jar on run_20_kojoseph_vdhankar #####
INPUT for vdhankar:
GAME
WHITE
192.243137598038
.b.b.b..
b.....b.
.....w.w
..w.....
...w....
....w...
.....w.w
w.w.....
##### Running: /usr/bin/time -o time_20_kojoseph_vdhankar.txt -f "%U" python3 homework.py > stulog.txt 2>&1 on vdhankar #####
child exited with value 1
##### ERROR: /usr/bin/time -o time_20_kojoseph_vdhankar.txt -f "%U" python3 homework.py > stulog.txt 2>&1 on vdhankar #####
##### Output of failed program (stdout + stderr): #####
Traceback (most recent call last):
  File "homework.py", line 546, in <module>
    print(end-start)
NameError: name 'end' is not defined
##### End of output of failed program #####
##### vdhankar plays [J f6 h8] in 2.63022494316101s #####
##### Running: /usr/lib/jvm/jdk-14.0.1/bin/java -jar /lab/itti/projects/checkers-competition/server/referee.jar on run_20_kojoseph_vdhankar #####
Move is valid
##### SUCCESS: /usr/lib/jvm/jdk-14.0.1/bin/java -jar /lab/itti/projects/checkers-competition/server/referee.jar on run_20_kojoseph_vdhankar #####
INPUT for kojoseph:
GAME
BLACK
277.58
.b.b.b.W
b.......
.......w
..w.....
...w....
....w...
.....w.w
w.w.....
##### Running: /usr/bin/time -o time_20_kojoseph_vdhankar.txt -f "%U" python3 homework.py > stulog.txt 2>&1 on kojoseph #####
##### SUCCESS: /usr/bin/time -o time_20_kojoseph_vdhankar.txt -f "%U" python3 homework.py > stulog.txt 2>&1 on kojoseph #####
##### kojoseph plays [E b8 c7] in 2.27s #####
##### Running: /usr/lib/jvm/jdk-14.0.1/bin/java -jar /lab/itti/projects/checkers-competition/server/referee.jar on run_20_kojoseph_vdhankar #####
Move is valid
##### SUCCESS: /usr/lib/jvm/jdk-14.0.1/bin/java -jar /lab/itti/projects/checkers-competition/server/referee.jar on run_20_kojoseph_vdhankar #####
INPUT for vdhankar:
GAME
WHITE
189.612912654877
...b.b.W
b.b.....
.......w
..w.....
...w....
....w...
.....w.w
w.w.....
##### Running: /usr/bin/time -o time_20_kojoseph_vdhankar.txt -f "%U" python3 homework.py > stulog.txt 2>&1 on vdhankar #####
child exited with value 1
##### ERROR: /usr/bin/time -o time_20_kojoseph_vdhankar.txt -f "%U" python3 homework.py > stulog.txt 2>&1 on vdhankar #####
##### Output of failed program (stdout + stderr): #####
Traceback (most recent call last):
  File "homework.py", line 546, in <module>
    print(end-start)
NameError: name 'end' is not defined
##### End of output of failed program #####
##### vdhankar plays [E h2 g3] in 9.02835893630981s #####
##### Running: /usr/lib/jvm/jdk-14.0.1/bin/java -jar /lab/itti/projects/checkers-competition/server/referee.jar on run_20_kojoseph_vdhankar #####
Move is valid
##### SUCCESS: /usr/lib/jvm/jdk-14.0.1/bin/java -jar /lab/itti/projects/checkers-competition/server/referee.jar on run_20_kojoseph_vdhankar #####
INPUT for kojoseph:
GAME
BLACK
275.31
...b.b.W
b.b.....
.......w
..w.....
...w....
....w.w.
.....w..
w.w.....
##### Running: /usr/bin/time -o time_20_kojoseph_vdhankar.txt -f "%U" python3 homework.py > stulog.txt 2>&1 on kojoseph #####
##### SUCCESS: /usr/bin/time -o time_20_kojoseph_vdhankar.txt -f "%U" python3 homework.py > stulog.txt 2>&1 on kojoseph #####
##### kojoseph plays [E c7 d6] in 0.61s #####
##### Running: /usr/lib/jvm/jdk-14.0.1/bin/java -jar /lab/itti/projects/checkers-competition/server/referee.jar on run_20_kojoseph_vdhankar #####
Move is valid
##### SUCCESS: /usr/lib/jvm/jdk-14.0.1/bin/java -jar /lab/itti/projects/checkers-competition/server/referee.jar on run_20_kojoseph_vdhankar #####
INPUT for vdhankar:
GAME
WHITE
180.584553718567
...b.b.W
b.......
...b...w
..w.....
...w....
....w.w.
.....w..
w.w.....
##### Running: /usr/bin/time -o time_20_kojoseph_vdhankar.txt -f "%U" python3 homework.py > stulog.txt 2>&1 on vdhankar #####
child exited with value 1
##### ERROR: /usr/bin/time -o time_20_kojoseph_vdhankar.txt -f "%U" python3 homework.py > stulog.txt 2>&1 on vdhankar #####
##### Output of failed program (stdout + stderr): #####
Traceback (most recent call last):
  File "homework.py", line 546, in <module>
    print(end-start)
NameError: name 'end' is not defined
##### End of output of failed program #####
##### vdhankar plays [J c5 e7] in 2.04636001586914s #####
##### Running: /usr/lib/jvm/jdk-14.0.1/bin/java -jar /lab/itti/projects/checkers-competition/server/referee.jar on run_20_kojoseph_vdhankar #####
Move is valid
##### SUCCESS: /usr/lib/jvm/jdk-14.0.1/bin/java -jar /lab/itti/projects/checkers-competition/server/referee.jar on run_20_kojoseph_vdhankar #####
INPUT for kojoseph:
GAME
BLACK
274.7
...b.b.W
b...w...
.......w
........
...w....
....w.w.
.....w..
w.w.....
##### Running: /usr/bin/time -o time_20_kojoseph_vdhankar.txt -f "%U" python3 homework.py > stulog.txt 2>&1 on kojoseph #####
##### SUCCESS: /usr/bin/time -o time_20_kojoseph_vdhankar.txt -f "%U" python3 homework.py > stulog.txt 2>&1 on kojoseph #####
##### kojoseph plays [J d8 f6] in 1.09s #####
##### Running: /usr/lib/jvm/jdk-14.0.1/bin/java -jar /lab/itti/projects/checkers-competition/server/referee.jar on run_20_kojoseph_vdhankar #####
Move is valid
##### SUCCESS: /usr/lib/jvm/jdk-14.0.1/bin/java -jar /lab/itti/projects/checkers-competition/server/referee.jar on run_20_kojoseph_vdhankar #####
INPUT for vdhankar:
GAME
WHITE
178.538193702698
.....b.W
b.......
.....b.w
........
...w....
....w.w.
.....w..
w.w.....
##### Running: /usr/bin/time -o time_20_kojoseph_vdhankar.txt -f "%U" python3 homework.py > stulog.txt 2>&1 on vdhankar #####
child exited with value 1
##### ERROR: /usr/bin/time -o time_20_kojoseph_vdhankar.txt -f "%U" python3 homework.py > stulog.txt 2>&1 on vdhankar #####
##### Output of failed program (stdout + stderr): #####
Traceback (most recent call last):
  File "homework.py", line 546, in <module>
    print(end-start)
NameError: name 'end' is not defined
##### End of output of failed program #####
##### vdhankar plays [E d4 e5] in 4.72133994102478s #####
##### Running: /usr/lib/jvm/jdk-14.0.1/bin/java -jar /lab/itti/projects/checkers-competition/server/referee.jar on run_20_kojoseph_vdhankar #####
Move is valid
##### SUCCESS: /usr/lib/jvm/jdk-14.0.1/bin/java -jar /lab/itti/projects/checkers-competition/server/referee.jar on run_20_kojoseph_vdhankar #####
INPUT for kojoseph:
GAME
BLACK
273.61
.....b.W
b.......
.....b.w
....w...
........
....w.w.
.....w..
w.w.....
##### Running: /usr/bin/time -o time_20_kojoseph_vdhankar.txt -f "%U" python3 homework.py > stulog.txt 2>&1 on kojoseph #####
##### SUCCESS: /usr/bin/time -o time_20_kojoseph_vdhankar.txt -f "%U" python3 homework.py > stulog.txt 2>&1 on kojoseph #####
##### kojoseph plays [J f6 d4] in 0.05s #####
##### Running: /usr/lib/jvm/jdk-14.0.1/bin/java -jar /lab/itti/projects/checkers-competition/server/referee.jar on run_20_kojoseph_vdhankar #####
Move is valid
##### SUCCESS: /usr/lib/jvm/jdk-14.0.1/bin/java -jar /lab/itti/projects/checkers-competition/server/referee.jar on run_20_kojoseph_vdhankar #####
INPUT for vdhankar:
GAME
WHITE
173.816853761673
.....b.W
b.......
.......w
........
...b....
....w.w.
.....w..
w.w.....
##### Running: /usr/bin/time -o time_20_kojoseph_vdhankar.txt -f "%U" python3 homework.py > stulog.txt 2>&1 on vdhankar #####
child exited with value 1
##### ERROR: /usr/bin/time -o time_20_kojoseph_vdhankar.txt -f "%U" python3 homework.py > stulog.txt 2>&1 on vdhankar #####
##### Output of failed program (stdout + stderr): #####
Traceback (most recent call last):
  File "homework.py", line 546, in <module>
    print(end-start)
NameError: name 'end' is not defined
##### End of output of failed program #####
##### vdhankar plays [J e3 c5] in 0.405245065689087s #####
##### Running: /usr/lib/jvm/jdk-14.0.1/bin/java -jar /lab/itti/projects/checkers-competition/server/referee.jar on run_20_kojoseph_vdhankar #####
Move is valid
##### SUCCESS: /usr/lib/jvm/jdk-14.0.1/bin/java -jar /lab/itti/projects/checkers-competition/server/referee.jar on run_20_kojoseph_vdhankar #####
INPUT for kojoseph:
GAME
BLACK
273.56
.....b.W
b.......
.......w
..w.....
........
......w.
.....w..
w.w.....
##### Running: /usr/bin/time -o time_20_kojoseph_vdhankar.txt -f "%U" python3 homework.py > stulog.txt 2>&1 on kojoseph #####
##### SUCCESS: /usr/bin/time -o time_20_kojoseph_vdhankar.txt -f "%U" python3 homework.py > stulog.txt 2>&1 on kojoseph #####
##### kojoseph plays [E f8 e7] in 0.23s #####
##### Running: /usr/lib/jvm/jdk-14.0.1/bin/java -jar /lab/itti/projects/checkers-competition/server/referee.jar on run_20_kojoseph_vdhankar #####
Move is valid
##### SUCCESS: /usr/lib/jvm/jdk-14.0.1/bin/java -jar /lab/itti/projects/checkers-competition/server/referee.jar on run_20_kojoseph_vdhankar #####
INPUT for vdhankar:
GAME
WHITE
173.411608695984
.......W
b...b...
.......w
..w.....
........
......w.
.....w..
w.w.....
##### Running: /usr/bin/time -o time_20_kojoseph_vdhankar.txt -f "%U" python3 homework.py > stulog.txt 2>&1 on vdhankar #####
child exited with value 1
##### ERROR: /usr/bin/time -o time_20_kojoseph_vdhankar.txt -f "%U" python3 homework.py > stulog.txt 2>&1 on vdhankar #####
##### Output of failed program (stdout + stderr): #####
Traceback (most recent call last):
  File "homework.py", line 546, in <module>
    print(end-start)
NameError: name 'end' is not defined
##### End of output of failed program #####
##### vdhankar plays [E h6 g7] in 1.28672695159912s #####
##### Running: /usr/lib/jvm/jdk-14.0.1/bin/java -jar /lab/itti/projects/checkers-competition/server/referee.jar on run_20_kojoseph_vdhankar #####
Move is valid
##### SUCCESS: /usr/lib/jvm/jdk-14.0.1/bin/java -jar /lab/itti/projects/checkers-competition/server/referee.jar on run_20_kojoseph_vdhankar #####
INPUT for kojoseph:
GAME
BLACK
273.33
.......W
b...b.w.
........
..w.....
........
......w.
.....w..
w.w.....
##### Running: /usr/bin/time -o time_20_kojoseph_vdhankar.txt -f "%U" python3 homework.py > stulog.txt 2>&1 on kojoseph #####
##### SUCCESS: /usr/bin/time -o time_20_kojoseph_vdhankar.txt -f "%U" python3 homework.py > stulog.txt 2>&1 on kojoseph #####
##### kojoseph plays [E a7 b6] in 0.3s #####
##### Running: /usr/lib/jvm/jdk-14.0.1/bin/java -jar /lab/itti/projects/checkers-competition/server/referee.jar on run_20_kojoseph_vdhankar #####
Move is valid
##### SUCCESS: /usr/lib/jvm/jdk-14.0.1/bin/java -jar /lab/itti/projects/checkers-competition/server/referee.jar on run_20_kojoseph_vdhankar #####
INPUT for vdhankar:
GAME
WHITE
172.124881744385
.......W
....b.w.
.b......
..w.....
........
......w.
.....w..
w.w.....
##### Running: /usr/bin/time -o time_20_kojoseph_vdhankar.txt -f "%U" python3 homework.py > stulog.txt 2>&1 on vdhankar #####
child exited with value 1
##### ERROR: /usr/bin/time -o time_20_kojoseph_vdhankar.txt -f "%U" python3 homework.py > stulog.txt 2>&1 on vdhankar #####
##### Output of failed program (stdout + stderr): #####
Traceback (most recent call last):
  File "homework.py", line 546, in <module>
    print(end-start)
NameError: name 'end' is not defined
##### End of output of failed program #####
##### vdhankar plays [J c5 a7] in 0.480598926544189s #####
##### Running: /usr/lib/jvm/jdk-14.0.1/bin/java -jar /lab/itti/projects/checkers-competition/server/referee.jar on run_20_kojoseph_vdhankar #####
Move is valid
##### SUCCESS: /usr/lib/jvm/jdk-14.0.1/bin/java -jar /lab/itti/projects/checkers-competition/server/referee.jar on run_20_kojoseph_vdhankar #####
INPUT for kojoseph:
GAME
BLACK
273.03
.......W
w...b.w.
........
........
........
......w.
.....w..
w.w.....
##### Running: /usr/bin/time -o time_20_kojoseph_vdhankar.txt -f "%U" python3 homework.py > stulog.txt 2>&1 on kojoseph #####
##### SUCCESS: /usr/bin/time -o time_20_kojoseph_vdhankar.txt -f "%U" python3 homework.py > stulog.txt 2>&1 on kojoseph #####
##### kojoseph plays [E e7 f6] in 0.7s #####
##### Running: /usr/lib/jvm/jdk-14.0.1/bin/java -jar /lab/itti/projects/checkers-competition/server/referee.jar on run_20_kojoseph_vdhankar #####
Move is valid
##### SUCCESS: /usr/lib/jvm/jdk-14.0.1/bin/java -jar /lab/itti/projects/checkers-competition/server/referee.jar on run_20_kojoseph_vdhankar #####
INPUT for vdhankar:
GAME
WHITE
171.644282817841
.......W
w.....w.
.....b..
........
........
......w.
.....w..
w.w.....
##### Running: /usr/bin/time -o time_20_kojoseph_vdhankar.txt -f "%U" python3 homework.py > stulog.txt 2>&1 on vdhankar #####
child exited with value 1
##### ERROR: /usr/bin/time -o time_20_kojoseph_vdhankar.txt -f "%U" python3 homework.py > stulog.txt 2>&1 on vdhankar #####
##### Output of failed program (stdout + stderr): #####
Traceback (most recent call last):
  File "homework.py", line 546, in <module>
    print(end-start)
NameError: name 'end' is not defined
##### End of output of failed program #####
##### vdhankar plays [E a7 b8] in 0.298964977264404s #####
##### Running: /usr/lib/jvm/jdk-14.0.1/bin/java -jar /lab/itti/projects/checkers-competition/server/referee.jar on run_20_kojoseph_vdhankar #####
Move is valid
##### SUCCESS: /usr/lib/jvm/jdk-14.0.1/bin/java -jar /lab/itti/projects/checkers-competition/server/referee.jar on run_20_kojoseph_vdhankar #####
INPUT for kojoseph:
GAME
BLACK
272.33
.W.....W
......w.
.....b..
........
........
......w.
.....w..
w.w.....
##### Running: /usr/bin/time -o time_20_kojoseph_vdhankar.txt -f "%U" python3 homework.py > stulog.txt 2>&1 on kojoseph #####
##### SUCCESS: /usr/bin/time -o time_20_kojoseph_vdhankar.txt -f "%U" python3 homework.py > stulog.txt 2>&1 on kojoseph #####
##### kojoseph plays [E f6 g5] in 0.39s #####
##### Running: /usr/lib/jvm/jdk-14.0.1/bin/java -jar /lab/itti/projects/checkers-competition/server/referee.jar on run_20_kojoseph_vdhankar #####
Move is valid
##### SUCCESS: /usr/lib/jvm/jdk-14.0.1/bin/java -jar /lab/itti/projects/checkers-competition/server/referee.jar on run_20_kojoseph_vdhankar #####
INPUT for vdhankar:
GAME
WHITE
171.345317840576
.W.....W
......w.
........
......b.
........
......w.
.....w..
w.w.....
##### Running: /usr/bin/time -o time_20_kojoseph_vdhankar.txt -f "%U" python3 homework.py > stulog.txt 2>&1 on vdhankar #####
child exited with value 1
##### ERROR: /usr/bin/time -o time_20_kojoseph_vdhankar.txt -f "%U" python3 homework.py > stulog.txt 2>&1 on vdhankar #####
##### Output of failed program (stdout + stderr): #####
Traceback (most recent call last):
  File "homework.py", line 546, in <module>
    print(end-start)
NameError: name 'end' is not defined
##### End of output of failed program #####
##### vdhankar plays [E b8 a7] in 0.289883136749268s #####
##### Running: /usr/lib/jvm/jdk-14.0.1/bin/java -jar /lab/itti/projects/checkers-competition/server/referee.jar on run_20_kojoseph_vdhankar #####
Move is valid
##### SUCCESS: /usr/lib/jvm/jdk-14.0.1/bin/java -jar /lab/itti/projects/checkers-competition/server/referee.jar on run_20_kojoseph_vdhankar #####
INPUT for kojoseph:
GAME
BLACK
271.94
.......W
W.....w.
........
......b.
........
......w.
.....w..
w.w.....
##### Running: /usr/bin/time -o time_20_kojoseph_vdhankar.txt -f "%U" python3 homework.py > stulog.txt 2>&1 on kojoseph #####
##### SUCCESS: /usr/bin/time -o time_20_kojoseph_vdhankar.txt -f "%U" python3 homework.py > stulog.txt 2>&1 on kojoseph #####
##### kojoseph plays [E g5 f4] in 0.05s #####
##### Running: /usr/lib/jvm/jdk-14.0.1/bin/java -jar /lab/itti/projects/checkers-competition/server/referee.jar on run_20_kojoseph_vdhankar #####
Move is valid
##### SUCCESS: /usr/lib/jvm/jdk-14.0.1/bin/java -jar /lab/itti/projects/checkers-competition/server/referee.jar on run_20_kojoseph_vdhankar #####
INPUT for vdhankar:
GAME
WHITE
171.055434703827
.......W
W.....w.
........
........
.....b..
......w.
.....w..
w.w.....
##### Running: /usr/bin/time -o time_20_kojoseph_vdhankar.txt -f "%U" python3 homework.py > stulog.txt 2>&1 on vdhankar #####
child exited with value 1
##### ERROR: /usr/bin/time -o time_20_kojoseph_vdhankar.txt -f "%U" python3 homework.py > stulog.txt 2>&1 on vdhankar #####
##### Output of failed program (stdout + stderr): #####
Traceback (most recent call last):
  File "homework.py", line 546, in <module>
    print(end-start)
NameError: name 'end' is not defined
##### End of output of failed program #####
##### vdhankar plays [J g3 e5] in 0.21176290512085s #####
##### Running: /usr/lib/jvm/jdk-14.0.1/bin/java -jar /lab/itti/projects/checkers-competition/server/referee.jar on run_20_kojoseph_vdhankar #####
Move is valid
After this move, player BLACK cannot make any moves
*** Winner: WHITE ***
##### SUCCESS: /usr/lib/jvm/jdk-14.0.1/bin/java -jar /lab/itti/projects/checkers-competition/server/referee.jar on run_20_kojoseph_vdhankar #####
##### GAME OVER: vdhankar wins the game! #####
Server said: WIN
########## ROUND 20 GAMESCORE AFTER GAME 2: kojoseph=0 and vdhankar=2 ##########
#################### ROUND 20: kojoseph (W) vs vdhankar (B): game 3 ####################
##### game start! #####
INPUT for vdhankar:
GAME
BLACK
300
.b.b.b.b
b.b.b.b.
.b.b.b.b
........
........
w.w.w.w.
.w.w.w.w
w.w.w.w.
##### Running: /usr/bin/time -o time_20_kojoseph_vdhankar.txt -f "%U" python3 homework.py > stulog.txt 2>&1 on vdhankar #####
child exited with value 1
##### ERROR: /usr/bin/time -o time_20_kojoseph_vdhankar.txt -f "%U" python3 homework.py > stulog.txt 2>&1 on vdhankar #####
##### Output of failed program (stdout + stderr): #####
Traceback (most recent call last):
  File "homework.py", line 546, in <module>
    print(end-start)
NameError: name 'end' is not defined
##### End of output of failed program #####
##### vdhankar plays [E h6 g5] in 9.49312615394592s #####
##### Running: /usr/lib/jvm/jdk-14.0.1/bin/java -jar /lab/itti/projects/checkers-competition/server/referee.jar on run_20_kojoseph_vdhankar #####
Move is valid
Couldn't read file 'current_ply.txt'
Couldn't read content from file 'current_ply.txt'
Couldn't read file 'lastmatchange_ply.txt'
Couldn't read content from file 'lastmatchange_ply.txt'
##### SUCCESS: /usr/lib/jvm/jdk-14.0.1/bin/java -jar /lab/itti/projects/checkers-competition/server/referee.jar on run_20_kojoseph_vdhankar #####
INPUT for kojoseph:
GAME
WHITE
300
.b.b.b.b
b.b.b.b.
.b.b.b..
......b.
........
w.w.w.w.
.w.w.w.w
w.w.w.w.
##### Running: /usr/bin/time -o time_20_kojoseph_vdhankar.txt -f "%U" python3 homework.py > stulog.txt 2>&1 on kojoseph #####
##### SUCCESS: /usr/bin/time -o time_20_kojoseph_vdhankar.txt -f "%U" python3 homework.py > stulog.txt 2>&1 on kojoseph #####
##### kojoseph plays [E g3 h4] in 0.03s #####
##### Running: /usr/lib/jvm/jdk-14.0.1/bin/java -jar /lab/itti/projects/checkers-competition/server/referee.jar on run_20_kojoseph_vdhankar #####
Move is valid
##### SUCCESS: /usr/lib/jvm/jdk-14.0.1/bin/java -jar /lab/itti/projects/checkers-competition/server/referee.jar on run_20_kojoseph_vdhankar #####
INPUT for vdhankar:
GAME
BLACK
290.506873846054
.b.b.b.b
b.b.b.b.
.b.b.b..
......b.
.......w
w.w.w...
.w.w.w.w
w.w.w.w.
##### Running: /usr/bin/time -o time_20_kojoseph_vdhankar.txt -f "%U" python3 homework.py > stulog.txt 2>&1 on vdhankar #####
child exited with value 1
##### ERROR: /usr/bin/time -o time_20_kojoseph_vdhankar.txt -f "%U" python3 homework.py > stulog.txt 2>&1 on vdhankar #####
##### Output of failed program (stdout + stderr): #####
Traceback (most recent call last):
  File "homework.py", line 546, in <module>
    print(end-start)
NameError: name 'end' is not defined
##### End of output of failed program #####
##### vdhankar plays [E f6 e5] in 10.1390860080719s #####
##### Running: /usr/lib/jvm/jdk-14.0.1/bin/java -jar /lab/itti/projects/checkers-competition/server/referee.jar on run_20_kojoseph_vdhankar #####
Move is valid
##### SUCCESS: /usr/lib/jvm/jdk-14.0.1/bin/java -jar /lab/itti/projects/checkers-competition/server/referee.jar on run_20_kojoseph_vdhankar #####
INPUT for kojoseph:
GAME
WHITE
299.97
.b.b.b.b
b.b.b.b.
.b.b....
....b.b.
.......w
w.w.w...
.w.w.w.w
w.w.w.w.
##### Running: /usr/bin/time -o time_20_kojoseph_vdhankar.txt -f "%U" python3 homework.py > stulog.txt 2>&1 on kojoseph #####
##### SUCCESS: /usr/bin/time -o time_20_kojoseph_vdhankar.txt -f "%U" python3 homework.py > stulog.txt 2>&1 on kojoseph #####
##### kojoseph plays [J h4 f6] in 0.04s #####
##### Running: /usr/lib/jvm/jdk-14.0.1/bin/java -jar /lab/itti/projects/checkers-competition/server/referee.jar on run_20_kojoseph_vdhankar #####
Move is valid
##### SUCCESS: /usr/lib/jvm/jdk-14.0.1/bin/java -jar /lab/itti/projects/checkers-competition/server/referee.jar on run_20_kojoseph_vdhankar #####
INPUT for vdhankar:
GAME
BLACK
280.367787837982
.b.b.b.b
b.b.b.b.
.b.b.w..
....b...
........
w.w.w...
.w.w.w.w
w.w.w.w.
##### Running: /usr/bin/time -o time_20_kojoseph_vdhankar.txt -f "%U" python3 homework.py > stulog.txt 2>&1 on vdhankar #####
child exited with value 1
##### ERROR: /usr/bin/time -o time_20_kojoseph_vdhankar.txt -f "%U" python3 homework.py > stulog.txt 2>&1 on vdhankar #####
##### Output of failed program (stdout + stderr): #####
Traceback (most recent call last):
  File "homework.py", line 546, in <module>
    print(end-start)
NameError: name 'end' is not defined
##### End of output of failed program #####
##### vdhankar plays [J e7 g5] in 6.74823403358459s #####
##### Running: /usr/lib/jvm/jdk-14.0.1/bin/java -jar /lab/itti/projects/checkers-competition/server/referee.jar on run_20_kojoseph_vdhankar #####
Move is valid
##### SUCCESS: /usr/lib/jvm/jdk-14.0.1/bin/java -jar /lab/itti/projects/checkers-competition/server/referee.jar on run_20_kojoseph_vdhankar #####
INPUT for kojoseph:
GAME
WHITE
299.93
.b.b.b.b
b.b...b.
.b.b....
....b.b.
........
w.w.w...
.w.w.w.w
w.w.w.w.
##### Running: /usr/bin/time -o time_20_kojoseph_vdhankar.txt -f "%U" python3 homework.py > stulog.txt 2>&1 on kojoseph #####
##### SUCCESS: /usr/bin/time -o time_20_kojoseph_vdhankar.txt -f "%U" python3 homework.py > stulog.txt 2>&1 on kojoseph #####
##### kojoseph plays [E h2 g3] in 0.05s #####
##### Running: /usr/lib/jvm/jdk-14.0.1/bin/java -jar /lab/itti/projects/checkers-competition/server/referee.jar on run_20_kojoseph_vdhankar #####
Move is valid
##### SUCCESS: /usr/lib/jvm/jdk-14.0.1/bin/java -jar /lab/itti/projects/checkers-competition/server/referee.jar on run_20_kojoseph_vdhankar #####
INPUT for vdhankar:
GAME
BLACK
273.619553804398
.b.b.b.b
b.b...b.
.b.b....
....b.b.
........
w.w.w.w.
.w.w.w..
w.w.w.w.
##### Running: /usr/bin/time -o time_20_kojoseph_vdhankar.txt -f "%U" python3 homework.py > stulog.txt 2>&1 on vdhankar #####
child exited with value 1
##### ERROR: /usr/bin/time -o time_20_kojoseph_vdhankar.txt -f "%U" python3 homework.py > stulog.txt 2>&1 on vdhankar #####
##### Output of failed program (stdout + stderr): #####
Traceback (most recent call last):
  File "homework.py", line 546, in <module>
    print(end-start)
NameError: name 'end' is not defined
##### End of output of failed program #####
##### vdhankar plays [E g5 f4] in 15.4529571533203s #####
##### Running: /usr/lib/jvm/jdk-14.0.1/bin/java -jar /lab/itti/projects/checkers-competition/server/referee.jar on run_20_kojoseph_vdhankar #####
Move is valid
##### SUCCESS: /usr/lib/jvm/jdk-14.0.1/bin/java -jar /lab/itti/projects/checkers-competition/server/referee.jar on run_20_kojoseph_vdhankar #####
INPUT for kojoseph:
GAME
WHITE
299.88
.b.b.b.b
b.b...b.
.b.b....
....b...
.....b..
w.w.w.w.
.w.w.w..
w.w.w.w.
##### Running: /usr/bin/time -o time_20_kojoseph_vdhankar.txt -f "%U" python3 homework.py > stulog.txt 2>&1 on kojoseph #####
##### SUCCESS: /usr/bin/time -o time_20_kojoseph_vdhankar.txt -f "%U" python3 homework.py > stulog.txt 2>&1 on kojoseph #####
##### kojoseph plays [J e3 g5] in 0.06s #####
##### Running: /usr/lib/jvm/jdk-14.0.1/bin/java -jar /lab/itti/projects/checkers-competition/server/referee.jar on run_20_kojoseph_vdhankar #####
Move is valid
##### SUCCESS: /usr/lib/jvm/jdk-14.0.1/bin/java -jar /lab/itti/projects/checkers-competition/server/referee.jar on run_20_kojoseph_vdhankar #####
INPUT for vdhankar:
GAME
BLACK
258.166596651077
.b.b.b.b
b.b...b.
.b.b....
....b.w.
........
w.w...w.
.w.w.w..
w.w.w.w.
##### Running: /usr/bin/time -o time_20_kojoseph_vdhankar.txt -f "%U" python3 homework.py > stulog.txt 2>&1 on vdhankar #####
child exited with value 1
##### ERROR: /usr/bin/time -o time_20_kojoseph_vdhankar.txt -f "%U" python3 homework.py > stulog.txt 2>&1 on vdhankar #####
##### Output of failed program (stdout + stderr): #####
Traceback (most recent call last):
  File "homework.py", line 546, in <module>
    print(end-start)
NameError: name 'end' is not defined
##### End of output of failed program #####
##### vdhankar plays [E e5 d4] in 11.3576681613922s #####
##### Running: /usr/lib/jvm/jdk-14.0.1/bin/java -jar /lab/itti/projects/checkers-competition/server/referee.jar on run_20_kojoseph_vdhankar #####
Move is valid
##### SUCCESS: /usr/lib/jvm/jdk-14.0.1/bin/java -jar /lab/itti/projects/checkers-competition/server/referee.jar on run_20_kojoseph_vdhankar #####
INPUT for kojoseph:
GAME
WHITE
299.82
.b.b.b.b
b.b...b.
.b.b....
......w.
...b....
w.w...w.
.w.w.w..
w.w.w.w.
##### Running: /usr/bin/time -o time_20_kojoseph_vdhankar.txt -f "%U" python3 homework.py > stulog.txt 2>&1 on kojoseph #####
##### SUCCESS: /usr/bin/time -o time_20_kojoseph_vdhankar.txt -f "%U" python3 homework.py > stulog.txt 2>&1 on kojoseph #####
##### kojoseph plays [J c3 e5] in 0.22s #####
##### Running: /usr/lib/jvm/jdk-14.0.1/bin/java -jar /lab/itti/projects/checkers-competition/server/referee.jar on run_20_kojoseph_vdhankar #####
Move is valid
##### SUCCESS: /usr/lib/jvm/jdk-14.0.1/bin/java -jar /lab/itti/projects/checkers-competition/server/referee.jar on run_20_kojoseph_vdhankar #####
INPUT for vdhankar:
GAME
BLACK
246.808928489685
.b.b.b.b
b.b...b.
.b.b....
....w.w.
........
w.....w.
.w.w.w..
w.w.w.w.
##### Running: /usr/bin/time -o time_20_kojoseph_vdhankar.txt -f "%U" python3 homework.py > stulog.txt 2>&1 on vdhankar #####
child exited with value 1
##### ERROR: /usr/bin/time -o time_20_kojoseph_vdhankar.txt -f "%U" python3 homework.py > stulog.txt 2>&1 on vdhankar #####
##### Output of failed program (stdout + stderr): #####
Traceback (most recent call last):
  File "homework.py", line 546, in <module>
    print(end-start)
NameError: name 'end' is not defined
##### End of output of failed program #####
##### vdhankar plays [J d6 f4 ; J f4 h2] in 10.0829899311066s #####
##### Running: /usr/lib/jvm/jdk-14.0.1/bin/java -jar /lab/itti/projects/checkers-competition/server/referee.jar on run_20_kojoseph_vdhankar #####
Move is valid
##### SUCCESS: /usr/lib/jvm/jdk-14.0.1/bin/java -jar /lab/itti/projects/checkers-competition/server/referee.jar on run_20_kojoseph_vdhankar #####
INPUT for kojoseph:
GAME
WHITE
299.6
.b.b.b.b
b.b...b.
.b......
......w.
........
w.......
.w.w.w.b
w.w.w.w.
##### Running: /usr/bin/time -o time_20_kojoseph_vdhankar.txt -f "%U" python3 homework.py > stulog.txt 2>&1 on kojoseph #####
##### SUCCESS: /usr/bin/time -o time_20_kojoseph_vdhankar.txt -f "%U" python3 homework.py > stulog.txt 2>&1 on kojoseph #####
##### kojoseph plays [E f2 g3] in 2.18s #####
##### Running: /usr/lib/jvm/jdk-14.0.1/bin/java -jar /lab/itti/projects/checkers-competition/server/referee.jar on run_20_kojoseph_vdhankar #####
Move is valid
##### SUCCESS: /usr/lib/jvm/jdk-14.0.1/bin/java -jar /lab/itti/projects/checkers-competition/server/referee.jar on run_20_kojoseph_vdhankar #####
INPUT for vdhankar:
GAME
BLACK
236.725938558578
.b.b.b.b
b.b...b.
.b......
......w.
........
w.....w.
.w.w...b
w.w.w.w.
##### Running: /usr/bin/time -o time_20_kojoseph_vdhankar.txt -f "%U" python3 homework.py > stulog.txt 2>&1 on vdhankar #####
child exited with value 1
##### ERROR: /usr/bin/time -o time_20_kojoseph_vdhankar.txt -f "%U" python3 homework.py > stulog.txt 2>&1 on vdhankar #####
##### Output of failed program (stdout + stderr): #####
Traceback (most recent call last):
  File "homework.py", line 546, in <module>
    print(end-start)
NameError: name 'end' is not defined
##### End of output of failed program #####
##### vdhankar plays [E c7 d6] in 30.3029501438141s #####
##### Running: /usr/lib/jvm/jdk-14.0.1/bin/java -jar /lab/itti/projects/checkers-competition/server/referee.jar on run_20_kojoseph_vdhankar #####
Move is valid
##### SUCCESS: /usr/lib/jvm/jdk-14.0.1/bin/java -jar /lab/itti/projects/checkers-competition/server/referee.jar on run_20_kojoseph_vdhankar #####
INPUT for kojoseph:
GAME
WHITE
297.42
.b.b.b.b
b.....b.
.b.b....
......w.
........
w.....w.
.w.w...b
w.w.w.w.
##### Running: /usr/bin/time -o time_20_kojoseph_vdhankar.txt -f "%U" python3 homework.py > stulog.txt 2>&1 on kojoseph #####
##### SUCCESS: /usr/bin/time -o time_20_kojoseph_vdhankar.txt -f "%U" python3 homework.py > stulog.txt 2>&1 on kojoseph #####
##### kojoseph plays [E d2 e3] in 2.3s #####
##### Running: /usr/lib/jvm/jdk-14.0.1/bin/java -jar /lab/itti/projects/checkers-competition/server/referee.jar on run_20_kojoseph_vdhankar #####
Move is valid
##### SUCCESS: /usr/lib/jvm/jdk-14.0.1/bin/java -jar /lab/itti/projects/checkers-competition/server/referee.jar on run_20_kojoseph_vdhankar #####
INPUT for vdhankar:
GAME
BLACK
206.422988414764
.b.b.b.b
b.....b.
.b.b....
......w.
........
w...w.w.
.w.....b
w.w.w.w.
##### Running: /usr/bin/time -o time_20_kojoseph_vdhankar.txt -f "%U" python3 homework.py > stulog.txt 2>&1 on vdhankar #####
child exited with value 1
##### ERROR: /usr/bin/time -o time_20_kojoseph_vdhankar.txt -f "%U" python3 homework.py > stulog.txt 2>&1 on vdhankar #####
##### Output of failed program (stdout + stderr): #####
Traceback (most recent call last):
  File "homework.py", line 546, in <module>
    print(end-start)
NameError: name 'end' is not defined
##### End of output of failed program #####
##### vdhankar plays [E d6 c5] in 59.2954180240631s #####
##### Running: /usr/lib/jvm/jdk-14.0.1/bin/java -jar /lab/itti/projects/checkers-competition/server/referee.jar on run_20_kojoseph_vdhankar #####
Move is valid
##### SUCCESS: /usr/lib/jvm/jdk-14.0.1/bin/java -jar /lab/itti/projects/checkers-competition/server/referee.jar on run_20_kojoseph_vdhankar #####
INPUT for kojoseph:
GAME
WHITE
295.12
.b.b.b.b
b.....b.
.b......
..b...w.
........
w...w.w.
.w.....b
w.w.w.w.
##### Running: /usr/bin/time -o time_20_kojoseph_vdhankar.txt -f "%U" python3 homework.py > stulog.txt 2>&1 on kojoseph #####
##### SUCCESS: /usr/bin/time -o time_20_kojoseph_vdhankar.txt -f "%U" python3 homework.py > stulog.txt 2>&1 on kojoseph #####
##### kojoseph plays [E e1 f2] in 3.65s #####
##### Running: /usr/lib/jvm/jdk-14.0.1/bin/java -jar /lab/itti/projects/checkers-competition/server/referee.jar on run_20_kojoseph_vdhankar #####
Move is valid
##### SUCCESS: /usr/lib/jvm/jdk-14.0.1/bin/java -jar /lab/itti/projects/checkers-competition/server/referee.jar on run_20_kojoseph_vdhankar #####
INPUT for vdhankar:
GAME
BLACK
147.127570390701
.b.b.b.b
b.....b.
.b......
..b...w.
........
w...w.w.
.w...w.b
w.w...w.
##### Running: /usr/bin/time -o time_20_kojoseph_vdhankar.txt -f "%U" python3 homework.py > stulog.txt 2>&1 on vdhankar #####
child exited with value 1
##### ERROR: /usr/bin/time -o time_20_kojoseph_vdhankar.txt -f "%U" python3 homework.py > stulog.txt 2>&1 on vdhankar #####
##### Output of failed program (stdout + stderr): #####
Traceback (most recent call last):
  File "homework.py", line 546, in <module>
    print(end-start)
NameError: name 'end' is not defined
##### End of output of failed program #####
##### vdhankar plays [E c5 d4] in 15.4178760051727s #####
##### Running: /usr/lib/jvm/jdk-14.0.1/bin/java -jar /lab/itti/projects/checkers-competition/server/referee.jar on run_20_kojoseph_vdhankar #####
Move is valid
##### SUCCESS: /usr/lib/jvm/jdk-14.0.1/bin/java -jar /lab/itti/projects/checkers-competition/server/referee.jar on run_20_kojoseph_vdhankar #####
INPUT for kojoseph:
GAME
WHITE
291.47
.b.b.b.b
b.....b.
.b......
......w.
...b....
w...w.w.
.w...w.b
w.w...w.
##### Running: /usr/bin/time -o time_20_kojoseph_vdhankar.txt -f "%U" python3 homework.py > stulog.txt 2>&1 on kojoseph #####
##### SUCCESS: /usr/bin/time -o time_20_kojoseph_vdhankar.txt -f "%U" python3 homework.py > stulog.txt 2>&1 on kojoseph #####
##### kojoseph plays [J e3 c5] in 0.13s #####
##### Running: /usr/lib/jvm/jdk-14.0.1/bin/java -jar /lab/itti/projects/checkers-competition/server/referee.jar on run_20_kojoseph_vdhankar #####
Move is valid
##### SUCCESS: /usr/lib/jvm/jdk-14.0.1/bin/java -jar /lab/itti/projects/checkers-competition/server/referee.jar on run_20_kojoseph_vdhankar #####
INPUT for vdhankar:
GAME
BLACK
131.709694385529
.b.b.b.b
b.....b.
.b......
..w...w.
........
w.....w.
.w...w.b
w.w...w.
##### Running: /usr/bin/time -o time_20_kojoseph_vdhankar.txt -f "%U" python3 homework.py > stulog.txt 2>&1 on vdhankar #####
child exited with value 1
##### ERROR: /usr/bin/time -o time_20_kojoseph_vdhankar.txt -f "%U" python3 homework.py > stulog.txt 2>&1 on vdhankar #####
##### Output of failed program (stdout + stderr): #####
Traceback (most recent call last):
  File "homework.py", line 546, in <module>
    print(end-start)
NameError: name 'end' is not defined
##### End of output of failed program #####
##### vdhankar plays [J b6 d4] in 7.13120794296265s #####
##### Running: /usr/lib/jvm/jdk-14.0.1/bin/java -jar /lab/itti/projects/checkers-competition/server/referee.jar on run_20_kojoseph_vdhankar #####
Move is valid
##### SUCCESS: /usr/lib/jvm/jdk-14.0.1/bin/java -jar /lab/itti/projects/checkers-competition/server/referee.jar on run_20_kojoseph_vdhankar #####
INPUT for kojoseph:
GAME
WHITE
291.34
.b.b.b.b
b.....b.
........
......w.
...b....
w.....w.
.w...w.b
w.w...w.
##### Running: /usr/bin/time -o time_20_kojoseph_vdhankar.txt -f "%U" python3 homework.py > stulog.txt 2>&1 on kojoseph #####
##### SUCCESS: /usr/bin/time -o time_20_kojoseph_vdhankar.txt -f "%U" python3 homework.py > stulog.txt 2>&1 on kojoseph #####
##### kojoseph plays [E c1 d2] in 0.83s #####
##### Running: /usr/lib/jvm/jdk-14.0.1/bin/java -jar /lab/itti/projects/checkers-competition/server/referee.jar on run_20_kojoseph_vdhankar #####
Move is valid
##### SUCCESS: /usr/lib/jvm/jdk-14.0.1/bin/java -jar /lab/itti/projects/checkers-competition/server/referee.jar on run_20_kojoseph_vdhankar #####
INPUT for vdhankar:
GAME
BLACK
124.578486442566
.b.b.b.b
b.....b.
........
......w.
...b....
w.....w.
.w.w.w.b
w.....w.
##### Running: /usr/bin/time -o time_20_kojoseph_vdhankar.txt -f "%U" python3 homework.py > stulog.txt 2>&1 on vdhankar #####
child exited with value 1
##### ERROR: /usr/bin/time -o time_20_kojoseph_vdhankar.txt -f "%U" python3 homework.py > stulog.txt 2>&1 on vdhankar #####
##### Output of failed program (stdout + stderr): #####
Traceback (most recent call last):
  File "homework.py", line 546, in <module>
    print(end-start)
NameError: name 'end' is not defined
##### End of output of failed program #####
##### vdhankar plays [E d4 c3] in 19.1659660339355s #####
##### Running: /usr/lib/jvm/jdk-14.0.1/bin/java -jar /lab/itti/projects/checkers-competition/server/referee.jar on run_20_kojoseph_vdhankar #####
Move is valid
##### SUCCESS: /usr/lib/jvm/jdk-14.0.1/bin/java -jar /lab/itti/projects/checkers-competition/server/referee.jar on run_20_kojoseph_vdhankar #####
INPUT for kojoseph:
GAME
WHITE
290.51
.b.b.b.b
b.....b.
........
......w.
........
w.b...w.
.w.w.w.b
w.....w.
##### Running: /usr/bin/time -o time_20_kojoseph_vdhankar.txt -f "%U" python3 homework.py > stulog.txt 2>&1 on kojoseph #####
##### SUCCESS: /usr/bin/time -o time_20_kojoseph_vdhankar.txt -f "%U" python3 homework.py > stulog.txt 2>&1 on kojoseph #####
##### kojoseph plays [J b2 d4] in 0.56s #####
##### Running: /usr/lib/jvm/jdk-14.0.1/bin/java -jar /lab/itti/projects/checkers-competition/server/referee.jar on run_20_kojoseph_vdhankar #####
Move is valid
##### SUCCESS: /usr/lib/jvm/jdk-14.0.1/bin/java -jar /lab/itti/projects/checkers-competition/server/referee.jar on run_20_kojoseph_vdhankar #####
INPUT for vdhankar:
GAME
BLACK
105.41252040863
.b.b.b.b
b.....b.
........
......w.
...w....
w.....w.
...w.w.b
w.....w.
##### Running: /usr/bin/time -o time_20_kojoseph_vdhankar.txt -f "%U" python3 homework.py > stulog.txt 2>&1 on vdhankar #####
child exited with value 1
##### ERROR: /usr/bin/time -o time_20_kojoseph_vdhankar.txt -f "%U" python3 homework.py > stulog.txt 2>&1 on vdhankar #####
##### Output of failed program (stdout + stderr): #####
Traceback (most recent call last):
  File "homework.py", line 546, in <module>
    print(end-start)
NameError: name 'end' is not defined
##### End of output of failed program #####
##### vdhankar plays [E a7 b6] in 25.3692889213562s #####
##### Running: /usr/lib/jvm/jdk-14.0.1/bin/java -jar /lab/itti/projects/checkers-competition/server/referee.jar on run_20_kojoseph_vdhankar #####
Move is valid
##### SUCCESS: /usr/lib/jvm/jdk-14.0.1/bin/java -jar /lab/itti/projects/checkers-competition/server/referee.jar on run_20_kojoseph_vdhankar #####
INPUT for kojoseph:
GAME
WHITE
289.95
.b.b.b.b
......b.
.b......
......w.
...w....
w.....w.
...w.w.b
w.....w.
##### Running: /usr/bin/time -o time_20_kojoseph_vdhankar.txt -f "%U" python3 homework.py > stulog.txt 2>&1 on kojoseph #####
##### SUCCESS: /usr/bin/time -o time_20_kojoseph_vdhankar.txt -f "%U" python3 homework.py > stulog.txt 2>&1 on kojoseph #####
##### kojoseph plays [E g3 h4] in 2.43s #####
##### Running: /usr/lib/jvm/jdk-14.0.1/bin/java -jar /lab/itti/projects/checkers-competition/server/referee.jar on run_20_kojoseph_vdhankar #####
Move is valid
##### SUCCESS: /usr/lib/jvm/jdk-14.0.1/bin/java -jar /lab/itti/projects/checkers-competition/server/referee.jar on run_20_kojoseph_vdhankar #####
INPUT for vdhankar:
GAME
BLACK
80.0432314872742
.b.b.b.b
......b.
.b......
......w.
...w...w
w.......
...w.w.b
w.....w.
##### Running: /usr/bin/time -o time_20_kojoseph_vdhankar.txt -f "%U" python3 homework.py > stulog.txt 2>&1 on vdhankar #####
child exited with value 1
##### ERROR: /usr/bin/time -o time_20_kojoseph_vdhankar.txt -f "%U" python3 homework.py > stulog.txt 2>&1 on vdhankar #####
##### Output of failed program (stdout + stderr): #####
Traceback (most recent call last):
  File "homework.py", line 546, in <module>
    print(end-start)
NameError: name 'end' is not defined
##### End of output of failed program #####
##### vdhankar plays [E f8 e7] in 19.8302009105682s #####
##### Running: /usr/lib/jvm/jdk-14.0.1/bin/java -jar /lab/itti/projects/checkers-competition/server/referee.jar on run_20_kojoseph_vdhankar #####
Move is valid
##### SUCCESS: /usr/lib/jvm/jdk-14.0.1/bin/java -jar /lab/itti/projects/checkers-competition/server/referee.jar on run_20_kojoseph_vdhankar #####
INPUT for kojoseph:
GAME
WHITE
287.52
.b.b...b
....b.b.
.b......
......w.
...w...w
w.......
...w.w.b
w.....w.
##### Running: /usr/bin/time -o time_20_kojoseph_vdhankar.txt -f "%U" python3 homework.py > stulog.txt 2>&1 on kojoseph #####
##### SUCCESS: /usr/bin/time -o time_20_kojoseph_vdhankar.txt -f "%U" python3 homework.py > stulog.txt 2>&1 on kojoseph #####
##### kojoseph plays [E d2 c3] in 1.99s #####
##### Running: /usr/lib/jvm/jdk-14.0.1/bin/java -jar /lab/itti/projects/checkers-competition/server/referee.jar on run_20_kojoseph_vdhankar #####
Move is valid
##### SUCCESS: /usr/lib/jvm/jdk-14.0.1/bin/java -jar /lab/itti/projects/checkers-competition/server/referee.jar on run_20_kojoseph_vdhankar #####
INPUT for vdhankar:
GAME
BLACK
60.2130305767059
.b.b...b
....b.b.
.b......
......w.
...w...w
w.w.....
.....w.b
w.....w.
##### Running: /usr/bin/time -o time_20_kojoseph_vdhankar.txt -f "%U" python3 homework.py > stulog.txt 2>&1 on vdhankar #####
child exited with value 1
##### ERROR: /usr/bin/time -o time_20_kojoseph_vdhankar.txt -f "%U" python3 homework.py > stulog.txt 2>&1 on vdhankar #####
##### Output of failed program (stdout + stderr): #####
Traceback (most recent call last):
  File "homework.py", line 546, in <module>
    print(end-start)
NameError: name 'end' is not defined
##### End of output of failed program #####
##### vdhankar plays [E e7 f6] in 6.34482789039612s #####
##### Running: /usr/lib/jvm/jdk-14.0.1/bin/java -jar /lab/itti/projects/checkers-competition/server/referee.jar on run_20_kojoseph_vdhankar #####
Move is valid
##### SUCCESS: /usr/lib/jvm/jdk-14.0.1/bin/java -jar /lab/itti/projects/checkers-competition/server/referee.jar on run_20_kojoseph_vdhankar #####
INPUT for kojoseph:
GAME
WHITE
285.53
.b.b...b
......b.
.b...b..
......w.
...w...w
w.w.....
.....w.b
w.....w.
##### Running: /usr/bin/time -o time_20_kojoseph_vdhankar.txt -f "%U" python3 homework.py > stulog.txt 2>&1 on kojoseph #####
##### SUCCESS: /usr/bin/time -o time_20_kojoseph_vdhankar.txt -f "%U" python3 homework.py > stulog.txt 2>&1 on kojoseph #####
##### kojoseph plays [J g5 e7] in 0.12s #####
##### Running: /usr/lib/jvm/jdk-14.0.1/bin/java -jar /lab/itti/projects/checkers-competition/server/referee.jar on run_20_kojoseph_vdhankar #####
Move is valid
##### SUCCESS: /usr/lib/jvm/jdk-14.0.1/bin/java -jar /lab/itti/projects/checkers-competition/server/referee.jar on run_20_kojoseph_vdhankar #####
INPUT for vdhankar:
GAME
BLACK
53.8682026863098
.b.b...b
....w.b.
.b......
........
...w...w
w.w.....
.....w.b
w.....w.
##### Running: /usr/bin/time -o time_20_kojoseph_vdhankar.txt -f "%U" python3 homework.py > stulog.txt 2>&1 on vdhankar #####
child exited with value 1
##### ERROR: /usr/bin/time -o time_20_kojoseph_vdhankar.txt -f "%U" python3 homework.py > stulog.txt 2>&1 on vdhankar #####
##### Output of failed program (stdout + stderr): #####
Traceback (most recent call last):
  File "homework.py", line 546, in <module>
    print(end-start)
NameError: name 'end' is not defined
##### End of output of failed program #####
##### vdhankar plays [J d8 f6] in 1.56112694740295s #####
##### Running: /usr/lib/jvm/jdk-14.0.1/bin/java -jar /lab/itti/projects/checkers-competition/server/referee.jar on run_20_kojoseph_vdhankar #####
Move is valid
##### SUCCESS: /usr/lib/jvm/jdk-14.0.1/bin/java -jar /lab/itti/projects/checkers-competition/server/referee.jar on run_20_kojoseph_vdhankar #####
INPUT for kojoseph:
GAME
WHITE
285.41
.b.....b
......b.
.b...b..
........
...w...w
w.w.....
.....w.b
w.....w.
##### Running: /usr/bin/time -o time_20_kojoseph_vdhankar.txt -f "%U" python3 homework.py > stulog.txt 2>&1 on kojoseph #####
##### SUCCESS: /usr/bin/time -o time_20_kojoseph_vdhankar.txt -f "%U" python3 homework.py > stulog.txt 2>&1 on kojoseph #####
##### kojoseph plays [E c3 b4] in 0.63s #####
##### Running: /usr/lib/jvm/jdk-14.0.1/bin/java -jar /lab/itti/projects/checkers-competition/server/referee.jar on run_20_kojoseph_vdhankar #####
Move is valid
##### SUCCESS: /usr/lib/jvm/jdk-14.0.1/bin/java -jar /lab/itti/projects/checkers-competition/server/referee.jar on run_20_kojoseph_vdhankar #####
INPUT for vdhankar:
GAME
BLACK
52.3070757389069
.b.....b
......b.
.b...b..
........
.w.w...w
w.......
.....w.b
w.....w.
##### Running: /usr/bin/time -o time_20_kojoseph_vdhankar.txt -f "%U" python3 homework.py > stulog.txt 2>&1 on vdhankar #####
child exited with value 1
##### ERROR: /usr/bin/time -o time_20_kojoseph_vdhankar.txt -f "%U" python3 homework.py > stulog.txt 2>&1 on vdhankar #####
##### Output of failed program (stdout + stderr): #####
Traceback (most recent call last):
  File "homework.py", line 546, in <module>
    print(end-start)
NameError: name 'end' is not defined
##### End of output of failed program #####
##### vdhankar plays [E f6 g5] in 2.00788903236389s #####
##### Running: /usr/lib/jvm/jdk-14.0.1/bin/java -jar /lab/itti/projects/checkers-competition/server/referee.jar on run_20_kojoseph_vdhankar #####
Move is valid
##### SUCCESS: /usr/lib/jvm/jdk-14.0.1/bin/java -jar /lab/itti/projects/checkers-competition/server/referee.jar on run_20_kojoseph_vdhankar #####
INPUT for kojoseph:
GAME
WHITE
284.78
.b.....b
......b.
.b......
......b.
.w.w...w
w.......
.....w.b
w.....w.
##### Running: /usr/bin/time -o time_20_kojoseph_vdhankar.txt -f "%U" python3 homework.py > stulog.txt 2>&1 on kojoseph #####
##### SUCCESS: /usr/bin/time -o time_20_kojoseph_vdhankar.txt -f "%U" python3 homework.py > stulog.txt 2>&1 on kojoseph #####
##### kojoseph plays [J h4 f6] in 0.08s #####
##### Running: /usr/lib/jvm/jdk-14.0.1/bin/java -jar /lab/itti/projects/checkers-competition/server/referee.jar on run_20_kojoseph_vdhankar #####
Move is valid
##### SUCCESS: /usr/lib/jvm/jdk-14.0.1/bin/java -jar /lab/itti/projects/checkers-competition/server/referee.jar on run_20_kojoseph_vdhankar #####
INPUT for vdhankar:
GAME
BLACK
50.299186706543
.b.....b
......b.
.b...w..
........
.w.w....
w.......
.....w.b
w.....w.
##### Running: /usr/bin/time -o time_20_kojoseph_vdhankar.txt -f "%U" python3 homework.py > stulog.txt 2>&1 on vdhankar #####
child exited with value 1
##### ERROR: /usr/bin/time -o time_20_kojoseph_vdhankar.txt -f "%U" python3 homework.py > stulog.txt 2>&1 on vdhankar #####
##### Output of failed program (stdout + stderr): #####
Traceback (most recent call last):
  File "homework.py", line 546, in <module>
    print(end-start)
NameError: name 'end' is not defined
##### End of output of failed program #####
##### vdhankar plays [J g7 e5 ; J e5 c3] in 1.12737798690796s #####
##### Running: /usr/lib/jvm/jdk-14.0.1/bin/java -jar /lab/itti/projects/checkers-competition/server/referee.jar on run_20_kojoseph_vdhankar #####
Move is valid
##### SUCCESS: /usr/lib/jvm/jdk-14.0.1/bin/java -jar /lab/itti/projects/checkers-competition/server/referee.jar on run_20_kojoseph_vdhankar #####
INPUT for kojoseph:
GAME
WHITE
284.7
.b.....b
........
.b......
........
.w......
w.b.....
.....w.b
w.....w.
##### Running: /usr/bin/time -o time_20_kojoseph_vdhankar.txt -f "%U" python3 homework.py > stulog.txt 2>&1 on kojoseph #####
##### SUCCESS: /usr/bin/time -o time_20_kojoseph_vdhankar.txt -f "%U" python3 homework.py > stulog.txt 2>&1 on kojoseph #####
##### kojoseph plays [E a1 b2] in 0.24s #####
##### Running: /usr/lib/jvm/jdk-14.0.1/bin/java -jar /lab/itti/projects/checkers-competition/server/referee.jar on run_20_kojoseph_vdhankar #####
Move is valid
##### SUCCESS: /usr/lib/jvm/jdk-14.0.1/bin/java -jar /lab/itti/projects/checkers-competition/server/referee.jar on run_20_kojoseph_vdhankar #####
INPUT for vdhankar:
GAME
BLACK
49.171808719635
.b.....b
........
.b......
........
.w......
w.b.....
.w...w.b
......w.
##### Running: /usr/bin/time -o time_20_kojoseph_vdhankar.txt -f "%U" python3 homework.py > stulog.txt 2>&1 on vdhankar #####
child exited with value 1
##### ERROR: /usr/bin/time -o time_20_kojoseph_vdhankar.txt -f "%U" python3 homework.py > stulog.txt 2>&1 on vdhankar #####
##### Output of failed program (stdout + stderr): #####
Traceback (most recent call last):
  File "homework.py", line 546, in <module>
    print(end-start)
NameError: name 'end' is not defined
##### End of output of failed program #####
##### vdhankar plays [J c3 a1] in 0.408061027526855s #####
##### Running: /usr/lib/jvm/jdk-14.0.1/bin/java -jar /lab/itti/projects/checkers-competition/server/referee.jar on run_20_kojoseph_vdhankar #####
Move is valid
##### SUCCESS: /usr/lib/jvm/jdk-14.0.1/bin/java -jar /lab/itti/projects/checkers-competition/server/referee.jar on run_20_kojoseph_vdhankar #####
INPUT for kojoseph:
GAME
WHITE
284.46
.b.....b
........
.b......
........
.w......
w.......
.....w.b
B.....w.
##### Running: /usr/bin/time -o time_20_kojoseph_vdhankar.txt -f "%U" python3 homework.py > stulog.txt 2>&1 on kojoseph #####
##### SUCCESS: /usr/bin/time -o time_20_kojoseph_vdhankar.txt -f "%U" python3 homework.py > stulog.txt 2>&1 on kojoseph #####
##### kojoseph plays [E f2 e3] in 0.27s #####
##### Running: /usr/lib/jvm/jdk-14.0.1/bin/java -jar /lab/itti/projects/checkers-competition/server/referee.jar on run_20_kojoseph_vdhankar #####
Move is valid
##### SUCCESS: /usr/lib/jvm/jdk-14.0.1/bin/java -jar /lab/itti/projects/checkers-competition/server/referee.jar on run_20_kojoseph_vdhankar #####
INPUT for vdhankar:
GAME
BLACK
48.7637476921082
.b.....b
........
.b......
........
.w......
w...w...
.......b
B.....w.
##### Running: /usr/bin/time -o time_20_kojoseph_vdhankar.txt -f "%U" python3 homework.py > stulog.txt 2>&1 on vdhankar #####
child exited with value 1
##### ERROR: /usr/bin/time -o time_20_kojoseph_vdhankar.txt -f "%U" python3 homework.py > stulog.txt 2>&1 on vdhankar #####
##### Output of failed program (stdout + stderr): #####
Traceback (most recent call last):
  File "homework.py", line 546, in <module>
    print(end-start)
NameError: name 'end' is not defined
##### End of output of failed program #####
##### vdhankar plays [E a1 b2] in 0.717351913452148s #####
##### Running: /usr/lib/jvm/jdk-14.0.1/bin/java -jar /lab/itti/projects/checkers-competition/server/referee.jar on run_20_kojoseph_vdhankar #####
Move is valid
##### SUCCESS: /usr/lib/jvm/jdk-14.0.1/bin/java -jar /lab/itti/projects/checkers-competition/server/referee.jar on run_20_kojoseph_vdhankar #####
INPUT for kojoseph:
GAME
WHITE
284.19
.b.....b
........
.b......
........
.w......
w...w...
.B.....b
......w.
##### Running: /usr/bin/time -o time_20_kojoseph_vdhankar.txt -f "%U" python3 homework.py > stulog.txt 2>&1 on kojoseph #####
##### SUCCESS: /usr/bin/time -o time_20_kojoseph_vdhankar.txt -f "%U" python3 homework.py > stulog.txt 2>&1 on kojoseph #####
##### kojoseph plays [E g1 f2] in 0.81s #####
##### Running: /usr/lib/jvm/jdk-14.0.1/bin/java -jar /lab/itti/projects/checkers-competition/server/referee.jar on run_20_kojoseph_vdhankar #####
Move is valid
##### SUCCESS: /usr/lib/jvm/jdk-14.0.1/bin/java -jar /lab/itti/projects/checkers-competition/server/referee.jar on run_20_kojoseph_vdhankar #####
INPUT for vdhankar:
GAME
BLACK
48.046395778656
.b.....b
........
.b......
........
.w......
w...w...
.B...w.b
........
##### Running: /usr/bin/time -o time_20_kojoseph_vdhankar.txt -f "%U" python3 homework.py > stulog.txt 2>&1 on vdhankar #####
child exited with value 1
##### ERROR: /usr/bin/time -o time_20_kojoseph_vdhankar.txt -f "%U" python3 homework.py > stulog.txt 2>&1 on vdhankar #####
##### Output of failed program (stdout + stderr): #####
Traceback (most recent call last):
  File "homework.py", line 546, in <module>
    print(end-start)
NameError: name 'end' is not defined
##### End of output of failed program #####
##### vdhankar plays [E b6 a5] in 1.6502251625061s #####
##### Running: /usr/lib/jvm/jdk-14.0.1/bin/java -jar /lab/itti/projects/checkers-competition/server/referee.jar on run_20_kojoseph_vdhankar #####
Move is valid
##### SUCCESS: /usr/lib/jvm/jdk-14.0.1/bin/java -jar /lab/itti/projects/checkers-competition/server/referee.jar on run_20_kojoseph_vdhankar #####
INPUT for kojoseph:
GAME
WHITE
283.38
.b.....b
........
........
b.......
.w......
w...w...
.B...w.b
........
##### Running: /usr/bin/time -o time_20_kojoseph_vdhankar.txt -f "%U" python3 homework.py > stulog.txt 2>&1 on kojoseph #####
##### SUCCESS: /usr/bin/time -o time_20_kojoseph_vdhankar.txt -f "%U" python3 homework.py > stulog.txt 2>&1 on kojoseph #####
##### kojoseph plays [E b4 c5] in 0.71s #####
##### Running: /usr/lib/jvm/jdk-14.0.1/bin/java -jar /lab/itti/projects/checkers-competition/server/referee.jar on run_20_kojoseph_vdhankar #####
Move is valid
##### SUCCESS: /usr/lib/jvm/jdk-14.0.1/bin/java -jar /lab/itti/projects/checkers-competition/server/referee.jar on run_20_kojoseph_vdhankar #####
INPUT for vdhankar:
GAME
BLACK
46.3961706161499
.b.....b
........
........
b.w.....
........
w...w...
.B...w.b
........
##### Running: /usr/bin/time -o time_20_kojoseph_vdhankar.txt -f "%U" python3 homework.py > stulog.txt 2>&1 on vdhankar #####
child exited with value 1
##### ERROR: /usr/bin/time -o time_20_kojoseph_vdhankar.txt -f "%U" python3 homework.py > stulog.txt 2>&1 on vdhankar #####
##### Output of failed program (stdout + stderr): #####
Traceback (most recent call last):
  File "homework.py", line 546, in <module>
    print(end-start)
NameError: name 'end' is not defined
##### End of output of failed program #####
##### vdhankar plays [E h2 g1] in 3.27159714698792s #####
##### Running: /usr/lib/jvm/jdk-14.0.1/bin/java -jar /lab/itti/projects/checkers-competition/server/referee.jar on run_20_kojoseph_vdhankar #####
Move is valid
##### SUCCESS: /usr/lib/jvm/jdk-14.0.1/bin/java -jar /lab/itti/projects/checkers-competition/server/referee.jar on run_20_kojoseph_vdhankar #####
INPUT for kojoseph:
GAME
WHITE
282.67
.b.....b
........
........
b.w.....
........
w...w...
.B...w..
......B.
##### Running: /usr/bin/time -o time_20_kojoseph_vdhankar.txt -f "%U" python3 homework.py > stulog.txt 2>&1 on kojoseph #####
##### SUCCESS: /usr/bin/time -o time_20_kojoseph_vdhankar.txt -f "%U" python3 homework.py > stulog.txt 2>&1 on kojoseph #####
##### kojoseph plays [E f2 g3] in 1.56s #####
##### Running: /usr/lib/jvm/jdk-14.0.1/bin/java -jar /lab/itti/projects/checkers-competition/server/referee.jar on run_20_kojoseph_vdhankar #####
Move is valid
##### SUCCESS: /usr/lib/jvm/jdk-14.0.1/bin/java -jar /lab/itti/projects/checkers-competition/server/referee.jar on run_20_kojoseph_vdhankar #####
INPUT for vdhankar:
GAME
BLACK
43.124573469162
.b.....b
........
........
b.w.....
........
w...w.w.
.B......
......B.
##### Running: /usr/bin/time -o time_20_kojoseph_vdhankar.txt -f "%U" python3 homework.py > stulog.txt 2>&1 on vdhankar #####
child exited with value 1
##### ERROR: /usr/bin/time -o time_20_kojoseph_vdhankar.txt -f "%U" python3 homework.py > stulog.txt 2>&1 on vdhankar #####
##### Output of failed program (stdout + stderr): #####
Traceback (most recent call last):
  File "homework.py", line 546, in <module>
    print(end-start)
NameError: name 'end' is not defined
##### End of output of failed program #####
##### vdhankar plays [E g1 f2] in 4.97761917114258s #####
##### Running: /usr/lib/jvm/jdk-14.0.1/bin/java -jar /lab/itti/projects/checkers-competition/server/referee.jar on run_20_kojoseph_vdhankar #####
Move is valid
##### SUCCESS: /usr/lib/jvm/jdk-14.0.1/bin/java -jar /lab/itti/projects/checkers-competition/server/referee.jar on run_20_kojoseph_vdhankar #####
INPUT for kojoseph:
GAME
WHITE
281.11
.b.....b
........
........
b.w.....
........
w...w.w.
.B...B..
........
##### Running: /usr/bin/time -o time_20_kojoseph_vdhankar.txt -f "%U" python3 homework.py > stulog.txt 2>&1 on kojoseph #####
##### SUCCESS: /usr/bin/time -o time_20_kojoseph_vdhankar.txt -f "%U" python3 homework.py > stulog.txt 2>&1 on kojoseph #####
##### kojoseph plays [E e3 d4] in 0.35s #####
##### Running: /usr/lib/jvm/jdk-14.0.1/bin/java -jar /lab/itti/projects/checkers-competition/server/referee.jar on run_20_kojoseph_vdhankar #####
Move is valid
##### SUCCESS: /usr/lib/jvm/jdk-14.0.1/bin/java -jar /lab/itti/projects/checkers-competition/server/referee.jar on run_20_kojoseph_vdhankar #####
INPUT for vdhankar:
GAME
BLACK
38.1469542980194
.b.....b
........
........
b.w.....
...w....
w.....w.
.B...B..
........
##### Running: /usr/bin/time -o time_20_kojoseph_vdhankar.txt -f "%U" python3 homework.py > stulog.txt 2>&1 on vdhankar #####
child exited with value 1
##### ERROR: /usr/bin/time -o time_20_kojoseph_vdhankar.txt -f "%U" python3 homework.py > stulog.txt 2>&1 on vdhankar #####
##### Output of failed program (stdout + stderr): #####
Traceback (most recent call last):
  File "homework.py", line 546, in <module>
    print(end-start)
NameError: name 'end' is not defined
##### End of output of failed program #####
##### vdhankar plays [J f2 h4] in 0.888071060180664s #####
##### Running: /usr/lib/jvm/jdk-14.0.1/bin/java -jar /lab/itti/projects/checkers-competition/server/referee.jar on run_20_kojoseph_vdhankar #####
Move is valid
##### SUCCESS: /usr/lib/jvm/jdk-14.0.1/bin/java -jar /lab/itti/projects/checkers-competition/server/referee.jar on run_20_kojoseph_vdhankar #####
INPUT for kojoseph:
GAME
WHITE
280.76
.b.....b
........
........
b.w.....
...w...B
w.......
.B......
........
##### Running: /usr/bin/time -o time_20_kojoseph_vdhankar.txt -f "%U" python3 homework.py > stulog.txt 2>&1 on kojoseph #####
##### SUCCESS: /usr/bin/time -o time_20_kojoseph_vdhankar.txt -f "%U" python3 homework.py > stulog.txt 2>&1 on kojoseph #####
##### kojoseph plays [E c5 d6] in 0.45s #####
##### Running: /usr/lib/jvm/jdk-14.0.1/bin/java -jar /lab/itti/projects/checkers-competition/server/referee.jar on run_20_kojoseph_vdhankar #####
Move is valid
##### SUCCESS: /usr/lib/jvm/jdk-14.0.1/bin/java -jar /lab/itti/projects/checkers-competition/server/referee.jar on run_20_kojoseph_vdhankar #####
INPUT for vdhankar:
GAME
BLACK
37.2588832378387
.b.....b
........
...w....
b.......
...w...B
w.......
.B......
........
##### Running: /usr/bin/time -o time_20_kojoseph_vdhankar.txt -f "%U" python3 homework.py > stulog.txt 2>&1 on vdhankar #####
child exited with value 1
##### ERROR: /usr/bin/time -o time_20_kojoseph_vdhankar.txt -f "%U" python3 homework.py > stulog.txt 2>&1 on vdhankar #####
##### Output of failed program (stdout + stderr): #####
Traceback (most recent call last):
  File "homework.py", line 546, in <module>
    print(end-start)
NameError: name 'end' is not defined
##### End of output of failed program #####
##### vdhankar plays [E b2 c3] in 1.88862586021423s #####
##### Running: /usr/lib/jvm/jdk-14.0.1/bin/java -jar /lab/itti/projects/checkers-competition/server/referee.jar on run_20_kojoseph_vdhankar #####
Move is valid
##### SUCCESS: /usr/lib/jvm/jdk-14.0.1/bin/java -jar /lab/itti/projects/checkers-competition/server/referee.jar on run_20_kojoseph_vdhankar #####
INPUT for kojoseph:
GAME
WHITE
280.31
.b.....b
........
...w....
b.......
...w...B
w.B.....
........
........
##### Running: /usr/bin/time -o time_20_kojoseph_vdhankar.txt -f "%U" python3 homework.py > stulog.txt 2>&1 on kojoseph #####
##### SUCCESS: /usr/bin/time -o time_20_kojoseph_vdhankar.txt -f "%U" python3 homework.py > stulog.txt 2>&1 on kojoseph #####
##### kojoseph plays [E d4 c5] in 0.7s #####
##### Running: /usr/lib/jvm/jdk-14.0.1/bin/java -jar /lab/itti/projects/checkers-competition/server/referee.jar on run_20_kojoseph_vdhankar #####
Move is valid
##### SUCCESS: /usr/lib/jvm/jdk-14.0.1/bin/java -jar /lab/itti/projects/checkers-competition/server/referee.jar on run_20_kojoseph_vdhankar #####
INPUT for vdhankar:
GAME
BLACK
35.3702573776245
.b.....b
........
...w....
b.w.....
.......B
w.B.....
........
........
##### Running: /usr/bin/time -o time_20_kojoseph_vdhankar.txt -f "%U" python3 homework.py > stulog.txt 2>&1 on vdhankar #####
child exited with value 1
##### ERROR: /usr/bin/time -o time_20_kojoseph_vdhankar.txt -f "%U" python3 homework.py > stulog.txt 2>&1 on vdhankar #####
##### Output of failed program (stdout + stderr): #####
Traceback (most recent call last):
  File "homework.py", line 546, in <module>
    print(end-start)
NameError: name 'end' is not defined
##### End of output of failed program #####
##### vdhankar plays [E c3 d2] in 2.0034019947052s #####
##### Running: /usr/lib/jvm/jdk-14.0.1/bin/java -jar /lab/itti/projects/checkers-competition/server/referee.jar on run_20_kojoseph_vdhankar #####
Move is valid
##### SUCCESS: /usr/lib/jvm/jdk-14.0.1/bin/java -jar /lab/itti/projects/checkers-competition/server/referee.jar on run_20_kojoseph_vdhankar #####
INPUT for kojoseph:
GAME
WHITE
279.61
.b.....b
........
...w....
b.w.....
.......B
w.......
...B....
........
##### Running: /usr/bin/time -o time_20_kojoseph_vdhankar.txt -f "%U" python3 homework.py > stulog.txt 2>&1 on kojoseph #####
##### SUCCESS: /usr/bin/time -o time_20_kojoseph_vdhankar.txt -f "%U" python3 homework.py > stulog.txt 2>&1 on kojoseph #####
##### kojoseph plays [E d6 e7] in 1.07s #####
##### Running: /usr/lib/jvm/jdk-14.0.1/bin/java -jar /lab/itti/projects/checkers-competition/server/referee.jar on run_20_kojoseph_vdhankar #####
Move is valid
##### SUCCESS: /usr/lib/jvm/jdk-14.0.1/bin/java -jar /lab/itti/projects/checkers-competition/server/referee.jar on run_20_kojoseph_vdhankar #####
INPUT for vdhankar:
GAME
BLACK
33.3668553829193
.b.....b
....w...
........
b.w.....
.......B
w.......
...B....
........
##### Running: /usr/bin/time -o time_20_kojoseph_vdhankar.txt -f "%U" python3 homework.py > stulog.txt 2>&1 on vdhankar #####
child exited with value 1
##### ERROR: /usr/bin/time -o time_20_kojoseph_vdhankar.txt -f "%U" python3 homework.py > stulog.txt 2>&1 on vdhankar #####
##### Output of failed program (stdout + stderr): #####
Traceback (most recent call last):
  File "homework.py", line 546, in <module>
    print(end-start)
NameError: name 'end' is not defined
##### End of output of failed program #####
##### vdhankar plays [E a5 b4] in 2.55039620399475s #####
##### Running: /usr/lib/jvm/jdk-14.0.1/bin/java -jar /lab/itti/projects/checkers-competition/server/referee.jar on run_20_kojoseph_vdhankar #####
Move is valid
##### SUCCESS: /usr/lib/jvm/jdk-14.0.1/bin/java -jar /lab/itti/projects/checkers-competition/server/referee.jar on run_20_kojoseph_vdhankar #####
INPUT for kojoseph:
GAME
WHITE
278.54
.b.....b
....w...
........
..w.....
.b.....B
w.......
...B....
........
##### Running: /usr/bin/time -o time_20_kojoseph_vdhankar.txt -f "%U" python3 homework.py > stulog.txt 2>&1 on kojoseph #####
##### SUCCESS: /usr/bin/time -o time_20_kojoseph_vdhankar.txt -f "%U" python3 homework.py > stulog.txt 2>&1 on kojoseph #####
##### kojoseph plays [E c5 d6] in 0.73s #####
##### Running: /usr/lib/jvm/jdk-14.0.1/bin/java -jar /lab/itti/projects/checkers-competition/server/referee.jar on run_20_kojoseph_vdhankar #####
Move is valid
##### SUCCESS: /usr/lib/jvm/jdk-14.0.1/bin/java -jar /lab/itti/projects/checkers-competition/server/referee.jar on run_20_kojoseph_vdhankar #####
INPUT for vdhankar:
GAME
BLACK
30.8164591789246
.b.....b
....w...
...w....
........
.b.....B
w.......
...B....
........
##### Running: /usr/bin/time -o time_20_kojoseph_vdhankar.txt -f "%U" python3 homework.py > stulog.txt 2>&1 on vdhankar #####
child exited with value 1
##### ERROR: /usr/bin/time -o time_20_kojoseph_vdhankar.txt -f "%U" python3 homework.py > stulog.txt 2>&1 on vdhankar #####
##### Output of failed program (stdout + stderr): #####
Traceback (most recent call last):
  File "homework.py", line 546, in <module>
    print(end-start)
NameError: name 'end' is not defined
##### End of output of failed program #####
##### vdhankar plays [E b4 c3] in 1.80956792831421s #####
##### Running: /usr/lib/jvm/jdk-14.0.1/bin/java -jar /lab/itti/projects/checkers-competition/server/referee.jar on run_20_kojoseph_vdhankar #####
Move is valid
##### SUCCESS: /usr/lib/jvm/jdk-14.0.1/bin/java -jar /lab/itti/projects/checkers-competition/server/referee.jar on run_20_kojoseph_vdhankar #####
INPUT for kojoseph:
GAME
WHITE
277.81
.b.....b
....w...
...w....
........
.......B
w.b.....
...B....
........
##### Running: /usr/bin/time -o time_20_kojoseph_vdhankar.txt -f "%U" python3 homework.py > stulog.txt 2>&1 on kojoseph #####
##### SUCCESS: /usr/bin/time -o time_20_kojoseph_vdhankar.txt -f "%U" python3 homework.py > stulog.txt 2>&1 on kojoseph #####
##### kojoseph plays [E e7 f8] in 0.59s #####
##### Running: /usr/lib/jvm/jdk-14.0.1/bin/java -jar /lab/itti/projects/checkers-competition/server/referee.jar on run_20_kojoseph_vdhankar #####
Move is valid
##### SUCCESS: /usr/lib/jvm/jdk-14.0.1/bin/java -jar /lab/itti/projects/checkers-competition/server/referee.jar on run_20_kojoseph_vdhankar #####
INPUT for vdhankar:
GAME
BLACK
29.0068912506104
.b...W.b
........
...w....
........
.......B
w.b.....
...B....
........
##### Running: /usr/bin/time -o time_20_kojoseph_vdhankar.txt -f "%U" python3 homework.py > stulog.txt 2>&1 on vdhankar #####
child exited with value 1
##### ERROR: /usr/bin/time -o time_20_kojoseph_vdhankar.txt -f "%U" python3 homework.py > stulog.txt 2>&1 on vdhankar #####
##### Output of failed program (stdout + stderr): #####
Traceback (most recent call last):
  File "homework.py", line 546, in <module>
    print(end-start)
NameError: name 'end' is not defined
##### End of output of failed program #####
##### vdhankar plays [E d2 e3] in 5.19412708282471s #####
##### Running: /usr/lib/jvm/jdk-14.0.1/bin/java -jar /lab/itti/projects/checkers-competition/server/referee.jar on run_20_kojoseph_vdhankar #####
Move is valid
##### SUCCESS: /usr/lib/jvm/jdk-14.0.1/bin/java -jar /lab/itti/projects/checkers-competition/server/referee.jar on run_20_kojoseph_vdhankar #####
INPUT for kojoseph:
GAME
WHITE
277.22
.b...W.b
........
...w....
........
.......B
w.b.B...
........
........
##### Running: /usr/bin/time -o time_20_kojoseph_vdhankar.txt -f "%U" python3 homework.py > stulog.txt 2>&1 on kojoseph #####
##### SUCCESS: /usr/bin/time -o time_20_kojoseph_vdhankar.txt -f "%U" python3 homework.py > stulog.txt 2>&1 on kojoseph #####
##### kojoseph plays [E a3 b4] in 1.28s #####
##### Running: /usr/lib/jvm/jdk-14.0.1/bin/java -jar /lab/itti/projects/checkers-competition/server/referee.jar on run_20_kojoseph_vdhankar #####
Move is valid
##### SUCCESS: /usr/lib/jvm/jdk-14.0.1/bin/java -jar /lab/itti/projects/checkers-competition/server/referee.jar on run_20_kojoseph_vdhankar #####
INPUT for vdhankar:
GAME
BLACK
23.8127641677856
.b...W.b
........
...w....
........
.w.....B
..b.B...
........
........
##### Running: /usr/bin/time -o time_20_kojoseph_vdhankar.txt -f "%U" python3 homework.py > stulog.txt 2>&1 on vdhankar #####
child exited with value 1
##### ERROR: /usr/bin/time -o time_20_kojoseph_vdhankar.txt -f "%U" python3 homework.py > stulog.txt 2>&1 on vdhankar #####
##### Output of failed program (stdout + stderr): #####
Traceback (most recent call last):
  File "homework.py", line 546, in <module>
    print(end-start)
NameError: name 'end' is not defined
##### End of output of failed program #####
##### vdhankar plays [E e3 f2] in 0.364981174468994s #####
##### Running: /usr/lib/jvm/jdk-14.0.1/bin/java -jar /lab/itti/projects/checkers-competition/server/referee.jar on run_20_kojoseph_vdhankar #####
Move is valid
##### SUCCESS: /usr/lib/jvm/jdk-14.0.1/bin/java -jar /lab/itti/projects/checkers-competition/server/referee.jar on run_20_kojoseph_vdhankar #####
INPUT for kojoseph:
GAME
WHITE
275.94
.b...W.b
........
...w....
........
.w.....B
..b.....
.....B..
........
##### Running: /usr/bin/time -o time_20_kojoseph_vdhankar.txt -f "%U" python3 homework.py > stulog.txt 2>&1 on kojoseph #####
##### SUCCESS: /usr/bin/time -o time_20_kojoseph_vdhankar.txt -f "%U" python3 homework.py > stulog.txt 2>&1 on kojoseph #####
##### kojoseph plays [E b4 c5] in 1.11s #####
##### Running: /usr/lib/jvm/jdk-14.0.1/bin/java -jar /lab/itti/projects/checkers-competition/server/referee.jar on run_20_kojoseph_vdhankar #####
Move is valid
##### SUCCESS: /usr/lib/jvm/jdk-14.0.1/bin/java -jar /lab/itti/projects/checkers-competition/server/referee.jar on run_20_kojoseph_vdhankar #####
INPUT for vdhankar:
GAME
BLACK
23.4477829933167
.b...W.b
........
...w....
..w.....
.......B
..b.....
.....B..
........
##### Running: /usr/bin/time -o time_20_kojoseph_vdhankar.txt -f "%U" python3 homework.py > stulog.txt 2>&1 on vdhankar #####
child exited with value 1
##### ERROR: /usr/bin/time -o time_20_kojoseph_vdhankar.txt -f "%U" python3 homework.py > stulog.txt 2>&1 on vdhankar #####
##### Output of failed program (stdout + stderr): #####
Traceback (most recent call last):
  File "homework.py", line 546, in <module>
    print(end-start)
NameError: name 'end' is not defined
##### End of output of failed program #####
##### vdhankar plays [E c3 d2] in 0.28565788269043s #####
##### Running: /usr/lib/jvm/jdk-14.0.1/bin/java -jar /lab/itti/projects/checkers-competition/server/referee.jar on run_20_kojoseph_vdhankar #####
Move is valid
##### SUCCESS: /usr/lib/jvm/jdk-14.0.1/bin/java -jar /lab/itti/projects/checkers-competition/server/referee.jar on run_20_kojoseph_vdhankar #####
INPUT for kojoseph:
GAME
WHITE
274.83
.b...W.b
........
...w....
..w.....
.......B
........
...b.B..
........
##### Running: /usr/bin/time -o time_20_kojoseph_vdhankar.txt -f "%U" python3 homework.py > stulog.txt 2>&1 on kojoseph #####
##### SUCCESS: /usr/bin/time -o time_20_kojoseph_vdhankar.txt -f "%U" python3 homework.py > stulog.txt 2>&1 on kojoseph #####
##### kojoseph plays [E c5 b6] in 1.02s #####
##### Running: /usr/lib/jvm/jdk-14.0.1/bin/java -jar /lab/itti/projects/checkers-competition/server/referee.jar on run_20_kojoseph_vdhankar #####
Move is valid
##### SUCCESS: /usr/lib/jvm/jdk-14.0.1/bin/java -jar /lab/itti/projects/checkers-competition/server/referee.jar on run_20_kojoseph_vdhankar #####
INPUT for vdhankar:
GAME
BLACK
23.1621251106262
.b...W.b
........
.w.w....
........
.......B
........
...b.B..
........
##### Running: /usr/bin/time -o time_20_kojoseph_vdhankar.txt -f "%U" python3 homework.py > stulog.txt 2>&1 on vdhankar #####
child exited with value 1
##### ERROR: /usr/bin/time -o time_20_kojoseph_vdhankar.txt -f "%U" python3 homework.py > stulog.txt 2>&1 on vdhankar #####
##### Output of failed program (stdout + stderr): #####
Traceback (most recent call last):
  File "homework.py", line 546, in <module>
    print(end-start)
NameError: name 'end' is not defined
##### End of output of failed program #####
##### vdhankar plays [E d2 e1] in 0.308499097824097s #####
##### Running: /usr/lib/jvm/jdk-14.0.1/bin/java -jar /lab/itti/projects/checkers-competition/server/referee.jar on run_20_kojoseph_vdhankar #####
Move is valid
##### SUCCESS: /usr/lib/jvm/jdk-14.0.1/bin/java -jar /lab/itti/projects/checkers-competition/server/referee.jar on run_20_kojoseph_vdhankar #####
INPUT for kojoseph:
GAME
WHITE
273.81
.b...W.b
........
.w.w....
........
.......B
........
.....B..
....B...
##### Running: /usr/bin/time -o time_20_kojoseph_vdhankar.txt -f "%U" python3 homework.py > stulog.txt 2>&1 on kojoseph #####
##### SUCCESS: /usr/bin/time -o time_20_kojoseph_vdhankar.txt -f "%U" python3 homework.py > stulog.txt 2>&1 on kojoseph #####
##### kojoseph plays [E f8 e7] in 0.76s #####
##### Running: /usr/lib/jvm/jdk-14.0.1/bin/java -jar /lab/itti/projects/checkers-competition/server/referee.jar on run_20_kojoseph_vdhankar #####
Move is valid
##### SUCCESS: /usr/lib/jvm/jdk-14.0.1/bin/java -jar /lab/itti/projects/checkers-competition/server/referee.jar on run_20_kojoseph_vdhankar #####
INPUT for vdhankar:
GAME
BLACK
22.8536260128021
.b.....b
....W...
.w.w....
........
.......B
........
.....B..
....B...
##### Running: /usr/bin/time -o time_20_kojoseph_vdhankar.txt -f "%U" python3 homework.py > stulog.txt 2>&1 on vdhankar #####
child exited with value 1
##### ERROR: /usr/bin/time -o time_20_kojoseph_vdhankar.txt -f "%U" python3 homework.py > stulog.txt 2>&1 on vdhankar #####
##### Output of failed program (stdout + stderr): #####
Traceback (most recent call last):
  File "homework.py", line 546, in <module>
    print(end-start)
NameError: name 'end' is not defined
##### End of output of failed program #####
##### vdhankar plays [E f2 g3] in 0.34343695640564s #####
##### Running: /usr/lib/jvm/jdk-14.0.1/bin/java -jar /lab/itti/projects/checkers-competition/server/referee.jar on run_20_kojoseph_vdhankar #####
Move is valid
##### SUCCESS: /usr/lib/jvm/jdk-14.0.1/bin/java -jar /lab/itti/projects/checkers-competition/server/referee.jar on run_20_kojoseph_vdhankar #####
INPUT for kojoseph:
GAME
WHITE
273.05
.b.....b
....W...
.w.w....
........
.......B
......B.
........
....B...
##### Running: /usr/bin/time -o time_20_kojoseph_vdhankar.txt -f "%U" python3 homework.py > stulog.txt 2>&1 on kojoseph #####
##### SUCCESS: /usr/bin/time -o time_20_kojoseph_vdhankar.txt -f "%U" python3 homework.py > stulog.txt 2>&1 on kojoseph #####
##### kojoseph plays [E b6 a7] in 0.71s #####
##### Running: /usr/lib/jvm/jdk-14.0.1/bin/java -jar /lab/itti/projects/checkers-competition/server/referee.jar on run_20_kojoseph_vdhankar #####
Move is valid
##### SUCCESS: /usr/lib/jvm/jdk-14.0.1/bin/java -jar /lab/itti/projects/checkers-competition/server/referee.jar on run_20_kojoseph_vdhankar #####
INPUT for vdhankar:
GAME
BLACK
22.5101890563965
.b.....b
w...W...
...w....
........
.......B
......B.
........
....B...
##### Running: /usr/bin/time -o time_20_kojoseph_vdhankar.txt -f "%U" python3 homework.py > stulog.txt 2>&1 on vdhankar #####
child exited with value 1
##### ERROR: /usr/bin/time -o time_20_kojoseph_vdhankar.txt -f "%U" python3 homework.py > stulog.txt 2>&1 on vdhankar #####
##### Output of failed program (stdout + stderr): #####
Traceback (most recent call last):
  File "homework.py", line 546, in <module>
    print(end-start)
NameError: name 'end' is not defined
##### End of output of failed program #####
##### vdhankar plays [E e1 f2] in 0.286763906478882s #####
##### Running: /usr/lib/jvm/jdk-14.0.1/bin/java -jar /lab/itti/projects/checkers-competition/server/referee.jar on run_20_kojoseph_vdhankar #####
Move is valid
##### SUCCESS: /usr/lib/jvm/jdk-14.0.1/bin/java -jar /lab/itti/projects/checkers-competition/server/referee.jar on run_20_kojoseph_vdhankar #####
INPUT for kojoseph:
GAME
WHITE
272.34
.b.....b
w...W...
...w....
........
.......B
......B.
.....B..
........
##### Running: /usr/bin/time -o time_20_kojoseph_vdhankar.txt -f "%U" python3 homework.py > stulog.txt 2>&1 on kojoseph #####
##### SUCCESS: /usr/bin/time -o time_20_kojoseph_vdhankar.txt -f "%U" python3 homework.py > stulog.txt 2>&1 on kojoseph #####
##### kojoseph plays [E e7 f6] in 0.49s #####
##### Running: /usr/lib/jvm/jdk-14.0.1/bin/java -jar /lab/itti/projects/checkers-competition/server/referee.jar on run_20_kojoseph_vdhankar #####
Move is valid
##### SUCCESS: /usr/lib/jvm/jdk-14.0.1/bin/java -jar /lab/itti/projects/checkers-competition/server/referee.jar on run_20_kojoseph_vdhankar #####
INPUT for vdhankar:
GAME
BLACK
22.2234251499176
.b.....b
w.......
...w.W..
........
.......B
......B.
.....B..
........
##### Running: /usr/bin/time -o time_20_kojoseph_vdhankar.txt -f "%U" python3 homework.py > stulog.txt 2>&1 on vdhankar #####
child exited with value 1
##### ERROR: /usr/bin/time -o time_20_kojoseph_vdhankar.txt -f "%U" python3 homework.py > stulog.txt 2>&1 on vdhankar #####
##### Output of failed program (stdout + stderr): #####
Traceback (most recent call last):
  File "homework.py", line 546, in <module>
    print(end-start)
NameError: name 'end' is not defined
##### End of output of failed program #####
##### vdhankar plays [E f2 e3] in 0.239976167678833s #####
##### Running: /usr/lib/jvm/jdk-14.0.1/bin/java -jar /lab/itti/projects/checkers-competition/server/referee.jar on run_20_kojoseph_vdhankar #####
Move is valid
##### SUCCESS: /usr/lib/jvm/jdk-14.0.1/bin/java -jar /lab/itti/projects/checkers-competition/server/referee.jar on run_20_kojoseph_vdhankar #####
INPUT for kojoseph:
GAME
WHITE
271.85
.b.....b
w.......
...w.W..
........
.......B
....B.B.
........
........
##### Running: /usr/bin/time -o time_20_kojoseph_vdhankar.txt -f "%U" python3 homework.py > stulog.txt 2>&1 on kojoseph #####
##### SUCCESS: /usr/bin/time -o time_20_kojoseph_vdhankar.txt -f "%U" python3 homework.py > stulog.txt 2>&1 on kojoseph #####
##### kojoseph plays [E f6 e5] in 0.66s #####
##### Running: /usr/lib/jvm/jdk-14.0.1/bin/java -jar /lab/itti/projects/checkers-competition/server/referee.jar on run_20_kojoseph_vdhankar #####
Move is valid
##### SUCCESS: /usr/lib/jvm/jdk-14.0.1/bin/java -jar /lab/itti/projects/checkers-competition/server/referee.jar on run_20_kojoseph_vdhankar #####
INPUT for vdhankar:
GAME
BLACK
21.9834489822388
.b.....b
w.......
...w....
....W...
.......B
....B.B.
........
........
##### Running: /usr/bin/time -o time_20_kojoseph_vdhankar.txt -f "%U" python3 homework.py > stulog.txt 2>&1 on vdhankar #####
child exited with value 1
##### ERROR: /usr/bin/time -o time_20_kojoseph_vdhankar.txt -f "%U" python3 homework.py > stulog.txt 2>&1 on vdhankar #####
##### Output of failed program (stdout + stderr): #####
Traceback (most recent call last):
  File "homework.py", line 546, in <module>
    print(end-start)
NameError: name 'end' is not defined
##### End of output of failed program #####
##### vdhankar plays [E g3 f4] in 0.245047092437744s #####
##### Running: /usr/lib/jvm/jdk-14.0.1/bin/java -jar /lab/itti/projects/checkers-competition/server/referee.jar on run_20_kojoseph_vdhankar #####
Move is valid
##### SUCCESS: /usr/lib/jvm/jdk-14.0.1/bin/java -jar /lab/itti/projects/checkers-competition/server/referee.jar on run_20_kojoseph_vdhankar #####
INPUT for kojoseph:
GAME
WHITE
271.19
.b.....b
w.......
...w....
....W...
.....B.B
....B...
........
........
##### Running: /usr/bin/time -o time_20_kojoseph_vdhankar.txt -f "%U" python3 homework.py > stulog.txt 2>&1 on kojoseph #####
##### SUCCESS: /usr/bin/time -o time_20_kojoseph_vdhankar.txt -f "%U" python3 homework.py > stulog.txt 2>&1 on kojoseph #####
##### kojoseph plays [J e5 g3] in 0.07s #####
##### Running: /usr/lib/jvm/jdk-14.0.1/bin/java -jar /lab/itti/projects/checkers-competition/server/referee.jar on run_20_kojoseph_vdhankar #####
Move is valid
##### SUCCESS: /usr/lib/jvm/jdk-14.0.1/bin/java -jar /lab/itti/projects/checkers-competition/server/referee.jar on run_20_kojoseph_vdhankar #####
INPUT for vdhankar:
GAME
BLACK
21.738401889801
.b.....b
w.......
...w....
........
.......B
....B.W.
........
........
##### Running: /usr/bin/time -o time_20_kojoseph_vdhankar.txt -f "%U" python3 homework.py > stulog.txt 2>&1 on vdhankar #####
child exited with value 1
##### ERROR: /usr/bin/time -o time_20_kojoseph_vdhankar.txt -f "%U" python3 homework.py > stulog.txt 2>&1 on vdhankar #####
##### Output of failed program (stdout + stderr): #####
Traceback (most recent call last):
  File "homework.py", line 546, in <module>
    print(end-start)
NameError: name 'end' is not defined
##### End of output of failed program #####
##### vdhankar plays [J h4 f2] in 0.221407890319824s #####
##### Running: /usr/lib/jvm/jdk-14.0.1/bin/java -jar /lab/itti/projects/checkers-competition/server/referee.jar on run_20_kojoseph_vdhankar #####
Move is valid
##### SUCCESS: /usr/lib/jvm/jdk-14.0.1/bin/java -jar /lab/itti/projects/checkers-competition/server/referee.jar on run_20_kojoseph_vdhankar #####
INPUT for kojoseph:
GAME
WHITE
271.12
.b.....b
w.......
...w....
........
........
....B...
.....B..
........
##### Running: /usr/bin/time -o time_20_kojoseph_vdhankar.txt -f "%U" python3 homework.py > stulog.txt 2>&1 on kojoseph #####
##### SUCCESS: /usr/bin/time -o time_20_kojoseph_vdhankar.txt -f "%U" python3 homework.py > stulog.txt 2>&1 on kojoseph #####
##### kojoseph plays [E d6 e7] in 0.33s #####
##### Running: /usr/lib/jvm/jdk-14.0.1/bin/java -jar /lab/itti/projects/checkers-competition/server/referee.jar on run_20_kojoseph_vdhankar #####
Move is valid
##### SUCCESS: /usr/lib/jvm/jdk-14.0.1/bin/java -jar /lab/itti/projects/checkers-competition/server/referee.jar on run_20_kojoseph_vdhankar #####
INPUT for vdhankar:
GAME
BLACK
21.5169939994812
.b.....b
w...w...
........
........
........
....B...
.....B..
........
##### Running: /usr/bin/time -o time_20_kojoseph_vdhankar.txt -f "%U" python3 homework.py > stulog.txt 2>&1 on vdhankar #####
child exited with value 1
##### ERROR: /usr/bin/time -o time_20_kojoseph_vdhankar.txt -f "%U" python3 homework.py > stulog.txt 2>&1 on vdhankar #####
##### Output of failed program (stdout + stderr): #####
Traceback (most recent call last):
  File "homework.py", line 546, in <module>
    print(end-start)
NameError: name 'end' is not defined
##### End of output of failed program #####
##### vdhankar plays [E f2 g1] in 0.233022212982178s #####
##### Running: /usr/lib/jvm/jdk-14.0.1/bin/java -jar /lab/itti/projects/checkers-competition/server/referee.jar on run_20_kojoseph_vdhankar #####
Move is valid
##### SUCCESS: /usr/lib/jvm/jdk-14.0.1/bin/java -jar /lab/itti/projects/checkers-competition/server/referee.jar on run_20_kojoseph_vdhankar #####
INPUT for kojoseph:
GAME
WHITE
270.79
.b.....b
w...w...
........
........
........
....B...
........
......B.
##### Running: /usr/bin/time -o time_20_kojoseph_vdhankar.txt -f "%U" python3 homework.py > stulog.txt 2>&1 on kojoseph #####
##### SUCCESS: /usr/bin/time -o time_20_kojoseph_vdhankar.txt -f "%U" python3 homework.py > stulog.txt 2>&1 on kojoseph #####
##### kojoseph plays [E e7 d8] in 0.42s #####
##### Running: /usr/lib/jvm/jdk-14.0.1/bin/java -jar /lab/itti/projects/checkers-competition/server/referee.jar on run_20_kojoseph_vdhankar #####
Move is valid
##### SUCCESS: /usr/lib/jvm/jdk-14.0.1/bin/java -jar /lab/itti/projects/checkers-competition/server/referee.jar on run_20_kojoseph_vdhankar #####
INPUT for vdhankar:
GAME
BLACK
21.283971786499
.b.W...b
w.......
........
........
........
....B...
........
......B.
##### Running: /usr/bin/time -o time_20_kojoseph_vdhankar.txt -f "%U" python3 homework.py > stulog.txt 2>&1 on vdhankar #####
child exited with value 1
##### ERROR: /usr/bin/time -o time_20_kojoseph_vdhankar.txt -f "%U" python3 homework.py > stulog.txt 2>&1 on vdhankar #####
##### Output of failed program (stdout + stderr): #####
Traceback (most recent call last):
  File "homework.py", line 546, in <module>
    print(end-start)
NameError: name 'end' is not defined
##### End of output of failed program #####
##### vdhankar plays [E g1 h2] in 0.225754022598267s #####
##### Running: /usr/lib/jvm/jdk-14.0.1/bin/java -jar /lab/itti/projects/checkers-competition/server/referee.jar on run_20_kojoseph_vdhankar #####
Move is valid
##### SUCCESS: /usr/lib/jvm/jdk-14.0.1/bin/java -jar /lab/itti/projects/checkers-competition/server/referee.jar on run_20_kojoseph_vdhankar #####
INPUT for kojoseph:
GAME
WHITE
270.37
.b.W...b
w.......
........
........
........
....B...
.......B
........
##### Running: /usr/bin/time -o time_20_kojoseph_vdhankar.txt -f "%U" python3 homework.py > stulog.txt 2>&1 on kojoseph #####
##### SUCCESS: /usr/bin/time -o time_20_kojoseph_vdhankar.txt -f "%U" python3 homework.py > stulog.txt 2>&1 on kojoseph #####
##### kojoseph plays [E d8 e7] in 0.32s #####
##### Running: /usr/lib/jvm/jdk-14.0.1/bin/java -jar /lab/itti/projects/checkers-competition/server/referee.jar on run_20_kojoseph_vdhankar #####
Move is valid
##### SUCCESS: /usr/lib/jvm/jdk-14.0.1/bin/java -jar /lab/itti/projects/checkers-competition/server/referee.jar on run_20_kojoseph_vdhankar #####
INPUT for vdhankar:
GAME
BLACK
21.0582177639008
.b.....b
w...W...
........
........
........
....B...
.......B
........
##### Running: /usr/bin/time -o time_20_kojoseph_vdhankar.txt -f "%U" python3 homework.py > stulog.txt 2>&1 on vdhankar #####
child exited with value 1
##### ERROR: /usr/bin/time -o time_20_kojoseph_vdhankar.txt -f "%U" python3 homework.py > stulog.txt 2>&1 on vdhankar #####
##### Output of failed program (stdout + stderr): #####
Traceback (most recent call last):
  File "homework.py", line 546, in <module>
    print(end-start)
NameError: name 'end' is not defined
##### End of output of failed program #####
##### vdhankar plays [E h2 g3] in 0.283976078033447s #####
##### Running: /usr/lib/jvm/jdk-14.0.1/bin/java -jar /lab/itti/projects/checkers-competition/server/referee.jar on run_20_kojoseph_vdhankar #####
Move is valid
##### SUCCESS: /usr/lib/jvm/jdk-14.0.1/bin/java -jar /lab/itti/projects/checkers-competition/server/referee.jar on run_20_kojoseph_vdhankar #####
INPUT for kojoseph:
GAME
WHITE
270.05
.b.....b
w...W...
........
........
........
....B.B.
........
........
##### Running: /usr/bin/time -o time_20_kojoseph_vdhankar.txt -f "%U" python3 homework.py > stulog.txt 2>&1 on kojoseph #####
##### SUCCESS: /usr/bin/time -o time_20_kojoseph_vdhankar.txt -f "%U" python3 homework.py > stulog.txt 2>&1 on kojoseph #####
##### kojoseph plays [E e7 d8] in 0.55s #####
##### Running: /usr/lib/jvm/jdk-14.0.1/bin/java -jar /lab/itti/projects/checkers-competition/server/referee.jar on run_20_kojoseph_vdhankar #####
Move is valid
##### SUCCESS: /usr/lib/jvm/jdk-14.0.1/bin/java -jar /lab/itti/projects/checkers-competition/server/referee.jar on run_20_kojoseph_vdhankar #####
INPUT for vdhankar:
GAME
BLACK
20.7742416858673
.b.W...b
w.......
........
........
........
....B.B.
........
........
##### Running: /usr/bin/time -o time_20_kojoseph_vdhankar.txt -f "%U" python3 homework.py > stulog.txt 2>&1 on vdhankar #####
child exited with value 1
##### ERROR: /usr/bin/time -o time_20_kojoseph_vdhankar.txt -f "%U" python3 homework.py > stulog.txt 2>&1 on vdhankar #####
##### Output of failed program (stdout + stderr): #####
Traceback (most recent call last):
  File "homework.py", line 546, in <module>
    print(end-start)
NameError: name 'end' is not defined
##### End of output of failed program #####
##### vdhankar plays [E g3 h4] in 0.23117995262146s #####
##### Running: /usr/lib/jvm/jdk-14.0.1/bin/java -jar /lab/itti/projects/checkers-competition/server/referee.jar on run_20_kojoseph_vdhankar #####
Move is valid
##### SUCCESS: /usr/lib/jvm/jdk-14.0.1/bin/java -jar /lab/itti/projects/checkers-competition/server/referee.jar on run_20_kojoseph_vdhankar #####
INPUT for kojoseph:
GAME
WHITE
269.5
.b.W...b
w.......
........
........
.......B
....B...
........
........
##### Running: /usr/bin/time -o time_20_kojoseph_vdhankar.txt -f "%U" python3 homework.py > stulog.txt 2>&1 on kojoseph #####
##### SUCCESS: /usr/bin/time -o time_20_kojoseph_vdhankar.txt -f "%U" python3 homework.py > stulog.txt 2>&1 on kojoseph #####
##### kojoseph plays [E d8 e7] in 0.35s #####
##### Running: /usr/lib/jvm/jdk-14.0.1/bin/java -jar /lab/itti/projects/checkers-competition/server/referee.jar on run_20_kojoseph_vdhankar #####
Move is valid
##### SUCCESS: /usr/lib/jvm/jdk-14.0.1/bin/java -jar /lab/itti/projects/checkers-competition/server/referee.jar on run_20_kojoseph_vdhankar #####
INPUT for vdhankar:
GAME
BLACK
20.5430617332458
.b.....b
w...W...
........
........
.......B
....B...
........
........
##### Running: /usr/bin/time -o time_20_kojoseph_vdhankar.txt -f "%U" python3 homework.py > stulog.txt 2>&1 on vdhankar #####
child exited with value 1
##### ERROR: /usr/bin/time -o time_20_kojoseph_vdhankar.txt -f "%U" python3 homework.py > stulog.txt 2>&1 on vdhankar #####
##### Output of failed program (stdout + stderr): #####
Traceback (most recent call last):
  File "homework.py", line 546, in <module>
    print(end-start)
NameError: name 'end' is not defined
##### End of output of failed program #####
##### vdhankar plays [E e3 f4] in 0.255985021591187s #####
##### Running: /usr/lib/jvm/jdk-14.0.1/bin/java -jar /lab/itti/projects/checkers-competition/server/referee.jar on run_20_kojoseph_vdhankar #####
Move is valid
##### SUCCESS: /usr/lib/jvm/jdk-14.0.1/bin/java -jar /lab/itti/projects/checkers-competition/server/referee.jar on run_20_kojoseph_vdhankar #####
INPUT for kojoseph:
GAME
WHITE
269.15
.b.....b
w...W...
........
........
.....B.B
........
........
........
##### Running: /usr/bin/time -o time_20_kojoseph_vdhankar.txt -f "%U" python3 homework.py > stulog.txt 2>&1 on kojoseph #####
##### SUCCESS: /usr/bin/time -o time_20_kojoseph_vdhankar.txt -f "%U" python3 homework.py > stulog.txt 2>&1 on kojoseph #####
##### kojoseph plays [E e7 d6] in 0.47s #####
##### Running: /usr/lib/jvm/jdk-14.0.1/bin/java -jar /lab/itti/projects/checkers-competition/server/referee.jar on run_20_kojoseph_vdhankar #####
Move is valid
##### SUCCESS: /usr/lib/jvm/jdk-14.0.1/bin/java -jar /lab/itti/projects/checkers-competition/server/referee.jar on run_20_kojoseph_vdhankar #####
INPUT for vdhankar:
GAME
BLACK
20.2870767116547
.b.....b
w.......
...W....
........
.....B.B
........
........
........
##### Running: /usr/bin/time -o time_20_kojoseph_vdhankar.txt -f "%U" python3 homework.py > stulog.txt 2>&1 on vdhankar #####
child exited with value 1
##### ERROR: /usr/bin/time -o time_20_kojoseph_vdhankar.txt -f "%U" python3 homework.py > stulog.txt 2>&1 on vdhankar #####
##### Output of failed program (stdout + stderr): #####
Traceback (most recent call last):
  File "homework.py", line 546, in <module>
    print(end-start)
NameError: name 'end' is not defined
##### End of output of failed program #####
##### vdhankar plays [E h4 g5] in 0.269889116287231s #####
##### Running: /usr/lib/jvm/jdk-14.0.1/bin/java -jar /lab/itti/projects/checkers-competition/server/referee.jar on run_20_kojoseph_vdhankar #####
Move is valid
##### SUCCESS: /usr/lib/jvm/jdk-14.0.1/bin/java -jar /lab/itti/projects/checkers-competition/server/referee.jar on run_20_kojoseph_vdhankar #####
INPUT for kojoseph:
GAME
WHITE
268.68
.b.....b
w.......
...W....
......B.
.....B..
........
........
........
##### Running: /usr/bin/time -o time_20_kojoseph_vdhankar.txt -f "%U" python3 homework.py > stulog.txt 2>&1 on kojoseph #####
##### SUCCESS: /usr/bin/time -o time_20_kojoseph_vdhankar.txt -f "%U" python3 homework.py > stulog.txt 2>&1 on kojoseph #####
##### kojoseph plays [E d6 c5] in 0.64s #####
##### Running: /usr/lib/jvm/jdk-14.0.1/bin/java -jar /lab/itti/projects/checkers-competition/server/referee.jar on run_20_kojoseph_vdhankar #####
Move is valid
##### SUCCESS: /usr/lib/jvm/jdk-14.0.1/bin/java -jar /lab/itti/projects/checkers-competition/server/referee.jar on run_20_kojoseph_vdhankar #####
INPUT for vdhankar:
GAME
BLACK
20.0171875953674
.b.....b
w.......
........
..W...B.
.....B..
........
........
........
##### Running: /usr/bin/time -o time_20_kojoseph_vdhankar.txt -f "%U" python3 homework.py > stulog.txt 2>&1 on vdhankar #####
child exited with value 1
##### ERROR: /usr/bin/time -o time_20_kojoseph_vdhankar.txt -f "%U" python3 homework.py > stulog.txt 2>&1 on vdhankar #####
##### Output of failed program (stdout + stderr): #####
Traceback (most recent call last):
  File "homework.py", line 546, in <module>
    print(end-start)
NameError: name 'end' is not defined
##### End of output of failed program #####
##### vdhankar plays [E f4 e5] in 0.245299100875854s #####
##### Running: /usr/lib/jvm/jdk-14.0.1/bin/java -jar /lab/itti/projects/checkers-competition/server/referee.jar on run_20_kojoseph_vdhankar #####
Move is valid
##### SUCCESS: /usr/lib/jvm/jdk-14.0.1/bin/java -jar /lab/itti/projects/checkers-competition/server/referee.jar on run_20_kojoseph_vdhankar #####
INPUT for kojoseph:
GAME
WHITE
268.04
.b.....b
w.......
........
..W.B.B.
........
........
........
........
##### Running: /usr/bin/time -o time_20_kojoseph_vdhankar.txt -f "%U" python3 homework.py > stulog.txt 2>&1 on kojoseph #####
##### SUCCESS: /usr/bin/time -o time_20_kojoseph_vdhankar.txt -f "%U" python3 homework.py > stulog.txt 2>&1 on kojoseph #####
##### kojoseph plays [E c5 b4] in 0.53s #####
##### Running: /usr/lib/jvm/jdk-14.0.1/bin/java -jar /lab/itti/projects/checkers-competition/server/referee.jar on run_20_kojoseph_vdhankar #####
Move is valid
##### SUCCESS: /usr/lib/jvm/jdk-14.0.1/bin/java -jar /lab/itti/projects/checkers-competition/server/referee.jar on run_20_kojoseph_vdhankar #####
INPUT for vdhankar:
GAME
BLACK
19.7718884944916
.b.....b
w.......
........
....B.B.
.W......
........
........
........
##### Running: /usr/bin/time -o time_20_kojoseph_vdhankar.txt -f "%U" python3 homework.py > stulog.txt 2>&1 on vdhankar #####
child exited with value 1
##### ERROR: /usr/bin/time -o time_20_kojoseph_vdhankar.txt -f "%U" python3 homework.py > stulog.txt 2>&1 on vdhankar #####
##### Output of failed program (stdout + stderr): #####
Traceback (most recent call last):
  File "homework.py", line 546, in <module>
    print(end-start)
NameError: name 'end' is not defined
##### End of output of failed program #####
##### vdhankar plays [E g5 h6] in 0.264189004898071s #####
##### Running: /usr/lib/jvm/jdk-14.0.1/bin/java -jar /lab/itti/projects/checkers-competition/server/referee.jar on run_20_kojoseph_vdhankar #####
Move is valid
##### SUCCESS: /usr/lib/jvm/jdk-14.0.1/bin/java -jar /lab/itti/projects/checkers-competition/server/referee.jar on run_20_kojoseph_vdhankar #####
INPUT for kojoseph:
GAME
WHITE
267.51
.b.....b
w.......
.......B
....B...
.W......
........
........
........
##### Running: /usr/bin/time -o time_20_kojoseph_vdhankar.txt -f "%U" python3 homework.py > stulog.txt 2>&1 on kojoseph #####
##### SUCCESS: /usr/bin/time -o time_20_kojoseph_vdhankar.txt -f "%U" python3 homework.py > stulog.txt 2>&1 on kojoseph #####
##### kojoseph plays [E b4 a3] in 0.59s #####
##### Running: /usr/lib/jvm/jdk-14.0.1/bin/java -jar /lab/itti/projects/checkers-competition/server/referee.jar on run_20_kojoseph_vdhankar #####
Move is valid
##### SUCCESS: /usr/lib/jvm/jdk-14.0.1/bin/java -jar /lab/itti/projects/checkers-competition/server/referee.jar on run_20_kojoseph_vdhankar #####
INPUT for vdhankar:
GAME
BLACK
19.5076994895935
.b.....b
w.......
.......B
....B...
........
W.......
........
........
##### Running: /usr/bin/time -o time_20_kojoseph_vdhankar.txt -f "%U" python3 homework.py > stulog.txt 2>&1 on vdhankar #####
child exited with value 1
##### ERROR: /usr/bin/time -o time_20_kojoseph_vdhankar.txt -f "%U" python3 homework.py > stulog.txt 2>&1 on vdhankar #####
##### Output of failed program (stdout + stderr): #####
Traceback (most recent call last):
  File "homework.py", line 546, in <module>
    print(end-start)
NameError: name 'end' is not defined
##### End of output of failed program #####
##### vdhankar plays [E h6 g7] in 0.255228042602539s #####
##### Running: /usr/lib/jvm/jdk-14.0.1/bin/java -jar /lab/itti/projects/checkers-competition/server/referee.jar on run_20_kojoseph_vdhankar #####
Move is valid
##### SUCCESS: /usr/lib/jvm/jdk-14.0.1/bin/java -jar /lab/itti/projects/checkers-competition/server/referee.jar on run_20_kojoseph_vdhankar #####
INPUT for kojoseph:
GAME
WHITE
266.92
.b.....b
w.....B.
........
....B...
........
W.......
........
........
##### Running: /usr/bin/time -o time_20_kojoseph_vdhankar.txt -f "%U" python3 homework.py > stulog.txt 2>&1 on kojoseph #####
##### SUCCESS: /usr/bin/time -o time_20_kojoseph_vdhankar.txt -f "%U" python3 homework.py > stulog.txt 2>&1 on kojoseph #####
##### kojoseph plays [E a3 b4] in 0.37s #####
##### Running: /usr/lib/jvm/jdk-14.0.1/bin/java -jar /lab/itti/projects/checkers-competition/server/referee.jar on run_20_kojoseph_vdhankar #####
Move is valid
##### SUCCESS: /usr/lib/jvm/jdk-14.0.1/bin/java -jar /lab/itti/projects/checkers-competition/server/referee.jar on run_20_kojoseph_vdhankar #####
INPUT for vdhankar:
GAME
BLACK
19.252471446991
.b.....b
w.....B.
........
....B...
.W......
........
........
........
##### Running: /usr/bin/time -o time_20_kojoseph_vdhankar.txt -f "%U" python3 homework.py > stulog.txt 2>&1 on vdhankar #####
child exited with value 1
##### ERROR: /usr/bin/time -o time_20_kojoseph_vdhankar.txt -f "%U" python3 homework.py > stulog.txt 2>&1 on vdhankar #####
##### Output of failed program (stdout + stderr): #####
Traceback (most recent call last):
  File "homework.py", line 546, in <module>
    print(end-start)
NameError: name 'end' is not defined
##### End of output of failed program #####
##### vdhankar plays [E e5 d4] in 0.322858095169067s #####
##### Running: /usr/lib/jvm/jdk-14.0.1/bin/java -jar /lab/itti/projects/checkers-competition/server/referee.jar on run_20_kojoseph_vdhankar #####
Move is valid
##### SUCCESS: /usr/lib/jvm/jdk-14.0.1/bin/java -jar /lab/itti/projects/checkers-competition/server/referee.jar on run_20_kojoseph_vdhankar #####
INPUT for kojoseph:
GAME
WHITE
266.55
.b.....b
w.....B.
........
........
.W.B....
........
........
........
##### Running: /usr/bin/time -o time_20_kojoseph_vdhankar.txt -f "%U" python3 homework.py > stulog.txt 2>&1 on kojoseph #####
##### SUCCESS: /usr/bin/time -o time_20_kojoseph_vdhankar.txt -f "%U" python3 homework.py > stulog.txt 2>&1 on kojoseph #####
##### kojoseph plays [E b4 a5] in 0.31s #####
##### Running: /usr/lib/jvm/jdk-14.0.1/bin/java -jar /lab/itti/projects/checkers-competition/server/referee.jar on run_20_kojoseph_vdhankar #####
Move is valid
##### SUCCESS: /usr/lib/jvm/jdk-14.0.1/bin/java -jar /lab/itti/projects/checkers-competition/server/referee.jar on run_20_kojoseph_vdhankar #####
INPUT for vdhankar:
GAME
BLACK
18.9296133518219
.b.....b
w.....B.
........
W.......
...B....
........
........
........
##### Running: /usr/bin/time -o time_20_kojoseph_vdhankar.txt -f "%U" python3 homework.py > stulog.txt 2>&1 on vdhankar #####
child exited with value 1
##### ERROR: /usr/bin/time -o time_20_kojoseph_vdhankar.txt -f "%U" python3 homework.py > stulog.txt 2>&1 on vdhankar #####
##### Output of failed program (stdout + stderr): #####
Traceback (most recent call last):
  File "homework.py", line 546, in <module>
    print(end-start)
NameError: name 'end' is not defined
##### End of output of failed program #####
##### vdhankar plays [E g7 f6] in 0.232335805892944s #####
##### Running: /usr/lib/jvm/jdk-14.0.1/bin/java -jar /lab/itti/projects/checkers-competition/server/referee.jar on run_20_kojoseph_vdhankar #####
Move is valid
##### SUCCESS: /usr/lib/jvm/jdk-14.0.1/bin/java -jar /lab/itti/projects/checkers-competition/server/referee.jar on run_20_kojoseph_vdhankar #####
INPUT for kojoseph:
GAME
WHITE
266.24
.b.....b
w.......
.....B..
W.......
...B....
........
........
........
##### Running: /usr/bin/time -o time_20_kojoseph_vdhankar.txt -f "%U" python3 homework.py > stulog.txt 2>&1 on kojoseph #####
##### SUCCESS: /usr/bin/time -o time_20_kojoseph_vdhankar.txt -f "%U" python3 homework.py > stulog.txt 2>&1 on kojoseph #####
##### kojoseph plays [E a5 b4] in 0.57s #####
##### Running: /usr/lib/jvm/jdk-14.0.1/bin/java -jar /lab/itti/projects/checkers-competition/server/referee.jar on run_20_kojoseph_vdhankar #####
Move is valid
##### SUCCESS: /usr/lib/jvm/jdk-14.0.1/bin/java -jar /lab/itti/projects/checkers-competition/server/referee.jar on run_20_kojoseph_vdhankar #####
INPUT for vdhankar:
GAME
BLACK
18.697277545929
.b.....b
w.......
.....B..
........
.W.B....
........
........
........
##### Running: /usr/bin/time -o time_20_kojoseph_vdhankar.txt -f "%U" python3 homework.py > stulog.txt 2>&1 on vdhankar #####
child exited with value 1
##### ERROR: /usr/bin/time -o time_20_kojoseph_vdhankar.txt -f "%U" python3 homework.py > stulog.txt 2>&1 on vdhankar #####
##### Output of failed program (stdout + stderr): #####
Traceback (most recent call last):
  File "homework.py", line 546, in <module>
    print(end-start)
NameError: name 'end' is not defined
##### End of output of failed program #####
##### vdhankar plays [E f6 g7] in 0.246553897857666s #####
##### Running: /usr/lib/jvm/jdk-14.0.1/bin/java -jar /lab/itti/projects/checkers-competition/server/referee.jar on run_20_kojoseph_vdhankar #####
Move is valid
##### SUCCESS: /usr/lib/jvm/jdk-14.0.1/bin/java -jar /lab/itti/projects/checkers-competition/server/referee.jar on run_20_kojoseph_vdhankar #####
INPUT for kojoseph:
GAME
WHITE
265.67
.b.....b
w.....B.
........
........
.W.B....
........
........
........
##### Running: /usr/bin/time -o time_20_kojoseph_vdhankar.txt -f "%U" python3 homework.py > stulog.txt 2>&1 on kojoseph #####
##### SUCCESS: /usr/bin/time -o time_20_kojoseph_vdhankar.txt -f "%U" python3 homework.py > stulog.txt 2>&1 on kojoseph #####
##### kojoseph plays [E b4 a5] in 0.33s #####
##### Running: /usr/lib/jvm/jdk-14.0.1/bin/java -jar /lab/itti/projects/checkers-competition/server/referee.jar on run_20_kojoseph_vdhankar #####
Move is valid
##### SUCCESS: /usr/lib/jvm/jdk-14.0.1/bin/java -jar /lab/itti/projects/checkers-competition/server/referee.jar on run_20_kojoseph_vdhankar #####
INPUT for vdhankar:
GAME
BLACK
18.4507236480713
.b.....b
w.....B.
........
W.......
...B....
........
........
........
##### Running: /usr/bin/time -o time_20_kojoseph_vdhankar.txt -f "%U" python3 homework.py > stulog.txt 2>&1 on vdhankar #####
child exited with value 1
##### ERROR: /usr/bin/time -o time_20_kojoseph_vdhankar.txt -f "%U" python3 homework.py > stulog.txt 2>&1 on vdhankar #####
##### Output of failed program (stdout + stderr): #####
Traceback (most recent call last):
  File "homework.py", line 546, in <module>
    print(end-start)
NameError: name 'end' is not defined
##### End of output of failed program #####
##### vdhankar plays [E g7 f6] in 0.213325977325439s #####
##### Running: /usr/lib/jvm/jdk-14.0.1/bin/java -jar /lab/itti/projects/checkers-competition/server/referee.jar on run_20_kojoseph_vdhankar #####
Move is valid
##### SUCCESS: /usr/lib/jvm/jdk-14.0.1/bin/java -jar /lab/itti/projects/checkers-competition/server/referee.jar on run_20_kojoseph_vdhankar #####
INPUT for kojoseph:
GAME
WHITE
265.34
.b.....b
w.......
.....B..
W.......
...B....
........
........
........
##### Running: /usr/bin/time -o time_20_kojoseph_vdhankar.txt -f "%U" python3 homework.py > stulog.txt 2>&1 on kojoseph #####
##### SUCCESS: /usr/bin/time -o time_20_kojoseph_vdhankar.txt -f "%U" python3 homework.py > stulog.txt 2>&1 on kojoseph #####
##### kojoseph plays [E a5 b4] in 0.44s #####
##### Running: /usr/lib/jvm/jdk-14.0.1/bin/java -jar /lab/itti/projects/checkers-competition/server/referee.jar on run_20_kojoseph_vdhankar #####
Move is valid
##### SUCCESS: /usr/lib/jvm/jdk-14.0.1/bin/java -jar /lab/itti/projects/checkers-competition/server/referee.jar on run_20_kojoseph_vdhankar #####
INPUT for vdhankar:
GAME
BLACK
18.2373976707458
.b.....b
w.......
.....B..
........
.W.B....
........
........
........
##### Running: /usr/bin/time -o time_20_kojoseph_vdhankar.txt -f "%U" python3 homework.py > stulog.txt 2>&1 on vdhankar #####
child exited with value 1
##### ERROR: /usr/bin/time -o time_20_kojoseph_vdhankar.txt -f "%U" python3 homework.py > stulog.txt 2>&1 on vdhankar #####
##### Output of failed program (stdout + stderr): #####
Traceback (most recent call last):
  File "homework.py", line 546, in <module>
    print(end-start)
NameError: name 'end' is not defined
##### End of output of failed program #####
##### vdhankar plays [E f6 g7] in 0.305545091629028s #####
##### Running: /usr/lib/jvm/jdk-14.0.1/bin/java -jar /lab/itti/projects/checkers-competition/server/referee.jar on run_20_kojoseph_vdhankar #####
Move is valid
##### SUCCESS: /usr/lib/jvm/jdk-14.0.1/bin/java -jar /lab/itti/projects/checkers-competition/server/referee.jar on run_20_kojoseph_vdhankar #####
INPUT for kojoseph:
GAME
WHITE
264.9
.b.....b
w.....B.
........
........
.W.B....
........
........
........
##### Running: /usr/bin/time -o time_20_kojoseph_vdhankar.txt -f "%U" python3 homework.py > stulog.txt 2>&1 on kojoseph #####
##### SUCCESS: /usr/bin/time -o time_20_kojoseph_vdhankar.txt -f "%U" python3 homework.py > stulog.txt 2>&1 on kojoseph #####
##### kojoseph plays [E b4 a3] in 0.34s #####
##### Running: /usr/lib/jvm/jdk-14.0.1/bin/java -jar /lab/itti/projects/checkers-competition/server/referee.jar on run_20_kojoseph_vdhankar #####
Move is valid
Seen this position 3 times
*** Game ends in draw ***
##### SUCCESS: /usr/lib/jvm/jdk-14.0.1/bin/java -jar /lab/itti/projects/checkers-competition/server/referee.jar on run_20_kojoseph_vdhankar #####
##### GAME ENDS IN A DRAW. Time left for kojoseph: 264.56s, vdhankar: 17.9318525791168s
Server said: DRAW
##### GAME OVER: the game ends in a draw, kojoseph wins by time remaining #####
########## ROUND 20 GAMESCORE AFTER GAME 3: kojoseph=1 and vdhankar=2 ##########
#################### ROUND 20: kojoseph (B) vs vdhankar (W): game 4 ####################
##### game start! #####
INPUT for kojoseph:
GAME
BLACK
300
.b.b.b.b
b.b.b.b.
.b.b.b.b
........
........
w.w.w.w.
.w.w.w.w
w.w.w.w.
##### Running: /usr/bin/time -o time_20_kojoseph_vdhankar.txt -f "%U" python3 homework.py > stulog.txt 2>&1 on kojoseph #####
##### SUCCESS: /usr/bin/time -o time_20_kojoseph_vdhankar.txt -f "%U" python3 homework.py > stulog.txt 2>&1 on kojoseph #####
##### kojoseph plays [E f6 e5] in 0.03s #####
##### Running: /usr/lib/jvm/jdk-14.0.1/bin/java -jar /lab/itti/projects/checkers-competition/server/referee.jar on run_20_kojoseph_vdhankar #####
Move is valid
Couldn't read file 'current_ply.txt'
Couldn't read content from file 'current_ply.txt'
Couldn't read file 'lastmatchange_ply.txt'
Couldn't read content from file 'lastmatchange_ply.txt'
##### SUCCESS: /usr/lib/jvm/jdk-14.0.1/bin/java -jar /lab/itti/projects/checkers-competition/server/referee.jar on run_20_kojoseph_vdhankar #####
INPUT for vdhankar:
GAME
WHITE
300
.b.b.b.b
b.b.b.b.
.b.b...b
....b...
........
w.w.w.w.
.w.w.w.w
w.w.w.w.
##### Running: /usr/bin/time -o time_20_kojoseph_vdhankar.txt -f "%U" python3 homework.py > stulog.txt 2>&1 on vdhankar #####
child exited with value 1
##### ERROR: /usr/bin/time -o time_20_kojoseph_vdhankar.txt -f "%U" python3 homework.py > stulog.txt 2>&1 on vdhankar #####
##### Output of failed program (stdout + stderr): #####
Traceback (most recent call last):
  File "homework.py", line 546, in <module>
    print(end-start)
NameError: name 'end' is not defined
##### End of output of failed program #####
##### vdhankar plays [E g3 h4] in 5.64926910400391s #####
##### Running: /usr/lib/jvm/jdk-14.0.1/bin/java -jar /lab/itti/projects/checkers-competition/server/referee.jar on run_20_kojoseph_vdhankar #####
Move is valid
##### SUCCESS: /usr/lib/jvm/jdk-14.0.1/bin/java -jar /lab/itti/projects/checkers-competition/server/referee.jar on run_20_kojoseph_vdhankar #####
INPUT for kojoseph:
GAME
BLACK
299.97
.b.b.b.b
b.b.b.b.
.b.b...b
....b...
.......w
w.w.w...
.w.w.w.w
w.w.w.w.
##### Running: /usr/bin/time -o time_20_kojoseph_vdhankar.txt -f "%U" python3 homework.py > stulog.txt 2>&1 on kojoseph #####
##### SUCCESS: /usr/bin/time -o time_20_kojoseph_vdhankar.txt -f "%U" python3 homework.py > stulog.txt 2>&1 on kojoseph #####
##### kojoseph plays [E b6 a5] in 0.07s #####
##### Running: /usr/lib/jvm/jdk-14.0.1/bin/java -jar /lab/itti/projects/checkers-competition/server/referee.jar on run_20_kojoseph_vdhankar #####
Move is valid
##### SUCCESS: /usr/lib/jvm/jdk-14.0.1/bin/java -jar /lab/itti/projects/checkers-competition/server/referee.jar on run_20_kojoseph_vdhankar #####
INPUT for vdhankar:
GAME
WHITE
294.350730895996
.b.b.b.b
b.b.b.b.
...b...b
b...b...
.......w
w.w.w...
.w.w.w.w
w.w.w.w.
##### Running: /usr/bin/time -o time_20_kojoseph_vdhankar.txt -f "%U" python3 homework.py > stulog.txt 2>&1 on vdhankar #####
child exited with value 1
##### ERROR: /usr/bin/time -o time_20_kojoseph_vdhankar.txt -f "%U" python3 homework.py > stulog.txt 2>&1 on vdhankar #####
##### Output of failed program (stdout + stderr): #####
Traceback (most recent call last):
  File "homework.py", line 546, in <module>
    print(end-start)
NameError: name 'end' is not defined
##### End of output of failed program #####
##### vdhankar plays [E h2 g3] in 4.93561005592346s #####
##### Running: /usr/lib/jvm/jdk-14.0.1/bin/java -jar /lab/itti/projects/checkers-competition/server/referee.jar on run_20_kojoseph_vdhankar #####
Move is valid
##### SUCCESS: /usr/lib/jvm/jdk-14.0.1/bin/java -jar /lab/itti/projects/checkers-competition/server/referee.jar on run_20_kojoseph_vdhankar #####
INPUT for kojoseph:
GAME
BLACK
299.9
.b.b.b.b
b.b.b.b.
...b...b
b...b...
.......w
w.w.w.w.
.w.w.w..
w.w.w.w.
##### Running: /usr/bin/time -o time_20_kojoseph_vdhankar.txt -f "%U" python3 homework.py > stulog.txt 2>&1 on kojoseph #####
##### SUCCESS: /usr/bin/time -o time_20_kojoseph_vdhankar.txt -f "%U" python3 homework.py > stulog.txt 2>&1 on kojoseph #####
##### kojoseph plays [E d6 c5] in 0.04s #####
##### Running: /usr/lib/jvm/jdk-14.0.1/bin/java -jar /lab/itti/projects/checkers-competition/server/referee.jar on run_20_kojoseph_vdhankar #####
Move is valid
##### SUCCESS: /usr/lib/jvm/jdk-14.0.1/bin/java -jar /lab/itti/projects/checkers-competition/server/referee.jar on run_20_kojoseph_vdhankar #####
INPUT for vdhankar:
GAME
WHITE
289.415120840073
.b.b.b.b
b.b.b.b.
.......b
b.b.b...
.......w
w.w.w.w.
.w.w.w..
w.w.w.w.
##### Running: /usr/bin/time -o time_20_kojoseph_vdhankar.txt -f "%U" python3 homework.py > stulog.txt 2>&1 on vdhankar #####
child exited with value 1
##### ERROR: /usr/bin/time -o time_20_kojoseph_vdhankar.txt -f "%U" python3 homework.py > stulog.txt 2>&1 on vdhankar #####
##### Output of failed program (stdout + stderr): #####
Traceback (most recent call last):
  File "homework.py", line 546, in <module>
    print(end-start)
NameError: name 'end' is not defined
##### End of output of failed program #####
##### vdhankar plays [E c3 d4] in 0.961293935775757s #####
##### Running: /usr/lib/jvm/jdk-14.0.1/bin/java -jar /lab/itti/projects/checkers-competition/server/referee.jar on run_20_kojoseph_vdhankar #####
Move is valid
##### SUCCESS: /usr/lib/jvm/jdk-14.0.1/bin/java -jar /lab/itti/projects/checkers-competition/server/referee.jar on run_20_kojoseph_vdhankar #####
INPUT for kojoseph:
GAME
BLACK
299.86
.b.b.b.b
b.b.b.b.
.......b
b.b.b...
...w...w
w...w.w.
.w.w.w..
w.w.w.w.
##### Running: /usr/bin/time -o time_20_kojoseph_vdhankar.txt -f "%U" python3 homework.py > stulog.txt 2>&1 on kojoseph #####
##### SUCCESS: /usr/bin/time -o time_20_kojoseph_vdhankar.txt -f "%U" python3 homework.py > stulog.txt 2>&1 on kojoseph #####
##### kojoseph plays [J e5 c3] in 0.03s #####
##### Running: /usr/lib/jvm/jdk-14.0.1/bin/java -jar /lab/itti/projects/checkers-competition/server/referee.jar on run_20_kojoseph_vdhankar #####
Move is valid
##### SUCCESS: /usr/lib/jvm/jdk-14.0.1/bin/java -jar /lab/itti/projects/checkers-competition/server/referee.jar on run_20_kojoseph_vdhankar #####
INPUT for vdhankar:
GAME
WHITE
288.453826904297
.b.b.b.b
b.b.b.b.
.......b
b.b.....
.......w
w.b.w.w.
.w.w.w..
w.w.w.w.
##### Running: /usr/bin/time -o time_20_kojoseph_vdhankar.txt -f "%U" python3 homework.py > stulog.txt 2>&1 on vdhankar #####
child exited with value 1
##### ERROR: /usr/bin/time -o time_20_kojoseph_vdhankar.txt -f "%U" python3 homework.py > stulog.txt 2>&1 on vdhankar #####
##### Output of failed program (stdout + stderr): #####
Traceback (most recent call last):
  File "homework.py", line 546, in <module>
    print(end-start)
NameError: name 'end' is not defined
##### End of output of failed program #####
##### vdhankar plays [J d2 b4 ; J b4 d6] in 1.97897887229919s #####
##### Running: /usr/lib/jvm/jdk-14.0.1/bin/java -jar /lab/itti/projects/checkers-competition/server/referee.jar on run_20_kojoseph_vdhankar #####
Move is valid
##### SUCCESS: /usr/lib/jvm/jdk-14.0.1/bin/java -jar /lab/itti/projects/checkers-competition/server/referee.jar on run_20_kojoseph_vdhankar #####
INPUT for kojoseph:
GAME
BLACK
299.83
.b.b.b.b
b.b.b.b.
...w...b
b.......
.......w
w...w.w.
.w...w..
w.w.w.w.
##### Running: /usr/bin/time -o time_20_kojoseph_vdhankar.txt -f "%U" python3 homework.py > stulog.txt 2>&1 on kojoseph #####
##### SUCCESS: /usr/bin/time -o time_20_kojoseph_vdhankar.txt -f "%U" python3 homework.py > stulog.txt 2>&1 on kojoseph #####
##### kojoseph plays [J e7 c5] in 0.54s #####
##### Running: /usr/lib/jvm/jdk-14.0.1/bin/java -jar /lab/itti/projects/checkers-competition/server/referee.jar on run_20_kojoseph_vdhankar #####
Move is valid
##### SUCCESS: /usr/lib/jvm/jdk-14.0.1/bin/java -jar /lab/itti/projects/checkers-competition/server/referee.jar on run_20_kojoseph_vdhankar #####
INPUT for vdhankar:
GAME
WHITE
286.474848031998
.b.b.b.b
b.b...b.
.......b
b.b.....
.......w
w...w.w.
.w...w..
w.w.w.w.
##### Running: /usr/bin/time -o time_20_kojoseph_vdhankar.txt -f "%U" python3 homework.py > stulog.txt 2>&1 on vdhankar #####
child exited with value 1
##### ERROR: /usr/bin/time -o time_20_kojoseph_vdhankar.txt -f "%U" python3 homework.py > stulog.txt 2>&1 on vdhankar #####
##### Output of failed program (stdout + stderr): #####
Traceback (most recent call last):
  File "homework.py", line 546, in <module>
    print(end-start)
NameError: name 'end' is not defined
##### End of output of failed program #####
##### vdhankar plays [E g1 h2] in 23.3021578788757s #####
##### Running: /usr/lib/jvm/jdk-14.0.1/bin/java -jar /lab/itti/projects/checkers-competition/server/referee.jar on run_20_kojoseph_vdhankar #####
Move is valid
##### SUCCESS: /usr/lib/jvm/jdk-14.0.1/bin/java -jar /lab/itti/projects/checkers-competition/server/referee.jar on run_20_kojoseph_vdhankar #####
INPUT for kojoseph:
GAME
BLACK
299.29
.b.b.b.b
b.b...b.
.......b
b.b.....
.......w
w...w.w.
.w...w.w
w.w.w...
##### Running: /usr/bin/time -o time_20_kojoseph_vdhankar.txt -f "%U" python3 homework.py > stulog.txt 2>&1 on kojoseph #####
##### SUCCESS: /usr/bin/time -o time_20_kojoseph_vdhankar.txt -f "%U" python3 homework.py > stulog.txt 2>&1 on kojoseph #####
##### kojoseph plays [E c5 b4] in 3.32s #####
##### Running: /usr/lib/jvm/jdk-14.0.1/bin/java -jar /lab/itti/projects/checkers-competition/server/referee.jar on run_20_kojoseph_vdhankar #####
Move is valid
##### SUCCESS: /usr/lib/jvm/jdk-14.0.1/bin/java -jar /lab/itti/projects/checkers-competition/server/referee.jar on run_20_kojoseph_vdhankar #####
INPUT for vdhankar:
GAME
WHITE
263.172690153122
.b.b.b.b
b.b...b.
.......b
b.......
.b.....w
w...w.w.
.w...w.w
w.w.w...
##### Running: /usr/bin/time -o time_20_kojoseph_vdhankar.txt -f "%U" python3 homework.py > stulog.txt 2>&1 on vdhankar #####
child exited with value 1
##### ERROR: /usr/bin/time -o time_20_kojoseph_vdhankar.txt -f "%U" python3 homework.py > stulog.txt 2>&1 on vdhankar #####
##### Output of failed program (stdout + stderr): #####
Traceback (most recent call last):
  File "homework.py", line 546, in <module>
    print(end-start)
NameError: name 'end' is not defined
##### End of output of failed program #####
##### vdhankar plays [J a3 c5] in 3.54258680343628s #####
##### Running: /usr/lib/jvm/jdk-14.0.1/bin/java -jar /lab/itti/projects/checkers-competition/server/referee.jar on run_20_kojoseph_vdhankar #####
Move is valid
##### SUCCESS: /usr/lib/jvm/jdk-14.0.1/bin/java -jar /lab/itti/projects/checkers-competition/server/referee.jar on run_20_kojoseph_vdhankar #####
INPUT for kojoseph:
GAME
BLACK
295.97
.b.b.b.b
b.b...b.
.......b
b.w.....
.......w
....w.w.
.w...w.w
w.w.w...
##### Running: /usr/bin/time -o time_20_kojoseph_vdhankar.txt -f "%U" python3 homework.py > stulog.txt 2>&1 on kojoseph #####
##### SUCCESS: /usr/bin/time -o time_20_kojoseph_vdhankar.txt -f "%U" python3 homework.py > stulog.txt 2>&1 on kojoseph #####
##### kojoseph plays [E h6 g5] in 0.44s #####
##### Running: /usr/lib/jvm/jdk-14.0.1/bin/java -jar /lab/itti/projects/checkers-competition/server/referee.jar on run_20_kojoseph_vdhankar #####
Move is valid
##### SUCCESS: /usr/lib/jvm/jdk-14.0.1/bin/java -jar /lab/itti/projects/checkers-competition/server/referee.jar on run_20_kojoseph_vdhankar #####
INPUT for vdhankar:
GAME
WHITE
259.630103349686
.b.b.b.b
b.b...b.
........
b.w...b.
.......w
....w.w.
.w...w.w
w.w.w...
##### Running: /usr/bin/time -o time_20_kojoseph_vdhankar.txt -f "%U" python3 homework.py > stulog.txt 2>&1 on vdhankar #####
child exited with value 1
##### ERROR: /usr/bin/time -o time_20_kojoseph_vdhankar.txt -f "%U" python3 homework.py > stulog.txt 2>&1 on vdhankar #####
##### Output of failed program (stdout + stderr): #####
Traceback (most recent call last):
  File "homework.py", line 546, in <module>
    print(end-start)
NameError: name 'end' is not defined
##### End of output of failed program #####
##### vdhankar plays [J h4 f6] in 0.641557931900024s #####
##### Running: /usr/lib/jvm/jdk-14.0.1/bin/java -jar /lab/itti/projects/checkers-competition/server/referee.jar on run_20_kojoseph_vdhankar #####
Move is valid
##### SUCCESS: /usr/lib/jvm/jdk-14.0.1/bin/java -jar /lab/itti/projects/checkers-competition/server/referee.jar on run_20_kojoseph_vdhankar #####
INPUT for kojoseph:
GAME
BLACK
295.53
.b.b.b.b
b.b...b.
.....w..
b.w.....
........
....w.w.
.w...w.w
w.w.w...
##### Running: /usr/bin/time -o time_20_kojoseph_vdhankar.txt -f "%U" python3 homework.py > stulog.txt 2>&1 on kojoseph #####
##### SUCCESS: /usr/bin/time -o time_20_kojoseph_vdhankar.txt -f "%U" python3 homework.py > stulog.txt 2>&1 on kojoseph #####
##### kojoseph plays [J g7 e5] in 0.34s #####
##### Running: /usr/lib/jvm/jdk-14.0.1/bin/java -jar /lab/itti/projects/checkers-competition/server/referee.jar on run_20_kojoseph_vdhankar #####
Move is valid
##### SUCCESS: /usr/lib/jvm/jdk-14.0.1/bin/java -jar /lab/itti/projects/checkers-competition/server/referee.jar on run_20_kojoseph_vdhankar #####
INPUT for vdhankar:
GAME
WHITE
258.988545417786
.b.b.b.b
b.b.....
........
b.w.b...
........
....w.w.
.w...w.w
w.w.w...
##### Running: /usr/bin/time -o time_20_kojoseph_vdhankar.txt -f "%U" python3 homework.py > stulog.txt 2>&1 on vdhankar #####
child exited with value 1
##### ERROR: /usr/bin/time -o time_20_kojoseph_vdhankar.txt -f "%U" python3 homework.py > stulog.txt 2>&1 on vdhankar #####
##### Output of failed program (stdout + stderr): #####
Traceback (most recent call last):
  File "homework.py", line 546, in <module>
    print(end-start)
NameError: name 'end' is not defined
##### End of output of failed program #####
##### vdhankar plays [E c1 d2] in 9.07045698165894s #####
##### Running: /usr/lib/jvm/jdk-14.0.1/bin/java -jar /lab/itti/projects/checkers-competition/server/referee.jar on run_20_kojoseph_vdhankar #####
Move is valid
##### SUCCESS: /usr/lib/jvm/jdk-14.0.1/bin/java -jar /lab/itti/projects/checkers-competition/server/referee.jar on run_20_kojoseph_vdhankar #####
INPUT for kojoseph:
GAME
BLACK
295.19
.b.b.b.b
b.b.....
........
b.w.b...
........
....w.w.
.w.w.w.w
w...w...
##### Running: /usr/bin/time -o time_20_kojoseph_vdhankar.txt -f "%U" python3 homework.py > stulog.txt 2>&1 on kojoseph #####
##### SUCCESS: /usr/bin/time -o time_20_kojoseph_vdhankar.txt -f "%U" python3 homework.py > stulog.txt 2>&1 on kojoseph #####
##### kojoseph plays [E e5 f4] in 0.85s #####
##### Running: /usr/lib/jvm/jdk-14.0.1/bin/java -jar /lab/itti/projects/checkers-competition/server/referee.jar on run_20_kojoseph_vdhankar #####
Move is valid
##### SUCCESS: /usr/lib/jvm/jdk-14.0.1/bin/java -jar /lab/itti/projects/checkers-competition/server/referee.jar on run_20_kojoseph_vdhankar #####
INPUT for vdhankar:
GAME
WHITE
249.918088436127
.b.b.b.b
b.b.....
........
b.w.....
.....b..
....w.w.
.w.w.w.w
w...w...
##### Running: /usr/bin/time -o time_20_kojoseph_vdhankar.txt -f "%U" python3 homework.py > stulog.txt 2>&1 on vdhankar #####
child exited with value 1
##### ERROR: /usr/bin/time -o time_20_kojoseph_vdhankar.txt -f "%U" python3 homework.py > stulog.txt 2>&1 on vdhankar #####
##### Output of failed program (stdout + stderr): #####
Traceback (most recent call last):
  File "homework.py", line 546, in <module>
    print(end-start)
NameError: name 'end' is not defined
##### End of output of failed program #####
##### vdhankar plays [J g3 e5] in 7.40224719047546s #####
##### Running: /usr/lib/jvm/jdk-14.0.1/bin/java -jar /lab/itti/projects/checkers-competition/server/referee.jar on run_20_kojoseph_vdhankar #####
Move is valid
##### SUCCESS: /usr/lib/jvm/jdk-14.0.1/bin/java -jar /lab/itti/projects/checkers-competition/server/referee.jar on run_20_kojoseph_vdhankar #####
INPUT for kojoseph:
GAME
BLACK
294.34
.b.b.b.b
b.b.....
........
b.w.w...
........
....w...
.w.w.w.w
w...w...
##### Running: /usr/bin/time -o time_20_kojoseph_vdhankar.txt -f "%U" python3 homework.py > stulog.txt 2>&1 on kojoseph #####
##### SUCCESS: /usr/bin/time -o time_20_kojoseph_vdhankar.txt -f "%U" python3 homework.py > stulog.txt 2>&1 on kojoseph #####
##### kojoseph plays [E c7 b6] in 1.18s #####
##### Running: /usr/lib/jvm/jdk-14.0.1/bin/java -jar /lab/itti/projects/checkers-competition/server/referee.jar on run_20_kojoseph_vdhankar #####
Move is valid
##### SUCCESS: /usr/lib/jvm/jdk-14.0.1/bin/java -jar /lab/itti/projects/checkers-competition/server/referee.jar on run_20_kojoseph_vdhankar #####
INPUT for vdhankar:
GAME
WHITE
242.515841245651
.b.b.b.b
b.......
.b......
b.w.w...
........
....w...
.w.w.w.w
w...w...
##### Running: /usr/bin/time -o time_20_kojoseph_vdhankar.txt -f "%U" python3 homework.py > stulog.txt 2>&1 on vdhankar #####
child exited with value 1
##### ERROR: /usr/bin/time -o time_20_kojoseph_vdhankar.txt -f "%U" python3 homework.py > stulog.txt 2>&1 on vdhankar #####
##### Output of failed program (stdout + stderr): #####
Traceback (most recent call last):
  File "homework.py", line 546, in <module>
    print(end-start)
NameError: name 'end' is not defined
##### End of output of failed program #####
##### vdhankar plays [E d2 c3] in 7.11662983894348s #####
##### Running: /usr/lib/jvm/jdk-14.0.1/bin/java -jar /lab/itti/projects/checkers-competition/server/referee.jar on run_20_kojoseph_vdhankar #####
Move is valid
##### SUCCESS: /usr/lib/jvm/jdk-14.0.1/bin/java -jar /lab/itti/projects/checkers-competition/server/referee.jar on run_20_kojoseph_vdhankar #####
INPUT for kojoseph:
GAME
BLACK
293.16
.b.b.b.b
b.......
.b......
b.w.w...
........
..w.w...
.w...w.w
w...w...
##### Running: /usr/bin/time -o time_20_kojoseph_vdhankar.txt -f "%U" python3 homework.py > stulog.txt 2>&1 on kojoseph #####
##### SUCCESS: /usr/bin/time -o time_20_kojoseph_vdhankar.txt -f "%U" python3 homework.py > stulog.txt 2>&1 on kojoseph #####
##### kojoseph plays [J b6 d4] in 0.18s #####
##### Running: /usr/lib/jvm/jdk-14.0.1/bin/java -jar /lab/itti/projects/checkers-competition/server/referee.jar on run_20_kojoseph_vdhankar #####
Move is valid
##### SUCCESS: /usr/lib/jvm/jdk-14.0.1/bin/java -jar /lab/itti/projects/checkers-competition/server/referee.jar on run_20_kojoseph_vdhankar #####
INPUT for vdhankar:
GAME
WHITE
235.399211406708
.b.b.b.b
b.......
........
b...w...
...b....
..w.w...
.w...w.w
w...w...
##### Running: /usr/bin/time -o time_20_kojoseph_vdhankar.txt -f "%U" python3 homework.py > stulog.txt 2>&1 on vdhankar #####
child exited with value 1
##### ERROR: /usr/bin/time -o time_20_kojoseph_vdhankar.txt -f "%U" python3 homework.py > stulog.txt 2>&1 on vdhankar #####
##### Output of failed program (stdout + stderr): #####
Traceback (most recent call last):
  File "homework.py", line 546, in <module>
    print(end-start)
NameError: name 'end' is not defined
##### End of output of failed program #####
##### vdhankar plays [J e3 c5] in 3.50020503997803s #####
##### Running: /usr/lib/jvm/jdk-14.0.1/bin/java -jar /lab/itti/projects/checkers-competition/server/referee.jar on run_20_kojoseph_vdhankar #####
Move is valid
##### SUCCESS: /usr/lib/jvm/jdk-14.0.1/bin/java -jar /lab/itti/projects/checkers-competition/server/referee.jar on run_20_kojoseph_vdhankar #####
INPUT for kojoseph:
GAME
BLACK
292.98
.b.b.b.b
b.......
........
b.w.w...
........
..w.....
.w...w.w
w...w...
##### Running: /usr/bin/time -o time_20_kojoseph_vdhankar.txt -f "%U" python3 homework.py > stulog.txt 2>&1 on kojoseph #####
##### SUCCESS: /usr/bin/time -o time_20_kojoseph_vdhankar.txt -f "%U" python3 homework.py > stulog.txt 2>&1 on kojoseph #####
##### kojoseph plays [E f8 g7] in 1.43s #####
##### Running: /usr/lib/jvm/jdk-14.0.1/bin/java -jar /lab/itti/projects/checkers-competition/server/referee.jar on run_20_kojoseph_vdhankar #####
Move is valid
##### SUCCESS: /usr/lib/jvm/jdk-14.0.1/bin/java -jar /lab/itti/projects/checkers-competition/server/referee.jar on run_20_kojoseph_vdhankar #####
INPUT for vdhankar:
GAME
WHITE
231.89900636673
.b.b...b
b.....b.
........
b.w.w...
........
..w.....
.w...w.w
w...w...
##### Running: /usr/bin/time -o time_20_kojoseph_vdhankar.txt -f "%U" python3 homework.py > stulog.txt 2>&1 on vdhankar #####
child exited with value 1
##### ERROR: /usr/bin/time -o time_20_kojoseph_vdhankar.txt -f "%U" python3 homework.py > stulog.txt 2>&1 on vdhankar #####
##### Output of failed program (stdout + stderr): #####
Traceback (most recent call last):
  File "homework.py", line 546, in <module>
    print(end-start)
NameError: name 'end' is not defined
##### End of output of failed program #####
##### vdhankar plays [E h2 g3] in 9.78483700752258s #####
##### Running: /usr/lib/jvm/jdk-14.0.1/bin/java -jar /lab/itti/projects/checkers-competition/server/referee.jar on run_20_kojoseph_vdhankar #####
Move is valid
##### SUCCESS: /usr/lib/jvm/jdk-14.0.1/bin/java -jar /lab/itti/projects/checkers-competition/server/referee.jar on run_20_kojoseph_vdhankar #####
INPUT for kojoseph:
GAME
BLACK
291.55
.b.b...b
b.....b.
........
b.w.w...
........
..w...w.
.w...w..
w...w...
##### Running: /usr/bin/time -o time_20_kojoseph_vdhankar.txt -f "%U" python3 homework.py > stulog.txt 2>&1 on kojoseph #####
##### SUCCESS: /usr/bin/time -o time_20_kojoseph_vdhankar.txt -f "%U" python3 homework.py > stulog.txt 2>&1 on kojoseph #####
##### kojoseph plays [E g7 h6] in 0.96s #####
##### Running: /usr/lib/jvm/jdk-14.0.1/bin/java -jar /lab/itti/projects/checkers-competition/server/referee.jar on run_20_kojoseph_vdhankar #####
Move is valid
##### SUCCESS: /usr/lib/jvm/jdk-14.0.1/bin/java -jar /lab/itti/projects/checkers-competition/server/referee.jar on run_20_kojoseph_vdhankar #####
INPUT for vdhankar:
GAME
WHITE
222.114169359207
.b.b...b
b.......
.......b
b.w.w...
........
..w...w.
.w...w..
w...w...
##### Running: /usr/bin/time -o time_20_kojoseph_vdhankar.txt -f "%U" python3 homework.py > stulog.txt 2>&1 on vdhankar #####
child exited with value 1
##### ERROR: /usr/bin/time -o time_20_kojoseph_vdhankar.txt -f "%U" python3 homework.py > stulog.txt 2>&1 on vdhankar #####
##### Output of failed program (stdout + stderr): #####
Traceback (most recent call last):
  File "homework.py", line 546, in <module>
    print(end-start)
NameError: name 'end' is not defined
##### End of output of failed program #####
##### vdhankar plays [E f2 e3] in 16.8974778652191s #####
##### Running: /usr/lib/jvm/jdk-14.0.1/bin/java -jar /lab/itti/projects/checkers-competition/server/referee.jar on run_20_kojoseph_vdhankar #####
Move is valid
##### SUCCESS: /usr/lib/jvm/jdk-14.0.1/bin/java -jar /lab/itti/projects/checkers-competition/server/referee.jar on run_20_kojoseph_vdhankar #####
INPUT for kojoseph:
GAME
BLACK
290.59
.b.b...b
b.......
.......b
b.w.w...
........
..w.w.w.
.w......
w...w...
##### Running: /usr/bin/time -o time_20_kojoseph_vdhankar.txt -f "%U" python3 homework.py > stulog.txt 2>&1 on kojoseph #####
##### SUCCESS: /usr/bin/time -o time_20_kojoseph_vdhankar.txt -f "%U" python3 homework.py > stulog.txt 2>&1 on kojoseph #####
##### kojoseph plays [E h6 g5] in 1.51s #####
##### Running: /usr/lib/jvm/jdk-14.0.1/bin/java -jar /lab/itti/projects/checkers-competition/server/referee.jar on run_20_kojoseph_vdhankar #####
Move is valid
##### SUCCESS: /usr/lib/jvm/jdk-14.0.1/bin/java -jar /lab/itti/projects/checkers-competition/server/referee.jar on run_20_kojoseph_vdhankar #####
INPUT for vdhankar:
GAME
WHITE
205.216691493988
.b.b...b
b.......
........
b.w.w.b.
........
..w.w.w.
.w......
w...w...
##### Running: /usr/bin/time -o time_20_kojoseph_vdhankar.txt -f "%U" python3 homework.py > stulog.txt 2>&1 on vdhankar #####
child exited with value 1
##### ERROR: /usr/bin/time -o time_20_kojoseph_vdhankar.txt -f "%U" python3 homework.py > stulog.txt 2>&1 on vdhankar #####
##### Output of failed program (stdout + stderr): #####
Traceback (most recent call last):
  File "homework.py", line 546, in <module>
    print(end-start)
NameError: name 'end' is not defined
##### End of output of failed program #####
##### vdhankar plays [E g3 h4] in 15.598906993866s #####
##### Running: /usr/lib/jvm/jdk-14.0.1/bin/java -jar /lab/itti/projects/checkers-competition/server/referee.jar on run_20_kojoseph_vdhankar #####
Move is valid
##### SUCCESS: /usr/lib/jvm/jdk-14.0.1/bin/java -jar /lab/itti/projects/checkers-competition/server/referee.jar on run_20_kojoseph_vdhankar #####
INPUT for kojoseph:
GAME
BLACK
289.08
.b.b...b
b.......
........
b.w.w.b.
.......w
..w.w...
.w......
w...w...
##### Running: /usr/bin/time -o time_20_kojoseph_vdhankar.txt -f "%U" python3 homework.py > stulog.txt 2>&1 on kojoseph #####
##### SUCCESS: /usr/bin/time -o time_20_kojoseph_vdhankar.txt -f "%U" python3 homework.py > stulog.txt 2>&1 on kojoseph #####
##### kojoseph plays [E g5 f4] in 0.3s #####
##### Running: /usr/lib/jvm/jdk-14.0.1/bin/java -jar /lab/itti/projects/checkers-competition/server/referee.jar on run_20_kojoseph_vdhankar #####
Move is valid
##### SUCCESS: /usr/lib/jvm/jdk-14.0.1/bin/java -jar /lab/itti/projects/checkers-competition/server/referee.jar on run_20_kojoseph_vdhankar #####
INPUT for vdhankar:
GAME
WHITE
189.617784500122
.b.b...b
b.......
........
b.w.w...
.....b.w
..w.w...
.w......
w...w...
##### Running: /usr/bin/time -o time_20_kojoseph_vdhankar.txt -f "%U" python3 homework.py > stulog.txt 2>&1 on vdhankar #####
child exited with value 1
##### ERROR: /usr/bin/time -o time_20_kojoseph_vdhankar.txt -f "%U" python3 homework.py > stulog.txt 2>&1 on vdhankar #####
##### Output of failed program (stdout + stderr): #####
Traceback (most recent call last):
  File "homework.py", line 546, in <module>
    print(end-start)
NameError: name 'end' is not defined
##### End of output of failed program #####
##### vdhankar plays [J e3 g5] in 1.77223491668701s #####
##### Running: /usr/lib/jvm/jdk-14.0.1/bin/java -jar /lab/itti/projects/checkers-competition/server/referee.jar on run_20_kojoseph_vdhankar #####
Move is valid
##### SUCCESS: /usr/lib/jvm/jdk-14.0.1/bin/java -jar /lab/itti/projects/checkers-competition/server/referee.jar on run_20_kojoseph_vdhankar #####
INPUT for kojoseph:
GAME
BLACK
288.78
.b.b...b
b.......
........
b.w.w.w.
.......w
..w.....
.w......
w...w...
##### Running: /usr/bin/time -o time_20_kojoseph_vdhankar.txt -f "%U" python3 homework.py > stulog.txt 2>&1 on kojoseph #####
##### SUCCESS: /usr/bin/time -o time_20_kojoseph_vdhankar.txt -f "%U" python3 homework.py > stulog.txt 2>&1 on kojoseph #####
##### kojoseph plays [E a7 b6] in 0.8s #####
##### Running: /usr/lib/jvm/jdk-14.0.1/bin/java -jar /lab/itti/projects/checkers-competition/server/referee.jar on run_20_kojoseph_vdhankar #####
Move is valid
##### SUCCESS: /usr/lib/jvm/jdk-14.0.1/bin/java -jar /lab/itti/projects/checkers-competition/server/referee.jar on run_20_kojoseph_vdhankar #####
INPUT for vdhankar:
GAME
WHITE
187.845549583435
.b.b...b
........
.b......
b.w.w.w.
.......w
..w.....
.w......
w...w...
##### Running: /usr/bin/time -o time_20_kojoseph_vdhankar.txt -f "%U" python3 homework.py > stulog.txt 2>&1 on vdhankar #####
child exited with value 1
##### ERROR: /usr/bin/time -o time_20_kojoseph_vdhankar.txt -f "%U" python3 homework.py > stulog.txt 2>&1 on vdhankar #####
##### Output of failed program (stdout + stderr): #####
Traceback (most recent call last):
  File "homework.py", line 546, in <module>
    print(end-start)
NameError: name 'end' is not defined
##### End of output of failed program #####
##### vdhankar plays [J c5 a7] in 1.17462682723999s #####
##### Running: /usr/lib/jvm/jdk-14.0.1/bin/java -jar /lab/itti/projects/checkers-competition/server/referee.jar on run_20_kojoseph_vdhankar #####
Move is valid
##### SUCCESS: /usr/lib/jvm/jdk-14.0.1/bin/java -jar /lab/itti/projects/checkers-competition/server/referee.jar on run_20_kojoseph_vdhankar #####
INPUT for kojoseph:
GAME
BLACK
287.98
.b.b...b
w.......
........
b...w.w.
.......w
..w.....
.w......
w...w...
##### Running: /usr/bin/time -o time_20_kojoseph_vdhankar.txt -f "%U" python3 homework.py > stulog.txt 2>&1 on kojoseph #####
##### SUCCESS: /usr/bin/time -o time_20_kojoseph_vdhankar.txt -f "%U" python3 homework.py > stulog.txt 2>&1 on kojoseph #####
##### kojoseph plays [E a5 b4] in 0.6s #####
##### Running: /usr/lib/jvm/jdk-14.0.1/bin/java -jar /lab/itti/projects/checkers-competition/server/referee.jar on run_20_kojoseph_vdhankar #####
Move is valid
##### SUCCESS: /usr/lib/jvm/jdk-14.0.1/bin/java -jar /lab/itti/projects/checkers-competition/server/referee.jar on run_20_kojoseph_vdhankar #####
INPUT for vdhankar:
GAME
WHITE
186.670922756195
.b.b...b
w.......
........
....w.w.
.b.....w
..w.....
.w......
w...w...
##### Running: /usr/bin/time -o time_20_kojoseph_vdhankar.txt -f "%U" python3 homework.py > stulog.txt 2>&1 on vdhankar #####
child exited with value 1
##### ERROR: /usr/bin/time -o time_20_kojoseph_vdhankar.txt -f "%U" python3 homework.py > stulog.txt 2>&1 on vdhankar #####
##### Output of failed program (stdout + stderr): #####
Traceback (most recent call last):
  File "homework.py", line 546, in <module>
    print(end-start)
NameError: name 'end' is not defined
##### End of output of failed program #####
##### vdhankar plays [J c3 a5] in 0.69136905670166s #####
##### Running: /usr/lib/jvm/jdk-14.0.1/bin/java -jar /lab/itti/projects/checkers-competition/server/referee.jar on run_20_kojoseph_vdhankar #####
Move is valid
##### SUCCESS: /usr/lib/jvm/jdk-14.0.1/bin/java -jar /lab/itti/projects/checkers-competition/server/referee.jar on run_20_kojoseph_vdhankar #####
INPUT for kojoseph:
GAME
BLACK
287.38
.b.b...b
w.......
........
w...w.w.
.......w
........
.w......
w...w...
##### Running: /usr/bin/time -o time_20_kojoseph_vdhankar.txt -f "%U" python3 homework.py > stulog.txt 2>&1 on kojoseph #####
##### SUCCESS: /usr/bin/time -o time_20_kojoseph_vdhankar.txt -f "%U" python3 homework.py > stulog.txt 2>&1 on kojoseph #####
##### kojoseph plays [E h8 g7] in 0.56s #####
##### Running: /usr/lib/jvm/jdk-14.0.1/bin/java -jar /lab/itti/projects/checkers-competition/server/referee.jar on run_20_kojoseph_vdhankar #####
Move is valid
##### SUCCESS: /usr/lib/jvm/jdk-14.0.1/bin/java -jar /lab/itti/projects/checkers-competition/server/referee.jar on run_20_kojoseph_vdhankar #####
INPUT for vdhankar:
GAME
WHITE
185.979553699493
.b.b....
w.....b.
........
w...w.w.
.......w
........
.w......
w...w...
##### Running: /usr/bin/time -o time_20_kojoseph_vdhankar.txt -f "%U" python3 homework.py > stulog.txt 2>&1 on vdhankar #####
child exited with value 1
##### ERROR: /usr/bin/time -o time_20_kojoseph_vdhankar.txt -f "%U" python3 homework.py > stulog.txt 2>&1 on vdhankar #####
##### Output of failed program (stdout + stderr): #####
Traceback (most recent call last):
  File "homework.py", line 546, in <module>
    print(end-start)
NameError: name 'end' is not defined
##### End of output of failed program #####
##### vdhankar plays [E g5 h6] in 2.09028792381287s #####
##### Running: /usr/lib/jvm/jdk-14.0.1/bin/java -jar /lab/itti/projects/checkers-competition/server/referee.jar on run_20_kojoseph_vdhankar #####
Move is valid
##### SUCCESS: /usr/lib/jvm/jdk-14.0.1/bin/java -jar /lab/itti/projects/checkers-competition/server/referee.jar on run_20_kojoseph_vdhankar #####
INPUT for kojoseph:
GAME
BLACK
286.82
.b.b....
w.....b.
.......w
w...w...
.......w
........
.w......
w...w...
##### Running: /usr/bin/time -o time_20_kojoseph_vdhankar.txt -f "%U" python3 homework.py > stulog.txt 2>&1 on kojoseph #####
##### SUCCESS: /usr/bin/time -o time_20_kojoseph_vdhankar.txt -f "%U" python3 homework.py > stulog.txt 2>&1 on kojoseph #####
##### kojoseph plays [E g7 f6] in 0.09s #####
##### Running: /usr/lib/jvm/jdk-14.0.1/bin/java -jar /lab/itti/projects/checkers-competition/server/referee.jar on run_20_kojoseph_vdhankar #####
Move is valid
##### SUCCESS: /usr/lib/jvm/jdk-14.0.1/bin/java -jar /lab/itti/projects/checkers-competition/server/referee.jar on run_20_kojoseph_vdhankar #####
INPUT for vdhankar:
GAME
WHITE
183.889265775681
.b.b....
w.......
.....b.w
w...w...
.......w
........
.w......
w...w...
##### Running: /usr/bin/time -o time_20_kojoseph_vdhankar.txt -f "%U" python3 homework.py > stulog.txt 2>&1 on vdhankar #####
child exited with value 1
##### ERROR: /usr/bin/time -o time_20_kojoseph_vdhankar.txt -f "%U" python3 homework.py > stulog.txt 2>&1 on vdhankar #####
##### Output of failed program (stdout + stderr): #####
Traceback (most recent call last):
  File "homework.py", line 546, in <module>
    print(end-start)
NameError: name 'end' is not defined
##### End of output of failed program #####
##### vdhankar plays [J e5 g7] in 0.685548067092896s #####
##### Running: /usr/lib/jvm/jdk-14.0.1/bin/java -jar /lab/itti/projects/checkers-competition/server/referee.jar on run_20_kojoseph_vdhankar #####
Move is valid
##### SUCCESS: /usr/lib/jvm/jdk-14.0.1/bin/java -jar /lab/itti/projects/checkers-competition/server/referee.jar on run_20_kojoseph_vdhankar #####
INPUT for kojoseph:
GAME
BLACK
286.73
.b.b....
w.....w.
.......w
w.......
.......w
........
.w......
w...w...
##### Running: /usr/bin/time -o time_20_kojoseph_vdhankar.txt -f "%U" python3 homework.py > stulog.txt 2>&1 on kojoseph #####
##### SUCCESS: /usr/bin/time -o time_20_kojoseph_vdhankar.txt -f "%U" python3 homework.py > stulog.txt 2>&1 on kojoseph #####
##### kojoseph plays [E d8 c7] in 0.47s #####
##### Running: /usr/lib/jvm/jdk-14.0.1/bin/java -jar /lab/itti/projects/checkers-competition/server/referee.jar on run_20_kojoseph_vdhankar #####
Move is valid
##### SUCCESS: /usr/lib/jvm/jdk-14.0.1/bin/java -jar /lab/itti/projects/checkers-competition/server/referee.jar on run_20_kojoseph_vdhankar #####
INPUT for vdhankar:
GAME
WHITE
183.203717708588
.b......
w.b...w.
.......w
w.......
.......w
........
.w......
w...w...
##### Running: /usr/bin/time -o time_20_kojoseph_vdhankar.txt -f "%U" python3 homework.py > stulog.txt 2>&1 on vdhankar #####
child exited with value 1
##### ERROR: /usr/bin/time -o time_20_kojoseph_vdhankar.txt -f "%U" python3 homework.py > stulog.txt 2>&1 on vdhankar #####
##### Output of failed program (stdout + stderr): #####
Traceback (most recent call last):
  File "homework.py", line 546, in <module>
    print(end-start)
NameError: name 'end' is not defined
##### End of output of failed program #####
##### vdhankar plays [E b2 c3] in 1.52013182640076s #####
##### Running: /usr/lib/jvm/jdk-14.0.1/bin/java -jar /lab/itti/projects/checkers-competition/server/referee.jar on run_20_kojoseph_vdhankar #####
Move is valid
##### SUCCESS: /usr/lib/jvm/jdk-14.0.1/bin/java -jar /lab/itti/projects/checkers-competition/server/referee.jar on run_20_kojoseph_vdhankar #####
INPUT for kojoseph:
GAME
BLACK
286.26
.b......
w.b...w.
.......w
w.......
.......w
..w.....
........
w...w...
##### Running: /usr/bin/time -o time_20_kojoseph_vdhankar.txt -f "%U" python3 homework.py > stulog.txt 2>&1 on kojoseph #####
##### SUCCESS: /usr/bin/time -o time_20_kojoseph_vdhankar.txt -f "%U" python3 homework.py > stulog.txt 2>&1 on kojoseph #####
##### kojoseph plays [E c7 d6] in 0.55s #####
##### Running: /usr/lib/jvm/jdk-14.0.1/bin/java -jar /lab/itti/projects/checkers-competition/server/referee.jar on run_20_kojoseph_vdhankar #####
Move is valid
##### SUCCESS: /usr/lib/jvm/jdk-14.0.1/bin/java -jar /lab/itti/projects/checkers-competition/server/referee.jar on run_20_kojoseph_vdhankar #####
INPUT for vdhankar:
GAME
WHITE
181.683585882187
.b......
w.....w.
...b...w
w.......
.......w
..w.....
........
w...w...
##### Running: /usr/bin/time -o time_20_kojoseph_vdhankar.txt -f "%U" python3 homework.py > stulog.txt 2>&1 on vdhankar #####
child exited with value 1
##### ERROR: /usr/bin/time -o time_20_kojoseph_vdhankar.txt -f "%U" python3 homework.py > stulog.txt 2>&1 on vdhankar #####
##### Output of failed program (stdout + stderr): #####
Traceback (most recent call last):
  File "homework.py", line 546, in <module>
    print(end-start)
NameError: name 'end' is not defined
##### End of output of failed program #####
##### vdhankar plays [E c3 d4] in 2.51331806182861s #####
##### Running: /usr/lib/jvm/jdk-14.0.1/bin/java -jar /lab/itti/projects/checkers-competition/server/referee.jar on run_20_kojoseph_vdhankar #####
Move is valid
##### SUCCESS: /usr/lib/jvm/jdk-14.0.1/bin/java -jar /lab/itti/projects/checkers-competition/server/referee.jar on run_20_kojoseph_vdhankar #####
INPUT for kojoseph:
GAME
BLACK
285.71
.b......
w.....w.
...b...w
w.......
...w...w
........
........
w...w...
##### Running: /usr/bin/time -o time_20_kojoseph_vdhankar.txt -f "%U" python3 homework.py > stulog.txt 2>&1 on kojoseph #####
##### SUCCESS: /usr/bin/time -o time_20_kojoseph_vdhankar.txt -f "%U" python3 homework.py > stulog.txt 2>&1 on kojoseph #####
##### kojoseph plays [E d6 e5] in 0.12s #####
##### Running: /usr/lib/jvm/jdk-14.0.1/bin/java -jar /lab/itti/projects/checkers-competition/server/referee.jar on run_20_kojoseph_vdhankar #####
Move is valid
##### SUCCESS: /usr/lib/jvm/jdk-14.0.1/bin/java -jar /lab/itti/projects/checkers-competition/server/referee.jar on run_20_kojoseph_vdhankar #####
INPUT for vdhankar:
GAME
WHITE
179.170267820358
.b......
w.....w.
.......w
w...b...
...w...w
........
........
w...w...
##### Running: /usr/bin/time -o time_20_kojoseph_vdhankar.txt -f "%U" python3 homework.py > stulog.txt 2>&1 on vdhankar #####
child exited with value 1
##### ERROR: /usr/bin/time -o time_20_kojoseph_vdhankar.txt -f "%U" python3 homework.py > stulog.txt 2>&1 on vdhankar #####
##### Output of failed program (stdout + stderr): #####
Traceback (most recent call last):
  File "homework.py", line 546, in <module>
    print(end-start)
NameError: name 'end' is not defined
##### End of output of failed program #####
##### vdhankar plays [J d4 f6] in 0.412675142288208s #####
##### Running: /usr/lib/jvm/jdk-14.0.1/bin/java -jar /lab/itti/projects/checkers-competition/server/referee.jar on run_20_kojoseph_vdhankar #####
Move is valid
##### SUCCESS: /usr/lib/jvm/jdk-14.0.1/bin/java -jar /lab/itti/projects/checkers-competition/server/referee.jar on run_20_kojoseph_vdhankar #####
INPUT for kojoseph:
GAME
BLACK
285.59
.b......
w.....w.
.....w.w
w.......
.......w
........
........
w...w...
##### Running: /usr/bin/time -o time_20_kojoseph_vdhankar.txt -f "%U" python3 homework.py > stulog.txt 2>&1 on kojoseph #####
##### SUCCESS: /usr/bin/time -o time_20_kojoseph_vdhankar.txt -f "%U" python3 homework.py > stulog.txt 2>&1 on kojoseph #####
##### kojoseph plays [E b8 c7] in 0.32s #####
##### Running: /usr/lib/jvm/jdk-14.0.1/bin/java -jar /lab/itti/projects/checkers-competition/server/referee.jar on run_20_kojoseph_vdhankar #####
Move is valid
##### SUCCESS: /usr/lib/jvm/jdk-14.0.1/bin/java -jar /lab/itti/projects/checkers-competition/server/referee.jar on run_20_kojoseph_vdhankar #####
INPUT for vdhankar:
GAME
WHITE
178.75759267807
........
w.b...w.
.....w.w
w.......
.......w
........
........
w...w...
##### Running: /usr/bin/time -o time_20_kojoseph_vdhankar.txt -f "%U" python3 homework.py > stulog.txt 2>&1 on vdhankar #####
child exited with value 1
##### ERROR: /usr/bin/time -o time_20_kojoseph_vdhankar.txt -f "%U" python3 homework.py > stulog.txt 2>&1 on vdhankar #####
##### Output of failed program (stdout + stderr): #####
Traceback (most recent call last):
  File "homework.py", line 546, in <module>
    print(end-start)
NameError: name 'end' is not defined
##### End of output of failed program #####
##### vdhankar plays [E a5 b6] in 1.40095710754395s #####
##### Running: /usr/lib/jvm/jdk-14.0.1/bin/java -jar /lab/itti/projects/checkers-competition/server/referee.jar on run_20_kojoseph_vdhankar #####
Move is valid
##### SUCCESS: /usr/lib/jvm/jdk-14.0.1/bin/java -jar /lab/itti/projects/checkers-competition/server/referee.jar on run_20_kojoseph_vdhankar #####
INPUT for kojoseph:
GAME
BLACK
285.27
........
w.b...w.
.w...w.w
........
.......w
........
........
w...w...
##### Running: /usr/bin/time -o time_20_kojoseph_vdhankar.txt -f "%U" python3 homework.py > stulog.txt 2>&1 on kojoseph #####
##### SUCCESS: /usr/bin/time -o time_20_kojoseph_vdhankar.txt -f "%U" python3 homework.py > stulog.txt 2>&1 on kojoseph #####
##### kojoseph plays [J c7 a5] in 0.24s #####
##### Running: /usr/lib/jvm/jdk-14.0.1/bin/java -jar /lab/itti/projects/checkers-competition/server/referee.jar on run_20_kojoseph_vdhankar #####
Move is valid
##### SUCCESS: /usr/lib/jvm/jdk-14.0.1/bin/java -jar /lab/itti/projects/checkers-competition/server/referee.jar on run_20_kojoseph_vdhankar #####
INPUT for vdhankar:
GAME
WHITE
177.356635570526
........
w.....w.
.....w.w
b.......
.......w
........
........
w...w...
##### Running: /usr/bin/time -o time_20_kojoseph_vdhankar.txt -f "%U" python3 homework.py > stulog.txt 2>&1 on vdhankar #####
child exited with value 1
##### ERROR: /usr/bin/time -o time_20_kojoseph_vdhankar.txt -f "%U" python3 homework.py > stulog.txt 2>&1 on vdhankar #####
##### Output of failed program (stdout + stderr): #####
Traceback (most recent call last):
  File "homework.py", line 546, in <module>
    print(end-start)
NameError: name 'end' is not defined
##### End of output of failed program #####
##### vdhankar plays [E a7 b8] in 0.20388388633728s #####
##### Running: /usr/lib/jvm/jdk-14.0.1/bin/java -jar /lab/itti/projects/checkers-competition/server/referee.jar on run_20_kojoseph_vdhankar #####
Move is valid
##### SUCCESS: /usr/lib/jvm/jdk-14.0.1/bin/java -jar /lab/itti/projects/checkers-competition/server/referee.jar on run_20_kojoseph_vdhankar #####
INPUT for kojoseph:
GAME
BLACK
285.03
.W......
......w.
.....w.w
b.......
.......w
........
........
w...w...
##### Running: /usr/bin/time -o time_20_kojoseph_vdhankar.txt -f "%U" python3 homework.py > stulog.txt 2>&1 on kojoseph #####
##### SUCCESS: /usr/bin/time -o time_20_kojoseph_vdhankar.txt -f "%U" python3 homework.py > stulog.txt 2>&1 on kojoseph #####
##### kojoseph plays [E a5 b4] in 0.18s #####
##### Running: /usr/lib/jvm/jdk-14.0.1/bin/java -jar /lab/itti/projects/checkers-competition/server/referee.jar on run_20_kojoseph_vdhankar #####
Move is valid
##### SUCCESS: /usr/lib/jvm/jdk-14.0.1/bin/java -jar /lab/itti/projects/checkers-competition/server/referee.jar on run_20_kojoseph_vdhankar #####
INPUT for vdhankar:
GAME
WHITE
177.152751684189
.W......
......w.
.....w.w
........
.b.....w
........
........
w...w...
##### Running: /usr/bin/time -o time_20_kojoseph_vdhankar.txt -f "%U" python3 homework.py > stulog.txt 2>&1 on vdhankar #####
child exited with value 1
##### ERROR: /usr/bin/time -o time_20_kojoseph_vdhankar.txt -f "%U" python3 homework.py > stulog.txt 2>&1 on vdhankar #####
##### Output of failed program (stdout + stderr): #####
Traceback (most recent call last):
  File "homework.py", line 546, in <module>
    print(end-start)
NameError: name 'end' is not defined
##### End of output of failed program #####
##### vdhankar plays [E b8 a7] in 0.202579975128174s #####
##### Running: /usr/lib/jvm/jdk-14.0.1/bin/java -jar /lab/itti/projects/checkers-competition/server/referee.jar on run_20_kojoseph_vdhankar #####
Move is valid
##### SUCCESS: /usr/lib/jvm/jdk-14.0.1/bin/java -jar /lab/itti/projects/checkers-competition/server/referee.jar on run_20_kojoseph_vdhankar #####
INPUT for kojoseph:
GAME
BLACK
284.85
........
W.....w.
.....w.w
........
.b.....w
........
........
w...w...
##### Running: /usr/bin/time -o time_20_kojoseph_vdhankar.txt -f "%U" python3 homework.py > stulog.txt 2>&1 on kojoseph #####
##### SUCCESS: /usr/bin/time -o time_20_kojoseph_vdhankar.txt -f "%U" python3 homework.py > stulog.txt 2>&1 on kojoseph #####
##### kojoseph plays [E b4 c3] in 0.07s #####
##### Running: /usr/lib/jvm/jdk-14.0.1/bin/java -jar /lab/itti/projects/checkers-competition/server/referee.jar on run_20_kojoseph_vdhankar #####
Move is valid
##### SUCCESS: /usr/lib/jvm/jdk-14.0.1/bin/java -jar /lab/itti/projects/checkers-competition/server/referee.jar on run_20_kojoseph_vdhankar #####
INPUT for vdhankar:
GAME
WHITE
176.950171709061
........
W.....w.
.....w.w
........
.......w
..b.....
........
w...w...
##### Running: /usr/bin/time -o time_20_kojoseph_vdhankar.txt -f "%U" python3 homework.py > stulog.txt 2>&1 on vdhankar #####
child exited with value 1
##### ERROR: /usr/bin/time -o time_20_kojoseph_vdhankar.txt -f "%U" python3 homework.py > stulog.txt 2>&1 on vdhankar #####
##### Output of failed program (stdout + stderr): #####
Traceback (most recent call last):
  File "homework.py", line 546, in <module>
    print(end-start)
NameError: name 'end' is not defined
##### End of output of failed program #####
##### vdhankar plays [E a7 b8] in 0.200161933898926s #####
##### Running: /usr/lib/jvm/jdk-14.0.1/bin/java -jar /lab/itti/projects/checkers-competition/server/referee.jar on run_20_kojoseph_vdhankar #####
Move is valid
##### SUCCESS: /usr/lib/jvm/jdk-14.0.1/bin/java -jar /lab/itti/projects/checkers-competition/server/referee.jar on run_20_kojoseph_vdhankar #####
INPUT for kojoseph:
GAME
BLACK
284.78
.W......
......w.
.....w.w
........
.......w
..b.....
........
w...w...
##### Running: /usr/bin/time -o time_20_kojoseph_vdhankar.txt -f "%U" python3 homework.py > stulog.txt 2>&1 on kojoseph #####
##### SUCCESS: /usr/bin/time -o time_20_kojoseph_vdhankar.txt -f "%U" python3 homework.py > stulog.txt 2>&1 on kojoseph #####
##### kojoseph plays [E c3 d2] in 0.03s #####
##### Running: /usr/lib/jvm/jdk-14.0.1/bin/java -jar /lab/itti/projects/checkers-competition/server/referee.jar on run_20_kojoseph_vdhankar #####
Move is valid
##### SUCCESS: /usr/lib/jvm/jdk-14.0.1/bin/java -jar /lab/itti/projects/checkers-competition/server/referee.jar on run_20_kojoseph_vdhankar #####
INPUT for vdhankar:
GAME
WHITE
176.750009775162
.W......
......w.
.....w.w
........
.......w
........
...b....
w...w...
##### Running: /usr/bin/time -o time_20_kojoseph_vdhankar.txt -f "%U" python3 homework.py > stulog.txt 2>&1 on vdhankar #####
child exited with value 1
##### ERROR: /usr/bin/time -o time_20_kojoseph_vdhankar.txt -f "%U" python3 homework.py > stulog.txt 2>&1 on vdhankar #####
##### Output of failed program (stdout + stderr): #####
Traceback (most recent call last):
  File "homework.py", line 546, in <module>
    print(end-start)
NameError: name 'end' is not defined
##### End of output of failed program #####
##### vdhankar plays [J e1 c3] in 0.198827028274536s #####
##### Running: /usr/lib/jvm/jdk-14.0.1/bin/java -jar /lab/itti/projects/checkers-competition/server/referee.jar on run_20_kojoseph_vdhankar #####
Move is valid
After this move, player BLACK cannot make any moves
*** Winner: WHITE ***
##### SUCCESS: /usr/lib/jvm/jdk-14.0.1/bin/java -jar /lab/itti/projects/checkers-competition/server/referee.jar on run_20_kojoseph_vdhankar #####
##### GAME OVER: vdhankar wins the game! #####
Server said: WIN
########## ROUND 20 GAMESCORE AFTER GAME 4: kojoseph=1 and vdhankar=3 ##########


########## GRAND WINNER ROUND 20 IS vdhankar BY 3 vs 1 GAMESCORE ##########
