#################### ROUND 14: tkale (W) vs vdhankar (B): game 1 ####################
##### game start! #####
INPUT for vdhankar:
GAME
BLACK
300
.b.b.b.b
b.b.b.b.
.b.b.b.b
........
........
w.w.w.w.
.w.w.w.w
w.w.w.w.
##### Running: /usr/bin/time -o time_14_tkale_vdhankar.txt -f "%U" python3 homework.py > stulog.txt 2>&1 on vdhankar #####
child exited with value 1
##### ERROR: /usr/bin/time -o time_14_tkale_vdhankar.txt -f "%U" python3 homework.py > stulog.txt 2>&1 on vdhankar #####
##### Output of failed program (stdout + stderr): #####
Traceback (most recent call last):
  File "homework.py", line 546, in <module>
    print(end-start)
NameError: name 'end' is not defined
##### End of output of failed program #####
##### vdhankar plays [E h6 g5] in 12.2362461090088s #####
##### Running: /usr/lib/jvm/jdk-14.0.1/bin/java -jar /lab/itti/projects/checkers-competition/server/referee.jar on run_14_tkale_vdhankar #####
Move is valid
Couldn't read file 'current_ply.txt'
Couldn't read content from file 'current_ply.txt'
Couldn't read file 'lastmatchange_ply.txt'
Couldn't read content from file 'lastmatchange_ply.txt'
##### SUCCESS: /usr/lib/jvm/jdk-14.0.1/bin/java -jar /lab/itti/projects/checkers-competition/server/referee.jar on run_14_tkale_vdhankar #####
INPUT for tkale:
GAME
WHITE
300
.b.b.b.b
b.b.b.b.
.b.b.b..
......b.
........
w.w.w.w.
.w.w.w.w
w.w.w.w.
##### Running: /usr/bin/time -o time_14_tkale_vdhankar.txt -f "%U" python2 homework2.py > stulog.txt 2>&1 on tkale #####
##### SUCCESS: /usr/bin/time -o time_14_tkale_vdhankar.txt -f "%U" python2 homework2.py > stulog.txt 2>&1 on tkale #####
##### tkale plays [E g3 f4] in 0.98s #####
##### Running: /usr/lib/jvm/jdk-14.0.1/bin/java -jar /lab/itti/projects/checkers-competition/server/referee.jar on run_14_tkale_vdhankar #####
Move is valid
##### SUCCESS: /usr/lib/jvm/jdk-14.0.1/bin/java -jar /lab/itti/projects/checkers-competition/server/referee.jar on run_14_tkale_vdhankar #####
INPUT for vdhankar:
GAME
BLACK
287.763753890991
.b.b.b.b
b.b.b.b.
.b.b.b..
......b.
.....w..
w.w.w...
.w.w.w.w
w.w.w.w.
##### Running: /usr/bin/time -o time_14_tkale_vdhankar.txt -f "%U" python3 homework.py > stulog.txt 2>&1 on vdhankar #####
child exited with value 1
##### ERROR: /usr/bin/time -o time_14_tkale_vdhankar.txt -f "%U" python3 homework.py > stulog.txt 2>&1 on vdhankar #####
##### Output of failed program (stdout + stderr): #####
Traceback (most recent call last):
  File "homework.py", line 546, in <module>
    print(end-start)
NameError: name 'end' is not defined
##### End of output of failed program #####
##### vdhankar plays [E g5 h4] in 8.96566104888916s #####
##### Running: /usr/lib/jvm/jdk-14.0.1/bin/java -jar /lab/itti/projects/checkers-competition/server/referee.jar on run_14_tkale_vdhankar #####
Move is valid
##### SUCCESS: /usr/lib/jvm/jdk-14.0.1/bin/java -jar /lab/itti/projects/checkers-competition/server/referee.jar on run_14_tkale_vdhankar #####
INPUT for tkale:
GAME
WHITE
299.02
.b.b.b.b
b.b.b.b.
.b.b.b..
........
.....w.b
w.w.w...
.w.w.w.w
w.w.w.w.
##### Running: /usr/bin/time -o time_14_tkale_vdhankar.txt -f "%U" python2 homework2.py > stulog.txt 2>&1 on tkale #####
##### SUCCESS: /usr/bin/time -o time_14_tkale_vdhankar.txt -f "%U" python2 homework2.py > stulog.txt 2>&1 on tkale #####
##### tkale plays [E f4 g5] in 0.91s #####
##### Running: /usr/lib/jvm/jdk-14.0.1/bin/java -jar /lab/itti/projects/checkers-competition/server/referee.jar on run_14_tkale_vdhankar #####
Move is valid
##### SUCCESS: /usr/lib/jvm/jdk-14.0.1/bin/java -jar /lab/itti/projects/checkers-competition/server/referee.jar on run_14_tkale_vdhankar #####
INPUT for vdhankar:
GAME
BLACK
278.798092842102
.b.b.b.b
b.b.b.b.
.b.b.b..
......w.
.......b
w.w.w...
.w.w.w.w
w.w.w.w.
##### Running: /usr/bin/time -o time_14_tkale_vdhankar.txt -f "%U" python3 homework.py > stulog.txt 2>&1 on vdhankar #####
child exited with value 1
##### ERROR: /usr/bin/time -o time_14_tkale_vdhankar.txt -f "%U" python3 homework.py > stulog.txt 2>&1 on vdhankar #####
##### Output of failed program (stdout + stderr): #####
Traceback (most recent call last):
  File "homework.py", line 546, in <module>
    print(end-start)
NameError: name 'end' is not defined
##### End of output of failed program #####
##### vdhankar plays [E b6 a5] in 12.2584729194641s #####
##### Running: /usr/lib/jvm/jdk-14.0.1/bin/java -jar /lab/itti/projects/checkers-competition/server/referee.jar on run_14_tkale_vdhankar #####
Move is valid
##### SUCCESS: /usr/lib/jvm/jdk-14.0.1/bin/java -jar /lab/itti/projects/checkers-competition/server/referee.jar on run_14_tkale_vdhankar #####
INPUT for tkale:
GAME
WHITE
298.11
.b.b.b.b
b.b.b.b.
...b.b..
b.....w.
.......b
w.w.w...
.w.w.w.w
w.w.w.w.
##### Running: /usr/bin/time -o time_14_tkale_vdhankar.txt -f "%U" python2 homework2.py > stulog.txt 2>&1 on tkale #####
##### SUCCESS: /usr/bin/time -o time_14_tkale_vdhankar.txt -f "%U" python2 homework2.py > stulog.txt 2>&1 on tkale #####
##### tkale plays [E h2 g3] in 1.07s #####
##### Running: /usr/lib/jvm/jdk-14.0.1/bin/java -jar /lab/itti/projects/checkers-competition/server/referee.jar on run_14_tkale_vdhankar #####
Move is valid
##### SUCCESS: /usr/lib/jvm/jdk-14.0.1/bin/java -jar /lab/itti/projects/checkers-competition/server/referee.jar on run_14_tkale_vdhankar #####
INPUT for vdhankar:
GAME
BLACK
266.539619922638
.b.b.b.b
b.b.b.b.
...b.b..
b.....w.
.......b
w.w.w.w.
.w.w.w..
w.w.w.w.
##### Running: /usr/bin/time -o time_14_tkale_vdhankar.txt -f "%U" python3 homework.py > stulog.txt 2>&1 on vdhankar #####
child exited with value 1
##### ERROR: /usr/bin/time -o time_14_tkale_vdhankar.txt -f "%U" python3 homework.py > stulog.txt 2>&1 on vdhankar #####
##### Output of failed program (stdout + stderr): #####
Traceback (most recent call last):
  File "homework.py", line 546, in <module>
    print(end-start)
NameError: name 'end' is not defined
##### End of output of failed program #####
##### vdhankar plays [E d6 c5] in 13.3017621040344s #####
##### Running: /usr/lib/jvm/jdk-14.0.1/bin/java -jar /lab/itti/projects/checkers-competition/server/referee.jar on run_14_tkale_vdhankar #####
Move is valid
##### SUCCESS: /usr/lib/jvm/jdk-14.0.1/bin/java -jar /lab/itti/projects/checkers-competition/server/referee.jar on run_14_tkale_vdhankar #####
INPUT for tkale:
GAME
WHITE
297.04
.b.b.b.b
b.b.b.b.
.....b..
b.b...w.
.......b
w.w.w.w.
.w.w.w..
w.w.w.w.
##### Running: /usr/bin/time -o time_14_tkale_vdhankar.txt -f "%U" python2 homework2.py > stulog.txt 2>&1 on tkale #####
##### SUCCESS: /usr/bin/time -o time_14_tkale_vdhankar.txt -f "%U" python2 homework2.py > stulog.txt 2>&1 on tkale #####
##### tkale plays [E g5 h6] in 0.76s #####
##### Running: /usr/lib/jvm/jdk-14.0.1/bin/java -jar /lab/itti/projects/checkers-competition/server/referee.jar on run_14_tkale_vdhankar #####
Move is valid
##### SUCCESS: /usr/lib/jvm/jdk-14.0.1/bin/java -jar /lab/itti/projects/checkers-competition/server/referee.jar on run_14_tkale_vdhankar #####
INPUT for vdhankar:
GAME
BLACK
253.237857818604
.b.b.b.b
b.b.b.b.
.....b.w
b.b.....
.......b
w.w.w.w.
.w.w.w..
w.w.w.w.
##### Running: /usr/bin/time -o time_14_tkale_vdhankar.txt -f "%U" python3 homework.py > stulog.txt 2>&1 on vdhankar #####
child exited with value 1
##### ERROR: /usr/bin/time -o time_14_tkale_vdhankar.txt -f "%U" python3 homework.py > stulog.txt 2>&1 on vdhankar #####
##### Output of failed program (stdout + stderr): #####
Traceback (most recent call last):
  File "homework.py", line 546, in <module>
    print(end-start)
NameError: name 'end' is not defined
##### End of output of failed program #####
##### vdhankar plays [E c7 b6] in 6.68722915649414s #####
##### Running: /usr/lib/jvm/jdk-14.0.1/bin/java -jar /lab/itti/projects/checkers-competition/server/referee.jar on run_14_tkale_vdhankar #####
Move is valid
##### SUCCESS: /usr/lib/jvm/jdk-14.0.1/bin/java -jar /lab/itti/projects/checkers-competition/server/referee.jar on run_14_tkale_vdhankar #####
INPUT for tkale:
GAME
WHITE
296.28
.b.b.b.b
b...b.b.
.b...b.w
b.b.....
.......b
w.w.w.w.
.w.w.w..
w.w.w.w.
##### Running: /usr/bin/time -o time_14_tkale_vdhankar.txt -f "%U" python2 homework2.py > stulog.txt 2>&1 on tkale #####
##### SUCCESS: /usr/bin/time -o time_14_tkale_vdhankar.txt -f "%U" python2 homework2.py > stulog.txt 2>&1 on tkale #####
##### tkale plays [E e3 d4] in 0.62s #####
##### Running: /usr/lib/jvm/jdk-14.0.1/bin/java -jar /lab/itti/projects/checkers-competition/server/referee.jar on run_14_tkale_vdhankar #####
Move is valid
##### SUCCESS: /usr/lib/jvm/jdk-14.0.1/bin/java -jar /lab/itti/projects/checkers-competition/server/referee.jar on run_14_tkale_vdhankar #####
INPUT for vdhankar:
GAME
BLACK
246.550628662109
.b.b.b.b
b...b.b.
.b...b.w
b.b.....
...w...b
w.w...w.
.w.w.w..
w.w.w.w.
##### Running: /usr/bin/time -o time_14_tkale_vdhankar.txt -f "%U" python3 homework.py > stulog.txt 2>&1 on vdhankar #####
child exited with value 1
##### ERROR: /usr/bin/time -o time_14_tkale_vdhankar.txt -f "%U" python3 homework.py > stulog.txt 2>&1 on vdhankar #####
##### Output of failed program (stdout + stderr): #####
Traceback (most recent call last):
  File "homework.py", line 546, in <module>
    print(end-start)
NameError: name 'end' is not defined
##### End of output of failed program #####
##### vdhankar plays [J c5 e3] in 1.73555207252502s #####
##### Running: /usr/lib/jvm/jdk-14.0.1/bin/java -jar /lab/itti/projects/checkers-competition/server/referee.jar on run_14_tkale_vdhankar #####
Move is valid
##### SUCCESS: /usr/lib/jvm/jdk-14.0.1/bin/java -jar /lab/itti/projects/checkers-competition/server/referee.jar on run_14_tkale_vdhankar #####
INPUT for tkale:
GAME
WHITE
295.66
.b.b.b.b
b...b.b.
.b...b.w
b.......
.......b
w.w.b.w.
.w.w.w..
w.w.w.w.
##### Running: /usr/bin/time -o time_14_tkale_vdhankar.txt -f "%U" python2 homework2.py > stulog.txt 2>&1 on tkale #####
##### SUCCESS: /usr/bin/time -o time_14_tkale_vdhankar.txt -f "%U" python2 homework2.py > stulog.txt 2>&1 on tkale #####
##### tkale plays [J f2 d4] in 0.13s #####
##### Running: /usr/lib/jvm/jdk-14.0.1/bin/java -jar /lab/itti/projects/checkers-competition/server/referee.jar on run_14_tkale_vdhankar #####
Move is valid
##### SUCCESS: /usr/lib/jvm/jdk-14.0.1/bin/java -jar /lab/itti/projects/checkers-competition/server/referee.jar on run_14_tkale_vdhankar #####
INPUT for vdhankar:
GAME
BLACK
244.815076589584
.b.b.b.b
b...b.b.
.b...b.w
b.......
...w...b
w.w...w.
.w.w....
w.w.w.w.
##### Running: /usr/bin/time -o time_14_tkale_vdhankar.txt -f "%U" python3 homework.py > stulog.txt 2>&1 on vdhankar #####
child exited with value 1
##### ERROR: /usr/bin/time -o time_14_tkale_vdhankar.txt -f "%U" python3 homework.py > stulog.txt 2>&1 on vdhankar #####
##### Output of failed program (stdout + stderr): #####
Traceback (most recent call last):
  File "homework.py", line 546, in <module>
    print(end-start)
NameError: name 'end' is not defined
##### End of output of failed program #####
##### vdhankar plays [J h4 f2] in 1.942214012146s #####
##### Running: /usr/lib/jvm/jdk-14.0.1/bin/java -jar /lab/itti/projects/checkers-competition/server/referee.jar on run_14_tkale_vdhankar #####
Move is valid
##### SUCCESS: /usr/lib/jvm/jdk-14.0.1/bin/java -jar /lab/itti/projects/checkers-competition/server/referee.jar on run_14_tkale_vdhankar #####
INPUT for tkale:
GAME
WHITE
295.53
.b.b.b.b
b...b.b.
.b...b.w
b.......
...w....
w.w.....
.w.w.b..
w.w.w.w.
##### Running: /usr/bin/time -o time_14_tkale_vdhankar.txt -f "%U" python2 homework2.py > stulog.txt 2>&1 on tkale #####
##### SUCCESS: /usr/bin/time -o time_14_tkale_vdhankar.txt -f "%U" python2 homework2.py > stulog.txt 2>&1 on tkale #####
##### tkale plays [J g1 e3] in 0.24s #####
##### Running: /usr/lib/jvm/jdk-14.0.1/bin/java -jar /lab/itti/projects/checkers-competition/server/referee.jar on run_14_tkale_vdhankar #####
Move is valid
##### SUCCESS: /usr/lib/jvm/jdk-14.0.1/bin/java -jar /lab/itti/projects/checkers-competition/server/referee.jar on run_14_tkale_vdhankar #####
INPUT for vdhankar:
GAME
BLACK
242.872862577438
.b.b.b.b
b...b.b.
.b...b.w
b.......
...w....
w.w.w...
.w.w....
w.w.w...
##### Running: /usr/bin/time -o time_14_tkale_vdhankar.txt -f "%U" python3 homework.py > stulog.txt 2>&1 on vdhankar #####
child exited with value 1
##### ERROR: /usr/bin/time -o time_14_tkale_vdhankar.txt -f "%U" python3 homework.py > stulog.txt 2>&1 on vdhankar #####
##### Output of failed program (stdout + stderr): #####
Traceback (most recent call last):
  File "homework.py", line 546, in <module>
    print(end-start)
NameError: name 'end' is not defined
##### End of output of failed program #####
##### vdhankar plays [E e7 d6] in 4.13766598701477s #####
##### Running: /usr/lib/jvm/jdk-14.0.1/bin/java -jar /lab/itti/projects/checkers-competition/server/referee.jar on run_14_tkale_vdhankar #####
Move is valid
##### SUCCESS: /usr/lib/jvm/jdk-14.0.1/bin/java -jar /lab/itti/projects/checkers-competition/server/referee.jar on run_14_tkale_vdhankar #####
INPUT for tkale:
GAME
WHITE
295.29
.b.b.b.b
b.....b.
.b.b.b.w
b.......
...w....
w.w.w...
.w.w....
w.w.w...
##### Running: /usr/bin/time -o time_14_tkale_vdhankar.txt -f "%U" python2 homework2.py > stulog.txt 2>&1 on tkale #####
##### SUCCESS: /usr/bin/time -o time_14_tkale_vdhankar.txt -f "%U" python2 homework2.py > stulog.txt 2>&1 on tkale #####
##### tkale plays [E c3 b4] in 0.47s #####
##### Running: /usr/lib/jvm/jdk-14.0.1/bin/java -jar /lab/itti/projects/checkers-competition/server/referee.jar on run_14_tkale_vdhankar #####
Move is valid
##### SUCCESS: /usr/lib/jvm/jdk-14.0.1/bin/java -jar /lab/itti/projects/checkers-competition/server/referee.jar on run_14_tkale_vdhankar #####
INPUT for vdhankar:
GAME
BLACK
238.735196590424
.b.b.b.b
b.....b.
.b.b.b.w
b.......
.w.w....
w...w...
.w.w....
w.w.w...
##### Running: /usr/bin/time -o time_14_tkale_vdhankar.txt -f "%U" python3 homework.py > stulog.txt 2>&1 on vdhankar #####
child exited with value 1
##### ERROR: /usr/bin/time -o time_14_tkale_vdhankar.txt -f "%U" python3 homework.py > stulog.txt 2>&1 on vdhankar #####
##### Output of failed program (stdout + stderr): #####
Traceback (most recent call last):
  File "homework.py", line 546, in <module>
    print(end-start)
NameError: name 'end' is not defined
##### End of output of failed program #####
##### vdhankar plays [J a5 c3] in 1.03332686424255s #####
##### Running: /usr/lib/jvm/jdk-14.0.1/bin/java -jar /lab/itti/projects/checkers-competition/server/referee.jar on run_14_tkale_vdhankar #####
Move is valid
##### SUCCESS: /usr/lib/jvm/jdk-14.0.1/bin/java -jar /lab/itti/projects/checkers-competition/server/referee.jar on run_14_tkale_vdhankar #####
INPUT for tkale:
GAME
WHITE
294.82
.b.b.b.b
b.....b.
.b.b.b.w
........
...w....
w.b.w...
.w.w....
w.w.w...
##### Running: /usr/bin/time -o time_14_tkale_vdhankar.txt -f "%U" python2 homework2.py > stulog.txt 2>&1 on tkale #####
##### SUCCESS: /usr/bin/time -o time_14_tkale_vdhankar.txt -f "%U" python2 homework2.py > stulog.txt 2>&1 on tkale #####
##### tkale plays [J d2 b4] in 0.02s #####
##### Running: /usr/lib/jvm/jdk-14.0.1/bin/java -jar /lab/itti/projects/checkers-competition/server/referee.jar on run_14_tkale_vdhankar #####
Move is valid
##### SUCCESS: /usr/lib/jvm/jdk-14.0.1/bin/java -jar /lab/itti/projects/checkers-competition/server/referee.jar on run_14_tkale_vdhankar #####
INPUT for vdhankar:
GAME
BLACK
237.701869726181
.b.b.b.b
b.....b.
.b.b.b.w
........
.w.w....
w...w...
.w......
w.w.w...
##### Running: /usr/bin/time -o time_14_tkale_vdhankar.txt -f "%U" python3 homework.py > stulog.txt 2>&1 on vdhankar #####
child exited with value 1
##### ERROR: /usr/bin/time -o time_14_tkale_vdhankar.txt -f "%U" python3 homework.py > stulog.txt 2>&1 on vdhankar #####
##### Output of failed program (stdout + stderr): #####
Traceback (most recent call last):
  File "homework.py", line 546, in <module>
    print(end-start)
NameError: name 'end' is not defined
##### End of output of failed program #####
##### vdhankar plays [E f6 g5] in 4.66086101531982s #####
##### Running: /usr/lib/jvm/jdk-14.0.1/bin/java -jar /lab/itti/projects/checkers-competition/server/referee.jar on run_14_tkale_vdhankar #####
Move is valid
##### SUCCESS: /usr/lib/jvm/jdk-14.0.1/bin/java -jar /lab/itti/projects/checkers-competition/server/referee.jar on run_14_tkale_vdhankar #####
INPUT for tkale:
GAME
WHITE
294.8
.b.b.b.b
b.....b.
.b.b...w
......b.
.w.w....
w...w...
.w......
w.w.w...
##### Running: /usr/bin/time -o time_14_tkale_vdhankar.txt -f "%U" python2 homework2.py > stulog.txt 2>&1 on tkale #####
##### SUCCESS: /usr/bin/time -o time_14_tkale_vdhankar.txt -f "%U" python2 homework2.py > stulog.txt 2>&1 on tkale #####
##### tkale plays [E e1 f2] in 1.07s #####
##### Running: /usr/lib/jvm/jdk-14.0.1/bin/java -jar /lab/itti/projects/checkers-competition/server/referee.jar on run_14_tkale_vdhankar #####
Move is valid
##### SUCCESS: /usr/lib/jvm/jdk-14.0.1/bin/java -jar /lab/itti/projects/checkers-competition/server/referee.jar on run_14_tkale_vdhankar #####
INPUT for vdhankar:
GAME
BLACK
233.041008710861
.b.b.b.b
b.....b.
.b.b...w
......b.
.w.w....
w...w...
.w...w..
w.w.....
##### Running: /usr/bin/time -o time_14_tkale_vdhankar.txt -f "%U" python3 homework.py > stulog.txt 2>&1 on vdhankar #####
child exited with value 1
##### ERROR: /usr/bin/time -o time_14_tkale_vdhankar.txt -f "%U" python3 homework.py > stulog.txt 2>&1 on vdhankar #####
##### Output of failed program (stdout + stderr): #####
Traceback (most recent call last):
  File "homework.py", line 546, in <module>
    print(end-start)
NameError: name 'end' is not defined
##### End of output of failed program #####
##### vdhankar plays [E d6 e5] in 7.32818484306335s #####
##### Running: /usr/lib/jvm/jdk-14.0.1/bin/java -jar /lab/itti/projects/checkers-competition/server/referee.jar on run_14_tkale_vdhankar #####
Move is valid
##### SUCCESS: /usr/lib/jvm/jdk-14.0.1/bin/java -jar /lab/itti/projects/checkers-competition/server/referee.jar on run_14_tkale_vdhankar #####
INPUT for tkale:
GAME
WHITE
293.73
.b.b.b.b
b.....b.
.b.....w
....b.b.
.w.w....
w...w...
.w...w..
w.w.....
##### Running: /usr/bin/time -o time_14_tkale_vdhankar.txt -f "%U" python2 homework2.py > stulog.txt 2>&1 on tkale #####
##### SUCCESS: /usr/bin/time -o time_14_tkale_vdhankar.txt -f "%U" python2 homework2.py > stulog.txt 2>&1 on tkale #####
##### tkale plays [J d4 f6] in 0.02s #####
##### Running: /usr/lib/jvm/jdk-14.0.1/bin/java -jar /lab/itti/projects/checkers-competition/server/referee.jar on run_14_tkale_vdhankar #####
Move is valid
##### SUCCESS: /usr/lib/jvm/jdk-14.0.1/bin/java -jar /lab/itti/projects/checkers-competition/server/referee.jar on run_14_tkale_vdhankar #####
INPUT for vdhankar:
GAME
BLACK
225.712823867798
.b.b.b.b
b.....b.
.b...w.w
......b.
.w......
w...w...
.w...w..
w.w.....
##### Running: /usr/bin/time -o time_14_tkale_vdhankar.txt -f "%U" python3 homework.py > stulog.txt 2>&1 on vdhankar #####
child exited with value 1
##### ERROR: /usr/bin/time -o time_14_tkale_vdhankar.txt -f "%U" python3 homework.py > stulog.txt 2>&1 on vdhankar #####
##### Output of failed program (stdout + stderr): #####
Traceback (most recent call last):
  File "homework.py", line 546, in <module>
    print(end-start)
NameError: name 'end' is not defined
##### End of output of failed program #####
##### vdhankar plays [J g7 e5] in 7.86250400543213s #####
##### Running: /usr/lib/jvm/jdk-14.0.1/bin/java -jar /lab/itti/projects/checkers-competition/server/referee.jar on run_14_tkale_vdhankar #####
Move is valid
##### SUCCESS: /usr/lib/jvm/jdk-14.0.1/bin/java -jar /lab/itti/projects/checkers-competition/server/referee.jar on run_14_tkale_vdhankar #####
INPUT for tkale:
GAME
WHITE
293.71
.b.b.b.b
b.......
.b.....w
....b.b.
.w......
w...w...
.w...w..
w.w.....
##### Running: /usr/bin/time -o time_14_tkale_vdhankar.txt -f "%U" python2 homework2.py > stulog.txt 2>&1 on tkale #####
##### SUCCESS: /usr/bin/time -o time_14_tkale_vdhankar.txt -f "%U" python2 homework2.py > stulog.txt 2>&1 on tkale #####
##### tkale plays [E e3 d4] in 1.74s #####
##### Running: /usr/lib/jvm/jdk-14.0.1/bin/java -jar /lab/itti/projects/checkers-competition/server/referee.jar on run_14_tkale_vdhankar #####
Move is valid
##### SUCCESS: /usr/lib/jvm/jdk-14.0.1/bin/java -jar /lab/itti/projects/checkers-competition/server/referee.jar on run_14_tkale_vdhankar #####
INPUT for vdhankar:
GAME
BLACK
217.850319862366
.b.b.b.b
b.......
.b.....w
....b.b.
.w.w....
w.......
.w...w..
w.w.....
##### Running: /usr/bin/time -o time_14_tkale_vdhankar.txt -f "%U" python3 homework.py > stulog.txt 2>&1 on vdhankar #####
child exited with value 1
##### ERROR: /usr/bin/time -o time_14_tkale_vdhankar.txt -f "%U" python3 homework.py > stulog.txt 2>&1 on vdhankar #####
##### Output of failed program (stdout + stderr): #####
Traceback (most recent call last):
  File "homework.py", line 546, in <module>
    print(end-start)
NameError: name 'end' is not defined
##### End of output of failed program #####
##### vdhankar plays [J e5 c3] in 4.50058388710022s #####
##### Running: /usr/lib/jvm/jdk-14.0.1/bin/java -jar /lab/itti/projects/checkers-competition/server/referee.jar on run_14_tkale_vdhankar #####
Move is valid
##### SUCCESS: /usr/lib/jvm/jdk-14.0.1/bin/java -jar /lab/itti/projects/checkers-competition/server/referee.jar on run_14_tkale_vdhankar #####
INPUT for tkale:
GAME
WHITE
291.97
.b.b.b.b
b.......
.b.....w
......b.
.w......
w.b.....
.w...w..
w.w.....
##### Running: /usr/bin/time -o time_14_tkale_vdhankar.txt -f "%U" python2 homework2.py > stulog.txt 2>&1 on tkale #####
##### SUCCESS: /usr/bin/time -o time_14_tkale_vdhankar.txt -f "%U" python2 homework2.py > stulog.txt 2>&1 on tkale #####
##### tkale plays [J b2 d4] in 0.03s #####
##### Running: /usr/lib/jvm/jdk-14.0.1/bin/java -jar /lab/itti/projects/checkers-competition/server/referee.jar on run_14_tkale_vdhankar #####
Move is valid
##### SUCCESS: /usr/lib/jvm/jdk-14.0.1/bin/java -jar /lab/itti/projects/checkers-competition/server/referee.jar on run_14_tkale_vdhankar #####
INPUT for vdhankar:
GAME
BLACK
213.349735975266
.b.b.b.b
b.......
.b.....w
......b.
.w.w....
w.......
.....w..
w.w.....
##### Running: /usr/bin/time -o time_14_tkale_vdhankar.txt -f "%U" python3 homework.py > stulog.txt 2>&1 on vdhankar #####
child exited with value 1
##### ERROR: /usr/bin/time -o time_14_tkale_vdhankar.txt -f "%U" python3 homework.py > stulog.txt 2>&1 on vdhankar #####
##### Output of failed program (stdout + stderr): #####
Traceback (most recent call last):
  File "homework.py", line 546, in <module>
    print(end-start)
NameError: name 'end' is not defined
##### End of output of failed program #####
##### vdhankar plays [E g5 f4] in 42.2057631015778s #####
##### Running: /usr/lib/jvm/jdk-14.0.1/bin/java -jar /lab/itti/projects/checkers-competition/server/referee.jar on run_14_tkale_vdhankar #####
Move is valid
##### SUCCESS: /usr/lib/jvm/jdk-14.0.1/bin/java -jar /lab/itti/projects/checkers-competition/server/referee.jar on run_14_tkale_vdhankar #####
INPUT for tkale:
GAME
WHITE
291.94
.b.b.b.b
b.......
.b.....w
........
.w.w.b..
w.......
.....w..
w.w.....
##### Running: /usr/bin/time -o time_14_tkale_vdhankar.txt -f "%U" python2 homework2.py > stulog.txt 2>&1 on tkale #####
##### SUCCESS: /usr/bin/time -o time_14_tkale_vdhankar.txt -f "%U" python2 homework2.py > stulog.txt 2>&1 on tkale #####
##### tkale plays [E c1 d2] in 2.54s #####
##### Running: /usr/lib/jvm/jdk-14.0.1/bin/java -jar /lab/itti/projects/checkers-competition/server/referee.jar on run_14_tkale_vdhankar #####
Move is valid
##### SUCCESS: /usr/lib/jvm/jdk-14.0.1/bin/java -jar /lab/itti/projects/checkers-competition/server/referee.jar on run_14_tkale_vdhankar #####
INPUT for vdhankar:
GAME
BLACK
171.143972873688
.b.b.b.b
b.......
.b.....w
........
.w.w.b..
w.......
...w.w..
w.......
##### Running: /usr/bin/time -o time_14_tkale_vdhankar.txt -f "%U" python3 homework.py > stulog.txt 2>&1 on vdhankar #####
child exited with value 1
##### ERROR: /usr/bin/time -o time_14_tkale_vdhankar.txt -f "%U" python3 homework.py > stulog.txt 2>&1 on vdhankar #####
##### Output of failed program (stdout + stderr): #####
Traceback (most recent call last):
  File "homework.py", line 546, in <module>
    print(end-start)
NameError: name 'end' is not defined
##### End of output of failed program #####
##### vdhankar plays [E f8 e7] in 16.5036630630493s #####
##### Running: /usr/lib/jvm/jdk-14.0.1/bin/java -jar /lab/itti/projects/checkers-competition/server/referee.jar on run_14_tkale_vdhankar #####
Move is valid
##### SUCCESS: /usr/lib/jvm/jdk-14.0.1/bin/java -jar /lab/itti/projects/checkers-competition/server/referee.jar on run_14_tkale_vdhankar #####
INPUT for tkale:
GAME
WHITE
289.4
.b.b...b
b...b...
.b.....w
........
.w.w.b..
w.......
...w.w..
w.......
##### Running: /usr/bin/time -o time_14_tkale_vdhankar.txt -f "%U" python2 homework2.py > stulog.txt 2>&1 on tkale #####
##### SUCCESS: /usr/bin/time -o time_14_tkale_vdhankar.txt -f "%U" python2 homework2.py > stulog.txt 2>&1 on tkale #####
##### tkale plays [E a1 b2] in 1.01s #####
##### Running: /usr/lib/jvm/jdk-14.0.1/bin/java -jar /lab/itti/projects/checkers-competition/server/referee.jar on run_14_tkale_vdhankar #####
Move is valid
##### SUCCESS: /usr/lib/jvm/jdk-14.0.1/bin/java -jar /lab/itti/projects/checkers-competition/server/referee.jar on run_14_tkale_vdhankar #####
INPUT for vdhankar:
GAME
BLACK
154.640309810638
.b.b...b
b...b...
.b.....w
........
.w.w.b..
w.......
.w.w.w..
........
##### Running: /usr/bin/time -o time_14_tkale_vdhankar.txt -f "%U" python3 homework.py > stulog.txt 2>&1 on vdhankar #####
child exited with value 1
##### ERROR: /usr/bin/time -o time_14_tkale_vdhankar.txt -f "%U" python3 homework.py > stulog.txt 2>&1 on vdhankar #####
##### Output of failed program (stdout + stderr): #####
Traceback (most recent call last):
  File "homework.py", line 546, in <module>
    print(end-start)
NameError: name 'end' is not defined
##### End of output of failed program #####
##### vdhankar plays [E h8 g7] in 5.48689103126526s #####
##### Running: /usr/lib/jvm/jdk-14.0.1/bin/java -jar /lab/itti/projects/checkers-competition/server/referee.jar on run_14_tkale_vdhankar #####
Move is valid
##### SUCCESS: /usr/lib/jvm/jdk-14.0.1/bin/java -jar /lab/itti/projects/checkers-competition/server/referee.jar on run_14_tkale_vdhankar #####
INPUT for tkale:
GAME
WHITE
288.39
.b.b....
b...b.b.
.b.....w
........
.w.w.b..
w.......
.w.w.w..
........
##### Running: /usr/bin/time -o time_14_tkale_vdhankar.txt -f "%U" python2 homework2.py > stulog.txt 2>&1 on tkale #####
##### SUCCESS: /usr/bin/time -o time_14_tkale_vdhankar.txt -f "%U" python2 homework2.py > stulog.txt 2>&1 on tkale #####
##### tkale plays [J h6 f8] in 0.02s #####
##### Running: /usr/lib/jvm/jdk-14.0.1/bin/java -jar /lab/itti/projects/checkers-competition/server/referee.jar on run_14_tkale_vdhankar #####
Move is valid
##### SUCCESS: /usr/lib/jvm/jdk-14.0.1/bin/java -jar /lab/itti/projects/checkers-competition/server/referee.jar on run_14_tkale_vdhankar #####
INPUT for vdhankar:
GAME
BLACK
149.153418779373
.b.b.W..
b...b...
.b......
........
.w.w.b..
w.......
.w.w.w..
........
##### Running: /usr/bin/time -o time_14_tkale_vdhankar.txt -f "%U" python3 homework.py > stulog.txt 2>&1 on vdhankar #####
child exited with value 1
##### ERROR: /usr/bin/time -o time_14_tkale_vdhankar.txt -f "%U" python3 homework.py > stulog.txt 2>&1 on vdhankar #####
##### Output of failed program (stdout + stderr): #####
Traceback (most recent call last):
  File "homework.py", line 546, in <module>
    print(end-start)
NameError: name 'end' is not defined
##### End of output of failed program #####
##### vdhankar plays [E d8 c7] in 1.05261397361755s #####
##### Running: /usr/lib/jvm/jdk-14.0.1/bin/java -jar /lab/itti/projects/checkers-competition/server/referee.jar on run_14_tkale_vdhankar #####
Move is valid
##### SUCCESS: /usr/lib/jvm/jdk-14.0.1/bin/java -jar /lab/itti/projects/checkers-competition/server/referee.jar on run_14_tkale_vdhankar #####
INPUT for tkale:
GAME
WHITE
288.37
.b...W..
b.b.b...
.b......
........
.w.w.b..
w.......
.w.w.w..
........
##### Running: /usr/bin/time -o time_14_tkale_vdhankar.txt -f "%U" python2 homework2.py > stulog.txt 2>&1 on tkale #####
##### SUCCESS: /usr/bin/time -o time_14_tkale_vdhankar.txt -f "%U" python2 homework2.py > stulog.txt 2>&1 on tkale #####
##### tkale plays [J f8 d6] in 0.02s #####
##### Running: /usr/lib/jvm/jdk-14.0.1/bin/java -jar /lab/itti/projects/checkers-competition/server/referee.jar on run_14_tkale_vdhankar #####
Move is valid
##### SUCCESS: /usr/lib/jvm/jdk-14.0.1/bin/java -jar /lab/itti/projects/checkers-competition/server/referee.jar on run_14_tkale_vdhankar #####
INPUT for vdhankar:
GAME
BLACK
148.100804805756
.b......
b.b.....
.b.W....
........
.w.w.b..
w.......
.w.w.w..
........
##### Running: /usr/bin/time -o time_14_tkale_vdhankar.txt -f "%U" python3 homework.py > stulog.txt 2>&1 on vdhankar #####
child exited with value 1
##### ERROR: /usr/bin/time -o time_14_tkale_vdhankar.txt -f "%U" python3 homework.py > stulog.txt 2>&1 on vdhankar #####
##### Output of failed program (stdout + stderr): #####
Traceback (most recent call last):
  File "homework.py", line 546, in <module>
    print(end-start)
NameError: name 'end' is not defined
##### End of output of failed program #####
##### vdhankar plays [J c7 e5 ; J e5 c3 ; J c3 e1] in 0.774065017700195s #####
##### Running: /usr/lib/jvm/jdk-14.0.1/bin/java -jar /lab/itti/projects/checkers-competition/server/referee.jar on run_14_tkale_vdhankar #####
Move is valid
##### SUCCESS: /usr/lib/jvm/jdk-14.0.1/bin/java -jar /lab/itti/projects/checkers-competition/server/referee.jar on run_14_tkale_vdhankar #####
INPUT for tkale:
GAME
WHITE
288.35
.b......
b.......
.b......
........
.w...b..
w.......
.w...w..
....B...
##### Running: /usr/bin/time -o time_14_tkale_vdhankar.txt -f "%U" python2 homework2.py > stulog.txt 2>&1 on tkale #####
##### SUCCESS: /usr/bin/time -o time_14_tkale_vdhankar.txt -f "%U" python2 homework2.py > stulog.txt 2>&1 on tkale #####
##### tkale plays [E f2 g3] in 0.08s #####
##### Running: /usr/lib/jvm/jdk-14.0.1/bin/java -jar /lab/itti/projects/checkers-competition/server/referee.jar on run_14_tkale_vdhankar #####
Move is valid
##### SUCCESS: /usr/lib/jvm/jdk-14.0.1/bin/java -jar /lab/itti/projects/checkers-competition/server/referee.jar on run_14_tkale_vdhankar #####
INPUT for vdhankar:
GAME
BLACK
147.326739788055
.b......
b.......
.b......
........
.w...b..
w.....w.
.w......
....B...
##### Running: /usr/bin/time -o time_14_tkale_vdhankar.txt -f "%U" python3 homework.py > stulog.txt 2>&1 on vdhankar #####
child exited with value 1
##### ERROR: /usr/bin/time -o time_14_tkale_vdhankar.txt -f "%U" python3 homework.py > stulog.txt 2>&1 on vdhankar #####
##### Output of failed program (stdout + stderr): #####
Traceback (most recent call last):
  File "homework.py", line 546, in <module>
    print(end-start)
NameError: name 'end' is not defined
##### End of output of failed program #####
##### vdhankar plays [J f4 h2] in 0.606703996658325s #####
##### Running: /usr/lib/jvm/jdk-14.0.1/bin/java -jar /lab/itti/projects/checkers-competition/server/referee.jar on run_14_tkale_vdhankar #####
Move is valid
##### SUCCESS: /usr/lib/jvm/jdk-14.0.1/bin/java -jar /lab/itti/projects/checkers-competition/server/referee.jar on run_14_tkale_vdhankar #####
INPUT for tkale:
GAME
WHITE
288.27
.b......
b.......
.b......
........
.w......
w.......
.w.....b
....B...
##### Running: /usr/bin/time -o time_14_tkale_vdhankar.txt -f "%U" python2 homework2.py > stulog.txt 2>&1 on tkale #####
##### SUCCESS: /usr/bin/time -o time_14_tkale_vdhankar.txt -f "%U" python2 homework2.py > stulog.txt 2>&1 on tkale #####
##### tkale plays [E b2 c3] in 0.08s #####
##### Running: /usr/lib/jvm/jdk-14.0.1/bin/java -jar /lab/itti/projects/checkers-competition/server/referee.jar on run_14_tkale_vdhankar #####
Move is valid
##### SUCCESS: /usr/lib/jvm/jdk-14.0.1/bin/java -jar /lab/itti/projects/checkers-competition/server/referee.jar on run_14_tkale_vdhankar #####
INPUT for vdhankar:
GAME
BLACK
146.720035791397
.b......
b.......
.b......
........
.w......
w.w.....
.......b
....B...
##### Running: /usr/bin/time -o time_14_tkale_vdhankar.txt -f "%U" python3 homework.py > stulog.txt 2>&1 on vdhankar #####
child exited with value 1
##### ERROR: /usr/bin/time -o time_14_tkale_vdhankar.txt -f "%U" python3 homework.py > stulog.txt 2>&1 on vdhankar #####
##### Output of failed program (stdout + stderr): #####
Traceback (most recent call last):
  File "homework.py", line 546, in <module>
    print(end-start)
NameError: name 'end' is not defined
##### End of output of failed program #####
##### vdhankar plays [E h2 g1] in 1.47785091400146s #####
##### Running: /usr/lib/jvm/jdk-14.0.1/bin/java -jar /lab/itti/projects/checkers-competition/server/referee.jar on run_14_tkale_vdhankar #####
Move is valid
##### SUCCESS: /usr/lib/jvm/jdk-14.0.1/bin/java -jar /lab/itti/projects/checkers-competition/server/referee.jar on run_14_tkale_vdhankar #####
INPUT for tkale:
GAME
WHITE
288.19
.b......
b.......
.b......
........
.w......
w.w.....
........
....B.B.
##### Running: /usr/bin/time -o time_14_tkale_vdhankar.txt -f "%U" python2 homework2.py > stulog.txt 2>&1 on tkale #####
##### SUCCESS: /usr/bin/time -o time_14_tkale_vdhankar.txt -f "%U" python2 homework2.py > stulog.txt 2>&1 on tkale #####
##### tkale plays [E c3 d4] in 0.25s #####
##### Running: /usr/lib/jvm/jdk-14.0.1/bin/java -jar /lab/itti/projects/checkers-competition/server/referee.jar on run_14_tkale_vdhankar #####
Move is valid
##### SUCCESS: /usr/lib/jvm/jdk-14.0.1/bin/java -jar /lab/itti/projects/checkers-competition/server/referee.jar on run_14_tkale_vdhankar #####
INPUT for vdhankar:
GAME
BLACK
145.242184877396
.b......
b.......
.b......
........
.w.w....
w.......
........
....B.B.
##### Running: /usr/bin/time -o time_14_tkale_vdhankar.txt -f "%U" python3 homework.py > stulog.txt 2>&1 on vdhankar #####
child exited with value 1
##### ERROR: /usr/bin/time -o time_14_tkale_vdhankar.txt -f "%U" python3 homework.py > stulog.txt 2>&1 on vdhankar #####
##### Output of failed program (stdout + stderr): #####
Traceback (most recent call last):
  File "homework.py", line 546, in <module>
    print(end-start)
NameError: name 'end' is not defined
##### End of output of failed program #####
##### vdhankar plays [E b6 a5] in 0.964082956314087s #####
##### Running: /usr/lib/jvm/jdk-14.0.1/bin/java -jar /lab/itti/projects/checkers-competition/server/referee.jar on run_14_tkale_vdhankar #####
Move is valid
##### SUCCESS: /usr/lib/jvm/jdk-14.0.1/bin/java -jar /lab/itti/projects/checkers-competition/server/referee.jar on run_14_tkale_vdhankar #####
INPUT for tkale:
GAME
WHITE
287.94
.b......
b.......
........
b.......
.w.w....
w.......
........
....B.B.
##### Running: /usr/bin/time -o time_14_tkale_vdhankar.txt -f "%U" python2 homework2.py > stulog.txt 2>&1 on tkale #####
##### SUCCESS: /usr/bin/time -o time_14_tkale_vdhankar.txt -f "%U" python2 homework2.py > stulog.txt 2>&1 on tkale #####
##### tkale plays [E b4 c5] in 0.24s #####
##### Running: /usr/lib/jvm/jdk-14.0.1/bin/java -jar /lab/itti/projects/checkers-competition/server/referee.jar on run_14_tkale_vdhankar #####
Move is valid
##### SUCCESS: /usr/lib/jvm/jdk-14.0.1/bin/java -jar /lab/itti/projects/checkers-competition/server/referee.jar on run_14_tkale_vdhankar #####
INPUT for vdhankar:
GAME
BLACK
144.278101921082
.b......
b.......
........
b.w.....
...w....
w.......
........
....B.B.
##### Running: /usr/bin/time -o time_14_tkale_vdhankar.txt -f "%U" python3 homework.py > stulog.txt 2>&1 on vdhankar #####
child exited with value 1
##### ERROR: /usr/bin/time -o time_14_tkale_vdhankar.txt -f "%U" python3 homework.py > stulog.txt 2>&1 on vdhankar #####
##### Output of failed program (stdout + stderr): #####
Traceback (most recent call last):
  File "homework.py", line 546, in <module>
    print(end-start)
NameError: name 'end' is not defined
##### End of output of failed program #####
##### vdhankar plays [E g1 f2] in 2.03231191635132s #####
##### Running: /usr/lib/jvm/jdk-14.0.1/bin/java -jar /lab/itti/projects/checkers-competition/server/referee.jar on run_14_tkale_vdhankar #####
Move is valid
##### SUCCESS: /usr/lib/jvm/jdk-14.0.1/bin/java -jar /lab/itti/projects/checkers-competition/server/referee.jar on run_14_tkale_vdhankar #####
INPUT for tkale:
GAME
WHITE
287.7
.b......
b.......
........
b.w.....
...w....
w.......
.....B..
....B...
##### Running: /usr/bin/time -o time_14_tkale_vdhankar.txt -f "%U" python2 homework2.py > stulog.txt 2>&1 on tkale #####
child exited with value 1
##### ERROR: /usr/bin/time -o time_14_tkale_vdhankar.txt -f "%U" python2 homework2.py > stulog.txt 2>&1 on tkale #####
##### Output of failed program (stdout + stderr): #####
Traceback (most recent call last):
  File "homework2.py", line 509, in <module>
    final_move = playGame(matrix,color)
  File "homework2.py", line 451, in playGame
    same_value_moves.append(move)
UnboundLocalError: local variable 'same_value_moves' referenced before assignment
##### End of output of failed program #####
##### tkale plays [] in 0.0470130443572998s #####
##### Running: /usr/lib/jvm/jdk-14.0.1/bin/java -jar /lab/itti/projects/checkers-competition/server/referee.jar on run_14_tkale_vdhankar #####
Move is not valid
##### SUCCESS: /usr/lib/jvm/jdk-14.0.1/bin/java -jar /lab/itti/projects/checkers-competition/server/referee.jar on run_14_tkale_vdhankar #####
##### GAME OVER: tkale loses because of illegal move [] #####
Server said: FAIL
########## ROUND 14 GAMESCORE AFTER GAME 1: tkale=0 and vdhankar=1 ##########
#################### ROUND 14: tkale (B) vs vdhankar (W): game 2 ####################
##### game start! #####
INPUT for tkale:
GAME
BLACK
300
.b.b.b.b
b.b.b.b.
.b.b.b.b
........
........
w.w.w.w.
.w.w.w.w
w.w.w.w.
##### Running: /usr/bin/time -o time_14_tkale_vdhankar.txt -f "%U" python2 homework2.py > stulog.txt 2>&1 on tkale #####
##### SUCCESS: /usr/bin/time -o time_14_tkale_vdhankar.txt -f "%U" python2 homework2.py > stulog.txt 2>&1 on tkale #####
##### tkale plays [E h6 g5] in 0.92s #####
##### Running: /usr/lib/jvm/jdk-14.0.1/bin/java -jar /lab/itti/projects/checkers-competition/server/referee.jar on run_14_tkale_vdhankar #####
Move is valid
Couldn't read file 'current_ply.txt'
Couldn't read content from file 'current_ply.txt'
Couldn't read file 'lastmatchange_ply.txt'
Couldn't read content from file 'lastmatchange_ply.txt'
##### SUCCESS: /usr/lib/jvm/jdk-14.0.1/bin/java -jar /lab/itti/projects/checkers-competition/server/referee.jar on run_14_tkale_vdhankar #####
INPUT for vdhankar:
GAME
WHITE
300
.b.b.b.b
b.b.b.b.
.b.b.b..
......b.
........
w.w.w.w.
.w.w.w.w
w.w.w.w.
##### Running: /usr/bin/time -o time_14_tkale_vdhankar.txt -f "%U" python3 homework.py > stulog.txt 2>&1 on vdhankar #####
child exited with value 1
##### ERROR: /usr/bin/time -o time_14_tkale_vdhankar.txt -f "%U" python3 homework.py > stulog.txt 2>&1 on vdhankar #####
##### Output of failed program (stdout + stderr): #####
Traceback (most recent call last):
  File "homework.py", line 546, in <module>
    print(end-start)
NameError: name 'end' is not defined
##### End of output of failed program #####
##### vdhankar plays [E g3 h4] in 14.6417820453644s #####
##### Running: /usr/lib/jvm/jdk-14.0.1/bin/java -jar /lab/itti/projects/checkers-competition/server/referee.jar on run_14_tkale_vdhankar #####
Move is valid
##### SUCCESS: /usr/lib/jvm/jdk-14.0.1/bin/java -jar /lab/itti/projects/checkers-competition/server/referee.jar on run_14_tkale_vdhankar #####
INPUT for tkale:
GAME
BLACK
299.08
.b.b.b.b
b.b.b.b.
.b.b.b..
......b.
.......w
w.w.w...
.w.w.w.w
w.w.w.w.
##### Running: /usr/bin/time -o time_14_tkale_vdhankar.txt -f "%U" python2 homework2.py > stulog.txt 2>&1 on tkale #####
##### SUCCESS: /usr/bin/time -o time_14_tkale_vdhankar.txt -f "%U" python2 homework2.py > stulog.txt 2>&1 on tkale #####
##### tkale plays [E g5 f4] in 0.55s #####
##### Running: /usr/lib/jvm/jdk-14.0.1/bin/java -jar /lab/itti/projects/checkers-competition/server/referee.jar on run_14_tkale_vdhankar #####
Move is valid
##### SUCCESS: /usr/lib/jvm/jdk-14.0.1/bin/java -jar /lab/itti/projects/checkers-competition/server/referee.jar on run_14_tkale_vdhankar #####
INPUT for vdhankar:
GAME
WHITE
285.358217954636
.b.b.b.b
b.b.b.b.
.b.b.b..
........
.....b.w
w.w.w...
.w.w.w.w
w.w.w.w.
##### Running: /usr/bin/time -o time_14_tkale_vdhankar.txt -f "%U" python3 homework.py > stulog.txt 2>&1 on vdhankar #####
child exited with value 1
##### ERROR: /usr/bin/time -o time_14_tkale_vdhankar.txt -f "%U" python3 homework.py > stulog.txt 2>&1 on vdhankar #####
##### Output of failed program (stdout + stderr): #####
Traceback (most recent call last):
  File "homework.py", line 546, in <module>
    print(end-start)
NameError: name 'end' is not defined
##### End of output of failed program #####
##### vdhankar plays [J e3 g5] in 6.6141209602356s #####
##### Running: /usr/lib/jvm/jdk-14.0.1/bin/java -jar /lab/itti/projects/checkers-competition/server/referee.jar on run_14_tkale_vdhankar #####
Move is valid
##### SUCCESS: /usr/lib/jvm/jdk-14.0.1/bin/java -jar /lab/itti/projects/checkers-competition/server/referee.jar on run_14_tkale_vdhankar #####
INPUT for tkale:
GAME
BLACK
298.53
.b.b.b.b
b.b.b.b.
.b.b.b..
......w.
.......w
w.w.....
.w.w.w.w
w.w.w.w.
##### Running: /usr/bin/time -o time_14_tkale_vdhankar.txt -f "%U" python2 homework2.py > stulog.txt 2>&1 on tkale #####
##### SUCCESS: /usr/bin/time -o time_14_tkale_vdhankar.txt -f "%U" python2 homework2.py > stulog.txt 2>&1 on tkale #####
##### tkale plays [E g7 h6] in 0.79s #####
##### Running: /usr/lib/jvm/jdk-14.0.1/bin/java -jar /lab/itti/projects/checkers-competition/server/referee.jar on run_14_tkale_vdhankar #####
Move is valid
##### SUCCESS: /usr/lib/jvm/jdk-14.0.1/bin/java -jar /lab/itti/projects/checkers-competition/server/referee.jar on run_14_tkale_vdhankar #####
INPUT for vdhankar:
GAME
WHITE
278.7440969944
.b.b.b.b
b.b.b...
.b.b.b.b
......w.
.......w
w.w.....
.w.w.w.w
w.w.w.w.
##### Running: /usr/bin/time -o time_14_tkale_vdhankar.txt -f "%U" python3 homework.py > stulog.txt 2>&1 on vdhankar #####
child exited with value 1
##### ERROR: /usr/bin/time -o time_14_tkale_vdhankar.txt -f "%U" python3 homework.py > stulog.txt 2>&1 on vdhankar #####
##### Output of failed program (stdout + stderr): #####
Traceback (most recent call last):
  File "homework.py", line 546, in <module>
    print(end-start)
NameError: name 'end' is not defined
##### End of output of failed program #####
##### vdhankar plays [E f2 g3] in 3.88259506225586s #####
##### Running: /usr/lib/jvm/jdk-14.0.1/bin/java -jar /lab/itti/projects/checkers-competition/server/referee.jar on run_14_tkale_vdhankar #####
Move is valid
##### SUCCESS: /usr/lib/jvm/jdk-14.0.1/bin/java -jar /lab/itti/projects/checkers-competition/server/referee.jar on run_14_tkale_vdhankar #####
INPUT for tkale:
GAME
BLACK
297.74
.b.b.b.b
b.b.b...
.b.b.b.b
......w.
.......w
w.w...w.
.w.w...w
w.w.w.w.
##### Running: /usr/bin/time -o time_14_tkale_vdhankar.txt -f "%U" python2 homework2.py > stulog.txt 2>&1 on tkale #####
##### SUCCESS: /usr/bin/time -o time_14_tkale_vdhankar.txt -f "%U" python2 homework2.py > stulog.txt 2>&1 on tkale #####
##### tkale plays [J h6 f4] in 0.02s #####
##### Running: /usr/lib/jvm/jdk-14.0.1/bin/java -jar /lab/itti/projects/checkers-competition/server/referee.jar on run_14_tkale_vdhankar #####
Move is valid
##### SUCCESS: /usr/lib/jvm/jdk-14.0.1/bin/java -jar /lab/itti/projects/checkers-competition/server/referee.jar on run_14_tkale_vdhankar #####
INPUT for vdhankar:
GAME
WHITE
274.861501932144
.b.b.b.b
b.b.b...
.b.b.b..
........
.....b.w
w.w...w.
.w.w...w
w.w.w.w.
##### Running: /usr/bin/time -o time_14_tkale_vdhankar.txt -f "%U" python3 homework.py > stulog.txt 2>&1 on vdhankar #####
child exited with value 1
##### ERROR: /usr/bin/time -o time_14_tkale_vdhankar.txt -f "%U" python3 homework.py > stulog.txt 2>&1 on vdhankar #####
##### Output of failed program (stdout + stderr): #####
Traceback (most recent call last):
  File "homework.py", line 546, in <module>
    print(end-start)
NameError: name 'end' is not defined
##### End of output of failed program #####
##### vdhankar plays [J g3 e5 ; J e5 g7] in 6.68653607368469s #####
##### Running: /usr/lib/jvm/jdk-14.0.1/bin/java -jar /lab/itti/projects/checkers-competition/server/referee.jar on run_14_tkale_vdhankar #####
Move is valid
##### SUCCESS: /usr/lib/jvm/jdk-14.0.1/bin/java -jar /lab/itti/projects/checkers-competition/server/referee.jar on run_14_tkale_vdhankar #####
INPUT for tkale:
GAME
BLACK
297.72
.b.b.b.b
b.b.b.w.
.b.b....
........
.......w
w.w.....
.w.w...w
w.w.w.w.
##### Running: /usr/bin/time -o time_14_tkale_vdhankar.txt -f "%U" python2 homework2.py > stulog.txt 2>&1 on tkale #####
##### SUCCESS: /usr/bin/time -o time_14_tkale_vdhankar.txt -f "%U" python2 homework2.py > stulog.txt 2>&1 on tkale #####
##### tkale plays [J h8 f6] in 0.25s #####
##### Running: /usr/lib/jvm/jdk-14.0.1/bin/java -jar /lab/itti/projects/checkers-competition/server/referee.jar on run_14_tkale_vdhankar #####
Move is valid
##### SUCCESS: /usr/lib/jvm/jdk-14.0.1/bin/java -jar /lab/itti/projects/checkers-competition/server/referee.jar on run_14_tkale_vdhankar #####
INPUT for vdhankar:
GAME
WHITE
268.174965858459
.b.b.b..
b.b.b...
.b.b.b..
........
.......w
w.w.....
.w.w...w
w.w.w.w.
##### Running: /usr/bin/time -o time_14_tkale_vdhankar.txt -f "%U" python3 homework.py > stulog.txt 2>&1 on vdhankar #####
child exited with value 1
##### ERROR: /usr/bin/time -o time_14_tkale_vdhankar.txt -f "%U" python3 homework.py > stulog.txt 2>&1 on vdhankar #####
##### Output of failed program (stdout + stderr): #####
Traceback (most recent call last):
  File "homework.py", line 546, in <module>
    print(end-start)
NameError: name 'end' is not defined
##### End of output of failed program #####
##### vdhankar plays [E g1 f2] in 36.0962860584259s #####
##### Running: /usr/lib/jvm/jdk-14.0.1/bin/java -jar /lab/itti/projects/checkers-competition/server/referee.jar on run_14_tkale_vdhankar #####
Move is valid
##### SUCCESS: /usr/lib/jvm/jdk-14.0.1/bin/java -jar /lab/itti/projects/checkers-competition/server/referee.jar on run_14_tkale_vdhankar #####
INPUT for tkale:
GAME
BLACK
297.47
.b.b.b..
b.b.b...
.b.b.b..
........
.......w
w.w.....
.w.w.w.w
w.w.w...
##### Running: /usr/bin/time -o time_14_tkale_vdhankar.txt -f "%U" python2 homework2.py > stulog.txt 2>&1 on tkale #####
##### SUCCESS: /usr/bin/time -o time_14_tkale_vdhankar.txt -f "%U" python2 homework2.py > stulog.txt 2>&1 on tkale #####
##### tkale plays [E f6 g5] in 0.47s #####
##### Running: /usr/lib/jvm/jdk-14.0.1/bin/java -jar /lab/itti/projects/checkers-competition/server/referee.jar on run_14_tkale_vdhankar #####
Move is valid
##### SUCCESS: /usr/lib/jvm/jdk-14.0.1/bin/java -jar /lab/itti/projects/checkers-competition/server/referee.jar on run_14_tkale_vdhankar #####
INPUT for vdhankar:
GAME
WHITE
232.078679800034
.b.b.b..
b.b.b...
.b.b....
......b.
.......w
w.w.....
.w.w.w.w
w.w.w...
##### Running: /usr/bin/time -o time_14_tkale_vdhankar.txt -f "%U" python3 homework.py > stulog.txt 2>&1 on vdhankar #####
child exited with value 1
##### ERROR: /usr/bin/time -o time_14_tkale_vdhankar.txt -f "%U" python3 homework.py > stulog.txt 2>&1 on vdhankar #####
##### Output of failed program (stdout + stderr): #####
Traceback (most recent call last):
  File "homework.py", line 546, in <module>
    print(end-start)
NameError: name 'end' is not defined
##### End of output of failed program #####
##### vdhankar plays [J h4 f6] in 5.51317095756531s #####
##### Running: /usr/lib/jvm/jdk-14.0.1/bin/java -jar /lab/itti/projects/checkers-competition/server/referee.jar on run_14_tkale_vdhankar #####
Move is valid
##### SUCCESS: /usr/lib/jvm/jdk-14.0.1/bin/java -jar /lab/itti/projects/checkers-competition/server/referee.jar on run_14_tkale_vdhankar #####
INPUT for tkale:
GAME
BLACK
297
.b.b.b..
b.b.b...
.b.b.w..
........
........
w.w.....
.w.w.w.w
w.w.w...
##### Running: /usr/bin/time -o time_14_tkale_vdhankar.txt -f "%U" python2 homework2.py > stulog.txt 2>&1 on tkale #####
##### SUCCESS: /usr/bin/time -o time_14_tkale_vdhankar.txt -f "%U" python2 homework2.py > stulog.txt 2>&1 on tkale #####
##### tkale plays [J e7 g5] in 0.02s #####
##### Running: /usr/lib/jvm/jdk-14.0.1/bin/java -jar /lab/itti/projects/checkers-competition/server/referee.jar on run_14_tkale_vdhankar #####
Move is valid
##### SUCCESS: /usr/lib/jvm/jdk-14.0.1/bin/java -jar /lab/itti/projects/checkers-competition/server/referee.jar on run_14_tkale_vdhankar #####
INPUT for vdhankar:
GAME
WHITE
226.565508842468
.b.b.b..
b.b.....
.b.b....
......b.
........
w.w.....
.w.w.w.w
w.w.w...
##### Running: /usr/bin/time -o time_14_tkale_vdhankar.txt -f "%U" python3 homework.py > stulog.txt 2>&1 on vdhankar #####
child exited with value 1
##### ERROR: /usr/bin/time -o time_14_tkale_vdhankar.txt -f "%U" python3 homework.py > stulog.txt 2>&1 on vdhankar #####
##### Output of failed program (stdout + stderr): #####
Traceback (most recent call last):
  File "homework.py", line 546, in <module>
    print(end-start)
NameError: name 'end' is not defined
##### End of output of failed program #####
##### vdhankar plays [E h2 g3] in 50.2727279663086s #####
##### Running: /usr/lib/jvm/jdk-14.0.1/bin/java -jar /lab/itti/projects/checkers-competition/server/referee.jar on run_14_tkale_vdhankar #####
Move is valid
##### SUCCESS: /usr/lib/jvm/jdk-14.0.1/bin/java -jar /lab/itti/projects/checkers-competition/server/referee.jar on run_14_tkale_vdhankar #####
INPUT for tkale:
GAME
BLACK
296.98
.b.b.b..
b.b.....
.b.b....
......b.
........
w.w...w.
.w.w.w..
w.w.w...
##### Running: /usr/bin/time -o time_14_tkale_vdhankar.txt -f "%U" python2 homework2.py > stulog.txt 2>&1 on tkale #####
##### SUCCESS: /usr/bin/time -o time_14_tkale_vdhankar.txt -f "%U" python2 homework2.py > stulog.txt 2>&1 on tkale #####
##### tkale plays [E g5 h4] in 1.05s #####
##### Running: /usr/lib/jvm/jdk-14.0.1/bin/java -jar /lab/itti/projects/checkers-competition/server/referee.jar on run_14_tkale_vdhankar #####
Move is valid
##### SUCCESS: /usr/lib/jvm/jdk-14.0.1/bin/java -jar /lab/itti/projects/checkers-competition/server/referee.jar on run_14_tkale_vdhankar #####
INPUT for vdhankar:
GAME
WHITE
176.29278087616
.b.b.b..
b.b.....
.b.b....
........
.......b
w.w...w.
.w.w.w..
w.w.w...
##### Running: /usr/bin/time -o time_14_tkale_vdhankar.txt -f "%U" python3 homework.py > stulog.txt 2>&1 on vdhankar #####
child exited with value 1
##### ERROR: /usr/bin/time -o time_14_tkale_vdhankar.txt -f "%U" python3 homework.py > stulog.txt 2>&1 on vdhankar #####
##### Output of failed program (stdout + stderr): #####
Traceback (most recent call last):
  File "homework.py", line 546, in <module>
    print(end-start)
NameError: name 'end' is not defined
##### End of output of failed program #####
##### vdhankar plays [E d2 e3] in 14.6176948547363s #####
##### Running: /usr/lib/jvm/jdk-14.0.1/bin/java -jar /lab/itti/projects/checkers-competition/server/referee.jar on run_14_tkale_vdhankar #####
Move is valid
##### SUCCESS: /usr/lib/jvm/jdk-14.0.1/bin/java -jar /lab/itti/projects/checkers-competition/server/referee.jar on run_14_tkale_vdhankar #####
INPUT for tkale:
GAME
BLACK
295.93
.b.b.b..
b.b.....
.b.b....
........
.......b
w.w.w.w.
.w...w..
w.w.w...
##### Running: /usr/bin/time -o time_14_tkale_vdhankar.txt -f "%U" python2 homework2.py > stulog.txt 2>&1 on tkale #####
##### SUCCESS: /usr/bin/time -o time_14_tkale_vdhankar.txt -f "%U" python2 homework2.py > stulog.txt 2>&1 on tkale #####
##### tkale plays [E d6 e5] in 0.53s #####
##### Running: /usr/lib/jvm/jdk-14.0.1/bin/java -jar /lab/itti/projects/checkers-competition/server/referee.jar on run_14_tkale_vdhankar #####
Move is valid
##### SUCCESS: /usr/lib/jvm/jdk-14.0.1/bin/java -jar /lab/itti/projects/checkers-competition/server/referee.jar on run_14_tkale_vdhankar #####
INPUT for vdhankar:
GAME
WHITE
161.675086021423
.b.b.b..
b.b.....
.b......
....b...
.......b
w.w.w.w.
.w...w..
w.w.w...
##### Running: /usr/bin/time -o time_14_tkale_vdhankar.txt -f "%U" python3 homework.py > stulog.txt 2>&1 on vdhankar #####
child exited with value 1
##### ERROR: /usr/bin/time -o time_14_tkale_vdhankar.txt -f "%U" python3 homework.py > stulog.txt 2>&1 on vdhankar #####
##### Output of failed program (stdout + stderr): #####
Traceback (most recent call last):
  File "homework.py", line 546, in <module>
    print(end-start)
NameError: name 'end' is not defined
##### End of output of failed program #####
##### vdhankar plays [E c3 d4] in 5.11157298088074s #####
##### Running: /usr/lib/jvm/jdk-14.0.1/bin/java -jar /lab/itti/projects/checkers-competition/server/referee.jar on run_14_tkale_vdhankar #####
Move is valid
##### SUCCESS: /usr/lib/jvm/jdk-14.0.1/bin/java -jar /lab/itti/projects/checkers-competition/server/referee.jar on run_14_tkale_vdhankar #####
INPUT for tkale:
GAME
BLACK
295.4
.b.b.b..
b.b.....
.b......
....b...
...w...b
w...w.w.
.w...w..
w.w.w...
##### Running: /usr/bin/time -o time_14_tkale_vdhankar.txt -f "%U" python2 homework2.py > stulog.txt 2>&1 on tkale #####
##### SUCCESS: /usr/bin/time -o time_14_tkale_vdhankar.txt -f "%U" python2 homework2.py > stulog.txt 2>&1 on tkale #####
##### tkale plays [J e5 c3] in 0.01s #####
##### Running: /usr/lib/jvm/jdk-14.0.1/bin/java -jar /lab/itti/projects/checkers-competition/server/referee.jar on run_14_tkale_vdhankar #####
Move is valid
##### SUCCESS: /usr/lib/jvm/jdk-14.0.1/bin/java -jar /lab/itti/projects/checkers-competition/server/referee.jar on run_14_tkale_vdhankar #####
INPUT for vdhankar:
GAME
WHITE
156.563513040543
.b.b.b..
b.b.....
.b......
........
.......b
w.b.w.w.
.w...w..
w.w.w...
##### Running: /usr/bin/time -o time_14_tkale_vdhankar.txt -f "%U" python3 homework.py > stulog.txt 2>&1 on vdhankar #####
child exited with value 1
##### ERROR: /usr/bin/time -o time_14_tkale_vdhankar.txt -f "%U" python3 homework.py > stulog.txt 2>&1 on vdhankar #####
##### Output of failed program (stdout + stderr): #####
Traceback (most recent call last):
  File "homework.py", line 546, in <module>
    print(end-start)
NameError: name 'end' is not defined
##### End of output of failed program #####
##### vdhankar plays [J b2 d4] in 3.6168417930603s #####
##### Running: /usr/lib/jvm/jdk-14.0.1/bin/java -jar /lab/itti/projects/checkers-competition/server/referee.jar on run_14_tkale_vdhankar #####
Move is valid
##### SUCCESS: /usr/lib/jvm/jdk-14.0.1/bin/java -jar /lab/itti/projects/checkers-competition/server/referee.jar on run_14_tkale_vdhankar #####
INPUT for tkale:
GAME
BLACK
295.39
.b.b.b..
b.b.....
.b......
........
...w...b
w...w.w.
.....w..
w.w.w...
##### Running: /usr/bin/time -o time_14_tkale_vdhankar.txt -f "%U" python2 homework2.py > stulog.txt 2>&1 on tkale #####
##### SUCCESS: /usr/bin/time -o time_14_tkale_vdhankar.txt -f "%U" python2 homework2.py > stulog.txt 2>&1 on tkale #####
##### tkale plays [E b6 c5] in 0.59s #####
##### Running: /usr/lib/jvm/jdk-14.0.1/bin/java -jar /lab/itti/projects/checkers-competition/server/referee.jar on run_14_tkale_vdhankar #####
Move is valid
##### SUCCESS: /usr/lib/jvm/jdk-14.0.1/bin/java -jar /lab/itti/projects/checkers-competition/server/referee.jar on run_14_tkale_vdhankar #####
INPUT for vdhankar:
GAME
WHITE
152.946671247482
.b.b.b..
b.b.....
........
..b.....
...w...b
w...w.w.
.....w..
w.w.w...
##### Running: /usr/bin/time -o time_14_tkale_vdhankar.txt -f "%U" python3 homework.py > stulog.txt 2>&1 on vdhankar #####
child exited with value 1
##### ERROR: /usr/bin/time -o time_14_tkale_vdhankar.txt -f "%U" python3 homework.py > stulog.txt 2>&1 on vdhankar #####
##### Output of failed program (stdout + stderr): #####
Traceback (most recent call last):
  File "homework.py", line 546, in <module>
    print(end-start)
NameError: name 'end' is not defined
##### End of output of failed program #####
##### vdhankar plays [J d4 b6] in 1.93672585487366s #####
##### Running: /usr/lib/jvm/jdk-14.0.1/bin/java -jar /lab/itti/projects/checkers-competition/server/referee.jar on run_14_tkale_vdhankar #####
Move is valid
##### SUCCESS: /usr/lib/jvm/jdk-14.0.1/bin/java -jar /lab/itti/projects/checkers-competition/server/referee.jar on run_14_tkale_vdhankar #####
INPUT for tkale:
GAME
BLACK
294.8
.b.b.b..
b.b.....
.w......
........
.......b
w...w.w.
.....w..
w.w.w...
##### Running: /usr/bin/time -o time_14_tkale_vdhankar.txt -f "%U" python2 homework2.py > stulog.txt 2>&1 on tkale #####
##### SUCCESS: /usr/bin/time -o time_14_tkale_vdhankar.txt -f "%U" python2 homework2.py > stulog.txt 2>&1 on tkale #####
##### tkale plays [J a7 c5] in 0.18s #####
##### Running: /usr/lib/jvm/jdk-14.0.1/bin/java -jar /lab/itti/projects/checkers-competition/server/referee.jar on run_14_tkale_vdhankar #####
Move is valid
##### SUCCESS: /usr/lib/jvm/jdk-14.0.1/bin/java -jar /lab/itti/projects/checkers-competition/server/referee.jar on run_14_tkale_vdhankar #####
INPUT for vdhankar:
GAME
WHITE
151.009945392609
.b.b.b..
..b.....
........
..b.....
.......b
w...w.w.
.....w..
w.w.w...
##### Running: /usr/bin/time -o time_14_tkale_vdhankar.txt -f "%U" python3 homework.py > stulog.txt 2>&1 on vdhankar #####
child exited with value 1
##### ERROR: /usr/bin/time -o time_14_tkale_vdhankar.txt -f "%U" python3 homework.py > stulog.txt 2>&1 on vdhankar #####
##### Output of failed program (stdout + stderr): #####
Traceback (most recent call last):
  File "homework.py", line 546, in <module>
    print(end-start)
NameError: name 'end' is not defined
##### End of output of failed program #####
##### vdhankar plays [E e1 d2] in 17.1833419799805s #####
##### Running: /usr/lib/jvm/jdk-14.0.1/bin/java -jar /lab/itti/projects/checkers-competition/server/referee.jar on run_14_tkale_vdhankar #####
Move is valid
##### SUCCESS: /usr/lib/jvm/jdk-14.0.1/bin/java -jar /lab/itti/projects/checkers-competition/server/referee.jar on run_14_tkale_vdhankar #####
INPUT for tkale:
GAME
BLACK
294.62
.b.b.b..
..b.....
........
..b.....
.......b
w...w.w.
...w.w..
w.w.....
##### Running: /usr/bin/time -o time_14_tkale_vdhankar.txt -f "%U" python2 homework2.py > stulog.txt 2>&1 on tkale #####
##### SUCCESS: /usr/bin/time -o time_14_tkale_vdhankar.txt -f "%U" python2 homework2.py > stulog.txt 2>&1 on tkale #####
##### tkale plays [E c5 d4] in 0.65s #####
##### Running: /usr/lib/jvm/jdk-14.0.1/bin/java -jar /lab/itti/projects/checkers-competition/server/referee.jar on run_14_tkale_vdhankar #####
Move is valid
##### SUCCESS: /usr/lib/jvm/jdk-14.0.1/bin/java -jar /lab/itti/projects/checkers-competition/server/referee.jar on run_14_tkale_vdhankar #####
INPUT for vdhankar:
GAME
WHITE
133.826603412628
.b.b.b..
..b.....
........
........
...b...b
w...w.w.
...w.w..
w.w.....
##### Running: /usr/bin/time -o time_14_tkale_vdhankar.txt -f "%U" python3 homework.py > stulog.txt 2>&1 on vdhankar #####
child exited with value 1
##### ERROR: /usr/bin/time -o time_14_tkale_vdhankar.txt -f "%U" python3 homework.py > stulog.txt 2>&1 on vdhankar #####
##### Output of failed program (stdout + stderr): #####
Traceback (most recent call last):
  File "homework.py", line 546, in <module>
    print(end-start)
NameError: name 'end' is not defined
##### End of output of failed program #####
##### vdhankar plays [J e3 c5] in 3.02747416496277s #####
##### Running: /usr/lib/jvm/jdk-14.0.1/bin/java -jar /lab/itti/projects/checkers-competition/server/referee.jar on run_14_tkale_vdhankar #####
Move is valid
##### SUCCESS: /usr/lib/jvm/jdk-14.0.1/bin/java -jar /lab/itti/projects/checkers-competition/server/referee.jar on run_14_tkale_vdhankar #####
INPUT for tkale:
GAME
BLACK
293.97
.b.b.b..
..b.....
........
..w.....
.......b
w.....w.
...w.w..
w.w.....
##### Running: /usr/bin/time -o time_14_tkale_vdhankar.txt -f "%U" python2 homework2.py > stulog.txt 2>&1 on tkale #####
##### SUCCESS: /usr/bin/time -o time_14_tkale_vdhankar.txt -f "%U" python2 homework2.py > stulog.txt 2>&1 on tkale #####
##### tkale plays [E c7 d6] in 1.01s #####
##### Running: /usr/lib/jvm/jdk-14.0.1/bin/java -jar /lab/itti/projects/checkers-competition/server/referee.jar on run_14_tkale_vdhankar #####
Move is valid
##### SUCCESS: /usr/lib/jvm/jdk-14.0.1/bin/java -jar /lab/itti/projects/checkers-competition/server/referee.jar on run_14_tkale_vdhankar #####
INPUT for vdhankar:
GAME
WHITE
130.799129247665
.b.b.b..
........
...b....
..w.....
.......b
w.....w.
...w.w..
w.w.....
##### Running: /usr/bin/time -o time_14_tkale_vdhankar.txt -f "%U" python3 homework.py > stulog.txt 2>&1 on vdhankar #####
child exited with value 1
##### ERROR: /usr/bin/time -o time_14_tkale_vdhankar.txt -f "%U" python3 homework.py > stulog.txt 2>&1 on vdhankar #####
##### Output of failed program (stdout + stderr): #####
Traceback (most recent call last):
  File "homework.py", line 546, in <module>
    print(end-start)
NameError: name 'end' is not defined
##### End of output of failed program #####
##### vdhankar plays [J c5 e7] in 1.68062686920166s #####
##### Running: /usr/lib/jvm/jdk-14.0.1/bin/java -jar /lab/itti/projects/checkers-competition/server/referee.jar on run_14_tkale_vdhankar #####
Move is valid
##### SUCCESS: /usr/lib/jvm/jdk-14.0.1/bin/java -jar /lab/itti/projects/checkers-competition/server/referee.jar on run_14_tkale_vdhankar #####
INPUT for tkale:
GAME
BLACK
292.96
.b.b.b..
....w...
........
........
.......b
w.....w.
...w.w..
w.w.....
##### Running: /usr/bin/time -o time_14_tkale_vdhankar.txt -f "%U" python2 homework2.py > stulog.txt 2>&1 on tkale #####
##### SUCCESS: /usr/bin/time -o time_14_tkale_vdhankar.txt -f "%U" python2 homework2.py > stulog.txt 2>&1 on tkale #####
##### tkale plays [J d8 f6] in 0.12s #####
##### Running: /usr/lib/jvm/jdk-14.0.1/bin/java -jar /lab/itti/projects/checkers-competition/server/referee.jar on run_14_tkale_vdhankar #####
Move is valid
##### SUCCESS: /usr/lib/jvm/jdk-14.0.1/bin/java -jar /lab/itti/projects/checkers-competition/server/referee.jar on run_14_tkale_vdhankar #####
INPUT for vdhankar:
GAME
WHITE
129.118502378464
.b...b..
........
.....b..
........
.......b
w.....w.
...w.w..
w.w.....
##### Running: /usr/bin/time -o time_14_tkale_vdhankar.txt -f "%U" python3 homework.py > stulog.txt 2>&1 on vdhankar #####
child exited with value 1
##### ERROR: /usr/bin/time -o time_14_tkale_vdhankar.txt -f "%U" python3 homework.py > stulog.txt 2>&1 on vdhankar #####
##### Output of failed program (stdout + stderr): #####
Traceback (most recent call last):
  File "homework.py", line 546, in <module>
    print(end-start)
NameError: name 'end' is not defined
##### End of output of failed program #####
##### vdhankar plays [E d2 e3] in 8.53435802459717s #####
##### Running: /usr/lib/jvm/jdk-14.0.1/bin/java -jar /lab/itti/projects/checkers-competition/server/referee.jar on run_14_tkale_vdhankar #####
Move is valid
##### SUCCESS: /usr/lib/jvm/jdk-14.0.1/bin/java -jar /lab/itti/projects/checkers-competition/server/referee.jar on run_14_tkale_vdhankar #####
INPUT for tkale:
GAME
BLACK
292.84
.b...b..
........
.....b..
........
.......b
w...w.w.
.....w..
w.w.....
##### Running: /usr/bin/time -o time_14_tkale_vdhankar.txt -f "%U" python2 homework2.py > stulog.txt 2>&1 on tkale #####
##### SUCCESS: /usr/bin/time -o time_14_tkale_vdhankar.txt -f "%U" python2 homework2.py > stulog.txt 2>&1 on tkale #####
##### tkale plays [E f6 g5] in 0.53s #####
##### Running: /usr/lib/jvm/jdk-14.0.1/bin/java -jar /lab/itti/projects/checkers-competition/server/referee.jar on run_14_tkale_vdhankar #####
Move is valid
##### SUCCESS: /usr/lib/jvm/jdk-14.0.1/bin/java -jar /lab/itti/projects/checkers-competition/server/referee.jar on run_14_tkale_vdhankar #####
INPUT for vdhankar:
GAME
WHITE
120.584144353867
.b...b..
........
........
......b.
.......b
w...w.w.
.....w..
w.w.....
##### Running: /usr/bin/time -o time_14_tkale_vdhankar.txt -f "%U" python3 homework.py > stulog.txt 2>&1 on vdhankar #####
child exited with value 1
##### ERROR: /usr/bin/time -o time_14_tkale_vdhankar.txt -f "%U" python3 homework.py > stulog.txt 2>&1 on vdhankar #####
##### Output of failed program (stdout + stderr): #####
Traceback (most recent call last):
  File "homework.py", line 546, in <module>
    print(end-start)
NameError: name 'end' is not defined
##### End of output of failed program #####
##### vdhankar plays [E g3 f4] in 1.66467905044556s #####
##### Running: /usr/lib/jvm/jdk-14.0.1/bin/java -jar /lab/itti/projects/checkers-competition/server/referee.jar on run_14_tkale_vdhankar #####
Move is valid
##### SUCCESS: /usr/lib/jvm/jdk-14.0.1/bin/java -jar /lab/itti/projects/checkers-competition/server/referee.jar on run_14_tkale_vdhankar #####
INPUT for tkale:
GAME
BLACK
292.31
.b...b..
........
........
......b.
.....w.b
w...w...
.....w..
w.w.....
##### Running: /usr/bin/time -o time_14_tkale_vdhankar.txt -f "%U" python2 homework2.py > stulog.txt 2>&1 on tkale #####
##### SUCCESS: /usr/bin/time -o time_14_tkale_vdhankar.txt -f "%U" python2 homework2.py > stulog.txt 2>&1 on tkale #####
##### tkale plays [E h4 g3] in 0.1s #####
##### Running: /usr/lib/jvm/jdk-14.0.1/bin/java -jar /lab/itti/projects/checkers-competition/server/referee.jar on run_14_tkale_vdhankar #####
Move is valid
##### SUCCESS: /usr/lib/jvm/jdk-14.0.1/bin/java -jar /lab/itti/projects/checkers-competition/server/referee.jar on run_14_tkale_vdhankar #####
INPUT for vdhankar:
GAME
WHITE
118.919465303421
.b...b..
........
........
......b.
.....w..
w...w.b.
.....w..
w.w.....
##### Running: /usr/bin/time -o time_14_tkale_vdhankar.txt -f "%U" python3 homework.py > stulog.txt 2>&1 on vdhankar #####
child exited with value 1
##### ERROR: /usr/bin/time -o time_14_tkale_vdhankar.txt -f "%U" python3 homework.py > stulog.txt 2>&1 on vdhankar #####
##### Output of failed program (stdout + stderr): #####
Traceback (most recent call last):
  File "homework.py", line 546, in <module>
    print(end-start)
NameError: name 'end' is not defined
##### End of output of failed program #####
##### vdhankar plays [J f2 h4 ; J h4 f6] in 1.28223609924316s #####
##### Running: /usr/lib/jvm/jdk-14.0.1/bin/java -jar /lab/itti/projects/checkers-competition/server/referee.jar on run_14_tkale_vdhankar #####
Move is valid
##### SUCCESS: /usr/lib/jvm/jdk-14.0.1/bin/java -jar /lab/itti/projects/checkers-competition/server/referee.jar on run_14_tkale_vdhankar #####
INPUT for tkale:
GAME
BLACK
292.21
.b...b..
........
.....w..
........
.....w..
w...w...
........
w.w.....
##### Running: /usr/bin/time -o time_14_tkale_vdhankar.txt -f "%U" python2 homework2.py > stulog.txt 2>&1 on tkale #####
##### SUCCESS: /usr/bin/time -o time_14_tkale_vdhankar.txt -f "%U" python2 homework2.py > stulog.txt 2>&1 on tkale #####
##### tkale plays [E f8 g7] in 0.2s #####
##### Running: /usr/lib/jvm/jdk-14.0.1/bin/java -jar /lab/itti/projects/checkers-competition/server/referee.jar on run_14_tkale_vdhankar #####
Move is valid
##### SUCCESS: /usr/lib/jvm/jdk-14.0.1/bin/java -jar /lab/itti/projects/checkers-competition/server/referee.jar on run_14_tkale_vdhankar #####
INPUT for vdhankar:
GAME
WHITE
117.637229204178
.b......
......b.
.....w..
........
.....w..
w...w...
........
w.w.....
##### Running: /usr/bin/time -o time_14_tkale_vdhankar.txt -f "%U" python3 homework.py > stulog.txt 2>&1 on vdhankar #####
child exited with value 1
##### ERROR: /usr/bin/time -o time_14_tkale_vdhankar.txt -f "%U" python3 homework.py > stulog.txt 2>&1 on vdhankar #####
##### Output of failed program (stdout + stderr): #####
Traceback (most recent call last):
  File "homework.py", line 546, in <module>
    print(end-start)
NameError: name 'end' is not defined
##### End of output of failed program #####
##### vdhankar plays [J f6 h8] in 0.440381050109863s #####
##### Running: /usr/lib/jvm/jdk-14.0.1/bin/java -jar /lab/itti/projects/checkers-competition/server/referee.jar on run_14_tkale_vdhankar #####
Move is valid
##### SUCCESS: /usr/lib/jvm/jdk-14.0.1/bin/java -jar /lab/itti/projects/checkers-competition/server/referee.jar on run_14_tkale_vdhankar #####
INPUT for tkale:
GAME
BLACK
292.01
.b.....W
........
........
........
.....w..
w...w...
........
w.w.....
##### Running: /usr/bin/time -o time_14_tkale_vdhankar.txt -f "%U" python2 homework2.py > stulog.txt 2>&1 on tkale #####
##### SUCCESS: /usr/bin/time -o time_14_tkale_vdhankar.txt -f "%U" python2 homework2.py > stulog.txt 2>&1 on tkale #####
##### tkale plays [E b8 c7] in 0.14s #####
##### Running: /usr/lib/jvm/jdk-14.0.1/bin/java -jar /lab/itti/projects/checkers-competition/server/referee.jar on run_14_tkale_vdhankar #####
Move is valid
##### SUCCESS: /usr/lib/jvm/jdk-14.0.1/bin/java -jar /lab/itti/projects/checkers-competition/server/referee.jar on run_14_tkale_vdhankar #####
INPUT for vdhankar:
GAME
WHITE
117.196848154068
.......W
..b.....
........
........
.....w..
w...w...
........
w.w.....
##### Running: /usr/bin/time -o time_14_tkale_vdhankar.txt -f "%U" python3 homework.py > stulog.txt 2>&1 on vdhankar #####
child exited with value 1
##### ERROR: /usr/bin/time -o time_14_tkale_vdhankar.txt -f "%U" python3 homework.py > stulog.txt 2>&1 on vdhankar #####
##### Output of failed program (stdout + stderr): #####
Traceback (most recent call last):
  File "homework.py", line 546, in <module>
    print(end-start)
NameError: name 'end' is not defined
##### End of output of failed program #####
##### vdhankar plays [E h8 g7] in 0.235126972198486s #####
##### Running: /usr/lib/jvm/jdk-14.0.1/bin/java -jar /lab/itti/projects/checkers-competition/server/referee.jar on run_14_tkale_vdhankar #####
Move is valid
##### SUCCESS: /usr/lib/jvm/jdk-14.0.1/bin/java -jar /lab/itti/projects/checkers-competition/server/referee.jar on run_14_tkale_vdhankar #####
INPUT for tkale:
GAME
BLACK
291.87
........
..b...W.
........
........
.....w..
w...w...
........
w.w.....
##### Running: /usr/bin/time -o time_14_tkale_vdhankar.txt -f "%U" python2 homework2.py > stulog.txt 2>&1 on tkale #####
##### SUCCESS: /usr/bin/time -o time_14_tkale_vdhankar.txt -f "%U" python2 homework2.py > stulog.txt 2>&1 on tkale #####
##### tkale plays [E c7 b6] in 0.09s #####
##### Running: /usr/lib/jvm/jdk-14.0.1/bin/java -jar /lab/itti/projects/checkers-competition/server/referee.jar on run_14_tkale_vdhankar #####
Move is valid
##### SUCCESS: /usr/lib/jvm/jdk-14.0.1/bin/java -jar /lab/itti/projects/checkers-competition/server/referee.jar on run_14_tkale_vdhankar #####
INPUT for vdhankar:
GAME
WHITE
116.96172118187
........
......W.
.b......
........
.....w..
w...w...
........
w.w.....
##### Running: /usr/bin/time -o time_14_tkale_vdhankar.txt -f "%U" python3 homework.py > stulog.txt 2>&1 on vdhankar #####
child exited with value 1
##### ERROR: /usr/bin/time -o time_14_tkale_vdhankar.txt -f "%U" python3 homework.py > stulog.txt 2>&1 on vdhankar #####
##### Output of failed program (stdout + stderr): #####
Traceback (most recent call last):
  File "homework.py", line 546, in <module>
    print(end-start)
NameError: name 'end' is not defined
##### End of output of failed program #####
##### vdhankar plays [E g7 f8] in 0.305221080780029s #####
##### Running: /usr/lib/jvm/jdk-14.0.1/bin/java -jar /lab/itti/projects/checkers-competition/server/referee.jar on run_14_tkale_vdhankar #####
Move is valid
##### SUCCESS: /usr/lib/jvm/jdk-14.0.1/bin/java -jar /lab/itti/projects/checkers-competition/server/referee.jar on run_14_tkale_vdhankar #####
INPUT for tkale:
GAME
BLACK
291.78
.....W..
........
.b......
........
.....w..
w...w...
........
w.w.....
##### Running: /usr/bin/time -o time_14_tkale_vdhankar.txt -f "%U" python2 homework2.py > stulog.txt 2>&1 on tkale #####
child exited with value 1
##### ERROR: /usr/bin/time -o time_14_tkale_vdhankar.txt -f "%U" python2 homework2.py > stulog.txt 2>&1 on tkale #####
##### Output of failed program (stdout + stderr): #####
Traceback (most recent call last):
  File "homework2.py", line 509, in <module>
    final_move = playGame(matrix,color)
  File "homework2.py", line 451, in playGame
    same_value_moves.append(move)
UnboundLocalError: local variable 'same_value_moves' referenced before assignment
##### End of output of failed program #####
##### tkale plays [] in 0.032404899597168s #####
##### Running: /usr/lib/jvm/jdk-14.0.1/bin/java -jar /lab/itti/projects/checkers-competition/server/referee.jar on run_14_tkale_vdhankar #####
Move is not valid
##### SUCCESS: /usr/lib/jvm/jdk-14.0.1/bin/java -jar /lab/itti/projects/checkers-competition/server/referee.jar on run_14_tkale_vdhankar #####
##### GAME OVER: tkale loses because of illegal move [] #####
Server said: FAIL
########## ROUND 14 GAMESCORE AFTER GAME 2: tkale=0 and vdhankar=2 ##########
#################### ROUND 14: tkale (W) vs vdhankar (B): game 3 ####################
##### game start! #####
INPUT for vdhankar:
GAME
BLACK
300
.b.b.b.b
b.b.b.b.
.b.b.b.b
........
........
w.w.w.w.
.w.w.w.w
w.w.w.w.
##### Running: /usr/bin/time -o time_14_tkale_vdhankar.txt -f "%U" python3 homework.py > stulog.txt 2>&1 on vdhankar #####
child exited with value 1
##### ERROR: /usr/bin/time -o time_14_tkale_vdhankar.txt -f "%U" python3 homework.py > stulog.txt 2>&1 on vdhankar #####
##### Output of failed program (stdout + stderr): #####
Traceback (most recent call last):
  File "homework.py", line 546, in <module>
    print(end-start)
NameError: name 'end' is not defined
##### End of output of failed program #####
##### vdhankar plays [E h6 g5] in 6.09586501121521s #####
##### Running: /usr/lib/jvm/jdk-14.0.1/bin/java -jar /lab/itti/projects/checkers-competition/server/referee.jar on run_14_tkale_vdhankar #####
Move is valid
Couldn't read file 'current_ply.txt'
Couldn't read content from file 'current_ply.txt'
Couldn't read file 'lastmatchange_ply.txt'
Couldn't read content from file 'lastmatchange_ply.txt'
##### SUCCESS: /usr/lib/jvm/jdk-14.0.1/bin/java -jar /lab/itti/projects/checkers-competition/server/referee.jar on run_14_tkale_vdhankar #####
INPUT for tkale:
GAME
WHITE
300
.b.b.b.b
b.b.b.b.
.b.b.b..
......b.
........
w.w.w.w.
.w.w.w.w
w.w.w.w.
##### Running: /usr/bin/time -o time_14_tkale_vdhankar.txt -f "%U" python2 homework2.py > stulog.txt 2>&1 on tkale #####
##### SUCCESS: /usr/bin/time -o time_14_tkale_vdhankar.txt -f "%U" python2 homework2.py > stulog.txt 2>&1 on tkale #####
##### tkale plays [E g3 f4] in 0.51s #####
##### Running: /usr/lib/jvm/jdk-14.0.1/bin/java -jar /lab/itti/projects/checkers-competition/server/referee.jar on run_14_tkale_vdhankar #####
Move is valid
##### SUCCESS: /usr/lib/jvm/jdk-14.0.1/bin/java -jar /lab/itti/projects/checkers-competition/server/referee.jar on run_14_tkale_vdhankar #####
INPUT for vdhankar:
GAME
BLACK
293.904134988785
.b.b.b.b
b.b.b.b.
.b.b.b..
......b.
.....w..
w.w.w...
.w.w.w.w
w.w.w.w.
##### Running: /usr/bin/time -o time_14_tkale_vdhankar.txt -f "%U" python3 homework.py > stulog.txt 2>&1 on vdhankar #####
child exited with value 1
##### ERROR: /usr/bin/time -o time_14_tkale_vdhankar.txt -f "%U" python3 homework.py > stulog.txt 2>&1 on vdhankar #####
##### Output of failed program (stdout + stderr): #####
Traceback (most recent call last):
  File "homework.py", line 546, in <module>
    print(end-start)
NameError: name 'end' is not defined
##### End of output of failed program #####
##### vdhankar plays [E g5 h4] in 4.61635994911194s #####
##### Running: /usr/lib/jvm/jdk-14.0.1/bin/java -jar /lab/itti/projects/checkers-competition/server/referee.jar on run_14_tkale_vdhankar #####
Move is valid
##### SUCCESS: /usr/lib/jvm/jdk-14.0.1/bin/java -jar /lab/itti/projects/checkers-competition/server/referee.jar on run_14_tkale_vdhankar #####
INPUT for tkale:
GAME
WHITE
299.49
.b.b.b.b
b.b.b.b.
.b.b.b..
........
.....w.b
w.w.w...
.w.w.w.w
w.w.w.w.
##### Running: /usr/bin/time -o time_14_tkale_vdhankar.txt -f "%U" python2 homework2.py > stulog.txt 2>&1 on tkale #####
##### SUCCESS: /usr/bin/time -o time_14_tkale_vdhankar.txt -f "%U" python2 homework2.py > stulog.txt 2>&1 on tkale #####
##### tkale plays [E f4 g5] in 0.49s #####
##### Running: /usr/lib/jvm/jdk-14.0.1/bin/java -jar /lab/itti/projects/checkers-competition/server/referee.jar on run_14_tkale_vdhankar #####
Move is valid
##### SUCCESS: /usr/lib/jvm/jdk-14.0.1/bin/java -jar /lab/itti/projects/checkers-competition/server/referee.jar on run_14_tkale_vdhankar #####
INPUT for vdhankar:
GAME
BLACK
289.287775039673
.b.b.b.b
b.b.b.b.
.b.b.b..
......w.
.......b
w.w.w...
.w.w.w.w
w.w.w.w.
##### Running: /usr/bin/time -o time_14_tkale_vdhankar.txt -f "%U" python3 homework.py > stulog.txt 2>&1 on vdhankar #####
child exited with value 1
##### ERROR: /usr/bin/time -o time_14_tkale_vdhankar.txt -f "%U" python3 homework.py > stulog.txt 2>&1 on vdhankar #####
##### Output of failed program (stdout + stderr): #####
Traceback (most recent call last):
  File "homework.py", line 546, in <module>
    print(end-start)
NameError: name 'end' is not defined
##### End of output of failed program #####
##### vdhankar plays [E b6 a5] in 7.44153499603271s #####
##### Running: /usr/lib/jvm/jdk-14.0.1/bin/java -jar /lab/itti/projects/checkers-competition/server/referee.jar on run_14_tkale_vdhankar #####
Move is valid
##### SUCCESS: /usr/lib/jvm/jdk-14.0.1/bin/java -jar /lab/itti/projects/checkers-competition/server/referee.jar on run_14_tkale_vdhankar #####
INPUT for tkale:
GAME
WHITE
299
.b.b.b.b
b.b.b.b.
...b.b..
b.....w.
.......b
w.w.w...
.w.w.w.w
w.w.w.w.
##### Running: /usr/bin/time -o time_14_tkale_vdhankar.txt -f "%U" python2 homework2.py > stulog.txt 2>&1 on tkale #####
##### SUCCESS: /usr/bin/time -o time_14_tkale_vdhankar.txt -f "%U" python2 homework2.py > stulog.txt 2>&1 on tkale #####
##### tkale plays [E h2 g3] in 0.76s #####
##### Running: /usr/lib/jvm/jdk-14.0.1/bin/java -jar /lab/itti/projects/checkers-competition/server/referee.jar on run_14_tkale_vdhankar #####
Move is valid
##### SUCCESS: /usr/lib/jvm/jdk-14.0.1/bin/java -jar /lab/itti/projects/checkers-competition/server/referee.jar on run_14_tkale_vdhankar #####
INPUT for vdhankar:
GAME
BLACK
281.84624004364
.b.b.b.b
b.b.b.b.
...b.b..
b.....w.
.......b
w.w.w.w.
.w.w.w..
w.w.w.w.
##### Running: /usr/bin/time -o time_14_tkale_vdhankar.txt -f "%U" python3 homework.py > stulog.txt 2>&1 on vdhankar #####
child exited with value 1
##### ERROR: /usr/bin/time -o time_14_tkale_vdhankar.txt -f "%U" python3 homework.py > stulog.txt 2>&1 on vdhankar #####
##### Output of failed program (stdout + stderr): #####
Traceback (most recent call last):
  File "homework.py", line 546, in <module>
    print(end-start)
NameError: name 'end' is not defined
##### End of output of failed program #####
##### vdhankar plays [E d6 c5] in 7.33394503593445s #####
##### Running: /usr/lib/jvm/jdk-14.0.1/bin/java -jar /lab/itti/projects/checkers-competition/server/referee.jar on run_14_tkale_vdhankar #####
Move is valid
##### SUCCESS: /usr/lib/jvm/jdk-14.0.1/bin/java -jar /lab/itti/projects/checkers-competition/server/referee.jar on run_14_tkale_vdhankar #####
INPUT for tkale:
GAME
WHITE
298.24
.b.b.b.b
b.b.b.b.
.....b..
b.b...w.
.......b
w.w.w.w.
.w.w.w..
w.w.w.w.
##### Running: /usr/bin/time -o time_14_tkale_vdhankar.txt -f "%U" python2 homework2.py > stulog.txt 2>&1 on tkale #####
##### SUCCESS: /usr/bin/time -o time_14_tkale_vdhankar.txt -f "%U" python2 homework2.py > stulog.txt 2>&1 on tkale #####
##### tkale plays [E g5 h6] in 0.39s #####
##### Running: /usr/lib/jvm/jdk-14.0.1/bin/java -jar /lab/itti/projects/checkers-competition/server/referee.jar on run_14_tkale_vdhankar #####
Move is valid
##### SUCCESS: /usr/lib/jvm/jdk-14.0.1/bin/java -jar /lab/itti/projects/checkers-competition/server/referee.jar on run_14_tkale_vdhankar #####
INPUT for vdhankar:
GAME
BLACK
274.512295007706
.b.b.b.b
b.b.b.b.
.....b.w
b.b.....
.......b
w.w.w.w.
.w.w.w..
w.w.w.w.
##### Running: /usr/bin/time -o time_14_tkale_vdhankar.txt -f "%U" python3 homework.py > stulog.txt 2>&1 on vdhankar #####
child exited with value 1
##### ERROR: /usr/bin/time -o time_14_tkale_vdhankar.txt -f "%U" python3 homework.py > stulog.txt 2>&1 on vdhankar #####
##### Output of failed program (stdout + stderr): #####
Traceback (most recent call last):
  File "homework.py", line 546, in <module>
    print(end-start)
NameError: name 'end' is not defined
##### End of output of failed program #####
##### vdhankar plays [E c7 b6] in 3.81675100326538s #####
##### Running: /usr/lib/jvm/jdk-14.0.1/bin/java -jar /lab/itti/projects/checkers-competition/server/referee.jar on run_14_tkale_vdhankar #####
Move is valid
##### SUCCESS: /usr/lib/jvm/jdk-14.0.1/bin/java -jar /lab/itti/projects/checkers-competition/server/referee.jar on run_14_tkale_vdhankar #####
INPUT for tkale:
GAME
WHITE
297.85
.b.b.b.b
b...b.b.
.b...b.w
b.b.....
.......b
w.w.w.w.
.w.w.w..
w.w.w.w.
##### Running: /usr/bin/time -o time_14_tkale_vdhankar.txt -f "%U" python2 homework2.py > stulog.txt 2>&1 on tkale #####
##### SUCCESS: /usr/bin/time -o time_14_tkale_vdhankar.txt -f "%U" python2 homework2.py > stulog.txt 2>&1 on tkale #####
##### tkale plays [E e3 d4] in 0.34s #####
##### Running: /usr/lib/jvm/jdk-14.0.1/bin/java -jar /lab/itti/projects/checkers-competition/server/referee.jar on run_14_tkale_vdhankar #####
Move is valid
##### SUCCESS: /usr/lib/jvm/jdk-14.0.1/bin/java -jar /lab/itti/projects/checkers-competition/server/referee.jar on run_14_tkale_vdhankar #####
INPUT for vdhankar:
GAME
BLACK
270.69554400444
.b.b.b.b
b...b.b.
.b...b.w
b.b.....
...w...b
w.w...w.
.w.w.w..
w.w.w.w.
##### Running: /usr/bin/time -o time_14_tkale_vdhankar.txt -f "%U" python3 homework.py > stulog.txt 2>&1 on vdhankar #####
child exited with value 1
##### ERROR: /usr/bin/time -o time_14_tkale_vdhankar.txt -f "%U" python3 homework.py > stulog.txt 2>&1 on vdhankar #####
##### Output of failed program (stdout + stderr): #####
Traceback (most recent call last):
  File "homework.py", line 546, in <module>
    print(end-start)
NameError: name 'end' is not defined
##### End of output of failed program #####
##### vdhankar plays [J c5 e3] in 1.00249314308167s #####
##### Running: /usr/lib/jvm/jdk-14.0.1/bin/java -jar /lab/itti/projects/checkers-competition/server/referee.jar on run_14_tkale_vdhankar #####
Move is valid
##### SUCCESS: /usr/lib/jvm/jdk-14.0.1/bin/java -jar /lab/itti/projects/checkers-competition/server/referee.jar on run_14_tkale_vdhankar #####
INPUT for tkale:
GAME
WHITE
297.51
.b.b.b.b
b...b.b.
.b...b.w
b.......
.......b
w.w.b.w.
.w.w.w..
w.w.w.w.
##### Running: /usr/bin/time -o time_14_tkale_vdhankar.txt -f "%U" python2 homework2.py > stulog.txt 2>&1 on tkale #####
##### SUCCESS: /usr/bin/time -o time_14_tkale_vdhankar.txt -f "%U" python2 homework2.py > stulog.txt 2>&1 on tkale #####
##### tkale plays [J f2 d4] in 0.07s #####
##### Running: /usr/lib/jvm/jdk-14.0.1/bin/java -jar /lab/itti/projects/checkers-competition/server/referee.jar on run_14_tkale_vdhankar #####
Move is valid
##### SUCCESS: /usr/lib/jvm/jdk-14.0.1/bin/java -jar /lab/itti/projects/checkers-competition/server/referee.jar on run_14_tkale_vdhankar #####
INPUT for vdhankar:
GAME
BLACK
269.693050861359
.b.b.b.b
b...b.b.
.b...b.w
b.......
...w...b
w.w...w.
.w.w....
w.w.w.w.
##### Running: /usr/bin/time -o time_14_tkale_vdhankar.txt -f "%U" python3 homework.py > stulog.txt 2>&1 on vdhankar #####
child exited with value 1
##### ERROR: /usr/bin/time -o time_14_tkale_vdhankar.txt -f "%U" python3 homework.py > stulog.txt 2>&1 on vdhankar #####
##### Output of failed program (stdout + stderr): #####
Traceback (most recent call last):
  File "homework.py", line 546, in <module>
    print(end-start)
NameError: name 'end' is not defined
##### End of output of failed program #####
##### vdhankar plays [J h4 f2] in 1.23995614051819s #####
##### Running: /usr/lib/jvm/jdk-14.0.1/bin/java -jar /lab/itti/projects/checkers-competition/server/referee.jar on run_14_tkale_vdhankar #####
Move is valid
##### SUCCESS: /usr/lib/jvm/jdk-14.0.1/bin/java -jar /lab/itti/projects/checkers-competition/server/referee.jar on run_14_tkale_vdhankar #####
INPUT for tkale:
GAME
WHITE
297.44
.b.b.b.b
b...b.b.
.b...b.w
b.......
...w....
w.w.....
.w.w.b..
w.w.w.w.
##### Running: /usr/bin/time -o time_14_tkale_vdhankar.txt -f "%U" python2 homework2.py > stulog.txt 2>&1 on tkale #####
##### SUCCESS: /usr/bin/time -o time_14_tkale_vdhankar.txt -f "%U" python2 homework2.py > stulog.txt 2>&1 on tkale #####
##### tkale plays [J g1 e3] in 0.14s #####
##### Running: /usr/lib/jvm/jdk-14.0.1/bin/java -jar /lab/itti/projects/checkers-competition/server/referee.jar on run_14_tkale_vdhankar #####
Move is valid
##### SUCCESS: /usr/lib/jvm/jdk-14.0.1/bin/java -jar /lab/itti/projects/checkers-competition/server/referee.jar on run_14_tkale_vdhankar #####
INPUT for vdhankar:
GAME
BLACK
268.45309472084
.b.b.b.b
b...b.b.
.b...b.w
b.......
...w....
w.w.w...
.w.w....
w.w.w...
##### Running: /usr/bin/time -o time_14_tkale_vdhankar.txt -f "%U" python3 homework.py > stulog.txt 2>&1 on vdhankar #####
child exited with value 1
##### ERROR: /usr/bin/time -o time_14_tkale_vdhankar.txt -f "%U" python3 homework.py > stulog.txt 2>&1 on vdhankar #####
##### Output of failed program (stdout + stderr): #####
Traceback (most recent call last):
  File "homework.py", line 546, in <module>
    print(end-start)
NameError: name 'end' is not defined
##### End of output of failed program #####
##### vdhankar plays [E e7 d6] in 2.37955617904663s #####
##### Running: /usr/lib/jvm/jdk-14.0.1/bin/java -jar /lab/itti/projects/checkers-competition/server/referee.jar on run_14_tkale_vdhankar #####
Move is valid
##### SUCCESS: /usr/lib/jvm/jdk-14.0.1/bin/java -jar /lab/itti/projects/checkers-competition/server/referee.jar on run_14_tkale_vdhankar #####
INPUT for tkale:
GAME
WHITE
297.3
.b.b.b.b
b.....b.
.b.b.b.w
b.......
...w....
w.w.w...
.w.w....
w.w.w...
##### Running: /usr/bin/time -o time_14_tkale_vdhankar.txt -f "%U" python2 homework2.py > stulog.txt 2>&1 on tkale #####
##### SUCCESS: /usr/bin/time -o time_14_tkale_vdhankar.txt -f "%U" python2 homework2.py > stulog.txt 2>&1 on tkale #####
##### tkale plays [E c3 b4] in 0.23s #####
##### Running: /usr/lib/jvm/jdk-14.0.1/bin/java -jar /lab/itti/projects/checkers-competition/server/referee.jar on run_14_tkale_vdhankar #####
Move is valid
##### SUCCESS: /usr/lib/jvm/jdk-14.0.1/bin/java -jar /lab/itti/projects/checkers-competition/server/referee.jar on run_14_tkale_vdhankar #####
INPUT for vdhankar:
GAME
BLACK
266.073538541794
.b.b.b.b
b.....b.
.b.b.b.w
b.......
.w.w....
w...w...
.w.w....
w.w.w...
##### Running: /usr/bin/time -o time_14_tkale_vdhankar.txt -f "%U" python3 homework.py > stulog.txt 2>&1 on vdhankar #####
child exited with value 1
##### ERROR: /usr/bin/time -o time_14_tkale_vdhankar.txt -f "%U" python3 homework.py > stulog.txt 2>&1 on vdhankar #####
##### Output of failed program (stdout + stderr): #####
Traceback (most recent call last):
  File "homework.py", line 546, in <module>
    print(end-start)
NameError: name 'end' is not defined
##### End of output of failed program #####
##### vdhankar plays [J a5 c3] in 0.675851821899414s #####
##### Running: /usr/lib/jvm/jdk-14.0.1/bin/java -jar /lab/itti/projects/checkers-competition/server/referee.jar on run_14_tkale_vdhankar #####
Move is valid
##### SUCCESS: /usr/lib/jvm/jdk-14.0.1/bin/java -jar /lab/itti/projects/checkers-competition/server/referee.jar on run_14_tkale_vdhankar #####
INPUT for tkale:
GAME
WHITE
297.07
.b.b.b.b
b.....b.
.b.b.b.w
........
...w....
w.b.w...
.w.w....
w.w.w...
##### Running: /usr/bin/time -o time_14_tkale_vdhankar.txt -f "%U" python2 homework2.py > stulog.txt 2>&1 on tkale #####
##### SUCCESS: /usr/bin/time -o time_14_tkale_vdhankar.txt -f "%U" python2 homework2.py > stulog.txt 2>&1 on tkale #####
##### tkale plays [J d2 b4] in 0.02s #####
##### Running: /usr/lib/jvm/jdk-14.0.1/bin/java -jar /lab/itti/projects/checkers-competition/server/referee.jar on run_14_tkale_vdhankar #####
Move is valid
##### SUCCESS: /usr/lib/jvm/jdk-14.0.1/bin/java -jar /lab/itti/projects/checkers-competition/server/referee.jar on run_14_tkale_vdhankar #####
INPUT for vdhankar:
GAME
BLACK
265.397686719894
.b.b.b.b
b.....b.
.b.b.b.w
........
.w.w....
w...w...
.w......
w.w.w...
##### Running: /usr/bin/time -o time_14_tkale_vdhankar.txt -f "%U" python3 homework.py > stulog.txt 2>&1 on vdhankar #####
child exited with value 1
##### ERROR: /usr/bin/time -o time_14_tkale_vdhankar.txt -f "%U" python3 homework.py > stulog.txt 2>&1 on vdhankar #####
##### Output of failed program (stdout + stderr): #####
Traceback (most recent call last):
  File "homework.py", line 546, in <module>
    print(end-start)
NameError: name 'end' is not defined
##### End of output of failed program #####
##### vdhankar plays [E f6 g5] in 2.67356896400452s #####
##### Running: /usr/lib/jvm/jdk-14.0.1/bin/java -jar /lab/itti/projects/checkers-competition/server/referee.jar on run_14_tkale_vdhankar #####
Move is valid
##### SUCCESS: /usr/lib/jvm/jdk-14.0.1/bin/java -jar /lab/itti/projects/checkers-competition/server/referee.jar on run_14_tkale_vdhankar #####
INPUT for tkale:
GAME
WHITE
297.05
.b.b.b.b
b.....b.
.b.b...w
......b.
.w.w....
w...w...
.w......
w.w.w...
##### Running: /usr/bin/time -o time_14_tkale_vdhankar.txt -f "%U" python2 homework2.py > stulog.txt 2>&1 on tkale #####
##### SUCCESS: /usr/bin/time -o time_14_tkale_vdhankar.txt -f "%U" python2 homework2.py > stulog.txt 2>&1 on tkale #####
##### tkale plays [E e1 f2] in 0.56s #####
##### Running: /usr/lib/jvm/jdk-14.0.1/bin/java -jar /lab/itti/projects/checkers-competition/server/referee.jar on run_14_tkale_vdhankar #####
Move is valid
##### SUCCESS: /usr/lib/jvm/jdk-14.0.1/bin/java -jar /lab/itti/projects/checkers-competition/server/referee.jar on run_14_tkale_vdhankar #####
INPUT for vdhankar:
GAME
BLACK
262.72411775589
.b.b.b.b
b.....b.
.b.b...w
......b.
.w.w....
w...w...
.w...w..
w.w.....
##### Running: /usr/bin/time -o time_14_tkale_vdhankar.txt -f "%U" python3 homework.py > stulog.txt 2>&1 on vdhankar #####
child exited with value 1
##### ERROR: /usr/bin/time -o time_14_tkale_vdhankar.txt -f "%U" python3 homework.py > stulog.txt 2>&1 on vdhankar #####
##### Output of failed program (stdout + stderr): #####
Traceback (most recent call last):
  File "homework.py", line 546, in <module>
    print(end-start)
NameError: name 'end' is not defined
##### End of output of failed program #####
##### vdhankar plays [E d6 e5] in 3.6543140411377s #####
##### Running: /usr/lib/jvm/jdk-14.0.1/bin/java -jar /lab/itti/projects/checkers-competition/server/referee.jar on run_14_tkale_vdhankar #####
Move is valid
##### SUCCESS: /usr/lib/jvm/jdk-14.0.1/bin/java -jar /lab/itti/projects/checkers-competition/server/referee.jar on run_14_tkale_vdhankar #####
INPUT for tkale:
GAME
WHITE
296.49
.b.b.b.b
b.....b.
.b.....w
....b.b.
.w.w....
w...w...
.w...w..
w.w.....
##### Running: /usr/bin/time -o time_14_tkale_vdhankar.txt -f "%U" python2 homework2.py > stulog.txt 2>&1 on tkale #####
##### SUCCESS: /usr/bin/time -o time_14_tkale_vdhankar.txt -f "%U" python2 homework2.py > stulog.txt 2>&1 on tkale #####
##### tkale plays [J d4 f6] in 0.01s #####
##### Running: /usr/lib/jvm/jdk-14.0.1/bin/java -jar /lab/itti/projects/checkers-competition/server/referee.jar on run_14_tkale_vdhankar #####
Move is valid
##### SUCCESS: /usr/lib/jvm/jdk-14.0.1/bin/java -jar /lab/itti/projects/checkers-competition/server/referee.jar on run_14_tkale_vdhankar #####
INPUT for vdhankar:
GAME
BLACK
259.069803714752
.b.b.b.b
b.....b.
.b...w.w
......b.
.w......
w...w...
.w...w..
w.w.....
##### Running: /usr/bin/time -o time_14_tkale_vdhankar.txt -f "%U" python3 homework.py > stulog.txt 2>&1 on vdhankar #####
child exited with value 1
##### ERROR: /usr/bin/time -o time_14_tkale_vdhankar.txt -f "%U" python3 homework.py > stulog.txt 2>&1 on vdhankar #####
##### Output of failed program (stdout + stderr): #####
Traceback (most recent call last):
  File "homework.py", line 546, in <module>
    print(end-start)
NameError: name 'end' is not defined
##### End of output of failed program #####
##### vdhankar plays [J g7 e5] in 4.34499001502991s #####
##### Running: /usr/lib/jvm/jdk-14.0.1/bin/java -jar /lab/itti/projects/checkers-competition/server/referee.jar on run_14_tkale_vdhankar #####
Move is valid
##### SUCCESS: /usr/lib/jvm/jdk-14.0.1/bin/java -jar /lab/itti/projects/checkers-competition/server/referee.jar on run_14_tkale_vdhankar #####
INPUT for tkale:
GAME
WHITE
296.48
.b.b.b.b
b.......
.b.....w
....b.b.
.w......
w...w...
.w...w..
w.w.....
##### Running: /usr/bin/time -o time_14_tkale_vdhankar.txt -f "%U" python2 homework2.py > stulog.txt 2>&1 on tkale #####
##### SUCCESS: /usr/bin/time -o time_14_tkale_vdhankar.txt -f "%U" python2 homework2.py > stulog.txt 2>&1 on tkale #####
##### tkale plays [E e3 d4] in 0.9s #####
##### Running: /usr/lib/jvm/jdk-14.0.1/bin/java -jar /lab/itti/projects/checkers-competition/server/referee.jar on run_14_tkale_vdhankar #####
Move is valid
##### SUCCESS: /usr/lib/jvm/jdk-14.0.1/bin/java -jar /lab/itti/projects/checkers-competition/server/referee.jar on run_14_tkale_vdhankar #####
INPUT for vdhankar:
GAME
BLACK
254.724813699722
.b.b.b.b
b.......
.b.....w
....b.b.
.w.w....
w.......
.w...w..
w.w.....
##### Running: /usr/bin/time -o time_14_tkale_vdhankar.txt -f "%U" python3 homework.py > stulog.txt 2>&1 on vdhankar #####
child exited with value 1
##### ERROR: /usr/bin/time -o time_14_tkale_vdhankar.txt -f "%U" python3 homework.py > stulog.txt 2>&1 on vdhankar #####
##### Output of failed program (stdout + stderr): #####
Traceback (most recent call last):
  File "homework.py", line 546, in <module>
    print(end-start)
NameError: name 'end' is not defined
##### End of output of failed program #####
##### vdhankar plays [J e5 c3] in 2.64753603935242s #####
##### Running: /usr/lib/jvm/jdk-14.0.1/bin/java -jar /lab/itti/projects/checkers-competition/server/referee.jar on run_14_tkale_vdhankar #####
Move is valid
##### SUCCESS: /usr/lib/jvm/jdk-14.0.1/bin/java -jar /lab/itti/projects/checkers-competition/server/referee.jar on run_14_tkale_vdhankar #####
INPUT for tkale:
GAME
WHITE
295.58
.b.b.b.b
b.......
.b.....w
......b.
.w......
w.b.....
.w...w..
w.w.....
##### Running: /usr/bin/time -o time_14_tkale_vdhankar.txt -f "%U" python2 homework2.py > stulog.txt 2>&1 on tkale #####
##### SUCCESS: /usr/bin/time -o time_14_tkale_vdhankar.txt -f "%U" python2 homework2.py > stulog.txt 2>&1 on tkale #####
##### tkale plays [J b2 d4] in 0.01s #####
##### Running: /usr/lib/jvm/jdk-14.0.1/bin/java -jar /lab/itti/projects/checkers-competition/server/referee.jar on run_14_tkale_vdhankar #####
Move is valid
##### SUCCESS: /usr/lib/jvm/jdk-14.0.1/bin/java -jar /lab/itti/projects/checkers-competition/server/referee.jar on run_14_tkale_vdhankar #####
INPUT for vdhankar:
GAME
BLACK
252.07727766037
.b.b.b.b
b.......
.b.....w
......b.
.w.w....
w.......
.....w..
w.w.....
##### Running: /usr/bin/time -o time_14_tkale_vdhankar.txt -f "%U" python3 homework.py > stulog.txt 2>&1 on vdhankar #####
child exited with value 1
##### ERROR: /usr/bin/time -o time_14_tkale_vdhankar.txt -f "%U" python3 homework.py > stulog.txt 2>&1 on vdhankar #####
##### Output of failed program (stdout + stderr): #####
Traceback (most recent call last):
  File "homework.py", line 546, in <module>
    print(end-start)
NameError: name 'end' is not defined
##### End of output of failed program #####
##### vdhankar plays [E g5 f4] in 23.03364610672s #####
##### Running: /usr/lib/jvm/jdk-14.0.1/bin/java -jar /lab/itti/projects/checkers-competition/server/referee.jar on run_14_tkale_vdhankar #####
Move is valid
##### SUCCESS: /usr/lib/jvm/jdk-14.0.1/bin/java -jar /lab/itti/projects/checkers-competition/server/referee.jar on run_14_tkale_vdhankar #####
INPUT for tkale:
GAME
WHITE
295.57
.b.b.b.b
b.......
.b.....w
........
.w.w.b..
w.......
.....w..
w.w.....
##### Running: /usr/bin/time -o time_14_tkale_vdhankar.txt -f "%U" python2 homework2.py > stulog.txt 2>&1 on tkale #####
##### SUCCESS: /usr/bin/time -o time_14_tkale_vdhankar.txt -f "%U" python2 homework2.py > stulog.txt 2>&1 on tkale #####
##### tkale plays [E c1 d2] in 1.41s #####
##### Running: /usr/lib/jvm/jdk-14.0.1/bin/java -jar /lab/itti/projects/checkers-competition/server/referee.jar on run_14_tkale_vdhankar #####
Move is valid
##### SUCCESS: /usr/lib/jvm/jdk-14.0.1/bin/java -jar /lab/itti/projects/checkers-competition/server/referee.jar on run_14_tkale_vdhankar #####
INPUT for vdhankar:
GAME
BLACK
229.04363155365
.b.b.b.b
b.......
.b.....w
........
.w.w.b..
w.......
...w.w..
w.......
##### Running: /usr/bin/time -o time_14_tkale_vdhankar.txt -f "%U" python3 homework.py > stulog.txt 2>&1 on vdhankar #####
child exited with value 1
##### ERROR: /usr/bin/time -o time_14_tkale_vdhankar.txt -f "%U" python3 homework.py > stulog.txt 2>&1 on vdhankar #####
##### Output of failed program (stdout + stderr): #####
Traceback (most recent call last):
  File "homework.py", line 546, in <module>
    print(end-start)
NameError: name 'end' is not defined
##### End of output of failed program #####
##### vdhankar plays [E f8 e7] in 9.05218505859375s #####
##### Running: /usr/lib/jvm/jdk-14.0.1/bin/java -jar /lab/itti/projects/checkers-competition/server/referee.jar on run_14_tkale_vdhankar #####
Move is valid
##### SUCCESS: /usr/lib/jvm/jdk-14.0.1/bin/java -jar /lab/itti/projects/checkers-competition/server/referee.jar on run_14_tkale_vdhankar #####
INPUT for tkale:
GAME
WHITE
294.16
.b.b...b
b...b...
.b.....w
........
.w.w.b..
w.......
...w.w..
w.......
##### Running: /usr/bin/time -o time_14_tkale_vdhankar.txt -f "%U" python2 homework2.py > stulog.txt 2>&1 on tkale #####
##### SUCCESS: /usr/bin/time -o time_14_tkale_vdhankar.txt -f "%U" python2 homework2.py > stulog.txt 2>&1 on tkale #####
##### tkale plays [E a1 b2] in 0.64s #####
##### Running: /usr/lib/jvm/jdk-14.0.1/bin/java -jar /lab/itti/projects/checkers-competition/server/referee.jar on run_14_tkale_vdhankar #####
Move is valid
##### SUCCESS: /usr/lib/jvm/jdk-14.0.1/bin/java -jar /lab/itti/projects/checkers-competition/server/referee.jar on run_14_tkale_vdhankar #####
INPUT for vdhankar:
GAME
BLACK
219.991446495056
.b.b...b
b...b...
.b.....w
........
.w.w.b..
w.......
.w.w.w..
........
##### Running: /usr/bin/time -o time_14_tkale_vdhankar.txt -f "%U" python3 homework.py > stulog.txt 2>&1 on vdhankar #####
child exited with value 1
##### ERROR: /usr/bin/time -o time_14_tkale_vdhankar.txt -f "%U" python3 homework.py > stulog.txt 2>&1 on vdhankar #####
##### Output of failed program (stdout + stderr): #####
Traceback (most recent call last):
  File "homework.py", line 546, in <module>
    print(end-start)
NameError: name 'end' is not defined
##### End of output of failed program #####
##### vdhankar plays [E h8 g7] in 3.34206795692444s #####
##### Running: /usr/lib/jvm/jdk-14.0.1/bin/java -jar /lab/itti/projects/checkers-competition/server/referee.jar on run_14_tkale_vdhankar #####
Move is valid
##### SUCCESS: /usr/lib/jvm/jdk-14.0.1/bin/java -jar /lab/itti/projects/checkers-competition/server/referee.jar on run_14_tkale_vdhankar #####
INPUT for tkale:
GAME
WHITE
293.52
.b.b....
b...b.b.
.b.....w
........
.w.w.b..
w.......
.w.w.w..
........
##### Running: /usr/bin/time -o time_14_tkale_vdhankar.txt -f "%U" python2 homework2.py > stulog.txt 2>&1 on tkale #####
##### SUCCESS: /usr/bin/time -o time_14_tkale_vdhankar.txt -f "%U" python2 homework2.py > stulog.txt 2>&1 on tkale #####
##### tkale plays [J h6 f8] in 0.01s #####
##### Running: /usr/lib/jvm/jdk-14.0.1/bin/java -jar /lab/itti/projects/checkers-competition/server/referee.jar on run_14_tkale_vdhankar #####
Move is valid
##### SUCCESS: /usr/lib/jvm/jdk-14.0.1/bin/java -jar /lab/itti/projects/checkers-competition/server/referee.jar on run_14_tkale_vdhankar #####
INPUT for vdhankar:
GAME
BLACK
216.649378538132
.b.b.W..
b...b...
.b......
........
.w.w.b..
w.......
.w.w.w..
........
##### Running: /usr/bin/time -o time_14_tkale_vdhankar.txt -f "%U" python3 homework.py > stulog.txt 2>&1 on vdhankar #####
child exited with value 1
##### ERROR: /usr/bin/time -o time_14_tkale_vdhankar.txt -f "%U" python3 homework.py > stulog.txt 2>&1 on vdhankar #####
##### Output of failed program (stdout + stderr): #####
Traceback (most recent call last):
  File "homework.py", line 546, in <module>
    print(end-start)
NameError: name 'end' is not defined
##### End of output of failed program #####
##### vdhankar plays [E d8 c7] in 0.585401058197021s #####
##### Running: /usr/lib/jvm/jdk-14.0.1/bin/java -jar /lab/itti/projects/checkers-competition/server/referee.jar on run_14_tkale_vdhankar #####
Move is valid
##### SUCCESS: /usr/lib/jvm/jdk-14.0.1/bin/java -jar /lab/itti/projects/checkers-competition/server/referee.jar on run_14_tkale_vdhankar #####
INPUT for tkale:
GAME
WHITE
293.51
.b...W..
b.b.b...
.b......
........
.w.w.b..
w.......
.w.w.w..
........
##### Running: /usr/bin/time -o time_14_tkale_vdhankar.txt -f "%U" python2 homework2.py > stulog.txt 2>&1 on tkale #####
##### SUCCESS: /usr/bin/time -o time_14_tkale_vdhankar.txt -f "%U" python2 homework2.py > stulog.txt 2>&1 on tkale #####
##### tkale plays [J f8 d6] in 0.01s #####
##### Running: /usr/lib/jvm/jdk-14.0.1/bin/java -jar /lab/itti/projects/checkers-competition/server/referee.jar on run_14_tkale_vdhankar #####
Move is valid
##### SUCCESS: /usr/lib/jvm/jdk-14.0.1/bin/java -jar /lab/itti/projects/checkers-competition/server/referee.jar on run_14_tkale_vdhankar #####
INPUT for vdhankar:
GAME
BLACK
216.063977479935
.b......
b.b.....
.b.W....
........
.w.w.b..
w.......
.w.w.w..
........
##### Running: /usr/bin/time -o time_14_tkale_vdhankar.txt -f "%U" python3 homework.py > stulog.txt 2>&1 on vdhankar #####
child exited with value 1
##### ERROR: /usr/bin/time -o time_14_tkale_vdhankar.txt -f "%U" python3 homework.py > stulog.txt 2>&1 on vdhankar #####
##### Output of failed program (stdout + stderr): #####
Traceback (most recent call last):
  File "homework.py", line 546, in <module>
    print(end-start)
NameError: name 'end' is not defined
##### End of output of failed program #####
##### vdhankar plays [J c7 e5 ; J e5 c3 ; J c3 e1] in 0.501620054244995s #####
##### Running: /usr/lib/jvm/jdk-14.0.1/bin/java -jar /lab/itti/projects/checkers-competition/server/referee.jar on run_14_tkale_vdhankar #####
Move is valid
##### SUCCESS: /usr/lib/jvm/jdk-14.0.1/bin/java -jar /lab/itti/projects/checkers-competition/server/referee.jar on run_14_tkale_vdhankar #####
INPUT for tkale:
GAME
WHITE
293.5
.b......
b.......
.b......
........
.w...b..
w.......
.w...w..
....B...
##### Running: /usr/bin/time -o time_14_tkale_vdhankar.txt -f "%U" python2 homework2.py > stulog.txt 2>&1 on tkale #####
##### SUCCESS: /usr/bin/time -o time_14_tkale_vdhankar.txt -f "%U" python2 homework2.py > stulog.txt 2>&1 on tkale #####
##### tkale plays [E f2 g3] in 0.04s #####
##### Running: /usr/lib/jvm/jdk-14.0.1/bin/java -jar /lab/itti/projects/checkers-competition/server/referee.jar on run_14_tkale_vdhankar #####
Move is valid
##### SUCCESS: /usr/lib/jvm/jdk-14.0.1/bin/java -jar /lab/itti/projects/checkers-competition/server/referee.jar on run_14_tkale_vdhankar #####
INPUT for vdhankar:
GAME
BLACK
215.56235742569
.b......
b.......
.b......
........
.w...b..
w.....w.
.w......
....B...
##### Running: /usr/bin/time -o time_14_tkale_vdhankar.txt -f "%U" python3 homework.py > stulog.txt 2>&1 on vdhankar #####
child exited with value 1
##### ERROR: /usr/bin/time -o time_14_tkale_vdhankar.txt -f "%U" python3 homework.py > stulog.txt 2>&1 on vdhankar #####
##### Output of failed program (stdout + stderr): #####
Traceback (most recent call last):
  File "homework.py", line 546, in <module>
    print(end-start)
NameError: name 'end' is not defined
##### End of output of failed program #####
##### vdhankar plays [J f4 h2] in 0.355017900466919s #####
##### Running: /usr/lib/jvm/jdk-14.0.1/bin/java -jar /lab/itti/projects/checkers-competition/server/referee.jar on run_14_tkale_vdhankar #####
Move is valid
##### SUCCESS: /usr/lib/jvm/jdk-14.0.1/bin/java -jar /lab/itti/projects/checkers-competition/server/referee.jar on run_14_tkale_vdhankar #####
INPUT for tkale:
GAME
WHITE
293.46
.b......
b.......
.b......
........
.w......
w.......
.w.....b
....B...
##### Running: /usr/bin/time -o time_14_tkale_vdhankar.txt -f "%U" python2 homework2.py > stulog.txt 2>&1 on tkale #####
##### SUCCESS: /usr/bin/time -o time_14_tkale_vdhankar.txt -f "%U" python2 homework2.py > stulog.txt 2>&1 on tkale #####
##### tkale plays [E b2 c3] in 0.06s #####
##### Running: /usr/lib/jvm/jdk-14.0.1/bin/java -jar /lab/itti/projects/checkers-competition/server/referee.jar on run_14_tkale_vdhankar #####
Move is valid
##### SUCCESS: /usr/lib/jvm/jdk-14.0.1/bin/java -jar /lab/itti/projects/checkers-competition/server/referee.jar on run_14_tkale_vdhankar #####
INPUT for vdhankar:
GAME
BLACK
215.207339525223
.b......
b.......
.b......
........
.w......
w.w.....
.......b
....B...
##### Running: /usr/bin/time -o time_14_tkale_vdhankar.txt -f "%U" python3 homework.py > stulog.txt 2>&1 on vdhankar #####
child exited with value 1
##### ERROR: /usr/bin/time -o time_14_tkale_vdhankar.txt -f "%U" python3 homework.py > stulog.txt 2>&1 on vdhankar #####
##### Output of failed program (stdout + stderr): #####
Traceback (most recent call last):
  File "homework.py", line 546, in <module>
    print(end-start)
NameError: name 'end' is not defined
##### End of output of failed program #####
##### vdhankar plays [E h2 g1] in 0.915364980697632s #####
##### Running: /usr/lib/jvm/jdk-14.0.1/bin/java -jar /lab/itti/projects/checkers-competition/server/referee.jar on run_14_tkale_vdhankar #####
Move is valid
##### SUCCESS: /usr/lib/jvm/jdk-14.0.1/bin/java -jar /lab/itti/projects/checkers-competition/server/referee.jar on run_14_tkale_vdhankar #####
INPUT for tkale:
GAME
WHITE
293.4
.b......
b.......
.b......
........
.w......
w.w.....
........
....B.B.
##### Running: /usr/bin/time -o time_14_tkale_vdhankar.txt -f "%U" python2 homework2.py > stulog.txt 2>&1 on tkale #####
##### SUCCESS: /usr/bin/time -o time_14_tkale_vdhankar.txt -f "%U" python2 homework2.py > stulog.txt 2>&1 on tkale #####
##### tkale plays [E c3 d4] in 0.13s #####
##### Running: /usr/lib/jvm/jdk-14.0.1/bin/java -jar /lab/itti/projects/checkers-competition/server/referee.jar on run_14_tkale_vdhankar #####
Move is valid
##### SUCCESS: /usr/lib/jvm/jdk-14.0.1/bin/java -jar /lab/itti/projects/checkers-competition/server/referee.jar on run_14_tkale_vdhankar #####
INPUT for vdhankar:
GAME
BLACK
214.291974544525
.b......
b.......
.b......
........
.w.w....
w.......
........
....B.B.
##### Running: /usr/bin/time -o time_14_tkale_vdhankar.txt -f "%U" python3 homework.py > stulog.txt 2>&1 on vdhankar #####
child exited with value 1
##### ERROR: /usr/bin/time -o time_14_tkale_vdhankar.txt -f "%U" python3 homework.py > stulog.txt 2>&1 on vdhankar #####
##### Output of failed program (stdout + stderr): #####
Traceback (most recent call last):
  File "homework.py", line 546, in <module>
    print(end-start)
NameError: name 'end' is not defined
##### End of output of failed program #####
##### vdhankar plays [E b6 a5] in 0.722212076187134s #####
##### Running: /usr/lib/jvm/jdk-14.0.1/bin/java -jar /lab/itti/projects/checkers-competition/server/referee.jar on run_14_tkale_vdhankar #####
Move is valid
##### SUCCESS: /usr/lib/jvm/jdk-14.0.1/bin/java -jar /lab/itti/projects/checkers-competition/server/referee.jar on run_14_tkale_vdhankar #####
INPUT for tkale:
GAME
WHITE
293.27
.b......
b.......
........
b.......
.w.w....
w.......
........
....B.B.
##### Running: /usr/bin/time -o time_14_tkale_vdhankar.txt -f "%U" python2 homework2.py > stulog.txt 2>&1 on tkale #####
##### SUCCESS: /usr/bin/time -o time_14_tkale_vdhankar.txt -f "%U" python2 homework2.py > stulog.txt 2>&1 on tkale #####
##### tkale plays [E b4 c5] in 0.12s #####
##### Running: /usr/lib/jvm/jdk-14.0.1/bin/java -jar /lab/itti/projects/checkers-competition/server/referee.jar on run_14_tkale_vdhankar #####
Move is valid
##### SUCCESS: /usr/lib/jvm/jdk-14.0.1/bin/java -jar /lab/itti/projects/checkers-competition/server/referee.jar on run_14_tkale_vdhankar #####
INPUT for vdhankar:
GAME
BLACK
213.569762468338
.b......
b.......
........
b.w.....
...w....
w.......
........
....B.B.
##### Running: /usr/bin/time -o time_14_tkale_vdhankar.txt -f "%U" python3 homework.py > stulog.txt 2>&1 on vdhankar #####
child exited with value 1
##### ERROR: /usr/bin/time -o time_14_tkale_vdhankar.txt -f "%U" python3 homework.py > stulog.txt 2>&1 on vdhankar #####
##### Output of failed program (stdout + stderr): #####
Traceback (most recent call last):
  File "homework.py", line 546, in <module>
    print(end-start)
NameError: name 'end' is not defined
##### End of output of failed program #####
##### vdhankar plays [E g1 f2] in 1.21309018135071s #####
##### Running: /usr/lib/jvm/jdk-14.0.1/bin/java -jar /lab/itti/projects/checkers-competition/server/referee.jar on run_14_tkale_vdhankar #####
Move is valid
##### SUCCESS: /usr/lib/jvm/jdk-14.0.1/bin/java -jar /lab/itti/projects/checkers-competition/server/referee.jar on run_14_tkale_vdhankar #####
INPUT for tkale:
GAME
WHITE
293.15
.b......
b.......
........
b.w.....
...w....
w.......
.....B..
....B...
##### Running: /usr/bin/time -o time_14_tkale_vdhankar.txt -f "%U" python2 homework2.py > stulog.txt 2>&1 on tkale #####
child exited with value 1
##### ERROR: /usr/bin/time -o time_14_tkale_vdhankar.txt -f "%U" python2 homework2.py > stulog.txt 2>&1 on tkale #####
##### Output of failed program (stdout + stderr): #####
Traceback (most recent call last):
  File "homework2.py", line 509, in <module>
    final_move = playGame(matrix,color)
  File "homework2.py", line 451, in playGame
    same_value_moves.append(move)
UnboundLocalError: local variable 'same_value_moves' referenced before assignment
##### End of output of failed program #####
##### tkale plays [] in 0.0301930904388428s #####
##### Running: /usr/lib/jvm/jdk-14.0.1/bin/java -jar /lab/itti/projects/checkers-competition/server/referee.jar on run_14_tkale_vdhankar #####
Move is not valid
##### SUCCESS: /usr/lib/jvm/jdk-14.0.1/bin/java -jar /lab/itti/projects/checkers-competition/server/referee.jar on run_14_tkale_vdhankar #####
##### GAME OVER: tkale loses because of illegal move [] #####
Server said: FAIL
########## ROUND 14 GAMESCORE AFTER GAME 3: tkale=0 and vdhankar=3 ##########
#################### ROUND 14: tkale (B) vs vdhankar (W): game 4 ####################
##### game start! #####
INPUT for tkale:
GAME
BLACK
300
.b.b.b.b
b.b.b.b.
.b.b.b.b
........
........
w.w.w.w.
.w.w.w.w
w.w.w.w.
##### Running: /usr/bin/time -o time_14_tkale_vdhankar.txt -f "%U" python2 homework2.py > stulog.txt 2>&1 on tkale #####
##### SUCCESS: /usr/bin/time -o time_14_tkale_vdhankar.txt -f "%U" python2 homework2.py > stulog.txt 2>&1 on tkale #####
##### tkale plays [E h6 g5] in 0.46s #####
##### Running: /usr/lib/jvm/jdk-14.0.1/bin/java -jar /lab/itti/projects/checkers-competition/server/referee.jar on run_14_tkale_vdhankar #####
Move is valid
Couldn't read file 'current_ply.txt'
Couldn't read content from file 'current_ply.txt'
Couldn't read file 'lastmatchange_ply.txt'
Couldn't read content from file 'lastmatchange_ply.txt'
##### SUCCESS: /usr/lib/jvm/jdk-14.0.1/bin/java -jar /lab/itti/projects/checkers-competition/server/referee.jar on run_14_tkale_vdhankar #####
INPUT for vdhankar:
GAME
WHITE
300
.b.b.b.b
b.b.b.b.
.b.b.b..
......b.
........
w.w.w.w.
.w.w.w.w
w.w.w.w.
##### Running: /usr/bin/time -o time_14_tkale_vdhankar.txt -f "%U" python3 homework.py > stulog.txt 2>&1 on vdhankar #####
child exited with value 1
##### ERROR: /usr/bin/time -o time_14_tkale_vdhankar.txt -f "%U" python3 homework.py > stulog.txt 2>&1 on vdhankar #####
##### Output of failed program (stdout + stderr): #####
Traceback (most recent call last):
  File "homework.py", line 546, in <module>
    print(end-start)
NameError: name 'end' is not defined
##### End of output of failed program #####
##### vdhankar plays [E g3 h4] in 8.38280606269836s #####
##### Running: /usr/lib/jvm/jdk-14.0.1/bin/java -jar /lab/itti/projects/checkers-competition/server/referee.jar on run_14_tkale_vdhankar #####
Move is valid
##### SUCCESS: /usr/lib/jvm/jdk-14.0.1/bin/java -jar /lab/itti/projects/checkers-competition/server/referee.jar on run_14_tkale_vdhankar #####
INPUT for tkale:
GAME
BLACK
299.54
.b.b.b.b
b.b.b.b.
.b.b.b..
......b.
.......w
w.w.w...
.w.w.w.w
w.w.w.w.
##### Running: /usr/bin/time -o time_14_tkale_vdhankar.txt -f "%U" python2 homework2.py > stulog.txt 2>&1 on tkale #####
##### SUCCESS: /usr/bin/time -o time_14_tkale_vdhankar.txt -f "%U" python2 homework2.py > stulog.txt 2>&1 on tkale #####
##### tkale plays [E g5 f4] in 0.36s #####
##### Running: /usr/lib/jvm/jdk-14.0.1/bin/java -jar /lab/itti/projects/checkers-competition/server/referee.jar on run_14_tkale_vdhankar #####
Move is valid
##### SUCCESS: /usr/lib/jvm/jdk-14.0.1/bin/java -jar /lab/itti/projects/checkers-competition/server/referee.jar on run_14_tkale_vdhankar #####
INPUT for vdhankar:
GAME
WHITE
291.617193937302
.b.b.b.b
b.b.b.b.
.b.b.b..
........
.....b.w
w.w.w...
.w.w.w.w
w.w.w.w.
##### Running: /usr/bin/time -o time_14_tkale_vdhankar.txt -f "%U" python3 homework.py > stulog.txt 2>&1 on vdhankar #####
child exited with value 1
##### ERROR: /usr/bin/time -o time_14_tkale_vdhankar.txt -f "%U" python3 homework.py > stulog.txt 2>&1 on vdhankar #####
##### Output of failed program (stdout + stderr): #####
Traceback (most recent call last):
  File "homework.py", line 546, in <module>
    print(end-start)
NameError: name 'end' is not defined
##### End of output of failed program #####
##### vdhankar plays [J e3 g5] in 4.49828100204468s #####
##### Running: /usr/lib/jvm/jdk-14.0.1/bin/java -jar /lab/itti/projects/checkers-competition/server/referee.jar on run_14_tkale_vdhankar #####
Move is valid
##### SUCCESS: /usr/lib/jvm/jdk-14.0.1/bin/java -jar /lab/itti/projects/checkers-competition/server/referee.jar on run_14_tkale_vdhankar #####
INPUT for tkale:
GAME
BLACK
299.18
.b.b.b.b
b.b.b.b.
.b.b.b..
......w.
.......w
w.w.....
.w.w.w.w
w.w.w.w.
##### Running: /usr/bin/time -o time_14_tkale_vdhankar.txt -f "%U" python2 homework2.py > stulog.txt 2>&1 on tkale #####
##### SUCCESS: /usr/bin/time -o time_14_tkale_vdhankar.txt -f "%U" python2 homework2.py > stulog.txt 2>&1 on tkale #####
##### tkale plays [E g7 h6] in 0.46s #####
##### Running: /usr/lib/jvm/jdk-14.0.1/bin/java -jar /lab/itti/projects/checkers-competition/server/referee.jar on run_14_tkale_vdhankar #####
Move is valid
##### SUCCESS: /usr/lib/jvm/jdk-14.0.1/bin/java -jar /lab/itti/projects/checkers-competition/server/referee.jar on run_14_tkale_vdhankar #####
INPUT for vdhankar:
GAME
WHITE
287.118912935257
.b.b.b.b
b.b.b...
.b.b.b.b
......w.
.......w
w.w.....
.w.w.w.w
w.w.w.w.
##### Running: /usr/bin/time -o time_14_tkale_vdhankar.txt -f "%U" python3 homework.py > stulog.txt 2>&1 on vdhankar #####
child exited with value 1
##### ERROR: /usr/bin/time -o time_14_tkale_vdhankar.txt -f "%U" python3 homework.py > stulog.txt 2>&1 on vdhankar #####
##### Output of failed program (stdout + stderr): #####
Traceback (most recent call last):
  File "homework.py", line 546, in <module>
    print(end-start)
NameError: name 'end' is not defined
##### End of output of failed program #####
##### vdhankar plays [E f2 g3] in 2.72478413581848s #####
##### Running: /usr/lib/jvm/jdk-14.0.1/bin/java -jar /lab/itti/projects/checkers-competition/server/referee.jar on run_14_tkale_vdhankar #####
Move is valid
##### SUCCESS: /usr/lib/jvm/jdk-14.0.1/bin/java -jar /lab/itti/projects/checkers-competition/server/referee.jar on run_14_tkale_vdhankar #####
INPUT for tkale:
GAME
BLACK
298.72
.b.b.b.b
b.b.b...
.b.b.b.b
......w.
.......w
w.w...w.
.w.w...w
w.w.w.w.
##### Running: /usr/bin/time -o time_14_tkale_vdhankar.txt -f "%U" python2 homework2.py > stulog.txt 2>&1 on tkale #####
##### SUCCESS: /usr/bin/time -o time_14_tkale_vdhankar.txt -f "%U" python2 homework2.py > stulog.txt 2>&1 on tkale #####
##### tkale plays [J h6 f4] in 0.02s #####
##### Running: /usr/lib/jvm/jdk-14.0.1/bin/java -jar /lab/itti/projects/checkers-competition/server/referee.jar on run_14_tkale_vdhankar #####
Move is valid
##### SUCCESS: /usr/lib/jvm/jdk-14.0.1/bin/java -jar /lab/itti/projects/checkers-competition/server/referee.jar on run_14_tkale_vdhankar #####
INPUT for vdhankar:
GAME
WHITE
284.394128799438
.b.b.b.b
b.b.b...
.b.b.b..
........
.....b.w
w.w...w.
.w.w...w
w.w.w.w.
##### Running: /usr/bin/time -o time_14_tkale_vdhankar.txt -f "%U" python3 homework.py > stulog.txt 2>&1 on vdhankar #####
child exited with value 1
##### ERROR: /usr/bin/time -o time_14_tkale_vdhankar.txt -f "%U" python3 homework.py > stulog.txt 2>&1 on vdhankar #####
##### Output of failed program (stdout + stderr): #####
Traceback (most recent call last):
  File "homework.py", line 546, in <module>
    print(end-start)
NameError: name 'end' is not defined
##### End of output of failed program #####
##### vdhankar plays [J g3 e5 ; J e5 g7] in 3.93981194496155s #####
##### Running: /usr/lib/jvm/jdk-14.0.1/bin/java -jar /lab/itti/projects/checkers-competition/server/referee.jar on run_14_tkale_vdhankar #####
Move is valid
##### SUCCESS: /usr/lib/jvm/jdk-14.0.1/bin/java -jar /lab/itti/projects/checkers-competition/server/referee.jar on run_14_tkale_vdhankar #####
INPUT for tkale:
GAME
BLACK
298.7
.b.b.b.b
b.b.b.w.
.b.b....
........
.......w
w.w.....
.w.w...w
w.w.w.w.
##### Running: /usr/bin/time -o time_14_tkale_vdhankar.txt -f "%U" python2 homework2.py > stulog.txt 2>&1 on tkale #####
##### SUCCESS: /usr/bin/time -o time_14_tkale_vdhankar.txt -f "%U" python2 homework2.py > stulog.txt 2>&1 on tkale #####
##### tkale plays [J h8 f6] in 0.2s #####
##### Running: /usr/lib/jvm/jdk-14.0.1/bin/java -jar /lab/itti/projects/checkers-competition/server/referee.jar on run_14_tkale_vdhankar #####
Move is valid
##### SUCCESS: /usr/lib/jvm/jdk-14.0.1/bin/java -jar /lab/itti/projects/checkers-competition/server/referee.jar on run_14_tkale_vdhankar #####
INPUT for vdhankar:
GAME
WHITE
280.454316854477
.b.b.b..
b.b.b...
.b.b.b..
........
.......w
w.w.....
.w.w...w
w.w.w.w.
##### Running: /usr/bin/time -o time_14_tkale_vdhankar.txt -f "%U" python3 homework.py > stulog.txt 2>&1 on vdhankar #####
child exited with value 1
##### ERROR: /usr/bin/time -o time_14_tkale_vdhankar.txt -f "%U" python3 homework.py > stulog.txt 2>&1 on vdhankar #####
##### Output of failed program (stdout + stderr): #####
Traceback (most recent call last):
  File "homework.py", line 546, in <module>
    print(end-start)
NameError: name 'end' is not defined
##### End of output of failed program #####
##### vdhankar plays [E g1 f2] in 25.2370839118958s #####
##### Running: /usr/lib/jvm/jdk-14.0.1/bin/java -jar /lab/itti/projects/checkers-competition/server/referee.jar on run_14_tkale_vdhankar #####
Move is valid
##### SUCCESS: /usr/lib/jvm/jdk-14.0.1/bin/java -jar /lab/itti/projects/checkers-competition/server/referee.jar on run_14_tkale_vdhankar #####
INPUT for tkale:
GAME
BLACK
298.5
.b.b.b..
b.b.b...
.b.b.b..
........
.......w
w.w.....
.w.w.w.w
w.w.w...
##### Running: /usr/bin/time -o time_14_tkale_vdhankar.txt -f "%U" python2 homework2.py > stulog.txt 2>&1 on tkale #####
##### SUCCESS: /usr/bin/time -o time_14_tkale_vdhankar.txt -f "%U" python2 homework2.py > stulog.txt 2>&1 on tkale #####
##### tkale plays [E f6 g5] in 0.46s #####
##### Running: /usr/lib/jvm/jdk-14.0.1/bin/java -jar /lab/itti/projects/checkers-competition/server/referee.jar on run_14_tkale_vdhankar #####
Move is valid
##### SUCCESS: /usr/lib/jvm/jdk-14.0.1/bin/java -jar /lab/itti/projects/checkers-competition/server/referee.jar on run_14_tkale_vdhankar #####
INPUT for vdhankar:
GAME
WHITE
255.217232942581
.b.b.b..
b.b.b...
.b.b....
......b.
.......w
w.w.....
.w.w.w.w
w.w.w...
##### Running: /usr/bin/time -o time_14_tkale_vdhankar.txt -f "%U" python3 homework.py > stulog.txt 2>&1 on vdhankar #####
child exited with value 1
##### ERROR: /usr/bin/time -o time_14_tkale_vdhankar.txt -f "%U" python3 homework.py > stulog.txt 2>&1 on vdhankar #####
##### Output of failed program (stdout + stderr): #####
Traceback (most recent call last):
  File "homework.py", line 546, in <module>
    print(end-start)
NameError: name 'end' is not defined
##### End of output of failed program #####
##### vdhankar plays [J h4 f6] in 3.33583688735962s #####
##### Running: /usr/lib/jvm/jdk-14.0.1/bin/java -jar /lab/itti/projects/checkers-competition/server/referee.jar on run_14_tkale_vdhankar #####
Move is valid
##### SUCCESS: /usr/lib/jvm/jdk-14.0.1/bin/java -jar /lab/itti/projects/checkers-competition/server/referee.jar on run_14_tkale_vdhankar #####
INPUT for tkale:
GAME
BLACK
298.04
.b.b.b..
b.b.b...
.b.b.w..
........
........
w.w.....
.w.w.w.w
w.w.w...
##### Running: /usr/bin/time -o time_14_tkale_vdhankar.txt -f "%U" python2 homework2.py > stulog.txt 2>&1 on tkale #####
##### SUCCESS: /usr/bin/time -o time_14_tkale_vdhankar.txt -f "%U" python2 homework2.py > stulog.txt 2>&1 on tkale #####
##### tkale plays [J e7 g5] in 0.01s #####
##### Running: /usr/lib/jvm/jdk-14.0.1/bin/java -jar /lab/itti/projects/checkers-competition/server/referee.jar on run_14_tkale_vdhankar #####
Move is valid
##### SUCCESS: /usr/lib/jvm/jdk-14.0.1/bin/java -jar /lab/itti/projects/checkers-competition/server/referee.jar on run_14_tkale_vdhankar #####
INPUT for vdhankar:
GAME
WHITE
251.881396055222
.b.b.b..
b.b.....
.b.b....
......b.
........
w.w.....
.w.w.w.w
w.w.w...
##### Running: /usr/bin/time -o time_14_tkale_vdhankar.txt -f "%U" python3 homework.py > stulog.txt 2>&1 on vdhankar #####
child exited with value 1
##### ERROR: /usr/bin/time -o time_14_tkale_vdhankar.txt -f "%U" python3 homework.py > stulog.txt 2>&1 on vdhankar #####
##### Output of failed program (stdout + stderr): #####
Traceback (most recent call last):
  File "homework.py", line 546, in <module>
    print(end-start)
NameError: name 'end' is not defined
##### End of output of failed program #####
##### vdhankar plays [E h2 g3] in 34.5692610740662s #####
##### Running: /usr/lib/jvm/jdk-14.0.1/bin/java -jar /lab/itti/projects/checkers-competition/server/referee.jar on run_14_tkale_vdhankar #####
Move is valid
##### SUCCESS: /usr/lib/jvm/jdk-14.0.1/bin/java -jar /lab/itti/projects/checkers-competition/server/referee.jar on run_14_tkale_vdhankar #####
INPUT for tkale:
GAME
BLACK
298.03
.b.b.b..
b.b.....
.b.b....
......b.
........
w.w...w.
.w.w.w..
w.w.w...
##### Running: /usr/bin/time -o time_14_tkale_vdhankar.txt -f "%U" python2 homework2.py > stulog.txt 2>&1 on tkale #####
##### SUCCESS: /usr/bin/time -o time_14_tkale_vdhankar.txt -f "%U" python2 homework2.py > stulog.txt 2>&1 on tkale #####
##### tkale plays [E g5 h4] in 0.96s #####
##### Running: /usr/lib/jvm/jdk-14.0.1/bin/java -jar /lab/itti/projects/checkers-competition/server/referee.jar on run_14_tkale_vdhankar #####
Move is valid
##### SUCCESS: /usr/lib/jvm/jdk-14.0.1/bin/java -jar /lab/itti/projects/checkers-competition/server/referee.jar on run_14_tkale_vdhankar #####
INPUT for vdhankar:
GAME
WHITE
217.312134981155
.b.b.b..
b.b.....
.b.b....
........
.......b
w.w...w.
.w.w.w..
w.w.w...
##### Running: /usr/bin/time -o time_14_tkale_vdhankar.txt -f "%U" python3 homework.py > stulog.txt 2>&1 on vdhankar #####
child exited with value 1
##### ERROR: /usr/bin/time -o time_14_tkale_vdhankar.txt -f "%U" python3 homework.py > stulog.txt 2>&1 on vdhankar #####
##### Output of failed program (stdout + stderr): #####
Traceback (most recent call last):
  File "homework.py", line 546, in <module>
    print(end-start)
NameError: name 'end' is not defined
##### End of output of failed program #####
##### vdhankar plays [E d2 e3] in 13.3420209884644s #####
##### Running: /usr/lib/jvm/jdk-14.0.1/bin/java -jar /lab/itti/projects/checkers-competition/server/referee.jar on run_14_tkale_vdhankar #####
Move is valid
##### SUCCESS: /usr/lib/jvm/jdk-14.0.1/bin/java -jar /lab/itti/projects/checkers-competition/server/referee.jar on run_14_tkale_vdhankar #####
INPUT for tkale:
GAME
BLACK
297.07
.b.b.b..
b.b.....
.b.b....
........
.......b
w.w.w.w.
.w...w..
w.w.w...
##### Running: /usr/bin/time -o time_14_tkale_vdhankar.txt -f "%U" python2 homework2.py > stulog.txt 2>&1 on tkale #####
##### SUCCESS: /usr/bin/time -o time_14_tkale_vdhankar.txt -f "%U" python2 homework2.py > stulog.txt 2>&1 on tkale #####
##### tkale plays [E d6 e5] in 0.51s #####
##### Running: /usr/lib/jvm/jdk-14.0.1/bin/java -jar /lab/itti/projects/checkers-competition/server/referee.jar on run_14_tkale_vdhankar #####
Move is valid
##### SUCCESS: /usr/lib/jvm/jdk-14.0.1/bin/java -jar /lab/itti/projects/checkers-competition/server/referee.jar on run_14_tkale_vdhankar #####
INPUT for vdhankar:
GAME
WHITE
203.970113992691
.b.b.b..
b.b.....
.b......
....b...
.......b
w.w.w.w.
.w...w..
w.w.w...
##### Running: /usr/bin/time -o time_14_tkale_vdhankar.txt -f "%U" python3 homework.py > stulog.txt 2>&1 on vdhankar #####
child exited with value 1
##### ERROR: /usr/bin/time -o time_14_tkale_vdhankar.txt -f "%U" python3 homework.py > stulog.txt 2>&1 on vdhankar #####
##### Output of failed program (stdout + stderr): #####
Traceback (most recent call last):
  File "homework.py", line 546, in <module>
    print(end-start)
NameError: name 'end' is not defined
##### End of output of failed program #####
##### vdhankar plays [E c3 d4] in 4.89131903648376s #####
##### Running: /usr/lib/jvm/jdk-14.0.1/bin/java -jar /lab/itti/projects/checkers-competition/server/referee.jar on run_14_tkale_vdhankar #####
Move is valid
##### SUCCESS: /usr/lib/jvm/jdk-14.0.1/bin/java -jar /lab/itti/projects/checkers-competition/server/referee.jar on run_14_tkale_vdhankar #####
INPUT for tkale:
GAME
BLACK
296.56
.b.b.b..
b.b.....
.b......
....b...
...w...b
w...w.w.
.w...w..
w.w.w...
##### Running: /usr/bin/time -o time_14_tkale_vdhankar.txt -f "%U" python2 homework2.py > stulog.txt 2>&1 on tkale #####
##### SUCCESS: /usr/bin/time -o time_14_tkale_vdhankar.txt -f "%U" python2 homework2.py > stulog.txt 2>&1 on tkale #####
##### tkale plays [J e5 c3] in 0.02s #####
##### Running: /usr/lib/jvm/jdk-14.0.1/bin/java -jar /lab/itti/projects/checkers-competition/server/referee.jar on run_14_tkale_vdhankar #####
Move is valid
##### SUCCESS: /usr/lib/jvm/jdk-14.0.1/bin/java -jar /lab/itti/projects/checkers-competition/server/referee.jar on run_14_tkale_vdhankar #####
INPUT for vdhankar:
GAME
WHITE
199.078794956207
.b.b.b..
b.b.....
.b......
........
.......b
w.b.w.w.
.w...w..
w.w.w...
##### Running: /usr/bin/time -o time_14_tkale_vdhankar.txt -f "%U" python3 homework.py > stulog.txt 2>&1 on vdhankar #####
child exited with value 1
##### ERROR: /usr/bin/time -o time_14_tkale_vdhankar.txt -f "%U" python3 homework.py > stulog.txt 2>&1 on vdhankar #####
##### Output of failed program (stdout + stderr): #####
Traceback (most recent call last):
  File "homework.py", line 546, in <module>
    print(end-start)
NameError: name 'end' is not defined
##### End of output of failed program #####
##### vdhankar plays [J b2 d4] in 3.2385048866272s #####
##### Running: /usr/lib/jvm/jdk-14.0.1/bin/java -jar /lab/itti/projects/checkers-competition/server/referee.jar on run_14_tkale_vdhankar #####
Move is valid
##### SUCCESS: /usr/lib/jvm/jdk-14.0.1/bin/java -jar /lab/itti/projects/checkers-competition/server/referee.jar on run_14_tkale_vdhankar #####
INPUT for tkale:
GAME
BLACK
296.54
.b.b.b..
b.b.....
.b......
........
...w...b
w...w.w.
.....w..
w.w.w...
##### Running: /usr/bin/time -o time_14_tkale_vdhankar.txt -f "%U" python2 homework2.py > stulog.txt 2>&1 on tkale #####
##### SUCCESS: /usr/bin/time -o time_14_tkale_vdhankar.txt -f "%U" python2 homework2.py > stulog.txt 2>&1 on tkale #####
##### tkale plays [E b6 c5] in 0.58s #####
##### Running: /usr/lib/jvm/jdk-14.0.1/bin/java -jar /lab/itti/projects/checkers-competition/server/referee.jar on run_14_tkale_vdhankar #####
Move is valid
##### SUCCESS: /usr/lib/jvm/jdk-14.0.1/bin/java -jar /lab/itti/projects/checkers-competition/server/referee.jar on run_14_tkale_vdhankar #####
INPUT for vdhankar:
GAME
WHITE
195.84029006958
.b.b.b..
b.b.....
........
..b.....
...w...b
w...w.w.
.....w..
w.w.w...
##### Running: /usr/bin/time -o time_14_tkale_vdhankar.txt -f "%U" python3 homework.py > stulog.txt 2>&1 on vdhankar #####
child exited with value 1
##### ERROR: /usr/bin/time -o time_14_tkale_vdhankar.txt -f "%U" python3 homework.py > stulog.txt 2>&1 on vdhankar #####
##### Output of failed program (stdout + stderr): #####
Traceback (most recent call last):
  File "homework.py", line 546, in <module>
    print(end-start)
NameError: name 'end' is not defined
##### End of output of failed program #####
##### vdhankar plays [J d4 b6] in 1.7037889957428s #####
##### Running: /usr/lib/jvm/jdk-14.0.1/bin/java -jar /lab/itti/projects/checkers-competition/server/referee.jar on run_14_tkale_vdhankar #####
Move is valid
##### SUCCESS: /usr/lib/jvm/jdk-14.0.1/bin/java -jar /lab/itti/projects/checkers-competition/server/referee.jar on run_14_tkale_vdhankar #####
INPUT for tkale:
GAME
BLACK
295.96
.b.b.b..
b.b.....
.w......
........
.......b
w...w.w.
.....w..
w.w.w...
##### Running: /usr/bin/time -o time_14_tkale_vdhankar.txt -f "%U" python2 homework2.py > stulog.txt 2>&1 on tkale #####
##### SUCCESS: /usr/bin/time -o time_14_tkale_vdhankar.txt -f "%U" python2 homework2.py > stulog.txt 2>&1 on tkale #####
##### tkale plays [J a7 c5] in 0.17s #####
##### Running: /usr/lib/jvm/jdk-14.0.1/bin/java -jar /lab/itti/projects/checkers-competition/server/referee.jar on run_14_tkale_vdhankar #####
Move is valid
##### SUCCESS: /usr/lib/jvm/jdk-14.0.1/bin/java -jar /lab/itti/projects/checkers-competition/server/referee.jar on run_14_tkale_vdhankar #####
INPUT for vdhankar:
GAME
WHITE
194.136501073837
.b.b.b..
..b.....
........
..b.....
.......b
w...w.w.
.....w..
w.w.w...
##### Running: /usr/bin/time -o time_14_tkale_vdhankar.txt -f "%U" python3 homework.py > stulog.txt 2>&1 on vdhankar #####
child exited with value 1
##### ERROR: /usr/bin/time -o time_14_tkale_vdhankar.txt -f "%U" python3 homework.py > stulog.txt 2>&1 on vdhankar #####
##### Output of failed program (stdout + stderr): #####
Traceback (most recent call last):
  File "homework.py", line 546, in <module>
    print(end-start)
NameError: name 'end' is not defined
##### End of output of failed program #####
##### vdhankar plays [E e1 d2] in 15.761608839035s #####
##### Running: /usr/lib/jvm/jdk-14.0.1/bin/java -jar /lab/itti/projects/checkers-competition/server/referee.jar on run_14_tkale_vdhankar #####
Move is valid
##### SUCCESS: /usr/lib/jvm/jdk-14.0.1/bin/java -jar /lab/itti/projects/checkers-competition/server/referee.jar on run_14_tkale_vdhankar #####
INPUT for tkale:
GAME
BLACK
295.79
.b.b.b..
..b.....
........
..b.....
.......b
w...w.w.
...w.w..
w.w.....
##### Running: /usr/bin/time -o time_14_tkale_vdhankar.txt -f "%U" python2 homework2.py > stulog.txt 2>&1 on tkale #####
##### SUCCESS: /usr/bin/time -o time_14_tkale_vdhankar.txt -f "%U" python2 homework2.py > stulog.txt 2>&1 on tkale #####
##### tkale plays [E c5 d4] in 0.66s #####
##### Running: /usr/lib/jvm/jdk-14.0.1/bin/java -jar /lab/itti/projects/checkers-competition/server/referee.jar on run_14_tkale_vdhankar #####
Move is valid
##### SUCCESS: /usr/lib/jvm/jdk-14.0.1/bin/java -jar /lab/itti/projects/checkers-competition/server/referee.jar on run_14_tkale_vdhankar #####
INPUT for vdhankar:
GAME
WHITE
178.374892234802
.b.b.b..
..b.....
........
........
...b...b
w...w.w.
...w.w..
w.w.....
##### Running: /usr/bin/time -o time_14_tkale_vdhankar.txt -f "%U" python3 homework.py > stulog.txt 2>&1 on vdhankar #####
child exited with value 1
##### ERROR: /usr/bin/time -o time_14_tkale_vdhankar.txt -f "%U" python3 homework.py > stulog.txt 2>&1 on vdhankar #####
##### Output of failed program (stdout + stderr): #####
Traceback (most recent call last):
  File "homework.py", line 546, in <module>
    print(end-start)
NameError: name 'end' is not defined
##### End of output of failed program #####
##### vdhankar plays [J e3 c5] in 2.79338097572327s #####
##### Running: /usr/lib/jvm/jdk-14.0.1/bin/java -jar /lab/itti/projects/checkers-competition/server/referee.jar on run_14_tkale_vdhankar #####
Move is valid
##### SUCCESS: /usr/lib/jvm/jdk-14.0.1/bin/java -jar /lab/itti/projects/checkers-competition/server/referee.jar on run_14_tkale_vdhankar #####
INPUT for tkale:
GAME
BLACK
295.13
.b.b.b..
..b.....
........
..w.....
.......b
w.....w.
...w.w..
w.w.....
##### Running: /usr/bin/time -o time_14_tkale_vdhankar.txt -f "%U" python2 homework2.py > stulog.txt 2>&1 on tkale #####
##### SUCCESS: /usr/bin/time -o time_14_tkale_vdhankar.txt -f "%U" python2 homework2.py > stulog.txt 2>&1 on tkale #####
##### tkale plays [E c7 d6] in 0.52s #####
##### Running: /usr/lib/jvm/jdk-14.0.1/bin/java -jar /lab/itti/projects/checkers-competition/server/referee.jar on run_14_tkale_vdhankar #####
Move is valid
##### SUCCESS: /usr/lib/jvm/jdk-14.0.1/bin/java -jar /lab/itti/projects/checkers-competition/server/referee.jar on run_14_tkale_vdhankar #####
INPUT for vdhankar:
GAME
WHITE
175.581511259079
.b.b.b..
........
...b....
..w.....
.......b
w.....w.
...w.w..
w.w.....
##### Running: /usr/bin/time -o time_14_tkale_vdhankar.txt -f "%U" python3 homework.py > stulog.txt 2>&1 on vdhankar #####
child exited with value 1
##### ERROR: /usr/bin/time -o time_14_tkale_vdhankar.txt -f "%U" python3 homework.py > stulog.txt 2>&1 on vdhankar #####
##### Output of failed program (stdout + stderr): #####
Traceback (most recent call last):
  File "homework.py", line 546, in <module>
    print(end-start)
NameError: name 'end' is not defined
##### End of output of failed program #####
##### vdhankar plays [J c5 e7] in 1.58727192878723s #####
##### Running: /usr/lib/jvm/jdk-14.0.1/bin/java -jar /lab/itti/projects/checkers-competition/server/referee.jar on run_14_tkale_vdhankar #####
Move is valid
##### SUCCESS: /usr/lib/jvm/jdk-14.0.1/bin/java -jar /lab/itti/projects/checkers-competition/server/referee.jar on run_14_tkale_vdhankar #####
INPUT for tkale:
GAME
BLACK
294.61
.b.b.b..
....w...
........
........
.......b
w.....w.
...w.w..
w.w.....
##### Running: /usr/bin/time -o time_14_tkale_vdhankar.txt -f "%U" python2 homework2.py > stulog.txt 2>&1 on tkale #####
##### SUCCESS: /usr/bin/time -o time_14_tkale_vdhankar.txt -f "%U" python2 homework2.py > stulog.txt 2>&1 on tkale #####
##### tkale plays [J d8 f6] in 0.1s #####
##### Running: /usr/lib/jvm/jdk-14.0.1/bin/java -jar /lab/itti/projects/checkers-competition/server/referee.jar on run_14_tkale_vdhankar #####
Move is valid
##### SUCCESS: /usr/lib/jvm/jdk-14.0.1/bin/java -jar /lab/itti/projects/checkers-competition/server/referee.jar on run_14_tkale_vdhankar #####
INPUT for vdhankar:
GAME
WHITE
173.994239330292
.b...b..
........
.....b..
........
.......b
w.....w.
...w.w..
w.w.....
##### Running: /usr/bin/time -o time_14_tkale_vdhankar.txt -f "%U" python3 homework.py > stulog.txt 2>&1 on vdhankar #####
child exited with value 1
##### ERROR: /usr/bin/time -o time_14_tkale_vdhankar.txt -f "%U" python3 homework.py > stulog.txt 2>&1 on vdhankar #####
##### Output of failed program (stdout + stderr): #####
Traceback (most recent call last):
  File "homework.py", line 546, in <module>
    print(end-start)
NameError: name 'end' is not defined
##### End of output of failed program #####
##### vdhankar plays [E d2 e3] in 6.78550887107849s #####
##### Running: /usr/lib/jvm/jdk-14.0.1/bin/java -jar /lab/itti/projects/checkers-competition/server/referee.jar on run_14_tkale_vdhankar #####
Move is valid
##### SUCCESS: /usr/lib/jvm/jdk-14.0.1/bin/java -jar /lab/itti/projects/checkers-competition/server/referee.jar on run_14_tkale_vdhankar #####
INPUT for tkale:
GAME
BLACK
294.51
.b...b..
........
.....b..
........
.......b
w...w.w.
.....w..
w.w.....
##### Running: /usr/bin/time -o time_14_tkale_vdhankar.txt -f "%U" python2 homework2.py > stulog.txt 2>&1 on tkale #####
##### SUCCESS: /usr/bin/time -o time_14_tkale_vdhankar.txt -f "%U" python2 homework2.py > stulog.txt 2>&1 on tkale #####
##### tkale plays [E f6 g5] in 0.27s #####
##### Running: /usr/lib/jvm/jdk-14.0.1/bin/java -jar /lab/itti/projects/checkers-competition/server/referee.jar on run_14_tkale_vdhankar #####
Move is valid
##### SUCCESS: /usr/lib/jvm/jdk-14.0.1/bin/java -jar /lab/itti/projects/checkers-competition/server/referee.jar on run_14_tkale_vdhankar #####
INPUT for vdhankar:
GAME
WHITE
167.208730459213
.b...b..
........
........
......b.
.......b
w...w.w.
.....w..
w.w.....
##### Running: /usr/bin/time -o time_14_tkale_vdhankar.txt -f "%U" python3 homework.py > stulog.txt 2>&1 on vdhankar #####
child exited with value 1
##### ERROR: /usr/bin/time -o time_14_tkale_vdhankar.txt -f "%U" python3 homework.py > stulog.txt 2>&1 on vdhankar #####
##### Output of failed program (stdout + stderr): #####
Traceback (most recent call last):
  File "homework.py", line 546, in <module>
    print(end-start)
NameError: name 'end' is not defined
##### End of output of failed program #####
##### vdhankar plays [E g3 f4] in 1.39001488685608s #####
##### Running: /usr/lib/jvm/jdk-14.0.1/bin/java -jar /lab/itti/projects/checkers-competition/server/referee.jar on run_14_tkale_vdhankar #####
Move is valid
##### SUCCESS: /usr/lib/jvm/jdk-14.0.1/bin/java -jar /lab/itti/projects/checkers-competition/server/referee.jar on run_14_tkale_vdhankar #####
INPUT for tkale:
GAME
BLACK
294.24
.b...b..
........
........
......b.
.....w.b
w...w...
.....w..
w.w.....
##### Running: /usr/bin/time -o time_14_tkale_vdhankar.txt -f "%U" python2 homework2.py > stulog.txt 2>&1 on tkale #####
##### SUCCESS: /usr/bin/time -o time_14_tkale_vdhankar.txt -f "%U" python2 homework2.py > stulog.txt 2>&1 on tkale #####
##### tkale plays [E h4 g3] in 0.08s #####
##### Running: /usr/lib/jvm/jdk-14.0.1/bin/java -jar /lab/itti/projects/checkers-competition/server/referee.jar on run_14_tkale_vdhankar #####
Move is valid
##### SUCCESS: /usr/lib/jvm/jdk-14.0.1/bin/java -jar /lab/itti/projects/checkers-competition/server/referee.jar on run_14_tkale_vdhankar #####
INPUT for vdhankar:
GAME
WHITE
165.818715572357
.b...b..
........
........
......b.
.....w..
w...w.b.
.....w..
w.w.....
##### Running: /usr/bin/time -o time_14_tkale_vdhankar.txt -f "%U" python3 homework.py > stulog.txt 2>&1 on vdhankar #####
child exited with value 1
##### ERROR: /usr/bin/time -o time_14_tkale_vdhankar.txt -f "%U" python3 homework.py > stulog.txt 2>&1 on vdhankar #####
##### Output of failed program (stdout + stderr): #####
Traceback (most recent call last):
  File "homework.py", line 546, in <module>
    print(end-start)
NameError: name 'end' is not defined
##### End of output of failed program #####
##### vdhankar plays [J f2 h4 ; J h4 f6] in 1.11865210533142s #####
##### Running: /usr/lib/jvm/jdk-14.0.1/bin/java -jar /lab/itti/projects/checkers-competition/server/referee.jar on run_14_tkale_vdhankar #####
Move is valid
##### SUCCESS: /usr/lib/jvm/jdk-14.0.1/bin/java -jar /lab/itti/projects/checkers-competition/server/referee.jar on run_14_tkale_vdhankar #####
INPUT for tkale:
GAME
BLACK
294.16
.b...b..
........
.....w..
........
.....w..
w...w...
........
w.w.....
##### Running: /usr/bin/time -o time_14_tkale_vdhankar.txt -f "%U" python2 homework2.py > stulog.txt 2>&1 on tkale #####
##### SUCCESS: /usr/bin/time -o time_14_tkale_vdhankar.txt -f "%U" python2 homework2.py > stulog.txt 2>&1 on tkale #####
##### tkale plays [E f8 g7] in 0.22s #####
##### Running: /usr/lib/jvm/jdk-14.0.1/bin/java -jar /lab/itti/projects/checkers-competition/server/referee.jar on run_14_tkale_vdhankar #####
Move is valid
##### SUCCESS: /usr/lib/jvm/jdk-14.0.1/bin/java -jar /lab/itti/projects/checkers-competition/server/referee.jar on run_14_tkale_vdhankar #####
INPUT for vdhankar:
GAME
WHITE
164.700063467026
.b......
......b.
.....w..
........
.....w..
w...w...
........
w.w.....
##### Running: /usr/bin/time -o time_14_tkale_vdhankar.txt -f "%U" python3 homework.py > stulog.txt 2>&1 on vdhankar #####
child exited with value 1
##### ERROR: /usr/bin/time -o time_14_tkale_vdhankar.txt -f "%U" python3 homework.py > stulog.txt 2>&1 on vdhankar #####
##### Output of failed program (stdout + stderr): #####
Traceback (most recent call last):
  File "homework.py", line 546, in <module>
    print(end-start)
NameError: name 'end' is not defined
##### End of output of failed program #####
##### vdhankar plays [J f6 h8] in 0.407424926757812s #####
##### Running: /usr/lib/jvm/jdk-14.0.1/bin/java -jar /lab/itti/projects/checkers-competition/server/referee.jar on run_14_tkale_vdhankar #####
Move is valid
##### SUCCESS: /usr/lib/jvm/jdk-14.0.1/bin/java -jar /lab/itti/projects/checkers-competition/server/referee.jar on run_14_tkale_vdhankar #####
INPUT for tkale:
GAME
BLACK
293.94
.b.....W
........
........
........
.....w..
w...w...
........
w.w.....
##### Running: /usr/bin/time -o time_14_tkale_vdhankar.txt -f "%U" python2 homework2.py > stulog.txt 2>&1 on tkale #####
##### SUCCESS: /usr/bin/time -o time_14_tkale_vdhankar.txt -f "%U" python2 homework2.py > stulog.txt 2>&1 on tkale #####
##### tkale plays [E b8 c7] in 0.13s #####
##### Running: /usr/lib/jvm/jdk-14.0.1/bin/java -jar /lab/itti/projects/checkers-competition/server/referee.jar on run_14_tkale_vdhankar #####
Move is valid
##### SUCCESS: /usr/lib/jvm/jdk-14.0.1/bin/java -jar /lab/itti/projects/checkers-competition/server/referee.jar on run_14_tkale_vdhankar #####
INPUT for vdhankar:
GAME
WHITE
164.292638540268
.......W
..b.....
........
........
.....w..
w...w...
........
w.w.....
##### Running: /usr/bin/time -o time_14_tkale_vdhankar.txt -f "%U" python3 homework.py > stulog.txt 2>&1 on vdhankar #####
child exited with value 1
##### ERROR: /usr/bin/time -o time_14_tkale_vdhankar.txt -f "%U" python3 homework.py > stulog.txt 2>&1 on vdhankar #####
##### Output of failed program (stdout + stderr): #####
Traceback (most recent call last):
  File "homework.py", line 546, in <module>
    print(end-start)
NameError: name 'end' is not defined
##### End of output of failed program #####
##### vdhankar plays [E h8 g7] in 0.202849149703979s #####
##### Running: /usr/lib/jvm/jdk-14.0.1/bin/java -jar /lab/itti/projects/checkers-competition/server/referee.jar on run_14_tkale_vdhankar #####
Move is valid
##### SUCCESS: /usr/lib/jvm/jdk-14.0.1/bin/java -jar /lab/itti/projects/checkers-competition/server/referee.jar on run_14_tkale_vdhankar #####
INPUT for tkale:
GAME
BLACK
293.81
........
..b...W.
........
........
.....w..
w...w...
........
w.w.....
##### Running: /usr/bin/time -o time_14_tkale_vdhankar.txt -f "%U" python2 homework2.py > stulog.txt 2>&1 on tkale #####
##### SUCCESS: /usr/bin/time -o time_14_tkale_vdhankar.txt -f "%U" python2 homework2.py > stulog.txt 2>&1 on tkale #####
##### tkale plays [E c7 b6] in 0.09s #####
##### Running: /usr/lib/jvm/jdk-14.0.1/bin/java -jar /lab/itti/projects/checkers-competition/server/referee.jar on run_14_tkale_vdhankar #####
Move is valid
##### SUCCESS: /usr/lib/jvm/jdk-14.0.1/bin/java -jar /lab/itti/projects/checkers-competition/server/referee.jar on run_14_tkale_vdhankar #####
INPUT for vdhankar:
GAME
WHITE
164.089789390564
........
......W.
.b......
........
.....w..
w...w...
........
w.w.....
##### Running: /usr/bin/time -o time_14_tkale_vdhankar.txt -f "%U" python3 homework.py > stulog.txt 2>&1 on vdhankar #####
child exited with value 1
##### ERROR: /usr/bin/time -o time_14_tkale_vdhankar.txt -f "%U" python3 homework.py > stulog.txt 2>&1 on vdhankar #####
##### Output of failed program (stdout + stderr): #####
Traceback (most recent call last):
  File "homework.py", line 546, in <module>
    print(end-start)
NameError: name 'end' is not defined
##### End of output of failed program #####
##### vdhankar plays [E g7 f8] in 0.201658010482788s #####
##### Running: /usr/lib/jvm/jdk-14.0.1/bin/java -jar /lab/itti/projects/checkers-competition/server/referee.jar on run_14_tkale_vdhankar #####
Move is valid
##### SUCCESS: /usr/lib/jvm/jdk-14.0.1/bin/java -jar /lab/itti/projects/checkers-competition/server/referee.jar on run_14_tkale_vdhankar #####
INPUT for tkale:
GAME
BLACK
293.72
.....W..
........
.b......
........
.....w..
w...w...
........
w.w.....
##### Running: /usr/bin/time -o time_14_tkale_vdhankar.txt -f "%U" python2 homework2.py > stulog.txt 2>&1 on tkale #####
child exited with value 1
##### ERROR: /usr/bin/time -o time_14_tkale_vdhankar.txt -f "%U" python2 homework2.py > stulog.txt 2>&1 on tkale #####
##### Output of failed program (stdout + stderr): #####
Traceback (most recent call last):
  File "homework2.py", line 509, in <module>
    final_move = playGame(matrix,color)
  File "homework2.py", line 451, in playGame
    same_value_moves.append(move)
UnboundLocalError: local variable 'same_value_moves' referenced before assignment
##### End of output of failed program #####
##### tkale plays [] in 0.0307090282440186s #####
##### Running: /usr/lib/jvm/jdk-14.0.1/bin/java -jar /lab/itti/projects/checkers-competition/server/referee.jar on run_14_tkale_vdhankar #####
Move is not valid
##### SUCCESS: /usr/lib/jvm/jdk-14.0.1/bin/java -jar /lab/itti/projects/checkers-competition/server/referee.jar on run_14_tkale_vdhankar #####
##### GAME OVER: tkale loses because of illegal move [] #####
Server said: FAIL
########## ROUND 14 GAMESCORE AFTER GAME 4: tkale=0 and vdhankar=4 ##########


########## GRAND WINNER ROUND 14 IS vdhankar BY 4 vs 0 GAMESCORE ##########
