#################### ROUND 14: sajjanla (W) vs vdhankar (B): game 1 ####################
##### game start! #####
INPUT for vdhankar:
GAME
BLACK
300
.b.b.b.b
b.b.b.b.
.b.b.b.b
........
........
w.w.w.w.
.w.w.w.w
w.w.w.w.
##### Running: /usr/bin/time -o time_14_sajjanla_vdhankar.txt -f "%U" python3 homework.py > stulog.txt 2>&1 on vdhankar #####
child exited with value 1
##### ERROR: /usr/bin/time -o time_14_sajjanla_vdhankar.txt -f "%U" python3 homework.py > stulog.txt 2>&1 on vdhankar #####
##### Output of failed program (stdout + stderr): #####
Traceback (most recent call last):
  File "homework.py", line 546, in <module>
    print(end-start)
NameError: name 'end' is not defined
##### End of output of failed program #####
##### vdhankar plays [E h6 g5] in 8.10659384727478s #####
##### Running: /usr/lib/jvm/jdk-14.0.1/bin/java -jar /lab/itti/projects/checkers-competition/server/referee.jar on run_14_sajjanla_vdhankar #####
Move is valid
Couldn't read file 'current_ply.txt'
Couldn't read content from file 'current_ply.txt'
Couldn't read file 'lastmatchange_ply.txt'
Couldn't read content from file 'lastmatchange_ply.txt'
##### SUCCESS: /usr/lib/jvm/jdk-14.0.1/bin/java -jar /lab/itti/projects/checkers-competition/server/referee.jar on run_14_sajjanla_vdhankar #####
INPUT for sajjanla:
GAME
WHITE
300
.b.b.b.b
b.b.b.b.
.b.b.b..
......b.
........
w.w.w.w.
.w.w.w.w
w.w.w.w.
##### Running: /usr/bin/time -o time_14_sajjanla_vdhankar.txt -f "%U" /usr/lib/jvm/jdk-14.0.1/bin/java homework > stulog.txt 2>&1 on sajjanla #####
##### SUCCESS: /usr/bin/time -o time_14_sajjanla_vdhankar.txt -f "%U" /usr/lib/jvm/jdk-14.0.1/bin/java homework > stulog.txt 2>&1 on sajjanla #####
##### sajjanla plays [E g3 f4] in 1.09s #####
##### Running: /usr/lib/jvm/jdk-14.0.1/bin/java -jar /lab/itti/projects/checkers-competition/server/referee.jar on run_14_sajjanla_vdhankar #####
Move is valid
##### SUCCESS: /usr/lib/jvm/jdk-14.0.1/bin/java -jar /lab/itti/projects/checkers-competition/server/referee.jar on run_14_sajjanla_vdhankar #####
INPUT for vdhankar:
GAME
BLACK
291.893406152725
.b.b.b.b
b.b.b.b.
.b.b.b..
......b.
.....w..
w.w.w...
.w.w.w.w
w.w.w.w.
##### Running: /usr/bin/time -o time_14_sajjanla_vdhankar.txt -f "%U" python3 homework.py > stulog.txt 2>&1 on vdhankar #####
child exited with value 1
##### ERROR: /usr/bin/time -o time_14_sajjanla_vdhankar.txt -f "%U" python3 homework.py > stulog.txt 2>&1 on vdhankar #####
##### Output of failed program (stdout + stderr): #####
Traceback (most recent call last):
  File "homework.py", line 546, in <module>
    print(end-start)
NameError: name 'end' is not defined
##### End of output of failed program #####
##### vdhankar plays [E g5 h4] in 6.32171893119812s #####
##### Running: /usr/lib/jvm/jdk-14.0.1/bin/java -jar /lab/itti/projects/checkers-competition/server/referee.jar on run_14_sajjanla_vdhankar #####
Move is valid
##### SUCCESS: /usr/lib/jvm/jdk-14.0.1/bin/java -jar /lab/itti/projects/checkers-competition/server/referee.jar on run_14_sajjanla_vdhankar #####
INPUT for sajjanla:
GAME
WHITE
298.91
.b.b.b.b
b.b.b.b.
.b.b.b..
........
.....w.b
w.w.w...
.w.w.w.w
w.w.w.w.
##### Running: /usr/bin/time -o time_14_sajjanla_vdhankar.txt -f "%U" /usr/lib/jvm/jdk-14.0.1/bin/java homework > stulog.txt 2>&1 on sajjanla #####
##### SUCCESS: /usr/bin/time -o time_14_sajjanla_vdhankar.txt -f "%U" /usr/lib/jvm/jdk-14.0.1/bin/java homework > stulog.txt 2>&1 on sajjanla #####
##### sajjanla plays [E h2 g3] in 0.89s #####
##### Running: /usr/lib/jvm/jdk-14.0.1/bin/java -jar /lab/itti/projects/checkers-competition/server/referee.jar on run_14_sajjanla_vdhankar #####
Move is valid
##### SUCCESS: /usr/lib/jvm/jdk-14.0.1/bin/java -jar /lab/itti/projects/checkers-competition/server/referee.jar on run_14_sajjanla_vdhankar #####
INPUT for vdhankar:
GAME
BLACK
285.571687221527
.b.b.b.b
b.b.b.b.
.b.b.b..
........
.....w.b
w.w.w.w.
.w.w.w..
w.w.w.w.
##### Running: /usr/bin/time -o time_14_sajjanla_vdhankar.txt -f "%U" python3 homework.py > stulog.txt 2>&1 on vdhankar #####
child exited with value 1
##### ERROR: /usr/bin/time -o time_14_sajjanla_vdhankar.txt -f "%U" python3 homework.py > stulog.txt 2>&1 on vdhankar #####
##### Output of failed program (stdout + stderr): #####
Traceback (most recent call last):
  File "homework.py", line 546, in <module>
    print(end-start)
NameError: name 'end' is not defined
##### End of output of failed program #####
##### vdhankar plays [E f6 g5] in 9.08974814414978s #####
##### Running: /usr/lib/jvm/jdk-14.0.1/bin/java -jar /lab/itti/projects/checkers-competition/server/referee.jar on run_14_sajjanla_vdhankar #####
Move is valid
##### SUCCESS: /usr/lib/jvm/jdk-14.0.1/bin/java -jar /lab/itti/projects/checkers-competition/server/referee.jar on run_14_sajjanla_vdhankar #####
INPUT for sajjanla:
GAME
WHITE
298.02
.b.b.b.b
b.b.b.b.
.b.b....
......b.
.....w.b
w.w.w.w.
.w.w.w..
w.w.w.w.
##### Running: /usr/bin/time -o time_14_sajjanla_vdhankar.txt -f "%U" /usr/lib/jvm/jdk-14.0.1/bin/java homework > stulog.txt 2>&1 on sajjanla #####
##### SUCCESS: /usr/bin/time -o time_14_sajjanla_vdhankar.txt -f "%U" /usr/lib/jvm/jdk-14.0.1/bin/java homework > stulog.txt 2>&1 on sajjanla #####
##### sajjanla plays [E f4 h6] in 0.92s #####
##### Running: /usr/lib/jvm/jdk-14.0.1/bin/java -jar /lab/itti/projects/checkers-competition/server/referee.jar on run_14_sajjanla_vdhankar #####
Move is valid
##### SUCCESS: /usr/lib/jvm/jdk-14.0.1/bin/java -jar /lab/itti/projects/checkers-competition/server/referee.jar on run_14_sajjanla_vdhankar #####
INPUT for vdhankar:
GAME
BLACK
276.481939077377
.b.b.b.b
b.b.b.b.
.b.b...w
......b.
.......b
w.w.w.w.
.w.w.w..
w.w.w.w.
##### Running: /usr/bin/time -o time_14_sajjanla_vdhankar.txt -f "%U" python3 homework.py > stulog.txt 2>&1 on vdhankar #####
child exited with value 1
##### ERROR: /usr/bin/time -o time_14_sajjanla_vdhankar.txt -f "%U" python3 homework.py > stulog.txt 2>&1 on vdhankar #####
##### Output of failed program (stdout + stderr): #####
Traceback (most recent call last):
  File "homework.py", line 546, in <module>
    print(end-start)
NameError: name 'end' is not defined
##### End of output of failed program #####
##### vdhankar plays [E d6 e5] in 10.1414129734039s #####
##### Running: /usr/lib/jvm/jdk-14.0.1/bin/java -jar /lab/itti/projects/checkers-competition/server/referee.jar on run_14_sajjanla_vdhankar #####
Move is valid
##### SUCCESS: /usr/lib/jvm/jdk-14.0.1/bin/java -jar /lab/itti/projects/checkers-competition/server/referee.jar on run_14_sajjanla_vdhankar #####
INPUT for sajjanla:
GAME
WHITE
297.1
.b.b.b.b
b.b.b.b.
.b.....w
....b.b.
.......b
w.w.w.w.
.w.w.w..
w.w.w.w.
##### Running: /usr/bin/time -o time_14_sajjanla_vdhankar.txt -f "%U" /usr/lib/jvm/jdk-14.0.1/bin/java homework > stulog.txt 2>&1 on sajjanla #####
##### SUCCESS: /usr/bin/time -o time_14_sajjanla_vdhankar.txt -f "%U" /usr/lib/jvm/jdk-14.0.1/bin/java homework > stulog.txt 2>&1 on sajjanla #####
##### sajjanla plays [E g3 f4] in 1.24s #####
##### Running: /usr/lib/jvm/jdk-14.0.1/bin/java -jar /lab/itti/projects/checkers-competition/server/referee.jar on run_14_sajjanla_vdhankar #####
Move is valid
##### SUCCESS: /usr/lib/jvm/jdk-14.0.1/bin/java -jar /lab/itti/projects/checkers-competition/server/referee.jar on run_14_sajjanla_vdhankar #####
INPUT for vdhankar:
GAME
BLACK
266.340526103973
.b.b.b.b
b.b.b.b.
.b.....w
....b.b.
.....w.b
w.w.w...
.w.w.w..
w.w.w.w.
##### Running: /usr/bin/time -o time_14_sajjanla_vdhankar.txt -f "%U" python3 homework.py > stulog.txt 2>&1 on vdhankar #####
child exited with value 1
##### ERROR: /usr/bin/time -o time_14_sajjanla_vdhankar.txt -f "%U" python3 homework.py > stulog.txt 2>&1 on vdhankar #####
##### Output of failed program (stdout + stderr): #####
Traceback (most recent call last):
  File "homework.py", line 546, in <module>
    print(end-start)
NameError: name 'end' is not defined
##### End of output of failed program #####
##### vdhankar plays [J e5 g3] in 10.0092768669128s #####
##### Running: /usr/lib/jvm/jdk-14.0.1/bin/java -jar /lab/itti/projects/checkers-competition/server/referee.jar on run_14_sajjanla_vdhankar #####
Move is valid
##### SUCCESS: /usr/lib/jvm/jdk-14.0.1/bin/java -jar /lab/itti/projects/checkers-competition/server/referee.jar on run_14_sajjanla_vdhankar #####
INPUT for sajjanla:
GAME
WHITE
295.86
.b.b.b.b
b.b.b.b.
.b.....w
......b.
.......b
w.w.w.b.
.w.w.w..
w.w.w.w.
##### Running: /usr/bin/time -o time_14_sajjanla_vdhankar.txt -f "%U" /usr/lib/jvm/jdk-14.0.1/bin/java homework > stulog.txt 2>&1 on sajjanla #####
##### SUCCESS: /usr/bin/time -o time_14_sajjanla_vdhankar.txt -f "%U" /usr/lib/jvm/jdk-14.0.1/bin/java homework > stulog.txt 2>&1 on sajjanla #####
##### sajjanla plays [E g1 h2] in 1.24s #####
##### Running: /usr/lib/jvm/jdk-14.0.1/bin/java -jar /lab/itti/projects/checkers-competition/server/referee.jar on run_14_sajjanla_vdhankar #####
Move is valid
##### SUCCESS: /usr/lib/jvm/jdk-14.0.1/bin/java -jar /lab/itti/projects/checkers-competition/server/referee.jar on run_14_sajjanla_vdhankar #####
INPUT for vdhankar:
GAME
BLACK
256.331249237061
.b.b.b.b
b.b.b.b.
.b.....w
......b.
.......b
w.w.w.b.
.w.w.w.w
w.w.w...
##### Running: /usr/bin/time -o time_14_sajjanla_vdhankar.txt -f "%U" python3 homework.py > stulog.txt 2>&1 on vdhankar #####
child exited with value 1
##### ERROR: /usr/bin/time -o time_14_sajjanla_vdhankar.txt -f "%U" python3 homework.py > stulog.txt 2>&1 on vdhankar #####
##### Output of failed program (stdout + stderr): #####
Traceback (most recent call last):
  File "homework.py", line 546, in <module>
    print(end-start)
NameError: name 'end' is not defined
##### End of output of failed program #####
##### vdhankar plays [E b6 c5] in 5.11055898666382s #####
##### Running: /usr/lib/jvm/jdk-14.0.1/bin/java -jar /lab/itti/projects/checkers-competition/server/referee.jar on run_14_sajjanla_vdhankar #####
Move is valid
##### SUCCESS: /usr/lib/jvm/jdk-14.0.1/bin/java -jar /lab/itti/projects/checkers-competition/server/referee.jar on run_14_sajjanla_vdhankar #####
INPUT for sajjanla:
GAME
WHITE
294.62
.b.b.b.b
b.b.b.b.
.......w
..b...b.
.......b
w.w.w.b.
.w.w.w.w
w.w.w...
##### Running: /usr/bin/time -o time_14_sajjanla_vdhankar.txt -f "%U" /usr/lib/jvm/jdk-14.0.1/bin/java homework > stulog.txt 2>&1 on sajjanla #####
##### SUCCESS: /usr/bin/time -o time_14_sajjanla_vdhankar.txt -f "%U" /usr/lib/jvm/jdk-14.0.1/bin/java homework > stulog.txt 2>&1 on sajjanla #####
##### sajjanla plays [E h2 f4] in 0.67s #####
##### Running: /usr/lib/jvm/jdk-14.0.1/bin/java -jar /lab/itti/projects/checkers-competition/server/referee.jar on run_14_sajjanla_vdhankar #####
Move is valid
##### SUCCESS: /usr/lib/jvm/jdk-14.0.1/bin/java -jar /lab/itti/projects/checkers-competition/server/referee.jar on run_14_sajjanla_vdhankar #####
INPUT for vdhankar:
GAME
BLACK
251.220690250397
.b.b.b.b
b.b.b.b.
.......w
..b...b.
.....w.b
w.w.w.b.
.w.w.w..
w.w.w...
##### Running: /usr/bin/time -o time_14_sajjanla_vdhankar.txt -f "%U" python3 homework.py > stulog.txt 2>&1 on vdhankar #####
child exited with value 1
##### ERROR: /usr/bin/time -o time_14_sajjanla_vdhankar.txt -f "%U" python3 homework.py > stulog.txt 2>&1 on vdhankar #####
##### Output of failed program (stdout + stderr): #####
Traceback (most recent call last):
  File "homework.py", line 546, in <module>
    print(end-start)
NameError: name 'end' is not defined
##### End of output of failed program #####
##### vdhankar plays [E g7 f6] in 9.01374197006226s #####
##### Running: /usr/lib/jvm/jdk-14.0.1/bin/java -jar /lab/itti/projects/checkers-competition/server/referee.jar on run_14_sajjanla_vdhankar #####
Move is valid
##### SUCCESS: /usr/lib/jvm/jdk-14.0.1/bin/java -jar /lab/itti/projects/checkers-competition/server/referee.jar on run_14_sajjanla_vdhankar #####
INPUT for sajjanla:
GAME
WHITE
293.95
.b.b.b.b
b.b.b...
.....b.w
..b...b.
.....w.b
w.w.w.b.
.w.w.w..
w.w.w...
##### Running: /usr/bin/time -o time_14_sajjanla_vdhankar.txt -f "%U" /usr/lib/jvm/jdk-14.0.1/bin/java homework > stulog.txt 2>&1 on sajjanla #####
##### SUCCESS: /usr/bin/time -o time_14_sajjanla_vdhankar.txt -f "%U" /usr/lib/jvm/jdk-14.0.1/bin/java homework > stulog.txt 2>&1 on sajjanla #####
##### sajjanla plays [E f4 e5] in 0.71s #####
##### Running: /usr/lib/jvm/jdk-14.0.1/bin/java -jar /lab/itti/projects/checkers-competition/server/referee.jar on run_14_sajjanla_vdhankar #####
Move is valid
##### SUCCESS: /usr/lib/jvm/jdk-14.0.1/bin/java -jar /lab/itti/projects/checkers-competition/server/referee.jar on run_14_sajjanla_vdhankar #####
INPUT for vdhankar:
GAME
BLACK
242.206948280334
.b.b.b.b
b.b.b...
.....b.w
..b.w.b.
.......b
w.w.w.b.
.w.w.w..
w.w.w...
##### Running: /usr/bin/time -o time_14_sajjanla_vdhankar.txt -f "%U" python3 homework.py > stulog.txt 2>&1 on vdhankar #####
child exited with value 1
##### ERROR: /usr/bin/time -o time_14_sajjanla_vdhankar.txt -f "%U" python3 homework.py > stulog.txt 2>&1 on vdhankar #####
##### Output of failed program (stdout + stderr): #####
Traceback (most recent call last):
  File "homework.py", line 546, in <module>
    print(end-start)
NameError: name 'end' is not defined
##### End of output of failed program #####
##### vdhankar plays [J f6 d4] in 2.72919917106628s #####
##### Running: /usr/lib/jvm/jdk-14.0.1/bin/java -jar /lab/itti/projects/checkers-competition/server/referee.jar on run_14_sajjanla_vdhankar #####
Move is valid
##### SUCCESS: /usr/lib/jvm/jdk-14.0.1/bin/java -jar /lab/itti/projects/checkers-competition/server/referee.jar on run_14_sajjanla_vdhankar #####
INPUT for sajjanla:
GAME
WHITE
293.24
.b.b.b.b
b.b.b...
.......w
..b...b.
...b...b
w.w.w.b.
.w.w.w..
w.w.w...
##### Running: /usr/bin/time -o time_14_sajjanla_vdhankar.txt -f "%U" /usr/lib/jvm/jdk-14.0.1/bin/java homework > stulog.txt 2>&1 on sajjanla #####
##### SUCCESS: /usr/bin/time -o time_14_sajjanla_vdhankar.txt -f "%U" /usr/lib/jvm/jdk-14.0.1/bin/java homework > stulog.txt 2>&1 on sajjanla #####
##### sajjanla plays [E c3 e5] in 0.66s #####
##### Running: /usr/lib/jvm/jdk-14.0.1/bin/java -jar /lab/itti/projects/checkers-competition/server/referee.jar on run_14_sajjanla_vdhankar #####
Move is valid
##### SUCCESS: /usr/lib/jvm/jdk-14.0.1/bin/java -jar /lab/itti/projects/checkers-competition/server/referee.jar on run_14_sajjanla_vdhankar #####
INPUT for vdhankar:
GAME
BLACK
239.477749109268
.b.b.b.b
b.b.b...
.......w
..b.w.b.
...b...b
w...w.b.
.w.w.w..
w.w.w...
##### Running: /usr/bin/time -o time_14_sajjanla_vdhankar.txt -f "%U" python3 homework.py > stulog.txt 2>&1 on vdhankar #####
child exited with value 1
##### ERROR: /usr/bin/time -o time_14_sajjanla_vdhankar.txt -f "%U" python3 homework.py > stulog.txt 2>&1 on vdhankar #####
##### Output of failed program (stdout + stderr): #####
Traceback (most recent call last):
  File "homework.py", line 546, in <module>
    print(end-start)
NameError: name 'end' is not defined
##### End of output of failed program #####
##### vdhankar plays [E g3 h2] in 6.8119580745697s #####
##### Running: /usr/lib/jvm/jdk-14.0.1/bin/java -jar /lab/itti/projects/checkers-competition/server/referee.jar on run_14_sajjanla_vdhankar #####
Move is valid
##### SUCCESS: /usr/lib/jvm/jdk-14.0.1/bin/java -jar /lab/itti/projects/checkers-competition/server/referee.jar on run_14_sajjanla_vdhankar #####
INPUT for sajjanla:
GAME
WHITE
292.58
.b.b.b.b
b.b.b...
.......w
..b.w.b.
...b...b
w...w...
.w.w.w.b
w.w.w...
##### Running: /usr/bin/time -o time_14_sajjanla_vdhankar.txt -f "%U" /usr/lib/jvm/jdk-14.0.1/bin/java homework > stulog.txt 2>&1 on sajjanla #####
##### SUCCESS: /usr/bin/time -o time_14_sajjanla_vdhankar.txt -f "%U" /usr/lib/jvm/jdk-14.0.1/bin/java homework > stulog.txt 2>&1 on sajjanla #####
##### sajjanla plays [E e5 f6] in 0.91s #####
##### Running: /usr/lib/jvm/jdk-14.0.1/bin/java -jar /lab/itti/projects/checkers-competition/server/referee.jar on run_14_sajjanla_vdhankar #####
Move is valid
##### SUCCESS: /usr/lib/jvm/jdk-14.0.1/bin/java -jar /lab/itti/projects/checkers-competition/server/referee.jar on run_14_sajjanla_vdhankar #####
INPUT for vdhankar:
GAME
BLACK
232.665791034698
.b.b.b.b
b.b.b...
.....w.w
..b...b.
...b...b
w...w...
.w.w.w.b
w.w.w...
##### Running: /usr/bin/time -o time_14_sajjanla_vdhankar.txt -f "%U" python3 homework.py > stulog.txt 2>&1 on vdhankar #####
child exited with value 1
##### ERROR: /usr/bin/time -o time_14_sajjanla_vdhankar.txt -f "%U" python3 homework.py > stulog.txt 2>&1 on vdhankar #####
##### Output of failed program (stdout + stderr): #####
Traceback (most recent call last):
  File "homework.py", line 546, in <module>
    print(end-start)
NameError: name 'end' is not defined
##### End of output of failed program #####
##### vdhankar plays [E h2 g1] in 7.05954599380493s #####
##### Running: /usr/lib/jvm/jdk-14.0.1/bin/java -jar /lab/itti/projects/checkers-competition/server/referee.jar on run_14_sajjanla_vdhankar #####
Move is valid
##### SUCCESS: /usr/lib/jvm/jdk-14.0.1/bin/java -jar /lab/itti/projects/checkers-competition/server/referee.jar on run_14_sajjanla_vdhankar #####
INPUT for sajjanla:
GAME
WHITE
291.67
.b.b.b.b
b.b.b...
.....w.w
..b...b.
...b...b
w...w...
.w.w.w..
w.w.w.B.
##### Running: /usr/bin/time -o time_14_sajjanla_vdhankar.txt -f "%U" /usr/lib/jvm/jdk-14.0.1/bin/java homework > stulog.txt 2>&1 on sajjanla #####
##### SUCCESS: /usr/bin/time -o time_14_sajjanla_vdhankar.txt -f "%U" /usr/lib/jvm/jdk-14.0.1/bin/java homework > stulog.txt 2>&1 on sajjanla #####
##### sajjanla plays [E f2 g3] in 0.84s #####
##### Running: /usr/lib/jvm/jdk-14.0.1/bin/java -jar /lab/itti/projects/checkers-competition/server/referee.jar on run_14_sajjanla_vdhankar #####
Move is valid
##### SUCCESS: /usr/lib/jvm/jdk-14.0.1/bin/java -jar /lab/itti/projects/checkers-competition/server/referee.jar on run_14_sajjanla_vdhankar #####
INPUT for vdhankar:
GAME
BLACK
225.606245040894
.b.b.b.b
b.b.b...
.....w.w
..b...b.
...b...b
w...w.w.
.w.w....
w.w.w.B.
##### Running: /usr/bin/time -o time_14_sajjanla_vdhankar.txt -f "%U" python3 homework.py > stulog.txt 2>&1 on vdhankar #####
child exited with value 1
##### ERROR: /usr/bin/time -o time_14_sajjanla_vdhankar.txt -f "%U" python3 homework.py > stulog.txt 2>&1 on vdhankar #####
##### Output of failed program (stdout + stderr): #####
Traceback (most recent call last):
  File "homework.py", line 546, in <module>
    print(end-start)
NameError: name 'end' is not defined
##### End of output of failed program #####
##### vdhankar plays [J h4 f2] in 7.48123598098755s #####
##### Running: /usr/lib/jvm/jdk-14.0.1/bin/java -jar /lab/itti/projects/checkers-competition/server/referee.jar on run_14_sajjanla_vdhankar #####
Move is valid
##### SUCCESS: /usr/lib/jvm/jdk-14.0.1/bin/java -jar /lab/itti/projects/checkers-competition/server/referee.jar on run_14_sajjanla_vdhankar #####
INPUT for sajjanla:
GAME
WHITE
290.83
.b.b.b.b
b.b.b...
.....w.w
..b...b.
...b....
w...w...
.w.w.b..
w.w.w.B.
##### Running: /usr/bin/time -o time_14_sajjanla_vdhankar.txt -f "%U" /usr/lib/jvm/jdk-14.0.1/bin/java homework > stulog.txt 2>&1 on sajjanla #####
##### SUCCESS: /usr/bin/time -o time_14_sajjanla_vdhankar.txt -f "%U" /usr/lib/jvm/jdk-14.0.1/bin/java homework > stulog.txt 2>&1 on sajjanla #####
##### sajjanla plays [E e1 g3] in 0.62s #####
##### Running: /usr/lib/jvm/jdk-14.0.1/bin/java -jar /lab/itti/projects/checkers-competition/server/referee.jar on run_14_sajjanla_vdhankar #####
Move is valid
##### SUCCESS: /usr/lib/jvm/jdk-14.0.1/bin/java -jar /lab/itti/projects/checkers-competition/server/referee.jar on run_14_sajjanla_vdhankar #####
INPUT for vdhankar:
GAME
BLACK
218.125009059906
.b.b.b.b
b.b.b...
.....w.w
..b...b.
...b....
w...w.w.
.w.w.b..
w.w...B.
##### Running: /usr/bin/time -o time_14_sajjanla_vdhankar.txt -f "%U" python3 homework.py > stulog.txt 2>&1 on vdhankar #####
child exited with value 1
##### ERROR: /usr/bin/time -o time_14_sajjanla_vdhankar.txt -f "%U" python3 homework.py > stulog.txt 2>&1 on vdhankar #####
##### Output of failed program (stdout + stderr): #####
Traceback (most recent call last):
  File "homework.py", line 546, in <module>
    print(end-start)
NameError: name 'end' is not defined
##### End of output of failed program #####
##### vdhankar plays [E g1 h2] in 13.1934030056s #####
##### Running: /usr/lib/jvm/jdk-14.0.1/bin/java -jar /lab/itti/projects/checkers-competition/server/referee.jar on run_14_sajjanla_vdhankar #####
Move is valid
##### SUCCESS: /usr/lib/jvm/jdk-14.0.1/bin/java -jar /lab/itti/projects/checkers-competition/server/referee.jar on run_14_sajjanla_vdhankar #####
INPUT for sajjanla:
GAME
WHITE
290.21
.b.b.b.b
b.b.b...
.....w.w
..b...b.
...b....
w...w.w.
.w.w.b.B
w.w.....
##### Running: /usr/bin/time -o time_14_sajjanla_vdhankar.txt -f "%U" /usr/lib/jvm/jdk-14.0.1/bin/java homework > stulog.txt 2>&1 on sajjanla #####
##### SUCCESS: /usr/bin/time -o time_14_sajjanla_vdhankar.txt -f "%U" /usr/lib/jvm/jdk-14.0.1/bin/java homework > stulog.txt 2>&1 on sajjanla #####
##### sajjanla plays [E g3 f4] in 0.79s #####
##### Running: /usr/lib/jvm/jdk-14.0.1/bin/java -jar /lab/itti/projects/checkers-competition/server/referee.jar on run_14_sajjanla_vdhankar #####
Move is valid
##### SUCCESS: /usr/lib/jvm/jdk-14.0.1/bin/java -jar /lab/itti/projects/checkers-competition/server/referee.jar on run_14_sajjanla_vdhankar #####
INPUT for vdhankar:
GAME
BLACK
204.931606054306
.b.b.b.b
b.b.b...
.....w.w
..b...b.
...b.w..
w...w...
.w.w.b.B
w.w.....
##### Running: /usr/bin/time -o time_14_sajjanla_vdhankar.txt -f "%U" python3 homework.py > stulog.txt 2>&1 on vdhankar #####
child exited with value 1
##### ERROR: /usr/bin/time -o time_14_sajjanla_vdhankar.txt -f "%U" python3 homework.py > stulog.txt 2>&1 on vdhankar #####
##### Output of failed program (stdout + stderr): #####
Traceback (most recent call last):
  File "homework.py", line 546, in <module>
    print(end-start)
NameError: name 'end' is not defined
##### End of output of failed program #####
##### vdhankar plays [E f2 g1] in 6.48249197006226s #####
##### Running: /usr/lib/jvm/jdk-14.0.1/bin/java -jar /lab/itti/projects/checkers-competition/server/referee.jar on run_14_sajjanla_vdhankar #####
Move is valid
##### SUCCESS: /usr/lib/jvm/jdk-14.0.1/bin/java -jar /lab/itti/projects/checkers-competition/server/referee.jar on run_14_sajjanla_vdhankar #####
INPUT for sajjanla:
GAME
WHITE
289.42
.b.b.b.b
b.b.b...
.....w.w
..b...b.
...b.w..
w...w...
.w.w...B
w.w...B.
##### Running: /usr/bin/time -o time_14_sajjanla_vdhankar.txt -f "%U" /usr/lib/jvm/jdk-14.0.1/bin/java homework > stulog.txt 2>&1 on sajjanla #####
##### SUCCESS: /usr/bin/time -o time_14_sajjanla_vdhankar.txt -f "%U" /usr/lib/jvm/jdk-14.0.1/bin/java homework > stulog.txt 2>&1 on sajjanla #####
##### sajjanla plays [E a3 b4] in 0.61s #####
##### Running: /usr/lib/jvm/jdk-14.0.1/bin/java -jar /lab/itti/projects/checkers-competition/server/referee.jar on run_14_sajjanla_vdhankar #####
Move is valid
##### SUCCESS: /usr/lib/jvm/jdk-14.0.1/bin/java -jar /lab/itti/projects/checkers-competition/server/referee.jar on run_14_sajjanla_vdhankar #####
INPUT for vdhankar:
GAME
BLACK
198.449114084244
.b.b.b.b
b.b.b...
.....w.w
..b...b.
.w.b.w..
....w...
.w.w...B
w.w...B.
##### Running: /usr/bin/time -o time_14_sajjanla_vdhankar.txt -f "%U" python3 homework.py > stulog.txt 2>&1 on vdhankar #####
child exited with value 1
##### ERROR: /usr/bin/time -o time_14_sajjanla_vdhankar.txt -f "%U" python3 homework.py > stulog.txt 2>&1 on vdhankar #####
##### Output of failed program (stdout + stderr): #####
Traceback (most recent call last):
  File "homework.py", line 546, in <module>
    print(end-start)
NameError: name 'end' is not defined
##### End of output of failed program #####
##### vdhankar plays [J d4 f2] in 1.42895889282227s #####
##### Running: /usr/lib/jvm/jdk-14.0.1/bin/java -jar /lab/itti/projects/checkers-competition/server/referee.jar on run_14_sajjanla_vdhankar #####
Move is valid
##### SUCCESS: /usr/lib/jvm/jdk-14.0.1/bin/java -jar /lab/itti/projects/checkers-competition/server/referee.jar on run_14_sajjanla_vdhankar #####
INPUT for sajjanla:
GAME
WHITE
288.81
.b.b.b.b
b.b.b...
.....w.w
..b...b.
.w...w..
........
.w.w.b.B
w.w...B.
##### Running: /usr/bin/time -o time_14_sajjanla_vdhankar.txt -f "%U" /usr/lib/jvm/jdk-14.0.1/bin/java homework > stulog.txt 2>&1 on sajjanla #####
##### SUCCESS: /usr/bin/time -o time_14_sajjanla_vdhankar.txt -f "%U" /usr/lib/jvm/jdk-14.0.1/bin/java homework > stulog.txt 2>&1 on sajjanla #####
##### sajjanla plays [E b4 d6] in 0.53s #####
##### Running: /usr/lib/jvm/jdk-14.0.1/bin/java -jar /lab/itti/projects/checkers-competition/server/referee.jar on run_14_sajjanla_vdhankar #####
Move is valid
##### SUCCESS: /usr/lib/jvm/jdk-14.0.1/bin/java -jar /lab/itti/projects/checkers-competition/server/referee.jar on run_14_sajjanla_vdhankar #####
INPUT for vdhankar:
GAME
BLACK
197.020155191422
.b.b.b.b
b.b.b...
...w.w.w
..b...b.
.....w..
........
.w.w.b.B
w.w...B.
##### Running: /usr/bin/time -o time_14_sajjanla_vdhankar.txt -f "%U" python3 homework.py > stulog.txt 2>&1 on vdhankar #####
child exited with value 1
##### ERROR: /usr/bin/time -o time_14_sajjanla_vdhankar.txt -f "%U" python3 homework.py > stulog.txt 2>&1 on vdhankar #####
##### Output of failed program (stdout + stderr): #####
Traceback (most recent call last):
  File "homework.py", line 546, in <module>
    print(end-start)
NameError: name 'end' is not defined
##### End of output of failed program #####
##### vdhankar plays [J c7 e5 ; J e5 g3] in 9.92900514602661s #####
##### Running: /usr/lib/jvm/jdk-14.0.1/bin/java -jar /lab/itti/projects/checkers-competition/server/referee.jar on run_14_sajjanla_vdhankar #####
Move is valid
##### SUCCESS: /usr/lib/jvm/jdk-14.0.1/bin/java -jar /lab/itti/projects/checkers-competition/server/referee.jar on run_14_sajjanla_vdhankar #####
INPUT for sajjanla:
GAME
WHITE
288.28
.b.b.b.b
b...b...
.....w.w
..b...b.
........
......b.
.w.w.b.B
w.w...B.
##### Running: /usr/bin/time -o time_14_sajjanla_vdhankar.txt -f "%U" /usr/lib/jvm/jdk-14.0.1/bin/java homework > stulog.txt 2>&1 on sajjanla #####
##### SUCCESS: /usr/bin/time -o time_14_sajjanla_vdhankar.txt -f "%U" /usr/lib/jvm/jdk-14.0.1/bin/java homework > stulog.txt 2>&1 on sajjanla #####
##### sajjanla plays [E d2 c3] in 0.49s #####
##### Running: /usr/lib/jvm/jdk-14.0.1/bin/java -jar /lab/itti/projects/checkers-competition/server/referee.jar on run_14_sajjanla_vdhankar #####
Move is valid
##### SUCCESS: /usr/lib/jvm/jdk-14.0.1/bin/java -jar /lab/itti/projects/checkers-competition/server/referee.jar on run_14_sajjanla_vdhankar #####
INPUT for vdhankar:
GAME
BLACK
187.091150045395
.b.b.b.b
b...b...
.....w.w
..b...b.
........
..w...b.
.w...b.B
w.w...B.
##### Running: /usr/bin/time -o time_14_sajjanla_vdhankar.txt -f "%U" python3 homework.py > stulog.txt 2>&1 on vdhankar #####
child exited with value 1
##### ERROR: /usr/bin/time -o time_14_sajjanla_vdhankar.txt -f "%U" python3 homework.py > stulog.txt 2>&1 on vdhankar #####
##### Output of failed program (stdout + stderr): #####
Traceback (most recent call last):
  File "homework.py", line 546, in <module>
    print(end-start)
NameError: name 'end' is not defined
##### End of output of failed program #####
##### vdhankar plays [E g5 f4] in 16.6278989315033s #####
##### Running: /usr/lib/jvm/jdk-14.0.1/bin/java -jar /lab/itti/projects/checkers-competition/server/referee.jar on run_14_sajjanla_vdhankar #####
Move is valid
##### SUCCESS: /usr/lib/jvm/jdk-14.0.1/bin/java -jar /lab/itti/projects/checkers-competition/server/referee.jar on run_14_sajjanla_vdhankar #####
INPUT for sajjanla:
GAME
WHITE
287.79
.b.b.b.b
b...b...
.....w.w
..b.....
.....b..
..w...b.
.w...b.B
w.w...B.
##### Running: /usr/bin/time -o time_14_sajjanla_vdhankar.txt -f "%U" /usr/lib/jvm/jdk-14.0.1/bin/java homework > stulog.txt 2>&1 on sajjanla #####
##### SUCCESS: /usr/bin/time -o time_14_sajjanla_vdhankar.txt -f "%U" /usr/lib/jvm/jdk-14.0.1/bin/java homework > stulog.txt 2>&1 on sajjanla #####
##### sajjanla plays [E c1 d2] in 0.61s #####
##### Running: /usr/lib/jvm/jdk-14.0.1/bin/java -jar /lab/itti/projects/checkers-competition/server/referee.jar on run_14_sajjanla_vdhankar #####
Move is valid
##### SUCCESS: /usr/lib/jvm/jdk-14.0.1/bin/java -jar /lab/itti/projects/checkers-competition/server/referee.jar on run_14_sajjanla_vdhankar #####
INPUT for vdhankar:
GAME
BLACK
170.463251113892
.b.b.b.b
b...b...
.....w.w
..b.....
.....b..
..w...b.
.w.w.b.B
w.....B.
##### Running: /usr/bin/time -o time_14_sajjanla_vdhankar.txt -f "%U" python3 homework.py > stulog.txt 2>&1 on vdhankar #####
child exited with value 1
##### ERROR: /usr/bin/time -o time_14_sajjanla_vdhankar.txt -f "%U" python3 homework.py > stulog.txt 2>&1 on vdhankar #####
##### Output of failed program (stdout + stderr): #####
Traceback (most recent call last):
  File "homework.py", line 546, in <module>
    print(end-start)
NameError: name 'end' is not defined
##### End of output of failed program #####
##### vdhankar plays [J e7 g5] in 1.95053100585938s #####
##### Running: /usr/lib/jvm/jdk-14.0.1/bin/java -jar /lab/itti/projects/checkers-competition/server/referee.jar on run_14_sajjanla_vdhankar #####
Move is valid
##### SUCCESS: /usr/lib/jvm/jdk-14.0.1/bin/java -jar /lab/itti/projects/checkers-competition/server/referee.jar on run_14_sajjanla_vdhankar #####
INPUT for sajjanla:
GAME
WHITE
287.18
.b.b.b.b
b.......
.......w
..b...b.
.....b..
..w...b.
.w.w.b.B
w.....B.
##### Running: /usr/bin/time -o time_14_sajjanla_vdhankar.txt -f "%U" /usr/lib/jvm/jdk-14.0.1/bin/java homework > stulog.txt 2>&1 on sajjanla #####
##### SUCCESS: /usr/bin/time -o time_14_sajjanla_vdhankar.txt -f "%U" /usr/lib/jvm/jdk-14.0.1/bin/java homework > stulog.txt 2>&1 on sajjanla #####
##### sajjanla plays [E d2 e3] in 0.53s #####
##### Running: /usr/lib/jvm/jdk-14.0.1/bin/java -jar /lab/itti/projects/checkers-competition/server/referee.jar on run_14_sajjanla_vdhankar #####
Move is valid
##### SUCCESS: /usr/lib/jvm/jdk-14.0.1/bin/java -jar /lab/itti/projects/checkers-competition/server/referee.jar on run_14_sajjanla_vdhankar #####
INPUT for vdhankar:
GAME
BLACK
168.512720108032
.b.b.b.b
b.......
.......w
..b...b.
.....b..
..w.w.b.
.w...b.B
w.....B.
##### Running: /usr/bin/time -o time_14_sajjanla_vdhankar.txt -f "%U" python3 homework.py > stulog.txt 2>&1 on vdhankar #####
child exited with value 1
##### ERROR: /usr/bin/time -o time_14_sajjanla_vdhankar.txt -f "%U" python3 homework.py > stulog.txt 2>&1 on vdhankar #####
##### Output of failed program (stdout + stderr): #####
Traceback (most recent call last):
  File "homework.py", line 546, in <module>
    print(end-start)
NameError: name 'end' is not defined
##### End of output of failed program #####
##### vdhankar plays [J f4 d2] in 3.14584112167358s #####
##### Running: /usr/lib/jvm/jdk-14.0.1/bin/java -jar /lab/itti/projects/checkers-competition/server/referee.jar on run_14_sajjanla_vdhankar #####
Move is valid
##### SUCCESS: /usr/lib/jvm/jdk-14.0.1/bin/java -jar /lab/itti/projects/checkers-competition/server/referee.jar on run_14_sajjanla_vdhankar #####
INPUT for sajjanla:
GAME
WHITE
286.65
.b.b.b.b
b.......
.......w
..b...b.
........
..w...b.
.w.b.b.B
w.....B.
##### Running: /usr/bin/time -o time_14_sajjanla_vdhankar.txt -f "%U" /usr/lib/jvm/jdk-14.0.1/bin/java homework > stulog.txt 2>&1 on sajjanla #####
##### SUCCESS: /usr/bin/time -o time_14_sajjanla_vdhankar.txt -f "%U" /usr/lib/jvm/jdk-14.0.1/bin/java homework > stulog.txt 2>&1 on sajjanla #####
##### sajjanla plays [E c3 b4] in 0.44s #####
##### Running: /usr/lib/jvm/jdk-14.0.1/bin/java -jar /lab/itti/projects/checkers-competition/server/referee.jar on run_14_sajjanla_vdhankar #####
Move is valid
##### SUCCESS: /usr/lib/jvm/jdk-14.0.1/bin/java -jar /lab/itti/projects/checkers-competition/server/referee.jar on run_14_sajjanla_vdhankar #####
INPUT for vdhankar:
GAME
BLACK
165.366878986359
.b.b.b.b
b.......
.......w
..b...b.
.w......
......b.
.w.b.b.B
w.....B.
##### Running: /usr/bin/time -o time_14_sajjanla_vdhankar.txt -f "%U" python3 homework.py > stulog.txt 2>&1 on vdhankar #####
child exited with value 1
##### ERROR: /usr/bin/time -o time_14_sajjanla_vdhankar.txt -f "%U" python3 homework.py > stulog.txt 2>&1 on vdhankar #####
##### Output of failed program (stdout + stderr): #####
Traceback (most recent call last):
  File "homework.py", line 546, in <module>
    print(end-start)
NameError: name 'end' is not defined
##### End of output of failed program #####
##### vdhankar plays [J c5 a3 ; J a3 c1] in 0.548106908798218s #####
##### Running: /usr/lib/jvm/jdk-14.0.1/bin/java -jar /lab/itti/projects/checkers-competition/server/referee.jar on run_14_sajjanla_vdhankar #####
Move is valid
##### SUCCESS: /usr/lib/jvm/jdk-14.0.1/bin/java -jar /lab/itti/projects/checkers-competition/server/referee.jar on run_14_sajjanla_vdhankar #####
INPUT for sajjanla:
GAME
WHITE
286.21
.b.b.b.b
b.......
.......w
......b.
........
......b.
...b.b.B
w.B...B.
##### Running: /usr/bin/time -o time_14_sajjanla_vdhankar.txt -f "%U" /usr/lib/jvm/jdk-14.0.1/bin/java homework > stulog.txt 2>&1 on sajjanla #####
##### SUCCESS: /usr/bin/time -o time_14_sajjanla_vdhankar.txt -f "%U" /usr/lib/jvm/jdk-14.0.1/bin/java homework > stulog.txt 2>&1 on sajjanla #####
##### sajjanla plays [E a1 b2] in 0.25s #####
##### Running: /usr/lib/jvm/jdk-14.0.1/bin/java -jar /lab/itti/projects/checkers-competition/server/referee.jar on run_14_sajjanla_vdhankar #####
Move is valid
##### SUCCESS: /usr/lib/jvm/jdk-14.0.1/bin/java -jar /lab/itti/projects/checkers-competition/server/referee.jar on run_14_sajjanla_vdhankar #####
INPUT for vdhankar:
GAME
BLACK
164.81877207756
.b.b.b.b
b.......
.......w
......b.
........
......b.
.w.b.b.B
..B...B.
##### Running: /usr/bin/time -o time_14_sajjanla_vdhankar.txt -f "%U" python3 homework.py > stulog.txt 2>&1 on vdhankar #####
child exited with value 1
##### ERROR: /usr/bin/time -o time_14_sajjanla_vdhankar.txt -f "%U" python3 homework.py > stulog.txt 2>&1 on vdhankar #####
##### Output of failed program (stdout + stderr): #####
Traceback (most recent call last):
  File "homework.py", line 546, in <module>
    print(end-start)
NameError: name 'end' is not defined
##### End of output of failed program #####
##### vdhankar plays [J c1 a3] in 0.487046003341675s #####
##### Running: /usr/lib/jvm/jdk-14.0.1/bin/java -jar /lab/itti/projects/checkers-competition/server/referee.jar on run_14_sajjanla_vdhankar #####
Move is valid
##### SUCCESS: /usr/lib/jvm/jdk-14.0.1/bin/java -jar /lab/itti/projects/checkers-competition/server/referee.jar on run_14_sajjanla_vdhankar #####
INPUT for sajjanla:
GAME
WHITE
285.96
.b.b.b.b
b.......
.......w
......b.
........
B.....b.
...b.b.B
......B.
##### Running: /usr/bin/time -o time_14_sajjanla_vdhankar.txt -f "%U" /usr/lib/jvm/jdk-14.0.1/bin/java homework > stulog.txt 2>&1 on sajjanla #####
##### SUCCESS: /usr/bin/time -o time_14_sajjanla_vdhankar.txt -f "%U" /usr/lib/jvm/jdk-14.0.1/bin/java homework > stulog.txt 2>&1 on sajjanla #####
##### sajjanla plays [E h6 g7] in 0.19s #####
##### Running: /usr/lib/jvm/jdk-14.0.1/bin/java -jar /lab/itti/projects/checkers-competition/server/referee.jar on run_14_sajjanla_vdhankar #####
Move is valid
##### SUCCESS: /usr/lib/jvm/jdk-14.0.1/bin/java -jar /lab/itti/projects/checkers-competition/server/referee.jar on run_14_sajjanla_vdhankar #####
INPUT for vdhankar:
GAME
BLACK
164.331726074219
.b.b.b.b
b.....w.
........
......b.
........
B.....b.
...b.b.B
......B.
##### Running: /usr/bin/time -o time_14_sajjanla_vdhankar.txt -f "%U" python3 homework.py > stulog.txt 2>&1 on vdhankar #####
child exited with value 1
##### ERROR: /usr/bin/time -o time_14_sajjanla_vdhankar.txt -f "%U" python3 homework.py > stulog.txt 2>&1 on vdhankar #####
##### Output of failed program (stdout + stderr): #####
Traceback (most recent call last):
  File "homework.py", line 546, in <module>
    print(end-start)
NameError: name 'end' is not defined
##### End of output of failed program #####
##### vdhankar plays [J f8 h6] in 0.397120952606201s #####
##### Running: /usr/lib/jvm/jdk-14.0.1/bin/java -jar /lab/itti/projects/checkers-competition/server/referee.jar on run_14_sajjanla_vdhankar #####
Move is valid
After this move, player WHITE cannot make any moves
*** Winner: BLACK ***
##### SUCCESS: /usr/lib/jvm/jdk-14.0.1/bin/java -jar /lab/itti/projects/checkers-competition/server/referee.jar on run_14_sajjanla_vdhankar #####
##### GAME OVER: vdhankar wins the game! #####
Server said: WIN
########## ROUND 14 GAMESCORE AFTER GAME 1: sajjanla=0 and vdhankar=1 ##########
#################### ROUND 14: sajjanla (B) vs vdhankar (W): game 2 ####################
##### game start! #####
INPUT for sajjanla:
GAME
BLACK
300
.b.b.b.b
b.b.b.b.
.b.b.b.b
........
........
w.w.w.w.
.w.w.w.w
w.w.w.w.
##### Running: /usr/bin/time -o time_14_sajjanla_vdhankar.txt -f "%U" /usr/lib/jvm/jdk-14.0.1/bin/java homework > stulog.txt 2>&1 on sajjanla #####
##### SUCCESS: /usr/bin/time -o time_14_sajjanla_vdhankar.txt -f "%U" /usr/lib/jvm/jdk-14.0.1/bin/java homework > stulog.txt 2>&1 on sajjanla #####
##### sajjanla plays [E b6 a5] in 0.94s #####
##### Running: /usr/lib/jvm/jdk-14.0.1/bin/java -jar /lab/itti/projects/checkers-competition/server/referee.jar on run_14_sajjanla_vdhankar #####
Move is valid
Couldn't read file 'current_ply.txt'
Couldn't read content from file 'current_ply.txt'
Couldn't read file 'lastmatchange_ply.txt'
Couldn't read content from file 'lastmatchange_ply.txt'
##### SUCCESS: /usr/lib/jvm/jdk-14.0.1/bin/java -jar /lab/itti/projects/checkers-competition/server/referee.jar on run_14_sajjanla_vdhankar #####
INPUT for vdhankar:
GAME
WHITE
300
.b.b.b.b
b.b.b.b.
...b.b.b
b.......
........
w.w.w.w.
.w.w.w.w
w.w.w.w.
##### Running: /usr/bin/time -o time_14_sajjanla_vdhankar.txt -f "%U" python3 homework.py > stulog.txt 2>&1 on vdhankar #####
child exited with value 1
##### ERROR: /usr/bin/time -o time_14_sajjanla_vdhankar.txt -f "%U" python3 homework.py > stulog.txt 2>&1 on vdhankar #####
##### Output of failed program (stdout + stderr): #####
Traceback (most recent call last):
  File "homework.py", line 546, in <module>
    print(end-start)
NameError: name 'end' is not defined
##### End of output of failed program #####
##### vdhankar plays [E g3 h4] in 14.7702028751373s #####
##### Running: /usr/lib/jvm/jdk-14.0.1/bin/java -jar /lab/itti/projects/checkers-competition/server/referee.jar on run_14_sajjanla_vdhankar #####
Move is valid
##### SUCCESS: /usr/lib/jvm/jdk-14.0.1/bin/java -jar /lab/itti/projects/checkers-competition/server/referee.jar on run_14_sajjanla_vdhankar #####
INPUT for sajjanla:
GAME
BLACK
299.06
.b.b.b.b
b.b.b.b.
...b.b.b
b.......
.......w
w.w.w...
.w.w.w.w
w.w.w.w.
##### Running: /usr/bin/time -o time_14_sajjanla_vdhankar.txt -f "%U" /usr/lib/jvm/jdk-14.0.1/bin/java homework > stulog.txt 2>&1 on sajjanla #####
##### SUCCESS: /usr/bin/time -o time_14_sajjanla_vdhankar.txt -f "%U" /usr/lib/jvm/jdk-14.0.1/bin/java homework > stulog.txt 2>&1 on sajjanla #####
##### sajjanla plays [E d6 c5] in 1.15s #####
##### Running: /usr/lib/jvm/jdk-14.0.1/bin/java -jar /lab/itti/projects/checkers-competition/server/referee.jar on run_14_sajjanla_vdhankar #####
Move is valid
##### SUCCESS: /usr/lib/jvm/jdk-14.0.1/bin/java -jar /lab/itti/projects/checkers-competition/server/referee.jar on run_14_sajjanla_vdhankar #####
INPUT for vdhankar:
GAME
WHITE
285.229797124863
.b.b.b.b
b.b.b.b.
.....b.b
b.b.....
.......w
w.w.w...
.w.w.w.w
w.w.w.w.
##### Running: /usr/bin/time -o time_14_sajjanla_vdhankar.txt -f "%U" python3 homework.py > stulog.txt 2>&1 on vdhankar #####
child exited with value 1
##### ERROR: /usr/bin/time -o time_14_sajjanla_vdhankar.txt -f "%U" python3 homework.py > stulog.txt 2>&1 on vdhankar #####
##### Output of failed program (stdout + stderr): #####
Traceback (most recent call last):
  File "homework.py", line 546, in <module>
    print(end-start)
NameError: name 'end' is not defined
##### End of output of failed program #####
##### vdhankar plays [E h2 g3] in 13.7348289489746s #####
##### Running: /usr/lib/jvm/jdk-14.0.1/bin/java -jar /lab/itti/projects/checkers-competition/server/referee.jar on run_14_sajjanla_vdhankar #####
Move is valid
##### SUCCESS: /usr/lib/jvm/jdk-14.0.1/bin/java -jar /lab/itti/projects/checkers-competition/server/referee.jar on run_14_sajjanla_vdhankar #####
INPUT for sajjanla:
GAME
BLACK
297.91
.b.b.b.b
b.b.b.b.
.....b.b
b.b.....
.......w
w.w.w.w.
.w.w.w..
w.w.w.w.
##### Running: /usr/bin/time -o time_14_sajjanla_vdhankar.txt -f "%U" /usr/lib/jvm/jdk-14.0.1/bin/java homework > stulog.txt 2>&1 on sajjanla #####
##### SUCCESS: /usr/bin/time -o time_14_sajjanla_vdhankar.txt -f "%U" /usr/lib/jvm/jdk-14.0.1/bin/java homework > stulog.txt 2>&1 on sajjanla #####
##### sajjanla plays [E c7 b6] in 0.97s #####
##### Running: /usr/lib/jvm/jdk-14.0.1/bin/java -jar /lab/itti/projects/checkers-competition/server/referee.jar on run_14_sajjanla_vdhankar #####
Move is valid
##### SUCCESS: /usr/lib/jvm/jdk-14.0.1/bin/java -jar /lab/itti/projects/checkers-competition/server/referee.jar on run_14_sajjanla_vdhankar #####
INPUT for vdhankar:
GAME
WHITE
271.494968175888
.b.b.b.b
b...b.b.
.b...b.b
b.b.....
.......w
w.w.w.w.
.w.w.w..
w.w.w.w.
##### Running: /usr/bin/time -o time_14_sajjanla_vdhankar.txt -f "%U" python3 homework.py > stulog.txt 2>&1 on vdhankar #####
child exited with value 1
##### ERROR: /usr/bin/time -o time_14_sajjanla_vdhankar.txt -f "%U" python3 homework.py > stulog.txt 2>&1 on vdhankar #####
##### Output of failed program (stdout + stderr): #####
Traceback (most recent call last):
  File "homework.py", line 546, in <module>
    print(end-start)
NameError: name 'end' is not defined
##### End of output of failed program #####
##### vdhankar plays [E e3 f4] in 8.56243395805359s #####
##### Running: /usr/lib/jvm/jdk-14.0.1/bin/java -jar /lab/itti/projects/checkers-competition/server/referee.jar on run_14_sajjanla_vdhankar #####
Move is valid
##### SUCCESS: /usr/lib/jvm/jdk-14.0.1/bin/java -jar /lab/itti/projects/checkers-competition/server/referee.jar on run_14_sajjanla_vdhankar #####
INPUT for sajjanla:
GAME
BLACK
296.94
.b.b.b.b
b...b.b.
.b...b.b
b.b.....
.....w.w
w.w...w.
.w.w.w..
w.w.w.w.
##### Running: /usr/bin/time -o time_14_sajjanla_vdhankar.txt -f "%U" /usr/lib/jvm/jdk-14.0.1/bin/java homework > stulog.txt 2>&1 on sajjanla #####
##### SUCCESS: /usr/bin/time -o time_14_sajjanla_vdhankar.txt -f "%U" /usr/lib/jvm/jdk-14.0.1/bin/java homework > stulog.txt 2>&1 on sajjanla #####
##### sajjanla plays [E b8 c7] in 0.76s #####
##### Running: /usr/lib/jvm/jdk-14.0.1/bin/java -jar /lab/itti/projects/checkers-competition/server/referee.jar on run_14_sajjanla_vdhankar #####
Move is valid
##### SUCCESS: /usr/lib/jvm/jdk-14.0.1/bin/java -jar /lab/itti/projects/checkers-competition/server/referee.jar on run_14_sajjanla_vdhankar #####
INPUT for vdhankar:
GAME
WHITE
262.932534217834
...b.b.b
b.b.b.b.
.b...b.b
b.b.....
.....w.w
w.w...w.
.w.w.w..
w.w.w.w.
##### Running: /usr/bin/time -o time_14_sajjanla_vdhankar.txt -f "%U" python3 homework.py > stulog.txt 2>&1 on vdhankar #####
child exited with value 1
##### ERROR: /usr/bin/time -o time_14_sajjanla_vdhankar.txt -f "%U" python3 homework.py > stulog.txt 2>&1 on vdhankar #####
##### Output of failed program (stdout + stderr): #####
Traceback (most recent call last):
  File "homework.py", line 546, in <module>
    print(end-start)
NameError: name 'end' is not defined
##### End of output of failed program #####
##### vdhankar plays [E c3 b4] in 2.32457900047302s #####
##### Running: /usr/lib/jvm/jdk-14.0.1/bin/java -jar /lab/itti/projects/checkers-competition/server/referee.jar on run_14_sajjanla_vdhankar #####
Move is valid
##### SUCCESS: /usr/lib/jvm/jdk-14.0.1/bin/java -jar /lab/itti/projects/checkers-competition/server/referee.jar on run_14_sajjanla_vdhankar #####
INPUT for sajjanla:
GAME
BLACK
296.18
...b.b.b
b.b.b.b.
.b...b.b
b.b.....
.w...w.w
w.....w.
.w.w.w..
w.w.w.w.
##### Running: /usr/bin/time -o time_14_sajjanla_vdhankar.txt -f "%U" /usr/lib/jvm/jdk-14.0.1/bin/java homework > stulog.txt 2>&1 on sajjanla #####
##### SUCCESS: /usr/bin/time -o time_14_sajjanla_vdhankar.txt -f "%U" /usr/lib/jvm/jdk-14.0.1/bin/java homework > stulog.txt 2>&1 on sajjanla #####
##### sajjanla plays [E a5 c3] in 0.43s #####
##### Running: /usr/lib/jvm/jdk-14.0.1/bin/java -jar /lab/itti/projects/checkers-competition/server/referee.jar on run_14_sajjanla_vdhankar #####
Move is valid
##### SUCCESS: /usr/lib/jvm/jdk-14.0.1/bin/java -jar /lab/itti/projects/checkers-competition/server/referee.jar on run_14_sajjanla_vdhankar #####
INPUT for vdhankar:
GAME
WHITE
260.607955217361
...b.b.b
b.b.b.b.
.b...b.b
..b.....
.w...w.w
w.b...w.
.w.w.w..
w.w.w.w.
##### Running: /usr/bin/time -o time_14_sajjanla_vdhankar.txt -f "%U" python3 homework.py > stulog.txt 2>&1 on vdhankar #####
child exited with value 1
##### ERROR: /usr/bin/time -o time_14_sajjanla_vdhankar.txt -f "%U" python3 homework.py > stulog.txt 2>&1 on vdhankar #####
##### Output of failed program (stdout + stderr): #####
Traceback (most recent call last):
  File "homework.py", line 546, in <module>
    print(end-start)
NameError: name 'end' is not defined
##### End of output of failed program #####
##### vdhankar plays [J b4 d6 ; J d6 b8] in 2.2454240322113s #####
##### Running: /usr/lib/jvm/jdk-14.0.1/bin/java -jar /lab/itti/projects/checkers-competition/server/referee.jar on run_14_sajjanla_vdhankar #####
Move is valid
##### SUCCESS: /usr/lib/jvm/jdk-14.0.1/bin/java -jar /lab/itti/projects/checkers-competition/server/referee.jar on run_14_sajjanla_vdhankar #####
INPUT for sajjanla:
GAME
BLACK
295.75
.W.b.b.b
b...b.b.
.b...b.b
........
.....w.w
w.b...w.
.w.w.w..
w.w.w.w.
##### Running: /usr/bin/time -o time_14_sajjanla_vdhankar.txt -f "%U" /usr/lib/jvm/jdk-14.0.1/bin/java homework > stulog.txt 2>&1 on sajjanla #####
##### SUCCESS: /usr/bin/time -o time_14_sajjanla_vdhankar.txt -f "%U" /usr/lib/jvm/jdk-14.0.1/bin/java homework > stulog.txt 2>&1 on sajjanla #####
##### sajjanla plays [E b6 a5] in 0.57s #####
##### Running: /usr/lib/jvm/jdk-14.0.1/bin/java -jar /lab/itti/projects/checkers-competition/server/referee.jar on run_14_sajjanla_vdhankar #####
Move is valid
##### SUCCESS: /usr/lib/jvm/jdk-14.0.1/bin/java -jar /lab/itti/projects/checkers-competition/server/referee.jar on run_14_sajjanla_vdhankar #####
INPUT for vdhankar:
GAME
WHITE
258.36253118515
.W.b.b.b
b...b.b.
.....b.b
b.......
.....w.w
w.b...w.
.w.w.w..
w.w.w.w.
##### Running: /usr/bin/time -o time_14_sajjanla_vdhankar.txt -f "%U" python3 homework.py > stulog.txt 2>&1 on vdhankar #####
child exited with value 1
##### ERROR: /usr/bin/time -o time_14_sajjanla_vdhankar.txt -f "%U" python3 homework.py > stulog.txt 2>&1 on vdhankar #####
##### Output of failed program (stdout + stderr): #####
Traceback (most recent call last):
  File "homework.py", line 546, in <module>
    print(end-start)
NameError: name 'end' is not defined
##### End of output of failed program #####
##### vdhankar plays [J d2 b4] in 1.03794598579407s #####
##### Running: /usr/lib/jvm/jdk-14.0.1/bin/java -jar /lab/itti/projects/checkers-competition/server/referee.jar on run_14_sajjanla_vdhankar #####
Move is valid
##### SUCCESS: /usr/lib/jvm/jdk-14.0.1/bin/java -jar /lab/itti/projects/checkers-competition/server/referee.jar on run_14_sajjanla_vdhankar #####
INPUT for sajjanla:
GAME
BLACK
295.18
.W.b.b.b
b...b.b.
.....b.b
b.......
.w...w.w
w.....w.
.w...w..
w.w.w.w.
##### Running: /usr/bin/time -o time_14_sajjanla_vdhankar.txt -f "%U" /usr/lib/jvm/jdk-14.0.1/bin/java homework > stulog.txt 2>&1 on sajjanla #####
##### SUCCESS: /usr/bin/time -o time_14_sajjanla_vdhankar.txt -f "%U" /usr/lib/jvm/jdk-14.0.1/bin/java homework > stulog.txt 2>&1 on sajjanla #####
##### sajjanla plays [E a5 c3] in 0.49s #####
##### Running: /usr/lib/jvm/jdk-14.0.1/bin/java -jar /lab/itti/projects/checkers-competition/server/referee.jar on run_14_sajjanla_vdhankar #####
Move is valid
##### SUCCESS: /usr/lib/jvm/jdk-14.0.1/bin/java -jar /lab/itti/projects/checkers-competition/server/referee.jar on run_14_sajjanla_vdhankar #####
INPUT for vdhankar:
GAME
WHITE
257.324585199356
.W.b.b.b
b...b.b.
.....b.b
........
.w...w.w
w.b...w.
.w...w..
w.w.w.w.
##### Running: /usr/bin/time -o time_14_sajjanla_vdhankar.txt -f "%U" python3 homework.py > stulog.txt 2>&1 on vdhankar #####
child exited with value 1
##### ERROR: /usr/bin/time -o time_14_sajjanla_vdhankar.txt -f "%U" python3 homework.py > stulog.txt 2>&1 on vdhankar #####
##### Output of failed program (stdout + stderr): #####
Traceback (most recent call last):
  File "homework.py", line 546, in <module>
    print(end-start)
NameError: name 'end' is not defined
##### End of output of failed program #####
##### vdhankar plays [J b2 d4] in 0.728312015533447s #####
##### Running: /usr/lib/jvm/jdk-14.0.1/bin/java -jar /lab/itti/projects/checkers-competition/server/referee.jar on run_14_sajjanla_vdhankar #####
Move is valid
##### SUCCESS: /usr/lib/jvm/jdk-14.0.1/bin/java -jar /lab/itti/projects/checkers-competition/server/referee.jar on run_14_sajjanla_vdhankar #####
INPUT for sajjanla:
GAME
BLACK
294.69
.W.b.b.b
b...b.b.
.....b.b
........
.w.w.w.w
w.....w.
.....w..
w.w.w.w.
##### Running: /usr/bin/time -o time_14_sajjanla_vdhankar.txt -f "%U" /usr/lib/jvm/jdk-14.0.1/bin/java homework > stulog.txt 2>&1 on sajjanla #####
##### SUCCESS: /usr/bin/time -o time_14_sajjanla_vdhankar.txt -f "%U" /usr/lib/jvm/jdk-14.0.1/bin/java homework > stulog.txt 2>&1 on sajjanla #####
##### sajjanla plays [E a7 b6] in 0.6s #####
##### Running: /usr/lib/jvm/jdk-14.0.1/bin/java -jar /lab/itti/projects/checkers-competition/server/referee.jar on run_14_sajjanla_vdhankar #####
Move is valid
##### SUCCESS: /usr/lib/jvm/jdk-14.0.1/bin/java -jar /lab/itti/projects/checkers-competition/server/referee.jar on run_14_sajjanla_vdhankar #####
INPUT for vdhankar:
GAME
WHITE
256.596273183823
.W.b.b.b
....b.b.
.b...b.b
........
.w.w.w.w
w.....w.
.....w..
w.w.w.w.
##### Running: /usr/bin/time -o time_14_sajjanla_vdhankar.txt -f "%U" python3 homework.py > stulog.txt 2>&1 on vdhankar #####
child exited with value 1
##### ERROR: /usr/bin/time -o time_14_sajjanla_vdhankar.txt -f "%U" python3 homework.py > stulog.txt 2>&1 on vdhankar #####
##### Output of failed program (stdout + stderr): #####
Traceback (most recent call last):
  File "homework.py", line 546, in <module>
    print(end-start)
NameError: name 'end' is not defined
##### End of output of failed program #####
##### vdhankar plays [E b4 c5] in 8.13174104690552s #####
##### Running: /usr/lib/jvm/jdk-14.0.1/bin/java -jar /lab/itti/projects/checkers-competition/server/referee.jar on run_14_sajjanla_vdhankar #####
Move is valid
##### SUCCESS: /usr/lib/jvm/jdk-14.0.1/bin/java -jar /lab/itti/projects/checkers-competition/server/referee.jar on run_14_sajjanla_vdhankar #####
INPUT for sajjanla:
GAME
BLACK
294.09
.W.b.b.b
....b.b.
.b...b.b
..w.....
...w.w.w
w.....w.
.....w..
w.w.w.w.
##### Running: /usr/bin/time -o time_14_sajjanla_vdhankar.txt -f "%U" /usr/lib/jvm/jdk-14.0.1/bin/java homework > stulog.txt 2>&1 on sajjanla #####
##### SUCCESS: /usr/bin/time -o time_14_sajjanla_vdhankar.txt -f "%U" /usr/lib/jvm/jdk-14.0.1/bin/java homework > stulog.txt 2>&1 on sajjanla #####
##### sajjanla plays [E b6 a5] in 0.76s #####
##### Running: /usr/lib/jvm/jdk-14.0.1/bin/java -jar /lab/itti/projects/checkers-competition/server/referee.jar on run_14_sajjanla_vdhankar #####
Move is valid
##### SUCCESS: /usr/lib/jvm/jdk-14.0.1/bin/java -jar /lab/itti/projects/checkers-competition/server/referee.jar on run_14_sajjanla_vdhankar #####
INPUT for vdhankar:
GAME
WHITE
248.464532136917
.W.b.b.b
....b.b.
.....b.b
b.w.....
...w.w.w
w.....w.
.....w..
w.w.w.w.
##### Running: /usr/bin/time -o time_14_sajjanla_vdhankar.txt -f "%U" python3 homework.py > stulog.txt 2>&1 on vdhankar #####
child exited with value 1
##### ERROR: /usr/bin/time -o time_14_sajjanla_vdhankar.txt -f "%U" python3 homework.py > stulog.txt 2>&1 on vdhankar #####
##### Output of failed program (stdout + stderr): #####
Traceback (most recent call last):
  File "homework.py", line 546, in <module>
    print(end-start)
NameError: name 'end' is not defined
##### End of output of failed program #####
##### vdhankar plays [E f4 e5] in 13.4819450378418s #####
##### Running: /usr/lib/jvm/jdk-14.0.1/bin/java -jar /lab/itti/projects/checkers-competition/server/referee.jar on run_14_sajjanla_vdhankar #####
Move is valid
##### SUCCESS: /usr/lib/jvm/jdk-14.0.1/bin/java -jar /lab/itti/projects/checkers-competition/server/referee.jar on run_14_sajjanla_vdhankar #####
INPUT for sajjanla:
GAME
BLACK
293.33
.W.b.b.b
....b.b.
.....b.b
b.w.w...
...w...w
w.....w.
.....w..
w.w.w.w.
##### Running: /usr/bin/time -o time_14_sajjanla_vdhankar.txt -f "%U" /usr/lib/jvm/jdk-14.0.1/bin/java homework > stulog.txt 2>&1 on sajjanla #####
##### SUCCESS: /usr/bin/time -o time_14_sajjanla_vdhankar.txt -f "%U" /usr/lib/jvm/jdk-14.0.1/bin/java homework > stulog.txt 2>&1 on sajjanla #####
##### sajjanla plays [E a5 b4] in 0.56s #####
##### Running: /usr/lib/jvm/jdk-14.0.1/bin/java -jar /lab/itti/projects/checkers-competition/server/referee.jar on run_14_sajjanla_vdhankar #####
Move is valid
##### SUCCESS: /usr/lib/jvm/jdk-14.0.1/bin/java -jar /lab/itti/projects/checkers-competition/server/referee.jar on run_14_sajjanla_vdhankar #####
INPUT for vdhankar:
GAME
WHITE
234.982587099075
.W.b.b.b
....b.b.
.....b.b
..w.w...
.b.w...w
w.....w.
.....w..
w.w.w.w.
##### Running: /usr/bin/time -o time_14_sajjanla_vdhankar.txt -f "%U" python3 homework.py > stulog.txt 2>&1 on vdhankar #####
child exited with value 1
##### ERROR: /usr/bin/time -o time_14_sajjanla_vdhankar.txt -f "%U" python3 homework.py > stulog.txt 2>&1 on vdhankar #####
##### Output of failed program (stdout + stderr): #####
Traceback (most recent call last):
  File "homework.py", line 546, in <module>
    print(end-start)
NameError: name 'end' is not defined
##### End of output of failed program #####
##### vdhankar plays [E b8 c7] in 5.70432114601135s #####
##### Running: /usr/lib/jvm/jdk-14.0.1/bin/java -jar /lab/itti/projects/checkers-competition/server/referee.jar on run_14_sajjanla_vdhankar #####
Move is valid
##### SUCCESS: /usr/lib/jvm/jdk-14.0.1/bin/java -jar /lab/itti/projects/checkers-competition/server/referee.jar on run_14_sajjanla_vdhankar #####
INPUT for sajjanla:
GAME
BLACK
292.77
...b.b.b
..W.b.b.
.....b.b
..w.w...
.b.w...w
w.....w.
.....w..
w.w.w.w.
##### Running: /usr/bin/time -o time_14_sajjanla_vdhankar.txt -f "%U" /usr/lib/jvm/jdk-14.0.1/bin/java homework > stulog.txt 2>&1 on sajjanla #####
##### SUCCESS: /usr/bin/time -o time_14_sajjanla_vdhankar.txt -f "%U" /usr/lib/jvm/jdk-14.0.1/bin/java homework > stulog.txt 2>&1 on sajjanla #####
##### sajjanla plays [E d8 b6] in 0.3s #####
##### Running: /usr/lib/jvm/jdk-14.0.1/bin/java -jar /lab/itti/projects/checkers-competition/server/referee.jar on run_14_sajjanla_vdhankar #####
Move is valid
##### SUCCESS: /usr/lib/jvm/jdk-14.0.1/bin/java -jar /lab/itti/projects/checkers-competition/server/referee.jar on run_14_sajjanla_vdhankar #####
INPUT for vdhankar:
GAME
WHITE
229.278265953064
.....b.b
..W.b.b.
.b...b.b
..w.w...
.b.w...w
w.....w.
.....w..
w.w.w.w.
##### Running: /usr/bin/time -o time_14_sajjanla_vdhankar.txt -f "%U" python3 homework.py > stulog.txt 2>&1 on vdhankar #####
child exited with value 1
##### ERROR: /usr/bin/time -o time_14_sajjanla_vdhankar.txt -f "%U" python3 homework.py > stulog.txt 2>&1 on vdhankar #####
##### Output of failed program (stdout + stderr): #####
Traceback (most recent call last):
  File "homework.py", line 546, in <module>
    print(end-start)
NameError: name 'end' is not defined
##### End of output of failed program #####
##### vdhankar plays [J c7 a5 ; J a5 c3] in 1.67472386360168s #####
##### Running: /usr/lib/jvm/jdk-14.0.1/bin/java -jar /lab/itti/projects/checkers-competition/server/referee.jar on run_14_sajjanla_vdhankar #####
Move is valid
##### SUCCESS: /usr/lib/jvm/jdk-14.0.1/bin/java -jar /lab/itti/projects/checkers-competition/server/referee.jar on run_14_sajjanla_vdhankar #####
INPUT for sajjanla:
GAME
BLACK
292.47
.....b.b
....b.b.
.....b.b
..w.w...
...w...w
w.W...w.
.....w..
w.w.w.w.
##### Running: /usr/bin/time -o time_14_sajjanla_vdhankar.txt -f "%U" /usr/lib/jvm/jdk-14.0.1/bin/java homework > stulog.txt 2>&1 on sajjanla #####
##### SUCCESS: /usr/bin/time -o time_14_sajjanla_vdhankar.txt -f "%U" /usr/lib/jvm/jdk-14.0.1/bin/java homework > stulog.txt 2>&1 on sajjanla #####
##### sajjanla plays [E h6 g5] in 0.43s #####
##### Running: /usr/lib/jvm/jdk-14.0.1/bin/java -jar /lab/itti/projects/checkers-competition/server/referee.jar on run_14_sajjanla_vdhankar #####
Move is valid
##### SUCCESS: /usr/lib/jvm/jdk-14.0.1/bin/java -jar /lab/itti/projects/checkers-competition/server/referee.jar on run_14_sajjanla_vdhankar #####
INPUT for vdhankar:
GAME
WHITE
227.603542089462
.....b.b
....b.b.
.....b..
..w.w.b.
...w...w
w.W...w.
.....w..
w.w.w.w.
##### Running: /usr/bin/time -o time_14_sajjanla_vdhankar.txt -f "%U" python3 homework.py > stulog.txt 2>&1 on vdhankar #####
child exited with value 1
##### ERROR: /usr/bin/time -o time_14_sajjanla_vdhankar.txt -f "%U" python3 homework.py > stulog.txt 2>&1 on vdhankar #####
##### Output of failed program (stdout + stderr): #####
Traceback (most recent call last):
  File "homework.py", line 546, in <module>
    print(end-start)
NameError: name 'end' is not defined
##### End of output of failed program #####
##### vdhankar plays [E e5 d6] in 7.76428914070129s #####
##### Running: /usr/lib/jvm/jdk-14.0.1/bin/java -jar /lab/itti/projects/checkers-competition/server/referee.jar on run_14_sajjanla_vdhankar #####
Move is valid
##### SUCCESS: /usr/lib/jvm/jdk-14.0.1/bin/java -jar /lab/itti/projects/checkers-competition/server/referee.jar on run_14_sajjanla_vdhankar #####
INPUT for sajjanla:
GAME
BLACK
292.04
.....b.b
....b.b.
...w.b..
..w...b.
...w...w
w.W...w.
.....w..
w.w.w.w.
##### Running: /usr/bin/time -o time_14_sajjanla_vdhankar.txt -f "%U" /usr/lib/jvm/jdk-14.0.1/bin/java homework > stulog.txt 2>&1 on sajjanla #####
##### SUCCESS: /usr/bin/time -o time_14_sajjanla_vdhankar.txt -f "%U" /usr/lib/jvm/jdk-14.0.1/bin/java homework > stulog.txt 2>&1 on sajjanla #####
##### sajjanla plays [E g7 h6] in 0.45s #####
##### Running: /usr/lib/jvm/jdk-14.0.1/bin/java -jar /lab/itti/projects/checkers-competition/server/referee.jar on run_14_sajjanla_vdhankar #####
Move is valid
##### SUCCESS: /usr/lib/jvm/jdk-14.0.1/bin/java -jar /lab/itti/projects/checkers-competition/server/referee.jar on run_14_sajjanla_vdhankar #####
INPUT for vdhankar:
GAME
WHITE
219.839252948761
.....b.b
....b...
...w.b.b
..w...b.
...w...w
w.W...w.
.....w..
w.w.w.w.
##### Running: /usr/bin/time -o time_14_sajjanla_vdhankar.txt -f "%U" python3 homework.py > stulog.txt 2>&1 on vdhankar #####
child exited with value 1
##### ERROR: /usr/bin/time -o time_14_sajjanla_vdhankar.txt -f "%U" python3 homework.py > stulog.txt 2>&1 on vdhankar #####
##### Output of failed program (stdout + stderr): #####
Traceback (most recent call last):
  File "homework.py", line 546, in <module>
    print(end-start)
NameError: name 'end' is not defined
##### End of output of failed program #####
##### vdhankar plays [E f2 e3] in 7.12592482566833s #####
##### Running: /usr/lib/jvm/jdk-14.0.1/bin/java -jar /lab/itti/projects/checkers-competition/server/referee.jar on run_14_sajjanla_vdhankar #####
Move is valid
##### SUCCESS: /usr/lib/jvm/jdk-14.0.1/bin/java -jar /lab/itti/projects/checkers-competition/server/referee.jar on run_14_sajjanla_vdhankar #####
INPUT for sajjanla:
GAME
BLACK
291.59
.....b.b
....b...
...w.b.b
..w...b.
...w...w
w.W.w.w.
........
w.w.w.w.
##### Running: /usr/bin/time -o time_14_sajjanla_vdhankar.txt -f "%U" /usr/lib/jvm/jdk-14.0.1/bin/java homework > stulog.txt 2>&1 on sajjanla #####
##### SUCCESS: /usr/bin/time -o time_14_sajjanla_vdhankar.txt -f "%U" /usr/lib/jvm/jdk-14.0.1/bin/java homework > stulog.txt 2>&1 on sajjanla #####
##### sajjanla plays [E f8 g7] in 0.76s #####
##### Running: /usr/lib/jvm/jdk-14.0.1/bin/java -jar /lab/itti/projects/checkers-competition/server/referee.jar on run_14_sajjanla_vdhankar #####
Move is valid
##### SUCCESS: /usr/lib/jvm/jdk-14.0.1/bin/java -jar /lab/itti/projects/checkers-competition/server/referee.jar on run_14_sajjanla_vdhankar #####
INPUT for vdhankar:
GAME
WHITE
212.713328123093
.......b
....b.b.
...w.b.b
..w...b.
...w...w
w.W.w.w.
........
w.w.w.w.
##### Running: /usr/bin/time -o time_14_sajjanla_vdhankar.txt -f "%U" python3 homework.py > stulog.txt 2>&1 on vdhankar #####
child exited with value 1
##### ERROR: /usr/bin/time -o time_14_sajjanla_vdhankar.txt -f "%U" python3 homework.py > stulog.txt 2>&1 on vdhankar #####
##### Output of failed program (stdout + stderr): #####
Traceback (most recent call last):
  File "homework.py", line 546, in <module>
    print(end-start)
NameError: name 'end' is not defined
##### End of output of failed program #####
##### vdhankar plays [J d6 f8] in 0.698519945144653s #####
##### Running: /usr/lib/jvm/jdk-14.0.1/bin/java -jar /lab/itti/projects/checkers-competition/server/referee.jar on run_14_sajjanla_vdhankar #####
Move is valid
##### SUCCESS: /usr/lib/jvm/jdk-14.0.1/bin/java -jar /lab/itti/projects/checkers-competition/server/referee.jar on run_14_sajjanla_vdhankar #####
INPUT for sajjanla:
GAME
BLACK
290.83
.....W.b
......b.
.....b.b
..w...b.
...w...w
w.W.w.w.
........
w.w.w.w.
##### Running: /usr/bin/time -o time_14_sajjanla_vdhankar.txt -f "%U" /usr/lib/jvm/jdk-14.0.1/bin/java homework > stulog.txt 2>&1 on sajjanla #####
##### SUCCESS: /usr/bin/time -o time_14_sajjanla_vdhankar.txt -f "%U" /usr/lib/jvm/jdk-14.0.1/bin/java homework > stulog.txt 2>&1 on sajjanla #####
##### sajjanla plays [E f6 e5] in 0.35s #####
##### Running: /usr/lib/jvm/jdk-14.0.1/bin/java -jar /lab/itti/projects/checkers-competition/server/referee.jar on run_14_sajjanla_vdhankar #####
Move is valid
##### SUCCESS: /usr/lib/jvm/jdk-14.0.1/bin/java -jar /lab/itti/projects/checkers-competition/server/referee.jar on run_14_sajjanla_vdhankar #####
INPUT for vdhankar:
GAME
WHITE
212.014808177948
.....W.b
......b.
.......b
..w.b.b.
...w...w
w.W.w.w.
........
w.w.w.w.
##### Running: /usr/bin/time -o time_14_sajjanla_vdhankar.txt -f "%U" python3 homework.py > stulog.txt 2>&1 on vdhankar #####
child exited with value 1
##### ERROR: /usr/bin/time -o time_14_sajjanla_vdhankar.txt -f "%U" python3 homework.py > stulog.txt 2>&1 on vdhankar #####
##### Output of failed program (stdout + stderr): #####
Traceback (most recent call last):
  File "homework.py", line 546, in <module>
    print(end-start)
NameError: name 'end' is not defined
##### End of output of failed program #####
##### vdhankar plays [J h4 f6] in 0.73851203918457s #####
##### Running: /usr/lib/jvm/jdk-14.0.1/bin/java -jar /lab/itti/projects/checkers-competition/server/referee.jar on run_14_sajjanla_vdhankar #####
Move is valid
##### SUCCESS: /usr/lib/jvm/jdk-14.0.1/bin/java -jar /lab/itti/projects/checkers-competition/server/referee.jar on run_14_sajjanla_vdhankar #####
INPUT for sajjanla:
GAME
BLACK
290.48
.....W.b
......b.
.....w.b
..w.b...
...w....
w.W.w.w.
........
w.w.w.w.
##### Running: /usr/bin/time -o time_14_sajjanla_vdhankar.txt -f "%U" /usr/lib/jvm/jdk-14.0.1/bin/java homework > stulog.txt 2>&1 on sajjanla #####
##### SUCCESS: /usr/bin/time -o time_14_sajjanla_vdhankar.txt -f "%U" /usr/lib/jvm/jdk-14.0.1/bin/java homework > stulog.txt 2>&1 on sajjanla #####
##### sajjanla plays [E e5 f4] in 0.26s #####
##### Running: /usr/lib/jvm/jdk-14.0.1/bin/java -jar /lab/itti/projects/checkers-competition/server/referee.jar on run_14_sajjanla_vdhankar #####
Move is valid
##### SUCCESS: /usr/lib/jvm/jdk-14.0.1/bin/java -jar /lab/itti/projects/checkers-competition/server/referee.jar on run_14_sajjanla_vdhankar #####
INPUT for vdhankar:
GAME
WHITE
211.276296138763
.....W.b
......b.
.....w.b
..w.....
...w.b..
w.W.w.w.
........
w.w.w.w.
##### Running: /usr/bin/time -o time_14_sajjanla_vdhankar.txt -f "%U" python3 homework.py > stulog.txt 2>&1 on vdhankar #####
child exited with value 1
##### ERROR: /usr/bin/time -o time_14_sajjanla_vdhankar.txt -f "%U" python3 homework.py > stulog.txt 2>&1 on vdhankar #####
##### Output of failed program (stdout + stderr): #####
Traceback (most recent call last):
  File "homework.py", line 546, in <module>
    print(end-start)
NameError: name 'end' is not defined
##### End of output of failed program #####
##### vdhankar plays [J e3 g5] in 0.377970933914185s #####
##### Running: /usr/lib/jvm/jdk-14.0.1/bin/java -jar /lab/itti/projects/checkers-competition/server/referee.jar on run_14_sajjanla_vdhankar #####
Move is valid
##### SUCCESS: /usr/lib/jvm/jdk-14.0.1/bin/java -jar /lab/itti/projects/checkers-competition/server/referee.jar on run_14_sajjanla_vdhankar #####
INPUT for sajjanla:
GAME
BLACK
290.22
.....W.b
......b.
.....w.b
..w...w.
...w....
w.W...w.
........
w.w.w.w.
##### Running: /usr/bin/time -o time_14_sajjanla_vdhankar.txt -f "%U" /usr/lib/jvm/jdk-14.0.1/bin/java homework > stulog.txt 2>&1 on sajjanla #####
##### SUCCESS: /usr/bin/time -o time_14_sajjanla_vdhankar.txt -f "%U" /usr/lib/jvm/jdk-14.0.1/bin/java homework > stulog.txt 2>&1 on sajjanla #####
##### sajjanla plays [E g7 e5] in 0.23s #####
##### Running: /usr/lib/jvm/jdk-14.0.1/bin/java -jar /lab/itti/projects/checkers-competition/server/referee.jar on run_14_sajjanla_vdhankar #####
Move is valid
##### SUCCESS: /usr/lib/jvm/jdk-14.0.1/bin/java -jar /lab/itti/projects/checkers-competition/server/referee.jar on run_14_sajjanla_vdhankar #####
INPUT for vdhankar:
GAME
WHITE
210.898325204849
.....W.b
........
.....w.b
..w.b.w.
...w....
w.W...w.
........
w.w.w.w.
##### Running: /usr/bin/time -o time_14_sajjanla_vdhankar.txt -f "%U" python3 homework.py > stulog.txt 2>&1 on vdhankar #####
child exited with value 1
##### ERROR: /usr/bin/time -o time_14_sajjanla_vdhankar.txt -f "%U" python3 homework.py > stulog.txt 2>&1 on vdhankar #####
##### Output of failed program (stdout + stderr): #####
Traceback (most recent call last):
  File "homework.py", line 546, in <module>
    print(end-start)
NameError: name 'end' is not defined
##### End of output of failed program #####
##### vdhankar plays [E f8 e7] in 0.972190856933594s #####
##### Running: /usr/lib/jvm/jdk-14.0.1/bin/java -jar /lab/itti/projects/checkers-competition/server/referee.jar on run_14_sajjanla_vdhankar #####
Move is valid
##### SUCCESS: /usr/lib/jvm/jdk-14.0.1/bin/java -jar /lab/itti/projects/checkers-competition/server/referee.jar on run_14_sajjanla_vdhankar #####
INPUT for sajjanla:
GAME
BLACK
289.99
.......b
....W...
.....w.b
..w.b.w.
...w....
w.W...w.
........
w.w.w.w.
##### Running: /usr/bin/time -o time_14_sajjanla_vdhankar.txt -f "%U" /usr/lib/jvm/jdk-14.0.1/bin/java homework > stulog.txt 2>&1 on sajjanla #####
##### SUCCESS: /usr/bin/time -o time_14_sajjanla_vdhankar.txt -f "%U" /usr/lib/jvm/jdk-14.0.1/bin/java homework > stulog.txt 2>&1 on sajjanla #####
##### sajjanla plays [J h6 f4 ; J f4 h2] in 0.76s #####
##### Running: /usr/lib/jvm/jdk-14.0.1/bin/java -jar /lab/itti/projects/checkers-competition/server/referee.jar on run_14_sajjanla_vdhankar #####
Move is valid
##### SUCCESS: /usr/lib/jvm/jdk-14.0.1/bin/java -jar /lab/itti/projects/checkers-competition/server/referee.jar on run_14_sajjanla_vdhankar #####
INPUT for vdhankar:
GAME
WHITE
209.926134347916
.......b
....W...
.....w..
..w.b...
...w....
w.W.....
.......b
w.w.w.w.
##### Running: /usr/bin/time -o time_14_sajjanla_vdhankar.txt -f "%U" python3 homework.py > stulog.txt 2>&1 on vdhankar #####
child exited with value 1
##### ERROR: /usr/bin/time -o time_14_sajjanla_vdhankar.txt -f "%U" python3 homework.py > stulog.txt 2>&1 on vdhankar #####
##### Output of failed program (stdout + stderr): #####
Traceback (most recent call last):
  File "homework.py", line 546, in <module>
    print(end-start)
NameError: name 'end' is not defined
##### End of output of failed program #####
##### vdhankar plays [E e7 d8] in 1.55370306968689s #####
##### Running: /usr/lib/jvm/jdk-14.0.1/bin/java -jar /lab/itti/projects/checkers-competition/server/referee.jar on run_14_sajjanla_vdhankar #####
Move is valid
##### SUCCESS: /usr/lib/jvm/jdk-14.0.1/bin/java -jar /lab/itti/projects/checkers-competition/server/referee.jar on run_14_sajjanla_vdhankar #####
INPUT for sajjanla:
GAME
BLACK
289.23
...W...b
........
.....w..
..w.b...
...w....
w.W.....
.......b
w.w.w.w.
##### Running: /usr/bin/time -o time_14_sajjanla_vdhankar.txt -f "%U" /usr/lib/jvm/jdk-14.0.1/bin/java homework > stulog.txt 2>&1 on sajjanla #####
##### SUCCESS: /usr/bin/time -o time_14_sajjanla_vdhankar.txt -f "%U" /usr/lib/jvm/jdk-14.0.1/bin/java homework > stulog.txt 2>&1 on sajjanla #####
##### sajjanla plays [E e5 f4] in 0.36s #####
##### Running: /usr/lib/jvm/jdk-14.0.1/bin/java -jar /lab/itti/projects/checkers-competition/server/referee.jar on run_14_sajjanla_vdhankar #####
Move is valid
##### SUCCESS: /usr/lib/jvm/jdk-14.0.1/bin/java -jar /lab/itti/projects/checkers-competition/server/referee.jar on run_14_sajjanla_vdhankar #####
INPUT for vdhankar:
GAME
WHITE
208.372431278229
...W...b
........
.....w..
..w.....
...w.b..
w.W.....
.......b
w.w.w.w.
##### Running: /usr/bin/time -o time_14_sajjanla_vdhankar.txt -f "%U" python3 homework.py > stulog.txt 2>&1 on vdhankar #####
child exited with value 1
##### ERROR: /usr/bin/time -o time_14_sajjanla_vdhankar.txt -f "%U" python3 homework.py > stulog.txt 2>&1 on vdhankar #####
##### Output of failed program (stdout + stderr): #####
Traceback (most recent call last):
  File "homework.py", line 546, in <module>
    print(end-start)
NameError: name 'end' is not defined
##### End of output of failed program #####
##### vdhankar plays [E d8 c7] in 0.388066053390503s #####
##### Running: /usr/lib/jvm/jdk-14.0.1/bin/java -jar /lab/itti/projects/checkers-competition/server/referee.jar on run_14_sajjanla_vdhankar #####
Move is valid
##### SUCCESS: /usr/lib/jvm/jdk-14.0.1/bin/java -jar /lab/itti/projects/checkers-competition/server/referee.jar on run_14_sajjanla_vdhankar #####
INPUT for sajjanla:
GAME
BLACK
288.87
.......b
..W.....
.....w..
..w.....
...w.b..
w.W.....
.......b
w.w.w.w.
##### Running: /usr/bin/time -o time_14_sajjanla_vdhankar.txt -f "%U" /usr/lib/jvm/jdk-14.0.1/bin/java homework > stulog.txt 2>&1 on sajjanla #####
##### SUCCESS: /usr/bin/time -o time_14_sajjanla_vdhankar.txt -f "%U" /usr/lib/jvm/jdk-14.0.1/bin/java homework > stulog.txt 2>&1 on sajjanla #####
##### sajjanla plays [E f4 e3] in 0.96s #####
##### Running: /usr/lib/jvm/jdk-14.0.1/bin/java -jar /lab/itti/projects/checkers-competition/server/referee.jar on run_14_sajjanla_vdhankar #####
Move is valid
##### SUCCESS: /usr/lib/jvm/jdk-14.0.1/bin/java -jar /lab/itti/projects/checkers-competition/server/referee.jar on run_14_sajjanla_vdhankar #####
INPUT for vdhankar:
GAME
WHITE
207.984365224838
.......b
..W.....
.....w..
..w.....
...w....
w.W.b...
.......b
w.w.w.w.
##### Running: /usr/bin/time -o time_14_sajjanla_vdhankar.txt -f "%U" python3 homework.py > stulog.txt 2>&1 on vdhankar #####
child exited with value 1
##### ERROR: /usr/bin/time -o time_14_sajjanla_vdhankar.txt -f "%U" python3 homework.py > stulog.txt 2>&1 on vdhankar #####
##### Output of failed program (stdout + stderr): #####
Traceback (most recent call last):
  File "homework.py", line 546, in <module>
    print(end-start)
NameError: name 'end' is not defined
##### End of output of failed program #####
##### vdhankar plays [E c7 b8] in 0.335795879364014s #####
##### Running: /usr/lib/jvm/jdk-14.0.1/bin/java -jar /lab/itti/projects/checkers-competition/server/referee.jar on run_14_sajjanla_vdhankar #####
Move is valid
##### SUCCESS: /usr/lib/jvm/jdk-14.0.1/bin/java -jar /lab/itti/projects/checkers-competition/server/referee.jar on run_14_sajjanla_vdhankar #####
INPUT for sajjanla:
GAME
BLACK
287.91
.W.....b
........
.....w..
..w.....
...w....
w.W.b...
.......b
w.w.w.w.
##### Running: /usr/bin/time -o time_14_sajjanla_vdhankar.txt -f "%U" /usr/lib/jvm/jdk-14.0.1/bin/java homework > stulog.txt 2>&1 on sajjanla #####
##### SUCCESS: /usr/bin/time -o time_14_sajjanla_vdhankar.txt -f "%U" /usr/lib/jvm/jdk-14.0.1/bin/java homework > stulog.txt 2>&1 on sajjanla #####
##### sajjanla plays [E e3 d2] in 0.29s #####
##### Running: /usr/lib/jvm/jdk-14.0.1/bin/java -jar /lab/itti/projects/checkers-competition/server/referee.jar on run_14_sajjanla_vdhankar #####
Move is valid
##### SUCCESS: /usr/lib/jvm/jdk-14.0.1/bin/java -jar /lab/itti/projects/checkers-competition/server/referee.jar on run_14_sajjanla_vdhankar #####
INPUT for vdhankar:
GAME
WHITE
207.648569345474
.W.....b
........
.....w..
..w.....
...w....
w.W.....
...b...b
w.w.w.w.
##### Running: /usr/bin/time -o time_14_sajjanla_vdhankar.txt -f "%U" python3 homework.py > stulog.txt 2>&1 on vdhankar #####
child exited with value 1
##### ERROR: /usr/bin/time -o time_14_sajjanla_vdhankar.txt -f "%U" python3 homework.py > stulog.txt 2>&1 on vdhankar #####
##### Output of failed program (stdout + stderr): #####
Traceback (most recent call last):
  File "homework.py", line 546, in <module>
    print(end-start)
NameError: name 'end' is not defined
##### End of output of failed program #####
##### vdhankar plays [J c1 e3] in 0.482208013534546s #####
##### Running: /usr/lib/jvm/jdk-14.0.1/bin/java -jar /lab/itti/projects/checkers-competition/server/referee.jar on run_14_sajjanla_vdhankar #####
Move is valid
##### SUCCESS: /usr/lib/jvm/jdk-14.0.1/bin/java -jar /lab/itti/projects/checkers-competition/server/referee.jar on run_14_sajjanla_vdhankar #####
INPUT for sajjanla:
GAME
BLACK
287.62
.W.....b
........
.....w..
..w.....
...w....
w.W.w...
.......b
w...w.w.
##### Running: /usr/bin/time -o time_14_sajjanla_vdhankar.txt -f "%U" /usr/lib/jvm/jdk-14.0.1/bin/java homework > stulog.txt 2>&1 on sajjanla #####
##### SUCCESS: /usr/bin/time -o time_14_sajjanla_vdhankar.txt -f "%U" /usr/lib/jvm/jdk-14.0.1/bin/java homework > stulog.txt 2>&1 on sajjanla #####
##### sajjanla plays [E h8 g7] in 0.19s #####
##### Running: /usr/lib/jvm/jdk-14.0.1/bin/java -jar /lab/itti/projects/checkers-competition/server/referee.jar on run_14_sajjanla_vdhankar #####
Move is valid
##### SUCCESS: /usr/lib/jvm/jdk-14.0.1/bin/java -jar /lab/itti/projects/checkers-competition/server/referee.jar on run_14_sajjanla_vdhankar #####
INPUT for vdhankar:
GAME
WHITE
207.16636133194
.W......
......b.
.....w..
..w.....
...w....
w.W.w...
.......b
w...w.w.
##### Running: /usr/bin/time -o time_14_sajjanla_vdhankar.txt -f "%U" python3 homework.py > stulog.txt 2>&1 on vdhankar #####
child exited with value 1
##### ERROR: /usr/bin/time -o time_14_sajjanla_vdhankar.txt -f "%U" python3 homework.py > stulog.txt 2>&1 on vdhankar #####
##### Output of failed program (stdout + stderr): #####
Traceback (most recent call last):
  File "homework.py", line 546, in <module>
    print(end-start)
NameError: name 'end' is not defined
##### End of output of failed program #####
##### vdhankar plays [J f6 h8] in 0.432183980941772s #####
##### Running: /usr/lib/jvm/jdk-14.0.1/bin/java -jar /lab/itti/projects/checkers-competition/server/referee.jar on run_14_sajjanla_vdhankar #####
Move is valid
After this move, player BLACK cannot make any moves
*** Winner: WHITE ***
##### SUCCESS: /usr/lib/jvm/jdk-14.0.1/bin/java -jar /lab/itti/projects/checkers-competition/server/referee.jar on run_14_sajjanla_vdhankar #####
##### GAME OVER: vdhankar wins the game! #####
Server said: WIN
########## ROUND 14 GAMESCORE AFTER GAME 2: sajjanla=0 and vdhankar=2 ##########
#################### ROUND 14: sajjanla (W) vs vdhankar (B): game 3 ####################
##### game start! #####
INPUT for vdhankar:
GAME
BLACK
300
.b.b.b.b
b.b.b.b.
.b.b.b.b
........
........
w.w.w.w.
.w.w.w.w
w.w.w.w.
##### Running: /usr/bin/time -o time_14_sajjanla_vdhankar.txt -f "%U" python3 homework.py > stulog.txt 2>&1 on vdhankar #####
child exited with value 1
##### ERROR: /usr/bin/time -o time_14_sajjanla_vdhankar.txt -f "%U" python3 homework.py > stulog.txt 2>&1 on vdhankar #####
##### Output of failed program (stdout + stderr): #####
Traceback (most recent call last):
  File "homework.py", line 546, in <module>
    print(end-start)
NameError: name 'end' is not defined
##### End of output of failed program #####
##### vdhankar plays [E h6 g5] in 12.578752040863s #####
##### Running: /usr/lib/jvm/jdk-14.0.1/bin/java -jar /lab/itti/projects/checkers-competition/server/referee.jar on run_14_sajjanla_vdhankar #####
Move is valid
Couldn't read file 'current_ply.txt'
Couldn't read content from file 'current_ply.txt'
Couldn't read file 'lastmatchange_ply.txt'
Couldn't read content from file 'lastmatchange_ply.txt'
##### SUCCESS: /usr/lib/jvm/jdk-14.0.1/bin/java -jar /lab/itti/projects/checkers-competition/server/referee.jar on run_14_sajjanla_vdhankar #####
INPUT for sajjanla:
GAME
WHITE
300
.b.b.b.b
b.b.b.b.
.b.b.b..
......b.
........
w.w.w.w.
.w.w.w.w
w.w.w.w.
##### Running: /usr/bin/time -o time_14_sajjanla_vdhankar.txt -f "%U" /usr/lib/jvm/jdk-14.0.1/bin/java homework > stulog.txt 2>&1 on sajjanla #####
##### SUCCESS: /usr/bin/time -o time_14_sajjanla_vdhankar.txt -f "%U" /usr/lib/jvm/jdk-14.0.1/bin/java homework > stulog.txt 2>&1 on sajjanla #####
##### sajjanla plays [E g3 f4] in 1.17s #####
##### Running: /usr/lib/jvm/jdk-14.0.1/bin/java -jar /lab/itti/projects/checkers-competition/server/referee.jar on run_14_sajjanla_vdhankar #####
Move is valid
##### SUCCESS: /usr/lib/jvm/jdk-14.0.1/bin/java -jar /lab/itti/projects/checkers-competition/server/referee.jar on run_14_sajjanla_vdhankar #####
INPUT for vdhankar:
GAME
BLACK
287.421247959137
.b.b.b.b
b.b.b.b.
.b.b.b..
......b.
.....w..
w.w.w...
.w.w.w.w
w.w.w.w.
##### Running: /usr/bin/time -o time_14_sajjanla_vdhankar.txt -f "%U" python3 homework.py > stulog.txt 2>&1 on vdhankar #####
child exited with value 1
##### ERROR: /usr/bin/time -o time_14_sajjanla_vdhankar.txt -f "%U" python3 homework.py > stulog.txt 2>&1 on vdhankar #####
##### Output of failed program (stdout + stderr): #####
Traceback (most recent call last):
  File "homework.py", line 546, in <module>
    print(end-start)
NameError: name 'end' is not defined
##### End of output of failed program #####
##### vdhankar plays [E g5 h4] in 8.94272899627686s #####
##### Running: /usr/lib/jvm/jdk-14.0.1/bin/java -jar /lab/itti/projects/checkers-competition/server/referee.jar on run_14_sajjanla_vdhankar #####
Move is valid
##### SUCCESS: /usr/lib/jvm/jdk-14.0.1/bin/java -jar /lab/itti/projects/checkers-competition/server/referee.jar on run_14_sajjanla_vdhankar #####
INPUT for sajjanla:
GAME
WHITE
298.83
.b.b.b.b
b.b.b.b.
.b.b.b..
........
.....w.b
w.w.w...
.w.w.w.w
w.w.w.w.
##### Running: /usr/bin/time -o time_14_sajjanla_vdhankar.txt -f "%U" /usr/lib/jvm/jdk-14.0.1/bin/java homework > stulog.txt 2>&1 on sajjanla #####
##### SUCCESS: /usr/bin/time -o time_14_sajjanla_vdhankar.txt -f "%U" /usr/lib/jvm/jdk-14.0.1/bin/java homework > stulog.txt 2>&1 on sajjanla #####
##### sajjanla plays [E h2 g3] in 1.17s #####
##### Running: /usr/lib/jvm/jdk-14.0.1/bin/java -jar /lab/itti/projects/checkers-competition/server/referee.jar on run_14_sajjanla_vdhankar #####
Move is valid
##### SUCCESS: /usr/lib/jvm/jdk-14.0.1/bin/java -jar /lab/itti/projects/checkers-competition/server/referee.jar on run_14_sajjanla_vdhankar #####
INPUT for vdhankar:
GAME
BLACK
278.47851896286
.b.b.b.b
b.b.b.b.
.b.b.b..
........
.....w.b
w.w.w.w.
.w.w.w..
w.w.w.w.
##### Running: /usr/bin/time -o time_14_sajjanla_vdhankar.txt -f "%U" python3 homework.py > stulog.txt 2>&1 on vdhankar #####
child exited with value 1
##### ERROR: /usr/bin/time -o time_14_sajjanla_vdhankar.txt -f "%U" python3 homework.py > stulog.txt 2>&1 on vdhankar #####
##### Output of failed program (stdout + stderr): #####
Traceback (most recent call last):
  File "homework.py", line 546, in <module>
    print(end-start)
NameError: name 'end' is not defined
##### End of output of failed program #####
##### vdhankar plays [E f6 g5] in 12.9710760116577s #####
##### Running: /usr/lib/jvm/jdk-14.0.1/bin/java -jar /lab/itti/projects/checkers-competition/server/referee.jar on run_14_sajjanla_vdhankar #####
Move is valid
##### SUCCESS: /usr/lib/jvm/jdk-14.0.1/bin/java -jar /lab/itti/projects/checkers-competition/server/referee.jar on run_14_sajjanla_vdhankar #####
INPUT for sajjanla:
GAME
WHITE
297.66
.b.b.b.b
b.b.b.b.
.b.b....
......b.
.....w.b
w.w.w.w.
.w.w.w..
w.w.w.w.
##### Running: /usr/bin/time -o time_14_sajjanla_vdhankar.txt -f "%U" /usr/lib/jvm/jdk-14.0.1/bin/java homework > stulog.txt 2>&1 on sajjanla #####
##### SUCCESS: /usr/bin/time -o time_14_sajjanla_vdhankar.txt -f "%U" /usr/lib/jvm/jdk-14.0.1/bin/java homework > stulog.txt 2>&1 on sajjanla #####
##### sajjanla plays [E f4 h6] in 0.96s #####
##### Running: /usr/lib/jvm/jdk-14.0.1/bin/java -jar /lab/itti/projects/checkers-competition/server/referee.jar on run_14_sajjanla_vdhankar #####
Move is valid
##### SUCCESS: /usr/lib/jvm/jdk-14.0.1/bin/java -jar /lab/itti/projects/checkers-competition/server/referee.jar on run_14_sajjanla_vdhankar #####
INPUT for vdhankar:
GAME
BLACK
265.507442951202
.b.b.b.b
b.b.b.b.
.b.b...w
......b.
.......b
w.w.w.w.
.w.w.w..
w.w.w.w.
##### Running: /usr/bin/time -o time_14_sajjanla_vdhankar.txt -f "%U" python3 homework.py > stulog.txt 2>&1 on vdhankar #####
child exited with value 1
##### ERROR: /usr/bin/time -o time_14_sajjanla_vdhankar.txt -f "%U" python3 homework.py > stulog.txt 2>&1 on vdhankar #####
##### Output of failed program (stdout + stderr): #####
Traceback (most recent call last):
  File "homework.py", line 546, in <module>
    print(end-start)
NameError: name 'end' is not defined
##### End of output of failed program #####
##### vdhankar plays [E d6 e5] in 10.7616899013519s #####
##### Running: /usr/lib/jvm/jdk-14.0.1/bin/java -jar /lab/itti/projects/checkers-competition/server/referee.jar on run_14_sajjanla_vdhankar #####
Move is valid
##### SUCCESS: /usr/lib/jvm/jdk-14.0.1/bin/java -jar /lab/itti/projects/checkers-competition/server/referee.jar on run_14_sajjanla_vdhankar #####
INPUT for sajjanla:
GAME
WHITE
296.7
.b.b.b.b
b.b.b.b.
.b.....w
....b.b.
.......b
w.w.w.w.
.w.w.w..
w.w.w.w.
##### Running: /usr/bin/time -o time_14_sajjanla_vdhankar.txt -f "%U" /usr/lib/jvm/jdk-14.0.1/bin/java homework > stulog.txt 2>&1 on sajjanla #####
##### SUCCESS: /usr/bin/time -o time_14_sajjanla_vdhankar.txt -f "%U" /usr/lib/jvm/jdk-14.0.1/bin/java homework > stulog.txt 2>&1 on sajjanla #####
##### sajjanla plays [E g3 f4] in 0.99s #####
##### Running: /usr/lib/jvm/jdk-14.0.1/bin/java -jar /lab/itti/projects/checkers-competition/server/referee.jar on run_14_sajjanla_vdhankar #####
Move is valid
##### SUCCESS: /usr/lib/jvm/jdk-14.0.1/bin/java -jar /lab/itti/projects/checkers-competition/server/referee.jar on run_14_sajjanla_vdhankar #####
INPUT for vdhankar:
GAME
BLACK
254.74575304985
.b.b.b.b
b.b.b.b.
.b.....w
....b.b.
.....w.b
w.w.w...
.w.w.w..
w.w.w.w.
##### Running: /usr/bin/time -o time_14_sajjanla_vdhankar.txt -f "%U" python3 homework.py > stulog.txt 2>&1 on vdhankar #####
child exited with value 1
##### ERROR: /usr/bin/time -o time_14_sajjanla_vdhankar.txt -f "%U" python3 homework.py > stulog.txt 2>&1 on vdhankar #####
##### Output of failed program (stdout + stderr): #####
Traceback (most recent call last):
  File "homework.py", line 546, in <module>
    print(end-start)
NameError: name 'end' is not defined
##### End of output of failed program #####
##### vdhankar plays [J e5 g3] in 9.12178301811218s #####
##### Running: /usr/lib/jvm/jdk-14.0.1/bin/java -jar /lab/itti/projects/checkers-competition/server/referee.jar on run_14_sajjanla_vdhankar #####
Move is valid
##### SUCCESS: /usr/lib/jvm/jdk-14.0.1/bin/java -jar /lab/itti/projects/checkers-competition/server/referee.jar on run_14_sajjanla_vdhankar #####
INPUT for sajjanla:
GAME
WHITE
295.71
.b.b.b.b
b.b.b.b.
.b.....w
......b.
.......b
w.w.w.b.
.w.w.w..
w.w.w.w.
##### Running: /usr/bin/time -o time_14_sajjanla_vdhankar.txt -f "%U" /usr/lib/jvm/jdk-14.0.1/bin/java homework > stulog.txt 2>&1 on sajjanla #####
##### SUCCESS: /usr/bin/time -o time_14_sajjanla_vdhankar.txt -f "%U" /usr/lib/jvm/jdk-14.0.1/bin/java homework > stulog.txt 2>&1 on sajjanla #####
##### sajjanla plays [E g1 h2] in 1.11s #####
##### Running: /usr/lib/jvm/jdk-14.0.1/bin/java -jar /lab/itti/projects/checkers-competition/server/referee.jar on run_14_sajjanla_vdhankar #####
Move is valid
##### SUCCESS: /usr/lib/jvm/jdk-14.0.1/bin/java -jar /lab/itti/projects/checkers-competition/server/referee.jar on run_14_sajjanla_vdhankar #####
INPUT for vdhankar:
GAME
BLACK
245.623970031738
.b.b.b.b
b.b.b.b.
.b.....w
......b.
.......b
w.w.w.b.
.w.w.w.w
w.w.w...
##### Running: /usr/bin/time -o time_14_sajjanla_vdhankar.txt -f "%U" python3 homework.py > stulog.txt 2>&1 on vdhankar #####
child exited with value 1
##### ERROR: /usr/bin/time -o time_14_sajjanla_vdhankar.txt -f "%U" python3 homework.py > stulog.txt 2>&1 on vdhankar #####
##### Output of failed program (stdout + stderr): #####
Traceback (most recent call last):
  File "homework.py", line 546, in <module>
    print(end-start)
NameError: name 'end' is not defined
##### End of output of failed program #####
##### vdhankar plays [E b6 c5] in 4.30769896507263s #####
##### Running: /usr/lib/jvm/jdk-14.0.1/bin/java -jar /lab/itti/projects/checkers-competition/server/referee.jar on run_14_sajjanla_vdhankar #####
Move is valid
##### SUCCESS: /usr/lib/jvm/jdk-14.0.1/bin/java -jar /lab/itti/projects/checkers-competition/server/referee.jar on run_14_sajjanla_vdhankar #####
INPUT for sajjanla:
GAME
WHITE
294.6
.b.b.b.b
b.b.b.b.
.......w
..b...b.
.......b
w.w.w.b.
.w.w.w.w
w.w.w...
##### Running: /usr/bin/time -o time_14_sajjanla_vdhankar.txt -f "%U" /usr/lib/jvm/jdk-14.0.1/bin/java homework > stulog.txt 2>&1 on sajjanla #####
##### SUCCESS: /usr/bin/time -o time_14_sajjanla_vdhankar.txt -f "%U" /usr/lib/jvm/jdk-14.0.1/bin/java homework > stulog.txt 2>&1 on sajjanla #####
##### sajjanla plays [E h2 f4] in 0.69s #####
##### Running: /usr/lib/jvm/jdk-14.0.1/bin/java -jar /lab/itti/projects/checkers-competition/server/referee.jar on run_14_sajjanla_vdhankar #####
Move is valid
##### SUCCESS: /usr/lib/jvm/jdk-14.0.1/bin/java -jar /lab/itti/projects/checkers-competition/server/referee.jar on run_14_sajjanla_vdhankar #####
INPUT for vdhankar:
GAME
BLACK
241.316271066666
.b.b.b.b
b.b.b.b.
.......w
..b...b.
.....w.b
w.w.w.b.
.w.w.w..
w.w.w...
##### Running: /usr/bin/time -o time_14_sajjanla_vdhankar.txt -f "%U" python3 homework.py > stulog.txt 2>&1 on vdhankar #####
child exited with value 1
##### ERROR: /usr/bin/time -o time_14_sajjanla_vdhankar.txt -f "%U" python3 homework.py > stulog.txt 2>&1 on vdhankar #####
##### Output of failed program (stdout + stderr): #####
Traceback (most recent call last):
  File "homework.py", line 546, in <module>
    print(end-start)
NameError: name 'end' is not defined
##### End of output of failed program #####
##### vdhankar plays [E g7 f6] in 7.62913393974304s #####
##### Running: /usr/lib/jvm/jdk-14.0.1/bin/java -jar /lab/itti/projects/checkers-competition/server/referee.jar on run_14_sajjanla_vdhankar #####
Move is valid
##### SUCCESS: /usr/lib/jvm/jdk-14.0.1/bin/java -jar /lab/itti/projects/checkers-competition/server/referee.jar on run_14_sajjanla_vdhankar #####
INPUT for sajjanla:
GAME
WHITE
293.91
.b.b.b.b
b.b.b...
.....b.w
..b...b.
.....w.b
w.w.w.b.
.w.w.w..
w.w.w...
##### Running: /usr/bin/time -o time_14_sajjanla_vdhankar.txt -f "%U" /usr/lib/jvm/jdk-14.0.1/bin/java homework > stulog.txt 2>&1 on sajjanla #####
##### SUCCESS: /usr/bin/time -o time_14_sajjanla_vdhankar.txt -f "%U" /usr/lib/jvm/jdk-14.0.1/bin/java homework > stulog.txt 2>&1 on sajjanla #####
##### sajjanla plays [E f4 e5] in 0.69s #####
##### Running: /usr/lib/jvm/jdk-14.0.1/bin/java -jar /lab/itti/projects/checkers-competition/server/referee.jar on run_14_sajjanla_vdhankar #####
Move is valid
##### SUCCESS: /usr/lib/jvm/jdk-14.0.1/bin/java -jar /lab/itti/projects/checkers-competition/server/referee.jar on run_14_sajjanla_vdhankar #####
INPUT for vdhankar:
GAME
BLACK
233.687137126923
.b.b.b.b
b.b.b...
.....b.w
..b.w.b.
.......b
w.w.w.b.
.w.w.w..
w.w.w...
##### Running: /usr/bin/time -o time_14_sajjanla_vdhankar.txt -f "%U" python3 homework.py > stulog.txt 2>&1 on vdhankar #####
child exited with value 1
##### ERROR: /usr/bin/time -o time_14_sajjanla_vdhankar.txt -f "%U" python3 homework.py > stulog.txt 2>&1 on vdhankar #####
##### Output of failed program (stdout + stderr): #####
Traceback (most recent call last):
  File "homework.py", line 546, in <module>
    print(end-start)
NameError: name 'end' is not defined
##### End of output of failed program #####
##### vdhankar plays [J f6 d4] in 2.90291810035706s #####
##### Running: /usr/lib/jvm/jdk-14.0.1/bin/java -jar /lab/itti/projects/checkers-competition/server/referee.jar on run_14_sajjanla_vdhankar #####
Move is valid
##### SUCCESS: /usr/lib/jvm/jdk-14.0.1/bin/java -jar /lab/itti/projects/checkers-competition/server/referee.jar on run_14_sajjanla_vdhankar #####
INPUT for sajjanla:
GAME
WHITE
293.22
.b.b.b.b
b.b.b...
.......w
..b...b.
...b...b
w.w.w.b.
.w.w.w..
w.w.w...
##### Running: /usr/bin/time -o time_14_sajjanla_vdhankar.txt -f "%U" /usr/lib/jvm/jdk-14.0.1/bin/java homework > stulog.txt 2>&1 on sajjanla #####
##### SUCCESS: /usr/bin/time -o time_14_sajjanla_vdhankar.txt -f "%U" /usr/lib/jvm/jdk-14.0.1/bin/java homework > stulog.txt 2>&1 on sajjanla #####
##### sajjanla plays [E c3 e5] in 0.7s #####
##### Running: /usr/lib/jvm/jdk-14.0.1/bin/java -jar /lab/itti/projects/checkers-competition/server/referee.jar on run_14_sajjanla_vdhankar #####
Move is valid
##### SUCCESS: /usr/lib/jvm/jdk-14.0.1/bin/java -jar /lab/itti/projects/checkers-competition/server/referee.jar on run_14_sajjanla_vdhankar #####
INPUT for vdhankar:
GAME
BLACK
230.784219026566
.b.b.b.b
b.b.b...
.......w
..b.w.b.
...b...b
w...w.b.
.w.w.w..
w.w.w...
##### Running: /usr/bin/time -o time_14_sajjanla_vdhankar.txt -f "%U" python3 homework.py > stulog.txt 2>&1 on vdhankar #####
child exited with value 1
##### ERROR: /usr/bin/time -o time_14_sajjanla_vdhankar.txt -f "%U" python3 homework.py > stulog.txt 2>&1 on vdhankar #####
##### Output of failed program (stdout + stderr): #####
Traceback (most recent call last):
  File "homework.py", line 546, in <module>
    print(end-start)
NameError: name 'end' is not defined
##### End of output of failed program #####
##### vdhankar plays [E g3 h2] in 6.68500304222107s #####
##### Running: /usr/lib/jvm/jdk-14.0.1/bin/java -jar /lab/itti/projects/checkers-competition/server/referee.jar on run_14_sajjanla_vdhankar #####
Move is valid
##### SUCCESS: /usr/lib/jvm/jdk-14.0.1/bin/java -jar /lab/itti/projects/checkers-competition/server/referee.jar on run_14_sajjanla_vdhankar #####
INPUT for sajjanla:
GAME
WHITE
292.52
.b.b.b.b
b.b.b...
.......w
..b.w.b.
...b...b
w...w...
.w.w.w.b
w.w.w...
##### Running: /usr/bin/time -o time_14_sajjanla_vdhankar.txt -f "%U" /usr/lib/jvm/jdk-14.0.1/bin/java homework > stulog.txt 2>&1 on sajjanla #####
##### SUCCESS: /usr/bin/time -o time_14_sajjanla_vdhankar.txt -f "%U" /usr/lib/jvm/jdk-14.0.1/bin/java homework > stulog.txt 2>&1 on sajjanla #####
##### sajjanla plays [E e5 f6] in 0.84s #####
##### Running: /usr/lib/jvm/jdk-14.0.1/bin/java -jar /lab/itti/projects/checkers-competition/server/referee.jar on run_14_sajjanla_vdhankar #####
Move is valid
##### SUCCESS: /usr/lib/jvm/jdk-14.0.1/bin/java -jar /lab/itti/projects/checkers-competition/server/referee.jar on run_14_sajjanla_vdhankar #####
INPUT for vdhankar:
GAME
BLACK
224.099215984344
.b.b.b.b
b.b.b...
.....w.w
..b...b.
...b...b
w...w...
.w.w.w.b
w.w.w...
##### Running: /usr/bin/time -o time_14_sajjanla_vdhankar.txt -f "%U" python3 homework.py > stulog.txt 2>&1 on vdhankar #####
child exited with value 1
##### ERROR: /usr/bin/time -o time_14_sajjanla_vdhankar.txt -f "%U" python3 homework.py > stulog.txt 2>&1 on vdhankar #####
##### Output of failed program (stdout + stderr): #####
Traceback (most recent call last):
  File "homework.py", line 546, in <module>
    print(end-start)
NameError: name 'end' is not defined
##### End of output of failed program #####
##### vdhankar plays [E h2 g1] in 6.84151291847229s #####
##### Running: /usr/lib/jvm/jdk-14.0.1/bin/java -jar /lab/itti/projects/checkers-competition/server/referee.jar on run_14_sajjanla_vdhankar #####
Move is valid
##### SUCCESS: /usr/lib/jvm/jdk-14.0.1/bin/java -jar /lab/itti/projects/checkers-competition/server/referee.jar on run_14_sajjanla_vdhankar #####
INPUT for sajjanla:
GAME
WHITE
291.68
.b.b.b.b
b.b.b...
.....w.w
..b...b.
...b...b
w...w...
.w.w.w..
w.w.w.B.
##### Running: /usr/bin/time -o time_14_sajjanla_vdhankar.txt -f "%U" /usr/lib/jvm/jdk-14.0.1/bin/java homework > stulog.txt 2>&1 on sajjanla #####
##### SUCCESS: /usr/bin/time -o time_14_sajjanla_vdhankar.txt -f "%U" /usr/lib/jvm/jdk-14.0.1/bin/java homework > stulog.txt 2>&1 on sajjanla #####
##### sajjanla plays [E f2 g3] in 0.81s #####
##### Running: /usr/lib/jvm/jdk-14.0.1/bin/java -jar /lab/itti/projects/checkers-competition/server/referee.jar on run_14_sajjanla_vdhankar #####
Move is valid
##### SUCCESS: /usr/lib/jvm/jdk-14.0.1/bin/java -jar /lab/itti/projects/checkers-competition/server/referee.jar on run_14_sajjanla_vdhankar #####
INPUT for vdhankar:
GAME
BLACK
217.257703065872
.b.b.b.b
b.b.b...
.....w.w
..b...b.
...b...b
w...w.w.
.w.w....
w.w.w.B.
##### Running: /usr/bin/time -o time_14_sajjanla_vdhankar.txt -f "%U" python3 homework.py > stulog.txt 2>&1 on vdhankar #####
child exited with value 1
##### ERROR: /usr/bin/time -o time_14_sajjanla_vdhankar.txt -f "%U" python3 homework.py > stulog.txt 2>&1 on vdhankar #####
##### Output of failed program (stdout + stderr): #####
Traceback (most recent call last):
  File "homework.py", line 546, in <module>
    print(end-start)
NameError: name 'end' is not defined
##### End of output of failed program #####
##### vdhankar plays [J h4 f2] in 6.58427214622498s #####
##### Running: /usr/lib/jvm/jdk-14.0.1/bin/java -jar /lab/itti/projects/checkers-competition/server/referee.jar on run_14_sajjanla_vdhankar #####
Move is valid
##### SUCCESS: /usr/lib/jvm/jdk-14.0.1/bin/java -jar /lab/itti/projects/checkers-competition/server/referee.jar on run_14_sajjanla_vdhankar #####
INPUT for sajjanla:
GAME
WHITE
290.87
.b.b.b.b
b.b.b...
.....w.w
..b...b.
...b....
w...w...
.w.w.b..
w.w.w.B.
##### Running: /usr/bin/time -o time_14_sajjanla_vdhankar.txt -f "%U" /usr/lib/jvm/jdk-14.0.1/bin/java homework > stulog.txt 2>&1 on sajjanla #####
##### SUCCESS: /usr/bin/time -o time_14_sajjanla_vdhankar.txt -f "%U" /usr/lib/jvm/jdk-14.0.1/bin/java homework > stulog.txt 2>&1 on sajjanla #####
##### sajjanla plays [E e1 g3] in 0.72s #####
##### Running: /usr/lib/jvm/jdk-14.0.1/bin/java -jar /lab/itti/projects/checkers-competition/server/referee.jar on run_14_sajjanla_vdhankar #####
Move is valid
##### SUCCESS: /usr/lib/jvm/jdk-14.0.1/bin/java -jar /lab/itti/projects/checkers-competition/server/referee.jar on run_14_sajjanla_vdhankar #####
INPUT for vdhankar:
GAME
BLACK
210.673430919647
.b.b.b.b
b.b.b...
.....w.w
..b...b.
...b....
w...w.w.
.w.w.b..
w.w...B.
##### Running: /usr/bin/time -o time_14_sajjanla_vdhankar.txt -f "%U" python3 homework.py > stulog.txt 2>&1 on vdhankar #####
child exited with value 1
##### ERROR: /usr/bin/time -o time_14_sajjanla_vdhankar.txt -f "%U" python3 homework.py > stulog.txt 2>&1 on vdhankar #####
##### Output of failed program (stdout + stderr): #####
Traceback (most recent call last):
  File "homework.py", line 546, in <module>
    print(end-start)
NameError: name 'end' is not defined
##### End of output of failed program #####
##### vdhankar plays [E g1 h2] in 11.2132120132446s #####
##### Running: /usr/lib/jvm/jdk-14.0.1/bin/java -jar /lab/itti/projects/checkers-competition/server/referee.jar on run_14_sajjanla_vdhankar #####
Move is valid
##### SUCCESS: /usr/lib/jvm/jdk-14.0.1/bin/java -jar /lab/itti/projects/checkers-competition/server/referee.jar on run_14_sajjanla_vdhankar #####
INPUT for sajjanla:
GAME
WHITE
290.15
.b.b.b.b
b.b.b...
.....w.w
..b...b.
...b....
w...w.w.
.w.w.b.B
w.w.....
##### Running: /usr/bin/time -o time_14_sajjanla_vdhankar.txt -f "%U" /usr/lib/jvm/jdk-14.0.1/bin/java homework > stulog.txt 2>&1 on sajjanla #####
##### SUCCESS: /usr/bin/time -o time_14_sajjanla_vdhankar.txt -f "%U" /usr/lib/jvm/jdk-14.0.1/bin/java homework > stulog.txt 2>&1 on sajjanla #####
##### sajjanla plays [E g3 f4] in 0.82s #####
##### Running: /usr/lib/jvm/jdk-14.0.1/bin/java -jar /lab/itti/projects/checkers-competition/server/referee.jar on run_14_sajjanla_vdhankar #####
Move is valid
##### SUCCESS: /usr/lib/jvm/jdk-14.0.1/bin/java -jar /lab/itti/projects/checkers-competition/server/referee.jar on run_14_sajjanla_vdhankar #####
INPUT for vdhankar:
GAME
BLACK
199.460218906403
.b.b.b.b
b.b.b...
.....w.w
..b...b.
...b.w..
w...w...
.w.w.b.B
w.w.....
##### Running: /usr/bin/time -o time_14_sajjanla_vdhankar.txt -f "%U" python3 homework.py > stulog.txt 2>&1 on vdhankar #####
child exited with value 1
##### ERROR: /usr/bin/time -o time_14_sajjanla_vdhankar.txt -f "%U" python3 homework.py > stulog.txt 2>&1 on vdhankar #####
##### Output of failed program (stdout + stderr): #####
Traceback (most recent call last):
  File "homework.py", line 546, in <module>
    print(end-start)
NameError: name 'end' is not defined
##### End of output of failed program #####
##### vdhankar plays [E f2 g1] in 6.5279598236084s #####
##### Running: /usr/lib/jvm/jdk-14.0.1/bin/java -jar /lab/itti/projects/checkers-competition/server/referee.jar on run_14_sajjanla_vdhankar #####
Move is valid
##### SUCCESS: /usr/lib/jvm/jdk-14.0.1/bin/java -jar /lab/itti/projects/checkers-competition/server/referee.jar on run_14_sajjanla_vdhankar #####
INPUT for sajjanla:
GAME
WHITE
289.33
.b.b.b.b
b.b.b...
.....w.w
..b...b.
...b.w..
w...w...
.w.w...B
w.w...B.
##### Running: /usr/bin/time -o time_14_sajjanla_vdhankar.txt -f "%U" /usr/lib/jvm/jdk-14.0.1/bin/java homework > stulog.txt 2>&1 on sajjanla #####
##### SUCCESS: /usr/bin/time -o time_14_sajjanla_vdhankar.txt -f "%U" /usr/lib/jvm/jdk-14.0.1/bin/java homework > stulog.txt 2>&1 on sajjanla #####
##### sajjanla plays [E a3 b4] in 0.6s #####
##### Running: /usr/lib/jvm/jdk-14.0.1/bin/java -jar /lab/itti/projects/checkers-competition/server/referee.jar on run_14_sajjanla_vdhankar #####
Move is valid
##### SUCCESS: /usr/lib/jvm/jdk-14.0.1/bin/java -jar /lab/itti/projects/checkers-competition/server/referee.jar on run_14_sajjanla_vdhankar #####
INPUT for vdhankar:
GAME
BLACK
192.932259082794
.b.b.b.b
b.b.b...
.....w.w
..b...b.
.w.b.w..
....w...
.w.w...B
w.w...B.
##### Running: /usr/bin/time -o time_14_sajjanla_vdhankar.txt -f "%U" python3 homework.py > stulog.txt 2>&1 on vdhankar #####
child exited with value 1
##### ERROR: /usr/bin/time -o time_14_sajjanla_vdhankar.txt -f "%U" python3 homework.py > stulog.txt 2>&1 on vdhankar #####
##### Output of failed program (stdout + stderr): #####
Traceback (most recent call last):
  File "homework.py", line 546, in <module>
    print(end-start)
NameError: name 'end' is not defined
##### End of output of failed program #####
##### vdhankar plays [J d4 f2] in 1.29183316230774s #####
##### Running: /usr/lib/jvm/jdk-14.0.1/bin/java -jar /lab/itti/projects/checkers-competition/server/referee.jar on run_14_sajjanla_vdhankar #####
Move is valid
##### SUCCESS: /usr/lib/jvm/jdk-14.0.1/bin/java -jar /lab/itti/projects/checkers-competition/server/referee.jar on run_14_sajjanla_vdhankar #####
INPUT for sajjanla:
GAME
WHITE
288.73
.b.b.b.b
b.b.b...
.....w.w
..b...b.
.w...w..
........
.w.w.b.B
w.w...B.
##### Running: /usr/bin/time -o time_14_sajjanla_vdhankar.txt -f "%U" /usr/lib/jvm/jdk-14.0.1/bin/java homework > stulog.txt 2>&1 on sajjanla #####
##### SUCCESS: /usr/bin/time -o time_14_sajjanla_vdhankar.txt -f "%U" /usr/lib/jvm/jdk-14.0.1/bin/java homework > stulog.txt 2>&1 on sajjanla #####
##### sajjanla plays [E b4 d6] in 0.54s #####
##### Running: /usr/lib/jvm/jdk-14.0.1/bin/java -jar /lab/itti/projects/checkers-competition/server/referee.jar on run_14_sajjanla_vdhankar #####
Move is valid
##### SUCCESS: /usr/lib/jvm/jdk-14.0.1/bin/java -jar /lab/itti/projects/checkers-competition/server/referee.jar on run_14_sajjanla_vdhankar #####
INPUT for vdhankar:
GAME
BLACK
191.640425920486
.b.b.b.b
b.b.b...
...w.w.w
..b...b.
.....w..
........
.w.w.b.B
w.w...B.
##### Running: /usr/bin/time -o time_14_sajjanla_vdhankar.txt -f "%U" python3 homework.py > stulog.txt 2>&1 on vdhankar #####
child exited with value 1
##### ERROR: /usr/bin/time -o time_14_sajjanla_vdhankar.txt -f "%U" python3 homework.py > stulog.txt 2>&1 on vdhankar #####
##### Output of failed program (stdout + stderr): #####
Traceback (most recent call last):
  File "homework.py", line 546, in <module>
    print(end-start)
NameError: name 'end' is not defined
##### End of output of failed program #####
##### vdhankar plays [J c7 e5 ; J e5 g3] in 8.74488401412964s #####
##### Running: /usr/lib/jvm/jdk-14.0.1/bin/java -jar /lab/itti/projects/checkers-competition/server/referee.jar on run_14_sajjanla_vdhankar #####
Move is valid
##### SUCCESS: /usr/lib/jvm/jdk-14.0.1/bin/java -jar /lab/itti/projects/checkers-competition/server/referee.jar on run_14_sajjanla_vdhankar #####
INPUT for sajjanla:
GAME
WHITE
288.19
.b.b.b.b
b...b...
.....w.w
..b...b.
........
......b.
.w.w.b.B
w.w...B.
##### Running: /usr/bin/time -o time_14_sajjanla_vdhankar.txt -f "%U" /usr/lib/jvm/jdk-14.0.1/bin/java homework > stulog.txt 2>&1 on sajjanla #####
##### SUCCESS: /usr/bin/time -o time_14_sajjanla_vdhankar.txt -f "%U" /usr/lib/jvm/jdk-14.0.1/bin/java homework > stulog.txt 2>&1 on sajjanla #####
##### sajjanla plays [E d2 c3] in 0.54s #####
##### Running: /usr/lib/jvm/jdk-14.0.1/bin/java -jar /lab/itti/projects/checkers-competition/server/referee.jar on run_14_sajjanla_vdhankar #####
Move is valid
##### SUCCESS: /usr/lib/jvm/jdk-14.0.1/bin/java -jar /lab/itti/projects/checkers-competition/server/referee.jar on run_14_sajjanla_vdhankar #####
INPUT for vdhankar:
GAME
BLACK
182.895541906357
.b.b.b.b
b...b...
.....w.w
..b...b.
........
..w...b.
.w...b.B
w.w...B.
##### Running: /usr/bin/time -o time_14_sajjanla_vdhankar.txt -f "%U" python3 homework.py > stulog.txt 2>&1 on vdhankar #####
child exited with value 1
##### ERROR: /usr/bin/time -o time_14_sajjanla_vdhankar.txt -f "%U" python3 homework.py > stulog.txt 2>&1 on vdhankar #####
##### Output of failed program (stdout + stderr): #####
Traceback (most recent call last):
  File "homework.py", line 546, in <module>
    print(end-start)
NameError: name 'end' is not defined
##### End of output of failed program #####
##### vdhankar plays [E g5 f4] in 14.7561740875244s #####
##### Running: /usr/lib/jvm/jdk-14.0.1/bin/java -jar /lab/itti/projects/checkers-competition/server/referee.jar on run_14_sajjanla_vdhankar #####
Move is valid
##### SUCCESS: /usr/lib/jvm/jdk-14.0.1/bin/java -jar /lab/itti/projects/checkers-competition/server/referee.jar on run_14_sajjanla_vdhankar #####
INPUT for sajjanla:
GAME
WHITE
287.65
.b.b.b.b
b...b...
.....w.w
..b.....
.....b..
..w...b.
.w...b.B
w.w...B.
##### Running: /usr/bin/time -o time_14_sajjanla_vdhankar.txt -f "%U" /usr/lib/jvm/jdk-14.0.1/bin/java homework > stulog.txt 2>&1 on sajjanla #####
##### SUCCESS: /usr/bin/time -o time_14_sajjanla_vdhankar.txt -f "%U" /usr/lib/jvm/jdk-14.0.1/bin/java homework > stulog.txt 2>&1 on sajjanla #####
##### sajjanla plays [E c1 d2] in 0.62s #####
##### Running: /usr/lib/jvm/jdk-14.0.1/bin/java -jar /lab/itti/projects/checkers-competition/server/referee.jar on run_14_sajjanla_vdhankar #####
Move is valid
##### SUCCESS: /usr/lib/jvm/jdk-14.0.1/bin/java -jar /lab/itti/projects/checkers-competition/server/referee.jar on run_14_sajjanla_vdhankar #####
INPUT for vdhankar:
GAME
BLACK
168.139367818832
.b.b.b.b
b...b...
.....w.w
..b.....
.....b..
..w...b.
.w.w.b.B
w.....B.
##### Running: /usr/bin/time -o time_14_sajjanla_vdhankar.txt -f "%U" python3 homework.py > stulog.txt 2>&1 on vdhankar #####
child exited with value 1
##### ERROR: /usr/bin/time -o time_14_sajjanla_vdhankar.txt -f "%U" python3 homework.py > stulog.txt 2>&1 on vdhankar #####
##### Output of failed program (stdout + stderr): #####
Traceback (most recent call last):
  File "homework.py", line 546, in <module>
    print(end-start)
NameError: name 'end' is not defined
##### End of output of failed program #####
##### vdhankar plays [J e7 g5] in 1.53970408439636s #####
##### Running: /usr/lib/jvm/jdk-14.0.1/bin/java -jar /lab/itti/projects/checkers-competition/server/referee.jar on run_14_sajjanla_vdhankar #####
Move is valid
##### SUCCESS: /usr/lib/jvm/jdk-14.0.1/bin/java -jar /lab/itti/projects/checkers-competition/server/referee.jar on run_14_sajjanla_vdhankar #####
INPUT for sajjanla:
GAME
WHITE
287.03
.b.b.b.b
b.......
.......w
..b...b.
.....b..
..w...b.
.w.w.b.B
w.....B.
##### Running: /usr/bin/time -o time_14_sajjanla_vdhankar.txt -f "%U" /usr/lib/jvm/jdk-14.0.1/bin/java homework > stulog.txt 2>&1 on sajjanla #####
##### SUCCESS: /usr/bin/time -o time_14_sajjanla_vdhankar.txt -f "%U" /usr/lib/jvm/jdk-14.0.1/bin/java homework > stulog.txt 2>&1 on sajjanla #####
##### sajjanla plays [E d2 e3] in 0.47s #####
##### Running: /usr/lib/jvm/jdk-14.0.1/bin/java -jar /lab/itti/projects/checkers-competition/server/referee.jar on run_14_sajjanla_vdhankar #####
Move is valid
##### SUCCESS: /usr/lib/jvm/jdk-14.0.1/bin/java -jar /lab/itti/projects/checkers-competition/server/referee.jar on run_14_sajjanla_vdhankar #####
INPUT for vdhankar:
GAME
BLACK
166.599663734436
.b.b.b.b
b.......
.......w
..b...b.
.....b..
..w.w.b.
.w...b.B
w.....B.
##### Running: /usr/bin/time -o time_14_sajjanla_vdhankar.txt -f "%U" python3 homework.py > stulog.txt 2>&1 on vdhankar #####
child exited with value 1
##### ERROR: /usr/bin/time -o time_14_sajjanla_vdhankar.txt -f "%U" python3 homework.py > stulog.txt 2>&1 on vdhankar #####
##### Output of failed program (stdout + stderr): #####
Traceback (most recent call last):
  File "homework.py", line 546, in <module>
    print(end-start)
NameError: name 'end' is not defined
##### End of output of failed program #####
##### vdhankar plays [J f4 d2] in 2.39408898353577s #####
##### Running: /usr/lib/jvm/jdk-14.0.1/bin/java -jar /lab/itti/projects/checkers-competition/server/referee.jar on run_14_sajjanla_vdhankar #####
Move is valid
##### SUCCESS: /usr/lib/jvm/jdk-14.0.1/bin/java -jar /lab/itti/projects/checkers-competition/server/referee.jar on run_14_sajjanla_vdhankar #####
INPUT for sajjanla:
GAME
WHITE
286.56
.b.b.b.b
b.......
.......w
..b...b.
........
..w...b.
.w.b.b.B
w.....B.
##### Running: /usr/bin/time -o time_14_sajjanla_vdhankar.txt -f "%U" /usr/lib/jvm/jdk-14.0.1/bin/java homework > stulog.txt 2>&1 on sajjanla #####
##### SUCCESS: /usr/bin/time -o time_14_sajjanla_vdhankar.txt -f "%U" /usr/lib/jvm/jdk-14.0.1/bin/java homework > stulog.txt 2>&1 on sajjanla #####
##### sajjanla plays [E c3 b4] in 0.4s #####
##### Running: /usr/lib/jvm/jdk-14.0.1/bin/java -jar /lab/itti/projects/checkers-competition/server/referee.jar on run_14_sajjanla_vdhankar #####
Move is valid
##### SUCCESS: /usr/lib/jvm/jdk-14.0.1/bin/java -jar /lab/itti/projects/checkers-competition/server/referee.jar on run_14_sajjanla_vdhankar #####
INPUT for vdhankar:
GAME
BLACK
164.2055747509
.b.b.b.b
b.......
.......w
..b...b.
.w......
......b.
.w.b.b.B
w.....B.
##### Running: /usr/bin/time -o time_14_sajjanla_vdhankar.txt -f "%U" python3 homework.py > stulog.txt 2>&1 on vdhankar #####
child exited with value 1
##### ERROR: /usr/bin/time -o time_14_sajjanla_vdhankar.txt -f "%U" python3 homework.py > stulog.txt 2>&1 on vdhankar #####
##### Output of failed program (stdout + stderr): #####
Traceback (most recent call last):
  File "homework.py", line 546, in <module>
    print(end-start)
NameError: name 'end' is not defined
##### End of output of failed program #####
##### vdhankar plays [J c5 a3 ; J a3 c1] in 0.440252065658569s #####
##### Running: /usr/lib/jvm/jdk-14.0.1/bin/java -jar /lab/itti/projects/checkers-competition/server/referee.jar on run_14_sajjanla_vdhankar #####
Move is valid
##### SUCCESS: /usr/lib/jvm/jdk-14.0.1/bin/java -jar /lab/itti/projects/checkers-competition/server/referee.jar on run_14_sajjanla_vdhankar #####
INPUT for sajjanla:
GAME
WHITE
286.16
.b.b.b.b
b.......
.......w
......b.
........
......b.
...b.b.B
w.B...B.
##### Running: /usr/bin/time -o time_14_sajjanla_vdhankar.txt -f "%U" /usr/lib/jvm/jdk-14.0.1/bin/java homework > stulog.txt 2>&1 on sajjanla #####
##### SUCCESS: /usr/bin/time -o time_14_sajjanla_vdhankar.txt -f "%U" /usr/lib/jvm/jdk-14.0.1/bin/java homework > stulog.txt 2>&1 on sajjanla #####
##### sajjanla plays [E a1 b2] in 0.22s #####
##### Running: /usr/lib/jvm/jdk-14.0.1/bin/java -jar /lab/itti/projects/checkers-competition/server/referee.jar on run_14_sajjanla_vdhankar #####
Move is valid
##### SUCCESS: /usr/lib/jvm/jdk-14.0.1/bin/java -jar /lab/itti/projects/checkers-competition/server/referee.jar on run_14_sajjanla_vdhankar #####
INPUT for vdhankar:
GAME
BLACK
163.765322685242
.b.b.b.b
b.......
.......w
......b.
........
......b.
.w.b.b.B
..B...B.
##### Running: /usr/bin/time -o time_14_sajjanla_vdhankar.txt -f "%U" python3 homework.py > stulog.txt 2>&1 on vdhankar #####
child exited with value 1
##### ERROR: /usr/bin/time -o time_14_sajjanla_vdhankar.txt -f "%U" python3 homework.py > stulog.txt 2>&1 on vdhankar #####
##### Output of failed program (stdout + stderr): #####
Traceback (most recent call last):
  File "homework.py", line 546, in <module>
    print(end-start)
NameError: name 'end' is not defined
##### End of output of failed program #####
##### vdhankar plays [J c1 a3] in 0.334820985794067s #####
##### Running: /usr/lib/jvm/jdk-14.0.1/bin/java -jar /lab/itti/projects/checkers-competition/server/referee.jar on run_14_sajjanla_vdhankar #####
Move is valid
##### SUCCESS: /usr/lib/jvm/jdk-14.0.1/bin/java -jar /lab/itti/projects/checkers-competition/server/referee.jar on run_14_sajjanla_vdhankar #####
INPUT for sajjanla:
GAME
WHITE
285.94
.b.b.b.b
b.......
.......w
......b.
........
B.....b.
...b.b.B
......B.
##### Running: /usr/bin/time -o time_14_sajjanla_vdhankar.txt -f "%U" /usr/lib/jvm/jdk-14.0.1/bin/java homework > stulog.txt 2>&1 on sajjanla #####
##### SUCCESS: /usr/bin/time -o time_14_sajjanla_vdhankar.txt -f "%U" /usr/lib/jvm/jdk-14.0.1/bin/java homework > stulog.txt 2>&1 on sajjanla #####
##### sajjanla plays [E h6 g7] in 0.2s #####
##### Running: /usr/lib/jvm/jdk-14.0.1/bin/java -jar /lab/itti/projects/checkers-competition/server/referee.jar on run_14_sajjanla_vdhankar #####
Move is valid
##### SUCCESS: /usr/lib/jvm/jdk-14.0.1/bin/java -jar /lab/itti/projects/checkers-competition/server/referee.jar on run_14_sajjanla_vdhankar #####
INPUT for vdhankar:
GAME
BLACK
163.430501699448
.b.b.b.b
b.....w.
........
......b.
........
B.....b.
...b.b.B
......B.
##### Running: /usr/bin/time -o time_14_sajjanla_vdhankar.txt -f "%U" python3 homework.py > stulog.txt 2>&1 on vdhankar #####
child exited with value 1
##### ERROR: /usr/bin/time -o time_14_sajjanla_vdhankar.txt -f "%U" python3 homework.py > stulog.txt 2>&1 on vdhankar #####
##### Output of failed program (stdout + stderr): #####
Traceback (most recent call last):
  File "homework.py", line 546, in <module>
    print(end-start)
NameError: name 'end' is not defined
##### End of output of failed program #####
##### vdhankar plays [J f8 h6] in 0.342748880386353s #####
##### Running: /usr/lib/jvm/jdk-14.0.1/bin/java -jar /lab/itti/projects/checkers-competition/server/referee.jar on run_14_sajjanla_vdhankar #####
Move is valid
After this move, player WHITE cannot make any moves
*** Winner: BLACK ***
##### SUCCESS: /usr/lib/jvm/jdk-14.0.1/bin/java -jar /lab/itti/projects/checkers-competition/server/referee.jar on run_14_sajjanla_vdhankar #####
##### GAME OVER: vdhankar wins the game! #####
Server said: WIN
########## ROUND 14 GAMESCORE AFTER GAME 3: sajjanla=0 and vdhankar=3 ##########
#################### ROUND 14: sajjanla (B) vs vdhankar (W): game 4 ####################
##### game start! #####
INPUT for sajjanla:
GAME
BLACK
300
.b.b.b.b
b.b.b.b.
.b.b.b.b
........
........
w.w.w.w.
.w.w.w.w
w.w.w.w.
##### Running: /usr/bin/time -o time_14_sajjanla_vdhankar.txt -f "%U" /usr/lib/jvm/jdk-14.0.1/bin/java homework > stulog.txt 2>&1 on sajjanla #####
##### SUCCESS: /usr/bin/time -o time_14_sajjanla_vdhankar.txt -f "%U" /usr/lib/jvm/jdk-14.0.1/bin/java homework > stulog.txt 2>&1 on sajjanla #####
##### sajjanla plays [E b6 a5] in 1.17s #####
##### Running: /usr/lib/jvm/jdk-14.0.1/bin/java -jar /lab/itti/projects/checkers-competition/server/referee.jar on run_14_sajjanla_vdhankar #####
Move is valid
Couldn't read file 'current_ply.txt'
Couldn't read content from file 'current_ply.txt'
Couldn't read file 'lastmatchange_ply.txt'
Couldn't read content from file 'lastmatchange_ply.txt'
##### SUCCESS: /usr/lib/jvm/jdk-14.0.1/bin/java -jar /lab/itti/projects/checkers-competition/server/referee.jar on run_14_sajjanla_vdhankar #####
INPUT for vdhankar:
GAME
WHITE
300
.b.b.b.b
b.b.b.b.
...b.b.b
b.......
........
w.w.w.w.
.w.w.w.w
w.w.w.w.
##### Running: /usr/bin/time -o time_14_sajjanla_vdhankar.txt -f "%U" python3 homework.py > stulog.txt 2>&1 on vdhankar #####
child exited with value 1
##### ERROR: /usr/bin/time -o time_14_sajjanla_vdhankar.txt -f "%U" python3 homework.py > stulog.txt 2>&1 on vdhankar #####
##### Output of failed program (stdout + stderr): #####
Traceback (most recent call last):
  File "homework.py", line 546, in <module>
    print(end-start)
NameError: name 'end' is not defined
##### End of output of failed program #####
##### vdhankar plays [E g3 h4] in 13.2070729732513s #####
##### Running: /usr/lib/jvm/jdk-14.0.1/bin/java -jar /lab/itti/projects/checkers-competition/server/referee.jar on run_14_sajjanla_vdhankar #####
Move is valid
##### SUCCESS: /usr/lib/jvm/jdk-14.0.1/bin/java -jar /lab/itti/projects/checkers-competition/server/referee.jar on run_14_sajjanla_vdhankar #####
INPUT for sajjanla:
GAME
BLACK
298.83
.b.b.b.b
b.b.b.b.
...b.b.b
b.......
.......w
w.w.w...
.w.w.w.w
w.w.w.w.
##### Running: /usr/bin/time -o time_14_sajjanla_vdhankar.txt -f "%U" /usr/lib/jvm/jdk-14.0.1/bin/java homework > stulog.txt 2>&1 on sajjanla #####
##### SUCCESS: /usr/bin/time -o time_14_sajjanla_vdhankar.txt -f "%U" /usr/lib/jvm/jdk-14.0.1/bin/java homework > stulog.txt 2>&1 on sajjanla #####
##### sajjanla plays [E d6 c5] in 1.14s #####
##### Running: /usr/lib/jvm/jdk-14.0.1/bin/java -jar /lab/itti/projects/checkers-competition/server/referee.jar on run_14_sajjanla_vdhankar #####
Move is valid
##### SUCCESS: /usr/lib/jvm/jdk-14.0.1/bin/java -jar /lab/itti/projects/checkers-competition/server/referee.jar on run_14_sajjanla_vdhankar #####
INPUT for vdhankar:
GAME
WHITE
286.792927026749
.b.b.b.b
b.b.b.b.
.....b.b
b.b.....
.......w
w.w.w...
.w.w.w.w
w.w.w.w.
##### Running: /usr/bin/time -o time_14_sajjanla_vdhankar.txt -f "%U" python3 homework.py > stulog.txt 2>&1 on vdhankar #####
child exited with value 1
##### ERROR: /usr/bin/time -o time_14_sajjanla_vdhankar.txt -f "%U" python3 homework.py > stulog.txt 2>&1 on vdhankar #####
##### Output of failed program (stdout + stderr): #####
Traceback (most recent call last):
  File "homework.py", line 546, in <module>
    print(end-start)
NameError: name 'end' is not defined
##### End of output of failed program #####
##### vdhankar plays [E h2 g3] in 13.1477408409119s #####
##### Running: /usr/lib/jvm/jdk-14.0.1/bin/java -jar /lab/itti/projects/checkers-competition/server/referee.jar on run_14_sajjanla_vdhankar #####
Move is valid
##### SUCCESS: /usr/lib/jvm/jdk-14.0.1/bin/java -jar /lab/itti/projects/checkers-competition/server/referee.jar on run_14_sajjanla_vdhankar #####
INPUT for sajjanla:
GAME
BLACK
297.69
.b.b.b.b
b.b.b.b.
.....b.b
b.b.....
.......w
w.w.w.w.
.w.w.w..
w.w.w.w.
##### Running: /usr/bin/time -o time_14_sajjanla_vdhankar.txt -f "%U" /usr/lib/jvm/jdk-14.0.1/bin/java homework > stulog.txt 2>&1 on sajjanla #####
##### SUCCESS: /usr/bin/time -o time_14_sajjanla_vdhankar.txt -f "%U" /usr/lib/jvm/jdk-14.0.1/bin/java homework > stulog.txt 2>&1 on sajjanla #####
##### sajjanla plays [E c7 b6] in 0.97s #####
##### Running: /usr/lib/jvm/jdk-14.0.1/bin/java -jar /lab/itti/projects/checkers-competition/server/referee.jar on run_14_sajjanla_vdhankar #####
Move is valid
##### SUCCESS: /usr/lib/jvm/jdk-14.0.1/bin/java -jar /lab/itti/projects/checkers-competition/server/referee.jar on run_14_sajjanla_vdhankar #####
INPUT for vdhankar:
GAME
WHITE
273.645186185837
.b.b.b.b
b...b.b.
.b...b.b
b.b.....
.......w
w.w.w.w.
.w.w.w..
w.w.w.w.
##### Running: /usr/bin/time -o time_14_sajjanla_vdhankar.txt -f "%U" python3 homework.py > stulog.txt 2>&1 on vdhankar #####
child exited with value 1
##### ERROR: /usr/bin/time -o time_14_sajjanla_vdhankar.txt -f "%U" python3 homework.py > stulog.txt 2>&1 on vdhankar #####
##### Output of failed program (stdout + stderr): #####
Traceback (most recent call last):
  File "homework.py", line 546, in <module>
    print(end-start)
NameError: name 'end' is not defined
##### End of output of failed program #####
##### vdhankar plays [E e3 f4] in 8.66203689575195s #####
##### Running: /usr/lib/jvm/jdk-14.0.1/bin/java -jar /lab/itti/projects/checkers-competition/server/referee.jar on run_14_sajjanla_vdhankar #####
Move is valid
##### SUCCESS: /usr/lib/jvm/jdk-14.0.1/bin/java -jar /lab/itti/projects/checkers-competition/server/referee.jar on run_14_sajjanla_vdhankar #####
INPUT for sajjanla:
GAME
BLACK
296.72
.b.b.b.b
b...b.b.
.b...b.b
b.b.....
.....w.w
w.w...w.
.w.w.w..
w.w.w.w.
##### Running: /usr/bin/time -o time_14_sajjanla_vdhankar.txt -f "%U" /usr/lib/jvm/jdk-14.0.1/bin/java homework > stulog.txt 2>&1 on sajjanla #####
##### SUCCESS: /usr/bin/time -o time_14_sajjanla_vdhankar.txt -f "%U" /usr/lib/jvm/jdk-14.0.1/bin/java homework > stulog.txt 2>&1 on sajjanla #####
##### sajjanla plays [E b8 c7] in 0.73s #####
##### Running: /usr/lib/jvm/jdk-14.0.1/bin/java -jar /lab/itti/projects/checkers-competition/server/referee.jar on run_14_sajjanla_vdhankar #####
Move is valid
##### SUCCESS: /usr/lib/jvm/jdk-14.0.1/bin/java -jar /lab/itti/projects/checkers-competition/server/referee.jar on run_14_sajjanla_vdhankar #####
INPUT for vdhankar:
GAME
WHITE
264.983149290085
...b.b.b
b.b.b.b.
.b...b.b
b.b.....
.....w.w
w.w...w.
.w.w.w..
w.w.w.w.
##### Running: /usr/bin/time -o time_14_sajjanla_vdhankar.txt -f "%U" python3 homework.py > stulog.txt 2>&1 on vdhankar #####
child exited with value 1
##### ERROR: /usr/bin/time -o time_14_sajjanla_vdhankar.txt -f "%U" python3 homework.py > stulog.txt 2>&1 on vdhankar #####
##### Output of failed program (stdout + stderr): #####
Traceback (most recent call last):
  File "homework.py", line 546, in <module>
    print(end-start)
NameError: name 'end' is not defined
##### End of output of failed program #####
##### vdhankar plays [E c3 b4] in 2.57727789878845s #####
##### Running: /usr/lib/jvm/jdk-14.0.1/bin/java -jar /lab/itti/projects/checkers-competition/server/referee.jar on run_14_sajjanla_vdhankar #####
Move is valid
##### SUCCESS: /usr/lib/jvm/jdk-14.0.1/bin/java -jar /lab/itti/projects/checkers-competition/server/referee.jar on run_14_sajjanla_vdhankar #####
INPUT for sajjanla:
GAME
BLACK
295.99
...b.b.b
b.b.b.b.
.b...b.b
b.b.....
.w...w.w
w.....w.
.w.w.w..
w.w.w.w.
##### Running: /usr/bin/time -o time_14_sajjanla_vdhankar.txt -f "%U" /usr/lib/jvm/jdk-14.0.1/bin/java homework > stulog.txt 2>&1 on sajjanla #####
##### SUCCESS: /usr/bin/time -o time_14_sajjanla_vdhankar.txt -f "%U" /usr/lib/jvm/jdk-14.0.1/bin/java homework > stulog.txt 2>&1 on sajjanla #####
##### sajjanla plays [E a5 c3] in 0.43s #####
##### Running: /usr/lib/jvm/jdk-14.0.1/bin/java -jar /lab/itti/projects/checkers-competition/server/referee.jar on run_14_sajjanla_vdhankar #####
Move is valid
##### SUCCESS: /usr/lib/jvm/jdk-14.0.1/bin/java -jar /lab/itti/projects/checkers-competition/server/referee.jar on run_14_sajjanla_vdhankar #####
INPUT for vdhankar:
GAME
WHITE
262.405871391296
...b.b.b
b.b.b.b.
.b...b.b
..b.....
.w...w.w
w.b...w.
.w.w.w..
w.w.w.w.
##### Running: /usr/bin/time -o time_14_sajjanla_vdhankar.txt -f "%U" python3 homework.py > stulog.txt 2>&1 on vdhankar #####
child exited with value 1
##### ERROR: /usr/bin/time -o time_14_sajjanla_vdhankar.txt -f "%U" python3 homework.py > stulog.txt 2>&1 on vdhankar #####
##### Output of failed program (stdout + stderr): #####
Traceback (most recent call last):
  File "homework.py", line 546, in <module>
    print(end-start)
NameError: name 'end' is not defined
##### End of output of failed program #####
##### vdhankar plays [J b4 d6 ; J d6 b8] in 2.13212585449219s #####
##### Running: /usr/lib/jvm/jdk-14.0.1/bin/java -jar /lab/itti/projects/checkers-competition/server/referee.jar on run_14_sajjanla_vdhankar #####
Move is valid
##### SUCCESS: /usr/lib/jvm/jdk-14.0.1/bin/java -jar /lab/itti/projects/checkers-competition/server/referee.jar on run_14_sajjanla_vdhankar #####
INPUT for sajjanla:
GAME
BLACK
295.56
.W.b.b.b
b...b.b.
.b...b.b
........
.....w.w
w.b...w.
.w.w.w..
w.w.w.w.
##### Running: /usr/bin/time -o time_14_sajjanla_vdhankar.txt -f "%U" /usr/lib/jvm/jdk-14.0.1/bin/java homework > stulog.txt 2>&1 on sajjanla #####
##### SUCCESS: /usr/bin/time -o time_14_sajjanla_vdhankar.txt -f "%U" /usr/lib/jvm/jdk-14.0.1/bin/java homework > stulog.txt 2>&1 on sajjanla #####
##### sajjanla plays [E b6 a5] in 0.49s #####
##### Running: /usr/lib/jvm/jdk-14.0.1/bin/java -jar /lab/itti/projects/checkers-competition/server/referee.jar on run_14_sajjanla_vdhankar #####
Move is valid
##### SUCCESS: /usr/lib/jvm/jdk-14.0.1/bin/java -jar /lab/itti/projects/checkers-competition/server/referee.jar on run_14_sajjanla_vdhankar #####
INPUT for vdhankar:
GAME
WHITE
260.273745536804
.W.b.b.b
b...b.b.
.....b.b
b.......
.....w.w
w.b...w.
.w.w.w..
w.w.w.w.
##### Running: /usr/bin/time -o time_14_sajjanla_vdhankar.txt -f "%U" python3 homework.py > stulog.txt 2>&1 on vdhankar #####
child exited with value 1
##### ERROR: /usr/bin/time -o time_14_sajjanla_vdhankar.txt -f "%U" python3 homework.py > stulog.txt 2>&1 on vdhankar #####
##### Output of failed program (stdout + stderr): #####
Traceback (most recent call last):
  File "homework.py", line 546, in <module>
    print(end-start)
NameError: name 'end' is not defined
##### End of output of failed program #####
##### vdhankar plays [J d2 b4] in 0.832777976989746s #####
##### Running: /usr/lib/jvm/jdk-14.0.1/bin/java -jar /lab/itti/projects/checkers-competition/server/referee.jar on run_14_sajjanla_vdhankar #####
Move is valid
##### SUCCESS: /usr/lib/jvm/jdk-14.0.1/bin/java -jar /lab/itti/projects/checkers-competition/server/referee.jar on run_14_sajjanla_vdhankar #####
INPUT for sajjanla:
GAME
BLACK
295.07
.W.b.b.b
b...b.b.
.....b.b
b.......
.w...w.w
w.....w.
.w...w..
w.w.w.w.
##### Running: /usr/bin/time -o time_14_sajjanla_vdhankar.txt -f "%U" /usr/lib/jvm/jdk-14.0.1/bin/java homework > stulog.txt 2>&1 on sajjanla #####
##### SUCCESS: /usr/bin/time -o time_14_sajjanla_vdhankar.txt -f "%U" /usr/lib/jvm/jdk-14.0.1/bin/java homework > stulog.txt 2>&1 on sajjanla #####
##### sajjanla plays [E a5 c3] in 0.54s #####
##### Running: /usr/lib/jvm/jdk-14.0.1/bin/java -jar /lab/itti/projects/checkers-competition/server/referee.jar on run_14_sajjanla_vdhankar #####
Move is valid
##### SUCCESS: /usr/lib/jvm/jdk-14.0.1/bin/java -jar /lab/itti/projects/checkers-competition/server/referee.jar on run_14_sajjanla_vdhankar #####
INPUT for vdhankar:
GAME
WHITE
259.440967559814
.W.b.b.b
b...b.b.
.....b.b
........
.w...w.w
w.b...w.
.w...w..
w.w.w.w.
##### Running: /usr/bin/time -o time_14_sajjanla_vdhankar.txt -f "%U" python3 homework.py > stulog.txt 2>&1 on vdhankar #####
child exited with value 1
##### ERROR: /usr/bin/time -o time_14_sajjanla_vdhankar.txt -f "%U" python3 homework.py > stulog.txt 2>&1 on vdhankar #####
##### Output of failed program (stdout + stderr): #####
Traceback (most recent call last):
  File "homework.py", line 546, in <module>
    print(end-start)
NameError: name 'end' is not defined
##### End of output of failed program #####
##### vdhankar plays [J b2 d4] in 0.679033994674683s #####
##### Running: /usr/lib/jvm/jdk-14.0.1/bin/java -jar /lab/itti/projects/checkers-competition/server/referee.jar on run_14_sajjanla_vdhankar #####
Move is valid
##### SUCCESS: /usr/lib/jvm/jdk-14.0.1/bin/java -jar /lab/itti/projects/checkers-competition/server/referee.jar on run_14_sajjanla_vdhankar #####
INPUT for sajjanla:
GAME
BLACK
294.53
.W.b.b.b
b...b.b.
.....b.b
........
.w.w.w.w
w.....w.
.....w..
w.w.w.w.
##### Running: /usr/bin/time -o time_14_sajjanla_vdhankar.txt -f "%U" /usr/lib/jvm/jdk-14.0.1/bin/java homework > stulog.txt 2>&1 on sajjanla #####
##### SUCCESS: /usr/bin/time -o time_14_sajjanla_vdhankar.txt -f "%U" /usr/lib/jvm/jdk-14.0.1/bin/java homework > stulog.txt 2>&1 on sajjanla #####
##### sajjanla plays [E a7 b6] in 0.58s #####
##### Running: /usr/lib/jvm/jdk-14.0.1/bin/java -jar /lab/itti/projects/checkers-competition/server/referee.jar on run_14_sajjanla_vdhankar #####
Move is valid
##### SUCCESS: /usr/lib/jvm/jdk-14.0.1/bin/java -jar /lab/itti/projects/checkers-competition/server/referee.jar on run_14_sajjanla_vdhankar #####
INPUT for vdhankar:
GAME
WHITE
258.76193356514
.W.b.b.b
....b.b.
.b...b.b
........
.w.w.w.w
w.....w.
.....w..
w.w.w.w.
##### Running: /usr/bin/time -o time_14_sajjanla_vdhankar.txt -f "%U" python3 homework.py > stulog.txt 2>&1 on vdhankar #####
child exited with value 1
##### ERROR: /usr/bin/time -o time_14_sajjanla_vdhankar.txt -f "%U" python3 homework.py > stulog.txt 2>&1 on vdhankar #####
##### Output of failed program (stdout + stderr): #####
Traceback (most recent call last):
  File "homework.py", line 546, in <module>
    print(end-start)
NameError: name 'end' is not defined
##### End of output of failed program #####
##### vdhankar plays [E b4 c5] in 7.23392295837402s #####
##### Running: /usr/lib/jvm/jdk-14.0.1/bin/java -jar /lab/itti/projects/checkers-competition/server/referee.jar on run_14_sajjanla_vdhankar #####
Move is valid
##### SUCCESS: /usr/lib/jvm/jdk-14.0.1/bin/java -jar /lab/itti/projects/checkers-competition/server/referee.jar on run_14_sajjanla_vdhankar #####
INPUT for sajjanla:
GAME
BLACK
293.95
.W.b.b.b
....b.b.
.b...b.b
..w.....
...w.w.w
w.....w.
.....w..
w.w.w.w.
##### Running: /usr/bin/time -o time_14_sajjanla_vdhankar.txt -f "%U" /usr/lib/jvm/jdk-14.0.1/bin/java homework > stulog.txt 2>&1 on sajjanla #####
##### SUCCESS: /usr/bin/time -o time_14_sajjanla_vdhankar.txt -f "%U" /usr/lib/jvm/jdk-14.0.1/bin/java homework > stulog.txt 2>&1 on sajjanla #####
##### sajjanla plays [E b6 a5] in 0.63s #####
##### Running: /usr/lib/jvm/jdk-14.0.1/bin/java -jar /lab/itti/projects/checkers-competition/server/referee.jar on run_14_sajjanla_vdhankar #####
Move is valid
##### SUCCESS: /usr/lib/jvm/jdk-14.0.1/bin/java -jar /lab/itti/projects/checkers-competition/server/referee.jar on run_14_sajjanla_vdhankar #####
INPUT for vdhankar:
GAME
WHITE
251.528010606766
.W.b.b.b
....b.b.
.....b.b
b.w.....
...w.w.w
w.....w.
.....w..
w.w.w.w.
##### Running: /usr/bin/time -o time_14_sajjanla_vdhankar.txt -f "%U" python3 homework.py > stulog.txt 2>&1 on vdhankar #####
child exited with value 1
##### ERROR: /usr/bin/time -o time_14_sajjanla_vdhankar.txt -f "%U" python3 homework.py > stulog.txt 2>&1 on vdhankar #####
##### Output of failed program (stdout + stderr): #####
Traceback (most recent call last):
  File "homework.py", line 546, in <module>
    print(end-start)
NameError: name 'end' is not defined
##### End of output of failed program #####
##### vdhankar plays [E f4 e5] in 12.4874200820923s #####
##### Running: /usr/lib/jvm/jdk-14.0.1/bin/java -jar /lab/itti/projects/checkers-competition/server/referee.jar on run_14_sajjanla_vdhankar #####
Move is valid
##### SUCCESS: /usr/lib/jvm/jdk-14.0.1/bin/java -jar /lab/itti/projects/checkers-competition/server/referee.jar on run_14_sajjanla_vdhankar #####
INPUT for sajjanla:
GAME
BLACK
293.32
.W.b.b.b
....b.b.
.....b.b
b.w.w...
...w...w
w.....w.
.....w..
w.w.w.w.
##### Running: /usr/bin/time -o time_14_sajjanla_vdhankar.txt -f "%U" /usr/lib/jvm/jdk-14.0.1/bin/java homework > stulog.txt 2>&1 on sajjanla #####
##### SUCCESS: /usr/bin/time -o time_14_sajjanla_vdhankar.txt -f "%U" /usr/lib/jvm/jdk-14.0.1/bin/java homework > stulog.txt 2>&1 on sajjanla #####
##### sajjanla plays [E a5 b4] in 0.65s #####
##### Running: /usr/lib/jvm/jdk-14.0.1/bin/java -jar /lab/itti/projects/checkers-competition/server/referee.jar on run_14_sajjanla_vdhankar #####
Move is valid
##### SUCCESS: /usr/lib/jvm/jdk-14.0.1/bin/java -jar /lab/itti/projects/checkers-competition/server/referee.jar on run_14_sajjanla_vdhankar #####
INPUT for vdhankar:
GAME
WHITE
239.040590524673
.W.b.b.b
....b.b.
.....b.b
..w.w...
.b.w...w
w.....w.
.....w..
w.w.w.w.
##### Running: /usr/bin/time -o time_14_sajjanla_vdhankar.txt -f "%U" python3 homework.py > stulog.txt 2>&1 on vdhankar #####
child exited with value 1
##### ERROR: /usr/bin/time -o time_14_sajjanla_vdhankar.txt -f "%U" python3 homework.py > stulog.txt 2>&1 on vdhankar #####
##### Output of failed program (stdout + stderr): #####
Traceback (most recent call last):
  File "homework.py", line 546, in <module>
    print(end-start)
NameError: name 'end' is not defined
##### End of output of failed program #####
##### vdhankar plays [E b8 c7] in 5.28019595146179s #####
##### Running: /usr/lib/jvm/jdk-14.0.1/bin/java -jar /lab/itti/projects/checkers-competition/server/referee.jar on run_14_sajjanla_vdhankar #####
Move is valid
##### SUCCESS: /usr/lib/jvm/jdk-14.0.1/bin/java -jar /lab/itti/projects/checkers-competition/server/referee.jar on run_14_sajjanla_vdhankar #####
INPUT for sajjanla:
GAME
BLACK
292.67
...b.b.b
..W.b.b.
.....b.b
..w.w...
.b.w...w
w.....w.
.....w..
w.w.w.w.
##### Running: /usr/bin/time -o time_14_sajjanla_vdhankar.txt -f "%U" /usr/lib/jvm/jdk-14.0.1/bin/java homework > stulog.txt 2>&1 on sajjanla #####
##### SUCCESS: /usr/bin/time -o time_14_sajjanla_vdhankar.txt -f "%U" /usr/lib/jvm/jdk-14.0.1/bin/java homework > stulog.txt 2>&1 on sajjanla #####
##### sajjanla plays [E d8 b6] in 0.3s #####
##### Running: /usr/lib/jvm/jdk-14.0.1/bin/java -jar /lab/itti/projects/checkers-competition/server/referee.jar on run_14_sajjanla_vdhankar #####
Move is valid
##### SUCCESS: /usr/lib/jvm/jdk-14.0.1/bin/java -jar /lab/itti/projects/checkers-competition/server/referee.jar on run_14_sajjanla_vdhankar #####
INPUT for vdhankar:
GAME
WHITE
233.760394573212
.....b.b
..W.b.b.
.b...b.b
..w.w...
.b.w...w
w.....w.
.....w..
w.w.w.w.
##### Running: /usr/bin/time -o time_14_sajjanla_vdhankar.txt -f "%U" python3 homework.py > stulog.txt 2>&1 on vdhankar #####
child exited with value 1
##### ERROR: /usr/bin/time -o time_14_sajjanla_vdhankar.txt -f "%U" python3 homework.py > stulog.txt 2>&1 on vdhankar #####
##### Output of failed program (stdout + stderr): #####
Traceback (most recent call last):
  File "homework.py", line 546, in <module>
    print(end-start)
NameError: name 'end' is not defined
##### End of output of failed program #####
##### vdhankar plays [J c7 a5 ; J a5 c3] in 1.3997859954834s #####
##### Running: /usr/lib/jvm/jdk-14.0.1/bin/java -jar /lab/itti/projects/checkers-competition/server/referee.jar on run_14_sajjanla_vdhankar #####
Move is valid
##### SUCCESS: /usr/lib/jvm/jdk-14.0.1/bin/java -jar /lab/itti/projects/checkers-competition/server/referee.jar on run_14_sajjanla_vdhankar #####
INPUT for sajjanla:
GAME
BLACK
292.37
.....b.b
....b.b.
.....b.b
..w.w...
...w...w
w.W...w.
.....w..
w.w.w.w.
##### Running: /usr/bin/time -o time_14_sajjanla_vdhankar.txt -f "%U" /usr/lib/jvm/jdk-14.0.1/bin/java homework > stulog.txt 2>&1 on sajjanla #####
##### SUCCESS: /usr/bin/time -o time_14_sajjanla_vdhankar.txt -f "%U" /usr/lib/jvm/jdk-14.0.1/bin/java homework > stulog.txt 2>&1 on sajjanla #####
##### sajjanla plays [E h6 g5] in 0.45s #####
##### Running: /usr/lib/jvm/jdk-14.0.1/bin/java -jar /lab/itti/projects/checkers-competition/server/referee.jar on run_14_sajjanla_vdhankar #####
Move is valid
##### SUCCESS: /usr/lib/jvm/jdk-14.0.1/bin/java -jar /lab/itti/projects/checkers-competition/server/referee.jar on run_14_sajjanla_vdhankar #####
INPUT for vdhankar:
GAME
WHITE
232.360608577728
.....b.b
....b.b.
.....b..
..w.w.b.
...w...w
w.W...w.
.....w..
w.w.w.w.
##### Running: /usr/bin/time -o time_14_sajjanla_vdhankar.txt -f "%U" python3 homework.py > stulog.txt 2>&1 on vdhankar #####
child exited with value 1
##### ERROR: /usr/bin/time -o time_14_sajjanla_vdhankar.txt -f "%U" python3 homework.py > stulog.txt 2>&1 on vdhankar #####
##### Output of failed program (stdout + stderr): #####
Traceback (most recent call last):
  File "homework.py", line 546, in <module>
    print(end-start)
NameError: name 'end' is not defined
##### End of output of failed program #####
##### vdhankar plays [E e5 d6] in 6.9217050075531s #####
##### Running: /usr/lib/jvm/jdk-14.0.1/bin/java -jar /lab/itti/projects/checkers-competition/server/referee.jar on run_14_sajjanla_vdhankar #####
Move is valid
##### SUCCESS: /usr/lib/jvm/jdk-14.0.1/bin/java -jar /lab/itti/projects/checkers-competition/server/referee.jar on run_14_sajjanla_vdhankar #####
INPUT for sajjanla:
GAME
BLACK
291.92
.....b.b
....b.b.
...w.b..
..w...b.
...w...w
w.W...w.
.....w..
w.w.w.w.
##### Running: /usr/bin/time -o time_14_sajjanla_vdhankar.txt -f "%U" /usr/lib/jvm/jdk-14.0.1/bin/java homework > stulog.txt 2>&1 on sajjanla #####
##### SUCCESS: /usr/bin/time -o time_14_sajjanla_vdhankar.txt -f "%U" /usr/lib/jvm/jdk-14.0.1/bin/java homework > stulog.txt 2>&1 on sajjanla #####
##### sajjanla plays [E g7 h6] in 0.39s #####
##### Running: /usr/lib/jvm/jdk-14.0.1/bin/java -jar /lab/itti/projects/checkers-competition/server/referee.jar on run_14_sajjanla_vdhankar #####
Move is valid
##### SUCCESS: /usr/lib/jvm/jdk-14.0.1/bin/java -jar /lab/itti/projects/checkers-competition/server/referee.jar on run_14_sajjanla_vdhankar #####
INPUT for vdhankar:
GAME
WHITE
225.438903570175
.....b.b
....b...
...w.b.b
..w...b.
...w...w
w.W...w.
.....w..
w.w.w.w.
##### Running: /usr/bin/time -o time_14_sajjanla_vdhankar.txt -f "%U" python3 homework.py > stulog.txt 2>&1 on vdhankar #####
child exited with value 1
##### ERROR: /usr/bin/time -o time_14_sajjanla_vdhankar.txt -f "%U" python3 homework.py > stulog.txt 2>&1 on vdhankar #####
##### Output of failed program (stdout + stderr): #####
Traceback (most recent call last):
  File "homework.py", line 546, in <module>
    print(end-start)
NameError: name 'end' is not defined
##### End of output of failed program #####
##### vdhankar plays [E f2 e3] in 6.49571514129639s #####
##### Running: /usr/lib/jvm/jdk-14.0.1/bin/java -jar /lab/itti/projects/checkers-competition/server/referee.jar on run_14_sajjanla_vdhankar #####
Move is valid
##### SUCCESS: /usr/lib/jvm/jdk-14.0.1/bin/java -jar /lab/itti/projects/checkers-competition/server/referee.jar on run_14_sajjanla_vdhankar #####
INPUT for sajjanla:
GAME
BLACK
291.53
.....b.b
....b...
...w.b.b
..w...b.
...w...w
w.W.w.w.
........
w.w.w.w.
##### Running: /usr/bin/time -o time_14_sajjanla_vdhankar.txt -f "%U" /usr/lib/jvm/jdk-14.0.1/bin/java homework > stulog.txt 2>&1 on sajjanla #####
##### SUCCESS: /usr/bin/time -o time_14_sajjanla_vdhankar.txt -f "%U" /usr/lib/jvm/jdk-14.0.1/bin/java homework > stulog.txt 2>&1 on sajjanla #####
##### sajjanla plays [E f8 g7] in 0.72s #####
##### Running: /usr/lib/jvm/jdk-14.0.1/bin/java -jar /lab/itti/projects/checkers-competition/server/referee.jar on run_14_sajjanla_vdhankar #####
Move is valid
##### SUCCESS: /usr/lib/jvm/jdk-14.0.1/bin/java -jar /lab/itti/projects/checkers-competition/server/referee.jar on run_14_sajjanla_vdhankar #####
INPUT for vdhankar:
GAME
WHITE
218.943188428879
.......b
....b.b.
...w.b.b
..w...b.
...w...w
w.W.w.w.
........
w.w.w.w.
##### Running: /usr/bin/time -o time_14_sajjanla_vdhankar.txt -f "%U" python3 homework.py > stulog.txt 2>&1 on vdhankar #####
child exited with value 1
##### ERROR: /usr/bin/time -o time_14_sajjanla_vdhankar.txt -f "%U" python3 homework.py > stulog.txt 2>&1 on vdhankar #####
##### Output of failed program (stdout + stderr): #####
Traceback (most recent call last):
  File "homework.py", line 546, in <module>
    print(end-start)
NameError: name 'end' is not defined
##### End of output of failed program #####
##### vdhankar plays [J d6 f8] in 0.553318023681641s #####
##### Running: /usr/lib/jvm/jdk-14.0.1/bin/java -jar /lab/itti/projects/checkers-competition/server/referee.jar on run_14_sajjanla_vdhankar #####
Move is valid
##### SUCCESS: /usr/lib/jvm/jdk-14.0.1/bin/java -jar /lab/itti/projects/checkers-competition/server/referee.jar on run_14_sajjanla_vdhankar #####
INPUT for sajjanla:
GAME
BLACK
290.81
.....W.b
......b.
.....b.b
..w...b.
...w...w
w.W.w.w.
........
w.w.w.w.
##### Running: /usr/bin/time -o time_14_sajjanla_vdhankar.txt -f "%U" /usr/lib/jvm/jdk-14.0.1/bin/java homework > stulog.txt 2>&1 on sajjanla #####
##### SUCCESS: /usr/bin/time -o time_14_sajjanla_vdhankar.txt -f "%U" /usr/lib/jvm/jdk-14.0.1/bin/java homework > stulog.txt 2>&1 on sajjanla #####
##### sajjanla plays [E f6 e5] in 0.36s #####
##### Running: /usr/lib/jvm/jdk-14.0.1/bin/java -jar /lab/itti/projects/checkers-competition/server/referee.jar on run_14_sajjanla_vdhankar #####
Move is valid
##### SUCCESS: /usr/lib/jvm/jdk-14.0.1/bin/java -jar /lab/itti/projects/checkers-competition/server/referee.jar on run_14_sajjanla_vdhankar #####
INPUT for vdhankar:
GAME
WHITE
218.389870405197
.....W.b
......b.
.......b
..w.b.b.
...w...w
w.W.w.w.
........
w.w.w.w.
##### Running: /usr/bin/time -o time_14_sajjanla_vdhankar.txt -f "%U" python3 homework.py > stulog.txt 2>&1 on vdhankar #####
child exited with value 1
##### ERROR: /usr/bin/time -o time_14_sajjanla_vdhankar.txt -f "%U" python3 homework.py > stulog.txt 2>&1 on vdhankar #####
##### Output of failed program (stdout + stderr): #####
Traceback (most recent call last):
  File "homework.py", line 546, in <module>
    print(end-start)
NameError: name 'end' is not defined
##### End of output of failed program #####
##### vdhankar plays [J h4 f6] in 0.699112176895142s #####
##### Running: /usr/lib/jvm/jdk-14.0.1/bin/java -jar /lab/itti/projects/checkers-competition/server/referee.jar on run_14_sajjanla_vdhankar #####
Move is valid
##### SUCCESS: /usr/lib/jvm/jdk-14.0.1/bin/java -jar /lab/itti/projects/checkers-competition/server/referee.jar on run_14_sajjanla_vdhankar #####
INPUT for sajjanla:
GAME
BLACK
290.45
.....W.b
......b.
.....w.b
..w.b...
...w....
w.W.w.w.
........
w.w.w.w.
##### Running: /usr/bin/time -o time_14_sajjanla_vdhankar.txt -f "%U" /usr/lib/jvm/jdk-14.0.1/bin/java homework > stulog.txt 2>&1 on sajjanla #####
##### SUCCESS: /usr/bin/time -o time_14_sajjanla_vdhankar.txt -f "%U" /usr/lib/jvm/jdk-14.0.1/bin/java homework > stulog.txt 2>&1 on sajjanla #####
##### sajjanla plays [E e5 f4] in 0.27s #####
##### Running: /usr/lib/jvm/jdk-14.0.1/bin/java -jar /lab/itti/projects/checkers-competition/server/referee.jar on run_14_sajjanla_vdhankar #####
Move is valid
##### SUCCESS: /usr/lib/jvm/jdk-14.0.1/bin/java -jar /lab/itti/projects/checkers-competition/server/referee.jar on run_14_sajjanla_vdhankar #####
INPUT for vdhankar:
GAME
WHITE
217.690758228302
.....W.b
......b.
.....w.b
..w.....
...w.b..
w.W.w.w.
........
w.w.w.w.
##### Running: /usr/bin/time -o time_14_sajjanla_vdhankar.txt -f "%U" python3 homework.py > stulog.txt 2>&1 on vdhankar #####
child exited with value 1
##### ERROR: /usr/bin/time -o time_14_sajjanla_vdhankar.txt -f "%U" python3 homework.py > stulog.txt 2>&1 on vdhankar #####
##### Output of failed program (stdout + stderr): #####
Traceback (most recent call last):
  File "homework.py", line 546, in <module>
    print(end-start)
NameError: name 'end' is not defined
##### End of output of failed program #####
##### vdhankar plays [J e3 g5] in 0.383851051330566s #####
##### Running: /usr/lib/jvm/jdk-14.0.1/bin/java -jar /lab/itti/projects/checkers-competition/server/referee.jar on run_14_sajjanla_vdhankar #####
Move is valid
##### SUCCESS: /usr/lib/jvm/jdk-14.0.1/bin/java -jar /lab/itti/projects/checkers-competition/server/referee.jar on run_14_sajjanla_vdhankar #####
INPUT for sajjanla:
GAME
BLACK
290.18
.....W.b
......b.
.....w.b
..w...w.
...w....
w.W...w.
........
w.w.w.w.
##### Running: /usr/bin/time -o time_14_sajjanla_vdhankar.txt -f "%U" /usr/lib/jvm/jdk-14.0.1/bin/java homework > stulog.txt 2>&1 on sajjanla #####
##### SUCCESS: /usr/bin/time -o time_14_sajjanla_vdhankar.txt -f "%U" /usr/lib/jvm/jdk-14.0.1/bin/java homework > stulog.txt 2>&1 on sajjanla #####
##### sajjanla plays [E g7 e5] in 0.25s #####
##### Running: /usr/lib/jvm/jdk-14.0.1/bin/java -jar /lab/itti/projects/checkers-competition/server/referee.jar on run_14_sajjanla_vdhankar #####
Move is valid
##### SUCCESS: /usr/lib/jvm/jdk-14.0.1/bin/java -jar /lab/itti/projects/checkers-competition/server/referee.jar on run_14_sajjanla_vdhankar #####
INPUT for vdhankar:
GAME
WHITE
217.306907176971
.....W.b
........
.....w.b
..w.b.w.
...w....
w.W...w.
........
w.w.w.w.
##### Running: /usr/bin/time -o time_14_sajjanla_vdhankar.txt -f "%U" python3 homework.py > stulog.txt 2>&1 on vdhankar #####
child exited with value 1
##### ERROR: /usr/bin/time -o time_14_sajjanla_vdhankar.txt -f "%U" python3 homework.py > stulog.txt 2>&1 on vdhankar #####
##### Output of failed program (stdout + stderr): #####
Traceback (most recent call last):
  File "homework.py", line 546, in <module>
    print(end-start)
NameError: name 'end' is not defined
##### End of output of failed program #####
##### vdhankar plays [E f8 e7] in 0.879892826080322s #####
##### Running: /usr/lib/jvm/jdk-14.0.1/bin/java -jar /lab/itti/projects/checkers-competition/server/referee.jar on run_14_sajjanla_vdhankar #####
Move is valid
##### SUCCESS: /usr/lib/jvm/jdk-14.0.1/bin/java -jar /lab/itti/projects/checkers-competition/server/referee.jar on run_14_sajjanla_vdhankar #####
INPUT for sajjanla:
GAME
BLACK
289.93
.......b
....W...
.....w.b
..w.b.w.
...w....
w.W...w.
........
w.w.w.w.
##### Running: /usr/bin/time -o time_14_sajjanla_vdhankar.txt -f "%U" /usr/lib/jvm/jdk-14.0.1/bin/java homework > stulog.txt 2>&1 on sajjanla #####
##### SUCCESS: /usr/bin/time -o time_14_sajjanla_vdhankar.txt -f "%U" /usr/lib/jvm/jdk-14.0.1/bin/java homework > stulog.txt 2>&1 on sajjanla #####
##### sajjanla plays [J h6 f4 ; J f4 h2] in 0.64s #####
##### Running: /usr/lib/jvm/jdk-14.0.1/bin/java -jar /lab/itti/projects/checkers-competition/server/referee.jar on run_14_sajjanla_vdhankar #####
Move is valid
##### SUCCESS: /usr/lib/jvm/jdk-14.0.1/bin/java -jar /lab/itti/projects/checkers-competition/server/referee.jar on run_14_sajjanla_vdhankar #####
INPUT for vdhankar:
GAME
WHITE
216.427014350891
.......b
....W...
.....w..
..w.b...
...w....
w.W.....
.......b
w.w.w.w.
##### Running: /usr/bin/time -o time_14_sajjanla_vdhankar.txt -f "%U" python3 homework.py > stulog.txt 2>&1 on vdhankar #####
child exited with value 1
##### ERROR: /usr/bin/time -o time_14_sajjanla_vdhankar.txt -f "%U" python3 homework.py > stulog.txt 2>&1 on vdhankar #####
##### Output of failed program (stdout + stderr): #####
Traceback (most recent call last):
  File "homework.py", line 546, in <module>
    print(end-start)
NameError: name 'end' is not defined
##### End of output of failed program #####
##### vdhankar plays [E e7 d8] in 1.94351387023926s #####
##### Running: /usr/lib/jvm/jdk-14.0.1/bin/java -jar /lab/itti/projects/checkers-competition/server/referee.jar on run_14_sajjanla_vdhankar #####
Move is valid
##### SUCCESS: /usr/lib/jvm/jdk-14.0.1/bin/java -jar /lab/itti/projects/checkers-competition/server/referee.jar on run_14_sajjanla_vdhankar #####
INPUT for sajjanla:
GAME
BLACK
289.29
...W...b
........
.....w..
..w.b...
...w....
w.W.....
.......b
w.w.w.w.
##### Running: /usr/bin/time -o time_14_sajjanla_vdhankar.txt -f "%U" /usr/lib/jvm/jdk-14.0.1/bin/java homework > stulog.txt 2>&1 on sajjanla #####
##### SUCCESS: /usr/bin/time -o time_14_sajjanla_vdhankar.txt -f "%U" /usr/lib/jvm/jdk-14.0.1/bin/java homework > stulog.txt 2>&1 on sajjanla #####
##### sajjanla plays [E e5 f4] in 0.37s #####
##### Running: /usr/lib/jvm/jdk-14.0.1/bin/java -jar /lab/itti/projects/checkers-competition/server/referee.jar on run_14_sajjanla_vdhankar #####
Move is valid
##### SUCCESS: /usr/lib/jvm/jdk-14.0.1/bin/java -jar /lab/itti/projects/checkers-competition/server/referee.jar on run_14_sajjanla_vdhankar #####
INPUT for vdhankar:
GAME
WHITE
214.483500480652
...W...b
........
.....w..
..w.....
...w.b..
w.W.....
.......b
w.w.w.w.
##### Running: /usr/bin/time -o time_14_sajjanla_vdhankar.txt -f "%U" python3 homework.py > stulog.txt 2>&1 on vdhankar #####
child exited with value 1
##### ERROR: /usr/bin/time -o time_14_sajjanla_vdhankar.txt -f "%U" python3 homework.py > stulog.txt 2>&1 on vdhankar #####
##### Output of failed program (stdout + stderr): #####
Traceback (most recent call last):
  File "homework.py", line 546, in <module>
    print(end-start)
NameError: name 'end' is not defined
##### End of output of failed program #####
##### vdhankar plays [E d8 c7] in 0.324073076248169s #####
##### Running: /usr/lib/jvm/jdk-14.0.1/bin/java -jar /lab/itti/projects/checkers-competition/server/referee.jar on run_14_sajjanla_vdhankar #####
Move is valid
##### SUCCESS: /usr/lib/jvm/jdk-14.0.1/bin/java -jar /lab/itti/projects/checkers-competition/server/referee.jar on run_14_sajjanla_vdhankar #####
INPUT for sajjanla:
GAME
BLACK
288.92
.......b
..W.....
.....w..
..w.....
...w.b..
w.W.....
.......b
w.w.w.w.
##### Running: /usr/bin/time -o time_14_sajjanla_vdhankar.txt -f "%U" /usr/lib/jvm/jdk-14.0.1/bin/java homework > stulog.txt 2>&1 on sajjanla #####
##### SUCCESS: /usr/bin/time -o time_14_sajjanla_vdhankar.txt -f "%U" /usr/lib/jvm/jdk-14.0.1/bin/java homework > stulog.txt 2>&1 on sajjanla #####
##### sajjanla plays [E f4 e3] in 0.87s #####
##### Running: /usr/lib/jvm/jdk-14.0.1/bin/java -jar /lab/itti/projects/checkers-competition/server/referee.jar on run_14_sajjanla_vdhankar #####
Move is valid
##### SUCCESS: /usr/lib/jvm/jdk-14.0.1/bin/java -jar /lab/itti/projects/checkers-competition/server/referee.jar on run_14_sajjanla_vdhankar #####
INPUT for vdhankar:
GAME
WHITE
214.159427404404
.......b
..W.....
.....w..
..w.....
...w....
w.W.b...
.......b
w.w.w.w.
##### Running: /usr/bin/time -o time_14_sajjanla_vdhankar.txt -f "%U" python3 homework.py > stulog.txt 2>&1 on vdhankar #####
child exited with value 1
##### ERROR: /usr/bin/time -o time_14_sajjanla_vdhankar.txt -f "%U" python3 homework.py > stulog.txt 2>&1 on vdhankar #####
##### Output of failed program (stdout + stderr): #####
Traceback (most recent call last):
  File "homework.py", line 546, in <module>
    print(end-start)
NameError: name 'end' is not defined
##### End of output of failed program #####
##### vdhankar plays [E c7 b8] in 0.387150049209595s #####
##### Running: /usr/lib/jvm/jdk-14.0.1/bin/java -jar /lab/itti/projects/checkers-competition/server/referee.jar on run_14_sajjanla_vdhankar #####
Move is valid
##### SUCCESS: /usr/lib/jvm/jdk-14.0.1/bin/java -jar /lab/itti/projects/checkers-competition/server/referee.jar on run_14_sajjanla_vdhankar #####
INPUT for sajjanla:
GAME
BLACK
288.05
.W.....b
........
.....w..
..w.....
...w....
w.W.b...
.......b
w.w.w.w.
##### Running: /usr/bin/time -o time_14_sajjanla_vdhankar.txt -f "%U" /usr/lib/jvm/jdk-14.0.1/bin/java homework > stulog.txt 2>&1 on sajjanla #####
##### SUCCESS: /usr/bin/time -o time_14_sajjanla_vdhankar.txt -f "%U" /usr/lib/jvm/jdk-14.0.1/bin/java homework > stulog.txt 2>&1 on sajjanla #####
##### sajjanla plays [E e3 d2] in 0.25s #####
##### Running: /usr/lib/jvm/jdk-14.0.1/bin/java -jar /lab/itti/projects/checkers-competition/server/referee.jar on run_14_sajjanla_vdhankar #####
Move is valid
##### SUCCESS: /usr/lib/jvm/jdk-14.0.1/bin/java -jar /lab/itti/projects/checkers-competition/server/referee.jar on run_14_sajjanla_vdhankar #####
INPUT for vdhankar:
GAME
WHITE
213.772277355194
.W.....b
........
.....w..
..w.....
...w....
w.W.....
...b...b
w.w.w.w.
##### Running: /usr/bin/time -o time_14_sajjanla_vdhankar.txt -f "%U" python3 homework.py > stulog.txt 2>&1 on vdhankar #####
child exited with value 1
##### ERROR: /usr/bin/time -o time_14_sajjanla_vdhankar.txt -f "%U" python3 homework.py > stulog.txt 2>&1 on vdhankar #####
##### Output of failed program (stdout + stderr): #####
Traceback (most recent call last):
  File "homework.py", line 546, in <module>
    print(end-start)
NameError: name 'end' is not defined
##### End of output of failed program #####
##### vdhankar plays [J c1 e3] in 0.4342200756073s #####
##### Running: /usr/lib/jvm/jdk-14.0.1/bin/java -jar /lab/itti/projects/checkers-competition/server/referee.jar on run_14_sajjanla_vdhankar #####
Move is valid
##### SUCCESS: /usr/lib/jvm/jdk-14.0.1/bin/java -jar /lab/itti/projects/checkers-competition/server/referee.jar on run_14_sajjanla_vdhankar #####
INPUT for sajjanla:
GAME
BLACK
287.8
.W.....b
........
.....w..
..w.....
...w....
w.W.w...
.......b
w...w.w.
##### Running: /usr/bin/time -o time_14_sajjanla_vdhankar.txt -f "%U" /usr/lib/jvm/jdk-14.0.1/bin/java homework > stulog.txt 2>&1 on sajjanla #####
##### SUCCESS: /usr/bin/time -o time_14_sajjanla_vdhankar.txt -f "%U" /usr/lib/jvm/jdk-14.0.1/bin/java homework > stulog.txt 2>&1 on sajjanla #####
##### sajjanla plays [E h8 g7] in 0.19s #####
##### Running: /usr/lib/jvm/jdk-14.0.1/bin/java -jar /lab/itti/projects/checkers-competition/server/referee.jar on run_14_sajjanla_vdhankar #####
Move is valid
##### SUCCESS: /usr/lib/jvm/jdk-14.0.1/bin/java -jar /lab/itti/projects/checkers-competition/server/referee.jar on run_14_sajjanla_vdhankar #####
INPUT for vdhankar:
GAME
WHITE
213.338057279587
.W......
......b.
.....w..
..w.....
...w....
w.W.w...
.......b
w...w.w.
##### Running: /usr/bin/time -o time_14_sajjanla_vdhankar.txt -f "%U" python3 homework.py > stulog.txt 2>&1 on vdhankar #####
child exited with value 1
##### ERROR: /usr/bin/time -o time_14_sajjanla_vdhankar.txt -f "%U" python3 homework.py > stulog.txt 2>&1 on vdhankar #####
##### Output of failed program (stdout + stderr): #####
Traceback (most recent call last):
  File "homework.py", line 546, in <module>
    print(end-start)
NameError: name 'end' is not defined
##### End of output of failed program #####
##### vdhankar plays [J f6 h8] in 0.382872819900513s #####
##### Running: /usr/lib/jvm/jdk-14.0.1/bin/java -jar /lab/itti/projects/checkers-competition/server/referee.jar on run_14_sajjanla_vdhankar #####
Move is valid
After this move, player BLACK cannot make any moves
*** Winner: WHITE ***
##### SUCCESS: /usr/lib/jvm/jdk-14.0.1/bin/java -jar /lab/itti/projects/checkers-competition/server/referee.jar on run_14_sajjanla_vdhankar #####
##### GAME OVER: vdhankar wins the game! #####
Server said: WIN
########## ROUND 14 GAMESCORE AFTER GAME 4: sajjanla=0 and vdhankar=4 ##########


########## GRAND WINNER ROUND 14 IS vdhankar BY 4 vs 0 GAMESCORE ##########
