#################### ROUND 14: kgunda (W) vs vdhankar (B): game 1 ####################
##### game start! #####
INPUT for vdhankar:
GAME
BLACK
300
.b.b.b.b
b.b.b.b.
.b.b.b.b
........
........
w.w.w.w.
.w.w.w.w
w.w.w.w.
##### Running: /usr/bin/time -o time_14_kgunda_vdhankar.txt -f "%U" python3 homework.py > stulog.txt 2>&1 on vdhankar #####
child exited with value 1
##### ERROR: /usr/bin/time -o time_14_kgunda_vdhankar.txt -f "%U" python3 homework.py > stulog.txt 2>&1 on vdhankar #####
##### Output of failed program (stdout + stderr): #####
Traceback (most recent call last):
  File "homework.py", line 546, in <module>
    print(end-start)
NameError: name 'end' is not defined
##### End of output of failed program #####
##### vdhankar plays [E h6 g5] in 8.36662697792053s #####
##### Running: /usr/lib/jvm/jdk-14.0.1/bin/java -jar /lab/itti/projects/checkers-competition/server/referee.jar on run_14_kgunda_vdhankar #####
Move is valid
Couldn't read file 'current_ply.txt'
Couldn't read content from file 'current_ply.txt'
Couldn't read file 'lastmatchange_ply.txt'
Couldn't read content from file 'lastmatchange_ply.txt'
##### SUCCESS: /usr/lib/jvm/jdk-14.0.1/bin/java -jar /lab/itti/projects/checkers-competition/server/referee.jar on run_14_kgunda_vdhankar #####
INPUT for kgunda:
GAME
WHITE
300
.b.b.b.b
b.b.b.b.
.b.b.b..
......b.
........
w.w.w.w.
.w.w.w.w
w.w.w.w.
##### Running: /usr/bin/time -o time_14_kgunda_vdhankar.txt -f "%U" /usr/lib/jvm/jdk-14.0.1/bin/java homework > stulog.txt 2>&1 on kgunda #####
##### SUCCESS: /usr/bin/time -o time_14_kgunda_vdhankar.txt -f "%U" /usr/lib/jvm/jdk-14.0.1/bin/java homework > stulog.txt 2>&1 on kgunda #####
##### kgunda plays [E c3 b4] in 0.27s #####
##### Running: /usr/lib/jvm/jdk-14.0.1/bin/java -jar /lab/itti/projects/checkers-competition/server/referee.jar on run_14_kgunda_vdhankar #####
Move is valid
##### SUCCESS: /usr/lib/jvm/jdk-14.0.1/bin/java -jar /lab/itti/projects/checkers-competition/server/referee.jar on run_14_kgunda_vdhankar #####
INPUT for vdhankar:
GAME
BLACK
291.633373022079
.b.b.b.b
b.b.b.b.
.b.b.b..
......b.
.w......
w...w.w.
.w.w.w.w
w.w.w.w.
##### Running: /usr/bin/time -o time_14_kgunda_vdhankar.txt -f "%U" python3 homework.py > stulog.txt 2>&1 on vdhankar #####
child exited with value 1
##### ERROR: /usr/bin/time -o time_14_kgunda_vdhankar.txt -f "%U" python3 homework.py > stulog.txt 2>&1 on vdhankar #####
##### Output of failed program (stdout + stderr): #####
Traceback (most recent call last):
  File "homework.py", line 546, in <module>
    print(end-start)
NameError: name 'end' is not defined
##### End of output of failed program #####
##### vdhankar plays [E g5 h4] in 10.0194089412689s #####
##### Running: /usr/lib/jvm/jdk-14.0.1/bin/java -jar /lab/itti/projects/checkers-competition/server/referee.jar on run_14_kgunda_vdhankar #####
Move is valid
##### SUCCESS: /usr/lib/jvm/jdk-14.0.1/bin/java -jar /lab/itti/projects/checkers-competition/server/referee.jar on run_14_kgunda_vdhankar #####
INPUT for kgunda:
GAME
WHITE
299.73
.b.b.b.b
b.b.b.b.
.b.b.b..
........
.w.....b
w...w.w.
.w.w.w.w
w.w.w.w.
##### Running: /usr/bin/time -o time_14_kgunda_vdhankar.txt -f "%U" /usr/lib/jvm/jdk-14.0.1/bin/java homework > stulog.txt 2>&1 on kgunda #####
##### SUCCESS: /usr/bin/time -o time_14_kgunda_vdhankar.txt -f "%U" /usr/lib/jvm/jdk-14.0.1/bin/java homework > stulog.txt 2>&1 on kgunda #####
##### kgunda plays [E b4 a5] in 0.18s #####
##### Running: /usr/lib/jvm/jdk-14.0.1/bin/java -jar /lab/itti/projects/checkers-competition/server/referee.jar on run_14_kgunda_vdhankar #####
Move is valid
##### SUCCESS: /usr/lib/jvm/jdk-14.0.1/bin/java -jar /lab/itti/projects/checkers-competition/server/referee.jar on run_14_kgunda_vdhankar #####
INPUT for vdhankar:
GAME
BLACK
281.613964080811
.b.b.b.b
b.b.b.b.
.b.b.b..
w.......
.......b
w...w.w.
.w.w.w.w
w.w.w.w.
##### Running: /usr/bin/time -o time_14_kgunda_vdhankar.txt -f "%U" python3 homework.py > stulog.txt 2>&1 on vdhankar #####
child exited with value 1
##### ERROR: /usr/bin/time -o time_14_kgunda_vdhankar.txt -f "%U" python3 homework.py > stulog.txt 2>&1 on vdhankar #####
##### Output of failed program (stdout + stderr): #####
Traceback (most recent call last):
  File "homework.py", line 546, in <module>
    print(end-start)
NameError: name 'end' is not defined
##### End of output of failed program #####
##### vdhankar plays [E d6 e5] in 10.6982889175415s #####
##### Running: /usr/lib/jvm/jdk-14.0.1/bin/java -jar /lab/itti/projects/checkers-competition/server/referee.jar on run_14_kgunda_vdhankar #####
Move is valid
##### SUCCESS: /usr/lib/jvm/jdk-14.0.1/bin/java -jar /lab/itti/projects/checkers-competition/server/referee.jar on run_14_kgunda_vdhankar #####
INPUT for kgunda:
GAME
WHITE
299.55
.b.b.b.b
b.b.b.b.
.b...b..
w...b...
.......b
w...w.w.
.w.w.w.w
w.w.w.w.
##### Running: /usr/bin/time -o time_14_kgunda_vdhankar.txt -f "%U" /usr/lib/jvm/jdk-14.0.1/bin/java homework > stulog.txt 2>&1 on kgunda #####
##### SUCCESS: /usr/bin/time -o time_14_kgunda_vdhankar.txt -f "%U" /usr/lib/jvm/jdk-14.0.1/bin/java homework > stulog.txt 2>&1 on kgunda #####
##### kgunda plays [E b2 c3] in 0.25s #####
##### Running: /usr/lib/jvm/jdk-14.0.1/bin/java -jar /lab/itti/projects/checkers-competition/server/referee.jar on run_14_kgunda_vdhankar #####
Move is valid
##### SUCCESS: /usr/lib/jvm/jdk-14.0.1/bin/java -jar /lab/itti/projects/checkers-competition/server/referee.jar on run_14_kgunda_vdhankar #####
INPUT for vdhankar:
GAME
BLACK
270.915675163269
.b.b.b.b
b.b.b.b.
.b...b..
w...b...
.......b
w.w.w.w.
...w.w.w
w.w.w.w.
##### Running: /usr/bin/time -o time_14_kgunda_vdhankar.txt -f "%U" python3 homework.py > stulog.txt 2>&1 on vdhankar #####
child exited with value 1
##### ERROR: /usr/bin/time -o time_14_kgunda_vdhankar.txt -f "%U" python3 homework.py > stulog.txt 2>&1 on vdhankar #####
##### Output of failed program (stdout + stderr): #####
Traceback (most recent call last):
  File "homework.py", line 546, in <module>
    print(end-start)
NameError: name 'end' is not defined
##### End of output of failed program #####
##### vdhankar plays [E e7 d6] in 6.9125030040741s #####
##### Running: /usr/lib/jvm/jdk-14.0.1/bin/java -jar /lab/itti/projects/checkers-competition/server/referee.jar on run_14_kgunda_vdhankar #####
Move is valid
##### SUCCESS: /usr/lib/jvm/jdk-14.0.1/bin/java -jar /lab/itti/projects/checkers-competition/server/referee.jar on run_14_kgunda_vdhankar #####
INPUT for kgunda:
GAME
WHITE
299.3
.b.b.b.b
b.b...b.
.b.b.b..
w...b...
.......b
w.w.w.w.
...w.w.w
w.w.w.w.
##### Running: /usr/bin/time -o time_14_kgunda_vdhankar.txt -f "%U" /usr/lib/jvm/jdk-14.0.1/bin/java homework > stulog.txt 2>&1 on kgunda #####
##### SUCCESS: /usr/bin/time -o time_14_kgunda_vdhankar.txt -f "%U" /usr/lib/jvm/jdk-14.0.1/bin/java homework > stulog.txt 2>&1 on kgunda #####
##### kgunda plays [E c1 b2] in 0.35s #####
##### Running: /usr/lib/jvm/jdk-14.0.1/bin/java -jar /lab/itti/projects/checkers-competition/server/referee.jar on run_14_kgunda_vdhankar #####
Move is valid
##### SUCCESS: /usr/lib/jvm/jdk-14.0.1/bin/java -jar /lab/itti/projects/checkers-competition/server/referee.jar on run_14_kgunda_vdhankar #####
INPUT for vdhankar:
GAME
BLACK
264.003172159195
.b.b.b.b
b.b...b.
.b.b.b..
w...b...
.......b
w.w.w.w.
.w.w.w.w
w...w.w.
##### Running: /usr/bin/time -o time_14_kgunda_vdhankar.txt -f "%U" python3 homework.py > stulog.txt 2>&1 on vdhankar #####
child exited with value 1
##### ERROR: /usr/bin/time -o time_14_kgunda_vdhankar.txt -f "%U" python3 homework.py > stulog.txt 2>&1 on vdhankar #####
##### Output of failed program (stdout + stderr): #####
Traceback (most recent call last):
  File "homework.py", line 546, in <module>
    print(end-start)
NameError: name 'end' is not defined
##### End of output of failed program #####
##### vdhankar plays [E g7 h6] in 6.44579195976257s #####
##### Running: /usr/lib/jvm/jdk-14.0.1/bin/java -jar /lab/itti/projects/checkers-competition/server/referee.jar on run_14_kgunda_vdhankar #####
Move is valid
##### SUCCESS: /usr/lib/jvm/jdk-14.0.1/bin/java -jar /lab/itti/projects/checkers-competition/server/referee.jar on run_14_kgunda_vdhankar #####
INPUT for kgunda:
GAME
WHITE
298.95
.b.b.b.b
b.b.....
.b.b.b.b
w...b...
.......b
w.w.w.w.
.w.w.w.w
w...w.w.
##### Running: /usr/bin/time -o time_14_kgunda_vdhankar.txt -f "%U" /usr/lib/jvm/jdk-14.0.1/bin/java homework > stulog.txt 2>&1 on kgunda #####
##### SUCCESS: /usr/bin/time -o time_14_kgunda_vdhankar.txt -f "%U" /usr/lib/jvm/jdk-14.0.1/bin/java homework > stulog.txt 2>&1 on kgunda #####
##### kgunda plays [E c3 b4] in 0.29s #####
##### Running: /usr/lib/jvm/jdk-14.0.1/bin/java -jar /lab/itti/projects/checkers-competition/server/referee.jar on run_14_kgunda_vdhankar #####
Move is valid
##### SUCCESS: /usr/lib/jvm/jdk-14.0.1/bin/java -jar /lab/itti/projects/checkers-competition/server/referee.jar on run_14_kgunda_vdhankar #####
INPUT for vdhankar:
GAME
BLACK
257.557380199432
.b.b.b.b
b.b.....
.b.b.b.b
w...b...
.w.....b
w...w.w.
.w.w.w.w
w...w.w.
##### Running: /usr/bin/time -o time_14_kgunda_vdhankar.txt -f "%U" python3 homework.py > stulog.txt 2>&1 on vdhankar #####
child exited with value 1
##### ERROR: /usr/bin/time -o time_14_kgunda_vdhankar.txt -f "%U" python3 homework.py > stulog.txt 2>&1 on vdhankar #####
##### Output of failed program (stdout + stderr): #####
Traceback (most recent call last):
  File "homework.py", line 546, in <module>
    print(end-start)
NameError: name 'end' is not defined
##### End of output of failed program #####
##### vdhankar plays [E f6 g5] in 5.77377104759216s #####
##### Running: /usr/lib/jvm/jdk-14.0.1/bin/java -jar /lab/itti/projects/checkers-competition/server/referee.jar on run_14_kgunda_vdhankar #####
Move is valid
##### SUCCESS: /usr/lib/jvm/jdk-14.0.1/bin/java -jar /lab/itti/projects/checkers-competition/server/referee.jar on run_14_kgunda_vdhankar #####
INPUT for kgunda:
GAME
WHITE
298.66
.b.b.b.b
b.b.....
.b.b...b
w...b.b.
.w.....b
w...w.w.
.w.w.w.w
w...w.w.
##### Running: /usr/bin/time -o time_14_kgunda_vdhankar.txt -f "%U" /usr/lib/jvm/jdk-14.0.1/bin/java homework > stulog.txt 2>&1 on kgunda #####
##### SUCCESS: /usr/bin/time -o time_14_kgunda_vdhankar.txt -f "%U" /usr/lib/jvm/jdk-14.0.1/bin/java homework > stulog.txt 2>&1 on kgunda #####
##### kgunda plays [E b2 c3] in 0.23s #####
##### Running: /usr/lib/jvm/jdk-14.0.1/bin/java -jar /lab/itti/projects/checkers-competition/server/referee.jar on run_14_kgunda_vdhankar #####
Move is valid
##### SUCCESS: /usr/lib/jvm/jdk-14.0.1/bin/java -jar /lab/itti/projects/checkers-competition/server/referee.jar on run_14_kgunda_vdhankar #####
INPUT for vdhankar:
GAME
BLACK
251.78360915184
.b.b.b.b
b.b.....
.b.b...b
w...b.b.
.w.....b
w.w.w.w.
...w.w.w
w...w.w.
##### Running: /usr/bin/time -o time_14_kgunda_vdhankar.txt -f "%U" python3 homework.py > stulog.txt 2>&1 on vdhankar #####
child exited with value 1
##### ERROR: /usr/bin/time -o time_14_kgunda_vdhankar.txt -f "%U" python3 homework.py > stulog.txt 2>&1 on vdhankar #####
##### Output of failed program (stdout + stderr): #####
Traceback (most recent call last):
  File "homework.py", line 546, in <module>
    print(end-start)
NameError: name 'end' is not defined
##### End of output of failed program #####
##### vdhankar plays [E d6 c5] in 3.58407092094421s #####
##### Running: /usr/lib/jvm/jdk-14.0.1/bin/java -jar /lab/itti/projects/checkers-competition/server/referee.jar on run_14_kgunda_vdhankar #####
Move is valid
##### SUCCESS: /usr/lib/jvm/jdk-14.0.1/bin/java -jar /lab/itti/projects/checkers-competition/server/referee.jar on run_14_kgunda_vdhankar #####
INPUT for kgunda:
GAME
WHITE
298.43
.b.b.b.b
b.b.....
.b.....b
w.b.b.b.
.w.....b
w.w.w.w.
...w.w.w
w...w.w.
##### Running: /usr/bin/time -o time_14_kgunda_vdhankar.txt -f "%U" /usr/lib/jvm/jdk-14.0.1/bin/java homework > stulog.txt 2>&1 on kgunda #####
##### SUCCESS: /usr/bin/time -o time_14_kgunda_vdhankar.txt -f "%U" /usr/lib/jvm/jdk-14.0.1/bin/java homework > stulog.txt 2>&1 on kgunda #####
##### kgunda plays [J b4 d6] in 0.19s #####
##### Running: /usr/lib/jvm/jdk-14.0.1/bin/java -jar /lab/itti/projects/checkers-competition/server/referee.jar on run_14_kgunda_vdhankar #####
Move is valid
##### SUCCESS: /usr/lib/jvm/jdk-14.0.1/bin/java -jar /lab/itti/projects/checkers-competition/server/referee.jar on run_14_kgunda_vdhankar #####
INPUT for vdhankar:
GAME
BLACK
248.199538230896
.b.b.b.b
b.b.....
.b.w...b
w...b.b.
.......b
w.w.w.w.
...w.w.w
w...w.w.
##### Running: /usr/bin/time -o time_14_kgunda_vdhankar.txt -f "%U" python3 homework.py > stulog.txt 2>&1 on vdhankar #####
child exited with value 1
##### ERROR: /usr/bin/time -o time_14_kgunda_vdhankar.txt -f "%U" python3 homework.py > stulog.txt 2>&1 on vdhankar #####
##### Output of failed program (stdout + stderr): #####
Traceback (most recent call last):
  File "homework.py", line 546, in <module>
    print(end-start)
NameError: name 'end' is not defined
##### End of output of failed program #####
##### vdhankar plays [E b6 c5] in 2.33793711662292s #####
##### Running: /usr/lib/jvm/jdk-14.0.1/bin/java -jar /lab/itti/projects/checkers-competition/server/referee.jar on run_14_kgunda_vdhankar #####
Move is valid
##### SUCCESS: /usr/lib/jvm/jdk-14.0.1/bin/java -jar /lab/itti/projects/checkers-competition/server/referee.jar on run_14_kgunda_vdhankar #####
INPUT for kgunda:
GAME
WHITE
298.24
.b.b.b.b
b.b.....
...w...b
w.b.b.b.
.......b
w.w.w.w.
...w.w.w
w...w.w.
##### Running: /usr/bin/time -o time_14_kgunda_vdhankar.txt -f "%U" /usr/lib/jvm/jdk-14.0.1/bin/java homework > stulog.txt 2>&1 on kgunda #####
##### SUCCESS: /usr/bin/time -o time_14_kgunda_vdhankar.txt -f "%U" /usr/lib/jvm/jdk-14.0.1/bin/java homework > stulog.txt 2>&1 on kgunda #####
##### kgunda plays [E a1 b2] in 0.24s #####
##### Running: /usr/lib/jvm/jdk-14.0.1/bin/java -jar /lab/itti/projects/checkers-competition/server/referee.jar on run_14_kgunda_vdhankar #####
Move is valid
##### SUCCESS: /usr/lib/jvm/jdk-14.0.1/bin/java -jar /lab/itti/projects/checkers-competition/server/referee.jar on run_14_kgunda_vdhankar #####
INPUT for vdhankar:
GAME
BLACK
245.861601114273
.b.b.b.b
b.b.....
...w...b
w.b.b.b.
.......b
w.w.w.w.
.w.w.w.w
....w.w.
##### Running: /usr/bin/time -o time_14_kgunda_vdhankar.txt -f "%U" python3 homework.py > stulog.txt 2>&1 on vdhankar #####
child exited with value 1
##### ERROR: /usr/bin/time -o time_14_kgunda_vdhankar.txt -f "%U" python3 homework.py > stulog.txt 2>&1 on vdhankar #####
##### Output of failed program (stdout + stderr): #####
Traceback (most recent call last):
  File "homework.py", line 546, in <module>
    print(end-start)
NameError: name 'end' is not defined
##### End of output of failed program #####
##### vdhankar plays [E d8 e7] in 3.36088109016418s #####
##### Running: /usr/lib/jvm/jdk-14.0.1/bin/java -jar /lab/itti/projects/checkers-competition/server/referee.jar on run_14_kgunda_vdhankar #####
Move is valid
##### SUCCESS: /usr/lib/jvm/jdk-14.0.1/bin/java -jar /lab/itti/projects/checkers-competition/server/referee.jar on run_14_kgunda_vdhankar #####
INPUT for kgunda:
GAME
WHITE
298
.b...b.b
b.b.b...
...w...b
w.b.b.b.
.......b
w.w.w.w.
.w.w.w.w
....w.w.
##### Running: /usr/bin/time -o time_14_kgunda_vdhankar.txt -f "%U" /usr/lib/jvm/jdk-14.0.1/bin/java homework > stulog.txt 2>&1 on kgunda #####
##### SUCCESS: /usr/bin/time -o time_14_kgunda_vdhankar.txt -f "%U" /usr/lib/jvm/jdk-14.0.1/bin/java homework > stulog.txt 2>&1 on kgunda #####
##### kgunda plays [E c3 b4] in 0.19s #####
##### Running: /usr/lib/jvm/jdk-14.0.1/bin/java -jar /lab/itti/projects/checkers-competition/server/referee.jar on run_14_kgunda_vdhankar #####
Move is valid
##### SUCCESS: /usr/lib/jvm/jdk-14.0.1/bin/java -jar /lab/itti/projects/checkers-competition/server/referee.jar on run_14_kgunda_vdhankar #####
INPUT for vdhankar:
GAME
BLACK
242.500720024109
.b...b.b
b.b.b...
...w...b
w.b.b.b.
.w.....b
w...w.w.
.w.w.w.w
....w.w.
##### Running: /usr/bin/time -o time_14_kgunda_vdhankar.txt -f "%U" python3 homework.py > stulog.txt 2>&1 on vdhankar #####
child exited with value 1
##### ERROR: /usr/bin/time -o time_14_kgunda_vdhankar.txt -f "%U" python3 homework.py > stulog.txt 2>&1 on vdhankar #####
##### Output of failed program (stdout + stderr): #####
Traceback (most recent call last):
  File "homework.py", line 546, in <module>
    print(end-start)
NameError: name 'end' is not defined
##### End of output of failed program #####
##### vdhankar plays [E e5 d4] in 3.86943912506104s #####
##### Running: /usr/lib/jvm/jdk-14.0.1/bin/java -jar /lab/itti/projects/checkers-competition/server/referee.jar on run_14_kgunda_vdhankar #####
Move is valid
##### SUCCESS: /usr/lib/jvm/jdk-14.0.1/bin/java -jar /lab/itti/projects/checkers-competition/server/referee.jar on run_14_kgunda_vdhankar #####
INPUT for kgunda:
GAME
WHITE
297.81
.b...b.b
b.b.b...
...w...b
w.b...b.
.w.b...b
w...w.w.
.w.w.w.w
....w.w.
##### Running: /usr/bin/time -o time_14_kgunda_vdhankar.txt -f "%U" /usr/lib/jvm/jdk-14.0.1/bin/java homework > stulog.txt 2>&1 on kgunda #####
##### SUCCESS: /usr/bin/time -o time_14_kgunda_vdhankar.txt -f "%U" /usr/lib/jvm/jdk-14.0.1/bin/java homework > stulog.txt 2>&1 on kgunda #####
##### kgunda plays [E d2 c3] in 0.15s #####
##### Running: /usr/lib/jvm/jdk-14.0.1/bin/java -jar /lab/itti/projects/checkers-competition/server/referee.jar on run_14_kgunda_vdhankar #####
Move is valid
##### SUCCESS: /usr/lib/jvm/jdk-14.0.1/bin/java -jar /lab/itti/projects/checkers-competition/server/referee.jar on run_14_kgunda_vdhankar #####
INPUT for vdhankar:
GAME
BLACK
238.631280899048
.b...b.b
b.b.b...
...w...b
w.b...b.
.w.b...b
w.w.w.w.
.w...w.w
....w.w.
##### Running: /usr/bin/time -o time_14_kgunda_vdhankar.txt -f "%U" python3 homework.py > stulog.txt 2>&1 on vdhankar #####
child exited with value 1
##### ERROR: /usr/bin/time -o time_14_kgunda_vdhankar.txt -f "%U" python3 homework.py > stulog.txt 2>&1 on vdhankar #####
##### Output of failed program (stdout + stderr): #####
Traceback (most recent call last):
  File "homework.py", line 546, in <module>
    print(end-start)
NameError: name 'end' is not defined
##### End of output of failed program #####
##### vdhankar plays [J c7 e5] in 0.621548891067505s #####
##### Running: /usr/lib/jvm/jdk-14.0.1/bin/java -jar /lab/itti/projects/checkers-competition/server/referee.jar on run_14_kgunda_vdhankar #####
Move is valid
##### SUCCESS: /usr/lib/jvm/jdk-14.0.1/bin/java -jar /lab/itti/projects/checkers-competition/server/referee.jar on run_14_kgunda_vdhankar #####
INPUT for kgunda:
GAME
WHITE
297.66
.b...b.b
b...b...
.......b
w.b.b.b.
.w.b...b
w.w.w.w.
.w...w.w
....w.w.
##### Running: /usr/bin/time -o time_14_kgunda_vdhankar.txt -f "%U" /usr/lib/jvm/jdk-14.0.1/bin/java homework > stulog.txt 2>&1 on kgunda #####
##### SUCCESS: /usr/bin/time -o time_14_kgunda_vdhankar.txt -f "%U" /usr/lib/jvm/jdk-14.0.1/bin/java homework > stulog.txt 2>&1 on kgunda #####
##### kgunda plays [J b4 d6] in 0.12s #####
##### Running: /usr/lib/jvm/jdk-14.0.1/bin/java -jar /lab/itti/projects/checkers-competition/server/referee.jar on run_14_kgunda_vdhankar #####
Move is valid
##### SUCCESS: /usr/lib/jvm/jdk-14.0.1/bin/java -jar /lab/itti/projects/checkers-competition/server/referee.jar on run_14_kgunda_vdhankar #####
INPUT for vdhankar:
GAME
BLACK
238.00973200798
.b...b.b
b...b...
...w...b
w...b.b.
...b...b
w.w.w.w.
.w...w.w
....w.w.
##### Running: /usr/bin/time -o time_14_kgunda_vdhankar.txt -f "%U" python3 homework.py > stulog.txt 2>&1 on vdhankar #####
child exited with value 1
##### ERROR: /usr/bin/time -o time_14_kgunda_vdhankar.txt -f "%U" python3 homework.py > stulog.txt 2>&1 on vdhankar #####
##### Output of failed program (stdout + stderr): #####
Traceback (most recent call last):
  File "homework.py", line 546, in <module>
    print(end-start)
NameError: name 'end' is not defined
##### End of output of failed program #####
##### vdhankar plays [J e7 c5] in 1.08895301818848s #####
##### Running: /usr/lib/jvm/jdk-14.0.1/bin/java -jar /lab/itti/projects/checkers-competition/server/referee.jar on run_14_kgunda_vdhankar #####
Move is valid
##### SUCCESS: /usr/lib/jvm/jdk-14.0.1/bin/java -jar /lab/itti/projects/checkers-competition/server/referee.jar on run_14_kgunda_vdhankar #####
INPUT for kgunda:
GAME
WHITE
297.54
.b...b.b
b.......
.......b
w.b.b.b.
...b...b
w.w.w.w.
.w...w.w
....w.w.
##### Running: /usr/bin/time -o time_14_kgunda_vdhankar.txt -f "%U" /usr/lib/jvm/jdk-14.0.1/bin/java homework > stulog.txt 2>&1 on kgunda #####
##### SUCCESS: /usr/bin/time -o time_14_kgunda_vdhankar.txt -f "%U" /usr/lib/jvm/jdk-14.0.1/bin/java homework > stulog.txt 2>&1 on kgunda #####
##### kgunda plays [E e1 d2] in 0.2s #####
##### Running: /usr/lib/jvm/jdk-14.0.1/bin/java -jar /lab/itti/projects/checkers-competition/server/referee.jar on run_14_kgunda_vdhankar #####
Move is valid
##### SUCCESS: /usr/lib/jvm/jdk-14.0.1/bin/java -jar /lab/itti/projects/checkers-competition/server/referee.jar on run_14_kgunda_vdhankar #####
INPUT for vdhankar:
GAME
BLACK
236.920778989792
.b...b.b
b.......
.......b
w.b.b.b.
...b...b
w.w.w.w.
.w.w.w.w
......w.
##### Running: /usr/bin/time -o time_14_kgunda_vdhankar.txt -f "%U" python3 homework.py > stulog.txt 2>&1 on vdhankar #####
child exited with value 1
##### ERROR: /usr/bin/time -o time_14_kgunda_vdhankar.txt -f "%U" python3 homework.py > stulog.txt 2>&1 on vdhankar #####
##### Output of failed program (stdout + stderr): #####
Traceback (most recent call last):
  File "homework.py", line 546, in <module>
    print(end-start)
NameError: name 'end' is not defined
##### End of output of failed program #####
##### vdhankar plays [E b8 c7] in 1.9525101184845s #####
##### Running: /usr/lib/jvm/jdk-14.0.1/bin/java -jar /lab/itti/projects/checkers-competition/server/referee.jar on run_14_kgunda_vdhankar #####
Move is valid
##### SUCCESS: /usr/lib/jvm/jdk-14.0.1/bin/java -jar /lab/itti/projects/checkers-competition/server/referee.jar on run_14_kgunda_vdhankar #####
INPUT for kgunda:
GAME
WHITE
297.34
.....b.b
b.b.....
.......b
w.b.b.b.
...b...b
w.w.w.w.
.w.w.w.w
......w.
##### Running: /usr/bin/time -o time_14_kgunda_vdhankar.txt -f "%U" /usr/lib/jvm/jdk-14.0.1/bin/java homework > stulog.txt 2>&1 on kgunda #####
##### SUCCESS: /usr/bin/time -o time_14_kgunda_vdhankar.txt -f "%U" /usr/lib/jvm/jdk-14.0.1/bin/java homework > stulog.txt 2>&1 on kgunda #####
##### kgunda plays [E c3 b4] in 0.19s #####
##### Running: /usr/lib/jvm/jdk-14.0.1/bin/java -jar /lab/itti/projects/checkers-competition/server/referee.jar on run_14_kgunda_vdhankar #####
Move is valid
##### SUCCESS: /usr/lib/jvm/jdk-14.0.1/bin/java -jar /lab/itti/projects/checkers-competition/server/referee.jar on run_14_kgunda_vdhankar #####
INPUT for vdhankar:
GAME
BLACK
234.968268871307
.....b.b
b.b.....
.......b
w.b.b.b.
.w.b...b
w...w.w.
.w.w.w.w
......w.
##### Running: /usr/bin/time -o time_14_kgunda_vdhankar.txt -f "%U" python3 homework.py > stulog.txt 2>&1 on vdhankar #####
child exited with value 1
##### ERROR: /usr/bin/time -o time_14_kgunda_vdhankar.txt -f "%U" python3 homework.py > stulog.txt 2>&1 on vdhankar #####
##### Output of failed program (stdout + stderr): #####
Traceback (most recent call last):
  File "homework.py", line 546, in <module>
    print(end-start)
NameError: name 'end' is not defined
##### End of output of failed program #####
##### vdhankar plays [E c7 d6] in 3.48322606086731s #####
##### Running: /usr/lib/jvm/jdk-14.0.1/bin/java -jar /lab/itti/projects/checkers-competition/server/referee.jar on run_14_kgunda_vdhankar #####
Move is valid
##### SUCCESS: /usr/lib/jvm/jdk-14.0.1/bin/java -jar /lab/itti/projects/checkers-competition/server/referee.jar on run_14_kgunda_vdhankar #####
INPUT for kgunda:
GAME
WHITE
297.15
.....b.b
b.......
...b...b
w.b.b.b.
.w.b...b
w...w.w.
.w.w.w.w
......w.
##### Running: /usr/bin/time -o time_14_kgunda_vdhankar.txt -f "%U" /usr/lib/jvm/jdk-14.0.1/bin/java homework > stulog.txt 2>&1 on kgunda #####
##### SUCCESS: /usr/bin/time -o time_14_kgunda_vdhankar.txt -f "%U" /usr/lib/jvm/jdk-14.0.1/bin/java homework > stulog.txt 2>&1 on kgunda #####
##### kgunda plays [E a5 b6] in 0.2s #####
##### Running: /usr/lib/jvm/jdk-14.0.1/bin/java -jar /lab/itti/projects/checkers-competition/server/referee.jar on run_14_kgunda_vdhankar #####
Move is valid
##### SUCCESS: /usr/lib/jvm/jdk-14.0.1/bin/java -jar /lab/itti/projects/checkers-competition/server/referee.jar on run_14_kgunda_vdhankar #####
INPUT for vdhankar:
GAME
BLACK
231.48504281044
.....b.b
b.......
.w.b...b
..b.b.b.
.w.b...b
w...w.w.
.w.w.w.w
......w.
##### Running: /usr/bin/time -o time_14_kgunda_vdhankar.txt -f "%U" python3 homework.py > stulog.txt 2>&1 on vdhankar #####
child exited with value 1
##### ERROR: /usr/bin/time -o time_14_kgunda_vdhankar.txt -f "%U" python3 homework.py > stulog.txt 2>&1 on vdhankar #####
##### Output of failed program (stdout + stderr): #####
Traceback (most recent call last):
  File "homework.py", line 546, in <module>
    print(end-start)
NameError: name 'end' is not defined
##### End of output of failed program #####
##### vdhankar plays [E g5 f4] in 1.59775114059448s #####
##### Running: /usr/lib/jvm/jdk-14.0.1/bin/java -jar /lab/itti/projects/checkers-competition/server/referee.jar on run_14_kgunda_vdhankar #####
Move is valid
##### SUCCESS: /usr/lib/jvm/jdk-14.0.1/bin/java -jar /lab/itti/projects/checkers-competition/server/referee.jar on run_14_kgunda_vdhankar #####
INPUT for kgunda:
GAME
WHITE
296.95
.....b.b
b.......
.w.b...b
..b.b...
.w.b.b.b
w...w.w.
.w.w.w.w
......w.
##### Running: /usr/bin/time -o time_14_kgunda_vdhankar.txt -f "%U" /usr/lib/jvm/jdk-14.0.1/bin/java homework > stulog.txt 2>&1 on kgunda #####
##### SUCCESS: /usr/bin/time -o time_14_kgunda_vdhankar.txt -f "%U" /usr/lib/jvm/jdk-14.0.1/bin/java homework > stulog.txt 2>&1 on kgunda #####
##### kgunda plays [J e3 g5] in 0.12s #####
##### Running: /usr/lib/jvm/jdk-14.0.1/bin/java -jar /lab/itti/projects/checkers-competition/server/referee.jar on run_14_kgunda_vdhankar #####
Move is valid
##### SUCCESS: /usr/lib/jvm/jdk-14.0.1/bin/java -jar /lab/itti/projects/checkers-competition/server/referee.jar on run_14_kgunda_vdhankar #####
INPUT for vdhankar:
GAME
BLACK
229.887291669846
.....b.b
b.......
.w.b...b
..b.b.w.
.w.b...b
w.....w.
.w.w.w.w
......w.
##### Running: /usr/bin/time -o time_14_kgunda_vdhankar.txt -f "%U" python3 homework.py > stulog.txt 2>&1 on vdhankar #####
child exited with value 1
##### ERROR: /usr/bin/time -o time_14_kgunda_vdhankar.txt -f "%U" python3 homework.py > stulog.txt 2>&1 on vdhankar #####
##### Output of failed program (stdout + stderr): #####
Traceback (most recent call last):
  File "homework.py", line 546, in <module>
    print(end-start)
NameError: name 'end' is not defined
##### End of output of failed program #####
##### vdhankar plays [J h6 f4] in 1.59222292900085s #####
##### Running: /usr/lib/jvm/jdk-14.0.1/bin/java -jar /lab/itti/projects/checkers-competition/server/referee.jar on run_14_kgunda_vdhankar #####
Move is valid
##### SUCCESS: /usr/lib/jvm/jdk-14.0.1/bin/java -jar /lab/itti/projects/checkers-competition/server/referee.jar on run_14_kgunda_vdhankar #####
INPUT for kgunda:
GAME
WHITE
296.83
.....b.b
b.......
.w.b....
..b.b...
.w.b.b.b
w.....w.
.w.w.w.w
......w.
##### Running: /usr/bin/time -o time_14_kgunda_vdhankar.txt -f "%U" /usr/lib/jvm/jdk-14.0.1/bin/java homework > stulog.txt 2>&1 on kgunda #####
##### SUCCESS: /usr/bin/time -o time_14_kgunda_vdhankar.txt -f "%U" /usr/lib/jvm/jdk-14.0.1/bin/java homework > stulog.txt 2>&1 on kgunda #####
##### kgunda plays [E d2 c3] in 0.2s #####
##### Running: /usr/lib/jvm/jdk-14.0.1/bin/java -jar /lab/itti/projects/checkers-competition/server/referee.jar on run_14_kgunda_vdhankar #####
Move is valid
##### SUCCESS: /usr/lib/jvm/jdk-14.0.1/bin/java -jar /lab/itti/projects/checkers-competition/server/referee.jar on run_14_kgunda_vdhankar #####
INPUT for vdhankar:
GAME
BLACK
228.295068740845
.....b.b
b.......
.w.b....
..b.b...
.w.b.b.b
w.w...w.
.w...w.w
......w.
##### Running: /usr/bin/time -o time_14_kgunda_vdhankar.txt -f "%U" python3 homework.py > stulog.txt 2>&1 on vdhankar #####
child exited with value 1
##### ERROR: /usr/bin/time -o time_14_kgunda_vdhankar.txt -f "%U" python3 homework.py > stulog.txt 2>&1 on vdhankar #####
##### Output of failed program (stdout + stderr): #####
Traceback (most recent call last):
  File "homework.py", line 546, in <module>
    print(end-start)
NameError: name 'end' is not defined
##### End of output of failed program #####
##### vdhankar plays [E f4 e3] in 2.93279600143433s #####
##### Running: /usr/lib/jvm/jdk-14.0.1/bin/java -jar /lab/itti/projects/checkers-competition/server/referee.jar on run_14_kgunda_vdhankar #####
Move is valid
##### SUCCESS: /usr/lib/jvm/jdk-14.0.1/bin/java -jar /lab/itti/projects/checkers-competition/server/referee.jar on run_14_kgunda_vdhankar #####
INPUT for kgunda:
GAME
WHITE
296.63
.....b.b
b.......
.w.b....
..b.b...
.w.b...b
w.w.b.w.
.w...w.w
......w.
##### Running: /usr/bin/time -o time_14_kgunda_vdhankar.txt -f "%U" /usr/lib/jvm/jdk-14.0.1/bin/java homework > stulog.txt 2>&1 on kgunda #####
##### SUCCESS: /usr/bin/time -o time_14_kgunda_vdhankar.txt -f "%U" /usr/lib/jvm/jdk-14.0.1/bin/java homework > stulog.txt 2>&1 on kgunda #####
##### kgunda plays [E b6 c7] in 0.19s #####
##### Running: /usr/lib/jvm/jdk-14.0.1/bin/java -jar /lab/itti/projects/checkers-competition/server/referee.jar on run_14_kgunda_vdhankar #####
Move is valid
##### SUCCESS: /usr/lib/jvm/jdk-14.0.1/bin/java -jar /lab/itti/projects/checkers-competition/server/referee.jar on run_14_kgunda_vdhankar #####
INPUT for vdhankar:
GAME
BLACK
225.36227273941
.....b.b
b.w.....
...b....
..b.b...
.w.b...b
w.w.b.w.
.w...w.w
......w.
##### Running: /usr/bin/time -o time_14_kgunda_vdhankar.txt -f "%U" python3 homework.py > stulog.txt 2>&1 on vdhankar #####
child exited with value 1
##### ERROR: /usr/bin/time -o time_14_kgunda_vdhankar.txt -f "%U" python3 homework.py > stulog.txt 2>&1 on vdhankar #####
##### Output of failed program (stdout + stderr): #####
Traceback (most recent call last):
  File "homework.py", line 546, in <module>
    print(end-start)
NameError: name 'end' is not defined
##### End of output of failed program #####
##### vdhankar plays [E e3 d2] in 7.6732759475708s #####
##### Running: /usr/lib/jvm/jdk-14.0.1/bin/java -jar /lab/itti/projects/checkers-competition/server/referee.jar on run_14_kgunda_vdhankar #####
Move is valid
##### SUCCESS: /usr/lib/jvm/jdk-14.0.1/bin/java -jar /lab/itti/projects/checkers-competition/server/referee.jar on run_14_kgunda_vdhankar #####
INPUT for kgunda:
GAME
WHITE
296.44
.....b.b
b.w.....
...b....
..b.b...
.w.b...b
w.w...w.
.w.b.w.w
......w.
##### Running: /usr/bin/time -o time_14_kgunda_vdhankar.txt -f "%U" /usr/lib/jvm/jdk-14.0.1/bin/java homework > stulog.txt 2>&1 on kgunda #####
##### SUCCESS: /usr/bin/time -o time_14_kgunda_vdhankar.txt -f "%U" /usr/lib/jvm/jdk-14.0.1/bin/java homework > stulog.txt 2>&1 on kgunda #####
##### kgunda plays [E c7 b8] in 0.24s #####
##### Running: /usr/lib/jvm/jdk-14.0.1/bin/java -jar /lab/itti/projects/checkers-competition/server/referee.jar on run_14_kgunda_vdhankar #####
Move is valid
##### SUCCESS: /usr/lib/jvm/jdk-14.0.1/bin/java -jar /lab/itti/projects/checkers-competition/server/referee.jar on run_14_kgunda_vdhankar #####
INPUT for vdhankar:
GAME
BLACK
217.68899679184
.W...b.b
b.......
...b....
..b.b...
.w.b...b
w.w...w.
.w.b.w.w
......w.
##### Running: /usr/bin/time -o time_14_kgunda_vdhankar.txt -f "%U" python3 homework.py > stulog.txt 2>&1 on vdhankar #####
child exited with value 1
##### ERROR: /usr/bin/time -o time_14_kgunda_vdhankar.txt -f "%U" python3 homework.py > stulog.txt 2>&1 on vdhankar #####
##### Output of failed program (stdout + stderr): #####
Traceback (most recent call last):
  File "homework.py", line 546, in <module>
    print(end-start)
NameError: name 'end' is not defined
##### End of output of failed program #####
##### vdhankar plays [E d2 e1] in 12.8871660232544s #####
##### Running: /usr/lib/jvm/jdk-14.0.1/bin/java -jar /lab/itti/projects/checkers-competition/server/referee.jar on run_14_kgunda_vdhankar #####
Move is valid
##### SUCCESS: /usr/lib/jvm/jdk-14.0.1/bin/java -jar /lab/itti/projects/checkers-competition/server/referee.jar on run_14_kgunda_vdhankar #####
INPUT for kgunda:
GAME
WHITE
296.2
.W...b.b
b.......
...b....
..b.b...
.w.b...b
w.w...w.
.w...w.w
....B.w.
##### Running: /usr/bin/time -o time_14_kgunda_vdhankar.txt -f "%U" /usr/lib/jvm/jdk-14.0.1/bin/java homework > stulog.txt 2>&1 on kgunda #####
##### SUCCESS: /usr/bin/time -o time_14_kgunda_vdhankar.txt -f "%U" /usr/lib/jvm/jdk-14.0.1/bin/java homework > stulog.txt 2>&1 on kgunda #####
##### kgunda plays [E b8 c7] in 0.22s #####
##### Running: /usr/lib/jvm/jdk-14.0.1/bin/java -jar /lab/itti/projects/checkers-competition/server/referee.jar on run_14_kgunda_vdhankar #####
Move is valid
##### SUCCESS: /usr/lib/jvm/jdk-14.0.1/bin/java -jar /lab/itti/projects/checkers-competition/server/referee.jar on run_14_kgunda_vdhankar #####
INPUT for vdhankar:
GAME
BLACK
204.801830768585
.....b.b
b.W.....
...b....
..b.b...
.w.b...b
w.w...w.
.w...w.w
....B.w.
##### Running: /usr/bin/time -o time_14_kgunda_vdhankar.txt -f "%U" python3 homework.py > stulog.txt 2>&1 on vdhankar #####
child exited with value 1
##### ERROR: /usr/bin/time -o time_14_kgunda_vdhankar.txt -f "%U" python3 homework.py > stulog.txt 2>&1 on vdhankar #####
##### Output of failed program (stdout + stderr): #####
Traceback (most recent call last):
  File "homework.py", line 546, in <module>
    print(end-start)
NameError: name 'end' is not defined
##### End of output of failed program #####
##### vdhankar plays [E e1 d2] in 8.08979511260986s #####
##### Running: /usr/lib/jvm/jdk-14.0.1/bin/java -jar /lab/itti/projects/checkers-competition/server/referee.jar on run_14_kgunda_vdhankar #####
Move is valid
##### SUCCESS: /usr/lib/jvm/jdk-14.0.1/bin/java -jar /lab/itti/projects/checkers-competition/server/referee.jar on run_14_kgunda_vdhankar #####
INPUT for kgunda:
GAME
WHITE
295.98
.....b.b
b.W.....
...b....
..b.b...
.w.b...b
w.w...w.
.w.B.w.w
......w.
##### Running: /usr/bin/time -o time_14_kgunda_vdhankar.txt -f "%U" /usr/lib/jvm/jdk-14.0.1/bin/java homework > stulog.txt 2>&1 on kgunda #####
##### SUCCESS: /usr/bin/time -o time_14_kgunda_vdhankar.txt -f "%U" /usr/lib/jvm/jdk-14.0.1/bin/java homework > stulog.txt 2>&1 on kgunda #####
##### kgunda plays [E c7 b6] in 0.21s #####
##### Running: /usr/lib/jvm/jdk-14.0.1/bin/java -jar /lab/itti/projects/checkers-competition/server/referee.jar on run_14_kgunda_vdhankar #####
Move is valid
##### SUCCESS: /usr/lib/jvm/jdk-14.0.1/bin/java -jar /lab/itti/projects/checkers-competition/server/referee.jar on run_14_kgunda_vdhankar #####
INPUT for vdhankar:
GAME
BLACK
196.712035655975
.....b.b
b.......
.W.b....
..b.b...
.w.b...b
w.w...w.
.w.B.w.w
......w.
##### Running: /usr/bin/time -o time_14_kgunda_vdhankar.txt -f "%U" python3 homework.py > stulog.txt 2>&1 on vdhankar #####
child exited with value 1
##### ERROR: /usr/bin/time -o time_14_kgunda_vdhankar.txt -f "%U" python3 homework.py > stulog.txt 2>&1 on vdhankar #####
##### Output of failed program (stdout + stderr): #####
Traceback (most recent call last):
  File "homework.py", line 546, in <module>
    print(end-start)
NameError: name 'end' is not defined
##### End of output of failed program #####
##### vdhankar plays [E d2 e3] in 9.9469587802887s #####
##### Running: /usr/lib/jvm/jdk-14.0.1/bin/java -jar /lab/itti/projects/checkers-competition/server/referee.jar on run_14_kgunda_vdhankar #####
Move is valid
##### SUCCESS: /usr/lib/jvm/jdk-14.0.1/bin/java -jar /lab/itti/projects/checkers-competition/server/referee.jar on run_14_kgunda_vdhankar #####
INPUT for kgunda:
GAME
WHITE
295.77
.....b.b
b.......
.W.b....
..b.b...
.w.b...b
w.w.B.w.
.w...w.w
......w.
##### Running: /usr/bin/time -o time_14_kgunda_vdhankar.txt -f "%U" /usr/lib/jvm/jdk-14.0.1/bin/java homework > stulog.txt 2>&1 on kgunda #####
##### SUCCESS: /usr/bin/time -o time_14_kgunda_vdhankar.txt -f "%U" /usr/lib/jvm/jdk-14.0.1/bin/java homework > stulog.txt 2>&1 on kgunda #####
##### kgunda plays [E b6 c7] in 0.16s #####
##### Running: /usr/lib/jvm/jdk-14.0.1/bin/java -jar /lab/itti/projects/checkers-competition/server/referee.jar on run_14_kgunda_vdhankar #####
Move is valid
##### SUCCESS: /usr/lib/jvm/jdk-14.0.1/bin/java -jar /lab/itti/projects/checkers-competition/server/referee.jar on run_14_kgunda_vdhankar #####
INPUT for vdhankar:
GAME
BLACK
186.765076875687
.....b.b
b.W.....
...b....
..b.b...
.w.b...b
w.w.B.w.
.w...w.w
......w.
##### Running: /usr/bin/time -o time_14_kgunda_vdhankar.txt -f "%U" python3 homework.py > stulog.txt 2>&1 on vdhankar #####
child exited with value 1
##### ERROR: /usr/bin/time -o time_14_kgunda_vdhankar.txt -f "%U" python3 homework.py > stulog.txt 2>&1 on vdhankar #####
##### Output of failed program (stdout + stderr): #####
Traceback (most recent call last):
  File "homework.py", line 546, in <module>
    print(end-start)
NameError: name 'end' is not defined
##### End of output of failed program #####
##### vdhankar plays [E h8 g7] in 11.1497571468353s #####
##### Running: /usr/lib/jvm/jdk-14.0.1/bin/java -jar /lab/itti/projects/checkers-competition/server/referee.jar on run_14_kgunda_vdhankar #####
Move is valid
##### SUCCESS: /usr/lib/jvm/jdk-14.0.1/bin/java -jar /lab/itti/projects/checkers-competition/server/referee.jar on run_14_kgunda_vdhankar #####
INPUT for kgunda:
GAME
WHITE
295.61
.....b..
b.W...b.
...b....
..b.b...
.w.b...b
w.w.B.w.
.w...w.w
......w.
##### Running: /usr/bin/time -o time_14_kgunda_vdhankar.txt -f "%U" /usr/lib/jvm/jdk-14.0.1/bin/java homework > stulog.txt 2>&1 on kgunda #####
##### SUCCESS: /usr/bin/time -o time_14_kgunda_vdhankar.txt -f "%U" /usr/lib/jvm/jdk-14.0.1/bin/java homework > stulog.txt 2>&1 on kgunda #####
##### kgunda plays [E c7 b6] in 0.25s #####
##### Running: /usr/lib/jvm/jdk-14.0.1/bin/java -jar /lab/itti/projects/checkers-competition/server/referee.jar on run_14_kgunda_vdhankar #####
Move is valid
##### SUCCESS: /usr/lib/jvm/jdk-14.0.1/bin/java -jar /lab/itti/projects/checkers-competition/server/referee.jar on run_14_kgunda_vdhankar #####
INPUT for vdhankar:
GAME
BLACK
175.615319728851
.....b..
b.....b.
.W.b....
..b.b...
.w.b...b
w.w.B.w.
.w...w.w
......w.
##### Running: /usr/bin/time -o time_14_kgunda_vdhankar.txt -f "%U" python3 homework.py > stulog.txt 2>&1 on vdhankar #####
child exited with value 1
##### ERROR: /usr/bin/time -o time_14_kgunda_vdhankar.txt -f "%U" python3 homework.py > stulog.txt 2>&1 on vdhankar #####
##### Output of failed program (stdout + stderr): #####
Traceback (most recent call last):
  File "homework.py", line 546, in <module>
    print(end-start)
NameError: name 'end' is not defined
##### End of output of failed program #####
##### vdhankar plays [E e3 f4] in 8.58691501617432s #####
##### Running: /usr/lib/jvm/jdk-14.0.1/bin/java -jar /lab/itti/projects/checkers-competition/server/referee.jar on run_14_kgunda_vdhankar #####
Move is valid
##### SUCCESS: /usr/lib/jvm/jdk-14.0.1/bin/java -jar /lab/itti/projects/checkers-competition/server/referee.jar on run_14_kgunda_vdhankar #####
INPUT for kgunda:
GAME
WHITE
295.36
.....b..
b.....b.
.W.b....
..b.b...
.w.b.B.b
w.w...w.
.w...w.w
......w.
##### Running: /usr/bin/time -o time_14_kgunda_vdhankar.txt -f "%U" /usr/lib/jvm/jdk-14.0.1/bin/java homework > stulog.txt 2>&1 on kgunda #####
##### SUCCESS: /usr/bin/time -o time_14_kgunda_vdhankar.txt -f "%U" /usr/lib/jvm/jdk-14.0.1/bin/java homework > stulog.txt 2>&1 on kgunda #####
##### kgunda plays [E b4 a5] in 0.19s #####
##### Running: /usr/lib/jvm/jdk-14.0.1/bin/java -jar /lab/itti/projects/checkers-competition/server/referee.jar on run_14_kgunda_vdhankar #####
Move is valid
##### SUCCESS: /usr/lib/jvm/jdk-14.0.1/bin/java -jar /lab/itti/projects/checkers-competition/server/referee.jar on run_14_kgunda_vdhankar #####
INPUT for vdhankar:
GAME
BLACK
167.028404712677
.....b..
b.....b.
.W.b....
w.b.b...
...b.B.b
w.w...w.
.w...w.w
......w.
##### Running: /usr/bin/time -o time_14_kgunda_vdhankar.txt -f "%U" python3 homework.py > stulog.txt 2>&1 on vdhankar #####
child exited with value 1
##### ERROR: /usr/bin/time -o time_14_kgunda_vdhankar.txt -f "%U" python3 homework.py > stulog.txt 2>&1 on vdhankar #####
##### Output of failed program (stdout + stderr): #####
Traceback (most recent call last):
  File "homework.py", line 546, in <module>
    print(end-start)
NameError: name 'end' is not defined
##### End of output of failed program #####
##### vdhankar plays [E c5 b4] in 7.64207911491394s #####
##### Running: /usr/lib/jvm/jdk-14.0.1/bin/java -jar /lab/itti/projects/checkers-competition/server/referee.jar on run_14_kgunda_vdhankar #####
Move is valid
##### SUCCESS: /usr/lib/jvm/jdk-14.0.1/bin/java -jar /lab/itti/projects/checkers-competition/server/referee.jar on run_14_kgunda_vdhankar #####
INPUT for kgunda:
GAME
WHITE
295.17
.....b..
b.....b.
.W.b....
w...b...
.b.b.B.b
w.w...w.
.w...w.w
......w.
##### Running: /usr/bin/time -o time_14_kgunda_vdhankar.txt -f "%U" /usr/lib/jvm/jdk-14.0.1/bin/java homework > stulog.txt 2>&1 on kgunda #####
##### SUCCESS: /usr/bin/time -o time_14_kgunda_vdhankar.txt -f "%U" /usr/lib/jvm/jdk-14.0.1/bin/java homework > stulog.txt 2>&1 on kgunda #####
##### kgunda plays [J a3 c5 ; J c5 e7] in 0.12s #####
##### Running: /usr/lib/jvm/jdk-14.0.1/bin/java -jar /lab/itti/projects/checkers-competition/server/referee.jar on run_14_kgunda_vdhankar #####
Move is valid
##### SUCCESS: /usr/lib/jvm/jdk-14.0.1/bin/java -jar /lab/itti/projects/checkers-competition/server/referee.jar on run_14_kgunda_vdhankar #####
INPUT for vdhankar:
GAME
BLACK
159.386325597763
.....b..
b...w.b.
.W......
w...b...
...b.B.b
..w...w.
.w...w.w
......w.
##### Running: /usr/bin/time -o time_14_kgunda_vdhankar.txt -f "%U" python3 homework.py > stulog.txt 2>&1 on vdhankar #####
child exited with value 1
##### ERROR: /usr/bin/time -o time_14_kgunda_vdhankar.txt -f "%U" python3 homework.py > stulog.txt 2>&1 on vdhankar #####
##### Output of failed program (stdout + stderr): #####
Traceback (most recent call last):
  File "homework.py", line 546, in <module>
    print(end-start)
NameError: name 'end' is not defined
##### End of output of failed program #####
##### vdhankar plays [J a7 c5] in 2.5165581703186s #####
##### Running: /usr/lib/jvm/jdk-14.0.1/bin/java -jar /lab/itti/projects/checkers-competition/server/referee.jar on run_14_kgunda_vdhankar #####
Move is valid
##### SUCCESS: /usr/lib/jvm/jdk-14.0.1/bin/java -jar /lab/itti/projects/checkers-competition/server/referee.jar on run_14_kgunda_vdhankar #####
INPUT for kgunda:
GAME
WHITE
295.05
.....b..
....w.b.
........
w.b.b...
...b.B.b
..w...w.
.w...w.w
......w.
##### Running: /usr/bin/time -o time_14_kgunda_vdhankar.txt -f "%U" /usr/lib/jvm/jdk-14.0.1/bin/java homework > stulog.txt 2>&1 on kgunda #####
##### SUCCESS: /usr/bin/time -o time_14_kgunda_vdhankar.txt -f "%U" /usr/lib/jvm/jdk-14.0.1/bin/java homework > stulog.txt 2>&1 on kgunda #####
##### kgunda plays [E e7 d8] in 0.16s #####
##### Running: /usr/lib/jvm/jdk-14.0.1/bin/java -jar /lab/itti/projects/checkers-competition/server/referee.jar on run_14_kgunda_vdhankar #####
Move is valid
##### SUCCESS: /usr/lib/jvm/jdk-14.0.1/bin/java -jar /lab/itti/projects/checkers-competition/server/referee.jar on run_14_kgunda_vdhankar #####
INPUT for vdhankar:
GAME
BLACK
156.869767427444
...W.b..
......b.
........
w.b.b...
...b.B.b
..w...w.
.w...w.w
......w.
##### Running: /usr/bin/time -o time_14_kgunda_vdhankar.txt -f "%U" python3 homework.py > stulog.txt 2>&1 on vdhankar #####
child exited with value 1
##### ERROR: /usr/bin/time -o time_14_kgunda_vdhankar.txt -f "%U" python3 homework.py > stulog.txt 2>&1 on vdhankar #####
##### Output of failed program (stdout + stderr): #####
Traceback (most recent call last):
  File "homework.py", line 546, in <module>
    print(end-start)
NameError: name 'end' is not defined
##### End of output of failed program #####
##### vdhankar plays [E c5 b4] in 8.14141798019409s #####
##### Running: /usr/lib/jvm/jdk-14.0.1/bin/java -jar /lab/itti/projects/checkers-competition/server/referee.jar on run_14_kgunda_vdhankar #####
Move is valid
##### SUCCESS: /usr/lib/jvm/jdk-14.0.1/bin/java -jar /lab/itti/projects/checkers-competition/server/referee.jar on run_14_kgunda_vdhankar #####
INPUT for kgunda:
GAME
WHITE
294.89
...W.b..
......b.
........
w...b...
.b.b.B.b
..w...w.
.w...w.w
......w.
##### Running: /usr/bin/time -o time_14_kgunda_vdhankar.txt -f "%U" /usr/lib/jvm/jdk-14.0.1/bin/java homework > stulog.txt 2>&1 on kgunda #####
##### SUCCESS: /usr/bin/time -o time_14_kgunda_vdhankar.txt -f "%U" /usr/lib/jvm/jdk-14.0.1/bin/java homework > stulog.txt 2>&1 on kgunda #####
##### kgunda plays [E d8 c7] in 0.19s #####
##### Running: /usr/lib/jvm/jdk-14.0.1/bin/java -jar /lab/itti/projects/checkers-competition/server/referee.jar on run_14_kgunda_vdhankar #####
Move is valid
##### SUCCESS: /usr/lib/jvm/jdk-14.0.1/bin/java -jar /lab/itti/projects/checkers-competition/server/referee.jar on run_14_kgunda_vdhankar #####
INPUT for vdhankar:
GAME
BLACK
148.72834944725
.....b..
..W...b.
........
w...b...
.b.b.B.b
..w...w.
.w...w.w
......w.
##### Running: /usr/bin/time -o time_14_kgunda_vdhankar.txt -f "%U" python3 homework.py > stulog.txt 2>&1 on vdhankar #####
child exited with value 1
##### ERROR: /usr/bin/time -o time_14_kgunda_vdhankar.txt -f "%U" python3 homework.py > stulog.txt 2>&1 on vdhankar #####
##### Output of failed program (stdout + stderr): #####
Traceback (most recent call last):
  File "homework.py", line 546, in <module>
    print(end-start)
NameError: name 'end' is not defined
##### End of output of failed program #####
##### vdhankar plays [J b4 d2] in 18.1358730792999s #####
##### Running: /usr/lib/jvm/jdk-14.0.1/bin/java -jar /lab/itti/projects/checkers-competition/server/referee.jar on run_14_kgunda_vdhankar #####
Move is valid
##### SUCCESS: /usr/lib/jvm/jdk-14.0.1/bin/java -jar /lab/itti/projects/checkers-competition/server/referee.jar on run_14_kgunda_vdhankar #####
INPUT for kgunda:
GAME
WHITE
294.7
.....b..
..W...b.
........
w...b...
...b.B.b
......w.
.w.b.w.w
......w.
##### Running: /usr/bin/time -o time_14_kgunda_vdhankar.txt -f "%U" /usr/lib/jvm/jdk-14.0.1/bin/java homework > stulog.txt 2>&1 on kgunda #####
##### SUCCESS: /usr/bin/time -o time_14_kgunda_vdhankar.txt -f "%U" /usr/lib/jvm/jdk-14.0.1/bin/java homework > stulog.txt 2>&1 on kgunda #####
##### kgunda plays [E a5 b6] in 0.33s #####
##### Running: /usr/lib/jvm/jdk-14.0.1/bin/java -jar /lab/itti/projects/checkers-competition/server/referee.jar on run_14_kgunda_vdhankar #####
Move is valid
##### SUCCESS: /usr/lib/jvm/jdk-14.0.1/bin/java -jar /lab/itti/projects/checkers-competition/server/referee.jar on run_14_kgunda_vdhankar #####
INPUT for vdhankar:
GAME
BLACK
130.59247636795
.....b..
..W...b.
.w......
....b...
...b.B.b
......w.
.w.b.w.w
......w.
##### Running: /usr/bin/time -o time_14_kgunda_vdhankar.txt -f "%U" python3 homework.py > stulog.txt 2>&1 on vdhankar #####
child exited with value 1
##### ERROR: /usr/bin/time -o time_14_kgunda_vdhankar.txt -f "%U" python3 homework.py > stulog.txt 2>&1 on vdhankar #####
##### Output of failed program (stdout + stderr): #####
Traceback (most recent call last):
  File "homework.py", line 546, in <module>
    print(end-start)
NameError: name 'end' is not defined
##### End of output of failed program #####
##### vdhankar plays [E d2 c1] in 52.1477978229523s #####
##### Running: /usr/lib/jvm/jdk-14.0.1/bin/java -jar /lab/itti/projects/checkers-competition/server/referee.jar on run_14_kgunda_vdhankar #####
Move is valid
##### SUCCESS: /usr/lib/jvm/jdk-14.0.1/bin/java -jar /lab/itti/projects/checkers-competition/server/referee.jar on run_14_kgunda_vdhankar #####
INPUT for kgunda:
GAME
WHITE
294.37
.....b..
..W...b.
.w......
....b...
...b.B.b
......w.
.w...w.w
..B...w.
##### Running: /usr/bin/time -o time_14_kgunda_vdhankar.txt -f "%U" /usr/lib/jvm/jdk-14.0.1/bin/java homework > stulog.txt 2>&1 on kgunda #####
##### SUCCESS: /usr/bin/time -o time_14_kgunda_vdhankar.txt -f "%U" /usr/lib/jvm/jdk-14.0.1/bin/java homework > stulog.txt 2>&1 on kgunda #####
##### kgunda plays [E b2 a3] in 0.21s #####
##### Running: /usr/lib/jvm/jdk-14.0.1/bin/java -jar /lab/itti/projects/checkers-competition/server/referee.jar on run_14_kgunda_vdhankar #####
Move is valid
##### SUCCESS: /usr/lib/jvm/jdk-14.0.1/bin/java -jar /lab/itti/projects/checkers-competition/server/referee.jar on run_14_kgunda_vdhankar #####
INPUT for vdhankar:
GAME
BLACK
78.4446785449982
.....b..
..W...b.
.w......
....b...
...b.B.b
w.....w.
.....w.w
..B...w.
##### Running: /usr/bin/time -o time_14_kgunda_vdhankar.txt -f "%U" python3 homework.py > stulog.txt 2>&1 on vdhankar #####
child exited with value 1
##### ERROR: /usr/bin/time -o time_14_kgunda_vdhankar.txt -f "%U" python3 homework.py > stulog.txt 2>&1 on vdhankar #####
##### Output of failed program (stdout + stderr): #####
Traceback (most recent call last):
  File "homework.py", line 546, in <module>
    print(end-start)
NameError: name 'end' is not defined
##### End of output of failed program #####
##### vdhankar plays [E c1 d2] in 48.0879499912262s #####
##### Running: /usr/lib/jvm/jdk-14.0.1/bin/java -jar /lab/itti/projects/checkers-competition/server/referee.jar on run_14_kgunda_vdhankar #####
Move is valid
##### SUCCESS: /usr/lib/jvm/jdk-14.0.1/bin/java -jar /lab/itti/projects/checkers-competition/server/referee.jar on run_14_kgunda_vdhankar #####
INPUT for kgunda:
GAME
WHITE
294.16
.....b..
..W...b.
.w......
....b...
...b.B.b
w.....w.
...B.w.w
......w.
##### Running: /usr/bin/time -o time_14_kgunda_vdhankar.txt -f "%U" /usr/lib/jvm/jdk-14.0.1/bin/java homework > stulog.txt 2>&1 on kgunda #####
##### SUCCESS: /usr/bin/time -o time_14_kgunda_vdhankar.txt -f "%U" /usr/lib/jvm/jdk-14.0.1/bin/java homework > stulog.txt 2>&1 on kgunda #####
##### kgunda plays [E c7 d6] in 0.31s #####
##### Running: /usr/lib/jvm/jdk-14.0.1/bin/java -jar /lab/itti/projects/checkers-competition/server/referee.jar on run_14_kgunda_vdhankar #####
Move is valid
##### SUCCESS: /usr/lib/jvm/jdk-14.0.1/bin/java -jar /lab/itti/projects/checkers-competition/server/referee.jar on run_14_kgunda_vdhankar #####
INPUT for vdhankar:
GAME
BLACK
30.356728553772
.....b..
......b.
.w.W....
....b...
...b.B.b
w.....w.
...B.w.w
......w.
##### Running: /usr/bin/time -o time_14_kgunda_vdhankar.txt -f "%U" python3 homework.py > stulog.txt 2>&1 on vdhankar #####
child exited with value 1
##### ERROR: /usr/bin/time -o time_14_kgunda_vdhankar.txt -f "%U" python3 homework.py > stulog.txt 2>&1 on vdhankar #####
##### Output of failed program (stdout + stderr): #####
Traceback (most recent call last):
  File "homework.py", line 546, in <module>
    print(end-start)
NameError: name 'end' is not defined
##### End of output of failed program #####
##### vdhankar plays [E f4 e3] in 5.79233002662659s #####
##### Running: /usr/lib/jvm/jdk-14.0.1/bin/java -jar /lab/itti/projects/checkers-competition/server/referee.jar on run_14_kgunda_vdhankar #####
Move is valid
##### SUCCESS: /usr/lib/jvm/jdk-14.0.1/bin/java -jar /lab/itti/projects/checkers-competition/server/referee.jar on run_14_kgunda_vdhankar #####
INPUT for kgunda:
GAME
WHITE
293.85
.....b..
......b.
.w.W....
....b...
...b...b
w...B.w.
...B.w.w
......w.
##### Running: /usr/bin/time -o time_14_kgunda_vdhankar.txt -f "%U" /usr/lib/jvm/jdk-14.0.1/bin/java homework > stulog.txt 2>&1 on kgunda #####
##### SUCCESS: /usr/bin/time -o time_14_kgunda_vdhankar.txt -f "%U" /usr/lib/jvm/jdk-14.0.1/bin/java homework > stulog.txt 2>&1 on kgunda #####
##### kgunda plays [J d6 f4] in 0.13s #####
##### Running: /usr/lib/jvm/jdk-14.0.1/bin/java -jar /lab/itti/projects/checkers-competition/server/referee.jar on run_14_kgunda_vdhankar #####
Move is valid
##### SUCCESS: /usr/lib/jvm/jdk-14.0.1/bin/java -jar /lab/itti/projects/checkers-competition/server/referee.jar on run_14_kgunda_vdhankar #####
INPUT for vdhankar:
GAME
BLACK
24.5643985271454
.....b..
......b.
.w......
........
...b.W.b
w...B.w.
...B.w.w
......w.
##### Running: /usr/bin/time -o time_14_kgunda_vdhankar.txt -f "%U" python3 homework.py > stulog.txt 2>&1 on vdhankar #####
child exited with value 1
##### ERROR: /usr/bin/time -o time_14_kgunda_vdhankar.txt -f "%U" python3 homework.py > stulog.txt 2>&1 on vdhankar #####
##### Output of failed program (stdout + stderr): #####
Traceback (most recent call last):
  File "homework.py", line 546, in <module>
    print(end-start)
NameError: name 'end' is not defined
##### End of output of failed program #####
##### vdhankar plays [J e3 g5] in 0.409284114837646s #####
##### Running: /usr/lib/jvm/jdk-14.0.1/bin/java -jar /lab/itti/projects/checkers-competition/server/referee.jar on run_14_kgunda_vdhankar #####
Move is valid
##### SUCCESS: /usr/lib/jvm/jdk-14.0.1/bin/java -jar /lab/itti/projects/checkers-competition/server/referee.jar on run_14_kgunda_vdhankar #####
INPUT for kgunda:
GAME
WHITE
293.72
.....b..
......b.
.w......
......B.
...b...b
w.....w.
...B.w.w
......w.
##### Running: /usr/bin/time -o time_14_kgunda_vdhankar.txt -f "%U" /usr/lib/jvm/jdk-14.0.1/bin/java homework > stulog.txt 2>&1 on kgunda #####
##### SUCCESS: /usr/bin/time -o time_14_kgunda_vdhankar.txt -f "%U" /usr/lib/jvm/jdk-14.0.1/bin/java homework > stulog.txt 2>&1 on kgunda #####
##### kgunda plays [E a3 b4] in 0.29s #####
##### Running: /usr/lib/jvm/jdk-14.0.1/bin/java -jar /lab/itti/projects/checkers-competition/server/referee.jar on run_14_kgunda_vdhankar #####
Move is valid
##### SUCCESS: /usr/lib/jvm/jdk-14.0.1/bin/java -jar /lab/itti/projects/checkers-competition/server/referee.jar on run_14_kgunda_vdhankar #####
INPUT for vdhankar:
GAME
BLACK
24.1551144123077
.....b..
......b.
.w......
......B.
.w.b...b
......w.
...B.w.w
......w.
##### Running: /usr/bin/time -o time_14_kgunda_vdhankar.txt -f "%U" python3 homework.py > stulog.txt 2>&1 on vdhankar #####
child exited with value 1
##### ERROR: /usr/bin/time -o time_14_kgunda_vdhankar.txt -f "%U" python3 homework.py > stulog.txt 2>&1 on vdhankar #####
##### Output of failed program (stdout + stderr): #####
Traceback (most recent call last):
  File "homework.py", line 546, in <module>
    print(end-start)
NameError: name 'end' is not defined
##### End of output of failed program #####
##### vdhankar plays [E d2 c3] in 0.505109071731567s #####
##### Running: /usr/lib/jvm/jdk-14.0.1/bin/java -jar /lab/itti/projects/checkers-competition/server/referee.jar on run_14_kgunda_vdhankar #####
Move is valid
##### SUCCESS: /usr/lib/jvm/jdk-14.0.1/bin/java -jar /lab/itti/projects/checkers-competition/server/referee.jar on run_14_kgunda_vdhankar #####
INPUT for kgunda:
GAME
WHITE
293.43
.....b..
......b.
.w......
......B.
.w.b...b
..B...w.
.....w.w
......w.
##### Running: /usr/bin/time -o time_14_kgunda_vdhankar.txt -f "%U" /usr/lib/jvm/jdk-14.0.1/bin/java homework > stulog.txt 2>&1 on kgunda #####
##### SUCCESS: /usr/bin/time -o time_14_kgunda_vdhankar.txt -f "%U" /usr/lib/jvm/jdk-14.0.1/bin/java homework > stulog.txt 2>&1 on kgunda #####
##### kgunda plays [E b4 c5] in 0.24s #####
##### Running: /usr/lib/jvm/jdk-14.0.1/bin/java -jar /lab/itti/projects/checkers-competition/server/referee.jar on run_14_kgunda_vdhankar #####
Move is valid
##### SUCCESS: /usr/lib/jvm/jdk-14.0.1/bin/java -jar /lab/itti/projects/checkers-competition/server/referee.jar on run_14_kgunda_vdhankar #####
INPUT for vdhankar:
GAME
BLACK
23.6500053405762
.....b..
......b.
.w......
..w...B.
...b...b
..B...w.
.....w.w
......w.
##### Running: /usr/bin/time -o time_14_kgunda_vdhankar.txt -f "%U" python3 homework.py > stulog.txt 2>&1 on vdhankar #####
child exited with value 1
##### ERROR: /usr/bin/time -o time_14_kgunda_vdhankar.txt -f "%U" python3 homework.py > stulog.txt 2>&1 on vdhankar #####
##### Output of failed program (stdout + stderr): #####
Traceback (most recent call last):
  File "homework.py", line 546, in <module>
    print(end-start)
NameError: name 'end' is not defined
##### End of output of failed program #####
##### vdhankar plays [E c3 b4] in 0.417811870574951s #####
##### Running: /usr/lib/jvm/jdk-14.0.1/bin/java -jar /lab/itti/projects/checkers-competition/server/referee.jar on run_14_kgunda_vdhankar #####
Move is valid
##### SUCCESS: /usr/lib/jvm/jdk-14.0.1/bin/java -jar /lab/itti/projects/checkers-competition/server/referee.jar on run_14_kgunda_vdhankar #####
INPUT for kgunda:
GAME
WHITE
293.19
.....b..
......b.
.w......
..w...B.
.B.b...b
......w.
.....w.w
......w.
##### Running: /usr/bin/time -o time_14_kgunda_vdhankar.txt -f "%U" /usr/lib/jvm/jdk-14.0.1/bin/java homework > stulog.txt 2>&1 on kgunda #####
##### SUCCESS: /usr/bin/time -o time_14_kgunda_vdhankar.txt -f "%U" /usr/lib/jvm/jdk-14.0.1/bin/java homework > stulog.txt 2>&1 on kgunda #####
##### kgunda plays [E c5 d6] in 0.21s #####
##### Running: /usr/lib/jvm/jdk-14.0.1/bin/java -jar /lab/itti/projects/checkers-competition/server/referee.jar on run_14_kgunda_vdhankar #####
Move is valid
##### SUCCESS: /usr/lib/jvm/jdk-14.0.1/bin/java -jar /lab/itti/projects/checkers-competition/server/referee.jar on run_14_kgunda_vdhankar #####
INPUT for vdhankar:
GAME
BLACK
23.2321934700012
.....b..
......b.
.w.w....
......B.
.B.b...b
......w.
.....w.w
......w.
##### Running: /usr/bin/time -o time_14_kgunda_vdhankar.txt -f "%U" python3 homework.py > stulog.txt 2>&1 on vdhankar #####
child exited with value 1
##### ERROR: /usr/bin/time -o time_14_kgunda_vdhankar.txt -f "%U" python3 homework.py > stulog.txt 2>&1 on vdhankar #####
##### Output of failed program (stdout + stderr): #####
Traceback (most recent call last):
  File "homework.py", line 546, in <module>
    print(end-start)
NameError: name 'end' is not defined
##### End of output of failed program #####
##### vdhankar plays [E b4 c5] in 0.458127021789551s #####
##### Running: /usr/lib/jvm/jdk-14.0.1/bin/java -jar /lab/itti/projects/checkers-competition/server/referee.jar on run_14_kgunda_vdhankar #####
Move is valid
##### SUCCESS: /usr/lib/jvm/jdk-14.0.1/bin/java -jar /lab/itti/projects/checkers-competition/server/referee.jar on run_14_kgunda_vdhankar #####
INPUT for kgunda:
GAME
WHITE
292.98
.....b..
......b.
.w.w....
..B...B.
...b...b
......w.
.....w.w
......w.
##### Running: /usr/bin/time -o time_14_kgunda_vdhankar.txt -f "%U" /usr/lib/jvm/jdk-14.0.1/bin/java homework > stulog.txt 2>&1 on kgunda #####
##### SUCCESS: /usr/bin/time -o time_14_kgunda_vdhankar.txt -f "%U" /usr/lib/jvm/jdk-14.0.1/bin/java homework > stulog.txt 2>&1 on kgunda #####
##### kgunda plays [E b6 c7] in 0.14s #####
##### Running: /usr/lib/jvm/jdk-14.0.1/bin/java -jar /lab/itti/projects/checkers-competition/server/referee.jar on run_14_kgunda_vdhankar #####
Move is valid
##### SUCCESS: /usr/lib/jvm/jdk-14.0.1/bin/java -jar /lab/itti/projects/checkers-competition/server/referee.jar on run_14_kgunda_vdhankar #####
INPUT for vdhankar:
GAME
BLACK
22.7740664482117
.....b..
..w...b.
...w....
..B...B.
...b...b
......w.
.....w.w
......w.
##### Running: /usr/bin/time -o time_14_kgunda_vdhankar.txt -f "%U" python3 homework.py > stulog.txt 2>&1 on vdhankar #####
child exited with value 1
##### ERROR: /usr/bin/time -o time_14_kgunda_vdhankar.txt -f "%U" python3 homework.py > stulog.txt 2>&1 on vdhankar #####
##### Output of failed program (stdout + stderr): #####
Traceback (most recent call last):
  File "homework.py", line 546, in <module>
    print(end-start)
NameError: name 'end' is not defined
##### End of output of failed program #####
##### vdhankar plays [J c5 e7] in 0.457392930984497s #####
##### Running: /usr/lib/jvm/jdk-14.0.1/bin/java -jar /lab/itti/projects/checkers-competition/server/referee.jar on run_14_kgunda_vdhankar #####
Move is valid
##### SUCCESS: /usr/lib/jvm/jdk-14.0.1/bin/java -jar /lab/itti/projects/checkers-competition/server/referee.jar on run_14_kgunda_vdhankar #####
INPUT for kgunda:
GAME
WHITE
292.84
.....b..
..w.B.b.
........
......B.
...b...b
......w.
.....w.w
......w.
##### Running: /usr/bin/time -o time_14_kgunda_vdhankar.txt -f "%U" /usr/lib/jvm/jdk-14.0.1/bin/java homework > stulog.txt 2>&1 on kgunda #####
##### SUCCESS: /usr/bin/time -o time_14_kgunda_vdhankar.txt -f "%U" /usr/lib/jvm/jdk-14.0.1/bin/java homework > stulog.txt 2>&1 on kgunda #####
##### kgunda plays [E c7 d8] in 0.19s #####
##### Running: /usr/lib/jvm/jdk-14.0.1/bin/java -jar /lab/itti/projects/checkers-competition/server/referee.jar on run_14_kgunda_vdhankar #####
Move is valid
##### SUCCESS: /usr/lib/jvm/jdk-14.0.1/bin/java -jar /lab/itti/projects/checkers-competition/server/referee.jar on run_14_kgunda_vdhankar #####
INPUT for vdhankar:
GAME
BLACK
22.3166735172272
...W.b..
....B.b.
........
......B.
...b...b
......w.
.....w.w
......w.
##### Running: /usr/bin/time -o time_14_kgunda_vdhankar.txt -f "%U" python3 homework.py > stulog.txt 2>&1 on vdhankar #####
child exited with value 1
##### ERROR: /usr/bin/time -o time_14_kgunda_vdhankar.txt -f "%U" python3 homework.py > stulog.txt 2>&1 on vdhankar #####
##### Output of failed program (stdout + stderr): #####
Traceback (most recent call last):
  File "homework.py", line 546, in <module>
    print(end-start)
NameError: name 'end' is not defined
##### End of output of failed program #####
##### vdhankar plays [E g7 f6] in 0.360230922698975s #####
##### Running: /usr/lib/jvm/jdk-14.0.1/bin/java -jar /lab/itti/projects/checkers-competition/server/referee.jar on run_14_kgunda_vdhankar #####
Move is valid
##### SUCCESS: /usr/lib/jvm/jdk-14.0.1/bin/java -jar /lab/itti/projects/checkers-competition/server/referee.jar on run_14_kgunda_vdhankar #####
INPUT for kgunda:
GAME
WHITE
292.65
...W.b..
....B...
.....b..
......B.
...b...b
......w.
.....w.w
......w.
##### Running: /usr/bin/time -o time_14_kgunda_vdhankar.txt -f "%U" /usr/lib/jvm/jdk-14.0.1/bin/java homework > stulog.txt 2>&1 on kgunda #####
##### SUCCESS: /usr/bin/time -o time_14_kgunda_vdhankar.txt -f "%U" /usr/lib/jvm/jdk-14.0.1/bin/java homework > stulog.txt 2>&1 on kgunda #####
##### kgunda plays [E f2 e3] in 0.16s #####
##### Running: /usr/lib/jvm/jdk-14.0.1/bin/java -jar /lab/itti/projects/checkers-competition/server/referee.jar on run_14_kgunda_vdhankar #####
Move is valid
##### SUCCESS: /usr/lib/jvm/jdk-14.0.1/bin/java -jar /lab/itti/projects/checkers-competition/server/referee.jar on run_14_kgunda_vdhankar #####
INPUT for vdhankar:
GAME
BLACK
21.9564425945282
...W.b..
....B...
.....b..
......B.
...b...b
....w.w.
.......w
......w.
##### Running: /usr/bin/time -o time_14_kgunda_vdhankar.txt -f "%U" python3 homework.py > stulog.txt 2>&1 on vdhankar #####
child exited with value 1
##### ERROR: /usr/bin/time -o time_14_kgunda_vdhankar.txt -f "%U" python3 homework.py > stulog.txt 2>&1 on vdhankar #####
##### Output of failed program (stdout + stderr): #####
Traceback (most recent call last):
  File "homework.py", line 546, in <module>
    print(end-start)
NameError: name 'end' is not defined
##### End of output of failed program #####
##### vdhankar plays [J d4 f2] in 0.471424102783203s #####
##### Running: /usr/lib/jvm/jdk-14.0.1/bin/java -jar /lab/itti/projects/checkers-competition/server/referee.jar on run_14_kgunda_vdhankar #####
Move is valid
##### SUCCESS: /usr/lib/jvm/jdk-14.0.1/bin/java -jar /lab/itti/projects/checkers-competition/server/referee.jar on run_14_kgunda_vdhankar #####
INPUT for kgunda:
GAME
WHITE
292.49
...W.b..
....B...
.....b..
......B.
.......b
......w.
.....b.w
......w.
##### Running: /usr/bin/time -o time_14_kgunda_vdhankar.txt -f "%U" /usr/lib/jvm/jdk-14.0.1/bin/java homework > stulog.txt 2>&1 on kgunda #####
##### SUCCESS: /usr/bin/time -o time_14_kgunda_vdhankar.txt -f "%U" /usr/lib/jvm/jdk-14.0.1/bin/java homework > stulog.txt 2>&1 on kgunda #####
##### kgunda plays [J g1 e3] in 0.11s #####
##### Running: /usr/lib/jvm/jdk-14.0.1/bin/java -jar /lab/itti/projects/checkers-competition/server/referee.jar on run_14_kgunda_vdhankar #####
Move is valid
##### SUCCESS: /usr/lib/jvm/jdk-14.0.1/bin/java -jar /lab/itti/projects/checkers-competition/server/referee.jar on run_14_kgunda_vdhankar #####
INPUT for vdhankar:
GAME
BLACK
21.485018491745
...W.b..
....B...
.....b..
......B.
.......b
....w.w.
.......w
........
##### Running: /usr/bin/time -o time_14_kgunda_vdhankar.txt -f "%U" python3 homework.py > stulog.txt 2>&1 on vdhankar #####
child exited with value 1
##### ERROR: /usr/bin/time -o time_14_kgunda_vdhankar.txt -f "%U" python3 homework.py > stulog.txt 2>&1 on vdhankar #####
##### Output of failed program (stdout + stderr): #####
Traceback (most recent call last):
  File "homework.py", line 546, in <module>
    print(end-start)
NameError: name 'end' is not defined
##### End of output of failed program #####
##### vdhankar plays [J h4 f2] in 0.322432041168213s #####
##### Running: /usr/lib/jvm/jdk-14.0.1/bin/java -jar /lab/itti/projects/checkers-competition/server/referee.jar on run_14_kgunda_vdhankar #####
Move is valid
##### SUCCESS: /usr/lib/jvm/jdk-14.0.1/bin/java -jar /lab/itti/projects/checkers-competition/server/referee.jar on run_14_kgunda_vdhankar #####
INPUT for kgunda:
GAME
WHITE
292.38
...W.b..
....B...
.....b..
......B.
........
....w...
.....b.w
........
##### Running: /usr/bin/time -o time_14_kgunda_vdhankar.txt -f "%U" /usr/lib/jvm/jdk-14.0.1/bin/java homework > stulog.txt 2>&1 on kgunda #####
##### SUCCESS: /usr/bin/time -o time_14_kgunda_vdhankar.txt -f "%U" /usr/lib/jvm/jdk-14.0.1/bin/java homework > stulog.txt 2>&1 on kgunda #####
##### kgunda plays [E e3 f4] in 0.17s #####
##### Running: /usr/lib/jvm/jdk-14.0.1/bin/java -jar /lab/itti/projects/checkers-competition/server/referee.jar on run_14_kgunda_vdhankar #####
Move is valid
##### SUCCESS: /usr/lib/jvm/jdk-14.0.1/bin/java -jar /lab/itti/projects/checkers-competition/server/referee.jar on run_14_kgunda_vdhankar #####
INPUT for vdhankar:
GAME
BLACK
21.1625864505768
...W.b..
....B...
.....b..
......B.
.....w..
........
.....b.w
........
##### Running: /usr/bin/time -o time_14_kgunda_vdhankar.txt -f "%U" python3 homework.py > stulog.txt 2>&1 on vdhankar #####
child exited with value 1
##### ERROR: /usr/bin/time -o time_14_kgunda_vdhankar.txt -f "%U" python3 homework.py > stulog.txt 2>&1 on vdhankar #####
##### Output of failed program (stdout + stderr): #####
Traceback (most recent call last):
  File "homework.py", line 546, in <module>
    print(end-start)
NameError: name 'end' is not defined
##### End of output of failed program #####
##### vdhankar plays [J g5 e3] in 0.502326965332031s #####
##### Running: /usr/lib/jvm/jdk-14.0.1/bin/java -jar /lab/itti/projects/checkers-competition/server/referee.jar on run_14_kgunda_vdhankar #####
Move is valid
##### SUCCESS: /usr/lib/jvm/jdk-14.0.1/bin/java -jar /lab/itti/projects/checkers-competition/server/referee.jar on run_14_kgunda_vdhankar #####
INPUT for kgunda:
GAME
WHITE
292.21
...W.b..
....B...
.....b..
........
........
....B...
.....b.w
........
##### Running: /usr/bin/time -o time_14_kgunda_vdhankar.txt -f "%U" /usr/lib/jvm/jdk-14.0.1/bin/java homework > stulog.txt 2>&1 on kgunda #####
##### SUCCESS: /usr/bin/time -o time_14_kgunda_vdhankar.txt -f "%U" /usr/lib/jvm/jdk-14.0.1/bin/java homework > stulog.txt 2>&1 on kgunda #####
##### kgunda plays [E d8 c7] in 0.19s #####
##### Running: /usr/lib/jvm/jdk-14.0.1/bin/java -jar /lab/itti/projects/checkers-competition/server/referee.jar on run_14_kgunda_vdhankar #####
Move is valid
##### SUCCESS: /usr/lib/jvm/jdk-14.0.1/bin/java -jar /lab/itti/projects/checkers-competition/server/referee.jar on run_14_kgunda_vdhankar #####
INPUT for vdhankar:
GAME
BLACK
20.6602594852448
.....b..
..W.B...
.....b..
........
........
....B...
.....b.w
........
##### Running: /usr/bin/time -o time_14_kgunda_vdhankar.txt -f "%U" python3 homework.py > stulog.txt 2>&1 on vdhankar #####
child exited with value 1
##### ERROR: /usr/bin/time -o time_14_kgunda_vdhankar.txt -f "%U" python3 homework.py > stulog.txt 2>&1 on vdhankar #####
##### Output of failed program (stdout + stderr): #####
Traceback (most recent call last):
  File "homework.py", line 546, in <module>
    print(end-start)
NameError: name 'end' is not defined
##### End of output of failed program #####
##### vdhankar plays [E f2 g1] in 0.479331970214844s #####
##### Running: /usr/lib/jvm/jdk-14.0.1/bin/java -jar /lab/itti/projects/checkers-competition/server/referee.jar on run_14_kgunda_vdhankar #####
Move is valid
##### SUCCESS: /usr/lib/jvm/jdk-14.0.1/bin/java -jar /lab/itti/projects/checkers-competition/server/referee.jar on run_14_kgunda_vdhankar #####
INPUT for kgunda:
GAME
WHITE
292.02
.....b..
..W.B...
.....b..
........
........
....B...
.......w
......B.
##### Running: /usr/bin/time -o time_14_kgunda_vdhankar.txt -f "%U" /usr/lib/jvm/jdk-14.0.1/bin/java homework > stulog.txt 2>&1 on kgunda #####
##### SUCCESS: /usr/bin/time -o time_14_kgunda_vdhankar.txt -f "%U" /usr/lib/jvm/jdk-14.0.1/bin/java homework > stulog.txt 2>&1 on kgunda #####
##### kgunda plays [E c7 b8] in 0.24s #####
##### Running: /usr/lib/jvm/jdk-14.0.1/bin/java -jar /lab/itti/projects/checkers-competition/server/referee.jar on run_14_kgunda_vdhankar #####
Move is valid
##### SUCCESS: /usr/lib/jvm/jdk-14.0.1/bin/java -jar /lab/itti/projects/checkers-competition/server/referee.jar on run_14_kgunda_vdhankar #####
INPUT for vdhankar:
GAME
BLACK
20.1809275150299
.W...b..
....B...
.....b..
........
........
....B...
.......w
......B.
##### Running: /usr/bin/time -o time_14_kgunda_vdhankar.txt -f "%U" python3 homework.py > stulog.txt 2>&1 on vdhankar #####
child exited with value 1
##### ERROR: /usr/bin/time -o time_14_kgunda_vdhankar.txt -f "%U" python3 homework.py > stulog.txt 2>&1 on vdhankar #####
##### Output of failed program (stdout + stderr): #####
Traceback (most recent call last):
  File "homework.py", line 546, in <module>
    print(end-start)
NameError: name 'end' is not defined
##### End of output of failed program #####
##### vdhankar plays [E e3 d4] in 0.446894884109497s #####
##### Running: /usr/lib/jvm/jdk-14.0.1/bin/java -jar /lab/itti/projects/checkers-competition/server/referee.jar on run_14_kgunda_vdhankar #####
Move is valid
##### SUCCESS: /usr/lib/jvm/jdk-14.0.1/bin/java -jar /lab/itti/projects/checkers-competition/server/referee.jar on run_14_kgunda_vdhankar #####
INPUT for kgunda:
GAME
WHITE
291.78
.W...b..
....B...
.....b..
........
...B....
........
.......w
......B.
##### Running: /usr/bin/time -o time_14_kgunda_vdhankar.txt -f "%U" /usr/lib/jvm/jdk-14.0.1/bin/java homework > stulog.txt 2>&1 on kgunda #####
##### SUCCESS: /usr/bin/time -o time_14_kgunda_vdhankar.txt -f "%U" /usr/lib/jvm/jdk-14.0.1/bin/java homework > stulog.txt 2>&1 on kgunda #####
##### kgunda plays [E h2 g3] in 0.22s #####
##### Running: /usr/lib/jvm/jdk-14.0.1/bin/java -jar /lab/itti/projects/checkers-competition/server/referee.jar on run_14_kgunda_vdhankar #####
Move is valid
##### SUCCESS: /usr/lib/jvm/jdk-14.0.1/bin/java -jar /lab/itti/projects/checkers-competition/server/referee.jar on run_14_kgunda_vdhankar #####
INPUT for vdhankar:
GAME
BLACK
19.7340326309204
.W...b..
....B...
.....b..
........
...B....
......w.
........
......B.
##### Running: /usr/bin/time -o time_14_kgunda_vdhankar.txt -f "%U" python3 homework.py > stulog.txt 2>&1 on vdhankar #####
child exited with value 1
##### ERROR: /usr/bin/time -o time_14_kgunda_vdhankar.txt -f "%U" python3 homework.py > stulog.txt 2>&1 on vdhankar #####
##### Output of failed program (stdout + stderr): #####
Traceback (most recent call last):
  File "homework.py", line 546, in <module>
    print(end-start)
NameError: name 'end' is not defined
##### End of output of failed program #####
##### vdhankar plays [E f6 e5] in 0.486529111862183s #####
##### Running: /usr/lib/jvm/jdk-14.0.1/bin/java -jar /lab/itti/projects/checkers-competition/server/referee.jar on run_14_kgunda_vdhankar #####
Move is valid
##### SUCCESS: /usr/lib/jvm/jdk-14.0.1/bin/java -jar /lab/itti/projects/checkers-competition/server/referee.jar on run_14_kgunda_vdhankar #####
INPUT for kgunda:
GAME
WHITE
291.56
.W...b..
....B...
........
....b...
...B....
......w.
........
......B.
##### Running: /usr/bin/time -o time_14_kgunda_vdhankar.txt -f "%U" /usr/lib/jvm/jdk-14.0.1/bin/java homework > stulog.txt 2>&1 on kgunda #####
##### SUCCESS: /usr/bin/time -o time_14_kgunda_vdhankar.txt -f "%U" /usr/lib/jvm/jdk-14.0.1/bin/java homework > stulog.txt 2>&1 on kgunda #####
##### kgunda plays [E g3 h4] in 0.19s #####
##### Running: /usr/lib/jvm/jdk-14.0.1/bin/java -jar /lab/itti/projects/checkers-competition/server/referee.jar on run_14_kgunda_vdhankar #####
Move is valid
##### SUCCESS: /usr/lib/jvm/jdk-14.0.1/bin/java -jar /lab/itti/projects/checkers-competition/server/referee.jar on run_14_kgunda_vdhankar #####
INPUT for vdhankar:
GAME
BLACK
19.2475035190582
.W...b..
....B...
........
....b...
...B...w
........
........
......B.
##### Running: /usr/bin/time -o time_14_kgunda_vdhankar.txt -f "%U" python3 homework.py > stulog.txt 2>&1 on vdhankar #####
child exited with value 1
##### ERROR: /usr/bin/time -o time_14_kgunda_vdhankar.txt -f "%U" python3 homework.py > stulog.txt 2>&1 on vdhankar #####
##### Output of failed program (stdout + stderr): #####
Traceback (most recent call last):
  File "homework.py", line 546, in <module>
    print(end-start)
NameError: name 'end' is not defined
##### End of output of failed program #####
##### vdhankar plays [E g1 h2] in 0.451792001724243s #####
##### Running: /usr/lib/jvm/jdk-14.0.1/bin/java -jar /lab/itti/projects/checkers-competition/server/referee.jar on run_14_kgunda_vdhankar #####
Move is valid
##### SUCCESS: /usr/lib/jvm/jdk-14.0.1/bin/java -jar /lab/itti/projects/checkers-competition/server/referee.jar on run_14_kgunda_vdhankar #####
INPUT for kgunda:
GAME
WHITE
291.37
.W...b..
....B...
........
....b...
...B...w
........
.......B
........
##### Running: /usr/bin/time -o time_14_kgunda_vdhankar.txt -f "%U" /usr/lib/jvm/jdk-14.0.1/bin/java homework > stulog.txt 2>&1 on kgunda #####
##### SUCCESS: /usr/bin/time -o time_14_kgunda_vdhankar.txt -f "%U" /usr/lib/jvm/jdk-14.0.1/bin/java homework > stulog.txt 2>&1 on kgunda #####
##### kgunda plays [E b8 c7] in 0.24s #####
##### Running: /usr/lib/jvm/jdk-14.0.1/bin/java -jar /lab/itti/projects/checkers-competition/server/referee.jar on run_14_kgunda_vdhankar #####
Move is valid
##### SUCCESS: /usr/lib/jvm/jdk-14.0.1/bin/java -jar /lab/itti/projects/checkers-competition/server/referee.jar on run_14_kgunda_vdhankar #####
INPUT for vdhankar:
GAME
BLACK
18.795711517334
.....b..
..W.B...
........
....b...
...B...w
........
.......B
........
##### Running: /usr/bin/time -o time_14_kgunda_vdhankar.txt -f "%U" python3 homework.py > stulog.txt 2>&1 on vdhankar #####
child exited with value 1
##### ERROR: /usr/bin/time -o time_14_kgunda_vdhankar.txt -f "%U" python3 homework.py > stulog.txt 2>&1 on vdhankar #####
##### Output of failed program (stdout + stderr): #####
Traceback (most recent call last):
  File "homework.py", line 546, in <module>
    print(end-start)
NameError: name 'end' is not defined
##### End of output of failed program #####
##### vdhankar plays [E h2 g1] in 0.495830059051514s #####
##### Running: /usr/lib/jvm/jdk-14.0.1/bin/java -jar /lab/itti/projects/checkers-competition/server/referee.jar on run_14_kgunda_vdhankar #####
Move is valid
##### SUCCESS: /usr/lib/jvm/jdk-14.0.1/bin/java -jar /lab/itti/projects/checkers-competition/server/referee.jar on run_14_kgunda_vdhankar #####
INPUT for kgunda:
GAME
WHITE
291.13
.....b..
..W.B...
........
....b...
...B...w
........
........
......B.
##### Running: /usr/bin/time -o time_14_kgunda_vdhankar.txt -f "%U" /usr/lib/jvm/jdk-14.0.1/bin/java homework > stulog.txt 2>&1 on kgunda #####
##### SUCCESS: /usr/bin/time -o time_14_kgunda_vdhankar.txt -f "%U" /usr/lib/jvm/jdk-14.0.1/bin/java homework > stulog.txt 2>&1 on kgunda #####
##### kgunda plays [E c7 b8] in 0.2s #####
##### Running: /usr/lib/jvm/jdk-14.0.1/bin/java -jar /lab/itti/projects/checkers-competition/server/referee.jar on run_14_kgunda_vdhankar #####
Move is valid
##### SUCCESS: /usr/lib/jvm/jdk-14.0.1/bin/java -jar /lab/itti/projects/checkers-competition/server/referee.jar on run_14_kgunda_vdhankar #####
INPUT for vdhankar:
GAME
BLACK
18.2998814582825
.W...b..
....B...
........
....b...
...B...w
........
........
......B.
##### Running: /usr/bin/time -o time_14_kgunda_vdhankar.txt -f "%U" python3 homework.py > stulog.txt 2>&1 on vdhankar #####
child exited with value 1
##### ERROR: /usr/bin/time -o time_14_kgunda_vdhankar.txt -f "%U" python3 homework.py > stulog.txt 2>&1 on vdhankar #####
##### Output of failed program (stdout + stderr): #####
Traceback (most recent call last):
  File "homework.py", line 546, in <module>
    print(end-start)
NameError: name 'end' is not defined
##### End of output of failed program #####
##### vdhankar plays [E g1 h2] in 0.384471893310547s #####
##### Running: /usr/lib/jvm/jdk-14.0.1/bin/java -jar /lab/itti/projects/checkers-competition/server/referee.jar on run_14_kgunda_vdhankar #####
Move is valid
##### SUCCESS: /usr/lib/jvm/jdk-14.0.1/bin/java -jar /lab/itti/projects/checkers-competition/server/referee.jar on run_14_kgunda_vdhankar #####
INPUT for kgunda:
GAME
WHITE
290.93
.W...b..
....B...
........
....b...
...B...w
........
.......B
........
##### Running: /usr/bin/time -o time_14_kgunda_vdhankar.txt -f "%U" /usr/lib/jvm/jdk-14.0.1/bin/java homework > stulog.txt 2>&1 on kgunda #####
##### SUCCESS: /usr/bin/time -o time_14_kgunda_vdhankar.txt -f "%U" /usr/lib/jvm/jdk-14.0.1/bin/java homework > stulog.txt 2>&1 on kgunda #####
##### kgunda plays [E b8 a7] in 0.26s #####
##### Running: /usr/lib/jvm/jdk-14.0.1/bin/java -jar /lab/itti/projects/checkers-competition/server/referee.jar on run_14_kgunda_vdhankar #####
Move is valid
##### SUCCESS: /usr/lib/jvm/jdk-14.0.1/bin/java -jar /lab/itti/projects/checkers-competition/server/referee.jar on run_14_kgunda_vdhankar #####
INPUT for vdhankar:
GAME
BLACK
17.9154095649719
.....b..
W...B...
........
....b...
...B...w
........
.......B
........
##### Running: /usr/bin/time -o time_14_kgunda_vdhankar.txt -f "%U" python3 homework.py > stulog.txt 2>&1 on vdhankar #####
child exited with value 1
##### ERROR: /usr/bin/time -o time_14_kgunda_vdhankar.txt -f "%U" python3 homework.py > stulog.txt 2>&1 on vdhankar #####
##### Output of failed program (stdout + stderr): #####
Traceback (most recent call last):
  File "homework.py", line 546, in <module>
    print(end-start)
NameError: name 'end' is not defined
##### End of output of failed program #####
##### vdhankar plays [E h2 g3] in 0.502120971679688s #####
##### Running: /usr/lib/jvm/jdk-14.0.1/bin/java -jar /lab/itti/projects/checkers-competition/server/referee.jar on run_14_kgunda_vdhankar #####
Move is valid
##### SUCCESS: /usr/lib/jvm/jdk-14.0.1/bin/java -jar /lab/itti/projects/checkers-competition/server/referee.jar on run_14_kgunda_vdhankar #####
INPUT for kgunda:
GAME
WHITE
290.67
.....b..
W...B...
........
....b...
...B...w
......B.
........
........
##### Running: /usr/bin/time -o time_14_kgunda_vdhankar.txt -f "%U" /usr/lib/jvm/jdk-14.0.1/bin/java homework > stulog.txt 2>&1 on kgunda #####
##### SUCCESS: /usr/bin/time -o time_14_kgunda_vdhankar.txt -f "%U" /usr/lib/jvm/jdk-14.0.1/bin/java homework > stulog.txt 2>&1 on kgunda #####
##### kgunda plays [E a7 b8] in 0.21s #####
##### Running: /usr/lib/jvm/jdk-14.0.1/bin/java -jar /lab/itti/projects/checkers-competition/server/referee.jar on run_14_kgunda_vdhankar #####
Move is valid
##### SUCCESS: /usr/lib/jvm/jdk-14.0.1/bin/java -jar /lab/itti/projects/checkers-competition/server/referee.jar on run_14_kgunda_vdhankar #####
INPUT for vdhankar:
GAME
BLACK
17.4132885932922
.W...b..
....B...
........
....b...
...B...w
......B.
........
........
##### Running: /usr/bin/time -o time_14_kgunda_vdhankar.txt -f "%U" python3 homework.py > stulog.txt 2>&1 on vdhankar #####
child exited with value 1
##### ERROR: /usr/bin/time -o time_14_kgunda_vdhankar.txt -f "%U" python3 homework.py > stulog.txt 2>&1 on vdhankar #####
##### Output of failed program (stdout + stderr): #####
Traceback (most recent call last):
  File "homework.py", line 546, in <module>
    print(end-start)
NameError: name 'end' is not defined
##### End of output of failed program #####
##### vdhankar plays [E g3 f4] in 0.448012113571167s #####
##### Running: /usr/lib/jvm/jdk-14.0.1/bin/java -jar /lab/itti/projects/checkers-competition/server/referee.jar on run_14_kgunda_vdhankar #####
Move is valid
##### SUCCESS: /usr/lib/jvm/jdk-14.0.1/bin/java -jar /lab/itti/projects/checkers-competition/server/referee.jar on run_14_kgunda_vdhankar #####
INPUT for kgunda:
GAME
WHITE
290.46
.W...b..
....B...
........
....b...
...B.B.w
........
........
........
##### Running: /usr/bin/time -o time_14_kgunda_vdhankar.txt -f "%U" /usr/lib/jvm/jdk-14.0.1/bin/java homework > stulog.txt 2>&1 on kgunda #####
##### SUCCESS: /usr/bin/time -o time_14_kgunda_vdhankar.txt -f "%U" /usr/lib/jvm/jdk-14.0.1/bin/java homework > stulog.txt 2>&1 on kgunda #####
##### kgunda plays [E b8 a7] in 0.19s #####
##### Running: /usr/lib/jvm/jdk-14.0.1/bin/java -jar /lab/itti/projects/checkers-competition/server/referee.jar on run_14_kgunda_vdhankar #####
Move is valid
##### SUCCESS: /usr/lib/jvm/jdk-14.0.1/bin/java -jar /lab/itti/projects/checkers-competition/server/referee.jar on run_14_kgunda_vdhankar #####
INPUT for vdhankar:
GAME
BLACK
16.9652764797211
.....b..
W...B...
........
....b...
...B.B.w
........
........
........
##### Running: /usr/bin/time -o time_14_kgunda_vdhankar.txt -f "%U" python3 homework.py > stulog.txt 2>&1 on vdhankar #####
child exited with value 1
##### ERROR: /usr/bin/time -o time_14_kgunda_vdhankar.txt -f "%U" python3 homework.py > stulog.txt 2>&1 on vdhankar #####
##### Output of failed program (stdout + stderr): #####
Traceback (most recent call last):
  File "homework.py", line 546, in <module>
    print(end-start)
NameError: name 'end' is not defined
##### End of output of failed program #####
##### vdhankar plays [E f4 e3] in 0.486211061477661s #####
##### Running: /usr/lib/jvm/jdk-14.0.1/bin/java -jar /lab/itti/projects/checkers-competition/server/referee.jar on run_14_kgunda_vdhankar #####
Move is valid
##### SUCCESS: /usr/lib/jvm/jdk-14.0.1/bin/java -jar /lab/itti/projects/checkers-competition/server/referee.jar on run_14_kgunda_vdhankar #####
INPUT for kgunda:
GAME
WHITE
290.27
.....b..
W...B...
........
....b...
...B...w
....B...
........
........
##### Running: /usr/bin/time -o time_14_kgunda_vdhankar.txt -f "%U" /usr/lib/jvm/jdk-14.0.1/bin/java homework > stulog.txt 2>&1 on kgunda #####
##### SUCCESS: /usr/bin/time -o time_14_kgunda_vdhankar.txt -f "%U" /usr/lib/jvm/jdk-14.0.1/bin/java homework > stulog.txt 2>&1 on kgunda #####
##### kgunda plays [E a7 b8] in 0.2s #####
##### Running: /usr/lib/jvm/jdk-14.0.1/bin/java -jar /lab/itti/projects/checkers-competition/server/referee.jar on run_14_kgunda_vdhankar #####
Move is valid
##### SUCCESS: /usr/lib/jvm/jdk-14.0.1/bin/java -jar /lab/itti/projects/checkers-competition/server/referee.jar on run_14_kgunda_vdhankar #####
INPUT for vdhankar:
GAME
BLACK
16.4790654182434
.W...b..
....B...
........
....b...
...B...w
....B...
........
........
##### Running: /usr/bin/time -o time_14_kgunda_vdhankar.txt -f "%U" python3 homework.py > stulog.txt 2>&1 on vdhankar #####
child exited with value 1
##### ERROR: /usr/bin/time -o time_14_kgunda_vdhankar.txt -f "%U" python3 homework.py > stulog.txt 2>&1 on vdhankar #####
##### Output of failed program (stdout + stderr): #####
Traceback (most recent call last):
  File "homework.py", line 546, in <module>
    print(end-start)
NameError: name 'end' is not defined
##### End of output of failed program #####
##### vdhankar plays [E e3 f4] in 0.444130897521973s #####
##### Running: /usr/lib/jvm/jdk-14.0.1/bin/java -jar /lab/itti/projects/checkers-competition/server/referee.jar on run_14_kgunda_vdhankar #####
Move is valid
##### SUCCESS: /usr/lib/jvm/jdk-14.0.1/bin/java -jar /lab/itti/projects/checkers-competition/server/referee.jar on run_14_kgunda_vdhankar #####
INPUT for kgunda:
GAME
WHITE
290.07
.W...b..
....B...
........
....b...
...B.B.w
........
........
........
##### Running: /usr/bin/time -o time_14_kgunda_vdhankar.txt -f "%U" /usr/lib/jvm/jdk-14.0.1/bin/java homework > stulog.txt 2>&1 on kgunda #####
##### SUCCESS: /usr/bin/time -o time_14_kgunda_vdhankar.txt -f "%U" /usr/lib/jvm/jdk-14.0.1/bin/java homework > stulog.txt 2>&1 on kgunda #####
##### kgunda plays [E h4 g5] in 0.18s #####
##### Running: /usr/lib/jvm/jdk-14.0.1/bin/java -jar /lab/itti/projects/checkers-competition/server/referee.jar on run_14_kgunda_vdhankar #####
Move is valid
##### SUCCESS: /usr/lib/jvm/jdk-14.0.1/bin/java -jar /lab/itti/projects/checkers-competition/server/referee.jar on run_14_kgunda_vdhankar #####
INPUT for vdhankar:
GAME
BLACK
16.0349345207214
.W...b..
....B...
........
....b.w.
...B.B..
........
........
........
##### Running: /usr/bin/time -o time_14_kgunda_vdhankar.txt -f "%U" python3 homework.py > stulog.txt 2>&1 on vdhankar #####
child exited with value 1
##### ERROR: /usr/bin/time -o time_14_kgunda_vdhankar.txt -f "%U" python3 homework.py > stulog.txt 2>&1 on vdhankar #####
##### Output of failed program (stdout + stderr): #####
Traceback (most recent call last):
  File "homework.py", line 546, in <module>
    print(end-start)
NameError: name 'end' is not defined
##### End of output of failed program #####
##### vdhankar plays [J f4 h6] in 0.343680858612061s #####
##### Running: /usr/lib/jvm/jdk-14.0.1/bin/java -jar /lab/itti/projects/checkers-competition/server/referee.jar on run_14_kgunda_vdhankar #####
Move is valid
##### SUCCESS: /usr/lib/jvm/jdk-14.0.1/bin/java -jar /lab/itti/projects/checkers-competition/server/referee.jar on run_14_kgunda_vdhankar #####
INPUT for kgunda:
GAME
WHITE
289.89
.W...b..
....B...
.......B
....b...
...B....
........
........
........
##### Running: /usr/bin/time -o time_14_kgunda_vdhankar.txt -f "%U" /usr/lib/jvm/jdk-14.0.1/bin/java homework > stulog.txt 2>&1 on kgunda #####
##### SUCCESS: /usr/bin/time -o time_14_kgunda_vdhankar.txt -f "%U" /usr/lib/jvm/jdk-14.0.1/bin/java homework > stulog.txt 2>&1 on kgunda #####
##### kgunda plays [E b8 a7] in 0.19s #####
##### Running: /usr/lib/jvm/jdk-14.0.1/bin/java -jar /lab/itti/projects/checkers-competition/server/referee.jar on run_14_kgunda_vdhankar #####
Move is valid
##### SUCCESS: /usr/lib/jvm/jdk-14.0.1/bin/java -jar /lab/itti/projects/checkers-competition/server/referee.jar on run_14_kgunda_vdhankar #####
INPUT for vdhankar:
GAME
BLACK
15.6912536621094
.....b..
W...B...
.......B
....b...
...B....
........
........
........
##### Running: /usr/bin/time -o time_14_kgunda_vdhankar.txt -f "%U" python3 homework.py > stulog.txt 2>&1 on vdhankar #####
child exited with value 1
##### ERROR: /usr/bin/time -o time_14_kgunda_vdhankar.txt -f "%U" python3 homework.py > stulog.txt 2>&1 on vdhankar #####
##### Output of failed program (stdout + stderr): #####
Traceback (most recent call last):
  File "homework.py", line 546, in <module>
    print(end-start)
NameError: name 'end' is not defined
##### End of output of failed program #####
##### vdhankar plays [E h6 g5] in 0.479732990264893s #####
##### Running: /usr/lib/jvm/jdk-14.0.1/bin/java -jar /lab/itti/projects/checkers-competition/server/referee.jar on run_14_kgunda_vdhankar #####
Move is valid
##### SUCCESS: /usr/lib/jvm/jdk-14.0.1/bin/java -jar /lab/itti/projects/checkers-competition/server/referee.jar on run_14_kgunda_vdhankar #####
INPUT for kgunda:
GAME
WHITE
289.7
.....b..
W...B...
........
....b.B.
...B....
........
........
........
##### Running: /usr/bin/time -o time_14_kgunda_vdhankar.txt -f "%U" /usr/lib/jvm/jdk-14.0.1/bin/java homework > stulog.txt 2>&1 on kgunda #####
##### SUCCESS: /usr/bin/time -o time_14_kgunda_vdhankar.txt -f "%U" /usr/lib/jvm/jdk-14.0.1/bin/java homework > stulog.txt 2>&1 on kgunda #####
##### kgunda plays [E a7 b8] in 0.17s #####
##### Running: /usr/lib/jvm/jdk-14.0.1/bin/java -jar /lab/itti/projects/checkers-competition/server/referee.jar on run_14_kgunda_vdhankar #####
Move is valid
##### SUCCESS: /usr/lib/jvm/jdk-14.0.1/bin/java -jar /lab/itti/projects/checkers-competition/server/referee.jar on run_14_kgunda_vdhankar #####
INPUT for vdhankar:
GAME
BLACK
15.2115206718445
.W...b..
....B...
........
....b.B.
...B....
........
........
........
##### Running: /usr/bin/time -o time_14_kgunda_vdhankar.txt -f "%U" python3 homework.py > stulog.txt 2>&1 on vdhankar #####
child exited with value 1
##### ERROR: /usr/bin/time -o time_14_kgunda_vdhankar.txt -f "%U" python3 homework.py > stulog.txt 2>&1 on vdhankar #####
##### Output of failed program (stdout + stderr): #####
Traceback (most recent call last):
  File "homework.py", line 546, in <module>
    print(end-start)
NameError: name 'end' is not defined
##### End of output of failed program #####
##### vdhankar plays [E g5 f4] in 0.572438955307007s #####
##### Running: /usr/lib/jvm/jdk-14.0.1/bin/java -jar /lab/itti/projects/checkers-competition/server/referee.jar on run_14_kgunda_vdhankar #####
Move is valid
##### SUCCESS: /usr/lib/jvm/jdk-14.0.1/bin/java -jar /lab/itti/projects/checkers-competition/server/referee.jar on run_14_kgunda_vdhankar #####
INPUT for kgunda:
GAME
WHITE
289.53
.W...b..
....B...
........
....b...
...B.B..
........
........
........
##### Running: /usr/bin/time -o time_14_kgunda_vdhankar.txt -f "%U" /usr/lib/jvm/jdk-14.0.1/bin/java homework > stulog.txt 2>&1 on kgunda #####
##### SUCCESS: /usr/bin/time -o time_14_kgunda_vdhankar.txt -f "%U" /usr/lib/jvm/jdk-14.0.1/bin/java homework > stulog.txt 2>&1 on kgunda #####
##### kgunda plays [E b8 c7] in 0.18s #####
##### Running: /usr/lib/jvm/jdk-14.0.1/bin/java -jar /lab/itti/projects/checkers-competition/server/referee.jar on run_14_kgunda_vdhankar #####
Move is valid
##### SUCCESS: /usr/lib/jvm/jdk-14.0.1/bin/java -jar /lab/itti/projects/checkers-competition/server/referee.jar on run_14_kgunda_vdhankar #####
INPUT for vdhankar:
GAME
BLACK
14.6390817165375
.....b..
..W.B...
........
....b...
...B.B..
........
........
........
##### Running: /usr/bin/time -o time_14_kgunda_vdhankar.txt -f "%U" python3 homework.py > stulog.txt 2>&1 on vdhankar #####
child exited with value 1
##### ERROR: /usr/bin/time -o time_14_kgunda_vdhankar.txt -f "%U" python3 homework.py > stulog.txt 2>&1 on vdhankar #####
##### Output of failed program (stdout + stderr): #####
Traceback (most recent call last):
  File "homework.py", line 546, in <module>
    print(end-start)
NameError: name 'end' is not defined
##### End of output of failed program #####
##### vdhankar plays [E f4 g5] in 0.581719875335693s #####
##### Running: /usr/lib/jvm/jdk-14.0.1/bin/java -jar /lab/itti/projects/checkers-competition/server/referee.jar on run_14_kgunda_vdhankar #####
Move is valid
##### SUCCESS: /usr/lib/jvm/jdk-14.0.1/bin/java -jar /lab/itti/projects/checkers-competition/server/referee.jar on run_14_kgunda_vdhankar #####
INPUT for kgunda:
GAME
WHITE
289.35
.....b..
..W.B...
........
....b.B.
...B....
........
........
........
##### Running: /usr/bin/time -o time_14_kgunda_vdhankar.txt -f "%U" /usr/lib/jvm/jdk-14.0.1/bin/java homework > stulog.txt 2>&1 on kgunda #####
##### SUCCESS: /usr/bin/time -o time_14_kgunda_vdhankar.txt -f "%U" /usr/lib/jvm/jdk-14.0.1/bin/java homework > stulog.txt 2>&1 on kgunda #####
##### kgunda plays [E c7 b8] in 0.14s #####
##### Running: /usr/lib/jvm/jdk-14.0.1/bin/java -jar /lab/itti/projects/checkers-competition/server/referee.jar on run_14_kgunda_vdhankar #####
Move is valid
##### SUCCESS: /usr/lib/jvm/jdk-14.0.1/bin/java -jar /lab/itti/projects/checkers-competition/server/referee.jar on run_14_kgunda_vdhankar #####
INPUT for vdhankar:
GAME
BLACK
14.0573618412018
.W...b..
....B...
........
....b.B.
...B....
........
........
........
##### Running: /usr/bin/time -o time_14_kgunda_vdhankar.txt -f "%U" python3 homework.py > stulog.txt 2>&1 on vdhankar #####
child exited with value 1
##### ERROR: /usr/bin/time -o time_14_kgunda_vdhankar.txt -f "%U" python3 homework.py > stulog.txt 2>&1 on vdhankar #####
##### Output of failed program (stdout + stderr): #####
Traceback (most recent call last):
  File "homework.py", line 546, in <module>
    print(end-start)
NameError: name 'end' is not defined
##### End of output of failed program #####
##### vdhankar plays [E g5 f4] in 0.530078887939453s #####
##### Running: /usr/lib/jvm/jdk-14.0.1/bin/java -jar /lab/itti/projects/checkers-competition/server/referee.jar on run_14_kgunda_vdhankar #####
Move is valid
##### SUCCESS: /usr/lib/jvm/jdk-14.0.1/bin/java -jar /lab/itti/projects/checkers-competition/server/referee.jar on run_14_kgunda_vdhankar #####
INPUT for kgunda:
GAME
WHITE
289.21
.W...b..
....B...
........
....b...
...B.B..
........
........
........
##### Running: /usr/bin/time -o time_14_kgunda_vdhankar.txt -f "%U" /usr/lib/jvm/jdk-14.0.1/bin/java homework > stulog.txt 2>&1 on kgunda #####
##### SUCCESS: /usr/bin/time -o time_14_kgunda_vdhankar.txt -f "%U" /usr/lib/jvm/jdk-14.0.1/bin/java homework > stulog.txt 2>&1 on kgunda #####
##### kgunda plays [E b8 c7] in 0.18s #####
##### Running: /usr/lib/jvm/jdk-14.0.1/bin/java -jar /lab/itti/projects/checkers-competition/server/referee.jar on run_14_kgunda_vdhankar #####
Move is valid
##### SUCCESS: /usr/lib/jvm/jdk-14.0.1/bin/java -jar /lab/itti/projects/checkers-competition/server/referee.jar on run_14_kgunda_vdhankar #####
INPUT for vdhankar:
GAME
BLACK
13.5272829532623
.....b..
..W.B...
........
....b...
...B.B..
........
........
........
##### Running: /usr/bin/time -o time_14_kgunda_vdhankar.txt -f "%U" python3 homework.py > stulog.txt 2>&1 on vdhankar #####
child exited with value 1
##### ERROR: /usr/bin/time -o time_14_kgunda_vdhankar.txt -f "%U" python3 homework.py > stulog.txt 2>&1 on vdhankar #####
##### Output of failed program (stdout + stderr): #####
Traceback (most recent call last):
  File "homework.py", line 546, in <module>
    print(end-start)
NameError: name 'end' is not defined
##### End of output of failed program #####
##### vdhankar plays [E f4 g5] in 0.474449157714844s #####
##### Running: /usr/lib/jvm/jdk-14.0.1/bin/java -jar /lab/itti/projects/checkers-competition/server/referee.jar on run_14_kgunda_vdhankar #####
Move is valid
##### SUCCESS: /usr/lib/jvm/jdk-14.0.1/bin/java -jar /lab/itti/projects/checkers-competition/server/referee.jar on run_14_kgunda_vdhankar #####
INPUT for kgunda:
GAME
WHITE
289.03
.....b..
..W.B...
........
....b.B.
...B....
........
........
........
##### Running: /usr/bin/time -o time_14_kgunda_vdhankar.txt -f "%U" /usr/lib/jvm/jdk-14.0.1/bin/java homework > stulog.txt 2>&1 on kgunda #####
##### SUCCESS: /usr/bin/time -o time_14_kgunda_vdhankar.txt -f "%U" /usr/lib/jvm/jdk-14.0.1/bin/java homework > stulog.txt 2>&1 on kgunda #####
##### kgunda plays [E c7 b8] in 0.19s #####
##### Running: /usr/lib/jvm/jdk-14.0.1/bin/java -jar /lab/itti/projects/checkers-competition/server/referee.jar on run_14_kgunda_vdhankar #####
Move is valid
##### SUCCESS: /usr/lib/jvm/jdk-14.0.1/bin/java -jar /lab/itti/projects/checkers-competition/server/referee.jar on run_14_kgunda_vdhankar #####
INPUT for vdhankar:
GAME
BLACK
13.0528337955475
.W...b..
....B...
........
....b.B.
...B....
........
........
........
##### Running: /usr/bin/time -o time_14_kgunda_vdhankar.txt -f "%U" python3 homework.py > stulog.txt 2>&1 on vdhankar #####
child exited with value 1
##### ERROR: /usr/bin/time -o time_14_kgunda_vdhankar.txt -f "%U" python3 homework.py > stulog.txt 2>&1 on vdhankar #####
##### Output of failed program (stdout + stderr): #####
Traceback (most recent call last):
  File "homework.py", line 546, in <module>
    print(end-start)
NameError: name 'end' is not defined
##### End of output of failed program #####
##### vdhankar plays [E g5 f4] in 0.444021940231323s #####
##### Running: /usr/lib/jvm/jdk-14.0.1/bin/java -jar /lab/itti/projects/checkers-competition/server/referee.jar on run_14_kgunda_vdhankar #####
Move is valid
Seen this position 3 times
*** Game ends in draw ***
##### SUCCESS: /usr/lib/jvm/jdk-14.0.1/bin/java -jar /lab/itti/projects/checkers-competition/server/referee.jar on run_14_kgunda_vdhankar #####
##### GAME ENDS IN A DRAW. Time left for kgunda: 288.84s, vdhankar: 12.6088118553162s
Server said: DRAW
##### GAME OVER: the game ends in a draw, kgunda wins by time remaining #####
########## ROUND 14 GAMESCORE AFTER GAME 1: kgunda=1 and vdhankar=0 ##########
#################### ROUND 14: kgunda (B) vs vdhankar (W): game 2 ####################
##### game start! #####
INPUT for kgunda:
GAME
BLACK
300
.b.b.b.b
b.b.b.b.
.b.b.b.b
........
........
w.w.w.w.
.w.w.w.w
w.w.w.w.
##### Running: /usr/bin/time -o time_14_kgunda_vdhankar.txt -f "%U" /usr/lib/jvm/jdk-14.0.1/bin/java homework > stulog.txt 2>&1 on kgunda #####
##### SUCCESS: /usr/bin/time -o time_14_kgunda_vdhankar.txt -f "%U" /usr/lib/jvm/jdk-14.0.1/bin/java homework > stulog.txt 2>&1 on kgunda #####
##### kgunda plays [E h6 g5] in 0.27s #####
##### Running: /usr/lib/jvm/jdk-14.0.1/bin/java -jar /lab/itti/projects/checkers-competition/server/referee.jar on run_14_kgunda_vdhankar #####
Move is valid
Couldn't read file 'current_ply.txt'
Couldn't read content from file 'current_ply.txt'
Couldn't read file 'lastmatchange_ply.txt'
Couldn't read content from file 'lastmatchange_ply.txt'
##### SUCCESS: /usr/lib/jvm/jdk-14.0.1/bin/java -jar /lab/itti/projects/checkers-competition/server/referee.jar on run_14_kgunda_vdhankar #####
INPUT for vdhankar:
GAME
WHITE
300
.b.b.b.b
b.b.b.b.
.b.b.b..
......b.
........
w.w.w.w.
.w.w.w.w
w.w.w.w.
##### Running: /usr/bin/time -o time_14_kgunda_vdhankar.txt -f "%U" python3 homework.py > stulog.txt 2>&1 on vdhankar #####
child exited with value 1
##### ERROR: /usr/bin/time -o time_14_kgunda_vdhankar.txt -f "%U" python3 homework.py > stulog.txt 2>&1 on vdhankar #####
##### Output of failed program (stdout + stderr): #####
Traceback (most recent call last):
  File "homework.py", line 546, in <module>
    print(end-start)
NameError: name 'end' is not defined
##### End of output of failed program #####
##### vdhankar plays [E g3 h4] in 17.0629119873047s #####
##### Running: /usr/lib/jvm/jdk-14.0.1/bin/java -jar /lab/itti/projects/checkers-competition/server/referee.jar on run_14_kgunda_vdhankar #####
Move is valid
##### SUCCESS: /usr/lib/jvm/jdk-14.0.1/bin/java -jar /lab/itti/projects/checkers-competition/server/referee.jar on run_14_kgunda_vdhankar #####
INPUT for kgunda:
GAME
BLACK
299.73
.b.b.b.b
b.b.b.b.
.b.b.b..
......b.
.......w
w.w.w...
.w.w.w.w
w.w.w.w.
##### Running: /usr/bin/time -o time_14_kgunda_vdhankar.txt -f "%U" /usr/lib/jvm/jdk-14.0.1/bin/java homework > stulog.txt 2>&1 on kgunda #####
##### SUCCESS: /usr/bin/time -o time_14_kgunda_vdhankar.txt -f "%U" /usr/lib/jvm/jdk-14.0.1/bin/java homework > stulog.txt 2>&1 on kgunda #####
##### kgunda plays [E b6 a5] in 0.3s #####
##### Running: /usr/lib/jvm/jdk-14.0.1/bin/java -jar /lab/itti/projects/checkers-competition/server/referee.jar on run_14_kgunda_vdhankar #####
Move is valid
##### SUCCESS: /usr/lib/jvm/jdk-14.0.1/bin/java -jar /lab/itti/projects/checkers-competition/server/referee.jar on run_14_kgunda_vdhankar #####
INPUT for vdhankar:
GAME
WHITE
282.937088012695
.b.b.b.b
b.b.b.b.
...b.b..
b.....b.
.......w
w.w.w...
.w.w.w.w
w.w.w.w.
##### Running: /usr/bin/time -o time_14_kgunda_vdhankar.txt -f "%U" python3 homework.py > stulog.txt 2>&1 on vdhankar #####
child exited with value 1
##### ERROR: /usr/bin/time -o time_14_kgunda_vdhankar.txt -f "%U" python3 homework.py > stulog.txt 2>&1 on vdhankar #####
##### Output of failed program (stdout + stderr): #####
Traceback (most recent call last):
  File "homework.py", line 546, in <module>
    print(end-start)
NameError: name 'end' is not defined
##### End of output of failed program #####
##### vdhankar plays [E h2 g3] in 14.3742558956146s #####
##### Running: /usr/lib/jvm/jdk-14.0.1/bin/java -jar /lab/itti/projects/checkers-competition/server/referee.jar on run_14_kgunda_vdhankar #####
Move is valid
##### SUCCESS: /usr/lib/jvm/jdk-14.0.1/bin/java -jar /lab/itti/projects/checkers-competition/server/referee.jar on run_14_kgunda_vdhankar #####
INPUT for kgunda:
GAME
BLACK
299.43
.b.b.b.b
b.b.b.b.
...b.b..
b.....b.
.......w
w.w.w.w.
.w.w.w..
w.w.w.w.
##### Running: /usr/bin/time -o time_14_kgunda_vdhankar.txt -f "%U" /usr/lib/jvm/jdk-14.0.1/bin/java homework > stulog.txt 2>&1 on kgunda #####
##### SUCCESS: /usr/bin/time -o time_14_kgunda_vdhankar.txt -f "%U" /usr/lib/jvm/jdk-14.0.1/bin/java homework > stulog.txt 2>&1 on kgunda #####
##### kgunda plays [E a7 b6] in 0.3s #####
##### Running: /usr/lib/jvm/jdk-14.0.1/bin/java -jar /lab/itti/projects/checkers-competition/server/referee.jar on run_14_kgunda_vdhankar #####
Move is valid
##### SUCCESS: /usr/lib/jvm/jdk-14.0.1/bin/java -jar /lab/itti/projects/checkers-competition/server/referee.jar on run_14_kgunda_vdhankar #####
INPUT for vdhankar:
GAME
WHITE
268.562832117081
.b.b.b.b
..b.b.b.
.b.b.b..
b.....b.
.......w
w.w.w.w.
.w.w.w..
w.w.w.w.
##### Running: /usr/bin/time -o time_14_kgunda_vdhankar.txt -f "%U" python3 homework.py > stulog.txt 2>&1 on vdhankar #####
child exited with value 1
##### ERROR: /usr/bin/time -o time_14_kgunda_vdhankar.txt -f "%U" python3 homework.py > stulog.txt 2>&1 on vdhankar #####
##### Output of failed program (stdout + stderr): #####
Traceback (most recent call last):
  File "homework.py", line 546, in <module>
    print(end-start)
NameError: name 'end' is not defined
##### End of output of failed program #####
##### vdhankar plays [E g3 f4] in 7.9315938949585s #####
##### Running: /usr/lib/jvm/jdk-14.0.1/bin/java -jar /lab/itti/projects/checkers-competition/server/referee.jar on run_14_kgunda_vdhankar #####
Move is valid
##### SUCCESS: /usr/lib/jvm/jdk-14.0.1/bin/java -jar /lab/itti/projects/checkers-competition/server/referee.jar on run_14_kgunda_vdhankar #####
INPUT for kgunda:
GAME
BLACK
299.13
.b.b.b.b
..b.b.b.
.b.b.b..
b.....b.
.....w.w
w.w.w...
.w.w.w..
w.w.w.w.
##### Running: /usr/bin/time -o time_14_kgunda_vdhankar.txt -f "%U" /usr/lib/jvm/jdk-14.0.1/bin/java homework > stulog.txt 2>&1 on kgunda #####
##### SUCCESS: /usr/bin/time -o time_14_kgunda_vdhankar.txt -f "%U" /usr/lib/jvm/jdk-14.0.1/bin/java homework > stulog.txt 2>&1 on kgunda #####
##### kgunda plays [E g7 h6] in 0.18s #####
##### Running: /usr/lib/jvm/jdk-14.0.1/bin/java -jar /lab/itti/projects/checkers-competition/server/referee.jar on run_14_kgunda_vdhankar #####
Move is valid
##### SUCCESS: /usr/lib/jvm/jdk-14.0.1/bin/java -jar /lab/itti/projects/checkers-competition/server/referee.jar on run_14_kgunda_vdhankar #####
INPUT for vdhankar:
GAME
WHITE
260.631238222122
.b.b.b.b
..b.b...
.b.b.b.b
b.....b.
.....w.w
w.w.w...
.w.w.w..
w.w.w.w.
##### Running: /usr/bin/time -o time_14_kgunda_vdhankar.txt -f "%U" python3 homework.py > stulog.txt 2>&1 on vdhankar #####
child exited with value 1
##### ERROR: /usr/bin/time -o time_14_kgunda_vdhankar.txt -f "%U" python3 homework.py > stulog.txt 2>&1 on vdhankar #####
##### Output of failed program (stdout + stderr): #####
Traceback (most recent call last):
  File "homework.py", line 546, in <module>
    print(end-start)
NameError: name 'end' is not defined
##### End of output of failed program #####
##### vdhankar plays [E c3 d4] in 6.24124813079834s #####
##### Running: /usr/lib/jvm/jdk-14.0.1/bin/java -jar /lab/itti/projects/checkers-competition/server/referee.jar on run_14_kgunda_vdhankar #####
Move is valid
##### SUCCESS: /usr/lib/jvm/jdk-14.0.1/bin/java -jar /lab/itti/projects/checkers-competition/server/referee.jar on run_14_kgunda_vdhankar #####
INPUT for kgunda:
GAME
BLACK
298.95
.b.b.b.b
..b.b...
.b.b.b.b
b.....b.
...w.w.w
w...w...
.w.w.w..
w.w.w.w.
##### Running: /usr/bin/time -o time_14_kgunda_vdhankar.txt -f "%U" /usr/lib/jvm/jdk-14.0.1/bin/java homework > stulog.txt 2>&1 on kgunda #####
##### SUCCESS: /usr/bin/time -o time_14_kgunda_vdhankar.txt -f "%U" /usr/lib/jvm/jdk-14.0.1/bin/java homework > stulog.txt 2>&1 on kgunda #####
##### kgunda plays [E d6 c5] in 0.27s #####
##### Running: /usr/lib/jvm/jdk-14.0.1/bin/java -jar /lab/itti/projects/checkers-competition/server/referee.jar on run_14_kgunda_vdhankar #####
Move is valid
##### SUCCESS: /usr/lib/jvm/jdk-14.0.1/bin/java -jar /lab/itti/projects/checkers-competition/server/referee.jar on run_14_kgunda_vdhankar #####
INPUT for vdhankar:
GAME
WHITE
254.389990091324
.b.b.b.b
..b.b...
.b...b.b
b.b...b.
...w.w.w
w...w...
.w.w.w..
w.w.w.w.
##### Running: /usr/bin/time -o time_14_kgunda_vdhankar.txt -f "%U" python3 homework.py > stulog.txt 2>&1 on vdhankar #####
child exited with value 1
##### ERROR: /usr/bin/time -o time_14_kgunda_vdhankar.txt -f "%U" python3 homework.py > stulog.txt 2>&1 on vdhankar #####
##### Output of failed program (stdout + stderr): #####
Traceback (most recent call last):
  File "homework.py", line 546, in <module>
    print(end-start)
NameError: name 'end' is not defined
##### End of output of failed program #####
##### vdhankar plays [E d4 e5] in 5.92706203460693s #####
##### Running: /usr/lib/jvm/jdk-14.0.1/bin/java -jar /lab/itti/projects/checkers-competition/server/referee.jar on run_14_kgunda_vdhankar #####
Move is valid
##### SUCCESS: /usr/lib/jvm/jdk-14.0.1/bin/java -jar /lab/itti/projects/checkers-competition/server/referee.jar on run_14_kgunda_vdhankar #####
INPUT for kgunda:
GAME
BLACK
298.68
.b.b.b.b
..b.b...
.b...b.b
b.b.w.b.
.....w.w
w...w...
.w.w.w..
w.w.w.w.
##### Running: /usr/bin/time -o time_14_kgunda_vdhankar.txt -f "%U" /usr/lib/jvm/jdk-14.0.1/bin/java homework > stulog.txt 2>&1 on kgunda #####
##### SUCCESS: /usr/bin/time -o time_14_kgunda_vdhankar.txt -f "%U" /usr/lib/jvm/jdk-14.0.1/bin/java homework > stulog.txt 2>&1 on kgunda #####
##### kgunda plays [J f6 d4] in 0.12s #####
##### Running: /usr/lib/jvm/jdk-14.0.1/bin/java -jar /lab/itti/projects/checkers-competition/server/referee.jar on run_14_kgunda_vdhankar #####
Move is valid
##### SUCCESS: /usr/lib/jvm/jdk-14.0.1/bin/java -jar /lab/itti/projects/checkers-competition/server/referee.jar on run_14_kgunda_vdhankar #####
INPUT for vdhankar:
GAME
WHITE
248.462928056717
.b.b.b.b
..b.b...
.b.....b
b.b...b.
...b.w.w
w...w...
.w.w.w..
w.w.w.w.
##### Running: /usr/bin/time -o time_14_kgunda_vdhankar.txt -f "%U" python3 homework.py > stulog.txt 2>&1 on vdhankar #####
child exited with value 1
##### ERROR: /usr/bin/time -o time_14_kgunda_vdhankar.txt -f "%U" python3 homework.py > stulog.txt 2>&1 on vdhankar #####
##### Output of failed program (stdout + stderr): #####
Traceback (most recent call last):
  File "homework.py", line 546, in <module>
    print(end-start)
NameError: name 'end' is not defined
##### End of output of failed program #####
##### vdhankar plays [J h4 f6] in 1.27274084091187s #####
##### Running: /usr/lib/jvm/jdk-14.0.1/bin/java -jar /lab/itti/projects/checkers-competition/server/referee.jar on run_14_kgunda_vdhankar #####
Move is valid
##### SUCCESS: /usr/lib/jvm/jdk-14.0.1/bin/java -jar /lab/itti/projects/checkers-competition/server/referee.jar on run_14_kgunda_vdhankar #####
INPUT for kgunda:
GAME
BLACK
298.56
.b.b.b.b
..b.b...
.b...w.b
b.b.....
...b.w..
w...w...
.w.w.w..
w.w.w.w.
##### Running: /usr/bin/time -o time_14_kgunda_vdhankar.txt -f "%U" /usr/lib/jvm/jdk-14.0.1/bin/java homework > stulog.txt 2>&1 on kgunda #####
##### SUCCESS: /usr/bin/time -o time_14_kgunda_vdhankar.txt -f "%U" /usr/lib/jvm/jdk-14.0.1/bin/java homework > stulog.txt 2>&1 on kgunda #####
##### kgunda plays [J e7 g5] in 0.18s #####
##### Running: /usr/lib/jvm/jdk-14.0.1/bin/java -jar /lab/itti/projects/checkers-competition/server/referee.jar on run_14_kgunda_vdhankar #####
Move is valid
##### SUCCESS: /usr/lib/jvm/jdk-14.0.1/bin/java -jar /lab/itti/projects/checkers-competition/server/referee.jar on run_14_kgunda_vdhankar #####
INPUT for vdhankar:
GAME
WHITE
247.190187215805
.b.b.b.b
..b.....
.b.....b
b.b...b.
...b.w..
w...w...
.w.w.w..
w.w.w.w.
##### Running: /usr/bin/time -o time_14_kgunda_vdhankar.txt -f "%U" python3 homework.py > stulog.txt 2>&1 on vdhankar #####
child exited with value 1
##### ERROR: /usr/bin/time -o time_14_kgunda_vdhankar.txt -f "%U" python3 homework.py > stulog.txt 2>&1 on vdhankar #####
##### Output of failed program (stdout + stderr): #####
Traceback (most recent call last):
  File "homework.py", line 546, in <module>
    print(end-start)
NameError: name 'end' is not defined
##### End of output of failed program #####
##### vdhankar plays [E d2 c3] in 4.36349487304688s #####
##### Running: /usr/lib/jvm/jdk-14.0.1/bin/java -jar /lab/itti/projects/checkers-competition/server/referee.jar on run_14_kgunda_vdhankar #####
Move is valid
##### SUCCESS: /usr/lib/jvm/jdk-14.0.1/bin/java -jar /lab/itti/projects/checkers-competition/server/referee.jar on run_14_kgunda_vdhankar #####
INPUT for kgunda:
GAME
BLACK
298.38
.b.b.b.b
..b.....
.b.....b
b.b...b.
...b.w..
w.w.w...
.w...w..
w.w.w.w.
##### Running: /usr/bin/time -o time_14_kgunda_vdhankar.txt -f "%U" /usr/lib/jvm/jdk-14.0.1/bin/java homework > stulog.txt 2>&1 on kgunda #####
##### SUCCESS: /usr/bin/time -o time_14_kgunda_vdhankar.txt -f "%U" /usr/lib/jvm/jdk-14.0.1/bin/java homework > stulog.txt 2>&1 on kgunda #####
##### kgunda plays [E b8 a7] in 0.23s #####
##### Running: /usr/lib/jvm/jdk-14.0.1/bin/java -jar /lab/itti/projects/checkers-competition/server/referee.jar on run_14_kgunda_vdhankar #####
Move is valid
##### SUCCESS: /usr/lib/jvm/jdk-14.0.1/bin/java -jar /lab/itti/projects/checkers-competition/server/referee.jar on run_14_kgunda_vdhankar #####
INPUT for vdhankar:
GAME
WHITE
242.826692342758
...b.b.b
b.b.....
.b.....b
b.b...b.
...b.w..
w.w.w...
.w...w..
w.w.w.w.
##### Running: /usr/bin/time -o time_14_kgunda_vdhankar.txt -f "%U" python3 homework.py > stulog.txt 2>&1 on vdhankar #####
child exited with value 1
##### ERROR: /usr/bin/time -o time_14_kgunda_vdhankar.txt -f "%U" python3 homework.py > stulog.txt 2>&1 on vdhankar #####
##### Output of failed program (stdout + stderr): #####
Traceback (most recent call last):
  File "homework.py", line 546, in <module>
    print(end-start)
NameError: name 'end' is not defined
##### End of output of failed program #####
##### vdhankar plays [J c3 e5] in 4.12898802757263s #####
##### Running: /usr/lib/jvm/jdk-14.0.1/bin/java -jar /lab/itti/projects/checkers-competition/server/referee.jar on run_14_kgunda_vdhankar #####
Move is valid
##### SUCCESS: /usr/lib/jvm/jdk-14.0.1/bin/java -jar /lab/itti/projects/checkers-competition/server/referee.jar on run_14_kgunda_vdhankar #####
INPUT for kgunda:
GAME
BLACK
298.15
...b.b.b
b.b.....
.b.....b
b.b.w.b.
.....w..
w...w...
.w...w..
w.w.w.w.
##### Running: /usr/bin/time -o time_14_kgunda_vdhankar.txt -f "%U" /usr/lib/jvm/jdk-14.0.1/bin/java homework > stulog.txt 2>&1 on kgunda #####
##### SUCCESS: /usr/bin/time -o time_14_kgunda_vdhankar.txt -f "%U" /usr/lib/jvm/jdk-14.0.1/bin/java homework > stulog.txt 2>&1 on kgunda #####
##### kgunda plays [E f8 g7] in 0.34s #####
##### Running: /usr/lib/jvm/jdk-14.0.1/bin/java -jar /lab/itti/projects/checkers-competition/server/referee.jar on run_14_kgunda_vdhankar #####
Move is valid
##### SUCCESS: /usr/lib/jvm/jdk-14.0.1/bin/java -jar /lab/itti/projects/checkers-competition/server/referee.jar on run_14_kgunda_vdhankar #####
INPUT for vdhankar:
GAME
WHITE
238.697704315186
...b...b
b.b...b.
.b.....b
b.b.w.b.
.....w..
w...w...
.w...w..
w.w.w.w.
##### Running: /usr/bin/time -o time_14_kgunda_vdhankar.txt -f "%U" python3 homework.py > stulog.txt 2>&1 on vdhankar #####
child exited with value 1
##### ERROR: /usr/bin/time -o time_14_kgunda_vdhankar.txt -f "%U" python3 homework.py > stulog.txt 2>&1 on vdhankar #####
##### Output of failed program (stdout + stderr): #####
Traceback (most recent call last):
  File "homework.py", line 546, in <module>
    print(end-start)
NameError: name 'end' is not defined
##### End of output of failed program #####
##### vdhankar plays [E e1 d2] in 4.74093317985535s #####
##### Running: /usr/lib/jvm/jdk-14.0.1/bin/java -jar /lab/itti/projects/checkers-competition/server/referee.jar on run_14_kgunda_vdhankar #####
Move is valid
##### SUCCESS: /usr/lib/jvm/jdk-14.0.1/bin/java -jar /lab/itti/projects/checkers-competition/server/referee.jar on run_14_kgunda_vdhankar #####
INPUT for kgunda:
GAME
BLACK
297.81
...b...b
b.b...b.
.b.....b
b.b.w.b.
.....w..
w...w...
.w.w.w..
w.w...w.
##### Running: /usr/bin/time -o time_14_kgunda_vdhankar.txt -f "%U" /usr/lib/jvm/jdk-14.0.1/bin/java homework > stulog.txt 2>&1 on kgunda #####
##### SUCCESS: /usr/bin/time -o time_14_kgunda_vdhankar.txt -f "%U" /usr/lib/jvm/jdk-14.0.1/bin/java homework > stulog.txt 2>&1 on kgunda #####
##### kgunda plays [E g5 h4] in 0.25s #####
##### Running: /usr/lib/jvm/jdk-14.0.1/bin/java -jar /lab/itti/projects/checkers-competition/server/referee.jar on run_14_kgunda_vdhankar #####
Move is valid
##### SUCCESS: /usr/lib/jvm/jdk-14.0.1/bin/java -jar /lab/itti/projects/checkers-competition/server/referee.jar on run_14_kgunda_vdhankar #####
INPUT for vdhankar:
GAME
WHITE
233.95677113533
...b...b
b.b...b.
.b.....b
b.b.w...
.....w.b
w...w...
.w.w.w..
w.w...w.
##### Running: /usr/bin/time -o time_14_kgunda_vdhankar.txt -f "%U" python3 homework.py > stulog.txt 2>&1 on vdhankar #####
child exited with value 1
##### ERROR: /usr/bin/time -o time_14_kgunda_vdhankar.txt -f "%U" python3 homework.py > stulog.txt 2>&1 on vdhankar #####
##### Output of failed program (stdout + stderr): #####
Traceback (most recent call last):
  File "homework.py", line 546, in <module>
    print(end-start)
NameError: name 'end' is not defined
##### End of output of failed program #####
##### vdhankar plays [E d2 c3] in 4.64887189865112s #####
##### Running: /usr/lib/jvm/jdk-14.0.1/bin/java -jar /lab/itti/projects/checkers-competition/server/referee.jar on run_14_kgunda_vdhankar #####
Move is valid
##### SUCCESS: /usr/lib/jvm/jdk-14.0.1/bin/java -jar /lab/itti/projects/checkers-competition/server/referee.jar on run_14_kgunda_vdhankar #####
INPUT for kgunda:
GAME
BLACK
297.56
...b...b
b.b...b.
.b.....b
b.b.w...
.....w.b
w.w.w...
.w...w..
w.w...w.
##### Running: /usr/bin/time -o time_14_kgunda_vdhankar.txt -f "%U" /usr/lib/jvm/jdk-14.0.1/bin/java homework > stulog.txt 2>&1 on kgunda #####
##### SUCCESS: /usr/bin/time -o time_14_kgunda_vdhankar.txt -f "%U" /usr/lib/jvm/jdk-14.0.1/bin/java homework > stulog.txt 2>&1 on kgunda #####
##### kgunda plays [E d8 e7] in 0.19s #####
##### Running: /usr/lib/jvm/jdk-14.0.1/bin/java -jar /lab/itti/projects/checkers-competition/server/referee.jar on run_14_kgunda_vdhankar #####
Move is valid
##### SUCCESS: /usr/lib/jvm/jdk-14.0.1/bin/java -jar /lab/itti/projects/checkers-competition/server/referee.jar on run_14_kgunda_vdhankar #####
INPUT for vdhankar:
GAME
WHITE
229.307899236679
.......b
b.b.b.b.
.b.....b
b.b.w...
.....w.b
w.w.w...
.w...w..
w.w...w.
##### Running: /usr/bin/time -o time_14_kgunda_vdhankar.txt -f "%U" python3 homework.py > stulog.txt 2>&1 on vdhankar #####
child exited with value 1
##### ERROR: /usr/bin/time -o time_14_kgunda_vdhankar.txt -f "%U" python3 homework.py > stulog.txt 2>&1 on vdhankar #####
##### Output of failed program (stdout + stderr): #####
Traceback (most recent call last):
  File "homework.py", line 546, in <module>
    print(end-start)
NameError: name 'end' is not defined
##### End of output of failed program #####
##### vdhankar plays [E c3 d4] in 4.04703283309937s #####
##### Running: /usr/lib/jvm/jdk-14.0.1/bin/java -jar /lab/itti/projects/checkers-competition/server/referee.jar on run_14_kgunda_vdhankar #####
Move is valid
##### SUCCESS: /usr/lib/jvm/jdk-14.0.1/bin/java -jar /lab/itti/projects/checkers-competition/server/referee.jar on run_14_kgunda_vdhankar #####
INPUT for kgunda:
GAME
BLACK
297.37
.......b
b.b.b.b.
.b.....b
b.b.w...
...w.w.b
w...w...
.w...w..
w.w...w.
##### Running: /usr/bin/time -o time_14_kgunda_vdhankar.txt -f "%U" /usr/lib/jvm/jdk-14.0.1/bin/java homework > stulog.txt 2>&1 on kgunda #####
##### SUCCESS: /usr/bin/time -o time_14_kgunda_vdhankar.txt -f "%U" /usr/lib/jvm/jdk-14.0.1/bin/java homework > stulog.txt 2>&1 on kgunda #####
##### kgunda plays [E a5 b4] in 0.2s #####
##### Running: /usr/lib/jvm/jdk-14.0.1/bin/java -jar /lab/itti/projects/checkers-competition/server/referee.jar on run_14_kgunda_vdhankar #####
Move is valid
##### SUCCESS: /usr/lib/jvm/jdk-14.0.1/bin/java -jar /lab/itti/projects/checkers-competition/server/referee.jar on run_14_kgunda_vdhankar #####
INPUT for vdhankar:
GAME
WHITE
225.26086640358
.......b
b.b.b.b.
.b.....b
..b.w...
.b.w.w.b
w...w...
.w...w..
w.w...w.
##### Running: /usr/bin/time -o time_14_kgunda_vdhankar.txt -f "%U" python3 homework.py > stulog.txt 2>&1 on vdhankar #####
child exited with value 1
##### ERROR: /usr/bin/time -o time_14_kgunda_vdhankar.txt -f "%U" python3 homework.py > stulog.txt 2>&1 on vdhankar #####
##### Output of failed program (stdout + stderr): #####
Traceback (most recent call last):
  File "homework.py", line 546, in <module>
    print(end-start)
NameError: name 'end' is not defined
##### End of output of failed program #####
##### vdhankar plays [E c1 d2] in 3.01717901229858s #####
##### Running: /usr/lib/jvm/jdk-14.0.1/bin/java -jar /lab/itti/projects/checkers-competition/server/referee.jar on run_14_kgunda_vdhankar #####
Move is valid
##### SUCCESS: /usr/lib/jvm/jdk-14.0.1/bin/java -jar /lab/itti/projects/checkers-competition/server/referee.jar on run_14_kgunda_vdhankar #####
INPUT for kgunda:
GAME
BLACK
297.17
.......b
b.b.b.b.
.b.....b
..b.w...
.b.w.w.b
w...w...
.w.w.w..
w.....w.
##### Running: /usr/bin/time -o time_14_kgunda_vdhankar.txt -f "%U" /usr/lib/jvm/jdk-14.0.1/bin/java homework > stulog.txt 2>&1 on kgunda #####
##### SUCCESS: /usr/bin/time -o time_14_kgunda_vdhankar.txt -f "%U" /usr/lib/jvm/jdk-14.0.1/bin/java homework > stulog.txt 2>&1 on kgunda #####
##### kgunda plays [E e7 f6] in 0.19s #####
##### Running: /usr/lib/jvm/jdk-14.0.1/bin/java -jar /lab/itti/projects/checkers-competition/server/referee.jar on run_14_kgunda_vdhankar #####
Move is valid
##### SUCCESS: /usr/lib/jvm/jdk-14.0.1/bin/java -jar /lab/itti/projects/checkers-competition/server/referee.jar on run_14_kgunda_vdhankar #####
INPUT for vdhankar:
GAME
WHITE
222.243687391281
.......b
b.b...b.
.b...b.b
..b.w...
.b.w.w.b
w...w...
.w.w.w..
w.....w.
##### Running: /usr/bin/time -o time_14_kgunda_vdhankar.txt -f "%U" python3 homework.py > stulog.txt 2>&1 on vdhankar #####
child exited with value 1
##### ERROR: /usr/bin/time -o time_14_kgunda_vdhankar.txt -f "%U" python3 homework.py > stulog.txt 2>&1 on vdhankar #####
##### Output of failed program (stdout + stderr): #####
Traceback (most recent call last):
  File "homework.py", line 546, in <module>
    print(end-start)
NameError: name 'end' is not defined
##### End of output of failed program #####
##### vdhankar plays [E b2 c3] in 0.988487005233765s #####
##### Running: /usr/lib/jvm/jdk-14.0.1/bin/java -jar /lab/itti/projects/checkers-competition/server/referee.jar on run_14_kgunda_vdhankar #####
Move is valid
##### SUCCESS: /usr/lib/jvm/jdk-14.0.1/bin/java -jar /lab/itti/projects/checkers-competition/server/referee.jar on run_14_kgunda_vdhankar #####
INPUT for kgunda:
GAME
BLACK
296.98
.......b
b.b...b.
.b...b.b
..b.w...
.b.w.w.b
w.w.w...
...w.w..
w.....w.
##### Running: /usr/bin/time -o time_14_kgunda_vdhankar.txt -f "%U" /usr/lib/jvm/jdk-14.0.1/bin/java homework > stulog.txt 2>&1 on kgunda #####
##### SUCCESS: /usr/bin/time -o time_14_kgunda_vdhankar.txt -f "%U" /usr/lib/jvm/jdk-14.0.1/bin/java homework > stulog.txt 2>&1 on kgunda #####
##### kgunda plays [E f6 g5] in 0.14s #####
##### Running: /usr/lib/jvm/jdk-14.0.1/bin/java -jar /lab/itti/projects/checkers-competition/server/referee.jar on run_14_kgunda_vdhankar #####
Move is valid
##### SUCCESS: /usr/lib/jvm/jdk-14.0.1/bin/java -jar /lab/itti/projects/checkers-competition/server/referee.jar on run_14_kgunda_vdhankar #####
INPUT for vdhankar:
GAME
WHITE
221.255200386047
.......b
b.b...b.
.b.....b
..b.w.b.
.b.w.w.b
w.w.w...
...w.w..
w.....w.
##### Running: /usr/bin/time -o time_14_kgunda_vdhankar.txt -f "%U" python3 homework.py > stulog.txt 2>&1 on vdhankar #####
child exited with value 1
##### ERROR: /usr/bin/time -o time_14_kgunda_vdhankar.txt -f "%U" python3 homework.py > stulog.txt 2>&1 on vdhankar #####
##### Output of failed program (stdout + stderr): #####
Traceback (most recent call last):
  File "homework.py", line 546, in <module>
    print(end-start)
NameError: name 'end' is not defined
##### End of output of failed program #####
##### vdhankar plays [J c3 a5] in 0.484469890594482s #####
##### Running: /usr/lib/jvm/jdk-14.0.1/bin/java -jar /lab/itti/projects/checkers-competition/server/referee.jar on run_14_kgunda_vdhankar #####
Move is valid
##### SUCCESS: /usr/lib/jvm/jdk-14.0.1/bin/java -jar /lab/itti/projects/checkers-competition/server/referee.jar on run_14_kgunda_vdhankar #####
INPUT for kgunda:
GAME
BLACK
296.84
.......b
b.b...b.
.b.....b
w.b.w.b.
...w.w.b
w...w...
...w.w..
w.....w.
##### Running: /usr/bin/time -o time_14_kgunda_vdhankar.txt -f "%U" /usr/lib/jvm/jdk-14.0.1/bin/java homework > stulog.txt 2>&1 on kgunda #####
##### SUCCESS: /usr/bin/time -o time_14_kgunda_vdhankar.txt -f "%U" /usr/lib/jvm/jdk-14.0.1/bin/java homework > stulog.txt 2>&1 on kgunda #####
##### kgunda plays [E c7 d6] in 0.19s #####
##### Running: /usr/lib/jvm/jdk-14.0.1/bin/java -jar /lab/itti/projects/checkers-competition/server/referee.jar on run_14_kgunda_vdhankar #####
Move is valid
##### SUCCESS: /usr/lib/jvm/jdk-14.0.1/bin/java -jar /lab/itti/projects/checkers-competition/server/referee.jar on run_14_kgunda_vdhankar #####
INPUT for vdhankar:
GAME
WHITE
220.770730495453
.......b
b.....b.
.b.b...b
w.b.w.b.
...w.w.b
w...w...
...w.w..
w.....w.
##### Running: /usr/bin/time -o time_14_kgunda_vdhankar.txt -f "%U" python3 homework.py > stulog.txt 2>&1 on vdhankar #####
child exited with value 1
##### ERROR: /usr/bin/time -o time_14_kgunda_vdhankar.txt -f "%U" python3 homework.py > stulog.txt 2>&1 on vdhankar #####
##### Output of failed program (stdout + stderr): #####
Traceback (most recent call last):
  File "homework.py", line 546, in <module>
    print(end-start)
NameError: name 'end' is not defined
##### End of output of failed program #####
##### vdhankar plays [J a5 c7] in 0.901689052581787s #####
##### Running: /usr/lib/jvm/jdk-14.0.1/bin/java -jar /lab/itti/projects/checkers-competition/server/referee.jar on run_14_kgunda_vdhankar #####
Move is valid
##### SUCCESS: /usr/lib/jvm/jdk-14.0.1/bin/java -jar /lab/itti/projects/checkers-competition/server/referee.jar on run_14_kgunda_vdhankar #####
INPUT for kgunda:
GAME
BLACK
296.65
.......b
b.w...b.
...b...b
..b.w.b.
...w.w.b
w...w...
...w.w..
w.....w.
##### Running: /usr/bin/time -o time_14_kgunda_vdhankar.txt -f "%U" /usr/lib/jvm/jdk-14.0.1/bin/java homework > stulog.txt 2>&1 on kgunda #####
##### SUCCESS: /usr/bin/time -o time_14_kgunda_vdhankar.txt -f "%U" /usr/lib/jvm/jdk-14.0.1/bin/java homework > stulog.txt 2>&1 on kgunda #####
##### kgunda plays [E g7 f6] in 0.2s #####
##### Running: /usr/lib/jvm/jdk-14.0.1/bin/java -jar /lab/itti/projects/checkers-competition/server/referee.jar on run_14_kgunda_vdhankar #####
Move is valid
##### SUCCESS: /usr/lib/jvm/jdk-14.0.1/bin/java -jar /lab/itti/projects/checkers-competition/server/referee.jar on run_14_kgunda_vdhankar #####
INPUT for vdhankar:
GAME
WHITE
219.869041442871
.......b
b.w.....
...b.b.b
..b.w.b.
...w.w.b
w...w...
...w.w..
w.....w.
##### Running: /usr/bin/time -o time_14_kgunda_vdhankar.txt -f "%U" python3 homework.py > stulog.txt 2>&1 on vdhankar #####
child exited with value 1
##### ERROR: /usr/bin/time -o time_14_kgunda_vdhankar.txt -f "%U" python3 homework.py > stulog.txt 2>&1 on vdhankar #####
##### Output of failed program (stdout + stderr): #####
Traceback (most recent call last):
  File "homework.py", line 546, in <module>
    print(end-start)
NameError: name 'end' is not defined
##### End of output of failed program #####
##### vdhankar plays [J d4 b6] in 0.435838937759399s #####
##### Running: /usr/lib/jvm/jdk-14.0.1/bin/java -jar /lab/itti/projects/checkers-competition/server/referee.jar on run_14_kgunda_vdhankar #####
Move is valid
##### SUCCESS: /usr/lib/jvm/jdk-14.0.1/bin/java -jar /lab/itti/projects/checkers-competition/server/referee.jar on run_14_kgunda_vdhankar #####
INPUT for kgunda:
GAME
BLACK
296.45
.......b
b.w.....
.w.b.b.b
....w.b.
.....w.b
w...w...
...w.w..
w.....w.
##### Running: /usr/bin/time -o time_14_kgunda_vdhankar.txt -f "%U" /usr/lib/jvm/jdk-14.0.1/bin/java homework > stulog.txt 2>&1 on kgunda #####
##### SUCCESS: /usr/bin/time -o time_14_kgunda_vdhankar.txt -f "%U" /usr/lib/jvm/jdk-14.0.1/bin/java homework > stulog.txt 2>&1 on kgunda #####
##### kgunda plays [J a7 c5] in 0.1s #####
##### Running: /usr/lib/jvm/jdk-14.0.1/bin/java -jar /lab/itti/projects/checkers-competition/server/referee.jar on run_14_kgunda_vdhankar #####
Move is valid
##### SUCCESS: /usr/lib/jvm/jdk-14.0.1/bin/java -jar /lab/itti/projects/checkers-competition/server/referee.jar on run_14_kgunda_vdhankar #####
INPUT for vdhankar:
GAME
WHITE
219.433202505112
.......b
..w.....
...b.b.b
..b.w.b.
.....w.b
w...w...
...w.w..
w.....w.
##### Running: /usr/bin/time -o time_14_kgunda_vdhankar.txt -f "%U" python3 homework.py > stulog.txt 2>&1 on vdhankar #####
child exited with value 1
##### ERROR: /usr/bin/time -o time_14_kgunda_vdhankar.txt -f "%U" python3 homework.py > stulog.txt 2>&1 on vdhankar #####
##### Output of failed program (stdout + stderr): #####
Traceback (most recent call last):
  File "homework.py", line 546, in <module>
    print(end-start)
NameError: name 'end' is not defined
##### End of output of failed program #####
##### vdhankar plays [J e5 g7] in 0.777965068817139s #####
##### Running: /usr/lib/jvm/jdk-14.0.1/bin/java -jar /lab/itti/projects/checkers-competition/server/referee.jar on run_14_kgunda_vdhankar #####
Move is valid
##### SUCCESS: /usr/lib/jvm/jdk-14.0.1/bin/java -jar /lab/itti/projects/checkers-competition/server/referee.jar on run_14_kgunda_vdhankar #####
INPUT for kgunda:
GAME
BLACK
296.35
.......b
..w...w.
...b...b
..b...b.
.....w.b
w...w...
...w.w..
w.....w.
##### Running: /usr/bin/time -o time_14_kgunda_vdhankar.txt -f "%U" /usr/lib/jvm/jdk-14.0.1/bin/java homework > stulog.txt 2>&1 on kgunda #####
##### SUCCESS: /usr/bin/time -o time_14_kgunda_vdhankar.txt -f "%U" /usr/lib/jvm/jdk-14.0.1/bin/java homework > stulog.txt 2>&1 on kgunda #####
##### kgunda plays [J h8 f6] in 0.18s #####
##### Running: /usr/lib/jvm/jdk-14.0.1/bin/java -jar /lab/itti/projects/checkers-competition/server/referee.jar on run_14_kgunda_vdhankar #####
Move is valid
##### SUCCESS: /usr/lib/jvm/jdk-14.0.1/bin/java -jar /lab/itti/projects/checkers-competition/server/referee.jar on run_14_kgunda_vdhankar #####
INPUT for vdhankar:
GAME
WHITE
218.655237436295
........
..w.....
...b.b.b
..b...b.
.....w.b
w...w...
...w.w..
w.....w.
##### Running: /usr/bin/time -o time_14_kgunda_vdhankar.txt -f "%U" python3 homework.py > stulog.txt 2>&1 on vdhankar #####
child exited with value 1
##### ERROR: /usr/bin/time -o time_14_kgunda_vdhankar.txt -f "%U" python3 homework.py > stulog.txt 2>&1 on vdhankar #####
##### Output of failed program (stdout + stderr): #####
Traceback (most recent call last):
  File "homework.py", line 546, in <module>
    print(end-start)
NameError: name 'end' is not defined
##### End of output of failed program #####
##### vdhankar plays [E c7 b8] in 3.20032405853271s #####
##### Running: /usr/lib/jvm/jdk-14.0.1/bin/java -jar /lab/itti/projects/checkers-competition/server/referee.jar on run_14_kgunda_vdhankar #####
Move is valid
##### SUCCESS: /usr/lib/jvm/jdk-14.0.1/bin/java -jar /lab/itti/projects/checkers-competition/server/referee.jar on run_14_kgunda_vdhankar #####
INPUT for kgunda:
GAME
BLACK
296.17
.W......
........
...b.b.b
..b...b.
.....w.b
w...w...
...w.w..
w.....w.
##### Running: /usr/bin/time -o time_14_kgunda_vdhankar.txt -f "%U" /usr/lib/jvm/jdk-14.0.1/bin/java homework > stulog.txt 2>&1 on kgunda #####
##### SUCCESS: /usr/bin/time -o time_14_kgunda_vdhankar.txt -f "%U" /usr/lib/jvm/jdk-14.0.1/bin/java homework > stulog.txt 2>&1 on kgunda #####
##### kgunda plays [E h4 g3] in 0.18s #####
##### Running: /usr/lib/jvm/jdk-14.0.1/bin/java -jar /lab/itti/projects/checkers-competition/server/referee.jar on run_14_kgunda_vdhankar #####
Move is valid
##### SUCCESS: /usr/lib/jvm/jdk-14.0.1/bin/java -jar /lab/itti/projects/checkers-competition/server/referee.jar on run_14_kgunda_vdhankar #####
INPUT for vdhankar:
GAME
WHITE
215.454913377762
.W......
........
...b.b.b
..b...b.
.....w..
w...w.b.
...w.w..
w.....w.
##### Running: /usr/bin/time -o time_14_kgunda_vdhankar.txt -f "%U" python3 homework.py > stulog.txt 2>&1 on vdhankar #####
child exited with value 1
##### ERROR: /usr/bin/time -o time_14_kgunda_vdhankar.txt -f "%U" python3 homework.py > stulog.txt 2>&1 on vdhankar #####
##### Output of failed program (stdout + stderr): #####
Traceback (most recent call last):
  File "homework.py", line 546, in <module>
    print(end-start)
NameError: name 'end' is not defined
##### End of output of failed program #####
##### vdhankar plays [J f2 h4] in 0.526860952377319s #####
##### Running: /usr/lib/jvm/jdk-14.0.1/bin/java -jar /lab/itti/projects/checkers-competition/server/referee.jar on run_14_kgunda_vdhankar #####
Move is valid
##### SUCCESS: /usr/lib/jvm/jdk-14.0.1/bin/java -jar /lab/itti/projects/checkers-competition/server/referee.jar on run_14_kgunda_vdhankar #####
INPUT for kgunda:
GAME
BLACK
295.99
.W......
........
...b.b.b
..b...b.
.....w.w
w...w...
...w....
w.....w.
##### Running: /usr/bin/time -o time_14_kgunda_vdhankar.txt -f "%U" /usr/lib/jvm/jdk-14.0.1/bin/java homework > stulog.txt 2>&1 on kgunda #####
##### SUCCESS: /usr/bin/time -o time_14_kgunda_vdhankar.txt -f "%U" /usr/lib/jvm/jdk-14.0.1/bin/java homework > stulog.txt 2>&1 on kgunda #####
##### kgunda plays [E d6 e5] in 0.12s #####
##### Running: /usr/lib/jvm/jdk-14.0.1/bin/java -jar /lab/itti/projects/checkers-competition/server/referee.jar on run_14_kgunda_vdhankar #####
Move is valid
##### SUCCESS: /usr/lib/jvm/jdk-14.0.1/bin/java -jar /lab/itti/projects/checkers-competition/server/referee.jar on run_14_kgunda_vdhankar #####
INPUT for vdhankar:
GAME
WHITE
214.928052425385
.W......
........
.....b.b
..b.b.b.
.....w.w
w...w...
...w....
w.....w.
##### Running: /usr/bin/time -o time_14_kgunda_vdhankar.txt -f "%U" python3 homework.py > stulog.txt 2>&1 on vdhankar #####
child exited with value 1
##### ERROR: /usr/bin/time -o time_14_kgunda_vdhankar.txt -f "%U" python3 homework.py > stulog.txt 2>&1 on vdhankar #####
##### Output of failed program (stdout + stderr): #####
Traceback (most recent call last):
  File "homework.py", line 546, in <module>
    print(end-start)
NameError: name 'end' is not defined
##### End of output of failed program #####
##### vdhankar plays [J f4 d6] in 0.531359910964966s #####
##### Running: /usr/lib/jvm/jdk-14.0.1/bin/java -jar /lab/itti/projects/checkers-competition/server/referee.jar on run_14_kgunda_vdhankar #####
Move is valid
##### SUCCESS: /usr/lib/jvm/jdk-14.0.1/bin/java -jar /lab/itti/projects/checkers-competition/server/referee.jar on run_14_kgunda_vdhankar #####
INPUT for kgunda:
GAME
BLACK
295.87
.W......
........
...w.b.b
..b...b.
.......w
w...w...
...w....
w.....w.
##### Running: /usr/bin/time -o time_14_kgunda_vdhankar.txt -f "%U" /usr/lib/jvm/jdk-14.0.1/bin/java homework > stulog.txt 2>&1 on kgunda #####
##### SUCCESS: /usr/bin/time -o time_14_kgunda_vdhankar.txt -f "%U" /usr/lib/jvm/jdk-14.0.1/bin/java homework > stulog.txt 2>&1 on kgunda #####
##### kgunda plays [E f6 e5] in 0.15s #####
##### Running: /usr/lib/jvm/jdk-14.0.1/bin/java -jar /lab/itti/projects/checkers-competition/server/referee.jar on run_14_kgunda_vdhankar #####
Move is valid
##### SUCCESS: /usr/lib/jvm/jdk-14.0.1/bin/java -jar /lab/itti/projects/checkers-competition/server/referee.jar on run_14_kgunda_vdhankar #####
INPUT for vdhankar:
GAME
WHITE
214.39669251442
.W......
........
...w...b
..b.b.b.
.......w
w...w...
...w....
w.....w.
##### Running: /usr/bin/time -o time_14_kgunda_vdhankar.txt -f "%U" python3 homework.py > stulog.txt 2>&1 on vdhankar #####
child exited with value 1
##### ERROR: /usr/bin/time -o time_14_kgunda_vdhankar.txt -f "%U" python3 homework.py > stulog.txt 2>&1 on vdhankar #####
##### Output of failed program (stdout + stderr): #####
Traceback (most recent call last):
  File "homework.py", line 546, in <module>
    print(end-start)
NameError: name 'end' is not defined
##### End of output of failed program #####
##### vdhankar plays [J h4 f6] in 1.31633305549622s #####
##### Running: /usr/lib/jvm/jdk-14.0.1/bin/java -jar /lab/itti/projects/checkers-competition/server/referee.jar on run_14_kgunda_vdhankar #####
Move is valid
##### SUCCESS: /usr/lib/jvm/jdk-14.0.1/bin/java -jar /lab/itti/projects/checkers-competition/server/referee.jar on run_14_kgunda_vdhankar #####
INPUT for kgunda:
GAME
BLACK
295.72
.W......
........
...w.w.b
..b.b...
........
w...w...
...w....
w.....w.
##### Running: /usr/bin/time -o time_14_kgunda_vdhankar.txt -f "%U" /usr/lib/jvm/jdk-14.0.1/bin/java homework > stulog.txt 2>&1 on kgunda #####
##### SUCCESS: /usr/bin/time -o time_14_kgunda_vdhankar.txt -f "%U" /usr/lib/jvm/jdk-14.0.1/bin/java homework > stulog.txt 2>&1 on kgunda #####
##### kgunda plays [E e5 d4] in 0.22s #####
##### Running: /usr/lib/jvm/jdk-14.0.1/bin/java -jar /lab/itti/projects/checkers-competition/server/referee.jar on run_14_kgunda_vdhankar #####
Move is valid
##### SUCCESS: /usr/lib/jvm/jdk-14.0.1/bin/java -jar /lab/itti/projects/checkers-competition/server/referee.jar on run_14_kgunda_vdhankar #####
INPUT for vdhankar:
GAME
WHITE
213.080359458923
.W......
........
...w.w.b
..b.....
...b....
w...w...
...w....
w.....w.
##### Running: /usr/bin/time -o time_14_kgunda_vdhankar.txt -f "%U" python3 homework.py > stulog.txt 2>&1 on vdhankar #####
child exited with value 1
##### ERROR: /usr/bin/time -o time_14_kgunda_vdhankar.txt -f "%U" python3 homework.py > stulog.txt 2>&1 on vdhankar #####
##### Output of failed program (stdout + stderr): #####
Traceback (most recent call last):
  File "homework.py", line 546, in <module>
    print(end-start)
NameError: name 'end' is not defined
##### End of output of failed program #####
##### vdhankar plays [E d2 c3] in 1.62967681884766s #####
##### Running: /usr/lib/jvm/jdk-14.0.1/bin/java -jar /lab/itti/projects/checkers-competition/server/referee.jar on run_14_kgunda_vdhankar #####
Move is valid
##### SUCCESS: /usr/lib/jvm/jdk-14.0.1/bin/java -jar /lab/itti/projects/checkers-competition/server/referee.jar on run_14_kgunda_vdhankar #####
INPUT for kgunda:
GAME
BLACK
295.5
.W......
........
...w.w.b
..b.....
...b....
w.w.w...
........
w.....w.
##### Running: /usr/bin/time -o time_14_kgunda_vdhankar.txt -f "%U" /usr/lib/jvm/jdk-14.0.1/bin/java homework > stulog.txt 2>&1 on kgunda #####
##### SUCCESS: /usr/bin/time -o time_14_kgunda_vdhankar.txt -f "%U" /usr/lib/jvm/jdk-14.0.1/bin/java homework > stulog.txt 2>&1 on kgunda #####
##### kgunda plays [J d4 b2] in 0.12s #####
##### Running: /usr/lib/jvm/jdk-14.0.1/bin/java -jar /lab/itti/projects/checkers-competition/server/referee.jar on run_14_kgunda_vdhankar #####
Move is valid
##### SUCCESS: /usr/lib/jvm/jdk-14.0.1/bin/java -jar /lab/itti/projects/checkers-competition/server/referee.jar on run_14_kgunda_vdhankar #####
INPUT for vdhankar:
GAME
WHITE
211.450682640076
.W......
........
...w.w.b
..b.....
........
w...w...
.b......
w.....w.
##### Running: /usr/bin/time -o time_14_kgunda_vdhankar.txt -f "%U" python3 homework.py > stulog.txt 2>&1 on vdhankar #####
child exited with value 1
##### ERROR: /usr/bin/time -o time_14_kgunda_vdhankar.txt -f "%U" python3 homework.py > stulog.txt 2>&1 on vdhankar #####
##### Output of failed program (stdout + stderr): #####
Traceback (most recent call last):
  File "homework.py", line 546, in <module>
    print(end-start)
NameError: name 'end' is not defined
##### End of output of failed program #####
##### vdhankar plays [J a1 c3] in 1.10660910606384s #####
##### Running: /usr/lib/jvm/jdk-14.0.1/bin/java -jar /lab/itti/projects/checkers-competition/server/referee.jar on run_14_kgunda_vdhankar #####
Move is valid
##### SUCCESS: /usr/lib/jvm/jdk-14.0.1/bin/java -jar /lab/itti/projects/checkers-competition/server/referee.jar on run_14_kgunda_vdhankar #####
INPUT for kgunda:
GAME
BLACK
295.38
.W......
........
...w.w.b
..b.....
........
w.w.w...
........
......w.
##### Running: /usr/bin/time -o time_14_kgunda_vdhankar.txt -f "%U" /usr/lib/jvm/jdk-14.0.1/bin/java homework > stulog.txt 2>&1 on kgunda #####
##### SUCCESS: /usr/bin/time -o time_14_kgunda_vdhankar.txt -f "%U" /usr/lib/jvm/jdk-14.0.1/bin/java homework > stulog.txt 2>&1 on kgunda #####
##### kgunda plays [E c5 d4] in 0.19s #####
##### Running: /usr/lib/jvm/jdk-14.0.1/bin/java -jar /lab/itti/projects/checkers-competition/server/referee.jar on run_14_kgunda_vdhankar #####
Move is valid
##### SUCCESS: /usr/lib/jvm/jdk-14.0.1/bin/java -jar /lab/itti/projects/checkers-competition/server/referee.jar on run_14_kgunda_vdhankar #####
INPUT for vdhankar:
GAME
WHITE
210.344073534012
.W......
........
...w.w.b
........
...b....
w.w.w...
........
......w.
##### Running: /usr/bin/time -o time_14_kgunda_vdhankar.txt -f "%U" python3 homework.py > stulog.txt 2>&1 on vdhankar #####
child exited with value 1
##### ERROR: /usr/bin/time -o time_14_kgunda_vdhankar.txt -f "%U" python3 homework.py > stulog.txt 2>&1 on vdhankar #####
##### Output of failed program (stdout + stderr): #####
Traceback (most recent call last):
  File "homework.py", line 546, in <module>
    print(end-start)
NameError: name 'end' is not defined
##### End of output of failed program #####
##### vdhankar plays [J c3 e5] in 0.469236850738525s #####
##### Running: /usr/lib/jvm/jdk-14.0.1/bin/java -jar /lab/itti/projects/checkers-competition/server/referee.jar on run_14_kgunda_vdhankar #####
Move is valid
##### SUCCESS: /usr/lib/jvm/jdk-14.0.1/bin/java -jar /lab/itti/projects/checkers-competition/server/referee.jar on run_14_kgunda_vdhankar #####
INPUT for kgunda:
GAME
BLACK
295.19
.W......
........
...w.w.b
....w...
........
w...w...
........
......w.
##### Running: /usr/bin/time -o time_14_kgunda_vdhankar.txt -f "%U" /usr/lib/jvm/jdk-14.0.1/bin/java homework > stulog.txt 2>&1 on kgunda #####
##### SUCCESS: /usr/bin/time -o time_14_kgunda_vdhankar.txt -f "%U" /usr/lib/jvm/jdk-14.0.1/bin/java homework > stulog.txt 2>&1 on kgunda #####
##### kgunda plays [E h6 g5] in 0.15s #####
##### Running: /usr/lib/jvm/jdk-14.0.1/bin/java -jar /lab/itti/projects/checkers-competition/server/referee.jar on run_14_kgunda_vdhankar #####
Move is valid
##### SUCCESS: /usr/lib/jvm/jdk-14.0.1/bin/java -jar /lab/itti/projects/checkers-competition/server/referee.jar on run_14_kgunda_vdhankar #####
INPUT for vdhankar:
GAME
WHITE
209.874836683273
.W......
........
...w.w..
....w.b.
........
w...w...
........
......w.
##### Running: /usr/bin/time -o time_14_kgunda_vdhankar.txt -f "%U" python3 homework.py > stulog.txt 2>&1 on vdhankar #####
child exited with value 1
##### ERROR: /usr/bin/time -o time_14_kgunda_vdhankar.txt -f "%U" python3 homework.py > stulog.txt 2>&1 on vdhankar #####
##### Output of failed program (stdout + stderr): #####
Traceback (most recent call last):
  File "homework.py", line 546, in <module>
    print(end-start)
NameError: name 'end' is not defined
##### End of output of failed program #####
##### vdhankar plays [E b8 a7] in 0.405305862426758s #####
##### Running: /usr/lib/jvm/jdk-14.0.1/bin/java -jar /lab/itti/projects/checkers-competition/server/referee.jar on run_14_kgunda_vdhankar #####
Move is valid
##### SUCCESS: /usr/lib/jvm/jdk-14.0.1/bin/java -jar /lab/itti/projects/checkers-competition/server/referee.jar on run_14_kgunda_vdhankar #####
INPUT for kgunda:
GAME
BLACK
295.04
........
W.......
...w.w..
....w.b.
........
w...w...
........
......w.
##### Running: /usr/bin/time -o time_14_kgunda_vdhankar.txt -f "%U" /usr/lib/jvm/jdk-14.0.1/bin/java homework > stulog.txt 2>&1 on kgunda #####
##### SUCCESS: /usr/bin/time -o time_14_kgunda_vdhankar.txt -f "%U" /usr/lib/jvm/jdk-14.0.1/bin/java homework > stulog.txt 2>&1 on kgunda #####
##### kgunda plays [E g5 h4] in 0.12s #####
##### Running: /usr/lib/jvm/jdk-14.0.1/bin/java -jar /lab/itti/projects/checkers-competition/server/referee.jar on run_14_kgunda_vdhankar #####
Move is valid
##### SUCCESS: /usr/lib/jvm/jdk-14.0.1/bin/java -jar /lab/itti/projects/checkers-competition/server/referee.jar on run_14_kgunda_vdhankar #####
INPUT for vdhankar:
GAME
WHITE
209.469530820847
........
W.......
...w.w..
....w...
.......b
w...w...
........
......w.
##### Running: /usr/bin/time -o time_14_kgunda_vdhankar.txt -f "%U" python3 homework.py > stulog.txt 2>&1 on vdhankar #####
child exited with value 1
##### ERROR: /usr/bin/time -o time_14_kgunda_vdhankar.txt -f "%U" python3 homework.py > stulog.txt 2>&1 on vdhankar #####
##### Output of failed program (stdout + stderr): #####
Traceback (most recent call last):
  File "homework.py", line 546, in <module>
    print(end-start)
NameError: name 'end' is not defined
##### End of output of failed program #####
##### vdhankar plays [E a7 b8] in 0.726321935653687s #####
##### Running: /usr/lib/jvm/jdk-14.0.1/bin/java -jar /lab/itti/projects/checkers-competition/server/referee.jar on run_14_kgunda_vdhankar #####
Move is valid
##### SUCCESS: /usr/lib/jvm/jdk-14.0.1/bin/java -jar /lab/itti/projects/checkers-competition/server/referee.jar on run_14_kgunda_vdhankar #####
INPUT for kgunda:
GAME
BLACK
294.92
.W......
........
...w.w..
....w...
.......b
w...w...
........
......w.
##### Running: /usr/bin/time -o time_14_kgunda_vdhankar.txt -f "%U" /usr/lib/jvm/jdk-14.0.1/bin/java homework > stulog.txt 2>&1 on kgunda #####
##### SUCCESS: /usr/bin/time -o time_14_kgunda_vdhankar.txt -f "%U" /usr/lib/jvm/jdk-14.0.1/bin/java homework > stulog.txt 2>&1 on kgunda #####
##### kgunda plays [E h4 g3] in 0.16s #####
##### Running: /usr/lib/jvm/jdk-14.0.1/bin/java -jar /lab/itti/projects/checkers-competition/server/referee.jar on run_14_kgunda_vdhankar #####
Move is valid
##### SUCCESS: /usr/lib/jvm/jdk-14.0.1/bin/java -jar /lab/itti/projects/checkers-competition/server/referee.jar on run_14_kgunda_vdhankar #####
INPUT for vdhankar:
GAME
WHITE
208.743208885193
.W......
........
...w.w..
....w...
........
w...w.b.
........
......w.
##### Running: /usr/bin/time -o time_14_kgunda_vdhankar.txt -f "%U" python3 homework.py > stulog.txt 2>&1 on vdhankar #####
child exited with value 1
##### ERROR: /usr/bin/time -o time_14_kgunda_vdhankar.txt -f "%U" python3 homework.py > stulog.txt 2>&1 on vdhankar #####
##### Output of failed program (stdout + stderr): #####
Traceback (most recent call last):
  File "homework.py", line 546, in <module>
    print(end-start)
NameError: name 'end' is not defined
##### End of output of failed program #####
##### vdhankar plays [E e3 d4] in 4.86289000511169s #####
##### Running: /usr/lib/jvm/jdk-14.0.1/bin/java -jar /lab/itti/projects/checkers-competition/server/referee.jar on run_14_kgunda_vdhankar #####
Move is valid
##### SUCCESS: /usr/lib/jvm/jdk-14.0.1/bin/java -jar /lab/itti/projects/checkers-competition/server/referee.jar on run_14_kgunda_vdhankar #####
INPUT for kgunda:
GAME
BLACK
294.76
.W......
........
...w.w..
....w...
...w....
w.....b.
........
......w.
##### Running: /usr/bin/time -o time_14_kgunda_vdhankar.txt -f "%U" /usr/lib/jvm/jdk-14.0.1/bin/java homework > stulog.txt 2>&1 on kgunda #####
##### SUCCESS: /usr/bin/time -o time_14_kgunda_vdhankar.txt -f "%U" /usr/lib/jvm/jdk-14.0.1/bin/java homework > stulog.txt 2>&1 on kgunda #####
##### kgunda plays [E g3 h2] in 0.13s #####
##### Running: /usr/lib/jvm/jdk-14.0.1/bin/java -jar /lab/itti/projects/checkers-competition/server/referee.jar on run_14_kgunda_vdhankar #####
Move is valid
##### SUCCESS: /usr/lib/jvm/jdk-14.0.1/bin/java -jar /lab/itti/projects/checkers-competition/server/referee.jar on run_14_kgunda_vdhankar #####
INPUT for vdhankar:
GAME
WHITE
203.880318880081
.W......
........
...w.w..
....w...
...w....
w.......
.......b
......w.
##### Running: /usr/bin/time -o time_14_kgunda_vdhankar.txt -f "%U" python3 homework.py > stulog.txt 2>&1 on vdhankar #####
child exited with value 1
##### ERROR: /usr/bin/time -o time_14_kgunda_vdhankar.txt -f "%U" python3 homework.py > stulog.txt 2>&1 on vdhankar #####
##### Output of failed program (stdout + stderr): #####
Traceback (most recent call last):
  File "homework.py", line 546, in <module>
    print(end-start)
NameError: name 'end' is not defined
##### End of output of failed program #####
##### vdhankar plays [E b8 a7] in 0.400967121124268s #####
##### Running: /usr/lib/jvm/jdk-14.0.1/bin/java -jar /lab/itti/projects/checkers-competition/server/referee.jar on run_14_kgunda_vdhankar #####
Move is valid
After this move, player BLACK cannot make any moves
*** Winner: WHITE ***
##### SUCCESS: /usr/lib/jvm/jdk-14.0.1/bin/java -jar /lab/itti/projects/checkers-competition/server/referee.jar on run_14_kgunda_vdhankar #####
##### GAME OVER: vdhankar wins the game! #####
Server said: WIN
########## ROUND 14 GAMESCORE AFTER GAME 2: kgunda=1 and vdhankar=1 ##########
#################### ROUND 14: kgunda (W) vs vdhankar (B): game 3 ####################
##### game start! #####
INPUT for vdhankar:
GAME
BLACK
300
.b.b.b.b
b.b.b.b.
.b.b.b.b
........
........
w.w.w.w.
.w.w.w.w
w.w.w.w.
##### Running: /usr/bin/time -o time_14_kgunda_vdhankar.txt -f "%U" python3 homework.py > stulog.txt 2>&1 on vdhankar #####
child exited with value 1
##### ERROR: /usr/bin/time -o time_14_kgunda_vdhankar.txt -f "%U" python3 homework.py > stulog.txt 2>&1 on vdhankar #####
##### Output of failed program (stdout + stderr): #####
Traceback (most recent call last):
  File "homework.py", line 546, in <module>
    print(end-start)
NameError: name 'end' is not defined
##### End of output of failed program #####
##### vdhankar plays [E h6 g5] in 12.0337400436401s #####
##### Running: /usr/lib/jvm/jdk-14.0.1/bin/java -jar /lab/itti/projects/checkers-competition/server/referee.jar on run_14_kgunda_vdhankar #####
Move is valid
Couldn't read file 'current_ply.txt'
Couldn't read content from file 'current_ply.txt'
Couldn't read file 'lastmatchange_ply.txt'
Couldn't read content from file 'lastmatchange_ply.txt'
##### SUCCESS: /usr/lib/jvm/jdk-14.0.1/bin/java -jar /lab/itti/projects/checkers-competition/server/referee.jar on run_14_kgunda_vdhankar #####
INPUT for kgunda:
GAME
WHITE
300
.b.b.b.b
b.b.b.b.
.b.b.b..
......b.
........
w.w.w.w.
.w.w.w.w
w.w.w.w.
##### Running: /usr/bin/time -o time_14_kgunda_vdhankar.txt -f "%U" /usr/lib/jvm/jdk-14.0.1/bin/java homework > stulog.txt 2>&1 on kgunda #####
##### SUCCESS: /usr/bin/time -o time_14_kgunda_vdhankar.txt -f "%U" /usr/lib/jvm/jdk-14.0.1/bin/java homework > stulog.txt 2>&1 on kgunda #####
##### kgunda plays [E e3 d4] in 0.31s #####
##### Running: /usr/lib/jvm/jdk-14.0.1/bin/java -jar /lab/itti/projects/checkers-competition/server/referee.jar on run_14_kgunda_vdhankar #####
Move is valid
##### SUCCESS: /usr/lib/jvm/jdk-14.0.1/bin/java -jar /lab/itti/projects/checkers-competition/server/referee.jar on run_14_kgunda_vdhankar #####
INPUT for vdhankar:
GAME
BLACK
287.96625995636
.b.b.b.b
b.b.b.b.
.b.b.b..
......b.
...w....
w.w...w.
.w.w.w.w
w.w.w.w.
##### Running: /usr/bin/time -o time_14_kgunda_vdhankar.txt -f "%U" python3 homework.py > stulog.txt 2>&1 on vdhankar #####
child exited with value 1
##### ERROR: /usr/bin/time -o time_14_kgunda_vdhankar.txt -f "%U" python3 homework.py > stulog.txt 2>&1 on vdhankar #####
##### Output of failed program (stdout + stderr): #####
Traceback (most recent call last):
  File "homework.py", line 546, in <module>
    print(end-start)
NameError: name 'end' is not defined
##### End of output of failed program #####
##### vdhankar plays [E g5 h4] in 9.85116004943848s #####
##### Running: /usr/lib/jvm/jdk-14.0.1/bin/java -jar /lab/itti/projects/checkers-competition/server/referee.jar on run_14_kgunda_vdhankar #####
Move is valid
##### SUCCESS: /usr/lib/jvm/jdk-14.0.1/bin/java -jar /lab/itti/projects/checkers-competition/server/referee.jar on run_14_kgunda_vdhankar #####
INPUT for kgunda:
GAME
WHITE
299.69
.b.b.b.b
b.b.b.b.
.b.b.b..
........
...w...b
w.w...w.
.w.w.w.w
w.w.w.w.
##### Running: /usr/bin/time -o time_14_kgunda_vdhankar.txt -f "%U" /usr/lib/jvm/jdk-14.0.1/bin/java homework > stulog.txt 2>&1 on kgunda #####
##### SUCCESS: /usr/bin/time -o time_14_kgunda_vdhankar.txt -f "%U" /usr/lib/jvm/jdk-14.0.1/bin/java homework > stulog.txt 2>&1 on kgunda #####
##### kgunda plays [E d2 e3] in 0.28s #####
##### Running: /usr/lib/jvm/jdk-14.0.1/bin/java -jar /lab/itti/projects/checkers-competition/server/referee.jar on run_14_kgunda_vdhankar #####
Move is valid
##### SUCCESS: /usr/lib/jvm/jdk-14.0.1/bin/java -jar /lab/itti/projects/checkers-competition/server/referee.jar on run_14_kgunda_vdhankar #####
INPUT for vdhankar:
GAME
BLACK
278.115099906921
.b.b.b.b
b.b.b.b.
.b.b.b..
........
...w...b
w.w.w.w.
.w...w.w
w.w.w.w.
##### Running: /usr/bin/time -o time_14_kgunda_vdhankar.txt -f "%U" python3 homework.py > stulog.txt 2>&1 on vdhankar #####
child exited with value 1
##### ERROR: /usr/bin/time -o time_14_kgunda_vdhankar.txt -f "%U" python3 homework.py > stulog.txt 2>&1 on vdhankar #####
##### Output of failed program (stdout + stderr): #####
Traceback (most recent call last):
  File "homework.py", line 546, in <module>
    print(end-start)
NameError: name 'end' is not defined
##### End of output of failed program #####
##### vdhankar plays [E d6 e5] in 9.68810820579529s #####
##### Running: /usr/lib/jvm/jdk-14.0.1/bin/java -jar /lab/itti/projects/checkers-competition/server/referee.jar on run_14_kgunda_vdhankar #####
Move is valid
##### SUCCESS: /usr/lib/jvm/jdk-14.0.1/bin/java -jar /lab/itti/projects/checkers-competition/server/referee.jar on run_14_kgunda_vdhankar #####
INPUT for kgunda:
GAME
WHITE
299.41
.b.b.b.b
b.b.b.b.
.b...b..
....b...
...w...b
w.w.w.w.
.w...w.w
w.w.w.w.
##### Running: /usr/bin/time -o time_14_kgunda_vdhankar.txt -f "%U" /usr/lib/jvm/jdk-14.0.1/bin/java homework > stulog.txt 2>&1 on kgunda #####
##### SUCCESS: /usr/bin/time -o time_14_kgunda_vdhankar.txt -f "%U" /usr/lib/jvm/jdk-14.0.1/bin/java homework > stulog.txt 2>&1 on kgunda #####
##### kgunda plays [E e1 d2] in 0.24s #####
##### Running: /usr/lib/jvm/jdk-14.0.1/bin/java -jar /lab/itti/projects/checkers-competition/server/referee.jar on run_14_kgunda_vdhankar #####
Move is valid
##### SUCCESS: /usr/lib/jvm/jdk-14.0.1/bin/java -jar /lab/itti/projects/checkers-competition/server/referee.jar on run_14_kgunda_vdhankar #####
INPUT for vdhankar:
GAME
BLACK
268.426991701126
.b.b.b.b
b.b.b.b.
.b...b..
....b...
...w...b
w.w.w.w.
.w.w.w.w
w.w...w.
##### Running: /usr/bin/time -o time_14_kgunda_vdhankar.txt -f "%U" python3 homework.py > stulog.txt 2>&1 on vdhankar #####
child exited with value 1
##### ERROR: /usr/bin/time -o time_14_kgunda_vdhankar.txt -f "%U" python3 homework.py > stulog.txt 2>&1 on vdhankar #####
##### Output of failed program (stdout + stderr): #####
Traceback (most recent call last):
  File "homework.py", line 546, in <module>
    print(end-start)
NameError: name 'end' is not defined
##### End of output of failed program #####
##### vdhankar plays [E c7 d6] in 4.13929486274719s #####
##### Running: /usr/lib/jvm/jdk-14.0.1/bin/java -jar /lab/itti/projects/checkers-competition/server/referee.jar on run_14_kgunda_vdhankar #####
Move is valid
##### SUCCESS: /usr/lib/jvm/jdk-14.0.1/bin/java -jar /lab/itti/projects/checkers-competition/server/referee.jar on run_14_kgunda_vdhankar #####
INPUT for kgunda:
GAME
WHITE
299.17
.b.b.b.b
b...b.b.
.b.b.b..
....b...
...w...b
w.w.w.w.
.w.w.w.w
w.w...w.
##### Running: /usr/bin/time -o time_14_kgunda_vdhankar.txt -f "%U" /usr/lib/jvm/jdk-14.0.1/bin/java homework > stulog.txt 2>&1 on kgunda #####
##### SUCCESS: /usr/bin/time -o time_14_kgunda_vdhankar.txt -f "%U" /usr/lib/jvm/jdk-14.0.1/bin/java homework > stulog.txt 2>&1 on kgunda #####
##### kgunda plays [E e3 f4] in 0.23s #####
##### Running: /usr/lib/jvm/jdk-14.0.1/bin/java -jar /lab/itti/projects/checkers-competition/server/referee.jar on run_14_kgunda_vdhankar #####
Move is valid
##### SUCCESS: /usr/lib/jvm/jdk-14.0.1/bin/java -jar /lab/itti/projects/checkers-competition/server/referee.jar on run_14_kgunda_vdhankar #####
INPUT for vdhankar:
GAME
BLACK
264.287696838379
.b.b.b.b
b...b.b.
.b.b.b..
....b...
...w.w.b
w.w...w.
.w.w.w.w
w.w...w.
##### Running: /usr/bin/time -o time_14_kgunda_vdhankar.txt -f "%U" python3 homework.py > stulog.txt 2>&1 on vdhankar #####
child exited with value 1
##### ERROR: /usr/bin/time -o time_14_kgunda_vdhankar.txt -f "%U" python3 homework.py > stulog.txt 2>&1 on vdhankar #####
##### Output of failed program (stdout + stderr): #####
Traceback (most recent call last):
  File "homework.py", line 546, in <module>
    print(end-start)
NameError: name 'end' is not defined
##### End of output of failed program #####
##### vdhankar plays [E g7 h6] in 3.76250195503235s #####
##### Running: /usr/lib/jvm/jdk-14.0.1/bin/java -jar /lab/itti/projects/checkers-competition/server/referee.jar on run_14_kgunda_vdhankar #####
Move is valid
##### SUCCESS: /usr/lib/jvm/jdk-14.0.1/bin/java -jar /lab/itti/projects/checkers-competition/server/referee.jar on run_14_kgunda_vdhankar #####
INPUT for kgunda:
GAME
WHITE
298.94
.b.b.b.b
b...b...
.b.b.b.b
....b...
...w.w.b
w.w...w.
.w.w.w.w
w.w...w.
##### Running: /usr/bin/time -o time_14_kgunda_vdhankar.txt -f "%U" /usr/lib/jvm/jdk-14.0.1/bin/java homework > stulog.txt 2>&1 on kgunda #####
##### SUCCESS: /usr/bin/time -o time_14_kgunda_vdhankar.txt -f "%U" /usr/lib/jvm/jdk-14.0.1/bin/java homework > stulog.txt 2>&1 on kgunda #####
##### kgunda plays [E d2 e3] in 0.25s #####
##### Running: /usr/lib/jvm/jdk-14.0.1/bin/java -jar /lab/itti/projects/checkers-competition/server/referee.jar on run_14_kgunda_vdhankar #####
Move is valid
##### SUCCESS: /usr/lib/jvm/jdk-14.0.1/bin/java -jar /lab/itti/projects/checkers-competition/server/referee.jar on run_14_kgunda_vdhankar #####
INPUT for vdhankar:
GAME
BLACK
260.525194883347
.b.b.b.b
b...b...
.b.b.b.b
....b...
...w.w.b
w.w.w.w.
.w...w.w
w.w...w.
##### Running: /usr/bin/time -o time_14_kgunda_vdhankar.txt -f "%U" python3 homework.py > stulog.txt 2>&1 on vdhankar #####
child exited with value 1
##### ERROR: /usr/bin/time -o time_14_kgunda_vdhankar.txt -f "%U" python3 homework.py > stulog.txt 2>&1 on vdhankar #####
##### Output of failed program (stdout + stderr): #####
Traceback (most recent call last):
  File "homework.py", line 546, in <module>
    print(end-start)
NameError: name 'end' is not defined
##### End of output of failed program #####
##### vdhankar plays [E b6 a5] in 2.47817707061768s #####
##### Running: /usr/lib/jvm/jdk-14.0.1/bin/java -jar /lab/itti/projects/checkers-competition/server/referee.jar on run_14_kgunda_vdhankar #####
Move is valid
##### SUCCESS: /usr/lib/jvm/jdk-14.0.1/bin/java -jar /lab/itti/projects/checkers-competition/server/referee.jar on run_14_kgunda_vdhankar #####
INPUT for kgunda:
GAME
WHITE
298.69
.b.b.b.b
b...b...
...b.b.b
b...b...
...w.w.b
w.w.w.w.
.w...w.w
w.w...w.
##### Running: /usr/bin/time -o time_14_kgunda_vdhankar.txt -f "%U" /usr/lib/jvm/jdk-14.0.1/bin/java homework > stulog.txt 2>&1 on kgunda #####
##### SUCCESS: /usr/bin/time -o time_14_kgunda_vdhankar.txt -f "%U" /usr/lib/jvm/jdk-14.0.1/bin/java homework > stulog.txt 2>&1 on kgunda #####
##### kgunda plays [E a3 b4] in 0.21s #####
##### Running: /usr/lib/jvm/jdk-14.0.1/bin/java -jar /lab/itti/projects/checkers-competition/server/referee.jar on run_14_kgunda_vdhankar #####
Move is valid
##### SUCCESS: /usr/lib/jvm/jdk-14.0.1/bin/java -jar /lab/itti/projects/checkers-competition/server/referee.jar on run_14_kgunda_vdhankar #####
INPUT for vdhankar:
GAME
BLACK
258.047017812729
.b.b.b.b
b...b...
...b.b.b
b...b...
.w.w.w.b
..w.w.w.
.w...w.w
w.w...w.
##### Running: /usr/bin/time -o time_14_kgunda_vdhankar.txt -f "%U" python3 homework.py > stulog.txt 2>&1 on vdhankar #####
child exited with value 1
##### ERROR: /usr/bin/time -o time_14_kgunda_vdhankar.txt -f "%U" python3 homework.py > stulog.txt 2>&1 on vdhankar #####
##### Output of failed program (stdout + stderr): #####
Traceback (most recent call last):
  File "homework.py", line 546, in <module>
    print(end-start)
NameError: name 'end' is not defined
##### End of output of failed program #####
##### vdhankar plays [E a7 b6] in 2.92228603363037s #####
##### Running: /usr/lib/jvm/jdk-14.0.1/bin/java -jar /lab/itti/projects/checkers-competition/server/referee.jar on run_14_kgunda_vdhankar #####
Move is valid
##### SUCCESS: /usr/lib/jvm/jdk-14.0.1/bin/java -jar /lab/itti/projects/checkers-competition/server/referee.jar on run_14_kgunda_vdhankar #####
INPUT for kgunda:
GAME
WHITE
298.48
.b.b.b.b
....b...
.b.b.b.b
b...b...
.w.w.w.b
..w.w.w.
.w...w.w
w.w...w.
##### Running: /usr/bin/time -o time_14_kgunda_vdhankar.txt -f "%U" /usr/lib/jvm/jdk-14.0.1/bin/java homework > stulog.txt 2>&1 on kgunda #####
##### SUCCESS: /usr/bin/time -o time_14_kgunda_vdhankar.txt -f "%U" /usr/lib/jvm/jdk-14.0.1/bin/java homework > stulog.txt 2>&1 on kgunda #####
##### kgunda plays [E c1 d2] in 0.22s #####
##### Running: /usr/lib/jvm/jdk-14.0.1/bin/java -jar /lab/itti/projects/checkers-competition/server/referee.jar on run_14_kgunda_vdhankar #####
Move is valid
##### SUCCESS: /usr/lib/jvm/jdk-14.0.1/bin/java -jar /lab/itti/projects/checkers-competition/server/referee.jar on run_14_kgunda_vdhankar #####
INPUT for vdhankar:
GAME
BLACK
255.124731779099
.b.b.b.b
....b...
.b.b.b.b
b...b...
.w.w.w.b
..w.w.w.
.w.w.w.w
w.....w.
##### Running: /usr/bin/time -o time_14_kgunda_vdhankar.txt -f "%U" python3 homework.py > stulog.txt 2>&1 on vdhankar #####
child exited with value 1
##### ERROR: /usr/bin/time -o time_14_kgunda_vdhankar.txt -f "%U" python3 homework.py > stulog.txt 2>&1 on vdhankar #####
##### Output of failed program (stdout + stderr): #####
Traceback (most recent call last):
  File "homework.py", line 546, in <module>
    print(end-start)
NameError: name 'end' is not defined
##### End of output of failed program #####
##### vdhankar plays [E f6 g5] in 1.82299995422363s #####
##### Running: /usr/lib/jvm/jdk-14.0.1/bin/java -jar /lab/itti/projects/checkers-competition/server/referee.jar on run_14_kgunda_vdhankar #####
Move is valid
##### SUCCESS: /usr/lib/jvm/jdk-14.0.1/bin/java -jar /lab/itti/projects/checkers-competition/server/referee.jar on run_14_kgunda_vdhankar #####
INPUT for kgunda:
GAME
WHITE
298.26
.b.b.b.b
....b...
.b.b...b
b...b.b.
.w.w.w.b
..w.w.w.
.w.w.w.w
w.....w.
##### Running: /usr/bin/time -o time_14_kgunda_vdhankar.txt -f "%U" /usr/lib/jvm/jdk-14.0.1/bin/java homework > stulog.txt 2>&1 on kgunda #####
##### SUCCESS: /usr/bin/time -o time_14_kgunda_vdhankar.txt -f "%U" /usr/lib/jvm/jdk-14.0.1/bin/java homework > stulog.txt 2>&1 on kgunda #####
##### kgunda plays [J d4 f6] in 0.18s #####
##### Running: /usr/lib/jvm/jdk-14.0.1/bin/java -jar /lab/itti/projects/checkers-competition/server/referee.jar on run_14_kgunda_vdhankar #####
Move is valid
##### SUCCESS: /usr/lib/jvm/jdk-14.0.1/bin/java -jar /lab/itti/projects/checkers-competition/server/referee.jar on run_14_kgunda_vdhankar #####
INPUT for vdhankar:
GAME
BLACK
253.301731824875
.b.b.b.b
....b...
.b.b.w.b
b.....b.
.w...w.b
..w.w.w.
.w.w.w.w
w.....w.
##### Running: /usr/bin/time -o time_14_kgunda_vdhankar.txt -f "%U" python3 homework.py > stulog.txt 2>&1 on vdhankar #####
child exited with value 1
##### ERROR: /usr/bin/time -o time_14_kgunda_vdhankar.txt -f "%U" python3 homework.py > stulog.txt 2>&1 on vdhankar #####
##### Output of failed program (stdout + stderr): #####
Traceback (most recent call last):
  File "homework.py", line 546, in <module>
    print(end-start)
NameError: name 'end' is not defined
##### End of output of failed program #####
##### vdhankar plays [E d6 e5] in 2.72866201400757s #####
##### Running: /usr/lib/jvm/jdk-14.0.1/bin/java -jar /lab/itti/projects/checkers-competition/server/referee.jar on run_14_kgunda_vdhankar #####
Move is valid
##### SUCCESS: /usr/lib/jvm/jdk-14.0.1/bin/java -jar /lab/itti/projects/checkers-competition/server/referee.jar on run_14_kgunda_vdhankar #####
INPUT for kgunda:
GAME
WHITE
298.08
.b.b.b.b
....b...
.b...w.b
b...b.b.
.w...w.b
..w.w.w.
.w.w.w.w
w.....w.
##### Running: /usr/bin/time -o time_14_kgunda_vdhankar.txt -f "%U" /usr/lib/jvm/jdk-14.0.1/bin/java homework > stulog.txt 2>&1 on kgunda #####
##### SUCCESS: /usr/bin/time -o time_14_kgunda_vdhankar.txt -f "%U" /usr/lib/jvm/jdk-14.0.1/bin/java homework > stulog.txt 2>&1 on kgunda #####
##### kgunda plays [J f4 d6] in 0.13s #####
##### Running: /usr/lib/jvm/jdk-14.0.1/bin/java -jar /lab/itti/projects/checkers-competition/server/referee.jar on run_14_kgunda_vdhankar #####
Move is valid
##### SUCCESS: /usr/lib/jvm/jdk-14.0.1/bin/java -jar /lab/itti/projects/checkers-competition/server/referee.jar on run_14_kgunda_vdhankar #####
INPUT for vdhankar:
GAME
BLACK
250.573069810867
.b.b.b.b
....b...
.b.w.w.b
b.....b.
.w.....b
..w.w.w.
.w.w.w.w
w.....w.
##### Running: /usr/bin/time -o time_14_kgunda_vdhankar.txt -f "%U" python3 homework.py > stulog.txt 2>&1 on vdhankar #####
child exited with value 1
##### ERROR: /usr/bin/time -o time_14_kgunda_vdhankar.txt -f "%U" python3 homework.py > stulog.txt 2>&1 on vdhankar #####
##### Output of failed program (stdout + stderr): #####
Traceback (most recent call last):
  File "homework.py", line 546, in <module>
    print(end-start)
NameError: name 'end' is not defined
##### End of output of failed program #####
##### vdhankar plays [J e7 c5 ; J c5 a3 ; J a3 c1] in 3.48388195037842s #####
##### Running: /usr/lib/jvm/jdk-14.0.1/bin/java -jar /lab/itti/projects/checkers-competition/server/referee.jar on run_14_kgunda_vdhankar #####
Move is valid
##### SUCCESS: /usr/lib/jvm/jdk-14.0.1/bin/java -jar /lab/itti/projects/checkers-competition/server/referee.jar on run_14_kgunda_vdhankar #####
INPUT for kgunda:
GAME
WHITE
297.95
.b.b.b.b
........
.b...w.b
b.....b.
.......b
..w.w.w.
...w.w.w
w.B...w.
##### Running: /usr/bin/time -o time_14_kgunda_vdhankar.txt -f "%U" /usr/lib/jvm/jdk-14.0.1/bin/java homework > stulog.txt 2>&1 on kgunda #####
##### SUCCESS: /usr/bin/time -o time_14_kgunda_vdhankar.txt -f "%U" /usr/lib/jvm/jdk-14.0.1/bin/java homework > stulog.txt 2>&1 on kgunda #####
##### kgunda plays [E e3 f4] in 0.2s #####
##### Running: /usr/lib/jvm/jdk-14.0.1/bin/java -jar /lab/itti/projects/checkers-competition/server/referee.jar on run_14_kgunda_vdhankar #####
Move is valid
##### SUCCESS: /usr/lib/jvm/jdk-14.0.1/bin/java -jar /lab/itti/projects/checkers-competition/server/referee.jar on run_14_kgunda_vdhankar #####
INPUT for vdhankar:
GAME
BLACK
247.089187860489
.b.b.b.b
........
.b...w.b
b.....b.
.....w.b
..w...w.
...w.w.w
w.B...w.
##### Running: /usr/bin/time -o time_14_kgunda_vdhankar.txt -f "%U" python3 homework.py > stulog.txt 2>&1 on vdhankar #####
child exited with value 1
##### ERROR: /usr/bin/time -o time_14_kgunda_vdhankar.txt -f "%U" python3 homework.py > stulog.txt 2>&1 on vdhankar #####
##### Output of failed program (stdout + stderr): #####
Traceback (most recent call last):
  File "homework.py", line 546, in <module>
    print(end-start)
NameError: name 'end' is not defined
##### End of output of failed program #####
##### vdhankar plays [J g5 e3] in 2.33003115653992s #####
##### Running: /usr/lib/jvm/jdk-14.0.1/bin/java -jar /lab/itti/projects/checkers-competition/server/referee.jar on run_14_kgunda_vdhankar #####
Move is valid
##### SUCCESS: /usr/lib/jvm/jdk-14.0.1/bin/java -jar /lab/itti/projects/checkers-competition/server/referee.jar on run_14_kgunda_vdhankar #####
INPUT for kgunda:
GAME
WHITE
297.75
.b.b.b.b
........
.b...w.b
b.......
.......b
..w.b.w.
...w.w.w
w.B...w.
##### Running: /usr/bin/time -o time_14_kgunda_vdhankar.txt -f "%U" /usr/lib/jvm/jdk-14.0.1/bin/java homework > stulog.txt 2>&1 on kgunda #####
##### SUCCESS: /usr/bin/time -o time_14_kgunda_vdhankar.txt -f "%U" /usr/lib/jvm/jdk-14.0.1/bin/java homework > stulog.txt 2>&1 on kgunda #####
##### kgunda plays [J f2 d4] in 0.21s #####
##### Running: /usr/lib/jvm/jdk-14.0.1/bin/java -jar /lab/itti/projects/checkers-competition/server/referee.jar on run_14_kgunda_vdhankar #####
Move is valid
##### SUCCESS: /usr/lib/jvm/jdk-14.0.1/bin/java -jar /lab/itti/projects/checkers-competition/server/referee.jar on run_14_kgunda_vdhankar #####
INPUT for vdhankar:
GAME
BLACK
244.759156703949
.b.b.b.b
........
.b...w.b
b.......
...w...b
..w...w.
...w...w
w.B...w.
##### Running: /usr/bin/time -o time_14_kgunda_vdhankar.txt -f "%U" python3 homework.py > stulog.txt 2>&1 on vdhankar #####
child exited with value 1
##### ERROR: /usr/bin/time -o time_14_kgunda_vdhankar.txt -f "%U" python3 homework.py > stulog.txt 2>&1 on vdhankar #####
##### Output of failed program (stdout + stderr): #####
Traceback (most recent call last):
  File "homework.py", line 546, in <module>
    print(end-start)
NameError: name 'end' is not defined
##### End of output of failed program #####
##### vdhankar plays [J c1 e3 ; J e3 c5] in 5.24362993240356s #####
##### Running: /usr/lib/jvm/jdk-14.0.1/bin/java -jar /lab/itti/projects/checkers-competition/server/referee.jar on run_14_kgunda_vdhankar #####
Move is valid
##### SUCCESS: /usr/lib/jvm/jdk-14.0.1/bin/java -jar /lab/itti/projects/checkers-competition/server/referee.jar on run_14_kgunda_vdhankar #####
INPUT for kgunda:
GAME
WHITE
297.54
.b.b.b.b
........
.b...w.b
b.B.....
.......b
..w...w.
.......w
w.....w.
##### Running: /usr/bin/time -o time_14_kgunda_vdhankar.txt -f "%U" /usr/lib/jvm/jdk-14.0.1/bin/java homework > stulog.txt 2>&1 on kgunda #####
##### SUCCESS: /usr/bin/time -o time_14_kgunda_vdhankar.txt -f "%U" /usr/lib/jvm/jdk-14.0.1/bin/java homework > stulog.txt 2>&1 on kgunda #####
##### kgunda plays [E f6 g7] in 0.27s #####
##### Running: /usr/lib/jvm/jdk-14.0.1/bin/java -jar /lab/itti/projects/checkers-competition/server/referee.jar on run_14_kgunda_vdhankar #####
Move is valid
##### SUCCESS: /usr/lib/jvm/jdk-14.0.1/bin/java -jar /lab/itti/projects/checkers-competition/server/referee.jar on run_14_kgunda_vdhankar #####
INPUT for vdhankar:
GAME
BLACK
239.515526771545
.b.b.b.b
......w.
.b.....b
b.B.....
.......b
..w...w.
.......w
w.....w.
##### Running: /usr/bin/time -o time_14_kgunda_vdhankar.txt -f "%U" python3 homework.py > stulog.txt 2>&1 on vdhankar #####
child exited with value 1
##### ERROR: /usr/bin/time -o time_14_kgunda_vdhankar.txt -f "%U" python3 homework.py > stulog.txt 2>&1 on vdhankar #####
##### Output of failed program (stdout + stderr): #####
Traceback (most recent call last):
  File "homework.py", line 546, in <module>
    print(end-start)
NameError: name 'end' is not defined
##### End of output of failed program #####
##### vdhankar plays [J h4 f2] in 2.43793988227844s #####
##### Running: /usr/lib/jvm/jdk-14.0.1/bin/java -jar /lab/itti/projects/checkers-competition/server/referee.jar on run_14_kgunda_vdhankar #####
Move is valid
##### SUCCESS: /usr/lib/jvm/jdk-14.0.1/bin/java -jar /lab/itti/projects/checkers-competition/server/referee.jar on run_14_kgunda_vdhankar #####
INPUT for kgunda:
GAME
WHITE
297.27
.b.b.b.b
......w.
.b.....b
b.B.....
........
..w.....
.....b.w
w.....w.
##### Running: /usr/bin/time -o time_14_kgunda_vdhankar.txt -f "%U" /usr/lib/jvm/jdk-14.0.1/bin/java homework > stulog.txt 2>&1 on kgunda #####
##### SUCCESS: /usr/bin/time -o time_14_kgunda_vdhankar.txt -f "%U" /usr/lib/jvm/jdk-14.0.1/bin/java homework > stulog.txt 2>&1 on kgunda #####
##### kgunda plays [J g1 e3] in 0.12s #####
##### Running: /usr/lib/jvm/jdk-14.0.1/bin/java -jar /lab/itti/projects/checkers-competition/server/referee.jar on run_14_kgunda_vdhankar #####
Move is valid
##### SUCCESS: /usr/lib/jvm/jdk-14.0.1/bin/java -jar /lab/itti/projects/checkers-competition/server/referee.jar on run_14_kgunda_vdhankar #####
INPUT for vdhankar:
GAME
BLACK
237.077586889267
.b.b.b.b
......w.
.b.....b
b.B.....
........
..w.w...
.......w
w.......
##### Running: /usr/bin/time -o time_14_kgunda_vdhankar.txt -f "%U" python3 homework.py > stulog.txt 2>&1 on vdhankar #####
child exited with value 1
##### ERROR: /usr/bin/time -o time_14_kgunda_vdhankar.txt -f "%U" python3 homework.py > stulog.txt 2>&1 on vdhankar #####
##### Output of failed program (stdout + stderr): #####
Traceback (most recent call last):
  File "homework.py", line 546, in <module>
    print(end-start)
NameError: name 'end' is not defined
##### End of output of failed program #####
##### vdhankar plays [J h8 f6] in 5.16388702392578s #####
##### Running: /usr/lib/jvm/jdk-14.0.1/bin/java -jar /lab/itti/projects/checkers-competition/server/referee.jar on run_14_kgunda_vdhankar #####
Move is valid
##### SUCCESS: /usr/lib/jvm/jdk-14.0.1/bin/java -jar /lab/itti/projects/checkers-competition/server/referee.jar on run_14_kgunda_vdhankar #####
INPUT for kgunda:
GAME
WHITE
297.15
.b.b.b..
........
.b...b.b
b.B.....
........
..w.w...
.......w
w.......
##### Running: /usr/bin/time -o time_14_kgunda_vdhankar.txt -f "%U" /usr/lib/jvm/jdk-14.0.1/bin/java homework > stulog.txt 2>&1 on kgunda #####
##### SUCCESS: /usr/bin/time -o time_14_kgunda_vdhankar.txt -f "%U" /usr/lib/jvm/jdk-14.0.1/bin/java homework > stulog.txt 2>&1 on kgunda #####
##### kgunda plays [E e3 f4] in 0.23s #####
##### Running: /usr/lib/jvm/jdk-14.0.1/bin/java -jar /lab/itti/projects/checkers-competition/server/referee.jar on run_14_kgunda_vdhankar #####
Move is valid
##### SUCCESS: /usr/lib/jvm/jdk-14.0.1/bin/java -jar /lab/itti/projects/checkers-competition/server/referee.jar on run_14_kgunda_vdhankar #####
INPUT for vdhankar:
GAME
BLACK
231.913699865341
.b.b.b..
........
.b...b.b
b.B.....
.....w..
..w.....
.......w
w.......
##### Running: /usr/bin/time -o time_14_kgunda_vdhankar.txt -f "%U" python3 homework.py > stulog.txt 2>&1 on vdhankar #####
child exited with value 1
##### ERROR: /usr/bin/time -o time_14_kgunda_vdhankar.txt -f "%U" python3 homework.py > stulog.txt 2>&1 on vdhankar #####
##### Output of failed program (stdout + stderr): #####
Traceback (most recent call last):
  File "homework.py", line 546, in <module>
    print(end-start)
NameError: name 'end' is not defined
##### End of output of failed program #####
##### vdhankar plays [E f6 g5] in 12.4745638370514s #####
##### Running: /usr/lib/jvm/jdk-14.0.1/bin/java -jar /lab/itti/projects/checkers-competition/server/referee.jar on run_14_kgunda_vdhankar #####
Move is valid
##### SUCCESS: /usr/lib/jvm/jdk-14.0.1/bin/java -jar /lab/itti/projects/checkers-competition/server/referee.jar on run_14_kgunda_vdhankar #####
INPUT for kgunda:
GAME
WHITE
296.92
.b.b.b..
........
.b.....b
b.B...b.
.....w..
..w.....
.......w
w.......
##### Running: /usr/bin/time -o time_14_kgunda_vdhankar.txt -f "%U" /usr/lib/jvm/jdk-14.0.1/bin/java homework > stulog.txt 2>&1 on kgunda #####
##### SUCCESS: /usr/bin/time -o time_14_kgunda_vdhankar.txt -f "%U" /usr/lib/jvm/jdk-14.0.1/bin/java homework > stulog.txt 2>&1 on kgunda #####
##### kgunda plays [E a1 b2] in 0.14s #####
##### Running: /usr/lib/jvm/jdk-14.0.1/bin/java -jar /lab/itti/projects/checkers-competition/server/referee.jar on run_14_kgunda_vdhankar #####
Move is valid
##### SUCCESS: /usr/lib/jvm/jdk-14.0.1/bin/java -jar /lab/itti/projects/checkers-competition/server/referee.jar on run_14_kgunda_vdhankar #####
INPUT for vdhankar:
GAME
BLACK
219.43913602829
.b.b.b..
........
.b.....b
b.B...b.
.....w..
..w.....
.w.....w
........
##### Running: /usr/bin/time -o time_14_kgunda_vdhankar.txt -f "%U" python3 homework.py > stulog.txt 2>&1 on vdhankar #####
child exited with value 1
##### ERROR: /usr/bin/time -o time_14_kgunda_vdhankar.txt -f "%U" python3 homework.py > stulog.txt 2>&1 on vdhankar #####
##### Output of failed program (stdout + stderr): #####
Traceback (most recent call last):
  File "homework.py", line 546, in <module>
    print(end-start)
NameError: name 'end' is not defined
##### End of output of failed program #####
##### vdhankar plays [J g5 e3] in 6.54170894622803s #####
##### Running: /usr/lib/jvm/jdk-14.0.1/bin/java -jar /lab/itti/projects/checkers-competition/server/referee.jar on run_14_kgunda_vdhankar #####
Move is valid
##### SUCCESS: /usr/lib/jvm/jdk-14.0.1/bin/java -jar /lab/itti/projects/checkers-competition/server/referee.jar on run_14_kgunda_vdhankar #####
INPUT for kgunda:
GAME
WHITE
296.78
.b.b.b..
........
.b.....b
b.B.....
........
..w.b...
.w.....w
........
##### Running: /usr/bin/time -o time_14_kgunda_vdhankar.txt -f "%U" /usr/lib/jvm/jdk-14.0.1/bin/java homework > stulog.txt 2>&1 on kgunda #####
##### SUCCESS: /usr/bin/time -o time_14_kgunda_vdhankar.txt -f "%U" /usr/lib/jvm/jdk-14.0.1/bin/java homework > stulog.txt 2>&1 on kgunda #####
##### kgunda plays [E c3 d4] in 0.22s #####
##### Running: /usr/lib/jvm/jdk-14.0.1/bin/java -jar /lab/itti/projects/checkers-competition/server/referee.jar on run_14_kgunda_vdhankar #####
Move is valid
##### SUCCESS: /usr/lib/jvm/jdk-14.0.1/bin/java -jar /lab/itti/projects/checkers-competition/server/referee.jar on run_14_kgunda_vdhankar #####
INPUT for vdhankar:
GAME
BLACK
212.897427082062
.b.b.b..
........
.b.....b
b.B.....
...w....
....b...
.w.....w
........
##### Running: /usr/bin/time -o time_14_kgunda_vdhankar.txt -f "%U" python3 homework.py > stulog.txt 2>&1 on vdhankar #####
child exited with value 1
##### ERROR: /usr/bin/time -o time_14_kgunda_vdhankar.txt -f "%U" python3 homework.py > stulog.txt 2>&1 on vdhankar #####
##### Output of failed program (stdout + stderr): #####
Traceback (most recent call last):
  File "homework.py", line 546, in <module>
    print(end-start)
NameError: name 'end' is not defined
##### End of output of failed program #####
##### vdhankar plays [E e3 f2] in 33.8867220878601s #####
##### Running: /usr/lib/jvm/jdk-14.0.1/bin/java -jar /lab/itti/projects/checkers-competition/server/referee.jar on run_14_kgunda_vdhankar #####
Move is valid
##### SUCCESS: /usr/lib/jvm/jdk-14.0.1/bin/java -jar /lab/itti/projects/checkers-competition/server/referee.jar on run_14_kgunda_vdhankar #####
INPUT for kgunda:
GAME
WHITE
296.56
.b.b.b..
........
.b.....b
b.B.....
...w....
........
.w...b.w
........
##### Running: /usr/bin/time -o time_14_kgunda_vdhankar.txt -f "%U" /usr/lib/jvm/jdk-14.0.1/bin/java homework > stulog.txt 2>&1 on kgunda #####
##### SUCCESS: /usr/bin/time -o time_14_kgunda_vdhankar.txt -f "%U" /usr/lib/jvm/jdk-14.0.1/bin/java homework > stulog.txt 2>&1 on kgunda #####
##### kgunda plays [E h2 g3] in 0.24s #####
##### Running: /usr/lib/jvm/jdk-14.0.1/bin/java -jar /lab/itti/projects/checkers-competition/server/referee.jar on run_14_kgunda_vdhankar #####
Move is valid
##### SUCCESS: /usr/lib/jvm/jdk-14.0.1/bin/java -jar /lab/itti/projects/checkers-competition/server/referee.jar on run_14_kgunda_vdhankar #####
INPUT for vdhankar:
GAME
BLACK
179.010704994202
.b.b.b..
........
.b.....b
b.B.....
...w....
......w.
.w...b..
........
##### Running: /usr/bin/time -o time_14_kgunda_vdhankar.txt -f "%U" python3 homework.py > stulog.txt 2>&1 on vdhankar #####
child exited with value 1
##### ERROR: /usr/bin/time -o time_14_kgunda_vdhankar.txt -f "%U" python3 homework.py > stulog.txt 2>&1 on vdhankar #####
##### Output of failed program (stdout + stderr): #####
Traceback (most recent call last):
  File "homework.py", line 546, in <module>
    print(end-start)
NameError: name 'end' is not defined
##### End of output of failed program #####
##### vdhankar plays [J c5 e3] in 1.65634703636169s #####
##### Running: /usr/lib/jvm/jdk-14.0.1/bin/java -jar /lab/itti/projects/checkers-competition/server/referee.jar on run_14_kgunda_vdhankar #####
Move is valid
##### SUCCESS: /usr/lib/jvm/jdk-14.0.1/bin/java -jar /lab/itti/projects/checkers-competition/server/referee.jar on run_14_kgunda_vdhankar #####
INPUT for kgunda:
GAME
WHITE
296.32
.b.b.b..
........
.b.....b
b.......
........
....B.w.
.w...b..
........
##### Running: /usr/bin/time -o time_14_kgunda_vdhankar.txt -f "%U" /usr/lib/jvm/jdk-14.0.1/bin/java homework > stulog.txt 2>&1 on kgunda #####
##### SUCCESS: /usr/bin/time -o time_14_kgunda_vdhankar.txt -f "%U" /usr/lib/jvm/jdk-14.0.1/bin/java homework > stulog.txt 2>&1 on kgunda #####
##### kgunda plays [E b2 a3] in 0.2s #####
##### Running: /usr/lib/jvm/jdk-14.0.1/bin/java -jar /lab/itti/projects/checkers-competition/server/referee.jar on run_14_kgunda_vdhankar #####
Move is valid
##### SUCCESS: /usr/lib/jvm/jdk-14.0.1/bin/java -jar /lab/itti/projects/checkers-competition/server/referee.jar on run_14_kgunda_vdhankar #####
INPUT for vdhankar:
GAME
BLACK
177.35435795784
.b.b.b..
........
.b.....b
b.......
........
w...B.w.
.....b..
........
##### Running: /usr/bin/time -o time_14_kgunda_vdhankar.txt -f "%U" python3 homework.py > stulog.txt 2>&1 on vdhankar #####
child exited with value 1
##### ERROR: /usr/bin/time -o time_14_kgunda_vdhankar.txt -f "%U" python3 homework.py > stulog.txt 2>&1 on vdhankar #####
##### Output of failed program (stdout + stderr): #####
Traceback (most recent call last):
  File "homework.py", line 546, in <module>
    print(end-start)
NameError: name 'end' is not defined
##### End of output of failed program #####
##### vdhankar plays [E b8 a7] in 0.326802015304565s #####
##### Running: /usr/lib/jvm/jdk-14.0.1/bin/java -jar /lab/itti/projects/checkers-competition/server/referee.jar on run_14_kgunda_vdhankar #####
Move is valid
##### SUCCESS: /usr/lib/jvm/jdk-14.0.1/bin/java -jar /lab/itti/projects/checkers-competition/server/referee.jar on run_14_kgunda_vdhankar #####
INPUT for kgunda:
GAME
WHITE
296.12
...b.b..
b.......
.b.....b
b.......
........
w...B.w.
.....b..
........
##### Running: /usr/bin/time -o time_14_kgunda_vdhankar.txt -f "%U" /usr/lib/jvm/jdk-14.0.1/bin/java homework > stulog.txt 2>&1 on kgunda #####
##### SUCCESS: /usr/bin/time -o time_14_kgunda_vdhankar.txt -f "%U" /usr/lib/jvm/jdk-14.0.1/bin/java homework > stulog.txt 2>&1 on kgunda #####
##### kgunda plays [E g3 h4] in 0.2s #####
##### Running: /usr/lib/jvm/jdk-14.0.1/bin/java -jar /lab/itti/projects/checkers-competition/server/referee.jar on run_14_kgunda_vdhankar #####
Move is valid
##### SUCCESS: /usr/lib/jvm/jdk-14.0.1/bin/java -jar /lab/itti/projects/checkers-competition/server/referee.jar on run_14_kgunda_vdhankar #####
INPUT for vdhankar:
GAME
BLACK
177.027555942535
...b.b..
b.......
.b.....b
b.......
.......w
w...B...
.....b..
........
##### Running: /usr/bin/time -o time_14_kgunda_vdhankar.txt -f "%U" python3 homework.py > stulog.txt 2>&1 on vdhankar #####
child exited with value 1
##### ERROR: /usr/bin/time -o time_14_kgunda_vdhankar.txt -f "%U" python3 homework.py > stulog.txt 2>&1 on vdhankar #####
##### Output of failed program (stdout + stderr): #####
Traceback (most recent call last):
  File "homework.py", line 546, in <module>
    print(end-start)
NameError: name 'end' is not defined
##### End of output of failed program #####
##### vdhankar plays [E d8 c7] in 0.332000017166138s #####
##### Running: /usr/lib/jvm/jdk-14.0.1/bin/java -jar /lab/itti/projects/checkers-competition/server/referee.jar on run_14_kgunda_vdhankar #####
Move is valid
##### SUCCESS: /usr/lib/jvm/jdk-14.0.1/bin/java -jar /lab/itti/projects/checkers-competition/server/referee.jar on run_14_kgunda_vdhankar #####
INPUT for kgunda:
GAME
WHITE
295.92
.....b..
b.b.....
.b.....b
b.......
.......w
w...B...
.....b..
........
##### Running: /usr/bin/time -o time_14_kgunda_vdhankar.txt -f "%U" /usr/lib/jvm/jdk-14.0.1/bin/java homework > stulog.txt 2>&1 on kgunda #####
##### SUCCESS: /usr/bin/time -o time_14_kgunda_vdhankar.txt -f "%U" /usr/lib/jvm/jdk-14.0.1/bin/java homework > stulog.txt 2>&1 on kgunda #####
##### kgunda plays [E h4 g5] in 0.15s #####
##### Running: /usr/lib/jvm/jdk-14.0.1/bin/java -jar /lab/itti/projects/checkers-competition/server/referee.jar on run_14_kgunda_vdhankar #####
Move is valid
##### SUCCESS: /usr/lib/jvm/jdk-14.0.1/bin/java -jar /lab/itti/projects/checkers-competition/server/referee.jar on run_14_kgunda_vdhankar #####
INPUT for vdhankar:
GAME
BLACK
176.695555925369
.....b..
b.b.....
.b.....b
b.....w.
........
w...B...
.....b..
........
##### Running: /usr/bin/time -o time_14_kgunda_vdhankar.txt -f "%U" python3 homework.py > stulog.txt 2>&1 on vdhankar #####
child exited with value 1
##### ERROR: /usr/bin/time -o time_14_kgunda_vdhankar.txt -f "%U" python3 homework.py > stulog.txt 2>&1 on vdhankar #####
##### Output of failed program (stdout + stderr): #####
Traceback (most recent call last):
  File "homework.py", line 546, in <module>
    print(end-start)
NameError: name 'end' is not defined
##### End of output of failed program #####
##### vdhankar plays [J h6 f4] in 0.342214107513428s #####
##### Running: /usr/lib/jvm/jdk-14.0.1/bin/java -jar /lab/itti/projects/checkers-competition/server/referee.jar on run_14_kgunda_vdhankar #####
Move is valid
##### SUCCESS: /usr/lib/jvm/jdk-14.0.1/bin/java -jar /lab/itti/projects/checkers-competition/server/referee.jar on run_14_kgunda_vdhankar #####
INPUT for kgunda:
GAME
WHITE
295.77
.....b..
b.b.....
.b......
b.......
.....b..
w...B...
.....b..
........
##### Running: /usr/bin/time -o time_14_kgunda_vdhankar.txt -f "%U" /usr/lib/jvm/jdk-14.0.1/bin/java homework > stulog.txt 2>&1 on kgunda #####
##### SUCCESS: /usr/bin/time -o time_14_kgunda_vdhankar.txt -f "%U" /usr/lib/jvm/jdk-14.0.1/bin/java homework > stulog.txt 2>&1 on kgunda #####
##### kgunda plays [E a3 b4] in 0.13s #####
##### Running: /usr/lib/jvm/jdk-14.0.1/bin/java -jar /lab/itti/projects/checkers-competition/server/referee.jar on run_14_kgunda_vdhankar #####
Move is valid
##### SUCCESS: /usr/lib/jvm/jdk-14.0.1/bin/java -jar /lab/itti/projects/checkers-competition/server/referee.jar on run_14_kgunda_vdhankar #####
INPUT for vdhankar:
GAME
BLACK
176.353341817856
.....b..
b.b.....
.b......
b.......
.w...b..
....B...
.....b..
........
##### Running: /usr/bin/time -o time_14_kgunda_vdhankar.txt -f "%U" python3 homework.py > stulog.txt 2>&1 on vdhankar #####
child exited with value 1
##### ERROR: /usr/bin/time -o time_14_kgunda_vdhankar.txt -f "%U" python3 homework.py > stulog.txt 2>&1 on vdhankar #####
##### Output of failed program (stdout + stderr): #####
Traceback (most recent call last):
  File "homework.py", line 546, in <module>
    print(end-start)
NameError: name 'end' is not defined
##### End of output of failed program #####
##### vdhankar plays [J a5 c3] in 0.439723968505859s #####
##### Running: /usr/lib/jvm/jdk-14.0.1/bin/java -jar /lab/itti/projects/checkers-competition/server/referee.jar on run_14_kgunda_vdhankar #####
Move is valid
After this move, player WHITE cannot make any moves
*** Winner: BLACK ***
##### SUCCESS: /usr/lib/jvm/jdk-14.0.1/bin/java -jar /lab/itti/projects/checkers-competition/server/referee.jar on run_14_kgunda_vdhankar #####
##### GAME OVER: vdhankar wins the game! #####
Server said: WIN
########## ROUND 14 GAMESCORE AFTER GAME 3: kgunda=1 and vdhankar=2 ##########
#################### ROUND 14: kgunda (B) vs vdhankar (W): game 4 ####################
##### game start! #####
INPUT for kgunda:
GAME
BLACK
300
.b.b.b.b
b.b.b.b.
.b.b.b.b
........
........
w.w.w.w.
.w.w.w.w
w.w.w.w.
##### Running: /usr/bin/time -o time_14_kgunda_vdhankar.txt -f "%U" /usr/lib/jvm/jdk-14.0.1/bin/java homework > stulog.txt 2>&1 on kgunda #####
##### SUCCESS: /usr/bin/time -o time_14_kgunda_vdhankar.txt -f "%U" /usr/lib/jvm/jdk-14.0.1/bin/java homework > stulog.txt 2>&1 on kgunda #####
##### kgunda plays [E f6 g5] in 0.35s #####
##### Running: /usr/lib/jvm/jdk-14.0.1/bin/java -jar /lab/itti/projects/checkers-competition/server/referee.jar on run_14_kgunda_vdhankar #####
Move is valid
Couldn't read file 'current_ply.txt'
Couldn't read content from file 'current_ply.txt'
Couldn't read file 'lastmatchange_ply.txt'
Couldn't read content from file 'lastmatchange_ply.txt'
##### SUCCESS: /usr/lib/jvm/jdk-14.0.1/bin/java -jar /lab/itti/projects/checkers-competition/server/referee.jar on run_14_kgunda_vdhankar #####
INPUT for vdhankar:
GAME
WHITE
300
.b.b.b.b
b.b.b.b.
.b.b...b
......b.
........
w.w.w.w.
.w.w.w.w
w.w.w.w.
##### Running: /usr/bin/time -o time_14_kgunda_vdhankar.txt -f "%U" python3 homework.py > stulog.txt 2>&1 on vdhankar #####
child exited with value 1
##### ERROR: /usr/bin/time -o time_14_kgunda_vdhankar.txt -f "%U" python3 homework.py > stulog.txt 2>&1 on vdhankar #####
##### Output of failed program (stdout + stderr): #####
Traceback (most recent call last):
  File "homework.py", line 546, in <module>
    print(end-start)
NameError: name 'end' is not defined
##### End of output of failed program #####
##### vdhankar plays [E g3 h4] in 15.7255890369415s #####
##### Running: /usr/lib/jvm/jdk-14.0.1/bin/java -jar /lab/itti/projects/checkers-competition/server/referee.jar on run_14_kgunda_vdhankar #####
Move is valid
##### SUCCESS: /usr/lib/jvm/jdk-14.0.1/bin/java -jar /lab/itti/projects/checkers-competition/server/referee.jar on run_14_kgunda_vdhankar #####
INPUT for kgunda:
GAME
BLACK
299.65
.b.b.b.b
b.b.b.b.
.b.b...b
......b.
.......w
w.w.w...
.w.w.w.w
w.w.w.w.
##### Running: /usr/bin/time -o time_14_kgunda_vdhankar.txt -f "%U" /usr/lib/jvm/jdk-14.0.1/bin/java homework > stulog.txt 2>&1 on kgunda #####
##### SUCCESS: /usr/bin/time -o time_14_kgunda_vdhankar.txt -f "%U" /usr/lib/jvm/jdk-14.0.1/bin/java homework > stulog.txt 2>&1 on kgunda #####
##### kgunda plays [E e7 f6] in 0.25s #####
##### Running: /usr/lib/jvm/jdk-14.0.1/bin/java -jar /lab/itti/projects/checkers-competition/server/referee.jar on run_14_kgunda_vdhankar #####
Move is valid
##### SUCCESS: /usr/lib/jvm/jdk-14.0.1/bin/java -jar /lab/itti/projects/checkers-competition/server/referee.jar on run_14_kgunda_vdhankar #####
INPUT for vdhankar:
GAME
WHITE
284.274410963058
.b.b.b.b
b.b...b.
.b.b.b.b
......b.
.......w
w.w.w...
.w.w.w.w
w.w.w.w.
##### Running: /usr/bin/time -o time_14_kgunda_vdhankar.txt -f "%U" python3 homework.py > stulog.txt 2>&1 on vdhankar #####
child exited with value 1
##### ERROR: /usr/bin/time -o time_14_kgunda_vdhankar.txt -f "%U" python3 homework.py > stulog.txt 2>&1 on vdhankar #####
##### Output of failed program (stdout + stderr): #####
Traceback (most recent call last):
  File "homework.py", line 546, in <module>
    print(end-start)
NameError: name 'end' is not defined
##### End of output of failed program #####
##### vdhankar plays [E c3 d4] in 17.1708240509033s #####
##### Running: /usr/lib/jvm/jdk-14.0.1/bin/java -jar /lab/itti/projects/checkers-competition/server/referee.jar on run_14_kgunda_vdhankar #####
Move is valid
##### SUCCESS: /usr/lib/jvm/jdk-14.0.1/bin/java -jar /lab/itti/projects/checkers-competition/server/referee.jar on run_14_kgunda_vdhankar #####
INPUT for kgunda:
GAME
BLACK
299.4
.b.b.b.b
b.b...b.
.b.b.b.b
......b.
...w...w
w...w...
.w.w.w.w
w.w.w.w.
##### Running: /usr/bin/time -o time_14_kgunda_vdhankar.txt -f "%U" /usr/lib/jvm/jdk-14.0.1/bin/java homework > stulog.txt 2>&1 on kgunda #####
##### SUCCESS: /usr/bin/time -o time_14_kgunda_vdhankar.txt -f "%U" /usr/lib/jvm/jdk-14.0.1/bin/java homework > stulog.txt 2>&1 on kgunda #####
##### kgunda plays [E d6 c5] in 0.29s #####
##### Running: /usr/lib/jvm/jdk-14.0.1/bin/java -jar /lab/itti/projects/checkers-competition/server/referee.jar on run_14_kgunda_vdhankar #####
Move is valid
##### SUCCESS: /usr/lib/jvm/jdk-14.0.1/bin/java -jar /lab/itti/projects/checkers-competition/server/referee.jar on run_14_kgunda_vdhankar #####
INPUT for vdhankar:
GAME
WHITE
267.103586912155
.b.b.b.b
b.b...b.
.b...b.b
..b...b.
...w...w
w...w...
.w.w.w.w
w.w.w.w.
##### Running: /usr/bin/time -o time_14_kgunda_vdhankar.txt -f "%U" python3 homework.py > stulog.txt 2>&1 on vdhankar #####
child exited with value 1
##### ERROR: /usr/bin/time -o time_14_kgunda_vdhankar.txt -f "%U" python3 homework.py > stulog.txt 2>&1 on vdhankar #####
##### Output of failed program (stdout + stderr): #####
Traceback (most recent call last):
  File "homework.py", line 546, in <module>
    print(end-start)
NameError: name 'end' is not defined
##### End of output of failed program #####
##### vdhankar plays [E h2 g3] in 6.71392798423767s #####
##### Running: /usr/lib/jvm/jdk-14.0.1/bin/java -jar /lab/itti/projects/checkers-competition/server/referee.jar on run_14_kgunda_vdhankar #####
Move is valid
##### SUCCESS: /usr/lib/jvm/jdk-14.0.1/bin/java -jar /lab/itti/projects/checkers-competition/server/referee.jar on run_14_kgunda_vdhankar #####
INPUT for kgunda:
GAME
BLACK
299.11
.b.b.b.b
b.b...b.
.b...b.b
..b...b.
...w...w
w...w.w.
.w.w.w..
w.w.w.w.
##### Running: /usr/bin/time -o time_14_kgunda_vdhankar.txt -f "%U" /usr/lib/jvm/jdk-14.0.1/bin/java homework > stulog.txt 2>&1 on kgunda #####
##### SUCCESS: /usr/bin/time -o time_14_kgunda_vdhankar.txt -f "%U" /usr/lib/jvm/jdk-14.0.1/bin/java homework > stulog.txt 2>&1 on kgunda #####
##### kgunda plays [E f8 e7] in 0.23s #####
##### Running: /usr/lib/jvm/jdk-14.0.1/bin/java -jar /lab/itti/projects/checkers-competition/server/referee.jar on run_14_kgunda_vdhankar #####
Move is valid
##### SUCCESS: /usr/lib/jvm/jdk-14.0.1/bin/java -jar /lab/itti/projects/checkers-competition/server/referee.jar on run_14_kgunda_vdhankar #####
INPUT for vdhankar:
GAME
WHITE
260.389658927917
.b.b...b
b.b.b.b.
.b...b.b
..b...b.
...w...w
w...w.w.
.w.w.w..
w.w.w.w.
##### Running: /usr/bin/time -o time_14_kgunda_vdhankar.txt -f "%U" python3 homework.py > stulog.txt 2>&1 on vdhankar #####
child exited with value 1
##### ERROR: /usr/bin/time -o time_14_kgunda_vdhankar.txt -f "%U" python3 homework.py > stulog.txt 2>&1 on vdhankar #####
##### Output of failed program (stdout + stderr): #####
Traceback (most recent call last):
  File "homework.py", line 546, in <module>
    print(end-start)
NameError: name 'end' is not defined
##### End of output of failed program #####
##### vdhankar plays [E g1 h2] in 2.42155408859253s #####
##### Running: /usr/lib/jvm/jdk-14.0.1/bin/java -jar /lab/itti/projects/checkers-competition/server/referee.jar on run_14_kgunda_vdhankar #####
Move is valid
##### SUCCESS: /usr/lib/jvm/jdk-14.0.1/bin/java -jar /lab/itti/projects/checkers-competition/server/referee.jar on run_14_kgunda_vdhankar #####
INPUT for kgunda:
GAME
BLACK
298.88
.b.b...b
b.b.b.b.
.b...b.b
..b...b.
...w...w
w...w.w.
.w.w.w.w
w.w.w...
##### Running: /usr/bin/time -o time_14_kgunda_vdhankar.txt -f "%U" /usr/lib/jvm/jdk-14.0.1/bin/java homework > stulog.txt 2>&1 on kgunda #####
##### SUCCESS: /usr/bin/time -o time_14_kgunda_vdhankar.txt -f "%U" /usr/lib/jvm/jdk-14.0.1/bin/java homework > stulog.txt 2>&1 on kgunda #####
##### kgunda plays [E c7 d6] in 0.19s #####
##### Running: /usr/lib/jvm/jdk-14.0.1/bin/java -jar /lab/itti/projects/checkers-competition/server/referee.jar on run_14_kgunda_vdhankar #####
Move is valid
##### SUCCESS: /usr/lib/jvm/jdk-14.0.1/bin/java -jar /lab/itti/projects/checkers-competition/server/referee.jar on run_14_kgunda_vdhankar #####
INPUT for vdhankar:
GAME
WHITE
257.968104839325
.b.b...b
b...b.b.
.b.b.b.b
..b...b.
...w...w
w...w.w.
.w.w.w.w
w.w.w...
##### Running: /usr/bin/time -o time_14_kgunda_vdhankar.txt -f "%U" python3 homework.py > stulog.txt 2>&1 on vdhankar #####
child exited with value 1
##### ERROR: /usr/bin/time -o time_14_kgunda_vdhankar.txt -f "%U" python3 homework.py > stulog.txt 2>&1 on vdhankar #####
##### Output of failed program (stdout + stderr): #####
Traceback (most recent call last):
  File "homework.py", line 546, in <module>
    print(end-start)
NameError: name 'end' is not defined
##### End of output of failed program #####
##### vdhankar plays [E g3 f4] in 1.88639998435974s #####
##### Running: /usr/lib/jvm/jdk-14.0.1/bin/java -jar /lab/itti/projects/checkers-competition/server/referee.jar on run_14_kgunda_vdhankar #####
Move is valid
##### SUCCESS: /usr/lib/jvm/jdk-14.0.1/bin/java -jar /lab/itti/projects/checkers-competition/server/referee.jar on run_14_kgunda_vdhankar #####
INPUT for kgunda:
GAME
BLACK
298.69
.b.b...b
b...b.b.
.b.b.b.b
..b...b.
...w.w.w
w...w...
.w.w.w.w
w.w.w...
##### Running: /usr/bin/time -o time_14_kgunda_vdhankar.txt -f "%U" /usr/lib/jvm/jdk-14.0.1/bin/java homework > stulog.txt 2>&1 on kgunda #####
##### SUCCESS: /usr/bin/time -o time_14_kgunda_vdhankar.txt -f "%U" /usr/lib/jvm/jdk-14.0.1/bin/java homework > stulog.txt 2>&1 on kgunda #####
##### kgunda plays [E d8 c7] in 0.21s #####
##### Running: /usr/lib/jvm/jdk-14.0.1/bin/java -jar /lab/itti/projects/checkers-competition/server/referee.jar on run_14_kgunda_vdhankar #####
Move is valid
##### SUCCESS: /usr/lib/jvm/jdk-14.0.1/bin/java -jar /lab/itti/projects/checkers-competition/server/referee.jar on run_14_kgunda_vdhankar #####
INPUT for vdhankar:
GAME
WHITE
256.081704854965
.b.....b
b.b.b.b.
.b.b.b.b
..b...b.
...w.w.w
w...w...
.w.w.w.w
w.w.w...
##### Running: /usr/bin/time -o time_14_kgunda_vdhankar.txt -f "%U" python3 homework.py > stulog.txt 2>&1 on vdhankar #####
child exited with value 1
##### ERROR: /usr/bin/time -o time_14_kgunda_vdhankar.txt -f "%U" python3 homework.py > stulog.txt 2>&1 on vdhankar #####
##### Output of failed program (stdout + stderr): #####
Traceback (most recent call last):
  File "homework.py", line 546, in <module>
    print(end-start)
NameError: name 'end' is not defined
##### End of output of failed program #####
##### vdhankar plays [E d2 c3] in 1.22491908073425s #####
##### Running: /usr/lib/jvm/jdk-14.0.1/bin/java -jar /lab/itti/projects/checkers-competition/server/referee.jar on run_14_kgunda_vdhankar #####
Move is valid
##### SUCCESS: /usr/lib/jvm/jdk-14.0.1/bin/java -jar /lab/itti/projects/checkers-competition/server/referee.jar on run_14_kgunda_vdhankar #####
INPUT for kgunda:
GAME
BLACK
298.48
.b.....b
b.b.b.b.
.b.b.b.b
..b...b.
...w.w.w
w.w.w...
.w...w.w
w.w.w...
##### Running: /usr/bin/time -o time_14_kgunda_vdhankar.txt -f "%U" /usr/lib/jvm/jdk-14.0.1/bin/java homework > stulog.txt 2>&1 on kgunda #####
##### SUCCESS: /usr/bin/time -o time_14_kgunda_vdhankar.txt -f "%U" /usr/lib/jvm/jdk-14.0.1/bin/java homework > stulog.txt 2>&1 on kgunda #####
##### kgunda plays [E d6 e5] in 0.15s #####
##### Running: /usr/lib/jvm/jdk-14.0.1/bin/java -jar /lab/itti/projects/checkers-competition/server/referee.jar on run_14_kgunda_vdhankar #####
Move is valid
##### SUCCESS: /usr/lib/jvm/jdk-14.0.1/bin/java -jar /lab/itti/projects/checkers-competition/server/referee.jar on run_14_kgunda_vdhankar #####
INPUT for vdhankar:
GAME
WHITE
254.856785774231
.b.....b
b.b.b.b.
.b...b.b
..b.b.b.
...w.w.w
w.w.w...
.w...w.w
w.w.w...
##### Running: /usr/bin/time -o time_14_kgunda_vdhankar.txt -f "%U" python3 homework.py > stulog.txt 2>&1 on vdhankar #####
child exited with value 1
##### ERROR: /usr/bin/time -o time_14_kgunda_vdhankar.txt -f "%U" python3 homework.py > stulog.txt 2>&1 on vdhankar #####
##### Output of failed program (stdout + stderr): #####
Traceback (most recent call last):
  File "homework.py", line 546, in <module>
    print(end-start)
NameError: name 'end' is not defined
##### End of output of failed program #####
##### vdhankar plays [J f4 d6 ; J d6 f8] in 1.34372782707214s #####
##### Running: /usr/lib/jvm/jdk-14.0.1/bin/java -jar /lab/itti/projects/checkers-competition/server/referee.jar on run_14_kgunda_vdhankar #####
Move is valid
##### SUCCESS: /usr/lib/jvm/jdk-14.0.1/bin/java -jar /lab/itti/projects/checkers-competition/server/referee.jar on run_14_kgunda_vdhankar #####
INPUT for kgunda:
GAME
BLACK
298.33
.b...W.b
b.b...b.
.b...b.b
..b...b.
...w...w
w.w.w...
.w...w.w
w.w.w...
##### Running: /usr/bin/time -o time_14_kgunda_vdhankar.txt -f "%U" /usr/lib/jvm/jdk-14.0.1/bin/java homework > stulog.txt 2>&1 on kgunda #####
##### SUCCESS: /usr/bin/time -o time_14_kgunda_vdhankar.txt -f "%U" /usr/lib/jvm/jdk-14.0.1/bin/java homework > stulog.txt 2>&1 on kgunda #####
##### kgunda plays [E c5 b4] in 0.19s #####
##### Running: /usr/lib/jvm/jdk-14.0.1/bin/java -jar /lab/itti/projects/checkers-competition/server/referee.jar on run_14_kgunda_vdhankar #####
Move is valid
##### SUCCESS: /usr/lib/jvm/jdk-14.0.1/bin/java -jar /lab/itti/projects/checkers-competition/server/referee.jar on run_14_kgunda_vdhankar #####
INPUT for vdhankar:
GAME
WHITE
253.513057947159
.b...W.b
b.b...b.
.b...b.b
......b.
.b.w...w
w.w.w...
.w...w.w
w.w.w...
##### Running: /usr/bin/time -o time_14_kgunda_vdhankar.txt -f "%U" python3 homework.py > stulog.txt 2>&1 on vdhankar #####
child exited with value 1
##### ERROR: /usr/bin/time -o time_14_kgunda_vdhankar.txt -f "%U" python3 homework.py > stulog.txt 2>&1 on vdhankar #####
##### Output of failed program (stdout + stderr): #####
Traceback (most recent call last):
  File "homework.py", line 546, in <module>
    print(end-start)
NameError: name 'end' is not defined
##### End of output of failed program #####
##### vdhankar plays [J a3 c5] in 0.892445802688599s #####
##### Running: /usr/lib/jvm/jdk-14.0.1/bin/java -jar /lab/itti/projects/checkers-competition/server/referee.jar on run_14_kgunda_vdhankar #####
Move is valid
##### SUCCESS: /usr/lib/jvm/jdk-14.0.1/bin/java -jar /lab/itti/projects/checkers-competition/server/referee.jar on run_14_kgunda_vdhankar #####
INPUT for kgunda:
GAME
BLACK
298.14
.b...W.b
b.b...b.
.b...b.b
..w...b.
...w...w
..w.w...
.w...w.w
w.w.w...
##### Running: /usr/bin/time -o time_14_kgunda_vdhankar.txt -f "%U" /usr/lib/jvm/jdk-14.0.1/bin/java homework > stulog.txt 2>&1 on kgunda #####
##### SUCCESS: /usr/bin/time -o time_14_kgunda_vdhankar.txt -f "%U" /usr/lib/jvm/jdk-14.0.1/bin/java homework > stulog.txt 2>&1 on kgunda #####
##### kgunda plays [E f6 e5] in 0.21s #####
##### Running: /usr/lib/jvm/jdk-14.0.1/bin/java -jar /lab/itti/projects/checkers-competition/server/referee.jar on run_14_kgunda_vdhankar #####
Move is valid
##### SUCCESS: /usr/lib/jvm/jdk-14.0.1/bin/java -jar /lab/itti/projects/checkers-competition/server/referee.jar on run_14_kgunda_vdhankar #####
INPUT for vdhankar:
GAME
WHITE
252.62061214447
.b...W.b
b.b...b.
.b.....b
..w.b.b.
...w...w
..w.w...
.w...w.w
w.w.w...
##### Running: /usr/bin/time -o time_14_kgunda_vdhankar.txt -f "%U" python3 homework.py > stulog.txt 2>&1 on vdhankar #####
child exited with value 1
##### ERROR: /usr/bin/time -o time_14_kgunda_vdhankar.txt -f "%U" python3 homework.py > stulog.txt 2>&1 on vdhankar #####
##### Output of failed program (stdout + stderr): #####
Traceback (most recent call last):
  File "homework.py", line 546, in <module>
    print(end-start)
NameError: name 'end' is not defined
##### End of output of failed program #####
##### vdhankar plays [J h4 f6] in 0.719249963760376s #####
##### Running: /usr/lib/jvm/jdk-14.0.1/bin/java -jar /lab/itti/projects/checkers-competition/server/referee.jar on run_14_kgunda_vdhankar #####
Move is valid
##### SUCCESS: /usr/lib/jvm/jdk-14.0.1/bin/java -jar /lab/itti/projects/checkers-competition/server/referee.jar on run_14_kgunda_vdhankar #####
INPUT for kgunda:
GAME
BLACK
297.93
.b...W.b
b.b...b.
.b...w.b
..w.b...
...w....
..w.w...
.w...w.w
w.w.w...
##### Running: /usr/bin/time -o time_14_kgunda_vdhankar.txt -f "%U" /usr/lib/jvm/jdk-14.0.1/bin/java homework > stulog.txt 2>&1 on kgunda #####
##### SUCCESS: /usr/bin/time -o time_14_kgunda_vdhankar.txt -f "%U" /usr/lib/jvm/jdk-14.0.1/bin/java homework > stulog.txt 2>&1 on kgunda #####
##### kgunda plays [E b6 a5] in 0.22s #####
##### Running: /usr/lib/jvm/jdk-14.0.1/bin/java -jar /lab/itti/projects/checkers-competition/server/referee.jar on run_14_kgunda_vdhankar #####
Move is valid
##### SUCCESS: /usr/lib/jvm/jdk-14.0.1/bin/java -jar /lab/itti/projects/checkers-competition/server/referee.jar on run_14_kgunda_vdhankar #####
INPUT for vdhankar:
GAME
WHITE
251.90136218071
.b...W.b
b.b...b.
.....w.b
b.w.b...
...w....
..w.w...
.w...w.w
w.w.w...
##### Running: /usr/bin/time -o time_14_kgunda_vdhankar.txt -f "%U" python3 homework.py > stulog.txt 2>&1 on vdhankar #####
child exited with value 1
##### ERROR: /usr/bin/time -o time_14_kgunda_vdhankar.txt -f "%U" python3 homework.py > stulog.txt 2>&1 on vdhankar #####
##### Output of failed program (stdout + stderr): #####
Traceback (most recent call last):
  File "homework.py", line 546, in <module>
    print(end-start)
NameError: name 'end' is not defined
##### End of output of failed program #####
##### vdhankar plays [E c5 b6] in 2.43108201026917s #####
##### Running: /usr/lib/jvm/jdk-14.0.1/bin/java -jar /lab/itti/projects/checkers-competition/server/referee.jar on run_14_kgunda_vdhankar #####
Move is valid
##### SUCCESS: /usr/lib/jvm/jdk-14.0.1/bin/java -jar /lab/itti/projects/checkers-competition/server/referee.jar on run_14_kgunda_vdhankar #####
INPUT for kgunda:
GAME
BLACK
297.71
.b...W.b
b.b...b.
.w...w.b
b...b...
...w....
..w.w...
.w...w.w
w.w.w...
##### Running: /usr/bin/time -o time_14_kgunda_vdhankar.txt -f "%U" /usr/lib/jvm/jdk-14.0.1/bin/java homework > stulog.txt 2>&1 on kgunda #####
##### SUCCESS: /usr/bin/time -o time_14_kgunda_vdhankar.txt -f "%U" /usr/lib/jvm/jdk-14.0.1/bin/java homework > stulog.txt 2>&1 on kgunda #####
##### kgunda plays [J a7 c5] in 0.16s #####
##### Running: /usr/lib/jvm/jdk-14.0.1/bin/java -jar /lab/itti/projects/checkers-competition/server/referee.jar on run_14_kgunda_vdhankar #####
Move is valid
##### SUCCESS: /usr/lib/jvm/jdk-14.0.1/bin/java -jar /lab/itti/projects/checkers-competition/server/referee.jar on run_14_kgunda_vdhankar #####
INPUT for vdhankar:
GAME
WHITE
249.470280170441
.b...W.b
..b...b.
.....w.b
b.b.b...
...w....
..w.w...
.w...w.w
w.w.w...
##### Running: /usr/bin/time -o time_14_kgunda_vdhankar.txt -f "%U" python3 homework.py > stulog.txt 2>&1 on vdhankar #####
child exited with value 1
##### ERROR: /usr/bin/time -o time_14_kgunda_vdhankar.txt -f "%U" python3 homework.py > stulog.txt 2>&1 on vdhankar #####
##### Output of failed program (stdout + stderr): #####
Traceback (most recent call last):
  File "homework.py", line 546, in <module>
    print(end-start)
NameError: name 'end' is not defined
##### End of output of failed program #####
##### vdhankar plays [J d4 b6 ; J b6 d8] in 1.55574512481689s #####
##### Running: /usr/lib/jvm/jdk-14.0.1/bin/java -jar /lab/itti/projects/checkers-competition/server/referee.jar on run_14_kgunda_vdhankar #####
Move is valid
##### SUCCESS: /usr/lib/jvm/jdk-14.0.1/bin/java -jar /lab/itti/projects/checkers-competition/server/referee.jar on run_14_kgunda_vdhankar #####
INPUT for kgunda:
GAME
BLACK
297.55
.b.W.W.b
......b.
.....w.b
b...b...
........
..w.w...
.w...w.w
w.w.w...
##### Running: /usr/bin/time -o time_14_kgunda_vdhankar.txt -f "%U" /usr/lib/jvm/jdk-14.0.1/bin/java homework > stulog.txt 2>&1 on kgunda #####
##### SUCCESS: /usr/bin/time -o time_14_kgunda_vdhankar.txt -f "%U" /usr/lib/jvm/jdk-14.0.1/bin/java homework > stulog.txt 2>&1 on kgunda #####
##### kgunda plays [E e5 d4] in 0.21s #####
##### Running: /usr/lib/jvm/jdk-14.0.1/bin/java -jar /lab/itti/projects/checkers-competition/server/referee.jar on run_14_kgunda_vdhankar #####
Move is valid
##### SUCCESS: /usr/lib/jvm/jdk-14.0.1/bin/java -jar /lab/itti/projects/checkers-competition/server/referee.jar on run_14_kgunda_vdhankar #####
INPUT for vdhankar:
GAME
WHITE
247.914535045624
.b.W.W.b
......b.
.....w.b
b.......
...b....
..w.w...
.w...w.w
w.w.w...
##### Running: /usr/bin/time -o time_14_kgunda_vdhankar.txt -f "%U" python3 homework.py > stulog.txt 2>&1 on vdhankar #####
child exited with value 1
##### ERROR: /usr/bin/time -o time_14_kgunda_vdhankar.txt -f "%U" python3 homework.py > stulog.txt 2>&1 on vdhankar #####
##### Output of failed program (stdout + stderr): #####
Traceback (most recent call last):
  File "homework.py", line 546, in <module>
    print(end-start)
NameError: name 'end' is not defined
##### End of output of failed program #####
##### vdhankar plays [J c3 e5] in 3.79443192481995s #####
##### Running: /usr/lib/jvm/jdk-14.0.1/bin/java -jar /lab/itti/projects/checkers-competition/server/referee.jar on run_14_kgunda_vdhankar #####
Move is valid
##### SUCCESS: /usr/lib/jvm/jdk-14.0.1/bin/java -jar /lab/itti/projects/checkers-competition/server/referee.jar on run_14_kgunda_vdhankar #####
INPUT for kgunda:
GAME
BLACK
297.34
.b.W.W.b
......b.
.....w.b
b...w...
........
....w...
.w...w.w
w.w.w...
##### Running: /usr/bin/time -o time_14_kgunda_vdhankar.txt -f "%U" /usr/lib/jvm/jdk-14.0.1/bin/java homework > stulog.txt 2>&1 on kgunda #####
##### SUCCESS: /usr/bin/time -o time_14_kgunda_vdhankar.txt -f "%U" /usr/lib/jvm/jdk-14.0.1/bin/java homework > stulog.txt 2>&1 on kgunda #####
##### kgunda plays [E b8 c7] in 0.2s #####
##### Running: /usr/lib/jvm/jdk-14.0.1/bin/java -jar /lab/itti/projects/checkers-competition/server/referee.jar on run_14_kgunda_vdhankar #####
Move is valid
##### SUCCESS: /usr/lib/jvm/jdk-14.0.1/bin/java -jar /lab/itti/projects/checkers-competition/server/referee.jar on run_14_kgunda_vdhankar #####
INPUT for vdhankar:
GAME
WHITE
244.120103120804
...W.W.b
..b...b.
.....w.b
b...w...
........
....w...
.w...w.w
w.w.w...
##### Running: /usr/bin/time -o time_14_kgunda_vdhankar.txt -f "%U" python3 homework.py > stulog.txt 2>&1 on vdhankar #####
child exited with value 1
##### ERROR: /usr/bin/time -o time_14_kgunda_vdhankar.txt -f "%U" python3 homework.py > stulog.txt 2>&1 on vdhankar #####
##### Output of failed program (stdout + stderr): #####
Traceback (most recent call last):
  File "homework.py", line 546, in <module>
    print(end-start)
NameError: name 'end' is not defined
##### End of output of failed program #####
##### vdhankar plays [J d8 b6] in 0.922871828079224s #####
##### Running: /usr/lib/jvm/jdk-14.0.1/bin/java -jar /lab/itti/projects/checkers-competition/server/referee.jar on run_14_kgunda_vdhankar #####
Move is valid
##### SUCCESS: /usr/lib/jvm/jdk-14.0.1/bin/java -jar /lab/itti/projects/checkers-competition/server/referee.jar on run_14_kgunda_vdhankar #####
INPUT for kgunda:
GAME
BLACK
297.14
.....W.b
......b.
.W...w.b
b...w...
........
....w...
.w...w.w
w.w.w...
##### Running: /usr/bin/time -o time_14_kgunda_vdhankar.txt -f "%U" /usr/lib/jvm/jdk-14.0.1/bin/java homework > stulog.txt 2>&1 on kgunda #####
##### SUCCESS: /usr/bin/time -o time_14_kgunda_vdhankar.txt -f "%U" /usr/lib/jvm/jdk-14.0.1/bin/java homework > stulog.txt 2>&1 on kgunda #####
##### kgunda plays [E a5 b4] in 0.2s #####
##### Running: /usr/lib/jvm/jdk-14.0.1/bin/java -jar /lab/itti/projects/checkers-competition/server/referee.jar on run_14_kgunda_vdhankar #####
Move is valid
##### SUCCESS: /usr/lib/jvm/jdk-14.0.1/bin/java -jar /lab/itti/projects/checkers-competition/server/referee.jar on run_14_kgunda_vdhankar #####
INPUT for vdhankar:
GAME
WHITE
243.197231292725
.....W.b
......b.
.W...w.b
....w...
.b......
....w...
.w...w.w
w.w.w...
##### Running: /usr/bin/time -o time_14_kgunda_vdhankar.txt -f "%U" python3 homework.py > stulog.txt 2>&1 on vdhankar #####
child exited with value 1
##### ERROR: /usr/bin/time -o time_14_kgunda_vdhankar.txt -f "%U" python3 homework.py > stulog.txt 2>&1 on vdhankar #####
##### Output of failed program (stdout + stderr): #####
Traceback (most recent call last):
  File "homework.py", line 546, in <module>
    print(end-start)
NameError: name 'end' is not defined
##### End of output of failed program #####
##### vdhankar plays [E b6 a7] in 2.47599196434021s #####
##### Running: /usr/lib/jvm/jdk-14.0.1/bin/java -jar /lab/itti/projects/checkers-competition/server/referee.jar on run_14_kgunda_vdhankar #####
Move is valid
##### SUCCESS: /usr/lib/jvm/jdk-14.0.1/bin/java -jar /lab/itti/projects/checkers-competition/server/referee.jar on run_14_kgunda_vdhankar #####
INPUT for kgunda:
GAME
BLACK
296.94
.....W.b
W.....b.
.....w.b
....w...
.b......
....w...
.w...w.w
w.w.w...
##### Running: /usr/bin/time -o time_14_kgunda_vdhankar.txt -f "%U" /usr/lib/jvm/jdk-14.0.1/bin/java homework > stulog.txt 2>&1 on kgunda #####
##### SUCCESS: /usr/bin/time -o time_14_kgunda_vdhankar.txt -f "%U" /usr/lib/jvm/jdk-14.0.1/bin/java homework > stulog.txt 2>&1 on kgunda #####
##### kgunda plays [E h6 g5] in 0.16s #####
##### Running: /usr/lib/jvm/jdk-14.0.1/bin/java -jar /lab/itti/projects/checkers-competition/server/referee.jar on run_14_kgunda_vdhankar #####
Move is valid
##### SUCCESS: /usr/lib/jvm/jdk-14.0.1/bin/java -jar /lab/itti/projects/checkers-competition/server/referee.jar on run_14_kgunda_vdhankar #####
INPUT for vdhankar:
GAME
WHITE
240.721239328384
.....W.b
W.....b.
.....w..
....w.b.
.b......
....w...
.w...w.w
w.w.w...
##### Running: /usr/bin/time -o time_14_kgunda_vdhankar.txt -f "%U" python3 homework.py > stulog.txt 2>&1 on vdhankar #####
child exited with value 1
##### ERROR: /usr/bin/time -o time_14_kgunda_vdhankar.txt -f "%U" python3 homework.py > stulog.txt 2>&1 on vdhankar #####
##### Output of failed program (stdout + stderr): #####
Traceback (most recent call last):
  File "homework.py", line 546, in <module>
    print(end-start)
NameError: name 'end' is not defined
##### End of output of failed program #####
##### vdhankar plays [J f8 h6 ; J h6 f4] in 0.337893009185791s #####
##### Running: /usr/lib/jvm/jdk-14.0.1/bin/java -jar /lab/itti/projects/checkers-competition/server/referee.jar on run_14_kgunda_vdhankar #####
Move is valid
##### SUCCESS: /usr/lib/jvm/jdk-14.0.1/bin/java -jar /lab/itti/projects/checkers-competition/server/referee.jar on run_14_kgunda_vdhankar #####
INPUT for kgunda:
GAME
BLACK
296.78
.......b
W.......
.....w..
....w...
.b...W..
....w...
.w...w.w
w.w.w...
##### Running: /usr/bin/time -o time_14_kgunda_vdhankar.txt -f "%U" /usr/lib/jvm/jdk-14.0.1/bin/java homework > stulog.txt 2>&1 on kgunda #####
##### SUCCESS: /usr/bin/time -o time_14_kgunda_vdhankar.txt -f "%U" /usr/lib/jvm/jdk-14.0.1/bin/java homework > stulog.txt 2>&1 on kgunda #####
##### kgunda plays [E h8 g7] in 0.18s #####
##### Running: /usr/lib/jvm/jdk-14.0.1/bin/java -jar /lab/itti/projects/checkers-competition/server/referee.jar on run_14_kgunda_vdhankar #####
Move is valid
##### SUCCESS: /usr/lib/jvm/jdk-14.0.1/bin/java -jar /lab/itti/projects/checkers-competition/server/referee.jar on run_14_kgunda_vdhankar #####
INPUT for vdhankar:
GAME
WHITE
240.383346319199
........
W.....b.
.....w..
....w...
.b...W..
....w...
.w...w.w
w.w.w...
##### Running: /usr/bin/time -o time_14_kgunda_vdhankar.txt -f "%U" python3 homework.py > stulog.txt 2>&1 on vdhankar #####
child exited with value 1
##### ERROR: /usr/bin/time -o time_14_kgunda_vdhankar.txt -f "%U" python3 homework.py > stulog.txt 2>&1 on vdhankar #####
##### Output of failed program (stdout + stderr): #####
Traceback (most recent call last):
  File "homework.py", line 546, in <module>
    print(end-start)
NameError: name 'end' is not defined
##### End of output of failed program #####
##### vdhankar plays [J f6 h8] in 0.335397005081177s #####
##### Running: /usr/lib/jvm/jdk-14.0.1/bin/java -jar /lab/itti/projects/checkers-competition/server/referee.jar on run_14_kgunda_vdhankar #####
Move is valid
##### SUCCESS: /usr/lib/jvm/jdk-14.0.1/bin/java -jar /lab/itti/projects/checkers-competition/server/referee.jar on run_14_kgunda_vdhankar #####
INPUT for kgunda:
GAME
BLACK
296.6
.......W
W.......
........
....w...
.b...W..
....w...
.w...w.w
w.w.w...
##### Running: /usr/bin/time -o time_14_kgunda_vdhankar.txt -f "%U" /usr/lib/jvm/jdk-14.0.1/bin/java homework > stulog.txt 2>&1 on kgunda #####
##### SUCCESS: /usr/bin/time -o time_14_kgunda_vdhankar.txt -f "%U" /usr/lib/jvm/jdk-14.0.1/bin/java homework > stulog.txt 2>&1 on kgunda #####
##### kgunda plays [E b4 a3] in 0.14s #####
##### Running: /usr/lib/jvm/jdk-14.0.1/bin/java -jar /lab/itti/projects/checkers-competition/server/referee.jar on run_14_kgunda_vdhankar #####
Move is valid
##### SUCCESS: /usr/lib/jvm/jdk-14.0.1/bin/java -jar /lab/itti/projects/checkers-competition/server/referee.jar on run_14_kgunda_vdhankar #####
INPUT for vdhankar:
GAME
WHITE
240.047949314117
.......W
W.......
........
....w...
.....W..
b...w...
.w...w.w
w.w.w...
##### Running: /usr/bin/time -o time_14_kgunda_vdhankar.txt -f "%U" python3 homework.py > stulog.txt 2>&1 on vdhankar #####
child exited with value 1
##### ERROR: /usr/bin/time -o time_14_kgunda_vdhankar.txt -f "%U" python3 homework.py > stulog.txt 2>&1 on vdhankar #####
##### Output of failed program (stdout + stderr): #####
Traceback (most recent call last):
  File "homework.py", line 546, in <module>
    print(end-start)
NameError: name 'end' is not defined
##### End of output of failed program #####
##### vdhankar plays [E h8 g7] in 0.345047950744629s #####
##### Running: /usr/lib/jvm/jdk-14.0.1/bin/java -jar /lab/itti/projects/checkers-competition/server/referee.jar on run_14_kgunda_vdhankar #####
Move is valid
After this move, player BLACK cannot make any moves
*** Winner: WHITE ***
##### SUCCESS: /usr/lib/jvm/jdk-14.0.1/bin/java -jar /lab/itti/projects/checkers-competition/server/referee.jar on run_14_kgunda_vdhankar #####
##### GAME OVER: vdhankar wins the game! #####
Server said: WIN
########## ROUND 14 GAMESCORE AFTER GAME 4: kgunda=1 and vdhankar=3 ##########


########## GRAND WINNER ROUND 14 IS vdhankar BY 3 vs 1 GAMESCORE ##########
