#################### ROUND 3: namba (W) vs vdhankar (B): game 1 ####################
##### game start! #####
INPUT for vdhankar:
GAME
BLACK
300
.b.b.b.b
b.b.b.b.
.b.b.b.b
........
........
w.w.w.w.
.w.w.w.w
w.w.w.w.
##### Running: /usr/bin/time -o time_3_namba_vdhankar.txt -f "%U" python3 homework.py > stulog.txt 2>&1 on vdhankar #####
child exited with value 1
##### ERROR: /usr/bin/time -o time_3_namba_vdhankar.txt -f "%U" python3 homework.py > stulog.txt 2>&1 on vdhankar #####
##### Output of failed program (stdout + stderr): #####
Traceback (most recent call last):
  File "homework.py", line 546, in <module>
    print(end-start)
NameError: name 'end' is not defined
##### End of output of failed program #####
##### vdhankar plays [E h6 g5] in 6.83475399017334s #####
##### Running: /usr/lib/jvm/jdk-14.0.1/bin/java -jar /lab/itti/projects/checkers-competition/server/referee.jar on run_3_namba_vdhankar #####
Move is valid
Couldn't read file 'current_ply.txt'
Couldn't read content from file 'current_ply.txt'
Couldn't read file 'lastmatchange_ply.txt'
Couldn't read content from file 'lastmatchange_ply.txt'
##### SUCCESS: /usr/lib/jvm/jdk-14.0.1/bin/java -jar /lab/itti/projects/checkers-competition/server/referee.jar on run_3_namba_vdhankar #####
INPUT for namba:
GAME
WHITE
300
.b.b.b.b
b.b.b.b.
.b.b.b..
......b.
........
w.w.w.w.
.w.w.w.w
w.w.w.w.
##### Running: /usr/bin/time -o time_3_namba_vdhankar.txt -f "%U" python3 homework.py > stulog.txt 2>&1 on namba #####
##### SUCCESS: /usr/bin/time -o time_3_namba_vdhankar.txt -f "%U" python3 homework.py > stulog.txt 2>&1 on namba #####
##### namba plays [E g3 f4] in 5.79s #####
##### Running: /usr/lib/jvm/jdk-14.0.1/bin/java -jar /lab/itti/projects/checkers-competition/server/referee.jar on run_3_namba_vdhankar #####
Move is valid
##### SUCCESS: /usr/lib/jvm/jdk-14.0.1/bin/java -jar /lab/itti/projects/checkers-competition/server/referee.jar on run_3_namba_vdhankar #####
INPUT for vdhankar:
GAME
BLACK
293.165246009827
.b.b.b.b
b.b.b.b.
.b.b.b..
......b.
.....w..
w.w.w...
.w.w.w.w
w.w.w.w.
##### Running: /usr/bin/time -o time_3_namba_vdhankar.txt -f "%U" python3 homework.py > stulog.txt 2>&1 on vdhankar #####
child exited with value 1
##### ERROR: /usr/bin/time -o time_3_namba_vdhankar.txt -f "%U" python3 homework.py > stulog.txt 2>&1 on vdhankar #####
##### Output of failed program (stdout + stderr): #####
Traceback (most recent call last):
  File "homework.py", line 546, in <module>
    print(end-start)
NameError: name 'end' is not defined
##### End of output of failed program #####
##### vdhankar plays [E g5 h4] in 7.35069894790649s #####
##### Running: /usr/lib/jvm/jdk-14.0.1/bin/java -jar /lab/itti/projects/checkers-competition/server/referee.jar on run_3_namba_vdhankar #####
Move is valid
##### SUCCESS: /usr/lib/jvm/jdk-14.0.1/bin/java -jar /lab/itti/projects/checkers-competition/server/referee.jar on run_3_namba_vdhankar #####
INPUT for namba:
GAME
WHITE
294.21
.b.b.b.b
b.b.b.b.
.b.b.b..
........
.....w.b
w.w.w...
.w.w.w.w
w.w.w.w.
##### Running: /usr/bin/time -o time_3_namba_vdhankar.txt -f "%U" python3 homework.py > stulog.txt 2>&1 on namba #####
##### SUCCESS: /usr/bin/time -o time_3_namba_vdhankar.txt -f "%U" python3 homework.py > stulog.txt 2>&1 on namba #####
##### namba plays [E h2 g3] in 6.57s #####
##### Running: /usr/lib/jvm/jdk-14.0.1/bin/java -jar /lab/itti/projects/checkers-competition/server/referee.jar on run_3_namba_vdhankar #####
Move is valid
##### SUCCESS: /usr/lib/jvm/jdk-14.0.1/bin/java -jar /lab/itti/projects/checkers-competition/server/referee.jar on run_3_namba_vdhankar #####
INPUT for vdhankar:
GAME
BLACK
285.81454706192
.b.b.b.b
b.b.b.b.
.b.b.b..
........
.....w.b
w.w.w.w.
.w.w.w..
w.w.w.w.
##### Running: /usr/bin/time -o time_3_namba_vdhankar.txt -f "%U" python3 homework.py > stulog.txt 2>&1 on vdhankar #####
child exited with value 1
##### ERROR: /usr/bin/time -o time_3_namba_vdhankar.txt -f "%U" python3 homework.py > stulog.txt 2>&1 on vdhankar #####
##### Output of failed program (stdout + stderr): #####
Traceback (most recent call last):
  File "homework.py", line 546, in <module>
    print(end-start)
NameError: name 'end' is not defined
##### End of output of failed program #####
##### vdhankar plays [E f6 g5] in 12.3609499931335s #####
##### Running: /usr/lib/jvm/jdk-14.0.1/bin/java -jar /lab/itti/projects/checkers-competition/server/referee.jar on run_3_namba_vdhankar #####
Move is valid
##### SUCCESS: /usr/lib/jvm/jdk-14.0.1/bin/java -jar /lab/itti/projects/checkers-competition/server/referee.jar on run_3_namba_vdhankar #####
INPUT for namba:
GAME
WHITE
287.64
.b.b.b.b
b.b.b.b.
.b.b....
......b.
.....w.b
w.w.w.w.
.w.w.w..
w.w.w.w.
##### Running: /usr/bin/time -o time_3_namba_vdhankar.txt -f "%U" python3 homework.py > stulog.txt 2>&1 on namba #####
##### SUCCESS: /usr/bin/time -o time_3_namba_vdhankar.txt -f "%U" python3 homework.py > stulog.txt 2>&1 on namba #####
##### namba plays [J f4 h6] in 0.08s #####
##### Running: /usr/lib/jvm/jdk-14.0.1/bin/java -jar /lab/itti/projects/checkers-competition/server/referee.jar on run_3_namba_vdhankar #####
Move is valid
##### SUCCESS: /usr/lib/jvm/jdk-14.0.1/bin/java -jar /lab/itti/projects/checkers-competition/server/referee.jar on run_3_namba_vdhankar #####
INPUT for vdhankar:
GAME
BLACK
273.453597068787
.b.b.b.b
b.b.b.b.
.b.b...w
........
.......b
w.w.w.w.
.w.w.w..
w.w.w.w.
##### Running: /usr/bin/time -o time_3_namba_vdhankar.txt -f "%U" python3 homework.py > stulog.txt 2>&1 on vdhankar #####
child exited with value 1
##### ERROR: /usr/bin/time -o time_3_namba_vdhankar.txt -f "%U" python3 homework.py > stulog.txt 2>&1 on vdhankar #####
##### Output of failed program (stdout + stderr): #####
Traceback (most recent call last):
  File "homework.py", line 546, in <module>
    print(end-start)
NameError: name 'end' is not defined
##### End of output of failed program #####
##### vdhankar plays [E g7 f6] in 21.747927904129s #####
##### Running: /usr/lib/jvm/jdk-14.0.1/bin/java -jar /lab/itti/projects/checkers-competition/server/referee.jar on run_3_namba_vdhankar #####
Move is valid
##### SUCCESS: /usr/lib/jvm/jdk-14.0.1/bin/java -jar /lab/itti/projects/checkers-competition/server/referee.jar on run_3_namba_vdhankar #####
INPUT for namba:
GAME
WHITE
287.56
.b.b.b.b
b.b.b...
.b.b.b.w
........
.......b
w.w.w.w.
.w.w.w..
w.w.w.w.
##### Running: /usr/bin/time -o time_3_namba_vdhankar.txt -f "%U" python3 homework.py > stulog.txt 2>&1 on namba #####
##### SUCCESS: /usr/bin/time -o time_3_namba_vdhankar.txt -f "%U" python3 homework.py > stulog.txt 2>&1 on namba #####
##### namba plays [E g1 h2] in 4.67s #####
##### Running: /usr/lib/jvm/jdk-14.0.1/bin/java -jar /lab/itti/projects/checkers-competition/server/referee.jar on run_3_namba_vdhankar #####
Move is valid
##### SUCCESS: /usr/lib/jvm/jdk-14.0.1/bin/java -jar /lab/itti/projects/checkers-competition/server/referee.jar on run_3_namba_vdhankar #####
INPUT for vdhankar:
GAME
BLACK
251.705669164658
.b.b.b.b
b.b.b...
.b.b.b.w
........
.......b
w.w.w.w.
.w.w.w.w
w.w.w...
##### Running: /usr/bin/time -o time_3_namba_vdhankar.txt -f "%U" python3 homework.py > stulog.txt 2>&1 on vdhankar #####
child exited with value 1
##### ERROR: /usr/bin/time -o time_3_namba_vdhankar.txt -f "%U" python3 homework.py > stulog.txt 2>&1 on vdhankar #####
##### Output of failed program (stdout + stderr): #####
Traceback (most recent call last):
  File "homework.py", line 546, in <module>
    print(end-start)
NameError: name 'end' is not defined
##### End of output of failed program #####
##### vdhankar plays [E f6 g5] in 28.6552391052246s #####
##### Running: /usr/lib/jvm/jdk-14.0.1/bin/java -jar /lab/itti/projects/checkers-competition/server/referee.jar on run_3_namba_vdhankar #####
Move is valid
##### SUCCESS: /usr/lib/jvm/jdk-14.0.1/bin/java -jar /lab/itti/projects/checkers-competition/server/referee.jar on run_3_namba_vdhankar #####
INPUT for namba:
GAME
WHITE
282.89
.b.b.b.b
b.b.b...
.b.b...w
......b.
.......b
w.w.w.w.
.w.w.w.w
w.w.w...
##### Running: /usr/bin/time -o time_3_namba_vdhankar.txt -f "%U" python3 homework.py > stulog.txt 2>&1 on namba #####
##### SUCCESS: /usr/bin/time -o time_3_namba_vdhankar.txt -f "%U" python3 homework.py > stulog.txt 2>&1 on namba #####
##### namba plays [E g3 f4] in 3.9s #####
##### Running: /usr/lib/jvm/jdk-14.0.1/bin/java -jar /lab/itti/projects/checkers-competition/server/referee.jar on run_3_namba_vdhankar #####
Move is valid
##### SUCCESS: /usr/lib/jvm/jdk-14.0.1/bin/java -jar /lab/itti/projects/checkers-competition/server/referee.jar on run_3_namba_vdhankar #####
INPUT for vdhankar:
GAME
BLACK
223.050430059433
.b.b.b.b
b.b.b...
.b.b...w
......b.
.....w.b
w.w.w...
.w.w.w.w
w.w.w...
##### Running: /usr/bin/time -o time_3_namba_vdhankar.txt -f "%U" python3 homework.py > stulog.txt 2>&1 on vdhankar #####
child exited with value 1
##### ERROR: /usr/bin/time -o time_3_namba_vdhankar.txt -f "%U" python3 homework.py > stulog.txt 2>&1 on vdhankar #####
##### Output of failed program (stdout + stderr): #####
Traceback (most recent call last):
  File "homework.py", line 546, in <module>
    print(end-start)
NameError: name 'end' is not defined
##### End of output of failed program #####
##### vdhankar plays [E d6 e5] in 10.1303839683533s #####
##### Running: /usr/lib/jvm/jdk-14.0.1/bin/java -jar /lab/itti/projects/checkers-competition/server/referee.jar on run_3_namba_vdhankar #####
Move is valid
##### SUCCESS: /usr/lib/jvm/jdk-14.0.1/bin/java -jar /lab/itti/projects/checkers-competition/server/referee.jar on run_3_namba_vdhankar #####
INPUT for namba:
GAME
WHITE
278.99
.b.b.b.b
b.b.b...
.b.....w
....b.b.
.....w.b
w.w.w...
.w.w.w.w
w.w.w...
##### Running: /usr/bin/time -o time_3_namba_vdhankar.txt -f "%U" python3 homework.py > stulog.txt 2>&1 on namba #####
##### SUCCESS: /usr/bin/time -o time_3_namba_vdhankar.txt -f "%U" python3 homework.py > stulog.txt 2>&1 on namba #####
##### namba plays [J f4 d6] in 0.08s #####
##### Running: /usr/lib/jvm/jdk-14.0.1/bin/java -jar /lab/itti/projects/checkers-competition/server/referee.jar on run_3_namba_vdhankar #####
Move is valid
##### SUCCESS: /usr/lib/jvm/jdk-14.0.1/bin/java -jar /lab/itti/projects/checkers-competition/server/referee.jar on run_3_namba_vdhankar #####
INPUT for vdhankar:
GAME
BLACK
212.92004609108
.b.b.b.b
b.b.b...
.b.w...w
......b.
.......b
w.w.w...
.w.w.w.w
w.w.w...
##### Running: /usr/bin/time -o time_3_namba_vdhankar.txt -f "%U" python3 homework.py > stulog.txt 2>&1 on vdhankar #####
child exited with value 1
##### ERROR: /usr/bin/time -o time_3_namba_vdhankar.txt -f "%U" python3 homework.py > stulog.txt 2>&1 on vdhankar #####
##### Output of failed program (stdout + stderr): #####
Traceback (most recent call last):
  File "homework.py", line 546, in <module>
    print(end-start)
NameError: name 'end' is not defined
##### End of output of failed program #####
##### vdhankar plays [J c7 e5] in 11.8514139652252s #####
##### Running: /usr/lib/jvm/jdk-14.0.1/bin/java -jar /lab/itti/projects/checkers-competition/server/referee.jar on run_3_namba_vdhankar #####
Move is valid
##### SUCCESS: /usr/lib/jvm/jdk-14.0.1/bin/java -jar /lab/itti/projects/checkers-competition/server/referee.jar on run_3_namba_vdhankar #####
INPUT for namba:
GAME
WHITE
278.91
.b.b.b.b
b...b...
.b.....w
....b.b.
.......b
w.w.w...
.w.w.w.w
w.w.w...
##### Running: /usr/bin/time -o time_3_namba_vdhankar.txt -f "%U" python3 homework.py > stulog.txt 2>&1 on namba #####
##### SUCCESS: /usr/bin/time -o time_3_namba_vdhankar.txt -f "%U" python3 homework.py > stulog.txt 2>&1 on namba #####
##### namba plays [E h2 g3] in 8.13s #####
##### Running: /usr/lib/jvm/jdk-14.0.1/bin/java -jar /lab/itti/projects/checkers-competition/server/referee.jar on run_3_namba_vdhankar #####
Move is valid
##### SUCCESS: /usr/lib/jvm/jdk-14.0.1/bin/java -jar /lab/itti/projects/checkers-competition/server/referee.jar on run_3_namba_vdhankar #####
INPUT for vdhankar:
GAME
BLACK
201.068632125854
.b.b.b.b
b...b...
.b.....w
....b.b.
.......b
w.w.w.w.
.w.w.w..
w.w.w...
##### Running: /usr/bin/time -o time_3_namba_vdhankar.txt -f "%U" python3 homework.py > stulog.txt 2>&1 on vdhankar #####
child exited with value 1
##### ERROR: /usr/bin/time -o time_3_namba_vdhankar.txt -f "%U" python3 homework.py > stulog.txt 2>&1 on vdhankar #####
##### Output of failed program (stdout + stderr): #####
Traceback (most recent call last):
  File "homework.py", line 546, in <module>
    print(end-start)
NameError: name 'end' is not defined
##### End of output of failed program #####
##### vdhankar plays [E g5 f4] in 18.6029679775238s #####
##### Running: /usr/lib/jvm/jdk-14.0.1/bin/java -jar /lab/itti/projects/checkers-competition/server/referee.jar on run_3_namba_vdhankar #####
Move is valid
##### SUCCESS: /usr/lib/jvm/jdk-14.0.1/bin/java -jar /lab/itti/projects/checkers-competition/server/referee.jar on run_3_namba_vdhankar #####
INPUT for namba:
GAME
WHITE
270.78
.b.b.b.b
b...b...
.b.....w
....b...
.....b.b
w.w.w.w.
.w.w.w..
w.w.w...
##### Running: /usr/bin/time -o time_3_namba_vdhankar.txt -f "%U" python3 homework.py > stulog.txt 2>&1 on namba #####
##### SUCCESS: /usr/bin/time -o time_3_namba_vdhankar.txt -f "%U" python3 homework.py > stulog.txt 2>&1 on namba #####
##### namba plays [J e3 g5] in 0.06s #####
##### Running: /usr/lib/jvm/jdk-14.0.1/bin/java -jar /lab/itti/projects/checkers-competition/server/referee.jar on run_3_namba_vdhankar #####
Move is valid
##### SUCCESS: /usr/lib/jvm/jdk-14.0.1/bin/java -jar /lab/itti/projects/checkers-competition/server/referee.jar on run_3_namba_vdhankar #####
INPUT for vdhankar:
GAME
BLACK
182.465664148331
.b.b.b.b
b...b...
.b.....w
....b.w.
.......b
w.w...w.
.w.w.w..
w.w.w...
##### Running: /usr/bin/time -o time_3_namba_vdhankar.txt -f "%U" python3 homework.py > stulog.txt 2>&1 on vdhankar #####
child exited with value 1
##### ERROR: /usr/bin/time -o time_3_namba_vdhankar.txt -f "%U" python3 homework.py > stulog.txt 2>&1 on vdhankar #####
##### Output of failed program (stdout + stderr): #####
Traceback (most recent call last):
  File "homework.py", line 546, in <module>
    print(end-start)
NameError: name 'end' is not defined
##### End of output of failed program #####
##### vdhankar plays [E b6 c5] in 30.0574350357056s #####
##### Running: /usr/lib/jvm/jdk-14.0.1/bin/java -jar /lab/itti/projects/checkers-competition/server/referee.jar on run_3_namba_vdhankar #####
Move is valid
##### SUCCESS: /usr/lib/jvm/jdk-14.0.1/bin/java -jar /lab/itti/projects/checkers-competition/server/referee.jar on run_3_namba_vdhankar #####
INPUT for namba:
GAME
WHITE
270.72
.b.b.b.b
b...b...
.......w
..b.b.w.
.......b
w.w...w.
.w.w.w..
w.w.w...
##### Running: /usr/bin/time -o time_3_namba_vdhankar.txt -f "%U" python3 homework.py > stulog.txt 2>&1 on namba #####
##### SUCCESS: /usr/bin/time -o time_3_namba_vdhankar.txt -f "%U" python3 homework.py > stulog.txt 2>&1 on namba #####
##### namba plays [E f2 e3] in 11.84s #####
##### Running: /usr/lib/jvm/jdk-14.0.1/bin/java -jar /lab/itti/projects/checkers-competition/server/referee.jar on run_3_namba_vdhankar #####
Move is valid
##### SUCCESS: /usr/lib/jvm/jdk-14.0.1/bin/java -jar /lab/itti/projects/checkers-competition/server/referee.jar on run_3_namba_vdhankar #####
INPUT for vdhankar:
GAME
BLACK
152.408229112625
.b.b.b.b
b...b...
.......w
..b.b.w.
.......b
w.w.w.w.
.w.w....
w.w.w...
##### Running: /usr/bin/time -o time_3_namba_vdhankar.txt -f "%U" python3 homework.py > stulog.txt 2>&1 on vdhankar #####
child exited with value 1
##### ERROR: /usr/bin/time -o time_3_namba_vdhankar.txt -f "%U" python3 homework.py > stulog.txt 2>&1 on vdhankar #####
##### Output of failed program (stdout + stderr): #####
Traceback (most recent call last):
  File "homework.py", line 546, in <module>
    print(end-start)
NameError: name 'end' is not defined
##### End of output of failed program #####
##### vdhankar plays [J h4 f2] in 2.28215980529785s #####
##### Running: /usr/lib/jvm/jdk-14.0.1/bin/java -jar /lab/itti/projects/checkers-competition/server/referee.jar on run_3_namba_vdhankar #####
Move is valid
##### SUCCESS: /usr/lib/jvm/jdk-14.0.1/bin/java -jar /lab/itti/projects/checkers-competition/server/referee.jar on run_3_namba_vdhankar #####
INPUT for namba:
GAME
WHITE
258.88
.b.b.b.b
b...b...
.......w
..b.b.w.
........
w.w.w...
.w.w.b..
w.w.w...
##### Running: /usr/bin/time -o time_3_namba_vdhankar.txt -f "%U" python3 homework.py > stulog.txt 2>&1 on namba #####
##### SUCCESS: /usr/bin/time -o time_3_namba_vdhankar.txt -f "%U" python3 homework.py > stulog.txt 2>&1 on namba #####
##### namba plays [J e1 g3] in 0.08s #####
##### Running: /usr/lib/jvm/jdk-14.0.1/bin/java -jar /lab/itti/projects/checkers-competition/server/referee.jar on run_3_namba_vdhankar #####
Move is valid
##### SUCCESS: /usr/lib/jvm/jdk-14.0.1/bin/java -jar /lab/itti/projects/checkers-competition/server/referee.jar on run_3_namba_vdhankar #####
INPUT for vdhankar:
GAME
BLACK
150.126069307327
.b.b.b.b
b...b...
.......w
..b.b.w.
........
w.w.w.w.
.w.w....
w.w.....
##### Running: /usr/bin/time -o time_3_namba_vdhankar.txt -f "%U" python3 homework.py > stulog.txt 2>&1 on vdhankar #####
child exited with value 1
##### ERROR: /usr/bin/time -o time_3_namba_vdhankar.txt -f "%U" python3 homework.py > stulog.txt 2>&1 on vdhankar #####
##### Output of failed program (stdout + stderr): #####
Traceback (most recent call last):
  File "homework.py", line 546, in <module>
    print(end-start)
NameError: name 'end' is not defined
##### End of output of failed program #####
##### vdhankar plays [E c5 d4] in 15.3830320835114s #####
##### Running: /usr/lib/jvm/jdk-14.0.1/bin/java -jar /lab/itti/projects/checkers-competition/server/referee.jar on run_3_namba_vdhankar #####
Move is valid
##### SUCCESS: /usr/lib/jvm/jdk-14.0.1/bin/java -jar /lab/itti/projects/checkers-competition/server/referee.jar on run_3_namba_vdhankar #####
INPUT for namba:
GAME
WHITE
258.8
.b.b.b.b
b...b...
.......w
....b.w.
...b....
w.w.w.w.
.w.w....
w.w.....
##### Running: /usr/bin/time -o time_3_namba_vdhankar.txt -f "%U" python3 homework.py > stulog.txt 2>&1 on namba #####
##### SUCCESS: /usr/bin/time -o time_3_namba_vdhankar.txt -f "%U" python3 homework.py > stulog.txt 2>&1 on namba #####
##### namba plays [J e3 c5] in 0.08s #####
##### Running: /usr/lib/jvm/jdk-14.0.1/bin/java -jar /lab/itti/projects/checkers-competition/server/referee.jar on run_3_namba_vdhankar #####
Move is valid
##### SUCCESS: /usr/lib/jvm/jdk-14.0.1/bin/java -jar /lab/itti/projects/checkers-competition/server/referee.jar on run_3_namba_vdhankar #####
INPUT for vdhankar:
GAME
BLACK
134.743037223816
.b.b.b.b
b...b...
.......w
..w.b.w.
........
w.w...w.
.w.w....
w.w.....
##### Running: /usr/bin/time -o time_3_namba_vdhankar.txt -f "%U" python3 homework.py > stulog.txt 2>&1 on vdhankar #####
child exited with value 1
##### ERROR: /usr/bin/time -o time_3_namba_vdhankar.txt -f "%U" python3 homework.py > stulog.txt 2>&1 on vdhankar #####
##### Output of failed program (stdout + stderr): #####
Traceback (most recent call last):
  File "homework.py", line 546, in <module>
    print(end-start)
NameError: name 'end' is not defined
##### End of output of failed program #####
##### vdhankar plays [E e7 d6] in 10.8909540176392s #####
##### Running: /usr/lib/jvm/jdk-14.0.1/bin/java -jar /lab/itti/projects/checkers-competition/server/referee.jar on run_3_namba_vdhankar #####
Move is valid
##### SUCCESS: /usr/lib/jvm/jdk-14.0.1/bin/java -jar /lab/itti/projects/checkers-competition/server/referee.jar on run_3_namba_vdhankar #####
INPUT for namba:
GAME
WHITE
258.72
.b.b.b.b
b.......
...b...w
..w.b.w.
........
w.w...w.
.w.w....
w.w.....
##### Running: /usr/bin/time -o time_3_namba_vdhankar.txt -f "%U" python3 homework.py > stulog.txt 2>&1 on namba #####
##### SUCCESS: /usr/bin/time -o time_3_namba_vdhankar.txt -f "%U" python3 homework.py > stulog.txt 2>&1 on namba #####
##### namba plays [J c5 e7] in 0.07s #####
##### Running: /usr/lib/jvm/jdk-14.0.1/bin/java -jar /lab/itti/projects/checkers-competition/server/referee.jar on run_3_namba_vdhankar #####
Move is valid
##### SUCCESS: /usr/lib/jvm/jdk-14.0.1/bin/java -jar /lab/itti/projects/checkers-competition/server/referee.jar on run_3_namba_vdhankar #####
INPUT for vdhankar:
GAME
BLACK
123.852083206177
.b.b.b.b
b...w...
.......w
....b.w.
........
w.w...w.
.w.w....
w.w.....
##### Running: /usr/bin/time -o time_3_namba_vdhankar.txt -f "%U" python3 homework.py > stulog.txt 2>&1 on vdhankar #####
child exited with value 1
##### ERROR: /usr/bin/time -o time_3_namba_vdhankar.txt -f "%U" python3 homework.py > stulog.txt 2>&1 on vdhankar #####
##### Output of failed program (stdout + stderr): #####
Traceback (most recent call last):
  File "homework.py", line 546, in <module>
    print(end-start)
NameError: name 'end' is not defined
##### End of output of failed program #####
##### vdhankar plays [J d8 f6 ; J f6 h4 ; J h4 f2] in 8.1591739654541s #####
##### Running: /usr/lib/jvm/jdk-14.0.1/bin/java -jar /lab/itti/projects/checkers-competition/server/referee.jar on run_3_namba_vdhankar #####
Move is valid
##### SUCCESS: /usr/lib/jvm/jdk-14.0.1/bin/java -jar /lab/itti/projects/checkers-competition/server/referee.jar on run_3_namba_vdhankar #####
INPUT for namba:
GAME
WHITE
258.65
.b...b.b
b.......
.......w
....b...
........
w.w.....
.w.w.b..
w.w.....
##### Running: /usr/bin/time -o time_3_namba_vdhankar.txt -f "%U" python3 homework.py > stulog.txt 2>&1 on namba #####
##### SUCCESS: /usr/bin/time -o time_3_namba_vdhankar.txt -f "%U" python3 homework.py > stulog.txt 2>&1 on namba #####
##### namba plays [E d2 e3] in 4.35s #####
##### Running: /usr/lib/jvm/jdk-14.0.1/bin/java -jar /lab/itti/projects/checkers-competition/server/referee.jar on run_3_namba_vdhankar #####
Move is valid
##### SUCCESS: /usr/lib/jvm/jdk-14.0.1/bin/java -jar /lab/itti/projects/checkers-competition/server/referee.jar on run_3_namba_vdhankar #####
INPUT for vdhankar:
GAME
BLACK
115.692909240723
.b...b.b
b.......
.......w
....b...
........
w.w.w...
.w...b..
w.w.....
##### Running: /usr/bin/time -o time_3_namba_vdhankar.txt -f "%U" python3 homework.py > stulog.txt 2>&1 on vdhankar #####
child exited with value 1
##### ERROR: /usr/bin/time -o time_3_namba_vdhankar.txt -f "%U" python3 homework.py > stulog.txt 2>&1 on vdhankar #####
##### Output of failed program (stdout + stderr): #####
Traceback (most recent call last):
  File "homework.py", line 546, in <module>
    print(end-start)
NameError: name 'end' is not defined
##### End of output of failed program #####
##### vdhankar plays [E f2 g1] in 21.7464089393616s #####
##### Running: /usr/lib/jvm/jdk-14.0.1/bin/java -jar /lab/itti/projects/checkers-competition/server/referee.jar on run_3_namba_vdhankar #####
Move is valid
##### SUCCESS: /usr/lib/jvm/jdk-14.0.1/bin/java -jar /lab/itti/projects/checkers-competition/server/referee.jar on run_3_namba_vdhankar #####
INPUT for namba:
GAME
WHITE
254.3
.b...b.b
b.......
.......w
....b...
........
w.w.w...
.w......
w.w...B.
##### Running: /usr/bin/time -o time_3_namba_vdhankar.txt -f "%U" python3 homework.py > stulog.txt 2>&1 on namba #####
##### SUCCESS: /usr/bin/time -o time_3_namba_vdhankar.txt -f "%U" python3 homework.py > stulog.txt 2>&1 on namba #####
##### namba plays [E c1 d2] in 4.78s #####
##### Running: /usr/lib/jvm/jdk-14.0.1/bin/java -jar /lab/itti/projects/checkers-competition/server/referee.jar on run_3_namba_vdhankar #####
Move is valid
##### SUCCESS: /usr/lib/jvm/jdk-14.0.1/bin/java -jar /lab/itti/projects/checkers-competition/server/referee.jar on run_3_namba_vdhankar #####
INPUT for vdhankar:
GAME
BLACK
93.9465003013611
.b...b.b
b.......
.......w
....b...
........
w.w.w...
.w.w....
w.....B.
##### Running: /usr/bin/time -o time_3_namba_vdhankar.txt -f "%U" python3 homework.py > stulog.txt 2>&1 on vdhankar #####
child exited with value 1
##### ERROR: /usr/bin/time -o time_3_namba_vdhankar.txt -f "%U" python3 homework.py > stulog.txt 2>&1 on vdhankar #####
##### Output of failed program (stdout + stderr): #####
Traceback (most recent call last):
  File "homework.py", line 546, in <module>
    print(end-start)
NameError: name 'end' is not defined
##### End of output of failed program #####
##### vdhankar plays [E g1 h2] in 21.3753399848938s #####
##### Running: /usr/lib/jvm/jdk-14.0.1/bin/java -jar /lab/itti/projects/checkers-competition/server/referee.jar on run_3_namba_vdhankar #####
Move is valid
##### SUCCESS: /usr/lib/jvm/jdk-14.0.1/bin/java -jar /lab/itti/projects/checkers-competition/server/referee.jar on run_3_namba_vdhankar #####
INPUT for namba:
GAME
WHITE
249.52
.b...b.b
b.......
.......w
....b...
........
w.w.w...
.w.w...B
w.......
##### Running: /usr/bin/time -o time_3_namba_vdhankar.txt -f "%U" python3 homework.py > stulog.txt 2>&1 on namba #####
##### SUCCESS: /usr/bin/time -o time_3_namba_vdhankar.txt -f "%U" python3 homework.py > stulog.txt 2>&1 on namba #####
##### namba plays [E e3 d4] in 4.47s #####
##### Running: /usr/lib/jvm/jdk-14.0.1/bin/java -jar /lab/itti/projects/checkers-competition/server/referee.jar on run_3_namba_vdhankar #####
Move is valid
##### SUCCESS: /usr/lib/jvm/jdk-14.0.1/bin/java -jar /lab/itti/projects/checkers-competition/server/referee.jar on run_3_namba_vdhankar #####
INPUT for vdhankar:
GAME
BLACK
72.5711603164673
.b...b.b
b.......
.......w
....b...
...w....
w.w.....
.w.w...B
w.......
##### Running: /usr/bin/time -o time_3_namba_vdhankar.txt -f "%U" python3 homework.py > stulog.txt 2>&1 on vdhankar #####
child exited with value 1
##### ERROR: /usr/bin/time -o time_3_namba_vdhankar.txt -f "%U" python3 homework.py > stulog.txt 2>&1 on vdhankar #####
##### Output of failed program (stdout + stderr): #####
Traceback (most recent call last):
  File "homework.py", line 546, in <module>
    print(end-start)
NameError: name 'end' is not defined
##### End of output of failed program #####
##### vdhankar plays [E h2 g3] in 20.3329379558563s #####
##### Running: /usr/lib/jvm/jdk-14.0.1/bin/java -jar /lab/itti/projects/checkers-competition/server/referee.jar on run_3_namba_vdhankar #####
Move is valid
##### SUCCESS: /usr/lib/jvm/jdk-14.0.1/bin/java -jar /lab/itti/projects/checkers-competition/server/referee.jar on run_3_namba_vdhankar #####
INPUT for namba:
GAME
WHITE
245.05
.b...b.b
b.......
.......w
....b...
...w....
w.w...B.
.w.w....
w.......
##### Running: /usr/bin/time -o time_3_namba_vdhankar.txt -f "%U" python3 homework.py > stulog.txt 2>&1 on namba #####
##### SUCCESS: /usr/bin/time -o time_3_namba_vdhankar.txt -f "%U" python3 homework.py > stulog.txt 2>&1 on namba #####
##### namba plays [J d4 f6] in 0.08s #####
##### Running: /usr/lib/jvm/jdk-14.0.1/bin/java -jar /lab/itti/projects/checkers-competition/server/referee.jar on run_3_namba_vdhankar #####
Move is valid
##### SUCCESS: /usr/lib/jvm/jdk-14.0.1/bin/java -jar /lab/itti/projects/checkers-competition/server/referee.jar on run_3_namba_vdhankar #####
INPUT for vdhankar:
GAME
BLACK
52.238222360611
.b...b.b
b.......
.....w.w
........
........
w.w...B.
.w.w....
w.......
##### Running: /usr/bin/time -o time_3_namba_vdhankar.txt -f "%U" python3 homework.py > stulog.txt 2>&1 on vdhankar #####
child exited with value 1
##### ERROR: /usr/bin/time -o time_3_namba_vdhankar.txt -f "%U" python3 homework.py > stulog.txt 2>&1 on vdhankar #####
##### Output of failed program (stdout + stderr): #####
Traceback (most recent call last):
  File "homework.py", line 546, in <module>
    print(end-start)
NameError: name 'end' is not defined
##### End of output of failed program #####
##### vdhankar plays [E g3 h4] in 15.4724040031433s #####
##### Running: /usr/lib/jvm/jdk-14.0.1/bin/java -jar /lab/itti/projects/checkers-competition/server/referee.jar on run_3_namba_vdhankar #####
Move is valid
##### SUCCESS: /usr/lib/jvm/jdk-14.0.1/bin/java -jar /lab/itti/projects/checkers-competition/server/referee.jar on run_3_namba_vdhankar #####
INPUT for namba:
GAME
WHITE
244.97
.b...b.b
b.......
.....w.w
........
.......B
w.w.....
.w.w....
w.......
##### Running: /usr/bin/time -o time_3_namba_vdhankar.txt -f "%U" python3 homework.py > stulog.txt 2>&1 on namba #####
##### SUCCESS: /usr/bin/time -o time_3_namba_vdhankar.txt -f "%U" python3 homework.py > stulog.txt 2>&1 on namba #####
##### namba plays [E d2 e3] in 3.01s #####
##### Running: /usr/lib/jvm/jdk-14.0.1/bin/java -jar /lab/itti/projects/checkers-competition/server/referee.jar on run_3_namba_vdhankar #####
Move is valid
##### SUCCESS: /usr/lib/jvm/jdk-14.0.1/bin/java -jar /lab/itti/projects/checkers-competition/server/referee.jar on run_3_namba_vdhankar #####
INPUT for vdhankar:
GAME
BLACK
36.7658183574677
.b...b.b
b.......
.....w.w
........
.......B
w.w.w...
.w......
w.......
##### Running: /usr/bin/time -o time_3_namba_vdhankar.txt -f "%U" python3 homework.py > stulog.txt 2>&1 on vdhankar #####
child exited with value 1
##### ERROR: /usr/bin/time -o time_3_namba_vdhankar.txt -f "%U" python3 homework.py > stulog.txt 2>&1 on vdhankar #####
##### Output of failed program (stdout + stderr): #####
Traceback (most recent call last):
  File "homework.py", line 546, in <module>
    print(end-start)
NameError: name 'end' is not defined
##### End of output of failed program #####
##### vdhankar plays [E h4 g3] in 3.91903281211853s #####
##### Running: /usr/lib/jvm/jdk-14.0.1/bin/java -jar /lab/itti/projects/checkers-competition/server/referee.jar on run_3_namba_vdhankar #####
Move is valid
##### SUCCESS: /usr/lib/jvm/jdk-14.0.1/bin/java -jar /lab/itti/projects/checkers-competition/server/referee.jar on run_3_namba_vdhankar #####
INPUT for namba:
GAME
WHITE
241.96
.b...b.b
b.......
.....w.w
........
........
w.w.w.B.
.w......
w.......
##### Running: /usr/bin/time -o time_3_namba_vdhankar.txt -f "%U" python3 homework.py > stulog.txt 2>&1 on namba #####
##### SUCCESS: /usr/bin/time -o time_3_namba_vdhankar.txt -f "%U" python3 homework.py > stulog.txt 2>&1 on namba #####
##### namba plays [E e3 d4] in 6.97s #####
##### Running: /usr/lib/jvm/jdk-14.0.1/bin/java -jar /lab/itti/projects/checkers-competition/server/referee.jar on run_3_namba_vdhankar #####
Move is valid
##### SUCCESS: /usr/lib/jvm/jdk-14.0.1/bin/java -jar /lab/itti/projects/checkers-competition/server/referee.jar on run_3_namba_vdhankar #####
INPUT for vdhankar:
GAME
BLACK
32.8467855453491
.b...b.b
b.......
.....w.w
........
...w....
w.w...B.
.w......
w.......
##### Running: /usr/bin/time -o time_3_namba_vdhankar.txt -f "%U" python3 homework.py > stulog.txt 2>&1 on vdhankar #####
child exited with value 1
##### ERROR: /usr/bin/time -o time_3_namba_vdhankar.txt -f "%U" python3 homework.py > stulog.txt 2>&1 on vdhankar #####
##### Output of failed program (stdout + stderr): #####
Traceback (most recent call last):
  File "homework.py", line 546, in <module>
    print(end-start)
NameError: name 'end' is not defined
##### End of output of failed program #####
##### vdhankar plays [E g3 h4] in 3.48357391357422s #####
##### Running: /usr/lib/jvm/jdk-14.0.1/bin/java -jar /lab/itti/projects/checkers-competition/server/referee.jar on run_3_namba_vdhankar #####
Move is valid
##### SUCCESS: /usr/lib/jvm/jdk-14.0.1/bin/java -jar /lab/itti/projects/checkers-competition/server/referee.jar on run_3_namba_vdhankar #####
INPUT for namba:
GAME
WHITE
234.99
.b...b.b
b.......
.....w.w
........
...w...B
w.w.....
.w......
w.......
##### Running: /usr/bin/time -o time_3_namba_vdhankar.txt -f "%U" python3 homework.py > stulog.txt 2>&1 on namba #####
##### SUCCESS: /usr/bin/time -o time_3_namba_vdhankar.txt -f "%U" python3 homework.py > stulog.txt 2>&1 on namba #####
##### namba plays [E c3 b4] in 7.4s #####
##### Running: /usr/lib/jvm/jdk-14.0.1/bin/java -jar /lab/itti/projects/checkers-competition/server/referee.jar on run_3_namba_vdhankar #####
Move is valid
##### SUCCESS: /usr/lib/jvm/jdk-14.0.1/bin/java -jar /lab/itti/projects/checkers-competition/server/referee.jar on run_3_namba_vdhankar #####
INPUT for vdhankar:
GAME
BLACK
29.3632116317749
.b...b.b
b.......
.....w.w
........
.w.w...B
w.......
.w......
w.......
##### Running: /usr/bin/time -o time_3_namba_vdhankar.txt -f "%U" python3 homework.py > stulog.txt 2>&1 on vdhankar #####
child exited with value 1
##### ERROR: /usr/bin/time -o time_3_namba_vdhankar.txt -f "%U" python3 homework.py > stulog.txt 2>&1 on vdhankar #####
##### Output of failed program (stdout + stderr): #####
Traceback (most recent call last):
  File "homework.py", line 546, in <module>
    print(end-start)
NameError: name 'end' is not defined
##### End of output of failed program #####
##### vdhankar plays [E h4 g5] in 2.21857500076294s #####
##### Running: /usr/lib/jvm/jdk-14.0.1/bin/java -jar /lab/itti/projects/checkers-competition/server/referee.jar on run_3_namba_vdhankar #####
Move is valid
##### SUCCESS: /usr/lib/jvm/jdk-14.0.1/bin/java -jar /lab/itti/projects/checkers-competition/server/referee.jar on run_3_namba_vdhankar #####
INPUT for namba:
GAME
WHITE
227.59
.b...b.b
b.......
.....w.w
......B.
.w.w....
w.......
.w......
w.......
##### Running: /usr/bin/time -o time_3_namba_vdhankar.txt -f "%U" python3 homework.py > stulog.txt 2>&1 on namba #####
##### SUCCESS: /usr/bin/time -o time_3_namba_vdhankar.txt -f "%U" python3 homework.py > stulog.txt 2>&1 on namba #####
##### namba plays [E b2 c3] in 3.88s #####
##### Running: /usr/lib/jvm/jdk-14.0.1/bin/java -jar /lab/itti/projects/checkers-competition/server/referee.jar on run_3_namba_vdhankar #####
Move is valid
##### SUCCESS: /usr/lib/jvm/jdk-14.0.1/bin/java -jar /lab/itti/projects/checkers-competition/server/referee.jar on run_3_namba_vdhankar #####
INPUT for vdhankar:
GAME
BLACK
27.144636631012
.b...b.b
b.......
.....w.w
......B.
.w.w....
w.w.....
........
w.......
##### Running: /usr/bin/time -o time_3_namba_vdhankar.txt -f "%U" python3 homework.py > stulog.txt 2>&1 on vdhankar #####
child exited with value 1
##### ERROR: /usr/bin/time -o time_3_namba_vdhankar.txt -f "%U" python3 homework.py > stulog.txt 2>&1 on vdhankar #####
##### Output of failed program (stdout + stderr): #####
Traceback (most recent call last):
  File "homework.py", line 546, in <module>
    print(end-start)
NameError: name 'end' is not defined
##### End of output of failed program #####
##### vdhankar plays [J g5 e7] in 1.96488308906555s #####
##### Running: /usr/lib/jvm/jdk-14.0.1/bin/java -jar /lab/itti/projects/checkers-competition/server/referee.jar on run_3_namba_vdhankar #####
Move is valid
##### SUCCESS: /usr/lib/jvm/jdk-14.0.1/bin/java -jar /lab/itti/projects/checkers-competition/server/referee.jar on run_3_namba_vdhankar #####
INPUT for namba:
GAME
WHITE
223.71
.b...b.b
b...B...
.......w
........
.w.w....
w.w.....
........
w.......
##### Running: /usr/bin/time -o time_3_namba_vdhankar.txt -f "%U" python3 homework.py > stulog.txt 2>&1 on namba #####
##### SUCCESS: /usr/bin/time -o time_3_namba_vdhankar.txt -f "%U" python3 homework.py > stulog.txt 2>&1 on namba #####
##### namba plays [E a1 b2] in 2.29s #####
##### Running: /usr/lib/jvm/jdk-14.0.1/bin/java -jar /lab/itti/projects/checkers-competition/server/referee.jar on run_3_namba_vdhankar #####
Move is valid
##### SUCCESS: /usr/lib/jvm/jdk-14.0.1/bin/java -jar /lab/itti/projects/checkers-competition/server/referee.jar on run_3_namba_vdhankar #####
INPUT for vdhankar:
GAME
BLACK
25.1797535419464
.b...b.b
b...B...
.......w
........
.w.w....
w.w.....
.w......
........
##### Running: /usr/bin/time -o time_3_namba_vdhankar.txt -f "%U" python3 homework.py > stulog.txt 2>&1 on vdhankar #####
child exited with value 1
##### ERROR: /usr/bin/time -o time_3_namba_vdhankar.txt -f "%U" python3 homework.py > stulog.txt 2>&1 on vdhankar #####
##### Output of failed program (stdout + stderr): #####
Traceback (most recent call last):
  File "homework.py", line 546, in <module>
    print(end-start)
NameError: name 'end' is not defined
##### End of output of failed program #####
##### vdhankar plays [E e7 f6] in 3.88204097747803s #####
##### Running: /usr/lib/jvm/jdk-14.0.1/bin/java -jar /lab/itti/projects/checkers-competition/server/referee.jar on run_3_namba_vdhankar #####
Move is valid
##### SUCCESS: /usr/lib/jvm/jdk-14.0.1/bin/java -jar /lab/itti/projects/checkers-competition/server/referee.jar on run_3_namba_vdhankar #####
INPUT for namba:
GAME
WHITE
221.42
.b...b.b
b.......
.....B.w
........
.w.w....
w.w.....
.w......
........
##### Running: /usr/bin/time -o time_3_namba_vdhankar.txt -f "%U" python3 homework.py > stulog.txt 2>&1 on namba #####
##### SUCCESS: /usr/bin/time -o time_3_namba_vdhankar.txt -f "%U" python3 homework.py > stulog.txt 2>&1 on namba #####
##### namba plays [E d4 c5] in 1.87s #####
##### Running: /usr/lib/jvm/jdk-14.0.1/bin/java -jar /lab/itti/projects/checkers-competition/server/referee.jar on run_3_namba_vdhankar #####
Move is valid
##### SUCCESS: /usr/lib/jvm/jdk-14.0.1/bin/java -jar /lab/itti/projects/checkers-competition/server/referee.jar on run_3_namba_vdhankar #####
INPUT for vdhankar:
GAME
BLACK
21.2977125644684
.b...b.b
b.......
.....B.w
..w.....
.w......
w.w.....
.w......
........
##### Running: /usr/bin/time -o time_3_namba_vdhankar.txt -f "%U" python3 homework.py > stulog.txt 2>&1 on vdhankar #####
child exited with value 1
##### ERROR: /usr/bin/time -o time_3_namba_vdhankar.txt -f "%U" python3 homework.py > stulog.txt 2>&1 on vdhankar #####
##### Output of failed program (stdout + stderr): #####
Traceback (most recent call last):
  File "homework.py", line 546, in <module>
    print(end-start)
NameError: name 'end' is not defined
##### End of output of failed program #####
##### vdhankar plays [E f6 g5] in 0.540428876876831s #####
##### Running: /usr/lib/jvm/jdk-14.0.1/bin/java -jar /lab/itti/projects/checkers-competition/server/referee.jar on run_3_namba_vdhankar #####
Move is valid
##### SUCCESS: /usr/lib/jvm/jdk-14.0.1/bin/java -jar /lab/itti/projects/checkers-competition/server/referee.jar on run_3_namba_vdhankar #####
INPUT for namba:
GAME
WHITE
219.55
.b...b.b
b.......
.......w
..w...B.
.w......
w.w.....
.w......
........
##### Running: /usr/bin/time -o time_3_namba_vdhankar.txt -f "%U" python3 homework.py > stulog.txt 2>&1 on namba #####
##### SUCCESS: /usr/bin/time -o time_3_namba_vdhankar.txt -f "%U" python3 homework.py > stulog.txt 2>&1 on namba #####
##### namba plays [E c3 d4] in 3.46s #####
##### Running: /usr/lib/jvm/jdk-14.0.1/bin/java -jar /lab/itti/projects/checkers-competition/server/referee.jar on run_3_namba_vdhankar #####
Move is valid
##### SUCCESS: /usr/lib/jvm/jdk-14.0.1/bin/java -jar /lab/itti/projects/checkers-competition/server/referee.jar on run_3_namba_vdhankar #####
INPUT for vdhankar:
GAME
BLACK
20.7572836875916
.b...b.b
b.......
.......w
..w...B.
.w.w....
w.......
.w......
........
##### Running: /usr/bin/time -o time_3_namba_vdhankar.txt -f "%U" python3 homework.py > stulog.txt 2>&1 on vdhankar #####
child exited with value 1
##### ERROR: /usr/bin/time -o time_3_namba_vdhankar.txt -f "%U" python3 homework.py > stulog.txt 2>&1 on vdhankar #####
##### Output of failed program (stdout + stderr): #####
Traceback (most recent call last):
  File "homework.py", line 546, in <module>
    print(end-start)
NameError: name 'end' is not defined
##### End of output of failed program #####
##### vdhankar plays [E g5 f6] in 0.545222997665405s #####
##### Running: /usr/lib/jvm/jdk-14.0.1/bin/java -jar /lab/itti/projects/checkers-competition/server/referee.jar on run_3_namba_vdhankar #####
Move is valid
##### SUCCESS: /usr/lib/jvm/jdk-14.0.1/bin/java -jar /lab/itti/projects/checkers-competition/server/referee.jar on run_3_namba_vdhankar #####
INPUT for namba:
GAME
WHITE
216.09
.b...b.b
b.......
.....B.w
..w.....
.w.w....
w.......
.w......
........
##### Running: /usr/bin/time -o time_3_namba_vdhankar.txt -f "%U" python3 homework.py > stulog.txt 2>&1 on namba #####
##### SUCCESS: /usr/bin/time -o time_3_namba_vdhankar.txt -f "%U" python3 homework.py > stulog.txt 2>&1 on namba #####
##### namba plays [E b2 c3] in 2.93s #####
##### Running: /usr/lib/jvm/jdk-14.0.1/bin/java -jar /lab/itti/projects/checkers-competition/server/referee.jar on run_3_namba_vdhankar #####
Move is valid
##### SUCCESS: /usr/lib/jvm/jdk-14.0.1/bin/java -jar /lab/itti/projects/checkers-competition/server/referee.jar on run_3_namba_vdhankar #####
INPUT for vdhankar:
GAME
BLACK
20.2120606899261
.b...b.b
b.......
.....B.w
..w.....
.w.w....
w.w.....
........
........
##### Running: /usr/bin/time -o time_3_namba_vdhankar.txt -f "%U" python3 homework.py > stulog.txt 2>&1 on vdhankar #####
child exited with value 1
##### ERROR: /usr/bin/time -o time_3_namba_vdhankar.txt -f "%U" python3 homework.py > stulog.txt 2>&1 on vdhankar #####
##### Output of failed program (stdout + stderr): #####
Traceback (most recent call last):
  File "homework.py", line 546, in <module>
    print(end-start)
NameError: name 'end' is not defined
##### End of output of failed program #####
##### vdhankar plays [E f6 e7] in 0.398097991943359s #####
##### Running: /usr/lib/jvm/jdk-14.0.1/bin/java -jar /lab/itti/projects/checkers-competition/server/referee.jar on run_3_namba_vdhankar #####
Move is valid
##### SUCCESS: /usr/lib/jvm/jdk-14.0.1/bin/java -jar /lab/itti/projects/checkers-competition/server/referee.jar on run_3_namba_vdhankar #####
INPUT for namba:
GAME
WHITE
213.16
.b...b.b
b...B...
.......w
..w.....
.w.w....
w.w.....
........
........
##### Running: /usr/bin/time -o time_3_namba_vdhankar.txt -f "%U" python3 homework.py > stulog.txt 2>&1 on namba #####
##### SUCCESS: /usr/bin/time -o time_3_namba_vdhankar.txt -f "%U" python3 homework.py > stulog.txt 2>&1 on namba #####
##### namba plays [E d4 e5] in 2.27s #####
##### Running: /usr/lib/jvm/jdk-14.0.1/bin/java -jar /lab/itti/projects/checkers-competition/server/referee.jar on run_3_namba_vdhankar #####
Move is valid
##### SUCCESS: /usr/lib/jvm/jdk-14.0.1/bin/java -jar /lab/itti/projects/checkers-competition/server/referee.jar on run_3_namba_vdhankar #####
INPUT for vdhankar:
GAME
BLACK
19.8139626979828
.b...b.b
b...B...
.......w
..w.w...
.w......
w.w.....
........
........
##### Running: /usr/bin/time -o time_3_namba_vdhankar.txt -f "%U" python3 homework.py > stulog.txt 2>&1 on vdhankar #####
child exited with value 1
##### ERROR: /usr/bin/time -o time_3_namba_vdhankar.txt -f "%U" python3 homework.py > stulog.txt 2>&1 on vdhankar #####
##### Output of failed program (stdout + stderr): #####
Traceback (most recent call last):
  File "homework.py", line 546, in <module>
    print(end-start)
NameError: name 'end' is not defined
##### End of output of failed program #####
##### vdhankar plays [E e7 d8] in 0.573931932449341s #####
##### Running: /usr/lib/jvm/jdk-14.0.1/bin/java -jar /lab/itti/projects/checkers-competition/server/referee.jar on run_3_namba_vdhankar #####
Move is valid
##### SUCCESS: /usr/lib/jvm/jdk-14.0.1/bin/java -jar /lab/itti/projects/checkers-competition/server/referee.jar on run_3_namba_vdhankar #####
INPUT for namba:
GAME
WHITE
210.89
.b.B.b.b
b.......
.......w
..w.w...
.w......
w.w.....
........
........
##### Running: /usr/bin/time -o time_3_namba_vdhankar.txt -f "%U" python3 homework.py > stulog.txt 2>&1 on namba #####
##### SUCCESS: /usr/bin/time -o time_3_namba_vdhankar.txt -f "%U" python3 homework.py > stulog.txt 2>&1 on namba #####
##### namba plays [E c3 d4] in 3.05s #####
##### Running: /usr/lib/jvm/jdk-14.0.1/bin/java -jar /lab/itti/projects/checkers-competition/server/referee.jar on run_3_namba_vdhankar #####
Move is valid
##### SUCCESS: /usr/lib/jvm/jdk-14.0.1/bin/java -jar /lab/itti/projects/checkers-competition/server/referee.jar on run_3_namba_vdhankar #####
INPUT for vdhankar:
GAME
BLACK
19.2400307655334
.b.B.b.b
b.......
.......w
..w.w...
.w.w....
w.......
........
........
##### Running: /usr/bin/time -o time_3_namba_vdhankar.txt -f "%U" python3 homework.py > stulog.txt 2>&1 on vdhankar #####
child exited with value 1
##### ERROR: /usr/bin/time -o time_3_namba_vdhankar.txt -f "%U" python3 homework.py > stulog.txt 2>&1 on vdhankar #####
##### Output of failed program (stdout + stderr): #####
Traceback (most recent call last):
  File "homework.py", line 546, in <module>
    print(end-start)
NameError: name 'end' is not defined
##### End of output of failed program #####
##### vdhankar plays [E d8 e7] in 0.404952049255371s #####
##### Running: /usr/lib/jvm/jdk-14.0.1/bin/java -jar /lab/itti/projects/checkers-competition/server/referee.jar on run_3_namba_vdhankar #####
Move is valid
##### SUCCESS: /usr/lib/jvm/jdk-14.0.1/bin/java -jar /lab/itti/projects/checkers-competition/server/referee.jar on run_3_namba_vdhankar #####
INPUT for namba:
GAME
WHITE
207.84
.b...b.b
b...B...
.......w
..w.w...
.w.w....
w.......
........
........
##### Running: /usr/bin/time -o time_3_namba_vdhankar.txt -f "%U" python3 homework.py > stulog.txt 2>&1 on namba #####
##### SUCCESS: /usr/bin/time -o time_3_namba_vdhankar.txt -f "%U" python3 homework.py > stulog.txt 2>&1 on namba #####
##### namba plays [E b4 a5] in 2.98s #####
##### Running: /usr/lib/jvm/jdk-14.0.1/bin/java -jar /lab/itti/projects/checkers-competition/server/referee.jar on run_3_namba_vdhankar #####
Move is valid
##### SUCCESS: /usr/lib/jvm/jdk-14.0.1/bin/java -jar /lab/itti/projects/checkers-competition/server/referee.jar on run_3_namba_vdhankar #####
INPUT for vdhankar:
GAME
BLACK
18.8350787162781
.b...b.b
b...B...
.......w
w.w.w...
...w....
w.......
........
........
##### Running: /usr/bin/time -o time_3_namba_vdhankar.txt -f "%U" python3 homework.py > stulog.txt 2>&1 on vdhankar #####
child exited with value 1
##### ERROR: /usr/bin/time -o time_3_namba_vdhankar.txt -f "%U" python3 homework.py > stulog.txt 2>&1 on vdhankar #####
##### Output of failed program (stdout + stderr): #####
Traceback (most recent call last):
  File "homework.py", line 546, in <module>
    print(end-start)
NameError: name 'end' is not defined
##### End of output of failed program #####
##### vdhankar plays [E e7 d8] in 0.59016489982605s #####
##### Running: /usr/lib/jvm/jdk-14.0.1/bin/java -jar /lab/itti/projects/checkers-competition/server/referee.jar on run_3_namba_vdhankar #####
Move is valid
##### SUCCESS: /usr/lib/jvm/jdk-14.0.1/bin/java -jar /lab/itti/projects/checkers-competition/server/referee.jar on run_3_namba_vdhankar #####
INPUT for namba:
GAME
WHITE
204.86
.b.B.b.b
b.......
.......w
w.w.w...
...w....
w.......
........
........
##### Running: /usr/bin/time -o time_3_namba_vdhankar.txt -f "%U" python3 homework.py > stulog.txt 2>&1 on namba #####
##### SUCCESS: /usr/bin/time -o time_3_namba_vdhankar.txt -f "%U" python3 homework.py > stulog.txt 2>&1 on namba #####
##### namba plays [E a3 b4] in 2.29s #####
##### Running: /usr/lib/jvm/jdk-14.0.1/bin/java -jar /lab/itti/projects/checkers-competition/server/referee.jar on run_3_namba_vdhankar #####
Move is valid
##### SUCCESS: /usr/lib/jvm/jdk-14.0.1/bin/java -jar /lab/itti/projects/checkers-competition/server/referee.jar on run_3_namba_vdhankar #####
INPUT for vdhankar:
GAME
BLACK
18.244913816452
.b.B.b.b
b.......
.......w
w.w.w...
.w.w....
........
........
........
##### Running: /usr/bin/time -o time_3_namba_vdhankar.txt -f "%U" python3 homework.py > stulog.txt 2>&1 on vdhankar #####
child exited with value 1
##### ERROR: /usr/bin/time -o time_3_namba_vdhankar.txt -f "%U" python3 homework.py > stulog.txt 2>&1 on vdhankar #####
##### Output of failed program (stdout + stderr): #####
Traceback (most recent call last):
  File "homework.py", line 546, in <module>
    print(end-start)
NameError: name 'end' is not defined
##### End of output of failed program #####
##### vdhankar plays [E d8 e7] in 0.407077789306641s #####
##### Running: /usr/lib/jvm/jdk-14.0.1/bin/java -jar /lab/itti/projects/checkers-competition/server/referee.jar on run_3_namba_vdhankar #####
Move is valid
##### SUCCESS: /usr/lib/jvm/jdk-14.0.1/bin/java -jar /lab/itti/projects/checkers-competition/server/referee.jar on run_3_namba_vdhankar #####
INPUT for namba:
GAME
WHITE
202.57
.b...b.b
b...B...
.......w
w.w.w...
.w.w....
........
........
........
##### Running: /usr/bin/time -o time_3_namba_vdhankar.txt -f "%U" python3 homework.py > stulog.txt 2>&1 on namba #####
##### SUCCESS: /usr/bin/time -o time_3_namba_vdhankar.txt -f "%U" python3 homework.py > stulog.txt 2>&1 on namba #####
##### namba plays [E e5 d6] in 2.34s #####
##### Running: /usr/lib/jvm/jdk-14.0.1/bin/java -jar /lab/itti/projects/checkers-competition/server/referee.jar on run_3_namba_vdhankar #####
Move is valid
##### SUCCESS: /usr/lib/jvm/jdk-14.0.1/bin/java -jar /lab/itti/projects/checkers-competition/server/referee.jar on run_3_namba_vdhankar #####
INPUT for vdhankar:
GAME
BLACK
17.8378360271454
.b...b.b
b...B...
...w...w
w.w.....
.w.w....
........
........
........
##### Running: /usr/bin/time -o time_3_namba_vdhankar.txt -f "%U" python3 homework.py > stulog.txt 2>&1 on vdhankar #####
child exited with value 1
##### ERROR: /usr/bin/time -o time_3_namba_vdhankar.txt -f "%U" python3 homework.py > stulog.txt 2>&1 on vdhankar #####
##### Output of failed program (stdout + stderr): #####
Traceback (most recent call last):
  File "homework.py", line 546, in <module>
    print(end-start)
NameError: name 'end' is not defined
##### End of output of failed program #####
##### vdhankar plays [E e7 d8] in 0.382021903991699s #####
##### Running: /usr/lib/jvm/jdk-14.0.1/bin/java -jar /lab/itti/projects/checkers-competition/server/referee.jar on run_3_namba_vdhankar #####
Move is valid
##### SUCCESS: /usr/lib/jvm/jdk-14.0.1/bin/java -jar /lab/itti/projects/checkers-competition/server/referee.jar on run_3_namba_vdhankar #####
INPUT for namba:
GAME
WHITE
200.23
.b.B.b.b
b.......
...w...w
w.w.....
.w.w....
........
........
........
##### Running: /usr/bin/time -o time_3_namba_vdhankar.txt -f "%U" python3 homework.py > stulog.txt 2>&1 on namba #####
##### SUCCESS: /usr/bin/time -o time_3_namba_vdhankar.txt -f "%U" python3 homework.py > stulog.txt 2>&1 on namba #####
##### namba plays [E d4 e5] in 4.92s #####
##### Running: /usr/lib/jvm/jdk-14.0.1/bin/java -jar /lab/itti/projects/checkers-competition/server/referee.jar on run_3_namba_vdhankar #####
Move is valid
##### SUCCESS: /usr/lib/jvm/jdk-14.0.1/bin/java -jar /lab/itti/projects/checkers-competition/server/referee.jar on run_3_namba_vdhankar #####
INPUT for vdhankar:
GAME
BLACK
17.4558141231537
.b.B.b.b
b.......
...w...w
w.w.w...
.w......
........
........
........
##### Running: /usr/bin/time -o time_3_namba_vdhankar.txt -f "%U" python3 homework.py > stulog.txt 2>&1 on vdhankar #####
child exited with value 1
##### ERROR: /usr/bin/time -o time_3_namba_vdhankar.txt -f "%U" python3 homework.py > stulog.txt 2>&1 on vdhankar #####
##### Output of failed program (stdout + stderr): #####
Traceback (most recent call last):
  File "homework.py", line 546, in <module>
    print(end-start)
NameError: name 'end' is not defined
##### End of output of failed program #####
##### vdhankar plays [E d8 c7] in 0.36004900932312s #####
##### Running: /usr/lib/jvm/jdk-14.0.1/bin/java -jar /lab/itti/projects/checkers-competition/server/referee.jar on run_3_namba_vdhankar #####
Move is valid
##### SUCCESS: /usr/lib/jvm/jdk-14.0.1/bin/java -jar /lab/itti/projects/checkers-competition/server/referee.jar on run_3_namba_vdhankar #####
INPUT for namba:
GAME
WHITE
195.31
.b...b.b
b.B.....
...w...w
w.w.w...
.w......
........
........
........
##### Running: /usr/bin/time -o time_3_namba_vdhankar.txt -f "%U" python3 homework.py > stulog.txt 2>&1 on namba #####
##### SUCCESS: /usr/bin/time -o time_3_namba_vdhankar.txt -f "%U" python3 homework.py > stulog.txt 2>&1 on namba #####
##### namba plays [E e5 f6] in 2.39s #####
##### Running: /usr/lib/jvm/jdk-14.0.1/bin/java -jar /lab/itti/projects/checkers-competition/server/referee.jar on run_3_namba_vdhankar #####
Move is valid
##### SUCCESS: /usr/lib/jvm/jdk-14.0.1/bin/java -jar /lab/itti/projects/checkers-competition/server/referee.jar on run_3_namba_vdhankar #####
INPUT for vdhankar:
GAME
BLACK
17.0957651138306
.b...b.b
b.B.....
...w.w.w
w.w.....
.w......
........
........
........
##### Running: /usr/bin/time -o time_3_namba_vdhankar.txt -f "%U" python3 homework.py > stulog.txt 2>&1 on vdhankar #####
child exited with value 1
##### ERROR: /usr/bin/time -o time_3_namba_vdhankar.txt -f "%U" python3 homework.py > stulog.txt 2>&1 on vdhankar #####
##### Output of failed program (stdout + stderr): #####
Traceback (most recent call last):
  File "homework.py", line 546, in <module>
    print(end-start)
NameError: name 'end' is not defined
##### End of output of failed program #####
##### vdhankar plays [J c7 e5 ; J e5 g7] in 0.388990163803101s #####
##### Running: /usr/lib/jvm/jdk-14.0.1/bin/java -jar /lab/itti/projects/checkers-competition/server/referee.jar on run_3_namba_vdhankar #####
Move is valid
##### SUCCESS: /usr/lib/jvm/jdk-14.0.1/bin/java -jar /lab/itti/projects/checkers-competition/server/referee.jar on run_3_namba_vdhankar #####
INPUT for namba:
GAME
WHITE
192.92
.b...b.b
b.....B.
.......w
w.w.....
.w......
........
........
........
##### Running: /usr/bin/time -o time_3_namba_vdhankar.txt -f "%U" python3 homework.py > stulog.txt 2>&1 on namba #####
##### SUCCESS: /usr/bin/time -o time_3_namba_vdhankar.txt -f "%U" python3 homework.py > stulog.txt 2>&1 on namba #####
##### namba plays [E c5 d6] in 2.08s #####
##### Running: /usr/lib/jvm/jdk-14.0.1/bin/java -jar /lab/itti/projects/checkers-competition/server/referee.jar on run_3_namba_vdhankar #####
Move is valid
##### SUCCESS: /usr/lib/jvm/jdk-14.0.1/bin/java -jar /lab/itti/projects/checkers-competition/server/referee.jar on run_3_namba_vdhankar #####
INPUT for vdhankar:
GAME
BLACK
16.7067749500275
.b...b.b
b.....B.
...w...w
w.......
.w......
........
........
........
##### Running: /usr/bin/time -o time_3_namba_vdhankar.txt -f "%U" python3 homework.py > stulog.txt 2>&1 on vdhankar #####
child exited with value 1
##### ERROR: /usr/bin/time -o time_3_namba_vdhankar.txt -f "%U" python3 homework.py > stulog.txt 2>&1 on vdhankar #####
##### Output of failed program (stdout + stderr): #####
Traceback (most recent call last):
  File "homework.py", line 546, in <module>
    print(end-start)
NameError: name 'end' is not defined
##### End of output of failed program #####
##### vdhankar plays [E g7 f6] in 0.436264991760254s #####
##### Running: /usr/lib/jvm/jdk-14.0.1/bin/java -jar /lab/itti/projects/checkers-competition/server/referee.jar on run_3_namba_vdhankar #####
Move is valid
##### SUCCESS: /usr/lib/jvm/jdk-14.0.1/bin/java -jar /lab/itti/projects/checkers-competition/server/referee.jar on run_3_namba_vdhankar #####
INPUT for namba:
GAME
WHITE
190.84
.b...b.b
b.......
...w.B.w
w.......
.w......
........
........
........
##### Running: /usr/bin/time -o time_3_namba_vdhankar.txt -f "%U" python3 homework.py > stulog.txt 2>&1 on namba #####
##### SUCCESS: /usr/bin/time -o time_3_namba_vdhankar.txt -f "%U" python3 homework.py > stulog.txt 2>&1 on namba #####
##### namba plays [E b4 c5] in 1.88s #####
##### Running: /usr/lib/jvm/jdk-14.0.1/bin/java -jar /lab/itti/projects/checkers-competition/server/referee.jar on run_3_namba_vdhankar #####
Move is valid
##### SUCCESS: /usr/lib/jvm/jdk-14.0.1/bin/java -jar /lab/itti/projects/checkers-competition/server/referee.jar on run_3_namba_vdhankar #####
INPUT for vdhankar:
GAME
BLACK
16.2705099582672
.b...b.b
b.......
...w.B.w
w.w.....
........
........
........
........
##### Running: /usr/bin/time -o time_3_namba_vdhankar.txt -f "%U" python3 homework.py > stulog.txt 2>&1 on vdhankar #####
child exited with value 1
##### ERROR: /usr/bin/time -o time_3_namba_vdhankar.txt -f "%U" python3 homework.py > stulog.txt 2>&1 on vdhankar #####
##### Output of failed program (stdout + stderr): #####
Traceback (most recent call last):
  File "homework.py", line 546, in <module>
    print(end-start)
NameError: name 'end' is not defined
##### End of output of failed program #####
##### vdhankar plays [E f6 e5] in 0.420590162277222s #####
##### Running: /usr/lib/jvm/jdk-14.0.1/bin/java -jar /lab/itti/projects/checkers-competition/server/referee.jar on run_3_namba_vdhankar #####
Move is valid
##### SUCCESS: /usr/lib/jvm/jdk-14.0.1/bin/java -jar /lab/itti/projects/checkers-competition/server/referee.jar on run_3_namba_vdhankar #####
INPUT for namba:
GAME
WHITE
188.96
.b...b.b
b.......
...w...w
w.w.B...
........
........
........
........
##### Running: /usr/bin/time -o time_3_namba_vdhankar.txt -f "%U" python3 homework.py > stulog.txt 2>&1 on namba #####
##### SUCCESS: /usr/bin/time -o time_3_namba_vdhankar.txt -f "%U" python3 homework.py > stulog.txt 2>&1 on namba #####
##### namba plays [E c5 b6] in 5.23s #####
##### Running: /usr/lib/jvm/jdk-14.0.1/bin/java -jar /lab/itti/projects/checkers-competition/server/referee.jar on run_3_namba_vdhankar #####
Move is valid
##### SUCCESS: /usr/lib/jvm/jdk-14.0.1/bin/java -jar /lab/itti/projects/checkers-competition/server/referee.jar on run_3_namba_vdhankar #####
INPUT for vdhankar:
GAME
BLACK
15.84991979599
.b...b.b
b.......
.w.w...w
w...B...
........
........
........
........
##### Running: /usr/bin/time -o time_3_namba_vdhankar.txt -f "%U" python3 homework.py > stulog.txt 2>&1 on vdhankar #####
child exited with value 1
##### ERROR: /usr/bin/time -o time_3_namba_vdhankar.txt -f "%U" python3 homework.py > stulog.txt 2>&1 on vdhankar #####
##### Output of failed program (stdout + stderr): #####
Traceback (most recent call last):
  File "homework.py", line 546, in <module>
    print(end-start)
NameError: name 'end' is not defined
##### End of output of failed program #####
##### vdhankar plays [J a7 c5] in 0.473172187805176s #####
##### Running: /usr/lib/jvm/jdk-14.0.1/bin/java -jar /lab/itti/projects/checkers-competition/server/referee.jar on run_3_namba_vdhankar #####
Move is valid
##### SUCCESS: /usr/lib/jvm/jdk-14.0.1/bin/java -jar /lab/itti/projects/checkers-competition/server/referee.jar on run_3_namba_vdhankar #####
INPUT for namba:
GAME
WHITE
183.73
.b...b.b
........
...w...w
w.b.B...
........
........
........
........
##### Running: /usr/bin/time -o time_3_namba_vdhankar.txt -f "%U" python3 homework.py > stulog.txt 2>&1 on namba #####
##### SUCCESS: /usr/bin/time -o time_3_namba_vdhankar.txt -f "%U" python3 homework.py > stulog.txt 2>&1 on namba #####
##### namba plays [E a5 b6] in 1.73s #####
##### Running: /usr/lib/jvm/jdk-14.0.1/bin/java -jar /lab/itti/projects/checkers-competition/server/referee.jar on run_3_namba_vdhankar #####
Move is valid
##### SUCCESS: /usr/lib/jvm/jdk-14.0.1/bin/java -jar /lab/itti/projects/checkers-competition/server/referee.jar on run_3_namba_vdhankar #####
INPUT for vdhankar:
GAME
BLACK
15.3767476081848
.b...b.b
........
.w.w...w
..b.B...
........
........
........
........
##### Running: /usr/bin/time -o time_3_namba_vdhankar.txt -f "%U" python3 homework.py > stulog.txt 2>&1 on vdhankar #####
child exited with value 1
##### ERROR: /usr/bin/time -o time_3_namba_vdhankar.txt -f "%U" python3 homework.py > stulog.txt 2>&1 on vdhankar #####
##### Output of failed program (stdout + stderr): #####
Traceback (most recent call last):
  File "homework.py", line 546, in <module>
    print(end-start)
NameError: name 'end' is not defined
##### End of output of failed program #####
##### vdhankar plays [J e5 c7 ; J c7 a5] in 0.416286945343018s #####
##### Running: /usr/lib/jvm/jdk-14.0.1/bin/java -jar /lab/itti/projects/checkers-competition/server/referee.jar on run_3_namba_vdhankar #####
Move is valid
##### SUCCESS: /usr/lib/jvm/jdk-14.0.1/bin/java -jar /lab/itti/projects/checkers-competition/server/referee.jar on run_3_namba_vdhankar #####
INPUT for namba:
GAME
WHITE
182
.b...b.b
........
.......w
B.b.....
........
........
........
........
##### Running: /usr/bin/time -o time_3_namba_vdhankar.txt -f "%U" python3 homework.py > stulog.txt 2>&1 on namba #####
##### SUCCESS: /usr/bin/time -o time_3_namba_vdhankar.txt -f "%U" python3 homework.py > stulog.txt 2>&1 on namba #####
##### namba plays [E h6 g7] in 0.06s #####
##### Running: /usr/lib/jvm/jdk-14.0.1/bin/java -jar /lab/itti/projects/checkers-competition/server/referee.jar on run_3_namba_vdhankar #####
Move is valid
##### SUCCESS: /usr/lib/jvm/jdk-14.0.1/bin/java -jar /lab/itti/projects/checkers-competition/server/referee.jar on run_3_namba_vdhankar #####
INPUT for vdhankar:
GAME
BLACK
14.9604606628418
.b...b.b
......w.
........
B.b.....
........
........
........
........
##### Running: /usr/bin/time -o time_3_namba_vdhankar.txt -f "%U" python3 homework.py > stulog.txt 2>&1 on vdhankar #####
child exited with value 1
##### ERROR: /usr/bin/time -o time_3_namba_vdhankar.txt -f "%U" python3 homework.py > stulog.txt 2>&1 on vdhankar #####
##### Output of failed program (stdout + stderr): #####
Traceback (most recent call last):
  File "homework.py", line 546, in <module>
    print(end-start)
NameError: name 'end' is not defined
##### End of output of failed program #####
##### vdhankar plays [J f8 h6] in 0.360986948013306s #####
##### Running: /usr/lib/jvm/jdk-14.0.1/bin/java -jar /lab/itti/projects/checkers-competition/server/referee.jar on run_3_namba_vdhankar #####
Move is valid
After this move, player WHITE cannot make any moves
*** Winner: BLACK ***
##### SUCCESS: /usr/lib/jvm/jdk-14.0.1/bin/java -jar /lab/itti/projects/checkers-competition/server/referee.jar on run_3_namba_vdhankar #####
##### GAME OVER: vdhankar wins the game! #####
Server said: WIN
########## ROUND 3 GAMESCORE AFTER GAME 1: namba=0 and vdhankar=1 ##########
#################### ROUND 3: namba (B) vs vdhankar (W): game 2 ####################
##### game start! #####
INPUT for namba:
GAME
BLACK
300
.b.b.b.b
b.b.b.b.
.b.b.b.b
........
........
w.w.w.w.
.w.w.w.w
w.w.w.w.
##### Running: /usr/bin/time -o time_3_namba_vdhankar.txt -f "%U" python3 homework.py > stulog.txt 2>&1 on namba #####
##### SUCCESS: /usr/bin/time -o time_3_namba_vdhankar.txt -f "%U" python3 homework.py > stulog.txt 2>&1 on namba #####
##### namba plays [E h6 g5] in 3.84s #####
##### Running: /usr/lib/jvm/jdk-14.0.1/bin/java -jar /lab/itti/projects/checkers-competition/server/referee.jar on run_3_namba_vdhankar #####
Move is valid
Couldn't read file 'current_ply.txt'
Couldn't read content from file 'current_ply.txt'
Couldn't read file 'lastmatchange_ply.txt'
Couldn't read content from file 'lastmatchange_ply.txt'
##### SUCCESS: /usr/lib/jvm/jdk-14.0.1/bin/java -jar /lab/itti/projects/checkers-competition/server/referee.jar on run_3_namba_vdhankar #####
INPUT for vdhankar:
GAME
WHITE
300
.b.b.b.b
b.b.b.b.
.b.b.b..
......b.
........
w.w.w.w.
.w.w.w.w
w.w.w.w.
##### Running: /usr/bin/time -o time_3_namba_vdhankar.txt -f "%U" python3 homework.py > stulog.txt 2>&1 on vdhankar #####
child exited with value 1
##### ERROR: /usr/bin/time -o time_3_namba_vdhankar.txt -f "%U" python3 homework.py > stulog.txt 2>&1 on vdhankar #####
##### Output of failed program (stdout + stderr): #####
Traceback (most recent call last):
  File "homework.py", line 546, in <module>
    print(end-start)
NameError: name 'end' is not defined
##### End of output of failed program #####
##### vdhankar plays [E g3 h4] in 17.441045999527s #####
##### Running: /usr/lib/jvm/jdk-14.0.1/bin/java -jar /lab/itti/projects/checkers-competition/server/referee.jar on run_3_namba_vdhankar #####
Move is valid
##### SUCCESS: /usr/lib/jvm/jdk-14.0.1/bin/java -jar /lab/itti/projects/checkers-competition/server/referee.jar on run_3_namba_vdhankar #####
INPUT for namba:
GAME
BLACK
296.16
.b.b.b.b
b.b.b.b.
.b.b.b..
......b.
.......w
w.w.w...
.w.w.w.w
w.w.w.w.
##### Running: /usr/bin/time -o time_3_namba_vdhankar.txt -f "%U" python3 homework.py > stulog.txt 2>&1 on namba #####
##### SUCCESS: /usr/bin/time -o time_3_namba_vdhankar.txt -f "%U" python3 homework.py > stulog.txt 2>&1 on namba #####
##### namba plays [E g5 f4] in 17.03s #####
##### Running: /usr/lib/jvm/jdk-14.0.1/bin/java -jar /lab/itti/projects/checkers-competition/server/referee.jar on run_3_namba_vdhankar #####
Move is valid
##### SUCCESS: /usr/lib/jvm/jdk-14.0.1/bin/java -jar /lab/itti/projects/checkers-competition/server/referee.jar on run_3_namba_vdhankar #####
INPUT for vdhankar:
GAME
WHITE
282.558954000473
.b.b.b.b
b.b.b.b.
.b.b.b..
........
.....b.w
w.w.w...
.w.w.w.w
w.w.w.w.
##### Running: /usr/bin/time -o time_3_namba_vdhankar.txt -f "%U" python3 homework.py > stulog.txt 2>&1 on vdhankar #####
child exited with value 1
##### ERROR: /usr/bin/time -o time_3_namba_vdhankar.txt -f "%U" python3 homework.py > stulog.txt 2>&1 on vdhankar #####
##### Output of failed program (stdout + stderr): #####
Traceback (most recent call last):
  File "homework.py", line 546, in <module>
    print(end-start)
NameError: name 'end' is not defined
##### End of output of failed program #####
##### vdhankar plays [J e3 g5] in 9.82183909416199s #####
##### Running: /usr/lib/jvm/jdk-14.0.1/bin/java -jar /lab/itti/projects/checkers-competition/server/referee.jar on run_3_namba_vdhankar #####
Move is valid
##### SUCCESS: /usr/lib/jvm/jdk-14.0.1/bin/java -jar /lab/itti/projects/checkers-competition/server/referee.jar on run_3_namba_vdhankar #####
INPUT for namba:
GAME
BLACK
279.13
.b.b.b.b
b.b.b.b.
.b.b.b..
......w.
.......w
w.w.....
.w.w.w.w
w.w.w.w.
##### Running: /usr/bin/time -o time_3_namba_vdhankar.txt -f "%U" python3 homework.py > stulog.txt 2>&1 on namba #####
##### SUCCESS: /usr/bin/time -o time_3_namba_vdhankar.txt -f "%U" python3 homework.py > stulog.txt 2>&1 on namba #####
##### namba plays [E f6 e5] in 4.01s #####
##### Running: /usr/lib/jvm/jdk-14.0.1/bin/java -jar /lab/itti/projects/checkers-competition/server/referee.jar on run_3_namba_vdhankar #####
Move is valid
##### SUCCESS: /usr/lib/jvm/jdk-14.0.1/bin/java -jar /lab/itti/projects/checkers-competition/server/referee.jar on run_3_namba_vdhankar #####
INPUT for vdhankar:
GAME
WHITE
272.737114906311
.b.b.b.b
b.b.b.b.
.b.b....
....b.w.
.......w
w.w.....
.w.w.w.w
w.w.w.w.
##### Running: /usr/bin/time -o time_3_namba_vdhankar.txt -f "%U" python3 homework.py > stulog.txt 2>&1 on vdhankar #####
child exited with value 1
##### ERROR: /usr/bin/time -o time_3_namba_vdhankar.txt -f "%U" python3 homework.py > stulog.txt 2>&1 on vdhankar #####
##### Output of failed program (stdout + stderr): #####
Traceback (most recent call last):
  File "homework.py", line 546, in <module>
    print(end-start)
NameError: name 'end' is not defined
##### End of output of failed program #####
##### vdhankar plays [E f2 g3] in 23.9723479747772s #####
##### Running: /usr/lib/jvm/jdk-14.0.1/bin/java -jar /lab/itti/projects/checkers-competition/server/referee.jar on run_3_namba_vdhankar #####
Move is valid
##### SUCCESS: /usr/lib/jvm/jdk-14.0.1/bin/java -jar /lab/itti/projects/checkers-competition/server/referee.jar on run_3_namba_vdhankar #####
INPUT for namba:
GAME
BLACK
275.12
.b.b.b.b
b.b.b.b.
.b.b....
....b.w.
.......w
w.w...w.
.w.w...w
w.w.w.w.
##### Running: /usr/bin/time -o time_3_namba_vdhankar.txt -f "%U" python3 homework.py > stulog.txt 2>&1 on namba #####
##### SUCCESS: /usr/bin/time -o time_3_namba_vdhankar.txt -f "%U" python3 homework.py > stulog.txt 2>&1 on namba #####
##### namba plays [E e5 d4] in 3.83s #####
##### Running: /usr/lib/jvm/jdk-14.0.1/bin/java -jar /lab/itti/projects/checkers-competition/server/referee.jar on run_3_namba_vdhankar #####
Move is valid
##### SUCCESS: /usr/lib/jvm/jdk-14.0.1/bin/java -jar /lab/itti/projects/checkers-competition/server/referee.jar on run_3_namba_vdhankar #####
INPUT for vdhankar:
GAME
WHITE
248.764766931534
.b.b.b.b
b.b.b.b.
.b.b....
......w.
...b...w
w.w...w.
.w.w...w
w.w.w.w.
##### Running: /usr/bin/time -o time_3_namba_vdhankar.txt -f "%U" python3 homework.py > stulog.txt 2>&1 on vdhankar #####
child exited with value 1
##### ERROR: /usr/bin/time -o time_3_namba_vdhankar.txt -f "%U" python3 homework.py > stulog.txt 2>&1 on vdhankar #####
##### Output of failed program (stdout + stderr): #####
Traceback (most recent call last):
  File "homework.py", line 546, in <module>
    print(end-start)
NameError: name 'end' is not defined
##### End of output of failed program #####
##### vdhankar plays [J c3 e5] in 0.55431604385376s #####
##### Running: /usr/lib/jvm/jdk-14.0.1/bin/java -jar /lab/itti/projects/checkers-competition/server/referee.jar on run_3_namba_vdhankar #####
Move is valid
##### SUCCESS: /usr/lib/jvm/jdk-14.0.1/bin/java -jar /lab/itti/projects/checkers-competition/server/referee.jar on run_3_namba_vdhankar #####
INPUT for namba:
GAME
BLACK
271.29
.b.b.b.b
b.b.b.b.
.b.b....
....w.w.
.......w
w.....w.
.w.w...w
w.w.w.w.
##### Running: /usr/bin/time -o time_3_namba_vdhankar.txt -f "%U" python3 homework.py > stulog.txt 2>&1 on namba #####
##### SUCCESS: /usr/bin/time -o time_3_namba_vdhankar.txt -f "%U" python3 homework.py > stulog.txt 2>&1 on namba #####
##### namba plays [J d6 f4] in 0.08s #####
##### Running: /usr/lib/jvm/jdk-14.0.1/bin/java -jar /lab/itti/projects/checkers-competition/server/referee.jar on run_3_namba_vdhankar #####
Move is valid
##### SUCCESS: /usr/lib/jvm/jdk-14.0.1/bin/java -jar /lab/itti/projects/checkers-competition/server/referee.jar on run_3_namba_vdhankar #####
INPUT for vdhankar:
GAME
WHITE
248.21045088768
.b.b.b.b
b.b.b.b.
.b......
......w.
.....b.w
w.....w.
.w.w...w
w.w.w.w.
##### Running: /usr/bin/time -o time_3_namba_vdhankar.txt -f "%U" python3 homework.py > stulog.txt 2>&1 on vdhankar #####
child exited with value 1
##### ERROR: /usr/bin/time -o time_3_namba_vdhankar.txt -f "%U" python3 homework.py > stulog.txt 2>&1 on vdhankar #####
##### Output of failed program (stdout + stderr): #####
Traceback (most recent call last):
  File "homework.py", line 546, in <module>
    print(end-start)
NameError: name 'end' is not defined
##### End of output of failed program #####
##### vdhankar plays [J g3 e5] in 5.499755859375s #####
##### Running: /usr/lib/jvm/jdk-14.0.1/bin/java -jar /lab/itti/projects/checkers-competition/server/referee.jar on run_3_namba_vdhankar #####
Move is valid
##### SUCCESS: /usr/lib/jvm/jdk-14.0.1/bin/java -jar /lab/itti/projects/checkers-competition/server/referee.jar on run_3_namba_vdhankar #####
INPUT for namba:
GAME
BLACK
271.21
.b.b.b.b
b.b.b.b.
.b......
....w.w.
.......w
w.......
.w.w...w
w.w.w.w.
##### Running: /usr/bin/time -o time_3_namba_vdhankar.txt -f "%U" python3 homework.py > stulog.txt 2>&1 on namba #####
##### SUCCESS: /usr/bin/time -o time_3_namba_vdhankar.txt -f "%U" python3 homework.py > stulog.txt 2>&1 on namba #####
##### namba plays [E b6 a5] in 2.94s #####
##### Running: /usr/lib/jvm/jdk-14.0.1/bin/java -jar /lab/itti/projects/checkers-competition/server/referee.jar on run_3_namba_vdhankar #####
Move is valid
##### SUCCESS: /usr/lib/jvm/jdk-14.0.1/bin/java -jar /lab/itti/projects/checkers-competition/server/referee.jar on run_3_namba_vdhankar #####
INPUT for vdhankar:
GAME
WHITE
242.710695028305
.b.b.b.b
b.b.b.b.
........
b...w.w.
.......w
w.......
.w.w...w
w.w.w.w.
##### Running: /usr/bin/time -o time_3_namba_vdhankar.txt -f "%U" python3 homework.py > stulog.txt 2>&1 on vdhankar #####
child exited with value 1
##### ERROR: /usr/bin/time -o time_3_namba_vdhankar.txt -f "%U" python3 homework.py > stulog.txt 2>&1 on vdhankar #####
##### Output of failed program (stdout + stderr): #####
Traceback (most recent call last):
  File "homework.py", line 546, in <module>
    print(end-start)
NameError: name 'end' is not defined
##### End of output of failed program #####
##### vdhankar plays [E g5 h6] in 28.5063989162445s #####
##### Running: /usr/lib/jvm/jdk-14.0.1/bin/java -jar /lab/itti/projects/checkers-competition/server/referee.jar on run_3_namba_vdhankar #####
Move is valid
##### SUCCESS: /usr/lib/jvm/jdk-14.0.1/bin/java -jar /lab/itti/projects/checkers-competition/server/referee.jar on run_3_namba_vdhankar #####
INPUT for namba:
GAME
BLACK
268.27
.b.b.b.b
b.b.b.b.
.......w
b...w...
.......w
w.......
.w.w...w
w.w.w.w.
##### Running: /usr/bin/time -o time_3_namba_vdhankar.txt -f "%U" python3 homework.py > stulog.txt 2>&1 on namba #####
##### SUCCESS: /usr/bin/time -o time_3_namba_vdhankar.txt -f "%U" python3 homework.py > stulog.txt 2>&1 on namba #####
##### namba plays [E a5 b4] in 7.18s #####
##### Running: /usr/lib/jvm/jdk-14.0.1/bin/java -jar /lab/itti/projects/checkers-competition/server/referee.jar on run_3_namba_vdhankar #####
Move is valid
##### SUCCESS: /usr/lib/jvm/jdk-14.0.1/bin/java -jar /lab/itti/projects/checkers-competition/server/referee.jar on run_3_namba_vdhankar #####
INPUT for vdhankar:
GAME
WHITE
214.204296112061
.b.b.b.b
b.b.b.b.
.......w
....w...
.b.....w
w.......
.w.w...w
w.w.w.w.
##### Running: /usr/bin/time -o time_3_namba_vdhankar.txt -f "%U" python3 homework.py > stulog.txt 2>&1 on vdhankar #####
child exited with value 1
##### ERROR: /usr/bin/time -o time_3_namba_vdhankar.txt -f "%U" python3 homework.py > stulog.txt 2>&1 on vdhankar #####
##### Output of failed program (stdout + stderr): #####
Traceback (most recent call last):
  File "homework.py", line 546, in <module>
    print(end-start)
NameError: name 'end' is not defined
##### End of output of failed program #####
##### vdhankar plays [J a3 c5] in 2.44731116294861s #####
##### Running: /usr/lib/jvm/jdk-14.0.1/bin/java -jar /lab/itti/projects/checkers-competition/server/referee.jar on run_3_namba_vdhankar #####
Move is valid
##### SUCCESS: /usr/lib/jvm/jdk-14.0.1/bin/java -jar /lab/itti/projects/checkers-competition/server/referee.jar on run_3_namba_vdhankar #####
INPUT for namba:
GAME
BLACK
261.09
.b.b.b.b
b.b.b.b.
.......w
..w.w...
.......w
........
.w.w...w
w.w.w.w.
##### Running: /usr/bin/time -o time_3_namba_vdhankar.txt -f "%U" python3 homework.py > stulog.txt 2>&1 on namba #####
##### SUCCESS: /usr/bin/time -o time_3_namba_vdhankar.txt -f "%U" python3 homework.py > stulog.txt 2>&1 on namba #####
##### namba plays [E g7 f6] in 6.09s #####
##### Running: /usr/lib/jvm/jdk-14.0.1/bin/java -jar /lab/itti/projects/checkers-competition/server/referee.jar on run_3_namba_vdhankar #####
Move is valid
##### SUCCESS: /usr/lib/jvm/jdk-14.0.1/bin/java -jar /lab/itti/projects/checkers-competition/server/referee.jar on run_3_namba_vdhankar #####
INPUT for vdhankar:
GAME
WHITE
211.756984949112
.b.b.b.b
b.b.b...
.....b.w
..w.w...
.......w
........
.w.w...w
w.w.w.w.
##### Running: /usr/bin/time -o time_3_namba_vdhankar.txt -f "%U" python3 homework.py > stulog.txt 2>&1 on vdhankar #####
child exited with value 1
##### ERROR: /usr/bin/time -o time_3_namba_vdhankar.txt -f "%U" python3 homework.py > stulog.txt 2>&1 on vdhankar #####
##### Output of failed program (stdout + stderr): #####
Traceback (most recent call last):
  File "homework.py", line 546, in <module>
    print(end-start)
NameError: name 'end' is not defined
##### End of output of failed program #####
##### vdhankar plays [J e5 g7] in 1.88560223579407s #####
##### Running: /usr/lib/jvm/jdk-14.0.1/bin/java -jar /lab/itti/projects/checkers-competition/server/referee.jar on run_3_namba_vdhankar #####
Move is valid
##### SUCCESS: /usr/lib/jvm/jdk-14.0.1/bin/java -jar /lab/itti/projects/checkers-competition/server/referee.jar on run_3_namba_vdhankar #####
INPUT for namba:
GAME
BLACK
255
.b.b.b.b
b.b.b.w.
.......w
..w.....
.......w
........
.w.w...w
w.w.w.w.
##### Running: /usr/bin/time -o time_3_namba_vdhankar.txt -f "%U" python3 homework.py > stulog.txt 2>&1 on namba #####
##### SUCCESS: /usr/bin/time -o time_3_namba_vdhankar.txt -f "%U" python3 homework.py > stulog.txt 2>&1 on namba #####
##### namba plays [J h8 f6] in 0.08s #####
##### Running: /usr/lib/jvm/jdk-14.0.1/bin/java -jar /lab/itti/projects/checkers-competition/server/referee.jar on run_3_namba_vdhankar #####
Move is valid
##### SUCCESS: /usr/lib/jvm/jdk-14.0.1/bin/java -jar /lab/itti/projects/checkers-competition/server/referee.jar on run_3_namba_vdhankar #####
INPUT for vdhankar:
GAME
WHITE
209.871382713318
.b.b.b..
b.b.b...
.....b.w
..w.....
.......w
........
.w.w...w
w.w.w.w.
##### Running: /usr/bin/time -o time_3_namba_vdhankar.txt -f "%U" python3 homework.py > stulog.txt 2>&1 on vdhankar #####
child exited with value 1
##### ERROR: /usr/bin/time -o time_3_namba_vdhankar.txt -f "%U" python3 homework.py > stulog.txt 2>&1 on vdhankar #####
##### Output of failed program (stdout + stderr): #####
Traceback (most recent call last):
  File "homework.py", line 546, in <module>
    print(end-start)
NameError: name 'end' is not defined
##### End of output of failed program #####
##### vdhankar plays [E g1 f2] in 20.2549948692322s #####
##### Running: /usr/lib/jvm/jdk-14.0.1/bin/java -jar /lab/itti/projects/checkers-competition/server/referee.jar on run_3_namba_vdhankar #####
Move is valid
##### SUCCESS: /usr/lib/jvm/jdk-14.0.1/bin/java -jar /lab/itti/projects/checkers-competition/server/referee.jar on run_3_namba_vdhankar #####
INPUT for namba:
GAME
BLACK
254.92
.b.b.b..
b.b.b...
.....b.w
..w.....
.......w
........
.w.w.w.w
w.w.w...
##### Running: /usr/bin/time -o time_3_namba_vdhankar.txt -f "%U" python3 homework.py > stulog.txt 2>&1 on namba #####
##### SUCCESS: /usr/bin/time -o time_3_namba_vdhankar.txt -f "%U" python3 homework.py > stulog.txt 2>&1 on namba #####
##### namba plays [E f6 e5] in 7.04s #####
##### Running: /usr/lib/jvm/jdk-14.0.1/bin/java -jar /lab/itti/projects/checkers-competition/server/referee.jar on run_3_namba_vdhankar #####
Move is valid
##### SUCCESS: /usr/lib/jvm/jdk-14.0.1/bin/java -jar /lab/itti/projects/checkers-competition/server/referee.jar on run_3_namba_vdhankar #####
INPUT for vdhankar:
GAME
WHITE
189.616387844086
.b.b.b..
b.b.b...
.......w
..w.b...
.......w
........
.w.w.w.w
w.w.w...
##### Running: /usr/bin/time -o time_3_namba_vdhankar.txt -f "%U" python3 homework.py > stulog.txt 2>&1 on vdhankar #####
child exited with value 1
##### ERROR: /usr/bin/time -o time_3_namba_vdhankar.txt -f "%U" python3 homework.py > stulog.txt 2>&1 on vdhankar #####
##### Output of failed program (stdout + stderr): #####
Traceback (most recent call last):
  File "homework.py", line 546, in <module>
    print(end-start)
NameError: name 'end' is not defined
##### End of output of failed program #####
##### vdhankar plays [E h2 g3] in 22.7964270114899s #####
##### Running: /usr/lib/jvm/jdk-14.0.1/bin/java -jar /lab/itti/projects/checkers-competition/server/referee.jar on run_3_namba_vdhankar #####
Move is valid
##### SUCCESS: /usr/lib/jvm/jdk-14.0.1/bin/java -jar /lab/itti/projects/checkers-competition/server/referee.jar on run_3_namba_vdhankar #####
INPUT for namba:
GAME
BLACK
247.88
.b.b.b..
b.b.b...
.......w
..w.b...
.......w
......w.
.w.w.w..
w.w.w...
##### Running: /usr/bin/time -o time_3_namba_vdhankar.txt -f "%U" python3 homework.py > stulog.txt 2>&1 on namba #####
##### SUCCESS: /usr/bin/time -o time_3_namba_vdhankar.txt -f "%U" python3 homework.py > stulog.txt 2>&1 on namba #####
##### namba plays [E e5 d4] in 9.49s #####
##### Running: /usr/lib/jvm/jdk-14.0.1/bin/java -jar /lab/itti/projects/checkers-competition/server/referee.jar on run_3_namba_vdhankar #####
Move is valid
##### SUCCESS: /usr/lib/jvm/jdk-14.0.1/bin/java -jar /lab/itti/projects/checkers-competition/server/referee.jar on run_3_namba_vdhankar #####
INPUT for vdhankar:
GAME
WHITE
166.819960832596
.b.b.b..
b.b.b...
.......w
..w.....
...b...w
......w.
.w.w.w..
w.w.w...
##### Running: /usr/bin/time -o time_3_namba_vdhankar.txt -f "%U" python3 homework.py > stulog.txt 2>&1 on vdhankar #####
child exited with value 1
##### ERROR: /usr/bin/time -o time_3_namba_vdhankar.txt -f "%U" python3 homework.py > stulog.txt 2>&1 on vdhankar #####
##### Output of failed program (stdout + stderr): #####
Traceback (most recent call last):
  File "homework.py", line 546, in <module>
    print(end-start)
NameError: name 'end' is not defined
##### End of output of failed program #####
##### vdhankar plays [E d2 e3] in 11.6649441719055s #####
##### Running: /usr/lib/jvm/jdk-14.0.1/bin/java -jar /lab/itti/projects/checkers-competition/server/referee.jar on run_3_namba_vdhankar #####
Move is valid
##### SUCCESS: /usr/lib/jvm/jdk-14.0.1/bin/java -jar /lab/itti/projects/checkers-competition/server/referee.jar on run_3_namba_vdhankar #####
INPUT for namba:
GAME
BLACK
238.39
.b.b.b..
b.b.b...
.......w
..w.....
...b...w
....w.w.
.w...w..
w.w.w...
##### Running: /usr/bin/time -o time_3_namba_vdhankar.txt -f "%U" python3 homework.py > stulog.txt 2>&1 on namba #####
##### SUCCESS: /usr/bin/time -o time_3_namba_vdhankar.txt -f "%U" python3 homework.py > stulog.txt 2>&1 on namba #####
##### namba plays [E d4 c3] in 5.33s #####
##### Running: /usr/lib/jvm/jdk-14.0.1/bin/java -jar /lab/itti/projects/checkers-competition/server/referee.jar on run_3_namba_vdhankar #####
Move is valid
##### SUCCESS: /usr/lib/jvm/jdk-14.0.1/bin/java -jar /lab/itti/projects/checkers-competition/server/referee.jar on run_3_namba_vdhankar #####
INPUT for vdhankar:
GAME
WHITE
155.15501666069
.b.b.b..
b.b.b...
.......w
..w.....
.......w
..b.w.w.
.w...w..
w.w.w...
##### Running: /usr/bin/time -o time_3_namba_vdhankar.txt -f "%U" python3 homework.py > stulog.txt 2>&1 on vdhankar #####
child exited with value 1
##### ERROR: /usr/bin/time -o time_3_namba_vdhankar.txt -f "%U" python3 homework.py > stulog.txt 2>&1 on vdhankar #####
##### Output of failed program (stdout + stderr): #####
Traceback (most recent call last):
  File "homework.py", line 546, in <module>
    print(end-start)
NameError: name 'end' is not defined
##### End of output of failed program #####
##### vdhankar plays [J b2 d4] in 3.95801210403442s #####
##### Running: /usr/lib/jvm/jdk-14.0.1/bin/java -jar /lab/itti/projects/checkers-competition/server/referee.jar on run_3_namba_vdhankar #####
Move is valid
##### SUCCESS: /usr/lib/jvm/jdk-14.0.1/bin/java -jar /lab/itti/projects/checkers-competition/server/referee.jar on run_3_namba_vdhankar #####
INPUT for namba:
GAME
BLACK
233.06
.b.b.b..
b.b.b...
.......w
..w.....
...w...w
....w.w.
.....w..
w.w.w...
##### Running: /usr/bin/time -o time_3_namba_vdhankar.txt -f "%U" python3 homework.py > stulog.txt 2>&1 on namba #####
##### SUCCESS: /usr/bin/time -o time_3_namba_vdhankar.txt -f "%U" python3 homework.py > stulog.txt 2>&1 on namba #####
##### namba plays [E e7 f6] in 6.16s #####
##### Running: /usr/lib/jvm/jdk-14.0.1/bin/java -jar /lab/itti/projects/checkers-competition/server/referee.jar on run_3_namba_vdhankar #####
Move is valid
##### SUCCESS: /usr/lib/jvm/jdk-14.0.1/bin/java -jar /lab/itti/projects/checkers-competition/server/referee.jar on run_3_namba_vdhankar #####
INPUT for vdhankar:
GAME
WHITE
151.197004556656
.b.b.b..
b.b.....
.....b.w
..w.....
...w...w
....w.w.
.....w..
w.w.w...
##### Running: /usr/bin/time -o time_3_namba_vdhankar.txt -f "%U" python3 homework.py > stulog.txt 2>&1 on vdhankar #####
child exited with value 1
##### ERROR: /usr/bin/time -o time_3_namba_vdhankar.txt -f "%U" python3 homework.py > stulog.txt 2>&1 on vdhankar #####
##### Output of failed program (stdout + stderr): #####
Traceback (most recent call last):
  File "homework.py", line 546, in <module>
    print(end-start)
NameError: name 'end' is not defined
##### End of output of failed program #####
##### vdhankar plays [E e3 f4] in 8.96494102478027s #####
##### Running: /usr/lib/jvm/jdk-14.0.1/bin/java -jar /lab/itti/projects/checkers-competition/server/referee.jar on run_3_namba_vdhankar #####
Move is valid
##### SUCCESS: /usr/lib/jvm/jdk-14.0.1/bin/java -jar /lab/itti/projects/checkers-competition/server/referee.jar on run_3_namba_vdhankar #####
INPUT for namba:
GAME
BLACK
226.9
.b.b.b..
b.b.....
.....b.w
..w.....
...w.w.w
......w.
.....w..
w.w.w...
##### Running: /usr/bin/time -o time_3_namba_vdhankar.txt -f "%U" python3 homework.py > stulog.txt 2>&1 on namba #####
##### SUCCESS: /usr/bin/time -o time_3_namba_vdhankar.txt -f "%U" python3 homework.py > stulog.txt 2>&1 on namba #####
##### namba plays [E f6 e5] in 8.46s #####
##### Running: /usr/lib/jvm/jdk-14.0.1/bin/java -jar /lab/itti/projects/checkers-competition/server/referee.jar on run_3_namba_vdhankar #####
Move is valid
##### SUCCESS: /usr/lib/jvm/jdk-14.0.1/bin/java -jar /lab/itti/projects/checkers-competition/server/referee.jar on run_3_namba_vdhankar #####
INPUT for vdhankar:
GAME
WHITE
142.232063531876
.b.b.b..
b.b.....
.......w
..w.b...
...w.w.w
......w.
.....w..
w.w.w...
##### Running: /usr/bin/time -o time_3_namba_vdhankar.txt -f "%U" python3 homework.py > stulog.txt 2>&1 on vdhankar #####
child exited with value 1
##### ERROR: /usr/bin/time -o time_3_namba_vdhankar.txt -f "%U" python3 homework.py > stulog.txt 2>&1 on vdhankar #####
##### Output of failed program (stdout + stderr): #####
Traceback (most recent call last):
  File "homework.py", line 546, in <module>
    print(end-start)
NameError: name 'end' is not defined
##### End of output of failed program #####
##### vdhankar plays [J d4 f6] in 3.38079905509949s #####
##### Running: /usr/lib/jvm/jdk-14.0.1/bin/java -jar /lab/itti/projects/checkers-competition/server/referee.jar on run_3_namba_vdhankar #####
Move is valid
##### SUCCESS: /usr/lib/jvm/jdk-14.0.1/bin/java -jar /lab/itti/projects/checkers-competition/server/referee.jar on run_3_namba_vdhankar #####
INPUT for namba:
GAME
BLACK
218.44
.b.b.b..
b.b.....
.....w.w
..w.....
.....w.w
......w.
.....w..
w.w.w...
##### Running: /usr/bin/time -o time_3_namba_vdhankar.txt -f "%U" python3 homework.py > stulog.txt 2>&1 on namba #####
##### SUCCESS: /usr/bin/time -o time_3_namba_vdhankar.txt -f "%U" python3 homework.py > stulog.txt 2>&1 on namba #####
##### namba plays [E c7 b6] in 6.47s #####
##### Running: /usr/lib/jvm/jdk-14.0.1/bin/java -jar /lab/itti/projects/checkers-competition/server/referee.jar on run_3_namba_vdhankar #####
Move is valid
##### SUCCESS: /usr/lib/jvm/jdk-14.0.1/bin/java -jar /lab/itti/projects/checkers-competition/server/referee.jar on run_3_namba_vdhankar #####
INPUT for vdhankar:
GAME
WHITE
138.851264476776
.b.b.b..
b.......
.b...w.w
..w.....
.....w.w
......w.
.....w..
w.w.w...
##### Running: /usr/bin/time -o time_3_namba_vdhankar.txt -f "%U" python3 homework.py > stulog.txt 2>&1 on vdhankar #####
child exited with value 1
##### ERROR: /usr/bin/time -o time_3_namba_vdhankar.txt -f "%U" python3 homework.py > stulog.txt 2>&1 on vdhankar #####
##### Output of failed program (stdout + stderr): #####
Traceback (most recent call last):
  File "homework.py", line 546, in <module>
    print(end-start)
NameError: name 'end' is not defined
##### End of output of failed program #####
##### vdhankar plays [E c5 d6] in 14.7006549835205s #####
##### Running: /usr/lib/jvm/jdk-14.0.1/bin/java -jar /lab/itti/projects/checkers-competition/server/referee.jar on run_3_namba_vdhankar #####
Move is valid
##### SUCCESS: /usr/lib/jvm/jdk-14.0.1/bin/java -jar /lab/itti/projects/checkers-competition/server/referee.jar on run_3_namba_vdhankar #####
INPUT for namba:
GAME
BLACK
211.97
.b.b.b..
b.......
.b.w.w.w
........
.....w.w
......w.
.....w..
w.w.w...
##### Running: /usr/bin/time -o time_3_namba_vdhankar.txt -f "%U" python3 homework.py > stulog.txt 2>&1 on namba #####
##### SUCCESS: /usr/bin/time -o time_3_namba_vdhankar.txt -f "%U" python3 homework.py > stulog.txt 2>&1 on namba #####
##### namba plays [E b6 a5] in 5.5s #####
##### Running: /usr/lib/jvm/jdk-14.0.1/bin/java -jar /lab/itti/projects/checkers-competition/server/referee.jar on run_3_namba_vdhankar #####
Move is valid
##### SUCCESS: /usr/lib/jvm/jdk-14.0.1/bin/java -jar /lab/itti/projects/checkers-competition/server/referee.jar on run_3_namba_vdhankar #####
INPUT for vdhankar:
GAME
WHITE
124.150609493256
.b.b.b..
b.......
...w.w.w
b.......
.....w.w
......w.
.....w..
w.w.w...
##### Running: /usr/bin/time -o time_3_namba_vdhankar.txt -f "%U" python3 homework.py > stulog.txt 2>&1 on vdhankar #####
child exited with value 1
##### ERROR: /usr/bin/time -o time_3_namba_vdhankar.txt -f "%U" python3 homework.py > stulog.txt 2>&1 on vdhankar #####
##### Output of failed program (stdout + stderr): #####
Traceback (most recent call last):
  File "homework.py", line 546, in <module>
    print(end-start)
NameError: name 'end' is not defined
##### End of output of failed program #####
##### vdhankar plays [E e1 d2] in 28.9306180477142s #####
##### Running: /usr/lib/jvm/jdk-14.0.1/bin/java -jar /lab/itti/projects/checkers-competition/server/referee.jar on run_3_namba_vdhankar #####
Move is valid
##### SUCCESS: /usr/lib/jvm/jdk-14.0.1/bin/java -jar /lab/itti/projects/checkers-competition/server/referee.jar on run_3_namba_vdhankar #####
INPUT for namba:
GAME
BLACK
206.47
.b.b.b..
b.......
...w.w.w
b.......
.....w.w
......w.
...w.w..
w.w.....
##### Running: /usr/bin/time -o time_3_namba_vdhankar.txt -f "%U" python3 homework.py > stulog.txt 2>&1 on namba #####
##### SUCCESS: /usr/bin/time -o time_3_namba_vdhankar.txt -f "%U" python3 homework.py > stulog.txt 2>&1 on namba #####
##### namba plays [E a5 b4] in 7.27s #####
##### Running: /usr/lib/jvm/jdk-14.0.1/bin/java -jar /lab/itti/projects/checkers-competition/server/referee.jar on run_3_namba_vdhankar #####
Move is valid
##### SUCCESS: /usr/lib/jvm/jdk-14.0.1/bin/java -jar /lab/itti/projects/checkers-competition/server/referee.jar on run_3_namba_vdhankar #####
INPUT for vdhankar:
GAME
WHITE
95.2199914455414
.b.b.b..
b.......
...w.w.w
........
.b...w.w
......w.
...w.w..
w.w.....
##### Running: /usr/bin/time -o time_3_namba_vdhankar.txt -f "%U" python3 homework.py > stulog.txt 2>&1 on vdhankar #####
child exited with value 1
##### ERROR: /usr/bin/time -o time_3_namba_vdhankar.txt -f "%U" python3 homework.py > stulog.txt 2>&1 on vdhankar #####
##### Output of failed program (stdout + stderr): #####
Traceback (most recent call last):
  File "homework.py", line 546, in <module>
    print(end-start)
NameError: name 'end' is not defined
##### End of output of failed program #####
##### vdhankar plays [E f2 e3] in 32.9856050014496s #####
##### Running: /usr/lib/jvm/jdk-14.0.1/bin/java -jar /lab/itti/projects/checkers-competition/server/referee.jar on run_3_namba_vdhankar #####
Move is valid
##### SUCCESS: /usr/lib/jvm/jdk-14.0.1/bin/java -jar /lab/itti/projects/checkers-competition/server/referee.jar on run_3_namba_vdhankar #####
INPUT for namba:
GAME
BLACK
199.2
.b.b.b..
b.......
...w.w.w
........
.b...w.w
....w.w.
...w....
w.w.....
##### Running: /usr/bin/time -o time_3_namba_vdhankar.txt -f "%U" python3 homework.py > stulog.txt 2>&1 on namba #####
##### SUCCESS: /usr/bin/time -o time_3_namba_vdhankar.txt -f "%U" python3 homework.py > stulog.txt 2>&1 on namba #####
##### namba plays [E b4 a3] in 2.69s #####
##### Running: /usr/lib/jvm/jdk-14.0.1/bin/java -jar /lab/itti/projects/checkers-competition/server/referee.jar on run_3_namba_vdhankar #####
Move is valid
##### SUCCESS: /usr/lib/jvm/jdk-14.0.1/bin/java -jar /lab/itti/projects/checkers-competition/server/referee.jar on run_3_namba_vdhankar #####
INPUT for vdhankar:
GAME
WHITE
62.2343864440918
.b.b.b..
b.......
...w.w.w
........
.....w.w
b...w.w.
...w....
w.w.....
##### Running: /usr/bin/time -o time_3_namba_vdhankar.txt -f "%U" python3 homework.py > stulog.txt 2>&1 on vdhankar #####
child exited with value 1
##### ERROR: /usr/bin/time -o time_3_namba_vdhankar.txt -f "%U" python3 homework.py > stulog.txt 2>&1 on vdhankar #####
##### Output of failed program (stdout + stderr): #####
Traceback (most recent call last):
  File "homework.py", line 546, in <module>
    print(end-start)
NameError: name 'end' is not defined
##### End of output of failed program #####
##### vdhankar plays [E a1 b2] in 17.4658348560333s #####
##### Running: /usr/lib/jvm/jdk-14.0.1/bin/java -jar /lab/itti/projects/checkers-competition/server/referee.jar on run_3_namba_vdhankar #####
Move is valid
##### SUCCESS: /usr/lib/jvm/jdk-14.0.1/bin/java -jar /lab/itti/projects/checkers-competition/server/referee.jar on run_3_namba_vdhankar #####
INPUT for namba:
GAME
BLACK
196.51
.b.b.b..
b.......
...w.w.w
........
.....w.w
b...w.w.
.w.w....
..w.....
##### Running: /usr/bin/time -o time_3_namba_vdhankar.txt -f "%U" python3 homework.py > stulog.txt 2>&1 on namba #####
##### SUCCESS: /usr/bin/time -o time_3_namba_vdhankar.txt -f "%U" python3 homework.py > stulog.txt 2>&1 on namba #####
##### namba plays [E a7 b6] in 3.72s #####
##### Running: /usr/lib/jvm/jdk-14.0.1/bin/java -jar /lab/itti/projects/checkers-competition/server/referee.jar on run_3_namba_vdhankar #####
Move is valid
##### SUCCESS: /usr/lib/jvm/jdk-14.0.1/bin/java -jar /lab/itti/projects/checkers-competition/server/referee.jar on run_3_namba_vdhankar #####
INPUT for vdhankar:
GAME
WHITE
44.7685515880585
.b.b.b..
........
.b.w.w.w
........
.....w.w
b...w.w.
.w.w....
..w.....
##### Running: /usr/bin/time -o time_3_namba_vdhankar.txt -f "%U" python3 homework.py > stulog.txt 2>&1 on vdhankar #####
child exited with value 1
##### ERROR: /usr/bin/time -o time_3_namba_vdhankar.txt -f "%U" python3 homework.py > stulog.txt 2>&1 on vdhankar #####
##### Output of failed program (stdout + stderr): #####
Traceback (most recent call last):
  File "homework.py", line 546, in <module>
    print(end-start)
NameError: name 'end' is not defined
##### End of output of failed program #####
##### vdhankar plays [E b2 c3] in 10.5118310451508s #####
##### Running: /usr/lib/jvm/jdk-14.0.1/bin/java -jar /lab/itti/projects/checkers-competition/server/referee.jar on run_3_namba_vdhankar #####
Move is valid
##### SUCCESS: /usr/lib/jvm/jdk-14.0.1/bin/java -jar /lab/itti/projects/checkers-competition/server/referee.jar on run_3_namba_vdhankar #####
INPUT for namba:
GAME
BLACK
192.79
.b.b.b..
........
.b.w.w.w
........
.....w.w
b.w.w.w.
...w....
..w.....
##### Running: /usr/bin/time -o time_3_namba_vdhankar.txt -f "%U" python3 homework.py > stulog.txt 2>&1 on namba #####
##### SUCCESS: /usr/bin/time -o time_3_namba_vdhankar.txt -f "%U" python3 homework.py > stulog.txt 2>&1 on namba #####
##### namba plays [E a3 b2] in 2.84s #####
##### Running: /usr/lib/jvm/jdk-14.0.1/bin/java -jar /lab/itti/projects/checkers-competition/server/referee.jar on run_3_namba_vdhankar #####
Move is valid
##### SUCCESS: /usr/lib/jvm/jdk-14.0.1/bin/java -jar /lab/itti/projects/checkers-competition/server/referee.jar on run_3_namba_vdhankar #####
INPUT for vdhankar:
GAME
WHITE
34.2567205429077
.b.b.b..
........
.b.w.w.w
........
.....w.w
..w.w.w.
.b.w....
..w.....
##### Running: /usr/bin/time -o time_3_namba_vdhankar.txt -f "%U" python3 homework.py > stulog.txt 2>&1 on vdhankar #####
child exited with value 1
##### ERROR: /usr/bin/time -o time_3_namba_vdhankar.txt -f "%U" python3 homework.py > stulog.txt 2>&1 on vdhankar #####
##### Output of failed program (stdout + stderr): #####
Traceback (most recent call last):
  File "homework.py", line 546, in <module>
    print(end-start)
NameError: name 'end' is not defined
##### End of output of failed program #####
##### vdhankar plays [J c1 a3] in 1.9649338722229s #####
##### Running: /usr/lib/jvm/jdk-14.0.1/bin/java -jar /lab/itti/projects/checkers-competition/server/referee.jar on run_3_namba_vdhankar #####
Move is valid
##### SUCCESS: /usr/lib/jvm/jdk-14.0.1/bin/java -jar /lab/itti/projects/checkers-competition/server/referee.jar on run_3_namba_vdhankar #####
INPUT for namba:
GAME
BLACK
189.95
.b.b.b..
........
.b.w.w.w
........
.....w.w
w.w.w.w.
...w....
........
##### Running: /usr/bin/time -o time_3_namba_vdhankar.txt -f "%U" python3 homework.py > stulog.txt 2>&1 on namba #####
##### SUCCESS: /usr/bin/time -o time_3_namba_vdhankar.txt -f "%U" python3 homework.py > stulog.txt 2>&1 on namba #####
##### namba plays [E b6 a5] in 5.44s #####
##### Running: /usr/lib/jvm/jdk-14.0.1/bin/java -jar /lab/itti/projects/checkers-competition/server/referee.jar on run_3_namba_vdhankar #####
Move is valid
##### SUCCESS: /usr/lib/jvm/jdk-14.0.1/bin/java -jar /lab/itti/projects/checkers-competition/server/referee.jar on run_3_namba_vdhankar #####
INPUT for vdhankar:
GAME
WHITE
32.2917866706848
.b.b.b..
........
...w.w.w
b.......
.....w.w
w.w.w.w.
...w....
........
##### Running: /usr/bin/time -o time_3_namba_vdhankar.txt -f "%U" python3 homework.py > stulog.txt 2>&1 on vdhankar #####
child exited with value 1
##### ERROR: /usr/bin/time -o time_3_namba_vdhankar.txt -f "%U" python3 homework.py > stulog.txt 2>&1 on vdhankar #####
##### Output of failed program (stdout + stderr): #####
Traceback (most recent call last):
  File "homework.py", line 546, in <module>
    print(end-start)
NameError: name 'end' is not defined
##### End of output of failed program #####
##### vdhankar plays [E c3 d4] in 6.10762119293213s #####
##### Running: /usr/lib/jvm/jdk-14.0.1/bin/java -jar /lab/itti/projects/checkers-competition/server/referee.jar on run_3_namba_vdhankar #####
Move is valid
##### SUCCESS: /usr/lib/jvm/jdk-14.0.1/bin/java -jar /lab/itti/projects/checkers-competition/server/referee.jar on run_3_namba_vdhankar #####
INPUT for namba:
GAME
BLACK
184.51
.b.b.b..
........
...w.w.w
b.......
...w.w.w
w...w.w.
...w....
........
##### Running: /usr/bin/time -o time_3_namba_vdhankar.txt -f "%U" python3 homework.py > stulog.txt 2>&1 on namba #####
##### SUCCESS: /usr/bin/time -o time_3_namba_vdhankar.txt -f "%U" python3 homework.py > stulog.txt 2>&1 on namba #####
##### namba plays [E a5 b4] in 5.68s #####
##### Running: /usr/lib/jvm/jdk-14.0.1/bin/java -jar /lab/itti/projects/checkers-competition/server/referee.jar on run_3_namba_vdhankar #####
Move is valid
##### SUCCESS: /usr/lib/jvm/jdk-14.0.1/bin/java -jar /lab/itti/projects/checkers-competition/server/referee.jar on run_3_namba_vdhankar #####
INPUT for vdhankar:
GAME
WHITE
26.1841654777527
.b.b.b..
........
...w.w.w
........
.b.w.w.w
w...w.w.
...w....
........
##### Running: /usr/bin/time -o time_3_namba_vdhankar.txt -f "%U" python3 homework.py > stulog.txt 2>&1 on vdhankar #####
child exited with value 1
##### ERROR: /usr/bin/time -o time_3_namba_vdhankar.txt -f "%U" python3 homework.py > stulog.txt 2>&1 on vdhankar #####
##### Output of failed program (stdout + stderr): #####
Traceback (most recent call last):
  File "homework.py", line 546, in <module>
    print(end-start)
NameError: name 'end' is not defined
##### End of output of failed program #####
##### vdhankar plays [J a3 c5] in 0.819951057434082s #####
##### Running: /usr/lib/jvm/jdk-14.0.1/bin/java -jar /lab/itti/projects/checkers-competition/server/referee.jar on run_3_namba_vdhankar #####
Move is valid
##### SUCCESS: /usr/lib/jvm/jdk-14.0.1/bin/java -jar /lab/itti/projects/checkers-competition/server/referee.jar on run_3_namba_vdhankar #####
INPUT for namba:
GAME
BLACK
178.83
.b.b.b..
........
...w.w.w
..w.....
...w.w.w
....w.w.
...w....
........
##### Running: /usr/bin/time -o time_3_namba_vdhankar.txt -f "%U" python3 homework.py > stulog.txt 2>&1 on namba #####
##### SUCCESS: /usr/bin/time -o time_3_namba_vdhankar.txt -f "%U" python3 homework.py > stulog.txt 2>&1 on namba #####
##### namba plays [E f8 e7] in 3.24s #####
##### Running: /usr/lib/jvm/jdk-14.0.1/bin/java -jar /lab/itti/projects/checkers-competition/server/referee.jar on run_3_namba_vdhankar #####
Move is valid
##### SUCCESS: /usr/lib/jvm/jdk-14.0.1/bin/java -jar /lab/itti/projects/checkers-competition/server/referee.jar on run_3_namba_vdhankar #####
INPUT for vdhankar:
GAME
WHITE
25.3642144203186
.b.b....
....b...
...w.w.w
..w.....
...w.w.w
....w.w.
...w....
........
##### Running: /usr/bin/time -o time_3_namba_vdhankar.txt -f "%U" python3 homework.py > stulog.txt 2>&1 on vdhankar #####
child exited with value 1
##### ERROR: /usr/bin/time -o time_3_namba_vdhankar.txt -f "%U" python3 homework.py > stulog.txt 2>&1 on vdhankar #####
##### Output of failed program (stdout + stderr): #####
Traceback (most recent call last):
  File "homework.py", line 546, in <module>
    print(end-start)
NameError: name 'end' is not defined
##### End of output of failed program #####
##### vdhankar plays [J d6 f8] in 1.25100898742676s #####
##### Running: /usr/lib/jvm/jdk-14.0.1/bin/java -jar /lab/itti/projects/checkers-competition/server/referee.jar on run_3_namba_vdhankar #####
Move is valid
##### SUCCESS: /usr/lib/jvm/jdk-14.0.1/bin/java -jar /lab/itti/projects/checkers-competition/server/referee.jar on run_3_namba_vdhankar #####
INPUT for namba:
GAME
BLACK
175.59
.b.b.W..
........
.....w.w
..w.....
...w.w.w
....w.w.
...w....
........
##### Running: /usr/bin/time -o time_3_namba_vdhankar.txt -f "%U" python3 homework.py > stulog.txt 2>&1 on namba #####
##### SUCCESS: /usr/bin/time -o time_3_namba_vdhankar.txt -f "%U" python3 homework.py > stulog.txt 2>&1 on namba #####
##### namba plays [E d8 c7] in 3.1s #####
##### Running: /usr/lib/jvm/jdk-14.0.1/bin/java -jar /lab/itti/projects/checkers-competition/server/referee.jar on run_3_namba_vdhankar #####
Move is valid
##### SUCCESS: /usr/lib/jvm/jdk-14.0.1/bin/java -jar /lab/itti/projects/checkers-competition/server/referee.jar on run_3_namba_vdhankar #####
INPUT for vdhankar:
GAME
WHITE
24.1132054328918
.b...W..
..b.....
.....w.w
..w.....
...w.w.w
....w.w.
...w....
........
##### Running: /usr/bin/time -o time_3_namba_vdhankar.txt -f "%U" python3 homework.py > stulog.txt 2>&1 on vdhankar #####
child exited with value 1
##### ERROR: /usr/bin/time -o time_3_namba_vdhankar.txt -f "%U" python3 homework.py > stulog.txt 2>&1 on vdhankar #####
##### Output of failed program (stdout + stderr): #####
Traceback (most recent call last):
  File "homework.py", line 546, in <module>
    print(end-start)
NameError: name 'end' is not defined
##### End of output of failed program #####
##### vdhankar plays [E f4 e5] in 0.406012058258057s #####
##### Running: /usr/lib/jvm/jdk-14.0.1/bin/java -jar /lab/itti/projects/checkers-competition/server/referee.jar on run_3_namba_vdhankar #####
Move is valid
##### SUCCESS: /usr/lib/jvm/jdk-14.0.1/bin/java -jar /lab/itti/projects/checkers-competition/server/referee.jar on run_3_namba_vdhankar #####
INPUT for namba:
GAME
BLACK
172.49
.b...W..
..b.....
.....w.w
..w.w...
...w...w
....w.w.
...w....
........
##### Running: /usr/bin/time -o time_3_namba_vdhankar.txt -f "%U" python3 homework.py > stulog.txt 2>&1 on namba #####
##### SUCCESS: /usr/bin/time -o time_3_namba_vdhankar.txt -f "%U" python3 homework.py > stulog.txt 2>&1 on namba #####
##### namba plays [E c7 b6] in 2.96s #####
##### Running: /usr/lib/jvm/jdk-14.0.1/bin/java -jar /lab/itti/projects/checkers-competition/server/referee.jar on run_3_namba_vdhankar #####
Move is valid
##### SUCCESS: /usr/lib/jvm/jdk-14.0.1/bin/java -jar /lab/itti/projects/checkers-competition/server/referee.jar on run_3_namba_vdhankar #####
INPUT for vdhankar:
GAME
WHITE
23.7071933746338
.b...W..
........
.b...w.w
..w.w...
...w...w
....w.w.
...w....
........
##### Running: /usr/bin/time -o time_3_namba_vdhankar.txt -f "%U" python3 homework.py > stulog.txt 2>&1 on vdhankar #####
child exited with value 1
##### ERROR: /usr/bin/time -o time_3_namba_vdhankar.txt -f "%U" python3 homework.py > stulog.txt 2>&1 on vdhankar #####
##### Output of failed program (stdout + stderr): #####
Traceback (most recent call last):
  File "homework.py", line 546, in <module>
    print(end-start)
NameError: name 'end' is not defined
##### End of output of failed program #####
##### vdhankar plays [J c5 a7] in 0.418792963027954s #####
##### Running: /usr/lib/jvm/jdk-14.0.1/bin/java -jar /lab/itti/projects/checkers-competition/server/referee.jar on run_3_namba_vdhankar #####
Move is valid
##### SUCCESS: /usr/lib/jvm/jdk-14.0.1/bin/java -jar /lab/itti/projects/checkers-competition/server/referee.jar on run_3_namba_vdhankar #####
INPUT for namba:
GAME
BLACK
169.53
.b...W..
w.......
.....w.w
....w...
...w...w
....w.w.
...w....
........
##### Running: /usr/bin/time -o time_3_namba_vdhankar.txt -f "%U" python3 homework.py > stulog.txt 2>&1 on namba #####
##### SUCCESS: /usr/bin/time -o time_3_namba_vdhankar.txt -f "%U" python3 homework.py > stulog.txt 2>&1 on namba #####
##### namba plays [E b8 c7] in 1.99s #####
##### Running: /usr/lib/jvm/jdk-14.0.1/bin/java -jar /lab/itti/projects/checkers-competition/server/referee.jar on run_3_namba_vdhankar #####
Move is valid
##### SUCCESS: /usr/lib/jvm/jdk-14.0.1/bin/java -jar /lab/itti/projects/checkers-competition/server/referee.jar on run_3_namba_vdhankar #####
INPUT for vdhankar:
GAME
WHITE
23.2884004116058
.....W..
w.b.....
.....w.w
....w...
...w...w
....w.w.
...w....
........
##### Running: /usr/bin/time -o time_3_namba_vdhankar.txt -f "%U" python3 homework.py > stulog.txt 2>&1 on vdhankar #####
child exited with value 1
##### ERROR: /usr/bin/time -o time_3_namba_vdhankar.txt -f "%U" python3 homework.py > stulog.txt 2>&1 on vdhankar #####
##### Output of failed program (stdout + stderr): #####
Traceback (most recent call last):
  File "homework.py", line 546, in <module>
    print(end-start)
NameError: name 'end' is not defined
##### End of output of failed program #####
##### vdhankar plays [E h6 g7] in 0.353018045425415s #####
##### Running: /usr/lib/jvm/jdk-14.0.1/bin/java -jar /lab/itti/projects/checkers-competition/server/referee.jar on run_3_namba_vdhankar #####
Move is valid
##### SUCCESS: /usr/lib/jvm/jdk-14.0.1/bin/java -jar /lab/itti/projects/checkers-competition/server/referee.jar on run_3_namba_vdhankar #####
INPUT for namba:
GAME
BLACK
167.54
.....W..
w.b...w.
.....w..
....w...
...w...w
....w.w.
...w....
........
##### Running: /usr/bin/time -o time_3_namba_vdhankar.txt -f "%U" python3 homework.py > stulog.txt 2>&1 on namba #####
##### SUCCESS: /usr/bin/time -o time_3_namba_vdhankar.txt -f "%U" python3 homework.py > stulog.txt 2>&1 on namba #####
##### namba plays [E c7 b6] in 1.72s #####
##### Running: /usr/lib/jvm/jdk-14.0.1/bin/java -jar /lab/itti/projects/checkers-competition/server/referee.jar on run_3_namba_vdhankar #####
Move is valid
##### SUCCESS: /usr/lib/jvm/jdk-14.0.1/bin/java -jar /lab/itti/projects/checkers-competition/server/referee.jar on run_3_namba_vdhankar #####
INPUT for vdhankar:
GAME
WHITE
22.9353823661804
.....W..
w.....w.
.b...w..
....w...
...w...w
....w.w.
...w....
........
##### Running: /usr/bin/time -o time_3_namba_vdhankar.txt -f "%U" python3 homework.py > stulog.txt 2>&1 on vdhankar #####
child exited with value 1
##### ERROR: /usr/bin/time -o time_3_namba_vdhankar.txt -f "%U" python3 homework.py > stulog.txt 2>&1 on vdhankar #####
##### Output of failed program (stdout + stderr): #####
Traceback (most recent call last):
  File "homework.py", line 546, in <module>
    print(end-start)
NameError: name 'end' is not defined
##### End of output of failed program #####
##### vdhankar plays [E g7 h8] in 0.516531944274902s #####
##### Running: /usr/lib/jvm/jdk-14.0.1/bin/java -jar /lab/itti/projects/checkers-competition/server/referee.jar on run_3_namba_vdhankar #####
Move is valid
##### SUCCESS: /usr/lib/jvm/jdk-14.0.1/bin/java -jar /lab/itti/projects/checkers-competition/server/referee.jar on run_3_namba_vdhankar #####
INPUT for namba:
GAME
BLACK
165.82
.....W.W
w.......
.b...w..
....w...
...w...w
....w.w.
...w....
........
##### Running: /usr/bin/time -o time_3_namba_vdhankar.txt -f "%U" python3 homework.py > stulog.txt 2>&1 on namba #####
##### SUCCESS: /usr/bin/time -o time_3_namba_vdhankar.txt -f "%U" python3 homework.py > stulog.txt 2>&1 on namba #####
##### namba plays [E b6 a5] in 2.61s #####
##### Running: /usr/lib/jvm/jdk-14.0.1/bin/java -jar /lab/itti/projects/checkers-competition/server/referee.jar on run_3_namba_vdhankar #####
Move is valid
##### SUCCESS: /usr/lib/jvm/jdk-14.0.1/bin/java -jar /lab/itti/projects/checkers-competition/server/referee.jar on run_3_namba_vdhankar #####
INPUT for vdhankar:
GAME
WHITE
22.4188504219055
.....W.W
w.......
.....w..
b...w...
...w...w
....w.w.
...w....
........
##### Running: /usr/bin/time -o time_3_namba_vdhankar.txt -f "%U" python3 homework.py > stulog.txt 2>&1 on vdhankar #####
child exited with value 1
##### ERROR: /usr/bin/time -o time_3_namba_vdhankar.txt -f "%U" python3 homework.py > stulog.txt 2>&1 on vdhankar #####
##### Output of failed program (stdout + stderr): #####
Traceback (most recent call last):
  File "homework.py", line 546, in <module>
    print(end-start)
NameError: name 'end' is not defined
##### End of output of failed program #####
##### vdhankar plays [E d2 c3] in 0.535906076431274s #####
##### Running: /usr/lib/jvm/jdk-14.0.1/bin/java -jar /lab/itti/projects/checkers-competition/server/referee.jar on run_3_namba_vdhankar #####
Move is valid
##### SUCCESS: /usr/lib/jvm/jdk-14.0.1/bin/java -jar /lab/itti/projects/checkers-competition/server/referee.jar on run_3_namba_vdhankar #####
INPUT for namba:
GAME
BLACK
163.21
.....W.W
w.......
.....w..
b...w...
...w...w
..w.w.w.
........
........
##### Running: /usr/bin/time -o time_3_namba_vdhankar.txt -f "%U" python3 homework.py > stulog.txt 2>&1 on namba #####
##### SUCCESS: /usr/bin/time -o time_3_namba_vdhankar.txt -f "%U" python3 homework.py > stulog.txt 2>&1 on namba #####
##### namba plays [E a5 b4] in 2.66s #####
##### Running: /usr/lib/jvm/jdk-14.0.1/bin/java -jar /lab/itti/projects/checkers-competition/server/referee.jar on run_3_namba_vdhankar #####
Move is valid
##### SUCCESS: /usr/lib/jvm/jdk-14.0.1/bin/java -jar /lab/itti/projects/checkers-competition/server/referee.jar on run_3_namba_vdhankar #####
INPUT for vdhankar:
GAME
WHITE
21.8829443454742
.....W.W
w.......
.....w..
....w...
.b.w...w
..w.w.w.
........
........
##### Running: /usr/bin/time -o time_3_namba_vdhankar.txt -f "%U" python3 homework.py > stulog.txt 2>&1 on vdhankar #####
child exited with value 1
##### ERROR: /usr/bin/time -o time_3_namba_vdhankar.txt -f "%U" python3 homework.py > stulog.txt 2>&1 on vdhankar #####
##### Output of failed program (stdout + stderr): #####
Traceback (most recent call last):
  File "homework.py", line 546, in <module>
    print(end-start)
NameError: name 'end' is not defined
##### End of output of failed program #####
##### vdhankar plays [J c3 a5] in 0.348127126693726s #####
##### Running: /usr/lib/jvm/jdk-14.0.1/bin/java -jar /lab/itti/projects/checkers-competition/server/referee.jar on run_3_namba_vdhankar #####
Move is valid
After this move, player BLACK cannot make any moves
*** Winner: WHITE ***
##### SUCCESS: /usr/lib/jvm/jdk-14.0.1/bin/java -jar /lab/itti/projects/checkers-competition/server/referee.jar on run_3_namba_vdhankar #####
##### GAME OVER: vdhankar wins the game! #####
Server said: WIN
########## ROUND 3 GAMESCORE AFTER GAME 2: namba=0 and vdhankar=2 ##########
#################### ROUND 3: namba (W) vs vdhankar (B): game 3 ####################
##### game start! #####
INPUT for vdhankar:
GAME
BLACK
300
.b.b.b.b
b.b.b.b.
.b.b.b.b
........
........
w.w.w.w.
.w.w.w.w
w.w.w.w.
##### Running: /usr/bin/time -o time_3_namba_vdhankar.txt -f "%U" python3 homework.py > stulog.txt 2>&1 on vdhankar #####
child exited with value 1
##### ERROR: /usr/bin/time -o time_3_namba_vdhankar.txt -f "%U" python3 homework.py > stulog.txt 2>&1 on vdhankar #####
##### Output of failed program (stdout + stderr): #####
Traceback (most recent call last):
  File "homework.py", line 546, in <module>
    print(end-start)
NameError: name 'end' is not defined
##### End of output of failed program #####
##### vdhankar plays [E h6 g5] in 12.587760925293s #####
##### Running: /usr/lib/jvm/jdk-14.0.1/bin/java -jar /lab/itti/projects/checkers-competition/server/referee.jar on run_3_namba_vdhankar #####
Move is valid
Couldn't read file 'current_ply.txt'
Couldn't read content from file 'current_ply.txt'
Couldn't read file 'lastmatchange_ply.txt'
Couldn't read content from file 'lastmatchange_ply.txt'
##### SUCCESS: /usr/lib/jvm/jdk-14.0.1/bin/java -jar /lab/itti/projects/checkers-competition/server/referee.jar on run_3_namba_vdhankar #####
INPUT for namba:
GAME
WHITE
300
.b.b.b.b
b.b.b.b.
.b.b.b..
......b.
........
w.w.w.w.
.w.w.w.w
w.w.w.w.
##### Running: /usr/bin/time -o time_3_namba_vdhankar.txt -f "%U" python3 homework.py > stulog.txt 2>&1 on namba #####
##### SUCCESS: /usr/bin/time -o time_3_namba_vdhankar.txt -f "%U" python3 homework.py > stulog.txt 2>&1 on namba #####
##### namba plays [E g3 f4] in 7.82s #####
##### Running: /usr/lib/jvm/jdk-14.0.1/bin/java -jar /lab/itti/projects/checkers-competition/server/referee.jar on run_3_namba_vdhankar #####
Move is valid
##### SUCCESS: /usr/lib/jvm/jdk-14.0.1/bin/java -jar /lab/itti/projects/checkers-competition/server/referee.jar on run_3_namba_vdhankar #####
INPUT for vdhankar:
GAME
BLACK
287.412239074707
.b.b.b.b
b.b.b.b.
.b.b.b..
......b.
.....w..
w.w.w...
.w.w.w.w
w.w.w.w.
##### Running: /usr/bin/time -o time_3_namba_vdhankar.txt -f "%U" python3 homework.py > stulog.txt 2>&1 on vdhankar #####
child exited with value 1
##### ERROR: /usr/bin/time -o time_3_namba_vdhankar.txt -f "%U" python3 homework.py > stulog.txt 2>&1 on vdhankar #####
##### Output of failed program (stdout + stderr): #####
Traceback (most recent call last):
  File "homework.py", line 546, in <module>
    print(end-start)
NameError: name 'end' is not defined
##### End of output of failed program #####
##### vdhankar plays [E g5 h4] in 9.05821704864502s #####
##### Running: /usr/lib/jvm/jdk-14.0.1/bin/java -jar /lab/itti/projects/checkers-competition/server/referee.jar on run_3_namba_vdhankar #####
Move is valid
##### SUCCESS: /usr/lib/jvm/jdk-14.0.1/bin/java -jar /lab/itti/projects/checkers-competition/server/referee.jar on run_3_namba_vdhankar #####
INPUT for namba:
GAME
WHITE
292.18
.b.b.b.b
b.b.b.b.
.b.b.b..
........
.....w.b
w.w.w...
.w.w.w.w
w.w.w.w.
##### Running: /usr/bin/time -o time_3_namba_vdhankar.txt -f "%U" python3 homework.py > stulog.txt 2>&1 on namba #####
##### SUCCESS: /usr/bin/time -o time_3_namba_vdhankar.txt -f "%U" python3 homework.py > stulog.txt 2>&1 on namba #####
##### namba plays [E h2 g3] in 7.32s #####
##### Running: /usr/lib/jvm/jdk-14.0.1/bin/java -jar /lab/itti/projects/checkers-competition/server/referee.jar on run_3_namba_vdhankar #####
Move is valid
##### SUCCESS: /usr/lib/jvm/jdk-14.0.1/bin/java -jar /lab/itti/projects/checkers-competition/server/referee.jar on run_3_namba_vdhankar #####
INPUT for vdhankar:
GAME
BLACK
278.354022026062
.b.b.b.b
b.b.b.b.
.b.b.b..
........
.....w.b
w.w.w.w.
.w.w.w..
w.w.w.w.
##### Running: /usr/bin/time -o time_3_namba_vdhankar.txt -f "%U" python3 homework.py > stulog.txt 2>&1 on vdhankar #####
child exited with value 1
##### ERROR: /usr/bin/time -o time_3_namba_vdhankar.txt -f "%U" python3 homework.py > stulog.txt 2>&1 on vdhankar #####
##### Output of failed program (stdout + stderr): #####
Traceback (most recent call last):
  File "homework.py", line 546, in <module>
    print(end-start)
NameError: name 'end' is not defined
##### End of output of failed program #####
##### vdhankar plays [E f6 g5] in 12.0060949325562s #####
##### Running: /usr/lib/jvm/jdk-14.0.1/bin/java -jar /lab/itti/projects/checkers-competition/server/referee.jar on run_3_namba_vdhankar #####
Move is valid
##### SUCCESS: /usr/lib/jvm/jdk-14.0.1/bin/java -jar /lab/itti/projects/checkers-competition/server/referee.jar on run_3_namba_vdhankar #####
INPUT for namba:
GAME
WHITE
284.86
.b.b.b.b
b.b.b.b.
.b.b....
......b.
.....w.b
w.w.w.w.
.w.w.w..
w.w.w.w.
##### Running: /usr/bin/time -o time_3_namba_vdhankar.txt -f "%U" python3 homework.py > stulog.txt 2>&1 on namba #####
##### SUCCESS: /usr/bin/time -o time_3_namba_vdhankar.txt -f "%U" python3 homework.py > stulog.txt 2>&1 on namba #####
##### namba plays [J f4 h6] in 0.1s #####
##### Running: /usr/lib/jvm/jdk-14.0.1/bin/java -jar /lab/itti/projects/checkers-competition/server/referee.jar on run_3_namba_vdhankar #####
Move is valid
##### SUCCESS: /usr/lib/jvm/jdk-14.0.1/bin/java -jar /lab/itti/projects/checkers-competition/server/referee.jar on run_3_namba_vdhankar #####
INPUT for vdhankar:
GAME
BLACK
266.347927093506
.b.b.b.b
b.b.b.b.
.b.b...w
........
.......b
w.w.w.w.
.w.w.w..
w.w.w.w.
##### Running: /usr/bin/time -o time_3_namba_vdhankar.txt -f "%U" python3 homework.py > stulog.txt 2>&1 on vdhankar #####
child exited with value 1
##### ERROR: /usr/bin/time -o time_3_namba_vdhankar.txt -f "%U" python3 homework.py > stulog.txt 2>&1 on vdhankar #####
##### Output of failed program (stdout + stderr): #####
Traceback (most recent call last):
  File "homework.py", line 546, in <module>
    print(end-start)
NameError: name 'end' is not defined
##### End of output of failed program #####
##### vdhankar plays [E g7 f6] in 21.1331491470337s #####
##### Running: /usr/lib/jvm/jdk-14.0.1/bin/java -jar /lab/itti/projects/checkers-competition/server/referee.jar on run_3_namba_vdhankar #####
Move is valid
##### SUCCESS: /usr/lib/jvm/jdk-14.0.1/bin/java -jar /lab/itti/projects/checkers-competition/server/referee.jar on run_3_namba_vdhankar #####
INPUT for namba:
GAME
WHITE
284.76
.b.b.b.b
b.b.b...
.b.b.b.w
........
.......b
w.w.w.w.
.w.w.w..
w.w.w.w.
##### Running: /usr/bin/time -o time_3_namba_vdhankar.txt -f "%U" python3 homework.py > stulog.txt 2>&1 on namba #####
##### SUCCESS: /usr/bin/time -o time_3_namba_vdhankar.txt -f "%U" python3 homework.py > stulog.txt 2>&1 on namba #####
##### namba plays [E g1 h2] in 4.58s #####
##### Running: /usr/lib/jvm/jdk-14.0.1/bin/java -jar /lab/itti/projects/checkers-competition/server/referee.jar on run_3_namba_vdhankar #####
Move is valid
##### SUCCESS: /usr/lib/jvm/jdk-14.0.1/bin/java -jar /lab/itti/projects/checkers-competition/server/referee.jar on run_3_namba_vdhankar #####
INPUT for vdhankar:
GAME
BLACK
245.214777946472
.b.b.b.b
b.b.b...
.b.b.b.w
........
.......b
w.w.w.w.
.w.w.w.w
w.w.w...
##### Running: /usr/bin/time -o time_3_namba_vdhankar.txt -f "%U" python3 homework.py > stulog.txt 2>&1 on vdhankar #####
child exited with value 1
##### ERROR: /usr/bin/time -o time_3_namba_vdhankar.txt -f "%U" python3 homework.py > stulog.txt 2>&1 on vdhankar #####
##### Output of failed program (stdout + stderr): #####
Traceback (most recent call last):
  File "homework.py", line 546, in <module>
    print(end-start)
NameError: name 'end' is not defined
##### End of output of failed program #####
##### vdhankar plays [E f6 g5] in 27.1581881046295s #####
##### Running: /usr/lib/jvm/jdk-14.0.1/bin/java -jar /lab/itti/projects/checkers-competition/server/referee.jar on run_3_namba_vdhankar #####
Move is valid
##### SUCCESS: /usr/lib/jvm/jdk-14.0.1/bin/java -jar /lab/itti/projects/checkers-competition/server/referee.jar on run_3_namba_vdhankar #####
INPUT for namba:
GAME
WHITE
280.18
.b.b.b.b
b.b.b...
.b.b...w
......b.
.......b
w.w.w.w.
.w.w.w.w
w.w.w...
##### Running: /usr/bin/time -o time_3_namba_vdhankar.txt -f "%U" python3 homework.py > stulog.txt 2>&1 on namba #####
##### SUCCESS: /usr/bin/time -o time_3_namba_vdhankar.txt -f "%U" python3 homework.py > stulog.txt 2>&1 on namba #####
##### namba plays [E g3 f4] in 4.07s #####
##### Running: /usr/lib/jvm/jdk-14.0.1/bin/java -jar /lab/itti/projects/checkers-competition/server/referee.jar on run_3_namba_vdhankar #####
Move is valid
##### SUCCESS: /usr/lib/jvm/jdk-14.0.1/bin/java -jar /lab/itti/projects/checkers-competition/server/referee.jar on run_3_namba_vdhankar #####
INPUT for vdhankar:
GAME
BLACK
218.056589841843
.b.b.b.b
b.b.b...
.b.b...w
......b.
.....w.b
w.w.w...
.w.w.w.w
w.w.w...
##### Running: /usr/bin/time -o time_3_namba_vdhankar.txt -f "%U" python3 homework.py > stulog.txt 2>&1 on vdhankar #####
child exited with value 1
##### ERROR: /usr/bin/time -o time_3_namba_vdhankar.txt -f "%U" python3 homework.py > stulog.txt 2>&1 on vdhankar #####
##### Output of failed program (stdout + stderr): #####
Traceback (most recent call last):
  File "homework.py", line 546, in <module>
    print(end-start)
NameError: name 'end' is not defined
##### End of output of failed program #####
##### vdhankar plays [E d6 e5] in 10.2976441383362s #####
##### Running: /usr/lib/jvm/jdk-14.0.1/bin/java -jar /lab/itti/projects/checkers-competition/server/referee.jar on run_3_namba_vdhankar #####
Move is valid
##### SUCCESS: /usr/lib/jvm/jdk-14.0.1/bin/java -jar /lab/itti/projects/checkers-competition/server/referee.jar on run_3_namba_vdhankar #####
INPUT for namba:
GAME
WHITE
276.11
.b.b.b.b
b.b.b...
.b.....w
....b.b.
.....w.b
w.w.w...
.w.w.w.w
w.w.w...
##### Running: /usr/bin/time -o time_3_namba_vdhankar.txt -f "%U" python3 homework.py > stulog.txt 2>&1 on namba #####
##### SUCCESS: /usr/bin/time -o time_3_namba_vdhankar.txt -f "%U" python3 homework.py > stulog.txt 2>&1 on namba #####
##### namba plays [J f4 d6] in 0.07s #####
##### Running: /usr/lib/jvm/jdk-14.0.1/bin/java -jar /lab/itti/projects/checkers-competition/server/referee.jar on run_3_namba_vdhankar #####
Move is valid
##### SUCCESS: /usr/lib/jvm/jdk-14.0.1/bin/java -jar /lab/itti/projects/checkers-competition/server/referee.jar on run_3_namba_vdhankar #####
INPUT for vdhankar:
GAME
BLACK
207.758945703506
.b.b.b.b
b.b.b...
.b.w...w
......b.
.......b
w.w.w...
.w.w.w.w
w.w.w...
##### Running: /usr/bin/time -o time_3_namba_vdhankar.txt -f "%U" python3 homework.py > stulog.txt 2>&1 on vdhankar #####
child exited with value 1
##### ERROR: /usr/bin/time -o time_3_namba_vdhankar.txt -f "%U" python3 homework.py > stulog.txt 2>&1 on vdhankar #####
##### Output of failed program (stdout + stderr): #####
Traceback (most recent call last):
  File "homework.py", line 546, in <module>
    print(end-start)
NameError: name 'end' is not defined
##### End of output of failed program #####
##### vdhankar plays [J c7 e5] in 11.1883330345154s #####
##### Running: /usr/lib/jvm/jdk-14.0.1/bin/java -jar /lab/itti/projects/checkers-competition/server/referee.jar on run_3_namba_vdhankar #####
Move is valid
##### SUCCESS: /usr/lib/jvm/jdk-14.0.1/bin/java -jar /lab/itti/projects/checkers-competition/server/referee.jar on run_3_namba_vdhankar #####
INPUT for namba:
GAME
WHITE
276.04
.b.b.b.b
b...b...
.b.....w
....b.b.
.......b
w.w.w...
.w.w.w.w
w.w.w...
##### Running: /usr/bin/time -o time_3_namba_vdhankar.txt -f "%U" python3 homework.py > stulog.txt 2>&1 on namba #####
##### SUCCESS: /usr/bin/time -o time_3_namba_vdhankar.txt -f "%U" python3 homework.py > stulog.txt 2>&1 on namba #####
##### namba plays [E h2 g3] in 7.99s #####
##### Running: /usr/lib/jvm/jdk-14.0.1/bin/java -jar /lab/itti/projects/checkers-competition/server/referee.jar on run_3_namba_vdhankar #####
Move is valid
##### SUCCESS: /usr/lib/jvm/jdk-14.0.1/bin/java -jar /lab/itti/projects/checkers-competition/server/referee.jar on run_3_namba_vdhankar #####
INPUT for vdhankar:
GAME
BLACK
196.570612668991
.b.b.b.b
b...b...
.b.....w
....b.b.
.......b
w.w.w.w.
.w.w.w..
w.w.w...
##### Running: /usr/bin/time -o time_3_namba_vdhankar.txt -f "%U" python3 homework.py > stulog.txt 2>&1 on vdhankar #####
child exited with value 1
##### ERROR: /usr/bin/time -o time_3_namba_vdhankar.txt -f "%U" python3 homework.py > stulog.txt 2>&1 on vdhankar #####
##### Output of failed program (stdout + stderr): #####
Traceback (most recent call last):
  File "homework.py", line 546, in <module>
    print(end-start)
NameError: name 'end' is not defined
##### End of output of failed program #####
##### vdhankar plays [E g5 f4] in 17.2832868099213s #####
##### Running: /usr/lib/jvm/jdk-14.0.1/bin/java -jar /lab/itti/projects/checkers-competition/server/referee.jar on run_3_namba_vdhankar #####
Move is valid
##### SUCCESS: /usr/lib/jvm/jdk-14.0.1/bin/java -jar /lab/itti/projects/checkers-competition/server/referee.jar on run_3_namba_vdhankar #####
INPUT for namba:
GAME
WHITE
268.05
.b.b.b.b
b...b...
.b.....w
....b...
.....b.b
w.w.w.w.
.w.w.w..
w.w.w...
##### Running: /usr/bin/time -o time_3_namba_vdhankar.txt -f "%U" python3 homework.py > stulog.txt 2>&1 on namba #####
##### SUCCESS: /usr/bin/time -o time_3_namba_vdhankar.txt -f "%U" python3 homework.py > stulog.txt 2>&1 on namba #####
##### namba plays [J e3 g5] in 0.09s #####
##### Running: /usr/lib/jvm/jdk-14.0.1/bin/java -jar /lab/itti/projects/checkers-competition/server/referee.jar on run_3_namba_vdhankar #####
Move is valid
##### SUCCESS: /usr/lib/jvm/jdk-14.0.1/bin/java -jar /lab/itti/projects/checkers-competition/server/referee.jar on run_3_namba_vdhankar #####
INPUT for vdhankar:
GAME
BLACK
179.28732585907
.b.b.b.b
b...b...
.b.....w
....b.w.
.......b
w.w...w.
.w.w.w..
w.w.w...
##### Running: /usr/bin/time -o time_3_namba_vdhankar.txt -f "%U" python3 homework.py > stulog.txt 2>&1 on vdhankar #####
child exited with value 1
##### ERROR: /usr/bin/time -o time_3_namba_vdhankar.txt -f "%U" python3 homework.py > stulog.txt 2>&1 on vdhankar #####
##### Output of failed program (stdout + stderr): #####
Traceback (most recent call last):
  File "homework.py", line 546, in <module>
    print(end-start)
NameError: name 'end' is not defined
##### End of output of failed program #####
##### vdhankar plays [E b6 c5] in 29.0852949619293s #####
##### Running: /usr/lib/jvm/jdk-14.0.1/bin/java -jar /lab/itti/projects/checkers-competition/server/referee.jar on run_3_namba_vdhankar #####
Move is valid
##### SUCCESS: /usr/lib/jvm/jdk-14.0.1/bin/java -jar /lab/itti/projects/checkers-competition/server/referee.jar on run_3_namba_vdhankar #####
INPUT for namba:
GAME
WHITE
267.96
.b.b.b.b
b...b...
.......w
..b.b.w.
.......b
w.w...w.
.w.w.w..
w.w.w...
##### Running: /usr/bin/time -o time_3_namba_vdhankar.txt -f "%U" python3 homework.py > stulog.txt 2>&1 on namba #####
##### SUCCESS: /usr/bin/time -o time_3_namba_vdhankar.txt -f "%U" python3 homework.py > stulog.txt 2>&1 on namba #####
##### namba plays [E f2 e3] in 11.35s #####
##### Running: /usr/lib/jvm/jdk-14.0.1/bin/java -jar /lab/itti/projects/checkers-competition/server/referee.jar on run_3_namba_vdhankar #####
Move is valid
##### SUCCESS: /usr/lib/jvm/jdk-14.0.1/bin/java -jar /lab/itti/projects/checkers-competition/server/referee.jar on run_3_namba_vdhankar #####
INPUT for vdhankar:
GAME
BLACK
150.202030897141
.b.b.b.b
b...b...
.......w
..b.b.w.
.......b
w.w.w.w.
.w.w....
w.w.w...
##### Running: /usr/bin/time -o time_3_namba_vdhankar.txt -f "%U" python3 homework.py > stulog.txt 2>&1 on vdhankar #####
child exited with value 1
##### ERROR: /usr/bin/time -o time_3_namba_vdhankar.txt -f "%U" python3 homework.py > stulog.txt 2>&1 on vdhankar #####
##### Output of failed program (stdout + stderr): #####
Traceback (most recent call last):
  File "homework.py", line 546, in <module>
    print(end-start)
NameError: name 'end' is not defined
##### End of output of failed program #####
##### vdhankar plays [J h4 f2] in 2.1595938205719s #####
##### Running: /usr/lib/jvm/jdk-14.0.1/bin/java -jar /lab/itti/projects/checkers-competition/server/referee.jar on run_3_namba_vdhankar #####
Move is valid
##### SUCCESS: /usr/lib/jvm/jdk-14.0.1/bin/java -jar /lab/itti/projects/checkers-competition/server/referee.jar on run_3_namba_vdhankar #####
INPUT for namba:
GAME
WHITE
256.61
.b.b.b.b
b...b...
.......w
..b.b.w.
........
w.w.w...
.w.w.b..
w.w.w...
##### Running: /usr/bin/time -o time_3_namba_vdhankar.txt -f "%U" python3 homework.py > stulog.txt 2>&1 on namba #####
##### SUCCESS: /usr/bin/time -o time_3_namba_vdhankar.txt -f "%U" python3 homework.py > stulog.txt 2>&1 on namba #####
##### namba plays [J e1 g3] in 0.08s #####
##### Running: /usr/lib/jvm/jdk-14.0.1/bin/java -jar /lab/itti/projects/checkers-competition/server/referee.jar on run_3_namba_vdhankar #####
Move is valid
##### SUCCESS: /usr/lib/jvm/jdk-14.0.1/bin/java -jar /lab/itti/projects/checkers-competition/server/referee.jar on run_3_namba_vdhankar #####
INPUT for vdhankar:
GAME
BLACK
148.042437076569
.b.b.b.b
b...b...
.......w
..b.b.w.
........
w.w.w.w.
.w.w....
w.w.....
##### Running: /usr/bin/time -o time_3_namba_vdhankar.txt -f "%U" python3 homework.py > stulog.txt 2>&1 on vdhankar #####
child exited with value 1
##### ERROR: /usr/bin/time -o time_3_namba_vdhankar.txt -f "%U" python3 homework.py > stulog.txt 2>&1 on vdhankar #####
##### Output of failed program (stdout + stderr): #####
Traceback (most recent call last):
  File "homework.py", line 546, in <module>
    print(end-start)
NameError: name 'end' is not defined
##### End of output of failed program #####
##### vdhankar plays [E c5 d4] in 14.029069185257s #####
##### Running: /usr/lib/jvm/jdk-14.0.1/bin/java -jar /lab/itti/projects/checkers-competition/server/referee.jar on run_3_namba_vdhankar #####
Move is valid
##### SUCCESS: /usr/lib/jvm/jdk-14.0.1/bin/java -jar /lab/itti/projects/checkers-competition/server/referee.jar on run_3_namba_vdhankar #####
INPUT for namba:
GAME
WHITE
256.53
.b.b.b.b
b...b...
.......w
....b.w.
...b....
w.w.w.w.
.w.w....
w.w.....
##### Running: /usr/bin/time -o time_3_namba_vdhankar.txt -f "%U" python3 homework.py > stulog.txt 2>&1 on namba #####
##### SUCCESS: /usr/bin/time -o time_3_namba_vdhankar.txt -f "%U" python3 homework.py > stulog.txt 2>&1 on namba #####
##### namba plays [J e3 c5] in 0.08s #####
##### Running: /usr/lib/jvm/jdk-14.0.1/bin/java -jar /lab/itti/projects/checkers-competition/server/referee.jar on run_3_namba_vdhankar #####
Move is valid
##### SUCCESS: /usr/lib/jvm/jdk-14.0.1/bin/java -jar /lab/itti/projects/checkers-competition/server/referee.jar on run_3_namba_vdhankar #####
INPUT for vdhankar:
GAME
BLACK
134.013367891312
.b.b.b.b
b...b...
.......w
..w.b.w.
........
w.w...w.
.w.w....
w.w.....
##### Running: /usr/bin/time -o time_3_namba_vdhankar.txt -f "%U" python3 homework.py > stulog.txt 2>&1 on vdhankar #####
child exited with value 1
##### ERROR: /usr/bin/time -o time_3_namba_vdhankar.txt -f "%U" python3 homework.py > stulog.txt 2>&1 on vdhankar #####
##### Output of failed program (stdout + stderr): #####
Traceback (most recent call last):
  File "homework.py", line 546, in <module>
    print(end-start)
NameError: name 'end' is not defined
##### End of output of failed program #####
##### vdhankar plays [E e7 d6] in 10.1153929233551s #####
##### Running: /usr/lib/jvm/jdk-14.0.1/bin/java -jar /lab/itti/projects/checkers-competition/server/referee.jar on run_3_namba_vdhankar #####
Move is valid
##### SUCCESS: /usr/lib/jvm/jdk-14.0.1/bin/java -jar /lab/itti/projects/checkers-competition/server/referee.jar on run_3_namba_vdhankar #####
INPUT for namba:
GAME
WHITE
256.45
.b.b.b.b
b.......
...b...w
..w.b.w.
........
w.w...w.
.w.w....
w.w.....
##### Running: /usr/bin/time -o time_3_namba_vdhankar.txt -f "%U" python3 homework.py > stulog.txt 2>&1 on namba #####
##### SUCCESS: /usr/bin/time -o time_3_namba_vdhankar.txt -f "%U" python3 homework.py > stulog.txt 2>&1 on namba #####
##### namba plays [J c5 e7] in 0.09s #####
##### Running: /usr/lib/jvm/jdk-14.0.1/bin/java -jar /lab/itti/projects/checkers-competition/server/referee.jar on run_3_namba_vdhankar #####
Move is valid
##### SUCCESS: /usr/lib/jvm/jdk-14.0.1/bin/java -jar /lab/itti/projects/checkers-competition/server/referee.jar on run_3_namba_vdhankar #####
INPUT for vdhankar:
GAME
BLACK
123.897974967957
.b.b.b.b
b...w...
.......w
....b.w.
........
w.w...w.
.w.w....
w.w.....
##### Running: /usr/bin/time -o time_3_namba_vdhankar.txt -f "%U" python3 homework.py > stulog.txt 2>&1 on vdhankar #####
child exited with value 1
##### ERROR: /usr/bin/time -o time_3_namba_vdhankar.txt -f "%U" python3 homework.py > stulog.txt 2>&1 on vdhankar #####
##### Output of failed program (stdout + stderr): #####
Traceback (most recent call last):
  File "homework.py", line 546, in <module>
    print(end-start)
NameError: name 'end' is not defined
##### End of output of failed program #####
##### vdhankar plays [J d8 f6 ; J f6 h4 ; J h4 f2] in 7.86711406707764s #####
##### Running: /usr/lib/jvm/jdk-14.0.1/bin/java -jar /lab/itti/projects/checkers-competition/server/referee.jar on run_3_namba_vdhankar #####
Move is valid
##### SUCCESS: /usr/lib/jvm/jdk-14.0.1/bin/java -jar /lab/itti/projects/checkers-competition/server/referee.jar on run_3_namba_vdhankar #####
INPUT for namba:
GAME
WHITE
256.36
.b...b.b
b.......
.......w
....b...
........
w.w.....
.w.w.b..
w.w.....
##### Running: /usr/bin/time -o time_3_namba_vdhankar.txt -f "%U" python3 homework.py > stulog.txt 2>&1 on namba #####
##### SUCCESS: /usr/bin/time -o time_3_namba_vdhankar.txt -f "%U" python3 homework.py > stulog.txt 2>&1 on namba #####
##### namba plays [E d2 e3] in 4.48s #####
##### Running: /usr/lib/jvm/jdk-14.0.1/bin/java -jar /lab/itti/projects/checkers-competition/server/referee.jar on run_3_namba_vdhankar #####
Move is valid
##### SUCCESS: /usr/lib/jvm/jdk-14.0.1/bin/java -jar /lab/itti/projects/checkers-competition/server/referee.jar on run_3_namba_vdhankar #####
INPUT for vdhankar:
GAME
BLACK
116.030860900879
.b...b.b
b.......
.......w
....b...
........
w.w.w...
.w...b..
w.w.....
##### Running: /usr/bin/time -o time_3_namba_vdhankar.txt -f "%U" python3 homework.py > stulog.txt 2>&1 on vdhankar #####
child exited with value 1
##### ERROR: /usr/bin/time -o time_3_namba_vdhankar.txt -f "%U" python3 homework.py > stulog.txt 2>&1 on vdhankar #####
##### Output of failed program (stdout + stderr): #####
Traceback (most recent call last):
  File "homework.py", line 546, in <module>
    print(end-start)
NameError: name 'end' is not defined
##### End of output of failed program #####
##### vdhankar plays [E f2 g1] in 22.2182710170746s #####
##### Running: /usr/lib/jvm/jdk-14.0.1/bin/java -jar /lab/itti/projects/checkers-competition/server/referee.jar on run_3_namba_vdhankar #####
Move is valid
##### SUCCESS: /usr/lib/jvm/jdk-14.0.1/bin/java -jar /lab/itti/projects/checkers-competition/server/referee.jar on run_3_namba_vdhankar #####
INPUT for namba:
GAME
WHITE
251.88
.b...b.b
b.......
.......w
....b...
........
w.w.w...
.w......
w.w...B.
##### Running: /usr/bin/time -o time_3_namba_vdhankar.txt -f "%U" python3 homework.py > stulog.txt 2>&1 on namba #####
##### SUCCESS: /usr/bin/time -o time_3_namba_vdhankar.txt -f "%U" python3 homework.py > stulog.txt 2>&1 on namba #####
##### namba plays [E c1 d2] in 5.12s #####
##### Running: /usr/lib/jvm/jdk-14.0.1/bin/java -jar /lab/itti/projects/checkers-competition/server/referee.jar on run_3_namba_vdhankar #####
Move is valid
##### SUCCESS: /usr/lib/jvm/jdk-14.0.1/bin/java -jar /lab/itti/projects/checkers-competition/server/referee.jar on run_3_namba_vdhankar #####
INPUT for vdhankar:
GAME
BLACK
93.8125898838043
.b...b.b
b.......
.......w
....b...
........
w.w.w...
.w.w....
w.....B.
##### Running: /usr/bin/time -o time_3_namba_vdhankar.txt -f "%U" python3 homework.py > stulog.txt 2>&1 on vdhankar #####
child exited with value 1
##### ERROR: /usr/bin/time -o time_3_namba_vdhankar.txt -f "%U" python3 homework.py > stulog.txt 2>&1 on vdhankar #####
##### Output of failed program (stdout + stderr): #####
Traceback (most recent call last):
  File "homework.py", line 546, in <module>
    print(end-start)
NameError: name 'end' is not defined
##### End of output of failed program #####
##### vdhankar plays [E g1 h2] in 20.5409548282623s #####
##### Running: /usr/lib/jvm/jdk-14.0.1/bin/java -jar /lab/itti/projects/checkers-competition/server/referee.jar on run_3_namba_vdhankar #####
Move is valid
##### SUCCESS: /usr/lib/jvm/jdk-14.0.1/bin/java -jar /lab/itti/projects/checkers-competition/server/referee.jar on run_3_namba_vdhankar #####
INPUT for namba:
GAME
WHITE
246.76
.b...b.b
b.......
.......w
....b...
........
w.w.w...
.w.w...B
w.......
##### Running: /usr/bin/time -o time_3_namba_vdhankar.txt -f "%U" python3 homework.py > stulog.txt 2>&1 on namba #####
##### SUCCESS: /usr/bin/time -o time_3_namba_vdhankar.txt -f "%U" python3 homework.py > stulog.txt 2>&1 on namba #####
##### namba plays [E e3 d4] in 4.43s #####
##### Running: /usr/lib/jvm/jdk-14.0.1/bin/java -jar /lab/itti/projects/checkers-competition/server/referee.jar on run_3_namba_vdhankar #####
Move is valid
##### SUCCESS: /usr/lib/jvm/jdk-14.0.1/bin/java -jar /lab/itti/projects/checkers-competition/server/referee.jar on run_3_namba_vdhankar #####
INPUT for vdhankar:
GAME
BLACK
73.271635055542
.b...b.b
b.......
.......w
....b...
...w....
w.w.....
.w.w...B
w.......
##### Running: /usr/bin/time -o time_3_namba_vdhankar.txt -f "%U" python3 homework.py > stulog.txt 2>&1 on vdhankar #####
child exited with value 1
##### ERROR: /usr/bin/time -o time_3_namba_vdhankar.txt -f "%U" python3 homework.py > stulog.txt 2>&1 on vdhankar #####
##### Output of failed program (stdout + stderr): #####
Traceback (most recent call last):
  File "homework.py", line 546, in <module>
    print(end-start)
NameError: name 'end' is not defined
##### End of output of failed program #####
##### vdhankar plays [E h2 g3] in 19.8052971363068s #####
##### Running: /usr/lib/jvm/jdk-14.0.1/bin/java -jar /lab/itti/projects/checkers-competition/server/referee.jar on run_3_namba_vdhankar #####
Move is valid
##### SUCCESS: /usr/lib/jvm/jdk-14.0.1/bin/java -jar /lab/itti/projects/checkers-competition/server/referee.jar on run_3_namba_vdhankar #####
INPUT for namba:
GAME
WHITE
242.33
.b...b.b
b.......
.......w
....b...
...w....
w.w...B.
.w.w....
w.......
##### Running: /usr/bin/time -o time_3_namba_vdhankar.txt -f "%U" python3 homework.py > stulog.txt 2>&1 on namba #####
##### SUCCESS: /usr/bin/time -o time_3_namba_vdhankar.txt -f "%U" python3 homework.py > stulog.txt 2>&1 on namba #####
##### namba plays [J d4 f6] in 0.09s #####
##### Running: /usr/lib/jvm/jdk-14.0.1/bin/java -jar /lab/itti/projects/checkers-competition/server/referee.jar on run_3_namba_vdhankar #####
Move is valid
##### SUCCESS: /usr/lib/jvm/jdk-14.0.1/bin/java -jar /lab/itti/projects/checkers-competition/server/referee.jar on run_3_namba_vdhankar #####
INPUT for vdhankar:
GAME
BLACK
53.4663379192352
.b...b.b
b.......
.....w.w
........
........
w.w...B.
.w.w....
w.......
##### Running: /usr/bin/time -o time_3_namba_vdhankar.txt -f "%U" python3 homework.py > stulog.txt 2>&1 on vdhankar #####
child exited with value 1
##### ERROR: /usr/bin/time -o time_3_namba_vdhankar.txt -f "%U" python3 homework.py > stulog.txt 2>&1 on vdhankar #####
##### Output of failed program (stdout + stderr): #####
Traceback (most recent call last):
  File "homework.py", line 546, in <module>
    print(end-start)
NameError: name 'end' is not defined
##### End of output of failed program #####
##### vdhankar plays [E g3 h4] in 15.0897059440613s #####
##### Running: /usr/lib/jvm/jdk-14.0.1/bin/java -jar /lab/itti/projects/checkers-competition/server/referee.jar on run_3_namba_vdhankar #####
Move is valid
##### SUCCESS: /usr/lib/jvm/jdk-14.0.1/bin/java -jar /lab/itti/projects/checkers-competition/server/referee.jar on run_3_namba_vdhankar #####
INPUT for namba:
GAME
WHITE
242.24
.b...b.b
b.......
.....w.w
........
.......B
w.w.....
.w.w....
w.......
##### Running: /usr/bin/time -o time_3_namba_vdhankar.txt -f "%U" python3 homework.py > stulog.txt 2>&1 on namba #####
##### SUCCESS: /usr/bin/time -o time_3_namba_vdhankar.txt -f "%U" python3 homework.py > stulog.txt 2>&1 on namba #####
##### namba plays [E d2 e3] in 10.2s #####
##### Running: /usr/lib/jvm/jdk-14.0.1/bin/java -jar /lab/itti/projects/checkers-competition/server/referee.jar on run_3_namba_vdhankar #####
Move is valid
##### SUCCESS: /usr/lib/jvm/jdk-14.0.1/bin/java -jar /lab/itti/projects/checkers-competition/server/referee.jar on run_3_namba_vdhankar #####
INPUT for vdhankar:
GAME
BLACK
38.376631975174
.b...b.b
b.......
.....w.w
........
.......B
w.w.w...
.w......
w.......
##### Running: /usr/bin/time -o time_3_namba_vdhankar.txt -f "%U" python3 homework.py > stulog.txt 2>&1 on vdhankar #####
child exited with value 1
##### ERROR: /usr/bin/time -o time_3_namba_vdhankar.txt -f "%U" python3 homework.py > stulog.txt 2>&1 on vdhankar #####
##### Output of failed program (stdout + stderr): #####
Traceback (most recent call last):
  File "homework.py", line 546, in <module>
    print(end-start)
NameError: name 'end' is not defined
##### End of output of failed program #####
##### vdhankar plays [E h4 g3] in 4.33349704742432s #####
##### Running: /usr/lib/jvm/jdk-14.0.1/bin/java -jar /lab/itti/projects/checkers-competition/server/referee.jar on run_3_namba_vdhankar #####
Move is valid
##### SUCCESS: /usr/lib/jvm/jdk-14.0.1/bin/java -jar /lab/itti/projects/checkers-competition/server/referee.jar on run_3_namba_vdhankar #####
INPUT for namba:
GAME
WHITE
232.04
.b...b.b
b.......
.....w.w
........
........
w.w.w.B.
.w......
w.......
##### Running: /usr/bin/time -o time_3_namba_vdhankar.txt -f "%U" python3 homework.py > stulog.txt 2>&1 on namba #####
##### SUCCESS: /usr/bin/time -o time_3_namba_vdhankar.txt -f "%U" python3 homework.py > stulog.txt 2>&1 on namba #####
##### namba plays [E e3 d4] in 7.21s #####
##### Running: /usr/lib/jvm/jdk-14.0.1/bin/java -jar /lab/itti/projects/checkers-competition/server/referee.jar on run_3_namba_vdhankar #####
Move is valid
##### SUCCESS: /usr/lib/jvm/jdk-14.0.1/bin/java -jar /lab/itti/projects/checkers-competition/server/referee.jar on run_3_namba_vdhankar #####
INPUT for vdhankar:
GAME
BLACK
34.0431349277496
.b...b.b
b.......
.....w.w
........
...w....
w.w...B.
.w......
w.......
##### Running: /usr/bin/time -o time_3_namba_vdhankar.txt -f "%U" python3 homework.py > stulog.txt 2>&1 on vdhankar #####
child exited with value 1
##### ERROR: /usr/bin/time -o time_3_namba_vdhankar.txt -f "%U" python3 homework.py > stulog.txt 2>&1 on vdhankar #####
##### Output of failed program (stdout + stderr): #####
Traceback (most recent call last):
  File "homework.py", line 546, in <module>
    print(end-start)
NameError: name 'end' is not defined
##### End of output of failed program #####
##### vdhankar plays [E g3 h4] in 3.08761096000671s #####
##### Running: /usr/lib/jvm/jdk-14.0.1/bin/java -jar /lab/itti/projects/checkers-competition/server/referee.jar on run_3_namba_vdhankar #####
Move is valid
##### SUCCESS: /usr/lib/jvm/jdk-14.0.1/bin/java -jar /lab/itti/projects/checkers-competition/server/referee.jar on run_3_namba_vdhankar #####
INPUT for namba:
GAME
WHITE
224.83
.b...b.b
b.......
.....w.w
........
...w...B
w.w.....
.w......
w.......
##### Running: /usr/bin/time -o time_3_namba_vdhankar.txt -f "%U" python3 homework.py > stulog.txt 2>&1 on namba #####
##### SUCCESS: /usr/bin/time -o time_3_namba_vdhankar.txt -f "%U" python3 homework.py > stulog.txt 2>&1 on namba #####
##### namba plays [E c3 b4] in 7.69s #####
##### Running: /usr/lib/jvm/jdk-14.0.1/bin/java -jar /lab/itti/projects/checkers-competition/server/referee.jar on run_3_namba_vdhankar #####
Move is valid
##### SUCCESS: /usr/lib/jvm/jdk-14.0.1/bin/java -jar /lab/itti/projects/checkers-competition/server/referee.jar on run_3_namba_vdhankar #####
INPUT for vdhankar:
GAME
BLACK
30.9555239677429
.b...b.b
b.......
.....w.w
........
.w.w...B
w.......
.w......
w.......
##### Running: /usr/bin/time -o time_3_namba_vdhankar.txt -f "%U" python3 homework.py > stulog.txt 2>&1 on vdhankar #####
child exited with value 1
##### ERROR: /usr/bin/time -o time_3_namba_vdhankar.txt -f "%U" python3 homework.py > stulog.txt 2>&1 on vdhankar #####
##### Output of failed program (stdout + stderr): #####
Traceback (most recent call last):
  File "homework.py", line 546, in <module>
    print(end-start)
NameError: name 'end' is not defined
##### End of output of failed program #####
##### vdhankar plays [E h4 g5] in 2.07473802566528s #####
##### Running: /usr/lib/jvm/jdk-14.0.1/bin/java -jar /lab/itti/projects/checkers-competition/server/referee.jar on run_3_namba_vdhankar #####
Move is valid
##### SUCCESS: /usr/lib/jvm/jdk-14.0.1/bin/java -jar /lab/itti/projects/checkers-competition/server/referee.jar on run_3_namba_vdhankar #####
INPUT for namba:
GAME
WHITE
217.14
.b...b.b
b.......
.....w.w
......B.
.w.w....
w.......
.w......
w.......
##### Running: /usr/bin/time -o time_3_namba_vdhankar.txt -f "%U" python3 homework.py > stulog.txt 2>&1 on namba #####
##### SUCCESS: /usr/bin/time -o time_3_namba_vdhankar.txt -f "%U" python3 homework.py > stulog.txt 2>&1 on namba #####
##### namba plays [E b2 c3] in 3.88s #####
##### Running: /usr/lib/jvm/jdk-14.0.1/bin/java -jar /lab/itti/projects/checkers-competition/server/referee.jar on run_3_namba_vdhankar #####
Move is valid
##### SUCCESS: /usr/lib/jvm/jdk-14.0.1/bin/java -jar /lab/itti/projects/checkers-competition/server/referee.jar on run_3_namba_vdhankar #####
INPUT for vdhankar:
GAME
BLACK
28.8807859420776
.b...b.b
b.......
.....w.w
......B.
.w.w....
w.w.....
........
w.......
##### Running: /usr/bin/time -o time_3_namba_vdhankar.txt -f "%U" python3 homework.py > stulog.txt 2>&1 on vdhankar #####
child exited with value 1
##### ERROR: /usr/bin/time -o time_3_namba_vdhankar.txt -f "%U" python3 homework.py > stulog.txt 2>&1 on vdhankar #####
##### Output of failed program (stdout + stderr): #####
Traceback (most recent call last):
  File "homework.py", line 546, in <module>
    print(end-start)
NameError: name 'end' is not defined
##### End of output of failed program #####
##### vdhankar plays [J g5 e7] in 1.938227891922s #####
##### Running: /usr/lib/jvm/jdk-14.0.1/bin/java -jar /lab/itti/projects/checkers-competition/server/referee.jar on run_3_namba_vdhankar #####
Move is valid
##### SUCCESS: /usr/lib/jvm/jdk-14.0.1/bin/java -jar /lab/itti/projects/checkers-competition/server/referee.jar on run_3_namba_vdhankar #####
INPUT for namba:
GAME
WHITE
213.26
.b...b.b
b...B...
.......w
........
.w.w....
w.w.....
........
w.......
##### Running: /usr/bin/time -o time_3_namba_vdhankar.txt -f "%U" python3 homework.py > stulog.txt 2>&1 on namba #####
##### SUCCESS: /usr/bin/time -o time_3_namba_vdhankar.txt -f "%U" python3 homework.py > stulog.txt 2>&1 on namba #####
##### namba plays [E a1 b2] in 2.32s #####
##### Running: /usr/lib/jvm/jdk-14.0.1/bin/java -jar /lab/itti/projects/checkers-competition/server/referee.jar on run_3_namba_vdhankar #####
Move is valid
##### SUCCESS: /usr/lib/jvm/jdk-14.0.1/bin/java -jar /lab/itti/projects/checkers-competition/server/referee.jar on run_3_namba_vdhankar #####
INPUT for vdhankar:
GAME
BLACK
26.9425580501556
.b...b.b
b...B...
.......w
........
.w.w....
w.w.....
.w......
........
##### Running: /usr/bin/time -o time_3_namba_vdhankar.txt -f "%U" python3 homework.py > stulog.txt 2>&1 on vdhankar #####
child exited with value 1
##### ERROR: /usr/bin/time -o time_3_namba_vdhankar.txt -f "%U" python3 homework.py > stulog.txt 2>&1 on vdhankar #####
##### Output of failed program (stdout + stderr): #####
Traceback (most recent call last):
  File "homework.py", line 546, in <module>
    print(end-start)
NameError: name 'end' is not defined
##### End of output of failed program #####
##### vdhankar plays [E e7 f6] in 3.63440012931824s #####
##### Running: /usr/lib/jvm/jdk-14.0.1/bin/java -jar /lab/itti/projects/checkers-competition/server/referee.jar on run_3_namba_vdhankar #####
Move is valid
##### SUCCESS: /usr/lib/jvm/jdk-14.0.1/bin/java -jar /lab/itti/projects/checkers-competition/server/referee.jar on run_3_namba_vdhankar #####
INPUT for namba:
GAME
WHITE
210.94
.b...b.b
b.......
.....B.w
........
.w.w....
w.w.....
.w......
........
##### Running: /usr/bin/time -o time_3_namba_vdhankar.txt -f "%U" python3 homework.py > stulog.txt 2>&1 on namba #####
##### SUCCESS: /usr/bin/time -o time_3_namba_vdhankar.txt -f "%U" python3 homework.py > stulog.txt 2>&1 on namba #####
##### namba plays [E d4 c5] in 2.18s #####
##### Running: /usr/lib/jvm/jdk-14.0.1/bin/java -jar /lab/itti/projects/checkers-competition/server/referee.jar on run_3_namba_vdhankar #####
Move is valid
##### SUCCESS: /usr/lib/jvm/jdk-14.0.1/bin/java -jar /lab/itti/projects/checkers-competition/server/referee.jar on run_3_namba_vdhankar #####
INPUT for vdhankar:
GAME
BLACK
23.3081579208374
.b...b.b
b.......
.....B.w
..w.....
.w......
w.w.....
.w......
........
##### Running: /usr/bin/time -o time_3_namba_vdhankar.txt -f "%U" python3 homework.py > stulog.txt 2>&1 on vdhankar #####
child exited with value 1
##### ERROR: /usr/bin/time -o time_3_namba_vdhankar.txt -f "%U" python3 homework.py > stulog.txt 2>&1 on vdhankar #####
##### Output of failed program (stdout + stderr): #####
Traceback (most recent call last):
  File "homework.py", line 546, in <module>
    print(end-start)
NameError: name 'end' is not defined
##### End of output of failed program #####
##### vdhankar plays [E f6 g5] in 0.365363121032715s #####
##### Running: /usr/lib/jvm/jdk-14.0.1/bin/java -jar /lab/itti/projects/checkers-competition/server/referee.jar on run_3_namba_vdhankar #####
Move is valid
##### SUCCESS: /usr/lib/jvm/jdk-14.0.1/bin/java -jar /lab/itti/projects/checkers-competition/server/referee.jar on run_3_namba_vdhankar #####
INPUT for namba:
GAME
WHITE
208.76
.b...b.b
b.......
.......w
..w...B.
.w......
w.w.....
.w......
........
##### Running: /usr/bin/time -o time_3_namba_vdhankar.txt -f "%U" python3 homework.py > stulog.txt 2>&1 on namba #####
##### SUCCESS: /usr/bin/time -o time_3_namba_vdhankar.txt -f "%U" python3 homework.py > stulog.txt 2>&1 on namba #####
##### namba plays [E c3 d4] in 3.61s #####
##### Running: /usr/lib/jvm/jdk-14.0.1/bin/java -jar /lab/itti/projects/checkers-competition/server/referee.jar on run_3_namba_vdhankar #####
Move is valid
##### SUCCESS: /usr/lib/jvm/jdk-14.0.1/bin/java -jar /lab/itti/projects/checkers-competition/server/referee.jar on run_3_namba_vdhankar #####
INPUT for vdhankar:
GAME
BLACK
22.9427947998047
.b...b.b
b.......
.......w
..w...B.
.w.w....
w.......
.w......
........
##### Running: /usr/bin/time -o time_3_namba_vdhankar.txt -f "%U" python3 homework.py > stulog.txt 2>&1 on vdhankar #####
child exited with value 1
##### ERROR: /usr/bin/time -o time_3_namba_vdhankar.txt -f "%U" python3 homework.py > stulog.txt 2>&1 on vdhankar #####
##### Output of failed program (stdout + stderr): #####
Traceback (most recent call last):
  File "homework.py", line 546, in <module>
    print(end-start)
NameError: name 'end' is not defined
##### End of output of failed program #####
##### vdhankar plays [E g5 f6] in 0.442451000213623s #####
##### Running: /usr/lib/jvm/jdk-14.0.1/bin/java -jar /lab/itti/projects/checkers-competition/server/referee.jar on run_3_namba_vdhankar #####
Move is valid
##### SUCCESS: /usr/lib/jvm/jdk-14.0.1/bin/java -jar /lab/itti/projects/checkers-competition/server/referee.jar on run_3_namba_vdhankar #####
INPUT for namba:
GAME
WHITE
205.15
.b...b.b
b.......
.....B.w
..w.....
.w.w....
w.......
.w......
........
##### Running: /usr/bin/time -o time_3_namba_vdhankar.txt -f "%U" python3 homework.py > stulog.txt 2>&1 on namba #####
##### SUCCESS: /usr/bin/time -o time_3_namba_vdhankar.txt -f "%U" python3 homework.py > stulog.txt 2>&1 on namba #####
##### namba plays [E b2 c3] in 3.16s #####
##### Running: /usr/lib/jvm/jdk-14.0.1/bin/java -jar /lab/itti/projects/checkers-competition/server/referee.jar on run_3_namba_vdhankar #####
Move is valid
##### SUCCESS: /usr/lib/jvm/jdk-14.0.1/bin/java -jar /lab/itti/projects/checkers-competition/server/referee.jar on run_3_namba_vdhankar #####
INPUT for vdhankar:
GAME
BLACK
22.5003437995911
.b...b.b
b.......
.....B.w
..w.....
.w.w....
w.w.....
........
........
##### Running: /usr/bin/time -o time_3_namba_vdhankar.txt -f "%U" python3 homework.py > stulog.txt 2>&1 on vdhankar #####
child exited with value 1
##### ERROR: /usr/bin/time -o time_3_namba_vdhankar.txt -f "%U" python3 homework.py > stulog.txt 2>&1 on vdhankar #####
##### Output of failed program (stdout + stderr): #####
Traceback (most recent call last):
  File "homework.py", line 546, in <module>
    print(end-start)
NameError: name 'end' is not defined
##### End of output of failed program #####
##### vdhankar plays [E f6 e7] in 0.378654956817627s #####
##### Running: /usr/lib/jvm/jdk-14.0.1/bin/java -jar /lab/itti/projects/checkers-competition/server/referee.jar on run_3_namba_vdhankar #####
Move is valid
##### SUCCESS: /usr/lib/jvm/jdk-14.0.1/bin/java -jar /lab/itti/projects/checkers-competition/server/referee.jar on run_3_namba_vdhankar #####
INPUT for namba:
GAME
WHITE
201.99
.b...b.b
b...B...
.......w
..w.....
.w.w....
w.w.....
........
........
##### Running: /usr/bin/time -o time_3_namba_vdhankar.txt -f "%U" python3 homework.py > stulog.txt 2>&1 on namba #####
##### SUCCESS: /usr/bin/time -o time_3_namba_vdhankar.txt -f "%U" python3 homework.py > stulog.txt 2>&1 on namba #####
##### namba plays [E d4 e5] in 2.14s #####
##### Running: /usr/lib/jvm/jdk-14.0.1/bin/java -jar /lab/itti/projects/checkers-competition/server/referee.jar on run_3_namba_vdhankar #####
Move is valid
##### SUCCESS: /usr/lib/jvm/jdk-14.0.1/bin/java -jar /lab/itti/projects/checkers-competition/server/referee.jar on run_3_namba_vdhankar #####
INPUT for vdhankar:
GAME
BLACK
22.1216888427734
.b...b.b
b...B...
.......w
..w.w...
.w......
w.w.....
........
........
##### Running: /usr/bin/time -o time_3_namba_vdhankar.txt -f "%U" python3 homework.py > stulog.txt 2>&1 on vdhankar #####
child exited with value 1
##### ERROR: /usr/bin/time -o time_3_namba_vdhankar.txt -f "%U" python3 homework.py > stulog.txt 2>&1 on vdhankar #####
##### Output of failed program (stdout + stderr): #####
Traceback (most recent call last):
  File "homework.py", line 546, in <module>
    print(end-start)
NameError: name 'end' is not defined
##### End of output of failed program #####
##### vdhankar plays [E e7 d8] in 0.457221031188965s #####
##### Running: /usr/lib/jvm/jdk-14.0.1/bin/java -jar /lab/itti/projects/checkers-competition/server/referee.jar on run_3_namba_vdhankar #####
Move is valid
##### SUCCESS: /usr/lib/jvm/jdk-14.0.1/bin/java -jar /lab/itti/projects/checkers-competition/server/referee.jar on run_3_namba_vdhankar #####
INPUT for namba:
GAME
WHITE
199.85
.b.B.b.b
b.......
.......w
..w.w...
.w......
w.w.....
........
........
##### Running: /usr/bin/time -o time_3_namba_vdhankar.txt -f "%U" python3 homework.py > stulog.txt 2>&1 on namba #####
##### SUCCESS: /usr/bin/time -o time_3_namba_vdhankar.txt -f "%U" python3 homework.py > stulog.txt 2>&1 on namba #####
##### namba plays [E c3 d4] in 2.96s #####
##### Running: /usr/lib/jvm/jdk-14.0.1/bin/java -jar /lab/itti/projects/checkers-competition/server/referee.jar on run_3_namba_vdhankar #####
Move is valid
##### SUCCESS: /usr/lib/jvm/jdk-14.0.1/bin/java -jar /lab/itti/projects/checkers-competition/server/referee.jar on run_3_namba_vdhankar #####
INPUT for vdhankar:
GAME
BLACK
21.6644678115845
.b.B.b.b
b.......
.......w
..w.w...
.w.w....
w.......
........
........
##### Running: /usr/bin/time -o time_3_namba_vdhankar.txt -f "%U" python3 homework.py > stulog.txt 2>&1 on vdhankar #####
child exited with value 1
##### ERROR: /usr/bin/time -o time_3_namba_vdhankar.txt -f "%U" python3 homework.py > stulog.txt 2>&1 on vdhankar #####
##### Output of failed program (stdout + stderr): #####
Traceback (most recent call last):
  File "homework.py", line 546, in <module>
    print(end-start)
NameError: name 'end' is not defined
##### End of output of failed program #####
##### vdhankar plays [E d8 e7] in 0.384854078292847s #####
##### Running: /usr/lib/jvm/jdk-14.0.1/bin/java -jar /lab/itti/projects/checkers-competition/server/referee.jar on run_3_namba_vdhankar #####
Move is valid
##### SUCCESS: /usr/lib/jvm/jdk-14.0.1/bin/java -jar /lab/itti/projects/checkers-competition/server/referee.jar on run_3_namba_vdhankar #####
INPUT for namba:
GAME
WHITE
196.89
.b...b.b
b...B...
.......w
..w.w...
.w.w....
w.......
........
........
##### Running: /usr/bin/time -o time_3_namba_vdhankar.txt -f "%U" python3 homework.py > stulog.txt 2>&1 on namba #####
##### SUCCESS: /usr/bin/time -o time_3_namba_vdhankar.txt -f "%U" python3 homework.py > stulog.txt 2>&1 on namba #####
##### namba plays [E b4 a5] in 3.08s #####
##### Running: /usr/lib/jvm/jdk-14.0.1/bin/java -jar /lab/itti/projects/checkers-competition/server/referee.jar on run_3_namba_vdhankar #####
Move is valid
##### SUCCESS: /usr/lib/jvm/jdk-14.0.1/bin/java -jar /lab/itti/projects/checkers-competition/server/referee.jar on run_3_namba_vdhankar #####
INPUT for vdhankar:
GAME
BLACK
21.2796137332916
.b...b.b
b...B...
.......w
w.w.w...
...w....
w.......
........
........
##### Running: /usr/bin/time -o time_3_namba_vdhankar.txt -f "%U" python3 homework.py > stulog.txt 2>&1 on vdhankar #####
child exited with value 1
##### ERROR: /usr/bin/time -o time_3_namba_vdhankar.txt -f "%U" python3 homework.py > stulog.txt 2>&1 on vdhankar #####
##### Output of failed program (stdout + stderr): #####
Traceback (most recent call last):
  File "homework.py", line 546, in <module>
    print(end-start)
NameError: name 'end' is not defined
##### End of output of failed program #####
##### vdhankar plays [E e7 d8] in 0.415668964385986s #####
##### Running: /usr/lib/jvm/jdk-14.0.1/bin/java -jar /lab/itti/projects/checkers-competition/server/referee.jar on run_3_namba_vdhankar #####
Move is valid
##### SUCCESS: /usr/lib/jvm/jdk-14.0.1/bin/java -jar /lab/itti/projects/checkers-competition/server/referee.jar on run_3_namba_vdhankar #####
INPUT for namba:
GAME
WHITE
193.81
.b.B.b.b
b.......
.......w
w.w.w...
...w....
w.......
........
........
##### Running: /usr/bin/time -o time_3_namba_vdhankar.txt -f "%U" python3 homework.py > stulog.txt 2>&1 on namba #####
##### SUCCESS: /usr/bin/time -o time_3_namba_vdhankar.txt -f "%U" python3 homework.py > stulog.txt 2>&1 on namba #####
##### namba plays [E a3 b4] in 2.1s #####
##### Running: /usr/lib/jvm/jdk-14.0.1/bin/java -jar /lab/itti/projects/checkers-competition/server/referee.jar on run_3_namba_vdhankar #####
Move is valid
##### SUCCESS: /usr/lib/jvm/jdk-14.0.1/bin/java -jar /lab/itti/projects/checkers-competition/server/referee.jar on run_3_namba_vdhankar #####
INPUT for vdhankar:
GAME
BLACK
20.8639447689056
.b.B.b.b
b.......
.......w
w.w.w...
.w.w....
........
........
........
##### Running: /usr/bin/time -o time_3_namba_vdhankar.txt -f "%U" python3 homework.py > stulog.txt 2>&1 on vdhankar #####
child exited with value 1
##### ERROR: /usr/bin/time -o time_3_namba_vdhankar.txt -f "%U" python3 homework.py > stulog.txt 2>&1 on vdhankar #####
##### Output of failed program (stdout + stderr): #####
Traceback (most recent call last):
  File "homework.py", line 546, in <module>
    print(end-start)
NameError: name 'end' is not defined
##### End of output of failed program #####
##### vdhankar plays [E d8 e7] in 0.37944507598877s #####
##### Running: /usr/lib/jvm/jdk-14.0.1/bin/java -jar /lab/itti/projects/checkers-competition/server/referee.jar on run_3_namba_vdhankar #####
Move is valid
##### SUCCESS: /usr/lib/jvm/jdk-14.0.1/bin/java -jar /lab/itti/projects/checkers-competition/server/referee.jar on run_3_namba_vdhankar #####
INPUT for namba:
GAME
WHITE
191.71
.b...b.b
b...B...
.......w
w.w.w...
.w.w....
........
........
........
##### Running: /usr/bin/time -o time_3_namba_vdhankar.txt -f "%U" python3 homework.py > stulog.txt 2>&1 on namba #####
##### SUCCESS: /usr/bin/time -o time_3_namba_vdhankar.txt -f "%U" python3 homework.py > stulog.txt 2>&1 on namba #####
##### namba plays [E e5 d6] in 2.67s #####
##### Running: /usr/lib/jvm/jdk-14.0.1/bin/java -jar /lab/itti/projects/checkers-competition/server/referee.jar on run_3_namba_vdhankar #####
Move is valid
##### SUCCESS: /usr/lib/jvm/jdk-14.0.1/bin/java -jar /lab/itti/projects/checkers-competition/server/referee.jar on run_3_namba_vdhankar #####
INPUT for vdhankar:
GAME
BLACK
20.4844996929169
.b...b.b
b...B...
...w...w
w.w.....
.w.w....
........
........
........
##### Running: /usr/bin/time -o time_3_namba_vdhankar.txt -f "%U" python3 homework.py > stulog.txt 2>&1 on vdhankar #####
child exited with value 1
##### ERROR: /usr/bin/time -o time_3_namba_vdhankar.txt -f "%U" python3 homework.py > stulog.txt 2>&1 on vdhankar #####
##### Output of failed program (stdout + stderr): #####
Traceback (most recent call last):
  File "homework.py", line 546, in <module>
    print(end-start)
NameError: name 'end' is not defined
##### End of output of failed program #####
##### vdhankar plays [E e7 d8] in 0.354230880737305s #####
##### Running: /usr/lib/jvm/jdk-14.0.1/bin/java -jar /lab/itti/projects/checkers-competition/server/referee.jar on run_3_namba_vdhankar #####
Move is valid
##### SUCCESS: /usr/lib/jvm/jdk-14.0.1/bin/java -jar /lab/itti/projects/checkers-competition/server/referee.jar on run_3_namba_vdhankar #####
INPUT for namba:
GAME
WHITE
189.04
.b.B.b.b
b.......
...w...w
w.w.....
.w.w....
........
........
........
##### Running: /usr/bin/time -o time_3_namba_vdhankar.txt -f "%U" python3 homework.py > stulog.txt 2>&1 on namba #####
##### SUCCESS: /usr/bin/time -o time_3_namba_vdhankar.txt -f "%U" python3 homework.py > stulog.txt 2>&1 on namba #####
##### namba plays [E d4 e5] in 4.96s #####
##### Running: /usr/lib/jvm/jdk-14.0.1/bin/java -jar /lab/itti/projects/checkers-competition/server/referee.jar on run_3_namba_vdhankar #####
Move is valid
##### SUCCESS: /usr/lib/jvm/jdk-14.0.1/bin/java -jar /lab/itti/projects/checkers-competition/server/referee.jar on run_3_namba_vdhankar #####
INPUT for vdhankar:
GAME
BLACK
20.1302688121796
.b.B.b.b
b.......
...w...w
w.w.w...
.w......
........
........
........
##### Running: /usr/bin/time -o time_3_namba_vdhankar.txt -f "%U" python3 homework.py > stulog.txt 2>&1 on vdhankar #####
child exited with value 1
##### ERROR: /usr/bin/time -o time_3_namba_vdhankar.txt -f "%U" python3 homework.py > stulog.txt 2>&1 on vdhankar #####
##### Output of failed program (stdout + stderr): #####
Traceback (most recent call last):
  File "homework.py", line 546, in <module>
    print(end-start)
NameError: name 'end' is not defined
##### End of output of failed program #####
##### vdhankar plays [E d8 c7] in 0.445674896240234s #####
##### Running: /usr/lib/jvm/jdk-14.0.1/bin/java -jar /lab/itti/projects/checkers-competition/server/referee.jar on run_3_namba_vdhankar #####
Move is valid
##### SUCCESS: /usr/lib/jvm/jdk-14.0.1/bin/java -jar /lab/itti/projects/checkers-competition/server/referee.jar on run_3_namba_vdhankar #####
INPUT for namba:
GAME
WHITE
184.08
.b...b.b
b.B.....
...w...w
w.w.w...
.w......
........
........
........
##### Running: /usr/bin/time -o time_3_namba_vdhankar.txt -f "%U" python3 homework.py > stulog.txt 2>&1 on namba #####
##### SUCCESS: /usr/bin/time -o time_3_namba_vdhankar.txt -f "%U" python3 homework.py > stulog.txt 2>&1 on namba #####
##### namba plays [E e5 f6] in 2.1s #####
##### Running: /usr/lib/jvm/jdk-14.0.1/bin/java -jar /lab/itti/projects/checkers-competition/server/referee.jar on run_3_namba_vdhankar #####
Move is valid
##### SUCCESS: /usr/lib/jvm/jdk-14.0.1/bin/java -jar /lab/itti/projects/checkers-competition/server/referee.jar on run_3_namba_vdhankar #####
INPUT for vdhankar:
GAME
BLACK
19.6845939159393
.b...b.b
b.B.....
...w.w.w
w.w.....
.w......
........
........
........
##### Running: /usr/bin/time -o time_3_namba_vdhankar.txt -f "%U" python3 homework.py > stulog.txt 2>&1 on vdhankar #####
child exited with value 1
##### ERROR: /usr/bin/time -o time_3_namba_vdhankar.txt -f "%U" python3 homework.py > stulog.txt 2>&1 on vdhankar #####
##### Output of failed program (stdout + stderr): #####
Traceback (most recent call last):
  File "homework.py", line 546, in <module>
    print(end-start)
NameError: name 'end' is not defined
##### End of output of failed program #####
##### vdhankar plays [J c7 e5 ; J e5 g7] in 0.332529067993164s #####
##### Running: /usr/lib/jvm/jdk-14.0.1/bin/java -jar /lab/itti/projects/checkers-competition/server/referee.jar on run_3_namba_vdhankar #####
Move is valid
##### SUCCESS: /usr/lib/jvm/jdk-14.0.1/bin/java -jar /lab/itti/projects/checkers-competition/server/referee.jar on run_3_namba_vdhankar #####
INPUT for namba:
GAME
WHITE
181.98
.b...b.b
b.....B.
.......w
w.w.....
.w......
........
........
........
##### Running: /usr/bin/time -o time_3_namba_vdhankar.txt -f "%U" python3 homework.py > stulog.txt 2>&1 on namba #####
##### SUCCESS: /usr/bin/time -o time_3_namba_vdhankar.txt -f "%U" python3 homework.py > stulog.txt 2>&1 on namba #####
##### namba plays [E c5 d6] in 2.06s #####
##### Running: /usr/lib/jvm/jdk-14.0.1/bin/java -jar /lab/itti/projects/checkers-competition/server/referee.jar on run_3_namba_vdhankar #####
Move is valid
##### SUCCESS: /usr/lib/jvm/jdk-14.0.1/bin/java -jar /lab/itti/projects/checkers-competition/server/referee.jar on run_3_namba_vdhankar #####
INPUT for vdhankar:
GAME
BLACK
19.3520648479462
.b...b.b
b.....B.
...w...w
w.......
.w......
........
........
........
##### Running: /usr/bin/time -o time_3_namba_vdhankar.txt -f "%U" python3 homework.py > stulog.txt 2>&1 on vdhankar #####
child exited with value 1
##### ERROR: /usr/bin/time -o time_3_namba_vdhankar.txt -f "%U" python3 homework.py > stulog.txt 2>&1 on vdhankar #####
##### Output of failed program (stdout + stderr): #####
Traceback (most recent call last):
  File "homework.py", line 546, in <module>
    print(end-start)
NameError: name 'end' is not defined
##### End of output of failed program #####
##### vdhankar plays [E g7 f6] in 0.344953060150146s #####
##### Running: /usr/lib/jvm/jdk-14.0.1/bin/java -jar /lab/itti/projects/checkers-competition/server/referee.jar on run_3_namba_vdhankar #####
Move is valid
##### SUCCESS: /usr/lib/jvm/jdk-14.0.1/bin/java -jar /lab/itti/projects/checkers-competition/server/referee.jar on run_3_namba_vdhankar #####
INPUT for namba:
GAME
WHITE
179.92
.b...b.b
b.......
...w.B.w
w.......
.w......
........
........
........
##### Running: /usr/bin/time -o time_3_namba_vdhankar.txt -f "%U" python3 homework.py > stulog.txt 2>&1 on namba #####
##### SUCCESS: /usr/bin/time -o time_3_namba_vdhankar.txt -f "%U" python3 homework.py > stulog.txt 2>&1 on namba #####
##### namba plays [E b4 c5] in 5.48s #####
##### Running: /usr/lib/jvm/jdk-14.0.1/bin/java -jar /lab/itti/projects/checkers-competition/server/referee.jar on run_3_namba_vdhankar #####
Move is valid
##### SUCCESS: /usr/lib/jvm/jdk-14.0.1/bin/java -jar /lab/itti/projects/checkers-competition/server/referee.jar on run_3_namba_vdhankar #####
INPUT for vdhankar:
GAME
BLACK
19.007111787796
.b...b.b
b.......
...w.B.w
w.w.....
........
........
........
........
##### Running: /usr/bin/time -o time_3_namba_vdhankar.txt -f "%U" python3 homework.py > stulog.txt 2>&1 on vdhankar #####
child exited with value 1
##### ERROR: /usr/bin/time -o time_3_namba_vdhankar.txt -f "%U" python3 homework.py > stulog.txt 2>&1 on vdhankar #####
##### Output of failed program (stdout + stderr): #####
Traceback (most recent call last):
  File "homework.py", line 546, in <module>
    print(end-start)
NameError: name 'end' is not defined
##### End of output of failed program #####
##### vdhankar plays [E f6 e5] in 0.389752149581909s #####
##### Running: /usr/lib/jvm/jdk-14.0.1/bin/java -jar /lab/itti/projects/checkers-competition/server/referee.jar on run_3_namba_vdhankar #####
Move is valid
##### SUCCESS: /usr/lib/jvm/jdk-14.0.1/bin/java -jar /lab/itti/projects/checkers-competition/server/referee.jar on run_3_namba_vdhankar #####
INPUT for namba:
GAME
WHITE
174.44
.b...b.b
b.......
...w...w
w.w.B...
........
........
........
........
##### Running: /usr/bin/time -o time_3_namba_vdhankar.txt -f "%U" python3 homework.py > stulog.txt 2>&1 on namba #####
##### SUCCESS: /usr/bin/time -o time_3_namba_vdhankar.txt -f "%U" python3 homework.py > stulog.txt 2>&1 on namba #####
##### namba plays [E c5 b6] in 1.68s #####
##### Running: /usr/lib/jvm/jdk-14.0.1/bin/java -jar /lab/itti/projects/checkers-competition/server/referee.jar on run_3_namba_vdhankar #####
Move is valid
##### SUCCESS: /usr/lib/jvm/jdk-14.0.1/bin/java -jar /lab/itti/projects/checkers-competition/server/referee.jar on run_3_namba_vdhankar #####
INPUT for vdhankar:
GAME
BLACK
18.6173596382141
.b...b.b
b.......
.w.w...w
w...B...
........
........
........
........
##### Running: /usr/bin/time -o time_3_namba_vdhankar.txt -f "%U" python3 homework.py > stulog.txt 2>&1 on vdhankar #####
child exited with value 1
##### ERROR: /usr/bin/time -o time_3_namba_vdhankar.txt -f "%U" python3 homework.py > stulog.txt 2>&1 on vdhankar #####
##### Output of failed program (stdout + stderr): #####
Traceback (most recent call last):
  File "homework.py", line 546, in <module>
    print(end-start)
NameError: name 'end' is not defined
##### End of output of failed program #####
##### vdhankar plays [J a7 c5] in 0.339958906173706s #####
##### Running: /usr/lib/jvm/jdk-14.0.1/bin/java -jar /lab/itti/projects/checkers-competition/server/referee.jar on run_3_namba_vdhankar #####
Move is valid
##### SUCCESS: /usr/lib/jvm/jdk-14.0.1/bin/java -jar /lab/itti/projects/checkers-competition/server/referee.jar on run_3_namba_vdhankar #####
INPUT for namba:
GAME
WHITE
172.76
.b...b.b
........
...w...w
w.b.B...
........
........
........
........
##### Running: /usr/bin/time -o time_3_namba_vdhankar.txt -f "%U" python3 homework.py > stulog.txt 2>&1 on namba #####
##### SUCCESS: /usr/bin/time -o time_3_namba_vdhankar.txt -f "%U" python3 homework.py > stulog.txt 2>&1 on namba #####
##### namba plays [E a5 b6] in 1.69s #####
##### Running: /usr/lib/jvm/jdk-14.0.1/bin/java -jar /lab/itti/projects/checkers-competition/server/referee.jar on run_3_namba_vdhankar #####
Move is valid
##### SUCCESS: /usr/lib/jvm/jdk-14.0.1/bin/java -jar /lab/itti/projects/checkers-competition/server/referee.jar on run_3_namba_vdhankar #####
INPUT for vdhankar:
GAME
BLACK
18.2774007320404
.b...b.b
........
.w.w...w
..b.B...
........
........
........
........
##### Running: /usr/bin/time -o time_3_namba_vdhankar.txt -f "%U" python3 homework.py > stulog.txt 2>&1 on vdhankar #####
child exited with value 1
##### ERROR: /usr/bin/time -o time_3_namba_vdhankar.txt -f "%U" python3 homework.py > stulog.txt 2>&1 on vdhankar #####
##### Output of failed program (stdout + stderr): #####
Traceback (most recent call last):
  File "homework.py", line 546, in <module>
    print(end-start)
NameError: name 'end' is not defined
##### End of output of failed program #####
##### vdhankar plays [J e5 c7 ; J c7 a5] in 0.318121910095215s #####
##### Running: /usr/lib/jvm/jdk-14.0.1/bin/java -jar /lab/itti/projects/checkers-competition/server/referee.jar on run_3_namba_vdhankar #####
Move is valid
##### SUCCESS: /usr/lib/jvm/jdk-14.0.1/bin/java -jar /lab/itti/projects/checkers-competition/server/referee.jar on run_3_namba_vdhankar #####
INPUT for namba:
GAME
WHITE
171.07
.b...b.b
........
.......w
B.b.....
........
........
........
........
##### Running: /usr/bin/time -o time_3_namba_vdhankar.txt -f "%U" python3 homework.py > stulog.txt 2>&1 on namba #####
##### SUCCESS: /usr/bin/time -o time_3_namba_vdhankar.txt -f "%U" python3 homework.py > stulog.txt 2>&1 on namba #####
##### namba plays [E h6 g7] in 0.07s #####
##### Running: /usr/lib/jvm/jdk-14.0.1/bin/java -jar /lab/itti/projects/checkers-competition/server/referee.jar on run_3_namba_vdhankar #####
Move is valid
##### SUCCESS: /usr/lib/jvm/jdk-14.0.1/bin/java -jar /lab/itti/projects/checkers-competition/server/referee.jar on run_3_namba_vdhankar #####
INPUT for vdhankar:
GAME
BLACK
17.9592788219452
.b...b.b
......w.
........
B.b.....
........
........
........
........
##### Running: /usr/bin/time -o time_3_namba_vdhankar.txt -f "%U" python3 homework.py > stulog.txt 2>&1 on vdhankar #####
child exited with value 1
##### ERROR: /usr/bin/time -o time_3_namba_vdhankar.txt -f "%U" python3 homework.py > stulog.txt 2>&1 on vdhankar #####
##### Output of failed program (stdout + stderr): #####
Traceback (most recent call last):
  File "homework.py", line 546, in <module>
    print(end-start)
NameError: name 'end' is not defined
##### End of output of failed program #####
##### vdhankar plays [J f8 h6] in 0.447612047195435s #####
##### Running: /usr/lib/jvm/jdk-14.0.1/bin/java -jar /lab/itti/projects/checkers-competition/server/referee.jar on run_3_namba_vdhankar #####
Move is valid
After this move, player WHITE cannot make any moves
*** Winner: BLACK ***
##### SUCCESS: /usr/lib/jvm/jdk-14.0.1/bin/java -jar /lab/itti/projects/checkers-competition/server/referee.jar on run_3_namba_vdhankar #####
##### GAME OVER: vdhankar wins the game! #####
Server said: WIN
########## ROUND 3 GAMESCORE AFTER GAME 3: namba=0 and vdhankar=3 ##########
#################### ROUND 3: namba (B) vs vdhankar (W): game 4 ####################
##### game start! #####
INPUT for namba:
GAME
BLACK
300
.b.b.b.b
b.b.b.b.
.b.b.b.b
........
........
w.w.w.w.
.w.w.w.w
w.w.w.w.
##### Running: /usr/bin/time -o time_3_namba_vdhankar.txt -f "%U" python3 homework.py > stulog.txt 2>&1 on namba #####
##### SUCCESS: /usr/bin/time -o time_3_namba_vdhankar.txt -f "%U" python3 homework.py > stulog.txt 2>&1 on namba #####
##### namba plays [E h6 g5] in 13.46s #####
##### Running: /usr/lib/jvm/jdk-14.0.1/bin/java -jar /lab/itti/projects/checkers-competition/server/referee.jar on run_3_namba_vdhankar #####
Move is valid
Couldn't read file 'current_ply.txt'
Couldn't read content from file 'current_ply.txt'
Couldn't read file 'lastmatchange_ply.txt'
Couldn't read content from file 'lastmatchange_ply.txt'
##### SUCCESS: /usr/lib/jvm/jdk-14.0.1/bin/java -jar /lab/itti/projects/checkers-competition/server/referee.jar on run_3_namba_vdhankar #####
INPUT for vdhankar:
GAME
WHITE
300
.b.b.b.b
b.b.b.b.
.b.b.b..
......b.
........
w.w.w.w.
.w.w.w.w
w.w.w.w.
##### Running: /usr/bin/time -o time_3_namba_vdhankar.txt -f "%U" python3 homework.py > stulog.txt 2>&1 on vdhankar #####
child exited with value 1
##### ERROR: /usr/bin/time -o time_3_namba_vdhankar.txt -f "%U" python3 homework.py > stulog.txt 2>&1 on vdhankar #####
##### Output of failed program (stdout + stderr): #####
Traceback (most recent call last):
  File "homework.py", line 546, in <module>
    print(end-start)
NameError: name 'end' is not defined
##### End of output of failed program #####
##### vdhankar plays [E g3 h4] in 16.7850348949432s #####
##### Running: /usr/lib/jvm/jdk-14.0.1/bin/java -jar /lab/itti/projects/checkers-competition/server/referee.jar on run_3_namba_vdhankar #####
Move is valid
##### SUCCESS: /usr/lib/jvm/jdk-14.0.1/bin/java -jar /lab/itti/projects/checkers-competition/server/referee.jar on run_3_namba_vdhankar #####
INPUT for namba:
GAME
BLACK
286.54
.b.b.b.b
b.b.b.b.
.b.b.b..
......b.
.......w
w.w.w...
.w.w.w.w
w.w.w.w.
##### Running: /usr/bin/time -o time_3_namba_vdhankar.txt -f "%U" python3 homework.py > stulog.txt 2>&1 on namba #####
##### SUCCESS: /usr/bin/time -o time_3_namba_vdhankar.txt -f "%U" python3 homework.py > stulog.txt 2>&1 on namba #####
##### namba plays [E g5 f4] in 15.91s #####
##### Running: /usr/lib/jvm/jdk-14.0.1/bin/java -jar /lab/itti/projects/checkers-competition/server/referee.jar on run_3_namba_vdhankar #####
Move is valid
##### SUCCESS: /usr/lib/jvm/jdk-14.0.1/bin/java -jar /lab/itti/projects/checkers-competition/server/referee.jar on run_3_namba_vdhankar #####
INPUT for vdhankar:
GAME
WHITE
283.214965105057
.b.b.b.b
b.b.b.b.
.b.b.b..
........
.....b.w
w.w.w...
.w.w.w.w
w.w.w.w.
##### Running: /usr/bin/time -o time_3_namba_vdhankar.txt -f "%U" python3 homework.py > stulog.txt 2>&1 on vdhankar #####
child exited with value 1
##### ERROR: /usr/bin/time -o time_3_namba_vdhankar.txt -f "%U" python3 homework.py > stulog.txt 2>&1 on vdhankar #####
##### Output of failed program (stdout + stderr): #####
Traceback (most recent call last):
  File "homework.py", line 546, in <module>
    print(end-start)
NameError: name 'end' is not defined
##### End of output of failed program #####
##### vdhankar plays [J e3 g5] in 7.53453683853149s #####
##### Running: /usr/lib/jvm/jdk-14.0.1/bin/java -jar /lab/itti/projects/checkers-competition/server/referee.jar on run_3_namba_vdhankar #####
Move is valid
##### SUCCESS: /usr/lib/jvm/jdk-14.0.1/bin/java -jar /lab/itti/projects/checkers-competition/server/referee.jar on run_3_namba_vdhankar #####
INPUT for namba:
GAME
BLACK
270.63
.b.b.b.b
b.b.b.b.
.b.b.b..
......w.
.......w
w.w.....
.w.w.w.w
w.w.w.w.
##### Running: /usr/bin/time -o time_3_namba_vdhankar.txt -f "%U" python3 homework.py > stulog.txt 2>&1 on namba #####
##### SUCCESS: /usr/bin/time -o time_3_namba_vdhankar.txt -f "%U" python3 homework.py > stulog.txt 2>&1 on namba #####
##### namba plays [E f6 e5] in 11.9s #####
##### Running: /usr/lib/jvm/jdk-14.0.1/bin/java -jar /lab/itti/projects/checkers-competition/server/referee.jar on run_3_namba_vdhankar #####
Move is valid
##### SUCCESS: /usr/lib/jvm/jdk-14.0.1/bin/java -jar /lab/itti/projects/checkers-competition/server/referee.jar on run_3_namba_vdhankar #####
INPUT for vdhankar:
GAME
WHITE
275.680428266525
.b.b.b.b
b.b.b.b.
.b.b....
....b.w.
.......w
w.w.....
.w.w.w.w
w.w.w.w.
##### Running: /usr/bin/time -o time_3_namba_vdhankar.txt -f "%U" python3 homework.py > stulog.txt 2>&1 on vdhankar #####
child exited with value 1
##### ERROR: /usr/bin/time -o time_3_namba_vdhankar.txt -f "%U" python3 homework.py > stulog.txt 2>&1 on vdhankar #####
##### Output of failed program (stdout + stderr): #####
Traceback (most recent call last):
  File "homework.py", line 546, in <module>
    print(end-start)
NameError: name 'end' is not defined
##### End of output of failed program #####
##### vdhankar plays [E f2 g3] in 19.3408179283142s #####
##### Running: /usr/lib/jvm/jdk-14.0.1/bin/java -jar /lab/itti/projects/checkers-competition/server/referee.jar on run_3_namba_vdhankar #####
Move is valid
##### SUCCESS: /usr/lib/jvm/jdk-14.0.1/bin/java -jar /lab/itti/projects/checkers-competition/server/referee.jar on run_3_namba_vdhankar #####
INPUT for namba:
GAME
BLACK
258.73
.b.b.b.b
b.b.b.b.
.b.b....
....b.w.
.......w
w.w...w.
.w.w...w
w.w.w.w.
##### Running: /usr/bin/time -o time_3_namba_vdhankar.txt -f "%U" python3 homework.py > stulog.txt 2>&1 on namba #####
##### SUCCESS: /usr/bin/time -o time_3_namba_vdhankar.txt -f "%U" python3 homework.py > stulog.txt 2>&1 on namba #####
##### namba plays [E e5 d4] in 3.38s #####
##### Running: /usr/lib/jvm/jdk-14.0.1/bin/java -jar /lab/itti/projects/checkers-competition/server/referee.jar on run_3_namba_vdhankar #####
Move is valid
##### SUCCESS: /usr/lib/jvm/jdk-14.0.1/bin/java -jar /lab/itti/projects/checkers-competition/server/referee.jar on run_3_namba_vdhankar #####
INPUT for vdhankar:
GAME
WHITE
256.339610338211
.b.b.b.b
b.b.b.b.
.b.b....
......w.
...b...w
w.w...w.
.w.w...w
w.w.w.w.
##### Running: /usr/bin/time -o time_3_namba_vdhankar.txt -f "%U" python3 homework.py > stulog.txt 2>&1 on vdhankar #####
child exited with value 1
##### ERROR: /usr/bin/time -o time_3_namba_vdhankar.txt -f "%U" python3 homework.py > stulog.txt 2>&1 on vdhankar #####
##### Output of failed program (stdout + stderr): #####
Traceback (most recent call last):
  File "homework.py", line 546, in <module>
    print(end-start)
NameError: name 'end' is not defined
##### End of output of failed program #####
##### vdhankar plays [J c3 e5] in 0.48222017288208s #####
##### Running: /usr/lib/jvm/jdk-14.0.1/bin/java -jar /lab/itti/projects/checkers-competition/server/referee.jar on run_3_namba_vdhankar #####
Move is valid
##### SUCCESS: /usr/lib/jvm/jdk-14.0.1/bin/java -jar /lab/itti/projects/checkers-competition/server/referee.jar on run_3_namba_vdhankar #####
INPUT for namba:
GAME
BLACK
255.35
.b.b.b.b
b.b.b.b.
.b.b....
....w.w.
.......w
w.....w.
.w.w...w
w.w.w.w.
##### Running: /usr/bin/time -o time_3_namba_vdhankar.txt -f "%U" python3 homework.py > stulog.txt 2>&1 on namba #####
##### SUCCESS: /usr/bin/time -o time_3_namba_vdhankar.txt -f "%U" python3 homework.py > stulog.txt 2>&1 on namba #####
##### namba plays [J d6 f4] in 0.09s #####
##### Running: /usr/lib/jvm/jdk-14.0.1/bin/java -jar /lab/itti/projects/checkers-competition/server/referee.jar on run_3_namba_vdhankar #####
Move is valid
##### SUCCESS: /usr/lib/jvm/jdk-14.0.1/bin/java -jar /lab/itti/projects/checkers-competition/server/referee.jar on run_3_namba_vdhankar #####
INPUT for vdhankar:
GAME
WHITE
255.857390165329
.b.b.b.b
b.b.b.b.
.b......
......w.
.....b.w
w.....w.
.w.w...w
w.w.w.w.
##### Running: /usr/bin/time -o time_3_namba_vdhankar.txt -f "%U" python3 homework.py > stulog.txt 2>&1 on vdhankar #####
child exited with value 1
##### ERROR: /usr/bin/time -o time_3_namba_vdhankar.txt -f "%U" python3 homework.py > stulog.txt 2>&1 on vdhankar #####
##### Output of failed program (stdout + stderr): #####
Traceback (most recent call last):
  File "homework.py", line 546, in <module>
    print(end-start)
NameError: name 'end' is not defined
##### End of output of failed program #####
##### vdhankar plays [J g3 e5] in 4.41996288299561s #####
##### Running: /usr/lib/jvm/jdk-14.0.1/bin/java -jar /lab/itti/projects/checkers-competition/server/referee.jar on run_3_namba_vdhankar #####
Move is valid
##### SUCCESS: /usr/lib/jvm/jdk-14.0.1/bin/java -jar /lab/itti/projects/checkers-competition/server/referee.jar on run_3_namba_vdhankar #####
INPUT for namba:
GAME
BLACK
255.26
.b.b.b.b
b.b.b.b.
.b......
....w.w.
.......w
w.......
.w.w...w
w.w.w.w.
##### Running: /usr/bin/time -o time_3_namba_vdhankar.txt -f "%U" python3 homework.py > stulog.txt 2>&1 on namba #####
##### SUCCESS: /usr/bin/time -o time_3_namba_vdhankar.txt -f "%U" python3 homework.py > stulog.txt 2>&1 on namba #####
##### namba plays [E b6 a5] in 7.27s #####
##### Running: /usr/lib/jvm/jdk-14.0.1/bin/java -jar /lab/itti/projects/checkers-competition/server/referee.jar on run_3_namba_vdhankar #####
Move is valid
##### SUCCESS: /usr/lib/jvm/jdk-14.0.1/bin/java -jar /lab/itti/projects/checkers-competition/server/referee.jar on run_3_namba_vdhankar #####
INPUT for vdhankar:
GAME
WHITE
251.437427282333
.b.b.b.b
b.b.b.b.
........
b...w.w.
.......w
w.......
.w.w...w
w.w.w.w.
##### Running: /usr/bin/time -o time_3_namba_vdhankar.txt -f "%U" python3 homework.py > stulog.txt 2>&1 on vdhankar #####
child exited with value 1
##### ERROR: /usr/bin/time -o time_3_namba_vdhankar.txt -f "%U" python3 homework.py > stulog.txt 2>&1 on vdhankar #####
##### Output of failed program (stdout + stderr): #####
Traceback (most recent call last):
  File "homework.py", line 546, in <module>
    print(end-start)
NameError: name 'end' is not defined
##### End of output of failed program #####
##### vdhankar plays [E g5 h6] in 18.2640709877014s #####
##### Running: /usr/lib/jvm/jdk-14.0.1/bin/java -jar /lab/itti/projects/checkers-competition/server/referee.jar on run_3_namba_vdhankar #####
Move is valid
##### SUCCESS: /usr/lib/jvm/jdk-14.0.1/bin/java -jar /lab/itti/projects/checkers-competition/server/referee.jar on run_3_namba_vdhankar #####
INPUT for namba:
GAME
BLACK
247.99
.b.b.b.b
b.b.b.b.
.......w
b...w...
.......w
w.......
.w.w...w
w.w.w.w.
##### Running: /usr/bin/time -o time_3_namba_vdhankar.txt -f "%U" python3 homework.py > stulog.txt 2>&1 on namba #####
##### SUCCESS: /usr/bin/time -o time_3_namba_vdhankar.txt -f "%U" python3 homework.py > stulog.txt 2>&1 on namba #####
##### namba plays [E a5 b4] in 5.48s #####
##### Running: /usr/lib/jvm/jdk-14.0.1/bin/java -jar /lab/itti/projects/checkers-competition/server/referee.jar on run_3_namba_vdhankar #####
Move is valid
##### SUCCESS: /usr/lib/jvm/jdk-14.0.1/bin/java -jar /lab/itti/projects/checkers-competition/server/referee.jar on run_3_namba_vdhankar #####
INPUT for vdhankar:
GAME
WHITE
233.173356294632
.b.b.b.b
b.b.b.b.
.......w
....w...
.b.....w
w.......
.w.w...w
w.w.w.w.
##### Running: /usr/bin/time -o time_3_namba_vdhankar.txt -f "%U" python3 homework.py > stulog.txt 2>&1 on vdhankar #####
child exited with value 1
##### ERROR: /usr/bin/time -o time_3_namba_vdhankar.txt -f "%U" python3 homework.py > stulog.txt 2>&1 on vdhankar #####
##### Output of failed program (stdout + stderr): #####
Traceback (most recent call last):
  File "homework.py", line 546, in <module>
    print(end-start)
NameError: name 'end' is not defined
##### End of output of failed program #####
##### vdhankar plays [J a3 c5] in 1.80911588668823s #####
##### Running: /usr/lib/jvm/jdk-14.0.1/bin/java -jar /lab/itti/projects/checkers-competition/server/referee.jar on run_3_namba_vdhankar #####
Move is valid
##### SUCCESS: /usr/lib/jvm/jdk-14.0.1/bin/java -jar /lab/itti/projects/checkers-competition/server/referee.jar on run_3_namba_vdhankar #####
INPUT for namba:
GAME
BLACK
242.51
.b.b.b.b
b.b.b.b.
.......w
..w.w...
.......w
........
.w.w...w
w.w.w.w.
##### Running: /usr/bin/time -o time_3_namba_vdhankar.txt -f "%U" python3 homework.py > stulog.txt 2>&1 on namba #####
##### SUCCESS: /usr/bin/time -o time_3_namba_vdhankar.txt -f "%U" python3 homework.py > stulog.txt 2>&1 on namba #####
##### namba plays [E g7 f6] in 4.96s #####
##### Running: /usr/lib/jvm/jdk-14.0.1/bin/java -jar /lab/itti/projects/checkers-competition/server/referee.jar on run_3_namba_vdhankar #####
Move is valid
##### SUCCESS: /usr/lib/jvm/jdk-14.0.1/bin/java -jar /lab/itti/projects/checkers-competition/server/referee.jar on run_3_namba_vdhankar #####
INPUT for vdhankar:
GAME
WHITE
231.364240407944
.b.b.b.b
b.b.b...
.....b.w
..w.w...
.......w
........
.w.w...w
w.w.w.w.
##### Running: /usr/bin/time -o time_3_namba_vdhankar.txt -f "%U" python3 homework.py > stulog.txt 2>&1 on vdhankar #####
child exited with value 1
##### ERROR: /usr/bin/time -o time_3_namba_vdhankar.txt -f "%U" python3 homework.py > stulog.txt 2>&1 on vdhankar #####
##### Output of failed program (stdout + stderr): #####
Traceback (most recent call last):
  File "homework.py", line 546, in <module>
    print(end-start)
NameError: name 'end' is not defined
##### End of output of failed program #####
##### vdhankar plays [J e5 g7] in 1.79679298400879s #####
##### Running: /usr/lib/jvm/jdk-14.0.1/bin/java -jar /lab/itti/projects/checkers-competition/server/referee.jar on run_3_namba_vdhankar #####
Move is valid
##### SUCCESS: /usr/lib/jvm/jdk-14.0.1/bin/java -jar /lab/itti/projects/checkers-competition/server/referee.jar on run_3_namba_vdhankar #####
INPUT for namba:
GAME
BLACK
237.55
.b.b.b.b
b.b.b.w.
.......w
..w.....
.......w
........
.w.w...w
w.w.w.w.
##### Running: /usr/bin/time -o time_3_namba_vdhankar.txt -f "%U" python3 homework.py > stulog.txt 2>&1 on namba #####
##### SUCCESS: /usr/bin/time -o time_3_namba_vdhankar.txt -f "%U" python3 homework.py > stulog.txt 2>&1 on namba #####
##### namba plays [J h8 f6] in 0.07s #####
##### Running: /usr/lib/jvm/jdk-14.0.1/bin/java -jar /lab/itti/projects/checkers-competition/server/referee.jar on run_3_namba_vdhankar #####
Move is valid
##### SUCCESS: /usr/lib/jvm/jdk-14.0.1/bin/java -jar /lab/itti/projects/checkers-competition/server/referee.jar on run_3_namba_vdhankar #####
INPUT for vdhankar:
GAME
WHITE
229.567447423935
.b.b.b..
b.b.b...
.....b.w
..w.....
.......w
........
.w.w...w
w.w.w.w.
##### Running: /usr/bin/time -o time_3_namba_vdhankar.txt -f "%U" python3 homework.py > stulog.txt 2>&1 on vdhankar #####
child exited with value 1
##### ERROR: /usr/bin/time -o time_3_namba_vdhankar.txt -f "%U" python3 homework.py > stulog.txt 2>&1 on vdhankar #####
##### Output of failed program (stdout + stderr): #####
Traceback (most recent call last):
  File "homework.py", line 546, in <module>
    print(end-start)
NameError: name 'end' is not defined
##### End of output of failed program #####
##### vdhankar plays [E g1 f2] in 12.2106471061707s #####
##### Running: /usr/lib/jvm/jdk-14.0.1/bin/java -jar /lab/itti/projects/checkers-competition/server/referee.jar on run_3_namba_vdhankar #####
Move is valid
##### SUCCESS: /usr/lib/jvm/jdk-14.0.1/bin/java -jar /lab/itti/projects/checkers-competition/server/referee.jar on run_3_namba_vdhankar #####
INPUT for namba:
GAME
BLACK
237.48
.b.b.b..
b.b.b...
.....b.w
..w.....
.......w
........
.w.w.w.w
w.w.w...
##### Running: /usr/bin/time -o time_3_namba_vdhankar.txt -f "%U" python3 homework.py > stulog.txt 2>&1 on namba #####
##### SUCCESS: /usr/bin/time -o time_3_namba_vdhankar.txt -f "%U" python3 homework.py > stulog.txt 2>&1 on namba #####
##### namba plays [E f6 e5] in 5.81s #####
##### Running: /usr/lib/jvm/jdk-14.0.1/bin/java -jar /lab/itti/projects/checkers-competition/server/referee.jar on run_3_namba_vdhankar #####
Move is valid
##### SUCCESS: /usr/lib/jvm/jdk-14.0.1/bin/java -jar /lab/itti/projects/checkers-competition/server/referee.jar on run_3_namba_vdhankar #####
INPUT for vdhankar:
GAME
WHITE
217.356800317764
.b.b.b..
b.b.b...
.......w
..w.b...
.......w
........
.w.w.w.w
w.w.w...
##### Running: /usr/bin/time -o time_3_namba_vdhankar.txt -f "%U" python3 homework.py > stulog.txt 2>&1 on vdhankar #####
child exited with value 1
##### ERROR: /usr/bin/time -o time_3_namba_vdhankar.txt -f "%U" python3 homework.py > stulog.txt 2>&1 on vdhankar #####
##### Output of failed program (stdout + stderr): #####
Traceback (most recent call last):
  File "homework.py", line 546, in <module>
    print(end-start)
NameError: name 'end' is not defined
##### End of output of failed program #####
##### vdhankar plays [E h2 g3] in 14.6112768650055s #####
##### Running: /usr/lib/jvm/jdk-14.0.1/bin/java -jar /lab/itti/projects/checkers-competition/server/referee.jar on run_3_namba_vdhankar #####
Move is valid
##### SUCCESS: /usr/lib/jvm/jdk-14.0.1/bin/java -jar /lab/itti/projects/checkers-competition/server/referee.jar on run_3_namba_vdhankar #####
INPUT for namba:
GAME
BLACK
231.67
.b.b.b..
b.b.b...
.......w
..w.b...
.......w
......w.
.w.w.w..
w.w.w...
##### Running: /usr/bin/time -o time_3_namba_vdhankar.txt -f "%U" python3 homework.py > stulog.txt 2>&1 on namba #####
##### SUCCESS: /usr/bin/time -o time_3_namba_vdhankar.txt -f "%U" python3 homework.py > stulog.txt 2>&1 on namba #####
##### namba plays [E e5 d4] in 7.61s #####
##### Running: /usr/lib/jvm/jdk-14.0.1/bin/java -jar /lab/itti/projects/checkers-competition/server/referee.jar on run_3_namba_vdhankar #####
Move is valid
##### SUCCESS: /usr/lib/jvm/jdk-14.0.1/bin/java -jar /lab/itti/projects/checkers-competition/server/referee.jar on run_3_namba_vdhankar #####
INPUT for vdhankar:
GAME
WHITE
202.745523452759
.b.b.b..
b.b.b...
.......w
..w.....
...b...w
......w.
.w.w.w..
w.w.w...
##### Running: /usr/bin/time -o time_3_namba_vdhankar.txt -f "%U" python3 homework.py > stulog.txt 2>&1 on vdhankar #####
child exited with value 1
##### ERROR: /usr/bin/time -o time_3_namba_vdhankar.txt -f "%U" python3 homework.py > stulog.txt 2>&1 on vdhankar #####
##### Output of failed program (stdout + stderr): #####
Traceback (most recent call last):
  File "homework.py", line 546, in <module>
    print(end-start)
NameError: name 'end' is not defined
##### End of output of failed program #####
##### vdhankar plays [E d2 e3] in 6.1465528011322s #####
##### Running: /usr/lib/jvm/jdk-14.0.1/bin/java -jar /lab/itti/projects/checkers-competition/server/referee.jar on run_3_namba_vdhankar #####
Move is valid
##### SUCCESS: /usr/lib/jvm/jdk-14.0.1/bin/java -jar /lab/itti/projects/checkers-competition/server/referee.jar on run_3_namba_vdhankar #####
INPUT for namba:
GAME
BLACK
224.06
.b.b.b..
b.b.b...
.......w
..w.....
...b...w
....w.w.
.w...w..
w.w.w...
##### Running: /usr/bin/time -o time_3_namba_vdhankar.txt -f "%U" python3 homework.py > stulog.txt 2>&1 on namba #####
##### SUCCESS: /usr/bin/time -o time_3_namba_vdhankar.txt -f "%U" python3 homework.py > stulog.txt 2>&1 on namba #####
##### namba plays [E d4 c3] in 3.83s #####
##### Running: /usr/lib/jvm/jdk-14.0.1/bin/java -jar /lab/itti/projects/checkers-competition/server/referee.jar on run_3_namba_vdhankar #####
Move is valid
##### SUCCESS: /usr/lib/jvm/jdk-14.0.1/bin/java -jar /lab/itti/projects/checkers-competition/server/referee.jar on run_3_namba_vdhankar #####
INPUT for vdhankar:
GAME
WHITE
196.598970651627
.b.b.b..
b.b.b...
.......w
..w.....
.......w
..b.w.w.
.w...w..
w.w.w...
##### Running: /usr/bin/time -o time_3_namba_vdhankar.txt -f "%U" python3 homework.py > stulog.txt 2>&1 on vdhankar #####
child exited with value 1
##### ERROR: /usr/bin/time -o time_3_namba_vdhankar.txt -f "%U" python3 homework.py > stulog.txt 2>&1 on vdhankar #####
##### Output of failed program (stdout + stderr): #####
Traceback (most recent call last):
  File "homework.py", line 546, in <module>
    print(end-start)
NameError: name 'end' is not defined
##### End of output of failed program #####
##### vdhankar plays [J b2 d4] in 2.17377591133118s #####
##### Running: /usr/lib/jvm/jdk-14.0.1/bin/java -jar /lab/itti/projects/checkers-competition/server/referee.jar on run_3_namba_vdhankar #####
Move is valid
##### SUCCESS: /usr/lib/jvm/jdk-14.0.1/bin/java -jar /lab/itti/projects/checkers-competition/server/referee.jar on run_3_namba_vdhankar #####
INPUT for namba:
GAME
BLACK
220.23
.b.b.b..
b.b.b...
.......w
..w.....
...w...w
....w.w.
.....w..
w.w.w...
##### Running: /usr/bin/time -o time_3_namba_vdhankar.txt -f "%U" python3 homework.py > stulog.txt 2>&1 on namba #####
##### SUCCESS: /usr/bin/time -o time_3_namba_vdhankar.txt -f "%U" python3 homework.py > stulog.txt 2>&1 on namba #####
##### namba plays [E e7 f6] in 4.34s #####
##### Running: /usr/lib/jvm/jdk-14.0.1/bin/java -jar /lab/itti/projects/checkers-competition/server/referee.jar on run_3_namba_vdhankar #####
Move is valid
##### SUCCESS: /usr/lib/jvm/jdk-14.0.1/bin/java -jar /lab/itti/projects/checkers-competition/server/referee.jar on run_3_namba_vdhankar #####
INPUT for vdhankar:
GAME
WHITE
194.425194740295
.b.b.b..
b.b.....
.....b.w
..w.....
...w...w
....w.w.
.....w..
w.w.w...
##### Running: /usr/bin/time -o time_3_namba_vdhankar.txt -f "%U" python3 homework.py > stulog.txt 2>&1 on vdhankar #####
child exited with value 1
##### ERROR: /usr/bin/time -o time_3_namba_vdhankar.txt -f "%U" python3 homework.py > stulog.txt 2>&1 on vdhankar #####
##### Output of failed program (stdout + stderr): #####
Traceback (most recent call last):
  File "homework.py", line 546, in <module>
    print(end-start)
NameError: name 'end' is not defined
##### End of output of failed program #####
##### vdhankar plays [E e3 f4] in 5.57839107513428s #####
##### Running: /usr/lib/jvm/jdk-14.0.1/bin/java -jar /lab/itti/projects/checkers-competition/server/referee.jar on run_3_namba_vdhankar #####
Move is valid
##### SUCCESS: /usr/lib/jvm/jdk-14.0.1/bin/java -jar /lab/itti/projects/checkers-competition/server/referee.jar on run_3_namba_vdhankar #####
INPUT for namba:
GAME
BLACK
215.89
.b.b.b..
b.b.....
.....b.w
..w.....
...w.w.w
......w.
.....w..
w.w.w...
##### Running: /usr/bin/time -o time_3_namba_vdhankar.txt -f "%U" python3 homework.py > stulog.txt 2>&1 on namba #####
##### SUCCESS: /usr/bin/time -o time_3_namba_vdhankar.txt -f "%U" python3 homework.py > stulog.txt 2>&1 on namba #####
##### namba plays [E f6 e5] in 5.32s #####
##### Running: /usr/lib/jvm/jdk-14.0.1/bin/java -jar /lab/itti/projects/checkers-competition/server/referee.jar on run_3_namba_vdhankar #####
Move is valid
##### SUCCESS: /usr/lib/jvm/jdk-14.0.1/bin/java -jar /lab/itti/projects/checkers-competition/server/referee.jar on run_3_namba_vdhankar #####
INPUT for vdhankar:
GAME
WHITE
188.846803665161
.b.b.b..
b.b.....
.......w
..w.b...
...w.w.w
......w.
.....w..
w.w.w...
##### Running: /usr/bin/time -o time_3_namba_vdhankar.txt -f "%U" python3 homework.py > stulog.txt 2>&1 on vdhankar #####
child exited with value 1
##### ERROR: /usr/bin/time -o time_3_namba_vdhankar.txt -f "%U" python3 homework.py > stulog.txt 2>&1 on vdhankar #####
##### Output of failed program (stdout + stderr): #####
Traceback (most recent call last):
  File "homework.py", line 546, in <module>
    print(end-start)
NameError: name 'end' is not defined
##### End of output of failed program #####
##### vdhankar plays [J d4 f6] in 2.80531811714172s #####
##### Running: /usr/lib/jvm/jdk-14.0.1/bin/java -jar /lab/itti/projects/checkers-competition/server/referee.jar on run_3_namba_vdhankar #####
Move is valid
##### SUCCESS: /usr/lib/jvm/jdk-14.0.1/bin/java -jar /lab/itti/projects/checkers-competition/server/referee.jar on run_3_namba_vdhankar #####
INPUT for namba:
GAME
BLACK
210.57
.b.b.b..
b.b.....
.....w.w
..w.....
.....w.w
......w.
.....w..
w.w.w...
##### Running: /usr/bin/time -o time_3_namba_vdhankar.txt -f "%U" python3 homework.py > stulog.txt 2>&1 on namba #####
##### SUCCESS: /usr/bin/time -o time_3_namba_vdhankar.txt -f "%U" python3 homework.py > stulog.txt 2>&1 on namba #####
##### namba plays [E c7 b6] in 3.79s #####
##### Running: /usr/lib/jvm/jdk-14.0.1/bin/java -jar /lab/itti/projects/checkers-competition/server/referee.jar on run_3_namba_vdhankar #####
Move is valid
##### SUCCESS: /usr/lib/jvm/jdk-14.0.1/bin/java -jar /lab/itti/projects/checkers-competition/server/referee.jar on run_3_namba_vdhankar #####
INPUT for vdhankar:
GAME
WHITE
186.041485548019
.b.b.b..
b.......
.b...w.w
..w.....
.....w.w
......w.
.....w..
w.w.w...
##### Running: /usr/bin/time -o time_3_namba_vdhankar.txt -f "%U" python3 homework.py > stulog.txt 2>&1 on vdhankar #####
child exited with value 1
##### ERROR: /usr/bin/time -o time_3_namba_vdhankar.txt -f "%U" python3 homework.py > stulog.txt 2>&1 on vdhankar #####
##### Output of failed program (stdout + stderr): #####
Traceback (most recent call last):
  File "homework.py", line 546, in <module>
    print(end-start)
NameError: name 'end' is not defined
##### End of output of failed program #####
##### vdhankar plays [E c5 d6] in 8.85575485229492s #####
##### Running: /usr/lib/jvm/jdk-14.0.1/bin/java -jar /lab/itti/projects/checkers-competition/server/referee.jar on run_3_namba_vdhankar #####
Move is valid
##### SUCCESS: /usr/lib/jvm/jdk-14.0.1/bin/java -jar /lab/itti/projects/checkers-competition/server/referee.jar on run_3_namba_vdhankar #####
INPUT for namba:
GAME
BLACK
206.78
.b.b.b..
b.......
.b.w.w.w
........
.....w.w
......w.
.....w..
w.w.w...
##### Running: /usr/bin/time -o time_3_namba_vdhankar.txt -f "%U" python3 homework.py > stulog.txt 2>&1 on namba #####
##### SUCCESS: /usr/bin/time -o time_3_namba_vdhankar.txt -f "%U" python3 homework.py > stulog.txt 2>&1 on namba #####
##### namba plays [E b6 a5] in 3.57s #####
##### Running: /usr/lib/jvm/jdk-14.0.1/bin/java -jar /lab/itti/projects/checkers-competition/server/referee.jar on run_3_namba_vdhankar #####
Move is valid
##### SUCCESS: /usr/lib/jvm/jdk-14.0.1/bin/java -jar /lab/itti/projects/checkers-competition/server/referee.jar on run_3_namba_vdhankar #####
INPUT for vdhankar:
GAME
WHITE
177.185730695724
.b.b.b..
b.......
...w.w.w
b.......
.....w.w
......w.
.....w..
w.w.w...
##### Running: /usr/bin/time -o time_3_namba_vdhankar.txt -f "%U" python3 homework.py > stulog.txt 2>&1 on vdhankar #####
child exited with value 1
##### ERROR: /usr/bin/time -o time_3_namba_vdhankar.txt -f "%U" python3 homework.py > stulog.txt 2>&1 on vdhankar #####
##### Output of failed program (stdout + stderr): #####
Traceback (most recent call last):
  File "homework.py", line 546, in <module>
    print(end-start)
NameError: name 'end' is not defined
##### End of output of failed program #####
##### vdhankar plays [E e1 d2] in 16.0651168823242s #####
##### Running: /usr/lib/jvm/jdk-14.0.1/bin/java -jar /lab/itti/projects/checkers-competition/server/referee.jar on run_3_namba_vdhankar #####
Move is valid
##### SUCCESS: /usr/lib/jvm/jdk-14.0.1/bin/java -jar /lab/itti/projects/checkers-competition/server/referee.jar on run_3_namba_vdhankar #####
INPUT for namba:
GAME
BLACK
203.21
.b.b.b..
b.......
...w.w.w
b.......
.....w.w
......w.
...w.w..
w.w.....
##### Running: /usr/bin/time -o time_3_namba_vdhankar.txt -f "%U" python3 homework.py > stulog.txt 2>&1 on namba #####
##### SUCCESS: /usr/bin/time -o time_3_namba_vdhankar.txt -f "%U" python3 homework.py > stulog.txt 2>&1 on namba #####
##### namba plays [E a5 b4] in 5.05s #####
##### Running: /usr/lib/jvm/jdk-14.0.1/bin/java -jar /lab/itti/projects/checkers-competition/server/referee.jar on run_3_namba_vdhankar #####
Move is valid
##### SUCCESS: /usr/lib/jvm/jdk-14.0.1/bin/java -jar /lab/itti/projects/checkers-competition/server/referee.jar on run_3_namba_vdhankar #####
INPUT for vdhankar:
GAME
WHITE
161.1206138134
.b.b.b..
b.......
...w.w.w
........
.b...w.w
......w.
...w.w..
w.w.....
##### Running: /usr/bin/time -o time_3_namba_vdhankar.txt -f "%U" python3 homework.py > stulog.txt 2>&1 on vdhankar #####
child exited with value 1
##### ERROR: /usr/bin/time -o time_3_namba_vdhankar.txt -f "%U" python3 homework.py > stulog.txt 2>&1 on vdhankar #####
##### Output of failed program (stdout + stderr): #####
Traceback (most recent call last):
  File "homework.py", line 546, in <module>
    print(end-start)
NameError: name 'end' is not defined
##### End of output of failed program #####
##### vdhankar plays [E f2 e3] in 22.2054040431976s #####
##### Running: /usr/lib/jvm/jdk-14.0.1/bin/java -jar /lab/itti/projects/checkers-competition/server/referee.jar on run_3_namba_vdhankar #####
Move is valid
##### SUCCESS: /usr/lib/jvm/jdk-14.0.1/bin/java -jar /lab/itti/projects/checkers-competition/server/referee.jar on run_3_namba_vdhankar #####
INPUT for namba:
GAME
BLACK
198.16
.b.b.b..
b.......
...w.w.w
........
.b...w.w
....w.w.
...w....
w.w.....
##### Running: /usr/bin/time -o time_3_namba_vdhankar.txt -f "%U" python3 homework.py > stulog.txt 2>&1 on namba #####
##### SUCCESS: /usr/bin/time -o time_3_namba_vdhankar.txt -f "%U" python3 homework.py > stulog.txt 2>&1 on namba #####
##### namba plays [E b4 a3] in 9.32s #####
##### Running: /usr/lib/jvm/jdk-14.0.1/bin/java -jar /lab/itti/projects/checkers-competition/server/referee.jar on run_3_namba_vdhankar #####
Move is valid
##### SUCCESS: /usr/lib/jvm/jdk-14.0.1/bin/java -jar /lab/itti/projects/checkers-competition/server/referee.jar on run_3_namba_vdhankar #####
INPUT for vdhankar:
GAME
WHITE
138.915209770203
.b.b.b..
b.......
...w.w.w
........
.....w.w
b...w.w.
...w....
w.w.....
##### Running: /usr/bin/time -o time_3_namba_vdhankar.txt -f "%U" python3 homework.py > stulog.txt 2>&1 on vdhankar #####
child exited with value 1
##### ERROR: /usr/bin/time -o time_3_namba_vdhankar.txt -f "%U" python3 homework.py > stulog.txt 2>&1 on vdhankar #####
##### Output of failed program (stdout + stderr): #####
Traceback (most recent call last):
  File "homework.py", line 546, in <module>
    print(end-start)
NameError: name 'end' is not defined
##### End of output of failed program #####
##### vdhankar plays [E a1 b2] in 12.0068299770355s #####
##### Running: /usr/lib/jvm/jdk-14.0.1/bin/java -jar /lab/itti/projects/checkers-competition/server/referee.jar on run_3_namba_vdhankar #####
Move is valid
##### SUCCESS: /usr/lib/jvm/jdk-14.0.1/bin/java -jar /lab/itti/projects/checkers-competition/server/referee.jar on run_3_namba_vdhankar #####
INPUT for namba:
GAME
BLACK
188.84
.b.b.b..
b.......
...w.w.w
........
.....w.w
b...w.w.
.w.w....
..w.....
##### Running: /usr/bin/time -o time_3_namba_vdhankar.txt -f "%U" python3 homework.py > stulog.txt 2>&1 on namba #####
##### SUCCESS: /usr/bin/time -o time_3_namba_vdhankar.txt -f "%U" python3 homework.py > stulog.txt 2>&1 on namba #####
##### namba plays [E a7 b6] in 2.94s #####
##### Running: /usr/lib/jvm/jdk-14.0.1/bin/java -jar /lab/itti/projects/checkers-competition/server/referee.jar on run_3_namba_vdhankar #####
Move is valid
##### SUCCESS: /usr/lib/jvm/jdk-14.0.1/bin/java -jar /lab/itti/projects/checkers-competition/server/referee.jar on run_3_namba_vdhankar #####
INPUT for vdhankar:
GAME
WHITE
126.908379793167
.b.b.b..
........
.b.w.w.w
........
.....w.w
b...w.w.
.w.w....
..w.....
##### Running: /usr/bin/time -o time_3_namba_vdhankar.txt -f "%U" python3 homework.py > stulog.txt 2>&1 on vdhankar #####
child exited with value 1
##### ERROR: /usr/bin/time -o time_3_namba_vdhankar.txt -f "%U" python3 homework.py > stulog.txt 2>&1 on vdhankar #####
##### Output of failed program (stdout + stderr): #####
Traceback (most recent call last):
  File "homework.py", line 546, in <module>
    print(end-start)
NameError: name 'end' is not defined
##### End of output of failed program #####
##### vdhankar plays [E d2 c3] in 16.1756629943848s #####
##### Running: /usr/lib/jvm/jdk-14.0.1/bin/java -jar /lab/itti/projects/checkers-competition/server/referee.jar on run_3_namba_vdhankar #####
Move is valid
##### SUCCESS: /usr/lib/jvm/jdk-14.0.1/bin/java -jar /lab/itti/projects/checkers-competition/server/referee.jar on run_3_namba_vdhankar #####
INPUT for namba:
GAME
BLACK
185.9
.b.b.b..
........
.b.w.w.w
........
.....w.w
b.w.w.w.
.w......
..w.....
##### Running: /usr/bin/time -o time_3_namba_vdhankar.txt -f "%U" python3 homework.py > stulog.txt 2>&1 on namba #####
##### SUCCESS: /usr/bin/time -o time_3_namba_vdhankar.txt -f "%U" python3 homework.py > stulog.txt 2>&1 on namba #####
##### namba plays [E b6 a5] in 3.04s #####
##### Running: /usr/lib/jvm/jdk-14.0.1/bin/java -jar /lab/itti/projects/checkers-competition/server/referee.jar on run_3_namba_vdhankar #####
Move is valid
##### SUCCESS: /usr/lib/jvm/jdk-14.0.1/bin/java -jar /lab/itti/projects/checkers-competition/server/referee.jar on run_3_namba_vdhankar #####
INPUT for vdhankar:
GAME
WHITE
110.732716798782
.b.b.b..
........
...w.w.w
b.......
.....w.w
b.w.w.w.
.w......
..w.....
##### Running: /usr/bin/time -o time_3_namba_vdhankar.txt -f "%U" python3 homework.py > stulog.txt 2>&1 on vdhankar #####
child exited with value 1
##### ERROR: /usr/bin/time -o time_3_namba_vdhankar.txt -f "%U" python3 homework.py > stulog.txt 2>&1 on vdhankar #####
##### Output of failed program (stdout + stderr): #####
Traceback (most recent call last):
  File "homework.py", line 546, in <module>
    print(end-start)
NameError: name 'end' is not defined
##### End of output of failed program #####
##### vdhankar plays [E e3 d4] in 7.27515912055969s #####
##### Running: /usr/lib/jvm/jdk-14.0.1/bin/java -jar /lab/itti/projects/checkers-competition/server/referee.jar on run_3_namba_vdhankar #####
Move is valid
##### SUCCESS: /usr/lib/jvm/jdk-14.0.1/bin/java -jar /lab/itti/projects/checkers-competition/server/referee.jar on run_3_namba_vdhankar #####
INPUT for namba:
GAME
BLACK
182.86
.b.b.b..
........
...w.w.w
b.......
...w.w.w
b.w...w.
.w......
..w.....
##### Running: /usr/bin/time -o time_3_namba_vdhankar.txt -f "%U" python3 homework.py > stulog.txt 2>&1 on namba #####
##### SUCCESS: /usr/bin/time -o time_3_namba_vdhankar.txt -f "%U" python3 homework.py > stulog.txt 2>&1 on namba #####
##### namba plays [E a5 b4] in 5.74s #####
##### Running: /usr/lib/jvm/jdk-14.0.1/bin/java -jar /lab/itti/projects/checkers-competition/server/referee.jar on run_3_namba_vdhankar #####
Move is valid
##### SUCCESS: /usr/lib/jvm/jdk-14.0.1/bin/java -jar /lab/itti/projects/checkers-competition/server/referee.jar on run_3_namba_vdhankar #####
INPUT for vdhankar:
GAME
WHITE
103.457557678223
.b.b.b..
........
...w.w.w
........
.b.w.w.w
b.w...w.
.w......
..w.....
##### Running: /usr/bin/time -o time_3_namba_vdhankar.txt -f "%U" python3 homework.py > stulog.txt 2>&1 on vdhankar #####
child exited with value 1
##### ERROR: /usr/bin/time -o time_3_namba_vdhankar.txt -f "%U" python3 homework.py > stulog.txt 2>&1 on vdhankar #####
##### Output of failed program (stdout + stderr): #####
Traceback (most recent call last):
  File "homework.py", line 546, in <module>
    print(end-start)
NameError: name 'end' is not defined
##### End of output of failed program #####
##### vdhankar plays [J c3 a5] in 1.31082105636597s #####
##### Running: /usr/lib/jvm/jdk-14.0.1/bin/java -jar /lab/itti/projects/checkers-competition/server/referee.jar on run_3_namba_vdhankar #####
Move is valid
##### SUCCESS: /usr/lib/jvm/jdk-14.0.1/bin/java -jar /lab/itti/projects/checkers-competition/server/referee.jar on run_3_namba_vdhankar #####
INPUT for namba:
GAME
BLACK
177.12
.b.b.b..
........
...w.w.w
w.......
...w.w.w
b.....w.
.w......
..w.....
##### Running: /usr/bin/time -o time_3_namba_vdhankar.txt -f "%U" python3 homework.py > stulog.txt 2>&1 on namba #####
##### SUCCESS: /usr/bin/time -o time_3_namba_vdhankar.txt -f "%U" python3 homework.py > stulog.txt 2>&1 on namba #####
##### namba plays [E f8 e7] in 3.46s #####
##### Running: /usr/lib/jvm/jdk-14.0.1/bin/java -jar /lab/itti/projects/checkers-competition/server/referee.jar on run_3_namba_vdhankar #####
Move is valid
##### SUCCESS: /usr/lib/jvm/jdk-14.0.1/bin/java -jar /lab/itti/projects/checkers-competition/server/referee.jar on run_3_namba_vdhankar #####
INPUT for vdhankar:
GAME
WHITE
102.146736621857
.b.b....
....b...
...w.w.w
w.......
...w.w.w
b.....w.
.w......
..w.....
##### Running: /usr/bin/time -o time_3_namba_vdhankar.txt -f "%U" python3 homework.py > stulog.txt 2>&1 on vdhankar #####
child exited with value 1
##### ERROR: /usr/bin/time -o time_3_namba_vdhankar.txt -f "%U" python3 homework.py > stulog.txt 2>&1 on vdhankar #####
##### Output of failed program (stdout + stderr): #####
Traceback (most recent call last):
  File "homework.py", line 546, in <module>
    print(end-start)
NameError: name 'end' is not defined
##### End of output of failed program #####
##### vdhankar plays [J d6 f8] in 0.931587934494019s #####
##### Running: /usr/lib/jvm/jdk-14.0.1/bin/java -jar /lab/itti/projects/checkers-competition/server/referee.jar on run_3_namba_vdhankar #####
Move is valid
##### SUCCESS: /usr/lib/jvm/jdk-14.0.1/bin/java -jar /lab/itti/projects/checkers-competition/server/referee.jar on run_3_namba_vdhankar #####
INPUT for namba:
GAME
BLACK
173.66
.b.b.W..
........
.....w.w
w.......
...w.w.w
b.....w.
.w......
..w.....
##### Running: /usr/bin/time -o time_3_namba_vdhankar.txt -f "%U" python3 homework.py > stulog.txt 2>&1 on namba #####
##### SUCCESS: /usr/bin/time -o time_3_namba_vdhankar.txt -f "%U" python3 homework.py > stulog.txt 2>&1 on namba #####
##### namba plays [E d8 c7] in 5.65s #####
##### Running: /usr/lib/jvm/jdk-14.0.1/bin/java -jar /lab/itti/projects/checkers-competition/server/referee.jar on run_3_namba_vdhankar #####
Move is valid
##### SUCCESS: /usr/lib/jvm/jdk-14.0.1/bin/java -jar /lab/itti/projects/checkers-competition/server/referee.jar on run_3_namba_vdhankar #####
INPUT for vdhankar:
GAME
WHITE
101.215148687363
.b...W..
..b.....
.....w.w
w.......
...w.w.w
b.....w.
.w......
..w.....
##### Running: /usr/bin/time -o time_3_namba_vdhankar.txt -f "%U" python3 homework.py > stulog.txt 2>&1 on vdhankar #####
child exited with value 1
##### ERROR: /usr/bin/time -o time_3_namba_vdhankar.txt -f "%U" python3 homework.py > stulog.txt 2>&1 on vdhankar #####
##### Output of failed program (stdout + stderr): #####
Traceback (most recent call last):
  File "homework.py", line 546, in <module>
    print(end-start)
NameError: name 'end' is not defined
##### End of output of failed program #####
##### vdhankar plays [E d4 c5] in 1.48718309402466s #####
##### Running: /usr/lib/jvm/jdk-14.0.1/bin/java -jar /lab/itti/projects/checkers-competition/server/referee.jar on run_3_namba_vdhankar #####
Move is valid
##### SUCCESS: /usr/lib/jvm/jdk-14.0.1/bin/java -jar /lab/itti/projects/checkers-competition/server/referee.jar on run_3_namba_vdhankar #####
INPUT for namba:
GAME
BLACK
168.01
.b...W..
..b.....
.....w.w
w.w.....
.....w.w
b.....w.
.w......
..w.....
##### Running: /usr/bin/time -o time_3_namba_vdhankar.txt -f "%U" python3 homework.py > stulog.txt 2>&1 on namba #####
##### SUCCESS: /usr/bin/time -o time_3_namba_vdhankar.txt -f "%U" python3 homework.py > stulog.txt 2>&1 on namba #####
##### namba plays [E c7 b6] in 4.98s #####
##### Running: /usr/lib/jvm/jdk-14.0.1/bin/java -jar /lab/itti/projects/checkers-competition/server/referee.jar on run_3_namba_vdhankar #####
Move is valid
##### SUCCESS: /usr/lib/jvm/jdk-14.0.1/bin/java -jar /lab/itti/projects/checkers-competition/server/referee.jar on run_3_namba_vdhankar #####
INPUT for vdhankar:
GAME
WHITE
99.727965593338
.b...W..
........
.b...w.w
w.w.....
.....w.w
b.....w.
.w......
..w.....
##### Running: /usr/bin/time -o time_3_namba_vdhankar.txt -f "%U" python3 homework.py > stulog.txt 2>&1 on vdhankar #####
child exited with value 1
##### ERROR: /usr/bin/time -o time_3_namba_vdhankar.txt -f "%U" python3 homework.py > stulog.txt 2>&1 on vdhankar #####
##### Output of failed program (stdout + stderr): #####
Traceback (most recent call last):
  File "homework.py", line 546, in <module>
    print(end-start)
NameError: name 'end' is not defined
##### End of output of failed program #####
##### vdhankar plays [J a5 c7] in 0.205174922943115s #####
##### Running: /usr/lib/jvm/jdk-14.0.1/bin/java -jar /lab/itti/projects/checkers-competition/server/referee.jar on run_3_namba_vdhankar #####
Move is valid
##### SUCCESS: /usr/lib/jvm/jdk-14.0.1/bin/java -jar /lab/itti/projects/checkers-competition/server/referee.jar on run_3_namba_vdhankar #####
INPUT for namba:
GAME
BLACK
163.03
.b...W..
..w.....
.....w.w
..w.....
.....w.w
b.....w.
.w......
..w.....
##### Running: /usr/bin/time -o time_3_namba_vdhankar.txt -f "%U" python3 homework.py > stulog.txt 2>&1 on namba #####
##### SUCCESS: /usr/bin/time -o time_3_namba_vdhankar.txt -f "%U" python3 homework.py > stulog.txt 2>&1 on namba #####
##### namba plays [J b8 d6 ; J d6 b4] in 0.06s #####
##### Running: /usr/lib/jvm/jdk-14.0.1/bin/java -jar /lab/itti/projects/checkers-competition/server/referee.jar on run_3_namba_vdhankar #####
Move is valid
##### SUCCESS: /usr/lib/jvm/jdk-14.0.1/bin/java -jar /lab/itti/projects/checkers-competition/server/referee.jar on run_3_namba_vdhankar #####
INPUT for vdhankar:
GAME
WHITE
99.5227906703949
.....W..
........
.....w.w
........
.b...w.w
b.....w.
.w......
..w.....
##### Running: /usr/bin/time -o time_3_namba_vdhankar.txt -f "%U" python3 homework.py > stulog.txt 2>&1 on vdhankar #####
child exited with value 1
##### ERROR: /usr/bin/time -o time_3_namba_vdhankar.txt -f "%U" python3 homework.py > stulog.txt 2>&1 on vdhankar #####
##### Output of failed program (stdout + stderr): #####
Traceback (most recent call last):
  File "homework.py", line 546, in <module>
    print(end-start)
NameError: name 'end' is not defined
##### End of output of failed program #####
##### vdhankar plays [E f8 e7] in 0.20617413520813s #####
##### Running: /usr/lib/jvm/jdk-14.0.1/bin/java -jar /lab/itti/projects/checkers-competition/server/referee.jar on run_3_namba_vdhankar #####
Move is valid
##### SUCCESS: /usr/lib/jvm/jdk-14.0.1/bin/java -jar /lab/itti/projects/checkers-competition/server/referee.jar on run_3_namba_vdhankar #####
INPUT for namba:
GAME
BLACK
162.97
........
....W...
.....w.w
........
.b...w.w
b.....w.
.w......
..w.....
##### Running: /usr/bin/time -o time_3_namba_vdhankar.txt -f "%U" python3 homework.py > stulog.txt 2>&1 on namba #####
##### SUCCESS: /usr/bin/time -o time_3_namba_vdhankar.txt -f "%U" python3 homework.py > stulog.txt 2>&1 on namba #####
##### namba plays [E b4 c3] in 3.18s #####
##### Running: /usr/lib/jvm/jdk-14.0.1/bin/java -jar /lab/itti/projects/checkers-competition/server/referee.jar on run_3_namba_vdhankar #####
Move is valid
##### SUCCESS: /usr/lib/jvm/jdk-14.0.1/bin/java -jar /lab/itti/projects/checkers-competition/server/referee.jar on run_3_namba_vdhankar #####
INPUT for vdhankar:
GAME
WHITE
99.3166165351868
........
....W...
.....w.w
........
.....w.w
b.b...w.
.w......
..w.....
##### Running: /usr/bin/time -o time_3_namba_vdhankar.txt -f "%U" python3 homework.py > stulog.txt 2>&1 on vdhankar #####
child exited with value 1
##### ERROR: /usr/bin/time -o time_3_namba_vdhankar.txt -f "%U" python3 homework.py > stulog.txt 2>&1 on vdhankar #####
##### Output of failed program (stdout + stderr): #####
Traceback (most recent call last):
  File "homework.py", line 546, in <module>
    print(end-start)
NameError: name 'end' is not defined
##### End of output of failed program #####
##### vdhankar plays [J b2 d4] in 0.212424993515015s #####
##### Running: /usr/lib/jvm/jdk-14.0.1/bin/java -jar /lab/itti/projects/checkers-competition/server/referee.jar on run_3_namba_vdhankar #####
Move is valid
##### SUCCESS: /usr/lib/jvm/jdk-14.0.1/bin/java -jar /lab/itti/projects/checkers-competition/server/referee.jar on run_3_namba_vdhankar #####
INPUT for namba:
GAME
BLACK
159.79
........
....W...
.....w.w
........
...w.w.w
b.....w.
........
..w.....
##### Running: /usr/bin/time -o time_3_namba_vdhankar.txt -f "%U" python3 homework.py > stulog.txt 2>&1 on namba #####
##### SUCCESS: /usr/bin/time -o time_3_namba_vdhankar.txt -f "%U" python3 homework.py > stulog.txt 2>&1 on namba #####
##### namba plays [E a3 b2] in 3.49s #####
##### Running: /usr/lib/jvm/jdk-14.0.1/bin/java -jar /lab/itti/projects/checkers-competition/server/referee.jar on run_3_namba_vdhankar #####
Move is valid
##### SUCCESS: /usr/lib/jvm/jdk-14.0.1/bin/java -jar /lab/itti/projects/checkers-competition/server/referee.jar on run_3_namba_vdhankar #####
INPUT for vdhankar:
GAME
WHITE
99.1041915416718
........
....W...
.....w.w
........
...w.w.w
......w.
.b......
..w.....
##### Running: /usr/bin/time -o time_3_namba_vdhankar.txt -f "%U" python3 homework.py > stulog.txt 2>&1 on vdhankar #####
child exited with value 1
##### ERROR: /usr/bin/time -o time_3_namba_vdhankar.txt -f "%U" python3 homework.py > stulog.txt 2>&1 on vdhankar #####
##### Output of failed program (stdout + stderr): #####
Traceback (most recent call last):
  File "homework.py", line 546, in <module>
    print(end-start)
NameError: name 'end' is not defined
##### End of output of failed program #####
##### vdhankar plays [J c1 a3] in 0.213706016540527s #####
##### Running: /usr/lib/jvm/jdk-14.0.1/bin/java -jar /lab/itti/projects/checkers-competition/server/referee.jar on run_3_namba_vdhankar #####
Move is valid
After this move, player BLACK cannot make any moves
*** Winner: WHITE ***
##### SUCCESS: /usr/lib/jvm/jdk-14.0.1/bin/java -jar /lab/itti/projects/checkers-competition/server/referee.jar on run_3_namba_vdhankar #####
##### GAME OVER: vdhankar wins the game! #####
Server said: WIN
########## ROUND 3 GAMESCORE AFTER GAME 4: namba=0 and vdhankar=4 ##########


########## GRAND WINNER ROUND 3 IS vdhankar BY 4 vs 0 GAMESCORE ##########
