#################### ROUND 3: vdhankar (B) vs vijjappu (W): game 1 ####################
##### game start! #####
INPUT for vdhankar:
GAME
BLACK
300
.b.b.b.b
b.b.b.b.
.b.b.b.b
........
........
w.w.w.w.
.w.w.w.w
w.w.w.w.
##### Running: /usr/bin/time -o time_3_vdhankar_vijjappu.txt -f "%U" python3 homework.py > stulog.txt 2>&1 on vdhankar #####
child exited with value 1
##### ERROR: /usr/bin/time -o time_3_vdhankar_vijjappu.txt -f "%U" python3 homework.py > stulog.txt 2>&1 on vdhankar #####
##### Output of failed program (stdout + stderr): #####
Traceback (most recent call last):
  File "homework.py", line 546, in <module>
    print(end-start)
NameError: name 'end' is not defined
##### End of output of failed program #####
##### vdhankar plays [E h6 g5] in 12.6244218349457s #####
##### Running: /usr/lib/jvm/jdk-14.0.1/bin/java -jar /lab/itti/projects/checkers-competition/server/referee.jar on run_3_vdhankar_vijjappu #####
Move is valid
Couldn't read file 'current_ply.txt'
Couldn't read content from file 'current_ply.txt'
Couldn't read file 'lastmatchange_ply.txt'
Couldn't read content from file 'lastmatchange_ply.txt'
##### SUCCESS: /usr/lib/jvm/jdk-14.0.1/bin/java -jar /lab/itti/projects/checkers-competition/server/referee.jar on run_3_vdhankar_vijjappu #####
INPUT for vijjappu:
GAME
WHITE
300
.b.b.b.b
b.b.b.b.
.b.b.b..
......b.
........
w.w.w.w.
.w.w.w.w
w.w.w.w.
##### Running: /usr/bin/time -o time_3_vdhankar_vijjappu.txt -f "%U" python3 homework.py > stulog.txt 2>&1 on vijjappu #####
##### SUCCESS: /usr/bin/time -o time_3_vdhankar_vijjappu.txt -f "%U" python3 homework.py > stulog.txt 2>&1 on vijjappu #####
##### vijjappu plays [E c3 b4] in 9.33s #####
##### Running: /usr/lib/jvm/jdk-14.0.1/bin/java -jar /lab/itti/projects/checkers-competition/server/referee.jar on run_3_vdhankar_vijjappu #####
Move is valid
##### SUCCESS: /usr/lib/jvm/jdk-14.0.1/bin/java -jar /lab/itti/projects/checkers-competition/server/referee.jar on run_3_vdhankar_vijjappu #####
INPUT for vdhankar:
GAME
BLACK
287.375578165054
.b.b.b.b
b.b.b.b.
.b.b.b..
......b.
.w......
w...w.w.
.w.w.w.w
w.w.w.w.
##### Running: /usr/bin/time -o time_3_vdhankar_vijjappu.txt -f "%U" python3 homework.py > stulog.txt 2>&1 on vdhankar #####
child exited with value 1
##### ERROR: /usr/bin/time -o time_3_vdhankar_vijjappu.txt -f "%U" python3 homework.py > stulog.txt 2>&1 on vdhankar #####
##### Output of failed program (stdout + stderr): #####
Traceback (most recent call last):
  File "homework.py", line 546, in <module>
    print(end-start)
NameError: name 'end' is not defined
##### End of output of failed program #####
##### vdhankar plays [E g5 h4] in 11.8822450637817s #####
##### Running: /usr/lib/jvm/jdk-14.0.1/bin/java -jar /lab/itti/projects/checkers-competition/server/referee.jar on run_3_vdhankar_vijjappu #####
Move is valid
##### SUCCESS: /usr/lib/jvm/jdk-14.0.1/bin/java -jar /lab/itti/projects/checkers-competition/server/referee.jar on run_3_vdhankar_vijjappu #####
INPUT for vijjappu:
GAME
WHITE
290.67
.b.b.b.b
b.b.b.b.
.b.b.b..
........
.w.....b
w...w.w.
.w.w.w.w
w.w.w.w.
##### Running: /usr/bin/time -o time_3_vdhankar_vijjappu.txt -f "%U" python3 homework.py > stulog.txt 2>&1 on vijjappu #####
##### SUCCESS: /usr/bin/time -o time_3_vdhankar_vijjappu.txt -f "%U" python3 homework.py > stulog.txt 2>&1 on vijjappu #####
##### vijjappu plays [E d2 c3] in 11.05s #####
##### Running: /usr/lib/jvm/jdk-14.0.1/bin/java -jar /lab/itti/projects/checkers-competition/server/referee.jar on run_3_vdhankar_vijjappu #####
Move is valid
##### SUCCESS: /usr/lib/jvm/jdk-14.0.1/bin/java -jar /lab/itti/projects/checkers-competition/server/referee.jar on run_3_vdhankar_vijjappu #####
INPUT for vdhankar:
GAME
BLACK
275.493333101273
.b.b.b.b
b.b.b.b.
.b.b.b..
........
.w.....b
w.w.w.w.
.w...w.w
w.w.w.w.
##### Running: /usr/bin/time -o time_3_vdhankar_vijjappu.txt -f "%U" python3 homework.py > stulog.txt 2>&1 on vdhankar #####
child exited with value 1
##### ERROR: /usr/bin/time -o time_3_vdhankar_vijjappu.txt -f "%U" python3 homework.py > stulog.txt 2>&1 on vdhankar #####
##### Output of failed program (stdout + stderr): #####
Traceback (most recent call last):
  File "homework.py", line 546, in <module>
    print(end-start)
NameError: name 'end' is not defined
##### End of output of failed program #####
##### vdhankar plays [E b6 a5] in 9.09242987632751s #####
##### Running: /usr/lib/jvm/jdk-14.0.1/bin/java -jar /lab/itti/projects/checkers-competition/server/referee.jar on run_3_vdhankar_vijjappu #####
Move is valid
##### SUCCESS: /usr/lib/jvm/jdk-14.0.1/bin/java -jar /lab/itti/projects/checkers-competition/server/referee.jar on run_3_vdhankar_vijjappu #####
INPUT for vijjappu:
GAME
WHITE
279.62
.b.b.b.b
b.b.b.b.
...b.b..
b.......
.w.....b
w.w.w.w.
.w...w.w
w.w.w.w.
##### Running: /usr/bin/time -o time_3_vdhankar_vijjappu.txt -f "%U" python3 homework.py > stulog.txt 2>&1 on vijjappu #####
##### SUCCESS: /usr/bin/time -o time_3_vdhankar_vijjappu.txt -f "%U" python3 homework.py > stulog.txt 2>&1 on vijjappu #####
##### vijjappu plays [E c3 d4] in 5.71s #####
##### Running: /usr/lib/jvm/jdk-14.0.1/bin/java -jar /lab/itti/projects/checkers-competition/server/referee.jar on run_3_vdhankar_vijjappu #####
Move is valid
##### SUCCESS: /usr/lib/jvm/jdk-14.0.1/bin/java -jar /lab/itti/projects/checkers-competition/server/referee.jar on run_3_vdhankar_vijjappu #####
INPUT for vdhankar:
GAME
BLACK
266.400903224945
.b.b.b.b
b.b.b.b.
...b.b..
b.......
.w.w...b
w...w.w.
.w...w.w
w.w.w.w.
##### Running: /usr/bin/time -o time_3_vdhankar_vijjappu.txt -f "%U" python3 homework.py > stulog.txt 2>&1 on vdhankar #####
child exited with value 1
##### ERROR: /usr/bin/time -o time_3_vdhankar_vijjappu.txt -f "%U" python3 homework.py > stulog.txt 2>&1 on vdhankar #####
##### Output of failed program (stdout + stderr): #####
Traceback (most recent call last):
  File "homework.py", line 546, in <module>
    print(end-start)
NameError: name 'end' is not defined
##### End of output of failed program #####
##### vdhankar plays [J a5 c3] in 3.48238587379456s #####
##### Running: /usr/lib/jvm/jdk-14.0.1/bin/java -jar /lab/itti/projects/checkers-competition/server/referee.jar on run_3_vdhankar_vijjappu #####
Move is valid
##### SUCCESS: /usr/lib/jvm/jdk-14.0.1/bin/java -jar /lab/itti/projects/checkers-competition/server/referee.jar on run_3_vdhankar_vijjappu #####
INPUT for vijjappu:
GAME
WHITE
273.91
.b.b.b.b
b.b.b.b.
...b.b..
........
...w...b
w.b.w.w.
.w...w.w
w.w.w.w.
##### Running: /usr/bin/time -o time_3_vdhankar_vijjappu.txt -f "%U" python3 homework.py > stulog.txt 2>&1 on vijjappu #####
##### SUCCESS: /usr/bin/time -o time_3_vdhankar_vijjappu.txt -f "%U" python3 homework.py > stulog.txt 2>&1 on vijjappu #####
##### vijjappu plays [E e1 d2] in 7.07s #####
##### Running: /usr/lib/jvm/jdk-14.0.1/bin/java -jar /lab/itti/projects/checkers-competition/server/referee.jar on run_3_vdhankar_vijjappu #####
Move is valid
##### SUCCESS: /usr/lib/jvm/jdk-14.0.1/bin/java -jar /lab/itti/projects/checkers-competition/server/referee.jar on run_3_vdhankar_vijjappu #####
INPUT for vdhankar:
GAME
BLACK
262.918517351151
.b.b.b.b
b.b.b.b.
...b.b..
........
...w...b
w.b.w.w.
.w.w.w.w
w.w...w.
##### Running: /usr/bin/time -o time_3_vdhankar_vijjappu.txt -f "%U" python3 homework.py > stulog.txt 2>&1 on vdhankar #####
child exited with value 1
##### ERROR: /usr/bin/time -o time_3_vdhankar_vijjappu.txt -f "%U" python3 homework.py > stulog.txt 2>&1 on vdhankar #####
##### Output of failed program (stdout + stderr): #####
Traceback (most recent call last):
  File "homework.py", line 546, in <module>
    print(end-start)
NameError: name 'end' is not defined
##### End of output of failed program #####
##### vdhankar plays [J c3 e1] in 3.49071907997131s #####
##### Running: /usr/lib/jvm/jdk-14.0.1/bin/java -jar /lab/itti/projects/checkers-competition/server/referee.jar on run_3_vdhankar_vijjappu #####
Move is valid
##### SUCCESS: /usr/lib/jvm/jdk-14.0.1/bin/java -jar /lab/itti/projects/checkers-competition/server/referee.jar on run_3_vdhankar_vijjappu #####
INPUT for vijjappu:
GAME
WHITE
266.84
.b.b.b.b
b.b.b.b.
...b.b..
........
...w...b
w...w.w.
.w...w.w
w.w.B.w.
##### Running: /usr/bin/time -o time_3_vdhankar_vijjappu.txt -f "%U" python3 homework.py > stulog.txt 2>&1 on vijjappu #####
##### SUCCESS: /usr/bin/time -o time_3_vdhankar_vijjappu.txt -f "%U" python3 homework.py > stulog.txt 2>&1 on vijjappu #####
##### vijjappu plays [E c1 d2] in 7.41s #####
##### Running: /usr/lib/jvm/jdk-14.0.1/bin/java -jar /lab/itti/projects/checkers-competition/server/referee.jar on run_3_vdhankar_vijjappu #####
Move is valid
##### SUCCESS: /usr/lib/jvm/jdk-14.0.1/bin/java -jar /lab/itti/projects/checkers-competition/server/referee.jar on run_3_vdhankar_vijjappu #####
INPUT for vdhankar:
GAME
BLACK
259.427798271179
.b.b.b.b
b.b.b.b.
...b.b..
........
...w...b
w...w.w.
.w.w.w.w
w...B.w.
##### Running: /usr/bin/time -o time_3_vdhankar_vijjappu.txt -f "%U" python3 homework.py > stulog.txt 2>&1 on vdhankar #####
child exited with value 1
##### ERROR: /usr/bin/time -o time_3_vdhankar_vijjappu.txt -f "%U" python3 homework.py > stulog.txt 2>&1 on vdhankar #####
##### Output of failed program (stdout + stderr): #####
Traceback (most recent call last):
  File "homework.py", line 546, in <module>
    print(end-start)
NameError: name 'end' is not defined
##### End of output of failed program #####
##### vdhankar plays [J e1 c3 ; J c3 e5] in 1.30306506156921s #####
##### Running: /usr/lib/jvm/jdk-14.0.1/bin/java -jar /lab/itti/projects/checkers-competition/server/referee.jar on run_3_vdhankar_vijjappu #####
Move is valid
##### SUCCESS: /usr/lib/jvm/jdk-14.0.1/bin/java -jar /lab/itti/projects/checkers-competition/server/referee.jar on run_3_vdhankar_vijjappu #####
INPUT for vijjappu:
GAME
WHITE
259.43
.b.b.b.b
b.b.b.b.
...b.b..
....B...
.......b
w...w.w.
.w...w.w
w.....w.
##### Running: /usr/bin/time -o time_3_vdhankar_vijjappu.txt -f "%U" python3 homework.py > stulog.txt 2>&1 on vijjappu #####
##### SUCCESS: /usr/bin/time -o time_3_vdhankar_vijjappu.txt -f "%U" python3 homework.py > stulog.txt 2>&1 on vijjappu #####
##### vijjappu plays [E g3 f4] in 4.71s #####
##### Running: /usr/lib/jvm/jdk-14.0.1/bin/java -jar /lab/itti/projects/checkers-competition/server/referee.jar on run_3_vdhankar_vijjappu #####
Move is valid
##### SUCCESS: /usr/lib/jvm/jdk-14.0.1/bin/java -jar /lab/itti/projects/checkers-competition/server/referee.jar on run_3_vdhankar_vijjappu #####
INPUT for vdhankar:
GAME
BLACK
258.12473320961
.b.b.b.b
b.b.b.b.
...b.b..
....B...
.....w.b
w...w...
.w...w.w
w.....w.
##### Running: /usr/bin/time -o time_3_vdhankar_vijjappu.txt -f "%U" python3 homework.py > stulog.txt 2>&1 on vdhankar #####
child exited with value 1
##### ERROR: /usr/bin/time -o time_3_vdhankar_vijjappu.txt -f "%U" python3 homework.py > stulog.txt 2>&1 on vdhankar #####
##### Output of failed program (stdout + stderr): #####
Traceback (most recent call last):
  File "homework.py", line 546, in <module>
    print(end-start)
NameError: name 'end' is not defined
##### End of output of failed program #####
##### vdhankar plays [J e5 g3 ; J g3 e1] in 8.20881009101868s #####
##### Running: /usr/lib/jvm/jdk-14.0.1/bin/java -jar /lab/itti/projects/checkers-competition/server/referee.jar on run_3_vdhankar_vijjappu #####
Move is valid
##### SUCCESS: /usr/lib/jvm/jdk-14.0.1/bin/java -jar /lab/itti/projects/checkers-competition/server/referee.jar on run_3_vdhankar_vijjappu #####
INPUT for vijjappu:
GAME
WHITE
254.72
.b.b.b.b
b.b.b.b.
...b.b..
........
.......b
w...w...
.w.....w
w...B.w.
##### Running: /usr/bin/time -o time_3_vdhankar_vijjappu.txt -f "%U" python3 homework.py > stulog.txt 2>&1 on vijjappu #####
##### SUCCESS: /usr/bin/time -o time_3_vdhankar_vijjappu.txt -f "%U" python3 homework.py > stulog.txt 2>&1 on vijjappu #####
##### vijjappu plays [E g1 f2] in 4.56s #####
##### Running: /usr/lib/jvm/jdk-14.0.1/bin/java -jar /lab/itti/projects/checkers-competition/server/referee.jar on run_3_vdhankar_vijjappu #####
Move is valid
##### SUCCESS: /usr/lib/jvm/jdk-14.0.1/bin/java -jar /lab/itti/projects/checkers-competition/server/referee.jar on run_3_vdhankar_vijjappu #####
INPUT for vdhankar:
GAME
BLACK
249.915923118591
.b.b.b.b
b.b.b.b.
...b.b..
........
.......b
w...w...
.w...w.w
w...B...
##### Running: /usr/bin/time -o time_3_vdhankar_vijjappu.txt -f "%U" python3 homework.py > stulog.txt 2>&1 on vdhankar #####
child exited with value 1
##### ERROR: /usr/bin/time -o time_3_vdhankar_vijjappu.txt -f "%U" python3 homework.py > stulog.txt 2>&1 on vdhankar #####
##### Output of failed program (stdout + stderr): #####
Traceback (most recent call last):
  File "homework.py", line 546, in <module>
    print(end-start)
NameError: name 'end' is not defined
##### End of output of failed program #####
##### vdhankar plays [J e1 g3] in 1.62923216819763s #####
##### Running: /usr/lib/jvm/jdk-14.0.1/bin/java -jar /lab/itti/projects/checkers-competition/server/referee.jar on run_3_vdhankar_vijjappu #####
Move is valid
##### SUCCESS: /usr/lib/jvm/jdk-14.0.1/bin/java -jar /lab/itti/projects/checkers-competition/server/referee.jar on run_3_vdhankar_vijjappu #####
INPUT for vijjappu:
GAME
WHITE
250.16
.b.b.b.b
b.b.b.b.
...b.b..
........
.......b
w...w.B.
.w.....w
w.......
##### Running: /usr/bin/time -o time_3_vdhankar_vijjappu.txt -f "%U" python3 homework.py > stulog.txt 2>&1 on vijjappu #####
##### SUCCESS: /usr/bin/time -o time_3_vdhankar_vijjappu.txt -f "%U" python3 homework.py > stulog.txt 2>&1 on vijjappu #####
##### vijjappu plays [J h2 f4] in 7.96s #####
##### Running: /usr/lib/jvm/jdk-14.0.1/bin/java -jar /lab/itti/projects/checkers-competition/server/referee.jar on run_3_vdhankar_vijjappu #####
Move is valid
##### SUCCESS: /usr/lib/jvm/jdk-14.0.1/bin/java -jar /lab/itti/projects/checkers-competition/server/referee.jar on run_3_vdhankar_vijjappu #####
INPUT for vdhankar:
GAME
BLACK
248.286690950394
.b.b.b.b
b.b.b.b.
...b.b..
........
.....w.b
w...w...
.w......
w.......
##### Running: /usr/bin/time -o time_3_vdhankar_vijjappu.txt -f "%U" python3 homework.py > stulog.txt 2>&1 on vdhankar #####
child exited with value 1
##### ERROR: /usr/bin/time -o time_3_vdhankar_vijjappu.txt -f "%U" python3 homework.py > stulog.txt 2>&1 on vdhankar #####
##### Output of failed program (stdout + stderr): #####
Traceback (most recent call last):
  File "homework.py", line 546, in <module>
    print(end-start)
NameError: name 'end' is not defined
##### End of output of failed program #####
##### vdhankar plays [E f6 e5] in 12.4762411117554s #####
##### Running: /usr/lib/jvm/jdk-14.0.1/bin/java -jar /lab/itti/projects/checkers-competition/server/referee.jar on run_3_vdhankar_vijjappu #####
Move is valid
##### SUCCESS: /usr/lib/jvm/jdk-14.0.1/bin/java -jar /lab/itti/projects/checkers-competition/server/referee.jar on run_3_vdhankar_vijjappu #####
INPUT for vijjappu:
GAME
WHITE
242.2
.b.b.b.b
b.b.b.b.
...b....
....b...
.....w.b
w...w...
.w......
w.......
##### Running: /usr/bin/time -o time_3_vdhankar_vijjappu.txt -f "%U" python3 homework.py > stulog.txt 2>&1 on vijjappu #####
##### SUCCESS: /usr/bin/time -o time_3_vdhankar_vijjappu.txt -f "%U" python3 homework.py > stulog.txt 2>&1 on vijjappu #####
##### vijjappu plays [E f4 g5] in 8.3s #####
##### Running: /usr/lib/jvm/jdk-14.0.1/bin/java -jar /lab/itti/projects/checkers-competition/server/referee.jar on run_3_vdhankar_vijjappu #####
Move is valid
##### SUCCESS: /usr/lib/jvm/jdk-14.0.1/bin/java -jar /lab/itti/projects/checkers-competition/server/referee.jar on run_3_vdhankar_vijjappu #####
INPUT for vdhankar:
GAME
BLACK
235.810449838638
.b.b.b.b
b.b.b.b.
...b....
....b.w.
.......b
w...w...
.w......
w.......
##### Running: /usr/bin/time -o time_3_vdhankar_vijjappu.txt -f "%U" python3 homework.py > stulog.txt 2>&1 on vdhankar #####
child exited with value 1
##### ERROR: /usr/bin/time -o time_3_vdhankar_vijjappu.txt -f "%U" python3 homework.py > stulog.txt 2>&1 on vdhankar #####
##### Output of failed program (stdout + stderr): #####
Traceback (most recent call last):
  File "homework.py", line 546, in <module>
    print(end-start)
NameError: name 'end' is not defined
##### End of output of failed program #####
##### vdhankar plays [E h4 g3] in 7.81324410438538s #####
##### Running: /usr/lib/jvm/jdk-14.0.1/bin/java -jar /lab/itti/projects/checkers-competition/server/referee.jar on run_3_vdhankar_vijjappu #####
Move is valid
##### SUCCESS: /usr/lib/jvm/jdk-14.0.1/bin/java -jar /lab/itti/projects/checkers-competition/server/referee.jar on run_3_vdhankar_vijjappu #####
INPUT for vijjappu:
GAME
WHITE
233.9
.b.b.b.b
b.b.b.b.
...b....
....b.w.
........
w...w.b.
.w......
w.......
##### Running: /usr/bin/time -o time_3_vdhankar_vijjappu.txt -f "%U" python3 homework.py > stulog.txt 2>&1 on vijjappu #####
##### SUCCESS: /usr/bin/time -o time_3_vdhankar_vijjappu.txt -f "%U" python3 homework.py > stulog.txt 2>&1 on vijjappu #####
##### vijjappu plays [E g5 f6] in 9.08s #####
##### Running: /usr/lib/jvm/jdk-14.0.1/bin/java -jar /lab/itti/projects/checkers-competition/server/referee.jar on run_3_vdhankar_vijjappu #####
Move is valid
##### SUCCESS: /usr/lib/jvm/jdk-14.0.1/bin/java -jar /lab/itti/projects/checkers-competition/server/referee.jar on run_3_vdhankar_vijjappu #####
INPUT for vdhankar:
GAME
BLACK
227.997205734253
.b.b.b.b
b.b.b.b.
...b.w..
....b...
........
w...w.b.
.w......
w.......
##### Running: /usr/bin/time -o time_3_vdhankar_vijjappu.txt -f "%U" python3 homework.py > stulog.txt 2>&1 on vdhankar #####
child exited with value 1
##### ERROR: /usr/bin/time -o time_3_vdhankar_vijjappu.txt -f "%U" python3 homework.py > stulog.txt 2>&1 on vdhankar #####
##### Output of failed program (stdout + stderr): #####
Traceback (most recent call last):
  File "homework.py", line 546, in <module>
    print(end-start)
NameError: name 'end' is not defined
##### End of output of failed program #####
##### vdhankar plays [J e7 g5] in 2.27161622047424s #####
##### Running: /usr/lib/jvm/jdk-14.0.1/bin/java -jar /lab/itti/projects/checkers-competition/server/referee.jar on run_3_vdhankar_vijjappu #####
Move is valid
##### SUCCESS: /usr/lib/jvm/jdk-14.0.1/bin/java -jar /lab/itti/projects/checkers-competition/server/referee.jar on run_3_vdhankar_vijjappu #####
INPUT for vijjappu:
GAME
WHITE
224.82
.b.b.b.b
b.b...b.
...b....
....b.b.
........
w...w.b.
.w......
w.......
##### Running: /usr/bin/time -o time_3_vdhankar_vijjappu.txt -f "%U" python3 homework.py > stulog.txt 2>&1 on vijjappu #####
##### SUCCESS: /usr/bin/time -o time_3_vdhankar_vijjappu.txt -f "%U" python3 homework.py > stulog.txt 2>&1 on vijjappu #####
##### vijjappu plays [E e3 f4] in 5.21s #####
##### Running: /usr/lib/jvm/jdk-14.0.1/bin/java -jar /lab/itti/projects/checkers-competition/server/referee.jar on run_3_vdhankar_vijjappu #####
Move is valid
##### SUCCESS: /usr/lib/jvm/jdk-14.0.1/bin/java -jar /lab/itti/projects/checkers-competition/server/referee.jar on run_3_vdhankar_vijjappu #####
INPUT for vdhankar:
GAME
BLACK
225.725589513779
.b.b.b.b
b.b...b.
...b....
....b.b.
.....w..
w.....b.
.w......
w.......
##### Running: /usr/bin/time -o time_3_vdhankar_vijjappu.txt -f "%U" python3 homework.py > stulog.txt 2>&1 on vdhankar #####
child exited with value 1
##### ERROR: /usr/bin/time -o time_3_vdhankar_vijjappu.txt -f "%U" python3 homework.py > stulog.txt 2>&1 on vdhankar #####
##### Output of failed program (stdout + stderr): #####
Traceback (most recent call last):
  File "homework.py", line 546, in <module>
    print(end-start)
NameError: name 'end' is not defined
##### End of output of failed program #####
##### vdhankar plays [J g5 e3] in 4.91551113128662s #####
##### Running: /usr/lib/jvm/jdk-14.0.1/bin/java -jar /lab/itti/projects/checkers-competition/server/referee.jar on run_3_vdhankar_vijjappu #####
Move is valid
##### SUCCESS: /usr/lib/jvm/jdk-14.0.1/bin/java -jar /lab/itti/projects/checkers-competition/server/referee.jar on run_3_vdhankar_vijjappu #####
INPUT for vijjappu:
GAME
WHITE
219.61
.b.b.b.b
b.b...b.
...b....
....b...
........
w...b.b.
.w......
w.......
##### Running: /usr/bin/time -o time_3_vdhankar_vijjappu.txt -f "%U" python3 homework.py > stulog.txt 2>&1 on vijjappu #####
##### SUCCESS: /usr/bin/time -o time_3_vdhankar_vijjappu.txt -f "%U" python3 homework.py > stulog.txt 2>&1 on vijjappu #####
##### vijjappu plays [E b2 c3] in 6.44s #####
##### Running: /usr/lib/jvm/jdk-14.0.1/bin/java -jar /lab/itti/projects/checkers-competition/server/referee.jar on run_3_vdhankar_vijjappu #####
Move is valid
##### SUCCESS: /usr/lib/jvm/jdk-14.0.1/bin/java -jar /lab/itti/projects/checkers-competition/server/referee.jar on run_3_vdhankar_vijjappu #####
INPUT for vdhankar:
GAME
BLACK
220.810078382492
.b.b.b.b
b.b...b.
...b....
....b...
........
w.w.b.b.
........
w.......
##### Running: /usr/bin/time -o time_3_vdhankar_vijjappu.txt -f "%U" python3 homework.py > stulog.txt 2>&1 on vdhankar #####
child exited with value 1
##### ERROR: /usr/bin/time -o time_3_vdhankar_vijjappu.txt -f "%U" python3 homework.py > stulog.txt 2>&1 on vdhankar #####
##### Output of failed program (stdout + stderr): #####
Traceback (most recent call last):
  File "homework.py", line 546, in <module>
    print(end-start)
NameError: name 'end' is not defined
##### End of output of failed program #####
##### vdhankar plays [E g3 h2] in 16.4176049232483s #####
##### Running: /usr/lib/jvm/jdk-14.0.1/bin/java -jar /lab/itti/projects/checkers-competition/server/referee.jar on run_3_vdhankar_vijjappu #####
Move is valid
##### SUCCESS: /usr/lib/jvm/jdk-14.0.1/bin/java -jar /lab/itti/projects/checkers-competition/server/referee.jar on run_3_vdhankar_vijjappu #####
INPUT for vijjappu:
GAME
WHITE
213.17
.b.b.b.b
b.b...b.
...b....
....b...
........
w.w.b...
.......b
w.......
##### Running: /usr/bin/time -o time_3_vdhankar_vijjappu.txt -f "%U" python3 homework.py > stulog.txt 2>&1 on vijjappu #####
##### SUCCESS: /usr/bin/time -o time_3_vdhankar_vijjappu.txt -f "%U" python3 homework.py > stulog.txt 2>&1 on vijjappu #####
##### vijjappu plays [E c3 d4] in 5.72s #####
##### Running: /usr/lib/jvm/jdk-14.0.1/bin/java -jar /lab/itti/projects/checkers-competition/server/referee.jar on run_3_vdhankar_vijjappu #####
Move is valid
##### SUCCESS: /usr/lib/jvm/jdk-14.0.1/bin/java -jar /lab/itti/projects/checkers-competition/server/referee.jar on run_3_vdhankar_vijjappu #####
INPUT for vdhankar:
GAME
BLACK
204.392473459244
.b.b.b.b
b.b...b.
...b....
....b...
...w....
w...b...
.......b
w.......
##### Running: /usr/bin/time -o time_3_vdhankar_vijjappu.txt -f "%U" python3 homework.py > stulog.txt 2>&1 on vdhankar #####
child exited with value 1
##### ERROR: /usr/bin/time -o time_3_vdhankar_vijjappu.txt -f "%U" python3 homework.py > stulog.txt 2>&1 on vdhankar #####
##### Output of failed program (stdout + stderr): #####
Traceback (most recent call last):
  File "homework.py", line 546, in <module>
    print(end-start)
NameError: name 'end' is not defined
##### End of output of failed program #####
##### vdhankar plays [J e5 c3] in 0.337878942489624s #####
##### Running: /usr/lib/jvm/jdk-14.0.1/bin/java -jar /lab/itti/projects/checkers-competition/server/referee.jar on run_3_vdhankar_vijjappu #####
Move is valid
##### SUCCESS: /usr/lib/jvm/jdk-14.0.1/bin/java -jar /lab/itti/projects/checkers-competition/server/referee.jar on run_3_vdhankar_vijjappu #####
INPUT for vijjappu:
GAME
WHITE
207.45
.b.b.b.b
b.b...b.
...b....
........
........
w.b.b...
.......b
w.......
##### Running: /usr/bin/time -o time_3_vdhankar_vijjappu.txt -f "%U" python3 homework.py > stulog.txt 2>&1 on vijjappu #####
##### SUCCESS: /usr/bin/time -o time_3_vdhankar_vijjappu.txt -f "%U" python3 homework.py > stulog.txt 2>&1 on vijjappu #####
##### vijjappu plays [E a3 b4] in 5.1s #####
##### Running: /usr/lib/jvm/jdk-14.0.1/bin/java -jar /lab/itti/projects/checkers-competition/server/referee.jar on run_3_vdhankar_vijjappu #####
Move is valid
##### SUCCESS: /usr/lib/jvm/jdk-14.0.1/bin/java -jar /lab/itti/projects/checkers-competition/server/referee.jar on run_3_vdhankar_vijjappu #####
INPUT for vdhankar:
GAME
BLACK
204.054594516754
.b.b.b.b
b.b...b.
...b....
........
.w......
..b.b...
.......b
w.......
##### Running: /usr/bin/time -o time_3_vdhankar_vijjappu.txt -f "%U" python3 homework.py > stulog.txt 2>&1 on vdhankar #####
child exited with value 1
##### ERROR: /usr/bin/time -o time_3_vdhankar_vijjappu.txt -f "%U" python3 homework.py > stulog.txt 2>&1 on vdhankar #####
##### Output of failed program (stdout + stderr): #####
Traceback (most recent call last):
  File "homework.py", line 546, in <module>
    print(end-start)
NameError: name 'end' is not defined
##### End of output of failed program #####
##### vdhankar plays [E d8 e7] in 0.332028865814209s #####
##### Running: /usr/lib/jvm/jdk-14.0.1/bin/java -jar /lab/itti/projects/checkers-competition/server/referee.jar on run_3_vdhankar_vijjappu #####
Move is valid
##### SUCCESS: /usr/lib/jvm/jdk-14.0.1/bin/java -jar /lab/itti/projects/checkers-competition/server/referee.jar on run_3_vdhankar_vijjappu #####
INPUT for vijjappu:
GAME
WHITE
202.35
.b...b.b
b.b.b.b.
...b....
........
.w......
..b.b...
.......b
w.......
##### Running: /usr/bin/time -o time_3_vdhankar_vijjappu.txt -f "%U" python3 homework.py > stulog.txt 2>&1 on vijjappu #####
##### SUCCESS: /usr/bin/time -o time_3_vdhankar_vijjappu.txt -f "%U" python3 homework.py > stulog.txt 2>&1 on vijjappu #####
##### vijjappu plays [E b4 c5] in 6.4s #####
##### Running: /usr/lib/jvm/jdk-14.0.1/bin/java -jar /lab/itti/projects/checkers-competition/server/referee.jar on run_3_vdhankar_vijjappu #####
Move is valid
##### SUCCESS: /usr/lib/jvm/jdk-14.0.1/bin/java -jar /lab/itti/projects/checkers-competition/server/referee.jar on run_3_vdhankar_vijjappu #####
INPUT for vdhankar:
GAME
BLACK
203.72256565094
.b...b.b
b.b.b.b.
...b....
..w.....
........
..b.b...
.......b
w.......
##### Running: /usr/bin/time -o time_3_vdhankar_vijjappu.txt -f "%U" python3 homework.py > stulog.txt 2>&1 on vdhankar #####
child exited with value 1
##### ERROR: /usr/bin/time -o time_3_vdhankar_vijjappu.txt -f "%U" python3 homework.py > stulog.txt 2>&1 on vdhankar #####
##### Output of failed program (stdout + stderr): #####
Traceback (most recent call last):
  File "homework.py", line 546, in <module>
    print(end-start)
NameError: name 'end' is not defined
##### End of output of failed program #####
##### vdhankar plays [J d6 b4] in 0.326759099960327s #####
##### Running: /usr/lib/jvm/jdk-14.0.1/bin/java -jar /lab/itti/projects/checkers-competition/server/referee.jar on run_3_vdhankar_vijjappu #####
Move is valid
##### SUCCESS: /usr/lib/jvm/jdk-14.0.1/bin/java -jar /lab/itti/projects/checkers-competition/server/referee.jar on run_3_vdhankar_vijjappu #####
INPUT for vijjappu:
GAME
WHITE
195.95
.b...b.b
b.b.b.b.
........
........
.b......
..b.b...
.......b
w.......
##### Running: /usr/bin/time -o time_3_vdhankar_vijjappu.txt -f "%U" python3 homework.py > stulog.txt 2>&1 on vijjappu #####
##### SUCCESS: /usr/bin/time -o time_3_vdhankar_vijjappu.txt -f "%U" python3 homework.py > stulog.txt 2>&1 on vijjappu #####
##### vijjappu plays [E a1 b2] in 3.37s #####
##### Running: /usr/lib/jvm/jdk-14.0.1/bin/java -jar /lab/itti/projects/checkers-competition/server/referee.jar on run_3_vdhankar_vijjappu #####
Move is valid
##### SUCCESS: /usr/lib/jvm/jdk-14.0.1/bin/java -jar /lab/itti/projects/checkers-competition/server/referee.jar on run_3_vdhankar_vijjappu #####
INPUT for vdhankar:
GAME
BLACK
203.39580655098
.b...b.b
b.b.b.b.
........
........
.b......
..b.b...
.w.....b
........
##### Running: /usr/bin/time -o time_3_vdhankar_vijjappu.txt -f "%U" python3 homework.py > stulog.txt 2>&1 on vdhankar #####
child exited with value 1
##### ERROR: /usr/bin/time -o time_3_vdhankar_vijjappu.txt -f "%U" python3 homework.py > stulog.txt 2>&1 on vdhankar #####
##### Output of failed program (stdout + stderr): #####
Traceback (most recent call last):
  File "homework.py", line 546, in <module>
    print(end-start)
NameError: name 'end' is not defined
##### End of output of failed program #####
##### vdhankar plays [J c3 a1] in 0.445935964584351s #####
##### Running: /usr/lib/jvm/jdk-14.0.1/bin/java -jar /lab/itti/projects/checkers-competition/server/referee.jar on run_3_vdhankar_vijjappu #####
Move is valid
After this move, player WHITE cannot make any moves
*** Winner: BLACK ***
##### SUCCESS: /usr/lib/jvm/jdk-14.0.1/bin/java -jar /lab/itti/projects/checkers-competition/server/referee.jar on run_3_vdhankar_vijjappu #####
##### GAME OVER: vdhankar wins the game! #####
Server said: WIN
########## ROUND 3 GAMESCORE AFTER GAME 1: vdhankar=1 and vijjappu=0 ##########
#################### ROUND 3: vdhankar (W) vs vijjappu (B): game 2 ####################
##### game start! #####
INPUT for vijjappu:
GAME
BLACK
300
.b.b.b.b
b.b.b.b.
.b.b.b.b
........
........
w.w.w.w.
.w.w.w.w
w.w.w.w.
##### Running: /usr/bin/time -o time_3_vdhankar_vijjappu.txt -f "%U" python3 homework.py > stulog.txt 2>&1 on vijjappu #####
##### SUCCESS: /usr/bin/time -o time_3_vdhankar_vijjappu.txt -f "%U" python3 homework.py > stulog.txt 2>&1 on vijjappu #####
##### vijjappu plays [E f6 e5] in 9.42s #####
##### Running: /usr/lib/jvm/jdk-14.0.1/bin/java -jar /lab/itti/projects/checkers-competition/server/referee.jar on run_3_vdhankar_vijjappu #####
Move is valid
Couldn't read file 'current_ply.txt'
Couldn't read content from file 'current_ply.txt'
Couldn't read file 'lastmatchange_ply.txt'
Couldn't read content from file 'lastmatchange_ply.txt'
##### SUCCESS: /usr/lib/jvm/jdk-14.0.1/bin/java -jar /lab/itti/projects/checkers-competition/server/referee.jar on run_3_vdhankar_vijjappu #####
INPUT for vdhankar:
GAME
WHITE
300
.b.b.b.b
b.b.b.b.
.b.b...b
....b...
........
w.w.w.w.
.w.w.w.w
w.w.w.w.
##### Running: /usr/bin/time -o time_3_vdhankar_vijjappu.txt -f "%U" python3 homework.py > stulog.txt 2>&1 on vdhankar #####
child exited with value 1
##### ERROR: /usr/bin/time -o time_3_vdhankar_vijjappu.txt -f "%U" python3 homework.py > stulog.txt 2>&1 on vdhankar #####
##### Output of failed program (stdout + stderr): #####
Traceback (most recent call last):
  File "homework.py", line 546, in <module>
    print(end-start)
NameError: name 'end' is not defined
##### End of output of failed program #####
##### vdhankar plays [E g3 h4] in 9.90763807296753s #####
##### Running: /usr/lib/jvm/jdk-14.0.1/bin/java -jar /lab/itti/projects/checkers-competition/server/referee.jar on run_3_vdhankar_vijjappu #####
Move is valid
##### SUCCESS: /usr/lib/jvm/jdk-14.0.1/bin/java -jar /lab/itti/projects/checkers-competition/server/referee.jar on run_3_vdhankar_vijjappu #####
INPUT for vijjappu:
GAME
BLACK
290.58
.b.b.b.b
b.b.b.b.
.b.b...b
....b...
.......w
w.w.w...
.w.w.w.w
w.w.w.w.
##### Running: /usr/bin/time -o time_3_vdhankar_vijjappu.txt -f "%U" python3 homework.py > stulog.txt 2>&1 on vijjappu #####
##### SUCCESS: /usr/bin/time -o time_3_vdhankar_vijjappu.txt -f "%U" python3 homework.py > stulog.txt 2>&1 on vijjappu #####
##### vijjappu plays [E b6 a5] in 5.96s #####
##### Running: /usr/lib/jvm/jdk-14.0.1/bin/java -jar /lab/itti/projects/checkers-competition/server/referee.jar on run_3_vdhankar_vijjappu #####
Move is valid
##### SUCCESS: /usr/lib/jvm/jdk-14.0.1/bin/java -jar /lab/itti/projects/checkers-competition/server/referee.jar on run_3_vdhankar_vijjappu #####
INPUT for vdhankar:
GAME
WHITE
290.092361927032
.b.b.b.b
b.b.b.b.
...b...b
b...b...
.......w
w.w.w...
.w.w.w.w
w.w.w.w.
##### Running: /usr/bin/time -o time_3_vdhankar_vijjappu.txt -f "%U" python3 homework.py > stulog.txt 2>&1 on vdhankar #####
child exited with value 1
##### ERROR: /usr/bin/time -o time_3_vdhankar_vijjappu.txt -f "%U" python3 homework.py > stulog.txt 2>&1 on vdhankar #####
##### Output of failed program (stdout + stderr): #####
Traceback (most recent call last):
  File "homework.py", line 546, in <module>
    print(end-start)
NameError: name 'end' is not defined
##### End of output of failed program #####
##### vdhankar plays [E h2 g3] in 9.39933109283447s #####
##### Running: /usr/lib/jvm/jdk-14.0.1/bin/java -jar /lab/itti/projects/checkers-competition/server/referee.jar on run_3_vdhankar_vijjappu #####
Move is valid
##### SUCCESS: /usr/lib/jvm/jdk-14.0.1/bin/java -jar /lab/itti/projects/checkers-competition/server/referee.jar on run_3_vdhankar_vijjappu #####
INPUT for vijjappu:
GAME
BLACK
284.62
.b.b.b.b
b.b.b.b.
...b...b
b...b...
.......w
w.w.w.w.
.w.w.w..
w.w.w.w.
##### Running: /usr/bin/time -o time_3_vdhankar_vijjappu.txt -f "%U" python3 homework.py > stulog.txt 2>&1 on vijjappu #####
##### SUCCESS: /usr/bin/time -o time_3_vdhankar_vijjappu.txt -f "%U" python3 homework.py > stulog.txt 2>&1 on vijjappu #####
##### vijjappu plays [E a5 b4] in 5.72s #####
##### Running: /usr/lib/jvm/jdk-14.0.1/bin/java -jar /lab/itti/projects/checkers-competition/server/referee.jar on run_3_vdhankar_vijjappu #####
Move is valid
##### SUCCESS: /usr/lib/jvm/jdk-14.0.1/bin/java -jar /lab/itti/projects/checkers-competition/server/referee.jar on run_3_vdhankar_vijjappu #####
INPUT for vdhankar:
GAME
WHITE
280.693030834198
.b.b.b.b
b.b.b.b.
...b...b
....b...
.b.....w
w.w.w.w.
.w.w.w..
w.w.w.w.
##### Running: /usr/bin/time -o time_3_vdhankar_vijjappu.txt -f "%U" python3 homework.py > stulog.txt 2>&1 on vdhankar #####
child exited with value 1
##### ERROR: /usr/bin/time -o time_3_vdhankar_vijjappu.txt -f "%U" python3 homework.py > stulog.txt 2>&1 on vdhankar #####
##### Output of failed program (stdout + stderr): #####
Traceback (most recent call last):
  File "homework.py", line 546, in <module>
    print(end-start)
NameError: name 'end' is not defined
##### End of output of failed program #####
##### vdhankar plays [J c3 a5] in 5.36760401725769s #####
##### Running: /usr/lib/jvm/jdk-14.0.1/bin/java -jar /lab/itti/projects/checkers-competition/server/referee.jar on run_3_vdhankar_vijjappu #####
Move is valid
##### SUCCESS: /usr/lib/jvm/jdk-14.0.1/bin/java -jar /lab/itti/projects/checkers-competition/server/referee.jar on run_3_vdhankar_vijjappu #####
INPUT for vijjappu:
GAME
BLACK
278.9
.b.b.b.b
b.b.b.b.
...b...b
w...b...
.......w
w...w.w.
.w.w.w..
w.w.w.w.
##### Running: /usr/bin/time -o time_3_vdhankar_vijjappu.txt -f "%U" python3 homework.py > stulog.txt 2>&1 on vijjappu #####
##### SUCCESS: /usr/bin/time -o time_3_vdhankar_vijjappu.txt -f "%U" python3 homework.py > stulog.txt 2>&1 on vijjappu #####
##### vijjappu plays [E e7 f6] in 21.61s #####
##### Running: /usr/lib/jvm/jdk-14.0.1/bin/java -jar /lab/itti/projects/checkers-competition/server/referee.jar on run_3_vdhankar_vijjappu #####
Move is valid
##### SUCCESS: /usr/lib/jvm/jdk-14.0.1/bin/java -jar /lab/itti/projects/checkers-competition/server/referee.jar on run_3_vdhankar_vijjappu #####
INPUT for vdhankar:
GAME
WHITE
275.32542681694
.b.b.b.b
b.b...b.
...b.b.b
w...b...
.......w
w...w.w.
.w.w.w..
w.w.w.w.
##### Running: /usr/bin/time -o time_3_vdhankar_vijjappu.txt -f "%U" python3 homework.py > stulog.txt 2>&1 on vdhankar #####
child exited with value 1
##### ERROR: /usr/bin/time -o time_3_vdhankar_vijjappu.txt -f "%U" python3 homework.py > stulog.txt 2>&1 on vdhankar #####
##### Output of failed program (stdout + stderr): #####
Traceback (most recent call last):
  File "homework.py", line 546, in <module>
    print(end-start)
NameError: name 'end' is not defined
##### End of output of failed program #####
##### vdhankar plays [E b2 c3] in 21.2537889480591s #####
##### Running: /usr/lib/jvm/jdk-14.0.1/bin/java -jar /lab/itti/projects/checkers-competition/server/referee.jar on run_3_vdhankar_vijjappu #####
Move is valid
##### SUCCESS: /usr/lib/jvm/jdk-14.0.1/bin/java -jar /lab/itti/projects/checkers-competition/server/referee.jar on run_3_vdhankar_vijjappu #####
INPUT for vijjappu:
GAME
BLACK
257.29
.b.b.b.b
b.b...b.
...b.b.b
w...b...
.......w
w.w.w.w.
...w.w..
w.w.w.w.
##### Running: /usr/bin/time -o time_3_vdhankar_vijjappu.txt -f "%U" python3 homework.py > stulog.txt 2>&1 on vijjappu #####
##### SUCCESS: /usr/bin/time -o time_3_vdhankar_vijjappu.txt -f "%U" python3 homework.py > stulog.txt 2>&1 on vijjappu #####
##### vijjappu plays [E a7 b6] in 5.43s #####
##### Running: /usr/lib/jvm/jdk-14.0.1/bin/java -jar /lab/itti/projects/checkers-competition/server/referee.jar on run_3_vdhankar_vijjappu #####
Move is valid
##### SUCCESS: /usr/lib/jvm/jdk-14.0.1/bin/java -jar /lab/itti/projects/checkers-competition/server/referee.jar on run_3_vdhankar_vijjappu #####
INPUT for vdhankar:
GAME
WHITE
254.071637868881
.b.b.b.b
..b...b.
.b.b.b.b
w...b...
.......w
w.w.w.w.
...w.w..
w.w.w.w.
##### Running: /usr/bin/time -o time_3_vdhankar_vijjappu.txt -f "%U" python3 homework.py > stulog.txt 2>&1 on vdhankar #####
child exited with value 1
##### ERROR: /usr/bin/time -o time_3_vdhankar_vijjappu.txt -f "%U" python3 homework.py > stulog.txt 2>&1 on vdhankar #####
##### Output of failed program (stdout + stderr): #####
Traceback (most recent call last):
  File "homework.py", line 546, in <module>
    print(end-start)
NameError: name 'end' is not defined
##### End of output of failed program #####
##### vdhankar plays [E g1 h2] in 29.3342509269714s #####
##### Running: /usr/lib/jvm/jdk-14.0.1/bin/java -jar /lab/itti/projects/checkers-competition/server/referee.jar on run_3_vdhankar_vijjappu #####
Move is valid
##### SUCCESS: /usr/lib/jvm/jdk-14.0.1/bin/java -jar /lab/itti/projects/checkers-competition/server/referee.jar on run_3_vdhankar_vijjappu #####
INPUT for vijjappu:
GAME
BLACK
251.86
.b.b.b.b
..b...b.
.b.b.b.b
w...b...
.......w
w.w.w.w.
...w.w.w
w.w.w...
##### Running: /usr/bin/time -o time_3_vdhankar_vijjappu.txt -f "%U" python3 homework.py > stulog.txt 2>&1 on vijjappu #####
##### SUCCESS: /usr/bin/time -o time_3_vdhankar_vijjappu.txt -f "%U" python3 homework.py > stulog.txt 2>&1 on vijjappu #####
##### vijjappu plays [E f6 g5] in 6.19s #####
##### Running: /usr/lib/jvm/jdk-14.0.1/bin/java -jar /lab/itti/projects/checkers-competition/server/referee.jar on run_3_vdhankar_vijjappu #####
Move is valid
##### SUCCESS: /usr/lib/jvm/jdk-14.0.1/bin/java -jar /lab/itti/projects/checkers-competition/server/referee.jar on run_3_vdhankar_vijjappu #####
INPUT for vdhankar:
GAME
WHITE
224.73738694191
.b.b.b.b
..b...b.
.b.b...b
w...b.b.
.......w
w.w.w.w.
...w.w.w
w.w.w...
##### Running: /usr/bin/time -o time_3_vdhankar_vijjappu.txt -f "%U" python3 homework.py > stulog.txt 2>&1 on vdhankar #####
child exited with value 1
##### ERROR: /usr/bin/time -o time_3_vdhankar_vijjappu.txt -f "%U" python3 homework.py > stulog.txt 2>&1 on vdhankar #####
##### Output of failed program (stdout + stderr): #####
Traceback (most recent call last):
  File "homework.py", line 546, in <module>
    print(end-start)
NameError: name 'end' is not defined
##### End of output of failed program #####
##### vdhankar plays [J h4 f6] in 4.08106398582458s #####
##### Running: /usr/lib/jvm/jdk-14.0.1/bin/java -jar /lab/itti/projects/checkers-competition/server/referee.jar on run_3_vdhankar_vijjappu #####
Move is valid
##### SUCCESS: /usr/lib/jvm/jdk-14.0.1/bin/java -jar /lab/itti/projects/checkers-competition/server/referee.jar on run_3_vdhankar_vijjappu #####
INPUT for vijjappu:
GAME
BLACK
245.67
.b.b.b.b
..b...b.
.b.b.w.b
w...b...
........
w.w.w.w.
...w.w.w
w.w.w...
##### Running: /usr/bin/time -o time_3_vdhankar_vijjappu.txt -f "%U" python3 homework.py > stulog.txt 2>&1 on vijjappu #####
##### SUCCESS: /usr/bin/time -o time_3_vdhankar_vijjappu.txt -f "%U" python3 homework.py > stulog.txt 2>&1 on vijjappu #####
##### vijjappu plays [E d8 e7] in 5.15s #####
##### Running: /usr/lib/jvm/jdk-14.0.1/bin/java -jar /lab/itti/projects/checkers-competition/server/referee.jar on run_3_vdhankar_vijjappu #####
Move is valid
##### SUCCESS: /usr/lib/jvm/jdk-14.0.1/bin/java -jar /lab/itti/projects/checkers-competition/server/referee.jar on run_3_vdhankar_vijjappu #####
INPUT for vdhankar:
GAME
WHITE
220.656322956085
.b...b.b
..b.b.b.
.b.b.w.b
w...b...
........
w.w.w.w.
...w.w.w
w.w.w...
##### Running: /usr/bin/time -o time_3_vdhankar_vijjappu.txt -f "%U" python3 homework.py > stulog.txt 2>&1 on vdhankar #####
child exited with value 1
##### ERROR: /usr/bin/time -o time_3_vdhankar_vijjappu.txt -f "%U" python3 homework.py > stulog.txt 2>&1 on vdhankar #####
##### Output of failed program (stdout + stderr): #####
Traceback (most recent call last):
  File "homework.py", line 546, in <module>
    print(end-start)
NameError: name 'end' is not defined
##### End of output of failed program #####
##### vdhankar plays [J f6 d8] in 5.12331700325012s #####
##### Running: /usr/lib/jvm/jdk-14.0.1/bin/java -jar /lab/itti/projects/checkers-competition/server/referee.jar on run_3_vdhankar_vijjappu #####
Move is valid
##### SUCCESS: /usr/lib/jvm/jdk-14.0.1/bin/java -jar /lab/itti/projects/checkers-competition/server/referee.jar on run_3_vdhankar_vijjappu #####
INPUT for vijjappu:
GAME
BLACK
240.52
.b.W.b.b
..b...b.
.b.b...b
w...b...
........
w.w.w.w.
...w.w.w
w.w.w...
##### Running: /usr/bin/time -o time_3_vdhankar_vijjappu.txt -f "%U" python3 homework.py > stulog.txt 2>&1 on vijjappu #####
##### SUCCESS: /usr/bin/time -o time_3_vdhankar_vijjappu.txt -f "%U" python3 homework.py > stulog.txt 2>&1 on vijjappu #####
##### vijjappu plays [E f8 e7] in 6.64s #####
##### Running: /usr/lib/jvm/jdk-14.0.1/bin/java -jar /lab/itti/projects/checkers-competition/server/referee.jar on run_3_vdhankar_vijjappu #####
Move is valid
##### SUCCESS: /usr/lib/jvm/jdk-14.0.1/bin/java -jar /lab/itti/projects/checkers-competition/server/referee.jar on run_3_vdhankar_vijjappu #####
INPUT for vdhankar:
GAME
WHITE
215.533005952835
.b.W...b
..b.b.b.
.b.b...b
w...b...
........
w.w.w.w.
...w.w.w
w.w.w...
##### Running: /usr/bin/time -o time_3_vdhankar_vijjappu.txt -f "%U" python3 homework.py > stulog.txt 2>&1 on vdhankar #####
child exited with value 1
##### ERROR: /usr/bin/time -o time_3_vdhankar_vijjappu.txt -f "%U" python3 homework.py > stulog.txt 2>&1 on vdhankar #####
##### Output of failed program (stdout + stderr): #####
Traceback (most recent call last):
  File "homework.py", line 546, in <module>
    print(end-start)
NameError: name 'end' is not defined
##### End of output of failed program #####
##### vdhankar plays [J d8 f6 ; J f6 d4] in 4.87978601455688s #####
##### Running: /usr/lib/jvm/jdk-14.0.1/bin/java -jar /lab/itti/projects/checkers-competition/server/referee.jar on run_3_vdhankar_vijjappu #####
Move is valid
##### SUCCESS: /usr/lib/jvm/jdk-14.0.1/bin/java -jar /lab/itti/projects/checkers-competition/server/referee.jar on run_3_vdhankar_vijjappu #####
INPUT for vijjappu:
GAME
BLACK
233.88
.b.....b
..b...b.
.b.b...b
w.......
...W....
w.w.w.w.
...w.w.w
w.w.w...
##### Running: /usr/bin/time -o time_3_vdhankar_vijjappu.txt -f "%U" python3 homework.py > stulog.txt 2>&1 on vijjappu #####
##### SUCCESS: /usr/bin/time -o time_3_vdhankar_vijjappu.txt -f "%U" python3 homework.py > stulog.txt 2>&1 on vijjappu #####
##### vijjappu plays [E b6 c5] in 5.98s #####
##### Running: /usr/lib/jvm/jdk-14.0.1/bin/java -jar /lab/itti/projects/checkers-competition/server/referee.jar on run_3_vdhankar_vijjappu #####
Move is valid
##### SUCCESS: /usr/lib/jvm/jdk-14.0.1/bin/java -jar /lab/itti/projects/checkers-competition/server/referee.jar on run_3_vdhankar_vijjappu #####
INPUT for vdhankar:
GAME
WHITE
210.653219938278
.b.....b
..b...b.
...b...b
w.b.....
...W....
w.w.w.w.
...w.w.w
w.w.w...
##### Running: /usr/bin/time -o time_3_vdhankar_vijjappu.txt -f "%U" python3 homework.py > stulog.txt 2>&1 on vdhankar #####
child exited with value 1
##### ERROR: /usr/bin/time -o time_3_vdhankar_vijjappu.txt -f "%U" python3 homework.py > stulog.txt 2>&1 on vdhankar #####
##### Output of failed program (stdout + stderr): #####
Traceback (most recent call last):
  File "homework.py", line 546, in <module>
    print(end-start)
NameError: name 'end' is not defined
##### End of output of failed program #####
##### vdhankar plays [J d4 b6 ; J b6 d8] in 8.25471019744873s #####
##### Running: /usr/lib/jvm/jdk-14.0.1/bin/java -jar /lab/itti/projects/checkers-competition/server/referee.jar on run_3_vdhankar_vijjappu #####
Move is valid
##### SUCCESS: /usr/lib/jvm/jdk-14.0.1/bin/java -jar /lab/itti/projects/checkers-competition/server/referee.jar on run_3_vdhankar_vijjappu #####
INPUT for vijjappu:
GAME
BLACK
227.9
.b.W...b
......b.
...b...b
w.......
........
w.w.w.w.
...w.w.w
w.w.w...
##### Running: /usr/bin/time -o time_3_vdhankar_vijjappu.txt -f "%U" python3 homework.py > stulog.txt 2>&1 on vijjappu #####
##### SUCCESS: /usr/bin/time -o time_3_vdhankar_vijjappu.txt -f "%U" python3 homework.py > stulog.txt 2>&1 on vijjappu #####
##### vijjappu plays [E h6 g5] in 5.14s #####
##### Running: /usr/lib/jvm/jdk-14.0.1/bin/java -jar /lab/itti/projects/checkers-competition/server/referee.jar on run_3_vdhankar_vijjappu #####
Move is valid
##### SUCCESS: /usr/lib/jvm/jdk-14.0.1/bin/java -jar /lab/itti/projects/checkers-competition/server/referee.jar on run_3_vdhankar_vijjappu #####
INPUT for vdhankar:
GAME
WHITE
202.398509740829
.b.W...b
......b.
...b....
w.....b.
........
w.w.w.w.
...w.w.w
w.w.w...
##### Running: /usr/bin/time -o time_3_vdhankar_vijjappu.txt -f "%U" python3 homework.py > stulog.txt 2>&1 on vdhankar #####
child exited with value 1
##### ERROR: /usr/bin/time -o time_3_vdhankar_vijjappu.txt -f "%U" python3 homework.py > stulog.txt 2>&1 on vdhankar #####
##### Output of failed program (stdout + stderr): #####
Traceback (most recent call last):
  File "homework.py", line 546, in <module>
    print(end-start)
NameError: name 'end' is not defined
##### End of output of failed program #####
##### vdhankar plays [E e3 d4] in 13.9867949485779s #####
##### Running: /usr/lib/jvm/jdk-14.0.1/bin/java -jar /lab/itti/projects/checkers-competition/server/referee.jar on run_3_vdhankar_vijjappu #####
Move is valid
##### SUCCESS: /usr/lib/jvm/jdk-14.0.1/bin/java -jar /lab/itti/projects/checkers-competition/server/referee.jar on run_3_vdhankar_vijjappu #####
INPUT for vijjappu:
GAME
BLACK
222.76
.b.W...b
......b.
...b....
w.....b.
...w....
w.w...w.
...w.w.w
w.w.w...
##### Running: /usr/bin/time -o time_3_vdhankar_vijjappu.txt -f "%U" python3 homework.py > stulog.txt 2>&1 on vijjappu #####
##### SUCCESS: /usr/bin/time -o time_3_vdhankar_vijjappu.txt -f "%U" python3 homework.py > stulog.txt 2>&1 on vijjappu #####
##### vijjappu plays [E d6 c5] in 6.83s #####
##### Running: /usr/lib/jvm/jdk-14.0.1/bin/java -jar /lab/itti/projects/checkers-competition/server/referee.jar on run_3_vdhankar_vijjappu #####
Move is valid
##### SUCCESS: /usr/lib/jvm/jdk-14.0.1/bin/java -jar /lab/itti/projects/checkers-competition/server/referee.jar on run_3_vdhankar_vijjappu #####
INPUT for vdhankar:
GAME
WHITE
188.411714792252
.b.W...b
......b.
........
w.b...b.
...w....
w.w...w.
...w.w.w
w.w.w...
##### Running: /usr/bin/time -o time_3_vdhankar_vijjappu.txt -f "%U" python3 homework.py > stulog.txt 2>&1 on vdhankar #####
child exited with value 1
##### ERROR: /usr/bin/time -o time_3_vdhankar_vijjappu.txt -f "%U" python3 homework.py > stulog.txt 2>&1 on vdhankar #####
##### Output of failed program (stdout + stderr): #####
Traceback (most recent call last):
  File "homework.py", line 546, in <module>
    print(end-start)
NameError: name 'end' is not defined
##### End of output of failed program #####
##### vdhankar plays [J d4 b6] in 5.73882699012756s #####
##### Running: /usr/lib/jvm/jdk-14.0.1/bin/java -jar /lab/itti/projects/checkers-competition/server/referee.jar on run_3_vdhankar_vijjappu #####
Move is valid
##### SUCCESS: /usr/lib/jvm/jdk-14.0.1/bin/java -jar /lab/itti/projects/checkers-competition/server/referee.jar on run_3_vdhankar_vijjappu #####
INPUT for vijjappu:
GAME
BLACK
215.93
.b.W...b
......b.
.w......
w.....b.
........
w.w...w.
...w.w.w
w.w.w...
##### Running: /usr/bin/time -o time_3_vdhankar_vijjappu.txt -f "%U" python3 homework.py > stulog.txt 2>&1 on vijjappu #####
##### SUCCESS: /usr/bin/time -o time_3_vdhankar_vijjappu.txt -f "%U" python3 homework.py > stulog.txt 2>&1 on vijjappu #####
##### vijjappu plays [E g5 f4] in 8.52s #####
##### Running: /usr/lib/jvm/jdk-14.0.1/bin/java -jar /lab/itti/projects/checkers-competition/server/referee.jar on run_3_vdhankar_vijjappu #####
Move is valid
##### SUCCESS: /usr/lib/jvm/jdk-14.0.1/bin/java -jar /lab/itti/projects/checkers-competition/server/referee.jar on run_3_vdhankar_vijjappu #####
INPUT for vdhankar:
GAME
WHITE
182.672887802124
.b.W...b
......b.
.w......
w.......
.....b..
w.w...w.
...w.w.w
w.w.w...
##### Running: /usr/bin/time -o time_3_vdhankar_vijjappu.txt -f "%U" python3 homework.py > stulog.txt 2>&1 on vdhankar #####
child exited with value 1
##### ERROR: /usr/bin/time -o time_3_vdhankar_vijjappu.txt -f "%U" python3 homework.py > stulog.txt 2>&1 on vdhankar #####
##### Output of failed program (stdout + stderr): #####
Traceback (most recent call last):
  File "homework.py", line 546, in <module>
    print(end-start)
NameError: name 'end' is not defined
##### End of output of failed program #####
##### vdhankar plays [J g3 e5] in 1.81087207794189s #####
##### Running: /usr/lib/jvm/jdk-14.0.1/bin/java -jar /lab/itti/projects/checkers-competition/server/referee.jar on run_3_vdhankar_vijjappu #####
Move is valid
##### SUCCESS: /usr/lib/jvm/jdk-14.0.1/bin/java -jar /lab/itti/projects/checkers-competition/server/referee.jar on run_3_vdhankar_vijjappu #####
INPUT for vijjappu:
GAME
BLACK
207.41
.b.W...b
......b.
.w......
w...w...
........
w.w.....
...w.w.w
w.w.w...
##### Running: /usr/bin/time -o time_3_vdhankar_vijjappu.txt -f "%U" python3 homework.py > stulog.txt 2>&1 on vijjappu #####
##### SUCCESS: /usr/bin/time -o time_3_vdhankar_vijjappu.txt -f "%U" python3 homework.py > stulog.txt 2>&1 on vijjappu #####
##### vijjappu plays [E b8 c7] in 4.58s #####
##### Running: /usr/lib/jvm/jdk-14.0.1/bin/java -jar /lab/itti/projects/checkers-competition/server/referee.jar on run_3_vdhankar_vijjappu #####
Move is valid
##### SUCCESS: /usr/lib/jvm/jdk-14.0.1/bin/java -jar /lab/itti/projects/checkers-competition/server/referee.jar on run_3_vdhankar_vijjappu #####
INPUT for vdhankar:
GAME
WHITE
180.862015724182
...W...b
..b...b.
.w......
w...w...
........
w.w.....
...w.w.w
w.w.w...
##### Running: /usr/bin/time -o time_3_vdhankar_vijjappu.txt -f "%U" python3 homework.py > stulog.txt 2>&1 on vdhankar #####
child exited with value 1
##### ERROR: /usr/bin/time -o time_3_vdhankar_vijjappu.txt -f "%U" python3 homework.py > stulog.txt 2>&1 on vdhankar #####
##### Output of failed program (stdout + stderr): #####
Traceback (most recent call last):
  File "homework.py", line 546, in <module>
    print(end-start)
NameError: name 'end' is not defined
##### End of output of failed program #####
##### vdhankar plays [E d8 e7] in 2.91907596588135s #####
##### Running: /usr/lib/jvm/jdk-14.0.1/bin/java -jar /lab/itti/projects/checkers-competition/server/referee.jar on run_3_vdhankar_vijjappu #####
Move is valid
##### SUCCESS: /usr/lib/jvm/jdk-14.0.1/bin/java -jar /lab/itti/projects/checkers-competition/server/referee.jar on run_3_vdhankar_vijjappu #####
INPUT for vijjappu:
GAME
BLACK
202.83
.......b
..b.W.b.
.w......
w...w...
........
w.w.....
...w.w.w
w.w.w...
##### Running: /usr/bin/time -o time_3_vdhankar_vijjappu.txt -f "%U" python3 homework.py > stulog.txt 2>&1 on vijjappu #####
##### SUCCESS: /usr/bin/time -o time_3_vdhankar_vijjappu.txt -f "%U" python3 homework.py > stulog.txt 2>&1 on vijjappu #####
##### vijjappu plays [E c7 d6] in 4.54s #####
##### Running: /usr/lib/jvm/jdk-14.0.1/bin/java -jar /lab/itti/projects/checkers-competition/server/referee.jar on run_3_vdhankar_vijjappu #####
Move is valid
##### SUCCESS: /usr/lib/jvm/jdk-14.0.1/bin/java -jar /lab/itti/projects/checkers-competition/server/referee.jar on run_3_vdhankar_vijjappu #####
INPUT for vdhankar:
GAME
WHITE
177.942939758301
.......b
....W.b.
.w.b....
w...w...
........
w.w.....
...w.w.w
w.w.w...
##### Running: /usr/bin/time -o time_3_vdhankar_vijjappu.txt -f "%U" python3 homework.py > stulog.txt 2>&1 on vdhankar #####
child exited with value 1
##### ERROR: /usr/bin/time -o time_3_vdhankar_vijjappu.txt -f "%U" python3 homework.py > stulog.txt 2>&1 on vdhankar #####
##### Output of failed program (stdout + stderr): #####
Traceback (most recent call last):
  File "homework.py", line 546, in <module>
    print(end-start)
NameError: name 'end' is not defined
##### End of output of failed program #####
##### vdhankar plays [J e5 c7] in 1.81564116477966s #####
##### Running: /usr/lib/jvm/jdk-14.0.1/bin/java -jar /lab/itti/projects/checkers-competition/server/referee.jar on run_3_vdhankar_vijjappu #####
Move is valid
##### SUCCESS: /usr/lib/jvm/jdk-14.0.1/bin/java -jar /lab/itti/projects/checkers-competition/server/referee.jar on run_3_vdhankar_vijjappu #####
INPUT for vijjappu:
GAME
BLACK
198.29
.......b
..w.W.b.
.w......
w.......
........
w.w.....
...w.w.w
w.w.w...
##### Running: /usr/bin/time -o time_3_vdhankar_vijjappu.txt -f "%U" python3 homework.py > stulog.txt 2>&1 on vijjappu #####
##### SUCCESS: /usr/bin/time -o time_3_vdhankar_vijjappu.txt -f "%U" python3 homework.py > stulog.txt 2>&1 on vijjappu #####
##### vijjappu plays [E g7 f6] in 4.02s #####
##### Running: /usr/lib/jvm/jdk-14.0.1/bin/java -jar /lab/itti/projects/checkers-competition/server/referee.jar on run_3_vdhankar_vijjappu #####
Move is valid
##### SUCCESS: /usr/lib/jvm/jdk-14.0.1/bin/java -jar /lab/itti/projects/checkers-competition/server/referee.jar on run_3_vdhankar_vijjappu #####
INPUT for vdhankar:
GAME
WHITE
176.127298593521
.......b
..w.W...
.w...b..
w.......
........
w.w.....
...w.w.w
w.w.w...
##### Running: /usr/bin/time -o time_3_vdhankar_vijjappu.txt -f "%U" python3 homework.py > stulog.txt 2>&1 on vdhankar #####
child exited with value 1
##### ERROR: /usr/bin/time -o time_3_vdhankar_vijjappu.txt -f "%U" python3 homework.py > stulog.txt 2>&1 on vdhankar #####
##### Output of failed program (stdout + stderr): #####
Traceback (most recent call last):
  File "homework.py", line 546, in <module>
    print(end-start)
NameError: name 'end' is not defined
##### End of output of failed program #####
##### vdhankar plays [J e7 g5] in 0.367969989776611s #####
##### Running: /usr/lib/jvm/jdk-14.0.1/bin/java -jar /lab/itti/projects/checkers-competition/server/referee.jar on run_3_vdhankar_vijjappu #####
Move is valid
##### SUCCESS: /usr/lib/jvm/jdk-14.0.1/bin/java -jar /lab/itti/projects/checkers-competition/server/referee.jar on run_3_vdhankar_vijjappu #####
INPUT for vijjappu:
GAME
BLACK
194.27
.......b
..w.....
.w......
w.....W.
........
w.w.....
...w.w.w
w.w.w...
##### Running: /usr/bin/time -o time_3_vdhankar_vijjappu.txt -f "%U" python3 homework.py > stulog.txt 2>&1 on vijjappu #####
##### SUCCESS: /usr/bin/time -o time_3_vdhankar_vijjappu.txt -f "%U" python3 homework.py > stulog.txt 2>&1 on vijjappu #####
##### vijjappu plays [E h8 g7] in 6.62s #####
##### Running: /usr/lib/jvm/jdk-14.0.1/bin/java -jar /lab/itti/projects/checkers-competition/server/referee.jar on run_3_vdhankar_vijjappu #####
Move is valid
##### SUCCESS: /usr/lib/jvm/jdk-14.0.1/bin/java -jar /lab/itti/projects/checkers-competition/server/referee.jar on run_3_vdhankar_vijjappu #####
INPUT for vdhankar:
GAME
WHITE
175.759328603745
........
..w...b.
.w......
w.....W.
........
w.w.....
...w.w.w
w.w.w...
##### Running: /usr/bin/time -o time_3_vdhankar_vijjappu.txt -f "%U" python3 homework.py > stulog.txt 2>&1 on vdhankar #####
child exited with value 1
##### ERROR: /usr/bin/time -o time_3_vdhankar_vijjappu.txt -f "%U" python3 homework.py > stulog.txt 2>&1 on vdhankar #####
##### Output of failed program (stdout + stderr): #####
Traceback (most recent call last):
  File "homework.py", line 546, in <module>
    print(end-start)
NameError: name 'end' is not defined
##### End of output of failed program #####
##### vdhankar plays [E c7 b8] in 0.328580141067505s #####
##### Running: /usr/lib/jvm/jdk-14.0.1/bin/java -jar /lab/itti/projects/checkers-competition/server/referee.jar on run_3_vdhankar_vijjappu #####
Move is valid
##### SUCCESS: /usr/lib/jvm/jdk-14.0.1/bin/java -jar /lab/itti/projects/checkers-competition/server/referee.jar on run_3_vdhankar_vijjappu #####
INPUT for vijjappu:
GAME
BLACK
187.65
.W......
......b.
.w......
w.....W.
........
w.w.....
...w.w.w
w.w.w...
##### Running: /usr/bin/time -o time_3_vdhankar_vijjappu.txt -f "%U" python3 homework.py > stulog.txt 2>&1 on vijjappu #####
##### SUCCESS: /usr/bin/time -o time_3_vdhankar_vijjappu.txt -f "%U" python3 homework.py > stulog.txt 2>&1 on vijjappu #####
##### vijjappu plays [E g7 f6] in 4.27s #####
##### Running: /usr/lib/jvm/jdk-14.0.1/bin/java -jar /lab/itti/projects/checkers-competition/server/referee.jar on run_3_vdhankar_vijjappu #####
Move is valid
##### SUCCESS: /usr/lib/jvm/jdk-14.0.1/bin/java -jar /lab/itti/projects/checkers-competition/server/referee.jar on run_3_vdhankar_vijjappu #####
INPUT for vdhankar:
GAME
WHITE
175.430748462677
.W......
........
.w...b..
w.....W.
........
w.w.....
...w.w.w
w.w.w...
##### Running: /usr/bin/time -o time_3_vdhankar_vijjappu.txt -f "%U" python3 homework.py > stulog.txt 2>&1 on vdhankar #####
child exited with value 1
##### ERROR: /usr/bin/time -o time_3_vdhankar_vijjappu.txt -f "%U" python3 homework.py > stulog.txt 2>&1 on vdhankar #####
##### Output of failed program (stdout + stderr): #####
Traceback (most recent call last):
  File "homework.py", line 546, in <module>
    print(end-start)
NameError: name 'end' is not defined
##### End of output of failed program #####
##### vdhankar plays [J g5 e7] in 0.38056206703186s #####
##### Running: /usr/lib/jvm/jdk-14.0.1/bin/java -jar /lab/itti/projects/checkers-competition/server/referee.jar on run_3_vdhankar_vijjappu #####
Move is valid
After this move, player BLACK cannot make any moves
*** Winner: WHITE ***
##### SUCCESS: /usr/lib/jvm/jdk-14.0.1/bin/java -jar /lab/itti/projects/checkers-competition/server/referee.jar on run_3_vdhankar_vijjappu #####
##### GAME OVER: vdhankar wins the game! #####
Server said: WIN
########## ROUND 3 GAMESCORE AFTER GAME 2: vdhankar=2 and vijjappu=0 ##########
#################### ROUND 3: vdhankar (B) vs vijjappu (W): game 3 ####################
##### game start! #####
INPUT for vdhankar:
GAME
BLACK
300
.b.b.b.b
b.b.b.b.
.b.b.b.b
........
........
w.w.w.w.
.w.w.w.w
w.w.w.w.
##### Running: /usr/bin/time -o time_3_vdhankar_vijjappu.txt -f "%U" python3 homework.py > stulog.txt 2>&1 on vdhankar #####
child exited with value 1
##### ERROR: /usr/bin/time -o time_3_vdhankar_vijjappu.txt -f "%U" python3 homework.py > stulog.txt 2>&1 on vdhankar #####
##### Output of failed program (stdout + stderr): #####
Traceback (most recent call last):
  File "homework.py", line 546, in <module>
    print(end-start)
NameError: name 'end' is not defined
##### End of output of failed program #####
##### vdhankar plays [E h6 g5] in 11.8311400413513s #####
##### Running: /usr/lib/jvm/jdk-14.0.1/bin/java -jar /lab/itti/projects/checkers-competition/server/referee.jar on run_3_vdhankar_vijjappu #####
Move is valid
Couldn't read file 'current_ply.txt'
Couldn't read content from file 'current_ply.txt'
Couldn't read file 'lastmatchange_ply.txt'
Couldn't read content from file 'lastmatchange_ply.txt'
##### SUCCESS: /usr/lib/jvm/jdk-14.0.1/bin/java -jar /lab/itti/projects/checkers-competition/server/referee.jar on run_3_vdhankar_vijjappu #####
INPUT for vijjappu:
GAME
WHITE
300
.b.b.b.b
b.b.b.b.
.b.b.b..
......b.
........
w.w.w.w.
.w.w.w.w
w.w.w.w.
##### Running: /usr/bin/time -o time_3_vdhankar_vijjappu.txt -f "%U" python3 homework.py > stulog.txt 2>&1 on vijjappu #####
##### SUCCESS: /usr/bin/time -o time_3_vdhankar_vijjappu.txt -f "%U" python3 homework.py > stulog.txt 2>&1 on vijjappu #####
##### vijjappu plays [E c3 b4] in 9.19s #####
##### Running: /usr/lib/jvm/jdk-14.0.1/bin/java -jar /lab/itti/projects/checkers-competition/server/referee.jar on run_3_vdhankar_vijjappu #####
Move is valid
##### SUCCESS: /usr/lib/jvm/jdk-14.0.1/bin/java -jar /lab/itti/projects/checkers-competition/server/referee.jar on run_3_vdhankar_vijjappu #####
INPUT for vdhankar:
GAME
BLACK
288.168859958649
.b.b.b.b
b.b.b.b.
.b.b.b..
......b.
.w......
w...w.w.
.w.w.w.w
w.w.w.w.
##### Running: /usr/bin/time -o time_3_vdhankar_vijjappu.txt -f "%U" python3 homework.py > stulog.txt 2>&1 on vdhankar #####
child exited with value 1
##### ERROR: /usr/bin/time -o time_3_vdhankar_vijjappu.txt -f "%U" python3 homework.py > stulog.txt 2>&1 on vdhankar #####
##### Output of failed program (stdout + stderr): #####
Traceback (most recent call last):
  File "homework.py", line 546, in <module>
    print(end-start)
NameError: name 'end' is not defined
##### End of output of failed program #####
##### vdhankar plays [E g5 h4] in 11.5918428897858s #####
##### Running: /usr/lib/jvm/jdk-14.0.1/bin/java -jar /lab/itti/projects/checkers-competition/server/referee.jar on run_3_vdhankar_vijjappu #####
Move is valid
##### SUCCESS: /usr/lib/jvm/jdk-14.0.1/bin/java -jar /lab/itti/projects/checkers-competition/server/referee.jar on run_3_vdhankar_vijjappu #####
INPUT for vijjappu:
GAME
WHITE
290.81
.b.b.b.b
b.b.b.b.
.b.b.b..
........
.w.....b
w...w.w.
.w.w.w.w
w.w.w.w.
##### Running: /usr/bin/time -o time_3_vdhankar_vijjappu.txt -f "%U" python3 homework.py > stulog.txt 2>&1 on vijjappu #####
##### SUCCESS: /usr/bin/time -o time_3_vdhankar_vijjappu.txt -f "%U" python3 homework.py > stulog.txt 2>&1 on vijjappu #####
##### vijjappu plays [E d2 c3] in 10.48s #####
##### Running: /usr/lib/jvm/jdk-14.0.1/bin/java -jar /lab/itti/projects/checkers-competition/server/referee.jar on run_3_vdhankar_vijjappu #####
Move is valid
##### SUCCESS: /usr/lib/jvm/jdk-14.0.1/bin/java -jar /lab/itti/projects/checkers-competition/server/referee.jar on run_3_vdhankar_vijjappu #####
INPUT for vdhankar:
GAME
BLACK
276.577017068863
.b.b.b.b
b.b.b.b.
.b.b.b..
........
.w.....b
w.w.w.w.
.w...w.w
w.w.w.w.
##### Running: /usr/bin/time -o time_3_vdhankar_vijjappu.txt -f "%U" python3 homework.py > stulog.txt 2>&1 on vdhankar #####
child exited with value 1
##### ERROR: /usr/bin/time -o time_3_vdhankar_vijjappu.txt -f "%U" python3 homework.py > stulog.txt 2>&1 on vdhankar #####
##### Output of failed program (stdout + stderr): #####
Traceback (most recent call last):
  File "homework.py", line 546, in <module>
    print(end-start)
NameError: name 'end' is not defined
##### End of output of failed program #####
##### vdhankar plays [E b6 a5] in 8.57968497276306s #####
##### Running: /usr/lib/jvm/jdk-14.0.1/bin/java -jar /lab/itti/projects/checkers-competition/server/referee.jar on run_3_vdhankar_vijjappu #####
Move is valid
##### SUCCESS: /usr/lib/jvm/jdk-14.0.1/bin/java -jar /lab/itti/projects/checkers-competition/server/referee.jar on run_3_vdhankar_vijjappu #####
INPUT for vijjappu:
GAME
WHITE
280.33
.b.b.b.b
b.b.b.b.
...b.b..
b.......
.w.....b
w.w.w.w.
.w...w.w
w.w.w.w.
##### Running: /usr/bin/time -o time_3_vdhankar_vijjappu.txt -f "%U" python3 homework.py > stulog.txt 2>&1 on vijjappu #####
##### SUCCESS: /usr/bin/time -o time_3_vdhankar_vijjappu.txt -f "%U" python3 homework.py > stulog.txt 2>&1 on vijjappu #####
##### vijjappu plays [E c3 d4] in 5.74s #####
##### Running: /usr/lib/jvm/jdk-14.0.1/bin/java -jar /lab/itti/projects/checkers-competition/server/referee.jar on run_3_vdhankar_vijjappu #####
Move is valid
##### SUCCESS: /usr/lib/jvm/jdk-14.0.1/bin/java -jar /lab/itti/projects/checkers-competition/server/referee.jar on run_3_vdhankar_vijjappu #####
INPUT for vdhankar:
GAME
BLACK
267.9973320961
.b.b.b.b
b.b.b.b.
...b.b..
b.......
.w.w...b
w...w.w.
.w...w.w
w.w.w.w.
##### Running: /usr/bin/time -o time_3_vdhankar_vijjappu.txt -f "%U" python3 homework.py > stulog.txt 2>&1 on vdhankar #####
child exited with value 1
##### ERROR: /usr/bin/time -o time_3_vdhankar_vijjappu.txt -f "%U" python3 homework.py > stulog.txt 2>&1 on vdhankar #####
##### Output of failed program (stdout + stderr): #####
Traceback (most recent call last):
  File "homework.py", line 546, in <module>
    print(end-start)
NameError: name 'end' is not defined
##### End of output of failed program #####
##### vdhankar plays [J a5 c3] in 3.07436203956604s #####
##### Running: /usr/lib/jvm/jdk-14.0.1/bin/java -jar /lab/itti/projects/checkers-competition/server/referee.jar on run_3_vdhankar_vijjappu #####
Move is valid
##### SUCCESS: /usr/lib/jvm/jdk-14.0.1/bin/java -jar /lab/itti/projects/checkers-competition/server/referee.jar on run_3_vdhankar_vijjappu #####
INPUT for vijjappu:
GAME
WHITE
274.59
.b.b.b.b
b.b.b.b.
...b.b..
........
...w...b
w.b.w.w.
.w...w.w
w.w.w.w.
##### Running: /usr/bin/time -o time_3_vdhankar_vijjappu.txt -f "%U" python3 homework.py > stulog.txt 2>&1 on vijjappu #####
##### SUCCESS: /usr/bin/time -o time_3_vdhankar_vijjappu.txt -f "%U" python3 homework.py > stulog.txt 2>&1 on vijjappu #####
##### vijjappu plays [E e1 d2] in 6.97s #####
##### Running: /usr/lib/jvm/jdk-14.0.1/bin/java -jar /lab/itti/projects/checkers-competition/server/referee.jar on run_3_vdhankar_vijjappu #####
Move is valid
##### SUCCESS: /usr/lib/jvm/jdk-14.0.1/bin/java -jar /lab/itti/projects/checkers-competition/server/referee.jar on run_3_vdhankar_vijjappu #####
INPUT for vdhankar:
GAME
BLACK
264.922970056534
.b.b.b.b
b.b.b.b.
...b.b..
........
...w...b
w.b.w.w.
.w.w.w.w
w.w...w.
##### Running: /usr/bin/time -o time_3_vdhankar_vijjappu.txt -f "%U" python3 homework.py > stulog.txt 2>&1 on vdhankar #####
child exited with value 1
##### ERROR: /usr/bin/time -o time_3_vdhankar_vijjappu.txt -f "%U" python3 homework.py > stulog.txt 2>&1 on vdhankar #####
##### Output of failed program (stdout + stderr): #####
Traceback (most recent call last):
  File "homework.py", line 546, in <module>
    print(end-start)
NameError: name 'end' is not defined
##### End of output of failed program #####
##### vdhankar plays [J c3 e1] in 3.40311694145203s #####
##### Running: /usr/lib/jvm/jdk-14.0.1/bin/java -jar /lab/itti/projects/checkers-competition/server/referee.jar on run_3_vdhankar_vijjappu #####
Move is valid
##### SUCCESS: /usr/lib/jvm/jdk-14.0.1/bin/java -jar /lab/itti/projects/checkers-competition/server/referee.jar on run_3_vdhankar_vijjappu #####
INPUT for vijjappu:
GAME
WHITE
267.62
.b.b.b.b
b.b.b.b.
...b.b..
........
...w...b
w...w.w.
.w...w.w
w.w.B.w.
##### Running: /usr/bin/time -o time_3_vdhankar_vijjappu.txt -f "%U" python3 homework.py > stulog.txt 2>&1 on vijjappu #####
##### SUCCESS: /usr/bin/time -o time_3_vdhankar_vijjappu.txt -f "%U" python3 homework.py > stulog.txt 2>&1 on vijjappu #####
##### vijjappu plays [E c1 d2] in 7.54s #####
##### Running: /usr/lib/jvm/jdk-14.0.1/bin/java -jar /lab/itti/projects/checkers-competition/server/referee.jar on run_3_vdhankar_vijjappu #####
Move is valid
##### SUCCESS: /usr/lib/jvm/jdk-14.0.1/bin/java -jar /lab/itti/projects/checkers-competition/server/referee.jar on run_3_vdhankar_vijjappu #####
INPUT for vdhankar:
GAME
BLACK
261.519853115082
.b.b.b.b
b.b.b.b.
...b.b..
........
...w...b
w...w.w.
.w.w.w.w
w...B.w.
##### Running: /usr/bin/time -o time_3_vdhankar_vijjappu.txt -f "%U" python3 homework.py > stulog.txt 2>&1 on vdhankar #####
child exited with value 1
##### ERROR: /usr/bin/time -o time_3_vdhankar_vijjappu.txt -f "%U" python3 homework.py > stulog.txt 2>&1 on vdhankar #####
##### Output of failed program (stdout + stderr): #####
Traceback (most recent call last):
  File "homework.py", line 546, in <module>
    print(end-start)
NameError: name 'end' is not defined
##### End of output of failed program #####
##### vdhankar plays [J e1 c3 ; J c3 e5] in 1.21516990661621s #####
##### Running: /usr/lib/jvm/jdk-14.0.1/bin/java -jar /lab/itti/projects/checkers-competition/server/referee.jar on run_3_vdhankar_vijjappu #####
Move is valid
##### SUCCESS: /usr/lib/jvm/jdk-14.0.1/bin/java -jar /lab/itti/projects/checkers-competition/server/referee.jar on run_3_vdhankar_vijjappu #####
INPUT for vijjappu:
GAME
WHITE
260.08
.b.b.b.b
b.b.b.b.
...b.b..
....B...
.......b
w...w.w.
.w...w.w
w.....w.
##### Running: /usr/bin/time -o time_3_vdhankar_vijjappu.txt -f "%U" python3 homework.py > stulog.txt 2>&1 on vijjappu #####
##### SUCCESS: /usr/bin/time -o time_3_vdhankar_vijjappu.txt -f "%U" python3 homework.py > stulog.txt 2>&1 on vijjappu #####
##### vijjappu plays [E g3 f4] in 4.72s #####
##### Running: /usr/lib/jvm/jdk-14.0.1/bin/java -jar /lab/itti/projects/checkers-competition/server/referee.jar on run_3_vdhankar_vijjappu #####
Move is valid
##### SUCCESS: /usr/lib/jvm/jdk-14.0.1/bin/java -jar /lab/itti/projects/checkers-competition/server/referee.jar on run_3_vdhankar_vijjappu #####
INPUT for vdhankar:
GAME
BLACK
260.304683208466
.b.b.b.b
b.b.b.b.
...b.b..
....B...
.....w.b
w...w...
.w...w.w
w.....w.
##### Running: /usr/bin/time -o time_3_vdhankar_vijjappu.txt -f "%U" python3 homework.py > stulog.txt 2>&1 on vdhankar #####
child exited with value 1
##### ERROR: /usr/bin/time -o time_3_vdhankar_vijjappu.txt -f "%U" python3 homework.py > stulog.txt 2>&1 on vdhankar #####
##### Output of failed program (stdout + stderr): #####
Traceback (most recent call last):
  File "homework.py", line 546, in <module>
    print(end-start)
NameError: name 'end' is not defined
##### End of output of failed program #####
##### vdhankar plays [J e5 g3 ; J g3 e1] in 7.93276500701904s #####
##### Running: /usr/lib/jvm/jdk-14.0.1/bin/java -jar /lab/itti/projects/checkers-competition/server/referee.jar on run_3_vdhankar_vijjappu #####
Move is valid
##### SUCCESS: /usr/lib/jvm/jdk-14.0.1/bin/java -jar /lab/itti/projects/checkers-competition/server/referee.jar on run_3_vdhankar_vijjappu #####
INPUT for vijjappu:
GAME
WHITE
255.36
.b.b.b.b
b.b.b.b.
...b.b..
........
.......b
w...w...
.w.....w
w...B.w.
##### Running: /usr/bin/time -o time_3_vdhankar_vijjappu.txt -f "%U" python3 homework.py > stulog.txt 2>&1 on vijjappu #####
##### SUCCESS: /usr/bin/time -o time_3_vdhankar_vijjappu.txt -f "%U" python3 homework.py > stulog.txt 2>&1 on vijjappu #####
##### vijjappu plays [E h2 g3] in 14.99s #####
##### Running: /usr/lib/jvm/jdk-14.0.1/bin/java -jar /lab/itti/projects/checkers-competition/server/referee.jar on run_3_vdhankar_vijjappu #####
Move is valid
##### SUCCESS: /usr/lib/jvm/jdk-14.0.1/bin/java -jar /lab/itti/projects/checkers-competition/server/referee.jar on run_3_vdhankar_vijjappu #####
INPUT for vdhankar:
GAME
BLACK
252.371918201447
.b.b.b.b
b.b.b.b.
...b.b..
........
.......b
w...w.w.
.w......
w...B.w.
##### Running: /usr/bin/time -o time_3_vdhankar_vijjappu.txt -f "%U" python3 homework.py > stulog.txt 2>&1 on vdhankar #####
child exited with value 1
##### ERROR: /usr/bin/time -o time_3_vdhankar_vijjappu.txt -f "%U" python3 homework.py > stulog.txt 2>&1 on vdhankar #####
##### Output of failed program (stdout + stderr): #####
Traceback (most recent call last):
  File "homework.py", line 546, in <module>
    print(end-start)
NameError: name 'end' is not defined
##### End of output of failed program #####
##### vdhankar plays [J h4 f2] in 4.13204193115234s #####
##### Running: /usr/lib/jvm/jdk-14.0.1/bin/java -jar /lab/itti/projects/checkers-competition/server/referee.jar on run_3_vdhankar_vijjappu #####
Move is valid
##### SUCCESS: /usr/lib/jvm/jdk-14.0.1/bin/java -jar /lab/itti/projects/checkers-competition/server/referee.jar on run_3_vdhankar_vijjappu #####
INPUT for vijjappu:
GAME
WHITE
240.37
.b.b.b.b
b.b.b.b.
...b.b..
........
........
w...w...
.w...b..
w...B.w.
##### Running: /usr/bin/time -o time_3_vdhankar_vijjappu.txt -f "%U" python3 homework.py > stulog.txt 2>&1 on vijjappu #####
##### SUCCESS: /usr/bin/time -o time_3_vdhankar_vijjappu.txt -f "%U" python3 homework.py > stulog.txt 2>&1 on vijjappu #####
##### vijjappu plays [E a3 b4] in 4.95s #####
##### Running: /usr/lib/jvm/jdk-14.0.1/bin/java -jar /lab/itti/projects/checkers-competition/server/referee.jar on run_3_vdhankar_vijjappu #####
Move is valid
##### SUCCESS: /usr/lib/jvm/jdk-14.0.1/bin/java -jar /lab/itti/projects/checkers-competition/server/referee.jar on run_3_vdhankar_vijjappu #####
INPUT for vdhankar:
GAME
BLACK
248.239876270294
.b.b.b.b
b.b.b.b.
...b.b..
........
.w......
....w...
.w...b..
w...B.w.
##### Running: /usr/bin/time -o time_3_vdhankar_vijjappu.txt -f "%U" python3 homework.py > stulog.txt 2>&1 on vdhankar #####
child exited with value 1
##### ERROR: /usr/bin/time -o time_3_vdhankar_vijjappu.txt -f "%U" python3 homework.py > stulog.txt 2>&1 on vdhankar #####
##### Output of failed program (stdout + stderr): #####
Traceback (most recent call last):
  File "homework.py", line 546, in <module>
    print(end-start)
NameError: name 'end' is not defined
##### End of output of failed program #####
##### vdhankar plays [E f6 g5] in 12.5193769931793s #####
##### Running: /usr/lib/jvm/jdk-14.0.1/bin/java -jar /lab/itti/projects/checkers-competition/server/referee.jar on run_3_vdhankar_vijjappu #####
Move is valid
##### SUCCESS: /usr/lib/jvm/jdk-14.0.1/bin/java -jar /lab/itti/projects/checkers-competition/server/referee.jar on run_3_vdhankar_vijjappu #####
INPUT for vijjappu:
GAME
WHITE
235.42
.b.b.b.b
b.b.b.b.
...b....
......b.
.w......
....w...
.w...b..
w...B.w.
##### Running: /usr/bin/time -o time_3_vdhankar_vijjappu.txt -f "%U" python3 homework.py > stulog.txt 2>&1 on vijjappu #####
##### SUCCESS: /usr/bin/time -o time_3_vdhankar_vijjappu.txt -f "%U" python3 homework.py > stulog.txt 2>&1 on vijjappu #####
##### vijjappu plays [E b2 c3] in 22.14s #####
##### Running: /usr/lib/jvm/jdk-14.0.1/bin/java -jar /lab/itti/projects/checkers-competition/server/referee.jar on run_3_vdhankar_vijjappu #####
Move is valid
##### SUCCESS: /usr/lib/jvm/jdk-14.0.1/bin/java -jar /lab/itti/projects/checkers-competition/server/referee.jar on run_3_vdhankar_vijjappu #####
INPUT for vdhankar:
GAME
BLACK
235.720499277115
.b.b.b.b
b.b.b.b.
...b....
......b.
.w......
..w.w...
.....b..
w...B.w.
##### Running: /usr/bin/time -o time_3_vdhankar_vijjappu.txt -f "%U" python3 homework.py > stulog.txt 2>&1 on vdhankar #####
child exited with value 1
##### ERROR: /usr/bin/time -o time_3_vdhankar_vijjappu.txt -f "%U" python3 homework.py > stulog.txt 2>&1 on vdhankar #####
##### Output of failed program (stdout + stderr): #####
Traceback (most recent call last):
  File "homework.py", line 546, in <module>
    print(end-start)
NameError: name 'end' is not defined
##### End of output of failed program #####
##### vdhankar plays [E e1 d2] in 17.2390141487122s #####
##### Running: /usr/lib/jvm/jdk-14.0.1/bin/java -jar /lab/itti/projects/checkers-competition/server/referee.jar on run_3_vdhankar_vijjappu #####
Move is valid
##### SUCCESS: /usr/lib/jvm/jdk-14.0.1/bin/java -jar /lab/itti/projects/checkers-competition/server/referee.jar on run_3_vdhankar_vijjappu #####
INPUT for vijjappu:
GAME
WHITE
213.28
.b.b.b.b
b.b.b.b.
...b....
......b.
.w......
..w.w...
...B.b..
w.....w.
##### Running: /usr/bin/time -o time_3_vdhankar_vijjappu.txt -f "%U" python3 homework.py > stulog.txt 2>&1 on vijjappu #####
##### SUCCESS: /usr/bin/time -o time_3_vdhankar_vijjappu.txt -f "%U" python3 homework.py > stulog.txt 2>&1 on vijjappu #####
##### vijjappu plays [E e3 d4] in 8.08s #####
##### Running: /usr/lib/jvm/jdk-14.0.1/bin/java -jar /lab/itti/projects/checkers-competition/server/referee.jar on run_3_vdhankar_vijjappu #####
Move is valid
##### SUCCESS: /usr/lib/jvm/jdk-14.0.1/bin/java -jar /lab/itti/projects/checkers-competition/server/referee.jar on run_3_vdhankar_vijjappu #####
INPUT for vdhankar:
GAME
BLACK
218.481485128403
.b.b.b.b
b.b.b.b.
...b....
......b.
.w.w....
..w.....
...B.b..
w.....w.
##### Running: /usr/bin/time -o time_3_vdhankar_vijjappu.txt -f "%U" python3 homework.py > stulog.txt 2>&1 on vdhankar #####
child exited with value 1
##### ERROR: /usr/bin/time -o time_3_vdhankar_vijjappu.txt -f "%U" python3 homework.py > stulog.txt 2>&1 on vdhankar #####
##### Output of failed program (stdout + stderr): #####
Traceback (most recent call last):
  File "homework.py", line 546, in <module>
    print(end-start)
NameError: name 'end' is not defined
##### End of output of failed program #####
##### vdhankar plays [E d2 e1] in 5.09264802932739s #####
##### Running: /usr/lib/jvm/jdk-14.0.1/bin/java -jar /lab/itti/projects/checkers-competition/server/referee.jar on run_3_vdhankar_vijjappu #####
Move is valid
##### SUCCESS: /usr/lib/jvm/jdk-14.0.1/bin/java -jar /lab/itti/projects/checkers-competition/server/referee.jar on run_3_vdhankar_vijjappu #####
INPUT for vijjappu:
GAME
WHITE
205.2
.b.b.b.b
b.b.b.b.
...b....
......b.
.w.w....
..w.....
.....b..
w...B.w.
##### Running: /usr/bin/time -o time_3_vdhankar_vijjappu.txt -f "%U" python3 homework.py > stulog.txt 2>&1 on vijjappu #####
##### SUCCESS: /usr/bin/time -o time_3_vdhankar_vijjappu.txt -f "%U" python3 homework.py > stulog.txt 2>&1 on vijjappu #####
##### vijjappu plays [J g1 e3] in 5.2s #####
##### Running: /usr/lib/jvm/jdk-14.0.1/bin/java -jar /lab/itti/projects/checkers-competition/server/referee.jar on run_3_vdhankar_vijjappu #####
Move is valid
##### SUCCESS: /usr/lib/jvm/jdk-14.0.1/bin/java -jar /lab/itti/projects/checkers-competition/server/referee.jar on run_3_vdhankar_vijjappu #####
INPUT for vdhankar:
GAME
BLACK
213.388837099075
.b.b.b.b
b.b.b.b.
...b....
......b.
.w.w....
..w.w...
........
w...B...
##### Running: /usr/bin/time -o time_3_vdhankar_vijjappu.txt -f "%U" python3 homework.py > stulog.txt 2>&1 on vdhankar #####
child exited with value 1
##### ERROR: /usr/bin/time -o time_3_vdhankar_vijjappu.txt -f "%U" python3 homework.py > stulog.txt 2>&1 on vdhankar #####
##### Output of failed program (stdout + stderr): #####
Traceback (most recent call last):
  File "homework.py", line 546, in <module>
    print(end-start)
NameError: name 'end' is not defined
##### End of output of failed program #####
##### vdhankar plays [E e1 d2] in 8.94617795944214s #####
##### Running: /usr/lib/jvm/jdk-14.0.1/bin/java -jar /lab/itti/projects/checkers-competition/server/referee.jar on run_3_vdhankar_vijjappu #####
Move is valid
##### SUCCESS: /usr/lib/jvm/jdk-14.0.1/bin/java -jar /lab/itti/projects/checkers-competition/server/referee.jar on run_3_vdhankar_vijjappu #####
INPUT for vijjappu:
GAME
WHITE
200
.b.b.b.b
b.b.b.b.
...b....
......b.
.w.w....
..w.w...
...B....
w.......
##### Running: /usr/bin/time -o time_3_vdhankar_vijjappu.txt -f "%U" python3 homework.py > stulog.txt 2>&1 on vijjappu #####
##### SUCCESS: /usr/bin/time -o time_3_vdhankar_vijjappu.txt -f "%U" python3 homework.py > stulog.txt 2>&1 on vijjappu #####
##### vijjappu plays [E e3 f4] in 5.88s #####
##### Running: /usr/lib/jvm/jdk-14.0.1/bin/java -jar /lab/itti/projects/checkers-competition/server/referee.jar on run_3_vdhankar_vijjappu #####
Move is valid
##### SUCCESS: /usr/lib/jvm/jdk-14.0.1/bin/java -jar /lab/itti/projects/checkers-competition/server/referee.jar on run_3_vdhankar_vijjappu #####
INPUT for vdhankar:
GAME
BLACK
204.442659139633
.b.b.b.b
b.b.b.b.
...b....
......b.
.w.w.w..
..w.....
...B....
w.......
##### Running: /usr/bin/time -o time_3_vdhankar_vijjappu.txt -f "%U" python3 homework.py > stulog.txt 2>&1 on vdhankar #####
child exited with value 1
##### ERROR: /usr/bin/time -o time_3_vdhankar_vijjappu.txt -f "%U" python3 homework.py > stulog.txt 2>&1 on vdhankar #####
##### Output of failed program (stdout + stderr): #####
Traceback (most recent call last):
  File "homework.py", line 546, in <module>
    print(end-start)
NameError: name 'end' is not defined
##### End of output of failed program #####
##### vdhankar plays [J g5 e3] in 2.7007040977478s #####
##### Running: /usr/lib/jvm/jdk-14.0.1/bin/java -jar /lab/itti/projects/checkers-competition/server/referee.jar on run_3_vdhankar_vijjappu #####
Move is valid
##### SUCCESS: /usr/lib/jvm/jdk-14.0.1/bin/java -jar /lab/itti/projects/checkers-competition/server/referee.jar on run_3_vdhankar_vijjappu #####
INPUT for vijjappu:
GAME
WHITE
194.12
.b.b.b.b
b.b.b.b.
...b....
........
.w.w....
..w.b...
...B....
w.......
##### Running: /usr/bin/time -o time_3_vdhankar_vijjappu.txt -f "%U" python3 homework.py > stulog.txt 2>&1 on vijjappu #####
##### SUCCESS: /usr/bin/time -o time_3_vdhankar_vijjappu.txt -f "%U" python3 homework.py > stulog.txt 2>&1 on vijjappu #####
##### vijjappu plays [E a1 b2] in 6.49s #####
##### Running: /usr/lib/jvm/jdk-14.0.1/bin/java -jar /lab/itti/projects/checkers-competition/server/referee.jar on run_3_vdhankar_vijjappu #####
Move is valid
##### SUCCESS: /usr/lib/jvm/jdk-14.0.1/bin/java -jar /lab/itti/projects/checkers-competition/server/referee.jar on run_3_vdhankar_vijjappu #####
INPUT for vdhankar:
GAME
BLACK
201.741955041885
.b.b.b.b
b.b.b.b.
...b....
........
.w.w....
..w.b...
.w.B....
........
##### Running: /usr/bin/time -o time_3_vdhankar_vijjappu.txt -f "%U" python3 homework.py > stulog.txt 2>&1 on vdhankar #####
child exited with value 1
##### ERROR: /usr/bin/time -o time_3_vdhankar_vijjappu.txt -f "%U" python3 homework.py > stulog.txt 2>&1 on vdhankar #####
##### Output of failed program (stdout + stderr): #####
Traceback (most recent call last):
  File "homework.py", line 546, in <module>
    print(end-start)
NameError: name 'end' is not defined
##### End of output of failed program #####
##### vdhankar plays [E d6 c5] in 1.97924208641052s #####
##### Running: /usr/lib/jvm/jdk-14.0.1/bin/java -jar /lab/itti/projects/checkers-competition/server/referee.jar on run_3_vdhankar_vijjappu #####
Move is valid
##### SUCCESS: /usr/lib/jvm/jdk-14.0.1/bin/java -jar /lab/itti/projects/checkers-competition/server/referee.jar on run_3_vdhankar_vijjappu #####
INPUT for vijjappu:
GAME
WHITE
187.63
.b.b.b.b
b.b.b.b.
........
..b.....
.w.w....
..w.b...
.w.B....
........
##### Running: /usr/bin/time -o time_3_vdhankar_vijjappu.txt -f "%U" python3 homework.py > stulog.txt 2>&1 on vijjappu #####
##### SUCCESS: /usr/bin/time -o time_3_vdhankar_vijjappu.txt -f "%U" python3 homework.py > stulog.txt 2>&1 on vijjappu #####
##### vijjappu plays [J b4 d6] in 3.59s #####
##### Running: /usr/lib/jvm/jdk-14.0.1/bin/java -jar /lab/itti/projects/checkers-competition/server/referee.jar on run_3_vdhankar_vijjappu #####
Move is valid
##### SUCCESS: /usr/lib/jvm/jdk-14.0.1/bin/java -jar /lab/itti/projects/checkers-competition/server/referee.jar on run_3_vdhankar_vijjappu #####
INPUT for vdhankar:
GAME
BLACK
199.762712955475
.b.b.b.b
b.b.b.b.
...w....
........
...w....
..w.b...
.w.B....
........
##### Running: /usr/bin/time -o time_3_vdhankar_vijjappu.txt -f "%U" python3 homework.py > stulog.txt 2>&1 on vdhankar #####
child exited with value 1
##### ERROR: /usr/bin/time -o time_3_vdhankar_vijjappu.txt -f "%U" python3 homework.py > stulog.txt 2>&1 on vdhankar #####
##### Output of failed program (stdout + stderr): #####
Traceback (most recent call last):
  File "homework.py", line 546, in <module>
    print(end-start)
NameError: name 'end' is not defined
##### End of output of failed program #####
##### vdhankar plays [J e7 c5] in 1.48395109176636s #####
##### Running: /usr/lib/jvm/jdk-14.0.1/bin/java -jar /lab/itti/projects/checkers-competition/server/referee.jar on run_3_vdhankar_vijjappu #####
Move is valid
##### SUCCESS: /usr/lib/jvm/jdk-14.0.1/bin/java -jar /lab/itti/projects/checkers-competition/server/referee.jar on run_3_vdhankar_vijjappu #####
INPUT for vijjappu:
GAME
WHITE
184.04
.b.b.b.b
b.b...b.
........
..b.....
...w....
..w.b...
.w.B....
........
##### Running: /usr/bin/time -o time_3_vdhankar_vijjappu.txt -f "%U" python3 homework.py > stulog.txt 2>&1 on vijjappu #####
##### SUCCESS: /usr/bin/time -o time_3_vdhankar_vijjappu.txt -f "%U" python3 homework.py > stulog.txt 2>&1 on vijjappu #####
##### vijjappu plays [J d4 b6] in 3.66s #####
##### Running: /usr/lib/jvm/jdk-14.0.1/bin/java -jar /lab/itti/projects/checkers-competition/server/referee.jar on run_3_vdhankar_vijjappu #####
Move is valid
##### SUCCESS: /usr/lib/jvm/jdk-14.0.1/bin/java -jar /lab/itti/projects/checkers-competition/server/referee.jar on run_3_vdhankar_vijjappu #####
INPUT for vdhankar:
GAME
BLACK
198.278761863708
.b.b.b.b
b.b...b.
.w......
........
........
..w.b...
.w.B....
........
##### Running: /usr/bin/time -o time_3_vdhankar_vijjappu.txt -f "%U" python3 homework.py > stulog.txt 2>&1 on vdhankar #####
child exited with value 1
##### ERROR: /usr/bin/time -o time_3_vdhankar_vijjappu.txt -f "%U" python3 homework.py > stulog.txt 2>&1 on vdhankar #####
##### Output of failed program (stdout + stderr): #####
Traceback (most recent call last):
  File "homework.py", line 546, in <module>
    print(end-start)
NameError: name 'end' is not defined
##### End of output of failed program #####
##### vdhankar plays [J a7 c5] in 0.836215972900391s #####
##### Running: /usr/lib/jvm/jdk-14.0.1/bin/java -jar /lab/itti/projects/checkers-competition/server/referee.jar on run_3_vdhankar_vijjappu #####
Move is valid
##### SUCCESS: /usr/lib/jvm/jdk-14.0.1/bin/java -jar /lab/itti/projects/checkers-competition/server/referee.jar on run_3_vdhankar_vijjappu #####
INPUT for vijjappu:
GAME
WHITE
180.38
.b.b.b.b
..b...b.
........
..b.....
........
..w.b...
.w.B....
........
##### Running: /usr/bin/time -o time_3_vdhankar_vijjappu.txt -f "%U" python3 homework.py > stulog.txt 2>&1 on vijjappu #####
##### SUCCESS: /usr/bin/time -o time_3_vdhankar_vijjappu.txt -f "%U" python3 homework.py > stulog.txt 2>&1 on vijjappu #####
##### vijjappu plays [E b2 a3] in 6.84s #####
##### Running: /usr/lib/jvm/jdk-14.0.1/bin/java -jar /lab/itti/projects/checkers-competition/server/referee.jar on run_3_vdhankar_vijjappu #####
Move is valid
##### SUCCESS: /usr/lib/jvm/jdk-14.0.1/bin/java -jar /lab/itti/projects/checkers-competition/server/referee.jar on run_3_vdhankar_vijjappu #####
INPUT for vdhankar:
GAME
BLACK
197.442545890808
.b.b.b.b
..b...b.
........
..b.....
........
w.w.b...
...B....
........
##### Running: /usr/bin/time -o time_3_vdhankar_vijjappu.txt -f "%U" python3 homework.py > stulog.txt 2>&1 on vdhankar #####
child exited with value 1
##### ERROR: /usr/bin/time -o time_3_vdhankar_vijjappu.txt -f "%U" python3 homework.py > stulog.txt 2>&1 on vdhankar #####
##### Output of failed program (stdout + stderr): #####
Traceback (most recent call last):
  File "homework.py", line 546, in <module>
    print(end-start)
NameError: name 'end' is not defined
##### End of output of failed program #####
##### vdhankar plays [J d2 b4] in 0.348818063735962s #####
##### Running: /usr/lib/jvm/jdk-14.0.1/bin/java -jar /lab/itti/projects/checkers-competition/server/referee.jar on run_3_vdhankar_vijjappu #####
Move is valid
After this move, player WHITE cannot make any moves
*** Winner: BLACK ***
##### SUCCESS: /usr/lib/jvm/jdk-14.0.1/bin/java -jar /lab/itti/projects/checkers-competition/server/referee.jar on run_3_vdhankar_vijjappu #####
##### GAME OVER: vdhankar wins the game! #####
Server said: WIN
########## ROUND 3 GAMESCORE AFTER GAME 3: vdhankar=3 and vijjappu=0 ##########
#################### ROUND 3: vdhankar (W) vs vijjappu (B): game 4 ####################
##### game start! #####
INPUT for vijjappu:
GAME
BLACK
300
.b.b.b.b
b.b.b.b.
.b.b.b.b
........
........
w.w.w.w.
.w.w.w.w
w.w.w.w.
##### Running: /usr/bin/time -o time_3_vdhankar_vijjappu.txt -f "%U" python3 homework.py > stulog.txt 2>&1 on vijjappu #####
##### SUCCESS: /usr/bin/time -o time_3_vdhankar_vijjappu.txt -f "%U" python3 homework.py > stulog.txt 2>&1 on vijjappu #####
##### vijjappu plays [E f6 e5] in 9.72s #####
##### Running: /usr/lib/jvm/jdk-14.0.1/bin/java -jar /lab/itti/projects/checkers-competition/server/referee.jar on run_3_vdhankar_vijjappu #####
Move is valid
Couldn't read file 'current_ply.txt'
Couldn't read content from file 'current_ply.txt'
Couldn't read file 'lastmatchange_ply.txt'
Couldn't read content from file 'lastmatchange_ply.txt'
##### SUCCESS: /usr/lib/jvm/jdk-14.0.1/bin/java -jar /lab/itti/projects/checkers-competition/server/referee.jar on run_3_vdhankar_vijjappu #####
INPUT for vdhankar:
GAME
WHITE
300
.b.b.b.b
b.b.b.b.
.b.b...b
....b...
........
w.w.w.w.
.w.w.w.w
w.w.w.w.
##### Running: /usr/bin/time -o time_3_vdhankar_vijjappu.txt -f "%U" python3 homework.py > stulog.txt 2>&1 on vdhankar #####
child exited with value 1
##### ERROR: /usr/bin/time -o time_3_vdhankar_vijjappu.txt -f "%U" python3 homework.py > stulog.txt 2>&1 on vdhankar #####
##### Output of failed program (stdout + stderr): #####
Traceback (most recent call last):
  File "homework.py", line 546, in <module>
    print(end-start)
NameError: name 'end' is not defined
##### End of output of failed program #####
##### vdhankar plays [E g3 h4] in 9.52400398254395s #####
##### Running: /usr/lib/jvm/jdk-14.0.1/bin/java -jar /lab/itti/projects/checkers-competition/server/referee.jar on run_3_vdhankar_vijjappu #####
Move is valid
##### SUCCESS: /usr/lib/jvm/jdk-14.0.1/bin/java -jar /lab/itti/projects/checkers-competition/server/referee.jar on run_3_vdhankar_vijjappu #####
INPUT for vijjappu:
GAME
BLACK
290.28
.b.b.b.b
b.b.b.b.
.b.b...b
....b...
.......w
w.w.w...
.w.w.w.w
w.w.w.w.
##### Running: /usr/bin/time -o time_3_vdhankar_vijjappu.txt -f "%U" python3 homework.py > stulog.txt 2>&1 on vijjappu #####
##### SUCCESS: /usr/bin/time -o time_3_vdhankar_vijjappu.txt -f "%U" python3 homework.py > stulog.txt 2>&1 on vijjappu #####
##### vijjappu plays [E b6 a5] in 6.13s #####
##### Running: /usr/lib/jvm/jdk-14.0.1/bin/java -jar /lab/itti/projects/checkers-competition/server/referee.jar on run_3_vdhankar_vijjappu #####
Move is valid
##### SUCCESS: /usr/lib/jvm/jdk-14.0.1/bin/java -jar /lab/itti/projects/checkers-competition/server/referee.jar on run_3_vdhankar_vijjappu #####
INPUT for vdhankar:
GAME
WHITE
290.475996017456
.b.b.b.b
b.b.b.b.
...b...b
b...b...
.......w
w.w.w...
.w.w.w.w
w.w.w.w.
##### Running: /usr/bin/time -o time_3_vdhankar_vijjappu.txt -f "%U" python3 homework.py > stulog.txt 2>&1 on vdhankar #####
child exited with value 1
##### ERROR: /usr/bin/time -o time_3_vdhankar_vijjappu.txt -f "%U" python3 homework.py > stulog.txt 2>&1 on vdhankar #####
##### Output of failed program (stdout + stderr): #####
Traceback (most recent call last):
  File "homework.py", line 546, in <module>
    print(end-start)
NameError: name 'end' is not defined
##### End of output of failed program #####
##### vdhankar plays [E h2 g3] in 9.55929803848267s #####
##### Running: /usr/lib/jvm/jdk-14.0.1/bin/java -jar /lab/itti/projects/checkers-competition/server/referee.jar on run_3_vdhankar_vijjappu #####
Move is valid
##### SUCCESS: /usr/lib/jvm/jdk-14.0.1/bin/java -jar /lab/itti/projects/checkers-competition/server/referee.jar on run_3_vdhankar_vijjappu #####
INPUT for vijjappu:
GAME
BLACK
284.15
.b.b.b.b
b.b.b.b.
...b...b
b...b...
.......w
w.w.w.w.
.w.w.w..
w.w.w.w.
##### Running: /usr/bin/time -o time_3_vdhankar_vijjappu.txt -f "%U" python3 homework.py > stulog.txt 2>&1 on vijjappu #####
##### SUCCESS: /usr/bin/time -o time_3_vdhankar_vijjappu.txt -f "%U" python3 homework.py > stulog.txt 2>&1 on vijjappu #####
##### vijjappu plays [E a7 b6] in 19.71s #####
##### Running: /usr/lib/jvm/jdk-14.0.1/bin/java -jar /lab/itti/projects/checkers-competition/server/referee.jar on run_3_vdhankar_vijjappu #####
Move is valid
##### SUCCESS: /usr/lib/jvm/jdk-14.0.1/bin/java -jar /lab/itti/projects/checkers-competition/server/referee.jar on run_3_vdhankar_vijjappu #####
INPUT for vdhankar:
GAME
WHITE
280.916697978973
.b.b.b.b
..b.b.b.
.b.b...b
b...b...
.......w
w.w.w.w.
.w.w.w..
w.w.w.w.
##### Running: /usr/bin/time -o time_3_vdhankar_vijjappu.txt -f "%U" python3 homework.py > stulog.txt 2>&1 on vdhankar #####
child exited with value 1
##### ERROR: /usr/bin/time -o time_3_vdhankar_vijjappu.txt -f "%U" python3 homework.py > stulog.txt 2>&1 on vdhankar #####
##### Output of failed program (stdout + stderr): #####
Traceback (most recent call last):
  File "homework.py", line 546, in <module>
    print(end-start)
NameError: name 'end' is not defined
##### End of output of failed program #####
##### vdhankar plays [E e3 f4] in 6.41286087036133s #####
##### Running: /usr/lib/jvm/jdk-14.0.1/bin/java -jar /lab/itti/projects/checkers-competition/server/referee.jar on run_3_vdhankar_vijjappu #####
Move is valid
##### SUCCESS: /usr/lib/jvm/jdk-14.0.1/bin/java -jar /lab/itti/projects/checkers-competition/server/referee.jar on run_3_vdhankar_vijjappu #####
INPUT for vijjappu:
GAME
BLACK
264.44
.b.b.b.b
..b.b.b.
.b.b...b
b...b...
.....w.w
w.w...w.
.w.w.w..
w.w.w.w.
##### Running: /usr/bin/time -o time_3_vdhankar_vijjappu.txt -f "%U" python3 homework.py > stulog.txt 2>&1 on vijjappu #####
##### SUCCESS: /usr/bin/time -o time_3_vdhankar_vijjappu.txt -f "%U" python3 homework.py > stulog.txt 2>&1 on vijjappu #####
##### vijjappu plays [E e5 d4] in 6.2s #####
##### Running: /usr/lib/jvm/jdk-14.0.1/bin/java -jar /lab/itti/projects/checkers-competition/server/referee.jar on run_3_vdhankar_vijjappu #####
Move is valid
##### SUCCESS: /usr/lib/jvm/jdk-14.0.1/bin/java -jar /lab/itti/projects/checkers-competition/server/referee.jar on run_3_vdhankar_vijjappu #####
INPUT for vdhankar:
GAME
WHITE
274.503837108612
.b.b.b.b
..b.b.b.
.b.b...b
b.......
...b.w.w
w.w...w.
.w.w.w..
w.w.w.w.
##### Running: /usr/bin/time -o time_3_vdhankar_vijjappu.txt -f "%U" python3 homework.py > stulog.txt 2>&1 on vdhankar #####
child exited with value 1
##### ERROR: /usr/bin/time -o time_3_vdhankar_vijjappu.txt -f "%U" python3 homework.py > stulog.txt 2>&1 on vdhankar #####
##### Output of failed program (stdout + stderr): #####
Traceback (most recent call last):
  File "homework.py", line 546, in <module>
    print(end-start)
NameError: name 'end' is not defined
##### End of output of failed program #####
##### vdhankar plays [J c3 e5] in 3.61839699745178s #####
##### Running: /usr/lib/jvm/jdk-14.0.1/bin/java -jar /lab/itti/projects/checkers-competition/server/referee.jar on run_3_vdhankar_vijjappu #####
Move is valid
##### SUCCESS: /usr/lib/jvm/jdk-14.0.1/bin/java -jar /lab/itti/projects/checkers-competition/server/referee.jar on run_3_vdhankar_vijjappu #####
INPUT for vijjappu:
GAME
BLACK
258.24
.b.b.b.b
..b.b.b.
.b.b...b
b...w...
.....w.w
w.....w.
.w.w.w..
w.w.w.w.
##### Running: /usr/bin/time -o time_3_vdhankar_vijjappu.txt -f "%U" python3 homework.py > stulog.txt 2>&1 on vijjappu #####
##### SUCCESS: /usr/bin/time -o time_3_vdhankar_vijjappu.txt -f "%U" python3 homework.py > stulog.txt 2>&1 on vijjappu #####
##### vijjappu plays [E a5 b4] in 5.93s #####
##### Running: /usr/lib/jvm/jdk-14.0.1/bin/java -jar /lab/itti/projects/checkers-competition/server/referee.jar on run_3_vdhankar_vijjappu #####
Move is valid
##### SUCCESS: /usr/lib/jvm/jdk-14.0.1/bin/java -jar /lab/itti/projects/checkers-competition/server/referee.jar on run_3_vdhankar_vijjappu #####
INPUT for vdhankar:
GAME
WHITE
270.88544011116
.b.b.b.b
..b.b.b.
.b.b...b
....w...
.b...w.w
w.....w.
.w.w.w..
w.w.w.w.
##### Running: /usr/bin/time -o time_3_vdhankar_vijjappu.txt -f "%U" python3 homework.py > stulog.txt 2>&1 on vdhankar #####
child exited with value 1
##### ERROR: /usr/bin/time -o time_3_vdhankar_vijjappu.txt -f "%U" python3 homework.py > stulog.txt 2>&1 on vdhankar #####
##### Output of failed program (stdout + stderr): #####
Traceback (most recent call last):
  File "homework.py", line 546, in <module>
    print(end-start)
NameError: name 'end' is not defined
##### End of output of failed program #####
##### vdhankar plays [J a3 c5 ; J c5 a7] in 2.55277800559998s #####
##### Running: /usr/lib/jvm/jdk-14.0.1/bin/java -jar /lab/itti/projects/checkers-competition/server/referee.jar on run_3_vdhankar_vijjappu #####
Move is valid
##### SUCCESS: /usr/lib/jvm/jdk-14.0.1/bin/java -jar /lab/itti/projects/checkers-competition/server/referee.jar on run_3_vdhankar_vijjappu #####
INPUT for vijjappu:
GAME
BLACK
252.31
.b.b.b.b
w.b.b.b.
...b...b
....w...
.....w.w
......w.
.w.w.w..
w.w.w.w.
##### Running: /usr/bin/time -o time_3_vdhankar_vijjappu.txt -f "%U" python3 homework.py > stulog.txt 2>&1 on vijjappu #####
##### SUCCESS: /usr/bin/time -o time_3_vdhankar_vijjappu.txt -f "%U" python3 homework.py > stulog.txt 2>&1 on vijjappu #####
##### vijjappu plays [E h6 g5] in 9.56s #####
##### Running: /usr/lib/jvm/jdk-14.0.1/bin/java -jar /lab/itti/projects/checkers-competition/server/referee.jar on run_3_vdhankar_vijjappu #####
Move is valid
##### SUCCESS: /usr/lib/jvm/jdk-14.0.1/bin/java -jar /lab/itti/projects/checkers-competition/server/referee.jar on run_3_vdhankar_vijjappu #####
INPUT for vdhankar:
GAME
WHITE
268.33266210556
.b.b.b.b
w.b.b.b.
...b....
....w.b.
.....w.w
......w.
.w.w.w..
w.w.w.w.
##### Running: /usr/bin/time -o time_3_vdhankar_vijjappu.txt -f "%U" python3 homework.py > stulog.txt 2>&1 on vdhankar #####
child exited with value 1
##### ERROR: /usr/bin/time -o time_3_vdhankar_vijjappu.txt -f "%U" python3 homework.py > stulog.txt 2>&1 on vdhankar #####
##### Output of failed program (stdout + stderr): #####
Traceback (most recent call last):
  File "homework.py", line 546, in <module>
    print(end-start)
NameError: name 'end' is not defined
##### End of output of failed program #####
##### vdhankar plays [J h4 f6] in 4.2227041721344s #####
##### Running: /usr/lib/jvm/jdk-14.0.1/bin/java -jar /lab/itti/projects/checkers-competition/server/referee.jar on run_3_vdhankar_vijjappu #####
Move is valid
##### SUCCESS: /usr/lib/jvm/jdk-14.0.1/bin/java -jar /lab/itti/projects/checkers-competition/server/referee.jar on run_3_vdhankar_vijjappu #####
INPUT for vijjappu:
GAME
BLACK
242.75
.b.b.b.b
w.b.b.b.
...b.w..
....w...
.....w..
......w.
.w.w.w..
w.w.w.w.
##### Running: /usr/bin/time -o time_3_vdhankar_vijjappu.txt -f "%U" python3 homework.py > stulog.txt 2>&1 on vijjappu #####
##### SUCCESS: /usr/bin/time -o time_3_vdhankar_vijjappu.txt -f "%U" python3 homework.py > stulog.txt 2>&1 on vijjappu #####
##### vijjappu plays [J e7 g5 ; J g5 e3] in 6.21s #####
##### Running: /usr/lib/jvm/jdk-14.0.1/bin/java -jar /lab/itti/projects/checkers-competition/server/referee.jar on run_3_vdhankar_vijjappu #####
Move is valid
##### SUCCESS: /usr/lib/jvm/jdk-14.0.1/bin/java -jar /lab/itti/projects/checkers-competition/server/referee.jar on run_3_vdhankar_vijjappu #####
INPUT for vdhankar:
GAME
WHITE
264.109957933426
.b.b.b.b
w.b...b.
...b....
....w...
........
....b.w.
.w.w.w..
w.w.w.w.
##### Running: /usr/bin/time -o time_3_vdhankar_vijjappu.txt -f "%U" python3 homework.py > stulog.txt 2>&1 on vdhankar #####
child exited with value 1
##### ERROR: /usr/bin/time -o time_3_vdhankar_vijjappu.txt -f "%U" python3 homework.py > stulog.txt 2>&1 on vdhankar #####
##### Output of failed program (stdout + stderr): #####
Traceback (most recent call last):
  File "homework.py", line 546, in <module>
    print(end-start)
NameError: name 'end' is not defined
##### End of output of failed program #####
##### vdhankar plays [J d2 f4] in 3.9760479927063s #####
##### Running: /usr/lib/jvm/jdk-14.0.1/bin/java -jar /lab/itti/projects/checkers-competition/server/referee.jar on run_3_vdhankar_vijjappu #####
Move is valid
##### SUCCESS: /usr/lib/jvm/jdk-14.0.1/bin/java -jar /lab/itti/projects/checkers-competition/server/referee.jar on run_3_vdhankar_vijjappu #####
INPUT for vijjappu:
GAME
BLACK
236.54
.b.b.b.b
w.b...b.
...b....
....w...
.....w..
......w.
.w...w..
w.w.w.w.
##### Running: /usr/bin/time -o time_3_vdhankar_vijjappu.txt -f "%U" python3 homework.py > stulog.txt 2>&1 on vijjappu #####
##### SUCCESS: /usr/bin/time -o time_3_vdhankar_vijjappu.txt -f "%U" python3 homework.py > stulog.txt 2>&1 on vijjappu #####
##### vijjappu plays [E c7 b6] in 5.06s #####
##### Running: /usr/lib/jvm/jdk-14.0.1/bin/java -jar /lab/itti/projects/checkers-competition/server/referee.jar on run_3_vdhankar_vijjappu #####
Move is valid
##### SUCCESS: /usr/lib/jvm/jdk-14.0.1/bin/java -jar /lab/itti/projects/checkers-competition/server/referee.jar on run_3_vdhankar_vijjappu #####
INPUT for vdhankar:
GAME
WHITE
260.13390994072
.b.b.b.b
w.....b.
.b.b....
....w...
.....w..
......w.
.w...w..
w.w.w.w.
##### Running: /usr/bin/time -o time_3_vdhankar_vijjappu.txt -f "%U" python3 homework.py > stulog.txt 2>&1 on vdhankar #####
child exited with value 1
##### ERROR: /usr/bin/time -o time_3_vdhankar_vijjappu.txt -f "%U" python3 homework.py > stulog.txt 2>&1 on vdhankar #####
##### Output of failed program (stdout + stderr): #####
Traceback (most recent call last):
  File "homework.py", line 546, in <module>
    print(end-start)
NameError: name 'end' is not defined
##### End of output of failed program #####
##### vdhankar plays [J e5 c7] in 4.2382972240448s #####
##### Running: /usr/lib/jvm/jdk-14.0.1/bin/java -jar /lab/itti/projects/checkers-competition/server/referee.jar on run_3_vdhankar_vijjappu #####
Move is valid
##### SUCCESS: /usr/lib/jvm/jdk-14.0.1/bin/java -jar /lab/itti/projects/checkers-competition/server/referee.jar on run_3_vdhankar_vijjappu #####
INPUT for vijjappu:
GAME
BLACK
231.48
.b.b.b.b
w.w...b.
.b......
........
.....w..
......w.
.w...w..
w.w.w.w.
##### Running: /usr/bin/time -o time_3_vdhankar_vijjappu.txt -f "%U" python3 homework.py > stulog.txt 2>&1 on vijjappu #####
##### SUCCESS: /usr/bin/time -o time_3_vdhankar_vijjappu.txt -f "%U" python3 homework.py > stulog.txt 2>&1 on vijjappu #####
##### vijjappu plays [J b8 d6] in 25s #####
##### Running: /usr/lib/jvm/jdk-14.0.1/bin/java -jar /lab/itti/projects/checkers-competition/server/referee.jar on run_3_vdhankar_vijjappu #####
Move is valid
##### SUCCESS: /usr/lib/jvm/jdk-14.0.1/bin/java -jar /lab/itti/projects/checkers-competition/server/referee.jar on run_3_vdhankar_vijjappu #####
INPUT for vdhankar:
GAME
WHITE
255.895612716675
...b.b.b
w.....b.
.b.b....
........
.....w..
......w.
.w...w..
w.w.w.w.
##### Running: /usr/bin/time -o time_3_vdhankar_vijjappu.txt -f "%U" python3 homework.py > stulog.txt 2>&1 on vdhankar #####
child exited with value 1
##### ERROR: /usr/bin/time -o time_3_vdhankar_vijjappu.txt -f "%U" python3 homework.py > stulog.txt 2>&1 on vdhankar #####
##### Output of failed program (stdout + stderr): #####
Traceback (most recent call last):
  File "homework.py", line 546, in <module>
    print(end-start)
NameError: name 'end' is not defined
##### End of output of failed program #####
##### vdhankar plays [E g3 h4] in 41.8959038257599s #####
##### Running: /usr/lib/jvm/jdk-14.0.1/bin/java -jar /lab/itti/projects/checkers-competition/server/referee.jar on run_3_vdhankar_vijjappu #####
Move is valid
##### SUCCESS: /usr/lib/jvm/jdk-14.0.1/bin/java -jar /lab/itti/projects/checkers-competition/server/referee.jar on run_3_vdhankar_vijjappu #####
INPUT for vijjappu:
GAME
BLACK
206.48
...b.b.b
w.....b.
.b.b....
........
.....w.w
........
.w...w..
w.w.w.w.
##### Running: /usr/bin/time -o time_3_vdhankar_vijjappu.txt -f "%U" python3 homework.py > stulog.txt 2>&1 on vijjappu #####
##### SUCCESS: /usr/bin/time -o time_3_vdhankar_vijjappu.txt -f "%U" python3 homework.py > stulog.txt 2>&1 on vijjappu #####
##### vijjappu plays [E g7 f6] in 5.84s #####
##### Running: /usr/lib/jvm/jdk-14.0.1/bin/java -jar /lab/itti/projects/checkers-competition/server/referee.jar on run_3_vdhankar_vijjappu #####
Move is valid
##### SUCCESS: /usr/lib/jvm/jdk-14.0.1/bin/java -jar /lab/itti/projects/checkers-competition/server/referee.jar on run_3_vdhankar_vijjappu #####
INPUT for vdhankar:
GAME
WHITE
213.999708890915
...b.b.b
w.......
.b.b.b..
........
.....w.w
........
.w...w..
w.w.w.w.
##### Running: /usr/bin/time -o time_3_vdhankar_vijjappu.txt -f "%U" python3 homework.py > stulog.txt 2>&1 on vdhankar #####
child exited with value 1
##### ERROR: /usr/bin/time -o time_3_vdhankar_vijjappu.txt -f "%U" python3 homework.py > stulog.txt 2>&1 on vdhankar #####
##### Output of failed program (stdout + stderr): #####
Traceback (most recent call last):
  File "homework.py", line 546, in <module>
    print(end-start)
NameError: name 'end' is not defined
##### End of output of failed program #####
##### vdhankar plays [E g1 h2] in 60.5330882072449s #####
##### Running: /usr/lib/jvm/jdk-14.0.1/bin/java -jar /lab/itti/projects/checkers-competition/server/referee.jar on run_3_vdhankar_vijjappu #####
Move is valid
##### SUCCESS: /usr/lib/jvm/jdk-14.0.1/bin/java -jar /lab/itti/projects/checkers-competition/server/referee.jar on run_3_vdhankar_vijjappu #####
INPUT for vijjappu:
GAME
BLACK
200.64
...b.b.b
w.......
.b.b.b..
........
.....w.w
........
.w...w.w
w.w.w...
##### Running: /usr/bin/time -o time_3_vdhankar_vijjappu.txt -f "%U" python3 homework.py > stulog.txt 2>&1 on vijjappu #####
##### SUCCESS: /usr/bin/time -o time_3_vdhankar_vijjappu.txt -f "%U" python3 homework.py > stulog.txt 2>&1 on vijjappu #####
##### vijjappu plays [E b6 a5] in 5.48s #####
##### Running: /usr/lib/jvm/jdk-14.0.1/bin/java -jar /lab/itti/projects/checkers-competition/server/referee.jar on run_3_vdhankar_vijjappu #####
Move is valid
##### SUCCESS: /usr/lib/jvm/jdk-14.0.1/bin/java -jar /lab/itti/projects/checkers-competition/server/referee.jar on run_3_vdhankar_vijjappu #####
INPUT for vdhankar:
GAME
WHITE
153.46662068367
...b.b.b
w.......
...b.b..
b.......
.....w.w
........
.w...w.w
w.w.w...
##### Running: /usr/bin/time -o time_3_vdhankar_vijjappu.txt -f "%U" python3 homework.py > stulog.txt 2>&1 on vdhankar #####
child exited with value 1
##### ERROR: /usr/bin/time -o time_3_vdhankar_vijjappu.txt -f "%U" python3 homework.py > stulog.txt 2>&1 on vdhankar #####
##### Output of failed program (stdout + stderr): #####
Traceback (most recent call last):
  File "homework.py", line 546, in <module>
    print(end-start)
NameError: name 'end' is not defined
##### End of output of failed program #####
##### vdhankar plays [E h2 g3] in 39.4538857936859s #####
##### Running: /usr/lib/jvm/jdk-14.0.1/bin/java -jar /lab/itti/projects/checkers-competition/server/referee.jar on run_3_vdhankar_vijjappu #####
Move is valid
##### SUCCESS: /usr/lib/jvm/jdk-14.0.1/bin/java -jar /lab/itti/projects/checkers-competition/server/referee.jar on run_3_vdhankar_vijjappu #####
INPUT for vijjappu:
GAME
BLACK
195.16
...b.b.b
w.......
...b.b..
b.......
.....w.w
......w.
.w...w..
w.w.w...
##### Running: /usr/bin/time -o time_3_vdhankar_vijjappu.txt -f "%U" python3 homework.py > stulog.txt 2>&1 on vijjappu #####
##### SUCCESS: /usr/bin/time -o time_3_vdhankar_vijjappu.txt -f "%U" python3 homework.py > stulog.txt 2>&1 on vijjappu #####
##### vijjappu plays [E d6 e5] in 8s #####
##### Running: /usr/lib/jvm/jdk-14.0.1/bin/java -jar /lab/itti/projects/checkers-competition/server/referee.jar on run_3_vdhankar_vijjappu #####
Move is valid
##### SUCCESS: /usr/lib/jvm/jdk-14.0.1/bin/java -jar /lab/itti/projects/checkers-competition/server/referee.jar on run_3_vdhankar_vijjappu #####
INPUT for vdhankar:
GAME
WHITE
114.012734889984
...b.b.b
w.......
.....b..
b...b...
.....w.w
......w.
.w...w..
w.w.w...
##### Running: /usr/bin/time -o time_3_vdhankar_vijjappu.txt -f "%U" python3 homework.py > stulog.txt 2>&1 on vdhankar #####
child exited with value 1
##### ERROR: /usr/bin/time -o time_3_vdhankar_vijjappu.txt -f "%U" python3 homework.py > stulog.txt 2>&1 on vdhankar #####
##### Output of failed program (stdout + stderr): #####
Traceback (most recent call last):
  File "homework.py", line 546, in <module>
    print(end-start)
NameError: name 'end' is not defined
##### End of output of failed program #####
##### vdhankar plays [J f4 d6] in 4.3755931854248s #####
##### Running: /usr/lib/jvm/jdk-14.0.1/bin/java -jar /lab/itti/projects/checkers-competition/server/referee.jar on run_3_vdhankar_vijjappu #####
Move is valid
##### SUCCESS: /usr/lib/jvm/jdk-14.0.1/bin/java -jar /lab/itti/projects/checkers-competition/server/referee.jar on run_3_vdhankar_vijjappu #####
INPUT for vijjappu:
GAME
BLACK
187.16
...b.b.b
w.......
...w.b..
b.......
.......w
......w.
.w...w..
w.w.w...
##### Running: /usr/bin/time -o time_3_vdhankar_vijjappu.txt -f "%U" python3 homework.py > stulog.txt 2>&1 on vijjappu #####
##### SUCCESS: /usr/bin/time -o time_3_vdhankar_vijjappu.txt -f "%U" python3 homework.py > stulog.txt 2>&1 on vijjappu #####
##### vijjappu plays [E d8 c7] in 4.5s #####
##### Running: /usr/lib/jvm/jdk-14.0.1/bin/java -jar /lab/itti/projects/checkers-competition/server/referee.jar on run_3_vdhankar_vijjappu #####
Move is valid
##### SUCCESS: /usr/lib/jvm/jdk-14.0.1/bin/java -jar /lab/itti/projects/checkers-competition/server/referee.jar on run_3_vdhankar_vijjappu #####
INPUT for vdhankar:
GAME
WHITE
109.637141704559
.....b.b
w.b.....
...w.b..
b.......
.......w
......w.
.w...w..
w.w.w...
##### Running: /usr/bin/time -o time_3_vdhankar_vijjappu.txt -f "%U" python3 homework.py > stulog.txt 2>&1 on vdhankar #####
child exited with value 1
##### ERROR: /usr/bin/time -o time_3_vdhankar_vijjappu.txt -f "%U" python3 homework.py > stulog.txt 2>&1 on vdhankar #####
##### Output of failed program (stdout + stderr): #####
Traceback (most recent call last):
  File "homework.py", line 546, in <module>
    print(end-start)
NameError: name 'end' is not defined
##### End of output of failed program #####
##### vdhankar plays [J d6 b8] in 2.00082182884216s #####
##### Running: /usr/lib/jvm/jdk-14.0.1/bin/java -jar /lab/itti/projects/checkers-competition/server/referee.jar on run_3_vdhankar_vijjappu #####
Move is valid
##### SUCCESS: /usr/lib/jvm/jdk-14.0.1/bin/java -jar /lab/itti/projects/checkers-competition/server/referee.jar on run_3_vdhankar_vijjappu #####
INPUT for vijjappu:
GAME
BLACK
182.66
.W...b.b
w.......
.....b..
b.......
.......w
......w.
.w...w..
w.w.w...
##### Running: /usr/bin/time -o time_3_vdhankar_vijjappu.txt -f "%U" python3 homework.py > stulog.txt 2>&1 on vijjappu #####
##### SUCCESS: /usr/bin/time -o time_3_vdhankar_vijjappu.txt -f "%U" python3 homework.py > stulog.txt 2>&1 on vijjappu #####
##### vijjappu plays [E f6 g5] in 5.73s #####
##### Running: /usr/lib/jvm/jdk-14.0.1/bin/java -jar /lab/itti/projects/checkers-competition/server/referee.jar on run_3_vdhankar_vijjappu #####
Move is valid
##### SUCCESS: /usr/lib/jvm/jdk-14.0.1/bin/java -jar /lab/itti/projects/checkers-competition/server/referee.jar on run_3_vdhankar_vijjappu #####
INPUT for vdhankar:
GAME
WHITE
107.636319875717
.W...b.b
w.......
........
b.....b.
.......w
......w.
.w...w..
w.w.w...
##### Running: /usr/bin/time -o time_3_vdhankar_vijjappu.txt -f "%U" python3 homework.py > stulog.txt 2>&1 on vdhankar #####
child exited with value 1
##### ERROR: /usr/bin/time -o time_3_vdhankar_vijjappu.txt -f "%U" python3 homework.py > stulog.txt 2>&1 on vdhankar #####
##### Output of failed program (stdout + stderr): #####
Traceback (most recent call last):
  File "homework.py", line 546, in <module>
    print(end-start)
NameError: name 'end' is not defined
##### End of output of failed program #####
##### vdhankar plays [J h4 f6] in 0.556569814682007s #####
##### Running: /usr/lib/jvm/jdk-14.0.1/bin/java -jar /lab/itti/projects/checkers-competition/server/referee.jar on run_3_vdhankar_vijjappu #####
Move is valid
##### SUCCESS: /usr/lib/jvm/jdk-14.0.1/bin/java -jar /lab/itti/projects/checkers-competition/server/referee.jar on run_3_vdhankar_vijjappu #####
INPUT for vijjappu:
GAME
BLACK
176.93
.W...b.b
w.......
.....w..
b.......
........
......w.
.w...w..
w.w.w...
##### Running: /usr/bin/time -o time_3_vdhankar_vijjappu.txt -f "%U" python3 homework.py > stulog.txt 2>&1 on vijjappu #####
##### SUCCESS: /usr/bin/time -o time_3_vdhankar_vijjappu.txt -f "%U" python3 homework.py > stulog.txt 2>&1 on vijjappu #####
##### vijjappu plays [E f8 e7] in 6.67s #####
##### Running: /usr/lib/jvm/jdk-14.0.1/bin/java -jar /lab/itti/projects/checkers-competition/server/referee.jar on run_3_vdhankar_vijjappu #####
Move is valid
##### SUCCESS: /usr/lib/jvm/jdk-14.0.1/bin/java -jar /lab/itti/projects/checkers-competition/server/referee.jar on run_3_vdhankar_vijjappu #####
INPUT for vdhankar:
GAME
WHITE
107.079750061035
.W.....b
w...b...
.....w..
b.......
........
......w.
.w...w..
w.w.w...
##### Running: /usr/bin/time -o time_3_vdhankar_vijjappu.txt -f "%U" python3 homework.py > stulog.txt 2>&1 on vdhankar #####
child exited with value 1
##### ERROR: /usr/bin/time -o time_3_vdhankar_vijjappu.txt -f "%U" python3 homework.py > stulog.txt 2>&1 on vdhankar #####
##### Output of failed program (stdout + stderr): #####
Traceback (most recent call last):
  File "homework.py", line 546, in <module>
    print(end-start)
NameError: name 'end' is not defined
##### End of output of failed program #####
##### vdhankar plays [J f6 d8] in 1.10813903808594s #####
##### Running: /usr/lib/jvm/jdk-14.0.1/bin/java -jar /lab/itti/projects/checkers-competition/server/referee.jar on run_3_vdhankar_vijjappu #####
Move is valid
##### SUCCESS: /usr/lib/jvm/jdk-14.0.1/bin/java -jar /lab/itti/projects/checkers-competition/server/referee.jar on run_3_vdhankar_vijjappu #####
INPUT for vijjappu:
GAME
BLACK
170.26
.W.W...b
w.......
........
b.......
........
......w.
.w...w..
w.w.w...
##### Running: /usr/bin/time -o time_3_vdhankar_vijjappu.txt -f "%U" python3 homework.py > stulog.txt 2>&1 on vijjappu #####
##### SUCCESS: /usr/bin/time -o time_3_vdhankar_vijjappu.txt -f "%U" python3 homework.py > stulog.txt 2>&1 on vijjappu #####
##### vijjappu plays [E h8 g7] in 4.94s #####
##### Running: /usr/lib/jvm/jdk-14.0.1/bin/java -jar /lab/itti/projects/checkers-competition/server/referee.jar on run_3_vdhankar_vijjappu #####
Move is valid
##### SUCCESS: /usr/lib/jvm/jdk-14.0.1/bin/java -jar /lab/itti/projects/checkers-competition/server/referee.jar on run_3_vdhankar_vijjappu #####
INPUT for vdhankar:
GAME
WHITE
105.971611022949
.W.W....
w.....b.
........
b.......
........
......w.
.w...w..
w.w.w...
##### Running: /usr/bin/time -o time_3_vdhankar_vijjappu.txt -f "%U" python3 homework.py > stulog.txt 2>&1 on vdhankar #####
child exited with value 1
##### ERROR: /usr/bin/time -o time_3_vdhankar_vijjappu.txt -f "%U" python3 homework.py > stulog.txt 2>&1 on vdhankar #####
##### Output of failed program (stdout + stderr): #####
Traceback (most recent call last):
  File "homework.py", line 546, in <module>
    print(end-start)
NameError: name 'end' is not defined
##### End of output of failed program #####
##### vdhankar plays [E b2 a3] in 2.85878396034241s #####
##### Running: /usr/lib/jvm/jdk-14.0.1/bin/java -jar /lab/itti/projects/checkers-competition/server/referee.jar on run_3_vdhankar_vijjappu #####
Move is valid
##### SUCCESS: /usr/lib/jvm/jdk-14.0.1/bin/java -jar /lab/itti/projects/checkers-competition/server/referee.jar on run_3_vdhankar_vijjappu #####
INPUT for vijjappu:
GAME
BLACK
165.32
.W.W....
w.....b.
........
b.......
........
w.....w.
.....w..
w.w.w...
##### Running: /usr/bin/time -o time_3_vdhankar_vijjappu.txt -f "%U" python3 homework.py > stulog.txt 2>&1 on vijjappu #####
##### SUCCESS: /usr/bin/time -o time_3_vdhankar_vijjappu.txt -f "%U" python3 homework.py > stulog.txt 2>&1 on vijjappu #####
##### vijjappu plays [E g7 f6] in 3.5s #####
##### Running: /usr/lib/jvm/jdk-14.0.1/bin/java -jar /lab/itti/projects/checkers-competition/server/referee.jar on run_3_vdhankar_vijjappu #####
Move is valid
##### SUCCESS: /usr/lib/jvm/jdk-14.0.1/bin/java -jar /lab/itti/projects/checkers-competition/server/referee.jar on run_3_vdhankar_vijjappu #####
INPUT for vdhankar:
GAME
WHITE
103.112827062607
.W.W....
w.......
.....b..
b.......
........
w.....w.
.....w..
w.w.w...
##### Running: /usr/bin/time -o time_3_vdhankar_vijjappu.txt -f "%U" python3 homework.py > stulog.txt 2>&1 on vdhankar #####
child exited with value 1
##### ERROR: /usr/bin/time -o time_3_vdhankar_vijjappu.txt -f "%U" python3 homework.py > stulog.txt 2>&1 on vdhankar #####
##### Output of failed program (stdout + stderr): #####
Traceback (most recent call last):
  File "homework.py", line 546, in <module>
    print(end-start)
NameError: name 'end' is not defined
##### End of output of failed program #####
##### vdhankar plays [E b8 c7] in 0.391746997833252s #####
##### Running: /usr/lib/jvm/jdk-14.0.1/bin/java -jar /lab/itti/projects/checkers-competition/server/referee.jar on run_3_vdhankar_vijjappu #####
Move is valid
##### SUCCESS: /usr/lib/jvm/jdk-14.0.1/bin/java -jar /lab/itti/projects/checkers-competition/server/referee.jar on run_3_vdhankar_vijjappu #####
INPUT for vijjappu:
GAME
BLACK
161.82
...W....
w.W.....
.....b..
b.......
........
w.....w.
.....w..
w.w.w...
##### Running: /usr/bin/time -o time_3_vdhankar_vijjappu.txt -f "%U" python3 homework.py > stulog.txt 2>&1 on vijjappu #####
##### SUCCESS: /usr/bin/time -o time_3_vdhankar_vijjappu.txt -f "%U" python3 homework.py > stulog.txt 2>&1 on vijjappu #####
##### vijjappu plays [E f6 e5] in 5.9s #####
##### Running: /usr/lib/jvm/jdk-14.0.1/bin/java -jar /lab/itti/projects/checkers-competition/server/referee.jar on run_3_vdhankar_vijjappu #####
Move is valid
##### SUCCESS: /usr/lib/jvm/jdk-14.0.1/bin/java -jar /lab/itti/projects/checkers-competition/server/referee.jar on run_3_vdhankar_vijjappu #####
INPUT for vdhankar:
GAME
WHITE
102.721080064774
...W....
w.W.....
........
b...b...
........
w.....w.
.....w..
w.w.w...
##### Running: /usr/bin/time -o time_3_vdhankar_vijjappu.txt -f "%U" python3 homework.py > stulog.txt 2>&1 on vdhankar #####
child exited with value 1
##### ERROR: /usr/bin/time -o time_3_vdhankar_vijjappu.txt -f "%U" python3 homework.py > stulog.txt 2>&1 on vdhankar #####
##### Output of failed program (stdout + stderr): #####
Traceback (most recent call last):
  File "homework.py", line 546, in <module>
    print(end-start)
NameError: name 'end' is not defined
##### End of output of failed program #####
##### vdhankar plays [E d8 e7] in 0.508852958679199s #####
##### Running: /usr/lib/jvm/jdk-14.0.1/bin/java -jar /lab/itti/projects/checkers-competition/server/referee.jar on run_3_vdhankar_vijjappu #####
Move is valid
##### SUCCESS: /usr/lib/jvm/jdk-14.0.1/bin/java -jar /lab/itti/projects/checkers-competition/server/referee.jar on run_3_vdhankar_vijjappu #####
INPUT for vijjappu:
GAME
BLACK
155.92
........
w.W.W...
........
b...b...
........
w.....w.
.....w..
w.w.w...
##### Running: /usr/bin/time -o time_3_vdhankar_vijjappu.txt -f "%U" python3 homework.py > stulog.txt 2>&1 on vijjappu #####
##### SUCCESS: /usr/bin/time -o time_3_vdhankar_vijjappu.txt -f "%U" python3 homework.py > stulog.txt 2>&1 on vijjappu #####
##### vijjappu plays [E a5 b4] in 4.36s #####
##### Running: /usr/lib/jvm/jdk-14.0.1/bin/java -jar /lab/itti/projects/checkers-competition/server/referee.jar on run_3_vdhankar_vijjappu #####
Move is valid
##### SUCCESS: /usr/lib/jvm/jdk-14.0.1/bin/java -jar /lab/itti/projects/checkers-competition/server/referee.jar on run_3_vdhankar_vijjappu #####
INPUT for vdhankar:
GAME
WHITE
102.212227106094
........
w.W.W...
........
....b...
.b......
w.....w.
.....w..
w.w.w...
##### Running: /usr/bin/time -o time_3_vdhankar_vijjappu.txt -f "%U" python3 homework.py > stulog.txt 2>&1 on vdhankar #####
child exited with value 1
##### ERROR: /usr/bin/time -o time_3_vdhankar_vijjappu.txt -f "%U" python3 homework.py > stulog.txt 2>&1 on vdhankar #####
##### Output of failed program (stdout + stderr): #####
Traceback (most recent call last):
  File "homework.py", line 546, in <module>
    print(end-start)
NameError: name 'end' is not defined
##### End of output of failed program #####
##### vdhankar plays [J a3 c5] in 0.219080924987793s #####
##### Running: /usr/lib/jvm/jdk-14.0.1/bin/java -jar /lab/itti/projects/checkers-competition/server/referee.jar on run_3_vdhankar_vijjappu #####
Move is valid
##### SUCCESS: /usr/lib/jvm/jdk-14.0.1/bin/java -jar /lab/itti/projects/checkers-competition/server/referee.jar on run_3_vdhankar_vijjappu #####
INPUT for vijjappu:
GAME
BLACK
151.56
........
w.W.W...
........
..w.b...
........
......w.
.....w..
w.w.w...
##### Running: /usr/bin/time -o time_3_vdhankar_vijjappu.txt -f "%U" python3 homework.py > stulog.txt 2>&1 on vijjappu #####
##### SUCCESS: /usr/bin/time -o time_3_vdhankar_vijjappu.txt -f "%U" python3 homework.py > stulog.txt 2>&1 on vijjappu #####
##### vijjappu plays [E e5 d4] in 5.22s #####
##### Running: /usr/lib/jvm/jdk-14.0.1/bin/java -jar /lab/itti/projects/checkers-competition/server/referee.jar on run_3_vdhankar_vijjappu #####
Move is valid
##### SUCCESS: /usr/lib/jvm/jdk-14.0.1/bin/java -jar /lab/itti/projects/checkers-competition/server/referee.jar on run_3_vdhankar_vijjappu #####
INPUT for vdhankar:
GAME
WHITE
101.993146181107
........
w.W.W...
........
..w.....
...b....
......w.
.....w..
w.w.w...
##### Running: /usr/bin/time -o time_3_vdhankar_vijjappu.txt -f "%U" python3 homework.py > stulog.txt 2>&1 on vdhankar #####
child exited with value 1
##### ERROR: /usr/bin/time -o time_3_vdhankar_vijjappu.txt -f "%U" python3 homework.py > stulog.txt 2>&1 on vdhankar #####
##### Output of failed program (stdout + stderr): #####
Traceback (most recent call last):
  File "homework.py", line 546, in <module>
    print(end-start)
NameError: name 'end' is not defined
##### End of output of failed program #####
##### vdhankar plays [E a7 b8] in 0.254096031188965s #####
##### Running: /usr/lib/jvm/jdk-14.0.1/bin/java -jar /lab/itti/projects/checkers-competition/server/referee.jar on run_3_vdhankar_vijjappu #####
Move is valid
##### SUCCESS: /usr/lib/jvm/jdk-14.0.1/bin/java -jar /lab/itti/projects/checkers-competition/server/referee.jar on run_3_vdhankar_vijjappu #####
INPUT for vijjappu:
GAME
BLACK
146.34
.W......
..W.W...
........
..w.....
...b....
......w.
.....w..
w.w.w...
##### Running: /usr/bin/time -o time_3_vdhankar_vijjappu.txt -f "%U" python3 homework.py > stulog.txt 2>&1 on vijjappu #####
##### SUCCESS: /usr/bin/time -o time_3_vdhankar_vijjappu.txt -f "%U" python3 homework.py > stulog.txt 2>&1 on vijjappu #####
##### vijjappu plays [E d4 c3] in 2.99s #####
##### Running: /usr/lib/jvm/jdk-14.0.1/bin/java -jar /lab/itti/projects/checkers-competition/server/referee.jar on run_3_vdhankar_vijjappu #####
Move is valid
##### SUCCESS: /usr/lib/jvm/jdk-14.0.1/bin/java -jar /lab/itti/projects/checkers-competition/server/referee.jar on run_3_vdhankar_vijjappu #####
INPUT for vdhankar:
GAME
WHITE
101.739050149918
.W......
..W.W...
........
..w.....
........
..b...w.
.....w..
w.w.w...
##### Running: /usr/bin/time -o time_3_vdhankar_vijjappu.txt -f "%U" python3 homework.py > stulog.txt 2>&1 on vdhankar #####
child exited with value 1
##### ERROR: /usr/bin/time -o time_3_vdhankar_vijjappu.txt -f "%U" python3 homework.py > stulog.txt 2>&1 on vdhankar #####
##### Output of failed program (stdout + stderr): #####
Traceback (most recent call last):
  File "homework.py", line 546, in <module>
    print(end-start)
NameError: name 'end' is not defined
##### End of output of failed program #####
##### vdhankar plays [E b8 a7] in 0.217467069625854s #####
##### Running: /usr/lib/jvm/jdk-14.0.1/bin/java -jar /lab/itti/projects/checkers-competition/server/referee.jar on run_3_vdhankar_vijjappu #####
Move is valid
##### SUCCESS: /usr/lib/jvm/jdk-14.0.1/bin/java -jar /lab/itti/projects/checkers-competition/server/referee.jar on run_3_vdhankar_vijjappu #####
INPUT for vijjappu:
GAME
BLACK
143.35
........
W.W.W...
........
..w.....
........
..b...w.
.....w..
w.w.w...
##### Running: /usr/bin/time -o time_3_vdhankar_vijjappu.txt -f "%U" python3 homework.py > stulog.txt 2>&1 on vijjappu #####
##### SUCCESS: /usr/bin/time -o time_3_vdhankar_vijjappu.txt -f "%U" python3 homework.py > stulog.txt 2>&1 on vijjappu #####
##### vijjappu plays [E c3 b2] in 2.9s #####
##### Running: /usr/lib/jvm/jdk-14.0.1/bin/java -jar /lab/itti/projects/checkers-competition/server/referee.jar on run_3_vdhankar_vijjappu #####
Move is valid
##### SUCCESS: /usr/lib/jvm/jdk-14.0.1/bin/java -jar /lab/itti/projects/checkers-competition/server/referee.jar on run_3_vdhankar_vijjappu #####
INPUT for vdhankar:
GAME
WHITE
101.521583080292
........
W.W.W...
........
..w.....
........
......w.
.b...w..
w.w.w...
##### Running: /usr/bin/time -o time_3_vdhankar_vijjappu.txt -f "%U" python3 homework.py > stulog.txt 2>&1 on vdhankar #####
child exited with value 1
##### ERROR: /usr/bin/time -o time_3_vdhankar_vijjappu.txt -f "%U" python3 homework.py > stulog.txt 2>&1 on vdhankar #####
##### Output of failed program (stdout + stderr): #####
Traceback (most recent call last):
  File "homework.py", line 546, in <module>
    print(end-start)
NameError: name 'end' is not defined
##### End of output of failed program #####
##### vdhankar plays [J a1 c3] in 0.205758094787598s #####
##### Running: /usr/lib/jvm/jdk-14.0.1/bin/java -jar /lab/itti/projects/checkers-competition/server/referee.jar on run_3_vdhankar_vijjappu #####
Move is valid
After this move, player BLACK cannot make any moves
*** Winner: WHITE ***
##### SUCCESS: /usr/lib/jvm/jdk-14.0.1/bin/java -jar /lab/itti/projects/checkers-competition/server/referee.jar on run_3_vdhankar_vijjappu #####
##### GAME OVER: vdhankar wins the game! #####
Server said: WIN
########## ROUND 3 GAMESCORE AFTER GAME 4: vdhankar=4 and vijjappu=0 ##########


########## GRAND WINNER ROUND 3 IS vdhankar BY 4 vs 0 GAMESCORE ##########
