#################### ROUND 12: vdhankar (W) vs zwang715 (B): game 1 ####################
##### game start! #####
INPUT for zwang715:
GAME
BLACK
300
.b.b.b.b
b.b.b.b.
.b.b.b.b
........
........
w.w.w.w.
.w.w.w.w
w.w.w.w.
##### Running: /usr/bin/time -o time_12_vdhankar_zwang715.txt -f "%U" python3 homework.py > stulog.txt 2>&1 on zwang715 #####
##### SUCCESS: /usr/bin/time -o time_12_vdhankar_zwang715.txt -f "%U" python3 homework.py > stulog.txt 2>&1 on zwang715 #####
##### zwang715 plays [E b6 c5] in 0.17s #####
##### Running: /usr/lib/jvm/jdk-14.0.1/bin/java -jar /lab/itti/projects/checkers-competition/server/referee.jar on run_12_vdhankar_zwang715 #####
Move is valid
Couldn't read file 'current_ply.txt'
Couldn't read content from file 'current_ply.txt'
Couldn't read file 'lastmatchange_ply.txt'
Couldn't read content from file 'lastmatchange_ply.txt'
##### SUCCESS: /usr/lib/jvm/jdk-14.0.1/bin/java -jar /lab/itti/projects/checkers-competition/server/referee.jar on run_12_vdhankar_zwang715 #####
INPUT for vdhankar:
GAME
WHITE
300
.b.b.b.b
b.b.b.b.
...b.b.b
..b.....
........
w.w.w.w.
.w.w.w.w
w.w.w.w.
##### Running: /usr/bin/time -o time_12_vdhankar_zwang715.txt -f "%U" python3 homework.py > stulog.txt 2>&1 on vdhankar #####
child exited with value 1
##### ERROR: /usr/bin/time -o time_12_vdhankar_zwang715.txt -f "%U" python3 homework.py > stulog.txt 2>&1 on vdhankar #####
##### Output of failed program (stdout + stderr): #####
Traceback (most recent call last):
  File "homework.py", line 546, in <module>
    print(end-start)
NameError: name 'end' is not defined
##### End of output of failed program #####
##### vdhankar plays [E g3 h4] in 4.94596290588379s #####
##### Running: /usr/lib/jvm/jdk-14.0.1/bin/java -jar /lab/itti/projects/checkers-competition/server/referee.jar on run_12_vdhankar_zwang715 #####
Move is valid
##### SUCCESS: /usr/lib/jvm/jdk-14.0.1/bin/java -jar /lab/itti/projects/checkers-competition/server/referee.jar on run_12_vdhankar_zwang715 #####
INPUT for zwang715:
GAME
BLACK
299.83
.b.b.b.b
b.b.b.b.
...b.b.b
..b.....
.......w
w.w.w...
.w.w.w.w
w.w.w.w.
##### Running: /usr/bin/time -o time_12_vdhankar_zwang715.txt -f "%U" python3 homework.py > stulog.txt 2>&1 on zwang715 #####
##### SUCCESS: /usr/bin/time -o time_12_vdhankar_zwang715.txt -f "%U" python3 homework.py > stulog.txt 2>&1 on zwang715 #####
##### zwang715 plays [E a7 b6] in 0.22s #####
##### Running: /usr/lib/jvm/jdk-14.0.1/bin/java -jar /lab/itti/projects/checkers-competition/server/referee.jar on run_12_vdhankar_zwang715 #####
Move is valid
##### SUCCESS: /usr/lib/jvm/jdk-14.0.1/bin/java -jar /lab/itti/projects/checkers-competition/server/referee.jar on run_12_vdhankar_zwang715 #####
INPUT for vdhankar:
GAME
WHITE
295.054037094116
.b.b.b.b
..b.b.b.
.b.b.b.b
..b.....
.......w
w.w.w...
.w.w.w.w
w.w.w.w.
##### Running: /usr/bin/time -o time_12_vdhankar_zwang715.txt -f "%U" python3 homework.py > stulog.txt 2>&1 on vdhankar #####
child exited with value 1
##### ERROR: /usr/bin/time -o time_12_vdhankar_zwang715.txt -f "%U" python3 homework.py > stulog.txt 2>&1 on vdhankar #####
##### Output of failed program (stdout + stderr): #####
Traceback (most recent call last):
  File "homework.py", line 546, in <module>
    print(end-start)
NameError: name 'end' is not defined
##### End of output of failed program #####
##### vdhankar plays [E f2 g3] in 7.37933111190796s #####
##### Running: /usr/lib/jvm/jdk-14.0.1/bin/java -jar /lab/itti/projects/checkers-competition/server/referee.jar on run_12_vdhankar_zwang715 #####
Move is valid
##### SUCCESS: /usr/lib/jvm/jdk-14.0.1/bin/java -jar /lab/itti/projects/checkers-competition/server/referee.jar on run_12_vdhankar_zwang715 #####
INPUT for zwang715:
GAME
BLACK
299.61
.b.b.b.b
..b.b.b.
.b.b.b.b
..b.....
.......w
w.w.w.w.
.w.w...w
w.w.w.w.
##### Running: /usr/bin/time -o time_12_vdhankar_zwang715.txt -f "%U" python3 homework.py > stulog.txt 2>&1 on zwang715 #####
##### SUCCESS: /usr/bin/time -o time_12_vdhankar_zwang715.txt -f "%U" python3 homework.py > stulog.txt 2>&1 on zwang715 #####
##### zwang715 plays [E b8 a7] in 0.26s #####
##### Running: /usr/lib/jvm/jdk-14.0.1/bin/java -jar /lab/itti/projects/checkers-competition/server/referee.jar on run_12_vdhankar_zwang715 #####
Move is valid
##### SUCCESS: /usr/lib/jvm/jdk-14.0.1/bin/java -jar /lab/itti/projects/checkers-competition/server/referee.jar on run_12_vdhankar_zwang715 #####
INPUT for vdhankar:
GAME
WHITE
287.674705982208
...b.b.b
b.b.b.b.
.b.b.b.b
..b.....
.......w
w.w.w.w.
.w.w...w
w.w.w.w.
##### Running: /usr/bin/time -o time_12_vdhankar_zwang715.txt -f "%U" python3 homework.py > stulog.txt 2>&1 on vdhankar #####
child exited with value 1
##### ERROR: /usr/bin/time -o time_12_vdhankar_zwang715.txt -f "%U" python3 homework.py > stulog.txt 2>&1 on vdhankar #####
##### Output of failed program (stdout + stderr): #####
Traceback (most recent call last):
  File "homework.py", line 546, in <module>
    print(end-start)
NameError: name 'end' is not defined
##### End of output of failed program #####
##### vdhankar plays [E c3 d4] in 2.16108798980713s #####
##### Running: /usr/lib/jvm/jdk-14.0.1/bin/java -jar /lab/itti/projects/checkers-competition/server/referee.jar on run_12_vdhankar_zwang715 #####
Move is valid
##### SUCCESS: /usr/lib/jvm/jdk-14.0.1/bin/java -jar /lab/itti/projects/checkers-competition/server/referee.jar on run_12_vdhankar_zwang715 #####
INPUT for zwang715:
GAME
BLACK
299.35
...b.b.b
b.b.b.b.
.b.b.b.b
..b.....
...w...w
w...w.w.
.w.w...w
w.w.w.w.
##### Running: /usr/bin/time -o time_12_vdhankar_zwang715.txt -f "%U" python3 homework.py > stulog.txt 2>&1 on zwang715 #####
##### SUCCESS: /usr/bin/time -o time_12_vdhankar_zwang715.txt -f "%U" python3 homework.py > stulog.txt 2>&1 on zwang715 #####
##### zwang715 plays [E b6 a5] in 0.21s #####
##### Running: /usr/lib/jvm/jdk-14.0.1/bin/java -jar /lab/itti/projects/checkers-competition/server/referee.jar on run_12_vdhankar_zwang715 #####
Move is valid
##### SUCCESS: /usr/lib/jvm/jdk-14.0.1/bin/java -jar /lab/itti/projects/checkers-competition/server/referee.jar on run_12_vdhankar_zwang715 #####
INPUT for vdhankar:
GAME
WHITE
285.513617992401
...b.b.b
b.b.b.b.
...b.b.b
b.b.....
...w...w
w...w.w.
.w.w...w
w.w.w.w.
##### Running: /usr/bin/time -o time_12_vdhankar_zwang715.txt -f "%U" python3 homework.py > stulog.txt 2>&1 on vdhankar #####
child exited with value 1
##### ERROR: /usr/bin/time -o time_12_vdhankar_zwang715.txt -f "%U" python3 homework.py > stulog.txt 2>&1 on vdhankar #####
##### Output of failed program (stdout + stderr): #####
Traceback (most recent call last):
  File "homework.py", line 546, in <module>
    print(end-start)
NameError: name 'end' is not defined
##### End of output of failed program #####
##### vdhankar plays [J d4 b6] in 0.833806037902832s #####
##### Running: /usr/lib/jvm/jdk-14.0.1/bin/java -jar /lab/itti/projects/checkers-competition/server/referee.jar on run_12_vdhankar_zwang715 #####
Move is valid
##### SUCCESS: /usr/lib/jvm/jdk-14.0.1/bin/java -jar /lab/itti/projects/checkers-competition/server/referee.jar on run_12_vdhankar_zwang715 #####
INPUT for zwang715:
GAME
BLACK
299.14
...b.b.b
b.b.b.b.
.w.b.b.b
b.......
.......w
w...w.w.
.w.w...w
w.w.w.w.
##### Running: /usr/bin/time -o time_12_vdhankar_zwang715.txt -f "%U" python3 homework.py > stulog.txt 2>&1 on zwang715 #####
##### SUCCESS: /usr/bin/time -o time_12_vdhankar_zwang715.txt -f "%U" python3 homework.py > stulog.txt 2>&1 on zwang715 #####
##### zwang715 plays [J a7 c5] in 0.18s #####
##### Running: /usr/lib/jvm/jdk-14.0.1/bin/java -jar /lab/itti/projects/checkers-competition/server/referee.jar on run_12_vdhankar_zwang715 #####
Move is valid
##### SUCCESS: /usr/lib/jvm/jdk-14.0.1/bin/java -jar /lab/itti/projects/checkers-competition/server/referee.jar on run_12_vdhankar_zwang715 #####
INPUT for vdhankar:
GAME
WHITE
284.679811954498
...b.b.b
..b.b.b.
...b.b.b
b.b.....
.......w
w...w.w.
.w.w...w
w.w.w.w.
##### Running: /usr/bin/time -o time_12_vdhankar_zwang715.txt -f "%U" python3 homework.py > stulog.txt 2>&1 on vdhankar #####
child exited with value 1
##### ERROR: /usr/bin/time -o time_12_vdhankar_zwang715.txt -f "%U" python3 homework.py > stulog.txt 2>&1 on vdhankar #####
##### Output of failed program (stdout + stderr): #####
Traceback (most recent call last):
  File "homework.py", line 546, in <module>
    print(end-start)
NameError: name 'end' is not defined
##### End of output of failed program #####
##### vdhankar plays [E g3 f4] in 4.41146397590637s #####
##### Running: /usr/lib/jvm/jdk-14.0.1/bin/java -jar /lab/itti/projects/checkers-competition/server/referee.jar on run_12_vdhankar_zwang715 #####
Move is valid
##### SUCCESS: /usr/lib/jvm/jdk-14.0.1/bin/java -jar /lab/itti/projects/checkers-competition/server/referee.jar on run_12_vdhankar_zwang715 #####
INPUT for zwang715:
GAME
BLACK
298.96
...b.b.b
..b.b.b.
...b.b.b
b.b.....
.....w.w
w...w...
.w.w...w
w.w.w.w.
##### Running: /usr/bin/time -o time_12_vdhankar_zwang715.txt -f "%U" python3 homework.py > stulog.txt 2>&1 on zwang715 #####
##### SUCCESS: /usr/bin/time -o time_12_vdhankar_zwang715.txt -f "%U" python3 homework.py > stulog.txt 2>&1 on zwang715 #####
##### zwang715 plays [E c7 b6] in 0.2s #####
##### Running: /usr/lib/jvm/jdk-14.0.1/bin/java -jar /lab/itti/projects/checkers-competition/server/referee.jar on run_12_vdhankar_zwang715 #####
Move is valid
##### SUCCESS: /usr/lib/jvm/jdk-14.0.1/bin/java -jar /lab/itti/projects/checkers-competition/server/referee.jar on run_12_vdhankar_zwang715 #####
INPUT for vdhankar:
GAME
WHITE
280.268347978592
...b.b.b
....b.b.
.b.b.b.b
b.b.....
.....w.w
w...w...
.w.w...w
w.w.w.w.
##### Running: /usr/bin/time -o time_12_vdhankar_zwang715.txt -f "%U" python3 homework.py > stulog.txt 2>&1 on vdhankar #####
child exited with value 1
##### ERROR: /usr/bin/time -o time_12_vdhankar_zwang715.txt -f "%U" python3 homework.py > stulog.txt 2>&1 on vdhankar #####
##### Output of failed program (stdout + stderr): #####
Traceback (most recent call last):
  File "homework.py", line 546, in <module>
    print(end-start)
NameError: name 'end' is not defined
##### End of output of failed program #####
##### vdhankar plays [E g1 f2] in 5.18638706207275s #####
##### Running: /usr/lib/jvm/jdk-14.0.1/bin/java -jar /lab/itti/projects/checkers-competition/server/referee.jar on run_12_vdhankar_zwang715 #####
Move is valid
##### SUCCESS: /usr/lib/jvm/jdk-14.0.1/bin/java -jar /lab/itti/projects/checkers-competition/server/referee.jar on run_12_vdhankar_zwang715 #####
INPUT for zwang715:
GAME
BLACK
298.76
...b.b.b
....b.b.
.b.b.b.b
b.b.....
.....w.w
w...w...
.w.w.w.w
w.w.w...
##### Running: /usr/bin/time -o time_12_vdhankar_zwang715.txt -f "%U" python3 homework.py > stulog.txt 2>&1 on zwang715 #####
##### SUCCESS: /usr/bin/time -o time_12_vdhankar_zwang715.txt -f "%U" python3 homework.py > stulog.txt 2>&1 on zwang715 #####
##### zwang715 plays [E d8 c7] in 0.19s #####
##### Running: /usr/lib/jvm/jdk-14.0.1/bin/java -jar /lab/itti/projects/checkers-competition/server/referee.jar on run_12_vdhankar_zwang715 #####
Move is valid
##### SUCCESS: /usr/lib/jvm/jdk-14.0.1/bin/java -jar /lab/itti/projects/checkers-competition/server/referee.jar on run_12_vdhankar_zwang715 #####
INPUT for vdhankar:
GAME
WHITE
275.081960916519
.....b.b
..b.b.b.
.b.b.b.b
b.b.....
.....w.w
w...w...
.w.w.w.w
w.w.w...
##### Running: /usr/bin/time -o time_12_vdhankar_zwang715.txt -f "%U" python3 homework.py > stulog.txt 2>&1 on vdhankar #####
child exited with value 1
##### ERROR: /usr/bin/time -o time_12_vdhankar_zwang715.txt -f "%U" python3 homework.py > stulog.txt 2>&1 on vdhankar #####
##### Output of failed program (stdout + stderr): #####
Traceback (most recent call last):
  File "homework.py", line 546, in <module>
    print(end-start)
NameError: name 'end' is not defined
##### End of output of failed program #####
##### vdhankar plays [E d2 c3] in 2.68235683441162s #####
##### Running: /usr/lib/jvm/jdk-14.0.1/bin/java -jar /lab/itti/projects/checkers-competition/server/referee.jar on run_12_vdhankar_zwang715 #####
Move is valid
##### SUCCESS: /usr/lib/jvm/jdk-14.0.1/bin/java -jar /lab/itti/projects/checkers-competition/server/referee.jar on run_12_vdhankar_zwang715 #####
INPUT for zwang715:
GAME
BLACK
298.57
.....b.b
..b.b.b.
.b.b.b.b
b.b.....
.....w.w
w.w.w...
.w...w.w
w.w.w...
##### Running: /usr/bin/time -o time_12_vdhankar_zwang715.txt -f "%U" python3 homework.py > stulog.txt 2>&1 on zwang715 #####
##### SUCCESS: /usr/bin/time -o time_12_vdhankar_zwang715.txt -f "%U" python3 homework.py > stulog.txt 2>&1 on zwang715 #####
##### zwang715 plays [E f6 g5] in 0.2s #####
##### Running: /usr/lib/jvm/jdk-14.0.1/bin/java -jar /lab/itti/projects/checkers-competition/server/referee.jar on run_12_vdhankar_zwang715 #####
Move is valid
##### SUCCESS: /usr/lib/jvm/jdk-14.0.1/bin/java -jar /lab/itti/projects/checkers-competition/server/referee.jar on run_12_vdhankar_zwang715 #####
INPUT for vdhankar:
GAME
WHITE
272.399604082108
.....b.b
..b.b.b.
.b.b...b
b.b...b.
.....w.w
w.w.w...
.w...w.w
w.w.w...
##### Running: /usr/bin/time -o time_12_vdhankar_zwang715.txt -f "%U" python3 homework.py > stulog.txt 2>&1 on vdhankar #####
child exited with value 1
##### ERROR: /usr/bin/time -o time_12_vdhankar_zwang715.txt -f "%U" python3 homework.py > stulog.txt 2>&1 on vdhankar #####
##### Output of failed program (stdout + stderr): #####
Traceback (most recent call last):
  File "homework.py", line 546, in <module>
    print(end-start)
NameError: name 'end' is not defined
##### End of output of failed program #####
##### vdhankar plays [J h4 f6 ; J f6 d8] in 1.31400299072266s #####
##### Running: /usr/lib/jvm/jdk-14.0.1/bin/java -jar /lab/itti/projects/checkers-competition/server/referee.jar on run_12_vdhankar_zwang715 #####
Move is valid
##### SUCCESS: /usr/lib/jvm/jdk-14.0.1/bin/java -jar /lab/itti/projects/checkers-competition/server/referee.jar on run_12_vdhankar_zwang715 #####
INPUT for zwang715:
GAME
BLACK
298.37
...W.b.b
..b...b.
.b.b...b
b.b.....
.....w..
w.w.w...
.w...w.w
w.w.w...
##### Running: /usr/bin/time -o time_12_vdhankar_zwang715.txt -f "%U" python3 homework.py > stulog.txt 2>&1 on zwang715 #####
##### SUCCESS: /usr/bin/time -o time_12_vdhankar_zwang715.txt -f "%U" python3 homework.py > stulog.txt 2>&1 on zwang715 #####
##### zwang715 plays [E g7 f6] in 0.26s #####
##### Running: /usr/lib/jvm/jdk-14.0.1/bin/java -jar /lab/itti/projects/checkers-competition/server/referee.jar on run_12_vdhankar_zwang715 #####
Move is valid
##### SUCCESS: /usr/lib/jvm/jdk-14.0.1/bin/java -jar /lab/itti/projects/checkers-competition/server/referee.jar on run_12_vdhankar_zwang715 #####
INPUT for vdhankar:
GAME
WHITE
271.085601091385
...W.b.b
..b.....
.b.b.b.b
b.b.....
.....w..
w.w.w...
.w...w.w
w.w.w...
##### Running: /usr/bin/time -o time_12_vdhankar_zwang715.txt -f "%U" python3 homework.py > stulog.txt 2>&1 on vdhankar #####
child exited with value 1
##### ERROR: /usr/bin/time -o time_12_vdhankar_zwang715.txt -f "%U" python3 homework.py > stulog.txt 2>&1 on vdhankar #####
##### Output of failed program (stdout + stderr): #####
Traceback (most recent call last):
  File "homework.py", line 546, in <module>
    print(end-start)
NameError: name 'end' is not defined
##### End of output of failed program #####
##### vdhankar plays [E d8 e7] in 3.21963381767273s #####
##### Running: /usr/lib/jvm/jdk-14.0.1/bin/java -jar /lab/itti/projects/checkers-competition/server/referee.jar on run_12_vdhankar_zwang715 #####
Move is valid
##### SUCCESS: /usr/lib/jvm/jdk-14.0.1/bin/java -jar /lab/itti/projects/checkers-competition/server/referee.jar on run_12_vdhankar_zwang715 #####
INPUT for zwang715:
GAME
BLACK
298.11
.....b.b
..b.W...
.b.b.b.b
b.b.....
.....w..
w.w.w...
.w...w.w
w.w.w...
##### Running: /usr/bin/time -o time_12_vdhankar_zwang715.txt -f "%U" python3 homework.py > stulog.txt 2>&1 on zwang715 #####
##### SUCCESS: /usr/bin/time -o time_12_vdhankar_zwang715.txt -f "%U" python3 homework.py > stulog.txt 2>&1 on zwang715 #####
##### zwang715 plays [E h8 g7] in 0.21s #####
##### Running: /usr/lib/jvm/jdk-14.0.1/bin/java -jar /lab/itti/projects/checkers-competition/server/referee.jar on run_12_vdhankar_zwang715 #####
Move is valid
##### SUCCESS: /usr/lib/jvm/jdk-14.0.1/bin/java -jar /lab/itti/projects/checkers-competition/server/referee.jar on run_12_vdhankar_zwang715 #####
INPUT for vdhankar:
GAME
WHITE
267.865967273712
.....b..
..b.W.b.
.b.b.b.b
b.b.....
.....w..
w.w.w...
.w...w.w
w.w.w...
##### Running: /usr/bin/time -o time_12_vdhankar_zwang715.txt -f "%U" python3 homework.py > stulog.txt 2>&1 on vdhankar #####
child exited with value 1
##### ERROR: /usr/bin/time -o time_12_vdhankar_zwang715.txt -f "%U" python3 homework.py > stulog.txt 2>&1 on vdhankar #####
##### Output of failed program (stdout + stderr): #####
Traceback (most recent call last):
  File "homework.py", line 546, in <module>
    print(end-start)
NameError: name 'end' is not defined
##### End of output of failed program #####
##### vdhankar plays [J e7 g5] in 1.21235990524292s #####
##### Running: /usr/lib/jvm/jdk-14.0.1/bin/java -jar /lab/itti/projects/checkers-competition/server/referee.jar on run_12_vdhankar_zwang715 #####
Move is valid
##### SUCCESS: /usr/lib/jvm/jdk-14.0.1/bin/java -jar /lab/itti/projects/checkers-competition/server/referee.jar on run_12_vdhankar_zwang715 #####
INPUT for zwang715:
GAME
BLACK
297.9
.....b..
..b...b.
.b.b...b
b.b...W.
.....w..
w.w.w...
.w...w.w
w.w.w...
##### Running: /usr/bin/time -o time_12_vdhankar_zwang715.txt -f "%U" python3 homework.py > stulog.txt 2>&1 on zwang715 #####
##### SUCCESS: /usr/bin/time -o time_12_vdhankar_zwang715.txt -f "%U" python3 homework.py > stulog.txt 2>&1 on zwang715 #####
##### zwang715 plays [E f8 e7] in 0.15s #####
##### Running: /usr/lib/jvm/jdk-14.0.1/bin/java -jar /lab/itti/projects/checkers-competition/server/referee.jar on run_12_vdhankar_zwang715 #####
Move is valid
##### SUCCESS: /usr/lib/jvm/jdk-14.0.1/bin/java -jar /lab/itti/projects/checkers-competition/server/referee.jar on run_12_vdhankar_zwang715 #####
INPUT for vdhankar:
GAME
WHITE
266.653607368469
........
..b.b.b.
.b.b...b
b.b...W.
.....w..
w.w.w...
.w...w.w
w.w.w...
##### Running: /usr/bin/time -o time_12_vdhankar_zwang715.txt -f "%U" python3 homework.py > stulog.txt 2>&1 on vdhankar #####
child exited with value 1
##### ERROR: /usr/bin/time -o time_12_vdhankar_zwang715.txt -f "%U" python3 homework.py > stulog.txt 2>&1 on vdhankar #####
##### Output of failed program (stdout + stderr): #####
Traceback (most recent call last):
  File "homework.py", line 546, in <module>
    print(end-start)
NameError: name 'end' is not defined
##### End of output of failed program #####
##### vdhankar plays [E c3 b4] in 3.01704502105713s #####
##### Running: /usr/lib/jvm/jdk-14.0.1/bin/java -jar /lab/itti/projects/checkers-competition/server/referee.jar on run_12_vdhankar_zwang715 #####
Move is valid
##### SUCCESS: /usr/lib/jvm/jdk-14.0.1/bin/java -jar /lab/itti/projects/checkers-competition/server/referee.jar on run_12_vdhankar_zwang715 #####
INPUT for zwang715:
GAME
BLACK
297.75
........
..b.b.b.
.b.b...b
b.b...W.
.w...w..
w...w...
.w...w.w
w.w.w...
##### Running: /usr/bin/time -o time_12_vdhankar_zwang715.txt -f "%U" python3 homework.py > stulog.txt 2>&1 on zwang715 #####
##### SUCCESS: /usr/bin/time -o time_12_vdhankar_zwang715.txt -f "%U" python3 homework.py > stulog.txt 2>&1 on zwang715 #####
##### zwang715 plays [J a5 c3] in 0.13s #####
##### Running: /usr/lib/jvm/jdk-14.0.1/bin/java -jar /lab/itti/projects/checkers-competition/server/referee.jar on run_12_vdhankar_zwang715 #####
Move is valid
##### SUCCESS: /usr/lib/jvm/jdk-14.0.1/bin/java -jar /lab/itti/projects/checkers-competition/server/referee.jar on run_12_vdhankar_zwang715 #####
INPUT for vdhankar:
GAME
WHITE
263.636562347412
........
..b.b.b.
.b.b...b
..b...W.
.....w..
w.b.w...
.w...w.w
w.w.w...
##### Running: /usr/bin/time -o time_12_vdhankar_zwang715.txt -f "%U" python3 homework.py > stulog.txt 2>&1 on vdhankar #####
child exited with value 1
##### ERROR: /usr/bin/time -o time_12_vdhankar_zwang715.txt -f "%U" python3 homework.py > stulog.txt 2>&1 on vdhankar #####
##### Output of failed program (stdout + stderr): #####
Traceback (most recent call last):
  File "homework.py", line 546, in <module>
    print(end-start)
NameError: name 'end' is not defined
##### End of output of failed program #####
##### vdhankar plays [J b2 d4] in 0.711230993270874s #####
##### Running: /usr/lib/jvm/jdk-14.0.1/bin/java -jar /lab/itti/projects/checkers-competition/server/referee.jar on run_12_vdhankar_zwang715 #####
Move is valid
##### SUCCESS: /usr/lib/jvm/jdk-14.0.1/bin/java -jar /lab/itti/projects/checkers-competition/server/referee.jar on run_12_vdhankar_zwang715 #####
INPUT for zwang715:
GAME
BLACK
297.62
........
..b.b.b.
.b.b...b
..b...W.
...w.w..
w...w...
.....w.w
w.w.w...
##### Running: /usr/bin/time -o time_12_vdhankar_zwang715.txt -f "%U" python3 homework.py > stulog.txt 2>&1 on zwang715 #####
##### SUCCESS: /usr/bin/time -o time_12_vdhankar_zwang715.txt -f "%U" python3 homework.py > stulog.txt 2>&1 on zwang715 #####
##### zwang715 plays [E g7 f6] in 0.13s #####
##### Running: /usr/lib/jvm/jdk-14.0.1/bin/java -jar /lab/itti/projects/checkers-competition/server/referee.jar on run_12_vdhankar_zwang715 #####
Move is valid
##### SUCCESS: /usr/lib/jvm/jdk-14.0.1/bin/java -jar /lab/itti/projects/checkers-competition/server/referee.jar on run_12_vdhankar_zwang715 #####
INPUT for vdhankar:
GAME
WHITE
262.925331354141
........
..b.b...
.b.b.b.b
..b...W.
...w.w..
w...w...
.....w.w
w.w.w...
##### Running: /usr/bin/time -o time_12_vdhankar_zwang715.txt -f "%U" python3 homework.py > stulog.txt 2>&1 on vdhankar #####
child exited with value 1
##### ERROR: /usr/bin/time -o time_12_vdhankar_zwang715.txt -f "%U" python3 homework.py > stulog.txt 2>&1 on vdhankar #####
##### Output of failed program (stdout + stderr): #####
Traceback (most recent call last):
  File "homework.py", line 546, in <module>
    print(end-start)
NameError: name 'end' is not defined
##### End of output of failed program #####
##### vdhankar plays [E g5 h4] in 1.45598387718201s #####
##### Running: /usr/lib/jvm/jdk-14.0.1/bin/java -jar /lab/itti/projects/checkers-competition/server/referee.jar on run_12_vdhankar_zwang715 #####
Move is valid
##### SUCCESS: /usr/lib/jvm/jdk-14.0.1/bin/java -jar /lab/itti/projects/checkers-competition/server/referee.jar on run_12_vdhankar_zwang715 #####
INPUT for zwang715:
GAME
BLACK
297.49
........
..b.b...
.b.b.b.b
..b.....
...w.w.W
w...w...
.....w.w
w.w.w...
##### Running: /usr/bin/time -o time_12_vdhankar_zwang715.txt -f "%U" python3 homework.py > stulog.txt 2>&1 on zwang715 #####
##### SUCCESS: /usr/bin/time -o time_12_vdhankar_zwang715.txt -f "%U" python3 homework.py > stulog.txt 2>&1 on zwang715 #####
##### zwang715 plays [E d6 e5] in 0.15s #####
##### Running: /usr/lib/jvm/jdk-14.0.1/bin/java -jar /lab/itti/projects/checkers-competition/server/referee.jar on run_12_vdhankar_zwang715 #####
Move is valid
##### SUCCESS: /usr/lib/jvm/jdk-14.0.1/bin/java -jar /lab/itti/projects/checkers-competition/server/referee.jar on run_12_vdhankar_zwang715 #####
INPUT for vdhankar:
GAME
WHITE
261.469347476959
........
..b.b...
.b...b.b
..b.b...
...w.w.W
w...w...
.....w.w
w.w.w...
##### Running: /usr/bin/time -o time_12_vdhankar_zwang715.txt -f "%U" python3 homework.py > stulog.txt 2>&1 on vdhankar #####
child exited with value 1
##### ERROR: /usr/bin/time -o time_12_vdhankar_zwang715.txt -f "%U" python3 homework.py > stulog.txt 2>&1 on vdhankar #####
##### Output of failed program (stdout + stderr): #####
Traceback (most recent call last):
  File "homework.py", line 546, in <module>
    print(end-start)
NameError: name 'end' is not defined
##### End of output of failed program #####
##### vdhankar plays [J f4 d6 ; J d6 b8] in 2.06098008155823s #####
##### Running: /usr/lib/jvm/jdk-14.0.1/bin/java -jar /lab/itti/projects/checkers-competition/server/referee.jar on run_12_vdhankar_zwang715 #####
Move is valid
##### SUCCESS: /usr/lib/jvm/jdk-14.0.1/bin/java -jar /lab/itti/projects/checkers-competition/server/referee.jar on run_12_vdhankar_zwang715 #####
INPUT for zwang715:
GAME
BLACK
297.34
.W......
....b...
.b...b.b
..b.....
...w...W
w...w...
.....w.w
w.w.w...
##### Running: /usr/bin/time -o time_12_vdhankar_zwang715.txt -f "%U" python3 homework.py > stulog.txt 2>&1 on zwang715 #####
##### SUCCESS: /usr/bin/time -o time_12_vdhankar_zwang715.txt -f "%U" python3 homework.py > stulog.txt 2>&1 on zwang715 #####
##### zwang715 plays [E e7 d6] in 0.14s #####
##### Running: /usr/lib/jvm/jdk-14.0.1/bin/java -jar /lab/itti/projects/checkers-competition/server/referee.jar on run_12_vdhankar_zwang715 #####
Move is valid
##### SUCCESS: /usr/lib/jvm/jdk-14.0.1/bin/java -jar /lab/itti/projects/checkers-competition/server/referee.jar on run_12_vdhankar_zwang715 #####
INPUT for vdhankar:
GAME
WHITE
259.408367395401
.W......
........
.b.b.b.b
..b.....
...w...W
w...w...
.....w.w
w.w.w...
##### Running: /usr/bin/time -o time_12_vdhankar_zwang715.txt -f "%U" python3 homework.py > stulog.txt 2>&1 on vdhankar #####
child exited with value 1
##### ERROR: /usr/bin/time -o time_12_vdhankar_zwang715.txt -f "%U" python3 homework.py > stulog.txt 2>&1 on vdhankar #####
##### Output of failed program (stdout + stderr): #####
Traceback (most recent call last):
  File "homework.py", line 546, in <module>
    print(end-start)
NameError: name 'end' is not defined
##### End of output of failed program #####
##### vdhankar plays [E b8 c7] in 4.08275508880615s #####
##### Running: /usr/lib/jvm/jdk-14.0.1/bin/java -jar /lab/itti/projects/checkers-competition/server/referee.jar on run_12_vdhankar_zwang715 #####
Move is valid
##### SUCCESS: /usr/lib/jvm/jdk-14.0.1/bin/java -jar /lab/itti/projects/checkers-competition/server/referee.jar on run_12_vdhankar_zwang715 #####
INPUT for zwang715:
GAME
BLACK
297.2
........
..W.....
.b.b.b.b
..b.....
...w...W
w...w...
.....w.w
w.w.w...
##### Running: /usr/bin/time -o time_12_vdhankar_zwang715.txt -f "%U" python3 homework.py > stulog.txt 2>&1 on zwang715 #####
##### SUCCESS: /usr/bin/time -o time_12_vdhankar_zwang715.txt -f "%U" python3 homework.py > stulog.txt 2>&1 on zwang715 #####
##### zwang715 plays [E d6 e5] in 0.16s #####
##### Running: /usr/lib/jvm/jdk-14.0.1/bin/java -jar /lab/itti/projects/checkers-competition/server/referee.jar on run_12_vdhankar_zwang715 #####
Move is valid
##### SUCCESS: /usr/lib/jvm/jdk-14.0.1/bin/java -jar /lab/itti/projects/checkers-competition/server/referee.jar on run_12_vdhankar_zwang715 #####
INPUT for vdhankar:
GAME
WHITE
255.325612306595
........
..W.....
.b...b.b
..b.b...
...w...W
w...w...
.....w.w
w.w.w...
##### Running: /usr/bin/time -o time_12_vdhankar_zwang715.txt -f "%U" python3 homework.py > stulog.txt 2>&1 on vdhankar #####
child exited with value 1
##### ERROR: /usr/bin/time -o time_12_vdhankar_zwang715.txt -f "%U" python3 homework.py > stulog.txt 2>&1 on vdhankar #####
##### Output of failed program (stdout + stderr): #####
Traceback (most recent call last):
  File "homework.py", line 546, in <module>
    print(end-start)
NameError: name 'end' is not defined
##### End of output of failed program #####
##### vdhankar plays [J c7 a5] in 0.815852880477905s #####
##### Running: /usr/lib/jvm/jdk-14.0.1/bin/java -jar /lab/itti/projects/checkers-competition/server/referee.jar on run_12_vdhankar_zwang715 #####
Move is valid
##### SUCCESS: /usr/lib/jvm/jdk-14.0.1/bin/java -jar /lab/itti/projects/checkers-competition/server/referee.jar on run_12_vdhankar_zwang715 #####
INPUT for zwang715:
GAME
BLACK
297.04
........
........
.....b.b
W.b.b...
...w...W
w...w...
.....w.w
w.w.w...
##### Running: /usr/bin/time -o time_12_vdhankar_zwang715.txt -f "%U" python3 homework.py > stulog.txt 2>&1 on zwang715 #####
##### SUCCESS: /usr/bin/time -o time_12_vdhankar_zwang715.txt -f "%U" python3 homework.py > stulog.txt 2>&1 on zwang715 #####
##### zwang715 plays [J e5 c3] in 0.19s #####
##### Running: /usr/lib/jvm/jdk-14.0.1/bin/java -jar /lab/itti/projects/checkers-competition/server/referee.jar on run_12_vdhankar_zwang715 #####
Move is valid
##### SUCCESS: /usr/lib/jvm/jdk-14.0.1/bin/java -jar /lab/itti/projects/checkers-competition/server/referee.jar on run_12_vdhankar_zwang715 #####
INPUT for vdhankar:
GAME
WHITE
254.509759426117
........
........
.....b.b
W.b.....
.......W
w.b.w...
.....w.w
w.w.w...
##### Running: /usr/bin/time -o time_12_vdhankar_zwang715.txt -f "%U" python3 homework.py > stulog.txt 2>&1 on vdhankar #####
child exited with value 1
##### ERROR: /usr/bin/time -o time_12_vdhankar_zwang715.txt -f "%U" python3 homework.py > stulog.txt 2>&1 on vdhankar #####
##### Output of failed program (stdout + stderr): #####
Traceback (most recent call last):
  File "homework.py", line 546, in <module>
    print(end-start)
NameError: name 'end' is not defined
##### End of output of failed program #####
##### vdhankar plays [E a5 b4] in 3.68418216705322s #####
##### Running: /usr/lib/jvm/jdk-14.0.1/bin/java -jar /lab/itti/projects/checkers-competition/server/referee.jar on run_12_vdhankar_zwang715 #####
Move is valid
##### SUCCESS: /usr/lib/jvm/jdk-14.0.1/bin/java -jar /lab/itti/projects/checkers-competition/server/referee.jar on run_12_vdhankar_zwang715 #####
INPUT for zwang715:
GAME
BLACK
296.85
........
........
.....b.b
..b.....
.W.....W
w.b.w...
.....w.w
w.w.w...
##### Running: /usr/bin/time -o time_12_vdhankar_zwang715.txt -f "%U" python3 homework.py > stulog.txt 2>&1 on zwang715 #####
##### SUCCESS: /usr/bin/time -o time_12_vdhankar_zwang715.txt -f "%U" python3 homework.py > stulog.txt 2>&1 on zwang715 #####
##### zwang715 plays [E f6 e5] in 0.13s #####
##### Running: /usr/lib/jvm/jdk-14.0.1/bin/java -jar /lab/itti/projects/checkers-competition/server/referee.jar on run_12_vdhankar_zwang715 #####
Move is valid
##### SUCCESS: /usr/lib/jvm/jdk-14.0.1/bin/java -jar /lab/itti/projects/checkers-competition/server/referee.jar on run_12_vdhankar_zwang715 #####
INPUT for vdhankar:
GAME
WHITE
250.825577259064
........
........
.......b
..b.b...
.W.....W
w.b.w...
.....w.w
w.w.w...
##### Running: /usr/bin/time -o time_12_vdhankar_zwang715.txt -f "%U" python3 homework.py > stulog.txt 2>&1 on vdhankar #####
child exited with value 1
##### ERROR: /usr/bin/time -o time_12_vdhankar_zwang715.txt -f "%U" python3 homework.py > stulog.txt 2>&1 on vdhankar #####
##### Output of failed program (stdout + stderr): #####
Traceback (most recent call last):
  File "homework.py", line 546, in <module>
    print(end-start)
NameError: name 'end' is not defined
##### End of output of failed program #####
##### vdhankar plays [J b4 d6 ; J d6 f4] in 0.342879056930542s #####
##### Running: /usr/lib/jvm/jdk-14.0.1/bin/java -jar /lab/itti/projects/checkers-competition/server/referee.jar on run_12_vdhankar_zwang715 #####
Move is valid
##### SUCCESS: /usr/lib/jvm/jdk-14.0.1/bin/java -jar /lab/itti/projects/checkers-competition/server/referee.jar on run_12_vdhankar_zwang715 #####
INPUT for zwang715:
GAME
BLACK
296.72
........
........
.......b
........
.....W.W
w.b.w...
.....w.w
w.w.w...
##### Running: /usr/bin/time -o time_12_vdhankar_zwang715.txt -f "%U" python3 homework.py > stulog.txt 2>&1 on zwang715 #####
##### SUCCESS: /usr/bin/time -o time_12_vdhankar_zwang715.txt -f "%U" python3 homework.py > stulog.txt 2>&1 on zwang715 #####
##### zwang715 plays [E c3 d2] in 0.07s #####
##### Running: /usr/lib/jvm/jdk-14.0.1/bin/java -jar /lab/itti/projects/checkers-competition/server/referee.jar on run_12_vdhankar_zwang715 #####
Move is valid
##### SUCCESS: /usr/lib/jvm/jdk-14.0.1/bin/java -jar /lab/itti/projects/checkers-competition/server/referee.jar on run_12_vdhankar_zwang715 #####
INPUT for vdhankar:
GAME
WHITE
250.482698202133
........
........
.......b
........
.....W.W
w...w...
...b.w.w
w.w.w...
##### Running: /usr/bin/time -o time_12_vdhankar_zwang715.txt -f "%U" python3 homework.py > stulog.txt 2>&1 on vdhankar #####
child exited with value 1
##### ERROR: /usr/bin/time -o time_12_vdhankar_zwang715.txt -f "%U" python3 homework.py > stulog.txt 2>&1 on vdhankar #####
##### Output of failed program (stdout + stderr): #####
Traceback (most recent call last):
  File "homework.py", line 546, in <module>
    print(end-start)
NameError: name 'end' is not defined
##### End of output of failed program #####
##### vdhankar plays [J e1 c3] in 0.322510004043579s #####
##### Running: /usr/lib/jvm/jdk-14.0.1/bin/java -jar /lab/itti/projects/checkers-competition/server/referee.jar on run_12_vdhankar_zwang715 #####
Move is valid
##### SUCCESS: /usr/lib/jvm/jdk-14.0.1/bin/java -jar /lab/itti/projects/checkers-competition/server/referee.jar on run_12_vdhankar_zwang715 #####
INPUT for zwang715:
GAME
BLACK
296.65
........
........
.......b
........
.....W.W
w.w.w...
.....w.w
w.w.....
##### Running: /usr/bin/time -o time_12_vdhankar_zwang715.txt -f "%U" python3 homework.py > stulog.txt 2>&1 on zwang715 #####
##### SUCCESS: /usr/bin/time -o time_12_vdhankar_zwang715.txt -f "%U" python3 homework.py > stulog.txt 2>&1 on zwang715 #####
##### zwang715 plays [E h6 g5] in 0.04s #####
##### Running: /usr/lib/jvm/jdk-14.0.1/bin/java -jar /lab/itti/projects/checkers-competition/server/referee.jar on run_12_vdhankar_zwang715 #####
Move is valid
##### SUCCESS: /usr/lib/jvm/jdk-14.0.1/bin/java -jar /lab/itti/projects/checkers-competition/server/referee.jar on run_12_vdhankar_zwang715 #####
INPUT for vdhankar:
GAME
WHITE
250.16018819809
........
........
........
......b.
.....W.W
w.w.w...
.....w.w
w.w.....
##### Running: /usr/bin/time -o time_12_vdhankar_zwang715.txt -f "%U" python3 homework.py > stulog.txt 2>&1 on vdhankar #####
child exited with value 1
##### ERROR: /usr/bin/time -o time_12_vdhankar_zwang715.txt -f "%U" python3 homework.py > stulog.txt 2>&1 on vdhankar #####
##### Output of failed program (stdout + stderr): #####
Traceback (most recent call last):
  File "homework.py", line 546, in <module>
    print(end-start)
NameError: name 'end' is not defined
##### End of output of failed program #####
##### vdhankar plays [J f4 h6] in 0.468157052993774s #####
##### Running: /usr/lib/jvm/jdk-14.0.1/bin/java -jar /lab/itti/projects/checkers-competition/server/referee.jar on run_12_vdhankar_zwang715 #####
Move is valid
After this move, player BLACK cannot make any moves
*** Winner: WHITE ***
##### SUCCESS: /usr/lib/jvm/jdk-14.0.1/bin/java -jar /lab/itti/projects/checkers-competition/server/referee.jar on run_12_vdhankar_zwang715 #####
##### GAME OVER: vdhankar wins the game! #####
Server said: WIN
########## ROUND 12 GAMESCORE AFTER GAME 1: vdhankar=1 and zwang715=0 ##########
#################### ROUND 12: vdhankar (B) vs zwang715 (W): game 2 ####################
##### game start! #####
INPUT for vdhankar:
GAME
BLACK
300
.b.b.b.b
b.b.b.b.
.b.b.b.b
........
........
w.w.w.w.
.w.w.w.w
w.w.w.w.
##### Running: /usr/bin/time -o time_12_vdhankar_zwang715.txt -f "%U" python3 homework.py > stulog.txt 2>&1 on vdhankar #####
child exited with value 1
##### ERROR: /usr/bin/time -o time_12_vdhankar_zwang715.txt -f "%U" python3 homework.py > stulog.txt 2>&1 on vdhankar #####
##### Output of failed program (stdout + stderr): #####
Traceback (most recent call last):
  File "homework.py", line 546, in <module>
    print(end-start)
NameError: name 'end' is not defined
##### End of output of failed program #####
##### vdhankar plays [E h6 g5] in 11.5471091270447s #####
##### Running: /usr/lib/jvm/jdk-14.0.1/bin/java -jar /lab/itti/projects/checkers-competition/server/referee.jar on run_12_vdhankar_zwang715 #####
Move is valid
Couldn't read file 'current_ply.txt'
Couldn't read content from file 'current_ply.txt'
Couldn't read file 'lastmatchange_ply.txt'
Couldn't read content from file 'lastmatchange_ply.txt'
##### SUCCESS: /usr/lib/jvm/jdk-14.0.1/bin/java -jar /lab/itti/projects/checkers-competition/server/referee.jar on run_12_vdhankar_zwang715 #####
INPUT for zwang715:
GAME
WHITE
300
.b.b.b.b
b.b.b.b.
.b.b.b..
......b.
........
w.w.w.w.
.w.w.w.w
w.w.w.w.
##### Running: /usr/bin/time -o time_12_vdhankar_zwang715.txt -f "%U" python3 homework.py > stulog.txt 2>&1 on zwang715 #####
##### SUCCESS: /usr/bin/time -o time_12_vdhankar_zwang715.txt -f "%U" python3 homework.py > stulog.txt 2>&1 on zwang715 #####
##### zwang715 plays [E a3 b4] in 0.26s #####
##### Running: /usr/lib/jvm/jdk-14.0.1/bin/java -jar /lab/itti/projects/checkers-competition/server/referee.jar on run_12_vdhankar_zwang715 #####
Move is valid
##### SUCCESS: /usr/lib/jvm/jdk-14.0.1/bin/java -jar /lab/itti/projects/checkers-competition/server/referee.jar on run_12_vdhankar_zwang715 #####
INPUT for vdhankar:
GAME
BLACK
288.452890872955
.b.b.b.b
b.b.b.b.
.b.b.b..
......b.
.w......
..w.w.w.
.w.w.w.w
w.w.w.w.
##### Running: /usr/bin/time -o time_12_vdhankar_zwang715.txt -f "%U" python3 homework.py > stulog.txt 2>&1 on vdhankar #####
child exited with value 1
##### ERROR: /usr/bin/time -o time_12_vdhankar_zwang715.txt -f "%U" python3 homework.py > stulog.txt 2>&1 on vdhankar #####
##### Output of failed program (stdout + stderr): #####
Traceback (most recent call last):
  File "homework.py", line 546, in <module>
    print(end-start)
NameError: name 'end' is not defined
##### End of output of failed program #####
##### vdhankar plays [E g5 h4] in 11.428405046463s #####
##### Running: /usr/lib/jvm/jdk-14.0.1/bin/java -jar /lab/itti/projects/checkers-competition/server/referee.jar on run_12_vdhankar_zwang715 #####
Move is valid
##### SUCCESS: /usr/lib/jvm/jdk-14.0.1/bin/java -jar /lab/itti/projects/checkers-competition/server/referee.jar on run_12_vdhankar_zwang715 #####
INPUT for zwang715:
GAME
WHITE
299.74
.b.b.b.b
b.b.b.b.
.b.b.b..
........
.w.....b
..w.w.w.
.w.w.w.w
w.w.w.w.
##### Running: /usr/bin/time -o time_12_vdhankar_zwang715.txt -f "%U" python3 homework.py > stulog.txt 2>&1 on zwang715 #####
##### SUCCESS: /usr/bin/time -o time_12_vdhankar_zwang715.txt -f "%U" python3 homework.py > stulog.txt 2>&1 on zwang715 #####
##### zwang715 plays [E b4 a5] in 0.28s #####
##### Running: /usr/lib/jvm/jdk-14.0.1/bin/java -jar /lab/itti/projects/checkers-competition/server/referee.jar on run_12_vdhankar_zwang715 #####
Move is valid
##### SUCCESS: /usr/lib/jvm/jdk-14.0.1/bin/java -jar /lab/itti/projects/checkers-competition/server/referee.jar on run_12_vdhankar_zwang715 #####
INPUT for vdhankar:
GAME
BLACK
277.024485826492
.b.b.b.b
b.b.b.b.
.b.b.b..
w.......
.......b
..w.w.w.
.w.w.w.w
w.w.w.w.
##### Running: /usr/bin/time -o time_12_vdhankar_zwang715.txt -f "%U" python3 homework.py > stulog.txt 2>&1 on vdhankar #####
child exited with value 1
##### ERROR: /usr/bin/time -o time_12_vdhankar_zwang715.txt -f "%U" python3 homework.py > stulog.txt 2>&1 on vdhankar #####
##### Output of failed program (stdout + stderr): #####
Traceback (most recent call last):
  File "homework.py", line 546, in <module>
    print(end-start)
NameError: name 'end' is not defined
##### End of output of failed program #####
##### vdhankar plays [E d6 e5] in 8.27254009246826s #####
##### Running: /usr/lib/jvm/jdk-14.0.1/bin/java -jar /lab/itti/projects/checkers-competition/server/referee.jar on run_12_vdhankar_zwang715 #####
Move is valid
##### SUCCESS: /usr/lib/jvm/jdk-14.0.1/bin/java -jar /lab/itti/projects/checkers-competition/server/referee.jar on run_12_vdhankar_zwang715 #####
INPUT for zwang715:
GAME
WHITE
299.46
.b.b.b.b
b.b.b.b.
.b...b..
w...b...
.......b
..w.w.w.
.w.w.w.w
w.w.w.w.
##### Running: /usr/bin/time -o time_12_vdhankar_zwang715.txt -f "%U" python3 homework.py > stulog.txt 2>&1 on zwang715 #####
##### SUCCESS: /usr/bin/time -o time_12_vdhankar_zwang715.txt -f "%U" python3 homework.py > stulog.txt 2>&1 on zwang715 #####
##### zwang715 plays [E c3 b4] in 0.3s #####
##### Running: /usr/lib/jvm/jdk-14.0.1/bin/java -jar /lab/itti/projects/checkers-competition/server/referee.jar on run_12_vdhankar_zwang715 #####
Move is valid
##### SUCCESS: /usr/lib/jvm/jdk-14.0.1/bin/java -jar /lab/itti/projects/checkers-competition/server/referee.jar on run_12_vdhankar_zwang715 #####
INPUT for vdhankar:
GAME
BLACK
268.751945734024
.b.b.b.b
b.b.b.b.
.b...b..
w...b...
.w.....b
....w.w.
.w.w.w.w
w.w.w.w.
##### Running: /usr/bin/time -o time_12_vdhankar_zwang715.txt -f "%U" python3 homework.py > stulog.txt 2>&1 on vdhankar #####
child exited with value 1
##### ERROR: /usr/bin/time -o time_12_vdhankar_zwang715.txt -f "%U" python3 homework.py > stulog.txt 2>&1 on vdhankar #####
##### Output of failed program (stdout + stderr): #####
Traceback (most recent call last):
  File "homework.py", line 546, in <module>
    print(end-start)
NameError: name 'end' is not defined
##### End of output of failed program #####
##### vdhankar plays [E e7 d6] in 3.99341893196106s #####
##### Running: /usr/lib/jvm/jdk-14.0.1/bin/java -jar /lab/itti/projects/checkers-competition/server/referee.jar on run_12_vdhankar_zwang715 #####
Move is valid
##### SUCCESS: /usr/lib/jvm/jdk-14.0.1/bin/java -jar /lab/itti/projects/checkers-competition/server/referee.jar on run_12_vdhankar_zwang715 #####
INPUT for zwang715:
GAME
WHITE
299.16
.b.b.b.b
b.b...b.
.b.b.b..
w...b...
.w.....b
....w.w.
.w.w.w.w
w.w.w.w.
##### Running: /usr/bin/time -o time_12_vdhankar_zwang715.txt -f "%U" python3 homework.py > stulog.txt 2>&1 on zwang715 #####
##### SUCCESS: /usr/bin/time -o time_12_vdhankar_zwang715.txt -f "%U" python3 homework.py > stulog.txt 2>&1 on zwang715 #####
##### zwang715 plays [E e3 d4] in 0.38s #####
##### Running: /usr/lib/jvm/jdk-14.0.1/bin/java -jar /lab/itti/projects/checkers-competition/server/referee.jar on run_12_vdhankar_zwang715 #####
Move is valid
##### SUCCESS: /usr/lib/jvm/jdk-14.0.1/bin/java -jar /lab/itti/projects/checkers-competition/server/referee.jar on run_12_vdhankar_zwang715 #####
INPUT for vdhankar:
GAME
BLACK
264.758526802063
.b.b.b.b
b.b...b.
.b.b.b..
w...b...
.w.w...b
......w.
.w.w.w.w
w.w.w.w.
##### Running: /usr/bin/time -o time_12_vdhankar_zwang715.txt -f "%U" python3 homework.py > stulog.txt 2>&1 on vdhankar #####
child exited with value 1
##### ERROR: /usr/bin/time -o time_12_vdhankar_zwang715.txt -f "%U" python3 homework.py > stulog.txt 2>&1 on vdhankar #####
##### Output of failed program (stdout + stderr): #####
Traceback (most recent call last):
  File "homework.py", line 546, in <module>
    print(end-start)
NameError: name 'end' is not defined
##### End of output of failed program #####
##### vdhankar plays [J e5 c3] in 1.36598682403564s #####
##### Running: /usr/lib/jvm/jdk-14.0.1/bin/java -jar /lab/itti/projects/checkers-competition/server/referee.jar on run_12_vdhankar_zwang715 #####
Move is valid
##### SUCCESS: /usr/lib/jvm/jdk-14.0.1/bin/java -jar /lab/itti/projects/checkers-competition/server/referee.jar on run_12_vdhankar_zwang715 #####
INPUT for zwang715:
GAME
WHITE
298.78
.b.b.b.b
b.b...b.
.b.b.b..
w.......
.w.....b
..b...w.
.w.w.w.w
w.w.w.w.
##### Running: /usr/bin/time -o time_12_vdhankar_zwang715.txt -f "%U" python3 homework.py > stulog.txt 2>&1 on zwang715 #####
##### SUCCESS: /usr/bin/time -o time_12_vdhankar_zwang715.txt -f "%U" python3 homework.py > stulog.txt 2>&1 on zwang715 #####
##### zwang715 plays [J b2 d4] in 0.38s #####
##### Running: /usr/lib/jvm/jdk-14.0.1/bin/java -jar /lab/itti/projects/checkers-competition/server/referee.jar on run_12_vdhankar_zwang715 #####
Move is valid
##### SUCCESS: /usr/lib/jvm/jdk-14.0.1/bin/java -jar /lab/itti/projects/checkers-competition/server/referee.jar on run_12_vdhankar_zwang715 #####
INPUT for vdhankar:
GAME
BLACK
263.392539978027
.b.b.b.b
b.b...b.
.b.b.b..
w.......
.w.w...b
......w.
...w.w.w
w.w.w.w.
##### Running: /usr/bin/time -o time_12_vdhankar_zwang715.txt -f "%U" python3 homework.py > stulog.txt 2>&1 on vdhankar #####
child exited with value 1
##### ERROR: /usr/bin/time -o time_12_vdhankar_zwang715.txt -f "%U" python3 homework.py > stulog.txt 2>&1 on vdhankar #####
##### Output of failed program (stdout + stderr): #####
Traceback (most recent call last):
  File "homework.py", line 546, in <module>
    print(end-start)
NameError: name 'end' is not defined
##### End of output of failed program #####
##### vdhankar plays [E b6 c5] in 8.89702892303467s #####
##### Running: /usr/lib/jvm/jdk-14.0.1/bin/java -jar /lab/itti/projects/checkers-competition/server/referee.jar on run_12_vdhankar_zwang715 #####
Move is valid
##### SUCCESS: /usr/lib/jvm/jdk-14.0.1/bin/java -jar /lab/itti/projects/checkers-competition/server/referee.jar on run_12_vdhankar_zwang715 #####
INPUT for zwang715:
GAME
WHITE
298.4
.b.b.b.b
b.b...b.
...b.b..
w.b.....
.w.w...b
......w.
...w.w.w
w.w.w.w.
##### Running: /usr/bin/time -o time_12_vdhankar_zwang715.txt -f "%U" python3 homework.py > stulog.txt 2>&1 on zwang715 #####
##### SUCCESS: /usr/bin/time -o time_12_vdhankar_zwang715.txt -f "%U" python3 homework.py > stulog.txt 2>&1 on zwang715 #####
##### zwang715 plays [J d4 b6] in 0.38s #####
##### Running: /usr/lib/jvm/jdk-14.0.1/bin/java -jar /lab/itti/projects/checkers-competition/server/referee.jar on run_12_vdhankar_zwang715 #####
Move is valid
##### SUCCESS: /usr/lib/jvm/jdk-14.0.1/bin/java -jar /lab/itti/projects/checkers-competition/server/referee.jar on run_12_vdhankar_zwang715 #####
INPUT for vdhankar:
GAME
BLACK
254.495511054993
.b.b.b.b
b.b...b.
.w.b.b..
w.......
.w.....b
......w.
...w.w.w
w.w.w.w.
##### Running: /usr/bin/time -o time_12_vdhankar_zwang715.txt -f "%U" python3 homework.py > stulog.txt 2>&1 on vdhankar #####
child exited with value 1
##### ERROR: /usr/bin/time -o time_12_vdhankar_zwang715.txt -f "%U" python3 homework.py > stulog.txt 2>&1 on vdhankar #####
##### Output of failed program (stdout + stderr): #####
Traceback (most recent call last):
  File "homework.py", line 546, in <module>
    print(end-start)
NameError: name 'end' is not defined
##### End of output of failed program #####
##### vdhankar plays [J a7 c5 ; J c5 a3] in 8.74878692626953s #####
##### Running: /usr/lib/jvm/jdk-14.0.1/bin/java -jar /lab/itti/projects/checkers-competition/server/referee.jar on run_12_vdhankar_zwang715 #####
Move is valid
##### SUCCESS: /usr/lib/jvm/jdk-14.0.1/bin/java -jar /lab/itti/projects/checkers-competition/server/referee.jar on run_12_vdhankar_zwang715 #####
INPUT for zwang715:
GAME
WHITE
298.02
.b.b.b.b
..b...b.
...b.b..
w.......
.......b
b.....w.
...w.w.w
w.w.w.w.
##### Running: /usr/bin/time -o time_12_vdhankar_zwang715.txt -f "%U" python3 homework.py > stulog.txt 2>&1 on zwang715 #####
##### SUCCESS: /usr/bin/time -o time_12_vdhankar_zwang715.txt -f "%U" python3 homework.py > stulog.txt 2>&1 on zwang715 #####
##### zwang715 plays [E g3 f4] in 0.37s #####
##### Running: /usr/lib/jvm/jdk-14.0.1/bin/java -jar /lab/itti/projects/checkers-competition/server/referee.jar on run_12_vdhankar_zwang715 #####
Move is valid
##### SUCCESS: /usr/lib/jvm/jdk-14.0.1/bin/java -jar /lab/itti/projects/checkers-competition/server/referee.jar on run_12_vdhankar_zwang715 #####
INPUT for vdhankar:
GAME
BLACK
245.746724128723
.b.b.b.b
..b...b.
...b.b..
w.......
.....w.b
b.......
...w.w.w
w.w.w.w.
##### Running: /usr/bin/time -o time_12_vdhankar_zwang715.txt -f "%U" python3 homework.py > stulog.txt 2>&1 on vdhankar #####
child exited with value 1
##### ERROR: /usr/bin/time -o time_12_vdhankar_zwang715.txt -f "%U" python3 homework.py > stulog.txt 2>&1 on vdhankar #####
##### Output of failed program (stdout + stderr): #####
Traceback (most recent call last):
  File "homework.py", line 546, in <module>
    print(end-start)
NameError: name 'end' is not defined
##### End of output of failed program #####
##### vdhankar plays [E h4 g3] in 40.3132870197296s #####
##### Running: /usr/lib/jvm/jdk-14.0.1/bin/java -jar /lab/itti/projects/checkers-competition/server/referee.jar on run_12_vdhankar_zwang715 #####
Move is valid
##### SUCCESS: /usr/lib/jvm/jdk-14.0.1/bin/java -jar /lab/itti/projects/checkers-competition/server/referee.jar on run_12_vdhankar_zwang715 #####
INPUT for zwang715:
GAME
WHITE
297.65
.b.b.b.b
..b...b.
...b.b..
w.......
.....w..
b.....b.
...w.w.w
w.w.w.w.
##### Running: /usr/bin/time -o time_12_vdhankar_zwang715.txt -f "%U" python3 homework.py > stulog.txt 2>&1 on zwang715 #####
##### SUCCESS: /usr/bin/time -o time_12_vdhankar_zwang715.txt -f "%U" python3 homework.py > stulog.txt 2>&1 on zwang715 #####
##### zwang715 plays [J f2 h4] in 0.44s #####
##### Running: /usr/lib/jvm/jdk-14.0.1/bin/java -jar /lab/itti/projects/checkers-competition/server/referee.jar on run_12_vdhankar_zwang715 #####
Move is valid
##### SUCCESS: /usr/lib/jvm/jdk-14.0.1/bin/java -jar /lab/itti/projects/checkers-competition/server/referee.jar on run_12_vdhankar_zwang715 #####
INPUT for vdhankar:
GAME
BLACK
205.433437108994
.b.b.b.b
..b...b.
...b.b..
w.......
.....w.w
b.......
...w...w
w.w.w.w.
##### Running: /usr/bin/time -o time_12_vdhankar_zwang715.txt -f "%U" python3 homework.py > stulog.txt 2>&1 on vdhankar #####
child exited with value 1
##### ERROR: /usr/bin/time -o time_12_vdhankar_zwang715.txt -f "%U" python3 homework.py > stulog.txt 2>&1 on vdhankar #####
##### Output of failed program (stdout + stderr): #####
Traceback (most recent call last):
  File "homework.py", line 546, in <module>
    print(end-start)
NameError: name 'end' is not defined
##### End of output of failed program #####
##### vdhankar plays [E a3 b2] in 64.1744220256805s #####
##### Running: /usr/lib/jvm/jdk-14.0.1/bin/java -jar /lab/itti/projects/checkers-competition/server/referee.jar on run_12_vdhankar_zwang715 #####
Move is valid
##### SUCCESS: /usr/lib/jvm/jdk-14.0.1/bin/java -jar /lab/itti/projects/checkers-competition/server/referee.jar on run_12_vdhankar_zwang715 #####
INPUT for zwang715:
GAME
WHITE
297.21
.b.b.b.b
..b...b.
...b.b..
w.......
.....w.w
........
.b.w...w
w.w.w.w.
##### Running: /usr/bin/time -o time_12_vdhankar_zwang715.txt -f "%U" python3 homework.py > stulog.txt 2>&1 on zwang715 #####
##### SUCCESS: /usr/bin/time -o time_12_vdhankar_zwang715.txt -f "%U" python3 homework.py > stulog.txt 2>&1 on zwang715 #####
##### zwang715 plays [J a1 c3] in 0.46s #####
##### Running: /usr/lib/jvm/jdk-14.0.1/bin/java -jar /lab/itti/projects/checkers-competition/server/referee.jar on run_12_vdhankar_zwang715 #####
Move is valid
##### SUCCESS: /usr/lib/jvm/jdk-14.0.1/bin/java -jar /lab/itti/projects/checkers-competition/server/referee.jar on run_12_vdhankar_zwang715 #####
INPUT for vdhankar:
GAME
BLACK
141.259015083313
.b.b.b.b
..b...b.
...b.b..
w.......
.....w.w
..w.....
...w...w
..w.w.w.
##### Running: /usr/bin/time -o time_12_vdhankar_zwang715.txt -f "%U" python3 homework.py > stulog.txt 2>&1 on vdhankar #####
child exited with value 1
##### ERROR: /usr/bin/time -o time_12_vdhankar_zwang715.txt -f "%U" python3 homework.py > stulog.txt 2>&1 on vdhankar #####
##### Output of failed program (stdout + stderr): #####
Traceback (most recent call last):
  File "homework.py", line 546, in <module>
    print(end-start)
NameError: name 'end' is not defined
##### End of output of failed program #####
##### vdhankar plays [E d6 e5] in 49.4398789405823s #####
##### Running: /usr/lib/jvm/jdk-14.0.1/bin/java -jar /lab/itti/projects/checkers-competition/server/referee.jar on run_12_vdhankar_zwang715 #####
Move is valid
##### SUCCESS: /usr/lib/jvm/jdk-14.0.1/bin/java -jar /lab/itti/projects/checkers-competition/server/referee.jar on run_12_vdhankar_zwang715 #####
INPUT for zwang715:
GAME
WHITE
296.75
.b.b.b.b
..b...b.
.....b..
w...b...
.....w.w
..w.....
...w...w
..w.w.w.
##### Running: /usr/bin/time -o time_12_vdhankar_zwang715.txt -f "%U" python3 homework.py > stulog.txt 2>&1 on zwang715 #####
##### SUCCESS: /usr/bin/time -o time_12_vdhankar_zwang715.txt -f "%U" python3 homework.py > stulog.txt 2>&1 on zwang715 #####
##### zwang715 plays [J f4 d6] in 0.45s #####
##### Running: /usr/lib/jvm/jdk-14.0.1/bin/java -jar /lab/itti/projects/checkers-competition/server/referee.jar on run_12_vdhankar_zwang715 #####
Move is valid
##### SUCCESS: /usr/lib/jvm/jdk-14.0.1/bin/java -jar /lab/itti/projects/checkers-competition/server/referee.jar on run_12_vdhankar_zwang715 #####
INPUT for vdhankar:
GAME
BLACK
91.8191361427307
.b.b.b.b
..b...b.
...w.b..
w.......
.......w
..w.....
...w...w
..w.w.w.
##### Running: /usr/bin/time -o time_12_vdhankar_zwang715.txt -f "%U" python3 homework.py > stulog.txt 2>&1 on vdhankar #####
child exited with value 1
##### ERROR: /usr/bin/time -o time_12_vdhankar_zwang715.txt -f "%U" python3 homework.py > stulog.txt 2>&1 on vdhankar #####
##### Output of failed program (stdout + stderr): #####
Traceback (most recent call last):
  File "homework.py", line 546, in <module>
    print(end-start)
NameError: name 'end' is not defined
##### End of output of failed program #####
##### vdhankar plays [J c7 e5] in 21.639378786087s #####
##### Running: /usr/lib/jvm/jdk-14.0.1/bin/java -jar /lab/itti/projects/checkers-competition/server/referee.jar on run_12_vdhankar_zwang715 #####
Move is valid
##### SUCCESS: /usr/lib/jvm/jdk-14.0.1/bin/java -jar /lab/itti/projects/checkers-competition/server/referee.jar on run_12_vdhankar_zwang715 #####
INPUT for zwang715:
GAME
WHITE
296.3
.b.b.b.b
......b.
.....b..
w...b...
.......w
..w.....
...w...w
..w.w.w.
##### Running: /usr/bin/time -o time_12_vdhankar_zwang715.txt -f "%U" python3 homework.py > stulog.txt 2>&1 on zwang715 #####
##### SUCCESS: /usr/bin/time -o time_12_vdhankar_zwang715.txt -f "%U" python3 homework.py > stulog.txt 2>&1 on zwang715 #####
##### zwang715 plays [E a5 b6] in 0.25s #####
##### Running: /usr/lib/jvm/jdk-14.0.1/bin/java -jar /lab/itti/projects/checkers-competition/server/referee.jar on run_12_vdhankar_zwang715 #####
Move is valid
##### SUCCESS: /usr/lib/jvm/jdk-14.0.1/bin/java -jar /lab/itti/projects/checkers-competition/server/referee.jar on run_12_vdhankar_zwang715 #####
INPUT for vdhankar:
GAME
BLACK
70.1797573566437
.b.b.b.b
......b.
.w...b..
....b...
.......w
..w.....
...w...w
..w.w.w.
##### Running: /usr/bin/time -o time_12_vdhankar_zwang715.txt -f "%U" python3 homework.py > stulog.txt 2>&1 on vdhankar #####
child exited with value 1
##### ERROR: /usr/bin/time -o time_12_vdhankar_zwang715.txt -f "%U" python3 homework.py > stulog.txt 2>&1 on vdhankar #####
##### Output of failed program (stdout + stderr): #####
Traceback (most recent call last):
  File "homework.py", line 546, in <module>
    print(end-start)
NameError: name 'end' is not defined
##### End of output of failed program #####
##### vdhankar plays [E b8 a7] in 11.8833191394806s #####
##### Running: /usr/lib/jvm/jdk-14.0.1/bin/java -jar /lab/itti/projects/checkers-competition/server/referee.jar on run_12_vdhankar_zwang715 #####
Move is valid
##### SUCCESS: /usr/lib/jvm/jdk-14.0.1/bin/java -jar /lab/itti/projects/checkers-competition/server/referee.jar on run_12_vdhankar_zwang715 #####
INPUT for zwang715:
GAME
WHITE
296.05
...b.b.b
b.....b.
.w...b..
....b...
.......w
..w.....
...w...w
..w.w.w.
##### Running: /usr/bin/time -o time_12_vdhankar_zwang715.txt -f "%U" python3 homework.py > stulog.txt 2>&1 on zwang715 #####
##### SUCCESS: /usr/bin/time -o time_12_vdhankar_zwang715.txt -f "%U" python3 homework.py > stulog.txt 2>&1 on zwang715 #####
##### zwang715 plays [E h4 g5] in 0.2s #####
##### Running: /usr/lib/jvm/jdk-14.0.1/bin/java -jar /lab/itti/projects/checkers-competition/server/referee.jar on run_12_vdhankar_zwang715 #####
Move is valid
##### SUCCESS: /usr/lib/jvm/jdk-14.0.1/bin/java -jar /lab/itti/projects/checkers-competition/server/referee.jar on run_12_vdhankar_zwang715 #####
INPUT for vdhankar:
GAME
BLACK
58.2964382171631
...b.b.b
b.....b.
.w...b..
....b.w.
........
..w.....
...w...w
..w.w.w.
##### Running: /usr/bin/time -o time_12_vdhankar_zwang715.txt -f "%U" python3 homework.py > stulog.txt 2>&1 on vdhankar #####
child exited with value 1
##### ERROR: /usr/bin/time -o time_12_vdhankar_zwang715.txt -f "%U" python3 homework.py > stulog.txt 2>&1 on vdhankar #####
##### Output of failed program (stdout + stderr): #####
Traceback (most recent call last):
  File "homework.py", line 546, in <module>
    print(end-start)
NameError: name 'end' is not defined
##### End of output of failed program #####
##### vdhankar plays [J f6 h4] in 1.63014316558838s #####
##### Running: /usr/lib/jvm/jdk-14.0.1/bin/java -jar /lab/itti/projects/checkers-competition/server/referee.jar on run_12_vdhankar_zwang715 #####
Move is valid
##### SUCCESS: /usr/lib/jvm/jdk-14.0.1/bin/java -jar /lab/itti/projects/checkers-competition/server/referee.jar on run_12_vdhankar_zwang715 #####
INPUT for zwang715:
GAME
WHITE
295.85
...b.b.b
b.....b.
.w......
....b...
.......b
..w.....
...w...w
..w.w.w.
##### Running: /usr/bin/time -o time_12_vdhankar_zwang715.txt -f "%U" python3 homework.py > stulog.txt 2>&1 on zwang715 #####
##### SUCCESS: /usr/bin/time -o time_12_vdhankar_zwang715.txt -f "%U" python3 homework.py > stulog.txt 2>&1 on zwang715 #####
##### zwang715 plays [E c3 b4] in 0.24s #####
##### Running: /usr/lib/jvm/jdk-14.0.1/bin/java -jar /lab/itti/projects/checkers-competition/server/referee.jar on run_12_vdhankar_zwang715 #####
Move is valid
##### SUCCESS: /usr/lib/jvm/jdk-14.0.1/bin/java -jar /lab/itti/projects/checkers-competition/server/referee.jar on run_12_vdhankar_zwang715 #####
INPUT for vdhankar:
GAME
BLACK
56.6662950515747
...b.b.b
b.....b.
.w......
....b...
.w.....b
........
...w...w
..w.w.w.
##### Running: /usr/bin/time -o time_12_vdhankar_zwang715.txt -f "%U" python3 homework.py > stulog.txt 2>&1 on vdhankar #####
child exited with value 1
##### ERROR: /usr/bin/time -o time_12_vdhankar_zwang715.txt -f "%U" python3 homework.py > stulog.txt 2>&1 on vdhankar #####
##### Output of failed program (stdout + stderr): #####
Traceback (most recent call last):
  File "homework.py", line 546, in <module>
    print(end-start)
NameError: name 'end' is not defined
##### End of output of failed program #####
##### vdhankar plays [J a7 c5 ; J c5 a3] in 2.79131484031677s #####
##### Running: /usr/lib/jvm/jdk-14.0.1/bin/java -jar /lab/itti/projects/checkers-competition/server/referee.jar on run_12_vdhankar_zwang715 #####
Move is valid
##### SUCCESS: /usr/lib/jvm/jdk-14.0.1/bin/java -jar /lab/itti/projects/checkers-competition/server/referee.jar on run_12_vdhankar_zwang715 #####
INPUT for zwang715:
GAME
WHITE
295.61
...b.b.b
......b.
........
....b...
.......b
b.......
...w...w
..w.w.w.
##### Running: /usr/bin/time -o time_12_vdhankar_zwang715.txt -f "%U" python3 homework.py > stulog.txt 2>&1 on zwang715 #####
##### SUCCESS: /usr/bin/time -o time_12_vdhankar_zwang715.txt -f "%U" python3 homework.py > stulog.txt 2>&1 on zwang715 #####
##### zwang715 plays [E d2 c3] in 0.15s #####
##### Running: /usr/lib/jvm/jdk-14.0.1/bin/java -jar /lab/itti/projects/checkers-competition/server/referee.jar on run_12_vdhankar_zwang715 #####
Move is valid
##### SUCCESS: /usr/lib/jvm/jdk-14.0.1/bin/java -jar /lab/itti/projects/checkers-competition/server/referee.jar on run_12_vdhankar_zwang715 #####
INPUT for vdhankar:
GAME
BLACK
53.8749802112579
...b.b.b
......b.
........
....b...
.......b
b.w.....
.......w
..w.w.w.
##### Running: /usr/bin/time -o time_12_vdhankar_zwang715.txt -f "%U" python3 homework.py > stulog.txt 2>&1 on vdhankar #####
child exited with value 1
##### ERROR: /usr/bin/time -o time_12_vdhankar_zwang715.txt -f "%U" python3 homework.py > stulog.txt 2>&1 on vdhankar #####
##### Output of failed program (stdout + stderr): #####
Traceback (most recent call last):
  File "homework.py", line 546, in <module>
    print(end-start)
NameError: name 'end' is not defined
##### End of output of failed program #####
##### vdhankar plays [E g7 h6] in 15.191654920578s #####
##### Running: /usr/lib/jvm/jdk-14.0.1/bin/java -jar /lab/itti/projects/checkers-competition/server/referee.jar on run_12_vdhankar_zwang715 #####
Move is valid
##### SUCCESS: /usr/lib/jvm/jdk-14.0.1/bin/java -jar /lab/itti/projects/checkers-competition/server/referee.jar on run_12_vdhankar_zwang715 #####
INPUT for zwang715:
GAME
WHITE
295.46
...b.b.b
........
.......b
....b...
.......b
b.w.....
.......w
..w.w.w.
##### Running: /usr/bin/time -o time_12_vdhankar_zwang715.txt -f "%U" python3 homework.py > stulog.txt 2>&1 on zwang715 #####
##### SUCCESS: /usr/bin/time -o time_12_vdhankar_zwang715.txt -f "%U" python3 homework.py > stulog.txt 2>&1 on zwang715 #####
##### zwang715 plays [E c3 b4] in 0.18s #####
##### Running: /usr/lib/jvm/jdk-14.0.1/bin/java -jar /lab/itti/projects/checkers-competition/server/referee.jar on run_12_vdhankar_zwang715 #####
Move is valid
##### SUCCESS: /usr/lib/jvm/jdk-14.0.1/bin/java -jar /lab/itti/projects/checkers-competition/server/referee.jar on run_12_vdhankar_zwang715 #####
INPUT for vdhankar:
GAME
BLACK
38.6833252906799
...b.b.b
........
.......b
....b...
.w.....b
b.......
.......w
..w.w.w.
##### Running: /usr/bin/time -o time_12_vdhankar_zwang715.txt -f "%U" python3 homework.py > stulog.txt 2>&1 on vdhankar #####
child exited with value 1
##### ERROR: /usr/bin/time -o time_12_vdhankar_zwang715.txt -f "%U" python3 homework.py > stulog.txt 2>&1 on vdhankar #####
##### Output of failed program (stdout + stderr): #####
Traceback (most recent call last):
  File "homework.py", line 546, in <module>
    print(end-start)
NameError: name 'end' is not defined
##### End of output of failed program #####
##### vdhankar plays [E h6 g5] in 5.35741996765137s #####
##### Running: /usr/lib/jvm/jdk-14.0.1/bin/java -jar /lab/itti/projects/checkers-competition/server/referee.jar on run_12_vdhankar_zwang715 #####
Move is valid
##### SUCCESS: /usr/lib/jvm/jdk-14.0.1/bin/java -jar /lab/itti/projects/checkers-competition/server/referee.jar on run_12_vdhankar_zwang715 #####
INPUT for zwang715:
GAME
WHITE
295.28
...b.b.b
........
........
....b.b.
.w.....b
b.......
.......w
..w.w.w.
##### Running: /usr/bin/time -o time_12_vdhankar_zwang715.txt -f "%U" python3 homework.py > stulog.txt 2>&1 on zwang715 #####
##### SUCCESS: /usr/bin/time -o time_12_vdhankar_zwang715.txt -f "%U" python3 homework.py > stulog.txt 2>&1 on zwang715 #####
##### zwang715 plays [E b4 a5] in 0.17s #####
##### Running: /usr/lib/jvm/jdk-14.0.1/bin/java -jar /lab/itti/projects/checkers-competition/server/referee.jar on run_12_vdhankar_zwang715 #####
Move is valid
##### SUCCESS: /usr/lib/jvm/jdk-14.0.1/bin/java -jar /lab/itti/projects/checkers-competition/server/referee.jar on run_12_vdhankar_zwang715 #####
INPUT for vdhankar:
GAME
BLACK
33.3259053230286
...b.b.b
........
........
w...b.b.
.......b
b.......
.......w
..w.w.w.
##### Running: /usr/bin/time -o time_12_vdhankar_zwang715.txt -f "%U" python3 homework.py > stulog.txt 2>&1 on vdhankar #####
child exited with value 1
##### ERROR: /usr/bin/time -o time_12_vdhankar_zwang715.txt -f "%U" python3 homework.py > stulog.txt 2>&1 on vdhankar #####
##### Output of failed program (stdout + stderr): #####
Traceback (most recent call last):
  File "homework.py", line 546, in <module>
    print(end-start)
NameError: name 'end' is not defined
##### End of output of failed program #####
##### vdhankar plays [E d8 c7] in 3.24735903739929s #####
##### Running: /usr/lib/jvm/jdk-14.0.1/bin/java -jar /lab/itti/projects/checkers-competition/server/referee.jar on run_12_vdhankar_zwang715 #####
Move is valid
##### SUCCESS: /usr/lib/jvm/jdk-14.0.1/bin/java -jar /lab/itti/projects/checkers-competition/server/referee.jar on run_12_vdhankar_zwang715 #####
INPUT for zwang715:
GAME
WHITE
295.11
.....b.b
..b.....
........
w...b.b.
.......b
b.......
.......w
..w.w.w.
##### Running: /usr/bin/time -o time_12_vdhankar_zwang715.txt -f "%U" python3 homework.py > stulog.txt 2>&1 on zwang715 #####
##### SUCCESS: /usr/bin/time -o time_12_vdhankar_zwang715.txt -f "%U" python3 homework.py > stulog.txt 2>&1 on zwang715 #####
##### zwang715 plays [E h2 g3] in 0.17s #####
##### Running: /usr/lib/jvm/jdk-14.0.1/bin/java -jar /lab/itti/projects/checkers-competition/server/referee.jar on run_12_vdhankar_zwang715 #####
Move is valid
##### SUCCESS: /usr/lib/jvm/jdk-14.0.1/bin/java -jar /lab/itti/projects/checkers-competition/server/referee.jar on run_12_vdhankar_zwang715 #####
INPUT for vdhankar:
GAME
BLACK
30.0785462856293
.....b.b
..b.....
........
w...b.b.
.......b
b.....w.
........
..w.w.w.
##### Running: /usr/bin/time -o time_12_vdhankar_zwang715.txt -f "%U" python3 homework.py > stulog.txt 2>&1 on vdhankar #####
child exited with value 1
##### ERROR: /usr/bin/time -o time_12_vdhankar_zwang715.txt -f "%U" python3 homework.py > stulog.txt 2>&1 on vdhankar #####
##### Output of failed program (stdout + stderr): #####
Traceback (most recent call last):
  File "homework.py", line 546, in <module>
    print(end-start)
NameError: name 'end' is not defined
##### End of output of failed program #####
##### vdhankar plays [J h4 f2] in 1.05327200889587s #####
##### Running: /usr/lib/jvm/jdk-14.0.1/bin/java -jar /lab/itti/projects/checkers-competition/server/referee.jar on run_12_vdhankar_zwang715 #####
Move is valid
##### SUCCESS: /usr/lib/jvm/jdk-14.0.1/bin/java -jar /lab/itti/projects/checkers-competition/server/referee.jar on run_12_vdhankar_zwang715 #####
INPUT for zwang715:
GAME
WHITE
294.94
.....b.b
..b.....
........
w...b.b.
........
b.......
.....b..
..w.w.w.
##### Running: /usr/bin/time -o time_12_vdhankar_zwang715.txt -f "%U" python3 homework.py > stulog.txt 2>&1 on zwang715 #####
##### SUCCESS: /usr/bin/time -o time_12_vdhankar_zwang715.txt -f "%U" python3 homework.py > stulog.txt 2>&1 on zwang715 #####
##### zwang715 plays [J e1 g3] in 0.15s #####
##### Running: /usr/lib/jvm/jdk-14.0.1/bin/java -jar /lab/itti/projects/checkers-competition/server/referee.jar on run_12_vdhankar_zwang715 #####
Move is valid
##### SUCCESS: /usr/lib/jvm/jdk-14.0.1/bin/java -jar /lab/itti/projects/checkers-competition/server/referee.jar on run_12_vdhankar_zwang715 #####
INPUT for vdhankar:
GAME
BLACK
29.0252742767334
.....b.b
..b.....
........
w...b.b.
........
b.....w.
........
..w...w.
##### Running: /usr/bin/time -o time_12_vdhankar_zwang715.txt -f "%U" python3 homework.py > stulog.txt 2>&1 on vdhankar #####
child exited with value 1
##### ERROR: /usr/bin/time -o time_12_vdhankar_zwang715.txt -f "%U" python3 homework.py > stulog.txt 2>&1 on vdhankar #####
##### Output of failed program (stdout + stderr): #####
Traceback (most recent call last):
  File "homework.py", line 546, in <module>
    print(end-start)
NameError: name 'end' is not defined
##### End of output of failed program #####
##### vdhankar plays [E g5 h4] in 3.508948802948s #####
##### Running: /usr/lib/jvm/jdk-14.0.1/bin/java -jar /lab/itti/projects/checkers-competition/server/referee.jar on run_12_vdhankar_zwang715 #####
Move is valid
##### SUCCESS: /usr/lib/jvm/jdk-14.0.1/bin/java -jar /lab/itti/projects/checkers-competition/server/referee.jar on run_12_vdhankar_zwang715 #####
INPUT for zwang715:
GAME
WHITE
294.79
.....b.b
..b.....
........
w...b...
.......b
b.....w.
........
..w...w.
##### Running: /usr/bin/time -o time_12_vdhankar_zwang715.txt -f "%U" python3 homework.py > stulog.txt 2>&1 on zwang715 #####
##### SUCCESS: /usr/bin/time -o time_12_vdhankar_zwang715.txt -f "%U" python3 homework.py > stulog.txt 2>&1 on zwang715 #####
##### zwang715 plays [E g3 f4] in 0.12s #####
##### Running: /usr/lib/jvm/jdk-14.0.1/bin/java -jar /lab/itti/projects/checkers-competition/server/referee.jar on run_12_vdhankar_zwang715 #####
Move is valid
##### SUCCESS: /usr/lib/jvm/jdk-14.0.1/bin/java -jar /lab/itti/projects/checkers-competition/server/referee.jar on run_12_vdhankar_zwang715 #####
INPUT for vdhankar:
GAME
BLACK
25.5163254737854
.....b.b
..b.....
........
w...b...
.....w.b
b.......
........
..w...w.
##### Running: /usr/bin/time -o time_12_vdhankar_zwang715.txt -f "%U" python3 homework.py > stulog.txt 2>&1 on vdhankar #####
child exited with value 1
##### ERROR: /usr/bin/time -o time_12_vdhankar_zwang715.txt -f "%U" python3 homework.py > stulog.txt 2>&1 on vdhankar #####
##### Output of failed program (stdout + stderr): #####
Traceback (most recent call last):
  File "homework.py", line 546, in <module>
    print(end-start)
NameError: name 'end' is not defined
##### End of output of failed program #####
##### vdhankar plays [J e5 g3] in 1.00024890899658s #####
##### Running: /usr/lib/jvm/jdk-14.0.1/bin/java -jar /lab/itti/projects/checkers-competition/server/referee.jar on run_12_vdhankar_zwang715 #####
Move is valid
##### SUCCESS: /usr/lib/jvm/jdk-14.0.1/bin/java -jar /lab/itti/projects/checkers-competition/server/referee.jar on run_12_vdhankar_zwang715 #####
INPUT for zwang715:
GAME
WHITE
294.67
.....b.b
..b.....
........
w.......
.......b
b.....b.
........
..w...w.
##### Running: /usr/bin/time -o time_12_vdhankar_zwang715.txt -f "%U" python3 homework.py > stulog.txt 2>&1 on zwang715 #####
##### SUCCESS: /usr/bin/time -o time_12_vdhankar_zwang715.txt -f "%U" python3 homework.py > stulog.txt 2>&1 on zwang715 #####
##### zwang715 plays [E c1 b2] in 0.1s #####
##### Running: /usr/lib/jvm/jdk-14.0.1/bin/java -jar /lab/itti/projects/checkers-competition/server/referee.jar on run_12_vdhankar_zwang715 #####
Move is valid
##### SUCCESS: /usr/lib/jvm/jdk-14.0.1/bin/java -jar /lab/itti/projects/checkers-competition/server/referee.jar on run_12_vdhankar_zwang715 #####
INPUT for vdhankar:
GAME
BLACK
24.5160765647888
.....b.b
..b.....
........
w.......
.......b
b.....b.
.w......
......w.
##### Running: /usr/bin/time -o time_12_vdhankar_zwang715.txt -f "%U" python3 homework.py > stulog.txt 2>&1 on vdhankar #####
child exited with value 1
##### ERROR: /usr/bin/time -o time_12_vdhankar_zwang715.txt -f "%U" python3 homework.py > stulog.txt 2>&1 on vdhankar #####
##### Output of failed program (stdout + stderr): #####
Traceback (most recent call last):
  File "homework.py", line 546, in <module>
    print(end-start)
NameError: name 'end' is not defined
##### End of output of failed program #####
##### vdhankar plays [J a3 c1] in 0.360203981399536s #####
##### Running: /usr/lib/jvm/jdk-14.0.1/bin/java -jar /lab/itti/projects/checkers-competition/server/referee.jar on run_12_vdhankar_zwang715 #####
Move is valid
##### SUCCESS: /usr/lib/jvm/jdk-14.0.1/bin/java -jar /lab/itti/projects/checkers-competition/server/referee.jar on run_12_vdhankar_zwang715 #####
INPUT for zwang715:
GAME
WHITE
294.57
.....b.b
..b.....
........
w.......
.......b
......b.
........
..B...w.
##### Running: /usr/bin/time -o time_12_vdhankar_zwang715.txt -f "%U" python3 homework.py > stulog.txt 2>&1 on zwang715 #####
##### SUCCESS: /usr/bin/time -o time_12_vdhankar_zwang715.txt -f "%U" python3 homework.py > stulog.txt 2>&1 on zwang715 #####
##### zwang715 plays [E g1 f2] in 0.07s #####
##### Running: /usr/lib/jvm/jdk-14.0.1/bin/java -jar /lab/itti/projects/checkers-competition/server/referee.jar on run_12_vdhankar_zwang715 #####
Move is valid
##### SUCCESS: /usr/lib/jvm/jdk-14.0.1/bin/java -jar /lab/itti/projects/checkers-competition/server/referee.jar on run_12_vdhankar_zwang715 #####
INPUT for vdhankar:
GAME
BLACK
24.1558725833893
.....b.b
..b.....
........
w.......
.......b
......b.
.....w..
..B.....
##### Running: /usr/bin/time -o time_12_vdhankar_zwang715.txt -f "%U" python3 homework.py > stulog.txt 2>&1 on vdhankar #####
child exited with value 1
##### ERROR: /usr/bin/time -o time_12_vdhankar_zwang715.txt -f "%U" python3 homework.py > stulog.txt 2>&1 on vdhankar #####
##### Output of failed program (stdout + stderr): #####
Traceback (most recent call last):
  File "homework.py", line 546, in <module>
    print(end-start)
NameError: name 'end' is not defined
##### End of output of failed program #####
##### vdhankar plays [J g3 e1] in 0.362633943557739s #####
##### Running: /usr/lib/jvm/jdk-14.0.1/bin/java -jar /lab/itti/projects/checkers-competition/server/referee.jar on run_12_vdhankar_zwang715 #####
Move is valid
##### SUCCESS: /usr/lib/jvm/jdk-14.0.1/bin/java -jar /lab/itti/projects/checkers-competition/server/referee.jar on run_12_vdhankar_zwang715 #####
INPUT for zwang715:
GAME
WHITE
294.5
.....b.b
..b.....
........
w.......
.......b
........
........
..B.B...
##### Running: /usr/bin/time -o time_12_vdhankar_zwang715.txt -f "%U" python3 homework.py > stulog.txt 2>&1 on zwang715 #####
##### SUCCESS: /usr/bin/time -o time_12_vdhankar_zwang715.txt -f "%U" python3 homework.py > stulog.txt 2>&1 on zwang715 #####
##### zwang715 plays [E a5 b6] in 0.05s #####
##### Running: /usr/lib/jvm/jdk-14.0.1/bin/java -jar /lab/itti/projects/checkers-competition/server/referee.jar on run_12_vdhankar_zwang715 #####
Move is valid
##### SUCCESS: /usr/lib/jvm/jdk-14.0.1/bin/java -jar /lab/itti/projects/checkers-competition/server/referee.jar on run_12_vdhankar_zwang715 #####
INPUT for vdhankar:
GAME
BLACK
23.7932386398315
.....b.b
..b.....
.w......
........
.......b
........
........
..B.B...
##### Running: /usr/bin/time -o time_12_vdhankar_zwang715.txt -f "%U" python3 homework.py > stulog.txt 2>&1 on vdhankar #####
child exited with value 1
##### ERROR: /usr/bin/time -o time_12_vdhankar_zwang715.txt -f "%U" python3 homework.py > stulog.txt 2>&1 on vdhankar #####
##### Output of failed program (stdout + stderr): #####
Traceback (most recent call last):
  File "homework.py", line 546, in <module>
    print(end-start)
NameError: name 'end' is not defined
##### End of output of failed program #####
##### vdhankar plays [J c7 a5] in 0.371638059616089s #####
##### Running: /usr/lib/jvm/jdk-14.0.1/bin/java -jar /lab/itti/projects/checkers-competition/server/referee.jar on run_12_vdhankar_zwang715 #####
Move is valid
After this move, player WHITE cannot make any moves
*** Winner: BLACK ***
##### SUCCESS: /usr/lib/jvm/jdk-14.0.1/bin/java -jar /lab/itti/projects/checkers-competition/server/referee.jar on run_12_vdhankar_zwang715 #####
##### GAME OVER: vdhankar wins the game! #####
Server said: WIN
########## ROUND 12 GAMESCORE AFTER GAME 2: vdhankar=2 and zwang715=0 ##########
#################### ROUND 12: vdhankar (W) vs zwang715 (B): game 3 ####################
##### game start! #####
INPUT for zwang715:
GAME
BLACK
300
.b.b.b.b
b.b.b.b.
.b.b.b.b
........
........
w.w.w.w.
.w.w.w.w
w.w.w.w.
##### Running: /usr/bin/time -o time_12_vdhankar_zwang715.txt -f "%U" python3 homework.py > stulog.txt 2>&1 on zwang715 #####
##### SUCCESS: /usr/bin/time -o time_12_vdhankar_zwang715.txt -f "%U" python3 homework.py > stulog.txt 2>&1 on zwang715 #####
##### zwang715 plays [E b6 c5] in 0.31s #####
##### Running: /usr/lib/jvm/jdk-14.0.1/bin/java -jar /lab/itti/projects/checkers-competition/server/referee.jar on run_12_vdhankar_zwang715 #####
Move is valid
Couldn't read file 'current_ply.txt'
Couldn't read content from file 'current_ply.txt'
Couldn't read file 'lastmatchange_ply.txt'
Couldn't read content from file 'lastmatchange_ply.txt'
##### SUCCESS: /usr/lib/jvm/jdk-14.0.1/bin/java -jar /lab/itti/projects/checkers-competition/server/referee.jar on run_12_vdhankar_zwang715 #####
INPUT for vdhankar:
GAME
WHITE
300
.b.b.b.b
b.b.b.b.
...b.b.b
..b.....
........
w.w.w.w.
.w.w.w.w
w.w.w.w.
##### Running: /usr/bin/time -o time_12_vdhankar_zwang715.txt -f "%U" python3 homework.py > stulog.txt 2>&1 on vdhankar #####
child exited with value 1
##### ERROR: /usr/bin/time -o time_12_vdhankar_zwang715.txt -f "%U" python3 homework.py > stulog.txt 2>&1 on vdhankar #####
##### Output of failed program (stdout + stderr): #####
Traceback (most recent call last):
  File "homework.py", line 546, in <module>
    print(end-start)
NameError: name 'end' is not defined
##### End of output of failed program #####
##### vdhankar plays [E g3 h4] in 10.3672800064087s #####
##### Running: /usr/lib/jvm/jdk-14.0.1/bin/java -jar /lab/itti/projects/checkers-competition/server/referee.jar on run_12_vdhankar_zwang715 #####
Move is valid
##### SUCCESS: /usr/lib/jvm/jdk-14.0.1/bin/java -jar /lab/itti/projects/checkers-competition/server/referee.jar on run_12_vdhankar_zwang715 #####
INPUT for zwang715:
GAME
BLACK
299.69
.b.b.b.b
b.b.b.b.
...b.b.b
..b.....
.......w
w.w.w...
.w.w.w.w
w.w.w.w.
##### Running: /usr/bin/time -o time_12_vdhankar_zwang715.txt -f "%U" python3 homework.py > stulog.txt 2>&1 on zwang715 #####
##### SUCCESS: /usr/bin/time -o time_12_vdhankar_zwang715.txt -f "%U" python3 homework.py > stulog.txt 2>&1 on zwang715 #####
##### zwang715 plays [E a7 b6] in 0.39s #####
##### Running: /usr/lib/jvm/jdk-14.0.1/bin/java -jar /lab/itti/projects/checkers-competition/server/referee.jar on run_12_vdhankar_zwang715 #####
Move is valid
##### SUCCESS: /usr/lib/jvm/jdk-14.0.1/bin/java -jar /lab/itti/projects/checkers-competition/server/referee.jar on run_12_vdhankar_zwang715 #####
INPUT for vdhankar:
GAME
WHITE
289.632719993591
.b.b.b.b
..b.b.b.
.b.b.b.b
..b.....
.......w
w.w.w...
.w.w.w.w
w.w.w.w.
##### Running: /usr/bin/time -o time_12_vdhankar_zwang715.txt -f "%U" python3 homework.py > stulog.txt 2>&1 on vdhankar #####
child exited with value 1
##### ERROR: /usr/bin/time -o time_12_vdhankar_zwang715.txt -f "%U" python3 homework.py > stulog.txt 2>&1 on vdhankar #####
##### Output of failed program (stdout + stderr): #####
Traceback (most recent call last):
  File "homework.py", line 546, in <module>
    print(end-start)
NameError: name 'end' is not defined
##### End of output of failed program #####
##### vdhankar plays [E f2 g3] in 14.5751428604126s #####
##### Running: /usr/lib/jvm/jdk-14.0.1/bin/java -jar /lab/itti/projects/checkers-competition/server/referee.jar on run_12_vdhankar_zwang715 #####
Move is valid
##### SUCCESS: /usr/lib/jvm/jdk-14.0.1/bin/java -jar /lab/itti/projects/checkers-competition/server/referee.jar on run_12_vdhankar_zwang715 #####
INPUT for zwang715:
GAME
BLACK
299.3
.b.b.b.b
..b.b.b.
.b.b.b.b
..b.....
.......w
w.w.w.w.
.w.w...w
w.w.w.w.
##### Running: /usr/bin/time -o time_12_vdhankar_zwang715.txt -f "%U" python3 homework.py > stulog.txt 2>&1 on zwang715 #####
##### SUCCESS: /usr/bin/time -o time_12_vdhankar_zwang715.txt -f "%U" python3 homework.py > stulog.txt 2>&1 on zwang715 #####
##### zwang715 plays [E b8 a7] in 0.4s #####
##### Running: /usr/lib/jvm/jdk-14.0.1/bin/java -jar /lab/itti/projects/checkers-competition/server/referee.jar on run_12_vdhankar_zwang715 #####
Move is valid
##### SUCCESS: /usr/lib/jvm/jdk-14.0.1/bin/java -jar /lab/itti/projects/checkers-competition/server/referee.jar on run_12_vdhankar_zwang715 #####
INPUT for vdhankar:
GAME
WHITE
275.057577133179
...b.b.b
b.b.b.b.
.b.b.b.b
..b.....
.......w
w.w.w.w.
.w.w...w
w.w.w.w.
##### Running: /usr/bin/time -o time_12_vdhankar_zwang715.txt -f "%U" python3 homework.py > stulog.txt 2>&1 on vdhankar #####
child exited with value 1
##### ERROR: /usr/bin/time -o time_12_vdhankar_zwang715.txt -f "%U" python3 homework.py > stulog.txt 2>&1 on vdhankar #####
##### Output of failed program (stdout + stderr): #####
Traceback (most recent call last):
  File "homework.py", line 546, in <module>
    print(end-start)
NameError: name 'end' is not defined
##### End of output of failed program #####
##### vdhankar plays [E c3 d4] in 5.17984509468079s #####
##### Running: /usr/lib/jvm/jdk-14.0.1/bin/java -jar /lab/itti/projects/checkers-competition/server/referee.jar on run_12_vdhankar_zwang715 #####
Move is valid
##### SUCCESS: /usr/lib/jvm/jdk-14.0.1/bin/java -jar /lab/itti/projects/checkers-competition/server/referee.jar on run_12_vdhankar_zwang715 #####
INPUT for zwang715:
GAME
BLACK
298.9
...b.b.b
b.b.b.b.
.b.b.b.b
..b.....
...w...w
w...w.w.
.w.w...w
w.w.w.w.
##### Running: /usr/bin/time -o time_12_vdhankar_zwang715.txt -f "%U" python3 homework.py > stulog.txt 2>&1 on zwang715 #####
##### SUCCESS: /usr/bin/time -o time_12_vdhankar_zwang715.txt -f "%U" python3 homework.py > stulog.txt 2>&1 on zwang715 #####
##### zwang715 plays [E b6 a5] in 0.35s #####
##### Running: /usr/lib/jvm/jdk-14.0.1/bin/java -jar /lab/itti/projects/checkers-competition/server/referee.jar on run_12_vdhankar_zwang715 #####
Move is valid
##### SUCCESS: /usr/lib/jvm/jdk-14.0.1/bin/java -jar /lab/itti/projects/checkers-competition/server/referee.jar on run_12_vdhankar_zwang715 #####
INPUT for vdhankar:
GAME
WHITE
269.877732038498
...b.b.b
b.b.b.b.
...b.b.b
b.b.....
...w...w
w...w.w.
.w.w...w
w.w.w.w.
##### Running: /usr/bin/time -o time_12_vdhankar_zwang715.txt -f "%U" python3 homework.py > stulog.txt 2>&1 on vdhankar #####
child exited with value 1
##### ERROR: /usr/bin/time -o time_12_vdhankar_zwang715.txt -f "%U" python3 homework.py > stulog.txt 2>&1 on vdhankar #####
##### Output of failed program (stdout + stderr): #####
Traceback (most recent call last):
  File "homework.py", line 546, in <module>
    print(end-start)
NameError: name 'end' is not defined
##### End of output of failed program #####
##### vdhankar plays [J d4 b6] in 1.56804013252258s #####
##### Running: /usr/lib/jvm/jdk-14.0.1/bin/java -jar /lab/itti/projects/checkers-competition/server/referee.jar on run_12_vdhankar_zwang715 #####
Move is valid
##### SUCCESS: /usr/lib/jvm/jdk-14.0.1/bin/java -jar /lab/itti/projects/checkers-competition/server/referee.jar on run_12_vdhankar_zwang715 #####
INPUT for zwang715:
GAME
BLACK
298.55
...b.b.b
b.b.b.b.
.w.b.b.b
b.......
.......w
w...w.w.
.w.w...w
w.w.w.w.
##### Running: /usr/bin/time -o time_12_vdhankar_zwang715.txt -f "%U" python3 homework.py > stulog.txt 2>&1 on zwang715 #####
##### SUCCESS: /usr/bin/time -o time_12_vdhankar_zwang715.txt -f "%U" python3 homework.py > stulog.txt 2>&1 on zwang715 #####
##### zwang715 plays [J a7 c5] in 0.32s #####
##### Running: /usr/lib/jvm/jdk-14.0.1/bin/java -jar /lab/itti/projects/checkers-competition/server/referee.jar on run_12_vdhankar_zwang715 #####
Move is valid
##### SUCCESS: /usr/lib/jvm/jdk-14.0.1/bin/java -jar /lab/itti/projects/checkers-competition/server/referee.jar on run_12_vdhankar_zwang715 #####
INPUT for vdhankar:
GAME
WHITE
268.309691905975
...b.b.b
..b.b.b.
...b.b.b
b.b.....
.......w
w...w.w.
.w.w...w
w.w.w.w.
##### Running: /usr/bin/time -o time_12_vdhankar_zwang715.txt -f "%U" python3 homework.py > stulog.txt 2>&1 on vdhankar #####
child exited with value 1
##### ERROR: /usr/bin/time -o time_12_vdhankar_zwang715.txt -f "%U" python3 homework.py > stulog.txt 2>&1 on vdhankar #####
##### Output of failed program (stdout + stderr): #####
Traceback (most recent call last):
  File "homework.py", line 546, in <module>
    print(end-start)
NameError: name 'end' is not defined
##### End of output of failed program #####
##### vdhankar plays [E g3 f4] in 8.96000695228577s #####
##### Running: /usr/lib/jvm/jdk-14.0.1/bin/java -jar /lab/itti/projects/checkers-competition/server/referee.jar on run_12_vdhankar_zwang715 #####
Move is valid
##### SUCCESS: /usr/lib/jvm/jdk-14.0.1/bin/java -jar /lab/itti/projects/checkers-competition/server/referee.jar on run_12_vdhankar_zwang715 #####
INPUT for zwang715:
GAME
BLACK
298.23
...b.b.b
..b.b.b.
...b.b.b
b.b.....
.....w.w
w...w...
.w.w...w
w.w.w.w.
##### Running: /usr/bin/time -o time_12_vdhankar_zwang715.txt -f "%U" python3 homework.py > stulog.txt 2>&1 on zwang715 #####
##### SUCCESS: /usr/bin/time -o time_12_vdhankar_zwang715.txt -f "%U" python3 homework.py > stulog.txt 2>&1 on zwang715 #####
##### zwang715 plays [E c7 b6] in 0.41s #####
##### Running: /usr/lib/jvm/jdk-14.0.1/bin/java -jar /lab/itti/projects/checkers-competition/server/referee.jar on run_12_vdhankar_zwang715 #####
Move is valid
##### SUCCESS: /usr/lib/jvm/jdk-14.0.1/bin/java -jar /lab/itti/projects/checkers-competition/server/referee.jar on run_12_vdhankar_zwang715 #####
INPUT for vdhankar:
GAME
WHITE
259.34968495369
...b.b.b
....b.b.
.b.b.b.b
b.b.....
.....w.w
w...w...
.w.w...w
w.w.w.w.
##### Running: /usr/bin/time -o time_12_vdhankar_zwang715.txt -f "%U" python3 homework.py > stulog.txt 2>&1 on vdhankar #####
child exited with value 1
##### ERROR: /usr/bin/time -o time_12_vdhankar_zwang715.txt -f "%U" python3 homework.py > stulog.txt 2>&1 on vdhankar #####
##### Output of failed program (stdout + stderr): #####
Traceback (most recent call last):
  File "homework.py", line 546, in <module>
    print(end-start)
NameError: name 'end' is not defined
##### End of output of failed program #####
##### vdhankar plays [E g1 f2] in 10.07546210289s #####
##### Running: /usr/lib/jvm/jdk-14.0.1/bin/java -jar /lab/itti/projects/checkers-competition/server/referee.jar on run_12_vdhankar_zwang715 #####
Move is valid
##### SUCCESS: /usr/lib/jvm/jdk-14.0.1/bin/java -jar /lab/itti/projects/checkers-competition/server/referee.jar on run_12_vdhankar_zwang715 #####
INPUT for zwang715:
GAME
BLACK
297.82
...b.b.b
....b.b.
.b.b.b.b
b.b.....
.....w.w
w...w...
.w.w.w.w
w.w.w...
##### Running: /usr/bin/time -o time_12_vdhankar_zwang715.txt -f "%U" python3 homework.py > stulog.txt 2>&1 on zwang715 #####
##### SUCCESS: /usr/bin/time -o time_12_vdhankar_zwang715.txt -f "%U" python3 homework.py > stulog.txt 2>&1 on zwang715 #####
##### zwang715 plays [E d8 c7] in 0.32s #####
##### Running: /usr/lib/jvm/jdk-14.0.1/bin/java -jar /lab/itti/projects/checkers-competition/server/referee.jar on run_12_vdhankar_zwang715 #####
Move is valid
##### SUCCESS: /usr/lib/jvm/jdk-14.0.1/bin/java -jar /lab/itti/projects/checkers-competition/server/referee.jar on run_12_vdhankar_zwang715 #####
INPUT for vdhankar:
GAME
WHITE
249.2742228508
.....b.b
..b.b.b.
.b.b.b.b
b.b.....
.....w.w
w...w...
.w.w.w.w
w.w.w...
##### Running: /usr/bin/time -o time_12_vdhankar_zwang715.txt -f "%U" python3 homework.py > stulog.txt 2>&1 on vdhankar #####
child exited with value 1
##### ERROR: /usr/bin/time -o time_12_vdhankar_zwang715.txt -f "%U" python3 homework.py > stulog.txt 2>&1 on vdhankar #####
##### Output of failed program (stdout + stderr): #####
Traceback (most recent call last):
  File "homework.py", line 546, in <module>
    print(end-start)
NameError: name 'end' is not defined
##### End of output of failed program #####
##### vdhankar plays [E d2 c3] in 5.41303396224976s #####
##### Running: /usr/lib/jvm/jdk-14.0.1/bin/java -jar /lab/itti/projects/checkers-competition/server/referee.jar on run_12_vdhankar_zwang715 #####
Move is valid
##### SUCCESS: /usr/lib/jvm/jdk-14.0.1/bin/java -jar /lab/itti/projects/checkers-competition/server/referee.jar on run_12_vdhankar_zwang715 #####
INPUT for zwang715:
GAME
BLACK
297.5
.....b.b
..b.b.b.
.b.b.b.b
b.b.....
.....w.w
w.w.w...
.w...w.w
w.w.w...
##### Running: /usr/bin/time -o time_12_vdhankar_zwang715.txt -f "%U" python3 homework.py > stulog.txt 2>&1 on zwang715 #####
##### SUCCESS: /usr/bin/time -o time_12_vdhankar_zwang715.txt -f "%U" python3 homework.py > stulog.txt 2>&1 on zwang715 #####
##### zwang715 plays [E f6 g5] in 0.36s #####
##### Running: /usr/lib/jvm/jdk-14.0.1/bin/java -jar /lab/itti/projects/checkers-competition/server/referee.jar on run_12_vdhankar_zwang715 #####
Move is valid
##### SUCCESS: /usr/lib/jvm/jdk-14.0.1/bin/java -jar /lab/itti/projects/checkers-competition/server/referee.jar on run_12_vdhankar_zwang715 #####
INPUT for vdhankar:
GAME
WHITE
243.86118888855
.....b.b
..b.b.b.
.b.b...b
b.b...b.
.....w.w
w.w.w...
.w...w.w
w.w.w...
##### Running: /usr/bin/time -o time_12_vdhankar_zwang715.txt -f "%U" python3 homework.py > stulog.txt 2>&1 on vdhankar #####
child exited with value 1
##### ERROR: /usr/bin/time -o time_12_vdhankar_zwang715.txt -f "%U" python3 homework.py > stulog.txt 2>&1 on vdhankar #####
##### Output of failed program (stdout + stderr): #####
Traceback (most recent call last):
  File "homework.py", line 546, in <module>
    print(end-start)
NameError: name 'end' is not defined
##### End of output of failed program #####
##### vdhankar plays [J h4 f6 ; J f6 d8] in 2.15391397476196s #####
##### Running: /usr/lib/jvm/jdk-14.0.1/bin/java -jar /lab/itti/projects/checkers-competition/server/referee.jar on run_12_vdhankar_zwang715 #####
Move is valid
##### SUCCESS: /usr/lib/jvm/jdk-14.0.1/bin/java -jar /lab/itti/projects/checkers-competition/server/referee.jar on run_12_vdhankar_zwang715 #####
INPUT for zwang715:
GAME
BLACK
297.14
...W.b.b
..b...b.
.b.b...b
b.b.....
.....w..
w.w.w...
.w...w.w
w.w.w...
##### Running: /usr/bin/time -o time_12_vdhankar_zwang715.txt -f "%U" python3 homework.py > stulog.txt 2>&1 on zwang715 #####
##### SUCCESS: /usr/bin/time -o time_12_vdhankar_zwang715.txt -f "%U" python3 homework.py > stulog.txt 2>&1 on zwang715 #####
##### zwang715 plays [E g7 f6] in 0.39s #####
##### Running: /usr/lib/jvm/jdk-14.0.1/bin/java -jar /lab/itti/projects/checkers-competition/server/referee.jar on run_12_vdhankar_zwang715 #####
Move is valid
##### SUCCESS: /usr/lib/jvm/jdk-14.0.1/bin/java -jar /lab/itti/projects/checkers-competition/server/referee.jar on run_12_vdhankar_zwang715 #####
INPUT for vdhankar:
GAME
WHITE
241.707274913788
...W.b.b
..b.....
.b.b.b.b
b.b.....
.....w..
w.w.w...
.w...w.w
w.w.w...
##### Running: /usr/bin/time -o time_12_vdhankar_zwang715.txt -f "%U" python3 homework.py > stulog.txt 2>&1 on vdhankar #####
child exited with value 1
##### ERROR: /usr/bin/time -o time_12_vdhankar_zwang715.txt -f "%U" python3 homework.py > stulog.txt 2>&1 on vdhankar #####
##### Output of failed program (stdout + stderr): #####
Traceback (most recent call last):
  File "homework.py", line 546, in <module>
    print(end-start)
NameError: name 'end' is not defined
##### End of output of failed program #####
##### vdhankar plays [E d8 e7] in 7.03510403633118s #####
##### Running: /usr/lib/jvm/jdk-14.0.1/bin/java -jar /lab/itti/projects/checkers-competition/server/referee.jar on run_12_vdhankar_zwang715 #####
Move is valid
##### SUCCESS: /usr/lib/jvm/jdk-14.0.1/bin/java -jar /lab/itti/projects/checkers-competition/server/referee.jar on run_12_vdhankar_zwang715 #####
INPUT for zwang715:
GAME
BLACK
296.75
.....b.b
..b.W...
.b.b.b.b
b.b.....
.....w..
w.w.w...
.w...w.w
w.w.w...
##### Running: /usr/bin/time -o time_12_vdhankar_zwang715.txt -f "%U" python3 homework.py > stulog.txt 2>&1 on zwang715 #####
##### SUCCESS: /usr/bin/time -o time_12_vdhankar_zwang715.txt -f "%U" python3 homework.py > stulog.txt 2>&1 on zwang715 #####
##### zwang715 plays [E h8 g7] in 0.3s #####
##### Running: /usr/lib/jvm/jdk-14.0.1/bin/java -jar /lab/itti/projects/checkers-competition/server/referee.jar on run_12_vdhankar_zwang715 #####
Move is valid
##### SUCCESS: /usr/lib/jvm/jdk-14.0.1/bin/java -jar /lab/itti/projects/checkers-competition/server/referee.jar on run_12_vdhankar_zwang715 #####
INPUT for vdhankar:
GAME
WHITE
234.672170877457
.....b..
..b.W.b.
.b.b.b.b
b.b.....
.....w..
w.w.w...
.w...w.w
w.w.w...
##### Running: /usr/bin/time -o time_12_vdhankar_zwang715.txt -f "%U" python3 homework.py > stulog.txt 2>&1 on vdhankar #####
child exited with value 1
##### ERROR: /usr/bin/time -o time_12_vdhankar_zwang715.txt -f "%U" python3 homework.py > stulog.txt 2>&1 on vdhankar #####
##### Output of failed program (stdout + stderr): #####
Traceback (most recent call last):
  File "homework.py", line 546, in <module>
    print(end-start)
NameError: name 'end' is not defined
##### End of output of failed program #####
##### vdhankar plays [J e7 g5] in 1.37879586219788s #####
##### Running: /usr/lib/jvm/jdk-14.0.1/bin/java -jar /lab/itti/projects/checkers-competition/server/referee.jar on run_12_vdhankar_zwang715 #####
Move is valid
##### SUCCESS: /usr/lib/jvm/jdk-14.0.1/bin/java -jar /lab/itti/projects/checkers-competition/server/referee.jar on run_12_vdhankar_zwang715 #####
INPUT for zwang715:
GAME
BLACK
296.45
.....b..
..b...b.
.b.b...b
b.b...W.
.....w..
w.w.w...
.w...w.w
w.w.w...
##### Running: /usr/bin/time -o time_12_vdhankar_zwang715.txt -f "%U" python3 homework.py > stulog.txt 2>&1 on zwang715 #####
##### SUCCESS: /usr/bin/time -o time_12_vdhankar_zwang715.txt -f "%U" python3 homework.py > stulog.txt 2>&1 on zwang715 #####
##### zwang715 plays [E f8 e7] in 0.25s #####
##### Running: /usr/lib/jvm/jdk-14.0.1/bin/java -jar /lab/itti/projects/checkers-competition/server/referee.jar on run_12_vdhankar_zwang715 #####
Move is valid
##### SUCCESS: /usr/lib/jvm/jdk-14.0.1/bin/java -jar /lab/itti/projects/checkers-competition/server/referee.jar on run_12_vdhankar_zwang715 #####
INPUT for vdhankar:
GAME
WHITE
233.293375015259
........
..b.b.b.
.b.b...b
b.b...W.
.....w..
w.w.w...
.w...w.w
w.w.w...
##### Running: /usr/bin/time -o time_12_vdhankar_zwang715.txt -f "%U" python3 homework.py > stulog.txt 2>&1 on vdhankar #####
child exited with value 1
##### ERROR: /usr/bin/time -o time_12_vdhankar_zwang715.txt -f "%U" python3 homework.py > stulog.txt 2>&1 on vdhankar #####
##### Output of failed program (stdout + stderr): #####
Traceback (most recent call last):
  File "homework.py", line 546, in <module>
    print(end-start)
NameError: name 'end' is not defined
##### End of output of failed program #####
##### vdhankar plays [E c3 b4] in 5.02905988693237s #####
##### Running: /usr/lib/jvm/jdk-14.0.1/bin/java -jar /lab/itti/projects/checkers-competition/server/referee.jar on run_12_vdhankar_zwang715 #####
Move is valid
##### SUCCESS: /usr/lib/jvm/jdk-14.0.1/bin/java -jar /lab/itti/projects/checkers-competition/server/referee.jar on run_12_vdhankar_zwang715 #####
INPUT for zwang715:
GAME
BLACK
296.2
........
..b.b.b.
.b.b...b
b.b...W.
.w...w..
w...w...
.w...w.w
w.w.w...
##### Running: /usr/bin/time -o time_12_vdhankar_zwang715.txt -f "%U" python3 homework.py > stulog.txt 2>&1 on zwang715 #####
##### SUCCESS: /usr/bin/time -o time_12_vdhankar_zwang715.txt -f "%U" python3 homework.py > stulog.txt 2>&1 on zwang715 #####
##### zwang715 plays [J a5 c3] in 0.22s #####
##### Running: /usr/lib/jvm/jdk-14.0.1/bin/java -jar /lab/itti/projects/checkers-competition/server/referee.jar on run_12_vdhankar_zwang715 #####
Move is valid
##### SUCCESS: /usr/lib/jvm/jdk-14.0.1/bin/java -jar /lab/itti/projects/checkers-competition/server/referee.jar on run_12_vdhankar_zwang715 #####
INPUT for vdhankar:
GAME
WHITE
228.264315128326
........
..b.b.b.
.b.b...b
..b...W.
.....w..
w.b.w...
.w...w.w
w.w.w...
##### Running: /usr/bin/time -o time_12_vdhankar_zwang715.txt -f "%U" python3 homework.py > stulog.txt 2>&1 on vdhankar #####
child exited with value 1
##### ERROR: /usr/bin/time -o time_12_vdhankar_zwang715.txt -f "%U" python3 homework.py > stulog.txt 2>&1 on vdhankar #####
##### Output of failed program (stdout + stderr): #####
Traceback (most recent call last):
  File "homework.py", line 546, in <module>
    print(end-start)
NameError: name 'end' is not defined
##### End of output of failed program #####
##### vdhankar plays [J b2 d4] in 0.839257001876831s #####
##### Running: /usr/lib/jvm/jdk-14.0.1/bin/java -jar /lab/itti/projects/checkers-competition/server/referee.jar on run_12_vdhankar_zwang715 #####
Move is valid
##### SUCCESS: /usr/lib/jvm/jdk-14.0.1/bin/java -jar /lab/itti/projects/checkers-competition/server/referee.jar on run_12_vdhankar_zwang715 #####
INPUT for zwang715:
GAME
BLACK
295.98
........
..b.b.b.
.b.b...b
..b...W.
...w.w..
w...w...
.....w.w
w.w.w...
##### Running: /usr/bin/time -o time_12_vdhankar_zwang715.txt -f "%U" python3 homework.py > stulog.txt 2>&1 on zwang715 #####
##### SUCCESS: /usr/bin/time -o time_12_vdhankar_zwang715.txt -f "%U" python3 homework.py > stulog.txt 2>&1 on zwang715 #####
##### zwang715 plays [E g7 f6] in 0.21s #####
##### Running: /usr/lib/jvm/jdk-14.0.1/bin/java -jar /lab/itti/projects/checkers-competition/server/referee.jar on run_12_vdhankar_zwang715 #####
Move is valid
##### SUCCESS: /usr/lib/jvm/jdk-14.0.1/bin/java -jar /lab/itti/projects/checkers-competition/server/referee.jar on run_12_vdhankar_zwang715 #####
INPUT for vdhankar:
GAME
WHITE
227.42505812645
........
..b.b...
.b.b.b.b
..b...W.
...w.w..
w...w...
.....w.w
w.w.w...
##### Running: /usr/bin/time -o time_12_vdhankar_zwang715.txt -f "%U" python3 homework.py > stulog.txt 2>&1 on vdhankar #####
child exited with value 1
##### ERROR: /usr/bin/time -o time_12_vdhankar_zwang715.txt -f "%U" python3 homework.py > stulog.txt 2>&1 on vdhankar #####
##### Output of failed program (stdout + stderr): #####
Traceback (most recent call last):
  File "homework.py", line 546, in <module>
    print(end-start)
NameError: name 'end' is not defined
##### End of output of failed program #####
##### vdhankar plays [E g5 h4] in 2.20147204399109s #####
##### Running: /usr/lib/jvm/jdk-14.0.1/bin/java -jar /lab/itti/projects/checkers-competition/server/referee.jar on run_12_vdhankar_zwang715 #####
Move is valid
##### SUCCESS: /usr/lib/jvm/jdk-14.0.1/bin/java -jar /lab/itti/projects/checkers-competition/server/referee.jar on run_12_vdhankar_zwang715 #####
INPUT for zwang715:
GAME
BLACK
295.77
........
..b.b...
.b.b.b.b
..b.....
...w.w.W
w...w...
.....w.w
w.w.w...
##### Running: /usr/bin/time -o time_12_vdhankar_zwang715.txt -f "%U" python3 homework.py > stulog.txt 2>&1 on zwang715 #####
##### SUCCESS: /usr/bin/time -o time_12_vdhankar_zwang715.txt -f "%U" python3 homework.py > stulog.txt 2>&1 on zwang715 #####
##### zwang715 plays [E d6 e5] in 0.21s #####
##### Running: /usr/lib/jvm/jdk-14.0.1/bin/java -jar /lab/itti/projects/checkers-competition/server/referee.jar on run_12_vdhankar_zwang715 #####
Move is valid
##### SUCCESS: /usr/lib/jvm/jdk-14.0.1/bin/java -jar /lab/itti/projects/checkers-competition/server/referee.jar on run_12_vdhankar_zwang715 #####
INPUT for vdhankar:
GAME
WHITE
225.223586082458
........
..b.b...
.b...b.b
..b.b...
...w.w.W
w...w...
.....w.w
w.w.w...
##### Running: /usr/bin/time -o time_12_vdhankar_zwang715.txt -f "%U" python3 homework.py > stulog.txt 2>&1 on vdhankar #####
child exited with value 1
##### ERROR: /usr/bin/time -o time_12_vdhankar_zwang715.txt -f "%U" python3 homework.py > stulog.txt 2>&1 on vdhankar #####
##### Output of failed program (stdout + stderr): #####
Traceback (most recent call last):
  File "homework.py", line 546, in <module>
    print(end-start)
NameError: name 'end' is not defined
##### End of output of failed program #####
##### vdhankar plays [J f4 d6 ; J d6 b8] in 2.94369506835938s #####
##### Running: /usr/lib/jvm/jdk-14.0.1/bin/java -jar /lab/itti/projects/checkers-competition/server/referee.jar on run_12_vdhankar_zwang715 #####
Move is valid
##### SUCCESS: /usr/lib/jvm/jdk-14.0.1/bin/java -jar /lab/itti/projects/checkers-competition/server/referee.jar on run_12_vdhankar_zwang715 #####
INPUT for zwang715:
GAME
BLACK
295.56
.W......
....b...
.b...b.b
..b.....
...w...W
w...w...
.....w.w
w.w.w...
##### Running: /usr/bin/time -o time_12_vdhankar_zwang715.txt -f "%U" python3 homework.py > stulog.txt 2>&1 on zwang715 #####
##### SUCCESS: /usr/bin/time -o time_12_vdhankar_zwang715.txt -f "%U" python3 homework.py > stulog.txt 2>&1 on zwang715 #####
##### zwang715 plays [E e7 d6] in 0.2s #####
##### Running: /usr/lib/jvm/jdk-14.0.1/bin/java -jar /lab/itti/projects/checkers-competition/server/referee.jar on run_12_vdhankar_zwang715 #####
Move is valid
##### SUCCESS: /usr/lib/jvm/jdk-14.0.1/bin/java -jar /lab/itti/projects/checkers-competition/server/referee.jar on run_12_vdhankar_zwang715 #####
INPUT for vdhankar:
GAME
WHITE
222.279891014099
.W......
........
.b.b.b.b
..b.....
...w...W
w...w...
.....w.w
w.w.w...
##### Running: /usr/bin/time -o time_12_vdhankar_zwang715.txt -f "%U" python3 homework.py > stulog.txt 2>&1 on vdhankar #####
child exited with value 1
##### ERROR: /usr/bin/time -o time_12_vdhankar_zwang715.txt -f "%U" python3 homework.py > stulog.txt 2>&1 on vdhankar #####
##### Output of failed program (stdout + stderr): #####
Traceback (most recent call last):
  File "homework.py", line 546, in <module>
    print(end-start)
NameError: name 'end' is not defined
##### End of output of failed program #####
##### vdhankar plays [E b8 c7] in 4.7479681968689s #####
##### Running: /usr/lib/jvm/jdk-14.0.1/bin/java -jar /lab/itti/projects/checkers-competition/server/referee.jar on run_12_vdhankar_zwang715 #####
Move is valid
##### SUCCESS: /usr/lib/jvm/jdk-14.0.1/bin/java -jar /lab/itti/projects/checkers-competition/server/referee.jar on run_12_vdhankar_zwang715 #####
INPUT for zwang715:
GAME
BLACK
295.36
........
..W.....
.b.b.b.b
..b.....
...w...W
w...w...
.....w.w
w.w.w...
##### Running: /usr/bin/time -o time_12_vdhankar_zwang715.txt -f "%U" python3 homework.py > stulog.txt 2>&1 on zwang715 #####
##### SUCCESS: /usr/bin/time -o time_12_vdhankar_zwang715.txt -f "%U" python3 homework.py > stulog.txt 2>&1 on zwang715 #####
##### zwang715 plays [E d6 e5] in 0.2s #####
##### Running: /usr/lib/jvm/jdk-14.0.1/bin/java -jar /lab/itti/projects/checkers-competition/server/referee.jar on run_12_vdhankar_zwang715 #####
Move is valid
##### SUCCESS: /usr/lib/jvm/jdk-14.0.1/bin/java -jar /lab/itti/projects/checkers-competition/server/referee.jar on run_12_vdhankar_zwang715 #####
INPUT for vdhankar:
GAME
WHITE
217.53192281723
........
..W.....
.b...b.b
..b.b...
...w...W
w...w...
.....w.w
w.w.w...
##### Running: /usr/bin/time -o time_12_vdhankar_zwang715.txt -f "%U" python3 homework.py > stulog.txt 2>&1 on vdhankar #####
child exited with value 1
##### ERROR: /usr/bin/time -o time_12_vdhankar_zwang715.txt -f "%U" python3 homework.py > stulog.txt 2>&1 on vdhankar #####
##### Output of failed program (stdout + stderr): #####
Traceback (most recent call last):
  File "homework.py", line 546, in <module>
    print(end-start)
NameError: name 'end' is not defined
##### End of output of failed program #####
##### vdhankar plays [J c7 a5] in 0.886752128601074s #####
##### Running: /usr/lib/jvm/jdk-14.0.1/bin/java -jar /lab/itti/projects/checkers-competition/server/referee.jar on run_12_vdhankar_zwang715 #####
Move is valid
##### SUCCESS: /usr/lib/jvm/jdk-14.0.1/bin/java -jar /lab/itti/projects/checkers-competition/server/referee.jar on run_12_vdhankar_zwang715 #####
INPUT for zwang715:
GAME
BLACK
295.16
........
........
.....b.b
W.b.b...
...w...W
w...w...
.....w.w
w.w.w...
##### Running: /usr/bin/time -o time_12_vdhankar_zwang715.txt -f "%U" python3 homework.py > stulog.txt 2>&1 on zwang715 #####
##### SUCCESS: /usr/bin/time -o time_12_vdhankar_zwang715.txt -f "%U" python3 homework.py > stulog.txt 2>&1 on zwang715 #####
##### zwang715 plays [J e5 c3] in 0.16s #####
##### Running: /usr/lib/jvm/jdk-14.0.1/bin/java -jar /lab/itti/projects/checkers-competition/server/referee.jar on run_12_vdhankar_zwang715 #####
Move is valid
##### SUCCESS: /usr/lib/jvm/jdk-14.0.1/bin/java -jar /lab/itti/projects/checkers-competition/server/referee.jar on run_12_vdhankar_zwang715 #####
INPUT for vdhankar:
GAME
WHITE
216.645170688629
........
........
.....b.b
W.b.....
.......W
w.b.w...
.....w.w
w.w.w...
##### Running: /usr/bin/time -o time_12_vdhankar_zwang715.txt -f "%U" python3 homework.py > stulog.txt 2>&1 on vdhankar #####
child exited with value 1
##### ERROR: /usr/bin/time -o time_12_vdhankar_zwang715.txt -f "%U" python3 homework.py > stulog.txt 2>&1 on vdhankar #####
##### Output of failed program (stdout + stderr): #####
Traceback (most recent call last):
  File "homework.py", line 546, in <module>
    print(end-start)
NameError: name 'end' is not defined
##### End of output of failed program #####
##### vdhankar plays [E a5 b4] in 3.94544386863708s #####
##### Running: /usr/lib/jvm/jdk-14.0.1/bin/java -jar /lab/itti/projects/checkers-competition/server/referee.jar on run_12_vdhankar_zwang715 #####
Move is valid
##### SUCCESS: /usr/lib/jvm/jdk-14.0.1/bin/java -jar /lab/itti/projects/checkers-competition/server/referee.jar on run_12_vdhankar_zwang715 #####
INPUT for zwang715:
GAME
BLACK
295
........
........
.....b.b
..b.....
.W.....W
w.b.w...
.....w.w
w.w.w...
##### Running: /usr/bin/time -o time_12_vdhankar_zwang715.txt -f "%U" python3 homework.py > stulog.txt 2>&1 on zwang715 #####
##### SUCCESS: /usr/bin/time -o time_12_vdhankar_zwang715.txt -f "%U" python3 homework.py > stulog.txt 2>&1 on zwang715 #####
##### zwang715 plays [E f6 e5] in 0.13s #####
##### Running: /usr/lib/jvm/jdk-14.0.1/bin/java -jar /lab/itti/projects/checkers-competition/server/referee.jar on run_12_vdhankar_zwang715 #####
Move is valid
##### SUCCESS: /usr/lib/jvm/jdk-14.0.1/bin/java -jar /lab/itti/projects/checkers-competition/server/referee.jar on run_12_vdhankar_zwang715 #####
INPUT for vdhankar:
GAME
WHITE
212.699726819992
........
........
.......b
..b.b...
.W.....W
w.b.w...
.....w.w
w.w.w...
##### Running: /usr/bin/time -o time_12_vdhankar_zwang715.txt -f "%U" python3 homework.py > stulog.txt 2>&1 on vdhankar #####
child exited with value 1
##### ERROR: /usr/bin/time -o time_12_vdhankar_zwang715.txt -f "%U" python3 homework.py > stulog.txt 2>&1 on vdhankar #####
##### Output of failed program (stdout + stderr): #####
Traceback (most recent call last):
  File "homework.py", line 546, in <module>
    print(end-start)
NameError: name 'end' is not defined
##### End of output of failed program #####
##### vdhankar plays [J b4 d6 ; J d6 f4] in 0.398902893066406s #####
##### Running: /usr/lib/jvm/jdk-14.0.1/bin/java -jar /lab/itti/projects/checkers-competition/server/referee.jar on run_12_vdhankar_zwang715 #####
Move is valid
##### SUCCESS: /usr/lib/jvm/jdk-14.0.1/bin/java -jar /lab/itti/projects/checkers-competition/server/referee.jar on run_12_vdhankar_zwang715 #####
INPUT for zwang715:
GAME
BLACK
294.87
........
........
.......b
........
.....W.W
w.b.w...
.....w.w
w.w.w...
##### Running: /usr/bin/time -o time_12_vdhankar_zwang715.txt -f "%U" python3 homework.py > stulog.txt 2>&1 on zwang715 #####
##### SUCCESS: /usr/bin/time -o time_12_vdhankar_zwang715.txt -f "%U" python3 homework.py > stulog.txt 2>&1 on zwang715 #####
##### zwang715 plays [E c3 d2] in 0.08s #####
##### Running: /usr/lib/jvm/jdk-14.0.1/bin/java -jar /lab/itti/projects/checkers-competition/server/referee.jar on run_12_vdhankar_zwang715 #####
Move is valid
##### SUCCESS: /usr/lib/jvm/jdk-14.0.1/bin/java -jar /lab/itti/projects/checkers-competition/server/referee.jar on run_12_vdhankar_zwang715 #####
INPUT for vdhankar:
GAME
WHITE
212.300823926926
........
........
.......b
........
.....W.W
w...w...
...b.w.w
w.w.w...
##### Running: /usr/bin/time -o time_12_vdhankar_zwang715.txt -f "%U" python3 homework.py > stulog.txt 2>&1 on vdhankar #####
child exited with value 1
##### ERROR: /usr/bin/time -o time_12_vdhankar_zwang715.txt -f "%U" python3 homework.py > stulog.txt 2>&1 on vdhankar #####
##### Output of failed program (stdout + stderr): #####
Traceback (most recent call last):
  File "homework.py", line 546, in <module>
    print(end-start)
NameError: name 'end' is not defined
##### End of output of failed program #####
##### vdhankar plays [J e1 c3] in 0.326464891433716s #####
##### Running: /usr/lib/jvm/jdk-14.0.1/bin/java -jar /lab/itti/projects/checkers-competition/server/referee.jar on run_12_vdhankar_zwang715 #####
Move is valid
##### SUCCESS: /usr/lib/jvm/jdk-14.0.1/bin/java -jar /lab/itti/projects/checkers-competition/server/referee.jar on run_12_vdhankar_zwang715 #####
INPUT for zwang715:
GAME
BLACK
294.79
........
........
.......b
........
.....W.W
w.w.w...
.....w.w
w.w.....
##### Running: /usr/bin/time -o time_12_vdhankar_zwang715.txt -f "%U" python3 homework.py > stulog.txt 2>&1 on zwang715 #####
##### SUCCESS: /usr/bin/time -o time_12_vdhankar_zwang715.txt -f "%U" python3 homework.py > stulog.txt 2>&1 on zwang715 #####
##### zwang715 plays [E h6 g5] in 0.05s #####
##### Running: /usr/lib/jvm/jdk-14.0.1/bin/java -jar /lab/itti/projects/checkers-competition/server/referee.jar on run_12_vdhankar_zwang715 #####
Move is valid
##### SUCCESS: /usr/lib/jvm/jdk-14.0.1/bin/java -jar /lab/itti/projects/checkers-competition/server/referee.jar on run_12_vdhankar_zwang715 #####
INPUT for vdhankar:
GAME
WHITE
211.974359035492
........
........
........
......b.
.....W.W
w.w.w...
.....w.w
w.w.....
##### Running: /usr/bin/time -o time_12_vdhankar_zwang715.txt -f "%U" python3 homework.py > stulog.txt 2>&1 on vdhankar #####
child exited with value 1
##### ERROR: /usr/bin/time -o time_12_vdhankar_zwang715.txt -f "%U" python3 homework.py > stulog.txt 2>&1 on vdhankar #####
##### Output of failed program (stdout + stderr): #####
Traceback (most recent call last):
  File "homework.py", line 546, in <module>
    print(end-start)
NameError: name 'end' is not defined
##### End of output of failed program #####
##### vdhankar plays [J f4 h6] in 0.317409992218018s #####
##### Running: /usr/lib/jvm/jdk-14.0.1/bin/java -jar /lab/itti/projects/checkers-competition/server/referee.jar on run_12_vdhankar_zwang715 #####
Move is valid
After this move, player BLACK cannot make any moves
*** Winner: WHITE ***
##### SUCCESS: /usr/lib/jvm/jdk-14.0.1/bin/java -jar /lab/itti/projects/checkers-competition/server/referee.jar on run_12_vdhankar_zwang715 #####
##### GAME OVER: vdhankar wins the game! #####
Server said: WIN
########## ROUND 12 GAMESCORE AFTER GAME 3: vdhankar=3 and zwang715=0 ##########
#################### ROUND 12: vdhankar (B) vs zwang715 (W): game 4 ####################
##### game start! #####
INPUT for vdhankar:
GAME
BLACK
300
.b.b.b.b
b.b.b.b.
.b.b.b.b
........
........
w.w.w.w.
.w.w.w.w
w.w.w.w.
##### Running: /usr/bin/time -o time_12_vdhankar_zwang715.txt -f "%U" python3 homework.py > stulog.txt 2>&1 on vdhankar #####
child exited with value 1
##### ERROR: /usr/bin/time -o time_12_vdhankar_zwang715.txt -f "%U" python3 homework.py > stulog.txt 2>&1 on vdhankar #####
##### Output of failed program (stdout + stderr): #####
Traceback (most recent call last):
  File "homework.py", line 546, in <module>
    print(end-start)
NameError: name 'end' is not defined
##### End of output of failed program #####
##### vdhankar plays [E h6 g5] in 12.1768190860748s #####
##### Running: /usr/lib/jvm/jdk-14.0.1/bin/java -jar /lab/itti/projects/checkers-competition/server/referee.jar on run_12_vdhankar_zwang715 #####
Move is valid
Couldn't read file 'current_ply.txt'
Couldn't read content from file 'current_ply.txt'
Couldn't read file 'lastmatchange_ply.txt'
Couldn't read content from file 'lastmatchange_ply.txt'
##### SUCCESS: /usr/lib/jvm/jdk-14.0.1/bin/java -jar /lab/itti/projects/checkers-competition/server/referee.jar on run_12_vdhankar_zwang715 #####
INPUT for zwang715:
GAME
WHITE
300
.b.b.b.b
b.b.b.b.
.b.b.b..
......b.
........
w.w.w.w.
.w.w.w.w
w.w.w.w.
##### Running: /usr/bin/time -o time_12_vdhankar_zwang715.txt -f "%U" python3 homework.py > stulog.txt 2>&1 on zwang715 #####
##### SUCCESS: /usr/bin/time -o time_12_vdhankar_zwang715.txt -f "%U" python3 homework.py > stulog.txt 2>&1 on zwang715 #####
##### zwang715 plays [E a3 b4] in 0.32s #####
##### Running: /usr/lib/jvm/jdk-14.0.1/bin/java -jar /lab/itti/projects/checkers-competition/server/referee.jar on run_12_vdhankar_zwang715 #####
Move is valid
##### SUCCESS: /usr/lib/jvm/jdk-14.0.1/bin/java -jar /lab/itti/projects/checkers-competition/server/referee.jar on run_12_vdhankar_zwang715 #####
INPUT for vdhankar:
GAME
BLACK
287.823180913925
.b.b.b.b
b.b.b.b.
.b.b.b..
......b.
.w......
..w.w.w.
.w.w.w.w
w.w.w.w.
##### Running: /usr/bin/time -o time_12_vdhankar_zwang715.txt -f "%U" python3 homework.py > stulog.txt 2>&1 on vdhankar #####
child exited with value 1
##### ERROR: /usr/bin/time -o time_12_vdhankar_zwang715.txt -f "%U" python3 homework.py > stulog.txt 2>&1 on vdhankar #####
##### Output of failed program (stdout + stderr): #####
Traceback (most recent call last):
  File "homework.py", line 546, in <module>
    print(end-start)
NameError: name 'end' is not defined
##### End of output of failed program #####
##### vdhankar plays [E g5 h4] in 10.3916039466858s #####
##### Running: /usr/lib/jvm/jdk-14.0.1/bin/java -jar /lab/itti/projects/checkers-competition/server/referee.jar on run_12_vdhankar_zwang715 #####
Move is valid
##### SUCCESS: /usr/lib/jvm/jdk-14.0.1/bin/java -jar /lab/itti/projects/checkers-competition/server/referee.jar on run_12_vdhankar_zwang715 #####
INPUT for zwang715:
GAME
WHITE
299.68
.b.b.b.b
b.b.b.b.
.b.b.b..
........
.w.....b
..w.w.w.
.w.w.w.w
w.w.w.w.
##### Running: /usr/bin/time -o time_12_vdhankar_zwang715.txt -f "%U" python3 homework.py > stulog.txt 2>&1 on zwang715 #####
##### SUCCESS: /usr/bin/time -o time_12_vdhankar_zwang715.txt -f "%U" python3 homework.py > stulog.txt 2>&1 on zwang715 #####
##### zwang715 plays [E b4 a5] in 0.29s #####
##### Running: /usr/lib/jvm/jdk-14.0.1/bin/java -jar /lab/itti/projects/checkers-competition/server/referee.jar on run_12_vdhankar_zwang715 #####
Move is valid
##### SUCCESS: /usr/lib/jvm/jdk-14.0.1/bin/java -jar /lab/itti/projects/checkers-competition/server/referee.jar on run_12_vdhankar_zwang715 #####
INPUT for vdhankar:
GAME
BLACK
277.431576967239
.b.b.b.b
b.b.b.b.
.b.b.b..
w.......
.......b
..w.w.w.
.w.w.w.w
w.w.w.w.
##### Running: /usr/bin/time -o time_12_vdhankar_zwang715.txt -f "%U" python3 homework.py > stulog.txt 2>&1 on vdhankar #####
child exited with value 1
##### ERROR: /usr/bin/time -o time_12_vdhankar_zwang715.txt -f "%U" python3 homework.py > stulog.txt 2>&1 on vdhankar #####
##### Output of failed program (stdout + stderr): #####
Traceback (most recent call last):
  File "homework.py", line 546, in <module>
    print(end-start)
NameError: name 'end' is not defined
##### End of output of failed program #####
##### vdhankar plays [E d6 e5] in 7.6841127872467s #####
##### Running: /usr/lib/jvm/jdk-14.0.1/bin/java -jar /lab/itti/projects/checkers-competition/server/referee.jar on run_12_vdhankar_zwang715 #####
Move is valid
##### SUCCESS: /usr/lib/jvm/jdk-14.0.1/bin/java -jar /lab/itti/projects/checkers-competition/server/referee.jar on run_12_vdhankar_zwang715 #####
INPUT for zwang715:
GAME
WHITE
299.39
.b.b.b.b
b.b.b.b.
.b...b..
w...b...
.......b
..w.w.w.
.w.w.w.w
w.w.w.w.
##### Running: /usr/bin/time -o time_12_vdhankar_zwang715.txt -f "%U" python3 homework.py > stulog.txt 2>&1 on zwang715 #####
##### SUCCESS: /usr/bin/time -o time_12_vdhankar_zwang715.txt -f "%U" python3 homework.py > stulog.txt 2>&1 on zwang715 #####
##### zwang715 plays [E c3 b4] in 0.33s #####
##### Running: /usr/lib/jvm/jdk-14.0.1/bin/java -jar /lab/itti/projects/checkers-competition/server/referee.jar on run_12_vdhankar_zwang715 #####
Move is valid
##### SUCCESS: /usr/lib/jvm/jdk-14.0.1/bin/java -jar /lab/itti/projects/checkers-competition/server/referee.jar on run_12_vdhankar_zwang715 #####
INPUT for vdhankar:
GAME
BLACK
269.747464179993
.b.b.b.b
b.b.b.b.
.b...b..
w...b...
.w.....b
....w.w.
.w.w.w.w
w.w.w.w.
##### Running: /usr/bin/time -o time_12_vdhankar_zwang715.txt -f "%U" python3 homework.py > stulog.txt 2>&1 on vdhankar #####
child exited with value 1
##### ERROR: /usr/bin/time -o time_12_vdhankar_zwang715.txt -f "%U" python3 homework.py > stulog.txt 2>&1 on vdhankar #####
##### Output of failed program (stdout + stderr): #####
Traceback (most recent call last):
  File "homework.py", line 546, in <module>
    print(end-start)
NameError: name 'end' is not defined
##### End of output of failed program #####
##### vdhankar plays [E e7 d6] in 3.91974997520447s #####
##### Running: /usr/lib/jvm/jdk-14.0.1/bin/java -jar /lab/itti/projects/checkers-competition/server/referee.jar on run_12_vdhankar_zwang715 #####
Move is valid
##### SUCCESS: /usr/lib/jvm/jdk-14.0.1/bin/java -jar /lab/itti/projects/checkers-competition/server/referee.jar on run_12_vdhankar_zwang715 #####
INPUT for zwang715:
GAME
WHITE
299.06
.b.b.b.b
b.b...b.
.b.b.b..
w...b...
.w.....b
....w.w.
.w.w.w.w
w.w.w.w.
##### Running: /usr/bin/time -o time_12_vdhankar_zwang715.txt -f "%U" python3 homework.py > stulog.txt 2>&1 on zwang715 #####
##### SUCCESS: /usr/bin/time -o time_12_vdhankar_zwang715.txt -f "%U" python3 homework.py > stulog.txt 2>&1 on zwang715 #####
##### zwang715 plays [E e3 d4] in 0.36s #####
##### Running: /usr/lib/jvm/jdk-14.0.1/bin/java -jar /lab/itti/projects/checkers-competition/server/referee.jar on run_12_vdhankar_zwang715 #####
Move is valid
##### SUCCESS: /usr/lib/jvm/jdk-14.0.1/bin/java -jar /lab/itti/projects/checkers-competition/server/referee.jar on run_12_vdhankar_zwang715 #####
INPUT for vdhankar:
GAME
BLACK
265.827714204788
.b.b.b.b
b.b...b.
.b.b.b..
w...b...
.w.w...b
......w.
.w.w.w.w
w.w.w.w.
##### Running: /usr/bin/time -o time_12_vdhankar_zwang715.txt -f "%U" python3 homework.py > stulog.txt 2>&1 on vdhankar #####
child exited with value 1
##### ERROR: /usr/bin/time -o time_12_vdhankar_zwang715.txt -f "%U" python3 homework.py > stulog.txt 2>&1 on vdhankar #####
##### Output of failed program (stdout + stderr): #####
Traceback (most recent call last):
  File "homework.py", line 546, in <module>
    print(end-start)
NameError: name 'end' is not defined
##### End of output of failed program #####
##### vdhankar plays [J e5 c3] in 1.26490497589111s #####
##### Running: /usr/lib/jvm/jdk-14.0.1/bin/java -jar /lab/itti/projects/checkers-competition/server/referee.jar on run_12_vdhankar_zwang715 #####
Move is valid
##### SUCCESS: /usr/lib/jvm/jdk-14.0.1/bin/java -jar /lab/itti/projects/checkers-competition/server/referee.jar on run_12_vdhankar_zwang715 #####
INPUT for zwang715:
GAME
WHITE
298.7
.b.b.b.b
b.b...b.
.b.b.b..
w.......
.w.....b
..b...w.
.w.w.w.w
w.w.w.w.
##### Running: /usr/bin/time -o time_12_vdhankar_zwang715.txt -f "%U" python3 homework.py > stulog.txt 2>&1 on zwang715 #####
##### SUCCESS: /usr/bin/time -o time_12_vdhankar_zwang715.txt -f "%U" python3 homework.py > stulog.txt 2>&1 on zwang715 #####
##### zwang715 plays [J b2 d4] in 0.38s #####
##### Running: /usr/lib/jvm/jdk-14.0.1/bin/java -jar /lab/itti/projects/checkers-competition/server/referee.jar on run_12_vdhankar_zwang715 #####
Move is valid
##### SUCCESS: /usr/lib/jvm/jdk-14.0.1/bin/java -jar /lab/itti/projects/checkers-competition/server/referee.jar on run_12_vdhankar_zwang715 #####
INPUT for vdhankar:
GAME
BLACK
264.562809228897
.b.b.b.b
b.b...b.
.b.b.b..
w.......
.w.w...b
......w.
...w.w.w
w.w.w.w.
##### Running: /usr/bin/time -o time_12_vdhankar_zwang715.txt -f "%U" python3 homework.py > stulog.txt 2>&1 on vdhankar #####
child exited with value 1
##### ERROR: /usr/bin/time -o time_12_vdhankar_zwang715.txt -f "%U" python3 homework.py > stulog.txt 2>&1 on vdhankar #####
##### Output of failed program (stdout + stderr): #####
Traceback (most recent call last):
  File "homework.py", line 546, in <module>
    print(end-start)
NameError: name 'end' is not defined
##### End of output of failed program #####
##### vdhankar plays [E b6 c5] in 9.07483315467834s #####
##### Running: /usr/lib/jvm/jdk-14.0.1/bin/java -jar /lab/itti/projects/checkers-competition/server/referee.jar on run_12_vdhankar_zwang715 #####
Move is valid
##### SUCCESS: /usr/lib/jvm/jdk-14.0.1/bin/java -jar /lab/itti/projects/checkers-competition/server/referee.jar on run_12_vdhankar_zwang715 #####
INPUT for zwang715:
GAME
WHITE
298.32
.b.b.b.b
b.b...b.
...b.b..
w.b.....
.w.w...b
......w.
...w.w.w
w.w.w.w.
##### Running: /usr/bin/time -o time_12_vdhankar_zwang715.txt -f "%U" python3 homework.py > stulog.txt 2>&1 on zwang715 #####
##### SUCCESS: /usr/bin/time -o time_12_vdhankar_zwang715.txt -f "%U" python3 homework.py > stulog.txt 2>&1 on zwang715 #####
##### zwang715 plays [J d4 b6] in 0.4s #####
##### Running: /usr/lib/jvm/jdk-14.0.1/bin/java -jar /lab/itti/projects/checkers-competition/server/referee.jar on run_12_vdhankar_zwang715 #####
Move is valid
##### SUCCESS: /usr/lib/jvm/jdk-14.0.1/bin/java -jar /lab/itti/projects/checkers-competition/server/referee.jar on run_12_vdhankar_zwang715 #####
INPUT for vdhankar:
GAME
BLACK
255.487976074219
.b.b.b.b
b.b...b.
.w.b.b..
w.......
.w.....b
......w.
...w.w.w
w.w.w.w.
##### Running: /usr/bin/time -o time_12_vdhankar_zwang715.txt -f "%U" python3 homework.py > stulog.txt 2>&1 on vdhankar #####
child exited with value 1
##### ERROR: /usr/bin/time -o time_12_vdhankar_zwang715.txt -f "%U" python3 homework.py > stulog.txt 2>&1 on vdhankar #####
##### Output of failed program (stdout + stderr): #####
Traceback (most recent call last):
  File "homework.py", line 546, in <module>
    print(end-start)
NameError: name 'end' is not defined
##### End of output of failed program #####
##### vdhankar plays [J a7 c5 ; J c5 a3] in 8.14492797851562s #####
##### Running: /usr/lib/jvm/jdk-14.0.1/bin/java -jar /lab/itti/projects/checkers-competition/server/referee.jar on run_12_vdhankar_zwang715 #####
Move is valid
##### SUCCESS: /usr/lib/jvm/jdk-14.0.1/bin/java -jar /lab/itti/projects/checkers-competition/server/referee.jar on run_12_vdhankar_zwang715 #####
INPUT for zwang715:
GAME
WHITE
297.92
.b.b.b.b
..b...b.
...b.b..
w.......
.......b
b.....w.
...w.w.w
w.w.w.w.
##### Running: /usr/bin/time -o time_12_vdhankar_zwang715.txt -f "%U" python3 homework.py > stulog.txt 2>&1 on zwang715 #####
##### SUCCESS: /usr/bin/time -o time_12_vdhankar_zwang715.txt -f "%U" python3 homework.py > stulog.txt 2>&1 on zwang715 #####
##### zwang715 plays [E g3 f4] in 0.33s #####
##### Running: /usr/lib/jvm/jdk-14.0.1/bin/java -jar /lab/itti/projects/checkers-competition/server/referee.jar on run_12_vdhankar_zwang715 #####
Move is valid
##### SUCCESS: /usr/lib/jvm/jdk-14.0.1/bin/java -jar /lab/itti/projects/checkers-competition/server/referee.jar on run_12_vdhankar_zwang715 #####
INPUT for vdhankar:
GAME
BLACK
247.343048095703
.b.b.b.b
..b...b.
...b.b..
w.......
.....w.b
b.......
...w.w.w
w.w.w.w.
##### Running: /usr/bin/time -o time_12_vdhankar_zwang715.txt -f "%U" python3 homework.py > stulog.txt 2>&1 on vdhankar #####
child exited with value 1
##### ERROR: /usr/bin/time -o time_12_vdhankar_zwang715.txt -f "%U" python3 homework.py > stulog.txt 2>&1 on vdhankar #####
##### Output of failed program (stdout + stderr): #####
Traceback (most recent call last):
  File "homework.py", line 546, in <module>
    print(end-start)
NameError: name 'end' is not defined
##### End of output of failed program #####
##### vdhankar plays [E h4 g3] in 34.2435390949249s #####
##### Running: /usr/lib/jvm/jdk-14.0.1/bin/java -jar /lab/itti/projects/checkers-competition/server/referee.jar on run_12_vdhankar_zwang715 #####
Move is valid
##### SUCCESS: /usr/lib/jvm/jdk-14.0.1/bin/java -jar /lab/itti/projects/checkers-competition/server/referee.jar on run_12_vdhankar_zwang715 #####
INPUT for zwang715:
GAME
WHITE
297.59
.b.b.b.b
..b...b.
...b.b..
w.......
.....w..
b.....b.
...w.w.w
w.w.w.w.
##### Running: /usr/bin/time -o time_12_vdhankar_zwang715.txt -f "%U" python3 homework.py > stulog.txt 2>&1 on zwang715 #####
##### SUCCESS: /usr/bin/time -o time_12_vdhankar_zwang715.txt -f "%U" python3 homework.py > stulog.txt 2>&1 on zwang715 #####
##### zwang715 plays [J f2 h4] in 0.44s #####
##### Running: /usr/lib/jvm/jdk-14.0.1/bin/java -jar /lab/itti/projects/checkers-competition/server/referee.jar on run_12_vdhankar_zwang715 #####
Move is valid
##### SUCCESS: /usr/lib/jvm/jdk-14.0.1/bin/java -jar /lab/itti/projects/checkers-competition/server/referee.jar on run_12_vdhankar_zwang715 #####
INPUT for vdhankar:
GAME
BLACK
213.099509000778
.b.b.b.b
..b...b.
...b.b..
w.......
.....w.w
b.......
...w...w
w.w.w.w.
##### Running: /usr/bin/time -o time_12_vdhankar_zwang715.txt -f "%U" python3 homework.py > stulog.txt 2>&1 on vdhankar #####
child exited with value 1
##### ERROR: /usr/bin/time -o time_12_vdhankar_zwang715.txt -f "%U" python3 homework.py > stulog.txt 2>&1 on vdhankar #####
##### Output of failed program (stdout + stderr): #####
Traceback (most recent call last):
  File "homework.py", line 546, in <module>
    print(end-start)
NameError: name 'end' is not defined
##### End of output of failed program #####
##### vdhankar plays [E a3 b2] in 54.967022895813s #####
##### Running: /usr/lib/jvm/jdk-14.0.1/bin/java -jar /lab/itti/projects/checkers-competition/server/referee.jar on run_12_vdhankar_zwang715 #####
Move is valid
##### SUCCESS: /usr/lib/jvm/jdk-14.0.1/bin/java -jar /lab/itti/projects/checkers-competition/server/referee.jar on run_12_vdhankar_zwang715 #####
INPUT for zwang715:
GAME
WHITE
297.15
.b.b.b.b
..b...b.
...b.b..
w.......
.....w.w
........
.b.w...w
w.w.w.w.
##### Running: /usr/bin/time -o time_12_vdhankar_zwang715.txt -f "%U" python3 homework.py > stulog.txt 2>&1 on zwang715 #####
##### SUCCESS: /usr/bin/time -o time_12_vdhankar_zwang715.txt -f "%U" python3 homework.py > stulog.txt 2>&1 on zwang715 #####
##### zwang715 plays [J a1 c3] in 0.42s #####
##### Running: /usr/lib/jvm/jdk-14.0.1/bin/java -jar /lab/itti/projects/checkers-competition/server/referee.jar on run_12_vdhankar_zwang715 #####
Move is valid
##### SUCCESS: /usr/lib/jvm/jdk-14.0.1/bin/java -jar /lab/itti/projects/checkers-competition/server/referee.jar on run_12_vdhankar_zwang715 #####
INPUT for vdhankar:
GAME
BLACK
158.132486104965
.b.b.b.b
..b...b.
...b.b..
w.......
.....w.w
..w.....
...w...w
..w.w.w.
##### Running: /usr/bin/time -o time_12_vdhankar_zwang715.txt -f "%U" python3 homework.py > stulog.txt 2>&1 on vdhankar #####
child exited with value 1
##### ERROR: /usr/bin/time -o time_12_vdhankar_zwang715.txt -f "%U" python3 homework.py > stulog.txt 2>&1 on vdhankar #####
##### Output of failed program (stdout + stderr): #####
Traceback (most recent call last):
  File "homework.py", line 546, in <module>
    print(end-start)
NameError: name 'end' is not defined
##### End of output of failed program #####
##### vdhankar plays [E d6 e5] in 40.4837830066681s #####
##### Running: /usr/lib/jvm/jdk-14.0.1/bin/java -jar /lab/itti/projects/checkers-competition/server/referee.jar on run_12_vdhankar_zwang715 #####
Move is valid
##### SUCCESS: /usr/lib/jvm/jdk-14.0.1/bin/java -jar /lab/itti/projects/checkers-competition/server/referee.jar on run_12_vdhankar_zwang715 #####
INPUT for zwang715:
GAME
WHITE
296.73
.b.b.b.b
..b...b.
.....b..
w...b...
.....w.w
..w.....
...w...w
..w.w.w.
##### Running: /usr/bin/time -o time_12_vdhankar_zwang715.txt -f "%U" python3 homework.py > stulog.txt 2>&1 on zwang715 #####
##### SUCCESS: /usr/bin/time -o time_12_vdhankar_zwang715.txt -f "%U" python3 homework.py > stulog.txt 2>&1 on zwang715 #####
##### zwang715 plays [J f4 d6] in 0.47s #####
##### Running: /usr/lib/jvm/jdk-14.0.1/bin/java -jar /lab/itti/projects/checkers-competition/server/referee.jar on run_12_vdhankar_zwang715 #####
Move is valid
##### SUCCESS: /usr/lib/jvm/jdk-14.0.1/bin/java -jar /lab/itti/projects/checkers-competition/server/referee.jar on run_12_vdhankar_zwang715 #####
INPUT for vdhankar:
GAME
BLACK
117.648703098297
.b.b.b.b
..b...b.
...w.b..
w.......
.......w
..w.....
...w...w
..w.w.w.
##### Running: /usr/bin/time -o time_12_vdhankar_zwang715.txt -f "%U" python3 homework.py > stulog.txt 2>&1 on vdhankar #####
child exited with value 1
##### ERROR: /usr/bin/time -o time_12_vdhankar_zwang715.txt -f "%U" python3 homework.py > stulog.txt 2>&1 on vdhankar #####
##### Output of failed program (stdout + stderr): #####
Traceback (most recent call last):
  File "homework.py", line 546, in <module>
    print(end-start)
NameError: name 'end' is not defined
##### End of output of failed program #####
##### vdhankar plays [J c7 e5] in 15.5613811016083s #####
##### Running: /usr/lib/jvm/jdk-14.0.1/bin/java -jar /lab/itti/projects/checkers-competition/server/referee.jar on run_12_vdhankar_zwang715 #####
Move is valid
##### SUCCESS: /usr/lib/jvm/jdk-14.0.1/bin/java -jar /lab/itti/projects/checkers-competition/server/referee.jar on run_12_vdhankar_zwang715 #####
INPUT for zwang715:
GAME
WHITE
296.26
.b.b.b.b
......b.
.....b..
w...b...
.......w
..w.....
...w...w
..w.w.w.
##### Running: /usr/bin/time -o time_12_vdhankar_zwang715.txt -f "%U" python3 homework.py > stulog.txt 2>&1 on zwang715 #####
##### SUCCESS: /usr/bin/time -o time_12_vdhankar_zwang715.txt -f "%U" python3 homework.py > stulog.txt 2>&1 on zwang715 #####
##### zwang715 plays [E a5 b6] in 0.25s #####
##### Running: /usr/lib/jvm/jdk-14.0.1/bin/java -jar /lab/itti/projects/checkers-competition/server/referee.jar on run_12_vdhankar_zwang715 #####
Move is valid
##### SUCCESS: /usr/lib/jvm/jdk-14.0.1/bin/java -jar /lab/itti/projects/checkers-competition/server/referee.jar on run_12_vdhankar_zwang715 #####
INPUT for vdhankar:
GAME
BLACK
102.087321996689
.b.b.b.b
......b.
.w...b..
....b...
.......w
..w.....
...w...w
..w.w.w.
##### Running: /usr/bin/time -o time_12_vdhankar_zwang715.txt -f "%U" python3 homework.py > stulog.txt 2>&1 on vdhankar #####
child exited with value 1
##### ERROR: /usr/bin/time -o time_12_vdhankar_zwang715.txt -f "%U" python3 homework.py > stulog.txt 2>&1 on vdhankar #####
##### Output of failed program (stdout + stderr): #####
Traceback (most recent call last):
  File "homework.py", line 546, in <module>
    print(end-start)
NameError: name 'end' is not defined
##### End of output of failed program #####
##### vdhankar plays [E b8 a7] in 8.84039497375488s #####
##### Running: /usr/lib/jvm/jdk-14.0.1/bin/java -jar /lab/itti/projects/checkers-competition/server/referee.jar on run_12_vdhankar_zwang715 #####
Move is valid
##### SUCCESS: /usr/lib/jvm/jdk-14.0.1/bin/java -jar /lab/itti/projects/checkers-competition/server/referee.jar on run_12_vdhankar_zwang715 #####
INPUT for zwang715:
GAME
WHITE
296.01
...b.b.b
b.....b.
.w...b..
....b...
.......w
..w.....
...w...w
..w.w.w.
##### Running: /usr/bin/time -o time_12_vdhankar_zwang715.txt -f "%U" python3 homework.py > stulog.txt 2>&1 on zwang715 #####
##### SUCCESS: /usr/bin/time -o time_12_vdhankar_zwang715.txt -f "%U" python3 homework.py > stulog.txt 2>&1 on zwang715 #####
##### zwang715 plays [E h4 g5] in 0.24s #####
##### Running: /usr/lib/jvm/jdk-14.0.1/bin/java -jar /lab/itti/projects/checkers-competition/server/referee.jar on run_12_vdhankar_zwang715 #####
Move is valid
##### SUCCESS: /usr/lib/jvm/jdk-14.0.1/bin/java -jar /lab/itti/projects/checkers-competition/server/referee.jar on run_12_vdhankar_zwang715 #####
INPUT for vdhankar:
GAME
BLACK
93.246927022934
...b.b.b
b.....b.
.w...b..
....b.w.
........
..w.....
...w...w
..w.w.w.
##### Running: /usr/bin/time -o time_12_vdhankar_zwang715.txt -f "%U" python3 homework.py > stulog.txt 2>&1 on vdhankar #####
child exited with value 1
##### ERROR: /usr/bin/time -o time_12_vdhankar_zwang715.txt -f "%U" python3 homework.py > stulog.txt 2>&1 on vdhankar #####
##### Output of failed program (stdout + stderr): #####
Traceback (most recent call last):
  File "homework.py", line 546, in <module>
    print(end-start)
NameError: name 'end' is not defined
##### End of output of failed program #####
##### vdhankar plays [J f6 h4] in 1.88139390945435s #####
##### Running: /usr/lib/jvm/jdk-14.0.1/bin/java -jar /lab/itti/projects/checkers-competition/server/referee.jar on run_12_vdhankar_zwang715 #####
Move is valid
##### SUCCESS: /usr/lib/jvm/jdk-14.0.1/bin/java -jar /lab/itti/projects/checkers-competition/server/referee.jar on run_12_vdhankar_zwang715 #####
INPUT for zwang715:
GAME
WHITE
295.77
...b.b.b
b.....b.
.w......
....b...
.......b
..w.....
...w...w
..w.w.w.
##### Running: /usr/bin/time -o time_12_vdhankar_zwang715.txt -f "%U" python3 homework.py > stulog.txt 2>&1 on zwang715 #####
##### SUCCESS: /usr/bin/time -o time_12_vdhankar_zwang715.txt -f "%U" python3 homework.py > stulog.txt 2>&1 on zwang715 #####
##### zwang715 plays [E c3 b4] in 0.17s #####
##### Running: /usr/lib/jvm/jdk-14.0.1/bin/java -jar /lab/itti/projects/checkers-competition/server/referee.jar on run_12_vdhankar_zwang715 #####
Move is valid
##### SUCCESS: /usr/lib/jvm/jdk-14.0.1/bin/java -jar /lab/itti/projects/checkers-competition/server/referee.jar on run_12_vdhankar_zwang715 #####
INPUT for vdhankar:
GAME
BLACK
91.3655331134796
...b.b.b
b.....b.
.w......
....b...
.w.....b
........
...w...w
..w.w.w.
##### Running: /usr/bin/time -o time_12_vdhankar_zwang715.txt -f "%U" python3 homework.py > stulog.txt 2>&1 on vdhankar #####
child exited with value 1
##### ERROR: /usr/bin/time -o time_12_vdhankar_zwang715.txt -f "%U" python3 homework.py > stulog.txt 2>&1 on vdhankar #####
##### Output of failed program (stdout + stderr): #####
Traceback (most recent call last):
  File "homework.py", line 546, in <module>
    print(end-start)
NameError: name 'end' is not defined
##### End of output of failed program #####
##### vdhankar plays [J a7 c5 ; J c5 a3] in 1.58765006065369s #####
##### Running: /usr/lib/jvm/jdk-14.0.1/bin/java -jar /lab/itti/projects/checkers-competition/server/referee.jar on run_12_vdhankar_zwang715 #####
Move is valid
##### SUCCESS: /usr/lib/jvm/jdk-14.0.1/bin/java -jar /lab/itti/projects/checkers-competition/server/referee.jar on run_12_vdhankar_zwang715 #####
INPUT for zwang715:
GAME
WHITE
295.6
...b.b.b
......b.
........
....b...
.......b
b.......
...w...w
..w.w.w.
##### Running: /usr/bin/time -o time_12_vdhankar_zwang715.txt -f "%U" python3 homework.py > stulog.txt 2>&1 on zwang715 #####
##### SUCCESS: /usr/bin/time -o time_12_vdhankar_zwang715.txt -f "%U" python3 homework.py > stulog.txt 2>&1 on zwang715 #####
##### zwang715 plays [E d2 c3] in 0.11s #####
##### Running: /usr/lib/jvm/jdk-14.0.1/bin/java -jar /lab/itti/projects/checkers-competition/server/referee.jar on run_12_vdhankar_zwang715 #####
Move is valid
##### SUCCESS: /usr/lib/jvm/jdk-14.0.1/bin/java -jar /lab/itti/projects/checkers-competition/server/referee.jar on run_12_vdhankar_zwang715 #####
INPUT for vdhankar:
GAME
BLACK
89.7778830528259
...b.b.b
......b.
........
....b...
.......b
b.w.....
.......w
..w.w.w.
##### Running: /usr/bin/time -o time_12_vdhankar_zwang715.txt -f "%U" python3 homework.py > stulog.txt 2>&1 on vdhankar #####
child exited with value 1
##### ERROR: /usr/bin/time -o time_12_vdhankar_zwang715.txt -f "%U" python3 homework.py > stulog.txt 2>&1 on vdhankar #####
##### Output of failed program (stdout + stderr): #####
Traceback (most recent call last):
  File "homework.py", line 546, in <module>
    print(end-start)
NameError: name 'end' is not defined
##### End of output of failed program #####
##### vdhankar plays [E g7 h6] in 10.6863679885864s #####
##### Running: /usr/lib/jvm/jdk-14.0.1/bin/java -jar /lab/itti/projects/checkers-competition/server/referee.jar on run_12_vdhankar_zwang715 #####
Move is valid
##### SUCCESS: /usr/lib/jvm/jdk-14.0.1/bin/java -jar /lab/itti/projects/checkers-competition/server/referee.jar on run_12_vdhankar_zwang715 #####
INPUT for zwang715:
GAME
WHITE
295.49
...b.b.b
........
.......b
....b...
.......b
b.w.....
.......w
..w.w.w.
##### Running: /usr/bin/time -o time_12_vdhankar_zwang715.txt -f "%U" python3 homework.py > stulog.txt 2>&1 on zwang715 #####
##### SUCCESS: /usr/bin/time -o time_12_vdhankar_zwang715.txt -f "%U" python3 homework.py > stulog.txt 2>&1 on zwang715 #####
##### zwang715 plays [E c3 b4] in 0.19s #####
##### Running: /usr/lib/jvm/jdk-14.0.1/bin/java -jar /lab/itti/projects/checkers-competition/server/referee.jar on run_12_vdhankar_zwang715 #####
Move is valid
##### SUCCESS: /usr/lib/jvm/jdk-14.0.1/bin/java -jar /lab/itti/projects/checkers-competition/server/referee.jar on run_12_vdhankar_zwang715 #####
INPUT for vdhankar:
GAME
BLACK
79.0915150642395
...b.b.b
........
.......b
....b...
.w.....b
b.......
.......w
..w.w.w.
##### Running: /usr/bin/time -o time_12_vdhankar_zwang715.txt -f "%U" python3 homework.py > stulog.txt 2>&1 on vdhankar #####
child exited with value 1
##### ERROR: /usr/bin/time -o time_12_vdhankar_zwang715.txt -f "%U" python3 homework.py > stulog.txt 2>&1 on vdhankar #####
##### Output of failed program (stdout + stderr): #####
Traceback (most recent call last):
  File "homework.py", line 546, in <module>
    print(end-start)
NameError: name 'end' is not defined
##### End of output of failed program #####
##### vdhankar plays [E h8 g7] in 7.29408884048462s #####
##### Running: /usr/lib/jvm/jdk-14.0.1/bin/java -jar /lab/itti/projects/checkers-competition/server/referee.jar on run_12_vdhankar_zwang715 #####
Move is valid
##### SUCCESS: /usr/lib/jvm/jdk-14.0.1/bin/java -jar /lab/itti/projects/checkers-competition/server/referee.jar on run_12_vdhankar_zwang715 #####
INPUT for zwang715:
GAME
WHITE
295.3
...b.b..
......b.
.......b
....b...
.w.....b
b.......
.......w
..w.w.w.
##### Running: /usr/bin/time -o time_12_vdhankar_zwang715.txt -f "%U" python3 homework.py > stulog.txt 2>&1 on zwang715 #####
##### SUCCESS: /usr/bin/time -o time_12_vdhankar_zwang715.txt -f "%U" python3 homework.py > stulog.txt 2>&1 on zwang715 #####
##### zwang715 plays [E b4 a5] in 0.18s #####
##### Running: /usr/lib/jvm/jdk-14.0.1/bin/java -jar /lab/itti/projects/checkers-competition/server/referee.jar on run_12_vdhankar_zwang715 #####
Move is valid
##### SUCCESS: /usr/lib/jvm/jdk-14.0.1/bin/java -jar /lab/itti/projects/checkers-competition/server/referee.jar on run_12_vdhankar_zwang715 #####
INPUT for vdhankar:
GAME
BLACK
71.7974262237549
...b.b..
......b.
.......b
w...b...
.......b
b.......
.......w
..w.w.w.
##### Running: /usr/bin/time -o time_12_vdhankar_zwang715.txt -f "%U" python3 homework.py > stulog.txt 2>&1 on vdhankar #####
child exited with value 1
##### ERROR: /usr/bin/time -o time_12_vdhankar_zwang715.txt -f "%U" python3 homework.py > stulog.txt 2>&1 on vdhankar #####
##### Output of failed program (stdout + stderr): #####
Traceback (most recent call last):
  File "homework.py", line 546, in <module>
    print(end-start)
NameError: name 'end' is not defined
##### End of output of failed program #####
##### vdhankar plays [E d8 c7] in 4.10235691070557s #####
##### Running: /usr/lib/jvm/jdk-14.0.1/bin/java -jar /lab/itti/projects/checkers-competition/server/referee.jar on run_12_vdhankar_zwang715 #####
Move is valid
##### SUCCESS: /usr/lib/jvm/jdk-14.0.1/bin/java -jar /lab/itti/projects/checkers-competition/server/referee.jar on run_12_vdhankar_zwang715 #####
INPUT for zwang715:
GAME
WHITE
295.12
.....b..
..b...b.
.......b
w...b...
.......b
b.......
.......w
..w.w.w.
##### Running: /usr/bin/time -o time_12_vdhankar_zwang715.txt -f "%U" python3 homework.py > stulog.txt 2>&1 on zwang715 #####
##### SUCCESS: /usr/bin/time -o time_12_vdhankar_zwang715.txt -f "%U" python3 homework.py > stulog.txt 2>&1 on zwang715 #####
##### zwang715 plays [E h2 g3] in 0.19s #####
##### Running: /usr/lib/jvm/jdk-14.0.1/bin/java -jar /lab/itti/projects/checkers-competition/server/referee.jar on run_12_vdhankar_zwang715 #####
Move is valid
##### SUCCESS: /usr/lib/jvm/jdk-14.0.1/bin/java -jar /lab/itti/projects/checkers-competition/server/referee.jar on run_12_vdhankar_zwang715 #####
INPUT for vdhankar:
GAME
BLACK
67.6950693130493
.....b..
..b...b.
.......b
w...b...
.......b
b.....w.
........
..w.w.w.
##### Running: /usr/bin/time -o time_12_vdhankar_zwang715.txt -f "%U" python3 homework.py > stulog.txt 2>&1 on vdhankar #####
child exited with value 1
##### ERROR: /usr/bin/time -o time_12_vdhankar_zwang715.txt -f "%U" python3 homework.py > stulog.txt 2>&1 on vdhankar #####
##### Output of failed program (stdout + stderr): #####
Traceback (most recent call last):
  File "homework.py", line 546, in <module>
    print(end-start)
NameError: name 'end' is not defined
##### End of output of failed program #####
##### vdhankar plays [J h4 f2] in 1.51530885696411s #####
##### Running: /usr/lib/jvm/jdk-14.0.1/bin/java -jar /lab/itti/projects/checkers-competition/server/referee.jar on run_12_vdhankar_zwang715 #####
Move is valid
##### SUCCESS: /usr/lib/jvm/jdk-14.0.1/bin/java -jar /lab/itti/projects/checkers-competition/server/referee.jar on run_12_vdhankar_zwang715 #####
INPUT for zwang715:
GAME
WHITE
294.93
.....b..
..b...b.
.......b
w...b...
........
b.......
.....b..
..w.w.w.
##### Running: /usr/bin/time -o time_12_vdhankar_zwang715.txt -f "%U" python3 homework.py > stulog.txt 2>&1 on zwang715 #####
##### SUCCESS: /usr/bin/time -o time_12_vdhankar_zwang715.txt -f "%U" python3 homework.py > stulog.txt 2>&1 on zwang715 #####
##### zwang715 plays [J e1 g3] in 0.08s #####
##### Running: /usr/lib/jvm/jdk-14.0.1/bin/java -jar /lab/itti/projects/checkers-competition/server/referee.jar on run_12_vdhankar_zwang715 #####
Move is valid
##### SUCCESS: /usr/lib/jvm/jdk-14.0.1/bin/java -jar /lab/itti/projects/checkers-competition/server/referee.jar on run_12_vdhankar_zwang715 #####
INPUT for vdhankar:
GAME
BLACK
66.1797604560852
.....b..
..b...b.
.......b
w...b...
........
b.....w.
........
..w...w.
##### Running: /usr/bin/time -o time_12_vdhankar_zwang715.txt -f "%U" python3 homework.py > stulog.txt 2>&1 on vdhankar #####
child exited with value 1
##### ERROR: /usr/bin/time -o time_12_vdhankar_zwang715.txt -f "%U" python3 homework.py > stulog.txt 2>&1 on vdhankar #####
##### Output of failed program (stdout + stderr): #####
Traceback (most recent call last):
  File "homework.py", line 546, in <module>
    print(end-start)
NameError: name 'end' is not defined
##### End of output of failed program #####
##### vdhankar plays [E h6 g5] in 7.63231587409973s #####
##### Running: /usr/lib/jvm/jdk-14.0.1/bin/java -jar /lab/itti/projects/checkers-competition/server/referee.jar on run_12_vdhankar_zwang715 #####
Move is valid
##### SUCCESS: /usr/lib/jvm/jdk-14.0.1/bin/java -jar /lab/itti/projects/checkers-competition/server/referee.jar on run_12_vdhankar_zwang715 #####
INPUT for zwang715:
GAME
WHITE
294.85
.....b..
..b...b.
........
w...b.b.
........
b.....w.
........
..w...w.
##### Running: /usr/bin/time -o time_12_vdhankar_zwang715.txt -f "%U" python3 homework.py > stulog.txt 2>&1 on zwang715 #####
##### SUCCESS: /usr/bin/time -o time_12_vdhankar_zwang715.txt -f "%U" python3 homework.py > stulog.txt 2>&1 on zwang715 #####
##### zwang715 plays [E g3 f4] in 0.14s #####
##### Running: /usr/lib/jvm/jdk-14.0.1/bin/java -jar /lab/itti/projects/checkers-competition/server/referee.jar on run_12_vdhankar_zwang715 #####
Move is valid
##### SUCCESS: /usr/lib/jvm/jdk-14.0.1/bin/java -jar /lab/itti/projects/checkers-competition/server/referee.jar on run_12_vdhankar_zwang715 #####
INPUT for vdhankar:
GAME
BLACK
58.5474445819855
.....b..
..b...b.
........
w...b.b.
.....w..
b.......
........
..w...w.
##### Running: /usr/bin/time -o time_12_vdhankar_zwang715.txt -f "%U" python3 homework.py > stulog.txt 2>&1 on vdhankar #####
child exited with value 1
##### ERROR: /usr/bin/time -o time_12_vdhankar_zwang715.txt -f "%U" python3 homework.py > stulog.txt 2>&1 on vdhankar #####
##### Output of failed program (stdout + stderr): #####
Traceback (most recent call last):
  File "homework.py", line 546, in <module>
    print(end-start)
NameError: name 'end' is not defined
##### End of output of failed program #####
##### vdhankar plays [J g5 e3] in 1.96866106987s #####
##### Running: /usr/lib/jvm/jdk-14.0.1/bin/java -jar /lab/itti/projects/checkers-competition/server/referee.jar on run_12_vdhankar_zwang715 #####
Move is valid
##### SUCCESS: /usr/lib/jvm/jdk-14.0.1/bin/java -jar /lab/itti/projects/checkers-competition/server/referee.jar on run_12_vdhankar_zwang715 #####
INPUT for zwang715:
GAME
WHITE
294.71
.....b..
..b...b.
........
w...b...
........
b...b...
........
..w...w.
##### Running: /usr/bin/time -o time_12_vdhankar_zwang715.txt -f "%U" python3 homework.py > stulog.txt 2>&1 on zwang715 #####
##### SUCCESS: /usr/bin/time -o time_12_vdhankar_zwang715.txt -f "%U" python3 homework.py > stulog.txt 2>&1 on zwang715 #####
##### zwang715 plays [E c1 b2] in 0.06s #####
##### Running: /usr/lib/jvm/jdk-14.0.1/bin/java -jar /lab/itti/projects/checkers-competition/server/referee.jar on run_12_vdhankar_zwang715 #####
Move is valid
##### SUCCESS: /usr/lib/jvm/jdk-14.0.1/bin/java -jar /lab/itti/projects/checkers-competition/server/referee.jar on run_12_vdhankar_zwang715 #####
INPUT for vdhankar:
GAME
BLACK
56.5787835121155
.....b..
..b...b.
........
w...b...
........
b...b...
.w......
......w.
##### Running: /usr/bin/time -o time_12_vdhankar_zwang715.txt -f "%U" python3 homework.py > stulog.txt 2>&1 on vdhankar #####
child exited with value 1
##### ERROR: /usr/bin/time -o time_12_vdhankar_zwang715.txt -f "%U" python3 homework.py > stulog.txt 2>&1 on vdhankar #####
##### Output of failed program (stdout + stderr): #####
Traceback (most recent call last):
  File "homework.py", line 546, in <module>
    print(end-start)
NameError: name 'end' is not defined
##### End of output of failed program #####
##### vdhankar plays [J a3 c1] in 0.578765869140625s #####
##### Running: /usr/lib/jvm/jdk-14.0.1/bin/java -jar /lab/itti/projects/checkers-competition/server/referee.jar on run_12_vdhankar_zwang715 #####
Move is valid
##### SUCCESS: /usr/lib/jvm/jdk-14.0.1/bin/java -jar /lab/itti/projects/checkers-competition/server/referee.jar on run_12_vdhankar_zwang715 #####
INPUT for zwang715:
GAME
WHITE
294.65
.....b..
..b...b.
........
w...b...
........
....b...
........
..B...w.
##### Running: /usr/bin/time -o time_12_vdhankar_zwang715.txt -f "%U" python3 homework.py > stulog.txt 2>&1 on zwang715 #####
##### SUCCESS: /usr/bin/time -o time_12_vdhankar_zwang715.txt -f "%U" python3 homework.py > stulog.txt 2>&1 on zwang715 #####
##### zwang715 plays [E g1 f2] in 0.05s #####
##### Running: /usr/lib/jvm/jdk-14.0.1/bin/java -jar /lab/itti/projects/checkers-competition/server/referee.jar on run_12_vdhankar_zwang715 #####
Move is valid
##### SUCCESS: /usr/lib/jvm/jdk-14.0.1/bin/java -jar /lab/itti/projects/checkers-competition/server/referee.jar on run_12_vdhankar_zwang715 #####
INPUT for vdhankar:
GAME
BLACK
56.0000176429749
.....b..
..b...b.
........
w...b...
........
....b...
.....w..
..B.....
##### Running: /usr/bin/time -o time_12_vdhankar_zwang715.txt -f "%U" python3 homework.py > stulog.txt 2>&1 on vdhankar #####
child exited with value 1
##### ERROR: /usr/bin/time -o time_12_vdhankar_zwang715.txt -f "%U" python3 homework.py > stulog.txt 2>&1 on vdhankar #####
##### Output of failed program (stdout + stderr): #####
Traceback (most recent call last):
  File "homework.py", line 546, in <module>
    print(end-start)
NameError: name 'end' is not defined
##### End of output of failed program #####
##### vdhankar plays [J e3 g1] in 0.203896999359131s #####
##### Running: /usr/lib/jvm/jdk-14.0.1/bin/java -jar /lab/itti/projects/checkers-competition/server/referee.jar on run_12_vdhankar_zwang715 #####
Move is valid
##### SUCCESS: /usr/lib/jvm/jdk-14.0.1/bin/java -jar /lab/itti/projects/checkers-competition/server/referee.jar on run_12_vdhankar_zwang715 #####
INPUT for zwang715:
GAME
WHITE
294.6
.....b..
..b...b.
........
w...b...
........
........
........
..B...B.
##### Running: /usr/bin/time -o time_12_vdhankar_zwang715.txt -f "%U" python3 homework.py > stulog.txt 2>&1 on zwang715 #####
##### SUCCESS: /usr/bin/time -o time_12_vdhankar_zwang715.txt -f "%U" python3 homework.py > stulog.txt 2>&1 on zwang715 #####
##### zwang715 plays [E a5 b6] in 0.02s #####
##### Running: /usr/lib/jvm/jdk-14.0.1/bin/java -jar /lab/itti/projects/checkers-competition/server/referee.jar on run_12_vdhankar_zwang715 #####
Move is valid
##### SUCCESS: /usr/lib/jvm/jdk-14.0.1/bin/java -jar /lab/itti/projects/checkers-competition/server/referee.jar on run_12_vdhankar_zwang715 #####
INPUT for vdhankar:
GAME
BLACK
55.7961206436157
.....b..
..b...b.
.w......
....b...
........
........
........
..B...B.
##### Running: /usr/bin/time -o time_12_vdhankar_zwang715.txt -f "%U" python3 homework.py > stulog.txt 2>&1 on vdhankar #####
child exited with value 1
##### ERROR: /usr/bin/time -o time_12_vdhankar_zwang715.txt -f "%U" python3 homework.py > stulog.txt 2>&1 on vdhankar #####
##### Output of failed program (stdout + stderr): #####
Traceback (most recent call last):
  File "homework.py", line 546, in <module>
    print(end-start)
NameError: name 'end' is not defined
##### End of output of failed program #####
##### vdhankar plays [J c7 a5] in 0.215630054473877s #####
##### Running: /usr/lib/jvm/jdk-14.0.1/bin/java -jar /lab/itti/projects/checkers-competition/server/referee.jar on run_12_vdhankar_zwang715 #####
Move is valid
After this move, player WHITE cannot make any moves
*** Winner: BLACK ***
##### SUCCESS: /usr/lib/jvm/jdk-14.0.1/bin/java -jar /lab/itti/projects/checkers-competition/server/referee.jar on run_12_vdhankar_zwang715 #####
##### GAME OVER: vdhankar wins the game! #####
Server said: WIN
########## ROUND 12 GAMESCORE AFTER GAME 4: vdhankar=4 and zwang715=0 ##########


########## GRAND WINNER ROUND 12 IS vdhankar BY 4 vs 0 GAMESCORE ##########
