#################### ROUND 2: lvadapal (B) vs vdhankar (W): game 1 ####################
##### game start! #####
INPUT for lvadapal:
GAME
BLACK
300
.b.b.b.b
b.b.b.b.
.b.b.b.b
........
........
w.w.w.w.
.w.w.w.w
w.w.w.w.
##### Running: /usr/bin/time -o time_2_lvadapal_vdhankar.txt -f "%U" python3 homework.py > stulog.txt 2>&1 on lvadapal #####
##### SUCCESS: /usr/bin/time -o time_2_lvadapal_vdhankar.txt -f "%U" python3 homework.py > stulog.txt 2>&1 on lvadapal #####
##### lvadapal plays [E f6 e5] in 9.39s #####
##### Running: /usr/lib/jvm/jdk-14.0.1/bin/java -jar /lab/itti/projects/checkers-competition/server/referee.jar on run_2_lvadapal_vdhankar #####
Move is valid
Couldn't read file 'current_ply.txt'
Couldn't read content from file 'current_ply.txt'
Couldn't read file 'lastmatchange_ply.txt'
Couldn't read content from file 'lastmatchange_ply.txt'
##### SUCCESS: /usr/lib/jvm/jdk-14.0.1/bin/java -jar /lab/itti/projects/checkers-competition/server/referee.jar on run_2_lvadapal_vdhankar #####
INPUT for vdhankar:
GAME
WHITE
300
.b.b.b.b
b.b.b.b.
.b.b...b
....b...
........
w.w.w.w.
.w.w.w.w
w.w.w.w.
##### Running: /usr/bin/time -o time_2_lvadapal_vdhankar.txt -f "%U" python3 homework.py > stulog.txt 2>&1 on vdhankar #####
child exited with value 1
##### ERROR: /usr/bin/time -o time_2_lvadapal_vdhankar.txt -f "%U" python3 homework.py > stulog.txt 2>&1 on vdhankar #####
##### Output of failed program (stdout + stderr): #####
Traceback (most recent call last):
  File "homework.py", line 546, in <module>
    print(end-start)
NameError: name 'end' is not defined
##### End of output of failed program #####
##### vdhankar plays [E g3 h4] in 9.94447708129883s #####
##### Running: /usr/lib/jvm/jdk-14.0.1/bin/java -jar /lab/itti/projects/checkers-competition/server/referee.jar on run_2_lvadapal_vdhankar #####
Move is valid
##### SUCCESS: /usr/lib/jvm/jdk-14.0.1/bin/java -jar /lab/itti/projects/checkers-competition/server/referee.jar on run_2_lvadapal_vdhankar #####
INPUT for lvadapal:
GAME
BLACK
290.61
.b.b.b.b
b.b.b.b.
.b.b...b
....b...
.......w
w.w.w...
.w.w.w.w
w.w.w.w.
##### Running: /usr/bin/time -o time_2_lvadapal_vdhankar.txt -f "%U" python3 homework.py > stulog.txt 2>&1 on lvadapal #####
##### SUCCESS: /usr/bin/time -o time_2_lvadapal_vdhankar.txt -f "%U" python3 homework.py > stulog.txt 2>&1 on lvadapal #####
##### lvadapal plays [E e5 f4] in 20.17s #####
##### Running: /usr/lib/jvm/jdk-14.0.1/bin/java -jar /lab/itti/projects/checkers-competition/server/referee.jar on run_2_lvadapal_vdhankar #####
Move is valid
##### SUCCESS: /usr/lib/jvm/jdk-14.0.1/bin/java -jar /lab/itti/projects/checkers-competition/server/referee.jar on run_2_lvadapal_vdhankar #####
INPUT for vdhankar:
GAME
WHITE
290.055522918701
.b.b.b.b
b.b.b.b.
.b.b...b
........
.....b.w
w.w.w...
.w.w.w.w
w.w.w.w.
##### Running: /usr/bin/time -o time_2_lvadapal_vdhankar.txt -f "%U" python3 homework.py > stulog.txt 2>&1 on vdhankar #####
child exited with value 1
##### ERROR: /usr/bin/time -o time_2_lvadapal_vdhankar.txt -f "%U" python3 homework.py > stulog.txt 2>&1 on vdhankar #####
##### Output of failed program (stdout + stderr): #####
Traceback (most recent call last):
  File "homework.py", line 546, in <module>
    print(end-start)
NameError: name 'end' is not defined
##### End of output of failed program #####
##### vdhankar plays [J e3 g5] in 1.90683102607727s #####
##### Running: /usr/lib/jvm/jdk-14.0.1/bin/java -jar /lab/itti/projects/checkers-competition/server/referee.jar on run_2_lvadapal_vdhankar #####
Move is valid
##### SUCCESS: /usr/lib/jvm/jdk-14.0.1/bin/java -jar /lab/itti/projects/checkers-competition/server/referee.jar on run_2_lvadapal_vdhankar #####
INPUT for lvadapal:
GAME
BLACK
270.44
.b.b.b.b
b.b.b.b.
.b.b...b
......w.
.......w
w.w.....
.w.w.w.w
w.w.w.w.
##### Running: /usr/bin/time -o time_2_lvadapal_vdhankar.txt -f "%U" python3 homework.py > stulog.txt 2>&1 on lvadapal #####
##### SUCCESS: /usr/bin/time -o time_2_lvadapal_vdhankar.txt -f "%U" python3 homework.py > stulog.txt 2>&1 on lvadapal #####
##### lvadapal plays [J h6 f4] in 9.62s #####
##### Running: /usr/lib/jvm/jdk-14.0.1/bin/java -jar /lab/itti/projects/checkers-competition/server/referee.jar on run_2_lvadapal_vdhankar #####
Move is valid
##### SUCCESS: /usr/lib/jvm/jdk-14.0.1/bin/java -jar /lab/itti/projects/checkers-competition/server/referee.jar on run_2_lvadapal_vdhankar #####
INPUT for vdhankar:
GAME
WHITE
288.148691892624
.b.b.b.b
b.b.b.b.
.b.b....
........
.....b.w
w.w.....
.w.w.w.w
w.w.w.w.
##### Running: /usr/bin/time -o time_2_lvadapal_vdhankar.txt -f "%U" python3 homework.py > stulog.txt 2>&1 on vdhankar #####
child exited with value 1
##### ERROR: /usr/bin/time -o time_2_lvadapal_vdhankar.txt -f "%U" python3 homework.py > stulog.txt 2>&1 on vdhankar #####
##### Output of failed program (stdout + stderr): #####
Traceback (most recent call last):
  File "homework.py", line 546, in <module>
    print(end-start)
NameError: name 'end' is not defined
##### End of output of failed program #####
##### vdhankar plays [E c3 d4] in 23.6641681194305s #####
##### Running: /usr/lib/jvm/jdk-14.0.1/bin/java -jar /lab/itti/projects/checkers-competition/server/referee.jar on run_2_lvadapal_vdhankar #####
Move is valid
##### SUCCESS: /usr/lib/jvm/jdk-14.0.1/bin/java -jar /lab/itti/projects/checkers-competition/server/referee.jar on run_2_lvadapal_vdhankar #####
INPUT for lvadapal:
GAME
BLACK
260.82
.b.b.b.b
b.b.b.b.
.b.b....
........
...w.b.w
w.......
.w.w.w.w
w.w.w.w.
##### Running: /usr/bin/time -o time_2_lvadapal_vdhankar.txt -f "%U" python3 homework.py > stulog.txt 2>&1 on lvadapal #####
##### SUCCESS: /usr/bin/time -o time_2_lvadapal_vdhankar.txt -f "%U" python3 homework.py > stulog.txt 2>&1 on lvadapal #####
##### lvadapal plays [E f4 e3] in 10.19s #####
##### Running: /usr/lib/jvm/jdk-14.0.1/bin/java -jar /lab/itti/projects/checkers-competition/server/referee.jar on run_2_lvadapal_vdhankar #####
Move is valid
##### SUCCESS: /usr/lib/jvm/jdk-14.0.1/bin/java -jar /lab/itti/projects/checkers-competition/server/referee.jar on run_2_lvadapal_vdhankar #####
INPUT for vdhankar:
GAME
WHITE
264.484523773193
.b.b.b.b
b.b.b.b.
.b.b....
........
...w...w
w...b...
.w.w.w.w
w.w.w.w.
##### Running: /usr/bin/time -o time_2_lvadapal_vdhankar.txt -f "%U" python3 homework.py > stulog.txt 2>&1 on vdhankar #####
child exited with value 1
##### ERROR: /usr/bin/time -o time_2_lvadapal_vdhankar.txt -f "%U" python3 homework.py > stulog.txt 2>&1 on vdhankar #####
##### Output of failed program (stdout + stderr): #####
Traceback (most recent call last):
  File "homework.py", line 546, in <module>
    print(end-start)
NameError: name 'end' is not defined
##### End of output of failed program #####
##### vdhankar plays [J d2 f4] in 8.62273812294006s #####
##### Running: /usr/lib/jvm/jdk-14.0.1/bin/java -jar /lab/itti/projects/checkers-competition/server/referee.jar on run_2_lvadapal_vdhankar #####
Move is valid
##### SUCCESS: /usr/lib/jvm/jdk-14.0.1/bin/java -jar /lab/itti/projects/checkers-competition/server/referee.jar on run_2_lvadapal_vdhankar #####
INPUT for lvadapal:
GAME
BLACK
250.63
.b.b.b.b
b.b.b.b.
.b.b....
........
...w.w.w
w.......
.w...w.w
w.w.w.w.
##### Running: /usr/bin/time -o time_2_lvadapal_vdhankar.txt -f "%U" python3 homework.py > stulog.txt 2>&1 on lvadapal #####
##### SUCCESS: /usr/bin/time -o time_2_lvadapal_vdhankar.txt -f "%U" python3 homework.py > stulog.txt 2>&1 on lvadapal #####
##### lvadapal plays [E d6 e5] in 9.72s #####
##### Running: /usr/lib/jvm/jdk-14.0.1/bin/java -jar /lab/itti/projects/checkers-competition/server/referee.jar on run_2_lvadapal_vdhankar #####
Move is valid
##### SUCCESS: /usr/lib/jvm/jdk-14.0.1/bin/java -jar /lab/itti/projects/checkers-competition/server/referee.jar on run_2_lvadapal_vdhankar #####
INPUT for vdhankar:
GAME
WHITE
255.861785650253
.b.b.b.b
b.b.b.b.
.b......
....b...
...w.w.w
w.......
.w...w.w
w.w.w.w.
##### Running: /usr/bin/time -o time_2_lvadapal_vdhankar.txt -f "%U" python3 homework.py > stulog.txt 2>&1 on vdhankar #####
child exited with value 1
##### ERROR: /usr/bin/time -o time_2_lvadapal_vdhankar.txt -f "%U" python3 homework.py > stulog.txt 2>&1 on vdhankar #####
##### Output of failed program (stdout + stderr): #####
Traceback (most recent call last):
  File "homework.py", line 546, in <module>
    print(end-start)
NameError: name 'end' is not defined
##### End of output of failed program #####
##### vdhankar plays [J f4 d6] in 3.38943696022034s #####
##### Running: /usr/lib/jvm/jdk-14.0.1/bin/java -jar /lab/itti/projects/checkers-competition/server/referee.jar on run_2_lvadapal_vdhankar #####
Move is valid
##### SUCCESS: /usr/lib/jvm/jdk-14.0.1/bin/java -jar /lab/itti/projects/checkers-competition/server/referee.jar on run_2_lvadapal_vdhankar #####
INPUT for lvadapal:
GAME
BLACK
240.91
.b.b.b.b
b.b.b.b.
.b.w....
........
...w...w
w.......
.w...w.w
w.w.w.w.
##### Running: /usr/bin/time -o time_2_lvadapal_vdhankar.txt -f "%U" python3 homework.py > stulog.txt 2>&1 on lvadapal #####
##### SUCCESS: /usr/bin/time -o time_2_lvadapal_vdhankar.txt -f "%U" python3 homework.py > stulog.txt 2>&1 on lvadapal #####
##### lvadapal plays [J c7 e5 ; J e5 c3] in 18.91s #####
##### Running: /usr/lib/jvm/jdk-14.0.1/bin/java -jar /lab/itti/projects/checkers-competition/server/referee.jar on run_2_lvadapal_vdhankar #####
Move is valid
##### SUCCESS: /usr/lib/jvm/jdk-14.0.1/bin/java -jar /lab/itti/projects/checkers-competition/server/referee.jar on run_2_lvadapal_vdhankar #####
INPUT for vdhankar:
GAME
WHITE
252.472348690033
.b.b.b.b
b...b.b.
.b......
........
.......w
w.b.....
.w...w.w
w.w.w.w.
##### Running: /usr/bin/time -o time_2_lvadapal_vdhankar.txt -f "%U" python3 homework.py > stulog.txt 2>&1 on vdhankar #####
child exited with value 1
##### ERROR: /usr/bin/time -o time_2_lvadapal_vdhankar.txt -f "%U" python3 homework.py > stulog.txt 2>&1 on vdhankar #####
##### Output of failed program (stdout + stderr): #####
Traceback (most recent call last):
  File "homework.py", line 546, in <module>
    print(end-start)
NameError: name 'end' is not defined
##### End of output of failed program #####
##### vdhankar plays [J b2 d4] in 21.4504981040955s #####
##### Running: /usr/lib/jvm/jdk-14.0.1/bin/java -jar /lab/itti/projects/checkers-competition/server/referee.jar on run_2_lvadapal_vdhankar #####
Move is valid
##### SUCCESS: /usr/lib/jvm/jdk-14.0.1/bin/java -jar /lab/itti/projects/checkers-competition/server/referee.jar on run_2_lvadapal_vdhankar #####
INPUT for lvadapal:
GAME
BLACK
222
.b.b.b.b
b...b.b.
.b......
........
...w...w
w.......
.....w.w
w.w.w.w.
##### Running: /usr/bin/time -o time_2_lvadapal_vdhankar.txt -f "%U" python3 homework.py > stulog.txt 2>&1 on lvadapal #####
##### SUCCESS: /usr/bin/time -o time_2_lvadapal_vdhankar.txt -f "%U" python3 homework.py > stulog.txt 2>&1 on lvadapal #####
##### lvadapal plays [E e7 f6] in 7.36s #####
##### Running: /usr/lib/jvm/jdk-14.0.1/bin/java -jar /lab/itti/projects/checkers-competition/server/referee.jar on run_2_lvadapal_vdhankar #####
Move is valid
##### SUCCESS: /usr/lib/jvm/jdk-14.0.1/bin/java -jar /lab/itti/projects/checkers-competition/server/referee.jar on run_2_lvadapal_vdhankar #####
INPUT for vdhankar:
GAME
WHITE
231.021850585938
.b.b.b.b
b.....b.
.b...b..
........
...w...w
w.......
.....w.w
w.w.w.w.
##### Running: /usr/bin/time -o time_2_lvadapal_vdhankar.txt -f "%U" python3 homework.py > stulog.txt 2>&1 on vdhankar #####
child exited with value 1
##### ERROR: /usr/bin/time -o time_2_lvadapal_vdhankar.txt -f "%U" python3 homework.py > stulog.txt 2>&1 on vdhankar #####
##### Output of failed program (stdout + stderr): #####
Traceback (most recent call last):
  File "homework.py", line 546, in <module>
    print(end-start)
NameError: name 'end' is not defined
##### End of output of failed program #####
##### vdhankar plays [E e1 d2] in 82.6613531112671s #####
##### Running: /usr/lib/jvm/jdk-14.0.1/bin/java -jar /lab/itti/projects/checkers-competition/server/referee.jar on run_2_lvadapal_vdhankar #####
Move is valid
##### SUCCESS: /usr/lib/jvm/jdk-14.0.1/bin/java -jar /lab/itti/projects/checkers-competition/server/referee.jar on run_2_lvadapal_vdhankar #####
INPUT for lvadapal:
GAME
BLACK
214.64
.b.b.b.b
b.....b.
.b...b..
........
...w...w
w.......
...w.w.w
w.w...w.
##### Running: /usr/bin/time -o time_2_lvadapal_vdhankar.txt -f "%U" python3 homework.py > stulog.txt 2>&1 on lvadapal #####
##### SUCCESS: /usr/bin/time -o time_2_lvadapal_vdhankar.txt -f "%U" python3 homework.py > stulog.txt 2>&1 on lvadapal #####
##### lvadapal plays [E b6 c5] in 8.59s #####
##### Running: /usr/lib/jvm/jdk-14.0.1/bin/java -jar /lab/itti/projects/checkers-competition/server/referee.jar on run_2_lvadapal_vdhankar #####
Move is valid
##### SUCCESS: /usr/lib/jvm/jdk-14.0.1/bin/java -jar /lab/itti/projects/checkers-competition/server/referee.jar on run_2_lvadapal_vdhankar #####
INPUT for vdhankar:
GAME
WHITE
148.36049747467
.b.b.b.b
b.....b.
.....b..
..b.....
...w...w
w.......
...w.w.w
w.w...w.
##### Running: /usr/bin/time -o time_2_lvadapal_vdhankar.txt -f "%U" python3 homework.py > stulog.txt 2>&1 on vdhankar #####
child exited with value 1
##### ERROR: /usr/bin/time -o time_2_lvadapal_vdhankar.txt -f "%U" python3 homework.py > stulog.txt 2>&1 on vdhankar #####
##### Output of failed program (stdout + stderr): #####
Traceback (most recent call last):
  File "homework.py", line 546, in <module>
    print(end-start)
NameError: name 'end' is not defined
##### End of output of failed program #####
##### vdhankar plays [J d4 b6] in 9.60368084907532s #####
##### Running: /usr/lib/jvm/jdk-14.0.1/bin/java -jar /lab/itti/projects/checkers-competition/server/referee.jar on run_2_lvadapal_vdhankar #####
Move is valid
##### SUCCESS: /usr/lib/jvm/jdk-14.0.1/bin/java -jar /lab/itti/projects/checkers-competition/server/referee.jar on run_2_lvadapal_vdhankar #####
INPUT for lvadapal:
GAME
BLACK
206.05
.b.b.b.b
b.....b.
.w...b..
........
.......w
w.......
...w.w.w
w.w...w.
##### Running: /usr/bin/time -o time_2_lvadapal_vdhankar.txt -f "%U" python3 homework.py > stulog.txt 2>&1 on lvadapal #####
##### SUCCESS: /usr/bin/time -o time_2_lvadapal_vdhankar.txt -f "%U" python3 homework.py > stulog.txt 2>&1 on lvadapal #####
##### lvadapal plays [J a7 c5] in 21.83s #####
##### Running: /usr/lib/jvm/jdk-14.0.1/bin/java -jar /lab/itti/projects/checkers-competition/server/referee.jar on run_2_lvadapal_vdhankar #####
Move is valid
##### SUCCESS: /usr/lib/jvm/jdk-14.0.1/bin/java -jar /lab/itti/projects/checkers-competition/server/referee.jar on run_2_lvadapal_vdhankar #####
INPUT for vdhankar:
GAME
WHITE
138.756816625595
.b.b.b.b
......b.
.....b..
..b.....
.......w
w.......
...w.w.w
w.w...w.
##### Running: /usr/bin/time -o time_2_lvadapal_vdhankar.txt -f "%U" python3 homework.py > stulog.txt 2>&1 on vdhankar #####
child exited with value 1
##### ERROR: /usr/bin/time -o time_2_lvadapal_vdhankar.txt -f "%U" python3 homework.py > stulog.txt 2>&1 on vdhankar #####
##### Output of failed program (stdout + stderr): #####
Traceback (most recent call last):
  File "homework.py", line 546, in <module>
    print(end-start)
NameError: name 'end' is not defined
##### End of output of failed program #####
##### vdhankar plays [E h2 g3] in 62.8540840148926s #####
##### Running: /usr/lib/jvm/jdk-14.0.1/bin/java -jar /lab/itti/projects/checkers-competition/server/referee.jar on run_2_lvadapal_vdhankar #####
Move is valid
##### SUCCESS: /usr/lib/jvm/jdk-14.0.1/bin/java -jar /lab/itti/projects/checkers-competition/server/referee.jar on run_2_lvadapal_vdhankar #####
INPUT for lvadapal:
GAME
BLACK
184.22
.b.b.b.b
......b.
.....b..
..b.....
.......w
w.....w.
...w.w..
w.w...w.
##### Running: /usr/bin/time -o time_2_lvadapal_vdhankar.txt -f "%U" python3 homework.py > stulog.txt 2>&1 on lvadapal #####
##### SUCCESS: /usr/bin/time -o time_2_lvadapal_vdhankar.txt -f "%U" python3 homework.py > stulog.txt 2>&1 on lvadapal #####
##### lvadapal plays [E c5 b4] in 8.34s #####
##### Running: /usr/lib/jvm/jdk-14.0.1/bin/java -jar /lab/itti/projects/checkers-competition/server/referee.jar on run_2_lvadapal_vdhankar #####
Move is valid
##### SUCCESS: /usr/lib/jvm/jdk-14.0.1/bin/java -jar /lab/itti/projects/checkers-competition/server/referee.jar on run_2_lvadapal_vdhankar #####
INPUT for vdhankar:
GAME
WHITE
75.9027326107025
.b.b.b.b
......b.
.....b..
........
.b.....w
w.....w.
...w.w..
w.w...w.
##### Running: /usr/bin/time -o time_2_lvadapal_vdhankar.txt -f "%U" python3 homework.py > stulog.txt 2>&1 on vdhankar #####
child exited with value 1
##### ERROR: /usr/bin/time -o time_2_lvadapal_vdhankar.txt -f "%U" python3 homework.py > stulog.txt 2>&1 on vdhankar #####
##### Output of failed program (stdout + stderr): #####
Traceback (most recent call last):
  File "homework.py", line 546, in <module>
    print(end-start)
NameError: name 'end' is not defined
##### End of output of failed program #####
##### vdhankar plays [J a3 c5] in 14.1481399536133s #####
##### Running: /usr/lib/jvm/jdk-14.0.1/bin/java -jar /lab/itti/projects/checkers-competition/server/referee.jar on run_2_lvadapal_vdhankar #####
Move is valid
##### SUCCESS: /usr/lib/jvm/jdk-14.0.1/bin/java -jar /lab/itti/projects/checkers-competition/server/referee.jar on run_2_lvadapal_vdhankar #####
INPUT for lvadapal:
GAME
BLACK
175.88
.b.b.b.b
......b.
.....b..
..w.....
.......w
......w.
...w.w..
w.w...w.
##### Running: /usr/bin/time -o time_2_lvadapal_vdhankar.txt -f "%U" python3 homework.py > stulog.txt 2>&1 on lvadapal #####
##### SUCCESS: /usr/bin/time -o time_2_lvadapal_vdhankar.txt -f "%U" python3 homework.py > stulog.txt 2>&1 on lvadapal #####
##### lvadapal plays [E f6 g5] in 9.83s #####
##### Running: /usr/lib/jvm/jdk-14.0.1/bin/java -jar /lab/itti/projects/checkers-competition/server/referee.jar on run_2_lvadapal_vdhankar #####
Move is valid
##### SUCCESS: /usr/lib/jvm/jdk-14.0.1/bin/java -jar /lab/itti/projects/checkers-competition/server/referee.jar on run_2_lvadapal_vdhankar #####
INPUT for vdhankar:
GAME
WHITE
61.7545926570892
.b.b.b.b
......b.
........
..w...b.
.......w
......w.
...w.w..
w.w...w.
##### Running: /usr/bin/time -o time_2_lvadapal_vdhankar.txt -f "%U" python3 homework.py > stulog.txt 2>&1 on vdhankar #####
child exited with value 1
##### ERROR: /usr/bin/time -o time_2_lvadapal_vdhankar.txt -f "%U" python3 homework.py > stulog.txt 2>&1 on vdhankar #####
##### Output of failed program (stdout + stderr): #####
Traceback (most recent call last):
  File "homework.py", line 546, in <module>
    print(end-start)
NameError: name 'end' is not defined
##### End of output of failed program #####
##### vdhankar plays [J h4 f6] in 3.73460006713867s #####
##### Running: /usr/lib/jvm/jdk-14.0.1/bin/java -jar /lab/itti/projects/checkers-competition/server/referee.jar on run_2_lvadapal_vdhankar #####
Move is valid
##### SUCCESS: /usr/lib/jvm/jdk-14.0.1/bin/java -jar /lab/itti/projects/checkers-competition/server/referee.jar on run_2_lvadapal_vdhankar #####
INPUT for lvadapal:
GAME
BLACK
166.05
.b.b.b.b
......b.
.....w..
..w.....
........
......w.
...w.w..
w.w...w.
##### Running: /usr/bin/time -o time_2_lvadapal_vdhankar.txt -f "%U" python3 homework.py > stulog.txt 2>&1 on lvadapal #####
##### SUCCESS: /usr/bin/time -o time_2_lvadapal_vdhankar.txt -f "%U" python3 homework.py > stulog.txt 2>&1 on lvadapal #####
##### lvadapal plays [J g7 e5] in 14.94s #####
##### Running: /usr/lib/jvm/jdk-14.0.1/bin/java -jar /lab/itti/projects/checkers-competition/server/referee.jar on run_2_lvadapal_vdhankar #####
Move is valid
##### SUCCESS: /usr/lib/jvm/jdk-14.0.1/bin/java -jar /lab/itti/projects/checkers-competition/server/referee.jar on run_2_lvadapal_vdhankar #####
INPUT for vdhankar:
GAME
WHITE
58.0199925899506
.b.b.b.b
........
........
..w.b...
........
......w.
...w.w..
w.w...w.
##### Running: /usr/bin/time -o time_2_lvadapal_vdhankar.txt -f "%U" python3 homework.py > stulog.txt 2>&1 on vdhankar #####
child exited with value 1
##### ERROR: /usr/bin/time -o time_2_lvadapal_vdhankar.txt -f "%U" python3 homework.py > stulog.txt 2>&1 on vdhankar #####
##### Output of failed program (stdout + stderr): #####
Traceback (most recent call last):
  File "homework.py", line 546, in <module>
    print(end-start)
NameError: name 'end' is not defined
##### End of output of failed program #####
##### vdhankar plays [E d2 e3] in 64.4140779972076s #####
##### Running: /usr/lib/jvm/jdk-14.0.1/bin/java -jar /lab/itti/projects/checkers-competition/server/referee.jar on run_2_lvadapal_vdhankar #####
Move is valid
##### SUCCESS: /usr/lib/jvm/jdk-14.0.1/bin/java -jar /lab/itti/projects/checkers-competition/server/referee.jar on run_2_lvadapal_vdhankar #####
INPUT for lvadapal:
GAME
BLACK
151.11
.b.b.b.b
........
........
..w.b...
........
....w.w.
.....w..
w.w...w.
##### Running: /usr/bin/time -o time_2_lvadapal_vdhankar.txt -f "%U" python3 homework.py > stulog.txt 2>&1 on lvadapal #####
##### SUCCESS: /usr/bin/time -o time_2_lvadapal_vdhankar.txt -f "%U" python3 homework.py > stulog.txt 2>&1 on lvadapal #####
##### lvadapal plays [E b8 c7] in 5.42s #####
##### Running: /usr/lib/jvm/jdk-14.0.1/bin/java -jar /lab/itti/projects/checkers-competition/server/referee.jar on run_2_lvadapal_vdhankar #####
Move is valid
##### SUCCESS: /usr/lib/jvm/jdk-14.0.1/bin/java -jar /lab/itti/projects/checkers-competition/server/referee.jar on run_2_lvadapal_vdhankar #####
INPUT for vdhankar:
GAME
WHITE
-6.39408540725708
...b.b.b
..b.....
........
..w.b...
........
....w.w.
.....w..
w.w...w.
Not running vdhankar because of negative remaining time -- passing illegal move instead
##### No output.txt found. Making a bogus one... #####
##### Running: /usr/lib/jvm/jdk-14.0.1/bin/java -jar /lab/itti/projects/checkers-competition/server/referee.jar on run_2_lvadapal_vdhankar #####
Step in a move needs to have 3 sections, found 1 in 'illegal'.
child exited with value 255
##### ERROR: /usr/lib/jvm/jdk-14.0.1/bin/java -jar /lab/itti/projects/checkers-competition/server/referee.jar on run_2_lvadapal_vdhankar #####
Game server reported error. Assuming bogus move.
##### GAME OVER: vdhankar loses because of illegal move [No Move] #####
Server said: FAIL
########## ROUND 2 GAMESCORE AFTER GAME 1: lvadapal=1 and vdhankar=0 ##########
#################### ROUND 2: lvadapal (W) vs vdhankar (B): game 2 ####################
##### game start! #####
INPUT for vdhankar:
GAME
BLACK
300
.b.b.b.b
b.b.b.b.
.b.b.b.b
........
........
w.w.w.w.
.w.w.w.w
w.w.w.w.
##### Running: /usr/bin/time -o time_2_lvadapal_vdhankar.txt -f "%U" python3 homework.py > stulog.txt 2>&1 on vdhankar #####
child exited with value 1
##### ERROR: /usr/bin/time -o time_2_lvadapal_vdhankar.txt -f "%U" python3 homework.py > stulog.txt 2>&1 on vdhankar #####
##### Output of failed program (stdout + stderr): #####
Traceback (most recent call last):
  File "homework.py", line 546, in <module>
    print(end-start)
NameError: name 'end' is not defined
##### End of output of failed program #####
##### vdhankar plays [E h6 g5] in 13.8500938415527s #####
##### Running: /usr/lib/jvm/jdk-14.0.1/bin/java -jar /lab/itti/projects/checkers-competition/server/referee.jar on run_2_lvadapal_vdhankar #####
Move is valid
Couldn't read file 'current_ply.txt'
Couldn't read content from file 'current_ply.txt'
Couldn't read file 'lastmatchange_ply.txt'
Couldn't read content from file 'lastmatchange_ply.txt'
##### SUCCESS: /usr/lib/jvm/jdk-14.0.1/bin/java -jar /lab/itti/projects/checkers-competition/server/referee.jar on run_2_lvadapal_vdhankar #####
INPUT for lvadapal:
GAME
WHITE
300
.b.b.b.b
b.b.b.b.
.b.b.b..
......b.
........
w.w.w.w.
.w.w.w.w
w.w.w.w.
##### Running: /usr/bin/time -o time_2_lvadapal_vdhankar.txt -f "%U" python3 homework.py > stulog.txt 2>&1 on lvadapal #####
##### SUCCESS: /usr/bin/time -o time_2_lvadapal_vdhankar.txt -f "%U" python3 homework.py > stulog.txt 2>&1 on lvadapal #####
##### lvadapal plays [E c3 b4] in 9.14s #####
##### Running: /usr/lib/jvm/jdk-14.0.1/bin/java -jar /lab/itti/projects/checkers-competition/server/referee.jar on run_2_lvadapal_vdhankar #####
Move is valid
##### SUCCESS: /usr/lib/jvm/jdk-14.0.1/bin/java -jar /lab/itti/projects/checkers-competition/server/referee.jar on run_2_lvadapal_vdhankar #####
INPUT for vdhankar:
GAME
BLACK
286.149906158447
.b.b.b.b
b.b.b.b.
.b.b.b..
......b.
.w......
w...w.w.
.w.w.w.w
w.w.w.w.
##### Running: /usr/bin/time -o time_2_lvadapal_vdhankar.txt -f "%U" python3 homework.py > stulog.txt 2>&1 on vdhankar #####
child exited with value 1
##### ERROR: /usr/bin/time -o time_2_lvadapal_vdhankar.txt -f "%U" python3 homework.py > stulog.txt 2>&1 on vdhankar #####
##### Output of failed program (stdout + stderr): #####
Traceback (most recent call last):
  File "homework.py", line 546, in <module>
    print(end-start)
NameError: name 'end' is not defined
##### End of output of failed program #####
##### vdhankar plays [E g5 h4] in 12.2435448169708s #####
##### Running: /usr/lib/jvm/jdk-14.0.1/bin/java -jar /lab/itti/projects/checkers-competition/server/referee.jar on run_2_lvadapal_vdhankar #####
Move is valid
##### SUCCESS: /usr/lib/jvm/jdk-14.0.1/bin/java -jar /lab/itti/projects/checkers-competition/server/referee.jar on run_2_lvadapal_vdhankar #####
INPUT for lvadapal:
GAME
WHITE
290.86
.b.b.b.b
b.b.b.b.
.b.b.b..
........
.w.....b
w...w.w.
.w.w.w.w
w.w.w.w.
##### Running: /usr/bin/time -o time_2_lvadapal_vdhankar.txt -f "%U" python3 homework.py > stulog.txt 2>&1 on lvadapal #####
##### SUCCESS: /usr/bin/time -o time_2_lvadapal_vdhankar.txt -f "%U" python3 homework.py > stulog.txt 2>&1 on lvadapal #####
##### lvadapal plays [E d2 c3] in 10.56s #####
##### Running: /usr/lib/jvm/jdk-14.0.1/bin/java -jar /lab/itti/projects/checkers-competition/server/referee.jar on run_2_lvadapal_vdhankar #####
Move is valid
##### SUCCESS: /usr/lib/jvm/jdk-14.0.1/bin/java -jar /lab/itti/projects/checkers-competition/server/referee.jar on run_2_lvadapal_vdhankar #####
INPUT for vdhankar:
GAME
BLACK
273.906361341476
.b.b.b.b
b.b.b.b.
.b.b.b..
........
.w.....b
w.w.w.w.
.w...w.w
w.w.w.w.
##### Running: /usr/bin/time -o time_2_lvadapal_vdhankar.txt -f "%U" python3 homework.py > stulog.txt 2>&1 on vdhankar #####
child exited with value 1
##### ERROR: /usr/bin/time -o time_2_lvadapal_vdhankar.txt -f "%U" python3 homework.py > stulog.txt 2>&1 on vdhankar #####
##### Output of failed program (stdout + stderr): #####
Traceback (most recent call last):
  File "homework.py", line 546, in <module>
    print(end-start)
NameError: name 'end' is not defined
##### End of output of failed program #####
##### vdhankar plays [E b6 a5] in 8.80682802200317s #####
##### Running: /usr/lib/jvm/jdk-14.0.1/bin/java -jar /lab/itti/projects/checkers-competition/server/referee.jar on run_2_lvadapal_vdhankar #####
Move is valid
##### SUCCESS: /usr/lib/jvm/jdk-14.0.1/bin/java -jar /lab/itti/projects/checkers-competition/server/referee.jar on run_2_lvadapal_vdhankar #####
INPUT for lvadapal:
GAME
WHITE
280.3
.b.b.b.b
b.b.b.b.
...b.b..
b.......
.w.....b
w.w.w.w.
.w...w.w
w.w.w.w.
##### Running: /usr/bin/time -o time_2_lvadapal_vdhankar.txt -f "%U" python3 homework.py > stulog.txt 2>&1 on lvadapal #####
##### SUCCESS: /usr/bin/time -o time_2_lvadapal_vdhankar.txt -f "%U" python3 homework.py > stulog.txt 2>&1 on lvadapal #####
##### lvadapal plays [E c3 d4] in 12.77s #####
##### Running: /usr/lib/jvm/jdk-14.0.1/bin/java -jar /lab/itti/projects/checkers-competition/server/referee.jar on run_2_lvadapal_vdhankar #####
Move is valid
##### SUCCESS: /usr/lib/jvm/jdk-14.0.1/bin/java -jar /lab/itti/projects/checkers-competition/server/referee.jar on run_2_lvadapal_vdhankar #####
INPUT for vdhankar:
GAME
BLACK
265.099533319473
.b.b.b.b
b.b.b.b.
...b.b..
b.......
.w.w...b
w...w.w.
.w...w.w
w.w.w.w.
##### Running: /usr/bin/time -o time_2_lvadapal_vdhankar.txt -f "%U" python3 homework.py > stulog.txt 2>&1 on vdhankar #####
child exited with value 1
##### ERROR: /usr/bin/time -o time_2_lvadapal_vdhankar.txt -f "%U" python3 homework.py > stulog.txt 2>&1 on vdhankar #####
##### Output of failed program (stdout + stderr): #####
Traceback (most recent call last):
  File "homework.py", line 546, in <module>
    print(end-start)
NameError: name 'end' is not defined
##### End of output of failed program #####
##### vdhankar plays [J a5 c3] in 2.97191190719604s #####
##### Running: /usr/lib/jvm/jdk-14.0.1/bin/java -jar /lab/itti/projects/checkers-competition/server/referee.jar on run_2_lvadapal_vdhankar #####
Move is valid
##### SUCCESS: /usr/lib/jvm/jdk-14.0.1/bin/java -jar /lab/itti/projects/checkers-competition/server/referee.jar on run_2_lvadapal_vdhankar #####
INPUT for lvadapal:
GAME
WHITE
267.53
.b.b.b.b
b.b.b.b.
...b.b..
........
...w...b
w.b.w.w.
.w...w.w
w.w.w.w.
##### Running: /usr/bin/time -o time_2_lvadapal_vdhankar.txt -f "%U" python3 homework.py > stulog.txt 2>&1 on lvadapal #####
##### SUCCESS: /usr/bin/time -o time_2_lvadapal_vdhankar.txt -f "%U" python3 homework.py > stulog.txt 2>&1 on lvadapal #####
##### lvadapal plays [E d4 c5] in 14.11s #####
##### Running: /usr/lib/jvm/jdk-14.0.1/bin/java -jar /lab/itti/projects/checkers-competition/server/referee.jar on run_2_lvadapal_vdhankar #####
Move is valid
##### SUCCESS: /usr/lib/jvm/jdk-14.0.1/bin/java -jar /lab/itti/projects/checkers-competition/server/referee.jar on run_2_lvadapal_vdhankar #####
INPUT for vdhankar:
GAME
BLACK
262.127621412277
.b.b.b.b
b.b.b.b.
...b.b..
..w.....
.......b
w.b.w.w.
.w...w.w
w.w.w.w.
##### Running: /usr/bin/time -o time_2_lvadapal_vdhankar.txt -f "%U" python3 homework.py > stulog.txt 2>&1 on vdhankar #####
child exited with value 1
##### ERROR: /usr/bin/time -o time_2_lvadapal_vdhankar.txt -f "%U" python3 homework.py > stulog.txt 2>&1 on vdhankar #####
##### Output of failed program (stdout + stderr): #####
Traceback (most recent call last):
  File "homework.py", line 546, in <module>
    print(end-start)
NameError: name 'end' is not defined
##### End of output of failed program #####
##### vdhankar plays [J d6 b4] in 1.33611106872559s #####
##### Running: /usr/lib/jvm/jdk-14.0.1/bin/java -jar /lab/itti/projects/checkers-competition/server/referee.jar on run_2_lvadapal_vdhankar #####
Move is valid
##### SUCCESS: /usr/lib/jvm/jdk-14.0.1/bin/java -jar /lab/itti/projects/checkers-competition/server/referee.jar on run_2_lvadapal_vdhankar #####
INPUT for lvadapal:
GAME
WHITE
253.42
.b.b.b.b
b.b.b.b.
.....b..
........
.b.....b
w.b.w.w.
.w...w.w
w.w.w.w.
##### Running: /usr/bin/time -o time_2_lvadapal_vdhankar.txt -f "%U" python3 homework.py > stulog.txt 2>&1 on lvadapal #####
##### SUCCESS: /usr/bin/time -o time_2_lvadapal_vdhankar.txt -f "%U" python3 homework.py > stulog.txt 2>&1 on lvadapal #####
##### lvadapal plays [J a3 c5] in 9.23s #####
##### Running: /usr/lib/jvm/jdk-14.0.1/bin/java -jar /lab/itti/projects/checkers-competition/server/referee.jar on run_2_lvadapal_vdhankar #####
Move is valid
##### SUCCESS: /usr/lib/jvm/jdk-14.0.1/bin/java -jar /lab/itti/projects/checkers-competition/server/referee.jar on run_2_lvadapal_vdhankar #####
INPUT for vdhankar:
GAME
BLACK
260.791510343552
.b.b.b.b
b.b.b.b.
.....b..
..w.....
.......b
..b.w.w.
.w...w.w
w.w.w.w.
##### Running: /usr/bin/time -o time_2_lvadapal_vdhankar.txt -f "%U" python3 homework.py > stulog.txt 2>&1 on vdhankar #####
child exited with value 1
##### ERROR: /usr/bin/time -o time_2_lvadapal_vdhankar.txt -f "%U" python3 homework.py > stulog.txt 2>&1 on vdhankar #####
##### Output of failed program (stdout + stderr): #####
Traceback (most recent call last):
  File "homework.py", line 546, in <module>
    print(end-start)
NameError: name 'end' is not defined
##### End of output of failed program #####
##### vdhankar plays [E c7 d6] in 4.25106310844421s #####
##### Running: /usr/lib/jvm/jdk-14.0.1/bin/java -jar /lab/itti/projects/checkers-competition/server/referee.jar on run_2_lvadapal_vdhankar #####
Move is valid
##### SUCCESS: /usr/lib/jvm/jdk-14.0.1/bin/java -jar /lab/itti/projects/checkers-competition/server/referee.jar on run_2_lvadapal_vdhankar #####
INPUT for lvadapal:
GAME
WHITE
244.19
.b.b.b.b
b...b.b.
...b.b..
..w.....
.......b
..b.w.w.
.w...w.w
w.w.w.w.
##### Running: /usr/bin/time -o time_2_lvadapal_vdhankar.txt -f "%U" python3 homework.py > stulog.txt 2>&1 on lvadapal #####
##### SUCCESS: /usr/bin/time -o time_2_lvadapal_vdhankar.txt -f "%U" python3 homework.py > stulog.txt 2>&1 on lvadapal #####
##### lvadapal plays [J b2 d4] in 9.71s #####
##### Running: /usr/lib/jvm/jdk-14.0.1/bin/java -jar /lab/itti/projects/checkers-competition/server/referee.jar on run_2_lvadapal_vdhankar #####
Move is valid
##### SUCCESS: /usr/lib/jvm/jdk-14.0.1/bin/java -jar /lab/itti/projects/checkers-competition/server/referee.jar on run_2_lvadapal_vdhankar #####
INPUT for vdhankar:
GAME
BLACK
256.540447235107
.b.b.b.b
b...b.b.
...b.b..
..w.....
...w...b
....w.w.
.....w.w
w.w.w.w.
##### Running: /usr/bin/time -o time_2_lvadapal_vdhankar.txt -f "%U" python3 homework.py > stulog.txt 2>&1 on vdhankar #####
child exited with value 1
##### ERROR: /usr/bin/time -o time_2_lvadapal_vdhankar.txt -f "%U" python3 homework.py > stulog.txt 2>&1 on vdhankar #####
##### Output of failed program (stdout + stderr): #####
Traceback (most recent call last):
  File "homework.py", line 546, in <module>
    print(end-start)
NameError: name 'end' is not defined
##### End of output of failed program #####
##### vdhankar plays [J d6 b4] in 13.1001379489899s #####
##### Running: /usr/lib/jvm/jdk-14.0.1/bin/java -jar /lab/itti/projects/checkers-competition/server/referee.jar on run_2_lvadapal_vdhankar #####
Move is valid
##### SUCCESS: /usr/lib/jvm/jdk-14.0.1/bin/java -jar /lab/itti/projects/checkers-competition/server/referee.jar on run_2_lvadapal_vdhankar #####
INPUT for lvadapal:
GAME
WHITE
234.48
.b.b.b.b
b...b.b.
.....b..
........
.b.w...b
....w.w.
.....w.w
w.w.w.w.
##### Running: /usr/bin/time -o time_2_lvadapal_vdhankar.txt -f "%U" python3 homework.py > stulog.txt 2>&1 on lvadapal #####
##### SUCCESS: /usr/bin/time -o time_2_lvadapal_vdhankar.txt -f "%U" python3 homework.py > stulog.txt 2>&1 on lvadapal #####
##### lvadapal plays [E e1 d2] in 15.79s #####
##### Running: /usr/lib/jvm/jdk-14.0.1/bin/java -jar /lab/itti/projects/checkers-competition/server/referee.jar on run_2_lvadapal_vdhankar #####
Move is valid
##### SUCCESS: /usr/lib/jvm/jdk-14.0.1/bin/java -jar /lab/itti/projects/checkers-competition/server/referee.jar on run_2_lvadapal_vdhankar #####
INPUT for vdhankar:
GAME
BLACK
243.440309286118
.b.b.b.b
b...b.b.
.....b..
........
.b.w...b
....w.w.
...w.w.w
w.w...w.
##### Running: /usr/bin/time -o time_2_lvadapal_vdhankar.txt -f "%U" python3 homework.py > stulog.txt 2>&1 on vdhankar #####
child exited with value 1
##### ERROR: /usr/bin/time -o time_2_lvadapal_vdhankar.txt -f "%U" python3 homework.py > stulog.txt 2>&1 on vdhankar #####
##### Output of failed program (stdout + stderr): #####
Traceback (most recent call last):
  File "homework.py", line 546, in <module>
    print(end-start)
NameError: name 'end' is not defined
##### End of output of failed program #####
##### vdhankar plays [E f6 e5] in 19.4240529537201s #####
##### Running: /usr/lib/jvm/jdk-14.0.1/bin/java -jar /lab/itti/projects/checkers-competition/server/referee.jar on run_2_lvadapal_vdhankar #####
Move is valid
##### SUCCESS: /usr/lib/jvm/jdk-14.0.1/bin/java -jar /lab/itti/projects/checkers-competition/server/referee.jar on run_2_lvadapal_vdhankar #####
INPUT for lvadapal:
GAME
WHITE
218.69
.b.b.b.b
b...b.b.
........
....b...
.b.w...b
....w.w.
...w.w.w
w.w...w.
##### Running: /usr/bin/time -o time_2_lvadapal_vdhankar.txt -f "%U" python3 homework.py > stulog.txt 2>&1 on lvadapal #####
##### SUCCESS: /usr/bin/time -o time_2_lvadapal_vdhankar.txt -f "%U" python3 homework.py > stulog.txt 2>&1 on lvadapal #####
##### lvadapal plays [J d4 f6] in 14.17s #####
##### Running: /usr/lib/jvm/jdk-14.0.1/bin/java -jar /lab/itti/projects/checkers-competition/server/referee.jar on run_2_lvadapal_vdhankar #####
Move is valid
##### SUCCESS: /usr/lib/jvm/jdk-14.0.1/bin/java -jar /lab/itti/projects/checkers-competition/server/referee.jar on run_2_lvadapal_vdhankar #####
INPUT for vdhankar:
GAME
BLACK
224.016256332397
.b.b.b.b
b...b.b.
.....w..
........
.b.....b
....w.w.
...w.w.w
w.w...w.
##### Running: /usr/bin/time -o time_2_lvadapal_vdhankar.txt -f "%U" python3 homework.py > stulog.txt 2>&1 on vdhankar #####
child exited with value 1
##### ERROR: /usr/bin/time -o time_2_lvadapal_vdhankar.txt -f "%U" python3 homework.py > stulog.txt 2>&1 on vdhankar #####
##### Output of failed program (stdout + stderr): #####
Traceback (most recent call last):
  File "homework.py", line 546, in <module>
    print(end-start)
NameError: name 'end' is not defined
##### End of output of failed program #####
##### vdhankar plays [J g7 e5] in 9.73125004768372s #####
##### Running: /usr/lib/jvm/jdk-14.0.1/bin/java -jar /lab/itti/projects/checkers-competition/server/referee.jar on run_2_lvadapal_vdhankar #####
Move is valid
##### SUCCESS: /usr/lib/jvm/jdk-14.0.1/bin/java -jar /lab/itti/projects/checkers-competition/server/referee.jar on run_2_lvadapal_vdhankar #####
INPUT for lvadapal:
GAME
WHITE
204.52
.b.b.b.b
b...b...
........
....b...
.b.....b
....w.w.
...w.w.w
w.w...w.
##### Running: /usr/bin/time -o time_2_lvadapal_vdhankar.txt -f "%U" python3 homework.py > stulog.txt 2>&1 on lvadapal #####
##### SUCCESS: /usr/bin/time -o time_2_lvadapal_vdhankar.txt -f "%U" python3 homework.py > stulog.txt 2>&1 on lvadapal #####
##### lvadapal plays [E e3 f4] in 23.76s #####
##### Running: /usr/lib/jvm/jdk-14.0.1/bin/java -jar /lab/itti/projects/checkers-competition/server/referee.jar on run_2_lvadapal_vdhankar #####
Move is valid
##### SUCCESS: /usr/lib/jvm/jdk-14.0.1/bin/java -jar /lab/itti/projects/checkers-competition/server/referee.jar on run_2_lvadapal_vdhankar #####
INPUT for vdhankar:
GAME
BLACK
214.285006284714
.b.b.b.b
b...b...
........
....b...
.b...w.b
......w.
...w.w.w
w.w...w.
##### Running: /usr/bin/time -o time_2_lvadapal_vdhankar.txt -f "%U" python3 homework.py > stulog.txt 2>&1 on vdhankar #####
child exited with value 1
##### ERROR: /usr/bin/time -o time_2_lvadapal_vdhankar.txt -f "%U" python3 homework.py > stulog.txt 2>&1 on vdhankar #####
##### Output of failed program (stdout + stderr): #####
Traceback (most recent call last):
  File "homework.py", line 546, in <module>
    print(end-start)
NameError: name 'end' is not defined
##### End of output of failed program #####
##### vdhankar plays [E e7 d6] in 13.1780059337616s #####
##### Running: /usr/lib/jvm/jdk-14.0.1/bin/java -jar /lab/itti/projects/checkers-competition/server/referee.jar on run_2_lvadapal_vdhankar #####
Move is valid
##### SUCCESS: /usr/lib/jvm/jdk-14.0.1/bin/java -jar /lab/itti/projects/checkers-competition/server/referee.jar on run_2_lvadapal_vdhankar #####
INPUT for lvadapal:
GAME
WHITE
180.76
.b.b.b.b
b.......
...b....
....b...
.b...w.b
......w.
...w.w.w
w.w...w.
##### Running: /usr/bin/time -o time_2_lvadapal_vdhankar.txt -f "%U" python3 homework.py > stulog.txt 2>&1 on lvadapal #####
##### SUCCESS: /usr/bin/time -o time_2_lvadapal_vdhankar.txt -f "%U" python3 homework.py > stulog.txt 2>&1 on lvadapal #####
##### lvadapal plays [E d2 c3] in 7.36s #####
##### Running: /usr/lib/jvm/jdk-14.0.1/bin/java -jar /lab/itti/projects/checkers-competition/server/referee.jar on run_2_lvadapal_vdhankar #####
Move is valid
##### SUCCESS: /usr/lib/jvm/jdk-14.0.1/bin/java -jar /lab/itti/projects/checkers-competition/server/referee.jar on run_2_lvadapal_vdhankar #####
INPUT for vdhankar:
GAME
BLACK
201.107000350952
.b.b.b.b
b.......
...b....
....b...
.b...w.b
..w...w.
.....w.w
w.w...w.
##### Running: /usr/bin/time -o time_2_lvadapal_vdhankar.txt -f "%U" python3 homework.py > stulog.txt 2>&1 on vdhankar #####
child exited with value 1
##### ERROR: /usr/bin/time -o time_2_lvadapal_vdhankar.txt -f "%U" python3 homework.py > stulog.txt 2>&1 on vdhankar #####
##### Output of failed program (stdout + stderr): #####
Traceback (most recent call last):
  File "homework.py", line 546, in <module>
    print(end-start)
NameError: name 'end' is not defined
##### End of output of failed program #####
##### vdhankar plays [J b4 d2] in 1.67483282089233s #####
##### Running: /usr/lib/jvm/jdk-14.0.1/bin/java -jar /lab/itti/projects/checkers-competition/server/referee.jar on run_2_lvadapal_vdhankar #####
Move is valid
##### SUCCESS: /usr/lib/jvm/jdk-14.0.1/bin/java -jar /lab/itti/projects/checkers-competition/server/referee.jar on run_2_lvadapal_vdhankar #####
INPUT for lvadapal:
GAME
WHITE
173.4
.b.b.b.b
b.......
...b....
....b...
.....w.b
......w.
...b.w.w
w.w...w.
##### Running: /usr/bin/time -o time_2_lvadapal_vdhankar.txt -f "%U" python3 homework.py > stulog.txt 2>&1 on lvadapal #####
##### SUCCESS: /usr/bin/time -o time_2_lvadapal_vdhankar.txt -f "%U" python3 homework.py > stulog.txt 2>&1 on lvadapal #####
##### lvadapal plays [J c1 e3] in 10.04s #####
##### Running: /usr/lib/jvm/jdk-14.0.1/bin/java -jar /lab/itti/projects/checkers-competition/server/referee.jar on run_2_lvadapal_vdhankar #####
Move is valid
##### SUCCESS: /usr/lib/jvm/jdk-14.0.1/bin/java -jar /lab/itti/projects/checkers-competition/server/referee.jar on run_2_lvadapal_vdhankar #####
INPUT for vdhankar:
GAME
BLACK
199.43216753006
.b.b.b.b
b.......
...b....
....b...
.....w.b
....w.w.
.....w.w
w.....w.
##### Running: /usr/bin/time -o time_2_lvadapal_vdhankar.txt -f "%U" python3 homework.py > stulog.txt 2>&1 on vdhankar #####
child exited with value 1
##### ERROR: /usr/bin/time -o time_2_lvadapal_vdhankar.txt -f "%U" python3 homework.py > stulog.txt 2>&1 on vdhankar #####
##### Output of failed program (stdout + stderr): #####
Traceback (most recent call last):
  File "homework.py", line 546, in <module>
    print(end-start)
NameError: name 'end' is not defined
##### End of output of failed program #####
##### vdhankar plays [E a7 b6] in 14.558207988739s #####
##### Running: /usr/lib/jvm/jdk-14.0.1/bin/java -jar /lab/itti/projects/checkers-competition/server/referee.jar on run_2_lvadapal_vdhankar #####
Move is valid
##### SUCCESS: /usr/lib/jvm/jdk-14.0.1/bin/java -jar /lab/itti/projects/checkers-competition/server/referee.jar on run_2_lvadapal_vdhankar #####
INPUT for lvadapal:
GAME
WHITE
163.36
.b.b.b.b
........
.b.b....
....b...
.....w.b
....w.w.
.....w.w
w.....w.
##### Running: /usr/bin/time -o time_2_lvadapal_vdhankar.txt -f "%U" python3 homework.py > stulog.txt 2>&1 on lvadapal #####
##### SUCCESS: /usr/bin/time -o time_2_lvadapal_vdhankar.txt -f "%U" python3 homework.py > stulog.txt 2>&1 on lvadapal #####
##### lvadapal plays [E e3 d4] in 5.48s #####
##### Running: /usr/lib/jvm/jdk-14.0.1/bin/java -jar /lab/itti/projects/checkers-competition/server/referee.jar on run_2_lvadapal_vdhankar #####
Move is valid
##### SUCCESS: /usr/lib/jvm/jdk-14.0.1/bin/java -jar /lab/itti/projects/checkers-competition/server/referee.jar on run_2_lvadapal_vdhankar #####
INPUT for vdhankar:
GAME
BLACK
184.873959541321
.b.b.b.b
........
.b.b....
....b...
...w.w.b
......w.
.....w.w
w.....w.
##### Running: /usr/bin/time -o time_2_lvadapal_vdhankar.txt -f "%U" python3 homework.py > stulog.txt 2>&1 on vdhankar #####
child exited with value 1
##### ERROR: /usr/bin/time -o time_2_lvadapal_vdhankar.txt -f "%U" python3 homework.py > stulog.txt 2>&1 on vdhankar #####
##### Output of failed program (stdout + stderr): #####
Traceback (most recent call last):
  File "homework.py", line 546, in <module>
    print(end-start)
NameError: name 'end' is not defined
##### End of output of failed program #####
##### vdhankar plays [J e5 c3] in 1.57899594306946s #####
##### Running: /usr/lib/jvm/jdk-14.0.1/bin/java -jar /lab/itti/projects/checkers-competition/server/referee.jar on run_2_lvadapal_vdhankar #####
Move is valid
##### SUCCESS: /usr/lib/jvm/jdk-14.0.1/bin/java -jar /lab/itti/projects/checkers-competition/server/referee.jar on run_2_lvadapal_vdhankar #####
INPUT for lvadapal:
GAME
WHITE
157.88
.b.b.b.b
........
.b.b....
........
.....w.b
..b...w.
.....w.w
w.....w.
##### Running: /usr/bin/time -o time_2_lvadapal_vdhankar.txt -f "%U" python3 homework.py > stulog.txt 2>&1 on lvadapal #####
##### SUCCESS: /usr/bin/time -o time_2_lvadapal_vdhankar.txt -f "%U" python3 homework.py > stulog.txt 2>&1 on lvadapal #####
##### lvadapal plays [E f4 e5] in 5.62s #####
##### Running: /usr/lib/jvm/jdk-14.0.1/bin/java -jar /lab/itti/projects/checkers-competition/server/referee.jar on run_2_lvadapal_vdhankar #####
Move is valid
##### SUCCESS: /usr/lib/jvm/jdk-14.0.1/bin/java -jar /lab/itti/projects/checkers-competition/server/referee.jar on run_2_lvadapal_vdhankar #####
INPUT for vdhankar:
GAME
BLACK
183.294963598251
.b.b.b.b
........
.b.b....
....w...
.......b
..b...w.
.....w.w
w.....w.
##### Running: /usr/bin/time -o time_2_lvadapal_vdhankar.txt -f "%U" python3 homework.py > stulog.txt 2>&1 on vdhankar #####
child exited with value 1
##### ERROR: /usr/bin/time -o time_2_lvadapal_vdhankar.txt -f "%U" python3 homework.py > stulog.txt 2>&1 on vdhankar #####
##### Output of failed program (stdout + stderr): #####
Traceback (most recent call last):
  File "homework.py", line 546, in <module>
    print(end-start)
NameError: name 'end' is not defined
##### End of output of failed program #####
##### vdhankar plays [J d6 f4] in 4.60746502876282s #####
##### Running: /usr/lib/jvm/jdk-14.0.1/bin/java -jar /lab/itti/projects/checkers-competition/server/referee.jar on run_2_lvadapal_vdhankar #####
Move is valid
##### SUCCESS: /usr/lib/jvm/jdk-14.0.1/bin/java -jar /lab/itti/projects/checkers-competition/server/referee.jar on run_2_lvadapal_vdhankar #####
INPUT for lvadapal:
GAME
WHITE
152.26
.b.b.b.b
........
.b......
........
.....b.b
..b...w.
.....w.w
w.....w.
##### Running: /usr/bin/time -o time_2_lvadapal_vdhankar.txt -f "%U" python3 homework.py > stulog.txt 2>&1 on lvadapal #####
##### SUCCESS: /usr/bin/time -o time_2_lvadapal_vdhankar.txt -f "%U" python3 homework.py > stulog.txt 2>&1 on lvadapal #####
##### lvadapal plays [J g3 e5] in 7.62s #####
##### Running: /usr/lib/jvm/jdk-14.0.1/bin/java -jar /lab/itti/projects/checkers-competition/server/referee.jar on run_2_lvadapal_vdhankar #####
Move is valid
##### SUCCESS: /usr/lib/jvm/jdk-14.0.1/bin/java -jar /lab/itti/projects/checkers-competition/server/referee.jar on run_2_lvadapal_vdhankar #####
INPUT for vdhankar:
GAME
BLACK
178.687498569489
.b.b.b.b
........
.b......
....w...
.......b
..b.....
.....w.w
w.....w.
##### Running: /usr/bin/time -o time_2_lvadapal_vdhankar.txt -f "%U" python3 homework.py > stulog.txt 2>&1 on vdhankar #####
child exited with value 1
##### ERROR: /usr/bin/time -o time_2_lvadapal_vdhankar.txt -f "%U" python3 homework.py > stulog.txt 2>&1 on vdhankar #####
##### Output of failed program (stdout + stderr): #####
Traceback (most recent call last):
  File "homework.py", line 546, in <module>
    print(end-start)
NameError: name 'end' is not defined
##### End of output of failed program #####
##### vdhankar plays [E c3 d2] in 42.212856054306s #####
##### Running: /usr/lib/jvm/jdk-14.0.1/bin/java -jar /lab/itti/projects/checkers-competition/server/referee.jar on run_2_lvadapal_vdhankar #####
Move is valid
##### SUCCESS: /usr/lib/jvm/jdk-14.0.1/bin/java -jar /lab/itti/projects/checkers-competition/server/referee.jar on run_2_lvadapal_vdhankar #####
INPUT for lvadapal:
GAME
WHITE
144.64
.b.b.b.b
........
.b......
....w...
.......b
........
...b.w.w
w.....w.
##### Running: /usr/bin/time -o time_2_lvadapal_vdhankar.txt -f "%U" python3 homework.py > stulog.txt 2>&1 on lvadapal #####
##### SUCCESS: /usr/bin/time -o time_2_lvadapal_vdhankar.txt -f "%U" python3 homework.py > stulog.txt 2>&1 on lvadapal #####
##### lvadapal plays [E f2 e3] in 4.85s #####
##### Running: /usr/lib/jvm/jdk-14.0.1/bin/java -jar /lab/itti/projects/checkers-competition/server/referee.jar on run_2_lvadapal_vdhankar #####
Move is valid
##### SUCCESS: /usr/lib/jvm/jdk-14.0.1/bin/java -jar /lab/itti/projects/checkers-competition/server/referee.jar on run_2_lvadapal_vdhankar #####
INPUT for vdhankar:
GAME
BLACK
136.474642515182
.b.b.b.b
........
.b......
....w...
.......b
....w...
...b...w
w.....w.
##### Running: /usr/bin/time -o time_2_lvadapal_vdhankar.txt -f "%U" python3 homework.py > stulog.txt 2>&1 on vdhankar #####
child exited with value 1
##### ERROR: /usr/bin/time -o time_2_lvadapal_vdhankar.txt -f "%U" python3 homework.py > stulog.txt 2>&1 on vdhankar #####
##### Output of failed program (stdout + stderr): #####
Traceback (most recent call last):
  File "homework.py", line 546, in <module>
    print(end-start)
NameError: name 'end' is not defined
##### End of output of failed program #####
##### vdhankar plays [E d2 e1] in 59.4815111160278s #####
##### Running: /usr/lib/jvm/jdk-14.0.1/bin/java -jar /lab/itti/projects/checkers-competition/server/referee.jar on run_2_lvadapal_vdhankar #####
Move is valid
##### SUCCESS: /usr/lib/jvm/jdk-14.0.1/bin/java -jar /lab/itti/projects/checkers-competition/server/referee.jar on run_2_lvadapal_vdhankar #####
INPUT for lvadapal:
GAME
WHITE
139.79
.b.b.b.b
........
.b......
....w...
.......b
....w...
.......w
w...B.w.
##### Running: /usr/bin/time -o time_2_lvadapal_vdhankar.txt -f "%U" python3 homework.py > stulog.txt 2>&1 on lvadapal #####
##### SUCCESS: /usr/bin/time -o time_2_lvadapal_vdhankar.txt -f "%U" python3 homework.py > stulog.txt 2>&1 on lvadapal #####
##### lvadapal plays [E g1 f2] in 7.2s #####
##### Running: /usr/lib/jvm/jdk-14.0.1/bin/java -jar /lab/itti/projects/checkers-competition/server/referee.jar on run_2_lvadapal_vdhankar #####
Move is valid
##### SUCCESS: /usr/lib/jvm/jdk-14.0.1/bin/java -jar /lab/itti/projects/checkers-competition/server/referee.jar on run_2_lvadapal_vdhankar #####
INPUT for vdhankar:
GAME
BLACK
76.9931313991547
.b.b.b.b
........
.b......
....w...
.......b
....w...
.....w.w
w...B...
##### Running: /usr/bin/time -o time_2_lvadapal_vdhankar.txt -f "%U" python3 homework.py > stulog.txt 2>&1 on vdhankar #####
child exited with value 1
##### ERROR: /usr/bin/time -o time_2_lvadapal_vdhankar.txt -f "%U" python3 homework.py > stulog.txt 2>&1 on vdhankar #####
##### Output of failed program (stdout + stderr): #####
Traceback (most recent call last):
  File "homework.py", line 546, in <module>
    print(end-start)
NameError: name 'end' is not defined
##### End of output of failed program #####
##### vdhankar plays [J e1 g3] in 3.96811890602112s #####
##### Running: /usr/lib/jvm/jdk-14.0.1/bin/java -jar /lab/itti/projects/checkers-competition/server/referee.jar on run_2_lvadapal_vdhankar #####
Move is valid
##### SUCCESS: /usr/lib/jvm/jdk-14.0.1/bin/java -jar /lab/itti/projects/checkers-competition/server/referee.jar on run_2_lvadapal_vdhankar #####
INPUT for lvadapal:
GAME
WHITE
132.59
.b.b.b.b
........
.b......
....w...
.......b
....w.B.
.......w
w.......
##### Running: /usr/bin/time -o time_2_lvadapal_vdhankar.txt -f "%U" python3 homework.py > stulog.txt 2>&1 on lvadapal #####
##### SUCCESS: /usr/bin/time -o time_2_lvadapal_vdhankar.txt -f "%U" python3 homework.py > stulog.txt 2>&1 on lvadapal #####
##### lvadapal plays [J h2 f4] in 11.91s #####
##### Running: /usr/lib/jvm/jdk-14.0.1/bin/java -jar /lab/itti/projects/checkers-competition/server/referee.jar on run_2_lvadapal_vdhankar #####
Move is valid
##### SUCCESS: /usr/lib/jvm/jdk-14.0.1/bin/java -jar /lab/itti/projects/checkers-competition/server/referee.jar on run_2_lvadapal_vdhankar #####
INPUT for vdhankar:
GAME
BLACK
73.0250124931335
.b.b.b.b
........
.b......
....w...
.....w.b
....w...
........
w.......
##### Running: /usr/bin/time -o time_2_lvadapal_vdhankar.txt -f "%U" python3 homework.py > stulog.txt 2>&1 on vdhankar #####
child exited with value 1
##### ERROR: /usr/bin/time -o time_2_lvadapal_vdhankar.txt -f "%U" python3 homework.py > stulog.txt 2>&1 on vdhankar #####
##### Output of failed program (stdout + stderr): #####
Traceback (most recent call last):
  File "homework.py", line 546, in <module>
    print(end-start)
NameError: name 'end' is not defined
##### End of output of failed program #####
##### vdhankar plays [E h4 g3] in 35.1925117969513s #####
##### Running: /usr/lib/jvm/jdk-14.0.1/bin/java -jar /lab/itti/projects/checkers-competition/server/referee.jar on run_2_lvadapal_vdhankar #####
Move is valid
##### SUCCESS: /usr/lib/jvm/jdk-14.0.1/bin/java -jar /lab/itti/projects/checkers-competition/server/referee.jar on run_2_lvadapal_vdhankar #####
INPUT for lvadapal:
GAME
WHITE
120.68
.b.b.b.b
........
.b......
....w...
.....w..
....w.b.
........
w.......
##### Running: /usr/bin/time -o time_2_lvadapal_vdhankar.txt -f "%U" python3 homework.py > stulog.txt 2>&1 on lvadapal #####
##### SUCCESS: /usr/bin/time -o time_2_lvadapal_vdhankar.txt -f "%U" python3 homework.py > stulog.txt 2>&1 on lvadapal #####
##### lvadapal plays [E e3 d4] in 4.65s #####
##### Running: /usr/lib/jvm/jdk-14.0.1/bin/java -jar /lab/itti/projects/checkers-competition/server/referee.jar on run_2_lvadapal_vdhankar #####
Move is valid
##### SUCCESS: /usr/lib/jvm/jdk-14.0.1/bin/java -jar /lab/itti/projects/checkers-competition/server/referee.jar on run_2_lvadapal_vdhankar #####
INPUT for vdhankar:
GAME
BLACK
37.8325006961823
.b.b.b.b
........
.b......
....w...
...w.w..
......b.
........
w.......
##### Running: /usr/bin/time -o time_2_lvadapal_vdhankar.txt -f "%U" python3 homework.py > stulog.txt 2>&1 on vdhankar #####
child exited with value 1
##### ERROR: /usr/bin/time -o time_2_lvadapal_vdhankar.txt -f "%U" python3 homework.py > stulog.txt 2>&1 on vdhankar #####
##### Output of failed program (stdout + stderr): #####
Traceback (most recent call last):
  File "homework.py", line 546, in <module>
    print(end-start)
NameError: name 'end' is not defined
##### End of output of failed program #####
##### vdhankar plays [E g3 h2] in 12.7800722122192s #####
##### Running: /usr/lib/jvm/jdk-14.0.1/bin/java -jar /lab/itti/projects/checkers-competition/server/referee.jar on run_2_lvadapal_vdhankar #####
Move is valid
##### SUCCESS: /usr/lib/jvm/jdk-14.0.1/bin/java -jar /lab/itti/projects/checkers-competition/server/referee.jar on run_2_lvadapal_vdhankar #####
INPUT for lvadapal:
GAME
WHITE
116.03
.b.b.b.b
........
.b......
....w...
...w.w..
........
.......b
w.......
##### Running: /usr/bin/time -o time_2_lvadapal_vdhankar.txt -f "%U" python3 homework.py > stulog.txt 2>&1 on lvadapal #####
##### SUCCESS: /usr/bin/time -o time_2_lvadapal_vdhankar.txt -f "%U" python3 homework.py > stulog.txt 2>&1 on lvadapal #####
##### lvadapal plays [E d4 c5] in 5.13s #####
##### Running: /usr/lib/jvm/jdk-14.0.1/bin/java -jar /lab/itti/projects/checkers-competition/server/referee.jar on run_2_lvadapal_vdhankar #####
Move is valid
##### SUCCESS: /usr/lib/jvm/jdk-14.0.1/bin/java -jar /lab/itti/projects/checkers-competition/server/referee.jar on run_2_lvadapal_vdhankar #####
INPUT for vdhankar:
GAME
BLACK
25.052428483963
.b.b.b.b
........
.b......
..w.w...
.....w..
........
.......b
w.......
##### Running: /usr/bin/time -o time_2_lvadapal_vdhankar.txt -f "%U" python3 homework.py > stulog.txt 2>&1 on vdhankar #####
child exited with value 1
##### ERROR: /usr/bin/time -o time_2_lvadapal_vdhankar.txt -f "%U" python3 homework.py > stulog.txt 2>&1 on vdhankar #####
##### Output of failed program (stdout + stderr): #####
Traceback (most recent call last):
  File "homework.py", line 546, in <module>
    print(end-start)
NameError: name 'end' is not defined
##### End of output of failed program #####
##### vdhankar plays [J b6 d4] in 3.44524812698364s #####
##### Running: /usr/lib/jvm/jdk-14.0.1/bin/java -jar /lab/itti/projects/checkers-competition/server/referee.jar on run_2_lvadapal_vdhankar #####
Move is valid
##### SUCCESS: /usr/lib/jvm/jdk-14.0.1/bin/java -jar /lab/itti/projects/checkers-competition/server/referee.jar on run_2_lvadapal_vdhankar #####
INPUT for lvadapal:
GAME
WHITE
110.9
.b.b.b.b
........
........
....w...
...b.w..
........
.......b
w.......
##### Running: /usr/bin/time -o time_2_lvadapal_vdhankar.txt -f "%U" python3 homework.py > stulog.txt 2>&1 on lvadapal #####
##### SUCCESS: /usr/bin/time -o time_2_lvadapal_vdhankar.txt -f "%U" python3 homework.py > stulog.txt 2>&1 on lvadapal #####
##### lvadapal plays [E f4 g5] in 4.34s #####
##### Running: /usr/lib/jvm/jdk-14.0.1/bin/java -jar /lab/itti/projects/checkers-competition/server/referee.jar on run_2_lvadapal_vdhankar #####
Move is valid
##### SUCCESS: /usr/lib/jvm/jdk-14.0.1/bin/java -jar /lab/itti/projects/checkers-competition/server/referee.jar on run_2_lvadapal_vdhankar #####
INPUT for vdhankar:
GAME
BLACK
21.6071803569794
.b.b.b.b
........
........
....w.w.
...b....
........
.......b
w.......
##### Running: /usr/bin/time -o time_2_lvadapal_vdhankar.txt -f "%U" python3 homework.py > stulog.txt 2>&1 on vdhankar #####
child exited with value 1
##### ERROR: /usr/bin/time -o time_2_lvadapal_vdhankar.txt -f "%U" python3 homework.py > stulog.txt 2>&1 on vdhankar #####
##### Output of failed program (stdout + stderr): #####
Traceback (most recent call last):
  File "homework.py", line 546, in <module>
    print(end-start)
NameError: name 'end' is not defined
##### End of output of failed program #####
##### vdhankar plays [E h2 g1] in 0.580158948898315s #####
##### Running: /usr/lib/jvm/jdk-14.0.1/bin/java -jar /lab/itti/projects/checkers-competition/server/referee.jar on run_2_lvadapal_vdhankar #####
Move is valid
##### SUCCESS: /usr/lib/jvm/jdk-14.0.1/bin/java -jar /lab/itti/projects/checkers-competition/server/referee.jar on run_2_lvadapal_vdhankar #####
INPUT for lvadapal:
GAME
WHITE
106.56
.b.b.b.b
........
........
....w.w.
...b....
........
........
w.....B.
##### Running: /usr/bin/time -o time_2_lvadapal_vdhankar.txt -f "%U" python3 homework.py > stulog.txt 2>&1 on lvadapal #####
##### SUCCESS: /usr/bin/time -o time_2_lvadapal_vdhankar.txt -f "%U" python3 homework.py > stulog.txt 2>&1 on lvadapal #####
##### lvadapal plays [E a1 b2] in 5.61s #####
##### Running: /usr/lib/jvm/jdk-14.0.1/bin/java -jar /lab/itti/projects/checkers-competition/server/referee.jar on run_2_lvadapal_vdhankar #####
Move is valid
##### SUCCESS: /usr/lib/jvm/jdk-14.0.1/bin/java -jar /lab/itti/projects/checkers-competition/server/referee.jar on run_2_lvadapal_vdhankar #####
INPUT for vdhankar:
GAME
BLACK
21.0270214080811
.b.b.b.b
........
........
....w.w.
...b....
........
.w......
......B.
##### Running: /usr/bin/time -o time_2_lvadapal_vdhankar.txt -f "%U" python3 homework.py > stulog.txt 2>&1 on vdhankar #####
child exited with value 1
##### ERROR: /usr/bin/time -o time_2_lvadapal_vdhankar.txt -f "%U" python3 homework.py > stulog.txt 2>&1 on vdhankar #####
##### Output of failed program (stdout + stderr): #####
Traceback (most recent call last):
  File "homework.py", line 546, in <module>
    print(end-start)
NameError: name 'end' is not defined
##### End of output of failed program #####
##### vdhankar plays [E g1 h2] in 0.662960052490234s #####
##### Running: /usr/lib/jvm/jdk-14.0.1/bin/java -jar /lab/itti/projects/checkers-competition/server/referee.jar on run_2_lvadapal_vdhankar #####
Move is valid
##### SUCCESS: /usr/lib/jvm/jdk-14.0.1/bin/java -jar /lab/itti/projects/checkers-competition/server/referee.jar on run_2_lvadapal_vdhankar #####
INPUT for lvadapal:
GAME
WHITE
100.95
.b.b.b.b
........
........
....w.w.
...b....
........
.w.....B
........
##### Running: /usr/bin/time -o time_2_lvadapal_vdhankar.txt -f "%U" python3 homework.py > stulog.txt 2>&1 on lvadapal #####
##### SUCCESS: /usr/bin/time -o time_2_lvadapal_vdhankar.txt -f "%U" python3 homework.py > stulog.txt 2>&1 on lvadapal #####
##### lvadapal plays [E b2 a3] in 4.47s #####
##### Running: /usr/lib/jvm/jdk-14.0.1/bin/java -jar /lab/itti/projects/checkers-competition/server/referee.jar on run_2_lvadapal_vdhankar #####
Move is valid
##### SUCCESS: /usr/lib/jvm/jdk-14.0.1/bin/java -jar /lab/itti/projects/checkers-competition/server/referee.jar on run_2_lvadapal_vdhankar #####
INPUT for vdhankar:
GAME
BLACK
20.3640613555908
.b.b.b.b
........
........
....w.w.
...b....
w.......
.......B
........
##### Running: /usr/bin/time -o time_2_lvadapal_vdhankar.txt -f "%U" python3 homework.py > stulog.txt 2>&1 on vdhankar #####
child exited with value 1
##### ERROR: /usr/bin/time -o time_2_lvadapal_vdhankar.txt -f "%U" python3 homework.py > stulog.txt 2>&1 on vdhankar #####
##### Output of failed program (stdout + stderr): #####
Traceback (most recent call last):
  File "homework.py", line 546, in <module>
    print(end-start)
NameError: name 'end' is not defined
##### End of output of failed program #####
##### vdhankar plays [E h2 g3] in 0.7776780128479s #####
##### Running: /usr/lib/jvm/jdk-14.0.1/bin/java -jar /lab/itti/projects/checkers-competition/server/referee.jar on run_2_lvadapal_vdhankar #####
Move is valid
##### SUCCESS: /usr/lib/jvm/jdk-14.0.1/bin/java -jar /lab/itti/projects/checkers-competition/server/referee.jar on run_2_lvadapal_vdhankar #####
INPUT for lvadapal:
GAME
WHITE
96.4800000000001
.b.b.b.b
........
........
....w.w.
...b....
w.....B.
........
........
##### Running: /usr/bin/time -o time_2_lvadapal_vdhankar.txt -f "%U" python3 homework.py > stulog.txt 2>&1 on lvadapal #####
##### SUCCESS: /usr/bin/time -o time_2_lvadapal_vdhankar.txt -f "%U" python3 homework.py > stulog.txt 2>&1 on lvadapal #####
##### lvadapal plays [E e5 d6] in 4.36s #####
##### Running: /usr/lib/jvm/jdk-14.0.1/bin/java -jar /lab/itti/projects/checkers-competition/server/referee.jar on run_2_lvadapal_vdhankar #####
Move is valid
##### SUCCESS: /usr/lib/jvm/jdk-14.0.1/bin/java -jar /lab/itti/projects/checkers-competition/server/referee.jar on run_2_lvadapal_vdhankar #####
INPUT for vdhankar:
GAME
BLACK
19.5863833427429
.b.b.b.b
........
...w....
......w.
...b....
w.....B.
........
........
##### Running: /usr/bin/time -o time_2_lvadapal_vdhankar.txt -f "%U" python3 homework.py > stulog.txt 2>&1 on vdhankar #####
child exited with value 1
##### ERROR: /usr/bin/time -o time_2_lvadapal_vdhankar.txt -f "%U" python3 homework.py > stulog.txt 2>&1 on vdhankar #####
##### Output of failed program (stdout + stderr): #####
Traceback (most recent call last):
  File "homework.py", line 546, in <module>
    print(end-start)
NameError: name 'end' is not defined
##### End of output of failed program #####
##### vdhankar plays [E g3 f4] in 0.624449014663696s #####
##### Running: /usr/lib/jvm/jdk-14.0.1/bin/java -jar /lab/itti/projects/checkers-competition/server/referee.jar on run_2_lvadapal_vdhankar #####
Move is valid
##### SUCCESS: /usr/lib/jvm/jdk-14.0.1/bin/java -jar /lab/itti/projects/checkers-competition/server/referee.jar on run_2_lvadapal_vdhankar #####
INPUT for lvadapal:
GAME
WHITE
92.1200000000001
.b.b.b.b
........
...w....
......w.
...b.B..
w.......
........
........
##### Running: /usr/bin/time -o time_2_lvadapal_vdhankar.txt -f "%U" python3 homework.py > stulog.txt 2>&1 on lvadapal #####
##### SUCCESS: /usr/bin/time -o time_2_lvadapal_vdhankar.txt -f "%U" python3 homework.py > stulog.txt 2>&1 on lvadapal #####
##### lvadapal plays [E g5 h6] in 7.25s #####
##### Running: /usr/lib/jvm/jdk-14.0.1/bin/java -jar /lab/itti/projects/checkers-competition/server/referee.jar on run_2_lvadapal_vdhankar #####
Move is valid
##### SUCCESS: /usr/lib/jvm/jdk-14.0.1/bin/java -jar /lab/itti/projects/checkers-competition/server/referee.jar on run_2_lvadapal_vdhankar #####
INPUT for vdhankar:
GAME
BLACK
18.9619343280792
.b.b.b.b
........
...w...w
........
...b.B..
w.......
........
........
##### Running: /usr/bin/time -o time_2_lvadapal_vdhankar.txt -f "%U" python3 homework.py > stulog.txt 2>&1 on vdhankar #####
child exited with value 1
##### ERROR: /usr/bin/time -o time_2_lvadapal_vdhankar.txt -f "%U" python3 homework.py > stulog.txt 2>&1 on vdhankar #####
##### Output of failed program (stdout + stderr): #####
Traceback (most recent call last):
  File "homework.py", line 546, in <module>
    print(end-start)
NameError: name 'end' is not defined
##### End of output of failed program #####
##### vdhankar plays [E f4 e5] in 0.488681077957153s #####
##### Running: /usr/lib/jvm/jdk-14.0.1/bin/java -jar /lab/itti/projects/checkers-competition/server/referee.jar on run_2_lvadapal_vdhankar #####
Move is valid
##### SUCCESS: /usr/lib/jvm/jdk-14.0.1/bin/java -jar /lab/itti/projects/checkers-competition/server/referee.jar on run_2_lvadapal_vdhankar #####
INPUT for lvadapal:
GAME
WHITE
84.8700000000001
.b.b.b.b
........
...w...w
....B...
...b....
w.......
........
........
##### Running: /usr/bin/time -o time_2_lvadapal_vdhankar.txt -f "%U" python3 homework.py > stulog.txt 2>&1 on lvadapal #####
##### SUCCESS: /usr/bin/time -o time_2_lvadapal_vdhankar.txt -f "%U" python3 homework.py > stulog.txt 2>&1 on lvadapal #####
##### lvadapal plays [E h6 g7] in 2.64s #####
##### Running: /usr/lib/jvm/jdk-14.0.1/bin/java -jar /lab/itti/projects/checkers-competition/server/referee.jar on run_2_lvadapal_vdhankar #####
Move is valid
##### SUCCESS: /usr/lib/jvm/jdk-14.0.1/bin/java -jar /lab/itti/projects/checkers-competition/server/referee.jar on run_2_lvadapal_vdhankar #####
INPUT for vdhankar:
GAME
BLACK
18.4732532501221
.b.b.b.b
......w.
...w....
....B...
...b....
w.......
........
........
##### Running: /usr/bin/time -o time_2_lvadapal_vdhankar.txt -f "%U" python3 homework.py > stulog.txt 2>&1 on vdhankar #####
child exited with value 1
##### ERROR: /usr/bin/time -o time_2_lvadapal_vdhankar.txt -f "%U" python3 homework.py > stulog.txt 2>&1 on vdhankar #####
##### Output of failed program (stdout + stderr): #####
Traceback (most recent call last):
  File "homework.py", line 546, in <module>
    print(end-start)
NameError: name 'end' is not defined
##### End of output of failed program #####
##### vdhankar plays [J e5 c7] in 0.399578809738159s #####
##### Running: /usr/lib/jvm/jdk-14.0.1/bin/java -jar /lab/itti/projects/checkers-competition/server/referee.jar on run_2_lvadapal_vdhankar #####
Move is valid
##### SUCCESS: /usr/lib/jvm/jdk-14.0.1/bin/java -jar /lab/itti/projects/checkers-competition/server/referee.jar on run_2_lvadapal_vdhankar #####
INPUT for lvadapal:
GAME
WHITE
82.2300000000001
.b.b.b.b
..B...w.
........
........
...b....
w.......
........
........
##### Running: /usr/bin/time -o time_2_lvadapal_vdhankar.txt -f "%U" python3 homework.py > stulog.txt 2>&1 on lvadapal #####
##### SUCCESS: /usr/bin/time -o time_2_lvadapal_vdhankar.txt -f "%U" python3 homework.py > stulog.txt 2>&1 on lvadapal #####
##### lvadapal plays [E a3 b4] in 2.26s #####
##### Running: /usr/lib/jvm/jdk-14.0.1/bin/java -jar /lab/itti/projects/checkers-competition/server/referee.jar on run_2_lvadapal_vdhankar #####
Move is valid
##### SUCCESS: /usr/lib/jvm/jdk-14.0.1/bin/java -jar /lab/itti/projects/checkers-competition/server/referee.jar on run_2_lvadapal_vdhankar #####
INPUT for vdhankar:
GAME
BLACK
18.0736744403839
.b.b.b.b
..B...w.
........
........
.w.b....
........
........
........
##### Running: /usr/bin/time -o time_2_lvadapal_vdhankar.txt -f "%U" python3 homework.py > stulog.txt 2>&1 on vdhankar #####
child exited with value 1
##### ERROR: /usr/bin/time -o time_2_lvadapal_vdhankar.txt -f "%U" python3 homework.py > stulog.txt 2>&1 on vdhankar #####
##### Output of failed program (stdout + stderr): #####
Traceback (most recent call last):
  File "homework.py", line 546, in <module>
    print(end-start)
NameError: name 'end' is not defined
##### End of output of failed program #####
##### vdhankar plays [J h8 f6] in 0.330773115158081s #####
##### Running: /usr/lib/jvm/jdk-14.0.1/bin/java -jar /lab/itti/projects/checkers-competition/server/referee.jar on run_2_lvadapal_vdhankar #####
Move is valid
##### SUCCESS: /usr/lib/jvm/jdk-14.0.1/bin/java -jar /lab/itti/projects/checkers-competition/server/referee.jar on run_2_lvadapal_vdhankar #####
INPUT for lvadapal:
GAME
WHITE
79.9700000000001
.b.b.b..
..B.....
.....b..
........
.w.b....
........
........
........
##### Running: /usr/bin/time -o time_2_lvadapal_vdhankar.txt -f "%U" python3 homework.py > stulog.txt 2>&1 on lvadapal #####
##### SUCCESS: /usr/bin/time -o time_2_lvadapal_vdhankar.txt -f "%U" python3 homework.py > stulog.txt 2>&1 on lvadapal #####
##### lvadapal plays [E b4 a5] in 2.57s #####
##### Running: /usr/lib/jvm/jdk-14.0.1/bin/java -jar /lab/itti/projects/checkers-competition/server/referee.jar on run_2_lvadapal_vdhankar #####
Move is valid
##### SUCCESS: /usr/lib/jvm/jdk-14.0.1/bin/java -jar /lab/itti/projects/checkers-competition/server/referee.jar on run_2_lvadapal_vdhankar #####
INPUT for vdhankar:
GAME
BLACK
17.7429013252258
.b.b.b..
..B.....
.....b..
w.......
...b....
........
........
........
##### Running: /usr/bin/time -o time_2_lvadapal_vdhankar.txt -f "%U" python3 homework.py > stulog.txt 2>&1 on vdhankar #####
child exited with value 1
##### ERROR: /usr/bin/time -o time_2_lvadapal_vdhankar.txt -f "%U" python3 homework.py > stulog.txt 2>&1 on vdhankar #####
##### Output of failed program (stdout + stderr): #####
Traceback (most recent call last):
  File "homework.py", line 546, in <module>
    print(end-start)
NameError: name 'end' is not defined
##### End of output of failed program #####
##### vdhankar plays [E b8 a7] in 0.424218893051147s #####
##### Running: /usr/lib/jvm/jdk-14.0.1/bin/java -jar /lab/itti/projects/checkers-competition/server/referee.jar on run_2_lvadapal_vdhankar #####
Move is valid
##### SUCCESS: /usr/lib/jvm/jdk-14.0.1/bin/java -jar /lab/itti/projects/checkers-competition/server/referee.jar on run_2_lvadapal_vdhankar #####
INPUT for lvadapal:
GAME
WHITE
77.4000000000001
...b.b..
b.B.....
.....b..
w.......
...b....
........
........
........
##### Running: /usr/bin/time -o time_2_lvadapal_vdhankar.txt -f "%U" python3 homework.py > stulog.txt 2>&1 on lvadapal #####
##### SUCCESS: /usr/bin/time -o time_2_lvadapal_vdhankar.txt -f "%U" python3 homework.py > stulog.txt 2>&1 on lvadapal #####
##### lvadapal plays [E a5 b6] in 2.36s #####
##### Running: /usr/lib/jvm/jdk-14.0.1/bin/java -jar /lab/itti/projects/checkers-competition/server/referee.jar on run_2_lvadapal_vdhankar #####
Move is valid
##### SUCCESS: /usr/lib/jvm/jdk-14.0.1/bin/java -jar /lab/itti/projects/checkers-competition/server/referee.jar on run_2_lvadapal_vdhankar #####
INPUT for vdhankar:
GAME
BLACK
17.3186824321747
...b.b..
b.B.....
.w...b..
........
...b....
........
........
........
##### Running: /usr/bin/time -o time_2_lvadapal_vdhankar.txt -f "%U" python3 homework.py > stulog.txt 2>&1 on vdhankar #####
child exited with value 1
##### ERROR: /usr/bin/time -o time_2_lvadapal_vdhankar.txt -f "%U" python3 homework.py > stulog.txt 2>&1 on vdhankar #####
##### Output of failed program (stdout + stderr): #####
Traceback (most recent call last):
  File "homework.py", line 546, in <module>
    print(end-start)
NameError: name 'end' is not defined
##### End of output of failed program #####
##### vdhankar plays [J a7 c5] in 0.401712894439697s #####
##### Running: /usr/lib/jvm/jdk-14.0.1/bin/java -jar /lab/itti/projects/checkers-competition/server/referee.jar on run_2_lvadapal_vdhankar #####
Move is valid
After this move, player WHITE cannot make any moves
*** Winner: BLACK ***
##### SUCCESS: /usr/lib/jvm/jdk-14.0.1/bin/java -jar /lab/itti/projects/checkers-competition/server/referee.jar on run_2_lvadapal_vdhankar #####
##### GAME OVER: vdhankar wins the game! #####
Server said: WIN
########## ROUND 2 GAMESCORE AFTER GAME 2: lvadapal=1 and vdhankar=1 ##########
#################### ROUND 2: lvadapal (B) vs vdhankar (W): game 3 ####################
##### game start! #####
INPUT for lvadapal:
GAME
BLACK
300
.b.b.b.b
b.b.b.b.
.b.b.b.b
........
........
w.w.w.w.
.w.w.w.w
w.w.w.w.
##### Running: /usr/bin/time -o time_2_lvadapal_vdhankar.txt -f "%U" python3 homework.py > stulog.txt 2>&1 on lvadapal #####
##### SUCCESS: /usr/bin/time -o time_2_lvadapal_vdhankar.txt -f "%U" python3 homework.py > stulog.txt 2>&1 on lvadapal #####
##### lvadapal plays [E b6 a5] in 19.18s #####
##### Running: /usr/lib/jvm/jdk-14.0.1/bin/java -jar /lab/itti/projects/checkers-competition/server/referee.jar on run_2_lvadapal_vdhankar #####
Move is valid
Couldn't read file 'current_ply.txt'
Couldn't read content from file 'current_ply.txt'
Couldn't read file 'lastmatchange_ply.txt'
Couldn't read content from file 'lastmatchange_ply.txt'
##### SUCCESS: /usr/lib/jvm/jdk-14.0.1/bin/java -jar /lab/itti/projects/checkers-competition/server/referee.jar on run_2_lvadapal_vdhankar #####
INPUT for vdhankar:
GAME
WHITE
300
.b.b.b.b
b.b.b.b.
...b.b.b
b.......
........
w.w.w.w.
.w.w.w.w
w.w.w.w.
##### Running: /usr/bin/time -o time_2_lvadapal_vdhankar.txt -f "%U" python3 homework.py > stulog.txt 2>&1 on vdhankar #####
child exited with value 1
##### ERROR: /usr/bin/time -o time_2_lvadapal_vdhankar.txt -f "%U" python3 homework.py > stulog.txt 2>&1 on vdhankar #####
##### Output of failed program (stdout + stderr): #####
Traceback (most recent call last):
  File "homework.py", line 546, in <module>
    print(end-start)
NameError: name 'end' is not defined
##### End of output of failed program #####
##### vdhankar plays [E g3 h4] in 14.4393451213837s #####
##### Running: /usr/lib/jvm/jdk-14.0.1/bin/java -jar /lab/itti/projects/checkers-competition/server/referee.jar on run_2_lvadapal_vdhankar #####
Move is valid
##### SUCCESS: /usr/lib/jvm/jdk-14.0.1/bin/java -jar /lab/itti/projects/checkers-competition/server/referee.jar on run_2_lvadapal_vdhankar #####
INPUT for lvadapal:
GAME
BLACK
280.82
.b.b.b.b
b.b.b.b.
...b.b.b
b.......
.......w
w.w.w...
.w.w.w.w
w.w.w.w.
##### Running: /usr/bin/time -o time_2_lvadapal_vdhankar.txt -f "%U" python3 homework.py > stulog.txt 2>&1 on lvadapal #####
##### SUCCESS: /usr/bin/time -o time_2_lvadapal_vdhankar.txt -f "%U" python3 homework.py > stulog.txt 2>&1 on lvadapal #####
##### lvadapal plays [E a7 b6] in 17.18s #####
##### Running: /usr/lib/jvm/jdk-14.0.1/bin/java -jar /lab/itti/projects/checkers-competition/server/referee.jar on run_2_lvadapal_vdhankar #####
Move is valid
##### SUCCESS: /usr/lib/jvm/jdk-14.0.1/bin/java -jar /lab/itti/projects/checkers-competition/server/referee.jar on run_2_lvadapal_vdhankar #####
INPUT for vdhankar:
GAME
WHITE
285.560654878616
.b.b.b.b
..b.b.b.
.b.b.b.b
b.......
.......w
w.w.w...
.w.w.w.w
w.w.w.w.
##### Running: /usr/bin/time -o time_2_lvadapal_vdhankar.txt -f "%U" python3 homework.py > stulog.txt 2>&1 on vdhankar #####
child exited with value 1
##### ERROR: /usr/bin/time -o time_2_lvadapal_vdhankar.txt -f "%U" python3 homework.py > stulog.txt 2>&1 on vdhankar #####
##### Output of failed program (stdout + stderr): #####
Traceback (most recent call last):
  File "homework.py", line 546, in <module>
    print(end-start)
NameError: name 'end' is not defined
##### End of output of failed program #####
##### vdhankar plays [E h2 g3] in 18.2065839767456s #####
##### Running: /usr/lib/jvm/jdk-14.0.1/bin/java -jar /lab/itti/projects/checkers-competition/server/referee.jar on run_2_lvadapal_vdhankar #####
Move is valid
##### SUCCESS: /usr/lib/jvm/jdk-14.0.1/bin/java -jar /lab/itti/projects/checkers-competition/server/referee.jar on run_2_lvadapal_vdhankar #####
INPUT for lvadapal:
GAME
BLACK
263.64
.b.b.b.b
..b.b.b.
.b.b.b.b
b.......
.......w
w.w.w.w.
.w.w.w..
w.w.w.w.
##### Running: /usr/bin/time -o time_2_lvadapal_vdhankar.txt -f "%U" python3 homework.py > stulog.txt 2>&1 on lvadapal #####
##### SUCCESS: /usr/bin/time -o time_2_lvadapal_vdhankar.txt -f "%U" python3 homework.py > stulog.txt 2>&1 on lvadapal #####
##### lvadapal plays [E d6 c5] in 21.78s #####
##### Running: /usr/lib/jvm/jdk-14.0.1/bin/java -jar /lab/itti/projects/checkers-competition/server/referee.jar on run_2_lvadapal_vdhankar #####
Move is valid
##### SUCCESS: /usr/lib/jvm/jdk-14.0.1/bin/java -jar /lab/itti/projects/checkers-competition/server/referee.jar on run_2_lvadapal_vdhankar #####
INPUT for vdhankar:
GAME
WHITE
267.354070901871
.b.b.b.b
..b.b.b.
.b...b.b
b.b.....
.......w
w.w.w.w.
.w.w.w..
w.w.w.w.
##### Running: /usr/bin/time -o time_2_lvadapal_vdhankar.txt -f "%U" python3 homework.py > stulog.txt 2>&1 on vdhankar #####
child exited with value 1
##### ERROR: /usr/bin/time -o time_2_lvadapal_vdhankar.txt -f "%U" python3 homework.py > stulog.txt 2>&1 on vdhankar #####
##### Output of failed program (stdout + stderr): #####
Traceback (most recent call last):
  File "homework.py", line 546, in <module>
    print(end-start)
NameError: name 'end' is not defined
##### End of output of failed program #####
##### vdhankar plays [E g1 h2] in 8.77519583702087s #####
##### Running: /usr/lib/jvm/jdk-14.0.1/bin/java -jar /lab/itti/projects/checkers-competition/server/referee.jar on run_2_lvadapal_vdhankar #####
Move is valid
##### SUCCESS: /usr/lib/jvm/jdk-14.0.1/bin/java -jar /lab/itti/projects/checkers-competition/server/referee.jar on run_2_lvadapal_vdhankar #####
INPUT for lvadapal:
GAME
BLACK
241.86
.b.b.b.b
..b.b.b.
.b...b.b
b.b.....
.......w
w.w.w.w.
.w.w.w.w
w.w.w...
##### Running: /usr/bin/time -o time_2_lvadapal_vdhankar.txt -f "%U" python3 homework.py > stulog.txt 2>&1 on lvadapal #####
##### SUCCESS: /usr/bin/time -o time_2_lvadapal_vdhankar.txt -f "%U" python3 homework.py > stulog.txt 2>&1 on lvadapal #####
##### lvadapal plays [E c7 d6] in 12.76s #####
##### Running: /usr/lib/jvm/jdk-14.0.1/bin/java -jar /lab/itti/projects/checkers-competition/server/referee.jar on run_2_lvadapal_vdhankar #####
Move is valid
##### SUCCESS: /usr/lib/jvm/jdk-14.0.1/bin/java -jar /lab/itti/projects/checkers-competition/server/referee.jar on run_2_lvadapal_vdhankar #####
INPUT for vdhankar:
GAME
WHITE
258.57887506485
.b.b.b.b
....b.b.
.b.b.b.b
b.b.....
.......w
w.w.w.w.
.w.w.w.w
w.w.w...
##### Running: /usr/bin/time -o time_2_lvadapal_vdhankar.txt -f "%U" python3 homework.py > stulog.txt 2>&1 on vdhankar #####
child exited with value 1
##### ERROR: /usr/bin/time -o time_2_lvadapal_vdhankar.txt -f "%U" python3 homework.py > stulog.txt 2>&1 on vdhankar #####
##### Output of failed program (stdout + stderr): #####
Traceback (most recent call last):
  File "homework.py", line 546, in <module>
    print(end-start)
NameError: name 'end' is not defined
##### End of output of failed program #####
##### vdhankar plays [E c3 d4] in 6.77463579177856s #####
##### Running: /usr/lib/jvm/jdk-14.0.1/bin/java -jar /lab/itti/projects/checkers-competition/server/referee.jar on run_2_lvadapal_vdhankar #####
Move is valid
##### SUCCESS: /usr/lib/jvm/jdk-14.0.1/bin/java -jar /lab/itti/projects/checkers-competition/server/referee.jar on run_2_lvadapal_vdhankar #####
INPUT for lvadapal:
GAME
BLACK
229.1
.b.b.b.b
....b.b.
.b.b.b.b
b.b.....
...w...w
w...w.w.
.w.w.w.w
w.w.w...
##### Running: /usr/bin/time -o time_2_lvadapal_vdhankar.txt -f "%U" python3 homework.py > stulog.txt 2>&1 on lvadapal #####
##### SUCCESS: /usr/bin/time -o time_2_lvadapal_vdhankar.txt -f "%U" python3 homework.py > stulog.txt 2>&1 on lvadapal #####
##### lvadapal plays [E f6 e5] in 11.38s #####
##### Running: /usr/lib/jvm/jdk-14.0.1/bin/java -jar /lab/itti/projects/checkers-competition/server/referee.jar on run_2_lvadapal_vdhankar #####
Move is valid
##### SUCCESS: /usr/lib/jvm/jdk-14.0.1/bin/java -jar /lab/itti/projects/checkers-competition/server/referee.jar on run_2_lvadapal_vdhankar #####
INPUT for vdhankar:
GAME
WHITE
251.804239273071
.b.b.b.b
....b.b.
.b.b...b
b.b.b...
...w...w
w...w.w.
.w.w.w.w
w.w.w...
##### Running: /usr/bin/time -o time_2_lvadapal_vdhankar.txt -f "%U" python3 homework.py > stulog.txt 2>&1 on vdhankar #####
child exited with value 1
##### ERROR: /usr/bin/time -o time_2_lvadapal_vdhankar.txt -f "%U" python3 homework.py > stulog.txt 2>&1 on vdhankar #####
##### Output of failed program (stdout + stderr): #####
Traceback (most recent call last):
  File "homework.py", line 546, in <module>
    print(end-start)
NameError: name 'end' is not defined
##### End of output of failed program #####
##### vdhankar plays [J d4 f6] in 1.9365930557251s #####
##### Running: /usr/lib/jvm/jdk-14.0.1/bin/java -jar /lab/itti/projects/checkers-competition/server/referee.jar on run_2_lvadapal_vdhankar #####
Move is valid
##### SUCCESS: /usr/lib/jvm/jdk-14.0.1/bin/java -jar /lab/itti/projects/checkers-competition/server/referee.jar on run_2_lvadapal_vdhankar #####
INPUT for lvadapal:
GAME
BLACK
217.72
.b.b.b.b
....b.b.
.b.b.w.b
b.b.....
.......w
w...w.w.
.w.w.w.w
w.w.w...
##### Running: /usr/bin/time -o time_2_lvadapal_vdhankar.txt -f "%U" python3 homework.py > stulog.txt 2>&1 on lvadapal #####
##### SUCCESS: /usr/bin/time -o time_2_lvadapal_vdhankar.txt -f "%U" python3 homework.py > stulog.txt 2>&1 on lvadapal #####
##### lvadapal plays [J e7 g5] in 17.34s #####
##### Running: /usr/lib/jvm/jdk-14.0.1/bin/java -jar /lab/itti/projects/checkers-competition/server/referee.jar on run_2_lvadapal_vdhankar #####
Move is valid
##### SUCCESS: /usr/lib/jvm/jdk-14.0.1/bin/java -jar /lab/itti/projects/checkers-competition/server/referee.jar on run_2_lvadapal_vdhankar #####
INPUT for vdhankar:
GAME
WHITE
249.867646217346
.b.b.b.b
......b.
.b.b...b
b.b...b.
.......w
w...w.w.
.w.w.w.w
w.w.w...
##### Running: /usr/bin/time -o time_2_lvadapal_vdhankar.txt -f "%U" python3 homework.py > stulog.txt 2>&1 on vdhankar #####
child exited with value 1
##### ERROR: /usr/bin/time -o time_2_lvadapal_vdhankar.txt -f "%U" python3 homework.py > stulog.txt 2>&1 on vdhankar #####
##### Output of failed program (stdout + stderr): #####
Traceback (most recent call last):
  File "homework.py", line 546, in <module>
    print(end-start)
NameError: name 'end' is not defined
##### End of output of failed program #####
##### vdhankar plays [J h4 f6] in 1.54853701591492s #####
##### Running: /usr/lib/jvm/jdk-14.0.1/bin/java -jar /lab/itti/projects/checkers-competition/server/referee.jar on run_2_lvadapal_vdhankar #####
Move is valid
##### SUCCESS: /usr/lib/jvm/jdk-14.0.1/bin/java -jar /lab/itti/projects/checkers-competition/server/referee.jar on run_2_lvadapal_vdhankar #####
INPUT for lvadapal:
GAME
BLACK
200.38
.b.b.b.b
......b.
.b.b.w.b
b.b.....
........
w...w.w.
.w.w.w.w
w.w.w...
##### Running: /usr/bin/time -o time_2_lvadapal_vdhankar.txt -f "%U" python3 homework.py > stulog.txt 2>&1 on lvadapal #####
##### SUCCESS: /usr/bin/time -o time_2_lvadapal_vdhankar.txt -f "%U" python3 homework.py > stulog.txt 2>&1 on lvadapal #####
##### lvadapal plays [J g7 e5] in 11.16s #####
##### Running: /usr/lib/jvm/jdk-14.0.1/bin/java -jar /lab/itti/projects/checkers-competition/server/referee.jar on run_2_lvadapal_vdhankar #####
Move is valid
##### SUCCESS: /usr/lib/jvm/jdk-14.0.1/bin/java -jar /lab/itti/projects/checkers-competition/server/referee.jar on run_2_lvadapal_vdhankar #####
INPUT for vdhankar:
GAME
WHITE
248.319109201431
.b.b.b.b
........
.b.b...b
b.b.b...
........
w...w.w.
.w.w.w.w
w.w.w...
##### Running: /usr/bin/time -o time_2_lvadapal_vdhankar.txt -f "%U" python3 homework.py > stulog.txt 2>&1 on vdhankar #####
child exited with value 1
##### ERROR: /usr/bin/time -o time_2_lvadapal_vdhankar.txt -f "%U" python3 homework.py > stulog.txt 2>&1 on vdhankar #####
##### Output of failed program (stdout + stderr): #####
Traceback (most recent call last):
  File "homework.py", line 546, in <module>
    print(end-start)
NameError: name 'end' is not defined
##### End of output of failed program #####
##### vdhankar plays [E d2 c3] in 11.5067760944366s #####
##### Running: /usr/lib/jvm/jdk-14.0.1/bin/java -jar /lab/itti/projects/checkers-competition/server/referee.jar on run_2_lvadapal_vdhankar #####
Move is valid
##### SUCCESS: /usr/lib/jvm/jdk-14.0.1/bin/java -jar /lab/itti/projects/checkers-competition/server/referee.jar on run_2_lvadapal_vdhankar #####
INPUT for lvadapal:
GAME
BLACK
189.22
.b.b.b.b
........
.b.b...b
b.b.b...
........
w.w.w.w.
.w...w.w
w.w.w...
##### Running: /usr/bin/time -o time_2_lvadapal_vdhankar.txt -f "%U" python3 homework.py > stulog.txt 2>&1 on lvadapal #####
##### SUCCESS: /usr/bin/time -o time_2_lvadapal_vdhankar.txt -f "%U" python3 homework.py > stulog.txt 2>&1 on lvadapal #####
##### lvadapal plays [E c5 b4] in 8.91s #####
##### Running: /usr/lib/jvm/jdk-14.0.1/bin/java -jar /lab/itti/projects/checkers-competition/server/referee.jar on run_2_lvadapal_vdhankar #####
Move is valid
##### SUCCESS: /usr/lib/jvm/jdk-14.0.1/bin/java -jar /lab/itti/projects/checkers-competition/server/referee.jar on run_2_lvadapal_vdhankar #####
INPUT for vdhankar:
GAME
WHITE
236.812333106995
.b.b.b.b
........
.b.b...b
b...b...
.b......
w.w.w.w.
.w...w.w
w.w.w...
##### Running: /usr/bin/time -o time_2_lvadapal_vdhankar.txt -f "%U" python3 homework.py > stulog.txt 2>&1 on vdhankar #####
child exited with value 1
##### ERROR: /usr/bin/time -o time_2_lvadapal_vdhankar.txt -f "%U" python3 homework.py > stulog.txt 2>&1 on vdhankar #####
##### Output of failed program (stdout + stderr): #####
Traceback (most recent call last):
  File "homework.py", line 546, in <module>
    print(end-start)
NameError: name 'end' is not defined
##### End of output of failed program #####
##### vdhankar plays [J a3 c5 ; J c5 a7] in 4.25990796089172s #####
##### Running: /usr/lib/jvm/jdk-14.0.1/bin/java -jar /lab/itti/projects/checkers-competition/server/referee.jar on run_2_lvadapal_vdhankar #####
Move is valid
##### SUCCESS: /usr/lib/jvm/jdk-14.0.1/bin/java -jar /lab/itti/projects/checkers-competition/server/referee.jar on run_2_lvadapal_vdhankar #####
INPUT for lvadapal:
GAME
BLACK
180.31
.b.b.b.b
w.......
...b...b
b...b...
........
..w.w.w.
.w...w.w
w.w.w...
##### Running: /usr/bin/time -o time_2_lvadapal_vdhankar.txt -f "%U" python3 homework.py > stulog.txt 2>&1 on lvadapal #####
##### SUCCESS: /usr/bin/time -o time_2_lvadapal_vdhankar.txt -f "%U" python3 homework.py > stulog.txt 2>&1 on lvadapal #####
##### lvadapal plays [E a5 b4] in 9.7s #####
##### Running: /usr/lib/jvm/jdk-14.0.1/bin/java -jar /lab/itti/projects/checkers-competition/server/referee.jar on run_2_lvadapal_vdhankar #####
Move is valid
##### SUCCESS: /usr/lib/jvm/jdk-14.0.1/bin/java -jar /lab/itti/projects/checkers-competition/server/referee.jar on run_2_lvadapal_vdhankar #####
INPUT for vdhankar:
GAME
WHITE
232.552425146103
.b.b.b.b
w.......
...b...b
....b...
.b......
..w.w.w.
.w...w.w
w.w.w...
##### Running: /usr/bin/time -o time_2_lvadapal_vdhankar.txt -f "%U" python3 homework.py > stulog.txt 2>&1 on vdhankar #####
child exited with value 1
##### ERROR: /usr/bin/time -o time_2_lvadapal_vdhankar.txt -f "%U" python3 homework.py > stulog.txt 2>&1 on vdhankar #####
##### Output of failed program (stdout + stderr): #####
Traceback (most recent call last):
  File "homework.py", line 546, in <module>
    print(end-start)
NameError: name 'end' is not defined
##### End of output of failed program #####
##### vdhankar plays [J c3 a5] in 4.67776107788086s #####
##### Running: /usr/lib/jvm/jdk-14.0.1/bin/java -jar /lab/itti/projects/checkers-competition/server/referee.jar on run_2_lvadapal_vdhankar #####
Move is valid
##### SUCCESS: /usr/lib/jvm/jdk-14.0.1/bin/java -jar /lab/itti/projects/checkers-competition/server/referee.jar on run_2_lvadapal_vdhankar #####
INPUT for lvadapal:
GAME
BLACK
170.61
.b.b.b.b
w.......
...b...b
w...b...
........
....w.w.
.w...w.w
w.w.w...
##### Running: /usr/bin/time -o time_2_lvadapal_vdhankar.txt -f "%U" python3 homework.py > stulog.txt 2>&1 on lvadapal #####
##### SUCCESS: /usr/bin/time -o time_2_lvadapal_vdhankar.txt -f "%U" python3 homework.py > stulog.txt 2>&1 on lvadapal #####
##### lvadapal plays [E h8 g7] in 17.35s #####
##### Running: /usr/lib/jvm/jdk-14.0.1/bin/java -jar /lab/itti/projects/checkers-competition/server/referee.jar on run_2_lvadapal_vdhankar #####
Move is valid
##### SUCCESS: /usr/lib/jvm/jdk-14.0.1/bin/java -jar /lab/itti/projects/checkers-competition/server/referee.jar on run_2_lvadapal_vdhankar #####
INPUT for vdhankar:
GAME
WHITE
227.874664068222
.b.b.b..
w.....b.
...b...b
w...b...
........
....w.w.
.w...w.w
w.w.w...
##### Running: /usr/bin/time -o time_2_lvadapal_vdhankar.txt -f "%U" python3 homework.py > stulog.txt 2>&1 on vdhankar #####
child exited with value 1
##### ERROR: /usr/bin/time -o time_2_lvadapal_vdhankar.txt -f "%U" python3 homework.py > stulog.txt 2>&1 on vdhankar #####
##### Output of failed program (stdout + stderr): #####
Traceback (most recent call last):
  File "homework.py", line 546, in <module>
    print(end-start)
NameError: name 'end' is not defined
##### End of output of failed program #####
##### vdhankar plays [E b2 c3] in 27.0943560600281s #####
##### Running: /usr/lib/jvm/jdk-14.0.1/bin/java -jar /lab/itti/projects/checkers-competition/server/referee.jar on run_2_lvadapal_vdhankar #####
Move is valid
##### SUCCESS: /usr/lib/jvm/jdk-14.0.1/bin/java -jar /lab/itti/projects/checkers-competition/server/referee.jar on run_2_lvadapal_vdhankar #####
INPUT for lvadapal:
GAME
BLACK
153.26
.b.b.b..
w.....b.
...b...b
w...b...
........
..w.w.w.
.....w.w
w.w.w...
##### Running: /usr/bin/time -o time_2_lvadapal_vdhankar.txt -f "%U" python3 homework.py > stulog.txt 2>&1 on lvadapal #####
##### SUCCESS: /usr/bin/time -o time_2_lvadapal_vdhankar.txt -f "%U" python3 homework.py > stulog.txt 2>&1 on lvadapal #####
##### lvadapal plays [E g7 f6] in 6.91s #####
##### Running: /usr/lib/jvm/jdk-14.0.1/bin/java -jar /lab/itti/projects/checkers-competition/server/referee.jar on run_2_lvadapal_vdhankar #####
Move is valid
##### SUCCESS: /usr/lib/jvm/jdk-14.0.1/bin/java -jar /lab/itti/projects/checkers-competition/server/referee.jar on run_2_lvadapal_vdhankar #####
INPUT for vdhankar:
GAME
WHITE
200.780308008194
.b.b.b..
w.......
...b.b.b
w...b...
........
..w.w.w.
.....w.w
w.w.w...
##### Running: /usr/bin/time -o time_2_lvadapal_vdhankar.txt -f "%U" python3 homework.py > stulog.txt 2>&1 on vdhankar #####
child exited with value 1
##### ERROR: /usr/bin/time -o time_2_lvadapal_vdhankar.txt -f "%U" python3 homework.py > stulog.txt 2>&1 on vdhankar #####
##### Output of failed program (stdout + stderr): #####
Traceback (most recent call last):
  File "homework.py", line 546, in <module>
    print(end-start)
NameError: name 'end' is not defined
##### End of output of failed program #####
##### vdhankar plays [E c1 d2] in 40.8284089565277s #####
##### Running: /usr/lib/jvm/jdk-14.0.1/bin/java -jar /lab/itti/projects/checkers-competition/server/referee.jar on run_2_lvadapal_vdhankar #####
Move is valid
##### SUCCESS: /usr/lib/jvm/jdk-14.0.1/bin/java -jar /lab/itti/projects/checkers-competition/server/referee.jar on run_2_lvadapal_vdhankar #####
INPUT for lvadapal:
GAME
BLACK
146.35
.b.b.b..
w.......
...b.b.b
w...b...
........
..w.w.w.
...w.w.w
w...w...
##### Running: /usr/bin/time -o time_2_lvadapal_vdhankar.txt -f "%U" python3 homework.py > stulog.txt 2>&1 on lvadapal #####
##### SUCCESS: /usr/bin/time -o time_2_lvadapal_vdhankar.txt -f "%U" python3 homework.py > stulog.txt 2>&1 on lvadapal #####
##### lvadapal plays [E f6 g5] in 5.93s #####
##### Running: /usr/lib/jvm/jdk-14.0.1/bin/java -jar /lab/itti/projects/checkers-competition/server/referee.jar on run_2_lvadapal_vdhankar #####
Move is valid
##### SUCCESS: /usr/lib/jvm/jdk-14.0.1/bin/java -jar /lab/itti/projects/checkers-competition/server/referee.jar on run_2_lvadapal_vdhankar #####
INPUT for vdhankar:
GAME
WHITE
159.951899051666
.b.b.b..
w.......
...b...b
w...b.b.
........
..w.w.w.
...w.w.w
w...w...
##### Running: /usr/bin/time -o time_2_lvadapal_vdhankar.txt -f "%U" python3 homework.py > stulog.txt 2>&1 on vdhankar #####
child exited with value 1
##### ERROR: /usr/bin/time -o time_2_lvadapal_vdhankar.txt -f "%U" python3 homework.py > stulog.txt 2>&1 on vdhankar #####
##### Output of failed program (stdout + stderr): #####
Traceback (most recent call last):
  File "homework.py", line 546, in <module>
    print(end-start)
NameError: name 'end' is not defined
##### End of output of failed program #####
##### vdhankar plays [E g3 f4] in 7.48177695274353s #####
##### Running: /usr/lib/jvm/jdk-14.0.1/bin/java -jar /lab/itti/projects/checkers-competition/server/referee.jar on run_2_lvadapal_vdhankar #####
Move is valid
##### SUCCESS: /usr/lib/jvm/jdk-14.0.1/bin/java -jar /lab/itti/projects/checkers-competition/server/referee.jar on run_2_lvadapal_vdhankar #####
INPUT for lvadapal:
GAME
BLACK
140.42
.b.b.b..
w.......
...b...b
w...b.b.
.....w..
..w.w...
...w.w.w
w...w...
##### Running: /usr/bin/time -o time_2_lvadapal_vdhankar.txt -f "%U" python3 homework.py > stulog.txt 2>&1 on lvadapal #####
##### SUCCESS: /usr/bin/time -o time_2_lvadapal_vdhankar.txt -f "%U" python3 homework.py > stulog.txt 2>&1 on lvadapal #####
##### lvadapal plays [J e5 g3] in 9.06s #####
##### Running: /usr/lib/jvm/jdk-14.0.1/bin/java -jar /lab/itti/projects/checkers-competition/server/referee.jar on run_2_lvadapal_vdhankar #####
Move is valid
##### SUCCESS: /usr/lib/jvm/jdk-14.0.1/bin/java -jar /lab/itti/projects/checkers-competition/server/referee.jar on run_2_lvadapal_vdhankar #####
INPUT for vdhankar:
GAME
WHITE
152.470122098923
.b.b.b..
w.......
...b...b
w.....b.
........
..w.w.b.
...w.w.w
w...w...
##### Running: /usr/bin/time -o time_2_lvadapal_vdhankar.txt -f "%U" python3 homework.py > stulog.txt 2>&1 on vdhankar #####
child exited with value 1
##### ERROR: /usr/bin/time -o time_2_lvadapal_vdhankar.txt -f "%U" python3 homework.py > stulog.txt 2>&1 on vdhankar #####
##### Output of failed program (stdout + stderr): #####
Traceback (most recent call last):
  File "homework.py", line 546, in <module>
    print(end-start)
NameError: name 'end' is not defined
##### End of output of failed program #####
##### vdhankar plays [J f2 h4 ; J h4 f6] in 7.66161179542542s #####
##### Running: /usr/lib/jvm/jdk-14.0.1/bin/java -jar /lab/itti/projects/checkers-competition/server/referee.jar on run_2_lvadapal_vdhankar #####
Move is valid
##### SUCCESS: /usr/lib/jvm/jdk-14.0.1/bin/java -jar /lab/itti/projects/checkers-competition/server/referee.jar on run_2_lvadapal_vdhankar #####
INPUT for lvadapal:
GAME
BLACK
131.36
.b.b.b..
w.......
...b.w.b
w.......
........
..w.w...
...w...w
w...w...
##### Running: /usr/bin/time -o time_2_lvadapal_vdhankar.txt -f "%U" python3 homework.py > stulog.txt 2>&1 on lvadapal #####
##### SUCCESS: /usr/bin/time -o time_2_lvadapal_vdhankar.txt -f "%U" python3 homework.py > stulog.txt 2>&1 on lvadapal #####
##### lvadapal plays [E d6 c5] in 4.28s #####
##### Running: /usr/lib/jvm/jdk-14.0.1/bin/java -jar /lab/itti/projects/checkers-competition/server/referee.jar on run_2_lvadapal_vdhankar #####
Move is valid
##### SUCCESS: /usr/lib/jvm/jdk-14.0.1/bin/java -jar /lab/itti/projects/checkers-competition/server/referee.jar on run_2_lvadapal_vdhankar #####
INPUT for vdhankar:
GAME
WHITE
144.808510303497
.b.b.b..
w.......
.....w.b
w.b.....
........
..w.w...
...w...w
w...w...
##### Running: /usr/bin/time -o time_2_lvadapal_vdhankar.txt -f "%U" python3 homework.py > stulog.txt 2>&1 on vdhankar #####
child exited with value 1
##### ERROR: /usr/bin/time -o time_2_lvadapal_vdhankar.txt -f "%U" python3 homework.py > stulog.txt 2>&1 on vdhankar #####
##### Output of failed program (stdout + stderr): #####
Traceback (most recent call last):
  File "homework.py", line 546, in <module>
    print(end-start)
NameError: name 'end' is not defined
##### End of output of failed program #####
##### vdhankar plays [E f6 g7] in 13.167934179306s #####
##### Running: /usr/lib/jvm/jdk-14.0.1/bin/java -jar /lab/itti/projects/checkers-competition/server/referee.jar on run_2_lvadapal_vdhankar #####
Move is valid
##### SUCCESS: /usr/lib/jvm/jdk-14.0.1/bin/java -jar /lab/itti/projects/checkers-competition/server/referee.jar on run_2_lvadapal_vdhankar #####
INPUT for lvadapal:
GAME
BLACK
127.08
.b.b.b..
w.....w.
.......b
w.b.....
........
..w.w...
...w...w
w...w...
##### Running: /usr/bin/time -o time_2_lvadapal_vdhankar.txt -f "%U" python3 homework.py > stulog.txt 2>&1 on lvadapal #####
##### SUCCESS: /usr/bin/time -o time_2_lvadapal_vdhankar.txt -f "%U" python3 homework.py > stulog.txt 2>&1 on lvadapal #####
##### lvadapal plays [E c5 b4] in 10.5s #####
##### Running: /usr/lib/jvm/jdk-14.0.1/bin/java -jar /lab/itti/projects/checkers-competition/server/referee.jar on run_2_lvadapal_vdhankar #####
Move is valid
##### SUCCESS: /usr/lib/jvm/jdk-14.0.1/bin/java -jar /lab/itti/projects/checkers-competition/server/referee.jar on run_2_lvadapal_vdhankar #####
INPUT for vdhankar:
GAME
WHITE
131.640576124191
.b.b.b..
w.....w.
.......b
w.......
.b......
..w.w...
...w...w
w...w...
##### Running: /usr/bin/time -o time_2_lvadapal_vdhankar.txt -f "%U" python3 homework.py > stulog.txt 2>&1 on vdhankar #####
child exited with value 1
##### ERROR: /usr/bin/time -o time_2_lvadapal_vdhankar.txt -f "%U" python3 homework.py > stulog.txt 2>&1 on vdhankar #####
##### Output of failed program (stdout + stderr): #####
Traceback (most recent call last):
  File "homework.py", line 546, in <module>
    print(end-start)
NameError: name 'end' is not defined
##### End of output of failed program #####
##### vdhankar plays [E h2 g3] in 23.9263350963593s #####
##### Running: /usr/lib/jvm/jdk-14.0.1/bin/java -jar /lab/itti/projects/checkers-competition/server/referee.jar on run_2_lvadapal_vdhankar #####
Move is valid
##### SUCCESS: /usr/lib/jvm/jdk-14.0.1/bin/java -jar /lab/itti/projects/checkers-competition/server/referee.jar on run_2_lvadapal_vdhankar #####
INPUT for lvadapal:
GAME
BLACK
116.58
.b.b.b..
w.....w.
.......b
w.......
.b......
..w.w.w.
...w....
w...w...
##### Running: /usr/bin/time -o time_2_lvadapal_vdhankar.txt -f "%U" python3 homework.py > stulog.txt 2>&1 on lvadapal #####
##### SUCCESS: /usr/bin/time -o time_2_lvadapal_vdhankar.txt -f "%U" python3 homework.py > stulog.txt 2>&1 on lvadapal #####
##### lvadapal plays [E d8 e7] in 8.05s #####
##### Running: /usr/lib/jvm/jdk-14.0.1/bin/java -jar /lab/itti/projects/checkers-competition/server/referee.jar on run_2_lvadapal_vdhankar #####
Move is valid
##### SUCCESS: /usr/lib/jvm/jdk-14.0.1/bin/java -jar /lab/itti/projects/checkers-competition/server/referee.jar on run_2_lvadapal_vdhankar #####
INPUT for vdhankar:
GAME
WHITE
107.714241027832
.b...b..
w...b.w.
.......b
w.......
.b......
..w.w.w.
...w....
w...w...
##### Running: /usr/bin/time -o time_2_lvadapal_vdhankar.txt -f "%U" python3 homework.py > stulog.txt 2>&1 on vdhankar #####
child exited with value 1
##### ERROR: /usr/bin/time -o time_2_lvadapal_vdhankar.txt -f "%U" python3 homework.py > stulog.txt 2>&1 on vdhankar #####
##### Output of failed program (stdout + stderr): #####
Traceback (most recent call last):
  File "homework.py", line 546, in <module>
    print(end-start)
NameError: name 'end' is not defined
##### End of output of failed program #####
##### vdhankar plays [E g3 h4] in 20.0540060997009s #####
##### Running: /usr/lib/jvm/jdk-14.0.1/bin/java -jar /lab/itti/projects/checkers-competition/server/referee.jar on run_2_lvadapal_vdhankar #####
Move is valid
##### SUCCESS: /usr/lib/jvm/jdk-14.0.1/bin/java -jar /lab/itti/projects/checkers-competition/server/referee.jar on run_2_lvadapal_vdhankar #####
INPUT for lvadapal:
GAME
BLACK
108.53
.b...b..
w...b.w.
.......b
w.......
.b.....w
..w.w...
...w....
w...w...
##### Running: /usr/bin/time -o time_2_lvadapal_vdhankar.txt -f "%U" python3 homework.py > stulog.txt 2>&1 on lvadapal #####
##### SUCCESS: /usr/bin/time -o time_2_lvadapal_vdhankar.txt -f "%U" python3 homework.py > stulog.txt 2>&1 on lvadapal #####
##### lvadapal plays [E h6 g5] in 3.88s #####
##### Running: /usr/lib/jvm/jdk-14.0.1/bin/java -jar /lab/itti/projects/checkers-competition/server/referee.jar on run_2_lvadapal_vdhankar #####
Move is valid
##### SUCCESS: /usr/lib/jvm/jdk-14.0.1/bin/java -jar /lab/itti/projects/checkers-competition/server/referee.jar on run_2_lvadapal_vdhankar #####
INPUT for vdhankar:
GAME
WHITE
87.6602349281311
.b...b..
w...b.w.
........
w.....b.
.b.....w
..w.w...
...w....
w...w...
##### Running: /usr/bin/time -o time_2_lvadapal_vdhankar.txt -f "%U" python3 homework.py > stulog.txt 2>&1 on vdhankar #####
child exited with value 1
##### ERROR: /usr/bin/time -o time_2_lvadapal_vdhankar.txt -f "%U" python3 homework.py > stulog.txt 2>&1 on vdhankar #####
##### Output of failed program (stdout + stderr): #####
Traceback (most recent call last):
  File "homework.py", line 546, in <module>
    print(end-start)
NameError: name 'end' is not defined
##### End of output of failed program #####
##### vdhankar plays [J h4 f6 ; J f6 d8] in 1.12704586982727s #####
##### Running: /usr/lib/jvm/jdk-14.0.1/bin/java -jar /lab/itti/projects/checkers-competition/server/referee.jar on run_2_lvadapal_vdhankar #####
Move is valid
##### SUCCESS: /usr/lib/jvm/jdk-14.0.1/bin/java -jar /lab/itti/projects/checkers-competition/server/referee.jar on run_2_lvadapal_vdhankar #####
INPUT for lvadapal:
GAME
BLACK
104.65
.b.W.b..
w.....w.
........
w.......
.b......
..w.w...
...w....
w...w...
##### Running: /usr/bin/time -o time_2_lvadapal_vdhankar.txt -f "%U" python3 homework.py > stulog.txt 2>&1 on lvadapal #####
##### SUCCESS: /usr/bin/time -o time_2_lvadapal_vdhankar.txt -f "%U" python3 homework.py > stulog.txt 2>&1 on lvadapal #####
##### lvadapal plays [J f8 h6] in 3.96s #####
##### Running: /usr/lib/jvm/jdk-14.0.1/bin/java -jar /lab/itti/projects/checkers-competition/server/referee.jar on run_2_lvadapal_vdhankar #####
Move is valid
##### SUCCESS: /usr/lib/jvm/jdk-14.0.1/bin/java -jar /lab/itti/projects/checkers-competition/server/referee.jar on run_2_lvadapal_vdhankar #####
INPUT for vdhankar:
GAME
WHITE
86.5331890583038
.b.W....
w.......
.......b
w.......
.b......
..w.w...
...w....
w...w...
##### Running: /usr/bin/time -o time_2_lvadapal_vdhankar.txt -f "%U" python3 homework.py > stulog.txt 2>&1 on vdhankar #####
child exited with value 1
##### ERROR: /usr/bin/time -o time_2_lvadapal_vdhankar.txt -f "%U" python3 homework.py > stulog.txt 2>&1 on vdhankar #####
##### Output of failed program (stdout + stderr): #####
Traceback (most recent call last):
  File "homework.py", line 546, in <module>
    print(end-start)
NameError: name 'end' is not defined
##### End of output of failed program #####
##### vdhankar plays [E e3 f4] in 5.2779381275177s #####
##### Running: /usr/lib/jvm/jdk-14.0.1/bin/java -jar /lab/itti/projects/checkers-competition/server/referee.jar on run_2_lvadapal_vdhankar #####
Move is valid
##### SUCCESS: /usr/lib/jvm/jdk-14.0.1/bin/java -jar /lab/itti/projects/checkers-competition/server/referee.jar on run_2_lvadapal_vdhankar #####
INPUT for lvadapal:
GAME
BLACK
100.69
.b.W....
w.......
.......b
w.......
.b...w..
..w.....
...w....
w...w...
##### Running: /usr/bin/time -o time_2_lvadapal_vdhankar.txt -f "%U" python3 homework.py > stulog.txt 2>&1 on lvadapal #####
##### SUCCESS: /usr/bin/time -o time_2_lvadapal_vdhankar.txt -f "%U" python3 homework.py > stulog.txt 2>&1 on lvadapal #####
##### lvadapal plays [E b8 c7] in 12.75s #####
##### Running: /usr/lib/jvm/jdk-14.0.1/bin/java -jar /lab/itti/projects/checkers-competition/server/referee.jar on run_2_lvadapal_vdhankar #####
Move is valid
##### SUCCESS: /usr/lib/jvm/jdk-14.0.1/bin/java -jar /lab/itti/projects/checkers-competition/server/referee.jar on run_2_lvadapal_vdhankar #####
INPUT for vdhankar:
GAME
WHITE
81.2552509307861
...W....
w.b.....
.......b
w.......
.b...w..
..w.....
...w....
w...w...
##### Running: /usr/bin/time -o time_2_lvadapal_vdhankar.txt -f "%U" python3 homework.py > stulog.txt 2>&1 on vdhankar #####
child exited with value 1
##### ERROR: /usr/bin/time -o time_2_lvadapal_vdhankar.txt -f "%U" python3 homework.py > stulog.txt 2>&1 on vdhankar #####
##### Output of failed program (stdout + stderr): #####
Traceback (most recent call last):
  File "homework.py", line 546, in <module>
    print(end-start)
NameError: name 'end' is not defined
##### End of output of failed program #####
##### vdhankar plays [J d8 b6] in 0.632431030273438s #####
##### Running: /usr/lib/jvm/jdk-14.0.1/bin/java -jar /lab/itti/projects/checkers-competition/server/referee.jar on run_2_lvadapal_vdhankar #####
Move is valid
##### SUCCESS: /usr/lib/jvm/jdk-14.0.1/bin/java -jar /lab/itti/projects/checkers-competition/server/referee.jar on run_2_lvadapal_vdhankar #####
INPUT for lvadapal:
GAME
BLACK
87.94
........
w.......
.W.....b
w.......
.b...w..
..w.....
...w....
w...w...
##### Running: /usr/bin/time -o time_2_lvadapal_vdhankar.txt -f "%U" python3 homework.py > stulog.txt 2>&1 on lvadapal #####
##### SUCCESS: /usr/bin/time -o time_2_lvadapal_vdhankar.txt -f "%U" python3 homework.py > stulog.txt 2>&1 on lvadapal #####
##### lvadapal plays [E h6 g5] in 3.08s #####
##### Running: /usr/lib/jvm/jdk-14.0.1/bin/java -jar /lab/itti/projects/checkers-competition/server/referee.jar on run_2_lvadapal_vdhankar #####
Move is valid
##### SUCCESS: /usr/lib/jvm/jdk-14.0.1/bin/java -jar /lab/itti/projects/checkers-competition/server/referee.jar on run_2_lvadapal_vdhankar #####
INPUT for vdhankar:
GAME
WHITE
80.6228199005127
........
w.......
.W......
w.....b.
.b...w..
..w.....
...w....
w...w...
##### Running: /usr/bin/time -o time_2_lvadapal_vdhankar.txt -f "%U" python3 homework.py > stulog.txt 2>&1 on vdhankar #####
child exited with value 1
##### ERROR: /usr/bin/time -o time_2_lvadapal_vdhankar.txt -f "%U" python3 homework.py > stulog.txt 2>&1 on vdhankar #####
##### Output of failed program (stdout + stderr): #####
Traceback (most recent call last):
  File "homework.py", line 546, in <module>
    print(end-start)
NameError: name 'end' is not defined
##### End of output of failed program #####
##### vdhankar plays [J f4 h6] in 0.758599042892456s #####
##### Running: /usr/lib/jvm/jdk-14.0.1/bin/java -jar /lab/itti/projects/checkers-competition/server/referee.jar on run_2_lvadapal_vdhankar #####
Move is valid
##### SUCCESS: /usr/lib/jvm/jdk-14.0.1/bin/java -jar /lab/itti/projects/checkers-competition/server/referee.jar on run_2_lvadapal_vdhankar #####
INPUT for lvadapal:
GAME
BLACK
84.86
........
w.......
.W.....w
w.......
.b......
..w.....
...w....
w...w...
##### Running: /usr/bin/time -o time_2_lvadapal_vdhankar.txt -f "%U" python3 homework.py > stulog.txt 2>&1 on lvadapal #####
##### SUCCESS: /usr/bin/time -o time_2_lvadapal_vdhankar.txt -f "%U" python3 homework.py > stulog.txt 2>&1 on lvadapal #####
##### lvadapal plays [E b4 a3] in 2.92s #####
##### Running: /usr/lib/jvm/jdk-14.0.1/bin/java -jar /lab/itti/projects/checkers-competition/server/referee.jar on run_2_lvadapal_vdhankar #####
Move is valid
##### SUCCESS: /usr/lib/jvm/jdk-14.0.1/bin/java -jar /lab/itti/projects/checkers-competition/server/referee.jar on run_2_lvadapal_vdhankar #####
INPUT for vdhankar:
GAME
WHITE
79.8642208576202
........
w.......
.W.....w
w.......
........
b.w.....
...w....
w...w...
##### Running: /usr/bin/time -o time_2_lvadapal_vdhankar.txt -f "%U" python3 homework.py > stulog.txt 2>&1 on vdhankar #####
child exited with value 1
##### ERROR: /usr/bin/time -o time_2_lvadapal_vdhankar.txt -f "%U" python3 homework.py > stulog.txt 2>&1 on vdhankar #####
##### Output of failed program (stdout + stderr): #####
Traceback (most recent call last):
  File "homework.py", line 546, in <module>
    print(end-start)
NameError: name 'end' is not defined
##### End of output of failed program #####
##### vdhankar plays [E a7 b8] in 0.349145889282227s #####
##### Running: /usr/lib/jvm/jdk-14.0.1/bin/java -jar /lab/itti/projects/checkers-competition/server/referee.jar on run_2_lvadapal_vdhankar #####
Move is valid
##### SUCCESS: /usr/lib/jvm/jdk-14.0.1/bin/java -jar /lab/itti/projects/checkers-competition/server/referee.jar on run_2_lvadapal_vdhankar #####
INPUT for lvadapal:
GAME
BLACK
81.94
.W......
........
.W.....w
w.......
........
b.w.....
...w....
w...w...
##### Running: /usr/bin/time -o time_2_lvadapal_vdhankar.txt -f "%U" python3 homework.py > stulog.txt 2>&1 on lvadapal #####
##### SUCCESS: /usr/bin/time -o time_2_lvadapal_vdhankar.txt -f "%U" python3 homework.py > stulog.txt 2>&1 on lvadapal #####
##### lvadapal plays [E a3 b2] in 2.53s #####
##### Running: /usr/lib/jvm/jdk-14.0.1/bin/java -jar /lab/itti/projects/checkers-competition/server/referee.jar on run_2_lvadapal_vdhankar #####
Move is valid
##### SUCCESS: /usr/lib/jvm/jdk-14.0.1/bin/java -jar /lab/itti/projects/checkers-competition/server/referee.jar on run_2_lvadapal_vdhankar #####
INPUT for vdhankar:
GAME
WHITE
79.515074968338
.W......
........
.W.....w
w.......
........
..w.....
.b.w....
w...w...
##### Running: /usr/bin/time -o time_2_lvadapal_vdhankar.txt -f "%U" python3 homework.py > stulog.txt 2>&1 on vdhankar #####
child exited with value 1
##### ERROR: /usr/bin/time -o time_2_lvadapal_vdhankar.txt -f "%U" python3 homework.py > stulog.txt 2>&1 on vdhankar #####
##### Output of failed program (stdout + stderr): #####
Traceback (most recent call last):
  File "homework.py", line 546, in <module>
    print(end-start)
NameError: name 'end' is not defined
##### End of output of failed program #####
##### vdhankar plays [E b8 a7] in 0.713177919387817s #####
##### Running: /usr/lib/jvm/jdk-14.0.1/bin/java -jar /lab/itti/projects/checkers-competition/server/referee.jar on run_2_lvadapal_vdhankar #####
Move is valid
##### SUCCESS: /usr/lib/jvm/jdk-14.0.1/bin/java -jar /lab/itti/projects/checkers-competition/server/referee.jar on run_2_lvadapal_vdhankar #####
INPUT for lvadapal:
GAME
BLACK
79.41
........
W.......
.W.....w
w.......
........
..w.....
.b.w....
w...w...
##### Running: /usr/bin/time -o time_2_lvadapal_vdhankar.txt -f "%U" python3 homework.py > stulog.txt 2>&1 on lvadapal #####
##### SUCCESS: /usr/bin/time -o time_2_lvadapal_vdhankar.txt -f "%U" python3 homework.py > stulog.txt 2>&1 on lvadapal #####
##### lvadapal plays [E b2 c1] in 2.45s #####
##### Running: /usr/lib/jvm/jdk-14.0.1/bin/java -jar /lab/itti/projects/checkers-competition/server/referee.jar on run_2_lvadapal_vdhankar #####
Move is valid
##### SUCCESS: /usr/lib/jvm/jdk-14.0.1/bin/java -jar /lab/itti/projects/checkers-competition/server/referee.jar on run_2_lvadapal_vdhankar #####
INPUT for vdhankar:
GAME
WHITE
78.8018970489502
........
W.......
.W.....w
w.......
........
..w.....
...w....
w.B.w...
##### Running: /usr/bin/time -o time_2_lvadapal_vdhankar.txt -f "%U" python3 homework.py > stulog.txt 2>&1 on vdhankar #####
child exited with value 1
##### ERROR: /usr/bin/time -o time_2_lvadapal_vdhankar.txt -f "%U" python3 homework.py > stulog.txt 2>&1 on vdhankar #####
##### Output of failed program (stdout + stderr): #####
Traceback (most recent call last):
  File "homework.py", line 546, in <module>
    print(end-start)
NameError: name 'end' is not defined
##### End of output of failed program #####
##### vdhankar plays [E a7 b8] in 1.24604296684265s #####
##### Running: /usr/lib/jvm/jdk-14.0.1/bin/java -jar /lab/itti/projects/checkers-competition/server/referee.jar on run_2_lvadapal_vdhankar #####
Move is valid
##### SUCCESS: /usr/lib/jvm/jdk-14.0.1/bin/java -jar /lab/itti/projects/checkers-competition/server/referee.jar on run_2_lvadapal_vdhankar #####
INPUT for lvadapal:
GAME
BLACK
76.96
.W......
........
.W.....w
w.......
........
..w.....
...w....
w.B.w...
##### Running: /usr/bin/time -o time_2_lvadapal_vdhankar.txt -f "%U" python3 homework.py > stulog.txt 2>&1 on lvadapal #####
##### SUCCESS: /usr/bin/time -o time_2_lvadapal_vdhankar.txt -f "%U" python3 homework.py > stulog.txt 2>&1 on lvadapal #####
##### lvadapal plays [J c1 e3] in 3.13s #####
##### Running: /usr/lib/jvm/jdk-14.0.1/bin/java -jar /lab/itti/projects/checkers-competition/server/referee.jar on run_2_lvadapal_vdhankar #####
Move is valid
##### SUCCESS: /usr/lib/jvm/jdk-14.0.1/bin/java -jar /lab/itti/projects/checkers-competition/server/referee.jar on run_2_lvadapal_vdhankar #####
INPUT for vdhankar:
GAME
WHITE
77.5558540821075
.W......
........
.W.....w
w.......
........
..w.B...
........
w...w...
##### Running: /usr/bin/time -o time_2_lvadapal_vdhankar.txt -f "%U" python3 homework.py > stulog.txt 2>&1 on vdhankar #####
child exited with value 1
##### ERROR: /usr/bin/time -o time_2_lvadapal_vdhankar.txt -f "%U" python3 homework.py > stulog.txt 2>&1 on vdhankar #####
##### Output of failed program (stdout + stderr): #####
Traceback (most recent call last):
  File "homework.py", line 546, in <module>
    print(end-start)
NameError: name 'end' is not defined
##### End of output of failed program #####
##### vdhankar plays [E c3 d4] in 7.58987998962402s #####
##### Running: /usr/lib/jvm/jdk-14.0.1/bin/java -jar /lab/itti/projects/checkers-competition/server/referee.jar on run_2_lvadapal_vdhankar #####
Move is valid
##### SUCCESS: /usr/lib/jvm/jdk-14.0.1/bin/java -jar /lab/itti/projects/checkers-competition/server/referee.jar on run_2_lvadapal_vdhankar #####
INPUT for lvadapal:
GAME
BLACK
73.83
.W......
........
.W.....w
w.......
...w....
....B...
........
w...w...
##### Running: /usr/bin/time -o time_2_lvadapal_vdhankar.txt -f "%U" python3 homework.py > stulog.txt 2>&1 on lvadapal #####
##### SUCCESS: /usr/bin/time -o time_2_lvadapal_vdhankar.txt -f "%U" python3 homework.py > stulog.txt 2>&1 on lvadapal #####
##### lvadapal plays [J e3 c5 ; J c5 a7] in 2.44s #####
##### Running: /usr/lib/jvm/jdk-14.0.1/bin/java -jar /lab/itti/projects/checkers-competition/server/referee.jar on run_2_lvadapal_vdhankar #####
Move is valid
##### SUCCESS: /usr/lib/jvm/jdk-14.0.1/bin/java -jar /lab/itti/projects/checkers-competition/server/referee.jar on run_2_lvadapal_vdhankar #####
INPUT for vdhankar:
GAME
WHITE
69.9659740924835
.W......
B.......
.......w
w.......
........
........
........
w...w...
##### Running: /usr/bin/time -o time_2_lvadapal_vdhankar.txt -f "%U" python3 homework.py > stulog.txt 2>&1 on vdhankar #####
child exited with value 1
##### ERROR: /usr/bin/time -o time_2_lvadapal_vdhankar.txt -f "%U" python3 homework.py > stulog.txt 2>&1 on vdhankar #####
##### Output of failed program (stdout + stderr): #####
Traceback (most recent call last):
  File "homework.py", line 546, in <module>
    print(end-start)
NameError: name 'end' is not defined
##### End of output of failed program #####
##### vdhankar plays [E h6 g7] in 0.870036125183105s #####
##### Running: /usr/lib/jvm/jdk-14.0.1/bin/java -jar /lab/itti/projects/checkers-competition/server/referee.jar on run_2_lvadapal_vdhankar #####
Move is valid
##### SUCCESS: /usr/lib/jvm/jdk-14.0.1/bin/java -jar /lab/itti/projects/checkers-competition/server/referee.jar on run_2_lvadapal_vdhankar #####
INPUT for lvadapal:
GAME
BLACK
71.39
.W......
B.....w.
........
w.......
........
........
........
w...w...
##### Running: /usr/bin/time -o time_2_lvadapal_vdhankar.txt -f "%U" python3 homework.py > stulog.txt 2>&1 on lvadapal #####
##### SUCCESS: /usr/bin/time -o time_2_lvadapal_vdhankar.txt -f "%U" python3 homework.py > stulog.txt 2>&1 on lvadapal #####
##### lvadapal plays [E a7 b6] in 2.18s #####
##### Running: /usr/lib/jvm/jdk-14.0.1/bin/java -jar /lab/itti/projects/checkers-competition/server/referee.jar on run_2_lvadapal_vdhankar #####
Move is valid
##### SUCCESS: /usr/lib/jvm/jdk-14.0.1/bin/java -jar /lab/itti/projects/checkers-competition/server/referee.jar on run_2_lvadapal_vdhankar #####
INPUT for vdhankar:
GAME
WHITE
69.0959379673004
.W......
......w.
.B......
w.......
........
........
........
w...w...
##### Running: /usr/bin/time -o time_2_lvadapal_vdhankar.txt -f "%U" python3 homework.py > stulog.txt 2>&1 on vdhankar #####
child exited with value 1
##### ERROR: /usr/bin/time -o time_2_lvadapal_vdhankar.txt -f "%U" python3 homework.py > stulog.txt 2>&1 on vdhankar #####
##### Output of failed program (stdout + stderr): #####
Traceback (most recent call last):
  File "homework.py", line 546, in <module>
    print(end-start)
NameError: name 'end' is not defined
##### End of output of failed program #####
##### vdhankar plays [J a5 c7] in 0.330152988433838s #####
##### Running: /usr/lib/jvm/jdk-14.0.1/bin/java -jar /lab/itti/projects/checkers-competition/server/referee.jar on run_2_lvadapal_vdhankar #####
Move is valid
After this move, player BLACK cannot make any moves
*** Winner: WHITE ***
##### SUCCESS: /usr/lib/jvm/jdk-14.0.1/bin/java -jar /lab/itti/projects/checkers-competition/server/referee.jar on run_2_lvadapal_vdhankar #####
##### GAME OVER: vdhankar wins the game! #####
Server said: WIN
########## ROUND 2 GAMESCORE AFTER GAME 3: lvadapal=1 and vdhankar=2 ##########
#################### ROUND 2: lvadapal (W) vs vdhankar (B): game 4 ####################
##### game start! #####
INPUT for vdhankar:
GAME
BLACK
300
.b.b.b.b
b.b.b.b.
.b.b.b.b
........
........
w.w.w.w.
.w.w.w.w
w.w.w.w.
##### Running: /usr/bin/time -o time_2_lvadapal_vdhankar.txt -f "%U" python3 homework.py > stulog.txt 2>&1 on vdhankar #####
child exited with value 1
##### ERROR: /usr/bin/time -o time_2_lvadapal_vdhankar.txt -f "%U" python3 homework.py > stulog.txt 2>&1 on vdhankar #####
##### Output of failed program (stdout + stderr): #####
Traceback (most recent call last):
  File "homework.py", line 546, in <module>
    print(end-start)
NameError: name 'end' is not defined
##### End of output of failed program #####
##### vdhankar plays [E h6 g5] in 11.9204461574554s #####
##### Running: /usr/lib/jvm/jdk-14.0.1/bin/java -jar /lab/itti/projects/checkers-competition/server/referee.jar on run_2_lvadapal_vdhankar #####
Move is valid
Couldn't read file 'current_ply.txt'
Couldn't read content from file 'current_ply.txt'
Couldn't read file 'lastmatchange_ply.txt'
Couldn't read content from file 'lastmatchange_ply.txt'
##### SUCCESS: /usr/lib/jvm/jdk-14.0.1/bin/java -jar /lab/itti/projects/checkers-competition/server/referee.jar on run_2_lvadapal_vdhankar #####
INPUT for lvadapal:
GAME
WHITE
300
.b.b.b.b
b.b.b.b.
.b.b.b..
......b.
........
w.w.w.w.
.w.w.w.w
w.w.w.w.
##### Running: /usr/bin/time -o time_2_lvadapal_vdhankar.txt -f "%U" python3 homework.py > stulog.txt 2>&1 on lvadapal #####
##### SUCCESS: /usr/bin/time -o time_2_lvadapal_vdhankar.txt -f "%U" python3 homework.py > stulog.txt 2>&1 on lvadapal #####
##### lvadapal plays [E a3 b4] in 17.01s #####
##### Running: /usr/lib/jvm/jdk-14.0.1/bin/java -jar /lab/itti/projects/checkers-competition/server/referee.jar on run_2_lvadapal_vdhankar #####
Move is valid
##### SUCCESS: /usr/lib/jvm/jdk-14.0.1/bin/java -jar /lab/itti/projects/checkers-competition/server/referee.jar on run_2_lvadapal_vdhankar #####
INPUT for vdhankar:
GAME
BLACK
288.079553842545
.b.b.b.b
b.b.b.b.
.b.b.b..
......b.
.w......
..w.w.w.
.w.w.w.w
w.w.w.w.
##### Running: /usr/bin/time -o time_2_lvadapal_vdhankar.txt -f "%U" python3 homework.py > stulog.txt 2>&1 on vdhankar #####
child exited with value 1
##### ERROR: /usr/bin/time -o time_2_lvadapal_vdhankar.txt -f "%U" python3 homework.py > stulog.txt 2>&1 on vdhankar #####
##### Output of failed program (stdout + stderr): #####
Traceback (most recent call last):
  File "homework.py", line 546, in <module>
    print(end-start)
NameError: name 'end' is not defined
##### End of output of failed program #####
##### vdhankar plays [E g5 h4] in 9.48747086524963s #####
##### Running: /usr/lib/jvm/jdk-14.0.1/bin/java -jar /lab/itti/projects/checkers-competition/server/referee.jar on run_2_lvadapal_vdhankar #####
Move is valid
##### SUCCESS: /usr/lib/jvm/jdk-14.0.1/bin/java -jar /lab/itti/projects/checkers-competition/server/referee.jar on run_2_lvadapal_vdhankar #####
INPUT for lvadapal:
GAME
WHITE
282.99
.b.b.b.b
b.b.b.b.
.b.b.b..
........
.w.....b
..w.w.w.
.w.w.w.w
w.w.w.w.
##### Running: /usr/bin/time -o time_2_lvadapal_vdhankar.txt -f "%U" python3 homework.py > stulog.txt 2>&1 on lvadapal #####
##### SUCCESS: /usr/bin/time -o time_2_lvadapal_vdhankar.txt -f "%U" python3 homework.py > stulog.txt 2>&1 on lvadapal #####
##### lvadapal plays [E b2 a3] in 21.02s #####
##### Running: /usr/lib/jvm/jdk-14.0.1/bin/java -jar /lab/itti/projects/checkers-competition/server/referee.jar on run_2_lvadapal_vdhankar #####
Move is valid
##### SUCCESS: /usr/lib/jvm/jdk-14.0.1/bin/java -jar /lab/itti/projects/checkers-competition/server/referee.jar on run_2_lvadapal_vdhankar #####
INPUT for vdhankar:
GAME
BLACK
278.592082977295
.b.b.b.b
b.b.b.b.
.b.b.b..
........
.w.....b
w.w.w.w.
...w.w.w
w.w.w.w.
##### Running: /usr/bin/time -o time_2_lvadapal_vdhankar.txt -f "%U" python3 homework.py > stulog.txt 2>&1 on vdhankar #####
child exited with value 1
##### ERROR: /usr/bin/time -o time_2_lvadapal_vdhankar.txt -f "%U" python3 homework.py > stulog.txt 2>&1 on vdhankar #####
##### Output of failed program (stdout + stderr): #####
Traceback (most recent call last):
  File "homework.py", line 546, in <module>
    print(end-start)
NameError: name 'end' is not defined
##### End of output of failed program #####
##### vdhankar plays [E f6 g5] in 9.92656803131104s #####
##### Running: /usr/lib/jvm/jdk-14.0.1/bin/java -jar /lab/itti/projects/checkers-competition/server/referee.jar on run_2_lvadapal_vdhankar #####
Move is valid
##### SUCCESS: /usr/lib/jvm/jdk-14.0.1/bin/java -jar /lab/itti/projects/checkers-competition/server/referee.jar on run_2_lvadapal_vdhankar #####
INPUT for lvadapal:
GAME
WHITE
261.97
.b.b.b.b
b.b.b.b.
.b.b....
......b.
.w.....b
w.w.w.w.
...w.w.w
w.w.w.w.
##### Running: /usr/bin/time -o time_2_lvadapal_vdhankar.txt -f "%U" python3 homework.py > stulog.txt 2>&1 on lvadapal #####
##### SUCCESS: /usr/bin/time -o time_2_lvadapal_vdhankar.txt -f "%U" python3 homework.py > stulog.txt 2>&1 on lvadapal #####
##### lvadapal plays [E e3 f4] in 21.3s #####
##### Running: /usr/lib/jvm/jdk-14.0.1/bin/java -jar /lab/itti/projects/checkers-competition/server/referee.jar on run_2_lvadapal_vdhankar #####
Move is valid
##### SUCCESS: /usr/lib/jvm/jdk-14.0.1/bin/java -jar /lab/itti/projects/checkers-competition/server/referee.jar on run_2_lvadapal_vdhankar #####
INPUT for vdhankar:
GAME
BLACK
268.665514945984
.b.b.b.b
b.b.b.b.
.b.b....
......b.
.w...w.b
w.w...w.
...w.w.w
w.w.w.w.
##### Running: /usr/bin/time -o time_2_lvadapal_vdhankar.txt -f "%U" python3 homework.py > stulog.txt 2>&1 on vdhankar #####
child exited with value 1
##### ERROR: /usr/bin/time -o time_2_lvadapal_vdhankar.txt -f "%U" python3 homework.py > stulog.txt 2>&1 on vdhankar #####
##### Output of failed program (stdout + stderr): #####
Traceback (most recent call last):
  File "homework.py", line 546, in <module>
    print(end-start)
NameError: name 'end' is not defined
##### End of output of failed program #####
##### vdhankar plays [J g5 e3] in 1.99671602249146s #####
##### Running: /usr/lib/jvm/jdk-14.0.1/bin/java -jar /lab/itti/projects/checkers-competition/server/referee.jar on run_2_lvadapal_vdhankar #####
Move is valid
##### SUCCESS: /usr/lib/jvm/jdk-14.0.1/bin/java -jar /lab/itti/projects/checkers-competition/server/referee.jar on run_2_lvadapal_vdhankar #####
INPUT for lvadapal:
GAME
WHITE
240.67
.b.b.b.b
b.b.b.b.
.b.b....
........
.w.....b
w.w.b.w.
...w.w.w
w.w.w.w.
##### Running: /usr/bin/time -o time_2_lvadapal_vdhankar.txt -f "%U" python3 homework.py > stulog.txt 2>&1 on lvadapal #####
##### SUCCESS: /usr/bin/time -o time_2_lvadapal_vdhankar.txt -f "%U" python3 homework.py > stulog.txt 2>&1 on lvadapal #####
##### lvadapal plays [J d2 f4] in 8.34s #####
##### Running: /usr/lib/jvm/jdk-14.0.1/bin/java -jar /lab/itti/projects/checkers-competition/server/referee.jar on run_2_lvadapal_vdhankar #####
Move is valid
##### SUCCESS: /usr/lib/jvm/jdk-14.0.1/bin/java -jar /lab/itti/projects/checkers-competition/server/referee.jar on run_2_lvadapal_vdhankar #####
INPUT for vdhankar:
GAME
BLACK
266.668798923492
.b.b.b.b
b.b.b.b.
.b.b....
........
.w...w.b
w.w...w.
.....w.w
w.w.w.w.
##### Running: /usr/bin/time -o time_2_lvadapal_vdhankar.txt -f "%U" python3 homework.py > stulog.txt 2>&1 on vdhankar #####
child exited with value 1
##### ERROR: /usr/bin/time -o time_2_lvadapal_vdhankar.txt -f "%U" python3 homework.py > stulog.txt 2>&1 on vdhankar #####
##### Output of failed program (stdout + stderr): #####
Traceback (most recent call last):
  File "homework.py", line 546, in <module>
    print(end-start)
NameError: name 'end' is not defined
##### End of output of failed program #####
##### vdhankar plays [E d6 e5] in 10.2680628299713s #####
##### Running: /usr/lib/jvm/jdk-14.0.1/bin/java -jar /lab/itti/projects/checkers-competition/server/referee.jar on run_2_lvadapal_vdhankar #####
Move is valid
##### SUCCESS: /usr/lib/jvm/jdk-14.0.1/bin/java -jar /lab/itti/projects/checkers-competition/server/referee.jar on run_2_lvadapal_vdhankar #####
INPUT for lvadapal:
GAME
WHITE
232.33
.b.b.b.b
b.b.b.b.
.b......
....b...
.w...w.b
w.w...w.
.....w.w
w.w.w.w.
##### Running: /usr/bin/time -o time_2_lvadapal_vdhankar.txt -f "%U" python3 homework.py > stulog.txt 2>&1 on lvadapal #####
##### SUCCESS: /usr/bin/time -o time_2_lvadapal_vdhankar.txt -f "%U" python3 homework.py > stulog.txt 2>&1 on lvadapal #####
##### lvadapal plays [J f4 d6] in 12.13s #####
##### Running: /usr/lib/jvm/jdk-14.0.1/bin/java -jar /lab/itti/projects/checkers-competition/server/referee.jar on run_2_lvadapal_vdhankar #####
Move is valid
##### SUCCESS: /usr/lib/jvm/jdk-14.0.1/bin/java -jar /lab/itti/projects/checkers-competition/server/referee.jar on run_2_lvadapal_vdhankar #####
INPUT for vdhankar:
GAME
BLACK
256.400736093521
.b.b.b.b
b.b.b.b.
.b.w....
........
.w.....b
w.w...w.
.....w.w
w.w.w.w.
##### Running: /usr/bin/time -o time_2_lvadapal_vdhankar.txt -f "%U" python3 homework.py > stulog.txt 2>&1 on vdhankar #####
child exited with value 1
##### ERROR: /usr/bin/time -o time_2_lvadapal_vdhankar.txt -f "%U" python3 homework.py > stulog.txt 2>&1 on vdhankar #####
##### Output of failed program (stdout + stderr): #####
Traceback (most recent call last):
  File "homework.py", line 546, in <module>
    print(end-start)
NameError: name 'end' is not defined
##### End of output of failed program #####
##### vdhankar plays [J c7 e5] in 2.2737889289856s #####
##### Running: /usr/lib/jvm/jdk-14.0.1/bin/java -jar /lab/itti/projects/checkers-competition/server/referee.jar on run_2_lvadapal_vdhankar #####
Move is valid
##### SUCCESS: /usr/lib/jvm/jdk-14.0.1/bin/java -jar /lab/itti/projects/checkers-competition/server/referee.jar on run_2_lvadapal_vdhankar #####
INPUT for lvadapal:
GAME
WHITE
220.2
.b.b.b.b
b...b.b.
.b......
....b...
.w.....b
w.w...w.
.....w.w
w.w.w.w.
##### Running: /usr/bin/time -o time_2_lvadapal_vdhankar.txt -f "%U" python3 homework.py > stulog.txt 2>&1 on lvadapal #####
##### SUCCESS: /usr/bin/time -o time_2_lvadapal_vdhankar.txt -f "%U" python3 homework.py > stulog.txt 2>&1 on lvadapal #####
##### lvadapal plays [E g3 f4] in 15.49s #####
##### Running: /usr/lib/jvm/jdk-14.0.1/bin/java -jar /lab/itti/projects/checkers-competition/server/referee.jar on run_2_lvadapal_vdhankar #####
Move is valid
##### SUCCESS: /usr/lib/jvm/jdk-14.0.1/bin/java -jar /lab/itti/projects/checkers-competition/server/referee.jar on run_2_lvadapal_vdhankar #####
INPUT for vdhankar:
GAME
BLACK
254.126947164536
.b.b.b.b
b...b.b.
.b......
....b...
.w...w.b
w.w.....
.....w.w
w.w.w.w.
##### Running: /usr/bin/time -o time_2_lvadapal_vdhankar.txt -f "%U" python3 homework.py > stulog.txt 2>&1 on vdhankar #####
child exited with value 1
##### ERROR: /usr/bin/time -o time_2_lvadapal_vdhankar.txt -f "%U" python3 homework.py > stulog.txt 2>&1 on vdhankar #####
##### Output of failed program (stdout + stderr): #####
Traceback (most recent call last):
  File "homework.py", line 546, in <module>
    print(end-start)
NameError: name 'end' is not defined
##### End of output of failed program #####
##### vdhankar plays [J e5 g3] in 4.30192399024963s #####
##### Running: /usr/lib/jvm/jdk-14.0.1/bin/java -jar /lab/itti/projects/checkers-competition/server/referee.jar on run_2_lvadapal_vdhankar #####
Move is valid
##### SUCCESS: /usr/lib/jvm/jdk-14.0.1/bin/java -jar /lab/itti/projects/checkers-competition/server/referee.jar on run_2_lvadapal_vdhankar #####
INPUT for lvadapal:
GAME
WHITE
204.71
.b.b.b.b
b...b.b.
.b......
........
.w.....b
w.w...b.
.....w.w
w.w.w.w.
##### Running: /usr/bin/time -o time_2_lvadapal_vdhankar.txt -f "%U" python3 homework.py > stulog.txt 2>&1 on lvadapal #####
##### SUCCESS: /usr/bin/time -o time_2_lvadapal_vdhankar.txt -f "%U" python3 homework.py > stulog.txt 2>&1 on lvadapal #####
##### lvadapal plays [J h2 f4] in 24.7s #####
##### Running: /usr/lib/jvm/jdk-14.0.1/bin/java -jar /lab/itti/projects/checkers-competition/server/referee.jar on run_2_lvadapal_vdhankar #####
Move is valid
##### SUCCESS: /usr/lib/jvm/jdk-14.0.1/bin/java -jar /lab/itti/projects/checkers-competition/server/referee.jar on run_2_lvadapal_vdhankar #####
INPUT for vdhankar:
GAME
BLACK
249.825023174286
.b.b.b.b
b...b.b.
.b......
........
.w...w.b
w.w.....
.....w..
w.w.w.w.
##### Running: /usr/bin/time -o time_2_lvadapal_vdhankar.txt -f "%U" python3 homework.py > stulog.txt 2>&1 on vdhankar #####
child exited with value 1
##### ERROR: /usr/bin/time -o time_2_lvadapal_vdhankar.txt -f "%U" python3 homework.py > stulog.txt 2>&1 on vdhankar #####
##### Output of failed program (stdout + stderr): #####
Traceback (most recent call last):
  File "homework.py", line 546, in <module>
    print(end-start)
NameError: name 'end' is not defined
##### End of output of failed program #####
##### vdhankar plays [E b6 c5] in 47.6165299415588s #####
##### Running: /usr/lib/jvm/jdk-14.0.1/bin/java -jar /lab/itti/projects/checkers-competition/server/referee.jar on run_2_lvadapal_vdhankar #####
Move is valid
##### SUCCESS: /usr/lib/jvm/jdk-14.0.1/bin/java -jar /lab/itti/projects/checkers-competition/server/referee.jar on run_2_lvadapal_vdhankar #####
INPUT for lvadapal:
GAME
WHITE
180.01
.b.b.b.b
b...b.b.
........
..b.....
.w...w.b
w.w.....
.....w..
w.w.w.w.
##### Running: /usr/bin/time -o time_2_lvadapal_vdhankar.txt -f "%U" python3 homework.py > stulog.txt 2>&1 on lvadapal #####
##### SUCCESS: /usr/bin/time -o time_2_lvadapal_vdhankar.txt -f "%U" python3 homework.py > stulog.txt 2>&1 on lvadapal #####
##### lvadapal plays [J b4 d6] in 13.15s #####
##### Running: /usr/lib/jvm/jdk-14.0.1/bin/java -jar /lab/itti/projects/checkers-competition/server/referee.jar on run_2_lvadapal_vdhankar #####
Move is valid
##### SUCCESS: /usr/lib/jvm/jdk-14.0.1/bin/java -jar /lab/itti/projects/checkers-competition/server/referee.jar on run_2_lvadapal_vdhankar #####
INPUT for vdhankar:
GAME
BLACK
202.208493232727
.b.b.b.b
b...b.b.
...w....
........
.....w.b
w.w.....
.....w..
w.w.w.w.
##### Running: /usr/bin/time -o time_2_lvadapal_vdhankar.txt -f "%U" python3 homework.py > stulog.txt 2>&1 on vdhankar #####
child exited with value 1
##### ERROR: /usr/bin/time -o time_2_lvadapal_vdhankar.txt -f "%U" python3 homework.py > stulog.txt 2>&1 on vdhankar #####
##### Output of failed program (stdout + stderr): #####
Traceback (most recent call last):
  File "homework.py", line 546, in <module>
    print(end-start)
NameError: name 'end' is not defined
##### End of output of failed program #####
##### vdhankar plays [J e7 c5] in 9.0922679901123s #####
##### Running: /usr/lib/jvm/jdk-14.0.1/bin/java -jar /lab/itti/projects/checkers-competition/server/referee.jar on run_2_lvadapal_vdhankar #####
Move is valid
##### SUCCESS: /usr/lib/jvm/jdk-14.0.1/bin/java -jar /lab/itti/projects/checkers-competition/server/referee.jar on run_2_lvadapal_vdhankar #####
INPUT for lvadapal:
GAME
WHITE
166.86
.b.b.b.b
b.....b.
........
..b.....
.....w.b
w.w.....
.....w..
w.w.w.w.
##### Running: /usr/bin/time -o time_2_lvadapal_vdhankar.txt -f "%U" python3 homework.py > stulog.txt 2>&1 on lvadapal #####
##### SUCCESS: /usr/bin/time -o time_2_lvadapal_vdhankar.txt -f "%U" python3 homework.py > stulog.txt 2>&1 on lvadapal #####
##### lvadapal plays [E a3 b4] in 12.59s #####
##### Running: /usr/lib/jvm/jdk-14.0.1/bin/java -jar /lab/itti/projects/checkers-competition/server/referee.jar on run_2_lvadapal_vdhankar #####
Move is valid
##### SUCCESS: /usr/lib/jvm/jdk-14.0.1/bin/java -jar /lab/itti/projects/checkers-competition/server/referee.jar on run_2_lvadapal_vdhankar #####
INPUT for vdhankar:
GAME
BLACK
193.116225242615
.b.b.b.b
b.....b.
........
..b.....
.w...w.b
..w.....
.....w..
w.w.w.w.
##### Running: /usr/bin/time -o time_2_lvadapal_vdhankar.txt -f "%U" python3 homework.py > stulog.txt 2>&1 on vdhankar #####
child exited with value 1
##### ERROR: /usr/bin/time -o time_2_lvadapal_vdhankar.txt -f "%U" python3 homework.py > stulog.txt 2>&1 on vdhankar #####
##### Output of failed program (stdout + stderr): #####
Traceback (most recent call last):
  File "homework.py", line 546, in <module>
    print(end-start)
NameError: name 'end' is not defined
##### End of output of failed program #####
##### vdhankar plays [J c5 a3] in 23.7487080097198s #####
##### Running: /usr/lib/jvm/jdk-14.0.1/bin/java -jar /lab/itti/projects/checkers-competition/server/referee.jar on run_2_lvadapal_vdhankar #####
Move is valid
##### SUCCESS: /usr/lib/jvm/jdk-14.0.1/bin/java -jar /lab/itti/projects/checkers-competition/server/referee.jar on run_2_lvadapal_vdhankar #####
INPUT for lvadapal:
GAME
WHITE
154.27
.b.b.b.b
b.....b.
........
........
.....w.b
b.w.....
.....w..
w.w.w.w.
##### Running: /usr/bin/time -o time_2_lvadapal_vdhankar.txt -f "%U" python3 homework.py > stulog.txt 2>&1 on lvadapal #####
##### SUCCESS: /usr/bin/time -o time_2_lvadapal_vdhankar.txt -f "%U" python3 homework.py > stulog.txt 2>&1 on lvadapal #####
##### lvadapal plays [E f4 e5] in 6.88s #####
##### Running: /usr/lib/jvm/jdk-14.0.1/bin/java -jar /lab/itti/projects/checkers-competition/server/referee.jar on run_2_lvadapal_vdhankar #####
Move is valid
##### SUCCESS: /usr/lib/jvm/jdk-14.0.1/bin/java -jar /lab/itti/projects/checkers-competition/server/referee.jar on run_2_lvadapal_vdhankar #####
INPUT for vdhankar:
GAME
BLACK
169.367517232895
.b.b.b.b
b.....b.
........
....w...
.......b
b.w.....
.....w..
w.w.w.w.
##### Running: /usr/bin/time -o time_2_lvadapal_vdhankar.txt -f "%U" python3 homework.py > stulog.txt 2>&1 on vdhankar #####
child exited with value 1
##### ERROR: /usr/bin/time -o time_2_lvadapal_vdhankar.txt -f "%U" python3 homework.py > stulog.txt 2>&1 on vdhankar #####
##### Output of failed program (stdout + stderr): #####
Traceback (most recent call last):
  File "homework.py", line 546, in <module>
    print(end-start)
NameError: name 'end' is not defined
##### End of output of failed program #####
##### vdhankar plays [E g7 f6] in 35.0395359992981s #####
##### Running: /usr/lib/jvm/jdk-14.0.1/bin/java -jar /lab/itti/projects/checkers-competition/server/referee.jar on run_2_lvadapal_vdhankar #####
Move is valid
##### SUCCESS: /usr/lib/jvm/jdk-14.0.1/bin/java -jar /lab/itti/projects/checkers-competition/server/referee.jar on run_2_lvadapal_vdhankar #####
INPUT for lvadapal:
GAME
WHITE
147.39
.b.b.b.b
b.......
.....b..
....w...
.......b
b.w.....
.....w..
w.w.w.w.
##### Running: /usr/bin/time -o time_2_lvadapal_vdhankar.txt -f "%U" python3 homework.py > stulog.txt 2>&1 on lvadapal #####
##### SUCCESS: /usr/bin/time -o time_2_lvadapal_vdhankar.txt -f "%U" python3 homework.py > stulog.txt 2>&1 on lvadapal #####
##### lvadapal plays [J e5 g7] in 32.77s #####
##### Running: /usr/lib/jvm/jdk-14.0.1/bin/java -jar /lab/itti/projects/checkers-competition/server/referee.jar on run_2_lvadapal_vdhankar #####
Move is valid
##### SUCCESS: /usr/lib/jvm/jdk-14.0.1/bin/java -jar /lab/itti/projects/checkers-competition/server/referee.jar on run_2_lvadapal_vdhankar #####
INPUT for vdhankar:
GAME
BLACK
134.327981233597
.b.b.b.b
b.....w.
........
........
.......b
b.w.....
.....w..
w.w.w.w.
##### Running: /usr/bin/time -o time_2_lvadapal_vdhankar.txt -f "%U" python3 homework.py > stulog.txt 2>&1 on vdhankar #####
child exited with value 1
##### ERROR: /usr/bin/time -o time_2_lvadapal_vdhankar.txt -f "%U" python3 homework.py > stulog.txt 2>&1 on vdhankar #####
##### Output of failed program (stdout + stderr): #####
Traceback (most recent call last):
  File "homework.py", line 546, in <module>
    print(end-start)
NameError: name 'end' is not defined
##### End of output of failed program #####
##### vdhankar plays [J h8 f6] in 10.4976871013641s #####
##### Running: /usr/lib/jvm/jdk-14.0.1/bin/java -jar /lab/itti/projects/checkers-competition/server/referee.jar on run_2_lvadapal_vdhankar #####
Move is valid
##### SUCCESS: /usr/lib/jvm/jdk-14.0.1/bin/java -jar /lab/itti/projects/checkers-competition/server/referee.jar on run_2_lvadapal_vdhankar #####
INPUT for lvadapal:
GAME
WHITE
114.62
.b.b.b..
b.......
.....b..
........
.......b
b.w.....
.....w..
w.w.w.w.
##### Running: /usr/bin/time -o time_2_lvadapal_vdhankar.txt -f "%U" python3 homework.py > stulog.txt 2>&1 on lvadapal #####
##### SUCCESS: /usr/bin/time -o time_2_lvadapal_vdhankar.txt -f "%U" python3 homework.py > stulog.txt 2>&1 on lvadapal #####
##### lvadapal plays [E c1 b2] in 21.04s #####
##### Running: /usr/lib/jvm/jdk-14.0.1/bin/java -jar /lab/itti/projects/checkers-competition/server/referee.jar on run_2_lvadapal_vdhankar #####
Move is valid
##### SUCCESS: /usr/lib/jvm/jdk-14.0.1/bin/java -jar /lab/itti/projects/checkers-competition/server/referee.jar on run_2_lvadapal_vdhankar #####
INPUT for vdhankar:
GAME
BLACK
123.830294132233
.b.b.b..
b.......
.....b..
........
.......b
b.w.....
.w...w..
w...w.w.
##### Running: /usr/bin/time -o time_2_lvadapal_vdhankar.txt -f "%U" python3 homework.py > stulog.txt 2>&1 on vdhankar #####
child exited with value 1
##### ERROR: /usr/bin/time -o time_2_lvadapal_vdhankar.txt -f "%U" python3 homework.py > stulog.txt 2>&1 on vdhankar #####
##### Output of failed program (stdout + stderr): #####
Traceback (most recent call last):
  File "homework.py", line 546, in <module>
    print(end-start)
NameError: name 'end' is not defined
##### End of output of failed program #####
##### vdhankar plays [J a3 c1] in 2.29445004463196s #####
##### Running: /usr/lib/jvm/jdk-14.0.1/bin/java -jar /lab/itti/projects/checkers-competition/server/referee.jar on run_2_lvadapal_vdhankar #####
Move is valid
##### SUCCESS: /usr/lib/jvm/jdk-14.0.1/bin/java -jar /lab/itti/projects/checkers-competition/server/referee.jar on run_2_lvadapal_vdhankar #####
INPUT for lvadapal:
GAME
WHITE
93.58
.b.b.b..
b.......
.....b..
........
.......b
..w.....
.....w..
w.B.w.w.
##### Running: /usr/bin/time -o time_2_lvadapal_vdhankar.txt -f "%U" python3 homework.py > stulog.txt 2>&1 on lvadapal #####
##### SUCCESS: /usr/bin/time -o time_2_lvadapal_vdhankar.txt -f "%U" python3 homework.py > stulog.txt 2>&1 on lvadapal #####
##### lvadapal plays [E a1 b2] in 10.49s #####
##### Running: /usr/lib/jvm/jdk-14.0.1/bin/java -jar /lab/itti/projects/checkers-competition/server/referee.jar on run_2_lvadapal_vdhankar #####
Move is valid
##### SUCCESS: /usr/lib/jvm/jdk-14.0.1/bin/java -jar /lab/itti/projects/checkers-competition/server/referee.jar on run_2_lvadapal_vdhankar #####
INPUT for vdhankar:
GAME
BLACK
121.535844087601
.b.b.b..
b.......
.....b..
........
.......b
..w.....
.w...w..
..B.w.w.
##### Running: /usr/bin/time -o time_2_lvadapal_vdhankar.txt -f "%U" python3 homework.py > stulog.txt 2>&1 on vdhankar #####
child exited with value 1
##### ERROR: /usr/bin/time -o time_2_lvadapal_vdhankar.txt -f "%U" python3 homework.py > stulog.txt 2>&1 on vdhankar #####
##### Output of failed program (stdout + stderr): #####
Traceback (most recent call last):
  File "homework.py", line 546, in <module>
    print(end-start)
NameError: name 'end' is not defined
##### End of output of failed program #####
##### vdhankar plays [J c1 a3] in 4.61255502700806s #####
##### Running: /usr/lib/jvm/jdk-14.0.1/bin/java -jar /lab/itti/projects/checkers-competition/server/referee.jar on run_2_lvadapal_vdhankar #####
Move is valid
##### SUCCESS: /usr/lib/jvm/jdk-14.0.1/bin/java -jar /lab/itti/projects/checkers-competition/server/referee.jar on run_2_lvadapal_vdhankar #####
INPUT for lvadapal:
GAME
WHITE
83.09
.b.b.b..
b.......
.....b..
........
.......b
B.w.....
.....w..
....w.w.
##### Running: /usr/bin/time -o time_2_lvadapal_vdhankar.txt -f "%U" python3 homework.py > stulog.txt 2>&1 on lvadapal #####
##### SUCCESS: /usr/bin/time -o time_2_lvadapal_vdhankar.txt -f "%U" python3 homework.py > stulog.txt 2>&1 on lvadapal #####
##### lvadapal plays [E c3 d4] in 20.86s #####
##### Running: /usr/lib/jvm/jdk-14.0.1/bin/java -jar /lab/itti/projects/checkers-competition/server/referee.jar on run_2_lvadapal_vdhankar #####
Move is valid
##### SUCCESS: /usr/lib/jvm/jdk-14.0.1/bin/java -jar /lab/itti/projects/checkers-competition/server/referee.jar on run_2_lvadapal_vdhankar #####
INPUT for vdhankar:
GAME
BLACK
116.923289060593
.b.b.b..
b.......
.....b..
........
...w...b
B.......
.....w..
....w.w.
##### Running: /usr/bin/time -o time_2_lvadapal_vdhankar.txt -f "%U" python3 homework.py > stulog.txt 2>&1 on vdhankar #####
child exited with value 1
##### ERROR: /usr/bin/time -o time_2_lvadapal_vdhankar.txt -f "%U" python3 homework.py > stulog.txt 2>&1 on vdhankar #####
##### Output of failed program (stdout + stderr): #####
Traceback (most recent call last):
  File "homework.py", line 546, in <module>
    print(end-start)
NameError: name 'end' is not defined
##### End of output of failed program #####
##### vdhankar plays [E a3 b4] in 20.0835099220276s #####
##### Running: /usr/lib/jvm/jdk-14.0.1/bin/java -jar /lab/itti/projects/checkers-competition/server/referee.jar on run_2_lvadapal_vdhankar #####
Move is valid
##### SUCCESS: /usr/lib/jvm/jdk-14.0.1/bin/java -jar /lab/itti/projects/checkers-competition/server/referee.jar on run_2_lvadapal_vdhankar #####
INPUT for lvadapal:
GAME
WHITE
62.23
.b.b.b..
b.......
.....b..
........
.B.w...b
........
.....w..
....w.w.
##### Running: /usr/bin/time -o time_2_lvadapal_vdhankar.txt -f "%U" python3 homework.py > stulog.txt 2>&1 on lvadapal #####
##### SUCCESS: /usr/bin/time -o time_2_lvadapal_vdhankar.txt -f "%U" python3 homework.py > stulog.txt 2>&1 on lvadapal #####
##### lvadapal plays [E f2 e3] in 16.94s #####
##### Running: /usr/lib/jvm/jdk-14.0.1/bin/java -jar /lab/itti/projects/checkers-competition/server/referee.jar on run_2_lvadapal_vdhankar #####
Move is valid
##### SUCCESS: /usr/lib/jvm/jdk-14.0.1/bin/java -jar /lab/itti/projects/checkers-competition/server/referee.jar on run_2_lvadapal_vdhankar #####
INPUT for vdhankar:
GAME
BLACK
96.8397791385651
.b.b.b..
b.......
.....b..
........
.B.w...b
....w...
........
....w.w.
##### Running: /usr/bin/time -o time_2_lvadapal_vdhankar.txt -f "%U" python3 homework.py > stulog.txt 2>&1 on vdhankar #####
child exited with value 1
##### ERROR: /usr/bin/time -o time_2_lvadapal_vdhankar.txt -f "%U" python3 homework.py > stulog.txt 2>&1 on vdhankar #####
##### Output of failed program (stdout + stderr): #####
Traceback (most recent call last):
  File "homework.py", line 546, in <module>
    print(end-start)
NameError: name 'end' is not defined
##### End of output of failed program #####
##### vdhankar plays [E b4 c3] in 15.8681101799011s #####
##### Running: /usr/lib/jvm/jdk-14.0.1/bin/java -jar /lab/itti/projects/checkers-competition/server/referee.jar on run_2_lvadapal_vdhankar #####
Move is valid
##### SUCCESS: /usr/lib/jvm/jdk-14.0.1/bin/java -jar /lab/itti/projects/checkers-competition/server/referee.jar on run_2_lvadapal_vdhankar #####
INPUT for lvadapal:
GAME
WHITE
45.29
.b.b.b..
b.......
.....b..
........
...w...b
..B.w...
........
....w.w.
##### Running: /usr/bin/time -o time_2_lvadapal_vdhankar.txt -f "%U" python3 homework.py > stulog.txt 2>&1 on lvadapal #####
##### SUCCESS: /usr/bin/time -o time_2_lvadapal_vdhankar.txt -f "%U" python3 homework.py > stulog.txt 2>&1 on lvadapal #####
##### lvadapal plays [E g1 h2] in 7.56s #####
##### Running: /usr/lib/jvm/jdk-14.0.1/bin/java -jar /lab/itti/projects/checkers-competition/server/referee.jar on run_2_lvadapal_vdhankar #####
Move is valid
##### SUCCESS: /usr/lib/jvm/jdk-14.0.1/bin/java -jar /lab/itti/projects/checkers-competition/server/referee.jar on run_2_lvadapal_vdhankar #####
INPUT for vdhankar:
GAME
BLACK
80.9716689586639
.b.b.b..
b.......
.....b..
........
...w...b
..B.w...
.......w
....w...
##### Running: /usr/bin/time -o time_2_lvadapal_vdhankar.txt -f "%U" python3 homework.py > stulog.txt 2>&1 on vdhankar #####
child exited with value 1
##### ERROR: /usr/bin/time -o time_2_lvadapal_vdhankar.txt -f "%U" python3 homework.py > stulog.txt 2>&1 on vdhankar #####
##### Output of failed program (stdout + stderr): #####
Traceback (most recent call last):
  File "homework.py", line 546, in <module>
    print(end-start)
NameError: name 'end' is not defined
##### End of output of failed program #####
##### vdhankar plays [J c3 e5] in 0.353498935699463s #####
##### Running: /usr/lib/jvm/jdk-14.0.1/bin/java -jar /lab/itti/projects/checkers-competition/server/referee.jar on run_2_lvadapal_vdhankar #####
Move is valid
##### SUCCESS: /usr/lib/jvm/jdk-14.0.1/bin/java -jar /lab/itti/projects/checkers-competition/server/referee.jar on run_2_lvadapal_vdhankar #####
INPUT for lvadapal:
GAME
WHITE
37.73
.b.b.b..
b.......
.....b..
....B...
.......b
....w...
.......w
....w...
##### Running: /usr/bin/time -o time_2_lvadapal_vdhankar.txt -f "%U" python3 homework.py > stulog.txt 2>&1 on lvadapal #####
##### SUCCESS: /usr/bin/time -o time_2_lvadapal_vdhankar.txt -f "%U" python3 homework.py > stulog.txt 2>&1 on lvadapal #####
##### lvadapal plays [E e3 f4] in 1.75s #####
##### Running: /usr/lib/jvm/jdk-14.0.1/bin/java -jar /lab/itti/projects/checkers-competition/server/referee.jar on run_2_lvadapal_vdhankar #####
Move is valid
##### SUCCESS: /usr/lib/jvm/jdk-14.0.1/bin/java -jar /lab/itti/projects/checkers-competition/server/referee.jar on run_2_lvadapal_vdhankar #####
INPUT for vdhankar:
GAME
BLACK
80.6181700229645
.b.b.b..
b.......
.....b..
....B...
.....w.b
........
.......w
....w...
##### Running: /usr/bin/time -o time_2_lvadapal_vdhankar.txt -f "%U" python3 homework.py > stulog.txt 2>&1 on vdhankar #####
child exited with value 1
##### ERROR: /usr/bin/time -o time_2_lvadapal_vdhankar.txt -f "%U" python3 homework.py > stulog.txt 2>&1 on vdhankar #####
##### Output of failed program (stdout + stderr): #####
Traceback (most recent call last):
  File "homework.py", line 546, in <module>
    print(end-start)
NameError: name 'end' is not defined
##### End of output of failed program #####
##### vdhankar plays [J e5 g3] in 0.525438785552979s #####
##### Running: /usr/lib/jvm/jdk-14.0.1/bin/java -jar /lab/itti/projects/checkers-competition/server/referee.jar on run_2_lvadapal_vdhankar #####
Move is valid
##### SUCCESS: /usr/lib/jvm/jdk-14.0.1/bin/java -jar /lab/itti/projects/checkers-competition/server/referee.jar on run_2_lvadapal_vdhankar #####
INPUT for lvadapal:
GAME
WHITE
35.98
.b.b.b..
b.......
.....b..
........
.......b
......B.
.......w
....w...
##### Running: /usr/bin/time -o time_2_lvadapal_vdhankar.txt -f "%U" python3 homework.py > stulog.txt 2>&1 on lvadapal #####
##### SUCCESS: /usr/bin/time -o time_2_lvadapal_vdhankar.txt -f "%U" python3 homework.py > stulog.txt 2>&1 on lvadapal #####
##### lvadapal plays [J h2 f4] in 2.23s #####
##### Running: /usr/lib/jvm/jdk-14.0.1/bin/java -jar /lab/itti/projects/checkers-competition/server/referee.jar on run_2_lvadapal_vdhankar #####
Move is valid
##### SUCCESS: /usr/lib/jvm/jdk-14.0.1/bin/java -jar /lab/itti/projects/checkers-competition/server/referee.jar on run_2_lvadapal_vdhankar #####
INPUT for vdhankar:
GAME
BLACK
80.0927312374115
.b.b.b..
b.......
.....b..
........
.....w.b
........
........
....w...
##### Running: /usr/bin/time -o time_2_lvadapal_vdhankar.txt -f "%U" python3 homework.py > stulog.txt 2>&1 on vdhankar #####
child exited with value 1
##### ERROR: /usr/bin/time -o time_2_lvadapal_vdhankar.txt -f "%U" python3 homework.py > stulog.txt 2>&1 on vdhankar #####
##### Output of failed program (stdout + stderr): #####
Traceback (most recent call last):
  File "homework.py", line 546, in <module>
    print(end-start)
NameError: name 'end' is not defined
##### End of output of failed program #####
##### vdhankar plays [E h4 g3] in 5.23504686355591s #####
##### Running: /usr/lib/jvm/jdk-14.0.1/bin/java -jar /lab/itti/projects/checkers-competition/server/referee.jar on run_2_lvadapal_vdhankar #####
Move is valid
##### SUCCESS: /usr/lib/jvm/jdk-14.0.1/bin/java -jar /lab/itti/projects/checkers-competition/server/referee.jar on run_2_lvadapal_vdhankar #####
INPUT for lvadapal:
GAME
WHITE
33.75
.b.b.b..
b.......
.....b..
........
.....w..
......b.
........
....w...
##### Running: /usr/bin/time -o time_2_lvadapal_vdhankar.txt -f "%U" python3 homework.py > stulog.txt 2>&1 on lvadapal #####
##### SUCCESS: /usr/bin/time -o time_2_lvadapal_vdhankar.txt -f "%U" python3 homework.py > stulog.txt 2>&1 on lvadapal #####
##### lvadapal plays [E e1 d2] in 2.11s #####
##### Running: /usr/lib/jvm/jdk-14.0.1/bin/java -jar /lab/itti/projects/checkers-competition/server/referee.jar on run_2_lvadapal_vdhankar #####
Move is valid
##### SUCCESS: /usr/lib/jvm/jdk-14.0.1/bin/java -jar /lab/itti/projects/checkers-competition/server/referee.jar on run_2_lvadapal_vdhankar #####
INPUT for vdhankar:
GAME
BLACK
74.8576843738556
.b.b.b..
b.......
.....b..
........
.....w..
......b.
...w....
........
##### Running: /usr/bin/time -o time_2_lvadapal_vdhankar.txt -f "%U" python3 homework.py > stulog.txt 2>&1 on vdhankar #####
child exited with value 1
##### ERROR: /usr/bin/time -o time_2_lvadapal_vdhankar.txt -f "%U" python3 homework.py > stulog.txt 2>&1 on vdhankar #####
##### Output of failed program (stdout + stderr): #####
Traceback (most recent call last):
  File "homework.py", line 546, in <module>
    print(end-start)
NameError: name 'end' is not defined
##### End of output of failed program #####
##### vdhankar plays [E a7 b6] in 2.75870299339294s #####
##### Running: /usr/lib/jvm/jdk-14.0.1/bin/java -jar /lab/itti/projects/checkers-competition/server/referee.jar on run_2_lvadapal_vdhankar #####
Move is valid
##### SUCCESS: /usr/lib/jvm/jdk-14.0.1/bin/java -jar /lab/itti/projects/checkers-competition/server/referee.jar on run_2_lvadapal_vdhankar #####
INPUT for lvadapal:
GAME
WHITE
31.64
.b.b.b..
........
.b...b..
........
.....w..
......b.
...w....
........
##### Running: /usr/bin/time -o time_2_lvadapal_vdhankar.txt -f "%U" python3 homework.py > stulog.txt 2>&1 on lvadapal #####
##### SUCCESS: /usr/bin/time -o time_2_lvadapal_vdhankar.txt -f "%U" python3 homework.py > stulog.txt 2>&1 on lvadapal #####
##### lvadapal plays [E f4 e5] in 2.43s #####
##### Running: /usr/lib/jvm/jdk-14.0.1/bin/java -jar /lab/itti/projects/checkers-competition/server/referee.jar on run_2_lvadapal_vdhankar #####
Move is valid
##### SUCCESS: /usr/lib/jvm/jdk-14.0.1/bin/java -jar /lab/itti/projects/checkers-competition/server/referee.jar on run_2_lvadapal_vdhankar #####
INPUT for vdhankar:
GAME
BLACK
72.0989813804626
.b.b.b..
........
.b...b..
....w...
........
......b.
...w....
........
##### Running: /usr/bin/time -o time_2_lvadapal_vdhankar.txt -f "%U" python3 homework.py > stulog.txt 2>&1 on vdhankar #####
child exited with value 1
##### ERROR: /usr/bin/time -o time_2_lvadapal_vdhankar.txt -f "%U" python3 homework.py > stulog.txt 2>&1 on vdhankar #####
##### Output of failed program (stdout + stderr): #####
Traceback (most recent call last):
  File "homework.py", line 546, in <module>
    print(end-start)
NameError: name 'end' is not defined
##### End of output of failed program #####
##### vdhankar plays [J f6 d4] in 0.219856023788452s #####
##### Running: /usr/lib/jvm/jdk-14.0.1/bin/java -jar /lab/itti/projects/checkers-competition/server/referee.jar on run_2_lvadapal_vdhankar #####
Move is valid
##### SUCCESS: /usr/lib/jvm/jdk-14.0.1/bin/java -jar /lab/itti/projects/checkers-competition/server/referee.jar on run_2_lvadapal_vdhankar #####
INPUT for lvadapal:
GAME
WHITE
29.21
.b.b.b..
........
.b......
........
...b....
......b.
...w....
........
##### Running: /usr/bin/time -o time_2_lvadapal_vdhankar.txt -f "%U" python3 homework.py > stulog.txt 2>&1 on lvadapal #####
##### SUCCESS: /usr/bin/time -o time_2_lvadapal_vdhankar.txt -f "%U" python3 homework.py > stulog.txt 2>&1 on lvadapal #####
##### lvadapal plays [E d2 c3] in 1s #####
##### Running: /usr/lib/jvm/jdk-14.0.1/bin/java -jar /lab/itti/projects/checkers-competition/server/referee.jar on run_2_lvadapal_vdhankar #####
Move is valid
##### SUCCESS: /usr/lib/jvm/jdk-14.0.1/bin/java -jar /lab/itti/projects/checkers-competition/server/referee.jar on run_2_lvadapal_vdhankar #####
INPUT for vdhankar:
GAME
BLACK
71.8791253566742
.b.b.b..
........
.b......
........
...b....
..w...b.
........
........
##### Running: /usr/bin/time -o time_2_lvadapal_vdhankar.txt -f "%U" python3 homework.py > stulog.txt 2>&1 on vdhankar #####
child exited with value 1
##### ERROR: /usr/bin/time -o time_2_lvadapal_vdhankar.txt -f "%U" python3 homework.py > stulog.txt 2>&1 on vdhankar #####
##### Output of failed program (stdout + stderr): #####
Traceback (most recent call last):
  File "homework.py", line 546, in <module>
    print(end-start)
NameError: name 'end' is not defined
##### End of output of failed program #####
##### vdhankar plays [J d4 b2] in 0.210541963577271s #####
##### Running: /usr/lib/jvm/jdk-14.0.1/bin/java -jar /lab/itti/projects/checkers-competition/server/referee.jar on run_2_lvadapal_vdhankar #####
Move is valid
After this move, player WHITE cannot make any moves
*** Winner: BLACK ***
##### SUCCESS: /usr/lib/jvm/jdk-14.0.1/bin/java -jar /lab/itti/projects/checkers-competition/server/referee.jar on run_2_lvadapal_vdhankar #####
##### GAME OVER: vdhankar wins the game! #####
Server said: WIN
########## ROUND 2 GAMESCORE AFTER GAME 4: lvadapal=1 and vdhankar=3 ##########


########## GRAND WINNER ROUND 2 IS vdhankar BY 3 vs 1 GAMESCORE ##########
