#################### ROUND 2: seokjooy (W) vs sunfuyu (B): game 1 ####################
##### game start! #####
INPUT for sunfuyu:
GAME
BLACK
300
.b.b.b.b
b.b.b.b.
.b.b.b.b
........
........
w.w.w.w.
.w.w.w.w
w.w.w.w.
##### Running: /usr/bin/time -o time_2_seokjooy_sunfuyu.txt -f "%U" python3 homework.py > stulog.txt 2>&1 on sunfuyu #####
##### SUCCESS: /usr/bin/time -o time_2_seokjooy_sunfuyu.txt -f "%U" python3 homework.py > stulog.txt 2>&1 on sunfuyu #####
##### sunfuyu plays [E h6 g5] in 0.12s #####
##### Running: /usr/lib/jvm/jdk-14.0.1/bin/java -jar /lab/itti/projects/checkers-competition/server/referee.jar on run_2_seokjooy_sunfuyu #####
Move is valid
Couldn't read file 'current_ply.txt'
Couldn't read content from file 'current_ply.txt'
Couldn't read file 'lastmatchange_ply.txt'
Couldn't read content from file 'lastmatchange_ply.txt'
##### SUCCESS: /usr/lib/jvm/jdk-14.0.1/bin/java -jar /lab/itti/projects/checkers-competition/server/referee.jar on run_2_seokjooy_sunfuyu #####
INPUT for seokjooy:
GAME
WHITE
300
.b.b.b.b
b.b.b.b.
.b.b.b..
......b.
........
w.w.w.w.
.w.w.w.w
w.w.w.w.
##### Running: /usr/bin/time -o time_2_seokjooy_sunfuyu.txt -f "%U" python3 homework.py > stulog.txt 2>&1 on seokjooy #####
child exited with value 1
##### ERROR: /usr/bin/time -o time_2_seokjooy_sunfuyu.txt -f "%U" python3 homework.py > stulog.txt 2>&1 on seokjooy #####
##### Output of failed program (stdout + stderr): #####
Traceback (most recent call last):
  File "homework.py", line 472, in <module>
    player_1 = Agent()
  File "homework.py", line 31, in __init__
    self.start_time = time.clock()
AttributeError: module 'time' has no attribute 'clock'
##### End of output of failed program #####
##### seokjooy plays [No Move] in 0.398247003555298s #####
##### No output.txt found. Making a bogus one... #####
##### Running: /usr/lib/jvm/jdk-14.0.1/bin/java -jar /lab/itti/projects/checkers-competition/server/referee.jar on run_2_seokjooy_sunfuyu #####
Step in a move needs to have 3 sections, found 1 in 'illegal'.
child exited with value 255
##### ERROR: /usr/lib/jvm/jdk-14.0.1/bin/java -jar /lab/itti/projects/checkers-competition/server/referee.jar on run_2_seokjooy_sunfuyu #####
Game server reported error. Assuming bogus move.
##### GAME OVER: seokjooy loses because of illegal move [No Move] #####
Server said: FAIL
########## ROUND 2 GAMESCORE AFTER GAME 1: seokjooy=0 and sunfuyu=1 ##########
#################### ROUND 2: seokjooy (B) vs sunfuyu (W): game 2 ####################
##### game start! #####
INPUT for seokjooy:
GAME
BLACK
300
.b.b.b.b
b.b.b.b.
.b.b.b.b
........
........
w.w.w.w.
.w.w.w.w
w.w.w.w.
##### Running: /usr/bin/time -o time_2_seokjooy_sunfuyu.txt -f "%U" python3 homework.py > stulog.txt 2>&1 on seokjooy #####
child exited with value 1
##### ERROR: /usr/bin/time -o time_2_seokjooy_sunfuyu.txt -f "%U" python3 homework.py > stulog.txt 2>&1 on seokjooy #####
##### Output of failed program (stdout + stderr): #####
Traceback (most recent call last):
  File "homework.py", line 472, in <module>
    player_1 = Agent()
  File "homework.py", line 31, in __init__
    self.start_time = time.clock()
AttributeError: module 'time' has no attribute 'clock'
##### End of output of failed program #####
##### seokjooy plays [No Move] in 0.417357206344604s #####
##### No output.txt found. Making a bogus one... #####
##### Running: /usr/lib/jvm/jdk-14.0.1/bin/java -jar /lab/itti/projects/checkers-competition/server/referee.jar on run_2_seokjooy_sunfuyu #####
Step in a move needs to have 3 sections, found 1 in 'illegal'.
child exited with value 255
##### ERROR: /usr/lib/jvm/jdk-14.0.1/bin/java -jar /lab/itti/projects/checkers-competition/server/referee.jar on run_2_seokjooy_sunfuyu #####
Game server reported error. Assuming bogus move.
##### GAME OVER: seokjooy loses because of illegal move [No Move] #####
Server said: FAIL
########## ROUND 2 GAMESCORE AFTER GAME 2: seokjooy=0 and sunfuyu=2 ##########
#################### ROUND 2: seokjooy (W) vs sunfuyu (B): game 3 ####################
##### game start! #####
INPUT for sunfuyu:
GAME
BLACK
300
.b.b.b.b
b.b.b.b.
.b.b.b.b
........
........
w.w.w.w.
.w.w.w.w
w.w.w.w.
##### Running: /usr/bin/time -o time_2_seokjooy_sunfuyu.txt -f "%U" python3 homework.py > stulog.txt 2>&1 on sunfuyu #####
##### SUCCESS: /usr/bin/time -o time_2_seokjooy_sunfuyu.txt -f "%U" python3 homework.py > stulog.txt 2>&1 on sunfuyu #####
##### sunfuyu plays [E h6 g5] in 0.12s #####
##### Running: /usr/lib/jvm/jdk-14.0.1/bin/java -jar /lab/itti/projects/checkers-competition/server/referee.jar on run_2_seokjooy_sunfuyu #####
Move is valid
Couldn't read file 'current_ply.txt'
Couldn't read content from file 'current_ply.txt'
Couldn't read file 'lastmatchange_ply.txt'
Couldn't read content from file 'lastmatchange_ply.txt'
##### SUCCESS: /usr/lib/jvm/jdk-14.0.1/bin/java -jar /lab/itti/projects/checkers-competition/server/referee.jar on run_2_seokjooy_sunfuyu #####
INPUT for seokjooy:
GAME
WHITE
300
.b.b.b.b
b.b.b.b.
.b.b.b..
......b.
........
w.w.w.w.
.w.w.w.w
w.w.w.w.
##### Running: /usr/bin/time -o time_2_seokjooy_sunfuyu.txt -f "%U" python3 homework.py > stulog.txt 2>&1 on seokjooy #####
child exited with value 1
##### ERROR: /usr/bin/time -o time_2_seokjooy_sunfuyu.txt -f "%U" python3 homework.py > stulog.txt 2>&1 on seokjooy #####
##### Output of failed program (stdout + stderr): #####
Traceback (most recent call last):
  File "homework.py", line 472, in <module>
    player_1 = Agent()
  File "homework.py", line 31, in __init__
    self.start_time = time.clock()
AttributeError: module 'time' has no attribute 'clock'
##### End of output of failed program #####
##### seokjooy plays [No Move] in 0.323383092880249s #####
##### No output.txt found. Making a bogus one... #####
##### Running: /usr/lib/jvm/jdk-14.0.1/bin/java -jar /lab/itti/projects/checkers-competition/server/referee.jar on run_2_seokjooy_sunfuyu #####
Step in a move needs to have 3 sections, found 1 in 'illegal'.
child exited with value 255
##### ERROR: /usr/lib/jvm/jdk-14.0.1/bin/java -jar /lab/itti/projects/checkers-competition/server/referee.jar on run_2_seokjooy_sunfuyu #####
Game server reported error. Assuming bogus move.
##### GAME OVER: seokjooy loses because of illegal move [No Move] #####
Server said: FAIL
########## ROUND 2 GAMESCORE AFTER GAME 3: seokjooy=0 and sunfuyu=3 ##########
#################### ROUND 2: seokjooy (B) vs sunfuyu (W): game 4 ####################
##### game start! #####
INPUT for seokjooy:
GAME
BLACK
300
.b.b.b.b
b.b.b.b.
.b.b.b.b
........
........
w.w.w.w.
.w.w.w.w
w.w.w.w.
##### Running: /usr/bin/time -o time_2_seokjooy_sunfuyu.txt -f "%U" python3 homework.py > stulog.txt 2>&1 on seokjooy #####
child exited with value 1
##### ERROR: /usr/bin/time -o time_2_seokjooy_sunfuyu.txt -f "%U" python3 homework.py > stulog.txt 2>&1 on seokjooy #####
##### Output of failed program (stdout + stderr): #####
Traceback (most recent call last):
  File "homework.py", line 472, in <module>
    player_1 = Agent()
  File "homework.py", line 31, in __init__
    self.start_time = time.clock()
AttributeError: module 'time' has no attribute 'clock'
##### End of output of failed program #####
##### seokjooy plays [No Move] in 0.330948114395142s #####
##### No output.txt found. Making a bogus one... #####
##### Running: /usr/lib/jvm/jdk-14.0.1/bin/java -jar /lab/itti/projects/checkers-competition/server/referee.jar on run_2_seokjooy_sunfuyu #####
Step in a move needs to have 3 sections, found 1 in 'illegal'.
child exited with value 255
##### ERROR: /usr/lib/jvm/jdk-14.0.1/bin/java -jar /lab/itti/projects/checkers-competition/server/referee.jar on run_2_seokjooy_sunfuyu #####
Game server reported error. Assuming bogus move.
##### GAME OVER: seokjooy loses because of illegal move [No Move] #####
Server said: FAIL
########## ROUND 2 GAMESCORE AFTER GAME 4: seokjooy=0 and sunfuyu=4 ##########


########## GRAND WINNER ROUND 2 IS sunfuyu BY 4 vs 0 GAMESCORE ##########
