#################### ROUND 7: vdhankar (B) vs zizhaoh (W): game 1 ####################
##### game start! #####
INPUT for vdhankar:
GAME
BLACK
300
.b.b.b.b
b.b.b.b.
.b.b.b.b
........
........
w.w.w.w.
.w.w.w.w
w.w.w.w.
##### Running: /usr/bin/time -o time_7_vdhankar_zizhaoh.txt -f "%U" python3 homework.py > stulog.txt 2>&1 on vdhankar #####
child exited with value 1
##### ERROR: /usr/bin/time -o time_7_vdhankar_zizhaoh.txt -f "%U" python3 homework.py > stulog.txt 2>&1 on vdhankar #####
##### Output of failed program (stdout + stderr): #####
Traceback (most recent call last):
  File "homework.py", line 546, in <module>
    print(end-start)
NameError: name 'end' is not defined
##### End of output of failed program #####
##### vdhankar plays [E h6 g5] in 12.3406910896301s #####
##### Running: /usr/lib/jvm/jdk-14.0.1/bin/java -jar /lab/itti/projects/checkers-competition/server/referee.jar on run_7_vdhankar_zizhaoh #####
Move is valid
Couldn't read file 'current_ply.txt'
Couldn't read content from file 'current_ply.txt'
Couldn't read file 'lastmatchange_ply.txt'
Couldn't read content from file 'lastmatchange_ply.txt'
##### SUCCESS: /usr/lib/jvm/jdk-14.0.1/bin/java -jar /lab/itti/projects/checkers-competition/server/referee.jar on run_7_vdhankar_zizhaoh #####
INPUT for zizhaoh:
GAME
WHITE
300
.b.b.b.b
b.b.b.b.
.b.b.b..
......b.
........
w.w.w.w.
.w.w.w.w
w.w.w.w.
##### Running: /usr/bin/time -o time_7_vdhankar_zizhaoh.txt -f "%U" python3 homework.py > stulog.txt 2>&1 on zizhaoh #####
##### SUCCESS: /usr/bin/time -o time_7_vdhankar_zizhaoh.txt -f "%U" python3 homework.py > stulog.txt 2>&1 on zizhaoh #####
##### zizhaoh plays [E a3 b4 ] in 6.23s #####
##### Running: /usr/lib/jvm/jdk-14.0.1/bin/java -jar /lab/itti/projects/checkers-competition/server/referee.jar on run_7_vdhankar_zizhaoh #####
Move is valid
##### SUCCESS: /usr/lib/jvm/jdk-14.0.1/bin/java -jar /lab/itti/projects/checkers-competition/server/referee.jar on run_7_vdhankar_zizhaoh #####
INPUT for vdhankar:
GAME
BLACK
287.65930891037
.b.b.b.b
b.b.b.b.
.b.b.b..
......b.
.w......
..w.w.w.
.w.w.w.w
w.w.w.w.
##### Running: /usr/bin/time -o time_7_vdhankar_zizhaoh.txt -f "%U" python3 homework.py > stulog.txt 2>&1 on vdhankar #####
child exited with value 1
##### ERROR: /usr/bin/time -o time_7_vdhankar_zizhaoh.txt -f "%U" python3 homework.py > stulog.txt 2>&1 on vdhankar #####
##### Output of failed program (stdout + stderr): #####
Traceback (most recent call last):
  File "homework.py", line 546, in <module>
    print(end-start)
NameError: name 'end' is not defined
##### End of output of failed program #####
##### vdhankar plays [E g5 h4] in 10.4734001159668s #####
##### Running: /usr/lib/jvm/jdk-14.0.1/bin/java -jar /lab/itti/projects/checkers-competition/server/referee.jar on run_7_vdhankar_zizhaoh #####
Move is valid
##### SUCCESS: /usr/lib/jvm/jdk-14.0.1/bin/java -jar /lab/itti/projects/checkers-competition/server/referee.jar on run_7_vdhankar_zizhaoh #####
INPUT for zizhaoh:
GAME
WHITE
293.77
.b.b.b.b
b.b.b.b.
.b.b.b..
........
.w.....b
..w.w.w.
.w.w.w.w
w.w.w.w.
##### Running: /usr/bin/time -o time_7_vdhankar_zizhaoh.txt -f "%U" python3 homework.py > stulog.txt 2>&1 on zizhaoh #####
##### SUCCESS: /usr/bin/time -o time_7_vdhankar_zizhaoh.txt -f "%U" python3 homework.py > stulog.txt 2>&1 on zizhaoh #####
##### zizhaoh plays [E b4 a5 ] in 5.21s #####
##### Running: /usr/lib/jvm/jdk-14.0.1/bin/java -jar /lab/itti/projects/checkers-competition/server/referee.jar on run_7_vdhankar_zizhaoh #####
Move is valid
##### SUCCESS: /usr/lib/jvm/jdk-14.0.1/bin/java -jar /lab/itti/projects/checkers-competition/server/referee.jar on run_7_vdhankar_zizhaoh #####
INPUT for vdhankar:
GAME
BLACK
277.185908794403
.b.b.b.b
b.b.b.b.
.b.b.b..
w.......
.......b
..w.w.w.
.w.w.w.w
w.w.w.w.
##### Running: /usr/bin/time -o time_7_vdhankar_zizhaoh.txt -f "%U" python3 homework.py > stulog.txt 2>&1 on vdhankar #####
child exited with value 1
##### ERROR: /usr/bin/time -o time_7_vdhankar_zizhaoh.txt -f "%U" python3 homework.py > stulog.txt 2>&1 on vdhankar #####
##### Output of failed program (stdout + stderr): #####
Traceback (most recent call last):
  File "homework.py", line 546, in <module>
    print(end-start)
NameError: name 'end' is not defined
##### End of output of failed program #####
##### vdhankar plays [E d6 e5] in 8.13602018356323s #####
##### Running: /usr/lib/jvm/jdk-14.0.1/bin/java -jar /lab/itti/projects/checkers-competition/server/referee.jar on run_7_vdhankar_zizhaoh #####
Move is valid
##### SUCCESS: /usr/lib/jvm/jdk-14.0.1/bin/java -jar /lab/itti/projects/checkers-competition/server/referee.jar on run_7_vdhankar_zizhaoh #####
INPUT for zizhaoh:
GAME
WHITE
288.56
.b.b.b.b
b.b.b.b.
.b...b..
w...b...
.......b
..w.w.w.
.w.w.w.w
w.w.w.w.
##### Running: /usr/bin/time -o time_7_vdhankar_zizhaoh.txt -f "%U" python3 homework.py > stulog.txt 2>&1 on zizhaoh #####
##### SUCCESS: /usr/bin/time -o time_7_vdhankar_zizhaoh.txt -f "%U" python3 homework.py > stulog.txt 2>&1 on zizhaoh #####
##### zizhaoh plays [E c3 b4 ] in 2.13s #####
##### Running: /usr/lib/jvm/jdk-14.0.1/bin/java -jar /lab/itti/projects/checkers-competition/server/referee.jar on run_7_vdhankar_zizhaoh #####
Move is valid
##### SUCCESS: /usr/lib/jvm/jdk-14.0.1/bin/java -jar /lab/itti/projects/checkers-competition/server/referee.jar on run_7_vdhankar_zizhaoh #####
INPUT for vdhankar:
GAME
BLACK
269.04988861084
.b.b.b.b
b.b.b.b.
.b...b..
w...b...
.w.....b
....w.w.
.w.w.w.w
w.w.w.w.
##### Running: /usr/bin/time -o time_7_vdhankar_zizhaoh.txt -f "%U" python3 homework.py > stulog.txt 2>&1 on vdhankar #####
child exited with value 1
##### ERROR: /usr/bin/time -o time_7_vdhankar_zizhaoh.txt -f "%U" python3 homework.py > stulog.txt 2>&1 on vdhankar #####
##### Output of failed program (stdout + stderr): #####
Traceback (most recent call last):
  File "homework.py", line 546, in <module>
    print(end-start)
NameError: name 'end' is not defined
##### End of output of failed program #####
##### vdhankar plays [E e7 d6] in 4.6795961856842s #####
##### Running: /usr/lib/jvm/jdk-14.0.1/bin/java -jar /lab/itti/projects/checkers-competition/server/referee.jar on run_7_vdhankar_zizhaoh #####
Move is valid
##### SUCCESS: /usr/lib/jvm/jdk-14.0.1/bin/java -jar /lab/itti/projects/checkers-competition/server/referee.jar on run_7_vdhankar_zizhaoh #####
INPUT for zizhaoh:
GAME
WHITE
286.43
.b.b.b.b
b.b...b.
.b.b.b..
w...b...
.w.....b
....w.w.
.w.w.w.w
w.w.w.w.
##### Running: /usr/bin/time -o time_7_vdhankar_zizhaoh.txt -f "%U" python3 homework.py > stulog.txt 2>&1 on zizhaoh #####
##### SUCCESS: /usr/bin/time -o time_7_vdhankar_zizhaoh.txt -f "%U" python3 homework.py > stulog.txt 2>&1 on zizhaoh #####
##### zizhaoh plays [E e3 f4 ] in 5.65s #####
##### Running: /usr/lib/jvm/jdk-14.0.1/bin/java -jar /lab/itti/projects/checkers-competition/server/referee.jar on run_7_vdhankar_zizhaoh #####
Move is valid
##### SUCCESS: /usr/lib/jvm/jdk-14.0.1/bin/java -jar /lab/itti/projects/checkers-competition/server/referee.jar on run_7_vdhankar_zizhaoh #####
INPUT for vdhankar:
GAME
BLACK
264.370292425156
.b.b.b.b
b.b...b.
.b.b.b..
w...b...
.w...w.b
......w.
.w.w.w.w
w.w.w.w.
##### Running: /usr/bin/time -o time_7_vdhankar_zizhaoh.txt -f "%U" python3 homework.py > stulog.txt 2>&1 on vdhankar #####
child exited with value 1
##### ERROR: /usr/bin/time -o time_7_vdhankar_zizhaoh.txt -f "%U" python3 homework.py > stulog.txt 2>&1 on vdhankar #####
##### Output of failed program (stdout + stderr): #####
Traceback (most recent call last):
  File "homework.py", line 546, in <module>
    print(end-start)
NameError: name 'end' is not defined
##### End of output of failed program #####
##### vdhankar plays [E b6 c5] in 4.55450201034546s #####
##### Running: /usr/lib/jvm/jdk-14.0.1/bin/java -jar /lab/itti/projects/checkers-competition/server/referee.jar on run_7_vdhankar_zizhaoh #####
Move is valid
##### SUCCESS: /usr/lib/jvm/jdk-14.0.1/bin/java -jar /lab/itti/projects/checkers-competition/server/referee.jar on run_7_vdhankar_zizhaoh #####
INPUT for zizhaoh:
GAME
WHITE
280.78
.b.b.b.b
b.b...b.
...b.b..
w.b.b...
.w...w.b
......w.
.w.w.w.w
w.w.w.w.
##### Running: /usr/bin/time -o time_7_vdhankar_zizhaoh.txt -f "%U" python3 homework.py > stulog.txt 2>&1 on zizhaoh #####
##### SUCCESS: /usr/bin/time -o time_7_vdhankar_zizhaoh.txt -f "%U" python3 homework.py > stulog.txt 2>&1 on zizhaoh #####
##### zizhaoh plays [E b2 a3 ] in 2.26s #####
##### Running: /usr/lib/jvm/jdk-14.0.1/bin/java -jar /lab/itti/projects/checkers-competition/server/referee.jar on run_7_vdhankar_zizhaoh #####
Move is valid
##### SUCCESS: /usr/lib/jvm/jdk-14.0.1/bin/java -jar /lab/itti/projects/checkers-competition/server/referee.jar on run_7_vdhankar_zizhaoh #####
INPUT for vdhankar:
GAME
BLACK
259.81579041481
.b.b.b.b
b.b...b.
...b.b..
w.b.b...
.w...w.b
w.....w.
...w.w.w
w.w.w.w.
##### Running: /usr/bin/time -o time_7_vdhankar_zizhaoh.txt -f "%U" python3 homework.py > stulog.txt 2>&1 on vdhankar #####
child exited with value 1
##### ERROR: /usr/bin/time -o time_7_vdhankar_zizhaoh.txt -f "%U" python3 homework.py > stulog.txt 2>&1 on vdhankar #####
##### Output of failed program (stdout + stderr): #####
Traceback (most recent call last):
  File "homework.py", line 546, in <module>
    print(end-start)
NameError: name 'end' is not defined
##### End of output of failed program #####
##### vdhankar plays [E g7 h6] in 7.27253603935242s #####
##### Running: /usr/lib/jvm/jdk-14.0.1/bin/java -jar /lab/itti/projects/checkers-competition/server/referee.jar on run_7_vdhankar_zizhaoh #####
Move is valid
##### SUCCESS: /usr/lib/jvm/jdk-14.0.1/bin/java -jar /lab/itti/projects/checkers-competition/server/referee.jar on run_7_vdhankar_zizhaoh #####
INPUT for zizhaoh:
GAME
WHITE
278.52
.b.b.b.b
b.b.....
...b.b.b
w.b.b...
.w...w.b
w.....w.
...w.w.w
w.w.w.w.
##### Running: /usr/bin/time -o time_7_vdhankar_zizhaoh.txt -f "%U" python3 homework.py > stulog.txt 2>&1 on zizhaoh #####
##### SUCCESS: /usr/bin/time -o time_7_vdhankar_zizhaoh.txt -f "%U" python3 homework.py > stulog.txt 2>&1 on zizhaoh #####
##### zizhaoh plays [E d2 c3 ] in 6.39s #####
##### Running: /usr/lib/jvm/jdk-14.0.1/bin/java -jar /lab/itti/projects/checkers-competition/server/referee.jar on run_7_vdhankar_zizhaoh #####
Move is valid
##### SUCCESS: /usr/lib/jvm/jdk-14.0.1/bin/java -jar /lab/itti/projects/checkers-competition/server/referee.jar on run_7_vdhankar_zizhaoh #####
INPUT for vdhankar:
GAME
BLACK
252.543254375458
.b.b.b.b
b.b.....
...b.b.b
w.b.b...
.w...w.b
w.w...w.
.....w.w
w.w.w.w.
##### Running: /usr/bin/time -o time_7_vdhankar_zizhaoh.txt -f "%U" python3 homework.py > stulog.txt 2>&1 on vdhankar #####
child exited with value 1
##### ERROR: /usr/bin/time -o time_7_vdhankar_zizhaoh.txt -f "%U" python3 homework.py > stulog.txt 2>&1 on vdhankar #####
##### Output of failed program (stdout + stderr): #####
Traceback (most recent call last):
  File "homework.py", line 546, in <module>
    print(end-start)
NameError: name 'end' is not defined
##### End of output of failed program #####
##### vdhankar plays [E c5 d4] in 6.84421896934509s #####
##### Running: /usr/lib/jvm/jdk-14.0.1/bin/java -jar /lab/itti/projects/checkers-competition/server/referee.jar on run_7_vdhankar_zizhaoh #####
Move is valid
##### SUCCESS: /usr/lib/jvm/jdk-14.0.1/bin/java -jar /lab/itti/projects/checkers-competition/server/referee.jar on run_7_vdhankar_zizhaoh #####
INPUT for zizhaoh:
GAME
WHITE
272.13
.b.b.b.b
b.b.....
...b.b.b
w...b...
.w.b.w.b
w.w...w.
.....w.w
w.w.w.w.
##### Running: /usr/bin/time -o time_7_vdhankar_zizhaoh.txt -f "%U" python3 homework.py > stulog.txt 2>&1 on zizhaoh #####
##### SUCCESS: /usr/bin/time -o time_7_vdhankar_zizhaoh.txt -f "%U" python3 homework.py > stulog.txt 2>&1 on zizhaoh #####
##### zizhaoh plays [E a1 b2 ] in 2.35s #####
##### Running: /usr/lib/jvm/jdk-14.0.1/bin/java -jar /lab/itti/projects/checkers-competition/server/referee.jar on run_7_vdhankar_zizhaoh #####
Move is valid
##### SUCCESS: /usr/lib/jvm/jdk-14.0.1/bin/java -jar /lab/itti/projects/checkers-competition/server/referee.jar on run_7_vdhankar_zizhaoh #####
INPUT for vdhankar:
GAME
BLACK
245.699035406113
.b.b.b.b
b.b.....
...b.b.b
w...b...
.w.b.w.b
w.w...w.
.w...w.w
..w.w.w.
##### Running: /usr/bin/time -o time_7_vdhankar_zizhaoh.txt -f "%U" python3 homework.py > stulog.txt 2>&1 on vdhankar #####
child exited with value 1
##### ERROR: /usr/bin/time -o time_7_vdhankar_zizhaoh.txt -f "%U" python3 homework.py > stulog.txt 2>&1 on vdhankar #####
##### Output of failed program (stdout + stderr): #####
Traceback (most recent call last):
  File "homework.py", line 546, in <module>
    print(end-start)
NameError: name 'end' is not defined
##### End of output of failed program #####
##### vdhankar plays [E f6 g5] in 3.17085003852844s #####
##### Running: /usr/lib/jvm/jdk-14.0.1/bin/java -jar /lab/itti/projects/checkers-competition/server/referee.jar on run_7_vdhankar_zizhaoh #####
Move is valid
##### SUCCESS: /usr/lib/jvm/jdk-14.0.1/bin/java -jar /lab/itti/projects/checkers-competition/server/referee.jar on run_7_vdhankar_zizhaoh #####
INPUT for zizhaoh:
GAME
WHITE
269.78
.b.b.b.b
b.b.....
...b...b
w...b.b.
.w.b.w.b
w.w...w.
.w...w.w
..w.w.w.
##### Running: /usr/bin/time -o time_7_vdhankar_zizhaoh.txt -f "%U" python3 homework.py > stulog.txt 2>&1 on zizhaoh #####
##### SUCCESS: /usr/bin/time -o time_7_vdhankar_zizhaoh.txt -f "%U" python3 homework.py > stulog.txt 2>&1 on zizhaoh #####
##### zizhaoh plays [E e1 d2 ] in 0.67s #####
##### Running: /usr/lib/jvm/jdk-14.0.1/bin/java -jar /lab/itti/projects/checkers-competition/server/referee.jar on run_7_vdhankar_zizhaoh #####
Move is valid
##### SUCCESS: /usr/lib/jvm/jdk-14.0.1/bin/java -jar /lab/itti/projects/checkers-competition/server/referee.jar on run_7_vdhankar_zizhaoh #####
INPUT for vdhankar:
GAME
BLACK
242.528185367584
.b.b.b.b
b.b.....
...b...b
w...b.b.
.w.b.w.b
w.w...w.
.w.w.w.w
..w...w.
##### Running: /usr/bin/time -o time_7_vdhankar_zizhaoh.txt -f "%U" python3 homework.py > stulog.txt 2>&1 on vdhankar #####
child exited with value 1
##### ERROR: /usr/bin/time -o time_7_vdhankar_zizhaoh.txt -f "%U" python3 homework.py > stulog.txt 2>&1 on vdhankar #####
##### Output of failed program (stdout + stderr): #####
Traceback (most recent call last):
  File "homework.py", line 546, in <module>
    print(end-start)
NameError: name 'end' is not defined
##### End of output of failed program #####
##### vdhankar plays [J g5 e3] in 0.655058145523071s #####
##### Running: /usr/lib/jvm/jdk-14.0.1/bin/java -jar /lab/itti/projects/checkers-competition/server/referee.jar on run_7_vdhankar_zizhaoh #####
Move is valid
##### SUCCESS: /usr/lib/jvm/jdk-14.0.1/bin/java -jar /lab/itti/projects/checkers-competition/server/referee.jar on run_7_vdhankar_zizhaoh #####
INPUT for zizhaoh:
GAME
WHITE
269.11
.b.b.b.b
b.b.....
...b...b
w...b...
.w.b...b
w.w.b.w.
.w.w.w.w
..w...w.
##### Running: /usr/bin/time -o time_7_vdhankar_zizhaoh.txt -f "%U" python3 homework.py > stulog.txt 2>&1 on zizhaoh #####
##### SUCCESS: /usr/bin/time -o time_7_vdhankar_zizhaoh.txt -f "%U" python3 homework.py > stulog.txt 2>&1 on zizhaoh #####
##### zizhaoh plays [J d2 f4 ] in 0.51s #####
##### Running: /usr/lib/jvm/jdk-14.0.1/bin/java -jar /lab/itti/projects/checkers-competition/server/referee.jar on run_7_vdhankar_zizhaoh #####
Move is valid
##### SUCCESS: /usr/lib/jvm/jdk-14.0.1/bin/java -jar /lab/itti/projects/checkers-competition/server/referee.jar on run_7_vdhankar_zizhaoh #####
INPUT for vdhankar:
GAME
BLACK
241.873127222061
.b.b.b.b
b.b.....
...b...b
w...b...
.w.b.w.b
w.w...w.
.w...w.w
..w...w.
##### Running: /usr/bin/time -o time_7_vdhankar_zizhaoh.txt -f "%U" python3 homework.py > stulog.txt 2>&1 on vdhankar #####
child exited with value 1
##### ERROR: /usr/bin/time -o time_7_vdhankar_zizhaoh.txt -f "%U" python3 homework.py > stulog.txt 2>&1 on vdhankar #####
##### Output of failed program (stdout + stderr): #####
Traceback (most recent call last):
  File "homework.py", line 546, in <module>
    print(end-start)
NameError: name 'end' is not defined
##### End of output of failed program #####
##### vdhankar plays [E d8 e7] in 1.91369390487671s #####
##### Running: /usr/lib/jvm/jdk-14.0.1/bin/java -jar /lab/itti/projects/checkers-competition/server/referee.jar on run_7_vdhankar_zizhaoh #####
Move is valid
##### SUCCESS: /usr/lib/jvm/jdk-14.0.1/bin/java -jar /lab/itti/projects/checkers-competition/server/referee.jar on run_7_vdhankar_zizhaoh #####
INPUT for zizhaoh:
GAME
WHITE
268.6
.b...b.b
b.b.b...
...b...b
w...b...
.w.b.w.b
w.w...w.
.w...w.w
..w...w.
##### Running: /usr/bin/time -o time_7_vdhankar_zizhaoh.txt -f "%U" python3 homework.py > stulog.txt 2>&1 on zizhaoh #####
##### SUCCESS: /usr/bin/time -o time_7_vdhankar_zizhaoh.txt -f "%U" python3 homework.py > stulog.txt 2>&1 on zizhaoh #####
##### zizhaoh plays [E c1 d2 ] in 0.83s #####
##### Running: /usr/lib/jvm/jdk-14.0.1/bin/java -jar /lab/itti/projects/checkers-competition/server/referee.jar on run_7_vdhankar_zizhaoh #####
Move is valid
##### SUCCESS: /usr/lib/jvm/jdk-14.0.1/bin/java -jar /lab/itti/projects/checkers-competition/server/referee.jar on run_7_vdhankar_zizhaoh #####
INPUT for vdhankar:
GAME
BLACK
239.959433317184
.b...b.b
b.b.b...
...b...b
w...b...
.w.b.w.b
w.w...w.
.w.w.w.w
......w.
##### Running: /usr/bin/time -o time_7_vdhankar_zizhaoh.txt -f "%U" python3 homework.py > stulog.txt 2>&1 on vdhankar #####
child exited with value 1
##### ERROR: /usr/bin/time -o time_7_vdhankar_zizhaoh.txt -f "%U" python3 homework.py > stulog.txt 2>&1 on vdhankar #####
##### Output of failed program (stdout + stderr): #####
Traceback (most recent call last):
  File "homework.py", line 546, in <module>
    print(end-start)
NameError: name 'end' is not defined
##### End of output of failed program #####
##### vdhankar plays [E h8 g7] in 1.58998203277588s #####
##### Running: /usr/lib/jvm/jdk-14.0.1/bin/java -jar /lab/itti/projects/checkers-competition/server/referee.jar on run_7_vdhankar_zizhaoh #####
Move is valid
##### SUCCESS: /usr/lib/jvm/jdk-14.0.1/bin/java -jar /lab/itti/projects/checkers-competition/server/referee.jar on run_7_vdhankar_zizhaoh #####
INPUT for zizhaoh:
GAME
WHITE
267.77
.b...b..
b.b.b.b.
...b...b
w...b...
.w.b.w.b
w.w...w.
.w.w.w.w
......w.
##### Running: /usr/bin/time -o time_7_vdhankar_zizhaoh.txt -f "%U" python3 homework.py > stulog.txt 2>&1 on zizhaoh #####
##### SUCCESS: /usr/bin/time -o time_7_vdhankar_zizhaoh.txt -f "%U" python3 homework.py > stulog.txt 2>&1 on zizhaoh #####
##### zizhaoh plays [E d2 e3 ] in 0.63s #####
##### Running: /usr/lib/jvm/jdk-14.0.1/bin/java -jar /lab/itti/projects/checkers-competition/server/referee.jar on run_7_vdhankar_zizhaoh #####
Move is valid
##### SUCCESS: /usr/lib/jvm/jdk-14.0.1/bin/java -jar /lab/itti/projects/checkers-competition/server/referee.jar on run_7_vdhankar_zizhaoh #####
INPUT for vdhankar:
GAME
BLACK
238.369451284409
.b...b..
b.b.b.b.
...b...b
w...b...
.w.b.w.b
w.w.w.w.
.w...w.w
......w.
##### Running: /usr/bin/time -o time_7_vdhankar_zizhaoh.txt -f "%U" python3 homework.py > stulog.txt 2>&1 on vdhankar #####
child exited with value 1
##### ERROR: /usr/bin/time -o time_7_vdhankar_zizhaoh.txt -f "%U" python3 homework.py > stulog.txt 2>&1 on vdhankar #####
##### Output of failed program (stdout + stderr): #####
Traceback (most recent call last):
  File "homework.py", line 546, in <module>
    print(end-start)
NameError: name 'end' is not defined
##### End of output of failed program #####
##### vdhankar plays [E d6 c5] in 0.822397947311401s #####
##### Running: /usr/lib/jvm/jdk-14.0.1/bin/java -jar /lab/itti/projects/checkers-competition/server/referee.jar on run_7_vdhankar_zizhaoh #####
Move is valid
##### SUCCESS: /usr/lib/jvm/jdk-14.0.1/bin/java -jar /lab/itti/projects/checkers-competition/server/referee.jar on run_7_vdhankar_zizhaoh #####
INPUT for zizhaoh:
GAME
WHITE
267.14
.b...b..
b.b.b.b.
.......b
w.b.b...
.w.b.w.b
w.w.w.w.
.w...w.w
......w.
##### Running: /usr/bin/time -o time_7_vdhankar_zizhaoh.txt -f "%U" python3 homework.py > stulog.txt 2>&1 on zizhaoh #####
##### SUCCESS: /usr/bin/time -o time_7_vdhankar_zizhaoh.txt -f "%U" python3 homework.py > stulog.txt 2>&1 on zizhaoh #####
##### zizhaoh plays [J b4 d6 ] in 0.13s #####
##### Running: /usr/lib/jvm/jdk-14.0.1/bin/java -jar /lab/itti/projects/checkers-competition/server/referee.jar on run_7_vdhankar_zizhaoh #####
Move is valid
##### SUCCESS: /usr/lib/jvm/jdk-14.0.1/bin/java -jar /lab/itti/projects/checkers-competition/server/referee.jar on run_7_vdhankar_zizhaoh #####
INPUT for vdhankar:
GAME
BLACK
237.547053337097
.b...b..
b.b.b.b.
...w...b
w...b...
...b.w.b
w.w.w.w.
.w...w.w
......w.
##### Running: /usr/bin/time -o time_7_vdhankar_zizhaoh.txt -f "%U" python3 homework.py > stulog.txt 2>&1 on vdhankar #####
child exited with value 1
##### ERROR: /usr/bin/time -o time_7_vdhankar_zizhaoh.txt -f "%U" python3 homework.py > stulog.txt 2>&1 on vdhankar #####
##### Output of failed program (stdout + stderr): #####
Traceback (most recent call last):
  File "homework.py", line 546, in <module>
    print(end-start)
NameError: name 'end' is not defined
##### End of output of failed program #####
##### vdhankar plays [J e7 c5] in 0.445693016052246s #####
##### Running: /usr/lib/jvm/jdk-14.0.1/bin/java -jar /lab/itti/projects/checkers-competition/server/referee.jar on run_7_vdhankar_zizhaoh #####
Move is valid
##### SUCCESS: /usr/lib/jvm/jdk-14.0.1/bin/java -jar /lab/itti/projects/checkers-competition/server/referee.jar on run_7_vdhankar_zizhaoh #####
INPUT for zizhaoh:
GAME
WHITE
267.01
.b...b..
b.b...b.
.......b
w.b.b...
...b.w.b
w.w.w.w.
.w...w.w
......w.
##### Running: /usr/bin/time -o time_7_vdhankar_zizhaoh.txt -f "%U" python3 homework.py > stulog.txt 2>&1 on zizhaoh #####
##### SUCCESS: /usr/bin/time -o time_7_vdhankar_zizhaoh.txt -f "%U" python3 homework.py > stulog.txt 2>&1 on zizhaoh #####
##### zizhaoh plays [J f4 d6 ] in 0.25s #####
##### Running: /usr/lib/jvm/jdk-14.0.1/bin/java -jar /lab/itti/projects/checkers-competition/server/referee.jar on run_7_vdhankar_zizhaoh #####
Move is valid
##### SUCCESS: /usr/lib/jvm/jdk-14.0.1/bin/java -jar /lab/itti/projects/checkers-competition/server/referee.jar on run_7_vdhankar_zizhaoh #####
INPUT for vdhankar:
GAME
BLACK
237.101360321045
.b...b..
b.b...b.
...w...b
w.b.....
...b...b
w.w.w.w.
.w...w.w
......w.
##### Running: /usr/bin/time -o time_7_vdhankar_zizhaoh.txt -f "%U" python3 homework.py > stulog.txt 2>&1 on vdhankar #####
child exited with value 1
##### ERROR: /usr/bin/time -o time_7_vdhankar_zizhaoh.txt -f "%U" python3 homework.py > stulog.txt 2>&1 on vdhankar #####
##### Output of failed program (stdout + stderr): #####
Traceback (most recent call last):
  File "homework.py", line 546, in <module>
    print(end-start)
NameError: name 'end' is not defined
##### End of output of failed program #####
##### vdhankar plays [J c7 e5] in 1.41562414169312s #####
##### Running: /usr/lib/jvm/jdk-14.0.1/bin/java -jar /lab/itti/projects/checkers-competition/server/referee.jar on run_7_vdhankar_zizhaoh #####
Move is valid
##### SUCCESS: /usr/lib/jvm/jdk-14.0.1/bin/java -jar /lab/itti/projects/checkers-competition/server/referee.jar on run_7_vdhankar_zizhaoh #####
INPUT for zizhaoh:
GAME
WHITE
266.76
.b...b..
b.....b.
.......b
w.b.b...
...b...b
w.w.w.w.
.w...w.w
......w.
##### Running: /usr/bin/time -o time_7_vdhankar_zizhaoh.txt -f "%U" python3 homework.py > stulog.txt 2>&1 on zizhaoh #####
##### SUCCESS: /usr/bin/time -o time_7_vdhankar_zizhaoh.txt -f "%U" python3 homework.py > stulog.txt 2>&1 on zizhaoh #####
##### zizhaoh plays [E c3 b4 ] in 2.41s #####
##### Running: /usr/lib/jvm/jdk-14.0.1/bin/java -jar /lab/itti/projects/checkers-competition/server/referee.jar on run_7_vdhankar_zizhaoh #####
Move is valid
##### SUCCESS: /usr/lib/jvm/jdk-14.0.1/bin/java -jar /lab/itti/projects/checkers-competition/server/referee.jar on run_7_vdhankar_zizhaoh #####
INPUT for vdhankar:
GAME
BLACK
235.685736179352
.b...b..
b.....b.
.......b
w.b.b...
.w.b...b
w...w.w.
.w...w.w
......w.
##### Running: /usr/bin/time -o time_7_vdhankar_zizhaoh.txt -f "%U" python3 homework.py > stulog.txt 2>&1 on vdhankar #####
child exited with value 1
##### ERROR: /usr/bin/time -o time_7_vdhankar_zizhaoh.txt -f "%U" python3 homework.py > stulog.txt 2>&1 on vdhankar #####
##### Output of failed program (stdout + stderr): #####
Traceback (most recent call last):
  File "homework.py", line 546, in <module>
    print(end-start)
NameError: name 'end' is not defined
##### End of output of failed program #####
##### vdhankar plays [E a7 b6] in 2.34469795227051s #####
##### Running: /usr/lib/jvm/jdk-14.0.1/bin/java -jar /lab/itti/projects/checkers-competition/server/referee.jar on run_7_vdhankar_zizhaoh #####
Move is valid
##### SUCCESS: /usr/lib/jvm/jdk-14.0.1/bin/java -jar /lab/itti/projects/checkers-competition/server/referee.jar on run_7_vdhankar_zizhaoh #####
INPUT for zizhaoh:
GAME
WHITE
264.35
.b...b..
......b.
.b.....b
w.b.b...
.w.b...b
w...w.w.
.w...w.w
......w.
##### Running: /usr/bin/time -o time_7_vdhankar_zizhaoh.txt -f "%U" python3 homework.py > stulog.txt 2>&1 on zizhaoh #####
##### SUCCESS: /usr/bin/time -o time_7_vdhankar_zizhaoh.txt -f "%U" python3 homework.py > stulog.txt 2>&1 on zizhaoh #####
##### zizhaoh plays [J b4 d6 ] in 1.24s #####
##### Running: /usr/lib/jvm/jdk-14.0.1/bin/java -jar /lab/itti/projects/checkers-competition/server/referee.jar on run_7_vdhankar_zizhaoh #####
Move is valid
##### SUCCESS: /usr/lib/jvm/jdk-14.0.1/bin/java -jar /lab/itti/projects/checkers-competition/server/referee.jar on run_7_vdhankar_zizhaoh #####
INPUT for vdhankar:
GAME
BLACK
233.341038227081
.b...b..
......b.
.b.w...b
w...b...
...b...b
w...w.w.
.w...w.w
......w.
##### Running: /usr/bin/time -o time_7_vdhankar_zizhaoh.txt -f "%U" python3 homework.py > stulog.txt 2>&1 on vdhankar #####
child exited with value 1
##### ERROR: /usr/bin/time -o time_7_vdhankar_zizhaoh.txt -f "%U" python3 homework.py > stulog.txt 2>&1 on vdhankar #####
##### Output of failed program (stdout + stderr): #####
Traceback (most recent call last):
  File "homework.py", line 546, in <module>
    print(end-start)
NameError: name 'end' is not defined
##### End of output of failed program #####
##### vdhankar plays [E b6 c5] in 3.99211502075195s #####
##### Running: /usr/lib/jvm/jdk-14.0.1/bin/java -jar /lab/itti/projects/checkers-competition/server/referee.jar on run_7_vdhankar_zizhaoh #####
Move is valid
##### SUCCESS: /usr/lib/jvm/jdk-14.0.1/bin/java -jar /lab/itti/projects/checkers-competition/server/referee.jar on run_7_vdhankar_zizhaoh #####
INPUT for zizhaoh:
GAME
WHITE
263.11
.b...b..
......b.
...w...b
w.b.b...
...b...b
w...w.w.
.w...w.w
......w.
##### Running: /usr/bin/time -o time_7_vdhankar_zizhaoh.txt -f "%U" python3 homework.py > stulog.txt 2>&1 on zizhaoh #####
##### SUCCESS: /usr/bin/time -o time_7_vdhankar_zizhaoh.txt -f "%U" python3 homework.py > stulog.txt 2>&1 on zizhaoh #####
##### zizhaoh plays [E a5 b6 ] in 3.25s #####
##### Running: /usr/lib/jvm/jdk-14.0.1/bin/java -jar /lab/itti/projects/checkers-competition/server/referee.jar on run_7_vdhankar_zizhaoh #####
Move is valid
##### SUCCESS: /usr/lib/jvm/jdk-14.0.1/bin/java -jar /lab/itti/projects/checkers-competition/server/referee.jar on run_7_vdhankar_zizhaoh #####
INPUT for vdhankar:
GAME
BLACK
229.348923206329
.b...b..
......b.
.w.w...b
..b.b...
...b...b
w...w.w.
.w...w.w
......w.
##### Running: /usr/bin/time -o time_7_vdhankar_zizhaoh.txt -f "%U" python3 homework.py > stulog.txt 2>&1 on vdhankar #####
child exited with value 1
##### ERROR: /usr/bin/time -o time_7_vdhankar_zizhaoh.txt -f "%U" python3 homework.py > stulog.txt 2>&1 on vdhankar #####
##### Output of failed program (stdout + stderr): #####
Traceback (most recent call last):
  File "homework.py", line 546, in <module>
    print(end-start)
NameError: name 'end' is not defined
##### End of output of failed program #####
##### vdhankar plays [E h6 g5] in 3.71205711364746s #####
##### Running: /usr/lib/jvm/jdk-14.0.1/bin/java -jar /lab/itti/projects/checkers-competition/server/referee.jar on run_7_vdhankar_zizhaoh #####
Move is valid
##### SUCCESS: /usr/lib/jvm/jdk-14.0.1/bin/java -jar /lab/itti/projects/checkers-competition/server/referee.jar on run_7_vdhankar_zizhaoh #####
INPUT for zizhaoh:
GAME
WHITE
259.86
.b...b..
......b.
.w.w....
..b.b.b.
...b...b
w...w.w.
.w...w.w
......w.
##### Running: /usr/bin/time -o time_7_vdhankar_zizhaoh.txt -f "%U" python3 homework.py > stulog.txt 2>&1 on zizhaoh #####
##### SUCCESS: /usr/bin/time -o time_7_vdhankar_zizhaoh.txt -f "%U" python3 homework.py > stulog.txt 2>&1 on zizhaoh #####
##### zizhaoh plays [E e3 f4 ] in 3.34s #####
##### Running: /usr/lib/jvm/jdk-14.0.1/bin/java -jar /lab/itti/projects/checkers-competition/server/referee.jar on run_7_vdhankar_zizhaoh #####
Move is valid
##### SUCCESS: /usr/lib/jvm/jdk-14.0.1/bin/java -jar /lab/itti/projects/checkers-competition/server/referee.jar on run_7_vdhankar_zizhaoh #####
INPUT for vdhankar:
GAME
BLACK
225.636866092682
.b...b..
......b.
.w.w....
..b.b.b.
...b.w.b
w.....w.
.w...w.w
......w.
##### Running: /usr/bin/time -o time_7_vdhankar_zizhaoh.txt -f "%U" python3 homework.py > stulog.txt 2>&1 on vdhankar #####
child exited with value 1
##### ERROR: /usr/bin/time -o time_7_vdhankar_zizhaoh.txt -f "%U" python3 homework.py > stulog.txt 2>&1 on vdhankar #####
##### Output of failed program (stdout + stderr): #####
Traceback (most recent call last):
  File "homework.py", line 546, in <module>
    print(end-start)
NameError: name 'end' is not defined
##### End of output of failed program #####
##### vdhankar plays [J g5 e3] in 2.08571290969849s #####
##### Running: /usr/lib/jvm/jdk-14.0.1/bin/java -jar /lab/itti/projects/checkers-competition/server/referee.jar on run_7_vdhankar_zizhaoh #####
Move is valid
##### SUCCESS: /usr/lib/jvm/jdk-14.0.1/bin/java -jar /lab/itti/projects/checkers-competition/server/referee.jar on run_7_vdhankar_zizhaoh #####
INPUT for zizhaoh:
GAME
WHITE
256.52
.b...b..
......b.
.w.w....
..b.b...
...b...b
w...b.w.
.w...w.w
......w.
##### Running: /usr/bin/time -o time_7_vdhankar_zizhaoh.txt -f "%U" python3 homework.py > stulog.txt 2>&1 on zizhaoh #####
##### SUCCESS: /usr/bin/time -o time_7_vdhankar_zizhaoh.txt -f "%U" python3 homework.py > stulog.txt 2>&1 on zizhaoh #####
##### zizhaoh plays [E b2 c3 ] in 3.92s #####
##### Running: /usr/lib/jvm/jdk-14.0.1/bin/java -jar /lab/itti/projects/checkers-competition/server/referee.jar on run_7_vdhankar_zizhaoh #####
Move is valid
##### SUCCESS: /usr/lib/jvm/jdk-14.0.1/bin/java -jar /lab/itti/projects/checkers-competition/server/referee.jar on run_7_vdhankar_zizhaoh #####
INPUT for vdhankar:
GAME
BLACK
223.551153182983
.b...b..
......b.
.w.w....
..b.b...
...b...b
w.w.b.w.
.....w.w
......w.
##### Running: /usr/bin/time -o time_7_vdhankar_zizhaoh.txt -f "%U" python3 homework.py > stulog.txt 2>&1 on vdhankar #####
child exited with value 1
##### ERROR: /usr/bin/time -o time_7_vdhankar_zizhaoh.txt -f "%U" python3 homework.py > stulog.txt 2>&1 on vdhankar #####
##### Output of failed program (stdout + stderr): #####
Traceback (most recent call last):
  File "homework.py", line 546, in <module>
    print(end-start)
NameError: name 'end' is not defined
##### End of output of failed program #####
##### vdhankar plays [J d4 b2] in 0.440555810928345s #####
##### Running: /usr/lib/jvm/jdk-14.0.1/bin/java -jar /lab/itti/projects/checkers-competition/server/referee.jar on run_7_vdhankar_zizhaoh #####
Move is valid
##### SUCCESS: /usr/lib/jvm/jdk-14.0.1/bin/java -jar /lab/itti/projects/checkers-competition/server/referee.jar on run_7_vdhankar_zizhaoh #####
INPUT for zizhaoh:
GAME
WHITE
252.6
.b...b..
......b.
.w.w....
..b.b...
.......b
w...b.w.
.b...w.w
......w.
##### Running: /usr/bin/time -o time_7_vdhankar_zizhaoh.txt -f "%U" python3 homework.py > stulog.txt 2>&1 on zizhaoh #####
##### SUCCESS: /usr/bin/time -o time_7_vdhankar_zizhaoh.txt -f "%U" python3 homework.py > stulog.txt 2>&1 on zizhaoh #####
##### zizhaoh plays [J f2 d4  ; J d4 f6  ; J f6 h8 ] in 0.23s #####
##### Running: /usr/lib/jvm/jdk-14.0.1/bin/java -jar /lab/itti/projects/checkers-competition/server/referee.jar on run_7_vdhankar_zizhaoh #####
Move is valid
##### SUCCESS: /usr/lib/jvm/jdk-14.0.1/bin/java -jar /lab/itti/projects/checkers-competition/server/referee.jar on run_7_vdhankar_zizhaoh #####
INPUT for vdhankar:
GAME
BLACK
223.110597372055
.b...b.W
........
.w.w....
..b.....
.......b
w.....w.
.b.....w
......w.
##### Running: /usr/bin/time -o time_7_vdhankar_zizhaoh.txt -f "%U" python3 homework.py > stulog.txt 2>&1 on vdhankar #####
child exited with value 1
##### ERROR: /usr/bin/time -o time_7_vdhankar_zizhaoh.txt -f "%U" python3 homework.py > stulog.txt 2>&1 on vdhankar #####
##### Output of failed program (stdout + stderr): #####
Traceback (most recent call last):
  File "homework.py", line 546, in <module>
    print(end-start)
NameError: name 'end' is not defined
##### End of output of failed program #####
##### vdhankar plays [J h4 f2] in 1.48350191116333s #####
##### Running: /usr/lib/jvm/jdk-14.0.1/bin/java -jar /lab/itti/projects/checkers-competition/server/referee.jar on run_7_vdhankar_zizhaoh #####
Move is valid
##### SUCCESS: /usr/lib/jvm/jdk-14.0.1/bin/java -jar /lab/itti/projects/checkers-competition/server/referee.jar on run_7_vdhankar_zizhaoh #####
INPUT for zizhaoh:
GAME
WHITE
252.37
.b...b.W
........
.w.w....
..b.....
........
w.......
.b...b.w
......w.
##### Running: /usr/bin/time -o time_7_vdhankar_zizhaoh.txt -f "%U" python3 homework.py > stulog.txt 2>&1 on zizhaoh #####
##### SUCCESS: /usr/bin/time -o time_7_vdhankar_zizhaoh.txt -f "%U" python3 homework.py > stulog.txt 2>&1 on zizhaoh #####
##### zizhaoh plays [J g1 e3 ] in 1.96s #####
##### Running: /usr/lib/jvm/jdk-14.0.1/bin/java -jar /lab/itti/projects/checkers-competition/server/referee.jar on run_7_vdhankar_zizhaoh #####
Move is valid
##### SUCCESS: /usr/lib/jvm/jdk-14.0.1/bin/java -jar /lab/itti/projects/checkers-competition/server/referee.jar on run_7_vdhankar_zizhaoh #####
INPUT for vdhankar:
GAME
BLACK
221.627095460892
.b...b.W
........
.w.w....
..b.....
........
w...w...
.b.....w
........
##### Running: /usr/bin/time -o time_7_vdhankar_zizhaoh.txt -f "%U" python3 homework.py > stulog.txt 2>&1 on vdhankar #####
child exited with value 1
##### ERROR: /usr/bin/time -o time_7_vdhankar_zizhaoh.txt -f "%U" python3 homework.py > stulog.txt 2>&1 on vdhankar #####
##### Output of failed program (stdout + stderr): #####
Traceback (most recent call last):
  File "homework.py", line 546, in <module>
    print(end-start)
NameError: name 'end' is not defined
##### End of output of failed program #####
##### vdhankar plays [E b2 c1] in 10.9962170124054s #####
##### Running: /usr/lib/jvm/jdk-14.0.1/bin/java -jar /lab/itti/projects/checkers-competition/server/referee.jar on run_7_vdhankar_zizhaoh #####
Move is valid
##### SUCCESS: /usr/lib/jvm/jdk-14.0.1/bin/java -jar /lab/itti/projects/checkers-competition/server/referee.jar on run_7_vdhankar_zizhaoh #####
INPUT for zizhaoh:
GAME
WHITE
250.41
.b...b.W
........
.w.w....
..b.....
........
w...w...
.......w
..B.....
##### Running: /usr/bin/time -o time_7_vdhankar_zizhaoh.txt -f "%U" python3 homework.py > stulog.txt 2>&1 on zizhaoh #####
##### SUCCESS: /usr/bin/time -o time_7_vdhankar_zizhaoh.txt -f "%U" python3 homework.py > stulog.txt 2>&1 on zizhaoh #####
##### zizhaoh plays [E b6 a7 ] in 6.66s #####
##### Running: /usr/lib/jvm/jdk-14.0.1/bin/java -jar /lab/itti/projects/checkers-competition/server/referee.jar on run_7_vdhankar_zizhaoh #####
Move is valid
##### SUCCESS: /usr/lib/jvm/jdk-14.0.1/bin/java -jar /lab/itti/projects/checkers-competition/server/referee.jar on run_7_vdhankar_zizhaoh #####
INPUT for vdhankar:
GAME
BLACK
210.630878448486
.b...b.W
w.......
...w....
..b.....
........
w...w...
.......w
..B.....
##### Running: /usr/bin/time -o time_7_vdhankar_zizhaoh.txt -f "%U" python3 homework.py > stulog.txt 2>&1 on vdhankar #####
child exited with value 1
##### ERROR: /usr/bin/time -o time_7_vdhankar_zizhaoh.txt -f "%U" python3 homework.py > stulog.txt 2>&1 on vdhankar #####
##### Output of failed program (stdout + stderr): #####
Traceback (most recent call last):
  File "homework.py", line 546, in <module>
    print(end-start)
NameError: name 'end' is not defined
##### End of output of failed program #####
##### vdhankar plays [E c1 d2] in 5.72879099845886s #####
##### Running: /usr/lib/jvm/jdk-14.0.1/bin/java -jar /lab/itti/projects/checkers-competition/server/referee.jar on run_7_vdhankar_zizhaoh #####
Move is valid
##### SUCCESS: /usr/lib/jvm/jdk-14.0.1/bin/java -jar /lab/itti/projects/checkers-competition/server/referee.jar on run_7_vdhankar_zizhaoh #####
INPUT for zizhaoh:
GAME
WHITE
243.75
.b...b.W
w.......
...w....
..b.....
........
w...w...
...B...w
........
##### Running: /usr/bin/time -o time_7_vdhankar_zizhaoh.txt -f "%U" python3 homework.py > stulog.txt 2>&1 on zizhaoh #####
##### SUCCESS: /usr/bin/time -o time_7_vdhankar_zizhaoh.txt -f "%U" python3 homework.py > stulog.txt 2>&1 on zizhaoh #####
##### zizhaoh plays [E e3 f4 ] in 4.72s #####
##### Running: /usr/lib/jvm/jdk-14.0.1/bin/java -jar /lab/itti/projects/checkers-competition/server/referee.jar on run_7_vdhankar_zizhaoh #####
Move is valid
##### SUCCESS: /usr/lib/jvm/jdk-14.0.1/bin/java -jar /lab/itti/projects/checkers-competition/server/referee.jar on run_7_vdhankar_zizhaoh #####
INPUT for vdhankar:
GAME
BLACK
204.902087450027
.b...b.W
w.......
...w....
..b.....
.....w..
w.......
...B...w
........
##### Running: /usr/bin/time -o time_7_vdhankar_zizhaoh.txt -f "%U" python3 homework.py > stulog.txt 2>&1 on vdhankar #####
child exited with value 1
##### ERROR: /usr/bin/time -o time_7_vdhankar_zizhaoh.txt -f "%U" python3 homework.py > stulog.txt 2>&1 on vdhankar #####
##### Output of failed program (stdout + stderr): #####
Traceback (most recent call last):
  File "homework.py", line 546, in <module>
    print(end-start)
NameError: name 'end' is not defined
##### End of output of failed program #####
##### vdhankar plays [E d2 e3] in 11.0459070205688s #####
##### Running: /usr/lib/jvm/jdk-14.0.1/bin/java -jar /lab/itti/projects/checkers-competition/server/referee.jar on run_7_vdhankar_zizhaoh #####
Move is valid
##### SUCCESS: /usr/lib/jvm/jdk-14.0.1/bin/java -jar /lab/itti/projects/checkers-competition/server/referee.jar on run_7_vdhankar_zizhaoh #####
INPUT for zizhaoh:
GAME
WHITE
239.03
.b...b.W
w.......
...w....
..b.....
.....w..
w...B...
.......w
........
##### Running: /usr/bin/time -o time_7_vdhankar_zizhaoh.txt -f "%U" python3 homework.py > stulog.txt 2>&1 on zizhaoh #####
##### SUCCESS: /usr/bin/time -o time_7_vdhankar_zizhaoh.txt -f "%U" python3 homework.py > stulog.txt 2>&1 on zizhaoh #####
##### zizhaoh plays [E f4 e5 ] in 5.96s #####
##### Running: /usr/lib/jvm/jdk-14.0.1/bin/java -jar /lab/itti/projects/checkers-competition/server/referee.jar on run_7_vdhankar_zizhaoh #####
Move is valid
##### SUCCESS: /usr/lib/jvm/jdk-14.0.1/bin/java -jar /lab/itti/projects/checkers-competition/server/referee.jar on run_7_vdhankar_zizhaoh #####
INPUT for vdhankar:
GAME
BLACK
193.856180429459
.b...b.W
w.......
...w....
..b.w...
........
w...B...
.......w
........
##### Running: /usr/bin/time -o time_7_vdhankar_zizhaoh.txt -f "%U" python3 homework.py > stulog.txt 2>&1 on vdhankar #####
child exited with value 1
##### ERROR: /usr/bin/time -o time_7_vdhankar_zizhaoh.txt -f "%U" python3 homework.py > stulog.txt 2>&1 on vdhankar #####
##### Output of failed program (stdout + stderr): #####
Traceback (most recent call last):
  File "homework.py", line 546, in <module>
    print(end-start)
NameError: name 'end' is not defined
##### End of output of failed program #####
##### vdhankar plays [E c5 d4] in 7.7239830493927s #####
##### Running: /usr/lib/jvm/jdk-14.0.1/bin/java -jar /lab/itti/projects/checkers-competition/server/referee.jar on run_7_vdhankar_zizhaoh #####
Move is valid
##### SUCCESS: /usr/lib/jvm/jdk-14.0.1/bin/java -jar /lab/itti/projects/checkers-competition/server/referee.jar on run_7_vdhankar_zizhaoh #####
INPUT for zizhaoh:
GAME
WHITE
233.07
.b...b.W
w.......
...w....
....w...
...b....
w...B...
.......w
........
##### Running: /usr/bin/time -o time_7_vdhankar_zizhaoh.txt -f "%U" python3 homework.py > stulog.txt 2>&1 on zizhaoh #####
##### SUCCESS: /usr/bin/time -o time_7_vdhankar_zizhaoh.txt -f "%U" python3 homework.py > stulog.txt 2>&1 on zizhaoh #####
##### zizhaoh plays [E e5 f6 ] in 6.2s #####
##### Running: /usr/lib/jvm/jdk-14.0.1/bin/java -jar /lab/itti/projects/checkers-competition/server/referee.jar on run_7_vdhankar_zizhaoh #####
Move is valid
##### SUCCESS: /usr/lib/jvm/jdk-14.0.1/bin/java -jar /lab/itti/projects/checkers-competition/server/referee.jar on run_7_vdhankar_zizhaoh #####
INPUT for vdhankar:
GAME
BLACK
186.132197380066
.b...b.W
w.......
...w.w..
........
...b....
w...B...
.......w
........
##### Running: /usr/bin/time -o time_7_vdhankar_zizhaoh.txt -f "%U" python3 homework.py > stulog.txt 2>&1 on vdhankar #####
child exited with value 1
##### ERROR: /usr/bin/time -o time_7_vdhankar_zizhaoh.txt -f "%U" python3 homework.py > stulog.txt 2>&1 on vdhankar #####
##### Output of failed program (stdout + stderr): #####
Traceback (most recent call last):
  File "homework.py", line 546, in <module>
    print(end-start)
NameError: name 'end' is not defined
##### End of output of failed program #####
##### vdhankar plays [E d4 c3] in 8.22053909301758s #####
##### Running: /usr/lib/jvm/jdk-14.0.1/bin/java -jar /lab/itti/projects/checkers-competition/server/referee.jar on run_7_vdhankar_zizhaoh #####
Move is valid
##### SUCCESS: /usr/lib/jvm/jdk-14.0.1/bin/java -jar /lab/itti/projects/checkers-competition/server/referee.jar on run_7_vdhankar_zizhaoh #####
INPUT for zizhaoh:
GAME
WHITE
226.87
.b...b.W
w.......
...w.w..
........
........
w.b.B...
.......w
........
##### Running: /usr/bin/time -o time_7_vdhankar_zizhaoh.txt -f "%U" python3 homework.py > stulog.txt 2>&1 on zizhaoh #####
##### SUCCESS: /usr/bin/time -o time_7_vdhankar_zizhaoh.txt -f "%U" python3 homework.py > stulog.txt 2>&1 on zizhaoh #####
##### zizhaoh plays [E f6 e7 ] in 6.27s #####
##### Running: /usr/lib/jvm/jdk-14.0.1/bin/java -jar /lab/itti/projects/checkers-competition/server/referee.jar on run_7_vdhankar_zizhaoh #####
Move is valid
##### SUCCESS: /usr/lib/jvm/jdk-14.0.1/bin/java -jar /lab/itti/projects/checkers-competition/server/referee.jar on run_7_vdhankar_zizhaoh #####
INPUT for vdhankar:
GAME
BLACK
177.911658287048
.b...b.W
w...w...
...w....
........
........
w.b.B...
.......w
........
##### Running: /usr/bin/time -o time_7_vdhankar_zizhaoh.txt -f "%U" python3 homework.py > stulog.txt 2>&1 on vdhankar #####
child exited with value 1
##### ERROR: /usr/bin/time -o time_7_vdhankar_zizhaoh.txt -f "%U" python3 homework.py > stulog.txt 2>&1 on vdhankar #####
##### Output of failed program (stdout + stderr): #####
Traceback (most recent call last):
  File "homework.py", line 546, in <module>
    print(end-start)
NameError: name 'end' is not defined
##### End of output of failed program #####
##### vdhankar plays [E e3 d4] in 6.53383588790894s #####
##### Running: /usr/lib/jvm/jdk-14.0.1/bin/java -jar /lab/itti/projects/checkers-competition/server/referee.jar on run_7_vdhankar_zizhaoh #####
Move is valid
##### SUCCESS: /usr/lib/jvm/jdk-14.0.1/bin/java -jar /lab/itti/projects/checkers-competition/server/referee.jar on run_7_vdhankar_zizhaoh #####
INPUT for zizhaoh:
GAME
WHITE
220.6
.b...b.W
w...w...
...w....
........
...B....
w.b.....
.......w
........
##### Running: /usr/bin/time -o time_7_vdhankar_zizhaoh.txt -f "%U" python3 homework.py > stulog.txt 2>&1 on zizhaoh #####
##### SUCCESS: /usr/bin/time -o time_7_vdhankar_zizhaoh.txt -f "%U" python3 homework.py > stulog.txt 2>&1 on zizhaoh #####
##### zizhaoh plays [E e7 d8 ] in 5.62s #####
##### Running: /usr/lib/jvm/jdk-14.0.1/bin/java -jar /lab/itti/projects/checkers-competition/server/referee.jar on run_7_vdhankar_zizhaoh #####
Move is valid
##### SUCCESS: /usr/lib/jvm/jdk-14.0.1/bin/java -jar /lab/itti/projects/checkers-competition/server/referee.jar on run_7_vdhankar_zizhaoh #####
INPUT for vdhankar:
GAME
BLACK
171.377822399139
.b.W.b.W
w.......
...w....
........
...B....
w.b.....
.......w
........
##### Running: /usr/bin/time -o time_7_vdhankar_zizhaoh.txt -f "%U" python3 homework.py > stulog.txt 2>&1 on vdhankar #####
child exited with value 1
##### ERROR: /usr/bin/time -o time_7_vdhankar_zizhaoh.txt -f "%U" python3 homework.py > stulog.txt 2>&1 on vdhankar #####
##### Output of failed program (stdout + stderr): #####
Traceback (most recent call last):
  File "homework.py", line 546, in <module>
    print(end-start)
NameError: name 'end' is not defined
##### End of output of failed program #####
##### vdhankar plays [E c3 d2] in 18.3451120853424s #####
##### Running: /usr/lib/jvm/jdk-14.0.1/bin/java -jar /lab/itti/projects/checkers-competition/server/referee.jar on run_7_vdhankar_zizhaoh #####
Move is valid
##### SUCCESS: /usr/lib/jvm/jdk-14.0.1/bin/java -jar /lab/itti/projects/checkers-competition/server/referee.jar on run_7_vdhankar_zizhaoh #####
INPUT for zizhaoh:
GAME
WHITE
214.98
.b.W.b.W
w.......
...w....
........
...B....
w.......
...b...w
........
##### Running: /usr/bin/time -o time_7_vdhankar_zizhaoh.txt -f "%U" python3 homework.py > stulog.txt 2>&1 on zizhaoh #####
##### SUCCESS: /usr/bin/time -o time_7_vdhankar_zizhaoh.txt -f "%U" python3 homework.py > stulog.txt 2>&1 on zizhaoh #####
##### zizhaoh plays [E d8 c7 ] in 8.98s #####
##### Running: /usr/lib/jvm/jdk-14.0.1/bin/java -jar /lab/itti/projects/checkers-competition/server/referee.jar on run_7_vdhankar_zizhaoh #####
Move is valid
##### SUCCESS: /usr/lib/jvm/jdk-14.0.1/bin/java -jar /lab/itti/projects/checkers-competition/server/referee.jar on run_7_vdhankar_zizhaoh #####
INPUT for vdhankar:
GAME
BLACK
153.032710313797
.b...b.W
w.W.....
...w....
........
...B....
w.......
...b...w
........
##### Running: /usr/bin/time -o time_7_vdhankar_zizhaoh.txt -f "%U" python3 homework.py > stulog.txt 2>&1 on vdhankar #####
child exited with value 1
##### ERROR: /usr/bin/time -o time_7_vdhankar_zizhaoh.txt -f "%U" python3 homework.py > stulog.txt 2>&1 on vdhankar #####
##### Output of failed program (stdout + stderr): #####
Traceback (most recent call last):
  File "homework.py", line 546, in <module>
    print(end-start)
NameError: name 'end' is not defined
##### End of output of failed program #####
##### vdhankar plays [E d2 e1] in 8.83227109909058s #####
##### Running: /usr/lib/jvm/jdk-14.0.1/bin/java -jar /lab/itti/projects/checkers-competition/server/referee.jar on run_7_vdhankar_zizhaoh #####
Move is valid
##### SUCCESS: /usr/lib/jvm/jdk-14.0.1/bin/java -jar /lab/itti/projects/checkers-competition/server/referee.jar on run_7_vdhankar_zizhaoh #####
INPUT for zizhaoh:
GAME
WHITE
206
.b...b.W
w.W.....
...w....
........
...B....
w.......
.......w
....B...
##### Running: /usr/bin/time -o time_7_vdhankar_zizhaoh.txt -f "%U" python3 homework.py > stulog.txt 2>&1 on zizhaoh #####
##### SUCCESS: /usr/bin/time -o time_7_vdhankar_zizhaoh.txt -f "%U" python3 homework.py > stulog.txt 2>&1 on zizhaoh #####
##### zizhaoh plays [E c7 d8 ] in 6.76s #####
##### Running: /usr/lib/jvm/jdk-14.0.1/bin/java -jar /lab/itti/projects/checkers-competition/server/referee.jar on run_7_vdhankar_zizhaoh #####
Move is valid
##### SUCCESS: /usr/lib/jvm/jdk-14.0.1/bin/java -jar /lab/itti/projects/checkers-competition/server/referee.jar on run_7_vdhankar_zizhaoh #####
INPUT for vdhankar:
GAME
BLACK
144.200439214706
.b.W.b.W
w.......
...w....
........
...B....
w.......
.......w
....B...
##### Running: /usr/bin/time -o time_7_vdhankar_zizhaoh.txt -f "%U" python3 homework.py > stulog.txt 2>&1 on vdhankar #####
child exited with value 1
##### ERROR: /usr/bin/time -o time_7_vdhankar_zizhaoh.txt -f "%U" python3 homework.py > stulog.txt 2>&1 on vdhankar #####
##### Output of failed program (stdout + stderr): #####
Traceback (most recent call last):
  File "homework.py", line 546, in <module>
    print(end-start)
NameError: name 'end' is not defined
##### End of output of failed program #####
##### vdhankar plays [E e1 f2] in 19.2943730354309s #####
##### Running: /usr/lib/jvm/jdk-14.0.1/bin/java -jar /lab/itti/projects/checkers-competition/server/referee.jar on run_7_vdhankar_zizhaoh #####
Move is valid
##### SUCCESS: /usr/lib/jvm/jdk-14.0.1/bin/java -jar /lab/itti/projects/checkers-competition/server/referee.jar on run_7_vdhankar_zizhaoh #####
INPUT for zizhaoh:
GAME
WHITE
199.24
.b.W.b.W
w.......
...w....
........
...B....
w.......
.....B.w
........
##### Running: /usr/bin/time -o time_7_vdhankar_zizhaoh.txt -f "%U" python3 homework.py > stulog.txt 2>&1 on zizhaoh #####
##### SUCCESS: /usr/bin/time -o time_7_vdhankar_zizhaoh.txt -f "%U" python3 homework.py > stulog.txt 2>&1 on zizhaoh #####
##### zizhaoh plays [E d8 c7 ] in 5.37s #####
##### Running: /usr/lib/jvm/jdk-14.0.1/bin/java -jar /lab/itti/projects/checkers-competition/server/referee.jar on run_7_vdhankar_zizhaoh #####
Move is valid
##### SUCCESS: /usr/lib/jvm/jdk-14.0.1/bin/java -jar /lab/itti/projects/checkers-competition/server/referee.jar on run_7_vdhankar_zizhaoh #####
INPUT for vdhankar:
GAME
BLACK
124.906066179276
.b...b.W
w.W.....
...w....
........
...B....
w.......
.....B.w
........
##### Running: /usr/bin/time -o time_7_vdhankar_zizhaoh.txt -f "%U" python3 homework.py > stulog.txt 2>&1 on vdhankar #####
child exited with value 1
##### ERROR: /usr/bin/time -o time_7_vdhankar_zizhaoh.txt -f "%U" python3 homework.py > stulog.txt 2>&1 on vdhankar #####
##### Output of failed program (stdout + stderr): #####
Traceback (most recent call last):
  File "homework.py", line 546, in <module>
    print(end-start)
NameError: name 'end' is not defined
##### End of output of failed program #####
##### vdhankar plays [E f2 e3] in 12.2067291736603s #####
##### Running: /usr/lib/jvm/jdk-14.0.1/bin/java -jar /lab/itti/projects/checkers-competition/server/referee.jar on run_7_vdhankar_zizhaoh #####
Move is valid
##### SUCCESS: /usr/lib/jvm/jdk-14.0.1/bin/java -jar /lab/itti/projects/checkers-competition/server/referee.jar on run_7_vdhankar_zizhaoh #####
INPUT for zizhaoh:
GAME
WHITE
193.87
.b...b.W
w.W.....
...w....
........
...B....
w...B...
.......w
........
##### Running: /usr/bin/time -o time_7_vdhankar_zizhaoh.txt -f "%U" python3 homework.py > stulog.txt 2>&1 on zizhaoh #####
##### SUCCESS: /usr/bin/time -o time_7_vdhankar_zizhaoh.txt -f "%U" python3 homework.py > stulog.txt 2>&1 on zizhaoh #####
##### zizhaoh plays [E c7 d8 ] in 7.61s #####
##### Running: /usr/lib/jvm/jdk-14.0.1/bin/java -jar /lab/itti/projects/checkers-competition/server/referee.jar on run_7_vdhankar_zizhaoh #####
Move is valid
##### SUCCESS: /usr/lib/jvm/jdk-14.0.1/bin/java -jar /lab/itti/projects/checkers-competition/server/referee.jar on run_7_vdhankar_zizhaoh #####
INPUT for vdhankar:
GAME
BLACK
112.699337005615
.b.W.b.W
w.......
...w....
........
...B....
w...B...
.......w
........
##### Running: /usr/bin/time -o time_7_vdhankar_zizhaoh.txt -f "%U" python3 homework.py > stulog.txt 2>&1 on vdhankar #####
child exited with value 1
##### ERROR: /usr/bin/time -o time_7_vdhankar_zizhaoh.txt -f "%U" python3 homework.py > stulog.txt 2>&1 on vdhankar #####
##### Output of failed program (stdout + stderr): #####
Traceback (most recent call last):
  File "homework.py", line 546, in <module>
    print(end-start)
NameError: name 'end' is not defined
##### End of output of failed program #####
##### vdhankar plays [E e3 f4] in 18.7735850811005s #####
##### Running: /usr/lib/jvm/jdk-14.0.1/bin/java -jar /lab/itti/projects/checkers-competition/server/referee.jar on run_7_vdhankar_zizhaoh #####
Move is valid
##### SUCCESS: /usr/lib/jvm/jdk-14.0.1/bin/java -jar /lab/itti/projects/checkers-competition/server/referee.jar on run_7_vdhankar_zizhaoh #####
INPUT for zizhaoh:
GAME
WHITE
186.26
.b.W.b.W
w.......
...w....
........
...B.B..
w.......
.......w
........
##### Running: /usr/bin/time -o time_7_vdhankar_zizhaoh.txt -f "%U" python3 homework.py > stulog.txt 2>&1 on zizhaoh #####
##### SUCCESS: /usr/bin/time -o time_7_vdhankar_zizhaoh.txt -f "%U" python3 homework.py > stulog.txt 2>&1 on zizhaoh #####
##### zizhaoh plays [E d8 c7 ] in 6.02s #####
##### Running: /usr/lib/jvm/jdk-14.0.1/bin/java -jar /lab/itti/projects/checkers-competition/server/referee.jar on run_7_vdhankar_zizhaoh #####
Move is valid
##### SUCCESS: /usr/lib/jvm/jdk-14.0.1/bin/java -jar /lab/itti/projects/checkers-competition/server/referee.jar on run_7_vdhankar_zizhaoh #####
INPUT for vdhankar:
GAME
BLACK
93.9257519245148
.b...b.W
w.W.....
...w....
........
...B.B..
w.......
.......w
........
##### Running: /usr/bin/time -o time_7_vdhankar_zizhaoh.txt -f "%U" python3 homework.py > stulog.txt 2>&1 on vdhankar #####
child exited with value 1
##### ERROR: /usr/bin/time -o time_7_vdhankar_zizhaoh.txt -f "%U" python3 homework.py > stulog.txt 2>&1 on vdhankar #####
##### Output of failed program (stdout + stderr): #####
Traceback (most recent call last):
  File "homework.py", line 546, in <module>
    print(end-start)
NameError: name 'end' is not defined
##### End of output of failed program #####
##### vdhankar plays [E f4 g5] in 8.89972019195557s #####
##### Running: /usr/lib/jvm/jdk-14.0.1/bin/java -jar /lab/itti/projects/checkers-competition/server/referee.jar on run_7_vdhankar_zizhaoh #####
Move is valid
##### SUCCESS: /usr/lib/jvm/jdk-14.0.1/bin/java -jar /lab/itti/projects/checkers-competition/server/referee.jar on run_7_vdhankar_zizhaoh #####
INPUT for zizhaoh:
GAME
WHITE
180.24
.b...b.W
w.W.....
...w....
......B.
...B....
w.......
.......w
........
##### Running: /usr/bin/time -o time_7_vdhankar_zizhaoh.txt -f "%U" python3 homework.py > stulog.txt 2>&1 on zizhaoh #####
##### SUCCESS: /usr/bin/time -o time_7_vdhankar_zizhaoh.txt -f "%U" python3 homework.py > stulog.txt 2>&1 on zizhaoh #####
##### zizhaoh plays [E c7 d8 ] in 7.96s #####
##### Running: /usr/lib/jvm/jdk-14.0.1/bin/java -jar /lab/itti/projects/checkers-competition/server/referee.jar on run_7_vdhankar_zizhaoh #####
Move is valid
##### SUCCESS: /usr/lib/jvm/jdk-14.0.1/bin/java -jar /lab/itti/projects/checkers-competition/server/referee.jar on run_7_vdhankar_zizhaoh #####
INPUT for vdhankar:
GAME
BLACK
85.0260317325592
.b.W.b.W
w.......
...w....
......B.
...B....
w.......
.......w
........
##### Running: /usr/bin/time -o time_7_vdhankar_zizhaoh.txt -f "%U" python3 homework.py > stulog.txt 2>&1 on vdhankar #####
child exited with value 1
##### ERROR: /usr/bin/time -o time_7_vdhankar_zizhaoh.txt -f "%U" python3 homework.py > stulog.txt 2>&1 on vdhankar #####
##### Output of failed program (stdout + stderr): #####
Traceback (most recent call last):
  File "homework.py", line 546, in <module>
    print(end-start)
NameError: name 'end' is not defined
##### End of output of failed program #####
##### vdhankar plays [E d4 e3] in 10.9754309654236s #####
##### Running: /usr/lib/jvm/jdk-14.0.1/bin/java -jar /lab/itti/projects/checkers-competition/server/referee.jar on run_7_vdhankar_zizhaoh #####
Move is valid
##### SUCCESS: /usr/lib/jvm/jdk-14.0.1/bin/java -jar /lab/itti/projects/checkers-competition/server/referee.jar on run_7_vdhankar_zizhaoh #####
INPUT for zizhaoh:
GAME
WHITE
172.28
.b.W.b.W
w.......
...w....
......B.
........
w...B...
.......w
........
##### Running: /usr/bin/time -o time_7_vdhankar_zizhaoh.txt -f "%U" python3 homework.py > stulog.txt 2>&1 on zizhaoh #####
##### SUCCESS: /usr/bin/time -o time_7_vdhankar_zizhaoh.txt -f "%U" python3 homework.py > stulog.txt 2>&1 on zizhaoh #####
##### zizhaoh plays [E d8 c7 ] in 5.79s #####
##### Running: /usr/lib/jvm/jdk-14.0.1/bin/java -jar /lab/itti/projects/checkers-competition/server/referee.jar on run_7_vdhankar_zizhaoh #####
Move is valid
##### SUCCESS: /usr/lib/jvm/jdk-14.0.1/bin/java -jar /lab/itti/projects/checkers-competition/server/referee.jar on run_7_vdhankar_zizhaoh #####
INPUT for vdhankar:
GAME
BLACK
74.0506007671356
.b...b.W
w.W.....
...w....
......B.
........
w...B...
.......w
........
##### Running: /usr/bin/time -o time_7_vdhankar_zizhaoh.txt -f "%U" python3 homework.py > stulog.txt 2>&1 on vdhankar #####
child exited with value 1
##### ERROR: /usr/bin/time -o time_7_vdhankar_zizhaoh.txt -f "%U" python3 homework.py > stulog.txt 2>&1 on vdhankar #####
##### Output of failed program (stdout + stderr): #####
Traceback (most recent call last):
  File "homework.py", line 546, in <module>
    print(end-start)
NameError: name 'end' is not defined
##### End of output of failed program #####
##### vdhankar plays [E e3 d4] in 13.3615300655365s #####
##### Running: /usr/lib/jvm/jdk-14.0.1/bin/java -jar /lab/itti/projects/checkers-competition/server/referee.jar on run_7_vdhankar_zizhaoh #####
Move is valid
##### SUCCESS: /usr/lib/jvm/jdk-14.0.1/bin/java -jar /lab/itti/projects/checkers-competition/server/referee.jar on run_7_vdhankar_zizhaoh #####
INPUT for zizhaoh:
GAME
WHITE
166.49
.b...b.W
w.W.....
...w....
......B.
...B....
w.......
.......w
........
##### Running: /usr/bin/time -o time_7_vdhankar_zizhaoh.txt -f "%U" python3 homework.py > stulog.txt 2>&1 on zizhaoh #####
##### SUCCESS: /usr/bin/time -o time_7_vdhankar_zizhaoh.txt -f "%U" python3 homework.py > stulog.txt 2>&1 on zizhaoh #####
##### zizhaoh plays [E c7 d8 ] in 7.53s #####
##### Running: /usr/lib/jvm/jdk-14.0.1/bin/java -jar /lab/itti/projects/checkers-competition/server/referee.jar on run_7_vdhankar_zizhaoh #####
Move is valid
##### SUCCESS: /usr/lib/jvm/jdk-14.0.1/bin/java -jar /lab/itti/projects/checkers-competition/server/referee.jar on run_7_vdhankar_zizhaoh #####
INPUT for vdhankar:
GAME
BLACK
60.6890707015991
.b.W.b.W
w.......
...w....
......B.
...B....
w.......
.......w
........
##### Running: /usr/bin/time -o time_7_vdhankar_zizhaoh.txt -f "%U" python3 homework.py > stulog.txt 2>&1 on vdhankar #####
child exited with value 1
##### ERROR: /usr/bin/time -o time_7_vdhankar_zizhaoh.txt -f "%U" python3 homework.py > stulog.txt 2>&1 on vdhankar #####
##### Output of failed program (stdout + stderr): #####
Traceback (most recent call last):
  File "homework.py", line 546, in <module>
    print(end-start)
NameError: name 'end' is not defined
##### End of output of failed program #####
##### vdhankar plays [E d4 e3] in 10.7061469554901s #####
##### Running: /usr/lib/jvm/jdk-14.0.1/bin/java -jar /lab/itti/projects/checkers-competition/server/referee.jar on run_7_vdhankar_zizhaoh #####
Move is valid
##### SUCCESS: /usr/lib/jvm/jdk-14.0.1/bin/java -jar /lab/itti/projects/checkers-competition/server/referee.jar on run_7_vdhankar_zizhaoh #####
INPUT for zizhaoh:
GAME
WHITE
158.96
.b.W.b.W
w.......
...w....
......B.
........
w...B...
.......w
........
##### Running: /usr/bin/time -o time_7_vdhankar_zizhaoh.txt -f "%U" python3 homework.py > stulog.txt 2>&1 on zizhaoh #####
##### SUCCESS: /usr/bin/time -o time_7_vdhankar_zizhaoh.txt -f "%U" python3 homework.py > stulog.txt 2>&1 on zizhaoh #####
##### zizhaoh plays [E d8 c7 ] in 5.7s #####
##### Running: /usr/lib/jvm/jdk-14.0.1/bin/java -jar /lab/itti/projects/checkers-competition/server/referee.jar on run_7_vdhankar_zizhaoh #####
Move is valid
##### SUCCESS: /usr/lib/jvm/jdk-14.0.1/bin/java -jar /lab/itti/projects/checkers-competition/server/referee.jar on run_7_vdhankar_zizhaoh #####
INPUT for vdhankar:
GAME
BLACK
49.982923746109
.b...b.W
w.W.....
...w....
......B.
........
w...B...
.......w
........
##### Running: /usr/bin/time -o time_7_vdhankar_zizhaoh.txt -f "%U" python3 homework.py > stulog.txt 2>&1 on vdhankar #####
child exited with value 1
##### ERROR: /usr/bin/time -o time_7_vdhankar_zizhaoh.txt -f "%U" python3 homework.py > stulog.txt 2>&1 on vdhankar #####
##### Output of failed program (stdout + stderr): #####
Traceback (most recent call last):
  File "homework.py", line 546, in <module>
    print(end-start)
NameError: name 'end' is not defined
##### End of output of failed program #####
##### vdhankar plays [E e3 d2] in 5.42811012268066s #####
##### Running: /usr/lib/jvm/jdk-14.0.1/bin/java -jar /lab/itti/projects/checkers-competition/server/referee.jar on run_7_vdhankar_zizhaoh #####
Move is valid
##### SUCCESS: /usr/lib/jvm/jdk-14.0.1/bin/java -jar /lab/itti/projects/checkers-competition/server/referee.jar on run_7_vdhankar_zizhaoh #####
INPUT for zizhaoh:
GAME
WHITE
153.26
.b...b.W
w.W.....
...w....
......B.
........
w.......
...B...w
........
##### Running: /usr/bin/time -o time_7_vdhankar_zizhaoh.txt -f "%U" python3 homework.py > stulog.txt 2>&1 on zizhaoh #####
##### SUCCESS: /usr/bin/time -o time_7_vdhankar_zizhaoh.txt -f "%U" python3 homework.py > stulog.txt 2>&1 on zizhaoh #####
##### zizhaoh plays [E c7 d8 ] in 7.11s #####
##### Running: /usr/lib/jvm/jdk-14.0.1/bin/java -jar /lab/itti/projects/checkers-competition/server/referee.jar on run_7_vdhankar_zizhaoh #####
Move is valid
##### SUCCESS: /usr/lib/jvm/jdk-14.0.1/bin/java -jar /lab/itti/projects/checkers-competition/server/referee.jar on run_7_vdhankar_zizhaoh #####
INPUT for vdhankar:
GAME
BLACK
44.5548136234283
.b.W.b.W
w.......
...w....
......B.
........
w.......
...B...w
........
##### Running: /usr/bin/time -o time_7_vdhankar_zizhaoh.txt -f "%U" python3 homework.py > stulog.txt 2>&1 on vdhankar #####
child exited with value 1
##### ERROR: /usr/bin/time -o time_7_vdhankar_zizhaoh.txt -f "%U" python3 homework.py > stulog.txt 2>&1 on vdhankar #####
##### Output of failed program (stdout + stderr): #####
Traceback (most recent call last):
  File "homework.py", line 546, in <module>
    print(end-start)
NameError: name 'end' is not defined
##### End of output of failed program #####
##### vdhankar plays [E d2 e3] in 6.89634799957275s #####
##### Running: /usr/lib/jvm/jdk-14.0.1/bin/java -jar /lab/itti/projects/checkers-competition/server/referee.jar on run_7_vdhankar_zizhaoh #####
Move is valid
##### SUCCESS: /usr/lib/jvm/jdk-14.0.1/bin/java -jar /lab/itti/projects/checkers-competition/server/referee.jar on run_7_vdhankar_zizhaoh #####
INPUT for zizhaoh:
GAME
WHITE
146.15
.b.W.b.W
w.......
...w....
......B.
........
w...B...
.......w
........
##### Running: /usr/bin/time -o time_7_vdhankar_zizhaoh.txt -f "%U" python3 homework.py > stulog.txt 2>&1 on zizhaoh #####
##### SUCCESS: /usr/bin/time -o time_7_vdhankar_zizhaoh.txt -f "%U" python3 homework.py > stulog.txt 2>&1 on zizhaoh #####
##### zizhaoh plays [E d8 c7 ] in 5.6s #####
##### Running: /usr/lib/jvm/jdk-14.0.1/bin/java -jar /lab/itti/projects/checkers-competition/server/referee.jar on run_7_vdhankar_zizhaoh #####
Move is valid
Seen this position 3 times
*** Game ends in draw ***
##### SUCCESS: /usr/lib/jvm/jdk-14.0.1/bin/java -jar /lab/itti/projects/checkers-competition/server/referee.jar on run_7_vdhankar_zizhaoh #####
##### GAME ENDS IN A DRAW. Time left for vdhankar: 37.6584656238556s, zizhaoh: 140.55s
Server said: DRAW
##### GAME OVER: the game ends in a draw, zizhaoh wins by time remaining #####
########## ROUND 7 GAMESCORE AFTER GAME 1: vdhankar=0 and zizhaoh=1 ##########
#################### ROUND 7: vdhankar (W) vs zizhaoh (B): game 2 ####################
##### game start! #####
INPUT for zizhaoh:
GAME
BLACK
300
.b.b.b.b
b.b.b.b.
.b.b.b.b
........
........
w.w.w.w.
.w.w.w.w
w.w.w.w.
##### Running: /usr/bin/time -o time_7_vdhankar_zizhaoh.txt -f "%U" python3 homework.py > stulog.txt 2>&1 on zizhaoh #####
##### SUCCESS: /usr/bin/time -o time_7_vdhankar_zizhaoh.txt -f "%U" python3 homework.py > stulog.txt 2>&1 on zizhaoh #####
##### zizhaoh plays [E b6 a5 ] in 6.71s #####
##### Running: /usr/lib/jvm/jdk-14.0.1/bin/java -jar /lab/itti/projects/checkers-competition/server/referee.jar on run_7_vdhankar_zizhaoh #####
Move is valid
Couldn't read file 'current_ply.txt'
Couldn't read content from file 'current_ply.txt'
Couldn't read file 'lastmatchange_ply.txt'
Couldn't read content from file 'lastmatchange_ply.txt'
##### SUCCESS: /usr/lib/jvm/jdk-14.0.1/bin/java -jar /lab/itti/projects/checkers-competition/server/referee.jar on run_7_vdhankar_zizhaoh #####
INPUT for vdhankar:
GAME
WHITE
300
.b.b.b.b
b.b.b.b.
...b.b.b
b.......
........
w.w.w.w.
.w.w.w.w
w.w.w.w.
##### Running: /usr/bin/time -o time_7_vdhankar_zizhaoh.txt -f "%U" python3 homework.py > stulog.txt 2>&1 on vdhankar #####
child exited with value 1
##### ERROR: /usr/bin/time -o time_7_vdhankar_zizhaoh.txt -f "%U" python3 homework.py > stulog.txt 2>&1 on vdhankar #####
##### Output of failed program (stdout + stderr): #####
Traceback (most recent call last):
  File "homework.py", line 546, in <module>
    print(end-start)
NameError: name 'end' is not defined
##### End of output of failed program #####
##### vdhankar plays [E g3 h4] in 13.4890949726105s #####
##### Running: /usr/lib/jvm/jdk-14.0.1/bin/java -jar /lab/itti/projects/checkers-competition/server/referee.jar on run_7_vdhankar_zizhaoh #####
Move is valid
##### SUCCESS: /usr/lib/jvm/jdk-14.0.1/bin/java -jar /lab/itti/projects/checkers-competition/server/referee.jar on run_7_vdhankar_zizhaoh #####
INPUT for zizhaoh:
GAME
BLACK
293.29
.b.b.b.b
b.b.b.b.
...b.b.b
b.......
.......w
w.w.w...
.w.w.w.w
w.w.w.w.
##### Running: /usr/bin/time -o time_7_vdhankar_zizhaoh.txt -f "%U" python3 homework.py > stulog.txt 2>&1 on zizhaoh #####
##### SUCCESS: /usr/bin/time -o time_7_vdhankar_zizhaoh.txt -f "%U" python3 homework.py > stulog.txt 2>&1 on zizhaoh #####
##### zizhaoh plays [E a7 b6 ] in 5.56s #####
##### Running: /usr/lib/jvm/jdk-14.0.1/bin/java -jar /lab/itti/projects/checkers-competition/server/referee.jar on run_7_vdhankar_zizhaoh #####
Move is valid
##### SUCCESS: /usr/lib/jvm/jdk-14.0.1/bin/java -jar /lab/itti/projects/checkers-competition/server/referee.jar on run_7_vdhankar_zizhaoh #####
INPUT for vdhankar:
GAME
WHITE
286.51090502739
.b.b.b.b
..b.b.b.
.b.b.b.b
b.......
.......w
w.w.w...
.w.w.w.w
w.w.w.w.
##### Running: /usr/bin/time -o time_7_vdhankar_zizhaoh.txt -f "%U" python3 homework.py > stulog.txt 2>&1 on vdhankar #####
child exited with value 1
##### ERROR: /usr/bin/time -o time_7_vdhankar_zizhaoh.txt -f "%U" python3 homework.py > stulog.txt 2>&1 on vdhankar #####
##### Output of failed program (stdout + stderr): #####
Traceback (most recent call last):
  File "homework.py", line 546, in <module>
    print(end-start)
NameError: name 'end' is not defined
##### End of output of failed program #####
##### vdhankar plays [E h2 g3] in 17.0609230995178s #####
##### Running: /usr/lib/jvm/jdk-14.0.1/bin/java -jar /lab/itti/projects/checkers-competition/server/referee.jar on run_7_vdhankar_zizhaoh #####
Move is valid
##### SUCCESS: /usr/lib/jvm/jdk-14.0.1/bin/java -jar /lab/itti/projects/checkers-competition/server/referee.jar on run_7_vdhankar_zizhaoh #####
INPUT for zizhaoh:
GAME
BLACK
287.73
.b.b.b.b
..b.b.b.
.b.b.b.b
b.......
.......w
w.w.w.w.
.w.w.w..
w.w.w.w.
##### Running: /usr/bin/time -o time_7_vdhankar_zizhaoh.txt -f "%U" python3 homework.py > stulog.txt 2>&1 on zizhaoh #####
##### SUCCESS: /usr/bin/time -o time_7_vdhankar_zizhaoh.txt -f "%U" python3 homework.py > stulog.txt 2>&1 on zizhaoh #####
##### zizhaoh plays [E b8 a7 ] in 6.73s #####
##### Running: /usr/lib/jvm/jdk-14.0.1/bin/java -jar /lab/itti/projects/checkers-competition/server/referee.jar on run_7_vdhankar_zizhaoh #####
Move is valid
##### SUCCESS: /usr/lib/jvm/jdk-14.0.1/bin/java -jar /lab/itti/projects/checkers-competition/server/referee.jar on run_7_vdhankar_zizhaoh #####
INPUT for vdhankar:
GAME
WHITE
269.449981927872
...b.b.b
b.b.b.b.
.b.b.b.b
b.......
.......w
w.w.w.w.
.w.w.w..
w.w.w.w.
##### Running: /usr/bin/time -o time_7_vdhankar_zizhaoh.txt -f "%U" python3 homework.py > stulog.txt 2>&1 on vdhankar #####
child exited with value 1
##### ERROR: /usr/bin/time -o time_7_vdhankar_zizhaoh.txt -f "%U" python3 homework.py > stulog.txt 2>&1 on vdhankar #####
##### Output of failed program (stdout + stderr): #####
Traceback (most recent call last):
  File "homework.py", line 546, in <module>
    print(end-start)
NameError: name 'end' is not defined
##### End of output of failed program #####
##### vdhankar plays [E c3 d4] in 5.57120084762573s #####
##### Running: /usr/lib/jvm/jdk-14.0.1/bin/java -jar /lab/itti/projects/checkers-competition/server/referee.jar on run_7_vdhankar_zizhaoh #####
Move is valid
##### SUCCESS: /usr/lib/jvm/jdk-14.0.1/bin/java -jar /lab/itti/projects/checkers-competition/server/referee.jar on run_7_vdhankar_zizhaoh #####
INPUT for zizhaoh:
GAME
BLACK
281
...b.b.b
b.b.b.b.
.b.b.b.b
b.......
...w...w
w...w.w.
.w.w.w..
w.w.w.w.
##### Running: /usr/bin/time -o time_7_vdhankar_zizhaoh.txt -f "%U" python3 homework.py > stulog.txt 2>&1 on zizhaoh #####
##### SUCCESS: /usr/bin/time -o time_7_vdhankar_zizhaoh.txt -f "%U" python3 homework.py > stulog.txt 2>&1 on zizhaoh #####
##### zizhaoh plays [E d6 c5 ] in 2.66s #####
##### Running: /usr/lib/jvm/jdk-14.0.1/bin/java -jar /lab/itti/projects/checkers-competition/server/referee.jar on run_7_vdhankar_zizhaoh #####
Move is valid
##### SUCCESS: /usr/lib/jvm/jdk-14.0.1/bin/java -jar /lab/itti/projects/checkers-competition/server/referee.jar on run_7_vdhankar_zizhaoh #####
INPUT for vdhankar:
GAME
WHITE
263.878781080246
...b.b.b
b.b.b.b.
.b...b.b
b.b.....
...w...w
w...w.w.
.w.w.w..
w.w.w.w.
##### Running: /usr/bin/time -o time_7_vdhankar_zizhaoh.txt -f "%U" python3 homework.py > stulog.txt 2>&1 on vdhankar #####
child exited with value 1
##### ERROR: /usr/bin/time -o time_7_vdhankar_zizhaoh.txt -f "%U" python3 homework.py > stulog.txt 2>&1 on vdhankar #####
##### Output of failed program (stdout + stderr): #####
Traceback (most recent call last):
  File "homework.py", line 546, in <module>
    print(end-start)
NameError: name 'end' is not defined
##### End of output of failed program #####
##### vdhankar plays [E b2 c3] in 4.09492492675781s #####
##### Running: /usr/lib/jvm/jdk-14.0.1/bin/java -jar /lab/itti/projects/checkers-competition/server/referee.jar on run_7_vdhankar_zizhaoh #####
Move is valid
##### SUCCESS: /usr/lib/jvm/jdk-14.0.1/bin/java -jar /lab/itti/projects/checkers-competition/server/referee.jar on run_7_vdhankar_zizhaoh #####
INPUT for zizhaoh:
GAME
BLACK
278.34
...b.b.b
b.b.b.b.
.b...b.b
b.b.....
...w...w
w.w.w.w.
...w.w..
w.w.w.w.
##### Running: /usr/bin/time -o time_7_vdhankar_zizhaoh.txt -f "%U" python3 homework.py > stulog.txt 2>&1 on zizhaoh #####
##### SUCCESS: /usr/bin/time -o time_7_vdhankar_zizhaoh.txt -f "%U" python3 homework.py > stulog.txt 2>&1 on zizhaoh #####
##### zizhaoh plays [E c7 d6 ] in 3.39s #####
##### Running: /usr/lib/jvm/jdk-14.0.1/bin/java -jar /lab/itti/projects/checkers-competition/server/referee.jar on run_7_vdhankar_zizhaoh #####
Move is valid
##### SUCCESS: /usr/lib/jvm/jdk-14.0.1/bin/java -jar /lab/itti/projects/checkers-competition/server/referee.jar on run_7_vdhankar_zizhaoh #####
INPUT for vdhankar:
GAME
WHITE
259.783856153488
...b.b.b
b...b.b.
.b.b.b.b
b.b.....
...w...w
w.w.w.w.
...w.w..
w.w.w.w.
##### Running: /usr/bin/time -o time_7_vdhankar_zizhaoh.txt -f "%U" python3 homework.py > stulog.txt 2>&1 on vdhankar #####
child exited with value 1
##### ERROR: /usr/bin/time -o time_7_vdhankar_zizhaoh.txt -f "%U" python3 homework.py > stulog.txt 2>&1 on vdhankar #####
##### Output of failed program (stdout + stderr): #####
Traceback (most recent call last):
  File "homework.py", line 546, in <module>
    print(end-start)
NameError: name 'end' is not defined
##### End of output of failed program #####
##### vdhankar plays [E a1 b2] in 5.87825584411621s #####
##### Running: /usr/lib/jvm/jdk-14.0.1/bin/java -jar /lab/itti/projects/checkers-competition/server/referee.jar on run_7_vdhankar_zizhaoh #####
Move is valid
##### SUCCESS: /usr/lib/jvm/jdk-14.0.1/bin/java -jar /lab/itti/projects/checkers-competition/server/referee.jar on run_7_vdhankar_zizhaoh #####
INPUT for zizhaoh:
GAME
BLACK
274.95
...b.b.b
b...b.b.
.b.b.b.b
b.b.....
...w...w
w.w.w.w.
.w.w.w..
..w.w.w.
##### Running: /usr/bin/time -o time_7_vdhankar_zizhaoh.txt -f "%U" python3 homework.py > stulog.txt 2>&1 on zizhaoh #####
##### SUCCESS: /usr/bin/time -o time_7_vdhankar_zizhaoh.txt -f "%U" python3 homework.py > stulog.txt 2>&1 on zizhaoh #####
##### zizhaoh plays [E d8 c7 ] in 1.99s #####
##### Running: /usr/lib/jvm/jdk-14.0.1/bin/java -jar /lab/itti/projects/checkers-competition/server/referee.jar on run_7_vdhankar_zizhaoh #####
Move is valid
##### SUCCESS: /usr/lib/jvm/jdk-14.0.1/bin/java -jar /lab/itti/projects/checkers-competition/server/referee.jar on run_7_vdhankar_zizhaoh #####
INPUT for vdhankar:
GAME
WHITE
253.905600309372
.....b.b
b.b.b.b.
.b.b.b.b
b.b.....
...w...w
w.w.w.w.
.w.w.w..
..w.w.w.
##### Running: /usr/bin/time -o time_7_vdhankar_zizhaoh.txt -f "%U" python3 homework.py > stulog.txt 2>&1 on vdhankar #####
child exited with value 1
##### ERROR: /usr/bin/time -o time_7_vdhankar_zizhaoh.txt -f "%U" python3 homework.py > stulog.txt 2>&1 on vdhankar #####
##### Output of failed program (stdout + stderr): #####
Traceback (most recent call last):
  File "homework.py", line 546, in <module>
    print(end-start)
NameError: name 'end' is not defined
##### End of output of failed program #####
##### vdhankar plays [E g3 f4] in 2.13466620445251s #####
##### Running: /usr/lib/jvm/jdk-14.0.1/bin/java -jar /lab/itti/projects/checkers-competition/server/referee.jar on run_7_vdhankar_zizhaoh #####
Move is valid
##### SUCCESS: /usr/lib/jvm/jdk-14.0.1/bin/java -jar /lab/itti/projects/checkers-competition/server/referee.jar on run_7_vdhankar_zizhaoh #####
INPUT for zizhaoh:
GAME
BLACK
272.96
.....b.b
b.b.b.b.
.b.b.b.b
b.b.....
...w.w.w
w.w.w...
.w.w.w..
..w.w.w.
##### Running: /usr/bin/time -o time_7_vdhankar_zizhaoh.txt -f "%U" python3 homework.py > stulog.txt 2>&1 on zizhaoh #####
##### SUCCESS: /usr/bin/time -o time_7_vdhankar_zizhaoh.txt -f "%U" python3 homework.py > stulog.txt 2>&1 on zizhaoh #####
##### zizhaoh plays [E c5 b4 ] in 0.98s #####
##### Running: /usr/lib/jvm/jdk-14.0.1/bin/java -jar /lab/itti/projects/checkers-competition/server/referee.jar on run_7_vdhankar_zizhaoh #####
Move is valid
##### SUCCESS: /usr/lib/jvm/jdk-14.0.1/bin/java -jar /lab/itti/projects/checkers-competition/server/referee.jar on run_7_vdhankar_zizhaoh #####
INPUT for vdhankar:
GAME
WHITE
251.770934104919
.....b.b
b.b.b.b.
.b.b.b.b
b.......
.b.w.w.w
w.w.w...
.w.w.w..
..w.w.w.
##### Running: /usr/bin/time -o time_7_vdhankar_zizhaoh.txt -f "%U" python3 homework.py > stulog.txt 2>&1 on vdhankar #####
child exited with value 1
##### ERROR: /usr/bin/time -o time_7_vdhankar_zizhaoh.txt -f "%U" python3 homework.py > stulog.txt 2>&1 on vdhankar #####
##### Output of failed program (stdout + stderr): #####
Traceback (most recent call last):
  File "homework.py", line 546, in <module>
    print(end-start)
NameError: name 'end' is not defined
##### End of output of failed program #####
##### vdhankar plays [J a3 c5] in 0.693614959716797s #####
##### Running: /usr/lib/jvm/jdk-14.0.1/bin/java -jar /lab/itti/projects/checkers-competition/server/referee.jar on run_7_vdhankar_zizhaoh #####
Move is valid
##### SUCCESS: /usr/lib/jvm/jdk-14.0.1/bin/java -jar /lab/itti/projects/checkers-competition/server/referee.jar on run_7_vdhankar_zizhaoh #####
INPUT for zizhaoh:
GAME
BLACK
271.98
.....b.b
b.b.b.b.
.b.b.b.b
b.w.....
...w.w.w
..w.w...
.w.w.w..
..w.w.w.
##### Running: /usr/bin/time -o time_7_vdhankar_zizhaoh.txt -f "%U" python3 homework.py > stulog.txt 2>&1 on zizhaoh #####
##### SUCCESS: /usr/bin/time -o time_7_vdhankar_zizhaoh.txt -f "%U" python3 homework.py > stulog.txt 2>&1 on zizhaoh #####
##### zizhaoh plays [J d6 b4 ] in 0.71s #####
##### Running: /usr/lib/jvm/jdk-14.0.1/bin/java -jar /lab/itti/projects/checkers-competition/server/referee.jar on run_7_vdhankar_zizhaoh #####
Move is valid
##### SUCCESS: /usr/lib/jvm/jdk-14.0.1/bin/java -jar /lab/itti/projects/checkers-competition/server/referee.jar on run_7_vdhankar_zizhaoh #####
INPUT for vdhankar:
GAME
WHITE
251.077319145203
.....b.b
b.b.b.b.
.b...b.b
b.......
.b.w.w.w
..w.w...
.w.w.w..
..w.w.w.
##### Running: /usr/bin/time -o time_7_vdhankar_zizhaoh.txt -f "%U" python3 homework.py > stulog.txt 2>&1 on vdhankar #####
child exited with value 1
##### ERROR: /usr/bin/time -o time_7_vdhankar_zizhaoh.txt -f "%U" python3 homework.py > stulog.txt 2>&1 on vdhankar #####
##### Output of failed program (stdout + stderr): #####
Traceback (most recent call last):
  File "homework.py", line 546, in <module>
    print(end-start)
NameError: name 'end' is not defined
##### End of output of failed program #####
##### vdhankar plays [E g1 h2] in 2.5777599811554s #####
##### Running: /usr/lib/jvm/jdk-14.0.1/bin/java -jar /lab/itti/projects/checkers-competition/server/referee.jar on run_7_vdhankar_zizhaoh #####
Move is valid
##### SUCCESS: /usr/lib/jvm/jdk-14.0.1/bin/java -jar /lab/itti/projects/checkers-competition/server/referee.jar on run_7_vdhankar_zizhaoh #####
INPUT for zizhaoh:
GAME
BLACK
271.27
.....b.b
b.b.b.b.
.b...b.b
b.......
.b.w.w.w
..w.w...
.w.w.w.w
..w.w...
##### Running: /usr/bin/time -o time_7_vdhankar_zizhaoh.txt -f "%U" python3 homework.py > stulog.txt 2>&1 on zizhaoh #####
##### SUCCESS: /usr/bin/time -o time_7_vdhankar_zizhaoh.txt -f "%U" python3 homework.py > stulog.txt 2>&1 on zizhaoh #####
##### zizhaoh plays [E c7 d6 ] in 2.76s #####
##### Running: /usr/lib/jvm/jdk-14.0.1/bin/java -jar /lab/itti/projects/checkers-competition/server/referee.jar on run_7_vdhankar_zizhaoh #####
Move is valid
##### SUCCESS: /usr/lib/jvm/jdk-14.0.1/bin/java -jar /lab/itti/projects/checkers-competition/server/referee.jar on run_7_vdhankar_zizhaoh #####
INPUT for vdhankar:
GAME
WHITE
248.499559164047
.....b.b
b...b.b.
.b.b.b.b
b.......
.b.w.w.w
..w.w...
.w.w.w.w
..w.w...
##### Running: /usr/bin/time -o time_7_vdhankar_zizhaoh.txt -f "%U" python3 homework.py > stulog.txt 2>&1 on vdhankar #####
child exited with value 1
##### ERROR: /usr/bin/time -o time_7_vdhankar_zizhaoh.txt -f "%U" python3 homework.py > stulog.txt 2>&1 on vdhankar #####
##### Output of failed program (stdout + stderr): #####
Traceback (most recent call last):
  File "homework.py", line 546, in <module>
    print(end-start)
NameError: name 'end' is not defined
##### End of output of failed program #####
##### vdhankar plays [E d4 e5] in 1.19528889656067s #####
##### Running: /usr/lib/jvm/jdk-14.0.1/bin/java -jar /lab/itti/projects/checkers-competition/server/referee.jar on run_7_vdhankar_zizhaoh #####
Move is valid
##### SUCCESS: /usr/lib/jvm/jdk-14.0.1/bin/java -jar /lab/itti/projects/checkers-competition/server/referee.jar on run_7_vdhankar_zizhaoh #####
INPUT for zizhaoh:
GAME
BLACK
268.51
.....b.b
b...b.b.
.b.b.b.b
b...w...
.b...w.w
..w.w...
.w.w.w.w
..w.w...
##### Running: /usr/bin/time -o time_7_vdhankar_zizhaoh.txt -f "%U" python3 homework.py > stulog.txt 2>&1 on zizhaoh #####
##### SUCCESS: /usr/bin/time -o time_7_vdhankar_zizhaoh.txt -f "%U" python3 homework.py > stulog.txt 2>&1 on zizhaoh #####
##### zizhaoh plays [J f6 d4 ] in 0.67s #####
##### Running: /usr/lib/jvm/jdk-14.0.1/bin/java -jar /lab/itti/projects/checkers-competition/server/referee.jar on run_7_vdhankar_zizhaoh #####
Move is valid
##### SUCCESS: /usr/lib/jvm/jdk-14.0.1/bin/java -jar /lab/itti/projects/checkers-competition/server/referee.jar on run_7_vdhankar_zizhaoh #####
INPUT for vdhankar:
GAME
WHITE
247.304270267487
.....b.b
b...b.b.
.b.b...b
b.......
.b.b.w.w
..w.w...
.w.w.w.w
..w.w...
##### Running: /usr/bin/time -o time_7_vdhankar_zizhaoh.txt -f "%U" python3 homework.py > stulog.txt 2>&1 on vdhankar #####
child exited with value 1
##### ERROR: /usr/bin/time -o time_7_vdhankar_zizhaoh.txt -f "%U" python3 homework.py > stulog.txt 2>&1 on vdhankar #####
##### Output of failed program (stdout + stderr): #####
Traceback (most recent call last):
  File "homework.py", line 546, in <module>
    print(end-start)
NameError: name 'end' is not defined
##### End of output of failed program #####
##### vdhankar plays [J c3 e5 ; J e5 c7] in 3.16537117958069s #####
##### Running: /usr/lib/jvm/jdk-14.0.1/bin/java -jar /lab/itti/projects/checkers-competition/server/referee.jar on run_7_vdhankar_zizhaoh #####
Move is valid
##### SUCCESS: /usr/lib/jvm/jdk-14.0.1/bin/java -jar /lab/itti/projects/checkers-competition/server/referee.jar on run_7_vdhankar_zizhaoh #####
INPUT for zizhaoh:
GAME
BLACK
267.84
.....b.b
b.w.b.b.
.b.....b
b.......
.b...w.w
....w...
.w.w.w.w
..w.w...
##### Running: /usr/bin/time -o time_7_vdhankar_zizhaoh.txt -f "%U" python3 homework.py > stulog.txt 2>&1 on zizhaoh #####
##### SUCCESS: /usr/bin/time -o time_7_vdhankar_zizhaoh.txt -f "%U" python3 homework.py > stulog.txt 2>&1 on zizhaoh #####
##### zizhaoh plays [E e7 d6 ] in 7.71s #####
##### Running: /usr/lib/jvm/jdk-14.0.1/bin/java -jar /lab/itti/projects/checkers-competition/server/referee.jar on run_7_vdhankar_zizhaoh #####
Move is valid
##### SUCCESS: /usr/lib/jvm/jdk-14.0.1/bin/java -jar /lab/itti/projects/checkers-competition/server/referee.jar on run_7_vdhankar_zizhaoh #####
INPUT for vdhankar:
GAME
WHITE
244.138899087906
.....b.b
b.w...b.
.b.b...b
b.......
.b...w.w
....w...
.w.w.w.w
..w.w...
##### Running: /usr/bin/time -o time_7_vdhankar_zizhaoh.txt -f "%U" python3 homework.py > stulog.txt 2>&1 on vdhankar #####
child exited with value 1
##### ERROR: /usr/bin/time -o time_7_vdhankar_zizhaoh.txt -f "%U" python3 homework.py > stulog.txt 2>&1 on vdhankar #####
##### Output of failed program (stdout + stderr): #####
Traceback (most recent call last):
  File "homework.py", line 546, in <module>
    print(end-start)
NameError: name 'end' is not defined
##### End of output of failed program #####
##### vdhankar plays [E h2 g3] in 6.34467792510986s #####
##### Running: /usr/lib/jvm/jdk-14.0.1/bin/java -jar /lab/itti/projects/checkers-competition/server/referee.jar on run_7_vdhankar_zizhaoh #####
Move is valid
##### SUCCESS: /usr/lib/jvm/jdk-14.0.1/bin/java -jar /lab/itti/projects/checkers-competition/server/referee.jar on run_7_vdhankar_zizhaoh #####
INPUT for zizhaoh:
GAME
BLACK
260.13
.....b.b
b.w...b.
.b.b...b
b.......
.b...w.w
....w.w.
.w.w.w..
..w.w...
##### Running: /usr/bin/time -o time_7_vdhankar_zizhaoh.txt -f "%U" python3 homework.py > stulog.txt 2>&1 on zizhaoh #####
##### SUCCESS: /usr/bin/time -o time_7_vdhankar_zizhaoh.txt -f "%U" python3 homework.py > stulog.txt 2>&1 on zizhaoh #####
##### zizhaoh plays [E f8 e7 ] in 6.96s #####
##### Running: /usr/lib/jvm/jdk-14.0.1/bin/java -jar /lab/itti/projects/checkers-competition/server/referee.jar on run_7_vdhankar_zizhaoh #####
Move is valid
##### SUCCESS: /usr/lib/jvm/jdk-14.0.1/bin/java -jar /lab/itti/projects/checkers-competition/server/referee.jar on run_7_vdhankar_zizhaoh #####
INPUT for vdhankar:
GAME
WHITE
237.794221162796
.......b
b.w.b.b.
.b.b...b
b.......
.b...w.w
....w.w.
.w.w.w..
..w.w...
##### Running: /usr/bin/time -o time_7_vdhankar_zizhaoh.txt -f "%U" python3 homework.py > stulog.txt 2>&1 on vdhankar #####
child exited with value 1
##### ERROR: /usr/bin/time -o time_7_vdhankar_zizhaoh.txt -f "%U" python3 homework.py > stulog.txt 2>&1 on vdhankar #####
##### Output of failed program (stdout + stderr): #####
Traceback (most recent call last):
  File "homework.py", line 546, in <module>
    print(end-start)
NameError: name 'end' is not defined
##### End of output of failed program #####
##### vdhankar plays [E b2 c3] in 6.04924917221069s #####
##### Running: /usr/lib/jvm/jdk-14.0.1/bin/java -jar /lab/itti/projects/checkers-competition/server/referee.jar on run_7_vdhankar_zizhaoh #####
Move is valid
##### SUCCESS: /usr/lib/jvm/jdk-14.0.1/bin/java -jar /lab/itti/projects/checkers-competition/server/referee.jar on run_7_vdhankar_zizhaoh #####
INPUT for zizhaoh:
GAME
BLACK
253.17
.......b
b.w.b.b.
.b.b...b
b.......
.b...w.w
..w.w.w.
...w.w..
..w.w...
##### Running: /usr/bin/time -o time_7_vdhankar_zizhaoh.txt -f "%U" python3 homework.py > stulog.txt 2>&1 on zizhaoh #####
##### SUCCESS: /usr/bin/time -o time_7_vdhankar_zizhaoh.txt -f "%U" python3 homework.py > stulog.txt 2>&1 on zizhaoh #####
##### zizhaoh plays [E e7 f6 ] in 8.02s #####
##### Running: /usr/lib/jvm/jdk-14.0.1/bin/java -jar /lab/itti/projects/checkers-competition/server/referee.jar on run_7_vdhankar_zizhaoh #####
Move is valid
##### SUCCESS: /usr/lib/jvm/jdk-14.0.1/bin/java -jar /lab/itti/projects/checkers-competition/server/referee.jar on run_7_vdhankar_zizhaoh #####
INPUT for vdhankar:
GAME
WHITE
231.744971990585
.......b
b.w...b.
.b.b.b.b
b.......
.b...w.w
..w.w.w.
...w.w..
..w.w...
##### Running: /usr/bin/time -o time_7_vdhankar_zizhaoh.txt -f "%U" python3 homework.py > stulog.txt 2>&1 on vdhankar #####
child exited with value 1
##### ERROR: /usr/bin/time -o time_7_vdhankar_zizhaoh.txt -f "%U" python3 homework.py > stulog.txt 2>&1 on vdhankar #####
##### Output of failed program (stdout + stderr): #####
Traceback (most recent call last):
  File "homework.py", line 546, in <module>
    print(end-start)
NameError: name 'end' is not defined
##### End of output of failed program #####
##### vdhankar plays [E e3 d4] in 2.4285569190979s #####
##### Running: /usr/lib/jvm/jdk-14.0.1/bin/java -jar /lab/itti/projects/checkers-competition/server/referee.jar on run_7_vdhankar_zizhaoh #####
Move is valid
##### SUCCESS: /usr/lib/jvm/jdk-14.0.1/bin/java -jar /lab/itti/projects/checkers-competition/server/referee.jar on run_7_vdhankar_zizhaoh #####
INPUT for zizhaoh:
GAME
BLACK
245.15
.......b
b.w...b.
.b.b.b.b
b.......
.b.w.w.w
..w...w.
...w.w..
..w.w...
##### Running: /usr/bin/time -o time_7_vdhankar_zizhaoh.txt -f "%U" python3 homework.py > stulog.txt 2>&1 on zizhaoh #####
##### SUCCESS: /usr/bin/time -o time_7_vdhankar_zizhaoh.txt -f "%U" python3 homework.py > stulog.txt 2>&1 on zizhaoh #####
##### zizhaoh plays [E d6 c5 ] in 2.48s #####
##### Running: /usr/lib/jvm/jdk-14.0.1/bin/java -jar /lab/itti/projects/checkers-competition/server/referee.jar on run_7_vdhankar_zizhaoh #####
Move is valid
##### SUCCESS: /usr/lib/jvm/jdk-14.0.1/bin/java -jar /lab/itti/projects/checkers-competition/server/referee.jar on run_7_vdhankar_zizhaoh #####
INPUT for vdhankar:
GAME
WHITE
229.316415071487
.......b
b.w...b.
.b...b.b
b.b.....
.b.w.w.w
..w...w.
...w.w..
..w.w...
##### Running: /usr/bin/time -o time_7_vdhankar_zizhaoh.txt -f "%U" python3 homework.py > stulog.txt 2>&1 on vdhankar #####
child exited with value 1
##### ERROR: /usr/bin/time -o time_7_vdhankar_zizhaoh.txt -f "%U" python3 homework.py > stulog.txt 2>&1 on vdhankar #####
##### Output of failed program (stdout + stderr): #####
Traceback (most recent call last):
  File "homework.py", line 546, in <module>
    print(end-start)
NameError: name 'end' is not defined
##### End of output of failed program #####
##### vdhankar plays [E f2 e3] in 1.87200713157654s #####
##### Running: /usr/lib/jvm/jdk-14.0.1/bin/java -jar /lab/itti/projects/checkers-competition/server/referee.jar on run_7_vdhankar_zizhaoh #####
Move is valid
##### SUCCESS: /usr/lib/jvm/jdk-14.0.1/bin/java -jar /lab/itti/projects/checkers-competition/server/referee.jar on run_7_vdhankar_zizhaoh #####
INPUT for zizhaoh:
GAME
BLACK
242.67
.......b
b.w...b.
.b...b.b
b.b.....
.b.w.w.w
..w.w.w.
...w....
..w.w...
##### Running: /usr/bin/time -o time_7_vdhankar_zizhaoh.txt -f "%U" python3 homework.py > stulog.txt 2>&1 on zizhaoh #####
##### SUCCESS: /usr/bin/time -o time_7_vdhankar_zizhaoh.txt -f "%U" python3 homework.py > stulog.txt 2>&1 on zizhaoh #####
##### zizhaoh plays [E b4 a3 ] in 1.32s #####
##### Running: /usr/lib/jvm/jdk-14.0.1/bin/java -jar /lab/itti/projects/checkers-competition/server/referee.jar on run_7_vdhankar_zizhaoh #####
Move is valid
##### SUCCESS: /usr/lib/jvm/jdk-14.0.1/bin/java -jar /lab/itti/projects/checkers-competition/server/referee.jar on run_7_vdhankar_zizhaoh #####
INPUT for vdhankar:
GAME
WHITE
227.444407939911
.......b
b.w...b.
.b...b.b
b.b.....
...w.w.w
b.w.w.w.
...w....
..w.w...
##### Running: /usr/bin/time -o time_7_vdhankar_zizhaoh.txt -f "%U" python3 homework.py > stulog.txt 2>&1 on vdhankar #####
child exited with value 1
##### ERROR: /usr/bin/time -o time_7_vdhankar_zizhaoh.txt -f "%U" python3 homework.py > stulog.txt 2>&1 on vdhankar #####
##### Output of failed program (stdout + stderr): #####
Traceback (most recent call last):
  File "homework.py", line 546, in <module>
    print(end-start)
NameError: name 'end' is not defined
##### End of output of failed program #####
##### vdhankar plays [E c7 d8] in 2.46112895011902s #####
##### Running: /usr/lib/jvm/jdk-14.0.1/bin/java -jar /lab/itti/projects/checkers-competition/server/referee.jar on run_7_vdhankar_zizhaoh #####
Move is valid
##### SUCCESS: /usr/lib/jvm/jdk-14.0.1/bin/java -jar /lab/itti/projects/checkers-competition/server/referee.jar on run_7_vdhankar_zizhaoh #####
INPUT for zizhaoh:
GAME
BLACK
241.35
...W...b
b.....b.
.b...b.b
b.b.....
...w.w.w
b.w.w.w.
...w....
..w.w...
##### Running: /usr/bin/time -o time_7_vdhankar_zizhaoh.txt -f "%U" python3 homework.py > stulog.txt 2>&1 on zizhaoh #####
##### SUCCESS: /usr/bin/time -o time_7_vdhankar_zizhaoh.txt -f "%U" python3 homework.py > stulog.txt 2>&1 on zizhaoh #####
##### zizhaoh plays [E c5 b4 ] in 1.52s #####
##### Running: /usr/lib/jvm/jdk-14.0.1/bin/java -jar /lab/itti/projects/checkers-competition/server/referee.jar on run_7_vdhankar_zizhaoh #####
Move is valid
##### SUCCESS: /usr/lib/jvm/jdk-14.0.1/bin/java -jar /lab/itti/projects/checkers-competition/server/referee.jar on run_7_vdhankar_zizhaoh #####
INPUT for vdhankar:
GAME
WHITE
224.983278989792
...W...b
b.....b.
.b...b.b
b.......
.b.w.w.w
b.w.w.w.
...w....
..w.w...
##### Running: /usr/bin/time -o time_7_vdhankar_zizhaoh.txt -f "%U" python3 homework.py > stulog.txt 2>&1 on vdhankar #####
child exited with value 1
##### ERROR: /usr/bin/time -o time_7_vdhankar_zizhaoh.txt -f "%U" python3 homework.py > stulog.txt 2>&1 on vdhankar #####
##### Output of failed program (stdout + stderr): #####
Traceback (most recent call last):
  File "homework.py", line 546, in <module>
    print(end-start)
NameError: name 'end' is not defined
##### End of output of failed program #####
##### vdhankar plays [E d8 e7] in 1.46183395385742s #####
##### Running: /usr/lib/jvm/jdk-14.0.1/bin/java -jar /lab/itti/projects/checkers-competition/server/referee.jar on run_7_vdhankar_zizhaoh #####
Move is valid
##### SUCCESS: /usr/lib/jvm/jdk-14.0.1/bin/java -jar /lab/itti/projects/checkers-competition/server/referee.jar on run_7_vdhankar_zizhaoh #####
INPUT for zizhaoh:
GAME
BLACK
239.83
.......b
b...W.b.
.b...b.b
b.......
.b.w.w.w
b.w.w.w.
...w....
..w.w...
##### Running: /usr/bin/time -o time_7_vdhankar_zizhaoh.txt -f "%U" python3 homework.py > stulog.txt 2>&1 on zizhaoh #####
##### SUCCESS: /usr/bin/time -o time_7_vdhankar_zizhaoh.txt -f "%U" python3 homework.py > stulog.txt 2>&1 on zizhaoh #####
##### zizhaoh plays [E b6 c5 ] in 0.72s #####
##### Running: /usr/lib/jvm/jdk-14.0.1/bin/java -jar /lab/itti/projects/checkers-competition/server/referee.jar on run_7_vdhankar_zizhaoh #####
Move is valid
##### SUCCESS: /usr/lib/jvm/jdk-14.0.1/bin/java -jar /lab/itti/projects/checkers-competition/server/referee.jar on run_7_vdhankar_zizhaoh #####
INPUT for vdhankar:
GAME
WHITE
223.521445035934
.......b
b...W.b.
.....b.b
b.b.....
.b.w.w.w
b.w.w.w.
...w....
..w.w...
##### Running: /usr/bin/time -o time_7_vdhankar_zizhaoh.txt -f "%U" python3 homework.py > stulog.txt 2>&1 on vdhankar #####
child exited with value 1
##### ERROR: /usr/bin/time -o time_7_vdhankar_zizhaoh.txt -f "%U" python3 homework.py > stulog.txt 2>&1 on vdhankar #####
##### Output of failed program (stdout + stderr): #####
Traceback (most recent call last):
  File "homework.py", line 546, in <module>
    print(end-start)
NameError: name 'end' is not defined
##### End of output of failed program #####
##### vdhankar plays [J d4 b6] in 0.446999788284302s #####
##### Running: /usr/lib/jvm/jdk-14.0.1/bin/java -jar /lab/itti/projects/checkers-competition/server/referee.jar on run_7_vdhankar_zizhaoh #####
Move is valid
##### SUCCESS: /usr/lib/jvm/jdk-14.0.1/bin/java -jar /lab/itti/projects/checkers-competition/server/referee.jar on run_7_vdhankar_zizhaoh #####
INPUT for zizhaoh:
GAME
BLACK
239.11
.......b
b...W.b.
.w...b.b
b.......
.b...w.w
b.w.w.w.
...w....
..w.w...
##### Running: /usr/bin/time -o time_7_vdhankar_zizhaoh.txt -f "%U" python3 homework.py > stulog.txt 2>&1 on zizhaoh #####
##### SUCCESS: /usr/bin/time -o time_7_vdhankar_zizhaoh.txt -f "%U" python3 homework.py > stulog.txt 2>&1 on zizhaoh #####
##### zizhaoh plays [J a7 c5 ] in 0.1s #####
##### Running: /usr/lib/jvm/jdk-14.0.1/bin/java -jar /lab/itti/projects/checkers-competition/server/referee.jar on run_7_vdhankar_zizhaoh #####
Move is valid
##### SUCCESS: /usr/lib/jvm/jdk-14.0.1/bin/java -jar /lab/itti/projects/checkers-competition/server/referee.jar on run_7_vdhankar_zizhaoh #####
INPUT for vdhankar:
GAME
WHITE
223.07444524765
.......b
....W.b.
.....b.b
b.b.....
.b...w.w
b.w.w.w.
...w....
..w.w...
##### Running: /usr/bin/time -o time_7_vdhankar_zizhaoh.txt -f "%U" python3 homework.py > stulog.txt 2>&1 on vdhankar #####
child exited with value 1
##### ERROR: /usr/bin/time -o time_7_vdhankar_zizhaoh.txt -f "%U" python3 homework.py > stulog.txt 2>&1 on vdhankar #####
##### Output of failed program (stdout + stderr): #####
Traceback (most recent call last):
  File "homework.py", line 546, in <module>
    print(end-start)
NameError: name 'end' is not defined
##### End of output of failed program #####
##### vdhankar plays [J e7 g5] in 0.574106216430664s #####
##### Running: /usr/lib/jvm/jdk-14.0.1/bin/java -jar /lab/itti/projects/checkers-competition/server/referee.jar on run_7_vdhankar_zizhaoh #####
Move is valid
##### SUCCESS: /usr/lib/jvm/jdk-14.0.1/bin/java -jar /lab/itti/projects/checkers-competition/server/referee.jar on run_7_vdhankar_zizhaoh #####
INPUT for zizhaoh:
GAME
BLACK
239.01
.......b
......b.
.......b
b.b...W.
.b...w.w
b.w.w.w.
...w....
..w.w...
##### Running: /usr/bin/time -o time_7_vdhankar_zizhaoh.txt -f "%U" python3 homework.py > stulog.txt 2>&1 on zizhaoh #####
##### SUCCESS: /usr/bin/time -o time_7_vdhankar_zizhaoh.txt -f "%U" python3 homework.py > stulog.txt 2>&1 on zizhaoh #####
##### zizhaoh plays [E g7 f6 ] in 0.3s #####
##### Running: /usr/lib/jvm/jdk-14.0.1/bin/java -jar /lab/itti/projects/checkers-competition/server/referee.jar on run_7_vdhankar_zizhaoh #####
Move is valid
##### SUCCESS: /usr/lib/jvm/jdk-14.0.1/bin/java -jar /lab/itti/projects/checkers-competition/server/referee.jar on run_7_vdhankar_zizhaoh #####
INPUT for vdhankar:
GAME
WHITE
222.500339031219
.......b
........
.....b.b
b.b...W.
.b...w.w
b.w.w.w.
...w....
..w.w...
##### Running: /usr/bin/time -o time_7_vdhankar_zizhaoh.txt -f "%U" python3 homework.py > stulog.txt 2>&1 on vdhankar #####
child exited with value 1
##### ERROR: /usr/bin/time -o time_7_vdhankar_zizhaoh.txt -f "%U" python3 homework.py > stulog.txt 2>&1 on vdhankar #####
##### Output of failed program (stdout + stderr): #####
Traceback (most recent call last):
  File "homework.py", line 546, in <module>
    print(end-start)
NameError: name 'end' is not defined
##### End of output of failed program #####
##### vdhankar plays [J g5 e7] in 0.854784965515137s #####
##### Running: /usr/lib/jvm/jdk-14.0.1/bin/java -jar /lab/itti/projects/checkers-competition/server/referee.jar on run_7_vdhankar_zizhaoh #####
Move is valid
##### SUCCESS: /usr/lib/jvm/jdk-14.0.1/bin/java -jar /lab/itti/projects/checkers-competition/server/referee.jar on run_7_vdhankar_zizhaoh #####
INPUT for zizhaoh:
GAME
BLACK
238.71
.......b
....W...
.......b
b.b.....
.b...w.w
b.w.w.w.
...w....
..w.w...
##### Running: /usr/bin/time -o time_7_vdhankar_zizhaoh.txt -f "%U" python3 homework.py > stulog.txt 2>&1 on zizhaoh #####
##### SUCCESS: /usr/bin/time -o time_7_vdhankar_zizhaoh.txt -f "%U" python3 homework.py > stulog.txt 2>&1 on zizhaoh #####
##### zizhaoh plays [E h8 g7 ] in 1.21s #####
##### Running: /usr/lib/jvm/jdk-14.0.1/bin/java -jar /lab/itti/projects/checkers-competition/server/referee.jar on run_7_vdhankar_zizhaoh #####
Move is valid
##### SUCCESS: /usr/lib/jvm/jdk-14.0.1/bin/java -jar /lab/itti/projects/checkers-competition/server/referee.jar on run_7_vdhankar_zizhaoh #####
INPUT for vdhankar:
GAME
WHITE
221.645554065704
........
....W.b.
.......b
b.b.....
.b...w.w
b.w.w.w.
...w....
..w.w...
##### Running: /usr/bin/time -o time_7_vdhankar_zizhaoh.txt -f "%U" python3 homework.py > stulog.txt 2>&1 on vdhankar #####
child exited with value 1
##### ERROR: /usr/bin/time -o time_7_vdhankar_zizhaoh.txt -f "%U" python3 homework.py > stulog.txt 2>&1 on vdhankar #####
##### Output of failed program (stdout + stderr): #####
Traceback (most recent call last):
  File "homework.py", line 546, in <module>
    print(end-start)
NameError: name 'end' is not defined
##### End of output of failed program #####
##### vdhankar plays [E e1 f2] in 1.57926201820374s #####
##### Running: /usr/lib/jvm/jdk-14.0.1/bin/java -jar /lab/itti/projects/checkers-competition/server/referee.jar on run_7_vdhankar_zizhaoh #####
Move is valid
##### SUCCESS: /usr/lib/jvm/jdk-14.0.1/bin/java -jar /lab/itti/projects/checkers-competition/server/referee.jar on run_7_vdhankar_zizhaoh #####
INPUT for zizhaoh:
GAME
BLACK
237.5
........
....W.b.
.......b
b.b.....
.b...w.w
b.w.w.w.
...w.w..
..w.....
##### Running: /usr/bin/time -o time_7_vdhankar_zizhaoh.txt -f "%U" python3 homework.py > stulog.txt 2>&1 on zizhaoh #####
##### SUCCESS: /usr/bin/time -o time_7_vdhankar_zizhaoh.txt -f "%U" python3 homework.py > stulog.txt 2>&1 on zizhaoh #####
##### zizhaoh plays [E g7 f6 ] in 0.19s #####
##### Running: /usr/lib/jvm/jdk-14.0.1/bin/java -jar /lab/itti/projects/checkers-competition/server/referee.jar on run_7_vdhankar_zizhaoh #####
Move is valid
##### SUCCESS: /usr/lib/jvm/jdk-14.0.1/bin/java -jar /lab/itti/projects/checkers-competition/server/referee.jar on run_7_vdhankar_zizhaoh #####
INPUT for vdhankar:
GAME
WHITE
220.066292047501
........
....W...
.....b.b
b.b.....
.b...w.w
b.w.w.w.
...w.w..
..w.....
##### Running: /usr/bin/time -o time_7_vdhankar_zizhaoh.txt -f "%U" python3 homework.py > stulog.txt 2>&1 on vdhankar #####
child exited with value 1
##### ERROR: /usr/bin/time -o time_7_vdhankar_zizhaoh.txt -f "%U" python3 homework.py > stulog.txt 2>&1 on vdhankar #####
##### Output of failed program (stdout + stderr): #####
Traceback (most recent call last):
  File "homework.py", line 546, in <module>
    print(end-start)
NameError: name 'end' is not defined
##### End of output of failed program #####
##### vdhankar plays [J e7 g5] in 0.455220937728882s #####
##### Running: /usr/lib/jvm/jdk-14.0.1/bin/java -jar /lab/itti/projects/checkers-competition/server/referee.jar on run_7_vdhankar_zizhaoh #####
Move is valid
##### SUCCESS: /usr/lib/jvm/jdk-14.0.1/bin/java -jar /lab/itti/projects/checkers-competition/server/referee.jar on run_7_vdhankar_zizhaoh #####
INPUT for zizhaoh:
GAME
BLACK
237.31
........
........
.......b
b.b...W.
.b...w.w
b.w.w.w.
...w.w..
..w.....
##### Running: /usr/bin/time -o time_7_vdhankar_zizhaoh.txt -f "%U" python3 homework.py > stulog.txt 2>&1 on zizhaoh #####
##### SUCCESS: /usr/bin/time -o time_7_vdhankar_zizhaoh.txt -f "%U" python3 homework.py > stulog.txt 2>&1 on zizhaoh #####
##### zizhaoh plays [E c5 d4 ] in 0.06s #####
##### Running: /usr/lib/jvm/jdk-14.0.1/bin/java -jar /lab/itti/projects/checkers-competition/server/referee.jar on run_7_vdhankar_zizhaoh #####
Move is valid
##### SUCCESS: /usr/lib/jvm/jdk-14.0.1/bin/java -jar /lab/itti/projects/checkers-competition/server/referee.jar on run_7_vdhankar_zizhaoh #####
INPUT for vdhankar:
GAME
WHITE
219.611071109772
........
........
.......b
b.....W.
.b.b.w.w
b.w.w.w.
...w.w..
..w.....
##### Running: /usr/bin/time -o time_7_vdhankar_zizhaoh.txt -f "%U" python3 homework.py > stulog.txt 2>&1 on vdhankar #####
child exited with value 1
##### ERROR: /usr/bin/time -o time_7_vdhankar_zizhaoh.txt -f "%U" python3 homework.py > stulog.txt 2>&1 on vdhankar #####
##### Output of failed program (stdout + stderr): #####
Traceback (most recent call last):
  File "homework.py", line 546, in <module>
    print(end-start)
NameError: name 'end' is not defined
##### End of output of failed program #####
##### vdhankar plays [J e3 c5] in 0.347912073135376s #####
##### Running: /usr/lib/jvm/jdk-14.0.1/bin/java -jar /lab/itti/projects/checkers-competition/server/referee.jar on run_7_vdhankar_zizhaoh #####
Move is valid
##### SUCCESS: /usr/lib/jvm/jdk-14.0.1/bin/java -jar /lab/itti/projects/checkers-competition/server/referee.jar on run_7_vdhankar_zizhaoh #####
INPUT for zizhaoh:
GAME
BLACK
237.25
........
........
.......b
b.w...W.
.b...w.w
b.w...w.
...w.w..
..w.....
##### Running: /usr/bin/time -o time_7_vdhankar_zizhaoh.txt -f "%U" python3 homework.py > stulog.txt 2>&1 on zizhaoh #####
##### SUCCESS: /usr/bin/time -o time_7_vdhankar_zizhaoh.txt -f "%U" python3 homework.py > stulog.txt 2>&1 on zizhaoh #####
##### zizhaoh plays [E a3 b2 ] in 0.05s #####
##### Running: /usr/lib/jvm/jdk-14.0.1/bin/java -jar /lab/itti/projects/checkers-competition/server/referee.jar on run_7_vdhankar_zizhaoh #####
Move is valid
##### SUCCESS: /usr/lib/jvm/jdk-14.0.1/bin/java -jar /lab/itti/projects/checkers-competition/server/referee.jar on run_7_vdhankar_zizhaoh #####
INPUT for vdhankar:
GAME
WHITE
219.263159036636
........
........
.......b
b.w...W.
.b...w.w
..w...w.
.b.w.w..
..w.....
##### Running: /usr/bin/time -o time_7_vdhankar_zizhaoh.txt -f "%U" python3 homework.py > stulog.txt 2>&1 on vdhankar #####
child exited with value 1
##### ERROR: /usr/bin/time -o time_7_vdhankar_zizhaoh.txt -f "%U" python3 homework.py > stulog.txt 2>&1 on vdhankar #####
##### Output of failed program (stdout + stderr): #####
Traceback (most recent call last):
  File "homework.py", line 546, in <module>
    print(end-start)
NameError: name 'end' is not defined
##### End of output of failed program #####
##### vdhankar plays [J c1 a3] in 0.435050010681152s #####
##### Running: /usr/lib/jvm/jdk-14.0.1/bin/java -jar /lab/itti/projects/checkers-competition/server/referee.jar on run_7_vdhankar_zizhaoh #####
Move is valid
After this move, player BLACK cannot make any moves
*** Winner: WHITE ***
##### SUCCESS: /usr/lib/jvm/jdk-14.0.1/bin/java -jar /lab/itti/projects/checkers-competition/server/referee.jar on run_7_vdhankar_zizhaoh #####
##### GAME OVER: vdhankar wins the game! #####
Server said: WIN
########## ROUND 7 GAMESCORE AFTER GAME 2: vdhankar=1 and zizhaoh=1 ##########
#################### ROUND 7: vdhankar (B) vs zizhaoh (W): game 3 ####################
##### game start! #####
INPUT for vdhankar:
GAME
BLACK
300
.b.b.b.b
b.b.b.b.
.b.b.b.b
........
........
w.w.w.w.
.w.w.w.w
w.w.w.w.
##### Running: /usr/bin/time -o time_7_vdhankar_zizhaoh.txt -f "%U" python3 homework.py > stulog.txt 2>&1 on vdhankar #####
child exited with value 1
##### ERROR: /usr/bin/time -o time_7_vdhankar_zizhaoh.txt -f "%U" python3 homework.py > stulog.txt 2>&1 on vdhankar #####
##### Output of failed program (stdout + stderr): #####
Traceback (most recent call last):
  File "homework.py", line 546, in <module>
    print(end-start)
NameError: name 'end' is not defined
##### End of output of failed program #####
##### vdhankar plays [E h6 g5] in 11.2661910057068s #####
##### Running: /usr/lib/jvm/jdk-14.0.1/bin/java -jar /lab/itti/projects/checkers-competition/server/referee.jar on run_7_vdhankar_zizhaoh #####
Move is valid
Couldn't read file 'current_ply.txt'
Couldn't read content from file 'current_ply.txt'
Couldn't read file 'lastmatchange_ply.txt'
Couldn't read content from file 'lastmatchange_ply.txt'
##### SUCCESS: /usr/lib/jvm/jdk-14.0.1/bin/java -jar /lab/itti/projects/checkers-competition/server/referee.jar on run_7_vdhankar_zizhaoh #####
INPUT for zizhaoh:
GAME
WHITE
300
.b.b.b.b
b.b.b.b.
.b.b.b..
......b.
........
w.w.w.w.
.w.w.w.w
w.w.w.w.
##### Running: /usr/bin/time -o time_7_vdhankar_zizhaoh.txt -f "%U" python3 homework.py > stulog.txt 2>&1 on zizhaoh #####
##### SUCCESS: /usr/bin/time -o time_7_vdhankar_zizhaoh.txt -f "%U" python3 homework.py > stulog.txt 2>&1 on zizhaoh #####
##### zizhaoh plays [E a3 b4 ] in 6.23s #####
##### Running: /usr/lib/jvm/jdk-14.0.1/bin/java -jar /lab/itti/projects/checkers-competition/server/referee.jar on run_7_vdhankar_zizhaoh #####
Move is valid
##### SUCCESS: /usr/lib/jvm/jdk-14.0.1/bin/java -jar /lab/itti/projects/checkers-competition/server/referee.jar on run_7_vdhankar_zizhaoh #####
INPUT for vdhankar:
GAME
BLACK
288.733808994293
.b.b.b.b
b.b.b.b.
.b.b.b..
......b.
.w......
..w.w.w.
.w.w.w.w
w.w.w.w.
##### Running: /usr/bin/time -o time_7_vdhankar_zizhaoh.txt -f "%U" python3 homework.py > stulog.txt 2>&1 on vdhankar #####
child exited with value 1
##### ERROR: /usr/bin/time -o time_7_vdhankar_zizhaoh.txt -f "%U" python3 homework.py > stulog.txt 2>&1 on vdhankar #####
##### Output of failed program (stdout + stderr): #####
Traceback (most recent call last):
  File "homework.py", line 546, in <module>
    print(end-start)
NameError: name 'end' is not defined
##### End of output of failed program #####
##### vdhankar plays [E g5 h4] in 10.2932901382446s #####
##### Running: /usr/lib/jvm/jdk-14.0.1/bin/java -jar /lab/itti/projects/checkers-competition/server/referee.jar on run_7_vdhankar_zizhaoh #####
Move is valid
##### SUCCESS: /usr/lib/jvm/jdk-14.0.1/bin/java -jar /lab/itti/projects/checkers-competition/server/referee.jar on run_7_vdhankar_zizhaoh #####
INPUT for zizhaoh:
GAME
WHITE
293.77
.b.b.b.b
b.b.b.b.
.b.b.b..
........
.w.....b
..w.w.w.
.w.w.w.w
w.w.w.w.
##### Running: /usr/bin/time -o time_7_vdhankar_zizhaoh.txt -f "%U" python3 homework.py > stulog.txt 2>&1 on zizhaoh #####
##### SUCCESS: /usr/bin/time -o time_7_vdhankar_zizhaoh.txt -f "%U" python3 homework.py > stulog.txt 2>&1 on zizhaoh #####
##### zizhaoh plays [E b4 a5 ] in 5.73s #####
##### Running: /usr/lib/jvm/jdk-14.0.1/bin/java -jar /lab/itti/projects/checkers-competition/server/referee.jar on run_7_vdhankar_zizhaoh #####
Move is valid
##### SUCCESS: /usr/lib/jvm/jdk-14.0.1/bin/java -jar /lab/itti/projects/checkers-competition/server/referee.jar on run_7_vdhankar_zizhaoh #####
INPUT for vdhankar:
GAME
BLACK
278.440518856049
.b.b.b.b
b.b.b.b.
.b.b.b..
w.......
.......b
..w.w.w.
.w.w.w.w
w.w.w.w.
##### Running: /usr/bin/time -o time_7_vdhankar_zizhaoh.txt -f "%U" python3 homework.py > stulog.txt 2>&1 on vdhankar #####
child exited with value 1
##### ERROR: /usr/bin/time -o time_7_vdhankar_zizhaoh.txt -f "%U" python3 homework.py > stulog.txt 2>&1 on vdhankar #####
##### Output of failed program (stdout + stderr): #####
Traceback (most recent call last):
  File "homework.py", line 546, in <module>
    print(end-start)
NameError: name 'end' is not defined
##### End of output of failed program #####
##### vdhankar plays [E d6 e5] in 7.72789311408997s #####
##### Running: /usr/lib/jvm/jdk-14.0.1/bin/java -jar /lab/itti/projects/checkers-competition/server/referee.jar on run_7_vdhankar_zizhaoh #####
Move is valid
##### SUCCESS: /usr/lib/jvm/jdk-14.0.1/bin/java -jar /lab/itti/projects/checkers-competition/server/referee.jar on run_7_vdhankar_zizhaoh #####
INPUT for zizhaoh:
GAME
WHITE
288.04
.b.b.b.b
b.b.b.b.
.b...b..
w...b...
.......b
..w.w.w.
.w.w.w.w
w.w.w.w.
##### Running: /usr/bin/time -o time_7_vdhankar_zizhaoh.txt -f "%U" python3 homework.py > stulog.txt 2>&1 on zizhaoh #####
##### SUCCESS: /usr/bin/time -o time_7_vdhankar_zizhaoh.txt -f "%U" python3 homework.py > stulog.txt 2>&1 on zizhaoh #####
##### zizhaoh plays [E c3 b4 ] in 2.27s #####
##### Running: /usr/lib/jvm/jdk-14.0.1/bin/java -jar /lab/itti/projects/checkers-competition/server/referee.jar on run_7_vdhankar_zizhaoh #####
Move is valid
##### SUCCESS: /usr/lib/jvm/jdk-14.0.1/bin/java -jar /lab/itti/projects/checkers-competition/server/referee.jar on run_7_vdhankar_zizhaoh #####
INPUT for vdhankar:
GAME
BLACK
270.712625741959
.b.b.b.b
b.b.b.b.
.b...b..
w...b...
.w.....b
....w.w.
.w.w.w.w
w.w.w.w.
##### Running: /usr/bin/time -o time_7_vdhankar_zizhaoh.txt -f "%U" python3 homework.py > stulog.txt 2>&1 on vdhankar #####
child exited with value 1
##### ERROR: /usr/bin/time -o time_7_vdhankar_zizhaoh.txt -f "%U" python3 homework.py > stulog.txt 2>&1 on vdhankar #####
##### Output of failed program (stdout + stderr): #####
Traceback (most recent call last):
  File "homework.py", line 546, in <module>
    print(end-start)
NameError: name 'end' is not defined
##### End of output of failed program #####
##### vdhankar plays [E e7 d6] in 3.81683206558228s #####
##### Running: /usr/lib/jvm/jdk-14.0.1/bin/java -jar /lab/itti/projects/checkers-competition/server/referee.jar on run_7_vdhankar_zizhaoh #####
Move is valid
##### SUCCESS: /usr/lib/jvm/jdk-14.0.1/bin/java -jar /lab/itti/projects/checkers-competition/server/referee.jar on run_7_vdhankar_zizhaoh #####
INPUT for zizhaoh:
GAME
WHITE
285.77
.b.b.b.b
b.b...b.
.b.b.b..
w...b...
.w.....b
....w.w.
.w.w.w.w
w.w.w.w.
##### Running: /usr/bin/time -o time_7_vdhankar_zizhaoh.txt -f "%U" python3 homework.py > stulog.txt 2>&1 on zizhaoh #####
##### SUCCESS: /usr/bin/time -o time_7_vdhankar_zizhaoh.txt -f "%U" python3 homework.py > stulog.txt 2>&1 on zizhaoh #####
##### zizhaoh plays [E e3 f4 ] in 5.5s #####
##### Running: /usr/lib/jvm/jdk-14.0.1/bin/java -jar /lab/itti/projects/checkers-competition/server/referee.jar on run_7_vdhankar_zizhaoh #####
Move is valid
##### SUCCESS: /usr/lib/jvm/jdk-14.0.1/bin/java -jar /lab/itti/projects/checkers-competition/server/referee.jar on run_7_vdhankar_zizhaoh #####
INPUT for vdhankar:
GAME
BLACK
266.895793676376
.b.b.b.b
b.b...b.
.b.b.b..
w...b...
.w...w.b
......w.
.w.w.w.w
w.w.w.w.
##### Running: /usr/bin/time -o time_7_vdhankar_zizhaoh.txt -f "%U" python3 homework.py > stulog.txt 2>&1 on vdhankar #####
child exited with value 1
##### ERROR: /usr/bin/time -o time_7_vdhankar_zizhaoh.txt -f "%U" python3 homework.py > stulog.txt 2>&1 on vdhankar #####
##### Output of failed program (stdout + stderr): #####
Traceback (most recent call last):
  File "homework.py", line 546, in <module>
    print(end-start)
NameError: name 'end' is not defined
##### End of output of failed program #####
##### vdhankar plays [E b6 c5] in 4.36690998077393s #####
##### Running: /usr/lib/jvm/jdk-14.0.1/bin/java -jar /lab/itti/projects/checkers-competition/server/referee.jar on run_7_vdhankar_zizhaoh #####
Move is valid
##### SUCCESS: /usr/lib/jvm/jdk-14.0.1/bin/java -jar /lab/itti/projects/checkers-competition/server/referee.jar on run_7_vdhankar_zizhaoh #####
INPUT for zizhaoh:
GAME
WHITE
280.27
.b.b.b.b
b.b...b.
...b.b..
w.b.b...
.w...w.b
......w.
.w.w.w.w
w.w.w.w.
##### Running: /usr/bin/time -o time_7_vdhankar_zizhaoh.txt -f "%U" python3 homework.py > stulog.txt 2>&1 on zizhaoh #####
##### SUCCESS: /usr/bin/time -o time_7_vdhankar_zizhaoh.txt -f "%U" python3 homework.py > stulog.txt 2>&1 on zizhaoh #####
##### zizhaoh plays [E b2 a3 ] in 2.3s #####
##### Running: /usr/lib/jvm/jdk-14.0.1/bin/java -jar /lab/itti/projects/checkers-competition/server/referee.jar on run_7_vdhankar_zizhaoh #####
Move is valid
##### SUCCESS: /usr/lib/jvm/jdk-14.0.1/bin/java -jar /lab/itti/projects/checkers-competition/server/referee.jar on run_7_vdhankar_zizhaoh #####
INPUT for vdhankar:
GAME
BLACK
262.528883695602
.b.b.b.b
b.b...b.
...b.b..
w.b.b...
.w...w.b
w.....w.
...w.w.w
w.w.w.w.
##### Running: /usr/bin/time -o time_7_vdhankar_zizhaoh.txt -f "%U" python3 homework.py > stulog.txt 2>&1 on vdhankar #####
child exited with value 1
##### ERROR: /usr/bin/time -o time_7_vdhankar_zizhaoh.txt -f "%U" python3 homework.py > stulog.txt 2>&1 on vdhankar #####
##### Output of failed program (stdout + stderr): #####
Traceback (most recent call last):
  File "homework.py", line 546, in <module>
    print(end-start)
NameError: name 'end' is not defined
##### End of output of failed program #####
##### vdhankar plays [E g7 h6] in 6.69480609893799s #####
##### Running: /usr/lib/jvm/jdk-14.0.1/bin/java -jar /lab/itti/projects/checkers-competition/server/referee.jar on run_7_vdhankar_zizhaoh #####
Move is valid
##### SUCCESS: /usr/lib/jvm/jdk-14.0.1/bin/java -jar /lab/itti/projects/checkers-competition/server/referee.jar on run_7_vdhankar_zizhaoh #####
INPUT for zizhaoh:
GAME
WHITE
277.97
.b.b.b.b
b.b.....
...b.b.b
w.b.b...
.w...w.b
w.....w.
...w.w.w
w.w.w.w.
##### Running: /usr/bin/time -o time_7_vdhankar_zizhaoh.txt -f "%U" python3 homework.py > stulog.txt 2>&1 on zizhaoh #####
##### SUCCESS: /usr/bin/time -o time_7_vdhankar_zizhaoh.txt -f "%U" python3 homework.py > stulog.txt 2>&1 on zizhaoh #####
##### zizhaoh plays [E d2 c3 ] in 6.1s #####
##### Running: /usr/lib/jvm/jdk-14.0.1/bin/java -jar /lab/itti/projects/checkers-competition/server/referee.jar on run_7_vdhankar_zizhaoh #####
Move is valid
##### SUCCESS: /usr/lib/jvm/jdk-14.0.1/bin/java -jar /lab/itti/projects/checkers-competition/server/referee.jar on run_7_vdhankar_zizhaoh #####
INPUT for vdhankar:
GAME
BLACK
255.834077596664
.b.b.b.b
b.b.....
...b.b.b
w.b.b...
.w...w.b
w.w...w.
.....w.w
w.w.w.w.
##### Running: /usr/bin/time -o time_7_vdhankar_zizhaoh.txt -f "%U" python3 homework.py > stulog.txt 2>&1 on vdhankar #####
child exited with value 1
##### ERROR: /usr/bin/time -o time_7_vdhankar_zizhaoh.txt -f "%U" python3 homework.py > stulog.txt 2>&1 on vdhankar #####
##### Output of failed program (stdout + stderr): #####
Traceback (most recent call last):
  File "homework.py", line 546, in <module>
    print(end-start)
NameError: name 'end' is not defined
##### End of output of failed program #####
##### vdhankar plays [E c5 d4] in 5.54122090339661s #####
##### Running: /usr/lib/jvm/jdk-14.0.1/bin/java -jar /lab/itti/projects/checkers-competition/server/referee.jar on run_7_vdhankar_zizhaoh #####
Move is valid
##### SUCCESS: /usr/lib/jvm/jdk-14.0.1/bin/java -jar /lab/itti/projects/checkers-competition/server/referee.jar on run_7_vdhankar_zizhaoh #####
INPUT for zizhaoh:
GAME
WHITE
271.87
.b.b.b.b
b.b.....
...b.b.b
w...b...
.w.b.w.b
w.w...w.
.....w.w
w.w.w.w.
##### Running: /usr/bin/time -o time_7_vdhankar_zizhaoh.txt -f "%U" python3 homework.py > stulog.txt 2>&1 on zizhaoh #####
##### SUCCESS: /usr/bin/time -o time_7_vdhankar_zizhaoh.txt -f "%U" python3 homework.py > stulog.txt 2>&1 on zizhaoh #####
##### zizhaoh plays [E a1 b2 ] in 2.53s #####
##### Running: /usr/lib/jvm/jdk-14.0.1/bin/java -jar /lab/itti/projects/checkers-competition/server/referee.jar on run_7_vdhankar_zizhaoh #####
Move is valid
##### SUCCESS: /usr/lib/jvm/jdk-14.0.1/bin/java -jar /lab/itti/projects/checkers-competition/server/referee.jar on run_7_vdhankar_zizhaoh #####
INPUT for vdhankar:
GAME
BLACK
250.292856693268
.b.b.b.b
b.b.....
...b.b.b
w...b...
.w.b.w.b
w.w...w.
.w...w.w
..w.w.w.
##### Running: /usr/bin/time -o time_7_vdhankar_zizhaoh.txt -f "%U" python3 homework.py > stulog.txt 2>&1 on vdhankar #####
child exited with value 1
##### ERROR: /usr/bin/time -o time_7_vdhankar_zizhaoh.txt -f "%U" python3 homework.py > stulog.txt 2>&1 on vdhankar #####
##### Output of failed program (stdout + stderr): #####
Traceback (most recent call last):
  File "homework.py", line 546, in <module>
    print(end-start)
NameError: name 'end' is not defined
##### End of output of failed program #####
##### vdhankar plays [E f6 g5] in 2.7524938583374s #####
##### Running: /usr/lib/jvm/jdk-14.0.1/bin/java -jar /lab/itti/projects/checkers-competition/server/referee.jar on run_7_vdhankar_zizhaoh #####
Move is valid
##### SUCCESS: /usr/lib/jvm/jdk-14.0.1/bin/java -jar /lab/itti/projects/checkers-competition/server/referee.jar on run_7_vdhankar_zizhaoh #####
INPUT for zizhaoh:
GAME
WHITE
269.34
.b.b.b.b
b.b.....
...b...b
w...b.b.
.w.b.w.b
w.w...w.
.w...w.w
..w.w.w.
##### Running: /usr/bin/time -o time_7_vdhankar_zizhaoh.txt -f "%U" python3 homework.py > stulog.txt 2>&1 on zizhaoh #####
##### SUCCESS: /usr/bin/time -o time_7_vdhankar_zizhaoh.txt -f "%U" python3 homework.py > stulog.txt 2>&1 on zizhaoh #####
##### zizhaoh plays [E e1 d2 ] in 0.7s #####
##### Running: /usr/lib/jvm/jdk-14.0.1/bin/java -jar /lab/itti/projects/checkers-competition/server/referee.jar on run_7_vdhankar_zizhaoh #####
Move is valid
##### SUCCESS: /usr/lib/jvm/jdk-14.0.1/bin/java -jar /lab/itti/projects/checkers-competition/server/referee.jar on run_7_vdhankar_zizhaoh #####
INPUT for vdhankar:
GAME
BLACK
247.54036283493
.b.b.b.b
b.b.....
...b...b
w...b.b.
.w.b.w.b
w.w...w.
.w.w.w.w
..w...w.
##### Running: /usr/bin/time -o time_7_vdhankar_zizhaoh.txt -f "%U" python3 homework.py > stulog.txt 2>&1 on vdhankar #####
child exited with value 1
##### ERROR: /usr/bin/time -o time_7_vdhankar_zizhaoh.txt -f "%U" python3 homework.py > stulog.txt 2>&1 on vdhankar #####
##### Output of failed program (stdout + stderr): #####
Traceback (most recent call last):
  File "homework.py", line 546, in <module>
    print(end-start)
NameError: name 'end' is not defined
##### End of output of failed program #####
##### vdhankar plays [J g5 e3] in 0.643798112869263s #####
##### Running: /usr/lib/jvm/jdk-14.0.1/bin/java -jar /lab/itti/projects/checkers-competition/server/referee.jar on run_7_vdhankar_zizhaoh #####
Move is valid
##### SUCCESS: /usr/lib/jvm/jdk-14.0.1/bin/java -jar /lab/itti/projects/checkers-competition/server/referee.jar on run_7_vdhankar_zizhaoh #####
INPUT for zizhaoh:
GAME
WHITE
268.64
.b.b.b.b
b.b.....
...b...b
w...b...
.w.b...b
w.w.b.w.
.w.w.w.w
..w...w.
##### Running: /usr/bin/time -o time_7_vdhankar_zizhaoh.txt -f "%U" python3 homework.py > stulog.txt 2>&1 on zizhaoh #####
##### SUCCESS: /usr/bin/time -o time_7_vdhankar_zizhaoh.txt -f "%U" python3 homework.py > stulog.txt 2>&1 on zizhaoh #####
##### zizhaoh plays [J d2 f4 ] in 0.49s #####
##### Running: /usr/lib/jvm/jdk-14.0.1/bin/java -jar /lab/itti/projects/checkers-competition/server/referee.jar on run_7_vdhankar_zizhaoh #####
Move is valid
##### SUCCESS: /usr/lib/jvm/jdk-14.0.1/bin/java -jar /lab/itti/projects/checkers-competition/server/referee.jar on run_7_vdhankar_zizhaoh #####
INPUT for vdhankar:
GAME
BLACK
246.896564722061
.b.b.b.b
b.b.....
...b...b
w...b...
.w.b.w.b
w.w...w.
.w...w.w
..w...w.
##### Running: /usr/bin/time -o time_7_vdhankar_zizhaoh.txt -f "%U" python3 homework.py > stulog.txt 2>&1 on vdhankar #####
child exited with value 1
##### ERROR: /usr/bin/time -o time_7_vdhankar_zizhaoh.txt -f "%U" python3 homework.py > stulog.txt 2>&1 on vdhankar #####
##### Output of failed program (stdout + stderr): #####
Traceback (most recent call last):
  File "homework.py", line 546, in <module>
    print(end-start)
NameError: name 'end' is not defined
##### End of output of failed program #####
##### vdhankar plays [E d8 e7] in 1.71637797355652s #####
##### Running: /usr/lib/jvm/jdk-14.0.1/bin/java -jar /lab/itti/projects/checkers-competition/server/referee.jar on run_7_vdhankar_zizhaoh #####
Move is valid
##### SUCCESS: /usr/lib/jvm/jdk-14.0.1/bin/java -jar /lab/itti/projects/checkers-competition/server/referee.jar on run_7_vdhankar_zizhaoh #####
INPUT for zizhaoh:
GAME
WHITE
268.15
.b...b.b
b.b.b...
...b...b
w...b...
.w.b.w.b
w.w...w.
.w...w.w
..w...w.
##### Running: /usr/bin/time -o time_7_vdhankar_zizhaoh.txt -f "%U" python3 homework.py > stulog.txt 2>&1 on zizhaoh #####
##### SUCCESS: /usr/bin/time -o time_7_vdhankar_zizhaoh.txt -f "%U" python3 homework.py > stulog.txt 2>&1 on zizhaoh #####
##### zizhaoh plays [E c1 d2 ] in 0.98s #####
##### Running: /usr/lib/jvm/jdk-14.0.1/bin/java -jar /lab/itti/projects/checkers-competition/server/referee.jar on run_7_vdhankar_zizhaoh #####
Move is valid
##### SUCCESS: /usr/lib/jvm/jdk-14.0.1/bin/java -jar /lab/itti/projects/checkers-competition/server/referee.jar on run_7_vdhankar_zizhaoh #####
INPUT for vdhankar:
GAME
BLACK
245.180186748505
.b...b.b
b.b.b...
...b...b
w...b...
.w.b.w.b
w.w...w.
.w.w.w.w
......w.
##### Running: /usr/bin/time -o time_7_vdhankar_zizhaoh.txt -f "%U" python3 homework.py > stulog.txt 2>&1 on vdhankar #####
child exited with value 1
##### ERROR: /usr/bin/time -o time_7_vdhankar_zizhaoh.txt -f "%U" python3 homework.py > stulog.txt 2>&1 on vdhankar #####
##### Output of failed program (stdout + stderr): #####
Traceback (most recent call last):
  File "homework.py", line 546, in <module>
    print(end-start)
NameError: name 'end' is not defined
##### End of output of failed program #####
##### vdhankar plays [E h8 g7] in 1.65620398521423s #####
##### Running: /usr/lib/jvm/jdk-14.0.1/bin/java -jar /lab/itti/projects/checkers-competition/server/referee.jar on run_7_vdhankar_zizhaoh #####
Move is valid
##### SUCCESS: /usr/lib/jvm/jdk-14.0.1/bin/java -jar /lab/itti/projects/checkers-competition/server/referee.jar on run_7_vdhankar_zizhaoh #####
INPUT for zizhaoh:
GAME
WHITE
267.17
.b...b..
b.b.b.b.
...b...b
w...b...
.w.b.w.b
w.w...w.
.w.w.w.w
......w.
##### Running: /usr/bin/time -o time_7_vdhankar_zizhaoh.txt -f "%U" python3 homework.py > stulog.txt 2>&1 on zizhaoh #####
##### SUCCESS: /usr/bin/time -o time_7_vdhankar_zizhaoh.txt -f "%U" python3 homework.py > stulog.txt 2>&1 on zizhaoh #####
##### zizhaoh plays [E d2 e3 ] in 0.49s #####
##### Running: /usr/lib/jvm/jdk-14.0.1/bin/java -jar /lab/itti/projects/checkers-competition/server/referee.jar on run_7_vdhankar_zizhaoh #####
Move is valid
##### SUCCESS: /usr/lib/jvm/jdk-14.0.1/bin/java -jar /lab/itti/projects/checkers-competition/server/referee.jar on run_7_vdhankar_zizhaoh #####
INPUT for vdhankar:
GAME
BLACK
243.52398276329
.b...b..
b.b.b.b.
...b...b
w...b...
.w.b.w.b
w.w.w.w.
.w...w.w
......w.
##### Running: /usr/bin/time -o time_7_vdhankar_zizhaoh.txt -f "%U" python3 homework.py > stulog.txt 2>&1 on vdhankar #####
child exited with value 1
##### ERROR: /usr/bin/time -o time_7_vdhankar_zizhaoh.txt -f "%U" python3 homework.py > stulog.txt 2>&1 on vdhankar #####
##### Output of failed program (stdout + stderr): #####
Traceback (most recent call last):
  File "homework.py", line 546, in <module>
    print(end-start)
NameError: name 'end' is not defined
##### End of output of failed program #####
##### vdhankar plays [E d6 c5] in 0.818633079528809s #####
##### Running: /usr/lib/jvm/jdk-14.0.1/bin/java -jar /lab/itti/projects/checkers-competition/server/referee.jar on run_7_vdhankar_zizhaoh #####
Move is valid
##### SUCCESS: /usr/lib/jvm/jdk-14.0.1/bin/java -jar /lab/itti/projects/checkers-competition/server/referee.jar on run_7_vdhankar_zizhaoh #####
INPUT for zizhaoh:
GAME
WHITE
266.68
.b...b..
b.b.b.b.
.......b
w.b.b...
.w.b.w.b
w.w.w.w.
.w...w.w
......w.
##### Running: /usr/bin/time -o time_7_vdhankar_zizhaoh.txt -f "%U" python3 homework.py > stulog.txt 2>&1 on zizhaoh #####
##### SUCCESS: /usr/bin/time -o time_7_vdhankar_zizhaoh.txt -f "%U" python3 homework.py > stulog.txt 2>&1 on zizhaoh #####
##### zizhaoh plays [J b4 d6 ] in 0.12s #####
##### Running: /usr/lib/jvm/jdk-14.0.1/bin/java -jar /lab/itti/projects/checkers-competition/server/referee.jar on run_7_vdhankar_zizhaoh #####
Move is valid
##### SUCCESS: /usr/lib/jvm/jdk-14.0.1/bin/java -jar /lab/itti/projects/checkers-competition/server/referee.jar on run_7_vdhankar_zizhaoh #####
INPUT for vdhankar:
GAME
BLACK
242.705349683762
.b...b..
b.b.b.b.
...w...b
w...b...
...b.w.b
w.w.w.w.
.w...w.w
......w.
##### Running: /usr/bin/time -o time_7_vdhankar_zizhaoh.txt -f "%U" python3 homework.py > stulog.txt 2>&1 on vdhankar #####
child exited with value 1
##### ERROR: /usr/bin/time -o time_7_vdhankar_zizhaoh.txt -f "%U" python3 homework.py > stulog.txt 2>&1 on vdhankar #####
##### Output of failed program (stdout + stderr): #####
Traceback (most recent call last):
  File "homework.py", line 546, in <module>
    print(end-start)
NameError: name 'end' is not defined
##### End of output of failed program #####
##### vdhankar plays [J e7 c5] in 0.475716829299927s #####
##### Running: /usr/lib/jvm/jdk-14.0.1/bin/java -jar /lab/itti/projects/checkers-competition/server/referee.jar on run_7_vdhankar_zizhaoh #####
Move is valid
##### SUCCESS: /usr/lib/jvm/jdk-14.0.1/bin/java -jar /lab/itti/projects/checkers-competition/server/referee.jar on run_7_vdhankar_zizhaoh #####
INPUT for zizhaoh:
GAME
WHITE
266.56
.b...b..
b.b...b.
.......b
w.b.b...
...b.w.b
w.w.w.w.
.w...w.w
......w.
##### Running: /usr/bin/time -o time_7_vdhankar_zizhaoh.txt -f "%U" python3 homework.py > stulog.txt 2>&1 on zizhaoh #####
##### SUCCESS: /usr/bin/time -o time_7_vdhankar_zizhaoh.txt -f "%U" python3 homework.py > stulog.txt 2>&1 on zizhaoh #####
##### zizhaoh plays [J f4 d6 ] in 0.28s #####
##### Running: /usr/lib/jvm/jdk-14.0.1/bin/java -jar /lab/itti/projects/checkers-competition/server/referee.jar on run_7_vdhankar_zizhaoh #####
Move is valid
##### SUCCESS: /usr/lib/jvm/jdk-14.0.1/bin/java -jar /lab/itti/projects/checkers-competition/server/referee.jar on run_7_vdhankar_zizhaoh #####
INPUT for vdhankar:
GAME
BLACK
242.229632854462
.b...b..
b.b...b.
...w...b
w.b.....
...b...b
w.w.w.w.
.w...w.w
......w.
##### Running: /usr/bin/time -o time_7_vdhankar_zizhaoh.txt -f "%U" python3 homework.py > stulog.txt 2>&1 on vdhankar #####
child exited with value 1
##### ERROR: /usr/bin/time -o time_7_vdhankar_zizhaoh.txt -f "%U" python3 homework.py > stulog.txt 2>&1 on vdhankar #####
##### Output of failed program (stdout + stderr): #####
Traceback (most recent call last):
  File "homework.py", line 546, in <module>
    print(end-start)
NameError: name 'end' is not defined
##### End of output of failed program #####
##### vdhankar plays [J c7 e5] in 1.24064803123474s #####
##### Running: /usr/lib/jvm/jdk-14.0.1/bin/java -jar /lab/itti/projects/checkers-competition/server/referee.jar on run_7_vdhankar_zizhaoh #####
Move is valid
##### SUCCESS: /usr/lib/jvm/jdk-14.0.1/bin/java -jar /lab/itti/projects/checkers-competition/server/referee.jar on run_7_vdhankar_zizhaoh #####
INPUT for zizhaoh:
GAME
WHITE
266.28
.b...b..
b.....b.
.......b
w.b.b...
...b...b
w.w.w.w.
.w...w.w
......w.
##### Running: /usr/bin/time -o time_7_vdhankar_zizhaoh.txt -f "%U" python3 homework.py > stulog.txt 2>&1 on zizhaoh #####
##### SUCCESS: /usr/bin/time -o time_7_vdhankar_zizhaoh.txt -f "%U" python3 homework.py > stulog.txt 2>&1 on zizhaoh #####
##### zizhaoh plays [E c3 b4 ] in 2.51s #####
##### Running: /usr/lib/jvm/jdk-14.0.1/bin/java -jar /lab/itti/projects/checkers-competition/server/referee.jar on run_7_vdhankar_zizhaoh #####
Move is valid
##### SUCCESS: /usr/lib/jvm/jdk-14.0.1/bin/java -jar /lab/itti/projects/checkers-competition/server/referee.jar on run_7_vdhankar_zizhaoh #####
INPUT for vdhankar:
GAME
BLACK
240.988984823227
.b...b..
b.....b.
.......b
w.b.b...
.w.b...b
w...w.w.
.w...w.w
......w.
##### Running: /usr/bin/time -o time_7_vdhankar_zizhaoh.txt -f "%U" python3 homework.py > stulog.txt 2>&1 on vdhankar #####
child exited with value 1
##### ERROR: /usr/bin/time -o time_7_vdhankar_zizhaoh.txt -f "%U" python3 homework.py > stulog.txt 2>&1 on vdhankar #####
##### Output of failed program (stdout + stderr): #####
Traceback (most recent call last):
  File "homework.py", line 546, in <module>
    print(end-start)
NameError: name 'end' is not defined
##### End of output of failed program #####
##### vdhankar plays [E a7 b6] in 2.40117502212524s #####
##### Running: /usr/lib/jvm/jdk-14.0.1/bin/java -jar /lab/itti/projects/checkers-competition/server/referee.jar on run_7_vdhankar_zizhaoh #####
Move is valid
##### SUCCESS: /usr/lib/jvm/jdk-14.0.1/bin/java -jar /lab/itti/projects/checkers-competition/server/referee.jar on run_7_vdhankar_zizhaoh #####
INPUT for zizhaoh:
GAME
WHITE
263.77
.b...b..
......b.
.b.....b
w.b.b...
.w.b...b
w...w.w.
.w...w.w
......w.
##### Running: /usr/bin/time -o time_7_vdhankar_zizhaoh.txt -f "%U" python3 homework.py > stulog.txt 2>&1 on zizhaoh #####
##### SUCCESS: /usr/bin/time -o time_7_vdhankar_zizhaoh.txt -f "%U" python3 homework.py > stulog.txt 2>&1 on zizhaoh #####
##### zizhaoh plays [J b4 d6 ] in 1.26s #####
##### Running: /usr/lib/jvm/jdk-14.0.1/bin/java -jar /lab/itti/projects/checkers-competition/server/referee.jar on run_7_vdhankar_zizhaoh #####
Move is valid
##### SUCCESS: /usr/lib/jvm/jdk-14.0.1/bin/java -jar /lab/itti/projects/checkers-competition/server/referee.jar on run_7_vdhankar_zizhaoh #####
INPUT for vdhankar:
GAME
BLACK
238.587809801102
.b...b..
......b.
.b.w...b
w...b...
...b...b
w...w.w.
.w...w.w
......w.
##### Running: /usr/bin/time -o time_7_vdhankar_zizhaoh.txt -f "%U" python3 homework.py > stulog.txt 2>&1 on vdhankar #####
child exited with value 1
##### ERROR: /usr/bin/time -o time_7_vdhankar_zizhaoh.txt -f "%U" python3 homework.py > stulog.txt 2>&1 on vdhankar #####
##### Output of failed program (stdout + stderr): #####
Traceback (most recent call last):
  File "homework.py", line 546, in <module>
    print(end-start)
NameError: name 'end' is not defined
##### End of output of failed program #####
##### vdhankar plays [E b6 c5] in 4.1725549697876s #####
##### Running: /usr/lib/jvm/jdk-14.0.1/bin/java -jar /lab/itti/projects/checkers-competition/server/referee.jar on run_7_vdhankar_zizhaoh #####
Move is valid
##### SUCCESS: /usr/lib/jvm/jdk-14.0.1/bin/java -jar /lab/itti/projects/checkers-competition/server/referee.jar on run_7_vdhankar_zizhaoh #####
INPUT for zizhaoh:
GAME
WHITE
262.51
.b...b..
......b.
...w...b
w.b.b...
...b...b
w...w.w.
.w...w.w
......w.
##### Running: /usr/bin/time -o time_7_vdhankar_zizhaoh.txt -f "%U" python3 homework.py > stulog.txt 2>&1 on zizhaoh #####
##### SUCCESS: /usr/bin/time -o time_7_vdhankar_zizhaoh.txt -f "%U" python3 homework.py > stulog.txt 2>&1 on zizhaoh #####
##### zizhaoh plays [E a5 b6 ] in 3.6s #####
##### Running: /usr/lib/jvm/jdk-14.0.1/bin/java -jar /lab/itti/projects/checkers-competition/server/referee.jar on run_7_vdhankar_zizhaoh #####
Move is valid
##### SUCCESS: /usr/lib/jvm/jdk-14.0.1/bin/java -jar /lab/itti/projects/checkers-competition/server/referee.jar on run_7_vdhankar_zizhaoh #####
INPUT for vdhankar:
GAME
BLACK
234.415254831314
.b...b..
......b.
.w.w...b
..b.b...
...b...b
w...w.w.
.w...w.w
......w.
##### Running: /usr/bin/time -o time_7_vdhankar_zizhaoh.txt -f "%U" python3 homework.py > stulog.txt 2>&1 on vdhankar #####
child exited with value 1
##### ERROR: /usr/bin/time -o time_7_vdhankar_zizhaoh.txt -f "%U" python3 homework.py > stulog.txt 2>&1 on vdhankar #####
##### Output of failed program (stdout + stderr): #####
Traceback (most recent call last):
  File "homework.py", line 546, in <module>
    print(end-start)
NameError: name 'end' is not defined
##### End of output of failed program #####
##### vdhankar plays [E h6 g5] in 3.4481189250946s #####
##### Running: /usr/lib/jvm/jdk-14.0.1/bin/java -jar /lab/itti/projects/checkers-competition/server/referee.jar on run_7_vdhankar_zizhaoh #####
Move is valid
##### SUCCESS: /usr/lib/jvm/jdk-14.0.1/bin/java -jar /lab/itti/projects/checkers-competition/server/referee.jar on run_7_vdhankar_zizhaoh #####
INPUT for zizhaoh:
GAME
WHITE
258.91
.b...b..
......b.
.w.w....
..b.b.b.
...b...b
w...w.w.
.w...w.w
......w.
##### Running: /usr/bin/time -o time_7_vdhankar_zizhaoh.txt -f "%U" python3 homework.py > stulog.txt 2>&1 on zizhaoh #####
##### SUCCESS: /usr/bin/time -o time_7_vdhankar_zizhaoh.txt -f "%U" python3 homework.py > stulog.txt 2>&1 on zizhaoh #####
##### zizhaoh plays [E e3 f4 ] in 3.32s #####
##### Running: /usr/lib/jvm/jdk-14.0.1/bin/java -jar /lab/itti/projects/checkers-competition/server/referee.jar on run_7_vdhankar_zizhaoh #####
Move is valid
##### SUCCESS: /usr/lib/jvm/jdk-14.0.1/bin/java -jar /lab/itti/projects/checkers-competition/server/referee.jar on run_7_vdhankar_zizhaoh #####
INPUT for vdhankar:
GAME
BLACK
230.967135906219
.b...b..
......b.
.w.w....
..b.b.b.
...b.w.b
w.....w.
.w...w.w
......w.
##### Running: /usr/bin/time -o time_7_vdhankar_zizhaoh.txt -f "%U" python3 homework.py > stulog.txt 2>&1 on vdhankar #####
child exited with value 1
##### ERROR: /usr/bin/time -o time_7_vdhankar_zizhaoh.txt -f "%U" python3 homework.py > stulog.txt 2>&1 on vdhankar #####
##### Output of failed program (stdout + stderr): #####
Traceback (most recent call last):
  File "homework.py", line 546, in <module>
    print(end-start)
NameError: name 'end' is not defined
##### End of output of failed program #####
##### vdhankar plays [J g5 e3] in 1.75458288192749s #####
##### Running: /usr/lib/jvm/jdk-14.0.1/bin/java -jar /lab/itti/projects/checkers-competition/server/referee.jar on run_7_vdhankar_zizhaoh #####
Move is valid
##### SUCCESS: /usr/lib/jvm/jdk-14.0.1/bin/java -jar /lab/itti/projects/checkers-competition/server/referee.jar on run_7_vdhankar_zizhaoh #####
INPUT for zizhaoh:
GAME
WHITE
255.59
.b...b..
......b.
.w.w....
..b.b...
...b...b
w...b.w.
.w...w.w
......w.
##### Running: /usr/bin/time -o time_7_vdhankar_zizhaoh.txt -f "%U" python3 homework.py > stulog.txt 2>&1 on zizhaoh #####
##### SUCCESS: /usr/bin/time -o time_7_vdhankar_zizhaoh.txt -f "%U" python3 homework.py > stulog.txt 2>&1 on zizhaoh #####
##### zizhaoh plays [E b2 c3 ] in 4.02s #####
##### Running: /usr/lib/jvm/jdk-14.0.1/bin/java -jar /lab/itti/projects/checkers-competition/server/referee.jar on run_7_vdhankar_zizhaoh #####
Move is valid
##### SUCCESS: /usr/lib/jvm/jdk-14.0.1/bin/java -jar /lab/itti/projects/checkers-competition/server/referee.jar on run_7_vdhankar_zizhaoh #####
INPUT for vdhankar:
GAME
BLACK
229.212553024292
.b...b..
......b.
.w.w....
..b.b...
...b...b
w.w.b.w.
.....w.w
......w.
##### Running: /usr/bin/time -o time_7_vdhankar_zizhaoh.txt -f "%U" python3 homework.py > stulog.txt 2>&1 on vdhankar #####
child exited with value 1
##### ERROR: /usr/bin/time -o time_7_vdhankar_zizhaoh.txt -f "%U" python3 homework.py > stulog.txt 2>&1 on vdhankar #####
##### Output of failed program (stdout + stderr): #####
Traceback (most recent call last):
  File "homework.py", line 546, in <module>
    print(end-start)
NameError: name 'end' is not defined
##### End of output of failed program #####
##### vdhankar plays [J d4 b2] in 0.567291021347046s #####
##### Running: /usr/lib/jvm/jdk-14.0.1/bin/java -jar /lab/itti/projects/checkers-competition/server/referee.jar on run_7_vdhankar_zizhaoh #####
Move is valid
##### SUCCESS: /usr/lib/jvm/jdk-14.0.1/bin/java -jar /lab/itti/projects/checkers-competition/server/referee.jar on run_7_vdhankar_zizhaoh #####
INPUT for zizhaoh:
GAME
WHITE
251.57
.b...b..
......b.
.w.w....
..b.b...
.......b
w...b.w.
.b...w.w
......w.
##### Running: /usr/bin/time -o time_7_vdhankar_zizhaoh.txt -f "%U" python3 homework.py > stulog.txt 2>&1 on zizhaoh #####
##### SUCCESS: /usr/bin/time -o time_7_vdhankar_zizhaoh.txt -f "%U" python3 homework.py > stulog.txt 2>&1 on zizhaoh #####
##### zizhaoh plays [J f2 d4  ; J d4 f6  ; J f6 h8 ] in 0.26s #####
##### Running: /usr/lib/jvm/jdk-14.0.1/bin/java -jar /lab/itti/projects/checkers-competition/server/referee.jar on run_7_vdhankar_zizhaoh #####
Move is valid
##### SUCCESS: /usr/lib/jvm/jdk-14.0.1/bin/java -jar /lab/itti/projects/checkers-competition/server/referee.jar on run_7_vdhankar_zizhaoh #####
INPUT for vdhankar:
GAME
BLACK
228.645262002945
.b...b.W
........
.w.w....
..b.....
.......b
w.....w.
.b.....w
......w.
##### Running: /usr/bin/time -o time_7_vdhankar_zizhaoh.txt -f "%U" python3 homework.py > stulog.txt 2>&1 on vdhankar #####
child exited with value 1
##### ERROR: /usr/bin/time -o time_7_vdhankar_zizhaoh.txt -f "%U" python3 homework.py > stulog.txt 2>&1 on vdhankar #####
##### Output of failed program (stdout + stderr): #####
Traceback (most recent call last):
  File "homework.py", line 546, in <module>
    print(end-start)
NameError: name 'end' is not defined
##### End of output of failed program #####
##### vdhankar plays [J h4 f2] in 1.67762279510498s #####
##### Running: /usr/lib/jvm/jdk-14.0.1/bin/java -jar /lab/itti/projects/checkers-competition/server/referee.jar on run_7_vdhankar_zizhaoh #####
Move is valid
##### SUCCESS: /usr/lib/jvm/jdk-14.0.1/bin/java -jar /lab/itti/projects/checkers-competition/server/referee.jar on run_7_vdhankar_zizhaoh #####
INPUT for zizhaoh:
GAME
WHITE
251.31
.b...b.W
........
.w.w....
..b.....
........
w.......
.b...b.w
......w.
##### Running: /usr/bin/time -o time_7_vdhankar_zizhaoh.txt -f "%U" python3 homework.py > stulog.txt 2>&1 on zizhaoh #####
##### SUCCESS: /usr/bin/time -o time_7_vdhankar_zizhaoh.txt -f "%U" python3 homework.py > stulog.txt 2>&1 on zizhaoh #####
##### zizhaoh plays [J g1 e3 ] in 1.91s #####
##### Running: /usr/lib/jvm/jdk-14.0.1/bin/java -jar /lab/itti/projects/checkers-competition/server/referee.jar on run_7_vdhankar_zizhaoh #####
Move is valid
##### SUCCESS: /usr/lib/jvm/jdk-14.0.1/bin/java -jar /lab/itti/projects/checkers-competition/server/referee.jar on run_7_vdhankar_zizhaoh #####
INPUT for vdhankar:
GAME
BLACK
226.96763920784
.b...b.W
........
.w.w....
..b.....
........
w...w...
.b.....w
........
##### Running: /usr/bin/time -o time_7_vdhankar_zizhaoh.txt -f "%U" python3 homework.py > stulog.txt 2>&1 on vdhankar #####
child exited with value 1
##### ERROR: /usr/bin/time -o time_7_vdhankar_zizhaoh.txt -f "%U" python3 homework.py > stulog.txt 2>&1 on vdhankar #####
##### Output of failed program (stdout + stderr): #####
Traceback (most recent call last):
  File "homework.py", line 546, in <module>
    print(end-start)
NameError: name 'end' is not defined
##### End of output of failed program #####
##### vdhankar plays [E b2 c1] in 10.1676540374756s #####
##### Running: /usr/lib/jvm/jdk-14.0.1/bin/java -jar /lab/itti/projects/checkers-competition/server/referee.jar on run_7_vdhankar_zizhaoh #####
Move is valid
##### SUCCESS: /usr/lib/jvm/jdk-14.0.1/bin/java -jar /lab/itti/projects/checkers-competition/server/referee.jar on run_7_vdhankar_zizhaoh #####
INPUT for zizhaoh:
GAME
WHITE
249.4
.b...b.W
........
.w.w....
..b.....
........
w...w...
.......w
..B.....
##### Running: /usr/bin/time -o time_7_vdhankar_zizhaoh.txt -f "%U" python3 homework.py > stulog.txt 2>&1 on zizhaoh #####
##### SUCCESS: /usr/bin/time -o time_7_vdhankar_zizhaoh.txt -f "%U" python3 homework.py > stulog.txt 2>&1 on zizhaoh #####
##### zizhaoh plays [E b6 a7 ] in 5.88s #####
##### Running: /usr/lib/jvm/jdk-14.0.1/bin/java -jar /lab/itti/projects/checkers-competition/server/referee.jar on run_7_vdhankar_zizhaoh #####
Move is valid
##### SUCCESS: /usr/lib/jvm/jdk-14.0.1/bin/java -jar /lab/itti/projects/checkers-competition/server/referee.jar on run_7_vdhankar_zizhaoh #####
INPUT for vdhankar:
GAME
BLACK
216.799985170364
.b...b.W
w.......
...w....
..b.....
........
w...w...
.......w
..B.....
##### Running: /usr/bin/time -o time_7_vdhankar_zizhaoh.txt -f "%U" python3 homework.py > stulog.txt 2>&1 on vdhankar #####
child exited with value 1
##### ERROR: /usr/bin/time -o time_7_vdhankar_zizhaoh.txt -f "%U" python3 homework.py > stulog.txt 2>&1 on vdhankar #####
##### Output of failed program (stdout + stderr): #####
Traceback (most recent call last):
  File "homework.py", line 546, in <module>
    print(end-start)
NameError: name 'end' is not defined
##### End of output of failed program #####
##### vdhankar plays [E c1 d2] in 6.30760407447815s #####
##### Running: /usr/lib/jvm/jdk-14.0.1/bin/java -jar /lab/itti/projects/checkers-competition/server/referee.jar on run_7_vdhankar_zizhaoh #####
Move is valid
##### SUCCESS: /usr/lib/jvm/jdk-14.0.1/bin/java -jar /lab/itti/projects/checkers-competition/server/referee.jar on run_7_vdhankar_zizhaoh #####
INPUT for zizhaoh:
GAME
WHITE
243.52
.b...b.W
w.......
...w....
..b.....
........
w...w...
...B...w
........
##### Running: /usr/bin/time -o time_7_vdhankar_zizhaoh.txt -f "%U" python3 homework.py > stulog.txt 2>&1 on zizhaoh #####
##### SUCCESS: /usr/bin/time -o time_7_vdhankar_zizhaoh.txt -f "%U" python3 homework.py > stulog.txt 2>&1 on zizhaoh #####
##### zizhaoh plays [E e3 f4 ] in 4.87s #####
##### Running: /usr/lib/jvm/jdk-14.0.1/bin/java -jar /lab/itti/projects/checkers-competition/server/referee.jar on run_7_vdhankar_zizhaoh #####
Move is valid
##### SUCCESS: /usr/lib/jvm/jdk-14.0.1/bin/java -jar /lab/itti/projects/checkers-competition/server/referee.jar on run_7_vdhankar_zizhaoh #####
INPUT for vdhankar:
GAME
BLACK
210.492381095886
.b...b.W
w.......
...w....
..b.....
.....w..
w.......
...B...w
........
##### Running: /usr/bin/time -o time_7_vdhankar_zizhaoh.txt -f "%U" python3 homework.py > stulog.txt 2>&1 on vdhankar #####
child exited with value 1
##### ERROR: /usr/bin/time -o time_7_vdhankar_zizhaoh.txt -f "%U" python3 homework.py > stulog.txt 2>&1 on vdhankar #####
##### Output of failed program (stdout + stderr): #####
Traceback (most recent call last):
  File "homework.py", line 546, in <module>
    print(end-start)
NameError: name 'end' is not defined
##### End of output of failed program #####
##### vdhankar plays [E d2 e3] in 10.4620199203491s #####
##### Running: /usr/lib/jvm/jdk-14.0.1/bin/java -jar /lab/itti/projects/checkers-competition/server/referee.jar on run_7_vdhankar_zizhaoh #####
Move is valid
##### SUCCESS: /usr/lib/jvm/jdk-14.0.1/bin/java -jar /lab/itti/projects/checkers-competition/server/referee.jar on run_7_vdhankar_zizhaoh #####
INPUT for zizhaoh:
GAME
WHITE
238.65
.b...b.W
w.......
...w....
..b.....
.....w..
w...B...
.......w
........
##### Running: /usr/bin/time -o time_7_vdhankar_zizhaoh.txt -f "%U" python3 homework.py > stulog.txt 2>&1 on zizhaoh #####
##### SUCCESS: /usr/bin/time -o time_7_vdhankar_zizhaoh.txt -f "%U" python3 homework.py > stulog.txt 2>&1 on zizhaoh #####
##### zizhaoh plays [E f4 e5 ] in 5.83s #####
##### Running: /usr/lib/jvm/jdk-14.0.1/bin/java -jar /lab/itti/projects/checkers-competition/server/referee.jar on run_7_vdhankar_zizhaoh #####
Move is valid
##### SUCCESS: /usr/lib/jvm/jdk-14.0.1/bin/java -jar /lab/itti/projects/checkers-competition/server/referee.jar on run_7_vdhankar_zizhaoh #####
INPUT for vdhankar:
GAME
BLACK
200.030361175537
.b...b.W
w.......
...w....
..b.w...
........
w...B...
.......w
........
##### Running: /usr/bin/time -o time_7_vdhankar_zizhaoh.txt -f "%U" python3 homework.py > stulog.txt 2>&1 on vdhankar #####
child exited with value 1
##### ERROR: /usr/bin/time -o time_7_vdhankar_zizhaoh.txt -f "%U" python3 homework.py > stulog.txt 2>&1 on vdhankar #####
##### Output of failed program (stdout + stderr): #####
Traceback (most recent call last):
  File "homework.py", line 546, in <module>
    print(end-start)
NameError: name 'end' is not defined
##### End of output of failed program #####
##### vdhankar plays [E c5 d4] in 7.68098783493042s #####
##### Running: /usr/lib/jvm/jdk-14.0.1/bin/java -jar /lab/itti/projects/checkers-competition/server/referee.jar on run_7_vdhankar_zizhaoh #####
Move is valid
##### SUCCESS: /usr/lib/jvm/jdk-14.0.1/bin/java -jar /lab/itti/projects/checkers-competition/server/referee.jar on run_7_vdhankar_zizhaoh #####
INPUT for zizhaoh:
GAME
WHITE
232.82
.b...b.W
w.......
...w....
....w...
...b....
w...B...
.......w
........
##### Running: /usr/bin/time -o time_7_vdhankar_zizhaoh.txt -f "%U" python3 homework.py > stulog.txt 2>&1 on zizhaoh #####
##### SUCCESS: /usr/bin/time -o time_7_vdhankar_zizhaoh.txt -f "%U" python3 homework.py > stulog.txt 2>&1 on zizhaoh #####
##### zizhaoh plays [E e5 f6 ] in 6.2s #####
##### Running: /usr/lib/jvm/jdk-14.0.1/bin/java -jar /lab/itti/projects/checkers-competition/server/referee.jar on run_7_vdhankar_zizhaoh #####
Move is valid
##### SUCCESS: /usr/lib/jvm/jdk-14.0.1/bin/java -jar /lab/itti/projects/checkers-competition/server/referee.jar on run_7_vdhankar_zizhaoh #####
INPUT for vdhankar:
GAME
BLACK
192.349373340607
.b...b.W
w.......
...w.w..
........
...b....
w...B...
.......w
........
##### Running: /usr/bin/time -o time_7_vdhankar_zizhaoh.txt -f "%U" python3 homework.py > stulog.txt 2>&1 on vdhankar #####
child exited with value 1
##### ERROR: /usr/bin/time -o time_7_vdhankar_zizhaoh.txt -f "%U" python3 homework.py > stulog.txt 2>&1 on vdhankar #####
##### Output of failed program (stdout + stderr): #####
Traceback (most recent call last):
  File "homework.py", line 546, in <module>
    print(end-start)
NameError: name 'end' is not defined
##### End of output of failed program #####
##### vdhankar plays [E d4 c3] in 8.07715892791748s #####
##### Running: /usr/lib/jvm/jdk-14.0.1/bin/java -jar /lab/itti/projects/checkers-competition/server/referee.jar on run_7_vdhankar_zizhaoh #####
Move is valid
##### SUCCESS: /usr/lib/jvm/jdk-14.0.1/bin/java -jar /lab/itti/projects/checkers-competition/server/referee.jar on run_7_vdhankar_zizhaoh #####
INPUT for zizhaoh:
GAME
WHITE
226.62
.b...b.W
w.......
...w.w..
........
........
w.b.B...
.......w
........
##### Running: /usr/bin/time -o time_7_vdhankar_zizhaoh.txt -f "%U" python3 homework.py > stulog.txt 2>&1 on zizhaoh #####
##### SUCCESS: /usr/bin/time -o time_7_vdhankar_zizhaoh.txt -f "%U" python3 homework.py > stulog.txt 2>&1 on zizhaoh #####
##### zizhaoh plays [E f6 e7 ] in 6.41s #####
##### Running: /usr/lib/jvm/jdk-14.0.1/bin/java -jar /lab/itti/projects/checkers-competition/server/referee.jar on run_7_vdhankar_zizhaoh #####
Move is valid
##### SUCCESS: /usr/lib/jvm/jdk-14.0.1/bin/java -jar /lab/itti/projects/checkers-competition/server/referee.jar on run_7_vdhankar_zizhaoh #####
INPUT for vdhankar:
GAME
BLACK
184.272214412689
.b...b.W
w...w...
...w....
........
........
w.b.B...
.......w
........
##### Running: /usr/bin/time -o time_7_vdhankar_zizhaoh.txt -f "%U" python3 homework.py > stulog.txt 2>&1 on vdhankar #####
child exited with value 1
##### ERROR: /usr/bin/time -o time_7_vdhankar_zizhaoh.txt -f "%U" python3 homework.py > stulog.txt 2>&1 on vdhankar #####
##### Output of failed program (stdout + stderr): #####
Traceback (most recent call last):
  File "homework.py", line 546, in <module>
    print(end-start)
NameError: name 'end' is not defined
##### End of output of failed program #####
##### vdhankar plays [E e3 d4] in 7.68072700500488s #####
##### Running: /usr/lib/jvm/jdk-14.0.1/bin/java -jar /lab/itti/projects/checkers-competition/server/referee.jar on run_7_vdhankar_zizhaoh #####
Move is valid
##### SUCCESS: /usr/lib/jvm/jdk-14.0.1/bin/java -jar /lab/itti/projects/checkers-competition/server/referee.jar on run_7_vdhankar_zizhaoh #####
INPUT for zizhaoh:
GAME
WHITE
220.21
.b...b.W
w...w...
...w....
........
...B....
w.b.....
.......w
........
##### Running: /usr/bin/time -o time_7_vdhankar_zizhaoh.txt -f "%U" python3 homework.py > stulog.txt 2>&1 on zizhaoh #####
##### SUCCESS: /usr/bin/time -o time_7_vdhankar_zizhaoh.txt -f "%U" python3 homework.py > stulog.txt 2>&1 on zizhaoh #####
##### zizhaoh plays [E e7 d8 ] in 5.96s #####
##### Running: /usr/lib/jvm/jdk-14.0.1/bin/java -jar /lab/itti/projects/checkers-competition/server/referee.jar on run_7_vdhankar_zizhaoh #####
Move is valid
##### SUCCESS: /usr/lib/jvm/jdk-14.0.1/bin/java -jar /lab/itti/projects/checkers-competition/server/referee.jar on run_7_vdhankar_zizhaoh #####
INPUT for vdhankar:
GAME
BLACK
176.591487407684
.b.W.b.W
w.......
...w....
........
...B....
w.b.....
.......w
........
##### Running: /usr/bin/time -o time_7_vdhankar_zizhaoh.txt -f "%U" python3 homework.py > stulog.txt 2>&1 on vdhankar #####
child exited with value 1
##### ERROR: /usr/bin/time -o time_7_vdhankar_zizhaoh.txt -f "%U" python3 homework.py > stulog.txt 2>&1 on vdhankar #####
##### Output of failed program (stdout + stderr): #####
Traceback (most recent call last):
  File "homework.py", line 546, in <module>
    print(end-start)
NameError: name 'end' is not defined
##### End of output of failed program #####
##### vdhankar plays [E c3 d2] in 19.1177749633789s #####
##### Running: /usr/lib/jvm/jdk-14.0.1/bin/java -jar /lab/itti/projects/checkers-competition/server/referee.jar on run_7_vdhankar_zizhaoh #####
Move is valid
##### SUCCESS: /usr/lib/jvm/jdk-14.0.1/bin/java -jar /lab/itti/projects/checkers-competition/server/referee.jar on run_7_vdhankar_zizhaoh #####
INPUT for zizhaoh:
GAME
WHITE
214.25
.b.W.b.W
w.......
...w....
........
...B....
w.......
...b...w
........
##### Running: /usr/bin/time -o time_7_vdhankar_zizhaoh.txt -f "%U" python3 homework.py > stulog.txt 2>&1 on zizhaoh #####
##### SUCCESS: /usr/bin/time -o time_7_vdhankar_zizhaoh.txt -f "%U" python3 homework.py > stulog.txt 2>&1 on zizhaoh #####
##### zizhaoh plays [E d8 c7 ] in 9.16s #####
##### Running: /usr/lib/jvm/jdk-14.0.1/bin/java -jar /lab/itti/projects/checkers-competition/server/referee.jar on run_7_vdhankar_zizhaoh #####
Move is valid
##### SUCCESS: /usr/lib/jvm/jdk-14.0.1/bin/java -jar /lab/itti/projects/checkers-competition/server/referee.jar on run_7_vdhankar_zizhaoh #####
INPUT for vdhankar:
GAME
BLACK
157.473712444305
.b...b.W
w.W.....
...w....
........
...B....
w.......
...b...w
........
##### Running: /usr/bin/time -o time_7_vdhankar_zizhaoh.txt -f "%U" python3 homework.py > stulog.txt 2>&1 on vdhankar #####
child exited with value 1
##### ERROR: /usr/bin/time -o time_7_vdhankar_zizhaoh.txt -f "%U" python3 homework.py > stulog.txt 2>&1 on vdhankar #####
##### Output of failed program (stdout + stderr): #####
Traceback (most recent call last):
  File "homework.py", line 546, in <module>
    print(end-start)
NameError: name 'end' is not defined
##### End of output of failed program #####
##### vdhankar plays [E d2 e1] in 8.48001098632812s #####
##### Running: /usr/lib/jvm/jdk-14.0.1/bin/java -jar /lab/itti/projects/checkers-competition/server/referee.jar on run_7_vdhankar_zizhaoh #####
Move is valid
##### SUCCESS: /usr/lib/jvm/jdk-14.0.1/bin/java -jar /lab/itti/projects/checkers-competition/server/referee.jar on run_7_vdhankar_zizhaoh #####
INPUT for zizhaoh:
GAME
WHITE
205.09
.b...b.W
w.W.....
...w....
........
...B....
w.......
.......w
....B...
##### Running: /usr/bin/time -o time_7_vdhankar_zizhaoh.txt -f "%U" python3 homework.py > stulog.txt 2>&1 on zizhaoh #####
##### SUCCESS: /usr/bin/time -o time_7_vdhankar_zizhaoh.txt -f "%U" python3 homework.py > stulog.txt 2>&1 on zizhaoh #####
##### zizhaoh plays [E c7 d8 ] in 7.07s #####
##### Running: /usr/lib/jvm/jdk-14.0.1/bin/java -jar /lab/itti/projects/checkers-competition/server/referee.jar on run_7_vdhankar_zizhaoh #####
Move is valid
##### SUCCESS: /usr/lib/jvm/jdk-14.0.1/bin/java -jar /lab/itti/projects/checkers-competition/server/referee.jar on run_7_vdhankar_zizhaoh #####
INPUT for vdhankar:
GAME
BLACK
148.993701457977
.b.W.b.W
w.......
...w....
........
...B....
w.......
.......w
....B...
##### Running: /usr/bin/time -o time_7_vdhankar_zizhaoh.txt -f "%U" python3 homework.py > stulog.txt 2>&1 on vdhankar #####
child exited with value 1
##### ERROR: /usr/bin/time -o time_7_vdhankar_zizhaoh.txt -f "%U" python3 homework.py > stulog.txt 2>&1 on vdhankar #####
##### Output of failed program (stdout + stderr): #####
Traceback (most recent call last):
  File "homework.py", line 546, in <module>
    print(end-start)
NameError: name 'end' is not defined
##### End of output of failed program #####
##### vdhankar plays [E e1 f2] in 17.2357439994812s #####
##### Running: /usr/lib/jvm/jdk-14.0.1/bin/java -jar /lab/itti/projects/checkers-competition/server/referee.jar on run_7_vdhankar_zizhaoh #####
Move is valid
##### SUCCESS: /usr/lib/jvm/jdk-14.0.1/bin/java -jar /lab/itti/projects/checkers-competition/server/referee.jar on run_7_vdhankar_zizhaoh #####
INPUT for zizhaoh:
GAME
WHITE
198.02
.b.W.b.W
w.......
...w....
........
...B....
w.......
.....B.w
........
##### Running: /usr/bin/time -o time_7_vdhankar_zizhaoh.txt -f "%U" python3 homework.py > stulog.txt 2>&1 on zizhaoh #####
##### SUCCESS: /usr/bin/time -o time_7_vdhankar_zizhaoh.txt -f "%U" python3 homework.py > stulog.txt 2>&1 on zizhaoh #####
##### zizhaoh plays [E d8 c7 ] in 5.32s #####
##### Running: /usr/lib/jvm/jdk-14.0.1/bin/java -jar /lab/itti/projects/checkers-competition/server/referee.jar on run_7_vdhankar_zizhaoh #####
Move is valid
##### SUCCESS: /usr/lib/jvm/jdk-14.0.1/bin/java -jar /lab/itti/projects/checkers-competition/server/referee.jar on run_7_vdhankar_zizhaoh #####
INPUT for vdhankar:
GAME
BLACK
131.757957458496
.b...b.W
w.W.....
...w....
........
...B....
w.......
.....B.w
........
##### Running: /usr/bin/time -o time_7_vdhankar_zizhaoh.txt -f "%U" python3 homework.py > stulog.txt 2>&1 on vdhankar #####
child exited with value 1
##### ERROR: /usr/bin/time -o time_7_vdhankar_zizhaoh.txt -f "%U" python3 homework.py > stulog.txt 2>&1 on vdhankar #####
##### Output of failed program (stdout + stderr): #####
Traceback (most recent call last):
  File "homework.py", line 546, in <module>
    print(end-start)
NameError: name 'end' is not defined
##### End of output of failed program #####
##### vdhankar plays [E f2 e3] in 11.8804349899292s #####
##### Running: /usr/lib/jvm/jdk-14.0.1/bin/java -jar /lab/itti/projects/checkers-competition/server/referee.jar on run_7_vdhankar_zizhaoh #####
Move is valid
##### SUCCESS: /usr/lib/jvm/jdk-14.0.1/bin/java -jar /lab/itti/projects/checkers-competition/server/referee.jar on run_7_vdhankar_zizhaoh #####
INPUT for zizhaoh:
GAME
WHITE
192.7
.b...b.W
w.W.....
...w....
........
...B....
w...B...
.......w
........
##### Running: /usr/bin/time -o time_7_vdhankar_zizhaoh.txt -f "%U" python3 homework.py > stulog.txt 2>&1 on zizhaoh #####
##### SUCCESS: /usr/bin/time -o time_7_vdhankar_zizhaoh.txt -f "%U" python3 homework.py > stulog.txt 2>&1 on zizhaoh #####
##### zizhaoh plays [E c7 d8 ] in 7.69s #####
##### Running: /usr/lib/jvm/jdk-14.0.1/bin/java -jar /lab/itti/projects/checkers-competition/server/referee.jar on run_7_vdhankar_zizhaoh #####
Move is valid
##### SUCCESS: /usr/lib/jvm/jdk-14.0.1/bin/java -jar /lab/itti/projects/checkers-competition/server/referee.jar on run_7_vdhankar_zizhaoh #####
INPUT for vdhankar:
GAME
BLACK
119.877522468567
.b.W.b.W
w.......
...w....
........
...B....
w...B...
.......w
........
##### Running: /usr/bin/time -o time_7_vdhankar_zizhaoh.txt -f "%U" python3 homework.py > stulog.txt 2>&1 on vdhankar #####
child exited with value 1
##### ERROR: /usr/bin/time -o time_7_vdhankar_zizhaoh.txt -f "%U" python3 homework.py > stulog.txt 2>&1 on vdhankar #####
##### Output of failed program (stdout + stderr): #####
Traceback (most recent call last):
  File "homework.py", line 546, in <module>
    print(end-start)
NameError: name 'end' is not defined
##### End of output of failed program #####
##### vdhankar plays [E e3 f4] in 16.8803350925446s #####
##### Running: /usr/lib/jvm/jdk-14.0.1/bin/java -jar /lab/itti/projects/checkers-competition/server/referee.jar on run_7_vdhankar_zizhaoh #####
Move is valid
##### SUCCESS: /usr/lib/jvm/jdk-14.0.1/bin/java -jar /lab/itti/projects/checkers-competition/server/referee.jar on run_7_vdhankar_zizhaoh #####
INPUT for zizhaoh:
GAME
WHITE
185.01
.b.W.b.W
w.......
...w....
........
...B.B..
w.......
.......w
........
##### Running: /usr/bin/time -o time_7_vdhankar_zizhaoh.txt -f "%U" python3 homework.py > stulog.txt 2>&1 on zizhaoh #####
##### SUCCESS: /usr/bin/time -o time_7_vdhankar_zizhaoh.txt -f "%U" python3 homework.py > stulog.txt 2>&1 on zizhaoh #####
##### zizhaoh plays [E d8 c7 ] in 5.49s #####
##### Running: /usr/lib/jvm/jdk-14.0.1/bin/java -jar /lab/itti/projects/checkers-competition/server/referee.jar on run_7_vdhankar_zizhaoh #####
Move is valid
##### SUCCESS: /usr/lib/jvm/jdk-14.0.1/bin/java -jar /lab/itti/projects/checkers-competition/server/referee.jar on run_7_vdhankar_zizhaoh #####
INPUT for vdhankar:
GAME
BLACK
102.997187376022
.b...b.W
w.W.....
...w....
........
...B.B..
w.......
.......w
........
##### Running: /usr/bin/time -o time_7_vdhankar_zizhaoh.txt -f "%U" python3 homework.py > stulog.txt 2>&1 on vdhankar #####
child exited with value 1
##### ERROR: /usr/bin/time -o time_7_vdhankar_zizhaoh.txt -f "%U" python3 homework.py > stulog.txt 2>&1 on vdhankar #####
##### Output of failed program (stdout + stderr): #####
Traceback (most recent call last):
  File "homework.py", line 546, in <module>
    print(end-start)
NameError: name 'end' is not defined
##### End of output of failed program #####
##### vdhankar plays [E f4 g5] in 8.64811611175537s #####
##### Running: /usr/lib/jvm/jdk-14.0.1/bin/java -jar /lab/itti/projects/checkers-competition/server/referee.jar on run_7_vdhankar_zizhaoh #####
Move is valid
##### SUCCESS: /usr/lib/jvm/jdk-14.0.1/bin/java -jar /lab/itti/projects/checkers-competition/server/referee.jar on run_7_vdhankar_zizhaoh #####
INPUT for zizhaoh:
GAME
WHITE
179.52
.b...b.W
w.W.....
...w....
......B.
...B....
w.......
.......w
........
##### Running: /usr/bin/time -o time_7_vdhankar_zizhaoh.txt -f "%U" python3 homework.py > stulog.txt 2>&1 on zizhaoh #####
##### SUCCESS: /usr/bin/time -o time_7_vdhankar_zizhaoh.txt -f "%U" python3 homework.py > stulog.txt 2>&1 on zizhaoh #####
##### zizhaoh plays [E c7 d8 ] in 7.13s #####
##### Running: /usr/lib/jvm/jdk-14.0.1/bin/java -jar /lab/itti/projects/checkers-competition/server/referee.jar on run_7_vdhankar_zizhaoh #####
Move is valid
##### SUCCESS: /usr/lib/jvm/jdk-14.0.1/bin/java -jar /lab/itti/projects/checkers-competition/server/referee.jar on run_7_vdhankar_zizhaoh #####
INPUT for vdhankar:
GAME
BLACK
94.349071264267
.b.W.b.W
w.......
...w....
......B.
...B....
w.......
.......w
........
##### Running: /usr/bin/time -o time_7_vdhankar_zizhaoh.txt -f "%U" python3 homework.py > stulog.txt 2>&1 on vdhankar #####
child exited with value 1
##### ERROR: /usr/bin/time -o time_7_vdhankar_zizhaoh.txt -f "%U" python3 homework.py > stulog.txt 2>&1 on vdhankar #####
##### Output of failed program (stdout + stderr): #####
Traceback (most recent call last):
  File "homework.py", line 546, in <module>
    print(end-start)
NameError: name 'end' is not defined
##### End of output of failed program #####
##### vdhankar plays [E d4 e3] in 11.2799561023712s #####
##### Running: /usr/lib/jvm/jdk-14.0.1/bin/java -jar /lab/itti/projects/checkers-competition/server/referee.jar on run_7_vdhankar_zizhaoh #####
Move is valid
##### SUCCESS: /usr/lib/jvm/jdk-14.0.1/bin/java -jar /lab/itti/projects/checkers-competition/server/referee.jar on run_7_vdhankar_zizhaoh #####
INPUT for zizhaoh:
GAME
WHITE
172.39
.b.W.b.W
w.......
...w....
......B.
........
w...B...
.......w
........
##### Running: /usr/bin/time -o time_7_vdhankar_zizhaoh.txt -f "%U" python3 homework.py > stulog.txt 2>&1 on zizhaoh #####
##### SUCCESS: /usr/bin/time -o time_7_vdhankar_zizhaoh.txt -f "%U" python3 homework.py > stulog.txt 2>&1 on zizhaoh #####
##### zizhaoh plays [E d8 c7 ] in 5.65s #####
##### Running: /usr/lib/jvm/jdk-14.0.1/bin/java -jar /lab/itti/projects/checkers-competition/server/referee.jar on run_7_vdhankar_zizhaoh #####
Move is valid
##### SUCCESS: /usr/lib/jvm/jdk-14.0.1/bin/java -jar /lab/itti/projects/checkers-competition/server/referee.jar on run_7_vdhankar_zizhaoh #####
INPUT for vdhankar:
GAME
BLACK
83.0691151618958
.b...b.W
w.W.....
...w....
......B.
........
w...B...
.......w
........
##### Running: /usr/bin/time -o time_7_vdhankar_zizhaoh.txt -f "%U" python3 homework.py > stulog.txt 2>&1 on vdhankar #####
child exited with value 1
##### ERROR: /usr/bin/time -o time_7_vdhankar_zizhaoh.txt -f "%U" python3 homework.py > stulog.txt 2>&1 on vdhankar #####
##### Output of failed program (stdout + stderr): #####
Traceback (most recent call last):
  File "homework.py", line 546, in <module>
    print(end-start)
NameError: name 'end' is not defined
##### End of output of failed program #####
##### vdhankar plays [E e3 d4] in 12.6696901321411s #####
##### Running: /usr/lib/jvm/jdk-14.0.1/bin/java -jar /lab/itti/projects/checkers-competition/server/referee.jar on run_7_vdhankar_zizhaoh #####
Move is valid
##### SUCCESS: /usr/lib/jvm/jdk-14.0.1/bin/java -jar /lab/itti/projects/checkers-competition/server/referee.jar on run_7_vdhankar_zizhaoh #####
INPUT for zizhaoh:
GAME
WHITE
166.74
.b...b.W
w.W.....
...w....
......B.
...B....
w.......
.......w
........
##### Running: /usr/bin/time -o time_7_vdhankar_zizhaoh.txt -f "%U" python3 homework.py > stulog.txt 2>&1 on zizhaoh #####
##### SUCCESS: /usr/bin/time -o time_7_vdhankar_zizhaoh.txt -f "%U" python3 homework.py > stulog.txt 2>&1 on zizhaoh #####
##### zizhaoh plays [E c7 d8 ] in 7.09s #####
##### Running: /usr/lib/jvm/jdk-14.0.1/bin/java -jar /lab/itti/projects/checkers-competition/server/referee.jar on run_7_vdhankar_zizhaoh #####
Move is valid
##### SUCCESS: /usr/lib/jvm/jdk-14.0.1/bin/java -jar /lab/itti/projects/checkers-competition/server/referee.jar on run_7_vdhankar_zizhaoh #####
INPUT for vdhankar:
GAME
BLACK
70.3994250297546
.b.W.b.W
w.......
...w....
......B.
...B....
w.......
.......w
........
##### Running: /usr/bin/time -o time_7_vdhankar_zizhaoh.txt -f "%U" python3 homework.py > stulog.txt 2>&1 on vdhankar #####
child exited with value 1
##### ERROR: /usr/bin/time -o time_7_vdhankar_zizhaoh.txt -f "%U" python3 homework.py > stulog.txt 2>&1 on vdhankar #####
##### Output of failed program (stdout + stderr): #####
Traceback (most recent call last):
  File "homework.py", line 546, in <module>
    print(end-start)
NameError: name 'end' is not defined
##### End of output of failed program #####
##### vdhankar plays [E d4 e3] in 8.67494201660156s #####
##### Running: /usr/lib/jvm/jdk-14.0.1/bin/java -jar /lab/itti/projects/checkers-competition/server/referee.jar on run_7_vdhankar_zizhaoh #####
Move is valid
##### SUCCESS: /usr/lib/jvm/jdk-14.0.1/bin/java -jar /lab/itti/projects/checkers-competition/server/referee.jar on run_7_vdhankar_zizhaoh #####
INPUT for zizhaoh:
GAME
WHITE
159.65
.b.W.b.W
w.......
...w....
......B.
........
w...B...
.......w
........
##### Running: /usr/bin/time -o time_7_vdhankar_zizhaoh.txt -f "%U" python3 homework.py > stulog.txt 2>&1 on zizhaoh #####
##### SUCCESS: /usr/bin/time -o time_7_vdhankar_zizhaoh.txt -f "%U" python3 homework.py > stulog.txt 2>&1 on zizhaoh #####
##### zizhaoh plays [E d8 c7 ] in 6.03s #####
##### Running: /usr/lib/jvm/jdk-14.0.1/bin/java -jar /lab/itti/projects/checkers-competition/server/referee.jar on run_7_vdhankar_zizhaoh #####
Move is valid
##### SUCCESS: /usr/lib/jvm/jdk-14.0.1/bin/java -jar /lab/itti/projects/checkers-competition/server/referee.jar on run_7_vdhankar_zizhaoh #####
INPUT for vdhankar:
GAME
BLACK
61.7244830131531
.b...b.W
w.W.....
...w....
......B.
........
w...B...
.......w
........
##### Running: /usr/bin/time -o time_7_vdhankar_zizhaoh.txt -f "%U" python3 homework.py > stulog.txt 2>&1 on vdhankar #####
child exited with value 1
##### ERROR: /usr/bin/time -o time_7_vdhankar_zizhaoh.txt -f "%U" python3 homework.py > stulog.txt 2>&1 on vdhankar #####
##### Output of failed program (stdout + stderr): #####
Traceback (most recent call last):
  File "homework.py", line 546, in <module>
    print(end-start)
NameError: name 'end' is not defined
##### End of output of failed program #####
##### vdhankar plays [E e3 d4] in 11.1340389251709s #####
##### Running: /usr/lib/jvm/jdk-14.0.1/bin/java -jar /lab/itti/projects/checkers-competition/server/referee.jar on run_7_vdhankar_zizhaoh #####
Move is valid
##### SUCCESS: /usr/lib/jvm/jdk-14.0.1/bin/java -jar /lab/itti/projects/checkers-competition/server/referee.jar on run_7_vdhankar_zizhaoh #####
INPUT for zizhaoh:
GAME
WHITE
153.62
.b...b.W
w.W.....
...w....
......B.
...B....
w.......
.......w
........
##### Running: /usr/bin/time -o time_7_vdhankar_zizhaoh.txt -f "%U" python3 homework.py > stulog.txt 2>&1 on zizhaoh #####
##### SUCCESS: /usr/bin/time -o time_7_vdhankar_zizhaoh.txt -f "%U" python3 homework.py > stulog.txt 2>&1 on zizhaoh #####
##### zizhaoh plays [E c7 d8 ] in 6.5s #####
##### Running: /usr/lib/jvm/jdk-14.0.1/bin/java -jar /lab/itti/projects/checkers-competition/server/referee.jar on run_7_vdhankar_zizhaoh #####
Move is valid
Seen this position 3 times
*** Game ends in draw ***
##### SUCCESS: /usr/lib/jvm/jdk-14.0.1/bin/java -jar /lab/itti/projects/checkers-competition/server/referee.jar on run_7_vdhankar_zizhaoh #####
##### GAME ENDS IN A DRAW. Time left for vdhankar: 50.5904440879822s, zizhaoh: 147.12s
Server said: DRAW
##### GAME OVER: the game ends in a draw, zizhaoh wins by time remaining #####
########## ROUND 7 GAMESCORE AFTER GAME 3: vdhankar=1 and zizhaoh=2 ##########
#################### ROUND 7: vdhankar (W) vs zizhaoh (B): game 4 ####################
##### game start! #####
INPUT for zizhaoh:
GAME
BLACK
300
.b.b.b.b
b.b.b.b.
.b.b.b.b
........
........
w.w.w.w.
.w.w.w.w
w.w.w.w.
##### Running: /usr/bin/time -o time_7_vdhankar_zizhaoh.txt -f "%U" python3 homework.py > stulog.txt 2>&1 on zizhaoh #####
##### SUCCESS: /usr/bin/time -o time_7_vdhankar_zizhaoh.txt -f "%U" python3 homework.py > stulog.txt 2>&1 on zizhaoh #####
##### zizhaoh plays [E b6 a5 ] in 5.66s #####
##### Running: /usr/lib/jvm/jdk-14.0.1/bin/java -jar /lab/itti/projects/checkers-competition/server/referee.jar on run_7_vdhankar_zizhaoh #####
Move is valid
Couldn't read file 'current_ply.txt'
Couldn't read content from file 'current_ply.txt'
Couldn't read file 'lastmatchange_ply.txt'
Couldn't read content from file 'lastmatchange_ply.txt'
##### SUCCESS: /usr/lib/jvm/jdk-14.0.1/bin/java -jar /lab/itti/projects/checkers-competition/server/referee.jar on run_7_vdhankar_zizhaoh #####
INPUT for vdhankar:
GAME
WHITE
300
.b.b.b.b
b.b.b.b.
...b.b.b
b.......
........
w.w.w.w.
.w.w.w.w
w.w.w.w.
##### Running: /usr/bin/time -o time_7_vdhankar_zizhaoh.txt -f "%U" python3 homework.py > stulog.txt 2>&1 on vdhankar #####
child exited with value 1
##### ERROR: /usr/bin/time -o time_7_vdhankar_zizhaoh.txt -f "%U" python3 homework.py > stulog.txt 2>&1 on vdhankar #####
##### Output of failed program (stdout + stderr): #####
Traceback (most recent call last):
  File "homework.py", line 546, in <module>
    print(end-start)
NameError: name 'end' is not defined
##### End of output of failed program #####
##### vdhankar plays [E g3 h4] in 10.390202999115s #####
##### Running: /usr/lib/jvm/jdk-14.0.1/bin/java -jar /lab/itti/projects/checkers-competition/server/referee.jar on run_7_vdhankar_zizhaoh #####
Move is valid
##### SUCCESS: /usr/lib/jvm/jdk-14.0.1/bin/java -jar /lab/itti/projects/checkers-competition/server/referee.jar on run_7_vdhankar_zizhaoh #####
INPUT for zizhaoh:
GAME
BLACK
294.34
.b.b.b.b
b.b.b.b.
...b.b.b
b.......
.......w
w.w.w...
.w.w.w.w
w.w.w.w.
##### Running: /usr/bin/time -o time_7_vdhankar_zizhaoh.txt -f "%U" python3 homework.py > stulog.txt 2>&1 on zizhaoh #####
##### SUCCESS: /usr/bin/time -o time_7_vdhankar_zizhaoh.txt -f "%U" python3 homework.py > stulog.txt 2>&1 on zizhaoh #####
##### zizhaoh plays [E a7 b6 ] in 4.13s #####
##### Running: /usr/lib/jvm/jdk-14.0.1/bin/java -jar /lab/itti/projects/checkers-competition/server/referee.jar on run_7_vdhankar_zizhaoh #####
Move is valid
##### SUCCESS: /usr/lib/jvm/jdk-14.0.1/bin/java -jar /lab/itti/projects/checkers-competition/server/referee.jar on run_7_vdhankar_zizhaoh #####
INPUT for vdhankar:
GAME
WHITE
289.609797000885
.b.b.b.b
..b.b.b.
.b.b.b.b
b.......
.......w
w.w.w...
.w.w.w.w
w.w.w.w.
##### Running: /usr/bin/time -o time_7_vdhankar_zizhaoh.txt -f "%U" python3 homework.py > stulog.txt 2>&1 on vdhankar #####
child exited with value 1
##### ERROR: /usr/bin/time -o time_7_vdhankar_zizhaoh.txt -f "%U" python3 homework.py > stulog.txt 2>&1 on vdhankar #####
##### Output of failed program (stdout + stderr): #####
Traceback (most recent call last):
  File "homework.py", line 546, in <module>
    print(end-start)
NameError: name 'end' is not defined
##### End of output of failed program #####
##### vdhankar plays [E h2 g3] in 13.4455809593201s #####
##### Running: /usr/lib/jvm/jdk-14.0.1/bin/java -jar /lab/itti/projects/checkers-competition/server/referee.jar on run_7_vdhankar_zizhaoh #####
Move is valid
##### SUCCESS: /usr/lib/jvm/jdk-14.0.1/bin/java -jar /lab/itti/projects/checkers-competition/server/referee.jar on run_7_vdhankar_zizhaoh #####
INPUT for zizhaoh:
GAME
BLACK
290.21
.b.b.b.b
..b.b.b.
.b.b.b.b
b.......
.......w
w.w.w.w.
.w.w.w..
w.w.w.w.
##### Running: /usr/bin/time -o time_7_vdhankar_zizhaoh.txt -f "%U" python3 homework.py > stulog.txt 2>&1 on zizhaoh #####
##### SUCCESS: /usr/bin/time -o time_7_vdhankar_zizhaoh.txt -f "%U" python3 homework.py > stulog.txt 2>&1 on zizhaoh #####
##### zizhaoh plays [E b8 a7 ] in 5.04s #####
##### Running: /usr/lib/jvm/jdk-14.0.1/bin/java -jar /lab/itti/projects/checkers-competition/server/referee.jar on run_7_vdhankar_zizhaoh #####
Move is valid
##### SUCCESS: /usr/lib/jvm/jdk-14.0.1/bin/java -jar /lab/itti/projects/checkers-competition/server/referee.jar on run_7_vdhankar_zizhaoh #####
INPUT for vdhankar:
GAME
WHITE
276.164216041565
...b.b.b
b.b.b.b.
.b.b.b.b
b.......
.......w
w.w.w.w.
.w.w.w..
w.w.w.w.
##### Running: /usr/bin/time -o time_7_vdhankar_zizhaoh.txt -f "%U" python3 homework.py > stulog.txt 2>&1 on vdhankar #####
child exited with value 1
##### ERROR: /usr/bin/time -o time_7_vdhankar_zizhaoh.txt -f "%U" python3 homework.py > stulog.txt 2>&1 on vdhankar #####
##### Output of failed program (stdout + stderr): #####
Traceback (most recent call last):
  File "homework.py", line 546, in <module>
    print(end-start)
NameError: name 'end' is not defined
##### End of output of failed program #####
##### vdhankar plays [E c3 d4] in 3.17456388473511s #####
##### Running: /usr/lib/jvm/jdk-14.0.1/bin/java -jar /lab/itti/projects/checkers-competition/server/referee.jar on run_7_vdhankar_zizhaoh #####
Move is valid
##### SUCCESS: /usr/lib/jvm/jdk-14.0.1/bin/java -jar /lab/itti/projects/checkers-competition/server/referee.jar on run_7_vdhankar_zizhaoh #####
INPUT for zizhaoh:
GAME
BLACK
285.17
...b.b.b
b.b.b.b.
.b.b.b.b
b.......
...w...w
w...w.w.
.w.w.w..
w.w.w.w.
##### Running: /usr/bin/time -o time_7_vdhankar_zizhaoh.txt -f "%U" python3 homework.py > stulog.txt 2>&1 on zizhaoh #####
##### SUCCESS: /usr/bin/time -o time_7_vdhankar_zizhaoh.txt -f "%U" python3 homework.py > stulog.txt 2>&1 on zizhaoh #####
##### zizhaoh plays [E d6 c5 ] in 1.82s #####
##### Running: /usr/lib/jvm/jdk-14.0.1/bin/java -jar /lab/itti/projects/checkers-competition/server/referee.jar on run_7_vdhankar_zizhaoh #####
Move is valid
##### SUCCESS: /usr/lib/jvm/jdk-14.0.1/bin/java -jar /lab/itti/projects/checkers-competition/server/referee.jar on run_7_vdhankar_zizhaoh #####
INPUT for vdhankar:
GAME
WHITE
272.98965215683
...b.b.b
b.b.b.b.
.b...b.b
b.b.....
...w...w
w...w.w.
.w.w.w..
w.w.w.w.
##### Running: /usr/bin/time -o time_7_vdhankar_zizhaoh.txt -f "%U" python3 homework.py > stulog.txt 2>&1 on vdhankar #####
child exited with value 1
##### ERROR: /usr/bin/time -o time_7_vdhankar_zizhaoh.txt -f "%U" python3 homework.py > stulog.txt 2>&1 on vdhankar #####
##### Output of failed program (stdout + stderr): #####
Traceback (most recent call last):
  File "homework.py", line 546, in <module>
    print(end-start)
NameError: name 'end' is not defined
##### End of output of failed program #####
##### vdhankar plays [E b2 c3] in 3.05168199539185s #####
##### Running: /usr/lib/jvm/jdk-14.0.1/bin/java -jar /lab/itti/projects/checkers-competition/server/referee.jar on run_7_vdhankar_zizhaoh #####
Move is valid
##### SUCCESS: /usr/lib/jvm/jdk-14.0.1/bin/java -jar /lab/itti/projects/checkers-competition/server/referee.jar on run_7_vdhankar_zizhaoh #####
INPUT for zizhaoh:
GAME
BLACK
283.35
...b.b.b
b.b.b.b.
.b...b.b
b.b.....
...w...w
w.w.w.w.
...w.w..
w.w.w.w.
##### Running: /usr/bin/time -o time_7_vdhankar_zizhaoh.txt -f "%U" python3 homework.py > stulog.txt 2>&1 on zizhaoh #####
##### SUCCESS: /usr/bin/time -o time_7_vdhankar_zizhaoh.txt -f "%U" python3 homework.py > stulog.txt 2>&1 on zizhaoh #####
##### zizhaoh plays [E c7 d6 ] in 2.9s #####
##### Running: /usr/lib/jvm/jdk-14.0.1/bin/java -jar /lab/itti/projects/checkers-competition/server/referee.jar on run_7_vdhankar_zizhaoh #####
Move is valid
##### SUCCESS: /usr/lib/jvm/jdk-14.0.1/bin/java -jar /lab/itti/projects/checkers-competition/server/referee.jar on run_7_vdhankar_zizhaoh #####
INPUT for vdhankar:
GAME
WHITE
269.937970161438
...b.b.b
b...b.b.
.b.b.b.b
b.b.....
...w...w
w.w.w.w.
...w.w..
w.w.w.w.
##### Running: /usr/bin/time -o time_7_vdhankar_zizhaoh.txt -f "%U" python3 homework.py > stulog.txt 2>&1 on vdhankar #####
child exited with value 1
##### ERROR: /usr/bin/time -o time_7_vdhankar_zizhaoh.txt -f "%U" python3 homework.py > stulog.txt 2>&1 on vdhankar #####
##### Output of failed program (stdout + stderr): #####
Traceback (most recent call last):
  File "homework.py", line 546, in <module>
    print(end-start)
NameError: name 'end' is not defined
##### End of output of failed program #####
##### vdhankar plays [E a1 b2] in 4.32383584976196s #####
##### Running: /usr/lib/jvm/jdk-14.0.1/bin/java -jar /lab/itti/projects/checkers-competition/server/referee.jar on run_7_vdhankar_zizhaoh #####
Move is valid
##### SUCCESS: /usr/lib/jvm/jdk-14.0.1/bin/java -jar /lab/itti/projects/checkers-competition/server/referee.jar on run_7_vdhankar_zizhaoh #####
INPUT for zizhaoh:
GAME
BLACK
280.45
...b.b.b
b...b.b.
.b.b.b.b
b.b.....
...w...w
w.w.w.w.
.w.w.w..
..w.w.w.
##### Running: /usr/bin/time -o time_7_vdhankar_zizhaoh.txt -f "%U" python3 homework.py > stulog.txt 2>&1 on zizhaoh #####
##### SUCCESS: /usr/bin/time -o time_7_vdhankar_zizhaoh.txt -f "%U" python3 homework.py > stulog.txt 2>&1 on zizhaoh #####
##### zizhaoh plays [E d8 c7 ] in 1.29s #####
##### Running: /usr/lib/jvm/jdk-14.0.1/bin/java -jar /lab/itti/projects/checkers-competition/server/referee.jar on run_7_vdhankar_zizhaoh #####
Move is valid
##### SUCCESS: /usr/lib/jvm/jdk-14.0.1/bin/java -jar /lab/itti/projects/checkers-competition/server/referee.jar on run_7_vdhankar_zizhaoh #####
INPUT for vdhankar:
GAME
WHITE
265.614134311676
.....b.b
b.b.b.b.
.b.b.b.b
b.b.....
...w...w
w.w.w.w.
.w.w.w..
..w.w.w.
##### Running: /usr/bin/time -o time_7_vdhankar_zizhaoh.txt -f "%U" python3 homework.py > stulog.txt 2>&1 on vdhankar #####
child exited with value 1
##### ERROR: /usr/bin/time -o time_7_vdhankar_zizhaoh.txt -f "%U" python3 homework.py > stulog.txt 2>&1 on vdhankar #####
##### Output of failed program (stdout + stderr): #####
Traceback (most recent call last):
  File "homework.py", line 546, in <module>
    print(end-start)
NameError: name 'end' is not defined
##### End of output of failed program #####
##### vdhankar plays [E g3 f4] in 1.65309500694275s #####
##### Running: /usr/lib/jvm/jdk-14.0.1/bin/java -jar /lab/itti/projects/checkers-competition/server/referee.jar on run_7_vdhankar_zizhaoh #####
Move is valid
##### SUCCESS: /usr/lib/jvm/jdk-14.0.1/bin/java -jar /lab/itti/projects/checkers-competition/server/referee.jar on run_7_vdhankar_zizhaoh #####
INPUT for zizhaoh:
GAME
BLACK
279.16
.....b.b
b.b.b.b.
.b.b.b.b
b.b.....
...w.w.w
w.w.w...
.w.w.w..
..w.w.w.
##### Running: /usr/bin/time -o time_7_vdhankar_zizhaoh.txt -f "%U" python3 homework.py > stulog.txt 2>&1 on zizhaoh #####
##### SUCCESS: /usr/bin/time -o time_7_vdhankar_zizhaoh.txt -f "%U" python3 homework.py > stulog.txt 2>&1 on zizhaoh #####
##### zizhaoh plays [E c5 b4 ] in 0.77s #####
##### Running: /usr/lib/jvm/jdk-14.0.1/bin/java -jar /lab/itti/projects/checkers-competition/server/referee.jar on run_7_vdhankar_zizhaoh #####
Move is valid
##### SUCCESS: /usr/lib/jvm/jdk-14.0.1/bin/java -jar /lab/itti/projects/checkers-competition/server/referee.jar on run_7_vdhankar_zizhaoh #####
INPUT for vdhankar:
GAME
WHITE
263.961039304733
.....b.b
b.b.b.b.
.b.b.b.b
b.......
.b.w.w.w
w.w.w...
.w.w.w..
..w.w.w.
##### Running: /usr/bin/time -o time_7_vdhankar_zizhaoh.txt -f "%U" python3 homework.py > stulog.txt 2>&1 on vdhankar #####
child exited with value 1
##### ERROR: /usr/bin/time -o time_7_vdhankar_zizhaoh.txt -f "%U" python3 homework.py > stulog.txt 2>&1 on vdhankar #####
##### Output of failed program (stdout + stderr): #####
Traceback (most recent call last):
  File "homework.py", line 546, in <module>
    print(end-start)
NameError: name 'end' is not defined
##### End of output of failed program #####
##### vdhankar plays [J a3 c5] in 0.529129981994629s #####
##### Running: /usr/lib/jvm/jdk-14.0.1/bin/java -jar /lab/itti/projects/checkers-competition/server/referee.jar on run_7_vdhankar_zizhaoh #####
Move is valid
##### SUCCESS: /usr/lib/jvm/jdk-14.0.1/bin/java -jar /lab/itti/projects/checkers-competition/server/referee.jar on run_7_vdhankar_zizhaoh #####
INPUT for zizhaoh:
GAME
BLACK
278.39
.....b.b
b.b.b.b.
.b.b.b.b
b.w.....
...w.w.w
..w.w...
.w.w.w..
..w.w.w.
##### Running: /usr/bin/time -o time_7_vdhankar_zizhaoh.txt -f "%U" python3 homework.py > stulog.txt 2>&1 on zizhaoh #####
##### SUCCESS: /usr/bin/time -o time_7_vdhankar_zizhaoh.txt -f "%U" python3 homework.py > stulog.txt 2>&1 on zizhaoh #####
##### zizhaoh plays [J d6 b4 ] in 0.55s #####
##### Running: /usr/lib/jvm/jdk-14.0.1/bin/java -jar /lab/itti/projects/checkers-competition/server/referee.jar on run_7_vdhankar_zizhaoh #####
Move is valid
##### SUCCESS: /usr/lib/jvm/jdk-14.0.1/bin/java -jar /lab/itti/projects/checkers-competition/server/referee.jar on run_7_vdhankar_zizhaoh #####
INPUT for vdhankar:
GAME
WHITE
263.431909322739
.....b.b
b.b.b.b.
.b...b.b
b.......
.b.w.w.w
..w.w...
.w.w.w..
..w.w.w.
##### Running: /usr/bin/time -o time_7_vdhankar_zizhaoh.txt -f "%U" python3 homework.py > stulog.txt 2>&1 on vdhankar #####
child exited with value 1
##### ERROR: /usr/bin/time -o time_7_vdhankar_zizhaoh.txt -f "%U" python3 homework.py > stulog.txt 2>&1 on vdhankar #####
##### Output of failed program (stdout + stderr): #####
Traceback (most recent call last):
  File "homework.py", line 546, in <module>
    print(end-start)
NameError: name 'end' is not defined
##### End of output of failed program #####
##### vdhankar plays [E g1 h2] in 2.13070201873779s #####
##### Running: /usr/lib/jvm/jdk-14.0.1/bin/java -jar /lab/itti/projects/checkers-competition/server/referee.jar on run_7_vdhankar_zizhaoh #####
Move is valid
##### SUCCESS: /usr/lib/jvm/jdk-14.0.1/bin/java -jar /lab/itti/projects/checkers-competition/server/referee.jar on run_7_vdhankar_zizhaoh #####
INPUT for zizhaoh:
GAME
BLACK
277.84
.....b.b
b.b.b.b.
.b...b.b
b.......
.b.w.w.w
..w.w...
.w.w.w.w
..w.w...
##### Running: /usr/bin/time -o time_7_vdhankar_zizhaoh.txt -f "%U" python3 homework.py > stulog.txt 2>&1 on zizhaoh #####
##### SUCCESS: /usr/bin/time -o time_7_vdhankar_zizhaoh.txt -f "%U" python3 homework.py > stulog.txt 2>&1 on zizhaoh #####
##### zizhaoh plays [E c7 d6 ] in 1.84s #####
##### Running: /usr/lib/jvm/jdk-14.0.1/bin/java -jar /lab/itti/projects/checkers-competition/server/referee.jar on run_7_vdhankar_zizhaoh #####
Move is valid
##### SUCCESS: /usr/lib/jvm/jdk-14.0.1/bin/java -jar /lab/itti/projects/checkers-competition/server/referee.jar on run_7_vdhankar_zizhaoh #####
INPUT for vdhankar:
GAME
WHITE
261.301207304001
.....b.b
b...b.b.
.b.b.b.b
b.......
.b.w.w.w
..w.w...
.w.w.w.w
..w.w...
##### Running: /usr/bin/time -o time_7_vdhankar_zizhaoh.txt -f "%U" python3 homework.py > stulog.txt 2>&1 on vdhankar #####
child exited with value 1
##### ERROR: /usr/bin/time -o time_7_vdhankar_zizhaoh.txt -f "%U" python3 homework.py > stulog.txt 2>&1 on vdhankar #####
##### Output of failed program (stdout + stderr): #####
Traceback (most recent call last):
  File "homework.py", line 546, in <module>
    print(end-start)
NameError: name 'end' is not defined
##### End of output of failed program #####
##### vdhankar plays [E d4 e5] in 1.00765705108643s #####
##### Running: /usr/lib/jvm/jdk-14.0.1/bin/java -jar /lab/itti/projects/checkers-competition/server/referee.jar on run_7_vdhankar_zizhaoh #####
Move is valid
##### SUCCESS: /usr/lib/jvm/jdk-14.0.1/bin/java -jar /lab/itti/projects/checkers-competition/server/referee.jar on run_7_vdhankar_zizhaoh #####
INPUT for zizhaoh:
GAME
BLACK
276
.....b.b
b...b.b.
.b.b.b.b
b...w...
.b...w.w
..w.w...
.w.w.w.w
..w.w...
##### Running: /usr/bin/time -o time_7_vdhankar_zizhaoh.txt -f "%U" python3 homework.py > stulog.txt 2>&1 on zizhaoh #####
##### SUCCESS: /usr/bin/time -o time_7_vdhankar_zizhaoh.txt -f "%U" python3 homework.py > stulog.txt 2>&1 on zizhaoh #####
##### zizhaoh plays [J f6 d4 ] in 0.53s #####
##### Running: /usr/lib/jvm/jdk-14.0.1/bin/java -jar /lab/itti/projects/checkers-competition/server/referee.jar on run_7_vdhankar_zizhaoh #####
Move is valid
##### SUCCESS: /usr/lib/jvm/jdk-14.0.1/bin/java -jar /lab/itti/projects/checkers-competition/server/referee.jar on run_7_vdhankar_zizhaoh #####
INPUT for vdhankar:
GAME
WHITE
260.293550252914
.....b.b
b...b.b.
.b.b...b
b.......
.b.b.w.w
..w.w...
.w.w.w.w
..w.w...
##### Running: /usr/bin/time -o time_7_vdhankar_zizhaoh.txt -f "%U" python3 homework.py > stulog.txt 2>&1 on vdhankar #####
child exited with value 1
##### ERROR: /usr/bin/time -o time_7_vdhankar_zizhaoh.txt -f "%U" python3 homework.py > stulog.txt 2>&1 on vdhankar #####
##### Output of failed program (stdout + stderr): #####
Traceback (most recent call last):
  File "homework.py", line 546, in <module>
    print(end-start)
NameError: name 'end' is not defined
##### End of output of failed program #####
##### vdhankar plays [J c3 e5 ; J e5 c7] in 2.39066004753113s #####
##### Running: /usr/lib/jvm/jdk-14.0.1/bin/java -jar /lab/itti/projects/checkers-competition/server/referee.jar on run_7_vdhankar_zizhaoh #####
Move is valid
##### SUCCESS: /usr/lib/jvm/jdk-14.0.1/bin/java -jar /lab/itti/projects/checkers-competition/server/referee.jar on run_7_vdhankar_zizhaoh #####
INPUT for zizhaoh:
GAME
BLACK
275.47
.....b.b
b.w.b.b.
.b.....b
b.......
.b...w.w
....w...
.w.w.w.w
..w.w...
##### Running: /usr/bin/time -o time_7_vdhankar_zizhaoh.txt -f "%U" python3 homework.py > stulog.txt 2>&1 on zizhaoh #####
##### SUCCESS: /usr/bin/time -o time_7_vdhankar_zizhaoh.txt -f "%U" python3 homework.py > stulog.txt 2>&1 on zizhaoh #####
##### zizhaoh plays [E e7 d6 ] in 8.64s #####
##### Running: /usr/lib/jvm/jdk-14.0.1/bin/java -jar /lab/itti/projects/checkers-competition/server/referee.jar on run_7_vdhankar_zizhaoh #####
Move is valid
##### SUCCESS: /usr/lib/jvm/jdk-14.0.1/bin/java -jar /lab/itti/projects/checkers-competition/server/referee.jar on run_7_vdhankar_zizhaoh #####
INPUT for vdhankar:
GAME
WHITE
257.902890205383
.....b.b
b.w...b.
.b.b...b
b.......
.b...w.w
....w...
.w.w.w.w
..w.w...
##### Running: /usr/bin/time -o time_7_vdhankar_zizhaoh.txt -f "%U" python3 homework.py > stulog.txt 2>&1 on vdhankar #####
child exited with value 1
##### ERROR: /usr/bin/time -o time_7_vdhankar_zizhaoh.txt -f "%U" python3 homework.py > stulog.txt 2>&1 on vdhankar #####
##### Output of failed program (stdout + stderr): #####
Traceback (most recent call last):
  File "homework.py", line 546, in <module>
    print(end-start)
NameError: name 'end' is not defined
##### End of output of failed program #####
##### vdhankar plays [E h2 g3] in 3.98866200447083s #####
##### Running: /usr/lib/jvm/jdk-14.0.1/bin/java -jar /lab/itti/projects/checkers-competition/server/referee.jar on run_7_vdhankar_zizhaoh #####
Move is valid
##### SUCCESS: /usr/lib/jvm/jdk-14.0.1/bin/java -jar /lab/itti/projects/checkers-competition/server/referee.jar on run_7_vdhankar_zizhaoh #####
INPUT for zizhaoh:
GAME
BLACK
266.83
.....b.b
b.w...b.
.b.b...b
b.......
.b...w.w
....w.w.
.w.w.w..
..w.w...
##### Running: /usr/bin/time -o time_7_vdhankar_zizhaoh.txt -f "%U" python3 homework.py > stulog.txt 2>&1 on zizhaoh #####
##### SUCCESS: /usr/bin/time -o time_7_vdhankar_zizhaoh.txt -f "%U" python3 homework.py > stulog.txt 2>&1 on zizhaoh #####
##### zizhaoh plays [E f8 e7 ] in 7.42s #####
##### Running: /usr/lib/jvm/jdk-14.0.1/bin/java -jar /lab/itti/projects/checkers-competition/server/referee.jar on run_7_vdhankar_zizhaoh #####
Move is valid
##### SUCCESS: /usr/lib/jvm/jdk-14.0.1/bin/java -jar /lab/itti/projects/checkers-competition/server/referee.jar on run_7_vdhankar_zizhaoh #####
INPUT for vdhankar:
GAME
WHITE
253.914228200912
.......b
b.w.b.b.
.b.b...b
b.......
.b...w.w
....w.w.
.w.w.w..
..w.w...
##### Running: /usr/bin/time -o time_7_vdhankar_zizhaoh.txt -f "%U" python3 homework.py > stulog.txt 2>&1 on vdhankar #####
child exited with value 1
##### ERROR: /usr/bin/time -o time_7_vdhankar_zizhaoh.txt -f "%U" python3 homework.py > stulog.txt 2>&1 on vdhankar #####
##### Output of failed program (stdout + stderr): #####
Traceback (most recent call last):
  File "homework.py", line 546, in <module>
    print(end-start)
NameError: name 'end' is not defined
##### End of output of failed program #####
##### vdhankar plays [E b2 c3] in 4.06737089157104s #####
##### Running: /usr/lib/jvm/jdk-14.0.1/bin/java -jar /lab/itti/projects/checkers-competition/server/referee.jar on run_7_vdhankar_zizhaoh #####
Move is valid
##### SUCCESS: /usr/lib/jvm/jdk-14.0.1/bin/java -jar /lab/itti/projects/checkers-competition/server/referee.jar on run_7_vdhankar_zizhaoh #####
INPUT for zizhaoh:
GAME
BLACK
259.41
.......b
b.w.b.b.
.b.b...b
b.......
.b...w.w
..w.w.w.
...w.w..
..w.w...
##### Running: /usr/bin/time -o time_7_vdhankar_zizhaoh.txt -f "%U" python3 homework.py > stulog.txt 2>&1 on zizhaoh #####
##### SUCCESS: /usr/bin/time -o time_7_vdhankar_zizhaoh.txt -f "%U" python3 homework.py > stulog.txt 2>&1 on zizhaoh #####
##### zizhaoh plays [E e7 f6 ] in 4.96s #####
##### Running: /usr/lib/jvm/jdk-14.0.1/bin/java -jar /lab/itti/projects/checkers-competition/server/referee.jar on run_7_vdhankar_zizhaoh #####
Move is valid
##### SUCCESS: /usr/lib/jvm/jdk-14.0.1/bin/java -jar /lab/itti/projects/checkers-competition/server/referee.jar on run_7_vdhankar_zizhaoh #####
INPUT for vdhankar:
GAME
WHITE
249.846857309341
.......b
b.w...b.
.b.b.b.b
b.......
.b...w.w
..w.w.w.
...w.w..
..w.w...
##### Running: /usr/bin/time -o time_7_vdhankar_zizhaoh.txt -f "%U" python3 homework.py > stulog.txt 2>&1 on vdhankar #####
child exited with value 1
##### ERROR: /usr/bin/time -o time_7_vdhankar_zizhaoh.txt -f "%U" python3 homework.py > stulog.txt 2>&1 on vdhankar #####
##### Output of failed program (stdout + stderr): #####
Traceback (most recent call last):
  File "homework.py", line 546, in <module>
    print(end-start)
NameError: name 'end' is not defined
##### End of output of failed program #####
##### vdhankar plays [E e3 d4] in 1.67923998832703s #####
##### Running: /usr/lib/jvm/jdk-14.0.1/bin/java -jar /lab/itti/projects/checkers-competition/server/referee.jar on run_7_vdhankar_zizhaoh #####
Move is valid
##### SUCCESS: /usr/lib/jvm/jdk-14.0.1/bin/java -jar /lab/itti/projects/checkers-competition/server/referee.jar on run_7_vdhankar_zizhaoh #####
INPUT for zizhaoh:
GAME
BLACK
254.45
.......b
b.w...b.
.b.b.b.b
b.......
.b.w.w.w
..w...w.
...w.w..
..w.w...
##### Running: /usr/bin/time -o time_7_vdhankar_zizhaoh.txt -f "%U" python3 homework.py > stulog.txt 2>&1 on zizhaoh #####
##### SUCCESS: /usr/bin/time -o time_7_vdhankar_zizhaoh.txt -f "%U" python3 homework.py > stulog.txt 2>&1 on zizhaoh #####
##### zizhaoh plays [E d6 c5 ] in 1.7s #####
##### Running: /usr/lib/jvm/jdk-14.0.1/bin/java -jar /lab/itti/projects/checkers-competition/server/referee.jar on run_7_vdhankar_zizhaoh #####
Move is valid
##### SUCCESS: /usr/lib/jvm/jdk-14.0.1/bin/java -jar /lab/itti/projects/checkers-competition/server/referee.jar on run_7_vdhankar_zizhaoh #####
INPUT for vdhankar:
GAME
WHITE
248.167617321014
.......b
b.w...b.
.b...b.b
b.b.....
.b.w.w.w
..w...w.
...w.w..
..w.w...
##### Running: /usr/bin/time -o time_7_vdhankar_zizhaoh.txt -f "%U" python3 homework.py > stulog.txt 2>&1 on vdhankar #####
child exited with value 1
##### ERROR: /usr/bin/time -o time_7_vdhankar_zizhaoh.txt -f "%U" python3 homework.py > stulog.txt 2>&1 on vdhankar #####
##### Output of failed program (stdout + stderr): #####
Traceback (most recent call last):
  File "homework.py", line 546, in <module>
    print(end-start)
NameError: name 'end' is not defined
##### End of output of failed program #####
##### vdhankar plays [E f2 e3] in 1.23847699165344s #####
##### Running: /usr/lib/jvm/jdk-14.0.1/bin/java -jar /lab/itti/projects/checkers-competition/server/referee.jar on run_7_vdhankar_zizhaoh #####
Move is valid
##### SUCCESS: /usr/lib/jvm/jdk-14.0.1/bin/java -jar /lab/itti/projects/checkers-competition/server/referee.jar on run_7_vdhankar_zizhaoh #####
INPUT for zizhaoh:
GAME
BLACK
252.75
.......b
b.w...b.
.b...b.b
b.b.....
.b.w.w.w
..w.w.w.
...w....
..w.w...
##### Running: /usr/bin/time -o time_7_vdhankar_zizhaoh.txt -f "%U" python3 homework.py > stulog.txt 2>&1 on zizhaoh #####
##### SUCCESS: /usr/bin/time -o time_7_vdhankar_zizhaoh.txt -f "%U" python3 homework.py > stulog.txt 2>&1 on zizhaoh #####
##### zizhaoh plays [E b4 a3 ] in 0.8s #####
##### Running: /usr/lib/jvm/jdk-14.0.1/bin/java -jar /lab/itti/projects/checkers-competition/server/referee.jar on run_7_vdhankar_zizhaoh #####
Move is valid
##### SUCCESS: /usr/lib/jvm/jdk-14.0.1/bin/java -jar /lab/itti/projects/checkers-competition/server/referee.jar on run_7_vdhankar_zizhaoh #####
INPUT for vdhankar:
GAME
WHITE
246.929140329361
.......b
b.w...b.
.b...b.b
b.b.....
...w.w.w
b.w.w.w.
...w....
..w.w...
##### Running: /usr/bin/time -o time_7_vdhankar_zizhaoh.txt -f "%U" python3 homework.py > stulog.txt 2>&1 on vdhankar #####
child exited with value 1
##### ERROR: /usr/bin/time -o time_7_vdhankar_zizhaoh.txt -f "%U" python3 homework.py > stulog.txt 2>&1 on vdhankar #####
##### Output of failed program (stdout + stderr): #####
Traceback (most recent call last):
  File "homework.py", line 546, in <module>
    print(end-start)
NameError: name 'end' is not defined
##### End of output of failed program #####
##### vdhankar plays [E c7 d8] in 1.3537380695343s #####
##### Running: /usr/lib/jvm/jdk-14.0.1/bin/java -jar /lab/itti/projects/checkers-competition/server/referee.jar on run_7_vdhankar_zizhaoh #####
Move is valid
##### SUCCESS: /usr/lib/jvm/jdk-14.0.1/bin/java -jar /lab/itti/projects/checkers-competition/server/referee.jar on run_7_vdhankar_zizhaoh #####
INPUT for zizhaoh:
GAME
BLACK
251.95
...W...b
b.....b.
.b...b.b
b.b.....
...w.w.w
b.w.w.w.
...w....
..w.w...
##### Running: /usr/bin/time -o time_7_vdhankar_zizhaoh.txt -f "%U" python3 homework.py > stulog.txt 2>&1 on zizhaoh #####
##### SUCCESS: /usr/bin/time -o time_7_vdhankar_zizhaoh.txt -f "%U" python3 homework.py > stulog.txt 2>&1 on zizhaoh #####
##### zizhaoh plays [E c5 b4 ] in 1.05s #####
##### Running: /usr/lib/jvm/jdk-14.0.1/bin/java -jar /lab/itti/projects/checkers-competition/server/referee.jar on run_7_vdhankar_zizhaoh #####
Move is valid
##### SUCCESS: /usr/lib/jvm/jdk-14.0.1/bin/java -jar /lab/itti/projects/checkers-competition/server/referee.jar on run_7_vdhankar_zizhaoh #####
INPUT for vdhankar:
GAME
WHITE
245.575402259827
...W...b
b.....b.
.b...b.b
b.......
.b.w.w.w
b.w.w.w.
...w....
..w.w...
##### Running: /usr/bin/time -o time_7_vdhankar_zizhaoh.txt -f "%U" python3 homework.py > stulog.txt 2>&1 on vdhankar #####
child exited with value 1
##### ERROR: /usr/bin/time -o time_7_vdhankar_zizhaoh.txt -f "%U" python3 homework.py > stulog.txt 2>&1 on vdhankar #####
##### Output of failed program (stdout + stderr): #####
Traceback (most recent call last):
  File "homework.py", line 546, in <module>
    print(end-start)
NameError: name 'end' is not defined
##### End of output of failed program #####
##### vdhankar plays [E d8 e7] in 0.833330869674683s #####
##### Running: /usr/lib/jvm/jdk-14.0.1/bin/java -jar /lab/itti/projects/checkers-competition/server/referee.jar on run_7_vdhankar_zizhaoh #####
Move is valid
##### SUCCESS: /usr/lib/jvm/jdk-14.0.1/bin/java -jar /lab/itti/projects/checkers-competition/server/referee.jar on run_7_vdhankar_zizhaoh #####
INPUT for zizhaoh:
GAME
BLACK
250.9
.......b
b...W.b.
.b...b.b
b.......
.b.w.w.w
b.w.w.w.
...w....
..w.w...
##### Running: /usr/bin/time -o time_7_vdhankar_zizhaoh.txt -f "%U" python3 homework.py > stulog.txt 2>&1 on zizhaoh #####
##### SUCCESS: /usr/bin/time -o time_7_vdhankar_zizhaoh.txt -f "%U" python3 homework.py > stulog.txt 2>&1 on zizhaoh #####
##### zizhaoh plays [E b6 c5 ] in 0.37s #####
##### Running: /usr/lib/jvm/jdk-14.0.1/bin/java -jar /lab/itti/projects/checkers-competition/server/referee.jar on run_7_vdhankar_zizhaoh #####
Move is valid
##### SUCCESS: /usr/lib/jvm/jdk-14.0.1/bin/java -jar /lab/itti/projects/checkers-competition/server/referee.jar on run_7_vdhankar_zizhaoh #####
INPUT for vdhankar:
GAME
WHITE
244.742071390152
.......b
b...W.b.
.....b.b
b.b.....
.b.w.w.w
b.w.w.w.
...w....
..w.w...
##### Running: /usr/bin/time -o time_7_vdhankar_zizhaoh.txt -f "%U" python3 homework.py > stulog.txt 2>&1 on vdhankar #####
child exited with value 1
##### ERROR: /usr/bin/time -o time_7_vdhankar_zizhaoh.txt -f "%U" python3 homework.py > stulog.txt 2>&1 on vdhankar #####
##### Output of failed program (stdout + stderr): #####
Traceback (most recent call last):
  File "homework.py", line 546, in <module>
    print(end-start)
NameError: name 'end' is not defined
##### End of output of failed program #####
##### vdhankar plays [J d4 b6] in 0.246644973754883s #####
##### Running: /usr/lib/jvm/jdk-14.0.1/bin/java -jar /lab/itti/projects/checkers-competition/server/referee.jar on run_7_vdhankar_zizhaoh #####
Move is valid
##### SUCCESS: /usr/lib/jvm/jdk-14.0.1/bin/java -jar /lab/itti/projects/checkers-competition/server/referee.jar on run_7_vdhankar_zizhaoh #####
INPUT for zizhaoh:
GAME
BLACK
250.53
.......b
b...W.b.
.w...b.b
b.......
.b...w.w
b.w.w.w.
...w....
..w.w...
##### Running: /usr/bin/time -o time_7_vdhankar_zizhaoh.txt -f "%U" python3 homework.py > stulog.txt 2>&1 on zizhaoh #####
##### SUCCESS: /usr/bin/time -o time_7_vdhankar_zizhaoh.txt -f "%U" python3 homework.py > stulog.txt 2>&1 on zizhaoh #####
##### zizhaoh plays [J a7 c5 ] in 0.05s #####
##### Running: /usr/lib/jvm/jdk-14.0.1/bin/java -jar /lab/itti/projects/checkers-competition/server/referee.jar on run_7_vdhankar_zizhaoh #####
Move is valid
##### SUCCESS: /usr/lib/jvm/jdk-14.0.1/bin/java -jar /lab/itti/projects/checkers-competition/server/referee.jar on run_7_vdhankar_zizhaoh #####
INPUT for vdhankar:
GAME
WHITE
244.495426416397
.......b
....W.b.
.....b.b
b.b.....
.b...w.w
b.w.w.w.
...w....
..w.w...
##### Running: /usr/bin/time -o time_7_vdhankar_zizhaoh.txt -f "%U" python3 homework.py > stulog.txt 2>&1 on vdhankar #####
child exited with value 1
##### ERROR: /usr/bin/time -o time_7_vdhankar_zizhaoh.txt -f "%U" python3 homework.py > stulog.txt 2>&1 on vdhankar #####
##### Output of failed program (stdout + stderr): #####
Traceback (most recent call last):
  File "homework.py", line 546, in <module>
    print(end-start)
NameError: name 'end' is not defined
##### End of output of failed program #####
##### vdhankar plays [J e7 g5] in 0.290206909179688s #####
##### Running: /usr/lib/jvm/jdk-14.0.1/bin/java -jar /lab/itti/projects/checkers-competition/server/referee.jar on run_7_vdhankar_zizhaoh #####
Move is valid
##### SUCCESS: /usr/lib/jvm/jdk-14.0.1/bin/java -jar /lab/itti/projects/checkers-competition/server/referee.jar on run_7_vdhankar_zizhaoh #####
INPUT for zizhaoh:
GAME
BLACK
250.48
.......b
......b.
.......b
b.b...W.
.b...w.w
b.w.w.w.
...w....
..w.w...
##### Running: /usr/bin/time -o time_7_vdhankar_zizhaoh.txt -f "%U" python3 homework.py > stulog.txt 2>&1 on zizhaoh #####
##### SUCCESS: /usr/bin/time -o time_7_vdhankar_zizhaoh.txt -f "%U" python3 homework.py > stulog.txt 2>&1 on zizhaoh #####
##### zizhaoh plays [E g7 f6 ] in 0.19s #####
##### Running: /usr/lib/jvm/jdk-14.0.1/bin/java -jar /lab/itti/projects/checkers-competition/server/referee.jar on run_7_vdhankar_zizhaoh #####
Move is valid
##### SUCCESS: /usr/lib/jvm/jdk-14.0.1/bin/java -jar /lab/itti/projects/checkers-competition/server/referee.jar on run_7_vdhankar_zizhaoh #####
INPUT for vdhankar:
GAME
WHITE
244.205219507217
.......b
........
.....b.b
b.b...W.
.b...w.w
b.w.w.w.
...w....
..w.w...
##### Running: /usr/bin/time -o time_7_vdhankar_zizhaoh.txt -f "%U" python3 homework.py > stulog.txt 2>&1 on vdhankar #####
child exited with value 1
##### ERROR: /usr/bin/time -o time_7_vdhankar_zizhaoh.txt -f "%U" python3 homework.py > stulog.txt 2>&1 on vdhankar #####
##### Output of failed program (stdout + stderr): #####
Traceback (most recent call last):
  File "homework.py", line 546, in <module>
    print(end-start)
NameError: name 'end' is not defined
##### End of output of failed program #####
##### vdhankar plays [J g5 e7] in 0.77031397819519s #####
##### Running: /usr/lib/jvm/jdk-14.0.1/bin/java -jar /lab/itti/projects/checkers-competition/server/referee.jar on run_7_vdhankar_zizhaoh #####
Move is valid
##### SUCCESS: /usr/lib/jvm/jdk-14.0.1/bin/java -jar /lab/itti/projects/checkers-competition/server/referee.jar on run_7_vdhankar_zizhaoh #####
INPUT for zizhaoh:
GAME
BLACK
250.29
.......b
....W...
.......b
b.b.....
.b...w.w
b.w.w.w.
...w....
..w.w...
##### Running: /usr/bin/time -o time_7_vdhankar_zizhaoh.txt -f "%U" python3 homework.py > stulog.txt 2>&1 on zizhaoh #####
##### SUCCESS: /usr/bin/time -o time_7_vdhankar_zizhaoh.txt -f "%U" python3 homework.py > stulog.txt 2>&1 on zizhaoh #####
##### zizhaoh plays [E h8 g7 ] in 0.79s #####
##### Running: /usr/lib/jvm/jdk-14.0.1/bin/java -jar /lab/itti/projects/checkers-competition/server/referee.jar on run_7_vdhankar_zizhaoh #####
Move is valid
##### SUCCESS: /usr/lib/jvm/jdk-14.0.1/bin/java -jar /lab/itti/projects/checkers-competition/server/referee.jar on run_7_vdhankar_zizhaoh #####
INPUT for vdhankar:
GAME
WHITE
243.434905529022
........
....W.b.
.......b
b.b.....
.b...w.w
b.w.w.w.
...w....
..w.w...
##### Running: /usr/bin/time -o time_7_vdhankar_zizhaoh.txt -f "%U" python3 homework.py > stulog.txt 2>&1 on vdhankar #####
child exited with value 1
##### ERROR: /usr/bin/time -o time_7_vdhankar_zizhaoh.txt -f "%U" python3 homework.py > stulog.txt 2>&1 on vdhankar #####
##### Output of failed program (stdout + stderr): #####
Traceback (most recent call last):
  File "homework.py", line 546, in <module>
    print(end-start)
NameError: name 'end' is not defined
##### End of output of failed program #####
##### vdhankar plays [E e1 f2] in 1.12916398048401s #####
##### Running: /usr/lib/jvm/jdk-14.0.1/bin/java -jar /lab/itti/projects/checkers-competition/server/referee.jar on run_7_vdhankar_zizhaoh #####
Move is valid
##### SUCCESS: /usr/lib/jvm/jdk-14.0.1/bin/java -jar /lab/itti/projects/checkers-competition/server/referee.jar on run_7_vdhankar_zizhaoh #####
INPUT for zizhaoh:
GAME
BLACK
249.5
........
....W.b.
.......b
b.b.....
.b...w.w
b.w.w.w.
...w.w..
..w.....
##### Running: /usr/bin/time -o time_7_vdhankar_zizhaoh.txt -f "%U" python3 homework.py > stulog.txt 2>&1 on zizhaoh #####
##### SUCCESS: /usr/bin/time -o time_7_vdhankar_zizhaoh.txt -f "%U" python3 homework.py > stulog.txt 2>&1 on zizhaoh #####
##### zizhaoh plays [E g7 f6 ] in 0.11s #####
##### Running: /usr/lib/jvm/jdk-14.0.1/bin/java -jar /lab/itti/projects/checkers-competition/server/referee.jar on run_7_vdhankar_zizhaoh #####
Move is valid
##### SUCCESS: /usr/lib/jvm/jdk-14.0.1/bin/java -jar /lab/itti/projects/checkers-competition/server/referee.jar on run_7_vdhankar_zizhaoh #####
INPUT for vdhankar:
GAME
WHITE
242.305741548538
........
....W...
.....b.b
b.b.....
.b...w.w
b.w.w.w.
...w.w..
..w.....
##### Running: /usr/bin/time -o time_7_vdhankar_zizhaoh.txt -f "%U" python3 homework.py > stulog.txt 2>&1 on vdhankar #####
child exited with value 1
##### ERROR: /usr/bin/time -o time_7_vdhankar_zizhaoh.txt -f "%U" python3 homework.py > stulog.txt 2>&1 on vdhankar #####
##### Output of failed program (stdout + stderr): #####
Traceback (most recent call last):
  File "homework.py", line 546, in <module>
    print(end-start)
NameError: name 'end' is not defined
##### End of output of failed program #####
##### vdhankar plays [J e7 g5] in 0.213733911514282s #####
##### Running: /usr/lib/jvm/jdk-14.0.1/bin/java -jar /lab/itti/projects/checkers-competition/server/referee.jar on run_7_vdhankar_zizhaoh #####
Move is valid
##### SUCCESS: /usr/lib/jvm/jdk-14.0.1/bin/java -jar /lab/itti/projects/checkers-competition/server/referee.jar on run_7_vdhankar_zizhaoh #####
INPUT for zizhaoh:
GAME
BLACK
249.39
........
........
.......b
b.b...W.
.b...w.w
b.w.w.w.
...w.w..
..w.....
##### Running: /usr/bin/time -o time_7_vdhankar_zizhaoh.txt -f "%U" python3 homework.py > stulog.txt 2>&1 on zizhaoh #####
##### SUCCESS: /usr/bin/time -o time_7_vdhankar_zizhaoh.txt -f "%U" python3 homework.py > stulog.txt 2>&1 on zizhaoh #####
##### zizhaoh plays [E c5 d4 ] in 0.08s #####
##### Running: /usr/lib/jvm/jdk-14.0.1/bin/java -jar /lab/itti/projects/checkers-competition/server/referee.jar on run_7_vdhankar_zizhaoh #####
Move is valid
##### SUCCESS: /usr/lib/jvm/jdk-14.0.1/bin/java -jar /lab/itti/projects/checkers-competition/server/referee.jar on run_7_vdhankar_zizhaoh #####
INPUT for vdhankar:
GAME
WHITE
242.092007637024
........
........
.......b
b.....W.
.b.b.w.w
b.w.w.w.
...w.w..
..w.....
##### Running: /usr/bin/time -o time_7_vdhankar_zizhaoh.txt -f "%U" python3 homework.py > stulog.txt 2>&1 on vdhankar #####
child exited with value 1
##### ERROR: /usr/bin/time -o time_7_vdhankar_zizhaoh.txt -f "%U" python3 homework.py > stulog.txt 2>&1 on vdhankar #####
##### Output of failed program (stdout + stderr): #####
Traceback (most recent call last):
  File "homework.py", line 546, in <module>
    print(end-start)
NameError: name 'end' is not defined
##### End of output of failed program #####
##### vdhankar plays [J e3 c5] in 0.341572999954224s #####
##### Running: /usr/lib/jvm/jdk-14.0.1/bin/java -jar /lab/itti/projects/checkers-competition/server/referee.jar on run_7_vdhankar_zizhaoh #####
Move is valid
##### SUCCESS: /usr/lib/jvm/jdk-14.0.1/bin/java -jar /lab/itti/projects/checkers-competition/server/referee.jar on run_7_vdhankar_zizhaoh #####
INPUT for zizhaoh:
GAME
BLACK
249.31
........
........
.......b
b.w...W.
.b...w.w
b.w...w.
...w.w..
..w.....
##### Running: /usr/bin/time -o time_7_vdhankar_zizhaoh.txt -f "%U" python3 homework.py > stulog.txt 2>&1 on zizhaoh #####
##### SUCCESS: /usr/bin/time -o time_7_vdhankar_zizhaoh.txt -f "%U" python3 homework.py > stulog.txt 2>&1 on zizhaoh #####
##### zizhaoh plays [E a3 b2 ] in 0.03s #####
##### Running: /usr/lib/jvm/jdk-14.0.1/bin/java -jar /lab/itti/projects/checkers-competition/server/referee.jar on run_7_vdhankar_zizhaoh #####
Move is valid
##### SUCCESS: /usr/lib/jvm/jdk-14.0.1/bin/java -jar /lab/itti/projects/checkers-competition/server/referee.jar on run_7_vdhankar_zizhaoh #####
INPUT for vdhankar:
GAME
WHITE
241.75043463707
........
........
.......b
b.w...W.
.b...w.w
..w...w.
.b.w.w..
..w.....
##### Running: /usr/bin/time -o time_7_vdhankar_zizhaoh.txt -f "%U" python3 homework.py > stulog.txt 2>&1 on vdhankar #####
child exited with value 1
##### ERROR: /usr/bin/time -o time_7_vdhankar_zizhaoh.txt -f "%U" python3 homework.py > stulog.txt 2>&1 on vdhankar #####
##### Output of failed program (stdout + stderr): #####
Traceback (most recent call last):
  File "homework.py", line 546, in <module>
    print(end-start)
NameError: name 'end' is not defined
##### End of output of failed program #####
##### vdhankar plays [J c1 a3] in 0.319780826568604s #####
##### Running: /usr/lib/jvm/jdk-14.0.1/bin/java -jar /lab/itti/projects/checkers-competition/server/referee.jar on run_7_vdhankar_zizhaoh #####
Move is valid
After this move, player BLACK cannot make any moves
*** Winner: WHITE ***
##### SUCCESS: /usr/lib/jvm/jdk-14.0.1/bin/java -jar /lab/itti/projects/checkers-competition/server/referee.jar on run_7_vdhankar_zizhaoh #####
##### GAME OVER: vdhankar wins the game! #####
Server said: WIN
########## ROUND 7 GAMESCORE AFTER GAME 4: vdhankar=2 and zizhaoh=2 ##########


########## TIE ON ROUND 7 - BOTH PLAYERS ADVANCE TO NEXT ROUND ##########
