#################### ROUND 7: bansalr (W) vs vdhankar (B): game 1 ####################
##### game start! #####
INPUT for vdhankar:
GAME
BLACK
300
.b.b.b.b
b.b.b.b.
.b.b.b.b
........
........
w.w.w.w.
.w.w.w.w
w.w.w.w.
##### Running: /usr/bin/time -o time_7_bansalr_vdhankar.txt -f "%U" python3 homework.py > stulog.txt 2>&1 on vdhankar #####
child exited with value 1
##### ERROR: /usr/bin/time -o time_7_bansalr_vdhankar.txt -f "%U" python3 homework.py > stulog.txt 2>&1 on vdhankar #####
##### Output of failed program (stdout + stderr): #####
Traceback (most recent call last):
  File "homework.py", line 546, in <module>
    print(end-start)
NameError: name 'end' is not defined
##### End of output of failed program #####
##### vdhankar plays [E h6 g5] in 11.1087319850922s #####
##### Running: /usr/lib/jvm/jdk-14.0.1/bin/java -jar /lab/itti/projects/checkers-competition/server/referee.jar on run_7_bansalr_vdhankar #####
Move is valid
Couldn't read file 'current_ply.txt'
Couldn't read content from file 'current_ply.txt'
Couldn't read file 'lastmatchange_ply.txt'
Couldn't read content from file 'lastmatchange_ply.txt'
##### SUCCESS: /usr/lib/jvm/jdk-14.0.1/bin/java -jar /lab/itti/projects/checkers-competition/server/referee.jar on run_7_bansalr_vdhankar #####
INPUT for bansalr:
GAME
WHITE
300
.b.b.b.b
b.b.b.b.
.b.b.b..
......b.
........
w.w.w.w.
.w.w.w.w
w.w.w.w.
##### Running: /usr/bin/time -o time_7_bansalr_vdhankar.txt -f "%U" python3 homework.py > stulog.txt 2>&1 on bansalr #####
##### SUCCESS: /usr/bin/time -o time_7_bansalr_vdhankar.txt -f "%U" python3 homework.py > stulog.txt 2>&1 on bansalr #####
##### bansalr plays [E c3 b4] in 0.06s #####
##### Running: /usr/lib/jvm/jdk-14.0.1/bin/java -jar /lab/itti/projects/checkers-competition/server/referee.jar on run_7_bansalr_vdhankar #####
Move is valid
##### SUCCESS: /usr/lib/jvm/jdk-14.0.1/bin/java -jar /lab/itti/projects/checkers-competition/server/referee.jar on run_7_bansalr_vdhankar #####
INPUT for vdhankar:
GAME
BLACK
288.891268014908
.b.b.b.b
b.b.b.b.
.b.b.b..
......b.
.w......
w...w.w.
.w.w.w.w
w.w.w.w.
##### Running: /usr/bin/time -o time_7_bansalr_vdhankar.txt -f "%U" python3 homework.py > stulog.txt 2>&1 on vdhankar #####
child exited with value 1
##### ERROR: /usr/bin/time -o time_7_bansalr_vdhankar.txt -f "%U" python3 homework.py > stulog.txt 2>&1 on vdhankar #####
##### Output of failed program (stdout + stderr): #####
Traceback (most recent call last):
  File "homework.py", line 546, in <module>
    print(end-start)
NameError: name 'end' is not defined
##### End of output of failed program #####
##### vdhankar plays [E g5 h4] in 11.2264859676361s #####
##### Running: /usr/lib/jvm/jdk-14.0.1/bin/java -jar /lab/itti/projects/checkers-competition/server/referee.jar on run_7_bansalr_vdhankar #####
Move is valid
##### SUCCESS: /usr/lib/jvm/jdk-14.0.1/bin/java -jar /lab/itti/projects/checkers-competition/server/referee.jar on run_7_bansalr_vdhankar #####
INPUT for bansalr:
GAME
WHITE
299.94
.b.b.b.b
b.b.b.b.
.b.b.b..
........
.w.....b
w...w.w.
.w.w.w.w
w.w.w.w.
##### Running: /usr/bin/time -o time_7_bansalr_vdhankar.txt -f "%U" python3 homework.py > stulog.txt 2>&1 on bansalr #####
##### SUCCESS: /usr/bin/time -o time_7_bansalr_vdhankar.txt -f "%U" python3 homework.py > stulog.txt 2>&1 on bansalr #####
##### bansalr plays [E g3 f4] in 0.07s #####
##### Running: /usr/lib/jvm/jdk-14.0.1/bin/java -jar /lab/itti/projects/checkers-competition/server/referee.jar on run_7_bansalr_vdhankar #####
Move is valid
##### SUCCESS: /usr/lib/jvm/jdk-14.0.1/bin/java -jar /lab/itti/projects/checkers-competition/server/referee.jar on run_7_bansalr_vdhankar #####
INPUT for vdhankar:
GAME
BLACK
277.664782047272
.b.b.b.b
b.b.b.b.
.b.b.b..
........
.w...w.b
w...w...
.w.w.w.w
w.w.w.w.
##### Running: /usr/bin/time -o time_7_bansalr_vdhankar.txt -f "%U" python3 homework.py > stulog.txt 2>&1 on vdhankar #####
child exited with value 1
##### ERROR: /usr/bin/time -o time_7_bansalr_vdhankar.txt -f "%U" python3 homework.py > stulog.txt 2>&1 on vdhankar #####
##### Output of failed program (stdout + stderr): #####
Traceback (most recent call last):
  File "homework.py", line 546, in <module>
    print(end-start)
NameError: name 'end' is not defined
##### End of output of failed program #####
##### vdhankar plays [E d6 c5] in 6.18649005889893s #####
##### Running: /usr/lib/jvm/jdk-14.0.1/bin/java -jar /lab/itti/projects/checkers-competition/server/referee.jar on run_7_bansalr_vdhankar #####
Move is valid
##### SUCCESS: /usr/lib/jvm/jdk-14.0.1/bin/java -jar /lab/itti/projects/checkers-competition/server/referee.jar on run_7_bansalr_vdhankar #####
INPUT for bansalr:
GAME
WHITE
299.87
.b.b.b.b
b.b.b.b.
.b...b..
..b.....
.w...w.b
w...w...
.w.w.w.w
w.w.w.w.
##### Running: /usr/bin/time -o time_7_bansalr_vdhankar.txt -f "%U" python3 homework.py > stulog.txt 2>&1 on bansalr #####
##### SUCCESS: /usr/bin/time -o time_7_bansalr_vdhankar.txt -f "%U" python3 homework.py > stulog.txt 2>&1 on bansalr #####
##### bansalr plays [J b4 d6] in 0.07s #####
##### Running: /usr/lib/jvm/jdk-14.0.1/bin/java -jar /lab/itti/projects/checkers-competition/server/referee.jar on run_7_bansalr_vdhankar #####
Move is valid
##### SUCCESS: /usr/lib/jvm/jdk-14.0.1/bin/java -jar /lab/itti/projects/checkers-competition/server/referee.jar on run_7_bansalr_vdhankar #####
INPUT for vdhankar:
GAME
BLACK
271.478291988373
.b.b.b.b
b.b.b.b.
.b.w.b..
........
.....w.b
w...w...
.w.w.w.w
w.w.w.w.
##### Running: /usr/bin/time -o time_7_bansalr_vdhankar.txt -f "%U" python3 homework.py > stulog.txt 2>&1 on vdhankar #####
child exited with value 1
##### ERROR: /usr/bin/time -o time_7_bansalr_vdhankar.txt -f "%U" python3 homework.py > stulog.txt 2>&1 on vdhankar #####
##### Output of failed program (stdout + stderr): #####
Traceback (most recent call last):
  File "homework.py", line 546, in <module>
    print(end-start)
NameError: name 'end' is not defined
##### End of output of failed program #####
##### vdhankar plays [J c7 e5 ; J e5 g3] in 6.17639303207397s #####
##### Running: /usr/lib/jvm/jdk-14.0.1/bin/java -jar /lab/itti/projects/checkers-competition/server/referee.jar on run_7_bansalr_vdhankar #####
Move is valid
##### SUCCESS: /usr/lib/jvm/jdk-14.0.1/bin/java -jar /lab/itti/projects/checkers-competition/server/referee.jar on run_7_bansalr_vdhankar #####
INPUT for bansalr:
GAME
WHITE
299.8
.b.b.b.b
b...b.b.
.b...b..
........
.......b
w...w.b.
.w.w.w.w
w.w.w.w.
##### Running: /usr/bin/time -o time_7_bansalr_vdhankar.txt -f "%U" python3 homework.py > stulog.txt 2>&1 on bansalr #####
##### SUCCESS: /usr/bin/time -o time_7_bansalr_vdhankar.txt -f "%U" python3 homework.py > stulog.txt 2>&1 on bansalr #####
##### bansalr plays [J h2 f4] in 3.62s #####
##### Running: /usr/lib/jvm/jdk-14.0.1/bin/java -jar /lab/itti/projects/checkers-competition/server/referee.jar on run_7_bansalr_vdhankar #####
Move is valid
##### SUCCESS: /usr/lib/jvm/jdk-14.0.1/bin/java -jar /lab/itti/projects/checkers-competition/server/referee.jar on run_7_bansalr_vdhankar #####
INPUT for vdhankar:
GAME
BLACK
265.301898956299
.b.b.b.b
b...b.b.
.b...b..
........
.....w.b
w...w...
.w.w.w..
w.w.w.w.
##### Running: /usr/bin/time -o time_7_bansalr_vdhankar.txt -f "%U" python3 homework.py > stulog.txt 2>&1 on vdhankar #####
child exited with value 1
##### ERROR: /usr/bin/time -o time_7_bansalr_vdhankar.txt -f "%U" python3 homework.py > stulog.txt 2>&1 on vdhankar #####
##### Output of failed program (stdout + stderr): #####
Traceback (most recent call last):
  File "homework.py", line 546, in <module>
    print(end-start)
NameError: name 'end' is not defined
##### End of output of failed program #####
##### vdhankar plays [E f6 g5] in 21.5888969898224s #####
##### Running: /usr/lib/jvm/jdk-14.0.1/bin/java -jar /lab/itti/projects/checkers-competition/server/referee.jar on run_7_bansalr_vdhankar #####
Move is valid
##### SUCCESS: /usr/lib/jvm/jdk-14.0.1/bin/java -jar /lab/itti/projects/checkers-competition/server/referee.jar on run_7_bansalr_vdhankar #####
INPUT for bansalr:
GAME
WHITE
296.18
.b.b.b.b
b...b.b.
.b......
......b.
.....w.b
w...w...
.w.w.w..
w.w.w.w.
##### Running: /usr/bin/time -o time_7_bansalr_vdhankar.txt -f "%U" python3 homework.py > stulog.txt 2>&1 on bansalr #####
##### SUCCESS: /usr/bin/time -o time_7_bansalr_vdhankar.txt -f "%U" python3 homework.py > stulog.txt 2>&1 on bansalr #####
##### bansalr plays [J f4 h6] in 3.6s #####
##### Running: /usr/lib/jvm/jdk-14.0.1/bin/java -jar /lab/itti/projects/checkers-competition/server/referee.jar on run_7_bansalr_vdhankar #####
Move is valid
##### SUCCESS: /usr/lib/jvm/jdk-14.0.1/bin/java -jar /lab/itti/projects/checkers-competition/server/referee.jar on run_7_bansalr_vdhankar #####
INPUT for vdhankar:
GAME
BLACK
243.713001966476
.b.b.b.b
b...b.b.
.b.....w
........
.......b
w...w...
.w.w.w..
w.w.w.w.
##### Running: /usr/bin/time -o time_7_bansalr_vdhankar.txt -f "%U" python3 homework.py > stulog.txt 2>&1 on vdhankar #####
child exited with value 1
##### ERROR: /usr/bin/time -o time_7_bansalr_vdhankar.txt -f "%U" python3 homework.py > stulog.txt 2>&1 on vdhankar #####
##### Output of failed program (stdout + stderr): #####
Traceback (most recent call last):
  File "homework.py", line 546, in <module>
    print(end-start)
NameError: name 'end' is not defined
##### End of output of failed program #####
##### vdhankar plays [E g7 f6] in 38.9454741477966s #####
##### Running: /usr/lib/jvm/jdk-14.0.1/bin/java -jar /lab/itti/projects/checkers-competition/server/referee.jar on run_7_bansalr_vdhankar #####
Move is valid
##### SUCCESS: /usr/lib/jvm/jdk-14.0.1/bin/java -jar /lab/itti/projects/checkers-competition/server/referee.jar on run_7_bansalr_vdhankar #####
INPUT for bansalr:
GAME
WHITE
292.58
.b.b.b.b
b...b...
.b...b.w
........
.......b
w...w...
.w.w.w..
w.w.w.w.
##### Running: /usr/bin/time -o time_7_bansalr_vdhankar.txt -f "%U" python3 homework.py > stulog.txt 2>&1 on bansalr #####
##### SUCCESS: /usr/bin/time -o time_7_bansalr_vdhankar.txt -f "%U" python3 homework.py > stulog.txt 2>&1 on bansalr #####
##### bansalr plays [E a3 b4] in 3.49s #####
##### Running: /usr/lib/jvm/jdk-14.0.1/bin/java -jar /lab/itti/projects/checkers-competition/server/referee.jar on run_7_bansalr_vdhankar #####
Move is valid
##### SUCCESS: /usr/lib/jvm/jdk-14.0.1/bin/java -jar /lab/itti/projects/checkers-competition/server/referee.jar on run_7_bansalr_vdhankar #####
INPUT for vdhankar:
GAME
BLACK
204.76752781868
.b.b.b.b
b...b...
.b...b.w
........
.w.....b
....w...
.w.w.w..
w.w.w.w.
##### Running: /usr/bin/time -o time_7_bansalr_vdhankar.txt -f "%U" python3 homework.py > stulog.txt 2>&1 on vdhankar #####
child exited with value 1
##### ERROR: /usr/bin/time -o time_7_bansalr_vdhankar.txt -f "%U" python3 homework.py > stulog.txt 2>&1 on vdhankar #####
##### Output of failed program (stdout + stderr): #####
Traceback (most recent call last):
  File "homework.py", line 546, in <module>
    print(end-start)
NameError: name 'end' is not defined
##### End of output of failed program #####
##### vdhankar plays [E f6 g5] in 40.571102142334s #####
##### Running: /usr/lib/jvm/jdk-14.0.1/bin/java -jar /lab/itti/projects/checkers-competition/server/referee.jar on run_7_bansalr_vdhankar #####
Move is valid
##### SUCCESS: /usr/lib/jvm/jdk-14.0.1/bin/java -jar /lab/itti/projects/checkers-competition/server/referee.jar on run_7_bansalr_vdhankar #####
INPUT for bansalr:
GAME
WHITE
289.09
.b.b.b.b
b...b...
.b.....w
......b.
.w.....b
....w...
.w.w.w..
w.w.w.w.
##### Running: /usr/bin/time -o time_7_bansalr_vdhankar.txt -f "%U" python3 homework.py > stulog.txt 2>&1 on bansalr #####
##### SUCCESS: /usr/bin/time -o time_7_bansalr_vdhankar.txt -f "%U" python3 homework.py > stulog.txt 2>&1 on bansalr #####
##### bansalr plays [E b4 a5] in 3.44s #####
##### Running: /usr/lib/jvm/jdk-14.0.1/bin/java -jar /lab/itti/projects/checkers-competition/server/referee.jar on run_7_bansalr_vdhankar #####
Move is valid
##### SUCCESS: /usr/lib/jvm/jdk-14.0.1/bin/java -jar /lab/itti/projects/checkers-competition/server/referee.jar on run_7_bansalr_vdhankar #####
INPUT for vdhankar:
GAME
BLACK
164.196425676346
.b.b.b.b
b...b...
.b.....w
w.....b.
.......b
....w...
.w.w.w..
w.w.w.w.
##### Running: /usr/bin/time -o time_7_bansalr_vdhankar.txt -f "%U" python3 homework.py > stulog.txt 2>&1 on vdhankar #####
child exited with value 1
##### ERROR: /usr/bin/time -o time_7_bansalr_vdhankar.txt -f "%U" python3 homework.py > stulog.txt 2>&1 on vdhankar #####
##### Output of failed program (stdout + stderr): #####
Traceback (most recent call last):
  File "homework.py", line 546, in <module>
    print(end-start)
NameError: name 'end' is not defined
##### End of output of failed program #####
##### vdhankar plays [E b6 c5] in 14.7925930023193s #####
##### Running: /usr/lib/jvm/jdk-14.0.1/bin/java -jar /lab/itti/projects/checkers-competition/server/referee.jar on run_7_bansalr_vdhankar #####
Move is valid
##### SUCCESS: /usr/lib/jvm/jdk-14.0.1/bin/java -jar /lab/itti/projects/checkers-competition/server/referee.jar on run_7_bansalr_vdhankar #####
INPUT for bansalr:
GAME
WHITE
285.65
.b.b.b.b
b...b...
.......w
w.b...b.
.......b
....w...
.w.w.w..
w.w.w.w.
##### Running: /usr/bin/time -o time_7_bansalr_vdhankar.txt -f "%U" python3 homework.py > stulog.txt 2>&1 on bansalr #####
##### SUCCESS: /usr/bin/time -o time_7_bansalr_vdhankar.txt -f "%U" python3 homework.py > stulog.txt 2>&1 on bansalr #####
##### bansalr plays [E h6 g7] in 3.68s #####
##### Running: /usr/lib/jvm/jdk-14.0.1/bin/java -jar /lab/itti/projects/checkers-competition/server/referee.jar on run_7_bansalr_vdhankar #####
Move is valid
##### SUCCESS: /usr/lib/jvm/jdk-14.0.1/bin/java -jar /lab/itti/projects/checkers-competition/server/referee.jar on run_7_bansalr_vdhankar #####
INPUT for vdhankar:
GAME
BLACK
149.403832674026
.b.b.b.b
b...b.w.
........
w.b...b.
.......b
....w...
.w.w.w..
w.w.w.w.
##### Running: /usr/bin/time -o time_7_bansalr_vdhankar.txt -f "%U" python3 homework.py > stulog.txt 2>&1 on vdhankar #####
child exited with value 1
##### ERROR: /usr/bin/time -o time_7_bansalr_vdhankar.txt -f "%U" python3 homework.py > stulog.txt 2>&1 on vdhankar #####
##### Output of failed program (stdout + stderr): #####
Traceback (most recent call last):
  File "homework.py", line 546, in <module>
    print(end-start)
NameError: name 'end' is not defined
##### End of output of failed program #####
##### vdhankar plays [J f8 h6] in 5.67591905593872s #####
##### Running: /usr/lib/jvm/jdk-14.0.1/bin/java -jar /lab/itti/projects/checkers-competition/server/referee.jar on run_7_bansalr_vdhankar #####
Move is valid
##### SUCCESS: /usr/lib/jvm/jdk-14.0.1/bin/java -jar /lab/itti/projects/checkers-competition/server/referee.jar on run_7_bansalr_vdhankar #####
INPUT for bansalr:
GAME
WHITE
281.97
.b.b...b
b...b...
.......b
w.b...b.
.......b
....w...
.w.w.w..
w.w.w.w.
##### Running: /usr/bin/time -o time_7_bansalr_vdhankar.txt -f "%U" python3 homework.py > stulog.txt 2>&1 on bansalr #####
##### SUCCESS: /usr/bin/time -o time_7_bansalr_vdhankar.txt -f "%U" python3 homework.py > stulog.txt 2>&1 on bansalr #####
##### bansalr plays [E a5 b6] in 3.49s #####
##### Running: /usr/lib/jvm/jdk-14.0.1/bin/java -jar /lab/itti/projects/checkers-competition/server/referee.jar on run_7_bansalr_vdhankar #####
Move is valid
##### SUCCESS: /usr/lib/jvm/jdk-14.0.1/bin/java -jar /lab/itti/projects/checkers-competition/server/referee.jar on run_7_bansalr_vdhankar #####
INPUT for vdhankar:
GAME
BLACK
143.727913618088
.b.b...b
b...b...
.w.....b
..b...b.
.......b
....w...
.w.w.w..
w.w.w.w.
##### Running: /usr/bin/time -o time_7_bansalr_vdhankar.txt -f "%U" python3 homework.py > stulog.txt 2>&1 on vdhankar #####
child exited with value 1
##### ERROR: /usr/bin/time -o time_7_bansalr_vdhankar.txt -f "%U" python3 homework.py > stulog.txt 2>&1 on vdhankar #####
##### Output of failed program (stdout + stderr): #####
Traceback (most recent call last):
  File "homework.py", line 546, in <module>
    print(end-start)
NameError: name 'end' is not defined
##### End of output of failed program #####
##### vdhankar plays [E e7 d6] in 3.91262602806091s #####
##### Running: /usr/lib/jvm/jdk-14.0.1/bin/java -jar /lab/itti/projects/checkers-competition/server/referee.jar on run_7_bansalr_vdhankar #####
Move is valid
##### SUCCESS: /usr/lib/jvm/jdk-14.0.1/bin/java -jar /lab/itti/projects/checkers-competition/server/referee.jar on run_7_bansalr_vdhankar #####
INPUT for bansalr:
GAME
WHITE
278.48
.b.b...b
b.......
.w.b...b
..b...b.
.......b
....w...
.w.w.w..
w.w.w.w.
##### Running: /usr/bin/time -o time_7_bansalr_vdhankar.txt -f "%U" python3 homework.py > stulog.txt 2>&1 on bansalr #####
##### SUCCESS: /usr/bin/time -o time_7_bansalr_vdhankar.txt -f "%U" python3 homework.py > stulog.txt 2>&1 on bansalr #####
##### bansalr plays [E b6 c7] in 3.12s #####
##### Running: /usr/lib/jvm/jdk-14.0.1/bin/java -jar /lab/itti/projects/checkers-competition/server/referee.jar on run_7_bansalr_vdhankar #####
Move is valid
##### SUCCESS: /usr/lib/jvm/jdk-14.0.1/bin/java -jar /lab/itti/projects/checkers-competition/server/referee.jar on run_7_bansalr_vdhankar #####
INPUT for vdhankar:
GAME
BLACK
139.815287590027
.b.b...b
b.w.....
...b...b
..b...b.
.......b
....w...
.w.w.w..
w.w.w.w.
##### Running: /usr/bin/time -o time_7_bansalr_vdhankar.txt -f "%U" python3 homework.py > stulog.txt 2>&1 on vdhankar #####
child exited with value 1
##### ERROR: /usr/bin/time -o time_7_bansalr_vdhankar.txt -f "%U" python3 homework.py > stulog.txt 2>&1 on vdhankar #####
##### Output of failed program (stdout + stderr): #####
Traceback (most recent call last):
  File "homework.py", line 546, in <module>
    print(end-start)
NameError: name 'end' is not defined
##### End of output of failed program #####
##### vdhankar plays [J d8 b6] in 3.51885414123535s #####
##### Running: /usr/lib/jvm/jdk-14.0.1/bin/java -jar /lab/itti/projects/checkers-competition/server/referee.jar on run_7_bansalr_vdhankar #####
Move is valid
##### SUCCESS: /usr/lib/jvm/jdk-14.0.1/bin/java -jar /lab/itti/projects/checkers-competition/server/referee.jar on run_7_bansalr_vdhankar #####
INPUT for bansalr:
GAME
WHITE
275.36
.b.....b
b.......
.b.b...b
..b...b.
.......b
....w...
.w.w.w..
w.w.w.w.
##### Running: /usr/bin/time -o time_7_bansalr_vdhankar.txt -f "%U" python3 homework.py > stulog.txt 2>&1 on bansalr #####
##### SUCCESS: /usr/bin/time -o time_7_bansalr_vdhankar.txt -f "%U" python3 homework.py > stulog.txt 2>&1 on bansalr #####
##### bansalr plays [E e3 d4] in 3.26s #####
##### Running: /usr/lib/jvm/jdk-14.0.1/bin/java -jar /lab/itti/projects/checkers-competition/server/referee.jar on run_7_bansalr_vdhankar #####
Move is valid
##### SUCCESS: /usr/lib/jvm/jdk-14.0.1/bin/java -jar /lab/itti/projects/checkers-competition/server/referee.jar on run_7_bansalr_vdhankar #####
INPUT for vdhankar:
GAME
BLACK
136.296433448792
.b.....b
b.......
.b.b...b
..b...b.
...w...b
........
.w.w.w..
w.w.w.w.
##### Running: /usr/bin/time -o time_7_bansalr_vdhankar.txt -f "%U" python3 homework.py > stulog.txt 2>&1 on vdhankar #####
child exited with value 1
##### ERROR: /usr/bin/time -o time_7_bansalr_vdhankar.txt -f "%U" python3 homework.py > stulog.txt 2>&1 on vdhankar #####
##### Output of failed program (stdout + stderr): #####
Traceback (most recent call last):
  File "homework.py", line 546, in <module>
    print(end-start)
NameError: name 'end' is not defined
##### End of output of failed program #####
##### vdhankar plays [J c5 e3] in 2.99417090415955s #####
##### Running: /usr/lib/jvm/jdk-14.0.1/bin/java -jar /lab/itti/projects/checkers-competition/server/referee.jar on run_7_bansalr_vdhankar #####
Move is valid
##### SUCCESS: /usr/lib/jvm/jdk-14.0.1/bin/java -jar /lab/itti/projects/checkers-competition/server/referee.jar on run_7_bansalr_vdhankar #####
INPUT for bansalr:
GAME
WHITE
272.1
.b.....b
b.......
.b.b...b
......b.
.......b
....b...
.w.w.w..
w.w.w.w.
##### Running: /usr/bin/time -o time_7_bansalr_vdhankar.txt -f "%U" python3 homework.py > stulog.txt 2>&1 on bansalr #####
##### SUCCESS: /usr/bin/time -o time_7_bansalr_vdhankar.txt -f "%U" python3 homework.py > stulog.txt 2>&1 on bansalr #####
##### bansalr plays [J d2 f4] in 3.41s #####
##### Running: /usr/lib/jvm/jdk-14.0.1/bin/java -jar /lab/itti/projects/checkers-competition/server/referee.jar on run_7_bansalr_vdhankar #####
Move is valid
##### SUCCESS: /usr/lib/jvm/jdk-14.0.1/bin/java -jar /lab/itti/projects/checkers-competition/server/referee.jar on run_7_bansalr_vdhankar #####
INPUT for vdhankar:
GAME
BLACK
133.302262544632
.b.....b
b.......
.b.b...b
......b.
.....w.b
........
.w...w..
w.w.w.w.
##### Running: /usr/bin/time -o time_7_bansalr_vdhankar.txt -f "%U" python3 homework.py > stulog.txt 2>&1 on vdhankar #####
child exited with value 1
##### ERROR: /usr/bin/time -o time_7_bansalr_vdhankar.txt -f "%U" python3 homework.py > stulog.txt 2>&1 on vdhankar #####
##### Output of failed program (stdout + stderr): #####
Traceback (most recent call last):
  File "homework.py", line 546, in <module>
    print(end-start)
NameError: name 'end' is not defined
##### End of output of failed program #####
##### vdhankar plays [J g5 e3] in 3.15426898002625s #####
##### Running: /usr/lib/jvm/jdk-14.0.1/bin/java -jar /lab/itti/projects/checkers-competition/server/referee.jar on run_7_bansalr_vdhankar #####
Move is valid
##### SUCCESS: /usr/lib/jvm/jdk-14.0.1/bin/java -jar /lab/itti/projects/checkers-competition/server/referee.jar on run_7_bansalr_vdhankar #####
INPUT for bansalr:
GAME
WHITE
268.69
.b.....b
b.......
.b.b...b
........
.......b
....b...
.w...w..
w.w.w.w.
##### Running: /usr/bin/time -o time_7_bansalr_vdhankar.txt -f "%U" python3 homework.py > stulog.txt 2>&1 on bansalr #####
##### SUCCESS: /usr/bin/time -o time_7_bansalr_vdhankar.txt -f "%U" python3 homework.py > stulog.txt 2>&1 on bansalr #####
##### bansalr plays [J f2 d4] in 3.46s #####
##### Running: /usr/lib/jvm/jdk-14.0.1/bin/java -jar /lab/itti/projects/checkers-competition/server/referee.jar on run_7_bansalr_vdhankar #####
Move is valid
##### SUCCESS: /usr/lib/jvm/jdk-14.0.1/bin/java -jar /lab/itti/projects/checkers-competition/server/referee.jar on run_7_bansalr_vdhankar #####
INPUT for vdhankar:
GAME
BLACK
130.147993564606
.b.....b
b.......
.b.b...b
........
...w...b
........
.w......
w.w.w.w.
##### Running: /usr/bin/time -o time_7_bansalr_vdhankar.txt -f "%U" python3 homework.py > stulog.txt 2>&1 on vdhankar #####
child exited with value 1
##### ERROR: /usr/bin/time -o time_7_bansalr_vdhankar.txt -f "%U" python3 homework.py > stulog.txt 2>&1 on vdhankar #####
##### Output of failed program (stdout + stderr): #####
Traceback (most recent call last):
  File "homework.py", line 546, in <module>
    print(end-start)
NameError: name 'end' is not defined
##### End of output of failed program #####
##### vdhankar plays [E b6 c5] in 20.8016250133514s #####
##### Running: /usr/lib/jvm/jdk-14.0.1/bin/java -jar /lab/itti/projects/checkers-competition/server/referee.jar on run_7_bansalr_vdhankar #####
Move is valid
##### SUCCESS: /usr/lib/jvm/jdk-14.0.1/bin/java -jar /lab/itti/projects/checkers-competition/server/referee.jar on run_7_bansalr_vdhankar #####
INPUT for bansalr:
GAME
WHITE
265.23
.b.....b
b.......
...b...b
..b.....
...w...b
........
.w......
w.w.w.w.
##### Running: /usr/bin/time -o time_7_bansalr_vdhankar.txt -f "%U" python3 homework.py > stulog.txt 2>&1 on bansalr #####
##### SUCCESS: /usr/bin/time -o time_7_bansalr_vdhankar.txt -f "%U" python3 homework.py > stulog.txt 2>&1 on bansalr #####
##### bansalr plays [J d4 b6] in 2.31s #####
##### Running: /usr/lib/jvm/jdk-14.0.1/bin/java -jar /lab/itti/projects/checkers-competition/server/referee.jar on run_7_bansalr_vdhankar #####
Move is valid
##### SUCCESS: /usr/lib/jvm/jdk-14.0.1/bin/java -jar /lab/itti/projects/checkers-competition/server/referee.jar on run_7_bansalr_vdhankar #####
INPUT for vdhankar:
GAME
BLACK
109.346368551254
.b.....b
b.......
.w.b...b
........
.......b
........
.w......
w.w.w.w.
##### Running: /usr/bin/time -o time_7_bansalr_vdhankar.txt -f "%U" python3 homework.py > stulog.txt 2>&1 on vdhankar #####
child exited with value 1
##### ERROR: /usr/bin/time -o time_7_bansalr_vdhankar.txt -f "%U" python3 homework.py > stulog.txt 2>&1 on vdhankar #####
##### Output of failed program (stdout + stderr): #####
Traceback (most recent call last):
  File "homework.py", line 546, in <module>
    print(end-start)
NameError: name 'end' is not defined
##### End of output of failed program #####
##### vdhankar plays [J a7 c5] in 9.92353010177612s #####
##### Running: /usr/lib/jvm/jdk-14.0.1/bin/java -jar /lab/itti/projects/checkers-competition/server/referee.jar on run_7_bansalr_vdhankar #####
Move is valid
##### SUCCESS: /usr/lib/jvm/jdk-14.0.1/bin/java -jar /lab/itti/projects/checkers-competition/server/referee.jar on run_7_bansalr_vdhankar #####
INPUT for bansalr:
GAME
WHITE
262.92
.b.....b
........
...b...b
..b.....
.......b
........
.w......
w.w.w.w.
##### Running: /usr/bin/time -o time_7_bansalr_vdhankar.txt -f "%U" python3 homework.py > stulog.txt 2>&1 on bansalr #####
##### SUCCESS: /usr/bin/time -o time_7_bansalr_vdhankar.txt -f "%U" python3 homework.py > stulog.txt 2>&1 on bansalr #####
##### bansalr plays [E b2 a3] in 3.36s #####
##### Running: /usr/lib/jvm/jdk-14.0.1/bin/java -jar /lab/itti/projects/checkers-competition/server/referee.jar on run_7_bansalr_vdhankar #####
Move is valid
##### SUCCESS: /usr/lib/jvm/jdk-14.0.1/bin/java -jar /lab/itti/projects/checkers-competition/server/referee.jar on run_7_bansalr_vdhankar #####
INPUT for vdhankar:
GAME
BLACK
99.4228384494781
.b.....b
........
...b...b
..b.....
.......b
w.......
........
w.w.w.w.
##### Running: /usr/bin/time -o time_7_bansalr_vdhankar.txt -f "%U" python3 homework.py > stulog.txt 2>&1 on vdhankar #####
child exited with value 1
##### ERROR: /usr/bin/time -o time_7_bansalr_vdhankar.txt -f "%U" python3 homework.py > stulog.txt 2>&1 on vdhankar #####
##### Output of failed program (stdout + stderr): #####
Traceback (most recent call last):
  File "homework.py", line 546, in <module>
    print(end-start)
NameError: name 'end' is not defined
##### End of output of failed program #####
##### vdhankar plays [E h6 g5] in 21.6008729934692s #####
##### Running: /usr/lib/jvm/jdk-14.0.1/bin/java -jar /lab/itti/projects/checkers-competition/server/referee.jar on run_7_bansalr_vdhankar #####
Move is valid
##### SUCCESS: /usr/lib/jvm/jdk-14.0.1/bin/java -jar /lab/itti/projects/checkers-competition/server/referee.jar on run_7_bansalr_vdhankar #####
INPUT for bansalr:
GAME
WHITE
259.56
.b.....b
........
...b....
..b...b.
.......b
w.......
........
w.w.w.w.
##### Running: /usr/bin/time -o time_7_bansalr_vdhankar.txt -f "%U" python3 homework.py > stulog.txt 2>&1 on bansalr #####
##### SUCCESS: /usr/bin/time -o time_7_bansalr_vdhankar.txt -f "%U" python3 homework.py > stulog.txt 2>&1 on bansalr #####
##### bansalr plays [E a1 b2] in 3.65s #####
##### Running: /usr/lib/jvm/jdk-14.0.1/bin/java -jar /lab/itti/projects/checkers-competition/server/referee.jar on run_7_bansalr_vdhankar #####
Move is valid
##### SUCCESS: /usr/lib/jvm/jdk-14.0.1/bin/java -jar /lab/itti/projects/checkers-competition/server/referee.jar on run_7_bansalr_vdhankar #####
INPUT for vdhankar:
GAME
BLACK
77.8219654560089
.b.....b
........
...b....
..b...b.
.......b
w.......
.w......
..w.w.w.
##### Running: /usr/bin/time -o time_7_bansalr_vdhankar.txt -f "%U" python3 homework.py > stulog.txt 2>&1 on vdhankar #####
child exited with value 1
##### ERROR: /usr/bin/time -o time_7_bansalr_vdhankar.txt -f "%U" python3 homework.py > stulog.txt 2>&1 on vdhankar #####
##### Output of failed program (stdout + stderr): #####
Traceback (most recent call last):
  File "homework.py", line 546, in <module>
    print(end-start)
NameError: name 'end' is not defined
##### End of output of failed program #####
##### vdhankar plays [E g5 f4] in 18.3607687950134s #####
##### Running: /usr/lib/jvm/jdk-14.0.1/bin/java -jar /lab/itti/projects/checkers-competition/server/referee.jar on run_7_bansalr_vdhankar #####
Move is valid
##### SUCCESS: /usr/lib/jvm/jdk-14.0.1/bin/java -jar /lab/itti/projects/checkers-competition/server/referee.jar on run_7_bansalr_vdhankar #####
INPUT for bansalr:
GAME
WHITE
255.91
.b.....b
........
...b....
..b.....
.....b.b
w.......
.w......
..w.w.w.
##### Running: /usr/bin/time -o time_7_bansalr_vdhankar.txt -f "%U" python3 homework.py > stulog.txt 2>&1 on bansalr #####
##### SUCCESS: /usr/bin/time -o time_7_bansalr_vdhankar.txt -f "%U" python3 homework.py > stulog.txt 2>&1 on bansalr #####
##### bansalr plays [E b2 c3] in 3.69s #####
##### Running: /usr/lib/jvm/jdk-14.0.1/bin/java -jar /lab/itti/projects/checkers-competition/server/referee.jar on run_7_bansalr_vdhankar #####
Move is valid
##### SUCCESS: /usr/lib/jvm/jdk-14.0.1/bin/java -jar /lab/itti/projects/checkers-competition/server/referee.jar on run_7_bansalr_vdhankar #####
INPUT for vdhankar:
GAME
BLACK
59.4611966609955
.b.....b
........
...b....
..b.....
.....b.b
w.w.....
........
..w.w.w.
##### Running: /usr/bin/time -o time_7_bansalr_vdhankar.txt -f "%U" python3 homework.py > stulog.txt 2>&1 on vdhankar #####
child exited with value 1
##### ERROR: /usr/bin/time -o time_7_bansalr_vdhankar.txt -f "%U" python3 homework.py > stulog.txt 2>&1 on vdhankar #####
##### Output of failed program (stdout + stderr): #####
Traceback (most recent call last):
  File "homework.py", line 546, in <module>
    print(end-start)
NameError: name 'end' is not defined
##### End of output of failed program #####
##### vdhankar plays [E d6 e5] in 16.2889428138733s #####
##### Running: /usr/lib/jvm/jdk-14.0.1/bin/java -jar /lab/itti/projects/checkers-competition/server/referee.jar on run_7_bansalr_vdhankar #####
Move is valid
##### SUCCESS: /usr/lib/jvm/jdk-14.0.1/bin/java -jar /lab/itti/projects/checkers-competition/server/referee.jar on run_7_bansalr_vdhankar #####
INPUT for bansalr:
GAME
WHITE
252.22
.b.....b
........
........
..b.b...
.....b.b
w.w.....
........
..w.w.w.
##### Running: /usr/bin/time -o time_7_bansalr_vdhankar.txt -f "%U" python3 homework.py > stulog.txt 2>&1 on bansalr #####
##### SUCCESS: /usr/bin/time -o time_7_bansalr_vdhankar.txt -f "%U" python3 homework.py > stulog.txt 2>&1 on bansalr #####
##### bansalr plays [E c3 b4] in 3.93s #####
##### Running: /usr/lib/jvm/jdk-14.0.1/bin/java -jar /lab/itti/projects/checkers-competition/server/referee.jar on run_7_bansalr_vdhankar #####
Move is valid
##### SUCCESS: /usr/lib/jvm/jdk-14.0.1/bin/java -jar /lab/itti/projects/checkers-competition/server/referee.jar on run_7_bansalr_vdhankar #####
INPUT for vdhankar:
GAME
BLACK
43.1722538471222
.b.....b
........
........
..b.b...
.w...b.b
w.......
........
..w.w.w.
##### Running: /usr/bin/time -o time_7_bansalr_vdhankar.txt -f "%U" python3 homework.py > stulog.txt 2>&1 on vdhankar #####
child exited with value 1
##### ERROR: /usr/bin/time -o time_7_bansalr_vdhankar.txt -f "%U" python3 homework.py > stulog.txt 2>&1 on vdhankar #####
##### Output of failed program (stdout + stderr): #####
Traceback (most recent call last):
  File "homework.py", line 546, in <module>
    print(end-start)
NameError: name 'end' is not defined
##### End of output of failed program #####
##### vdhankar plays [E c5 d4] in 2.66109800338745s #####
##### Running: /usr/lib/jvm/jdk-14.0.1/bin/java -jar /lab/itti/projects/checkers-competition/server/referee.jar on run_7_bansalr_vdhankar #####
Move is valid
##### SUCCESS: /usr/lib/jvm/jdk-14.0.1/bin/java -jar /lab/itti/projects/checkers-competition/server/referee.jar on run_7_bansalr_vdhankar #####
INPUT for bansalr:
GAME
WHITE
248.29
.b.....b
........
........
....b...
.w.b.b.b
w.......
........
..w.w.w.
##### Running: /usr/bin/time -o time_7_bansalr_vdhankar.txt -f "%U" python3 homework.py > stulog.txt 2>&1 on bansalr #####
##### SUCCESS: /usr/bin/time -o time_7_bansalr_vdhankar.txt -f "%U" python3 homework.py > stulog.txt 2>&1 on bansalr #####
##### bansalr plays [E b4 a5] in 3.75s #####
##### Running: /usr/lib/jvm/jdk-14.0.1/bin/java -jar /lab/itti/projects/checkers-competition/server/referee.jar on run_7_bansalr_vdhankar #####
Move is valid
##### SUCCESS: /usr/lib/jvm/jdk-14.0.1/bin/java -jar /lab/itti/projects/checkers-competition/server/referee.jar on run_7_bansalr_vdhankar #####
INPUT for vdhankar:
GAME
BLACK
40.5111558437347
.b.....b
........
........
w...b...
...b.b.b
w.......
........
..w.w.w.
##### Running: /usr/bin/time -o time_7_bansalr_vdhankar.txt -f "%U" python3 homework.py > stulog.txt 2>&1 on vdhankar #####
child exited with value 1
##### ERROR: /usr/bin/time -o time_7_bansalr_vdhankar.txt -f "%U" python3 homework.py > stulog.txt 2>&1 on vdhankar #####
##### Output of failed program (stdout + stderr): #####
Traceback (most recent call last):
  File "homework.py", line 546, in <module>
    print(end-start)
NameError: name 'end' is not defined
##### End of output of failed program #####
##### vdhankar plays [E h4 g3] in 3.69588208198547s #####
##### Running: /usr/lib/jvm/jdk-14.0.1/bin/java -jar /lab/itti/projects/checkers-competition/server/referee.jar on run_7_bansalr_vdhankar #####
Move is valid
##### SUCCESS: /usr/lib/jvm/jdk-14.0.1/bin/java -jar /lab/itti/projects/checkers-competition/server/referee.jar on run_7_bansalr_vdhankar #####
INPUT for bansalr:
GAME
WHITE
244.54
.b.....b
........
........
w...b...
...b.b..
w.....b.
........
..w.w.w.
##### Running: /usr/bin/time -o time_7_bansalr_vdhankar.txt -f "%U" python3 homework.py > stulog.txt 2>&1 on bansalr #####
##### SUCCESS: /usr/bin/time -o time_7_bansalr_vdhankar.txt -f "%U" python3 homework.py > stulog.txt 2>&1 on bansalr #####
##### bansalr plays [E a5 b6] in 4.04s #####
##### Running: /usr/lib/jvm/jdk-14.0.1/bin/java -jar /lab/itti/projects/checkers-competition/server/referee.jar on run_7_bansalr_vdhankar #####
Move is valid
##### SUCCESS: /usr/lib/jvm/jdk-14.0.1/bin/java -jar /lab/itti/projects/checkers-competition/server/referee.jar on run_7_bansalr_vdhankar #####
INPUT for vdhankar:
GAME
BLACK
36.8152737617493
.b.....b
........
.w......
....b...
...b.b..
w.....b.
........
..w.w.w.
##### Running: /usr/bin/time -o time_7_bansalr_vdhankar.txt -f "%U" python3 homework.py > stulog.txt 2>&1 on vdhankar #####
child exited with value 1
##### ERROR: /usr/bin/time -o time_7_bansalr_vdhankar.txt -f "%U" python3 homework.py > stulog.txt 2>&1 on vdhankar #####
##### Output of failed program (stdout + stderr): #####
Traceback (most recent call last):
  File "homework.py", line 546, in <module>
    print(end-start)
NameError: name 'end' is not defined
##### End of output of failed program #####
##### vdhankar plays [E h8 g7] in 2.48495316505432s #####
##### Running: /usr/lib/jvm/jdk-14.0.1/bin/java -jar /lab/itti/projects/checkers-competition/server/referee.jar on run_7_bansalr_vdhankar #####
Move is valid
##### SUCCESS: /usr/lib/jvm/jdk-14.0.1/bin/java -jar /lab/itti/projects/checkers-competition/server/referee.jar on run_7_bansalr_vdhankar #####
INPUT for bansalr:
GAME
WHITE
240.5
.b......
......b.
.w......
....b...
...b.b..
w.....b.
........
..w.w.w.
##### Running: /usr/bin/time -o time_7_bansalr_vdhankar.txt -f "%U" python3 homework.py > stulog.txt 2>&1 on bansalr #####
##### SUCCESS: /usr/bin/time -o time_7_bansalr_vdhankar.txt -f "%U" python3 homework.py > stulog.txt 2>&1 on bansalr #####
##### bansalr plays [E b6 a7] in 3.75s #####
##### Running: /usr/lib/jvm/jdk-14.0.1/bin/java -jar /lab/itti/projects/checkers-competition/server/referee.jar on run_7_bansalr_vdhankar #####
Move is valid
##### SUCCESS: /usr/lib/jvm/jdk-14.0.1/bin/java -jar /lab/itti/projects/checkers-competition/server/referee.jar on run_7_bansalr_vdhankar #####
INPUT for vdhankar:
GAME
BLACK
34.3303205966949
.b......
w.....b.
........
....b...
...b.b..
w.....b.
........
..w.w.w.
##### Running: /usr/bin/time -o time_7_bansalr_vdhankar.txt -f "%U" python3 homework.py > stulog.txt 2>&1 on vdhankar #####
child exited with value 1
##### ERROR: /usr/bin/time -o time_7_bansalr_vdhankar.txt -f "%U" python3 homework.py > stulog.txt 2>&1 on vdhankar #####
##### Output of failed program (stdout + stderr): #####
Traceback (most recent call last):
  File "homework.py", line 546, in <module>
    print(end-start)
NameError: name 'end' is not defined
##### End of output of failed program #####
##### vdhankar plays [E f4 e3] in 2.50409913063049s #####
##### Running: /usr/lib/jvm/jdk-14.0.1/bin/java -jar /lab/itti/projects/checkers-competition/server/referee.jar on run_7_bansalr_vdhankar #####
Move is valid
##### SUCCESS: /usr/lib/jvm/jdk-14.0.1/bin/java -jar /lab/itti/projects/checkers-competition/server/referee.jar on run_7_bansalr_vdhankar #####
INPUT for bansalr:
GAME
WHITE
236.75
.b......
w.....b.
........
....b...
...b....
w...b.b.
........
..w.w.w.
##### Running: /usr/bin/time -o time_7_bansalr_vdhankar.txt -f "%U" python3 homework.py > stulog.txt 2>&1 on bansalr #####
##### SUCCESS: /usr/bin/time -o time_7_bansalr_vdhankar.txt -f "%U" python3 homework.py > stulog.txt 2>&1 on bansalr #####
##### bansalr plays [E a3 b4] in 3.86s #####
##### Running: /usr/lib/jvm/jdk-14.0.1/bin/java -jar /lab/itti/projects/checkers-competition/server/referee.jar on run_7_bansalr_vdhankar #####
Move is valid
##### SUCCESS: /usr/lib/jvm/jdk-14.0.1/bin/java -jar /lab/itti/projects/checkers-competition/server/referee.jar on run_7_bansalr_vdhankar #####
INPUT for vdhankar:
GAME
BLACK
31.8262214660645
.b......
w.....b.
........
....b...
.w.b....
....b.b.
........
..w.w.w.
##### Running: /usr/bin/time -o time_7_bansalr_vdhankar.txt -f "%U" python3 homework.py > stulog.txt 2>&1 on vdhankar #####
child exited with value 1
##### ERROR: /usr/bin/time -o time_7_bansalr_vdhankar.txt -f "%U" python3 homework.py > stulog.txt 2>&1 on vdhankar #####
##### Output of failed program (stdout + stderr): #####
Traceback (most recent call last):
  File "homework.py", line 546, in <module>
    print(end-start)
NameError: name 'end' is not defined
##### End of output of failed program #####
##### vdhankar plays [E e5 f4] in 2.01745009422302s #####
##### Running: /usr/lib/jvm/jdk-14.0.1/bin/java -jar /lab/itti/projects/checkers-competition/server/referee.jar on run_7_bansalr_vdhankar #####
Move is valid
##### SUCCESS: /usr/lib/jvm/jdk-14.0.1/bin/java -jar /lab/itti/projects/checkers-competition/server/referee.jar on run_7_bansalr_vdhankar #####
INPUT for bansalr:
GAME
WHITE
232.89
.b......
w.....b.
........
........
.w.b.b..
....b.b.
........
..w.w.w.
##### Running: /usr/bin/time -o time_7_bansalr_vdhankar.txt -f "%U" python3 homework.py > stulog.txt 2>&1 on bansalr #####
##### SUCCESS: /usr/bin/time -o time_7_bansalr_vdhankar.txt -f "%U" python3 homework.py > stulog.txt 2>&1 on bansalr #####
##### bansalr plays [E b4 a5] in 3.9s #####
##### Running: /usr/lib/jvm/jdk-14.0.1/bin/java -jar /lab/itti/projects/checkers-competition/server/referee.jar on run_7_bansalr_vdhankar #####
Move is valid
##### SUCCESS: /usr/lib/jvm/jdk-14.0.1/bin/java -jar /lab/itti/projects/checkers-competition/server/referee.jar on run_7_bansalr_vdhankar #####
INPUT for vdhankar:
GAME
BLACK
29.8087713718414
.b......
w.....b.
........
w.......
...b.b..
....b.b.
........
..w.w.w.
##### Running: /usr/bin/time -o time_7_bansalr_vdhankar.txt -f "%U" python3 homework.py > stulog.txt 2>&1 on vdhankar #####
child exited with value 1
##### ERROR: /usr/bin/time -o time_7_bansalr_vdhankar.txt -f "%U" python3 homework.py > stulog.txt 2>&1 on vdhankar #####
##### Output of failed program (stdout + stderr): #####
Traceback (most recent call last):
  File "homework.py", line 546, in <module>
    print(end-start)
NameError: name 'end' is not defined
##### End of output of failed program #####
##### vdhankar plays [E g7 h6] in 1.18853902816772s #####
##### Running: /usr/lib/jvm/jdk-14.0.1/bin/java -jar /lab/itti/projects/checkers-competition/server/referee.jar on run_7_bansalr_vdhankar #####
Move is valid
##### SUCCESS: /usr/lib/jvm/jdk-14.0.1/bin/java -jar /lab/itti/projects/checkers-competition/server/referee.jar on run_7_bansalr_vdhankar #####
INPUT for bansalr:
GAME
WHITE
228.99
.b......
w.......
.......b
w.......
...b.b..
....b.b.
........
..w.w.w.
##### Running: /usr/bin/time -o time_7_bansalr_vdhankar.txt -f "%U" python3 homework.py > stulog.txt 2>&1 on bansalr #####
##### SUCCESS: /usr/bin/time -o time_7_bansalr_vdhankar.txt -f "%U" python3 homework.py > stulog.txt 2>&1 on bansalr #####
##### bansalr plays [E a5 b6] in 3.99s #####
##### Running: /usr/lib/jvm/jdk-14.0.1/bin/java -jar /lab/itti/projects/checkers-competition/server/referee.jar on run_7_bansalr_vdhankar #####
Move is valid
##### SUCCESS: /usr/lib/jvm/jdk-14.0.1/bin/java -jar /lab/itti/projects/checkers-competition/server/referee.jar on run_7_bansalr_vdhankar #####
INPUT for vdhankar:
GAME
BLACK
28.6202323436737
.b......
w.......
.w.....b
........
...b.b..
....b.b.
........
..w.w.w.
##### Running: /usr/bin/time -o time_7_bansalr_vdhankar.txt -f "%U" python3 homework.py > stulog.txt 2>&1 on vdhankar #####
child exited with value 1
##### ERROR: /usr/bin/time -o time_7_bansalr_vdhankar.txt -f "%U" python3 homework.py > stulog.txt 2>&1 on vdhankar #####
##### Output of failed program (stdout + stderr): #####
Traceback (most recent call last):
  File "homework.py", line 546, in <module>
    print(end-start)
NameError: name 'end' is not defined
##### End of output of failed program #####
##### vdhankar plays [E g3 h2] in 0.966984033584595s #####
##### Running: /usr/lib/jvm/jdk-14.0.1/bin/java -jar /lab/itti/projects/checkers-competition/server/referee.jar on run_7_bansalr_vdhankar #####
Move is valid
##### SUCCESS: /usr/lib/jvm/jdk-14.0.1/bin/java -jar /lab/itti/projects/checkers-competition/server/referee.jar on run_7_bansalr_vdhankar #####
INPUT for bansalr:
GAME
WHITE
225
.b......
w.......
.w.....b
........
...b.b..
....b...
.......b
..w.w.w.
##### Running: /usr/bin/time -o time_7_bansalr_vdhankar.txt -f "%U" python3 homework.py > stulog.txt 2>&1 on bansalr #####
##### SUCCESS: /usr/bin/time -o time_7_bansalr_vdhankar.txt -f "%U" python3 homework.py > stulog.txt 2>&1 on bansalr #####
##### bansalr plays [E e1 f2] in 4.16s #####
##### Running: /usr/lib/jvm/jdk-14.0.1/bin/java -jar /lab/itti/projects/checkers-competition/server/referee.jar on run_7_bansalr_vdhankar #####
Move is valid
##### SUCCESS: /usr/lib/jvm/jdk-14.0.1/bin/java -jar /lab/itti/projects/checkers-competition/server/referee.jar on run_7_bansalr_vdhankar #####
INPUT for vdhankar:
GAME
BLACK
27.6532483100891
.b......
w.......
.w.....b
........
...b.b..
....b...
.....w.b
..w...w.
##### Running: /usr/bin/time -o time_7_bansalr_vdhankar.txt -f "%U" python3 homework.py > stulog.txt 2>&1 on vdhankar #####
child exited with value 1
##### ERROR: /usr/bin/time -o time_7_bansalr_vdhankar.txt -f "%U" python3 homework.py > stulog.txt 2>&1 on vdhankar #####
##### Output of failed program (stdout + stderr): #####
Traceback (most recent call last):
  File "homework.py", line 546, in <module>
    print(end-start)
NameError: name 'end' is not defined
##### End of output of failed program #####
##### vdhankar plays [E h6 g5] in 0.683732986450195s #####
##### Running: /usr/lib/jvm/jdk-14.0.1/bin/java -jar /lab/itti/projects/checkers-competition/server/referee.jar on run_7_bansalr_vdhankar #####
Move is valid
##### SUCCESS: /usr/lib/jvm/jdk-14.0.1/bin/java -jar /lab/itti/projects/checkers-competition/server/referee.jar on run_7_bansalr_vdhankar #####
INPUT for bansalr:
GAME
WHITE
220.84
.b......
w.......
.w......
......b.
...b.b..
....b...
.....w.b
..w...w.
##### Running: /usr/bin/time -o time_7_bansalr_vdhankar.txt -f "%U" python3 homework.py > stulog.txt 2>&1 on bansalr #####
##### SUCCESS: /usr/bin/time -o time_7_bansalr_vdhankar.txt -f "%U" python3 homework.py > stulog.txt 2>&1 on bansalr #####
##### bansalr plays [E b6 c7] in 3.43s #####
##### Running: /usr/lib/jvm/jdk-14.0.1/bin/java -jar /lab/itti/projects/checkers-competition/server/referee.jar on run_7_bansalr_vdhankar #####
Move is valid
##### SUCCESS: /usr/lib/jvm/jdk-14.0.1/bin/java -jar /lab/itti/projects/checkers-competition/server/referee.jar on run_7_bansalr_vdhankar #####
INPUT for vdhankar:
GAME
BLACK
26.9695153236389
.b......
w.w.....
........
......b.
...b.b..
....b...
.....w.b
..w...w.
##### Running: /usr/bin/time -o time_7_bansalr_vdhankar.txt -f "%U" python3 homework.py > stulog.txt 2>&1 on vdhankar #####
child exited with value 1
##### ERROR: /usr/bin/time -o time_7_bansalr_vdhankar.txt -f "%U" python3 homework.py > stulog.txt 2>&1 on vdhankar #####
##### Output of failed program (stdout + stderr): #####
Traceback (most recent call last):
  File "homework.py", line 546, in <module>
    print(end-start)
NameError: name 'end' is not defined
##### End of output of failed program #####
##### vdhankar plays [J b8 d6] in 0.581336975097656s #####
##### Running: /usr/lib/jvm/jdk-14.0.1/bin/java -jar /lab/itti/projects/checkers-competition/server/referee.jar on run_7_bansalr_vdhankar #####
Move is valid
##### SUCCESS: /usr/lib/jvm/jdk-14.0.1/bin/java -jar /lab/itti/projects/checkers-competition/server/referee.jar on run_7_bansalr_vdhankar #####
INPUT for bansalr:
GAME
WHITE
217.41
........
w.......
...b....
......b.
...b.b..
....b...
.....w.b
..w...w.
##### Running: /usr/bin/time -o time_7_bansalr_vdhankar.txt -f "%U" python3 homework.py > stulog.txt 2>&1 on bansalr #####
##### SUCCESS: /usr/bin/time -o time_7_bansalr_vdhankar.txt -f "%U" python3 homework.py > stulog.txt 2>&1 on bansalr #####
##### bansalr plays [E f2 g3] in 3.71s #####
##### Running: /usr/lib/jvm/jdk-14.0.1/bin/java -jar /lab/itti/projects/checkers-competition/server/referee.jar on run_7_bansalr_vdhankar #####
Move is valid
##### SUCCESS: /usr/lib/jvm/jdk-14.0.1/bin/java -jar /lab/itti/projects/checkers-competition/server/referee.jar on run_7_bansalr_vdhankar #####
INPUT for vdhankar:
GAME
BLACK
26.3881783485413
........
w.......
...b....
......b.
...b.b..
....b.w.
.......b
..w...w.
##### Running: /usr/bin/time -o time_7_bansalr_vdhankar.txt -f "%U" python3 homework.py > stulog.txt 2>&1 on vdhankar #####
child exited with value 1
##### ERROR: /usr/bin/time -o time_7_bansalr_vdhankar.txt -f "%U" python3 homework.py > stulog.txt 2>&1 on vdhankar #####
##### Output of failed program (stdout + stderr): #####
Traceback (most recent call last):
  File "homework.py", line 546, in <module>
    print(end-start)
NameError: name 'end' is not defined
##### End of output of failed program #####
##### vdhankar plays [E d6 e5] in 0.607969045639038s #####
##### Running: /usr/lib/jvm/jdk-14.0.1/bin/java -jar /lab/itti/projects/checkers-competition/server/referee.jar on run_7_bansalr_vdhankar #####
Move is valid
##### SUCCESS: /usr/lib/jvm/jdk-14.0.1/bin/java -jar /lab/itti/projects/checkers-competition/server/referee.jar on run_7_bansalr_vdhankar #####
INPUT for bansalr:
GAME
WHITE
213.7
........
w.......
........
....b.b.
...b.b..
....b.w.
.......b
..w...w.
##### Running: /usr/bin/time -o time_7_bansalr_vdhankar.txt -f "%U" python3 homework.py > stulog.txt 2>&1 on bansalr #####
##### SUCCESS: /usr/bin/time -o time_7_bansalr_vdhankar.txt -f "%U" python3 homework.py > stulog.txt 2>&1 on bansalr #####
##### bansalr plays [E g3 h4] in 3.33s #####
##### Running: /usr/lib/jvm/jdk-14.0.1/bin/java -jar /lab/itti/projects/checkers-competition/server/referee.jar on run_7_bansalr_vdhankar #####
Move is valid
##### SUCCESS: /usr/lib/jvm/jdk-14.0.1/bin/java -jar /lab/itti/projects/checkers-competition/server/referee.jar on run_7_bansalr_vdhankar #####
INPUT for vdhankar:
GAME
BLACK
25.7802093029022
........
w.......
........
....b.b.
...b.b.w
....b...
.......b
..w...w.
##### Running: /usr/bin/time -o time_7_bansalr_vdhankar.txt -f "%U" python3 homework.py > stulog.txt 2>&1 on vdhankar #####
child exited with value 1
##### ERROR: /usr/bin/time -o time_7_bansalr_vdhankar.txt -f "%U" python3 homework.py > stulog.txt 2>&1 on vdhankar #####
##### Output of failed program (stdout + stderr): #####
Traceback (most recent call last):
  File "homework.py", line 546, in <module>
    print(end-start)
NameError: name 'end' is not defined
##### End of output of failed program #####
##### vdhankar plays [E e3 f2] in 0.670629978179932s #####
##### Running: /usr/lib/jvm/jdk-14.0.1/bin/java -jar /lab/itti/projects/checkers-competition/server/referee.jar on run_7_bansalr_vdhankar #####
Move is valid
##### SUCCESS: /usr/lib/jvm/jdk-14.0.1/bin/java -jar /lab/itti/projects/checkers-competition/server/referee.jar on run_7_bansalr_vdhankar #####
INPUT for bansalr:
GAME
WHITE
210.37
........
w.......
........
....b.b.
...b.b.w
........
.....b.b
..w...w.
##### Running: /usr/bin/time -o time_7_bansalr_vdhankar.txt -f "%U" python3 homework.py > stulog.txt 2>&1 on bansalr #####
##### SUCCESS: /usr/bin/time -o time_7_bansalr_vdhankar.txt -f "%U" python3 homework.py > stulog.txt 2>&1 on bansalr #####
##### bansalr plays [J g1 e3 ; J e3 c5] in 1.62s #####
##### Running: /usr/lib/jvm/jdk-14.0.1/bin/java -jar /lab/itti/projects/checkers-competition/server/referee.jar on run_7_bansalr_vdhankar #####
Move is valid
##### SUCCESS: /usr/lib/jvm/jdk-14.0.1/bin/java -jar /lab/itti/projects/checkers-competition/server/referee.jar on run_7_bansalr_vdhankar #####
INPUT for vdhankar:
GAME
BLACK
25.1095793247223
........
w.......
........
..w.b.b.
.....b.w
........
.......b
..w.....
##### Running: /usr/bin/time -o time_7_bansalr_vdhankar.txt -f "%U" python3 homework.py > stulog.txt 2>&1 on vdhankar #####
child exited with value 1
##### ERROR: /usr/bin/time -o time_7_bansalr_vdhankar.txt -f "%U" python3 homework.py > stulog.txt 2>&1 on vdhankar #####
##### Output of failed program (stdout + stderr): #####
Traceback (most recent call last):
  File "homework.py", line 546, in <module>
    print(end-start)
NameError: name 'end' is not defined
##### End of output of failed program #####
##### vdhankar plays [E h2 g1] in 0.85620903968811s #####
##### Running: /usr/lib/jvm/jdk-14.0.1/bin/java -jar /lab/itti/projects/checkers-competition/server/referee.jar on run_7_bansalr_vdhankar #####
Move is valid
##### SUCCESS: /usr/lib/jvm/jdk-14.0.1/bin/java -jar /lab/itti/projects/checkers-competition/server/referee.jar on run_7_bansalr_vdhankar #####
INPUT for bansalr:
GAME
WHITE
208.75
........
w.......
........
..w.b.b.
.....b.w
........
........
..w...B.
##### Running: /usr/bin/time -o time_7_bansalr_vdhankar.txt -f "%U" python3 homework.py > stulog.txt 2>&1 on bansalr #####
##### SUCCESS: /usr/bin/time -o time_7_bansalr_vdhankar.txt -f "%U" python3 homework.py > stulog.txt 2>&1 on bansalr #####
##### bansalr plays [J h4 f6] in 4.02s #####
##### Running: /usr/lib/jvm/jdk-14.0.1/bin/java -jar /lab/itti/projects/checkers-competition/server/referee.jar on run_7_bansalr_vdhankar #####
Move is valid
##### SUCCESS: /usr/lib/jvm/jdk-14.0.1/bin/java -jar /lab/itti/projects/checkers-competition/server/referee.jar on run_7_bansalr_vdhankar #####
INPUT for vdhankar:
GAME
BLACK
24.2533702850342
........
w.......
.....w..
..w.b...
.....b..
........
........
..w...B.
##### Running: /usr/bin/time -o time_7_bansalr_vdhankar.txt -f "%U" python3 homework.py > stulog.txt 2>&1 on vdhankar #####
child exited with value 1
##### ERROR: /usr/bin/time -o time_7_bansalr_vdhankar.txt -f "%U" python3 homework.py > stulog.txt 2>&1 on vdhankar #####
##### Output of failed program (stdout + stderr): #####
Traceback (most recent call last):
  File "homework.py", line 546, in <module>
    print(end-start)
NameError: name 'end' is not defined
##### End of output of failed program #####
##### vdhankar plays [E g1 h2] in 0.408955812454224s #####
##### Running: /usr/lib/jvm/jdk-14.0.1/bin/java -jar /lab/itti/projects/checkers-competition/server/referee.jar on run_7_bansalr_vdhankar #####
Move is valid
##### SUCCESS: /usr/lib/jvm/jdk-14.0.1/bin/java -jar /lab/itti/projects/checkers-competition/server/referee.jar on run_7_bansalr_vdhankar #####
INPUT for bansalr:
GAME
WHITE
204.73
........
w.......
.....w..
..w.b...
.....b..
........
.......B
..w.....
##### Running: /usr/bin/time -o time_7_bansalr_vdhankar.txt -f "%U" python3 homework.py > stulog.txt 2>&1 on bansalr #####
##### SUCCESS: /usr/bin/time -o time_7_bansalr_vdhankar.txt -f "%U" python3 homework.py > stulog.txt 2>&1 on bansalr #####
##### bansalr plays [E a7 b8] in 4.05s #####
##### Running: /usr/lib/jvm/jdk-14.0.1/bin/java -jar /lab/itti/projects/checkers-competition/server/referee.jar on run_7_bansalr_vdhankar #####
Move is valid
##### SUCCESS: /usr/lib/jvm/jdk-14.0.1/bin/java -jar /lab/itti/projects/checkers-competition/server/referee.jar on run_7_bansalr_vdhankar #####
INPUT for vdhankar:
GAME
BLACK
23.84441447258
.W......
........
.....w..
..w.b...
.....b..
........
.......B
..w.....
##### Running: /usr/bin/time -o time_7_bansalr_vdhankar.txt -f "%U" python3 homework.py > stulog.txt 2>&1 on vdhankar #####
child exited with value 1
##### ERROR: /usr/bin/time -o time_7_bansalr_vdhankar.txt -f "%U" python3 homework.py > stulog.txt 2>&1 on vdhankar #####
##### Output of failed program (stdout + stderr): #####
Traceback (most recent call last):
  File "homework.py", line 546, in <module>
    print(end-start)
NameError: name 'end' is not defined
##### End of output of failed program #####
##### vdhankar plays [E h2 g3] in 0.475069046020508s #####
##### Running: /usr/lib/jvm/jdk-14.0.1/bin/java -jar /lab/itti/projects/checkers-competition/server/referee.jar on run_7_bansalr_vdhankar #####
Move is valid
##### SUCCESS: /usr/lib/jvm/jdk-14.0.1/bin/java -jar /lab/itti/projects/checkers-competition/server/referee.jar on run_7_bansalr_vdhankar #####
INPUT for bansalr:
GAME
WHITE
200.68
.W......
........
.....w..
..w.b...
.....b..
......B.
........
..w.....
##### Running: /usr/bin/time -o time_7_bansalr_vdhankar.txt -f "%U" python3 homework.py > stulog.txt 2>&1 on bansalr #####
##### SUCCESS: /usr/bin/time -o time_7_bansalr_vdhankar.txt -f "%U" python3 homework.py > stulog.txt 2>&1 on bansalr #####
##### bansalr plays [E b8 a7] in 4.21s #####
##### Running: /usr/lib/jvm/jdk-14.0.1/bin/java -jar /lab/itti/projects/checkers-competition/server/referee.jar on run_7_bansalr_vdhankar #####
Move is valid
##### SUCCESS: /usr/lib/jvm/jdk-14.0.1/bin/java -jar /lab/itti/projects/checkers-competition/server/referee.jar on run_7_bansalr_vdhankar #####
INPUT for vdhankar:
GAME
BLACK
23.3693454265594
........
W.......
.....w..
..w.b...
.....b..
......B.
........
..w.....
##### Running: /usr/bin/time -o time_7_bansalr_vdhankar.txt -f "%U" python3 homework.py > stulog.txt 2>&1 on vdhankar #####
child exited with value 1
##### ERROR: /usr/bin/time -o time_7_bansalr_vdhankar.txt -f "%U" python3 homework.py > stulog.txt 2>&1 on vdhankar #####
##### Output of failed program (stdout + stderr): #####
Traceback (most recent call last):
  File "homework.py", line 546, in <module>
    print(end-start)
NameError: name 'end' is not defined
##### End of output of failed program #####
##### vdhankar plays [E g3 h2] in 0.46265983581543s #####
##### Running: /usr/lib/jvm/jdk-14.0.1/bin/java -jar /lab/itti/projects/checkers-competition/server/referee.jar on run_7_bansalr_vdhankar #####
Move is valid
##### SUCCESS: /usr/lib/jvm/jdk-14.0.1/bin/java -jar /lab/itti/projects/checkers-competition/server/referee.jar on run_7_bansalr_vdhankar #####
INPUT for bansalr:
GAME
WHITE
196.47
........
W.......
.....w..
..w.b...
.....b..
........
.......B
..w.....
##### Running: /usr/bin/time -o time_7_bansalr_vdhankar.txt -f "%U" python3 homework.py > stulog.txt 2>&1 on bansalr #####
##### SUCCESS: /usr/bin/time -o time_7_bansalr_vdhankar.txt -f "%U" python3 homework.py > stulog.txt 2>&1 on bansalr #####
##### bansalr plays [E a7 b6] in 3.66s #####
##### Running: /usr/lib/jvm/jdk-14.0.1/bin/java -jar /lab/itti/projects/checkers-competition/server/referee.jar on run_7_bansalr_vdhankar #####
Move is valid
##### SUCCESS: /usr/lib/jvm/jdk-14.0.1/bin/java -jar /lab/itti/projects/checkers-competition/server/referee.jar on run_7_bansalr_vdhankar #####
INPUT for vdhankar:
GAME
BLACK
22.906685590744
........
........
.W...w..
..w.b...
.....b..
........
.......B
..w.....
##### Running: /usr/bin/time -o time_7_bansalr_vdhankar.txt -f "%U" python3 homework.py > stulog.txt 2>&1 on vdhankar #####
child exited with value 1
##### ERROR: /usr/bin/time -o time_7_bansalr_vdhankar.txt -f "%U" python3 homework.py > stulog.txt 2>&1 on vdhankar #####
##### Output of failed program (stdout + stderr): #####
Traceback (most recent call last):
  File "homework.py", line 546, in <module>
    print(end-start)
NameError: name 'end' is not defined
##### End of output of failed program #####
##### vdhankar plays [E h2 g3] in 0.411200046539307s #####
##### Running: /usr/lib/jvm/jdk-14.0.1/bin/java -jar /lab/itti/projects/checkers-competition/server/referee.jar on run_7_bansalr_vdhankar #####
Move is valid
##### SUCCESS: /usr/lib/jvm/jdk-14.0.1/bin/java -jar /lab/itti/projects/checkers-competition/server/referee.jar on run_7_bansalr_vdhankar #####
INPUT for bansalr:
GAME
WHITE
192.81
........
........
.W...w..
..w.b...
.....b..
......B.
........
..w.....
##### Running: /usr/bin/time -o time_7_bansalr_vdhankar.txt -f "%U" python3 homework.py > stulog.txt 2>&1 on bansalr #####
##### SUCCESS: /usr/bin/time -o time_7_bansalr_vdhankar.txt -f "%U" python3 homework.py > stulog.txt 2>&1 on bansalr #####
##### bansalr plays [E b6 a5] in 4.27s #####
##### Running: /usr/lib/jvm/jdk-14.0.1/bin/java -jar /lab/itti/projects/checkers-competition/server/referee.jar on run_7_bansalr_vdhankar #####
Move is valid
##### SUCCESS: /usr/lib/jvm/jdk-14.0.1/bin/java -jar /lab/itti/projects/checkers-competition/server/referee.jar on run_7_bansalr_vdhankar #####
INPUT for vdhankar:
GAME
BLACK
22.4954855442047
........
........
.....w..
W.w.b...
.....b..
......B.
........
..w.....
##### Running: /usr/bin/time -o time_7_bansalr_vdhankar.txt -f "%U" python3 homework.py > stulog.txt 2>&1 on vdhankar #####
child exited with value 1
##### ERROR: /usr/bin/time -o time_7_bansalr_vdhankar.txt -f "%U" python3 homework.py > stulog.txt 2>&1 on vdhankar #####
##### Output of failed program (stdout + stderr): #####
Traceback (most recent call last):
  File "homework.py", line 546, in <module>
    print(end-start)
NameError: name 'end' is not defined
##### End of output of failed program #####
##### vdhankar plays [E g3 h2] in 0.412421226501465s #####
##### Running: /usr/lib/jvm/jdk-14.0.1/bin/java -jar /lab/itti/projects/checkers-competition/server/referee.jar on run_7_bansalr_vdhankar #####
Move is valid
##### SUCCESS: /usr/lib/jvm/jdk-14.0.1/bin/java -jar /lab/itti/projects/checkers-competition/server/referee.jar on run_7_bansalr_vdhankar #####
INPUT for bansalr:
GAME
WHITE
188.54
........
........
.....w..
W.w.b...
.....b..
........
.......B
..w.....
##### Running: /usr/bin/time -o time_7_bansalr_vdhankar.txt -f "%U" python3 homework.py > stulog.txt 2>&1 on bansalr #####
##### SUCCESS: /usr/bin/time -o time_7_bansalr_vdhankar.txt -f "%U" python3 homework.py > stulog.txt 2>&1 on bansalr #####
##### bansalr plays [E a5 b4] in 4.26s #####
##### Running: /usr/lib/jvm/jdk-14.0.1/bin/java -jar /lab/itti/projects/checkers-competition/server/referee.jar on run_7_bansalr_vdhankar #####
Move is valid
##### SUCCESS: /usr/lib/jvm/jdk-14.0.1/bin/java -jar /lab/itti/projects/checkers-competition/server/referee.jar on run_7_bansalr_vdhankar #####
INPUT for vdhankar:
GAME
BLACK
22.0830643177032
........
........
.....w..
..w.b...
.W...b..
........
.......B
..w.....
##### Running: /usr/bin/time -o time_7_bansalr_vdhankar.txt -f "%U" python3 homework.py > stulog.txt 2>&1 on vdhankar #####
child exited with value 1
##### ERROR: /usr/bin/time -o time_7_bansalr_vdhankar.txt -f "%U" python3 homework.py > stulog.txt 2>&1 on vdhankar #####
##### Output of failed program (stdout + stderr): #####
Traceback (most recent call last):
  File "homework.py", line 546, in <module>
    print(end-start)
NameError: name 'end' is not defined
##### End of output of failed program #####
##### vdhankar plays [E h2 g3] in 0.3769850730896s #####
##### Running: /usr/lib/jvm/jdk-14.0.1/bin/java -jar /lab/itti/projects/checkers-competition/server/referee.jar on run_7_bansalr_vdhankar #####
Move is valid
##### SUCCESS: /usr/lib/jvm/jdk-14.0.1/bin/java -jar /lab/itti/projects/checkers-competition/server/referee.jar on run_7_bansalr_vdhankar #####
INPUT for bansalr:
GAME
WHITE
184.28
........
........
.....w..
..w.b...
.W...b..
......B.
........
..w.....
##### Running: /usr/bin/time -o time_7_bansalr_vdhankar.txt -f "%U" python3 homework.py > stulog.txt 2>&1 on bansalr #####
##### SUCCESS: /usr/bin/time -o time_7_bansalr_vdhankar.txt -f "%U" python3 homework.py > stulog.txt 2>&1 on bansalr #####
##### bansalr plays [E b4 a3] in 4.34s #####
##### Running: /usr/lib/jvm/jdk-14.0.1/bin/java -jar /lab/itti/projects/checkers-competition/server/referee.jar on run_7_bansalr_vdhankar #####
Move is valid
##### SUCCESS: /usr/lib/jvm/jdk-14.0.1/bin/java -jar /lab/itti/projects/checkers-competition/server/referee.jar on run_7_bansalr_vdhankar #####
INPUT for vdhankar:
GAME
BLACK
21.7060792446136
........
........
.....w..
..w.b...
.....b..
W.....B.
........
..w.....
##### Running: /usr/bin/time -o time_7_bansalr_vdhankar.txt -f "%U" python3 homework.py > stulog.txt 2>&1 on vdhankar #####
child exited with value 1
##### ERROR: /usr/bin/time -o time_7_bansalr_vdhankar.txt -f "%U" python3 homework.py > stulog.txt 2>&1 on vdhankar #####
##### Output of failed program (stdout + stderr): #####
Traceback (most recent call last):
  File "homework.py", line 546, in <module>
    print(end-start)
NameError: name 'end' is not defined
##### End of output of failed program #####
##### vdhankar plays [E g3 h2] in 0.384948015213013s #####
##### Running: /usr/lib/jvm/jdk-14.0.1/bin/java -jar /lab/itti/projects/checkers-competition/server/referee.jar on run_7_bansalr_vdhankar #####
Move is valid
##### SUCCESS: /usr/lib/jvm/jdk-14.0.1/bin/java -jar /lab/itti/projects/checkers-competition/server/referee.jar on run_7_bansalr_vdhankar #####
INPUT for bansalr:
GAME
WHITE
179.94
........
........
.....w..
..w.b...
.....b..
W.......
.......B
..w.....
##### Running: /usr/bin/time -o time_7_bansalr_vdhankar.txt -f "%U" python3 homework.py > stulog.txt 2>&1 on bansalr #####
##### SUCCESS: /usr/bin/time -o time_7_bansalr_vdhankar.txt -f "%U" python3 homework.py > stulog.txt 2>&1 on bansalr #####
##### bansalr plays [E a3 b2] in 4.01s #####
##### Running: /usr/lib/jvm/jdk-14.0.1/bin/java -jar /lab/itti/projects/checkers-competition/server/referee.jar on run_7_bansalr_vdhankar #####
Move is valid
##### SUCCESS: /usr/lib/jvm/jdk-14.0.1/bin/java -jar /lab/itti/projects/checkers-competition/server/referee.jar on run_7_bansalr_vdhankar #####
INPUT for vdhankar:
GAME
BLACK
21.3211312294006
........
........
.....w..
..w.b...
.....b..
........
.W.....B
..w.....
##### Running: /usr/bin/time -o time_7_bansalr_vdhankar.txt -f "%U" python3 homework.py > stulog.txt 2>&1 on vdhankar #####
child exited with value 1
##### ERROR: /usr/bin/time -o time_7_bansalr_vdhankar.txt -f "%U" python3 homework.py > stulog.txt 2>&1 on vdhankar #####
##### Output of failed program (stdout + stderr): #####
Traceback (most recent call last):
  File "homework.py", line 546, in <module>
    print(end-start)
NameError: name 'end' is not defined
##### End of output of failed program #####
##### vdhankar plays [E h2 g3] in 0.387956142425537s #####
##### Running: /usr/lib/jvm/jdk-14.0.1/bin/java -jar /lab/itti/projects/checkers-competition/server/referee.jar on run_7_bansalr_vdhankar #####
Move is valid
##### SUCCESS: /usr/lib/jvm/jdk-14.0.1/bin/java -jar /lab/itti/projects/checkers-competition/server/referee.jar on run_7_bansalr_vdhankar #####
INPUT for bansalr:
GAME
WHITE
175.93
........
........
.....w..
..w.b...
.....b..
......B.
.W......
..w.....
##### Running: /usr/bin/time -o time_7_bansalr_vdhankar.txt -f "%U" python3 homework.py > stulog.txt 2>&1 on bansalr #####
##### SUCCESS: /usr/bin/time -o time_7_bansalr_vdhankar.txt -f "%U" python3 homework.py > stulog.txt 2>&1 on bansalr #####
##### bansalr plays [E b2 a1] in 3.93s #####
##### Running: /usr/lib/jvm/jdk-14.0.1/bin/java -jar /lab/itti/projects/checkers-competition/server/referee.jar on run_7_bansalr_vdhankar #####
Move is valid
##### SUCCESS: /usr/lib/jvm/jdk-14.0.1/bin/java -jar /lab/itti/projects/checkers-competition/server/referee.jar on run_7_bansalr_vdhankar #####
INPUT for vdhankar:
GAME
BLACK
20.9331750869751
........
........
.....w..
..w.b...
.....b..
......B.
........
W.w.....
##### Running: /usr/bin/time -o time_7_bansalr_vdhankar.txt -f "%U" python3 homework.py > stulog.txt 2>&1 on vdhankar #####
child exited with value 1
##### ERROR: /usr/bin/time -o time_7_bansalr_vdhankar.txt -f "%U" python3 homework.py > stulog.txt 2>&1 on vdhankar #####
##### Output of failed program (stdout + stderr): #####
Traceback (most recent call last):
  File "homework.py", line 546, in <module>
    print(end-start)
NameError: name 'end' is not defined
##### End of output of failed program #####
##### vdhankar plays [E g3 h2] in 0.437366962432861s #####
##### Running: /usr/lib/jvm/jdk-14.0.1/bin/java -jar /lab/itti/projects/checkers-competition/server/referee.jar on run_7_bansalr_vdhankar #####
Move is valid
##### SUCCESS: /usr/lib/jvm/jdk-14.0.1/bin/java -jar /lab/itti/projects/checkers-competition/server/referee.jar on run_7_bansalr_vdhankar #####
INPUT for bansalr:
GAME
WHITE
172
........
........
.....w..
..w.b...
.....b..
........
.......B
W.w.....
##### Running: /usr/bin/time -o time_7_bansalr_vdhankar.txt -f "%U" python3 homework.py > stulog.txt 2>&1 on bansalr #####
##### SUCCESS: /usr/bin/time -o time_7_bansalr_vdhankar.txt -f "%U" python3 homework.py > stulog.txt 2>&1 on bansalr #####
##### bansalr plays [E a1 b2] in 3.94s #####
##### Running: /usr/lib/jvm/jdk-14.0.1/bin/java -jar /lab/itti/projects/checkers-competition/server/referee.jar on run_7_bansalr_vdhankar #####
Move is valid
##### SUCCESS: /usr/lib/jvm/jdk-14.0.1/bin/java -jar /lab/itti/projects/checkers-competition/server/referee.jar on run_7_bansalr_vdhankar #####
INPUT for vdhankar:
GAME
BLACK
20.4958081245422
........
........
.....w..
..w.b...
.....b..
........
.W.....B
..w.....
##### Running: /usr/bin/time -o time_7_bansalr_vdhankar.txt -f "%U" python3 homework.py > stulog.txt 2>&1 on vdhankar #####
child exited with value 1
##### ERROR: /usr/bin/time -o time_7_bansalr_vdhankar.txt -f "%U" python3 homework.py > stulog.txt 2>&1 on vdhankar #####
##### Output of failed program (stdout + stderr): #####
Traceback (most recent call last):
  File "homework.py", line 546, in <module>
    print(end-start)
NameError: name 'end' is not defined
##### End of output of failed program #####
##### vdhankar plays [E h2 g3] in 0.320531129837036s #####
##### Running: /usr/lib/jvm/jdk-14.0.1/bin/java -jar /lab/itti/projects/checkers-competition/server/referee.jar on run_7_bansalr_vdhankar #####
Move is valid
##### SUCCESS: /usr/lib/jvm/jdk-14.0.1/bin/java -jar /lab/itti/projects/checkers-competition/server/referee.jar on run_7_bansalr_vdhankar #####
INPUT for bansalr:
GAME
WHITE
168.06
........
........
.....w..
..w.b...
.....b..
......B.
.W......
..w.....
##### Running: /usr/bin/time -o time_7_bansalr_vdhankar.txt -f "%U" python3 homework.py > stulog.txt 2>&1 on bansalr #####
##### SUCCESS: /usr/bin/time -o time_7_bansalr_vdhankar.txt -f "%U" python3 homework.py > stulog.txt 2>&1 on bansalr #####
##### bansalr plays [E b2 a1] in 4.17s #####
##### Running: /usr/lib/jvm/jdk-14.0.1/bin/java -jar /lab/itti/projects/checkers-competition/server/referee.jar on run_7_bansalr_vdhankar #####
Move is valid
##### SUCCESS: /usr/lib/jvm/jdk-14.0.1/bin/java -jar /lab/itti/projects/checkers-competition/server/referee.jar on run_7_bansalr_vdhankar #####
INPUT for vdhankar:
GAME
BLACK
20.1752769947052
........
........
.....w..
..w.b...
.....b..
......B.
........
W.w.....
##### Running: /usr/bin/time -o time_7_bansalr_vdhankar.txt -f "%U" python3 homework.py > stulog.txt 2>&1 on vdhankar #####
child exited with value 1
##### ERROR: /usr/bin/time -o time_7_bansalr_vdhankar.txt -f "%U" python3 homework.py > stulog.txt 2>&1 on vdhankar #####
##### Output of failed program (stdout + stderr): #####
Traceback (most recent call last):
  File "homework.py", line 546, in <module>
    print(end-start)
NameError: name 'end' is not defined
##### End of output of failed program #####
##### vdhankar plays [E g3 h2] in 0.48458194732666s #####
##### Running: /usr/lib/jvm/jdk-14.0.1/bin/java -jar /lab/itti/projects/checkers-competition/server/referee.jar on run_7_bansalr_vdhankar #####
Move is valid
##### SUCCESS: /usr/lib/jvm/jdk-14.0.1/bin/java -jar /lab/itti/projects/checkers-competition/server/referee.jar on run_7_bansalr_vdhankar #####
INPUT for bansalr:
GAME
WHITE
163.89
........
........
.....w..
..w.b...
.....b..
........
.......B
W.w.....
##### Running: /usr/bin/time -o time_7_bansalr_vdhankar.txt -f "%U" python3 homework.py > stulog.txt 2>&1 on bansalr #####
##### SUCCESS: /usr/bin/time -o time_7_bansalr_vdhankar.txt -f "%U" python3 homework.py > stulog.txt 2>&1 on bansalr #####
##### bansalr plays [E a1 b2] in 4.38s #####
##### Running: /usr/lib/jvm/jdk-14.0.1/bin/java -jar /lab/itti/projects/checkers-competition/server/referee.jar on run_7_bansalr_vdhankar #####
Move is valid
##### SUCCESS: /usr/lib/jvm/jdk-14.0.1/bin/java -jar /lab/itti/projects/checkers-competition/server/referee.jar on run_7_bansalr_vdhankar #####
INPUT for vdhankar:
GAME
BLACK
19.6906950473785
........
........
.....w..
..w.b...
.....b..
........
.W.....B
..w.....
##### Running: /usr/bin/time -o time_7_bansalr_vdhankar.txt -f "%U" python3 homework.py > stulog.txt 2>&1 on vdhankar #####
child exited with value 1
##### ERROR: /usr/bin/time -o time_7_bansalr_vdhankar.txt -f "%U" python3 homework.py > stulog.txt 2>&1 on vdhankar #####
##### Output of failed program (stdout + stderr): #####
Traceback (most recent call last):
  File "homework.py", line 546, in <module>
    print(end-start)
NameError: name 'end' is not defined
##### End of output of failed program #####
##### vdhankar plays [E h2 g3] in 0.42327618598938s #####
##### Running: /usr/lib/jvm/jdk-14.0.1/bin/java -jar /lab/itti/projects/checkers-competition/server/referee.jar on run_7_bansalr_vdhankar #####
Move is valid
Seen this position 3 times
*** Game ends in draw ***
##### SUCCESS: /usr/lib/jvm/jdk-14.0.1/bin/java -jar /lab/itti/projects/checkers-competition/server/referee.jar on run_7_bansalr_vdhankar #####
##### GAME ENDS IN A DRAW. Time left for bansalr: 159.51s, vdhankar: 19.2674188613892s
Server said: DRAW
##### GAME OVER: the game ends in a draw, bansalr wins by time remaining #####
########## ROUND 7 GAMESCORE AFTER GAME 1: bansalr=1 and vdhankar=0 ##########
#################### ROUND 7: bansalr (B) vs vdhankar (W): game 2 ####################
##### game start! #####
INPUT for bansalr:
GAME
BLACK
300
.b.b.b.b
b.b.b.b.
.b.b.b.b
........
........
w.w.w.w.
.w.w.w.w
w.w.w.w.
##### Running: /usr/bin/time -o time_7_bansalr_vdhankar.txt -f "%U" python3 homework.py > stulog.txt 2>&1 on bansalr #####
##### SUCCESS: /usr/bin/time -o time_7_bansalr_vdhankar.txt -f "%U" python3 homework.py > stulog.txt 2>&1 on bansalr #####
##### bansalr plays [E f6 g5] in 0.07s #####
##### Running: /usr/lib/jvm/jdk-14.0.1/bin/java -jar /lab/itti/projects/checkers-competition/server/referee.jar on run_7_bansalr_vdhankar #####
Move is valid
Couldn't read file 'current_ply.txt'
Couldn't read content from file 'current_ply.txt'
Couldn't read file 'lastmatchange_ply.txt'
Couldn't read content from file 'lastmatchange_ply.txt'
##### SUCCESS: /usr/lib/jvm/jdk-14.0.1/bin/java -jar /lab/itti/projects/checkers-competition/server/referee.jar on run_7_bansalr_vdhankar #####
INPUT for vdhankar:
GAME
WHITE
300
.b.b.b.b
b.b.b.b.
.b.b...b
......b.
........
w.w.w.w.
.w.w.w.w
w.w.w.w.
##### Running: /usr/bin/time -o time_7_bansalr_vdhankar.txt -f "%U" python3 homework.py > stulog.txt 2>&1 on vdhankar #####
child exited with value 1
##### ERROR: /usr/bin/time -o time_7_bansalr_vdhankar.txt -f "%U" python3 homework.py > stulog.txt 2>&1 on vdhankar #####
##### Output of failed program (stdout + stderr): #####
Traceback (most recent call last):
  File "homework.py", line 546, in <module>
    print(end-start)
NameError: name 'end' is not defined
##### End of output of failed program #####
##### vdhankar plays [E g3 h4] in 16.2564928531647s #####
##### Running: /usr/lib/jvm/jdk-14.0.1/bin/java -jar /lab/itti/projects/checkers-competition/server/referee.jar on run_7_bansalr_vdhankar #####
Move is valid
##### SUCCESS: /usr/lib/jvm/jdk-14.0.1/bin/java -jar /lab/itti/projects/checkers-competition/server/referee.jar on run_7_bansalr_vdhankar #####
INPUT for bansalr:
GAME
BLACK
299.93
.b.b.b.b
b.b.b.b.
.b.b...b
......b.
.......w
w.w.w...
.w.w.w.w
w.w.w.w.
##### Running: /usr/bin/time -o time_7_bansalr_vdhankar.txt -f "%U" python3 homework.py > stulog.txt 2>&1 on bansalr #####
##### SUCCESS: /usr/bin/time -o time_7_bansalr_vdhankar.txt -f "%U" python3 homework.py > stulog.txt 2>&1 on bansalr #####
##### bansalr plays [E b6 a5] in 0.07s #####
##### Running: /usr/lib/jvm/jdk-14.0.1/bin/java -jar /lab/itti/projects/checkers-competition/server/referee.jar on run_7_bansalr_vdhankar #####
Move is valid
##### SUCCESS: /usr/lib/jvm/jdk-14.0.1/bin/java -jar /lab/itti/projects/checkers-competition/server/referee.jar on run_7_bansalr_vdhankar #####
INPUT for vdhankar:
GAME
WHITE
283.743507146835
.b.b.b.b
b.b.b.b.
...b...b
b.....b.
.......w
w.w.w...
.w.w.w.w
w.w.w.w.
##### Running: /usr/bin/time -o time_7_bansalr_vdhankar.txt -f "%U" python3 homework.py > stulog.txt 2>&1 on vdhankar #####
child exited with value 1
##### ERROR: /usr/bin/time -o time_7_bansalr_vdhankar.txt -f "%U" python3 homework.py > stulog.txt 2>&1 on vdhankar #####
##### Output of failed program (stdout + stderr): #####
Traceback (most recent call last):
  File "homework.py", line 546, in <module>
    print(end-start)
NameError: name 'end' is not defined
##### End of output of failed program #####
##### vdhankar plays [J h4 f6] in 3.48416900634766s #####
##### Running: /usr/lib/jvm/jdk-14.0.1/bin/java -jar /lab/itti/projects/checkers-competition/server/referee.jar on run_7_bansalr_vdhankar #####
Move is valid
##### SUCCESS: /usr/lib/jvm/jdk-14.0.1/bin/java -jar /lab/itti/projects/checkers-competition/server/referee.jar on run_7_bansalr_vdhankar #####
INPUT for bansalr:
GAME
BLACK
299.86
.b.b.b.b
b.b.b.b.
...b.w.b
b.......
........
w.w.w...
.w.w.w.w
w.w.w.w.
##### Running: /usr/bin/time -o time_7_bansalr_vdhankar.txt -f "%U" python3 homework.py > stulog.txt 2>&1 on bansalr #####
##### SUCCESS: /usr/bin/time -o time_7_bansalr_vdhankar.txt -f "%U" python3 homework.py > stulog.txt 2>&1 on bansalr #####
##### bansalr plays [J e7 g5] in 0.07s #####
##### Running: /usr/lib/jvm/jdk-14.0.1/bin/java -jar /lab/itti/projects/checkers-competition/server/referee.jar on run_7_bansalr_vdhankar #####
Move is valid
##### SUCCESS: /usr/lib/jvm/jdk-14.0.1/bin/java -jar /lab/itti/projects/checkers-competition/server/referee.jar on run_7_bansalr_vdhankar #####
INPUT for vdhankar:
GAME
WHITE
280.259338140488
.b.b.b.b
b.b...b.
...b...b
b.....b.
........
w.w.w...
.w.w.w.w
w.w.w.w.
##### Running: /usr/bin/time -o time_7_bansalr_vdhankar.txt -f "%U" python3 homework.py > stulog.txt 2>&1 on vdhankar #####
child exited with value 1
##### ERROR: /usr/bin/time -o time_7_bansalr_vdhankar.txt -f "%U" python3 homework.py > stulog.txt 2>&1 on vdhankar #####
##### Output of failed program (stdout + stderr): #####
Traceback (most recent call last):
  File "homework.py", line 546, in <module>
    print(end-start)
NameError: name 'end' is not defined
##### End of output of failed program #####
##### vdhankar plays [E h2 g3] in 25.781182050705s #####
##### Running: /usr/lib/jvm/jdk-14.0.1/bin/java -jar /lab/itti/projects/checkers-competition/server/referee.jar on run_7_bansalr_vdhankar #####
Move is valid
##### SUCCESS: /usr/lib/jvm/jdk-14.0.1/bin/java -jar /lab/itti/projects/checkers-competition/server/referee.jar on run_7_bansalr_vdhankar #####
INPUT for bansalr:
GAME
BLACK
299.79
.b.b.b.b
b.b...b.
...b...b
b.....b.
........
w.w.w.w.
.w.w.w..
w.w.w.w.
##### Running: /usr/bin/time -o time_7_bansalr_vdhankar.txt -f "%U" python3 homework.py > stulog.txt 2>&1 on bansalr #####
##### SUCCESS: /usr/bin/time -o time_7_bansalr_vdhankar.txt -f "%U" python3 homework.py > stulog.txt 2>&1 on bansalr #####
##### bansalr plays [E d8 e7] in 3.66s #####
##### Running: /usr/lib/jvm/jdk-14.0.1/bin/java -jar /lab/itti/projects/checkers-competition/server/referee.jar on run_7_bansalr_vdhankar #####
Move is valid
##### SUCCESS: /usr/lib/jvm/jdk-14.0.1/bin/java -jar /lab/itti/projects/checkers-competition/server/referee.jar on run_7_bansalr_vdhankar #####
INPUT for vdhankar:
GAME
WHITE
254.478156089783
.b...b.b
b.b.b.b.
...b...b
b.....b.
........
w.w.w.w.
.w.w.w..
w.w.w.w.
##### Running: /usr/bin/time -o time_7_bansalr_vdhankar.txt -f "%U" python3 homework.py > stulog.txt 2>&1 on vdhankar #####
child exited with value 1
##### ERROR: /usr/bin/time -o time_7_bansalr_vdhankar.txt -f "%U" python3 homework.py > stulog.txt 2>&1 on vdhankar #####
##### Output of failed program (stdout + stderr): #####
Traceback (most recent call last):
  File "homework.py", line 546, in <module>
    print(end-start)
NameError: name 'end' is not defined
##### End of output of failed program #####
##### vdhankar plays [E g3 h4] in 13.4865870475769s #####
##### Running: /usr/lib/jvm/jdk-14.0.1/bin/java -jar /lab/itti/projects/checkers-competition/server/referee.jar on run_7_bansalr_vdhankar #####
Move is valid
##### SUCCESS: /usr/lib/jvm/jdk-14.0.1/bin/java -jar /lab/itti/projects/checkers-competition/server/referee.jar on run_7_bansalr_vdhankar #####
INPUT for bansalr:
GAME
BLACK
296.13
.b...b.b
b.b.b.b.
...b...b
b.....b.
.......w
w.w.w...
.w.w.w..
w.w.w.w.
##### Running: /usr/bin/time -o time_7_bansalr_vdhankar.txt -f "%U" python3 homework.py > stulog.txt 2>&1 on bansalr #####
##### SUCCESS: /usr/bin/time -o time_7_bansalr_vdhankar.txt -f "%U" python3 homework.py > stulog.txt 2>&1 on bansalr #####
##### bansalr plays [E e7 f6] in 3.75s #####
##### Running: /usr/lib/jvm/jdk-14.0.1/bin/java -jar /lab/itti/projects/checkers-competition/server/referee.jar on run_7_bansalr_vdhankar #####
Move is valid
##### SUCCESS: /usr/lib/jvm/jdk-14.0.1/bin/java -jar /lab/itti/projects/checkers-competition/server/referee.jar on run_7_bansalr_vdhankar #####
INPUT for vdhankar:
GAME
WHITE
240.991569042206
.b...b.b
b.b...b.
...b.b.b
b.....b.
.......w
w.w.w...
.w.w.w..
w.w.w.w.
##### Running: /usr/bin/time -o time_7_bansalr_vdhankar.txt -f "%U" python3 homework.py > stulog.txt 2>&1 on vdhankar #####
child exited with value 1
##### ERROR: /usr/bin/time -o time_7_bansalr_vdhankar.txt -f "%U" python3 homework.py > stulog.txt 2>&1 on vdhankar #####
##### Output of failed program (stdout + stderr): #####
Traceback (most recent call last):
  File "homework.py", line 546, in <module>
    print(end-start)
NameError: name 'end' is not defined
##### End of output of failed program #####
##### vdhankar plays [E c3 d4] in 10.5155069828033s #####
##### Running: /usr/lib/jvm/jdk-14.0.1/bin/java -jar /lab/itti/projects/checkers-competition/server/referee.jar on run_7_bansalr_vdhankar #####
Move is valid
##### SUCCESS: /usr/lib/jvm/jdk-14.0.1/bin/java -jar /lab/itti/projects/checkers-competition/server/referee.jar on run_7_bansalr_vdhankar #####
INPUT for bansalr:
GAME
BLACK
292.38
.b...b.b
b.b...b.
...b.b.b
b.....b.
...w...w
w...w...
.w.w.w..
w.w.w.w.
##### Running: /usr/bin/time -o time_7_bansalr_vdhankar.txt -f "%U" python3 homework.py > stulog.txt 2>&1 on bansalr #####
##### SUCCESS: /usr/bin/time -o time_7_bansalr_vdhankar.txt -f "%U" python3 homework.py > stulog.txt 2>&1 on bansalr #####
##### bansalr plays [E f8 e7] in 3.69s #####
##### Running: /usr/lib/jvm/jdk-14.0.1/bin/java -jar /lab/itti/projects/checkers-competition/server/referee.jar on run_7_bansalr_vdhankar #####
Move is valid
##### SUCCESS: /usr/lib/jvm/jdk-14.0.1/bin/java -jar /lab/itti/projects/checkers-competition/server/referee.jar on run_7_bansalr_vdhankar #####
INPUT for vdhankar:
GAME
WHITE
230.476062059402
.b.....b
b.b.b.b.
...b.b.b
b.....b.
...w...w
w...w...
.w.w.w..
w.w.w.w.
##### Running: /usr/bin/time -o time_7_bansalr_vdhankar.txt -f "%U" python3 homework.py > stulog.txt 2>&1 on vdhankar #####
child exited with value 1
##### ERROR: /usr/bin/time -o time_7_bansalr_vdhankar.txt -f "%U" python3 homework.py > stulog.txt 2>&1 on vdhankar #####
##### Output of failed program (stdout + stderr): #####
Traceback (most recent call last):
  File "homework.py", line 546, in <module>
    print(end-start)
NameError: name 'end' is not defined
##### End of output of failed program #####
##### vdhankar plays [E f2 g3] in 6.23205494880676s #####
##### Running: /usr/lib/jvm/jdk-14.0.1/bin/java -jar /lab/itti/projects/checkers-competition/server/referee.jar on run_7_bansalr_vdhankar #####
Move is valid
##### SUCCESS: /usr/lib/jvm/jdk-14.0.1/bin/java -jar /lab/itti/projects/checkers-competition/server/referee.jar on run_7_bansalr_vdhankar #####
INPUT for bansalr:
GAME
BLACK
288.69
.b.....b
b.b.b.b.
...b.b.b
b.....b.
...w...w
w...w.w.
.w.w....
w.w.w.w.
##### Running: /usr/bin/time -o time_7_bansalr_vdhankar.txt -f "%U" python3 homework.py > stulog.txt 2>&1 on bansalr #####
##### SUCCESS: /usr/bin/time -o time_7_bansalr_vdhankar.txt -f "%U" python3 homework.py > stulog.txt 2>&1 on bansalr #####
##### bansalr plays [E a7 b6] in 3.68s #####
##### Running: /usr/lib/jvm/jdk-14.0.1/bin/java -jar /lab/itti/projects/checkers-competition/server/referee.jar on run_7_bansalr_vdhankar #####
Move is valid
##### SUCCESS: /usr/lib/jvm/jdk-14.0.1/bin/java -jar /lab/itti/projects/checkers-competition/server/referee.jar on run_7_bansalr_vdhankar #####
INPUT for vdhankar:
GAME
WHITE
224.244007110596
.b.....b
..b.b.b.
.b.b.b.b
b.....b.
...w...w
w...w.w.
.w.w....
w.w.w.w.
##### Running: /usr/bin/time -o time_7_bansalr_vdhankar.txt -f "%U" python3 homework.py > stulog.txt 2>&1 on vdhankar #####
child exited with value 1
##### ERROR: /usr/bin/time -o time_7_bansalr_vdhankar.txt -f "%U" python3 homework.py > stulog.txt 2>&1 on vdhankar #####
##### Output of failed program (stdout + stderr): #####
Traceback (most recent call last):
  File "homework.py", line 546, in <module>
    print(end-start)
NameError: name 'end' is not defined
##### End of output of failed program #####
##### vdhankar plays [E g3 f4] in 5.45604205131531s #####
##### Running: /usr/lib/jvm/jdk-14.0.1/bin/java -jar /lab/itti/projects/checkers-competition/server/referee.jar on run_7_bansalr_vdhankar #####
Move is valid
##### SUCCESS: /usr/lib/jvm/jdk-14.0.1/bin/java -jar /lab/itti/projects/checkers-competition/server/referee.jar on run_7_bansalr_vdhankar #####
INPUT for bansalr:
GAME
BLACK
285.01
.b.....b
..b.b.b.
.b.b.b.b
b.....b.
...w.w.w
w...w...
.w.w....
w.w.w.w.
##### Running: /usr/bin/time -o time_7_bansalr_vdhankar.txt -f "%U" python3 homework.py > stulog.txt 2>&1 on bansalr #####
##### SUCCESS: /usr/bin/time -o time_7_bansalr_vdhankar.txt -f "%U" python3 homework.py > stulog.txt 2>&1 on bansalr #####
##### bansalr plays [E b8 a7] in 3.57s #####
##### Running: /usr/lib/jvm/jdk-14.0.1/bin/java -jar /lab/itti/projects/checkers-competition/server/referee.jar on run_7_bansalr_vdhankar #####
Move is valid
##### SUCCESS: /usr/lib/jvm/jdk-14.0.1/bin/java -jar /lab/itti/projects/checkers-competition/server/referee.jar on run_7_bansalr_vdhankar #####
INPUT for vdhankar:
GAME
WHITE
218.78796505928
.......b
b.b.b.b.
.b.b.b.b
b.....b.
...w.w.w
w...w...
.w.w....
w.w.w.w.
##### Running: /usr/bin/time -o time_7_bansalr_vdhankar.txt -f "%U" python3 homework.py > stulog.txt 2>&1 on vdhankar #####
child exited with value 1
##### ERROR: /usr/bin/time -o time_7_bansalr_vdhankar.txt -f "%U" python3 homework.py > stulog.txt 2>&1 on vdhankar #####
##### Output of failed program (stdout + stderr): #####
Traceback (most recent call last):
  File "homework.py", line 546, in <module>
    print(end-start)
NameError: name 'end' is not defined
##### End of output of failed program #####
##### vdhankar plays [E g1 h2] in 2.1960768699646s #####
##### Running: /usr/lib/jvm/jdk-14.0.1/bin/java -jar /lab/itti/projects/checkers-competition/server/referee.jar on run_7_bansalr_vdhankar #####
Move is valid
##### SUCCESS: /usr/lib/jvm/jdk-14.0.1/bin/java -jar /lab/itti/projects/checkers-competition/server/referee.jar on run_7_bansalr_vdhankar #####
INPUT for bansalr:
GAME
BLACK
281.44
.......b
b.b.b.b.
.b.b.b.b
b.....b.
...w.w.w
w...w...
.w.w...w
w.w.w...
##### Running: /usr/bin/time -o time_7_bansalr_vdhankar.txt -f "%U" python3 homework.py > stulog.txt 2>&1 on bansalr #####
##### SUCCESS: /usr/bin/time -o time_7_bansalr_vdhankar.txt -f "%U" python3 homework.py > stulog.txt 2>&1 on bansalr #####
##### bansalr plays [E d6 c5] in 3.43s #####
##### Running: /usr/lib/jvm/jdk-14.0.1/bin/java -jar /lab/itti/projects/checkers-competition/server/referee.jar on run_7_bansalr_vdhankar #####
Move is valid
##### SUCCESS: /usr/lib/jvm/jdk-14.0.1/bin/java -jar /lab/itti/projects/checkers-competition/server/referee.jar on run_7_bansalr_vdhankar #####
INPUT for vdhankar:
GAME
WHITE
216.591888189316
.......b
b.b.b.b.
.b...b.b
b.b...b.
...w.w.w
w...w...
.w.w...w
w.w.w...
##### Running: /usr/bin/time -o time_7_bansalr_vdhankar.txt -f "%U" python3 homework.py > stulog.txt 2>&1 on vdhankar #####
child exited with value 1
##### ERROR: /usr/bin/time -o time_7_bansalr_vdhankar.txt -f "%U" python3 homework.py > stulog.txt 2>&1 on vdhankar #####
##### Output of failed program (stdout + stderr): #####
Traceback (most recent call last):
  File "homework.py", line 546, in <module>
    print(end-start)
NameError: name 'end' is not defined
##### End of output of failed program #####
##### vdhankar plays [E b2 c3] in 2.2806088924408s #####
##### Running: /usr/lib/jvm/jdk-14.0.1/bin/java -jar /lab/itti/projects/checkers-competition/server/referee.jar on run_7_bansalr_vdhankar #####
Move is valid
##### SUCCESS: /usr/lib/jvm/jdk-14.0.1/bin/java -jar /lab/itti/projects/checkers-competition/server/referee.jar on run_7_bansalr_vdhankar #####
INPUT for bansalr:
GAME
BLACK
278.01
.......b
b.b.b.b.
.b...b.b
b.b...b.
...w.w.w
w.w.w...
...w...w
w.w.w...
##### Running: /usr/bin/time -o time_7_bansalr_vdhankar.txt -f "%U" python3 homework.py > stulog.txt 2>&1 on bansalr #####
##### SUCCESS: /usr/bin/time -o time_7_bansalr_vdhankar.txt -f "%U" python3 homework.py > stulog.txt 2>&1 on bansalr #####
##### bansalr plays [E c7 d6] in 3.52s #####
##### Running: /usr/lib/jvm/jdk-14.0.1/bin/java -jar /lab/itti/projects/checkers-competition/server/referee.jar on run_7_bansalr_vdhankar #####
Move is valid
##### SUCCESS: /usr/lib/jvm/jdk-14.0.1/bin/java -jar /lab/itti/projects/checkers-competition/server/referee.jar on run_7_bansalr_vdhankar #####
INPUT for vdhankar:
GAME
WHITE
214.311279296875
.......b
b...b.b.
.b.b.b.b
b.b...b.
...w.w.w
w.w.w...
...w...w
w.w.w...
##### Running: /usr/bin/time -o time_7_bansalr_vdhankar.txt -f "%U" python3 homework.py > stulog.txt 2>&1 on vdhankar #####
child exited with value 1
##### ERROR: /usr/bin/time -o time_7_bansalr_vdhankar.txt -f "%U" python3 homework.py > stulog.txt 2>&1 on vdhankar #####
##### Output of failed program (stdout + stderr): #####
Traceback (most recent call last):
  File "homework.py", line 546, in <module>
    print(end-start)
NameError: name 'end' is not defined
##### End of output of failed program #####
##### vdhankar plays [E f4 e5] in 1.29552698135376s #####
##### Running: /usr/lib/jvm/jdk-14.0.1/bin/java -jar /lab/itti/projects/checkers-competition/server/referee.jar on run_7_bansalr_vdhankar #####
Move is valid
##### SUCCESS: /usr/lib/jvm/jdk-14.0.1/bin/java -jar /lab/itti/projects/checkers-competition/server/referee.jar on run_7_bansalr_vdhankar #####
INPUT for bansalr:
GAME
BLACK
274.49
.......b
b...b.b.
.b.b.b.b
b.b.w.b.
...w...w
w.w.w...
...w...w
w.w.w...
##### Running: /usr/bin/time -o time_7_bansalr_vdhankar.txt -f "%U" python3 homework.py > stulog.txt 2>&1 on bansalr #####
##### SUCCESS: /usr/bin/time -o time_7_bansalr_vdhankar.txt -f "%U" python3 homework.py > stulog.txt 2>&1 on bansalr #####
##### bansalr plays [J d6 f4] in 3.62s #####
##### Running: /usr/lib/jvm/jdk-14.0.1/bin/java -jar /lab/itti/projects/checkers-competition/server/referee.jar on run_7_bansalr_vdhankar #####
Move is valid
##### SUCCESS: /usr/lib/jvm/jdk-14.0.1/bin/java -jar /lab/itti/projects/checkers-competition/server/referee.jar on run_7_bansalr_vdhankar #####
INPUT for vdhankar:
GAME
WHITE
213.015752315521
.......b
b...b.b.
.b...b.b
b.b...b.
...w.b.w
w.w.w...
...w...w
w.w.w...
##### Running: /usr/bin/time -o time_7_bansalr_vdhankar.txt -f "%U" python3 homework.py > stulog.txt 2>&1 on vdhankar #####
child exited with value 1
##### ERROR: /usr/bin/time -o time_7_bansalr_vdhankar.txt -f "%U" python3 homework.py > stulog.txt 2>&1 on vdhankar #####
##### Output of failed program (stdout + stderr): #####
Traceback (most recent call last):
  File "homework.py", line 546, in <module>
    print(end-start)
NameError: name 'end' is not defined
##### End of output of failed program #####
##### vdhankar plays [E c3 b4] in 1.13417983055115s #####
##### Running: /usr/lib/jvm/jdk-14.0.1/bin/java -jar /lab/itti/projects/checkers-competition/server/referee.jar on run_7_bansalr_vdhankar #####
Move is valid
##### SUCCESS: /usr/lib/jvm/jdk-14.0.1/bin/java -jar /lab/itti/projects/checkers-competition/server/referee.jar on run_7_bansalr_vdhankar #####
INPUT for bansalr:
GAME
BLACK
270.87
.......b
b...b.b.
.b...b.b
b.b...b.
.w.w.b.w
w...w...
...w...w
w.w.w...
##### Running: /usr/bin/time -o time_7_bansalr_vdhankar.txt -f "%U" python3 homework.py > stulog.txt 2>&1 on bansalr #####
##### SUCCESS: /usr/bin/time -o time_7_bansalr_vdhankar.txt -f "%U" python3 homework.py > stulog.txt 2>&1 on bansalr #####
##### bansalr plays [J a5 c3] in 0.62s #####
##### Running: /usr/lib/jvm/jdk-14.0.1/bin/java -jar /lab/itti/projects/checkers-competition/server/referee.jar on run_7_bansalr_vdhankar #####
Move is valid
##### SUCCESS: /usr/lib/jvm/jdk-14.0.1/bin/java -jar /lab/itti/projects/checkers-competition/server/referee.jar on run_7_bansalr_vdhankar #####
INPUT for vdhankar:
GAME
WHITE
211.88157248497
.......b
b...b.b.
.b...b.b
..b...b.
...w.b.w
w.b.w...
...w...w
w.w.w...
##### Running: /usr/bin/time -o time_7_bansalr_vdhankar.txt -f "%U" python3 homework.py > stulog.txt 2>&1 on vdhankar #####
child exited with value 1
##### ERROR: /usr/bin/time -o time_7_bansalr_vdhankar.txt -f "%U" python3 homework.py > stulog.txt 2>&1 on vdhankar #####
##### Output of failed program (stdout + stderr): #####
Traceback (most recent call last):
  File "homework.py", line 546, in <module>
    print(end-start)
NameError: name 'end' is not defined
##### End of output of failed program #####
##### vdhankar plays [J d2 b4 ; J b4 d6 ; J d6 f8] in 0.509930849075317s #####
##### Running: /usr/lib/jvm/jdk-14.0.1/bin/java -jar /lab/itti/projects/checkers-competition/server/referee.jar on run_7_bansalr_vdhankar #####
Move is valid
##### SUCCESS: /usr/lib/jvm/jdk-14.0.1/bin/java -jar /lab/itti/projects/checkers-competition/server/referee.jar on run_7_bansalr_vdhankar #####
INPUT for bansalr:
GAME
BLACK
270.25
.....W.b
b.....b.
.b...b.b
......b.
...w.b.w
w...w...
.......w
w.w.w...
##### Running: /usr/bin/time -o time_7_bansalr_vdhankar.txt -f "%U" python3 homework.py > stulog.txt 2>&1 on bansalr #####
##### SUCCESS: /usr/bin/time -o time_7_bansalr_vdhankar.txt -f "%U" python3 homework.py > stulog.txt 2>&1 on bansalr #####
##### bansalr plays [J f4 d2] in 2.81s #####
##### Running: /usr/lib/jvm/jdk-14.0.1/bin/java -jar /lab/itti/projects/checkers-competition/server/referee.jar on run_7_bansalr_vdhankar #####
Move is valid
##### SUCCESS: /usr/lib/jvm/jdk-14.0.1/bin/java -jar /lab/itti/projects/checkers-competition/server/referee.jar on run_7_bansalr_vdhankar #####
INPUT for vdhankar:
GAME
WHITE
211.371641635895
.....W.b
b.....b.
.b...b.b
......b.
...w...w
w.......
...b...w
w.w.w...
##### Running: /usr/bin/time -o time_7_bansalr_vdhankar.txt -f "%U" python3 homework.py > stulog.txt 2>&1 on vdhankar #####
child exited with value 1
##### ERROR: /usr/bin/time -o time_7_bansalr_vdhankar.txt -f "%U" python3 homework.py > stulog.txt 2>&1 on vdhankar #####
##### Output of failed program (stdout + stderr): #####
Traceback (most recent call last):
  File "homework.py", line 546, in <module>
    print(end-start)
NameError: name 'end' is not defined
##### End of output of failed program #####
##### vdhankar plays [J c1 e3] in 0.899940967559814s #####
##### Running: /usr/lib/jvm/jdk-14.0.1/bin/java -jar /lab/itti/projects/checkers-competition/server/referee.jar on run_7_bansalr_vdhankar #####
Move is valid
##### SUCCESS: /usr/lib/jvm/jdk-14.0.1/bin/java -jar /lab/itti/projects/checkers-competition/server/referee.jar on run_7_bansalr_vdhankar #####
INPUT for bansalr:
GAME
BLACK
267.44
.....W.b
b.....b.
.b...b.b
......b.
...w...w
w...w...
.......w
w...w...
##### Running: /usr/bin/time -o time_7_bansalr_vdhankar.txt -f "%U" python3 homework.py > stulog.txt 2>&1 on bansalr #####
##### SUCCESS: /usr/bin/time -o time_7_bansalr_vdhankar.txt -f "%U" python3 homework.py > stulog.txt 2>&1 on bansalr #####
##### bansalr plays [E b6 a5] in 3.7s #####
##### Running: /usr/lib/jvm/jdk-14.0.1/bin/java -jar /lab/itti/projects/checkers-competition/server/referee.jar on run_7_bansalr_vdhankar #####
Move is valid
##### SUCCESS: /usr/lib/jvm/jdk-14.0.1/bin/java -jar /lab/itti/projects/checkers-competition/server/referee.jar on run_7_bansalr_vdhankar #####
INPUT for vdhankar:
GAME
WHITE
210.471700668335
.....W.b
b.....b.
.....b.b
b.....b.
...w...w
w...w...
.......w
w...w...
##### Running: /usr/bin/time -o time_7_bansalr_vdhankar.txt -f "%U" python3 homework.py > stulog.txt 2>&1 on vdhankar #####
child exited with value 1
##### ERROR: /usr/bin/time -o time_7_bansalr_vdhankar.txt -f "%U" python3 homework.py > stulog.txt 2>&1 on vdhankar #####
##### Output of failed program (stdout + stderr): #####
Traceback (most recent call last):
  File "homework.py", line 546, in <module>
    print(end-start)
NameError: name 'end' is not defined
##### End of output of failed program #####
##### vdhankar plays [E f8 e7] in 2.01443791389465s #####
##### Running: /usr/lib/jvm/jdk-14.0.1/bin/java -jar /lab/itti/projects/checkers-competition/server/referee.jar on run_7_bansalr_vdhankar #####
Move is valid
##### SUCCESS: /usr/lib/jvm/jdk-14.0.1/bin/java -jar /lab/itti/projects/checkers-competition/server/referee.jar on run_7_bansalr_vdhankar #####
INPUT for bansalr:
GAME
BLACK
263.74
.......b
b...W.b.
.....b.b
b.....b.
...w...w
w...w...
.......w
w...w...
##### Running: /usr/bin/time -o time_7_bansalr_vdhankar.txt -f "%U" python3 homework.py > stulog.txt 2>&1 on bansalr #####
##### SUCCESS: /usr/bin/time -o time_7_bansalr_vdhankar.txt -f "%U" python3 homework.py > stulog.txt 2>&1 on bansalr #####
##### bansalr plays [E a7 b6] in 3.53s #####
##### Running: /usr/lib/jvm/jdk-14.0.1/bin/java -jar /lab/itti/projects/checkers-competition/server/referee.jar on run_7_bansalr_vdhankar #####
Move is valid
##### SUCCESS: /usr/lib/jvm/jdk-14.0.1/bin/java -jar /lab/itti/projects/checkers-competition/server/referee.jar on run_7_bansalr_vdhankar #####
INPUT for vdhankar:
GAME
WHITE
208.45726275444
.......b
....W.b.
.b...b.b
b.....b.
...w...w
w...w...
.......w
w...w...
##### Running: /usr/bin/time -o time_7_bansalr_vdhankar.txt -f "%U" python3 homework.py > stulog.txt 2>&1 on vdhankar #####
child exited with value 1
##### ERROR: /usr/bin/time -o time_7_bansalr_vdhankar.txt -f "%U" python3 homework.py > stulog.txt 2>&1 on vdhankar #####
##### Output of failed program (stdout + stderr): #####
Traceback (most recent call last):
  File "homework.py", line 546, in <module>
    print(end-start)
NameError: name 'end' is not defined
##### End of output of failed program #####
##### vdhankar plays [E e7 d6] in 0.918308019638062s #####
##### Running: /usr/lib/jvm/jdk-14.0.1/bin/java -jar /lab/itti/projects/checkers-competition/server/referee.jar on run_7_bansalr_vdhankar #####
Move is valid
##### SUCCESS: /usr/lib/jvm/jdk-14.0.1/bin/java -jar /lab/itti/projects/checkers-competition/server/referee.jar on run_7_bansalr_vdhankar #####
INPUT for bansalr:
GAME
BLACK
260.21
.......b
......b.
.b.W.b.b
b.....b.
...w...w
w...w...
.......w
w...w...
##### Running: /usr/bin/time -o time_7_bansalr_vdhankar.txt -f "%U" python3 homework.py > stulog.txt 2>&1 on bansalr #####
##### SUCCESS: /usr/bin/time -o time_7_bansalr_vdhankar.txt -f "%U" python3 homework.py > stulog.txt 2>&1 on bansalr #####
##### bansalr plays [E f6 e5] in 3.95s #####
##### Running: /usr/lib/jvm/jdk-14.0.1/bin/java -jar /lab/itti/projects/checkers-competition/server/referee.jar on run_7_bansalr_vdhankar #####
Move is valid
##### SUCCESS: /usr/lib/jvm/jdk-14.0.1/bin/java -jar /lab/itti/projects/checkers-competition/server/referee.jar on run_7_bansalr_vdhankar #####
INPUT for vdhankar:
GAME
WHITE
207.538954734802
.......b
......b.
.b.W...b
b...b.b.
...w...w
w...w...
.......w
w...w...
##### Running: /usr/bin/time -o time_7_bansalr_vdhankar.txt -f "%U" python3 homework.py > stulog.txt 2>&1 on vdhankar #####
child exited with value 1
##### ERROR: /usr/bin/time -o time_7_bansalr_vdhankar.txt -f "%U" python3 homework.py > stulog.txt 2>&1 on vdhankar #####
##### Output of failed program (stdout + stderr): #####
Traceback (most recent call last):
  File "homework.py", line 546, in <module>
    print(end-start)
NameError: name 'end' is not defined
##### End of output of failed program #####
##### vdhankar plays [J d6 f4] in 1.01483702659607s #####
##### Running: /usr/lib/jvm/jdk-14.0.1/bin/java -jar /lab/itti/projects/checkers-competition/server/referee.jar on run_7_bansalr_vdhankar #####
Move is valid
##### SUCCESS: /usr/lib/jvm/jdk-14.0.1/bin/java -jar /lab/itti/projects/checkers-competition/server/referee.jar on run_7_bansalr_vdhankar #####
INPUT for bansalr:
GAME
BLACK
256.26
.......b
......b.
.b.....b
b.....b.
...w.W.w
w...w...
.......w
w...w...
##### Running: /usr/bin/time -o time_7_bansalr_vdhankar.txt -f "%U" python3 homework.py > stulog.txt 2>&1 on bansalr #####
##### SUCCESS: /usr/bin/time -o time_7_bansalr_vdhankar.txt -f "%U" python3 homework.py > stulog.txt 2>&1 on bansalr #####
##### bansalr plays [E g7 f6] in 3.64s #####
##### Running: /usr/lib/jvm/jdk-14.0.1/bin/java -jar /lab/itti/projects/checkers-competition/server/referee.jar on run_7_bansalr_vdhankar #####
Move is valid
##### SUCCESS: /usr/lib/jvm/jdk-14.0.1/bin/java -jar /lab/itti/projects/checkers-competition/server/referee.jar on run_7_bansalr_vdhankar #####
INPUT for vdhankar:
GAME
WHITE
206.524117708206
.......b
........
.b...b.b
b.....b.
...w.W.w
w...w...
.......w
w...w...
##### Running: /usr/bin/time -o time_7_bansalr_vdhankar.txt -f "%U" python3 homework.py > stulog.txt 2>&1 on vdhankar #####
child exited with value 1
##### ERROR: /usr/bin/time -o time_7_bansalr_vdhankar.txt -f "%U" python3 homework.py > stulog.txt 2>&1 on vdhankar #####
##### Output of failed program (stdout + stderr): #####
Traceback (most recent call last):
  File "homework.py", line 546, in <module>
    print(end-start)
NameError: name 'end' is not defined
##### End of output of failed program #####
##### vdhankar plays [E e1 f2] in 1.43903183937073s #####
##### Running: /usr/lib/jvm/jdk-14.0.1/bin/java -jar /lab/itti/projects/checkers-competition/server/referee.jar on run_7_bansalr_vdhankar #####
Move is valid
##### SUCCESS: /usr/lib/jvm/jdk-14.0.1/bin/java -jar /lab/itti/projects/checkers-competition/server/referee.jar on run_7_bansalr_vdhankar #####
INPUT for bansalr:
GAME
BLACK
252.62
.......b
........
.b...b.b
b.....b.
...w.W.w
w...w...
.....w.w
w.......
##### Running: /usr/bin/time -o time_7_bansalr_vdhankar.txt -f "%U" python3 homework.py > stulog.txt 2>&1 on bansalr #####
##### SUCCESS: /usr/bin/time -o time_7_bansalr_vdhankar.txt -f "%U" python3 homework.py > stulog.txt 2>&1 on bansalr #####
##### bansalr plays [E b6 c5] in 3.23s #####
##### Running: /usr/lib/jvm/jdk-14.0.1/bin/java -jar /lab/itti/projects/checkers-competition/server/referee.jar on run_7_bansalr_vdhankar #####
Move is valid
##### SUCCESS: /usr/lib/jvm/jdk-14.0.1/bin/java -jar /lab/itti/projects/checkers-competition/server/referee.jar on run_7_bansalr_vdhankar #####
INPUT for vdhankar:
GAME
WHITE
205.085085868835
.......b
........
.....b.b
b.b...b.
...w.W.w
w...w...
.....w.w
w.......
##### Running: /usr/bin/time -o time_7_bansalr_vdhankar.txt -f "%U" python3 homework.py > stulog.txt 2>&1 on vdhankar #####
child exited with value 1
##### ERROR: /usr/bin/time -o time_7_bansalr_vdhankar.txt -f "%U" python3 homework.py > stulog.txt 2>&1 on vdhankar #####
##### Output of failed program (stdout + stderr): #####
Traceback (most recent call last):
  File "homework.py", line 546, in <module>
    print(end-start)
NameError: name 'end' is not defined
##### End of output of failed program #####
##### vdhankar plays [J d4 b6] in 0.703738927841187s #####
##### Running: /usr/lib/jvm/jdk-14.0.1/bin/java -jar /lab/itti/projects/checkers-competition/server/referee.jar on run_7_bansalr_vdhankar #####
Move is valid
##### SUCCESS: /usr/lib/jvm/jdk-14.0.1/bin/java -jar /lab/itti/projects/checkers-competition/server/referee.jar on run_7_bansalr_vdhankar #####
INPUT for bansalr:
GAME
BLACK
249.39
.......b
........
.w...b.b
b.....b.
.....W.w
w...w...
.....w.w
w.......
##### Running: /usr/bin/time -o time_7_bansalr_vdhankar.txt -f "%U" python3 homework.py > stulog.txt 2>&1 on bansalr #####
##### SUCCESS: /usr/bin/time -o time_7_bansalr_vdhankar.txt -f "%U" python3 homework.py > stulog.txt 2>&1 on bansalr #####
##### bansalr plays [E f6 e5] in 3.87s #####
##### Running: /usr/lib/jvm/jdk-14.0.1/bin/java -jar /lab/itti/projects/checkers-competition/server/referee.jar on run_7_bansalr_vdhankar #####
Move is valid
##### SUCCESS: /usr/lib/jvm/jdk-14.0.1/bin/java -jar /lab/itti/projects/checkers-competition/server/referee.jar on run_7_bansalr_vdhankar #####
INPUT for vdhankar:
GAME
WHITE
204.381346940994
.......b
........
.w.....b
b...b.b.
.....W.w
w...w...
.....w.w
w.......
##### Running: /usr/bin/time -o time_7_bansalr_vdhankar.txt -f "%U" python3 homework.py > stulog.txt 2>&1 on vdhankar #####
child exited with value 1
##### ERROR: /usr/bin/time -o time_7_bansalr_vdhankar.txt -f "%U" python3 homework.py > stulog.txt 2>&1 on vdhankar #####
##### Output of failed program (stdout + stderr): #####
Traceback (most recent call last):
  File "homework.py", line 546, in <module>
    print(end-start)
NameError: name 'end' is not defined
##### End of output of failed program #####
##### vdhankar plays [J f4 d6] in 0.851907014846802s #####
##### Running: /usr/lib/jvm/jdk-14.0.1/bin/java -jar /lab/itti/projects/checkers-competition/server/referee.jar on run_7_bansalr_vdhankar #####
Move is valid
##### SUCCESS: /usr/lib/jvm/jdk-14.0.1/bin/java -jar /lab/itti/projects/checkers-competition/server/referee.jar on run_7_bansalr_vdhankar #####
INPUT for bansalr:
GAME
BLACK
245.52
.......b
........
.w.W...b
b.....b.
.......w
w...w...
.....w.w
w.......
##### Running: /usr/bin/time -o time_7_bansalr_vdhankar.txt -f "%U" python3 homework.py > stulog.txt 2>&1 on bansalr #####
##### SUCCESS: /usr/bin/time -o time_7_bansalr_vdhankar.txt -f "%U" python3 homework.py > stulog.txt 2>&1 on bansalr #####
##### bansalr plays [E a5 b4] in 4.07s #####
##### Running: /usr/lib/jvm/jdk-14.0.1/bin/java -jar /lab/itti/projects/checkers-competition/server/referee.jar on run_7_bansalr_vdhankar #####
Move is valid
##### SUCCESS: /usr/lib/jvm/jdk-14.0.1/bin/java -jar /lab/itti/projects/checkers-competition/server/referee.jar on run_7_bansalr_vdhankar #####
INPUT for vdhankar:
GAME
WHITE
203.529439926147
.......b
........
.w.W...b
......b.
.b.....w
w...w...
.....w.w
w.......
##### Running: /usr/bin/time -o time_7_bansalr_vdhankar.txt -f "%U" python3 homework.py > stulog.txt 2>&1 on vdhankar #####
child exited with value 1
##### ERROR: /usr/bin/time -o time_7_bansalr_vdhankar.txt -f "%U" python3 homework.py > stulog.txt 2>&1 on vdhankar #####
##### Output of failed program (stdout + stderr): #####
Traceback (most recent call last):
  File "homework.py", line 546, in <module>
    print(end-start)
NameError: name 'end' is not defined
##### End of output of failed program #####
##### vdhankar plays [J a3 c5] in 6.00066113471985s #####
##### Running: /usr/lib/jvm/jdk-14.0.1/bin/java -jar /lab/itti/projects/checkers-competition/server/referee.jar on run_7_bansalr_vdhankar #####
Move is valid
##### SUCCESS: /usr/lib/jvm/jdk-14.0.1/bin/java -jar /lab/itti/projects/checkers-competition/server/referee.jar on run_7_bansalr_vdhankar #####
INPUT for bansalr:
GAME
BLACK
241.45
.......b
........
.w.W...b
..w...b.
.......w
....w...
.....w.w
w.......
##### Running: /usr/bin/time -o time_7_bansalr_vdhankar.txt -f "%U" python3 homework.py > stulog.txt 2>&1 on bansalr #####
##### SUCCESS: /usr/bin/time -o time_7_bansalr_vdhankar.txt -f "%U" python3 homework.py > stulog.txt 2>&1 on bansalr #####
##### bansalr plays [E g5 f4] in 1.46s #####
##### Running: /usr/lib/jvm/jdk-14.0.1/bin/java -jar /lab/itti/projects/checkers-competition/server/referee.jar on run_7_bansalr_vdhankar #####
Move is valid
##### SUCCESS: /usr/lib/jvm/jdk-14.0.1/bin/java -jar /lab/itti/projects/checkers-competition/server/referee.jar on run_7_bansalr_vdhankar #####
INPUT for vdhankar:
GAME
WHITE
197.528778791428
.......b
........
.w.W...b
..w.....
.....b.w
....w...
.....w.w
w.......
##### Running: /usr/bin/time -o time_7_bansalr_vdhankar.txt -f "%U" python3 homework.py > stulog.txt 2>&1 on vdhankar #####
child exited with value 1
##### ERROR: /usr/bin/time -o time_7_bansalr_vdhankar.txt -f "%U" python3 homework.py > stulog.txt 2>&1 on vdhankar #####
##### Output of failed program (stdout + stderr): #####
Traceback (most recent call last):
  File "homework.py", line 546, in <module>
    print(end-start)
NameError: name 'end' is not defined
##### End of output of failed program #####
##### vdhankar plays [J e3 g5] in 0.782608032226562s #####
##### Running: /usr/lib/jvm/jdk-14.0.1/bin/java -jar /lab/itti/projects/checkers-competition/server/referee.jar on run_7_bansalr_vdhankar #####
Move is valid
##### SUCCESS: /usr/lib/jvm/jdk-14.0.1/bin/java -jar /lab/itti/projects/checkers-competition/server/referee.jar on run_7_bansalr_vdhankar #####
INPUT for bansalr:
GAME
BLACK
239.99
.......b
........
.w.W...b
..w...w.
.......w
........
.....w.w
w.......
##### Running: /usr/bin/time -o time_7_bansalr_vdhankar.txt -f "%U" python3 homework.py > stulog.txt 2>&1 on bansalr #####
##### SUCCESS: /usr/bin/time -o time_7_bansalr_vdhankar.txt -f "%U" python3 homework.py > stulog.txt 2>&1 on bansalr #####
##### bansalr plays [J h6 f4] in 4.12s #####
##### Running: /usr/lib/jvm/jdk-14.0.1/bin/java -jar /lab/itti/projects/checkers-competition/server/referee.jar on run_7_bansalr_vdhankar #####
Move is valid
##### SUCCESS: /usr/lib/jvm/jdk-14.0.1/bin/java -jar /lab/itti/projects/checkers-competition/server/referee.jar on run_7_bansalr_vdhankar #####
INPUT for vdhankar:
GAME
WHITE
196.746170759201
.......b
........
.w.W....
..w.....
.....b.w
........
.....w.w
w.......
##### Running: /usr/bin/time -o time_7_bansalr_vdhankar.txt -f "%U" python3 homework.py > stulog.txt 2>&1 on vdhankar #####
child exited with value 1
##### ERROR: /usr/bin/time -o time_7_bansalr_vdhankar.txt -f "%U" python3 homework.py > stulog.txt 2>&1 on vdhankar #####
##### Output of failed program (stdout + stderr): #####
Traceback (most recent call last):
  File "homework.py", line 546, in <module>
    print(end-start)
NameError: name 'end' is not defined
##### End of output of failed program #####
##### vdhankar plays [E d6 e5] in 2.17424392700195s #####
##### Running: /usr/lib/jvm/jdk-14.0.1/bin/java -jar /lab/itti/projects/checkers-competition/server/referee.jar on run_7_bansalr_vdhankar #####
Move is valid
##### SUCCESS: /usr/lib/jvm/jdk-14.0.1/bin/java -jar /lab/itti/projects/checkers-competition/server/referee.jar on run_7_bansalr_vdhankar #####
INPUT for bansalr:
GAME
BLACK
235.87
.......b
........
.w......
..w.W...
.....b.w
........
.....w.w
w.......
##### Running: /usr/bin/time -o time_7_bansalr_vdhankar.txt -f "%U" python3 homework.py > stulog.txt 2>&1 on bansalr #####
##### SUCCESS: /usr/bin/time -o time_7_bansalr_vdhankar.txt -f "%U" python3 homework.py > stulog.txt 2>&1 on bansalr #####
##### bansalr plays [E h8 g7] in 0.78s #####
##### Running: /usr/lib/jvm/jdk-14.0.1/bin/java -jar /lab/itti/projects/checkers-competition/server/referee.jar on run_7_bansalr_vdhankar #####
Move is valid
##### SUCCESS: /usr/lib/jvm/jdk-14.0.1/bin/java -jar /lab/itti/projects/checkers-competition/server/referee.jar on run_7_bansalr_vdhankar #####
INPUT for vdhankar:
GAME
WHITE
194.571926832199
........
......b.
.w......
..w.W...
.....b.w
........
.....w.w
w.......
##### Running: /usr/bin/time -o time_7_bansalr_vdhankar.txt -f "%U" python3 homework.py > stulog.txt 2>&1 on vdhankar #####
child exited with value 1
##### ERROR: /usr/bin/time -o time_7_bansalr_vdhankar.txt -f "%U" python3 homework.py > stulog.txt 2>&1 on vdhankar #####
##### Output of failed program (stdout + stderr): #####
Traceback (most recent call last):
  File "homework.py", line 546, in <module>
    print(end-start)
NameError: name 'end' is not defined
##### End of output of failed program #####
##### vdhankar plays [J e5 g3] in 0.419960975646973s #####
##### Running: /usr/lib/jvm/jdk-14.0.1/bin/java -jar /lab/itti/projects/checkers-competition/server/referee.jar on run_7_bansalr_vdhankar #####
Move is valid
##### SUCCESS: /usr/lib/jvm/jdk-14.0.1/bin/java -jar /lab/itti/projects/checkers-competition/server/referee.jar on run_7_bansalr_vdhankar #####
INPUT for bansalr:
GAME
BLACK
235.09
........
......b.
.w......
..w.....
.......w
......W.
.....w.w
w.......
##### Running: /usr/bin/time -o time_7_bansalr_vdhankar.txt -f "%U" python3 homework.py > stulog.txt 2>&1 on bansalr #####
##### SUCCESS: /usr/bin/time -o time_7_bansalr_vdhankar.txt -f "%U" python3 homework.py > stulog.txt 2>&1 on bansalr #####
##### bansalr plays [E g7 f6] in 2.79s #####
##### Running: /usr/lib/jvm/jdk-14.0.1/bin/java -jar /lab/itti/projects/checkers-competition/server/referee.jar on run_7_bansalr_vdhankar #####
Move is valid
##### SUCCESS: /usr/lib/jvm/jdk-14.0.1/bin/java -jar /lab/itti/projects/checkers-competition/server/referee.jar on run_7_bansalr_vdhankar #####
INPUT for vdhankar:
GAME
WHITE
194.151965856552
........
........
.w...b..
..w.....
.......w
......W.
.....w.w
w.......
##### Running: /usr/bin/time -o time_7_bansalr_vdhankar.txt -f "%U" python3 homework.py > stulog.txt 2>&1 on vdhankar #####
child exited with value 1
##### ERROR: /usr/bin/time -o time_7_bansalr_vdhankar.txt -f "%U" python3 homework.py > stulog.txt 2>&1 on vdhankar #####
##### Output of failed program (stdout + stderr): #####
Traceback (most recent call last):
  File "homework.py", line 546, in <module>
    print(end-start)
NameError: name 'end' is not defined
##### End of output of failed program #####
##### vdhankar plays [E b6 a7] in 0.390390872955322s #####
##### Running: /usr/lib/jvm/jdk-14.0.1/bin/java -jar /lab/itti/projects/checkers-competition/server/referee.jar on run_7_bansalr_vdhankar #####
Move is valid
##### SUCCESS: /usr/lib/jvm/jdk-14.0.1/bin/java -jar /lab/itti/projects/checkers-competition/server/referee.jar on run_7_bansalr_vdhankar #####
INPUT for bansalr:
GAME
BLACK
232.3
........
w.......
.....b..
..w.....
.......w
......W.
.....w.w
w.......
##### Running: /usr/bin/time -o time_7_bansalr_vdhankar.txt -f "%U" python3 homework.py > stulog.txt 2>&1 on bansalr #####
##### SUCCESS: /usr/bin/time -o time_7_bansalr_vdhankar.txt -f "%U" python3 homework.py > stulog.txt 2>&1 on bansalr #####
##### bansalr plays [E f6 e5] in 2.44s #####
##### Running: /usr/lib/jvm/jdk-14.0.1/bin/java -jar /lab/itti/projects/checkers-competition/server/referee.jar on run_7_bansalr_vdhankar #####
Move is valid
##### SUCCESS: /usr/lib/jvm/jdk-14.0.1/bin/java -jar /lab/itti/projects/checkers-competition/server/referee.jar on run_7_bansalr_vdhankar #####
INPUT for vdhankar:
GAME
WHITE
193.761574983597
........
w.......
........
..w.b...
.......w
......W.
.....w.w
w.......
##### Running: /usr/bin/time -o time_7_bansalr_vdhankar.txt -f "%U" python3 homework.py > stulog.txt 2>&1 on vdhankar #####
child exited with value 1
##### ERROR: /usr/bin/time -o time_7_bansalr_vdhankar.txt -f "%U" python3 homework.py > stulog.txt 2>&1 on vdhankar #####
##### Output of failed program (stdout + stderr): #####
Traceback (most recent call last):
  File "homework.py", line 546, in <module>
    print(end-start)
NameError: name 'end' is not defined
##### End of output of failed program #####
##### vdhankar plays [E a7 b8] in 0.597402095794678s #####
##### Running: /usr/lib/jvm/jdk-14.0.1/bin/java -jar /lab/itti/projects/checkers-competition/server/referee.jar on run_7_bansalr_vdhankar #####
Move is valid
##### SUCCESS: /usr/lib/jvm/jdk-14.0.1/bin/java -jar /lab/itti/projects/checkers-competition/server/referee.jar on run_7_bansalr_vdhankar #####
INPUT for bansalr:
GAME
BLACK
229.86
.W......
........
........
..w.b...
.......w
......W.
.....w.w
w.......
##### Running: /usr/bin/time -o time_7_bansalr_vdhankar.txt -f "%U" python3 homework.py > stulog.txt 2>&1 on bansalr #####
##### SUCCESS: /usr/bin/time -o time_7_bansalr_vdhankar.txt -f "%U" python3 homework.py > stulog.txt 2>&1 on bansalr #####
##### bansalr plays [E e5 d4] in 3.2s #####
##### Running: /usr/lib/jvm/jdk-14.0.1/bin/java -jar /lab/itti/projects/checkers-competition/server/referee.jar on run_7_bansalr_vdhankar #####
Move is valid
##### SUCCESS: /usr/lib/jvm/jdk-14.0.1/bin/java -jar /lab/itti/projects/checkers-competition/server/referee.jar on run_7_bansalr_vdhankar #####
INPUT for vdhankar:
GAME
WHITE
193.164172887802
.W......
........
........
..w.....
...b...w
......W.
.....w.w
w.......
##### Running: /usr/bin/time -o time_7_bansalr_vdhankar.txt -f "%U" python3 homework.py > stulog.txt 2>&1 on vdhankar #####
child exited with value 1
##### ERROR: /usr/bin/time -o time_7_bansalr_vdhankar.txt -f "%U" python3 homework.py > stulog.txt 2>&1 on vdhankar #####
##### Output of failed program (stdout + stderr): #####
Traceback (most recent call last):
  File "homework.py", line 546, in <module>
    print(end-start)
NameError: name 'end' is not defined
##### End of output of failed program #####
##### vdhankar plays [E g3 f4] in 3.01474690437317s #####
##### Running: /usr/lib/jvm/jdk-14.0.1/bin/java -jar /lab/itti/projects/checkers-competition/server/referee.jar on run_7_bansalr_vdhankar #####
Move is valid
##### SUCCESS: /usr/lib/jvm/jdk-14.0.1/bin/java -jar /lab/itti/projects/checkers-competition/server/referee.jar on run_7_bansalr_vdhankar #####
INPUT for bansalr:
GAME
BLACK
226.66
.W......
........
........
..w.....
...b.W.w
........
.....w.w
w.......
##### Running: /usr/bin/time -o time_7_bansalr_vdhankar.txt -f "%U" python3 homework.py > stulog.txt 2>&1 on bansalr #####
##### SUCCESS: /usr/bin/time -o time_7_bansalr_vdhankar.txt -f "%U" python3 homework.py > stulog.txt 2>&1 on bansalr #####
##### bansalr plays [E d4 c3] in 4.33s #####
##### Running: /usr/lib/jvm/jdk-14.0.1/bin/java -jar /lab/itti/projects/checkers-competition/server/referee.jar on run_7_bansalr_vdhankar #####
Move is valid
##### SUCCESS: /usr/lib/jvm/jdk-14.0.1/bin/java -jar /lab/itti/projects/checkers-competition/server/referee.jar on run_7_bansalr_vdhankar #####
INPUT for vdhankar:
GAME
WHITE
190.149425983429
.W......
........
........
..w.....
.....W.w
..b.....
.....w.w
w.......
##### Running: /usr/bin/time -o time_7_bansalr_vdhankar.txt -f "%U" python3 homework.py > stulog.txt 2>&1 on vdhankar #####
child exited with value 1
##### ERROR: /usr/bin/time -o time_7_bansalr_vdhankar.txt -f "%U" python3 homework.py > stulog.txt 2>&1 on vdhankar #####
##### Output of failed program (stdout + stderr): #####
Traceback (most recent call last):
  File "homework.py", line 546, in <module>
    print(end-start)
NameError: name 'end' is not defined
##### End of output of failed program #####
##### vdhankar plays [E b8 a7] in 0.338482141494751s #####
##### Running: /usr/lib/jvm/jdk-14.0.1/bin/java -jar /lab/itti/projects/checkers-competition/server/referee.jar on run_7_bansalr_vdhankar #####
Move is valid
##### SUCCESS: /usr/lib/jvm/jdk-14.0.1/bin/java -jar /lab/itti/projects/checkers-competition/server/referee.jar on run_7_bansalr_vdhankar #####
INPUT for bansalr:
GAME
BLACK
222.33
........
W.......
........
..w.....
.....W.w
..b.....
.....w.w
w.......
##### Running: /usr/bin/time -o time_7_bansalr_vdhankar.txt -f "%U" python3 homework.py > stulog.txt 2>&1 on bansalr #####
##### SUCCESS: /usr/bin/time -o time_7_bansalr_vdhankar.txt -f "%U" python3 homework.py > stulog.txt 2>&1 on bansalr #####
##### bansalr plays [E c3 b2] in 1.52s #####
##### Running: /usr/lib/jvm/jdk-14.0.1/bin/java -jar /lab/itti/projects/checkers-competition/server/referee.jar on run_7_bansalr_vdhankar #####
Move is valid
##### SUCCESS: /usr/lib/jvm/jdk-14.0.1/bin/java -jar /lab/itti/projects/checkers-competition/server/referee.jar on run_7_bansalr_vdhankar #####
INPUT for vdhankar:
GAME
WHITE
189.810943841934
........
W.......
........
..w.....
.....W.w
........
.b...w.w
w.......
##### Running: /usr/bin/time -o time_7_bansalr_vdhankar.txt -f "%U" python3 homework.py > stulog.txt 2>&1 on vdhankar #####
child exited with value 1
##### ERROR: /usr/bin/time -o time_7_bansalr_vdhankar.txt -f "%U" python3 homework.py > stulog.txt 2>&1 on vdhankar #####
##### Output of failed program (stdout + stderr): #####
Traceback (most recent call last):
  File "homework.py", line 546, in <module>
    print(end-start)
NameError: name 'end' is not defined
##### End of output of failed program #####
##### vdhankar plays [J a1 c3] in 0.291305065155029s #####
##### Running: /usr/lib/jvm/jdk-14.0.1/bin/java -jar /lab/itti/projects/checkers-competition/server/referee.jar on run_7_bansalr_vdhankar #####
Move is valid
After this move, player BLACK cannot make any moves
*** Winner: WHITE ***
##### SUCCESS: /usr/lib/jvm/jdk-14.0.1/bin/java -jar /lab/itti/projects/checkers-competition/server/referee.jar on run_7_bansalr_vdhankar #####
##### GAME OVER: vdhankar wins the game! #####
Server said: WIN
########## ROUND 7 GAMESCORE AFTER GAME 2: bansalr=1 and vdhankar=1 ##########
#################### ROUND 7: bansalr (W) vs vdhankar (B): game 3 ####################
##### game start! #####
INPUT for vdhankar:
GAME
BLACK
300
.b.b.b.b
b.b.b.b.
.b.b.b.b
........
........
w.w.w.w.
.w.w.w.w
w.w.w.w.
##### Running: /usr/bin/time -o time_7_bansalr_vdhankar.txt -f "%U" python3 homework.py > stulog.txt 2>&1 on vdhankar #####
child exited with value 1
##### ERROR: /usr/bin/time -o time_7_bansalr_vdhankar.txt -f "%U" python3 homework.py > stulog.txt 2>&1 on vdhankar #####
##### Output of failed program (stdout + stderr): #####
Traceback (most recent call last):
  File "homework.py", line 546, in <module>
    print(end-start)
NameError: name 'end' is not defined
##### End of output of failed program #####
##### vdhankar plays [E h6 g5] in 11.57248711586s #####
##### Running: /usr/lib/jvm/jdk-14.0.1/bin/java -jar /lab/itti/projects/checkers-competition/server/referee.jar on run_7_bansalr_vdhankar #####
Move is valid
Couldn't read file 'current_ply.txt'
Couldn't read content from file 'current_ply.txt'
Couldn't read file 'lastmatchange_ply.txt'
Couldn't read content from file 'lastmatchange_ply.txt'
##### SUCCESS: /usr/lib/jvm/jdk-14.0.1/bin/java -jar /lab/itti/projects/checkers-competition/server/referee.jar on run_7_bansalr_vdhankar #####
INPUT for bansalr:
GAME
WHITE
300
.b.b.b.b
b.b.b.b.
.b.b.b..
......b.
........
w.w.w.w.
.w.w.w.w
w.w.w.w.
##### Running: /usr/bin/time -o time_7_bansalr_vdhankar.txt -f "%U" python3 homework.py > stulog.txt 2>&1 on bansalr #####
##### SUCCESS: /usr/bin/time -o time_7_bansalr_vdhankar.txt -f "%U" python3 homework.py > stulog.txt 2>&1 on bansalr #####
##### bansalr plays [E e3 d4] in 0.06s #####
##### Running: /usr/lib/jvm/jdk-14.0.1/bin/java -jar /lab/itti/projects/checkers-competition/server/referee.jar on run_7_bansalr_vdhankar #####
Move is valid
##### SUCCESS: /usr/lib/jvm/jdk-14.0.1/bin/java -jar /lab/itti/projects/checkers-competition/server/referee.jar on run_7_bansalr_vdhankar #####
INPUT for vdhankar:
GAME
BLACK
288.42751288414
.b.b.b.b
b.b.b.b.
.b.b.b..
......b.
...w....
w.w...w.
.w.w.w.w
w.w.w.w.
##### Running: /usr/bin/time -o time_7_bansalr_vdhankar.txt -f "%U" python3 homework.py > stulog.txt 2>&1 on vdhankar #####
child exited with value 1
##### ERROR: /usr/bin/time -o time_7_bansalr_vdhankar.txt -f "%U" python3 homework.py > stulog.txt 2>&1 on vdhankar #####
##### Output of failed program (stdout + stderr): #####
Traceback (most recent call last):
  File "homework.py", line 546, in <module>
    print(end-start)
NameError: name 'end' is not defined
##### End of output of failed program #####
##### vdhankar plays [E g5 h4] in 10.0459170341492s #####
##### Running: /usr/lib/jvm/jdk-14.0.1/bin/java -jar /lab/itti/projects/checkers-competition/server/referee.jar on run_7_bansalr_vdhankar #####
Move is valid
##### SUCCESS: /usr/lib/jvm/jdk-14.0.1/bin/java -jar /lab/itti/projects/checkers-competition/server/referee.jar on run_7_bansalr_vdhankar #####
INPUT for bansalr:
GAME
WHITE
299.94
.b.b.b.b
b.b.b.b.
.b.b.b..
........
...w...b
w.w...w.
.w.w.w.w
w.w.w.w.
##### Running: /usr/bin/time -o time_7_bansalr_vdhankar.txt -f "%U" python3 homework.py > stulog.txt 2>&1 on bansalr #####
##### SUCCESS: /usr/bin/time -o time_7_bansalr_vdhankar.txt -f "%U" python3 homework.py > stulog.txt 2>&1 on bansalr #####
##### bansalr plays [E d4 e5] in 0.07s #####
##### Running: /usr/lib/jvm/jdk-14.0.1/bin/java -jar /lab/itti/projects/checkers-competition/server/referee.jar on run_7_bansalr_vdhankar #####
Move is valid
##### SUCCESS: /usr/lib/jvm/jdk-14.0.1/bin/java -jar /lab/itti/projects/checkers-competition/server/referee.jar on run_7_bansalr_vdhankar #####
INPUT for vdhankar:
GAME
BLACK
278.381595849991
.b.b.b.b
b.b.b.b.
.b.b.b..
....w...
.......b
w.w...w.
.w.w.w.w
w.w.w.w.
##### Running: /usr/bin/time -o time_7_bansalr_vdhankar.txt -f "%U" python3 homework.py > stulog.txt 2>&1 on vdhankar #####
child exited with value 1
##### ERROR: /usr/bin/time -o time_7_bansalr_vdhankar.txt -f "%U" python3 homework.py > stulog.txt 2>&1 on vdhankar #####
##### Output of failed program (stdout + stderr): #####
Traceback (most recent call last):
  File "homework.py", line 546, in <module>
    print(end-start)
NameError: name 'end' is not defined
##### End of output of failed program #####
##### vdhankar plays [J f6 d4] in 0.439239978790283s #####
##### Running: /usr/lib/jvm/jdk-14.0.1/bin/java -jar /lab/itti/projects/checkers-competition/server/referee.jar on run_7_bansalr_vdhankar #####
Move is valid
##### SUCCESS: /usr/lib/jvm/jdk-14.0.1/bin/java -jar /lab/itti/projects/checkers-competition/server/referee.jar on run_7_bansalr_vdhankar #####
INPUT for bansalr:
GAME
WHITE
299.87
.b.b.b.b
b.b.b.b.
.b.b....
........
...b...b
w.w...w.
.w.w.w.w
w.w.w.w.
##### Running: /usr/bin/time -o time_7_bansalr_vdhankar.txt -f "%U" python3 homework.py > stulog.txt 2>&1 on bansalr #####
##### SUCCESS: /usr/bin/time -o time_7_bansalr_vdhankar.txt -f "%U" python3 homework.py > stulog.txt 2>&1 on bansalr #####
##### bansalr plays [J c3 e5] in 0.07s #####
##### Running: /usr/lib/jvm/jdk-14.0.1/bin/java -jar /lab/itti/projects/checkers-competition/server/referee.jar on run_7_bansalr_vdhankar #####
Move is valid
##### SUCCESS: /usr/lib/jvm/jdk-14.0.1/bin/java -jar /lab/itti/projects/checkers-competition/server/referee.jar on run_7_bansalr_vdhankar #####
INPUT for vdhankar:
GAME
BLACK
277.942355871201
.b.b.b.b
b.b.b.b.
.b.b....
....w...
.......b
w.....w.
.w.w.w.w
w.w.w.w.
##### Running: /usr/bin/time -o time_7_bansalr_vdhankar.txt -f "%U" python3 homework.py > stulog.txt 2>&1 on vdhankar #####
child exited with value 1
##### ERROR: /usr/bin/time -o time_7_bansalr_vdhankar.txt -f "%U" python3 homework.py > stulog.txt 2>&1 on vdhankar #####
##### Output of failed program (stdout + stderr): #####
Traceback (most recent call last):
  File "homework.py", line 546, in <module>
    print(end-start)
NameError: name 'end' is not defined
##### End of output of failed program #####
##### vdhankar plays [J d6 f4] in 1.52742409706116s #####
##### Running: /usr/lib/jvm/jdk-14.0.1/bin/java -jar /lab/itti/projects/checkers-competition/server/referee.jar on run_7_bansalr_vdhankar #####
Move is valid
##### SUCCESS: /usr/lib/jvm/jdk-14.0.1/bin/java -jar /lab/itti/projects/checkers-competition/server/referee.jar on run_7_bansalr_vdhankar #####
INPUT for bansalr:
GAME
WHITE
299.8
.b.b.b.b
b.b.b.b.
.b......
........
.....b.b
w.....w.
.w.w.w.w
w.w.w.w.
##### Running: /usr/bin/time -o time_7_bansalr_vdhankar.txt -f "%U" python3 homework.py > stulog.txt 2>&1 on bansalr #####
##### SUCCESS: /usr/bin/time -o time_7_bansalr_vdhankar.txt -f "%U" python3 homework.py > stulog.txt 2>&1 on bansalr #####
##### bansalr plays [J g3 e5] in 3.71s #####
##### Running: /usr/lib/jvm/jdk-14.0.1/bin/java -jar /lab/itti/projects/checkers-competition/server/referee.jar on run_7_bansalr_vdhankar #####
Move is valid
##### SUCCESS: /usr/lib/jvm/jdk-14.0.1/bin/java -jar /lab/itti/projects/checkers-competition/server/referee.jar on run_7_bansalr_vdhankar #####
INPUT for vdhankar:
GAME
BLACK
276.414931774139
.b.b.b.b
b.b.b.b.
.b......
....w...
.......b
w.......
.w.w.w.w
w.w.w.w.
##### Running: /usr/bin/time -o time_7_bansalr_vdhankar.txt -f "%U" python3 homework.py > stulog.txt 2>&1 on vdhankar #####
child exited with value 1
##### ERROR: /usr/bin/time -o time_7_bansalr_vdhankar.txt -f "%U" python3 homework.py > stulog.txt 2>&1 on vdhankar #####
##### Output of failed program (stdout + stderr): #####
Traceback (most recent call last):
  File "homework.py", line 546, in <module>
    print(end-start)
NameError: name 'end' is not defined
##### End of output of failed program #####
##### vdhankar plays [E h4 g3] in 20.0599589347839s #####
##### Running: /usr/lib/jvm/jdk-14.0.1/bin/java -jar /lab/itti/projects/checkers-competition/server/referee.jar on run_7_bansalr_vdhankar #####
Move is valid
##### SUCCESS: /usr/lib/jvm/jdk-14.0.1/bin/java -jar /lab/itti/projects/checkers-competition/server/referee.jar on run_7_bansalr_vdhankar #####
INPUT for bansalr:
GAME
WHITE
296.09
.b.b.b.b
b.b.b.b.
.b......
....w...
........
w.....b.
.w.w.w.w
w.w.w.w.
##### Running: /usr/bin/time -o time_7_bansalr_vdhankar.txt -f "%U" python3 homework.py > stulog.txt 2>&1 on bansalr #####
##### SUCCESS: /usr/bin/time -o time_7_bansalr_vdhankar.txt -f "%U" python3 homework.py > stulog.txt 2>&1 on bansalr #####
##### bansalr plays [J f2 h4] in 3.79s #####
##### Running: /usr/lib/jvm/jdk-14.0.1/bin/java -jar /lab/itti/projects/checkers-competition/server/referee.jar on run_7_bansalr_vdhankar #####
Move is valid
##### SUCCESS: /usr/lib/jvm/jdk-14.0.1/bin/java -jar /lab/itti/projects/checkers-competition/server/referee.jar on run_7_bansalr_vdhankar #####
INPUT for vdhankar:
GAME
BLACK
256.354972839355
.b.b.b.b
b.b.b.b.
.b......
....w...
.......w
w.......
.w.w...w
w.w.w.w.
##### Running: /usr/bin/time -o time_7_bansalr_vdhankar.txt -f "%U" python3 homework.py > stulog.txt 2>&1 on vdhankar #####
child exited with value 1
##### ERROR: /usr/bin/time -o time_7_bansalr_vdhankar.txt -f "%U" python3 homework.py > stulog.txt 2>&1 on vdhankar #####
##### Output of failed program (stdout + stderr): #####
Traceback (most recent call last):
  File "homework.py", line 546, in <module>
    print(end-start)
NameError: name 'end' is not defined
##### End of output of failed program #####
##### vdhankar plays [E b6 c5] in 23.6302688121796s #####
##### Running: /usr/lib/jvm/jdk-14.0.1/bin/java -jar /lab/itti/projects/checkers-competition/server/referee.jar on run_7_bansalr_vdhankar #####
Move is valid
##### SUCCESS: /usr/lib/jvm/jdk-14.0.1/bin/java -jar /lab/itti/projects/checkers-competition/server/referee.jar on run_7_bansalr_vdhankar #####
INPUT for bansalr:
GAME
WHITE
292.3
.b.b.b.b
b.b.b.b.
........
..b.w...
.......w
w.......
.w.w...w
w.w.w.w.
##### Running: /usr/bin/time -o time_7_bansalr_vdhankar.txt -f "%U" python3 homework.py > stulog.txt 2>&1 on bansalr #####
##### SUCCESS: /usr/bin/time -o time_7_bansalr_vdhankar.txt -f "%U" python3 homework.py > stulog.txt 2>&1 on bansalr #####
##### bansalr plays [E e5 d6] in 3.49s #####
##### Running: /usr/lib/jvm/jdk-14.0.1/bin/java -jar /lab/itti/projects/checkers-competition/server/referee.jar on run_7_bansalr_vdhankar #####
Move is valid
##### SUCCESS: /usr/lib/jvm/jdk-14.0.1/bin/java -jar /lab/itti/projects/checkers-competition/server/referee.jar on run_7_bansalr_vdhankar #####
INPUT for vdhankar:
GAME
BLACK
232.724704027176
.b.b.b.b
b.b.b.b.
...w....
..b.....
.......w
w.......
.w.w...w
w.w.w.w.
##### Running: /usr/bin/time -o time_7_bansalr_vdhankar.txt -f "%U" python3 homework.py > stulog.txt 2>&1 on vdhankar #####
child exited with value 1
##### ERROR: /usr/bin/time -o time_7_bansalr_vdhankar.txt -f "%U" python3 homework.py > stulog.txt 2>&1 on vdhankar #####
##### Output of failed program (stdout + stderr): #####
Traceback (most recent call last):
  File "homework.py", line 546, in <module>
    print(end-start)
NameError: name 'end' is not defined
##### End of output of failed program #####
##### vdhankar plays [J c7 e5] in 19.0387268066406s #####
##### Running: /usr/lib/jvm/jdk-14.0.1/bin/java -jar /lab/itti/projects/checkers-competition/server/referee.jar on run_7_bansalr_vdhankar #####
Move is valid
##### SUCCESS: /usr/lib/jvm/jdk-14.0.1/bin/java -jar /lab/itti/projects/checkers-competition/server/referee.jar on run_7_bansalr_vdhankar #####
INPUT for bansalr:
GAME
WHITE
288.81
.b.b.b.b
b...b.b.
........
..b.b...
.......w
w.......
.w.w...w
w.w.w.w.
##### Running: /usr/bin/time -o time_7_bansalr_vdhankar.txt -f "%U" python3 homework.py > stulog.txt 2>&1 on bansalr #####
##### SUCCESS: /usr/bin/time -o time_7_bansalr_vdhankar.txt -f "%U" python3 homework.py > stulog.txt 2>&1 on bansalr #####
##### bansalr plays [E b2 c3] in 3.67s #####
##### Running: /usr/lib/jvm/jdk-14.0.1/bin/java -jar /lab/itti/projects/checkers-competition/server/referee.jar on run_7_bansalr_vdhankar #####
Move is valid
##### SUCCESS: /usr/lib/jvm/jdk-14.0.1/bin/java -jar /lab/itti/projects/checkers-competition/server/referee.jar on run_7_bansalr_vdhankar #####
INPUT for vdhankar:
GAME
BLACK
213.685977220535
.b.b.b.b
b...b.b.
........
..b.b...
.......w
w.w.....
...w...w
w.w.w.w.
##### Running: /usr/bin/time -o time_7_bansalr_vdhankar.txt -f "%U" python3 homework.py > stulog.txt 2>&1 on vdhankar #####
child exited with value 1
##### ERROR: /usr/bin/time -o time_7_bansalr_vdhankar.txt -f "%U" python3 homework.py > stulog.txt 2>&1 on vdhankar #####
##### Output of failed program (stdout + stderr): #####
Traceback (most recent call last):
  File "homework.py", line 546, in <module>
    print(end-start)
NameError: name 'end' is not defined
##### End of output of failed program #####
##### vdhankar plays [E c5 d4] in 69.3010511398315s #####
##### Running: /usr/lib/jvm/jdk-14.0.1/bin/java -jar /lab/itti/projects/checkers-competition/server/referee.jar on run_7_bansalr_vdhankar #####
Move is valid
##### SUCCESS: /usr/lib/jvm/jdk-14.0.1/bin/java -jar /lab/itti/projects/checkers-competition/server/referee.jar on run_7_bansalr_vdhankar #####
INPUT for bansalr:
GAME
WHITE
285.14
.b.b.b.b
b...b.b.
........
....b...
...b...w
w.w.....
...w...w
w.w.w.w.
##### Running: /usr/bin/time -o time_7_bansalr_vdhankar.txt -f "%U" python3 homework.py > stulog.txt 2>&1 on bansalr #####
##### SUCCESS: /usr/bin/time -o time_7_bansalr_vdhankar.txt -f "%U" python3 homework.py > stulog.txt 2>&1 on bansalr #####
##### bansalr plays [E a3 b4] in 3.71s #####
##### Running: /usr/lib/jvm/jdk-14.0.1/bin/java -jar /lab/itti/projects/checkers-competition/server/referee.jar on run_7_bansalr_vdhankar #####
Move is valid
##### SUCCESS: /usr/lib/jvm/jdk-14.0.1/bin/java -jar /lab/itti/projects/checkers-competition/server/referee.jar on run_7_bansalr_vdhankar #####
INPUT for vdhankar:
GAME
BLACK
144.384926080704
.b.b.b.b
b...b.b.
........
....b...
.w.b...w
..w.....
...w...w
w.w.w.w.
##### Running: /usr/bin/time -o time_7_bansalr_vdhankar.txt -f "%U" python3 homework.py > stulog.txt 2>&1 on vdhankar #####
child exited with value 1
##### ERROR: /usr/bin/time -o time_7_bansalr_vdhankar.txt -f "%U" python3 homework.py > stulog.txt 2>&1 on vdhankar #####
##### Output of failed program (stdout + stderr): #####
Traceback (most recent call last):
  File "homework.py", line 546, in <module>
    print(end-start)
NameError: name 'end' is not defined
##### End of output of failed program #####
##### vdhankar plays [J d4 b2] in 3.54171180725098s #####
##### Running: /usr/lib/jvm/jdk-14.0.1/bin/java -jar /lab/itti/projects/checkers-competition/server/referee.jar on run_7_bansalr_vdhankar #####
Move is valid
##### SUCCESS: /usr/lib/jvm/jdk-14.0.1/bin/java -jar /lab/itti/projects/checkers-competition/server/referee.jar on run_7_bansalr_vdhankar #####
INPUT for bansalr:
GAME
WHITE
281.43
.b.b.b.b
b...b.b.
........
....b...
.w.....w
........
.b.w...w
w.w.w.w.
##### Running: /usr/bin/time -o time_7_bansalr_vdhankar.txt -f "%U" python3 homework.py > stulog.txt 2>&1 on bansalr #####
##### SUCCESS: /usr/bin/time -o time_7_bansalr_vdhankar.txt -f "%U" python3 homework.py > stulog.txt 2>&1 on bansalr #####
##### bansalr plays [J a1 c3] in 3.54s #####
##### Running: /usr/lib/jvm/jdk-14.0.1/bin/java -jar /lab/itti/projects/checkers-competition/server/referee.jar on run_7_bansalr_vdhankar #####
Move is valid
##### SUCCESS: /usr/lib/jvm/jdk-14.0.1/bin/java -jar /lab/itti/projects/checkers-competition/server/referee.jar on run_7_bansalr_vdhankar #####
INPUT for vdhankar:
GAME
BLACK
140.843214273453
.b.b.b.b
b...b.b.
........
....b...
.w.....w
..w.....
...w...w
..w.w.w.
##### Running: /usr/bin/time -o time_7_bansalr_vdhankar.txt -f "%U" python3 homework.py > stulog.txt 2>&1 on vdhankar #####
child exited with value 1
##### ERROR: /usr/bin/time -o time_7_bansalr_vdhankar.txt -f "%U" python3 homework.py > stulog.txt 2>&1 on vdhankar #####
##### Output of failed program (stdout + stderr): #####
Traceback (most recent call last):
  File "homework.py", line 546, in <module>
    print(end-start)
NameError: name 'end' is not defined
##### End of output of failed program #####
##### vdhankar plays [E e5 f4] in 39.1426649093628s #####
##### Running: /usr/lib/jvm/jdk-14.0.1/bin/java -jar /lab/itti/projects/checkers-competition/server/referee.jar on run_7_bansalr_vdhankar #####
Move is valid
##### SUCCESS: /usr/lib/jvm/jdk-14.0.1/bin/java -jar /lab/itti/projects/checkers-competition/server/referee.jar on run_7_bansalr_vdhankar #####
INPUT for bansalr:
GAME
WHITE
277.89
.b.b.b.b
b...b.b.
........
........
.w...b.w
..w.....
...w...w
..w.w.w.
##### Running: /usr/bin/time -o time_7_bansalr_vdhankar.txt -f "%U" python3 homework.py > stulog.txt 2>&1 on bansalr #####
##### SUCCESS: /usr/bin/time -o time_7_bansalr_vdhankar.txt -f "%U" python3 homework.py > stulog.txt 2>&1 on bansalr #####
##### bansalr plays [E e1 f2] in 3.54s #####
##### Running: /usr/lib/jvm/jdk-14.0.1/bin/java -jar /lab/itti/projects/checkers-competition/server/referee.jar on run_7_bansalr_vdhankar #####
Move is valid
##### SUCCESS: /usr/lib/jvm/jdk-14.0.1/bin/java -jar /lab/itti/projects/checkers-competition/server/referee.jar on run_7_bansalr_vdhankar #####
INPUT for vdhankar:
GAME
BLACK
101.70054936409
.b.b.b.b
b...b.b.
........
........
.w...b.w
..w.....
...w.w.w
..w...w.
##### Running: /usr/bin/time -o time_7_bansalr_vdhankar.txt -f "%U" python3 homework.py > stulog.txt 2>&1 on vdhankar #####
child exited with value 1
##### ERROR: /usr/bin/time -o time_7_bansalr_vdhankar.txt -f "%U" python3 homework.py > stulog.txt 2>&1 on vdhankar #####
##### Output of failed program (stdout + stderr): #####
Traceback (most recent call last):
  File "homework.py", line 546, in <module>
    print(end-start)
NameError: name 'end' is not defined
##### End of output of failed program #####
##### vdhankar plays [E f4 e3] in 39.3929150104523s #####
##### Running: /usr/lib/jvm/jdk-14.0.1/bin/java -jar /lab/itti/projects/checkers-competition/server/referee.jar on run_7_bansalr_vdhankar #####
Move is valid
##### SUCCESS: /usr/lib/jvm/jdk-14.0.1/bin/java -jar /lab/itti/projects/checkers-competition/server/referee.jar on run_7_bansalr_vdhankar #####
INPUT for bansalr:
GAME
WHITE
274.35
.b.b.b.b
b...b.b.
........
........
.w.....w
..w.b...
...w.w.w
..w...w.
##### Running: /usr/bin/time -o time_7_bansalr_vdhankar.txt -f "%U" python3 homework.py > stulog.txt 2>&1 on bansalr #####
##### SUCCESS: /usr/bin/time -o time_7_bansalr_vdhankar.txt -f "%U" python3 homework.py > stulog.txt 2>&1 on bansalr #####
##### bansalr plays [J d2 f4] in 3.8s #####
##### Running: /usr/lib/jvm/jdk-14.0.1/bin/java -jar /lab/itti/projects/checkers-competition/server/referee.jar on run_7_bansalr_vdhankar #####
Move is valid
##### SUCCESS: /usr/lib/jvm/jdk-14.0.1/bin/java -jar /lab/itti/projects/checkers-competition/server/referee.jar on run_7_bansalr_vdhankar #####
INPUT for vdhankar:
GAME
BLACK
62.3076343536377
.b.b.b.b
b...b.b.
........
........
.w...w.w
..w.....
.....w.w
..w...w.
##### Running: /usr/bin/time -o time_7_bansalr_vdhankar.txt -f "%U" python3 homework.py > stulog.txt 2>&1 on vdhankar #####
##### Killing vdhankar after timeout #####
*** Killing lingering child process [sh] ***
kill -9  2682536
##### GAME OVER: vdhankar ran over time limit by 12s #####
########## ROUND 7 GAMESCORE AFTER GAME 3: bansalr=2 and vdhankar=1 ##########
#################### ROUND 7: bansalr (B) vs vdhankar (W): game 4 ####################
##### game start! #####
INPUT for bansalr:
GAME
BLACK
300
.b.b.b.b
b.b.b.b.
.b.b.b.b
........
........
w.w.w.w.
.w.w.w.w
w.w.w.w.
##### Running: /usr/bin/time -o time_7_bansalr_vdhankar.txt -f "%U" python3 homework.py > stulog.txt 2>&1 on bansalr #####
##### SUCCESS: /usr/bin/time -o time_7_bansalr_vdhankar.txt -f "%U" python3 homework.py > stulog.txt 2>&1 on bansalr #####
##### bansalr plays [E f6 g5] in 0.06s #####
##### Running: /usr/lib/jvm/jdk-14.0.1/bin/java -jar /lab/itti/projects/checkers-competition/server/referee.jar on run_7_bansalr_vdhankar #####
Move is valid
Couldn't read file 'current_ply.txt'
Couldn't read content from file 'current_ply.txt'
Couldn't read file 'lastmatchange_ply.txt'
Couldn't read content from file 'lastmatchange_ply.txt'
##### SUCCESS: /usr/lib/jvm/jdk-14.0.1/bin/java -jar /lab/itti/projects/checkers-competition/server/referee.jar on run_7_bansalr_vdhankar #####
INPUT for vdhankar:
GAME
WHITE
300
.b.b.b.b
b.b.b.b.
.b.b...b
......b.
........
w.w.w.w.
.w.w.w.w
w.w.w.w.
##### Running: /usr/bin/time -o time_7_bansalr_vdhankar.txt -f "%U" python3 homework.py > stulog.txt 2>&1 on vdhankar #####
child exited with value 1
##### ERROR: /usr/bin/time -o time_7_bansalr_vdhankar.txt -f "%U" python3 homework.py > stulog.txt 2>&1 on vdhankar #####
##### Output of failed program (stdout + stderr): #####
Traceback (most recent call last):
  File "homework.py", line 546, in <module>
    print(end-start)
NameError: name 'end' is not defined
##### End of output of failed program #####
##### vdhankar plays [E g3 h4] in 15.9704151153564s #####
##### Running: /usr/lib/jvm/jdk-14.0.1/bin/java -jar /lab/itti/projects/checkers-competition/server/referee.jar on run_7_bansalr_vdhankar #####
Move is valid
##### SUCCESS: /usr/lib/jvm/jdk-14.0.1/bin/java -jar /lab/itti/projects/checkers-competition/server/referee.jar on run_7_bansalr_vdhankar #####
INPUT for bansalr:
GAME
BLACK
299.94
.b.b.b.b
b.b.b.b.
.b.b...b
......b.
.......w
w.w.w...
.w.w.w.w
w.w.w.w.
##### Running: /usr/bin/time -o time_7_bansalr_vdhankar.txt -f "%U" python3 homework.py > stulog.txt 2>&1 on bansalr #####
##### SUCCESS: /usr/bin/time -o time_7_bansalr_vdhankar.txt -f "%U" python3 homework.py > stulog.txt 2>&1 on bansalr #####
##### bansalr plays [E g5 f4] in 0.07s #####
##### Running: /usr/lib/jvm/jdk-14.0.1/bin/java -jar /lab/itti/projects/checkers-competition/server/referee.jar on run_7_bansalr_vdhankar #####
Move is valid
##### SUCCESS: /usr/lib/jvm/jdk-14.0.1/bin/java -jar /lab/itti/projects/checkers-competition/server/referee.jar on run_7_bansalr_vdhankar #####
INPUT for vdhankar:
GAME
WHITE
284.029584884644
.b.b.b.b
b.b.b.b.
.b.b...b
........
.....b.w
w.w.w...
.w.w.w.w
w.w.w.w.
##### Running: /usr/bin/time -o time_7_bansalr_vdhankar.txt -f "%U" python3 homework.py > stulog.txt 2>&1 on vdhankar #####
child exited with value 1
##### ERROR: /usr/bin/time -o time_7_bansalr_vdhankar.txt -f "%U" python3 homework.py > stulog.txt 2>&1 on vdhankar #####
##### Output of failed program (stdout + stderr): #####
Traceback (most recent call last):
  File "homework.py", line 546, in <module>
    print(end-start)
NameError: name 'end' is not defined
##### End of output of failed program #####
##### vdhankar plays [J e3 g5] in 1.87022399902344s #####
##### Running: /usr/lib/jvm/jdk-14.0.1/bin/java -jar /lab/itti/projects/checkers-competition/server/referee.jar on run_7_bansalr_vdhankar #####
Move is valid
##### SUCCESS: /usr/lib/jvm/jdk-14.0.1/bin/java -jar /lab/itti/projects/checkers-competition/server/referee.jar on run_7_bansalr_vdhankar #####
INPUT for bansalr:
GAME
BLACK
299.87
.b.b.b.b
b.b.b.b.
.b.b...b
......w.
.......w
w.w.....
.w.w.w.w
w.w.w.w.
##### Running: /usr/bin/time -o time_7_bansalr_vdhankar.txt -f "%U" python3 homework.py > stulog.txt 2>&1 on bansalr #####
##### SUCCESS: /usr/bin/time -o time_7_bansalr_vdhankar.txt -f "%U" python3 homework.py > stulog.txt 2>&1 on bansalr #####
##### bansalr plays [J h6 f4] in 0.06s #####
##### Running: /usr/lib/jvm/jdk-14.0.1/bin/java -jar /lab/itti/projects/checkers-competition/server/referee.jar on run_7_bansalr_vdhankar #####
Move is valid
##### SUCCESS: /usr/lib/jvm/jdk-14.0.1/bin/java -jar /lab/itti/projects/checkers-competition/server/referee.jar on run_7_bansalr_vdhankar #####
INPUT for vdhankar:
GAME
WHITE
282.15936088562
.b.b.b.b
b.b.b.b.
.b.b....
........
.....b.w
w.w.....
.w.w.w.w
w.w.w.w.
##### Running: /usr/bin/time -o time_7_bansalr_vdhankar.txt -f "%U" python3 homework.py > stulog.txt 2>&1 on vdhankar #####
child exited with value 1
##### ERROR: /usr/bin/time -o time_7_bansalr_vdhankar.txt -f "%U" python3 homework.py > stulog.txt 2>&1 on vdhankar #####
##### Output of failed program (stdout + stderr): #####
Traceback (most recent call last):
  File "homework.py", line 546, in <module>
    print(end-start)
NameError: name 'end' is not defined
##### End of output of failed program #####
##### vdhankar plays [E c3 d4] in 20.5461840629578s #####
##### Running: /usr/lib/jvm/jdk-14.0.1/bin/java -jar /lab/itti/projects/checkers-competition/server/referee.jar on run_7_bansalr_vdhankar #####
Move is valid
##### SUCCESS: /usr/lib/jvm/jdk-14.0.1/bin/java -jar /lab/itti/projects/checkers-competition/server/referee.jar on run_7_bansalr_vdhankar #####
INPUT for bansalr:
GAME
BLACK
299.81
.b.b.b.b
b.b.b.b.
.b.b....
........
...w.b.w
w.......
.w.w.w.w
w.w.w.w.
##### Running: /usr/bin/time -o time_7_bansalr_vdhankar.txt -f "%U" python3 homework.py > stulog.txt 2>&1 on bansalr #####
##### SUCCESS: /usr/bin/time -o time_7_bansalr_vdhankar.txt -f "%U" python3 homework.py > stulog.txt 2>&1 on bansalr #####
##### bansalr plays [E b6 c5] in 3.7s #####
##### Running: /usr/lib/jvm/jdk-14.0.1/bin/java -jar /lab/itti/projects/checkers-competition/server/referee.jar on run_7_bansalr_vdhankar #####
Move is valid
##### SUCCESS: /usr/lib/jvm/jdk-14.0.1/bin/java -jar /lab/itti/projects/checkers-competition/server/referee.jar on run_7_bansalr_vdhankar #####
INPUT for vdhankar:
GAME
WHITE
261.613176822662
.b.b.b.b
b.b.b.b.
...b....
..b.....
...w.b.w
w.......
.w.w.w.w
w.w.w.w.
##### Running: /usr/bin/time -o time_7_bansalr_vdhankar.txt -f "%U" python3 homework.py > stulog.txt 2>&1 on vdhankar #####
child exited with value 1
##### ERROR: /usr/bin/time -o time_7_bansalr_vdhankar.txt -f "%U" python3 homework.py > stulog.txt 2>&1 on vdhankar #####
##### Output of failed program (stdout + stderr): #####
Traceback (most recent call last):
  File "homework.py", line 546, in <module>
    print(end-start)
NameError: name 'end' is not defined
##### End of output of failed program #####
##### vdhankar plays [J d4 b6] in 5.27567601203918s #####
##### Running: /usr/lib/jvm/jdk-14.0.1/bin/java -jar /lab/itti/projects/checkers-competition/server/referee.jar on run_7_bansalr_vdhankar #####
Move is valid
##### SUCCESS: /usr/lib/jvm/jdk-14.0.1/bin/java -jar /lab/itti/projects/checkers-competition/server/referee.jar on run_7_bansalr_vdhankar #####
INPUT for bansalr:
GAME
BLACK
296.11
.b.b.b.b
b.b.b.b.
.w.b....
........
.....b.w
w.......
.w.w.w.w
w.w.w.w.
##### Running: /usr/bin/time -o time_7_bansalr_vdhankar.txt -f "%U" python3 homework.py > stulog.txt 2>&1 on bansalr #####
##### SUCCESS: /usr/bin/time -o time_7_bansalr_vdhankar.txt -f "%U" python3 homework.py > stulog.txt 2>&1 on bansalr #####
##### bansalr plays [J a7 c5] in 3.16s #####
##### Running: /usr/lib/jvm/jdk-14.0.1/bin/java -jar /lab/itti/projects/checkers-competition/server/referee.jar on run_7_bansalr_vdhankar #####
Move is valid
##### SUCCESS: /usr/lib/jvm/jdk-14.0.1/bin/java -jar /lab/itti/projects/checkers-competition/server/referee.jar on run_7_bansalr_vdhankar #####
INPUT for vdhankar:
GAME
WHITE
256.337500810623
.b.b.b.b
..b.b.b.
...b....
..b.....
.....b.w
w.......
.w.w.w.w
w.w.w.w.
##### Running: /usr/bin/time -o time_7_bansalr_vdhankar.txt -f "%U" python3 homework.py > stulog.txt 2>&1 on vdhankar #####
child exited with value 1
##### ERROR: /usr/bin/time -o time_7_bansalr_vdhankar.txt -f "%U" python3 homework.py > stulog.txt 2>&1 on vdhankar #####
##### Output of failed program (stdout + stderr): #####
Traceback (most recent call last):
  File "homework.py", line 546, in <module>
    print(end-start)
NameError: name 'end' is not defined
##### End of output of failed program #####
##### vdhankar plays [E f2 g3] in 36.9535388946533s #####
##### Running: /usr/lib/jvm/jdk-14.0.1/bin/java -jar /lab/itti/projects/checkers-competition/server/referee.jar on run_7_bansalr_vdhankar #####
Move is valid
##### SUCCESS: /usr/lib/jvm/jdk-14.0.1/bin/java -jar /lab/itti/projects/checkers-competition/server/referee.jar on run_7_bansalr_vdhankar #####
INPUT for bansalr:
GAME
BLACK
292.95
.b.b.b.b
..b.b.b.
...b....
..b.....
.....b.w
w.....w.
.w.w...w
w.w.w.w.
##### Running: /usr/bin/time -o time_7_bansalr_vdhankar.txt -f "%U" python3 homework.py > stulog.txt 2>&1 on bansalr #####
##### SUCCESS: /usr/bin/time -o time_7_bansalr_vdhankar.txt -f "%U" python3 homework.py > stulog.txt 2>&1 on bansalr #####
##### bansalr plays [E b8 a7] in 3.77s #####
##### Running: /usr/lib/jvm/jdk-14.0.1/bin/java -jar /lab/itti/projects/checkers-competition/server/referee.jar on run_7_bansalr_vdhankar #####
Move is valid
##### SUCCESS: /usr/lib/jvm/jdk-14.0.1/bin/java -jar /lab/itti/projects/checkers-competition/server/referee.jar on run_7_bansalr_vdhankar #####
INPUT for vdhankar:
GAME
WHITE
219.38396191597
...b.b.b
b.b.b.b.
...b....
..b.....
.....b.w
w.....w.
.w.w...w
w.w.w.w.
##### Running: /usr/bin/time -o time_7_bansalr_vdhankar.txt -f "%U" python3 homework.py > stulog.txt 2>&1 on vdhankar #####
child exited with value 1
##### ERROR: /usr/bin/time -o time_7_bansalr_vdhankar.txt -f "%U" python3 homework.py > stulog.txt 2>&1 on vdhankar #####
##### Output of failed program (stdout + stderr): #####
Traceback (most recent call last):
  File "homework.py", line 546, in <module>
    print(end-start)
NameError: name 'end' is not defined
##### End of output of failed program #####
##### vdhankar plays [J g3 e5] in 2.36308789253235s #####
##### Running: /usr/lib/jvm/jdk-14.0.1/bin/java -jar /lab/itti/projects/checkers-competition/server/referee.jar on run_7_bansalr_vdhankar #####
Move is valid
##### SUCCESS: /usr/lib/jvm/jdk-14.0.1/bin/java -jar /lab/itti/projects/checkers-competition/server/referee.jar on run_7_bansalr_vdhankar #####
INPUT for bansalr:
GAME
BLACK
289.18
...b.b.b
b.b.b.b.
...b....
..b.w...
.......w
w.......
.w.w...w
w.w.w.w.
##### Running: /usr/bin/time -o time_7_bansalr_vdhankar.txt -f "%U" python3 homework.py > stulog.txt 2>&1 on bansalr #####
##### SUCCESS: /usr/bin/time -o time_7_bansalr_vdhankar.txt -f "%U" python3 homework.py > stulog.txt 2>&1 on bansalr #####
##### bansalr plays [J d6 f4] in 3.59s #####
##### Running: /usr/lib/jvm/jdk-14.0.1/bin/java -jar /lab/itti/projects/checkers-competition/server/referee.jar on run_7_bansalr_vdhankar #####
Move is valid
##### SUCCESS: /usr/lib/jvm/jdk-14.0.1/bin/java -jar /lab/itti/projects/checkers-competition/server/referee.jar on run_7_bansalr_vdhankar #####
INPUT for vdhankar:
GAME
WHITE
217.020874023438
...b.b.b
b.b.b.b.
........
..b.....
.....b.w
w.......
.w.w...w
w.w.w.w.
##### Running: /usr/bin/time -o time_7_bansalr_vdhankar.txt -f "%U" python3 homework.py > stulog.txt 2>&1 on vdhankar #####
child exited with value 1
##### ERROR: /usr/bin/time -o time_7_bansalr_vdhankar.txt -f "%U" python3 homework.py > stulog.txt 2>&1 on vdhankar #####
##### Output of failed program (stdout + stderr): #####
Traceback (most recent call last):
  File "homework.py", line 546, in <module>
    print(end-start)
NameError: name 'end' is not defined
##### End of output of failed program #####
##### vdhankar plays [E g1 f2] in 26.5001609325409s #####
##### Running: /usr/lib/jvm/jdk-14.0.1/bin/java -jar /lab/itti/projects/checkers-competition/server/referee.jar on run_7_bansalr_vdhankar #####
Move is valid
##### SUCCESS: /usr/lib/jvm/jdk-14.0.1/bin/java -jar /lab/itti/projects/checkers-competition/server/referee.jar on run_7_bansalr_vdhankar #####
INPUT for bansalr:
GAME
BLACK
285.59
...b.b.b
b.b.b.b.
........
..b.....
.....b.w
w.......
.w.w.w.w
w.w.w...
##### Running: /usr/bin/time -o time_7_bansalr_vdhankar.txt -f "%U" python3 homework.py > stulog.txt 2>&1 on bansalr #####
##### SUCCESS: /usr/bin/time -o time_7_bansalr_vdhankar.txt -f "%U" python3 homework.py > stulog.txt 2>&1 on bansalr #####
##### bansalr plays [E a7 b6] in 3.79s #####
##### Running: /usr/lib/jvm/jdk-14.0.1/bin/java -jar /lab/itti/projects/checkers-competition/server/referee.jar on run_7_bansalr_vdhankar #####
Move is valid
##### SUCCESS: /usr/lib/jvm/jdk-14.0.1/bin/java -jar /lab/itti/projects/checkers-competition/server/referee.jar on run_7_bansalr_vdhankar #####
INPUT for vdhankar:
GAME
WHITE
190.520713090897
...b.b.b
..b.b.b.
.b......
..b.....
.....b.w
w.......
.w.w.w.w
w.w.w...
##### Running: /usr/bin/time -o time_7_bansalr_vdhankar.txt -f "%U" python3 homework.py > stulog.txt 2>&1 on vdhankar #####
child exited with value 1
##### ERROR: /usr/bin/time -o time_7_bansalr_vdhankar.txt -f "%U" python3 homework.py > stulog.txt 2>&1 on vdhankar #####
##### Output of failed program (stdout + stderr): #####
Traceback (most recent call last):
  File "homework.py", line 546, in <module>
    print(end-start)
NameError: name 'end' is not defined
##### End of output of failed program #####
##### vdhankar plays [E f2 g3] in 15.5240018367767s #####
##### Running: /usr/lib/jvm/jdk-14.0.1/bin/java -jar /lab/itti/projects/checkers-competition/server/referee.jar on run_7_bansalr_vdhankar #####
Move is valid
##### SUCCESS: /usr/lib/jvm/jdk-14.0.1/bin/java -jar /lab/itti/projects/checkers-competition/server/referee.jar on run_7_bansalr_vdhankar #####
INPUT for bansalr:
GAME
BLACK
281.8
...b.b.b
..b.b.b.
.b......
..b.....
.....b.w
w.....w.
.w.w...w
w.w.w...
##### Running: /usr/bin/time -o time_7_bansalr_vdhankar.txt -f "%U" python3 homework.py > stulog.txt 2>&1 on bansalr #####
##### SUCCESS: /usr/bin/time -o time_7_bansalr_vdhankar.txt -f "%U" python3 homework.py > stulog.txt 2>&1 on bansalr #####
##### bansalr plays [E e7 d6] in 3.83s #####
##### Running: /usr/lib/jvm/jdk-14.0.1/bin/java -jar /lab/itti/projects/checkers-competition/server/referee.jar on run_7_bansalr_vdhankar #####
Move is valid
##### SUCCESS: /usr/lib/jvm/jdk-14.0.1/bin/java -jar /lab/itti/projects/checkers-competition/server/referee.jar on run_7_bansalr_vdhankar #####
INPUT for vdhankar:
GAME
WHITE
174.99671125412
...b.b.b
..b...b.
.b.b....
..b.....
.....b.w
w.....w.
.w.w...w
w.w.w...
##### Running: /usr/bin/time -o time_7_bansalr_vdhankar.txt -f "%U" python3 homework.py > stulog.txt 2>&1 on vdhankar #####
child exited with value 1
##### ERROR: /usr/bin/time -o time_7_bansalr_vdhankar.txt -f "%U" python3 homework.py > stulog.txt 2>&1 on vdhankar #####
##### Output of failed program (stdout + stderr): #####
Traceback (most recent call last):
  File "homework.py", line 546, in <module>
    print(end-start)
NameError: name 'end' is not defined
##### End of output of failed program #####
##### vdhankar plays [J g3 e5] in 2.6499240398407s #####
##### Running: /usr/lib/jvm/jdk-14.0.1/bin/java -jar /lab/itti/projects/checkers-competition/server/referee.jar on run_7_bansalr_vdhankar #####
Move is valid
##### SUCCESS: /usr/lib/jvm/jdk-14.0.1/bin/java -jar /lab/itti/projects/checkers-competition/server/referee.jar on run_7_bansalr_vdhankar #####
INPUT for bansalr:
GAME
BLACK
277.97
...b.b.b
..b...b.
.b.b....
..b.w...
.......w
w.......
.w.w...w
w.w.w...
##### Running: /usr/bin/time -o time_7_bansalr_vdhankar.txt -f "%U" python3 homework.py > stulog.txt 2>&1 on bansalr #####
##### SUCCESS: /usr/bin/time -o time_7_bansalr_vdhankar.txt -f "%U" python3 homework.py > stulog.txt 2>&1 on bansalr #####
##### bansalr plays [J d6 f4] in 3.82s #####
##### Running: /usr/lib/jvm/jdk-14.0.1/bin/java -jar /lab/itti/projects/checkers-competition/server/referee.jar on run_7_bansalr_vdhankar #####
Move is valid
##### SUCCESS: /usr/lib/jvm/jdk-14.0.1/bin/java -jar /lab/itti/projects/checkers-competition/server/referee.jar on run_7_bansalr_vdhankar #####
INPUT for vdhankar:
GAME
WHITE
172.346787214279
...b.b.b
..b...b.
.b......
..b.....
.....b.w
w.......
.w.w...w
w.w.w...
##### Running: /usr/bin/time -o time_7_bansalr_vdhankar.txt -f "%U" python3 homework.py > stulog.txt 2>&1 on vdhankar #####
child exited with value 1
##### ERROR: /usr/bin/time -o time_7_bansalr_vdhankar.txt -f "%U" python3 homework.py > stulog.txt 2>&1 on vdhankar #####
##### Output of failed program (stdout + stderr): #####
Traceback (most recent call last):
  File "homework.py", line 546, in <module>
    print(end-start)
NameError: name 'end' is not defined
##### End of output of failed program #####
##### vdhankar plays [E d2 e3] in 14.3133449554443s #####
##### Running: /usr/lib/jvm/jdk-14.0.1/bin/java -jar /lab/itti/projects/checkers-competition/server/referee.jar on run_7_bansalr_vdhankar #####
Move is valid
##### SUCCESS: /usr/lib/jvm/jdk-14.0.1/bin/java -jar /lab/itti/projects/checkers-competition/server/referee.jar on run_7_bansalr_vdhankar #####
INPUT for bansalr:
GAME
BLACK
274.15
...b.b.b
..b...b.
.b......
..b.....
.....b.w
w...w...
.w.....w
w.w.w...
##### Running: /usr/bin/time -o time_7_bansalr_vdhankar.txt -f "%U" python3 homework.py > stulog.txt 2>&1 on bansalr #####
##### SUCCESS: /usr/bin/time -o time_7_bansalr_vdhankar.txt -f "%U" python3 homework.py > stulog.txt 2>&1 on bansalr #####
##### bansalr plays [J f4 d2] in 3.82s #####
##### Running: /usr/lib/jvm/jdk-14.0.1/bin/java -jar /lab/itti/projects/checkers-competition/server/referee.jar on run_7_bansalr_vdhankar #####
Move is valid
##### SUCCESS: /usr/lib/jvm/jdk-14.0.1/bin/java -jar /lab/itti/projects/checkers-competition/server/referee.jar on run_7_bansalr_vdhankar #####
INPUT for vdhankar:
GAME
WHITE
158.033442258835
...b.b.b
..b...b.
.b......
..b.....
.......w
w.......
.w.b...w
w.w.w...
##### Running: /usr/bin/time -o time_7_bansalr_vdhankar.txt -f "%U" python3 homework.py > stulog.txt 2>&1 on vdhankar #####
child exited with value 1
##### ERROR: /usr/bin/time -o time_7_bansalr_vdhankar.txt -f "%U" python3 homework.py > stulog.txt 2>&1 on vdhankar #####
##### Output of failed program (stdout + stderr): #####
Traceback (most recent call last):
  File "homework.py", line 546, in <module>
    print(end-start)
NameError: name 'end' is not defined
##### End of output of failed program #####
##### vdhankar plays [J e1 c3] in 5.81533694267273s #####
##### Running: /usr/lib/jvm/jdk-14.0.1/bin/java -jar /lab/itti/projects/checkers-competition/server/referee.jar on run_7_bansalr_vdhankar #####
Move is valid
##### SUCCESS: /usr/lib/jvm/jdk-14.0.1/bin/java -jar /lab/itti/projects/checkers-competition/server/referee.jar on run_7_bansalr_vdhankar #####
INPUT for bansalr:
GAME
BLACK
270.33
...b.b.b
..b...b.
.b......
..b.....
.......w
w.w.....
.w.....w
w.w.....
##### Running: /usr/bin/time -o time_7_bansalr_vdhankar.txt -f "%U" python3 homework.py > stulog.txt 2>&1 on bansalr #####
##### SUCCESS: /usr/bin/time -o time_7_bansalr_vdhankar.txt -f "%U" python3 homework.py > stulog.txt 2>&1 on bansalr #####
##### bansalr plays [E d8 e7] in 3.8s #####
##### Running: /usr/lib/jvm/jdk-14.0.1/bin/java -jar /lab/itti/projects/checkers-competition/server/referee.jar on run_7_bansalr_vdhankar #####
Move is valid
##### SUCCESS: /usr/lib/jvm/jdk-14.0.1/bin/java -jar /lab/itti/projects/checkers-competition/server/referee.jar on run_7_bansalr_vdhankar #####
INPUT for vdhankar:
GAME
WHITE
152.218105316162
.....b.b
..b.b.b.
.b......
..b.....
.......w
w.w.....
.w.....w
w.w.....
##### Running: /usr/bin/time -o time_7_bansalr_vdhankar.txt -f "%U" python3 homework.py > stulog.txt 2>&1 on vdhankar #####
child exited with value 1
##### ERROR: /usr/bin/time -o time_7_bansalr_vdhankar.txt -f "%U" python3 homework.py > stulog.txt 2>&1 on vdhankar #####
##### Output of failed program (stdout + stderr): #####
Traceback (most recent call last):
  File "homework.py", line 546, in <module>
    print(end-start)
NameError: name 'end' is not defined
##### End of output of failed program #####
##### vdhankar plays [E c1 d2] in 3.58517909049988s #####
##### Running: /usr/lib/jvm/jdk-14.0.1/bin/java -jar /lab/itti/projects/checkers-competition/server/referee.jar on run_7_bansalr_vdhankar #####
Move is valid
##### SUCCESS: /usr/lib/jvm/jdk-14.0.1/bin/java -jar /lab/itti/projects/checkers-competition/server/referee.jar on run_7_bansalr_vdhankar #####
INPUT for bansalr:
GAME
BLACK
266.53
.....b.b
..b.b.b.
.b......
..b.....
.......w
w.w.....
.w.w...w
w.......
##### Running: /usr/bin/time -o time_7_bansalr_vdhankar.txt -f "%U" python3 homework.py > stulog.txt 2>&1 on bansalr #####
##### SUCCESS: /usr/bin/time -o time_7_bansalr_vdhankar.txt -f "%U" python3 homework.py > stulog.txt 2>&1 on bansalr #####
##### bansalr plays [E c7 d6] in 3.8s #####
##### Running: /usr/lib/jvm/jdk-14.0.1/bin/java -jar /lab/itti/projects/checkers-competition/server/referee.jar on run_7_bansalr_vdhankar #####
Move is valid
##### SUCCESS: /usr/lib/jvm/jdk-14.0.1/bin/java -jar /lab/itti/projects/checkers-competition/server/referee.jar on run_7_bansalr_vdhankar #####
INPUT for vdhankar:
GAME
WHITE
148.632926225662
.....b.b
....b.b.
.b.b....
..b.....
.......w
w.w.....
.w.w...w
w.......
##### Running: /usr/bin/time -o time_7_bansalr_vdhankar.txt -f "%U" python3 homework.py > stulog.txt 2>&1 on vdhankar #####
child exited with value 1
##### ERROR: /usr/bin/time -o time_7_bansalr_vdhankar.txt -f "%U" python3 homework.py > stulog.txt 2>&1 on vdhankar #####
##### Output of failed program (stdout + stderr): #####
Traceback (most recent call last):
  File "homework.py", line 546, in <module>
    print(end-start)
NameError: name 'end' is not defined
##### End of output of failed program #####
##### vdhankar plays [E d2 e3] in 3.97132992744446s #####
##### Running: /usr/lib/jvm/jdk-14.0.1/bin/java -jar /lab/itti/projects/checkers-competition/server/referee.jar on run_7_bansalr_vdhankar #####
Move is valid
##### SUCCESS: /usr/lib/jvm/jdk-14.0.1/bin/java -jar /lab/itti/projects/checkers-competition/server/referee.jar on run_7_bansalr_vdhankar #####
INPUT for bansalr:
GAME
BLACK
262.73
.....b.b
....b.b.
.b.b....
..b.....
.......w
w.w.w...
.w.....w
w.......
##### Running: /usr/bin/time -o time_7_bansalr_vdhankar.txt -f "%U" python3 homework.py > stulog.txt 2>&1 on bansalr #####
##### SUCCESS: /usr/bin/time -o time_7_bansalr_vdhankar.txt -f "%U" python3 homework.py > stulog.txt 2>&1 on bansalr #####
##### bansalr plays [E e7 f6] in 3.87s #####
##### Running: /usr/lib/jvm/jdk-14.0.1/bin/java -jar /lab/itti/projects/checkers-competition/server/referee.jar on run_7_bansalr_vdhankar #####
Move is valid
##### SUCCESS: /usr/lib/jvm/jdk-14.0.1/bin/java -jar /lab/itti/projects/checkers-competition/server/referee.jar on run_7_bansalr_vdhankar #####
INPUT for vdhankar:
GAME
WHITE
144.661596298218
.....b.b
......b.
.b.b.b..
..b.....
.......w
w.w.w...
.w.....w
w.......
##### Running: /usr/bin/time -o time_7_bansalr_vdhankar.txt -f "%U" python3 homework.py > stulog.txt 2>&1 on vdhankar #####
child exited with value 1
##### ERROR: /usr/bin/time -o time_7_bansalr_vdhankar.txt -f "%U" python3 homework.py > stulog.txt 2>&1 on vdhankar #####
##### Output of failed program (stdout + stderr): #####
Traceback (most recent call last):
  File "homework.py", line 546, in <module>
    print(end-start)
NameError: name 'end' is not defined
##### End of output of failed program #####
##### vdhankar plays [E e3 f4] in 3.42768383026123s #####
##### Running: /usr/lib/jvm/jdk-14.0.1/bin/java -jar /lab/itti/projects/checkers-competition/server/referee.jar on run_7_bansalr_vdhankar #####
Move is valid
##### SUCCESS: /usr/lib/jvm/jdk-14.0.1/bin/java -jar /lab/itti/projects/checkers-competition/server/referee.jar on run_7_bansalr_vdhankar #####
INPUT for bansalr:
GAME
BLACK
258.86
.....b.b
......b.
.b.b.b..
..b.....
.....w.w
w.w.....
.w.....w
w.......
##### Running: /usr/bin/time -o time_7_bansalr_vdhankar.txt -f "%U" python3 homework.py > stulog.txt 2>&1 on bansalr #####
##### SUCCESS: /usr/bin/time -o time_7_bansalr_vdhankar.txt -f "%U" python3 homework.py > stulog.txt 2>&1 on bansalr #####
##### bansalr plays [E f8 e7] in 3.88s #####
##### Running: /usr/lib/jvm/jdk-14.0.1/bin/java -jar /lab/itti/projects/checkers-competition/server/referee.jar on run_7_bansalr_vdhankar #####
Move is valid
##### SUCCESS: /usr/lib/jvm/jdk-14.0.1/bin/java -jar /lab/itti/projects/checkers-competition/server/referee.jar on run_7_bansalr_vdhankar #####
INPUT for vdhankar:
GAME
WHITE
141.233912467957
.......b
....b.b.
.b.b.b..
..b.....
.....w.w
w.w.....
.w.....w
w.......
##### Running: /usr/bin/time -o time_7_bansalr_vdhankar.txt -f "%U" python3 homework.py > stulog.txt 2>&1 on vdhankar #####
child exited with value 1
##### ERROR: /usr/bin/time -o time_7_bansalr_vdhankar.txt -f "%U" python3 homework.py > stulog.txt 2>&1 on vdhankar #####
##### Output of failed program (stdout + stderr): #####
Traceback (most recent call last):
  File "homework.py", line 546, in <module>
    print(end-start)
NameError: name 'end' is not defined
##### End of output of failed program #####
##### vdhankar plays [E c3 b4] in 1.40147089958191s #####
##### Running: /usr/lib/jvm/jdk-14.0.1/bin/java -jar /lab/itti/projects/checkers-competition/server/referee.jar on run_7_bansalr_vdhankar #####
Move is valid
##### SUCCESS: /usr/lib/jvm/jdk-14.0.1/bin/java -jar /lab/itti/projects/checkers-competition/server/referee.jar on run_7_bansalr_vdhankar #####
INPUT for bansalr:
GAME
BLACK
254.98
.......b
....b.b.
.b.b.b..
..b.....
.w...w.w
w.......
.w.....w
w.......
##### Running: /usr/bin/time -o time_7_bansalr_vdhankar.txt -f "%U" python3 homework.py > stulog.txt 2>&1 on bansalr #####
##### SUCCESS: /usr/bin/time -o time_7_bansalr_vdhankar.txt -f "%U" python3 homework.py > stulog.txt 2>&1 on bansalr #####
##### bansalr plays [E g7 h6] in 4.04s #####
##### Running: /usr/lib/jvm/jdk-14.0.1/bin/java -jar /lab/itti/projects/checkers-competition/server/referee.jar on run_7_bansalr_vdhankar #####
Move is valid
##### SUCCESS: /usr/lib/jvm/jdk-14.0.1/bin/java -jar /lab/itti/projects/checkers-competition/server/referee.jar on run_7_bansalr_vdhankar #####
INPUT for vdhankar:
GAME
WHITE
139.832441568375
.......b
....b...
.b.b.b.b
..b.....
.w...w.w
w.......
.w.....w
w.......
##### Running: /usr/bin/time -o time_7_bansalr_vdhankar.txt -f "%U" python3 homework.py > stulog.txt 2>&1 on vdhankar #####
child exited with value 1
##### ERROR: /usr/bin/time -o time_7_bansalr_vdhankar.txt -f "%U" python3 homework.py > stulog.txt 2>&1 on vdhankar #####
##### Output of failed program (stdout + stderr): #####
Traceback (most recent call last):
  File "homework.py", line 546, in <module>
    print(end-start)
NameError: name 'end' is not defined
##### End of output of failed program #####
##### vdhankar plays [E b4 a5] in 0.984318971633911s #####
##### Running: /usr/lib/jvm/jdk-14.0.1/bin/java -jar /lab/itti/projects/checkers-competition/server/referee.jar on run_7_bansalr_vdhankar #####
Move is valid
##### SUCCESS: /usr/lib/jvm/jdk-14.0.1/bin/java -jar /lab/itti/projects/checkers-competition/server/referee.jar on run_7_bansalr_vdhankar #####
INPUT for bansalr:
GAME
BLACK
250.94
.......b
....b...
.b.b.b.b
w.b.....
.....w.w
w.......
.w.....w
w.......
##### Running: /usr/bin/time -o time_7_bansalr_vdhankar.txt -f "%U" python3 homework.py > stulog.txt 2>&1 on bansalr #####
##### SUCCESS: /usr/bin/time -o time_7_bansalr_vdhankar.txt -f "%U" python3 homework.py > stulog.txt 2>&1 on bansalr #####
##### bansalr plays [E f6 e5] in 4.07s #####
##### Running: /usr/lib/jvm/jdk-14.0.1/bin/java -jar /lab/itti/projects/checkers-competition/server/referee.jar on run_7_bansalr_vdhankar #####
Move is valid
##### SUCCESS: /usr/lib/jvm/jdk-14.0.1/bin/java -jar /lab/itti/projects/checkers-competition/server/referee.jar on run_7_bansalr_vdhankar #####
INPUT for vdhankar:
GAME
WHITE
138.848122596741
.......b
....b...
.b.b...b
w.b.b...
.....w.w
w.......
.w.....w
w.......
##### Running: /usr/bin/time -o time_7_bansalr_vdhankar.txt -f "%U" python3 homework.py > stulog.txt 2>&1 on vdhankar #####
child exited with value 1
##### ERROR: /usr/bin/time -o time_7_bansalr_vdhankar.txt -f "%U" python3 homework.py > stulog.txt 2>&1 on vdhankar #####
##### Output of failed program (stdout + stderr): #####
Traceback (most recent call last):
  File "homework.py", line 546, in <module>
    print(end-start)
NameError: name 'end' is not defined
##### End of output of failed program #####
##### vdhankar plays [J a5 c7] in 0.324856042861938s #####
##### Running: /usr/lib/jvm/jdk-14.0.1/bin/java -jar /lab/itti/projects/checkers-competition/server/referee.jar on run_7_bansalr_vdhankar #####
Move is valid
##### SUCCESS: /usr/lib/jvm/jdk-14.0.1/bin/java -jar /lab/itti/projects/checkers-competition/server/referee.jar on run_7_bansalr_vdhankar #####
INPUT for bansalr:
GAME
BLACK
246.87
.......b
..w.b...
...b...b
..b.b...
.....w.w
w.......
.w.....w
w.......
##### Running: /usr/bin/time -o time_7_bansalr_vdhankar.txt -f "%U" python3 homework.py > stulog.txt 2>&1 on bansalr #####
##### SUCCESS: /usr/bin/time -o time_7_bansalr_vdhankar.txt -f "%U" python3 homework.py > stulog.txt 2>&1 on bansalr #####
##### bansalr plays [J e5 g3] in 1.75s #####
##### Running: /usr/lib/jvm/jdk-14.0.1/bin/java -jar /lab/itti/projects/checkers-competition/server/referee.jar on run_7_bansalr_vdhankar #####
Move is valid
##### SUCCESS: /usr/lib/jvm/jdk-14.0.1/bin/java -jar /lab/itti/projects/checkers-competition/server/referee.jar on run_7_bansalr_vdhankar #####
INPUT for vdhankar:
GAME
WHITE
138.523266553879
.......b
..w.b...
...b...b
..b.....
.......w
w.....b.
.w.....w
w.......
##### Running: /usr/bin/time -o time_7_bansalr_vdhankar.txt -f "%U" python3 homework.py > stulog.txt 2>&1 on vdhankar #####
child exited with value 1
##### ERROR: /usr/bin/time -o time_7_bansalr_vdhankar.txt -f "%U" python3 homework.py > stulog.txt 2>&1 on vdhankar #####
##### Output of failed program (stdout + stderr): #####
Traceback (most recent call last):
  File "homework.py", line 546, in <module>
    print(end-start)
NameError: name 'end' is not defined
##### End of output of failed program #####
##### vdhankar plays [J h2 f4] in 0.773663997650146s #####
##### Running: /usr/lib/jvm/jdk-14.0.1/bin/java -jar /lab/itti/projects/checkers-competition/server/referee.jar on run_7_bansalr_vdhankar #####
Move is valid
##### SUCCESS: /usr/lib/jvm/jdk-14.0.1/bin/java -jar /lab/itti/projects/checkers-competition/server/referee.jar on run_7_bansalr_vdhankar #####
INPUT for bansalr:
GAME
BLACK
245.12
.......b
..w.b...
...b...b
..b.....
.....w.w
w.......
.w......
w.......
##### Running: /usr/bin/time -o time_7_bansalr_vdhankar.txt -f "%U" python3 homework.py > stulog.txt 2>&1 on bansalr #####
##### SUCCESS: /usr/bin/time -o time_7_bansalr_vdhankar.txt -f "%U" python3 homework.py > stulog.txt 2>&1 on bansalr #####
##### bansalr plays [E h8 g7] in 4.08s #####
##### Running: /usr/lib/jvm/jdk-14.0.1/bin/java -jar /lab/itti/projects/checkers-competition/server/referee.jar on run_7_bansalr_vdhankar #####
Move is valid
##### SUCCESS: /usr/lib/jvm/jdk-14.0.1/bin/java -jar /lab/itti/projects/checkers-competition/server/referee.jar on run_7_bansalr_vdhankar #####
INPUT for vdhankar:
GAME
WHITE
137.749602556229
........
..w.b.b.
...b...b
..b.....
.....w.w
w.......
.w......
w.......
##### Running: /usr/bin/time -o time_7_bansalr_vdhankar.txt -f "%U" python3 homework.py > stulog.txt 2>&1 on vdhankar #####
child exited with value 1
##### ERROR: /usr/bin/time -o time_7_bansalr_vdhankar.txt -f "%U" python3 homework.py > stulog.txt 2>&1 on vdhankar #####
##### Output of failed program (stdout + stderr): #####
Traceback (most recent call last):
  File "homework.py", line 546, in <module>
    print(end-start)
NameError: name 'end' is not defined
##### End of output of failed program #####
##### vdhankar plays [E c7 d8] in 1.38822412490845s #####
##### Running: /usr/lib/jvm/jdk-14.0.1/bin/java -jar /lab/itti/projects/checkers-competition/server/referee.jar on run_7_bansalr_vdhankar #####
Move is valid
##### SUCCESS: /usr/lib/jvm/jdk-14.0.1/bin/java -jar /lab/itti/projects/checkers-competition/server/referee.jar on run_7_bansalr_vdhankar #####
INPUT for bansalr:
GAME
BLACK
241.04
...W....
....b.b.
...b...b
..b.....
.....w.w
w.......
.w......
w.......
##### Running: /usr/bin/time -o time_7_bansalr_vdhankar.txt -f "%U" python3 homework.py > stulog.txt 2>&1 on bansalr #####
##### SUCCESS: /usr/bin/time -o time_7_bansalr_vdhankar.txt -f "%U" python3 homework.py > stulog.txt 2>&1 on bansalr #####
##### bansalr plays [E e7 f6] in 3.92s #####
##### Running: /usr/lib/jvm/jdk-14.0.1/bin/java -jar /lab/itti/projects/checkers-competition/server/referee.jar on run_7_bansalr_vdhankar #####
Move is valid
##### SUCCESS: /usr/lib/jvm/jdk-14.0.1/bin/java -jar /lab/itti/projects/checkers-competition/server/referee.jar on run_7_bansalr_vdhankar #####
INPUT for vdhankar:
GAME
WHITE
136.36137843132
...W....
......b.
...b.b.b
..b.....
.....w.w
w.......
.w......
w.......
##### Running: /usr/bin/time -o time_7_bansalr_vdhankar.txt -f "%U" python3 homework.py > stulog.txt 2>&1 on vdhankar #####
child exited with value 1
##### ERROR: /usr/bin/time -o time_7_bansalr_vdhankar.txt -f "%U" python3 homework.py > stulog.txt 2>&1 on vdhankar #####
##### Output of failed program (stdout + stderr): #####
Traceback (most recent call last):
  File "homework.py", line 546, in <module>
    print(end-start)
NameError: name 'end' is not defined
##### End of output of failed program #####
##### vdhankar plays [E d8 c7] in 1.38004493713379s #####
##### Running: /usr/lib/jvm/jdk-14.0.1/bin/java -jar /lab/itti/projects/checkers-competition/server/referee.jar on run_7_bansalr_vdhankar #####
Move is valid
##### SUCCESS: /usr/lib/jvm/jdk-14.0.1/bin/java -jar /lab/itti/projects/checkers-competition/server/referee.jar on run_7_bansalr_vdhankar #####
INPUT for bansalr:
GAME
BLACK
237.12
........
..W...b.
...b.b.b
..b.....
.....w.w
w.......
.w......
w.......
##### Running: /usr/bin/time -o time_7_bansalr_vdhankar.txt -f "%U" python3 homework.py > stulog.txt 2>&1 on bansalr #####
##### SUCCESS: /usr/bin/time -o time_7_bansalr_vdhankar.txt -f "%U" python3 homework.py > stulog.txt 2>&1 on bansalr #####
##### bansalr plays [E f6 e5] in 3.93s #####
##### Running: /usr/lib/jvm/jdk-14.0.1/bin/java -jar /lab/itti/projects/checkers-competition/server/referee.jar on run_7_bansalr_vdhankar #####
Move is valid
##### SUCCESS: /usr/lib/jvm/jdk-14.0.1/bin/java -jar /lab/itti/projects/checkers-competition/server/referee.jar on run_7_bansalr_vdhankar #####
INPUT for vdhankar:
GAME
WHITE
134.981333494186
........
..W...b.
...b...b
..b.b...
.....w.w
w.......
.w......
w.......
##### Running: /usr/bin/time -o time_7_bansalr_vdhankar.txt -f "%U" python3 homework.py > stulog.txt 2>&1 on vdhankar #####
child exited with value 1
##### ERROR: /usr/bin/time -o time_7_bansalr_vdhankar.txt -f "%U" python3 homework.py > stulog.txt 2>&1 on vdhankar #####
##### Output of failed program (stdout + stderr): #####
Traceback (most recent call last):
  File "homework.py", line 546, in <module>
    print(end-start)
NameError: name 'end' is not defined
##### End of output of failed program #####
##### vdhankar plays [E b2 c3] in 1.13264203071594s #####
##### Running: /usr/lib/jvm/jdk-14.0.1/bin/java -jar /lab/itti/projects/checkers-competition/server/referee.jar on run_7_bansalr_vdhankar #####
Move is valid
##### SUCCESS: /usr/lib/jvm/jdk-14.0.1/bin/java -jar /lab/itti/projects/checkers-competition/server/referee.jar on run_7_bansalr_vdhankar #####
INPUT for bansalr:
GAME
BLACK
233.19
........
..W...b.
...b...b
..b.b...
.....w.w
w.w.....
........
w.......
##### Running: /usr/bin/time -o time_7_bansalr_vdhankar.txt -f "%U" python3 homework.py > stulog.txt 2>&1 on bansalr #####
##### SUCCESS: /usr/bin/time -o time_7_bansalr_vdhankar.txt -f "%U" python3 homework.py > stulog.txt 2>&1 on bansalr #####
##### bansalr plays [J e5 g3] in 0.99s #####
##### Running: /usr/lib/jvm/jdk-14.0.1/bin/java -jar /lab/itti/projects/checkers-competition/server/referee.jar on run_7_bansalr_vdhankar #####
Move is valid
##### SUCCESS: /usr/lib/jvm/jdk-14.0.1/bin/java -jar /lab/itti/projects/checkers-competition/server/referee.jar on run_7_bansalr_vdhankar #####
INPUT for vdhankar:
GAME
WHITE
133.84869146347
........
..W...b.
...b...b
..b.....
.......w
w.w...b.
........
w.......
##### Running: /usr/bin/time -o time_7_bansalr_vdhankar.txt -f "%U" python3 homework.py > stulog.txt 2>&1 on vdhankar #####
child exited with value 1
##### ERROR: /usr/bin/time -o time_7_bansalr_vdhankar.txt -f "%U" python3 homework.py > stulog.txt 2>&1 on vdhankar #####
##### Output of failed program (stdout + stderr): #####
Traceback (most recent call last):
  File "homework.py", line 546, in <module>
    print(end-start)
NameError: name 'end' is not defined
##### End of output of failed program #####
##### vdhankar plays [J c7 e5] in 0.855778932571411s #####
##### Running: /usr/lib/jvm/jdk-14.0.1/bin/java -jar /lab/itti/projects/checkers-competition/server/referee.jar on run_7_bansalr_vdhankar #####
Move is valid
##### SUCCESS: /usr/lib/jvm/jdk-14.0.1/bin/java -jar /lab/itti/projects/checkers-competition/server/referee.jar on run_7_bansalr_vdhankar #####
INPUT for bansalr:
GAME
BLACK
232.2
........
......b.
.......b
..b.W...
.......w
w.w...b.
........
w.......
##### Running: /usr/bin/time -o time_7_bansalr_vdhankar.txt -f "%U" python3 homework.py > stulog.txt 2>&1 on bansalr #####
##### SUCCESS: /usr/bin/time -o time_7_bansalr_vdhankar.txt -f "%U" python3 homework.py > stulog.txt 2>&1 on bansalr #####
##### bansalr plays [E g7 f6] in 4.2s #####
##### Running: /usr/lib/jvm/jdk-14.0.1/bin/java -jar /lab/itti/projects/checkers-competition/server/referee.jar on run_7_bansalr_vdhankar #####
Move is valid
##### SUCCESS: /usr/lib/jvm/jdk-14.0.1/bin/java -jar /lab/itti/projects/checkers-competition/server/referee.jar on run_7_bansalr_vdhankar #####
INPUT for vdhankar:
GAME
WHITE
132.992912530899
........
........
.....b.b
..b.W...
.......w
w.w...b.
........
w.......
##### Running: /usr/bin/time -o time_7_bansalr_vdhankar.txt -f "%U" python3 homework.py > stulog.txt 2>&1 on vdhankar #####
child exited with value 1
##### ERROR: /usr/bin/time -o time_7_bansalr_vdhankar.txt -f "%U" python3 homework.py > stulog.txt 2>&1 on vdhankar #####
##### Output of failed program (stdout + stderr): #####
Traceback (most recent call last):
  File "homework.py", line 546, in <module>
    print(end-start)
NameError: name 'end' is not defined
##### End of output of failed program #####
##### vdhankar plays [J e5 g7] in 0.71096396446228s #####
##### Running: /usr/lib/jvm/jdk-14.0.1/bin/java -jar /lab/itti/projects/checkers-competition/server/referee.jar on run_7_bansalr_vdhankar #####
Move is valid
##### SUCCESS: /usr/lib/jvm/jdk-14.0.1/bin/java -jar /lab/itti/projects/checkers-competition/server/referee.jar on run_7_bansalr_vdhankar #####
INPUT for bansalr:
GAME
BLACK
228
........
......W.
.......b
..b.....
.......w
w.w...b.
........
w.......
##### Running: /usr/bin/time -o time_7_bansalr_vdhankar.txt -f "%U" python3 homework.py > stulog.txt 2>&1 on bansalr #####
##### SUCCESS: /usr/bin/time -o time_7_bansalr_vdhankar.txt -f "%U" python3 homework.py > stulog.txt 2>&1 on bansalr #####
##### bansalr plays [E g3 f2] in 4.2s #####
##### Running: /usr/lib/jvm/jdk-14.0.1/bin/java -jar /lab/itti/projects/checkers-competition/server/referee.jar on run_7_bansalr_vdhankar #####
Move is valid
##### SUCCESS: /usr/lib/jvm/jdk-14.0.1/bin/java -jar /lab/itti/projects/checkers-competition/server/referee.jar on run_7_bansalr_vdhankar #####
INPUT for vdhankar:
GAME
WHITE
132.281948566437
........
......W.
.......b
..b.....
.......w
w.w.....
.....b..
w.......
##### Running: /usr/bin/time -o time_7_bansalr_vdhankar.txt -f "%U" python3 homework.py > stulog.txt 2>&1 on vdhankar #####
child exited with value 1
##### ERROR: /usr/bin/time -o time_7_bansalr_vdhankar.txt -f "%U" python3 homework.py > stulog.txt 2>&1 on vdhankar #####
##### Output of failed program (stdout + stderr): #####
Traceback (most recent call last):
  File "homework.py", line 546, in <module>
    print(end-start)
NameError: name 'end' is not defined
##### End of output of failed program #####
##### vdhankar plays [E c3 b4] in 2.49468398094177s #####
##### Running: /usr/lib/jvm/jdk-14.0.1/bin/java -jar /lab/itti/projects/checkers-competition/server/referee.jar on run_7_bansalr_vdhankar #####
Move is valid
##### SUCCESS: /usr/lib/jvm/jdk-14.0.1/bin/java -jar /lab/itti/projects/checkers-competition/server/referee.jar on run_7_bansalr_vdhankar #####
INPUT for bansalr:
GAME
BLACK
223.8
........
......W.
.......b
..b.....
.w.....w
w.......
.....b..
w.......
##### Running: /usr/bin/time -o time_7_bansalr_vdhankar.txt -f "%U" python3 homework.py > stulog.txt 2>&1 on bansalr #####
##### SUCCESS: /usr/bin/time -o time_7_bansalr_vdhankar.txt -f "%U" python3 homework.py > stulog.txt 2>&1 on bansalr #####
##### bansalr plays [E c5 d4] in 3.82s #####
##### Running: /usr/lib/jvm/jdk-14.0.1/bin/java -jar /lab/itti/projects/checkers-competition/server/referee.jar on run_7_bansalr_vdhankar #####
Move is valid
##### SUCCESS: /usr/lib/jvm/jdk-14.0.1/bin/java -jar /lab/itti/projects/checkers-competition/server/referee.jar on run_7_bansalr_vdhankar #####
INPUT for vdhankar:
GAME
WHITE
129.787264585495
........
......W.
.......b
........
.w.b...w
w.......
.....b..
w.......
##### Running: /usr/bin/time -o time_7_bansalr_vdhankar.txt -f "%U" python3 homework.py > stulog.txt 2>&1 on vdhankar #####
child exited with value 1
##### ERROR: /usr/bin/time -o time_7_bansalr_vdhankar.txt -f "%U" python3 homework.py > stulog.txt 2>&1 on vdhankar #####
##### Output of failed program (stdout + stderr): #####
Traceback (most recent call last):
  File "homework.py", line 546, in <module>
    print(end-start)
NameError: name 'end' is not defined
##### End of output of failed program #####
##### vdhankar plays [E b4 c5] in 4.40128612518311s #####
##### Running: /usr/lib/jvm/jdk-14.0.1/bin/java -jar /lab/itti/projects/checkers-competition/server/referee.jar on run_7_bansalr_vdhankar #####
Move is valid
##### SUCCESS: /usr/lib/jvm/jdk-14.0.1/bin/java -jar /lab/itti/projects/checkers-competition/server/referee.jar on run_7_bansalr_vdhankar #####
INPUT for bansalr:
GAME
BLACK
219.98
........
......W.
.......b
..w.....
...b...w
w.......
.....b..
w.......
##### Running: /usr/bin/time -o time_7_bansalr_vdhankar.txt -f "%U" python3 homework.py > stulog.txt 2>&1 on bansalr #####
##### SUCCESS: /usr/bin/time -o time_7_bansalr_vdhankar.txt -f "%U" python3 homework.py > stulog.txt 2>&1 on bansalr #####
##### bansalr plays [E d4 c3] in 4.19s #####
##### Running: /usr/lib/jvm/jdk-14.0.1/bin/java -jar /lab/itti/projects/checkers-competition/server/referee.jar on run_7_bansalr_vdhankar #####
Move is valid
##### SUCCESS: /usr/lib/jvm/jdk-14.0.1/bin/java -jar /lab/itti/projects/checkers-competition/server/referee.jar on run_7_bansalr_vdhankar #####
INPUT for vdhankar:
GAME
WHITE
125.385978460312
........
......W.
.......b
..w.....
.......w
w.b.....
.....b..
w.......
##### Running: /usr/bin/time -o time_7_bansalr_vdhankar.txt -f "%U" python3 homework.py > stulog.txt 2>&1 on vdhankar #####
child exited with value 1
##### ERROR: /usr/bin/time -o time_7_bansalr_vdhankar.txt -f "%U" python3 homework.py > stulog.txt 2>&1 on vdhankar #####
##### Output of failed program (stdout + stderr): #####
Traceback (most recent call last):
  File "homework.py", line 546, in <module>
    print(end-start)
NameError: name 'end' is not defined
##### End of output of failed program #####
##### vdhankar plays [E a3 b4] in 4.36136412620544s #####
##### Running: /usr/lib/jvm/jdk-14.0.1/bin/java -jar /lab/itti/projects/checkers-competition/server/referee.jar on run_7_bansalr_vdhankar #####
Move is valid
##### SUCCESS: /usr/lib/jvm/jdk-14.0.1/bin/java -jar /lab/itti/projects/checkers-competition/server/referee.jar on run_7_bansalr_vdhankar #####
INPUT for bansalr:
GAME
BLACK
215.79
........
......W.
.......b
..w.....
.w.....w
..b.....
.....b..
w.......
##### Running: /usr/bin/time -o time_7_bansalr_vdhankar.txt -f "%U" python3 homework.py > stulog.txt 2>&1 on bansalr #####
##### SUCCESS: /usr/bin/time -o time_7_bansalr_vdhankar.txt -f "%U" python3 homework.py > stulog.txt 2>&1 on bansalr #####
##### bansalr plays [E c3 d2] in 4.19s #####
##### Running: /usr/lib/jvm/jdk-14.0.1/bin/java -jar /lab/itti/projects/checkers-competition/server/referee.jar on run_7_bansalr_vdhankar #####
Move is valid
##### SUCCESS: /usr/lib/jvm/jdk-14.0.1/bin/java -jar /lab/itti/projects/checkers-competition/server/referee.jar on run_7_bansalr_vdhankar #####
INPUT for vdhankar:
GAME
WHITE
121.024614334106
........
......W.
.......b
..w.....
.w.....w
........
...b.b..
w.......
##### Running: /usr/bin/time -o time_7_bansalr_vdhankar.txt -f "%U" python3 homework.py > stulog.txt 2>&1 on vdhankar #####
child exited with value 1
##### ERROR: /usr/bin/time -o time_7_bansalr_vdhankar.txt -f "%U" python3 homework.py > stulog.txt 2>&1 on vdhankar #####
##### Output of failed program (stdout + stderr): #####
Traceback (most recent call last):
  File "homework.py", line 546, in <module>
    print(end-start)
NameError: name 'end' is not defined
##### End of output of failed program #####
##### vdhankar plays [E b4 a5] in 5.06336903572083s #####
##### Running: /usr/lib/jvm/jdk-14.0.1/bin/java -jar /lab/itti/projects/checkers-competition/server/referee.jar on run_7_bansalr_vdhankar #####
Move is valid
##### SUCCESS: /usr/lib/jvm/jdk-14.0.1/bin/java -jar /lab/itti/projects/checkers-competition/server/referee.jar on run_7_bansalr_vdhankar #####
INPUT for bansalr:
GAME
BLACK
211.6
........
......W.
.......b
w.w.....
.......w
........
...b.b..
w.......
##### Running: /usr/bin/time -o time_7_bansalr_vdhankar.txt -f "%U" python3 homework.py > stulog.txt 2>&1 on bansalr #####
##### SUCCESS: /usr/bin/time -o time_7_bansalr_vdhankar.txt -f "%U" python3 homework.py > stulog.txt 2>&1 on bansalr #####
##### bansalr plays [E d2 c1] in 4.23s #####
##### Running: /usr/lib/jvm/jdk-14.0.1/bin/java -jar /lab/itti/projects/checkers-competition/server/referee.jar on run_7_bansalr_vdhankar #####
Move is valid
##### SUCCESS: /usr/lib/jvm/jdk-14.0.1/bin/java -jar /lab/itti/projects/checkers-competition/server/referee.jar on run_7_bansalr_vdhankar #####
INPUT for vdhankar:
GAME
WHITE
115.961245298386
........
......W.
.......b
w.w.....
.......w
........
.....b..
w.B.....
##### Running: /usr/bin/time -o time_7_bansalr_vdhankar.txt -f "%U" python3 homework.py > stulog.txt 2>&1 on vdhankar #####
child exited with value 1
##### ERROR: /usr/bin/time -o time_7_bansalr_vdhankar.txt -f "%U" python3 homework.py > stulog.txt 2>&1 on vdhankar #####
##### Output of failed program (stdout + stderr): #####
Traceback (most recent call last):
  File "homework.py", line 546, in <module>
    print(end-start)
NameError: name 'end' is not defined
##### End of output of failed program #####
##### vdhankar plays [E c5 d6] in 4.3206729888916s #####
##### Running: /usr/lib/jvm/jdk-14.0.1/bin/java -jar /lab/itti/projects/checkers-competition/server/referee.jar on run_7_bansalr_vdhankar #####
Move is valid
##### SUCCESS: /usr/lib/jvm/jdk-14.0.1/bin/java -jar /lab/itti/projects/checkers-competition/server/referee.jar on run_7_bansalr_vdhankar #####
INPUT for bansalr:
GAME
BLACK
207.37
........
......W.
...w...b
w.......
.......w
........
.....b..
w.B.....
##### Running: /usr/bin/time -o time_7_bansalr_vdhankar.txt -f "%U" python3 homework.py > stulog.txt 2>&1 on bansalr #####
##### SUCCESS: /usr/bin/time -o time_7_bansalr_vdhankar.txt -f "%U" python3 homework.py > stulog.txt 2>&1 on bansalr #####
##### bansalr plays [E c1 d2] in 4.13s #####
##### Running: /usr/lib/jvm/jdk-14.0.1/bin/java -jar /lab/itti/projects/checkers-competition/server/referee.jar on run_7_bansalr_vdhankar #####
Move is valid
##### SUCCESS: /usr/lib/jvm/jdk-14.0.1/bin/java -jar /lab/itti/projects/checkers-competition/server/referee.jar on run_7_bansalr_vdhankar #####
INPUT for vdhankar:
GAME
WHITE
111.640572309494
........
......W.
...w...b
w.......
.......w
........
...B.b..
w.......
##### Running: /usr/bin/time -o time_7_bansalr_vdhankar.txt -f "%U" python3 homework.py > stulog.txt 2>&1 on vdhankar #####
child exited with value 1
##### ERROR: /usr/bin/time -o time_7_bansalr_vdhankar.txt -f "%U" python3 homework.py > stulog.txt 2>&1 on vdhankar #####
##### Output of failed program (stdout + stderr): #####
Traceback (most recent call last):
  File "homework.py", line 546, in <module>
    print(end-start)
NameError: name 'end' is not defined
##### End of output of failed program #####
##### vdhankar plays [E g7 f6] in 6.30994701385498s #####
##### Running: /usr/lib/jvm/jdk-14.0.1/bin/java -jar /lab/itti/projects/checkers-competition/server/referee.jar on run_7_bansalr_vdhankar #####
Move is valid
##### SUCCESS: /usr/lib/jvm/jdk-14.0.1/bin/java -jar /lab/itti/projects/checkers-competition/server/referee.jar on run_7_bansalr_vdhankar #####
INPUT for bansalr:
GAME
BLACK
203.24
........
........
...w.W.b
w.......
.......w
........
...B.b..
w.......
##### Running: /usr/bin/time -o time_7_bansalr_vdhankar.txt -f "%U" python3 homework.py > stulog.txt 2>&1 on bansalr #####
##### SUCCESS: /usr/bin/time -o time_7_bansalr_vdhankar.txt -f "%U" python3 homework.py > stulog.txt 2>&1 on bansalr #####
##### bansalr plays [E d2 c1] in 4.23s #####
##### Running: /usr/lib/jvm/jdk-14.0.1/bin/java -jar /lab/itti/projects/checkers-competition/server/referee.jar on run_7_bansalr_vdhankar #####
Move is valid
##### SUCCESS: /usr/lib/jvm/jdk-14.0.1/bin/java -jar /lab/itti/projects/checkers-competition/server/referee.jar on run_7_bansalr_vdhankar #####
INPUT for vdhankar:
GAME
WHITE
105.330625295639
........
........
...w.W.b
w.......
.......w
........
.....b..
w.B.....
##### Running: /usr/bin/time -o time_7_bansalr_vdhankar.txt -f "%U" python3 homework.py > stulog.txt 2>&1 on vdhankar #####
child exited with value 1
##### ERROR: /usr/bin/time -o time_7_bansalr_vdhankar.txt -f "%U" python3 homework.py > stulog.txt 2>&1 on vdhankar #####
##### Output of failed program (stdout + stderr): #####
Traceback (most recent call last):
  File "homework.py", line 546, in <module>
    print(end-start)
NameError: name 'end' is not defined
##### End of output of failed program #####
##### vdhankar plays [E a1 b2] in 4.34221816062927s #####
##### Running: /usr/lib/jvm/jdk-14.0.1/bin/java -jar /lab/itti/projects/checkers-competition/server/referee.jar on run_7_bansalr_vdhankar #####
Move is valid
##### SUCCESS: /usr/lib/jvm/jdk-14.0.1/bin/java -jar /lab/itti/projects/checkers-competition/server/referee.jar on run_7_bansalr_vdhankar #####
INPUT for bansalr:
GAME
BLACK
199.01
........
........
...w.W.b
w.......
.......w
........
.w...b..
..B.....
##### Running: /usr/bin/time -o time_7_bansalr_vdhankar.txt -f "%U" python3 homework.py > stulog.txt 2>&1 on bansalr #####
##### SUCCESS: /usr/bin/time -o time_7_bansalr_vdhankar.txt -f "%U" python3 homework.py > stulog.txt 2>&1 on bansalr #####
##### bansalr plays [J c1 a3] in 4.23s #####
##### Running: /usr/lib/jvm/jdk-14.0.1/bin/java -jar /lab/itti/projects/checkers-competition/server/referee.jar on run_7_bansalr_vdhankar #####
Move is valid
##### SUCCESS: /usr/lib/jvm/jdk-14.0.1/bin/java -jar /lab/itti/projects/checkers-competition/server/referee.jar on run_7_bansalr_vdhankar #####
INPUT for vdhankar:
GAME
WHITE
100.98840713501
........
........
...w.W.b
w.......
.......w
B.......
.....b..
........
##### Running: /usr/bin/time -o time_7_bansalr_vdhankar.txt -f "%U" python3 homework.py > stulog.txt 2>&1 on vdhankar #####
child exited with value 1
##### ERROR: /usr/bin/time -o time_7_bansalr_vdhankar.txt -f "%U" python3 homework.py > stulog.txt 2>&1 on vdhankar #####
##### Output of failed program (stdout + stderr): #####
Traceback (most recent call last):
  File "homework.py", line 546, in <module>
    print(end-start)
NameError: name 'end' is not defined
##### End of output of failed program #####
##### vdhankar plays [E a5 b6] in 7.55811500549316s #####
##### Running: /usr/lib/jvm/jdk-14.0.1/bin/java -jar /lab/itti/projects/checkers-competition/server/referee.jar on run_7_bansalr_vdhankar #####
Move is valid
##### SUCCESS: /usr/lib/jvm/jdk-14.0.1/bin/java -jar /lab/itti/projects/checkers-competition/server/referee.jar on run_7_bansalr_vdhankar #####
INPUT for bansalr:
GAME
BLACK
194.78
........
........
.w.w.W.b
........
.......w
B.......
.....b..
........
##### Running: /usr/bin/time -o time_7_bansalr_vdhankar.txt -f "%U" python3 homework.py > stulog.txt 2>&1 on bansalr #####
##### SUCCESS: /usr/bin/time -o time_7_bansalr_vdhankar.txt -f "%U" python3 homework.py > stulog.txt 2>&1 on bansalr #####
##### bansalr plays [E a3 b2] in 4.12s #####
##### Running: /usr/lib/jvm/jdk-14.0.1/bin/java -jar /lab/itti/projects/checkers-competition/server/referee.jar on run_7_bansalr_vdhankar #####
Move is valid
##### SUCCESS: /usr/lib/jvm/jdk-14.0.1/bin/java -jar /lab/itti/projects/checkers-competition/server/referee.jar on run_7_bansalr_vdhankar #####
INPUT for vdhankar:
GAME
WHITE
93.4302921295166
........
........
.w.w.W.b
........
.......w
........
.B...b..
........
##### Running: /usr/bin/time -o time_7_bansalr_vdhankar.txt -f "%U" python3 homework.py > stulog.txt 2>&1 on vdhankar #####
child exited with value 1
##### ERROR: /usr/bin/time -o time_7_bansalr_vdhankar.txt -f "%U" python3 homework.py > stulog.txt 2>&1 on vdhankar #####
##### Output of failed program (stdout + stderr): #####
Traceback (most recent call last):
  File "homework.py", line 546, in <module>
    print(end-start)
NameError: name 'end' is not defined
##### End of output of failed program #####
##### vdhankar plays [E d6 e7] in 10.309602022171s #####
##### Running: /usr/lib/jvm/jdk-14.0.1/bin/java -jar /lab/itti/projects/checkers-competition/server/referee.jar on run_7_bansalr_vdhankar #####
Move is valid
##### SUCCESS: /usr/lib/jvm/jdk-14.0.1/bin/java -jar /lab/itti/projects/checkers-competition/server/referee.jar on run_7_bansalr_vdhankar #####
INPUT for bansalr:
GAME
BLACK
190.66
........
....w...
.w...W.b
........
.......w
........
.B...b..
........
##### Running: /usr/bin/time -o time_7_bansalr_vdhankar.txt -f "%U" python3 homework.py > stulog.txt 2>&1 on bansalr #####
##### SUCCESS: /usr/bin/time -o time_7_bansalr_vdhankar.txt -f "%U" python3 homework.py > stulog.txt 2>&1 on bansalr #####
##### bansalr plays [E b2 a1] in 4.01s #####
##### Running: /usr/lib/jvm/jdk-14.0.1/bin/java -jar /lab/itti/projects/checkers-competition/server/referee.jar on run_7_bansalr_vdhankar #####
Move is valid
##### SUCCESS: /usr/lib/jvm/jdk-14.0.1/bin/java -jar /lab/itti/projects/checkers-competition/server/referee.jar on run_7_bansalr_vdhankar #####
INPUT for vdhankar:
GAME
WHITE
83.1206901073456
........
....w...
.w...W.b
........
.......w
........
.....b..
B.......
##### Running: /usr/bin/time -o time_7_bansalr_vdhankar.txt -f "%U" python3 homework.py > stulog.txt 2>&1 on vdhankar #####
child exited with value 1
##### ERROR: /usr/bin/time -o time_7_bansalr_vdhankar.txt -f "%U" python3 homework.py > stulog.txt 2>&1 on vdhankar #####
##### Output of failed program (stdout + stderr): #####
Traceback (most recent call last):
  File "homework.py", line 546, in <module>
    print(end-start)
NameError: name 'end' is not defined
##### End of output of failed program #####
##### vdhankar plays [E b6 c7] in 4.09641003608704s #####
##### Running: /usr/lib/jvm/jdk-14.0.1/bin/java -jar /lab/itti/projects/checkers-competition/server/referee.jar on run_7_bansalr_vdhankar #####
Move is valid
##### SUCCESS: /usr/lib/jvm/jdk-14.0.1/bin/java -jar /lab/itti/projects/checkers-competition/server/referee.jar on run_7_bansalr_vdhankar #####
INPUT for bansalr:
GAME
BLACK
186.65
........
..w.w...
.....W.b
........
.......w
........
.....b..
B.......
##### Running: /usr/bin/time -o time_7_bansalr_vdhankar.txt -f "%U" python3 homework.py > stulog.txt 2>&1 on bansalr #####
##### SUCCESS: /usr/bin/time -o time_7_bansalr_vdhankar.txt -f "%U" python3 homework.py > stulog.txt 2>&1 on bansalr #####
##### bansalr plays [E a1 b2] in 4.27s #####
##### Running: /usr/lib/jvm/jdk-14.0.1/bin/java -jar /lab/itti/projects/checkers-competition/server/referee.jar on run_7_bansalr_vdhankar #####
Move is valid
##### SUCCESS: /usr/lib/jvm/jdk-14.0.1/bin/java -jar /lab/itti/projects/checkers-competition/server/referee.jar on run_7_bansalr_vdhankar #####
INPUT for vdhankar:
GAME
WHITE
79.0242800712585
........
..w.w...
.....W.b
........
.......w
........
.B...b..
........
##### Running: /usr/bin/time -o time_7_bansalr_vdhankar.txt -f "%U" python3 homework.py > stulog.txt 2>&1 on vdhankar #####
child exited with value 1
##### ERROR: /usr/bin/time -o time_7_bansalr_vdhankar.txt -f "%U" python3 homework.py > stulog.txt 2>&1 on vdhankar #####
##### Output of failed program (stdout + stderr): #####
Traceback (most recent call last):
  File "homework.py", line 546, in <module>
    print(end-start)
NameError: name 'end' is not defined
##### End of output of failed program #####
##### vdhankar plays [E f6 e5] in 13.7831649780273s #####
##### Running: /usr/lib/jvm/jdk-14.0.1/bin/java -jar /lab/itti/projects/checkers-competition/server/referee.jar on run_7_bansalr_vdhankar #####
Move is valid
##### SUCCESS: /usr/lib/jvm/jdk-14.0.1/bin/java -jar /lab/itti/projects/checkers-competition/server/referee.jar on run_7_bansalr_vdhankar #####
INPUT for bansalr:
GAME
BLACK
182.38
........
..w.w...
.......b
....W...
.......w
........
.B...b..
........
##### Running: /usr/bin/time -o time_7_bansalr_vdhankar.txt -f "%U" python3 homework.py > stulog.txt 2>&1 on bansalr #####
##### SUCCESS: /usr/bin/time -o time_7_bansalr_vdhankar.txt -f "%U" python3 homework.py > stulog.txt 2>&1 on bansalr #####
##### bansalr plays [E f2 e1] in 4.26s #####
##### Running: /usr/lib/jvm/jdk-14.0.1/bin/java -jar /lab/itti/projects/checkers-competition/server/referee.jar on run_7_bansalr_vdhankar #####
Move is valid
##### SUCCESS: /usr/lib/jvm/jdk-14.0.1/bin/java -jar /lab/itti/projects/checkers-competition/server/referee.jar on run_7_bansalr_vdhankar #####
INPUT for vdhankar:
GAME
WHITE
65.2411150932312
........
..w.w...
.......b
....W...
.......w
........
.B......
....B...
##### Running: /usr/bin/time -o time_7_bansalr_vdhankar.txt -f "%U" python3 homework.py > stulog.txt 2>&1 on vdhankar #####
child exited with value 1
##### ERROR: /usr/bin/time -o time_7_bansalr_vdhankar.txt -f "%U" python3 homework.py > stulog.txt 2>&1 on vdhankar #####
##### Output of failed program (stdout + stderr): #####
Traceback (most recent call last):
  File "homework.py", line 546, in <module>
    print(end-start)
NameError: name 'end' is not defined
##### End of output of failed program #####
##### vdhankar plays [E e5 f4] in 9.66759419441223s #####
##### Running: /usr/lib/jvm/jdk-14.0.1/bin/java -jar /lab/itti/projects/checkers-competition/server/referee.jar on run_7_bansalr_vdhankar #####
Move is valid
##### SUCCESS: /usr/lib/jvm/jdk-14.0.1/bin/java -jar /lab/itti/projects/checkers-competition/server/referee.jar on run_7_bansalr_vdhankar #####
INPUT for bansalr:
GAME
BLACK
178.12
........
..w.w...
.......b
........
.....W.w
........
.B......
....B...
##### Running: /usr/bin/time -o time_7_bansalr_vdhankar.txt -f "%U" python3 homework.py > stulog.txt 2>&1 on bansalr #####
##### SUCCESS: /usr/bin/time -o time_7_bansalr_vdhankar.txt -f "%U" python3 homework.py > stulog.txt 2>&1 on bansalr #####
##### bansalr plays [E b2 a1] in 4.27s #####
##### Running: /usr/lib/jvm/jdk-14.0.1/bin/java -jar /lab/itti/projects/checkers-competition/server/referee.jar on run_7_bansalr_vdhankar #####
Move is valid
##### SUCCESS: /usr/lib/jvm/jdk-14.0.1/bin/java -jar /lab/itti/projects/checkers-competition/server/referee.jar on run_7_bansalr_vdhankar #####
INPUT for vdhankar:
GAME
WHITE
55.573520898819
........
..w.w...
.......b
........
.....W.w
........
........
B...B...
##### Running: /usr/bin/time -o time_7_bansalr_vdhankar.txt -f "%U" python3 homework.py > stulog.txt 2>&1 on vdhankar #####
child exited with value 1
##### ERROR: /usr/bin/time -o time_7_bansalr_vdhankar.txt -f "%U" python3 homework.py > stulog.txt 2>&1 on vdhankar #####
##### Output of failed program (stdout + stderr): #####
Traceback (most recent call last):
  File "homework.py", line 546, in <module>
    print(end-start)
NameError: name 'end' is not defined
##### End of output of failed program #####
##### vdhankar plays [E f4 e5] in 4.47158193588257s #####
##### Running: /usr/lib/jvm/jdk-14.0.1/bin/java -jar /lab/itti/projects/checkers-competition/server/referee.jar on run_7_bansalr_vdhankar #####
Move is valid
##### SUCCESS: /usr/lib/jvm/jdk-14.0.1/bin/java -jar /lab/itti/projects/checkers-competition/server/referee.jar on run_7_bansalr_vdhankar #####
INPUT for bansalr:
GAME
BLACK
173.85
........
..w.w...
.......b
....W...
.......w
........
........
B...B...
##### Running: /usr/bin/time -o time_7_bansalr_vdhankar.txt -f "%U" python3 homework.py > stulog.txt 2>&1 on bansalr #####
##### SUCCESS: /usr/bin/time -o time_7_bansalr_vdhankar.txt -f "%U" python3 homework.py > stulog.txt 2>&1 on bansalr #####
##### bansalr plays [E a1 b2] in 3.72s #####
##### Running: /usr/lib/jvm/jdk-14.0.1/bin/java -jar /lab/itti/projects/checkers-competition/server/referee.jar on run_7_bansalr_vdhankar #####
Move is valid
##### SUCCESS: /usr/lib/jvm/jdk-14.0.1/bin/java -jar /lab/itti/projects/checkers-competition/server/referee.jar on run_7_bansalr_vdhankar #####
INPUT for vdhankar:
GAME
WHITE
51.1019389629364
........
..w.w...
.......b
....W...
.......w
........
.B......
....B...
##### Running: /usr/bin/time -o time_7_bansalr_vdhankar.txt -f "%U" python3 homework.py > stulog.txt 2>&1 on vdhankar #####
child exited with value 1
##### ERROR: /usr/bin/time -o time_7_bansalr_vdhankar.txt -f "%U" python3 homework.py > stulog.txt 2>&1 on vdhankar #####
##### Output of failed program (stdout + stderr): #####
Traceback (most recent call last):
  File "homework.py", line 546, in <module>
    print(end-start)
NameError: name 'end' is not defined
##### End of output of failed program #####
##### vdhankar plays [E e5 f4] in 9.84078097343445s #####
##### Running: /usr/lib/jvm/jdk-14.0.1/bin/java -jar /lab/itti/projects/checkers-competition/server/referee.jar on run_7_bansalr_vdhankar #####
Move is valid
##### SUCCESS: /usr/lib/jvm/jdk-14.0.1/bin/java -jar /lab/itti/projects/checkers-competition/server/referee.jar on run_7_bansalr_vdhankar #####
INPUT for bansalr:
GAME
BLACK
170.13
........
..w.w...
.......b
........
.....W.w
........
.B......
....B...
##### Running: /usr/bin/time -o time_7_bansalr_vdhankar.txt -f "%U" python3 homework.py > stulog.txt 2>&1 on bansalr #####
##### SUCCESS: /usr/bin/time -o time_7_bansalr_vdhankar.txt -f "%U" python3 homework.py > stulog.txt 2>&1 on bansalr #####
##### bansalr plays [E b2 a1] in 4.26s #####
##### Running: /usr/lib/jvm/jdk-14.0.1/bin/java -jar /lab/itti/projects/checkers-competition/server/referee.jar on run_7_bansalr_vdhankar #####
Move is valid
##### SUCCESS: /usr/lib/jvm/jdk-14.0.1/bin/java -jar /lab/itti/projects/checkers-competition/server/referee.jar on run_7_bansalr_vdhankar #####
INPUT for vdhankar:
GAME
WHITE
41.261157989502
........
..w.w...
.......b
........
.....W.w
........
........
B...B...
##### Running: /usr/bin/time -o time_7_bansalr_vdhankar.txt -f "%U" python3 homework.py > stulog.txt 2>&1 on vdhankar #####
child exited with value 1
##### ERROR: /usr/bin/time -o time_7_bansalr_vdhankar.txt -f "%U" python3 homework.py > stulog.txt 2>&1 on vdhankar #####
##### Output of failed program (stdout + stderr): #####
Traceback (most recent call last):
  File "homework.py", line 546, in <module>
    print(end-start)
NameError: name 'end' is not defined
##### End of output of failed program #####
##### vdhankar plays [E f4 e5] in 1.85037589073181s #####
##### Running: /usr/lib/jvm/jdk-14.0.1/bin/java -jar /lab/itti/projects/checkers-competition/server/referee.jar on run_7_bansalr_vdhankar #####
Move is valid
##### SUCCESS: /usr/lib/jvm/jdk-14.0.1/bin/java -jar /lab/itti/projects/checkers-competition/server/referee.jar on run_7_bansalr_vdhankar #####
INPUT for bansalr:
GAME
BLACK
165.87
........
..w.w...
.......b
....W...
.......w
........
........
B...B...
##### Running: /usr/bin/time -o time_7_bansalr_vdhankar.txt -f "%U" python3 homework.py > stulog.txt 2>&1 on bansalr #####
##### SUCCESS: /usr/bin/time -o time_7_bansalr_vdhankar.txt -f "%U" python3 homework.py > stulog.txt 2>&1 on bansalr #####
##### bansalr plays [E a1 b2] in 3.84s #####
##### Running: /usr/lib/jvm/jdk-14.0.1/bin/java -jar /lab/itti/projects/checkers-competition/server/referee.jar on run_7_bansalr_vdhankar #####
Move is valid
##### SUCCESS: /usr/lib/jvm/jdk-14.0.1/bin/java -jar /lab/itti/projects/checkers-competition/server/referee.jar on run_7_bansalr_vdhankar #####
INPUT for vdhankar:
GAME
WHITE
39.4107820987701
........
..w.w...
.......b
....W...
.......w
........
.B......
....B...
##### Running: /usr/bin/time -o time_7_bansalr_vdhankar.txt -f "%U" python3 homework.py > stulog.txt 2>&1 on vdhankar #####
child exited with value 1
##### ERROR: /usr/bin/time -o time_7_bansalr_vdhankar.txt -f "%U" python3 homework.py > stulog.txt 2>&1 on vdhankar #####
##### Output of failed program (stdout + stderr): #####
Traceback (most recent call last):
  File "homework.py", line 546, in <module>
    print(end-start)
NameError: name 'end' is not defined
##### End of output of failed program #####
##### vdhankar plays [E e5 d4] in 2.01504588127136s #####
##### Running: /usr/lib/jvm/jdk-14.0.1/bin/java -jar /lab/itti/projects/checkers-competition/server/referee.jar on run_7_bansalr_vdhankar #####
Move is valid
Seen this position 3 times
*** Game ends in draw ***
##### SUCCESS: /usr/lib/jvm/jdk-14.0.1/bin/java -jar /lab/itti/projects/checkers-competition/server/referee.jar on run_7_bansalr_vdhankar #####
##### GAME ENDS IN A DRAW. Time left for bansalr: 162.03s, vdhankar: 37.3957362174988s
Server said: DRAW
##### GAME OVER: the game ends in a draw, bansalr wins by time remaining #####
########## ROUND 7 GAMESCORE AFTER GAME 4: bansalr=3 and vdhankar=1 ##########


########## GRAND WINNER ROUND 7 IS bansalr BY 3 vs 1 GAMESCORE ##########
