#################### ROUND 22: vdhankar (B) vs bowenyua (W): game 1 ####################
##### game start! #####
INPUT for vdhankar:
GAME
BLACK
300
.b.b.b.b
b.b.b.b.
.b.b.b.b
........
........
w.w.w.w.
.w.w.w.w
w.w.w.w.
##### Running: /usr/bin/time -o time_22_vdhankar_bowenyua.txt -f "%U" python3 homework.py > stulog.txt 2>&1 on vdhankar #####
child exited with value 1
##### ERROR: /usr/bin/time -o time_22_vdhankar_bowenyua.txt -f "%U" python3 homework.py > stulog.txt 2>&1 on vdhankar #####
##### Output of failed program (stdout + stderr): #####
Traceback (most recent call last):
  File "homework.py", line 546, in <module>
    print(end-start)
NameError: name 'end' is not defined
##### End of output of failed program #####
##### vdhankar plays [E h6 g5] in 11.3675441741943s #####
##### Running: /usr/lib/jvm/jdk-14.0.1/bin/java -jar /lab/itti/projects/checkers-competition/server/referee.jar on run_22_vdhankar_bowenyua #####
Move is valid
Couldn't read file 'current_ply.txt'
Couldn't read content from file 'current_ply.txt'
Couldn't read file 'lastmatchange_ply.txt'
Couldn't read content from file 'lastmatchange_ply.txt'
##### SUCCESS: /usr/lib/jvm/jdk-14.0.1/bin/java -jar /lab/itti/projects/checkers-competition/server/referee.jar on run_22_vdhankar_bowenyua #####
INPUT for bowenyua:
GAME
WHITE
300
.b.b.b.b
b.b.b.b.
.b.b.b..
......b.
........
w.w.w.w.
.w.w.w.w
w.w.w.w.
##### Running: /usr/bin/time -o time_22_vdhankar_bowenyua.txt -f "%U" python3 homework.py > stulog.txt 2>&1 on bowenyua #####
##### SUCCESS: /usr/bin/time -o time_22_vdhankar_bowenyua.txt -f "%U" python3 homework.py > stulog.txt 2>&1 on bowenyua #####
##### bowenyua plays [E a3 b4] in 1.78s #####
##### Running: /usr/lib/jvm/jdk-14.0.1/bin/java -jar /lab/itti/projects/checkers-competition/server/referee.jar on run_22_vdhankar_bowenyua #####
Move is valid
##### SUCCESS: /usr/lib/jvm/jdk-14.0.1/bin/java -jar /lab/itti/projects/checkers-competition/server/referee.jar on run_22_vdhankar_bowenyua #####
INPUT for vdhankar:
GAME
BLACK
288.632455825806
.b.b.b.b
b.b.b.b.
.b.b.b..
......b.
.w......
..w.w.w.
.w.w.w.w
w.w.w.w.
##### Running: /usr/bin/time -o time_22_vdhankar_bowenyua.txt -f "%U" python3 homework.py > stulog.txt 2>&1 on vdhankar #####
child exited with value 1
##### ERROR: /usr/bin/time -o time_22_vdhankar_bowenyua.txt -f "%U" python3 homework.py > stulog.txt 2>&1 on vdhankar #####
##### Output of failed program (stdout + stderr): #####
Traceback (most recent call last):
  File "homework.py", line 546, in <module>
    print(end-start)
NameError: name 'end' is not defined
##### End of output of failed program #####
##### vdhankar plays [E g5 h4] in 9.80343103408813s #####
##### Running: /usr/lib/jvm/jdk-14.0.1/bin/java -jar /lab/itti/projects/checkers-competition/server/referee.jar on run_22_vdhankar_bowenyua #####
Move is valid
##### SUCCESS: /usr/lib/jvm/jdk-14.0.1/bin/java -jar /lab/itti/projects/checkers-competition/server/referee.jar on run_22_vdhankar_bowenyua #####
INPUT for bowenyua:
GAME
WHITE
298.22
.b.b.b.b
b.b.b.b.
.b.b.b..
........
.w.....b
..w.w.w.
.w.w.w.w
w.w.w.w.
##### Running: /usr/bin/time -o time_22_vdhankar_bowenyua.txt -f "%U" python3 homework.py > stulog.txt 2>&1 on bowenyua #####
##### SUCCESS: /usr/bin/time -o time_22_vdhankar_bowenyua.txt -f "%U" python3 homework.py > stulog.txt 2>&1 on bowenyua #####
##### bowenyua plays [E b4 a5] in 1.61s #####
##### Running: /usr/lib/jvm/jdk-14.0.1/bin/java -jar /lab/itti/projects/checkers-competition/server/referee.jar on run_22_vdhankar_bowenyua #####
Move is valid
##### SUCCESS: /usr/lib/jvm/jdk-14.0.1/bin/java -jar /lab/itti/projects/checkers-competition/server/referee.jar on run_22_vdhankar_bowenyua #####
INPUT for vdhankar:
GAME
BLACK
278.829024791718
.b.b.b.b
b.b.b.b.
.b.b.b..
w.......
.......b
..w.w.w.
.w.w.w.w
w.w.w.w.
##### Running: /usr/bin/time -o time_22_vdhankar_bowenyua.txt -f "%U" python3 homework.py > stulog.txt 2>&1 on vdhankar #####
child exited with value 1
##### ERROR: /usr/bin/time -o time_22_vdhankar_bowenyua.txt -f "%U" python3 homework.py > stulog.txt 2>&1 on vdhankar #####
##### Output of failed program (stdout + stderr): #####
Traceback (most recent call last):
  File "homework.py", line 546, in <module>
    print(end-start)
NameError: name 'end' is not defined
##### End of output of failed program #####
##### vdhankar plays [E d6 e5] in 7.54486298561096s #####
##### Running: /usr/lib/jvm/jdk-14.0.1/bin/java -jar /lab/itti/projects/checkers-competition/server/referee.jar on run_22_vdhankar_bowenyua #####
Move is valid
##### SUCCESS: /usr/lib/jvm/jdk-14.0.1/bin/java -jar /lab/itti/projects/checkers-competition/server/referee.jar on run_22_vdhankar_bowenyua #####
INPUT for bowenyua:
GAME
WHITE
296.61
.b.b.b.b
b.b.b.b.
.b...b..
w...b...
.......b
..w.w.w.
.w.w.w.w
w.w.w.w.
##### Running: /usr/bin/time -o time_22_vdhankar_bowenyua.txt -f "%U" python3 homework.py > stulog.txt 2>&1 on bowenyua #####
##### SUCCESS: /usr/bin/time -o time_22_vdhankar_bowenyua.txt -f "%U" python3 homework.py > stulog.txt 2>&1 on bowenyua #####
##### bowenyua plays [E c3 b4] in 0.25s #####
##### Running: /usr/lib/jvm/jdk-14.0.1/bin/java -jar /lab/itti/projects/checkers-competition/server/referee.jar on run_22_vdhankar_bowenyua #####
Move is valid
##### SUCCESS: /usr/lib/jvm/jdk-14.0.1/bin/java -jar /lab/itti/projects/checkers-competition/server/referee.jar on run_22_vdhankar_bowenyua #####
INPUT for vdhankar:
GAME
BLACK
271.284161806107
.b.b.b.b
b.b.b.b.
.b...b..
w...b...
.w.....b
....w.w.
.w.w.w.w
w.w.w.w.
##### Running: /usr/bin/time -o time_22_vdhankar_bowenyua.txt -f "%U" python3 homework.py > stulog.txt 2>&1 on vdhankar #####
child exited with value 1
##### ERROR: /usr/bin/time -o time_22_vdhankar_bowenyua.txt -f "%U" python3 homework.py > stulog.txt 2>&1 on vdhankar #####
##### Output of failed program (stdout + stderr): #####
Traceback (most recent call last):
  File "homework.py", line 546, in <module>
    print(end-start)
NameError: name 'end' is not defined
##### End of output of failed program #####
##### vdhankar plays [E e7 d6] in 3.54472208023071s #####
##### Running: /usr/lib/jvm/jdk-14.0.1/bin/java -jar /lab/itti/projects/checkers-competition/server/referee.jar on run_22_vdhankar_bowenyua #####
Move is valid
##### SUCCESS: /usr/lib/jvm/jdk-14.0.1/bin/java -jar /lab/itti/projects/checkers-competition/server/referee.jar on run_22_vdhankar_bowenyua #####
INPUT for bowenyua:
GAME
WHITE
296.36
.b.b.b.b
b.b...b.
.b.b.b..
w...b...
.w.....b
....w.w.
.w.w.w.w
w.w.w.w.
##### Running: /usr/bin/time -o time_22_vdhankar_bowenyua.txt -f "%U" python3 homework.py > stulog.txt 2>&1 on bowenyua #####
##### SUCCESS: /usr/bin/time -o time_22_vdhankar_bowenyua.txt -f "%U" python3 homework.py > stulog.txt 2>&1 on bowenyua #####
##### bowenyua plays [E e3 f4] in 1.16s #####
##### Running: /usr/lib/jvm/jdk-14.0.1/bin/java -jar /lab/itti/projects/checkers-competition/server/referee.jar on run_22_vdhankar_bowenyua #####
Move is valid
##### SUCCESS: /usr/lib/jvm/jdk-14.0.1/bin/java -jar /lab/itti/projects/checkers-competition/server/referee.jar on run_22_vdhankar_bowenyua #####
INPUT for vdhankar:
GAME
BLACK
267.739439725876
.b.b.b.b
b.b...b.
.b.b.b..
w...b...
.w...w.b
......w.
.w.w.w.w
w.w.w.w.
##### Running: /usr/bin/time -o time_22_vdhankar_bowenyua.txt -f "%U" python3 homework.py > stulog.txt 2>&1 on vdhankar #####
child exited with value 1
##### ERROR: /usr/bin/time -o time_22_vdhankar_bowenyua.txt -f "%U" python3 homework.py > stulog.txt 2>&1 on vdhankar #####
##### Output of failed program (stdout + stderr): #####
Traceback (most recent call last):
  File "homework.py", line 546, in <module>
    print(end-start)
NameError: name 'end' is not defined
##### End of output of failed program #####
##### vdhankar plays [E b6 c5] in 4.18355107307434s #####
##### Running: /usr/lib/jvm/jdk-14.0.1/bin/java -jar /lab/itti/projects/checkers-competition/server/referee.jar on run_22_vdhankar_bowenyua #####
Move is valid
##### SUCCESS: /usr/lib/jvm/jdk-14.0.1/bin/java -jar /lab/itti/projects/checkers-competition/server/referee.jar on run_22_vdhankar_bowenyua #####
INPUT for bowenyua:
GAME
WHITE
295.2
.b.b.b.b
b.b...b.
...b.b..
w.b.b...
.w...w.b
......w.
.w.w.w.w
w.w.w.w.
##### Running: /usr/bin/time -o time_22_vdhankar_bowenyua.txt -f "%U" python3 homework.py > stulog.txt 2>&1 on bowenyua #####
##### SUCCESS: /usr/bin/time -o time_22_vdhankar_bowenyua.txt -f "%U" python3 homework.py > stulog.txt 2>&1 on bowenyua #####
##### bowenyua plays [E b2 a3] in 0.95s #####
##### Running: /usr/lib/jvm/jdk-14.0.1/bin/java -jar /lab/itti/projects/checkers-competition/server/referee.jar on run_22_vdhankar_bowenyua #####
Move is valid
##### SUCCESS: /usr/lib/jvm/jdk-14.0.1/bin/java -jar /lab/itti/projects/checkers-competition/server/referee.jar on run_22_vdhankar_bowenyua #####
INPUT for vdhankar:
GAME
BLACK
263.555888652802
.b.b.b.b
b.b...b.
...b.b..
w.b.b...
.w...w.b
w.....w.
...w.w.w
w.w.w.w.
##### Running: /usr/bin/time -o time_22_vdhankar_bowenyua.txt -f "%U" python3 homework.py > stulog.txt 2>&1 on vdhankar #####
child exited with value 1
##### ERROR: /usr/bin/time -o time_22_vdhankar_bowenyua.txt -f "%U" python3 homework.py > stulog.txt 2>&1 on vdhankar #####
##### Output of failed program (stdout + stderr): #####
Traceback (most recent call last):
  File "homework.py", line 546, in <module>
    print(end-start)
NameError: name 'end' is not defined
##### End of output of failed program #####
##### vdhankar plays [E g7 h6] in 6.02434015274048s #####
##### Running: /usr/lib/jvm/jdk-14.0.1/bin/java -jar /lab/itti/projects/checkers-competition/server/referee.jar on run_22_vdhankar_bowenyua #####
Move is valid
##### SUCCESS: /usr/lib/jvm/jdk-14.0.1/bin/java -jar /lab/itti/projects/checkers-competition/server/referee.jar on run_22_vdhankar_bowenyua #####
INPUT for bowenyua:
GAME
WHITE
294.25
.b.b.b.b
b.b.....
...b.b.b
w.b.b...
.w...w.b
w.....w.
...w.w.w
w.w.w.w.
##### Running: /usr/bin/time -o time_22_vdhankar_bowenyua.txt -f "%U" python3 homework.py > stulog.txt 2>&1 on bowenyua #####
##### SUCCESS: /usr/bin/time -o time_22_vdhankar_bowenyua.txt -f "%U" python3 homework.py > stulog.txt 2>&1 on bowenyua #####
##### bowenyua plays [E f4 g5] in 0.73s #####
##### Running: /usr/lib/jvm/jdk-14.0.1/bin/java -jar /lab/itti/projects/checkers-competition/server/referee.jar on run_22_vdhankar_bowenyua #####
Move is valid
##### SUCCESS: /usr/lib/jvm/jdk-14.0.1/bin/java -jar /lab/itti/projects/checkers-competition/server/referee.jar on run_22_vdhankar_bowenyua #####
INPUT for vdhankar:
GAME
BLACK
257.531548500061
.b.b.b.b
b.b.....
...b.b.b
w.b.b.w.
.w.....b
w.....w.
...w.w.w
w.w.w.w.
##### Running: /usr/bin/time -o time_22_vdhankar_bowenyua.txt -f "%U" python3 homework.py > stulog.txt 2>&1 on vdhankar #####
child exited with value 1
##### ERROR: /usr/bin/time -o time_22_vdhankar_bowenyua.txt -f "%U" python3 homework.py > stulog.txt 2>&1 on vdhankar #####
##### Output of failed program (stdout + stderr): #####
Traceback (most recent call last):
  File "homework.py", line 546, in <module>
    print(end-start)
NameError: name 'end' is not defined
##### End of output of failed program #####
##### vdhankar plays [J h6 f4] in 1.3152539730072s #####
##### Running: /usr/lib/jvm/jdk-14.0.1/bin/java -jar /lab/itti/projects/checkers-competition/server/referee.jar on run_22_vdhankar_bowenyua #####
Move is valid
##### SUCCESS: /usr/lib/jvm/jdk-14.0.1/bin/java -jar /lab/itti/projects/checkers-competition/server/referee.jar on run_22_vdhankar_bowenyua #####
INPUT for bowenyua:
GAME
WHITE
293.52
.b.b.b.b
b.b.....
...b.b..
w.b.b...
.w...b.b
w.....w.
...w.w.w
w.w.w.w.
##### Running: /usr/bin/time -o time_22_vdhankar_bowenyua.txt -f "%U" python3 homework.py > stulog.txt 2>&1 on bowenyua #####
##### SUCCESS: /usr/bin/time -o time_22_vdhankar_bowenyua.txt -f "%U" python3 homework.py > stulog.txt 2>&1 on bowenyua #####
##### bowenyua plays [E f2 e3] in 0.6s #####
##### Running: /usr/lib/jvm/jdk-14.0.1/bin/java -jar /lab/itti/projects/checkers-competition/server/referee.jar on run_22_vdhankar_bowenyua #####
Move is valid
##### SUCCESS: /usr/lib/jvm/jdk-14.0.1/bin/java -jar /lab/itti/projects/checkers-competition/server/referee.jar on run_22_vdhankar_bowenyua #####
INPUT for vdhankar:
GAME
BLACK
256.216294527054
.b.b.b.b
b.b.....
...b.b..
w.b.b...
.w...b.b
w...w.w.
...w...w
w.w.w.w.
##### Running: /usr/bin/time -o time_22_vdhankar_bowenyua.txt -f "%U" python3 homework.py > stulog.txt 2>&1 on vdhankar #####
child exited with value 1
##### ERROR: /usr/bin/time -o time_22_vdhankar_bowenyua.txt -f "%U" python3 homework.py > stulog.txt 2>&1 on vdhankar #####
##### Output of failed program (stdout + stderr): #####
Traceback (most recent call last):
  File "homework.py", line 546, in <module>
    print(end-start)
NameError: name 'end' is not defined
##### End of output of failed program #####
##### vdhankar plays [J h4 f2] in 0.640346050262451s #####
##### Running: /usr/lib/jvm/jdk-14.0.1/bin/java -jar /lab/itti/projects/checkers-competition/server/referee.jar on run_22_vdhankar_bowenyua #####
Move is valid
##### SUCCESS: /usr/lib/jvm/jdk-14.0.1/bin/java -jar /lab/itti/projects/checkers-competition/server/referee.jar on run_22_vdhankar_bowenyua #####
INPUT for bowenyua:
GAME
WHITE
292.92
.b.b.b.b
b.b.....
...b.b..
w.b.b...
.w...b..
w...w...
...w.b.w
w.w.w.w.
##### Running: /usr/bin/time -o time_22_vdhankar_bowenyua.txt -f "%U" python3 homework.py > stulog.txt 2>&1 on bowenyua #####
##### SUCCESS: /usr/bin/time -o time_22_vdhankar_bowenyua.txt -f "%U" python3 homework.py > stulog.txt 2>&1 on bowenyua #####
##### bowenyua plays [J e3 g5 ; J g5 e7] in 0.18s #####
##### Running: /usr/lib/jvm/jdk-14.0.1/bin/java -jar /lab/itti/projects/checkers-competition/server/referee.jar on run_22_vdhankar_bowenyua #####
Move is valid
##### SUCCESS: /usr/lib/jvm/jdk-14.0.1/bin/java -jar /lab/itti/projects/checkers-competition/server/referee.jar on run_22_vdhankar_bowenyua #####
INPUT for vdhankar:
GAME
BLACK
255.575948476791
.b.b.b.b
b.b.w...
...b....
w.b.b...
.w......
w.......
...w.b.w
w.w.w.w.
##### Running: /usr/bin/time -o time_22_vdhankar_bowenyua.txt -f "%U" python3 homework.py > stulog.txt 2>&1 on vdhankar #####
child exited with value 1
##### ERROR: /usr/bin/time -o time_22_vdhankar_bowenyua.txt -f "%U" python3 homework.py > stulog.txt 2>&1 on vdhankar #####
##### Output of failed program (stdout + stderr): #####
Traceback (most recent call last):
  File "homework.py", line 546, in <module>
    print(end-start)
NameError: name 'end' is not defined
##### End of output of failed program #####
##### vdhankar plays [J d8 f6] in 3.5563759803772s #####
##### Running: /usr/lib/jvm/jdk-14.0.1/bin/java -jar /lab/itti/projects/checkers-competition/server/referee.jar on run_22_vdhankar_bowenyua #####
Move is valid
##### SUCCESS: /usr/lib/jvm/jdk-14.0.1/bin/java -jar /lab/itti/projects/checkers-competition/server/referee.jar on run_22_vdhankar_bowenyua #####
INPUT for bowenyua:
GAME
WHITE
292.74
.b...b.b
b.b.....
...b.b..
w.b.b...
.w......
w.......
...w.b.w
w.w.w.w.
##### Running: /usr/bin/time -o time_22_vdhankar_bowenyua.txt -f "%U" python3 homework.py > stulog.txt 2>&1 on bowenyua #####
##### SUCCESS: /usr/bin/time -o time_22_vdhankar_bowenyua.txt -f "%U" python3 homework.py > stulog.txt 2>&1 on bowenyua #####
##### bowenyua plays [J e1 g3] in 0.74s #####
##### Running: /usr/lib/jvm/jdk-14.0.1/bin/java -jar /lab/itti/projects/checkers-competition/server/referee.jar on run_22_vdhankar_bowenyua #####
Move is valid
##### SUCCESS: /usr/lib/jvm/jdk-14.0.1/bin/java -jar /lab/itti/projects/checkers-competition/server/referee.jar on run_22_vdhankar_bowenyua #####
INPUT for vdhankar:
GAME
BLACK
252.019572496414
.b...b.b
b.b.....
...b.b..
w.b.b...
.w......
w.....w.
...w...w
w.w...w.
##### Running: /usr/bin/time -o time_22_vdhankar_bowenyua.txt -f "%U" python3 homework.py > stulog.txt 2>&1 on vdhankar #####
child exited with value 1
##### ERROR: /usr/bin/time -o time_22_vdhankar_bowenyua.txt -f "%U" python3 homework.py > stulog.txt 2>&1 on vdhankar #####
##### Output of failed program (stdout + stderr): #####
Traceback (most recent call last):
  File "homework.py", line 546, in <module>
    print(end-start)
NameError: name 'end' is not defined
##### End of output of failed program #####
##### vdhankar plays [E h8 g7] in 15.6045489311218s #####
##### Running: /usr/lib/jvm/jdk-14.0.1/bin/java -jar /lab/itti/projects/checkers-competition/server/referee.jar on run_22_vdhankar_bowenyua #####
Move is valid
##### SUCCESS: /usr/lib/jvm/jdk-14.0.1/bin/java -jar /lab/itti/projects/checkers-competition/server/referee.jar on run_22_vdhankar_bowenyua #####
INPUT for bowenyua:
GAME
WHITE
292
.b...b..
b.b...b.
...b.b..
w.b.b...
.w......
w.....w.
...w...w
w.w...w.
##### Running: /usr/bin/time -o time_22_vdhankar_bowenyua.txt -f "%U" python3 homework.py > stulog.txt 2>&1 on bowenyua #####
##### SUCCESS: /usr/bin/time -o time_22_vdhankar_bowenyua.txt -f "%U" python3 homework.py > stulog.txt 2>&1 on bowenyua #####
##### bowenyua plays [E g3 f4] in 1.74s #####
##### Running: /usr/lib/jvm/jdk-14.0.1/bin/java -jar /lab/itti/projects/checkers-competition/server/referee.jar on run_22_vdhankar_bowenyua #####
Move is valid
##### SUCCESS: /usr/lib/jvm/jdk-14.0.1/bin/java -jar /lab/itti/projects/checkers-competition/server/referee.jar on run_22_vdhankar_bowenyua #####
INPUT for vdhankar:
GAME
BLACK
236.415023565292
.b...b..
b.b...b.
...b.b..
w.b.b...
.w...w..
w.......
...w...w
w.w...w.
##### Running: /usr/bin/time -o time_22_vdhankar_bowenyua.txt -f "%U" python3 homework.py > stulog.txt 2>&1 on vdhankar #####
child exited with value 1
##### ERROR: /usr/bin/time -o time_22_vdhankar_bowenyua.txt -f "%U" python3 homework.py > stulog.txt 2>&1 on vdhankar #####
##### Output of failed program (stdout + stderr): #####
Traceback (most recent call last):
  File "homework.py", line 546, in <module>
    print(end-start)
NameError: name 'end' is not defined
##### End of output of failed program #####
##### vdhankar plays [J e5 g3] in 2.30997109413147s #####
##### Running: /usr/lib/jvm/jdk-14.0.1/bin/java -jar /lab/itti/projects/checkers-competition/server/referee.jar on run_22_vdhankar_bowenyua #####
Move is valid
##### SUCCESS: /usr/lib/jvm/jdk-14.0.1/bin/java -jar /lab/itti/projects/checkers-competition/server/referee.jar on run_22_vdhankar_bowenyua #####
INPUT for bowenyua:
GAME
WHITE
290.26
.b...b..
b.b...b.
...b.b..
w.b.....
.w......
w.....b.
...w...w
w.w...w.
##### Running: /usr/bin/time -o time_22_vdhankar_bowenyua.txt -f "%U" python3 homework.py > stulog.txt 2>&1 on bowenyua #####
##### SUCCESS: /usr/bin/time -o time_22_vdhankar_bowenyua.txt -f "%U" python3 homework.py > stulog.txt 2>&1 on bowenyua #####
##### bowenyua plays [J h2 f4] in 1.11s #####
##### Running: /usr/lib/jvm/jdk-14.0.1/bin/java -jar /lab/itti/projects/checkers-competition/server/referee.jar on run_22_vdhankar_bowenyua #####
Move is valid
##### SUCCESS: /usr/lib/jvm/jdk-14.0.1/bin/java -jar /lab/itti/projects/checkers-competition/server/referee.jar on run_22_vdhankar_bowenyua #####
INPUT for vdhankar:
GAME
BLACK
234.105052471161
.b...b..
b.b...b.
...b.b..
w.b.....
.w...w..
w.......
...w....
w.w...w.
##### Running: /usr/bin/time -o time_22_vdhankar_bowenyua.txt -f "%U" python3 homework.py > stulog.txt 2>&1 on vdhankar #####
child exited with value 1
##### ERROR: /usr/bin/time -o time_22_vdhankar_bowenyua.txt -f "%U" python3 homework.py > stulog.txt 2>&1 on vdhankar #####
##### Output of failed program (stdout + stderr): #####
Traceback (most recent call last):
  File "homework.py", line 546, in <module>
    print(end-start)
NameError: name 'end' is not defined
##### End of output of failed program #####
##### vdhankar plays [E c5 d4] in 14.4318430423737s #####
##### Running: /usr/lib/jvm/jdk-14.0.1/bin/java -jar /lab/itti/projects/checkers-competition/server/referee.jar on run_22_vdhankar_bowenyua #####
Move is valid
##### SUCCESS: /usr/lib/jvm/jdk-14.0.1/bin/java -jar /lab/itti/projects/checkers-competition/server/referee.jar on run_22_vdhankar_bowenyua #####
INPUT for bowenyua:
GAME
WHITE
289.15
.b...b..
b.b...b.
...b.b..
w.......
.w.b.w..
w.......
...w....
w.w...w.
##### Running: /usr/bin/time -o time_22_vdhankar_bowenyua.txt -f "%U" python3 homework.py > stulog.txt 2>&1 on bowenyua #####
##### SUCCESS: /usr/bin/time -o time_22_vdhankar_bowenyua.txt -f "%U" python3 homework.py > stulog.txt 2>&1 on bowenyua #####
##### bowenyua plays [E f4 e5] in 2.8s #####
##### Running: /usr/lib/jvm/jdk-14.0.1/bin/java -jar /lab/itti/projects/checkers-competition/server/referee.jar on run_22_vdhankar_bowenyua #####
Move is valid
##### SUCCESS: /usr/lib/jvm/jdk-14.0.1/bin/java -jar /lab/itti/projects/checkers-competition/server/referee.jar on run_22_vdhankar_bowenyua #####
INPUT for vdhankar:
GAME
BLACK
219.673209428787
.b...b..
b.b...b.
...b.b..
w...w...
.w.b....
w.......
...w....
w.w...w.
##### Running: /usr/bin/time -o time_22_vdhankar_bowenyua.txt -f "%U" python3 homework.py > stulog.txt 2>&1 on vdhankar #####
child exited with value 1
##### ERROR: /usr/bin/time -o time_22_vdhankar_bowenyua.txt -f "%U" python3 homework.py > stulog.txt 2>&1 on vdhankar #####
##### Output of failed program (stdout + stderr): #####
Traceback (most recent call last):
  File "homework.py", line 546, in <module>
    print(end-start)
NameError: name 'end' is not defined
##### End of output of failed program #####
##### vdhankar plays [J d6 f4] in 3.70543193817139s #####
##### Running: /usr/lib/jvm/jdk-14.0.1/bin/java -jar /lab/itti/projects/checkers-competition/server/referee.jar on run_22_vdhankar_bowenyua #####
Move is valid
##### SUCCESS: /usr/lib/jvm/jdk-14.0.1/bin/java -jar /lab/itti/projects/checkers-competition/server/referee.jar on run_22_vdhankar_bowenyua #####
INPUT for bowenyua:
GAME
WHITE
286.35
.b...b..
b.b...b.
.....b..
w.......
.w.b.b..
w.......
...w....
w.w...w.
##### Running: /usr/bin/time -o time_22_vdhankar_bowenyua.txt -f "%U" python3 homework.py > stulog.txt 2>&1 on bowenyua #####
##### SUCCESS: /usr/bin/time -o time_22_vdhankar_bowenyua.txt -f "%U" python3 homework.py > stulog.txt 2>&1 on bowenyua #####
##### bowenyua plays [E d2 e3] in 2.35s #####
##### Running: /usr/lib/jvm/jdk-14.0.1/bin/java -jar /lab/itti/projects/checkers-competition/server/referee.jar on run_22_vdhankar_bowenyua #####
Move is valid
##### SUCCESS: /usr/lib/jvm/jdk-14.0.1/bin/java -jar /lab/itti/projects/checkers-competition/server/referee.jar on run_22_vdhankar_bowenyua #####
INPUT for vdhankar:
GAME
BLACK
215.967777490616
.b...b..
b.b...b.
.....b..
w.......
.w.b.b..
w...w...
........
w.w...w.
##### Running: /usr/bin/time -o time_22_vdhankar_bowenyua.txt -f "%U" python3 homework.py > stulog.txt 2>&1 on vdhankar #####
child exited with value 1
##### ERROR: /usr/bin/time -o time_22_vdhankar_bowenyua.txt -f "%U" python3 homework.py > stulog.txt 2>&1 on vdhankar #####
##### Output of failed program (stdout + stderr): #####
Traceback (most recent call last):
  File "homework.py", line 546, in <module>
    print(end-start)
NameError: name 'end' is not defined
##### End of output of failed program #####
##### vdhankar plays [J f4 d2] in 0.957072019577026s #####
##### Running: /usr/lib/jvm/jdk-14.0.1/bin/java -jar /lab/itti/projects/checkers-competition/server/referee.jar on run_22_vdhankar_bowenyua #####
Move is valid
##### SUCCESS: /usr/lib/jvm/jdk-14.0.1/bin/java -jar /lab/itti/projects/checkers-competition/server/referee.jar on run_22_vdhankar_bowenyua #####
INPUT for bowenyua:
GAME
WHITE
284
.b...b..
b.b...b.
.....b..
w.......
.w.b....
w.......
...b....
w.w...w.
##### Running: /usr/bin/time -o time_22_vdhankar_bowenyua.txt -f "%U" python3 homework.py > stulog.txt 2>&1 on bowenyua #####
##### SUCCESS: /usr/bin/time -o time_22_vdhankar_bowenyua.txt -f "%U" python3 homework.py > stulog.txt 2>&1 on bowenyua #####
##### bowenyua plays [J c1 e3 ; J e3 c5] in 0.35s #####
##### Running: /usr/lib/jvm/jdk-14.0.1/bin/java -jar /lab/itti/projects/checkers-competition/server/referee.jar on run_22_vdhankar_bowenyua #####
Move is valid
##### SUCCESS: /usr/lib/jvm/jdk-14.0.1/bin/java -jar /lab/itti/projects/checkers-competition/server/referee.jar on run_22_vdhankar_bowenyua #####
INPUT for vdhankar:
GAME
BLACK
215.010705471039
.b...b..
b.b...b.
.....b..
w.w.....
.w......
w.......
........
w.....w.
##### Running: /usr/bin/time -o time_22_vdhankar_bowenyua.txt -f "%U" python3 homework.py > stulog.txt 2>&1 on vdhankar #####
child exited with value 1
##### ERROR: /usr/bin/time -o time_22_vdhankar_bowenyua.txt -f "%U" python3 homework.py > stulog.txt 2>&1 on vdhankar #####
##### Output of failed program (stdout + stderr): #####
Traceback (most recent call last):
  File "homework.py", line 546, in <module>
    print(end-start)
NameError: name 'end' is not defined
##### End of output of failed program #####
##### vdhankar plays [E f6 e5] in 7.17365598678589s #####
##### Running: /usr/lib/jvm/jdk-14.0.1/bin/java -jar /lab/itti/projects/checkers-competition/server/referee.jar on run_22_vdhankar_bowenyua #####
Move is valid
##### SUCCESS: /usr/lib/jvm/jdk-14.0.1/bin/java -jar /lab/itti/projects/checkers-competition/server/referee.jar on run_22_vdhankar_bowenyua #####
INPUT for bowenyua:
GAME
WHITE
283.65
.b...b..
b.b...b.
........
w.w.b...
.w......
w.......
........
w.....w.
##### Running: /usr/bin/time -o time_22_vdhankar_bowenyua.txt -f "%U" python3 homework.py > stulog.txt 2>&1 on bowenyua #####
##### SUCCESS: /usr/bin/time -o time_22_vdhankar_bowenyua.txt -f "%U" python3 homework.py > stulog.txt 2>&1 on bowenyua #####
##### bowenyua plays [E a1 b2] in 1.92s #####
##### Running: /usr/lib/jvm/jdk-14.0.1/bin/java -jar /lab/itti/projects/checkers-competition/server/referee.jar on run_22_vdhankar_bowenyua #####
Move is valid
##### SUCCESS: /usr/lib/jvm/jdk-14.0.1/bin/java -jar /lab/itti/projects/checkers-competition/server/referee.jar on run_22_vdhankar_bowenyua #####
INPUT for vdhankar:
GAME
BLACK
207.837049484253
.b...b..
b.b...b.
........
w.w.b...
.w......
w.......
.w......
......w.
##### Running: /usr/bin/time -o time_22_vdhankar_bowenyua.txt -f "%U" python3 homework.py > stulog.txt 2>&1 on vdhankar #####
child exited with value 1
##### ERROR: /usr/bin/time -o time_22_vdhankar_bowenyua.txt -f "%U" python3 homework.py > stulog.txt 2>&1 on vdhankar #####
##### Output of failed program (stdout + stderr): #####
Traceback (most recent call last):
  File "homework.py", line 546, in <module>
    print(end-start)
NameError: name 'end' is not defined
##### End of output of failed program #####
##### vdhankar plays [E g7 h6] in 5.21543598175049s #####
##### Running: /usr/lib/jvm/jdk-14.0.1/bin/java -jar /lab/itti/projects/checkers-competition/server/referee.jar on run_22_vdhankar_bowenyua #####
Move is valid
##### SUCCESS: /usr/lib/jvm/jdk-14.0.1/bin/java -jar /lab/itti/projects/checkers-competition/server/referee.jar on run_22_vdhankar_bowenyua #####
INPUT for bowenyua:
GAME
WHITE
281.73
.b...b..
b.b.....
.......b
w.w.b...
.w......
w.......
.w......
......w.
##### Running: /usr/bin/time -o time_22_vdhankar_bowenyua.txt -f "%U" python3 homework.py > stulog.txt 2>&1 on bowenyua #####
##### SUCCESS: /usr/bin/time -o time_22_vdhankar_bowenyua.txt -f "%U" python3 homework.py > stulog.txt 2>&1 on bowenyua #####
##### bowenyua plays [E b2 c3] in 1.83s #####
##### Running: /usr/lib/jvm/jdk-14.0.1/bin/java -jar /lab/itti/projects/checkers-competition/server/referee.jar on run_22_vdhankar_bowenyua #####
Move is valid
##### SUCCESS: /usr/lib/jvm/jdk-14.0.1/bin/java -jar /lab/itti/projects/checkers-competition/server/referee.jar on run_22_vdhankar_bowenyua #####
INPUT for vdhankar:
GAME
BLACK
202.621613502502
.b...b..
b.b.....
.......b
w.w.b...
.w......
w.w.....
........
......w.
##### Running: /usr/bin/time -o time_22_vdhankar_bowenyua.txt -f "%U" python3 homework.py > stulog.txt 2>&1 on vdhankar #####
child exited with value 1
##### ERROR: /usr/bin/time -o time_22_vdhankar_bowenyua.txt -f "%U" python3 homework.py > stulog.txt 2>&1 on vdhankar #####
##### Output of failed program (stdout + stderr): #####
Traceback (most recent call last):
  File "homework.py", line 546, in <module>
    print(end-start)
NameError: name 'end' is not defined
##### End of output of failed program #####
##### vdhankar plays [E e5 f4] in 3.52443504333496s #####
##### Running: /usr/lib/jvm/jdk-14.0.1/bin/java -jar /lab/itti/projects/checkers-competition/server/referee.jar on run_22_vdhankar_bowenyua #####
Move is valid
##### SUCCESS: /usr/lib/jvm/jdk-14.0.1/bin/java -jar /lab/itti/projects/checkers-competition/server/referee.jar on run_22_vdhankar_bowenyua #####
INPUT for bowenyua:
GAME
WHITE
279.9
.b...b..
b.b.....
.......b
w.w.....
.w...b..
w.w.....
........
......w.
##### Running: /usr/bin/time -o time_22_vdhankar_bowenyua.txt -f "%U" python3 homework.py > stulog.txt 2>&1 on bowenyua #####
##### SUCCESS: /usr/bin/time -o time_22_vdhankar_bowenyua.txt -f "%U" python3 homework.py > stulog.txt 2>&1 on bowenyua #####
##### bowenyua plays [E a5 b6] in 1.03s #####
##### Running: /usr/lib/jvm/jdk-14.0.1/bin/java -jar /lab/itti/projects/checkers-competition/server/referee.jar on run_22_vdhankar_bowenyua #####
Move is valid
##### SUCCESS: /usr/lib/jvm/jdk-14.0.1/bin/java -jar /lab/itti/projects/checkers-competition/server/referee.jar on run_22_vdhankar_bowenyua #####
INPUT for vdhankar:
GAME
BLACK
199.097178459167
.b...b..
b.b.....
.w.....b
..w.....
.w...b..
w.w.....
........
......w.
##### Running: /usr/bin/time -o time_22_vdhankar_bowenyua.txt -f "%U" python3 homework.py > stulog.txt 2>&1 on vdhankar #####
child exited with value 1
##### ERROR: /usr/bin/time -o time_22_vdhankar_bowenyua.txt -f "%U" python3 homework.py > stulog.txt 2>&1 on vdhankar #####
##### Output of failed program (stdout + stderr): #####
Traceback (most recent call last):
  File "homework.py", line 546, in <module>
    print(end-start)
NameError: name 'end' is not defined
##### End of output of failed program #####
##### vdhankar plays [J c7 a5] in 0.992468118667603s #####
##### Running: /usr/lib/jvm/jdk-14.0.1/bin/java -jar /lab/itti/projects/checkers-competition/server/referee.jar on run_22_vdhankar_bowenyua #####
Move is valid
##### SUCCESS: /usr/lib/jvm/jdk-14.0.1/bin/java -jar /lab/itti/projects/checkers-competition/server/referee.jar on run_22_vdhankar_bowenyua #####
INPUT for bowenyua:
GAME
WHITE
278.87
.b...b..
b.......
.......b
b.w.....
.w...b..
w.w.....
........
......w.
##### Running: /usr/bin/time -o time_22_vdhankar_bowenyua.txt -f "%U" python3 homework.py > stulog.txt 2>&1 on bowenyua #####
##### SUCCESS: /usr/bin/time -o time_22_vdhankar_bowenyua.txt -f "%U" python3 homework.py > stulog.txt 2>&1 on bowenyua #####
##### bowenyua plays [E c5 b6] in 1.15s #####
##### Running: /usr/lib/jvm/jdk-14.0.1/bin/java -jar /lab/itti/projects/checkers-competition/server/referee.jar on run_22_vdhankar_bowenyua #####
Move is valid
##### SUCCESS: /usr/lib/jvm/jdk-14.0.1/bin/java -jar /lab/itti/projects/checkers-competition/server/referee.jar on run_22_vdhankar_bowenyua #####
INPUT for vdhankar:
GAME
BLACK
198.1047103405
.b...b..
b.......
.w.....b
b.......
.w...b..
w.w.....
........
......w.
##### Running: /usr/bin/time -o time_22_vdhankar_bowenyua.txt -f "%U" python3 homework.py > stulog.txt 2>&1 on vdhankar #####
child exited with value 1
##### ERROR: /usr/bin/time -o time_22_vdhankar_bowenyua.txt -f "%U" python3 homework.py > stulog.txt 2>&1 on vdhankar #####
##### Output of failed program (stdout + stderr): #####
Traceback (most recent call last):
  File "homework.py", line 546, in <module>
    print(end-start)
NameError: name 'end' is not defined
##### End of output of failed program #####
##### vdhankar plays [J a7 c5] in 1.11988186836243s #####
##### Running: /usr/lib/jvm/jdk-14.0.1/bin/java -jar /lab/itti/projects/checkers-competition/server/referee.jar on run_22_vdhankar_bowenyua #####
Move is valid
##### SUCCESS: /usr/lib/jvm/jdk-14.0.1/bin/java -jar /lab/itti/projects/checkers-competition/server/referee.jar on run_22_vdhankar_bowenyua #####
INPUT for bowenyua:
GAME
WHITE
277.72
.b...b..
........
.......b
b.b.....
.w...b..
w.w.....
........
......w.
##### Running: /usr/bin/time -o time_22_vdhankar_bowenyua.txt -f "%U" python3 homework.py > stulog.txt 2>&1 on bowenyua #####
##### SUCCESS: /usr/bin/time -o time_22_vdhankar_bowenyua.txt -f "%U" python3 homework.py > stulog.txt 2>&1 on bowenyua #####
##### bowenyua plays [J b4 d6] in 1.12s #####
##### Running: /usr/lib/jvm/jdk-14.0.1/bin/java -jar /lab/itti/projects/checkers-competition/server/referee.jar on run_22_vdhankar_bowenyua #####
Move is valid
##### SUCCESS: /usr/lib/jvm/jdk-14.0.1/bin/java -jar /lab/itti/projects/checkers-competition/server/referee.jar on run_22_vdhankar_bowenyua #####
INPUT for vdhankar:
GAME
BLACK
196.984828472137
.b...b..
........
...w...b
b.......
.....b..
w.w.....
........
......w.
##### Running: /usr/bin/time -o time_22_vdhankar_bowenyua.txt -f "%U" python3 homework.py > stulog.txt 2>&1 on vdhankar #####
child exited with value 1
##### ERROR: /usr/bin/time -o time_22_vdhankar_bowenyua.txt -f "%U" python3 homework.py > stulog.txt 2>&1 on vdhankar #####
##### Output of failed program (stdout + stderr): #####
Traceback (most recent call last):
  File "homework.py", line 546, in <module>
    print(end-start)
NameError: name 'end' is not defined
##### End of output of failed program #####
##### vdhankar plays [E f4 e3] in 7.77755093574524s #####
##### Running: /usr/lib/jvm/jdk-14.0.1/bin/java -jar /lab/itti/projects/checkers-competition/server/referee.jar on run_22_vdhankar_bowenyua #####
Move is valid
##### SUCCESS: /usr/lib/jvm/jdk-14.0.1/bin/java -jar /lab/itti/projects/checkers-competition/server/referee.jar on run_22_vdhankar_bowenyua #####
INPUT for bowenyua:
GAME
WHITE
276.6
.b...b..
........
...w...b
b.......
........
w.w.b...
........
......w.
##### Running: /usr/bin/time -o time_22_vdhankar_bowenyua.txt -f "%U" python3 homework.py > stulog.txt 2>&1 on bowenyua #####
##### SUCCESS: /usr/bin/time -o time_22_vdhankar_bowenyua.txt -f "%U" python3 homework.py > stulog.txt 2>&1 on bowenyua #####
##### bowenyua plays [E d6 c7] in 2.56s #####
##### Running: /usr/lib/jvm/jdk-14.0.1/bin/java -jar /lab/itti/projects/checkers-competition/server/referee.jar on run_22_vdhankar_bowenyua #####
Move is valid
##### SUCCESS: /usr/lib/jvm/jdk-14.0.1/bin/java -jar /lab/itti/projects/checkers-competition/server/referee.jar on run_22_vdhankar_bowenyua #####
INPUT for vdhankar:
GAME
BLACK
189.207277536392
.b...b..
..w.....
.......b
b.......
........
w.w.b...
........
......w.
##### Running: /usr/bin/time -o time_22_vdhankar_bowenyua.txt -f "%U" python3 homework.py > stulog.txt 2>&1 on vdhankar #####
child exited with value 1
##### ERROR: /usr/bin/time -o time_22_vdhankar_bowenyua.txt -f "%U" python3 homework.py > stulog.txt 2>&1 on vdhankar #####
##### Output of failed program (stdout + stderr): #####
Traceback (most recent call last):
  File "homework.py", line 546, in <module>
    print(end-start)
NameError: name 'end' is not defined
##### End of output of failed program #####
##### vdhankar plays [J b8 d6] in 0.998847007751465s #####
##### Running: /usr/lib/jvm/jdk-14.0.1/bin/java -jar /lab/itti/projects/checkers-competition/server/referee.jar on run_22_vdhankar_bowenyua #####
Move is valid
##### SUCCESS: /usr/lib/jvm/jdk-14.0.1/bin/java -jar /lab/itti/projects/checkers-competition/server/referee.jar on run_22_vdhankar_bowenyua #####
INPUT for bowenyua:
GAME
WHITE
274.04
.....b..
........
...b...b
b.......
........
w.w.b...
........
......w.
##### Running: /usr/bin/time -o time_22_vdhankar_bowenyua.txt -f "%U" python3 homework.py > stulog.txt 2>&1 on bowenyua #####
##### SUCCESS: /usr/bin/time -o time_22_vdhankar_bowenyua.txt -f "%U" python3 homework.py > stulog.txt 2>&1 on bowenyua #####
##### bowenyua plays [E a3 b4] in 1.15s #####
##### Running: /usr/lib/jvm/jdk-14.0.1/bin/java -jar /lab/itti/projects/checkers-competition/server/referee.jar on run_22_vdhankar_bowenyua #####
Move is valid
##### SUCCESS: /usr/lib/jvm/jdk-14.0.1/bin/java -jar /lab/itti/projects/checkers-competition/server/referee.jar on run_22_vdhankar_bowenyua #####
INPUT for vdhankar:
GAME
BLACK
188.208430528641
.....b..
........
...b...b
b.......
.w......
..w.b...
........
......w.
##### Running: /usr/bin/time -o time_22_vdhankar_bowenyua.txt -f "%U" python3 homework.py > stulog.txt 2>&1 on vdhankar #####
child exited with value 1
##### ERROR: /usr/bin/time -o time_22_vdhankar_bowenyua.txt -f "%U" python3 homework.py > stulog.txt 2>&1 on vdhankar #####
##### Output of failed program (stdout + stderr): #####
Traceback (most recent call last):
  File "homework.py", line 546, in <module>
    print(end-start)
NameError: name 'end' is not defined
##### End of output of failed program #####
##### vdhankar plays [E h6 g5] in 1.84584903717041s #####
##### Running: /usr/lib/jvm/jdk-14.0.1/bin/java -jar /lab/itti/projects/checkers-competition/server/referee.jar on run_22_vdhankar_bowenyua #####
Move is valid
##### SUCCESS: /usr/lib/jvm/jdk-14.0.1/bin/java -jar /lab/itti/projects/checkers-competition/server/referee.jar on run_22_vdhankar_bowenyua #####
INPUT for bowenyua:
GAME
WHITE
272.89
.....b..
........
...b....
b.....b.
.w......
..w.b...
........
......w.
##### Running: /usr/bin/time -o time_22_vdhankar_bowenyua.txt -f "%U" python3 homework.py > stulog.txt 2>&1 on bowenyua #####
##### SUCCESS: /usr/bin/time -o time_22_vdhankar_bowenyua.txt -f "%U" python3 homework.py > stulog.txt 2>&1 on bowenyua #####
##### bowenyua plays [E c3 d4] in 0.49s #####
##### Running: /usr/lib/jvm/jdk-14.0.1/bin/java -jar /lab/itti/projects/checkers-competition/server/referee.jar on run_22_vdhankar_bowenyua #####
Move is valid
##### SUCCESS: /usr/lib/jvm/jdk-14.0.1/bin/java -jar /lab/itti/projects/checkers-competition/server/referee.jar on run_22_vdhankar_bowenyua #####
INPUT for vdhankar:
GAME
BLACK
186.36258149147
.....b..
........
...b....
b.....b.
.w.w....
....b...
........
......w.
##### Running: /usr/bin/time -o time_22_vdhankar_bowenyua.txt -f "%U" python3 homework.py > stulog.txt 2>&1 on vdhankar #####
child exited with value 1
##### ERROR: /usr/bin/time -o time_22_vdhankar_bowenyua.txt -f "%U" python3 homework.py > stulog.txt 2>&1 on vdhankar #####
##### Output of failed program (stdout + stderr): #####
Traceback (most recent call last):
  File "homework.py", line 546, in <module>
    print(end-start)
NameError: name 'end' is not defined
##### End of output of failed program #####
##### vdhankar plays [J a5 c3] in 0.550415992736816s #####
##### Running: /usr/lib/jvm/jdk-14.0.1/bin/java -jar /lab/itti/projects/checkers-competition/server/referee.jar on run_22_vdhankar_bowenyua #####
Move is valid
##### SUCCESS: /usr/lib/jvm/jdk-14.0.1/bin/java -jar /lab/itti/projects/checkers-competition/server/referee.jar on run_22_vdhankar_bowenyua #####
INPUT for bowenyua:
GAME
WHITE
272.4
.....b..
........
...b....
......b.
...w....
..b.b...
........
......w.
##### Running: /usr/bin/time -o time_22_vdhankar_bowenyua.txt -f "%U" python3 homework.py > stulog.txt 2>&1 on bowenyua #####
##### SUCCESS: /usr/bin/time -o time_22_vdhankar_bowenyua.txt -f "%U" python3 homework.py > stulog.txt 2>&1 on bowenyua #####
##### bowenyua plays [E d4 c5] in 0.42s #####
##### Running: /usr/lib/jvm/jdk-14.0.1/bin/java -jar /lab/itti/projects/checkers-competition/server/referee.jar on run_22_vdhankar_bowenyua #####
Move is valid
##### SUCCESS: /usr/lib/jvm/jdk-14.0.1/bin/java -jar /lab/itti/projects/checkers-competition/server/referee.jar on run_22_vdhankar_bowenyua #####
INPUT for vdhankar:
GAME
BLACK
185.812165498734
.....b..
........
...b....
..w...b.
........
..b.b...
........
......w.
##### Running: /usr/bin/time -o time_22_vdhankar_bowenyua.txt -f "%U" python3 homework.py > stulog.txt 2>&1 on vdhankar #####
child exited with value 1
##### ERROR: /usr/bin/time -o time_22_vdhankar_bowenyua.txt -f "%U" python3 homework.py > stulog.txt 2>&1 on vdhankar #####
##### Output of failed program (stdout + stderr): #####
Traceback (most recent call last):
  File "homework.py", line 546, in <module>
    print(end-start)
NameError: name 'end' is not defined
##### End of output of failed program #####
##### vdhankar plays [J d6 b4] in 0.424988985061646s #####
##### Running: /usr/lib/jvm/jdk-14.0.1/bin/java -jar /lab/itti/projects/checkers-competition/server/referee.jar on run_22_vdhankar_bowenyua #####
Move is valid
##### SUCCESS: /usr/lib/jvm/jdk-14.0.1/bin/java -jar /lab/itti/projects/checkers-competition/server/referee.jar on run_22_vdhankar_bowenyua #####
INPUT for bowenyua:
GAME
WHITE
271.98
.....b..
........
........
......b.
.b......
..b.b...
........
......w.
##### Running: /usr/bin/time -o time_22_vdhankar_bowenyua.txt -f "%U" python3 homework.py > stulog.txt 2>&1 on bowenyua #####
##### SUCCESS: /usr/bin/time -o time_22_vdhankar_bowenyua.txt -f "%U" python3 homework.py > stulog.txt 2>&1 on bowenyua #####
##### bowenyua plays [E g1 f2] in 0.1s #####
##### Running: /usr/lib/jvm/jdk-14.0.1/bin/java -jar /lab/itti/projects/checkers-competition/server/referee.jar on run_22_vdhankar_bowenyua #####
Move is valid
##### SUCCESS: /usr/lib/jvm/jdk-14.0.1/bin/java -jar /lab/itti/projects/checkers-competition/server/referee.jar on run_22_vdhankar_bowenyua #####
INPUT for vdhankar:
GAME
BLACK
185.387176513672
.....b..
........
........
......b.
.b......
..b.b...
.....w..
........
##### Running: /usr/bin/time -o time_22_vdhankar_bowenyua.txt -f "%U" python3 homework.py > stulog.txt 2>&1 on vdhankar #####
child exited with value 1
##### ERROR: /usr/bin/time -o time_22_vdhankar_bowenyua.txt -f "%U" python3 homework.py > stulog.txt 2>&1 on vdhankar #####
##### Output of failed program (stdout + stderr): #####
Traceback (most recent call last):
  File "homework.py", line 546, in <module>
    print(end-start)
NameError: name 'end' is not defined
##### End of output of failed program #####
##### vdhankar plays [J e3 g1] in 0.331820011138916s #####
##### Running: /usr/lib/jvm/jdk-14.0.1/bin/java -jar /lab/itti/projects/checkers-competition/server/referee.jar on run_22_vdhankar_bowenyua #####
Move is valid
After this move, player WHITE cannot make any moves
*** Winner: BLACK ***
##### SUCCESS: /usr/lib/jvm/jdk-14.0.1/bin/java -jar /lab/itti/projects/checkers-competition/server/referee.jar on run_22_vdhankar_bowenyua #####
##### GAME OVER: vdhankar wins the game! #####
Server said: WIN
########## ROUND 22 GAMESCORE AFTER GAME 1: vdhankar=1 and bowenyua=0 ##########
#################### ROUND 22: vdhankar (W) vs bowenyua (B): game 2 ####################
##### game start! #####
INPUT for bowenyua:
GAME
BLACK
300
.b.b.b.b
b.b.b.b.
.b.b.b.b
........
........
w.w.w.w.
.w.w.w.w
w.w.w.w.
##### Running: /usr/bin/time -o time_22_vdhankar_bowenyua.txt -f "%U" python3 homework.py > stulog.txt 2>&1 on bowenyua #####
##### SUCCESS: /usr/bin/time -o time_22_vdhankar_bowenyua.txt -f "%U" python3 homework.py > stulog.txt 2>&1 on bowenyua #####
##### bowenyua plays [E b6 a5] in 2.02s #####
##### Running: /usr/lib/jvm/jdk-14.0.1/bin/java -jar /lab/itti/projects/checkers-competition/server/referee.jar on run_22_vdhankar_bowenyua #####
Move is valid
Couldn't read file 'current_ply.txt'
Couldn't read content from file 'current_ply.txt'
Couldn't read file 'lastmatchange_ply.txt'
Couldn't read content from file 'lastmatchange_ply.txt'
##### SUCCESS: /usr/lib/jvm/jdk-14.0.1/bin/java -jar /lab/itti/projects/checkers-competition/server/referee.jar on run_22_vdhankar_bowenyua #####
INPUT for vdhankar:
GAME
WHITE
300
.b.b.b.b
b.b.b.b.
...b.b.b
b.......
........
w.w.w.w.
.w.w.w.w
w.w.w.w.
##### Running: /usr/bin/time -o time_22_vdhankar_bowenyua.txt -f "%U" python3 homework.py > stulog.txt 2>&1 on vdhankar #####
child exited with value 1
##### ERROR: /usr/bin/time -o time_22_vdhankar_bowenyua.txt -f "%U" python3 homework.py > stulog.txt 2>&1 on vdhankar #####
##### Output of failed program (stdout + stderr): #####
Traceback (most recent call last):
  File "homework.py", line 546, in <module>
    print(end-start)
NameError: name 'end' is not defined
##### End of output of failed program #####
##### vdhankar plays [E g3 h4] in 13.1320691108704s #####
##### Running: /usr/lib/jvm/jdk-14.0.1/bin/java -jar /lab/itti/projects/checkers-competition/server/referee.jar on run_22_vdhankar_bowenyua #####
Move is valid
##### SUCCESS: /usr/lib/jvm/jdk-14.0.1/bin/java -jar /lab/itti/projects/checkers-competition/server/referee.jar on run_22_vdhankar_bowenyua #####
INPUT for bowenyua:
GAME
BLACK
297.98
.b.b.b.b
b.b.b.b.
...b.b.b
b.......
.......w
w.w.w...
.w.w.w.w
w.w.w.w.
##### Running: /usr/bin/time -o time_22_vdhankar_bowenyua.txt -f "%U" python3 homework.py > stulog.txt 2>&1 on bowenyua #####
##### SUCCESS: /usr/bin/time -o time_22_vdhankar_bowenyua.txt -f "%U" python3 homework.py > stulog.txt 2>&1 on bowenyua #####
##### bowenyua plays [E a7 b6] in 1.56s #####
##### Running: /usr/lib/jvm/jdk-14.0.1/bin/java -jar /lab/itti/projects/checkers-competition/server/referee.jar on run_22_vdhankar_bowenyua #####
Move is valid
##### SUCCESS: /usr/lib/jvm/jdk-14.0.1/bin/java -jar /lab/itti/projects/checkers-competition/server/referee.jar on run_22_vdhankar_bowenyua #####
INPUT for vdhankar:
GAME
WHITE
286.86793088913
.b.b.b.b
..b.b.b.
.b.b.b.b
b.......
.......w
w.w.w...
.w.w.w.w
w.w.w.w.
##### Running: /usr/bin/time -o time_22_vdhankar_bowenyua.txt -f "%U" python3 homework.py > stulog.txt 2>&1 on vdhankar #####
child exited with value 1
##### ERROR: /usr/bin/time -o time_22_vdhankar_bowenyua.txt -f "%U" python3 homework.py > stulog.txt 2>&1 on vdhankar #####
##### Output of failed program (stdout + stderr): #####
Traceback (most recent call last):
  File "homework.py", line 546, in <module>
    print(end-start)
NameError: name 'end' is not defined
##### End of output of failed program #####
##### vdhankar plays [E h2 g3] in 17.2913999557495s #####
##### Running: /usr/lib/jvm/jdk-14.0.1/bin/java -jar /lab/itti/projects/checkers-competition/server/referee.jar on run_22_vdhankar_bowenyua #####
Move is valid
##### SUCCESS: /usr/lib/jvm/jdk-14.0.1/bin/java -jar /lab/itti/projects/checkers-competition/server/referee.jar on run_22_vdhankar_bowenyua #####
INPUT for bowenyua:
GAME
BLACK
296.42
.b.b.b.b
..b.b.b.
.b.b.b.b
b.......
.......w
w.w.w.w.
.w.w.w..
w.w.w.w.
##### Running: /usr/bin/time -o time_22_vdhankar_bowenyua.txt -f "%U" python3 homework.py > stulog.txt 2>&1 on bowenyua #####
##### SUCCESS: /usr/bin/time -o time_22_vdhankar_bowenyua.txt -f "%U" python3 homework.py > stulog.txt 2>&1 on bowenyua #####
##### bowenyua plays [E b8 a7] in 1.94s #####
##### Running: /usr/lib/jvm/jdk-14.0.1/bin/java -jar /lab/itti/projects/checkers-competition/server/referee.jar on run_22_vdhankar_bowenyua #####
Move is valid
##### SUCCESS: /usr/lib/jvm/jdk-14.0.1/bin/java -jar /lab/itti/projects/checkers-competition/server/referee.jar on run_22_vdhankar_bowenyua #####
INPUT for vdhankar:
GAME
WHITE
269.57653093338
...b.b.b
b.b.b.b.
.b.b.b.b
b.......
.......w
w.w.w.w.
.w.w.w..
w.w.w.w.
##### Running: /usr/bin/time -o time_22_vdhankar_bowenyua.txt -f "%U" python3 homework.py > stulog.txt 2>&1 on vdhankar #####
child exited with value 1
##### ERROR: /usr/bin/time -o time_22_vdhankar_bowenyua.txt -f "%U" python3 homework.py > stulog.txt 2>&1 on vdhankar #####
##### Output of failed program (stdout + stderr): #####
Traceback (most recent call last):
  File "homework.py", line 546, in <module>
    print(end-start)
NameError: name 'end' is not defined
##### End of output of failed program #####
##### vdhankar plays [E c3 d4] in 5.06221699714661s #####
##### Running: /usr/lib/jvm/jdk-14.0.1/bin/java -jar /lab/itti/projects/checkers-competition/server/referee.jar on run_22_vdhankar_bowenyua #####
Move is valid
##### SUCCESS: /usr/lib/jvm/jdk-14.0.1/bin/java -jar /lab/itti/projects/checkers-competition/server/referee.jar on run_22_vdhankar_bowenyua #####
INPUT for bowenyua:
GAME
BLACK
294.48
...b.b.b
b.b.b.b.
.b.b.b.b
b.......
...w...w
w...w.w.
.w.w.w..
w.w.w.w.
##### Running: /usr/bin/time -o time_22_vdhankar_bowenyua.txt -f "%U" python3 homework.py > stulog.txt 2>&1 on bowenyua #####
##### SUCCESS: /usr/bin/time -o time_22_vdhankar_bowenyua.txt -f "%U" python3 homework.py > stulog.txt 2>&1 on bowenyua #####
##### bowenyua plays [E b6 c5] in 0.71s #####
##### Running: /usr/lib/jvm/jdk-14.0.1/bin/java -jar /lab/itti/projects/checkers-competition/server/referee.jar on run_22_vdhankar_bowenyua #####
Move is valid
##### SUCCESS: /usr/lib/jvm/jdk-14.0.1/bin/java -jar /lab/itti/projects/checkers-competition/server/referee.jar on run_22_vdhankar_bowenyua #####
INPUT for vdhankar:
GAME
WHITE
264.514313936234
...b.b.b
b.b.b.b.
...b.b.b
b.b.....
...w...w
w...w.w.
.w.w.w..
w.w.w.w.
##### Running: /usr/bin/time -o time_22_vdhankar_bowenyua.txt -f "%U" python3 homework.py > stulog.txt 2>&1 on vdhankar #####
child exited with value 1
##### ERROR: /usr/bin/time -o time_22_vdhankar_bowenyua.txt -f "%U" python3 homework.py > stulog.txt 2>&1 on vdhankar #####
##### Output of failed program (stdout + stderr): #####
Traceback (most recent call last):
  File "homework.py", line 546, in <module>
    print(end-start)
NameError: name 'end' is not defined
##### End of output of failed program #####
##### vdhankar plays [J d4 b6] in 1.51122903823853s #####
##### Running: /usr/lib/jvm/jdk-14.0.1/bin/java -jar /lab/itti/projects/checkers-competition/server/referee.jar on run_22_vdhankar_bowenyua #####
Move is valid
##### SUCCESS: /usr/lib/jvm/jdk-14.0.1/bin/java -jar /lab/itti/projects/checkers-competition/server/referee.jar on run_22_vdhankar_bowenyua #####
INPUT for bowenyua:
GAME
BLACK
293.77
...b.b.b
b.b.b.b.
.w.b.b.b
b.......
.......w
w...w.w.
.w.w.w..
w.w.w.w.
##### Running: /usr/bin/time -o time_22_vdhankar_bowenyua.txt -f "%U" python3 homework.py > stulog.txt 2>&1 on bowenyua #####
##### SUCCESS: /usr/bin/time -o time_22_vdhankar_bowenyua.txt -f "%U" python3 homework.py > stulog.txt 2>&1 on bowenyua #####
##### bowenyua plays [J a7 c5] in 0.98s #####
##### Running: /usr/lib/jvm/jdk-14.0.1/bin/java -jar /lab/itti/projects/checkers-competition/server/referee.jar on run_22_vdhankar_bowenyua #####
Move is valid
##### SUCCESS: /usr/lib/jvm/jdk-14.0.1/bin/java -jar /lab/itti/projects/checkers-competition/server/referee.jar on run_22_vdhankar_bowenyua #####
INPUT for vdhankar:
GAME
WHITE
263.003084897995
...b.b.b
..b.b.b.
...b.b.b
b.b.....
.......w
w...w.w.
.w.w.w..
w.w.w.w.
##### Running: /usr/bin/time -o time_22_vdhankar_bowenyua.txt -f "%U" python3 homework.py > stulog.txt 2>&1 on vdhankar #####
child exited with value 1
##### ERROR: /usr/bin/time -o time_22_vdhankar_bowenyua.txt -f "%U" python3 homework.py > stulog.txt 2>&1 on vdhankar #####
##### Output of failed program (stdout + stderr): #####
Traceback (most recent call last):
  File "homework.py", line 546, in <module>
    print(end-start)
NameError: name 'end' is not defined
##### End of output of failed program #####
##### vdhankar plays [E d2 c3] in 7.30448389053345s #####
##### Running: /usr/lib/jvm/jdk-14.0.1/bin/java -jar /lab/itti/projects/checkers-competition/server/referee.jar on run_22_vdhankar_bowenyua #####
Move is valid
##### SUCCESS: /usr/lib/jvm/jdk-14.0.1/bin/java -jar /lab/itti/projects/checkers-competition/server/referee.jar on run_22_vdhankar_bowenyua #####
INPUT for bowenyua:
GAME
BLACK
292.79
...b.b.b
..b.b.b.
...b.b.b
b.b.....
.......w
w.w.w.w.
.w...w..
w.w.w.w.
##### Running: /usr/bin/time -o time_22_vdhankar_bowenyua.txt -f "%U" python3 homework.py > stulog.txt 2>&1 on bowenyua #####
##### SUCCESS: /usr/bin/time -o time_22_vdhankar_bowenyua.txt -f "%U" python3 homework.py > stulog.txt 2>&1 on bowenyua #####
##### bowenyua plays [E c7 b6] in 1.78s #####
##### Running: /usr/lib/jvm/jdk-14.0.1/bin/java -jar /lab/itti/projects/checkers-competition/server/referee.jar on run_22_vdhankar_bowenyua #####
Move is valid
##### SUCCESS: /usr/lib/jvm/jdk-14.0.1/bin/java -jar /lab/itti/projects/checkers-competition/server/referee.jar on run_22_vdhankar_bowenyua #####
INPUT for vdhankar:
GAME
WHITE
255.698601007462
...b.b.b
....b.b.
.b.b.b.b
b.b.....
.......w
w.w.w.w.
.w...w..
w.w.w.w.
##### Running: /usr/bin/time -o time_22_vdhankar_bowenyua.txt -f "%U" python3 homework.py > stulog.txt 2>&1 on vdhankar #####
child exited with value 1
##### ERROR: /usr/bin/time -o time_22_vdhankar_bowenyua.txt -f "%U" python3 homework.py > stulog.txt 2>&1 on vdhankar #####
##### Output of failed program (stdout + stderr): #####
Traceback (most recent call last):
  File "homework.py", line 546, in <module>
    print(end-start)
NameError: name 'end' is not defined
##### End of output of failed program #####
##### vdhankar plays [E c1 d2] in 11.5000619888306s #####
##### Running: /usr/lib/jvm/jdk-14.0.1/bin/java -jar /lab/itti/projects/checkers-competition/server/referee.jar on run_22_vdhankar_bowenyua #####
Move is valid
##### SUCCESS: /usr/lib/jvm/jdk-14.0.1/bin/java -jar /lab/itti/projects/checkers-competition/server/referee.jar on run_22_vdhankar_bowenyua #####
INPUT for bowenyua:
GAME
BLACK
291.01
...b.b.b
....b.b.
.b.b.b.b
b.b.....
.......w
w.w.w.w.
.w.w.w..
w...w.w.
##### Running: /usr/bin/time -o time_22_vdhankar_bowenyua.txt -f "%U" python3 homework.py > stulog.txt 2>&1 on bowenyua #####
##### SUCCESS: /usr/bin/time -o time_22_vdhankar_bowenyua.txt -f "%U" python3 homework.py > stulog.txt 2>&1 on bowenyua #####
##### bowenyua plays [E d8 c7] in 1.68s #####
##### Running: /usr/lib/jvm/jdk-14.0.1/bin/java -jar /lab/itti/projects/checkers-competition/server/referee.jar on run_22_vdhankar_bowenyua #####
Move is valid
##### SUCCESS: /usr/lib/jvm/jdk-14.0.1/bin/java -jar /lab/itti/projects/checkers-competition/server/referee.jar on run_22_vdhankar_bowenyua #####
INPUT for vdhankar:
GAME
WHITE
244.198539018631
.....b.b
..b.b.b.
.b.b.b.b
b.b.....
.......w
w.w.w.w.
.w.w.w..
w...w.w.
##### Running: /usr/bin/time -o time_22_vdhankar_bowenyua.txt -f "%U" python3 homework.py > stulog.txt 2>&1 on vdhankar #####
child exited with value 1
##### ERROR: /usr/bin/time -o time_22_vdhankar_bowenyua.txt -f "%U" python3 homework.py > stulog.txt 2>&1 on vdhankar #####
##### Output of failed program (stdout + stderr): #####
Traceback (most recent call last):
  File "homework.py", line 546, in <module>
    print(end-start)
NameError: name 'end' is not defined
##### End of output of failed program #####
##### vdhankar plays [E c3 d4] in 4.451584815979s #####
##### Running: /usr/lib/jvm/jdk-14.0.1/bin/java -jar /lab/itti/projects/checkers-competition/server/referee.jar on run_22_vdhankar_bowenyua #####
Move is valid
##### SUCCESS: /usr/lib/jvm/jdk-14.0.1/bin/java -jar /lab/itti/projects/checkers-competition/server/referee.jar on run_22_vdhankar_bowenyua #####
INPUT for bowenyua:
GAME
BLACK
289.33
.....b.b
..b.b.b.
.b.b.b.b
b.b.....
...w...w
w...w.w.
.w.w.w..
w...w.w.
##### Running: /usr/bin/time -o time_22_vdhankar_bowenyua.txt -f "%U" python3 homework.py > stulog.txt 2>&1 on bowenyua #####
##### SUCCESS: /usr/bin/time -o time_22_vdhankar_bowenyua.txt -f "%U" python3 homework.py > stulog.txt 2>&1 on bowenyua #####
##### bowenyua plays [E h6 g5] in 1.87s #####
##### Running: /usr/lib/jvm/jdk-14.0.1/bin/java -jar /lab/itti/projects/checkers-competition/server/referee.jar on run_22_vdhankar_bowenyua #####
Move is valid
##### SUCCESS: /usr/lib/jvm/jdk-14.0.1/bin/java -jar /lab/itti/projects/checkers-competition/server/referee.jar on run_22_vdhankar_bowenyua #####
INPUT for vdhankar:
GAME
WHITE
239.746954202652
.....b.b
..b.b.b.
.b.b.b..
b.b...b.
...w...w
w...w.w.
.w.w.w..
w...w.w.
##### Running: /usr/bin/time -o time_22_vdhankar_bowenyua.txt -f "%U" python3 homework.py > stulog.txt 2>&1 on vdhankar #####
child exited with value 1
##### ERROR: /usr/bin/time -o time_22_vdhankar_bowenyua.txt -f "%U" python3 homework.py > stulog.txt 2>&1 on vdhankar #####
##### Output of failed program (stdout + stderr): #####
Traceback (most recent call last):
  File "homework.py", line 546, in <module>
    print(end-start)
NameError: name 'end' is not defined
##### End of output of failed program #####
##### vdhankar plays [E g3 f4] in 2.77112793922424s #####
##### Running: /usr/lib/jvm/jdk-14.0.1/bin/java -jar /lab/itti/projects/checkers-competition/server/referee.jar on run_22_vdhankar_bowenyua #####
Move is valid
##### SUCCESS: /usr/lib/jvm/jdk-14.0.1/bin/java -jar /lab/itti/projects/checkers-competition/server/referee.jar on run_22_vdhankar_bowenyua #####
INPUT for bowenyua:
GAME
BLACK
287.46
.....b.b
..b.b.b.
.b.b.b..
b.b...b.
...w.w.w
w...w...
.w.w.w..
w...w.w.
##### Running: /usr/bin/time -o time_22_vdhankar_bowenyua.txt -f "%U" python3 homework.py > stulog.txt 2>&1 on bowenyua #####
##### SUCCESS: /usr/bin/time -o time_22_vdhankar_bowenyua.txt -f "%U" python3 homework.py > stulog.txt 2>&1 on bowenyua #####
##### bowenyua plays [E a5 b4] in 0.97s #####
##### Running: /usr/lib/jvm/jdk-14.0.1/bin/java -jar /lab/itti/projects/checkers-competition/server/referee.jar on run_22_vdhankar_bowenyua #####
Move is valid
##### SUCCESS: /usr/lib/jvm/jdk-14.0.1/bin/java -jar /lab/itti/projects/checkers-competition/server/referee.jar on run_22_vdhankar_bowenyua #####
INPUT for vdhankar:
GAME
WHITE
236.975826263428
.....b.b
..b.b.b.
.b.b.b..
..b...b.
.b.w.w.w
w...w...
.w.w.w..
w...w.w.
##### Running: /usr/bin/time -o time_22_vdhankar_bowenyua.txt -f "%U" python3 homework.py > stulog.txt 2>&1 on vdhankar #####
child exited with value 1
##### ERROR: /usr/bin/time -o time_22_vdhankar_bowenyua.txt -f "%U" python3 homework.py > stulog.txt 2>&1 on vdhankar #####
##### Output of failed program (stdout + stderr): #####
Traceback (most recent call last):
  File "homework.py", line 546, in <module>
    print(end-start)
NameError: name 'end' is not defined
##### End of output of failed program #####
##### vdhankar plays [J f4 h6] in 0.703835010528564s #####
##### Running: /usr/lib/jvm/jdk-14.0.1/bin/java -jar /lab/itti/projects/checkers-competition/server/referee.jar on run_22_vdhankar_bowenyua #####
Move is valid
##### SUCCESS: /usr/lib/jvm/jdk-14.0.1/bin/java -jar /lab/itti/projects/checkers-competition/server/referee.jar on run_22_vdhankar_bowenyua #####
INPUT for bowenyua:
GAME
BLACK
286.49
.....b.b
..b.b.b.
.b.b.b.w
..b.....
.b.w...w
w...w...
.w.w.w..
w...w.w.
##### Running: /usr/bin/time -o time_22_vdhankar_bowenyua.txt -f "%U" python3 homework.py > stulog.txt 2>&1 on bowenyua #####
##### SUCCESS: /usr/bin/time -o time_22_vdhankar_bowenyua.txt -f "%U" python3 homework.py > stulog.txt 2>&1 on bowenyua #####
##### bowenyua plays [E d6 e5] in 0.58s #####
##### Running: /usr/lib/jvm/jdk-14.0.1/bin/java -jar /lab/itti/projects/checkers-competition/server/referee.jar on run_22_vdhankar_bowenyua #####
Move is valid
##### SUCCESS: /usr/lib/jvm/jdk-14.0.1/bin/java -jar /lab/itti/projects/checkers-competition/server/referee.jar on run_22_vdhankar_bowenyua #####
INPUT for vdhankar:
GAME
WHITE
236.271991252899
.....b.b
..b.b.b.
.b...b.w
..b.b...
.b.w...w
w...w...
.w.w.w..
w...w.w.
##### Running: /usr/bin/time -o time_22_vdhankar_bowenyua.txt -f "%U" python3 homework.py > stulog.txt 2>&1 on vdhankar #####
child exited with value 1
##### ERROR: /usr/bin/time -o time_22_vdhankar_bowenyua.txt -f "%U" python3 homework.py > stulog.txt 2>&1 on vdhankar #####
##### Output of failed program (stdout + stderr): #####
Traceback (most recent call last):
  File "homework.py", line 546, in <module>
    print(end-start)
NameError: name 'end' is not defined
##### End of output of failed program #####
##### vdhankar plays [E b2 c3] in 1.21342396736145s #####
##### Running: /usr/lib/jvm/jdk-14.0.1/bin/java -jar /lab/itti/projects/checkers-competition/server/referee.jar on run_22_vdhankar_bowenyua #####
Move is valid
##### SUCCESS: /usr/lib/jvm/jdk-14.0.1/bin/java -jar /lab/itti/projects/checkers-competition/server/referee.jar on run_22_vdhankar_bowenyua #####
INPUT for bowenyua:
GAME
BLACK
285.91
.....b.b
..b.b.b.
.b...b.w
..b.b...
.b.w...w
w.w.w...
...w.w..
w...w.w.
##### Running: /usr/bin/time -o time_22_vdhankar_bowenyua.txt -f "%U" python3 homework.py > stulog.txt 2>&1 on bowenyua #####
##### SUCCESS: /usr/bin/time -o time_22_vdhankar_bowenyua.txt -f "%U" python3 homework.py > stulog.txt 2>&1 on bowenyua #####
##### bowenyua plays [E e7 d6] in 0.35s #####
##### Running: /usr/lib/jvm/jdk-14.0.1/bin/java -jar /lab/itti/projects/checkers-competition/server/referee.jar on run_22_vdhankar_bowenyua #####
Move is valid
##### SUCCESS: /usr/lib/jvm/jdk-14.0.1/bin/java -jar /lab/itti/projects/checkers-competition/server/referee.jar on run_22_vdhankar_bowenyua #####
INPUT for vdhankar:
GAME
WHITE
235.058567285538
.....b.b
..b...b.
.b.b.b.w
..b.b...
.b.w...w
w.w.w...
...w.w..
w...w.w.
##### Running: /usr/bin/time -o time_22_vdhankar_bowenyua.txt -f "%U" python3 homework.py > stulog.txt 2>&1 on vdhankar #####
child exited with value 1
##### ERROR: /usr/bin/time -o time_22_vdhankar_bowenyua.txt -f "%U" python3 homework.py > stulog.txt 2>&1 on vdhankar #####
##### Output of failed program (stdout + stderr): #####
Traceback (most recent call last):
  File "homework.py", line 546, in <module>
    print(end-start)
NameError: name 'end' is not defined
##### End of output of failed program #####
##### vdhankar plays [J c3 a5] in 0.438740968704224s #####
##### Running: /usr/lib/jvm/jdk-14.0.1/bin/java -jar /lab/itti/projects/checkers-competition/server/referee.jar on run_22_vdhankar_bowenyua #####
Move is valid
##### SUCCESS: /usr/lib/jvm/jdk-14.0.1/bin/java -jar /lab/itti/projects/checkers-competition/server/referee.jar on run_22_vdhankar_bowenyua #####
INPUT for bowenyua:
GAME
BLACK
285.56
.....b.b
..b...b.
.b.b.b.w
w.b.b...
...w...w
w...w...
...w.w..
w...w.w.
##### Running: /usr/bin/time -o time_22_vdhankar_bowenyua.txt -f "%U" python3 homework.py > stulog.txt 2>&1 on bowenyua #####
##### SUCCESS: /usr/bin/time -o time_22_vdhankar_bowenyua.txt -f "%U" python3 homework.py > stulog.txt 2>&1 on bowenyua #####
##### bowenyua plays [J e5 c3] in 0.21s #####
##### Running: /usr/lib/jvm/jdk-14.0.1/bin/java -jar /lab/itti/projects/checkers-competition/server/referee.jar on run_22_vdhankar_bowenyua #####
Move is valid
##### SUCCESS: /usr/lib/jvm/jdk-14.0.1/bin/java -jar /lab/itti/projects/checkers-competition/server/referee.jar on run_22_vdhankar_bowenyua #####
INPUT for vdhankar:
GAME
WHITE
234.619826316833
.....b.b
..b...b.
.b.b.b.w
w.b.....
.......w
w.b.w...
...w.w..
w...w.w.
##### Running: /usr/bin/time -o time_22_vdhankar_bowenyua.txt -f "%U" python3 homework.py > stulog.txt 2>&1 on vdhankar #####
child exited with value 1
##### ERROR: /usr/bin/time -o time_22_vdhankar_bowenyua.txt -f "%U" python3 homework.py > stulog.txt 2>&1 on vdhankar #####
##### Output of failed program (stdout + stderr): #####
Traceback (most recent call last):
  File "homework.py", line 546, in <module>
    print(end-start)
NameError: name 'end' is not defined
##### End of output of failed program #####
##### vdhankar plays [J d2 b4] in 0.952881813049316s #####
##### Running: /usr/lib/jvm/jdk-14.0.1/bin/java -jar /lab/itti/projects/checkers-competition/server/referee.jar on run_22_vdhankar_bowenyua #####
Move is valid
##### SUCCESS: /usr/lib/jvm/jdk-14.0.1/bin/java -jar /lab/itti/projects/checkers-competition/server/referee.jar on run_22_vdhankar_bowenyua #####
INPUT for bowenyua:
GAME
BLACK
285.35
.....b.b
..b...b.
.b.b.b.w
w.b.....
.w.....w
w...w...
.....w..
w...w.w.
##### Running: /usr/bin/time -o time_22_vdhankar_bowenyua.txt -f "%U" python3 homework.py > stulog.txt 2>&1 on bowenyua #####
##### SUCCESS: /usr/bin/time -o time_22_vdhankar_bowenyua.txt -f "%U" python3 homework.py > stulog.txt 2>&1 on bowenyua #####
##### bowenyua plays [E f6 g5] in 0.92s #####
##### Running: /usr/lib/jvm/jdk-14.0.1/bin/java -jar /lab/itti/projects/checkers-competition/server/referee.jar on run_22_vdhankar_bowenyua #####
Move is valid
##### SUCCESS: /usr/lib/jvm/jdk-14.0.1/bin/java -jar /lab/itti/projects/checkers-competition/server/referee.jar on run_22_vdhankar_bowenyua #####
INPUT for vdhankar:
GAME
WHITE
233.666944503784
.....b.b
..b...b.
.b.b...w
w.b...b.
.w.....w
w...w...
.....w..
w...w.w.
##### Running: /usr/bin/time -o time_22_vdhankar_bowenyua.txt -f "%U" python3 homework.py > stulog.txt 2>&1 on vdhankar #####
child exited with value 1
##### ERROR: /usr/bin/time -o time_22_vdhankar_bowenyua.txt -f "%U" python3 homework.py > stulog.txt 2>&1 on vdhankar #####
##### Output of failed program (stdout + stderr): #####
Traceback (most recent call last):
  File "homework.py", line 546, in <module>
    print(end-start)
NameError: name 'end' is not defined
##### End of output of failed program #####
##### vdhankar plays [J h4 f6] in 0.93976902961731s #####
##### Running: /usr/lib/jvm/jdk-14.0.1/bin/java -jar /lab/itti/projects/checkers-competition/server/referee.jar on run_22_vdhankar_bowenyua #####
Move is valid
##### SUCCESS: /usr/lib/jvm/jdk-14.0.1/bin/java -jar /lab/itti/projects/checkers-competition/server/referee.jar on run_22_vdhankar_bowenyua #####
INPUT for bowenyua:
GAME
BLACK
284.43
.....b.b
..b...b.
.b.b.w.w
w.b.....
.w......
w...w...
.....w..
w...w.w.
##### Running: /usr/bin/time -o time_22_vdhankar_bowenyua.txt -f "%U" python3 homework.py > stulog.txt 2>&1 on bowenyua #####
##### SUCCESS: /usr/bin/time -o time_22_vdhankar_bowenyua.txt -f "%U" python3 homework.py > stulog.txt 2>&1 on bowenyua #####
##### bowenyua plays [J g7 e5] in 0.46s #####
##### Running: /usr/lib/jvm/jdk-14.0.1/bin/java -jar /lab/itti/projects/checkers-competition/server/referee.jar on run_22_vdhankar_bowenyua #####
Move is valid
##### SUCCESS: /usr/lib/jvm/jdk-14.0.1/bin/java -jar /lab/itti/projects/checkers-competition/server/referee.jar on run_22_vdhankar_bowenyua #####
INPUT for vdhankar:
GAME
WHITE
232.727175474167
.....b.b
..b.....
.b.b...w
w.b.b...
.w......
w...w...
.....w..
w...w.w.
##### Running: /usr/bin/time -o time_22_vdhankar_bowenyua.txt -f "%U" python3 homework.py > stulog.txt 2>&1 on vdhankar #####
child exited with value 1
##### ERROR: /usr/bin/time -o time_22_vdhankar_bowenyua.txt -f "%U" python3 homework.py > stulog.txt 2>&1 on vdhankar #####
##### Output of failed program (stdout + stderr): #####
Traceback (most recent call last):
  File "homework.py", line 546, in <module>
    print(end-start)
NameError: name 'end' is not defined
##### End of output of failed program #####
##### vdhankar plays [E g1 h2] in 3.60654592514038s #####
##### Running: /usr/lib/jvm/jdk-14.0.1/bin/java -jar /lab/itti/projects/checkers-competition/server/referee.jar on run_22_vdhankar_bowenyua #####
Move is valid
##### SUCCESS: /usr/lib/jvm/jdk-14.0.1/bin/java -jar /lab/itti/projects/checkers-competition/server/referee.jar on run_22_vdhankar_bowenyua #####
INPUT for bowenyua:
GAME
BLACK
283.97
.....b.b
..b.....
.b.b...w
w.b.b...
.w......
w...w...
.....w.w
w...w...
##### Running: /usr/bin/time -o time_22_vdhankar_bowenyua.txt -f "%U" python3 homework.py > stulog.txt 2>&1 on bowenyua #####
##### SUCCESS: /usr/bin/time -o time_22_vdhankar_bowenyua.txt -f "%U" python3 homework.py > stulog.txt 2>&1 on bowenyua #####
##### bowenyua plays [E f8 e7] in 1.29s #####
##### Running: /usr/lib/jvm/jdk-14.0.1/bin/java -jar /lab/itti/projects/checkers-competition/server/referee.jar on run_22_vdhankar_bowenyua #####
Move is valid
##### SUCCESS: /usr/lib/jvm/jdk-14.0.1/bin/java -jar /lab/itti/projects/checkers-competition/server/referee.jar on run_22_vdhankar_bowenyua #####
INPUT for vdhankar:
GAME
WHITE
229.120629549026
.......b
..b.b...
.b.b...w
w.b.b...
.w......
w...w...
.....w.w
w...w...
##### Running: /usr/bin/time -o time_22_vdhankar_bowenyua.txt -f "%U" python3 homework.py > stulog.txt 2>&1 on vdhankar #####
child exited with value 1
##### ERROR: /usr/bin/time -o time_22_vdhankar_bowenyua.txt -f "%U" python3 homework.py > stulog.txt 2>&1 on vdhankar #####
##### Output of failed program (stdout + stderr): #####
Traceback (most recent call last):
  File "homework.py", line 546, in <module>
    print(end-start)
NameError: name 'end' is not defined
##### End of output of failed program #####
##### vdhankar plays [E h2 g3] in 2.54937410354614s #####
##### Running: /usr/lib/jvm/jdk-14.0.1/bin/java -jar /lab/itti/projects/checkers-competition/server/referee.jar on run_22_vdhankar_bowenyua #####
Move is valid
##### SUCCESS: /usr/lib/jvm/jdk-14.0.1/bin/java -jar /lab/itti/projects/checkers-competition/server/referee.jar on run_22_vdhankar_bowenyua #####
INPUT for bowenyua:
GAME
BLACK
282.68
.......b
..b.b...
.b.b...w
w.b.b...
.w......
w...w.w.
.....w..
w...w...
##### Running: /usr/bin/time -o time_22_vdhankar_bowenyua.txt -f "%U" python3 homework.py > stulog.txt 2>&1 on bowenyua #####
##### SUCCESS: /usr/bin/time -o time_22_vdhankar_bowenyua.txt -f "%U" python3 homework.py > stulog.txt 2>&1 on bowenyua #####
##### bowenyua plays [E e7 f6] in 1.05s #####
##### Running: /usr/lib/jvm/jdk-14.0.1/bin/java -jar /lab/itti/projects/checkers-competition/server/referee.jar on run_22_vdhankar_bowenyua #####
Move is valid
##### SUCCESS: /usr/lib/jvm/jdk-14.0.1/bin/java -jar /lab/itti/projects/checkers-competition/server/referee.jar on run_22_vdhankar_bowenyua #####
INPUT for vdhankar:
GAME
WHITE
226.57125544548
.......b
..b.....
.b.b.b.w
w.b.b...
.w......
w...w.w.
.....w..
w...w...
##### Running: /usr/bin/time -o time_22_vdhankar_bowenyua.txt -f "%U" python3 homework.py > stulog.txt 2>&1 on vdhankar #####
child exited with value 1
##### ERROR: /usr/bin/time -o time_22_vdhankar_bowenyua.txt -f "%U" python3 homework.py > stulog.txt 2>&1 on vdhankar #####
##### Output of failed program (stdout + stderr): #####
Traceback (most recent call last):
  File "homework.py", line 546, in <module>
    print(end-start)
NameError: name 'end' is not defined
##### End of output of failed program #####
##### vdhankar plays [E h6 g7] in 2.39514207839966s #####
##### Running: /usr/lib/jvm/jdk-14.0.1/bin/java -jar /lab/itti/projects/checkers-competition/server/referee.jar on run_22_vdhankar_bowenyua #####
Move is valid
##### SUCCESS: /usr/lib/jvm/jdk-14.0.1/bin/java -jar /lab/itti/projects/checkers-competition/server/referee.jar on run_22_vdhankar_bowenyua #####
INPUT for bowenyua:
GAME
BLACK
281.63
.......b
..b...w.
.b.b.b..
w.b.b...
.w......
w...w.w.
.....w..
w...w...
##### Running: /usr/bin/time -o time_22_vdhankar_bowenyua.txt -f "%U" python3 homework.py > stulog.txt 2>&1 on bowenyua #####
##### SUCCESS: /usr/bin/time -o time_22_vdhankar_bowenyua.txt -f "%U" python3 homework.py > stulog.txt 2>&1 on bowenyua #####
##### bowenyua plays [E f6 g5] in 0.56s #####
##### Running: /usr/lib/jvm/jdk-14.0.1/bin/java -jar /lab/itti/projects/checkers-competition/server/referee.jar on run_22_vdhankar_bowenyua #####
Move is valid
##### SUCCESS: /usr/lib/jvm/jdk-14.0.1/bin/java -jar /lab/itti/projects/checkers-competition/server/referee.jar on run_22_vdhankar_bowenyua #####
INPUT for vdhankar:
GAME
WHITE
224.176113367081
.......b
..b...w.
.b.b....
w.b.b.b.
.w......
w...w.w.
.....w..
w...w...
##### Running: /usr/bin/time -o time_22_vdhankar_bowenyua.txt -f "%U" python3 homework.py > stulog.txt 2>&1 on vdhankar #####
child exited with value 1
##### ERROR: /usr/bin/time -o time_22_vdhankar_bowenyua.txt -f "%U" python3 homework.py > stulog.txt 2>&1 on vdhankar #####
##### Output of failed program (stdout + stderr): #####
Traceback (most recent call last):
  File "homework.py", line 546, in <module>
    print(end-start)
NameError: name 'end' is not defined
##### End of output of failed program #####
##### vdhankar plays [E g7 f8] in 1.61032605171204s #####
##### Running: /usr/lib/jvm/jdk-14.0.1/bin/java -jar /lab/itti/projects/checkers-competition/server/referee.jar on run_22_vdhankar_bowenyua #####
Move is valid
##### SUCCESS: /usr/lib/jvm/jdk-14.0.1/bin/java -jar /lab/itti/projects/checkers-competition/server/referee.jar on run_22_vdhankar_bowenyua #####
INPUT for bowenyua:
GAME
BLACK
281.07
.....W.b
..b.....
.b.b....
w.b.b.b.
.w......
w...w.w.
.....w..
w...w...
##### Running: /usr/bin/time -o time_22_vdhankar_bowenyua.txt -f "%U" python3 homework.py > stulog.txt 2>&1 on bowenyua #####
##### SUCCESS: /usr/bin/time -o time_22_vdhankar_bowenyua.txt -f "%U" python3 homework.py > stulog.txt 2>&1 on bowenyua #####
##### bowenyua plays [E e5 d4] in 1.14s #####
##### Running: /usr/lib/jvm/jdk-14.0.1/bin/java -jar /lab/itti/projects/checkers-competition/server/referee.jar on run_22_vdhankar_bowenyua #####
Move is valid
##### SUCCESS: /usr/lib/jvm/jdk-14.0.1/bin/java -jar /lab/itti/projects/checkers-competition/server/referee.jar on run_22_vdhankar_bowenyua #####
INPUT for vdhankar:
GAME
WHITE
222.565787315369
.....W.b
..b.....
.b.b....
w.b...b.
.w.b....
w...w.w.
.....w..
w...w...
##### Running: /usr/bin/time -o time_22_vdhankar_bowenyua.txt -f "%U" python3 homework.py > stulog.txt 2>&1 on vdhankar #####
child exited with value 1
##### ERROR: /usr/bin/time -o time_22_vdhankar_bowenyua.txt -f "%U" python3 homework.py > stulog.txt 2>&1 on vdhankar #####
##### Output of failed program (stdout + stderr): #####
Traceback (most recent call last):
  File "homework.py", line 546, in <module>
    print(end-start)
NameError: name 'end' is not defined
##### End of output of failed program #####
##### vdhankar plays [E a1 b2] in 2.05255699157715s #####
##### Running: /usr/lib/jvm/jdk-14.0.1/bin/java -jar /lab/itti/projects/checkers-competition/server/referee.jar on run_22_vdhankar_bowenyua #####
Move is valid
##### SUCCESS: /usr/lib/jvm/jdk-14.0.1/bin/java -jar /lab/itti/projects/checkers-competition/server/referee.jar on run_22_vdhankar_bowenyua #####
INPUT for bowenyua:
GAME
BLACK
279.93
.....W.b
..b.....
.b.b....
w.b...b.
.w.b....
w...w.w.
.w...w..
....w...
##### Running: /usr/bin/time -o time_22_vdhankar_bowenyua.txt -f "%U" python3 homework.py > stulog.txt 2>&1 on bowenyua #####
##### SUCCESS: /usr/bin/time -o time_22_vdhankar_bowenyua.txt -f "%U" python3 homework.py > stulog.txt 2>&1 on bowenyua #####
##### bowenyua plays [E g5 f4] in 0.6s #####
##### Running: /usr/lib/jvm/jdk-14.0.1/bin/java -jar /lab/itti/projects/checkers-competition/server/referee.jar on run_22_vdhankar_bowenyua #####
Move is valid
##### SUCCESS: /usr/lib/jvm/jdk-14.0.1/bin/java -jar /lab/itti/projects/checkers-competition/server/referee.jar on run_22_vdhankar_bowenyua #####
INPUT for vdhankar:
GAME
WHITE
220.513230323792
.....W.b
..b.....
.b.b....
w.b.....
.w.b.b..
w...w.w.
.w...w..
....w...
##### Running: /usr/bin/time -o time_22_vdhankar_bowenyua.txt -f "%U" python3 homework.py > stulog.txt 2>&1 on vdhankar #####
child exited with value 1
##### ERROR: /usr/bin/time -o time_22_vdhankar_bowenyua.txt -f "%U" python3 homework.py > stulog.txt 2>&1 on vdhankar #####
##### Output of failed program (stdout + stderr): #####
Traceback (most recent call last):
  File "homework.py", line 546, in <module>
    print(end-start)
NameError: name 'end' is not defined
##### End of output of failed program #####
##### vdhankar plays [J g3 e5] in 0.653382062911987s #####
##### Running: /usr/lib/jvm/jdk-14.0.1/bin/java -jar /lab/itti/projects/checkers-competition/server/referee.jar on run_22_vdhankar_bowenyua #####
Move is valid
##### SUCCESS: /usr/lib/jvm/jdk-14.0.1/bin/java -jar /lab/itti/projects/checkers-competition/server/referee.jar on run_22_vdhankar_bowenyua #####
INPUT for bowenyua:
GAME
BLACK
279.33
.....W.b
..b.....
.b.b....
w.b.w...
.w.b....
w...w...
.w...w..
....w...
##### Running: /usr/bin/time -o time_22_vdhankar_bowenyua.txt -f "%U" python3 homework.py > stulog.txt 2>&1 on bowenyua #####
##### SUCCESS: /usr/bin/time -o time_22_vdhankar_bowenyua.txt -f "%U" python3 homework.py > stulog.txt 2>&1 on bowenyua #####
##### bowenyua plays [J d6 f4 ; J f4 d2] in 0.12s #####
##### Running: /usr/lib/jvm/jdk-14.0.1/bin/java -jar /lab/itti/projects/checkers-competition/server/referee.jar on run_22_vdhankar_bowenyua #####
Move is valid
##### SUCCESS: /usr/lib/jvm/jdk-14.0.1/bin/java -jar /lab/itti/projects/checkers-competition/server/referee.jar on run_22_vdhankar_bowenyua #####
INPUT for vdhankar:
GAME
WHITE
219.85984826088
.....W.b
..b.....
.b......
w.b.....
.w.b....
w.......
.w.b.w..
....w...
##### Running: /usr/bin/time -o time_22_vdhankar_bowenyua.txt -f "%U" python3 homework.py > stulog.txt 2>&1 on vdhankar #####
child exited with value 1
##### ERROR: /usr/bin/time -o time_22_vdhankar_bowenyua.txt -f "%U" python3 homework.py > stulog.txt 2>&1 on vdhankar #####
##### Output of failed program (stdout + stderr): #####
Traceback (most recent call last):
  File "homework.py", line 546, in <module>
    print(end-start)
NameError: name 'end' is not defined
##### End of output of failed program #####
##### vdhankar plays [J b4 d6 ; J d6 b8] in 0.534521102905273s #####
##### Running: /usr/lib/jvm/jdk-14.0.1/bin/java -jar /lab/itti/projects/checkers-competition/server/referee.jar on run_22_vdhankar_bowenyua #####
Move is valid
##### SUCCESS: /usr/lib/jvm/jdk-14.0.1/bin/java -jar /lab/itti/projects/checkers-competition/server/referee.jar on run_22_vdhankar_bowenyua #####
INPUT for bowenyua:
GAME
BLACK
279.21
.W...W.b
........
.b......
w.......
...b....
w.......
.w.b.w..
....w...
##### Running: /usr/bin/time -o time_22_vdhankar_bowenyua.txt -f "%U" python3 homework.py > stulog.txt 2>&1 on bowenyua #####
##### SUCCESS: /usr/bin/time -o time_22_vdhankar_bowenyua.txt -f "%U" python3 homework.py > stulog.txt 2>&1 on bowenyua #####
##### bowenyua plays [E d4 c3] in 0.21s #####
##### Running: /usr/lib/jvm/jdk-14.0.1/bin/java -jar /lab/itti/projects/checkers-competition/server/referee.jar on run_22_vdhankar_bowenyua #####
Move is valid
##### SUCCESS: /usr/lib/jvm/jdk-14.0.1/bin/java -jar /lab/itti/projects/checkers-competition/server/referee.jar on run_22_vdhankar_bowenyua #####
INPUT for vdhankar:
GAME
WHITE
219.325327157974
.W...W.b
........
.b......
w.......
........
w.b.....
.w.b.w..
....w...
##### Running: /usr/bin/time -o time_22_vdhankar_bowenyua.txt -f "%U" python3 homework.py > stulog.txt 2>&1 on vdhankar #####
child exited with value 1
##### ERROR: /usr/bin/time -o time_22_vdhankar_bowenyua.txt -f "%U" python3 homework.py > stulog.txt 2>&1 on vdhankar #####
##### Output of failed program (stdout + stderr): #####
Traceback (most recent call last):
  File "homework.py", line 546, in <module>
    print(end-start)
NameError: name 'end' is not defined
##### End of output of failed program #####
##### vdhankar plays [J b2 d4] in 0.615641832351685s #####
##### Running: /usr/lib/jvm/jdk-14.0.1/bin/java -jar /lab/itti/projects/checkers-competition/server/referee.jar on run_22_vdhankar_bowenyua #####
Move is valid
##### SUCCESS: /usr/lib/jvm/jdk-14.0.1/bin/java -jar /lab/itti/projects/checkers-competition/server/referee.jar on run_22_vdhankar_bowenyua #####
INPUT for bowenyua:
GAME
BLACK
279
.W...W.b
........
.b......
w.......
...w....
w.......
...b.w..
....w...
##### Running: /usr/bin/time -o time_22_vdhankar_bowenyua.txt -f "%U" python3 homework.py > stulog.txt 2>&1 on bowenyua #####
##### SUCCESS: /usr/bin/time -o time_22_vdhankar_bowenyua.txt -f "%U" python3 homework.py > stulog.txt 2>&1 on bowenyua #####
##### bowenyua plays [E b6 c5] in 0.24s #####
##### Running: /usr/lib/jvm/jdk-14.0.1/bin/java -jar /lab/itti/projects/checkers-competition/server/referee.jar on run_22_vdhankar_bowenyua #####
Move is valid
##### SUCCESS: /usr/lib/jvm/jdk-14.0.1/bin/java -jar /lab/itti/projects/checkers-competition/server/referee.jar on run_22_vdhankar_bowenyua #####
INPUT for vdhankar:
GAME
WHITE
218.709685325623
.W...W.b
........
........
w.b.....
...w....
w.......
...b.w..
....w...
##### Running: /usr/bin/time -o time_22_vdhankar_bowenyua.txt -f "%U" python3 homework.py > stulog.txt 2>&1 on vdhankar #####
child exited with value 1
##### ERROR: /usr/bin/time -o time_22_vdhankar_bowenyua.txt -f "%U" python3 homework.py > stulog.txt 2>&1 on vdhankar #####
##### Output of failed program (stdout + stderr): #####
Traceback (most recent call last):
  File "homework.py", line 546, in <module>
    print(end-start)
NameError: name 'end' is not defined
##### End of output of failed program #####
##### vdhankar plays [J d4 b6] in 1.3341851234436s #####
##### Running: /usr/lib/jvm/jdk-14.0.1/bin/java -jar /lab/itti/projects/checkers-competition/server/referee.jar on run_22_vdhankar_bowenyua #####
Move is valid
##### SUCCESS: /usr/lib/jvm/jdk-14.0.1/bin/java -jar /lab/itti/projects/checkers-competition/server/referee.jar on run_22_vdhankar_bowenyua #####
INPUT for bowenyua:
GAME
BLACK
278.76
.W...W.b
........
.w......
w.......
........
w.......
...b.w..
....w...
##### Running: /usr/bin/time -o time_22_vdhankar_bowenyua.txt -f "%U" python3 homework.py > stulog.txt 2>&1 on bowenyua #####
##### SUCCESS: /usr/bin/time -o time_22_vdhankar_bowenyua.txt -f "%U" python3 homework.py > stulog.txt 2>&1 on bowenyua #####
##### bowenyua plays [E d2 c1] in 0.61s #####
##### Running: /usr/lib/jvm/jdk-14.0.1/bin/java -jar /lab/itti/projects/checkers-competition/server/referee.jar on run_22_vdhankar_bowenyua #####
Move is valid
##### SUCCESS: /usr/lib/jvm/jdk-14.0.1/bin/java -jar /lab/itti/projects/checkers-competition/server/referee.jar on run_22_vdhankar_bowenyua #####
INPUT for vdhankar:
GAME
WHITE
217.375500202179
.W...W.b
........
.w......
w.......
........
w.......
.....w..
..B.w...
##### Running: /usr/bin/time -o time_22_vdhankar_bowenyua.txt -f "%U" python3 homework.py > stulog.txt 2>&1 on vdhankar #####
child exited with value 1
##### ERROR: /usr/bin/time -o time_22_vdhankar_bowenyua.txt -f "%U" python3 homework.py > stulog.txt 2>&1 on vdhankar #####
##### Output of failed program (stdout + stderr): #####
Traceback (most recent call last):
  File "homework.py", line 546, in <module>
    print(end-start)
NameError: name 'end' is not defined
##### End of output of failed program #####
##### vdhankar plays [E b6 c7] in 8.60310196876526s #####
##### Running: /usr/lib/jvm/jdk-14.0.1/bin/java -jar /lab/itti/projects/checkers-competition/server/referee.jar on run_22_vdhankar_bowenyua #####
Move is valid
##### SUCCESS: /usr/lib/jvm/jdk-14.0.1/bin/java -jar /lab/itti/projects/checkers-competition/server/referee.jar on run_22_vdhankar_bowenyua #####
INPUT for bowenyua:
GAME
BLACK
278.15
.W...W.b
..w.....
........
w.......
........
w.......
.....w..
..B.w...
##### Running: /usr/bin/time -o time_22_vdhankar_bowenyua.txt -f "%U" python3 homework.py > stulog.txt 2>&1 on bowenyua #####
##### SUCCESS: /usr/bin/time -o time_22_vdhankar_bowenyua.txt -f "%U" python3 homework.py > stulog.txt 2>&1 on bowenyua #####
##### bowenyua plays [E c1 b2] in 0.67s #####
##### Running: /usr/lib/jvm/jdk-14.0.1/bin/java -jar /lab/itti/projects/checkers-competition/server/referee.jar on run_22_vdhankar_bowenyua #####
Move is valid
##### SUCCESS: /usr/lib/jvm/jdk-14.0.1/bin/java -jar /lab/itti/projects/checkers-competition/server/referee.jar on run_22_vdhankar_bowenyua #####
INPUT for vdhankar:
GAME
WHITE
208.772398233414
.W...W.b
..w.....
........
w.......
........
w.......
.B...w..
....w...
##### Running: /usr/bin/time -o time_22_vdhankar_bowenyua.txt -f "%U" python3 homework.py > stulog.txt 2>&1 on vdhankar #####
child exited with value 1
##### ERROR: /usr/bin/time -o time_22_vdhankar_bowenyua.txt -f "%U" python3 homework.py > stulog.txt 2>&1 on vdhankar #####
##### Output of failed program (stdout + stderr): #####
Traceback (most recent call last):
  File "homework.py", line 546, in <module>
    print(end-start)
NameError: name 'end' is not defined
##### End of output of failed program #####
##### vdhankar plays [E f2 g3] in 9.53880310058594s #####
##### Running: /usr/lib/jvm/jdk-14.0.1/bin/java -jar /lab/itti/projects/checkers-competition/server/referee.jar on run_22_vdhankar_bowenyua #####
Move is valid
##### SUCCESS: /usr/lib/jvm/jdk-14.0.1/bin/java -jar /lab/itti/projects/checkers-competition/server/referee.jar on run_22_vdhankar_bowenyua #####
INPUT for bowenyua:
GAME
BLACK
277.48
.W...W.b
..w.....
........
w.......
........
w.....w.
.B......
....w...
##### Running: /usr/bin/time -o time_22_vdhankar_bowenyua.txt -f "%U" python3 homework.py > stulog.txt 2>&1 on bowenyua #####
##### SUCCESS: /usr/bin/time -o time_22_vdhankar_bowenyua.txt -f "%U" python3 homework.py > stulog.txt 2>&1 on bowenyua #####
##### bowenyua plays [E b2 c3] in 0.83s #####
##### Running: /usr/lib/jvm/jdk-14.0.1/bin/java -jar /lab/itti/projects/checkers-competition/server/referee.jar on run_22_vdhankar_bowenyua #####
Move is valid
##### SUCCESS: /usr/lib/jvm/jdk-14.0.1/bin/java -jar /lab/itti/projects/checkers-competition/server/referee.jar on run_22_vdhankar_bowenyua #####
INPUT for vdhankar:
GAME
WHITE
199.233595132828
.W...W.b
..w.....
........
w.......
........
w.B...w.
........
....w...
##### Running: /usr/bin/time -o time_22_vdhankar_bowenyua.txt -f "%U" python3 homework.py > stulog.txt 2>&1 on vdhankar #####
child exited with value 1
##### ERROR: /usr/bin/time -o time_22_vdhankar_bowenyua.txt -f "%U" python3 homework.py > stulog.txt 2>&1 on vdhankar #####
##### Output of failed program (stdout + stderr): #####
Traceback (most recent call last):
  File "homework.py", line 546, in <module>
    print(end-start)
NameError: name 'end' is not defined
##### End of output of failed program #####
##### vdhankar plays [E g3 h4] in 12.3592159748077s #####
##### Running: /usr/lib/jvm/jdk-14.0.1/bin/java -jar /lab/itti/projects/checkers-competition/server/referee.jar on run_22_vdhankar_bowenyua #####
Move is valid
##### SUCCESS: /usr/lib/jvm/jdk-14.0.1/bin/java -jar /lab/itti/projects/checkers-competition/server/referee.jar on run_22_vdhankar_bowenyua #####
INPUT for bowenyua:
GAME
BLACK
276.65
.W...W.b
..w.....
........
w.......
.......w
w.B.....
........
....w...
##### Running: /usr/bin/time -o time_22_vdhankar_bowenyua.txt -f "%U" python3 homework.py > stulog.txt 2>&1 on bowenyua #####
##### SUCCESS: /usr/bin/time -o time_22_vdhankar_bowenyua.txt -f "%U" python3 homework.py > stulog.txt 2>&1 on bowenyua #####
##### bowenyua plays [E c3 d4] in 0.95s #####
##### Running: /usr/lib/jvm/jdk-14.0.1/bin/java -jar /lab/itti/projects/checkers-competition/server/referee.jar on run_22_vdhankar_bowenyua #####
Move is valid
##### SUCCESS: /usr/lib/jvm/jdk-14.0.1/bin/java -jar /lab/itti/projects/checkers-competition/server/referee.jar on run_22_vdhankar_bowenyua #####
INPUT for vdhankar:
GAME
WHITE
186.87437915802
.W...W.b
..w.....
........
w.......
...B...w
w.......
........
....w...
##### Running: /usr/bin/time -o time_22_vdhankar_bowenyua.txt -f "%U" python3 homework.py > stulog.txt 2>&1 on vdhankar #####
child exited with value 1
##### ERROR: /usr/bin/time -o time_22_vdhankar_bowenyua.txt -f "%U" python3 homework.py > stulog.txt 2>&1 on vdhankar #####
##### Output of failed program (stdout + stderr): #####
Traceback (most recent call last):
  File "homework.py", line 546, in <module>
    print(end-start)
NameError: name 'end' is not defined
##### End of output of failed program #####
##### vdhankar plays [E e1 f2] in 9.68565988540649s #####
##### Running: /usr/lib/jvm/jdk-14.0.1/bin/java -jar /lab/itti/projects/checkers-competition/server/referee.jar on run_22_vdhankar_bowenyua #####
Move is valid
##### SUCCESS: /usr/lib/jvm/jdk-14.0.1/bin/java -jar /lab/itti/projects/checkers-competition/server/referee.jar on run_22_vdhankar_bowenyua #####
INPUT for bowenyua:
GAME
BLACK
275.7
.W...W.b
..w.....
........
w.......
...B...w
w.......
.....w..
........
##### Running: /usr/bin/time -o time_22_vdhankar_bowenyua.txt -f "%U" python3 homework.py > stulog.txt 2>&1 on bowenyua #####
##### SUCCESS: /usr/bin/time -o time_22_vdhankar_bowenyua.txt -f "%U" python3 homework.py > stulog.txt 2>&1 on bowenyua #####
##### bowenyua plays [E d4 c5] in 1.27s #####
##### Running: /usr/lib/jvm/jdk-14.0.1/bin/java -jar /lab/itti/projects/checkers-competition/server/referee.jar on run_22_vdhankar_bowenyua #####
Move is valid
##### SUCCESS: /usr/lib/jvm/jdk-14.0.1/bin/java -jar /lab/itti/projects/checkers-competition/server/referee.jar on run_22_vdhankar_bowenyua #####
INPUT for vdhankar:
GAME
WHITE
177.188719272614
.W...W.b
..w.....
........
w.B.....
.......w
w.......
.....w..
........
##### Running: /usr/bin/time -o time_22_vdhankar_bowenyua.txt -f "%U" python3 homework.py > stulog.txt 2>&1 on vdhankar #####
child exited with value 1
##### ERROR: /usr/bin/time -o time_22_vdhankar_bowenyua.txt -f "%U" python3 homework.py > stulog.txt 2>&1 on vdhankar #####
##### Output of failed program (stdout + stderr): #####
Traceback (most recent call last):
  File "homework.py", line 546, in <module>
    print(end-start)
NameError: name 'end' is not defined
##### End of output of failed program #####
##### vdhankar plays [E f2 e3] in 8.53511881828308s #####
##### Running: /usr/lib/jvm/jdk-14.0.1/bin/java -jar /lab/itti/projects/checkers-competition/server/referee.jar on run_22_vdhankar_bowenyua #####
Move is valid
##### SUCCESS: /usr/lib/jvm/jdk-14.0.1/bin/java -jar /lab/itti/projects/checkers-competition/server/referee.jar on run_22_vdhankar_bowenyua #####
INPUT for bowenyua:
GAME
BLACK
274.43
.W...W.b
..w.....
........
w.B.....
.......w
w...w...
........
........
##### Running: /usr/bin/time -o time_22_vdhankar_bowenyua.txt -f "%U" python3 homework.py > stulog.txt 2>&1 on bowenyua #####
##### SUCCESS: /usr/bin/time -o time_22_vdhankar_bowenyua.txt -f "%U" python3 homework.py > stulog.txt 2>&1 on bowenyua #####
##### bowenyua plays [E h8 g7] in 0.69s #####
##### Running: /usr/lib/jvm/jdk-14.0.1/bin/java -jar /lab/itti/projects/checkers-competition/server/referee.jar on run_22_vdhankar_bowenyua #####
Move is valid
##### SUCCESS: /usr/lib/jvm/jdk-14.0.1/bin/java -jar /lab/itti/projects/checkers-competition/server/referee.jar on run_22_vdhankar_bowenyua #####
INPUT for vdhankar:
GAME
WHITE
168.65360045433
.W...W..
..w...b.
........
w.B.....
.......w
w...w...
........
........
##### Running: /usr/bin/time -o time_22_vdhankar_bowenyua.txt -f "%U" python3 homework.py > stulog.txt 2>&1 on vdhankar #####
child exited with value 1
##### ERROR: /usr/bin/time -o time_22_vdhankar_bowenyua.txt -f "%U" python3 homework.py > stulog.txt 2>&1 on vdhankar #####
##### Output of failed program (stdout + stderr): #####
Traceback (most recent call last):
  File "homework.py", line 546, in <module>
    print(end-start)
NameError: name 'end' is not defined
##### End of output of failed program #####
##### vdhankar plays [J f8 h6] in 0.413892984390259s #####
##### Running: /usr/lib/jvm/jdk-14.0.1/bin/java -jar /lab/itti/projects/checkers-competition/server/referee.jar on run_22_vdhankar_bowenyua #####
Move is valid
##### SUCCESS: /usr/lib/jvm/jdk-14.0.1/bin/java -jar /lab/itti/projects/checkers-competition/server/referee.jar on run_22_vdhankar_bowenyua #####
INPUT for bowenyua:
GAME
BLACK
273.74
.W......
..w.....
.......W
w.B.....
.......w
w...w...
........
........
##### Running: /usr/bin/time -o time_22_vdhankar_bowenyua.txt -f "%U" python3 homework.py > stulog.txt 2>&1 on bowenyua #####
child exited with value 1
##### ERROR: /usr/bin/time -o time_22_vdhankar_bowenyua.txt -f "%U" python3 homework.py > stulog.txt 2>&1 on bowenyua #####
##### Output of failed program (stdout + stderr): #####
Traceback (most recent call last):
  File "homework.py", line 376, in <module>
    homework = Agent('input.txt',7)
  File "homework.py", line 221, in __init__
    self.minimaxDecision()
  File "homework.py", line 236, in minimaxDecision
    self.writeOutput(optimalMove)
  File "homework.py", line 344, in writeOutput
    pos_list = selectedMove.split(' ')
AttributeError: 'NoneType' object has no attribute 'split'
##### End of output of failed program #####
##### bowenyua plays [] in 0.604619979858398s #####
##### Running: /usr/lib/jvm/jdk-14.0.1/bin/java -jar /lab/itti/projects/checkers-competition/server/referee.jar on run_22_vdhankar_bowenyua #####
Move is not valid
##### SUCCESS: /usr/lib/jvm/jdk-14.0.1/bin/java -jar /lab/itti/projects/checkers-competition/server/referee.jar on run_22_vdhankar_bowenyua #####
##### GAME OVER: bowenyua loses because of illegal move [] #####
Server said: FAIL
########## ROUND 22 GAMESCORE AFTER GAME 2: vdhankar=2 and bowenyua=0 ##########
#################### ROUND 22: vdhankar (B) vs bowenyua (W): game 3 ####################
##### game start! #####
INPUT for vdhankar:
GAME
BLACK
300
.b.b.b.b
b.b.b.b.
.b.b.b.b
........
........
w.w.w.w.
.w.w.w.w
w.w.w.w.
##### Running: /usr/bin/time -o time_22_vdhankar_bowenyua.txt -f "%U" python3 homework.py > stulog.txt 2>&1 on vdhankar #####
child exited with value 1
##### ERROR: /usr/bin/time -o time_22_vdhankar_bowenyua.txt -f "%U" python3 homework.py > stulog.txt 2>&1 on vdhankar #####
##### Output of failed program (stdout + stderr): #####
Traceback (most recent call last):
  File "homework.py", line 546, in <module>
    print(end-start)
NameError: name 'end' is not defined
##### End of output of failed program #####
##### vdhankar plays [E h6 g5] in 11.6413869857788s #####
##### Running: /usr/lib/jvm/jdk-14.0.1/bin/java -jar /lab/itti/projects/checkers-competition/server/referee.jar on run_22_vdhankar_bowenyua #####
Move is valid
Couldn't read file 'current_ply.txt'
Couldn't read content from file 'current_ply.txt'
Couldn't read file 'lastmatchange_ply.txt'
Couldn't read content from file 'lastmatchange_ply.txt'
##### SUCCESS: /usr/lib/jvm/jdk-14.0.1/bin/java -jar /lab/itti/projects/checkers-competition/server/referee.jar on run_22_vdhankar_bowenyua #####
INPUT for bowenyua:
GAME
WHITE
300
.b.b.b.b
b.b.b.b.
.b.b.b..
......b.
........
w.w.w.w.
.w.w.w.w
w.w.w.w.
##### Running: /usr/bin/time -o time_22_vdhankar_bowenyua.txt -f "%U" python3 homework.py > stulog.txt 2>&1 on bowenyua #####
##### SUCCESS: /usr/bin/time -o time_22_vdhankar_bowenyua.txt -f "%U" python3 homework.py > stulog.txt 2>&1 on bowenyua #####
##### bowenyua plays [E a3 b4] in 1.73s #####
##### Running: /usr/lib/jvm/jdk-14.0.1/bin/java -jar /lab/itti/projects/checkers-competition/server/referee.jar on run_22_vdhankar_bowenyua #####
Move is valid
##### SUCCESS: /usr/lib/jvm/jdk-14.0.1/bin/java -jar /lab/itti/projects/checkers-competition/server/referee.jar on run_22_vdhankar_bowenyua #####
INPUT for vdhankar:
GAME
BLACK
288.358613014221
.b.b.b.b
b.b.b.b.
.b.b.b..
......b.
.w......
..w.w.w.
.w.w.w.w
w.w.w.w.
##### Running: /usr/bin/time -o time_22_vdhankar_bowenyua.txt -f "%U" python3 homework.py > stulog.txt 2>&1 on vdhankar #####
child exited with value 1
##### ERROR: /usr/bin/time -o time_22_vdhankar_bowenyua.txt -f "%U" python3 homework.py > stulog.txt 2>&1 on vdhankar #####
##### Output of failed program (stdout + stderr): #####
Traceback (most recent call last):
  File "homework.py", line 546, in <module>
    print(end-start)
NameError: name 'end' is not defined
##### End of output of failed program #####
##### vdhankar plays [E g5 h4] in 8.95984411239624s #####
##### Running: /usr/lib/jvm/jdk-14.0.1/bin/java -jar /lab/itti/projects/checkers-competition/server/referee.jar on run_22_vdhankar_bowenyua #####
Move is valid
##### SUCCESS: /usr/lib/jvm/jdk-14.0.1/bin/java -jar /lab/itti/projects/checkers-competition/server/referee.jar on run_22_vdhankar_bowenyua #####
INPUT for bowenyua:
GAME
WHITE
298.27
.b.b.b.b
b.b.b.b.
.b.b.b..
........
.w.....b
..w.w.w.
.w.w.w.w
w.w.w.w.
##### Running: /usr/bin/time -o time_22_vdhankar_bowenyua.txt -f "%U" python3 homework.py > stulog.txt 2>&1 on bowenyua #####
##### SUCCESS: /usr/bin/time -o time_22_vdhankar_bowenyua.txt -f "%U" python3 homework.py > stulog.txt 2>&1 on bowenyua #####
##### bowenyua plays [E b4 a5] in 1.74s #####
##### Running: /usr/lib/jvm/jdk-14.0.1/bin/java -jar /lab/itti/projects/checkers-competition/server/referee.jar on run_22_vdhankar_bowenyua #####
Move is valid
##### SUCCESS: /usr/lib/jvm/jdk-14.0.1/bin/java -jar /lab/itti/projects/checkers-competition/server/referee.jar on run_22_vdhankar_bowenyua #####
INPUT for vdhankar:
GAME
BLACK
279.398768901825
.b.b.b.b
b.b.b.b.
.b.b.b..
w.......
.......b
..w.w.w.
.w.w.w.w
w.w.w.w.
##### Running: /usr/bin/time -o time_22_vdhankar_bowenyua.txt -f "%U" python3 homework.py > stulog.txt 2>&1 on vdhankar #####
child exited with value 1
##### ERROR: /usr/bin/time -o time_22_vdhankar_bowenyua.txt -f "%U" python3 homework.py > stulog.txt 2>&1 on vdhankar #####
##### Output of failed program (stdout + stderr): #####
Traceback (most recent call last):
  File "homework.py", line 546, in <module>
    print(end-start)
NameError: name 'end' is not defined
##### End of output of failed program #####
##### vdhankar plays [E d6 e5] in 7.08024597167969s #####
##### Running: /usr/lib/jvm/jdk-14.0.1/bin/java -jar /lab/itti/projects/checkers-competition/server/referee.jar on run_22_vdhankar_bowenyua #####
Move is valid
##### SUCCESS: /usr/lib/jvm/jdk-14.0.1/bin/java -jar /lab/itti/projects/checkers-competition/server/referee.jar on run_22_vdhankar_bowenyua #####
INPUT for bowenyua:
GAME
WHITE
296.53
.b.b.b.b
b.b.b.b.
.b...b..
w...b...
.......b
..w.w.w.
.w.w.w.w
w.w.w.w.
##### Running: /usr/bin/time -o time_22_vdhankar_bowenyua.txt -f "%U" python3 homework.py > stulog.txt 2>&1 on bowenyua #####
##### SUCCESS: /usr/bin/time -o time_22_vdhankar_bowenyua.txt -f "%U" python3 homework.py > stulog.txt 2>&1 on bowenyua #####
##### bowenyua plays [E c3 b4] in 0.26s #####
##### Running: /usr/lib/jvm/jdk-14.0.1/bin/java -jar /lab/itti/projects/checkers-competition/server/referee.jar on run_22_vdhankar_bowenyua #####
Move is valid
##### SUCCESS: /usr/lib/jvm/jdk-14.0.1/bin/java -jar /lab/itti/projects/checkers-competition/server/referee.jar on run_22_vdhankar_bowenyua #####
INPUT for vdhankar:
GAME
BLACK
272.318522930145
.b.b.b.b
b.b.b.b.
.b...b..
w...b...
.w.....b
....w.w.
.w.w.w.w
w.w.w.w.
##### Running: /usr/bin/time -o time_22_vdhankar_bowenyua.txt -f "%U" python3 homework.py > stulog.txt 2>&1 on vdhankar #####
child exited with value 1
##### ERROR: /usr/bin/time -o time_22_vdhankar_bowenyua.txt -f "%U" python3 homework.py > stulog.txt 2>&1 on vdhankar #####
##### Output of failed program (stdout + stderr): #####
Traceback (most recent call last):
  File "homework.py", line 546, in <module>
    print(end-start)
NameError: name 'end' is not defined
##### End of output of failed program #####
##### vdhankar plays [E e7 d6] in 3.8061249256134s #####
##### Running: /usr/lib/jvm/jdk-14.0.1/bin/java -jar /lab/itti/projects/checkers-competition/server/referee.jar on run_22_vdhankar_bowenyua #####
Move is valid
##### SUCCESS: /usr/lib/jvm/jdk-14.0.1/bin/java -jar /lab/itti/projects/checkers-competition/server/referee.jar on run_22_vdhankar_bowenyua #####
INPUT for bowenyua:
GAME
WHITE
296.27
.b.b.b.b
b.b...b.
.b.b.b..
w...b...
.w.....b
....w.w.
.w.w.w.w
w.w.w.w.
##### Running: /usr/bin/time -o time_22_vdhankar_bowenyua.txt -f "%U" python3 homework.py > stulog.txt 2>&1 on bowenyua #####
##### SUCCESS: /usr/bin/time -o time_22_vdhankar_bowenyua.txt -f "%U" python3 homework.py > stulog.txt 2>&1 on bowenyua #####
##### bowenyua plays [E e3 f4] in 1.07s #####
##### Running: /usr/lib/jvm/jdk-14.0.1/bin/java -jar /lab/itti/projects/checkers-competition/server/referee.jar on run_22_vdhankar_bowenyua #####
Move is valid
##### SUCCESS: /usr/lib/jvm/jdk-14.0.1/bin/java -jar /lab/itti/projects/checkers-competition/server/referee.jar on run_22_vdhankar_bowenyua #####
INPUT for vdhankar:
GAME
BLACK
268.512398004532
.b.b.b.b
b.b...b.
.b.b.b..
w...b...
.w...w.b
......w.
.w.w.w.w
w.w.w.w.
##### Running: /usr/bin/time -o time_22_vdhankar_bowenyua.txt -f "%U" python3 homework.py > stulog.txt 2>&1 on vdhankar #####
child exited with value 1
##### ERROR: /usr/bin/time -o time_22_vdhankar_bowenyua.txt -f "%U" python3 homework.py > stulog.txt 2>&1 on vdhankar #####
##### Output of failed program (stdout + stderr): #####
Traceback (most recent call last):
  File "homework.py", line 546, in <module>
    print(end-start)
NameError: name 'end' is not defined
##### End of output of failed program #####
##### vdhankar plays [E b6 c5] in 4.00256586074829s #####
##### Running: /usr/lib/jvm/jdk-14.0.1/bin/java -jar /lab/itti/projects/checkers-competition/server/referee.jar on run_22_vdhankar_bowenyua #####
Move is valid
##### SUCCESS: /usr/lib/jvm/jdk-14.0.1/bin/java -jar /lab/itti/projects/checkers-competition/server/referee.jar on run_22_vdhankar_bowenyua #####
INPUT for bowenyua:
GAME
WHITE
295.2
.b.b.b.b
b.b...b.
...b.b..
w.b.b...
.w...w.b
......w.
.w.w.w.w
w.w.w.w.
##### Running: /usr/bin/time -o time_22_vdhankar_bowenyua.txt -f "%U" python3 homework.py > stulog.txt 2>&1 on bowenyua #####
##### SUCCESS: /usr/bin/time -o time_22_vdhankar_bowenyua.txt -f "%U" python3 homework.py > stulog.txt 2>&1 on bowenyua #####
##### bowenyua plays [E b2 a3] in 1.07s #####
##### Running: /usr/lib/jvm/jdk-14.0.1/bin/java -jar /lab/itti/projects/checkers-competition/server/referee.jar on run_22_vdhankar_bowenyua #####
Move is valid
##### SUCCESS: /usr/lib/jvm/jdk-14.0.1/bin/java -jar /lab/itti/projects/checkers-competition/server/referee.jar on run_22_vdhankar_bowenyua #####
INPUT for vdhankar:
GAME
BLACK
264.509832143784
.b.b.b.b
b.b...b.
...b.b..
w.b.b...
.w...w.b
w.....w.
...w.w.w
w.w.w.w.
##### Running: /usr/bin/time -o time_22_vdhankar_bowenyua.txt -f "%U" python3 homework.py > stulog.txt 2>&1 on vdhankar #####
child exited with value 1
##### ERROR: /usr/bin/time -o time_22_vdhankar_bowenyua.txt -f "%U" python3 homework.py > stulog.txt 2>&1 on vdhankar #####
##### Output of failed program (stdout + stderr): #####
Traceback (most recent call last):
  File "homework.py", line 546, in <module>
    print(end-start)
NameError: name 'end' is not defined
##### End of output of failed program #####
##### vdhankar plays [E g7 h6] in 6.41175413131714s #####
##### Running: /usr/lib/jvm/jdk-14.0.1/bin/java -jar /lab/itti/projects/checkers-competition/server/referee.jar on run_22_vdhankar_bowenyua #####
Move is valid
##### SUCCESS: /usr/lib/jvm/jdk-14.0.1/bin/java -jar /lab/itti/projects/checkers-competition/server/referee.jar on run_22_vdhankar_bowenyua #####
INPUT for bowenyua:
GAME
WHITE
294.13
.b.b.b.b
b.b.....
...b.b.b
w.b.b...
.w...w.b
w.....w.
...w.w.w
w.w.w.w.
##### Running: /usr/bin/time -o time_22_vdhankar_bowenyua.txt -f "%U" python3 homework.py > stulog.txt 2>&1 on bowenyua #####
##### SUCCESS: /usr/bin/time -o time_22_vdhankar_bowenyua.txt -f "%U" python3 homework.py > stulog.txt 2>&1 on bowenyua #####
##### bowenyua plays [E f4 g5] in 0.66s #####
##### Running: /usr/lib/jvm/jdk-14.0.1/bin/java -jar /lab/itti/projects/checkers-competition/server/referee.jar on run_22_vdhankar_bowenyua #####
Move is valid
##### SUCCESS: /usr/lib/jvm/jdk-14.0.1/bin/java -jar /lab/itti/projects/checkers-competition/server/referee.jar on run_22_vdhankar_bowenyua #####
INPUT for vdhankar:
GAME
BLACK
258.098078012466
.b.b.b.b
b.b.....
...b.b.b
w.b.b.w.
.w.....b
w.....w.
...w.w.w
w.w.w.w.
##### Running: /usr/bin/time -o time_22_vdhankar_bowenyua.txt -f "%U" python3 homework.py > stulog.txt 2>&1 on vdhankar #####
child exited with value 1
##### ERROR: /usr/bin/time -o time_22_vdhankar_bowenyua.txt -f "%U" python3 homework.py > stulog.txt 2>&1 on vdhankar #####
##### Output of failed program (stdout + stderr): #####
Traceback (most recent call last):
  File "homework.py", line 546, in <module>
    print(end-start)
NameError: name 'end' is not defined
##### End of output of failed program #####
##### vdhankar plays [J h6 f4] in 1.34476184844971s #####
##### Running: /usr/lib/jvm/jdk-14.0.1/bin/java -jar /lab/itti/projects/checkers-competition/server/referee.jar on run_22_vdhankar_bowenyua #####
Move is valid
##### SUCCESS: /usr/lib/jvm/jdk-14.0.1/bin/java -jar /lab/itti/projects/checkers-competition/server/referee.jar on run_22_vdhankar_bowenyua #####
INPUT for bowenyua:
GAME
WHITE
293.47
.b.b.b.b
b.b.....
...b.b..
w.b.b...
.w...b.b
w.....w.
...w.w.w
w.w.w.w.
##### Running: /usr/bin/time -o time_22_vdhankar_bowenyua.txt -f "%U" python3 homework.py > stulog.txt 2>&1 on bowenyua #####
##### SUCCESS: /usr/bin/time -o time_22_vdhankar_bowenyua.txt -f "%U" python3 homework.py > stulog.txt 2>&1 on bowenyua #####
##### bowenyua plays [E f2 e3] in 0.6s #####
##### Running: /usr/lib/jvm/jdk-14.0.1/bin/java -jar /lab/itti/projects/checkers-competition/server/referee.jar on run_22_vdhankar_bowenyua #####
Move is valid
##### SUCCESS: /usr/lib/jvm/jdk-14.0.1/bin/java -jar /lab/itti/projects/checkers-competition/server/referee.jar on run_22_vdhankar_bowenyua #####
INPUT for vdhankar:
GAME
BLACK
256.753316164017
.b.b.b.b
b.b.....
...b.b..
w.b.b...
.w...b.b
w...w.w.
...w...w
w.w.w.w.
##### Running: /usr/bin/time -o time_22_vdhankar_bowenyua.txt -f "%U" python3 homework.py > stulog.txt 2>&1 on vdhankar #####
child exited with value 1
##### ERROR: /usr/bin/time -o time_22_vdhankar_bowenyua.txt -f "%U" python3 homework.py > stulog.txt 2>&1 on vdhankar #####
##### Output of failed program (stdout + stderr): #####
Traceback (most recent call last):
  File "homework.py", line 546, in <module>
    print(end-start)
NameError: name 'end' is not defined
##### End of output of failed program #####
##### vdhankar plays [J h4 f2] in 0.669498920440674s #####
##### Running: /usr/lib/jvm/jdk-14.0.1/bin/java -jar /lab/itti/projects/checkers-competition/server/referee.jar on run_22_vdhankar_bowenyua #####
Move is valid
##### SUCCESS: /usr/lib/jvm/jdk-14.0.1/bin/java -jar /lab/itti/projects/checkers-competition/server/referee.jar on run_22_vdhankar_bowenyua #####
INPUT for bowenyua:
GAME
WHITE
292.87
.b.b.b.b
b.b.....
...b.b..
w.b.b...
.w...b..
w...w...
...w.b.w
w.w.w.w.
##### Running: /usr/bin/time -o time_22_vdhankar_bowenyua.txt -f "%U" python3 homework.py > stulog.txt 2>&1 on bowenyua #####
##### SUCCESS: /usr/bin/time -o time_22_vdhankar_bowenyua.txt -f "%U" python3 homework.py > stulog.txt 2>&1 on bowenyua #####
##### bowenyua plays [J e3 g5 ; J g5 e7] in 0.18s #####
##### Running: /usr/lib/jvm/jdk-14.0.1/bin/java -jar /lab/itti/projects/checkers-competition/server/referee.jar on run_22_vdhankar_bowenyua #####
Move is valid
##### SUCCESS: /usr/lib/jvm/jdk-14.0.1/bin/java -jar /lab/itti/projects/checkers-competition/server/referee.jar on run_22_vdhankar_bowenyua #####
INPUT for vdhankar:
GAME
BLACK
256.083817243576
.b.b.b.b
b.b.w...
...b....
w.b.b...
.w......
w.......
...w.b.w
w.w.w.w.
##### Running: /usr/bin/time -o time_22_vdhankar_bowenyua.txt -f "%U" python3 homework.py > stulog.txt 2>&1 on vdhankar #####
child exited with value 1
##### ERROR: /usr/bin/time -o time_22_vdhankar_bowenyua.txt -f "%U" python3 homework.py > stulog.txt 2>&1 on vdhankar #####
##### Output of failed program (stdout + stderr): #####
Traceback (most recent call last):
  File "homework.py", line 546, in <module>
    print(end-start)
NameError: name 'end' is not defined
##### End of output of failed program #####
##### vdhankar plays [J d8 f6] in 3.49544405937195s #####
##### Running: /usr/lib/jvm/jdk-14.0.1/bin/java -jar /lab/itti/projects/checkers-competition/server/referee.jar on run_22_vdhankar_bowenyua #####
Move is valid
##### SUCCESS: /usr/lib/jvm/jdk-14.0.1/bin/java -jar /lab/itti/projects/checkers-competition/server/referee.jar on run_22_vdhankar_bowenyua #####
INPUT for bowenyua:
GAME
WHITE
292.69
.b...b.b
b.b.....
...b.b..
w.b.b...
.w......
w.......
...w.b.w
w.w.w.w.
##### Running: /usr/bin/time -o time_22_vdhankar_bowenyua.txt -f "%U" python3 homework.py > stulog.txt 2>&1 on bowenyua #####
##### SUCCESS: /usr/bin/time -o time_22_vdhankar_bowenyua.txt -f "%U" python3 homework.py > stulog.txt 2>&1 on bowenyua #####
##### bowenyua plays [J e1 g3] in 0.84s #####
##### Running: /usr/lib/jvm/jdk-14.0.1/bin/java -jar /lab/itti/projects/checkers-competition/server/referee.jar on run_22_vdhankar_bowenyua #####
Move is valid
##### SUCCESS: /usr/lib/jvm/jdk-14.0.1/bin/java -jar /lab/itti/projects/checkers-competition/server/referee.jar on run_22_vdhankar_bowenyua #####
INPUT for vdhankar:
GAME
BLACK
252.588373184204
.b...b.b
b.b.....
...b.b..
w.b.b...
.w......
w.....w.
...w...w
w.w...w.
##### Running: /usr/bin/time -o time_22_vdhankar_bowenyua.txt -f "%U" python3 homework.py > stulog.txt 2>&1 on vdhankar #####
child exited with value 1
##### ERROR: /usr/bin/time -o time_22_vdhankar_bowenyua.txt -f "%U" python3 homework.py > stulog.txt 2>&1 on vdhankar #####
##### Output of failed program (stdout + stderr): #####
Traceback (most recent call last):
  File "homework.py", line 546, in <module>
    print(end-start)
NameError: name 'end' is not defined
##### End of output of failed program #####
##### vdhankar plays [E h8 g7] in 14.5955789089203s #####
##### Running: /usr/lib/jvm/jdk-14.0.1/bin/java -jar /lab/itti/projects/checkers-competition/server/referee.jar on run_22_vdhankar_bowenyua #####
Move is valid
##### SUCCESS: /usr/lib/jvm/jdk-14.0.1/bin/java -jar /lab/itti/projects/checkers-competition/server/referee.jar on run_22_vdhankar_bowenyua #####
INPUT for bowenyua:
GAME
WHITE
291.85
.b...b..
b.b...b.
...b.b..
w.b.b...
.w......
w.....w.
...w...w
w.w...w.
##### Running: /usr/bin/time -o time_22_vdhankar_bowenyua.txt -f "%U" python3 homework.py > stulog.txt 2>&1 on bowenyua #####
##### SUCCESS: /usr/bin/time -o time_22_vdhankar_bowenyua.txt -f "%U" python3 homework.py > stulog.txt 2>&1 on bowenyua #####
##### bowenyua plays [E g3 f4] in 1.9s #####
##### Running: /usr/lib/jvm/jdk-14.0.1/bin/java -jar /lab/itti/projects/checkers-competition/server/referee.jar on run_22_vdhankar_bowenyua #####
Move is valid
##### SUCCESS: /usr/lib/jvm/jdk-14.0.1/bin/java -jar /lab/itti/projects/checkers-competition/server/referee.jar on run_22_vdhankar_bowenyua #####
INPUT for vdhankar:
GAME
BLACK
237.992794275284
.b...b..
b.b...b.
...b.b..
w.b.b...
.w...w..
w.......
...w...w
w.w...w.
##### Running: /usr/bin/time -o time_22_vdhankar_bowenyua.txt -f "%U" python3 homework.py > stulog.txt 2>&1 on vdhankar #####
child exited with value 1
##### ERROR: /usr/bin/time -o time_22_vdhankar_bowenyua.txt -f "%U" python3 homework.py > stulog.txt 2>&1 on vdhankar #####
##### Output of failed program (stdout + stderr): #####
Traceback (most recent call last):
  File "homework.py", line 546, in <module>
    print(end-start)
NameError: name 'end' is not defined
##### End of output of failed program #####
##### vdhankar plays [J e5 g3] in 2.40077304840088s #####
##### Running: /usr/lib/jvm/jdk-14.0.1/bin/java -jar /lab/itti/projects/checkers-competition/server/referee.jar on run_22_vdhankar_bowenyua #####
Move is valid
##### SUCCESS: /usr/lib/jvm/jdk-14.0.1/bin/java -jar /lab/itti/projects/checkers-competition/server/referee.jar on run_22_vdhankar_bowenyua #####
INPUT for bowenyua:
GAME
WHITE
289.95
.b...b..
b.b...b.
...b.b..
w.b.....
.w......
w.....b.
...w...w
w.w...w.
##### Running: /usr/bin/time -o time_22_vdhankar_bowenyua.txt -f "%U" python3 homework.py > stulog.txt 2>&1 on bowenyua #####
##### SUCCESS: /usr/bin/time -o time_22_vdhankar_bowenyua.txt -f "%U" python3 homework.py > stulog.txt 2>&1 on bowenyua #####
##### bowenyua plays [J h2 f4] in 1.09s #####
##### Running: /usr/lib/jvm/jdk-14.0.1/bin/java -jar /lab/itti/projects/checkers-competition/server/referee.jar on run_22_vdhankar_bowenyua #####
Move is valid
##### SUCCESS: /usr/lib/jvm/jdk-14.0.1/bin/java -jar /lab/itti/projects/checkers-competition/server/referee.jar on run_22_vdhankar_bowenyua #####
INPUT for vdhankar:
GAME
BLACK
235.592021226883
.b...b..
b.b...b.
...b.b..
w.b.....
.w...w..
w.......
...w....
w.w...w.
##### Running: /usr/bin/time -o time_22_vdhankar_bowenyua.txt -f "%U" python3 homework.py > stulog.txt 2>&1 on vdhankar #####
child exited with value 1
##### ERROR: /usr/bin/time -o time_22_vdhankar_bowenyua.txt -f "%U" python3 homework.py > stulog.txt 2>&1 on vdhankar #####
##### Output of failed program (stdout + stderr): #####
Traceback (most recent call last):
  File "homework.py", line 546, in <module>
    print(end-start)
NameError: name 'end' is not defined
##### End of output of failed program #####
##### vdhankar plays [E c5 d4] in 14.9798369407654s #####
##### Running: /usr/lib/jvm/jdk-14.0.1/bin/java -jar /lab/itti/projects/checkers-competition/server/referee.jar on run_22_vdhankar_bowenyua #####
Move is valid
##### SUCCESS: /usr/lib/jvm/jdk-14.0.1/bin/java -jar /lab/itti/projects/checkers-competition/server/referee.jar on run_22_vdhankar_bowenyua #####
INPUT for bowenyua:
GAME
WHITE
288.86
.b...b..
b.b...b.
...b.b..
w.......
.w.b.w..
w.......
...w....
w.w...w.
##### Running: /usr/bin/time -o time_22_vdhankar_bowenyua.txt -f "%U" python3 homework.py > stulog.txt 2>&1 on bowenyua #####
##### SUCCESS: /usr/bin/time -o time_22_vdhankar_bowenyua.txt -f "%U" python3 homework.py > stulog.txt 2>&1 on bowenyua #####
##### bowenyua plays [E f4 e5] in 2.85s #####
##### Running: /usr/lib/jvm/jdk-14.0.1/bin/java -jar /lab/itti/projects/checkers-competition/server/referee.jar on run_22_vdhankar_bowenyua #####
Move is valid
##### SUCCESS: /usr/lib/jvm/jdk-14.0.1/bin/java -jar /lab/itti/projects/checkers-competition/server/referee.jar on run_22_vdhankar_bowenyua #####
INPUT for vdhankar:
GAME
BLACK
220.612184286118
.b...b..
b.b...b.
...b.b..
w...w...
.w.b....
w.......
...w....
w.w...w.
##### Running: /usr/bin/time -o time_22_vdhankar_bowenyua.txt -f "%U" python3 homework.py > stulog.txt 2>&1 on vdhankar #####
child exited with value 1
##### ERROR: /usr/bin/time -o time_22_vdhankar_bowenyua.txt -f "%U" python3 homework.py > stulog.txt 2>&1 on vdhankar #####
##### Output of failed program (stdout + stderr): #####
Traceback (most recent call last):
  File "homework.py", line 546, in <module>
    print(end-start)
NameError: name 'end' is not defined
##### End of output of failed program #####
##### vdhankar plays [J d6 f4] in 3.39026188850403s #####
##### Running: /usr/lib/jvm/jdk-14.0.1/bin/java -jar /lab/itti/projects/checkers-competition/server/referee.jar on run_22_vdhankar_bowenyua #####
Move is valid
##### SUCCESS: /usr/lib/jvm/jdk-14.0.1/bin/java -jar /lab/itti/projects/checkers-competition/server/referee.jar on run_22_vdhankar_bowenyua #####
INPUT for bowenyua:
GAME
WHITE
286.01
.b...b..
b.b...b.
.....b..
w.......
.w.b.b..
w.......
...w....
w.w...w.
##### Running: /usr/bin/time -o time_22_vdhankar_bowenyua.txt -f "%U" python3 homework.py > stulog.txt 2>&1 on bowenyua #####
##### SUCCESS: /usr/bin/time -o time_22_vdhankar_bowenyua.txt -f "%U" python3 homework.py > stulog.txt 2>&1 on bowenyua #####
##### bowenyua plays [E d2 e3] in 2.14s #####
##### Running: /usr/lib/jvm/jdk-14.0.1/bin/java -jar /lab/itti/projects/checkers-competition/server/referee.jar on run_22_vdhankar_bowenyua #####
Move is valid
##### SUCCESS: /usr/lib/jvm/jdk-14.0.1/bin/java -jar /lab/itti/projects/checkers-competition/server/referee.jar on run_22_vdhankar_bowenyua #####
INPUT for vdhankar:
GAME
BLACK
217.221922397614
.b...b..
b.b...b.
.....b..
w.......
.w.b.b..
w...w...
........
w.w...w.
##### Running: /usr/bin/time -o time_22_vdhankar_bowenyua.txt -f "%U" python3 homework.py > stulog.txt 2>&1 on vdhankar #####
child exited with value 1
##### ERROR: /usr/bin/time -o time_22_vdhankar_bowenyua.txt -f "%U" python3 homework.py > stulog.txt 2>&1 on vdhankar #####
##### Output of failed program (stdout + stderr): #####
Traceback (most recent call last):
  File "homework.py", line 546, in <module>
    print(end-start)
NameError: name 'end' is not defined
##### End of output of failed program #####
##### vdhankar plays [J f4 d2] in 1.13614511489868s #####
##### Running: /usr/lib/jvm/jdk-14.0.1/bin/java -jar /lab/itti/projects/checkers-competition/server/referee.jar on run_22_vdhankar_bowenyua #####
Move is valid
##### SUCCESS: /usr/lib/jvm/jdk-14.0.1/bin/java -jar /lab/itti/projects/checkers-competition/server/referee.jar on run_22_vdhankar_bowenyua #####
INPUT for bowenyua:
GAME
WHITE
283.87
.b...b..
b.b...b.
.....b..
w.......
.w.b....
w.......
...b....
w.w...w.
##### Running: /usr/bin/time -o time_22_vdhankar_bowenyua.txt -f "%U" python3 homework.py > stulog.txt 2>&1 on bowenyua #####
##### SUCCESS: /usr/bin/time -o time_22_vdhankar_bowenyua.txt -f "%U" python3 homework.py > stulog.txt 2>&1 on bowenyua #####
##### bowenyua plays [J c1 e3 ; J e3 c5] in 0.36s #####
##### Running: /usr/lib/jvm/jdk-14.0.1/bin/java -jar /lab/itti/projects/checkers-competition/server/referee.jar on run_22_vdhankar_bowenyua #####
Move is valid
##### SUCCESS: /usr/lib/jvm/jdk-14.0.1/bin/java -jar /lab/itti/projects/checkers-competition/server/referee.jar on run_22_vdhankar_bowenyua #####
INPUT for vdhankar:
GAME
BLACK
216.085777282715
.b...b..
b.b...b.
.....b..
w.w.....
.w......
w.......
........
w.....w.
##### Running: /usr/bin/time -o time_22_vdhankar_bowenyua.txt -f "%U" python3 homework.py > stulog.txt 2>&1 on vdhankar #####
child exited with value 1
##### ERROR: /usr/bin/time -o time_22_vdhankar_bowenyua.txt -f "%U" python3 homework.py > stulog.txt 2>&1 on vdhankar #####
##### Output of failed program (stdout + stderr): #####
Traceback (most recent call last):
  File "homework.py", line 546, in <module>
    print(end-start)
NameError: name 'end' is not defined
##### End of output of failed program #####
##### vdhankar plays [E f6 e5] in 6.76213192939758s #####
##### Running: /usr/lib/jvm/jdk-14.0.1/bin/java -jar /lab/itti/projects/checkers-competition/server/referee.jar on run_22_vdhankar_bowenyua #####
Move is valid
##### SUCCESS: /usr/lib/jvm/jdk-14.0.1/bin/java -jar /lab/itti/projects/checkers-competition/server/referee.jar on run_22_vdhankar_bowenyua #####
INPUT for bowenyua:
GAME
WHITE
283.51
.b...b..
b.b...b.
........
w.w.b...
.w......
w.......
........
w.....w.
##### Running: /usr/bin/time -o time_22_vdhankar_bowenyua.txt -f "%U" python3 homework.py > stulog.txt 2>&1 on bowenyua #####
##### SUCCESS: /usr/bin/time -o time_22_vdhankar_bowenyua.txt -f "%U" python3 homework.py > stulog.txt 2>&1 on bowenyua #####
##### bowenyua plays [E a1 b2] in 1.75s #####
##### Running: /usr/lib/jvm/jdk-14.0.1/bin/java -jar /lab/itti/projects/checkers-competition/server/referee.jar on run_22_vdhankar_bowenyua #####
Move is valid
##### SUCCESS: /usr/lib/jvm/jdk-14.0.1/bin/java -jar /lab/itti/projects/checkers-competition/server/referee.jar on run_22_vdhankar_bowenyua #####
INPUT for vdhankar:
GAME
BLACK
209.323645353317
.b...b..
b.b...b.
........
w.w.b...
.w......
w.......
.w......
......w.
##### Running: /usr/bin/time -o time_22_vdhankar_bowenyua.txt -f "%U" python3 homework.py > stulog.txt 2>&1 on vdhankar #####
child exited with value 1
##### ERROR: /usr/bin/time -o time_22_vdhankar_bowenyua.txt -f "%U" python3 homework.py > stulog.txt 2>&1 on vdhankar #####
##### Output of failed program (stdout + stderr): #####
Traceback (most recent call last):
  File "homework.py", line 546, in <module>
    print(end-start)
NameError: name 'end' is not defined
##### End of output of failed program #####
##### vdhankar plays [E g7 h6] in 5.46058702468872s #####
##### Running: /usr/lib/jvm/jdk-14.0.1/bin/java -jar /lab/itti/projects/checkers-competition/server/referee.jar on run_22_vdhankar_bowenyua #####
Move is valid
##### SUCCESS: /usr/lib/jvm/jdk-14.0.1/bin/java -jar /lab/itti/projects/checkers-competition/server/referee.jar on run_22_vdhankar_bowenyua #####
INPUT for bowenyua:
GAME
WHITE
281.76
.b...b..
b.b.....
.......b
w.w.b...
.w......
w.......
.w......
......w.
##### Running: /usr/bin/time -o time_22_vdhankar_bowenyua.txt -f "%U" python3 homework.py > stulog.txt 2>&1 on bowenyua #####
##### SUCCESS: /usr/bin/time -o time_22_vdhankar_bowenyua.txt -f "%U" python3 homework.py > stulog.txt 2>&1 on bowenyua #####
##### bowenyua plays [E b2 c3] in 1.6s #####
##### Running: /usr/lib/jvm/jdk-14.0.1/bin/java -jar /lab/itti/projects/checkers-competition/server/referee.jar on run_22_vdhankar_bowenyua #####
Move is valid
##### SUCCESS: /usr/lib/jvm/jdk-14.0.1/bin/java -jar /lab/itti/projects/checkers-competition/server/referee.jar on run_22_vdhankar_bowenyua #####
INPUT for vdhankar:
GAME
BLACK
203.863058328629
.b...b..
b.b.....
.......b
w.w.b...
.w......
w.w.....
........
......w.
##### Running: /usr/bin/time -o time_22_vdhankar_bowenyua.txt -f "%U" python3 homework.py > stulog.txt 2>&1 on vdhankar #####
child exited with value 1
##### ERROR: /usr/bin/time -o time_22_vdhankar_bowenyua.txt -f "%U" python3 homework.py > stulog.txt 2>&1 on vdhankar #####
##### Output of failed program (stdout + stderr): #####
Traceback (most recent call last):
  File "homework.py", line 546, in <module>
    print(end-start)
NameError: name 'end' is not defined
##### End of output of failed program #####
##### vdhankar plays [E e5 f4] in 3.34843301773071s #####
##### Running: /usr/lib/jvm/jdk-14.0.1/bin/java -jar /lab/itti/projects/checkers-competition/server/referee.jar on run_22_vdhankar_bowenyua #####
Move is valid
##### SUCCESS: /usr/lib/jvm/jdk-14.0.1/bin/java -jar /lab/itti/projects/checkers-competition/server/referee.jar on run_22_vdhankar_bowenyua #####
INPUT for bowenyua:
GAME
WHITE
280.16
.b...b..
b.b.....
.......b
w.w.....
.w...b..
w.w.....
........
......w.
##### Running: /usr/bin/time -o time_22_vdhankar_bowenyua.txt -f "%U" python3 homework.py > stulog.txt 2>&1 on bowenyua #####
##### SUCCESS: /usr/bin/time -o time_22_vdhankar_bowenyua.txt -f "%U" python3 homework.py > stulog.txt 2>&1 on bowenyua #####
##### bowenyua plays [E a5 b6] in 1.09s #####
##### Running: /usr/lib/jvm/jdk-14.0.1/bin/java -jar /lab/itti/projects/checkers-competition/server/referee.jar on run_22_vdhankar_bowenyua #####
Move is valid
##### SUCCESS: /usr/lib/jvm/jdk-14.0.1/bin/java -jar /lab/itti/projects/checkers-competition/server/referee.jar on run_22_vdhankar_bowenyua #####
INPUT for vdhankar:
GAME
BLACK
200.514625310898
.b...b..
b.b.....
.w.....b
..w.....
.w...b..
w.w.....
........
......w.
##### Running: /usr/bin/time -o time_22_vdhankar_bowenyua.txt -f "%U" python3 homework.py > stulog.txt 2>&1 on vdhankar #####
child exited with value 1
##### ERROR: /usr/bin/time -o time_22_vdhankar_bowenyua.txt -f "%U" python3 homework.py > stulog.txt 2>&1 on vdhankar #####
##### Output of failed program (stdout + stderr): #####
Traceback (most recent call last):
  File "homework.py", line 546, in <module>
    print(end-start)
NameError: name 'end' is not defined
##### End of output of failed program #####
##### vdhankar plays [J c7 a5] in 1.02937483787537s #####
##### Running: /usr/lib/jvm/jdk-14.0.1/bin/java -jar /lab/itti/projects/checkers-competition/server/referee.jar on run_22_vdhankar_bowenyua #####
Move is valid
##### SUCCESS: /usr/lib/jvm/jdk-14.0.1/bin/java -jar /lab/itti/projects/checkers-competition/server/referee.jar on run_22_vdhankar_bowenyua #####
INPUT for bowenyua:
GAME
WHITE
279.07
.b...b..
b.......
.......b
b.w.....
.w...b..
w.w.....
........
......w.
##### Running: /usr/bin/time -o time_22_vdhankar_bowenyua.txt -f "%U" python3 homework.py > stulog.txt 2>&1 on bowenyua #####
##### SUCCESS: /usr/bin/time -o time_22_vdhankar_bowenyua.txt -f "%U" python3 homework.py > stulog.txt 2>&1 on bowenyua #####
##### bowenyua plays [E c5 b6] in 1.27s #####
##### Running: /usr/lib/jvm/jdk-14.0.1/bin/java -jar /lab/itti/projects/checkers-competition/server/referee.jar on run_22_vdhankar_bowenyua #####
Move is valid
##### SUCCESS: /usr/lib/jvm/jdk-14.0.1/bin/java -jar /lab/itti/projects/checkers-competition/server/referee.jar on run_22_vdhankar_bowenyua #####
INPUT for vdhankar:
GAME
BLACK
199.485250473022
.b...b..
b.......
.w.....b
b.......
.w...b..
w.w.....
........
......w.
##### Running: /usr/bin/time -o time_22_vdhankar_bowenyua.txt -f "%U" python3 homework.py > stulog.txt 2>&1 on vdhankar #####
child exited with value 1
##### ERROR: /usr/bin/time -o time_22_vdhankar_bowenyua.txt -f "%U" python3 homework.py > stulog.txt 2>&1 on vdhankar #####
##### Output of failed program (stdout + stderr): #####
Traceback (most recent call last):
  File "homework.py", line 546, in <module>
    print(end-start)
NameError: name 'end' is not defined
##### End of output of failed program #####
##### vdhankar plays [J a7 c5] in 1.15104103088379s #####
##### Running: /usr/lib/jvm/jdk-14.0.1/bin/java -jar /lab/itti/projects/checkers-competition/server/referee.jar on run_22_vdhankar_bowenyua #####
Move is valid
##### SUCCESS: /usr/lib/jvm/jdk-14.0.1/bin/java -jar /lab/itti/projects/checkers-competition/server/referee.jar on run_22_vdhankar_bowenyua #####
INPUT for bowenyua:
GAME
WHITE
277.8
.b...b..
........
.......b
b.b.....
.w...b..
w.w.....
........
......w.
##### Running: /usr/bin/time -o time_22_vdhankar_bowenyua.txt -f "%U" python3 homework.py > stulog.txt 2>&1 on bowenyua #####
##### SUCCESS: /usr/bin/time -o time_22_vdhankar_bowenyua.txt -f "%U" python3 homework.py > stulog.txt 2>&1 on bowenyua #####
##### bowenyua plays [J b4 d6] in 1.12s #####
##### Running: /usr/lib/jvm/jdk-14.0.1/bin/java -jar /lab/itti/projects/checkers-competition/server/referee.jar on run_22_vdhankar_bowenyua #####
Move is valid
##### SUCCESS: /usr/lib/jvm/jdk-14.0.1/bin/java -jar /lab/itti/projects/checkers-competition/server/referee.jar on run_22_vdhankar_bowenyua #####
INPUT for vdhankar:
GAME
BLACK
198.334209442139
.b...b..
........
...w...b
b.......
.....b..
w.w.....
........
......w.
##### Running: /usr/bin/time -o time_22_vdhankar_bowenyua.txt -f "%U" python3 homework.py > stulog.txt 2>&1 on vdhankar #####
child exited with value 1
##### ERROR: /usr/bin/time -o time_22_vdhankar_bowenyua.txt -f "%U" python3 homework.py > stulog.txt 2>&1 on vdhankar #####
##### Output of failed program (stdout + stderr): #####
Traceback (most recent call last):
  File "homework.py", line 546, in <module>
    print(end-start)
NameError: name 'end' is not defined
##### End of output of failed program #####
##### vdhankar plays [E f4 e3] in 7.19180011749268s #####
##### Running: /usr/lib/jvm/jdk-14.0.1/bin/java -jar /lab/itti/projects/checkers-competition/server/referee.jar on run_22_vdhankar_bowenyua #####
Move is valid
##### SUCCESS: /usr/lib/jvm/jdk-14.0.1/bin/java -jar /lab/itti/projects/checkers-competition/server/referee.jar on run_22_vdhankar_bowenyua #####
INPUT for bowenyua:
GAME
WHITE
276.68
.b...b..
........
...w...b
b.......
........
w.w.b...
........
......w.
##### Running: /usr/bin/time -o time_22_vdhankar_bowenyua.txt -f "%U" python3 homework.py > stulog.txt 2>&1 on bowenyua #####
##### SUCCESS: /usr/bin/time -o time_22_vdhankar_bowenyua.txt -f "%U" python3 homework.py > stulog.txt 2>&1 on bowenyua #####
##### bowenyua plays [E d6 c7] in 2.57s #####
##### Running: /usr/lib/jvm/jdk-14.0.1/bin/java -jar /lab/itti/projects/checkers-competition/server/referee.jar on run_22_vdhankar_bowenyua #####
Move is valid
##### SUCCESS: /usr/lib/jvm/jdk-14.0.1/bin/java -jar /lab/itti/projects/checkers-competition/server/referee.jar on run_22_vdhankar_bowenyua #####
INPUT for vdhankar:
GAME
BLACK
191.142409324646
.b...b..
..w.....
.......b
b.......
........
w.w.b...
........
......w.
##### Running: /usr/bin/time -o time_22_vdhankar_bowenyua.txt -f "%U" python3 homework.py > stulog.txt 2>&1 on vdhankar #####
child exited with value 1
##### ERROR: /usr/bin/time -o time_22_vdhankar_bowenyua.txt -f "%U" python3 homework.py > stulog.txt 2>&1 on vdhankar #####
##### Output of failed program (stdout + stderr): #####
Traceback (most recent call last):
  File "homework.py", line 546, in <module>
    print(end-start)
NameError: name 'end' is not defined
##### End of output of failed program #####
##### vdhankar plays [J b8 d6] in 1.09407806396484s #####
##### Running: /usr/lib/jvm/jdk-14.0.1/bin/java -jar /lab/itti/projects/checkers-competition/server/referee.jar on run_22_vdhankar_bowenyua #####
Move is valid
##### SUCCESS: /usr/lib/jvm/jdk-14.0.1/bin/java -jar /lab/itti/projects/checkers-competition/server/referee.jar on run_22_vdhankar_bowenyua #####
INPUT for bowenyua:
GAME
WHITE
274.11
.....b..
........
...b...b
b.......
........
w.w.b...
........
......w.
##### Running: /usr/bin/time -o time_22_vdhankar_bowenyua.txt -f "%U" python3 homework.py > stulog.txt 2>&1 on bowenyua #####
##### SUCCESS: /usr/bin/time -o time_22_vdhankar_bowenyua.txt -f "%U" python3 homework.py > stulog.txt 2>&1 on bowenyua #####
##### bowenyua plays [E a3 b4] in 1.11s #####
##### Running: /usr/lib/jvm/jdk-14.0.1/bin/java -jar /lab/itti/projects/checkers-competition/server/referee.jar on run_22_vdhankar_bowenyua #####
Move is valid
##### SUCCESS: /usr/lib/jvm/jdk-14.0.1/bin/java -jar /lab/itti/projects/checkers-competition/server/referee.jar on run_22_vdhankar_bowenyua #####
INPUT for vdhankar:
GAME
BLACK
190.048331260681
.....b..
........
...b...b
b.......
.w......
..w.b...
........
......w.
##### Running: /usr/bin/time -o time_22_vdhankar_bowenyua.txt -f "%U" python3 homework.py > stulog.txt 2>&1 on vdhankar #####
child exited with value 1
##### ERROR: /usr/bin/time -o time_22_vdhankar_bowenyua.txt -f "%U" python3 homework.py > stulog.txt 2>&1 on vdhankar #####
##### Output of failed program (stdout + stderr): #####
Traceback (most recent call last):
  File "homework.py", line 546, in <module>
    print(end-start)
NameError: name 'end' is not defined
##### End of output of failed program #####
##### vdhankar plays [E h6 g5] in 1.78646612167358s #####
##### Running: /usr/lib/jvm/jdk-14.0.1/bin/java -jar /lab/itti/projects/checkers-competition/server/referee.jar on run_22_vdhankar_bowenyua #####
Move is valid
##### SUCCESS: /usr/lib/jvm/jdk-14.0.1/bin/java -jar /lab/itti/projects/checkers-competition/server/referee.jar on run_22_vdhankar_bowenyua #####
INPUT for bowenyua:
GAME
WHITE
273
.....b..
........
...b....
b.....b.
.w......
..w.b...
........
......w.
##### Running: /usr/bin/time -o time_22_vdhankar_bowenyua.txt -f "%U" python3 homework.py > stulog.txt 2>&1 on bowenyua #####
##### SUCCESS: /usr/bin/time -o time_22_vdhankar_bowenyua.txt -f "%U" python3 homework.py > stulog.txt 2>&1 on bowenyua #####
##### bowenyua plays [E c3 d4] in 0.5s #####
##### Running: /usr/lib/jvm/jdk-14.0.1/bin/java -jar /lab/itti/projects/checkers-competition/server/referee.jar on run_22_vdhankar_bowenyua #####
Move is valid
##### SUCCESS: /usr/lib/jvm/jdk-14.0.1/bin/java -jar /lab/itti/projects/checkers-competition/server/referee.jar on run_22_vdhankar_bowenyua #####
INPUT for vdhankar:
GAME
BLACK
188.261865139008
.....b..
........
...b....
b.....b.
.w.w....
....b...
........
......w.
##### Running: /usr/bin/time -o time_22_vdhankar_bowenyua.txt -f "%U" python3 homework.py > stulog.txt 2>&1 on vdhankar #####
child exited with value 1
##### ERROR: /usr/bin/time -o time_22_vdhankar_bowenyua.txt -f "%U" python3 homework.py > stulog.txt 2>&1 on vdhankar #####
##### Output of failed program (stdout + stderr): #####
Traceback (most recent call last):
  File "homework.py", line 546, in <module>
    print(end-start)
NameError: name 'end' is not defined
##### End of output of failed program #####
##### vdhankar plays [J a5 c3] in 0.56096887588501s #####
##### Running: /usr/lib/jvm/jdk-14.0.1/bin/java -jar /lab/itti/projects/checkers-competition/server/referee.jar on run_22_vdhankar_bowenyua #####
Move is valid
##### SUCCESS: /usr/lib/jvm/jdk-14.0.1/bin/java -jar /lab/itti/projects/checkers-competition/server/referee.jar on run_22_vdhankar_bowenyua #####
INPUT for bowenyua:
GAME
WHITE
272.5
.....b..
........
...b....
......b.
...w....
..b.b...
........
......w.
##### Running: /usr/bin/time -o time_22_vdhankar_bowenyua.txt -f "%U" python3 homework.py > stulog.txt 2>&1 on bowenyua #####
##### SUCCESS: /usr/bin/time -o time_22_vdhankar_bowenyua.txt -f "%U" python3 homework.py > stulog.txt 2>&1 on bowenyua #####
##### bowenyua plays [E d4 c5] in 0.43s #####
##### Running: /usr/lib/jvm/jdk-14.0.1/bin/java -jar /lab/itti/projects/checkers-competition/server/referee.jar on run_22_vdhankar_bowenyua #####
Move is valid
##### SUCCESS: /usr/lib/jvm/jdk-14.0.1/bin/java -jar /lab/itti/projects/checkers-competition/server/referee.jar on run_22_vdhankar_bowenyua #####
INPUT for vdhankar:
GAME
BLACK
187.700896263123
.....b..
........
...b....
..w...b.
........
..b.b...
........
......w.
##### Running: /usr/bin/time -o time_22_vdhankar_bowenyua.txt -f "%U" python3 homework.py > stulog.txt 2>&1 on vdhankar #####
child exited with value 1
##### ERROR: /usr/bin/time -o time_22_vdhankar_bowenyua.txt -f "%U" python3 homework.py > stulog.txt 2>&1 on vdhankar #####
##### Output of failed program (stdout + stderr): #####
Traceback (most recent call last):
  File "homework.py", line 546, in <module>
    print(end-start)
NameError: name 'end' is not defined
##### End of output of failed program #####
##### vdhankar plays [J d6 b4] in 0.402416229248047s #####
##### Running: /usr/lib/jvm/jdk-14.0.1/bin/java -jar /lab/itti/projects/checkers-competition/server/referee.jar on run_22_vdhankar_bowenyua #####
Move is valid
##### SUCCESS: /usr/lib/jvm/jdk-14.0.1/bin/java -jar /lab/itti/projects/checkers-competition/server/referee.jar on run_22_vdhankar_bowenyua #####
INPUT for bowenyua:
GAME
WHITE
272.07
.....b..
........
........
......b.
.b......
..b.b...
........
......w.
##### Running: /usr/bin/time -o time_22_vdhankar_bowenyua.txt -f "%U" python3 homework.py > stulog.txt 2>&1 on bowenyua #####
##### SUCCESS: /usr/bin/time -o time_22_vdhankar_bowenyua.txt -f "%U" python3 homework.py > stulog.txt 2>&1 on bowenyua #####
##### bowenyua plays [E g1 f2] in 0.11s #####
##### Running: /usr/lib/jvm/jdk-14.0.1/bin/java -jar /lab/itti/projects/checkers-competition/server/referee.jar on run_22_vdhankar_bowenyua #####
Move is valid
##### SUCCESS: /usr/lib/jvm/jdk-14.0.1/bin/java -jar /lab/itti/projects/checkers-competition/server/referee.jar on run_22_vdhankar_bowenyua #####
INPUT for vdhankar:
GAME
BLACK
187.298480033875
.....b..
........
........
......b.
.b......
..b.b...
.....w..
........
##### Running: /usr/bin/time -o time_22_vdhankar_bowenyua.txt -f "%U" python3 homework.py > stulog.txt 2>&1 on vdhankar #####
child exited with value 1
##### ERROR: /usr/bin/time -o time_22_vdhankar_bowenyua.txt -f "%U" python3 homework.py > stulog.txt 2>&1 on vdhankar #####
##### Output of failed program (stdout + stderr): #####
Traceback (most recent call last):
  File "homework.py", line 546, in <module>
    print(end-start)
NameError: name 'end' is not defined
##### End of output of failed program #####
##### vdhankar plays [J e3 g1] in 0.335069894790649s #####
##### Running: /usr/lib/jvm/jdk-14.0.1/bin/java -jar /lab/itti/projects/checkers-competition/server/referee.jar on run_22_vdhankar_bowenyua #####
Move is valid
After this move, player WHITE cannot make any moves
*** Winner: BLACK ***
##### SUCCESS: /usr/lib/jvm/jdk-14.0.1/bin/java -jar /lab/itti/projects/checkers-competition/server/referee.jar on run_22_vdhankar_bowenyua #####
##### GAME OVER: vdhankar wins the game! #####
Server said: WIN
########## ROUND 22 GAMESCORE AFTER GAME 3: vdhankar=3 and bowenyua=0 ##########
#################### ROUND 22: vdhankar (W) vs bowenyua (B): game 4 ####################
##### game start! #####
INPUT for bowenyua:
GAME
BLACK
300
.b.b.b.b
b.b.b.b.
.b.b.b.b
........
........
w.w.w.w.
.w.w.w.w
w.w.w.w.
##### Running: /usr/bin/time -o time_22_vdhankar_bowenyua.txt -f "%U" python3 homework.py > stulog.txt 2>&1 on bowenyua #####
##### SUCCESS: /usr/bin/time -o time_22_vdhankar_bowenyua.txt -f "%U" python3 homework.py > stulog.txt 2>&1 on bowenyua #####
##### bowenyua plays [E b6 a5] in 2.15s #####
##### Running: /usr/lib/jvm/jdk-14.0.1/bin/java -jar /lab/itti/projects/checkers-competition/server/referee.jar on run_22_vdhankar_bowenyua #####
Move is valid
Couldn't read file 'current_ply.txt'
Couldn't read content from file 'current_ply.txt'
Couldn't read file 'lastmatchange_ply.txt'
Couldn't read content from file 'lastmatchange_ply.txt'
##### SUCCESS: /usr/lib/jvm/jdk-14.0.1/bin/java -jar /lab/itti/projects/checkers-competition/server/referee.jar on run_22_vdhankar_bowenyua #####
INPUT for vdhankar:
GAME
WHITE
300
.b.b.b.b
b.b.b.b.
...b.b.b
b.......
........
w.w.w.w.
.w.w.w.w
w.w.w.w.
##### Running: /usr/bin/time -o time_22_vdhankar_bowenyua.txt -f "%U" python3 homework.py > stulog.txt 2>&1 on vdhankar #####
child exited with value 1
##### ERROR: /usr/bin/time -o time_22_vdhankar_bowenyua.txt -f "%U" python3 homework.py > stulog.txt 2>&1 on vdhankar #####
##### Output of failed program (stdout + stderr): #####
Traceback (most recent call last):
  File "homework.py", line 546, in <module>
    print(end-start)
NameError: name 'end' is not defined
##### End of output of failed program #####
##### vdhankar plays [E g3 h4] in 12.7852249145508s #####
##### Running: /usr/lib/jvm/jdk-14.0.1/bin/java -jar /lab/itti/projects/checkers-competition/server/referee.jar on run_22_vdhankar_bowenyua #####
Move is valid
##### SUCCESS: /usr/lib/jvm/jdk-14.0.1/bin/java -jar /lab/itti/projects/checkers-competition/server/referee.jar on run_22_vdhankar_bowenyua #####
INPUT for bowenyua:
GAME
BLACK
297.85
.b.b.b.b
b.b.b.b.
...b.b.b
b.......
.......w
w.w.w...
.w.w.w.w
w.w.w.w.
##### Running: /usr/bin/time -o time_22_vdhankar_bowenyua.txt -f "%U" python3 homework.py > stulog.txt 2>&1 on bowenyua #####
##### SUCCESS: /usr/bin/time -o time_22_vdhankar_bowenyua.txt -f "%U" python3 homework.py > stulog.txt 2>&1 on bowenyua #####
##### bowenyua plays [E a7 b6] in 1.83s #####
##### Running: /usr/lib/jvm/jdk-14.0.1/bin/java -jar /lab/itti/projects/checkers-competition/server/referee.jar on run_22_vdhankar_bowenyua #####
Move is valid
##### SUCCESS: /usr/lib/jvm/jdk-14.0.1/bin/java -jar /lab/itti/projects/checkers-competition/server/referee.jar on run_22_vdhankar_bowenyua #####
INPUT for vdhankar:
GAME
WHITE
287.214775085449
.b.b.b.b
..b.b.b.
.b.b.b.b
b.......
.......w
w.w.w...
.w.w.w.w
w.w.w.w.
##### Running: /usr/bin/time -o time_22_vdhankar_bowenyua.txt -f "%U" python3 homework.py > stulog.txt 2>&1 on vdhankar #####
child exited with value 1
##### ERROR: /usr/bin/time -o time_22_vdhankar_bowenyua.txt -f "%U" python3 homework.py > stulog.txt 2>&1 on vdhankar #####
##### Output of failed program (stdout + stderr): #####
Traceback (most recent call last):
  File "homework.py", line 546, in <module>
    print(end-start)
NameError: name 'end' is not defined
##### End of output of failed program #####
##### vdhankar plays [E h2 g3] in 16.836489200592s #####
##### Running: /usr/lib/jvm/jdk-14.0.1/bin/java -jar /lab/itti/projects/checkers-competition/server/referee.jar on run_22_vdhankar_bowenyua #####
Move is valid
##### SUCCESS: /usr/lib/jvm/jdk-14.0.1/bin/java -jar /lab/itti/projects/checkers-competition/server/referee.jar on run_22_vdhankar_bowenyua #####
INPUT for bowenyua:
GAME
BLACK
296.02
.b.b.b.b
..b.b.b.
.b.b.b.b
b.......
.......w
w.w.w.w.
.w.w.w..
w.w.w.w.
##### Running: /usr/bin/time -o time_22_vdhankar_bowenyua.txt -f "%U" python3 homework.py > stulog.txt 2>&1 on bowenyua #####
##### SUCCESS: /usr/bin/time -o time_22_vdhankar_bowenyua.txt -f "%U" python3 homework.py > stulog.txt 2>&1 on bowenyua #####
##### bowenyua plays [E b8 a7] in 1.95s #####
##### Running: /usr/lib/jvm/jdk-14.0.1/bin/java -jar /lab/itti/projects/checkers-competition/server/referee.jar on run_22_vdhankar_bowenyua #####
Move is valid
##### SUCCESS: /usr/lib/jvm/jdk-14.0.1/bin/java -jar /lab/itti/projects/checkers-competition/server/referee.jar on run_22_vdhankar_bowenyua #####
INPUT for vdhankar:
GAME
WHITE
270.378285884857
...b.b.b
b.b.b.b.
.b.b.b.b
b.......
.......w
w.w.w.w.
.w.w.w..
w.w.w.w.
##### Running: /usr/bin/time -o time_22_vdhankar_bowenyua.txt -f "%U" python3 homework.py > stulog.txt 2>&1 on vdhankar #####
child exited with value 1
##### ERROR: /usr/bin/time -o time_22_vdhankar_bowenyua.txt -f "%U" python3 homework.py > stulog.txt 2>&1 on vdhankar #####
##### Output of failed program (stdout + stderr): #####
Traceback (most recent call last):
  File "homework.py", line 546, in <module>
    print(end-start)
NameError: name 'end' is not defined
##### End of output of failed program #####
##### vdhankar plays [E c3 d4] in 4.96293807029724s #####
##### Running: /usr/lib/jvm/jdk-14.0.1/bin/java -jar /lab/itti/projects/checkers-competition/server/referee.jar on run_22_vdhankar_bowenyua #####
Move is valid
##### SUCCESS: /usr/lib/jvm/jdk-14.0.1/bin/java -jar /lab/itti/projects/checkers-competition/server/referee.jar on run_22_vdhankar_bowenyua #####
INPUT for bowenyua:
GAME
BLACK
294.07
...b.b.b
b.b.b.b.
.b.b.b.b
b.......
...w...w
w...w.w.
.w.w.w..
w.w.w.w.
##### Running: /usr/bin/time -o time_22_vdhankar_bowenyua.txt -f "%U" python3 homework.py > stulog.txt 2>&1 on bowenyua #####
##### SUCCESS: /usr/bin/time -o time_22_vdhankar_bowenyua.txt -f "%U" python3 homework.py > stulog.txt 2>&1 on bowenyua #####
##### bowenyua plays [E b6 c5] in 0.72s #####
##### Running: /usr/lib/jvm/jdk-14.0.1/bin/java -jar /lab/itti/projects/checkers-competition/server/referee.jar on run_22_vdhankar_bowenyua #####
Move is valid
##### SUCCESS: /usr/lib/jvm/jdk-14.0.1/bin/java -jar /lab/itti/projects/checkers-competition/server/referee.jar on run_22_vdhankar_bowenyua #####
INPUT for vdhankar:
GAME
WHITE
265.41534781456
...b.b.b
b.b.b.b.
...b.b.b
b.b.....
...w...w
w...w.w.
.w.w.w..
w.w.w.w.
##### Running: /usr/bin/time -o time_22_vdhankar_bowenyua.txt -f "%U" python3 homework.py > stulog.txt 2>&1 on vdhankar #####
child exited with value 1
##### ERROR: /usr/bin/time -o time_22_vdhankar_bowenyua.txt -f "%U" python3 homework.py > stulog.txt 2>&1 on vdhankar #####
##### Output of failed program (stdout + stderr): #####
Traceback (most recent call last):
  File "homework.py", line 546, in <module>
    print(end-start)
NameError: name 'end' is not defined
##### End of output of failed program #####
##### vdhankar plays [J d4 b6] in 1.69990301132202s #####
##### Running: /usr/lib/jvm/jdk-14.0.1/bin/java -jar /lab/itti/projects/checkers-competition/server/referee.jar on run_22_vdhankar_bowenyua #####
Move is valid
##### SUCCESS: /usr/lib/jvm/jdk-14.0.1/bin/java -jar /lab/itti/projects/checkers-competition/server/referee.jar on run_22_vdhankar_bowenyua #####
INPUT for bowenyua:
GAME
BLACK
293.35
...b.b.b
b.b.b.b.
.w.b.b.b
b.......
.......w
w...w.w.
.w.w.w..
w.w.w.w.
##### Running: /usr/bin/time -o time_22_vdhankar_bowenyua.txt -f "%U" python3 homework.py > stulog.txt 2>&1 on bowenyua #####
##### SUCCESS: /usr/bin/time -o time_22_vdhankar_bowenyua.txt -f "%U" python3 homework.py > stulog.txt 2>&1 on bowenyua #####
##### bowenyua plays [J a7 c5] in 1.1s #####
##### Running: /usr/lib/jvm/jdk-14.0.1/bin/java -jar /lab/itti/projects/checkers-competition/server/referee.jar on run_22_vdhankar_bowenyua #####
Move is valid
##### SUCCESS: /usr/lib/jvm/jdk-14.0.1/bin/java -jar /lab/itti/projects/checkers-competition/server/referee.jar on run_22_vdhankar_bowenyua #####
INPUT for vdhankar:
GAME
WHITE
263.715444803238
...b.b.b
..b.b.b.
...b.b.b
b.b.....
.......w
w...w.w.
.w.w.w..
w.w.w.w.
##### Running: /usr/bin/time -o time_22_vdhankar_bowenyua.txt -f "%U" python3 homework.py > stulog.txt 2>&1 on vdhankar #####
child exited with value 1
##### ERROR: /usr/bin/time -o time_22_vdhankar_bowenyua.txt -f "%U" python3 homework.py > stulog.txt 2>&1 on vdhankar #####
##### Output of failed program (stdout + stderr): #####
Traceback (most recent call last):
  File "homework.py", line 546, in <module>
    print(end-start)
NameError: name 'end' is not defined
##### End of output of failed program #####
##### vdhankar plays [E d2 c3] in 7.28477001190186s #####
##### Running: /usr/lib/jvm/jdk-14.0.1/bin/java -jar /lab/itti/projects/checkers-competition/server/referee.jar on run_22_vdhankar_bowenyua #####
Move is valid
##### SUCCESS: /usr/lib/jvm/jdk-14.0.1/bin/java -jar /lab/itti/projects/checkers-competition/server/referee.jar on run_22_vdhankar_bowenyua #####
INPUT for bowenyua:
GAME
BLACK
292.25
...b.b.b
..b.b.b.
...b.b.b
b.b.....
.......w
w.w.w.w.
.w...w..
w.w.w.w.
##### Running: /usr/bin/time -o time_22_vdhankar_bowenyua.txt -f "%U" python3 homework.py > stulog.txt 2>&1 on bowenyua #####
##### SUCCESS: /usr/bin/time -o time_22_vdhankar_bowenyua.txt -f "%U" python3 homework.py > stulog.txt 2>&1 on bowenyua #####
##### bowenyua plays [E c7 b6] in 1.69s #####
##### Running: /usr/lib/jvm/jdk-14.0.1/bin/java -jar /lab/itti/projects/checkers-competition/server/referee.jar on run_22_vdhankar_bowenyua #####
Move is valid
##### SUCCESS: /usr/lib/jvm/jdk-14.0.1/bin/java -jar /lab/itti/projects/checkers-competition/server/referee.jar on run_22_vdhankar_bowenyua #####
INPUT for vdhankar:
GAME
WHITE
256.430674791336
...b.b.b
....b.b.
.b.b.b.b
b.b.....
.......w
w.w.w.w.
.w...w..
w.w.w.w.
##### Running: /usr/bin/time -o time_22_vdhankar_bowenyua.txt -f "%U" python3 homework.py > stulog.txt 2>&1 on vdhankar #####
child exited with value 1
##### ERROR: /usr/bin/time -o time_22_vdhankar_bowenyua.txt -f "%U" python3 homework.py > stulog.txt 2>&1 on vdhankar #####
##### Output of failed program (stdout + stderr): #####
Traceback (most recent call last):
  File "homework.py", line 546, in <module>
    print(end-start)
NameError: name 'end' is not defined
##### End of output of failed program #####
##### vdhankar plays [E c1 d2] in 10.925430059433s #####
##### Running: /usr/lib/jvm/jdk-14.0.1/bin/java -jar /lab/itti/projects/checkers-competition/server/referee.jar on run_22_vdhankar_bowenyua #####
Move is valid
##### SUCCESS: /usr/lib/jvm/jdk-14.0.1/bin/java -jar /lab/itti/projects/checkers-competition/server/referee.jar on run_22_vdhankar_bowenyua #####
INPUT for bowenyua:
GAME
BLACK
290.56
...b.b.b
....b.b.
.b.b.b.b
b.b.....
.......w
w.w.w.w.
.w.w.w..
w...w.w.
##### Running: /usr/bin/time -o time_22_vdhankar_bowenyua.txt -f "%U" python3 homework.py > stulog.txt 2>&1 on bowenyua #####
##### SUCCESS: /usr/bin/time -o time_22_vdhankar_bowenyua.txt -f "%U" python3 homework.py > stulog.txt 2>&1 on bowenyua #####
##### bowenyua plays [E d8 c7] in 1.65s #####
##### Running: /usr/lib/jvm/jdk-14.0.1/bin/java -jar /lab/itti/projects/checkers-competition/server/referee.jar on run_22_vdhankar_bowenyua #####
Move is valid
##### SUCCESS: /usr/lib/jvm/jdk-14.0.1/bin/java -jar /lab/itti/projects/checkers-competition/server/referee.jar on run_22_vdhankar_bowenyua #####
INPUT for vdhankar:
GAME
WHITE
245.505244731903
.....b.b
..b.b.b.
.b.b.b.b
b.b.....
.......w
w.w.w.w.
.w.w.w..
w...w.w.
##### Running: /usr/bin/time -o time_22_vdhankar_bowenyua.txt -f "%U" python3 homework.py > stulog.txt 2>&1 on vdhankar #####
child exited with value 1
##### ERROR: /usr/bin/time -o time_22_vdhankar_bowenyua.txt -f "%U" python3 homework.py > stulog.txt 2>&1 on vdhankar #####
##### Output of failed program (stdout + stderr): #####
Traceback (most recent call last):
  File "homework.py", line 546, in <module>
    print(end-start)
NameError: name 'end' is not defined
##### End of output of failed program #####
##### vdhankar plays [E c3 d4] in 4.62588405609131s #####
##### Running: /usr/lib/jvm/jdk-14.0.1/bin/java -jar /lab/itti/projects/checkers-competition/server/referee.jar on run_22_vdhankar_bowenyua #####
Move is valid
##### SUCCESS: /usr/lib/jvm/jdk-14.0.1/bin/java -jar /lab/itti/projects/checkers-competition/server/referee.jar on run_22_vdhankar_bowenyua #####
INPUT for bowenyua:
GAME
BLACK
288.91
.....b.b
..b.b.b.
.b.b.b.b
b.b.....
...w...w
w...w.w.
.w.w.w..
w...w.w.
##### Running: /usr/bin/time -o time_22_vdhankar_bowenyua.txt -f "%U" python3 homework.py > stulog.txt 2>&1 on bowenyua #####
##### SUCCESS: /usr/bin/time -o time_22_vdhankar_bowenyua.txt -f "%U" python3 homework.py > stulog.txt 2>&1 on bowenyua #####
##### bowenyua plays [E h6 g5] in 1.87s #####
##### Running: /usr/lib/jvm/jdk-14.0.1/bin/java -jar /lab/itti/projects/checkers-competition/server/referee.jar on run_22_vdhankar_bowenyua #####
Move is valid
##### SUCCESS: /usr/lib/jvm/jdk-14.0.1/bin/java -jar /lab/itti/projects/checkers-competition/server/referee.jar on run_22_vdhankar_bowenyua #####
INPUT for vdhankar:
GAME
WHITE
240.879360675812
.....b.b
..b.b.b.
.b.b.b..
b.b...b.
...w...w
w...w.w.
.w.w.w..
w...w.w.
##### Running: /usr/bin/time -o time_22_vdhankar_bowenyua.txt -f "%U" python3 homework.py > stulog.txt 2>&1 on vdhankar #####
child exited with value 1
##### ERROR: /usr/bin/time -o time_22_vdhankar_bowenyua.txt -f "%U" python3 homework.py > stulog.txt 2>&1 on vdhankar #####
##### Output of failed program (stdout + stderr): #####
Traceback (most recent call last):
  File "homework.py", line 546, in <module>
    print(end-start)
NameError: name 'end' is not defined
##### End of output of failed program #####
##### vdhankar plays [E g3 f4] in 2.6439061164856s #####
##### Running: /usr/lib/jvm/jdk-14.0.1/bin/java -jar /lab/itti/projects/checkers-competition/server/referee.jar on run_22_vdhankar_bowenyua #####
Move is valid
##### SUCCESS: /usr/lib/jvm/jdk-14.0.1/bin/java -jar /lab/itti/projects/checkers-competition/server/referee.jar on run_22_vdhankar_bowenyua #####
INPUT for bowenyua:
GAME
BLACK
287.04
.....b.b
..b.b.b.
.b.b.b..
b.b...b.
...w.w.w
w...w...
.w.w.w..
w...w.w.
##### Running: /usr/bin/time -o time_22_vdhankar_bowenyua.txt -f "%U" python3 homework.py > stulog.txt 2>&1 on bowenyua #####
##### SUCCESS: /usr/bin/time -o time_22_vdhankar_bowenyua.txt -f "%U" python3 homework.py > stulog.txt 2>&1 on bowenyua #####
##### bowenyua plays [E a5 b4] in 0.94s #####
##### Running: /usr/lib/jvm/jdk-14.0.1/bin/java -jar /lab/itti/projects/checkers-competition/server/referee.jar on run_22_vdhankar_bowenyua #####
Move is valid
##### SUCCESS: /usr/lib/jvm/jdk-14.0.1/bin/java -jar /lab/itti/projects/checkers-competition/server/referee.jar on run_22_vdhankar_bowenyua #####
INPUT for vdhankar:
GAME
WHITE
238.235454559326
.....b.b
..b.b.b.
.b.b.b..
..b...b.
.b.w.w.w
w...w...
.w.w.w..
w...w.w.
##### Running: /usr/bin/time -o time_22_vdhankar_bowenyua.txt -f "%U" python3 homework.py > stulog.txt 2>&1 on vdhankar #####
child exited with value 1
##### ERROR: /usr/bin/time -o time_22_vdhankar_bowenyua.txt -f "%U" python3 homework.py > stulog.txt 2>&1 on vdhankar #####
##### Output of failed program (stdout + stderr): #####
Traceback (most recent call last):
  File "homework.py", line 546, in <module>
    print(end-start)
NameError: name 'end' is not defined
##### End of output of failed program #####
##### vdhankar plays [J f4 h6] in 0.787734031677246s #####
##### Running: /usr/lib/jvm/jdk-14.0.1/bin/java -jar /lab/itti/projects/checkers-competition/server/referee.jar on run_22_vdhankar_bowenyua #####
Move is valid
##### SUCCESS: /usr/lib/jvm/jdk-14.0.1/bin/java -jar /lab/itti/projects/checkers-competition/server/referee.jar on run_22_vdhankar_bowenyua #####
INPUT for bowenyua:
GAME
BLACK
286.1
.....b.b
..b.b.b.
.b.b.b.w
..b.....
.b.w...w
w...w...
.w.w.w..
w...w.w.
##### Running: /usr/bin/time -o time_22_vdhankar_bowenyua.txt -f "%U" python3 homework.py > stulog.txt 2>&1 on bowenyua #####
##### SUCCESS: /usr/bin/time -o time_22_vdhankar_bowenyua.txt -f "%U" python3 homework.py > stulog.txt 2>&1 on bowenyua #####
##### bowenyua plays [E d6 e5] in 0.55s #####
##### Running: /usr/lib/jvm/jdk-14.0.1/bin/java -jar /lab/itti/projects/checkers-competition/server/referee.jar on run_22_vdhankar_bowenyua #####
Move is valid
##### SUCCESS: /usr/lib/jvm/jdk-14.0.1/bin/java -jar /lab/itti/projects/checkers-competition/server/referee.jar on run_22_vdhankar_bowenyua #####
INPUT for vdhankar:
GAME
WHITE
237.447720527649
.....b.b
..b.b.b.
.b...b.w
..b.b...
.b.w...w
w...w...
.w.w.w..
w...w.w.
##### Running: /usr/bin/time -o time_22_vdhankar_bowenyua.txt -f "%U" python3 homework.py > stulog.txt 2>&1 on vdhankar #####
child exited with value 1
##### ERROR: /usr/bin/time -o time_22_vdhankar_bowenyua.txt -f "%U" python3 homework.py > stulog.txt 2>&1 on vdhankar #####
##### Output of failed program (stdout + stderr): #####
Traceback (most recent call last):
  File "homework.py", line 546, in <module>
    print(end-start)
NameError: name 'end' is not defined
##### End of output of failed program #####
##### vdhankar plays [E b2 c3] in 1.20437693595886s #####
##### Running: /usr/lib/jvm/jdk-14.0.1/bin/java -jar /lab/itti/projects/checkers-competition/server/referee.jar on run_22_vdhankar_bowenyua #####
Move is valid
##### SUCCESS: /usr/lib/jvm/jdk-14.0.1/bin/java -jar /lab/itti/projects/checkers-competition/server/referee.jar on run_22_vdhankar_bowenyua #####
INPUT for bowenyua:
GAME
BLACK
285.55
.....b.b
..b.b.b.
.b...b.w
..b.b...
.b.w...w
w.w.w...
...w.w..
w...w.w.
##### Running: /usr/bin/time -o time_22_vdhankar_bowenyua.txt -f "%U" python3 homework.py > stulog.txt 2>&1 on bowenyua #####
##### SUCCESS: /usr/bin/time -o time_22_vdhankar_bowenyua.txt -f "%U" python3 homework.py > stulog.txt 2>&1 on bowenyua #####
##### bowenyua plays [E e7 d6] in 0.33s #####
##### Running: /usr/lib/jvm/jdk-14.0.1/bin/java -jar /lab/itti/projects/checkers-competition/server/referee.jar on run_22_vdhankar_bowenyua #####
Move is valid
##### SUCCESS: /usr/lib/jvm/jdk-14.0.1/bin/java -jar /lab/itti/projects/checkers-competition/server/referee.jar on run_22_vdhankar_bowenyua #####
INPUT for vdhankar:
GAME
WHITE
236.24334359169
.....b.b
..b...b.
.b.b.b.w
..b.b...
.b.w...w
w.w.w...
...w.w..
w...w.w.
##### Running: /usr/bin/time -o time_22_vdhankar_bowenyua.txt -f "%U" python3 homework.py > stulog.txt 2>&1 on vdhankar #####
child exited with value 1
##### ERROR: /usr/bin/time -o time_22_vdhankar_bowenyua.txt -f "%U" python3 homework.py > stulog.txt 2>&1 on vdhankar #####
##### Output of failed program (stdout + stderr): #####
Traceback (most recent call last):
  File "homework.py", line 546, in <module>
    print(end-start)
NameError: name 'end' is not defined
##### End of output of failed program #####
##### vdhankar plays [J c3 a5] in 0.442025184631348s #####
##### Running: /usr/lib/jvm/jdk-14.0.1/bin/java -jar /lab/itti/projects/checkers-competition/server/referee.jar on run_22_vdhankar_bowenyua #####
Move is valid
##### SUCCESS: /usr/lib/jvm/jdk-14.0.1/bin/java -jar /lab/itti/projects/checkers-competition/server/referee.jar on run_22_vdhankar_bowenyua #####
INPUT for bowenyua:
GAME
BLACK
285.22
.....b.b
..b...b.
.b.b.b.w
w.b.b...
...w...w
w...w...
...w.w..
w...w.w.
##### Running: /usr/bin/time -o time_22_vdhankar_bowenyua.txt -f "%U" python3 homework.py > stulog.txt 2>&1 on bowenyua #####
##### SUCCESS: /usr/bin/time -o time_22_vdhankar_bowenyua.txt -f "%U" python3 homework.py > stulog.txt 2>&1 on bowenyua #####
##### bowenyua plays [J e5 c3] in 0.18s #####
##### Running: /usr/lib/jvm/jdk-14.0.1/bin/java -jar /lab/itti/projects/checkers-competition/server/referee.jar on run_22_vdhankar_bowenyua #####
Move is valid
##### SUCCESS: /usr/lib/jvm/jdk-14.0.1/bin/java -jar /lab/itti/projects/checkers-competition/server/referee.jar on run_22_vdhankar_bowenyua #####
INPUT for vdhankar:
GAME
WHITE
235.801318407059
.....b.b
..b...b.
.b.b.b.w
w.b.....
.......w
w.b.w...
...w.w..
w...w.w.
##### Running: /usr/bin/time -o time_22_vdhankar_bowenyua.txt -f "%U" python3 homework.py > stulog.txt 2>&1 on vdhankar #####
child exited with value 1
##### ERROR: /usr/bin/time -o time_22_vdhankar_bowenyua.txt -f "%U" python3 homework.py > stulog.txt 2>&1 on vdhankar #####
##### Output of failed program (stdout + stderr): #####
Traceback (most recent call last):
  File "homework.py", line 546, in <module>
    print(end-start)
NameError: name 'end' is not defined
##### End of output of failed program #####
##### vdhankar plays [J d2 b4] in 0.879865884780884s #####
##### Running: /usr/lib/jvm/jdk-14.0.1/bin/java -jar /lab/itti/projects/checkers-competition/server/referee.jar on run_22_vdhankar_bowenyua #####
Move is valid
##### SUCCESS: /usr/lib/jvm/jdk-14.0.1/bin/java -jar /lab/itti/projects/checkers-competition/server/referee.jar on run_22_vdhankar_bowenyua #####
INPUT for bowenyua:
GAME
BLACK
285.04
.....b.b
..b...b.
.b.b.b.w
w.b.....
.w.....w
w...w...
.....w..
w...w.w.
##### Running: /usr/bin/time -o time_22_vdhankar_bowenyua.txt -f "%U" python3 homework.py > stulog.txt 2>&1 on bowenyua #####
##### SUCCESS: /usr/bin/time -o time_22_vdhankar_bowenyua.txt -f "%U" python3 homework.py > stulog.txt 2>&1 on bowenyua #####
##### bowenyua plays [E f6 g5] in 1.04s #####
##### Running: /usr/lib/jvm/jdk-14.0.1/bin/java -jar /lab/itti/projects/checkers-competition/server/referee.jar on run_22_vdhankar_bowenyua #####
Move is valid
##### SUCCESS: /usr/lib/jvm/jdk-14.0.1/bin/java -jar /lab/itti/projects/checkers-competition/server/referee.jar on run_22_vdhankar_bowenyua #####
INPUT for vdhankar:
GAME
WHITE
234.921452522278
.....b.b
..b...b.
.b.b...w
w.b...b.
.w.....w
w...w...
.....w..
w...w.w.
##### Running: /usr/bin/time -o time_22_vdhankar_bowenyua.txt -f "%U" python3 homework.py > stulog.txt 2>&1 on vdhankar #####
child exited with value 1
##### ERROR: /usr/bin/time -o time_22_vdhankar_bowenyua.txt -f "%U" python3 homework.py > stulog.txt 2>&1 on vdhankar #####
##### Output of failed program (stdout + stderr): #####
Traceback (most recent call last):
  File "homework.py", line 546, in <module>
    print(end-start)
NameError: name 'end' is not defined
##### End of output of failed program #####
##### vdhankar plays [J h4 f6] in 0.90562105178833s #####
##### Running: /usr/lib/jvm/jdk-14.0.1/bin/java -jar /lab/itti/projects/checkers-competition/server/referee.jar on run_22_vdhankar_bowenyua #####
Move is valid
##### SUCCESS: /usr/lib/jvm/jdk-14.0.1/bin/java -jar /lab/itti/projects/checkers-competition/server/referee.jar on run_22_vdhankar_bowenyua #####
INPUT for bowenyua:
GAME
BLACK
284
.....b.b
..b...b.
.b.b.w.w
w.b.....
.w......
w...w...
.....w..
w...w.w.
##### Running: /usr/bin/time -o time_22_vdhankar_bowenyua.txt -f "%U" python3 homework.py > stulog.txt 2>&1 on bowenyua #####
##### SUCCESS: /usr/bin/time -o time_22_vdhankar_bowenyua.txt -f "%U" python3 homework.py > stulog.txt 2>&1 on bowenyua #####
##### bowenyua plays [J g7 e5] in 0.45s #####
##### Running: /usr/lib/jvm/jdk-14.0.1/bin/java -jar /lab/itti/projects/checkers-competition/server/referee.jar on run_22_vdhankar_bowenyua #####
Move is valid
##### SUCCESS: /usr/lib/jvm/jdk-14.0.1/bin/java -jar /lab/itti/projects/checkers-competition/server/referee.jar on run_22_vdhankar_bowenyua #####
INPUT for vdhankar:
GAME
WHITE
234.01583147049
.....b.b
..b.....
.b.b...w
w.b.b...
.w......
w...w...
.....w..
w...w.w.
##### Running: /usr/bin/time -o time_22_vdhankar_bowenyua.txt -f "%U" python3 homework.py > stulog.txt 2>&1 on vdhankar #####
child exited with value 1
##### ERROR: /usr/bin/time -o time_22_vdhankar_bowenyua.txt -f "%U" python3 homework.py > stulog.txt 2>&1 on vdhankar #####
##### Output of failed program (stdout + stderr): #####
Traceback (most recent call last):
  File "homework.py", line 546, in <module>
    print(end-start)
NameError: name 'end' is not defined
##### End of output of failed program #####
##### vdhankar plays [E g1 h2] in 3.65182495117188s #####
##### Running: /usr/lib/jvm/jdk-14.0.1/bin/java -jar /lab/itti/projects/checkers-competition/server/referee.jar on run_22_vdhankar_bowenyua #####
Move is valid
##### SUCCESS: /usr/lib/jvm/jdk-14.0.1/bin/java -jar /lab/itti/projects/checkers-competition/server/referee.jar on run_22_vdhankar_bowenyua #####
INPUT for bowenyua:
GAME
BLACK
283.55
.....b.b
..b.....
.b.b...w
w.b.b...
.w......
w...w...
.....w.w
w...w...
##### Running: /usr/bin/time -o time_22_vdhankar_bowenyua.txt -f "%U" python3 homework.py > stulog.txt 2>&1 on bowenyua #####
##### SUCCESS: /usr/bin/time -o time_22_vdhankar_bowenyua.txt -f "%U" python3 homework.py > stulog.txt 2>&1 on bowenyua #####
##### bowenyua plays [E f8 e7] in 1.42s #####
##### Running: /usr/lib/jvm/jdk-14.0.1/bin/java -jar /lab/itti/projects/checkers-competition/server/referee.jar on run_22_vdhankar_bowenyua #####
Move is valid
##### SUCCESS: /usr/lib/jvm/jdk-14.0.1/bin/java -jar /lab/itti/projects/checkers-competition/server/referee.jar on run_22_vdhankar_bowenyua #####
INPUT for vdhankar:
GAME
WHITE
230.364006519318
.......b
..b.b...
.b.b...w
w.b.b...
.w......
w...w...
.....w.w
w...w...
##### Running: /usr/bin/time -o time_22_vdhankar_bowenyua.txt -f "%U" python3 homework.py > stulog.txt 2>&1 on vdhankar #####
child exited with value 1
##### ERROR: /usr/bin/time -o time_22_vdhankar_bowenyua.txt -f "%U" python3 homework.py > stulog.txt 2>&1 on vdhankar #####
##### Output of failed program (stdout + stderr): #####
Traceback (most recent call last):
  File "homework.py", line 546, in <module>
    print(end-start)
NameError: name 'end' is not defined
##### End of output of failed program #####
##### vdhankar plays [E h2 g3] in 2.66020917892456s #####
##### Running: /usr/lib/jvm/jdk-14.0.1/bin/java -jar /lab/itti/projects/checkers-competition/server/referee.jar on run_22_vdhankar_bowenyua #####
Move is valid
##### SUCCESS: /usr/lib/jvm/jdk-14.0.1/bin/java -jar /lab/itti/projects/checkers-competition/server/referee.jar on run_22_vdhankar_bowenyua #####
INPUT for bowenyua:
GAME
BLACK
282.13
.......b
..b.b...
.b.b...w
w.b.b...
.w......
w...w.w.
.....w..
w...w...
##### Running: /usr/bin/time -o time_22_vdhankar_bowenyua.txt -f "%U" python3 homework.py > stulog.txt 2>&1 on bowenyua #####
##### SUCCESS: /usr/bin/time -o time_22_vdhankar_bowenyua.txt -f "%U" python3 homework.py > stulog.txt 2>&1 on bowenyua #####
##### bowenyua plays [E e7 f6] in 0.91s #####
##### Running: /usr/lib/jvm/jdk-14.0.1/bin/java -jar /lab/itti/projects/checkers-competition/server/referee.jar on run_22_vdhankar_bowenyua #####
Move is valid
##### SUCCESS: /usr/lib/jvm/jdk-14.0.1/bin/java -jar /lab/itti/projects/checkers-competition/server/referee.jar on run_22_vdhankar_bowenyua #####
INPUT for vdhankar:
GAME
WHITE
227.703797340393
.......b
..b.....
.b.b.b.w
w.b.b...
.w......
w...w.w.
.....w..
w...w...
##### Running: /usr/bin/time -o time_22_vdhankar_bowenyua.txt -f "%U" python3 homework.py > stulog.txt 2>&1 on vdhankar #####
child exited with value 1
##### ERROR: /usr/bin/time -o time_22_vdhankar_bowenyua.txt -f "%U" python3 homework.py > stulog.txt 2>&1 on vdhankar #####
##### Output of failed program (stdout + stderr): #####
Traceback (most recent call last):
  File "homework.py", line 546, in <module>
    print(end-start)
NameError: name 'end' is not defined
##### End of output of failed program #####
##### vdhankar plays [E h6 g7] in 2.09018111228943s #####
##### Running: /usr/lib/jvm/jdk-14.0.1/bin/java -jar /lab/itti/projects/checkers-competition/server/referee.jar on run_22_vdhankar_bowenyua #####
Move is valid
##### SUCCESS: /usr/lib/jvm/jdk-14.0.1/bin/java -jar /lab/itti/projects/checkers-competition/server/referee.jar on run_22_vdhankar_bowenyua #####
INPUT for bowenyua:
GAME
BLACK
281.22
.......b
..b...w.
.b.b.b..
w.b.b...
.w......
w...w.w.
.....w..
w...w...
##### Running: /usr/bin/time -o time_22_vdhankar_bowenyua.txt -f "%U" python3 homework.py > stulog.txt 2>&1 on bowenyua #####
##### SUCCESS: /usr/bin/time -o time_22_vdhankar_bowenyua.txt -f "%U" python3 homework.py > stulog.txt 2>&1 on bowenyua #####
##### bowenyua plays [E f6 g5] in 0.51s #####
##### Running: /usr/lib/jvm/jdk-14.0.1/bin/java -jar /lab/itti/projects/checkers-competition/server/referee.jar on run_22_vdhankar_bowenyua #####
Move is valid
##### SUCCESS: /usr/lib/jvm/jdk-14.0.1/bin/java -jar /lab/itti/projects/checkers-competition/server/referee.jar on run_22_vdhankar_bowenyua #####
INPUT for vdhankar:
GAME
WHITE
225.613616228104
.......b
..b...w.
.b.b....
w.b.b.b.
.w......
w...w.w.
.....w..
w...w...
##### Running: /usr/bin/time -o time_22_vdhankar_bowenyua.txt -f "%U" python3 homework.py > stulog.txt 2>&1 on vdhankar #####
child exited with value 1
##### ERROR: /usr/bin/time -o time_22_vdhankar_bowenyua.txt -f "%U" python3 homework.py > stulog.txt 2>&1 on vdhankar #####
##### Output of failed program (stdout + stderr): #####
Traceback (most recent call last):
  File "homework.py", line 546, in <module>
    print(end-start)
NameError: name 'end' is not defined
##### End of output of failed program #####
##### vdhankar plays [E g7 f8] in 1.83788514137268s #####
##### Running: /usr/lib/jvm/jdk-14.0.1/bin/java -jar /lab/itti/projects/checkers-competition/server/referee.jar on run_22_vdhankar_bowenyua #####
Move is valid
##### SUCCESS: /usr/lib/jvm/jdk-14.0.1/bin/java -jar /lab/itti/projects/checkers-competition/server/referee.jar on run_22_vdhankar_bowenyua #####
INPUT for bowenyua:
GAME
BLACK
280.71
.....W.b
..b.....
.b.b....
w.b.b.b.
.w......
w...w.w.
.....w..
w...w...
##### Running: /usr/bin/time -o time_22_vdhankar_bowenyua.txt -f "%U" python3 homework.py > stulog.txt 2>&1 on bowenyua #####
##### SUCCESS: /usr/bin/time -o time_22_vdhankar_bowenyua.txt -f "%U" python3 homework.py > stulog.txt 2>&1 on bowenyua #####
##### bowenyua plays [E e5 d4] in 1.12s #####
##### Running: /usr/lib/jvm/jdk-14.0.1/bin/java -jar /lab/itti/projects/checkers-competition/server/referee.jar on run_22_vdhankar_bowenyua #####
Move is valid
##### SUCCESS: /usr/lib/jvm/jdk-14.0.1/bin/java -jar /lab/itti/projects/checkers-competition/server/referee.jar on run_22_vdhankar_bowenyua #####
INPUT for vdhankar:
GAME
WHITE
223.775731086731
.....W.b
..b.....
.b.b....
w.b...b.
.w.b....
w...w.w.
.....w..
w...w...
##### Running: /usr/bin/time -o time_22_vdhankar_bowenyua.txt -f "%U" python3 homework.py > stulog.txt 2>&1 on vdhankar #####
child exited with value 1
##### ERROR: /usr/bin/time -o time_22_vdhankar_bowenyua.txt -f "%U" python3 homework.py > stulog.txt 2>&1 on vdhankar #####
##### Output of failed program (stdout + stderr): #####
Traceback (most recent call last):
  File "homework.py", line 546, in <module>
    print(end-start)
NameError: name 'end' is not defined
##### End of output of failed program #####
##### vdhankar plays [E a1 b2] in 2.14960503578186s #####
##### Running: /usr/lib/jvm/jdk-14.0.1/bin/java -jar /lab/itti/projects/checkers-competition/server/referee.jar on run_22_vdhankar_bowenyua #####
Move is valid
##### SUCCESS: /usr/lib/jvm/jdk-14.0.1/bin/java -jar /lab/itti/projects/checkers-competition/server/referee.jar on run_22_vdhankar_bowenyua #####
INPUT for bowenyua:
GAME
BLACK
279.59
.....W.b
..b.....
.b.b....
w.b...b.
.w.b....
w...w.w.
.w...w..
....w...
##### Running: /usr/bin/time -o time_22_vdhankar_bowenyua.txt -f "%U" python3 homework.py > stulog.txt 2>&1 on bowenyua #####
##### SUCCESS: /usr/bin/time -o time_22_vdhankar_bowenyua.txt -f "%U" python3 homework.py > stulog.txt 2>&1 on bowenyua #####
##### bowenyua plays [E g5 f4] in 0.62s #####
##### Running: /usr/lib/jvm/jdk-14.0.1/bin/java -jar /lab/itti/projects/checkers-competition/server/referee.jar on run_22_vdhankar_bowenyua #####
Move is valid
##### SUCCESS: /usr/lib/jvm/jdk-14.0.1/bin/java -jar /lab/itti/projects/checkers-competition/server/referee.jar on run_22_vdhankar_bowenyua #####
INPUT for vdhankar:
GAME
WHITE
221.626126050949
.....W.b
..b.....
.b.b....
w.b.....
.w.b.b..
w...w.w.
.w...w..
....w...
##### Running: /usr/bin/time -o time_22_vdhankar_bowenyua.txt -f "%U" python3 homework.py > stulog.txt 2>&1 on vdhankar #####
child exited with value 1
##### ERROR: /usr/bin/time -o time_22_vdhankar_bowenyua.txt -f "%U" python3 homework.py > stulog.txt 2>&1 on vdhankar #####
##### Output of failed program (stdout + stderr): #####
Traceback (most recent call last):
  File "homework.py", line 546, in <module>
    print(end-start)
NameError: name 'end' is not defined
##### End of output of failed program #####
##### vdhankar plays [J g3 e5] in 0.545846939086914s #####
##### Running: /usr/lib/jvm/jdk-14.0.1/bin/java -jar /lab/itti/projects/checkers-competition/server/referee.jar on run_22_vdhankar_bowenyua #####
Move is valid
##### SUCCESS: /usr/lib/jvm/jdk-14.0.1/bin/java -jar /lab/itti/projects/checkers-competition/server/referee.jar on run_22_vdhankar_bowenyua #####
INPUT for bowenyua:
GAME
BLACK
278.97
.....W.b
..b.....
.b.b....
w.b.w...
.w.b....
w...w...
.w...w..
....w...
##### Running: /usr/bin/time -o time_22_vdhankar_bowenyua.txt -f "%U" python3 homework.py > stulog.txt 2>&1 on bowenyua #####
##### SUCCESS: /usr/bin/time -o time_22_vdhankar_bowenyua.txt -f "%U" python3 homework.py > stulog.txt 2>&1 on bowenyua #####
##### bowenyua plays [J d6 f4 ; J f4 d2] in 0.13s #####
##### Running: /usr/lib/jvm/jdk-14.0.1/bin/java -jar /lab/itti/projects/checkers-competition/server/referee.jar on run_22_vdhankar_bowenyua #####
Move is valid
##### SUCCESS: /usr/lib/jvm/jdk-14.0.1/bin/java -jar /lab/itti/projects/checkers-competition/server/referee.jar on run_22_vdhankar_bowenyua #####
INPUT for vdhankar:
GAME
WHITE
221.080279111862
.....W.b
..b.....
.b......
w.b.....
.w.b....
w.......
.w.b.w..
....w...
##### Running: /usr/bin/time -o time_22_vdhankar_bowenyua.txt -f "%U" python3 homework.py > stulog.txt 2>&1 on vdhankar #####
child exited with value 1
##### ERROR: /usr/bin/time -o time_22_vdhankar_bowenyua.txt -f "%U" python3 homework.py > stulog.txt 2>&1 on vdhankar #####
##### Output of failed program (stdout + stderr): #####
Traceback (most recent call last):
  File "homework.py", line 546, in <module>
    print(end-start)
NameError: name 'end' is not defined
##### End of output of failed program #####
##### vdhankar plays [J b4 d6 ; J d6 b8] in 0.569284915924072s #####
##### Running: /usr/lib/jvm/jdk-14.0.1/bin/java -jar /lab/itti/projects/checkers-competition/server/referee.jar on run_22_vdhankar_bowenyua #####
Move is valid
##### SUCCESS: /usr/lib/jvm/jdk-14.0.1/bin/java -jar /lab/itti/projects/checkers-competition/server/referee.jar on run_22_vdhankar_bowenyua #####
INPUT for bowenyua:
GAME
BLACK
278.84
.W...W.b
........
.b......
w.......
...b....
w.......
.w.b.w..
....w...
##### Running: /usr/bin/time -o time_22_vdhankar_bowenyua.txt -f "%U" python3 homework.py > stulog.txt 2>&1 on bowenyua #####
##### SUCCESS: /usr/bin/time -o time_22_vdhankar_bowenyua.txt -f "%U" python3 homework.py > stulog.txt 2>&1 on bowenyua #####
##### bowenyua plays [E d4 c3] in 0.2s #####
##### Running: /usr/lib/jvm/jdk-14.0.1/bin/java -jar /lab/itti/projects/checkers-competition/server/referee.jar on run_22_vdhankar_bowenyua #####
Move is valid
##### SUCCESS: /usr/lib/jvm/jdk-14.0.1/bin/java -jar /lab/itti/projects/checkers-competition/server/referee.jar on run_22_vdhankar_bowenyua #####
INPUT for vdhankar:
GAME
WHITE
220.510994195938
.W...W.b
........
.b......
w.......
........
w.b.....
.w.b.w..
....w...
##### Running: /usr/bin/time -o time_22_vdhankar_bowenyua.txt -f "%U" python3 homework.py > stulog.txt 2>&1 on vdhankar #####
child exited with value 1
##### ERROR: /usr/bin/time -o time_22_vdhankar_bowenyua.txt -f "%U" python3 homework.py > stulog.txt 2>&1 on vdhankar #####
##### Output of failed program (stdout + stderr): #####
Traceback (most recent call last):
  File "homework.py", line 546, in <module>
    print(end-start)
NameError: name 'end' is not defined
##### End of output of failed program #####
##### vdhankar plays [J b2 d4] in 0.625828981399536s #####
##### Running: /usr/lib/jvm/jdk-14.0.1/bin/java -jar /lab/itti/projects/checkers-competition/server/referee.jar on run_22_vdhankar_bowenyua #####
Move is valid
##### SUCCESS: /usr/lib/jvm/jdk-14.0.1/bin/java -jar /lab/itti/projects/checkers-competition/server/referee.jar on run_22_vdhankar_bowenyua #####
INPUT for bowenyua:
GAME
BLACK
278.64
.W...W.b
........
.b......
w.......
...w....
w.......
...b.w..
....w...
##### Running: /usr/bin/time -o time_22_vdhankar_bowenyua.txt -f "%U" python3 homework.py > stulog.txt 2>&1 on bowenyua #####
##### SUCCESS: /usr/bin/time -o time_22_vdhankar_bowenyua.txt -f "%U" python3 homework.py > stulog.txt 2>&1 on bowenyua #####
##### bowenyua plays [E b6 c5] in 0.26s #####
##### Running: /usr/lib/jvm/jdk-14.0.1/bin/java -jar /lab/itti/projects/checkers-competition/server/referee.jar on run_22_vdhankar_bowenyua #####
Move is valid
##### SUCCESS: /usr/lib/jvm/jdk-14.0.1/bin/java -jar /lab/itti/projects/checkers-competition/server/referee.jar on run_22_vdhankar_bowenyua #####
INPUT for vdhankar:
GAME
WHITE
219.885165214539
.W...W.b
........
........
w.b.....
...w....
w.......
...b.w..
....w...
##### Running: /usr/bin/time -o time_22_vdhankar_bowenyua.txt -f "%U" python3 homework.py > stulog.txt 2>&1 on vdhankar #####
child exited with value 1
##### ERROR: /usr/bin/time -o time_22_vdhankar_bowenyua.txt -f "%U" python3 homework.py > stulog.txt 2>&1 on vdhankar #####
##### Output of failed program (stdout + stderr): #####
Traceback (most recent call last):
  File "homework.py", line 546, in <module>
    print(end-start)
NameError: name 'end' is not defined
##### End of output of failed program #####
##### vdhankar plays [J d4 b6] in 1.41016292572021s #####
##### Running: /usr/lib/jvm/jdk-14.0.1/bin/java -jar /lab/itti/projects/checkers-competition/server/referee.jar on run_22_vdhankar_bowenyua #####
Move is valid
##### SUCCESS: /usr/lib/jvm/jdk-14.0.1/bin/java -jar /lab/itti/projects/checkers-competition/server/referee.jar on run_22_vdhankar_bowenyua #####
INPUT for bowenyua:
GAME
BLACK
278.38
.W...W.b
........
.w......
w.......
........
w.......
...b.w..
....w...
##### Running: /usr/bin/time -o time_22_vdhankar_bowenyua.txt -f "%U" python3 homework.py > stulog.txt 2>&1 on bowenyua #####
##### SUCCESS: /usr/bin/time -o time_22_vdhankar_bowenyua.txt -f "%U" python3 homework.py > stulog.txt 2>&1 on bowenyua #####
##### bowenyua plays [E d2 c1] in 0.5s #####
##### Running: /usr/lib/jvm/jdk-14.0.1/bin/java -jar /lab/itti/projects/checkers-competition/server/referee.jar on run_22_vdhankar_bowenyua #####
Move is valid
##### SUCCESS: /usr/lib/jvm/jdk-14.0.1/bin/java -jar /lab/itti/projects/checkers-competition/server/referee.jar on run_22_vdhankar_bowenyua #####
INPUT for vdhankar:
GAME
WHITE
218.475002288818
.W...W.b
........
.w......
w.......
........
w.......
.....w..
..B.w...
##### Running: /usr/bin/time -o time_22_vdhankar_bowenyua.txt -f "%U" python3 homework.py > stulog.txt 2>&1 on vdhankar #####
child exited with value 1
##### ERROR: /usr/bin/time -o time_22_vdhankar_bowenyua.txt -f "%U" python3 homework.py > stulog.txt 2>&1 on vdhankar #####
##### Output of failed program (stdout + stderr): #####
Traceback (most recent call last):
  File "homework.py", line 546, in <module>
    print(end-start)
NameError: name 'end' is not defined
##### End of output of failed program #####
##### vdhankar plays [E b6 c7] in 8.38600707054138s #####
##### Running: /usr/lib/jvm/jdk-14.0.1/bin/java -jar /lab/itti/projects/checkers-competition/server/referee.jar on run_22_vdhankar_bowenyua #####
Move is valid
##### SUCCESS: /usr/lib/jvm/jdk-14.0.1/bin/java -jar /lab/itti/projects/checkers-competition/server/referee.jar on run_22_vdhankar_bowenyua #####
INPUT for bowenyua:
GAME
BLACK
277.88
.W...W.b
..w.....
........
w.......
........
w.......
.....w..
..B.w...
##### Running: /usr/bin/time -o time_22_vdhankar_bowenyua.txt -f "%U" python3 homework.py > stulog.txt 2>&1 on bowenyua #####
##### SUCCESS: /usr/bin/time -o time_22_vdhankar_bowenyua.txt -f "%U" python3 homework.py > stulog.txt 2>&1 on bowenyua #####
##### bowenyua plays [E c1 b2] in 0.73s #####
##### Running: /usr/lib/jvm/jdk-14.0.1/bin/java -jar /lab/itti/projects/checkers-competition/server/referee.jar on run_22_vdhankar_bowenyua #####
Move is valid
##### SUCCESS: /usr/lib/jvm/jdk-14.0.1/bin/java -jar /lab/itti/projects/checkers-competition/server/referee.jar on run_22_vdhankar_bowenyua #####
INPUT for vdhankar:
GAME
WHITE
210.088995218277
.W...W.b
..w.....
........
w.......
........
w.......
.B...w..
....w...
##### Running: /usr/bin/time -o time_22_vdhankar_bowenyua.txt -f "%U" python3 homework.py > stulog.txt 2>&1 on vdhankar #####
child exited with value 1
##### ERROR: /usr/bin/time -o time_22_vdhankar_bowenyua.txt -f "%U" python3 homework.py > stulog.txt 2>&1 on vdhankar #####
##### Output of failed program (stdout + stderr): #####
Traceback (most recent call last):
  File "homework.py", line 546, in <module>
    print(end-start)
NameError: name 'end' is not defined
##### End of output of failed program #####
##### vdhankar plays [E f2 g3] in 9.50545811653137s #####
##### Running: /usr/lib/jvm/jdk-14.0.1/bin/java -jar /lab/itti/projects/checkers-competition/server/referee.jar on run_22_vdhankar_bowenyua #####
Move is valid
##### SUCCESS: /usr/lib/jvm/jdk-14.0.1/bin/java -jar /lab/itti/projects/checkers-competition/server/referee.jar on run_22_vdhankar_bowenyua #####
INPUT for bowenyua:
GAME
BLACK
277.15
.W...W.b
..w.....
........
w.......
........
w.....w.
.B......
....w...
##### Running: /usr/bin/time -o time_22_vdhankar_bowenyua.txt -f "%U" python3 homework.py > stulog.txt 2>&1 on bowenyua #####
##### SUCCESS: /usr/bin/time -o time_22_vdhankar_bowenyua.txt -f "%U" python3 homework.py > stulog.txt 2>&1 on bowenyua #####
##### bowenyua plays [E b2 c3] in 0.9s #####
##### Running: /usr/lib/jvm/jdk-14.0.1/bin/java -jar /lab/itti/projects/checkers-competition/server/referee.jar on run_22_vdhankar_bowenyua #####
Move is valid
##### SUCCESS: /usr/lib/jvm/jdk-14.0.1/bin/java -jar /lab/itti/projects/checkers-competition/server/referee.jar on run_22_vdhankar_bowenyua #####
INPUT for vdhankar:
GAME
WHITE
200.583537101746
.W...W.b
..w.....
........
w.......
........
w.B...w.
........
....w...
##### Running: /usr/bin/time -o time_22_vdhankar_bowenyua.txt -f "%U" python3 homework.py > stulog.txt 2>&1 on vdhankar #####
child exited with value 1
##### ERROR: /usr/bin/time -o time_22_vdhankar_bowenyua.txt -f "%U" python3 homework.py > stulog.txt 2>&1 on vdhankar #####
##### Output of failed program (stdout + stderr): #####
Traceback (most recent call last):
  File "homework.py", line 546, in <module>
    print(end-start)
NameError: name 'end' is not defined
##### End of output of failed program #####
##### vdhankar plays [E g3 h4] in 12.0328140258789s #####
##### Running: /usr/lib/jvm/jdk-14.0.1/bin/java -jar /lab/itti/projects/checkers-competition/server/referee.jar on run_22_vdhankar_bowenyua #####
Move is valid
##### SUCCESS: /usr/lib/jvm/jdk-14.0.1/bin/java -jar /lab/itti/projects/checkers-competition/server/referee.jar on run_22_vdhankar_bowenyua #####
INPUT for bowenyua:
GAME
BLACK
276.25
.W...W.b
..w.....
........
w.......
.......w
w.B.....
........
....w...
##### Running: /usr/bin/time -o time_22_vdhankar_bowenyua.txt -f "%U" python3 homework.py > stulog.txt 2>&1 on bowenyua #####
##### SUCCESS: /usr/bin/time -o time_22_vdhankar_bowenyua.txt -f "%U" python3 homework.py > stulog.txt 2>&1 on bowenyua #####
##### bowenyua plays [E c3 d4] in 0.97s #####
##### Running: /usr/lib/jvm/jdk-14.0.1/bin/java -jar /lab/itti/projects/checkers-competition/server/referee.jar on run_22_vdhankar_bowenyua #####
Move is valid
##### SUCCESS: /usr/lib/jvm/jdk-14.0.1/bin/java -jar /lab/itti/projects/checkers-competition/server/referee.jar on run_22_vdhankar_bowenyua #####
INPUT for vdhankar:
GAME
WHITE
188.550723075867
.W...W.b
..w.....
........
w.......
...B...w
w.......
........
....w...
##### Running: /usr/bin/time -o time_22_vdhankar_bowenyua.txt -f "%U" python3 homework.py > stulog.txt 2>&1 on vdhankar #####
child exited with value 1
##### ERROR: /usr/bin/time -o time_22_vdhankar_bowenyua.txt -f "%U" python3 homework.py > stulog.txt 2>&1 on vdhankar #####
##### Output of failed program (stdout + stderr): #####
Traceback (most recent call last):
  File "homework.py", line 546, in <module>
    print(end-start)
NameError: name 'end' is not defined
##### End of output of failed program #####
##### vdhankar plays [E e1 f2] in 9.74855995178223s #####
##### Running: /usr/lib/jvm/jdk-14.0.1/bin/java -jar /lab/itti/projects/checkers-competition/server/referee.jar on run_22_vdhankar_bowenyua #####
Move is valid
##### SUCCESS: /usr/lib/jvm/jdk-14.0.1/bin/java -jar /lab/itti/projects/checkers-competition/server/referee.jar on run_22_vdhankar_bowenyua #####
INPUT for bowenyua:
GAME
BLACK
275.28
.W...W.b
..w.....
........
w.......
...B...w
w.......
.....w..
........
##### Running: /usr/bin/time -o time_22_vdhankar_bowenyua.txt -f "%U" python3 homework.py > stulog.txt 2>&1 on bowenyua #####
##### SUCCESS: /usr/bin/time -o time_22_vdhankar_bowenyua.txt -f "%U" python3 homework.py > stulog.txt 2>&1 on bowenyua #####
##### bowenyua plays [E d4 c5] in 1.19s #####
##### Running: /usr/lib/jvm/jdk-14.0.1/bin/java -jar /lab/itti/projects/checkers-competition/server/referee.jar on run_22_vdhankar_bowenyua #####
Move is valid
##### SUCCESS: /usr/lib/jvm/jdk-14.0.1/bin/java -jar /lab/itti/projects/checkers-competition/server/referee.jar on run_22_vdhankar_bowenyua #####
INPUT for vdhankar:
GAME
WHITE
178.802163124084
.W...W.b
..w.....
........
w.B.....
.......w
w.......
.....w..
........
##### Running: /usr/bin/time -o time_22_vdhankar_bowenyua.txt -f "%U" python3 homework.py > stulog.txt 2>&1 on vdhankar #####
child exited with value 1
##### ERROR: /usr/bin/time -o time_22_vdhankar_bowenyua.txt -f "%U" python3 homework.py > stulog.txt 2>&1 on vdhankar #####
##### Output of failed program (stdout + stderr): #####
Traceback (most recent call last):
  File "homework.py", line 546, in <module>
    print(end-start)
NameError: name 'end' is not defined
##### End of output of failed program #####
##### vdhankar plays [E f2 e3] in 8.76452803611755s #####
##### Running: /usr/lib/jvm/jdk-14.0.1/bin/java -jar /lab/itti/projects/checkers-competition/server/referee.jar on run_22_vdhankar_bowenyua #####
Move is valid
##### SUCCESS: /usr/lib/jvm/jdk-14.0.1/bin/java -jar /lab/itti/projects/checkers-competition/server/referee.jar on run_22_vdhankar_bowenyua #####
INPUT for bowenyua:
GAME
BLACK
274.09
.W...W.b
..w.....
........
w.B.....
.......w
w...w...
........
........
##### Running: /usr/bin/time -o time_22_vdhankar_bowenyua.txt -f "%U" python3 homework.py > stulog.txt 2>&1 on bowenyua #####
##### SUCCESS: /usr/bin/time -o time_22_vdhankar_bowenyua.txt -f "%U" python3 homework.py > stulog.txt 2>&1 on bowenyua #####
##### bowenyua plays [E h8 g7] in 0.64s #####
##### Running: /usr/lib/jvm/jdk-14.0.1/bin/java -jar /lab/itti/projects/checkers-competition/server/referee.jar on run_22_vdhankar_bowenyua #####
Move is valid
##### SUCCESS: /usr/lib/jvm/jdk-14.0.1/bin/java -jar /lab/itti/projects/checkers-competition/server/referee.jar on run_22_vdhankar_bowenyua #####
INPUT for vdhankar:
GAME
WHITE
170.037635087967
.W...W..
..w...b.
........
w.B.....
.......w
w...w...
........
........
##### Running: /usr/bin/time -o time_22_vdhankar_bowenyua.txt -f "%U" python3 homework.py > stulog.txt 2>&1 on vdhankar #####
child exited with value 1
##### ERROR: /usr/bin/time -o time_22_vdhankar_bowenyua.txt -f "%U" python3 homework.py > stulog.txt 2>&1 on vdhankar #####
##### Output of failed program (stdout + stderr): #####
Traceback (most recent call last):
  File "homework.py", line 546, in <module>
    print(end-start)
NameError: name 'end' is not defined
##### End of output of failed program #####
##### vdhankar plays [J f8 h6] in 0.450445175170898s #####
##### Running: /usr/lib/jvm/jdk-14.0.1/bin/java -jar /lab/itti/projects/checkers-competition/server/referee.jar on run_22_vdhankar_bowenyua #####
Move is valid
##### SUCCESS: /usr/lib/jvm/jdk-14.0.1/bin/java -jar /lab/itti/projects/checkers-competition/server/referee.jar on run_22_vdhankar_bowenyua #####
INPUT for bowenyua:
GAME
BLACK
273.45
.W......
..w.....
.......W
w.B.....
.......w
w...w...
........
........
##### Running: /usr/bin/time -o time_22_vdhankar_bowenyua.txt -f "%U" python3 homework.py > stulog.txt 2>&1 on bowenyua #####
child exited with value 1
##### ERROR: /usr/bin/time -o time_22_vdhankar_bowenyua.txt -f "%U" python3 homework.py > stulog.txt 2>&1 on bowenyua #####
##### Output of failed program (stdout + stderr): #####
Traceback (most recent call last):
  File "homework.py", line 376, in <module>
    homework = Agent('input.txt',7)
  File "homework.py", line 221, in __init__
    self.minimaxDecision()
  File "homework.py", line 236, in minimaxDecision
    self.writeOutput(optimalMove)
  File "homework.py", line 344, in writeOutput
    pos_list = selectedMove.split(' ')
AttributeError: 'NoneType' object has no attribute 'split'
##### End of output of failed program #####
##### bowenyua plays [] in 0.619213819503784s #####
##### Running: /usr/lib/jvm/jdk-14.0.1/bin/java -jar /lab/itti/projects/checkers-competition/server/referee.jar on run_22_vdhankar_bowenyua #####
Move is not valid
##### SUCCESS: /usr/lib/jvm/jdk-14.0.1/bin/java -jar /lab/itti/projects/checkers-competition/server/referee.jar on run_22_vdhankar_bowenyua #####
##### GAME OVER: bowenyua loses because of illegal move [] #####
Server said: FAIL
########## ROUND 22 GAMESCORE AFTER GAME 4: vdhankar=4 and bowenyua=0 ##########


########## GRAND WINNER ROUND 22 IS vdhankar BY 4 vs 0 GAMESCORE ##########
