#################### ROUND 22: vdhankar (W) vs ghafeleb (B): game 1 ####################
##### game start! #####
INPUT for ghafeleb:
GAME
BLACK
300
.b.b.b.b
b.b.b.b.
.b.b.b.b
........
........
w.w.w.w.
.w.w.w.w
w.w.w.w.
##### Running: /usr/bin/time -o time_22_vdhankar_ghafeleb.txt -f "%U" python3 homework.py > stulog.txt 2>&1 on ghafeleb #####
##### SUCCESS: /usr/bin/time -o time_22_vdhankar_ghafeleb.txt -f "%U" python3 homework.py > stulog.txt 2>&1 on ghafeleb #####
##### ghafeleb plays [E b6 c5] in 0.77s #####
##### Running: /usr/lib/jvm/jdk-14.0.1/bin/java -jar /lab/itti/projects/checkers-competition/server/referee.jar on run_22_vdhankar_ghafeleb #####
Move is valid
Couldn't read file 'current_ply.txt'
Couldn't read content from file 'current_ply.txt'
Couldn't read file 'lastmatchange_ply.txt'
Couldn't read content from file 'lastmatchange_ply.txt'
##### SUCCESS: /usr/lib/jvm/jdk-14.0.1/bin/java -jar /lab/itti/projects/checkers-competition/server/referee.jar on run_22_vdhankar_ghafeleb #####
INPUT for vdhankar:
GAME
WHITE
300
.b.b.b.b
b.b.b.b.
...b.b.b
..b.....
........
w.w.w.w.
.w.w.w.w
w.w.w.w.
##### Running: /usr/bin/time -o time_22_vdhankar_ghafeleb.txt -f "%U" python3 homework.py > stulog.txt 2>&1 on vdhankar #####
child exited with value 1
##### ERROR: /usr/bin/time -o time_22_vdhankar_ghafeleb.txt -f "%U" python3 homework.py > stulog.txt 2>&1 on vdhankar #####
##### Output of failed program (stdout + stderr): #####
Traceback (most recent call last):
  File "homework.py", line 546, in <module>
    print(end-start)
NameError: name 'end' is not defined
##### End of output of failed program #####
##### vdhankar plays [E g3 h4] in 9.30273604393005s #####
##### Running: /usr/lib/jvm/jdk-14.0.1/bin/java -jar /lab/itti/projects/checkers-competition/server/referee.jar on run_22_vdhankar_ghafeleb #####
Move is valid
##### SUCCESS: /usr/lib/jvm/jdk-14.0.1/bin/java -jar /lab/itti/projects/checkers-competition/server/referee.jar on run_22_vdhankar_ghafeleb #####
INPUT for ghafeleb:
GAME
BLACK
299.23
.b.b.b.b
b.b.b.b.
...b.b.b
..b.....
.......w
w.w.w...
.w.w.w.w
w.w.w.w.
##### Running: /usr/bin/time -o time_22_vdhankar_ghafeleb.txt -f "%U" python3 homework.py > stulog.txt 2>&1 on ghafeleb #####
##### SUCCESS: /usr/bin/time -o time_22_vdhankar_ghafeleb.txt -f "%U" python3 homework.py > stulog.txt 2>&1 on ghafeleb #####
##### ghafeleb plays [E f6 e5] in 1.15s #####
##### Running: /usr/lib/jvm/jdk-14.0.1/bin/java -jar /lab/itti/projects/checkers-competition/server/referee.jar on run_22_vdhankar_ghafeleb #####
Move is valid
##### SUCCESS: /usr/lib/jvm/jdk-14.0.1/bin/java -jar /lab/itti/projects/checkers-competition/server/referee.jar on run_22_vdhankar_ghafeleb #####
INPUT for vdhankar:
GAME
WHITE
290.69726395607
.b.b.b.b
b.b.b.b.
...b...b
..b.b...
.......w
w.w.w...
.w.w.w.w
w.w.w.w.
##### Running: /usr/bin/time -o time_22_vdhankar_ghafeleb.txt -f "%U" python3 homework.py > stulog.txt 2>&1 on vdhankar #####
child exited with value 1
##### ERROR: /usr/bin/time -o time_22_vdhankar_ghafeleb.txt -f "%U" python3 homework.py > stulog.txt 2>&1 on vdhankar #####
##### Output of failed program (stdout + stderr): #####
Traceback (most recent call last):
  File "homework.py", line 546, in <module>
    print(end-start)
NameError: name 'end' is not defined
##### End of output of failed program #####
##### vdhankar plays [E e3 d4] in 7.10657095909119s #####
##### Running: /usr/lib/jvm/jdk-14.0.1/bin/java -jar /lab/itti/projects/checkers-competition/server/referee.jar on run_22_vdhankar_ghafeleb #####
Move is valid
##### SUCCESS: /usr/lib/jvm/jdk-14.0.1/bin/java -jar /lab/itti/projects/checkers-competition/server/referee.jar on run_22_vdhankar_ghafeleb #####
INPUT for ghafeleb:
GAME
BLACK
298.08
.b.b.b.b
b.b.b.b.
...b...b
..b.b...
...w...w
w.w.....
.w.w.w.w
w.w.w.w.
##### Running: /usr/bin/time -o time_22_vdhankar_ghafeleb.txt -f "%U" python3 homework.py > stulog.txt 2>&1 on ghafeleb #####
##### SUCCESS: /usr/bin/time -o time_22_vdhankar_ghafeleb.txt -f "%U" python3 homework.py > stulog.txt 2>&1 on ghafeleb #####
##### ghafeleb plays [J c5 e3] in 0.22s #####
##### Running: /usr/lib/jvm/jdk-14.0.1/bin/java -jar /lab/itti/projects/checkers-competition/server/referee.jar on run_22_vdhankar_ghafeleb #####
Move is valid
##### SUCCESS: /usr/lib/jvm/jdk-14.0.1/bin/java -jar /lab/itti/projects/checkers-competition/server/referee.jar on run_22_vdhankar_ghafeleb #####
INPUT for vdhankar:
GAME
WHITE
283.590692996979
.b.b.b.b
b.b.b.b.
...b...b
....b...
.......w
w.w.b...
.w.w.w.w
w.w.w.w.
##### Running: /usr/bin/time -o time_22_vdhankar_ghafeleb.txt -f "%U" python3 homework.py > stulog.txt 2>&1 on vdhankar #####
child exited with value 1
##### ERROR: /usr/bin/time -o time_22_vdhankar_ghafeleb.txt -f "%U" python3 homework.py > stulog.txt 2>&1 on vdhankar #####
##### Output of failed program (stdout + stderr): #####
Traceback (most recent call last):
  File "homework.py", line 546, in <module>
    print(end-start)
NameError: name 'end' is not defined
##### End of output of failed program #####
##### vdhankar plays [J f2 d4 ; J d4 f6] in 4.62750792503357s #####
##### Running: /usr/lib/jvm/jdk-14.0.1/bin/java -jar /lab/itti/projects/checkers-competition/server/referee.jar on run_22_vdhankar_ghafeleb #####
Move is valid
##### SUCCESS: /usr/lib/jvm/jdk-14.0.1/bin/java -jar /lab/itti/projects/checkers-competition/server/referee.jar on run_22_vdhankar_ghafeleb #####
INPUT for ghafeleb:
GAME
BLACK
297.86
.b.b.b.b
b.b.b.b.
...b.w.b
........
.......w
w.w.....
.w.w...w
w.w.w.w.
##### Running: /usr/bin/time -o time_22_vdhankar_ghafeleb.txt -f "%U" python3 homework.py > stulog.txt 2>&1 on ghafeleb #####
##### SUCCESS: /usr/bin/time -o time_22_vdhankar_ghafeleb.txt -f "%U" python3 homework.py > stulog.txt 2>&1 on ghafeleb #####
##### ghafeleb plays [J e7 g5] in 0.23s #####
##### Running: /usr/lib/jvm/jdk-14.0.1/bin/java -jar /lab/itti/projects/checkers-competition/server/referee.jar on run_22_vdhankar_ghafeleb #####
Move is valid
##### SUCCESS: /usr/lib/jvm/jdk-14.0.1/bin/java -jar /lab/itti/projects/checkers-competition/server/referee.jar on run_22_vdhankar_ghafeleb #####
INPUT for vdhankar:
GAME
WHITE
278.963185071945
.b.b.b.b
b.b...b.
...b...b
......b.
.......w
w.w.....
.w.w...w
w.w.w.w.
##### Running: /usr/bin/time -o time_22_vdhankar_ghafeleb.txt -f "%U" python3 homework.py > stulog.txt 2>&1 on vdhankar #####
child exited with value 1
##### ERROR: /usr/bin/time -o time_22_vdhankar_ghafeleb.txt -f "%U" python3 homework.py > stulog.txt 2>&1 on vdhankar #####
##### Output of failed program (stdout + stderr): #####
Traceback (most recent call last):
  File "homework.py", line 546, in <module>
    print(end-start)
NameError: name 'end' is not defined
##### End of output of failed program #####
##### vdhankar plays [J h4 f6] in 3.15258097648621s #####
##### Running: /usr/lib/jvm/jdk-14.0.1/bin/java -jar /lab/itti/projects/checkers-competition/server/referee.jar on run_22_vdhankar_ghafeleb #####
Move is valid
##### SUCCESS: /usr/lib/jvm/jdk-14.0.1/bin/java -jar /lab/itti/projects/checkers-competition/server/referee.jar on run_22_vdhankar_ghafeleb #####
INPUT for ghafeleb:
GAME
BLACK
297.63
.b.b.b.b
b.b...b.
...b.w.b
........
........
w.w.....
.w.w...w
w.w.w.w.
##### Running: /usr/bin/time -o time_22_vdhankar_ghafeleb.txt -f "%U" python3 homework.py > stulog.txt 2>&1 on ghafeleb #####
##### SUCCESS: /usr/bin/time -o time_22_vdhankar_ghafeleb.txt -f "%U" python3 homework.py > stulog.txt 2>&1 on ghafeleb #####
##### ghafeleb plays [J g7 e5] in 0.25s #####
##### Running: /usr/lib/jvm/jdk-14.0.1/bin/java -jar /lab/itti/projects/checkers-competition/server/referee.jar on run_22_vdhankar_ghafeleb #####
Move is valid
##### SUCCESS: /usr/lib/jvm/jdk-14.0.1/bin/java -jar /lab/itti/projects/checkers-competition/server/referee.jar on run_22_vdhankar_ghafeleb #####
INPUT for vdhankar:
GAME
WHITE
275.810604095459
.b.b.b.b
b.b.....
...b...b
....b...
........
w.w.....
.w.w...w
w.w.w.w.
##### Running: /usr/bin/time -o time_22_vdhankar_ghafeleb.txt -f "%U" python3 homework.py > stulog.txt 2>&1 on vdhankar #####
child exited with value 1
##### ERROR: /usr/bin/time -o time_22_vdhankar_ghafeleb.txt -f "%U" python3 homework.py > stulog.txt 2>&1 on vdhankar #####
##### Output of failed program (stdout + stderr): #####
Traceback (most recent call last):
  File "homework.py", line 546, in <module>
    print(end-start)
NameError: name 'end' is not defined
##### End of output of failed program #####
##### vdhankar plays [E g1 f2] in 37.7347609996796s #####
##### Running: /usr/lib/jvm/jdk-14.0.1/bin/java -jar /lab/itti/projects/checkers-competition/server/referee.jar on run_22_vdhankar_ghafeleb #####
Move is valid
##### SUCCESS: /usr/lib/jvm/jdk-14.0.1/bin/java -jar /lab/itti/projects/checkers-competition/server/referee.jar on run_22_vdhankar_ghafeleb #####
INPUT for ghafeleb:
GAME
BLACK
297.38
.b.b.b.b
b.b.....
...b...b
....b...
........
w.w.....
.w.w.w.w
w.w.w...
##### Running: /usr/bin/time -o time_22_vdhankar_ghafeleb.txt -f "%U" python3 homework.py > stulog.txt 2>&1 on ghafeleb #####
##### SUCCESS: /usr/bin/time -o time_22_vdhankar_ghafeleb.txt -f "%U" python3 homework.py > stulog.txt 2>&1 on ghafeleb #####
##### ghafeleb plays [E e5 d4] in 0.86s #####
##### Running: /usr/lib/jvm/jdk-14.0.1/bin/java -jar /lab/itti/projects/checkers-competition/server/referee.jar on run_22_vdhankar_ghafeleb #####
Move is valid
##### SUCCESS: /usr/lib/jvm/jdk-14.0.1/bin/java -jar /lab/itti/projects/checkers-competition/server/referee.jar on run_22_vdhankar_ghafeleb #####
INPUT for vdhankar:
GAME
WHITE
238.075843095779
.b.b.b.b
b.b.....
...b...b
........
...b....
w.w.....
.w.w.w.w
w.w.w...
##### Running: /usr/bin/time -o time_22_vdhankar_ghafeleb.txt -f "%U" python3 homework.py > stulog.txt 2>&1 on vdhankar #####
child exited with value 1
##### ERROR: /usr/bin/time -o time_22_vdhankar_ghafeleb.txt -f "%U" python3 homework.py > stulog.txt 2>&1 on vdhankar #####
##### Output of failed program (stdout + stderr): #####
Traceback (most recent call last):
  File "homework.py", line 546, in <module>
    print(end-start)
NameError: name 'end' is not defined
##### End of output of failed program #####
##### vdhankar plays [J c3 e5] in 5.45575499534607s #####
##### Running: /usr/lib/jvm/jdk-14.0.1/bin/java -jar /lab/itti/projects/checkers-competition/server/referee.jar on run_22_vdhankar_ghafeleb #####
Move is valid
##### SUCCESS: /usr/lib/jvm/jdk-14.0.1/bin/java -jar /lab/itti/projects/checkers-competition/server/referee.jar on run_22_vdhankar_ghafeleb #####
INPUT for ghafeleb:
GAME
BLACK
296.52
.b.b.b.b
b.b.....
...b...b
....w...
........
w.......
.w.w.w.w
w.w.w...
##### Running: /usr/bin/time -o time_22_vdhankar_ghafeleb.txt -f "%U" python3 homework.py > stulog.txt 2>&1 on ghafeleb #####
##### SUCCESS: /usr/bin/time -o time_22_vdhankar_ghafeleb.txt -f "%U" python3 homework.py > stulog.txt 2>&1 on ghafeleb #####
##### ghafeleb plays [J d6 f4] in 0.24s #####
##### Running: /usr/lib/jvm/jdk-14.0.1/bin/java -jar /lab/itti/projects/checkers-competition/server/referee.jar on run_22_vdhankar_ghafeleb #####
Move is valid
##### SUCCESS: /usr/lib/jvm/jdk-14.0.1/bin/java -jar /lab/itti/projects/checkers-competition/server/referee.jar on run_22_vdhankar_ghafeleb #####
INPUT for vdhankar:
GAME
WHITE
232.620088100433
.b.b.b.b
b.b.....
.......b
........
.....b..
w.......
.w.w.w.w
w.w.w...
##### Running: /usr/bin/time -o time_22_vdhankar_ghafeleb.txt -f "%U" python3 homework.py > stulog.txt 2>&1 on vdhankar #####
child exited with value 1
##### ERROR: /usr/bin/time -o time_22_vdhankar_ghafeleb.txt -f "%U" python3 homework.py > stulog.txt 2>&1 on vdhankar #####
##### Output of failed program (stdout + stderr): #####
Traceback (most recent call last):
  File "homework.py", line 546, in <module>
    print(end-start)
NameError: name 'end' is not defined
##### End of output of failed program #####
##### vdhankar plays [E f2 g3] in 53.6750099658966s #####
##### Running: /usr/lib/jvm/jdk-14.0.1/bin/java -jar /lab/itti/projects/checkers-competition/server/referee.jar on run_22_vdhankar_ghafeleb #####
Move is valid
##### SUCCESS: /usr/lib/jvm/jdk-14.0.1/bin/java -jar /lab/itti/projects/checkers-competition/server/referee.jar on run_22_vdhankar_ghafeleb #####
INPUT for ghafeleb:
GAME
BLACK
296.28
.b.b.b.b
b.b.....
.......b
........
.....b..
w.....w.
.w.w...w
w.w.w...
##### Running: /usr/bin/time -o time_22_vdhankar_ghafeleb.txt -f "%U" python3 homework.py > stulog.txt 2>&1 on ghafeleb #####
##### SUCCESS: /usr/bin/time -o time_22_vdhankar_ghafeleb.txt -f "%U" python3 homework.py > stulog.txt 2>&1 on ghafeleb #####
##### ghafeleb plays [E f4 e3] in 0.4s #####
##### Running: /usr/lib/jvm/jdk-14.0.1/bin/java -jar /lab/itti/projects/checkers-competition/server/referee.jar on run_22_vdhankar_ghafeleb #####
Move is valid
##### SUCCESS: /usr/lib/jvm/jdk-14.0.1/bin/java -jar /lab/itti/projects/checkers-competition/server/referee.jar on run_22_vdhankar_ghafeleb #####
INPUT for vdhankar:
GAME
WHITE
178.945078134537
.b.b.b.b
b.b.....
.......b
........
........
w...b.w.
.w.w...w
w.w.w...
##### Running: /usr/bin/time -o time_22_vdhankar_ghafeleb.txt -f "%U" python3 homework.py > stulog.txt 2>&1 on vdhankar #####
child exited with value 1
##### ERROR: /usr/bin/time -o time_22_vdhankar_ghafeleb.txt -f "%U" python3 homework.py > stulog.txt 2>&1 on vdhankar #####
##### Output of failed program (stdout + stderr): #####
Traceback (most recent call last):
  File "homework.py", line 546, in <module>
    print(end-start)
NameError: name 'end' is not defined
##### End of output of failed program #####
##### vdhankar plays [J d2 f4] in 13.6372699737549s #####
##### Running: /usr/lib/jvm/jdk-14.0.1/bin/java -jar /lab/itti/projects/checkers-competition/server/referee.jar on run_22_vdhankar_ghafeleb #####
Move is valid
##### SUCCESS: /usr/lib/jvm/jdk-14.0.1/bin/java -jar /lab/itti/projects/checkers-competition/server/referee.jar on run_22_vdhankar_ghafeleb #####
INPUT for ghafeleb:
GAME
BLACK
295.88
.b.b.b.b
b.b.....
.......b
........
.....w..
w.....w.
.w.....w
w.w.w...
##### Running: /usr/bin/time -o time_22_vdhankar_ghafeleb.txt -f "%U" python3 homework.py > stulog.txt 2>&1 on ghafeleb #####
##### SUCCESS: /usr/bin/time -o time_22_vdhankar_ghafeleb.txt -f "%U" python3 homework.py > stulog.txt 2>&1 on ghafeleb #####
##### ghafeleb plays [E d8 e7] in 0.79s #####
##### Running: /usr/lib/jvm/jdk-14.0.1/bin/java -jar /lab/itti/projects/checkers-competition/server/referee.jar on run_22_vdhankar_ghafeleb #####
Move is valid
##### SUCCESS: /usr/lib/jvm/jdk-14.0.1/bin/java -jar /lab/itti/projects/checkers-competition/server/referee.jar on run_22_vdhankar_ghafeleb #####
INPUT for vdhankar:
GAME
WHITE
165.307808160782
.b...b.b
b.b.b...
.......b
........
.....w..
w.....w.
.w.....w
w.w.w...
##### Running: /usr/bin/time -o time_22_vdhankar_ghafeleb.txt -f "%U" python3 homework.py > stulog.txt 2>&1 on vdhankar #####
child exited with value 1
##### ERROR: /usr/bin/time -o time_22_vdhankar_ghafeleb.txt -f "%U" python3 homework.py > stulog.txt 2>&1 on vdhankar #####
##### Output of failed program (stdout + stderr): #####
Traceback (most recent call last):
  File "homework.py", line 546, in <module>
    print(end-start)
NameError: name 'end' is not defined
##### End of output of failed program #####
##### vdhankar plays [E e1 d2] in 38.1372120380402s #####
##### Running: /usr/lib/jvm/jdk-14.0.1/bin/java -jar /lab/itti/projects/checkers-competition/server/referee.jar on run_22_vdhankar_ghafeleb #####
Move is valid
##### SUCCESS: /usr/lib/jvm/jdk-14.0.1/bin/java -jar /lab/itti/projects/checkers-competition/server/referee.jar on run_22_vdhankar_ghafeleb #####
INPUT for ghafeleb:
GAME
BLACK
295.09
.b...b.b
b.b.b...
.......b
........
.....w..
w.....w.
.w.w...w
w.w.....
##### Running: /usr/bin/time -o time_22_vdhankar_ghafeleb.txt -f "%U" python3 homework.py > stulog.txt 2>&1 on ghafeleb #####
##### SUCCESS: /usr/bin/time -o time_22_vdhankar_ghafeleb.txt -f "%U" python3 homework.py > stulog.txt 2>&1 on ghafeleb #####
##### ghafeleb plays [E f8 g7] in 0.53s #####
##### Running: /usr/lib/jvm/jdk-14.0.1/bin/java -jar /lab/itti/projects/checkers-competition/server/referee.jar on run_22_vdhankar_ghafeleb #####
Move is valid
##### SUCCESS: /usr/lib/jvm/jdk-14.0.1/bin/java -jar /lab/itti/projects/checkers-competition/server/referee.jar on run_22_vdhankar_ghafeleb #####
INPUT for vdhankar:
GAME
WHITE
127.170596122742
.b.....b
b.b.b.b.
.......b
........
.....w..
w.....w.
.w.w...w
w.w.....
##### Running: /usr/bin/time -o time_22_vdhankar_ghafeleb.txt -f "%U" python3 homework.py > stulog.txt 2>&1 on vdhankar #####
child exited with value 1
##### ERROR: /usr/bin/time -o time_22_vdhankar_ghafeleb.txt -f "%U" python3 homework.py > stulog.txt 2>&1 on vdhankar #####
##### Output of failed program (stdout + stderr): #####
Traceback (most recent call last):
  File "homework.py", line 546, in <module>
    print(end-start)
NameError: name 'end' is not defined
##### End of output of failed program #####
##### vdhankar plays [E d2 c3] in 23.6479980945587s #####
##### Running: /usr/lib/jvm/jdk-14.0.1/bin/java -jar /lab/itti/projects/checkers-competition/server/referee.jar on run_22_vdhankar_ghafeleb #####
Move is valid
##### SUCCESS: /usr/lib/jvm/jdk-14.0.1/bin/java -jar /lab/itti/projects/checkers-competition/server/referee.jar on run_22_vdhankar_ghafeleb #####
INPUT for ghafeleb:
GAME
BLACK
294.56
.b.....b
b.b.b.b.
.......b
........
.....w..
w.w...w.
.w.....w
w.w.....
##### Running: /usr/bin/time -o time_22_vdhankar_ghafeleb.txt -f "%U" python3 homework.py > stulog.txt 2>&1 on ghafeleb #####
##### SUCCESS: /usr/bin/time -o time_22_vdhankar_ghafeleb.txt -f "%U" python3 homework.py > stulog.txt 2>&1 on ghafeleb #####
##### ghafeleb plays [E a7 b6] in 0.65s #####
##### Running: /usr/lib/jvm/jdk-14.0.1/bin/java -jar /lab/itti/projects/checkers-competition/server/referee.jar on run_22_vdhankar_ghafeleb #####
Move is valid
##### SUCCESS: /usr/lib/jvm/jdk-14.0.1/bin/java -jar /lab/itti/projects/checkers-competition/server/referee.jar on run_22_vdhankar_ghafeleb #####
INPUT for vdhankar:
GAME
WHITE
103.522598028183
.b.....b
..b.b.b.
.b.....b
........
.....w..
w.w...w.
.w.....w
w.w.....
##### Running: /usr/bin/time -o time_22_vdhankar_ghafeleb.txt -f "%U" python3 homework.py > stulog.txt 2>&1 on vdhankar #####
child exited with value 1
##### ERROR: /usr/bin/time -o time_22_vdhankar_ghafeleb.txt -f "%U" python3 homework.py > stulog.txt 2>&1 on vdhankar #####
##### Output of failed program (stdout + stderr): #####
Traceback (most recent call last):
  File "homework.py", line 546, in <module>
    print(end-start)
NameError: name 'end' is not defined
##### End of output of failed program #####
##### vdhankar plays [E c3 d4] in 15.9696719646454s #####
##### Running: /usr/lib/jvm/jdk-14.0.1/bin/java -jar /lab/itti/projects/checkers-competition/server/referee.jar on run_22_vdhankar_ghafeleb #####
Move is valid
##### SUCCESS: /usr/lib/jvm/jdk-14.0.1/bin/java -jar /lab/itti/projects/checkers-competition/server/referee.jar on run_22_vdhankar_ghafeleb #####
INPUT for ghafeleb:
GAME
BLACK
293.91
.b.....b
..b.b.b.
.b.....b
........
...w.w..
w.....w.
.w.....w
w.w.....
##### Running: /usr/bin/time -o time_22_vdhankar_ghafeleb.txt -f "%U" python3 homework.py > stulog.txt 2>&1 on ghafeleb #####
##### SUCCESS: /usr/bin/time -o time_22_vdhankar_ghafeleb.txt -f "%U" python3 homework.py > stulog.txt 2>&1 on ghafeleb #####
##### ghafeleb plays [E b6 a5] in 0.56s #####
##### Running: /usr/lib/jvm/jdk-14.0.1/bin/java -jar /lab/itti/projects/checkers-competition/server/referee.jar on run_22_vdhankar_ghafeleb #####
Move is valid
##### SUCCESS: /usr/lib/jvm/jdk-14.0.1/bin/java -jar /lab/itti/projects/checkers-competition/server/referee.jar on run_22_vdhankar_ghafeleb #####
INPUT for vdhankar:
GAME
WHITE
87.5529260635376
.b.....b
..b.b.b.
.......b
b.......
...w.w..
w.....w.
.w.....w
w.w.....
##### Running: /usr/bin/time -o time_22_vdhankar_ghafeleb.txt -f "%U" python3 homework.py > stulog.txt 2>&1 on vdhankar #####
child exited with value 1
##### ERROR: /usr/bin/time -o time_22_vdhankar_ghafeleb.txt -f "%U" python3 homework.py > stulog.txt 2>&1 on vdhankar #####
##### Output of failed program (stdout + stderr): #####
Traceback (most recent call last):
  File "homework.py", line 546, in <module>
    print(end-start)
NameError: name 'end' is not defined
##### End of output of failed program #####
##### vdhankar plays [E b2 c3] in 13.7486641407013s #####
##### Running: /usr/lib/jvm/jdk-14.0.1/bin/java -jar /lab/itti/projects/checkers-competition/server/referee.jar on run_22_vdhankar_ghafeleb #####
Move is valid
##### SUCCESS: /usr/lib/jvm/jdk-14.0.1/bin/java -jar /lab/itti/projects/checkers-competition/server/referee.jar on run_22_vdhankar_ghafeleb #####
INPUT for ghafeleb:
GAME
BLACK
293.35
.b.....b
..b.b.b.
.......b
b.......
...w.w..
w.w...w.
.......w
w.w.....
##### Running: /usr/bin/time -o time_22_vdhankar_ghafeleb.txt -f "%U" python3 homework.py > stulog.txt 2>&1 on ghafeleb #####
##### SUCCESS: /usr/bin/time -o time_22_vdhankar_ghafeleb.txt -f "%U" python3 homework.py > stulog.txt 2>&1 on ghafeleb #####
##### ghafeleb plays [E b8 a7] in 0.9s #####
##### Running: /usr/lib/jvm/jdk-14.0.1/bin/java -jar /lab/itti/projects/checkers-competition/server/referee.jar on run_22_vdhankar_ghafeleb #####
Move is valid
##### SUCCESS: /usr/lib/jvm/jdk-14.0.1/bin/java -jar /lab/itti/projects/checkers-competition/server/referee.jar on run_22_vdhankar_ghafeleb #####
INPUT for vdhankar:
GAME
WHITE
73.8042619228363
.......b
b.b.b.b.
.......b
b.......
...w.w..
w.w...w.
.......w
w.w.....
##### Running: /usr/bin/time -o time_22_vdhankar_ghafeleb.txt -f "%U" python3 homework.py > stulog.txt 2>&1 on vdhankar #####
child exited with value 1
##### ERROR: /usr/bin/time -o time_22_vdhankar_ghafeleb.txt -f "%U" python3 homework.py > stulog.txt 2>&1 on vdhankar #####
##### Output of failed program (stdout + stderr): #####
Traceback (most recent call last):
  File "homework.py", line 546, in <module>
    print(end-start)
NameError: name 'end' is not defined
##### End of output of failed program #####
##### vdhankar plays [E a3 b4] in 5.19577503204346s #####
##### Running: /usr/lib/jvm/jdk-14.0.1/bin/java -jar /lab/itti/projects/checkers-competition/server/referee.jar on run_22_vdhankar_ghafeleb #####
Move is valid
##### SUCCESS: /usr/lib/jvm/jdk-14.0.1/bin/java -jar /lab/itti/projects/checkers-competition/server/referee.jar on run_22_vdhankar_ghafeleb #####
INPUT for ghafeleb:
GAME
BLACK
292.45
.......b
b.b.b.b.
.......b
b.......
.w.w.w..
..w...w.
.......w
w.w.....
##### Running: /usr/bin/time -o time_22_vdhankar_ghafeleb.txt -f "%U" python3 homework.py > stulog.txt 2>&1 on ghafeleb #####
##### SUCCESS: /usr/bin/time -o time_22_vdhankar_ghafeleb.txt -f "%U" python3 homework.py > stulog.txt 2>&1 on ghafeleb #####
##### ghafeleb plays [E a7 b6] in 0.73s #####
##### Running: /usr/lib/jvm/jdk-14.0.1/bin/java -jar /lab/itti/projects/checkers-competition/server/referee.jar on run_22_vdhankar_ghafeleb #####
Move is valid
##### SUCCESS: /usr/lib/jvm/jdk-14.0.1/bin/java -jar /lab/itti/projects/checkers-competition/server/referee.jar on run_22_vdhankar_ghafeleb #####
INPUT for vdhankar:
GAME
WHITE
68.6084868907928
.......b
..b.b.b.
.b.....b
b.......
.w.w.w..
..w...w.
.......w
w.w.....
##### Running: /usr/bin/time -o time_22_vdhankar_ghafeleb.txt -f "%U" python3 homework.py > stulog.txt 2>&1 on vdhankar #####
child exited with value 1
##### ERROR: /usr/bin/time -o time_22_vdhankar_ghafeleb.txt -f "%U" python3 homework.py > stulog.txt 2>&1 on vdhankar #####
##### Output of failed program (stdout + stderr): #####
Traceback (most recent call last):
  File "homework.py", line 546, in <module>
    print(end-start)
NameError: name 'end' is not defined
##### End of output of failed program #####
##### vdhankar plays [E b4 c5] in 1.78372406959534s #####
##### Running: /usr/lib/jvm/jdk-14.0.1/bin/java -jar /lab/itti/projects/checkers-competition/server/referee.jar on run_22_vdhankar_ghafeleb #####
Move is valid
##### SUCCESS: /usr/lib/jvm/jdk-14.0.1/bin/java -jar /lab/itti/projects/checkers-competition/server/referee.jar on run_22_vdhankar_ghafeleb #####
INPUT for ghafeleb:
GAME
BLACK
291.72
.......b
..b.b.b.
.b.....b
b.w.....
...w.w..
..w...w.
.......w
w.w.....
##### Running: /usr/bin/time -o time_22_vdhankar_ghafeleb.txt -f "%U" python3 homework.py > stulog.txt 2>&1 on ghafeleb #####
##### SUCCESS: /usr/bin/time -o time_22_vdhankar_ghafeleb.txt -f "%U" python3 homework.py > stulog.txt 2>&1 on ghafeleb #####
##### ghafeleb plays [E c7 d6] in 0.27s #####
##### Running: /usr/lib/jvm/jdk-14.0.1/bin/java -jar /lab/itti/projects/checkers-competition/server/referee.jar on run_22_vdhankar_ghafeleb #####
Move is valid
##### SUCCESS: /usr/lib/jvm/jdk-14.0.1/bin/java -jar /lab/itti/projects/checkers-competition/server/referee.jar on run_22_vdhankar_ghafeleb #####
INPUT for vdhankar:
GAME
WHITE
66.8247628211975
.......b
....b.b.
.b.b...b
b.w.....
...w.w..
..w...w.
.......w
w.w.....
##### Running: /usr/bin/time -o time_22_vdhankar_ghafeleb.txt -f "%U" python3 homework.py > stulog.txt 2>&1 on vdhankar #####
child exited with value 1
##### ERROR: /usr/bin/time -o time_22_vdhankar_ghafeleb.txt -f "%U" python3 homework.py > stulog.txt 2>&1 on vdhankar #####
##### Output of failed program (stdout + stderr): #####
Traceback (most recent call last):
  File "homework.py", line 546, in <module>
    print(end-start)
NameError: name 'end' is not defined
##### End of output of failed program #####
##### vdhankar plays [J c5 a7] in 0.694121837615967s #####
##### Running: /usr/lib/jvm/jdk-14.0.1/bin/java -jar /lab/itti/projects/checkers-competition/server/referee.jar on run_22_vdhankar_ghafeleb #####
Move is valid
##### SUCCESS: /usr/lib/jvm/jdk-14.0.1/bin/java -jar /lab/itti/projects/checkers-competition/server/referee.jar on run_22_vdhankar_ghafeleb #####
INPUT for ghafeleb:
GAME
BLACK
291.45
.......b
w...b.b.
...b...b
b.......
...w.w..
..w...w.
.......w
w.w.....
##### Running: /usr/bin/time -o time_22_vdhankar_ghafeleb.txt -f "%U" python3 homework.py > stulog.txt 2>&1 on ghafeleb #####
##### SUCCESS: /usr/bin/time -o time_22_vdhankar_ghafeleb.txt -f "%U" python3 homework.py > stulog.txt 2>&1 on ghafeleb #####
##### ghafeleb plays [E e7 f6] in 0.35s #####
##### Running: /usr/lib/jvm/jdk-14.0.1/bin/java -jar /lab/itti/projects/checkers-competition/server/referee.jar on run_22_vdhankar_ghafeleb #####
Move is valid
##### SUCCESS: /usr/lib/jvm/jdk-14.0.1/bin/java -jar /lab/itti/projects/checkers-competition/server/referee.jar on run_22_vdhankar_ghafeleb #####
INPUT for vdhankar:
GAME
WHITE
66.1306409835815
.......b
w.....b.
...b.b.b
b.......
...w.w..
..w...w.
.......w
w.w.....
##### Running: /usr/bin/time -o time_22_vdhankar_ghafeleb.txt -f "%U" python3 homework.py > stulog.txt 2>&1 on vdhankar #####
child exited with value 1
##### ERROR: /usr/bin/time -o time_22_vdhankar_ghafeleb.txt -f "%U" python3 homework.py > stulog.txt 2>&1 on vdhankar #####
##### Output of failed program (stdout + stderr): #####
Traceback (most recent call last):
  File "homework.py", line 546, in <module>
    print(end-start)
NameError: name 'end' is not defined
##### End of output of failed program #####
##### vdhankar plays [E f4 e5] in 2.0958309173584s #####
##### Running: /usr/lib/jvm/jdk-14.0.1/bin/java -jar /lab/itti/projects/checkers-competition/server/referee.jar on run_22_vdhankar_ghafeleb #####
Move is valid
##### SUCCESS: /usr/lib/jvm/jdk-14.0.1/bin/java -jar /lab/itti/projects/checkers-competition/server/referee.jar on run_22_vdhankar_ghafeleb #####
INPUT for ghafeleb:
GAME
BLACK
291.1
.......b
w.....b.
...b.b.b
b...w...
...w....
..w...w.
.......w
w.w.....
##### Running: /usr/bin/time -o time_22_vdhankar_ghafeleb.txt -f "%U" python3 homework.py > stulog.txt 2>&1 on ghafeleb #####
##### SUCCESS: /usr/bin/time -o time_22_vdhankar_ghafeleb.txt -f "%U" python3 homework.py > stulog.txt 2>&1 on ghafeleb #####
##### ghafeleb plays [J d6 f4] in 0.13s #####
##### Running: /usr/lib/jvm/jdk-14.0.1/bin/java -jar /lab/itti/projects/checkers-competition/server/referee.jar on run_22_vdhankar_ghafeleb #####
Move is valid
##### SUCCESS: /usr/lib/jvm/jdk-14.0.1/bin/java -jar /lab/itti/projects/checkers-competition/server/referee.jar on run_22_vdhankar_ghafeleb #####
INPUT for vdhankar:
GAME
WHITE
64.0348100662231
.......b
w.....b.
.....b.b
b.......
...w.b..
..w...w.
.......w
w.w.....
##### Running: /usr/bin/time -o time_22_vdhankar_ghafeleb.txt -f "%U" python3 homework.py > stulog.txt 2>&1 on vdhankar #####
child exited with value 1
##### ERROR: /usr/bin/time -o time_22_vdhankar_ghafeleb.txt -f "%U" python3 homework.py > stulog.txt 2>&1 on vdhankar #####
##### Output of failed program (stdout + stderr): #####
Traceback (most recent call last):
  File "homework.py", line 546, in <module>
    print(end-start)
NameError: name 'end' is not defined
##### End of output of failed program #####
##### vdhankar plays [J g3 e5] in 0.519186019897461s #####
##### Running: /usr/lib/jvm/jdk-14.0.1/bin/java -jar /lab/itti/projects/checkers-competition/server/referee.jar on run_22_vdhankar_ghafeleb #####
Move is valid
##### SUCCESS: /usr/lib/jvm/jdk-14.0.1/bin/java -jar /lab/itti/projects/checkers-competition/server/referee.jar on run_22_vdhankar_ghafeleb #####
INPUT for ghafeleb:
GAME
BLACK
290.97
.......b
w.....b.
.....b.b
b...w...
...w....
..w.....
.......w
w.w.....
##### Running: /usr/bin/time -o time_22_vdhankar_ghafeleb.txt -f "%U" python3 homework.py > stulog.txt 2>&1 on ghafeleb #####
##### SUCCESS: /usr/bin/time -o time_22_vdhankar_ghafeleb.txt -f "%U" python3 homework.py > stulog.txt 2>&1 on ghafeleb #####
##### ghafeleb plays [E h6 g5] in 0.23s #####
##### Running: /usr/lib/jvm/jdk-14.0.1/bin/java -jar /lab/itti/projects/checkers-competition/server/referee.jar on run_22_vdhankar_ghafeleb #####
Move is valid
##### SUCCESS: /usr/lib/jvm/jdk-14.0.1/bin/java -jar /lab/itti/projects/checkers-competition/server/referee.jar on run_22_vdhankar_ghafeleb #####
INPUT for vdhankar:
GAME
WHITE
63.5156240463257
.......b
w.....b.
.....b..
b...w.b.
...w....
..w.....
.......w
w.w.....
##### Running: /usr/bin/time -o time_22_vdhankar_ghafeleb.txt -f "%U" python3 homework.py > stulog.txt 2>&1 on vdhankar #####
child exited with value 1
##### ERROR: /usr/bin/time -o time_22_vdhankar_ghafeleb.txt -f "%U" python3 homework.py > stulog.txt 2>&1 on vdhankar #####
##### Output of failed program (stdout + stderr): #####
Traceback (most recent call last):
  File "homework.py", line 546, in <module>
    print(end-start)
NameError: name 'end' is not defined
##### End of output of failed program #####
##### vdhankar plays [E a7 b8] in 2.44654893875122s #####
##### Running: /usr/lib/jvm/jdk-14.0.1/bin/java -jar /lab/itti/projects/checkers-competition/server/referee.jar on run_22_vdhankar_ghafeleb #####
Move is valid
##### SUCCESS: /usr/lib/jvm/jdk-14.0.1/bin/java -jar /lab/itti/projects/checkers-competition/server/referee.jar on run_22_vdhankar_ghafeleb #####
INPUT for ghafeleb:
GAME
BLACK
290.74
.W.....b
......b.
.....b..
b...w.b.
...w....
..w.....
.......w
w.w.....
##### Running: /usr/bin/time -o time_22_vdhankar_ghafeleb.txt -f "%U" python3 homework.py > stulog.txt 2>&1 on ghafeleb #####
##### SUCCESS: /usr/bin/time -o time_22_vdhankar_ghafeleb.txt -f "%U" python3 homework.py > stulog.txt 2>&1 on ghafeleb #####
##### ghafeleb plays [E g7 h6] in 0.21s #####
##### Running: /usr/lib/jvm/jdk-14.0.1/bin/java -jar /lab/itti/projects/checkers-competition/server/referee.jar on run_22_vdhankar_ghafeleb #####
Move is valid
##### SUCCESS: /usr/lib/jvm/jdk-14.0.1/bin/java -jar /lab/itti/projects/checkers-competition/server/referee.jar on run_22_vdhankar_ghafeleb #####
INPUT for vdhankar:
GAME
WHITE
61.0690751075745
.W.....b
........
.....b.b
b...w.b.
...w....
..w.....
.......w
w.w.....
##### Running: /usr/bin/time -o time_22_vdhankar_ghafeleb.txt -f "%U" python3 homework.py > stulog.txt 2>&1 on vdhankar #####
child exited with value 1
##### ERROR: /usr/bin/time -o time_22_vdhankar_ghafeleb.txt -f "%U" python3 homework.py > stulog.txt 2>&1 on vdhankar #####
##### Output of failed program (stdout + stderr): #####
Traceback (most recent call last):
  File "homework.py", line 546, in <module>
    print(end-start)
NameError: name 'end' is not defined
##### End of output of failed program #####
##### vdhankar plays [J e5 g7] in 0.939420938491821s #####
##### Running: /usr/lib/jvm/jdk-14.0.1/bin/java -jar /lab/itti/projects/checkers-competition/server/referee.jar on run_22_vdhankar_ghafeleb #####
Move is valid
##### SUCCESS: /usr/lib/jvm/jdk-14.0.1/bin/java -jar /lab/itti/projects/checkers-competition/server/referee.jar on run_22_vdhankar_ghafeleb #####
INPUT for ghafeleb:
GAME
BLACK
290.53
.W.....b
......w.
.......b
b.....b.
...w....
..w.....
.......w
w.w.....
##### Running: /usr/bin/time -o time_22_vdhankar_ghafeleb.txt -f "%U" python3 homework.py > stulog.txt 2>&1 on ghafeleb #####
##### SUCCESS: /usr/bin/time -o time_22_vdhankar_ghafeleb.txt -f "%U" python3 homework.py > stulog.txt 2>&1 on ghafeleb #####
##### ghafeleb plays [J h8 f6] in 0.13s #####
##### Running: /usr/lib/jvm/jdk-14.0.1/bin/java -jar /lab/itti/projects/checkers-competition/server/referee.jar on run_22_vdhankar_ghafeleb #####
Move is valid
##### SUCCESS: /usr/lib/jvm/jdk-14.0.1/bin/java -jar /lab/itti/projects/checkers-competition/server/referee.jar on run_22_vdhankar_ghafeleb #####
INPUT for vdhankar:
GAME
WHITE
60.1296541690826
.W......
........
.....b.b
b.....b.
...w....
..w.....
.......w
w.w.....
##### Running: /usr/bin/time -o time_22_vdhankar_ghafeleb.txt -f "%U" python3 homework.py > stulog.txt 2>&1 on vdhankar #####
child exited with value 1
##### ERROR: /usr/bin/time -o time_22_vdhankar_ghafeleb.txt -f "%U" python3 homework.py > stulog.txt 2>&1 on vdhankar #####
##### Output of failed program (stdout + stderr): #####
Traceback (most recent call last):
  File "homework.py", line 546, in <module>
    print(end-start)
NameError: name 'end' is not defined
##### End of output of failed program #####
##### vdhankar plays [E c1 b2] in 4.4122200012207s #####
##### Running: /usr/lib/jvm/jdk-14.0.1/bin/java -jar /lab/itti/projects/checkers-competition/server/referee.jar on run_22_vdhankar_ghafeleb #####
Move is valid
##### SUCCESS: /usr/lib/jvm/jdk-14.0.1/bin/java -jar /lab/itti/projects/checkers-competition/server/referee.jar on run_22_vdhankar_ghafeleb #####
INPUT for ghafeleb:
GAME
BLACK
290.4
.W......
........
.....b.b
b.....b.
...w....
..w.....
.w.....w
w.......
##### Running: /usr/bin/time -o time_22_vdhankar_ghafeleb.txt -f "%U" python3 homework.py > stulog.txt 2>&1 on ghafeleb #####
##### SUCCESS: /usr/bin/time -o time_22_vdhankar_ghafeleb.txt -f "%U" python3 homework.py > stulog.txt 2>&1 on ghafeleb #####
##### ghafeleb plays [E g5 h4] in 0.18s #####
##### Running: /usr/lib/jvm/jdk-14.0.1/bin/java -jar /lab/itti/projects/checkers-competition/server/referee.jar on run_22_vdhankar_ghafeleb #####
Move is valid
##### SUCCESS: /usr/lib/jvm/jdk-14.0.1/bin/java -jar /lab/itti/projects/checkers-competition/server/referee.jar on run_22_vdhankar_ghafeleb #####
INPUT for vdhankar:
GAME
WHITE
55.7174341678619
.W......
........
.....b.b
b.......
...w...b
..w.....
.w.....w
w.......
##### Running: /usr/bin/time -o time_22_vdhankar_ghafeleb.txt -f "%U" python3 homework.py > stulog.txt 2>&1 on vdhankar #####
child exited with value 1
##### ERROR: /usr/bin/time -o time_22_vdhankar_ghafeleb.txt -f "%U" python3 homework.py > stulog.txt 2>&1 on vdhankar #####
##### Output of failed program (stdout + stderr): #####
Traceback (most recent call last):
  File "homework.py", line 546, in <module>
    print(end-start)
NameError: name 'end' is not defined
##### End of output of failed program #####
##### vdhankar plays [E d4 e5] in 2.87852478027344s #####
##### Running: /usr/lib/jvm/jdk-14.0.1/bin/java -jar /lab/itti/projects/checkers-competition/server/referee.jar on run_22_vdhankar_ghafeleb #####
Move is valid
##### SUCCESS: /usr/lib/jvm/jdk-14.0.1/bin/java -jar /lab/itti/projects/checkers-competition/server/referee.jar on run_22_vdhankar_ghafeleb #####
INPUT for ghafeleb:
GAME
BLACK
290.22
.W......
........
.....b.b
b...w...
.......b
..w.....
.w.....w
w.......
##### Running: /usr/bin/time -o time_22_vdhankar_ghafeleb.txt -f "%U" python3 homework.py > stulog.txt 2>&1 on ghafeleb #####
##### SUCCESS: /usr/bin/time -o time_22_vdhankar_ghafeleb.txt -f "%U" python3 homework.py > stulog.txt 2>&1 on ghafeleb #####
##### ghafeleb plays [J f6 d4] in 0.09s #####
##### Running: /usr/lib/jvm/jdk-14.0.1/bin/java -jar /lab/itti/projects/checkers-competition/server/referee.jar on run_22_vdhankar_ghafeleb #####
Move is valid
##### SUCCESS: /usr/lib/jvm/jdk-14.0.1/bin/java -jar /lab/itti/projects/checkers-competition/server/referee.jar on run_22_vdhankar_ghafeleb #####
INPUT for vdhankar:
GAME
WHITE
52.8389093875885
.W......
........
.......b
b.......
...b...b
..w.....
.w.....w
w.......
##### Running: /usr/bin/time -o time_22_vdhankar_ghafeleb.txt -f "%U" python3 homework.py > stulog.txt 2>&1 on vdhankar #####
child exited with value 1
##### ERROR: /usr/bin/time -o time_22_vdhankar_ghafeleb.txt -f "%U" python3 homework.py > stulog.txt 2>&1 on vdhankar #####
##### Output of failed program (stdout + stderr): #####
Traceback (most recent call last):
  File "homework.py", line 546, in <module>
    print(end-start)
NameError: name 'end' is not defined
##### End of output of failed program #####
##### vdhankar plays [J c3 e5] in 0.875770092010498s #####
##### Running: /usr/lib/jvm/jdk-14.0.1/bin/java -jar /lab/itti/projects/checkers-competition/server/referee.jar on run_22_vdhankar_ghafeleb #####
Move is valid
##### SUCCESS: /usr/lib/jvm/jdk-14.0.1/bin/java -jar /lab/itti/projects/checkers-competition/server/referee.jar on run_22_vdhankar_ghafeleb #####
INPUT for ghafeleb:
GAME
BLACK
290.13
.W......
........
.......b
b...w...
.......b
........
.w.....w
w.......
##### Running: /usr/bin/time -o time_22_vdhankar_ghafeleb.txt -f "%U" python3 homework.py > stulog.txt 2>&1 on ghafeleb #####
##### SUCCESS: /usr/bin/time -o time_22_vdhankar_ghafeleb.txt -f "%U" python3 homework.py > stulog.txt 2>&1 on ghafeleb #####
##### ghafeleb plays [E h6 g5] in 0.13s #####
##### Running: /usr/lib/jvm/jdk-14.0.1/bin/java -jar /lab/itti/projects/checkers-competition/server/referee.jar on run_22_vdhankar_ghafeleb #####
Move is valid
##### SUCCESS: /usr/lib/jvm/jdk-14.0.1/bin/java -jar /lab/itti/projects/checkers-competition/server/referee.jar on run_22_vdhankar_ghafeleb #####
INPUT for vdhankar:
GAME
WHITE
51.963139295578
.W......
........
........
b...w.b.
.......b
........
.w.....w
w.......
##### Running: /usr/bin/time -o time_22_vdhankar_ghafeleb.txt -f "%U" python3 homework.py > stulog.txt 2>&1 on vdhankar #####
child exited with value 1
##### ERROR: /usr/bin/time -o time_22_vdhankar_ghafeleb.txt -f "%U" python3 homework.py > stulog.txt 2>&1 on vdhankar #####
##### Output of failed program (stdout + stderr): #####
Traceback (most recent call last):
  File "homework.py", line 546, in <module>
    print(end-start)
NameError: name 'end' is not defined
##### End of output of failed program #####
##### vdhankar plays [E b2 c3] in 3.09146881103516s #####
##### Running: /usr/lib/jvm/jdk-14.0.1/bin/java -jar /lab/itti/projects/checkers-competition/server/referee.jar on run_22_vdhankar_ghafeleb #####
Move is valid
##### SUCCESS: /usr/lib/jvm/jdk-14.0.1/bin/java -jar /lab/itti/projects/checkers-competition/server/referee.jar on run_22_vdhankar_ghafeleb #####
INPUT for ghafeleb:
GAME
BLACK
290
.W......
........
........
b...w.b.
.......b
..w.....
.......w
w.......
##### Running: /usr/bin/time -o time_22_vdhankar_ghafeleb.txt -f "%U" python3 homework.py > stulog.txt 2>&1 on ghafeleb #####
##### SUCCESS: /usr/bin/time -o time_22_vdhankar_ghafeleb.txt -f "%U" python3 homework.py > stulog.txt 2>&1 on ghafeleb #####
##### ghafeleb plays [E g5 f4] in 0.15s #####
##### Running: /usr/lib/jvm/jdk-14.0.1/bin/java -jar /lab/itti/projects/checkers-competition/server/referee.jar on run_22_vdhankar_ghafeleb #####
Move is valid
##### SUCCESS: /usr/lib/jvm/jdk-14.0.1/bin/java -jar /lab/itti/projects/checkers-competition/server/referee.jar on run_22_vdhankar_ghafeleb #####
INPUT for vdhankar:
GAME
WHITE
48.8716704845428
.W......
........
........
b...w...
.....b.b
..w.....
.......w
w.......
##### Running: /usr/bin/time -o time_22_vdhankar_ghafeleb.txt -f "%U" python3 homework.py > stulog.txt 2>&1 on vdhankar #####
child exited with value 1
##### ERROR: /usr/bin/time -o time_22_vdhankar_ghafeleb.txt -f "%U" python3 homework.py > stulog.txt 2>&1 on vdhankar #####
##### Output of failed program (stdout + stderr): #####
Traceback (most recent call last):
  File "homework.py", line 546, in <module>
    print(end-start)
NameError: name 'end' is not defined
##### End of output of failed program #####
##### vdhankar plays [E c3 d4] in 2.3404381275177s #####
##### Running: /usr/lib/jvm/jdk-14.0.1/bin/java -jar /lab/itti/projects/checkers-competition/server/referee.jar on run_22_vdhankar_ghafeleb #####
Move is valid
##### SUCCESS: /usr/lib/jvm/jdk-14.0.1/bin/java -jar /lab/itti/projects/checkers-competition/server/referee.jar on run_22_vdhankar_ghafeleb #####
INPUT for ghafeleb:
GAME
BLACK
289.85
.W......
........
........
b...w...
...w.b.b
........
.......w
w.......
##### Running: /usr/bin/time -o time_22_vdhankar_ghafeleb.txt -f "%U" python3 homework.py > stulog.txt 2>&1 on ghafeleb #####
##### SUCCESS: /usr/bin/time -o time_22_vdhankar_ghafeleb.txt -f "%U" python3 homework.py > stulog.txt 2>&1 on ghafeleb #####
##### ghafeleb plays [E f4 e3] in 0.21s #####
##### Running: /usr/lib/jvm/jdk-14.0.1/bin/java -jar /lab/itti/projects/checkers-competition/server/referee.jar on run_22_vdhankar_ghafeleb #####
Move is valid
##### SUCCESS: /usr/lib/jvm/jdk-14.0.1/bin/java -jar /lab/itti/projects/checkers-competition/server/referee.jar on run_22_vdhankar_ghafeleb #####
INPUT for vdhankar:
GAME
WHITE
46.5312323570251
.W......
........
........
b...w...
...w...b
....b...
.......w
w.......
##### Running: /usr/bin/time -o time_22_vdhankar_ghafeleb.txt -f "%U" python3 homework.py > stulog.txt 2>&1 on vdhankar #####
child exited with value 1
##### ERROR: /usr/bin/time -o time_22_vdhankar_ghafeleb.txt -f "%U" python3 homework.py > stulog.txt 2>&1 on vdhankar #####
##### Output of failed program (stdout + stderr): #####
Traceback (most recent call last):
  File "homework.py", line 546, in <module>
    print(end-start)
NameError: name 'end' is not defined
##### End of output of failed program #####
##### vdhankar plays [E e5 f6] in 3.30620503425598s #####
##### Running: /usr/lib/jvm/jdk-14.0.1/bin/java -jar /lab/itti/projects/checkers-competition/server/referee.jar on run_22_vdhankar_ghafeleb #####
Move is valid
##### SUCCESS: /usr/lib/jvm/jdk-14.0.1/bin/java -jar /lab/itti/projects/checkers-competition/server/referee.jar on run_22_vdhankar_ghafeleb #####
INPUT for ghafeleb:
GAME
BLACK
289.64
.W......
........
.....w..
b.......
...w...b
....b...
.......w
w.......
##### Running: /usr/bin/time -o time_22_vdhankar_ghafeleb.txt -f "%U" python3 homework.py > stulog.txt 2>&1 on ghafeleb #####
##### SUCCESS: /usr/bin/time -o time_22_vdhankar_ghafeleb.txt -f "%U" python3 homework.py > stulog.txt 2>&1 on ghafeleb #####
##### ghafeleb plays [E e3 f2] in 0.16s #####
##### Running: /usr/lib/jvm/jdk-14.0.1/bin/java -jar /lab/itti/projects/checkers-competition/server/referee.jar on run_22_vdhankar_ghafeleb #####
Move is valid
##### SUCCESS: /usr/lib/jvm/jdk-14.0.1/bin/java -jar /lab/itti/projects/checkers-competition/server/referee.jar on run_22_vdhankar_ghafeleb #####
INPUT for vdhankar:
GAME
WHITE
43.2250273227692
.W......
........
.....w..
b.......
...w...b
........
.....b.w
w.......
##### Running: /usr/bin/time -o time_22_vdhankar_ghafeleb.txt -f "%U" python3 homework.py > stulog.txt 2>&1 on vdhankar #####
child exited with value 1
##### ERROR: /usr/bin/time -o time_22_vdhankar_ghafeleb.txt -f "%U" python3 homework.py > stulog.txt 2>&1 on vdhankar #####
##### Output of failed program (stdout + stderr): #####
Traceback (most recent call last):
  File "homework.py", line 546, in <module>
    print(end-start)
NameError: name 'end' is not defined
##### End of output of failed program #####
##### vdhankar plays [E d4 e5] in 2.93519282341003s #####
##### Running: /usr/lib/jvm/jdk-14.0.1/bin/java -jar /lab/itti/projects/checkers-competition/server/referee.jar on run_22_vdhankar_ghafeleb #####
Move is valid
##### SUCCESS: /usr/lib/jvm/jdk-14.0.1/bin/java -jar /lab/itti/projects/checkers-competition/server/referee.jar on run_22_vdhankar_ghafeleb #####
INPUT for ghafeleb:
GAME
BLACK
289.48
.W......
........
.....w..
b...w...
.......b
........
.....b.w
w.......
##### Running: /usr/bin/time -o time_22_vdhankar_ghafeleb.txt -f "%U" python3 homework.py > stulog.txt 2>&1 on ghafeleb #####
##### SUCCESS: /usr/bin/time -o time_22_vdhankar_ghafeleb.txt -f "%U" python3 homework.py > stulog.txt 2>&1 on ghafeleb #####
##### ghafeleb plays [E f2 g1] in 0.21s #####
##### Running: /usr/lib/jvm/jdk-14.0.1/bin/java -jar /lab/itti/projects/checkers-competition/server/referee.jar on run_22_vdhankar_ghafeleb #####
Move is valid
##### SUCCESS: /usr/lib/jvm/jdk-14.0.1/bin/java -jar /lab/itti/projects/checkers-competition/server/referee.jar on run_22_vdhankar_ghafeleb #####
INPUT for vdhankar:
GAME
WHITE
40.2898344993591
.W......
........
.....w..
b...w...
.......b
........
.......w
w.....B.
##### Running: /usr/bin/time -o time_22_vdhankar_ghafeleb.txt -f "%U" python3 homework.py > stulog.txt 2>&1 on vdhankar #####
child exited with value 1
##### ERROR: /usr/bin/time -o time_22_vdhankar_ghafeleb.txt -f "%U" python3 homework.py > stulog.txt 2>&1 on vdhankar #####
##### Output of failed program (stdout + stderr): #####
Traceback (most recent call last):
  File "homework.py", line 546, in <module>
    print(end-start)
NameError: name 'end' is not defined
##### End of output of failed program #####
##### vdhankar plays [E e5 d6] in 3.52667379379272s #####
##### Running: /usr/lib/jvm/jdk-14.0.1/bin/java -jar /lab/itti/projects/checkers-competition/server/referee.jar on run_22_vdhankar_ghafeleb #####
Move is valid
##### SUCCESS: /usr/lib/jvm/jdk-14.0.1/bin/java -jar /lab/itti/projects/checkers-competition/server/referee.jar on run_22_vdhankar_ghafeleb #####
INPUT for ghafeleb:
GAME
BLACK
289.27
.W......
........
...w.w..
b.......
.......b
........
.......w
w.....B.
##### Running: /usr/bin/time -o time_22_vdhankar_ghafeleb.txt -f "%U" python3 homework.py > stulog.txt 2>&1 on ghafeleb #####
##### SUCCESS: /usr/bin/time -o time_22_vdhankar_ghafeleb.txt -f "%U" python3 homework.py > stulog.txt 2>&1 on ghafeleb #####
##### ghafeleb plays [E a5 b4] in 0.17s #####
##### Running: /usr/lib/jvm/jdk-14.0.1/bin/java -jar /lab/itti/projects/checkers-competition/server/referee.jar on run_22_vdhankar_ghafeleb #####
Move is valid
##### SUCCESS: /usr/lib/jvm/jdk-14.0.1/bin/java -jar /lab/itti/projects/checkers-competition/server/referee.jar on run_22_vdhankar_ghafeleb #####
INPUT for vdhankar:
GAME
WHITE
36.7631607055664
.W......
........
...w.w..
........
.b.....b
........
.......w
w.....B.
##### Running: /usr/bin/time -o time_22_vdhankar_ghafeleb.txt -f "%U" python3 homework.py > stulog.txt 2>&1 on vdhankar #####
child exited with value 1
##### ERROR: /usr/bin/time -o time_22_vdhankar_ghafeleb.txt -f "%U" python3 homework.py > stulog.txt 2>&1 on vdhankar #####
##### Output of failed program (stdout + stderr): #####
Traceback (most recent call last):
  File "homework.py", line 546, in <module>
    print(end-start)
NameError: name 'end' is not defined
##### End of output of failed program #####
##### vdhankar plays [E f6 g7] in 2.17943596839905s #####
##### Running: /usr/lib/jvm/jdk-14.0.1/bin/java -jar /lab/itti/projects/checkers-competition/server/referee.jar on run_22_vdhankar_ghafeleb #####
Move is valid
##### SUCCESS: /usr/lib/jvm/jdk-14.0.1/bin/java -jar /lab/itti/projects/checkers-competition/server/referee.jar on run_22_vdhankar_ghafeleb #####
INPUT for ghafeleb:
GAME
BLACK
289.1
.W......
......w.
...w....
........
.b.....b
........
.......w
w.....B.
##### Running: /usr/bin/time -o time_22_vdhankar_ghafeleb.txt -f "%U" python3 homework.py > stulog.txt 2>&1 on ghafeleb #####
##### SUCCESS: /usr/bin/time -o time_22_vdhankar_ghafeleb.txt -f "%U" python3 homework.py > stulog.txt 2>&1 on ghafeleb #####
##### ghafeleb plays [E b4 c3] in 0.2s #####
##### Running: /usr/lib/jvm/jdk-14.0.1/bin/java -jar /lab/itti/projects/checkers-competition/server/referee.jar on run_22_vdhankar_ghafeleb #####
Move is valid
##### SUCCESS: /usr/lib/jvm/jdk-14.0.1/bin/java -jar /lab/itti/projects/checkers-competition/server/referee.jar on run_22_vdhankar_ghafeleb #####
INPUT for vdhankar:
GAME
WHITE
34.5837247371674
.W......
......w.
...w....
........
.......b
..b.....
.......w
w.....B.
##### Running: /usr/bin/time -o time_22_vdhankar_ghafeleb.txt -f "%U" python3 homework.py > stulog.txt 2>&1 on vdhankar #####
child exited with value 1
##### ERROR: /usr/bin/time -o time_22_vdhankar_ghafeleb.txt -f "%U" python3 homework.py > stulog.txt 2>&1 on vdhankar #####
##### Output of failed program (stdout + stderr): #####
Traceback (most recent call last):
  File "homework.py", line 546, in <module>
    print(end-start)
NameError: name 'end' is not defined
##### End of output of failed program #####
##### vdhankar plays [E d6 e7] in 2.57567381858826s #####
##### Running: /usr/lib/jvm/jdk-14.0.1/bin/java -jar /lab/itti/projects/checkers-competition/server/referee.jar on run_22_vdhankar_ghafeleb #####
Move is valid
##### SUCCESS: /usr/lib/jvm/jdk-14.0.1/bin/java -jar /lab/itti/projects/checkers-competition/server/referee.jar on run_22_vdhankar_ghafeleb #####
INPUT for ghafeleb:
GAME
BLACK
288.9
.W......
....w.w.
........
........
.......b
..b.....
.......w
w.....B.
##### Running: /usr/bin/time -o time_22_vdhankar_ghafeleb.txt -f "%U" python3 homework.py > stulog.txt 2>&1 on ghafeleb #####
##### SUCCESS: /usr/bin/time -o time_22_vdhankar_ghafeleb.txt -f "%U" python3 homework.py > stulog.txt 2>&1 on ghafeleb #####
##### ghafeleb plays [E c3 d2] in 0.16s #####
##### Running: /usr/lib/jvm/jdk-14.0.1/bin/java -jar /lab/itti/projects/checkers-competition/server/referee.jar on run_22_vdhankar_ghafeleb #####
Move is valid
##### SUCCESS: /usr/lib/jvm/jdk-14.0.1/bin/java -jar /lab/itti/projects/checkers-competition/server/referee.jar on run_22_vdhankar_ghafeleb #####
INPUT for vdhankar:
GAME
WHITE
32.0080509185791
.W......
....w.w.
........
........
.......b
........
...b...w
w.....B.
##### Running: /usr/bin/time -o time_22_vdhankar_ghafeleb.txt -f "%U" python3 homework.py > stulog.txt 2>&1 on vdhankar #####
child exited with value 1
##### ERROR: /usr/bin/time -o time_22_vdhankar_ghafeleb.txt -f "%U" python3 homework.py > stulog.txt 2>&1 on vdhankar #####
##### Output of failed program (stdout + stderr): #####
Traceback (most recent call last):
  File "homework.py", line 546, in <module>
    print(end-start)
NameError: name 'end' is not defined
##### End of output of failed program #####
##### vdhankar plays [E g7 h8] in 2.1692099571228s #####
##### Running: /usr/lib/jvm/jdk-14.0.1/bin/java -jar /lab/itti/projects/checkers-competition/server/referee.jar on run_22_vdhankar_ghafeleb #####
Move is valid
##### SUCCESS: /usr/lib/jvm/jdk-14.0.1/bin/java -jar /lab/itti/projects/checkers-competition/server/referee.jar on run_22_vdhankar_ghafeleb #####
INPUT for ghafeleb:
GAME
BLACK
288.74
.W.....W
....w...
........
........
.......b
........
...b...w
w.....B.
##### Running: /usr/bin/time -o time_22_vdhankar_ghafeleb.txt -f "%U" python3 homework.py > stulog.txt 2>&1 on ghafeleb #####
##### SUCCESS: /usr/bin/time -o time_22_vdhankar_ghafeleb.txt -f "%U" python3 homework.py > stulog.txt 2>&1 on ghafeleb #####
##### ghafeleb plays [E d2 e1] in 0.21s #####
##### Running: /usr/lib/jvm/jdk-14.0.1/bin/java -jar /lab/itti/projects/checkers-competition/server/referee.jar on run_22_vdhankar_ghafeleb #####
Move is valid
##### SUCCESS: /usr/lib/jvm/jdk-14.0.1/bin/java -jar /lab/itti/projects/checkers-competition/server/referee.jar on run_22_vdhankar_ghafeleb #####
INPUT for vdhankar:
GAME
WHITE
29.8388409614563
.W.....W
....w...
........
........
.......b
........
.......w
w...B.B.
##### Running: /usr/bin/time -o time_22_vdhankar_ghafeleb.txt -f "%U" python3 homework.py > stulog.txt 2>&1 on vdhankar #####
child exited with value 1
##### ERROR: /usr/bin/time -o time_22_vdhankar_ghafeleb.txt -f "%U" python3 homework.py > stulog.txt 2>&1 on vdhankar #####
##### Output of failed program (stdout + stderr): #####
Traceback (most recent call last):
  File "homework.py", line 546, in <module>
    print(end-start)
NameError: name 'end' is not defined
##### End of output of failed program #####
##### vdhankar plays [E h8 g7] in 3.0551221370697s #####
##### Running: /usr/lib/jvm/jdk-14.0.1/bin/java -jar /lab/itti/projects/checkers-competition/server/referee.jar on run_22_vdhankar_ghafeleb #####
Move is valid
##### SUCCESS: /usr/lib/jvm/jdk-14.0.1/bin/java -jar /lab/itti/projects/checkers-competition/server/referee.jar on run_22_vdhankar_ghafeleb #####
INPUT for ghafeleb:
GAME
BLACK
288.53
.W......
....w.W.
........
........
.......b
........
.......w
w...B.B.
##### Running: /usr/bin/time -o time_22_vdhankar_ghafeleb.txt -f "%U" python3 homework.py > stulog.txt 2>&1 on ghafeleb #####
##### SUCCESS: /usr/bin/time -o time_22_vdhankar_ghafeleb.txt -f "%U" python3 homework.py > stulog.txt 2>&1 on ghafeleb #####
##### ghafeleb plays [E e1 f2] in 0.23s #####
##### Running: /usr/lib/jvm/jdk-14.0.1/bin/java -jar /lab/itti/projects/checkers-competition/server/referee.jar on run_22_vdhankar_ghafeleb #####
Move is valid
##### SUCCESS: /usr/lib/jvm/jdk-14.0.1/bin/java -jar /lab/itti/projects/checkers-competition/server/referee.jar on run_22_vdhankar_ghafeleb #####
INPUT for vdhankar:
GAME
WHITE
26.7837188243866
.W......
....w.W.
........
........
.......b
........
.....B.w
w.....B.
##### Running: /usr/bin/time -o time_22_vdhankar_ghafeleb.txt -f "%U" python3 homework.py > stulog.txt 2>&1 on vdhankar #####
child exited with value 1
##### ERROR: /usr/bin/time -o time_22_vdhankar_ghafeleb.txt -f "%U" python3 homework.py > stulog.txt 2>&1 on vdhankar #####
##### Output of failed program (stdout + stderr): #####
Traceback (most recent call last):
  File "homework.py", line 546, in <module>
    print(end-start)
NameError: name 'end' is not defined
##### End of output of failed program #####
##### vdhankar plays [E g7 f6] in 3.18653893470764s #####
##### Running: /usr/lib/jvm/jdk-14.0.1/bin/java -jar /lab/itti/projects/checkers-competition/server/referee.jar on run_22_vdhankar_ghafeleb #####
Move is valid
##### SUCCESS: /usr/lib/jvm/jdk-14.0.1/bin/java -jar /lab/itti/projects/checkers-competition/server/referee.jar on run_22_vdhankar_ghafeleb #####
INPUT for ghafeleb:
GAME
BLACK
288.3
.W......
....w...
.....W..
........
.......b
........
.....B.w
w.....B.
##### Running: /usr/bin/time -o time_22_vdhankar_ghafeleb.txt -f "%U" python3 homework.py > stulog.txt 2>&1 on ghafeleb #####
##### SUCCESS: /usr/bin/time -o time_22_vdhankar_ghafeleb.txt -f "%U" python3 homework.py > stulog.txt 2>&1 on ghafeleb #####
##### ghafeleb plays [E f2 e1] in 0.23s #####
##### Running: /usr/lib/jvm/jdk-14.0.1/bin/java -jar /lab/itti/projects/checkers-competition/server/referee.jar on run_22_vdhankar_ghafeleb #####
Move is valid
##### SUCCESS: /usr/lib/jvm/jdk-14.0.1/bin/java -jar /lab/itti/projects/checkers-competition/server/referee.jar on run_22_vdhankar_ghafeleb #####
INPUT for vdhankar:
GAME
WHITE
23.597179889679
.W......
....w...
.....W..
........
.......b
........
.......w
w...B.B.
##### Running: /usr/bin/time -o time_22_vdhankar_ghafeleb.txt -f "%U" python3 homework.py > stulog.txt 2>&1 on vdhankar #####
child exited with value 1
##### ERROR: /usr/bin/time -o time_22_vdhankar_ghafeleb.txt -f "%U" python3 homework.py > stulog.txt 2>&1 on vdhankar #####
##### Output of failed program (stdout + stderr): #####
Traceback (most recent call last):
  File "homework.py", line 546, in <module>
    print(end-start)
NameError: name 'end' is not defined
##### End of output of failed program #####
##### vdhankar plays [E f6 e5] in 0.531627893447876s #####
##### Running: /usr/lib/jvm/jdk-14.0.1/bin/java -jar /lab/itti/projects/checkers-competition/server/referee.jar on run_22_vdhankar_ghafeleb #####
Move is valid
##### SUCCESS: /usr/lib/jvm/jdk-14.0.1/bin/java -jar /lab/itti/projects/checkers-competition/server/referee.jar on run_22_vdhankar_ghafeleb #####
INPUT for ghafeleb:
GAME
BLACK
288.07
.W......
....w...
........
....W...
.......b
........
.......w
w...B.B.
##### Running: /usr/bin/time -o time_22_vdhankar_ghafeleb.txt -f "%U" python3 homework.py > stulog.txt 2>&1 on ghafeleb #####
##### SUCCESS: /usr/bin/time -o time_22_vdhankar_ghafeleb.txt -f "%U" python3 homework.py > stulog.txt 2>&1 on ghafeleb #####
##### ghafeleb plays [E e1 f2] in 0.21s #####
##### Running: /usr/lib/jvm/jdk-14.0.1/bin/java -jar /lab/itti/projects/checkers-competition/server/referee.jar on run_22_vdhankar_ghafeleb #####
Move is valid
##### SUCCESS: /usr/lib/jvm/jdk-14.0.1/bin/java -jar /lab/itti/projects/checkers-competition/server/referee.jar on run_22_vdhankar_ghafeleb #####
INPUT for vdhankar:
GAME
WHITE
23.0655519962311
.W......
....w...
........
....W...
.......b
........
.....B.w
w.....B.
##### Running: /usr/bin/time -o time_22_vdhankar_ghafeleb.txt -f "%U" python3 homework.py > stulog.txt 2>&1 on vdhankar #####
child exited with value 1
##### ERROR: /usr/bin/time -o time_22_vdhankar_ghafeleb.txt -f "%U" python3 homework.py > stulog.txt 2>&1 on vdhankar #####
##### Output of failed program (stdout + stderr): #####
Traceback (most recent call last):
  File "homework.py", line 546, in <module>
    print(end-start)
NameError: name 'end' is not defined
##### End of output of failed program #####
##### vdhankar plays [E e7 d8] in 0.409576177597046s #####
##### Running: /usr/lib/jvm/jdk-14.0.1/bin/java -jar /lab/itti/projects/checkers-competition/server/referee.jar on run_22_vdhankar_ghafeleb #####
Move is valid
##### SUCCESS: /usr/lib/jvm/jdk-14.0.1/bin/java -jar /lab/itti/projects/checkers-competition/server/referee.jar on run_22_vdhankar_ghafeleb #####
INPUT for ghafeleb:
GAME
BLACK
287.86
.W.W....
........
........
....W...
.......b
........
.....B.w
w.....B.
##### Running: /usr/bin/time -o time_22_vdhankar_ghafeleb.txt -f "%U" python3 homework.py > stulog.txt 2>&1 on ghafeleb #####
##### SUCCESS: /usr/bin/time -o time_22_vdhankar_ghafeleb.txt -f "%U" python3 homework.py > stulog.txt 2>&1 on ghafeleb #####
##### ghafeleb plays [E f2 e1] in 0.24s #####
##### Running: /usr/lib/jvm/jdk-14.0.1/bin/java -jar /lab/itti/projects/checkers-competition/server/referee.jar on run_22_vdhankar_ghafeleb #####
Move is valid
##### SUCCESS: /usr/lib/jvm/jdk-14.0.1/bin/java -jar /lab/itti/projects/checkers-competition/server/referee.jar on run_22_vdhankar_ghafeleb #####
INPUT for vdhankar:
GAME
WHITE
22.655975818634
.W.W....
........
........
....W...
.......b
........
.......w
w...B.B.
##### Running: /usr/bin/time -o time_22_vdhankar_ghafeleb.txt -f "%U" python3 homework.py > stulog.txt 2>&1 on vdhankar #####
child exited with value 1
##### ERROR: /usr/bin/time -o time_22_vdhankar_ghafeleb.txt -f "%U" python3 homework.py > stulog.txt 2>&1 on vdhankar #####
##### Output of failed program (stdout + stderr): #####
Traceback (most recent call last):
  File "homework.py", line 546, in <module>
    print(end-start)
NameError: name 'end' is not defined
##### End of output of failed program #####
##### vdhankar plays [E e5 d4] in 0.390987157821655s #####
##### Running: /usr/lib/jvm/jdk-14.0.1/bin/java -jar /lab/itti/projects/checkers-competition/server/referee.jar on run_22_vdhankar_ghafeleb #####
Move is valid
##### SUCCESS: /usr/lib/jvm/jdk-14.0.1/bin/java -jar /lab/itti/projects/checkers-competition/server/referee.jar on run_22_vdhankar_ghafeleb #####
INPUT for ghafeleb:
GAME
BLACK
287.62
.W.W....
........
........
........
...W...b
........
.......w
w...B.B.
##### Running: /usr/bin/time -o time_22_vdhankar_ghafeleb.txt -f "%U" python3 homework.py > stulog.txt 2>&1 on ghafeleb #####
##### SUCCESS: /usr/bin/time -o time_22_vdhankar_ghafeleb.txt -f "%U" python3 homework.py > stulog.txt 2>&1 on ghafeleb #####
##### ghafeleb plays [E e1 f2] in 0.22s #####
##### Running: /usr/lib/jvm/jdk-14.0.1/bin/java -jar /lab/itti/projects/checkers-competition/server/referee.jar on run_22_vdhankar_ghafeleb #####
Move is valid
##### SUCCESS: /usr/lib/jvm/jdk-14.0.1/bin/java -jar /lab/itti/projects/checkers-competition/server/referee.jar on run_22_vdhankar_ghafeleb #####
INPUT for vdhankar:
GAME
WHITE
22.2649886608124
.W.W....
........
........
........
...W...b
........
.....B.w
w.....B.
##### Running: /usr/bin/time -o time_22_vdhankar_ghafeleb.txt -f "%U" python3 homework.py > stulog.txt 2>&1 on vdhankar #####
child exited with value 1
##### ERROR: /usr/bin/time -o time_22_vdhankar_ghafeleb.txt -f "%U" python3 homework.py > stulog.txt 2>&1 on vdhankar #####
##### Output of failed program (stdout + stderr): #####
Traceback (most recent call last):
  File "homework.py", line 546, in <module>
    print(end-start)
NameError: name 'end' is not defined
##### End of output of failed program #####
##### vdhankar plays [E d8 c7] in 0.382359027862549s #####
##### Running: /usr/lib/jvm/jdk-14.0.1/bin/java -jar /lab/itti/projects/checkers-competition/server/referee.jar on run_22_vdhankar_ghafeleb #####
Move is valid
##### SUCCESS: /usr/lib/jvm/jdk-14.0.1/bin/java -jar /lab/itti/projects/checkers-competition/server/referee.jar on run_22_vdhankar_ghafeleb #####
INPUT for ghafeleb:
GAME
BLACK
287.4
.W......
..W.....
........
........
...W...b
........
.....B.w
w.....B.
##### Running: /usr/bin/time -o time_22_vdhankar_ghafeleb.txt -f "%U" python3 homework.py > stulog.txt 2>&1 on ghafeleb #####
##### SUCCESS: /usr/bin/time -o time_22_vdhankar_ghafeleb.txt -f "%U" python3 homework.py > stulog.txt 2>&1 on ghafeleb #####
##### ghafeleb plays [E f2 e1] in 0.21s #####
##### Running: /usr/lib/jvm/jdk-14.0.1/bin/java -jar /lab/itti/projects/checkers-competition/server/referee.jar on run_22_vdhankar_ghafeleb #####
Move is valid
##### SUCCESS: /usr/lib/jvm/jdk-14.0.1/bin/java -jar /lab/itti/projects/checkers-competition/server/referee.jar on run_22_vdhankar_ghafeleb #####
INPUT for vdhankar:
GAME
WHITE
21.8826296329498
.W......
..W.....
........
........
...W...b
........
.......w
w...B.B.
##### Running: /usr/bin/time -o time_22_vdhankar_ghafeleb.txt -f "%U" python3 homework.py > stulog.txt 2>&1 on vdhankar #####
child exited with value 1
##### ERROR: /usr/bin/time -o time_22_vdhankar_ghafeleb.txt -f "%U" python3 homework.py > stulog.txt 2>&1 on vdhankar #####
##### Output of failed program (stdout + stderr): #####
Traceback (most recent call last):
  File "homework.py", line 546, in <module>
    print(end-start)
NameError: name 'end' is not defined
##### End of output of failed program #####
##### vdhankar plays [E c7 d6] in 0.388571977615356s #####
##### Running: /usr/lib/jvm/jdk-14.0.1/bin/java -jar /lab/itti/projects/checkers-competition/server/referee.jar on run_22_vdhankar_ghafeleb #####
Move is valid
##### SUCCESS: /usr/lib/jvm/jdk-14.0.1/bin/java -jar /lab/itti/projects/checkers-competition/server/referee.jar on run_22_vdhankar_ghafeleb #####
INPUT for ghafeleb:
GAME
BLACK
287.19
.W......
........
...W....
........
...W...b
........
.......w
w...B.B.
##### Running: /usr/bin/time -o time_22_vdhankar_ghafeleb.txt -f "%U" python3 homework.py > stulog.txt 2>&1 on ghafeleb #####
##### SUCCESS: /usr/bin/time -o time_22_vdhankar_ghafeleb.txt -f "%U" python3 homework.py > stulog.txt 2>&1 on ghafeleb #####
##### ghafeleb plays [E e1 f2] in 0.3s #####
##### Running: /usr/lib/jvm/jdk-14.0.1/bin/java -jar /lab/itti/projects/checkers-competition/server/referee.jar on run_22_vdhankar_ghafeleb #####
Move is valid
##### SUCCESS: /usr/lib/jvm/jdk-14.0.1/bin/java -jar /lab/itti/projects/checkers-competition/server/referee.jar on run_22_vdhankar_ghafeleb #####
INPUT for vdhankar:
GAME
WHITE
21.4940576553345
.W......
........
...W....
........
...W...b
........
.....B.w
w.....B.
##### Running: /usr/bin/time -o time_22_vdhankar_ghafeleb.txt -f "%U" python3 homework.py > stulog.txt 2>&1 on vdhankar #####
child exited with value 1
##### ERROR: /usr/bin/time -o time_22_vdhankar_ghafeleb.txt -f "%U" python3 homework.py > stulog.txt 2>&1 on vdhankar #####
##### Output of failed program (stdout + stderr): #####
Traceback (most recent call last):
  File "homework.py", line 546, in <module>
    print(end-start)
NameError: name 'end' is not defined
##### End of output of failed program #####
##### vdhankar plays [E d4 e5] in 0.424208879470825s #####
##### Running: /usr/lib/jvm/jdk-14.0.1/bin/java -jar /lab/itti/projects/checkers-competition/server/referee.jar on run_22_vdhankar_ghafeleb #####
Move is valid
##### SUCCESS: /usr/lib/jvm/jdk-14.0.1/bin/java -jar /lab/itti/projects/checkers-competition/server/referee.jar on run_22_vdhankar_ghafeleb #####
INPUT for ghafeleb:
GAME
BLACK
286.89
.W......
........
...W....
....W...
.......b
........
.....B.w
w.....B.
##### Running: /usr/bin/time -o time_22_vdhankar_ghafeleb.txt -f "%U" python3 homework.py > stulog.txt 2>&1 on ghafeleb #####
##### SUCCESS: /usr/bin/time -o time_22_vdhankar_ghafeleb.txt -f "%U" python3 homework.py > stulog.txt 2>&1 on ghafeleb #####
##### ghafeleb plays [E f2 e1] in 0.25s #####
##### Running: /usr/lib/jvm/jdk-14.0.1/bin/java -jar /lab/itti/projects/checkers-competition/server/referee.jar on run_22_vdhankar_ghafeleb #####
Move is valid
##### SUCCESS: /usr/lib/jvm/jdk-14.0.1/bin/java -jar /lab/itti/projects/checkers-competition/server/referee.jar on run_22_vdhankar_ghafeleb #####
INPUT for vdhankar:
GAME
WHITE
21.0698487758636
.W......
........
...W....
....W...
.......b
........
.......w
w...B.B.
##### Running: /usr/bin/time -o time_22_vdhankar_ghafeleb.txt -f "%U" python3 homework.py > stulog.txt 2>&1 on vdhankar #####
child exited with value 1
##### ERROR: /usr/bin/time -o time_22_vdhankar_ghafeleb.txt -f "%U" python3 homework.py > stulog.txt 2>&1 on vdhankar #####
##### Output of failed program (stdout + stderr): #####
Traceback (most recent call last):
  File "homework.py", line 546, in <module>
    print(end-start)
NameError: name 'end' is not defined
##### End of output of failed program #####
##### vdhankar plays [E e5 d4] in 0.432174921035767s #####
##### Running: /usr/lib/jvm/jdk-14.0.1/bin/java -jar /lab/itti/projects/checkers-competition/server/referee.jar on run_22_vdhankar_ghafeleb #####
Move is valid
##### SUCCESS: /usr/lib/jvm/jdk-14.0.1/bin/java -jar /lab/itti/projects/checkers-competition/server/referee.jar on run_22_vdhankar_ghafeleb #####
INPUT for ghafeleb:
GAME
BLACK
286.64
.W......
........
...W....
........
...W...b
........
.......w
w...B.B.
##### Running: /usr/bin/time -o time_22_vdhankar_ghafeleb.txt -f "%U" python3 homework.py > stulog.txt 2>&1 on ghafeleb #####
##### SUCCESS: /usr/bin/time -o time_22_vdhankar_ghafeleb.txt -f "%U" python3 homework.py > stulog.txt 2>&1 on ghafeleb #####
##### ghafeleb plays [E e1 f2] in 0.31s #####
##### Running: /usr/lib/jvm/jdk-14.0.1/bin/java -jar /lab/itti/projects/checkers-competition/server/referee.jar on run_22_vdhankar_ghafeleb #####
Move is valid
##### SUCCESS: /usr/lib/jvm/jdk-14.0.1/bin/java -jar /lab/itti/projects/checkers-competition/server/referee.jar on run_22_vdhankar_ghafeleb #####
INPUT for vdhankar:
GAME
WHITE
20.6376738548279
.W......
........
...W....
........
...W...b
........
.....B.w
w.....B.
##### Running: /usr/bin/time -o time_22_vdhankar_ghafeleb.txt -f "%U" python3 homework.py > stulog.txt 2>&1 on vdhankar #####
child exited with value 1
##### ERROR: /usr/bin/time -o time_22_vdhankar_ghafeleb.txt -f "%U" python3 homework.py > stulog.txt 2>&1 on vdhankar #####
##### Output of failed program (stdout + stderr): #####
Traceback (most recent call last):
  File "homework.py", line 546, in <module>
    print(end-start)
NameError: name 'end' is not defined
##### End of output of failed program #####
##### vdhankar plays [E d4 e5] in 0.349509000778198s #####
##### Running: /usr/lib/jvm/jdk-14.0.1/bin/java -jar /lab/itti/projects/checkers-competition/server/referee.jar on run_22_vdhankar_ghafeleb #####
Move is valid
##### SUCCESS: /usr/lib/jvm/jdk-14.0.1/bin/java -jar /lab/itti/projects/checkers-competition/server/referee.jar on run_22_vdhankar_ghafeleb #####
INPUT for ghafeleb:
GAME
BLACK
286.33
.W......
........
...W....
....W...
.......b
........
.....B.w
w.....B.
##### Running: /usr/bin/time -o time_22_vdhankar_ghafeleb.txt -f "%U" python3 homework.py > stulog.txt 2>&1 on ghafeleb #####
##### SUCCESS: /usr/bin/time -o time_22_vdhankar_ghafeleb.txt -f "%U" python3 homework.py > stulog.txt 2>&1 on ghafeleb #####
##### ghafeleb plays [E f2 e1] in 0.26s #####
##### Running: /usr/lib/jvm/jdk-14.0.1/bin/java -jar /lab/itti/projects/checkers-competition/server/referee.jar on run_22_vdhankar_ghafeleb #####
Move is valid
##### SUCCESS: /usr/lib/jvm/jdk-14.0.1/bin/java -jar /lab/itti/projects/checkers-competition/server/referee.jar on run_22_vdhankar_ghafeleb #####
INPUT for vdhankar:
GAME
WHITE
20.2881648540497
.W......
........
...W....
....W...
.......b
........
.......w
w...B.B.
##### Running: /usr/bin/time -o time_22_vdhankar_ghafeleb.txt -f "%U" python3 homework.py > stulog.txt 2>&1 on vdhankar #####
child exited with value 1
##### ERROR: /usr/bin/time -o time_22_vdhankar_ghafeleb.txt -f "%U" python3 homework.py > stulog.txt 2>&1 on vdhankar #####
##### Output of failed program (stdout + stderr): #####
Traceback (most recent call last):
  File "homework.py", line 546, in <module>
    print(end-start)
NameError: name 'end' is not defined
##### End of output of failed program #####
##### vdhankar plays [E e5 d4] in 0.455526113510132s #####
##### Running: /usr/lib/jvm/jdk-14.0.1/bin/java -jar /lab/itti/projects/checkers-competition/server/referee.jar on run_22_vdhankar_ghafeleb #####
Move is valid
##### SUCCESS: /usr/lib/jvm/jdk-14.0.1/bin/java -jar /lab/itti/projects/checkers-competition/server/referee.jar on run_22_vdhankar_ghafeleb #####
INPUT for ghafeleb:
GAME
BLACK
286.07
.W......
........
...W....
........
...W...b
........
.......w
w...B.B.
##### Running: /usr/bin/time -o time_22_vdhankar_ghafeleb.txt -f "%U" python3 homework.py > stulog.txt 2>&1 on ghafeleb #####
##### SUCCESS: /usr/bin/time -o time_22_vdhankar_ghafeleb.txt -f "%U" python3 homework.py > stulog.txt 2>&1 on ghafeleb #####
##### ghafeleb plays [E e1 f2] in 0.27s #####
##### Running: /usr/lib/jvm/jdk-14.0.1/bin/java -jar /lab/itti/projects/checkers-competition/server/referee.jar on run_22_vdhankar_ghafeleb #####
Move is valid
Seen this position 3 times
*** Game ends in draw ***
##### SUCCESS: /usr/lib/jvm/jdk-14.0.1/bin/java -jar /lab/itti/projects/checkers-competition/server/referee.jar on run_22_vdhankar_ghafeleb #####
##### GAME ENDS IN A DRAW. Time left for vdhankar: 19.8326387405396s, ghafeleb: 285.8s
Server said: DRAW
##### GAME OVER: the game ends in a draw, ghafeleb wins by time remaining #####
########## ROUND 22 GAMESCORE AFTER GAME 1: vdhankar=0 and ghafeleb=1 ##########
#################### ROUND 22: vdhankar (B) vs ghafeleb (W): game 2 ####################
##### game start! #####
INPUT for vdhankar:
GAME
BLACK
300
.b.b.b.b
b.b.b.b.
.b.b.b.b
........
........
w.w.w.w.
.w.w.w.w
w.w.w.w.
##### Running: /usr/bin/time -o time_22_vdhankar_ghafeleb.txt -f "%U" python3 homework.py > stulog.txt 2>&1 on vdhankar #####
child exited with value 1
##### ERROR: /usr/bin/time -o time_22_vdhankar_ghafeleb.txt -f "%U" python3 homework.py > stulog.txt 2>&1 on vdhankar #####
##### Output of failed program (stdout + stderr): #####
Traceback (most recent call last):
  File "homework.py", line 546, in <module>
    print(end-start)
NameError: name 'end' is not defined
##### End of output of failed program #####
##### vdhankar plays [E h6 g5] in 11.5692958831787s #####
##### Running: /usr/lib/jvm/jdk-14.0.1/bin/java -jar /lab/itti/projects/checkers-competition/server/referee.jar on run_22_vdhankar_ghafeleb #####
Move is valid
Couldn't read file 'current_ply.txt'
Couldn't read content from file 'current_ply.txt'
Couldn't read file 'lastmatchange_ply.txt'
Couldn't read content from file 'lastmatchange_ply.txt'
##### SUCCESS: /usr/lib/jvm/jdk-14.0.1/bin/java -jar /lab/itti/projects/checkers-competition/server/referee.jar on run_22_vdhankar_ghafeleb #####
INPUT for ghafeleb:
GAME
WHITE
300
.b.b.b.b
b.b.b.b.
.b.b.b..
......b.
........
w.w.w.w.
.w.w.w.w
w.w.w.w.
##### Running: /usr/bin/time -o time_22_vdhankar_ghafeleb.txt -f "%U" python3 homework.py > stulog.txt 2>&1 on ghafeleb #####
##### SUCCESS: /usr/bin/time -o time_22_vdhankar_ghafeleb.txt -f "%U" python3 homework.py > stulog.txt 2>&1 on ghafeleb #####
##### ghafeleb plays [E g3 h4] in 1.21s #####
##### Running: /usr/lib/jvm/jdk-14.0.1/bin/java -jar /lab/itti/projects/checkers-competition/server/referee.jar on run_22_vdhankar_ghafeleb #####
Move is valid
##### SUCCESS: /usr/lib/jvm/jdk-14.0.1/bin/java -jar /lab/itti/projects/checkers-competition/server/referee.jar on run_22_vdhankar_ghafeleb #####
INPUT for vdhankar:
GAME
BLACK
288.430704116821
.b.b.b.b
b.b.b.b.
.b.b.b..
......b.
.......w
w.w.w...
.w.w.w.w
w.w.w.w.
##### Running: /usr/bin/time -o time_22_vdhankar_ghafeleb.txt -f "%U" python3 homework.py > stulog.txt 2>&1 on vdhankar #####
child exited with value 1
##### ERROR: /usr/bin/time -o time_22_vdhankar_ghafeleb.txt -f "%U" python3 homework.py > stulog.txt 2>&1 on vdhankar #####
##### Output of failed program (stdout + stderr): #####
Traceback (most recent call last):
  File "homework.py", line 546, in <module>
    print(end-start)
NameError: name 'end' is not defined
##### End of output of failed program #####
##### vdhankar plays [E f6 e5] in 11.4113039970398s #####
##### Running: /usr/lib/jvm/jdk-14.0.1/bin/java -jar /lab/itti/projects/checkers-competition/server/referee.jar on run_22_vdhankar_ghafeleb #####
Move is valid
##### SUCCESS: /usr/lib/jvm/jdk-14.0.1/bin/java -jar /lab/itti/projects/checkers-competition/server/referee.jar on run_22_vdhankar_ghafeleb #####
INPUT for ghafeleb:
GAME
WHITE
298.79
.b.b.b.b
b.b.b.b.
.b.b....
....b.b.
.......w
w.w.w...
.w.w.w.w
w.w.w.w.
##### Running: /usr/bin/time -o time_22_vdhankar_ghafeleb.txt -f "%U" python3 homework.py > stulog.txt 2>&1 on ghafeleb #####
##### SUCCESS: /usr/bin/time -o time_22_vdhankar_ghafeleb.txt -f "%U" python3 homework.py > stulog.txt 2>&1 on ghafeleb #####
##### ghafeleb plays [J h4 f6] in 0.17s #####
##### Running: /usr/lib/jvm/jdk-14.0.1/bin/java -jar /lab/itti/projects/checkers-competition/server/referee.jar on run_22_vdhankar_ghafeleb #####
Move is valid
##### SUCCESS: /usr/lib/jvm/jdk-14.0.1/bin/java -jar /lab/itti/projects/checkers-competition/server/referee.jar on run_22_vdhankar_ghafeleb #####
INPUT for vdhankar:
GAME
BLACK
277.019400119781
.b.b.b.b
b.b.b.b.
.b.b.w..
....b...
........
w.w.w...
.w.w.w.w
w.w.w.w.
##### Running: /usr/bin/time -o time_22_vdhankar_ghafeleb.txt -f "%U" python3 homework.py > stulog.txt 2>&1 on vdhankar #####
child exited with value 1
##### ERROR: /usr/bin/time -o time_22_vdhankar_ghafeleb.txt -f "%U" python3 homework.py > stulog.txt 2>&1 on vdhankar #####
##### Output of failed program (stdout + stderr): #####
Traceback (most recent call last):
  File "homework.py", line 546, in <module>
    print(end-start)
NameError: name 'end' is not defined
##### End of output of failed program #####
##### vdhankar plays [J e7 g5] in 8.01437616348267s #####
##### Running: /usr/lib/jvm/jdk-14.0.1/bin/java -jar /lab/itti/projects/checkers-competition/server/referee.jar on run_22_vdhankar_ghafeleb #####
Move is valid
##### SUCCESS: /usr/lib/jvm/jdk-14.0.1/bin/java -jar /lab/itti/projects/checkers-competition/server/referee.jar on run_22_vdhankar_ghafeleb #####
INPUT for ghafeleb:
GAME
WHITE
298.62
.b.b.b.b
b.b...b.
.b.b....
....b.b.
........
w.w.w...
.w.w.w.w
w.w.w.w.
##### Running: /usr/bin/time -o time_22_vdhankar_ghafeleb.txt -f "%U" python3 homework.py > stulog.txt 2>&1 on ghafeleb #####
##### SUCCESS: /usr/bin/time -o time_22_vdhankar_ghafeleb.txt -f "%U" python3 homework.py > stulog.txt 2>&1 on ghafeleb #####
##### ghafeleb plays [E e3 f4] in 0.69s #####
##### Running: /usr/lib/jvm/jdk-14.0.1/bin/java -jar /lab/itti/projects/checkers-competition/server/referee.jar on run_22_vdhankar_ghafeleb #####
Move is valid
##### SUCCESS: /usr/lib/jvm/jdk-14.0.1/bin/java -jar /lab/itti/projects/checkers-competition/server/referee.jar on run_22_vdhankar_ghafeleb #####
INPUT for vdhankar:
GAME
BLACK
269.005023956299
.b.b.b.b
b.b...b.
.b.b....
....b.b.
.....w..
w.w.....
.w.w.w.w
w.w.w.w.
##### Running: /usr/bin/time -o time_22_vdhankar_ghafeleb.txt -f "%U" python3 homework.py > stulog.txt 2>&1 on vdhankar #####
child exited with value 1
##### ERROR: /usr/bin/time -o time_22_vdhankar_ghafeleb.txt -f "%U" python3 homework.py > stulog.txt 2>&1 on vdhankar #####
##### Output of failed program (stdout + stderr): #####
Traceback (most recent call last):
  File "homework.py", line 546, in <module>
    print(end-start)
NameError: name 'end' is not defined
##### End of output of failed program #####
##### vdhankar plays [J g5 e3] in 3.7767448425293s #####
##### Running: /usr/lib/jvm/jdk-14.0.1/bin/java -jar /lab/itti/projects/checkers-competition/server/referee.jar on run_22_vdhankar_ghafeleb #####
Move is valid
##### SUCCESS: /usr/lib/jvm/jdk-14.0.1/bin/java -jar /lab/itti/projects/checkers-competition/server/referee.jar on run_22_vdhankar_ghafeleb #####
INPUT for ghafeleb:
GAME
WHITE
297.93
.b.b.b.b
b.b...b.
.b.b....
....b...
........
w.w.b...
.w.w.w.w
w.w.w.w.
##### Running: /usr/bin/time -o time_22_vdhankar_ghafeleb.txt -f "%U" python3 homework.py > stulog.txt 2>&1 on ghafeleb #####
##### SUCCESS: /usr/bin/time -o time_22_vdhankar_ghafeleb.txt -f "%U" python3 homework.py > stulog.txt 2>&1 on ghafeleb #####
##### ghafeleb plays [J f2 d4 ; J d4 f6] in 0.2s #####
##### Running: /usr/lib/jvm/jdk-14.0.1/bin/java -jar /lab/itti/projects/checkers-competition/server/referee.jar on run_22_vdhankar_ghafeleb #####
Move is valid
##### SUCCESS: /usr/lib/jvm/jdk-14.0.1/bin/java -jar /lab/itti/projects/checkers-competition/server/referee.jar on run_22_vdhankar_ghafeleb #####
INPUT for vdhankar:
GAME
BLACK
265.22827911377
.b.b.b.b
b.b...b.
.b.b.w..
........
........
w.w.....
.w.w...w
w.w.w.w.
##### Running: /usr/bin/time -o time_22_vdhankar_ghafeleb.txt -f "%U" python3 homework.py > stulog.txt 2>&1 on vdhankar #####
child exited with value 1
##### ERROR: /usr/bin/time -o time_22_vdhankar_ghafeleb.txt -f "%U" python3 homework.py > stulog.txt 2>&1 on vdhankar #####
##### Output of failed program (stdout + stderr): #####
Traceback (most recent call last):
  File "homework.py", line 546, in <module>
    print(end-start)
NameError: name 'end' is not defined
##### End of output of failed program #####
##### vdhankar plays [J g7 e5] in 11.4994289875031s #####
##### Running: /usr/lib/jvm/jdk-14.0.1/bin/java -jar /lab/itti/projects/checkers-competition/server/referee.jar on run_22_vdhankar_ghafeleb #####
Move is valid
##### SUCCESS: /usr/lib/jvm/jdk-14.0.1/bin/java -jar /lab/itti/projects/checkers-competition/server/referee.jar on run_22_vdhankar_ghafeleb #####
INPUT for ghafeleb:
GAME
WHITE
297.73
.b.b.b.b
b.b.....
.b.b....
....b...
........
w.w.....
.w.w...w
w.w.w.w.
##### Running: /usr/bin/time -o time_22_vdhankar_ghafeleb.txt -f "%U" python3 homework.py > stulog.txt 2>&1 on ghafeleb #####
##### SUCCESS: /usr/bin/time -o time_22_vdhankar_ghafeleb.txt -f "%U" python3 homework.py > stulog.txt 2>&1 on ghafeleb #####
##### ghafeleb plays [E c3 d4] in 0.49s #####
##### Running: /usr/lib/jvm/jdk-14.0.1/bin/java -jar /lab/itti/projects/checkers-competition/server/referee.jar on run_22_vdhankar_ghafeleb #####
Move is valid
##### SUCCESS: /usr/lib/jvm/jdk-14.0.1/bin/java -jar /lab/itti/projects/checkers-competition/server/referee.jar on run_22_vdhankar_ghafeleb #####
INPUT for vdhankar:
GAME
BLACK
253.728850126266
.b.b.b.b
b.b.....
.b.b....
....b...
...w....
w.......
.w.w...w
w.w.w.w.
##### Running: /usr/bin/time -o time_22_vdhankar_ghafeleb.txt -f "%U" python3 homework.py > stulog.txt 2>&1 on vdhankar #####
child exited with value 1
##### ERROR: /usr/bin/time -o time_22_vdhankar_ghafeleb.txt -f "%U" python3 homework.py > stulog.txt 2>&1 on vdhankar #####
##### Output of failed program (stdout + stderr): #####
Traceback (most recent call last):
  File "homework.py", line 546, in <module>
    print(end-start)
NameError: name 'end' is not defined
##### End of output of failed program #####
##### vdhankar plays [J e5 c3] in 3.79519701004028s #####
##### Running: /usr/lib/jvm/jdk-14.0.1/bin/java -jar /lab/itti/projects/checkers-competition/server/referee.jar on run_22_vdhankar_ghafeleb #####
Move is valid
##### SUCCESS: /usr/lib/jvm/jdk-14.0.1/bin/java -jar /lab/itti/projects/checkers-competition/server/referee.jar on run_22_vdhankar_ghafeleb #####
INPUT for ghafeleb:
GAME
WHITE
297.24
.b.b.b.b
b.b.....
.b.b....
........
........
w.b.....
.w.w...w
w.w.w.w.
##### Running: /usr/bin/time -o time_22_vdhankar_ghafeleb.txt -f "%U" python3 homework.py > stulog.txt 2>&1 on ghafeleb #####
##### SUCCESS: /usr/bin/time -o time_22_vdhankar_ghafeleb.txt -f "%U" python3 homework.py > stulog.txt 2>&1 on ghafeleb #####
##### ghafeleb plays [J b2 d4] in 0.27s #####
##### Running: /usr/lib/jvm/jdk-14.0.1/bin/java -jar /lab/itti/projects/checkers-competition/server/referee.jar on run_22_vdhankar_ghafeleb #####
Move is valid
##### SUCCESS: /usr/lib/jvm/jdk-14.0.1/bin/java -jar /lab/itti/projects/checkers-competition/server/referee.jar on run_22_vdhankar_ghafeleb #####
INPUT for vdhankar:
GAME
BLACK
249.933653116226
.b.b.b.b
b.b.....
.b.b....
........
...w....
w.......
...w...w
w.w.w.w.
##### Running: /usr/bin/time -o time_22_vdhankar_ghafeleb.txt -f "%U" python3 homework.py > stulog.txt 2>&1 on vdhankar #####
child exited with value 1
##### ERROR: /usr/bin/time -o time_22_vdhankar_ghafeleb.txt -f "%U" python3 homework.py > stulog.txt 2>&1 on vdhankar #####
##### Output of failed program (stdout + stderr): #####
Traceback (most recent call last):
  File "homework.py", line 546, in <module>
    print(end-start)
NameError: name 'end' is not defined
##### End of output of failed program #####
##### vdhankar plays [E d6 c5] in 38.3831520080566s #####
##### Running: /usr/lib/jvm/jdk-14.0.1/bin/java -jar /lab/itti/projects/checkers-competition/server/referee.jar on run_22_vdhankar_ghafeleb #####
Move is valid
##### SUCCESS: /usr/lib/jvm/jdk-14.0.1/bin/java -jar /lab/itti/projects/checkers-competition/server/referee.jar on run_22_vdhankar_ghafeleb #####
INPUT for ghafeleb:
GAME
WHITE
296.97
.b.b.b.b
b.b.....
.b......
..b.....
...w....
w.......
...w...w
w.w.w.w.
##### Running: /usr/bin/time -o time_22_vdhankar_ghafeleb.txt -f "%U" python3 homework.py > stulog.txt 2>&1 on ghafeleb #####
##### SUCCESS: /usr/bin/time -o time_22_vdhankar_ghafeleb.txt -f "%U" python3 homework.py > stulog.txt 2>&1 on ghafeleb #####
##### ghafeleb plays [E h2 g3] in 0.53s #####
##### Running: /usr/lib/jvm/jdk-14.0.1/bin/java -jar /lab/itti/projects/checkers-competition/server/referee.jar on run_22_vdhankar_ghafeleb #####
Move is valid
##### SUCCESS: /usr/lib/jvm/jdk-14.0.1/bin/java -jar /lab/itti/projects/checkers-competition/server/referee.jar on run_22_vdhankar_ghafeleb #####
INPUT for vdhankar:
GAME
BLACK
211.55050110817
.b.b.b.b
b.b.....
.b......
..b.....
...w....
w.....w.
...w....
w.w.w.w.
##### Running: /usr/bin/time -o time_22_vdhankar_ghafeleb.txt -f "%U" python3 homework.py > stulog.txt 2>&1 on vdhankar #####
child exited with value 1
##### ERROR: /usr/bin/time -o time_22_vdhankar_ghafeleb.txt -f "%U" python3 homework.py > stulog.txt 2>&1 on vdhankar #####
##### Output of failed program (stdout + stderr): #####
Traceback (most recent call last):
  File "homework.py", line 546, in <module>
    print(end-start)
NameError: name 'end' is not defined
##### End of output of failed program #####
##### vdhankar plays [J c5 e3] in 3.70686197280884s #####
##### Running: /usr/lib/jvm/jdk-14.0.1/bin/java -jar /lab/itti/projects/checkers-competition/server/referee.jar on run_22_vdhankar_ghafeleb #####
Move is valid
##### SUCCESS: /usr/lib/jvm/jdk-14.0.1/bin/java -jar /lab/itti/projects/checkers-competition/server/referee.jar on run_22_vdhankar_ghafeleb #####
INPUT for ghafeleb:
GAME
WHITE
296.44
.b.b.b.b
b.b.....
.b......
........
........
w...b.w.
...w....
w.w.w.w.
##### Running: /usr/bin/time -o time_22_vdhankar_ghafeleb.txt -f "%U" python3 homework.py > stulog.txt 2>&1 on ghafeleb #####
##### SUCCESS: /usr/bin/time -o time_22_vdhankar_ghafeleb.txt -f "%U" python3 homework.py > stulog.txt 2>&1 on ghafeleb #####
##### ghafeleb plays [J d2 f4] in 0.21s #####
##### Running: /usr/lib/jvm/jdk-14.0.1/bin/java -jar /lab/itti/projects/checkers-competition/server/referee.jar on run_22_vdhankar_ghafeleb #####
Move is valid
##### SUCCESS: /usr/lib/jvm/jdk-14.0.1/bin/java -jar /lab/itti/projects/checkers-competition/server/referee.jar on run_22_vdhankar_ghafeleb #####
INPUT for vdhankar:
GAME
BLACK
207.843639135361
.b.b.b.b
b.b.....
.b......
........
.....w..
w.....w.
........
w.w.w.w.
##### Running: /usr/bin/time -o time_22_vdhankar_ghafeleb.txt -f "%U" python3 homework.py > stulog.txt 2>&1 on vdhankar #####
child exited with value 1
##### ERROR: /usr/bin/time -o time_22_vdhankar_ghafeleb.txt -f "%U" python3 homework.py > stulog.txt 2>&1 on vdhankar #####
##### Output of failed program (stdout + stderr): #####
Traceback (most recent call last):
  File "homework.py", line 546, in <module>
    print(end-start)
NameError: name 'end' is not defined
##### End of output of failed program #####
##### vdhankar plays [E b6 c5] in 51.981036901474s #####
##### Running: /usr/lib/jvm/jdk-14.0.1/bin/java -jar /lab/itti/projects/checkers-competition/server/referee.jar on run_22_vdhankar_ghafeleb #####
Move is valid
##### SUCCESS: /usr/lib/jvm/jdk-14.0.1/bin/java -jar /lab/itti/projects/checkers-competition/server/referee.jar on run_22_vdhankar_ghafeleb #####
INPUT for ghafeleb:
GAME
WHITE
296.23
.b.b.b.b
b.b.....
........
..b.....
.....w..
w.....w.
........
w.w.w.w.
##### Running: /usr/bin/time -o time_22_vdhankar_ghafeleb.txt -f "%U" python3 homework.py > stulog.txt 2>&1 on ghafeleb #####
##### SUCCESS: /usr/bin/time -o time_22_vdhankar_ghafeleb.txt -f "%U" python3 homework.py > stulog.txt 2>&1 on ghafeleb #####
##### ghafeleb plays [E f4 g5] in 0.66s #####
##### Running: /usr/lib/jvm/jdk-14.0.1/bin/java -jar /lab/itti/projects/checkers-competition/server/referee.jar on run_22_vdhankar_ghafeleb #####
Move is valid
##### SUCCESS: /usr/lib/jvm/jdk-14.0.1/bin/java -jar /lab/itti/projects/checkers-competition/server/referee.jar on run_22_vdhankar_ghafeleb #####
INPUT for vdhankar:
GAME
BLACK
155.862602233887
.b.b.b.b
b.b.....
........
..b...w.
........
w.....w.
........
w.w.w.w.
##### Running: /usr/bin/time -o time_22_vdhankar_ghafeleb.txt -f "%U" python3 homework.py > stulog.txt 2>&1 on vdhankar #####
child exited with value 1
##### ERROR: /usr/bin/time -o time_22_vdhankar_ghafeleb.txt -f "%U" python3 homework.py > stulog.txt 2>&1 on vdhankar #####
##### Output of failed program (stdout + stderr): #####
Traceback (most recent call last):
  File "homework.py", line 546, in <module>
    print(end-start)
NameError: name 'end' is not defined
##### End of output of failed program #####
##### vdhankar plays [E c7 d6] in 66.3383979797363s #####
##### Running: /usr/lib/jvm/jdk-14.0.1/bin/java -jar /lab/itti/projects/checkers-competition/server/referee.jar on run_22_vdhankar_ghafeleb #####
Move is valid
##### SUCCESS: /usr/lib/jvm/jdk-14.0.1/bin/java -jar /lab/itti/projects/checkers-competition/server/referee.jar on run_22_vdhankar_ghafeleb #####
INPUT for ghafeleb:
GAME
WHITE
295.57
.b.b.b.b
b.......
...b....
..b...w.
........
w.....w.
........
w.w.w.w.
##### Running: /usr/bin/time -o time_22_vdhankar_ghafeleb.txt -f "%U" python3 homework.py > stulog.txt 2>&1 on ghafeleb #####
##### SUCCESS: /usr/bin/time -o time_22_vdhankar_ghafeleb.txt -f "%U" python3 homework.py > stulog.txt 2>&1 on ghafeleb #####
##### ghafeleb plays [E g3 f4] in 0.67s #####
##### Running: /usr/lib/jvm/jdk-14.0.1/bin/java -jar /lab/itti/projects/checkers-competition/server/referee.jar on run_22_vdhankar_ghafeleb #####
Move is valid
##### SUCCESS: /usr/lib/jvm/jdk-14.0.1/bin/java -jar /lab/itti/projects/checkers-competition/server/referee.jar on run_22_vdhankar_ghafeleb #####
INPUT for vdhankar:
GAME
BLACK
89.5242042541504
.b.b.b.b
b.......
...b....
..b...w.
.....w..
w.......
........
w.w.w.w.
##### Running: /usr/bin/time -o time_22_vdhankar_ghafeleb.txt -f "%U" python3 homework.py > stulog.txt 2>&1 on vdhankar #####
child exited with value 1
##### ERROR: /usr/bin/time -o time_22_vdhankar_ghafeleb.txt -f "%U" python3 homework.py > stulog.txt 2>&1 on vdhankar #####
##### Output of failed program (stdout + stderr): #####
Traceback (most recent call last):
  File "homework.py", line 546, in <module>
    print(end-start)
NameError: name 'end' is not defined
##### End of output of failed program #####
##### vdhankar plays [E c5 d4] in 63.6882739067078s #####
##### Running: /usr/lib/jvm/jdk-14.0.1/bin/java -jar /lab/itti/projects/checkers-competition/server/referee.jar on run_22_vdhankar_ghafeleb #####
Move is valid
##### SUCCESS: /usr/lib/jvm/jdk-14.0.1/bin/java -jar /lab/itti/projects/checkers-competition/server/referee.jar on run_22_vdhankar_ghafeleb #####
INPUT for ghafeleb:
GAME
WHITE
294.9
.b.b.b.b
b.......
...b....
......w.
...b.w..
w.......
........
w.w.w.w.
##### Running: /usr/bin/time -o time_22_vdhankar_ghafeleb.txt -f "%U" python3 homework.py > stulog.txt 2>&1 on ghafeleb #####
##### SUCCESS: /usr/bin/time -o time_22_vdhankar_ghafeleb.txt -f "%U" python3 homework.py > stulog.txt 2>&1 on ghafeleb #####
##### ghafeleb plays [E g5 f6] in 0.7s #####
##### Running: /usr/lib/jvm/jdk-14.0.1/bin/java -jar /lab/itti/projects/checkers-competition/server/referee.jar on run_22_vdhankar_ghafeleb #####
Move is valid
##### SUCCESS: /usr/lib/jvm/jdk-14.0.1/bin/java -jar /lab/itti/projects/checkers-competition/server/referee.jar on run_22_vdhankar_ghafeleb #####
INPUT for vdhankar:
GAME
BLACK
25.8359303474426
.b.b.b.b
b.......
...b.w..
........
...b.w..
w.......
........
w.w.w.w.
##### Running: /usr/bin/time -o time_22_vdhankar_ghafeleb.txt -f "%U" python3 homework.py > stulog.txt 2>&1 on vdhankar #####
child exited with value 1
##### ERROR: /usr/bin/time -o time_22_vdhankar_ghafeleb.txt -f "%U" python3 homework.py > stulog.txt 2>&1 on vdhankar #####
##### Output of failed program (stdout + stderr): #####
Traceback (most recent call last):
  File "homework.py", line 546, in <module>
    print(end-start)
NameError: name 'end' is not defined
##### End of output of failed program #####
##### vdhankar plays [E f8 g7] in 6.39786505699158s #####
##### Running: /usr/lib/jvm/jdk-14.0.1/bin/java -jar /lab/itti/projects/checkers-competition/server/referee.jar on run_22_vdhankar_ghafeleb #####
Move is valid
##### SUCCESS: /usr/lib/jvm/jdk-14.0.1/bin/java -jar /lab/itti/projects/checkers-competition/server/referee.jar on run_22_vdhankar_ghafeleb #####
INPUT for ghafeleb:
GAME
WHITE
294.2
.b.b...b
b.....b.
...b.w..
........
...b.w..
w.......
........
w.w.w.w.
##### Running: /usr/bin/time -o time_22_vdhankar_ghafeleb.txt -f "%U" python3 homework.py > stulog.txt 2>&1 on ghafeleb #####
##### SUCCESS: /usr/bin/time -o time_22_vdhankar_ghafeleb.txt -f "%U" python3 homework.py > stulog.txt 2>&1 on ghafeleb #####
##### ghafeleb plays [E g1 h2] in 0.38s #####
##### Running: /usr/lib/jvm/jdk-14.0.1/bin/java -jar /lab/itti/projects/checkers-competition/server/referee.jar on run_22_vdhankar_ghafeleb #####
Move is valid
##### SUCCESS: /usr/lib/jvm/jdk-14.0.1/bin/java -jar /lab/itti/projects/checkers-competition/server/referee.jar on run_22_vdhankar_ghafeleb #####
INPUT for vdhankar:
GAME
BLACK
19.438065290451
.b.b...b
b.....b.
...b.w..
........
...b.w..
w.......
.......w
w.w.w...
##### Running: /usr/bin/time -o time_22_vdhankar_ghafeleb.txt -f "%U" python3 homework.py > stulog.txt 2>&1 on vdhankar #####
child exited with value 1
##### ERROR: /usr/bin/time -o time_22_vdhankar_ghafeleb.txt -f "%U" python3 homework.py > stulog.txt 2>&1 on vdhankar #####
##### Output of failed program (stdout + stderr): #####
Traceback (most recent call last):
  File "homework.py", line 546, in <module>
    print(end-start)
NameError: name 'end' is not defined
##### End of output of failed program #####
##### vdhankar plays [J g7 e5 ; J e5 g3] in 0.358908891677856s #####
##### Running: /usr/lib/jvm/jdk-14.0.1/bin/java -jar /lab/itti/projects/checkers-competition/server/referee.jar on run_22_vdhankar_ghafeleb #####
Move is valid
##### SUCCESS: /usr/lib/jvm/jdk-14.0.1/bin/java -jar /lab/itti/projects/checkers-competition/server/referee.jar on run_22_vdhankar_ghafeleb #####
INPUT for ghafeleb:
GAME
WHITE
293.82
.b.b...b
b.......
...b....
........
...b....
w.....b.
.......w
w.w.w...
##### Running: /usr/bin/time -o time_22_vdhankar_ghafeleb.txt -f "%U" python3 homework.py > stulog.txt 2>&1 on ghafeleb #####
##### SUCCESS: /usr/bin/time -o time_22_vdhankar_ghafeleb.txt -f "%U" python3 homework.py > stulog.txt 2>&1 on ghafeleb #####
##### ghafeleb plays [J h2 f4] in 0.17s #####
##### Running: /usr/lib/jvm/jdk-14.0.1/bin/java -jar /lab/itti/projects/checkers-competition/server/referee.jar on run_22_vdhankar_ghafeleb #####
Move is valid
##### SUCCESS: /usr/lib/jvm/jdk-14.0.1/bin/java -jar /lab/itti/projects/checkers-competition/server/referee.jar on run_22_vdhankar_ghafeleb #####
INPUT for vdhankar:
GAME
BLACK
19.0791563987732
.b.b...b
b.......
...b....
........
...b.w..
w.......
........
w.w.w...
##### Running: /usr/bin/time -o time_22_vdhankar_ghafeleb.txt -f "%U" python3 homework.py > stulog.txt 2>&1 on vdhankar #####
child exited with value 1
##### ERROR: /usr/bin/time -o time_22_vdhankar_ghafeleb.txt -f "%U" python3 homework.py > stulog.txt 2>&1 on vdhankar #####
##### Output of failed program (stdout + stderr): #####
Traceback (most recent call last):
  File "homework.py", line 546, in <module>
    print(end-start)
NameError: name 'end' is not defined
##### End of output of failed program #####
##### vdhankar plays [E a7 b6] in 0.534286022186279s #####
##### Running: /usr/lib/jvm/jdk-14.0.1/bin/java -jar /lab/itti/projects/checkers-competition/server/referee.jar on run_22_vdhankar_ghafeleb #####
Move is valid
##### SUCCESS: /usr/lib/jvm/jdk-14.0.1/bin/java -jar /lab/itti/projects/checkers-competition/server/referee.jar on run_22_vdhankar_ghafeleb #####
INPUT for ghafeleb:
GAME
WHITE
293.65
.b.b...b
........
.b.b....
........
...b.w..
w.......
........
w.w.w...
##### Running: /usr/bin/time -o time_22_vdhankar_ghafeleb.txt -f "%U" python3 homework.py > stulog.txt 2>&1 on ghafeleb #####
##### SUCCESS: /usr/bin/time -o time_22_vdhankar_ghafeleb.txt -f "%U" python3 homework.py > stulog.txt 2>&1 on ghafeleb #####
##### ghafeleb plays [E a1 b2] in 0.46s #####
##### Running: /usr/lib/jvm/jdk-14.0.1/bin/java -jar /lab/itti/projects/checkers-competition/server/referee.jar on run_22_vdhankar_ghafeleb #####
Move is valid
##### SUCCESS: /usr/lib/jvm/jdk-14.0.1/bin/java -jar /lab/itti/projects/checkers-competition/server/referee.jar on run_22_vdhankar_ghafeleb #####
INPUT for vdhankar:
GAME
BLACK
18.5448703765869
.b.b...b
........
.b.b....
........
...b.w..
w.......
.w......
..w.w...
##### Running: /usr/bin/time -o time_22_vdhankar_ghafeleb.txt -f "%U" python3 homework.py > stulog.txt 2>&1 on vdhankar #####
child exited with value 1
##### ERROR: /usr/bin/time -o time_22_vdhankar_ghafeleb.txt -f "%U" python3 homework.py > stulog.txt 2>&1 on vdhankar #####
##### Output of failed program (stdout + stderr): #####
Traceback (most recent call last):
  File "homework.py", line 546, in <module>
    print(end-start)
NameError: name 'end' is not defined
##### End of output of failed program #####
##### vdhankar plays [E b6 c5] in 0.511582136154175s #####
##### Running: /usr/lib/jvm/jdk-14.0.1/bin/java -jar /lab/itti/projects/checkers-competition/server/referee.jar on run_22_vdhankar_ghafeleb #####
Move is valid
##### SUCCESS: /usr/lib/jvm/jdk-14.0.1/bin/java -jar /lab/itti/projects/checkers-competition/server/referee.jar on run_22_vdhankar_ghafeleb #####
INPUT for ghafeleb:
GAME
WHITE
293.19
.b.b...b
........
...b....
..b.....
...b.w..
w.......
.w......
..w.w...
##### Running: /usr/bin/time -o time_22_vdhankar_ghafeleb.txt -f "%U" python3 homework.py > stulog.txt 2>&1 on ghafeleb #####
##### SUCCESS: /usr/bin/time -o time_22_vdhankar_ghafeleb.txt -f "%U" python3 homework.py > stulog.txt 2>&1 on ghafeleb #####
##### ghafeleb plays [E c1 d2] in 0.33s #####
##### Running: /usr/lib/jvm/jdk-14.0.1/bin/java -jar /lab/itti/projects/checkers-competition/server/referee.jar on run_22_vdhankar_ghafeleb #####
Move is valid
##### SUCCESS: /usr/lib/jvm/jdk-14.0.1/bin/java -jar /lab/itti/projects/checkers-competition/server/referee.jar on run_22_vdhankar_ghafeleb #####
INPUT for vdhankar:
GAME
BLACK
18.0332882404327
.b.b...b
........
...b....
..b.....
...b.w..
w.......
.w.w....
....w...
##### Running: /usr/bin/time -o time_22_vdhankar_ghafeleb.txt -f "%U" python3 homework.py > stulog.txt 2>&1 on vdhankar #####
child exited with value 1
##### ERROR: /usr/bin/time -o time_22_vdhankar_ghafeleb.txt -f "%U" python3 homework.py > stulog.txt 2>&1 on vdhankar #####
##### Output of failed program (stdout + stderr): #####
Traceback (most recent call last):
  File "homework.py", line 546, in <module>
    print(end-start)
NameError: name 'end' is not defined
##### End of output of failed program #####
##### vdhankar plays [E d4 e3] in 0.446529865264893s #####
##### Running: /usr/lib/jvm/jdk-14.0.1/bin/java -jar /lab/itti/projects/checkers-competition/server/referee.jar on run_22_vdhankar_ghafeleb #####
Move is valid
##### SUCCESS: /usr/lib/jvm/jdk-14.0.1/bin/java -jar /lab/itti/projects/checkers-competition/server/referee.jar on run_22_vdhankar_ghafeleb #####
INPUT for ghafeleb:
GAME
WHITE
292.86
.b.b...b
........
...b....
..b.....
.....w..
w...b...
.w.w....
....w...
##### Running: /usr/bin/time -o time_22_vdhankar_ghafeleb.txt -f "%U" python3 homework.py > stulog.txt 2>&1 on ghafeleb #####
##### SUCCESS: /usr/bin/time -o time_22_vdhankar_ghafeleb.txt -f "%U" python3 homework.py > stulog.txt 2>&1 on ghafeleb #####
##### ghafeleb plays [E d2 c3] in 0.3s #####
##### Running: /usr/lib/jvm/jdk-14.0.1/bin/java -jar /lab/itti/projects/checkers-competition/server/referee.jar on run_22_vdhankar_ghafeleb #####
Move is valid
##### SUCCESS: /usr/lib/jvm/jdk-14.0.1/bin/java -jar /lab/itti/projects/checkers-competition/server/referee.jar on run_22_vdhankar_ghafeleb #####
INPUT for vdhankar:
GAME
BLACK
17.5867583751678
.b.b...b
........
...b....
..b.....
.....w..
w.w.b...
.w......
....w...
##### Running: /usr/bin/time -o time_22_vdhankar_ghafeleb.txt -f "%U" python3 homework.py > stulog.txt 2>&1 on vdhankar #####
child exited with value 1
##### ERROR: /usr/bin/time -o time_22_vdhankar_ghafeleb.txt -f "%U" python3 homework.py > stulog.txt 2>&1 on vdhankar #####
##### Output of failed program (stdout + stderr): #####
Traceback (most recent call last):
  File "homework.py", line 546, in <module>
    print(end-start)
NameError: name 'end' is not defined
##### End of output of failed program #####
##### vdhankar plays [E e3 d2] in 0.518419027328491s #####
##### Running: /usr/lib/jvm/jdk-14.0.1/bin/java -jar /lab/itti/projects/checkers-competition/server/referee.jar on run_22_vdhankar_ghafeleb #####
Move is valid
##### SUCCESS: /usr/lib/jvm/jdk-14.0.1/bin/java -jar /lab/itti/projects/checkers-competition/server/referee.jar on run_22_vdhankar_ghafeleb #####
INPUT for ghafeleb:
GAME
WHITE
292.56
.b.b...b
........
...b....
..b.....
.....w..
w.w.....
.w.b....
....w...
##### Running: /usr/bin/time -o time_22_vdhankar_ghafeleb.txt -f "%U" python3 homework.py > stulog.txt 2>&1 on ghafeleb #####
##### SUCCESS: /usr/bin/time -o time_22_vdhankar_ghafeleb.txt -f "%U" python3 homework.py > stulog.txt 2>&1 on ghafeleb #####
##### ghafeleb plays [E c3 d4] in 0.27s #####
##### Running: /usr/lib/jvm/jdk-14.0.1/bin/java -jar /lab/itti/projects/checkers-competition/server/referee.jar on run_22_vdhankar_ghafeleb #####
Move is valid
##### SUCCESS: /usr/lib/jvm/jdk-14.0.1/bin/java -jar /lab/itti/projects/checkers-competition/server/referee.jar on run_22_vdhankar_ghafeleb #####
INPUT for vdhankar:
GAME
BLACK
17.0683393478394
.b.b...b
........
...b....
..b.....
...w.w..
w.......
.w.b....
....w...
##### Running: /usr/bin/time -o time_22_vdhankar_ghafeleb.txt -f "%U" python3 homework.py > stulog.txt 2>&1 on vdhankar #####
child exited with value 1
##### ERROR: /usr/bin/time -o time_22_vdhankar_ghafeleb.txt -f "%U" python3 homework.py > stulog.txt 2>&1 on vdhankar #####
##### Output of failed program (stdout + stderr): #####
Traceback (most recent call last):
  File "homework.py", line 546, in <module>
    print(end-start)
NameError: name 'end' is not defined
##### End of output of failed program #####
##### vdhankar plays [J c5 e3] in 0.352303028106689s #####
##### Running: /usr/lib/jvm/jdk-14.0.1/bin/java -jar /lab/itti/projects/checkers-competition/server/referee.jar on run_22_vdhankar_ghafeleb #####
Move is valid
##### SUCCESS: /usr/lib/jvm/jdk-14.0.1/bin/java -jar /lab/itti/projects/checkers-competition/server/referee.jar on run_22_vdhankar_ghafeleb #####
INPUT for ghafeleb:
GAME
WHITE
292.29
.b.b...b
........
...b....
........
.....w..
w...b...
.w.b....
....w...
##### Running: /usr/bin/time -o time_22_vdhankar_ghafeleb.txt -f "%U" python3 homework.py > stulog.txt 2>&1 on ghafeleb #####
##### SUCCESS: /usr/bin/time -o time_22_vdhankar_ghafeleb.txt -f "%U" python3 homework.py > stulog.txt 2>&1 on ghafeleb #####
##### ghafeleb plays [J e1 c3] in 0.15s #####
##### Running: /usr/lib/jvm/jdk-14.0.1/bin/java -jar /lab/itti/projects/checkers-competition/server/referee.jar on run_22_vdhankar_ghafeleb #####
Move is valid
##### SUCCESS: /usr/lib/jvm/jdk-14.0.1/bin/java -jar /lab/itti/projects/checkers-competition/server/referee.jar on run_22_vdhankar_ghafeleb #####
INPUT for vdhankar:
GAME
BLACK
16.7160363197327
.b.b...b
........
...b....
........
.....w..
w.w.b...
.w......
........
##### Running: /usr/bin/time -o time_22_vdhankar_ghafeleb.txt -f "%U" python3 homework.py > stulog.txt 2>&1 on vdhankar #####
child exited with value 1
##### ERROR: /usr/bin/time -o time_22_vdhankar_ghafeleb.txt -f "%U" python3 homework.py > stulog.txt 2>&1 on vdhankar #####
##### Output of failed program (stdout + stderr): #####
Traceback (most recent call last):
  File "homework.py", line 546, in <module>
    print(end-start)
NameError: name 'end' is not defined
##### End of output of failed program #####
##### vdhankar plays [E e3 d2] in 0.513573884963989s #####
##### Running: /usr/lib/jvm/jdk-14.0.1/bin/java -jar /lab/itti/projects/checkers-competition/server/referee.jar on run_22_vdhankar_ghafeleb #####
Move is valid
##### SUCCESS: /usr/lib/jvm/jdk-14.0.1/bin/java -jar /lab/itti/projects/checkers-competition/server/referee.jar on run_22_vdhankar_ghafeleb #####
INPUT for ghafeleb:
GAME
WHITE
292.14
.b.b...b
........
...b....
........
.....w..
w.w.....
.w.b....
........
##### Running: /usr/bin/time -o time_22_vdhankar_ghafeleb.txt -f "%U" python3 homework.py > stulog.txt 2>&1 on ghafeleb #####
##### SUCCESS: /usr/bin/time -o time_22_vdhankar_ghafeleb.txt -f "%U" python3 homework.py > stulog.txt 2>&1 on ghafeleb #####
##### ghafeleb plays [E a3 b4] in 0.29s #####
##### Running: /usr/lib/jvm/jdk-14.0.1/bin/java -jar /lab/itti/projects/checkers-competition/server/referee.jar on run_22_vdhankar_ghafeleb #####
Move is valid
##### SUCCESS: /usr/lib/jvm/jdk-14.0.1/bin/java -jar /lab/itti/projects/checkers-competition/server/referee.jar on run_22_vdhankar_ghafeleb #####
INPUT for vdhankar:
GAME
BLACK
16.2024624347687
.b.b...b
........
...b....
........
.w...w..
..w.....
.w.b....
........
##### Running: /usr/bin/time -o time_22_vdhankar_ghafeleb.txt -f "%U" python3 homework.py > stulog.txt 2>&1 on vdhankar #####
child exited with value 1
##### ERROR: /usr/bin/time -o time_22_vdhankar_ghafeleb.txt -f "%U" python3 homework.py > stulog.txt 2>&1 on vdhankar #####
##### Output of failed program (stdout + stderr): #####
Traceback (most recent call last):
  File "homework.py", line 546, in <module>
    print(end-start)
NameError: name 'end' is not defined
##### End of output of failed program #####
##### vdhankar plays [E d2 c1] in 0.447874069213867s #####
##### Running: /usr/lib/jvm/jdk-14.0.1/bin/java -jar /lab/itti/projects/checkers-competition/server/referee.jar on run_22_vdhankar_ghafeleb #####
Move is valid
##### SUCCESS: /usr/lib/jvm/jdk-14.0.1/bin/java -jar /lab/itti/projects/checkers-competition/server/referee.jar on run_22_vdhankar_ghafeleb #####
INPUT for ghafeleb:
GAME
WHITE
291.85
.b.b...b
........
...b....
........
.w...w..
..w.....
.w......
..B.....
##### Running: /usr/bin/time -o time_22_vdhankar_ghafeleb.txt -f "%U" python3 homework.py > stulog.txt 2>&1 on ghafeleb #####
##### SUCCESS: /usr/bin/time -o time_22_vdhankar_ghafeleb.txt -f "%U" python3 homework.py > stulog.txt 2>&1 on ghafeleb #####
##### ghafeleb plays [E b2 a3] in 0.23s #####
##### Running: /usr/lib/jvm/jdk-14.0.1/bin/java -jar /lab/itti/projects/checkers-competition/server/referee.jar on run_22_vdhankar_ghafeleb #####
Move is valid
##### SUCCESS: /usr/lib/jvm/jdk-14.0.1/bin/java -jar /lab/itti/projects/checkers-competition/server/referee.jar on run_22_vdhankar_ghafeleb #####
INPUT for vdhankar:
GAME
BLACK
15.7545883655548
.b.b...b
........
...b....
........
.w...w..
w.w.....
........
..B.....
##### Running: /usr/bin/time -o time_22_vdhankar_ghafeleb.txt -f "%U" python3 homework.py > stulog.txt 2>&1 on vdhankar #####
child exited with value 1
##### ERROR: /usr/bin/time -o time_22_vdhankar_ghafeleb.txt -f "%U" python3 homework.py > stulog.txt 2>&1 on vdhankar #####
##### Output of failed program (stdout + stderr): #####
Traceback (most recent call last):
  File "homework.py", line 546, in <module>
    print(end-start)
NameError: name 'end' is not defined
##### End of output of failed program #####
##### vdhankar plays [E c1 b2] in 0.480096101760864s #####
##### Running: /usr/lib/jvm/jdk-14.0.1/bin/java -jar /lab/itti/projects/checkers-competition/server/referee.jar on run_22_vdhankar_ghafeleb #####
Move is valid
##### SUCCESS: /usr/lib/jvm/jdk-14.0.1/bin/java -jar /lab/itti/projects/checkers-competition/server/referee.jar on run_22_vdhankar_ghafeleb #####
INPUT for ghafeleb:
GAME
WHITE
291.62
.b.b...b
........
...b....
........
.w...w..
w.w.....
.B......
........
##### Running: /usr/bin/time -o time_22_vdhankar_ghafeleb.txt -f "%U" python3 homework.py > stulog.txt 2>&1 on ghafeleb #####
##### SUCCESS: /usr/bin/time -o time_22_vdhankar_ghafeleb.txt -f "%U" python3 homework.py > stulog.txt 2>&1 on ghafeleb #####
##### ghafeleb plays [E c3 d4] in 0.2s #####
##### Running: /usr/lib/jvm/jdk-14.0.1/bin/java -jar /lab/itti/projects/checkers-competition/server/referee.jar on run_22_vdhankar_ghafeleb #####
Move is valid
##### SUCCESS: /usr/lib/jvm/jdk-14.0.1/bin/java -jar /lab/itti/projects/checkers-competition/server/referee.jar on run_22_vdhankar_ghafeleb #####
INPUT for vdhankar:
GAME
BLACK
15.2744922637939
.b.b...b
........
...b....
........
.w.w.w..
w.......
.B......
........
##### Running: /usr/bin/time -o time_22_vdhankar_ghafeleb.txt -f "%U" python3 homework.py > stulog.txt 2>&1 on vdhankar #####
child exited with value 1
##### ERROR: /usr/bin/time -o time_22_vdhankar_ghafeleb.txt -f "%U" python3 homework.py > stulog.txt 2>&1 on vdhankar #####
##### Output of failed program (stdout + stderr): #####
Traceback (most recent call last):
  File "homework.py", line 546, in <module>
    print(end-start)
NameError: name 'end' is not defined
##### End of output of failed program #####
##### vdhankar plays [E b2 c3] in 0.446058988571167s #####
##### Running: /usr/lib/jvm/jdk-14.0.1/bin/java -jar /lab/itti/projects/checkers-competition/server/referee.jar on run_22_vdhankar_ghafeleb #####
Move is valid
##### SUCCESS: /usr/lib/jvm/jdk-14.0.1/bin/java -jar /lab/itti/projects/checkers-competition/server/referee.jar on run_22_vdhankar_ghafeleb #####
INPUT for ghafeleb:
GAME
WHITE
291.42
.b.b...b
........
...b....
........
.w.w.w..
w.B.....
........
........
##### Running: /usr/bin/time -o time_22_vdhankar_ghafeleb.txt -f "%U" python3 homework.py > stulog.txt 2>&1 on ghafeleb #####
##### SUCCESS: /usr/bin/time -o time_22_vdhankar_ghafeleb.txt -f "%U" python3 homework.py > stulog.txt 2>&1 on ghafeleb #####
##### ghafeleb plays [E d4 c5] in 0.21s #####
##### Running: /usr/lib/jvm/jdk-14.0.1/bin/java -jar /lab/itti/projects/checkers-competition/server/referee.jar on run_22_vdhankar_ghafeleb #####
Move is valid
##### SUCCESS: /usr/lib/jvm/jdk-14.0.1/bin/java -jar /lab/itti/projects/checkers-competition/server/referee.jar on run_22_vdhankar_ghafeleb #####
INPUT for vdhankar:
GAME
BLACK
14.8284332752228
.b.b...b
........
...b....
..w.....
.w...w..
w.B.....
........
........
##### Running: /usr/bin/time -o time_22_vdhankar_ghafeleb.txt -f "%U" python3 homework.py > stulog.txt 2>&1 on vdhankar #####
child exited with value 1
##### ERROR: /usr/bin/time -o time_22_vdhankar_ghafeleb.txt -f "%U" python3 homework.py > stulog.txt 2>&1 on vdhankar #####
##### Output of failed program (stdout + stderr): #####
Traceback (most recent call last):
  File "homework.py", line 546, in <module>
    print(end-start)
NameError: name 'end' is not defined
##### End of output of failed program #####
##### vdhankar plays [J c3 a5] in 0.330849885940552s #####
##### Running: /usr/lib/jvm/jdk-14.0.1/bin/java -jar /lab/itti/projects/checkers-competition/server/referee.jar on run_22_vdhankar_ghafeleb #####
Move is valid
##### SUCCESS: /usr/lib/jvm/jdk-14.0.1/bin/java -jar /lab/itti/projects/checkers-competition/server/referee.jar on run_22_vdhankar_ghafeleb #####
INPUT for ghafeleb:
GAME
WHITE
291.21
.b.b...b
........
...b....
B.w.....
.....w..
w.......
........
........
##### Running: /usr/bin/time -o time_22_vdhankar_ghafeleb.txt -f "%U" python3 homework.py > stulog.txt 2>&1 on ghafeleb #####
##### SUCCESS: /usr/bin/time -o time_22_vdhankar_ghafeleb.txt -f "%U" python3 homework.py > stulog.txt 2>&1 on ghafeleb #####
##### ghafeleb plays [J c5 e7] in 0.09s #####
##### Running: /usr/lib/jvm/jdk-14.0.1/bin/java -jar /lab/itti/projects/checkers-competition/server/referee.jar on run_22_vdhankar_ghafeleb #####
Move is valid
##### SUCCESS: /usr/lib/jvm/jdk-14.0.1/bin/java -jar /lab/itti/projects/checkers-competition/server/referee.jar on run_22_vdhankar_ghafeleb #####
INPUT for vdhankar:
GAME
BLACK
14.4975833892822
.b.b...b
....w...
........
B.......
.....w..
w.......
........
........
##### Running: /usr/bin/time -o time_22_vdhankar_ghafeleb.txt -f "%U" python3 homework.py > stulog.txt 2>&1 on vdhankar #####
child exited with value 1
##### ERROR: /usr/bin/time -o time_22_vdhankar_ghafeleb.txt -f "%U" python3 homework.py > stulog.txt 2>&1 on vdhankar #####
##### Output of failed program (stdout + stderr): #####
Traceback (most recent call last):
  File "homework.py", line 546, in <module>
    print(end-start)
NameError: name 'end' is not defined
##### End of output of failed program #####
##### vdhankar plays [J d8 f6] in 0.352552890777588s #####
##### Running: /usr/lib/jvm/jdk-14.0.1/bin/java -jar /lab/itti/projects/checkers-competition/server/referee.jar on run_22_vdhankar_ghafeleb #####
Move is valid
##### SUCCESS: /usr/lib/jvm/jdk-14.0.1/bin/java -jar /lab/itti/projects/checkers-competition/server/referee.jar on run_22_vdhankar_ghafeleb #####
INPUT for ghafeleb:
GAME
WHITE
291.12
.b.....b
........
.....b..
B.......
.....w..
w.......
........
........
##### Running: /usr/bin/time -o time_22_vdhankar_ghafeleb.txt -f "%U" python3 homework.py > stulog.txt 2>&1 on ghafeleb #####
##### SUCCESS: /usr/bin/time -o time_22_vdhankar_ghafeleb.txt -f "%U" python3 homework.py > stulog.txt 2>&1 on ghafeleb #####
##### ghafeleb plays [E a3 b4] in 0.1s #####
##### Running: /usr/lib/jvm/jdk-14.0.1/bin/java -jar /lab/itti/projects/checkers-competition/server/referee.jar on run_22_vdhankar_ghafeleb #####
Move is valid
##### SUCCESS: /usr/lib/jvm/jdk-14.0.1/bin/java -jar /lab/itti/projects/checkers-competition/server/referee.jar on run_22_vdhankar_ghafeleb #####
INPUT for vdhankar:
GAME
BLACK
14.1450304985046
.b.....b
........
.....b..
B.......
.w...w..
........
........
........
##### Running: /usr/bin/time -o time_22_vdhankar_ghafeleb.txt -f "%U" python3 homework.py > stulog.txt 2>&1 on vdhankar #####
child exited with value 1
##### ERROR: /usr/bin/time -o time_22_vdhankar_ghafeleb.txt -f "%U" python3 homework.py > stulog.txt 2>&1 on vdhankar #####
##### Output of failed program (stdout + stderr): #####
Traceback (most recent call last):
  File "homework.py", line 546, in <module>
    print(end-start)
NameError: name 'end' is not defined
##### End of output of failed program #####
##### vdhankar plays [J a5 c3] in 0.33794379234314s #####
##### Running: /usr/lib/jvm/jdk-14.0.1/bin/java -jar /lab/itti/projects/checkers-competition/server/referee.jar on run_22_vdhankar_ghafeleb #####
Move is valid
##### SUCCESS: /usr/lib/jvm/jdk-14.0.1/bin/java -jar /lab/itti/projects/checkers-competition/server/referee.jar on run_22_vdhankar_ghafeleb #####
INPUT for ghafeleb:
GAME
WHITE
291.02
.b.....b
........
.....b..
........
.....w..
..B.....
........
........
##### Running: /usr/bin/time -o time_22_vdhankar_ghafeleb.txt -f "%U" python3 homework.py > stulog.txt 2>&1 on ghafeleb #####
##### SUCCESS: /usr/bin/time -o time_22_vdhankar_ghafeleb.txt -f "%U" python3 homework.py > stulog.txt 2>&1 on ghafeleb #####
##### ghafeleb plays [E f4 g5] in 0.08s #####
##### Running: /usr/lib/jvm/jdk-14.0.1/bin/java -jar /lab/itti/projects/checkers-competition/server/referee.jar on run_22_vdhankar_ghafeleb #####
Move is valid
##### SUCCESS: /usr/lib/jvm/jdk-14.0.1/bin/java -jar /lab/itti/projects/checkers-competition/server/referee.jar on run_22_vdhankar_ghafeleb #####
INPUT for vdhankar:
GAME
BLACK
13.8070867061615
.b.....b
........
.....b..
......w.
........
..B.....
........
........
##### Running: /usr/bin/time -o time_22_vdhankar_ghafeleb.txt -f "%U" python3 homework.py > stulog.txt 2>&1 on vdhankar #####
child exited with value 1
##### ERROR: /usr/bin/time -o time_22_vdhankar_ghafeleb.txt -f "%U" python3 homework.py > stulog.txt 2>&1 on vdhankar #####
##### Output of failed program (stdout + stderr): #####
Traceback (most recent call last):
  File "homework.py", line 546, in <module>
    print(end-start)
NameError: name 'end' is not defined
##### End of output of failed program #####
##### vdhankar plays [J f6 h4] in 0.307307004928589s #####
##### Running: /usr/lib/jvm/jdk-14.0.1/bin/java -jar /lab/itti/projects/checkers-competition/server/referee.jar on run_22_vdhankar_ghafeleb #####
Move is valid
After this move, player WHITE cannot make any moves
*** Winner: BLACK ***
##### SUCCESS: /usr/lib/jvm/jdk-14.0.1/bin/java -jar /lab/itti/projects/checkers-competition/server/referee.jar on run_22_vdhankar_ghafeleb #####
##### GAME OVER: vdhankar wins the game! #####
Server said: WIN
########## ROUND 22 GAMESCORE AFTER GAME 2: vdhankar=1 and ghafeleb=1 ##########
#################### ROUND 22: vdhankar (W) vs ghafeleb (B): game 3 ####################
##### game start! #####
INPUT for ghafeleb:
GAME
BLACK
300
.b.b.b.b
b.b.b.b.
.b.b.b.b
........
........
w.w.w.w.
.w.w.w.w
w.w.w.w.
##### Running: /usr/bin/time -o time_22_vdhankar_ghafeleb.txt -f "%U" python3 homework.py > stulog.txt 2>&1 on ghafeleb #####
##### SUCCESS: /usr/bin/time -o time_22_vdhankar_ghafeleb.txt -f "%U" python3 homework.py > stulog.txt 2>&1 on ghafeleb #####
##### ghafeleb plays [E b6 c5] in 0.84s #####
##### Running: /usr/lib/jvm/jdk-14.0.1/bin/java -jar /lab/itti/projects/checkers-competition/server/referee.jar on run_22_vdhankar_ghafeleb #####
Move is valid
Couldn't read file 'current_ply.txt'
Couldn't read content from file 'current_ply.txt'
Couldn't read file 'lastmatchange_ply.txt'
Couldn't read content from file 'lastmatchange_ply.txt'
##### SUCCESS: /usr/lib/jvm/jdk-14.0.1/bin/java -jar /lab/itti/projects/checkers-competition/server/referee.jar on run_22_vdhankar_ghafeleb #####
INPUT for vdhankar:
GAME
WHITE
300
.b.b.b.b
b.b.b.b.
...b.b.b
..b.....
........
w.w.w.w.
.w.w.w.w
w.w.w.w.
##### Running: /usr/bin/time -o time_22_vdhankar_ghafeleb.txt -f "%U" python3 homework.py > stulog.txt 2>&1 on vdhankar #####
child exited with value 1
##### ERROR: /usr/bin/time -o time_22_vdhankar_ghafeleb.txt -f "%U" python3 homework.py > stulog.txt 2>&1 on vdhankar #####
##### Output of failed program (stdout + stderr): #####
Traceback (most recent call last):
  File "homework.py", line 546, in <module>
    print(end-start)
NameError: name 'end' is not defined
##### End of output of failed program #####
##### vdhankar plays [E g3 h4] in 9.49661493301392s #####
##### Running: /usr/lib/jvm/jdk-14.0.1/bin/java -jar /lab/itti/projects/checkers-competition/server/referee.jar on run_22_vdhankar_ghafeleb #####
Move is valid
##### SUCCESS: /usr/lib/jvm/jdk-14.0.1/bin/java -jar /lab/itti/projects/checkers-competition/server/referee.jar on run_22_vdhankar_ghafeleb #####
INPUT for ghafeleb:
GAME
BLACK
299.16
.b.b.b.b
b.b.b.b.
...b.b.b
..b.....
.......w
w.w.w...
.w.w.w.w
w.w.w.w.
##### Running: /usr/bin/time -o time_22_vdhankar_ghafeleb.txt -f "%U" python3 homework.py > stulog.txt 2>&1 on ghafeleb #####
##### SUCCESS: /usr/bin/time -o time_22_vdhankar_ghafeleb.txt -f "%U" python3 homework.py > stulog.txt 2>&1 on ghafeleb #####
##### ghafeleb plays [E f6 e5] in 1.17s #####
##### Running: /usr/lib/jvm/jdk-14.0.1/bin/java -jar /lab/itti/projects/checkers-competition/server/referee.jar on run_22_vdhankar_ghafeleb #####
Move is valid
##### SUCCESS: /usr/lib/jvm/jdk-14.0.1/bin/java -jar /lab/itti/projects/checkers-competition/server/referee.jar on run_22_vdhankar_ghafeleb #####
INPUT for vdhankar:
GAME
WHITE
290.503385066986
.b.b.b.b
b.b.b.b.
...b...b
..b.b...
.......w
w.w.w...
.w.w.w.w
w.w.w.w.
##### Running: /usr/bin/time -o time_22_vdhankar_ghafeleb.txt -f "%U" python3 homework.py > stulog.txt 2>&1 on vdhankar #####
child exited with value 1
##### ERROR: /usr/bin/time -o time_22_vdhankar_ghafeleb.txt -f "%U" python3 homework.py > stulog.txt 2>&1 on vdhankar #####
##### Output of failed program (stdout + stderr): #####
Traceback (most recent call last):
  File "homework.py", line 546, in <module>
    print(end-start)
NameError: name 'end' is not defined
##### End of output of failed program #####
##### vdhankar plays [E e3 d4] in 7.57692217826843s #####
##### Running: /usr/lib/jvm/jdk-14.0.1/bin/java -jar /lab/itti/projects/checkers-competition/server/referee.jar on run_22_vdhankar_ghafeleb #####
Move is valid
##### SUCCESS: /usr/lib/jvm/jdk-14.0.1/bin/java -jar /lab/itti/projects/checkers-competition/server/referee.jar on run_22_vdhankar_ghafeleb #####
INPUT for ghafeleb:
GAME
BLACK
297.99
.b.b.b.b
b.b.b.b.
...b...b
..b.b...
...w...w
w.w.....
.w.w.w.w
w.w.w.w.
##### Running: /usr/bin/time -o time_22_vdhankar_ghafeleb.txt -f "%U" python3 homework.py > stulog.txt 2>&1 on ghafeleb #####
##### SUCCESS: /usr/bin/time -o time_22_vdhankar_ghafeleb.txt -f "%U" python3 homework.py > stulog.txt 2>&1 on ghafeleb #####
##### ghafeleb plays [J c5 e3] in 0.23s #####
##### Running: /usr/lib/jvm/jdk-14.0.1/bin/java -jar /lab/itti/projects/checkers-competition/server/referee.jar on run_22_vdhankar_ghafeleb #####
Move is valid
##### SUCCESS: /usr/lib/jvm/jdk-14.0.1/bin/java -jar /lab/itti/projects/checkers-competition/server/referee.jar on run_22_vdhankar_ghafeleb #####
INPUT for vdhankar:
GAME
WHITE
282.926462888718
.b.b.b.b
b.b.b.b.
...b...b
....b...
.......w
w.w.b...
.w.w.w.w
w.w.w.w.
##### Running: /usr/bin/time -o time_22_vdhankar_ghafeleb.txt -f "%U" python3 homework.py > stulog.txt 2>&1 on vdhankar #####
child exited with value 1
##### ERROR: /usr/bin/time -o time_22_vdhankar_ghafeleb.txt -f "%U" python3 homework.py > stulog.txt 2>&1 on vdhankar #####
##### Output of failed program (stdout + stderr): #####
Traceback (most recent call last):
  File "homework.py", line 546, in <module>
    print(end-start)
NameError: name 'end' is not defined
##### End of output of failed program #####
##### vdhankar plays [J f2 d4 ; J d4 f6] in 4.49649095535278s #####
##### Running: /usr/lib/jvm/jdk-14.0.1/bin/java -jar /lab/itti/projects/checkers-competition/server/referee.jar on run_22_vdhankar_ghafeleb #####
Move is valid
##### SUCCESS: /usr/lib/jvm/jdk-14.0.1/bin/java -jar /lab/itti/projects/checkers-competition/server/referee.jar on run_22_vdhankar_ghafeleb #####
INPUT for ghafeleb:
GAME
BLACK
297.76
.b.b.b.b
b.b.b.b.
...b.w.b
........
.......w
w.w.....
.w.w...w
w.w.w.w.
##### Running: /usr/bin/time -o time_22_vdhankar_ghafeleb.txt -f "%U" python3 homework.py > stulog.txt 2>&1 on ghafeleb #####
##### SUCCESS: /usr/bin/time -o time_22_vdhankar_ghafeleb.txt -f "%U" python3 homework.py > stulog.txt 2>&1 on ghafeleb #####
##### ghafeleb plays [J e7 g5] in 0.21s #####
##### Running: /usr/lib/jvm/jdk-14.0.1/bin/java -jar /lab/itti/projects/checkers-competition/server/referee.jar on run_22_vdhankar_ghafeleb #####
Move is valid
##### SUCCESS: /usr/lib/jvm/jdk-14.0.1/bin/java -jar /lab/itti/projects/checkers-competition/server/referee.jar on run_22_vdhankar_ghafeleb #####
INPUT for vdhankar:
GAME
WHITE
278.429971933365
.b.b.b.b
b.b...b.
...b...b
......b.
.......w
w.w.....
.w.w...w
w.w.w.w.
##### Running: /usr/bin/time -o time_22_vdhankar_ghafeleb.txt -f "%U" python3 homework.py > stulog.txt 2>&1 on vdhankar #####
child exited with value 1
##### ERROR: /usr/bin/time -o time_22_vdhankar_ghafeleb.txt -f "%U" python3 homework.py > stulog.txt 2>&1 on vdhankar #####
##### Output of failed program (stdout + stderr): #####
Traceback (most recent call last):
  File "homework.py", line 546, in <module>
    print(end-start)
NameError: name 'end' is not defined
##### End of output of failed program #####
##### vdhankar plays [J h4 f6] in 3.55348014831543s #####
##### Running: /usr/lib/jvm/jdk-14.0.1/bin/java -jar /lab/itti/projects/checkers-competition/server/referee.jar on run_22_vdhankar_ghafeleb #####
Move is valid
##### SUCCESS: /usr/lib/jvm/jdk-14.0.1/bin/java -jar /lab/itti/projects/checkers-competition/server/referee.jar on run_22_vdhankar_ghafeleb #####
INPUT for ghafeleb:
GAME
BLACK
297.55
.b.b.b.b
b.b...b.
...b.w.b
........
........
w.w.....
.w.w...w
w.w.w.w.
##### Running: /usr/bin/time -o time_22_vdhankar_ghafeleb.txt -f "%U" python3 homework.py > stulog.txt 2>&1 on ghafeleb #####
##### SUCCESS: /usr/bin/time -o time_22_vdhankar_ghafeleb.txt -f "%U" python3 homework.py > stulog.txt 2>&1 on ghafeleb #####
##### ghafeleb plays [J g7 e5] in 0.25s #####
##### Running: /usr/lib/jvm/jdk-14.0.1/bin/java -jar /lab/itti/projects/checkers-competition/server/referee.jar on run_22_vdhankar_ghafeleb #####
Move is valid
##### SUCCESS: /usr/lib/jvm/jdk-14.0.1/bin/java -jar /lab/itti/projects/checkers-competition/server/referee.jar on run_22_vdhankar_ghafeleb #####
INPUT for vdhankar:
GAME
WHITE
274.876491785049
.b.b.b.b
b.b.....
...b...b
....b...
........
w.w.....
.w.w...w
w.w.w.w.
##### Running: /usr/bin/time -o time_22_vdhankar_ghafeleb.txt -f "%U" python3 homework.py > stulog.txt 2>&1 on vdhankar #####
child exited with value 1
##### ERROR: /usr/bin/time -o time_22_vdhankar_ghafeleb.txt -f "%U" python3 homework.py > stulog.txt 2>&1 on vdhankar #####
##### Output of failed program (stdout + stderr): #####
Traceback (most recent call last):
  File "homework.py", line 546, in <module>
    print(end-start)
NameError: name 'end' is not defined
##### End of output of failed program #####
##### vdhankar plays [E g1 f2] in 38.9730789661407s #####
##### Running: /usr/lib/jvm/jdk-14.0.1/bin/java -jar /lab/itti/projects/checkers-competition/server/referee.jar on run_22_vdhankar_ghafeleb #####
Move is valid
##### SUCCESS: /usr/lib/jvm/jdk-14.0.1/bin/java -jar /lab/itti/projects/checkers-competition/server/referee.jar on run_22_vdhankar_ghafeleb #####
INPUT for ghafeleb:
GAME
BLACK
297.3
.b.b.b.b
b.b.....
...b...b
....b...
........
w.w.....
.w.w.w.w
w.w.w...
##### Running: /usr/bin/time -o time_22_vdhankar_ghafeleb.txt -f "%U" python3 homework.py > stulog.txt 2>&1 on ghafeleb #####
##### SUCCESS: /usr/bin/time -o time_22_vdhankar_ghafeleb.txt -f "%U" python3 homework.py > stulog.txt 2>&1 on ghafeleb #####
##### ghafeleb plays [E e5 d4] in 0.96s #####
##### Running: /usr/lib/jvm/jdk-14.0.1/bin/java -jar /lab/itti/projects/checkers-competition/server/referee.jar on run_22_vdhankar_ghafeleb #####
Move is valid
##### SUCCESS: /usr/lib/jvm/jdk-14.0.1/bin/java -jar /lab/itti/projects/checkers-competition/server/referee.jar on run_22_vdhankar_ghafeleb #####
INPUT for vdhankar:
GAME
WHITE
235.903412818909
.b.b.b.b
b.b.....
...b...b
........
...b....
w.w.....
.w.w.w.w
w.w.w...
##### Running: /usr/bin/time -o time_22_vdhankar_ghafeleb.txt -f "%U" python3 homework.py > stulog.txt 2>&1 on vdhankar #####
child exited with value 1
##### ERROR: /usr/bin/time -o time_22_vdhankar_ghafeleb.txt -f "%U" python3 homework.py > stulog.txt 2>&1 on vdhankar #####
##### Output of failed program (stdout + stderr): #####
Traceback (most recent call last):
  File "homework.py", line 546, in <module>
    print(end-start)
NameError: name 'end' is not defined
##### End of output of failed program #####
##### vdhankar plays [J c3 e5] in 5.56846594810486s #####
##### Running: /usr/lib/jvm/jdk-14.0.1/bin/java -jar /lab/itti/projects/checkers-competition/server/referee.jar on run_22_vdhankar_ghafeleb #####
Move is valid
##### SUCCESS: /usr/lib/jvm/jdk-14.0.1/bin/java -jar /lab/itti/projects/checkers-competition/server/referee.jar on run_22_vdhankar_ghafeleb #####
INPUT for ghafeleb:
GAME
BLACK
296.34
.b.b.b.b
b.b.....
...b...b
....w...
........
w.......
.w.w.w.w
w.w.w...
##### Running: /usr/bin/time -o time_22_vdhankar_ghafeleb.txt -f "%U" python3 homework.py > stulog.txt 2>&1 on ghafeleb #####
##### SUCCESS: /usr/bin/time -o time_22_vdhankar_ghafeleb.txt -f "%U" python3 homework.py > stulog.txt 2>&1 on ghafeleb #####
##### ghafeleb plays [J d6 f4] in 0.23s #####
##### Running: /usr/lib/jvm/jdk-14.0.1/bin/java -jar /lab/itti/projects/checkers-competition/server/referee.jar on run_22_vdhankar_ghafeleb #####
Move is valid
##### SUCCESS: /usr/lib/jvm/jdk-14.0.1/bin/java -jar /lab/itti/projects/checkers-competition/server/referee.jar on run_22_vdhankar_ghafeleb #####
INPUT for vdhankar:
GAME
WHITE
230.334946870804
.b.b.b.b
b.b.....
.......b
........
.....b..
w.......
.w.w.w.w
w.w.w...
##### Running: /usr/bin/time -o time_22_vdhankar_ghafeleb.txt -f "%U" python3 homework.py > stulog.txt 2>&1 on vdhankar #####
child exited with value 1
##### ERROR: /usr/bin/time -o time_22_vdhankar_ghafeleb.txt -f "%U" python3 homework.py > stulog.txt 2>&1 on vdhankar #####
##### Output of failed program (stdout + stderr): #####
Traceback (most recent call last):
  File "homework.py", line 546, in <module>
    print(end-start)
NameError: name 'end' is not defined
##### End of output of failed program #####
##### vdhankar plays [E f2 g3] in 57.1320629119873s #####
##### Running: /usr/lib/jvm/jdk-14.0.1/bin/java -jar /lab/itti/projects/checkers-competition/server/referee.jar on run_22_vdhankar_ghafeleb #####
Move is valid
##### SUCCESS: /usr/lib/jvm/jdk-14.0.1/bin/java -jar /lab/itti/projects/checkers-competition/server/referee.jar on run_22_vdhankar_ghafeleb #####
INPUT for ghafeleb:
GAME
BLACK
296.11
.b.b.b.b
b.b.....
.......b
........
.....b..
w.....w.
.w.w...w
w.w.w...
##### Running: /usr/bin/time -o time_22_vdhankar_ghafeleb.txt -f "%U" python3 homework.py > stulog.txt 2>&1 on ghafeleb #####
##### SUCCESS: /usr/bin/time -o time_22_vdhankar_ghafeleb.txt -f "%U" python3 homework.py > stulog.txt 2>&1 on ghafeleb #####
##### ghafeleb plays [E f4 e3] in 0.37s #####
##### Running: /usr/lib/jvm/jdk-14.0.1/bin/java -jar /lab/itti/projects/checkers-competition/server/referee.jar on run_22_vdhankar_ghafeleb #####
Move is valid
##### SUCCESS: /usr/lib/jvm/jdk-14.0.1/bin/java -jar /lab/itti/projects/checkers-competition/server/referee.jar on run_22_vdhankar_ghafeleb #####
INPUT for vdhankar:
GAME
WHITE
173.202883958817
.b.b.b.b
b.b.....
.......b
........
........
w...b.w.
.w.w...w
w.w.w...
##### Running: /usr/bin/time -o time_22_vdhankar_ghafeleb.txt -f "%U" python3 homework.py > stulog.txt 2>&1 on vdhankar #####
child exited with value 1
##### ERROR: /usr/bin/time -o time_22_vdhankar_ghafeleb.txt -f "%U" python3 homework.py > stulog.txt 2>&1 on vdhankar #####
##### Output of failed program (stdout + stderr): #####
Traceback (most recent call last):
  File "homework.py", line 546, in <module>
    print(end-start)
NameError: name 'end' is not defined
##### End of output of failed program #####
##### vdhankar plays [J d2 f4] in 14.1216390132904s #####
##### Running: /usr/lib/jvm/jdk-14.0.1/bin/java -jar /lab/itti/projects/checkers-competition/server/referee.jar on run_22_vdhankar_ghafeleb #####
Move is valid
##### SUCCESS: /usr/lib/jvm/jdk-14.0.1/bin/java -jar /lab/itti/projects/checkers-competition/server/referee.jar on run_22_vdhankar_ghafeleb #####
INPUT for ghafeleb:
GAME
BLACK
295.74
.b.b.b.b
b.b.....
.......b
........
.....w..
w.....w.
.w.....w
w.w.w...
##### Running: /usr/bin/time -o time_22_vdhankar_ghafeleb.txt -f "%U" python3 homework.py > stulog.txt 2>&1 on ghafeleb #####
##### SUCCESS: /usr/bin/time -o time_22_vdhankar_ghafeleb.txt -f "%U" python3 homework.py > stulog.txt 2>&1 on ghafeleb #####
##### ghafeleb plays [E d8 e7] in 0.82s #####
##### Running: /usr/lib/jvm/jdk-14.0.1/bin/java -jar /lab/itti/projects/checkers-competition/server/referee.jar on run_22_vdhankar_ghafeleb #####
Move is valid
##### SUCCESS: /usr/lib/jvm/jdk-14.0.1/bin/java -jar /lab/itti/projects/checkers-competition/server/referee.jar on run_22_vdhankar_ghafeleb #####
INPUT for vdhankar:
GAME
WHITE
159.081244945526
.b...b.b
b.b.b...
.......b
........
.....w..
w.....w.
.w.....w
w.w.w...
##### Running: /usr/bin/time -o time_22_vdhankar_ghafeleb.txt -f "%U" python3 homework.py > stulog.txt 2>&1 on vdhankar #####
child exited with value 1
##### ERROR: /usr/bin/time -o time_22_vdhankar_ghafeleb.txt -f "%U" python3 homework.py > stulog.txt 2>&1 on vdhankar #####
##### Output of failed program (stdout + stderr): #####
Traceback (most recent call last):
  File "homework.py", line 546, in <module>
    print(end-start)
NameError: name 'end' is not defined
##### End of output of failed program #####
##### vdhankar plays [E e1 d2] in 37.8959121704102s #####
##### Running: /usr/lib/jvm/jdk-14.0.1/bin/java -jar /lab/itti/projects/checkers-competition/server/referee.jar on run_22_vdhankar_ghafeleb #####
Move is valid
##### SUCCESS: /usr/lib/jvm/jdk-14.0.1/bin/java -jar /lab/itti/projects/checkers-competition/server/referee.jar on run_22_vdhankar_ghafeleb #####
INPUT for ghafeleb:
GAME
BLACK
294.92
.b...b.b
b.b.b...
.......b
........
.....w..
w.....w.
.w.w...w
w.w.....
##### Running: /usr/bin/time -o time_22_vdhankar_ghafeleb.txt -f "%U" python3 homework.py > stulog.txt 2>&1 on ghafeleb #####
##### SUCCESS: /usr/bin/time -o time_22_vdhankar_ghafeleb.txt -f "%U" python3 homework.py > stulog.txt 2>&1 on ghafeleb #####
##### ghafeleb plays [E f8 g7] in 0.46s #####
##### Running: /usr/lib/jvm/jdk-14.0.1/bin/java -jar /lab/itti/projects/checkers-competition/server/referee.jar on run_22_vdhankar_ghafeleb #####
Move is valid
##### SUCCESS: /usr/lib/jvm/jdk-14.0.1/bin/java -jar /lab/itti/projects/checkers-competition/server/referee.jar on run_22_vdhankar_ghafeleb #####
INPUT for vdhankar:
GAME
WHITE
121.185332775116
.b.....b
b.b.b.b.
.......b
........
.....w..
w.....w.
.w.w...w
w.w.....
##### Running: /usr/bin/time -o time_22_vdhankar_ghafeleb.txt -f "%U" python3 homework.py > stulog.txt 2>&1 on vdhankar #####
child exited with value 1
##### ERROR: /usr/bin/time -o time_22_vdhankar_ghafeleb.txt -f "%U" python3 homework.py > stulog.txt 2>&1 on vdhankar #####
##### Output of failed program (stdout + stderr): #####
Traceback (most recent call last):
  File "homework.py", line 546, in <module>
    print(end-start)
NameError: name 'end' is not defined
##### End of output of failed program #####
##### vdhankar plays [E d2 c3] in 23.6331338882446s #####
##### Running: /usr/lib/jvm/jdk-14.0.1/bin/java -jar /lab/itti/projects/checkers-competition/server/referee.jar on run_22_vdhankar_ghafeleb #####
Move is valid
##### SUCCESS: /usr/lib/jvm/jdk-14.0.1/bin/java -jar /lab/itti/projects/checkers-competition/server/referee.jar on run_22_vdhankar_ghafeleb #####
INPUT for ghafeleb:
GAME
BLACK
294.46
.b.....b
b.b.b.b.
.......b
........
.....w..
w.w...w.
.w.....w
w.w.....
##### Running: /usr/bin/time -o time_22_vdhankar_ghafeleb.txt -f "%U" python3 homework.py > stulog.txt 2>&1 on ghafeleb #####
##### SUCCESS: /usr/bin/time -o time_22_vdhankar_ghafeleb.txt -f "%U" python3 homework.py > stulog.txt 2>&1 on ghafeleb #####
##### ghafeleb plays [E a7 b6] in 0.63s #####
##### Running: /usr/lib/jvm/jdk-14.0.1/bin/java -jar /lab/itti/projects/checkers-competition/server/referee.jar on run_22_vdhankar_ghafeleb #####
Move is valid
##### SUCCESS: /usr/lib/jvm/jdk-14.0.1/bin/java -jar /lab/itti/projects/checkers-competition/server/referee.jar on run_22_vdhankar_ghafeleb #####
INPUT for vdhankar:
GAME
WHITE
97.5521988868713
.b.....b
..b.b.b.
.b.....b
........
.....w..
w.w...w.
.w.....w
w.w.....
##### Running: /usr/bin/time -o time_22_vdhankar_ghafeleb.txt -f "%U" python3 homework.py > stulog.txt 2>&1 on vdhankar #####
child exited with value 1
##### ERROR: /usr/bin/time -o time_22_vdhankar_ghafeleb.txt -f "%U" python3 homework.py > stulog.txt 2>&1 on vdhankar #####
##### Output of failed program (stdout + stderr): #####
Traceback (most recent call last):
  File "homework.py", line 546, in <module>
    print(end-start)
NameError: name 'end' is not defined
##### End of output of failed program #####
##### vdhankar plays [E c3 d4] in 15.5884540081024s #####
##### Running: /usr/lib/jvm/jdk-14.0.1/bin/java -jar /lab/itti/projects/checkers-competition/server/referee.jar on run_22_vdhankar_ghafeleb #####
Move is valid
##### SUCCESS: /usr/lib/jvm/jdk-14.0.1/bin/java -jar /lab/itti/projects/checkers-competition/server/referee.jar on run_22_vdhankar_ghafeleb #####
INPUT for ghafeleb:
GAME
BLACK
293.83
.b.....b
..b.b.b.
.b.....b
........
...w.w..
w.....w.
.w.....w
w.w.....
##### Running: /usr/bin/time -o time_22_vdhankar_ghafeleb.txt -f "%U" python3 homework.py > stulog.txt 2>&1 on ghafeleb #####
##### SUCCESS: /usr/bin/time -o time_22_vdhankar_ghafeleb.txt -f "%U" python3 homework.py > stulog.txt 2>&1 on ghafeleb #####
##### ghafeleb plays [E b6 a5] in 0.65s #####
##### Running: /usr/lib/jvm/jdk-14.0.1/bin/java -jar /lab/itti/projects/checkers-competition/server/referee.jar on run_22_vdhankar_ghafeleb #####
Move is valid
##### SUCCESS: /usr/lib/jvm/jdk-14.0.1/bin/java -jar /lab/itti/projects/checkers-competition/server/referee.jar on run_22_vdhankar_ghafeleb #####
INPUT for vdhankar:
GAME
WHITE
81.9637448787689
.b.....b
..b.b.b.
.......b
b.......
...w.w..
w.....w.
.w.....w
w.w.....
##### Running: /usr/bin/time -o time_22_vdhankar_ghafeleb.txt -f "%U" python3 homework.py > stulog.txt 2>&1 on vdhankar #####
child exited with value 1
##### ERROR: /usr/bin/time -o time_22_vdhankar_ghafeleb.txt -f "%U" python3 homework.py > stulog.txt 2>&1 on vdhankar #####
##### Output of failed program (stdout + stderr): #####
Traceback (most recent call last):
  File "homework.py", line 546, in <module>
    print(end-start)
NameError: name 'end' is not defined
##### End of output of failed program #####
##### vdhankar plays [E b2 c3] in 13.7326769828796s #####
##### Running: /usr/lib/jvm/jdk-14.0.1/bin/java -jar /lab/itti/projects/checkers-competition/server/referee.jar on run_22_vdhankar_ghafeleb #####
Move is valid
##### SUCCESS: /usr/lib/jvm/jdk-14.0.1/bin/java -jar /lab/itti/projects/checkers-competition/server/referee.jar on run_22_vdhankar_ghafeleb #####
INPUT for ghafeleb:
GAME
BLACK
293.18
.b.....b
..b.b.b.
.......b
b.......
...w.w..
w.w...w.
.......w
w.w.....
##### Running: /usr/bin/time -o time_22_vdhankar_ghafeleb.txt -f "%U" python3 homework.py > stulog.txt 2>&1 on ghafeleb #####
##### SUCCESS: /usr/bin/time -o time_22_vdhankar_ghafeleb.txt -f "%U" python3 homework.py > stulog.txt 2>&1 on ghafeleb #####
##### ghafeleb plays [E b8 a7] in 0.9s #####
##### Running: /usr/lib/jvm/jdk-14.0.1/bin/java -jar /lab/itti/projects/checkers-competition/server/referee.jar on run_22_vdhankar_ghafeleb #####
Move is valid
##### SUCCESS: /usr/lib/jvm/jdk-14.0.1/bin/java -jar /lab/itti/projects/checkers-competition/server/referee.jar on run_22_vdhankar_ghafeleb #####
INPUT for vdhankar:
GAME
WHITE
68.2310678958893
.......b
b.b.b.b.
.......b
b.......
...w.w..
w.w...w.
.......w
w.w.....
##### Running: /usr/bin/time -o time_22_vdhankar_ghafeleb.txt -f "%U" python3 homework.py > stulog.txt 2>&1 on vdhankar #####
child exited with value 1
##### ERROR: /usr/bin/time -o time_22_vdhankar_ghafeleb.txt -f "%U" python3 homework.py > stulog.txt 2>&1 on vdhankar #####
##### Output of failed program (stdout + stderr): #####
Traceback (most recent call last):
  File "homework.py", line 546, in <module>
    print(end-start)
NameError: name 'end' is not defined
##### End of output of failed program #####
##### vdhankar plays [E a3 b4] in 5.59785389900208s #####
##### Running: /usr/lib/jvm/jdk-14.0.1/bin/java -jar /lab/itti/projects/checkers-competition/server/referee.jar on run_22_vdhankar_ghafeleb #####
Move is valid
##### SUCCESS: /usr/lib/jvm/jdk-14.0.1/bin/java -jar /lab/itti/projects/checkers-competition/server/referee.jar on run_22_vdhankar_ghafeleb #####
INPUT for ghafeleb:
GAME
BLACK
292.28
.......b
b.b.b.b.
.......b
b.......
.w.w.w..
..w...w.
.......w
w.w.....
##### Running: /usr/bin/time -o time_22_vdhankar_ghafeleb.txt -f "%U" python3 homework.py > stulog.txt 2>&1 on ghafeleb #####
##### SUCCESS: /usr/bin/time -o time_22_vdhankar_ghafeleb.txt -f "%U" python3 homework.py > stulog.txt 2>&1 on ghafeleb #####
##### ghafeleb plays [E a7 b6] in 0.73s #####
##### Running: /usr/lib/jvm/jdk-14.0.1/bin/java -jar /lab/itti/projects/checkers-competition/server/referee.jar on run_22_vdhankar_ghafeleb #####
Move is valid
##### SUCCESS: /usr/lib/jvm/jdk-14.0.1/bin/java -jar /lab/itti/projects/checkers-competition/server/referee.jar on run_22_vdhankar_ghafeleb #####
INPUT for vdhankar:
GAME
WHITE
62.6332139968872
.......b
..b.b.b.
.b.....b
b.......
.w.w.w..
..w...w.
.......w
w.w.....
##### Running: /usr/bin/time -o time_22_vdhankar_ghafeleb.txt -f "%U" python3 homework.py > stulog.txt 2>&1 on vdhankar #####
child exited with value 1
##### ERROR: /usr/bin/time -o time_22_vdhankar_ghafeleb.txt -f "%U" python3 homework.py > stulog.txt 2>&1 on vdhankar #####
##### Output of failed program (stdout + stderr): #####
Traceback (most recent call last):
  File "homework.py", line 546, in <module>
    print(end-start)
NameError: name 'end' is not defined
##### End of output of failed program #####
##### vdhankar plays [E b4 c5] in 1.88187098503113s #####
##### Running: /usr/lib/jvm/jdk-14.0.1/bin/java -jar /lab/itti/projects/checkers-competition/server/referee.jar on run_22_vdhankar_ghafeleb #####
Move is valid
##### SUCCESS: /usr/lib/jvm/jdk-14.0.1/bin/java -jar /lab/itti/projects/checkers-competition/server/referee.jar on run_22_vdhankar_ghafeleb #####
INPUT for ghafeleb:
GAME
BLACK
291.55
.......b
..b.b.b.
.b.....b
b.w.....
...w.w..
..w...w.
.......w
w.w.....
##### Running: /usr/bin/time -o time_22_vdhankar_ghafeleb.txt -f "%U" python3 homework.py > stulog.txt 2>&1 on ghafeleb #####
##### SUCCESS: /usr/bin/time -o time_22_vdhankar_ghafeleb.txt -f "%U" python3 homework.py > stulog.txt 2>&1 on ghafeleb #####
##### ghafeleb plays [E c7 d6] in 0.29s #####
##### Running: /usr/lib/jvm/jdk-14.0.1/bin/java -jar /lab/itti/projects/checkers-competition/server/referee.jar on run_22_vdhankar_ghafeleb #####
Move is valid
##### SUCCESS: /usr/lib/jvm/jdk-14.0.1/bin/java -jar /lab/itti/projects/checkers-competition/server/referee.jar on run_22_vdhankar_ghafeleb #####
INPUT for vdhankar:
GAME
WHITE
60.7513430118561
.......b
....b.b.
.b.b...b
b.w.....
...w.w..
..w...w.
.......w
w.w.....
##### Running: /usr/bin/time -o time_22_vdhankar_ghafeleb.txt -f "%U" python3 homework.py > stulog.txt 2>&1 on vdhankar #####
child exited with value 1
##### ERROR: /usr/bin/time -o time_22_vdhankar_ghafeleb.txt -f "%U" python3 homework.py > stulog.txt 2>&1 on vdhankar #####
##### Output of failed program (stdout + stderr): #####
Traceback (most recent call last):
  File "homework.py", line 546, in <module>
    print(end-start)
NameError: name 'end' is not defined
##### End of output of failed program #####
##### vdhankar plays [J c5 a7] in 0.667226076126099s #####
##### Running: /usr/lib/jvm/jdk-14.0.1/bin/java -jar /lab/itti/projects/checkers-competition/server/referee.jar on run_22_vdhankar_ghafeleb #####
Move is valid
##### SUCCESS: /usr/lib/jvm/jdk-14.0.1/bin/java -jar /lab/itti/projects/checkers-competition/server/referee.jar on run_22_vdhankar_ghafeleb #####
INPUT for ghafeleb:
GAME
BLACK
291.26
.......b
w...b.b.
...b...b
b.......
...w.w..
..w...w.
.......w
w.w.....
##### Running: /usr/bin/time -o time_22_vdhankar_ghafeleb.txt -f "%U" python3 homework.py > stulog.txt 2>&1 on ghafeleb #####
##### SUCCESS: /usr/bin/time -o time_22_vdhankar_ghafeleb.txt -f "%U" python3 homework.py > stulog.txt 2>&1 on ghafeleb #####
##### ghafeleb plays [E e7 f6] in 0.31s #####
##### Running: /usr/lib/jvm/jdk-14.0.1/bin/java -jar /lab/itti/projects/checkers-competition/server/referee.jar on run_22_vdhankar_ghafeleb #####
Move is valid
##### SUCCESS: /usr/lib/jvm/jdk-14.0.1/bin/java -jar /lab/itti/projects/checkers-competition/server/referee.jar on run_22_vdhankar_ghafeleb #####
INPUT for vdhankar:
GAME
WHITE
60.08411693573
.......b
w.....b.
...b.b.b
b.......
...w.w..
..w...w.
.......w
w.w.....
##### Running: /usr/bin/time -o time_22_vdhankar_ghafeleb.txt -f "%U" python3 homework.py > stulog.txt 2>&1 on vdhankar #####
child exited with value 1
##### ERROR: /usr/bin/time -o time_22_vdhankar_ghafeleb.txt -f "%U" python3 homework.py > stulog.txt 2>&1 on vdhankar #####
##### Output of failed program (stdout + stderr): #####
Traceback (most recent call last):
  File "homework.py", line 546, in <module>
    print(end-start)
NameError: name 'end' is not defined
##### End of output of failed program #####
##### vdhankar plays [E f4 e5] in 1.83645391464233s #####
##### Running: /usr/lib/jvm/jdk-14.0.1/bin/java -jar /lab/itti/projects/checkers-competition/server/referee.jar on run_22_vdhankar_ghafeleb #####
Move is valid
##### SUCCESS: /usr/lib/jvm/jdk-14.0.1/bin/java -jar /lab/itti/projects/checkers-competition/server/referee.jar on run_22_vdhankar_ghafeleb #####
INPUT for ghafeleb:
GAME
BLACK
290.95
.......b
w.....b.
...b.b.b
b...w...
...w....
..w...w.
.......w
w.w.....
##### Running: /usr/bin/time -o time_22_vdhankar_ghafeleb.txt -f "%U" python3 homework.py > stulog.txt 2>&1 on ghafeleb #####
##### SUCCESS: /usr/bin/time -o time_22_vdhankar_ghafeleb.txt -f "%U" python3 homework.py > stulog.txt 2>&1 on ghafeleb #####
##### ghafeleb plays [J d6 f4] in 0.11s #####
##### Running: /usr/lib/jvm/jdk-14.0.1/bin/java -jar /lab/itti/projects/checkers-competition/server/referee.jar on run_22_vdhankar_ghafeleb #####
Move is valid
##### SUCCESS: /usr/lib/jvm/jdk-14.0.1/bin/java -jar /lab/itti/projects/checkers-competition/server/referee.jar on run_22_vdhankar_ghafeleb #####
INPUT for vdhankar:
GAME
WHITE
58.2476630210876
.......b
w.....b.
.....b.b
b.......
...w.b..
..w...w.
.......w
w.w.....
##### Running: /usr/bin/time -o time_22_vdhankar_ghafeleb.txt -f "%U" python3 homework.py > stulog.txt 2>&1 on vdhankar #####
child exited with value 1
##### ERROR: /usr/bin/time -o time_22_vdhankar_ghafeleb.txt -f "%U" python3 homework.py > stulog.txt 2>&1 on vdhankar #####
##### Output of failed program (stdout + stderr): #####
Traceback (most recent call last):
  File "homework.py", line 546, in <module>
    print(end-start)
NameError: name 'end' is not defined
##### End of output of failed program #####
##### vdhankar plays [J g3 e5] in 0.499104022979736s #####
##### Running: /usr/lib/jvm/jdk-14.0.1/bin/java -jar /lab/itti/projects/checkers-competition/server/referee.jar on run_22_vdhankar_ghafeleb #####
Move is valid
##### SUCCESS: /usr/lib/jvm/jdk-14.0.1/bin/java -jar /lab/itti/projects/checkers-competition/server/referee.jar on run_22_vdhankar_ghafeleb #####
INPUT for ghafeleb:
GAME
BLACK
290.84
.......b
w.....b.
.....b.b
b...w...
...w....
..w.....
.......w
w.w.....
##### Running: /usr/bin/time -o time_22_vdhankar_ghafeleb.txt -f "%U" python3 homework.py > stulog.txt 2>&1 on ghafeleb #####
##### SUCCESS: /usr/bin/time -o time_22_vdhankar_ghafeleb.txt -f "%U" python3 homework.py > stulog.txt 2>&1 on ghafeleb #####
##### ghafeleb plays [E h6 g5] in 0.24s #####
##### Running: /usr/lib/jvm/jdk-14.0.1/bin/java -jar /lab/itti/projects/checkers-competition/server/referee.jar on run_22_vdhankar_ghafeleb #####
Move is valid
##### SUCCESS: /usr/lib/jvm/jdk-14.0.1/bin/java -jar /lab/itti/projects/checkers-competition/server/referee.jar on run_22_vdhankar_ghafeleb #####
INPUT for vdhankar:
GAME
WHITE
57.7485589981079
.......b
w.....b.
.....b..
b...w.b.
...w....
..w.....
.......w
w.w.....
##### Running: /usr/bin/time -o time_22_vdhankar_ghafeleb.txt -f "%U" python3 homework.py > stulog.txt 2>&1 on vdhankar #####
child exited with value 1
##### ERROR: /usr/bin/time -o time_22_vdhankar_ghafeleb.txt -f "%U" python3 homework.py > stulog.txt 2>&1 on vdhankar #####
##### Output of failed program (stdout + stderr): #####
Traceback (most recent call last):
  File "homework.py", line 546, in <module>
    print(end-start)
NameError: name 'end' is not defined
##### End of output of failed program #####
##### vdhankar plays [E a7 b8] in 2.47276997566223s #####
##### Running: /usr/lib/jvm/jdk-14.0.1/bin/java -jar /lab/itti/projects/checkers-competition/server/referee.jar on run_22_vdhankar_ghafeleb #####
Move is valid
##### SUCCESS: /usr/lib/jvm/jdk-14.0.1/bin/java -jar /lab/itti/projects/checkers-competition/server/referee.jar on run_22_vdhankar_ghafeleb #####
INPUT for ghafeleb:
GAME
BLACK
290.6
.W.....b
......b.
.....b..
b...w.b.
...w....
..w.....
.......w
w.w.....
##### Running: /usr/bin/time -o time_22_vdhankar_ghafeleb.txt -f "%U" python3 homework.py > stulog.txt 2>&1 on ghafeleb #####
##### SUCCESS: /usr/bin/time -o time_22_vdhankar_ghafeleb.txt -f "%U" python3 homework.py > stulog.txt 2>&1 on ghafeleb #####
##### ghafeleb plays [E g7 h6] in 0.21s #####
##### Running: /usr/lib/jvm/jdk-14.0.1/bin/java -jar /lab/itti/projects/checkers-competition/server/referee.jar on run_22_vdhankar_ghafeleb #####
Move is valid
##### SUCCESS: /usr/lib/jvm/jdk-14.0.1/bin/java -jar /lab/itti/projects/checkers-competition/server/referee.jar on run_22_vdhankar_ghafeleb #####
INPUT for vdhankar:
GAME
WHITE
55.2757890224457
.W.....b
........
.....b.b
b...w.b.
...w....
..w.....
.......w
w.w.....
##### Running: /usr/bin/time -o time_22_vdhankar_ghafeleb.txt -f "%U" python3 homework.py > stulog.txt 2>&1 on vdhankar #####
child exited with value 1
##### ERROR: /usr/bin/time -o time_22_vdhankar_ghafeleb.txt -f "%U" python3 homework.py > stulog.txt 2>&1 on vdhankar #####
##### Output of failed program (stdout + stderr): #####
Traceback (most recent call last):
  File "homework.py", line 546, in <module>
    print(end-start)
NameError: name 'end' is not defined
##### End of output of failed program #####
##### vdhankar plays [J e5 g7] in 0.903527975082397s #####
##### Running: /usr/lib/jvm/jdk-14.0.1/bin/java -jar /lab/itti/projects/checkers-competition/server/referee.jar on run_22_vdhankar_ghafeleb #####
Move is valid
##### SUCCESS: /usr/lib/jvm/jdk-14.0.1/bin/java -jar /lab/itti/projects/checkers-competition/server/referee.jar on run_22_vdhankar_ghafeleb #####
INPUT for ghafeleb:
GAME
BLACK
290.39
.W.....b
......w.
.......b
b.....b.
...w....
..w.....
.......w
w.w.....
##### Running: /usr/bin/time -o time_22_vdhankar_ghafeleb.txt -f "%U" python3 homework.py > stulog.txt 2>&1 on ghafeleb #####
##### SUCCESS: /usr/bin/time -o time_22_vdhankar_ghafeleb.txt -f "%U" python3 homework.py > stulog.txt 2>&1 on ghafeleb #####
##### ghafeleb plays [J h8 f6] in 0.14s #####
##### Running: /usr/lib/jvm/jdk-14.0.1/bin/java -jar /lab/itti/projects/checkers-competition/server/referee.jar on run_22_vdhankar_ghafeleb #####
Move is valid
##### SUCCESS: /usr/lib/jvm/jdk-14.0.1/bin/java -jar /lab/itti/projects/checkers-competition/server/referee.jar on run_22_vdhankar_ghafeleb #####
INPUT for vdhankar:
GAME
WHITE
54.3722610473633
.W......
........
.....b.b
b.....b.
...w....
..w.....
.......w
w.w.....
##### Running: /usr/bin/time -o time_22_vdhankar_ghafeleb.txt -f "%U" python3 homework.py > stulog.txt 2>&1 on vdhankar #####
child exited with value 1
##### ERROR: /usr/bin/time -o time_22_vdhankar_ghafeleb.txt -f "%U" python3 homework.py > stulog.txt 2>&1 on vdhankar #####
##### Output of failed program (stdout + stderr): #####
Traceback (most recent call last):
  File "homework.py", line 546, in <module>
    print(end-start)
NameError: name 'end' is not defined
##### End of output of failed program #####
##### vdhankar plays [E c1 b2] in 4.52604913711548s #####
##### Running: /usr/lib/jvm/jdk-14.0.1/bin/java -jar /lab/itti/projects/checkers-competition/server/referee.jar on run_22_vdhankar_ghafeleb #####
Move is valid
##### SUCCESS: /usr/lib/jvm/jdk-14.0.1/bin/java -jar /lab/itti/projects/checkers-competition/server/referee.jar on run_22_vdhankar_ghafeleb #####
INPUT for ghafeleb:
GAME
BLACK
290.25
.W......
........
.....b.b
b.....b.
...w....
..w.....
.w.....w
w.......
##### Running: /usr/bin/time -o time_22_vdhankar_ghafeleb.txt -f "%U" python3 homework.py > stulog.txt 2>&1 on ghafeleb #####
##### SUCCESS: /usr/bin/time -o time_22_vdhankar_ghafeleb.txt -f "%U" python3 homework.py > stulog.txt 2>&1 on ghafeleb #####
##### ghafeleb plays [E g5 h4] in 0.21s #####
##### Running: /usr/lib/jvm/jdk-14.0.1/bin/java -jar /lab/itti/projects/checkers-competition/server/referee.jar on run_22_vdhankar_ghafeleb #####
Move is valid
##### SUCCESS: /usr/lib/jvm/jdk-14.0.1/bin/java -jar /lab/itti/projects/checkers-competition/server/referee.jar on run_22_vdhankar_ghafeleb #####
INPUT for vdhankar:
GAME
WHITE
49.8462119102478
.W......
........
.....b.b
b.......
...w...b
..w.....
.w.....w
w.......
##### Running: /usr/bin/time -o time_22_vdhankar_ghafeleb.txt -f "%U" python3 homework.py > stulog.txt 2>&1 on vdhankar #####
child exited with value 1
##### ERROR: /usr/bin/time -o time_22_vdhankar_ghafeleb.txt -f "%U" python3 homework.py > stulog.txt 2>&1 on vdhankar #####
##### Output of failed program (stdout + stderr): #####
Traceback (most recent call last):
  File "homework.py", line 546, in <module>
    print(end-start)
NameError: name 'end' is not defined
##### End of output of failed program #####
##### vdhankar plays [E b8 c7] in 1.13225317001343s #####
##### Running: /usr/lib/jvm/jdk-14.0.1/bin/java -jar /lab/itti/projects/checkers-competition/server/referee.jar on run_22_vdhankar_ghafeleb #####
Move is valid
##### SUCCESS: /usr/lib/jvm/jdk-14.0.1/bin/java -jar /lab/itti/projects/checkers-competition/server/referee.jar on run_22_vdhankar_ghafeleb #####
INPUT for ghafeleb:
GAME
BLACK
290.04
........
..W.....
.....b.b
b.......
...w...b
..w.....
.w.....w
w.......
##### Running: /usr/bin/time -o time_22_vdhankar_ghafeleb.txt -f "%U" python3 homework.py > stulog.txt 2>&1 on ghafeleb #####
##### SUCCESS: /usr/bin/time -o time_22_vdhankar_ghafeleb.txt -f "%U" python3 homework.py > stulog.txt 2>&1 on ghafeleb #####
##### ghafeleb plays [E f6 g5] in 0.25s #####
##### Running: /usr/lib/jvm/jdk-14.0.1/bin/java -jar /lab/itti/projects/checkers-competition/server/referee.jar on run_22_vdhankar_ghafeleb #####
Move is valid
##### SUCCESS: /usr/lib/jvm/jdk-14.0.1/bin/java -jar /lab/itti/projects/checkers-competition/server/referee.jar on run_22_vdhankar_ghafeleb #####
INPUT for vdhankar:
GAME
WHITE
48.7139587402344
........
..W.....
.......b
b.....b.
...w...b
..w.....
.w.....w
w.......
##### Running: /usr/bin/time -o time_22_vdhankar_ghafeleb.txt -f "%U" python3 homework.py > stulog.txt 2>&1 on vdhankar #####
child exited with value 1
##### ERROR: /usr/bin/time -o time_22_vdhankar_ghafeleb.txt -f "%U" python3 homework.py > stulog.txt 2>&1 on vdhankar #####
##### Output of failed program (stdout + stderr): #####
Traceback (most recent call last):
  File "homework.py", line 546, in <module>
    print(end-start)
NameError: name 'end' is not defined
##### End of output of failed program #####
##### vdhankar plays [E d4 c5] in 1.71580386161804s #####
##### Running: /usr/lib/jvm/jdk-14.0.1/bin/java -jar /lab/itti/projects/checkers-competition/server/referee.jar on run_22_vdhankar_ghafeleb #####
Move is valid
##### SUCCESS: /usr/lib/jvm/jdk-14.0.1/bin/java -jar /lab/itti/projects/checkers-competition/server/referee.jar on run_22_vdhankar_ghafeleb #####
INPUT for ghafeleb:
GAME
BLACK
289.79
........
..W.....
.......b
b.w...b.
.......b
..w.....
.w.....w
w.......
##### Running: /usr/bin/time -o time_22_vdhankar_ghafeleb.txt -f "%U" python3 homework.py > stulog.txt 2>&1 on ghafeleb #####
##### SUCCESS: /usr/bin/time -o time_22_vdhankar_ghafeleb.txt -f "%U" python3 homework.py > stulog.txt 2>&1 on ghafeleb #####
##### ghafeleb plays [E h4 g3] in 0.18s #####
##### Running: /usr/lib/jvm/jdk-14.0.1/bin/java -jar /lab/itti/projects/checkers-competition/server/referee.jar on run_22_vdhankar_ghafeleb #####
Move is valid
##### SUCCESS: /usr/lib/jvm/jdk-14.0.1/bin/java -jar /lab/itti/projects/checkers-competition/server/referee.jar on run_22_vdhankar_ghafeleb #####
INPUT for vdhankar:
GAME
WHITE
46.9981548786163
........
..W.....
.......b
b.w...b.
........
..w...b.
.w.....w
w.......
##### Running: /usr/bin/time -o time_22_vdhankar_ghafeleb.txt -f "%U" python3 homework.py > stulog.txt 2>&1 on vdhankar #####
child exited with value 1
##### ERROR: /usr/bin/time -o time_22_vdhankar_ghafeleb.txt -f "%U" python3 homework.py > stulog.txt 2>&1 on vdhankar #####
##### Output of failed program (stdout + stderr): #####
Traceback (most recent call last):
  File "homework.py", line 546, in <module>
    print(end-start)
NameError: name 'end' is not defined
##### End of output of failed program #####
##### vdhankar plays [J h2 f4] in 0.763972997665405s #####
##### Running: /usr/lib/jvm/jdk-14.0.1/bin/java -jar /lab/itti/projects/checkers-competition/server/referee.jar on run_22_vdhankar_ghafeleb #####
Move is valid
##### SUCCESS: /usr/lib/jvm/jdk-14.0.1/bin/java -jar /lab/itti/projects/checkers-competition/server/referee.jar on run_22_vdhankar_ghafeleb #####
INPUT for ghafeleb:
GAME
BLACK
289.61
........
..W.....
.......b
b.w...b.
.....w..
..w.....
.w......
w.......
##### Running: /usr/bin/time -o time_22_vdhankar_ghafeleb.txt -f "%U" python3 homework.py > stulog.txt 2>&1 on ghafeleb #####
##### SUCCESS: /usr/bin/time -o time_22_vdhankar_ghafeleb.txt -f "%U" python3 homework.py > stulog.txt 2>&1 on ghafeleb #####
##### ghafeleb plays [J g5 e3] in 0.11s #####
##### Running: /usr/lib/jvm/jdk-14.0.1/bin/java -jar /lab/itti/projects/checkers-competition/server/referee.jar on run_22_vdhankar_ghafeleb #####
Move is valid
##### SUCCESS: /usr/lib/jvm/jdk-14.0.1/bin/java -jar /lab/itti/projects/checkers-competition/server/referee.jar on run_22_vdhankar_ghafeleb #####
INPUT for vdhankar:
GAME
WHITE
46.2341818809509
........
..W.....
.......b
b.w.....
........
..w.b...
.w......
w.......
##### Running: /usr/bin/time -o time_22_vdhankar_ghafeleb.txt -f "%U" python3 homework.py > stulog.txt 2>&1 on vdhankar #####
child exited with value 1
##### ERROR: /usr/bin/time -o time_22_vdhankar_ghafeleb.txt -f "%U" python3 homework.py > stulog.txt 2>&1 on vdhankar #####
##### Output of failed program (stdout + stderr): #####
Traceback (most recent call last):
  File "homework.py", line 546, in <module>
    print(end-start)
NameError: name 'end' is not defined
##### End of output of failed program #####
##### vdhankar plays [E c3 b4] in 6.16356897354126s #####
##### Running: /usr/lib/jvm/jdk-14.0.1/bin/java -jar /lab/itti/projects/checkers-competition/server/referee.jar on run_22_vdhankar_ghafeleb #####
Move is valid
##### SUCCESS: /usr/lib/jvm/jdk-14.0.1/bin/java -jar /lab/itti/projects/checkers-competition/server/referee.jar on run_22_vdhankar_ghafeleb #####
INPUT for ghafeleb:
GAME
BLACK
289.5
........
..W.....
.......b
b.w.....
.w......
....b...
.w......
w.......
##### Running: /usr/bin/time -o time_22_vdhankar_ghafeleb.txt -f "%U" python3 homework.py > stulog.txt 2>&1 on ghafeleb #####
##### SUCCESS: /usr/bin/time -o time_22_vdhankar_ghafeleb.txt -f "%U" python3 homework.py > stulog.txt 2>&1 on ghafeleb #####
##### ghafeleb plays [J a5 c3] in 0.09s #####
##### Running: /usr/lib/jvm/jdk-14.0.1/bin/java -jar /lab/itti/projects/checkers-competition/server/referee.jar on run_22_vdhankar_ghafeleb #####
Move is valid
##### SUCCESS: /usr/lib/jvm/jdk-14.0.1/bin/java -jar /lab/itti/projects/checkers-competition/server/referee.jar on run_22_vdhankar_ghafeleb #####
INPUT for vdhankar:
GAME
WHITE
40.0706129074097
........
..W.....
.......b
..w.....
........
..b.b...
.w......
w.......
##### Running: /usr/bin/time -o time_22_vdhankar_ghafeleb.txt -f "%U" python3 homework.py > stulog.txt 2>&1 on vdhankar #####
child exited with value 1
##### ERROR: /usr/bin/time -o time_22_vdhankar_ghafeleb.txt -f "%U" python3 homework.py > stulog.txt 2>&1 on vdhankar #####
##### Output of failed program (stdout + stderr): #####
Traceback (most recent call last):
  File "homework.py", line 546, in <module>
    print(end-start)
NameError: name 'end' is not defined
##### End of output of failed program #####
##### vdhankar plays [J b2 d4] in 0.965648889541626s #####
##### Running: /usr/lib/jvm/jdk-14.0.1/bin/java -jar /lab/itti/projects/checkers-competition/server/referee.jar on run_22_vdhankar_ghafeleb #####
Move is valid
##### SUCCESS: /usr/lib/jvm/jdk-14.0.1/bin/java -jar /lab/itti/projects/checkers-competition/server/referee.jar on run_22_vdhankar_ghafeleb #####
INPUT for ghafeleb:
GAME
BLACK
289.41
........
..W.....
.......b
..w.....
...w....
....b...
........
w.......
##### Running: /usr/bin/time -o time_22_vdhankar_ghafeleb.txt -f "%U" python3 homework.py > stulog.txt 2>&1 on ghafeleb #####
##### SUCCESS: /usr/bin/time -o time_22_vdhankar_ghafeleb.txt -f "%U" python3 homework.py > stulog.txt 2>&1 on ghafeleb #####
##### ghafeleb plays [E e3 f2] in 0.16s #####
##### Running: /usr/lib/jvm/jdk-14.0.1/bin/java -jar /lab/itti/projects/checkers-competition/server/referee.jar on run_22_vdhankar_ghafeleb #####
Move is valid
##### SUCCESS: /usr/lib/jvm/jdk-14.0.1/bin/java -jar /lab/itti/projects/checkers-competition/server/referee.jar on run_22_vdhankar_ghafeleb #####
INPUT for vdhankar:
GAME
WHITE
39.104964017868
........
..W.....
.......b
..w.....
...w....
........
.....b..
w.......
##### Running: /usr/bin/time -o time_22_vdhankar_ghafeleb.txt -f "%U" python3 homework.py > stulog.txt 2>&1 on vdhankar #####
child exited with value 1
##### ERROR: /usr/bin/time -o time_22_vdhankar_ghafeleb.txt -f "%U" python3 homework.py > stulog.txt 2>&1 on vdhankar #####
##### Output of failed program (stdout + stderr): #####
Traceback (most recent call last):
  File "homework.py", line 546, in <module>
    print(end-start)
NameError: name 'end' is not defined
##### End of output of failed program #####
##### vdhankar plays [E d4 e5] in 2.76555395126343s #####
##### Running: /usr/lib/jvm/jdk-14.0.1/bin/java -jar /lab/itti/projects/checkers-competition/server/referee.jar on run_22_vdhankar_ghafeleb #####
Move is valid
##### SUCCESS: /usr/lib/jvm/jdk-14.0.1/bin/java -jar /lab/itti/projects/checkers-competition/server/referee.jar on run_22_vdhankar_ghafeleb #####
INPUT for ghafeleb:
GAME
BLACK
289.25
........
..W.....
.......b
..w.w...
........
........
.....b..
w.......
##### Running: /usr/bin/time -o time_22_vdhankar_ghafeleb.txt -f "%U" python3 homework.py > stulog.txt 2>&1 on ghafeleb #####
##### SUCCESS: /usr/bin/time -o time_22_vdhankar_ghafeleb.txt -f "%U" python3 homework.py > stulog.txt 2>&1 on ghafeleb #####
##### ghafeleb plays [E h6 g5] in 0.15s #####
##### Running: /usr/lib/jvm/jdk-14.0.1/bin/java -jar /lab/itti/projects/checkers-competition/server/referee.jar on run_22_vdhankar_ghafeleb #####
Move is valid
##### SUCCESS: /usr/lib/jvm/jdk-14.0.1/bin/java -jar /lab/itti/projects/checkers-competition/server/referee.jar on run_22_vdhankar_ghafeleb #####
INPUT for vdhankar:
GAME
WHITE
36.3394100666046
........
..W.....
........
..w.w.b.
........
........
.....b..
w.......
##### Running: /usr/bin/time -o time_22_vdhankar_ghafeleb.txt -f "%U" python3 homework.py > stulog.txt 2>&1 on vdhankar #####
child exited with value 1
##### ERROR: /usr/bin/time -o time_22_vdhankar_ghafeleb.txt -f "%U" python3 homework.py > stulog.txt 2>&1 on vdhankar #####
##### Output of failed program (stdout + stderr): #####
Traceback (most recent call last):
  File "homework.py", line 546, in <module>
    print(end-start)
NameError: name 'end' is not defined
##### End of output of failed program #####
##### vdhankar plays [E c5 d6] in 3.19974088668823s #####
##### Running: /usr/lib/jvm/jdk-14.0.1/bin/java -jar /lab/itti/projects/checkers-competition/server/referee.jar on run_22_vdhankar_ghafeleb #####
Move is valid
##### SUCCESS: /usr/lib/jvm/jdk-14.0.1/bin/java -jar /lab/itti/projects/checkers-competition/server/referee.jar on run_22_vdhankar_ghafeleb #####
INPUT for ghafeleb:
GAME
BLACK
289.1
........
..W.....
...w....
....w.b.
........
........
.....b..
w.......
##### Running: /usr/bin/time -o time_22_vdhankar_ghafeleb.txt -f "%U" python3 homework.py > stulog.txt 2>&1 on ghafeleb #####
##### SUCCESS: /usr/bin/time -o time_22_vdhankar_ghafeleb.txt -f "%U" python3 homework.py > stulog.txt 2>&1 on ghafeleb #####
##### ghafeleb plays [E g5 h4] in 0.14s #####
##### Running: /usr/lib/jvm/jdk-14.0.1/bin/java -jar /lab/itti/projects/checkers-competition/server/referee.jar on run_22_vdhankar_ghafeleb #####
Move is valid
##### SUCCESS: /usr/lib/jvm/jdk-14.0.1/bin/java -jar /lab/itti/projects/checkers-competition/server/referee.jar on run_22_vdhankar_ghafeleb #####
INPUT for vdhankar:
GAME
WHITE
33.1396691799164
........
..W.....
...w....
....w...
.......b
........
.....b..
w.......
##### Running: /usr/bin/time -o time_22_vdhankar_ghafeleb.txt -f "%U" python3 homework.py > stulog.txt 2>&1 on vdhankar #####
child exited with value 1
##### ERROR: /usr/bin/time -o time_22_vdhankar_ghafeleb.txt -f "%U" python3 homework.py > stulog.txt 2>&1 on vdhankar #####
##### Output of failed program (stdout + stderr): #####
Traceback (most recent call last):
  File "homework.py", line 546, in <module>
    print(end-start)
NameError: name 'end' is not defined
##### End of output of failed program #####
##### vdhankar plays [E d6 e7] in 2.04411888122559s #####
##### Running: /usr/lib/jvm/jdk-14.0.1/bin/java -jar /lab/itti/projects/checkers-competition/server/referee.jar on run_22_vdhankar_ghafeleb #####
Move is valid
##### SUCCESS: /usr/lib/jvm/jdk-14.0.1/bin/java -jar /lab/itti/projects/checkers-competition/server/referee.jar on run_22_vdhankar_ghafeleb #####
INPUT for ghafeleb:
GAME
BLACK
288.96
........
..W.w...
........
....w...
.......b
........
.....b..
w.......
##### Running: /usr/bin/time -o time_22_vdhankar_ghafeleb.txt -f "%U" python3 homework.py > stulog.txt 2>&1 on ghafeleb #####
##### SUCCESS: /usr/bin/time -o time_22_vdhankar_ghafeleb.txt -f "%U" python3 homework.py > stulog.txt 2>&1 on ghafeleb #####
##### ghafeleb plays [E h4 g3] in 0.17s #####
##### Running: /usr/lib/jvm/jdk-14.0.1/bin/java -jar /lab/itti/projects/checkers-competition/server/referee.jar on run_22_vdhankar_ghafeleb #####
Move is valid
##### SUCCESS: /usr/lib/jvm/jdk-14.0.1/bin/java -jar /lab/itti/projects/checkers-competition/server/referee.jar on run_22_vdhankar_ghafeleb #####
INPUT for vdhankar:
GAME
WHITE
31.0955502986908
........
..W.w...
........
....w...
........
......b.
.....b..
w.......
##### Running: /usr/bin/time -o time_22_vdhankar_ghafeleb.txt -f "%U" python3 homework.py > stulog.txt 2>&1 on vdhankar #####
child exited with value 1
##### ERROR: /usr/bin/time -o time_22_vdhankar_ghafeleb.txt -f "%U" python3 homework.py > stulog.txt 2>&1 on vdhankar #####
##### Output of failed program (stdout + stderr): #####
Traceback (most recent call last):
  File "homework.py", line 546, in <module>
    print(end-start)
NameError: name 'end' is not defined
##### End of output of failed program #####
##### vdhankar plays [E e5 f6] in 1.6208279132843s #####
##### Running: /usr/lib/jvm/jdk-14.0.1/bin/java -jar /lab/itti/projects/checkers-competition/server/referee.jar on run_22_vdhankar_ghafeleb #####
Move is valid
##### SUCCESS: /usr/lib/jvm/jdk-14.0.1/bin/java -jar /lab/itti/projects/checkers-competition/server/referee.jar on run_22_vdhankar_ghafeleb #####
INPUT for ghafeleb:
GAME
BLACK
288.79
........
..W.w...
.....w..
........
........
......b.
.....b..
w.......
##### Running: /usr/bin/time -o time_22_vdhankar_ghafeleb.txt -f "%U" python3 homework.py > stulog.txt 2>&1 on ghafeleb #####
##### SUCCESS: /usr/bin/time -o time_22_vdhankar_ghafeleb.txt -f "%U" python3 homework.py > stulog.txt 2>&1 on ghafeleb #####
##### ghafeleb plays [E g3 h2] in 0.17s #####
##### Running: /usr/lib/jvm/jdk-14.0.1/bin/java -jar /lab/itti/projects/checkers-competition/server/referee.jar on run_22_vdhankar_ghafeleb #####
Move is valid
##### SUCCESS: /usr/lib/jvm/jdk-14.0.1/bin/java -jar /lab/itti/projects/checkers-competition/server/referee.jar on run_22_vdhankar_ghafeleb #####
INPUT for vdhankar:
GAME
WHITE
29.4747223854065
........
..W.w...
.....w..
........
........
........
.....b.b
w.......
##### Running: /usr/bin/time -o time_22_vdhankar_ghafeleb.txt -f "%U" python3 homework.py > stulog.txt 2>&1 on vdhankar #####
child exited with value 1
##### ERROR: /usr/bin/time -o time_22_vdhankar_ghafeleb.txt -f "%U" python3 homework.py > stulog.txt 2>&1 on vdhankar #####
##### Output of failed program (stdout + stderr): #####
Traceback (most recent call last):
  File "homework.py", line 546, in <module>
    print(end-start)
NameError: name 'end' is not defined
##### End of output of failed program #####
##### vdhankar plays [E f6 g7] in 1.78566312789917s #####
##### Running: /usr/lib/jvm/jdk-14.0.1/bin/java -jar /lab/itti/projects/checkers-competition/server/referee.jar on run_22_vdhankar_ghafeleb #####
Move is valid
##### SUCCESS: /usr/lib/jvm/jdk-14.0.1/bin/java -jar /lab/itti/projects/checkers-competition/server/referee.jar on run_22_vdhankar_ghafeleb #####
INPUT for ghafeleb:
GAME
BLACK
288.62
........
..W.w.w.
........
........
........
........
.....b.b
w.......
##### Running: /usr/bin/time -o time_22_vdhankar_ghafeleb.txt -f "%U" python3 homework.py > stulog.txt 2>&1 on ghafeleb #####
##### SUCCESS: /usr/bin/time -o time_22_vdhankar_ghafeleb.txt -f "%U" python3 homework.py > stulog.txt 2>&1 on ghafeleb #####
##### ghafeleb plays [E f2 e1] in 0.17s #####
##### Running: /usr/lib/jvm/jdk-14.0.1/bin/java -jar /lab/itti/projects/checkers-competition/server/referee.jar on run_22_vdhankar_ghafeleb #####
Move is valid
##### SUCCESS: /usr/lib/jvm/jdk-14.0.1/bin/java -jar /lab/itti/projects/checkers-competition/server/referee.jar on run_22_vdhankar_ghafeleb #####
INPUT for vdhankar:
GAME
WHITE
27.6890592575073
........
..W.w.w.
........
........
........
........
.......b
w...B...
##### Running: /usr/bin/time -o time_22_vdhankar_ghafeleb.txt -f "%U" python3 homework.py > stulog.txt 2>&1 on vdhankar #####
child exited with value 1
##### ERROR: /usr/bin/time -o time_22_vdhankar_ghafeleb.txt -f "%U" python3 homework.py > stulog.txt 2>&1 on vdhankar #####
##### Output of failed program (stdout + stderr): #####
Traceback (most recent call last):
  File "homework.py", line 546, in <module>
    print(end-start)
NameError: name 'end' is not defined
##### End of output of failed program #####
##### vdhankar plays [E g7 f8] in 2.1492919921875s #####
##### Running: /usr/lib/jvm/jdk-14.0.1/bin/java -jar /lab/itti/projects/checkers-competition/server/referee.jar on run_22_vdhankar_ghafeleb #####
Move is valid
##### SUCCESS: /usr/lib/jvm/jdk-14.0.1/bin/java -jar /lab/itti/projects/checkers-competition/server/referee.jar on run_22_vdhankar_ghafeleb #####
INPUT for ghafeleb:
GAME
BLACK
288.45
.....W..
..W.w...
........
........
........
........
.......b
w...B...
##### Running: /usr/bin/time -o time_22_vdhankar_ghafeleb.txt -f "%U" python3 homework.py > stulog.txt 2>&1 on ghafeleb #####
##### SUCCESS: /usr/bin/time -o time_22_vdhankar_ghafeleb.txt -f "%U" python3 homework.py > stulog.txt 2>&1 on ghafeleb #####
##### ghafeleb plays [E h2 g1] in 0.17s #####
##### Running: /usr/lib/jvm/jdk-14.0.1/bin/java -jar /lab/itti/projects/checkers-competition/server/referee.jar on run_22_vdhankar_ghafeleb #####
Move is valid
##### SUCCESS: /usr/lib/jvm/jdk-14.0.1/bin/java -jar /lab/itti/projects/checkers-competition/server/referee.jar on run_22_vdhankar_ghafeleb #####
INPUT for vdhankar:
GAME
WHITE
25.5397672653198
.....W..
..W.w...
........
........
........
........
........
w...B.B.
##### Running: /usr/bin/time -o time_22_vdhankar_ghafeleb.txt -f "%U" python3 homework.py > stulog.txt 2>&1 on vdhankar #####
child exited with value 1
##### ERROR: /usr/bin/time -o time_22_vdhankar_ghafeleb.txt -f "%U" python3 homework.py > stulog.txt 2>&1 on vdhankar #####
##### Output of failed program (stdout + stderr): #####
Traceback (most recent call last):
  File "homework.py", line 546, in <module>
    print(end-start)
NameError: name 'end' is not defined
##### End of output of failed program #####
##### vdhankar plays [E e7 d8] in 2.00412893295288s #####
##### Running: /usr/lib/jvm/jdk-14.0.1/bin/java -jar /lab/itti/projects/checkers-competition/server/referee.jar on run_22_vdhankar_ghafeleb #####
Move is valid
##### SUCCESS: /usr/lib/jvm/jdk-14.0.1/bin/java -jar /lab/itti/projects/checkers-competition/server/referee.jar on run_22_vdhankar_ghafeleb #####
INPUT for ghafeleb:
GAME
BLACK
288.28
...W.W..
..W.....
........
........
........
........
........
w...B.B.
##### Running: /usr/bin/time -o time_22_vdhankar_ghafeleb.txt -f "%U" python3 homework.py > stulog.txt 2>&1 on ghafeleb #####
##### SUCCESS: /usr/bin/time -o time_22_vdhankar_ghafeleb.txt -f "%U" python3 homework.py > stulog.txt 2>&1 on ghafeleb #####
##### ghafeleb plays [E e1 f2] in 0.2s #####
##### Running: /usr/lib/jvm/jdk-14.0.1/bin/java -jar /lab/itti/projects/checkers-competition/server/referee.jar on run_22_vdhankar_ghafeleb #####
Move is valid
##### SUCCESS: /usr/lib/jvm/jdk-14.0.1/bin/java -jar /lab/itti/projects/checkers-competition/server/referee.jar on run_22_vdhankar_ghafeleb #####
INPUT for vdhankar:
GAME
WHITE
23.5356383323669
...W.W..
..W.....
........
........
........
........
.....B..
w.....B.
##### Running: /usr/bin/time -o time_22_vdhankar_ghafeleb.txt -f "%U" python3 homework.py > stulog.txt 2>&1 on vdhankar #####
child exited with value 1
##### ERROR: /usr/bin/time -o time_22_vdhankar_ghafeleb.txt -f "%U" python3 homework.py > stulog.txt 2>&1 on vdhankar #####
##### Output of failed program (stdout + stderr): #####
Traceback (most recent call last):
  File "homework.py", line 546, in <module>
    print(end-start)
NameError: name 'end' is not defined
##### End of output of failed program #####
##### vdhankar plays [E c7 d6] in 0.406902074813843s #####
##### Running: /usr/lib/jvm/jdk-14.0.1/bin/java -jar /lab/itti/projects/checkers-competition/server/referee.jar on run_22_vdhankar_ghafeleb #####
Move is valid
##### SUCCESS: /usr/lib/jvm/jdk-14.0.1/bin/java -jar /lab/itti/projects/checkers-competition/server/referee.jar on run_22_vdhankar_ghafeleb #####
INPUT for ghafeleb:
GAME
BLACK
288.08
...W.W..
........
...W....
........
........
........
.....B..
w.....B.
##### Running: /usr/bin/time -o time_22_vdhankar_ghafeleb.txt -f "%U" python3 homework.py > stulog.txt 2>&1 on ghafeleb #####
##### SUCCESS: /usr/bin/time -o time_22_vdhankar_ghafeleb.txt -f "%U" python3 homework.py > stulog.txt 2>&1 on ghafeleb #####
##### ghafeleb plays [E f2 g3] in 0.21s #####
##### Running: /usr/lib/jvm/jdk-14.0.1/bin/java -jar /lab/itti/projects/checkers-competition/server/referee.jar on run_22_vdhankar_ghafeleb #####
Move is valid
##### SUCCESS: /usr/lib/jvm/jdk-14.0.1/bin/java -jar /lab/itti/projects/checkers-competition/server/referee.jar on run_22_vdhankar_ghafeleb #####
INPUT for vdhankar:
GAME
WHITE
23.1287362575531
...W.W..
........
...W....
........
........
......B.
........
w.....B.
##### Running: /usr/bin/time -o time_22_vdhankar_ghafeleb.txt -f "%U" python3 homework.py > stulog.txt 2>&1 on vdhankar #####
child exited with value 1
##### ERROR: /usr/bin/time -o time_22_vdhankar_ghafeleb.txt -f "%U" python3 homework.py > stulog.txt 2>&1 on vdhankar #####
##### Output of failed program (stdout + stderr): #####
Traceback (most recent call last):
  File "homework.py", line 546, in <module>
    print(end-start)
NameError: name 'end' is not defined
##### End of output of failed program #####
##### vdhankar plays [E d6 e5] in 0.399672031402588s #####
##### Running: /usr/lib/jvm/jdk-14.0.1/bin/java -jar /lab/itti/projects/checkers-competition/server/referee.jar on run_22_vdhankar_ghafeleb #####
Move is valid
##### SUCCESS: /usr/lib/jvm/jdk-14.0.1/bin/java -jar /lab/itti/projects/checkers-competition/server/referee.jar on run_22_vdhankar_ghafeleb #####
INPUT for ghafeleb:
GAME
BLACK
287.87
...W.W..
........
........
....W...
........
......B.
........
w.....B.
##### Running: /usr/bin/time -o time_22_vdhankar_ghafeleb.txt -f "%U" python3 homework.py > stulog.txt 2>&1 on ghafeleb #####
##### SUCCESS: /usr/bin/time -o time_22_vdhankar_ghafeleb.txt -f "%U" python3 homework.py > stulog.txt 2>&1 on ghafeleb #####
##### ghafeleb plays [E g3 f2] in 0.21s #####
##### Running: /usr/lib/jvm/jdk-14.0.1/bin/java -jar /lab/itti/projects/checkers-competition/server/referee.jar on run_22_vdhankar_ghafeleb #####
Move is valid
##### SUCCESS: /usr/lib/jvm/jdk-14.0.1/bin/java -jar /lab/itti/projects/checkers-competition/server/referee.jar on run_22_vdhankar_ghafeleb #####
INPUT for vdhankar:
GAME
WHITE
22.7290642261505
...W.W..
........
........
....W...
........
........
.....B..
w.....B.
##### Running: /usr/bin/time -o time_22_vdhankar_ghafeleb.txt -f "%U" python3 homework.py > stulog.txt 2>&1 on vdhankar #####
child exited with value 1
##### ERROR: /usr/bin/time -o time_22_vdhankar_ghafeleb.txt -f "%U" python3 homework.py > stulog.txt 2>&1 on vdhankar #####
##### Output of failed program (stdout + stderr): #####
Traceback (most recent call last):
  File "homework.py", line 546, in <module>
    print(end-start)
NameError: name 'end' is not defined
##### End of output of failed program #####
##### vdhankar plays [E f8 g7] in 0.433070182800293s #####
##### Running: /usr/lib/jvm/jdk-14.0.1/bin/java -jar /lab/itti/projects/checkers-competition/server/referee.jar on run_22_vdhankar_ghafeleb #####
Move is valid
##### SUCCESS: /usr/lib/jvm/jdk-14.0.1/bin/java -jar /lab/itti/projects/checkers-competition/server/referee.jar on run_22_vdhankar_ghafeleb #####
INPUT for ghafeleb:
GAME
BLACK
287.66
...W....
......W.
........
....W...
........
........
.....B..
w.....B.
##### Running: /usr/bin/time -o time_22_vdhankar_ghafeleb.txt -f "%U" python3 homework.py > stulog.txt 2>&1 on ghafeleb #####
##### SUCCESS: /usr/bin/time -o time_22_vdhankar_ghafeleb.txt -f "%U" python3 homework.py > stulog.txt 2>&1 on ghafeleb #####
##### ghafeleb plays [E f2 g3] in 0.27s #####
##### Running: /usr/lib/jvm/jdk-14.0.1/bin/java -jar /lab/itti/projects/checkers-competition/server/referee.jar on run_22_vdhankar_ghafeleb #####
Move is valid
##### SUCCESS: /usr/lib/jvm/jdk-14.0.1/bin/java -jar /lab/itti/projects/checkers-competition/server/referee.jar on run_22_vdhankar_ghafeleb #####
INPUT for vdhankar:
GAME
WHITE
22.2959940433502
...W....
......W.
........
....W...
........
......B.
........
w.....B.
##### Running: /usr/bin/time -o time_22_vdhankar_ghafeleb.txt -f "%U" python3 homework.py > stulog.txt 2>&1 on vdhankar #####
child exited with value 1
##### ERROR: /usr/bin/time -o time_22_vdhankar_ghafeleb.txt -f "%U" python3 homework.py > stulog.txt 2>&1 on vdhankar #####
##### Output of failed program (stdout + stderr): #####
Traceback (most recent call last):
  File "homework.py", line 546, in <module>
    print(end-start)
NameError: name 'end' is not defined
##### End of output of failed program #####
##### vdhankar plays [E g7 f6] in 0.439791917800903s #####
##### Running: /usr/lib/jvm/jdk-14.0.1/bin/java -jar /lab/itti/projects/checkers-competition/server/referee.jar on run_22_vdhankar_ghafeleb #####
Move is valid
##### SUCCESS: /usr/lib/jvm/jdk-14.0.1/bin/java -jar /lab/itti/projects/checkers-competition/server/referee.jar on run_22_vdhankar_ghafeleb #####
INPUT for ghafeleb:
GAME
BLACK
287.39
...W....
........
.....W..
....W...
........
......B.
........
w.....B.
##### Running: /usr/bin/time -o time_22_vdhankar_ghafeleb.txt -f "%U" python3 homework.py > stulog.txt 2>&1 on ghafeleb #####
##### SUCCESS: /usr/bin/time -o time_22_vdhankar_ghafeleb.txt -f "%U" python3 homework.py > stulog.txt 2>&1 on ghafeleb #####
##### ghafeleb plays [E g3 h4] in 0.2s #####
##### Running: /usr/lib/jvm/jdk-14.0.1/bin/java -jar /lab/itti/projects/checkers-competition/server/referee.jar on run_22_vdhankar_ghafeleb #####
Move is valid
##### SUCCESS: /usr/lib/jvm/jdk-14.0.1/bin/java -jar /lab/itti/projects/checkers-competition/server/referee.jar on run_22_vdhankar_ghafeleb #####
INPUT for vdhankar:
GAME
WHITE
21.8562021255493
...W....
........
.....W..
....W...
.......B
........
........
w.....B.
##### Running: /usr/bin/time -o time_22_vdhankar_ghafeleb.txt -f "%U" python3 homework.py > stulog.txt 2>&1 on vdhankar #####
child exited with value 1
##### ERROR: /usr/bin/time -o time_22_vdhankar_ghafeleb.txt -f "%U" python3 homework.py > stulog.txt 2>&1 on vdhankar #####
##### Output of failed program (stdout + stderr): #####
Traceback (most recent call last):
  File "homework.py", line 546, in <module>
    print(end-start)
NameError: name 'end' is not defined
##### End of output of failed program #####
##### vdhankar plays [E e5 d4] in 0.399556159973145s #####
##### Running: /usr/lib/jvm/jdk-14.0.1/bin/java -jar /lab/itti/projects/checkers-competition/server/referee.jar on run_22_vdhankar_ghafeleb #####
Move is valid
##### SUCCESS: /usr/lib/jvm/jdk-14.0.1/bin/java -jar /lab/itti/projects/checkers-competition/server/referee.jar on run_22_vdhankar_ghafeleb #####
INPUT for ghafeleb:
GAME
BLACK
287.19
...W....
........
.....W..
........
...W...B
........
........
w.....B.
##### Running: /usr/bin/time -o time_22_vdhankar_ghafeleb.txt -f "%U" python3 homework.py > stulog.txt 2>&1 on ghafeleb #####
##### SUCCESS: /usr/bin/time -o time_22_vdhankar_ghafeleb.txt -f "%U" python3 homework.py > stulog.txt 2>&1 on ghafeleb #####
##### ghafeleb plays [E h4 g3] in 0.23s #####
##### Running: /usr/lib/jvm/jdk-14.0.1/bin/java -jar /lab/itti/projects/checkers-competition/server/referee.jar on run_22_vdhankar_ghafeleb #####
Move is valid
##### SUCCESS: /usr/lib/jvm/jdk-14.0.1/bin/java -jar /lab/itti/projects/checkers-competition/server/referee.jar on run_22_vdhankar_ghafeleb #####
INPUT for vdhankar:
GAME
WHITE
21.4566459655762
...W....
........
.....W..
........
...W....
......B.
........
w.....B.
##### Running: /usr/bin/time -o time_22_vdhankar_ghafeleb.txt -f "%U" python3 homework.py > stulog.txt 2>&1 on vdhankar #####
child exited with value 1
##### ERROR: /usr/bin/time -o time_22_vdhankar_ghafeleb.txt -f "%U" python3 homework.py > stulog.txt 2>&1 on vdhankar #####
##### Output of failed program (stdout + stderr): #####
Traceback (most recent call last):
  File "homework.py", line 546, in <module>
    print(end-start)
NameError: name 'end' is not defined
##### End of output of failed program #####
##### vdhankar plays [E f6 e5] in 0.479016065597534s #####
##### Running: /usr/lib/jvm/jdk-14.0.1/bin/java -jar /lab/itti/projects/checkers-competition/server/referee.jar on run_22_vdhankar_ghafeleb #####
Move is valid
##### SUCCESS: /usr/lib/jvm/jdk-14.0.1/bin/java -jar /lab/itti/projects/checkers-competition/server/referee.jar on run_22_vdhankar_ghafeleb #####
INPUT for ghafeleb:
GAME
BLACK
286.96
...W....
........
........
....W...
...W....
......B.
........
w.....B.
##### Running: /usr/bin/time -o time_22_vdhankar_ghafeleb.txt -f "%U" python3 homework.py > stulog.txt 2>&1 on ghafeleb #####
##### SUCCESS: /usr/bin/time -o time_22_vdhankar_ghafeleb.txt -f "%U" python3 homework.py > stulog.txt 2>&1 on ghafeleb #####
##### ghafeleb plays [E g3 f2] in 0.26s #####
##### Running: /usr/lib/jvm/jdk-14.0.1/bin/java -jar /lab/itti/projects/checkers-competition/server/referee.jar on run_22_vdhankar_ghafeleb #####
Move is valid
##### SUCCESS: /usr/lib/jvm/jdk-14.0.1/bin/java -jar /lab/itti/projects/checkers-competition/server/referee.jar on run_22_vdhankar_ghafeleb #####
INPUT for vdhankar:
GAME
WHITE
20.9776298999786
...W....
........
........
....W...
...W....
........
.....B..
w.....B.
##### Running: /usr/bin/time -o time_22_vdhankar_ghafeleb.txt -f "%U" python3 homework.py > stulog.txt 2>&1 on vdhankar #####
child exited with value 1
##### ERROR: /usr/bin/time -o time_22_vdhankar_ghafeleb.txt -f "%U" python3 homework.py > stulog.txt 2>&1 on vdhankar #####
##### Output of failed program (stdout + stderr): #####
Traceback (most recent call last):
  File "homework.py", line 546, in <module>
    print(end-start)
NameError: name 'end' is not defined
##### End of output of failed program #####
##### vdhankar plays [E e5 f4] in 0.374713897705078s #####
##### Running: /usr/lib/jvm/jdk-14.0.1/bin/java -jar /lab/itti/projects/checkers-competition/server/referee.jar on run_22_vdhankar_ghafeleb #####
Move is valid
##### SUCCESS: /usr/lib/jvm/jdk-14.0.1/bin/java -jar /lab/itti/projects/checkers-competition/server/referee.jar on run_22_vdhankar_ghafeleb #####
INPUT for ghafeleb:
GAME
BLACK
286.7
...W....
........
........
........
...W.W..
........
.....B..
w.....B.
##### Running: /usr/bin/time -o time_22_vdhankar_ghafeleb.txt -f "%U" python3 homework.py > stulog.txt 2>&1 on ghafeleb #####
##### SUCCESS: /usr/bin/time -o time_22_vdhankar_ghafeleb.txt -f "%U" python3 homework.py > stulog.txt 2>&1 on ghafeleb #####
##### ghafeleb plays [E f2 e1] in 0.22s #####
##### Running: /usr/lib/jvm/jdk-14.0.1/bin/java -jar /lab/itti/projects/checkers-competition/server/referee.jar on run_22_vdhankar_ghafeleb #####
Move is valid
##### SUCCESS: /usr/lib/jvm/jdk-14.0.1/bin/java -jar /lab/itti/projects/checkers-competition/server/referee.jar on run_22_vdhankar_ghafeleb #####
INPUT for vdhankar:
GAME
WHITE
20.6029160022736
...W....
........
........
........
...W.W..
........
........
w...B.B.
##### Running: /usr/bin/time -o time_22_vdhankar_ghafeleb.txt -f "%U" python3 homework.py > stulog.txt 2>&1 on vdhankar #####
child exited with value 1
##### ERROR: /usr/bin/time -o time_22_vdhankar_ghafeleb.txt -f "%U" python3 homework.py > stulog.txt 2>&1 on vdhankar #####
##### Output of failed program (stdout + stderr): #####
Traceback (most recent call last):
  File "homework.py", line 546, in <module>
    print(end-start)
NameError: name 'end' is not defined
##### End of output of failed program #####
##### vdhankar plays [E f4 e5] in 0.427937030792236s #####
##### Running: /usr/lib/jvm/jdk-14.0.1/bin/java -jar /lab/itti/projects/checkers-competition/server/referee.jar on run_22_vdhankar_ghafeleb #####
Move is valid
##### SUCCESS: /usr/lib/jvm/jdk-14.0.1/bin/java -jar /lab/itti/projects/checkers-competition/server/referee.jar on run_22_vdhankar_ghafeleb #####
INPUT for ghafeleb:
GAME
BLACK
286.48
...W....
........
........
....W...
...W....
........
........
w...B.B.
##### Running: /usr/bin/time -o time_22_vdhankar_ghafeleb.txt -f "%U" python3 homework.py > stulog.txt 2>&1 on ghafeleb #####
##### SUCCESS: /usr/bin/time -o time_22_vdhankar_ghafeleb.txt -f "%U" python3 homework.py > stulog.txt 2>&1 on ghafeleb #####
##### ghafeleb plays [E e1 d2] in 0.21s #####
##### Running: /usr/lib/jvm/jdk-14.0.1/bin/java -jar /lab/itti/projects/checkers-competition/server/referee.jar on run_22_vdhankar_ghafeleb #####
Move is valid
##### SUCCESS: /usr/lib/jvm/jdk-14.0.1/bin/java -jar /lab/itti/projects/checkers-competition/server/referee.jar on run_22_vdhankar_ghafeleb #####
INPUT for vdhankar:
GAME
WHITE
20.1749789714813
...W....
........
........
....W...
...W....
........
...B....
w.....B.
##### Running: /usr/bin/time -o time_22_vdhankar_ghafeleb.txt -f "%U" python3 homework.py > stulog.txt 2>&1 on vdhankar #####
child exited with value 1
##### ERROR: /usr/bin/time -o time_22_vdhankar_ghafeleb.txt -f "%U" python3 homework.py > stulog.txt 2>&1 on vdhankar #####
##### Output of failed program (stdout + stderr): #####
Traceback (most recent call last):
  File "homework.py", line 546, in <module>
    print(end-start)
NameError: name 'end' is not defined
##### End of output of failed program #####
##### vdhankar plays [E e5 f4] in 0.391419887542725s #####
##### Running: /usr/lib/jvm/jdk-14.0.1/bin/java -jar /lab/itti/projects/checkers-competition/server/referee.jar on run_22_vdhankar_ghafeleb #####
Move is valid
##### SUCCESS: /usr/lib/jvm/jdk-14.0.1/bin/java -jar /lab/itti/projects/checkers-competition/server/referee.jar on run_22_vdhankar_ghafeleb #####
INPUT for ghafeleb:
GAME
BLACK
286.27
...W....
........
........
........
...W.W..
........
...B....
w.....B.
##### Running: /usr/bin/time -o time_22_vdhankar_ghafeleb.txt -f "%U" python3 homework.py > stulog.txt 2>&1 on ghafeleb #####
##### SUCCESS: /usr/bin/time -o time_22_vdhankar_ghafeleb.txt -f "%U" python3 homework.py > stulog.txt 2>&1 on ghafeleb #####
##### ghafeleb plays [E d2 e1] in 0.28s #####
##### Running: /usr/lib/jvm/jdk-14.0.1/bin/java -jar /lab/itti/projects/checkers-competition/server/referee.jar on run_22_vdhankar_ghafeleb #####
Move is valid
##### SUCCESS: /usr/lib/jvm/jdk-14.0.1/bin/java -jar /lab/itti/projects/checkers-competition/server/referee.jar on run_22_vdhankar_ghafeleb #####
INPUT for vdhankar:
GAME
WHITE
19.7835590839386
...W....
........
........
........
...W.W..
........
........
w...B.B.
##### Running: /usr/bin/time -o time_22_vdhankar_ghafeleb.txt -f "%U" python3 homework.py > stulog.txt 2>&1 on vdhankar #####
child exited with value 1
##### ERROR: /usr/bin/time -o time_22_vdhankar_ghafeleb.txt -f "%U" python3 homework.py > stulog.txt 2>&1 on vdhankar #####
##### Output of failed program (stdout + stderr): #####
Traceback (most recent call last):
  File "homework.py", line 546, in <module>
    print(end-start)
NameError: name 'end' is not defined
##### End of output of failed program #####
##### vdhankar plays [E f4 e5] in 0.469308137893677s #####
##### Running: /usr/lib/jvm/jdk-14.0.1/bin/java -jar /lab/itti/projects/checkers-competition/server/referee.jar on run_22_vdhankar_ghafeleb #####
Move is valid
##### SUCCESS: /usr/lib/jvm/jdk-14.0.1/bin/java -jar /lab/itti/projects/checkers-competition/server/referee.jar on run_22_vdhankar_ghafeleb #####
INPUT for ghafeleb:
GAME
BLACK
285.99
...W....
........
........
....W...
...W....
........
........
w...B.B.
##### Running: /usr/bin/time -o time_22_vdhankar_ghafeleb.txt -f "%U" python3 homework.py > stulog.txt 2>&1 on ghafeleb #####
##### SUCCESS: /usr/bin/time -o time_22_vdhankar_ghafeleb.txt -f "%U" python3 homework.py > stulog.txt 2>&1 on ghafeleb #####
##### ghafeleb plays [E e1 d2] in 0.19s #####
##### Running: /usr/lib/jvm/jdk-14.0.1/bin/java -jar /lab/itti/projects/checkers-competition/server/referee.jar on run_22_vdhankar_ghafeleb #####
Move is valid
##### SUCCESS: /usr/lib/jvm/jdk-14.0.1/bin/java -jar /lab/itti/projects/checkers-competition/server/referee.jar on run_22_vdhankar_ghafeleb #####
INPUT for vdhankar:
GAME
WHITE
19.3142509460449
...W....
........
........
....W...
...W....
........
...B....
w.....B.
##### Running: /usr/bin/time -o time_22_vdhankar_ghafeleb.txt -f "%U" python3 homework.py > stulog.txt 2>&1 on vdhankar #####
child exited with value 1
##### ERROR: /usr/bin/time -o time_22_vdhankar_ghafeleb.txt -f "%U" python3 homework.py > stulog.txt 2>&1 on vdhankar #####
##### Output of failed program (stdout + stderr): #####
Traceback (most recent call last):
  File "homework.py", line 546, in <module>
    print(end-start)
NameError: name 'end' is not defined
##### End of output of failed program #####
##### vdhankar plays [E e5 f4] in 0.626478910446167s #####
##### Running: /usr/lib/jvm/jdk-14.0.1/bin/java -jar /lab/itti/projects/checkers-competition/server/referee.jar on run_22_vdhankar_ghafeleb #####
Move is valid
##### SUCCESS: /usr/lib/jvm/jdk-14.0.1/bin/java -jar /lab/itti/projects/checkers-competition/server/referee.jar on run_22_vdhankar_ghafeleb #####
INPUT for ghafeleb:
GAME
BLACK
285.8
...W....
........
........
........
...W.W..
........
...B....
w.....B.
##### Running: /usr/bin/time -o time_22_vdhankar_ghafeleb.txt -f "%U" python3 homework.py > stulog.txt 2>&1 on ghafeleb #####
##### SUCCESS: /usr/bin/time -o time_22_vdhankar_ghafeleb.txt -f "%U" python3 homework.py > stulog.txt 2>&1 on ghafeleb #####
##### ghafeleb plays [E d2 e1] in 0.29s #####
##### Running: /usr/lib/jvm/jdk-14.0.1/bin/java -jar /lab/itti/projects/checkers-competition/server/referee.jar on run_22_vdhankar_ghafeleb #####
Move is valid
##### SUCCESS: /usr/lib/jvm/jdk-14.0.1/bin/java -jar /lab/itti/projects/checkers-competition/server/referee.jar on run_22_vdhankar_ghafeleb #####
INPUT for vdhankar:
GAME
WHITE
18.6877720355988
...W....
........
........
........
...W.W..
........
........
w...B.B.
##### Running: /usr/bin/time -o time_22_vdhankar_ghafeleb.txt -f "%U" python3 homework.py > stulog.txt 2>&1 on vdhankar #####
child exited with value 1
##### ERROR: /usr/bin/time -o time_22_vdhankar_ghafeleb.txt -f "%U" python3 homework.py > stulog.txt 2>&1 on vdhankar #####
##### Output of failed program (stdout + stderr): #####
Traceback (most recent call last):
  File "homework.py", line 546, in <module>
    print(end-start)
NameError: name 'end' is not defined
##### End of output of failed program #####
##### vdhankar plays [E f4 e5] in 0.416969060897827s #####
##### Running: /usr/lib/jvm/jdk-14.0.1/bin/java -jar /lab/itti/projects/checkers-competition/server/referee.jar on run_22_vdhankar_ghafeleb #####
Move is valid
Seen this position 3 times
*** Game ends in draw ***
##### SUCCESS: /usr/lib/jvm/jdk-14.0.1/bin/java -jar /lab/itti/projects/checkers-competition/server/referee.jar on run_22_vdhankar_ghafeleb #####
##### GAME ENDS IN A DRAW. Time left for vdhankar: 18.2708029747009s, ghafeleb: 285.51s
Server said: DRAW
##### GAME OVER: the game ends in a draw, ghafeleb wins by time remaining #####
########## ROUND 22 GAMESCORE AFTER GAME 3: vdhankar=1 and ghafeleb=2 ##########
#################### ROUND 22: vdhankar (B) vs ghafeleb (W): game 4 ####################
##### game start! #####
INPUT for vdhankar:
GAME
BLACK
300
.b.b.b.b
b.b.b.b.
.b.b.b.b
........
........
w.w.w.w.
.w.w.w.w
w.w.w.w.
##### Running: /usr/bin/time -o time_22_vdhankar_ghafeleb.txt -f "%U" python3 homework.py > stulog.txt 2>&1 on vdhankar #####
child exited with value 1
##### ERROR: /usr/bin/time -o time_22_vdhankar_ghafeleb.txt -f "%U" python3 homework.py > stulog.txt 2>&1 on vdhankar #####
##### Output of failed program (stdout + stderr): #####
Traceback (most recent call last):
  File "homework.py", line 546, in <module>
    print(end-start)
NameError: name 'end' is not defined
##### End of output of failed program #####
##### vdhankar plays [E h6 g5] in 11.5528440475464s #####
##### Running: /usr/lib/jvm/jdk-14.0.1/bin/java -jar /lab/itti/projects/checkers-competition/server/referee.jar on run_22_vdhankar_ghafeleb #####
Move is valid
Couldn't read file 'current_ply.txt'
Couldn't read content from file 'current_ply.txt'
Couldn't read file 'lastmatchange_ply.txt'
Couldn't read content from file 'lastmatchange_ply.txt'
##### SUCCESS: /usr/lib/jvm/jdk-14.0.1/bin/java -jar /lab/itti/projects/checkers-competition/server/referee.jar on run_22_vdhankar_ghafeleb #####
INPUT for ghafeleb:
GAME
WHITE
300
.b.b.b.b
b.b.b.b.
.b.b.b..
......b.
........
w.w.w.w.
.w.w.w.w
w.w.w.w.
##### Running: /usr/bin/time -o time_22_vdhankar_ghafeleb.txt -f "%U" python3 homework.py > stulog.txt 2>&1 on ghafeleb #####
##### SUCCESS: /usr/bin/time -o time_22_vdhankar_ghafeleb.txt -f "%U" python3 homework.py > stulog.txt 2>&1 on ghafeleb #####
##### ghafeleb plays [E g3 h4] in 1.21s #####
##### Running: /usr/lib/jvm/jdk-14.0.1/bin/java -jar /lab/itti/projects/checkers-competition/server/referee.jar on run_22_vdhankar_ghafeleb #####
Move is valid
##### SUCCESS: /usr/lib/jvm/jdk-14.0.1/bin/java -jar /lab/itti/projects/checkers-competition/server/referee.jar on run_22_vdhankar_ghafeleb #####
INPUT for vdhankar:
GAME
BLACK
288.447155952454
.b.b.b.b
b.b.b.b.
.b.b.b..
......b.
.......w
w.w.w...
.w.w.w.w
w.w.w.w.
##### Running: /usr/bin/time -o time_22_vdhankar_ghafeleb.txt -f "%U" python3 homework.py > stulog.txt 2>&1 on vdhankar #####
child exited with value 1
##### ERROR: /usr/bin/time -o time_22_vdhankar_ghafeleb.txt -f "%U" python3 homework.py > stulog.txt 2>&1 on vdhankar #####
##### Output of failed program (stdout + stderr): #####
Traceback (most recent call last):
  File "homework.py", line 546, in <module>
    print(end-start)
NameError: name 'end' is not defined
##### End of output of failed program #####
##### vdhankar plays [E f6 e5] in 12.4898879528046s #####
##### Running: /usr/lib/jvm/jdk-14.0.1/bin/java -jar /lab/itti/projects/checkers-competition/server/referee.jar on run_22_vdhankar_ghafeleb #####
Move is valid
##### SUCCESS: /usr/lib/jvm/jdk-14.0.1/bin/java -jar /lab/itti/projects/checkers-competition/server/referee.jar on run_22_vdhankar_ghafeleb #####
INPUT for ghafeleb:
GAME
WHITE
298.79
.b.b.b.b
b.b.b.b.
.b.b....
....b.b.
.......w
w.w.w...
.w.w.w.w
w.w.w.w.
##### Running: /usr/bin/time -o time_22_vdhankar_ghafeleb.txt -f "%U" python3 homework.py > stulog.txt 2>&1 on ghafeleb #####
##### SUCCESS: /usr/bin/time -o time_22_vdhankar_ghafeleb.txt -f "%U" python3 homework.py > stulog.txt 2>&1 on ghafeleb #####
##### ghafeleb plays [J h4 f6] in 0.16s #####
##### Running: /usr/lib/jvm/jdk-14.0.1/bin/java -jar /lab/itti/projects/checkers-competition/server/referee.jar on run_22_vdhankar_ghafeleb #####
Move is valid
##### SUCCESS: /usr/lib/jvm/jdk-14.0.1/bin/java -jar /lab/itti/projects/checkers-competition/server/referee.jar on run_22_vdhankar_ghafeleb #####
INPUT for vdhankar:
GAME
BLACK
275.957267999649
.b.b.b.b
b.b.b.b.
.b.b.w..
....b...
........
w.w.w...
.w.w.w.w
w.w.w.w.
##### Running: /usr/bin/time -o time_22_vdhankar_ghafeleb.txt -f "%U" python3 homework.py > stulog.txt 2>&1 on vdhankar #####
child exited with value 1
##### ERROR: /usr/bin/time -o time_22_vdhankar_ghafeleb.txt -f "%U" python3 homework.py > stulog.txt 2>&1 on vdhankar #####
##### Output of failed program (stdout + stderr): #####
Traceback (most recent call last):
  File "homework.py", line 546, in <module>
    print(end-start)
NameError: name 'end' is not defined
##### End of output of failed program #####
##### vdhankar plays [J e7 g5] in 8.91284799575806s #####
##### Running: /usr/lib/jvm/jdk-14.0.1/bin/java -jar /lab/itti/projects/checkers-competition/server/referee.jar on run_22_vdhankar_ghafeleb #####
Move is valid
##### SUCCESS: /usr/lib/jvm/jdk-14.0.1/bin/java -jar /lab/itti/projects/checkers-competition/server/referee.jar on run_22_vdhankar_ghafeleb #####
INPUT for ghafeleb:
GAME
WHITE
298.63
.b.b.b.b
b.b...b.
.b.b....
....b.b.
........
w.w.w...
.w.w.w.w
w.w.w.w.
##### Running: /usr/bin/time -o time_22_vdhankar_ghafeleb.txt -f "%U" python3 homework.py > stulog.txt 2>&1 on ghafeleb #####
##### SUCCESS: /usr/bin/time -o time_22_vdhankar_ghafeleb.txt -f "%U" python3 homework.py > stulog.txt 2>&1 on ghafeleb #####
##### ghafeleb plays [E e3 f4] in 0.71s #####
##### Running: /usr/lib/jvm/jdk-14.0.1/bin/java -jar /lab/itti/projects/checkers-competition/server/referee.jar on run_22_vdhankar_ghafeleb #####
Move is valid
##### SUCCESS: /usr/lib/jvm/jdk-14.0.1/bin/java -jar /lab/itti/projects/checkers-competition/server/referee.jar on run_22_vdhankar_ghafeleb #####
INPUT for vdhankar:
GAME
BLACK
267.044420003891
.b.b.b.b
b.b...b.
.b.b....
....b.b.
.....w..
w.w.....
.w.w.w.w
w.w.w.w.
##### Running: /usr/bin/time -o time_22_vdhankar_ghafeleb.txt -f "%U" python3 homework.py > stulog.txt 2>&1 on vdhankar #####
child exited with value 1
##### ERROR: /usr/bin/time -o time_22_vdhankar_ghafeleb.txt -f "%U" python3 homework.py > stulog.txt 2>&1 on vdhankar #####
##### Output of failed program (stdout + stderr): #####
Traceback (most recent call last):
  File "homework.py", line 546, in <module>
    print(end-start)
NameError: name 'end' is not defined
##### End of output of failed program #####
##### vdhankar plays [J g5 e3] in 3.64354085922241s #####
##### Running: /usr/lib/jvm/jdk-14.0.1/bin/java -jar /lab/itti/projects/checkers-competition/server/referee.jar on run_22_vdhankar_ghafeleb #####
Move is valid
##### SUCCESS: /usr/lib/jvm/jdk-14.0.1/bin/java -jar /lab/itti/projects/checkers-competition/server/referee.jar on run_22_vdhankar_ghafeleb #####
INPUT for ghafeleb:
GAME
WHITE
297.92
.b.b.b.b
b.b...b.
.b.b....
....b...
........
w.w.b...
.w.w.w.w
w.w.w.w.
##### Running: /usr/bin/time -o time_22_vdhankar_ghafeleb.txt -f "%U" python3 homework.py > stulog.txt 2>&1 on ghafeleb #####
##### SUCCESS: /usr/bin/time -o time_22_vdhankar_ghafeleb.txt -f "%U" python3 homework.py > stulog.txt 2>&1 on ghafeleb #####
##### ghafeleb plays [J f2 d4 ; J d4 f6] in 0.21s #####
##### Running: /usr/lib/jvm/jdk-14.0.1/bin/java -jar /lab/itti/projects/checkers-competition/server/referee.jar on run_22_vdhankar_ghafeleb #####
Move is valid
##### SUCCESS: /usr/lib/jvm/jdk-14.0.1/bin/java -jar /lab/itti/projects/checkers-competition/server/referee.jar on run_22_vdhankar_ghafeleb #####
INPUT for vdhankar:
GAME
BLACK
263.400879144669
.b.b.b.b
b.b...b.
.b.b.w..
........
........
w.w.....
.w.w...w
w.w.w.w.
##### Running: /usr/bin/time -o time_22_vdhankar_ghafeleb.txt -f "%U" python3 homework.py > stulog.txt 2>&1 on vdhankar #####
child exited with value 1
##### ERROR: /usr/bin/time -o time_22_vdhankar_ghafeleb.txt -f "%U" python3 homework.py > stulog.txt 2>&1 on vdhankar #####
##### Output of failed program (stdout + stderr): #####
Traceback (most recent call last):
  File "homework.py", line 546, in <module>
    print(end-start)
NameError: name 'end' is not defined
##### End of output of failed program #####
##### vdhankar plays [J g7 e5] in 12.7654659748077s #####
##### Running: /usr/lib/jvm/jdk-14.0.1/bin/java -jar /lab/itti/projects/checkers-competition/server/referee.jar on run_22_vdhankar_ghafeleb #####
Move is valid
##### SUCCESS: /usr/lib/jvm/jdk-14.0.1/bin/java -jar /lab/itti/projects/checkers-competition/server/referee.jar on run_22_vdhankar_ghafeleb #####
INPUT for ghafeleb:
GAME
WHITE
297.71
.b.b.b.b
b.b.....
.b.b....
....b...
........
w.w.....
.w.w...w
w.w.w.w.
##### Running: /usr/bin/time -o time_22_vdhankar_ghafeleb.txt -f "%U" python3 homework.py > stulog.txt 2>&1 on ghafeleb #####
##### SUCCESS: /usr/bin/time -o time_22_vdhankar_ghafeleb.txt -f "%U" python3 homework.py > stulog.txt 2>&1 on ghafeleb #####
##### ghafeleb plays [E c3 d4] in 0.46s #####
##### Running: /usr/lib/jvm/jdk-14.0.1/bin/java -jar /lab/itti/projects/checkers-competition/server/referee.jar on run_22_vdhankar_ghafeleb #####
Move is valid
##### SUCCESS: /usr/lib/jvm/jdk-14.0.1/bin/java -jar /lab/itti/projects/checkers-competition/server/referee.jar on run_22_vdhankar_ghafeleb #####
INPUT for vdhankar:
GAME
BLACK
250.635413169861
.b.b.b.b
b.b.....
.b.b....
....b...
...w....
w.......
.w.w...w
w.w.w.w.
##### Running: /usr/bin/time -o time_22_vdhankar_ghafeleb.txt -f "%U" python3 homework.py > stulog.txt 2>&1 on vdhankar #####
child exited with value 1
##### ERROR: /usr/bin/time -o time_22_vdhankar_ghafeleb.txt -f "%U" python3 homework.py > stulog.txt 2>&1 on vdhankar #####
##### Output of failed program (stdout + stderr): #####
Traceback (most recent call last):
  File "homework.py", line 546, in <module>
    print(end-start)
NameError: name 'end' is not defined
##### End of output of failed program #####
##### vdhankar plays [J e5 c3] in 3.7685010433197s #####
##### Running: /usr/lib/jvm/jdk-14.0.1/bin/java -jar /lab/itti/projects/checkers-competition/server/referee.jar on run_22_vdhankar_ghafeleb #####
Move is valid
##### SUCCESS: /usr/lib/jvm/jdk-14.0.1/bin/java -jar /lab/itti/projects/checkers-competition/server/referee.jar on run_22_vdhankar_ghafeleb #####
INPUT for ghafeleb:
GAME
WHITE
297.25
.b.b.b.b
b.b.....
.b.b....
........
........
w.b.....
.w.w...w
w.w.w.w.
##### Running: /usr/bin/time -o time_22_vdhankar_ghafeleb.txt -f "%U" python3 homework.py > stulog.txt 2>&1 on ghafeleb #####
##### SUCCESS: /usr/bin/time -o time_22_vdhankar_ghafeleb.txt -f "%U" python3 homework.py > stulog.txt 2>&1 on ghafeleb #####
##### ghafeleb plays [J b2 d4] in 0.28s #####
##### Running: /usr/lib/jvm/jdk-14.0.1/bin/java -jar /lab/itti/projects/checkers-competition/server/referee.jar on run_22_vdhankar_ghafeleb #####
Move is valid
##### SUCCESS: /usr/lib/jvm/jdk-14.0.1/bin/java -jar /lab/itti/projects/checkers-competition/server/referee.jar on run_22_vdhankar_ghafeleb #####
INPUT for vdhankar:
GAME
BLACK
246.866912126541
.b.b.b.b
b.b.....
.b.b....
........
...w....
w.......
...w...w
w.w.w.w.
##### Running: /usr/bin/time -o time_22_vdhankar_ghafeleb.txt -f "%U" python3 homework.py > stulog.txt 2>&1 on vdhankar #####
child exited with value 1
##### ERROR: /usr/bin/time -o time_22_vdhankar_ghafeleb.txt -f "%U" python3 homework.py > stulog.txt 2>&1 on vdhankar #####
##### Output of failed program (stdout + stderr): #####
Traceback (most recent call last):
  File "homework.py", line 546, in <module>
    print(end-start)
NameError: name 'end' is not defined
##### End of output of failed program #####
##### vdhankar plays [E d6 c5] in 38.2092938423157s #####
##### Running: /usr/lib/jvm/jdk-14.0.1/bin/java -jar /lab/itti/projects/checkers-competition/server/referee.jar on run_22_vdhankar_ghafeleb #####
Move is valid
##### SUCCESS: /usr/lib/jvm/jdk-14.0.1/bin/java -jar /lab/itti/projects/checkers-competition/server/referee.jar on run_22_vdhankar_ghafeleb #####
INPUT for ghafeleb:
GAME
WHITE
296.97
.b.b.b.b
b.b.....
.b......
..b.....
...w....
w.......
...w...w
w.w.w.w.
##### Running: /usr/bin/time -o time_22_vdhankar_ghafeleb.txt -f "%U" python3 homework.py > stulog.txt 2>&1 on ghafeleb #####
##### SUCCESS: /usr/bin/time -o time_22_vdhankar_ghafeleb.txt -f "%U" python3 homework.py > stulog.txt 2>&1 on ghafeleb #####
##### ghafeleb plays [E h2 g3] in 0.53s #####
##### Running: /usr/lib/jvm/jdk-14.0.1/bin/java -jar /lab/itti/projects/checkers-competition/server/referee.jar on run_22_vdhankar_ghafeleb #####
Move is valid
##### SUCCESS: /usr/lib/jvm/jdk-14.0.1/bin/java -jar /lab/itti/projects/checkers-competition/server/referee.jar on run_22_vdhankar_ghafeleb #####
INPUT for vdhankar:
GAME
BLACK
208.657618284225
.b.b.b.b
b.b.....
.b......
..b.....
...w....
w.....w.
...w....
w.w.w.w.
##### Running: /usr/bin/time -o time_22_vdhankar_ghafeleb.txt -f "%U" python3 homework.py > stulog.txt 2>&1 on vdhankar #####
child exited with value 1
##### ERROR: /usr/bin/time -o time_22_vdhankar_ghafeleb.txt -f "%U" python3 homework.py > stulog.txt 2>&1 on vdhankar #####
##### Output of failed program (stdout + stderr): #####
Traceback (most recent call last):
  File "homework.py", line 546, in <module>
    print(end-start)
NameError: name 'end' is not defined
##### End of output of failed program #####
##### vdhankar plays [J c5 e3] in 4.24952101707458s #####
##### Running: /usr/lib/jvm/jdk-14.0.1/bin/java -jar /lab/itti/projects/checkers-competition/server/referee.jar on run_22_vdhankar_ghafeleb #####
Move is valid
##### SUCCESS: /usr/lib/jvm/jdk-14.0.1/bin/java -jar /lab/itti/projects/checkers-competition/server/referee.jar on run_22_vdhankar_ghafeleb #####
INPUT for ghafeleb:
GAME
WHITE
296.44
.b.b.b.b
b.b.....
.b......
........
........
w...b.w.
...w....
w.w.w.w.
##### Running: /usr/bin/time -o time_22_vdhankar_ghafeleb.txt -f "%U" python3 homework.py > stulog.txt 2>&1 on ghafeleb #####
##### SUCCESS: /usr/bin/time -o time_22_vdhankar_ghafeleb.txt -f "%U" python3 homework.py > stulog.txt 2>&1 on ghafeleb #####
##### ghafeleb plays [J d2 f4] in 0.2s #####
##### Running: /usr/lib/jvm/jdk-14.0.1/bin/java -jar /lab/itti/projects/checkers-competition/server/referee.jar on run_22_vdhankar_ghafeleb #####
Move is valid
##### SUCCESS: /usr/lib/jvm/jdk-14.0.1/bin/java -jar /lab/itti/projects/checkers-competition/server/referee.jar on run_22_vdhankar_ghafeleb #####
INPUT for vdhankar:
GAME
BLACK
204.408097267151
.b.b.b.b
b.b.....
.b......
........
.....w..
w.....w.
........
w.w.w.w.
##### Running: /usr/bin/time -o time_22_vdhankar_ghafeleb.txt -f "%U" python3 homework.py > stulog.txt 2>&1 on vdhankar #####
child exited with value 1
##### ERROR: /usr/bin/time -o time_22_vdhankar_ghafeleb.txt -f "%U" python3 homework.py > stulog.txt 2>&1 on vdhankar #####
##### Output of failed program (stdout + stderr): #####
Traceback (most recent call last):
  File "homework.py", line 546, in <module>
    print(end-start)
NameError: name 'end' is not defined
##### End of output of failed program #####
##### vdhankar plays [E b6 c5] in 53.6109459400177s #####
##### Running: /usr/lib/jvm/jdk-14.0.1/bin/java -jar /lab/itti/projects/checkers-competition/server/referee.jar on run_22_vdhankar_ghafeleb #####
Move is valid
##### SUCCESS: /usr/lib/jvm/jdk-14.0.1/bin/java -jar /lab/itti/projects/checkers-competition/server/referee.jar on run_22_vdhankar_ghafeleb #####
INPUT for ghafeleb:
GAME
WHITE
296.24
.b.b.b.b
b.b.....
........
..b.....
.....w..
w.....w.
........
w.w.w.w.
##### Running: /usr/bin/time -o time_22_vdhankar_ghafeleb.txt -f "%U" python3 homework.py > stulog.txt 2>&1 on ghafeleb #####
##### SUCCESS: /usr/bin/time -o time_22_vdhankar_ghafeleb.txt -f "%U" python3 homework.py > stulog.txt 2>&1 on ghafeleb #####
##### ghafeleb plays [E f4 g5] in 0.6s #####
##### Running: /usr/lib/jvm/jdk-14.0.1/bin/java -jar /lab/itti/projects/checkers-competition/server/referee.jar on run_22_vdhankar_ghafeleb #####
Move is valid
##### SUCCESS: /usr/lib/jvm/jdk-14.0.1/bin/java -jar /lab/itti/projects/checkers-competition/server/referee.jar on run_22_vdhankar_ghafeleb #####
INPUT for vdhankar:
GAME
BLACK
150.797151327133
.b.b.b.b
b.b.....
........
..b...w.
........
w.....w.
........
w.w.w.w.
##### Running: /usr/bin/time -o time_22_vdhankar_ghafeleb.txt -f "%U" python3 homework.py > stulog.txt 2>&1 on vdhankar #####
child exited with value 1
##### ERROR: /usr/bin/time -o time_22_vdhankar_ghafeleb.txt -f "%U" python3 homework.py > stulog.txt 2>&1 on vdhankar #####
##### Output of failed program (stdout + stderr): #####
Traceback (most recent call last):
  File "homework.py", line 546, in <module>
    print(end-start)
NameError: name 'end' is not defined
##### End of output of failed program #####
##### vdhankar plays [E c7 d6] in 63.5782239437103s #####
##### Running: /usr/lib/jvm/jdk-14.0.1/bin/java -jar /lab/itti/projects/checkers-competition/server/referee.jar on run_22_vdhankar_ghafeleb #####
Move is valid
##### SUCCESS: /usr/lib/jvm/jdk-14.0.1/bin/java -jar /lab/itti/projects/checkers-competition/server/referee.jar on run_22_vdhankar_ghafeleb #####
INPUT for ghafeleb:
GAME
WHITE
295.64
.b.b.b.b
b.......
...b....
..b...w.
........
w.....w.
........
w.w.w.w.
##### Running: /usr/bin/time -o time_22_vdhankar_ghafeleb.txt -f "%U" python3 homework.py > stulog.txt 2>&1 on ghafeleb #####
##### SUCCESS: /usr/bin/time -o time_22_vdhankar_ghafeleb.txt -f "%U" python3 homework.py > stulog.txt 2>&1 on ghafeleb #####
##### ghafeleb plays [E g3 f4] in 0.65s #####
##### Running: /usr/lib/jvm/jdk-14.0.1/bin/java -jar /lab/itti/projects/checkers-competition/server/referee.jar on run_22_vdhankar_ghafeleb #####
Move is valid
##### SUCCESS: /usr/lib/jvm/jdk-14.0.1/bin/java -jar /lab/itti/projects/checkers-competition/server/referee.jar on run_22_vdhankar_ghafeleb #####
INPUT for vdhankar:
GAME
BLACK
87.2189273834229
.b.b.b.b
b.......
...b....
..b...w.
.....w..
w.......
........
w.w.w.w.
##### Running: /usr/bin/time -o time_22_vdhankar_ghafeleb.txt -f "%U" python3 homework.py > stulog.txt 2>&1 on vdhankar #####
child exited with value 1
##### ERROR: /usr/bin/time -o time_22_vdhankar_ghafeleb.txt -f "%U" python3 homework.py > stulog.txt 2>&1 on vdhankar #####
##### Output of failed program (stdout + stderr): #####
Traceback (most recent call last):
  File "homework.py", line 546, in <module>
    print(end-start)
NameError: name 'end' is not defined
##### End of output of failed program #####
##### vdhankar plays [E c5 d4] in 61.8845160007477s #####
##### Running: /usr/lib/jvm/jdk-14.0.1/bin/java -jar /lab/itti/projects/checkers-competition/server/referee.jar on run_22_vdhankar_ghafeleb #####
Move is valid
##### SUCCESS: /usr/lib/jvm/jdk-14.0.1/bin/java -jar /lab/itti/projects/checkers-competition/server/referee.jar on run_22_vdhankar_ghafeleb #####
INPUT for ghafeleb:
GAME
WHITE
294.99
.b.b.b.b
b.......
...b....
......w.
...b.w..
w.......
........
w.w.w.w.
##### Running: /usr/bin/time -o time_22_vdhankar_ghafeleb.txt -f "%U" python3 homework.py > stulog.txt 2>&1 on ghafeleb #####
##### SUCCESS: /usr/bin/time -o time_22_vdhankar_ghafeleb.txt -f "%U" python3 homework.py > stulog.txt 2>&1 on ghafeleb #####
##### ghafeleb plays [E g5 f6] in 0.71s #####
##### Running: /usr/lib/jvm/jdk-14.0.1/bin/java -jar /lab/itti/projects/checkers-competition/server/referee.jar on run_22_vdhankar_ghafeleb #####
Move is valid
##### SUCCESS: /usr/lib/jvm/jdk-14.0.1/bin/java -jar /lab/itti/projects/checkers-competition/server/referee.jar on run_22_vdhankar_ghafeleb #####
INPUT for vdhankar:
GAME
BLACK
25.3344113826752
.b.b.b.b
b.......
...b.w..
........
...b.w..
w.......
........
w.w.w.w.
##### Running: /usr/bin/time -o time_22_vdhankar_ghafeleb.txt -f "%U" python3 homework.py > stulog.txt 2>&1 on vdhankar #####
child exited with value 1
##### ERROR: /usr/bin/time -o time_22_vdhankar_ghafeleb.txt -f "%U" python3 homework.py > stulog.txt 2>&1 on vdhankar #####
##### Output of failed program (stdout + stderr): #####
Traceback (most recent call last):
  File "homework.py", line 546, in <module>
    print(end-start)
NameError: name 'end' is not defined
##### End of output of failed program #####
##### vdhankar plays [E f8 g7] in 5.90612506866455s #####
##### Running: /usr/lib/jvm/jdk-14.0.1/bin/java -jar /lab/itti/projects/checkers-competition/server/referee.jar on run_22_vdhankar_ghafeleb #####
Move is valid
##### SUCCESS: /usr/lib/jvm/jdk-14.0.1/bin/java -jar /lab/itti/projects/checkers-competition/server/referee.jar on run_22_vdhankar_ghafeleb #####
INPUT for ghafeleb:
GAME
WHITE
294.28
.b.b...b
b.....b.
...b.w..
........
...b.w..
w.......
........
w.w.w.w.
##### Running: /usr/bin/time -o time_22_vdhankar_ghafeleb.txt -f "%U" python3 homework.py > stulog.txt 2>&1 on ghafeleb #####
##### SUCCESS: /usr/bin/time -o time_22_vdhankar_ghafeleb.txt -f "%U" python3 homework.py > stulog.txt 2>&1 on ghafeleb #####
##### ghafeleb plays [E g1 h2] in 0.42s #####
##### Running: /usr/lib/jvm/jdk-14.0.1/bin/java -jar /lab/itti/projects/checkers-competition/server/referee.jar on run_22_vdhankar_ghafeleb #####
Move is valid
##### SUCCESS: /usr/lib/jvm/jdk-14.0.1/bin/java -jar /lab/itti/projects/checkers-competition/server/referee.jar on run_22_vdhankar_ghafeleb #####
INPUT for vdhankar:
GAME
BLACK
19.4282863140106
.b.b...b
b.....b.
...b.w..
........
...b.w..
w.......
.......w
w.w.w...
##### Running: /usr/bin/time -o time_22_vdhankar_ghafeleb.txt -f "%U" python3 homework.py > stulog.txt 2>&1 on vdhankar #####
child exited with value 1
##### ERROR: /usr/bin/time -o time_22_vdhankar_ghafeleb.txt -f "%U" python3 homework.py > stulog.txt 2>&1 on vdhankar #####
##### Output of failed program (stdout + stderr): #####
Traceback (most recent call last):
  File "homework.py", line 546, in <module>
    print(end-start)
NameError: name 'end' is not defined
##### End of output of failed program #####
##### vdhankar plays [J g7 e5 ; J e5 g3] in 0.342273950576782s #####
##### Running: /usr/lib/jvm/jdk-14.0.1/bin/java -jar /lab/itti/projects/checkers-competition/server/referee.jar on run_22_vdhankar_ghafeleb #####
Move is valid
##### SUCCESS: /usr/lib/jvm/jdk-14.0.1/bin/java -jar /lab/itti/projects/checkers-competition/server/referee.jar on run_22_vdhankar_ghafeleb #####
INPUT for ghafeleb:
GAME
WHITE
293.86
.b.b...b
b.......
...b....
........
...b....
w.....b.
.......w
w.w.w...
##### Running: /usr/bin/time -o time_22_vdhankar_ghafeleb.txt -f "%U" python3 homework.py > stulog.txt 2>&1 on ghafeleb #####
##### SUCCESS: /usr/bin/time -o time_22_vdhankar_ghafeleb.txt -f "%U" python3 homework.py > stulog.txt 2>&1 on ghafeleb #####
##### ghafeleb plays [J h2 f4] in 0.18s #####
##### Running: /usr/lib/jvm/jdk-14.0.1/bin/java -jar /lab/itti/projects/checkers-competition/server/referee.jar on run_22_vdhankar_ghafeleb #####
Move is valid
##### SUCCESS: /usr/lib/jvm/jdk-14.0.1/bin/java -jar /lab/itti/projects/checkers-competition/server/referee.jar on run_22_vdhankar_ghafeleb #####
INPUT for vdhankar:
GAME
BLACK
19.0860123634338
.b.b...b
b.......
...b....
........
...b.w..
w.......
........
w.w.w...
##### Running: /usr/bin/time -o time_22_vdhankar_ghafeleb.txt -f "%U" python3 homework.py > stulog.txt 2>&1 on vdhankar #####
child exited with value 1
##### ERROR: /usr/bin/time -o time_22_vdhankar_ghafeleb.txt -f "%U" python3 homework.py > stulog.txt 2>&1 on vdhankar #####
##### Output of failed program (stdout + stderr): #####
Traceback (most recent call last):
  File "homework.py", line 546, in <module>
    print(end-start)
NameError: name 'end' is not defined
##### End of output of failed program #####
##### vdhankar plays [E a7 b6] in 0.538378953933716s #####
##### Running: /usr/lib/jvm/jdk-14.0.1/bin/java -jar /lab/itti/projects/checkers-competition/server/referee.jar on run_22_vdhankar_ghafeleb #####
Move is valid
##### SUCCESS: /usr/lib/jvm/jdk-14.0.1/bin/java -jar /lab/itti/projects/checkers-competition/server/referee.jar on run_22_vdhankar_ghafeleb #####
INPUT for ghafeleb:
GAME
WHITE
293.68
.b.b...b
........
.b.b....
........
...b.w..
w.......
........
w.w.w...
##### Running: /usr/bin/time -o time_22_vdhankar_ghafeleb.txt -f "%U" python3 homework.py > stulog.txt 2>&1 on ghafeleb #####
##### SUCCESS: /usr/bin/time -o time_22_vdhankar_ghafeleb.txt -f "%U" python3 homework.py > stulog.txt 2>&1 on ghafeleb #####
##### ghafeleb plays [E a1 b2] in 0.45s #####
##### Running: /usr/lib/jvm/jdk-14.0.1/bin/java -jar /lab/itti/projects/checkers-competition/server/referee.jar on run_22_vdhankar_ghafeleb #####
Move is valid
##### SUCCESS: /usr/lib/jvm/jdk-14.0.1/bin/java -jar /lab/itti/projects/checkers-competition/server/referee.jar on run_22_vdhankar_ghafeleb #####
INPUT for vdhankar:
GAME
BLACK
18.5476334095001
.b.b...b
........
.b.b....
........
...b.w..
w.......
.w......
..w.w...
##### Running: /usr/bin/time -o time_22_vdhankar_ghafeleb.txt -f "%U" python3 homework.py > stulog.txt 2>&1 on vdhankar #####
child exited with value 1
##### ERROR: /usr/bin/time -o time_22_vdhankar_ghafeleb.txt -f "%U" python3 homework.py > stulog.txt 2>&1 on vdhankar #####
##### Output of failed program (stdout + stderr): #####
Traceback (most recent call last):
  File "homework.py", line 546, in <module>
    print(end-start)
NameError: name 'end' is not defined
##### End of output of failed program #####
##### vdhankar plays [E b6 c5] in 0.61798095703125s #####
##### Running: /usr/lib/jvm/jdk-14.0.1/bin/java -jar /lab/itti/projects/checkers-competition/server/referee.jar on run_22_vdhankar_ghafeleb #####
Move is valid
##### SUCCESS: /usr/lib/jvm/jdk-14.0.1/bin/java -jar /lab/itti/projects/checkers-competition/server/referee.jar on run_22_vdhankar_ghafeleb #####
INPUT for ghafeleb:
GAME
WHITE
293.23
.b.b...b
........
...b....
..b.....
...b.w..
w.......
.w......
..w.w...
##### Running: /usr/bin/time -o time_22_vdhankar_ghafeleb.txt -f "%U" python3 homework.py > stulog.txt 2>&1 on ghafeleb #####
##### SUCCESS: /usr/bin/time -o time_22_vdhankar_ghafeleb.txt -f "%U" python3 homework.py > stulog.txt 2>&1 on ghafeleb #####
##### ghafeleb plays [E c1 d2] in 0.36s #####
##### Running: /usr/lib/jvm/jdk-14.0.1/bin/java -jar /lab/itti/projects/checkers-competition/server/referee.jar on run_22_vdhankar_ghafeleb #####
Move is valid
##### SUCCESS: /usr/lib/jvm/jdk-14.0.1/bin/java -jar /lab/itti/projects/checkers-competition/server/referee.jar on run_22_vdhankar_ghafeleb #####
INPUT for vdhankar:
GAME
BLACK
17.9296524524689
.b.b...b
........
...b....
..b.....
...b.w..
w.......
.w.w....
....w...
##### Running: /usr/bin/time -o time_22_vdhankar_ghafeleb.txt -f "%U" python3 homework.py > stulog.txt 2>&1 on vdhankar #####
child exited with value 1
##### ERROR: /usr/bin/time -o time_22_vdhankar_ghafeleb.txt -f "%U" python3 homework.py > stulog.txt 2>&1 on vdhankar #####
##### Output of failed program (stdout + stderr): #####
Traceback (most recent call last):
  File "homework.py", line 546, in <module>
    print(end-start)
NameError: name 'end' is not defined
##### End of output of failed program #####
##### vdhankar plays [E d4 e3] in 0.525147914886475s #####
##### Running: /usr/lib/jvm/jdk-14.0.1/bin/java -jar /lab/itti/projects/checkers-competition/server/referee.jar on run_22_vdhankar_ghafeleb #####
Move is valid
##### SUCCESS: /usr/lib/jvm/jdk-14.0.1/bin/java -jar /lab/itti/projects/checkers-competition/server/referee.jar on run_22_vdhankar_ghafeleb #####
INPUT for ghafeleb:
GAME
WHITE
292.87
.b.b...b
........
...b....
..b.....
.....w..
w...b...
.w.w....
....w...
##### Running: /usr/bin/time -o time_22_vdhankar_ghafeleb.txt -f "%U" python3 homework.py > stulog.txt 2>&1 on ghafeleb #####
##### SUCCESS: /usr/bin/time -o time_22_vdhankar_ghafeleb.txt -f "%U" python3 homework.py > stulog.txt 2>&1 on ghafeleb #####
##### ghafeleb plays [E d2 c3] in 0.31s #####
##### Running: /usr/lib/jvm/jdk-14.0.1/bin/java -jar /lab/itti/projects/checkers-competition/server/referee.jar on run_22_vdhankar_ghafeleb #####
Move is valid
##### SUCCESS: /usr/lib/jvm/jdk-14.0.1/bin/java -jar /lab/itti/projects/checkers-competition/server/referee.jar on run_22_vdhankar_ghafeleb #####
INPUT for vdhankar:
GAME
BLACK
17.4045045375824
.b.b...b
........
...b....
..b.....
.....w..
w.w.b...
.w......
....w...
##### Running: /usr/bin/time -o time_22_vdhankar_ghafeleb.txt -f "%U" python3 homework.py > stulog.txt 2>&1 on vdhankar #####
child exited with value 1
##### ERROR: /usr/bin/time -o time_22_vdhankar_ghafeleb.txt -f "%U" python3 homework.py > stulog.txt 2>&1 on vdhankar #####
##### Output of failed program (stdout + stderr): #####
Traceback (most recent call last):
  File "homework.py", line 546, in <module>
    print(end-start)
NameError: name 'end' is not defined
##### End of output of failed program #####
##### vdhankar plays [E e3 d2] in 0.495409965515137s #####
##### Running: /usr/lib/jvm/jdk-14.0.1/bin/java -jar /lab/itti/projects/checkers-competition/server/referee.jar on run_22_vdhankar_ghafeleb #####
Move is valid
##### SUCCESS: /usr/lib/jvm/jdk-14.0.1/bin/java -jar /lab/itti/projects/checkers-competition/server/referee.jar on run_22_vdhankar_ghafeleb #####
INPUT for ghafeleb:
GAME
WHITE
292.56
.b.b...b
........
...b....
..b.....
.....w..
w.w.....
.w.b....
....w...
##### Running: /usr/bin/time -o time_22_vdhankar_ghafeleb.txt -f "%U" python3 homework.py > stulog.txt 2>&1 on ghafeleb #####
##### SUCCESS: /usr/bin/time -o time_22_vdhankar_ghafeleb.txt -f "%U" python3 homework.py > stulog.txt 2>&1 on ghafeleb #####
##### ghafeleb plays [E c3 d4] in 0.32s #####
##### Running: /usr/lib/jvm/jdk-14.0.1/bin/java -jar /lab/itti/projects/checkers-competition/server/referee.jar on run_22_vdhankar_ghafeleb #####
Move is valid
##### SUCCESS: /usr/lib/jvm/jdk-14.0.1/bin/java -jar /lab/itti/projects/checkers-competition/server/referee.jar on run_22_vdhankar_ghafeleb #####
INPUT for vdhankar:
GAME
BLACK
16.9090945720673
.b.b...b
........
...b....
..b.....
...w.w..
w.......
.w.b....
....w...
##### Running: /usr/bin/time -o time_22_vdhankar_ghafeleb.txt -f "%U" python3 homework.py > stulog.txt 2>&1 on vdhankar #####
child exited with value 1
##### ERROR: /usr/bin/time -o time_22_vdhankar_ghafeleb.txt -f "%U" python3 homework.py > stulog.txt 2>&1 on vdhankar #####
##### Output of failed program (stdout + stderr): #####
Traceback (most recent call last):
  File "homework.py", line 546, in <module>
    print(end-start)
NameError: name 'end' is not defined
##### End of output of failed program #####
##### vdhankar plays [J c5 e3] in 0.366210222244263s #####
##### Running: /usr/lib/jvm/jdk-14.0.1/bin/java -jar /lab/itti/projects/checkers-competition/server/referee.jar on run_22_vdhankar_ghafeleb #####
Move is valid
##### SUCCESS: /usr/lib/jvm/jdk-14.0.1/bin/java -jar /lab/itti/projects/checkers-competition/server/referee.jar on run_22_vdhankar_ghafeleb #####
INPUT for ghafeleb:
GAME
WHITE
292.24
.b.b...b
........
...b....
........
.....w..
w...b...
.w.b....
....w...
##### Running: /usr/bin/time -o time_22_vdhankar_ghafeleb.txt -f "%U" python3 homework.py > stulog.txt 2>&1 on ghafeleb #####
##### SUCCESS: /usr/bin/time -o time_22_vdhankar_ghafeleb.txt -f "%U" python3 homework.py > stulog.txt 2>&1 on ghafeleb #####
##### ghafeleb plays [J e1 c3] in 0.15s #####
##### Running: /usr/lib/jvm/jdk-14.0.1/bin/java -jar /lab/itti/projects/checkers-competition/server/referee.jar on run_22_vdhankar_ghafeleb #####
Move is valid
##### SUCCESS: /usr/lib/jvm/jdk-14.0.1/bin/java -jar /lab/itti/projects/checkers-competition/server/referee.jar on run_22_vdhankar_ghafeleb #####
INPUT for vdhankar:
GAME
BLACK
16.542884349823
.b.b...b
........
...b....
........
.....w..
w.w.b...
.w......
........
##### Running: /usr/bin/time -o time_22_vdhankar_ghafeleb.txt -f "%U" python3 homework.py > stulog.txt 2>&1 on vdhankar #####
child exited with value 1
##### ERROR: /usr/bin/time -o time_22_vdhankar_ghafeleb.txt -f "%U" python3 homework.py > stulog.txt 2>&1 on vdhankar #####
##### Output of failed program (stdout + stderr): #####
Traceback (most recent call last):
  File "homework.py", line 546, in <module>
    print(end-start)
NameError: name 'end' is not defined
##### End of output of failed program #####
##### vdhankar plays [E e3 d2] in 0.469961881637573s #####
##### Running: /usr/lib/jvm/jdk-14.0.1/bin/java -jar /lab/itti/projects/checkers-competition/server/referee.jar on run_22_vdhankar_ghafeleb #####
Move is valid
##### SUCCESS: /usr/lib/jvm/jdk-14.0.1/bin/java -jar /lab/itti/projects/checkers-competition/server/referee.jar on run_22_vdhankar_ghafeleb #####
INPUT for ghafeleb:
GAME
WHITE
292.09
.b.b...b
........
...b....
........
.....w..
w.w.....
.w.b....
........
##### Running: /usr/bin/time -o time_22_vdhankar_ghafeleb.txt -f "%U" python3 homework.py > stulog.txt 2>&1 on ghafeleb #####
##### SUCCESS: /usr/bin/time -o time_22_vdhankar_ghafeleb.txt -f "%U" python3 homework.py > stulog.txt 2>&1 on ghafeleb #####
##### ghafeleb plays [E a3 b4] in 0.33s #####
##### Running: /usr/lib/jvm/jdk-14.0.1/bin/java -jar /lab/itti/projects/checkers-competition/server/referee.jar on run_22_vdhankar_ghafeleb #####
Move is valid
##### SUCCESS: /usr/lib/jvm/jdk-14.0.1/bin/java -jar /lab/itti/projects/checkers-competition/server/referee.jar on run_22_vdhankar_ghafeleb #####
INPUT for vdhankar:
GAME
BLACK
16.0729224681854
.b.b...b
........
...b....
........
.w...w..
..w.....
.w.b....
........
##### Running: /usr/bin/time -o time_22_vdhankar_ghafeleb.txt -f "%U" python3 homework.py > stulog.txt 2>&1 on vdhankar #####
child exited with value 1
##### ERROR: /usr/bin/time -o time_22_vdhankar_ghafeleb.txt -f "%U" python3 homework.py > stulog.txt 2>&1 on vdhankar #####
##### Output of failed program (stdout + stderr): #####
Traceback (most recent call last):
  File "homework.py", line 546, in <module>
    print(end-start)
NameError: name 'end' is not defined
##### End of output of failed program #####
##### vdhankar plays [E d2 c1] in 0.435796976089478s #####
##### Running: /usr/lib/jvm/jdk-14.0.1/bin/java -jar /lab/itti/projects/checkers-competition/server/referee.jar on run_22_vdhankar_ghafeleb #####
Move is valid
##### SUCCESS: /usr/lib/jvm/jdk-14.0.1/bin/java -jar /lab/itti/projects/checkers-competition/server/referee.jar on run_22_vdhankar_ghafeleb #####
INPUT for ghafeleb:
GAME
WHITE
291.76
.b.b...b
........
...b....
........
.w...w..
..w.....
.w......
..B.....
##### Running: /usr/bin/time -o time_22_vdhankar_ghafeleb.txt -f "%U" python3 homework.py > stulog.txt 2>&1 on ghafeleb #####
##### SUCCESS: /usr/bin/time -o time_22_vdhankar_ghafeleb.txt -f "%U" python3 homework.py > stulog.txt 2>&1 on ghafeleb #####
##### ghafeleb plays [E b2 a3] in 0.24s #####
##### Running: /usr/lib/jvm/jdk-14.0.1/bin/java -jar /lab/itti/projects/checkers-competition/server/referee.jar on run_22_vdhankar_ghafeleb #####
Move is valid
##### SUCCESS: /usr/lib/jvm/jdk-14.0.1/bin/java -jar /lab/itti/projects/checkers-competition/server/referee.jar on run_22_vdhankar_ghafeleb #####
INPUT for vdhankar:
GAME
BLACK
15.6371254920959
.b.b...b
........
...b....
........
.w...w..
w.w.....
........
..B.....
##### Running: /usr/bin/time -o time_22_vdhankar_ghafeleb.txt -f "%U" python3 homework.py > stulog.txt 2>&1 on vdhankar #####
child exited with value 1
##### ERROR: /usr/bin/time -o time_22_vdhankar_ghafeleb.txt -f "%U" python3 homework.py > stulog.txt 2>&1 on vdhankar #####
##### Output of failed program (stdout + stderr): #####
Traceback (most recent call last):
  File "homework.py", line 546, in <module>
    print(end-start)
NameError: name 'end' is not defined
##### End of output of failed program #####
##### vdhankar plays [E c1 b2] in 0.540168046951294s #####
##### Running: /usr/lib/jvm/jdk-14.0.1/bin/java -jar /lab/itti/projects/checkers-competition/server/referee.jar on run_22_vdhankar_ghafeleb #####
Move is valid
##### SUCCESS: /usr/lib/jvm/jdk-14.0.1/bin/java -jar /lab/itti/projects/checkers-competition/server/referee.jar on run_22_vdhankar_ghafeleb #####
INPUT for ghafeleb:
GAME
WHITE
291.52
.b.b...b
........
...b....
........
.w...w..
w.w.....
.B......
........
##### Running: /usr/bin/time -o time_22_vdhankar_ghafeleb.txt -f "%U" python3 homework.py > stulog.txt 2>&1 on ghafeleb #####
##### SUCCESS: /usr/bin/time -o time_22_vdhankar_ghafeleb.txt -f "%U" python3 homework.py > stulog.txt 2>&1 on ghafeleb #####
##### ghafeleb plays [E c3 d4] in 0.23s #####
##### Running: /usr/lib/jvm/jdk-14.0.1/bin/java -jar /lab/itti/projects/checkers-competition/server/referee.jar on run_22_vdhankar_ghafeleb #####
Move is valid
##### SUCCESS: /usr/lib/jvm/jdk-14.0.1/bin/java -jar /lab/itti/projects/checkers-competition/server/referee.jar on run_22_vdhankar_ghafeleb #####
INPUT for vdhankar:
GAME
BLACK
15.0969574451447
.b.b...b
........
...b....
........
.w.w.w..
w.......
.B......
........
##### Running: /usr/bin/time -o time_22_vdhankar_ghafeleb.txt -f "%U" python3 homework.py > stulog.txt 2>&1 on vdhankar #####
child exited with value 1
##### ERROR: /usr/bin/time -o time_22_vdhankar_ghafeleb.txt -f "%U" python3 homework.py > stulog.txt 2>&1 on vdhankar #####
##### Output of failed program (stdout + stderr): #####
Traceback (most recent call last):
  File "homework.py", line 546, in <module>
    print(end-start)
NameError: name 'end' is not defined
##### End of output of failed program #####
##### vdhankar plays [E b2 c3] in 0.436748027801514s #####
##### Running: /usr/lib/jvm/jdk-14.0.1/bin/java -jar /lab/itti/projects/checkers-competition/server/referee.jar on run_22_vdhankar_ghafeleb #####
Move is valid
##### SUCCESS: /usr/lib/jvm/jdk-14.0.1/bin/java -jar /lab/itti/projects/checkers-competition/server/referee.jar on run_22_vdhankar_ghafeleb #####
INPUT for ghafeleb:
GAME
WHITE
291.29
.b.b...b
........
...b....
........
.w.w.w..
w.B.....
........
........
##### Running: /usr/bin/time -o time_22_vdhankar_ghafeleb.txt -f "%U" python3 homework.py > stulog.txt 2>&1 on ghafeleb #####
##### SUCCESS: /usr/bin/time -o time_22_vdhankar_ghafeleb.txt -f "%U" python3 homework.py > stulog.txt 2>&1 on ghafeleb #####
##### ghafeleb plays [E d4 c5] in 0.2s #####
##### Running: /usr/lib/jvm/jdk-14.0.1/bin/java -jar /lab/itti/projects/checkers-competition/server/referee.jar on run_22_vdhankar_ghafeleb #####
Move is valid
##### SUCCESS: /usr/lib/jvm/jdk-14.0.1/bin/java -jar /lab/itti/projects/checkers-competition/server/referee.jar on run_22_vdhankar_ghafeleb #####
INPUT for vdhankar:
GAME
BLACK
14.6602094173431
.b.b...b
........
...b....
..w.....
.w...w..
w.B.....
........
........
##### Running: /usr/bin/time -o time_22_vdhankar_ghafeleb.txt -f "%U" python3 homework.py > stulog.txt 2>&1 on vdhankar #####
child exited with value 1
##### ERROR: /usr/bin/time -o time_22_vdhankar_ghafeleb.txt -f "%U" python3 homework.py > stulog.txt 2>&1 on vdhankar #####
##### Output of failed program (stdout + stderr): #####
Traceback (most recent call last):
  File "homework.py", line 546, in <module>
    print(end-start)
NameError: name 'end' is not defined
##### End of output of failed program #####
##### vdhankar plays [J c3 a5] in 0.328709125518799s #####
##### Running: /usr/lib/jvm/jdk-14.0.1/bin/java -jar /lab/itti/projects/checkers-competition/server/referee.jar on run_22_vdhankar_ghafeleb #####
Move is valid
##### SUCCESS: /usr/lib/jvm/jdk-14.0.1/bin/java -jar /lab/itti/projects/checkers-competition/server/referee.jar on run_22_vdhankar_ghafeleb #####
INPUT for ghafeleb:
GAME
WHITE
291.09
.b.b...b
........
...b....
B.w.....
.....w..
w.......
........
........
##### Running: /usr/bin/time -o time_22_vdhankar_ghafeleb.txt -f "%U" python3 homework.py > stulog.txt 2>&1 on ghafeleb #####
##### SUCCESS: /usr/bin/time -o time_22_vdhankar_ghafeleb.txt -f "%U" python3 homework.py > stulog.txt 2>&1 on ghafeleb #####
##### ghafeleb plays [J c5 e7] in 0.1s #####
##### Running: /usr/lib/jvm/jdk-14.0.1/bin/java -jar /lab/itti/projects/checkers-competition/server/referee.jar on run_22_vdhankar_ghafeleb #####
Move is valid
##### SUCCESS: /usr/lib/jvm/jdk-14.0.1/bin/java -jar /lab/itti/projects/checkers-competition/server/referee.jar on run_22_vdhankar_ghafeleb #####
INPUT for vdhankar:
GAME
BLACK
14.3315002918243
.b.b...b
....w...
........
B.......
.....w..
w.......
........
........
##### Running: /usr/bin/time -o time_22_vdhankar_ghafeleb.txt -f "%U" python3 homework.py > stulog.txt 2>&1 on vdhankar #####
child exited with value 1
##### ERROR: /usr/bin/time -o time_22_vdhankar_ghafeleb.txt -f "%U" python3 homework.py > stulog.txt 2>&1 on vdhankar #####
##### Output of failed program (stdout + stderr): #####
Traceback (most recent call last):
  File "homework.py", line 546, in <module>
    print(end-start)
NameError: name 'end' is not defined
##### End of output of failed program #####
##### vdhankar plays [J d8 f6] in 0.340007066726685s #####
##### Running: /usr/lib/jvm/jdk-14.0.1/bin/java -jar /lab/itti/projects/checkers-competition/server/referee.jar on run_22_vdhankar_ghafeleb #####
Move is valid
##### SUCCESS: /usr/lib/jvm/jdk-14.0.1/bin/java -jar /lab/itti/projects/checkers-competition/server/referee.jar on run_22_vdhankar_ghafeleb #####
INPUT for ghafeleb:
GAME
WHITE
290.99
.b.....b
........
.....b..
B.......
.....w..
w.......
........
........
##### Running: /usr/bin/time -o time_22_vdhankar_ghafeleb.txt -f "%U" python3 homework.py > stulog.txt 2>&1 on ghafeleb #####
##### SUCCESS: /usr/bin/time -o time_22_vdhankar_ghafeleb.txt -f "%U" python3 homework.py > stulog.txt 2>&1 on ghafeleb #####
##### ghafeleb plays [E a3 b4] in 0.11s #####
##### Running: /usr/lib/jvm/jdk-14.0.1/bin/java -jar /lab/itti/projects/checkers-competition/server/referee.jar on run_22_vdhankar_ghafeleb #####
Move is valid
##### SUCCESS: /usr/lib/jvm/jdk-14.0.1/bin/java -jar /lab/itti/projects/checkers-competition/server/referee.jar on run_22_vdhankar_ghafeleb #####
INPUT for vdhankar:
GAME
BLACK
13.9914932250977
.b.....b
........
.....b..
B.......
.w...w..
........
........
........
##### Running: /usr/bin/time -o time_22_vdhankar_ghafeleb.txt -f "%U" python3 homework.py > stulog.txt 2>&1 on vdhankar #####
child exited with value 1
##### ERROR: /usr/bin/time -o time_22_vdhankar_ghafeleb.txt -f "%U" python3 homework.py > stulog.txt 2>&1 on vdhankar #####
##### Output of failed program (stdout + stderr): #####
Traceback (most recent call last):
  File "homework.py", line 546, in <module>
    print(end-start)
NameError: name 'end' is not defined
##### End of output of failed program #####
##### vdhankar plays [J a5 c3] in 0.33635687828064s #####
##### Running: /usr/lib/jvm/jdk-14.0.1/bin/java -jar /lab/itti/projects/checkers-competition/server/referee.jar on run_22_vdhankar_ghafeleb #####
Move is valid
##### SUCCESS: /usr/lib/jvm/jdk-14.0.1/bin/java -jar /lab/itti/projects/checkers-competition/server/referee.jar on run_22_vdhankar_ghafeleb #####
INPUT for ghafeleb:
GAME
WHITE
290.88
.b.....b
........
.....b..
........
.....w..
..B.....
........
........
##### Running: /usr/bin/time -o time_22_vdhankar_ghafeleb.txt -f "%U" python3 homework.py > stulog.txt 2>&1 on ghafeleb #####
##### SUCCESS: /usr/bin/time -o time_22_vdhankar_ghafeleb.txt -f "%U" python3 homework.py > stulog.txt 2>&1 on ghafeleb #####
##### ghafeleb plays [E f4 g5] in 0.09s #####
##### Running: /usr/lib/jvm/jdk-14.0.1/bin/java -jar /lab/itti/projects/checkers-competition/server/referee.jar on run_22_vdhankar_ghafeleb #####
Move is valid
##### SUCCESS: /usr/lib/jvm/jdk-14.0.1/bin/java -jar /lab/itti/projects/checkers-competition/server/referee.jar on run_22_vdhankar_ghafeleb #####
INPUT for vdhankar:
GAME
BLACK
13.655136346817
.b.....b
........
.....b..
......w.
........
..B.....
........
........
##### Running: /usr/bin/time -o time_22_vdhankar_ghafeleb.txt -f "%U" python3 homework.py > stulog.txt 2>&1 on vdhankar #####
child exited with value 1
##### ERROR: /usr/bin/time -o time_22_vdhankar_ghafeleb.txt -f "%U" python3 homework.py > stulog.txt 2>&1 on vdhankar #####
##### Output of failed program (stdout + stderr): #####
Traceback (most recent call last):
  File "homework.py", line 546, in <module>
    print(end-start)
NameError: name 'end' is not defined
##### End of output of failed program #####
##### vdhankar plays [J f6 h4] in 0.329898118972778s #####
##### Running: /usr/lib/jvm/jdk-14.0.1/bin/java -jar /lab/itti/projects/checkers-competition/server/referee.jar on run_22_vdhankar_ghafeleb #####
Move is valid
After this move, player WHITE cannot make any moves
*** Winner: BLACK ***
##### SUCCESS: /usr/lib/jvm/jdk-14.0.1/bin/java -jar /lab/itti/projects/checkers-competition/server/referee.jar on run_22_vdhankar_ghafeleb #####
##### GAME OVER: vdhankar wins the game! #####
Server said: WIN
########## ROUND 22 GAMESCORE AFTER GAME 4: vdhankar=2 and ghafeleb=2 ##########


########## TIE ON ROUND 22 - BOTH PLAYERS ADVANCE TO NEXT ROUND ##########
