#################### ROUND 22: vdhankar (B) vs csankhe (W): game 1 ####################
##### game start! #####
INPUT for vdhankar:
GAME
BLACK
300
.b.b.b.b
b.b.b.b.
.b.b.b.b
........
........
w.w.w.w.
.w.w.w.w
w.w.w.w.
##### Running: /usr/bin/time -o time_22_vdhankar_csankhe.txt -f "%U" python3 homework.py > stulog.txt 2>&1 on vdhankar #####
child exited with value 1
##### ERROR: /usr/bin/time -o time_22_vdhankar_csankhe.txt -f "%U" python3 homework.py > stulog.txt 2>&1 on vdhankar #####
##### Output of failed program (stdout + stderr): #####
Traceback (most recent call last):
  File "homework.py", line 546, in <module>
    print(end-start)
NameError: name 'end' is not defined
##### End of output of failed program #####
##### vdhankar plays [E h6 g5] in 10.7374308109283s #####
##### Running: /usr/lib/jvm/jdk-14.0.1/bin/java -jar /lab/itti/projects/checkers-competition/server/referee.jar on run_22_vdhankar_csankhe #####
Move is valid
Couldn't read file 'current_ply.txt'
Couldn't read content from file 'current_ply.txt'
Couldn't read file 'lastmatchange_ply.txt'
Couldn't read content from file 'lastmatchange_ply.txt'
##### SUCCESS: /usr/lib/jvm/jdk-14.0.1/bin/java -jar /lab/itti/projects/checkers-competition/server/referee.jar on run_22_vdhankar_csankhe #####
INPUT for csankhe:
GAME
WHITE
300
.b.b.b.b
b.b.b.b.
.b.b.b..
......b.
........
w.w.w.w.
.w.w.w.w
w.w.w.w.
##### Running: /usr/bin/time -o time_22_vdhankar_csankhe.txt -f "%U" python3 homework.py > stulog.txt 2>&1 on csankhe #####
##### SUCCESS: /usr/bin/time -o time_22_vdhankar_csankhe.txt -f "%U" python3 homework.py > stulog.txt 2>&1 on csankhe #####
##### csankhe plays [E e3 f4] in 1.63s #####
##### Running: /usr/lib/jvm/jdk-14.0.1/bin/java -jar /lab/itti/projects/checkers-competition/server/referee.jar on run_22_vdhankar_csankhe #####
Move is valid
##### SUCCESS: /usr/lib/jvm/jdk-14.0.1/bin/java -jar /lab/itti/projects/checkers-competition/server/referee.jar on run_22_vdhankar_csankhe #####
INPUT for vdhankar:
GAME
BLACK
289.262569189072
.b.b.b.b
b.b.b.b.
.b.b.b..
......b.
.....w..
w.w...w.
.w.w.w.w
w.w.w.w.
##### Running: /usr/bin/time -o time_22_vdhankar_csankhe.txt -f "%U" python3 homework.py > stulog.txt 2>&1 on vdhankar #####
child exited with value 1
##### ERROR: /usr/bin/time -o time_22_vdhankar_csankhe.txt -f "%U" python3 homework.py > stulog.txt 2>&1 on vdhankar #####
##### Output of failed program (stdout + stderr): #####
Traceback (most recent call last):
  File "homework.py", line 546, in <module>
    print(end-start)
NameError: name 'end' is not defined
##### End of output of failed program #####
##### vdhankar plays [J g5 e3] in 2.92922210693359s #####
##### Running: /usr/lib/jvm/jdk-14.0.1/bin/java -jar /lab/itti/projects/checkers-competition/server/referee.jar on run_22_vdhankar_csankhe #####
Move is valid
##### SUCCESS: /usr/lib/jvm/jdk-14.0.1/bin/java -jar /lab/itti/projects/checkers-competition/server/referee.jar on run_22_vdhankar_csankhe #####
INPUT for csankhe:
GAME
WHITE
298.37
.b.b.b.b
b.b.b.b.
.b.b.b..
........
........
w.w.b.w.
.w.w.w.w
w.w.w.w.
##### Running: /usr/bin/time -o time_22_vdhankar_csankhe.txt -f "%U" python3 homework.py > stulog.txt 2>&1 on csankhe #####
##### SUCCESS: /usr/bin/time -o time_22_vdhankar_csankhe.txt -f "%U" python3 homework.py > stulog.txt 2>&1 on csankhe #####
##### csankhe plays [J f2 d4] in 0.69s #####
##### Running: /usr/lib/jvm/jdk-14.0.1/bin/java -jar /lab/itti/projects/checkers-competition/server/referee.jar on run_22_vdhankar_csankhe #####
Move is valid
##### SUCCESS: /usr/lib/jvm/jdk-14.0.1/bin/java -jar /lab/itti/projects/checkers-competition/server/referee.jar on run_22_vdhankar_csankhe #####
INPUT for vdhankar:
GAME
BLACK
286.333347082138
.b.b.b.b
b.b.b.b.
.b.b.b..
........
...w....
w.w...w.
.w.w...w
w.w.w.w.
##### Running: /usr/bin/time -o time_22_vdhankar_csankhe.txt -f "%U" python3 homework.py > stulog.txt 2>&1 on vdhankar #####
child exited with value 1
##### ERROR: /usr/bin/time -o time_22_vdhankar_csankhe.txt -f "%U" python3 homework.py > stulog.txt 2>&1 on vdhankar #####
##### Output of failed program (stdout + stderr): #####
Traceback (most recent call last):
  File "homework.py", line 546, in <module>
    print(end-start)
NameError: name 'end' is not defined
##### End of output of failed program #####
##### vdhankar plays [E f6 e5] in 8.35465383529663s #####
##### Running: /usr/lib/jvm/jdk-14.0.1/bin/java -jar /lab/itti/projects/checkers-competition/server/referee.jar on run_22_vdhankar_csankhe #####
Move is valid
##### SUCCESS: /usr/lib/jvm/jdk-14.0.1/bin/java -jar /lab/itti/projects/checkers-competition/server/referee.jar on run_22_vdhankar_csankhe #####
INPUT for csankhe:
GAME
WHITE
297.68
.b.b.b.b
b.b.b.b.
.b.b....
....b...
...w....
w.w...w.
.w.w...w
w.w.w.w.
##### Running: /usr/bin/time -o time_22_vdhankar_csankhe.txt -f "%U" python3 homework.py > stulog.txt 2>&1 on csankhe #####
##### SUCCESS: /usr/bin/time -o time_22_vdhankar_csankhe.txt -f "%U" python3 homework.py > stulog.txt 2>&1 on csankhe #####
##### csankhe plays [J d4 f6] in 0.21s #####
##### Running: /usr/lib/jvm/jdk-14.0.1/bin/java -jar /lab/itti/projects/checkers-competition/server/referee.jar on run_22_vdhankar_csankhe #####
Move is valid
##### SUCCESS: /usr/lib/jvm/jdk-14.0.1/bin/java -jar /lab/itti/projects/checkers-competition/server/referee.jar on run_22_vdhankar_csankhe #####
INPUT for vdhankar:
GAME
BLACK
277.978693246841
.b.b.b.b
b.b.b.b.
.b.b.w..
........
........
w.w...w.
.w.w...w
w.w.w.w.
##### Running: /usr/bin/time -o time_22_vdhankar_csankhe.txt -f "%U" python3 homework.py > stulog.txt 2>&1 on vdhankar #####
child exited with value 1
##### ERROR: /usr/bin/time -o time_22_vdhankar_csankhe.txt -f "%U" python3 homework.py > stulog.txt 2>&1 on vdhankar #####
##### Output of failed program (stdout + stderr): #####
Traceback (most recent call last):
  File "homework.py", line 546, in <module>
    print(end-start)
NameError: name 'end' is not defined
##### End of output of failed program #####
##### vdhankar plays [J g7 e5] in 18.9107451438904s #####
##### Running: /usr/lib/jvm/jdk-14.0.1/bin/java -jar /lab/itti/projects/checkers-competition/server/referee.jar on run_22_vdhankar_csankhe #####
Move is valid
##### SUCCESS: /usr/lib/jvm/jdk-14.0.1/bin/java -jar /lab/itti/projects/checkers-competition/server/referee.jar on run_22_vdhankar_csankhe #####
INPUT for csankhe:
GAME
WHITE
297.47
.b.b.b.b
b.b.b...
.b.b....
....b...
........
w.w...w.
.w.w...w
w.w.w.w.
##### Running: /usr/bin/time -o time_22_vdhankar_csankhe.txt -f "%U" python3 homework.py > stulog.txt 2>&1 on csankhe #####
##### SUCCESS: /usr/bin/time -o time_22_vdhankar_csankhe.txt -f "%U" python3 homework.py > stulog.txt 2>&1 on csankhe #####
##### csankhe plays [E d2 e3] in 1.51s #####
##### Running: /usr/lib/jvm/jdk-14.0.1/bin/java -jar /lab/itti/projects/checkers-competition/server/referee.jar on run_22_vdhankar_csankhe #####
Move is valid
##### SUCCESS: /usr/lib/jvm/jdk-14.0.1/bin/java -jar /lab/itti/projects/checkers-competition/server/referee.jar on run_22_vdhankar_csankhe #####
INPUT for vdhankar:
GAME
BLACK
259.067948102951
.b.b.b.b
b.b.b...
.b.b....
....b...
........
w.w.w.w.
.w.....w
w.w.w.w.
##### Running: /usr/bin/time -o time_22_vdhankar_csankhe.txt -f "%U" python3 homework.py > stulog.txt 2>&1 on vdhankar #####
child exited with value 1
##### ERROR: /usr/bin/time -o time_22_vdhankar_csankhe.txt -f "%U" python3 homework.py > stulog.txt 2>&1 on vdhankar #####
##### Output of failed program (stdout + stderr): #####
Traceback (most recent call last):
  File "homework.py", line 546, in <module>
    print(end-start)
NameError: name 'end' is not defined
##### End of output of failed program #####
##### vdhankar plays [E e5 d4] in 21.8976850509644s #####
##### Running: /usr/lib/jvm/jdk-14.0.1/bin/java -jar /lab/itti/projects/checkers-competition/server/referee.jar on run_22_vdhankar_csankhe #####
Move is valid
##### SUCCESS: /usr/lib/jvm/jdk-14.0.1/bin/java -jar /lab/itti/projects/checkers-competition/server/referee.jar on run_22_vdhankar_csankhe #####
INPUT for csankhe:
GAME
WHITE
295.96
.b.b.b.b
b.b.b...
.b.b....
........
...b....
w.w.w.w.
.w.....w
w.w.w.w.
##### Running: /usr/bin/time -o time_22_vdhankar_csankhe.txt -f "%U" python3 homework.py > stulog.txt 2>&1 on csankhe #####
##### SUCCESS: /usr/bin/time -o time_22_vdhankar_csankhe.txt -f "%U" python3 homework.py > stulog.txt 2>&1 on csankhe #####
##### csankhe plays [J e3 c5] in 0.19s #####
##### Running: /usr/lib/jvm/jdk-14.0.1/bin/java -jar /lab/itti/projects/checkers-competition/server/referee.jar on run_22_vdhankar_csankhe #####
Move is valid
##### SUCCESS: /usr/lib/jvm/jdk-14.0.1/bin/java -jar /lab/itti/projects/checkers-competition/server/referee.jar on run_22_vdhankar_csankhe #####
INPUT for vdhankar:
GAME
BLACK
237.170263051987
.b.b.b.b
b.b.b...
.b.b....
..w.....
........
w.w...w.
.w.....w
w.w.w.w.
##### Running: /usr/bin/time -o time_22_vdhankar_csankhe.txt -f "%U" python3 homework.py > stulog.txt 2>&1 on vdhankar #####
child exited with value 1
##### ERROR: /usr/bin/time -o time_22_vdhankar_csankhe.txt -f "%U" python3 homework.py > stulog.txt 2>&1 on vdhankar #####
##### Output of failed program (stdout + stderr): #####
Traceback (most recent call last):
  File "homework.py", line 546, in <module>
    print(end-start)
NameError: name 'end' is not defined
##### End of output of failed program #####
##### vdhankar plays [J d6 b4 ; J b4 d2] in 5.33982086181641s #####
##### Running: /usr/lib/jvm/jdk-14.0.1/bin/java -jar /lab/itti/projects/checkers-competition/server/referee.jar on run_22_vdhankar_csankhe #####
Move is valid
##### SUCCESS: /usr/lib/jvm/jdk-14.0.1/bin/java -jar /lab/itti/projects/checkers-competition/server/referee.jar on run_22_vdhankar_csankhe #####
INPUT for csankhe:
GAME
WHITE
295.77
.b.b.b.b
b.b.b...
.b......
........
........
w.....w.
.w.b...w
w.w.w.w.
##### Running: /usr/bin/time -o time_22_vdhankar_csankhe.txt -f "%U" python3 homework.py > stulog.txt 2>&1 on csankhe #####
##### SUCCESS: /usr/bin/time -o time_22_vdhankar_csankhe.txt -f "%U" python3 homework.py > stulog.txt 2>&1 on csankhe #####
##### csankhe plays [J c1 e3] in 0.75s #####
##### Running: /usr/lib/jvm/jdk-14.0.1/bin/java -jar /lab/itti/projects/checkers-competition/server/referee.jar on run_22_vdhankar_csankhe #####
Move is valid
##### SUCCESS: /usr/lib/jvm/jdk-14.0.1/bin/java -jar /lab/itti/projects/checkers-competition/server/referee.jar on run_22_vdhankar_csankhe #####
INPUT for vdhankar:
GAME
BLACK
231.83044219017
.b.b.b.b
b.b.b...
.b......
........
........
w...w.w.
.w.....w
w...w.w.
##### Running: /usr/bin/time -o time_22_vdhankar_csankhe.txt -f "%U" python3 homework.py > stulog.txt 2>&1 on vdhankar #####
child exited with value 1
##### ERROR: /usr/bin/time -o time_22_vdhankar_csankhe.txt -f "%U" python3 homework.py > stulog.txt 2>&1 on vdhankar #####
##### Output of failed program (stdout + stderr): #####
Traceback (most recent call last):
  File "homework.py", line 546, in <module>
    print(end-start)
NameError: name 'end' is not defined
##### End of output of failed program #####
##### vdhankar plays [E e7 f6] in 54.800252199173s #####
##### Running: /usr/lib/jvm/jdk-14.0.1/bin/java -jar /lab/itti/projects/checkers-competition/server/referee.jar on run_22_vdhankar_csankhe #####
Move is valid
##### SUCCESS: /usr/lib/jvm/jdk-14.0.1/bin/java -jar /lab/itti/projects/checkers-competition/server/referee.jar on run_22_vdhankar_csankhe #####
INPUT for csankhe:
GAME
WHITE
295.02
.b.b.b.b
b.b.....
.b...b..
........
........
w...w.w.
.w.....w
w...w.w.
##### Running: /usr/bin/time -o time_22_vdhankar_csankhe.txt -f "%U" python3 homework.py > stulog.txt 2>&1 on csankhe #####
##### SUCCESS: /usr/bin/time -o time_22_vdhankar_csankhe.txt -f "%U" python3 homework.py > stulog.txt 2>&1 on csankhe #####
##### csankhe plays [E g1 f2] in 4.01s #####
##### Running: /usr/lib/jvm/jdk-14.0.1/bin/java -jar /lab/itti/projects/checkers-competition/server/referee.jar on run_22_vdhankar_csankhe #####
Move is valid
##### SUCCESS: /usr/lib/jvm/jdk-14.0.1/bin/java -jar /lab/itti/projects/checkers-competition/server/referee.jar on run_22_vdhankar_csankhe #####
INPUT for vdhankar:
GAME
BLACK
177.030189990997
.b.b.b.b
b.b.....
.b...b..
........
........
w...w.w.
.w...w.w
w...w...
##### Running: /usr/bin/time -o time_22_vdhankar_csankhe.txt -f "%U" python3 homework.py > stulog.txt 2>&1 on vdhankar #####
child exited with value 1
##### ERROR: /usr/bin/time -o time_22_vdhankar_csankhe.txt -f "%U" python3 homework.py > stulog.txt 2>&1 on vdhankar #####
##### Output of failed program (stdout + stderr): #####
Traceback (most recent call last):
  File "homework.py", line 546, in <module>
    print(end-start)
NameError: name 'end' is not defined
##### End of output of failed program #####
##### vdhankar plays [E b6 c5] in 41.5465269088745s #####
##### Running: /usr/lib/jvm/jdk-14.0.1/bin/java -jar /lab/itti/projects/checkers-competition/server/referee.jar on run_22_vdhankar_csankhe #####
Move is valid
##### SUCCESS: /usr/lib/jvm/jdk-14.0.1/bin/java -jar /lab/itti/projects/checkers-competition/server/referee.jar on run_22_vdhankar_csankhe #####
INPUT for csankhe:
GAME
WHITE
291.01
.b.b.b.b
b.b.....
.....b..
..b.....
........
w...w.w.
.w...w.w
w...w...
##### Running: /usr/bin/time -o time_22_vdhankar_csankhe.txt -f "%U" python3 homework.py > stulog.txt 2>&1 on csankhe #####
##### SUCCESS: /usr/bin/time -o time_22_vdhankar_csankhe.txt -f "%U" python3 homework.py > stulog.txt 2>&1 on csankhe #####
##### csankhe plays [E e1 d2] in 2.28s #####
##### Running: /usr/lib/jvm/jdk-14.0.1/bin/java -jar /lab/itti/projects/checkers-competition/server/referee.jar on run_22_vdhankar_csankhe #####
Move is valid
##### SUCCESS: /usr/lib/jvm/jdk-14.0.1/bin/java -jar /lab/itti/projects/checkers-competition/server/referee.jar on run_22_vdhankar_csankhe #####
INPUT for vdhankar:
GAME
BLACK
135.483663082123
.b.b.b.b
b.b.....
.....b..
..b.....
........
w...w.w.
.w.w.w.w
w.......
##### Running: /usr/bin/time -o time_22_vdhankar_csankhe.txt -f "%U" python3 homework.py > stulog.txt 2>&1 on vdhankar #####
child exited with value 1
##### ERROR: /usr/bin/time -o time_22_vdhankar_csankhe.txt -f "%U" python3 homework.py > stulog.txt 2>&1 on vdhankar #####
##### Output of failed program (stdout + stderr): #####
Traceback (most recent call last):
  File "homework.py", line 546, in <module>
    print(end-start)
NameError: name 'end' is not defined
##### End of output of failed program #####
##### vdhankar plays [E f6 g5] in 82.7846319675446s #####
##### Running: /usr/lib/jvm/jdk-14.0.1/bin/java -jar /lab/itti/projects/checkers-competition/server/referee.jar on run_22_vdhankar_csankhe #####
Move is valid
##### SUCCESS: /usr/lib/jvm/jdk-14.0.1/bin/java -jar /lab/itti/projects/checkers-competition/server/referee.jar on run_22_vdhankar_csankhe #####
INPUT for csankhe:
GAME
WHITE
288.73
.b.b.b.b
b.b.....
........
..b...b.
........
w...w.w.
.w.w.w.w
w.......
##### Running: /usr/bin/time -o time_22_vdhankar_csankhe.txt -f "%U" python3 homework.py > stulog.txt 2>&1 on csankhe #####
##### SUCCESS: /usr/bin/time -o time_22_vdhankar_csankhe.txt -f "%U" python3 homework.py > stulog.txt 2>&1 on csankhe #####
##### csankhe plays [E g3 h4] in 1.09s #####
##### Running: /usr/lib/jvm/jdk-14.0.1/bin/java -jar /lab/itti/projects/checkers-competition/server/referee.jar on run_22_vdhankar_csankhe #####
Move is valid
##### SUCCESS: /usr/lib/jvm/jdk-14.0.1/bin/java -jar /lab/itti/projects/checkers-competition/server/referee.jar on run_22_vdhankar_csankhe #####
INPUT for vdhankar:
GAME
BLACK
52.6990311145782
.b.b.b.b
b.b.....
........
..b...b.
.......w
w...w...
.w.w.w.w
w.......
##### Running: /usr/bin/time -o time_22_vdhankar_csankhe.txt -f "%U" python3 homework.py > stulog.txt 2>&1 on vdhankar #####
child exited with value 1
##### ERROR: /usr/bin/time -o time_22_vdhankar_csankhe.txt -f "%U" python3 homework.py > stulog.txt 2>&1 on vdhankar #####
##### Output of failed program (stdout + stderr): #####
Traceback (most recent call last):
  File "homework.py", line 546, in <module>
    print(end-start)
NameError: name 'end' is not defined
##### End of output of failed program #####
##### vdhankar plays [E f8 e7] in 4.69415807723999s #####
##### Running: /usr/lib/jvm/jdk-14.0.1/bin/java -jar /lab/itti/projects/checkers-competition/server/referee.jar on run_22_vdhankar_csankhe #####
Move is valid
##### SUCCESS: /usr/lib/jvm/jdk-14.0.1/bin/java -jar /lab/itti/projects/checkers-competition/server/referee.jar on run_22_vdhankar_csankhe #####
INPUT for csankhe:
GAME
WHITE
287.64
.b.b...b
b.b.b...
........
..b...b.
.......w
w...w...
.w.w.w.w
w.......
##### Running: /usr/bin/time -o time_22_vdhankar_csankhe.txt -f "%U" python3 homework.py > stulog.txt 2>&1 on csankhe #####
##### SUCCESS: /usr/bin/time -o time_22_vdhankar_csankhe.txt -f "%U" python3 homework.py > stulog.txt 2>&1 on csankhe #####
##### csankhe plays [J h4 f6] in 0.12s #####
##### Running: /usr/lib/jvm/jdk-14.0.1/bin/java -jar /lab/itti/projects/checkers-competition/server/referee.jar on run_22_vdhankar_csankhe #####
Move is valid
##### SUCCESS: /usr/lib/jvm/jdk-14.0.1/bin/java -jar /lab/itti/projects/checkers-competition/server/referee.jar on run_22_vdhankar_csankhe #####
INPUT for vdhankar:
GAME
BLACK
48.0048730373383
.b.b...b
b.b.b...
.....w..
..b.....
........
w...w...
.w.w.w.w
w.......
##### Running: /usr/bin/time -o time_22_vdhankar_csankhe.txt -f "%U" python3 homework.py > stulog.txt 2>&1 on vdhankar #####
child exited with value 1
##### ERROR: /usr/bin/time -o time_22_vdhankar_csankhe.txt -f "%U" python3 homework.py > stulog.txt 2>&1 on vdhankar #####
##### Output of failed program (stdout + stderr): #####
Traceback (most recent call last):
  File "homework.py", line 546, in <module>
    print(end-start)
NameError: name 'end' is not defined
##### End of output of failed program #####
##### vdhankar plays [J e7 g5] in 2.83546710014343s #####
##### Running: /usr/lib/jvm/jdk-14.0.1/bin/java -jar /lab/itti/projects/checkers-competition/server/referee.jar on run_22_vdhankar_csankhe #####
Move is valid
##### SUCCESS: /usr/lib/jvm/jdk-14.0.1/bin/java -jar /lab/itti/projects/checkers-competition/server/referee.jar on run_22_vdhankar_csankhe #####
INPUT for csankhe:
GAME
WHITE
287.52
.b.b...b
b.b.....
........
..b...b.
........
w...w...
.w.w.w.w
w.......
##### Running: /usr/bin/time -o time_22_vdhankar_csankhe.txt -f "%U" python3 homework.py > stulog.txt 2>&1 on csankhe #####
##### SUCCESS: /usr/bin/time -o time_22_vdhankar_csankhe.txt -f "%U" python3 homework.py > stulog.txt 2>&1 on csankhe #####
##### csankhe plays [E h2 g3] in 0.82s #####
##### Running: /usr/lib/jvm/jdk-14.0.1/bin/java -jar /lab/itti/projects/checkers-competition/server/referee.jar on run_22_vdhankar_csankhe #####
Move is valid
##### SUCCESS: /usr/lib/jvm/jdk-14.0.1/bin/java -jar /lab/itti/projects/checkers-competition/server/referee.jar on run_22_vdhankar_csankhe #####
INPUT for vdhankar:
GAME
BLACK
45.1694059371948
.b.b...b
b.b.....
........
..b...b.
........
w...w.w.
.w.w.w..
w.......
##### Running: /usr/bin/time -o time_22_vdhankar_csankhe.txt -f "%U" python3 homework.py > stulog.txt 2>&1 on vdhankar #####
child exited with value 1
##### ERROR: /usr/bin/time -o time_22_vdhankar_csankhe.txt -f "%U" python3 homework.py > stulog.txt 2>&1 on vdhankar #####
##### Output of failed program (stdout + stderr): #####
Traceback (most recent call last):
  File "homework.py", line 546, in <module>
    print(end-start)
NameError: name 'end' is not defined
##### End of output of failed program #####
##### vdhankar plays [E g5 h4] in 6.9925479888916s #####
##### Running: /usr/lib/jvm/jdk-14.0.1/bin/java -jar /lab/itti/projects/checkers-competition/server/referee.jar on run_22_vdhankar_csankhe #####
Move is valid
##### SUCCESS: /usr/lib/jvm/jdk-14.0.1/bin/java -jar /lab/itti/projects/checkers-competition/server/referee.jar on run_22_vdhankar_csankhe #####
INPUT for csankhe:
GAME
WHITE
286.7
.b.b...b
b.b.....
........
..b.....
.......b
w...w.w.
.w.w.w..
w.......
##### Running: /usr/bin/time -o time_22_vdhankar_csankhe.txt -f "%U" python3 homework.py > stulog.txt 2>&1 on csankhe #####
##### SUCCESS: /usr/bin/time -o time_22_vdhankar_csankhe.txt -f "%U" python3 homework.py > stulog.txt 2>&1 on csankhe #####
##### csankhe plays [E d2 c3] in 0.66s #####
##### Running: /usr/lib/jvm/jdk-14.0.1/bin/java -jar /lab/itti/projects/checkers-competition/server/referee.jar on run_22_vdhankar_csankhe #####
Move is valid
##### SUCCESS: /usr/lib/jvm/jdk-14.0.1/bin/java -jar /lab/itti/projects/checkers-competition/server/referee.jar on run_22_vdhankar_csankhe #####
INPUT for vdhankar:
GAME
BLACK
38.1768579483032
.b.b...b
b.b.....
........
..b.....
.......b
w.w.w.w.
.w...w..
w.......
##### Running: /usr/bin/time -o time_22_vdhankar_csankhe.txt -f "%U" python3 homework.py > stulog.txt 2>&1 on vdhankar #####
child exited with value 1
##### ERROR: /usr/bin/time -o time_22_vdhankar_csankhe.txt -f "%U" python3 homework.py > stulog.txt 2>&1 on vdhankar #####
##### Output of failed program (stdout + stderr): #####
Traceback (most recent call last):
  File "homework.py", line 546, in <module>
    print(end-start)
NameError: name 'end' is not defined
##### End of output of failed program #####
##### vdhankar plays [E c7 d6] in 4.8323700428009s #####
##### Running: /usr/lib/jvm/jdk-14.0.1/bin/java -jar /lab/itti/projects/checkers-competition/server/referee.jar on run_22_vdhankar_csankhe #####
Move is valid
##### SUCCESS: /usr/lib/jvm/jdk-14.0.1/bin/java -jar /lab/itti/projects/checkers-competition/server/referee.jar on run_22_vdhankar_csankhe #####
INPUT for csankhe:
GAME
WHITE
286.04
.b.b...b
b.......
...b....
..b.....
.......b
w.w.w.w.
.w...w..
w.......
##### Running: /usr/bin/time -o time_22_vdhankar_csankhe.txt -f "%U" python3 homework.py > stulog.txt 2>&1 on csankhe #####
##### SUCCESS: /usr/bin/time -o time_22_vdhankar_csankhe.txt -f "%U" python3 homework.py > stulog.txt 2>&1 on csankhe #####
##### csankhe plays [E e3 f4] in 0.38s #####
##### Running: /usr/lib/jvm/jdk-14.0.1/bin/java -jar /lab/itti/projects/checkers-competition/server/referee.jar on run_22_vdhankar_csankhe #####
Move is valid
##### SUCCESS: /usr/lib/jvm/jdk-14.0.1/bin/java -jar /lab/itti/projects/checkers-competition/server/referee.jar on run_22_vdhankar_csankhe #####
INPUT for vdhankar:
GAME
BLACK
33.3444879055023
.b.b...b
b.......
...b....
..b.....
.....w.b
w.w...w.
.w...w..
w.......
##### Running: /usr/bin/time -o time_22_vdhankar_csankhe.txt -f "%U" python3 homework.py > stulog.txt 2>&1 on vdhankar #####
child exited with value 1
##### ERROR: /usr/bin/time -o time_22_vdhankar_csankhe.txt -f "%U" python3 homework.py > stulog.txt 2>&1 on vdhankar #####
##### Output of failed program (stdout + stderr): #####
Traceback (most recent call last):
  File "homework.py", line 546, in <module>
    print(end-start)
NameError: name 'end' is not defined
##### End of output of failed program #####
##### vdhankar plays [E d8 e7] in 2.61892700195312s #####
##### Running: /usr/lib/jvm/jdk-14.0.1/bin/java -jar /lab/itti/projects/checkers-competition/server/referee.jar on run_22_vdhankar_csankhe #####
Move is valid
##### SUCCESS: /usr/lib/jvm/jdk-14.0.1/bin/java -jar /lab/itti/projects/checkers-competition/server/referee.jar on run_22_vdhankar_csankhe #####
INPUT for csankhe:
GAME
WHITE
285.66
.b.....b
b...b...
...b....
..b.....
.....w.b
w.w...w.
.w...w..
w.......
##### Running: /usr/bin/time -o time_22_vdhankar_csankhe.txt -f "%U" python3 homework.py > stulog.txt 2>&1 on csankhe #####
##### SUCCESS: /usr/bin/time -o time_22_vdhankar_csankhe.txt -f "%U" python3 homework.py > stulog.txt 2>&1 on csankhe #####
##### csankhe plays [E c3 b4] in 0.37s #####
##### Running: /usr/lib/jvm/jdk-14.0.1/bin/java -jar /lab/itti/projects/checkers-competition/server/referee.jar on run_22_vdhankar_csankhe #####
Move is valid
##### SUCCESS: /usr/lib/jvm/jdk-14.0.1/bin/java -jar /lab/itti/projects/checkers-competition/server/referee.jar on run_22_vdhankar_csankhe #####
INPUT for vdhankar:
GAME
BLACK
30.7255609035492
.b.....b
b...b...
...b....
..b.....
.w...w.b
w.....w.
.w...w..
w.......
##### Running: /usr/bin/time -o time_22_vdhankar_csankhe.txt -f "%U" python3 homework.py > stulog.txt 2>&1 on vdhankar #####
child exited with value 1
##### ERROR: /usr/bin/time -o time_22_vdhankar_csankhe.txt -f "%U" python3 homework.py > stulog.txt 2>&1 on vdhankar #####
##### Output of failed program (stdout + stderr): #####
Traceback (most recent call last):
  File "homework.py", line 546, in <module>
    print(end-start)
NameError: name 'end' is not defined
##### End of output of failed program #####
##### vdhankar plays [E c5 d4] in 2.29095506668091s #####
##### Running: /usr/lib/jvm/jdk-14.0.1/bin/java -jar /lab/itti/projects/checkers-competition/server/referee.jar on run_22_vdhankar_csankhe #####
Move is valid
##### SUCCESS: /usr/lib/jvm/jdk-14.0.1/bin/java -jar /lab/itti/projects/checkers-competition/server/referee.jar on run_22_vdhankar_csankhe #####
INPUT for csankhe:
GAME
WHITE
285.29
.b.....b
b...b...
...b....
........
.w.b.w.b
w.....w.
.w...w..
w.......
##### Running: /usr/bin/time -o time_22_vdhankar_csankhe.txt -f "%U" python3 homework.py > stulog.txt 2>&1 on csankhe #####
##### SUCCESS: /usr/bin/time -o time_22_vdhankar_csankhe.txt -f "%U" python3 homework.py > stulog.txt 2>&1 on csankhe #####
##### csankhe plays [E b2 c3] in 0.29s #####
##### Running: /usr/lib/jvm/jdk-14.0.1/bin/java -jar /lab/itti/projects/checkers-competition/server/referee.jar on run_22_vdhankar_csankhe #####
Move is valid
##### SUCCESS: /usr/lib/jvm/jdk-14.0.1/bin/java -jar /lab/itti/projects/checkers-competition/server/referee.jar on run_22_vdhankar_csankhe #####
INPUT for vdhankar:
GAME
BLACK
28.4346058368683
.b.....b
b...b...
...b....
........
.w.b.w.b
w.w...w.
.....w..
w.......
##### Running: /usr/bin/time -o time_22_vdhankar_csankhe.txt -f "%U" python3 homework.py > stulog.txt 2>&1 on vdhankar #####
child exited with value 1
##### ERROR: /usr/bin/time -o time_22_vdhankar_csankhe.txt -f "%U" python3 homework.py > stulog.txt 2>&1 on vdhankar #####
##### Output of failed program (stdout + stderr): #####
Traceback (most recent call last):
  File "homework.py", line 546, in <module>
    print(end-start)
NameError: name 'end' is not defined
##### End of output of failed program #####
##### vdhankar plays [J d4 b2] in 0.557034015655518s #####
##### Running: /usr/lib/jvm/jdk-14.0.1/bin/java -jar /lab/itti/projects/checkers-competition/server/referee.jar on run_22_vdhankar_csankhe #####
Move is valid
##### SUCCESS: /usr/lib/jvm/jdk-14.0.1/bin/java -jar /lab/itti/projects/checkers-competition/server/referee.jar on run_22_vdhankar_csankhe #####
INPUT for csankhe:
GAME
WHITE
285
.b.....b
b...b...
...b....
........
.w...w.b
w.....w.
.b...w..
w.......
##### Running: /usr/bin/time -o time_22_vdhankar_csankhe.txt -f "%U" python3 homework.py > stulog.txt 2>&1 on csankhe #####
##### SUCCESS: /usr/bin/time -o time_22_vdhankar_csankhe.txt -f "%U" python3 homework.py > stulog.txt 2>&1 on csankhe #####
##### csankhe plays [J a1 c3] in 0.2s #####
##### Running: /usr/lib/jvm/jdk-14.0.1/bin/java -jar /lab/itti/projects/checkers-competition/server/referee.jar on run_22_vdhankar_csankhe #####
Move is valid
##### SUCCESS: /usr/lib/jvm/jdk-14.0.1/bin/java -jar /lab/itti/projects/checkers-competition/server/referee.jar on run_22_vdhankar_csankhe #####
INPUT for vdhankar:
GAME
BLACK
27.8775718212128
.b.....b
b...b...
...b....
........
.w...w.b
w.w...w.
.....w..
........
##### Running: /usr/bin/time -o time_22_vdhankar_csankhe.txt -f "%U" python3 homework.py > stulog.txt 2>&1 on vdhankar #####
child exited with value 1
##### ERROR: /usr/bin/time -o time_22_vdhankar_csankhe.txt -f "%U" python3 homework.py > stulog.txt 2>&1 on vdhankar #####
##### Output of failed program (stdout + stderr): #####
Traceback (most recent call last):
  File "homework.py", line 546, in <module>
    print(end-start)
NameError: name 'end' is not defined
##### End of output of failed program #####
##### vdhankar plays [E e7 f6] in 3.27752590179443s #####
##### Running: /usr/lib/jvm/jdk-14.0.1/bin/java -jar /lab/itti/projects/checkers-competition/server/referee.jar on run_22_vdhankar_csankhe #####
Move is valid
##### SUCCESS: /usr/lib/jvm/jdk-14.0.1/bin/java -jar /lab/itti/projects/checkers-competition/server/referee.jar on run_22_vdhankar_csankhe #####
INPUT for csankhe:
GAME
WHITE
284.8
.b.....b
b.......
...b.b..
........
.w...w.b
w.w...w.
.....w..
........
##### Running: /usr/bin/time -o time_22_vdhankar_csankhe.txt -f "%U" python3 homework.py > stulog.txt 2>&1 on csankhe #####
##### SUCCESS: /usr/bin/time -o time_22_vdhankar_csankhe.txt -f "%U" python3 homework.py > stulog.txt 2>&1 on csankhe #####
##### csankhe plays [E c3 d4] in 0.48s #####
##### Running: /usr/lib/jvm/jdk-14.0.1/bin/java -jar /lab/itti/projects/checkers-competition/server/referee.jar on run_22_vdhankar_csankhe #####
Move is valid
##### SUCCESS: /usr/lib/jvm/jdk-14.0.1/bin/java -jar /lab/itti/projects/checkers-competition/server/referee.jar on run_22_vdhankar_csankhe #####
INPUT for vdhankar:
GAME
BLACK
24.6000459194183
.b.....b
b.......
...b.b..
........
.w.w.w.b
w.....w.
.....w..
........
##### Running: /usr/bin/time -o time_22_vdhankar_csankhe.txt -f "%U" python3 homework.py > stulog.txt 2>&1 on vdhankar #####
child exited with value 1
##### ERROR: /usr/bin/time -o time_22_vdhankar_csankhe.txt -f "%U" python3 homework.py > stulog.txt 2>&1 on vdhankar #####
##### Output of failed program (stdout + stderr): #####
Traceback (most recent call last):
  File "homework.py", line 546, in <module>
    print(end-start)
NameError: name 'end' is not defined
##### End of output of failed program #####
##### vdhankar plays [E d6 e5] in 0.393702030181885s #####
##### Running: /usr/lib/jvm/jdk-14.0.1/bin/java -jar /lab/itti/projects/checkers-competition/server/referee.jar on run_22_vdhankar_csankhe #####
Move is valid
##### SUCCESS: /usr/lib/jvm/jdk-14.0.1/bin/java -jar /lab/itti/projects/checkers-competition/server/referee.jar on run_22_vdhankar_csankhe #####
INPUT for csankhe:
GAME
WHITE
284.32
.b.....b
b.......
.....b..
....b...
.w.w.w.b
w.....w.
.....w..
........
##### Running: /usr/bin/time -o time_22_vdhankar_csankhe.txt -f "%U" python3 homework.py > stulog.txt 2>&1 on csankhe #####
##### SUCCESS: /usr/bin/time -o time_22_vdhankar_csankhe.txt -f "%U" python3 homework.py > stulog.txt 2>&1 on csankhe #####
##### csankhe plays [J f4 d6] in 0.14s #####
##### Running: /usr/lib/jvm/jdk-14.0.1/bin/java -jar /lab/itti/projects/checkers-competition/server/referee.jar on run_22_vdhankar_csankhe #####
Move is valid
##### SUCCESS: /usr/lib/jvm/jdk-14.0.1/bin/java -jar /lab/itti/projects/checkers-competition/server/referee.jar on run_22_vdhankar_csankhe #####
INPUT for vdhankar:
GAME
BLACK
24.2063438892365
.b.....b
b.......
...w.b..
........
.w.w...b
w.....w.
.....w..
........
##### Running: /usr/bin/time -o time_22_vdhankar_csankhe.txt -f "%U" python3 homework.py > stulog.txt 2>&1 on vdhankar #####
child exited with value 1
##### ERROR: /usr/bin/time -o time_22_vdhankar_csankhe.txt -f "%U" python3 homework.py > stulog.txt 2>&1 on vdhankar #####
##### Output of failed program (stdout + stderr): #####
Traceback (most recent call last):
  File "homework.py", line 546, in <module>
    print(end-start)
NameError: name 'end' is not defined
##### End of output of failed program #####
##### vdhankar plays [E f6 g5] in 0.549984931945801s #####
##### Running: /usr/lib/jvm/jdk-14.0.1/bin/java -jar /lab/itti/projects/checkers-competition/server/referee.jar on run_22_vdhankar_csankhe #####
Move is valid
##### SUCCESS: /usr/lib/jvm/jdk-14.0.1/bin/java -jar /lab/itti/projects/checkers-competition/server/referee.jar on run_22_vdhankar_csankhe #####
INPUT for csankhe:
GAME
WHITE
284.18
.b.....b
b.......
...w....
......b.
.w.w...b
w.....w.
.....w..
........
##### Running: /usr/bin/time -o time_22_vdhankar_csankhe.txt -f "%U" python3 homework.py > stulog.txt 2>&1 on csankhe #####
##### SUCCESS: /usr/bin/time -o time_22_vdhankar_csankhe.txt -f "%U" python3 homework.py > stulog.txt 2>&1 on csankhe #####
##### csankhe plays [E b4 c5] in 0.46s #####
##### Running: /usr/lib/jvm/jdk-14.0.1/bin/java -jar /lab/itti/projects/checkers-competition/server/referee.jar on run_22_vdhankar_csankhe #####
Move is valid
##### SUCCESS: /usr/lib/jvm/jdk-14.0.1/bin/java -jar /lab/itti/projects/checkers-competition/server/referee.jar on run_22_vdhankar_csankhe #####
INPUT for vdhankar:
GAME
BLACK
23.6563589572906
.b.....b
b.......
...w....
..w...b.
...w...b
w.....w.
.....w..
........
##### Running: /usr/bin/time -o time_22_vdhankar_csankhe.txt -f "%U" python3 homework.py > stulog.txt 2>&1 on vdhankar #####
child exited with value 1
##### ERROR: /usr/bin/time -o time_22_vdhankar_csankhe.txt -f "%U" python3 homework.py > stulog.txt 2>&1 on vdhankar #####
##### Output of failed program (stdout + stderr): #####
Traceback (most recent call last):
  File "homework.py", line 546, in <module>
    print(end-start)
NameError: name 'end' is not defined
##### End of output of failed program #####
##### vdhankar plays [E h8 g7] in 0.406542062759399s #####
##### Running: /usr/lib/jvm/jdk-14.0.1/bin/java -jar /lab/itti/projects/checkers-competition/server/referee.jar on run_22_vdhankar_csankhe #####
Move is valid
##### SUCCESS: /usr/lib/jvm/jdk-14.0.1/bin/java -jar /lab/itti/projects/checkers-competition/server/referee.jar on run_22_vdhankar_csankhe #####
INPUT for csankhe:
GAME
WHITE
283.72
.b......
b.....b.
...w....
..w...b.
...w...b
w.....w.
.....w..
........
##### Running: /usr/bin/time -o time_22_vdhankar_csankhe.txt -f "%U" python3 homework.py > stulog.txt 2>&1 on csankhe #####
##### SUCCESS: /usr/bin/time -o time_22_vdhankar_csankhe.txt -f "%U" python3 homework.py > stulog.txt 2>&1 on csankhe #####
##### csankhe plays [E a3 b4] in 0.25s #####
##### Running: /usr/lib/jvm/jdk-14.0.1/bin/java -jar /lab/itti/projects/checkers-competition/server/referee.jar on run_22_vdhankar_csankhe #####
Move is valid
##### SUCCESS: /usr/lib/jvm/jdk-14.0.1/bin/java -jar /lab/itti/projects/checkers-competition/server/referee.jar on run_22_vdhankar_csankhe #####
INPUT for vdhankar:
GAME
BLACK
23.2498168945312
.b......
b.....b.
...w....
..w...b.
.w.w...b
......w.
.....w..
........
##### Running: /usr/bin/time -o time_22_vdhankar_csankhe.txt -f "%U" python3 homework.py > stulog.txt 2>&1 on vdhankar #####
child exited with value 1
##### ERROR: /usr/bin/time -o time_22_vdhankar_csankhe.txt -f "%U" python3 homework.py > stulog.txt 2>&1 on vdhankar #####
##### Output of failed program (stdout + stderr): #####
Traceback (most recent call last):
  File "homework.py", line 546, in <module>
    print(end-start)
NameError: name 'end' is not defined
##### End of output of failed program #####
##### vdhankar plays [E g7 f6] in 0.386278867721558s #####
##### Running: /usr/lib/jvm/jdk-14.0.1/bin/java -jar /lab/itti/projects/checkers-competition/server/referee.jar on run_22_vdhankar_csankhe #####
Move is valid
##### SUCCESS: /usr/lib/jvm/jdk-14.0.1/bin/java -jar /lab/itti/projects/checkers-competition/server/referee.jar on run_22_vdhankar_csankhe #####
INPUT for csankhe:
GAME
WHITE
283.47
.b......
b.......
...w.b..
..w...b.
.w.w...b
......w.
.....w..
........
##### Running: /usr/bin/time -o time_22_vdhankar_csankhe.txt -f "%U" python3 homework.py > stulog.txt 2>&1 on csankhe #####
##### SUCCESS: /usr/bin/time -o time_22_vdhankar_csankhe.txt -f "%U" python3 homework.py > stulog.txt 2>&1 on csankhe #####
##### csankhe plays [E b4 a5] in 0.19s #####
##### Running: /usr/lib/jvm/jdk-14.0.1/bin/java -jar /lab/itti/projects/checkers-competition/server/referee.jar on run_22_vdhankar_csankhe #####
Move is valid
##### SUCCESS: /usr/lib/jvm/jdk-14.0.1/bin/java -jar /lab/itti/projects/checkers-competition/server/referee.jar on run_22_vdhankar_csankhe #####
INPUT for vdhankar:
GAME
BLACK
22.8635380268097
.b......
b.......
...w.b..
w.w...b.
...w...b
......w.
.....w..
........
##### Running: /usr/bin/time -o time_22_vdhankar_csankhe.txt -f "%U" python3 homework.py > stulog.txt 2>&1 on vdhankar #####
child exited with value 1
##### ERROR: /usr/bin/time -o time_22_vdhankar_csankhe.txt -f "%U" python3 homework.py > stulog.txt 2>&1 on vdhankar #####
##### Output of failed program (stdout + stderr): #####
Traceback (most recent call last):
  File "homework.py", line 546, in <module>
    print(end-start)
NameError: name 'end' is not defined
##### End of output of failed program #####
##### vdhankar plays [E f6 e5] in 0.417878150939941s #####
##### Running: /usr/lib/jvm/jdk-14.0.1/bin/java -jar /lab/itti/projects/checkers-competition/server/referee.jar on run_22_vdhankar_csankhe #####
Move is valid
##### SUCCESS: /usr/lib/jvm/jdk-14.0.1/bin/java -jar /lab/itti/projects/checkers-competition/server/referee.jar on run_22_vdhankar_csankhe #####
INPUT for csankhe:
GAME
WHITE
283.28
.b......
b.......
...w....
w.w.b.b.
...w...b
......w.
.....w..
........
##### Running: /usr/bin/time -o time_22_vdhankar_csankhe.txt -f "%U" python3 homework.py > stulog.txt 2>&1 on csankhe #####
##### SUCCESS: /usr/bin/time -o time_22_vdhankar_csankhe.txt -f "%U" python3 homework.py > stulog.txt 2>&1 on csankhe #####
##### csankhe plays [J d4 f6] in 0.05s #####
##### Running: /usr/lib/jvm/jdk-14.0.1/bin/java -jar /lab/itti/projects/checkers-competition/server/referee.jar on run_22_vdhankar_csankhe #####
Move is valid
##### SUCCESS: /usr/lib/jvm/jdk-14.0.1/bin/java -jar /lab/itti/projects/checkers-competition/server/referee.jar on run_22_vdhankar_csankhe #####
INPUT for vdhankar:
GAME
BLACK
22.4456598758698
.b......
b.......
...w.w..
w.w...b.
.......b
......w.
.....w..
........
##### Running: /usr/bin/time -o time_22_vdhankar_csankhe.txt -f "%U" python3 homework.py > stulog.txt 2>&1 on vdhankar #####
child exited with value 1
##### ERROR: /usr/bin/time -o time_22_vdhankar_csankhe.txt -f "%U" python3 homework.py > stulog.txt 2>&1 on vdhankar #####
##### Output of failed program (stdout + stderr): #####
Traceback (most recent call last):
  File "homework.py", line 546, in <module>
    print(end-start)
NameError: name 'end' is not defined
##### End of output of failed program #####
##### vdhankar plays [E g5 f4] in 0.368963956832886s #####
##### Running: /usr/lib/jvm/jdk-14.0.1/bin/java -jar /lab/itti/projects/checkers-competition/server/referee.jar on run_22_vdhankar_csankhe #####
Move is valid
##### SUCCESS: /usr/lib/jvm/jdk-14.0.1/bin/java -jar /lab/itti/projects/checkers-competition/server/referee.jar on run_22_vdhankar_csankhe #####
INPUT for csankhe:
GAME
WHITE
283.23
.b......
b.......
...w.w..
w.w.....
.....b.b
......w.
.....w..
........
##### Running: /usr/bin/time -o time_22_vdhankar_csankhe.txt -f "%U" python3 homework.py > stulog.txt 2>&1 on csankhe #####
##### SUCCESS: /usr/bin/time -o time_22_vdhankar_csankhe.txt -f "%U" python3 homework.py > stulog.txt 2>&1 on csankhe #####
##### csankhe plays [J g3 e5] in 0.05s #####
##### Running: /usr/lib/jvm/jdk-14.0.1/bin/java -jar /lab/itti/projects/checkers-competition/server/referee.jar on run_22_vdhankar_csankhe #####
Move is valid
##### SUCCESS: /usr/lib/jvm/jdk-14.0.1/bin/java -jar /lab/itti/projects/checkers-competition/server/referee.jar on run_22_vdhankar_csankhe #####
INPUT for vdhankar:
GAME
BLACK
22.0766959190369
.b......
b.......
...w.w..
w.w.w...
.......b
........
.....w..
........
##### Running: /usr/bin/time -o time_22_vdhankar_csankhe.txt -f "%U" python3 homework.py > stulog.txt 2>&1 on vdhankar #####
child exited with value 1
##### ERROR: /usr/bin/time -o time_22_vdhankar_csankhe.txt -f "%U" python3 homework.py > stulog.txt 2>&1 on vdhankar #####
##### Output of failed program (stdout + stderr): #####
Traceback (most recent call last):
  File "homework.py", line 546, in <module>
    print(end-start)
NameError: name 'end' is not defined
##### End of output of failed program #####
##### vdhankar plays [E a7 b6] in 0.336665153503418s #####
##### Running: /usr/lib/jvm/jdk-14.0.1/bin/java -jar /lab/itti/projects/checkers-competition/server/referee.jar on run_22_vdhankar_csankhe #####
Move is valid
##### SUCCESS: /usr/lib/jvm/jdk-14.0.1/bin/java -jar /lab/itti/projects/checkers-competition/server/referee.jar on run_22_vdhankar_csankhe #####
INPUT for csankhe:
GAME
WHITE
283.18
.b......
........
.b.w.w..
w.w.w...
.......b
........
.....w..
........
##### Running: /usr/bin/time -o time_22_vdhankar_csankhe.txt -f "%U" python3 homework.py > stulog.txt 2>&1 on csankhe #####
##### SUCCESS: /usr/bin/time -o time_22_vdhankar_csankhe.txt -f "%U" python3 homework.py > stulog.txt 2>&1 on csankhe #####
##### csankhe plays [J c5 a7] in 0.07s #####
##### Running: /usr/lib/jvm/jdk-14.0.1/bin/java -jar /lab/itti/projects/checkers-competition/server/referee.jar on run_22_vdhankar_csankhe #####
Move is valid
##### SUCCESS: /usr/lib/jvm/jdk-14.0.1/bin/java -jar /lab/itti/projects/checkers-competition/server/referee.jar on run_22_vdhankar_csankhe #####
INPUT for vdhankar:
GAME
BLACK
21.7400307655334
.b......
w.......
...w.w..
w...w...
.......b
........
.....w..
........
##### Running: /usr/bin/time -o time_22_vdhankar_csankhe.txt -f "%U" python3 homework.py > stulog.txt 2>&1 on vdhankar #####
child exited with value 1
##### ERROR: /usr/bin/time -o time_22_vdhankar_csankhe.txt -f "%U" python3 homework.py > stulog.txt 2>&1 on vdhankar #####
##### Output of failed program (stdout + stderr): #####
Traceback (most recent call last):
  File "homework.py", line 546, in <module>
    print(end-start)
NameError: name 'end' is not defined
##### End of output of failed program #####
##### vdhankar plays [E h4 g3] in 0.375832080841064s #####
##### Running: /usr/lib/jvm/jdk-14.0.1/bin/java -jar /lab/itti/projects/checkers-competition/server/referee.jar on run_22_vdhankar_csankhe #####
Move is valid
##### SUCCESS: /usr/lib/jvm/jdk-14.0.1/bin/java -jar /lab/itti/projects/checkers-competition/server/referee.jar on run_22_vdhankar_csankhe #####
INPUT for csankhe:
GAME
WHITE
283.11
.b......
w.......
...w.w..
w...w...
........
......b.
.....w..
........
##### Running: /usr/bin/time -o time_22_vdhankar_csankhe.txt -f "%U" python3 homework.py > stulog.txt 2>&1 on csankhe #####
##### SUCCESS: /usr/bin/time -o time_22_vdhankar_csankhe.txt -f "%U" python3 homework.py > stulog.txt 2>&1 on csankhe #####
##### csankhe plays [J f2 h4] in 0.04s #####
##### Running: /usr/lib/jvm/jdk-14.0.1/bin/java -jar /lab/itti/projects/checkers-competition/server/referee.jar on run_22_vdhankar_csankhe #####
Move is valid
##### SUCCESS: /usr/lib/jvm/jdk-14.0.1/bin/java -jar /lab/itti/projects/checkers-competition/server/referee.jar on run_22_vdhankar_csankhe #####
INPUT for vdhankar:
GAME
BLACK
21.3641986846924
.b......
w.......
...w.w..
w...w...
.......w
........
........
........
##### Running: /usr/bin/time -o time_22_vdhankar_csankhe.txt -f "%U" python3 homework.py > stulog.txt 2>&1 on vdhankar #####
child exited with value 1
##### ERROR: /usr/bin/time -o time_22_vdhankar_csankhe.txt -f "%U" python3 homework.py > stulog.txt 2>&1 on vdhankar #####
##### Output of failed program (stdout + stderr): #####
Traceback (most recent call last):
  File "homework.py", line 546, in <module>
    print(end-start)
NameError: name 'end' is not defined
##### End of output of failed program #####
##### vdhankar plays [E b8 c7] in 0.351866960525513s #####
##### Running: /usr/lib/jvm/jdk-14.0.1/bin/java -jar /lab/itti/projects/checkers-competition/server/referee.jar on run_22_vdhankar_csankhe #####
Move is valid
##### SUCCESS: /usr/lib/jvm/jdk-14.0.1/bin/java -jar /lab/itti/projects/checkers-competition/server/referee.jar on run_22_vdhankar_csankhe #####
INPUT for csankhe:
GAME
WHITE
283.07
........
w.b.....
...w.w..
w...w...
.......w
........
........
........
##### Running: /usr/bin/time -o time_22_vdhankar_csankhe.txt -f "%U" python3 homework.py > stulog.txt 2>&1 on csankhe #####
##### SUCCESS: /usr/bin/time -o time_22_vdhankar_csankhe.txt -f "%U" python3 homework.py > stulog.txt 2>&1 on csankhe #####
##### csankhe plays [J d6 b8] in 0.04s #####
##### Running: /usr/lib/jvm/jdk-14.0.1/bin/java -jar /lab/itti/projects/checkers-competition/server/referee.jar on run_22_vdhankar_csankhe #####
Move is valid
After this move, player BLACK cannot make any moves
*** Winner: WHITE ***
##### SUCCESS: /usr/lib/jvm/jdk-14.0.1/bin/java -jar /lab/itti/projects/checkers-competition/server/referee.jar on run_22_vdhankar_csankhe #####
##### GAME OVER: csankhe wins the game! #####
Server said: WIN
########## ROUND 22 GAMESCORE AFTER GAME 1: vdhankar=0 and csankhe=1 ##########
#################### ROUND 22: vdhankar (W) vs csankhe (B): game 2 ####################
##### game start! #####
INPUT for csankhe:
GAME
BLACK
300
.b.b.b.b
b.b.b.b.
.b.b.b.b
........
........
w.w.w.w.
.w.w.w.w
w.w.w.w.
##### Running: /usr/bin/time -o time_22_vdhankar_csankhe.txt -f "%U" python3 homework.py > stulog.txt 2>&1 on csankhe #####
##### SUCCESS: /usr/bin/time -o time_22_vdhankar_csankhe.txt -f "%U" python3 homework.py > stulog.txt 2>&1 on csankhe #####
##### csankhe plays [E h6 g5] in 2.1s #####
##### Running: /usr/lib/jvm/jdk-14.0.1/bin/java -jar /lab/itti/projects/checkers-competition/server/referee.jar on run_22_vdhankar_csankhe #####
Move is valid
Couldn't read file 'current_ply.txt'
Couldn't read content from file 'current_ply.txt'
Couldn't read file 'lastmatchange_ply.txt'
Couldn't read content from file 'lastmatchange_ply.txt'
##### SUCCESS: /usr/lib/jvm/jdk-14.0.1/bin/java -jar /lab/itti/projects/checkers-competition/server/referee.jar on run_22_vdhankar_csankhe #####
INPUT for vdhankar:
GAME
WHITE
300
.b.b.b.b
b.b.b.b.
.b.b.b..
......b.
........
w.w.w.w.
.w.w.w.w
w.w.w.w.
##### Running: /usr/bin/time -o time_22_vdhankar_csankhe.txt -f "%U" python3 homework.py > stulog.txt 2>&1 on vdhankar #####
child exited with value 1
##### ERROR: /usr/bin/time -o time_22_vdhankar_csankhe.txt -f "%U" python3 homework.py > stulog.txt 2>&1 on vdhankar #####
##### Output of failed program (stdout + stderr): #####
Traceback (most recent call last):
  File "homework.py", line 546, in <module>
    print(end-start)
NameError: name 'end' is not defined
##### End of output of failed program #####
##### vdhankar plays [E g3 h4] in 15.9148569107056s #####
##### Running: /usr/lib/jvm/jdk-14.0.1/bin/java -jar /lab/itti/projects/checkers-competition/server/referee.jar on run_22_vdhankar_csankhe #####
Move is valid
##### SUCCESS: /usr/lib/jvm/jdk-14.0.1/bin/java -jar /lab/itti/projects/checkers-competition/server/referee.jar on run_22_vdhankar_csankhe #####
INPUT for csankhe:
GAME
BLACK
297.9
.b.b.b.b
b.b.b.b.
.b.b.b..
......b.
.......w
w.w.w...
.w.w.w.w
w.w.w.w.
##### Running: /usr/bin/time -o time_22_vdhankar_csankhe.txt -f "%U" python3 homework.py > stulog.txt 2>&1 on csankhe #####
##### SUCCESS: /usr/bin/time -o time_22_vdhankar_csankhe.txt -f "%U" python3 homework.py > stulog.txt 2>&1 on csankhe #####
##### csankhe plays [E f6 e5] in 1.55s #####
##### Running: /usr/lib/jvm/jdk-14.0.1/bin/java -jar /lab/itti/projects/checkers-competition/server/referee.jar on run_22_vdhankar_csankhe #####
Move is valid
##### SUCCESS: /usr/lib/jvm/jdk-14.0.1/bin/java -jar /lab/itti/projects/checkers-competition/server/referee.jar on run_22_vdhankar_csankhe #####
INPUT for vdhankar:
GAME
WHITE
284.085143089294
.b.b.b.b
b.b.b.b.
.b.b....
....b.b.
.......w
w.w.w...
.w.w.w.w
w.w.w.w.
##### Running: /usr/bin/time -o time_22_vdhankar_csankhe.txt -f "%U" python3 homework.py > stulog.txt 2>&1 on vdhankar #####
child exited with value 1
##### ERROR: /usr/bin/time -o time_22_vdhankar_csankhe.txt -f "%U" python3 homework.py > stulog.txt 2>&1 on vdhankar #####
##### Output of failed program (stdout + stderr): #####
Traceback (most recent call last):
  File "homework.py", line 546, in <module>
    print(end-start)
NameError: name 'end' is not defined
##### End of output of failed program #####
##### vdhankar plays [J h4 f6] in 2.29194498062134s #####
##### Running: /usr/lib/jvm/jdk-14.0.1/bin/java -jar /lab/itti/projects/checkers-competition/server/referee.jar on run_22_vdhankar_csankhe #####
Move is valid
##### SUCCESS: /usr/lib/jvm/jdk-14.0.1/bin/java -jar /lab/itti/projects/checkers-competition/server/referee.jar on run_22_vdhankar_csankhe #####
INPUT for csankhe:
GAME
BLACK
296.35
.b.b.b.b
b.b.b.b.
.b.b.w..
....b...
........
w.w.w...
.w.w.w.w
w.w.w.w.
##### Running: /usr/bin/time -o time_22_vdhankar_csankhe.txt -f "%U" python3 homework.py > stulog.txt 2>&1 on csankhe #####
##### SUCCESS: /usr/bin/time -o time_22_vdhankar_csankhe.txt -f "%U" python3 homework.py > stulog.txt 2>&1 on csankhe #####
##### csankhe plays [J e7 g5] in 0.55s #####
##### Running: /usr/lib/jvm/jdk-14.0.1/bin/java -jar /lab/itti/projects/checkers-competition/server/referee.jar on run_22_vdhankar_csankhe #####
Move is valid
##### SUCCESS: /usr/lib/jvm/jdk-14.0.1/bin/java -jar /lab/itti/projects/checkers-competition/server/referee.jar on run_22_vdhankar_csankhe #####
INPUT for vdhankar:
GAME
WHITE
281.793198108673
.b.b.b.b
b.b...b.
.b.b....
....b.b.
........
w.w.w...
.w.w.w.w
w.w.w.w.
##### Running: /usr/bin/time -o time_22_vdhankar_csankhe.txt -f "%U" python3 homework.py > stulog.txt 2>&1 on vdhankar #####
child exited with value 1
##### ERROR: /usr/bin/time -o time_22_vdhankar_csankhe.txt -f "%U" python3 homework.py > stulog.txt 2>&1 on vdhankar #####
##### Output of failed program (stdout + stderr): #####
Traceback (most recent call last):
  File "homework.py", line 546, in <module>
    print(end-start)
NameError: name 'end' is not defined
##### End of output of failed program #####
##### vdhankar plays [E f2 g3] in 21.4720571041107s #####
##### Running: /usr/lib/jvm/jdk-14.0.1/bin/java -jar /lab/itti/projects/checkers-competition/server/referee.jar on run_22_vdhankar_csankhe #####
Move is valid
##### SUCCESS: /usr/lib/jvm/jdk-14.0.1/bin/java -jar /lab/itti/projects/checkers-competition/server/referee.jar on run_22_vdhankar_csankhe #####
INPUT for csankhe:
GAME
BLACK
295.8
.b.b.b.b
b.b...b.
.b.b....
....b.b.
........
w.w.w.w.
.w.w...w
w.w.w.w.
##### Running: /usr/bin/time -o time_22_vdhankar_csankhe.txt -f "%U" python3 homework.py > stulog.txt 2>&1 on csankhe #####
##### SUCCESS: /usr/bin/time -o time_22_vdhankar_csankhe.txt -f "%U" python3 homework.py > stulog.txt 2>&1 on csankhe #####
##### csankhe plays [E e5 f4] in 2.93s #####
##### Running: /usr/lib/jvm/jdk-14.0.1/bin/java -jar /lab/itti/projects/checkers-competition/server/referee.jar on run_22_vdhankar_csankhe #####
Move is valid
##### SUCCESS: /usr/lib/jvm/jdk-14.0.1/bin/java -jar /lab/itti/projects/checkers-competition/server/referee.jar on run_22_vdhankar_csankhe #####
INPUT for vdhankar:
GAME
WHITE
260.321141004562
.b.b.b.b
b.b...b.
.b.b....
......b.
.....b..
w.w.w.w.
.w.w...w
w.w.w.w.
##### Running: /usr/bin/time -o time_22_vdhankar_csankhe.txt -f "%U" python3 homework.py > stulog.txt 2>&1 on vdhankar #####
child exited with value 1
##### ERROR: /usr/bin/time -o time_22_vdhankar_csankhe.txt -f "%U" python3 homework.py > stulog.txt 2>&1 on vdhankar #####
##### Output of failed program (stdout + stderr): #####
Traceback (most recent call last):
  File "homework.py", line 546, in <module>
    print(end-start)
NameError: name 'end' is not defined
##### End of output of failed program #####
##### vdhankar plays [J g3 e5] in 2.36169099807739s #####
##### Running: /usr/lib/jvm/jdk-14.0.1/bin/java -jar /lab/itti/projects/checkers-competition/server/referee.jar on run_22_vdhankar_csankhe #####
Move is valid
##### SUCCESS: /usr/lib/jvm/jdk-14.0.1/bin/java -jar /lab/itti/projects/checkers-competition/server/referee.jar on run_22_vdhankar_csankhe #####
INPUT for csankhe:
GAME
BLACK
292.87
.b.b.b.b
b.b...b.
.b.b....
....w.b.
........
w.w.w...
.w.w...w
w.w.w.w.
##### Running: /usr/bin/time -o time_22_vdhankar_csankhe.txt -f "%U" python3 homework.py > stulog.txt 2>&1 on csankhe #####
##### SUCCESS: /usr/bin/time -o time_22_vdhankar_csankhe.txt -f "%U" python3 homework.py > stulog.txt 2>&1 on csankhe #####
##### csankhe plays [J d6 f4] in 0.8s #####
##### Running: /usr/lib/jvm/jdk-14.0.1/bin/java -jar /lab/itti/projects/checkers-competition/server/referee.jar on run_22_vdhankar_csankhe #####
Move is valid
##### SUCCESS: /usr/lib/jvm/jdk-14.0.1/bin/java -jar /lab/itti/projects/checkers-competition/server/referee.jar on run_22_vdhankar_csankhe #####
INPUT for vdhankar:
GAME
WHITE
257.959450006485
.b.b.b.b
b.b...b.
.b......
......b.
.....b..
w.w.w...
.w.w...w
w.w.w.w.
##### Running: /usr/bin/time -o time_22_vdhankar_csankhe.txt -f "%U" python3 homework.py > stulog.txt 2>&1 on vdhankar #####
child exited with value 1
##### ERROR: /usr/bin/time -o time_22_vdhankar_csankhe.txt -f "%U" python3 homework.py > stulog.txt 2>&1 on vdhankar #####
##### Output of failed program (stdout + stderr): #####
Traceback (most recent call last):
  File "homework.py", line 546, in <module>
    print(end-start)
NameError: name 'end' is not defined
##### End of output of failed program #####
##### vdhankar plays [E e1 f2] in 15.9647738933563s #####
##### Running: /usr/lib/jvm/jdk-14.0.1/bin/java -jar /lab/itti/projects/checkers-competition/server/referee.jar on run_22_vdhankar_csankhe #####
Move is valid
##### SUCCESS: /usr/lib/jvm/jdk-14.0.1/bin/java -jar /lab/itti/projects/checkers-competition/server/referee.jar on run_22_vdhankar_csankhe #####
INPUT for csankhe:
GAME
BLACK
292.07
.b.b.b.b
b.b...b.
.b......
......b.
.....b..
w.w.w...
.w.w.w.w
w.w...w.
##### Running: /usr/bin/time -o time_22_vdhankar_csankhe.txt -f "%U" python3 homework.py > stulog.txt 2>&1 on csankhe #####
##### SUCCESS: /usr/bin/time -o time_22_vdhankar_csankhe.txt -f "%U" python3 homework.py > stulog.txt 2>&1 on csankhe #####
##### csankhe plays [E b6 c5] in 2.01s #####
##### Running: /usr/lib/jvm/jdk-14.0.1/bin/java -jar /lab/itti/projects/checkers-competition/server/referee.jar on run_22_vdhankar_csankhe #####
Move is valid
##### SUCCESS: /usr/lib/jvm/jdk-14.0.1/bin/java -jar /lab/itti/projects/checkers-competition/server/referee.jar on run_22_vdhankar_csankhe #####
INPUT for vdhankar:
GAME
WHITE
241.994676113129
.b.b.b.b
b.b...b.
........
..b...b.
.....b..
w.w.w...
.w.w.w.w
w.w...w.
##### Running: /usr/bin/time -o time_22_vdhankar_csankhe.txt -f "%U" python3 homework.py > stulog.txt 2>&1 on vdhankar #####
child exited with value 1
##### ERROR: /usr/bin/time -o time_22_vdhankar_csankhe.txt -f "%U" python3 homework.py > stulog.txt 2>&1 on vdhankar #####
##### Output of failed program (stdout + stderr): #####
Traceback (most recent call last):
  File "homework.py", line 546, in <module>
    print(end-start)
NameError: name 'end' is not defined
##### End of output of failed program #####
##### vdhankar plays [E f2 g3] in 9.48989319801331s #####
##### Running: /usr/lib/jvm/jdk-14.0.1/bin/java -jar /lab/itti/projects/checkers-competition/server/referee.jar on run_22_vdhankar_csankhe #####
Move is valid
##### SUCCESS: /usr/lib/jvm/jdk-14.0.1/bin/java -jar /lab/itti/projects/checkers-competition/server/referee.jar on run_22_vdhankar_csankhe #####
INPUT for csankhe:
GAME
BLACK
290.06
.b.b.b.b
b.b...b.
........
..b...b.
.....b..
w.w.w.w.
.w.w...w
w.w...w.
##### Running: /usr/bin/time -o time_22_vdhankar_csankhe.txt -f "%U" python3 homework.py > stulog.txt 2>&1 on csankhe #####
##### SUCCESS: /usr/bin/time -o time_22_vdhankar_csankhe.txt -f "%U" python3 homework.py > stulog.txt 2>&1 on csankhe #####
##### csankhe plays [E f8 e7] in 0.7s #####
##### Running: /usr/lib/jvm/jdk-14.0.1/bin/java -jar /lab/itti/projects/checkers-competition/server/referee.jar on run_22_vdhankar_csankhe #####
Move is valid
##### SUCCESS: /usr/lib/jvm/jdk-14.0.1/bin/java -jar /lab/itti/projects/checkers-competition/server/referee.jar on run_22_vdhankar_csankhe #####
INPUT for vdhankar:
GAME
WHITE
232.504782915115
.b.b...b
b.b.b.b.
........
..b...b.
.....b..
w.w.w.w.
.w.w...w
w.w...w.
##### Running: /usr/bin/time -o time_22_vdhankar_csankhe.txt -f "%U" python3 homework.py > stulog.txt 2>&1 on vdhankar #####
child exited with value 1
##### ERROR: /usr/bin/time -o time_22_vdhankar_csankhe.txt -f "%U" python3 homework.py > stulog.txt 2>&1 on vdhankar #####
##### Output of failed program (stdout + stderr): #####
Traceback (most recent call last):
  File "homework.py", line 546, in <module>
    print(end-start)
NameError: name 'end' is not defined
##### End of output of failed program #####
##### vdhankar plays [J g3 e5] in 2.54797101020813s #####
##### Running: /usr/lib/jvm/jdk-14.0.1/bin/java -jar /lab/itti/projects/checkers-competition/server/referee.jar on run_22_vdhankar_csankhe #####
Move is valid
##### SUCCESS: /usr/lib/jvm/jdk-14.0.1/bin/java -jar /lab/itti/projects/checkers-competition/server/referee.jar on run_22_vdhankar_csankhe #####
INPUT for csankhe:
GAME
BLACK
289.36
.b.b...b
b.b.b.b.
........
..b.w.b.
........
w.w.w...
.w.w...w
w.w...w.
##### Running: /usr/bin/time -o time_22_vdhankar_csankhe.txt -f "%U" python3 homework.py > stulog.txt 2>&1 on csankhe #####
##### SUCCESS: /usr/bin/time -o time_22_vdhankar_csankhe.txt -f "%U" python3 homework.py > stulog.txt 2>&1 on csankhe #####
##### csankhe plays [E c7 d6] in 1.39s #####
##### Running: /usr/lib/jvm/jdk-14.0.1/bin/java -jar /lab/itti/projects/checkers-competition/server/referee.jar on run_22_vdhankar_csankhe #####
Move is valid
##### SUCCESS: /usr/lib/jvm/jdk-14.0.1/bin/java -jar /lab/itti/projects/checkers-competition/server/referee.jar on run_22_vdhankar_csankhe #####
INPUT for vdhankar:
GAME
WHITE
229.956811904907
.b.b...b
b...b.b.
...b....
..b.w.b.
........
w.w.w...
.w.w...w
w.w...w.
##### Running: /usr/bin/time -o time_22_vdhankar_csankhe.txt -f "%U" python3 homework.py > stulog.txt 2>&1 on vdhankar #####
child exited with value 1
##### ERROR: /usr/bin/time -o time_22_vdhankar_csankhe.txt -f "%U" python3 homework.py > stulog.txt 2>&1 on vdhankar #####
##### Output of failed program (stdout + stderr): #####
Traceback (most recent call last):
  File "homework.py", line 546, in <module>
    print(end-start)
NameError: name 'end' is not defined
##### End of output of failed program #####
##### vdhankar plays [J e5 c7] in 1.83705306053162s #####
##### Running: /usr/lib/jvm/jdk-14.0.1/bin/java -jar /lab/itti/projects/checkers-competition/server/referee.jar on run_22_vdhankar_csankhe #####
Move is valid
##### SUCCESS: /usr/lib/jvm/jdk-14.0.1/bin/java -jar /lab/itti/projects/checkers-competition/server/referee.jar on run_22_vdhankar_csankhe #####
INPUT for csankhe:
GAME
BLACK
287.97
.b.b...b
b.w.b.b.
........
..b...b.
........
w.w.w...
.w.w...w
w.w...w.
##### Running: /usr/bin/time -o time_22_vdhankar_csankhe.txt -f "%U" python3 homework.py > stulog.txt 2>&1 on csankhe #####
##### SUCCESS: /usr/bin/time -o time_22_vdhankar_csankhe.txt -f "%U" python3 homework.py > stulog.txt 2>&1 on csankhe #####
##### csankhe plays [J b8 d6] in 0.54s #####
##### Running: /usr/lib/jvm/jdk-14.0.1/bin/java -jar /lab/itti/projects/checkers-competition/server/referee.jar on run_22_vdhankar_csankhe #####
Move is valid
##### SUCCESS: /usr/lib/jvm/jdk-14.0.1/bin/java -jar /lab/itti/projects/checkers-competition/server/referee.jar on run_22_vdhankar_csankhe #####
INPUT for vdhankar:
GAME
WHITE
228.119758844376
...b...b
b...b.b.
...b....
..b...b.
........
w.w.w...
.w.w...w
w.w...w.
##### Running: /usr/bin/time -o time_22_vdhankar_csankhe.txt -f "%U" python3 homework.py > stulog.txt 2>&1 on vdhankar #####
child exited with value 1
##### ERROR: /usr/bin/time -o time_22_vdhankar_csankhe.txt -f "%U" python3 homework.py > stulog.txt 2>&1 on vdhankar #####
##### Output of failed program (stdout + stderr): #####
Traceback (most recent call last):
  File "homework.py", line 546, in <module>
    print(end-start)
NameError: name 'end' is not defined
##### End of output of failed program #####
##### vdhankar plays [E h2 g3] in 8.49107098579407s #####
##### Running: /usr/lib/jvm/jdk-14.0.1/bin/java -jar /lab/itti/projects/checkers-competition/server/referee.jar on run_22_vdhankar_csankhe #####
Move is valid
##### SUCCESS: /usr/lib/jvm/jdk-14.0.1/bin/java -jar /lab/itti/projects/checkers-competition/server/referee.jar on run_22_vdhankar_csankhe #####
INPUT for csankhe:
GAME
BLACK
287.43
...b...b
b...b.b.
...b....
..b...b.
........
w.w.w.w.
.w.w....
w.w...w.
##### Running: /usr/bin/time -o time_22_vdhankar_csankhe.txt -f "%U" python3 homework.py > stulog.txt 2>&1 on csankhe #####
##### SUCCESS: /usr/bin/time -o time_22_vdhankar_csankhe.txt -f "%U" python3 homework.py > stulog.txt 2>&1 on csankhe #####
##### csankhe plays [E g5 h4] in 1.56s #####
##### Running: /usr/lib/jvm/jdk-14.0.1/bin/java -jar /lab/itti/projects/checkers-competition/server/referee.jar on run_22_vdhankar_csankhe #####
Move is valid
##### SUCCESS: /usr/lib/jvm/jdk-14.0.1/bin/java -jar /lab/itti/projects/checkers-competition/server/referee.jar on run_22_vdhankar_csankhe #####
INPUT for vdhankar:
GAME
WHITE
219.628687858582
...b...b
b...b.b.
...b....
..b.....
.......b
w.w.w.w.
.w.w....
w.w...w.
##### Running: /usr/bin/time -o time_22_vdhankar_csankhe.txt -f "%U" python3 homework.py > stulog.txt 2>&1 on vdhankar #####
child exited with value 1
##### ERROR: /usr/bin/time -o time_22_vdhankar_csankhe.txt -f "%U" python3 homework.py > stulog.txt 2>&1 on vdhankar #####
##### Output of failed program (stdout + stderr): #####
Traceback (most recent call last):
  File "homework.py", line 546, in <module>
    print(end-start)
NameError: name 'end' is not defined
##### End of output of failed program #####
##### vdhankar plays [E g3 f4] in 9.14903712272644s #####
##### Running: /usr/lib/jvm/jdk-14.0.1/bin/java -jar /lab/itti/projects/checkers-competition/server/referee.jar on run_22_vdhankar_csankhe #####
Move is valid
##### SUCCESS: /usr/lib/jvm/jdk-14.0.1/bin/java -jar /lab/itti/projects/checkers-competition/server/referee.jar on run_22_vdhankar_csankhe #####
INPUT for csankhe:
GAME
BLACK
285.87
...b...b
b...b.b.
...b....
..b.....
.....w.b
w.w.w...
.w.w....
w.w...w.
##### Running: /usr/bin/time -o time_22_vdhankar_csankhe.txt -f "%U" python3 homework.py > stulog.txt 2>&1 on csankhe #####
##### SUCCESS: /usr/bin/time -o time_22_vdhankar_csankhe.txt -f "%U" python3 homework.py > stulog.txt 2>&1 on csankhe #####
##### csankhe plays [E h4 g3] in 0.83s #####
##### Running: /usr/lib/jvm/jdk-14.0.1/bin/java -jar /lab/itti/projects/checkers-competition/server/referee.jar on run_22_vdhankar_csankhe #####
Move is valid
##### SUCCESS: /usr/lib/jvm/jdk-14.0.1/bin/java -jar /lab/itti/projects/checkers-competition/server/referee.jar on run_22_vdhankar_csankhe #####
INPUT for vdhankar:
GAME
WHITE
210.479650735855
...b...b
b...b.b.
...b....
..b.....
.....w..
w.w.w.b.
.w.w....
w.w...w.
##### Running: /usr/bin/time -o time_22_vdhankar_csankhe.txt -f "%U" python3 homework.py > stulog.txt 2>&1 on vdhankar #####
child exited with value 1
##### ERROR: /usr/bin/time -o time_22_vdhankar_csankhe.txt -f "%U" python3 homework.py > stulog.txt 2>&1 on vdhankar #####
##### Output of failed program (stdout + stderr): #####
Traceback (most recent call last):
  File "homework.py", line 546, in <module>
    print(end-start)
NameError: name 'end' is not defined
##### End of output of failed program #####
##### vdhankar plays [E c3 d4] in 5.76453399658203s #####
##### Running: /usr/lib/jvm/jdk-14.0.1/bin/java -jar /lab/itti/projects/checkers-competition/server/referee.jar on run_22_vdhankar_csankhe #####
Move is valid
##### SUCCESS: /usr/lib/jvm/jdk-14.0.1/bin/java -jar /lab/itti/projects/checkers-competition/server/referee.jar on run_22_vdhankar_csankhe #####
INPUT for csankhe:
GAME
BLACK
285.04
...b...b
b...b.b.
...b....
..b.....
...w.w..
w...w.b.
.w.w....
w.w...w.
##### Running: /usr/bin/time -o time_22_vdhankar_csankhe.txt -f "%U" python3 homework.py > stulog.txt 2>&1 on csankhe #####
##### SUCCESS: /usr/bin/time -o time_22_vdhankar_csankhe.txt -f "%U" python3 homework.py > stulog.txt 2>&1 on csankhe #####
##### csankhe plays [E g3 f2] in 0.68s #####
##### Running: /usr/lib/jvm/jdk-14.0.1/bin/java -jar /lab/itti/projects/checkers-competition/server/referee.jar on run_22_vdhankar_csankhe #####
Move is valid
##### SUCCESS: /usr/lib/jvm/jdk-14.0.1/bin/java -jar /lab/itti/projects/checkers-competition/server/referee.jar on run_22_vdhankar_csankhe #####
INPUT for vdhankar:
GAME
WHITE
204.715116739273
...b...b
b...b.b.
...b....
..b.....
...w.w..
w...w...
.w.w.b..
w.w...w.
##### Running: /usr/bin/time -o time_22_vdhankar_csankhe.txt -f "%U" python3 homework.py > stulog.txt 2>&1 on vdhankar #####
child exited with value 1
##### ERROR: /usr/bin/time -o time_22_vdhankar_csankhe.txt -f "%U" python3 homework.py > stulog.txt 2>&1 on vdhankar #####
##### Output of failed program (stdout + stderr): #####
Traceback (most recent call last):
  File "homework.py", line 546, in <module>
    print(end-start)
NameError: name 'end' is not defined
##### End of output of failed program #####
##### vdhankar plays [J d4 b6] in 1.47164797782898s #####
##### Running: /usr/lib/jvm/jdk-14.0.1/bin/java -jar /lab/itti/projects/checkers-competition/server/referee.jar on run_22_vdhankar_csankhe #####
Move is valid
##### SUCCESS: /usr/lib/jvm/jdk-14.0.1/bin/java -jar /lab/itti/projects/checkers-competition/server/referee.jar on run_22_vdhankar_csankhe #####
INPUT for csankhe:
GAME
BLACK
284.36
...b...b
b...b.b.
.w.b....
........
.....w..
w...w...
.w.w.b..
w.w...w.
##### Running: /usr/bin/time -o time_22_vdhankar_csankhe.txt -f "%U" python3 homework.py > stulog.txt 2>&1 on csankhe #####
##### SUCCESS: /usr/bin/time -o time_22_vdhankar_csankhe.txt -f "%U" python3 homework.py > stulog.txt 2>&1 on csankhe #####
##### csankhe plays [J a7 c5] in 0.28s #####
##### Running: /usr/lib/jvm/jdk-14.0.1/bin/java -jar /lab/itti/projects/checkers-competition/server/referee.jar on run_22_vdhankar_csankhe #####
Move is valid
##### SUCCESS: /usr/lib/jvm/jdk-14.0.1/bin/java -jar /lab/itti/projects/checkers-competition/server/referee.jar on run_22_vdhankar_csankhe #####
INPUT for vdhankar:
GAME
WHITE
203.243468761444
...b...b
....b.b.
...b....
..b.....
.....w..
w...w...
.w.w.b..
w.w...w.
##### Running: /usr/bin/time -o time_22_vdhankar_csankhe.txt -f "%U" python3 homework.py > stulog.txt 2>&1 on vdhankar #####
child exited with value 1
##### ERROR: /usr/bin/time -o time_22_vdhankar_csankhe.txt -f "%U" python3 homework.py > stulog.txt 2>&1 on vdhankar #####
##### Output of failed program (stdout + stderr): #####
Traceback (most recent call last):
  File "homework.py", line 546, in <module>
    print(end-start)
NameError: name 'end' is not defined
##### End of output of failed program #####
##### vdhankar plays [E b2 c3] in 6.28356099128723s #####
##### Running: /usr/lib/jvm/jdk-14.0.1/bin/java -jar /lab/itti/projects/checkers-competition/server/referee.jar on run_22_vdhankar_csankhe #####
Move is valid
##### SUCCESS: /usr/lib/jvm/jdk-14.0.1/bin/java -jar /lab/itti/projects/checkers-competition/server/referee.jar on run_22_vdhankar_csankhe #####
INPUT for csankhe:
GAME
BLACK
284.08
...b...b
....b.b.
...b....
..b.....
.....w..
w.w.w...
...w.b..
w.w...w.
##### Running: /usr/bin/time -o time_22_vdhankar_csankhe.txt -f "%U" python3 homework.py > stulog.txt 2>&1 on csankhe #####
##### SUCCESS: /usr/bin/time -o time_22_vdhankar_csankhe.txt -f "%U" python3 homework.py > stulog.txt 2>&1 on csankhe #####
##### csankhe plays [E c5 d4] in 1.02s #####
##### Running: /usr/lib/jvm/jdk-14.0.1/bin/java -jar /lab/itti/projects/checkers-competition/server/referee.jar on run_22_vdhankar_csankhe #####
Move is valid
##### SUCCESS: /usr/lib/jvm/jdk-14.0.1/bin/java -jar /lab/itti/projects/checkers-competition/server/referee.jar on run_22_vdhankar_csankhe #####
INPUT for vdhankar:
GAME
WHITE
196.959907770157
...b...b
....b.b.
...b....
........
...b.w..
w.w.w...
...w.b..
w.w...w.
##### Running: /usr/bin/time -o time_22_vdhankar_csankhe.txt -f "%U" python3 homework.py > stulog.txt 2>&1 on vdhankar #####
child exited with value 1
##### ERROR: /usr/bin/time -o time_22_vdhankar_csankhe.txt -f "%U" python3 homework.py > stulog.txt 2>&1 on vdhankar #####
##### Output of failed program (stdout + stderr): #####
Traceback (most recent call last):
  File "homework.py", line 546, in <module>
    print(end-start)
NameError: name 'end' is not defined
##### End of output of failed program #####
##### vdhankar plays [J e3 c5] in 2.03160881996155s #####
##### Running: /usr/lib/jvm/jdk-14.0.1/bin/java -jar /lab/itti/projects/checkers-competition/server/referee.jar on run_22_vdhankar_csankhe #####
Move is valid
##### SUCCESS: /usr/lib/jvm/jdk-14.0.1/bin/java -jar /lab/itti/projects/checkers-competition/server/referee.jar on run_22_vdhankar_csankhe #####
INPUT for csankhe:
GAME
BLACK
283.06
...b...b
....b.b.
...b....
..w.....
.....w..
w.w.....
...w.b..
w.w...w.
##### Running: /usr/bin/time -o time_22_vdhankar_csankhe.txt -f "%U" python3 homework.py > stulog.txt 2>&1 on csankhe #####
##### SUCCESS: /usr/bin/time -o time_22_vdhankar_csankhe.txt -f "%U" python3 homework.py > stulog.txt 2>&1 on csankhe #####
##### csankhe plays [J d6 b4] in 0.15s #####
##### Running: /usr/lib/jvm/jdk-14.0.1/bin/java -jar /lab/itti/projects/checkers-competition/server/referee.jar on run_22_vdhankar_csankhe #####
Move is valid
##### SUCCESS: /usr/lib/jvm/jdk-14.0.1/bin/java -jar /lab/itti/projects/checkers-competition/server/referee.jar on run_22_vdhankar_csankhe #####
INPUT for vdhankar:
GAME
WHITE
194.928298950195
...b...b
....b.b.
........
........
.b...w..
w.w.....
...w.b..
w.w...w.
##### Running: /usr/bin/time -o time_22_vdhankar_csankhe.txt -f "%U" python3 homework.py > stulog.txt 2>&1 on vdhankar #####
child exited with value 1
##### ERROR: /usr/bin/time -o time_22_vdhankar_csankhe.txt -f "%U" python3 homework.py > stulog.txt 2>&1 on vdhankar #####
##### Output of failed program (stdout + stderr): #####
Traceback (most recent call last):
  File "homework.py", line 546, in <module>
    print(end-start)
NameError: name 'end' is not defined
##### End of output of failed program #####
##### vdhankar plays [J g1 e3] in 3.34168195724487s #####
##### Running: /usr/lib/jvm/jdk-14.0.1/bin/java -jar /lab/itti/projects/checkers-competition/server/referee.jar on run_22_vdhankar_csankhe #####
Move is valid
##### SUCCESS: /usr/lib/jvm/jdk-14.0.1/bin/java -jar /lab/itti/projects/checkers-competition/server/referee.jar on run_22_vdhankar_csankhe #####
INPUT for csankhe:
GAME
BLACK
282.91
...b...b
....b.b.
........
........
.b...w..
w.w.w...
...w....
w.w.....
##### Running: /usr/bin/time -o time_22_vdhankar_csankhe.txt -f "%U" python3 homework.py > stulog.txt 2>&1 on csankhe #####
##### SUCCESS: /usr/bin/time -o time_22_vdhankar_csankhe.txt -f "%U" python3 homework.py > stulog.txt 2>&1 on csankhe #####
##### csankhe plays [E g7 h6] in 0.35s #####
##### Running: /usr/lib/jvm/jdk-14.0.1/bin/java -jar /lab/itti/projects/checkers-competition/server/referee.jar on run_22_vdhankar_csankhe #####
Move is valid
##### SUCCESS: /usr/lib/jvm/jdk-14.0.1/bin/java -jar /lab/itti/projects/checkers-competition/server/referee.jar on run_22_vdhankar_csankhe #####
INPUT for vdhankar:
GAME
WHITE
191.58661699295
...b...b
....b...
.......b
........
.b...w..
w.w.w...
...w....
w.w.....
##### Running: /usr/bin/time -o time_22_vdhankar_csankhe.txt -f "%U" python3 homework.py > stulog.txt 2>&1 on vdhankar #####
child exited with value 1
##### ERROR: /usr/bin/time -o time_22_vdhankar_csankhe.txt -f "%U" python3 homework.py > stulog.txt 2>&1 on vdhankar #####
##### Output of failed program (stdout + stderr): #####
Traceback (most recent call last):
  File "homework.py", line 546, in <module>
    print(end-start)
NameError: name 'end' is not defined
##### End of output of failed program #####
##### vdhankar plays [J a3 c5] in 3.64702606201172s #####
##### Running: /usr/lib/jvm/jdk-14.0.1/bin/java -jar /lab/itti/projects/checkers-competition/server/referee.jar on run_22_vdhankar_csankhe #####
Move is valid
##### SUCCESS: /usr/lib/jvm/jdk-14.0.1/bin/java -jar /lab/itti/projects/checkers-competition/server/referee.jar on run_22_vdhankar_csankhe #####
INPUT for csankhe:
GAME
BLACK
282.56
...b...b
....b...
.......b
..w.....
.....w..
..w.w...
...w....
w.w.....
##### Running: /usr/bin/time -o time_22_vdhankar_csankhe.txt -f "%U" python3 homework.py > stulog.txt 2>&1 on csankhe #####
##### SUCCESS: /usr/bin/time -o time_22_vdhankar_csankhe.txt -f "%U" python3 homework.py > stulog.txt 2>&1 on csankhe #####
##### csankhe plays [E h6 g5] in 0.46s #####
##### Running: /usr/lib/jvm/jdk-14.0.1/bin/java -jar /lab/itti/projects/checkers-competition/server/referee.jar on run_22_vdhankar_csankhe #####
Move is valid
##### SUCCESS: /usr/lib/jvm/jdk-14.0.1/bin/java -jar /lab/itti/projects/checkers-competition/server/referee.jar on run_22_vdhankar_csankhe #####
INPUT for vdhankar:
GAME
WHITE
187.939590930939
...b...b
....b...
........
..w...b.
.....w..
..w.w...
...w....
w.w.....
##### Running: /usr/bin/time -o time_22_vdhankar_csankhe.txt -f "%U" python3 homework.py > stulog.txt 2>&1 on vdhankar #####
child exited with value 1
##### ERROR: /usr/bin/time -o time_22_vdhankar_csankhe.txt -f "%U" python3 homework.py > stulog.txt 2>&1 on vdhankar #####
##### Output of failed program (stdout + stderr): #####
Traceback (most recent call last):
  File "homework.py", line 546, in <module>
    print(end-start)
NameError: name 'end' is not defined
##### End of output of failed program #####
##### vdhankar plays [J f4 h6] in 0.944511890411377s #####
##### Running: /usr/lib/jvm/jdk-14.0.1/bin/java -jar /lab/itti/projects/checkers-competition/server/referee.jar on run_22_vdhankar_csankhe #####
Move is valid
##### SUCCESS: /usr/lib/jvm/jdk-14.0.1/bin/java -jar /lab/itti/projects/checkers-competition/server/referee.jar on run_22_vdhankar_csankhe #####
INPUT for csankhe:
GAME
BLACK
282.1
...b...b
....b...
.......w
..w.....
........
..w.w...
...w....
w.w.....
##### Running: /usr/bin/time -o time_22_vdhankar_csankhe.txt -f "%U" python3 homework.py > stulog.txt 2>&1 on csankhe #####
##### SUCCESS: /usr/bin/time -o time_22_vdhankar_csankhe.txt -f "%U" python3 homework.py > stulog.txt 2>&1 on csankhe #####
##### csankhe plays [E e7 d6] in 0.24s #####
##### Running: /usr/lib/jvm/jdk-14.0.1/bin/java -jar /lab/itti/projects/checkers-competition/server/referee.jar on run_22_vdhankar_csankhe #####
Move is valid
##### SUCCESS: /usr/lib/jvm/jdk-14.0.1/bin/java -jar /lab/itti/projects/checkers-competition/server/referee.jar on run_22_vdhankar_csankhe #####
INPUT for vdhankar:
GAME
WHITE
186.995079040527
...b...b
........
...b...w
..w.....
........
..w.w...
...w....
w.w.....
##### Running: /usr/bin/time -o time_22_vdhankar_csankhe.txt -f "%U" python3 homework.py > stulog.txt 2>&1 on vdhankar #####
child exited with value 1
##### ERROR: /usr/bin/time -o time_22_vdhankar_csankhe.txt -f "%U" python3 homework.py > stulog.txt 2>&1 on vdhankar #####
##### Output of failed program (stdout + stderr): #####
Traceback (most recent call last):
  File "homework.py", line 546, in <module>
    print(end-start)
NameError: name 'end' is not defined
##### End of output of failed program #####
##### vdhankar plays [J c5 e7] in 0.634763956069946s #####
##### Running: /usr/lib/jvm/jdk-14.0.1/bin/java -jar /lab/itti/projects/checkers-competition/server/referee.jar on run_22_vdhankar_csankhe #####
Move is valid
##### SUCCESS: /usr/lib/jvm/jdk-14.0.1/bin/java -jar /lab/itti/projects/checkers-competition/server/referee.jar on run_22_vdhankar_csankhe #####
INPUT for csankhe:
GAME
BLACK
281.86
...b...b
....w...
.......w
........
........
..w.w...
...w....
w.w.....
##### Running: /usr/bin/time -o time_22_vdhankar_csankhe.txt -f "%U" python3 homework.py > stulog.txt 2>&1 on csankhe #####
##### SUCCESS: /usr/bin/time -o time_22_vdhankar_csankhe.txt -f "%U" python3 homework.py > stulog.txt 2>&1 on csankhe #####
##### csankhe plays [J d8 f6] in 0.13s #####
##### Running: /usr/lib/jvm/jdk-14.0.1/bin/java -jar /lab/itti/projects/checkers-competition/server/referee.jar on run_22_vdhankar_csankhe #####
Move is valid
##### SUCCESS: /usr/lib/jvm/jdk-14.0.1/bin/java -jar /lab/itti/projects/checkers-competition/server/referee.jar on run_22_vdhankar_csankhe #####
INPUT for vdhankar:
GAME
WHITE
186.360315084457
.......b
........
.....b.w
........
........
..w.w...
...w....
w.w.....
##### Running: /usr/bin/time -o time_22_vdhankar_csankhe.txt -f "%U" python3 homework.py > stulog.txt 2>&1 on vdhankar #####
child exited with value 1
##### ERROR: /usr/bin/time -o time_22_vdhankar_csankhe.txt -f "%U" python3 homework.py > stulog.txt 2>&1 on vdhankar #####
##### Output of failed program (stdout + stderr): #####
Traceback (most recent call last):
  File "homework.py", line 546, in <module>
    print(end-start)
NameError: name 'end' is not defined
##### End of output of failed program #####
##### vdhankar plays [E c3 b4] in 0.820567846298218s #####
##### Running: /usr/lib/jvm/jdk-14.0.1/bin/java -jar /lab/itti/projects/checkers-competition/server/referee.jar on run_22_vdhankar_csankhe #####
Move is valid
##### SUCCESS: /usr/lib/jvm/jdk-14.0.1/bin/java -jar /lab/itti/projects/checkers-competition/server/referee.jar on run_22_vdhankar_csankhe #####
INPUT for csankhe:
GAME
BLACK
281.73
.......b
........
.....b.w
........
.w......
....w...
...w....
w.w.....
##### Running: /usr/bin/time -o time_22_vdhankar_csankhe.txt -f "%U" python3 homework.py > stulog.txt 2>&1 on csankhe #####
##### SUCCESS: /usr/bin/time -o time_22_vdhankar_csankhe.txt -f "%U" python3 homework.py > stulog.txt 2>&1 on csankhe #####
##### csankhe plays [E f6 g5] in 0.2s #####
##### Running: /usr/lib/jvm/jdk-14.0.1/bin/java -jar /lab/itti/projects/checkers-competition/server/referee.jar on run_22_vdhankar_csankhe #####
Move is valid
##### SUCCESS: /usr/lib/jvm/jdk-14.0.1/bin/java -jar /lab/itti/projects/checkers-competition/server/referee.jar on run_22_vdhankar_csankhe #####
INPUT for vdhankar:
GAME
WHITE
185.539747238159
.......b
........
.......w
......b.
.w......
....w...
...w....
w.w.....
##### Running: /usr/bin/time -o time_22_vdhankar_csankhe.txt -f "%U" python3 homework.py > stulog.txt 2>&1 on vdhankar #####
child exited with value 1
##### ERROR: /usr/bin/time -o time_22_vdhankar_csankhe.txt -f "%U" python3 homework.py > stulog.txt 2>&1 on vdhankar #####
##### Output of failed program (stdout + stderr): #####
Traceback (most recent call last):
  File "homework.py", line 546, in <module>
    print(end-start)
NameError: name 'end' is not defined
##### End of output of failed program #####
##### vdhankar plays [E h6 g7] in 0.535100936889648s #####
##### Running: /usr/lib/jvm/jdk-14.0.1/bin/java -jar /lab/itti/projects/checkers-competition/server/referee.jar on run_22_vdhankar_csankhe #####
Move is valid
##### SUCCESS: /usr/lib/jvm/jdk-14.0.1/bin/java -jar /lab/itti/projects/checkers-competition/server/referee.jar on run_22_vdhankar_csankhe #####
INPUT for csankhe:
GAME
BLACK
281.53
.......b
......w.
........
......b.
.w......
....w...
...w....
w.w.....
##### Running: /usr/bin/time -o time_22_vdhankar_csankhe.txt -f "%U" python3 homework.py > stulog.txt 2>&1 on csankhe #####
##### SUCCESS: /usr/bin/time -o time_22_vdhankar_csankhe.txt -f "%U" python3 homework.py > stulog.txt 2>&1 on csankhe #####
##### csankhe plays [J h8 f6] in 0.13s #####
##### Running: /usr/lib/jvm/jdk-14.0.1/bin/java -jar /lab/itti/projects/checkers-competition/server/referee.jar on run_22_vdhankar_csankhe #####
Move is valid
##### SUCCESS: /usr/lib/jvm/jdk-14.0.1/bin/java -jar /lab/itti/projects/checkers-competition/server/referee.jar on run_22_vdhankar_csankhe #####
INPUT for vdhankar:
GAME
WHITE
185.00464630127
........
........
.....b..
......b.
.w......
....w...
...w....
w.w.....
##### Running: /usr/bin/time -o time_22_vdhankar_csankhe.txt -f "%U" python3 homework.py > stulog.txt 2>&1 on vdhankar #####
child exited with value 1
##### ERROR: /usr/bin/time -o time_22_vdhankar_csankhe.txt -f "%U" python3 homework.py > stulog.txt 2>&1 on vdhankar #####
##### Output of failed program (stdout + stderr): #####
Traceback (most recent call last):
  File "homework.py", line 546, in <module>
    print(end-start)
NameError: name 'end' is not defined
##### End of output of failed program #####
##### vdhankar plays [E e3 f4] in 2.74362707138062s #####
##### Running: /usr/lib/jvm/jdk-14.0.1/bin/java -jar /lab/itti/projects/checkers-competition/server/referee.jar on run_22_vdhankar_csankhe #####
Move is valid
##### SUCCESS: /usr/lib/jvm/jdk-14.0.1/bin/java -jar /lab/itti/projects/checkers-competition/server/referee.jar on run_22_vdhankar_csankhe #####
INPUT for csankhe:
GAME
BLACK
281.4
........
........
.....b..
......b.
.w...w..
........
...w....
w.w.....
##### Running: /usr/bin/time -o time_22_vdhankar_csankhe.txt -f "%U" python3 homework.py > stulog.txt 2>&1 on csankhe #####
##### SUCCESS: /usr/bin/time -o time_22_vdhankar_csankhe.txt -f "%U" python3 homework.py > stulog.txt 2>&1 on csankhe #####
##### csankhe plays [J g5 e3] in 0.04s #####
##### Running: /usr/lib/jvm/jdk-14.0.1/bin/java -jar /lab/itti/projects/checkers-competition/server/referee.jar on run_22_vdhankar_csankhe #####
Move is valid
##### SUCCESS: /usr/lib/jvm/jdk-14.0.1/bin/java -jar /lab/itti/projects/checkers-competition/server/referee.jar on run_22_vdhankar_csankhe #####
INPUT for vdhankar:
GAME
WHITE
182.261019229889
........
........
.....b..
........
.w......
....b...
...w....
w.w.....
##### Running: /usr/bin/time -o time_22_vdhankar_csankhe.txt -f "%U" python3 homework.py > stulog.txt 2>&1 on vdhankar #####
child exited with value 1
##### ERROR: /usr/bin/time -o time_22_vdhankar_csankhe.txt -f "%U" python3 homework.py > stulog.txt 2>&1 on vdhankar #####
##### Output of failed program (stdout + stderr): #####
Traceback (most recent call last):
  File "homework.py", line 546, in <module>
    print(end-start)
NameError: name 'end' is not defined
##### End of output of failed program #####
##### vdhankar plays [J d2 f4] in 0.366183042526245s #####
##### Running: /usr/lib/jvm/jdk-14.0.1/bin/java -jar /lab/itti/projects/checkers-competition/server/referee.jar on run_22_vdhankar_csankhe #####
Move is valid
##### SUCCESS: /usr/lib/jvm/jdk-14.0.1/bin/java -jar /lab/itti/projects/checkers-competition/server/referee.jar on run_22_vdhankar_csankhe #####
INPUT for csankhe:
GAME
BLACK
281.36
........
........
.....b..
........
.w...w..
........
........
w.w.....
##### Running: /usr/bin/time -o time_22_vdhankar_csankhe.txt -f "%U" python3 homework.py > stulog.txt 2>&1 on csankhe #####
##### SUCCESS: /usr/bin/time -o time_22_vdhankar_csankhe.txt -f "%U" python3 homework.py > stulog.txt 2>&1 on csankhe #####
##### csankhe plays [E f6 g5] in 0.05s #####
##### Running: /usr/lib/jvm/jdk-14.0.1/bin/java -jar /lab/itti/projects/checkers-competition/server/referee.jar on run_22_vdhankar_csankhe #####
Move is valid
##### SUCCESS: /usr/lib/jvm/jdk-14.0.1/bin/java -jar /lab/itti/projects/checkers-competition/server/referee.jar on run_22_vdhankar_csankhe #####
INPUT for vdhankar:
GAME
WHITE
181.894836187363
........
........
........
......b.
.w...w..
........
........
w.w.....
##### Running: /usr/bin/time -o time_22_vdhankar_csankhe.txt -f "%U" python3 homework.py > stulog.txt 2>&1 on vdhankar #####
child exited with value 1
##### ERROR: /usr/bin/time -o time_22_vdhankar_csankhe.txt -f "%U" python3 homework.py > stulog.txt 2>&1 on vdhankar #####
##### Output of failed program (stdout + stderr): #####
Traceback (most recent call last):
  File "homework.py", line 546, in <module>
    print(end-start)
NameError: name 'end' is not defined
##### End of output of failed program #####
##### vdhankar plays [J f4 h6] in 0.329622030258179s #####
##### Running: /usr/lib/jvm/jdk-14.0.1/bin/java -jar /lab/itti/projects/checkers-competition/server/referee.jar on run_22_vdhankar_csankhe #####
Move is valid
After this move, player BLACK cannot make any moves
*** Winner: WHITE ***
##### SUCCESS: /usr/lib/jvm/jdk-14.0.1/bin/java -jar /lab/itti/projects/checkers-competition/server/referee.jar on run_22_vdhankar_csankhe #####
##### GAME OVER: vdhankar wins the game! #####
Server said: WIN
########## ROUND 22 GAMESCORE AFTER GAME 2: vdhankar=1 and csankhe=1 ##########
#################### ROUND 22: vdhankar (B) vs csankhe (W): game 3 ####################
##### game start! #####
INPUT for vdhankar:
GAME
BLACK
300
.b.b.b.b
b.b.b.b.
.b.b.b.b
........
........
w.w.w.w.
.w.w.w.w
w.w.w.w.
##### Running: /usr/bin/time -o time_22_vdhankar_csankhe.txt -f "%U" python3 homework.py > stulog.txt 2>&1 on vdhankar #####
child exited with value 1
##### ERROR: /usr/bin/time -o time_22_vdhankar_csankhe.txt -f "%U" python3 homework.py > stulog.txt 2>&1 on vdhankar #####
##### Output of failed program (stdout + stderr): #####
Traceback (most recent call last):
  File "homework.py", line 546, in <module>
    print(end-start)
NameError: name 'end' is not defined
##### End of output of failed program #####
##### vdhankar plays [E h6 g5] in 11.526468038559s #####
##### Running: /usr/lib/jvm/jdk-14.0.1/bin/java -jar /lab/itti/projects/checkers-competition/server/referee.jar on run_22_vdhankar_csankhe #####
Move is valid
Couldn't read file 'current_ply.txt'
Couldn't read content from file 'current_ply.txt'
Couldn't read file 'lastmatchange_ply.txt'
Couldn't read content from file 'lastmatchange_ply.txt'
##### SUCCESS: /usr/lib/jvm/jdk-14.0.1/bin/java -jar /lab/itti/projects/checkers-competition/server/referee.jar on run_22_vdhankar_csankhe #####
INPUT for csankhe:
GAME
WHITE
300
.b.b.b.b
b.b.b.b.
.b.b.b..
......b.
........
w.w.w.w.
.w.w.w.w
w.w.w.w.
##### Running: /usr/bin/time -o time_22_vdhankar_csankhe.txt -f "%U" python3 homework.py > stulog.txt 2>&1 on csankhe #####
##### SUCCESS: /usr/bin/time -o time_22_vdhankar_csankhe.txt -f "%U" python3 homework.py > stulog.txt 2>&1 on csankhe #####
##### csankhe plays [E e3 f4] in 1.59s #####
##### Running: /usr/lib/jvm/jdk-14.0.1/bin/java -jar /lab/itti/projects/checkers-competition/server/referee.jar on run_22_vdhankar_csankhe #####
Move is valid
##### SUCCESS: /usr/lib/jvm/jdk-14.0.1/bin/java -jar /lab/itti/projects/checkers-competition/server/referee.jar on run_22_vdhankar_csankhe #####
INPUT for vdhankar:
GAME
BLACK
288.473531961441
.b.b.b.b
b.b.b.b.
.b.b.b..
......b.
.....w..
w.w...w.
.w.w.w.w
w.w.w.w.
##### Running: /usr/bin/time -o time_22_vdhankar_csankhe.txt -f "%U" python3 homework.py > stulog.txt 2>&1 on vdhankar #####
child exited with value 1
##### ERROR: /usr/bin/time -o time_22_vdhankar_csankhe.txt -f "%U" python3 homework.py > stulog.txt 2>&1 on vdhankar #####
##### Output of failed program (stdout + stderr): #####
Traceback (most recent call last):
  File "homework.py", line 546, in <module>
    print(end-start)
NameError: name 'end' is not defined
##### End of output of failed program #####
##### vdhankar plays [J g5 e3] in 2.98794603347778s #####
##### Running: /usr/lib/jvm/jdk-14.0.1/bin/java -jar /lab/itti/projects/checkers-competition/server/referee.jar on run_22_vdhankar_csankhe #####
Move is valid
##### SUCCESS: /usr/lib/jvm/jdk-14.0.1/bin/java -jar /lab/itti/projects/checkers-competition/server/referee.jar on run_22_vdhankar_csankhe #####
INPUT for csankhe:
GAME
WHITE
298.41
.b.b.b.b
b.b.b.b.
.b.b.b..
........
........
w.w.b.w.
.w.w.w.w
w.w.w.w.
##### Running: /usr/bin/time -o time_22_vdhankar_csankhe.txt -f "%U" python3 homework.py > stulog.txt 2>&1 on csankhe #####
##### SUCCESS: /usr/bin/time -o time_22_vdhankar_csankhe.txt -f "%U" python3 homework.py > stulog.txt 2>&1 on csankhe #####
##### csankhe plays [J f2 d4] in 0.63s #####
##### Running: /usr/lib/jvm/jdk-14.0.1/bin/java -jar /lab/itti/projects/checkers-competition/server/referee.jar on run_22_vdhankar_csankhe #####
Move is valid
##### SUCCESS: /usr/lib/jvm/jdk-14.0.1/bin/java -jar /lab/itti/projects/checkers-competition/server/referee.jar on run_22_vdhankar_csankhe #####
INPUT for vdhankar:
GAME
BLACK
285.485585927963
.b.b.b.b
b.b.b.b.
.b.b.b..
........
...w....
w.w...w.
.w.w...w
w.w.w.w.
##### Running: /usr/bin/time -o time_22_vdhankar_csankhe.txt -f "%U" python3 homework.py > stulog.txt 2>&1 on vdhankar #####
child exited with value 1
##### ERROR: /usr/bin/time -o time_22_vdhankar_csankhe.txt -f "%U" python3 homework.py > stulog.txt 2>&1 on vdhankar #####
##### Output of failed program (stdout + stderr): #####
Traceback (most recent call last):
  File "homework.py", line 546, in <module>
    print(end-start)
NameError: name 'end' is not defined
##### End of output of failed program #####
##### vdhankar plays [E f6 e5] in 7.95669007301331s #####
##### Running: /usr/lib/jvm/jdk-14.0.1/bin/java -jar /lab/itti/projects/checkers-competition/server/referee.jar on run_22_vdhankar_csankhe #####
Move is valid
##### SUCCESS: /usr/lib/jvm/jdk-14.0.1/bin/java -jar /lab/itti/projects/checkers-competition/server/referee.jar on run_22_vdhankar_csankhe #####
INPUT for csankhe:
GAME
WHITE
297.78
.b.b.b.b
b.b.b.b.
.b.b....
....b...
...w....
w.w...w.
.w.w...w
w.w.w.w.
##### Running: /usr/bin/time -o time_22_vdhankar_csankhe.txt -f "%U" python3 homework.py > stulog.txt 2>&1 on csankhe #####
##### SUCCESS: /usr/bin/time -o time_22_vdhankar_csankhe.txt -f "%U" python3 homework.py > stulog.txt 2>&1 on csankhe #####
##### csankhe plays [J d4 f6] in 0.19s #####
##### Running: /usr/lib/jvm/jdk-14.0.1/bin/java -jar /lab/itti/projects/checkers-competition/server/referee.jar on run_22_vdhankar_csankhe #####
Move is valid
##### SUCCESS: /usr/lib/jvm/jdk-14.0.1/bin/java -jar /lab/itti/projects/checkers-competition/server/referee.jar on run_22_vdhankar_csankhe #####
INPUT for vdhankar:
GAME
BLACK
277.52889585495
.b.b.b.b
b.b.b.b.
.b.b.w..
........
........
w.w...w.
.w.w...w
w.w.w.w.
##### Running: /usr/bin/time -o time_22_vdhankar_csankhe.txt -f "%U" python3 homework.py > stulog.txt 2>&1 on vdhankar #####
child exited with value 1
##### ERROR: /usr/bin/time -o time_22_vdhankar_csankhe.txt -f "%U" python3 homework.py > stulog.txt 2>&1 on vdhankar #####
##### Output of failed program (stdout + stderr): #####
Traceback (most recent call last):
  File "homework.py", line 546, in <module>
    print(end-start)
NameError: name 'end' is not defined
##### End of output of failed program #####
##### vdhankar plays [J g7 e5] in 18.861664056778s #####
##### Running: /usr/lib/jvm/jdk-14.0.1/bin/java -jar /lab/itti/projects/checkers-competition/server/referee.jar on run_22_vdhankar_csankhe #####
Move is valid
##### SUCCESS: /usr/lib/jvm/jdk-14.0.1/bin/java -jar /lab/itti/projects/checkers-competition/server/referee.jar on run_22_vdhankar_csankhe #####
INPUT for csankhe:
GAME
WHITE
297.59
.b.b.b.b
b.b.b...
.b.b....
....b...
........
w.w...w.
.w.w...w
w.w.w.w.
##### Running: /usr/bin/time -o time_22_vdhankar_csankhe.txt -f "%U" python3 homework.py > stulog.txt 2>&1 on csankhe #####
##### SUCCESS: /usr/bin/time -o time_22_vdhankar_csankhe.txt -f "%U" python3 homework.py > stulog.txt 2>&1 on csankhe #####
##### csankhe plays [E d2 e3] in 1.54s #####
##### Running: /usr/lib/jvm/jdk-14.0.1/bin/java -jar /lab/itti/projects/checkers-competition/server/referee.jar on run_22_vdhankar_csankhe #####
Move is valid
##### SUCCESS: /usr/lib/jvm/jdk-14.0.1/bin/java -jar /lab/itti/projects/checkers-competition/server/referee.jar on run_22_vdhankar_csankhe #####
INPUT for vdhankar:
GAME
BLACK
258.667231798172
.b.b.b.b
b.b.b...
.b.b....
....b...
........
w.w.w.w.
.w.....w
w.w.w.w.
##### Running: /usr/bin/time -o time_22_vdhankar_csankhe.txt -f "%U" python3 homework.py > stulog.txt 2>&1 on vdhankar #####
child exited with value 1
##### ERROR: /usr/bin/time -o time_22_vdhankar_csankhe.txt -f "%U" python3 homework.py > stulog.txt 2>&1 on vdhankar #####
##### Output of failed program (stdout + stderr): #####
Traceback (most recent call last):
  File "homework.py", line 546, in <module>
    print(end-start)
NameError: name 'end' is not defined
##### End of output of failed program #####
##### vdhankar plays [E e5 d4] in 21.4720449447632s #####
##### Running: /usr/lib/jvm/jdk-14.0.1/bin/java -jar /lab/itti/projects/checkers-competition/server/referee.jar on run_22_vdhankar_csankhe #####
Move is valid
##### SUCCESS: /usr/lib/jvm/jdk-14.0.1/bin/java -jar /lab/itti/projects/checkers-competition/server/referee.jar on run_22_vdhankar_csankhe #####
INPUT for csankhe:
GAME
WHITE
296.05
.b.b.b.b
b.b.b...
.b.b....
........
...b....
w.w.w.w.
.w.....w
w.w.w.w.
##### Running: /usr/bin/time -o time_22_vdhankar_csankhe.txt -f "%U" python3 homework.py > stulog.txt 2>&1 on csankhe #####
##### SUCCESS: /usr/bin/time -o time_22_vdhankar_csankhe.txt -f "%U" python3 homework.py > stulog.txt 2>&1 on csankhe #####
##### csankhe plays [J e3 c5] in 0.18s #####
##### Running: /usr/lib/jvm/jdk-14.0.1/bin/java -jar /lab/itti/projects/checkers-competition/server/referee.jar on run_22_vdhankar_csankhe #####
Move is valid
##### SUCCESS: /usr/lib/jvm/jdk-14.0.1/bin/java -jar /lab/itti/projects/checkers-competition/server/referee.jar on run_22_vdhankar_csankhe #####
INPUT for vdhankar:
GAME
BLACK
237.195186853409
.b.b.b.b
b.b.b...
.b.b....
..w.....
........
w.w...w.
.w.....w
w.w.w.w.
##### Running: /usr/bin/time -o time_22_vdhankar_csankhe.txt -f "%U" python3 homework.py > stulog.txt 2>&1 on vdhankar #####
child exited with value 1
##### ERROR: /usr/bin/time -o time_22_vdhankar_csankhe.txt -f "%U" python3 homework.py > stulog.txt 2>&1 on vdhankar #####
##### Output of failed program (stdout + stderr): #####
Traceback (most recent call last):
  File "homework.py", line 546, in <module>
    print(end-start)
NameError: name 'end' is not defined
##### End of output of failed program #####
##### vdhankar plays [J d6 b4 ; J b4 d2] in 4.98976898193359s #####
##### Running: /usr/lib/jvm/jdk-14.0.1/bin/java -jar /lab/itti/projects/checkers-competition/server/referee.jar on run_22_vdhankar_csankhe #####
Move is valid
##### SUCCESS: /usr/lib/jvm/jdk-14.0.1/bin/java -jar /lab/itti/projects/checkers-competition/server/referee.jar on run_22_vdhankar_csankhe #####
INPUT for csankhe:
GAME
WHITE
295.87
.b.b.b.b
b.b.b...
.b......
........
........
w.....w.
.w.b...w
w.w.w.w.
##### Running: /usr/bin/time -o time_22_vdhankar_csankhe.txt -f "%U" python3 homework.py > stulog.txt 2>&1 on csankhe #####
##### SUCCESS: /usr/bin/time -o time_22_vdhankar_csankhe.txt -f "%U" python3 homework.py > stulog.txt 2>&1 on csankhe #####
##### csankhe plays [J c1 e3] in 0.81s #####
##### Running: /usr/lib/jvm/jdk-14.0.1/bin/java -jar /lab/itti/projects/checkers-competition/server/referee.jar on run_22_vdhankar_csankhe #####
Move is valid
##### SUCCESS: /usr/lib/jvm/jdk-14.0.1/bin/java -jar /lab/itti/projects/checkers-competition/server/referee.jar on run_22_vdhankar_csankhe #####
INPUT for vdhankar:
GAME
BLACK
232.205417871475
.b.b.b.b
b.b.b...
.b......
........
........
w...w.w.
.w.....w
w...w.w.
##### Running: /usr/bin/time -o time_22_vdhankar_csankhe.txt -f "%U" python3 homework.py > stulog.txt 2>&1 on vdhankar #####
child exited with value 1
##### ERROR: /usr/bin/time -o time_22_vdhankar_csankhe.txt -f "%U" python3 homework.py > stulog.txt 2>&1 on vdhankar #####
##### Output of failed program (stdout + stderr): #####
Traceback (most recent call last):
  File "homework.py", line 546, in <module>
    print(end-start)
NameError: name 'end' is not defined
##### End of output of failed program #####
##### vdhankar plays [E e7 f6] in 58.4709100723267s #####
##### Running: /usr/lib/jvm/jdk-14.0.1/bin/java -jar /lab/itti/projects/checkers-competition/server/referee.jar on run_22_vdhankar_csankhe #####
Move is valid
##### SUCCESS: /usr/lib/jvm/jdk-14.0.1/bin/java -jar /lab/itti/projects/checkers-competition/server/referee.jar on run_22_vdhankar_csankhe #####
INPUT for csankhe:
GAME
WHITE
295.06
.b.b.b.b
b.b.....
.b...b..
........
........
w...w.w.
.w.....w
w...w.w.
##### Running: /usr/bin/time -o time_22_vdhankar_csankhe.txt -f "%U" python3 homework.py > stulog.txt 2>&1 on csankhe #####
##### SUCCESS: /usr/bin/time -o time_22_vdhankar_csankhe.txt -f "%U" python3 homework.py > stulog.txt 2>&1 on csankhe #####
##### csankhe plays [E g1 f2] in 3.69s #####
##### Running: /usr/lib/jvm/jdk-14.0.1/bin/java -jar /lab/itti/projects/checkers-competition/server/referee.jar on run_22_vdhankar_csankhe #####
Move is valid
##### SUCCESS: /usr/lib/jvm/jdk-14.0.1/bin/java -jar /lab/itti/projects/checkers-competition/server/referee.jar on run_22_vdhankar_csankhe #####
INPUT for vdhankar:
GAME
BLACK
173.734507799149
.b.b.b.b
b.b.....
.b...b..
........
........
w...w.w.
.w...w.w
w...w...
##### Running: /usr/bin/time -o time_22_vdhankar_csankhe.txt -f "%U" python3 homework.py > stulog.txt 2>&1 on vdhankar #####
child exited with value 1
##### ERROR: /usr/bin/time -o time_22_vdhankar_csankhe.txt -f "%U" python3 homework.py > stulog.txt 2>&1 on vdhankar #####
##### Output of failed program (stdout + stderr): #####
Traceback (most recent call last):
  File "homework.py", line 546, in <module>
    print(end-start)
NameError: name 'end' is not defined
##### End of output of failed program #####
##### vdhankar plays [E b6 c5] in 42.9406890869141s #####
##### Running: /usr/lib/jvm/jdk-14.0.1/bin/java -jar /lab/itti/projects/checkers-competition/server/referee.jar on run_22_vdhankar_csankhe #####
Move is valid
##### SUCCESS: /usr/lib/jvm/jdk-14.0.1/bin/java -jar /lab/itti/projects/checkers-competition/server/referee.jar on run_22_vdhankar_csankhe #####
INPUT for csankhe:
GAME
WHITE
291.37
.b.b.b.b
b.b.....
.....b..
..b.....
........
w...w.w.
.w...w.w
w...w...
##### Running: /usr/bin/time -o time_22_vdhankar_csankhe.txt -f "%U" python3 homework.py > stulog.txt 2>&1 on csankhe #####
##### SUCCESS: /usr/bin/time -o time_22_vdhankar_csankhe.txt -f "%U" python3 homework.py > stulog.txt 2>&1 on csankhe #####
##### csankhe plays [E e1 d2] in 2.17s #####
##### Running: /usr/lib/jvm/jdk-14.0.1/bin/java -jar /lab/itti/projects/checkers-competition/server/referee.jar on run_22_vdhankar_csankhe #####
Move is valid
##### SUCCESS: /usr/lib/jvm/jdk-14.0.1/bin/java -jar /lab/itti/projects/checkers-competition/server/referee.jar on run_22_vdhankar_csankhe #####
INPUT for vdhankar:
GAME
BLACK
130.793818712234
.b.b.b.b
b.b.....
.....b..
..b.....
........
w...w.w.
.w.w.w.w
w.......
##### Running: /usr/bin/time -o time_22_vdhankar_csankhe.txt -f "%U" python3 homework.py > stulog.txt 2>&1 on vdhankar #####
child exited with value 1
##### ERROR: /usr/bin/time -o time_22_vdhankar_csankhe.txt -f "%U" python3 homework.py > stulog.txt 2>&1 on vdhankar #####
##### Output of failed program (stdout + stderr): #####
Traceback (most recent call last):
  File "homework.py", line 546, in <module>
    print(end-start)
NameError: name 'end' is not defined
##### End of output of failed program #####
##### vdhankar plays [E f6 g5] in 81.2680170536041s #####
##### Running: /usr/lib/jvm/jdk-14.0.1/bin/java -jar /lab/itti/projects/checkers-competition/server/referee.jar on run_22_vdhankar_csankhe #####
Move is valid
##### SUCCESS: /usr/lib/jvm/jdk-14.0.1/bin/java -jar /lab/itti/projects/checkers-competition/server/referee.jar on run_22_vdhankar_csankhe #####
INPUT for csankhe:
GAME
WHITE
289.2
.b.b.b.b
b.b.....
........
..b...b.
........
w...w.w.
.w.w.w.w
w.......
##### Running: /usr/bin/time -o time_22_vdhankar_csankhe.txt -f "%U" python3 homework.py > stulog.txt 2>&1 on csankhe #####
##### SUCCESS: /usr/bin/time -o time_22_vdhankar_csankhe.txt -f "%U" python3 homework.py > stulog.txt 2>&1 on csankhe #####
##### csankhe plays [E g3 h4] in 0.99s #####
##### Running: /usr/lib/jvm/jdk-14.0.1/bin/java -jar /lab/itti/projects/checkers-competition/server/referee.jar on run_22_vdhankar_csankhe #####
Move is valid
##### SUCCESS: /usr/lib/jvm/jdk-14.0.1/bin/java -jar /lab/itti/projects/checkers-competition/server/referee.jar on run_22_vdhankar_csankhe #####
INPUT for vdhankar:
GAME
BLACK
49.5258016586304
.b.b.b.b
b.b.....
........
..b...b.
.......w
w...w...
.w.w.w.w
w.......
##### Running: /usr/bin/time -o time_22_vdhankar_csankhe.txt -f "%U" python3 homework.py > stulog.txt 2>&1 on vdhankar #####
child exited with value 1
##### ERROR: /usr/bin/time -o time_22_vdhankar_csankhe.txt -f "%U" python3 homework.py > stulog.txt 2>&1 on vdhankar #####
##### Output of failed program (stdout + stderr): #####
Traceback (most recent call last):
  File "homework.py", line 546, in <module>
    print(end-start)
NameError: name 'end' is not defined
##### End of output of failed program #####
##### vdhankar plays [E g5 f4] in 1.9410240650177s #####
##### Running: /usr/lib/jvm/jdk-14.0.1/bin/java -jar /lab/itti/projects/checkers-competition/server/referee.jar on run_22_vdhankar_csankhe #####
Move is valid
##### SUCCESS: /usr/lib/jvm/jdk-14.0.1/bin/java -jar /lab/itti/projects/checkers-competition/server/referee.jar on run_22_vdhankar_csankhe #####
INPUT for csankhe:
GAME
WHITE
288.21
.b.b.b.b
b.b.....
........
..b.....
.....b.w
w...w...
.w.w.w.w
w.......
##### Running: /usr/bin/time -o time_22_vdhankar_csankhe.txt -f "%U" python3 homework.py > stulog.txt 2>&1 on csankhe #####
##### SUCCESS: /usr/bin/time -o time_22_vdhankar_csankhe.txt -f "%U" python3 homework.py > stulog.txt 2>&1 on csankhe #####
##### csankhe plays [J e3 g5] in 0.56s #####
##### Running: /usr/lib/jvm/jdk-14.0.1/bin/java -jar /lab/itti/projects/checkers-competition/server/referee.jar on run_22_vdhankar_csankhe #####
Move is valid
##### SUCCESS: /usr/lib/jvm/jdk-14.0.1/bin/java -jar /lab/itti/projects/checkers-competition/server/referee.jar on run_22_vdhankar_csankhe #####
INPUT for vdhankar:
GAME
BLACK
47.5847775936127
.b.b.b.b
b.b.....
........
..b...w.
.......w
w.......
.w.w.w.w
w.......
##### Running: /usr/bin/time -o time_22_vdhankar_csankhe.txt -f "%U" python3 homework.py > stulog.txt 2>&1 on vdhankar #####
child exited with value 1
##### ERROR: /usr/bin/time -o time_22_vdhankar_csankhe.txt -f "%U" python3 homework.py > stulog.txt 2>&1 on vdhankar #####
##### Output of failed program (stdout + stderr): #####
Traceback (most recent call last):
  File "homework.py", line 546, in <module>
    print(end-start)
NameError: name 'end' is not defined
##### End of output of failed program #####
##### vdhankar plays [E c7 d6] in 30.4361140727997s #####
##### Running: /usr/lib/jvm/jdk-14.0.1/bin/java -jar /lab/itti/projects/checkers-competition/server/referee.jar on run_22_vdhankar_csankhe #####
Move is valid
##### SUCCESS: /usr/lib/jvm/jdk-14.0.1/bin/java -jar /lab/itti/projects/checkers-competition/server/referee.jar on run_22_vdhankar_csankhe #####
INPUT for csankhe:
GAME
WHITE
287.65
.b.b.b.b
b.......
...b....
..b...w.
.......w
w.......
.w.w.w.w
w.......
##### Running: /usr/bin/time -o time_22_vdhankar_csankhe.txt -f "%U" python3 homework.py > stulog.txt 2>&1 on csankhe #####
##### SUCCESS: /usr/bin/time -o time_22_vdhankar_csankhe.txt -f "%U" python3 homework.py > stulog.txt 2>&1 on csankhe #####
##### csankhe plays [E h2 g3] in 1.91s #####
##### Running: /usr/lib/jvm/jdk-14.0.1/bin/java -jar /lab/itti/projects/checkers-competition/server/referee.jar on run_22_vdhankar_csankhe #####
Move is valid
##### SUCCESS: /usr/lib/jvm/jdk-14.0.1/bin/java -jar /lab/itti/projects/checkers-competition/server/referee.jar on run_22_vdhankar_csankhe #####
INPUT for vdhankar:
GAME
BLACK
17.148663520813
.b.b.b.b
b.......
...b....
..b...w.
.......w
w.....w.
.w.w.w..
w.......
##### Running: /usr/bin/time -o time_22_vdhankar_csankhe.txt -f "%U" python3 homework.py > stulog.txt 2>&1 on vdhankar #####
child exited with value 1
##### ERROR: /usr/bin/time -o time_22_vdhankar_csankhe.txt -f "%U" python3 homework.py > stulog.txt 2>&1 on vdhankar #####
##### Output of failed program (stdout + stderr): #####
Traceback (most recent call last):
  File "homework.py", line 546, in <module>
    print(end-start)
NameError: name 'end' is not defined
##### End of output of failed program #####
##### vdhankar plays [E c5 d4] in 0.741551160812378s #####
##### Running: /usr/lib/jvm/jdk-14.0.1/bin/java -jar /lab/itti/projects/checkers-competition/server/referee.jar on run_22_vdhankar_csankhe #####
Move is valid
##### SUCCESS: /usr/lib/jvm/jdk-14.0.1/bin/java -jar /lab/itti/projects/checkers-competition/server/referee.jar on run_22_vdhankar_csankhe #####
INPUT for csankhe:
GAME
WHITE
285.74
.b.b.b.b
b.......
...b....
......w.
...b...w
w.....w.
.w.w.w..
w.......
##### Running: /usr/bin/time -o time_22_vdhankar_csankhe.txt -f "%U" python3 homework.py > stulog.txt 2>&1 on csankhe #####
##### SUCCESS: /usr/bin/time -o time_22_vdhankar_csankhe.txt -f "%U" python3 homework.py > stulog.txt 2>&1 on csankhe #####
##### csankhe plays [E d2 e3] in 2.09s #####
##### Running: /usr/lib/jvm/jdk-14.0.1/bin/java -jar /lab/itti/projects/checkers-competition/server/referee.jar on run_22_vdhankar_csankhe #####
Move is valid
##### SUCCESS: /usr/lib/jvm/jdk-14.0.1/bin/java -jar /lab/itti/projects/checkers-competition/server/referee.jar on run_22_vdhankar_csankhe #####
INPUT for vdhankar:
GAME
BLACK
16.4071123600006
.b.b.b.b
b.......
...b....
......w.
...b...w
w...w.w.
.w...w..
w.......
##### Running: /usr/bin/time -o time_22_vdhankar_csankhe.txt -f "%U" python3 homework.py > stulog.txt 2>&1 on vdhankar #####
child exited with value 1
##### ERROR: /usr/bin/time -o time_22_vdhankar_csankhe.txt -f "%U" python3 homework.py > stulog.txt 2>&1 on vdhankar #####
##### Output of failed program (stdout + stderr): #####
Traceback (most recent call last):
  File "homework.py", line 546, in <module>
    print(end-start)
NameError: name 'end' is not defined
##### End of output of failed program #####
##### vdhankar plays [E d6 c5] in 0.436064004898071s #####
##### Running: /usr/lib/jvm/jdk-14.0.1/bin/java -jar /lab/itti/projects/checkers-competition/server/referee.jar on run_22_vdhankar_csankhe #####
Move is valid
##### SUCCESS: /usr/lib/jvm/jdk-14.0.1/bin/java -jar /lab/itti/projects/checkers-competition/server/referee.jar on run_22_vdhankar_csankhe #####
INPUT for csankhe:
GAME
WHITE
283.65
.b.b.b.b
b.......
........
..b...w.
...b...w
w...w.w.
.w...w..
w.......
##### Running: /usr/bin/time -o time_22_vdhankar_csankhe.txt -f "%U" python3 homework.py > stulog.txt 2>&1 on csankhe #####
##### SUCCESS: /usr/bin/time -o time_22_vdhankar_csankhe.txt -f "%U" python3 homework.py > stulog.txt 2>&1 on csankhe #####
##### csankhe plays [E b2 c3] in 0.46s #####
##### Running: /usr/lib/jvm/jdk-14.0.1/bin/java -jar /lab/itti/projects/checkers-competition/server/referee.jar on run_22_vdhankar_csankhe #####
Move is valid
##### SUCCESS: /usr/lib/jvm/jdk-14.0.1/bin/java -jar /lab/itti/projects/checkers-competition/server/referee.jar on run_22_vdhankar_csankhe #####
INPUT for vdhankar:
GAME
BLACK
15.9710483551025
.b.b.b.b
b.......
........
..b...w.
...b...w
w.w.w.w.
.....w..
w.......
##### Running: /usr/bin/time -o time_22_vdhankar_csankhe.txt -f "%U" python3 homework.py > stulog.txt 2>&1 on vdhankar #####
child exited with value 1
##### ERROR: /usr/bin/time -o time_22_vdhankar_csankhe.txt -f "%U" python3 homework.py > stulog.txt 2>&1 on vdhankar #####
##### Output of failed program (stdout + stderr): #####
Traceback (most recent call last):
  File "homework.py", line 546, in <module>
    print(end-start)
NameError: name 'end' is not defined
##### End of output of failed program #####
##### vdhankar plays [J d4 b2] in 0.35762095451355s #####
##### Running: /usr/lib/jvm/jdk-14.0.1/bin/java -jar /lab/itti/projects/checkers-competition/server/referee.jar on run_22_vdhankar_csankhe #####
Move is valid
##### SUCCESS: /usr/lib/jvm/jdk-14.0.1/bin/java -jar /lab/itti/projects/checkers-competition/server/referee.jar on run_22_vdhankar_csankhe #####
INPUT for csankhe:
GAME
WHITE
283.19
.b.b.b.b
b.......
........
..b...w.
.......w
w...w.w.
.b...w..
w.......
##### Running: /usr/bin/time -o time_22_vdhankar_csankhe.txt -f "%U" python3 homework.py > stulog.txt 2>&1 on csankhe #####
##### SUCCESS: /usr/bin/time -o time_22_vdhankar_csankhe.txt -f "%U" python3 homework.py > stulog.txt 2>&1 on csankhe #####
##### csankhe plays [J a1 c3] in 0.42s #####
##### Running: /usr/lib/jvm/jdk-14.0.1/bin/java -jar /lab/itti/projects/checkers-competition/server/referee.jar on run_22_vdhankar_csankhe #####
Move is valid
##### SUCCESS: /usr/lib/jvm/jdk-14.0.1/bin/java -jar /lab/itti/projects/checkers-competition/server/referee.jar on run_22_vdhankar_csankhe #####
INPUT for vdhankar:
GAME
BLACK
15.613427400589
.b.b.b.b
b.......
........
..b...w.
.......w
w.w.w.w.
.....w..
........
##### Running: /usr/bin/time -o time_22_vdhankar_csankhe.txt -f "%U" python3 homework.py > stulog.txt 2>&1 on vdhankar #####
child exited with value 1
##### ERROR: /usr/bin/time -o time_22_vdhankar_csankhe.txt -f "%U" python3 homework.py > stulog.txt 2>&1 on vdhankar #####
##### Output of failed program (stdout + stderr): #####
Traceback (most recent call last):
  File "homework.py", line 546, in <module>
    print(end-start)
NameError: name 'end' is not defined
##### End of output of failed program #####
##### vdhankar plays [E f8 e7] in 0.557386159896851s #####
##### Running: /usr/lib/jvm/jdk-14.0.1/bin/java -jar /lab/itti/projects/checkers-competition/server/referee.jar on run_22_vdhankar_csankhe #####
Move is valid
##### SUCCESS: /usr/lib/jvm/jdk-14.0.1/bin/java -jar /lab/itti/projects/checkers-competition/server/referee.jar on run_22_vdhankar_csankhe #####
INPUT for csankhe:
GAME
WHITE
282.77
.b.b...b
b...b...
........
..b...w.
.......w
w.w.w.w.
.....w..
........
##### Running: /usr/bin/time -o time_22_vdhankar_csankhe.txt -f "%U" python3 homework.py > stulog.txt 2>&1 on csankhe #####
##### SUCCESS: /usr/bin/time -o time_22_vdhankar_csankhe.txt -f "%U" python3 homework.py > stulog.txt 2>&1 on csankhe #####
##### csankhe plays [E g3 f4] in 0.9s #####
##### Running: /usr/lib/jvm/jdk-14.0.1/bin/java -jar /lab/itti/projects/checkers-competition/server/referee.jar on run_22_vdhankar_csankhe #####
Move is valid
##### SUCCESS: /usr/lib/jvm/jdk-14.0.1/bin/java -jar /lab/itti/projects/checkers-competition/server/referee.jar on run_22_vdhankar_csankhe #####
INPUT for vdhankar:
GAME
BLACK
15.0560412406921
.b.b...b
b...b...
........
..b...w.
.....w.w
w.w.w...
.....w..
........
##### Running: /usr/bin/time -o time_22_vdhankar_csankhe.txt -f "%U" python3 homework.py > stulog.txt 2>&1 on vdhankar #####
child exited with value 1
##### ERROR: /usr/bin/time -o time_22_vdhankar_csankhe.txt -f "%U" python3 homework.py > stulog.txt 2>&1 on vdhankar #####
##### Output of failed program (stdout + stderr): #####
Traceback (most recent call last):
  File "homework.py", line 546, in <module>
    print(end-start)
NameError: name 'end' is not defined
##### End of output of failed program #####
##### vdhankar plays [E a7 b6] in 0.460837125778198s #####
##### Running: /usr/lib/jvm/jdk-14.0.1/bin/java -jar /lab/itti/projects/checkers-competition/server/referee.jar on run_22_vdhankar_csankhe #####
Move is valid
##### SUCCESS: /usr/lib/jvm/jdk-14.0.1/bin/java -jar /lab/itti/projects/checkers-competition/server/referee.jar on run_22_vdhankar_csankhe #####
INPUT for csankhe:
GAME
WHITE
281.87
.b.b...b
....b...
.b......
..b...w.
.....w.w
w.w.w...
.....w..
........
##### Running: /usr/bin/time -o time_22_vdhankar_csankhe.txt -f "%U" python3 homework.py > stulog.txt 2>&1 on csankhe #####
##### SUCCESS: /usr/bin/time -o time_22_vdhankar_csankhe.txt -f "%U" python3 homework.py > stulog.txt 2>&1 on csankhe #####
##### csankhe plays [E f2 g3] in 0.73s #####
##### Running: /usr/lib/jvm/jdk-14.0.1/bin/java -jar /lab/itti/projects/checkers-competition/server/referee.jar on run_22_vdhankar_csankhe #####
Move is valid
##### SUCCESS: /usr/lib/jvm/jdk-14.0.1/bin/java -jar /lab/itti/projects/checkers-competition/server/referee.jar on run_22_vdhankar_csankhe #####
INPUT for vdhankar:
GAME
BLACK
14.5952041149139
.b.b...b
....b...
.b......
..b...w.
.....w.w
w.w.w.w.
........
........
##### Running: /usr/bin/time -o time_22_vdhankar_csankhe.txt -f "%U" python3 homework.py > stulog.txt 2>&1 on vdhankar #####
child exited with value 1
##### ERROR: /usr/bin/time -o time_22_vdhankar_csankhe.txt -f "%U" python3 homework.py > stulog.txt 2>&1 on vdhankar #####
##### Output of failed program (stdout + stderr): #####
Traceback (most recent call last):
  File "homework.py", line 546, in <module>
    print(end-start)
NameError: name 'end' is not defined
##### End of output of failed program #####
##### vdhankar plays [E e7 d6] in 0.487265825271606s #####
##### Running: /usr/lib/jvm/jdk-14.0.1/bin/java -jar /lab/itti/projects/checkers-competition/server/referee.jar on run_22_vdhankar_csankhe #####
Move is valid
##### SUCCESS: /usr/lib/jvm/jdk-14.0.1/bin/java -jar /lab/itti/projects/checkers-competition/server/referee.jar on run_22_vdhankar_csankhe #####
INPUT for csankhe:
GAME
WHITE
281.14
.b.b...b
........
.b.b....
..b...w.
.....w.w
w.w.w.w.
........
........
##### Running: /usr/bin/time -o time_22_vdhankar_csankhe.txt -f "%U" python3 homework.py > stulog.txt 2>&1 on csankhe #####
##### SUCCESS: /usr/bin/time -o time_22_vdhankar_csankhe.txt -f "%U" python3 homework.py > stulog.txt 2>&1 on csankhe #####
##### csankhe plays [E g5 h6] in 0.63s #####
##### Running: /usr/lib/jvm/jdk-14.0.1/bin/java -jar /lab/itti/projects/checkers-competition/server/referee.jar on run_22_vdhankar_csankhe #####
Move is valid
##### SUCCESS: /usr/lib/jvm/jdk-14.0.1/bin/java -jar /lab/itti/projects/checkers-competition/server/referee.jar on run_22_vdhankar_csankhe #####
INPUT for vdhankar:
GAME
BLACK
14.1079382896423
.b.b...b
........
.b.b...w
..b.....
.....w.w
w.w.w.w.
........
........
##### Running: /usr/bin/time -o time_22_vdhankar_csankhe.txt -f "%U" python3 homework.py > stulog.txt 2>&1 on vdhankar #####
child exited with value 1
##### ERROR: /usr/bin/time -o time_22_vdhankar_csankhe.txt -f "%U" python3 homework.py > stulog.txt 2>&1 on vdhankar #####
##### Output of failed program (stdout + stderr): #####
Traceback (most recent call last):
  File "homework.py", line 546, in <module>
    print(end-start)
NameError: name 'end' is not defined
##### End of output of failed program #####
##### vdhankar plays [E b6 a5] in 0.507351875305176s #####
##### Running: /usr/lib/jvm/jdk-14.0.1/bin/java -jar /lab/itti/projects/checkers-competition/server/referee.jar on run_22_vdhankar_csankhe #####
Move is valid
##### SUCCESS: /usr/lib/jvm/jdk-14.0.1/bin/java -jar /lab/itti/projects/checkers-competition/server/referee.jar on run_22_vdhankar_csankhe #####
INPUT for csankhe:
GAME
WHITE
280.51
.b.b...b
........
...b...w
b.b.....
.....w.w
w.w.w.w.
........
........
##### Running: /usr/bin/time -o time_22_vdhankar_csankhe.txt -f "%U" python3 homework.py > stulog.txt 2>&1 on csankhe #####
##### SUCCESS: /usr/bin/time -o time_22_vdhankar_csankhe.txt -f "%U" python3 homework.py > stulog.txt 2>&1 on csankhe #####
##### csankhe plays [E h4 g5] in 0.59s #####
##### Running: /usr/lib/jvm/jdk-14.0.1/bin/java -jar /lab/itti/projects/checkers-competition/server/referee.jar on run_22_vdhankar_csankhe #####
Move is valid
##### SUCCESS: /usr/lib/jvm/jdk-14.0.1/bin/java -jar /lab/itti/projects/checkers-competition/server/referee.jar on run_22_vdhankar_csankhe #####
INPUT for vdhankar:
GAME
BLACK
13.6005864143372
.b.b...b
........
...b...w
b.b...w.
.....w..
w.w.w.w.
........
........
##### Running: /usr/bin/time -o time_22_vdhankar_csankhe.txt -f "%U" python3 homework.py > stulog.txt 2>&1 on vdhankar #####
child exited with value 1
##### ERROR: /usr/bin/time -o time_22_vdhankar_csankhe.txt -f "%U" python3 homework.py > stulog.txt 2>&1 on vdhankar #####
##### Output of failed program (stdout + stderr): #####
Traceback (most recent call last):
  File "homework.py", line 546, in <module>
    print(end-start)
NameError: name 'end' is not defined
##### End of output of failed program #####
##### vdhankar plays [E c5 b4] in 0.426446914672852s #####
##### Running: /usr/lib/jvm/jdk-14.0.1/bin/java -jar /lab/itti/projects/checkers-competition/server/referee.jar on run_22_vdhankar_csankhe #####
Move is valid
##### SUCCESS: /usr/lib/jvm/jdk-14.0.1/bin/java -jar /lab/itti/projects/checkers-competition/server/referee.jar on run_22_vdhankar_csankhe #####
INPUT for csankhe:
GAME
WHITE
279.92
.b.b...b
........
...b...w
b.....w.
.b...w..
w.w.w.w.
........
........
##### Running: /usr/bin/time -o time_22_vdhankar_csankhe.txt -f "%U" python3 homework.py > stulog.txt 2>&1 on csankhe #####
##### SUCCESS: /usr/bin/time -o time_22_vdhankar_csankhe.txt -f "%U" python3 homework.py > stulog.txt 2>&1 on csankhe #####
##### csankhe plays [J a3 c5 ; J c5 e7] in 0.27s #####
##### Running: /usr/lib/jvm/jdk-14.0.1/bin/java -jar /lab/itti/projects/checkers-competition/server/referee.jar on run_22_vdhankar_csankhe #####
Move is valid
##### SUCCESS: /usr/lib/jvm/jdk-14.0.1/bin/java -jar /lab/itti/projects/checkers-competition/server/referee.jar on run_22_vdhankar_csankhe #####
INPUT for vdhankar:
GAME
BLACK
13.1741394996643
.b.b...b
....w...
.......w
b.....w.
.....w..
..w.w.w.
........
........
##### Running: /usr/bin/time -o time_22_vdhankar_csankhe.txt -f "%U" python3 homework.py > stulog.txt 2>&1 on vdhankar #####
child exited with value 1
##### ERROR: /usr/bin/time -o time_22_vdhankar_csankhe.txt -f "%U" python3 homework.py > stulog.txt 2>&1 on vdhankar #####
##### Output of failed program (stdout + stderr): #####
Traceback (most recent call last):
  File "homework.py", line 546, in <module>
    print(end-start)
NameError: name 'end' is not defined
##### End of output of failed program #####
##### vdhankar plays [J d8 f6 ; J f6 h4 ; J h4 f2] in 0.415456056594849s #####
##### Running: /usr/lib/jvm/jdk-14.0.1/bin/java -jar /lab/itti/projects/checkers-competition/server/referee.jar on run_22_vdhankar_csankhe #####
Move is valid
##### SUCCESS: /usr/lib/jvm/jdk-14.0.1/bin/java -jar /lab/itti/projects/checkers-competition/server/referee.jar on run_22_vdhankar_csankhe #####
INPUT for csankhe:
GAME
WHITE
279.65
.b.....b
........
.......w
b.......
.....w..
..w.w...
.....b..
........
##### Running: /usr/bin/time -o time_22_vdhankar_csankhe.txt -f "%U" python3 homework.py > stulog.txt 2>&1 on csankhe #####
##### SUCCESS: /usr/bin/time -o time_22_vdhankar_csankhe.txt -f "%U" python3 homework.py > stulog.txt 2>&1 on csankhe #####
##### csankhe plays [E e3 d4] in 0.3s #####
##### Running: /usr/lib/jvm/jdk-14.0.1/bin/java -jar /lab/itti/projects/checkers-competition/server/referee.jar on run_22_vdhankar_csankhe #####
Move is valid
##### SUCCESS: /usr/lib/jvm/jdk-14.0.1/bin/java -jar /lab/itti/projects/checkers-competition/server/referee.jar on run_22_vdhankar_csankhe #####
INPUT for vdhankar:
GAME
BLACK
12.7586834430695
.b.....b
........
.......w
b.......
...w.w..
..w.....
.....b..
........
##### Running: /usr/bin/time -o time_22_vdhankar_csankhe.txt -f "%U" python3 homework.py > stulog.txt 2>&1 on vdhankar #####
child exited with value 1
##### ERROR: /usr/bin/time -o time_22_vdhankar_csankhe.txt -f "%U" python3 homework.py > stulog.txt 2>&1 on vdhankar #####
##### Output of failed program (stdout + stderr): #####
Traceback (most recent call last):
  File "homework.py", line 546, in <module>
    print(end-start)
NameError: name 'end' is not defined
##### End of output of failed program #####
##### vdhankar plays [E f2 g1] in 0.390751123428345s #####
##### Running: /usr/lib/jvm/jdk-14.0.1/bin/java -jar /lab/itti/projects/checkers-competition/server/referee.jar on run_22_vdhankar_csankhe #####
Move is valid
##### SUCCESS: /usr/lib/jvm/jdk-14.0.1/bin/java -jar /lab/itti/projects/checkers-competition/server/referee.jar on run_22_vdhankar_csankhe #####
INPUT for csankhe:
GAME
WHITE
279.35
.b.....b
........
.......w
b.......
...w.w..
..w.....
........
......B.
##### Running: /usr/bin/time -o time_22_vdhankar_csankhe.txt -f "%U" python3 homework.py > stulog.txt 2>&1 on csankhe #####
##### SUCCESS: /usr/bin/time -o time_22_vdhankar_csankhe.txt -f "%U" python3 homework.py > stulog.txt 2>&1 on csankhe #####
##### csankhe plays [E f4 g5] in 0.25s #####
##### Running: /usr/lib/jvm/jdk-14.0.1/bin/java -jar /lab/itti/projects/checkers-competition/server/referee.jar on run_22_vdhankar_csankhe #####
Move is valid
##### SUCCESS: /usr/lib/jvm/jdk-14.0.1/bin/java -jar /lab/itti/projects/checkers-competition/server/referee.jar on run_22_vdhankar_csankhe #####
INPUT for vdhankar:
GAME
BLACK
12.3679323196411
.b.....b
........
.......w
b.....w.
...w....
..w.....
........
......B.
##### Running: /usr/bin/time -o time_22_vdhankar_csankhe.txt -f "%U" python3 homework.py > stulog.txt 2>&1 on vdhankar #####
child exited with value 1
##### ERROR: /usr/bin/time -o time_22_vdhankar_csankhe.txt -f "%U" python3 homework.py > stulog.txt 2>&1 on vdhankar #####
##### Output of failed program (stdout + stderr): #####
Traceback (most recent call last):
  File "homework.py", line 546, in <module>
    print(end-start)
NameError: name 'end' is not defined
##### End of output of failed program #####
##### vdhankar plays [E g1 f2] in 0.418330907821655s #####
##### Running: /usr/lib/jvm/jdk-14.0.1/bin/java -jar /lab/itti/projects/checkers-competition/server/referee.jar on run_22_vdhankar_csankhe #####
Move is valid
##### SUCCESS: /usr/lib/jvm/jdk-14.0.1/bin/java -jar /lab/itti/projects/checkers-competition/server/referee.jar on run_22_vdhankar_csankhe #####
INPUT for csankhe:
GAME
WHITE
279.1
.b.....b
........
.......w
b.....w.
...w....
..w.....
.....B..
........
##### Running: /usr/bin/time -o time_22_vdhankar_csankhe.txt -f "%U" python3 homework.py > stulog.txt 2>&1 on csankhe #####
##### SUCCESS: /usr/bin/time -o time_22_vdhankar_csankhe.txt -f "%U" python3 homework.py > stulog.txt 2>&1 on csankhe #####
##### csankhe plays [E d4 e5] in 0.37s #####
##### Running: /usr/lib/jvm/jdk-14.0.1/bin/java -jar /lab/itti/projects/checkers-competition/server/referee.jar on run_22_vdhankar_csankhe #####
Move is valid
##### SUCCESS: /usr/lib/jvm/jdk-14.0.1/bin/java -jar /lab/itti/projects/checkers-competition/server/referee.jar on run_22_vdhankar_csankhe #####
INPUT for vdhankar:
GAME
BLACK
11.9496014118195
.b.....b
........
.......w
b...w.w.
........
..w.....
.....B..
........
##### Running: /usr/bin/time -o time_22_vdhankar_csankhe.txt -f "%U" python3 homework.py > stulog.txt 2>&1 on vdhankar #####
child exited with value 1
##### ERROR: /usr/bin/time -o time_22_vdhankar_csankhe.txt -f "%U" python3 homework.py > stulog.txt 2>&1 on vdhankar #####
##### Output of failed program (stdout + stderr): #####
Traceback (most recent call last):
  File "homework.py", line 546, in <module>
    print(end-start)
NameError: name 'end' is not defined
##### End of output of failed program #####
##### vdhankar plays [E f2 g3] in 0.420515060424805s #####
##### Running: /usr/lib/jvm/jdk-14.0.1/bin/java -jar /lab/itti/projects/checkers-competition/server/referee.jar on run_22_vdhankar_csankhe #####
Move is valid
##### SUCCESS: /usr/lib/jvm/jdk-14.0.1/bin/java -jar /lab/itti/projects/checkers-competition/server/referee.jar on run_22_vdhankar_csankhe #####
INPUT for csankhe:
GAME
WHITE
278.73
.b.....b
........
.......w
b...w.w.
........
..w...B.
........
........
##### Running: /usr/bin/time -o time_22_vdhankar_csankhe.txt -f "%U" python3 homework.py > stulog.txt 2>&1 on csankhe #####
##### SUCCESS: /usr/bin/time -o time_22_vdhankar_csankhe.txt -f "%U" python3 homework.py > stulog.txt 2>&1 on csankhe #####
##### csankhe plays [E e5 f6] in 0.62s #####
##### Running: /usr/lib/jvm/jdk-14.0.1/bin/java -jar /lab/itti/projects/checkers-competition/server/referee.jar on run_22_vdhankar_csankhe #####
Move is valid
##### SUCCESS: /usr/lib/jvm/jdk-14.0.1/bin/java -jar /lab/itti/projects/checkers-competition/server/referee.jar on run_22_vdhankar_csankhe #####
INPUT for vdhankar:
GAME
BLACK
11.5290863513947
.b.....b
........
.....w.w
b.....w.
........
..w...B.
........
........
##### Running: /usr/bin/time -o time_22_vdhankar_csankhe.txt -f "%U" python3 homework.py > stulog.txt 2>&1 on vdhankar #####
child exited with value 1
##### ERROR: /usr/bin/time -o time_22_vdhankar_csankhe.txt -f "%U" python3 homework.py > stulog.txt 2>&1 on vdhankar #####
##### Output of failed program (stdout + stderr): #####
Traceback (most recent call last):
  File "homework.py", line 546, in <module>
    print(end-start)
NameError: name 'end' is not defined
##### End of output of failed program #####
##### vdhankar plays [E g3 f4] in 0.388794183731079s #####
##### Running: /usr/lib/jvm/jdk-14.0.1/bin/java -jar /lab/itti/projects/checkers-competition/server/referee.jar on run_22_vdhankar_csankhe #####
Move is valid
##### SUCCESS: /usr/lib/jvm/jdk-14.0.1/bin/java -jar /lab/itti/projects/checkers-competition/server/referee.jar on run_22_vdhankar_csankhe #####
INPUT for csankhe:
GAME
WHITE
278.11
.b.....b
........
.....w.w
b.....w.
.....B..
..w.....
........
........
##### Running: /usr/bin/time -o time_22_vdhankar_csankhe.txt -f "%U" python3 homework.py > stulog.txt 2>&1 on csankhe #####
##### SUCCESS: /usr/bin/time -o time_22_vdhankar_csankhe.txt -f "%U" python3 homework.py > stulog.txt 2>&1 on csankhe #####
##### csankhe plays [E c3 d4] in 0.2s #####
##### Running: /usr/lib/jvm/jdk-14.0.1/bin/java -jar /lab/itti/projects/checkers-competition/server/referee.jar on run_22_vdhankar_csankhe #####
Move is valid
##### SUCCESS: /usr/lib/jvm/jdk-14.0.1/bin/java -jar /lab/itti/projects/checkers-competition/server/referee.jar on run_22_vdhankar_csankhe #####
INPUT for vdhankar:
GAME
BLACK
11.1402921676636
.b.....b
........
.....w.w
b.....w.
...w.B..
........
........
........
##### Running: /usr/bin/time -o time_22_vdhankar_csankhe.txt -f "%U" python3 homework.py > stulog.txt 2>&1 on vdhankar #####
child exited with value 1
##### ERROR: /usr/bin/time -o time_22_vdhankar_csankhe.txt -f "%U" python3 homework.py > stulog.txt 2>&1 on vdhankar #####
##### Output of failed program (stdout + stderr): #####
Traceback (most recent call last):
  File "homework.py", line 546, in <module>
    print(end-start)
NameError: name 'end' is not defined
##### End of output of failed program #####
##### vdhankar plays [E f4 e3] in 0.388355016708374s #####
##### Running: /usr/lib/jvm/jdk-14.0.1/bin/java -jar /lab/itti/projects/checkers-competition/server/referee.jar on run_22_vdhankar_csankhe #####
Move is valid
##### SUCCESS: /usr/lib/jvm/jdk-14.0.1/bin/java -jar /lab/itti/projects/checkers-competition/server/referee.jar on run_22_vdhankar_csankhe #####
INPUT for csankhe:
GAME
WHITE
277.91
.b.....b
........
.....w.w
b.....w.
...w....
....B...
........
........
##### Running: /usr/bin/time -o time_22_vdhankar_csankhe.txt -f "%U" python3 homework.py > stulog.txt 2>&1 on csankhe #####
##### SUCCESS: /usr/bin/time -o time_22_vdhankar_csankhe.txt -f "%U" python3 homework.py > stulog.txt 2>&1 on csankhe #####
##### csankhe plays [E d4 e5] in 0.52s #####
##### Running: /usr/lib/jvm/jdk-14.0.1/bin/java -jar /lab/itti/projects/checkers-competition/server/referee.jar on run_22_vdhankar_csankhe #####
Move is valid
##### SUCCESS: /usr/lib/jvm/jdk-14.0.1/bin/java -jar /lab/itti/projects/checkers-competition/server/referee.jar on run_22_vdhankar_csankhe #####
INPUT for vdhankar:
GAME
BLACK
10.7519371509552
.b.....b
........
.....w.w
b...w.w.
........
....B...
........
........
##### Running: /usr/bin/time -o time_22_vdhankar_csankhe.txt -f "%U" python3 homework.py > stulog.txt 2>&1 on vdhankar #####
child exited with value 1
##### ERROR: /usr/bin/time -o time_22_vdhankar_csankhe.txt -f "%U" python3 homework.py > stulog.txt 2>&1 on vdhankar #####
##### Output of failed program (stdout + stderr): #####
Traceback (most recent call last):
  File "homework.py", line 546, in <module>
    print(end-start)
NameError: name 'end' is not defined
##### End of output of failed program #####
##### vdhankar plays [E e3 f4] in 0.451189041137695s #####
##### Running: /usr/lib/jvm/jdk-14.0.1/bin/java -jar /lab/itti/projects/checkers-competition/server/referee.jar on run_22_vdhankar_csankhe #####
Move is valid
##### SUCCESS: /usr/lib/jvm/jdk-14.0.1/bin/java -jar /lab/itti/projects/checkers-competition/server/referee.jar on run_22_vdhankar_csankhe #####
INPUT for csankhe:
GAME
WHITE
277.39
.b.....b
........
.....w.w
b...w.w.
.....B..
........
........
........
##### Running: /usr/bin/time -o time_22_vdhankar_csankhe.txt -f "%U" python3 homework.py > stulog.txt 2>&1 on csankhe #####
##### SUCCESS: /usr/bin/time -o time_22_vdhankar_csankhe.txt -f "%U" python3 homework.py > stulog.txt 2>&1 on csankhe #####
##### csankhe plays [E e5 d6] in 0.25s #####
##### Running: /usr/lib/jvm/jdk-14.0.1/bin/java -jar /lab/itti/projects/checkers-competition/server/referee.jar on run_22_vdhankar_csankhe #####
Move is valid
##### SUCCESS: /usr/lib/jvm/jdk-14.0.1/bin/java -jar /lab/itti/projects/checkers-competition/server/referee.jar on run_22_vdhankar_csankhe #####
INPUT for vdhankar:
GAME
BLACK
10.3007481098175
.b.....b
........
...w.w.w
b.....w.
.....B..
........
........
........
##### Running: /usr/bin/time -o time_22_vdhankar_csankhe.txt -f "%U" python3 homework.py > stulog.txt 2>&1 on vdhankar #####
child exited with value 1
##### ERROR: /usr/bin/time -o time_22_vdhankar_csankhe.txt -f "%U" python3 homework.py > stulog.txt 2>&1 on vdhankar #####
##### Output of failed program (stdout + stderr): #####
Traceback (most recent call last):
  File "homework.py", line 546, in <module>
    print(end-start)
NameError: name 'end' is not defined
##### End of output of failed program #####
##### vdhankar plays [E a5 b4] in 0.393364906311035s #####
##### Running: /usr/lib/jvm/jdk-14.0.1/bin/java -jar /lab/itti/projects/checkers-competition/server/referee.jar on run_22_vdhankar_csankhe #####
Move is valid
##### SUCCESS: /usr/lib/jvm/jdk-14.0.1/bin/java -jar /lab/itti/projects/checkers-competition/server/referee.jar on run_22_vdhankar_csankhe #####
INPUT for csankhe:
GAME
WHITE
277.14
.b.....b
........
...w.w.w
......w.
.b...B..
........
........
........
##### Running: /usr/bin/time -o time_22_vdhankar_csankhe.txt -f "%U" python3 homework.py > stulog.txt 2>&1 on csankhe #####
##### SUCCESS: /usr/bin/time -o time_22_vdhankar_csankhe.txt -f "%U" python3 homework.py > stulog.txt 2>&1 on csankhe #####
##### csankhe plays [E f6 g7] in 0.33s #####
##### Running: /usr/lib/jvm/jdk-14.0.1/bin/java -jar /lab/itti/projects/checkers-competition/server/referee.jar on run_22_vdhankar_csankhe #####
Move is valid
##### SUCCESS: /usr/lib/jvm/jdk-14.0.1/bin/java -jar /lab/itti/projects/checkers-competition/server/referee.jar on run_22_vdhankar_csankhe #####
INPUT for vdhankar:
GAME
BLACK
9.90738320350647
.b.....b
......w.
...w...w
......w.
.b...B..
........
........
........
##### Running: /usr/bin/time -o time_22_vdhankar_csankhe.txt -f "%U" python3 homework.py > stulog.txt 2>&1 on vdhankar #####
child exited with value 1
##### ERROR: /usr/bin/time -o time_22_vdhankar_csankhe.txt -f "%U" python3 homework.py > stulog.txt 2>&1 on vdhankar #####
##### Output of failed program (stdout + stderr): #####
Traceback (most recent call last):
  File "homework.py", line 546, in <module>
    print(end-start)
NameError: name 'end' is not defined
##### End of output of failed program #####
##### vdhankar plays [J h8 f6 ; J f6 h4] in 0.347245216369629s #####
##### Running: /usr/lib/jvm/jdk-14.0.1/bin/java -jar /lab/itti/projects/checkers-competition/server/referee.jar on run_22_vdhankar_csankhe #####
Move is valid
##### SUCCESS: /usr/lib/jvm/jdk-14.0.1/bin/java -jar /lab/itti/projects/checkers-competition/server/referee.jar on run_22_vdhankar_csankhe #####
INPUT for csankhe:
GAME
WHITE
276.81
.b......
........
...w...w
........
.b...B.b
........
........
........
##### Running: /usr/bin/time -o time_22_vdhankar_csankhe.txt -f "%U" python3 homework.py > stulog.txt 2>&1 on csankhe #####
##### SUCCESS: /usr/bin/time -o time_22_vdhankar_csankhe.txt -f "%U" python3 homework.py > stulog.txt 2>&1 on csankhe #####
##### csankhe plays [E h6 g7] in 0.18s #####
##### Running: /usr/lib/jvm/jdk-14.0.1/bin/java -jar /lab/itti/projects/checkers-competition/server/referee.jar on run_22_vdhankar_csankhe #####
Move is valid
##### SUCCESS: /usr/lib/jvm/jdk-14.0.1/bin/java -jar /lab/itti/projects/checkers-competition/server/referee.jar on run_22_vdhankar_csankhe #####
INPUT for vdhankar:
GAME
BLACK
9.56013798713684
.b......
......w.
...w....
........
.b...B.b
........
........
........
##### Running: /usr/bin/time -o time_22_vdhankar_csankhe.txt -f "%U" python3 homework.py > stulog.txt 2>&1 on vdhankar #####
child exited with value 1
##### ERROR: /usr/bin/time -o time_22_vdhankar_csankhe.txt -f "%U" python3 homework.py > stulog.txt 2>&1 on vdhankar #####
##### Output of failed program (stdout + stderr): #####
Traceback (most recent call last):
  File "homework.py", line 546, in <module>
    print(end-start)
NameError: name 'end' is not defined
##### End of output of failed program #####
##### vdhankar plays [E f4 e3] in 0.439197063446045s #####
##### Running: /usr/lib/jvm/jdk-14.0.1/bin/java -jar /lab/itti/projects/checkers-competition/server/referee.jar on run_22_vdhankar_csankhe #####
Move is valid
##### SUCCESS: /usr/lib/jvm/jdk-14.0.1/bin/java -jar /lab/itti/projects/checkers-competition/server/referee.jar on run_22_vdhankar_csankhe #####
INPUT for csankhe:
GAME
WHITE
276.63
.b......
......w.
...w....
........
.b.....b
....B...
........
........
##### Running: /usr/bin/time -o time_22_vdhankar_csankhe.txt -f "%U" python3 homework.py > stulog.txt 2>&1 on csankhe #####
##### SUCCESS: /usr/bin/time -o time_22_vdhankar_csankhe.txt -f "%U" python3 homework.py > stulog.txt 2>&1 on csankhe #####
##### csankhe plays [E d6 e7] in 0.35s #####
##### Running: /usr/lib/jvm/jdk-14.0.1/bin/java -jar /lab/itti/projects/checkers-competition/server/referee.jar on run_22_vdhankar_csankhe #####
Move is valid
##### SUCCESS: /usr/lib/jvm/jdk-14.0.1/bin/java -jar /lab/itti/projects/checkers-competition/server/referee.jar on run_22_vdhankar_csankhe #####
INPUT for vdhankar:
GAME
BLACK
9.1209409236908
.b......
....w.w.
........
........
.b.....b
....B...
........
........
##### Running: /usr/bin/time -o time_22_vdhankar_csankhe.txt -f "%U" python3 homework.py > stulog.txt 2>&1 on vdhankar #####
child exited with value 1
##### ERROR: /usr/bin/time -o time_22_vdhankar_csankhe.txt -f "%U" python3 homework.py > stulog.txt 2>&1 on vdhankar #####
##### Output of failed program (stdout + stderr): #####
Traceback (most recent call last):
  File "homework.py", line 546, in <module>
    print(end-start)
NameError: name 'end' is not defined
##### End of output of failed program #####
##### vdhankar plays [E e3 d4] in 0.400856018066406s #####
##### Running: /usr/lib/jvm/jdk-14.0.1/bin/java -jar /lab/itti/projects/checkers-competition/server/referee.jar on run_22_vdhankar_csankhe #####
Move is valid
##### SUCCESS: /usr/lib/jvm/jdk-14.0.1/bin/java -jar /lab/itti/projects/checkers-competition/server/referee.jar on run_22_vdhankar_csankhe #####
INPUT for csankhe:
GAME
WHITE
276.28
.b......
....w.w.
........
........
.b.B...b
........
........
........
##### Running: /usr/bin/time -o time_22_vdhankar_csankhe.txt -f "%U" python3 homework.py > stulog.txt 2>&1 on csankhe #####
##### SUCCESS: /usr/bin/time -o time_22_vdhankar_csankhe.txt -f "%U" python3 homework.py > stulog.txt 2>&1 on csankhe #####
##### csankhe plays [E g7 h8] in 0.25s #####
##### Running: /usr/lib/jvm/jdk-14.0.1/bin/java -jar /lab/itti/projects/checkers-competition/server/referee.jar on run_22_vdhankar_csankhe #####
Move is valid
##### SUCCESS: /usr/lib/jvm/jdk-14.0.1/bin/java -jar /lab/itti/projects/checkers-competition/server/referee.jar on run_22_vdhankar_csankhe #####
INPUT for vdhankar:
GAME
BLACK
8.72008490562439
.b.....W
....w...
........
........
.b.B...b
........
........
........
##### Running: /usr/bin/time -o time_22_vdhankar_csankhe.txt -f "%U" python3 homework.py > stulog.txt 2>&1 on vdhankar #####
child exited with value 1
##### ERROR: /usr/bin/time -o time_22_vdhankar_csankhe.txt -f "%U" python3 homework.py > stulog.txt 2>&1 on vdhankar #####
##### Output of failed program (stdout + stderr): #####
Traceback (most recent call last):
  File "homework.py", line 546, in <module>
    print(end-start)
NameError: name 'end' is not defined
##### End of output of failed program #####
##### vdhankar plays [E h4 g3] in 0.38484001159668s #####
##### Running: /usr/lib/jvm/jdk-14.0.1/bin/java -jar /lab/itti/projects/checkers-competition/server/referee.jar on run_22_vdhankar_csankhe #####
Move is valid
##### SUCCESS: /usr/lib/jvm/jdk-14.0.1/bin/java -jar /lab/itti/projects/checkers-competition/server/referee.jar on run_22_vdhankar_csankhe #####
INPUT for csankhe:
GAME
WHITE
276.03
.b.....W
....w...
........
........
.b.B....
......b.
........
........
##### Running: /usr/bin/time -o time_22_vdhankar_csankhe.txt -f "%U" python3 homework.py > stulog.txt 2>&1 on csankhe #####
##### SUCCESS: /usr/bin/time -o time_22_vdhankar_csankhe.txt -f "%U" python3 homework.py > stulog.txt 2>&1 on csankhe #####
##### csankhe plays [E e7 f8] in 0.74s #####
##### Running: /usr/lib/jvm/jdk-14.0.1/bin/java -jar /lab/itti/projects/checkers-competition/server/referee.jar on run_22_vdhankar_csankhe #####
Move is valid
##### SUCCESS: /usr/lib/jvm/jdk-14.0.1/bin/java -jar /lab/itti/projects/checkers-competition/server/referee.jar on run_22_vdhankar_csankhe #####
INPUT for vdhankar:
GAME
BLACK
8.33524489402771
.b...W.W
........
........
........
.b.B....
......b.
........
........
##### Running: /usr/bin/time -o time_22_vdhankar_csankhe.txt -f "%U" python3 homework.py > stulog.txt 2>&1 on vdhankar #####
child exited with value 1
##### ERROR: /usr/bin/time -o time_22_vdhankar_csankhe.txt -f "%U" python3 homework.py > stulog.txt 2>&1 on vdhankar #####
##### Output of failed program (stdout + stderr): #####
Traceback (most recent call last):
  File "homework.py", line 546, in <module>
    print(end-start)
NameError: name 'end' is not defined
##### End of output of failed program #####
##### vdhankar plays [E g3 h2] in 0.500735998153687s #####
##### Running: /usr/lib/jvm/jdk-14.0.1/bin/java -jar /lab/itti/projects/checkers-competition/server/referee.jar on run_22_vdhankar_csankhe #####
Move is valid
##### SUCCESS: /usr/lib/jvm/jdk-14.0.1/bin/java -jar /lab/itti/projects/checkers-competition/server/referee.jar on run_22_vdhankar_csankhe #####
INPUT for csankhe:
GAME
WHITE
275.29
.b...W.W
........
........
........
.b.B....
........
.......b
........
##### Running: /usr/bin/time -o time_22_vdhankar_csankhe.txt -f "%U" python3 homework.py > stulog.txt 2>&1 on csankhe #####
##### SUCCESS: /usr/bin/time -o time_22_vdhankar_csankhe.txt -f "%U" python3 homework.py > stulog.txt 2>&1 on csankhe #####
##### csankhe plays [E h8 g7] in 0.41s #####
##### Running: /usr/lib/jvm/jdk-14.0.1/bin/java -jar /lab/itti/projects/checkers-competition/server/referee.jar on run_22_vdhankar_csankhe #####
Move is valid
##### SUCCESS: /usr/lib/jvm/jdk-14.0.1/bin/java -jar /lab/itti/projects/checkers-competition/server/referee.jar on run_22_vdhankar_csankhe #####
INPUT for vdhankar:
GAME
BLACK
7.83450889587402
.b...W..
......W.
........
........
.b.B....
........
.......b
........
##### Running: /usr/bin/time -o time_22_vdhankar_csankhe.txt -f "%U" python3 homework.py > stulog.txt 2>&1 on vdhankar #####
child exited with value 1
##### ERROR: /usr/bin/time -o time_22_vdhankar_csankhe.txt -f "%U" python3 homework.py > stulog.txt 2>&1 on vdhankar #####
##### Output of failed program (stdout + stderr): #####
Traceback (most recent call last):
  File "homework.py", line 546, in <module>
    print(end-start)
NameError: name 'end' is not defined
##### End of output of failed program #####
##### vdhankar plays [E h2 g1] in 0.457219839096069s #####
##### Running: /usr/lib/jvm/jdk-14.0.1/bin/java -jar /lab/itti/projects/checkers-competition/server/referee.jar on run_22_vdhankar_csankhe #####
Move is valid
##### SUCCESS: /usr/lib/jvm/jdk-14.0.1/bin/java -jar /lab/itti/projects/checkers-competition/server/referee.jar on run_22_vdhankar_csankhe #####
INPUT for csankhe:
GAME
WHITE
274.88
.b...W..
......W.
........
........
.b.B....
........
........
......B.
##### Running: /usr/bin/time -o time_22_vdhankar_csankhe.txt -f "%U" python3 homework.py > stulog.txt 2>&1 on csankhe #####
##### SUCCESS: /usr/bin/time -o time_22_vdhankar_csankhe.txt -f "%U" python3 homework.py > stulog.txt 2>&1 on csankhe #####
##### csankhe plays [E g7 h8] in 0.4s #####
##### Running: /usr/lib/jvm/jdk-14.0.1/bin/java -jar /lab/itti/projects/checkers-competition/server/referee.jar on run_22_vdhankar_csankhe #####
Move is valid
##### SUCCESS: /usr/lib/jvm/jdk-14.0.1/bin/java -jar /lab/itti/projects/checkers-competition/server/referee.jar on run_22_vdhankar_csankhe #####
INPUT for vdhankar:
GAME
BLACK
7.37728905677795
.b...W.W
........
........
........
.b.B....
........
........
......B.
##### Running: /usr/bin/time -o time_22_vdhankar_csankhe.txt -f "%U" python3 homework.py > stulog.txt 2>&1 on vdhankar #####
child exited with value 1
##### ERROR: /usr/bin/time -o time_22_vdhankar_csankhe.txt -f "%U" python3 homework.py > stulog.txt 2>&1 on vdhankar #####
##### Output of failed program (stdout + stderr): #####
Traceback (most recent call last):
  File "homework.py", line 546, in <module>
    print(end-start)
NameError: name 'end' is not defined
##### End of output of failed program #####
##### vdhankar plays [E g1 f2] in 0.457440137863159s #####
##### Running: /usr/lib/jvm/jdk-14.0.1/bin/java -jar /lab/itti/projects/checkers-competition/server/referee.jar on run_22_vdhankar_csankhe #####
Move is valid
##### SUCCESS: /usr/lib/jvm/jdk-14.0.1/bin/java -jar /lab/itti/projects/checkers-competition/server/referee.jar on run_22_vdhankar_csankhe #####
INPUT for csankhe:
GAME
WHITE
274.48
.b...W.W
........
........
........
.b.B....
........
.....B..
........
##### Running: /usr/bin/time -o time_22_vdhankar_csankhe.txt -f "%U" python3 homework.py > stulog.txt 2>&1 on csankhe #####
##### SUCCESS: /usr/bin/time -o time_22_vdhankar_csankhe.txt -f "%U" python3 homework.py > stulog.txt 2>&1 on csankhe #####
##### csankhe plays [E h8 g7] in 0.43s #####
##### Running: /usr/lib/jvm/jdk-14.0.1/bin/java -jar /lab/itti/projects/checkers-competition/server/referee.jar on run_22_vdhankar_csankhe #####
Move is valid
##### SUCCESS: /usr/lib/jvm/jdk-14.0.1/bin/java -jar /lab/itti/projects/checkers-competition/server/referee.jar on run_22_vdhankar_csankhe #####
INPUT for vdhankar:
GAME
BLACK
6.91984891891479
.b...W..
......W.
........
........
.b.B....
........
.....B..
........
##### Running: /usr/bin/time -o time_22_vdhankar_csankhe.txt -f "%U" python3 homework.py > stulog.txt 2>&1 on vdhankar #####
child exited with value 1
##### ERROR: /usr/bin/time -o time_22_vdhankar_csankhe.txt -f "%U" python3 homework.py > stulog.txt 2>&1 on vdhankar #####
##### Output of failed program (stdout + stderr): #####
Traceback (most recent call last):
  File "homework.py", line 546, in <module>
    print(end-start)
NameError: name 'end' is not defined
##### End of output of failed program #####
##### vdhankar plays [E f2 e3] in 0.488704204559326s #####
##### Running: /usr/lib/jvm/jdk-14.0.1/bin/java -jar /lab/itti/projects/checkers-competition/server/referee.jar on run_22_vdhankar_csankhe #####
Move is valid
##### SUCCESS: /usr/lib/jvm/jdk-14.0.1/bin/java -jar /lab/itti/projects/checkers-competition/server/referee.jar on run_22_vdhankar_csankhe #####
INPUT for csankhe:
GAME
WHITE
274.05
.b...W..
......W.
........
........
.b.B....
....B...
........
........
##### Running: /usr/bin/time -o time_22_vdhankar_csankhe.txt -f "%U" python3 homework.py > stulog.txt 2>&1 on csankhe #####
##### SUCCESS: /usr/bin/time -o time_22_vdhankar_csankhe.txt -f "%U" python3 homework.py > stulog.txt 2>&1 on csankhe #####
##### csankhe plays [E g7 h8] in 0.4s #####
##### Running: /usr/lib/jvm/jdk-14.0.1/bin/java -jar /lab/itti/projects/checkers-competition/server/referee.jar on run_22_vdhankar_csankhe #####
Move is valid
##### SUCCESS: /usr/lib/jvm/jdk-14.0.1/bin/java -jar /lab/itti/projects/checkers-competition/server/referee.jar on run_22_vdhankar_csankhe #####
INPUT for vdhankar:
GAME
BLACK
6.43114471435547
.b...W.W
........
........
........
.b.B....
....B...
........
........
##### Running: /usr/bin/time -o time_22_vdhankar_csankhe.txt -f "%U" python3 homework.py > stulog.txt 2>&1 on vdhankar #####
child exited with value 1
##### ERROR: /usr/bin/time -o time_22_vdhankar_csankhe.txt -f "%U" python3 homework.py > stulog.txt 2>&1 on vdhankar #####
##### Output of failed program (stdout + stderr): #####
Traceback (most recent call last):
  File "homework.py", line 546, in <module>
    print(end-start)
NameError: name 'end' is not defined
##### End of output of failed program #####
##### vdhankar plays [E d4 c5] in 0.453480005264282s #####
##### Running: /usr/lib/jvm/jdk-14.0.1/bin/java -jar /lab/itti/projects/checkers-competition/server/referee.jar on run_22_vdhankar_csankhe #####
Move is valid
##### SUCCESS: /usr/lib/jvm/jdk-14.0.1/bin/java -jar /lab/itti/projects/checkers-competition/server/referee.jar on run_22_vdhankar_csankhe #####
INPUT for csankhe:
GAME
WHITE
273.65
.b...W.W
........
........
..B.....
.b......
....B...
........
........
##### Running: /usr/bin/time -o time_22_vdhankar_csankhe.txt -f "%U" python3 homework.py > stulog.txt 2>&1 on csankhe #####
##### SUCCESS: /usr/bin/time -o time_22_vdhankar_csankhe.txt -f "%U" python3 homework.py > stulog.txt 2>&1 on csankhe #####
##### csankhe plays [E h8 g7] in 0.37s #####
##### Running: /usr/lib/jvm/jdk-14.0.1/bin/java -jar /lab/itti/projects/checkers-competition/server/referee.jar on run_22_vdhankar_csankhe #####
Move is valid
##### SUCCESS: /usr/lib/jvm/jdk-14.0.1/bin/java -jar /lab/itti/projects/checkers-competition/server/referee.jar on run_22_vdhankar_csankhe #####
INPUT for vdhankar:
GAME
BLACK
5.97766470909119
.b...W..
......W.
........
..B.....
.b......
....B...
........
........
##### Running: /usr/bin/time -o time_22_vdhankar_csankhe.txt -f "%U" python3 homework.py > stulog.txt 2>&1 on vdhankar #####
child exited with value 1
##### ERROR: /usr/bin/time -o time_22_vdhankar_csankhe.txt -f "%U" python3 homework.py > stulog.txt 2>&1 on vdhankar #####
##### Output of failed program (stdout + stderr): #####
Traceback (most recent call last):
  File "homework.py", line 546, in <module>
    print(end-start)
NameError: name 'end' is not defined
##### End of output of failed program #####
##### vdhankar plays [E e3 d4] in 0.564496994018555s #####
##### Running: /usr/lib/jvm/jdk-14.0.1/bin/java -jar /lab/itti/projects/checkers-competition/server/referee.jar on run_22_vdhankar_csankhe #####
Move is valid
##### SUCCESS: /usr/lib/jvm/jdk-14.0.1/bin/java -jar /lab/itti/projects/checkers-competition/server/referee.jar on run_22_vdhankar_csankhe #####
INPUT for csankhe:
GAME
WHITE
273.28
.b...W..
......W.
........
..B.....
.b.B....
........
........
........
##### Running: /usr/bin/time -o time_22_vdhankar_csankhe.txt -f "%U" python3 homework.py > stulog.txt 2>&1 on csankhe #####
##### SUCCESS: /usr/bin/time -o time_22_vdhankar_csankhe.txt -f "%U" python3 homework.py > stulog.txt 2>&1 on csankhe #####
##### csankhe plays [E g7 h8] in 0.32s #####
##### Running: /usr/lib/jvm/jdk-14.0.1/bin/java -jar /lab/itti/projects/checkers-competition/server/referee.jar on run_22_vdhankar_csankhe #####
Move is valid
##### SUCCESS: /usr/lib/jvm/jdk-14.0.1/bin/java -jar /lab/itti/projects/checkers-competition/server/referee.jar on run_22_vdhankar_csankhe #####
INPUT for vdhankar:
GAME
BLACK
5.41316771507263
.b...W.W
........
........
..B.....
.b.B....
........
........
........
##### Running: /usr/bin/time -o time_22_vdhankar_csankhe.txt -f "%U" python3 homework.py > stulog.txt 2>&1 on vdhankar #####
child exited with value 1
##### ERROR: /usr/bin/time -o time_22_vdhankar_csankhe.txt -f "%U" python3 homework.py > stulog.txt 2>&1 on vdhankar #####
##### Output of failed program (stdout + stderr): #####
Traceback (most recent call last):
  File "homework.py", line 546, in <module>
    print(end-start)
NameError: name 'end' is not defined
##### End of output of failed program #####
##### vdhankar plays [E d4 e3] in 0.397111177444458s #####
##### Running: /usr/lib/jvm/jdk-14.0.1/bin/java -jar /lab/itti/projects/checkers-competition/server/referee.jar on run_22_vdhankar_csankhe #####
Move is valid
##### SUCCESS: /usr/lib/jvm/jdk-14.0.1/bin/java -jar /lab/itti/projects/checkers-competition/server/referee.jar on run_22_vdhankar_csankhe #####
INPUT for csankhe:
GAME
WHITE
272.96
.b...W.W
........
........
..B.....
.b......
....B...
........
........
##### Running: /usr/bin/time -o time_22_vdhankar_csankhe.txt -f "%U" python3 homework.py > stulog.txt 2>&1 on csankhe #####
##### SUCCESS: /usr/bin/time -o time_22_vdhankar_csankhe.txt -f "%U" python3 homework.py > stulog.txt 2>&1 on csankhe #####
##### csankhe plays [E h8 g7] in 0.36s #####
##### Running: /usr/lib/jvm/jdk-14.0.1/bin/java -jar /lab/itti/projects/checkers-competition/server/referee.jar on run_22_vdhankar_csankhe #####
Move is valid
##### SUCCESS: /usr/lib/jvm/jdk-14.0.1/bin/java -jar /lab/itti/projects/checkers-competition/server/referee.jar on run_22_vdhankar_csankhe #####
INPUT for vdhankar:
GAME
BLACK
5.01605653762817
.b...W..
......W.
........
..B.....
.b......
....B...
........
........
##### Running: /usr/bin/time -o time_22_vdhankar_csankhe.txt -f "%U" python3 homework.py > stulog.txt 2>&1 on vdhankar #####
child exited with value 1
##### ERROR: /usr/bin/time -o time_22_vdhankar_csankhe.txt -f "%U" python3 homework.py > stulog.txt 2>&1 on vdhankar #####
##### Output of failed program (stdout + stderr): #####
Traceback (most recent call last):
  File "homework.py", line 546, in <module>
    print(end-start)
NameError: name 'end' is not defined
##### End of output of failed program #####
##### vdhankar plays [E e3 d4] in 0.703527927398682s #####
##### Running: /usr/lib/jvm/jdk-14.0.1/bin/java -jar /lab/itti/projects/checkers-competition/server/referee.jar on run_22_vdhankar_csankhe #####
Move is valid
##### SUCCESS: /usr/lib/jvm/jdk-14.0.1/bin/java -jar /lab/itti/projects/checkers-competition/server/referee.jar on run_22_vdhankar_csankhe #####
INPUT for csankhe:
GAME
WHITE
272.6
.b...W..
......W.
........
..B.....
.b.B....
........
........
........
##### Running: /usr/bin/time -o time_22_vdhankar_csankhe.txt -f "%U" python3 homework.py > stulog.txt 2>&1 on csankhe #####
##### SUCCESS: /usr/bin/time -o time_22_vdhankar_csankhe.txt -f "%U" python3 homework.py > stulog.txt 2>&1 on csankhe #####
##### csankhe plays [E g7 h8] in 0.35s #####
##### Running: /usr/lib/jvm/jdk-14.0.1/bin/java -jar /lab/itti/projects/checkers-competition/server/referee.jar on run_22_vdhankar_csankhe #####
Move is valid
##### SUCCESS: /usr/lib/jvm/jdk-14.0.1/bin/java -jar /lab/itti/projects/checkers-competition/server/referee.jar on run_22_vdhankar_csankhe #####
INPUT for vdhankar:
GAME
BLACK
4.31252861022949
.b...W.W
........
........
..B.....
.b.B....
........
........
........
##### Running: /usr/bin/time -o time_22_vdhankar_csankhe.txt -f "%U" python3 homework.py > stulog.txt 2>&1 on vdhankar #####
child exited with value 1
##### ERROR: /usr/bin/time -o time_22_vdhankar_csankhe.txt -f "%U" python3 homework.py > stulog.txt 2>&1 on vdhankar #####
##### Output of failed program (stdout + stderr): #####
Traceback (most recent call last):
  File "homework.py", line 546, in <module>
    print(end-start)
NameError: name 'end' is not defined
##### End of output of failed program #####
##### vdhankar plays [E d4 e3] in 0.405951023101807s #####
##### Running: /usr/lib/jvm/jdk-14.0.1/bin/java -jar /lab/itti/projects/checkers-competition/server/referee.jar on run_22_vdhankar_csankhe #####
Move is valid
##### SUCCESS: /usr/lib/jvm/jdk-14.0.1/bin/java -jar /lab/itti/projects/checkers-competition/server/referee.jar on run_22_vdhankar_csankhe #####
INPUT for csankhe:
GAME
WHITE
272.25
.b...W.W
........
........
..B.....
.b......
....B...
........
........
##### Running: /usr/bin/time -o time_22_vdhankar_csankhe.txt -f "%U" python3 homework.py > stulog.txt 2>&1 on csankhe #####
##### SUCCESS: /usr/bin/time -o time_22_vdhankar_csankhe.txt -f "%U" python3 homework.py > stulog.txt 2>&1 on csankhe #####
##### csankhe plays [E h8 g7] in 0.39s #####
##### Running: /usr/lib/jvm/jdk-14.0.1/bin/java -jar /lab/itti/projects/checkers-competition/server/referee.jar on run_22_vdhankar_csankhe #####
Move is valid
Seen this position 3 times
*** Game ends in draw ***
##### SUCCESS: /usr/lib/jvm/jdk-14.0.1/bin/java -jar /lab/itti/projects/checkers-competition/server/referee.jar on run_22_vdhankar_csankhe #####
##### GAME ENDS IN A DRAW. Time left for vdhankar: 3.90657758712769s, csankhe: 271.86s
Server said: DRAW
##### GAME OVER: the game ends in a draw, csankhe wins by time remaining #####
########## ROUND 22 GAMESCORE AFTER GAME 3: vdhankar=1 and csankhe=2 ##########
#################### ROUND 22: vdhankar (W) vs csankhe (B): game 4 ####################
##### game start! #####
INPUT for csankhe:
GAME
BLACK
300
.b.b.b.b
b.b.b.b.
.b.b.b.b
........
........
w.w.w.w.
.w.w.w.w
w.w.w.w.
##### Running: /usr/bin/time -o time_22_vdhankar_csankhe.txt -f "%U" python3 homework.py > stulog.txt 2>&1 on csankhe #####
##### SUCCESS: /usr/bin/time -o time_22_vdhankar_csankhe.txt -f "%U" python3 homework.py > stulog.txt 2>&1 on csankhe #####
##### csankhe plays [E h6 g5] in 2.04s #####
##### Running: /usr/lib/jvm/jdk-14.0.1/bin/java -jar /lab/itti/projects/checkers-competition/server/referee.jar on run_22_vdhankar_csankhe #####
Move is valid
Couldn't read file 'current_ply.txt'
Couldn't read content from file 'current_ply.txt'
Couldn't read file 'lastmatchange_ply.txt'
Couldn't read content from file 'lastmatchange_ply.txt'
##### SUCCESS: /usr/lib/jvm/jdk-14.0.1/bin/java -jar /lab/itti/projects/checkers-competition/server/referee.jar on run_22_vdhankar_csankhe #####
INPUT for vdhankar:
GAME
WHITE
300
.b.b.b.b
b.b.b.b.
.b.b.b..
......b.
........
w.w.w.w.
.w.w.w.w
w.w.w.w.
##### Running: /usr/bin/time -o time_22_vdhankar_csankhe.txt -f "%U" python3 homework.py > stulog.txt 2>&1 on vdhankar #####
child exited with value 1
##### ERROR: /usr/bin/time -o time_22_vdhankar_csankhe.txt -f "%U" python3 homework.py > stulog.txt 2>&1 on vdhankar #####
##### Output of failed program (stdout + stderr): #####
Traceback (most recent call last):
  File "homework.py", line 546, in <module>
    print(end-start)
NameError: name 'end' is not defined
##### End of output of failed program #####
##### vdhankar plays [E g3 h4] in 15.5510149002075s #####
##### Running: /usr/lib/jvm/jdk-14.0.1/bin/java -jar /lab/itti/projects/checkers-competition/server/referee.jar on run_22_vdhankar_csankhe #####
Move is valid
##### SUCCESS: /usr/lib/jvm/jdk-14.0.1/bin/java -jar /lab/itti/projects/checkers-competition/server/referee.jar on run_22_vdhankar_csankhe #####
INPUT for csankhe:
GAME
BLACK
297.96
.b.b.b.b
b.b.b.b.
.b.b.b..
......b.
.......w
w.w.w...
.w.w.w.w
w.w.w.w.
##### Running: /usr/bin/time -o time_22_vdhankar_csankhe.txt -f "%U" python3 homework.py > stulog.txt 2>&1 on csankhe #####
##### SUCCESS: /usr/bin/time -o time_22_vdhankar_csankhe.txt -f "%U" python3 homework.py > stulog.txt 2>&1 on csankhe #####
##### csankhe plays [E f6 e5] in 1.58s #####
##### Running: /usr/lib/jvm/jdk-14.0.1/bin/java -jar /lab/itti/projects/checkers-competition/server/referee.jar on run_22_vdhankar_csankhe #####
Move is valid
##### SUCCESS: /usr/lib/jvm/jdk-14.0.1/bin/java -jar /lab/itti/projects/checkers-competition/server/referee.jar on run_22_vdhankar_csankhe #####
INPUT for vdhankar:
GAME
WHITE
284.448985099792
.b.b.b.b
b.b.b.b.
.b.b....
....b.b.
.......w
w.w.w...
.w.w.w.w
w.w.w.w.
##### Running: /usr/bin/time -o time_22_vdhankar_csankhe.txt -f "%U" python3 homework.py > stulog.txt 2>&1 on vdhankar #####
child exited with value 1
##### ERROR: /usr/bin/time -o time_22_vdhankar_csankhe.txt -f "%U" python3 homework.py > stulog.txt 2>&1 on vdhankar #####
##### Output of failed program (stdout + stderr): #####
Traceback (most recent call last):
  File "homework.py", line 546, in <module>
    print(end-start)
NameError: name 'end' is not defined
##### End of output of failed program #####
##### vdhankar plays [J h4 f6] in 2.23967409133911s #####
##### Running: /usr/lib/jvm/jdk-14.0.1/bin/java -jar /lab/itti/projects/checkers-competition/server/referee.jar on run_22_vdhankar_csankhe #####
Move is valid
##### SUCCESS: /usr/lib/jvm/jdk-14.0.1/bin/java -jar /lab/itti/projects/checkers-competition/server/referee.jar on run_22_vdhankar_csankhe #####
INPUT for csankhe:
GAME
BLACK
296.38
.b.b.b.b
b.b.b.b.
.b.b.w..
....b...
........
w.w.w...
.w.w.w.w
w.w.w.w.
##### Running: /usr/bin/time -o time_22_vdhankar_csankhe.txt -f "%U" python3 homework.py > stulog.txt 2>&1 on csankhe #####
##### SUCCESS: /usr/bin/time -o time_22_vdhankar_csankhe.txt -f "%U" python3 homework.py > stulog.txt 2>&1 on csankhe #####
##### csankhe plays [J e7 g5] in 0.57s #####
##### Running: /usr/lib/jvm/jdk-14.0.1/bin/java -jar /lab/itti/projects/checkers-competition/server/referee.jar on run_22_vdhankar_csankhe #####
Move is valid
##### SUCCESS: /usr/lib/jvm/jdk-14.0.1/bin/java -jar /lab/itti/projects/checkers-competition/server/referee.jar on run_22_vdhankar_csankhe #####
INPUT for vdhankar:
GAME
WHITE
282.209311008453
.b.b.b.b
b.b...b.
.b.b....
....b.b.
........
w.w.w...
.w.w.w.w
w.w.w.w.
##### Running: /usr/bin/time -o time_22_vdhankar_csankhe.txt -f "%U" python3 homework.py > stulog.txt 2>&1 on vdhankar #####
child exited with value 1
##### ERROR: /usr/bin/time -o time_22_vdhankar_csankhe.txt -f "%U" python3 homework.py > stulog.txt 2>&1 on vdhankar #####
##### Output of failed program (stdout + stderr): #####
Traceback (most recent call last):
  File "homework.py", line 546, in <module>
    print(end-start)
NameError: name 'end' is not defined
##### End of output of failed program #####
##### vdhankar plays [E f2 g3] in 23.1028959751129s #####
##### Running: /usr/lib/jvm/jdk-14.0.1/bin/java -jar /lab/itti/projects/checkers-competition/server/referee.jar on run_22_vdhankar_csankhe #####
Move is valid
##### SUCCESS: /usr/lib/jvm/jdk-14.0.1/bin/java -jar /lab/itti/projects/checkers-competition/server/referee.jar on run_22_vdhankar_csankhe #####
INPUT for csankhe:
GAME
BLACK
295.81
.b.b.b.b
b.b...b.
.b.b....
....b.b.
........
w.w.w.w.
.w.w...w
w.w.w.w.
##### Running: /usr/bin/time -o time_22_vdhankar_csankhe.txt -f "%U" python3 homework.py > stulog.txt 2>&1 on csankhe #####
##### SUCCESS: /usr/bin/time -o time_22_vdhankar_csankhe.txt -f "%U" python3 homework.py > stulog.txt 2>&1 on csankhe #####
##### csankhe plays [E e5 f4] in 2.85s #####
##### Running: /usr/lib/jvm/jdk-14.0.1/bin/java -jar /lab/itti/projects/checkers-competition/server/referee.jar on run_22_vdhankar_csankhe #####
Move is valid
##### SUCCESS: /usr/lib/jvm/jdk-14.0.1/bin/java -jar /lab/itti/projects/checkers-competition/server/referee.jar on run_22_vdhankar_csankhe #####
INPUT for vdhankar:
GAME
WHITE
259.10641503334
.b.b.b.b
b.b...b.
.b.b....
......b.
.....b..
w.w.w.w.
.w.w...w
w.w.w.w.
##### Running: /usr/bin/time -o time_22_vdhankar_csankhe.txt -f "%U" python3 homework.py > stulog.txt 2>&1 on vdhankar #####
child exited with value 1
##### ERROR: /usr/bin/time -o time_22_vdhankar_csankhe.txt -f "%U" python3 homework.py > stulog.txt 2>&1 on vdhankar #####
##### Output of failed program (stdout + stderr): #####
Traceback (most recent call last):
  File "homework.py", line 546, in <module>
    print(end-start)
NameError: name 'end' is not defined
##### End of output of failed program #####
##### vdhankar plays [J g3 e5] in 2.38894391059875s #####
##### Running: /usr/lib/jvm/jdk-14.0.1/bin/java -jar /lab/itti/projects/checkers-competition/server/referee.jar on run_22_vdhankar_csankhe #####
Move is valid
##### SUCCESS: /usr/lib/jvm/jdk-14.0.1/bin/java -jar /lab/itti/projects/checkers-competition/server/referee.jar on run_22_vdhankar_csankhe #####
INPUT for csankhe:
GAME
BLACK
292.96
.b.b.b.b
b.b...b.
.b.b....
....w.b.
........
w.w.w...
.w.w...w
w.w.w.w.
##### Running: /usr/bin/time -o time_22_vdhankar_csankhe.txt -f "%U" python3 homework.py > stulog.txt 2>&1 on csankhe #####
##### SUCCESS: /usr/bin/time -o time_22_vdhankar_csankhe.txt -f "%U" python3 homework.py > stulog.txt 2>&1 on csankhe #####
##### csankhe plays [J d6 f4] in 0.74s #####
##### Running: /usr/lib/jvm/jdk-14.0.1/bin/java -jar /lab/itti/projects/checkers-competition/server/referee.jar on run_22_vdhankar_csankhe #####
Move is valid
##### SUCCESS: /usr/lib/jvm/jdk-14.0.1/bin/java -jar /lab/itti/projects/checkers-competition/server/referee.jar on run_22_vdhankar_csankhe #####
INPUT for vdhankar:
GAME
WHITE
256.717471122742
.b.b.b.b
b.b...b.
.b......
......b.
.....b..
w.w.w...
.w.w...w
w.w.w.w.
##### Running: /usr/bin/time -o time_22_vdhankar_csankhe.txt -f "%U" python3 homework.py > stulog.txt 2>&1 on vdhankar #####
child exited with value 1
##### ERROR: /usr/bin/time -o time_22_vdhankar_csankhe.txt -f "%U" python3 homework.py > stulog.txt 2>&1 on vdhankar #####
##### Output of failed program (stdout + stderr): #####
Traceback (most recent call last):
  File "homework.py", line 546, in <module>
    print(end-start)
NameError: name 'end' is not defined
##### End of output of failed program #####
##### vdhankar plays [E e1 f2] in 17.1889719963074s #####
##### Running: /usr/lib/jvm/jdk-14.0.1/bin/java -jar /lab/itti/projects/checkers-competition/server/referee.jar on run_22_vdhankar_csankhe #####
Move is valid
##### SUCCESS: /usr/lib/jvm/jdk-14.0.1/bin/java -jar /lab/itti/projects/checkers-competition/server/referee.jar on run_22_vdhankar_csankhe #####
INPUT for csankhe:
GAME
BLACK
292.22
.b.b.b.b
b.b...b.
.b......
......b.
.....b..
w.w.w...
.w.w.w.w
w.w...w.
##### Running: /usr/bin/time -o time_22_vdhankar_csankhe.txt -f "%U" python3 homework.py > stulog.txt 2>&1 on csankhe #####
##### SUCCESS: /usr/bin/time -o time_22_vdhankar_csankhe.txt -f "%U" python3 homework.py > stulog.txt 2>&1 on csankhe #####
##### csankhe plays [E b6 c5] in 2.05s #####
##### Running: /usr/lib/jvm/jdk-14.0.1/bin/java -jar /lab/itti/projects/checkers-competition/server/referee.jar on run_22_vdhankar_csankhe #####
Move is valid
##### SUCCESS: /usr/lib/jvm/jdk-14.0.1/bin/java -jar /lab/itti/projects/checkers-competition/server/referee.jar on run_22_vdhankar_csankhe #####
INPUT for vdhankar:
GAME
WHITE
239.528499126434
.b.b.b.b
b.b...b.
........
..b...b.
.....b..
w.w.w...
.w.w.w.w
w.w...w.
##### Running: /usr/bin/time -o time_22_vdhankar_csankhe.txt -f "%U" python3 homework.py > stulog.txt 2>&1 on vdhankar #####
child exited with value 1
##### ERROR: /usr/bin/time -o time_22_vdhankar_csankhe.txt -f "%U" python3 homework.py > stulog.txt 2>&1 on vdhankar #####
##### Output of failed program (stdout + stderr): #####
Traceback (most recent call last):
  File "homework.py", line 546, in <module>
    print(end-start)
NameError: name 'end' is not defined
##### End of output of failed program #####
##### vdhankar plays [E f2 g3] in 10.2936542034149s #####
##### Running: /usr/lib/jvm/jdk-14.0.1/bin/java -jar /lab/itti/projects/checkers-competition/server/referee.jar on run_22_vdhankar_csankhe #####
Move is valid
##### SUCCESS: /usr/lib/jvm/jdk-14.0.1/bin/java -jar /lab/itti/projects/checkers-competition/server/referee.jar on run_22_vdhankar_csankhe #####
INPUT for csankhe:
GAME
BLACK
290.17
.b.b.b.b
b.b...b.
........
..b...b.
.....b..
w.w.w.w.
.w.w...w
w.w...w.
##### Running: /usr/bin/time -o time_22_vdhankar_csankhe.txt -f "%U" python3 homework.py > stulog.txt 2>&1 on csankhe #####
##### SUCCESS: /usr/bin/time -o time_22_vdhankar_csankhe.txt -f "%U" python3 homework.py > stulog.txt 2>&1 on csankhe #####
##### csankhe plays [E f8 e7] in 0.64s #####
##### Running: /usr/lib/jvm/jdk-14.0.1/bin/java -jar /lab/itti/projects/checkers-competition/server/referee.jar on run_22_vdhankar_csankhe #####
Move is valid
##### SUCCESS: /usr/lib/jvm/jdk-14.0.1/bin/java -jar /lab/itti/projects/checkers-competition/server/referee.jar on run_22_vdhankar_csankhe #####
INPUT for vdhankar:
GAME
WHITE
229.234844923019
.b.b...b
b.b.b.b.
........
..b...b.
.....b..
w.w.w.w.
.w.w...w
w.w...w.
##### Running: /usr/bin/time -o time_22_vdhankar_csankhe.txt -f "%U" python3 homework.py > stulog.txt 2>&1 on vdhankar #####
child exited with value 1
##### ERROR: /usr/bin/time -o time_22_vdhankar_csankhe.txt -f "%U" python3 homework.py > stulog.txt 2>&1 on vdhankar #####
##### Output of failed program (stdout + stderr): #####
Traceback (most recent call last):
  File "homework.py", line 546, in <module>
    print(end-start)
NameError: name 'end' is not defined
##### End of output of failed program #####
##### vdhankar plays [J g3 e5] in 2.26438522338867s #####
##### Running: /usr/lib/jvm/jdk-14.0.1/bin/java -jar /lab/itti/projects/checkers-competition/server/referee.jar on run_22_vdhankar_csankhe #####
Move is valid
##### SUCCESS: /usr/lib/jvm/jdk-14.0.1/bin/java -jar /lab/itti/projects/checkers-competition/server/referee.jar on run_22_vdhankar_csankhe #####
INPUT for csankhe:
GAME
BLACK
289.53
.b.b...b
b.b.b.b.
........
..b.w.b.
........
w.w.w...
.w.w...w
w.w...w.
##### Running: /usr/bin/time -o time_22_vdhankar_csankhe.txt -f "%U" python3 homework.py > stulog.txt 2>&1 on csankhe #####
##### SUCCESS: /usr/bin/time -o time_22_vdhankar_csankhe.txt -f "%U" python3 homework.py > stulog.txt 2>&1 on csankhe #####
##### csankhe plays [E c7 d6] in 1.39s #####
##### Running: /usr/lib/jvm/jdk-14.0.1/bin/java -jar /lab/itti/projects/checkers-competition/server/referee.jar on run_22_vdhankar_csankhe #####
Move is valid
##### SUCCESS: /usr/lib/jvm/jdk-14.0.1/bin/java -jar /lab/itti/projects/checkers-competition/server/referee.jar on run_22_vdhankar_csankhe #####
INPUT for vdhankar:
GAME
WHITE
226.970459699631
.b.b...b
b...b.b.
...b....
..b.w.b.
........
w.w.w...
.w.w...w
w.w...w.
##### Running: /usr/bin/time -o time_22_vdhankar_csankhe.txt -f "%U" python3 homework.py > stulog.txt 2>&1 on vdhankar #####
child exited with value 1
##### ERROR: /usr/bin/time -o time_22_vdhankar_csankhe.txt -f "%U" python3 homework.py > stulog.txt 2>&1 on vdhankar #####
##### Output of failed program (stdout + stderr): #####
Traceback (most recent call last):
  File "homework.py", line 546, in <module>
    print(end-start)
NameError: name 'end' is not defined
##### End of output of failed program #####
##### vdhankar plays [J e5 c7] in 1.84158492088318s #####
##### Running: /usr/lib/jvm/jdk-14.0.1/bin/java -jar /lab/itti/projects/checkers-competition/server/referee.jar on run_22_vdhankar_csankhe #####
Move is valid
##### SUCCESS: /usr/lib/jvm/jdk-14.0.1/bin/java -jar /lab/itti/projects/checkers-competition/server/referee.jar on run_22_vdhankar_csankhe #####
INPUT for csankhe:
GAME
BLACK
288.14
.b.b...b
b.w.b.b.
........
..b...b.
........
w.w.w...
.w.w...w
w.w...w.
##### Running: /usr/bin/time -o time_22_vdhankar_csankhe.txt -f "%U" python3 homework.py > stulog.txt 2>&1 on csankhe #####
##### SUCCESS: /usr/bin/time -o time_22_vdhankar_csankhe.txt -f "%U" python3 homework.py > stulog.txt 2>&1 on csankhe #####
##### csankhe plays [J b8 d6] in 0.49s #####
##### Running: /usr/lib/jvm/jdk-14.0.1/bin/java -jar /lab/itti/projects/checkers-competition/server/referee.jar on run_22_vdhankar_csankhe #####
Move is valid
##### SUCCESS: /usr/lib/jvm/jdk-14.0.1/bin/java -jar /lab/itti/projects/checkers-competition/server/referee.jar on run_22_vdhankar_csankhe #####
INPUT for vdhankar:
GAME
WHITE
225.128874778748
...b...b
b...b.b.
...b....
..b...b.
........
w.w.w...
.w.w...w
w.w...w.
##### Running: /usr/bin/time -o time_22_vdhankar_csankhe.txt -f "%U" python3 homework.py > stulog.txt 2>&1 on vdhankar #####
child exited with value 1
##### ERROR: /usr/bin/time -o time_22_vdhankar_csankhe.txt -f "%U" python3 homework.py > stulog.txt 2>&1 on vdhankar #####
##### Output of failed program (stdout + stderr): #####
Traceback (most recent call last):
  File "homework.py", line 546, in <module>
    print(end-start)
NameError: name 'end' is not defined
##### End of output of failed program #####
##### vdhankar plays [E h2 g3] in 8.61901497840881s #####
##### Running: /usr/lib/jvm/jdk-14.0.1/bin/java -jar /lab/itti/projects/checkers-competition/server/referee.jar on run_22_vdhankar_csankhe #####
Move is valid
##### SUCCESS: /usr/lib/jvm/jdk-14.0.1/bin/java -jar /lab/itti/projects/checkers-competition/server/referee.jar on run_22_vdhankar_csankhe #####
INPUT for csankhe:
GAME
BLACK
287.65
...b...b
b...b.b.
...b....
..b...b.
........
w.w.w.w.
.w.w....
w.w...w.
##### Running: /usr/bin/time -o time_22_vdhankar_csankhe.txt -f "%U" python3 homework.py > stulog.txt 2>&1 on csankhe #####
##### SUCCESS: /usr/bin/time -o time_22_vdhankar_csankhe.txt -f "%U" python3 homework.py > stulog.txt 2>&1 on csankhe #####
##### csankhe plays [E g5 h4] in 1.81s #####
##### Running: /usr/lib/jvm/jdk-14.0.1/bin/java -jar /lab/itti/projects/checkers-competition/server/referee.jar on run_22_vdhankar_csankhe #####
Move is valid
##### SUCCESS: /usr/lib/jvm/jdk-14.0.1/bin/java -jar /lab/itti/projects/checkers-competition/server/referee.jar on run_22_vdhankar_csankhe #####
INPUT for vdhankar:
GAME
WHITE
216.509859800339
...b...b
b...b.b.
...b....
..b.....
.......b
w.w.w.w.
.w.w....
w.w...w.
##### Running: /usr/bin/time -o time_22_vdhankar_csankhe.txt -f "%U" python3 homework.py > stulog.txt 2>&1 on vdhankar #####
child exited with value 1
##### ERROR: /usr/bin/time -o time_22_vdhankar_csankhe.txt -f "%U" python3 homework.py > stulog.txt 2>&1 on vdhankar #####
##### Output of failed program (stdout + stderr): #####
Traceback (most recent call last):
  File "homework.py", line 546, in <module>
    print(end-start)
NameError: name 'end' is not defined
##### End of output of failed program #####
##### vdhankar plays [E g3 f4] in 9.07148599624634s #####
##### Running: /usr/lib/jvm/jdk-14.0.1/bin/java -jar /lab/itti/projects/checkers-competition/server/referee.jar on run_22_vdhankar_csankhe #####
Move is valid
##### SUCCESS: /usr/lib/jvm/jdk-14.0.1/bin/java -jar /lab/itti/projects/checkers-competition/server/referee.jar on run_22_vdhankar_csankhe #####
INPUT for csankhe:
GAME
BLACK
285.84
...b...b
b...b.b.
...b....
..b.....
.....w.b
w.w.w...
.w.w....
w.w...w.
##### Running: /usr/bin/time -o time_22_vdhankar_csankhe.txt -f "%U" python3 homework.py > stulog.txt 2>&1 on csankhe #####
##### SUCCESS: /usr/bin/time -o time_22_vdhankar_csankhe.txt -f "%U" python3 homework.py > stulog.txt 2>&1 on csankhe #####
##### csankhe plays [E h4 g3] in 0.91s #####
##### Running: /usr/lib/jvm/jdk-14.0.1/bin/java -jar /lab/itti/projects/checkers-competition/server/referee.jar on run_22_vdhankar_csankhe #####
Move is valid
##### SUCCESS: /usr/lib/jvm/jdk-14.0.1/bin/java -jar /lab/itti/projects/checkers-competition/server/referee.jar on run_22_vdhankar_csankhe #####
INPUT for vdhankar:
GAME
WHITE
207.438373804092
...b...b
b...b.b.
...b....
..b.....
.....w..
w.w.w.b.
.w.w....
w.w...w.
##### Running: /usr/bin/time -o time_22_vdhankar_csankhe.txt -f "%U" python3 homework.py > stulog.txt 2>&1 on vdhankar #####
child exited with value 1
##### ERROR: /usr/bin/time -o time_22_vdhankar_csankhe.txt -f "%U" python3 homework.py > stulog.txt 2>&1 on vdhankar #####
##### Output of failed program (stdout + stderr): #####
Traceback (most recent call last):
  File "homework.py", line 546, in <module>
    print(end-start)
NameError: name 'end' is not defined
##### End of output of failed program #####
##### vdhankar plays [E c3 d4] in 5.41414308547974s #####
##### Running: /usr/lib/jvm/jdk-14.0.1/bin/java -jar /lab/itti/projects/checkers-competition/server/referee.jar on run_22_vdhankar_csankhe #####
Move is valid
##### SUCCESS: /usr/lib/jvm/jdk-14.0.1/bin/java -jar /lab/itti/projects/checkers-competition/server/referee.jar on run_22_vdhankar_csankhe #####
INPUT for csankhe:
GAME
BLACK
284.93
...b...b
b...b.b.
...b....
..b.....
...w.w..
w...w.b.
.w.w....
w.w...w.
##### Running: /usr/bin/time -o time_22_vdhankar_csankhe.txt -f "%U" python3 homework.py > stulog.txt 2>&1 on csankhe #####
##### SUCCESS: /usr/bin/time -o time_22_vdhankar_csankhe.txt -f "%U" python3 homework.py > stulog.txt 2>&1 on csankhe #####
##### csankhe plays [E g3 f2] in 0.7s #####
##### Running: /usr/lib/jvm/jdk-14.0.1/bin/java -jar /lab/itti/projects/checkers-competition/server/referee.jar on run_22_vdhankar_csankhe #####
Move is valid
##### SUCCESS: /usr/lib/jvm/jdk-14.0.1/bin/java -jar /lab/itti/projects/checkers-competition/server/referee.jar on run_22_vdhankar_csankhe #####
INPUT for vdhankar:
GAME
WHITE
202.024230718613
...b...b
b...b.b.
...b....
..b.....
...w.w..
w...w...
.w.w.b..
w.w...w.
##### Running: /usr/bin/time -o time_22_vdhankar_csankhe.txt -f "%U" python3 homework.py > stulog.txt 2>&1 on vdhankar #####
child exited with value 1
##### ERROR: /usr/bin/time -o time_22_vdhankar_csankhe.txt -f "%U" python3 homework.py > stulog.txt 2>&1 on vdhankar #####
##### Output of failed program (stdout + stderr): #####
Traceback (most recent call last):
  File "homework.py", line 546, in <module>
    print(end-start)
NameError: name 'end' is not defined
##### End of output of failed program #####
##### vdhankar plays [J d4 b6] in 1.4325258731842s #####
##### Running: /usr/lib/jvm/jdk-14.0.1/bin/java -jar /lab/itti/projects/checkers-competition/server/referee.jar on run_22_vdhankar_csankhe #####
Move is valid
##### SUCCESS: /usr/lib/jvm/jdk-14.0.1/bin/java -jar /lab/itti/projects/checkers-competition/server/referee.jar on run_22_vdhankar_csankhe #####
INPUT for csankhe:
GAME
BLACK
284.23
...b...b
b...b.b.
.w.b....
........
.....w..
w...w...
.w.w.b..
w.w...w.
##### Running: /usr/bin/time -o time_22_vdhankar_csankhe.txt -f "%U" python3 homework.py > stulog.txt 2>&1 on csankhe #####
##### SUCCESS: /usr/bin/time -o time_22_vdhankar_csankhe.txt -f "%U" python3 homework.py > stulog.txt 2>&1 on csankhe #####
##### csankhe plays [J a7 c5] in 0.28s #####
##### Running: /usr/lib/jvm/jdk-14.0.1/bin/java -jar /lab/itti/projects/checkers-competition/server/referee.jar on run_22_vdhankar_csankhe #####
Move is valid
##### SUCCESS: /usr/lib/jvm/jdk-14.0.1/bin/java -jar /lab/itti/projects/checkers-competition/server/referee.jar on run_22_vdhankar_csankhe #####
INPUT for vdhankar:
GAME
WHITE
200.591704845428
...b...b
....b.b.
...b....
..b.....
.....w..
w...w...
.w.w.b..
w.w...w.
##### Running: /usr/bin/time -o time_22_vdhankar_csankhe.txt -f "%U" python3 homework.py > stulog.txt 2>&1 on vdhankar #####
child exited with value 1
##### ERROR: /usr/bin/time -o time_22_vdhankar_csankhe.txt -f "%U" python3 homework.py > stulog.txt 2>&1 on vdhankar #####
##### Output of failed program (stdout + stderr): #####
Traceback (most recent call last):
  File "homework.py", line 546, in <module>
    print(end-start)
NameError: name 'end' is not defined
##### End of output of failed program #####
##### vdhankar plays [E b2 c3] in 6.11996102333069s #####
##### Running: /usr/lib/jvm/jdk-14.0.1/bin/java -jar /lab/itti/projects/checkers-competition/server/referee.jar on run_22_vdhankar_csankhe #####
Move is valid
##### SUCCESS: /usr/lib/jvm/jdk-14.0.1/bin/java -jar /lab/itti/projects/checkers-competition/server/referee.jar on run_22_vdhankar_csankhe #####
INPUT for csankhe:
GAME
BLACK
283.95
...b...b
....b.b.
...b....
..b.....
.....w..
w.w.w...
...w.b..
w.w...w.
##### Running: /usr/bin/time -o time_22_vdhankar_csankhe.txt -f "%U" python3 homework.py > stulog.txt 2>&1 on csankhe #####
##### SUCCESS: /usr/bin/time -o time_22_vdhankar_csankhe.txt -f "%U" python3 homework.py > stulog.txt 2>&1 on csankhe #####
##### csankhe plays [E c5 d4] in 1.11s #####
##### Running: /usr/lib/jvm/jdk-14.0.1/bin/java -jar /lab/itti/projects/checkers-competition/server/referee.jar on run_22_vdhankar_csankhe #####
Move is valid
##### SUCCESS: /usr/lib/jvm/jdk-14.0.1/bin/java -jar /lab/itti/projects/checkers-competition/server/referee.jar on run_22_vdhankar_csankhe #####
INPUT for vdhankar:
GAME
WHITE
194.471743822098
...b...b
....b.b.
...b....
........
...b.w..
w.w.w...
...w.b..
w.w...w.
##### Running: /usr/bin/time -o time_22_vdhankar_csankhe.txt -f "%U" python3 homework.py > stulog.txt 2>&1 on vdhankar #####
child exited with value 1
##### ERROR: /usr/bin/time -o time_22_vdhankar_csankhe.txt -f "%U" python3 homework.py > stulog.txt 2>&1 on vdhankar #####
##### Output of failed program (stdout + stderr): #####
Traceback (most recent call last):
  File "homework.py", line 546, in <module>
    print(end-start)
NameError: name 'end' is not defined
##### End of output of failed program #####
##### vdhankar plays [J e3 c5] in 1.87371492385864s #####
##### Running: /usr/lib/jvm/jdk-14.0.1/bin/java -jar /lab/itti/projects/checkers-competition/server/referee.jar on run_22_vdhankar_csankhe #####
Move is valid
##### SUCCESS: /usr/lib/jvm/jdk-14.0.1/bin/java -jar /lab/itti/projects/checkers-competition/server/referee.jar on run_22_vdhankar_csankhe #####
INPUT for csankhe:
GAME
BLACK
282.84
...b...b
....b.b.
...b....
..w.....
.....w..
w.w.....
...w.b..
w.w...w.
##### Running: /usr/bin/time -o time_22_vdhankar_csankhe.txt -f "%U" python3 homework.py > stulog.txt 2>&1 on csankhe #####
##### SUCCESS: /usr/bin/time -o time_22_vdhankar_csankhe.txt -f "%U" python3 homework.py > stulog.txt 2>&1 on csankhe #####
##### csankhe plays [J d6 b4] in 0.14s #####
##### Running: /usr/lib/jvm/jdk-14.0.1/bin/java -jar /lab/itti/projects/checkers-competition/server/referee.jar on run_22_vdhankar_csankhe #####
Move is valid
##### SUCCESS: /usr/lib/jvm/jdk-14.0.1/bin/java -jar /lab/itti/projects/checkers-competition/server/referee.jar on run_22_vdhankar_csankhe #####
INPUT for vdhankar:
GAME
WHITE
192.598028898239
...b...b
....b.b.
........
........
.b...w..
w.w.....
...w.b..
w.w...w.
##### Running: /usr/bin/time -o time_22_vdhankar_csankhe.txt -f "%U" python3 homework.py > stulog.txt 2>&1 on vdhankar #####
child exited with value 1
##### ERROR: /usr/bin/time -o time_22_vdhankar_csankhe.txt -f "%U" python3 homework.py > stulog.txt 2>&1 on vdhankar #####
##### Output of failed program (stdout + stderr): #####
Traceback (most recent call last):
  File "homework.py", line 546, in <module>
    print(end-start)
NameError: name 'end' is not defined
##### End of output of failed program #####
##### vdhankar plays [J g1 e3] in 3.08545899391174s #####
##### Running: /usr/lib/jvm/jdk-14.0.1/bin/java -jar /lab/itti/projects/checkers-competition/server/referee.jar on run_22_vdhankar_csankhe #####
Move is valid
##### SUCCESS: /usr/lib/jvm/jdk-14.0.1/bin/java -jar /lab/itti/projects/checkers-competition/server/referee.jar on run_22_vdhankar_csankhe #####
INPUT for csankhe:
GAME
BLACK
282.7
...b...b
....b.b.
........
........
.b...w..
w.w.w...
...w....
w.w.....
##### Running: /usr/bin/time -o time_22_vdhankar_csankhe.txt -f "%U" python3 homework.py > stulog.txt 2>&1 on csankhe #####
##### SUCCESS: /usr/bin/time -o time_22_vdhankar_csankhe.txt -f "%U" python3 homework.py > stulog.txt 2>&1 on csankhe #####
##### csankhe plays [E g7 h6] in 0.36s #####
##### Running: /usr/lib/jvm/jdk-14.0.1/bin/java -jar /lab/itti/projects/checkers-competition/server/referee.jar on run_22_vdhankar_csankhe #####
Move is valid
##### SUCCESS: /usr/lib/jvm/jdk-14.0.1/bin/java -jar /lab/itti/projects/checkers-competition/server/referee.jar on run_22_vdhankar_csankhe #####
INPUT for vdhankar:
GAME
WHITE
189.512569904327
...b...b
....b...
.......b
........
.b...w..
w.w.w...
...w....
w.w.....
##### Running: /usr/bin/time -o time_22_vdhankar_csankhe.txt -f "%U" python3 homework.py > stulog.txt 2>&1 on vdhankar #####
child exited with value 1
##### ERROR: /usr/bin/time -o time_22_vdhankar_csankhe.txt -f "%U" python3 homework.py > stulog.txt 2>&1 on vdhankar #####
##### Output of failed program (stdout + stderr): #####
Traceback (most recent call last):
  File "homework.py", line 546, in <module>
    print(end-start)
NameError: name 'end' is not defined
##### End of output of failed program #####
##### vdhankar plays [J a3 c5] in 3.70951509475708s #####
##### Running: /usr/lib/jvm/jdk-14.0.1/bin/java -jar /lab/itti/projects/checkers-competition/server/referee.jar on run_22_vdhankar_csankhe #####
Move is valid
##### SUCCESS: /usr/lib/jvm/jdk-14.0.1/bin/java -jar /lab/itti/projects/checkers-competition/server/referee.jar on run_22_vdhankar_csankhe #####
INPUT for csankhe:
GAME
BLACK
282.34
...b...b
....b...
.......b
..w.....
.....w..
..w.w...
...w....
w.w.....
##### Running: /usr/bin/time -o time_22_vdhankar_csankhe.txt -f "%U" python3 homework.py > stulog.txt 2>&1 on csankhe #####
##### SUCCESS: /usr/bin/time -o time_22_vdhankar_csankhe.txt -f "%U" python3 homework.py > stulog.txt 2>&1 on csankhe #####
##### csankhe plays [E h6 g5] in 0.5s #####
##### Running: /usr/lib/jvm/jdk-14.0.1/bin/java -jar /lab/itti/projects/checkers-competition/server/referee.jar on run_22_vdhankar_csankhe #####
Move is valid
##### SUCCESS: /usr/lib/jvm/jdk-14.0.1/bin/java -jar /lab/itti/projects/checkers-competition/server/referee.jar on run_22_vdhankar_csankhe #####
INPUT for vdhankar:
GAME
WHITE
185.80305480957
...b...b
....b...
........
..w...b.
.....w..
..w.w...
...w....
w.w.....
##### Running: /usr/bin/time -o time_22_vdhankar_csankhe.txt -f "%U" python3 homework.py > stulog.txt 2>&1 on vdhankar #####
child exited with value 1
##### ERROR: /usr/bin/time -o time_22_vdhankar_csankhe.txt -f "%U" python3 homework.py > stulog.txt 2>&1 on vdhankar #####
##### Output of failed program (stdout + stderr): #####
Traceback (most recent call last):
  File "homework.py", line 546, in <module>
    print(end-start)
NameError: name 'end' is not defined
##### End of output of failed program #####
##### vdhankar plays [J f4 h6] in 0.898798942565918s #####
##### Running: /usr/lib/jvm/jdk-14.0.1/bin/java -jar /lab/itti/projects/checkers-competition/server/referee.jar on run_22_vdhankar_csankhe #####
Move is valid
##### SUCCESS: /usr/lib/jvm/jdk-14.0.1/bin/java -jar /lab/itti/projects/checkers-competition/server/referee.jar on run_22_vdhankar_csankhe #####
INPUT for csankhe:
GAME
BLACK
281.84
...b...b
....b...
.......w
..w.....
........
..w.w...
...w....
w.w.....
##### Running: /usr/bin/time -o time_22_vdhankar_csankhe.txt -f "%U" python3 homework.py > stulog.txt 2>&1 on csankhe #####
##### SUCCESS: /usr/bin/time -o time_22_vdhankar_csankhe.txt -f "%U" python3 homework.py > stulog.txt 2>&1 on csankhe #####
##### csankhe plays [E e7 d6] in 0.24s #####
##### Running: /usr/lib/jvm/jdk-14.0.1/bin/java -jar /lab/itti/projects/checkers-competition/server/referee.jar on run_22_vdhankar_csankhe #####
Move is valid
##### SUCCESS: /usr/lib/jvm/jdk-14.0.1/bin/java -jar /lab/itti/projects/checkers-competition/server/referee.jar on run_22_vdhankar_csankhe #####
INPUT for vdhankar:
GAME
WHITE
184.904255867004
...b...b
........
...b...w
..w.....
........
..w.w...
...w....
w.w.....
##### Running: /usr/bin/time -o time_22_vdhankar_csankhe.txt -f "%U" python3 homework.py > stulog.txt 2>&1 on vdhankar #####
child exited with value 1
##### ERROR: /usr/bin/time -o time_22_vdhankar_csankhe.txt -f "%U" python3 homework.py > stulog.txt 2>&1 on vdhankar #####
##### Output of failed program (stdout + stderr): #####
Traceback (most recent call last):
  File "homework.py", line 546, in <module>
    print(end-start)
NameError: name 'end' is not defined
##### End of output of failed program #####
##### vdhankar plays [J c5 e7] in 0.720520973205566s #####
##### Running: /usr/lib/jvm/jdk-14.0.1/bin/java -jar /lab/itti/projects/checkers-competition/server/referee.jar on run_22_vdhankar_csankhe #####
Move is valid
##### SUCCESS: /usr/lib/jvm/jdk-14.0.1/bin/java -jar /lab/itti/projects/checkers-competition/server/referee.jar on run_22_vdhankar_csankhe #####
INPUT for csankhe:
GAME
BLACK
281.6
...b...b
....w...
.......w
........
........
..w.w...
...w....
w.w.....
##### Running: /usr/bin/time -o time_22_vdhankar_csankhe.txt -f "%U" python3 homework.py > stulog.txt 2>&1 on csankhe #####
##### SUCCESS: /usr/bin/time -o time_22_vdhankar_csankhe.txt -f "%U" python3 homework.py > stulog.txt 2>&1 on csankhe #####
##### csankhe plays [J d8 f6] in 0.13s #####
##### Running: /usr/lib/jvm/jdk-14.0.1/bin/java -jar /lab/itti/projects/checkers-competition/server/referee.jar on run_22_vdhankar_csankhe #####
Move is valid
##### SUCCESS: /usr/lib/jvm/jdk-14.0.1/bin/java -jar /lab/itti/projects/checkers-competition/server/referee.jar on run_22_vdhankar_csankhe #####
INPUT for vdhankar:
GAME
WHITE
184.183734893799
.......b
........
.....b.w
........
........
..w.w...
...w....
w.w.....
##### Running: /usr/bin/time -o time_22_vdhankar_csankhe.txt -f "%U" python3 homework.py > stulog.txt 2>&1 on vdhankar #####
child exited with value 1
##### ERROR: /usr/bin/time -o time_22_vdhankar_csankhe.txt -f "%U" python3 homework.py > stulog.txt 2>&1 on vdhankar #####
##### Output of failed program (stdout + stderr): #####
Traceback (most recent call last):
  File "homework.py", line 546, in <module>
    print(end-start)
NameError: name 'end' is not defined
##### End of output of failed program #####
##### vdhankar plays [E c3 b4] in 0.76408314704895s #####
##### Running: /usr/lib/jvm/jdk-14.0.1/bin/java -jar /lab/itti/projects/checkers-competition/server/referee.jar on run_22_vdhankar_csankhe #####
Move is valid
##### SUCCESS: /usr/lib/jvm/jdk-14.0.1/bin/java -jar /lab/itti/projects/checkers-competition/server/referee.jar on run_22_vdhankar_csankhe #####
INPUT for csankhe:
GAME
BLACK
281.47
.......b
........
.....b.w
........
.w......
....w...
...w....
w.w.....
##### Running: /usr/bin/time -o time_22_vdhankar_csankhe.txt -f "%U" python3 homework.py > stulog.txt 2>&1 on csankhe #####
##### SUCCESS: /usr/bin/time -o time_22_vdhankar_csankhe.txt -f "%U" python3 homework.py > stulog.txt 2>&1 on csankhe #####
##### csankhe plays [E f6 g5] in 0.2s #####
##### Running: /usr/lib/jvm/jdk-14.0.1/bin/java -jar /lab/itti/projects/checkers-competition/server/referee.jar on run_22_vdhankar_csankhe #####
Move is valid
##### SUCCESS: /usr/lib/jvm/jdk-14.0.1/bin/java -jar /lab/itti/projects/checkers-competition/server/referee.jar on run_22_vdhankar_csankhe #####
INPUT for vdhankar:
GAME
WHITE
183.41965174675
.......b
........
.......w
......b.
.w......
....w...
...w....
w.w.....
##### Running: /usr/bin/time -o time_22_vdhankar_csankhe.txt -f "%U" python3 homework.py > stulog.txt 2>&1 on vdhankar #####
child exited with value 1
##### ERROR: /usr/bin/time -o time_22_vdhankar_csankhe.txt -f "%U" python3 homework.py > stulog.txt 2>&1 on vdhankar #####
##### Output of failed program (stdout + stderr): #####
Traceback (most recent call last):
  File "homework.py", line 546, in <module>
    print(end-start)
NameError: name 'end' is not defined
##### End of output of failed program #####
##### vdhankar plays [E h6 g7] in 0.526764154434204s #####
##### Running: /usr/lib/jvm/jdk-14.0.1/bin/java -jar /lab/itti/projects/checkers-competition/server/referee.jar on run_22_vdhankar_csankhe #####
Move is valid
##### SUCCESS: /usr/lib/jvm/jdk-14.0.1/bin/java -jar /lab/itti/projects/checkers-competition/server/referee.jar on run_22_vdhankar_csankhe #####
INPUT for csankhe:
GAME
BLACK
281.27
.......b
......w.
........
......b.
.w......
....w...
...w....
w.w.....
##### Running: /usr/bin/time -o time_22_vdhankar_csankhe.txt -f "%U" python3 homework.py > stulog.txt 2>&1 on csankhe #####
##### SUCCESS: /usr/bin/time -o time_22_vdhankar_csankhe.txt -f "%U" python3 homework.py > stulog.txt 2>&1 on csankhe #####
##### csankhe plays [J h8 f6] in 0.12s #####
##### Running: /usr/lib/jvm/jdk-14.0.1/bin/java -jar /lab/itti/projects/checkers-competition/server/referee.jar on run_22_vdhankar_csankhe #####
Move is valid
##### SUCCESS: /usr/lib/jvm/jdk-14.0.1/bin/java -jar /lab/itti/projects/checkers-competition/server/referee.jar on run_22_vdhankar_csankhe #####
INPUT for vdhankar:
GAME
WHITE
182.892887592316
........
........
.....b..
......b.
.w......
....w...
...w....
w.w.....
##### Running: /usr/bin/time -o time_22_vdhankar_csankhe.txt -f "%U" python3 homework.py > stulog.txt 2>&1 on vdhankar #####
child exited with value 1
##### ERROR: /usr/bin/time -o time_22_vdhankar_csankhe.txt -f "%U" python3 homework.py > stulog.txt 2>&1 on vdhankar #####
##### Output of failed program (stdout + stderr): #####
Traceback (most recent call last):
  File "homework.py", line 546, in <module>
    print(end-start)
NameError: name 'end' is not defined
##### End of output of failed program #####
##### vdhankar plays [E e3 f4] in 2.43881607055664s #####
##### Running: /usr/lib/jvm/jdk-14.0.1/bin/java -jar /lab/itti/projects/checkers-competition/server/referee.jar on run_22_vdhankar_csankhe #####
Move is valid
##### SUCCESS: /usr/lib/jvm/jdk-14.0.1/bin/java -jar /lab/itti/projects/checkers-competition/server/referee.jar on run_22_vdhankar_csankhe #####
INPUT for csankhe:
GAME
BLACK
281.15
........
........
.....b..
......b.
.w...w..
........
...w....
w.w.....
##### Running: /usr/bin/time -o time_22_vdhankar_csankhe.txt -f "%U" python3 homework.py > stulog.txt 2>&1 on csankhe #####
##### SUCCESS: /usr/bin/time -o time_22_vdhankar_csankhe.txt -f "%U" python3 homework.py > stulog.txt 2>&1 on csankhe #####
##### csankhe plays [J g5 e3] in 0.05s #####
##### Running: /usr/lib/jvm/jdk-14.0.1/bin/java -jar /lab/itti/projects/checkers-competition/server/referee.jar on run_22_vdhankar_csankhe #####
Move is valid
##### SUCCESS: /usr/lib/jvm/jdk-14.0.1/bin/java -jar /lab/itti/projects/checkers-competition/server/referee.jar on run_22_vdhankar_csankhe #####
INPUT for vdhankar:
GAME
WHITE
180.454071521759
........
........
.....b..
........
.w......
....b...
...w....
w.w.....
##### Running: /usr/bin/time -o time_22_vdhankar_csankhe.txt -f "%U" python3 homework.py > stulog.txt 2>&1 on vdhankar #####
child exited with value 1
##### ERROR: /usr/bin/time -o time_22_vdhankar_csankhe.txt -f "%U" python3 homework.py > stulog.txt 2>&1 on vdhankar #####
##### Output of failed program (stdout + stderr): #####
Traceback (most recent call last):
  File "homework.py", line 546, in <module>
    print(end-start)
NameError: name 'end' is not defined
##### End of output of failed program #####
##### vdhankar plays [J d2 f4] in 0.41062593460083s #####
##### Running: /usr/lib/jvm/jdk-14.0.1/bin/java -jar /lab/itti/projects/checkers-competition/server/referee.jar on run_22_vdhankar_csankhe #####
Move is valid
##### SUCCESS: /usr/lib/jvm/jdk-14.0.1/bin/java -jar /lab/itti/projects/checkers-competition/server/referee.jar on run_22_vdhankar_csankhe #####
INPUT for csankhe:
GAME
BLACK
281.1
........
........
.....b..
........
.w...w..
........
........
w.w.....
##### Running: /usr/bin/time -o time_22_vdhankar_csankhe.txt -f "%U" python3 homework.py > stulog.txt 2>&1 on csankhe #####
##### SUCCESS: /usr/bin/time -o time_22_vdhankar_csankhe.txt -f "%U" python3 homework.py > stulog.txt 2>&1 on csankhe #####
##### csankhe plays [E f6 g5] in 0.05s #####
##### Running: /usr/lib/jvm/jdk-14.0.1/bin/java -jar /lab/itti/projects/checkers-competition/server/referee.jar on run_22_vdhankar_csankhe #####
Move is valid
##### SUCCESS: /usr/lib/jvm/jdk-14.0.1/bin/java -jar /lab/itti/projects/checkers-competition/server/referee.jar on run_22_vdhankar_csankhe #####
INPUT for vdhankar:
GAME
WHITE
180.043445587158
........
........
........
......b.
.w...w..
........
........
w.w.....
##### Running: /usr/bin/time -o time_22_vdhankar_csankhe.txt -f "%U" python3 homework.py > stulog.txt 2>&1 on vdhankar #####
child exited with value 1
##### ERROR: /usr/bin/time -o time_22_vdhankar_csankhe.txt -f "%U" python3 homework.py > stulog.txt 2>&1 on vdhankar #####
##### Output of failed program (stdout + stderr): #####
Traceback (most recent call last):
  File "homework.py", line 546, in <module>
    print(end-start)
NameError: name 'end' is not defined
##### End of output of failed program #####
##### vdhankar plays [J f4 h6] in 0.399494171142578s #####
##### Running: /usr/lib/jvm/jdk-14.0.1/bin/java -jar /lab/itti/projects/checkers-competition/server/referee.jar on run_22_vdhankar_csankhe #####
Move is valid
After this move, player BLACK cannot make any moves
*** Winner: WHITE ***
##### SUCCESS: /usr/lib/jvm/jdk-14.0.1/bin/java -jar /lab/itti/projects/checkers-competition/server/referee.jar on run_22_vdhankar_csankhe #####
##### GAME OVER: vdhankar wins the game! #####
Server said: WIN
########## ROUND 22 GAMESCORE AFTER GAME 4: vdhankar=2 and csankhe=2 ##########


########## TIE ON ROUND 22 - BOTH PLAYERS ADVANCE TO NEXT ROUND ##########
