#################### ROUND 22: vdhankar (W) vs fyuxin (B): game 1 ####################
##### game start! #####
INPUT for fyuxin:
GAME
BLACK
300
.b.b.b.b
b.b.b.b.
.b.b.b.b
........
........
w.w.w.w.
.w.w.w.w
w.w.w.w.
##### Running: /usr/bin/time -o time_22_vdhankar_fyuxin.txt -f "%U" /usr/lib/jvm/jdk-14.0.1/bin/java homework > stulog.txt 2>&1 on fyuxin #####
##### SUCCESS: /usr/bin/time -o time_22_vdhankar_fyuxin.txt -f "%U" /usr/lib/jvm/jdk-14.0.1/bin/java homework > stulog.txt 2>&1 on fyuxin #####
##### fyuxin plays [E f6 e5] in 4.13s #####
##### Running: /usr/lib/jvm/jdk-14.0.1/bin/java -jar /lab/itti/projects/checkers-competition/server/referee.jar on run_22_vdhankar_fyuxin #####
Move is valid
Couldn't read file 'current_ply.txt'
Couldn't read content from file 'current_ply.txt'
Couldn't read file 'lastmatchange_ply.txt'
Couldn't read content from file 'lastmatchange_ply.txt'
##### SUCCESS: /usr/lib/jvm/jdk-14.0.1/bin/java -jar /lab/itti/projects/checkers-competition/server/referee.jar on run_22_vdhankar_fyuxin #####
INPUT for vdhankar:
GAME
WHITE
300
.b.b.b.b
b.b.b.b.
.b.b...b
....b...
........
w.w.w.w.
.w.w.w.w
w.w.w.w.
##### Running: /usr/bin/time -o time_22_vdhankar_fyuxin.txt -f "%U" python3 homework.py > stulog.txt 2>&1 on vdhankar #####
child exited with value 1
##### ERROR: /usr/bin/time -o time_22_vdhankar_fyuxin.txt -f "%U" python3 homework.py > stulog.txt 2>&1 on vdhankar #####
##### Output of failed program (stdout + stderr): #####
Traceback (most recent call last):
  File "homework.py", line 546, in <module>
    print(end-start)
NameError: name 'end' is not defined
##### End of output of failed program #####
##### vdhankar plays [E g3 h4] in 8.5274600982666s #####
##### Running: /usr/lib/jvm/jdk-14.0.1/bin/java -jar /lab/itti/projects/checkers-competition/server/referee.jar on run_22_vdhankar_fyuxin #####
Move is valid
##### SUCCESS: /usr/lib/jvm/jdk-14.0.1/bin/java -jar /lab/itti/projects/checkers-competition/server/referee.jar on run_22_vdhankar_fyuxin #####
INPUT for fyuxin:
GAME
BLACK
295.87
.b.b.b.b
b.b.b.b.
.b.b...b
....b...
.......w
w.w.w...
.w.w.w.w
w.w.w.w.
##### Running: /usr/bin/time -o time_22_vdhankar_fyuxin.txt -f "%U" /usr/lib/jvm/jdk-14.0.1/bin/java homework > stulog.txt 2>&1 on fyuxin #####
##### SUCCESS: /usr/bin/time -o time_22_vdhankar_fyuxin.txt -f "%U" /usr/lib/jvm/jdk-14.0.1/bin/java homework > stulog.txt 2>&1 on fyuxin #####
##### fyuxin plays [E g7 f6] in 3.63s #####
##### Running: /usr/lib/jvm/jdk-14.0.1/bin/java -jar /lab/itti/projects/checkers-competition/server/referee.jar on run_22_vdhankar_fyuxin #####
Move is valid
##### SUCCESS: /usr/lib/jvm/jdk-14.0.1/bin/java -jar /lab/itti/projects/checkers-competition/server/referee.jar on run_22_vdhankar_fyuxin #####
INPUT for vdhankar:
GAME
WHITE
291.472539901733
.b.b.b.b
b.b.b...
.b.b.b.b
....b...
.......w
w.w.w...
.w.w.w.w
w.w.w.w.
##### Running: /usr/bin/time -o time_22_vdhankar_fyuxin.txt -f "%U" python3 homework.py > stulog.txt 2>&1 on vdhankar #####
child exited with value 1
##### ERROR: /usr/bin/time -o time_22_vdhankar_fyuxin.txt -f "%U" python3 homework.py > stulog.txt 2>&1 on vdhankar #####
##### Output of failed program (stdout + stderr): #####
Traceback (most recent call last):
  File "homework.py", line 546, in <module>
    print(end-start)
NameError: name 'end' is not defined
##### End of output of failed program #####
##### vdhankar plays [E h2 g3] in 16.3700201511383s #####
##### Running: /usr/lib/jvm/jdk-14.0.1/bin/java -jar /lab/itti/projects/checkers-competition/server/referee.jar on run_22_vdhankar_fyuxin #####
Move is valid
##### SUCCESS: /usr/lib/jvm/jdk-14.0.1/bin/java -jar /lab/itti/projects/checkers-competition/server/referee.jar on run_22_vdhankar_fyuxin #####
INPUT for fyuxin:
GAME
BLACK
292.24
.b.b.b.b
b.b.b...
.b.b.b.b
....b...
.......w
w.w.w.w.
.w.w.w..
w.w.w.w.
##### Running: /usr/bin/time -o time_22_vdhankar_fyuxin.txt -f "%U" /usr/lib/jvm/jdk-14.0.1/bin/java homework > stulog.txt 2>&1 on fyuxin #####
##### SUCCESS: /usr/bin/time -o time_22_vdhankar_fyuxin.txt -f "%U" /usr/lib/jvm/jdk-14.0.1/bin/java homework > stulog.txt 2>&1 on fyuxin #####
##### fyuxin plays [E b6 a5] in 4.83s #####
##### Running: /usr/lib/jvm/jdk-14.0.1/bin/java -jar /lab/itti/projects/checkers-competition/server/referee.jar on run_22_vdhankar_fyuxin #####
Move is valid
##### SUCCESS: /usr/lib/jvm/jdk-14.0.1/bin/java -jar /lab/itti/projects/checkers-competition/server/referee.jar on run_22_vdhankar_fyuxin #####
INPUT for vdhankar:
GAME
WHITE
275.102519750595
.b.b.b.b
b.b.b...
...b.b.b
b...b...
.......w
w.w.w.w.
.w.w.w..
w.w.w.w.
##### Running: /usr/bin/time -o time_22_vdhankar_fyuxin.txt -f "%U" python3 homework.py > stulog.txt 2>&1 on vdhankar #####
child exited with value 1
##### ERROR: /usr/bin/time -o time_22_vdhankar_fyuxin.txt -f "%U" python3 homework.py > stulog.txt 2>&1 on vdhankar #####
##### Output of failed program (stdout + stderr): #####
Traceback (most recent call last):
  File "homework.py", line 546, in <module>
    print(end-start)
NameError: name 'end' is not defined
##### End of output of failed program #####
##### vdhankar plays [E a3 b4] in 4.64657187461853s #####
##### Running: /usr/lib/jvm/jdk-14.0.1/bin/java -jar /lab/itti/projects/checkers-competition/server/referee.jar on run_22_vdhankar_fyuxin #####
Move is valid
##### SUCCESS: /usr/lib/jvm/jdk-14.0.1/bin/java -jar /lab/itti/projects/checkers-competition/server/referee.jar on run_22_vdhankar_fyuxin #####
INPUT for fyuxin:
GAME
BLACK
287.41
.b.b.b.b
b.b.b...
...b.b.b
b...b...
.w.....w
..w.w.w.
.w.w.w..
w.w.w.w.
##### Running: /usr/bin/time -o time_22_vdhankar_fyuxin.txt -f "%U" /usr/lib/jvm/jdk-14.0.1/bin/java homework > stulog.txt 2>&1 on fyuxin #####
##### SUCCESS: /usr/bin/time -o time_22_vdhankar_fyuxin.txt -f "%U" /usr/lib/jvm/jdk-14.0.1/bin/java homework > stulog.txt 2>&1 on fyuxin #####
##### fyuxin plays [E e5 f4] in 4.3s #####
##### Running: /usr/lib/jvm/jdk-14.0.1/bin/java -jar /lab/itti/projects/checkers-competition/server/referee.jar on run_22_vdhankar_fyuxin #####
Move is valid
##### SUCCESS: /usr/lib/jvm/jdk-14.0.1/bin/java -jar /lab/itti/projects/checkers-competition/server/referee.jar on run_22_vdhankar_fyuxin #####
INPUT for vdhankar:
GAME
WHITE
270.455947875977
.b.b.b.b
b.b.b...
...b.b.b
b.......
.w...b.w
..w.w.w.
.w.w.w..
w.w.w.w.
##### Running: /usr/bin/time -o time_22_vdhankar_fyuxin.txt -f "%U" python3 homework.py > stulog.txt 2>&1 on vdhankar #####
child exited with value 1
##### ERROR: /usr/bin/time -o time_22_vdhankar_fyuxin.txt -f "%U" python3 homework.py > stulog.txt 2>&1 on vdhankar #####
##### Output of failed program (stdout + stderr): #####
Traceback (most recent call last):
  File "homework.py", line 546, in <module>
    print(end-start)
NameError: name 'end' is not defined
##### End of output of failed program #####
##### vdhankar plays [J g3 e5 ; J e5 g7] in 3.36885714530945s #####
##### Running: /usr/lib/jvm/jdk-14.0.1/bin/java -jar /lab/itti/projects/checkers-competition/server/referee.jar on run_22_vdhankar_fyuxin #####
Move is valid
##### SUCCESS: /usr/lib/jvm/jdk-14.0.1/bin/java -jar /lab/itti/projects/checkers-competition/server/referee.jar on run_22_vdhankar_fyuxin #####
INPUT for fyuxin:
GAME
BLACK
283.11
.b.b.b.b
b.b.b.w.
...b...b
b.......
.w.....w
..w.w...
.w.w.w..
w.w.w.w.
##### Running: /usr/bin/time -o time_22_vdhankar_fyuxin.txt -f "%U" /usr/lib/jvm/jdk-14.0.1/bin/java homework > stulog.txt 2>&1 on fyuxin #####
##### SUCCESS: /usr/bin/time -o time_22_vdhankar_fyuxin.txt -f "%U" /usr/lib/jvm/jdk-14.0.1/bin/java homework > stulog.txt 2>&1 on fyuxin #####
##### fyuxin plays [J h8 f6] in 2.06s #####
##### Running: /usr/lib/jvm/jdk-14.0.1/bin/java -jar /lab/itti/projects/checkers-competition/server/referee.jar on run_22_vdhankar_fyuxin #####
Move is valid
##### SUCCESS: /usr/lib/jvm/jdk-14.0.1/bin/java -jar /lab/itti/projects/checkers-competition/server/referee.jar on run_22_vdhankar_fyuxin #####
INPUT for vdhankar:
GAME
WHITE
267.087090730667
.b.b.b..
b.b.b...
...b.b.b
b.......
.w.....w
..w.w...
.w.w.w..
w.w.w.w.
##### Running: /usr/bin/time -o time_22_vdhankar_fyuxin.txt -f "%U" python3 homework.py > stulog.txt 2>&1 on vdhankar #####
child exited with value 1
##### ERROR: /usr/bin/time -o time_22_vdhankar_fyuxin.txt -f "%U" python3 homework.py > stulog.txt 2>&1 on vdhankar #####
##### Output of failed program (stdout + stderr): #####
Traceback (most recent call last):
  File "homework.py", line 546, in <module>
    print(end-start)
NameError: name 'end' is not defined
##### End of output of failed program #####
##### vdhankar plays [E g1 h2] in 22.479542016983s #####
##### Running: /usr/lib/jvm/jdk-14.0.1/bin/java -jar /lab/itti/projects/checkers-competition/server/referee.jar on run_22_vdhankar_fyuxin #####
Move is valid
##### SUCCESS: /usr/lib/jvm/jdk-14.0.1/bin/java -jar /lab/itti/projects/checkers-competition/server/referee.jar on run_22_vdhankar_fyuxin #####
INPUT for fyuxin:
GAME
BLACK
281.05
.b.b.b..
b.b.b...
...b.b.b
b.......
.w.....w
..w.w...
.w.w.w.w
w.w.w...
##### Running: /usr/bin/time -o time_22_vdhankar_fyuxin.txt -f "%U" /usr/lib/jvm/jdk-14.0.1/bin/java homework > stulog.txt 2>&1 on fyuxin #####
##### SUCCESS: /usr/bin/time -o time_22_vdhankar_fyuxin.txt -f "%U" /usr/lib/jvm/jdk-14.0.1/bin/java homework > stulog.txt 2>&1 on fyuxin #####
##### fyuxin plays [E f6 g5] in 4.13s #####
##### Running: /usr/lib/jvm/jdk-14.0.1/bin/java -jar /lab/itti/projects/checkers-competition/server/referee.jar on run_22_vdhankar_fyuxin #####
Move is valid
##### SUCCESS: /usr/lib/jvm/jdk-14.0.1/bin/java -jar /lab/itti/projects/checkers-competition/server/referee.jar on run_22_vdhankar_fyuxin #####
INPUT for vdhankar:
GAME
WHITE
244.607548713684
.b.b.b..
b.b.b...
...b...b
b.....b.
.w.....w
..w.w...
.w.w.w.w
w.w.w...
##### Running: /usr/bin/time -o time_22_vdhankar_fyuxin.txt -f "%U" python3 homework.py > stulog.txt 2>&1 on vdhankar #####
child exited with value 1
##### ERROR: /usr/bin/time -o time_22_vdhankar_fyuxin.txt -f "%U" python3 homework.py > stulog.txt 2>&1 on vdhankar #####
##### Output of failed program (stdout + stderr): #####
Traceback (most recent call last):
  File "homework.py", line 546, in <module>
    print(end-start)
NameError: name 'end' is not defined
##### End of output of failed program #####
##### vdhankar plays [J h4 f6] in 2.98785805702209s #####
##### Running: /usr/lib/jvm/jdk-14.0.1/bin/java -jar /lab/itti/projects/checkers-competition/server/referee.jar on run_22_vdhankar_fyuxin #####
Move is valid
##### SUCCESS: /usr/lib/jvm/jdk-14.0.1/bin/java -jar /lab/itti/projects/checkers-competition/server/referee.jar on run_22_vdhankar_fyuxin #####
INPUT for fyuxin:
GAME
BLACK
276.92
.b.b.b..
b.b.b...
...b.w.b
b.......
.w......
..w.w...
.w.w.w.w
w.w.w...
##### Running: /usr/bin/time -o time_22_vdhankar_fyuxin.txt -f "%U" /usr/lib/jvm/jdk-14.0.1/bin/java homework > stulog.txt 2>&1 on fyuxin #####
##### SUCCESS: /usr/bin/time -o time_22_vdhankar_fyuxin.txt -f "%U" /usr/lib/jvm/jdk-14.0.1/bin/java homework > stulog.txt 2>&1 on fyuxin #####
##### fyuxin plays [J e7 g5] in 3.68s #####
##### Running: /usr/lib/jvm/jdk-14.0.1/bin/java -jar /lab/itti/projects/checkers-competition/server/referee.jar on run_22_vdhankar_fyuxin #####
Move is valid
##### SUCCESS: /usr/lib/jvm/jdk-14.0.1/bin/java -jar /lab/itti/projects/checkers-competition/server/referee.jar on run_22_vdhankar_fyuxin #####
INPUT for vdhankar:
GAME
WHITE
241.619690656662
.b.b.b..
b.b.....
...b...b
b.....b.
.w......
..w.w...
.w.w.w.w
w.w.w...
##### Running: /usr/bin/time -o time_22_vdhankar_fyuxin.txt -f "%U" python3 homework.py > stulog.txt 2>&1 on vdhankar #####
child exited with value 1
##### ERROR: /usr/bin/time -o time_22_vdhankar_fyuxin.txt -f "%U" python3 homework.py > stulog.txt 2>&1 on vdhankar #####
##### Output of failed program (stdout + stderr): #####
Traceback (most recent call last):
  File "homework.py", line 546, in <module>
    print(end-start)
NameError: name 'end' is not defined
##### End of output of failed program #####
##### vdhankar plays [E e3 d4] in 12.6990418434143s #####
##### Running: /usr/lib/jvm/jdk-14.0.1/bin/java -jar /lab/itti/projects/checkers-competition/server/referee.jar on run_22_vdhankar_fyuxin #####
Move is valid
##### SUCCESS: /usr/lib/jvm/jdk-14.0.1/bin/java -jar /lab/itti/projects/checkers-competition/server/referee.jar on run_22_vdhankar_fyuxin #####
INPUT for fyuxin:
GAME
BLACK
273.24
.b.b.b..
b.b.....
...b...b
b.....b.
.w.w....
..w.....
.w.w.w.w
w.w.w...
##### Running: /usr/bin/time -o time_22_vdhankar_fyuxin.txt -f "%U" /usr/lib/jvm/jdk-14.0.1/bin/java homework > stulog.txt 2>&1 on fyuxin #####
##### SUCCESS: /usr/bin/time -o time_22_vdhankar_fyuxin.txt -f "%U" /usr/lib/jvm/jdk-14.0.1/bin/java homework > stulog.txt 2>&1 on fyuxin #####
##### fyuxin plays [E g5 f4] in 4.92s #####
##### Running: /usr/lib/jvm/jdk-14.0.1/bin/java -jar /lab/itti/projects/checkers-competition/server/referee.jar on run_22_vdhankar_fyuxin #####
Move is valid
##### SUCCESS: /usr/lib/jvm/jdk-14.0.1/bin/java -jar /lab/itti/projects/checkers-competition/server/referee.jar on run_22_vdhankar_fyuxin #####
INPUT for vdhankar:
GAME
WHITE
228.920648813248
.b.b.b..
b.b.....
...b...b
b.......
.w.w.b..
..w.....
.w.w.w.w
w.w.w...
##### Running: /usr/bin/time -o time_22_vdhankar_fyuxin.txt -f "%U" python3 homework.py > stulog.txt 2>&1 on vdhankar #####
child exited with value 1
##### ERROR: /usr/bin/time -o time_22_vdhankar_fyuxin.txt -f "%U" python3 homework.py > stulog.txt 2>&1 on vdhankar #####
##### Output of failed program (stdout + stderr): #####
Traceback (most recent call last):
  File "homework.py", line 546, in <module>
    print(end-start)
NameError: name 'end' is not defined
##### End of output of failed program #####
##### vdhankar plays [E f2 g3] in 5.5090959072113s #####
##### Running: /usr/lib/jvm/jdk-14.0.1/bin/java -jar /lab/itti/projects/checkers-competition/server/referee.jar on run_22_vdhankar_fyuxin #####
Move is valid
##### SUCCESS: /usr/lib/jvm/jdk-14.0.1/bin/java -jar /lab/itti/projects/checkers-competition/server/referee.jar on run_22_vdhankar_fyuxin #####
INPUT for fyuxin:
GAME
BLACK
268.32
.b.b.b..
b.b.....
...b...b
b.......
.w.w.b..
..w...w.
.w.w...w
w.w.w...
##### Running: /usr/bin/time -o time_22_vdhankar_fyuxin.txt -f "%U" /usr/lib/jvm/jdk-14.0.1/bin/java homework > stulog.txt 2>&1 on fyuxin #####
##### SUCCESS: /usr/bin/time -o time_22_vdhankar_fyuxin.txt -f "%U" /usr/lib/jvm/jdk-14.0.1/bin/java homework > stulog.txt 2>&1 on fyuxin #####
##### fyuxin plays [E f4 e3] in 2.4s #####
##### Running: /usr/lib/jvm/jdk-14.0.1/bin/java -jar /lab/itti/projects/checkers-competition/server/referee.jar on run_22_vdhankar_fyuxin #####
Move is valid
##### SUCCESS: /usr/lib/jvm/jdk-14.0.1/bin/java -jar /lab/itti/projects/checkers-competition/server/referee.jar on run_22_vdhankar_fyuxin #####
INPUT for vdhankar:
GAME
WHITE
223.411552906036
.b.b.b..
b.b.....
...b...b
b.......
.w.w....
..w.b.w.
.w.w...w
w.w.w...
##### Running: /usr/bin/time -o time_22_vdhankar_fyuxin.txt -f "%U" python3 homework.py > stulog.txt 2>&1 on vdhankar #####
child exited with value 1
##### ERROR: /usr/bin/time -o time_22_vdhankar_fyuxin.txt -f "%U" python3 homework.py > stulog.txt 2>&1 on vdhankar #####
##### Output of failed program (stdout + stderr): #####
Traceback (most recent call last):
  File "homework.py", line 546, in <module>
    print(end-start)
NameError: name 'end' is not defined
##### End of output of failed program #####
##### vdhankar plays [J d2 f4] in 3.26923418045044s #####
##### Running: /usr/lib/jvm/jdk-14.0.1/bin/java -jar /lab/itti/projects/checkers-competition/server/referee.jar on run_22_vdhankar_fyuxin #####
Move is valid
##### SUCCESS: /usr/lib/jvm/jdk-14.0.1/bin/java -jar /lab/itti/projects/checkers-competition/server/referee.jar on run_22_vdhankar_fyuxin #####
INPUT for fyuxin:
GAME
BLACK
265.92
.b.b.b..
b.b.....
...b...b
b.......
.w.w.w..
..w...w.
.w.....w
w.w.w...
##### Running: /usr/bin/time -o time_22_vdhankar_fyuxin.txt -f "%U" /usr/lib/jvm/jdk-14.0.1/bin/java homework > stulog.txt 2>&1 on fyuxin #####
##### SUCCESS: /usr/bin/time -o time_22_vdhankar_fyuxin.txt -f "%U" /usr/lib/jvm/jdk-14.0.1/bin/java homework > stulog.txt 2>&1 on fyuxin #####
##### fyuxin plays [E h6 g5] in 4.93s #####
##### Running: /usr/lib/jvm/jdk-14.0.1/bin/java -jar /lab/itti/projects/checkers-competition/server/referee.jar on run_22_vdhankar_fyuxin #####
Move is valid
##### SUCCESS: /usr/lib/jvm/jdk-14.0.1/bin/java -jar /lab/itti/projects/checkers-competition/server/referee.jar on run_22_vdhankar_fyuxin #####
INPUT for vdhankar:
GAME
WHITE
220.142318725586
.b.b.b..
b.b.....
...b....
b.....b.
.w.w.w..
..w...w.
.w.....w
w.w.w...
##### Running: /usr/bin/time -o time_22_vdhankar_fyuxin.txt -f "%U" python3 homework.py > stulog.txt 2>&1 on vdhankar #####
child exited with value 1
##### ERROR: /usr/bin/time -o time_22_vdhankar_fyuxin.txt -f "%U" python3 homework.py > stulog.txt 2>&1 on vdhankar #####
##### Output of failed program (stdout + stderr): #####
Traceback (most recent call last):
  File "homework.py", line 546, in <module>
    print(end-start)
NameError: name 'end' is not defined
##### End of output of failed program #####
##### vdhankar plays [J f4 h6] in 1.80858588218689s #####
##### Running: /usr/lib/jvm/jdk-14.0.1/bin/java -jar /lab/itti/projects/checkers-competition/server/referee.jar on run_22_vdhankar_fyuxin #####
Move is valid
##### SUCCESS: /usr/lib/jvm/jdk-14.0.1/bin/java -jar /lab/itti/projects/checkers-competition/server/referee.jar on run_22_vdhankar_fyuxin #####
INPUT for fyuxin:
GAME
BLACK
260.99
.b.b.b..
b.b.....
...b...w
b.......
.w.w....
..w...w.
.w.....w
w.w.w...
##### Running: /usr/bin/time -o time_22_vdhankar_fyuxin.txt -f "%U" /usr/lib/jvm/jdk-14.0.1/bin/java homework > stulog.txt 2>&1 on fyuxin #####
##### SUCCESS: /usr/bin/time -o time_22_vdhankar_fyuxin.txt -f "%U" /usr/lib/jvm/jdk-14.0.1/bin/java homework > stulog.txt 2>&1 on fyuxin #####
##### fyuxin plays [E c7 b6] in 4.11s #####
##### Running: /usr/lib/jvm/jdk-14.0.1/bin/java -jar /lab/itti/projects/checkers-competition/server/referee.jar on run_22_vdhankar_fyuxin #####
Move is valid
##### SUCCESS: /usr/lib/jvm/jdk-14.0.1/bin/java -jar /lab/itti/projects/checkers-competition/server/referee.jar on run_22_vdhankar_fyuxin #####
INPUT for vdhankar:
GAME
WHITE
218.333732843399
.b.b.b..
b.......
.b.b...w
b.......
.w.w....
..w...w.
.w.....w
w.w.w...
##### Running: /usr/bin/time -o time_22_vdhankar_fyuxin.txt -f "%U" python3 homework.py > stulog.txt 2>&1 on vdhankar #####
child exited with value 1
##### ERROR: /usr/bin/time -o time_22_vdhankar_fyuxin.txt -f "%U" python3 homework.py > stulog.txt 2>&1 on vdhankar #####
##### Output of failed program (stdout + stderr): #####
Traceback (most recent call last):
  File "homework.py", line 546, in <module>
    print(end-start)
NameError: name 'end' is not defined
##### End of output of failed program #####
##### vdhankar plays [E d4 e5] in 5.45580697059631s #####
##### Running: /usr/lib/jvm/jdk-14.0.1/bin/java -jar /lab/itti/projects/checkers-competition/server/referee.jar on run_22_vdhankar_fyuxin #####
Move is valid
##### SUCCESS: /usr/lib/jvm/jdk-14.0.1/bin/java -jar /lab/itti/projects/checkers-competition/server/referee.jar on run_22_vdhankar_fyuxin #####
INPUT for fyuxin:
GAME
BLACK
256.88
.b.b.b..
b.......
.b.b...w
b...w...
.w......
..w...w.
.w.....w
w.w.w...
##### Running: /usr/bin/time -o time_22_vdhankar_fyuxin.txt -f "%U" /usr/lib/jvm/jdk-14.0.1/bin/java homework > stulog.txt 2>&1 on fyuxin #####
##### SUCCESS: /usr/bin/time -o time_22_vdhankar_fyuxin.txt -f "%U" /usr/lib/jvm/jdk-14.0.1/bin/java homework > stulog.txt 2>&1 on fyuxin #####
##### fyuxin plays [J d6 f4] in 1.24s #####
##### Running: /usr/lib/jvm/jdk-14.0.1/bin/java -jar /lab/itti/projects/checkers-competition/server/referee.jar on run_22_vdhankar_fyuxin #####
Move is valid
##### SUCCESS: /usr/lib/jvm/jdk-14.0.1/bin/java -jar /lab/itti/projects/checkers-competition/server/referee.jar on run_22_vdhankar_fyuxin #####
INPUT for vdhankar:
GAME
WHITE
212.877925872803
.b.b.b..
b.......
.b.....w
b.......
.w...b..
..w...w.
.w.....w
w.w.w...
##### Running: /usr/bin/time -o time_22_vdhankar_fyuxin.txt -f "%U" python3 homework.py > stulog.txt 2>&1 on vdhankar #####
child exited with value 1
##### ERROR: /usr/bin/time -o time_22_vdhankar_fyuxin.txt -f "%U" python3 homework.py > stulog.txt 2>&1 on vdhankar #####
##### Output of failed program (stdout + stderr): #####
Traceback (most recent call last):
  File "homework.py", line 546, in <module>
    print(end-start)
NameError: name 'end' is not defined
##### End of output of failed program #####
##### vdhankar plays [J g3 e5] in 2.57465791702271s #####
##### Running: /usr/lib/jvm/jdk-14.0.1/bin/java -jar /lab/itti/projects/checkers-competition/server/referee.jar on run_22_vdhankar_fyuxin #####
Move is valid
##### SUCCESS: /usr/lib/jvm/jdk-14.0.1/bin/java -jar /lab/itti/projects/checkers-competition/server/referee.jar on run_22_vdhankar_fyuxin #####
INPUT for fyuxin:
GAME
BLACK
255.64
.b.b.b..
b.......
.b.....w
b...w...
.w......
..w.....
.w.....w
w.w.w...
##### Running: /usr/bin/time -o time_22_vdhankar_fyuxin.txt -f "%U" /usr/lib/jvm/jdk-14.0.1/bin/java homework > stulog.txt 2>&1 on fyuxin #####
##### SUCCESS: /usr/bin/time -o time_22_vdhankar_fyuxin.txt -f "%U" /usr/lib/jvm/jdk-14.0.1/bin/java homework > stulog.txt 2>&1 on fyuxin #####
##### fyuxin plays [E f8 e7] in 4.05s #####
##### Running: /usr/lib/jvm/jdk-14.0.1/bin/java -jar /lab/itti/projects/checkers-competition/server/referee.jar on run_22_vdhankar_fyuxin #####
Move is valid
##### SUCCESS: /usr/lib/jvm/jdk-14.0.1/bin/java -jar /lab/itti/projects/checkers-competition/server/referee.jar on run_22_vdhankar_fyuxin #####
INPUT for vdhankar:
GAME
WHITE
210.30326795578
.b.b....
b...b...
.b.....w
b...w...
.w......
..w.....
.w.....w
w.w.w...
##### Running: /usr/bin/time -o time_22_vdhankar_fyuxin.txt -f "%U" python3 homework.py > stulog.txt 2>&1 on vdhankar #####
child exited with value 1
##### ERROR: /usr/bin/time -o time_22_vdhankar_fyuxin.txt -f "%U" python3 homework.py > stulog.txt 2>&1 on vdhankar #####
##### Output of failed program (stdout + stderr): #####
Traceback (most recent call last):
  File "homework.py", line 546, in <module>
    print(end-start)
NameError: name 'end' is not defined
##### End of output of failed program #####
##### vdhankar plays [E e1 f2] in 5.39517188072205s #####
##### Running: /usr/lib/jvm/jdk-14.0.1/bin/java -jar /lab/itti/projects/checkers-competition/server/referee.jar on run_22_vdhankar_fyuxin #####
Move is valid
##### SUCCESS: /usr/lib/jvm/jdk-14.0.1/bin/java -jar /lab/itti/projects/checkers-competition/server/referee.jar on run_22_vdhankar_fyuxin #####
INPUT for fyuxin:
GAME
BLACK
251.59
.b.b....
b...b...
.b.....w
b...w...
.w......
..w.....
.w...w.w
w.w.....
##### Running: /usr/bin/time -o time_22_vdhankar_fyuxin.txt -f "%U" /usr/lib/jvm/jdk-14.0.1/bin/java homework > stulog.txt 2>&1 on fyuxin #####
##### SUCCESS: /usr/bin/time -o time_22_vdhankar_fyuxin.txt -f "%U" /usr/lib/jvm/jdk-14.0.1/bin/java homework > stulog.txt 2>&1 on fyuxin #####
##### fyuxin plays [E e7 d6] in 3.01s #####
##### Running: /usr/lib/jvm/jdk-14.0.1/bin/java -jar /lab/itti/projects/checkers-competition/server/referee.jar on run_22_vdhankar_fyuxin #####
Move is valid
##### SUCCESS: /usr/lib/jvm/jdk-14.0.1/bin/java -jar /lab/itti/projects/checkers-competition/server/referee.jar on run_22_vdhankar_fyuxin #####
INPUT for vdhankar:
GAME
WHITE
204.908096075058
.b.b....
b.......
.b.b...w
b...w...
.w......
..w.....
.w...w.w
w.w.....
##### Running: /usr/bin/time -o time_22_vdhankar_fyuxin.txt -f "%U" python3 homework.py > stulog.txt 2>&1 on vdhankar #####
child exited with value 1
##### ERROR: /usr/bin/time -o time_22_vdhankar_fyuxin.txt -f "%U" python3 homework.py > stulog.txt 2>&1 on vdhankar #####
##### Output of failed program (stdout + stderr): #####
Traceback (most recent call last):
  File "homework.py", line 546, in <module>
    print(end-start)
NameError: name 'end' is not defined
##### End of output of failed program #####
##### vdhankar plays [J e5 c7] in 0.764837026596069s #####
##### Running: /usr/lib/jvm/jdk-14.0.1/bin/java -jar /lab/itti/projects/checkers-competition/server/referee.jar on run_22_vdhankar_fyuxin #####
Move is valid
##### SUCCESS: /usr/lib/jvm/jdk-14.0.1/bin/java -jar /lab/itti/projects/checkers-competition/server/referee.jar on run_22_vdhankar_fyuxin #####
INPUT for fyuxin:
GAME
BLACK
248.58
.b.b....
b.w.....
.b.....w
b.......
.w......
..w.....
.w...w.w
w.w.....
##### Running: /usr/bin/time -o time_22_vdhankar_fyuxin.txt -f "%U" /usr/lib/jvm/jdk-14.0.1/bin/java homework > stulog.txt 2>&1 on fyuxin #####
##### SUCCESS: /usr/bin/time -o time_22_vdhankar_fyuxin.txt -f "%U" /usr/lib/jvm/jdk-14.0.1/bin/java homework > stulog.txt 2>&1 on fyuxin #####
##### fyuxin plays [J b8 d6] in 2.37s #####
##### Running: /usr/lib/jvm/jdk-14.0.1/bin/java -jar /lab/itti/projects/checkers-competition/server/referee.jar on run_22_vdhankar_fyuxin #####
Move is valid
##### SUCCESS: /usr/lib/jvm/jdk-14.0.1/bin/java -jar /lab/itti/projects/checkers-competition/server/referee.jar on run_22_vdhankar_fyuxin #####
INPUT for vdhankar:
GAME
WHITE
204.143259048462
...b....
b.......
.b.b...w
b.......
.w......
..w.....
.w...w.w
w.w.....
##### Running: /usr/bin/time -o time_22_vdhankar_fyuxin.txt -f "%U" python3 homework.py > stulog.txt 2>&1 on vdhankar #####
child exited with value 1
##### ERROR: /usr/bin/time -o time_22_vdhankar_fyuxin.txt -f "%U" python3 homework.py > stulog.txt 2>&1 on vdhankar #####
##### Output of failed program (stdout + stderr): #####
Traceback (most recent call last):
  File "homework.py", line 546, in <module>
    print(end-start)
NameError: name 'end' is not defined
##### End of output of failed program #####
##### vdhankar plays [E b2 a3] in 3.87788701057434s #####
##### Running: /usr/lib/jvm/jdk-14.0.1/bin/java -jar /lab/itti/projects/checkers-competition/server/referee.jar on run_22_vdhankar_fyuxin #####
Move is valid
##### SUCCESS: /usr/lib/jvm/jdk-14.0.1/bin/java -jar /lab/itti/projects/checkers-competition/server/referee.jar on run_22_vdhankar_fyuxin #####
INPUT for fyuxin:
GAME
BLACK
246.21
...b....
b.......
.b.b...w
b.......
.w......
w.w.....
.....w.w
w.w.....
##### Running: /usr/bin/time -o time_22_vdhankar_fyuxin.txt -f "%U" /usr/lib/jvm/jdk-14.0.1/bin/java homework > stulog.txt 2>&1 on fyuxin #####
##### SUCCESS: /usr/bin/time -o time_22_vdhankar_fyuxin.txt -f "%U" /usr/lib/jvm/jdk-14.0.1/bin/java homework > stulog.txt 2>&1 on fyuxin #####
##### fyuxin plays [E d8 c7] in 2.3s #####
##### Running: /usr/lib/jvm/jdk-14.0.1/bin/java -jar /lab/itti/projects/checkers-competition/server/referee.jar on run_22_vdhankar_fyuxin #####
Move is valid
##### SUCCESS: /usr/lib/jvm/jdk-14.0.1/bin/java -jar /lab/itti/projects/checkers-competition/server/referee.jar on run_22_vdhankar_fyuxin #####
INPUT for vdhankar:
GAME
WHITE
200.265372037888
........
b.b.....
.b.b...w
b.......
.w......
w.w.....
.....w.w
w.w.....
##### Running: /usr/bin/time -o time_22_vdhankar_fyuxin.txt -f "%U" python3 homework.py > stulog.txt 2>&1 on vdhankar #####
child exited with value 1
##### ERROR: /usr/bin/time -o time_22_vdhankar_fyuxin.txt -f "%U" python3 homework.py > stulog.txt 2>&1 on vdhankar #####
##### Output of failed program (stdout + stderr): #####
Traceback (most recent call last):
  File "homework.py", line 546, in <module>
    print(end-start)
NameError: name 'end' is not defined
##### End of output of failed program #####
##### vdhankar plays [E f2 e3] in 3.09052681922913s #####
##### Running: /usr/lib/jvm/jdk-14.0.1/bin/java -jar /lab/itti/projects/checkers-competition/server/referee.jar on run_22_vdhankar_fyuxin #####
Move is valid
##### SUCCESS: /usr/lib/jvm/jdk-14.0.1/bin/java -jar /lab/itti/projects/checkers-competition/server/referee.jar on run_22_vdhankar_fyuxin #####
INPUT for fyuxin:
GAME
BLACK
243.91
........
b.b.....
.b.b...w
b.......
.w......
w.w.w...
.......w
w.w.....
##### Running: /usr/bin/time -o time_22_vdhankar_fyuxin.txt -f "%U" /usr/lib/jvm/jdk-14.0.1/bin/java homework > stulog.txt 2>&1 on fyuxin #####
##### SUCCESS: /usr/bin/time -o time_22_vdhankar_fyuxin.txt -f "%U" /usr/lib/jvm/jdk-14.0.1/bin/java homework > stulog.txt 2>&1 on fyuxin #####
##### fyuxin plays [E d6 e5] in 2.26s #####
##### Running: /usr/lib/jvm/jdk-14.0.1/bin/java -jar /lab/itti/projects/checkers-competition/server/referee.jar on run_22_vdhankar_fyuxin #####
Move is valid
##### SUCCESS: /usr/lib/jvm/jdk-14.0.1/bin/java -jar /lab/itti/projects/checkers-competition/server/referee.jar on run_22_vdhankar_fyuxin #####
INPUT for vdhankar:
GAME
WHITE
197.174845218658
........
b.b.....
.b.....w
b...b...
.w......
w.w.w...
.......w
w.w.....
##### Running: /usr/bin/time -o time_22_vdhankar_fyuxin.txt -f "%U" python3 homework.py > stulog.txt 2>&1 on vdhankar #####
child exited with value 1
##### ERROR: /usr/bin/time -o time_22_vdhankar_fyuxin.txt -f "%U" python3 homework.py > stulog.txt 2>&1 on vdhankar #####
##### Output of failed program (stdout + stderr): #####
Traceback (most recent call last):
  File "homework.py", line 546, in <module>
    print(end-start)
NameError: name 'end' is not defined
##### End of output of failed program #####
##### vdhankar plays [E c1 b2] in 1.51680088043213s #####
##### Running: /usr/lib/jvm/jdk-14.0.1/bin/java -jar /lab/itti/projects/checkers-competition/server/referee.jar on run_22_vdhankar_fyuxin #####
Move is valid
##### SUCCESS: /usr/lib/jvm/jdk-14.0.1/bin/java -jar /lab/itti/projects/checkers-competition/server/referee.jar on run_22_vdhankar_fyuxin #####
INPUT for fyuxin:
GAME
BLACK
241.65
........
b.b.....
.b.....w
b...b...
.w......
w.w.w...
.w.....w
w.......
##### Running: /usr/bin/time -o time_22_vdhankar_fyuxin.txt -f "%U" /usr/lib/jvm/jdk-14.0.1/bin/java homework > stulog.txt 2>&1 on fyuxin #####
##### SUCCESS: /usr/bin/time -o time_22_vdhankar_fyuxin.txt -f "%U" /usr/lib/jvm/jdk-14.0.1/bin/java homework > stulog.txt 2>&1 on fyuxin #####
##### fyuxin plays [E c7 d6] in 1.3s #####
##### Running: /usr/lib/jvm/jdk-14.0.1/bin/java -jar /lab/itti/projects/checkers-competition/server/referee.jar on run_22_vdhankar_fyuxin #####
Move is valid
##### SUCCESS: /usr/lib/jvm/jdk-14.0.1/bin/java -jar /lab/itti/projects/checkers-competition/server/referee.jar on run_22_vdhankar_fyuxin #####
INPUT for vdhankar:
GAME
WHITE
195.658044338226
........
b.......
.b.b...w
b...b...
.w......
w.w.w...
.w.....w
w.......
##### Running: /usr/bin/time -o time_22_vdhankar_fyuxin.txt -f "%U" python3 homework.py > stulog.txt 2>&1 on vdhankar #####
child exited with value 1
##### ERROR: /usr/bin/time -o time_22_vdhankar_fyuxin.txt -f "%U" python3 homework.py > stulog.txt 2>&1 on vdhankar #####
##### Output of failed program (stdout + stderr): #####
Traceback (most recent call last):
  File "homework.py", line 546, in <module>
    print(end-start)
NameError: name 'end' is not defined
##### End of output of failed program #####
##### vdhankar plays [E h2 g3] in 0.657912015914917s #####
##### Running: /usr/lib/jvm/jdk-14.0.1/bin/java -jar /lab/itti/projects/checkers-competition/server/referee.jar on run_22_vdhankar_fyuxin #####
Move is valid
##### SUCCESS: /usr/lib/jvm/jdk-14.0.1/bin/java -jar /lab/itti/projects/checkers-competition/server/referee.jar on run_22_vdhankar_fyuxin #####
INPUT for fyuxin:
GAME
BLACK
240.35
........
b.......
.b.b...w
b...b...
.w......
w.w.w.w.
.w......
w.......
##### Running: /usr/bin/time -o time_22_vdhankar_fyuxin.txt -f "%U" /usr/lib/jvm/jdk-14.0.1/bin/java homework > stulog.txt 2>&1 on fyuxin #####
##### SUCCESS: /usr/bin/time -o time_22_vdhankar_fyuxin.txt -f "%U" /usr/lib/jvm/jdk-14.0.1/bin/java homework > stulog.txt 2>&1 on fyuxin #####
##### fyuxin plays [E e5 d4] in 0.81s #####
##### Running: /usr/lib/jvm/jdk-14.0.1/bin/java -jar /lab/itti/projects/checkers-competition/server/referee.jar on run_22_vdhankar_fyuxin #####
Move is valid
##### SUCCESS: /usr/lib/jvm/jdk-14.0.1/bin/java -jar /lab/itti/projects/checkers-competition/server/referee.jar on run_22_vdhankar_fyuxin #####
INPUT for vdhankar:
GAME
WHITE
195.000132322311
........
b.......
.b.b...w
b.......
.w.b....
w.w.w.w.
.w......
w.......
##### Running: /usr/bin/time -o time_22_vdhankar_fyuxin.txt -f "%U" python3 homework.py > stulog.txt 2>&1 on vdhankar #####
child exited with value 1
##### ERROR: /usr/bin/time -o time_22_vdhankar_fyuxin.txt -f "%U" python3 homework.py > stulog.txt 2>&1 on vdhankar #####
##### Output of failed program (stdout + stderr): #####
Traceback (most recent call last):
  File "homework.py", line 546, in <module>
    print(end-start)
NameError: name 'end' is not defined
##### End of output of failed program #####
##### vdhankar plays [J e3 c5 ; J c5 e7] in 0.45093297958374s #####
##### Running: /usr/lib/jvm/jdk-14.0.1/bin/java -jar /lab/itti/projects/checkers-competition/server/referee.jar on run_22_vdhankar_fyuxin #####
Move is valid
##### SUCCESS: /usr/lib/jvm/jdk-14.0.1/bin/java -jar /lab/itti/projects/checkers-competition/server/referee.jar on run_22_vdhankar_fyuxin #####
INPUT for fyuxin:
GAME
BLACK
239.54
........
b...w...
.b.....w
b.......
.w......
w.w...w.
.w......
w.......
##### Running: /usr/bin/time -o time_22_vdhankar_fyuxin.txt -f "%U" /usr/lib/jvm/jdk-14.0.1/bin/java homework > stulog.txt 2>&1 on fyuxin #####
##### SUCCESS: /usr/bin/time -o time_22_vdhankar_fyuxin.txt -f "%U" /usr/lib/jvm/jdk-14.0.1/bin/java homework > stulog.txt 2>&1 on fyuxin #####
##### fyuxin plays [E b6 c5] in 0.21s #####
##### Running: /usr/lib/jvm/jdk-14.0.1/bin/java -jar /lab/itti/projects/checkers-competition/server/referee.jar on run_22_vdhankar_fyuxin #####
Move is valid
##### SUCCESS: /usr/lib/jvm/jdk-14.0.1/bin/java -jar /lab/itti/projects/checkers-competition/server/referee.jar on run_22_vdhankar_fyuxin #####
INPUT for vdhankar:
GAME
WHITE
194.549199342728
........
b...w...
.......w
b.b.....
.w......
w.w...w.
.w......
w.......
##### Running: /usr/bin/time -o time_22_vdhankar_fyuxin.txt -f "%U" python3 homework.py > stulog.txt 2>&1 on vdhankar #####
child exited with value 1
##### ERROR: /usr/bin/time -o time_22_vdhankar_fyuxin.txt -f "%U" python3 homework.py > stulog.txt 2>&1 on vdhankar #####
##### Output of failed program (stdout + stderr): #####
Traceback (most recent call last):
  File "homework.py", line 546, in <module>
    print(end-start)
NameError: name 'end' is not defined
##### End of output of failed program #####
##### vdhankar plays [J b4 d6] in 0.336365938186646s #####
##### Running: /usr/lib/jvm/jdk-14.0.1/bin/java -jar /lab/itti/projects/checkers-competition/server/referee.jar on run_22_vdhankar_fyuxin #####
Move is valid
##### SUCCESS: /usr/lib/jvm/jdk-14.0.1/bin/java -jar /lab/itti/projects/checkers-competition/server/referee.jar on run_22_vdhankar_fyuxin #####
INPUT for fyuxin:
GAME
BLACK
239.33
........
b...w...
...w...w
b.......
........
w.w...w.
.w......
w.......
##### Running: /usr/bin/time -o time_22_vdhankar_fyuxin.txt -f "%U" /usr/lib/jvm/jdk-14.0.1/bin/java homework > stulog.txt 2>&1 on fyuxin #####
##### SUCCESS: /usr/bin/time -o time_22_vdhankar_fyuxin.txt -f "%U" /usr/lib/jvm/jdk-14.0.1/bin/java homework > stulog.txt 2>&1 on fyuxin #####
##### fyuxin plays [E a5 b4] in 0.26s #####
##### Running: /usr/lib/jvm/jdk-14.0.1/bin/java -jar /lab/itti/projects/checkers-competition/server/referee.jar on run_22_vdhankar_fyuxin #####
Move is valid
##### SUCCESS: /usr/lib/jvm/jdk-14.0.1/bin/java -jar /lab/itti/projects/checkers-competition/server/referee.jar on run_22_vdhankar_fyuxin #####
INPUT for vdhankar:
GAME
WHITE
194.212833404541
........
b...w...
...w...w
........
.b......
w.w...w.
.w......
w.......
##### Running: /usr/bin/time -o time_22_vdhankar_fyuxin.txt -f "%U" python3 homework.py > stulog.txt 2>&1 on vdhankar #####
child exited with value 1
##### ERROR: /usr/bin/time -o time_22_vdhankar_fyuxin.txt -f "%U" python3 homework.py > stulog.txt 2>&1 on vdhankar #####
##### Output of failed program (stdout + stderr): #####
Traceback (most recent call last):
  File "homework.py", line 546, in <module>
    print(end-start)
NameError: name 'end' is not defined
##### End of output of failed program #####
##### vdhankar plays [J a3 c5] in 0.317633867263794s #####
##### Running: /usr/lib/jvm/jdk-14.0.1/bin/java -jar /lab/itti/projects/checkers-competition/server/referee.jar on run_22_vdhankar_fyuxin #####
Move is valid
##### SUCCESS: /usr/lib/jvm/jdk-14.0.1/bin/java -jar /lab/itti/projects/checkers-competition/server/referee.jar on run_22_vdhankar_fyuxin #####
INPUT for fyuxin:
GAME
BLACK
239.07
........
b...w...
...w...w
..w.....
........
..w...w.
.w......
w.......
##### Running: /usr/bin/time -o time_22_vdhankar_fyuxin.txt -f "%U" /usr/lib/jvm/jdk-14.0.1/bin/java homework > stulog.txt 2>&1 on fyuxin #####
##### SUCCESS: /usr/bin/time -o time_22_vdhankar_fyuxin.txt -f "%U" /usr/lib/jvm/jdk-14.0.1/bin/java homework > stulog.txt 2>&1 on fyuxin #####
##### fyuxin plays [E a7 b6] in 0.17s #####
##### Running: /usr/lib/jvm/jdk-14.0.1/bin/java -jar /lab/itti/projects/checkers-competition/server/referee.jar on run_22_vdhankar_fyuxin #####
Move is valid
##### SUCCESS: /usr/lib/jvm/jdk-14.0.1/bin/java -jar /lab/itti/projects/checkers-competition/server/referee.jar on run_22_vdhankar_fyuxin #####
INPUT for vdhankar:
GAME
WHITE
193.895199537277
........
....w...
.b.w...w
..w.....
........
..w...w.
.w......
w.......
##### Running: /usr/bin/time -o time_22_vdhankar_fyuxin.txt -f "%U" python3 homework.py > stulog.txt 2>&1 on vdhankar #####
child exited with value 1
##### ERROR: /usr/bin/time -o time_22_vdhankar_fyuxin.txt -f "%U" python3 homework.py > stulog.txt 2>&1 on vdhankar #####
##### Output of failed program (stdout + stderr): #####
Traceback (most recent call last):
  File "homework.py", line 546, in <module>
    print(end-start)
NameError: name 'end' is not defined
##### End of output of failed program #####
##### vdhankar plays [J c5 a7] in 0.332343101501465s #####
##### Running: /usr/lib/jvm/jdk-14.0.1/bin/java -jar /lab/itti/projects/checkers-competition/server/referee.jar on run_22_vdhankar_fyuxin #####
Move is valid
After this move, player BLACK cannot make any moves
*** Winner: WHITE ***
##### SUCCESS: /usr/lib/jvm/jdk-14.0.1/bin/java -jar /lab/itti/projects/checkers-competition/server/referee.jar on run_22_vdhankar_fyuxin #####
##### GAME OVER: vdhankar wins the game! #####
Server said: WIN
########## ROUND 22 GAMESCORE AFTER GAME 1: vdhankar=1 and fyuxin=0 ##########
#################### ROUND 22: vdhankar (B) vs fyuxin (W): game 2 ####################
##### game start! #####
INPUT for vdhankar:
GAME
BLACK
300
.b.b.b.b
b.b.b.b.
.b.b.b.b
........
........
w.w.w.w.
.w.w.w.w
w.w.w.w.
##### Running: /usr/bin/time -o time_22_vdhankar_fyuxin.txt -f "%U" python3 homework.py > stulog.txt 2>&1 on vdhankar #####
child exited with value 1
##### ERROR: /usr/bin/time -o time_22_vdhankar_fyuxin.txt -f "%U" python3 homework.py > stulog.txt 2>&1 on vdhankar #####
##### Output of failed program (stdout + stderr): #####
Traceback (most recent call last):
  File "homework.py", line 546, in <module>
    print(end-start)
NameError: name 'end' is not defined
##### End of output of failed program #####
##### vdhankar plays [E h6 g5] in 9.63316798210144s #####
##### Running: /usr/lib/jvm/jdk-14.0.1/bin/java -jar /lab/itti/projects/checkers-competition/server/referee.jar on run_22_vdhankar_fyuxin #####
Move is valid
Couldn't read file 'current_ply.txt'
Couldn't read content from file 'current_ply.txt'
Couldn't read file 'lastmatchange_ply.txt'
Couldn't read content from file 'lastmatchange_ply.txt'
##### SUCCESS: /usr/lib/jvm/jdk-14.0.1/bin/java -jar /lab/itti/projects/checkers-competition/server/referee.jar on run_22_vdhankar_fyuxin #####
INPUT for fyuxin:
GAME
WHITE
300
.b.b.b.b
b.b.b.b.
.b.b.b..
......b.
........
w.w.w.w.
.w.w.w.w
w.w.w.w.
##### Running: /usr/bin/time -o time_22_vdhankar_fyuxin.txt -f "%U" /usr/lib/jvm/jdk-14.0.1/bin/java homework > stulog.txt 2>&1 on fyuxin #####
##### SUCCESS: /usr/bin/time -o time_22_vdhankar_fyuxin.txt -f "%U" /usr/lib/jvm/jdk-14.0.1/bin/java homework > stulog.txt 2>&1 on fyuxin #####
##### fyuxin plays [E g3 h4] in 9.15s #####
##### Running: /usr/lib/jvm/jdk-14.0.1/bin/java -jar /lab/itti/projects/checkers-competition/server/referee.jar on run_22_vdhankar_fyuxin #####
Move is valid
##### SUCCESS: /usr/lib/jvm/jdk-14.0.1/bin/java -jar /lab/itti/projects/checkers-competition/server/referee.jar on run_22_vdhankar_fyuxin #####
INPUT for vdhankar:
GAME
BLACK
290.366832017899
.b.b.b.b
b.b.b.b.
.b.b.b..
......b.
.......w
w.w.w...
.w.w.w.w
w.w.w.w.
##### Running: /usr/bin/time -o time_22_vdhankar_fyuxin.txt -f "%U" python3 homework.py > stulog.txt 2>&1 on vdhankar #####
child exited with value 1
##### ERROR: /usr/bin/time -o time_22_vdhankar_fyuxin.txt -f "%U" python3 homework.py > stulog.txt 2>&1 on vdhankar #####
##### Output of failed program (stdout + stderr): #####
Traceback (most recent call last):
  File "homework.py", line 546, in <module>
    print(end-start)
NameError: name 'end' is not defined
##### End of output of failed program #####
##### vdhankar plays [E f6 e5] in 10.4411790370941s #####
##### Running: /usr/lib/jvm/jdk-14.0.1/bin/java -jar /lab/itti/projects/checkers-competition/server/referee.jar on run_22_vdhankar_fyuxin #####
Move is valid
##### SUCCESS: /usr/lib/jvm/jdk-14.0.1/bin/java -jar /lab/itti/projects/checkers-competition/server/referee.jar on run_22_vdhankar_fyuxin #####
INPUT for fyuxin:
GAME
WHITE
290.85
.b.b.b.b
b.b.b.b.
.b.b....
....b.b.
.......w
w.w.w...
.w.w.w.w
w.w.w.w.
##### Running: /usr/bin/time -o time_22_vdhankar_fyuxin.txt -f "%U" /usr/lib/jvm/jdk-14.0.1/bin/java homework > stulog.txt 2>&1 on fyuxin #####
##### SUCCESS: /usr/bin/time -o time_22_vdhankar_fyuxin.txt -f "%U" /usr/lib/jvm/jdk-14.0.1/bin/java homework > stulog.txt 2>&1 on fyuxin #####
##### fyuxin plays [J h4 f6] in 2.77s #####
##### Running: /usr/lib/jvm/jdk-14.0.1/bin/java -jar /lab/itti/projects/checkers-competition/server/referee.jar on run_22_vdhankar_fyuxin #####
Move is valid
##### SUCCESS: /usr/lib/jvm/jdk-14.0.1/bin/java -jar /lab/itti/projects/checkers-competition/server/referee.jar on run_22_vdhankar_fyuxin #####
INPUT for vdhankar:
GAME
BLACK
279.925652980804
.b.b.b.b
b.b.b.b.
.b.b.w..
....b...
........
w.w.w...
.w.w.w.w
w.w.w.w.
##### Running: /usr/bin/time -o time_22_vdhankar_fyuxin.txt -f "%U" python3 homework.py > stulog.txt 2>&1 on vdhankar #####
child exited with value 1
##### ERROR: /usr/bin/time -o time_22_vdhankar_fyuxin.txt -f "%U" python3 homework.py > stulog.txt 2>&1 on vdhankar #####
##### Output of failed program (stdout + stderr): #####
Traceback (most recent call last):
  File "homework.py", line 546, in <module>
    print(end-start)
NameError: name 'end' is not defined
##### End of output of failed program #####
##### vdhankar plays [J e7 g5] in 7.43381786346436s #####
##### Running: /usr/lib/jvm/jdk-14.0.1/bin/java -jar /lab/itti/projects/checkers-competition/server/referee.jar on run_22_vdhankar_fyuxin #####
Move is valid
##### SUCCESS: /usr/lib/jvm/jdk-14.0.1/bin/java -jar /lab/itti/projects/checkers-competition/server/referee.jar on run_22_vdhankar_fyuxin #####
INPUT for fyuxin:
GAME
WHITE
288.08
.b.b.b.b
b.b...b.
.b.b....
....b.b.
........
w.w.w...
.w.w.w.w
w.w.w.w.
##### Running: /usr/bin/time -o time_22_vdhankar_fyuxin.txt -f "%U" /usr/lib/jvm/jdk-14.0.1/bin/java homework > stulog.txt 2>&1 on fyuxin #####
##### SUCCESS: /usr/bin/time -o time_22_vdhankar_fyuxin.txt -f "%U" /usr/lib/jvm/jdk-14.0.1/bin/java homework > stulog.txt 2>&1 on fyuxin #####
##### fyuxin plays [E e3 f4] in 9.5s #####
##### Running: /usr/lib/jvm/jdk-14.0.1/bin/java -jar /lab/itti/projects/checkers-competition/server/referee.jar on run_22_vdhankar_fyuxin #####
Move is valid
##### SUCCESS: /usr/lib/jvm/jdk-14.0.1/bin/java -jar /lab/itti/projects/checkers-competition/server/referee.jar on run_22_vdhankar_fyuxin #####
INPUT for vdhankar:
GAME
BLACK
272.49183511734
.b.b.b.b
b.b...b.
.b.b....
....b.b.
.....w..
w.w.....
.w.w.w.w
w.w.w.w.
##### Running: /usr/bin/time -o time_22_vdhankar_fyuxin.txt -f "%U" python3 homework.py > stulog.txt 2>&1 on vdhankar #####
child exited with value 1
##### ERROR: /usr/bin/time -o time_22_vdhankar_fyuxin.txt -f "%U" python3 homework.py > stulog.txt 2>&1 on vdhankar #####
##### Output of failed program (stdout + stderr): #####
Traceback (most recent call last):
  File "homework.py", line 546, in <module>
    print(end-start)
NameError: name 'end' is not defined
##### End of output of failed program #####
##### vdhankar plays [J g5 e3] in 3.04683017730713s #####
##### Running: /usr/lib/jvm/jdk-14.0.1/bin/java -jar /lab/itti/projects/checkers-competition/server/referee.jar on run_22_vdhankar_fyuxin #####
Move is valid
##### SUCCESS: /usr/lib/jvm/jdk-14.0.1/bin/java -jar /lab/itti/projects/checkers-competition/server/referee.jar on run_22_vdhankar_fyuxin #####
INPUT for fyuxin:
GAME
WHITE
278.58
.b.b.b.b
b.b...b.
.b.b....
....b...
........
w.w.b...
.w.w.w.w
w.w.w.w.
##### Running: /usr/bin/time -o time_22_vdhankar_fyuxin.txt -f "%U" /usr/lib/jvm/jdk-14.0.1/bin/java homework > stulog.txt 2>&1 on fyuxin #####
##### SUCCESS: /usr/bin/time -o time_22_vdhankar_fyuxin.txt -f "%U" /usr/lib/jvm/jdk-14.0.1/bin/java homework > stulog.txt 2>&1 on fyuxin #####
##### fyuxin plays [J f2 d4 ; J d4 f6] in 2.79s #####
##### Running: /usr/lib/jvm/jdk-14.0.1/bin/java -jar /lab/itti/projects/checkers-competition/server/referee.jar on run_22_vdhankar_fyuxin #####
Move is valid
##### SUCCESS: /usr/lib/jvm/jdk-14.0.1/bin/java -jar /lab/itti/projects/checkers-competition/server/referee.jar on run_22_vdhankar_fyuxin #####
INPUT for vdhankar:
GAME
BLACK
269.445004940033
.b.b.b.b
b.b...b.
.b.b.w..
........
........
w.w.....
.w.w...w
w.w.w.w.
##### Running: /usr/bin/time -o time_22_vdhankar_fyuxin.txt -f "%U" python3 homework.py > stulog.txt 2>&1 on vdhankar #####
child exited with value 1
##### ERROR: /usr/bin/time -o time_22_vdhankar_fyuxin.txt -f "%U" python3 homework.py > stulog.txt 2>&1 on vdhankar #####
##### Output of failed program (stdout + stderr): #####
Traceback (most recent call last):
  File "homework.py", line 546, in <module>
    print(end-start)
NameError: name 'end' is not defined
##### End of output of failed program #####
##### vdhankar plays [J g7 e5] in 9.79647994041443s #####
##### Running: /usr/lib/jvm/jdk-14.0.1/bin/java -jar /lab/itti/projects/checkers-competition/server/referee.jar on run_22_vdhankar_fyuxin #####
Move is valid
##### SUCCESS: /usr/lib/jvm/jdk-14.0.1/bin/java -jar /lab/itti/projects/checkers-competition/server/referee.jar on run_22_vdhankar_fyuxin #####
INPUT for fyuxin:
GAME
WHITE
275.79
.b.b.b.b
b.b.....
.b.b....
....b...
........
w.w.....
.w.w...w
w.w.w.w.
##### Running: /usr/bin/time -o time_22_vdhankar_fyuxin.txt -f "%U" /usr/lib/jvm/jdk-14.0.1/bin/java homework > stulog.txt 2>&1 on fyuxin #####
##### SUCCESS: /usr/bin/time -o time_22_vdhankar_fyuxin.txt -f "%U" /usr/lib/jvm/jdk-14.0.1/bin/java homework > stulog.txt 2>&1 on fyuxin #####
##### fyuxin plays [E c3 b4] in 8.72s #####
##### Running: /usr/lib/jvm/jdk-14.0.1/bin/java -jar /lab/itti/projects/checkers-competition/server/referee.jar on run_22_vdhankar_fyuxin #####
Move is valid
##### SUCCESS: /usr/lib/jvm/jdk-14.0.1/bin/java -jar /lab/itti/projects/checkers-competition/server/referee.jar on run_22_vdhankar_fyuxin #####
INPUT for vdhankar:
GAME
BLACK
259.648524999619
.b.b.b.b
b.b.....
.b.b....
....b...
.w......
w.......
.w.w...w
w.w.w.w.
##### Running: /usr/bin/time -o time_22_vdhankar_fyuxin.txt -f "%U" python3 homework.py > stulog.txt 2>&1 on vdhankar #####
child exited with value 1
##### ERROR: /usr/bin/time -o time_22_vdhankar_fyuxin.txt -f "%U" python3 homework.py > stulog.txt 2>&1 on vdhankar #####
##### Output of failed program (stdout + stderr): #####
Traceback (most recent call last):
  File "homework.py", line 546, in <module>
    print(end-start)
NameError: name 'end' is not defined
##### End of output of failed program #####
##### vdhankar plays [E b6 c5] in 25.0119028091431s #####
##### Running: /usr/lib/jvm/jdk-14.0.1/bin/java -jar /lab/itti/projects/checkers-competition/server/referee.jar on run_22_vdhankar_fyuxin #####
Move is valid
##### SUCCESS: /usr/lib/jvm/jdk-14.0.1/bin/java -jar /lab/itti/projects/checkers-competition/server/referee.jar on run_22_vdhankar_fyuxin #####
INPUT for fyuxin:
GAME
WHITE
267.07
.b.b.b.b
b.b.....
...b....
..b.b...
.w......
w.......
.w.w...w
w.w.w.w.
##### Running: /usr/bin/time -o time_22_vdhankar_fyuxin.txt -f "%U" /usr/lib/jvm/jdk-14.0.1/bin/java homework > stulog.txt 2>&1 on fyuxin #####
##### SUCCESS: /usr/bin/time -o time_22_vdhankar_fyuxin.txt -f "%U" /usr/lib/jvm/jdk-14.0.1/bin/java homework > stulog.txt 2>&1 on fyuxin #####
##### fyuxin plays [E d2 e3] in 7.31s #####
##### Running: /usr/lib/jvm/jdk-14.0.1/bin/java -jar /lab/itti/projects/checkers-competition/server/referee.jar on run_22_vdhankar_fyuxin #####
Move is valid
##### SUCCESS: /usr/lib/jvm/jdk-14.0.1/bin/java -jar /lab/itti/projects/checkers-competition/server/referee.jar on run_22_vdhankar_fyuxin #####
INPUT for vdhankar:
GAME
BLACK
234.636622190475
.b.b.b.b
b.b.....
...b....
..b.b...
.w......
w...w...
.w.....w
w.w.w.w.
##### Running: /usr/bin/time -o time_22_vdhankar_fyuxin.txt -f "%U" python3 homework.py > stulog.txt 2>&1 on vdhankar #####
child exited with value 1
##### ERROR: /usr/bin/time -o time_22_vdhankar_fyuxin.txt -f "%U" python3 homework.py > stulog.txt 2>&1 on vdhankar #####
##### Output of failed program (stdout + stderr): #####
Traceback (most recent call last):
  File "homework.py", line 546, in <module>
    print(end-start)
NameError: name 'end' is not defined
##### End of output of failed program #####
##### vdhankar plays [E h8 g7] in 16.2659530639648s #####
##### Running: /usr/lib/jvm/jdk-14.0.1/bin/java -jar /lab/itti/projects/checkers-competition/server/referee.jar on run_22_vdhankar_fyuxin #####
Move is valid
##### SUCCESS: /usr/lib/jvm/jdk-14.0.1/bin/java -jar /lab/itti/projects/checkers-competition/server/referee.jar on run_22_vdhankar_fyuxin #####
INPUT for fyuxin:
GAME
WHITE
259.76
.b.b.b..
b.b...b.
...b....
..b.b...
.w......
w...w...
.w.....w
w.w.w.w.
##### Running: /usr/bin/time -o time_22_vdhankar_fyuxin.txt -f "%U" /usr/lib/jvm/jdk-14.0.1/bin/java homework > stulog.txt 2>&1 on fyuxin #####
##### SUCCESS: /usr/bin/time -o time_22_vdhankar_fyuxin.txt -f "%U" /usr/lib/jvm/jdk-14.0.1/bin/java homework > stulog.txt 2>&1 on fyuxin #####
##### fyuxin plays [E e1 f2] in 6.29s #####
##### Running: /usr/lib/jvm/jdk-14.0.1/bin/java -jar /lab/itti/projects/checkers-competition/server/referee.jar on run_22_vdhankar_fyuxin #####
Move is valid
##### SUCCESS: /usr/lib/jvm/jdk-14.0.1/bin/java -jar /lab/itti/projects/checkers-competition/server/referee.jar on run_22_vdhankar_fyuxin #####
INPUT for vdhankar:
GAME
BLACK
218.370669126511
.b.b.b..
b.b...b.
...b....
..b.b...
.w......
w...w...
.w...w.w
w.w...w.
##### Running: /usr/bin/time -o time_22_vdhankar_fyuxin.txt -f "%U" python3 homework.py > stulog.txt 2>&1 on vdhankar #####
child exited with value 1
##### ERROR: /usr/bin/time -o time_22_vdhankar_fyuxin.txt -f "%U" python3 homework.py > stulog.txt 2>&1 on vdhankar #####
##### Output of failed program (stdout + stderr): #####
Traceback (most recent call last):
  File "homework.py", line 546, in <module>
    print(end-start)
NameError: name 'end' is not defined
##### End of output of failed program #####
##### vdhankar plays [E e5 d4] in 10.0083100795746s #####
##### Running: /usr/lib/jvm/jdk-14.0.1/bin/java -jar /lab/itti/projects/checkers-competition/server/referee.jar on run_22_vdhankar_fyuxin #####
Move is valid
##### SUCCESS: /usr/lib/jvm/jdk-14.0.1/bin/java -jar /lab/itti/projects/checkers-competition/server/referee.jar on run_22_vdhankar_fyuxin #####
INPUT for fyuxin:
GAME
WHITE
253.47
.b.b.b..
b.b...b.
...b....
..b.....
.w.b....
w...w...
.w...w.w
w.w...w.
##### Running: /usr/bin/time -o time_22_vdhankar_fyuxin.txt -f "%U" /usr/lib/jvm/jdk-14.0.1/bin/java homework > stulog.txt 2>&1 on fyuxin #####
##### SUCCESS: /usr/bin/time -o time_22_vdhankar_fyuxin.txt -f "%U" /usr/lib/jvm/jdk-14.0.1/bin/java homework > stulog.txt 2>&1 on fyuxin #####
##### fyuxin plays [E h2 g3] in 3.48s #####
##### Running: /usr/lib/jvm/jdk-14.0.1/bin/java -jar /lab/itti/projects/checkers-competition/server/referee.jar on run_22_vdhankar_fyuxin #####
Move is valid
##### SUCCESS: /usr/lib/jvm/jdk-14.0.1/bin/java -jar /lab/itti/projects/checkers-competition/server/referee.jar on run_22_vdhankar_fyuxin #####
INPUT for vdhankar:
GAME
BLACK
208.362359046936
.b.b.b..
b.b...b.
...b....
..b.....
.w.b....
w...w.w.
.w...w..
w.w...w.
##### Running: /usr/bin/time -o time_22_vdhankar_fyuxin.txt -f "%U" python3 homework.py > stulog.txt 2>&1 on vdhankar #####
child exited with value 1
##### ERROR: /usr/bin/time -o time_22_vdhankar_fyuxin.txt -f "%U" python3 homework.py > stulog.txt 2>&1 on vdhankar #####
##### Output of failed program (stdout + stderr): #####
Traceback (most recent call last):
  File "homework.py", line 546, in <module>
    print(end-start)
NameError: name 'end' is not defined
##### End of output of failed program #####
##### vdhankar plays [E g7 f6] in 5.18295288085938s #####
##### Running: /usr/lib/jvm/jdk-14.0.1/bin/java -jar /lab/itti/projects/checkers-competition/server/referee.jar on run_22_vdhankar_fyuxin #####
Move is valid
##### SUCCESS: /usr/lib/jvm/jdk-14.0.1/bin/java -jar /lab/itti/projects/checkers-competition/server/referee.jar on run_22_vdhankar_fyuxin #####
INPUT for fyuxin:
GAME
WHITE
249.99
.b.b.b..
b.b.....
...b.b..
..b.....
.w.b....
w...w.w.
.w...w..
w.w...w.
##### Running: /usr/bin/time -o time_22_vdhankar_fyuxin.txt -f "%U" /usr/lib/jvm/jdk-14.0.1/bin/java homework > stulog.txt 2>&1 on fyuxin #####
##### SUCCESS: /usr/bin/time -o time_22_vdhankar_fyuxin.txt -f "%U" /usr/lib/jvm/jdk-14.0.1/bin/java homework > stulog.txt 2>&1 on fyuxin #####
##### fyuxin plays [E c1 d2] in 2.81s #####
##### Running: /usr/lib/jvm/jdk-14.0.1/bin/java -jar /lab/itti/projects/checkers-competition/server/referee.jar on run_22_vdhankar_fyuxin #####
Move is valid
##### SUCCESS: /usr/lib/jvm/jdk-14.0.1/bin/java -jar /lab/itti/projects/checkers-competition/server/referee.jar on run_22_vdhankar_fyuxin #####
INPUT for vdhankar:
GAME
BLACK
203.179406166077
.b.b.b..
b.b.....
...b.b..
..b.....
.w.b....
w...w.w.
.w.w.w..
w.....w.
##### Running: /usr/bin/time -o time_22_vdhankar_fyuxin.txt -f "%U" python3 homework.py > stulog.txt 2>&1 on vdhankar #####
child exited with value 1
##### ERROR: /usr/bin/time -o time_22_vdhankar_fyuxin.txt -f "%U" python3 homework.py > stulog.txt 2>&1 on vdhankar #####
##### Output of failed program (stdout + stderr): #####
Traceback (most recent call last):
  File "homework.py", line 546, in <module>
    print(end-start)
NameError: name 'end' is not defined
##### End of output of failed program #####
##### vdhankar plays [E d4 c3] in 6.9799120426178s #####
##### Running: /usr/lib/jvm/jdk-14.0.1/bin/java -jar /lab/itti/projects/checkers-competition/server/referee.jar on run_22_vdhankar_fyuxin #####
Move is valid
##### SUCCESS: /usr/lib/jvm/jdk-14.0.1/bin/java -jar /lab/itti/projects/checkers-competition/server/referee.jar on run_22_vdhankar_fyuxin #####
INPUT for fyuxin:
GAME
WHITE
247.18
.b.b.b..
b.b.....
...b.b..
..b.....
.w......
w.b.w.w.
.w.w.w..
w.....w.
##### Running: /usr/bin/time -o time_22_vdhankar_fyuxin.txt -f "%U" /usr/lib/jvm/jdk-14.0.1/bin/java homework > stulog.txt 2>&1 on fyuxin #####
##### SUCCESS: /usr/bin/time -o time_22_vdhankar_fyuxin.txt -f "%U" /usr/lib/jvm/jdk-14.0.1/bin/java homework > stulog.txt 2>&1 on fyuxin #####
##### fyuxin plays [J b2 d4 ; J d4 b6] in 4.04s #####
##### Running: /usr/lib/jvm/jdk-14.0.1/bin/java -jar /lab/itti/projects/checkers-competition/server/referee.jar on run_22_vdhankar_fyuxin #####
Move is valid
##### SUCCESS: /usr/lib/jvm/jdk-14.0.1/bin/java -jar /lab/itti/projects/checkers-competition/server/referee.jar on run_22_vdhankar_fyuxin #####
INPUT for vdhankar:
GAME
BLACK
196.199494123459
.b.b.b..
b.b.....
.w.b.b..
........
.w......
w...w.w.
...w.w..
w.....w.
##### Running: /usr/bin/time -o time_22_vdhankar_fyuxin.txt -f "%U" python3 homework.py > stulog.txt 2>&1 on vdhankar #####
child exited with value 1
##### ERROR: /usr/bin/time -o time_22_vdhankar_fyuxin.txt -f "%U" python3 homework.py > stulog.txt 2>&1 on vdhankar #####
##### Output of failed program (stdout + stderr): #####
Traceback (most recent call last):
  File "homework.py", line 546, in <module>
    print(end-start)
NameError: name 'end' is not defined
##### End of output of failed program #####
##### vdhankar plays [J c7 a5 ; J a5 c3 ; J c3 e1] in 18.3949439525604s #####
##### Running: /usr/lib/jvm/jdk-14.0.1/bin/java -jar /lab/itti/projects/checkers-competition/server/referee.jar on run_22_vdhankar_fyuxin #####
Move is valid
##### SUCCESS: /usr/lib/jvm/jdk-14.0.1/bin/java -jar /lab/itti/projects/checkers-competition/server/referee.jar on run_22_vdhankar_fyuxin #####
INPUT for fyuxin:
GAME
WHITE
243.14
.b.b.b..
b.......
...b.b..
........
........
w...w.w.
.....w..
w...B.w.
##### Running: /usr/bin/time -o time_22_vdhankar_fyuxin.txt -f "%U" /usr/lib/jvm/jdk-14.0.1/bin/java homework > stulog.txt 2>&1 on fyuxin #####
##### SUCCESS: /usr/bin/time -o time_22_vdhankar_fyuxin.txt -f "%U" /usr/lib/jvm/jdk-14.0.1/bin/java homework > stulog.txt 2>&1 on fyuxin #####
##### fyuxin plays [E g1 h2] in 7.98s #####
##### Running: /usr/lib/jvm/jdk-14.0.1/bin/java -jar /lab/itti/projects/checkers-competition/server/referee.jar on run_22_vdhankar_fyuxin #####
Move is valid
##### SUCCESS: /usr/lib/jvm/jdk-14.0.1/bin/java -jar /lab/itti/projects/checkers-competition/server/referee.jar on run_22_vdhankar_fyuxin #####
INPUT for vdhankar:
GAME
BLACK
177.804550170898
.b.b.b..
b.......
...b.b..
........
........
w...w.w.
.....w.w
w...B...
##### Running: /usr/bin/time -o time_22_vdhankar_fyuxin.txt -f "%U" python3 homework.py > stulog.txt 2>&1 on vdhankar #####
child exited with value 1
##### ERROR: /usr/bin/time -o time_22_vdhankar_fyuxin.txt -f "%U" python3 homework.py > stulog.txt 2>&1 on vdhankar #####
##### Output of failed program (stdout + stderr): #####
Traceback (most recent call last):
  File "homework.py", line 546, in <module>
    print(end-start)
NameError: name 'end' is not defined
##### End of output of failed program #####
##### vdhankar plays [E f6 e5] in 17.6172981262207s #####
##### Running: /usr/lib/jvm/jdk-14.0.1/bin/java -jar /lab/itti/projects/checkers-competition/server/referee.jar on run_22_vdhankar_fyuxin #####
Move is valid
##### SUCCESS: /usr/lib/jvm/jdk-14.0.1/bin/java -jar /lab/itti/projects/checkers-competition/server/referee.jar on run_22_vdhankar_fyuxin #####
INPUT for fyuxin:
GAME
WHITE
235.16
.b.b.b..
b.......
...b....
....b...
........
w...w.w.
.....w.w
w...B...
##### Running: /usr/bin/time -o time_22_vdhankar_fyuxin.txt -f "%U" /usr/lib/jvm/jdk-14.0.1/bin/java homework > stulog.txt 2>&1 on fyuxin #####
##### SUCCESS: /usr/bin/time -o time_22_vdhankar_fyuxin.txt -f "%U" /usr/lib/jvm/jdk-14.0.1/bin/java homework > stulog.txt 2>&1 on fyuxin #####
##### fyuxin plays [E a3 b4] in 5.36s #####
##### Running: /usr/lib/jvm/jdk-14.0.1/bin/java -jar /lab/itti/projects/checkers-competition/server/referee.jar on run_22_vdhankar_fyuxin #####
Move is valid
##### SUCCESS: /usr/lib/jvm/jdk-14.0.1/bin/java -jar /lab/itti/projects/checkers-competition/server/referee.jar on run_22_vdhankar_fyuxin #####
INPUT for vdhankar:
GAME
BLACK
160.187252044678
.b.b.b..
b.......
...b....
....b...
.w......
....w.w.
.....w.w
w...B...
##### Running: /usr/bin/time -o time_22_vdhankar_fyuxin.txt -f "%U" python3 homework.py > stulog.txt 2>&1 on vdhankar #####
child exited with value 1
##### ERROR: /usr/bin/time -o time_22_vdhankar_fyuxin.txt -f "%U" python3 homework.py > stulog.txt 2>&1 on vdhankar #####
##### Output of failed program (stdout + stderr): #####
Traceback (most recent call last):
  File "homework.py", line 546, in <module>
    print(end-start)
NameError: name 'end' is not defined
##### End of output of failed program #####
##### vdhankar plays [E e1 d2] in 7.85411214828491s #####
##### Running: /usr/lib/jvm/jdk-14.0.1/bin/java -jar /lab/itti/projects/checkers-competition/server/referee.jar on run_22_vdhankar_fyuxin #####
Move is valid
##### SUCCESS: /usr/lib/jvm/jdk-14.0.1/bin/java -jar /lab/itti/projects/checkers-competition/server/referee.jar on run_22_vdhankar_fyuxin #####
INPUT for fyuxin:
GAME
WHITE
229.8
.b.b.b..
b.......
...b....
....b...
.w......
....w.w.
...B.w.w
w.......
##### Running: /usr/bin/time -o time_22_vdhankar_fyuxin.txt -f "%U" /usr/lib/jvm/jdk-14.0.1/bin/java homework > stulog.txt 2>&1 on fyuxin #####
##### SUCCESS: /usr/bin/time -o time_22_vdhankar_fyuxin.txt -f "%U" /usr/lib/jvm/jdk-14.0.1/bin/java homework > stulog.txt 2>&1 on fyuxin #####
##### fyuxin plays [E e3 f4] in 3.37s #####
##### Running: /usr/lib/jvm/jdk-14.0.1/bin/java -jar /lab/itti/projects/checkers-competition/server/referee.jar on run_22_vdhankar_fyuxin #####
Move is valid
##### SUCCESS: /usr/lib/jvm/jdk-14.0.1/bin/java -jar /lab/itti/projects/checkers-competition/server/referee.jar on run_22_vdhankar_fyuxin #####
INPUT for vdhankar:
GAME
BLACK
152.333139896393
.b.b.b..
b.......
...b....
....b...
.w...w..
......w.
...B.w.w
w.......
##### Running: /usr/bin/time -o time_22_vdhankar_fyuxin.txt -f "%U" python3 homework.py > stulog.txt 2>&1 on vdhankar #####
child exited with value 1
##### ERROR: /usr/bin/time -o time_22_vdhankar_fyuxin.txt -f "%U" python3 homework.py > stulog.txt 2>&1 on vdhankar #####
##### Output of failed program (stdout + stderr): #####
Traceback (most recent call last):
  File "homework.py", line 546, in <module>
    print(end-start)
NameError: name 'end' is not defined
##### End of output of failed program #####
##### vdhankar plays [E a7 b6] in 15.3946578502655s #####
##### Running: /usr/lib/jvm/jdk-14.0.1/bin/java -jar /lab/itti/projects/checkers-competition/server/referee.jar on run_22_vdhankar_fyuxin #####
Move is valid
##### SUCCESS: /usr/lib/jvm/jdk-14.0.1/bin/java -jar /lab/itti/projects/checkers-competition/server/referee.jar on run_22_vdhankar_fyuxin #####
INPUT for fyuxin:
GAME
WHITE
226.43
.b.b.b..
........
.b.b....
....b...
.w...w..
......w.
...B.w.w
w.......
##### Running: /usr/bin/time -o time_22_vdhankar_fyuxin.txt -f "%U" /usr/lib/jvm/jdk-14.0.1/bin/java homework > stulog.txt 2>&1 on fyuxin #####
##### SUCCESS: /usr/bin/time -o time_22_vdhankar_fyuxin.txt -f "%U" /usr/lib/jvm/jdk-14.0.1/bin/java homework > stulog.txt 2>&1 on fyuxin #####
##### fyuxin plays [E a1 b2] in 4.36s #####
##### Running: /usr/lib/jvm/jdk-14.0.1/bin/java -jar /lab/itti/projects/checkers-competition/server/referee.jar on run_22_vdhankar_fyuxin #####
Move is valid
##### SUCCESS: /usr/lib/jvm/jdk-14.0.1/bin/java -jar /lab/itti/projects/checkers-competition/server/referee.jar on run_22_vdhankar_fyuxin #####
INPUT for vdhankar:
GAME
BLACK
136.938482046127
.b.b.b..
........
.b.b....
....b...
.w...w..
......w.
.w.B.w.w
........
##### Running: /usr/bin/time -o time_22_vdhankar_fyuxin.txt -f "%U" python3 homework.py > stulog.txt 2>&1 on vdhankar #####
child exited with value 1
##### ERROR: /usr/bin/time -o time_22_vdhankar_fyuxin.txt -f "%U" python3 homework.py > stulog.txt 2>&1 on vdhankar #####
##### Output of failed program (stdout + stderr): #####
Traceback (most recent call last):
  File "homework.py", line 546, in <module>
    print(end-start)
NameError: name 'end' is not defined
##### End of output of failed program #####
##### vdhankar plays [E b6 c5] in 11.3521649837494s #####
##### Running: /usr/lib/jvm/jdk-14.0.1/bin/java -jar /lab/itti/projects/checkers-competition/server/referee.jar on run_22_vdhankar_fyuxin #####
Move is valid
##### SUCCESS: /usr/lib/jvm/jdk-14.0.1/bin/java -jar /lab/itti/projects/checkers-competition/server/referee.jar on run_22_vdhankar_fyuxin #####
INPUT for fyuxin:
GAME
WHITE
222.07
.b.b.b..
........
...b....
..b.b...
.w...w..
......w.
.w.B.w.w
........
##### Running: /usr/bin/time -o time_22_vdhankar_fyuxin.txt -f "%U" /usr/lib/jvm/jdk-14.0.1/bin/java homework > stulog.txt 2>&1 on fyuxin #####
##### SUCCESS: /usr/bin/time -o time_22_vdhankar_fyuxin.txt -f "%U" /usr/lib/jvm/jdk-14.0.1/bin/java homework > stulog.txt 2>&1 on fyuxin #####
##### fyuxin plays [E b2 a3] in 8.1s #####
##### Running: /usr/lib/jvm/jdk-14.0.1/bin/java -jar /lab/itti/projects/checkers-competition/server/referee.jar on run_22_vdhankar_fyuxin #####
Move is valid
##### SUCCESS: /usr/lib/jvm/jdk-14.0.1/bin/java -jar /lab/itti/projects/checkers-competition/server/referee.jar on run_22_vdhankar_fyuxin #####
INPUT for vdhankar:
GAME
BLACK
125.586317062378
.b.b.b..
........
...b....
..b.b...
.w...w..
w.....w.
...B.w.w
........
##### Running: /usr/bin/time -o time_22_vdhankar_fyuxin.txt -f "%U" python3 homework.py > stulog.txt 2>&1 on vdhankar #####
child exited with value 1
##### ERROR: /usr/bin/time -o time_22_vdhankar_fyuxin.txt -f "%U" python3 homework.py > stulog.txt 2>&1 on vdhankar #####
##### Output of failed program (stdout + stderr): #####
Traceback (most recent call last):
  File "homework.py", line 546, in <module>
    print(end-start)
NameError: name 'end' is not defined
##### End of output of failed program #####
##### vdhankar plays [E d2 e1] in 18.3584311008453s #####
##### Running: /usr/lib/jvm/jdk-14.0.1/bin/java -jar /lab/itti/projects/checkers-competition/server/referee.jar on run_22_vdhankar_fyuxin #####
Move is valid
##### SUCCESS: /usr/lib/jvm/jdk-14.0.1/bin/java -jar /lab/itti/projects/checkers-competition/server/referee.jar on run_22_vdhankar_fyuxin #####
INPUT for fyuxin:
GAME
WHITE
213.97
.b.b.b..
........
...b....
..b.b...
.w...w..
w.....w.
.....w.w
....B...
##### Running: /usr/bin/time -o time_22_vdhankar_fyuxin.txt -f "%U" /usr/lib/jvm/jdk-14.0.1/bin/java homework > stulog.txt 2>&1 on fyuxin #####
##### SUCCESS: /usr/bin/time -o time_22_vdhankar_fyuxin.txt -f "%U" /usr/lib/jvm/jdk-14.0.1/bin/java homework > stulog.txt 2>&1 on fyuxin #####
##### fyuxin plays [E f2 e3] in 4.49s #####
##### Running: /usr/lib/jvm/jdk-14.0.1/bin/java -jar /lab/itti/projects/checkers-competition/server/referee.jar on run_22_vdhankar_fyuxin #####
Move is valid
##### SUCCESS: /usr/lib/jvm/jdk-14.0.1/bin/java -jar /lab/itti/projects/checkers-competition/server/referee.jar on run_22_vdhankar_fyuxin #####
INPUT for vdhankar:
GAME
BLACK
107.227885961533
.b.b.b..
........
...b....
..b.b...
.w...w..
w...w.w.
.......w
....B...
##### Running: /usr/bin/time -o time_22_vdhankar_fyuxin.txt -f "%U" python3 homework.py > stulog.txt 2>&1 on vdhankar #####
child exited with value 1
##### ERROR: /usr/bin/time -o time_22_vdhankar_fyuxin.txt -f "%U" python3 homework.py > stulog.txt 2>&1 on vdhankar #####
##### Output of failed program (stdout + stderr): #####
Traceback (most recent call last):
  File "homework.py", line 546, in <module>
    print(end-start)
NameError: name 'end' is not defined
##### End of output of failed program #####
##### vdhankar plays [E e5 d4] in 7.9077410697937s #####
##### Running: /usr/lib/jvm/jdk-14.0.1/bin/java -jar /lab/itti/projects/checkers-competition/server/referee.jar on run_22_vdhankar_fyuxin #####
Move is valid
##### SUCCESS: /usr/lib/jvm/jdk-14.0.1/bin/java -jar /lab/itti/projects/checkers-competition/server/referee.jar on run_22_vdhankar_fyuxin #####
INPUT for fyuxin:
GAME
WHITE
209.48
.b.b.b..
........
...b....
..b.....
.w.b.w..
w...w.w.
.......w
....B...
##### Running: /usr/bin/time -o time_22_vdhankar_fyuxin.txt -f "%U" /usr/lib/jvm/jdk-14.0.1/bin/java homework > stulog.txt 2>&1 on fyuxin #####
##### SUCCESS: /usr/bin/time -o time_22_vdhankar_fyuxin.txt -f "%U" /usr/lib/jvm/jdk-14.0.1/bin/java homework > stulog.txt 2>&1 on fyuxin #####
##### fyuxin plays [E f4 g5] in 2.26s #####
##### Running: /usr/lib/jvm/jdk-14.0.1/bin/java -jar /lab/itti/projects/checkers-competition/server/referee.jar on run_22_vdhankar_fyuxin #####
Move is valid
##### SUCCESS: /usr/lib/jvm/jdk-14.0.1/bin/java -jar /lab/itti/projects/checkers-competition/server/referee.jar on run_22_vdhankar_fyuxin #####
INPUT for vdhankar:
GAME
BLACK
99.3201448917389
.b.b.b..
........
...b....
..b...w.
.w.b....
w...w.w.
.......w
....B...
##### Running: /usr/bin/time -o time_22_vdhankar_fyuxin.txt -f "%U" python3 homework.py > stulog.txt 2>&1 on vdhankar #####
child exited with value 1
##### ERROR: /usr/bin/time -o time_22_vdhankar_fyuxin.txt -f "%U" python3 homework.py > stulog.txt 2>&1 on vdhankar #####
##### Output of failed program (stdout + stderr): #####
Traceback (most recent call last):
  File "homework.py", line 546, in <module>
    print(end-start)
NameError: name 'end' is not defined
##### End of output of failed program #####
##### vdhankar plays [J d4 f2] in 8.38666892051697s #####
##### Running: /usr/lib/jvm/jdk-14.0.1/bin/java -jar /lab/itti/projects/checkers-competition/server/referee.jar on run_22_vdhankar_fyuxin #####
Move is valid
##### SUCCESS: /usr/lib/jvm/jdk-14.0.1/bin/java -jar /lab/itti/projects/checkers-competition/server/referee.jar on run_22_vdhankar_fyuxin #####
INPUT for fyuxin:
GAME
WHITE
207.22
.b.b.b..
........
...b....
..b...w.
.w......
w.....w.
.....b.w
....B...
##### Running: /usr/bin/time -o time_22_vdhankar_fyuxin.txt -f "%U" /usr/lib/jvm/jdk-14.0.1/bin/java homework > stulog.txt 2>&1 on fyuxin #####
##### SUCCESS: /usr/bin/time -o time_22_vdhankar_fyuxin.txt -f "%U" /usr/lib/jvm/jdk-14.0.1/bin/java homework > stulog.txt 2>&1 on fyuxin #####
##### fyuxin plays [E g3 f4] in 9.61s #####
##### Running: /usr/lib/jvm/jdk-14.0.1/bin/java -jar /lab/itti/projects/checkers-competition/server/referee.jar on run_22_vdhankar_fyuxin #####
Move is valid
##### SUCCESS: /usr/lib/jvm/jdk-14.0.1/bin/java -jar /lab/itti/projects/checkers-competition/server/referee.jar on run_22_vdhankar_fyuxin #####
INPUT for vdhankar:
GAME
BLACK
90.9334759712219
.b.b.b..
........
...b....
..b...w.
.w...w..
w.......
.....b.w
....B...
##### Running: /usr/bin/time -o time_22_vdhankar_fyuxin.txt -f "%U" python3 homework.py > stulog.txt 2>&1 on vdhankar #####
child exited with value 1
##### ERROR: /usr/bin/time -o time_22_vdhankar_fyuxin.txt -f "%U" python3 homework.py > stulog.txt 2>&1 on vdhankar #####
##### Output of failed program (stdout + stderr): #####
Traceback (most recent call last):
  File "homework.py", line 546, in <module>
    print(end-start)
NameError: name 'end' is not defined
##### End of output of failed program #####
##### vdhankar plays [E f2 g1] in 21.2657520771027s #####
##### Running: /usr/lib/jvm/jdk-14.0.1/bin/java -jar /lab/itti/projects/checkers-competition/server/referee.jar on run_22_vdhankar_fyuxin #####
Move is valid
##### SUCCESS: /usr/lib/jvm/jdk-14.0.1/bin/java -jar /lab/itti/projects/checkers-competition/server/referee.jar on run_22_vdhankar_fyuxin #####
INPUT for fyuxin:
GAME
WHITE
197.61
.b.b.b..
........
...b....
..b...w.
.w...w..
w.......
.......w
....B.B.
##### Running: /usr/bin/time -o time_22_vdhankar_fyuxin.txt -f "%U" /usr/lib/jvm/jdk-14.0.1/bin/java homework > stulog.txt 2>&1 on fyuxin #####
##### SUCCESS: /usr/bin/time -o time_22_vdhankar_fyuxin.txt -f "%U" /usr/lib/jvm/jdk-14.0.1/bin/java homework > stulog.txt 2>&1 on fyuxin #####
##### fyuxin plays [E g5 h6] in 10.02s #####
##### Running: /usr/lib/jvm/jdk-14.0.1/bin/java -jar /lab/itti/projects/checkers-competition/server/referee.jar on run_22_vdhankar_fyuxin #####
Move is valid
##### SUCCESS: /usr/lib/jvm/jdk-14.0.1/bin/java -jar /lab/itti/projects/checkers-competition/server/referee.jar on run_22_vdhankar_fyuxin #####
INPUT for vdhankar:
GAME
BLACK
69.6677238941193
.b.b.b..
........
...b...w
..b.....
.w...w..
w.......
.......w
....B.B.
##### Running: /usr/bin/time -o time_22_vdhankar_fyuxin.txt -f "%U" python3 homework.py > stulog.txt 2>&1 on vdhankar #####
child exited with value 1
##### ERROR: /usr/bin/time -o time_22_vdhankar_fyuxin.txt -f "%U" python3 homework.py > stulog.txt 2>&1 on vdhankar #####
##### Output of failed program (stdout + stderr): #####
Traceback (most recent call last):
  File "homework.py", line 546, in <module>
    print(end-start)
NameError: name 'end' is not defined
##### End of output of failed program #####
##### vdhankar plays [E g1 f2] in 14.4770188331604s #####
##### Running: /usr/lib/jvm/jdk-14.0.1/bin/java -jar /lab/itti/projects/checkers-competition/server/referee.jar on run_22_vdhankar_fyuxin #####
Move is valid
##### SUCCESS: /usr/lib/jvm/jdk-14.0.1/bin/java -jar /lab/itti/projects/checkers-competition/server/referee.jar on run_22_vdhankar_fyuxin #####
INPUT for fyuxin:
GAME
WHITE
187.59
.b.b.b..
........
...b...w
..b.....
.w...w..
w.......
.....B.w
....B...
##### Running: /usr/bin/time -o time_22_vdhankar_fyuxin.txt -f "%U" /usr/lib/jvm/jdk-14.0.1/bin/java homework > stulog.txt 2>&1 on fyuxin #####
##### SUCCESS: /usr/bin/time -o time_22_vdhankar_fyuxin.txt -f "%U" /usr/lib/jvm/jdk-14.0.1/bin/java homework > stulog.txt 2>&1 on fyuxin #####
##### fyuxin plays [E h2 g3] in 3.15s #####
##### Running: /usr/lib/jvm/jdk-14.0.1/bin/java -jar /lab/itti/projects/checkers-competition/server/referee.jar on run_22_vdhankar_fyuxin #####
Move is valid
##### SUCCESS: /usr/lib/jvm/jdk-14.0.1/bin/java -jar /lab/itti/projects/checkers-competition/server/referee.jar on run_22_vdhankar_fyuxin #####
INPUT for vdhankar:
GAME
BLACK
55.1907050609589
.b.b.b..
........
...b...w
..b.....
.w...w..
w.....w.
.....B..
....B...
##### Running: /usr/bin/time -o time_22_vdhankar_fyuxin.txt -f "%U" python3 homework.py > stulog.txt 2>&1 on vdhankar #####
child exited with value 1
##### ERROR: /usr/bin/time -o time_22_vdhankar_fyuxin.txt -f "%U" python3 homework.py > stulog.txt 2>&1 on vdhankar #####
##### Output of failed program (stdout + stderr): #####
Traceback (most recent call last):
  File "homework.py", line 546, in <module>
    print(end-start)
NameError: name 'end' is not defined
##### End of output of failed program #####
##### vdhankar plays [J f2 h4] in 0.378217935562134s #####
##### Running: /usr/lib/jvm/jdk-14.0.1/bin/java -jar /lab/itti/projects/checkers-competition/server/referee.jar on run_22_vdhankar_fyuxin #####
Move is valid
##### SUCCESS: /usr/lib/jvm/jdk-14.0.1/bin/java -jar /lab/itti/projects/checkers-competition/server/referee.jar on run_22_vdhankar_fyuxin #####
INPUT for fyuxin:
GAME
WHITE
184.44
.b.b.b..
........
...b...w
..b.....
.w...w.B
w.......
........
....B...
##### Running: /usr/bin/time -o time_22_vdhankar_fyuxin.txt -f "%U" /usr/lib/jvm/jdk-14.0.1/bin/java homework > stulog.txt 2>&1 on fyuxin #####
##### SUCCESS: /usr/bin/time -o time_22_vdhankar_fyuxin.txt -f "%U" /usr/lib/jvm/jdk-14.0.1/bin/java homework > stulog.txt 2>&1 on fyuxin #####
##### fyuxin plays [E h6 g7] in 0.87s #####
##### Running: /usr/lib/jvm/jdk-14.0.1/bin/java -jar /lab/itti/projects/checkers-competition/server/referee.jar on run_22_vdhankar_fyuxin #####
Move is valid
##### SUCCESS: /usr/lib/jvm/jdk-14.0.1/bin/java -jar /lab/itti/projects/checkers-competition/server/referee.jar on run_22_vdhankar_fyuxin #####
INPUT for vdhankar:
GAME
BLACK
54.8124871253967
.b.b.b..
......w.
...b....
..b.....
.w...w.B
w.......
........
....B...
##### Running: /usr/bin/time -o time_22_vdhankar_fyuxin.txt -f "%U" python3 homework.py > stulog.txt 2>&1 on vdhankar #####
child exited with value 1
##### ERROR: /usr/bin/time -o time_22_vdhankar_fyuxin.txt -f "%U" python3 homework.py > stulog.txt 2>&1 on vdhankar #####
##### Output of failed program (stdout + stderr): #####
Traceback (most recent call last):
  File "homework.py", line 546, in <module>
    print(end-start)
NameError: name 'end' is not defined
##### End of output of failed program #####
##### vdhankar plays [J f8 h6] in 0.500972986221313s #####
##### Running: /usr/lib/jvm/jdk-14.0.1/bin/java -jar /lab/itti/projects/checkers-competition/server/referee.jar on run_22_vdhankar_fyuxin #####
Move is valid
##### SUCCESS: /usr/lib/jvm/jdk-14.0.1/bin/java -jar /lab/itti/projects/checkers-competition/server/referee.jar on run_22_vdhankar_fyuxin #####
INPUT for fyuxin:
GAME
WHITE
183.57
.b.b....
........
...b...b
..b.....
.w...w.B
w.......
........
....B...
##### Running: /usr/bin/time -o time_22_vdhankar_fyuxin.txt -f "%U" /usr/lib/jvm/jdk-14.0.1/bin/java homework > stulog.txt 2>&1 on fyuxin #####
##### SUCCESS: /usr/bin/time -o time_22_vdhankar_fyuxin.txt -f "%U" /usr/lib/jvm/jdk-14.0.1/bin/java homework > stulog.txt 2>&1 on fyuxin #####
##### fyuxin plays [E f4 g5] in 0.76s #####
##### Running: /usr/lib/jvm/jdk-14.0.1/bin/java -jar /lab/itti/projects/checkers-competition/server/referee.jar on run_22_vdhankar_fyuxin #####
Move is valid
##### SUCCESS: /usr/lib/jvm/jdk-14.0.1/bin/java -jar /lab/itti/projects/checkers-competition/server/referee.jar on run_22_vdhankar_fyuxin #####
INPUT for vdhankar:
GAME
BLACK
54.3115141391754
.b.b....
........
...b...b
..b...w.
.w.....B
w.......
........
....B...
##### Running: /usr/bin/time -o time_22_vdhankar_fyuxin.txt -f "%U" python3 homework.py > stulog.txt 2>&1 on vdhankar #####
child exited with value 1
##### ERROR: /usr/bin/time -o time_22_vdhankar_fyuxin.txt -f "%U" python3 homework.py > stulog.txt 2>&1 on vdhankar #####
##### Output of failed program (stdout + stderr): #####
Traceback (most recent call last):
  File "homework.py", line 546, in <module>
    print(end-start)
NameError: name 'end' is not defined
##### End of output of failed program #####
##### vdhankar plays [J h6 f4] in 0.232887029647827s #####
##### Running: /usr/lib/jvm/jdk-14.0.1/bin/java -jar /lab/itti/projects/checkers-competition/server/referee.jar on run_22_vdhankar_fyuxin #####
Move is valid
##### SUCCESS: /usr/lib/jvm/jdk-14.0.1/bin/java -jar /lab/itti/projects/checkers-competition/server/referee.jar on run_22_vdhankar_fyuxin #####
INPUT for fyuxin:
GAME
WHITE
182.81
.b.b....
........
...b....
..b.....
.w...b.B
w.......
........
....B...
##### Running: /usr/bin/time -o time_22_vdhankar_fyuxin.txt -f "%U" /usr/lib/jvm/jdk-14.0.1/bin/java homework > stulog.txt 2>&1 on fyuxin #####
##### SUCCESS: /usr/bin/time -o time_22_vdhankar_fyuxin.txt -f "%U" /usr/lib/jvm/jdk-14.0.1/bin/java homework > stulog.txt 2>&1 on fyuxin #####
##### fyuxin plays [E b4 a5] in 0.41s #####
##### Running: /usr/lib/jvm/jdk-14.0.1/bin/java -jar /lab/itti/projects/checkers-competition/server/referee.jar on run_22_vdhankar_fyuxin #####
Move is valid
##### SUCCESS: /usr/lib/jvm/jdk-14.0.1/bin/java -jar /lab/itti/projects/checkers-competition/server/referee.jar on run_22_vdhankar_fyuxin #####
INPUT for vdhankar:
GAME
BLACK
54.0786271095276
.b.b....
........
...b....
w.b.....
.....b.B
w.......
........
....B...
##### Running: /usr/bin/time -o time_22_vdhankar_fyuxin.txt -f "%U" python3 homework.py > stulog.txt 2>&1 on vdhankar #####
child exited with value 1
##### ERROR: /usr/bin/time -o time_22_vdhankar_fyuxin.txt -f "%U" python3 homework.py > stulog.txt 2>&1 on vdhankar #####
##### Output of failed program (stdout + stderr): #####
Traceback (most recent call last):
  File "homework.py", line 546, in <module>
    print(end-start)
NameError: name 'end' is not defined
##### End of output of failed program #####
##### vdhankar plays [E b8 a7] in 0.292505979537964s #####
##### Running: /usr/lib/jvm/jdk-14.0.1/bin/java -jar /lab/itti/projects/checkers-competition/server/referee.jar on run_22_vdhankar_fyuxin #####
Move is valid
##### SUCCESS: /usr/lib/jvm/jdk-14.0.1/bin/java -jar /lab/itti/projects/checkers-competition/server/referee.jar on run_22_vdhankar_fyuxin #####
INPUT for fyuxin:
GAME
WHITE
182.4
...b....
b.......
...b....
w.b.....
.....b.B
w.......
........
....B...
##### Running: /usr/bin/time -o time_22_vdhankar_fyuxin.txt -f "%U" /usr/lib/jvm/jdk-14.0.1/bin/java homework > stulog.txt 2>&1 on fyuxin #####
##### SUCCESS: /usr/bin/time -o time_22_vdhankar_fyuxin.txt -f "%U" /usr/lib/jvm/jdk-14.0.1/bin/java homework > stulog.txt 2>&1 on fyuxin #####
##### fyuxin plays [E a3 b4] in 1.15s #####
##### Running: /usr/lib/jvm/jdk-14.0.1/bin/java -jar /lab/itti/projects/checkers-competition/server/referee.jar on run_22_vdhankar_fyuxin #####
Move is valid
##### SUCCESS: /usr/lib/jvm/jdk-14.0.1/bin/java -jar /lab/itti/projects/checkers-competition/server/referee.jar on run_22_vdhankar_fyuxin #####
INPUT for vdhankar:
GAME
BLACK
53.7861211299896
...b....
b.......
...b....
w.b.....
.w...b.B
........
........
....B...
##### Running: /usr/bin/time -o time_22_vdhankar_fyuxin.txt -f "%U" python3 homework.py > stulog.txt 2>&1 on vdhankar #####
child exited with value 1
##### ERROR: /usr/bin/time -o time_22_vdhankar_fyuxin.txt -f "%U" python3 homework.py > stulog.txt 2>&1 on vdhankar #####
##### Output of failed program (stdout + stderr): #####
Traceback (most recent call last):
  File "homework.py", line 546, in <module>
    print(end-start)
NameError: name 'end' is not defined
##### End of output of failed program #####
##### vdhankar plays [J c5 a3] in 0.207854032516479s #####
##### Running: /usr/lib/jvm/jdk-14.0.1/bin/java -jar /lab/itti/projects/checkers-competition/server/referee.jar on run_22_vdhankar_fyuxin #####
Move is valid
##### SUCCESS: /usr/lib/jvm/jdk-14.0.1/bin/java -jar /lab/itti/projects/checkers-competition/server/referee.jar on run_22_vdhankar_fyuxin #####
INPUT for fyuxin:
GAME
WHITE
181.25
...b....
b.......
...b....
w.......
.....b.B
b.......
........
....B...
##### Running: /usr/bin/time -o time_22_vdhankar_fyuxin.txt -f "%U" /usr/lib/jvm/jdk-14.0.1/bin/java homework > stulog.txt 2>&1 on fyuxin #####
##### SUCCESS: /usr/bin/time -o time_22_vdhankar_fyuxin.txt -f "%U" /usr/lib/jvm/jdk-14.0.1/bin/java homework > stulog.txt 2>&1 on fyuxin #####
##### fyuxin plays [E a5 b6] in 0.18s #####
##### Running: /usr/lib/jvm/jdk-14.0.1/bin/java -jar /lab/itti/projects/checkers-competition/server/referee.jar on run_22_vdhankar_fyuxin #####
Move is valid
##### SUCCESS: /usr/lib/jvm/jdk-14.0.1/bin/java -jar /lab/itti/projects/checkers-competition/server/referee.jar on run_22_vdhankar_fyuxin #####
INPUT for vdhankar:
GAME
BLACK
53.5782670974731
...b....
b.......
.w.b....
........
.....b.B
b.......
........
....B...
##### Running: /usr/bin/time -o time_22_vdhankar_fyuxin.txt -f "%U" python3 homework.py > stulog.txt 2>&1 on vdhankar #####
child exited with value 1
##### ERROR: /usr/bin/time -o time_22_vdhankar_fyuxin.txt -f "%U" python3 homework.py > stulog.txt 2>&1 on vdhankar #####
##### Output of failed program (stdout + stderr): #####
Traceback (most recent call last):
  File "homework.py", line 546, in <module>
    print(end-start)
NameError: name 'end' is not defined
##### End of output of failed program #####
##### vdhankar plays [J a7 c5] in 0.211336851119995s #####
##### Running: /usr/lib/jvm/jdk-14.0.1/bin/java -jar /lab/itti/projects/checkers-competition/server/referee.jar on run_22_vdhankar_fyuxin #####
Move is valid
After this move, player WHITE cannot make any moves
*** Winner: BLACK ***
##### SUCCESS: /usr/lib/jvm/jdk-14.0.1/bin/java -jar /lab/itti/projects/checkers-competition/server/referee.jar on run_22_vdhankar_fyuxin #####
##### GAME OVER: vdhankar wins the game! #####
Server said: WIN
########## ROUND 22 GAMESCORE AFTER GAME 2: vdhankar=2 and fyuxin=0 ##########
#################### ROUND 22: vdhankar (W) vs fyuxin (B): game 3 ####################
##### game start! #####
INPUT for fyuxin:
GAME
BLACK
300
.b.b.b.b
b.b.b.b.
.b.b.b.b
........
........
w.w.w.w.
.w.w.w.w
w.w.w.w.
##### Running: /usr/bin/time -o time_22_vdhankar_fyuxin.txt -f "%U" /usr/lib/jvm/jdk-14.0.1/bin/java homework > stulog.txt 2>&1 on fyuxin #####
##### SUCCESS: /usr/bin/time -o time_22_vdhankar_fyuxin.txt -f "%U" /usr/lib/jvm/jdk-14.0.1/bin/java homework > stulog.txt 2>&1 on fyuxin #####
##### fyuxin plays [E b6 a5] in 3.97s #####
##### Running: /usr/lib/jvm/jdk-14.0.1/bin/java -jar /lab/itti/projects/checkers-competition/server/referee.jar on run_22_vdhankar_fyuxin #####
Move is valid
Couldn't read file 'current_ply.txt'
Couldn't read content from file 'current_ply.txt'
Couldn't read file 'lastmatchange_ply.txt'
Couldn't read content from file 'lastmatchange_ply.txt'
##### SUCCESS: /usr/lib/jvm/jdk-14.0.1/bin/java -jar /lab/itti/projects/checkers-competition/server/referee.jar on run_22_vdhankar_fyuxin #####
INPUT for vdhankar:
GAME
WHITE
300
.b.b.b.b
b.b.b.b.
...b.b.b
b.......
........
w.w.w.w.
.w.w.w.w
w.w.w.w.
##### Running: /usr/bin/time -o time_22_vdhankar_fyuxin.txt -f "%U" python3 homework.py > stulog.txt 2>&1 on vdhankar #####
child exited with value 1
##### ERROR: /usr/bin/time -o time_22_vdhankar_fyuxin.txt -f "%U" python3 homework.py > stulog.txt 2>&1 on vdhankar #####
##### Output of failed program (stdout + stderr): #####
Traceback (most recent call last):
  File "homework.py", line 546, in <module>
    print(end-start)
NameError: name 'end' is not defined
##### End of output of failed program #####
##### vdhankar plays [E g3 h4] in 7.38593816757202s #####
##### Running: /usr/lib/jvm/jdk-14.0.1/bin/java -jar /lab/itti/projects/checkers-competition/server/referee.jar on run_22_vdhankar_fyuxin #####
Move is valid
##### SUCCESS: /usr/lib/jvm/jdk-14.0.1/bin/java -jar /lab/itti/projects/checkers-competition/server/referee.jar on run_22_vdhankar_fyuxin #####
INPUT for fyuxin:
GAME
BLACK
296.03
.b.b.b.b
b.b.b.b.
...b.b.b
b.......
.......w
w.w.w...
.w.w.w.w
w.w.w.w.
##### Running: /usr/bin/time -o time_22_vdhankar_fyuxin.txt -f "%U" /usr/lib/jvm/jdk-14.0.1/bin/java homework > stulog.txt 2>&1 on fyuxin #####
##### SUCCESS: /usr/bin/time -o time_22_vdhankar_fyuxin.txt -f "%U" /usr/lib/jvm/jdk-14.0.1/bin/java homework > stulog.txt 2>&1 on fyuxin #####
##### fyuxin plays [E h6 g5] in 2.7s #####
##### Running: /usr/lib/jvm/jdk-14.0.1/bin/java -jar /lab/itti/projects/checkers-competition/server/referee.jar on run_22_vdhankar_fyuxin #####
Move is valid
##### SUCCESS: /usr/lib/jvm/jdk-14.0.1/bin/java -jar /lab/itti/projects/checkers-competition/server/referee.jar on run_22_vdhankar_fyuxin #####
INPUT for vdhankar:
GAME
WHITE
292.614061832428
.b.b.b.b
b.b.b.b.
...b.b..
b.....b.
.......w
w.w.w...
.w.w.w.w
w.w.w.w.
##### Running: /usr/bin/time -o time_22_vdhankar_fyuxin.txt -f "%U" python3 homework.py > stulog.txt 2>&1 on vdhankar #####
child exited with value 1
##### ERROR: /usr/bin/time -o time_22_vdhankar_fyuxin.txt -f "%U" python3 homework.py > stulog.txt 2>&1 on vdhankar #####
##### Output of failed program (stdout + stderr): #####
Traceback (most recent call last):
  File "homework.py", line 546, in <module>
    print(end-start)
NameError: name 'end' is not defined
##### End of output of failed program #####
##### vdhankar plays [E h2 g3] in 8.20952916145325s #####
##### Running: /usr/lib/jvm/jdk-14.0.1/bin/java -jar /lab/itti/projects/checkers-competition/server/referee.jar on run_22_vdhankar_fyuxin #####
Move is valid
##### SUCCESS: /usr/lib/jvm/jdk-14.0.1/bin/java -jar /lab/itti/projects/checkers-competition/server/referee.jar on run_22_vdhankar_fyuxin #####
INPUT for fyuxin:
GAME
BLACK
293.33
.b.b.b.b
b.b.b.b.
...b.b..
b.....b.
.......w
w.w.w.w.
.w.w.w..
w.w.w.w.
##### Running: /usr/bin/time -o time_22_vdhankar_fyuxin.txt -f "%U" /usr/lib/jvm/jdk-14.0.1/bin/java homework > stulog.txt 2>&1 on fyuxin #####
##### SUCCESS: /usr/bin/time -o time_22_vdhankar_fyuxin.txt -f "%U" /usr/lib/jvm/jdk-14.0.1/bin/java homework > stulog.txt 2>&1 on fyuxin #####
##### fyuxin plays [E a7 b6] in 3.26s #####
##### Running: /usr/lib/jvm/jdk-14.0.1/bin/java -jar /lab/itti/projects/checkers-competition/server/referee.jar on run_22_vdhankar_fyuxin #####
Move is valid
##### SUCCESS: /usr/lib/jvm/jdk-14.0.1/bin/java -jar /lab/itti/projects/checkers-competition/server/referee.jar on run_22_vdhankar_fyuxin #####
INPUT for vdhankar:
GAME
WHITE
284.404532670975
.b.b.b.b
..b.b.b.
.b.b.b..
b.....b.
.......w
w.w.w.w.
.w.w.w..
w.w.w.w.
##### Running: /usr/bin/time -o time_22_vdhankar_fyuxin.txt -f "%U" python3 homework.py > stulog.txt 2>&1 on vdhankar #####
child exited with value 1
##### ERROR: /usr/bin/time -o time_22_vdhankar_fyuxin.txt -f "%U" python3 homework.py > stulog.txt 2>&1 on vdhankar #####
##### Output of failed program (stdout + stderr): #####
Traceback (most recent call last):
  File "homework.py", line 546, in <module>
    print(end-start)
NameError: name 'end' is not defined
##### End of output of failed program #####
##### vdhankar plays [E g3 f4] in 4.4585120677948s #####
##### Running: /usr/lib/jvm/jdk-14.0.1/bin/java -jar /lab/itti/projects/checkers-competition/server/referee.jar on run_22_vdhankar_fyuxin #####
Move is valid
##### SUCCESS: /usr/lib/jvm/jdk-14.0.1/bin/java -jar /lab/itti/projects/checkers-competition/server/referee.jar on run_22_vdhankar_fyuxin #####
INPUT for fyuxin:
GAME
BLACK
290.07
.b.b.b.b
..b.b.b.
.b.b.b..
b.....b.
.....w.w
w.w.w...
.w.w.w..
w.w.w.w.
##### Running: /usr/bin/time -o time_22_vdhankar_fyuxin.txt -f "%U" /usr/lib/jvm/jdk-14.0.1/bin/java homework > stulog.txt 2>&1 on fyuxin #####
##### SUCCESS: /usr/bin/time -o time_22_vdhankar_fyuxin.txt -f "%U" /usr/lib/jvm/jdk-14.0.1/bin/java homework > stulog.txt 2>&1 on fyuxin #####
##### fyuxin plays [E g7 h6] in 2.51s #####
##### Running: /usr/lib/jvm/jdk-14.0.1/bin/java -jar /lab/itti/projects/checkers-competition/server/referee.jar on run_22_vdhankar_fyuxin #####
Move is valid
##### SUCCESS: /usr/lib/jvm/jdk-14.0.1/bin/java -jar /lab/itti/projects/checkers-competition/server/referee.jar on run_22_vdhankar_fyuxin #####
INPUT for vdhankar:
GAME
WHITE
279.94602060318
.b.b.b.b
..b.b...
.b.b.b.b
b.....b.
.....w.w
w.w.w...
.w.w.w..
w.w.w.w.
##### Running: /usr/bin/time -o time_22_vdhankar_fyuxin.txt -f "%U" python3 homework.py > stulog.txt 2>&1 on vdhankar #####
child exited with value 1
##### ERROR: /usr/bin/time -o time_22_vdhankar_fyuxin.txt -f "%U" python3 homework.py > stulog.txt 2>&1 on vdhankar #####
##### Output of failed program (stdout + stderr): #####
Traceback (most recent call last):
  File "homework.py", line 546, in <module>
    print(end-start)
NameError: name 'end' is not defined
##### End of output of failed program #####
##### vdhankar plays [E c3 d4] in 3.53855609893799s #####
##### Running: /usr/lib/jvm/jdk-14.0.1/bin/java -jar /lab/itti/projects/checkers-competition/server/referee.jar on run_22_vdhankar_fyuxin #####
Move is valid
##### SUCCESS: /usr/lib/jvm/jdk-14.0.1/bin/java -jar /lab/itti/projects/checkers-competition/server/referee.jar on run_22_vdhankar_fyuxin #####
INPUT for fyuxin:
GAME
BLACK
287.56
.b.b.b.b
..b.b...
.b.b.b.b
b.....b.
...w.w.w
w...w...
.w.w.w..
w.w.w.w.
##### Running: /usr/bin/time -o time_22_vdhankar_fyuxin.txt -f "%U" /usr/lib/jvm/jdk-14.0.1/bin/java homework > stulog.txt 2>&1 on fyuxin #####
##### SUCCESS: /usr/bin/time -o time_22_vdhankar_fyuxin.txt -f "%U" /usr/lib/jvm/jdk-14.0.1/bin/java homework > stulog.txt 2>&1 on fyuxin #####
##### fyuxin plays [E f8 g7] in 2s #####
##### Running: /usr/lib/jvm/jdk-14.0.1/bin/java -jar /lab/itti/projects/checkers-competition/server/referee.jar on run_22_vdhankar_fyuxin #####
Move is valid
##### SUCCESS: /usr/lib/jvm/jdk-14.0.1/bin/java -jar /lab/itti/projects/checkers-competition/server/referee.jar on run_22_vdhankar_fyuxin #####
INPUT for vdhankar:
GAME
WHITE
276.407464504242
.b.b...b
..b.b.b.
.b.b.b.b
b.....b.
...w.w.w
w...w...
.w.w.w..
w.w.w.w.
##### Running: /usr/bin/time -o time_22_vdhankar_fyuxin.txt -f "%U" python3 homework.py > stulog.txt 2>&1 on vdhankar #####
child exited with value 1
##### ERROR: /usr/bin/time -o time_22_vdhankar_fyuxin.txt -f "%U" python3 homework.py > stulog.txt 2>&1 on vdhankar #####
##### Output of failed program (stdout + stderr): #####
Traceback (most recent call last):
  File "homework.py", line 546, in <module>
    print(end-start)
NameError: name 'end' is not defined
##### End of output of failed program #####
##### vdhankar plays [E d4 e5] in 0.634909868240356s #####
##### Running: /usr/lib/jvm/jdk-14.0.1/bin/java -jar /lab/itti/projects/checkers-competition/server/referee.jar on run_22_vdhankar_fyuxin #####
Move is valid
##### SUCCESS: /usr/lib/jvm/jdk-14.0.1/bin/java -jar /lab/itti/projects/checkers-competition/server/referee.jar on run_22_vdhankar_fyuxin #####
INPUT for fyuxin:
GAME
BLACK
285.56
.b.b...b
..b.b.b.
.b.b.b.b
b...w.b.
.....w.w
w...w...
.w.w.w..
w.w.w.w.
##### Running: /usr/bin/time -o time_22_vdhankar_fyuxin.txt -f "%U" /usr/lib/jvm/jdk-14.0.1/bin/java homework > stulog.txt 2>&1 on fyuxin #####
##### SUCCESS: /usr/bin/time -o time_22_vdhankar_fyuxin.txt -f "%U" /usr/lib/jvm/jdk-14.0.1/bin/java homework > stulog.txt 2>&1 on fyuxin #####
##### fyuxin plays [J f6 d4] in 0.56s #####
##### Running: /usr/lib/jvm/jdk-14.0.1/bin/java -jar /lab/itti/projects/checkers-competition/server/referee.jar on run_22_vdhankar_fyuxin #####
Move is valid
##### SUCCESS: /usr/lib/jvm/jdk-14.0.1/bin/java -jar /lab/itti/projects/checkers-competition/server/referee.jar on run_22_vdhankar_fyuxin #####
INPUT for vdhankar:
GAME
WHITE
275.772554636002
.b.b...b
..b.b.b.
.b.b...b
b.....b.
...b.w.w
w...w...
.w.w.w..
w.w.w.w.
##### Running: /usr/bin/time -o time_22_vdhankar_fyuxin.txt -f "%U" python3 homework.py > stulog.txt 2>&1 on vdhankar #####
child exited with value 1
##### ERROR: /usr/bin/time -o time_22_vdhankar_fyuxin.txt -f "%U" python3 homework.py > stulog.txt 2>&1 on vdhankar #####
##### Output of failed program (stdout + stderr): #####
Traceback (most recent call last):
  File "homework.py", line 546, in <module>
    print(end-start)
NameError: name 'end' is not defined
##### End of output of failed program #####
##### vdhankar plays [J e3 c5 ; J c5 a7] in 0.992492914199829s #####
##### Running: /usr/lib/jvm/jdk-14.0.1/bin/java -jar /lab/itti/projects/checkers-competition/server/referee.jar on run_22_vdhankar_fyuxin #####
Move is valid
##### SUCCESS: /usr/lib/jvm/jdk-14.0.1/bin/java -jar /lab/itti/projects/checkers-competition/server/referee.jar on run_22_vdhankar_fyuxin #####
INPUT for fyuxin:
GAME
BLACK
285
.b.b...b
w.b.b.b.
...b...b
b.....b.
.....w.w
w.......
.w.w.w..
w.w.w.w.
##### Running: /usr/bin/time -o time_22_vdhankar_fyuxin.txt -f "%U" /usr/lib/jvm/jdk-14.0.1/bin/java homework > stulog.txt 2>&1 on fyuxin #####
##### SUCCESS: /usr/bin/time -o time_22_vdhankar_fyuxin.txt -f "%U" /usr/lib/jvm/jdk-14.0.1/bin/java homework > stulog.txt 2>&1 on fyuxin #####
##### fyuxin plays [J g5 e3] in 1.98s #####
##### Running: /usr/lib/jvm/jdk-14.0.1/bin/java -jar /lab/itti/projects/checkers-competition/server/referee.jar on run_22_vdhankar_fyuxin #####
Move is valid
##### SUCCESS: /usr/lib/jvm/jdk-14.0.1/bin/java -jar /lab/itti/projects/checkers-competition/server/referee.jar on run_22_vdhankar_fyuxin #####
INPUT for vdhankar:
GAME
WHITE
274.780061721802
.b.b...b
w.b.b.b.
...b...b
b.......
.......w
w...b...
.w.w.w..
w.w.w.w.
##### Running: /usr/bin/time -o time_22_vdhankar_fyuxin.txt -f "%U" python3 homework.py > stulog.txt 2>&1 on vdhankar #####
child exited with value 1
##### ERROR: /usr/bin/time -o time_22_vdhankar_fyuxin.txt -f "%U" python3 homework.py > stulog.txt 2>&1 on vdhankar #####
##### Output of failed program (stdout + stderr): #####
Traceback (most recent call last):
  File "homework.py", line 546, in <module>
    print(end-start)
NameError: name 'end' is not defined
##### End of output of failed program #####
##### vdhankar plays [J f2 d4] in 7.01499795913696s #####
##### Running: /usr/lib/jvm/jdk-14.0.1/bin/java -jar /lab/itti/projects/checkers-competition/server/referee.jar on run_22_vdhankar_fyuxin #####
Move is valid
##### SUCCESS: /usr/lib/jvm/jdk-14.0.1/bin/java -jar /lab/itti/projects/checkers-competition/server/referee.jar on run_22_vdhankar_fyuxin #####
INPUT for fyuxin:
GAME
BLACK
283.02
.b.b...b
w.b.b.b.
...b...b
b.......
...w...w
w.......
.w.w....
w.w.w.w.
##### Running: /usr/bin/time -o time_22_vdhankar_fyuxin.txt -f "%U" /usr/lib/jvm/jdk-14.0.1/bin/java homework > stulog.txt 2>&1 on fyuxin #####
##### SUCCESS: /usr/bin/time -o time_22_vdhankar_fyuxin.txt -f "%U" /usr/lib/jvm/jdk-14.0.1/bin/java homework > stulog.txt 2>&1 on fyuxin #####
##### fyuxin plays [E g7 f6] in 1.88s #####
##### Running: /usr/lib/jvm/jdk-14.0.1/bin/java -jar /lab/itti/projects/checkers-competition/server/referee.jar on run_22_vdhankar_fyuxin #####
Move is valid
##### SUCCESS: /usr/lib/jvm/jdk-14.0.1/bin/java -jar /lab/itti/projects/checkers-competition/server/referee.jar on run_22_vdhankar_fyuxin #####
INPUT for vdhankar:
GAME
WHITE
267.765063762665
.b.b...b
w.b.b...
...b.b.b
b.......
...w...w
w.......
.w.w....
w.w.w.w.
##### Running: /usr/bin/time -o time_22_vdhankar_fyuxin.txt -f "%U" python3 homework.py > stulog.txt 2>&1 on vdhankar #####
child exited with value 1
##### ERROR: /usr/bin/time -o time_22_vdhankar_fyuxin.txt -f "%U" python3 homework.py > stulog.txt 2>&1 on vdhankar #####
##### Output of failed program (stdout + stderr): #####
Traceback (most recent call last):
  File "homework.py", line 546, in <module>
    print(end-start)
NameError: name 'end' is not defined
##### End of output of failed program #####
##### vdhankar plays [E g1 f2] in 16.8339960575104s #####
##### Running: /usr/lib/jvm/jdk-14.0.1/bin/java -jar /lab/itti/projects/checkers-competition/server/referee.jar on run_22_vdhankar_fyuxin #####
Move is valid
##### SUCCESS: /usr/lib/jvm/jdk-14.0.1/bin/java -jar /lab/itti/projects/checkers-competition/server/referee.jar on run_22_vdhankar_fyuxin #####
INPUT for fyuxin:
GAME
BLACK
281.14
.b.b...b
w.b.b...
...b.b.b
b.......
...w...w
w.......
.w.w.w..
w.w.w...
##### Running: /usr/bin/time -o time_22_vdhankar_fyuxin.txt -f "%U" /usr/lib/jvm/jdk-14.0.1/bin/java homework > stulog.txt 2>&1 on fyuxin #####
##### SUCCESS: /usr/bin/time -o time_22_vdhankar_fyuxin.txt -f "%U" /usr/lib/jvm/jdk-14.0.1/bin/java homework > stulog.txt 2>&1 on fyuxin #####
##### fyuxin plays [E c7 b6] in 3.41s #####
##### Running: /usr/lib/jvm/jdk-14.0.1/bin/java -jar /lab/itti/projects/checkers-competition/server/referee.jar on run_22_vdhankar_fyuxin #####
Move is valid
##### SUCCESS: /usr/lib/jvm/jdk-14.0.1/bin/java -jar /lab/itti/projects/checkers-competition/server/referee.jar on run_22_vdhankar_fyuxin #####
INPUT for vdhankar:
GAME
WHITE
250.931067705154
.b.b...b
w...b...
.b.b.b.b
b.......
...w...w
w.......
.w.w.w..
w.w.w...
##### Running: /usr/bin/time -o time_22_vdhankar_fyuxin.txt -f "%U" python3 homework.py > stulog.txt 2>&1 on vdhankar #####
child exited with value 1
##### ERROR: /usr/bin/time -o time_22_vdhankar_fyuxin.txt -f "%U" python3 homework.py > stulog.txt 2>&1 on vdhankar #####
##### Output of failed program (stdout + stderr): #####
Traceback (most recent call last):
  File "homework.py", line 546, in <module>
    print(end-start)
NameError: name 'end' is not defined
##### End of output of failed program #####
##### vdhankar plays [E f2 g3] in 9.93892288208008s #####
##### Running: /usr/lib/jvm/jdk-14.0.1/bin/java -jar /lab/itti/projects/checkers-competition/server/referee.jar on run_22_vdhankar_fyuxin #####
Move is valid
##### SUCCESS: /usr/lib/jvm/jdk-14.0.1/bin/java -jar /lab/itti/projects/checkers-competition/server/referee.jar on run_22_vdhankar_fyuxin #####
INPUT for fyuxin:
GAME
BLACK
277.73
.b.b...b
w...b...
.b.b.b.b
b.......
...w...w
w.....w.
.w.w....
w.w.w...
##### Running: /usr/bin/time -o time_22_vdhankar_fyuxin.txt -f "%U" /usr/lib/jvm/jdk-14.0.1/bin/java homework > stulog.txt 2>&1 on fyuxin #####
##### SUCCESS: /usr/bin/time -o time_22_vdhankar_fyuxin.txt -f "%U" /usr/lib/jvm/jdk-14.0.1/bin/java homework > stulog.txt 2>&1 on fyuxin #####
##### fyuxin plays [E d6 c5] in 3.35s #####
##### Running: /usr/lib/jvm/jdk-14.0.1/bin/java -jar /lab/itti/projects/checkers-competition/server/referee.jar on run_22_vdhankar_fyuxin #####
Move is valid
##### SUCCESS: /usr/lib/jvm/jdk-14.0.1/bin/java -jar /lab/itti/projects/checkers-competition/server/referee.jar on run_22_vdhankar_fyuxin #####
INPUT for vdhankar:
GAME
WHITE
240.992144823074
.b.b...b
w...b...
.b...b.b
b.b.....
...w...w
w.....w.
.w.w....
w.w.w...
##### Running: /usr/bin/time -o time_22_vdhankar_fyuxin.txt -f "%U" python3 homework.py > stulog.txt 2>&1 on vdhankar #####
child exited with value 1
##### ERROR: /usr/bin/time -o time_22_vdhankar_fyuxin.txt -f "%U" python3 homework.py > stulog.txt 2>&1 on vdhankar #####
##### Output of failed program (stdout + stderr): #####
Traceback (most recent call last):
  File "homework.py", line 546, in <module>
    print(end-start)
NameError: name 'end' is not defined
##### End of output of failed program #####
##### vdhankar plays [E d2 e3] in 5.05134701728821s #####
##### Running: /usr/lib/jvm/jdk-14.0.1/bin/java -jar /lab/itti/projects/checkers-competition/server/referee.jar on run_22_vdhankar_fyuxin #####
Move is valid
##### SUCCESS: /usr/lib/jvm/jdk-14.0.1/bin/java -jar /lab/itti/projects/checkers-competition/server/referee.jar on run_22_vdhankar_fyuxin #####
INPUT for fyuxin:
GAME
BLACK
274.38
.b.b...b
w...b...
.b...b.b
b.b.....
...w...w
w...w.w.
.w......
w.w.w...
##### Running: /usr/bin/time -o time_22_vdhankar_fyuxin.txt -f "%U" /usr/lib/jvm/jdk-14.0.1/bin/java homework > stulog.txt 2>&1 on fyuxin #####
##### SUCCESS: /usr/bin/time -o time_22_vdhankar_fyuxin.txt -f "%U" /usr/lib/jvm/jdk-14.0.1/bin/java homework > stulog.txt 2>&1 on fyuxin #####
##### fyuxin plays [E f6 e5] in 3.52s #####
##### Running: /usr/lib/jvm/jdk-14.0.1/bin/java -jar /lab/itti/projects/checkers-competition/server/referee.jar on run_22_vdhankar_fyuxin #####
Move is valid
##### SUCCESS: /usr/lib/jvm/jdk-14.0.1/bin/java -jar /lab/itti/projects/checkers-competition/server/referee.jar on run_22_vdhankar_fyuxin #####
INPUT for vdhankar:
GAME
WHITE
235.940797805786
.b.b...b
w...b...
.b.....b
b.b.b...
...w...w
w...w.w.
.w......
w.w.w...
##### Running: /usr/bin/time -o time_22_vdhankar_fyuxin.txt -f "%U" python3 homework.py > stulog.txt 2>&1 on vdhankar #####
child exited with value 1
##### ERROR: /usr/bin/time -o time_22_vdhankar_fyuxin.txt -f "%U" python3 homework.py > stulog.txt 2>&1 on vdhankar #####
##### Output of failed program (stdout + stderr): #####
Traceback (most recent call last):
  File "homework.py", line 546, in <module>
    print(end-start)
NameError: name 'end' is not defined
##### End of output of failed program #####
##### vdhankar plays [J d4 f6] in 0.528710842132568s #####
##### Running: /usr/lib/jvm/jdk-14.0.1/bin/java -jar /lab/itti/projects/checkers-competition/server/referee.jar on run_22_vdhankar_fyuxin #####
Move is valid
##### SUCCESS: /usr/lib/jvm/jdk-14.0.1/bin/java -jar /lab/itti/projects/checkers-competition/server/referee.jar on run_22_vdhankar_fyuxin #####
INPUT for fyuxin:
GAME
BLACK
270.86
.b.b...b
w...b...
.b...w.b
b.b.....
.......w
w...w.w.
.w......
w.w.w...
##### Running: /usr/bin/time -o time_22_vdhankar_fyuxin.txt -f "%U" /usr/lib/jvm/jdk-14.0.1/bin/java homework > stulog.txt 2>&1 on fyuxin #####
##### SUCCESS: /usr/bin/time -o time_22_vdhankar_fyuxin.txt -f "%U" /usr/lib/jvm/jdk-14.0.1/bin/java homework > stulog.txt 2>&1 on fyuxin #####
##### fyuxin plays [J e7 g5] in 1.53s #####
##### Running: /usr/lib/jvm/jdk-14.0.1/bin/java -jar /lab/itti/projects/checkers-competition/server/referee.jar on run_22_vdhankar_fyuxin #####
Move is valid
##### SUCCESS: /usr/lib/jvm/jdk-14.0.1/bin/java -jar /lab/itti/projects/checkers-competition/server/referee.jar on run_22_vdhankar_fyuxin #####
INPUT for vdhankar:
GAME
WHITE
235.412086963654
.b.b...b
w.......
.b.....b
b.b...b.
.......w
w...w.w.
.w......
w.w.w...
##### Running: /usr/bin/time -o time_22_vdhankar_fyuxin.txt -f "%U" python3 homework.py > stulog.txt 2>&1 on vdhankar #####
child exited with value 1
##### ERROR: /usr/bin/time -o time_22_vdhankar_fyuxin.txt -f "%U" python3 homework.py > stulog.txt 2>&1 on vdhankar #####
##### Output of failed program (stdout + stderr): #####
Traceback (most recent call last):
  File "homework.py", line 546, in <module>
    print(end-start)
NameError: name 'end' is not defined
##### End of output of failed program #####
##### vdhankar plays [J h4 f6] in 2.90626502037048s #####
##### Running: /usr/lib/jvm/jdk-14.0.1/bin/java -jar /lab/itti/projects/checkers-competition/server/referee.jar on run_22_vdhankar_fyuxin #####
Move is valid
##### SUCCESS: /usr/lib/jvm/jdk-14.0.1/bin/java -jar /lab/itti/projects/checkers-competition/server/referee.jar on run_22_vdhankar_fyuxin #####
INPUT for fyuxin:
GAME
BLACK
269.33
.b.b...b
w.......
.b...w.b
b.b.....
........
w...w.w.
.w......
w.w.w...
##### Running: /usr/bin/time -o time_22_vdhankar_fyuxin.txt -f "%U" /usr/lib/jvm/jdk-14.0.1/bin/java homework > stulog.txt 2>&1 on fyuxin #####
##### SUCCESS: /usr/bin/time -o time_22_vdhankar_fyuxin.txt -f "%U" /usr/lib/jvm/jdk-14.0.1/bin/java homework > stulog.txt 2>&1 on fyuxin #####
##### fyuxin plays [E c5 b4] in 5.95s #####
##### Running: /usr/lib/jvm/jdk-14.0.1/bin/java -jar /lab/itti/projects/checkers-competition/server/referee.jar on run_22_vdhankar_fyuxin #####
Move is valid
##### SUCCESS: /usr/lib/jvm/jdk-14.0.1/bin/java -jar /lab/itti/projects/checkers-competition/server/referee.jar on run_22_vdhankar_fyuxin #####
INPUT for vdhankar:
GAME
WHITE
232.505821943283
.b.b...b
w.......
.b...w.b
b.......
.b......
w...w.w.
.w......
w.w.w...
##### Running: /usr/bin/time -o time_22_vdhankar_fyuxin.txt -f "%U" python3 homework.py > stulog.txt 2>&1 on vdhankar #####
child exited with value 1
##### ERROR: /usr/bin/time -o time_22_vdhankar_fyuxin.txt -f "%U" python3 homework.py > stulog.txt 2>&1 on vdhankar #####
##### Output of failed program (stdout + stderr): #####
Traceback (most recent call last):
  File "homework.py", line 546, in <module>
    print(end-start)
NameError: name 'end' is not defined
##### End of output of failed program #####
##### vdhankar plays [J a3 c5] in 1.37234997749329s #####
##### Running: /usr/lib/jvm/jdk-14.0.1/bin/java -jar /lab/itti/projects/checkers-competition/server/referee.jar on run_22_vdhankar_fyuxin #####
Move is valid
##### SUCCESS: /usr/lib/jvm/jdk-14.0.1/bin/java -jar /lab/itti/projects/checkers-competition/server/referee.jar on run_22_vdhankar_fyuxin #####
INPUT for fyuxin:
GAME
BLACK
263.38
.b.b...b
w.......
.b...w.b
b.w.....
........
....w.w.
.w......
w.w.w...
##### Running: /usr/bin/time -o time_22_vdhankar_fyuxin.txt -f "%U" /usr/lib/jvm/jdk-14.0.1/bin/java homework > stulog.txt 2>&1 on fyuxin #####
##### SUCCESS: /usr/bin/time -o time_22_vdhankar_fyuxin.txt -f "%U" /usr/lib/jvm/jdk-14.0.1/bin/java homework > stulog.txt 2>&1 on fyuxin #####
##### fyuxin plays [J b6 d4 ; J d4 f2] in 4.13s #####
##### Running: /usr/lib/jvm/jdk-14.0.1/bin/java -jar /lab/itti/projects/checkers-competition/server/referee.jar on run_22_vdhankar_fyuxin #####
Move is valid
##### SUCCESS: /usr/lib/jvm/jdk-14.0.1/bin/java -jar /lab/itti/projects/checkers-competition/server/referee.jar on run_22_vdhankar_fyuxin #####
INPUT for vdhankar:
GAME
WHITE
231.13347196579
.b.b...b
w.......
.....w.b
b.......
........
......w.
.w...b..
w.w.w...
##### Running: /usr/bin/time -o time_22_vdhankar_fyuxin.txt -f "%U" python3 homework.py > stulog.txt 2>&1 on vdhankar #####
child exited with value 1
##### ERROR: /usr/bin/time -o time_22_vdhankar_fyuxin.txt -f "%U" python3 homework.py > stulog.txt 2>&1 on vdhankar #####
##### Output of failed program (stdout + stderr): #####
Traceback (most recent call last):
  File "homework.py", line 546, in <module>
    print(end-start)
NameError: name 'end' is not defined
##### End of output of failed program #####
##### vdhankar plays [E g3 f4] in 12.8749389648438s #####
##### Running: /usr/lib/jvm/jdk-14.0.1/bin/java -jar /lab/itti/projects/checkers-competition/server/referee.jar on run_22_vdhankar_fyuxin #####
Move is valid
##### SUCCESS: /usr/lib/jvm/jdk-14.0.1/bin/java -jar /lab/itti/projects/checkers-competition/server/referee.jar on run_22_vdhankar_fyuxin #####
INPUT for fyuxin:
GAME
BLACK
259.25
.b.b...b
w.......
.....w.b
b.......
.....w..
........
.w...b..
w.w.w...
##### Running: /usr/bin/time -o time_22_vdhankar_fyuxin.txt -f "%U" /usr/lib/jvm/jdk-14.0.1/bin/java homework > stulog.txt 2>&1 on fyuxin #####
##### SUCCESS: /usr/bin/time -o time_22_vdhankar_fyuxin.txt -f "%U" /usr/lib/jvm/jdk-14.0.1/bin/java homework > stulog.txt 2>&1 on fyuxin #####
##### fyuxin plays [E f2 g1] in 3.37s #####
##### Running: /usr/lib/jvm/jdk-14.0.1/bin/java -jar /lab/itti/projects/checkers-competition/server/referee.jar on run_22_vdhankar_fyuxin #####
Move is valid
##### SUCCESS: /usr/lib/jvm/jdk-14.0.1/bin/java -jar /lab/itti/projects/checkers-competition/server/referee.jar on run_22_vdhankar_fyuxin #####
INPUT for vdhankar:
GAME
WHITE
218.258533000946
.b.b...b
w.......
.....w.b
b.......
.....w..
........
.w......
w.w.w.B.
##### Running: /usr/bin/time -o time_22_vdhankar_fyuxin.txt -f "%U" python3 homework.py > stulog.txt 2>&1 on vdhankar #####
child exited with value 1
##### ERROR: /usr/bin/time -o time_22_vdhankar_fyuxin.txt -f "%U" python3 homework.py > stulog.txt 2>&1 on vdhankar #####
##### Output of failed program (stdout + stderr): #####
Traceback (most recent call last):
  File "homework.py", line 546, in <module>
    print(end-start)
NameError: name 'end' is not defined
##### End of output of failed program #####
##### vdhankar plays [E f4 e5] in 14.0022110939026s #####
##### Running: /usr/lib/jvm/jdk-14.0.1/bin/java -jar /lab/itti/projects/checkers-competition/server/referee.jar on run_22_vdhankar_fyuxin #####
Move is valid
##### SUCCESS: /usr/lib/jvm/jdk-14.0.1/bin/java -jar /lab/itti/projects/checkers-competition/server/referee.jar on run_22_vdhankar_fyuxin #####
INPUT for fyuxin:
GAME
BLACK
255.88
.b.b...b
w.......
.....w.b
b...w...
........
........
.w......
w.w.w.B.
##### Running: /usr/bin/time -o time_22_vdhankar_fyuxin.txt -f "%U" /usr/lib/jvm/jdk-14.0.1/bin/java homework > stulog.txt 2>&1 on fyuxin #####
##### SUCCESS: /usr/bin/time -o time_22_vdhankar_fyuxin.txt -f "%U" /usr/lib/jvm/jdk-14.0.1/bin/java homework > stulog.txt 2>&1 on fyuxin #####
##### fyuxin plays [E h6 g5] in 6.06s #####
##### Running: /usr/lib/jvm/jdk-14.0.1/bin/java -jar /lab/itti/projects/checkers-competition/server/referee.jar on run_22_vdhankar_fyuxin #####
Move is valid
##### SUCCESS: /usr/lib/jvm/jdk-14.0.1/bin/java -jar /lab/itti/projects/checkers-competition/server/referee.jar on run_22_vdhankar_fyuxin #####
INPUT for vdhankar:
GAME
WHITE
204.256321907043
.b.b...b
w.......
.....w..
b...w.b.
........
........
.w......
w.w.w.B.
##### Running: /usr/bin/time -o time_22_vdhankar_fyuxin.txt -f "%U" python3 homework.py > stulog.txt 2>&1 on vdhankar #####
child exited with value 1
##### ERROR: /usr/bin/time -o time_22_vdhankar_fyuxin.txt -f "%U" python3 homework.py > stulog.txt 2>&1 on vdhankar #####
##### Output of failed program (stdout + stderr): #####
Traceback (most recent call last):
  File "homework.py", line 546, in <module>
    print(end-start)
NameError: name 'end' is not defined
##### End of output of failed program #####
##### vdhankar plays [E e1 f2] in 13.9878721237183s #####
##### Running: /usr/lib/jvm/jdk-14.0.1/bin/java -jar /lab/itti/projects/checkers-competition/server/referee.jar on run_22_vdhankar_fyuxin #####
Move is valid
##### SUCCESS: /usr/lib/jvm/jdk-14.0.1/bin/java -jar /lab/itti/projects/checkers-competition/server/referee.jar on run_22_vdhankar_fyuxin #####
INPUT for fyuxin:
GAME
BLACK
249.82
.b.b...b
w.......
.....w..
b...w.b.
........
........
.w...w..
w.w...B.
##### Running: /usr/bin/time -o time_22_vdhankar_fyuxin.txt -f "%U" /usr/lib/jvm/jdk-14.0.1/bin/java homework > stulog.txt 2>&1 on fyuxin #####
##### SUCCESS: /usr/bin/time -o time_22_vdhankar_fyuxin.txt -f "%U" /usr/lib/jvm/jdk-14.0.1/bin/java homework > stulog.txt 2>&1 on fyuxin #####
##### fyuxin plays [J g1 e3] in 2.58s #####
##### Running: /usr/lib/jvm/jdk-14.0.1/bin/java -jar /lab/itti/projects/checkers-competition/server/referee.jar on run_22_vdhankar_fyuxin #####
Move is valid
##### SUCCESS: /usr/lib/jvm/jdk-14.0.1/bin/java -jar /lab/itti/projects/checkers-competition/server/referee.jar on run_22_vdhankar_fyuxin #####
INPUT for vdhankar:
GAME
WHITE
190.268449783325
.b.b...b
w.......
.....w..
b...w.b.
........
....B...
.w......
w.w.....
##### Running: /usr/bin/time -o time_22_vdhankar_fyuxin.txt -f "%U" python3 homework.py > stulog.txt 2>&1 on vdhankar #####
child exited with value 1
##### ERROR: /usr/bin/time -o time_22_vdhankar_fyuxin.txt -f "%U" python3 homework.py > stulog.txt 2>&1 on vdhankar #####
##### Output of failed program (stdout + stderr): #####
Traceback (most recent call last):
  File "homework.py", line 546, in <module>
    print(end-start)
NameError: name 'end' is not defined
##### End of output of failed program #####
##### vdhankar plays [E e5 d6] in 4.22303605079651s #####
##### Running: /usr/lib/jvm/jdk-14.0.1/bin/java -jar /lab/itti/projects/checkers-competition/server/referee.jar on run_22_vdhankar_fyuxin #####
Move is valid
##### SUCCESS: /usr/lib/jvm/jdk-14.0.1/bin/java -jar /lab/itti/projects/checkers-competition/server/referee.jar on run_22_vdhankar_fyuxin #####
INPUT for fyuxin:
GAME
BLACK
247.24
.b.b...b
w.......
...w.w..
b.....b.
........
....B...
.w......
w.w.....
##### Running: /usr/bin/time -o time_22_vdhankar_fyuxin.txt -f "%U" /usr/lib/jvm/jdk-14.0.1/bin/java homework > stulog.txt 2>&1 on fyuxin #####
##### SUCCESS: /usr/bin/time -o time_22_vdhankar_fyuxin.txt -f "%U" /usr/lib/jvm/jdk-14.0.1/bin/java homework > stulog.txt 2>&1 on fyuxin #####
##### fyuxin plays [E e3 f2] in 4.84s #####
##### Running: /usr/lib/jvm/jdk-14.0.1/bin/java -jar /lab/itti/projects/checkers-competition/server/referee.jar on run_22_vdhankar_fyuxin #####
Move is valid
##### SUCCESS: /usr/lib/jvm/jdk-14.0.1/bin/java -jar /lab/itti/projects/checkers-competition/server/referee.jar on run_22_vdhankar_fyuxin #####
INPUT for vdhankar:
GAME
WHITE
186.045413732529
.b.b...b
w.......
...w.w..
b.....b.
........
........
.w...B..
w.w.....
##### Running: /usr/bin/time -o time_22_vdhankar_fyuxin.txt -f "%U" python3 homework.py > stulog.txt 2>&1 on vdhankar #####
child exited with value 1
##### ERROR: /usr/bin/time -o time_22_vdhankar_fyuxin.txt -f "%U" python3 homework.py > stulog.txt 2>&1 on vdhankar #####
##### Output of failed program (stdout + stderr): #####
Traceback (most recent call last):
  File "homework.py", line 546, in <module>
    print(end-start)
NameError: name 'end' is not defined
##### End of output of failed program #####
##### vdhankar plays [E d6 e7] in 8.46130013465881s #####
##### Running: /usr/lib/jvm/jdk-14.0.1/bin/java -jar /lab/itti/projects/checkers-competition/server/referee.jar on run_22_vdhankar_fyuxin #####
Move is valid
##### SUCCESS: /usr/lib/jvm/jdk-14.0.1/bin/java -jar /lab/itti/projects/checkers-competition/server/referee.jar on run_22_vdhankar_fyuxin #####
INPUT for fyuxin:
GAME
BLACK
242.4
.b.b...b
w...w...
.....w..
b.....b.
........
........
.w...B..
w.w.....
##### Running: /usr/bin/time -o time_22_vdhankar_fyuxin.txt -f "%U" /usr/lib/jvm/jdk-14.0.1/bin/java homework > stulog.txt 2>&1 on fyuxin #####
##### SUCCESS: /usr/bin/time -o time_22_vdhankar_fyuxin.txt -f "%U" /usr/lib/jvm/jdk-14.0.1/bin/java homework > stulog.txt 2>&1 on fyuxin #####
##### fyuxin plays [E f2 g3] in 7.32s #####
##### Running: /usr/lib/jvm/jdk-14.0.1/bin/java -jar /lab/itti/projects/checkers-competition/server/referee.jar on run_22_vdhankar_fyuxin #####
Move is valid
##### SUCCESS: /usr/lib/jvm/jdk-14.0.1/bin/java -jar /lab/itti/projects/checkers-competition/server/referee.jar on run_22_vdhankar_fyuxin #####
INPUT for vdhankar:
GAME
WHITE
177.58411359787
.b.b...b
w...w...
.....w..
b.....b.
........
......B.
.w......
w.w.....
##### Running: /usr/bin/time -o time_22_vdhankar_fyuxin.txt -f "%U" python3 homework.py > stulog.txt 2>&1 on vdhankar #####
child exited with value 1
##### ERROR: /usr/bin/time -o time_22_vdhankar_fyuxin.txt -f "%U" python3 homework.py > stulog.txt 2>&1 on vdhankar #####
##### Output of failed program (stdout + stderr): #####
Traceback (most recent call last):
  File "homework.py", line 546, in <module>
    print(end-start)
NameError: name 'end' is not defined
##### End of output of failed program #####
##### vdhankar plays [E b2 c3] in 10.2713530063629s #####
##### Running: /usr/lib/jvm/jdk-14.0.1/bin/java -jar /lab/itti/projects/checkers-competition/server/referee.jar on run_22_vdhankar_fyuxin #####
Move is valid
##### SUCCESS: /usr/lib/jvm/jdk-14.0.1/bin/java -jar /lab/itti/projects/checkers-competition/server/referee.jar on run_22_vdhankar_fyuxin #####
INPUT for fyuxin:
GAME
BLACK
235.08
.b.b...b
w...w...
.....w..
b.....b.
........
..w...B.
........
w.w.....
##### Running: /usr/bin/time -o time_22_vdhankar_fyuxin.txt -f "%U" /usr/lib/jvm/jdk-14.0.1/bin/java homework > stulog.txt 2>&1 on fyuxin #####
##### SUCCESS: /usr/bin/time -o time_22_vdhankar_fyuxin.txt -f "%U" /usr/lib/jvm/jdk-14.0.1/bin/java homework > stulog.txt 2>&1 on fyuxin #####
##### fyuxin plays [E g5 f4] in 6.03s #####
##### Running: /usr/lib/jvm/jdk-14.0.1/bin/java -jar /lab/itti/projects/checkers-competition/server/referee.jar on run_22_vdhankar_fyuxin #####
Move is valid
##### SUCCESS: /usr/lib/jvm/jdk-14.0.1/bin/java -jar /lab/itti/projects/checkers-competition/server/referee.jar on run_22_vdhankar_fyuxin #####
INPUT for vdhankar:
GAME
WHITE
167.312760591507
.b.b...b
w...w...
.....w..
b.......
.....b..
..w...B.
........
w.w.....
##### Running: /usr/bin/time -o time_22_vdhankar_fyuxin.txt -f "%U" python3 homework.py > stulog.txt 2>&1 on vdhankar #####
child exited with value 1
##### ERROR: /usr/bin/time -o time_22_vdhankar_fyuxin.txt -f "%U" python3 homework.py > stulog.txt 2>&1 on vdhankar #####
##### Output of failed program (stdout + stderr): #####
Traceback (most recent call last):
  File "homework.py", line 546, in <module>
    print(end-start)
NameError: name 'end' is not defined
##### End of output of failed program #####
##### vdhankar plays [E c1 d2] in 8.52354288101196s #####
##### Running: /usr/lib/jvm/jdk-14.0.1/bin/java -jar /lab/itti/projects/checkers-competition/server/referee.jar on run_22_vdhankar_fyuxin #####
Move is valid
##### SUCCESS: /usr/lib/jvm/jdk-14.0.1/bin/java -jar /lab/itti/projects/checkers-competition/server/referee.jar on run_22_vdhankar_fyuxin #####
INPUT for fyuxin:
GAME
BLACK
229.05
.b.b...b
w...w...
.....w..
b.......
.....b..
..w...B.
...w....
w.......
##### Running: /usr/bin/time -o time_22_vdhankar_fyuxin.txt -f "%U" /usr/lib/jvm/jdk-14.0.1/bin/java homework > stulog.txt 2>&1 on fyuxin #####
##### SUCCESS: /usr/bin/time -o time_22_vdhankar_fyuxin.txt -f "%U" /usr/lib/jvm/jdk-14.0.1/bin/java homework > stulog.txt 2>&1 on fyuxin #####
##### fyuxin plays [E g3 h4] in 3.24s #####
##### Running: /usr/lib/jvm/jdk-14.0.1/bin/java -jar /lab/itti/projects/checkers-competition/server/referee.jar on run_22_vdhankar_fyuxin #####
Move is valid
##### SUCCESS: /usr/lib/jvm/jdk-14.0.1/bin/java -jar /lab/itti/projects/checkers-competition/server/referee.jar on run_22_vdhankar_fyuxin #####
INPUT for vdhankar:
GAME
WHITE
158.789217710495
.b.b...b
w...w...
.....w..
b.......
.....b.B
..w.....
...w....
w.......
##### Running: /usr/bin/time -o time_22_vdhankar_fyuxin.txt -f "%U" python3 homework.py > stulog.txt 2>&1 on vdhankar #####
child exited with value 1
##### ERROR: /usr/bin/time -o time_22_vdhankar_fyuxin.txt -f "%U" python3 homework.py > stulog.txt 2>&1 on vdhankar #####
##### Output of failed program (stdout + stderr): #####
Traceback (most recent call last):
  File "homework.py", line 546, in <module>
    print(end-start)
NameError: name 'end' is not defined
##### End of output of failed program #####
##### vdhankar plays [E a1 b2] in 7.76546907424927s #####
##### Running: /usr/lib/jvm/jdk-14.0.1/bin/java -jar /lab/itti/projects/checkers-competition/server/referee.jar on run_22_vdhankar_fyuxin #####
Move is valid
##### SUCCESS: /usr/lib/jvm/jdk-14.0.1/bin/java -jar /lab/itti/projects/checkers-competition/server/referee.jar on run_22_vdhankar_fyuxin #####
INPUT for fyuxin:
GAME
BLACK
225.81
.b.b...b
w...w...
.....w..
b.......
.....b.B
..w.....
.w.w....
........
##### Running: /usr/bin/time -o time_22_vdhankar_fyuxin.txt -f "%U" /usr/lib/jvm/jdk-14.0.1/bin/java homework > stulog.txt 2>&1 on fyuxin #####
##### SUCCESS: /usr/bin/time -o time_22_vdhankar_fyuxin.txt -f "%U" /usr/lib/jvm/jdk-14.0.1/bin/java homework > stulog.txt 2>&1 on fyuxin #####
##### fyuxin plays [E h4 g3] in 5.01s #####
##### Running: /usr/lib/jvm/jdk-14.0.1/bin/java -jar /lab/itti/projects/checkers-competition/server/referee.jar on run_22_vdhankar_fyuxin #####
Move is valid
##### SUCCESS: /usr/lib/jvm/jdk-14.0.1/bin/java -jar /lab/itti/projects/checkers-competition/server/referee.jar on run_22_vdhankar_fyuxin #####
INPUT for vdhankar:
GAME
WHITE
151.023748636246
.b.b...b
w...w...
.....w..
b.......
.....b..
..w...B.
.w.w....
........
##### Running: /usr/bin/time -o time_22_vdhankar_fyuxin.txt -f "%U" python3 homework.py > stulog.txt 2>&1 on vdhankar #####
child exited with value 1
##### ERROR: /usr/bin/time -o time_22_vdhankar_fyuxin.txt -f "%U" python3 homework.py > stulog.txt 2>&1 on vdhankar #####
##### Output of failed program (stdout + stderr): #####
Traceback (most recent call last):
  File "homework.py", line 546, in <module>
    print(end-start)
NameError: name 'end' is not defined
##### End of output of failed program #####
##### vdhankar plays [E e7 f8] in 7.1424081325531s #####
##### Running: /usr/lib/jvm/jdk-14.0.1/bin/java -jar /lab/itti/projects/checkers-competition/server/referee.jar on run_22_vdhankar_fyuxin #####
Move is valid
##### SUCCESS: /usr/lib/jvm/jdk-14.0.1/bin/java -jar /lab/itti/projects/checkers-competition/server/referee.jar on run_22_vdhankar_fyuxin #####
INPUT for fyuxin:
GAME
BLACK
220.8
.b.b.W.b
w.......
.....w..
b.......
.....b..
..w...B.
.w.w....
........
##### Running: /usr/bin/time -o time_22_vdhankar_fyuxin.txt -f "%U" /usr/lib/jvm/jdk-14.0.1/bin/java homework > stulog.txt 2>&1 on fyuxin #####
##### SUCCESS: /usr/bin/time -o time_22_vdhankar_fyuxin.txt -f "%U" /usr/lib/jvm/jdk-14.0.1/bin/java homework > stulog.txt 2>&1 on fyuxin #####
##### fyuxin plays [E g3 h2] in 3.46s #####
##### Running: /usr/lib/jvm/jdk-14.0.1/bin/java -jar /lab/itti/projects/checkers-competition/server/referee.jar on run_22_vdhankar_fyuxin #####
Move is valid
##### SUCCESS: /usr/lib/jvm/jdk-14.0.1/bin/java -jar /lab/itti/projects/checkers-competition/server/referee.jar on run_22_vdhankar_fyuxin #####
INPUT for vdhankar:
GAME
WHITE
143.881340503693
.b.b.W.b
w.......
.....w..
b.......
.....b..
..w.....
.w.w...B
........
##### Running: /usr/bin/time -o time_22_vdhankar_fyuxin.txt -f "%U" python3 homework.py > stulog.txt 2>&1 on vdhankar #####
child exited with value 1
##### ERROR: /usr/bin/time -o time_22_vdhankar_fyuxin.txt -f "%U" python3 homework.py > stulog.txt 2>&1 on vdhankar #####
##### Output of failed program (stdout + stderr): #####
Traceback (most recent call last):
  File "homework.py", line 546, in <module>
    print(end-start)
NameError: name 'end' is not defined
##### End of output of failed program #####
##### vdhankar plays [E c3 d4] in 16.9637567996979s #####
##### Running: /usr/lib/jvm/jdk-14.0.1/bin/java -jar /lab/itti/projects/checkers-competition/server/referee.jar on run_22_vdhankar_fyuxin #####
Move is valid
##### SUCCESS: /usr/lib/jvm/jdk-14.0.1/bin/java -jar /lab/itti/projects/checkers-competition/server/referee.jar on run_22_vdhankar_fyuxin #####
INPUT for fyuxin:
GAME
BLACK
217.34
.b.b.W.b
w.......
.....w..
b.......
...w.b..
........
.w.w...B
........
##### Running: /usr/bin/time -o time_22_vdhankar_fyuxin.txt -f "%U" /usr/lib/jvm/jdk-14.0.1/bin/java homework > stulog.txt 2>&1 on fyuxin #####
##### SUCCESS: /usr/bin/time -o time_22_vdhankar_fyuxin.txt -f "%U" /usr/lib/jvm/jdk-14.0.1/bin/java homework > stulog.txt 2>&1 on fyuxin #####
##### fyuxin plays [E a5 b4] in 5.42s #####
##### Running: /usr/lib/jvm/jdk-14.0.1/bin/java -jar /lab/itti/projects/checkers-competition/server/referee.jar on run_22_vdhankar_fyuxin #####
Move is valid
##### SUCCESS: /usr/lib/jvm/jdk-14.0.1/bin/java -jar /lab/itti/projects/checkers-competition/server/referee.jar on run_22_vdhankar_fyuxin #####
INPUT for vdhankar:
GAME
WHITE
126.917583703995
.b.b.W.b
w.......
.....w..
........
.b.w.b..
........
.w.w...B
........
##### Running: /usr/bin/time -o time_22_vdhankar_fyuxin.txt -f "%U" python3 homework.py > stulog.txt 2>&1 on vdhankar #####
child exited with value 1
##### ERROR: /usr/bin/time -o time_22_vdhankar_fyuxin.txt -f "%U" python3 homework.py > stulog.txt 2>&1 on vdhankar #####
##### Output of failed program (stdout + stderr): #####
Traceback (most recent call last):
  File "homework.py", line 546, in <module>
    print(end-start)
NameError: name 'end' is not defined
##### End of output of failed program #####
##### vdhankar plays [E b2 c3] in 14.5351769924164s #####
##### Running: /usr/lib/jvm/jdk-14.0.1/bin/java -jar /lab/itti/projects/checkers-competition/server/referee.jar on run_22_vdhankar_fyuxin #####
Move is valid
##### SUCCESS: /usr/lib/jvm/jdk-14.0.1/bin/java -jar /lab/itti/projects/checkers-competition/server/referee.jar on run_22_vdhankar_fyuxin #####
INPUT for fyuxin:
GAME
BLACK
211.92
.b.b.W.b
w.......
.....w..
........
.b.w.b..
..w.....
...w...B
........
##### Running: /usr/bin/time -o time_22_vdhankar_fyuxin.txt -f "%U" /usr/lib/jvm/jdk-14.0.1/bin/java homework > stulog.txt 2>&1 on fyuxin #####
##### SUCCESS: /usr/bin/time -o time_22_vdhankar_fyuxin.txt -f "%U" /usr/lib/jvm/jdk-14.0.1/bin/java homework > stulog.txt 2>&1 on fyuxin #####
##### fyuxin plays [E f4 g3] in 3.71s #####
##### Running: /usr/lib/jvm/jdk-14.0.1/bin/java -jar /lab/itti/projects/checkers-competition/server/referee.jar on run_22_vdhankar_fyuxin #####
Move is valid
##### SUCCESS: /usr/lib/jvm/jdk-14.0.1/bin/java -jar /lab/itti/projects/checkers-competition/server/referee.jar on run_22_vdhankar_fyuxin #####
INPUT for vdhankar:
GAME
WHITE
112.382406711578
.b.b.W.b
w.......
.....w..
........
.b.w....
..w...b.
...w...B
........
##### Running: /usr/bin/time -o time_22_vdhankar_fyuxin.txt -f "%U" python3 homework.py > stulog.txt 2>&1 on vdhankar #####
child exited with value 1
##### ERROR: /usr/bin/time -o time_22_vdhankar_fyuxin.txt -f "%U" python3 homework.py > stulog.txt 2>&1 on vdhankar #####
##### Output of failed program (stdout + stderr): #####
Traceback (most recent call last):
  File "homework.py", line 546, in <module>
    print(end-start)
NameError: name 'end' is not defined
##### End of output of failed program #####
##### vdhankar plays [J c3 a5] in 3.55719995498657s #####
##### Running: /usr/lib/jvm/jdk-14.0.1/bin/java -jar /lab/itti/projects/checkers-competition/server/referee.jar on run_22_vdhankar_fyuxin #####
Move is valid
##### SUCCESS: /usr/lib/jvm/jdk-14.0.1/bin/java -jar /lab/itti/projects/checkers-competition/server/referee.jar on run_22_vdhankar_fyuxin #####
INPUT for fyuxin:
GAME
BLACK
208.21
.b.b.W.b
w.......
.....w..
w.......
...w....
......b.
...w...B
........
##### Running: /usr/bin/time -o time_22_vdhankar_fyuxin.txt -f "%U" /usr/lib/jvm/jdk-14.0.1/bin/java homework > stulog.txt 2>&1 on fyuxin #####
##### SUCCESS: /usr/bin/time -o time_22_vdhankar_fyuxin.txt -f "%U" /usr/lib/jvm/jdk-14.0.1/bin/java homework > stulog.txt 2>&1 on fyuxin #####
##### fyuxin plays [E g3 f2] in 2.77s #####
##### Running: /usr/lib/jvm/jdk-14.0.1/bin/java -jar /lab/itti/projects/checkers-competition/server/referee.jar on run_22_vdhankar_fyuxin #####
Move is valid
##### SUCCESS: /usr/lib/jvm/jdk-14.0.1/bin/java -jar /lab/itti/projects/checkers-competition/server/referee.jar on run_22_vdhankar_fyuxin #####
INPUT for vdhankar:
GAME
WHITE
108.825206756592
.b.b.W.b
w.......
.....w..
w.......
...w....
........
...w.b.B
........
##### Running: /usr/bin/time -o time_22_vdhankar_fyuxin.txt -f "%U" python3 homework.py > stulog.txt 2>&1 on vdhankar #####
child exited with value 1
##### ERROR: /usr/bin/time -o time_22_vdhankar_fyuxin.txt -f "%U" python3 homework.py > stulog.txt 2>&1 on vdhankar #####
##### Output of failed program (stdout + stderr): #####
Traceback (most recent call last):
  File "homework.py", line 546, in <module>
    print(end-start)
NameError: name 'end' is not defined
##### End of output of failed program #####
##### vdhankar plays [E d2 e3] in 12.6031618118286s #####
##### Running: /usr/lib/jvm/jdk-14.0.1/bin/java -jar /lab/itti/projects/checkers-competition/server/referee.jar on run_22_vdhankar_fyuxin #####
Move is valid
##### SUCCESS: /usr/lib/jvm/jdk-14.0.1/bin/java -jar /lab/itti/projects/checkers-competition/server/referee.jar on run_22_vdhankar_fyuxin #####
INPUT for fyuxin:
GAME
BLACK
205.44
.b.b.W.b
w.......
.....w..
w.......
...w....
....w...
.....b.B
........
##### Running: /usr/bin/time -o time_22_vdhankar_fyuxin.txt -f "%U" /usr/lib/jvm/jdk-14.0.1/bin/java homework > stulog.txt 2>&1 on fyuxin #####
##### SUCCESS: /usr/bin/time -o time_22_vdhankar_fyuxin.txt -f "%U" /usr/lib/jvm/jdk-14.0.1/bin/java homework > stulog.txt 2>&1 on fyuxin #####
##### fyuxin plays [E h2 g1] in 4.33s #####
##### Running: /usr/lib/jvm/jdk-14.0.1/bin/java -jar /lab/itti/projects/checkers-competition/server/referee.jar on run_22_vdhankar_fyuxin #####
Move is valid
##### SUCCESS: /usr/lib/jvm/jdk-14.0.1/bin/java -jar /lab/itti/projects/checkers-competition/server/referee.jar on run_22_vdhankar_fyuxin #####
INPUT for vdhankar:
GAME
WHITE
96.2220449447632
.b.b.W.b
w.......
.....w..
w.......
...w....
....w...
.....b..
......B.
##### Running: /usr/bin/time -o time_22_vdhankar_fyuxin.txt -f "%U" python3 homework.py > stulog.txt 2>&1 on vdhankar #####
child exited with value 1
##### ERROR: /usr/bin/time -o time_22_vdhankar_fyuxin.txt -f "%U" python3 homework.py > stulog.txt 2>&1 on vdhankar #####
##### Output of failed program (stdout + stderr): #####
Traceback (most recent call last):
  File "homework.py", line 546, in <module>
    print(end-start)
NameError: name 'end' is not defined
##### End of output of failed program #####
##### vdhankar plays [E e3 f4] in 7.31990218162537s #####
##### Running: /usr/lib/jvm/jdk-14.0.1/bin/java -jar /lab/itti/projects/checkers-competition/server/referee.jar on run_22_vdhankar_fyuxin #####
Move is valid
##### SUCCESS: /usr/lib/jvm/jdk-14.0.1/bin/java -jar /lab/itti/projects/checkers-competition/server/referee.jar on run_22_vdhankar_fyuxin #####
INPUT for fyuxin:
GAME
BLACK
201.11
.b.b.W.b
w.......
.....w..
w.......
...w.w..
........
.....b..
......B.
##### Running: /usr/bin/time -o time_22_vdhankar_fyuxin.txt -f "%U" /usr/lib/jvm/jdk-14.0.1/bin/java homework > stulog.txt 2>&1 on fyuxin #####
##### SUCCESS: /usr/bin/time -o time_22_vdhankar_fyuxin.txt -f "%U" /usr/lib/jvm/jdk-14.0.1/bin/java homework > stulog.txt 2>&1 on fyuxin #####
##### fyuxin plays [E b8 c7] in 3.68s #####
##### Running: /usr/lib/jvm/jdk-14.0.1/bin/java -jar /lab/itti/projects/checkers-competition/server/referee.jar on run_22_vdhankar_fyuxin #####
Move is valid
##### SUCCESS: /usr/lib/jvm/jdk-14.0.1/bin/java -jar /lab/itti/projects/checkers-competition/server/referee.jar on run_22_vdhankar_fyuxin #####
INPUT for vdhankar:
GAME
WHITE
88.9021427631378
...b.W.b
w.b.....
.....w..
w.......
...w.w..
........
.....b..
......B.
##### Running: /usr/bin/time -o time_22_vdhankar_fyuxin.txt -f "%U" python3 homework.py > stulog.txt 2>&1 on vdhankar #####
child exited with value 1
##### ERROR: /usr/bin/time -o time_22_vdhankar_fyuxin.txt -f "%U" python3 homework.py > stulog.txt 2>&1 on vdhankar #####
##### Output of failed program (stdout + stderr): #####
Traceback (most recent call last):
  File "homework.py", line 546, in <module>
    print(end-start)
NameError: name 'end' is not defined
##### End of output of failed program #####
##### vdhankar plays [E f4 e5] in 3.59185290336609s #####
##### Running: /usr/lib/jvm/jdk-14.0.1/bin/java -jar /lab/itti/projects/checkers-competition/server/referee.jar on run_22_vdhankar_fyuxin #####
Move is valid
##### SUCCESS: /usr/lib/jvm/jdk-14.0.1/bin/java -jar /lab/itti/projects/checkers-competition/server/referee.jar on run_22_vdhankar_fyuxin #####
INPUT for fyuxin:
GAME
BLACK
197.43
...b.W.b
w.b.....
.....w..
w...w...
...w....
........
.....b..
......B.
##### Running: /usr/bin/time -o time_22_vdhankar_fyuxin.txt -f "%U" /usr/lib/jvm/jdk-14.0.1/bin/java homework > stulog.txt 2>&1 on fyuxin #####
##### SUCCESS: /usr/bin/time -o time_22_vdhankar_fyuxin.txt -f "%U" /usr/lib/jvm/jdk-14.0.1/bin/java homework > stulog.txt 2>&1 on fyuxin #####
##### fyuxin plays [E c7 b6] in 2.05s #####
##### Running: /usr/lib/jvm/jdk-14.0.1/bin/java -jar /lab/itti/projects/checkers-competition/server/referee.jar on run_22_vdhankar_fyuxin #####
Move is valid
##### SUCCESS: /usr/lib/jvm/jdk-14.0.1/bin/java -jar /lab/itti/projects/checkers-competition/server/referee.jar on run_22_vdhankar_fyuxin #####
INPUT for vdhankar:
GAME
WHITE
85.3102898597717
...b.W.b
w.......
.b...w..
w...w...
...w....
........
.....b..
......B.
##### Running: /usr/bin/time -o time_22_vdhankar_fyuxin.txt -f "%U" python3 homework.py > stulog.txt 2>&1 on vdhankar #####
child exited with value 1
##### ERROR: /usr/bin/time -o time_22_vdhankar_fyuxin.txt -f "%U" python3 homework.py > stulog.txt 2>&1 on vdhankar #####
##### Output of failed program (stdout + stderr): #####
Traceback (most recent call last):
  File "homework.py", line 546, in <module>
    print(end-start)
NameError: name 'end' is not defined
##### End of output of failed program #####
##### vdhankar plays [J a5 c7] in 0.541265964508057s #####
##### Running: /usr/lib/jvm/jdk-14.0.1/bin/java -jar /lab/itti/projects/checkers-competition/server/referee.jar on run_22_vdhankar_fyuxin #####
Move is valid
##### SUCCESS: /usr/lib/jvm/jdk-14.0.1/bin/java -jar /lab/itti/projects/checkers-competition/server/referee.jar on run_22_vdhankar_fyuxin #####
INPUT for fyuxin:
GAME
BLACK
195.38
...b.W.b
w.w.....
.....w..
....w...
...w....
........
.....b..
......B.
##### Running: /usr/bin/time -o time_22_vdhankar_fyuxin.txt -f "%U" /usr/lib/jvm/jdk-14.0.1/bin/java homework > stulog.txt 2>&1 on fyuxin #####
##### SUCCESS: /usr/bin/time -o time_22_vdhankar_fyuxin.txt -f "%U" /usr/lib/jvm/jdk-14.0.1/bin/java homework > stulog.txt 2>&1 on fyuxin #####
##### fyuxin plays [J d8 b6] in 1.09s #####
##### Running: /usr/lib/jvm/jdk-14.0.1/bin/java -jar /lab/itti/projects/checkers-competition/server/referee.jar on run_22_vdhankar_fyuxin #####
Move is valid
##### SUCCESS: /usr/lib/jvm/jdk-14.0.1/bin/java -jar /lab/itti/projects/checkers-competition/server/referee.jar on run_22_vdhankar_fyuxin #####
INPUT for vdhankar:
GAME
WHITE
84.7690238952637
.....W.b
w.......
.b...w..
....w...
...w....
........
.....b..
......B.
##### Running: /usr/bin/time -o time_22_vdhankar_fyuxin.txt -f "%U" python3 homework.py > stulog.txt 2>&1 on vdhankar #####
child exited with value 1
##### ERROR: /usr/bin/time -o time_22_vdhankar_fyuxin.txt -f "%U" python3 homework.py > stulog.txt 2>&1 on vdhankar #####
##### Output of failed program (stdout + stderr): #####
Traceback (most recent call last):
  File "homework.py", line 546, in <module>
    print(end-start)
NameError: name 'end' is not defined
##### End of output of failed program #####
##### vdhankar plays [E f6 e7] in 3.4741358757019s #####
##### Running: /usr/lib/jvm/jdk-14.0.1/bin/java -jar /lab/itti/projects/checkers-competition/server/referee.jar on run_22_vdhankar_fyuxin #####
Move is valid
##### SUCCESS: /usr/lib/jvm/jdk-14.0.1/bin/java -jar /lab/itti/projects/checkers-competition/server/referee.jar on run_22_vdhankar_fyuxin #####
INPUT for fyuxin:
GAME
BLACK
194.29
.....W.b
w...w...
.b......
....w...
...w....
........
.....b..
......B.
##### Running: /usr/bin/time -o time_22_vdhankar_fyuxin.txt -f "%U" /usr/lib/jvm/jdk-14.0.1/bin/java homework > stulog.txt 2>&1 on fyuxin #####
##### SUCCESS: /usr/bin/time -o time_22_vdhankar_fyuxin.txt -f "%U" /usr/lib/jvm/jdk-14.0.1/bin/java homework > stulog.txt 2>&1 on fyuxin #####
##### fyuxin plays [E g1 h2] in 1.95s #####
##### Running: /usr/lib/jvm/jdk-14.0.1/bin/java -jar /lab/itti/projects/checkers-competition/server/referee.jar on run_22_vdhankar_fyuxin #####
Move is valid
##### SUCCESS: /usr/lib/jvm/jdk-14.0.1/bin/java -jar /lab/itti/projects/checkers-competition/server/referee.jar on run_22_vdhankar_fyuxin #####
INPUT for vdhankar:
GAME
WHITE
81.2948880195618
.....W.b
w...w...
.b......
....w...
...w....
........
.....b.B
........
##### Running: /usr/bin/time -o time_22_vdhankar_fyuxin.txt -f "%U" python3 homework.py > stulog.txt 2>&1 on vdhankar #####
child exited with value 1
##### ERROR: /usr/bin/time -o time_22_vdhankar_fyuxin.txt -f "%U" python3 homework.py > stulog.txt 2>&1 on vdhankar #####
##### Output of failed program (stdout + stderr): #####
Traceback (most recent call last):
  File "homework.py", line 546, in <module>
    print(end-start)
NameError: name 'end' is not defined
##### End of output of failed program #####
##### vdhankar plays [E e7 d8] in 2.78120303153992s #####
##### Running: /usr/lib/jvm/jdk-14.0.1/bin/java -jar /lab/itti/projects/checkers-competition/server/referee.jar on run_22_vdhankar_fyuxin #####
Move is valid
##### SUCCESS: /usr/lib/jvm/jdk-14.0.1/bin/java -jar /lab/itti/projects/checkers-competition/server/referee.jar on run_22_vdhankar_fyuxin #####
INPUT for fyuxin:
GAME
BLACK
192.34
...W.W.b
w.......
.b......
....w...
...w....
........
.....b.B
........
##### Running: /usr/bin/time -o time_22_vdhankar_fyuxin.txt -f "%U" /usr/lib/jvm/jdk-14.0.1/bin/java homework > stulog.txt 2>&1 on fyuxin #####
##### SUCCESS: /usr/bin/time -o time_22_vdhankar_fyuxin.txt -f "%U" /usr/lib/jvm/jdk-14.0.1/bin/java homework > stulog.txt 2>&1 on fyuxin #####
##### fyuxin plays [E h2 g3] in 2.95s #####
##### Running: /usr/lib/jvm/jdk-14.0.1/bin/java -jar /lab/itti/projects/checkers-competition/server/referee.jar on run_22_vdhankar_fyuxin #####
Move is valid
##### SUCCESS: /usr/lib/jvm/jdk-14.0.1/bin/java -jar /lab/itti/projects/checkers-competition/server/referee.jar on run_22_vdhankar_fyuxin #####
INPUT for vdhankar:
GAME
WHITE
78.5136849880219
...W.W.b
w.......
.b......
....w...
...w....
......B.
.....b..
........
##### Running: /usr/bin/time -o time_22_vdhankar_fyuxin.txt -f "%U" python3 homework.py > stulog.txt 2>&1 on vdhankar #####
child exited with value 1
##### ERROR: /usr/bin/time -o time_22_vdhankar_fyuxin.txt -f "%U" python3 homework.py > stulog.txt 2>&1 on vdhankar #####
##### Output of failed program (stdout + stderr): #####
Traceback (most recent call last):
  File "homework.py", line 546, in <module>
    print(end-start)
NameError: name 'end' is not defined
##### End of output of failed program #####
##### vdhankar plays [E a7 b8] in 11.2798459529877s #####
##### Running: /usr/lib/jvm/jdk-14.0.1/bin/java -jar /lab/itti/projects/checkers-competition/server/referee.jar on run_22_vdhankar_fyuxin #####
Move is valid
##### SUCCESS: /usr/lib/jvm/jdk-14.0.1/bin/java -jar /lab/itti/projects/checkers-competition/server/referee.jar on run_22_vdhankar_fyuxin #####
INPUT for fyuxin:
GAME
BLACK
189.39
.W.W.W.b
........
.b......
....w...
...w....
......B.
.....b..
........
##### Running: /usr/bin/time -o time_22_vdhankar_fyuxin.txt -f "%U" /usr/lib/jvm/jdk-14.0.1/bin/java homework > stulog.txt 2>&1 on fyuxin #####
##### SUCCESS: /usr/bin/time -o time_22_vdhankar_fyuxin.txt -f "%U" /usr/lib/jvm/jdk-14.0.1/bin/java homework > stulog.txt 2>&1 on fyuxin #####
##### fyuxin plays [E g3 h4] in 4.82s #####
##### Running: /usr/lib/jvm/jdk-14.0.1/bin/java -jar /lab/itti/projects/checkers-competition/server/referee.jar on run_22_vdhankar_fyuxin #####
Move is valid
##### SUCCESS: /usr/lib/jvm/jdk-14.0.1/bin/java -jar /lab/itti/projects/checkers-competition/server/referee.jar on run_22_vdhankar_fyuxin #####
INPUT for vdhankar:
GAME
WHITE
67.2338390350342
.W.W.W.b
........
.b......
....w...
...w...B
........
.....b..
........
##### Running: /usr/bin/time -o time_22_vdhankar_fyuxin.txt -f "%U" python3 homework.py > stulog.txt 2>&1 on vdhankar #####
child exited with value 1
##### ERROR: /usr/bin/time -o time_22_vdhankar_fyuxin.txt -f "%U" python3 homework.py > stulog.txt 2>&1 on vdhankar #####
##### Output of failed program (stdout + stderr): #####
Traceback (most recent call last):
  File "homework.py", line 546, in <module>
    print(end-start)
NameError: name 'end' is not defined
##### End of output of failed program #####
##### vdhankar plays [E e5 f6] in 12.1688408851624s #####
##### Running: /usr/lib/jvm/jdk-14.0.1/bin/java -jar /lab/itti/projects/checkers-competition/server/referee.jar on run_22_vdhankar_fyuxin #####
Move is valid
##### SUCCESS: /usr/lib/jvm/jdk-14.0.1/bin/java -jar /lab/itti/projects/checkers-competition/server/referee.jar on run_22_vdhankar_fyuxin #####
INPUT for fyuxin:
GAME
BLACK
184.57
.W.W.W.b
........
.b...w..
........
...w...B
........
.....b..
........
##### Running: /usr/bin/time -o time_22_vdhankar_fyuxin.txt -f "%U" /usr/lib/jvm/jdk-14.0.1/bin/java homework > stulog.txt 2>&1 on fyuxin #####
##### SUCCESS: /usr/bin/time -o time_22_vdhankar_fyuxin.txt -f "%U" /usr/lib/jvm/jdk-14.0.1/bin/java homework > stulog.txt 2>&1 on fyuxin #####
##### fyuxin plays [E f2 e1] in 4.57s #####
##### Running: /usr/lib/jvm/jdk-14.0.1/bin/java -jar /lab/itti/projects/checkers-competition/server/referee.jar on run_22_vdhankar_fyuxin #####
Move is valid
##### SUCCESS: /usr/lib/jvm/jdk-14.0.1/bin/java -jar /lab/itti/projects/checkers-competition/server/referee.jar on run_22_vdhankar_fyuxin #####
INPUT for vdhankar:
GAME
WHITE
55.0649981498718
.W.W.W.b
........
.b...w..
........
...w...B
........
........
....B...
##### Running: /usr/bin/time -o time_22_vdhankar_fyuxin.txt -f "%U" python3 homework.py > stulog.txt 2>&1 on vdhankar #####
child exited with value 1
##### ERROR: /usr/bin/time -o time_22_vdhankar_fyuxin.txt -f "%U" python3 homework.py > stulog.txt 2>&1 on vdhankar #####
##### Output of failed program (stdout + stderr): #####
Traceback (most recent call last):
  File "homework.py", line 546, in <module>
    print(end-start)
NameError: name 'end' is not defined
##### End of output of failed program #####
##### vdhankar plays [E d4 e5] in 14.7827069759369s #####
##### Running: /usr/lib/jvm/jdk-14.0.1/bin/java -jar /lab/itti/projects/checkers-competition/server/referee.jar on run_22_vdhankar_fyuxin #####
Move is valid
##### SUCCESS: /usr/lib/jvm/jdk-14.0.1/bin/java -jar /lab/itti/projects/checkers-competition/server/referee.jar on run_22_vdhankar_fyuxin #####
INPUT for fyuxin:
GAME
BLACK
180
.W.W.W.b
........
.b...w..
....w...
.......B
........
........
....B...
##### Running: /usr/bin/time -o time_22_vdhankar_fyuxin.txt -f "%U" /usr/lib/jvm/jdk-14.0.1/bin/java homework > stulog.txt 2>&1 on fyuxin #####
##### SUCCESS: /usr/bin/time -o time_22_vdhankar_fyuxin.txt -f "%U" /usr/lib/jvm/jdk-14.0.1/bin/java homework > stulog.txt 2>&1 on fyuxin #####
##### fyuxin plays [E b6 c5] in 4.38s #####
##### Running: /usr/lib/jvm/jdk-14.0.1/bin/java -jar /lab/itti/projects/checkers-competition/server/referee.jar on run_22_vdhankar_fyuxin #####
Move is valid
##### SUCCESS: /usr/lib/jvm/jdk-14.0.1/bin/java -jar /lab/itti/projects/checkers-competition/server/referee.jar on run_22_vdhankar_fyuxin #####
INPUT for vdhankar:
GAME
WHITE
40.2822911739349
.W.W.W.b
........
.....w..
..b.w...
.......B
........
........
....B...
##### Running: /usr/bin/time -o time_22_vdhankar_fyuxin.txt -f "%U" python3 homework.py > stulog.txt 2>&1 on vdhankar #####
child exited with value 1
##### ERROR: /usr/bin/time -o time_22_vdhankar_fyuxin.txt -f "%U" python3 homework.py > stulog.txt 2>&1 on vdhankar #####
##### Output of failed program (stdout + stderr): #####
Traceback (most recent call last):
  File "homework.py", line 546, in <module>
    print(end-start)
NameError: name 'end' is not defined
##### End of output of failed program #####
##### vdhankar plays [E f8 e7] in 10.5555958747864s #####
##### Running: /usr/lib/jvm/jdk-14.0.1/bin/java -jar /lab/itti/projects/checkers-competition/server/referee.jar on run_22_vdhankar_fyuxin #####
Move is valid
##### SUCCESS: /usr/lib/jvm/jdk-14.0.1/bin/java -jar /lab/itti/projects/checkers-competition/server/referee.jar on run_22_vdhankar_fyuxin #####
INPUT for fyuxin:
GAME
BLACK
175.62
.W.W...b
....W...
.....w..
..b.w...
.......B
........
........
....B...
##### Running: /usr/bin/time -o time_22_vdhankar_fyuxin.txt -f "%U" /usr/lib/jvm/jdk-14.0.1/bin/java homework > stulog.txt 2>&1 on fyuxin #####
##### SUCCESS: /usr/bin/time -o time_22_vdhankar_fyuxin.txt -f "%U" /usr/lib/jvm/jdk-14.0.1/bin/java homework > stulog.txt 2>&1 on fyuxin #####
##### fyuxin plays [E e1 f2] in 5.5s #####
##### Running: /usr/lib/jvm/jdk-14.0.1/bin/java -jar /lab/itti/projects/checkers-competition/server/referee.jar on run_22_vdhankar_fyuxin #####
Move is valid
##### SUCCESS: /usr/lib/jvm/jdk-14.0.1/bin/java -jar /lab/itti/projects/checkers-competition/server/referee.jar on run_22_vdhankar_fyuxin #####
INPUT for vdhankar:
GAME
WHITE
29.7266952991486
.W.W...b
....W...
.....w..
..b.w...
.......B
........
.....B..
........
##### Running: /usr/bin/time -o time_22_vdhankar_fyuxin.txt -f "%U" python3 homework.py > stulog.txt 2>&1 on vdhankar #####
child exited with value 1
##### ERROR: /usr/bin/time -o time_22_vdhankar_fyuxin.txt -f "%U" python3 homework.py > stulog.txt 2>&1 on vdhankar #####
##### Output of failed program (stdout + stderr): #####
Traceback (most recent call last):
  File "homework.py", line 546, in <module>
    print(end-start)
NameError: name 'end' is not defined
##### End of output of failed program #####
##### vdhankar plays [E e7 d6] in 9.60726809501648s #####
##### Running: /usr/lib/jvm/jdk-14.0.1/bin/java -jar /lab/itti/projects/checkers-competition/server/referee.jar on run_22_vdhankar_fyuxin #####
Move is valid
##### SUCCESS: /usr/lib/jvm/jdk-14.0.1/bin/java -jar /lab/itti/projects/checkers-competition/server/referee.jar on run_22_vdhankar_fyuxin #####
INPUT for fyuxin:
GAME
BLACK
170.12
.W.W...b
........
...W.w..
..b.w...
.......B
........
.....B..
........
##### Running: /usr/bin/time -o time_22_vdhankar_fyuxin.txt -f "%U" /usr/lib/jvm/jdk-14.0.1/bin/java homework > stulog.txt 2>&1 on fyuxin #####
##### SUCCESS: /usr/bin/time -o time_22_vdhankar_fyuxin.txt -f "%U" /usr/lib/jvm/jdk-14.0.1/bin/java homework > stulog.txt 2>&1 on fyuxin #####
##### fyuxin plays [E c5 b4] in 6.8s #####
##### Running: /usr/lib/jvm/jdk-14.0.1/bin/java -jar /lab/itti/projects/checkers-competition/server/referee.jar on run_22_vdhankar_fyuxin #####
Move is valid
##### SUCCESS: /usr/lib/jvm/jdk-14.0.1/bin/java -jar /lab/itti/projects/checkers-competition/server/referee.jar on run_22_vdhankar_fyuxin #####
INPUT for vdhankar:
GAME
WHITE
20.1194272041321
.W.W...b
........
...W.w..
....w...
.b.....B
........
.....B..
........
##### Running: /usr/bin/time -o time_22_vdhankar_fyuxin.txt -f "%U" python3 homework.py > stulog.txt 2>&1 on vdhankar #####
child exited with value 1
##### ERROR: /usr/bin/time -o time_22_vdhankar_fyuxin.txt -f "%U" python3 homework.py > stulog.txt 2>&1 on vdhankar #####
##### Output of failed program (stdout + stderr): #####
Traceback (most recent call last):
  File "homework.py", line 546, in <module>
    print(end-start)
NameError: name 'end' is not defined
##### End of output of failed program #####
##### vdhankar plays [E d6 c5] in 0.362662076950073s #####
##### Running: /usr/lib/jvm/jdk-14.0.1/bin/java -jar /lab/itti/projects/checkers-competition/server/referee.jar on run_22_vdhankar_fyuxin #####
Move is valid
##### SUCCESS: /usr/lib/jvm/jdk-14.0.1/bin/java -jar /lab/itti/projects/checkers-competition/server/referee.jar on run_22_vdhankar_fyuxin #####
INPUT for fyuxin:
GAME
BLACK
163.32
.W.W...b
........
.....w..
..W.w...
.b.....B
........
.....B..
........
##### Running: /usr/bin/time -o time_22_vdhankar_fyuxin.txt -f "%U" /usr/lib/jvm/jdk-14.0.1/bin/java homework > stulog.txt 2>&1 on fyuxin #####
##### SUCCESS: /usr/bin/time -o time_22_vdhankar_fyuxin.txt -f "%U" /usr/lib/jvm/jdk-14.0.1/bin/java homework > stulog.txt 2>&1 on fyuxin #####
##### fyuxin plays [E h8 g7] in 7.13s #####
##### Running: /usr/lib/jvm/jdk-14.0.1/bin/java -jar /lab/itti/projects/checkers-competition/server/referee.jar on run_22_vdhankar_fyuxin #####
Move is valid
##### SUCCESS: /usr/lib/jvm/jdk-14.0.1/bin/java -jar /lab/itti/projects/checkers-competition/server/referee.jar on run_22_vdhankar_fyuxin #####
INPUT for vdhankar:
GAME
WHITE
19.756765127182
.W.W....
......b.
.....w..
..W.w...
.b.....B
........
.....B..
........
##### Running: /usr/bin/time -o time_22_vdhankar_fyuxin.txt -f "%U" python3 homework.py > stulog.txt 2>&1 on vdhankar #####
child exited with value 1
##### ERROR: /usr/bin/time -o time_22_vdhankar_fyuxin.txt -f "%U" python3 homework.py > stulog.txt 2>&1 on vdhankar #####
##### Output of failed program (stdout + stderr): #####
Traceback (most recent call last):
  File "homework.py", line 546, in <module>
    print(end-start)
NameError: name 'end' is not defined
##### End of output of failed program #####
##### vdhankar plays [J f6 h8] in 0.220641851425171s #####
##### Running: /usr/lib/jvm/jdk-14.0.1/bin/java -jar /lab/itti/projects/checkers-competition/server/referee.jar on run_22_vdhankar_fyuxin #####
Move is valid
##### SUCCESS: /usr/lib/jvm/jdk-14.0.1/bin/java -jar /lab/itti/projects/checkers-competition/server/referee.jar on run_22_vdhankar_fyuxin #####
INPUT for fyuxin:
GAME
BLACK
156.19
.W.W...W
........
........
..W.w...
.b.....B
........
.....B..
........
##### Running: /usr/bin/time -o time_22_vdhankar_fyuxin.txt -f "%U" /usr/lib/jvm/jdk-14.0.1/bin/java homework > stulog.txt 2>&1 on fyuxin #####
##### SUCCESS: /usr/bin/time -o time_22_vdhankar_fyuxin.txt -f "%U" /usr/lib/jvm/jdk-14.0.1/bin/java homework > stulog.txt 2>&1 on fyuxin #####
##### fyuxin plays [E f2 g3] in 6.89s #####
##### Running: /usr/lib/jvm/jdk-14.0.1/bin/java -jar /lab/itti/projects/checkers-competition/server/referee.jar on run_22_vdhankar_fyuxin #####
Move is valid
##### SUCCESS: /usr/lib/jvm/jdk-14.0.1/bin/java -jar /lab/itti/projects/checkers-competition/server/referee.jar on run_22_vdhankar_fyuxin #####
INPUT for vdhankar:
GAME
WHITE
19.5361232757568
.W.W...W
........
........
..W.w...
.b.....B
......B.
........
........
##### Running: /usr/bin/time -o time_22_vdhankar_fyuxin.txt -f "%U" python3 homework.py > stulog.txt 2>&1 on vdhankar #####
child exited with value 1
##### ERROR: /usr/bin/time -o time_22_vdhankar_fyuxin.txt -f "%U" python3 homework.py > stulog.txt 2>&1 on vdhankar #####
##### Output of failed program (stdout + stderr): #####
Traceback (most recent call last):
  File "homework.py", line 546, in <module>
    print(end-start)
NameError: name 'end' is not defined
##### End of output of failed program #####
##### vdhankar plays [J c5 a3] in 0.207966089248657s #####
##### Running: /usr/lib/jvm/jdk-14.0.1/bin/java -jar /lab/itti/projects/checkers-competition/server/referee.jar on run_22_vdhankar_fyuxin #####
Move is valid
##### SUCCESS: /usr/lib/jvm/jdk-14.0.1/bin/java -jar /lab/itti/projects/checkers-competition/server/referee.jar on run_22_vdhankar_fyuxin #####
INPUT for fyuxin:
GAME
BLACK
149.3
.W.W...W
........
........
....w...
.......B
W.....B.
........
........
##### Running: /usr/bin/time -o time_22_vdhankar_fyuxin.txt -f "%U" /usr/lib/jvm/jdk-14.0.1/bin/java homework > stulog.txt 2>&1 on fyuxin #####
##### SUCCESS: /usr/bin/time -o time_22_vdhankar_fyuxin.txt -f "%U" /usr/lib/jvm/jdk-14.0.1/bin/java homework > stulog.txt 2>&1 on fyuxin #####
##### fyuxin plays [E g3 h2] in 4.42s #####
##### Running: /usr/lib/jvm/jdk-14.0.1/bin/java -jar /lab/itti/projects/checkers-competition/server/referee.jar on run_22_vdhankar_fyuxin #####
Move is valid
##### SUCCESS: /usr/lib/jvm/jdk-14.0.1/bin/java -jar /lab/itti/projects/checkers-competition/server/referee.jar on run_22_vdhankar_fyuxin #####
INPUT for vdhankar:
GAME
WHITE
19.3281571865082
.W.W...W
........
........
....w...
.......B
W.......
.......B
........
##### Running: /usr/bin/time -o time_22_vdhankar_fyuxin.txt -f "%U" python3 homework.py > stulog.txt 2>&1 on vdhankar #####
child exited with value 1
##### ERROR: /usr/bin/time -o time_22_vdhankar_fyuxin.txt -f "%U" python3 homework.py > stulog.txt 2>&1 on vdhankar #####
##### Output of failed program (stdout + stderr): #####
Traceback (most recent call last):
  File "homework.py", line 546, in <module>
    print(end-start)
NameError: name 'end' is not defined
##### End of output of failed program #####
##### vdhankar plays [E a3 b2] in 0.268012046813965s #####
##### Running: /usr/lib/jvm/jdk-14.0.1/bin/java -jar /lab/itti/projects/checkers-competition/server/referee.jar on run_22_vdhankar_fyuxin #####
Move is valid
##### SUCCESS: /usr/lib/jvm/jdk-14.0.1/bin/java -jar /lab/itti/projects/checkers-competition/server/referee.jar on run_22_vdhankar_fyuxin #####
INPUT for fyuxin:
GAME
BLACK
144.88
.W.W...W
........
........
....w...
.......B
........
.W.....B
........
##### Running: /usr/bin/time -o time_22_vdhankar_fyuxin.txt -f "%U" /usr/lib/jvm/jdk-14.0.1/bin/java homework > stulog.txt 2>&1 on fyuxin #####
##### SUCCESS: /usr/bin/time -o time_22_vdhankar_fyuxin.txt -f "%U" /usr/lib/jvm/jdk-14.0.1/bin/java homework > stulog.txt 2>&1 on fyuxin #####
##### fyuxin plays [E h4 g3] in 4.98s #####
##### Running: /usr/lib/jvm/jdk-14.0.1/bin/java -jar /lab/itti/projects/checkers-competition/server/referee.jar on run_22_vdhankar_fyuxin #####
Move is valid
##### SUCCESS: /usr/lib/jvm/jdk-14.0.1/bin/java -jar /lab/itti/projects/checkers-competition/server/referee.jar on run_22_vdhankar_fyuxin #####
INPUT for vdhankar:
GAME
WHITE
19.0601451396942
.W.W...W
........
........
....w...
........
......B.
.W.....B
........
##### Running: /usr/bin/time -o time_22_vdhankar_fyuxin.txt -f "%U" python3 homework.py > stulog.txt 2>&1 on vdhankar #####
child exited with value 1
##### ERROR: /usr/bin/time -o time_22_vdhankar_fyuxin.txt -f "%U" python3 homework.py > stulog.txt 2>&1 on vdhankar #####
##### Output of failed program (stdout + stderr): #####
Traceback (most recent call last):
  File "homework.py", line 546, in <module>
    print(end-start)
NameError: name 'end' is not defined
##### End of output of failed program #####
##### vdhankar plays [E e5 d6] in 0.241245985031128s #####
##### Running: /usr/lib/jvm/jdk-14.0.1/bin/java -jar /lab/itti/projects/checkers-competition/server/referee.jar on run_22_vdhankar_fyuxin #####
Move is valid
##### SUCCESS: /usr/lib/jvm/jdk-14.0.1/bin/java -jar /lab/itti/projects/checkers-competition/server/referee.jar on run_22_vdhankar_fyuxin #####
INPUT for fyuxin:
GAME
BLACK
139.9
.W.W...W
........
...w....
........
........
......B.
.W.....B
........
##### Running: /usr/bin/time -o time_22_vdhankar_fyuxin.txt -f "%U" /usr/lib/jvm/jdk-14.0.1/bin/java homework > stulog.txt 2>&1 on fyuxin #####
##### SUCCESS: /usr/bin/time -o time_22_vdhankar_fyuxin.txt -f "%U" /usr/lib/jvm/jdk-14.0.1/bin/java homework > stulog.txt 2>&1 on fyuxin #####
##### fyuxin plays [E g3 f2] in 2.43s #####
##### Running: /usr/lib/jvm/jdk-14.0.1/bin/java -jar /lab/itti/projects/checkers-competition/server/referee.jar on run_22_vdhankar_fyuxin #####
Move is valid
##### SUCCESS: /usr/lib/jvm/jdk-14.0.1/bin/java -jar /lab/itti/projects/checkers-competition/server/referee.jar on run_22_vdhankar_fyuxin #####
INPUT for vdhankar:
GAME
WHITE
18.8188991546631
.W.W...W
........
...w....
........
........
........
.W...B.B
........
##### Running: /usr/bin/time -o time_22_vdhankar_fyuxin.txt -f "%U" python3 homework.py > stulog.txt 2>&1 on vdhankar #####
child exited with value 1
##### ERROR: /usr/bin/time -o time_22_vdhankar_fyuxin.txt -f "%U" python3 homework.py > stulog.txt 2>&1 on vdhankar #####
##### Output of failed program (stdout + stderr): #####
Traceback (most recent call last):
  File "homework.py", line 546, in <module>
    print(end-start)
NameError: name 'end' is not defined
##### End of output of failed program #####
##### vdhankar plays [E b2 c1] in 0.251212120056152s #####
##### Running: /usr/lib/jvm/jdk-14.0.1/bin/java -jar /lab/itti/projects/checkers-competition/server/referee.jar on run_22_vdhankar_fyuxin #####
Move is valid
##### SUCCESS: /usr/lib/jvm/jdk-14.0.1/bin/java -jar /lab/itti/projects/checkers-competition/server/referee.jar on run_22_vdhankar_fyuxin #####
INPUT for fyuxin:
GAME
BLACK
137.47
.W.W...W
........
...w....
........
........
........
.....B.B
..W.....
##### Running: /usr/bin/time -o time_22_vdhankar_fyuxin.txt -f "%U" /usr/lib/jvm/jdk-14.0.1/bin/java homework > stulog.txt 2>&1 on fyuxin #####
##### SUCCESS: /usr/bin/time -o time_22_vdhankar_fyuxin.txt -f "%U" /usr/lib/jvm/jdk-14.0.1/bin/java homework > stulog.txt 2>&1 on fyuxin #####
##### fyuxin plays [E f2 g1] in 3.19s #####
##### Running: /usr/lib/jvm/jdk-14.0.1/bin/java -jar /lab/itti/projects/checkers-competition/server/referee.jar on run_22_vdhankar_fyuxin #####
Move is valid
##### SUCCESS: /usr/lib/jvm/jdk-14.0.1/bin/java -jar /lab/itti/projects/checkers-competition/server/referee.jar on run_22_vdhankar_fyuxin #####
INPUT for vdhankar:
GAME
WHITE
18.5676870346069
.W.W...W
........
...w....
........
........
........
.......B
..W...B.
##### Running: /usr/bin/time -o time_22_vdhankar_fyuxin.txt -f "%U" python3 homework.py > stulog.txt 2>&1 on vdhankar #####
child exited with value 1
##### ERROR: /usr/bin/time -o time_22_vdhankar_fyuxin.txt -f "%U" python3 homework.py > stulog.txt 2>&1 on vdhankar #####
##### Output of failed program (stdout + stderr): #####
Traceback (most recent call last):
  File "homework.py", line 546, in <module>
    print(end-start)
NameError: name 'end' is not defined
##### End of output of failed program #####
##### vdhankar plays [E d6 e7] in 0.231094121932983s #####
##### Running: /usr/lib/jvm/jdk-14.0.1/bin/java -jar /lab/itti/projects/checkers-competition/server/referee.jar on run_22_vdhankar_fyuxin #####
Move is valid
##### SUCCESS: /usr/lib/jvm/jdk-14.0.1/bin/java -jar /lab/itti/projects/checkers-competition/server/referee.jar on run_22_vdhankar_fyuxin #####
INPUT for fyuxin:
GAME
BLACK
134.28
.W.W...W
....w...
........
........
........
........
.......B
..W...B.
##### Running: /usr/bin/time -o time_22_vdhankar_fyuxin.txt -f "%U" /usr/lib/jvm/jdk-14.0.1/bin/java homework > stulog.txt 2>&1 on fyuxin #####
##### SUCCESS: /usr/bin/time -o time_22_vdhankar_fyuxin.txt -f "%U" /usr/lib/jvm/jdk-14.0.1/bin/java homework > stulog.txt 2>&1 on fyuxin #####
##### fyuxin plays [E h2 g3] in 1.66s #####
##### Running: /usr/lib/jvm/jdk-14.0.1/bin/java -jar /lab/itti/projects/checkers-competition/server/referee.jar on run_22_vdhankar_fyuxin #####
Move is valid
##### SUCCESS: /usr/lib/jvm/jdk-14.0.1/bin/java -jar /lab/itti/projects/checkers-competition/server/referee.jar on run_22_vdhankar_fyuxin #####
INPUT for vdhankar:
GAME
WHITE
18.336592912674
.W.W...W
....w...
........
........
........
......B.
........
..W...B.
##### Running: /usr/bin/time -o time_22_vdhankar_fyuxin.txt -f "%U" python3 homework.py > stulog.txt 2>&1 on vdhankar #####
child exited with value 1
##### ERROR: /usr/bin/time -o time_22_vdhankar_fyuxin.txt -f "%U" python3 homework.py > stulog.txt 2>&1 on vdhankar #####
##### Output of failed program (stdout + stderr): #####
Traceback (most recent call last):
  File "homework.py", line 546, in <module>
    print(end-start)
NameError: name 'end' is not defined
##### End of output of failed program #####
##### vdhankar plays [E d8 c7] in 0.246978044509888s #####
##### Running: /usr/lib/jvm/jdk-14.0.1/bin/java -jar /lab/itti/projects/checkers-competition/server/referee.jar on run_22_vdhankar_fyuxin #####
Move is valid
##### SUCCESS: /usr/lib/jvm/jdk-14.0.1/bin/java -jar /lab/itti/projects/checkers-competition/server/referee.jar on run_22_vdhankar_fyuxin #####
INPUT for fyuxin:
GAME
BLACK
132.62
.W.....W
..W.w...
........
........
........
......B.
........
..W...B.
##### Running: /usr/bin/time -o time_22_vdhankar_fyuxin.txt -f "%U" /usr/lib/jvm/jdk-14.0.1/bin/java homework > stulog.txt 2>&1 on fyuxin #####
##### SUCCESS: /usr/bin/time -o time_22_vdhankar_fyuxin.txt -f "%U" /usr/lib/jvm/jdk-14.0.1/bin/java homework > stulog.txt 2>&1 on fyuxin #####
##### fyuxin plays [E g1 h2] in 3.38s #####
##### Running: /usr/lib/jvm/jdk-14.0.1/bin/java -jar /lab/itti/projects/checkers-competition/server/referee.jar on run_22_vdhankar_fyuxin #####
Move is valid
##### SUCCESS: /usr/lib/jvm/jdk-14.0.1/bin/java -jar /lab/itti/projects/checkers-competition/server/referee.jar on run_22_vdhankar_fyuxin #####
INPUT for vdhankar:
GAME
WHITE
18.0896148681641
.W.....W
..W.w...
........
........
........
......B.
.......B
..W.....
##### Running: /usr/bin/time -o time_22_vdhankar_fyuxin.txt -f "%U" python3 homework.py > stulog.txt 2>&1 on vdhankar #####
child exited with value 1
##### ERROR: /usr/bin/time -o time_22_vdhankar_fyuxin.txt -f "%U" python3 homework.py > stulog.txt 2>&1 on vdhankar #####
##### Output of failed program (stdout + stderr): #####
Traceback (most recent call last):
  File "homework.py", line 546, in <module>
    print(end-start)
NameError: name 'end' is not defined
##### End of output of failed program #####
##### vdhankar plays [E e7 f8] in 0.245587110519409s #####
##### Running: /usr/lib/jvm/jdk-14.0.1/bin/java -jar /lab/itti/projects/checkers-competition/server/referee.jar on run_22_vdhankar_fyuxin #####
Move is valid
##### SUCCESS: /usr/lib/jvm/jdk-14.0.1/bin/java -jar /lab/itti/projects/checkers-competition/server/referee.jar on run_22_vdhankar_fyuxin #####
INPUT for fyuxin:
GAME
BLACK
129.24
.W...W.W
..W.....
........
........
........
......B.
.......B
..W.....
##### Running: /usr/bin/time -o time_22_vdhankar_fyuxin.txt -f "%U" /usr/lib/jvm/jdk-14.0.1/bin/java homework > stulog.txt 2>&1 on fyuxin #####
##### SUCCESS: /usr/bin/time -o time_22_vdhankar_fyuxin.txt -f "%U" /usr/lib/jvm/jdk-14.0.1/bin/java homework > stulog.txt 2>&1 on fyuxin #####
##### fyuxin plays [E g3 f4] in 3.99s #####
##### Running: /usr/lib/jvm/jdk-14.0.1/bin/java -jar /lab/itti/projects/checkers-competition/server/referee.jar on run_22_vdhankar_fyuxin #####
Move is valid
##### SUCCESS: /usr/lib/jvm/jdk-14.0.1/bin/java -jar /lab/itti/projects/checkers-competition/server/referee.jar on run_22_vdhankar_fyuxin #####
INPUT for vdhankar:
GAME
WHITE
17.8440277576447
.W...W.W
..W.....
........
........
.....B..
........
.......B
..W.....
##### Running: /usr/bin/time -o time_22_vdhankar_fyuxin.txt -f "%U" python3 homework.py > stulog.txt 2>&1 on vdhankar #####
child exited with value 1
##### ERROR: /usr/bin/time -o time_22_vdhankar_fyuxin.txt -f "%U" python3 homework.py > stulog.txt 2>&1 on vdhankar #####
##### Output of failed program (stdout + stderr): #####
Traceback (most recent call last):
  File "homework.py", line 546, in <module>
    print(end-start)
NameError: name 'end' is not defined
##### End of output of failed program #####
##### vdhankar plays [E f8 e7] in 0.258671998977661s #####
##### Running: /usr/lib/jvm/jdk-14.0.1/bin/java -jar /lab/itti/projects/checkers-competition/server/referee.jar on run_22_vdhankar_fyuxin #####
Move is valid
##### SUCCESS: /usr/lib/jvm/jdk-14.0.1/bin/java -jar /lab/itti/projects/checkers-competition/server/referee.jar on run_22_vdhankar_fyuxin #####
INPUT for fyuxin:
GAME
BLACK
125.25
.W.....W
..W.W...
........
........
.....B..
........
.......B
..W.....
##### Running: /usr/bin/time -o time_22_vdhankar_fyuxin.txt -f "%U" /usr/lib/jvm/jdk-14.0.1/bin/java homework > stulog.txt 2>&1 on fyuxin #####
##### SUCCESS: /usr/bin/time -o time_22_vdhankar_fyuxin.txt -f "%U" /usr/lib/jvm/jdk-14.0.1/bin/java homework > stulog.txt 2>&1 on fyuxin #####
##### fyuxin plays [E f4 g3] in 3.64s #####
##### Running: /usr/lib/jvm/jdk-14.0.1/bin/java -jar /lab/itti/projects/checkers-competition/server/referee.jar on run_22_vdhankar_fyuxin #####
Move is valid
##### SUCCESS: /usr/lib/jvm/jdk-14.0.1/bin/java -jar /lab/itti/projects/checkers-competition/server/referee.jar on run_22_vdhankar_fyuxin #####
INPUT for vdhankar:
GAME
WHITE
17.585355758667
.W.....W
..W.W...
........
........
........
......B.
.......B
..W.....
##### Running: /usr/bin/time -o time_22_vdhankar_fyuxin.txt -f "%U" python3 homework.py > stulog.txt 2>&1 on vdhankar #####
child exited with value 1
##### ERROR: /usr/bin/time -o time_22_vdhankar_fyuxin.txt -f "%U" python3 homework.py > stulog.txt 2>&1 on vdhankar #####
##### Output of failed program (stdout + stderr): #####
Traceback (most recent call last):
  File "homework.py", line 546, in <module>
    print(end-start)
NameError: name 'end' is not defined
##### End of output of failed program #####
##### vdhankar plays [E e7 f6] in 0.250385046005249s #####
##### Running: /usr/lib/jvm/jdk-14.0.1/bin/java -jar /lab/itti/projects/checkers-competition/server/referee.jar on run_22_vdhankar_fyuxin #####
Move is valid
##### SUCCESS: /usr/lib/jvm/jdk-14.0.1/bin/java -jar /lab/itti/projects/checkers-competition/server/referee.jar on run_22_vdhankar_fyuxin #####
INPUT for fyuxin:
GAME
BLACK
121.61
.W.....W
..W.....
.....W..
........
........
......B.
.......B
..W.....
##### Running: /usr/bin/time -o time_22_vdhankar_fyuxin.txt -f "%U" /usr/lib/jvm/jdk-14.0.1/bin/java homework > stulog.txt 2>&1 on fyuxin #####
##### SUCCESS: /usr/bin/time -o time_22_vdhankar_fyuxin.txt -f "%U" /usr/lib/jvm/jdk-14.0.1/bin/java homework > stulog.txt 2>&1 on fyuxin #####
##### fyuxin plays [E g3 f2] in 4.25s #####
##### Running: /usr/lib/jvm/jdk-14.0.1/bin/java -jar /lab/itti/projects/checkers-competition/server/referee.jar on run_22_vdhankar_fyuxin #####
Move is valid
##### SUCCESS: /usr/lib/jvm/jdk-14.0.1/bin/java -jar /lab/itti/projects/checkers-competition/server/referee.jar on run_22_vdhankar_fyuxin #####
INPUT for vdhankar:
GAME
WHITE
17.3349707126617
.W.....W
..W.....
.....W..
........
........
........
.....B.B
..W.....
##### Running: /usr/bin/time -o time_22_vdhankar_fyuxin.txt -f "%U" python3 homework.py > stulog.txt 2>&1 on vdhankar #####
child exited with value 1
##### ERROR: /usr/bin/time -o time_22_vdhankar_fyuxin.txt -f "%U" python3 homework.py > stulog.txt 2>&1 on vdhankar #####
##### Output of failed program (stdout + stderr): #####
Traceback (most recent call last):
  File "homework.py", line 546, in <module>
    print(end-start)
NameError: name 'end' is not defined
##### End of output of failed program #####
##### vdhankar plays [E f6 e5] in 0.249305009841919s #####
##### Running: /usr/lib/jvm/jdk-14.0.1/bin/java -jar /lab/itti/projects/checkers-competition/server/referee.jar on run_22_vdhankar_fyuxin #####
Move is valid
##### SUCCESS: /usr/lib/jvm/jdk-14.0.1/bin/java -jar /lab/itti/projects/checkers-competition/server/referee.jar on run_22_vdhankar_fyuxin #####
INPUT for fyuxin:
GAME
BLACK
117.36
.W.....W
..W.....
........
....W...
........
........
.....B.B
..W.....
##### Running: /usr/bin/time -o time_22_vdhankar_fyuxin.txt -f "%U" /usr/lib/jvm/jdk-14.0.1/bin/java homework > stulog.txt 2>&1 on fyuxin #####
##### SUCCESS: /usr/bin/time -o time_22_vdhankar_fyuxin.txt -f "%U" /usr/lib/jvm/jdk-14.0.1/bin/java homework > stulog.txt 2>&1 on fyuxin #####
##### fyuxin plays [E h2 g3] in 5.23s #####
##### Running: /usr/lib/jvm/jdk-14.0.1/bin/java -jar /lab/itti/projects/checkers-competition/server/referee.jar on run_22_vdhankar_fyuxin #####
Move is valid
##### SUCCESS: /usr/lib/jvm/jdk-14.0.1/bin/java -jar /lab/itti/projects/checkers-competition/server/referee.jar on run_22_vdhankar_fyuxin #####
INPUT for vdhankar:
GAME
WHITE
17.0856657028198
.W.....W
..W.....
........
....W...
........
......B.
.....B..
..W.....
##### Running: /usr/bin/time -o time_22_vdhankar_fyuxin.txt -f "%U" python3 homework.py > stulog.txt 2>&1 on vdhankar #####
child exited with value 1
##### ERROR: /usr/bin/time -o time_22_vdhankar_fyuxin.txt -f "%U" python3 homework.py > stulog.txt 2>&1 on vdhankar #####
##### Output of failed program (stdout + stderr): #####
Traceback (most recent call last):
  File "homework.py", line 546, in <module>
    print(end-start)
NameError: name 'end' is not defined
##### End of output of failed program #####
##### vdhankar plays [E c7 d6] in 0.273011922836304s #####
##### Running: /usr/lib/jvm/jdk-14.0.1/bin/java -jar /lab/itti/projects/checkers-competition/server/referee.jar on run_22_vdhankar_fyuxin #####
Move is valid
##### SUCCESS: /usr/lib/jvm/jdk-14.0.1/bin/java -jar /lab/itti/projects/checkers-competition/server/referee.jar on run_22_vdhankar_fyuxin #####
INPUT for fyuxin:
GAME
BLACK
112.13
.W.....W
........
...W....
....W...
........
......B.
.....B..
..W.....
##### Running: /usr/bin/time -o time_22_vdhankar_fyuxin.txt -f "%U" /usr/lib/jvm/jdk-14.0.1/bin/java homework > stulog.txt 2>&1 on fyuxin #####
##### SUCCESS: /usr/bin/time -o time_22_vdhankar_fyuxin.txt -f "%U" /usr/lib/jvm/jdk-14.0.1/bin/java homework > stulog.txt 2>&1 on fyuxin #####
##### fyuxin plays [E g3 h4] in 5.61s #####
##### Running: /usr/lib/jvm/jdk-14.0.1/bin/java -jar /lab/itti/projects/checkers-competition/server/referee.jar on run_22_vdhankar_fyuxin #####
Move is valid
##### SUCCESS: /usr/lib/jvm/jdk-14.0.1/bin/java -jar /lab/itti/projects/checkers-competition/server/referee.jar on run_22_vdhankar_fyuxin #####
INPUT for vdhankar:
GAME
WHITE
16.8126537799835
.W.....W
........
...W....
....W...
.......B
........
.....B..
..W.....
##### Running: /usr/bin/time -o time_22_vdhankar_fyuxin.txt -f "%U" python3 homework.py > stulog.txt 2>&1 on vdhankar #####
child exited with value 1
##### ERROR: /usr/bin/time -o time_22_vdhankar_fyuxin.txt -f "%U" python3 homework.py > stulog.txt 2>&1 on vdhankar #####
##### Output of failed program (stdout + stderr): #####
Traceback (most recent call last):
  File "homework.py", line 546, in <module>
    print(end-start)
NameError: name 'end' is not defined
##### End of output of failed program #####
##### vdhankar plays [E e5 d4] in 0.302494049072266s #####
##### Running: /usr/lib/jvm/jdk-14.0.1/bin/java -jar /lab/itti/projects/checkers-competition/server/referee.jar on run_22_vdhankar_fyuxin #####
Move is valid
##### SUCCESS: /usr/lib/jvm/jdk-14.0.1/bin/java -jar /lab/itti/projects/checkers-competition/server/referee.jar on run_22_vdhankar_fyuxin #####
INPUT for fyuxin:
GAME
BLACK
106.52
.W.....W
........
...W....
........
...W...B
........
.....B..
..W.....
##### Running: /usr/bin/time -o time_22_vdhankar_fyuxin.txt -f "%U" /usr/lib/jvm/jdk-14.0.1/bin/java homework > stulog.txt 2>&1 on fyuxin #####
##### SUCCESS: /usr/bin/time -o time_22_vdhankar_fyuxin.txt -f "%U" /usr/lib/jvm/jdk-14.0.1/bin/java homework > stulog.txt 2>&1 on fyuxin #####
##### fyuxin plays [E f2 g3] in 4.66s #####
##### Running: /usr/lib/jvm/jdk-14.0.1/bin/java -jar /lab/itti/projects/checkers-competition/server/referee.jar on run_22_vdhankar_fyuxin #####
Move is valid
##### SUCCESS: /usr/lib/jvm/jdk-14.0.1/bin/java -jar /lab/itti/projects/checkers-competition/server/referee.jar on run_22_vdhankar_fyuxin #####
INPUT for vdhankar:
GAME
WHITE
16.5101597309113
.W.....W
........
...W....
........
...W...B
......B.
........
..W.....
##### Running: /usr/bin/time -o time_22_vdhankar_fyuxin.txt -f "%U" python3 homework.py > stulog.txt 2>&1 on vdhankar #####
child exited with value 1
##### ERROR: /usr/bin/time -o time_22_vdhankar_fyuxin.txt -f "%U" python3 homework.py > stulog.txt 2>&1 on vdhankar #####
##### Output of failed program (stdout + stderr): #####
Traceback (most recent call last):
  File "homework.py", line 546, in <module>
    print(end-start)
NameError: name 'end' is not defined
##### End of output of failed program #####
##### vdhankar plays [E d4 e5] in 0.279883861541748s #####
##### Running: /usr/lib/jvm/jdk-14.0.1/bin/java -jar /lab/itti/projects/checkers-competition/server/referee.jar on run_22_vdhankar_fyuxin #####
Move is valid
##### SUCCESS: /usr/lib/jvm/jdk-14.0.1/bin/java -jar /lab/itti/projects/checkers-competition/server/referee.jar on run_22_vdhankar_fyuxin #####
INPUT for fyuxin:
GAME
BLACK
101.86
.W.....W
........
...W....
....W...
.......B
......B.
........
..W.....
##### Running: /usr/bin/time -o time_22_vdhankar_fyuxin.txt -f "%U" /usr/lib/jvm/jdk-14.0.1/bin/java homework > stulog.txt 2>&1 on fyuxin #####
##### SUCCESS: /usr/bin/time -o time_22_vdhankar_fyuxin.txt -f "%U" /usr/lib/jvm/jdk-14.0.1/bin/java homework > stulog.txt 2>&1 on fyuxin #####
##### fyuxin plays [E g3 f2] in 3.65s #####
##### Running: /usr/lib/jvm/jdk-14.0.1/bin/java -jar /lab/itti/projects/checkers-competition/server/referee.jar on run_22_vdhankar_fyuxin #####
Move is valid
##### SUCCESS: /usr/lib/jvm/jdk-14.0.1/bin/java -jar /lab/itti/projects/checkers-competition/server/referee.jar on run_22_vdhankar_fyuxin #####
INPUT for vdhankar:
GAME
WHITE
16.2302758693695
.W.....W
........
...W....
....W...
.......B
........
.....B..
..W.....
##### Running: /usr/bin/time -o time_22_vdhankar_fyuxin.txt -f "%U" python3 homework.py > stulog.txt 2>&1 on vdhankar #####
child exited with value 1
##### ERROR: /usr/bin/time -o time_22_vdhankar_fyuxin.txt -f "%U" python3 homework.py > stulog.txt 2>&1 on vdhankar #####
##### Output of failed program (stdout + stderr): #####
Traceback (most recent call last):
  File "homework.py", line 546, in <module>
    print(end-start)
NameError: name 'end' is not defined
##### End of output of failed program #####
##### vdhankar plays [E e5 d4] in 0.30251407623291s #####
##### Running: /usr/lib/jvm/jdk-14.0.1/bin/java -jar /lab/itti/projects/checkers-competition/server/referee.jar on run_22_vdhankar_fyuxin #####
Move is valid
##### SUCCESS: /usr/lib/jvm/jdk-14.0.1/bin/java -jar /lab/itti/projects/checkers-competition/server/referee.jar on run_22_vdhankar_fyuxin #####
INPUT for fyuxin:
GAME
BLACK
98.21
.W.....W
........
...W....
........
...W...B
........
.....B..
..W.....
##### Running: /usr/bin/time -o time_22_vdhankar_fyuxin.txt -f "%U" /usr/lib/jvm/jdk-14.0.1/bin/java homework > stulog.txt 2>&1 on fyuxin #####
##### SUCCESS: /usr/bin/time -o time_22_vdhankar_fyuxin.txt -f "%U" /usr/lib/jvm/jdk-14.0.1/bin/java homework > stulog.txt 2>&1 on fyuxin #####
##### fyuxin plays [E h4 g5] in 4.8s #####
##### Running: /usr/lib/jvm/jdk-14.0.1/bin/java -jar /lab/itti/projects/checkers-competition/server/referee.jar on run_22_vdhankar_fyuxin #####
Move is valid
##### SUCCESS: /usr/lib/jvm/jdk-14.0.1/bin/java -jar /lab/itti/projects/checkers-competition/server/referee.jar on run_22_vdhankar_fyuxin #####
INPUT for vdhankar:
GAME
WHITE
15.9277617931366
.W.....W
........
...W....
......B.
...W....
........
.....B..
..W.....
##### Running: /usr/bin/time -o time_22_vdhankar_fyuxin.txt -f "%U" python3 homework.py > stulog.txt 2>&1 on vdhankar #####
child exited with value 1
##### ERROR: /usr/bin/time -o time_22_vdhankar_fyuxin.txt -f "%U" python3 homework.py > stulog.txt 2>&1 on vdhankar #####
##### Output of failed program (stdout + stderr): #####
Traceback (most recent call last):
  File "homework.py", line 546, in <module>
    print(end-start)
NameError: name 'end' is not defined
##### End of output of failed program #####
##### vdhankar plays [E d6 e5] in 0.319355010986328s #####
##### Running: /usr/lib/jvm/jdk-14.0.1/bin/java -jar /lab/itti/projects/checkers-competition/server/referee.jar on run_22_vdhankar_fyuxin #####
Move is valid
##### SUCCESS: /usr/lib/jvm/jdk-14.0.1/bin/java -jar /lab/itti/projects/checkers-competition/server/referee.jar on run_22_vdhankar_fyuxin #####
INPUT for fyuxin:
GAME
BLACK
93.41
.W.....W
........
........
....W.B.
...W....
........
.....B..
..W.....
##### Running: /usr/bin/time -o time_22_vdhankar_fyuxin.txt -f "%U" /usr/lib/jvm/jdk-14.0.1/bin/java homework > stulog.txt 2>&1 on fyuxin #####
##### SUCCESS: /usr/bin/time -o time_22_vdhankar_fyuxin.txt -f "%U" /usr/lib/jvm/jdk-14.0.1/bin/java homework > stulog.txt 2>&1 on fyuxin #####
##### fyuxin plays [E f2 g1] in 4.4s #####
##### Running: /usr/lib/jvm/jdk-14.0.1/bin/java -jar /lab/itti/projects/checkers-competition/server/referee.jar on run_22_vdhankar_fyuxin #####
Move is valid
##### SUCCESS: /usr/lib/jvm/jdk-14.0.1/bin/java -jar /lab/itti/projects/checkers-competition/server/referee.jar on run_22_vdhankar_fyuxin #####
INPUT for vdhankar:
GAME
WHITE
15.6084067821503
.W.....W
........
........
....W.B.
...W....
........
........
..W...B.
##### Running: /usr/bin/time -o time_22_vdhankar_fyuxin.txt -f "%U" python3 homework.py > stulog.txt 2>&1 on vdhankar #####
child exited with value 1
##### ERROR: /usr/bin/time -o time_22_vdhankar_fyuxin.txt -f "%U" python3 homework.py > stulog.txt 2>&1 on vdhankar #####
##### Output of failed program (stdout + stderr): #####
Traceback (most recent call last):
  File "homework.py", line 546, in <module>
    print(end-start)
NameError: name 'end' is not defined
##### End of output of failed program #####
##### vdhankar plays [E b8 c7] in 0.256775856018066s #####
##### Running: /usr/lib/jvm/jdk-14.0.1/bin/java -jar /lab/itti/projects/checkers-competition/server/referee.jar on run_22_vdhankar_fyuxin #####
Move is valid
##### SUCCESS: /usr/lib/jvm/jdk-14.0.1/bin/java -jar /lab/itti/projects/checkers-competition/server/referee.jar on run_22_vdhankar_fyuxin #####
INPUT for fyuxin:
GAME
BLACK
89.01
.......W
..W.....
........
....W.B.
...W....
........
........
..W...B.
##### Running: /usr/bin/time -o time_22_vdhankar_fyuxin.txt -f "%U" /usr/lib/jvm/jdk-14.0.1/bin/java homework > stulog.txt 2>&1 on fyuxin #####
##### SUCCESS: /usr/bin/time -o time_22_vdhankar_fyuxin.txt -f "%U" /usr/lib/jvm/jdk-14.0.1/bin/java homework > stulog.txt 2>&1 on fyuxin #####
##### fyuxin plays [E g1 h2] in 6.67s #####
##### Running: /usr/lib/jvm/jdk-14.0.1/bin/java -jar /lab/itti/projects/checkers-competition/server/referee.jar on run_22_vdhankar_fyuxin #####
Move is valid
##### SUCCESS: /usr/lib/jvm/jdk-14.0.1/bin/java -jar /lab/itti/projects/checkers-competition/server/referee.jar on run_22_vdhankar_fyuxin #####
INPUT for vdhankar:
GAME
WHITE
15.3516309261322
.......W
..W.....
........
....W.B.
...W....
........
.......B
..W.....
##### Running: /usr/bin/time -o time_22_vdhankar_fyuxin.txt -f "%U" python3 homework.py > stulog.txt 2>&1 on vdhankar #####
child exited with value 1
##### ERROR: /usr/bin/time -o time_22_vdhankar_fyuxin.txt -f "%U" python3 homework.py > stulog.txt 2>&1 on vdhankar #####
##### Output of failed program (stdout + stderr): #####
Traceback (most recent call last):
  File "homework.py", line 546, in <module>
    print(end-start)
NameError: name 'end' is not defined
##### End of output of failed program #####
##### vdhankar plays [E d4 e3] in 0.297802925109863s #####
##### Running: /usr/lib/jvm/jdk-14.0.1/bin/java -jar /lab/itti/projects/checkers-competition/server/referee.jar on run_22_vdhankar_fyuxin #####
Move is valid
##### SUCCESS: /usr/lib/jvm/jdk-14.0.1/bin/java -jar /lab/itti/projects/checkers-competition/server/referee.jar on run_22_vdhankar_fyuxin #####
INPUT for fyuxin:
GAME
BLACK
82.34
.......W
..W.....
........
....W.B.
........
....W...
.......B
..W.....
##### Running: /usr/bin/time -o time_22_vdhankar_fyuxin.txt -f "%U" /usr/lib/jvm/jdk-14.0.1/bin/java homework > stulog.txt 2>&1 on fyuxin #####
##### SUCCESS: /usr/bin/time -o time_22_vdhankar_fyuxin.txt -f "%U" /usr/lib/jvm/jdk-14.0.1/bin/java homework > stulog.txt 2>&1 on fyuxin #####
##### fyuxin plays [E h2 g3] in 6.41s #####
##### Running: /usr/lib/jvm/jdk-14.0.1/bin/java -jar /lab/itti/projects/checkers-competition/server/referee.jar on run_22_vdhankar_fyuxin #####
Move is valid
##### SUCCESS: /usr/lib/jvm/jdk-14.0.1/bin/java -jar /lab/itti/projects/checkers-competition/server/referee.jar on run_22_vdhankar_fyuxin #####
INPUT for vdhankar:
GAME
WHITE
15.0538280010223
.......W
..W.....
........
....W.B.
........
....W.B.
........
..W.....
##### Running: /usr/bin/time -o time_22_vdhankar_fyuxin.txt -f "%U" python3 homework.py > stulog.txt 2>&1 on vdhankar #####
child exited with value 1
##### ERROR: /usr/bin/time -o time_22_vdhankar_fyuxin.txt -f "%U" python3 homework.py > stulog.txt 2>&1 on vdhankar #####
##### Output of failed program (stdout + stderr): #####
Traceback (most recent call last):
  File "homework.py", line 546, in <module>
    print(end-start)
NameError: name 'end' is not defined
##### End of output of failed program #####
##### vdhankar plays [E e3 d4] in 0.304939031600952s #####
##### Running: /usr/lib/jvm/jdk-14.0.1/bin/java -jar /lab/itti/projects/checkers-competition/server/referee.jar on run_22_vdhankar_fyuxin #####
Move is valid
##### SUCCESS: /usr/lib/jvm/jdk-14.0.1/bin/java -jar /lab/itti/projects/checkers-competition/server/referee.jar on run_22_vdhankar_fyuxin #####
INPUT for fyuxin:
GAME
BLACK
75.93
.......W
..W.....
........
....W.B.
...W....
......B.
........
..W.....
##### Running: /usr/bin/time -o time_22_vdhankar_fyuxin.txt -f "%U" /usr/lib/jvm/jdk-14.0.1/bin/java homework > stulog.txt 2>&1 on fyuxin #####
##### SUCCESS: /usr/bin/time -o time_22_vdhankar_fyuxin.txt -f "%U" /usr/lib/jvm/jdk-14.0.1/bin/java homework > stulog.txt 2>&1 on fyuxin #####
##### fyuxin plays [E g5 h6] in 3.81s #####
##### Running: /usr/lib/jvm/jdk-14.0.1/bin/java -jar /lab/itti/projects/checkers-competition/server/referee.jar on run_22_vdhankar_fyuxin #####
Move is valid
##### SUCCESS: /usr/lib/jvm/jdk-14.0.1/bin/java -jar /lab/itti/projects/checkers-competition/server/referee.jar on run_22_vdhankar_fyuxin #####
INPUT for vdhankar:
GAME
WHITE
14.7488889694214
.......W
..W.....
.......B
....W...
...W....
......B.
........
..W.....
##### Running: /usr/bin/time -o time_22_vdhankar_fyuxin.txt -f "%U" python3 homework.py > stulog.txt 2>&1 on vdhankar #####
child exited with value 1
##### ERROR: /usr/bin/time -o time_22_vdhankar_fyuxin.txt -f "%U" python3 homework.py > stulog.txt 2>&1 on vdhankar #####
##### Output of failed program (stdout + stderr): #####
Traceback (most recent call last):
  File "homework.py", line 546, in <module>
    print(end-start)
NameError: name 'end' is not defined
##### End of output of failed program #####
##### vdhankar plays [E c7 d6] in 0.270158052444458s #####
##### Running: /usr/lib/jvm/jdk-14.0.1/bin/java -jar /lab/itti/projects/checkers-competition/server/referee.jar on run_22_vdhankar_fyuxin #####
Move is valid
##### SUCCESS: /usr/lib/jvm/jdk-14.0.1/bin/java -jar /lab/itti/projects/checkers-competition/server/referee.jar on run_22_vdhankar_fyuxin #####
INPUT for fyuxin:
GAME
BLACK
72.12
.......W
........
...W...B
....W...
...W....
......B.
........
..W.....
##### Running: /usr/bin/time -o time_22_vdhankar_fyuxin.txt -f "%U" /usr/lib/jvm/jdk-14.0.1/bin/java homework > stulog.txt 2>&1 on fyuxin #####
##### SUCCESS: /usr/bin/time -o time_22_vdhankar_fyuxin.txt -f "%U" /usr/lib/jvm/jdk-14.0.1/bin/java homework > stulog.txt 2>&1 on fyuxin #####
##### fyuxin plays [E g3 h4] in 4.83s #####
##### Running: /usr/lib/jvm/jdk-14.0.1/bin/java -jar /lab/itti/projects/checkers-competition/server/referee.jar on run_22_vdhankar_fyuxin #####
Move is valid
##### SUCCESS: /usr/lib/jvm/jdk-14.0.1/bin/java -jar /lab/itti/projects/checkers-competition/server/referee.jar on run_22_vdhankar_fyuxin #####
INPUT for vdhankar:
GAME
WHITE
14.4787309169769
.......W
........
...W...B
....W...
...W...B
........
........
..W.....
##### Running: /usr/bin/time -o time_22_vdhankar_fyuxin.txt -f "%U" python3 homework.py > stulog.txt 2>&1 on vdhankar #####
child exited with value 1
##### ERROR: /usr/bin/time -o time_22_vdhankar_fyuxin.txt -f "%U" python3 homework.py > stulog.txt 2>&1 on vdhankar #####
##### Output of failed program (stdout + stderr): #####
Traceback (most recent call last):
  File "homework.py", line 546, in <module>
    print(end-start)
NameError: name 'end' is not defined
##### End of output of failed program #####
##### vdhankar plays [E c1 d2] in 0.249622106552124s #####
##### Running: /usr/lib/jvm/jdk-14.0.1/bin/java -jar /lab/itti/projects/checkers-competition/server/referee.jar on run_22_vdhankar_fyuxin #####
Move is valid
##### SUCCESS: /usr/lib/jvm/jdk-14.0.1/bin/java -jar /lab/itti/projects/checkers-competition/server/referee.jar on run_22_vdhankar_fyuxin #####
INPUT for fyuxin:
GAME
BLACK
67.29
.......W
........
...W...B
....W...
...W...B
........
...W....
........
##### Running: /usr/bin/time -o time_22_vdhankar_fyuxin.txt -f "%U" /usr/lib/jvm/jdk-14.0.1/bin/java homework > stulog.txt 2>&1 on fyuxin #####
##### SUCCESS: /usr/bin/time -o time_22_vdhankar_fyuxin.txt -f "%U" /usr/lib/jvm/jdk-14.0.1/bin/java homework > stulog.txt 2>&1 on fyuxin #####
##### fyuxin plays [E h6 g5] in 2.6s #####
##### Running: /usr/lib/jvm/jdk-14.0.1/bin/java -jar /lab/itti/projects/checkers-competition/server/referee.jar on run_22_vdhankar_fyuxin #####
Move is valid
##### SUCCESS: /usr/lib/jvm/jdk-14.0.1/bin/java -jar /lab/itti/projects/checkers-competition/server/referee.jar on run_22_vdhankar_fyuxin #####
INPUT for vdhankar:
GAME
WHITE
14.2291088104248
.......W
........
...W....
....W.B.
...W...B
........
...W....
........
##### Running: /usr/bin/time -o time_22_vdhankar_fyuxin.txt -f "%U" python3 homework.py > stulog.txt 2>&1 on vdhankar #####
child exited with value 1
##### ERROR: /usr/bin/time -o time_22_vdhankar_fyuxin.txt -f "%U" python3 homework.py > stulog.txt 2>&1 on vdhankar #####
##### Output of failed program (stdout + stderr): #####
Traceback (most recent call last):
  File "homework.py", line 546, in <module>
    print(end-start)
NameError: name 'end' is not defined
##### End of output of failed program #####
##### vdhankar plays [E d2 e1] in 0.274304866790771s #####
##### Running: /usr/lib/jvm/jdk-14.0.1/bin/java -jar /lab/itti/projects/checkers-competition/server/referee.jar on run_22_vdhankar_fyuxin #####
Move is valid
##### SUCCESS: /usr/lib/jvm/jdk-14.0.1/bin/java -jar /lab/itti/projects/checkers-competition/server/referee.jar on run_22_vdhankar_fyuxin #####
INPUT for fyuxin:
GAME
BLACK
64.69
.......W
........
...W....
....W.B.
...W...B
........
........
....W...
##### Running: /usr/bin/time -o time_22_vdhankar_fyuxin.txt -f "%U" /usr/lib/jvm/jdk-14.0.1/bin/java homework > stulog.txt 2>&1 on fyuxin #####
##### SUCCESS: /usr/bin/time -o time_22_vdhankar_fyuxin.txt -f "%U" /usr/lib/jvm/jdk-14.0.1/bin/java homework > stulog.txt 2>&1 on fyuxin #####
##### fyuxin plays [E g5 h6] in 3.53s #####
##### Running: /usr/lib/jvm/jdk-14.0.1/bin/java -jar /lab/itti/projects/checkers-competition/server/referee.jar on run_22_vdhankar_fyuxin #####
Move is valid
##### SUCCESS: /usr/lib/jvm/jdk-14.0.1/bin/java -jar /lab/itti/projects/checkers-competition/server/referee.jar on run_22_vdhankar_fyuxin #####
INPUT for vdhankar:
GAME
WHITE
13.954803943634
.......W
........
...W...B
....W...
...W...B
........
........
....W...
##### Running: /usr/bin/time -o time_22_vdhankar_fyuxin.txt -f "%U" python3 homework.py > stulog.txt 2>&1 on vdhankar #####
child exited with value 1
##### ERROR: /usr/bin/time -o time_22_vdhankar_fyuxin.txt -f "%U" python3 homework.py > stulog.txt 2>&1 on vdhankar #####
##### Output of failed program (stdout + stderr): #####
Traceback (most recent call last):
  File "homework.py", line 546, in <module>
    print(end-start)
NameError: name 'end' is not defined
##### End of output of failed program #####
##### vdhankar plays [E e1 f2] in 0.248441934585571s #####
##### Running: /usr/lib/jvm/jdk-14.0.1/bin/java -jar /lab/itti/projects/checkers-competition/server/referee.jar on run_22_vdhankar_fyuxin #####
Move is valid
##### SUCCESS: /usr/lib/jvm/jdk-14.0.1/bin/java -jar /lab/itti/projects/checkers-competition/server/referee.jar on run_22_vdhankar_fyuxin #####
INPUT for fyuxin:
GAME
BLACK
61.16
.......W
........
...W...B
....W...
...W...B
........
.....W..
........
##### Running: /usr/bin/time -o time_22_vdhankar_fyuxin.txt -f "%U" /usr/lib/jvm/jdk-14.0.1/bin/java homework > stulog.txt 2>&1 on fyuxin #####
##### SUCCESS: /usr/bin/time -o time_22_vdhankar_fyuxin.txt -f "%U" /usr/lib/jvm/jdk-14.0.1/bin/java homework > stulog.txt 2>&1 on fyuxin #####
##### fyuxin plays [E h4 g5] in 2.94s #####
##### Running: /usr/lib/jvm/jdk-14.0.1/bin/java -jar /lab/itti/projects/checkers-competition/server/referee.jar on run_22_vdhankar_fyuxin #####
Move is valid
##### SUCCESS: /usr/lib/jvm/jdk-14.0.1/bin/java -jar /lab/itti/projects/checkers-competition/server/referee.jar on run_22_vdhankar_fyuxin #####
INPUT for vdhankar:
GAME
WHITE
13.7063620090485
.......W
........
...W...B
....W.B.
...W....
........
.....W..
........
##### Running: /usr/bin/time -o time_22_vdhankar_fyuxin.txt -f "%U" python3 homework.py > stulog.txt 2>&1 on vdhankar #####
child exited with value 1
##### ERROR: /usr/bin/time -o time_22_vdhankar_fyuxin.txt -f "%U" python3 homework.py > stulog.txt 2>&1 on vdhankar #####
##### Output of failed program (stdout + stderr): #####
Traceback (most recent call last):
  File "homework.py", line 546, in <module>
    print(end-start)
NameError: name 'end' is not defined
##### End of output of failed program #####
##### vdhankar plays [E f2 g1] in 0.220090866088867s #####
##### Running: /usr/lib/jvm/jdk-14.0.1/bin/java -jar /lab/itti/projects/checkers-competition/server/referee.jar on run_22_vdhankar_fyuxin #####
Move is valid
##### SUCCESS: /usr/lib/jvm/jdk-14.0.1/bin/java -jar /lab/itti/projects/checkers-competition/server/referee.jar on run_22_vdhankar_fyuxin #####
INPUT for fyuxin:
GAME
BLACK
58.22
.......W
........
...W...B
....W.B.
...W....
........
........
......W.
##### Running: /usr/bin/time -o time_22_vdhankar_fyuxin.txt -f "%U" /usr/lib/jvm/jdk-14.0.1/bin/java homework > stulog.txt 2>&1 on fyuxin #####
##### SUCCESS: /usr/bin/time -o time_22_vdhankar_fyuxin.txt -f "%U" /usr/lib/jvm/jdk-14.0.1/bin/java homework > stulog.txt 2>&1 on fyuxin #####
##### fyuxin plays [E g5 h4] in 2.02s #####
##### Running: /usr/lib/jvm/jdk-14.0.1/bin/java -jar /lab/itti/projects/checkers-competition/server/referee.jar on run_22_vdhankar_fyuxin #####
Move is valid
##### SUCCESS: /usr/lib/jvm/jdk-14.0.1/bin/java -jar /lab/itti/projects/checkers-competition/server/referee.jar on run_22_vdhankar_fyuxin #####
INPUT for vdhankar:
GAME
WHITE
13.4862711429596
.......W
........
...W...B
....W...
...W...B
........
........
......W.
##### Running: /usr/bin/time -o time_22_vdhankar_fyuxin.txt -f "%U" python3 homework.py > stulog.txt 2>&1 on vdhankar #####
child exited with value 1
##### ERROR: /usr/bin/time -o time_22_vdhankar_fyuxin.txt -f "%U" python3 homework.py > stulog.txt 2>&1 on vdhankar #####
##### Output of failed program (stdout + stderr): #####
Traceback (most recent call last):
  File "homework.py", line 546, in <module>
    print(end-start)
NameError: name 'end' is not defined
##### End of output of failed program #####
##### vdhankar plays [E g1 h2] in 0.251219987869263s #####
##### Running: /usr/lib/jvm/jdk-14.0.1/bin/java -jar /lab/itti/projects/checkers-competition/server/referee.jar on run_22_vdhankar_fyuxin #####
Move is valid
##### SUCCESS: /usr/lib/jvm/jdk-14.0.1/bin/java -jar /lab/itti/projects/checkers-competition/server/referee.jar on run_22_vdhankar_fyuxin #####
INPUT for fyuxin:
GAME
BLACK
56.2
.......W
........
...W...B
....W...
...W...B
........
.......W
........
##### Running: /usr/bin/time -o time_22_vdhankar_fyuxin.txt -f "%U" /usr/lib/jvm/jdk-14.0.1/bin/java homework > stulog.txt 2>&1 on fyuxin #####
##### SUCCESS: /usr/bin/time -o time_22_vdhankar_fyuxin.txt -f "%U" /usr/lib/jvm/jdk-14.0.1/bin/java homework > stulog.txt 2>&1 on fyuxin #####
##### fyuxin plays [E h6 g5] in 3.01s #####
##### Running: /usr/lib/jvm/jdk-14.0.1/bin/java -jar /lab/itti/projects/checkers-competition/server/referee.jar on run_22_vdhankar_fyuxin #####
Move is valid
##### SUCCESS: /usr/lib/jvm/jdk-14.0.1/bin/java -jar /lab/itti/projects/checkers-competition/server/referee.jar on run_22_vdhankar_fyuxin #####
INPUT for vdhankar:
GAME
WHITE
13.2350511550903
.......W
........
...W....
....W.B.
...W...B
........
.......W
........
##### Running: /usr/bin/time -o time_22_vdhankar_fyuxin.txt -f "%U" python3 homework.py > stulog.txt 2>&1 on vdhankar #####
child exited with value 1
##### ERROR: /usr/bin/time -o time_22_vdhankar_fyuxin.txt -f "%U" python3 homework.py > stulog.txt 2>&1 on vdhankar #####
##### Output of failed program (stdout + stderr): #####
Traceback (most recent call last):
  File "homework.py", line 546, in <module>
    print(end-start)
NameError: name 'end' is not defined
##### End of output of failed program #####
##### vdhankar plays [E h2 g1] in 0.242199182510376s #####
##### Running: /usr/lib/jvm/jdk-14.0.1/bin/java -jar /lab/itti/projects/checkers-competition/server/referee.jar on run_22_vdhankar_fyuxin #####
Move is valid
##### SUCCESS: /usr/lib/jvm/jdk-14.0.1/bin/java -jar /lab/itti/projects/checkers-competition/server/referee.jar on run_22_vdhankar_fyuxin #####
INPUT for fyuxin:
GAME
BLACK
53.19
.......W
........
...W....
....W.B.
...W...B
........
........
......W.
##### Running: /usr/bin/time -o time_22_vdhankar_fyuxin.txt -f "%U" /usr/lib/jvm/jdk-14.0.1/bin/java homework > stulog.txt 2>&1 on fyuxin #####
##### SUCCESS: /usr/bin/time -o time_22_vdhankar_fyuxin.txt -f "%U" /usr/lib/jvm/jdk-14.0.1/bin/java homework > stulog.txt 2>&1 on fyuxin #####
##### fyuxin plays [E g5 h6] in 3.3s #####
##### Running: /usr/lib/jvm/jdk-14.0.1/bin/java -jar /lab/itti/projects/checkers-competition/server/referee.jar on run_22_vdhankar_fyuxin #####
Move is valid
##### SUCCESS: /usr/lib/jvm/jdk-14.0.1/bin/java -jar /lab/itti/projects/checkers-competition/server/referee.jar on run_22_vdhankar_fyuxin #####
INPUT for vdhankar:
GAME
WHITE
12.99285197258
.......W
........
...W...B
....W...
...W...B
........
........
......W.
##### Running: /usr/bin/time -o time_22_vdhankar_fyuxin.txt -f "%U" python3 homework.py > stulog.txt 2>&1 on vdhankar #####
child exited with value 1
##### ERROR: /usr/bin/time -o time_22_vdhankar_fyuxin.txt -f "%U" python3 homework.py > stulog.txt 2>&1 on vdhankar #####
##### Output of failed program (stdout + stderr): #####
Traceback (most recent call last):
  File "homework.py", line 546, in <module>
    print(end-start)
NameError: name 'end' is not defined
##### End of output of failed program #####
##### vdhankar plays [E g1 h2] in 0.246438980102539s #####
##### Running: /usr/lib/jvm/jdk-14.0.1/bin/java -jar /lab/itti/projects/checkers-competition/server/referee.jar on run_22_vdhankar_fyuxin #####
Move is valid
##### SUCCESS: /usr/lib/jvm/jdk-14.0.1/bin/java -jar /lab/itti/projects/checkers-competition/server/referee.jar on run_22_vdhankar_fyuxin #####
INPUT for fyuxin:
GAME
BLACK
49.89
.......W
........
...W...B
....W...
...W...B
........
.......W
........
##### Running: /usr/bin/time -o time_22_vdhankar_fyuxin.txt -f "%U" /usr/lib/jvm/jdk-14.0.1/bin/java homework > stulog.txt 2>&1 on fyuxin #####
##### SUCCESS: /usr/bin/time -o time_22_vdhankar_fyuxin.txt -f "%U" /usr/lib/jvm/jdk-14.0.1/bin/java homework > stulog.txt 2>&1 on fyuxin #####
##### fyuxin plays [E h6 g5] in 2.98s #####
##### Running: /usr/lib/jvm/jdk-14.0.1/bin/java -jar /lab/itti/projects/checkers-competition/server/referee.jar on run_22_vdhankar_fyuxin #####
Move is valid
##### SUCCESS: /usr/lib/jvm/jdk-14.0.1/bin/java -jar /lab/itti/projects/checkers-competition/server/referee.jar on run_22_vdhankar_fyuxin #####
INPUT for vdhankar:
GAME
WHITE
12.7464129924774
.......W
........
...W....
....W.B.
...W...B
........
.......W
........
##### Running: /usr/bin/time -o time_22_vdhankar_fyuxin.txt -f "%U" python3 homework.py > stulog.txt 2>&1 on vdhankar #####
child exited with value 1
##### ERROR: /usr/bin/time -o time_22_vdhankar_fyuxin.txt -f "%U" python3 homework.py > stulog.txt 2>&1 on vdhankar #####
##### Output of failed program (stdout + stderr): #####
Traceback (most recent call last):
  File "homework.py", line 546, in <module>
    print(end-start)
NameError: name 'end' is not defined
##### End of output of failed program #####
##### vdhankar plays [E h2 g1] in 0.252722978591919s #####
##### Running: /usr/lib/jvm/jdk-14.0.1/bin/java -jar /lab/itti/projects/checkers-competition/server/referee.jar on run_22_vdhankar_fyuxin #####
Move is valid
##### SUCCESS: /usr/lib/jvm/jdk-14.0.1/bin/java -jar /lab/itti/projects/checkers-competition/server/referee.jar on run_22_vdhankar_fyuxin #####
INPUT for fyuxin:
GAME
BLACK
46.91
.......W
........
...W....
....W.B.
...W...B
........
........
......W.
##### Running: /usr/bin/time -o time_22_vdhankar_fyuxin.txt -f "%U" /usr/lib/jvm/jdk-14.0.1/bin/java homework > stulog.txt 2>&1 on fyuxin #####
##### SUCCESS: /usr/bin/time -o time_22_vdhankar_fyuxin.txt -f "%U" /usr/lib/jvm/jdk-14.0.1/bin/java homework > stulog.txt 2>&1 on fyuxin #####
##### fyuxin plays [E g5 h6] in 3.42s #####
##### Running: /usr/lib/jvm/jdk-14.0.1/bin/java -jar /lab/itti/projects/checkers-competition/server/referee.jar on run_22_vdhankar_fyuxin #####
Move is valid
##### SUCCESS: /usr/lib/jvm/jdk-14.0.1/bin/java -jar /lab/itti/projects/checkers-competition/server/referee.jar on run_22_vdhankar_fyuxin #####
INPUT for vdhankar:
GAME
WHITE
12.4936900138855
.......W
........
...W...B
....W...
...W...B
........
........
......W.
##### Running: /usr/bin/time -o time_22_vdhankar_fyuxin.txt -f "%U" python3 homework.py > stulog.txt 2>&1 on vdhankar #####
child exited with value 1
##### ERROR: /usr/bin/time -o time_22_vdhankar_fyuxin.txt -f "%U" python3 homework.py > stulog.txt 2>&1 on vdhankar #####
##### Output of failed program (stdout + stderr): #####
Traceback (most recent call last):
  File "homework.py", line 546, in <module>
    print(end-start)
NameError: name 'end' is not defined
##### End of output of failed program #####
##### vdhankar plays [E g1 h2] in 0.249502897262573s #####
##### Running: /usr/lib/jvm/jdk-14.0.1/bin/java -jar /lab/itti/projects/checkers-competition/server/referee.jar on run_22_vdhankar_fyuxin #####
Move is valid
Seen this position 3 times
*** Game ends in draw ***
##### SUCCESS: /usr/lib/jvm/jdk-14.0.1/bin/java -jar /lab/itti/projects/checkers-competition/server/referee.jar on run_22_vdhankar_fyuxin #####
##### GAME ENDS IN A DRAW. Time left for vdhankar: 12.2441871166229s, fyuxin: 43.49s
Server said: DRAW
##### GAME OVER: the game ends in a draw, fyuxin wins by time remaining #####
########## ROUND 22 GAMESCORE AFTER GAME 3: vdhankar=2 and fyuxin=1 ##########
#################### ROUND 22: vdhankar (B) vs fyuxin (W): game 4 ####################
##### game start! #####
INPUT for vdhankar:
GAME
BLACK
300
.b.b.b.b
b.b.b.b.
.b.b.b.b
........
........
w.w.w.w.
.w.w.w.w
w.w.w.w.
##### Running: /usr/bin/time -o time_22_vdhankar_fyuxin.txt -f "%U" python3 homework.py > stulog.txt 2>&1 on vdhankar #####
child exited with value 1
##### ERROR: /usr/bin/time -o time_22_vdhankar_fyuxin.txt -f "%U" python3 homework.py > stulog.txt 2>&1 on vdhankar #####
##### Output of failed program (stdout + stderr): #####
Traceback (most recent call last):
  File "homework.py", line 546, in <module>
    print(end-start)
NameError: name 'end' is not defined
##### End of output of failed program #####
##### vdhankar plays [E h6 g5] in 5.9468469619751s #####
##### Running: /usr/lib/jvm/jdk-14.0.1/bin/java -jar /lab/itti/projects/checkers-competition/server/referee.jar on run_22_vdhankar_fyuxin #####
Move is valid
Couldn't read file 'current_ply.txt'
Couldn't read content from file 'current_ply.txt'
Couldn't read file 'lastmatchange_ply.txt'
Couldn't read content from file 'lastmatchange_ply.txt'
##### SUCCESS: /usr/lib/jvm/jdk-14.0.1/bin/java -jar /lab/itti/projects/checkers-competition/server/referee.jar on run_22_vdhankar_fyuxin #####
INPUT for fyuxin:
GAME
WHITE
300
.b.b.b.b
b.b.b.b.
.b.b.b..
......b.
........
w.w.w.w.
.w.w.w.w
w.w.w.w.
##### Running: /usr/bin/time -o time_22_vdhankar_fyuxin.txt -f "%U" /usr/lib/jvm/jdk-14.0.1/bin/java homework > stulog.txt 2>&1 on fyuxin #####
##### SUCCESS: /usr/bin/time -o time_22_vdhankar_fyuxin.txt -f "%U" /usr/lib/jvm/jdk-14.0.1/bin/java homework > stulog.txt 2>&1 on fyuxin #####
##### fyuxin plays [E g3 h4] in 5.9s #####
##### Running: /usr/lib/jvm/jdk-14.0.1/bin/java -jar /lab/itti/projects/checkers-competition/server/referee.jar on run_22_vdhankar_fyuxin #####
Move is valid
##### SUCCESS: /usr/lib/jvm/jdk-14.0.1/bin/java -jar /lab/itti/projects/checkers-competition/server/referee.jar on run_22_vdhankar_fyuxin #####
INPUT for vdhankar:
GAME
BLACK
294.053153038025
.b.b.b.b
b.b.b.b.
.b.b.b..
......b.
.......w
w.w.w...
.w.w.w.w
w.w.w.w.
##### Running: /usr/bin/time -o time_22_vdhankar_fyuxin.txt -f "%U" python3 homework.py > stulog.txt 2>&1 on vdhankar #####
child exited with value 1
##### ERROR: /usr/bin/time -o time_22_vdhankar_fyuxin.txt -f "%U" python3 homework.py > stulog.txt 2>&1 on vdhankar #####
##### Output of failed program (stdout + stderr): #####
Traceback (most recent call last):
  File "homework.py", line 546, in <module>
    print(end-start)
NameError: name 'end' is not defined
##### End of output of failed program #####
##### vdhankar plays [E f6 e5] in 5.79922795295715s #####
##### Running: /usr/lib/jvm/jdk-14.0.1/bin/java -jar /lab/itti/projects/checkers-competition/server/referee.jar on run_22_vdhankar_fyuxin #####
Move is valid
##### SUCCESS: /usr/lib/jvm/jdk-14.0.1/bin/java -jar /lab/itti/projects/checkers-competition/server/referee.jar on run_22_vdhankar_fyuxin #####
INPUT for fyuxin:
GAME
WHITE
294.1
.b.b.b.b
b.b.b.b.
.b.b....
....b.b.
.......w
w.w.w...
.w.w.w.w
w.w.w.w.
##### Running: /usr/bin/time -o time_22_vdhankar_fyuxin.txt -f "%U" /usr/lib/jvm/jdk-14.0.1/bin/java homework > stulog.txt 2>&1 on fyuxin #####
##### SUCCESS: /usr/bin/time -o time_22_vdhankar_fyuxin.txt -f "%U" /usr/lib/jvm/jdk-14.0.1/bin/java homework > stulog.txt 2>&1 on fyuxin #####
##### fyuxin plays [J h4 f6] in 1.82s #####
##### Running: /usr/lib/jvm/jdk-14.0.1/bin/java -jar /lab/itti/projects/checkers-competition/server/referee.jar on run_22_vdhankar_fyuxin #####
Move is valid
##### SUCCESS: /usr/lib/jvm/jdk-14.0.1/bin/java -jar /lab/itti/projects/checkers-competition/server/referee.jar on run_22_vdhankar_fyuxin #####
INPUT for vdhankar:
GAME
BLACK
288.253925085068
.b.b.b.b
b.b.b.b.
.b.b.w..
....b...
........
w.w.w...
.w.w.w.w
w.w.w.w.
##### Running: /usr/bin/time -o time_22_vdhankar_fyuxin.txt -f "%U" python3 homework.py > stulog.txt 2>&1 on vdhankar #####
child exited with value 1
##### ERROR: /usr/bin/time -o time_22_vdhankar_fyuxin.txt -f "%U" python3 homework.py > stulog.txt 2>&1 on vdhankar #####
##### Output of failed program (stdout + stderr): #####
Traceback (most recent call last):
  File "homework.py", line 546, in <module>
    print(end-start)
NameError: name 'end' is not defined
##### End of output of failed program #####
##### vdhankar plays [J e7 g5] in 4.37278890609741s #####
##### Running: /usr/lib/jvm/jdk-14.0.1/bin/java -jar /lab/itti/projects/checkers-competition/server/referee.jar on run_22_vdhankar_fyuxin #####
Move is valid
##### SUCCESS: /usr/lib/jvm/jdk-14.0.1/bin/java -jar /lab/itti/projects/checkers-competition/server/referee.jar on run_22_vdhankar_fyuxin #####
INPUT for fyuxin:
GAME
WHITE
292.28
.b.b.b.b
b.b...b.
.b.b....
....b.b.
........
w.w.w...
.w.w.w.w
w.w.w.w.
##### Running: /usr/bin/time -o time_22_vdhankar_fyuxin.txt -f "%U" /usr/lib/jvm/jdk-14.0.1/bin/java homework > stulog.txt 2>&1 on fyuxin #####
##### SUCCESS: /usr/bin/time -o time_22_vdhankar_fyuxin.txt -f "%U" /usr/lib/jvm/jdk-14.0.1/bin/java homework > stulog.txt 2>&1 on fyuxin #####
##### fyuxin plays [E e3 f4] in 6.41s #####
##### Running: /usr/lib/jvm/jdk-14.0.1/bin/java -jar /lab/itti/projects/checkers-competition/server/referee.jar on run_22_vdhankar_fyuxin #####
Move is valid
##### SUCCESS: /usr/lib/jvm/jdk-14.0.1/bin/java -jar /lab/itti/projects/checkers-competition/server/referee.jar on run_22_vdhankar_fyuxin #####
INPUT for vdhankar:
GAME
BLACK
283.88113617897
.b.b.b.b
b.b...b.
.b.b....
....b.b.
.....w..
w.w.....
.w.w.w.w
w.w.w.w.
##### Running: /usr/bin/time -o time_22_vdhankar_fyuxin.txt -f "%U" python3 homework.py > stulog.txt 2>&1 on vdhankar #####
child exited with value 1
##### ERROR: /usr/bin/time -o time_22_vdhankar_fyuxin.txt -f "%U" python3 homework.py > stulog.txt 2>&1 on vdhankar #####
##### Output of failed program (stdout + stderr): #####
Traceback (most recent call last):
  File "homework.py", line 546, in <module>
    print(end-start)
NameError: name 'end' is not defined
##### End of output of failed program #####
##### vdhankar plays [J g5 e3] in 2.03056597709656s #####
##### Running: /usr/lib/jvm/jdk-14.0.1/bin/java -jar /lab/itti/projects/checkers-competition/server/referee.jar on run_22_vdhankar_fyuxin #####
Move is valid
##### SUCCESS: /usr/lib/jvm/jdk-14.0.1/bin/java -jar /lab/itti/projects/checkers-competition/server/referee.jar on run_22_vdhankar_fyuxin #####
INPUT for fyuxin:
GAME
WHITE
285.87
.b.b.b.b
b.b...b.
.b.b....
....b...
........
w.w.b...
.w.w.w.w
w.w.w.w.
##### Running: /usr/bin/time -o time_22_vdhankar_fyuxin.txt -f "%U" /usr/lib/jvm/jdk-14.0.1/bin/java homework > stulog.txt 2>&1 on fyuxin #####
##### SUCCESS: /usr/bin/time -o time_22_vdhankar_fyuxin.txt -f "%U" /usr/lib/jvm/jdk-14.0.1/bin/java homework > stulog.txt 2>&1 on fyuxin #####
##### fyuxin plays [J f2 d4 ; J d4 f6] in 1.88s #####
##### Running: /usr/lib/jvm/jdk-14.0.1/bin/java -jar /lab/itti/projects/checkers-competition/server/referee.jar on run_22_vdhankar_fyuxin #####
Move is valid
##### SUCCESS: /usr/lib/jvm/jdk-14.0.1/bin/java -jar /lab/itti/projects/checkers-competition/server/referee.jar on run_22_vdhankar_fyuxin #####
INPUT for vdhankar:
GAME
BLACK
281.850570201874
.b.b.b.b
b.b...b.
.b.b.w..
........
........
w.w.....
.w.w...w
w.w.w.w.
##### Running: /usr/bin/time -o time_22_vdhankar_fyuxin.txt -f "%U" python3 homework.py > stulog.txt 2>&1 on vdhankar #####
child exited with value 1
##### ERROR: /usr/bin/time -o time_22_vdhankar_fyuxin.txt -f "%U" python3 homework.py > stulog.txt 2>&1 on vdhankar #####
##### Output of failed program (stdout + stderr): #####
Traceback (most recent call last):
  File "homework.py", line 546, in <module>
    print(end-start)
NameError: name 'end' is not defined
##### End of output of failed program #####
##### vdhankar plays [J g7 e5] in 6.08975505828857s #####
##### Running: /usr/lib/jvm/jdk-14.0.1/bin/java -jar /lab/itti/projects/checkers-competition/server/referee.jar on run_22_vdhankar_fyuxin #####
Move is valid
##### SUCCESS: /usr/lib/jvm/jdk-14.0.1/bin/java -jar /lab/itti/projects/checkers-competition/server/referee.jar on run_22_vdhankar_fyuxin #####
INPUT for fyuxin:
GAME
WHITE
283.99
.b.b.b.b
b.b.....
.b.b....
....b...
........
w.w.....
.w.w...w
w.w.w.w.
##### Running: /usr/bin/time -o time_22_vdhankar_fyuxin.txt -f "%U" /usr/lib/jvm/jdk-14.0.1/bin/java homework > stulog.txt 2>&1 on fyuxin #####
##### SUCCESS: /usr/bin/time -o time_22_vdhankar_fyuxin.txt -f "%U" /usr/lib/jvm/jdk-14.0.1/bin/java homework > stulog.txt 2>&1 on fyuxin #####
##### fyuxin plays [E h2 g3] in 5.25s #####
##### Running: /usr/lib/jvm/jdk-14.0.1/bin/java -jar /lab/itti/projects/checkers-competition/server/referee.jar on run_22_vdhankar_fyuxin #####
Move is valid
##### SUCCESS: /usr/lib/jvm/jdk-14.0.1/bin/java -jar /lab/itti/projects/checkers-competition/server/referee.jar on run_22_vdhankar_fyuxin #####
INPUT for vdhankar:
GAME
BLACK
275.760815143585
.b.b.b.b
b.b.....
.b.b....
....b...
........
w.w...w.
.w.w....
w.w.w.w.
##### Running: /usr/bin/time -o time_22_vdhankar_fyuxin.txt -f "%U" python3 homework.py > stulog.txt 2>&1 on vdhankar #####
child exited with value 1
##### ERROR: /usr/bin/time -o time_22_vdhankar_fyuxin.txt -f "%U" python3 homework.py > stulog.txt 2>&1 on vdhankar #####
##### Output of failed program (stdout + stderr): #####
Traceback (most recent call last):
  File "homework.py", line 546, in <module>
    print(end-start)
NameError: name 'end' is not defined
##### End of output of failed program #####
##### vdhankar plays [E e5 d4] in 21.5720160007477s #####
##### Running: /usr/lib/jvm/jdk-14.0.1/bin/java -jar /lab/itti/projects/checkers-competition/server/referee.jar on run_22_vdhankar_fyuxin #####
Move is valid
##### SUCCESS: /usr/lib/jvm/jdk-14.0.1/bin/java -jar /lab/itti/projects/checkers-competition/server/referee.jar on run_22_vdhankar_fyuxin #####
INPUT for fyuxin:
GAME
WHITE
278.74
.b.b.b.b
b.b.....
.b.b....
........
...b....
w.w...w.
.w.w....
w.w.w.w.
##### Running: /usr/bin/time -o time_22_vdhankar_fyuxin.txt -f "%U" /usr/lib/jvm/jdk-14.0.1/bin/java homework > stulog.txt 2>&1 on fyuxin #####
##### SUCCESS: /usr/bin/time -o time_22_vdhankar_fyuxin.txt -f "%U" /usr/lib/jvm/jdk-14.0.1/bin/java homework > stulog.txt 2>&1 on fyuxin #####
##### fyuxin plays [J c3 e5] in 1.06s #####
##### Running: /usr/lib/jvm/jdk-14.0.1/bin/java -jar /lab/itti/projects/checkers-competition/server/referee.jar on run_22_vdhankar_fyuxin #####
Move is valid
##### SUCCESS: /usr/lib/jvm/jdk-14.0.1/bin/java -jar /lab/itti/projects/checkers-competition/server/referee.jar on run_22_vdhankar_fyuxin #####
INPUT for vdhankar:
GAME
BLACK
254.188799142838
.b.b.b.b
b.b.....
.b.b....
....w...
........
w.....w.
.w.w....
w.w.w.w.
##### Running: /usr/bin/time -o time_22_vdhankar_fyuxin.txt -f "%U" python3 homework.py > stulog.txt 2>&1 on vdhankar #####
child exited with value 1
##### ERROR: /usr/bin/time -o time_22_vdhankar_fyuxin.txt -f "%U" python3 homework.py > stulog.txt 2>&1 on vdhankar #####
##### Output of failed program (stdout + stderr): #####
Traceback (most recent call last):
  File "homework.py", line 546, in <module>
    print(end-start)
NameError: name 'end' is not defined
##### End of output of failed program #####
##### vdhankar plays [J d6 f4 ; J f4 h2] in 3.49803996086121s #####
##### Running: /usr/lib/jvm/jdk-14.0.1/bin/java -jar /lab/itti/projects/checkers-competition/server/referee.jar on run_22_vdhankar_fyuxin #####
Move is valid
##### SUCCESS: /usr/lib/jvm/jdk-14.0.1/bin/java -jar /lab/itti/projects/checkers-competition/server/referee.jar on run_22_vdhankar_fyuxin #####
INPUT for fyuxin:
GAME
WHITE
277.68
.b.b.b.b
b.b.....
.b......
........
........
w.......
.w.w...b
w.w.w.w.
##### Running: /usr/bin/time -o time_22_vdhankar_fyuxin.txt -f "%U" /usr/lib/jvm/jdk-14.0.1/bin/java homework > stulog.txt 2>&1 on fyuxin #####
##### SUCCESS: /usr/bin/time -o time_22_vdhankar_fyuxin.txt -f "%U" /usr/lib/jvm/jdk-14.0.1/bin/java homework > stulog.txt 2>&1 on fyuxin #####
##### fyuxin plays [E a3 b4] in 3.14s #####
##### Running: /usr/lib/jvm/jdk-14.0.1/bin/java -jar /lab/itti/projects/checkers-competition/server/referee.jar on run_22_vdhankar_fyuxin #####
Move is valid
##### SUCCESS: /usr/lib/jvm/jdk-14.0.1/bin/java -jar /lab/itti/projects/checkers-competition/server/referee.jar on run_22_vdhankar_fyuxin #####
INPUT for vdhankar:
GAME
BLACK
250.690759181976
.b.b.b.b
b.b.....
.b......
........
.w......
........
.w.w...b
w.w.w.w.
##### Running: /usr/bin/time -o time_22_vdhankar_fyuxin.txt -f "%U" python3 homework.py > stulog.txt 2>&1 on vdhankar #####
child exited with value 1
##### ERROR: /usr/bin/time -o time_22_vdhankar_fyuxin.txt -f "%U" python3 homework.py > stulog.txt 2>&1 on vdhankar #####
##### Output of failed program (stdout + stderr): #####
Traceback (most recent call last):
  File "homework.py", line 546, in <module>
    print(end-start)
NameError: name 'end' is not defined
##### End of output of failed program #####
##### vdhankar plays [E b6 a5] in 6.51939105987549s #####
##### Running: /usr/lib/jvm/jdk-14.0.1/bin/java -jar /lab/itti/projects/checkers-competition/server/referee.jar on run_22_vdhankar_fyuxin #####
Move is valid
##### SUCCESS: /usr/lib/jvm/jdk-14.0.1/bin/java -jar /lab/itti/projects/checkers-competition/server/referee.jar on run_22_vdhankar_fyuxin #####
INPUT for fyuxin:
GAME
WHITE
274.54
.b.b.b.b
b.b.....
........
b.......
.w......
........
.w.w...b
w.w.w.w.
##### Running: /usr/bin/time -o time_22_vdhankar_fyuxin.txt -f "%U" /usr/lib/jvm/jdk-14.0.1/bin/java homework > stulog.txt 2>&1 on fyuxin #####
##### SUCCESS: /usr/bin/time -o time_22_vdhankar_fyuxin.txt -f "%U" /usr/lib/jvm/jdk-14.0.1/bin/java homework > stulog.txt 2>&1 on fyuxin #####
##### fyuxin plays [E b2 c3] in 2.68s #####
##### Running: /usr/lib/jvm/jdk-14.0.1/bin/java -jar /lab/itti/projects/checkers-competition/server/referee.jar on run_22_vdhankar_fyuxin #####
Move is valid
##### SUCCESS: /usr/lib/jvm/jdk-14.0.1/bin/java -jar /lab/itti/projects/checkers-competition/server/referee.jar on run_22_vdhankar_fyuxin #####
INPUT for vdhankar:
GAME
BLACK
244.171368122101
.b.b.b.b
b.b.....
........
b.......
.w......
..w.....
...w...b
w.w.w.w.
##### Running: /usr/bin/time -o time_22_vdhankar_fyuxin.txt -f "%U" python3 homework.py > stulog.txt 2>&1 on vdhankar #####
child exited with value 1
##### ERROR: /usr/bin/time -o time_22_vdhankar_fyuxin.txt -f "%U" python3 homework.py > stulog.txt 2>&1 on vdhankar #####
##### Output of failed program (stdout + stderr): #####
Traceback (most recent call last):
  File "homework.py", line 546, in <module>
    print(end-start)
NameError: name 'end' is not defined
##### End of output of failed program #####
##### vdhankar plays [E a7 b6] in 6.16897511482239s #####
##### Running: /usr/lib/jvm/jdk-14.0.1/bin/java -jar /lab/itti/projects/checkers-competition/server/referee.jar on run_22_vdhankar_fyuxin #####
Move is valid
##### SUCCESS: /usr/lib/jvm/jdk-14.0.1/bin/java -jar /lab/itti/projects/checkers-competition/server/referee.jar on run_22_vdhankar_fyuxin #####
INPUT for fyuxin:
GAME
WHITE
271.86
.b.b.b.b
..b.....
.b......
b.......
.w......
..w.....
...w...b
w.w.w.w.
##### Running: /usr/bin/time -o time_22_vdhankar_fyuxin.txt -f "%U" /usr/lib/jvm/jdk-14.0.1/bin/java homework > stulog.txt 2>&1 on fyuxin #####
##### SUCCESS: /usr/bin/time -o time_22_vdhankar_fyuxin.txt -f "%U" /usr/lib/jvm/jdk-14.0.1/bin/java homework > stulog.txt 2>&1 on fyuxin #####
##### fyuxin plays [E a1 b2] in 4.38s #####
##### Running: /usr/lib/jvm/jdk-14.0.1/bin/java -jar /lab/itti/projects/checkers-competition/server/referee.jar on run_22_vdhankar_fyuxin #####
Move is valid
##### SUCCESS: /usr/lib/jvm/jdk-14.0.1/bin/java -jar /lab/itti/projects/checkers-competition/server/referee.jar on run_22_vdhankar_fyuxin #####
INPUT for vdhankar:
GAME
BLACK
238.002393007278
.b.b.b.b
..b.....
.b......
b.......
.w......
..w.....
.w.w...b
..w.w.w.
##### Running: /usr/bin/time -o time_22_vdhankar_fyuxin.txt -f "%U" python3 homework.py > stulog.txt 2>&1 on vdhankar #####
child exited with value 1
##### ERROR: /usr/bin/time -o time_22_vdhankar_fyuxin.txt -f "%U" python3 homework.py > stulog.txt 2>&1 on vdhankar #####
##### Output of failed program (stdout + stderr): #####
Traceback (most recent call last):
  File "homework.py", line 546, in <module>
    print(end-start)
NameError: name 'end' is not defined
##### End of output of failed program #####
##### vdhankar plays [E c7 d6] in 4.29502511024475s #####
##### Running: /usr/lib/jvm/jdk-14.0.1/bin/java -jar /lab/itti/projects/checkers-competition/server/referee.jar on run_22_vdhankar_fyuxin #####
Move is valid
##### SUCCESS: /usr/lib/jvm/jdk-14.0.1/bin/java -jar /lab/itti/projects/checkers-competition/server/referee.jar on run_22_vdhankar_fyuxin #####
INPUT for fyuxin:
GAME
WHITE
267.48
.b.b.b.b
........
.b.b....
b.......
.w......
..w.....
.w.w...b
..w.w.w.
##### Running: /usr/bin/time -o time_22_vdhankar_fyuxin.txt -f "%U" /usr/lib/jvm/jdk-14.0.1/bin/java homework > stulog.txt 2>&1 on fyuxin #####
##### SUCCESS: /usr/bin/time -o time_22_vdhankar_fyuxin.txt -f "%U" /usr/lib/jvm/jdk-14.0.1/bin/java homework > stulog.txt 2>&1 on fyuxin #####
##### fyuxin plays [E d2 e3] in 4.46s #####
##### Running: /usr/lib/jvm/jdk-14.0.1/bin/java -jar /lab/itti/projects/checkers-competition/server/referee.jar on run_22_vdhankar_fyuxin #####
Move is valid
##### SUCCESS: /usr/lib/jvm/jdk-14.0.1/bin/java -jar /lab/itti/projects/checkers-competition/server/referee.jar on run_22_vdhankar_fyuxin #####
INPUT for vdhankar:
GAME
BLACK
233.707367897034
.b.b.b.b
........
.b.b....
b.......
.w......
..w.w...
.w.....b
..w.w.w.
##### Running: /usr/bin/time -o time_22_vdhankar_fyuxin.txt -f "%U" python3 homework.py > stulog.txt 2>&1 on vdhankar #####
child exited with value 1
##### ERROR: /usr/bin/time -o time_22_vdhankar_fyuxin.txt -f "%U" python3 homework.py > stulog.txt 2>&1 on vdhankar #####
##### Output of failed program (stdout + stderr): #####
Traceback (most recent call last):
  File "homework.py", line 546, in <module>
    print(end-start)
NameError: name 'end' is not defined
##### End of output of failed program #####
##### vdhankar plays [E b6 c5] in 11.9201021194458s #####
##### Running: /usr/lib/jvm/jdk-14.0.1/bin/java -jar /lab/itti/projects/checkers-competition/server/referee.jar on run_22_vdhankar_fyuxin #####
Move is valid
##### SUCCESS: /usr/lib/jvm/jdk-14.0.1/bin/java -jar /lab/itti/projects/checkers-competition/server/referee.jar on run_22_vdhankar_fyuxin #####
INPUT for fyuxin:
GAME
WHITE
263.02
.b.b.b.b
........
...b....
b.b.....
.w......
..w.w...
.w.....b
..w.w.w.
##### Running: /usr/bin/time -o time_22_vdhankar_fyuxin.txt -f "%U" /usr/lib/jvm/jdk-14.0.1/bin/java homework > stulog.txt 2>&1 on fyuxin #####
##### SUCCESS: /usr/bin/time -o time_22_vdhankar_fyuxin.txt -f "%U" /usr/lib/jvm/jdk-14.0.1/bin/java homework > stulog.txt 2>&1 on fyuxin #####
##### fyuxin plays [E b2 a3] in 1.93s #####
##### Running: /usr/lib/jvm/jdk-14.0.1/bin/java -jar /lab/itti/projects/checkers-competition/server/referee.jar on run_22_vdhankar_fyuxin #####
Move is valid
##### SUCCESS: /usr/lib/jvm/jdk-14.0.1/bin/java -jar /lab/itti/projects/checkers-competition/server/referee.jar on run_22_vdhankar_fyuxin #####
INPUT for vdhankar:
GAME
BLACK
221.787265777588
.b.b.b.b
........
...b....
b.b.....
.w......
w.w.w...
.......b
..w.w.w.
##### Running: /usr/bin/time -o time_22_vdhankar_fyuxin.txt -f "%U" python3 homework.py > stulog.txt 2>&1 on vdhankar #####
child exited with value 1
##### ERROR: /usr/bin/time -o time_22_vdhankar_fyuxin.txt -f "%U" python3 homework.py > stulog.txt 2>&1 on vdhankar #####
##### Output of failed program (stdout + stderr): #####
Traceback (most recent call last):
  File "homework.py", line 546, in <module>
    print(end-start)
NameError: name 'end' is not defined
##### End of output of failed program #####
##### vdhankar plays [E f8 e7] in 4.51395988464355s #####
##### Running: /usr/lib/jvm/jdk-14.0.1/bin/java -jar /lab/itti/projects/checkers-competition/server/referee.jar on run_22_vdhankar_fyuxin #####
Move is valid
##### SUCCESS: /usr/lib/jvm/jdk-14.0.1/bin/java -jar /lab/itti/projects/checkers-competition/server/referee.jar on run_22_vdhankar_fyuxin #####
INPUT for fyuxin:
GAME
WHITE
261.09
.b.b...b
....b...
...b....
b.b.....
.w......
w.w.w...
.......b
..w.w.w.
##### Running: /usr/bin/time -o time_22_vdhankar_fyuxin.txt -f "%U" /usr/lib/jvm/jdk-14.0.1/bin/java homework > stulog.txt 2>&1 on fyuxin #####
##### SUCCESS: /usr/bin/time -o time_22_vdhankar_fyuxin.txt -f "%U" /usr/lib/jvm/jdk-14.0.1/bin/java homework > stulog.txt 2>&1 on fyuxin #####
##### fyuxin plays [E g1 f2] in 3.49s #####
##### Running: /usr/lib/jvm/jdk-14.0.1/bin/java -jar /lab/itti/projects/checkers-competition/server/referee.jar on run_22_vdhankar_fyuxin #####
Move is valid
##### SUCCESS: /usr/lib/jvm/jdk-14.0.1/bin/java -jar /lab/itti/projects/checkers-competition/server/referee.jar on run_22_vdhankar_fyuxin #####
INPUT for vdhankar:
GAME
BLACK
217.273305892944
.b.b...b
....b...
...b....
b.b.....
.w......
w.w.w...
.....w.b
..w.w...
##### Running: /usr/bin/time -o time_22_vdhankar_fyuxin.txt -f "%U" python3 homework.py > stulog.txt 2>&1 on vdhankar #####
child exited with value 1
##### ERROR: /usr/bin/time -o time_22_vdhankar_fyuxin.txt -f "%U" python3 homework.py > stulog.txt 2>&1 on vdhankar #####
##### Output of failed program (stdout + stderr): #####
Traceback (most recent call last):
  File "homework.py", line 546, in <module>
    print(end-start)
NameError: name 'end' is not defined
##### End of output of failed program #####
##### vdhankar plays [E h2 g1] in 4.62208604812622s #####
##### Running: /usr/lib/jvm/jdk-14.0.1/bin/java -jar /lab/itti/projects/checkers-competition/server/referee.jar on run_22_vdhankar_fyuxin #####
Move is valid
##### SUCCESS: /usr/lib/jvm/jdk-14.0.1/bin/java -jar /lab/itti/projects/checkers-competition/server/referee.jar on run_22_vdhankar_fyuxin #####
INPUT for fyuxin:
GAME
WHITE
257.6
.b.b...b
....b...
...b....
b.b.....
.w......
w.w.w...
.....w..
..w.w.B.
##### Running: /usr/bin/time -o time_22_vdhankar_fyuxin.txt -f "%U" /usr/lib/jvm/jdk-14.0.1/bin/java homework > stulog.txt 2>&1 on fyuxin #####
##### SUCCESS: /usr/bin/time -o time_22_vdhankar_fyuxin.txt -f "%U" /usr/lib/jvm/jdk-14.0.1/bin/java homework > stulog.txt 2>&1 on fyuxin #####
##### fyuxin plays [E e3 d4] in 3.22s #####
##### Running: /usr/lib/jvm/jdk-14.0.1/bin/java -jar /lab/itti/projects/checkers-competition/server/referee.jar on run_22_vdhankar_fyuxin #####
Move is valid
##### SUCCESS: /usr/lib/jvm/jdk-14.0.1/bin/java -jar /lab/itti/projects/checkers-competition/server/referee.jar on run_22_vdhankar_fyuxin #####
INPUT for vdhankar:
GAME
BLACK
212.651219844818
.b.b...b
....b...
...b....
b.b.....
.w.w....
w.w.....
.....w..
..w.w.B.
##### Running: /usr/bin/time -o time_22_vdhankar_fyuxin.txt -f "%U" python3 homework.py > stulog.txt 2>&1 on vdhankar #####
child exited with value 1
##### ERROR: /usr/bin/time -o time_22_vdhankar_fyuxin.txt -f "%U" python3 homework.py > stulog.txt 2>&1 on vdhankar #####
##### Output of failed program (stdout + stderr): #####
Traceback (most recent call last):
  File "homework.py", line 546, in <module>
    print(end-start)
NameError: name 'end' is not defined
##### End of output of failed program #####
##### vdhankar plays [J g1 e3] in 1.50990414619446s #####
##### Running: /usr/lib/jvm/jdk-14.0.1/bin/java -jar /lab/itti/projects/checkers-competition/server/referee.jar on run_22_vdhankar_fyuxin #####
Move is valid
##### SUCCESS: /usr/lib/jvm/jdk-14.0.1/bin/java -jar /lab/itti/projects/checkers-competition/server/referee.jar on run_22_vdhankar_fyuxin #####
INPUT for fyuxin:
GAME
WHITE
254.38
.b.b...b
....b...
...b....
b.b.....
.w.w....
w.w.B...
........
..w.w...
##### Running: /usr/bin/time -o time_22_vdhankar_fyuxin.txt -f "%U" /usr/lib/jvm/jdk-14.0.1/bin/java homework > stulog.txt 2>&1 on fyuxin #####
##### SUCCESS: /usr/bin/time -o time_22_vdhankar_fyuxin.txt -f "%U" /usr/lib/jvm/jdk-14.0.1/bin/java homework > stulog.txt 2>&1 on fyuxin #####
##### fyuxin plays [J d4 b6] in 1.62s #####
##### Running: /usr/lib/jvm/jdk-14.0.1/bin/java -jar /lab/itti/projects/checkers-competition/server/referee.jar on run_22_vdhankar_fyuxin #####
Move is valid
##### SUCCESS: /usr/lib/jvm/jdk-14.0.1/bin/java -jar /lab/itti/projects/checkers-competition/server/referee.jar on run_22_vdhankar_fyuxin #####
INPUT for vdhankar:
GAME
BLACK
211.141315698624
.b.b...b
....b...
.w.b....
b.......
.w......
w.w.B...
........
..w.w...
##### Running: /usr/bin/time -o time_22_vdhankar_fyuxin.txt -f "%U" python3 homework.py > stulog.txt 2>&1 on vdhankar #####
child exited with value 1
##### ERROR: /usr/bin/time -o time_22_vdhankar_fyuxin.txt -f "%U" python3 homework.py > stulog.txt 2>&1 on vdhankar #####
##### Output of failed program (stdout + stderr): #####
Traceback (most recent call last):
  File "homework.py", line 546, in <module>
    print(end-start)
NameError: name 'end' is not defined
##### End of output of failed program #####
##### vdhankar plays [E d6 e5] in 4.40115785598755s #####
##### Running: /usr/lib/jvm/jdk-14.0.1/bin/java -jar /lab/itti/projects/checkers-competition/server/referee.jar on run_22_vdhankar_fyuxin #####
Move is valid
##### SUCCESS: /usr/lib/jvm/jdk-14.0.1/bin/java -jar /lab/itti/projects/checkers-competition/server/referee.jar on run_22_vdhankar_fyuxin #####
INPUT for fyuxin:
GAME
WHITE
252.76
.b.b...b
....b...
.w......
b...b...
.w......
w.w.B...
........
..w.w...
##### Running: /usr/bin/time -o time_22_vdhankar_fyuxin.txt -f "%U" /usr/lib/jvm/jdk-14.0.1/bin/java homework > stulog.txt 2>&1 on fyuxin #####
##### SUCCESS: /usr/bin/time -o time_22_vdhankar_fyuxin.txt -f "%U" /usr/lib/jvm/jdk-14.0.1/bin/java homework > stulog.txt 2>&1 on fyuxin #####
##### fyuxin plays [E e1 d2] in 4.23s #####
##### Running: /usr/lib/jvm/jdk-14.0.1/bin/java -jar /lab/itti/projects/checkers-competition/server/referee.jar on run_22_vdhankar_fyuxin #####
Move is valid
##### SUCCESS: /usr/lib/jvm/jdk-14.0.1/bin/java -jar /lab/itti/projects/checkers-competition/server/referee.jar on run_22_vdhankar_fyuxin #####
INPUT for vdhankar:
GAME
BLACK
206.740157842636
.b.b...b
....b...
.w......
b...b...
.w......
w.w.B...
...w....
..w.....
##### Running: /usr/bin/time -o time_22_vdhankar_fyuxin.txt -f "%U" python3 homework.py > stulog.txt 2>&1 on vdhankar #####
child exited with value 1
##### ERROR: /usr/bin/time -o time_22_vdhankar_fyuxin.txt -f "%U" python3 homework.py > stulog.txt 2>&1 on vdhankar #####
##### Output of failed program (stdout + stderr): #####
Traceback (most recent call last):
  File "homework.py", line 546, in <module>
    print(end-start)
NameError: name 'end' is not defined
##### End of output of failed program #####
##### vdhankar plays [E e3 d4] in 3.20007085800171s #####
##### Running: /usr/lib/jvm/jdk-14.0.1/bin/java -jar /lab/itti/projects/checkers-competition/server/referee.jar on run_22_vdhankar_fyuxin #####
Move is valid
##### SUCCESS: /usr/lib/jvm/jdk-14.0.1/bin/java -jar /lab/itti/projects/checkers-competition/server/referee.jar on run_22_vdhankar_fyuxin #####
INPUT for fyuxin:
GAME
WHITE
248.53
.b.b...b
....b...
.w......
b...b...
.w.B....
w.w.....
...w....
..w.....
##### Running: /usr/bin/time -o time_22_vdhankar_fyuxin.txt -f "%U" /usr/lib/jvm/jdk-14.0.1/bin/java homework > stulog.txt 2>&1 on fyuxin #####
##### SUCCESS: /usr/bin/time -o time_22_vdhankar_fyuxin.txt -f "%U" /usr/lib/jvm/jdk-14.0.1/bin/java homework > stulog.txt 2>&1 on fyuxin #####
##### fyuxin plays [E b4 c5] in 1.6s #####
##### Running: /usr/lib/jvm/jdk-14.0.1/bin/java -jar /lab/itti/projects/checkers-competition/server/referee.jar on run_22_vdhankar_fyuxin #####
Move is valid
##### SUCCESS: /usr/lib/jvm/jdk-14.0.1/bin/java -jar /lab/itti/projects/checkers-competition/server/referee.jar on run_22_vdhankar_fyuxin #####
INPUT for vdhankar:
GAME
BLACK
203.540086984634
.b.b...b
....b...
.w......
b.w.b...
...B....
w.w.....
...w....
..w.....
##### Running: /usr/bin/time -o time_22_vdhankar_fyuxin.txt -f "%U" python3 homework.py > stulog.txt 2>&1 on vdhankar #####
child exited with value 1
##### ERROR: /usr/bin/time -o time_22_vdhankar_fyuxin.txt -f "%U" python3 homework.py > stulog.txt 2>&1 on vdhankar #####
##### Output of failed program (stdout + stderr): #####
Traceback (most recent call last):
  File "homework.py", line 546, in <module>
    print(end-start)
NameError: name 'end' is not defined
##### End of output of failed program #####
##### vdhankar plays [J d4 b2] in 1.18688702583313s #####
##### Running: /usr/lib/jvm/jdk-14.0.1/bin/java -jar /lab/itti/projects/checkers-competition/server/referee.jar on run_22_vdhankar_fyuxin #####
Move is valid
##### SUCCESS: /usr/lib/jvm/jdk-14.0.1/bin/java -jar /lab/itti/projects/checkers-competition/server/referee.jar on run_22_vdhankar_fyuxin #####
INPUT for fyuxin:
GAME
WHITE
246.93
.b.b...b
....b...
.w......
b.w.b...
........
w.......
.B.w....
..w.....
##### Running: /usr/bin/time -o time_22_vdhankar_fyuxin.txt -f "%U" /usr/lib/jvm/jdk-14.0.1/bin/java homework > stulog.txt 2>&1 on fyuxin #####
##### SUCCESS: /usr/bin/time -o time_22_vdhankar_fyuxin.txt -f "%U" /usr/lib/jvm/jdk-14.0.1/bin/java homework > stulog.txt 2>&1 on fyuxin #####
##### fyuxin plays [E d2 e3] in 1.93s #####
##### Running: /usr/lib/jvm/jdk-14.0.1/bin/java -jar /lab/itti/projects/checkers-competition/server/referee.jar on run_22_vdhankar_fyuxin #####
Move is valid
##### SUCCESS: /usr/lib/jvm/jdk-14.0.1/bin/java -jar /lab/itti/projects/checkers-competition/server/referee.jar on run_22_vdhankar_fyuxin #####
INPUT for vdhankar:
GAME
BLACK
202.353199958801
.b.b...b
....b...
.w......
b.w.b...
........
w...w...
.B......
..w.....
##### Running: /usr/bin/time -o time_22_vdhankar_fyuxin.txt -f "%U" python3 homework.py > stulog.txt 2>&1 on vdhankar #####
child exited with value 1
##### ERROR: /usr/bin/time -o time_22_vdhankar_fyuxin.txt -f "%U" python3 homework.py > stulog.txt 2>&1 on vdhankar #####
##### Output of failed program (stdout + stderr): #####
Traceback (most recent call last):
  File "homework.py", line 546, in <module>
    print(end-start)
NameError: name 'end' is not defined
##### End of output of failed program #####
##### vdhankar plays [E b2 c3] in 3.8248119354248s #####
##### Running: /usr/lib/jvm/jdk-14.0.1/bin/java -jar /lab/itti/projects/checkers-competition/server/referee.jar on run_22_vdhankar_fyuxin #####
Move is valid
##### SUCCESS: /usr/lib/jvm/jdk-14.0.1/bin/java -jar /lab/itti/projects/checkers-competition/server/referee.jar on run_22_vdhankar_fyuxin #####
INPUT for fyuxin:
GAME
WHITE
245
.b.b...b
....b...
.w......
b.w.b...
........
w.B.w...
........
..w.....
##### Running: /usr/bin/time -o time_22_vdhankar_fyuxin.txt -f "%U" /usr/lib/jvm/jdk-14.0.1/bin/java homework > stulog.txt 2>&1 on fyuxin #####
##### SUCCESS: /usr/bin/time -o time_22_vdhankar_fyuxin.txt -f "%U" /usr/lib/jvm/jdk-14.0.1/bin/java homework > stulog.txt 2>&1 on fyuxin #####
##### fyuxin plays [E c5 d6] in 2.17s #####
##### Running: /usr/lib/jvm/jdk-14.0.1/bin/java -jar /lab/itti/projects/checkers-competition/server/referee.jar on run_22_vdhankar_fyuxin #####
Move is valid
##### SUCCESS: /usr/lib/jvm/jdk-14.0.1/bin/java -jar /lab/itti/projects/checkers-competition/server/referee.jar on run_22_vdhankar_fyuxin #####
INPUT for vdhankar:
GAME
BLACK
198.528388023376
.b.b...b
....b...
.w.w....
b...b...
........
w.B.w...
........
..w.....
##### Running: /usr/bin/time -o time_22_vdhankar_fyuxin.txt -f "%U" python3 homework.py > stulog.txt 2>&1 on vdhankar #####
child exited with value 1
##### ERROR: /usr/bin/time -o time_22_vdhankar_fyuxin.txt -f "%U" python3 homework.py > stulog.txt 2>&1 on vdhankar #####
##### Output of failed program (stdout + stderr): #####
Traceback (most recent call last):
  File "homework.py", line 546, in <module>
    print(end-start)
NameError: name 'end' is not defined
##### End of output of failed program #####
##### vdhankar plays [J e7 c5] in 0.59563684463501s #####
##### Running: /usr/lib/jvm/jdk-14.0.1/bin/java -jar /lab/itti/projects/checkers-competition/server/referee.jar on run_22_vdhankar_fyuxin #####
Move is valid
##### SUCCESS: /usr/lib/jvm/jdk-14.0.1/bin/java -jar /lab/itti/projects/checkers-competition/server/referee.jar on run_22_vdhankar_fyuxin #####
INPUT for fyuxin:
GAME
WHITE
242.83
.b.b...b
........
.w......
b.b.b...
........
w.B.w...
........
..w.....
##### Running: /usr/bin/time -o time_22_vdhankar_fyuxin.txt -f "%U" /usr/lib/jvm/jdk-14.0.1/bin/java homework > stulog.txt 2>&1 on fyuxin #####
##### SUCCESS: /usr/bin/time -o time_22_vdhankar_fyuxin.txt -f "%U" /usr/lib/jvm/jdk-14.0.1/bin/java homework > stulog.txt 2>&1 on fyuxin #####
##### fyuxin plays [E a3 b4] in 1.22s #####
##### Running: /usr/lib/jvm/jdk-14.0.1/bin/java -jar /lab/itti/projects/checkers-competition/server/referee.jar on run_22_vdhankar_fyuxin #####
Move is valid
##### SUCCESS: /usr/lib/jvm/jdk-14.0.1/bin/java -jar /lab/itti/projects/checkers-competition/server/referee.jar on run_22_vdhankar_fyuxin #####
INPUT for vdhankar:
GAME
BLACK
197.932751178741
.b.b...b
........
.w......
b.b.b...
.w......
..B.w...
........
..w.....
##### Running: /usr/bin/time -o time_22_vdhankar_fyuxin.txt -f "%U" python3 homework.py > stulog.txt 2>&1 on vdhankar #####
child exited with value 1
##### ERROR: /usr/bin/time -o time_22_vdhankar_fyuxin.txt -f "%U" python3 homework.py > stulog.txt 2>&1 on vdhankar #####
##### Output of failed program (stdout + stderr): #####
Traceback (most recent call last):
  File "homework.py", line 546, in <module>
    print(end-start)
NameError: name 'end' is not defined
##### End of output of failed program #####
##### vdhankar plays [J c5 a3] in 0.822880983352661s #####
##### Running: /usr/lib/jvm/jdk-14.0.1/bin/java -jar /lab/itti/projects/checkers-competition/server/referee.jar on run_22_vdhankar_fyuxin #####
Move is valid
##### SUCCESS: /usr/lib/jvm/jdk-14.0.1/bin/java -jar /lab/itti/projects/checkers-competition/server/referee.jar on run_22_vdhankar_fyuxin #####
INPUT for fyuxin:
GAME
WHITE
241.61
.b.b...b
........
.w......
b...b...
........
b.B.w...
........
..w.....
##### Running: /usr/bin/time -o time_22_vdhankar_fyuxin.txt -f "%U" /usr/lib/jvm/jdk-14.0.1/bin/java homework > stulog.txt 2>&1 on fyuxin #####
##### SUCCESS: /usr/bin/time -o time_22_vdhankar_fyuxin.txt -f "%U" /usr/lib/jvm/jdk-14.0.1/bin/java homework > stulog.txt 2>&1 on fyuxin #####
##### fyuxin plays [E c1 b2] in 1.58s #####
##### Running: /usr/lib/jvm/jdk-14.0.1/bin/java -jar /lab/itti/projects/checkers-competition/server/referee.jar on run_22_vdhankar_fyuxin #####
Move is valid
##### SUCCESS: /usr/lib/jvm/jdk-14.0.1/bin/java -jar /lab/itti/projects/checkers-competition/server/referee.jar on run_22_vdhankar_fyuxin #####
INPUT for vdhankar:
GAME
BLACK
197.109870195389
.b.b...b
........
.w......
b...b...
........
b.B.w...
.w......
........
##### Running: /usr/bin/time -o time_22_vdhankar_fyuxin.txt -f "%U" python3 homework.py > stulog.txt 2>&1 on vdhankar #####
child exited with value 1
##### ERROR: /usr/bin/time -o time_22_vdhankar_fyuxin.txt -f "%U" python3 homework.py > stulog.txt 2>&1 on vdhankar #####
##### Output of failed program (stdout + stderr): #####
Traceback (most recent call last):
  File "homework.py", line 546, in <module>
    print(end-start)
NameError: name 'end' is not defined
##### End of output of failed program #####
##### vdhankar plays [J c3 a1] in 0.523813009262085s #####
##### Running: /usr/lib/jvm/jdk-14.0.1/bin/java -jar /lab/itti/projects/checkers-competition/server/referee.jar on run_22_vdhankar_fyuxin #####
Move is valid
##### SUCCESS: /usr/lib/jvm/jdk-14.0.1/bin/java -jar /lab/itti/projects/checkers-competition/server/referee.jar on run_22_vdhankar_fyuxin #####
INPUT for fyuxin:
GAME
WHITE
240.03
.b.b...b
........
.w......
b...b...
........
b...w...
........
B.......
##### Running: /usr/bin/time -o time_22_vdhankar_fyuxin.txt -f "%U" /usr/lib/jvm/jdk-14.0.1/bin/java homework > stulog.txt 2>&1 on fyuxin #####
##### SUCCESS: /usr/bin/time -o time_22_vdhankar_fyuxin.txt -f "%U" /usr/lib/jvm/jdk-14.0.1/bin/java homework > stulog.txt 2>&1 on fyuxin #####
##### fyuxin plays [E e3 f4] in 0.41s #####
##### Running: /usr/lib/jvm/jdk-14.0.1/bin/java -jar /lab/itti/projects/checkers-competition/server/referee.jar on run_22_vdhankar_fyuxin #####
Move is valid
##### SUCCESS: /usr/lib/jvm/jdk-14.0.1/bin/java -jar /lab/itti/projects/checkers-competition/server/referee.jar on run_22_vdhankar_fyuxin #####
INPUT for vdhankar:
GAME
BLACK
196.586057186127
.b.b...b
........
.w......
b...b...
.....w..
b.......
........
B.......
##### Running: /usr/bin/time -o time_22_vdhankar_fyuxin.txt -f "%U" python3 homework.py > stulog.txt 2>&1 on vdhankar #####
child exited with value 1
##### ERROR: /usr/bin/time -o time_22_vdhankar_fyuxin.txt -f "%U" python3 homework.py > stulog.txt 2>&1 on vdhankar #####
##### Output of failed program (stdout + stderr): #####
Traceback (most recent call last):
  File "homework.py", line 546, in <module>
    print(end-start)
NameError: name 'end' is not defined
##### End of output of failed program #####
##### vdhankar plays [J e5 g3] in 0.230415105819702s #####
##### Running: /usr/lib/jvm/jdk-14.0.1/bin/java -jar /lab/itti/projects/checkers-competition/server/referee.jar on run_22_vdhankar_fyuxin #####
Move is valid
##### SUCCESS: /usr/lib/jvm/jdk-14.0.1/bin/java -jar /lab/itti/projects/checkers-competition/server/referee.jar on run_22_vdhankar_fyuxin #####
INPUT for fyuxin:
GAME
WHITE
239.62
.b.b...b
........
.w......
b.......
........
b.....b.
........
B.......
##### Running: /usr/bin/time -o time_22_vdhankar_fyuxin.txt -f "%U" /usr/lib/jvm/jdk-14.0.1/bin/java homework > stulog.txt 2>&1 on fyuxin #####
##### SUCCESS: /usr/bin/time -o time_22_vdhankar_fyuxin.txt -f "%U" /usr/lib/jvm/jdk-14.0.1/bin/java homework > stulog.txt 2>&1 on fyuxin #####
##### fyuxin plays [E b6 c7] in 0.38s #####
##### Running: /usr/lib/jvm/jdk-14.0.1/bin/java -jar /lab/itti/projects/checkers-competition/server/referee.jar on run_22_vdhankar_fyuxin #####
Move is valid
##### SUCCESS: /usr/lib/jvm/jdk-14.0.1/bin/java -jar /lab/itti/projects/checkers-competition/server/referee.jar on run_22_vdhankar_fyuxin #####
INPUT for vdhankar:
GAME
BLACK
196.355642080307
.b.b...b
..w.....
........
b.......
........
b.....b.
........
B.......
##### Running: /usr/bin/time -o time_22_vdhankar_fyuxin.txt -f "%U" python3 homework.py > stulog.txt 2>&1 on vdhankar #####
child exited with value 1
##### ERROR: /usr/bin/time -o time_22_vdhankar_fyuxin.txt -f "%U" python3 homework.py > stulog.txt 2>&1 on vdhankar #####
##### Output of failed program (stdout + stderr): #####
Traceback (most recent call last):
  File "homework.py", line 546, in <module>
    print(end-start)
NameError: name 'end' is not defined
##### End of output of failed program #####
##### vdhankar plays [J b8 d6] in 0.203981876373291s #####
##### Running: /usr/lib/jvm/jdk-14.0.1/bin/java -jar /lab/itti/projects/checkers-competition/server/referee.jar on run_22_vdhankar_fyuxin #####
Move is valid
After this move, player WHITE cannot make any moves
*** Winner: BLACK ***
##### SUCCESS: /usr/lib/jvm/jdk-14.0.1/bin/java -jar /lab/itti/projects/checkers-competition/server/referee.jar on run_22_vdhankar_fyuxin #####
##### GAME OVER: vdhankar wins the game! #####
Server said: WIN
########## ROUND 22 GAMESCORE AFTER GAME 4: vdhankar=3 and fyuxin=1 ##########


########## GRAND WINNER ROUND 22 IS vdhankar BY 3 vs 1 GAMESCORE ##########
