#################### ROUND 22: vdhankar (B) vs minglyu (W): game 1 ####################
##### game start! #####
INPUT for vdhankar:
GAME
BLACK
300
.b.b.b.b
b.b.b.b.
.b.b.b.b
........
........
w.w.w.w.
.w.w.w.w
w.w.w.w.
##### Running: /usr/bin/time -o time_22_vdhankar_minglyu.txt -f "%U" python3 homework.py > stulog.txt 2>&1 on vdhankar #####
child exited with value 1
##### ERROR: /usr/bin/time -o time_22_vdhankar_minglyu.txt -f "%U" python3 homework.py > stulog.txt 2>&1 on vdhankar #####
##### Output of failed program (stdout + stderr): #####
Traceback (most recent call last):
  File "homework.py", line 546, in <module>
    print(end-start)
NameError: name 'end' is not defined
##### End of output of failed program #####
##### vdhankar plays [E h6 g5] in 11.7005548477173s #####
##### Running: /usr/lib/jvm/jdk-14.0.1/bin/java -jar /lab/itti/projects/checkers-competition/server/referee.jar on run_22_vdhankar_minglyu #####
Move is valid
Couldn't read file 'current_ply.txt'
Couldn't read content from file 'current_ply.txt'
Couldn't read file 'lastmatchange_ply.txt'
Couldn't read content from file 'lastmatchange_ply.txt'
##### SUCCESS: /usr/lib/jvm/jdk-14.0.1/bin/java -jar /lab/itti/projects/checkers-competition/server/referee.jar on run_22_vdhankar_minglyu #####
INPUT for minglyu:
GAME
WHITE
300
.b.b.b.b
b.b.b.b.
.b.b.b..
......b.
........
w.w.w.w.
.w.w.w.w
w.w.w.w.
##### Running: /usr/bin/time -o time_22_vdhankar_minglyu.txt -f "%U" /usr/lib/jvm/jdk-14.0.1/bin/java homework > stulog.txt 2>&1 on minglyu #####
##### SUCCESS: /usr/bin/time -o time_22_vdhankar_minglyu.txt -f "%U" /usr/lib/jvm/jdk-14.0.1/bin/java homework > stulog.txt 2>&1 on minglyu #####
##### minglyu plays [E g3 h4] in 3.51s #####
##### Running: /usr/lib/jvm/jdk-14.0.1/bin/java -jar /lab/itti/projects/checkers-competition/server/referee.jar on run_22_vdhankar_minglyu #####
Move is valid
##### SUCCESS: /usr/lib/jvm/jdk-14.0.1/bin/java -jar /lab/itti/projects/checkers-competition/server/referee.jar on run_22_vdhankar_minglyu #####
INPUT for vdhankar:
GAME
BLACK
288.299445152283
.b.b.b.b
b.b.b.b.
.b.b.b..
......b.
.......w
w.w.w...
.w.w.w.w
w.w.w.w.
##### Running: /usr/bin/time -o time_22_vdhankar_minglyu.txt -f "%U" python3 homework.py > stulog.txt 2>&1 on vdhankar #####
child exited with value 1
##### ERROR: /usr/bin/time -o time_22_vdhankar_minglyu.txt -f "%U" python3 homework.py > stulog.txt 2>&1 on vdhankar #####
##### Output of failed program (stdout + stderr): #####
Traceback (most recent call last):
  File "homework.py", line 546, in <module>
    print(end-start)
NameError: name 'end' is not defined
##### End of output of failed program #####
##### vdhankar plays [E f6 e5] in 12.3050320148468s #####
##### Running: /usr/lib/jvm/jdk-14.0.1/bin/java -jar /lab/itti/projects/checkers-competition/server/referee.jar on run_22_vdhankar_minglyu #####
Move is valid
##### SUCCESS: /usr/lib/jvm/jdk-14.0.1/bin/java -jar /lab/itti/projects/checkers-competition/server/referee.jar on run_22_vdhankar_minglyu #####
INPUT for minglyu:
GAME
WHITE
296.49
.b.b.b.b
b.b.b.b.
.b.b....
....b.b.
.......w
w.w.w...
.w.w.w.w
w.w.w.w.
##### Running: /usr/bin/time -o time_22_vdhankar_minglyu.txt -f "%U" /usr/lib/jvm/jdk-14.0.1/bin/java homework > stulog.txt 2>&1 on minglyu #####
##### SUCCESS: /usr/bin/time -o time_22_vdhankar_minglyu.txt -f "%U" /usr/lib/jvm/jdk-14.0.1/bin/java homework > stulog.txt 2>&1 on minglyu #####
##### minglyu plays [J h4 f6] in 0.19s #####
##### Running: /usr/lib/jvm/jdk-14.0.1/bin/java -jar /lab/itti/projects/checkers-competition/server/referee.jar on run_22_vdhankar_minglyu #####
Move is valid
##### SUCCESS: /usr/lib/jvm/jdk-14.0.1/bin/java -jar /lab/itti/projects/checkers-competition/server/referee.jar on run_22_vdhankar_minglyu #####
INPUT for vdhankar:
GAME
BLACK
275.994413137436
.b.b.b.b
b.b.b.b.
.b.b.w..
....b...
........
w.w.w...
.w.w.w.w
w.w.w.w.
##### Running: /usr/bin/time -o time_22_vdhankar_minglyu.txt -f "%U" python3 homework.py > stulog.txt 2>&1 on vdhankar #####
child exited with value 1
##### ERROR: /usr/bin/time -o time_22_vdhankar_minglyu.txt -f "%U" python3 homework.py > stulog.txt 2>&1 on vdhankar #####
##### Output of failed program (stdout + stderr): #####
Traceback (most recent call last):
  File "homework.py", line 546, in <module>
    print(end-start)
NameError: name 'end' is not defined
##### End of output of failed program #####
##### vdhankar plays [J e7 g5] in 8.7953519821167s #####
##### Running: /usr/lib/jvm/jdk-14.0.1/bin/java -jar /lab/itti/projects/checkers-competition/server/referee.jar on run_22_vdhankar_minglyu #####
Move is valid
##### SUCCESS: /usr/lib/jvm/jdk-14.0.1/bin/java -jar /lab/itti/projects/checkers-competition/server/referee.jar on run_22_vdhankar_minglyu #####
INPUT for minglyu:
GAME
WHITE
296.3
.b.b.b.b
b.b...b.
.b.b....
....b.b.
........
w.w.w...
.w.w.w.w
w.w.w.w.
##### Running: /usr/bin/time -o time_22_vdhankar_minglyu.txt -f "%U" /usr/lib/jvm/jdk-14.0.1/bin/java homework > stulog.txt 2>&1 on minglyu #####
##### SUCCESS: /usr/bin/time -o time_22_vdhankar_minglyu.txt -f "%U" /usr/lib/jvm/jdk-14.0.1/bin/java homework > stulog.txt 2>&1 on minglyu #####
##### minglyu plays [E c3 b4] in 5.86s #####
##### Running: /usr/lib/jvm/jdk-14.0.1/bin/java -jar /lab/itti/projects/checkers-competition/server/referee.jar on run_22_vdhankar_minglyu #####
Move is valid
##### SUCCESS: /usr/lib/jvm/jdk-14.0.1/bin/java -jar /lab/itti/projects/checkers-competition/server/referee.jar on run_22_vdhankar_minglyu #####
INPUT for vdhankar:
GAME
BLACK
267.199061155319
.b.b.b.b
b.b...b.
.b.b....
....b.b.
.w......
w...w...
.w.w.w.w
w.w.w.w.
##### Running: /usr/bin/time -o time_22_vdhankar_minglyu.txt -f "%U" python3 homework.py > stulog.txt 2>&1 on vdhankar #####
child exited with value 1
##### ERROR: /usr/bin/time -o time_22_vdhankar_minglyu.txt -f "%U" python3 homework.py > stulog.txt 2>&1 on vdhankar #####
##### Output of failed program (stdout + stderr): #####
Traceback (most recent call last):
  File "homework.py", line 546, in <module>
    print(end-start)
NameError: name 'end' is not defined
##### End of output of failed program #####
##### vdhankar plays [E g5 h4] in 15.4454751014709s #####
##### Running: /usr/lib/jvm/jdk-14.0.1/bin/java -jar /lab/itti/projects/checkers-competition/server/referee.jar on run_22_vdhankar_minglyu #####
Move is valid
##### SUCCESS: /usr/lib/jvm/jdk-14.0.1/bin/java -jar /lab/itti/projects/checkers-competition/server/referee.jar on run_22_vdhankar_minglyu #####
INPUT for minglyu:
GAME
WHITE
290.44
.b.b.b.b
b.b...b.
.b.b....
....b...
.w.....b
w...w...
.w.w.w.w
w.w.w.w.
##### Running: /usr/bin/time -o time_22_vdhankar_minglyu.txt -f "%U" /usr/lib/jvm/jdk-14.0.1/bin/java homework > stulog.txt 2>&1 on minglyu #####
##### SUCCESS: /usr/bin/time -o time_22_vdhankar_minglyu.txt -f "%U" /usr/lib/jvm/jdk-14.0.1/bin/java homework > stulog.txt 2>&1 on minglyu #####
##### minglyu plays [E b4 a5] in 3.66s #####
##### Running: /usr/lib/jvm/jdk-14.0.1/bin/java -jar /lab/itti/projects/checkers-competition/server/referee.jar on run_22_vdhankar_minglyu #####
Move is valid
##### SUCCESS: /usr/lib/jvm/jdk-14.0.1/bin/java -jar /lab/itti/projects/checkers-competition/server/referee.jar on run_22_vdhankar_minglyu #####
INPUT for vdhankar:
GAME
BLACK
251.753586053848
.b.b.b.b
b.b...b.
.b.b....
w...b...
.......b
w...w...
.w.w.w.w
w.w.w.w.
##### Running: /usr/bin/time -o time_22_vdhankar_minglyu.txt -f "%U" python3 homework.py > stulog.txt 2>&1 on vdhankar #####
child exited with value 1
##### ERROR: /usr/bin/time -o time_22_vdhankar_minglyu.txt -f "%U" python3 homework.py > stulog.txt 2>&1 on vdhankar #####
##### Output of failed program (stdout + stderr): #####
Traceback (most recent call last):
  File "homework.py", line 546, in <module>
    print(end-start)
NameError: name 'end' is not defined
##### End of output of failed program #####
##### vdhankar plays [E b6 c5] in 11.1577429771423s #####
##### Running: /usr/lib/jvm/jdk-14.0.1/bin/java -jar /lab/itti/projects/checkers-competition/server/referee.jar on run_22_vdhankar_minglyu #####
Move is valid
##### SUCCESS: /usr/lib/jvm/jdk-14.0.1/bin/java -jar /lab/itti/projects/checkers-competition/server/referee.jar on run_22_vdhankar_minglyu #####
INPUT for minglyu:
GAME
WHITE
286.78
.b.b.b.b
b.b...b.
...b....
w.b.b...
.......b
w...w...
.w.w.w.w
w.w.w.w.
##### Running: /usr/bin/time -o time_22_vdhankar_minglyu.txt -f "%U" /usr/lib/jvm/jdk-14.0.1/bin/java homework > stulog.txt 2>&1 on minglyu #####
##### SUCCESS: /usr/bin/time -o time_22_vdhankar_minglyu.txt -f "%U" /usr/lib/jvm/jdk-14.0.1/bin/java homework > stulog.txt 2>&1 on minglyu #####
##### minglyu plays [E b2 c3] in 3.43s #####
##### Running: /usr/lib/jvm/jdk-14.0.1/bin/java -jar /lab/itti/projects/checkers-competition/server/referee.jar on run_22_vdhankar_minglyu #####
Move is valid
##### SUCCESS: /usr/lib/jvm/jdk-14.0.1/bin/java -jar /lab/itti/projects/checkers-competition/server/referee.jar on run_22_vdhankar_minglyu #####
INPUT for vdhankar:
GAME
BLACK
240.595843076706
.b.b.b.b
b.b...b.
...b....
w.b.b...
.......b
w.w.w...
...w.w.w
w.w.w.w.
##### Running: /usr/bin/time -o time_22_vdhankar_minglyu.txt -f "%U" python3 homework.py > stulog.txt 2>&1 on vdhankar #####
child exited with value 1
##### ERROR: /usr/bin/time -o time_22_vdhankar_minglyu.txt -f "%U" python3 homework.py > stulog.txt 2>&1 on vdhankar #####
##### Output of failed program (stdout + stderr): #####
Traceback (most recent call last):
  File "homework.py", line 546, in <module>
    print(end-start)
NameError: name 'end' is not defined
##### End of output of failed program #####
##### vdhankar plays [E g7 f6] in 11.2024137973785s #####
##### Running: /usr/lib/jvm/jdk-14.0.1/bin/java -jar /lab/itti/projects/checkers-competition/server/referee.jar on run_22_vdhankar_minglyu #####
Move is valid
##### SUCCESS: /usr/lib/jvm/jdk-14.0.1/bin/java -jar /lab/itti/projects/checkers-competition/server/referee.jar on run_22_vdhankar_minglyu #####
INPUT for minglyu:
GAME
WHITE
283.35
.b.b.b.b
b.b.....
...b.b..
w.b.b...
.......b
w.w.w...
...w.w.w
w.w.w.w.
##### Running: /usr/bin/time -o time_22_vdhankar_minglyu.txt -f "%U" /usr/lib/jvm/jdk-14.0.1/bin/java homework > stulog.txt 2>&1 on minglyu #####
##### SUCCESS: /usr/bin/time -o time_22_vdhankar_minglyu.txt -f "%U" /usr/lib/jvm/jdk-14.0.1/bin/java homework > stulog.txt 2>&1 on minglyu #####
##### minglyu plays [E h2 g3] in 4.18s #####
##### Running: /usr/lib/jvm/jdk-14.0.1/bin/java -jar /lab/itti/projects/checkers-competition/server/referee.jar on run_22_vdhankar_minglyu #####
Move is valid
##### SUCCESS: /usr/lib/jvm/jdk-14.0.1/bin/java -jar /lab/itti/projects/checkers-competition/server/referee.jar on run_22_vdhankar_minglyu #####
INPUT for vdhankar:
GAME
BLACK
229.393429279327
.b.b.b.b
b.b.....
...b.b..
w.b.b...
.......b
w.w.w.w.
...w.w..
w.w.w.w.
##### Running: /usr/bin/time -o time_22_vdhankar_minglyu.txt -f "%U" python3 homework.py > stulog.txt 2>&1 on vdhankar #####
child exited with value 1
##### ERROR: /usr/bin/time -o time_22_vdhankar_minglyu.txt -f "%U" python3 homework.py > stulog.txt 2>&1 on vdhankar #####
##### Output of failed program (stdout + stderr): #####
Traceback (most recent call last):
  File "homework.py", line 546, in <module>
    print(end-start)
NameError: name 'end' is not defined
##### End of output of failed program #####
##### vdhankar plays [E a7 b6] in 16.2741899490356s #####
##### Running: /usr/lib/jvm/jdk-14.0.1/bin/java -jar /lab/itti/projects/checkers-competition/server/referee.jar on run_22_vdhankar_minglyu #####
Move is valid
##### SUCCESS: /usr/lib/jvm/jdk-14.0.1/bin/java -jar /lab/itti/projects/checkers-competition/server/referee.jar on run_22_vdhankar_minglyu #####
INPUT for minglyu:
GAME
WHITE
279.17
.b.b.b.b
..b.....
.b.b.b..
w.b.b...
.......b
w.w.w.w.
...w.w..
w.w.w.w.
##### Running: /usr/bin/time -o time_22_vdhankar_minglyu.txt -f "%U" /usr/lib/jvm/jdk-14.0.1/bin/java homework > stulog.txt 2>&1 on minglyu #####
##### SUCCESS: /usr/bin/time -o time_22_vdhankar_minglyu.txt -f "%U" /usr/lib/jvm/jdk-14.0.1/bin/java homework > stulog.txt 2>&1 on minglyu #####
##### minglyu plays [E e3 d4] in 3.25s #####
##### Running: /usr/lib/jvm/jdk-14.0.1/bin/java -jar /lab/itti/projects/checkers-competition/server/referee.jar on run_22_vdhankar_minglyu #####
Move is valid
##### SUCCESS: /usr/lib/jvm/jdk-14.0.1/bin/java -jar /lab/itti/projects/checkers-competition/server/referee.jar on run_22_vdhankar_minglyu #####
INPUT for vdhankar:
GAME
BLACK
213.119239330292
.b.b.b.b
..b.....
.b.b.b..
w.b.b...
...w...b
w.w...w.
...w.w..
w.w.w.w.
##### Running: /usr/bin/time -o time_22_vdhankar_minglyu.txt -f "%U" python3 homework.py > stulog.txt 2>&1 on vdhankar #####
child exited with value 1
##### ERROR: /usr/bin/time -o time_22_vdhankar_minglyu.txt -f "%U" python3 homework.py > stulog.txt 2>&1 on vdhankar #####
##### Output of failed program (stdout + stderr): #####
Traceback (most recent call last):
  File "homework.py", line 546, in <module>
    print(end-start)
NameError: name 'end' is not defined
##### End of output of failed program #####
##### vdhankar plays [J c5 e3] in 3.06052803993225s #####
##### Running: /usr/lib/jvm/jdk-14.0.1/bin/java -jar /lab/itti/projects/checkers-competition/server/referee.jar on run_22_vdhankar_minglyu #####
Move is valid
##### SUCCESS: /usr/lib/jvm/jdk-14.0.1/bin/java -jar /lab/itti/projects/checkers-competition/server/referee.jar on run_22_vdhankar_minglyu #####
INPUT for minglyu:
GAME
WHITE
275.92
.b.b.b.b
..b.....
.b.b.b..
w...b...
.......b
w.w.b.w.
...w.w..
w.w.w.w.
##### Running: /usr/bin/time -o time_22_vdhankar_minglyu.txt -f "%U" /usr/lib/jvm/jdk-14.0.1/bin/java homework > stulog.txt 2>&1 on minglyu #####
##### SUCCESS: /usr/bin/time -o time_22_vdhankar_minglyu.txt -f "%U" /usr/lib/jvm/jdk-14.0.1/bin/java homework > stulog.txt 2>&1 on minglyu #####
##### minglyu plays [J f2 d4] in 2.13s #####
##### Running: /usr/lib/jvm/jdk-14.0.1/bin/java -jar /lab/itti/projects/checkers-competition/server/referee.jar on run_22_vdhankar_minglyu #####
Move is valid
##### SUCCESS: /usr/lib/jvm/jdk-14.0.1/bin/java -jar /lab/itti/projects/checkers-competition/server/referee.jar on run_22_vdhankar_minglyu #####
INPUT for vdhankar:
GAME
BLACK
210.058711290359
.b.b.b.b
..b.....
.b.b.b..
w...b...
...w...b
w.w...w.
...w....
w.w.w.w.
##### Running: /usr/bin/time -o time_22_vdhankar_minglyu.txt -f "%U" python3 homework.py > stulog.txt 2>&1 on vdhankar #####
child exited with value 1
##### ERROR: /usr/bin/time -o time_22_vdhankar_minglyu.txt -f "%U" python3 homework.py > stulog.txt 2>&1 on vdhankar #####
##### Output of failed program (stdout + stderr): #####
Traceback (most recent call last):
  File "homework.py", line 546, in <module>
    print(end-start)
NameError: name 'end' is not defined
##### End of output of failed program #####
##### vdhankar plays [J h4 f2] in 2.23194098472595s #####
##### Running: /usr/lib/jvm/jdk-14.0.1/bin/java -jar /lab/itti/projects/checkers-competition/server/referee.jar on run_22_vdhankar_minglyu #####
Move is valid
##### SUCCESS: /usr/lib/jvm/jdk-14.0.1/bin/java -jar /lab/itti/projects/checkers-competition/server/referee.jar on run_22_vdhankar_minglyu #####
INPUT for minglyu:
GAME
WHITE
273.79
.b.b.b.b
..b.....
.b.b.b..
w...b...
...w....
w.w.....
...w.b..
w.w.w.w.
##### Running: /usr/bin/time -o time_22_vdhankar_minglyu.txt -f "%U" /usr/lib/jvm/jdk-14.0.1/bin/java homework > stulog.txt 2>&1 on minglyu #####
##### SUCCESS: /usr/bin/time -o time_22_vdhankar_minglyu.txt -f "%U" /usr/lib/jvm/jdk-14.0.1/bin/java homework > stulog.txt 2>&1 on minglyu #####
##### minglyu plays [J e1 g3] in 2.11s #####
##### Running: /usr/lib/jvm/jdk-14.0.1/bin/java -jar /lab/itti/projects/checkers-competition/server/referee.jar on run_22_vdhankar_minglyu #####
Move is valid
##### SUCCESS: /usr/lib/jvm/jdk-14.0.1/bin/java -jar /lab/itti/projects/checkers-competition/server/referee.jar on run_22_vdhankar_minglyu #####
INPUT for vdhankar:
GAME
BLACK
207.826770305634
.b.b.b.b
..b.....
.b.b.b..
w...b...
...w....
w.w...w.
...w....
w.w...w.
##### Running: /usr/bin/time -o time_22_vdhankar_minglyu.txt -f "%U" python3 homework.py > stulog.txt 2>&1 on vdhankar #####
child exited with value 1
##### ERROR: /usr/bin/time -o time_22_vdhankar_minglyu.txt -f "%U" python3 homework.py > stulog.txt 2>&1 on vdhankar #####
##### Output of failed program (stdout + stderr): #####
Traceback (most recent call last):
  File "homework.py", line 546, in <module>
    print(end-start)
NameError: name 'end' is not defined
##### End of output of failed program #####
##### vdhankar plays [E b6 c5] in 10.4296481609344s #####
##### Running: /usr/lib/jvm/jdk-14.0.1/bin/java -jar /lab/itti/projects/checkers-competition/server/referee.jar on run_22_vdhankar_minglyu #####
Move is valid
##### SUCCESS: /usr/lib/jvm/jdk-14.0.1/bin/java -jar /lab/itti/projects/checkers-competition/server/referee.jar on run_22_vdhankar_minglyu #####
INPUT for minglyu:
GAME
WHITE
271.68
.b.b.b.b
..b.....
...b.b..
w.b.b...
...w....
w.w...w.
...w....
w.w...w.
##### Running: /usr/bin/time -o time_22_vdhankar_minglyu.txt -f "%U" /usr/lib/jvm/jdk-14.0.1/bin/java homework > stulog.txt 2>&1 on minglyu #####
##### SUCCESS: /usr/bin/time -o time_22_vdhankar_minglyu.txt -f "%U" /usr/lib/jvm/jdk-14.0.1/bin/java homework > stulog.txt 2>&1 on minglyu #####
##### minglyu plays [J d4 b6] in 0.18s #####
##### Running: /usr/lib/jvm/jdk-14.0.1/bin/java -jar /lab/itti/projects/checkers-competition/server/referee.jar on run_22_vdhankar_minglyu #####
Move is valid
##### SUCCESS: /usr/lib/jvm/jdk-14.0.1/bin/java -jar /lab/itti/projects/checkers-competition/server/referee.jar on run_22_vdhankar_minglyu #####
INPUT for vdhankar:
GAME
BLACK
197.397122144699
.b.b.b.b
..b.....
.w.b.b..
w...b...
........
w.w...w.
...w....
w.w...w.
##### Running: /usr/bin/time -o time_22_vdhankar_minglyu.txt -f "%U" python3 homework.py > stulog.txt 2>&1 on vdhankar #####
child exited with value 1
##### ERROR: /usr/bin/time -o time_22_vdhankar_minglyu.txt -f "%U" python3 homework.py > stulog.txt 2>&1 on vdhankar #####
##### Output of failed program (stdout + stderr): #####
Traceback (most recent call last):
  File "homework.py", line 546, in <module>
    print(end-start)
NameError: name 'end' is not defined
##### End of output of failed program #####
##### vdhankar plays [E b8 a7] in 10.3352761268616s #####
##### Running: /usr/lib/jvm/jdk-14.0.1/bin/java -jar /lab/itti/projects/checkers-competition/server/referee.jar on run_22_vdhankar_minglyu #####
Move is valid
##### SUCCESS: /usr/lib/jvm/jdk-14.0.1/bin/java -jar /lab/itti/projects/checkers-competition/server/referee.jar on run_22_vdhankar_minglyu #####
INPUT for minglyu:
GAME
WHITE
271.5
...b.b.b
b.b.....
.w.b.b..
w...b...
........
w.w...w.
...w....
w.w...w.
##### Running: /usr/bin/time -o time_22_vdhankar_minglyu.txt -f "%U" /usr/lib/jvm/jdk-14.0.1/bin/java homework > stulog.txt 2>&1 on minglyu #####
##### SUCCESS: /usr/bin/time -o time_22_vdhankar_minglyu.txt -f "%U" /usr/lib/jvm/jdk-14.0.1/bin/java homework > stulog.txt 2>&1 on minglyu #####
##### minglyu plays [E g3 h4] in 3.42s #####
##### Running: /usr/lib/jvm/jdk-14.0.1/bin/java -jar /lab/itti/projects/checkers-competition/server/referee.jar on run_22_vdhankar_minglyu #####
Move is valid
##### SUCCESS: /usr/lib/jvm/jdk-14.0.1/bin/java -jar /lab/itti/projects/checkers-competition/server/referee.jar on run_22_vdhankar_minglyu #####
INPUT for vdhankar:
GAME
BLACK
187.061846017838
...b.b.b
b.b.....
.w.b.b..
w...b...
.......w
w.w.....
...w....
w.w...w.
##### Running: /usr/bin/time -o time_22_vdhankar_minglyu.txt -f "%U" python3 homework.py > stulog.txt 2>&1 on vdhankar #####
child exited with value 1
##### ERROR: /usr/bin/time -o time_22_vdhankar_minglyu.txt -f "%U" python3 homework.py > stulog.txt 2>&1 on vdhankar #####
##### Output of failed program (stdout + stderr): #####
Traceback (most recent call last):
  File "homework.py", line 546, in <module>
    print(end-start)
NameError: name 'end' is not defined
##### End of output of failed program #####
##### vdhankar plays [J a7 c5] in 8.75366687774658s #####
##### Running: /usr/lib/jvm/jdk-14.0.1/bin/java -jar /lab/itti/projects/checkers-competition/server/referee.jar on run_22_vdhankar_minglyu #####
Move is valid
##### SUCCESS: /usr/lib/jvm/jdk-14.0.1/bin/java -jar /lab/itti/projects/checkers-competition/server/referee.jar on run_22_vdhankar_minglyu #####
INPUT for minglyu:
GAME
WHITE
268.08
...b.b.b
..b.....
...b.b..
w.b.b...
.......w
w.w.....
...w....
w.w...w.
##### Running: /usr/bin/time -o time_22_vdhankar_minglyu.txt -f "%U" /usr/lib/jvm/jdk-14.0.1/bin/java homework > stulog.txt 2>&1 on minglyu #####
##### SUCCESS: /usr/bin/time -o time_22_vdhankar_minglyu.txt -f "%U" /usr/lib/jvm/jdk-14.0.1/bin/java homework > stulog.txt 2>&1 on minglyu #####
##### minglyu plays [E d2 e3] in 4.62s #####
##### Running: /usr/lib/jvm/jdk-14.0.1/bin/java -jar /lab/itti/projects/checkers-competition/server/referee.jar on run_22_vdhankar_minglyu #####
Move is valid
##### SUCCESS: /usr/lib/jvm/jdk-14.0.1/bin/java -jar /lab/itti/projects/checkers-competition/server/referee.jar on run_22_vdhankar_minglyu #####
INPUT for vdhankar:
GAME
BLACK
178.308179140091
...b.b.b
..b.....
...b.b..
w.b.b...
.......w
w.w.w...
........
w.w...w.
##### Running: /usr/bin/time -o time_22_vdhankar_minglyu.txt -f "%U" python3 homework.py > stulog.txt 2>&1 on vdhankar #####
child exited with value 1
##### ERROR: /usr/bin/time -o time_22_vdhankar_minglyu.txt -f "%U" python3 homework.py > stulog.txt 2>&1 on vdhankar #####
##### Output of failed program (stdout + stderr): #####
Traceback (most recent call last):
  File "homework.py", line 546, in <module>
    print(end-start)
NameError: name 'end' is not defined
##### End of output of failed program #####
##### vdhankar plays [E h8 g7] in 14.1083748340607s #####
##### Running: /usr/lib/jvm/jdk-14.0.1/bin/java -jar /lab/itti/projects/checkers-competition/server/referee.jar on run_22_vdhankar_minglyu #####
Move is valid
##### SUCCESS: /usr/lib/jvm/jdk-14.0.1/bin/java -jar /lab/itti/projects/checkers-competition/server/referee.jar on run_22_vdhankar_minglyu #####
INPUT for minglyu:
GAME
WHITE
263.46
...b.b..
..b...b.
...b.b..
w.b.b...
.......w
w.w.w...
........
w.w...w.
##### Running: /usr/bin/time -o time_22_vdhankar_minglyu.txt -f "%U" /usr/lib/jvm/jdk-14.0.1/bin/java homework > stulog.txt 2>&1 on minglyu #####
##### SUCCESS: /usr/bin/time -o time_22_vdhankar_minglyu.txt -f "%U" /usr/lib/jvm/jdk-14.0.1/bin/java homework > stulog.txt 2>&1 on minglyu #####
##### minglyu plays [E e3 d4] in 4.64s #####
##### Running: /usr/lib/jvm/jdk-14.0.1/bin/java -jar /lab/itti/projects/checkers-competition/server/referee.jar on run_22_vdhankar_minglyu #####
Move is valid
##### SUCCESS: /usr/lib/jvm/jdk-14.0.1/bin/java -jar /lab/itti/projects/checkers-competition/server/referee.jar on run_22_vdhankar_minglyu #####
INPUT for vdhankar:
GAME
BLACK
164.19980430603
...b.b..
..b...b.
...b.b..
w.b.b...
...w...w
w.w.....
........
w.w...w.
##### Running: /usr/bin/time -o time_22_vdhankar_minglyu.txt -f "%U" python3 homework.py > stulog.txt 2>&1 on vdhankar #####
child exited with value 1
##### ERROR: /usr/bin/time -o time_22_vdhankar_minglyu.txt -f "%U" python3 homework.py > stulog.txt 2>&1 on vdhankar #####
##### Output of failed program (stdout + stderr): #####
Traceback (most recent call last):
  File "homework.py", line 546, in <module>
    print(end-start)
NameError: name 'end' is not defined
##### End of output of failed program #####
##### vdhankar plays [J c5 e3] in 5.29035806655884s #####
##### Running: /usr/lib/jvm/jdk-14.0.1/bin/java -jar /lab/itti/projects/checkers-competition/server/referee.jar on run_22_vdhankar_minglyu #####
Move is valid
##### SUCCESS: /usr/lib/jvm/jdk-14.0.1/bin/java -jar /lab/itti/projects/checkers-competition/server/referee.jar on run_22_vdhankar_minglyu #####
INPUT for minglyu:
GAME
WHITE
258.82
...b.b..
..b...b.
...b.b..
w...b...
.......w
w.w.b...
........
w.w...w.
##### Running: /usr/bin/time -o time_22_vdhankar_minglyu.txt -f "%U" /usr/lib/jvm/jdk-14.0.1/bin/java homework > stulog.txt 2>&1 on minglyu #####
##### SUCCESS: /usr/bin/time -o time_22_vdhankar_minglyu.txt -f "%U" /usr/lib/jvm/jdk-14.0.1/bin/java homework > stulog.txt 2>&1 on minglyu #####
##### minglyu plays [E c3 b4] in 5.43s #####
##### Running: /usr/lib/jvm/jdk-14.0.1/bin/java -jar /lab/itti/projects/checkers-competition/server/referee.jar on run_22_vdhankar_minglyu #####
Move is valid
##### SUCCESS: /usr/lib/jvm/jdk-14.0.1/bin/java -jar /lab/itti/projects/checkers-competition/server/referee.jar on run_22_vdhankar_minglyu #####
INPUT for vdhankar:
GAME
BLACK
158.909446239471
...b.b..
..b...b.
...b.b..
w...b...
.w.....w
w...b...
........
w.w...w.
##### Running: /usr/bin/time -o time_22_vdhankar_minglyu.txt -f "%U" python3 homework.py > stulog.txt 2>&1 on vdhankar #####
child exited with value 1
##### ERROR: /usr/bin/time -o time_22_vdhankar_minglyu.txt -f "%U" python3 homework.py > stulog.txt 2>&1 on vdhankar #####
##### Output of failed program (stdout + stderr): #####
Traceback (most recent call last):
  File "homework.py", line 546, in <module>
    print(end-start)
NameError: name 'end' is not defined
##### End of output of failed program #####
##### vdhankar plays [E e5 d4] in 5.22929811477661s #####
##### Running: /usr/lib/jvm/jdk-14.0.1/bin/java -jar /lab/itti/projects/checkers-competition/server/referee.jar on run_22_vdhankar_minglyu #####
Move is valid
##### SUCCESS: /usr/lib/jvm/jdk-14.0.1/bin/java -jar /lab/itti/projects/checkers-competition/server/referee.jar on run_22_vdhankar_minglyu #####
INPUT for minglyu:
GAME
WHITE
253.39
...b.b..
..b...b.
...b.b..
w.......
.w.b...w
w...b...
........
w.w...w.
##### Running: /usr/bin/time -o time_22_vdhankar_minglyu.txt -f "%U" /usr/lib/jvm/jdk-14.0.1/bin/java homework > stulog.txt 2>&1 on minglyu #####
##### SUCCESS: /usr/bin/time -o time_22_vdhankar_minglyu.txt -f "%U" /usr/lib/jvm/jdk-14.0.1/bin/java homework > stulog.txt 2>&1 on minglyu #####
##### minglyu plays [E b4 c5] in 2.56s #####
##### Running: /usr/lib/jvm/jdk-14.0.1/bin/java -jar /lab/itti/projects/checkers-competition/server/referee.jar on run_22_vdhankar_minglyu #####
Move is valid
##### SUCCESS: /usr/lib/jvm/jdk-14.0.1/bin/java -jar /lab/itti/projects/checkers-competition/server/referee.jar on run_22_vdhankar_minglyu #####
INPUT for vdhankar:
GAME
BLACK
153.680148124695
...b.b..
..b...b.
...b.b..
w.w.....
...b...w
w...b...
........
w.w...w.
##### Running: /usr/bin/time -o time_22_vdhankar_minglyu.txt -f "%U" python3 homework.py > stulog.txt 2>&1 on vdhankar #####
child exited with value 1
##### ERROR: /usr/bin/time -o time_22_vdhankar_minglyu.txt -f "%U" python3 homework.py > stulog.txt 2>&1 on vdhankar #####
##### Output of failed program (stdout + stderr): #####
Traceback (most recent call last):
  File "homework.py", line 546, in <module>
    print(end-start)
NameError: name 'end' is not defined
##### End of output of failed program #####
##### vdhankar plays [J d6 b4] in 1.0909309387207s #####
##### Running: /usr/lib/jvm/jdk-14.0.1/bin/java -jar /lab/itti/projects/checkers-competition/server/referee.jar on run_22_vdhankar_minglyu #####
Move is valid
##### SUCCESS: /usr/lib/jvm/jdk-14.0.1/bin/java -jar /lab/itti/projects/checkers-competition/server/referee.jar on run_22_vdhankar_minglyu #####
INPUT for minglyu:
GAME
WHITE
250.83
...b.b..
..b...b.
.....b..
w.......
.b.b...w
w...b...
........
w.w...w.
##### Running: /usr/bin/time -o time_22_vdhankar_minglyu.txt -f "%U" /usr/lib/jvm/jdk-14.0.1/bin/java homework > stulog.txt 2>&1 on minglyu #####
##### SUCCESS: /usr/bin/time -o time_22_vdhankar_minglyu.txt -f "%U" /usr/lib/jvm/jdk-14.0.1/bin/java homework > stulog.txt 2>&1 on minglyu #####
##### minglyu plays [J a3 c5] in 0.17s #####
##### Running: /usr/lib/jvm/jdk-14.0.1/bin/java -jar /lab/itti/projects/checkers-competition/server/referee.jar on run_22_vdhankar_minglyu #####
Move is valid
##### SUCCESS: /usr/lib/jvm/jdk-14.0.1/bin/java -jar /lab/itti/projects/checkers-competition/server/referee.jar on run_22_vdhankar_minglyu #####
INPUT for vdhankar:
GAME
BLACK
152.589217185974
...b.b..
..b...b.
.....b..
w.w.....
...b...w
....b...
........
w.w...w.
##### Running: /usr/bin/time -o time_22_vdhankar_minglyu.txt -f "%U" python3 homework.py > stulog.txt 2>&1 on vdhankar #####
child exited with value 1
##### ERROR: /usr/bin/time -o time_22_vdhankar_minglyu.txt -f "%U" python3 homework.py > stulog.txt 2>&1 on vdhankar #####
##### Output of failed program (stdout + stderr): #####
Traceback (most recent call last):
  File "homework.py", line 546, in <module>
    print(end-start)
NameError: name 'end' is not defined
##### End of output of failed program #####
##### vdhankar plays [E e3 f2] in 6.26727509498596s #####
##### Running: /usr/lib/jvm/jdk-14.0.1/bin/java -jar /lab/itti/projects/checkers-competition/server/referee.jar on run_22_vdhankar_minglyu #####
Move is valid
##### SUCCESS: /usr/lib/jvm/jdk-14.0.1/bin/java -jar /lab/itti/projects/checkers-competition/server/referee.jar on run_22_vdhankar_minglyu #####
INPUT for minglyu:
GAME
WHITE
250.66
...b.b..
..b...b.
.....b..
w.w.....
...b...w
........
.....b..
w.w...w.
##### Running: /usr/bin/time -o time_22_vdhankar_minglyu.txt -f "%U" /usr/lib/jvm/jdk-14.0.1/bin/java homework > stulog.txt 2>&1 on minglyu #####
##### SUCCESS: /usr/bin/time -o time_22_vdhankar_minglyu.txt -f "%U" /usr/lib/jvm/jdk-14.0.1/bin/java homework > stulog.txt 2>&1 on minglyu #####
##### minglyu plays [J g1 e3] in 0.18s #####
##### Running: /usr/lib/jvm/jdk-14.0.1/bin/java -jar /lab/itti/projects/checkers-competition/server/referee.jar on run_22_vdhankar_minglyu #####
Move is valid
##### SUCCESS: /usr/lib/jvm/jdk-14.0.1/bin/java -jar /lab/itti/projects/checkers-competition/server/referee.jar on run_22_vdhankar_minglyu #####
INPUT for vdhankar:
GAME
BLACK
146.321942090988
...b.b..
..b...b.
.....b..
w.w.....
...b...w
....w...
........
w.w.....
##### Running: /usr/bin/time -o time_22_vdhankar_minglyu.txt -f "%U" python3 homework.py > stulog.txt 2>&1 on vdhankar #####
child exited with value 1
##### ERROR: /usr/bin/time -o time_22_vdhankar_minglyu.txt -f "%U" python3 homework.py > stulog.txt 2>&1 on vdhankar #####
##### Output of failed program (stdout + stderr): #####
Traceback (most recent call last):
  File "homework.py", line 546, in <module>
    print(end-start)
NameError: name 'end' is not defined
##### End of output of failed program #####
##### vdhankar plays [J d4 f2] in 3.6740460395813s #####
##### Running: /usr/lib/jvm/jdk-14.0.1/bin/java -jar /lab/itti/projects/checkers-competition/server/referee.jar on run_22_vdhankar_minglyu #####
Move is valid
##### SUCCESS: /usr/lib/jvm/jdk-14.0.1/bin/java -jar /lab/itti/projects/checkers-competition/server/referee.jar on run_22_vdhankar_minglyu #####
INPUT for minglyu:
GAME
WHITE
250.48
...b.b..
..b...b.
.....b..
w.w.....
.......w
........
.....b..
w.w.....
##### Running: /usr/bin/time -o time_22_vdhankar_minglyu.txt -f "%U" /usr/lib/jvm/jdk-14.0.1/bin/java homework > stulog.txt 2>&1 on minglyu #####
##### SUCCESS: /usr/bin/time -o time_22_vdhankar_minglyu.txt -f "%U" /usr/lib/jvm/jdk-14.0.1/bin/java homework > stulog.txt 2>&1 on minglyu #####
##### minglyu plays [E c5 b6] in 4.45s #####
##### Running: /usr/lib/jvm/jdk-14.0.1/bin/java -jar /lab/itti/projects/checkers-competition/server/referee.jar on run_22_vdhankar_minglyu #####
Move is valid
##### SUCCESS: /usr/lib/jvm/jdk-14.0.1/bin/java -jar /lab/itti/projects/checkers-competition/server/referee.jar on run_22_vdhankar_minglyu #####
INPUT for vdhankar:
GAME
BLACK
142.647896051407
...b.b..
..b...b.
.w...b..
w.......
.......w
........
.....b..
w.w.....
##### Running: /usr/bin/time -o time_22_vdhankar_minglyu.txt -f "%U" python3 homework.py > stulog.txt 2>&1 on vdhankar #####
child exited with value 1
##### ERROR: /usr/bin/time -o time_22_vdhankar_minglyu.txt -f "%U" python3 homework.py > stulog.txt 2>&1 on vdhankar #####
##### Output of failed program (stdout + stderr): #####
Traceback (most recent call last):
  File "homework.py", line 546, in <module>
    print(end-start)
NameError: name 'end' is not defined
##### End of output of failed program #####
##### vdhankar plays [E f2 g1] in 6.26356887817383s #####
##### Running: /usr/lib/jvm/jdk-14.0.1/bin/java -jar /lab/itti/projects/checkers-competition/server/referee.jar on run_22_vdhankar_minglyu #####
Move is valid
##### SUCCESS: /usr/lib/jvm/jdk-14.0.1/bin/java -jar /lab/itti/projects/checkers-competition/server/referee.jar on run_22_vdhankar_minglyu #####
INPUT for minglyu:
GAME
WHITE
246.03
...b.b..
..b...b.
.w...b..
w.......
.......w
........
........
w.w...B.
##### Running: /usr/bin/time -o time_22_vdhankar_minglyu.txt -f "%U" /usr/lib/jvm/jdk-14.0.1/bin/java homework > stulog.txt 2>&1 on minglyu #####
##### SUCCESS: /usr/bin/time -o time_22_vdhankar_minglyu.txt -f "%U" /usr/lib/jvm/jdk-14.0.1/bin/java homework > stulog.txt 2>&1 on minglyu #####
##### minglyu plays [E c1 d2] in 5.19s #####
##### Running: /usr/lib/jvm/jdk-14.0.1/bin/java -jar /lab/itti/projects/checkers-competition/server/referee.jar on run_22_vdhankar_minglyu #####
Move is valid
##### SUCCESS: /usr/lib/jvm/jdk-14.0.1/bin/java -jar /lab/itti/projects/checkers-competition/server/referee.jar on run_22_vdhankar_minglyu #####
INPUT for vdhankar:
GAME
BLACK
136.384327173233
...b.b..
..b...b.
.w...b..
w.......
.......w
........
...w....
w.....B.
##### Running: /usr/bin/time -o time_22_vdhankar_minglyu.txt -f "%U" python3 homework.py > stulog.txt 2>&1 on vdhankar #####
child exited with value 1
##### ERROR: /usr/bin/time -o time_22_vdhankar_minglyu.txt -f "%U" python3 homework.py > stulog.txt 2>&1 on vdhankar #####
##### Output of failed program (stdout + stderr): #####
Traceback (most recent call last):
  File "homework.py", line 546, in <module>
    print(end-start)
NameError: name 'end' is not defined
##### End of output of failed program #####
##### vdhankar plays [E g1 h2] in 9.25767111778259s #####
##### Running: /usr/lib/jvm/jdk-14.0.1/bin/java -jar /lab/itti/projects/checkers-competition/server/referee.jar on run_22_vdhankar_minglyu #####
Move is valid
##### SUCCESS: /usr/lib/jvm/jdk-14.0.1/bin/java -jar /lab/itti/projects/checkers-competition/server/referee.jar on run_22_vdhankar_minglyu #####
INPUT for minglyu:
GAME
WHITE
240.84
...b.b..
..b...b.
.w...b..
w.......
.......w
........
...w...B
w.......
##### Running: /usr/bin/time -o time_22_vdhankar_minglyu.txt -f "%U" /usr/lib/jvm/jdk-14.0.1/bin/java homework > stulog.txt 2>&1 on minglyu #####
##### SUCCESS: /usr/bin/time -o time_22_vdhankar_minglyu.txt -f "%U" /usr/lib/jvm/jdk-14.0.1/bin/java homework > stulog.txt 2>&1 on minglyu #####
##### minglyu plays [E d2 c3] in 4.48s #####
##### Running: /usr/lib/jvm/jdk-14.0.1/bin/java -jar /lab/itti/projects/checkers-competition/server/referee.jar on run_22_vdhankar_minglyu #####
Move is valid
##### SUCCESS: /usr/lib/jvm/jdk-14.0.1/bin/java -jar /lab/itti/projects/checkers-competition/server/referee.jar on run_22_vdhankar_minglyu #####
INPUT for vdhankar:
GAME
BLACK
127.12665605545
...b.b..
..b...b.
.w...b..
w.......
.......w
..w.....
.......B
w.......
##### Running: /usr/bin/time -o time_22_vdhankar_minglyu.txt -f "%U" python3 homework.py > stulog.txt 2>&1 on vdhankar #####
child exited with value 1
##### ERROR: /usr/bin/time -o time_22_vdhankar_minglyu.txt -f "%U" python3 homework.py > stulog.txt 2>&1 on vdhankar #####
##### Output of failed program (stdout + stderr): #####
Traceback (most recent call last):
  File "homework.py", line 546, in <module>
    print(end-start)
NameError: name 'end' is not defined
##### End of output of failed program #####
##### vdhankar plays [E h2 g3] in 8.23488211631775s #####
##### Running: /usr/lib/jvm/jdk-14.0.1/bin/java -jar /lab/itti/projects/checkers-competition/server/referee.jar on run_22_vdhankar_minglyu #####
Move is valid
##### SUCCESS: /usr/lib/jvm/jdk-14.0.1/bin/java -jar /lab/itti/projects/checkers-competition/server/referee.jar on run_22_vdhankar_minglyu #####
INPUT for minglyu:
GAME
WHITE
236.36
...b.b..
..b...b.
.w...b..
w.......
.......w
..w...B.
........
w.......
##### Running: /usr/bin/time -o time_22_vdhankar_minglyu.txt -f "%U" /usr/lib/jvm/jdk-14.0.1/bin/java homework > stulog.txt 2>&1 on minglyu #####
##### SUCCESS: /usr/bin/time -o time_22_vdhankar_minglyu.txt -f "%U" /usr/lib/jvm/jdk-14.0.1/bin/java homework > stulog.txt 2>&1 on minglyu #####
##### minglyu plays [E c3 d4] in 3.5s #####
##### Running: /usr/lib/jvm/jdk-14.0.1/bin/java -jar /lab/itti/projects/checkers-competition/server/referee.jar on run_22_vdhankar_minglyu #####
Move is valid
##### SUCCESS: /usr/lib/jvm/jdk-14.0.1/bin/java -jar /lab/itti/projects/checkers-competition/server/referee.jar on run_22_vdhankar_minglyu #####
INPUT for vdhankar:
GAME
BLACK
118.891773939133
...b.b..
..b...b.
.w...b..
w.......
...w...w
......B.
........
w.......
##### Running: /usr/bin/time -o time_22_vdhankar_minglyu.txt -f "%U" python3 homework.py > stulog.txt 2>&1 on vdhankar #####
child exited with value 1
##### ERROR: /usr/bin/time -o time_22_vdhankar_minglyu.txt -f "%U" python3 homework.py > stulog.txt 2>&1 on vdhankar #####
##### Output of failed program (stdout + stderr): #####
Traceback (most recent call last):
  File "homework.py", line 546, in <module>
    print(end-start)
NameError: name 'end' is not defined
##### End of output of failed program #####
##### vdhankar plays [E g3 h2] in 6.66832518577576s #####
##### Running: /usr/lib/jvm/jdk-14.0.1/bin/java -jar /lab/itti/projects/checkers-competition/server/referee.jar on run_22_vdhankar_minglyu #####
Move is valid
##### SUCCESS: /usr/lib/jvm/jdk-14.0.1/bin/java -jar /lab/itti/projects/checkers-competition/server/referee.jar on run_22_vdhankar_minglyu #####
INPUT for minglyu:
GAME
WHITE
232.86
...b.b..
..b...b.
.w...b..
w.......
...w...w
........
.......B
w.......
##### Running: /usr/bin/time -o time_22_vdhankar_minglyu.txt -f "%U" /usr/lib/jvm/jdk-14.0.1/bin/java homework > stulog.txt 2>&1 on minglyu #####
##### SUCCESS: /usr/bin/time -o time_22_vdhankar_minglyu.txt -f "%U" /usr/lib/jvm/jdk-14.0.1/bin/java homework > stulog.txt 2>&1 on minglyu #####
##### minglyu plays [E a1 b2] in 3.05s #####
##### Running: /usr/lib/jvm/jdk-14.0.1/bin/java -jar /lab/itti/projects/checkers-competition/server/referee.jar on run_22_vdhankar_minglyu #####
Move is valid
##### SUCCESS: /usr/lib/jvm/jdk-14.0.1/bin/java -jar /lab/itti/projects/checkers-competition/server/referee.jar on run_22_vdhankar_minglyu #####
INPUT for vdhankar:
GAME
BLACK
112.223448753357
...b.b..
..b...b.
.w...b..
w.......
...w...w
........
.w.....B
........
##### Running: /usr/bin/time -o time_22_vdhankar_minglyu.txt -f "%U" python3 homework.py > stulog.txt 2>&1 on vdhankar #####
child exited with value 1
##### ERROR: /usr/bin/time -o time_22_vdhankar_minglyu.txt -f "%U" python3 homework.py > stulog.txt 2>&1 on vdhankar #####
##### Output of failed program (stdout + stderr): #####
Traceback (most recent call last):
  File "homework.py", line 546, in <module>
    print(end-start)
NameError: name 'end' is not defined
##### End of output of failed program #####
##### vdhankar plays [E h2 g3] in 8.46045398712158s #####
##### Running: /usr/lib/jvm/jdk-14.0.1/bin/java -jar /lab/itti/projects/checkers-competition/server/referee.jar on run_22_vdhankar_minglyu #####
Move is valid
##### SUCCESS: /usr/lib/jvm/jdk-14.0.1/bin/java -jar /lab/itti/projects/checkers-competition/server/referee.jar on run_22_vdhankar_minglyu #####
INPUT for minglyu:
GAME
WHITE
229.81
...b.b..
..b...b.
.w...b..
w.......
...w...w
......B.
.w......
........
##### Running: /usr/bin/time -o time_22_vdhankar_minglyu.txt -f "%U" /usr/lib/jvm/jdk-14.0.1/bin/java homework > stulog.txt 2>&1 on minglyu #####
##### SUCCESS: /usr/bin/time -o time_22_vdhankar_minglyu.txt -f "%U" /usr/lib/jvm/jdk-14.0.1/bin/java homework > stulog.txt 2>&1 on minglyu #####
##### minglyu plays [E b2 a3] in 5.09s #####
##### Running: /usr/lib/jvm/jdk-14.0.1/bin/java -jar /lab/itti/projects/checkers-competition/server/referee.jar on run_22_vdhankar_minglyu #####
Move is valid
##### SUCCESS: /usr/lib/jvm/jdk-14.0.1/bin/java -jar /lab/itti/projects/checkers-competition/server/referee.jar on run_22_vdhankar_minglyu #####
INPUT for vdhankar:
GAME
BLACK
103.762994766235
...b.b..
..b...b.
.w...b..
w.......
...w...w
w.....B.
........
........
##### Running: /usr/bin/time -o time_22_vdhankar_minglyu.txt -f "%U" python3 homework.py > stulog.txt 2>&1 on vdhankar #####
child exited with value 1
##### ERROR: /usr/bin/time -o time_22_vdhankar_minglyu.txt -f "%U" python3 homework.py > stulog.txt 2>&1 on vdhankar #####
##### Output of failed program (stdout + stderr): #####
Traceback (most recent call last):
  File "homework.py", line 546, in <module>
    print(end-start)
NameError: name 'end' is not defined
##### End of output of failed program #####
##### vdhankar plays [E g3 f4] in 7.3096718788147s #####
##### Running: /usr/lib/jvm/jdk-14.0.1/bin/java -jar /lab/itti/projects/checkers-competition/server/referee.jar on run_22_vdhankar_minglyu #####
Move is valid
##### SUCCESS: /usr/lib/jvm/jdk-14.0.1/bin/java -jar /lab/itti/projects/checkers-competition/server/referee.jar on run_22_vdhankar_minglyu #####
INPUT for minglyu:
GAME
WHITE
224.72
...b.b..
..b...b.
.w...b..
w.......
...w.B.w
w.......
........
........
##### Running: /usr/bin/time -o time_22_vdhankar_minglyu.txt -f "%U" /usr/lib/jvm/jdk-14.0.1/bin/java homework > stulog.txt 2>&1 on minglyu #####
##### SUCCESS: /usr/bin/time -o time_22_vdhankar_minglyu.txt -f "%U" /usr/lib/jvm/jdk-14.0.1/bin/java homework > stulog.txt 2>&1 on minglyu #####
##### minglyu plays [E a3 b4] in 3.39s #####
##### Running: /usr/lib/jvm/jdk-14.0.1/bin/java -jar /lab/itti/projects/checkers-competition/server/referee.jar on run_22_vdhankar_minglyu #####
Move is valid
##### SUCCESS: /usr/lib/jvm/jdk-14.0.1/bin/java -jar /lab/itti/projects/checkers-competition/server/referee.jar on run_22_vdhankar_minglyu #####
INPUT for vdhankar:
GAME
BLACK
96.4533228874207
...b.b..
..b...b.
.w...b..
w.......
.w.w.B.w
........
........
........
##### Running: /usr/bin/time -o time_22_vdhankar_minglyu.txt -f "%U" python3 homework.py > stulog.txt 2>&1 on vdhankar #####
child exited with value 1
##### ERROR: /usr/bin/time -o time_22_vdhankar_minglyu.txt -f "%U" python3 homework.py > stulog.txt 2>&1 on vdhankar #####
##### Output of failed program (stdout + stderr): #####
Traceback (most recent call last):
  File "homework.py", line 546, in <module>
    print(end-start)
NameError: name 'end' is not defined
##### End of output of failed program #####
##### vdhankar plays [E f4 e3] in 5.81322193145752s #####
##### Running: /usr/lib/jvm/jdk-14.0.1/bin/java -jar /lab/itti/projects/checkers-competition/server/referee.jar on run_22_vdhankar_minglyu #####
Move is valid
##### SUCCESS: /usr/lib/jvm/jdk-14.0.1/bin/java -jar /lab/itti/projects/checkers-competition/server/referee.jar on run_22_vdhankar_minglyu #####
INPUT for minglyu:
GAME
WHITE
221.33
...b.b..
..b...b.
.w...b..
w.......
.w.w...w
....B...
........
........
##### Running: /usr/bin/time -o time_22_vdhankar_minglyu.txt -f "%U" /usr/lib/jvm/jdk-14.0.1/bin/java homework > stulog.txt 2>&1 on minglyu #####
##### SUCCESS: /usr/bin/time -o time_22_vdhankar_minglyu.txt -f "%U" /usr/lib/jvm/jdk-14.0.1/bin/java homework > stulog.txt 2>&1 on minglyu #####
##### minglyu plays [E d4 c5] in 2.64s #####
##### Running: /usr/lib/jvm/jdk-14.0.1/bin/java -jar /lab/itti/projects/checkers-competition/server/referee.jar on run_22_vdhankar_minglyu #####
Move is valid
##### SUCCESS: /usr/lib/jvm/jdk-14.0.1/bin/java -jar /lab/itti/projects/checkers-competition/server/referee.jar on run_22_vdhankar_minglyu #####
INPUT for vdhankar:
GAME
BLACK
90.6401009559631
...b.b..
..b...b.
.w...b..
w.w.....
.w.....w
....B...
........
........
##### Running: /usr/bin/time -o time_22_vdhankar_minglyu.txt -f "%U" python3 homework.py > stulog.txt 2>&1 on vdhankar #####
child exited with value 1
##### ERROR: /usr/bin/time -o time_22_vdhankar_minglyu.txt -f "%U" python3 homework.py > stulog.txt 2>&1 on vdhankar #####
##### Output of failed program (stdout + stderr): #####
Traceback (most recent call last):
  File "homework.py", line 546, in <module>
    print(end-start)
NameError: name 'end' is not defined
##### End of output of failed program #####
##### vdhankar plays [E e3 f4] in 4.3851170539856s #####
##### Running: /usr/lib/jvm/jdk-14.0.1/bin/java -jar /lab/itti/projects/checkers-competition/server/referee.jar on run_22_vdhankar_minglyu #####
Move is valid
##### SUCCESS: /usr/lib/jvm/jdk-14.0.1/bin/java -jar /lab/itti/projects/checkers-competition/server/referee.jar on run_22_vdhankar_minglyu #####
INPUT for minglyu:
GAME
WHITE
218.69
...b.b..
..b...b.
.w...b..
w.w.....
.w...B.w
........
........
........
##### Running: /usr/bin/time -o time_22_vdhankar_minglyu.txt -f "%U" /usr/lib/jvm/jdk-14.0.1/bin/java homework > stulog.txt 2>&1 on minglyu #####
##### SUCCESS: /usr/bin/time -o time_22_vdhankar_minglyu.txt -f "%U" /usr/lib/jvm/jdk-14.0.1/bin/java homework > stulog.txt 2>&1 on minglyu #####
##### minglyu plays [E b6 a7] in 1.02s #####
##### Running: /usr/lib/jvm/jdk-14.0.1/bin/java -jar /lab/itti/projects/checkers-competition/server/referee.jar on run_22_vdhankar_minglyu #####
Move is valid
##### SUCCESS: /usr/lib/jvm/jdk-14.0.1/bin/java -jar /lab/itti/projects/checkers-competition/server/referee.jar on run_22_vdhankar_minglyu #####
INPUT for vdhankar:
GAME
BLACK
86.2549839019775
...b.b..
w.b...b.
.....b..
w.w.....
.w...B.w
........
........
........
##### Running: /usr/bin/time -o time_22_vdhankar_minglyu.txt -f "%U" python3 homework.py > stulog.txt 2>&1 on vdhankar #####
child exited with value 1
##### ERROR: /usr/bin/time -o time_22_vdhankar_minglyu.txt -f "%U" python3 homework.py > stulog.txt 2>&1 on vdhankar #####
##### Output of failed program (stdout + stderr): #####
Traceback (most recent call last):
  File "homework.py", line 546, in <module>
    print(end-start)
NameError: name 'end' is not defined
##### End of output of failed program #####
##### vdhankar plays [E f6 e5] in 2.69746994972229s #####
##### Running: /usr/lib/jvm/jdk-14.0.1/bin/java -jar /lab/itti/projects/checkers-competition/server/referee.jar on run_22_vdhankar_minglyu #####
Move is valid
##### SUCCESS: /usr/lib/jvm/jdk-14.0.1/bin/java -jar /lab/itti/projects/checkers-competition/server/referee.jar on run_22_vdhankar_minglyu #####
INPUT for minglyu:
GAME
WHITE
217.67
...b.b..
w.b...b.
........
w.w.b...
.w...B.w
........
........
........
##### Running: /usr/bin/time -o time_22_vdhankar_minglyu.txt -f "%U" /usr/lib/jvm/jdk-14.0.1/bin/java homework > stulog.txt 2>&1 on minglyu #####
##### SUCCESS: /usr/bin/time -o time_22_vdhankar_minglyu.txt -f "%U" /usr/lib/jvm/jdk-14.0.1/bin/java homework > stulog.txt 2>&1 on minglyu #####
##### minglyu plays [E c5 d6] in 2.48s #####
##### Running: /usr/lib/jvm/jdk-14.0.1/bin/java -jar /lab/itti/projects/checkers-competition/server/referee.jar on run_22_vdhankar_minglyu #####
Move is valid
##### SUCCESS: /usr/lib/jvm/jdk-14.0.1/bin/java -jar /lab/itti/projects/checkers-competition/server/referee.jar on run_22_vdhankar_minglyu #####
INPUT for vdhankar:
GAME
BLACK
83.5575139522552
...b.b..
w.b...b.
...w....
w...b...
.w...B.w
........
........
........
##### Running: /usr/bin/time -o time_22_vdhankar_minglyu.txt -f "%U" python3 homework.py > stulog.txt 2>&1 on vdhankar #####
child exited with value 1
##### ERROR: /usr/bin/time -o time_22_vdhankar_minglyu.txt -f "%U" python3 homework.py > stulog.txt 2>&1 on vdhankar #####
##### Output of failed program (stdout + stderr): #####
Traceback (most recent call last):
  File "homework.py", line 546, in <module>
    print(end-start)
NameError: name 'end' is not defined
##### End of output of failed program #####
##### vdhankar plays [E c7 b6] in 1.77811789512634s #####
##### Running: /usr/lib/jvm/jdk-14.0.1/bin/java -jar /lab/itti/projects/checkers-competition/server/referee.jar on run_22_vdhankar_minglyu #####
Move is valid
##### SUCCESS: /usr/lib/jvm/jdk-14.0.1/bin/java -jar /lab/itti/projects/checkers-competition/server/referee.jar on run_22_vdhankar_minglyu #####
INPUT for minglyu:
GAME
WHITE
215.19
...b.b..
w.....b.
.b.w....
w...b...
.w...B.w
........
........
........
##### Running: /usr/bin/time -o time_22_vdhankar_minglyu.txt -f "%U" /usr/lib/jvm/jdk-14.0.1/bin/java homework > stulog.txt 2>&1 on minglyu #####
##### SUCCESS: /usr/bin/time -o time_22_vdhankar_minglyu.txt -f "%U" /usr/lib/jvm/jdk-14.0.1/bin/java homework > stulog.txt 2>&1 on minglyu #####
##### minglyu plays [J a5 c7] in 0.19s #####
##### Running: /usr/lib/jvm/jdk-14.0.1/bin/java -jar /lab/itti/projects/checkers-competition/server/referee.jar on run_22_vdhankar_minglyu #####
Move is valid
##### SUCCESS: /usr/lib/jvm/jdk-14.0.1/bin/java -jar /lab/itti/projects/checkers-competition/server/referee.jar on run_22_vdhankar_minglyu #####
INPUT for vdhankar:
GAME
BLACK
81.7793960571289
...b.b..
w.w...b.
...w....
....b...
.w...B.w
........
........
........
##### Running: /usr/bin/time -o time_22_vdhankar_minglyu.txt -f "%U" python3 homework.py > stulog.txt 2>&1 on vdhankar #####
child exited with value 1
##### ERROR: /usr/bin/time -o time_22_vdhankar_minglyu.txt -f "%U" python3 homework.py > stulog.txt 2>&1 on vdhankar #####
##### Output of failed program (stdout + stderr): #####
Traceback (most recent call last):
  File "homework.py", line 546, in <module>
    print(end-start)
NameError: name 'end' is not defined
##### End of output of failed program #####
##### vdhankar plays [J d8 b6] in 2.45935606956482s #####
##### Running: /usr/lib/jvm/jdk-14.0.1/bin/java -jar /lab/itti/projects/checkers-competition/server/referee.jar on run_22_vdhankar_minglyu #####
Move is valid
##### SUCCESS: /usr/lib/jvm/jdk-14.0.1/bin/java -jar /lab/itti/projects/checkers-competition/server/referee.jar on run_22_vdhankar_minglyu #####
INPUT for minglyu:
GAME
WHITE
215
.....b..
w.....b.
.b.w....
....b...
.w...B.w
........
........
........
##### Running: /usr/bin/time -o time_22_vdhankar_minglyu.txt -f "%U" /usr/lib/jvm/jdk-14.0.1/bin/java homework > stulog.txt 2>&1 on minglyu #####
##### SUCCESS: /usr/bin/time -o time_22_vdhankar_minglyu.txt -f "%U" /usr/lib/jvm/jdk-14.0.1/bin/java homework > stulog.txt 2>&1 on minglyu #####
##### minglyu plays [E b4 a5] in 3.8s #####
##### Running: /usr/lib/jvm/jdk-14.0.1/bin/java -jar /lab/itti/projects/checkers-competition/server/referee.jar on run_22_vdhankar_minglyu #####
Move is valid
##### SUCCESS: /usr/lib/jvm/jdk-14.0.1/bin/java -jar /lab/itti/projects/checkers-competition/server/referee.jar on run_22_vdhankar_minglyu #####
INPUT for vdhankar:
GAME
BLACK
79.3200399875641
.....b..
w.....b.
.b.w....
w...b...
.....B.w
........
........
........
##### Running: /usr/bin/time -o time_22_vdhankar_minglyu.txt -f "%U" python3 homework.py > stulog.txt 2>&1 on vdhankar #####
child exited with value 1
##### ERROR: /usr/bin/time -o time_22_vdhankar_minglyu.txt -f "%U" python3 homework.py > stulog.txt 2>&1 on vdhankar #####
##### Output of failed program (stdout + stderr): #####
Traceback (most recent call last):
  File "homework.py", line 546, in <module>
    print(end-start)
NameError: name 'end' is not defined
##### End of output of failed program #####
##### vdhankar plays [E b6 c5] in 4.16841983795166s #####
##### Running: /usr/lib/jvm/jdk-14.0.1/bin/java -jar /lab/itti/projects/checkers-competition/server/referee.jar on run_22_vdhankar_minglyu #####
Move is valid
##### SUCCESS: /usr/lib/jvm/jdk-14.0.1/bin/java -jar /lab/itti/projects/checkers-competition/server/referee.jar on run_22_vdhankar_minglyu #####
INPUT for minglyu:
GAME
WHITE
211.2
.....b..
w.....b.
...w....
w.b.b...
.....B.w
........
........
........
##### Running: /usr/bin/time -o time_22_vdhankar_minglyu.txt -f "%U" /usr/lib/jvm/jdk-14.0.1/bin/java homework > stulog.txt 2>&1 on minglyu #####
##### SUCCESS: /usr/bin/time -o time_22_vdhankar_minglyu.txt -f "%U" /usr/lib/jvm/jdk-14.0.1/bin/java homework > stulog.txt 2>&1 on minglyu #####
##### minglyu plays [E d6 c7] in 3.54s #####
##### Running: /usr/lib/jvm/jdk-14.0.1/bin/java -jar /lab/itti/projects/checkers-competition/server/referee.jar on run_22_vdhankar_minglyu #####
Move is valid
##### SUCCESS: /usr/lib/jvm/jdk-14.0.1/bin/java -jar /lab/itti/projects/checkers-competition/server/referee.jar on run_22_vdhankar_minglyu #####
INPUT for vdhankar:
GAME
BLACK
75.1516201496124
.....b..
w.w...b.
........
w.b.b...
.....B.w
........
........
........
##### Running: /usr/bin/time -o time_22_vdhankar_minglyu.txt -f "%U" python3 homework.py > stulog.txt 2>&1 on vdhankar #####
child exited with value 1
##### ERROR: /usr/bin/time -o time_22_vdhankar_minglyu.txt -f "%U" python3 homework.py > stulog.txt 2>&1 on vdhankar #####
##### Output of failed program (stdout + stderr): #####
Traceback (most recent call last):
  File "homework.py", line 546, in <module>
    print(end-start)
NameError: name 'end' is not defined
##### End of output of failed program #####
##### vdhankar plays [E c5 d4] in 8.99206805229187s #####
##### Running: /usr/lib/jvm/jdk-14.0.1/bin/java -jar /lab/itti/projects/checkers-competition/server/referee.jar on run_22_vdhankar_minglyu #####
Move is valid
##### SUCCESS: /usr/lib/jvm/jdk-14.0.1/bin/java -jar /lab/itti/projects/checkers-competition/server/referee.jar on run_22_vdhankar_minglyu #####
INPUT for minglyu:
GAME
WHITE
207.66
.....b..
w.w...b.
........
w...b...
...b.B.w
........
........
........
##### Running: /usr/bin/time -o time_22_vdhankar_minglyu.txt -f "%U" /usr/lib/jvm/jdk-14.0.1/bin/java homework > stulog.txt 2>&1 on minglyu #####
##### SUCCESS: /usr/bin/time -o time_22_vdhankar_minglyu.txt -f "%U" /usr/lib/jvm/jdk-14.0.1/bin/java homework > stulog.txt 2>&1 on minglyu #####
##### minglyu plays [E c7 d8] in 3.49s #####
##### Running: /usr/lib/jvm/jdk-14.0.1/bin/java -jar /lab/itti/projects/checkers-competition/server/referee.jar on run_22_vdhankar_minglyu #####
Move is valid
##### SUCCESS: /usr/lib/jvm/jdk-14.0.1/bin/java -jar /lab/itti/projects/checkers-competition/server/referee.jar on run_22_vdhankar_minglyu #####
INPUT for vdhankar:
GAME
BLACK
66.1595520973206
...W.b..
w.....b.
........
w...b...
...b.B.w
........
........
........
##### Running: /usr/bin/time -o time_22_vdhankar_minglyu.txt -f "%U" python3 homework.py > stulog.txt 2>&1 on vdhankar #####
child exited with value 1
##### ERROR: /usr/bin/time -o time_22_vdhankar_minglyu.txt -f "%U" python3 homework.py > stulog.txt 2>&1 on vdhankar #####
##### Output of failed program (stdout + stderr): #####
Traceback (most recent call last):
  File "homework.py", line 546, in <module>
    print(end-start)
NameError: name 'end' is not defined
##### End of output of failed program #####
##### vdhankar plays [E d4 e3] in 4.08899903297424s #####
##### Running: /usr/lib/jvm/jdk-14.0.1/bin/java -jar /lab/itti/projects/checkers-competition/server/referee.jar on run_22_vdhankar_minglyu #####
Move is valid
##### SUCCESS: /usr/lib/jvm/jdk-14.0.1/bin/java -jar /lab/itti/projects/checkers-competition/server/referee.jar on run_22_vdhankar_minglyu #####
INPUT for minglyu:
GAME
WHITE
204.17
...W.b..
w.....b.
........
w...b...
.....B.w
....b...
........
........
##### Running: /usr/bin/time -o time_22_vdhankar_minglyu.txt -f "%U" /usr/lib/jvm/jdk-14.0.1/bin/java homework > stulog.txt 2>&1 on minglyu #####
##### SUCCESS: /usr/bin/time -o time_22_vdhankar_minglyu.txt -f "%U" /usr/lib/jvm/jdk-14.0.1/bin/java homework > stulog.txt 2>&1 on minglyu #####
##### minglyu plays [E d8 c7] in 3.52s #####
##### Running: /usr/lib/jvm/jdk-14.0.1/bin/java -jar /lab/itti/projects/checkers-competition/server/referee.jar on run_22_vdhankar_minglyu #####
Move is valid
##### SUCCESS: /usr/lib/jvm/jdk-14.0.1/bin/java -jar /lab/itti/projects/checkers-competition/server/referee.jar on run_22_vdhankar_minglyu #####
INPUT for vdhankar:
GAME
BLACK
62.0705530643463
.....b..
w.W...b.
........
w...b...
.....B.w
....b...
........
........
##### Running: /usr/bin/time -o time_22_vdhankar_minglyu.txt -f "%U" python3 homework.py > stulog.txt 2>&1 on vdhankar #####
child exited with value 1
##### ERROR: /usr/bin/time -o time_22_vdhankar_minglyu.txt -f "%U" python3 homework.py > stulog.txt 2>&1 on vdhankar #####
##### Output of failed program (stdout + stderr): #####
Traceback (most recent call last):
  File "homework.py", line 546, in <module>
    print(end-start)
NameError: name 'end' is not defined
##### End of output of failed program #####
##### vdhankar plays [E e3 f2] in 17.755243062973s #####
##### Running: /usr/lib/jvm/jdk-14.0.1/bin/java -jar /lab/itti/projects/checkers-competition/server/referee.jar on run_22_vdhankar_minglyu #####
Move is valid
##### SUCCESS: /usr/lib/jvm/jdk-14.0.1/bin/java -jar /lab/itti/projects/checkers-competition/server/referee.jar on run_22_vdhankar_minglyu #####
INPUT for minglyu:
GAME
WHITE
200.65
.....b..
w.W...b.
........
w...b...
.....B.w
........
.....b..
........
##### Running: /usr/bin/time -o time_22_vdhankar_minglyu.txt -f "%U" /usr/lib/jvm/jdk-14.0.1/bin/java homework > stulog.txt 2>&1 on minglyu #####
##### SUCCESS: /usr/bin/time -o time_22_vdhankar_minglyu.txt -f "%U" /usr/lib/jvm/jdk-14.0.1/bin/java homework > stulog.txt 2>&1 on minglyu #####
##### minglyu plays [E a7 b8] in 5.3s #####
##### Running: /usr/lib/jvm/jdk-14.0.1/bin/java -jar /lab/itti/projects/checkers-competition/server/referee.jar on run_22_vdhankar_minglyu #####
Move is valid
##### SUCCESS: /usr/lib/jvm/jdk-14.0.1/bin/java -jar /lab/itti/projects/checkers-competition/server/referee.jar on run_22_vdhankar_minglyu #####
INPUT for vdhankar:
GAME
BLACK
44.3153100013733
.W...b..
..W...b.
........
w...b...
.....B.w
........
.....b..
........
##### Running: /usr/bin/time -o time_22_vdhankar_minglyu.txt -f "%U" python3 homework.py > stulog.txt 2>&1 on vdhankar #####
child exited with value 1
##### ERROR: /usr/bin/time -o time_22_vdhankar_minglyu.txt -f "%U" python3 homework.py > stulog.txt 2>&1 on vdhankar #####
##### Output of failed program (stdout + stderr): #####
Traceback (most recent call last):
  File "homework.py", line 546, in <module>
    print(end-start)
NameError: name 'end' is not defined
##### End of output of failed program #####
##### vdhankar plays [E f2 g1] in 12.2863659858704s #####
##### Running: /usr/lib/jvm/jdk-14.0.1/bin/java -jar /lab/itti/projects/checkers-competition/server/referee.jar on run_22_vdhankar_minglyu #####
Move is valid
##### SUCCESS: /usr/lib/jvm/jdk-14.0.1/bin/java -jar /lab/itti/projects/checkers-competition/server/referee.jar on run_22_vdhankar_minglyu #####
INPUT for minglyu:
GAME
WHITE
195.35
.W...b..
..W...b.
........
w...b...
.....B.w
........
........
......B.
##### Running: /usr/bin/time -o time_22_vdhankar_minglyu.txt -f "%U" /usr/lib/jvm/jdk-14.0.1/bin/java homework > stulog.txt 2>&1 on minglyu #####
##### SUCCESS: /usr/bin/time -o time_22_vdhankar_minglyu.txt -f "%U" /usr/lib/jvm/jdk-14.0.1/bin/java homework > stulog.txt 2>&1 on minglyu #####
##### minglyu plays [E c7 d6] in 5.18s #####
##### Running: /usr/lib/jvm/jdk-14.0.1/bin/java -jar /lab/itti/projects/checkers-competition/server/referee.jar on run_22_vdhankar_minglyu #####
Move is valid
##### SUCCESS: /usr/lib/jvm/jdk-14.0.1/bin/java -jar /lab/itti/projects/checkers-competition/server/referee.jar on run_22_vdhankar_minglyu #####
INPUT for vdhankar:
GAME
BLACK
32.0289440155029
.W...b..
......b.
...W....
w...b...
.....B.w
........
........
......B.
##### Running: /usr/bin/time -o time_22_vdhankar_minglyu.txt -f "%U" python3 homework.py > stulog.txt 2>&1 on vdhankar #####
child exited with value 1
##### ERROR: /usr/bin/time -o time_22_vdhankar_minglyu.txt -f "%U" python3 homework.py > stulog.txt 2>&1 on vdhankar #####
##### Output of failed program (stdout + stderr): #####
Traceback (most recent call last):
  File "homework.py", line 546, in <module>
    print(end-start)
NameError: name 'end' is not defined
##### End of output of failed program #####
##### vdhankar plays [E g1 h2] in 10.4799268245697s #####
##### Running: /usr/lib/jvm/jdk-14.0.1/bin/java -jar /lab/itti/projects/checkers-competition/server/referee.jar on run_22_vdhankar_minglyu #####
Move is valid
##### SUCCESS: /usr/lib/jvm/jdk-14.0.1/bin/java -jar /lab/itti/projects/checkers-competition/server/referee.jar on run_22_vdhankar_minglyu #####
INPUT for minglyu:
GAME
WHITE
190.17
.W...b..
......b.
...W....
w...b...
.....B.w
........
.......B
........
##### Running: /usr/bin/time -o time_22_vdhankar_minglyu.txt -f "%U" /usr/lib/jvm/jdk-14.0.1/bin/java homework > stulog.txt 2>&1 on minglyu #####
##### SUCCESS: /usr/bin/time -o time_22_vdhankar_minglyu.txt -f "%U" /usr/lib/jvm/jdk-14.0.1/bin/java homework > stulog.txt 2>&1 on minglyu #####
##### minglyu plays [E h4 g5] in 4.26s #####
##### Running: /usr/lib/jvm/jdk-14.0.1/bin/java -jar /lab/itti/projects/checkers-competition/server/referee.jar on run_22_vdhankar_minglyu #####
Move is valid
##### SUCCESS: /usr/lib/jvm/jdk-14.0.1/bin/java -jar /lab/itti/projects/checkers-competition/server/referee.jar on run_22_vdhankar_minglyu #####
INPUT for vdhankar:
GAME
BLACK
21.5490171909332
.W...b..
......b.
...W....
w...b.w.
.....B..
........
.......B
........
##### Running: /usr/bin/time -o time_22_vdhankar_minglyu.txt -f "%U" python3 homework.py > stulog.txt 2>&1 on vdhankar #####
child exited with value 1
##### ERROR: /usr/bin/time -o time_22_vdhankar_minglyu.txt -f "%U" python3 homework.py > stulog.txt 2>&1 on vdhankar #####
##### Output of failed program (stdout + stderr): #####
Traceback (most recent call last):
  File "homework.py", line 546, in <module>
    print(end-start)
NameError: name 'end' is not defined
##### End of output of failed program #####
##### vdhankar plays [J f4 h6] in 0.342669010162354s #####
##### Running: /usr/lib/jvm/jdk-14.0.1/bin/java -jar /lab/itti/projects/checkers-competition/server/referee.jar on run_22_vdhankar_minglyu #####
Move is valid
##### SUCCESS: /usr/lib/jvm/jdk-14.0.1/bin/java -jar /lab/itti/projects/checkers-competition/server/referee.jar on run_22_vdhankar_minglyu #####
INPUT for minglyu:
GAME
WHITE
185.91
.W...b..
......b.
...W...B
w...b...
........
........
.......B
........
##### Running: /usr/bin/time -o time_22_vdhankar_minglyu.txt -f "%U" /usr/lib/jvm/jdk-14.0.1/bin/java homework > stulog.txt 2>&1 on minglyu #####
##### SUCCESS: /usr/bin/time -o time_22_vdhankar_minglyu.txt -f "%U" /usr/lib/jvm/jdk-14.0.1/bin/java homework > stulog.txt 2>&1 on minglyu #####
##### minglyu plays [J d6 f4] in 0.19s #####
##### Running: /usr/lib/jvm/jdk-14.0.1/bin/java -jar /lab/itti/projects/checkers-competition/server/referee.jar on run_22_vdhankar_minglyu #####
Move is valid
##### SUCCESS: /usr/lib/jvm/jdk-14.0.1/bin/java -jar /lab/itti/projects/checkers-competition/server/referee.jar on run_22_vdhankar_minglyu #####
INPUT for vdhankar:
GAME
BLACK
21.2063481807709
.W...b..
......b.
.......B
w.......
.....W..
........
.......B
........
##### Running: /usr/bin/time -o time_22_vdhankar_minglyu.txt -f "%U" python3 homework.py > stulog.txt 2>&1 on vdhankar #####
child exited with value 1
##### ERROR: /usr/bin/time -o time_22_vdhankar_minglyu.txt -f "%U" python3 homework.py > stulog.txt 2>&1 on vdhankar #####
##### Output of failed program (stdout + stderr): #####
Traceback (most recent call last):
  File "homework.py", line 546, in <module>
    print(end-start)
NameError: name 'end' is not defined
##### End of output of failed program #####
##### vdhankar plays [E h2 g1] in 0.440919160842896s #####
##### Running: /usr/lib/jvm/jdk-14.0.1/bin/java -jar /lab/itti/projects/checkers-competition/server/referee.jar on run_22_vdhankar_minglyu #####
Move is valid
##### SUCCESS: /usr/lib/jvm/jdk-14.0.1/bin/java -jar /lab/itti/projects/checkers-competition/server/referee.jar on run_22_vdhankar_minglyu #####
INPUT for minglyu:
GAME
WHITE
185.72
.W...b..
......b.
.......B
w.......
.....W..
........
........
......B.
##### Running: /usr/bin/time -o time_22_vdhankar_minglyu.txt -f "%U" /usr/lib/jvm/jdk-14.0.1/bin/java homework > stulog.txt 2>&1 on minglyu #####
##### SUCCESS: /usr/bin/time -o time_22_vdhankar_minglyu.txt -f "%U" /usr/lib/jvm/jdk-14.0.1/bin/java homework > stulog.txt 2>&1 on minglyu #####
##### minglyu plays [E b8 c7] in 3.98s #####
##### Running: /usr/lib/jvm/jdk-14.0.1/bin/java -jar /lab/itti/projects/checkers-competition/server/referee.jar on run_22_vdhankar_minglyu #####
Move is valid
##### SUCCESS: /usr/lib/jvm/jdk-14.0.1/bin/java -jar /lab/itti/projects/checkers-competition/server/referee.jar on run_22_vdhankar_minglyu #####
INPUT for vdhankar:
GAME
BLACK
20.765429019928
.....b..
..W...b.
.......B
w.......
.....W..
........
........
......B.
##### Running: /usr/bin/time -o time_22_vdhankar_minglyu.txt -f "%U" python3 homework.py > stulog.txt 2>&1 on vdhankar #####
child exited with value 1
##### ERROR: /usr/bin/time -o time_22_vdhankar_minglyu.txt -f "%U" python3 homework.py > stulog.txt 2>&1 on vdhankar #####
##### Output of failed program (stdout + stderr): #####
Traceback (most recent call last):
  File "homework.py", line 546, in <module>
    print(end-start)
NameError: name 'end' is not defined
##### End of output of failed program #####
##### vdhankar plays [E g1 h2] in 0.432184934616089s #####
##### Running: /usr/lib/jvm/jdk-14.0.1/bin/java -jar /lab/itti/projects/checkers-competition/server/referee.jar on run_22_vdhankar_minglyu #####
Move is valid
##### SUCCESS: /usr/lib/jvm/jdk-14.0.1/bin/java -jar /lab/itti/projects/checkers-competition/server/referee.jar on run_22_vdhankar_minglyu #####
INPUT for minglyu:
GAME
WHITE
181.74
.....b..
..W...b.
.......B
w.......
.....W..
........
.......B
........
##### Running: /usr/bin/time -o time_22_vdhankar_minglyu.txt -f "%U" /usr/lib/jvm/jdk-14.0.1/bin/java homework > stulog.txt 2>&1 on minglyu #####
##### SUCCESS: /usr/bin/time -o time_22_vdhankar_minglyu.txt -f "%U" /usr/lib/jvm/jdk-14.0.1/bin/java homework > stulog.txt 2>&1 on minglyu #####
##### minglyu plays [E f4 e5] in 4.12s #####
##### Running: /usr/lib/jvm/jdk-14.0.1/bin/java -jar /lab/itti/projects/checkers-competition/server/referee.jar on run_22_vdhankar_minglyu #####
Move is valid
##### SUCCESS: /usr/lib/jvm/jdk-14.0.1/bin/java -jar /lab/itti/projects/checkers-competition/server/referee.jar on run_22_vdhankar_minglyu #####
INPUT for vdhankar:
GAME
BLACK
20.3332440853119
.....b..
..W...b.
.......B
w...W...
........
........
.......B
........
##### Running: /usr/bin/time -o time_22_vdhankar_minglyu.txt -f "%U" python3 homework.py > stulog.txt 2>&1 on vdhankar #####
child exited with value 1
##### ERROR: /usr/bin/time -o time_22_vdhankar_minglyu.txt -f "%U" python3 homework.py > stulog.txt 2>&1 on vdhankar #####
##### Output of failed program (stdout + stderr): #####
Traceback (most recent call last):
  File "homework.py", line 546, in <module>
    print(end-start)
NameError: name 'end' is not defined
##### End of output of failed program #####
##### vdhankar plays [E h2 g3] in 0.449074029922485s #####
##### Running: /usr/lib/jvm/jdk-14.0.1/bin/java -jar /lab/itti/projects/checkers-competition/server/referee.jar on run_22_vdhankar_minglyu #####
Move is valid
##### SUCCESS: /usr/lib/jvm/jdk-14.0.1/bin/java -jar /lab/itti/projects/checkers-competition/server/referee.jar on run_22_vdhankar_minglyu #####
INPUT for minglyu:
GAME
WHITE
177.62
.....b..
..W...b.
.......B
w...W...
........
......B.
........
........
##### Running: /usr/bin/time -o time_22_vdhankar_minglyu.txt -f "%U" /usr/lib/jvm/jdk-14.0.1/bin/java homework > stulog.txt 2>&1 on minglyu #####
##### SUCCESS: /usr/bin/time -o time_22_vdhankar_minglyu.txt -f "%U" /usr/lib/jvm/jdk-14.0.1/bin/java homework > stulog.txt 2>&1 on minglyu #####
##### minglyu plays [E e5 d6] in 4.19s #####
##### Running: /usr/lib/jvm/jdk-14.0.1/bin/java -jar /lab/itti/projects/checkers-competition/server/referee.jar on run_22_vdhankar_minglyu #####
Move is valid
##### SUCCESS: /usr/lib/jvm/jdk-14.0.1/bin/java -jar /lab/itti/projects/checkers-competition/server/referee.jar on run_22_vdhankar_minglyu #####
INPUT for vdhankar:
GAME
BLACK
19.8841700553894
.....b..
..W...b.
...W...B
w.......
........
......B.
........
........
##### Running: /usr/bin/time -o time_22_vdhankar_minglyu.txt -f "%U" python3 homework.py > stulog.txt 2>&1 on vdhankar #####
child exited with value 1
##### ERROR: /usr/bin/time -o time_22_vdhankar_minglyu.txt -f "%U" python3 homework.py > stulog.txt 2>&1 on vdhankar #####
##### Output of failed program (stdout + stderr): #####
Traceback (most recent call last):
  File "homework.py", line 546, in <module>
    print(end-start)
NameError: name 'end' is not defined
##### End of output of failed program #####
##### vdhankar plays [E g3 h4] in 0.503502130508423s #####
##### Running: /usr/lib/jvm/jdk-14.0.1/bin/java -jar /lab/itti/projects/checkers-competition/server/referee.jar on run_22_vdhankar_minglyu #####
Move is valid
##### SUCCESS: /usr/lib/jvm/jdk-14.0.1/bin/java -jar /lab/itti/projects/checkers-competition/server/referee.jar on run_22_vdhankar_minglyu #####
INPUT for minglyu:
GAME
WHITE
173.43
.....b..
..W...b.
...W...B
w.......
.......B
........
........
........
##### Running: /usr/bin/time -o time_22_vdhankar_minglyu.txt -f "%U" /usr/lib/jvm/jdk-14.0.1/bin/java homework > stulog.txt 2>&1 on minglyu #####
##### SUCCESS: /usr/bin/time -o time_22_vdhankar_minglyu.txt -f "%U" /usr/lib/jvm/jdk-14.0.1/bin/java homework > stulog.txt 2>&1 on minglyu #####
##### minglyu plays [E c7 d8] in 4.25s #####
##### Running: /usr/lib/jvm/jdk-14.0.1/bin/java -jar /lab/itti/projects/checkers-competition/server/referee.jar on run_22_vdhankar_minglyu #####
Move is valid
##### SUCCESS: /usr/lib/jvm/jdk-14.0.1/bin/java -jar /lab/itti/projects/checkers-competition/server/referee.jar on run_22_vdhankar_minglyu #####
INPUT for vdhankar:
GAME
BLACK
19.380667924881
...W.b..
......b.
...W...B
w.......
.......B
........
........
........
##### Running: /usr/bin/time -o time_22_vdhankar_minglyu.txt -f "%U" python3 homework.py > stulog.txt 2>&1 on vdhankar #####
child exited with value 1
##### ERROR: /usr/bin/time -o time_22_vdhankar_minglyu.txt -f "%U" python3 homework.py > stulog.txt 2>&1 on vdhankar #####
##### Output of failed program (stdout + stderr): #####
Traceback (most recent call last):
  File "homework.py", line 546, in <module>
    print(end-start)
NameError: name 'end' is not defined
##### End of output of failed program #####
##### vdhankar plays [E h4 g3] in 0.492333889007568s #####
##### Running: /usr/lib/jvm/jdk-14.0.1/bin/java -jar /lab/itti/projects/checkers-competition/server/referee.jar on run_22_vdhankar_minglyu #####
Move is valid
##### SUCCESS: /usr/lib/jvm/jdk-14.0.1/bin/java -jar /lab/itti/projects/checkers-competition/server/referee.jar on run_22_vdhankar_minglyu #####
INPUT for minglyu:
GAME
WHITE
169.18
...W.b..
......b.
...W...B
w.......
........
......B.
........
........
##### Running: /usr/bin/time -o time_22_vdhankar_minglyu.txt -f "%U" /usr/lib/jvm/jdk-14.0.1/bin/java homework > stulog.txt 2>&1 on minglyu #####
##### SUCCESS: /usr/bin/time -o time_22_vdhankar_minglyu.txt -f "%U" /usr/lib/jvm/jdk-14.0.1/bin/java homework > stulog.txt 2>&1 on minglyu #####
##### minglyu plays [E d8 c7] in 4.11s #####
##### Running: /usr/lib/jvm/jdk-14.0.1/bin/java -jar /lab/itti/projects/checkers-competition/server/referee.jar on run_22_vdhankar_minglyu #####
Move is valid
##### SUCCESS: /usr/lib/jvm/jdk-14.0.1/bin/java -jar /lab/itti/projects/checkers-competition/server/referee.jar on run_22_vdhankar_minglyu #####
INPUT for vdhankar:
GAME
BLACK
18.8883340358734
.....b..
..W...b.
...W...B
w.......
........
......B.
........
........
##### Running: /usr/bin/time -o time_22_vdhankar_minglyu.txt -f "%U" python3 homework.py > stulog.txt 2>&1 on vdhankar #####
child exited with value 1
##### ERROR: /usr/bin/time -o time_22_vdhankar_minglyu.txt -f "%U" python3 homework.py > stulog.txt 2>&1 on vdhankar #####
##### Output of failed program (stdout + stderr): #####
Traceback (most recent call last):
  File "homework.py", line 546, in <module>
    print(end-start)
NameError: name 'end' is not defined
##### End of output of failed program #####
##### vdhankar plays [E g3 h4] in 0.541051864624023s #####
##### Running: /usr/lib/jvm/jdk-14.0.1/bin/java -jar /lab/itti/projects/checkers-competition/server/referee.jar on run_22_vdhankar_minglyu #####
Move is valid
##### SUCCESS: /usr/lib/jvm/jdk-14.0.1/bin/java -jar /lab/itti/projects/checkers-competition/server/referee.jar on run_22_vdhankar_minglyu #####
INPUT for minglyu:
GAME
WHITE
165.07
.....b..
..W...b.
...W...B
w.......
.......B
........
........
........
##### Running: /usr/bin/time -o time_22_vdhankar_minglyu.txt -f "%U" /usr/lib/jvm/jdk-14.0.1/bin/java homework > stulog.txt 2>&1 on minglyu #####
##### SUCCESS: /usr/bin/time -o time_22_vdhankar_minglyu.txt -f "%U" /usr/lib/jvm/jdk-14.0.1/bin/java homework > stulog.txt 2>&1 on minglyu #####
##### minglyu plays [E c7 d8] in 3.28s #####
##### Running: /usr/lib/jvm/jdk-14.0.1/bin/java -jar /lab/itti/projects/checkers-competition/server/referee.jar on run_22_vdhankar_minglyu #####
Move is valid
##### SUCCESS: /usr/lib/jvm/jdk-14.0.1/bin/java -jar /lab/itti/projects/checkers-competition/server/referee.jar on run_22_vdhankar_minglyu #####
INPUT for vdhankar:
GAME
BLACK
18.3472821712494
...W.b..
......b.
...W...B
w.......
.......B
........
........
........
##### Running: /usr/bin/time -o time_22_vdhankar_minglyu.txt -f "%U" python3 homework.py > stulog.txt 2>&1 on vdhankar #####
child exited with value 1
##### ERROR: /usr/bin/time -o time_22_vdhankar_minglyu.txt -f "%U" python3 homework.py > stulog.txt 2>&1 on vdhankar #####
##### Output of failed program (stdout + stderr): #####
Traceback (most recent call last):
  File "homework.py", line 546, in <module>
    print(end-start)
NameError: name 'end' is not defined
##### End of output of failed program #####
##### vdhankar plays [E h4 g3] in 0.416906118392944s #####
##### Running: /usr/lib/jvm/jdk-14.0.1/bin/java -jar /lab/itti/projects/checkers-competition/server/referee.jar on run_22_vdhankar_minglyu #####
Move is valid
##### SUCCESS: /usr/lib/jvm/jdk-14.0.1/bin/java -jar /lab/itti/projects/checkers-competition/server/referee.jar on run_22_vdhankar_minglyu #####
INPUT for minglyu:
GAME
WHITE
161.79
...W.b..
......b.
...W...B
w.......
........
......B.
........
........
##### Running: /usr/bin/time -o time_22_vdhankar_minglyu.txt -f "%U" /usr/lib/jvm/jdk-14.0.1/bin/java homework > stulog.txt 2>&1 on minglyu #####
##### SUCCESS: /usr/bin/time -o time_22_vdhankar_minglyu.txt -f "%U" /usr/lib/jvm/jdk-14.0.1/bin/java homework > stulog.txt 2>&1 on minglyu #####
##### minglyu plays [E d6 c7] in 3.34s #####
##### Running: /usr/lib/jvm/jdk-14.0.1/bin/java -jar /lab/itti/projects/checkers-competition/server/referee.jar on run_22_vdhankar_minglyu #####
Move is valid
##### SUCCESS: /usr/lib/jvm/jdk-14.0.1/bin/java -jar /lab/itti/projects/checkers-competition/server/referee.jar on run_22_vdhankar_minglyu #####
INPUT for vdhankar:
GAME
BLACK
17.9303760528564
...W.b..
..W...b.
.......B
w.......
........
......B.
........
........
##### Running: /usr/bin/time -o time_22_vdhankar_minglyu.txt -f "%U" python3 homework.py > stulog.txt 2>&1 on vdhankar #####
child exited with value 1
##### ERROR: /usr/bin/time -o time_22_vdhankar_minglyu.txt -f "%U" python3 homework.py > stulog.txt 2>&1 on vdhankar #####
##### Output of failed program (stdout + stderr): #####
Traceback (most recent call last):
  File "homework.py", line 546, in <module>
    print(end-start)
NameError: name 'end' is not defined
##### End of output of failed program #####
##### vdhankar plays [E g3 h4] in 0.394673824310303s #####
##### Running: /usr/lib/jvm/jdk-14.0.1/bin/java -jar /lab/itti/projects/checkers-competition/server/referee.jar on run_22_vdhankar_minglyu #####
Move is valid
##### SUCCESS: /usr/lib/jvm/jdk-14.0.1/bin/java -jar /lab/itti/projects/checkers-competition/server/referee.jar on run_22_vdhankar_minglyu #####
INPUT for minglyu:
GAME
WHITE
158.45
...W.b..
..W...b.
.......B
w.......
.......B
........
........
........
##### Running: /usr/bin/time -o time_22_vdhankar_minglyu.txt -f "%U" /usr/lib/jvm/jdk-14.0.1/bin/java homework > stulog.txt 2>&1 on minglyu #####
##### SUCCESS: /usr/bin/time -o time_22_vdhankar_minglyu.txt -f "%U" /usr/lib/jvm/jdk-14.0.1/bin/java homework > stulog.txt 2>&1 on minglyu #####
##### minglyu plays [E c7 d6] in 2.07s #####
##### Running: /usr/lib/jvm/jdk-14.0.1/bin/java -jar /lab/itti/projects/checkers-competition/server/referee.jar on run_22_vdhankar_minglyu #####
Move is valid
##### SUCCESS: /usr/lib/jvm/jdk-14.0.1/bin/java -jar /lab/itti/projects/checkers-competition/server/referee.jar on run_22_vdhankar_minglyu #####
INPUT for vdhankar:
GAME
BLACK
17.5357022285461
...W.b..
......b.
...W...B
w.......
.......B
........
........
........
##### Running: /usr/bin/time -o time_22_vdhankar_minglyu.txt -f "%U" python3 homework.py > stulog.txt 2>&1 on vdhankar #####
child exited with value 1
##### ERROR: /usr/bin/time -o time_22_vdhankar_minglyu.txt -f "%U" python3 homework.py > stulog.txt 2>&1 on vdhankar #####
##### Output of failed program (stdout + stderr): #####
Traceback (most recent call last):
  File "homework.py", line 546, in <module>
    print(end-start)
NameError: name 'end' is not defined
##### End of output of failed program #####
##### vdhankar plays [E h4 g3] in 0.435021877288818s #####
##### Running: /usr/lib/jvm/jdk-14.0.1/bin/java -jar /lab/itti/projects/checkers-competition/server/referee.jar on run_22_vdhankar_minglyu #####
Move is valid
Seen this position 3 times
*** Game ends in draw ***
##### SUCCESS: /usr/lib/jvm/jdk-14.0.1/bin/java -jar /lab/itti/projects/checkers-competition/server/referee.jar on run_22_vdhankar_minglyu #####
##### GAME ENDS IN A DRAW. Time left for vdhankar: 17.1006803512573s, minglyu: 156.38s
Server said: DRAW
##### GAME OVER: the game ends in a draw, minglyu wins by time remaining #####
########## ROUND 22 GAMESCORE AFTER GAME 1: vdhankar=0 and minglyu=1 ##########
#################### ROUND 22: vdhankar (W) vs minglyu (B): game 2 ####################
##### game start! #####
INPUT for minglyu:
GAME
BLACK
300
.b.b.b.b
b.b.b.b.
.b.b.b.b
........
........
w.w.w.w.
.w.w.w.w
w.w.w.w.
##### Running: /usr/bin/time -o time_22_vdhankar_minglyu.txt -f "%U" /usr/lib/jvm/jdk-14.0.1/bin/java homework > stulog.txt 2>&1 on minglyu #####
##### SUCCESS: /usr/bin/time -o time_22_vdhankar_minglyu.txt -f "%U" /usr/lib/jvm/jdk-14.0.1/bin/java homework > stulog.txt 2>&1 on minglyu #####
##### minglyu plays [E f6 g5] in 4.51s #####
##### Running: /usr/lib/jvm/jdk-14.0.1/bin/java -jar /lab/itti/projects/checkers-competition/server/referee.jar on run_22_vdhankar_minglyu #####
Move is valid
Couldn't read file 'current_ply.txt'
Couldn't read content from file 'current_ply.txt'
Couldn't read file 'lastmatchange_ply.txt'
Couldn't read content from file 'lastmatchange_ply.txt'
##### SUCCESS: /usr/lib/jvm/jdk-14.0.1/bin/java -jar /lab/itti/projects/checkers-competition/server/referee.jar on run_22_vdhankar_minglyu #####
INPUT for vdhankar:
GAME
WHITE
300
.b.b.b.b
b.b.b.b.
.b.b...b
......b.
........
w.w.w.w.
.w.w.w.w
w.w.w.w.
##### Running: /usr/bin/time -o time_22_vdhankar_minglyu.txt -f "%U" python3 homework.py > stulog.txt 2>&1 on vdhankar #####
child exited with value 1
##### ERROR: /usr/bin/time -o time_22_vdhankar_minglyu.txt -f "%U" python3 homework.py > stulog.txt 2>&1 on vdhankar #####
##### Output of failed program (stdout + stderr): #####
Traceback (most recent call last):
  File "homework.py", line 546, in <module>
    print(end-start)
NameError: name 'end' is not defined
##### End of output of failed program #####
##### vdhankar plays [E g3 h4] in 15.5087449550629s #####
##### Running: /usr/lib/jvm/jdk-14.0.1/bin/java -jar /lab/itti/projects/checkers-competition/server/referee.jar on run_22_vdhankar_minglyu #####
Move is valid
##### SUCCESS: /usr/lib/jvm/jdk-14.0.1/bin/java -jar /lab/itti/projects/checkers-competition/server/referee.jar on run_22_vdhankar_minglyu #####
INPUT for minglyu:
GAME
BLACK
295.49
.b.b.b.b
b.b.b.b.
.b.b...b
......b.
.......w
w.w.w...
.w.w.w.w
w.w.w.w.
##### Running: /usr/bin/time -o time_22_vdhankar_minglyu.txt -f "%U" /usr/lib/jvm/jdk-14.0.1/bin/java homework > stulog.txt 2>&1 on minglyu #####
##### SUCCESS: /usr/bin/time -o time_22_vdhankar_minglyu.txt -f "%U" /usr/lib/jvm/jdk-14.0.1/bin/java homework > stulog.txt 2>&1 on minglyu #####
##### minglyu plays [E d6 c5] in 2.8s #####
##### Running: /usr/lib/jvm/jdk-14.0.1/bin/java -jar /lab/itti/projects/checkers-competition/server/referee.jar on run_22_vdhankar_minglyu #####
Move is valid
##### SUCCESS: /usr/lib/jvm/jdk-14.0.1/bin/java -jar /lab/itti/projects/checkers-competition/server/referee.jar on run_22_vdhankar_minglyu #####
INPUT for vdhankar:
GAME
WHITE
284.491255044937
.b.b.b.b
b.b.b.b.
.b.....b
..b...b.
.......w
w.w.w...
.w.w.w.w
w.w.w.w.
##### Running: /usr/bin/time -o time_22_vdhankar_minglyu.txt -f "%U" python3 homework.py > stulog.txt 2>&1 on vdhankar #####
child exited with value 1
##### ERROR: /usr/bin/time -o time_22_vdhankar_minglyu.txt -f "%U" python3 homework.py > stulog.txt 2>&1 on vdhankar #####
##### Output of failed program (stdout + stderr): #####
Traceback (most recent call last):
  File "homework.py", line 546, in <module>
    print(end-start)
NameError: name 'end' is not defined
##### End of output of failed program #####
##### vdhankar plays [J h4 f6] in 2.28400087356567s #####
##### Running: /usr/lib/jvm/jdk-14.0.1/bin/java -jar /lab/itti/projects/checkers-competition/server/referee.jar on run_22_vdhankar_minglyu #####
Move is valid
##### SUCCESS: /usr/lib/jvm/jdk-14.0.1/bin/java -jar /lab/itti/projects/checkers-competition/server/referee.jar on run_22_vdhankar_minglyu #####
INPUT for minglyu:
GAME
BLACK
292.69
.b.b.b.b
b.b.b.b.
.b...w.b
..b.....
........
w.w.w...
.w.w.w.w
w.w.w.w.
##### Running: /usr/bin/time -o time_22_vdhankar_minglyu.txt -f "%U" /usr/lib/jvm/jdk-14.0.1/bin/java homework > stulog.txt 2>&1 on minglyu #####
##### SUCCESS: /usr/bin/time -o time_22_vdhankar_minglyu.txt -f "%U" /usr/lib/jvm/jdk-14.0.1/bin/java homework > stulog.txt 2>&1 on minglyu #####
##### minglyu plays [J e7 g5] in 3.17s #####
##### Running: /usr/lib/jvm/jdk-14.0.1/bin/java -jar /lab/itti/projects/checkers-competition/server/referee.jar on run_22_vdhankar_minglyu #####
Move is valid
##### SUCCESS: /usr/lib/jvm/jdk-14.0.1/bin/java -jar /lab/itti/projects/checkers-competition/server/referee.jar on run_22_vdhankar_minglyu #####
INPUT for vdhankar:
GAME
WHITE
282.207254171371
.b.b.b.b
b.b...b.
.b.....b
..b...b.
........
w.w.w...
.w.w.w.w
w.w.w.w.
##### Running: /usr/bin/time -o time_22_vdhankar_minglyu.txt -f "%U" python3 homework.py > stulog.txt 2>&1 on vdhankar #####
child exited with value 1
##### ERROR: /usr/bin/time -o time_22_vdhankar_minglyu.txt -f "%U" python3 homework.py > stulog.txt 2>&1 on vdhankar #####
##### Output of failed program (stdout + stderr): #####
Traceback (most recent call last):
  File "homework.py", line 546, in <module>
    print(end-start)
NameError: name 'end' is not defined
##### End of output of failed program #####
##### vdhankar plays [E f2 g3] in 13.6180040836334s #####
##### Running: /usr/lib/jvm/jdk-14.0.1/bin/java -jar /lab/itti/projects/checkers-competition/server/referee.jar on run_22_vdhankar_minglyu #####
Move is valid
##### SUCCESS: /usr/lib/jvm/jdk-14.0.1/bin/java -jar /lab/itti/projects/checkers-competition/server/referee.jar on run_22_vdhankar_minglyu #####
INPUT for minglyu:
GAME
BLACK
289.52
.b.b.b.b
b.b...b.
.b.....b
..b...b.
........
w.w.w.w.
.w.w...w
w.w.w.w.
##### Running: /usr/bin/time -o time_22_vdhankar_minglyu.txt -f "%U" /usr/lib/jvm/jdk-14.0.1/bin/java homework > stulog.txt 2>&1 on minglyu #####
##### SUCCESS: /usr/bin/time -o time_22_vdhankar_minglyu.txt -f "%U" /usr/lib/jvm/jdk-14.0.1/bin/java homework > stulog.txt 2>&1 on minglyu #####
##### minglyu plays [E g5 h4] in 5.48s #####
##### Running: /usr/lib/jvm/jdk-14.0.1/bin/java -jar /lab/itti/projects/checkers-competition/server/referee.jar on run_22_vdhankar_minglyu #####
Move is valid
##### SUCCESS: /usr/lib/jvm/jdk-14.0.1/bin/java -jar /lab/itti/projects/checkers-competition/server/referee.jar on run_22_vdhankar_minglyu #####
INPUT for vdhankar:
GAME
WHITE
268.589250087738
.b.b.b.b
b.b...b.
.b.....b
..b.....
.......b
w.w.w.w.
.w.w...w
w.w.w.w.
##### Running: /usr/bin/time -o time_22_vdhankar_minglyu.txt -f "%U" python3 homework.py > stulog.txt 2>&1 on vdhankar #####
child exited with value 1
##### ERROR: /usr/bin/time -o time_22_vdhankar_minglyu.txt -f "%U" python3 homework.py > stulog.txt 2>&1 on vdhankar #####
##### Output of failed program (stdout + stderr): #####
Traceback (most recent call last):
  File "homework.py", line 546, in <module>
    print(end-start)
NameError: name 'end' is not defined
##### End of output of failed program #####
##### vdhankar plays [E g1 f2] in 5.7305760383606s #####
##### Running: /usr/lib/jvm/jdk-14.0.1/bin/java -jar /lab/itti/projects/checkers-competition/server/referee.jar on run_22_vdhankar_minglyu #####
Move is valid
##### SUCCESS: /usr/lib/jvm/jdk-14.0.1/bin/java -jar /lab/itti/projects/checkers-competition/server/referee.jar on run_22_vdhankar_minglyu #####
INPUT for minglyu:
GAME
BLACK
284.04
.b.b.b.b
b.b...b.
.b.....b
..b.....
.......b
w.w.w.w.
.w.w.w.w
w.w.w...
##### Running: /usr/bin/time -o time_22_vdhankar_minglyu.txt -f "%U" /usr/lib/jvm/jdk-14.0.1/bin/java homework > stulog.txt 2>&1 on minglyu #####
##### SUCCESS: /usr/bin/time -o time_22_vdhankar_minglyu.txt -f "%U" /usr/lib/jvm/jdk-14.0.1/bin/java homework > stulog.txt 2>&1 on minglyu #####
##### minglyu plays [E g7 f6] in 4.03s #####
##### Running: /usr/lib/jvm/jdk-14.0.1/bin/java -jar /lab/itti/projects/checkers-competition/server/referee.jar on run_22_vdhankar_minglyu #####
Move is valid
##### SUCCESS: /usr/lib/jvm/jdk-14.0.1/bin/java -jar /lab/itti/projects/checkers-competition/server/referee.jar on run_22_vdhankar_minglyu #####
INPUT for vdhankar:
GAME
WHITE
262.858674049377
.b.b.b.b
b.b.....
.b...b.b
..b.....
.......b
w.w.w.w.
.w.w.w.w
w.w.w...
##### Running: /usr/bin/time -o time_22_vdhankar_minglyu.txt -f "%U" python3 homework.py > stulog.txt 2>&1 on vdhankar #####
child exited with value 1
##### ERROR: /usr/bin/time -o time_22_vdhankar_minglyu.txt -f "%U" python3 homework.py > stulog.txt 2>&1 on vdhankar #####
##### Output of failed program (stdout + stderr): #####
Traceback (most recent call last):
  File "homework.py", line 546, in <module>
    print(end-start)
NameError: name 'end' is not defined
##### End of output of failed program #####
##### vdhankar plays [E g3 f4] in 13.7586810588837s #####
##### Running: /usr/lib/jvm/jdk-14.0.1/bin/java -jar /lab/itti/projects/checkers-competition/server/referee.jar on run_22_vdhankar_minglyu #####
Move is valid
##### SUCCESS: /usr/lib/jvm/jdk-14.0.1/bin/java -jar /lab/itti/projects/checkers-competition/server/referee.jar on run_22_vdhankar_minglyu #####
INPUT for minglyu:
GAME
BLACK
280.01
.b.b.b.b
b.b.....
.b...b.b
..b.....
.....w.b
w.w.w...
.w.w.w.w
w.w.w...
##### Running: /usr/bin/time -o time_22_vdhankar_minglyu.txt -f "%U" /usr/lib/jvm/jdk-14.0.1/bin/java homework > stulog.txt 2>&1 on minglyu #####
##### SUCCESS: /usr/bin/time -o time_22_vdhankar_minglyu.txt -f "%U" /usr/lib/jvm/jdk-14.0.1/bin/java homework > stulog.txt 2>&1 on minglyu #####
##### minglyu plays [E f6 e5] in 3.62s #####
##### Running: /usr/lib/jvm/jdk-14.0.1/bin/java -jar /lab/itti/projects/checkers-competition/server/referee.jar on run_22_vdhankar_minglyu #####
Move is valid
##### SUCCESS: /usr/lib/jvm/jdk-14.0.1/bin/java -jar /lab/itti/projects/checkers-competition/server/referee.jar on run_22_vdhankar_minglyu #####
INPUT for vdhankar:
GAME
WHITE
249.099992990494
.b.b.b.b
b.b.....
.b.....b
..b.b...
.....w.b
w.w.w...
.w.w.w.w
w.w.w...
##### Running: /usr/bin/time -o time_22_vdhankar_minglyu.txt -f "%U" python3 homework.py > stulog.txt 2>&1 on vdhankar #####
child exited with value 1
##### ERROR: /usr/bin/time -o time_22_vdhankar_minglyu.txt -f "%U" python3 homework.py > stulog.txt 2>&1 on vdhankar #####
##### Output of failed program (stdout + stderr): #####
Traceback (most recent call last):
  File "homework.py", line 546, in <module>
    print(end-start)
NameError: name 'end' is not defined
##### End of output of failed program #####
##### vdhankar plays [J f4 d6] in 1.00848793983459s #####
##### Running: /usr/lib/jvm/jdk-14.0.1/bin/java -jar /lab/itti/projects/checkers-competition/server/referee.jar on run_22_vdhankar_minglyu #####
Move is valid
##### SUCCESS: /usr/lib/jvm/jdk-14.0.1/bin/java -jar /lab/itti/projects/checkers-competition/server/referee.jar on run_22_vdhankar_minglyu #####
INPUT for minglyu:
GAME
BLACK
276.39
.b.b.b.b
b.b.....
.b.w...b
..b.....
.......b
w.w.w...
.w.w.w.w
w.w.w...
##### Running: /usr/bin/time -o time_22_vdhankar_minglyu.txt -f "%U" /usr/lib/jvm/jdk-14.0.1/bin/java homework > stulog.txt 2>&1 on minglyu #####
##### SUCCESS: /usr/bin/time -o time_22_vdhankar_minglyu.txt -f "%U" /usr/lib/jvm/jdk-14.0.1/bin/java homework > stulog.txt 2>&1 on minglyu #####
##### minglyu plays [J c7 e5] in 0.19s #####
##### Running: /usr/lib/jvm/jdk-14.0.1/bin/java -jar /lab/itti/projects/checkers-competition/server/referee.jar on run_22_vdhankar_minglyu #####
Move is valid
##### SUCCESS: /usr/lib/jvm/jdk-14.0.1/bin/java -jar /lab/itti/projects/checkers-competition/server/referee.jar on run_22_vdhankar_minglyu #####
INPUT for vdhankar:
GAME
WHITE
248.091505050659
.b.b.b.b
b.......
.b.....b
..b.b...
.......b
w.w.w...
.w.w.w.w
w.w.w...
##### Running: /usr/bin/time -o time_22_vdhankar_minglyu.txt -f "%U" python3 homework.py > stulog.txt 2>&1 on vdhankar #####
child exited with value 1
##### ERROR: /usr/bin/time -o time_22_vdhankar_minglyu.txt -f "%U" python3 homework.py > stulog.txt 2>&1 on vdhankar #####
##### Output of failed program (stdout + stderr): #####
Traceback (most recent call last):
  File "homework.py", line 546, in <module>
    print(end-start)
NameError: name 'end' is not defined
##### End of output of failed program #####
##### vdhankar plays [E h2 g3] in 7.49492406845093s #####
##### Running: /usr/lib/jvm/jdk-14.0.1/bin/java -jar /lab/itti/projects/checkers-competition/server/referee.jar on run_22_vdhankar_minglyu #####
Move is valid
##### SUCCESS: /usr/lib/jvm/jdk-14.0.1/bin/java -jar /lab/itti/projects/checkers-competition/server/referee.jar on run_22_vdhankar_minglyu #####
INPUT for minglyu:
GAME
BLACK
276.2
.b.b.b.b
b.......
.b.....b
..b.b...
.......b
w.w.w.w.
.w.w.w..
w.w.w...
##### Running: /usr/bin/time -o time_22_vdhankar_minglyu.txt -f "%U" /usr/lib/jvm/jdk-14.0.1/bin/java homework > stulog.txt 2>&1 on minglyu #####
##### SUCCESS: /usr/bin/time -o time_22_vdhankar_minglyu.txt -f "%U" /usr/lib/jvm/jdk-14.0.1/bin/java homework > stulog.txt 2>&1 on minglyu #####
##### minglyu plays [E c5 d4] in 3.52s #####
##### Running: /usr/lib/jvm/jdk-14.0.1/bin/java -jar /lab/itti/projects/checkers-competition/server/referee.jar on run_22_vdhankar_minglyu #####
Move is valid
##### SUCCESS: /usr/lib/jvm/jdk-14.0.1/bin/java -jar /lab/itti/projects/checkers-competition/server/referee.jar on run_22_vdhankar_minglyu #####
INPUT for vdhankar:
GAME
WHITE
240.596580982208
.b.b.b.b
b.......
.b.....b
....b...
...b...b
w.w.w.w.
.w.w.w..
w.w.w...
##### Running: /usr/bin/time -o time_22_vdhankar_minglyu.txt -f "%U" python3 homework.py > stulog.txt 2>&1 on vdhankar #####
child exited with value 1
##### ERROR: /usr/bin/time -o time_22_vdhankar_minglyu.txt -f "%U" python3 homework.py > stulog.txt 2>&1 on vdhankar #####
##### Output of failed program (stdout + stderr): #####
Traceback (most recent call last):
  File "homework.py", line 546, in <module>
    print(end-start)
NameError: name 'end' is not defined
##### End of output of failed program #####
##### vdhankar plays [J e3 c5] in 1.63044381141663s #####
##### Running: /usr/lib/jvm/jdk-14.0.1/bin/java -jar /lab/itti/projects/checkers-competition/server/referee.jar on run_22_vdhankar_minglyu #####
Move is valid
##### SUCCESS: /usr/lib/jvm/jdk-14.0.1/bin/java -jar /lab/itti/projects/checkers-competition/server/referee.jar on run_22_vdhankar_minglyu #####
INPUT for minglyu:
GAME
BLACK
272.68
.b.b.b.b
b.......
.b.....b
..w.b...
.......b
w.w...w.
.w.w.w..
w.w.w...
##### Running: /usr/bin/time -o time_22_vdhankar_minglyu.txt -f "%U" /usr/lib/jvm/jdk-14.0.1/bin/java homework > stulog.txt 2>&1 on minglyu #####
##### SUCCESS: /usr/bin/time -o time_22_vdhankar_minglyu.txt -f "%U" /usr/lib/jvm/jdk-14.0.1/bin/java homework > stulog.txt 2>&1 on minglyu #####
##### minglyu plays [J b6 d4] in 0.2s #####
##### Running: /usr/lib/jvm/jdk-14.0.1/bin/java -jar /lab/itti/projects/checkers-competition/server/referee.jar on run_22_vdhankar_minglyu #####
Move is valid
##### SUCCESS: /usr/lib/jvm/jdk-14.0.1/bin/java -jar /lab/itti/projects/checkers-competition/server/referee.jar on run_22_vdhankar_minglyu #####
INPUT for vdhankar:
GAME
WHITE
238.966137170792
.b.b.b.b
b.......
.......b
....b...
...b...b
w.w...w.
.w.w.w..
w.w.w...
##### Running: /usr/bin/time -o time_22_vdhankar_minglyu.txt -f "%U" python3 homework.py > stulog.txt 2>&1 on vdhankar #####
child exited with value 1
##### ERROR: /usr/bin/time -o time_22_vdhankar_minglyu.txt -f "%U" python3 homework.py > stulog.txt 2>&1 on vdhankar #####
##### Output of failed program (stdout + stderr): #####
Traceback (most recent call last):
  File "homework.py", line 546, in <module>
    print(end-start)
NameError: name 'end' is not defined
##### End of output of failed program #####
##### vdhankar plays [E d2 e3] in 19.7452039718628s #####
##### Running: /usr/lib/jvm/jdk-14.0.1/bin/java -jar /lab/itti/projects/checkers-competition/server/referee.jar on run_22_vdhankar_minglyu #####
Move is valid
##### SUCCESS: /usr/lib/jvm/jdk-14.0.1/bin/java -jar /lab/itti/projects/checkers-competition/server/referee.jar on run_22_vdhankar_minglyu #####
INPUT for minglyu:
GAME
BLACK
272.48
.b.b.b.b
b.......
.......b
....b...
...b...b
w.w.w.w.
.w...w..
w.w.w...
##### Running: /usr/bin/time -o time_22_vdhankar_minglyu.txt -f "%U" /usr/lib/jvm/jdk-14.0.1/bin/java homework > stulog.txt 2>&1 on minglyu #####
##### SUCCESS: /usr/bin/time -o time_22_vdhankar_minglyu.txt -f "%U" /usr/lib/jvm/jdk-14.0.1/bin/java homework > stulog.txt 2>&1 on minglyu #####
##### minglyu plays [E h6 g5] in 3.55s #####
##### Running: /usr/lib/jvm/jdk-14.0.1/bin/java -jar /lab/itti/projects/checkers-competition/server/referee.jar on run_22_vdhankar_minglyu #####
Move is valid
##### SUCCESS: /usr/lib/jvm/jdk-14.0.1/bin/java -jar /lab/itti/projects/checkers-competition/server/referee.jar on run_22_vdhankar_minglyu #####
INPUT for vdhankar:
GAME
WHITE
219.220933198929
.b.b.b.b
b.......
........
....b.b.
...b...b
w.w.w.w.
.w...w..
w.w.w...
##### Running: /usr/bin/time -o time_22_vdhankar_minglyu.txt -f "%U" python3 homework.py > stulog.txt 2>&1 on vdhankar #####
child exited with value 1
##### ERROR: /usr/bin/time -o time_22_vdhankar_minglyu.txt -f "%U" python3 homework.py > stulog.txt 2>&1 on vdhankar #####
##### Output of failed program (stdout + stderr): #####
Traceback (most recent call last):
  File "homework.py", line 546, in <module>
    print(end-start)
NameError: name 'end' is not defined
##### End of output of failed program #####
##### vdhankar plays [J e3 c5] in 8.72825503349304s #####
##### Running: /usr/lib/jvm/jdk-14.0.1/bin/java -jar /lab/itti/projects/checkers-competition/server/referee.jar on run_22_vdhankar_minglyu #####
Move is valid
##### SUCCESS: /usr/lib/jvm/jdk-14.0.1/bin/java -jar /lab/itti/projects/checkers-competition/server/referee.jar on run_22_vdhankar_minglyu #####
INPUT for minglyu:
GAME
BLACK
268.93
.b.b.b.b
b.......
........
..w.b.b.
.......b
w.w...w.
.w...w..
w.w.w...
##### Running: /usr/bin/time -o time_22_vdhankar_minglyu.txt -f "%U" /usr/lib/jvm/jdk-14.0.1/bin/java homework > stulog.txt 2>&1 on minglyu #####
##### SUCCESS: /usr/bin/time -o time_22_vdhankar_minglyu.txt -f "%U" /usr/lib/jvm/jdk-14.0.1/bin/java homework > stulog.txt 2>&1 on minglyu #####
##### minglyu plays [E g5 f4] in 5.25s #####
##### Running: /usr/lib/jvm/jdk-14.0.1/bin/java -jar /lab/itti/projects/checkers-competition/server/referee.jar on run_22_vdhankar_minglyu #####
Move is valid
##### SUCCESS: /usr/lib/jvm/jdk-14.0.1/bin/java -jar /lab/itti/projects/checkers-competition/server/referee.jar on run_22_vdhankar_minglyu #####
INPUT for vdhankar:
GAME
WHITE
210.492678165436
.b.b.b.b
b.......
........
..w.b...
.....b.b
w.w...w.
.w...w..
w.w.w...
##### Running: /usr/bin/time -o time_22_vdhankar_minglyu.txt -f "%U" python3 homework.py > stulog.txt 2>&1 on vdhankar #####
child exited with value 1
##### ERROR: /usr/bin/time -o time_22_vdhankar_minglyu.txt -f "%U" python3 homework.py > stulog.txt 2>&1 on vdhankar #####
##### Output of failed program (stdout + stderr): #####
Traceback (most recent call last):
  File "homework.py", line 546, in <module>
    print(end-start)
NameError: name 'end' is not defined
##### End of output of failed program #####
##### vdhankar plays [E f2 e3] in 24.4168238639832s #####
##### Running: /usr/lib/jvm/jdk-14.0.1/bin/java -jar /lab/itti/projects/checkers-competition/server/referee.jar on run_22_vdhankar_minglyu #####
Move is valid
##### SUCCESS: /usr/lib/jvm/jdk-14.0.1/bin/java -jar /lab/itti/projects/checkers-competition/server/referee.jar on run_22_vdhankar_minglyu #####
INPUT for minglyu:
GAME
BLACK
263.68
.b.b.b.b
b.......
........
..w.b...
.....b.b
w.w.w.w.
.w......
w.w.w...
##### Running: /usr/bin/time -o time_22_vdhankar_minglyu.txt -f "%U" /usr/lib/jvm/jdk-14.0.1/bin/java homework > stulog.txt 2>&1 on minglyu #####
##### SUCCESS: /usr/bin/time -o time_22_vdhankar_minglyu.txt -f "%U" /usr/lib/jvm/jdk-14.0.1/bin/java homework > stulog.txt 2>&1 on minglyu #####
##### minglyu plays [J f4 h2] in 3.46s #####
##### Running: /usr/lib/jvm/jdk-14.0.1/bin/java -jar /lab/itti/projects/checkers-competition/server/referee.jar on run_22_vdhankar_minglyu #####
Move is valid
##### SUCCESS: /usr/lib/jvm/jdk-14.0.1/bin/java -jar /lab/itti/projects/checkers-competition/server/referee.jar on run_22_vdhankar_minglyu #####
INPUT for vdhankar:
GAME
WHITE
186.075854301453
.b.b.b.b
b.......
........
..w.b...
.......b
w.w.w...
.w.....b
w.w.w...
##### Running: /usr/bin/time -o time_22_vdhankar_minglyu.txt -f "%U" python3 homework.py > stulog.txt 2>&1 on vdhankar #####
child exited with value 1
##### ERROR: /usr/bin/time -o time_22_vdhankar_minglyu.txt -f "%U" python3 homework.py > stulog.txt 2>&1 on vdhankar #####
##### Output of failed program (stdout + stderr): #####
Traceback (most recent call last):
  File "homework.py", line 546, in <module>
    print(end-start)
NameError: name 'end' is not defined
##### End of output of failed program #####
##### vdhankar plays [E e3 d4] in 50.8814101219177s #####
##### Running: /usr/lib/jvm/jdk-14.0.1/bin/java -jar /lab/itti/projects/checkers-competition/server/referee.jar on run_22_vdhankar_minglyu #####
Move is valid
##### SUCCESS: /usr/lib/jvm/jdk-14.0.1/bin/java -jar /lab/itti/projects/checkers-competition/server/referee.jar on run_22_vdhankar_minglyu #####
INPUT for minglyu:
GAME
BLACK
260.22
.b.b.b.b
b.......
........
..w.b...
...w...b
w.w.....
.w.....b
w.w.w...
##### Running: /usr/bin/time -o time_22_vdhankar_minglyu.txt -f "%U" /usr/lib/jvm/jdk-14.0.1/bin/java homework > stulog.txt 2>&1 on minglyu #####
##### SUCCESS: /usr/bin/time -o time_22_vdhankar_minglyu.txt -f "%U" /usr/lib/jvm/jdk-14.0.1/bin/java homework > stulog.txt 2>&1 on minglyu #####
##### minglyu plays [E e5 f4] in 4.67s #####
##### Running: /usr/lib/jvm/jdk-14.0.1/bin/java -jar /lab/itti/projects/checkers-competition/server/referee.jar on run_22_vdhankar_minglyu #####
Move is valid
##### SUCCESS: /usr/lib/jvm/jdk-14.0.1/bin/java -jar /lab/itti/projects/checkers-competition/server/referee.jar on run_22_vdhankar_minglyu #####
INPUT for vdhankar:
GAME
WHITE
135.194444179535
.b.b.b.b
b.......
........
..w.....
...w.b.b
w.w.....
.w.....b
w.w.w...
##### Running: /usr/bin/time -o time_22_vdhankar_minglyu.txt -f "%U" python3 homework.py > stulog.txt 2>&1 on vdhankar #####
child exited with value 1
##### ERROR: /usr/bin/time -o time_22_vdhankar_minglyu.txt -f "%U" python3 homework.py > stulog.txt 2>&1 on vdhankar #####
##### Output of failed program (stdout + stderr): #####
Traceback (most recent call last):
  File "homework.py", line 546, in <module>
    print(end-start)
NameError: name 'end' is not defined
##### End of output of failed program #####
##### vdhankar plays [E a3 b4] in 133.889551877975s #####
##### Running: /usr/lib/jvm/jdk-14.0.1/bin/java -jar /lab/itti/projects/checkers-competition/server/referee.jar on run_22_vdhankar_minglyu #####
Move is valid
##### SUCCESS: /usr/lib/jvm/jdk-14.0.1/bin/java -jar /lab/itti/projects/checkers-competition/server/referee.jar on run_22_vdhankar_minglyu #####
INPUT for minglyu:
GAME
BLACK
255.55
.b.b.b.b
b.......
........
..w.....
.w.w.b.b
..w.....
.w.....b
w.w.w...
##### Running: /usr/bin/time -o time_22_vdhankar_minglyu.txt -f "%U" /usr/lib/jvm/jdk-14.0.1/bin/java homework > stulog.txt 2>&1 on minglyu #####
##### SUCCESS: /usr/bin/time -o time_22_vdhankar_minglyu.txt -f "%U" /usr/lib/jvm/jdk-14.0.1/bin/java homework > stulog.txt 2>&1 on minglyu #####
##### minglyu plays [E d8 c7] in 8.74s #####
##### Running: /usr/lib/jvm/jdk-14.0.1/bin/java -jar /lab/itti/projects/checkers-competition/server/referee.jar on run_22_vdhankar_minglyu #####
Move is valid
##### SUCCESS: /usr/lib/jvm/jdk-14.0.1/bin/java -jar /lab/itti/projects/checkers-competition/server/referee.jar on run_22_vdhankar_minglyu #####
INPUT for vdhankar:
GAME
WHITE
1.30489230155945
.b...b.b
b.b.....
........
..w.....
.w.w.b.b
..w.....
.w.....b
w.w.w...
##### Running: /usr/bin/time -o time_22_vdhankar_minglyu.txt -f "%U" python3 homework.py > stulog.txt 2>&1 on vdhankar #####
child exited with value 1
##### ERROR: /usr/bin/time -o time_22_vdhankar_minglyu.txt -f "%U" python3 homework.py > stulog.txt 2>&1 on vdhankar #####
##### Output of failed program (stdout + stderr): #####
Traceback (most recent call last):
  File "homework.py", line 546, in <module>
    print(end-start)
NameError: name 'end' is not defined
##### End of output of failed program #####
##### vdhankar plays [E d4 e5] in 0.696061849594116s #####
##### Running: /usr/lib/jvm/jdk-14.0.1/bin/java -jar /lab/itti/projects/checkers-competition/server/referee.jar on run_22_vdhankar_minglyu #####
Move is valid
##### SUCCESS: /usr/lib/jvm/jdk-14.0.1/bin/java -jar /lab/itti/projects/checkers-competition/server/referee.jar on run_22_vdhankar_minglyu #####
INPUT for minglyu:
GAME
BLACK
246.81
.b...b.b
b.b.....
........
..w.w...
.w...b.b
..w.....
.w.....b
w.w.w...
##### Running: /usr/bin/time -o time_22_vdhankar_minglyu.txt -f "%U" /usr/lib/jvm/jdk-14.0.1/bin/java homework > stulog.txt 2>&1 on minglyu #####
##### SUCCESS: /usr/bin/time -o time_22_vdhankar_minglyu.txt -f "%U" /usr/lib/jvm/jdk-14.0.1/bin/java homework > stulog.txt 2>&1 on minglyu #####
##### minglyu plays [E h2 g1] in 6.46s #####
##### Running: /usr/lib/jvm/jdk-14.0.1/bin/java -jar /lab/itti/projects/checkers-competition/server/referee.jar on run_22_vdhankar_minglyu #####
Move is valid
##### SUCCESS: /usr/lib/jvm/jdk-14.0.1/bin/java -jar /lab/itti/projects/checkers-competition/server/referee.jar on run_22_vdhankar_minglyu #####
INPUT for vdhankar:
GAME
WHITE
0.608830451965332
.b...b.b
b.b.....
........
..w.w...
.w...b.b
..w.....
.w......
w.w.w.B.
##### Running: /usr/bin/time -o time_22_vdhankar_minglyu.txt -f "%U" python3 homework.py > stulog.txt 2>&1 on vdhankar #####
child exited with value 1
##### ERROR: /usr/bin/time -o time_22_vdhankar_minglyu.txt -f "%U" python3 homework.py > stulog.txt 2>&1 on vdhankar #####
##### Output of failed program (stdout + stderr): #####
Traceback (most recent call last):
  File "homework.py", line 546, in <module>
    print(end-start)
NameError: name 'end' is not defined
##### End of output of failed program #####
##### vdhankar plays [E b2 a3] in 0.673383951187134s #####
##### Running: /usr/lib/jvm/jdk-14.0.1/bin/java -jar /lab/itti/projects/checkers-competition/server/referee.jar on run_22_vdhankar_minglyu #####
Move is valid
##### SUCCESS: /usr/lib/jvm/jdk-14.0.1/bin/java -jar /lab/itti/projects/checkers-competition/server/referee.jar on run_22_vdhankar_minglyu #####
INPUT for minglyu:
GAME
BLACK
240.35
.b...b.b
b.b.....
........
..w.w...
.w...b.b
w.w.....
........
w.w.w.B.
##### Running: /usr/bin/time -o time_22_vdhankar_minglyu.txt -f "%U" /usr/lib/jvm/jdk-14.0.1/bin/java homework > stulog.txt 2>&1 on minglyu #####
##### SUCCESS: /usr/bin/time -o time_22_vdhankar_minglyu.txt -f "%U" /usr/lib/jvm/jdk-14.0.1/bin/java homework > stulog.txt 2>&1 on minglyu #####
##### minglyu plays [E c7 b6] in 7.73s #####
##### Running: /usr/lib/jvm/jdk-14.0.1/bin/java -jar /lab/itti/projects/checkers-competition/server/referee.jar on run_22_vdhankar_minglyu #####
Move is valid
##### SUCCESS: /usr/lib/jvm/jdk-14.0.1/bin/java -jar /lab/itti/projects/checkers-competition/server/referee.jar on run_22_vdhankar_minglyu #####
INPUT for vdhankar:
GAME
WHITE
-0.0645534992218018
.b...b.b
b.......
.b......
..w.w...
.w...b.b
w.w.....
........
w.w.w.B.
Not running vdhankar because of negative remaining time -- passing illegal move instead
##### No output.txt found. Making a bogus one... #####
##### Running: /usr/lib/jvm/jdk-14.0.1/bin/java -jar /lab/itti/projects/checkers-competition/server/referee.jar on run_22_vdhankar_minglyu #####
Step in a move needs to have 3 sections, found 1 in 'illegal'.
child exited with value 255
##### ERROR: /usr/lib/jvm/jdk-14.0.1/bin/java -jar /lab/itti/projects/checkers-competition/server/referee.jar on run_22_vdhankar_minglyu #####
Game server reported error. Assuming bogus move.
##### GAME OVER: vdhankar loses because of illegal move [No Move] #####
Server said: FAIL
########## ROUND 22 GAMESCORE AFTER GAME 2: vdhankar=0 and minglyu=2 ##########
#################### ROUND 22: vdhankar (B) vs minglyu (W): game 3 ####################
##### game start! #####
INPUT for vdhankar:
GAME
BLACK
300
.b.b.b.b
b.b.b.b.
.b.b.b.b
........
........
w.w.w.w.
.w.w.w.w
w.w.w.w.
##### Running: /usr/bin/time -o time_22_vdhankar_minglyu.txt -f "%U" python3 homework.py > stulog.txt 2>&1 on vdhankar #####
child exited with value 1
##### ERROR: /usr/bin/time -o time_22_vdhankar_minglyu.txt -f "%U" python3 homework.py > stulog.txt 2>&1 on vdhankar #####
##### Output of failed program (stdout + stderr): #####
Traceback (most recent call last):
  File "homework.py", line 546, in <module>
    print(end-start)
NameError: name 'end' is not defined
##### End of output of failed program #####
##### vdhankar plays [E h6 g5] in 12.0353639125824s #####
##### Running: /usr/lib/jvm/jdk-14.0.1/bin/java -jar /lab/itti/projects/checkers-competition/server/referee.jar on run_22_vdhankar_minglyu #####
Move is valid
Couldn't read file 'current_ply.txt'
Couldn't read content from file 'current_ply.txt'
Couldn't read file 'lastmatchange_ply.txt'
Couldn't read content from file 'lastmatchange_ply.txt'
##### SUCCESS: /usr/lib/jvm/jdk-14.0.1/bin/java -jar /lab/itti/projects/checkers-competition/server/referee.jar on run_22_vdhankar_minglyu #####
INPUT for minglyu:
GAME
WHITE
300
.b.b.b.b
b.b.b.b.
.b.b.b..
......b.
........
w.w.w.w.
.w.w.w.w
w.w.w.w.
##### Running: /usr/bin/time -o time_22_vdhankar_minglyu.txt -f "%U" /usr/lib/jvm/jdk-14.0.1/bin/java homework > stulog.txt 2>&1 on minglyu #####
##### SUCCESS: /usr/bin/time -o time_22_vdhankar_minglyu.txt -f "%U" /usr/lib/jvm/jdk-14.0.1/bin/java homework > stulog.txt 2>&1 on minglyu #####
##### minglyu plays [E g3 h4] in 3.29s #####
##### Running: /usr/lib/jvm/jdk-14.0.1/bin/java -jar /lab/itti/projects/checkers-competition/server/referee.jar on run_22_vdhankar_minglyu #####
Move is valid
##### SUCCESS: /usr/lib/jvm/jdk-14.0.1/bin/java -jar /lab/itti/projects/checkers-competition/server/referee.jar on run_22_vdhankar_minglyu #####
INPUT for vdhankar:
GAME
BLACK
287.964636087418
.b.b.b.b
b.b.b.b.
.b.b.b..
......b.
.......w
w.w.w...
.w.w.w.w
w.w.w.w.
##### Running: /usr/bin/time -o time_22_vdhankar_minglyu.txt -f "%U" python3 homework.py > stulog.txt 2>&1 on vdhankar #####
child exited with value 1
##### ERROR: /usr/bin/time -o time_22_vdhankar_minglyu.txt -f "%U" python3 homework.py > stulog.txt 2>&1 on vdhankar #####
##### Output of failed program (stdout + stderr): #####
Traceback (most recent call last):
  File "homework.py", line 546, in <module>
    print(end-start)
NameError: name 'end' is not defined
##### End of output of failed program #####
##### vdhankar plays [E f6 e5] in 12.784276008606s #####
##### Running: /usr/lib/jvm/jdk-14.0.1/bin/java -jar /lab/itti/projects/checkers-competition/server/referee.jar on run_22_vdhankar_minglyu #####
Move is valid
##### SUCCESS: /usr/lib/jvm/jdk-14.0.1/bin/java -jar /lab/itti/projects/checkers-competition/server/referee.jar on run_22_vdhankar_minglyu #####
INPUT for minglyu:
GAME
WHITE
296.71
.b.b.b.b
b.b.b.b.
.b.b....
....b.b.
.......w
w.w.w...
.w.w.w.w
w.w.w.w.
##### Running: /usr/bin/time -o time_22_vdhankar_minglyu.txt -f "%U" /usr/lib/jvm/jdk-14.0.1/bin/java homework > stulog.txt 2>&1 on minglyu #####
##### SUCCESS: /usr/bin/time -o time_22_vdhankar_minglyu.txt -f "%U" /usr/lib/jvm/jdk-14.0.1/bin/java homework > stulog.txt 2>&1 on minglyu #####
##### minglyu plays [J h4 f6] in 0.19s #####
##### Running: /usr/lib/jvm/jdk-14.0.1/bin/java -jar /lab/itti/projects/checkers-competition/server/referee.jar on run_22_vdhankar_minglyu #####
Move is valid
##### SUCCESS: /usr/lib/jvm/jdk-14.0.1/bin/java -jar /lab/itti/projects/checkers-competition/server/referee.jar on run_22_vdhankar_minglyu #####
INPUT for vdhankar:
GAME
BLACK
275.180360078812
.b.b.b.b
b.b.b.b.
.b.b.w..
....b...
........
w.w.w...
.w.w.w.w
w.w.w.w.
##### Running: /usr/bin/time -o time_22_vdhankar_minglyu.txt -f "%U" python3 homework.py > stulog.txt 2>&1 on vdhankar #####
child exited with value 1
##### ERROR: /usr/bin/time -o time_22_vdhankar_minglyu.txt -f "%U" python3 homework.py > stulog.txt 2>&1 on vdhankar #####
##### Output of failed program (stdout + stderr): #####
Traceback (most recent call last):
  File "homework.py", line 546, in <module>
    print(end-start)
NameError: name 'end' is not defined
##### End of output of failed program #####
##### vdhankar plays [J e7 g5] in 8.86637210845947s #####
##### Running: /usr/lib/jvm/jdk-14.0.1/bin/java -jar /lab/itti/projects/checkers-competition/server/referee.jar on run_22_vdhankar_minglyu #####
Move is valid
##### SUCCESS: /usr/lib/jvm/jdk-14.0.1/bin/java -jar /lab/itti/projects/checkers-competition/server/referee.jar on run_22_vdhankar_minglyu #####
INPUT for minglyu:
GAME
WHITE
296.52
.b.b.b.b
b.b...b.
.b.b....
....b.b.
........
w.w.w...
.w.w.w.w
w.w.w.w.
##### Running: /usr/bin/time -o time_22_vdhankar_minglyu.txt -f "%U" /usr/lib/jvm/jdk-14.0.1/bin/java homework > stulog.txt 2>&1 on minglyu #####
##### SUCCESS: /usr/bin/time -o time_22_vdhankar_minglyu.txt -f "%U" /usr/lib/jvm/jdk-14.0.1/bin/java homework > stulog.txt 2>&1 on minglyu #####
##### minglyu plays [E e3 f4] in 5s #####
##### Running: /usr/lib/jvm/jdk-14.0.1/bin/java -jar /lab/itti/projects/checkers-competition/server/referee.jar on run_22_vdhankar_minglyu #####
Move is valid
##### SUCCESS: /usr/lib/jvm/jdk-14.0.1/bin/java -jar /lab/itti/projects/checkers-competition/server/referee.jar on run_22_vdhankar_minglyu #####
INPUT for vdhankar:
GAME
BLACK
266.313987970352
.b.b.b.b
b.b...b.
.b.b....
....b.b.
.....w..
w.w.....
.w.w.w.w
w.w.w.w.
##### Running: /usr/bin/time -o time_22_vdhankar_minglyu.txt -f "%U" python3 homework.py > stulog.txt 2>&1 on vdhankar #####
child exited with value 1
##### ERROR: /usr/bin/time -o time_22_vdhankar_minglyu.txt -f "%U" python3 homework.py > stulog.txt 2>&1 on vdhankar #####
##### Output of failed program (stdout + stderr): #####
Traceback (most recent call last):
  File "homework.py", line 546, in <module>
    print(end-start)
NameError: name 'end' is not defined
##### End of output of failed program #####
##### vdhankar plays [J g5 e3] in 4.50009894371033s #####
##### Running: /usr/lib/jvm/jdk-14.0.1/bin/java -jar /lab/itti/projects/checkers-competition/server/referee.jar on run_22_vdhankar_minglyu #####
Move is valid
##### SUCCESS: /usr/lib/jvm/jdk-14.0.1/bin/java -jar /lab/itti/projects/checkers-competition/server/referee.jar on run_22_vdhankar_minglyu #####
INPUT for minglyu:
GAME
WHITE
291.52
.b.b.b.b
b.b...b.
.b.b....
....b...
........
w.w.b...
.w.w.w.w
w.w.w.w.
##### Running: /usr/bin/time -o time_22_vdhankar_minglyu.txt -f "%U" /usr/lib/jvm/jdk-14.0.1/bin/java homework > stulog.txt 2>&1 on minglyu #####
##### SUCCESS: /usr/bin/time -o time_22_vdhankar_minglyu.txt -f "%U" /usr/lib/jvm/jdk-14.0.1/bin/java homework > stulog.txt 2>&1 on minglyu #####
##### minglyu plays [J f2 d4 ; J d4 f6] in 1.92s #####
##### Running: /usr/lib/jvm/jdk-14.0.1/bin/java -jar /lab/itti/projects/checkers-competition/server/referee.jar on run_22_vdhankar_minglyu #####
Move is valid
##### SUCCESS: /usr/lib/jvm/jdk-14.0.1/bin/java -jar /lab/itti/projects/checkers-competition/server/referee.jar on run_22_vdhankar_minglyu #####
INPUT for vdhankar:
GAME
BLACK
261.813889026642
.b.b.b.b
b.b...b.
.b.b.w..
........
........
w.w.....
.w.w...w
w.w.w.w.
##### Running: /usr/bin/time -o time_22_vdhankar_minglyu.txt -f "%U" python3 homework.py > stulog.txt 2>&1 on vdhankar #####
child exited with value 1
##### ERROR: /usr/bin/time -o time_22_vdhankar_minglyu.txt -f "%U" python3 homework.py > stulog.txt 2>&1 on vdhankar #####
##### Output of failed program (stdout + stderr): #####
Traceback (most recent call last):
  File "homework.py", line 546, in <module>
    print(end-start)
NameError: name 'end' is not defined
##### End of output of failed program #####
##### vdhankar plays [J g7 e5] in 11.9330439567566s #####
##### Running: /usr/lib/jvm/jdk-14.0.1/bin/java -jar /lab/itti/projects/checkers-competition/server/referee.jar on run_22_vdhankar_minglyu #####
Move is valid
##### SUCCESS: /usr/lib/jvm/jdk-14.0.1/bin/java -jar /lab/itti/projects/checkers-competition/server/referee.jar on run_22_vdhankar_minglyu #####
INPUT for minglyu:
GAME
WHITE
289.6
.b.b.b.b
b.b.....
.b.b....
....b...
........
w.w.....
.w.w...w
w.w.w.w.
##### Running: /usr/bin/time -o time_22_vdhankar_minglyu.txt -f "%U" /usr/lib/jvm/jdk-14.0.1/bin/java homework > stulog.txt 2>&1 on minglyu #####
##### SUCCESS: /usr/bin/time -o time_22_vdhankar_minglyu.txt -f "%U" /usr/lib/jvm/jdk-14.0.1/bin/java homework > stulog.txt 2>&1 on minglyu #####
##### minglyu plays [E g1 f2] in 6.89s #####
##### Running: /usr/lib/jvm/jdk-14.0.1/bin/java -jar /lab/itti/projects/checkers-competition/server/referee.jar on run_22_vdhankar_minglyu #####
Move is valid
##### SUCCESS: /usr/lib/jvm/jdk-14.0.1/bin/java -jar /lab/itti/projects/checkers-competition/server/referee.jar on run_22_vdhankar_minglyu #####
INPUT for vdhankar:
GAME
BLACK
249.880845069885
.b.b.b.b
b.b.....
.b.b....
....b...
........
w.w.....
.w.w.w.w
w.w.w...
##### Running: /usr/bin/time -o time_22_vdhankar_minglyu.txt -f "%U" python3 homework.py > stulog.txt 2>&1 on vdhankar #####
child exited with value 1
##### ERROR: /usr/bin/time -o time_22_vdhankar_minglyu.txt -f "%U" python3 homework.py > stulog.txt 2>&1 on vdhankar #####
##### Output of failed program (stdout + stderr): #####
Traceback (most recent call last):
  File "homework.py", line 546, in <module>
    print(end-start)
NameError: name 'end' is not defined
##### End of output of failed program #####
##### vdhankar plays [E d6 c5] in 33.6660630702972s #####
##### Running: /usr/lib/jvm/jdk-14.0.1/bin/java -jar /lab/itti/projects/checkers-competition/server/referee.jar on run_22_vdhankar_minglyu #####
Move is valid
##### SUCCESS: /usr/lib/jvm/jdk-14.0.1/bin/java -jar /lab/itti/projects/checkers-competition/server/referee.jar on run_22_vdhankar_minglyu #####
INPUT for minglyu:
GAME
WHITE
282.71
.b.b.b.b
b.b.....
.b......
..b.b...
........
w.w.....
.w.w.w.w
w.w.w...
##### Running: /usr/bin/time -o time_22_vdhankar_minglyu.txt -f "%U" /usr/lib/jvm/jdk-14.0.1/bin/java homework > stulog.txt 2>&1 on minglyu #####
##### SUCCESS: /usr/bin/time -o time_22_vdhankar_minglyu.txt -f "%U" /usr/lib/jvm/jdk-14.0.1/bin/java homework > stulog.txt 2>&1 on minglyu #####
##### minglyu plays [E f2 g3] in 5.44s #####
##### Running: /usr/lib/jvm/jdk-14.0.1/bin/java -jar /lab/itti/projects/checkers-competition/server/referee.jar on run_22_vdhankar_minglyu #####
Move is valid
##### SUCCESS: /usr/lib/jvm/jdk-14.0.1/bin/java -jar /lab/itti/projects/checkers-competition/server/referee.jar on run_22_vdhankar_minglyu #####
INPUT for vdhankar:
GAME
BLACK
216.214781999588
.b.b.b.b
b.b.....
.b......
..b.b...
........
w.w...w.
.w.w...w
w.w.w...
##### Running: /usr/bin/time -o time_22_vdhankar_minglyu.txt -f "%U" python3 homework.py > stulog.txt 2>&1 on vdhankar #####
child exited with value 1
##### ERROR: /usr/bin/time -o time_22_vdhankar_minglyu.txt -f "%U" python3 homework.py > stulog.txt 2>&1 on vdhankar #####
##### Output of failed program (stdout + stderr): #####
Traceback (most recent call last):
  File "homework.py", line 546, in <module>
    print(end-start)
NameError: name 'end' is not defined
##### End of output of failed program #####
##### vdhankar plays [E c7 d6] in 9.41160798072815s #####
##### Running: /usr/lib/jvm/jdk-14.0.1/bin/java -jar /lab/itti/projects/checkers-competition/server/referee.jar on run_22_vdhankar_minglyu #####
Move is valid
##### SUCCESS: /usr/lib/jvm/jdk-14.0.1/bin/java -jar /lab/itti/projects/checkers-competition/server/referee.jar on run_22_vdhankar_minglyu #####
INPUT for minglyu:
GAME
WHITE
277.27
.b.b.b.b
b.......
.b.b....
..b.b...
........
w.w...w.
.w.w...w
w.w.w...
##### Running: /usr/bin/time -o time_22_vdhankar_minglyu.txt -f "%U" /usr/lib/jvm/jdk-14.0.1/bin/java homework > stulog.txt 2>&1 on minglyu #####
##### SUCCESS: /usr/bin/time -o time_22_vdhankar_minglyu.txt -f "%U" /usr/lib/jvm/jdk-14.0.1/bin/java homework > stulog.txt 2>&1 on minglyu #####
##### minglyu plays [E g3 f4] in 4.28s #####
##### Running: /usr/lib/jvm/jdk-14.0.1/bin/java -jar /lab/itti/projects/checkers-competition/server/referee.jar on run_22_vdhankar_minglyu #####
Move is valid
##### SUCCESS: /usr/lib/jvm/jdk-14.0.1/bin/java -jar /lab/itti/projects/checkers-competition/server/referee.jar on run_22_vdhankar_minglyu #####
INPUT for vdhankar:
GAME
BLACK
206.80317401886
.b.b.b.b
b.......
.b.b....
..b.b...
.....w..
w.w.....
.w.w...w
w.w.w...
##### Running: /usr/bin/time -o time_22_vdhankar_minglyu.txt -f "%U" python3 homework.py > stulog.txt 2>&1 on vdhankar #####
child exited with value 1
##### ERROR: /usr/bin/time -o time_22_vdhankar_minglyu.txt -f "%U" python3 homework.py > stulog.txt 2>&1 on vdhankar #####
##### Output of failed program (stdout + stderr): #####
Traceback (most recent call last):
  File "homework.py", line 546, in <module>
    print(end-start)
NameError: name 'end' is not defined
##### End of output of failed program #####
##### vdhankar plays [J e5 g3] in 2.29756593704224s #####
##### Running: /usr/lib/jvm/jdk-14.0.1/bin/java -jar /lab/itti/projects/checkers-competition/server/referee.jar on run_22_vdhankar_minglyu #####
Move is valid
##### SUCCESS: /usr/lib/jvm/jdk-14.0.1/bin/java -jar /lab/itti/projects/checkers-competition/server/referee.jar on run_22_vdhankar_minglyu #####
INPUT for minglyu:
GAME
WHITE
272.99
.b.b.b.b
b.......
.b.b....
..b.....
........
w.w...b.
.w.w...w
w.w.w...
##### Running: /usr/bin/time -o time_22_vdhankar_minglyu.txt -f "%U" /usr/lib/jvm/jdk-14.0.1/bin/java homework > stulog.txt 2>&1 on minglyu #####
##### SUCCESS: /usr/bin/time -o time_22_vdhankar_minglyu.txt -f "%U" /usr/lib/jvm/jdk-14.0.1/bin/java homework > stulog.txt 2>&1 on minglyu #####
##### minglyu plays [J h2 f4] in 0.2s #####
##### Running: /usr/lib/jvm/jdk-14.0.1/bin/java -jar /lab/itti/projects/checkers-competition/server/referee.jar on run_22_vdhankar_minglyu #####
Move is valid
##### SUCCESS: /usr/lib/jvm/jdk-14.0.1/bin/java -jar /lab/itti/projects/checkers-competition/server/referee.jar on run_22_vdhankar_minglyu #####
INPUT for vdhankar:
GAME
BLACK
204.505608081818
.b.b.b.b
b.......
.b.b....
..b.....
.....w..
w.w.....
.w.w....
w.w.w...
##### Running: /usr/bin/time -o time_22_vdhankar_minglyu.txt -f "%U" python3 homework.py > stulog.txt 2>&1 on vdhankar #####
child exited with value 1
##### ERROR: /usr/bin/time -o time_22_vdhankar_minglyu.txt -f "%U" python3 homework.py > stulog.txt 2>&1 on vdhankar #####
##### Output of failed program (stdout + stderr): #####
Traceback (most recent call last):
  File "homework.py", line 546, in <module>
    print(end-start)
NameError: name 'end' is not defined
##### End of output of failed program #####
##### vdhankar plays [E b6 a5] in 19.6094899177551s #####
##### Running: /usr/lib/jvm/jdk-14.0.1/bin/java -jar /lab/itti/projects/checkers-competition/server/referee.jar on run_22_vdhankar_minglyu #####
Move is valid
##### SUCCESS: /usr/lib/jvm/jdk-14.0.1/bin/java -jar /lab/itti/projects/checkers-competition/server/referee.jar on run_22_vdhankar_minglyu #####
INPUT for minglyu:
GAME
WHITE
272.79
.b.b.b.b
b.......
...b....
b.b.....
.....w..
w.w.....
.w.w....
w.w.w...
##### Running: /usr/bin/time -o time_22_vdhankar_minglyu.txt -f "%U" /usr/lib/jvm/jdk-14.0.1/bin/java homework > stulog.txt 2>&1 on minglyu #####
##### SUCCESS: /usr/bin/time -o time_22_vdhankar_minglyu.txt -f "%U" /usr/lib/jvm/jdk-14.0.1/bin/java homework > stulog.txt 2>&1 on minglyu #####
##### minglyu plays [E d2 e3] in 3.81s #####
##### Running: /usr/lib/jvm/jdk-14.0.1/bin/java -jar /lab/itti/projects/checkers-competition/server/referee.jar on run_22_vdhankar_minglyu #####
Move is valid
##### SUCCESS: /usr/lib/jvm/jdk-14.0.1/bin/java -jar /lab/itti/projects/checkers-competition/server/referee.jar on run_22_vdhankar_minglyu #####
INPUT for vdhankar:
GAME
BLACK
184.896118164062
.b.b.b.b
b.......
...b....
b.b.....
.....w..
w.w.w...
.w......
w.w.w...
##### Running: /usr/bin/time -o time_22_vdhankar_minglyu.txt -f "%U" python3 homework.py > stulog.txt 2>&1 on vdhankar #####
child exited with value 1
##### ERROR: /usr/bin/time -o time_22_vdhankar_minglyu.txt -f "%U" python3 homework.py > stulog.txt 2>&1 on vdhankar #####
##### Output of failed program (stdout + stderr): #####
Traceback (most recent call last):
  File "homework.py", line 546, in <module>
    print(end-start)
NameError: name 'end' is not defined
##### End of output of failed program #####
##### vdhankar plays [E h8 g7] in 11.5845551490784s #####
##### Running: /usr/lib/jvm/jdk-14.0.1/bin/java -jar /lab/itti/projects/checkers-competition/server/referee.jar on run_22_vdhankar_minglyu #####
Move is valid
##### SUCCESS: /usr/lib/jvm/jdk-14.0.1/bin/java -jar /lab/itti/projects/checkers-competition/server/referee.jar on run_22_vdhankar_minglyu #####
INPUT for minglyu:
GAME
WHITE
268.98
.b.b.b..
b.....b.
...b....
b.b.....
.....w..
w.w.w...
.w......
w.w.w...
##### Running: /usr/bin/time -o time_22_vdhankar_minglyu.txt -f "%U" /usr/lib/jvm/jdk-14.0.1/bin/java homework > stulog.txt 2>&1 on minglyu #####
##### SUCCESS: /usr/bin/time -o time_22_vdhankar_minglyu.txt -f "%U" /usr/lib/jvm/jdk-14.0.1/bin/java homework > stulog.txt 2>&1 on minglyu #####
##### minglyu plays [E e1 f2] in 5.15s #####
##### Running: /usr/lib/jvm/jdk-14.0.1/bin/java -jar /lab/itti/projects/checkers-competition/server/referee.jar on run_22_vdhankar_minglyu #####
Move is valid
##### SUCCESS: /usr/lib/jvm/jdk-14.0.1/bin/java -jar /lab/itti/projects/checkers-competition/server/referee.jar on run_22_vdhankar_minglyu #####
INPUT for vdhankar:
GAME
BLACK
173.311563014984
.b.b.b..
b.....b.
...b....
b.b.....
.....w..
w.w.w...
.w...w..
w.w.....
##### Running: /usr/bin/time -o time_22_vdhankar_minglyu.txt -f "%U" python3 homework.py > stulog.txt 2>&1 on vdhankar #####
child exited with value 1
##### ERROR: /usr/bin/time -o time_22_vdhankar_minglyu.txt -f "%U" python3 homework.py > stulog.txt 2>&1 on vdhankar #####
##### Output of failed program (stdout + stderr): #####
Traceback (most recent call last):
  File "homework.py", line 546, in <module>
    print(end-start)
NameError: name 'end' is not defined
##### End of output of failed program #####
##### vdhankar plays [E f8 e7] in 10.1822371482849s #####
##### Running: /usr/lib/jvm/jdk-14.0.1/bin/java -jar /lab/itti/projects/checkers-competition/server/referee.jar on run_22_vdhankar_minglyu #####
Move is valid
##### SUCCESS: /usr/lib/jvm/jdk-14.0.1/bin/java -jar /lab/itti/projects/checkers-competition/server/referee.jar on run_22_vdhankar_minglyu #####
INPUT for minglyu:
GAME
WHITE
263.83
.b.b....
b...b.b.
...b....
b.b.....
.....w..
w.w.w...
.w...w..
w.w.....
##### Running: /usr/bin/time -o time_22_vdhankar_minglyu.txt -f "%U" /usr/lib/jvm/jdk-14.0.1/bin/java homework > stulog.txt 2>&1 on minglyu #####
##### SUCCESS: /usr/bin/time -o time_22_vdhankar_minglyu.txt -f "%U" /usr/lib/jvm/jdk-14.0.1/bin/java homework > stulog.txt 2>&1 on minglyu #####
##### minglyu plays [E c3 b4] in 4.24s #####
##### Running: /usr/lib/jvm/jdk-14.0.1/bin/java -jar /lab/itti/projects/checkers-competition/server/referee.jar on run_22_vdhankar_minglyu #####
Move is valid
##### SUCCESS: /usr/lib/jvm/jdk-14.0.1/bin/java -jar /lab/itti/projects/checkers-competition/server/referee.jar on run_22_vdhankar_minglyu #####
INPUT for vdhankar:
GAME
BLACK
163.129325866699
.b.b....
b...b.b.
...b....
b.b.....
.w...w..
w...w...
.w...w..
w.w.....
##### Running: /usr/bin/time -o time_22_vdhankar_minglyu.txt -f "%U" python3 homework.py > stulog.txt 2>&1 on vdhankar #####
child exited with value 1
##### ERROR: /usr/bin/time -o time_22_vdhankar_minglyu.txt -f "%U" python3 homework.py > stulog.txt 2>&1 on vdhankar #####
##### Output of failed program (stdout + stderr): #####
Traceback (most recent call last):
  File "homework.py", line 546, in <module>
    print(end-start)
NameError: name 'end' is not defined
##### End of output of failed program #####
##### vdhankar plays [J a5 c3] in 1.1694188117981s #####
##### Running: /usr/lib/jvm/jdk-14.0.1/bin/java -jar /lab/itti/projects/checkers-competition/server/referee.jar on run_22_vdhankar_minglyu #####
Move is valid
##### SUCCESS: /usr/lib/jvm/jdk-14.0.1/bin/java -jar /lab/itti/projects/checkers-competition/server/referee.jar on run_22_vdhankar_minglyu #####
INPUT for minglyu:
GAME
WHITE
259.59
.b.b....
b...b.b.
...b....
..b.....
.....w..
w.b.w...
.w...w..
w.w.....
##### Running: /usr/bin/time -o time_22_vdhankar_minglyu.txt -f "%U" /usr/lib/jvm/jdk-14.0.1/bin/java homework > stulog.txt 2>&1 on minglyu #####
##### SUCCESS: /usr/bin/time -o time_22_vdhankar_minglyu.txt -f "%U" /usr/lib/jvm/jdk-14.0.1/bin/java homework > stulog.txt 2>&1 on minglyu #####
##### minglyu plays [J b2 d4 ; J d4 b6] in 0.2s #####
##### Running: /usr/lib/jvm/jdk-14.0.1/bin/java -jar /lab/itti/projects/checkers-competition/server/referee.jar on run_22_vdhankar_minglyu #####
Move is valid
##### SUCCESS: /usr/lib/jvm/jdk-14.0.1/bin/java -jar /lab/itti/projects/checkers-competition/server/referee.jar on run_22_vdhankar_minglyu #####
INPUT for vdhankar:
GAME
BLACK
161.959907054901
.b.b....
b...b.b.
.w.b....
........
.....w..
w...w...
.....w..
w.w.....
##### Running: /usr/bin/time -o time_22_vdhankar_minglyu.txt -f "%U" python3 homework.py > stulog.txt 2>&1 on vdhankar #####
child exited with value 1
##### ERROR: /usr/bin/time -o time_22_vdhankar_minglyu.txt -f "%U" python3 homework.py > stulog.txt 2>&1 on vdhankar #####
##### Output of failed program (stdout + stderr): #####
Traceback (most recent call last):
  File "homework.py", line 546, in <module>
    print(end-start)
NameError: name 'end' is not defined
##### End of output of failed program #####
##### vdhankar plays [J a7 c5] in 5.22506499290466s #####
##### Running: /usr/lib/jvm/jdk-14.0.1/bin/java -jar /lab/itti/projects/checkers-competition/server/referee.jar on run_22_vdhankar_minglyu #####
Move is valid
##### SUCCESS: /usr/lib/jvm/jdk-14.0.1/bin/java -jar /lab/itti/projects/checkers-competition/server/referee.jar on run_22_vdhankar_minglyu #####
INPUT for minglyu:
GAME
WHITE
259.39
.b.b....
....b.b.
...b....
..b.....
.....w..
w...w...
.....w..
w.w.....
##### Running: /usr/bin/time -o time_22_vdhankar_minglyu.txt -f "%U" /usr/lib/jvm/jdk-14.0.1/bin/java homework > stulog.txt 2>&1 on minglyu #####
##### SUCCESS: /usr/bin/time -o time_22_vdhankar_minglyu.txt -f "%U" /usr/lib/jvm/jdk-14.0.1/bin/java homework > stulog.txt 2>&1 on minglyu #####
##### minglyu plays [E f2 g3] in 4.46s #####
##### Running: /usr/lib/jvm/jdk-14.0.1/bin/java -jar /lab/itti/projects/checkers-competition/server/referee.jar on run_22_vdhankar_minglyu #####
Move is valid
##### SUCCESS: /usr/lib/jvm/jdk-14.0.1/bin/java -jar /lab/itti/projects/checkers-competition/server/referee.jar on run_22_vdhankar_minglyu #####
INPUT for vdhankar:
GAME
BLACK
156.734842061996
.b.b....
....b.b.
...b....
..b.....
.....w..
w...w.w.
........
w.w.....
##### Running: /usr/bin/time -o time_22_vdhankar_minglyu.txt -f "%U" python3 homework.py > stulog.txt 2>&1 on vdhankar #####
child exited with value 1
##### ERROR: /usr/bin/time -o time_22_vdhankar_minglyu.txt -f "%U" python3 homework.py > stulog.txt 2>&1 on vdhankar #####
##### Output of failed program (stdout + stderr): #####
Traceback (most recent call last):
  File "homework.py", line 546, in <module>
    print(end-start)
NameError: name 'end' is not defined
##### End of output of failed program #####
##### vdhankar plays [E g7 f6] in 14.3720631599426s #####
##### Running: /usr/lib/jvm/jdk-14.0.1/bin/java -jar /lab/itti/projects/checkers-competition/server/referee.jar on run_22_vdhankar_minglyu #####
Move is valid
##### SUCCESS: /usr/lib/jvm/jdk-14.0.1/bin/java -jar /lab/itti/projects/checkers-competition/server/referee.jar on run_22_vdhankar_minglyu #####
INPUT for minglyu:
GAME
WHITE
254.93
.b.b....
....b...
...b.b..
..b.....
.....w..
w...w.w.
........
w.w.....
##### Running: /usr/bin/time -o time_22_vdhankar_minglyu.txt -f "%U" /usr/lib/jvm/jdk-14.0.1/bin/java homework > stulog.txt 2>&1 on minglyu #####
##### SUCCESS: /usr/bin/time -o time_22_vdhankar_minglyu.txt -f "%U" /usr/lib/jvm/jdk-14.0.1/bin/java homework > stulog.txt 2>&1 on minglyu #####
##### minglyu plays [E g3 h4] in 3.24s #####
##### Running: /usr/lib/jvm/jdk-14.0.1/bin/java -jar /lab/itti/projects/checkers-competition/server/referee.jar on run_22_vdhankar_minglyu #####
Move is valid
##### SUCCESS: /usr/lib/jvm/jdk-14.0.1/bin/java -jar /lab/itti/projects/checkers-competition/server/referee.jar on run_22_vdhankar_minglyu #####
INPUT for vdhankar:
GAME
BLACK
142.362778902054
.b.b....
....b...
...b.b..
..b.....
.....w.w
w...w...
........
w.w.....
##### Running: /usr/bin/time -o time_22_vdhankar_minglyu.txt -f "%U" python3 homework.py > stulog.txt 2>&1 on vdhankar #####
child exited with value 1
##### ERROR: /usr/bin/time -o time_22_vdhankar_minglyu.txt -f "%U" python3 homework.py > stulog.txt 2>&1 on vdhankar #####
##### Output of failed program (stdout + stderr): #####
Traceback (most recent call last):
  File "homework.py", line 546, in <module>
    print(end-start)
NameError: name 'end' is not defined
##### End of output of failed program #####
##### vdhankar plays [E f6 e5] in 4.15550088882446s #####
##### Running: /usr/lib/jvm/jdk-14.0.1/bin/java -jar /lab/itti/projects/checkers-competition/server/referee.jar on run_22_vdhankar_minglyu #####
Move is valid
##### SUCCESS: /usr/lib/jvm/jdk-14.0.1/bin/java -jar /lab/itti/projects/checkers-competition/server/referee.jar on run_22_vdhankar_minglyu #####
INPUT for minglyu:
GAME
WHITE
251.69
.b.b....
....b...
...b....
..b.b...
.....w.w
w...w...
........
w.w.....
##### Running: /usr/bin/time -o time_22_vdhankar_minglyu.txt -f "%U" /usr/lib/jvm/jdk-14.0.1/bin/java homework > stulog.txt 2>&1 on minglyu #####
##### SUCCESS: /usr/bin/time -o time_22_vdhankar_minglyu.txt -f "%U" /usr/lib/jvm/jdk-14.0.1/bin/java homework > stulog.txt 2>&1 on minglyu #####
##### minglyu plays [E f4 g5] in 2.3s #####
##### Running: /usr/lib/jvm/jdk-14.0.1/bin/java -jar /lab/itti/projects/checkers-competition/server/referee.jar on run_22_vdhankar_minglyu #####
Move is valid
##### SUCCESS: /usr/lib/jvm/jdk-14.0.1/bin/java -jar /lab/itti/projects/checkers-competition/server/referee.jar on run_22_vdhankar_minglyu #####
INPUT for vdhankar:
GAME
BLACK
138.207278013229
.b.b....
....b...
...b....
..b.b.w.
.......w
w...w...
........
w.w.....
##### Running: /usr/bin/time -o time_22_vdhankar_minglyu.txt -f "%U" python3 homework.py > stulog.txt 2>&1 on vdhankar #####
child exited with value 1
##### ERROR: /usr/bin/time -o time_22_vdhankar_minglyu.txt -f "%U" python3 homework.py > stulog.txt 2>&1 on vdhankar #####
##### Output of failed program (stdout + stderr): #####
Traceback (most recent call last):
  File "homework.py", line 546, in <module>
    print(end-start)
NameError: name 'end' is not defined
##### End of output of failed program #####
##### vdhankar plays [E e7 f6] in 3.31207203865051s #####
##### Running: /usr/lib/jvm/jdk-14.0.1/bin/java -jar /lab/itti/projects/checkers-competition/server/referee.jar on run_22_vdhankar_minglyu #####
Move is valid
##### SUCCESS: /usr/lib/jvm/jdk-14.0.1/bin/java -jar /lab/itti/projects/checkers-competition/server/referee.jar on run_22_vdhankar_minglyu #####
INPUT for minglyu:
GAME
WHITE
249.39
.b.b....
........
...b.b..
..b.b.w.
.......w
w...w...
........
w.w.....
##### Running: /usr/bin/time -o time_22_vdhankar_minglyu.txt -f "%U" /usr/lib/jvm/jdk-14.0.1/bin/java homework > stulog.txt 2>&1 on minglyu #####
##### SUCCESS: /usr/bin/time -o time_22_vdhankar_minglyu.txt -f "%U" /usr/lib/jvm/jdk-14.0.1/bin/java homework > stulog.txt 2>&1 on minglyu #####
##### minglyu plays [J g5 e7] in 0.21s #####
##### Running: /usr/lib/jvm/jdk-14.0.1/bin/java -jar /lab/itti/projects/checkers-competition/server/referee.jar on run_22_vdhankar_minglyu #####
Move is valid
##### SUCCESS: /usr/lib/jvm/jdk-14.0.1/bin/java -jar /lab/itti/projects/checkers-competition/server/referee.jar on run_22_vdhankar_minglyu #####
INPUT for vdhankar:
GAME
BLACK
134.895205974579
.b.b....
....w...
...b....
..b.b...
.......w
w...w...
........
w.w.....
##### Running: /usr/bin/time -o time_22_vdhankar_minglyu.txt -f "%U" python3 homework.py > stulog.txt 2>&1 on vdhankar #####
child exited with value 1
##### ERROR: /usr/bin/time -o time_22_vdhankar_minglyu.txt -f "%U" python3 homework.py > stulog.txt 2>&1 on vdhankar #####
##### Output of failed program (stdout + stderr): #####
Traceback (most recent call last):
  File "homework.py", line 546, in <module>
    print(end-start)
NameError: name 'end' is not defined
##### End of output of failed program #####
##### vdhankar plays [J d8 f6] in 1.29916596412659s #####
##### Running: /usr/lib/jvm/jdk-14.0.1/bin/java -jar /lab/itti/projects/checkers-competition/server/referee.jar on run_22_vdhankar_minglyu #####
Move is valid
##### SUCCESS: /usr/lib/jvm/jdk-14.0.1/bin/java -jar /lab/itti/projects/checkers-competition/server/referee.jar on run_22_vdhankar_minglyu #####
INPUT for minglyu:
GAME
WHITE
249.18
.b......
........
...b.b..
..b.b...
.......w
w...w...
........
w.w.....
##### Running: /usr/bin/time -o time_22_vdhankar_minglyu.txt -f "%U" /usr/lib/jvm/jdk-14.0.1/bin/java homework > stulog.txt 2>&1 on minglyu #####
##### SUCCESS: /usr/bin/time -o time_22_vdhankar_minglyu.txt -f "%U" /usr/lib/jvm/jdk-14.0.1/bin/java homework > stulog.txt 2>&1 on minglyu #####
##### minglyu plays [E c1 d2] in 2s #####
##### Running: /usr/lib/jvm/jdk-14.0.1/bin/java -jar /lab/itti/projects/checkers-competition/server/referee.jar on run_22_vdhankar_minglyu #####
Move is valid
##### SUCCESS: /usr/lib/jvm/jdk-14.0.1/bin/java -jar /lab/itti/projects/checkers-competition/server/referee.jar on run_22_vdhankar_minglyu #####
INPUT for vdhankar:
GAME
BLACK
133.596040010452
.b......
........
...b.b..
..b.b...
.......w
w...w...
...w....
w.......
##### Running: /usr/bin/time -o time_22_vdhankar_minglyu.txt -f "%U" python3 homework.py > stulog.txt 2>&1 on vdhankar #####
child exited with value 1
##### ERROR: /usr/bin/time -o time_22_vdhankar_minglyu.txt -f "%U" python3 homework.py > stulog.txt 2>&1 on vdhankar #####
##### Output of failed program (stdout + stderr): #####
Traceback (most recent call last):
  File "homework.py", line 546, in <module>
    print(end-start)
NameError: name 'end' is not defined
##### End of output of failed program #####
##### vdhankar plays [E b8 c7] in 1.63626503944397s #####
##### Running: /usr/lib/jvm/jdk-14.0.1/bin/java -jar /lab/itti/projects/checkers-competition/server/referee.jar on run_22_vdhankar_minglyu #####
Move is valid
##### SUCCESS: /usr/lib/jvm/jdk-14.0.1/bin/java -jar /lab/itti/projects/checkers-competition/server/referee.jar on run_22_vdhankar_minglyu #####
INPUT for minglyu:
GAME
WHITE
247.18
........
..b.....
...b.b..
..b.b...
.......w
w...w...
...w....
w.......
##### Running: /usr/bin/time -o time_22_vdhankar_minglyu.txt -f "%U" /usr/lib/jvm/jdk-14.0.1/bin/java homework > stulog.txt 2>&1 on minglyu #####
##### SUCCESS: /usr/bin/time -o time_22_vdhankar_minglyu.txt -f "%U" /usr/lib/jvm/jdk-14.0.1/bin/java homework > stulog.txt 2>&1 on minglyu #####
##### minglyu plays [E d2 c3] in 1.28s #####
##### Running: /usr/lib/jvm/jdk-14.0.1/bin/java -jar /lab/itti/projects/checkers-competition/server/referee.jar on run_22_vdhankar_minglyu #####
Move is valid
##### SUCCESS: /usr/lib/jvm/jdk-14.0.1/bin/java -jar /lab/itti/projects/checkers-competition/server/referee.jar on run_22_vdhankar_minglyu #####
INPUT for vdhankar:
GAME
BLACK
131.959774971008
........
..b.....
...b.b..
..b.b...
.......w
w.w.w...
........
w.......
##### Running: /usr/bin/time -o time_22_vdhankar_minglyu.txt -f "%U" python3 homework.py > stulog.txt 2>&1 on vdhankar #####
child exited with value 1
##### ERROR: /usr/bin/time -o time_22_vdhankar_minglyu.txt -f "%U" python3 homework.py > stulog.txt 2>&1 on vdhankar #####
##### Output of failed program (stdout + stderr): #####
Traceback (most recent call last):
  File "homework.py", line 546, in <module>
    print(end-start)
NameError: name 'end' is not defined
##### End of output of failed program #####
##### vdhankar plays [E c7 b6] in 0.890406847000122s #####
##### Running: /usr/lib/jvm/jdk-14.0.1/bin/java -jar /lab/itti/projects/checkers-competition/server/referee.jar on run_22_vdhankar_minglyu #####
Move is valid
##### SUCCESS: /usr/lib/jvm/jdk-14.0.1/bin/java -jar /lab/itti/projects/checkers-competition/server/referee.jar on run_22_vdhankar_minglyu #####
INPUT for minglyu:
GAME
WHITE
245.9
........
........
.b.b.b..
..b.b...
.......w
w.w.w...
........
w.......
##### Running: /usr/bin/time -o time_22_vdhankar_minglyu.txt -f "%U" /usr/lib/jvm/jdk-14.0.1/bin/java homework > stulog.txt 2>&1 on minglyu #####
##### SUCCESS: /usr/bin/time -o time_22_vdhankar_minglyu.txt -f "%U" /usr/lib/jvm/jdk-14.0.1/bin/java homework > stulog.txt 2>&1 on minglyu #####
##### minglyu plays [E e3 d4] in 1.38s #####
##### Running: /usr/lib/jvm/jdk-14.0.1/bin/java -jar /lab/itti/projects/checkers-competition/server/referee.jar on run_22_vdhankar_minglyu #####
Move is valid
##### SUCCESS: /usr/lib/jvm/jdk-14.0.1/bin/java -jar /lab/itti/projects/checkers-competition/server/referee.jar on run_22_vdhankar_minglyu #####
INPUT for vdhankar:
GAME
BLACK
131.069368124008
........
........
.b.b.b..
..b.b...
...w...w
w.w.....
........
w.......
##### Running: /usr/bin/time -o time_22_vdhankar_minglyu.txt -f "%U" python3 homework.py > stulog.txt 2>&1 on vdhankar #####
child exited with value 1
##### ERROR: /usr/bin/time -o time_22_vdhankar_minglyu.txt -f "%U" python3 homework.py > stulog.txt 2>&1 on vdhankar #####
##### Output of failed program (stdout + stderr): #####
Traceback (most recent call last):
  File "homework.py", line 546, in <module>
    print(end-start)
NameError: name 'end' is not defined
##### End of output of failed program #####
##### vdhankar plays [J c5 e3] in 0.707136154174805s #####
##### Running: /usr/lib/jvm/jdk-14.0.1/bin/java -jar /lab/itti/projects/checkers-competition/server/referee.jar on run_22_vdhankar_minglyu #####
Move is valid
##### SUCCESS: /usr/lib/jvm/jdk-14.0.1/bin/java -jar /lab/itti/projects/checkers-competition/server/referee.jar on run_22_vdhankar_minglyu #####
INPUT for minglyu:
GAME
WHITE
244.52
........
........
.b.b.b..
....b...
.......w
w.w.b...
........
w.......
##### Running: /usr/bin/time -o time_22_vdhankar_minglyu.txt -f "%U" /usr/lib/jvm/jdk-14.0.1/bin/java homework > stulog.txt 2>&1 on minglyu #####
##### SUCCESS: /usr/bin/time -o time_22_vdhankar_minglyu.txt -f "%U" /usr/lib/jvm/jdk-14.0.1/bin/java homework > stulog.txt 2>&1 on minglyu #####
##### minglyu plays [E c3 b4] in 1.77s #####
##### Running: /usr/lib/jvm/jdk-14.0.1/bin/java -jar /lab/itti/projects/checkers-competition/server/referee.jar on run_22_vdhankar_minglyu #####
Move is valid
##### SUCCESS: /usr/lib/jvm/jdk-14.0.1/bin/java -jar /lab/itti/projects/checkers-competition/server/referee.jar on run_22_vdhankar_minglyu #####
INPUT for vdhankar:
GAME
BLACK
130.362231969833
........
........
.b.b.b..
....b...
.w.....w
w...b...
........
w.......
##### Running: /usr/bin/time -o time_22_vdhankar_minglyu.txt -f "%U" python3 homework.py > stulog.txt 2>&1 on vdhankar #####
child exited with value 1
##### ERROR: /usr/bin/time -o time_22_vdhankar_minglyu.txt -f "%U" python3 homework.py > stulog.txt 2>&1 on vdhankar #####
##### Output of failed program (stdout + stderr): #####
Traceback (most recent call last):
  File "homework.py", line 546, in <module>
    print(end-start)
NameError: name 'end' is not defined
##### End of output of failed program #####
##### vdhankar plays [E b6 a5] in 1.91312503814697s #####
##### Running: /usr/lib/jvm/jdk-14.0.1/bin/java -jar /lab/itti/projects/checkers-competition/server/referee.jar on run_22_vdhankar_minglyu #####
Move is valid
##### SUCCESS: /usr/lib/jvm/jdk-14.0.1/bin/java -jar /lab/itti/projects/checkers-competition/server/referee.jar on run_22_vdhankar_minglyu #####
INPUT for minglyu:
GAME
WHITE
242.75
........
........
...b.b..
b...b...
.w.....w
w...b...
........
w.......
##### Running: /usr/bin/time -o time_22_vdhankar_minglyu.txt -f "%U" /usr/lib/jvm/jdk-14.0.1/bin/java homework > stulog.txt 2>&1 on minglyu #####
##### SUCCESS: /usr/bin/time -o time_22_vdhankar_minglyu.txt -f "%U" /usr/lib/jvm/jdk-14.0.1/bin/java homework > stulog.txt 2>&1 on minglyu #####
##### minglyu plays [E b4 c5] in 0.6s #####
##### Running: /usr/lib/jvm/jdk-14.0.1/bin/java -jar /lab/itti/projects/checkers-competition/server/referee.jar on run_22_vdhankar_minglyu #####
Move is valid
##### SUCCESS: /usr/lib/jvm/jdk-14.0.1/bin/java -jar /lab/itti/projects/checkers-competition/server/referee.jar on run_22_vdhankar_minglyu #####
INPUT for vdhankar:
GAME
BLACK
128.449106931686
........
........
...b.b..
b.w.b...
.......w
w...b...
........
w.......
##### Running: /usr/bin/time -o time_22_vdhankar_minglyu.txt -f "%U" python3 homework.py > stulog.txt 2>&1 on vdhankar #####
child exited with value 1
##### ERROR: /usr/bin/time -o time_22_vdhankar_minglyu.txt -f "%U" python3 homework.py > stulog.txt 2>&1 on vdhankar #####
##### Output of failed program (stdout + stderr): #####
Traceback (most recent call last):
  File "homework.py", line 546, in <module>
    print(end-start)
NameError: name 'end' is not defined
##### End of output of failed program #####
##### vdhankar plays [J d6 b4] in 0.581125974655151s #####
##### Running: /usr/lib/jvm/jdk-14.0.1/bin/java -jar /lab/itti/projects/checkers-competition/server/referee.jar on run_22_vdhankar_minglyu #####
Move is valid
##### SUCCESS: /usr/lib/jvm/jdk-14.0.1/bin/java -jar /lab/itti/projects/checkers-competition/server/referee.jar on run_22_vdhankar_minglyu #####
INPUT for minglyu:
GAME
WHITE
242.15
........
........
.....b..
b...b...
.b.....w
w...b...
........
w.......
##### Running: /usr/bin/time -o time_22_vdhankar_minglyu.txt -f "%U" /usr/lib/jvm/jdk-14.0.1/bin/java homework > stulog.txt 2>&1 on minglyu #####
##### SUCCESS: /usr/bin/time -o time_22_vdhankar_minglyu.txt -f "%U" /usr/lib/jvm/jdk-14.0.1/bin/java homework > stulog.txt 2>&1 on minglyu #####
##### minglyu plays [J a3 c5] in 0.19s #####
##### Running: /usr/lib/jvm/jdk-14.0.1/bin/java -jar /lab/itti/projects/checkers-competition/server/referee.jar on run_22_vdhankar_minglyu #####
Move is valid
##### SUCCESS: /usr/lib/jvm/jdk-14.0.1/bin/java -jar /lab/itti/projects/checkers-competition/server/referee.jar on run_22_vdhankar_minglyu #####
INPUT for vdhankar:
GAME
BLACK
127.867980957031
........
........
.....b..
b.w.b...
.......w
....b...
........
w.......
##### Running: /usr/bin/time -o time_22_vdhankar_minglyu.txt -f "%U" python3 homework.py > stulog.txt 2>&1 on vdhankar #####
child exited with value 1
##### ERROR: /usr/bin/time -o time_22_vdhankar_minglyu.txt -f "%U" python3 homework.py > stulog.txt 2>&1 on vdhankar #####
##### Output of failed program (stdout + stderr): #####
Traceback (most recent call last):
  File "homework.py", line 546, in <module>
    print(end-start)
NameError: name 'end' is not defined
##### End of output of failed program #####
##### vdhankar plays [E e3 f2] in 1.70308518409729s #####
##### Running: /usr/lib/jvm/jdk-14.0.1/bin/java -jar /lab/itti/projects/checkers-competition/server/referee.jar on run_22_vdhankar_minglyu #####
Move is valid
##### SUCCESS: /usr/lib/jvm/jdk-14.0.1/bin/java -jar /lab/itti/projects/checkers-competition/server/referee.jar on run_22_vdhankar_minglyu #####
INPUT for minglyu:
GAME
WHITE
241.96
........
........
.....b..
b.w.b...
.......w
........
.....b..
w.......
##### Running: /usr/bin/time -o time_22_vdhankar_minglyu.txt -f "%U" /usr/lib/jvm/jdk-14.0.1/bin/java homework > stulog.txt 2>&1 on minglyu #####
##### SUCCESS: /usr/bin/time -o time_22_vdhankar_minglyu.txt -f "%U" /usr/lib/jvm/jdk-14.0.1/bin/java homework > stulog.txt 2>&1 on minglyu #####
##### minglyu plays [E c5 d6] in 1.83s #####
##### Running: /usr/lib/jvm/jdk-14.0.1/bin/java -jar /lab/itti/projects/checkers-competition/server/referee.jar on run_22_vdhankar_minglyu #####
Move is valid
##### SUCCESS: /usr/lib/jvm/jdk-14.0.1/bin/java -jar /lab/itti/projects/checkers-competition/server/referee.jar on run_22_vdhankar_minglyu #####
INPUT for vdhankar:
GAME
BLACK
126.164895772934
........
........
...w.b..
b...b...
.......w
........
.....b..
w.......
##### Running: /usr/bin/time -o time_22_vdhankar_minglyu.txt -f "%U" python3 homework.py > stulog.txt 2>&1 on vdhankar #####
child exited with value 1
##### ERROR: /usr/bin/time -o time_22_vdhankar_minglyu.txt -f "%U" python3 homework.py > stulog.txt 2>&1 on vdhankar #####
##### Output of failed program (stdout + stderr): #####
Traceback (most recent call last):
  File "homework.py", line 546, in <module>
    print(end-start)
NameError: name 'end' is not defined
##### End of output of failed program #####
##### vdhankar plays [E f2 g1] in 2.46007394790649s #####
##### Running: /usr/lib/jvm/jdk-14.0.1/bin/java -jar /lab/itti/projects/checkers-competition/server/referee.jar on run_22_vdhankar_minglyu #####
Move is valid
##### SUCCESS: /usr/lib/jvm/jdk-14.0.1/bin/java -jar /lab/itti/projects/checkers-competition/server/referee.jar on run_22_vdhankar_minglyu #####
INPUT for minglyu:
GAME
WHITE
240.13
........
........
...w.b..
b...b...
.......w
........
........
w.....B.
##### Running: /usr/bin/time -o time_22_vdhankar_minglyu.txt -f "%U" /usr/lib/jvm/jdk-14.0.1/bin/java homework > stulog.txt 2>&1 on minglyu #####
##### SUCCESS: /usr/bin/time -o time_22_vdhankar_minglyu.txt -f "%U" /usr/lib/jvm/jdk-14.0.1/bin/java homework > stulog.txt 2>&1 on minglyu #####
##### minglyu plays [E d6 e7] in 1.35s #####
##### Running: /usr/lib/jvm/jdk-14.0.1/bin/java -jar /lab/itti/projects/checkers-competition/server/referee.jar on run_22_vdhankar_minglyu #####
Move is valid
##### SUCCESS: /usr/lib/jvm/jdk-14.0.1/bin/java -jar /lab/itti/projects/checkers-competition/server/referee.jar on run_22_vdhankar_minglyu #####
INPUT for vdhankar:
GAME
BLACK
123.704821825027
........
....w...
.....b..
b...b...
.......w
........
........
w.....B.
##### Running: /usr/bin/time -o time_22_vdhankar_minglyu.txt -f "%U" python3 homework.py > stulog.txt 2>&1 on vdhankar #####
child exited with value 1
##### ERROR: /usr/bin/time -o time_22_vdhankar_minglyu.txt -f "%U" python3 homework.py > stulog.txt 2>&1 on vdhankar #####
##### Output of failed program (stdout + stderr): #####
Traceback (most recent call last):
  File "homework.py", line 546, in <module>
    print(end-start)
NameError: name 'end' is not defined
##### End of output of failed program #####
##### vdhankar plays [E g1 h2] in 4.7898588180542s #####
##### Running: /usr/lib/jvm/jdk-14.0.1/bin/java -jar /lab/itti/projects/checkers-competition/server/referee.jar on run_22_vdhankar_minglyu #####
Move is valid
##### SUCCESS: /usr/lib/jvm/jdk-14.0.1/bin/java -jar /lab/itti/projects/checkers-competition/server/referee.jar on run_22_vdhankar_minglyu #####
INPUT for minglyu:
GAME
WHITE
238.78
........
....w...
.....b..
b...b...
.......w
........
.......B
w.......
##### Running: /usr/bin/time -o time_22_vdhankar_minglyu.txt -f "%U" /usr/lib/jvm/jdk-14.0.1/bin/java homework > stulog.txt 2>&1 on minglyu #####
##### SUCCESS: /usr/bin/time -o time_22_vdhankar_minglyu.txt -f "%U" /usr/lib/jvm/jdk-14.0.1/bin/java homework > stulog.txt 2>&1 on minglyu #####
##### minglyu plays [E e7 f8] in 1.89s #####
##### Running: /usr/lib/jvm/jdk-14.0.1/bin/java -jar /lab/itti/projects/checkers-competition/server/referee.jar on run_22_vdhankar_minglyu #####
Move is valid
##### SUCCESS: /usr/lib/jvm/jdk-14.0.1/bin/java -jar /lab/itti/projects/checkers-competition/server/referee.jar on run_22_vdhankar_minglyu #####
INPUT for vdhankar:
GAME
BLACK
118.914963006973
.....W..
........
.....b..
b...b...
.......w
........
.......B
w.......
##### Running: /usr/bin/time -o time_22_vdhankar_minglyu.txt -f "%U" python3 homework.py > stulog.txt 2>&1 on vdhankar #####
child exited with value 1
##### ERROR: /usr/bin/time -o time_22_vdhankar_minglyu.txt -f "%U" python3 homework.py > stulog.txt 2>&1 on vdhankar #####
##### Output of failed program (stdout + stderr): #####
Traceback (most recent call last):
  File "homework.py", line 546, in <module>
    print(end-start)
NameError: name 'end' is not defined
##### End of output of failed program #####
##### vdhankar plays [E e5 f4] in 1.9615330696106s #####
##### Running: /usr/lib/jvm/jdk-14.0.1/bin/java -jar /lab/itti/projects/checkers-competition/server/referee.jar on run_22_vdhankar_minglyu #####
Move is valid
##### SUCCESS: /usr/lib/jvm/jdk-14.0.1/bin/java -jar /lab/itti/projects/checkers-competition/server/referee.jar on run_22_vdhankar_minglyu #####
INPUT for minglyu:
GAME
WHITE
236.89
.....W..
........
.....b..
b.......
.....b.w
........
.......B
w.......
##### Running: /usr/bin/time -o time_22_vdhankar_minglyu.txt -f "%U" /usr/lib/jvm/jdk-14.0.1/bin/java homework > stulog.txt 2>&1 on minglyu #####
##### SUCCESS: /usr/bin/time -o time_22_vdhankar_minglyu.txt -f "%U" /usr/lib/jvm/jdk-14.0.1/bin/java homework > stulog.txt 2>&1 on minglyu #####
##### minglyu plays [E f8 e7] in 2.04s #####
##### Running: /usr/lib/jvm/jdk-14.0.1/bin/java -jar /lab/itti/projects/checkers-competition/server/referee.jar on run_22_vdhankar_minglyu #####
Move is valid
##### SUCCESS: /usr/lib/jvm/jdk-14.0.1/bin/java -jar /lab/itti/projects/checkers-competition/server/referee.jar on run_22_vdhankar_minglyu #####
INPUT for vdhankar:
GAME
BLACK
116.953429937363
........
....W...
.....b..
b.......
.....b.w
........
.......B
w.......
##### Running: /usr/bin/time -o time_22_vdhankar_minglyu.txt -f "%U" python3 homework.py > stulog.txt 2>&1 on vdhankar #####
child exited with value 1
##### ERROR: /usr/bin/time -o time_22_vdhankar_minglyu.txt -f "%U" python3 homework.py > stulog.txt 2>&1 on vdhankar #####
##### Output of failed program (stdout + stderr): #####
Traceback (most recent call last):
  File "homework.py", line 546, in <module>
    print(end-start)
NameError: name 'end' is not defined
##### End of output of failed program #####
##### vdhankar plays [E f6 e5] in 3.32792091369629s #####
##### Running: /usr/lib/jvm/jdk-14.0.1/bin/java -jar /lab/itti/projects/checkers-competition/server/referee.jar on run_22_vdhankar_minglyu #####
Move is valid
##### SUCCESS: /usr/lib/jvm/jdk-14.0.1/bin/java -jar /lab/itti/projects/checkers-competition/server/referee.jar on run_22_vdhankar_minglyu #####
INPUT for minglyu:
GAME
WHITE
234.85
........
....W...
........
b...b...
.....b.w
........
.......B
w.......
##### Running: /usr/bin/time -o time_22_vdhankar_minglyu.txt -f "%U" /usr/lib/jvm/jdk-14.0.1/bin/java homework > stulog.txt 2>&1 on minglyu #####
##### SUCCESS: /usr/bin/time -o time_22_vdhankar_minglyu.txt -f "%U" /usr/lib/jvm/jdk-14.0.1/bin/java homework > stulog.txt 2>&1 on minglyu #####
##### minglyu plays [E e7 f6] in 4.13s #####
##### Running: /usr/lib/jvm/jdk-14.0.1/bin/java -jar /lab/itti/projects/checkers-competition/server/referee.jar on run_22_vdhankar_minglyu #####
Move is valid
##### SUCCESS: /usr/lib/jvm/jdk-14.0.1/bin/java -jar /lab/itti/projects/checkers-competition/server/referee.jar on run_22_vdhankar_minglyu #####
INPUT for vdhankar:
GAME
BLACK
113.625509023666
........
........
.....W..
b...b...
.....b.w
........
.......B
w.......
##### Running: /usr/bin/time -o time_22_vdhankar_minglyu.txt -f "%U" python3 homework.py > stulog.txt 2>&1 on vdhankar #####
child exited with value 1
##### ERROR: /usr/bin/time -o time_22_vdhankar_minglyu.txt -f "%U" python3 homework.py > stulog.txt 2>&1 on vdhankar #####
##### Output of failed program (stdout + stderr): #####
Traceback (most recent call last):
  File "homework.py", line 546, in <module>
    print(end-start)
NameError: name 'end' is not defined
##### End of output of failed program #####
##### vdhankar plays [E e5 d4] in 2.77676200866699s #####
##### Running: /usr/lib/jvm/jdk-14.0.1/bin/java -jar /lab/itti/projects/checkers-competition/server/referee.jar on run_22_vdhankar_minglyu #####
Move is valid
##### SUCCESS: /usr/lib/jvm/jdk-14.0.1/bin/java -jar /lab/itti/projects/checkers-competition/server/referee.jar on run_22_vdhankar_minglyu #####
INPUT for minglyu:
GAME
WHITE
230.72
........
........
.....W..
b.......
...b.b.w
........
.......B
w.......
##### Running: /usr/bin/time -o time_22_vdhankar_minglyu.txt -f "%U" /usr/lib/jvm/jdk-14.0.1/bin/java homework > stulog.txt 2>&1 on minglyu #####
##### SUCCESS: /usr/bin/time -o time_22_vdhankar_minglyu.txt -f "%U" /usr/lib/jvm/jdk-14.0.1/bin/java homework > stulog.txt 2>&1 on minglyu #####
##### minglyu plays [E f6 e7] in 3.92s #####
##### Running: /usr/lib/jvm/jdk-14.0.1/bin/java -jar /lab/itti/projects/checkers-competition/server/referee.jar on run_22_vdhankar_minglyu #####
Move is valid
##### SUCCESS: /usr/lib/jvm/jdk-14.0.1/bin/java -jar /lab/itti/projects/checkers-competition/server/referee.jar on run_22_vdhankar_minglyu #####
INPUT for vdhankar:
GAME
BLACK
110.848747014999
........
....W...
........
b.......
...b.b.w
........
.......B
w.......
##### Running: /usr/bin/time -o time_22_vdhankar_minglyu.txt -f "%U" python3 homework.py > stulog.txt 2>&1 on vdhankar #####
child exited with value 1
##### ERROR: /usr/bin/time -o time_22_vdhankar_minglyu.txt -f "%U" python3 homework.py > stulog.txt 2>&1 on vdhankar #####
##### Output of failed program (stdout + stderr): #####
Traceback (most recent call last):
  File "homework.py", line 546, in <module>
    print(end-start)
NameError: name 'end' is not defined
##### End of output of failed program #####
##### vdhankar plays [E h2 g1] in 21.8061480522156s #####
##### Running: /usr/lib/jvm/jdk-14.0.1/bin/java -jar /lab/itti/projects/checkers-competition/server/referee.jar on run_22_vdhankar_minglyu #####
Move is valid
##### SUCCESS: /usr/lib/jvm/jdk-14.0.1/bin/java -jar /lab/itti/projects/checkers-competition/server/referee.jar on run_22_vdhankar_minglyu #####
INPUT for minglyu:
GAME
WHITE
226.8
........
....W...
........
b.......
...b.b.w
........
........
w.....B.
##### Running: /usr/bin/time -o time_22_vdhankar_minglyu.txt -f "%U" /usr/lib/jvm/jdk-14.0.1/bin/java homework > stulog.txt 2>&1 on minglyu #####
##### SUCCESS: /usr/bin/time -o time_22_vdhankar_minglyu.txt -f "%U" /usr/lib/jvm/jdk-14.0.1/bin/java homework > stulog.txt 2>&1 on minglyu #####
##### minglyu plays [E e7 f6] in 5.11s #####
##### Running: /usr/lib/jvm/jdk-14.0.1/bin/java -jar /lab/itti/projects/checkers-competition/server/referee.jar on run_22_vdhankar_minglyu #####
Move is valid
##### SUCCESS: /usr/lib/jvm/jdk-14.0.1/bin/java -jar /lab/itti/projects/checkers-competition/server/referee.jar on run_22_vdhankar_minglyu #####
INPUT for vdhankar:
GAME
BLACK
89.0425989627838
........
........
.....W..
b.......
...b.b.w
........
........
w.....B.
##### Running: /usr/bin/time -o time_22_vdhankar_minglyu.txt -f "%U" python3 homework.py > stulog.txt 2>&1 on vdhankar #####
child exited with value 1
##### ERROR: /usr/bin/time -o time_22_vdhankar_minglyu.txt -f "%U" python3 homework.py > stulog.txt 2>&1 on vdhankar #####
##### Output of failed program (stdout + stderr): #####
Traceback (most recent call last):
  File "homework.py", line 546, in <module>
    print(end-start)
NameError: name 'end' is not defined
##### End of output of failed program #####
##### vdhankar plays [E f4 g3] in 14.7860190868378s #####
##### Running: /usr/lib/jvm/jdk-14.0.1/bin/java -jar /lab/itti/projects/checkers-competition/server/referee.jar on run_22_vdhankar_minglyu #####
Move is valid
##### SUCCESS: /usr/lib/jvm/jdk-14.0.1/bin/java -jar /lab/itti/projects/checkers-competition/server/referee.jar on run_22_vdhankar_minglyu #####
INPUT for minglyu:
GAME
WHITE
221.69
........
........
.....W..
b.......
...b...w
......b.
........
w.....B.
##### Running: /usr/bin/time -o time_22_vdhankar_minglyu.txt -f "%U" /usr/lib/jvm/jdk-14.0.1/bin/java homework > stulog.txt 2>&1 on minglyu #####
##### SUCCESS: /usr/bin/time -o time_22_vdhankar_minglyu.txt -f "%U" /usr/lib/jvm/jdk-14.0.1/bin/java homework > stulog.txt 2>&1 on minglyu #####
##### minglyu plays [E f6 g5] in 3.69s #####
##### Running: /usr/lib/jvm/jdk-14.0.1/bin/java -jar /lab/itti/projects/checkers-competition/server/referee.jar on run_22_vdhankar_minglyu #####
Move is valid
##### SUCCESS: /usr/lib/jvm/jdk-14.0.1/bin/java -jar /lab/itti/projects/checkers-competition/server/referee.jar on run_22_vdhankar_minglyu #####
INPUT for vdhankar:
GAME
BLACK
74.256579875946
........
........
........
b.....W.
...b...w
......b.
........
w.....B.
##### Running: /usr/bin/time -o time_22_vdhankar_minglyu.txt -f "%U" python3 homework.py > stulog.txt 2>&1 on vdhankar #####
child exited with value 1
##### ERROR: /usr/bin/time -o time_22_vdhankar_minglyu.txt -f "%U" python3 homework.py > stulog.txt 2>&1 on vdhankar #####
##### Output of failed program (stdout + stderr): #####
Traceback (most recent call last):
  File "homework.py", line 546, in <module>
    print(end-start)
NameError: name 'end' is not defined
##### End of output of failed program #####
##### vdhankar plays [E g3 f2] in 7.54966402053833s #####
##### Running: /usr/lib/jvm/jdk-14.0.1/bin/java -jar /lab/itti/projects/checkers-competition/server/referee.jar on run_22_vdhankar_minglyu #####
Move is valid
##### SUCCESS: /usr/lib/jvm/jdk-14.0.1/bin/java -jar /lab/itti/projects/checkers-competition/server/referee.jar on run_22_vdhankar_minglyu #####
INPUT for minglyu:
GAME
WHITE
218
........
........
........
b.....W.
...b...w
........
.....b..
w.....B.
##### Running: /usr/bin/time -o time_22_vdhankar_minglyu.txt -f "%U" /usr/lib/jvm/jdk-14.0.1/bin/java homework > stulog.txt 2>&1 on minglyu #####
##### SUCCESS: /usr/bin/time -o time_22_vdhankar_minglyu.txt -f "%U" /usr/lib/jvm/jdk-14.0.1/bin/java homework > stulog.txt 2>&1 on minglyu #####
##### minglyu plays [E g5 h6] in 4.04s #####
##### Running: /usr/lib/jvm/jdk-14.0.1/bin/java -jar /lab/itti/projects/checkers-competition/server/referee.jar on run_22_vdhankar_minglyu #####
Move is valid
##### SUCCESS: /usr/lib/jvm/jdk-14.0.1/bin/java -jar /lab/itti/projects/checkers-competition/server/referee.jar on run_22_vdhankar_minglyu #####
INPUT for vdhankar:
GAME
BLACK
66.7069158554077
........
........
.......W
b.......
...b...w
........
.....b..
w.....B.
##### Running: /usr/bin/time -o time_22_vdhankar_minglyu.txt -f "%U" python3 homework.py > stulog.txt 2>&1 on vdhankar #####
child exited with value 1
##### ERROR: /usr/bin/time -o time_22_vdhankar_minglyu.txt -f "%U" python3 homework.py > stulog.txt 2>&1 on vdhankar #####
##### Output of failed program (stdout + stderr): #####
Traceback (most recent call last):
  File "homework.py", line 546, in <module>
    print(end-start)
NameError: name 'end' is not defined
##### End of output of failed program #####
##### vdhankar plays [E f2 e1] in 8.34915494918823s #####
##### Running: /usr/lib/jvm/jdk-14.0.1/bin/java -jar /lab/itti/projects/checkers-competition/server/referee.jar on run_22_vdhankar_minglyu #####
Move is valid
##### SUCCESS: /usr/lib/jvm/jdk-14.0.1/bin/java -jar /lab/itti/projects/checkers-competition/server/referee.jar on run_22_vdhankar_minglyu #####
INPUT for minglyu:
GAME
WHITE
213.96
........
........
.......W
b.......
...b...w
........
........
w...B.B.
##### Running: /usr/bin/time -o time_22_vdhankar_minglyu.txt -f "%U" /usr/lib/jvm/jdk-14.0.1/bin/java homework > stulog.txt 2>&1 on minglyu #####
##### SUCCESS: /usr/bin/time -o time_22_vdhankar_minglyu.txt -f "%U" /usr/lib/jvm/jdk-14.0.1/bin/java homework > stulog.txt 2>&1 on minglyu #####
##### minglyu plays [E h6 g5] in 2.98s #####
##### Running: /usr/lib/jvm/jdk-14.0.1/bin/java -jar /lab/itti/projects/checkers-competition/server/referee.jar on run_22_vdhankar_minglyu #####
Move is valid
##### SUCCESS: /usr/lib/jvm/jdk-14.0.1/bin/java -jar /lab/itti/projects/checkers-competition/server/referee.jar on run_22_vdhankar_minglyu #####
INPUT for vdhankar:
GAME
BLACK
58.3577609062195
........
........
........
b.....W.
...b...w
........
........
w...B.B.
##### Running: /usr/bin/time -o time_22_vdhankar_minglyu.txt -f "%U" python3 homework.py > stulog.txt 2>&1 on vdhankar #####
child exited with value 1
##### ERROR: /usr/bin/time -o time_22_vdhankar_minglyu.txt -f "%U" python3 homework.py > stulog.txt 2>&1 on vdhankar #####
##### Output of failed program (stdout + stderr): #####
Traceback (most recent call last):
  File "homework.py", line 546, in <module>
    print(end-start)
NameError: name 'end' is not defined
##### End of output of failed program #####
##### vdhankar plays [E e1 f2] in 5.59366917610168s #####
##### Running: /usr/lib/jvm/jdk-14.0.1/bin/java -jar /lab/itti/projects/checkers-competition/server/referee.jar on run_22_vdhankar_minglyu #####
Move is valid
##### SUCCESS: /usr/lib/jvm/jdk-14.0.1/bin/java -jar /lab/itti/projects/checkers-competition/server/referee.jar on run_22_vdhankar_minglyu #####
INPUT for minglyu:
GAME
WHITE
210.98
........
........
........
b.....W.
...b...w
........
.....B..
w.....B.
##### Running: /usr/bin/time -o time_22_vdhankar_minglyu.txt -f "%U" /usr/lib/jvm/jdk-14.0.1/bin/java homework > stulog.txt 2>&1 on minglyu #####
##### SUCCESS: /usr/bin/time -o time_22_vdhankar_minglyu.txt -f "%U" /usr/lib/jvm/jdk-14.0.1/bin/java homework > stulog.txt 2>&1 on minglyu #####
##### minglyu plays [E g5 f4] in 2.23s #####
##### Running: /usr/lib/jvm/jdk-14.0.1/bin/java -jar /lab/itti/projects/checkers-competition/server/referee.jar on run_22_vdhankar_minglyu #####
Move is valid
##### SUCCESS: /usr/lib/jvm/jdk-14.0.1/bin/java -jar /lab/itti/projects/checkers-competition/server/referee.jar on run_22_vdhankar_minglyu #####
INPUT for vdhankar:
GAME
BLACK
52.7640917301178
........
........
........
b.......
...b.W.w
........
.....B..
w.....B.
##### Running: /usr/bin/time -o time_22_vdhankar_minglyu.txt -f "%U" python3 homework.py > stulog.txt 2>&1 on vdhankar #####
child exited with value 1
##### ERROR: /usr/bin/time -o time_22_vdhankar_minglyu.txt -f "%U" python3 homework.py > stulog.txt 2>&1 on vdhankar #####
##### Output of failed program (stdout + stderr): #####
Traceback (most recent call last):
  File "homework.py", line 546, in <module>
    print(end-start)
NameError: name 'end' is not defined
##### End of output of failed program #####
##### vdhankar plays [E f2 e1] in 3.98655891418457s #####
##### Running: /usr/lib/jvm/jdk-14.0.1/bin/java -jar /lab/itti/projects/checkers-competition/server/referee.jar on run_22_vdhankar_minglyu #####
Move is valid
##### SUCCESS: /usr/lib/jvm/jdk-14.0.1/bin/java -jar /lab/itti/projects/checkers-competition/server/referee.jar on run_22_vdhankar_minglyu #####
INPUT for minglyu:
GAME
WHITE
208.75
........
........
........
b.......
...b.W.w
........
........
w...B.B.
##### Running: /usr/bin/time -o time_22_vdhankar_minglyu.txt -f "%U" /usr/lib/jvm/jdk-14.0.1/bin/java homework > stulog.txt 2>&1 on minglyu #####
##### SUCCESS: /usr/bin/time -o time_22_vdhankar_minglyu.txt -f "%U" /usr/lib/jvm/jdk-14.0.1/bin/java homework > stulog.txt 2>&1 on minglyu #####
##### minglyu plays [E f4 e5] in 2.44s #####
##### Running: /usr/lib/jvm/jdk-14.0.1/bin/java -jar /lab/itti/projects/checkers-competition/server/referee.jar on run_22_vdhankar_minglyu #####
Move is valid
##### SUCCESS: /usr/lib/jvm/jdk-14.0.1/bin/java -jar /lab/itti/projects/checkers-competition/server/referee.jar on run_22_vdhankar_minglyu #####
INPUT for vdhankar:
GAME
BLACK
48.7775328159332
........
........
........
b...W...
...b...w
........
........
w...B.B.
##### Running: /usr/bin/time -o time_22_vdhankar_minglyu.txt -f "%U" python3 homework.py > stulog.txt 2>&1 on vdhankar #####
child exited with value 1
##### ERROR: /usr/bin/time -o time_22_vdhankar_minglyu.txt -f "%U" python3 homework.py > stulog.txt 2>&1 on vdhankar #####
##### Output of failed program (stdout + stderr): #####
Traceback (most recent call last):
  File "homework.py", line 546, in <module>
    print(end-start)
NameError: name 'end' is not defined
##### End of output of failed program #####
##### vdhankar plays [E d4 e3] in 2.20838093757629s #####
##### Running: /usr/lib/jvm/jdk-14.0.1/bin/java -jar /lab/itti/projects/checkers-competition/server/referee.jar on run_22_vdhankar_minglyu #####
Move is valid
##### SUCCESS: /usr/lib/jvm/jdk-14.0.1/bin/java -jar /lab/itti/projects/checkers-competition/server/referee.jar on run_22_vdhankar_minglyu #####
INPUT for minglyu:
GAME
WHITE
206.31
........
........
........
b...W...
.......w
....b...
........
w...B.B.
##### Running: /usr/bin/time -o time_22_vdhankar_minglyu.txt -f "%U" /usr/lib/jvm/jdk-14.0.1/bin/java homework > stulog.txt 2>&1 on minglyu #####
##### SUCCESS: /usr/bin/time -o time_22_vdhankar_minglyu.txt -f "%U" /usr/lib/jvm/jdk-14.0.1/bin/java homework > stulog.txt 2>&1 on minglyu #####
##### minglyu plays [E e5 d6] in 3.19s #####
##### Running: /usr/lib/jvm/jdk-14.0.1/bin/java -jar /lab/itti/projects/checkers-competition/server/referee.jar on run_22_vdhankar_minglyu #####
Move is valid
##### SUCCESS: /usr/lib/jvm/jdk-14.0.1/bin/java -jar /lab/itti/projects/checkers-competition/server/referee.jar on run_22_vdhankar_minglyu #####
INPUT for vdhankar:
GAME
BLACK
46.5691518783569
........
........
...W....
b.......
.......w
....b...
........
w...B.B.
##### Running: /usr/bin/time -o time_22_vdhankar_minglyu.txt -f "%U" python3 homework.py > stulog.txt 2>&1 on vdhankar #####
child exited with value 1
##### ERROR: /usr/bin/time -o time_22_vdhankar_minglyu.txt -f "%U" python3 homework.py > stulog.txt 2>&1 on vdhankar #####
##### Output of failed program (stdout + stderr): #####
Traceback (most recent call last):
  File "homework.py", line 546, in <module>
    print(end-start)
NameError: name 'end' is not defined
##### End of output of failed program #####
##### vdhankar plays [E e1 f2] in 3.97350597381592s #####
##### Running: /usr/lib/jvm/jdk-14.0.1/bin/java -jar /lab/itti/projects/checkers-competition/server/referee.jar on run_22_vdhankar_minglyu #####
Move is valid
##### SUCCESS: /usr/lib/jvm/jdk-14.0.1/bin/java -jar /lab/itti/projects/checkers-competition/server/referee.jar on run_22_vdhankar_minglyu #####
INPUT for minglyu:
GAME
WHITE
203.12
........
........
...W....
b.......
.......w
....b...
.....B..
w.....B.
##### Running: /usr/bin/time -o time_22_vdhankar_minglyu.txt -f "%U" /usr/lib/jvm/jdk-14.0.1/bin/java homework > stulog.txt 2>&1 on minglyu #####
##### SUCCESS: /usr/bin/time -o time_22_vdhankar_minglyu.txt -f "%U" /usr/lib/jvm/jdk-14.0.1/bin/java homework > stulog.txt 2>&1 on minglyu #####
##### minglyu plays [E d6 e5] in 3.43s #####
##### Running: /usr/lib/jvm/jdk-14.0.1/bin/java -jar /lab/itti/projects/checkers-competition/server/referee.jar on run_22_vdhankar_minglyu #####
Move is valid
##### SUCCESS: /usr/lib/jvm/jdk-14.0.1/bin/java -jar /lab/itti/projects/checkers-competition/server/referee.jar on run_22_vdhankar_minglyu #####
INPUT for vdhankar:
GAME
BLACK
42.595645904541
........
........
........
b...W...
.......w
....b...
.....B..
w.....B.
##### Running: /usr/bin/time -o time_22_vdhankar_minglyu.txt -f "%U" python3 homework.py > stulog.txt 2>&1 on vdhankar #####
child exited with value 1
##### ERROR: /usr/bin/time -o time_22_vdhankar_minglyu.txt -f "%U" python3 homework.py > stulog.txt 2>&1 on vdhankar #####
##### Output of failed program (stdout + stderr): #####
Traceback (most recent call last):
  File "homework.py", line 546, in <module>
    print(end-start)
NameError: name 'end' is not defined
##### End of output of failed program #####
##### vdhankar plays [E g1 h2] in 3.2696328163147s #####
##### Running: /usr/lib/jvm/jdk-14.0.1/bin/java -jar /lab/itti/projects/checkers-competition/server/referee.jar on run_22_vdhankar_minglyu #####
Move is valid
##### SUCCESS: /usr/lib/jvm/jdk-14.0.1/bin/java -jar /lab/itti/projects/checkers-competition/server/referee.jar on run_22_vdhankar_minglyu #####
INPUT for minglyu:
GAME
WHITE
199.69
........
........
........
b...W...
.......w
....b...
.....B.B
w.......
##### Running: /usr/bin/time -o time_22_vdhankar_minglyu.txt -f "%U" /usr/lib/jvm/jdk-14.0.1/bin/java homework > stulog.txt 2>&1 on minglyu #####
##### SUCCESS: /usr/bin/time -o time_22_vdhankar_minglyu.txt -f "%U" /usr/lib/jvm/jdk-14.0.1/bin/java homework > stulog.txt 2>&1 on minglyu #####
##### minglyu plays [E e5 d6] in 4.36s #####
##### Running: /usr/lib/jvm/jdk-14.0.1/bin/java -jar /lab/itti/projects/checkers-competition/server/referee.jar on run_22_vdhankar_minglyu #####
Move is valid
##### SUCCESS: /usr/lib/jvm/jdk-14.0.1/bin/java -jar /lab/itti/projects/checkers-competition/server/referee.jar on run_22_vdhankar_minglyu #####
INPUT for vdhankar:
GAME
BLACK
39.3260130882263
........
........
...W....
b.......
.......w
....b...
.....B.B
w.......
##### Running: /usr/bin/time -o time_22_vdhankar_minglyu.txt -f "%U" python3 homework.py > stulog.txt 2>&1 on vdhankar #####
child exited with value 1
##### ERROR: /usr/bin/time -o time_22_vdhankar_minglyu.txt -f "%U" python3 homework.py > stulog.txt 2>&1 on vdhankar #####
##### Output of failed program (stdout + stderr): #####
Traceback (most recent call last):
  File "homework.py", line 546, in <module>
    print(end-start)
NameError: name 'end' is not defined
##### End of output of failed program #####
##### vdhankar plays [E h2 g1] in 7.17507100105286s #####
##### Running: /usr/lib/jvm/jdk-14.0.1/bin/java -jar /lab/itti/projects/checkers-competition/server/referee.jar on run_22_vdhankar_minglyu #####
Move is valid
##### SUCCESS: /usr/lib/jvm/jdk-14.0.1/bin/java -jar /lab/itti/projects/checkers-competition/server/referee.jar on run_22_vdhankar_minglyu #####
INPUT for minglyu:
GAME
WHITE
195.33
........
........
...W....
b.......
.......w
....b...
.....B..
w.....B.
##### Running: /usr/bin/time -o time_22_vdhankar_minglyu.txt -f "%U" /usr/lib/jvm/jdk-14.0.1/bin/java homework > stulog.txt 2>&1 on minglyu #####
##### SUCCESS: /usr/bin/time -o time_22_vdhankar_minglyu.txt -f "%U" /usr/lib/jvm/jdk-14.0.1/bin/java homework > stulog.txt 2>&1 on minglyu #####
##### minglyu plays [E d6 e5] in 4.31s #####
##### Running: /usr/lib/jvm/jdk-14.0.1/bin/java -jar /lab/itti/projects/checkers-competition/server/referee.jar on run_22_vdhankar_minglyu #####
Move is valid
##### SUCCESS: /usr/lib/jvm/jdk-14.0.1/bin/java -jar /lab/itti/projects/checkers-competition/server/referee.jar on run_22_vdhankar_minglyu #####
INPUT for vdhankar:
GAME
BLACK
32.1509420871735
........
........
........
b...W...
.......w
....b...
.....B..
w.....B.
##### Running: /usr/bin/time -o time_22_vdhankar_minglyu.txt -f "%U" python3 homework.py > stulog.txt 2>&1 on vdhankar #####
child exited with value 1
##### ERROR: /usr/bin/time -o time_22_vdhankar_minglyu.txt -f "%U" python3 homework.py > stulog.txt 2>&1 on vdhankar #####
##### Output of failed program (stdout + stderr): #####
Traceback (most recent call last):
  File "homework.py", line 546, in <module>
    print(end-start)
NameError: name 'end' is not defined
##### End of output of failed program #####
##### vdhankar plays [E g1 h2] in 3.09894800186157s #####
##### Running: /usr/lib/jvm/jdk-14.0.1/bin/java -jar /lab/itti/projects/checkers-competition/server/referee.jar on run_22_vdhankar_minglyu #####
Move is valid
##### SUCCESS: /usr/lib/jvm/jdk-14.0.1/bin/java -jar /lab/itti/projects/checkers-competition/server/referee.jar on run_22_vdhankar_minglyu #####
INPUT for minglyu:
GAME
WHITE
191.02
........
........
........
b...W...
.......w
....b...
.....B.B
w.......
##### Running: /usr/bin/time -o time_22_vdhankar_minglyu.txt -f "%U" /usr/lib/jvm/jdk-14.0.1/bin/java homework > stulog.txt 2>&1 on minglyu #####
##### SUCCESS: /usr/bin/time -o time_22_vdhankar_minglyu.txt -f "%U" /usr/lib/jvm/jdk-14.0.1/bin/java homework > stulog.txt 2>&1 on minglyu #####
##### minglyu plays [E e5 f6] in 5.01s #####
##### Running: /usr/lib/jvm/jdk-14.0.1/bin/java -jar /lab/itti/projects/checkers-competition/server/referee.jar on run_22_vdhankar_minglyu #####
Move is valid
##### SUCCESS: /usr/lib/jvm/jdk-14.0.1/bin/java -jar /lab/itti/projects/checkers-competition/server/referee.jar on run_22_vdhankar_minglyu #####
INPUT for vdhankar:
GAME
BLACK
29.0519940853119
........
........
.....W..
b.......
.......w
....b...
.....B.B
w.......
##### Running: /usr/bin/time -o time_22_vdhankar_minglyu.txt -f "%U" python3 homework.py > stulog.txt 2>&1 on vdhankar #####
child exited with value 1
##### ERROR: /usr/bin/time -o time_22_vdhankar_minglyu.txt -f "%U" python3 homework.py > stulog.txt 2>&1 on vdhankar #####
##### Output of failed program (stdout + stderr): #####
Traceback (most recent call last):
  File "homework.py", line 546, in <module>
    print(end-start)
NameError: name 'end' is not defined
##### End of output of failed program #####
##### vdhankar plays [E h2 g1] in 4.84916090965271s #####
##### Running: /usr/lib/jvm/jdk-14.0.1/bin/java -jar /lab/itti/projects/checkers-competition/server/referee.jar on run_22_vdhankar_minglyu #####
Move is valid
##### SUCCESS: /usr/lib/jvm/jdk-14.0.1/bin/java -jar /lab/itti/projects/checkers-competition/server/referee.jar on run_22_vdhankar_minglyu #####
INPUT for minglyu:
GAME
WHITE
186.01
........
........
.....W..
b.......
.......w
....b...
.....B..
w.....B.
##### Running: /usr/bin/time -o time_22_vdhankar_minglyu.txt -f "%U" /usr/lib/jvm/jdk-14.0.1/bin/java homework > stulog.txt 2>&1 on minglyu #####
##### SUCCESS: /usr/bin/time -o time_22_vdhankar_minglyu.txt -f "%U" /usr/lib/jvm/jdk-14.0.1/bin/java homework > stulog.txt 2>&1 on minglyu #####
##### minglyu plays [E f6 e5] in 3.98s #####
##### Running: /usr/lib/jvm/jdk-14.0.1/bin/java -jar /lab/itti/projects/checkers-competition/server/referee.jar on run_22_vdhankar_minglyu #####
Move is valid
##### SUCCESS: /usr/lib/jvm/jdk-14.0.1/bin/java -jar /lab/itti/projects/checkers-competition/server/referee.jar on run_22_vdhankar_minglyu #####
INPUT for vdhankar:
GAME
BLACK
24.2028331756592
........
........
........
b...W...
.......w
....b...
.....B..
w.....B.
##### Running: /usr/bin/time -o time_22_vdhankar_minglyu.txt -f "%U" python3 homework.py > stulog.txt 2>&1 on vdhankar #####
child exited with value 1
##### ERROR: /usr/bin/time -o time_22_vdhankar_minglyu.txt -f "%U" python3 homework.py > stulog.txt 2>&1 on vdhankar #####
##### Output of failed program (stdout + stderr): #####
Traceback (most recent call last):
  File "homework.py", line 546, in <module>
    print(end-start)
NameError: name 'end' is not defined
##### End of output of failed program #####
##### vdhankar plays [E e3 d2] in 0.42765998840332s #####
##### Running: /usr/lib/jvm/jdk-14.0.1/bin/java -jar /lab/itti/projects/checkers-competition/server/referee.jar on run_22_vdhankar_minglyu #####
Move is valid
Seen this position 3 times
*** Game ends in draw ***
##### SUCCESS: /usr/lib/jvm/jdk-14.0.1/bin/java -jar /lab/itti/projects/checkers-competition/server/referee.jar on run_22_vdhankar_minglyu #####
##### GAME ENDS IN A DRAW. Time left for vdhankar: 23.7751731872559s, minglyu: 182.03s
Server said: DRAW
##### GAME OVER: the game ends in a draw, minglyu wins by time remaining #####
########## ROUND 22 GAMESCORE AFTER GAME 3: vdhankar=0 and minglyu=3 ##########
#################### ROUND 22: vdhankar (W) vs minglyu (B): game 4 ####################
##### game start! #####
INPUT for minglyu:
GAME
BLACK
300
.b.b.b.b
b.b.b.b.
.b.b.b.b
........
........
w.w.w.w.
.w.w.w.w
w.w.w.w.
##### Running: /usr/bin/time -o time_22_vdhankar_minglyu.txt -f "%U" /usr/lib/jvm/jdk-14.0.1/bin/java homework > stulog.txt 2>&1 on minglyu #####
##### SUCCESS: /usr/bin/time -o time_22_vdhankar_minglyu.txt -f "%U" /usr/lib/jvm/jdk-14.0.1/bin/java homework > stulog.txt 2>&1 on minglyu #####
##### minglyu plays [E f6 g5] in 4.4s #####
##### Running: /usr/lib/jvm/jdk-14.0.1/bin/java -jar /lab/itti/projects/checkers-competition/server/referee.jar on run_22_vdhankar_minglyu #####
Move is valid
Couldn't read file 'current_ply.txt'
Couldn't read content from file 'current_ply.txt'
Couldn't read file 'lastmatchange_ply.txt'
Couldn't read content from file 'lastmatchange_ply.txt'
##### SUCCESS: /usr/lib/jvm/jdk-14.0.1/bin/java -jar /lab/itti/projects/checkers-competition/server/referee.jar on run_22_vdhankar_minglyu #####
INPUT for vdhankar:
GAME
WHITE
300
.b.b.b.b
b.b.b.b.
.b.b...b
......b.
........
w.w.w.w.
.w.w.w.w
w.w.w.w.
##### Running: /usr/bin/time -o time_22_vdhankar_minglyu.txt -f "%U" python3 homework.py > stulog.txt 2>&1 on vdhankar #####
child exited with value 1
##### ERROR: /usr/bin/time -o time_22_vdhankar_minglyu.txt -f "%U" python3 homework.py > stulog.txt 2>&1 on vdhankar #####
##### Output of failed program (stdout + stderr): #####
Traceback (most recent call last):
  File "homework.py", line 546, in <module>
    print(end-start)
NameError: name 'end' is not defined
##### End of output of failed program #####
##### vdhankar plays [E g3 h4] in 16.8295590877533s #####
##### Running: /usr/lib/jvm/jdk-14.0.1/bin/java -jar /lab/itti/projects/checkers-competition/server/referee.jar on run_22_vdhankar_minglyu #####
Move is valid
##### SUCCESS: /usr/lib/jvm/jdk-14.0.1/bin/java -jar /lab/itti/projects/checkers-competition/server/referee.jar on run_22_vdhankar_minglyu #####
INPUT for minglyu:
GAME
BLACK
295.6
.b.b.b.b
b.b.b.b.
.b.b...b
......b.
.......w
w.w.w...
.w.w.w.w
w.w.w.w.
##### Running: /usr/bin/time -o time_22_vdhankar_minglyu.txt -f "%U" /usr/lib/jvm/jdk-14.0.1/bin/java homework > stulog.txt 2>&1 on minglyu #####
##### SUCCESS: /usr/bin/time -o time_22_vdhankar_minglyu.txt -f "%U" /usr/lib/jvm/jdk-14.0.1/bin/java homework > stulog.txt 2>&1 on minglyu #####
##### minglyu plays [E d6 c5] in 2.89s #####
##### Running: /usr/lib/jvm/jdk-14.0.1/bin/java -jar /lab/itti/projects/checkers-competition/server/referee.jar on run_22_vdhankar_minglyu #####
Move is valid
##### SUCCESS: /usr/lib/jvm/jdk-14.0.1/bin/java -jar /lab/itti/projects/checkers-competition/server/referee.jar on run_22_vdhankar_minglyu #####
INPUT for vdhankar:
GAME
WHITE
283.170440912247
.b.b.b.b
b.b.b.b.
.b.....b
..b...b.
.......w
w.w.w...
.w.w.w.w
w.w.w.w.
##### Running: /usr/bin/time -o time_22_vdhankar_minglyu.txt -f "%U" python3 homework.py > stulog.txt 2>&1 on vdhankar #####
child exited with value 1
##### ERROR: /usr/bin/time -o time_22_vdhankar_minglyu.txt -f "%U" python3 homework.py > stulog.txt 2>&1 on vdhankar #####
##### Output of failed program (stdout + stderr): #####
Traceback (most recent call last):
  File "homework.py", line 546, in <module>
    print(end-start)
NameError: name 'end' is not defined
##### End of output of failed program #####
##### vdhankar plays [J h4 f6] in 1.98195695877075s #####
##### Running: /usr/lib/jvm/jdk-14.0.1/bin/java -jar /lab/itti/projects/checkers-competition/server/referee.jar on run_22_vdhankar_minglyu #####
Move is valid
##### SUCCESS: /usr/lib/jvm/jdk-14.0.1/bin/java -jar /lab/itti/projects/checkers-competition/server/referee.jar on run_22_vdhankar_minglyu #####
INPUT for minglyu:
GAME
BLACK
292.71
.b.b.b.b
b.b.b.b.
.b...w.b
..b.....
........
w.w.w...
.w.w.w.w
w.w.w.w.
##### Running: /usr/bin/time -o time_22_vdhankar_minglyu.txt -f "%U" /usr/lib/jvm/jdk-14.0.1/bin/java homework > stulog.txt 2>&1 on minglyu #####
##### SUCCESS: /usr/bin/time -o time_22_vdhankar_minglyu.txt -f "%U" /usr/lib/jvm/jdk-14.0.1/bin/java homework > stulog.txt 2>&1 on minglyu #####
##### minglyu plays [J e7 g5] in 2.94s #####
##### Running: /usr/lib/jvm/jdk-14.0.1/bin/java -jar /lab/itti/projects/checkers-competition/server/referee.jar on run_22_vdhankar_minglyu #####
Move is valid
##### SUCCESS: /usr/lib/jvm/jdk-14.0.1/bin/java -jar /lab/itti/projects/checkers-competition/server/referee.jar on run_22_vdhankar_minglyu #####
INPUT for vdhankar:
GAME
WHITE
281.188483953476
.b.b.b.b
b.b...b.
.b.....b
..b...b.
........
w.w.w...
.w.w.w.w
w.w.w.w.
##### Running: /usr/bin/time -o time_22_vdhankar_minglyu.txt -f "%U" python3 homework.py > stulog.txt 2>&1 on vdhankar #####
child exited with value 1
##### ERROR: /usr/bin/time -o time_22_vdhankar_minglyu.txt -f "%U" python3 homework.py > stulog.txt 2>&1 on vdhankar #####
##### Output of failed program (stdout + stderr): #####
Traceback (most recent call last):
  File "homework.py", line 546, in <module>
    print(end-start)
NameError: name 'end' is not defined
##### End of output of failed program #####
##### vdhankar plays [E f2 g3] in 12.8873128890991s #####
##### Running: /usr/lib/jvm/jdk-14.0.1/bin/java -jar /lab/itti/projects/checkers-competition/server/referee.jar on run_22_vdhankar_minglyu #####
Move is valid
##### SUCCESS: /usr/lib/jvm/jdk-14.0.1/bin/java -jar /lab/itti/projects/checkers-competition/server/referee.jar on run_22_vdhankar_minglyu #####
INPUT for minglyu:
GAME
BLACK
289.77
.b.b.b.b
b.b...b.
.b.....b
..b...b.
........
w.w.w.w.
.w.w...w
w.w.w.w.
##### Running: /usr/bin/time -o time_22_vdhankar_minglyu.txt -f "%U" /usr/lib/jvm/jdk-14.0.1/bin/java homework > stulog.txt 2>&1 on minglyu #####
##### SUCCESS: /usr/bin/time -o time_22_vdhankar_minglyu.txt -f "%U" /usr/lib/jvm/jdk-14.0.1/bin/java homework > stulog.txt 2>&1 on minglyu #####
##### minglyu plays [E g5 h4] in 5.42s #####
##### Running: /usr/lib/jvm/jdk-14.0.1/bin/java -jar /lab/itti/projects/checkers-competition/server/referee.jar on run_22_vdhankar_minglyu #####
Move is valid
##### SUCCESS: /usr/lib/jvm/jdk-14.0.1/bin/java -jar /lab/itti/projects/checkers-competition/server/referee.jar on run_22_vdhankar_minglyu #####
INPUT for vdhankar:
GAME
WHITE
268.301171064377
.b.b.b.b
b.b...b.
.b.....b
..b.....
.......b
w.w.w.w.
.w.w...w
w.w.w.w.
##### Running: /usr/bin/time -o time_22_vdhankar_minglyu.txt -f "%U" python3 homework.py > stulog.txt 2>&1 on vdhankar #####
child exited with value 1
##### ERROR: /usr/bin/time -o time_22_vdhankar_minglyu.txt -f "%U" python3 homework.py > stulog.txt 2>&1 on vdhankar #####
##### Output of failed program (stdout + stderr): #####
Traceback (most recent call last):
  File "homework.py", line 546, in <module>
    print(end-start)
NameError: name 'end' is not defined
##### End of output of failed program #####
##### vdhankar plays [E g1 f2] in 6.12794589996338s #####
##### Running: /usr/lib/jvm/jdk-14.0.1/bin/java -jar /lab/itti/projects/checkers-competition/server/referee.jar on run_22_vdhankar_minglyu #####
Move is valid
##### SUCCESS: /usr/lib/jvm/jdk-14.0.1/bin/java -jar /lab/itti/projects/checkers-competition/server/referee.jar on run_22_vdhankar_minglyu #####
INPUT for minglyu:
GAME
BLACK
284.35
.b.b.b.b
b.b...b.
.b.....b
..b.....
.......b
w.w.w.w.
.w.w.w.w
w.w.w...
##### Running: /usr/bin/time -o time_22_vdhankar_minglyu.txt -f "%U" /usr/lib/jvm/jdk-14.0.1/bin/java homework > stulog.txt 2>&1 on minglyu #####
##### SUCCESS: /usr/bin/time -o time_22_vdhankar_minglyu.txt -f "%U" /usr/lib/jvm/jdk-14.0.1/bin/java homework > stulog.txt 2>&1 on minglyu #####
##### minglyu plays [E g7 f6] in 4.23s #####
##### Running: /usr/lib/jvm/jdk-14.0.1/bin/java -jar /lab/itti/projects/checkers-competition/server/referee.jar on run_22_vdhankar_minglyu #####
Move is valid
##### SUCCESS: /usr/lib/jvm/jdk-14.0.1/bin/java -jar /lab/itti/projects/checkers-competition/server/referee.jar on run_22_vdhankar_minglyu #####
INPUT for vdhankar:
GAME
WHITE
262.173225164413
.b.b.b.b
b.b.....
.b...b.b
..b.....
.......b
w.w.w.w.
.w.w.w.w
w.w.w...
##### Running: /usr/bin/time -o time_22_vdhankar_minglyu.txt -f "%U" python3 homework.py > stulog.txt 2>&1 on vdhankar #####
child exited with value 1
##### ERROR: /usr/bin/time -o time_22_vdhankar_minglyu.txt -f "%U" python3 homework.py > stulog.txt 2>&1 on vdhankar #####
##### Output of failed program (stdout + stderr): #####
Traceback (most recent call last):
  File "homework.py", line 546, in <module>
    print(end-start)
NameError: name 'end' is not defined
##### End of output of failed program #####
##### vdhankar plays [E g3 f4] in 15.6189029216766s #####
##### Running: /usr/lib/jvm/jdk-14.0.1/bin/java -jar /lab/itti/projects/checkers-competition/server/referee.jar on run_22_vdhankar_minglyu #####
Move is valid
##### SUCCESS: /usr/lib/jvm/jdk-14.0.1/bin/java -jar /lab/itti/projects/checkers-competition/server/referee.jar on run_22_vdhankar_minglyu #####
INPUT for minglyu:
GAME
BLACK
280.12
.b.b.b.b
b.b.....
.b...b.b
..b.....
.....w.b
w.w.w...
.w.w.w.w
w.w.w...
##### Running: /usr/bin/time -o time_22_vdhankar_minglyu.txt -f "%U" /usr/lib/jvm/jdk-14.0.1/bin/java homework > stulog.txt 2>&1 on minglyu #####
##### SUCCESS: /usr/bin/time -o time_22_vdhankar_minglyu.txt -f "%U" /usr/lib/jvm/jdk-14.0.1/bin/java homework > stulog.txt 2>&1 on minglyu #####
##### minglyu plays [E f6 e5] in 3.85s #####
##### Running: /usr/lib/jvm/jdk-14.0.1/bin/java -jar /lab/itti/projects/checkers-competition/server/referee.jar on run_22_vdhankar_minglyu #####
Move is valid
##### SUCCESS: /usr/lib/jvm/jdk-14.0.1/bin/java -jar /lab/itti/projects/checkers-competition/server/referee.jar on run_22_vdhankar_minglyu #####
INPUT for vdhankar:
GAME
WHITE
246.554322242737
.b.b.b.b
b.b.....
.b.....b
..b.b...
.....w.b
w.w.w...
.w.w.w.w
w.w.w...
##### Running: /usr/bin/time -o time_22_vdhankar_minglyu.txt -f "%U" python3 homework.py > stulog.txt 2>&1 on vdhankar #####
child exited with value 1
##### ERROR: /usr/bin/time -o time_22_vdhankar_minglyu.txt -f "%U" python3 homework.py > stulog.txt 2>&1 on vdhankar #####
##### Output of failed program (stdout + stderr): #####
Traceback (most recent call last):
  File "homework.py", line 546, in <module>
    print(end-start)
NameError: name 'end' is not defined
##### End of output of failed program #####
##### vdhankar plays [J f4 d6] in 1.0149290561676s #####
##### Running: /usr/lib/jvm/jdk-14.0.1/bin/java -jar /lab/itti/projects/checkers-competition/server/referee.jar on run_22_vdhankar_minglyu #####
Move is valid
##### SUCCESS: /usr/lib/jvm/jdk-14.0.1/bin/java -jar /lab/itti/projects/checkers-competition/server/referee.jar on run_22_vdhankar_minglyu #####
INPUT for minglyu:
GAME
BLACK
276.27
.b.b.b.b
b.b.....
.b.w...b
..b.....
.......b
w.w.w...
.w.w.w.w
w.w.w...
##### Running: /usr/bin/time -o time_22_vdhankar_minglyu.txt -f "%U" /usr/lib/jvm/jdk-14.0.1/bin/java homework > stulog.txt 2>&1 on minglyu #####
##### SUCCESS: /usr/bin/time -o time_22_vdhankar_minglyu.txt -f "%U" /usr/lib/jvm/jdk-14.0.1/bin/java homework > stulog.txt 2>&1 on minglyu #####
##### minglyu plays [J c7 e5] in 0.19s #####
##### Running: /usr/lib/jvm/jdk-14.0.1/bin/java -jar /lab/itti/projects/checkers-competition/server/referee.jar on run_22_vdhankar_minglyu #####
Move is valid
##### SUCCESS: /usr/lib/jvm/jdk-14.0.1/bin/java -jar /lab/itti/projects/checkers-competition/server/referee.jar on run_22_vdhankar_minglyu #####
INPUT for vdhankar:
GAME
WHITE
245.539393186569
.b.b.b.b
b.......
.b.....b
..b.b...
.......b
w.w.w...
.w.w.w.w
w.w.w...
##### Running: /usr/bin/time -o time_22_vdhankar_minglyu.txt -f "%U" python3 homework.py > stulog.txt 2>&1 on vdhankar #####
child exited with value 1
##### ERROR: /usr/bin/time -o time_22_vdhankar_minglyu.txt -f "%U" python3 homework.py > stulog.txt 2>&1 on vdhankar #####
##### Output of failed program (stdout + stderr): #####
Traceback (most recent call last):
  File "homework.py", line 546, in <module>
    print(end-start)
NameError: name 'end' is not defined
##### End of output of failed program #####
##### vdhankar plays [E h2 g3] in 9.21138691902161s #####
##### Running: /usr/lib/jvm/jdk-14.0.1/bin/java -jar /lab/itti/projects/checkers-competition/server/referee.jar on run_22_vdhankar_minglyu #####
Move is valid
##### SUCCESS: /usr/lib/jvm/jdk-14.0.1/bin/java -jar /lab/itti/projects/checkers-competition/server/referee.jar on run_22_vdhankar_minglyu #####
INPUT for minglyu:
GAME
BLACK
276.08
.b.b.b.b
b.......
.b.....b
..b.b...
.......b
w.w.w.w.
.w.w.w..
w.w.w...
##### Running: /usr/bin/time -o time_22_vdhankar_minglyu.txt -f "%U" /usr/lib/jvm/jdk-14.0.1/bin/java homework > stulog.txt 2>&1 on minglyu #####
##### SUCCESS: /usr/bin/time -o time_22_vdhankar_minglyu.txt -f "%U" /usr/lib/jvm/jdk-14.0.1/bin/java homework > stulog.txt 2>&1 on minglyu #####
##### minglyu plays [E c5 d4] in 3.28s #####
##### Running: /usr/lib/jvm/jdk-14.0.1/bin/java -jar /lab/itti/projects/checkers-competition/server/referee.jar on run_22_vdhankar_minglyu #####
Move is valid
##### SUCCESS: /usr/lib/jvm/jdk-14.0.1/bin/java -jar /lab/itti/projects/checkers-competition/server/referee.jar on run_22_vdhankar_minglyu #####
INPUT for vdhankar:
GAME
WHITE
236.328006267548
.b.b.b.b
b.......
.b.....b
....b...
...b...b
w.w.w.w.
.w.w.w..
w.w.w...
##### Running: /usr/bin/time -o time_22_vdhankar_minglyu.txt -f "%U" python3 homework.py > stulog.txt 2>&1 on vdhankar #####
child exited with value 1
##### ERROR: /usr/bin/time -o time_22_vdhankar_minglyu.txt -f "%U" python3 homework.py > stulog.txt 2>&1 on vdhankar #####
##### Output of failed program (stdout + stderr): #####
Traceback (most recent call last):
  File "homework.py", line 546, in <module>
    print(end-start)
NameError: name 'end' is not defined
##### End of output of failed program #####
##### vdhankar plays [J e3 c5] in 1.49996590614319s #####
##### Running: /usr/lib/jvm/jdk-14.0.1/bin/java -jar /lab/itti/projects/checkers-competition/server/referee.jar on run_22_vdhankar_minglyu #####
Move is valid
##### SUCCESS: /usr/lib/jvm/jdk-14.0.1/bin/java -jar /lab/itti/projects/checkers-competition/server/referee.jar on run_22_vdhankar_minglyu #####
INPUT for minglyu:
GAME
BLACK
272.8
.b.b.b.b
b.......
.b.....b
..w.b...
.......b
w.w...w.
.w.w.w..
w.w.w...
##### Running: /usr/bin/time -o time_22_vdhankar_minglyu.txt -f "%U" /usr/lib/jvm/jdk-14.0.1/bin/java homework > stulog.txt 2>&1 on minglyu #####
##### SUCCESS: /usr/bin/time -o time_22_vdhankar_minglyu.txt -f "%U" /usr/lib/jvm/jdk-14.0.1/bin/java homework > stulog.txt 2>&1 on minglyu #####
##### minglyu plays [J b6 d4] in 0.18s #####
##### Running: /usr/lib/jvm/jdk-14.0.1/bin/java -jar /lab/itti/projects/checkers-competition/server/referee.jar on run_22_vdhankar_minglyu #####
Move is valid
##### SUCCESS: /usr/lib/jvm/jdk-14.0.1/bin/java -jar /lab/itti/projects/checkers-competition/server/referee.jar on run_22_vdhankar_minglyu #####
INPUT for vdhankar:
GAME
WHITE
234.828040361404
.b.b.b.b
b.......
.......b
....b...
...b...b
w.w...w.
.w.w.w..
w.w.w...
##### Running: /usr/bin/time -o time_22_vdhankar_minglyu.txt -f "%U" python3 homework.py > stulog.txt 2>&1 on vdhankar #####
child exited with value 1
##### ERROR: /usr/bin/time -o time_22_vdhankar_minglyu.txt -f "%U" python3 homework.py > stulog.txt 2>&1 on vdhankar #####
##### Output of failed program (stdout + stderr): #####
Traceback (most recent call last):
  File "homework.py", line 546, in <module>
    print(end-start)
NameError: name 'end' is not defined
##### End of output of failed program #####
##### vdhankar plays [E d2 e3] in 19.7377460002899s #####
##### Running: /usr/lib/jvm/jdk-14.0.1/bin/java -jar /lab/itti/projects/checkers-competition/server/referee.jar on run_22_vdhankar_minglyu #####
Move is valid
##### SUCCESS: /usr/lib/jvm/jdk-14.0.1/bin/java -jar /lab/itti/projects/checkers-competition/server/referee.jar on run_22_vdhankar_minglyu #####
INPUT for minglyu:
GAME
BLACK
272.62
.b.b.b.b
b.......
.......b
....b...
...b...b
w.w.w.w.
.w...w..
w.w.w...
##### Running: /usr/bin/time -o time_22_vdhankar_minglyu.txt -f "%U" /usr/lib/jvm/jdk-14.0.1/bin/java homework > stulog.txt 2>&1 on minglyu #####
##### SUCCESS: /usr/bin/time -o time_22_vdhankar_minglyu.txt -f "%U" /usr/lib/jvm/jdk-14.0.1/bin/java homework > stulog.txt 2>&1 on minglyu #####
##### minglyu plays [E h6 g5] in 4.81s #####
##### Running: /usr/lib/jvm/jdk-14.0.1/bin/java -jar /lab/itti/projects/checkers-competition/server/referee.jar on run_22_vdhankar_minglyu #####
Move is valid
##### SUCCESS: /usr/lib/jvm/jdk-14.0.1/bin/java -jar /lab/itti/projects/checkers-competition/server/referee.jar on run_22_vdhankar_minglyu #####
INPUT for vdhankar:
GAME
WHITE
215.090294361115
.b.b.b.b
b.......
........
....b.b.
...b...b
w.w.w.w.
.w...w..
w.w.w...
##### Running: /usr/bin/time -o time_22_vdhankar_minglyu.txt -f "%U" python3 homework.py > stulog.txt 2>&1 on vdhankar #####
child exited with value 1
##### ERROR: /usr/bin/time -o time_22_vdhankar_minglyu.txt -f "%U" python3 homework.py > stulog.txt 2>&1 on vdhankar #####
##### Output of failed program (stdout + stderr): #####
Traceback (most recent call last):
  File "homework.py", line 546, in <module>
    print(end-start)
NameError: name 'end' is not defined
##### End of output of failed program #####
##### vdhankar plays [J e3 c5] in 8.70637202262878s #####
##### Running: /usr/lib/jvm/jdk-14.0.1/bin/java -jar /lab/itti/projects/checkers-competition/server/referee.jar on run_22_vdhankar_minglyu #####
Move is valid
##### SUCCESS: /usr/lib/jvm/jdk-14.0.1/bin/java -jar /lab/itti/projects/checkers-competition/server/referee.jar on run_22_vdhankar_minglyu #####
INPUT for minglyu:
GAME
BLACK
267.81
.b.b.b.b
b.......
........
..w.b.b.
.......b
w.w...w.
.w...w..
w.w.w...
##### Running: /usr/bin/time -o time_22_vdhankar_minglyu.txt -f "%U" /usr/lib/jvm/jdk-14.0.1/bin/java homework > stulog.txt 2>&1 on minglyu #####
##### SUCCESS: /usr/bin/time -o time_22_vdhankar_minglyu.txt -f "%U" /usr/lib/jvm/jdk-14.0.1/bin/java homework > stulog.txt 2>&1 on minglyu #####
##### minglyu plays [E g5 f4] in 6.04s #####
##### Running: /usr/lib/jvm/jdk-14.0.1/bin/java -jar /lab/itti/projects/checkers-competition/server/referee.jar on run_22_vdhankar_minglyu #####
Move is valid
##### SUCCESS: /usr/lib/jvm/jdk-14.0.1/bin/java -jar /lab/itti/projects/checkers-competition/server/referee.jar on run_22_vdhankar_minglyu #####
INPUT for vdhankar:
GAME
WHITE
206.383922338486
.b.b.b.b
b.......
........
..w.b...
.....b.b
w.w...w.
.w...w..
w.w.w...
##### Running: /usr/bin/time -o time_22_vdhankar_minglyu.txt -f "%U" python3 homework.py > stulog.txt 2>&1 on vdhankar #####
child exited with value 1
##### ERROR: /usr/bin/time -o time_22_vdhankar_minglyu.txt -f "%U" python3 homework.py > stulog.txt 2>&1 on vdhankar #####
##### Output of failed program (stdout + stderr): #####
Traceback (most recent call last):
  File "homework.py", line 546, in <module>
    print(end-start)
NameError: name 'end' is not defined
##### End of output of failed program #####
##### vdhankar plays [E f2 e3] in 24.7777569293976s #####
##### Running: /usr/lib/jvm/jdk-14.0.1/bin/java -jar /lab/itti/projects/checkers-competition/server/referee.jar on run_22_vdhankar_minglyu #####
Move is valid
##### SUCCESS: /usr/lib/jvm/jdk-14.0.1/bin/java -jar /lab/itti/projects/checkers-competition/server/referee.jar on run_22_vdhankar_minglyu #####
INPUT for minglyu:
GAME
BLACK
261.77
.b.b.b.b
b.......
........
..w.b...
.....b.b
w.w.w.w.
.w......
w.w.w...
##### Running: /usr/bin/time -o time_22_vdhankar_minglyu.txt -f "%U" /usr/lib/jvm/jdk-14.0.1/bin/java homework > stulog.txt 2>&1 on minglyu #####
##### SUCCESS: /usr/bin/time -o time_22_vdhankar_minglyu.txt -f "%U" /usr/lib/jvm/jdk-14.0.1/bin/java homework > stulog.txt 2>&1 on minglyu #####
##### minglyu plays [J f4 h2] in 3.47s #####
##### Running: /usr/lib/jvm/jdk-14.0.1/bin/java -jar /lab/itti/projects/checkers-competition/server/referee.jar on run_22_vdhankar_minglyu #####
Move is valid
##### SUCCESS: /usr/lib/jvm/jdk-14.0.1/bin/java -jar /lab/itti/projects/checkers-competition/server/referee.jar on run_22_vdhankar_minglyu #####
INPUT for vdhankar:
GAME
WHITE
181.606165409088
.b.b.b.b
b.......
........
..w.b...
.......b
w.w.w...
.w.....b
w.w.w...
##### Running: /usr/bin/time -o time_22_vdhankar_minglyu.txt -f "%U" python3 homework.py > stulog.txt 2>&1 on vdhankar #####
child exited with value 1
##### ERROR: /usr/bin/time -o time_22_vdhankar_minglyu.txt -f "%U" python3 homework.py > stulog.txt 2>&1 on vdhankar #####
##### Output of failed program (stdout + stderr): #####
Traceback (most recent call last):
  File "homework.py", line 546, in <module>
    print(end-start)
NameError: name 'end' is not defined
##### End of output of failed program #####
##### vdhankar plays [E e3 d4] in 51.3043239116669s #####
##### Running: /usr/lib/jvm/jdk-14.0.1/bin/java -jar /lab/itti/projects/checkers-competition/server/referee.jar on run_22_vdhankar_minglyu #####
Move is valid
##### SUCCESS: /usr/lib/jvm/jdk-14.0.1/bin/java -jar /lab/itti/projects/checkers-competition/server/referee.jar on run_22_vdhankar_minglyu #####
INPUT for minglyu:
GAME
BLACK
258.3
.b.b.b.b
b.......
........
..w.b...
...w...b
w.w.....
.w.....b
w.w.w...
##### Running: /usr/bin/time -o time_22_vdhankar_minglyu.txt -f "%U" /usr/lib/jvm/jdk-14.0.1/bin/java homework > stulog.txt 2>&1 on minglyu #####
##### SUCCESS: /usr/bin/time -o time_22_vdhankar_minglyu.txt -f "%U" /usr/lib/jvm/jdk-14.0.1/bin/java homework > stulog.txt 2>&1 on minglyu #####
##### minglyu plays [E e5 f4] in 4.22s #####
##### Running: /usr/lib/jvm/jdk-14.0.1/bin/java -jar /lab/itti/projects/checkers-competition/server/referee.jar on run_22_vdhankar_minglyu #####
Move is valid
##### SUCCESS: /usr/lib/jvm/jdk-14.0.1/bin/java -jar /lab/itti/projects/checkers-competition/server/referee.jar on run_22_vdhankar_minglyu #####
INPUT for vdhankar:
GAME
WHITE
130.301841497421
.b.b.b.b
b.......
........
..w.....
...w.b.b
w.w.....
.w.....b
w.w.w...
##### Running: /usr/bin/time -o time_22_vdhankar_minglyu.txt -f "%U" python3 homework.py > stulog.txt 2>&1 on vdhankar #####
child exited with value 1
##### ERROR: /usr/bin/time -o time_22_vdhankar_minglyu.txt -f "%U" python3 homework.py > stulog.txt 2>&1 on vdhankar #####
##### Output of failed program (stdout + stderr): #####
Traceback (most recent call last):
  File "homework.py", line 546, in <module>
    print(end-start)
NameError: name 'end' is not defined
##### End of output of failed program #####
##### vdhankar plays [E a3 b4] in 135.540290117264s #####
##### Running: /usr/lib/jvm/jdk-14.0.1/bin/java -jar /lab/itti/projects/checkers-competition/server/referee.jar on run_22_vdhankar_minglyu #####
Move is valid
##### SUCCESS: /usr/lib/jvm/jdk-14.0.1/bin/java -jar /lab/itti/projects/checkers-competition/server/referee.jar on run_22_vdhankar_minglyu #####
INPUT for minglyu:
GAME
BLACK
254.08
.b.b.b.b
b.......
........
..w.....
.w.w.b.b
..w.....
.w.....b
w.w.w...
##### Running: /usr/bin/time -o time_22_vdhankar_minglyu.txt -f "%U" /usr/lib/jvm/jdk-14.0.1/bin/java homework > stulog.txt 2>&1 on minglyu #####
##### SUCCESS: /usr/bin/time -o time_22_vdhankar_minglyu.txt -f "%U" /usr/lib/jvm/jdk-14.0.1/bin/java homework > stulog.txt 2>&1 on minglyu #####
##### minglyu plays [E d8 c7] in 8.34s #####
##### Running: /usr/lib/jvm/jdk-14.0.1/bin/java -jar /lab/itti/projects/checkers-competition/server/referee.jar on run_22_vdhankar_minglyu #####
Move is valid
##### SUCCESS: /usr/lib/jvm/jdk-14.0.1/bin/java -jar /lab/itti/projects/checkers-competition/server/referee.jar on run_22_vdhankar_minglyu #####
INPUT for vdhankar:
GAME
WHITE
-5.23844861984253
.b...b.b
b.b.....
........
..w.....
.w.w.b.b
..w.....
.w.....b
w.w.w...
Not running vdhankar because of negative remaining time -- passing illegal move instead
##### No output.txt found. Making a bogus one... #####
##### Running: /usr/lib/jvm/jdk-14.0.1/bin/java -jar /lab/itti/projects/checkers-competition/server/referee.jar on run_22_vdhankar_minglyu #####
Step in a move needs to have 3 sections, found 1 in 'illegal'.
child exited with value 255
##### ERROR: /usr/lib/jvm/jdk-14.0.1/bin/java -jar /lab/itti/projects/checkers-competition/server/referee.jar on run_22_vdhankar_minglyu #####
Game server reported error. Assuming bogus move.
##### GAME OVER: vdhankar loses because of illegal move [No Move] #####
Server said: FAIL
########## ROUND 22 GAMESCORE AFTER GAME 4: vdhankar=0 and minglyu=4 ##########


########## GRAND WINNER ROUND 22 IS minglyu BY 4 vs 0 GAMESCORE ##########
