#################### ROUND 22: vdhankar (B) vs kgunda (W): game 1 ####################
##### game start! #####
INPUT for vdhankar:
GAME
BLACK
300
.b.b.b.b
b.b.b.b.
.b.b.b.b
........
........
w.w.w.w.
.w.w.w.w
w.w.w.w.
##### Running: /usr/bin/time -o time_22_vdhankar_kgunda.txt -f "%U" python3 homework.py > stulog.txt 2>&1 on vdhankar #####
child exited with value 1
##### ERROR: /usr/bin/time -o time_22_vdhankar_kgunda.txt -f "%U" python3 homework.py > stulog.txt 2>&1 on vdhankar #####
##### Output of failed program (stdout + stderr): #####
Traceback (most recent call last):
  File "homework.py", line 546, in <module>
    print(end-start)
NameError: name 'end' is not defined
##### End of output of failed program #####
##### vdhankar plays [E h6 g5] in 11.3217329978943s #####
##### Running: /usr/lib/jvm/jdk-14.0.1/bin/java -jar /lab/itti/projects/checkers-competition/server/referee.jar on run_22_vdhankar_kgunda #####
Move is valid
Couldn't read file 'current_ply.txt'
Couldn't read content from file 'current_ply.txt'
Couldn't read file 'lastmatchange_ply.txt'
Couldn't read content from file 'lastmatchange_ply.txt'
##### SUCCESS: /usr/lib/jvm/jdk-14.0.1/bin/java -jar /lab/itti/projects/checkers-competition/server/referee.jar on run_22_vdhankar_kgunda #####
INPUT for kgunda:
GAME
WHITE
300
.b.b.b.b
b.b.b.b.
.b.b.b..
......b.
........
w.w.w.w.
.w.w.w.w
w.w.w.w.
##### Running: /usr/bin/time -o time_22_vdhankar_kgunda.txt -f "%U" /usr/lib/jvm/jdk-14.0.1/bin/java homework > stulog.txt 2>&1 on kgunda #####
##### SUCCESS: /usr/bin/time -o time_22_vdhankar_kgunda.txt -f "%U" /usr/lib/jvm/jdk-14.0.1/bin/java homework > stulog.txt 2>&1 on kgunda #####
##### kgunda plays [E e3 d4] in 0.31s #####
##### Running: /usr/lib/jvm/jdk-14.0.1/bin/java -jar /lab/itti/projects/checkers-competition/server/referee.jar on run_22_vdhankar_kgunda #####
Move is valid
##### SUCCESS: /usr/lib/jvm/jdk-14.0.1/bin/java -jar /lab/itti/projects/checkers-competition/server/referee.jar on run_22_vdhankar_kgunda #####
INPUT for vdhankar:
GAME
BLACK
288.678267002106
.b.b.b.b
b.b.b.b.
.b.b.b..
......b.
...w....
w.w...w.
.w.w.w.w
w.w.w.w.
##### Running: /usr/bin/time -o time_22_vdhankar_kgunda.txt -f "%U" python3 homework.py > stulog.txt 2>&1 on vdhankar #####
child exited with value 1
##### ERROR: /usr/bin/time -o time_22_vdhankar_kgunda.txt -f "%U" python3 homework.py > stulog.txt 2>&1 on vdhankar #####
##### Output of failed program (stdout + stderr): #####
Traceback (most recent call last):
  File "homework.py", line 546, in <module>
    print(end-start)
NameError: name 'end' is not defined
##### End of output of failed program #####
##### vdhankar plays [E g5 h4] in 9.20539498329163s #####
##### Running: /usr/lib/jvm/jdk-14.0.1/bin/java -jar /lab/itti/projects/checkers-competition/server/referee.jar on run_22_vdhankar_kgunda #####
Move is valid
##### SUCCESS: /usr/lib/jvm/jdk-14.0.1/bin/java -jar /lab/itti/projects/checkers-competition/server/referee.jar on run_22_vdhankar_kgunda #####
INPUT for kgunda:
GAME
WHITE
299.69
.b.b.b.b
b.b.b.b.
.b.b.b..
........
...w...b
w.w...w.
.w.w.w.w
w.w.w.w.
##### Running: /usr/bin/time -o time_22_vdhankar_kgunda.txt -f "%U" /usr/lib/jvm/jdk-14.0.1/bin/java homework > stulog.txt 2>&1 on kgunda #####
##### SUCCESS: /usr/bin/time -o time_22_vdhankar_kgunda.txt -f "%U" /usr/lib/jvm/jdk-14.0.1/bin/java homework > stulog.txt 2>&1 on kgunda #####
##### kgunda plays [E d2 e3] in 0.27s #####
##### Running: /usr/lib/jvm/jdk-14.0.1/bin/java -jar /lab/itti/projects/checkers-competition/server/referee.jar on run_22_vdhankar_kgunda #####
Move is valid
##### SUCCESS: /usr/lib/jvm/jdk-14.0.1/bin/java -jar /lab/itti/projects/checkers-competition/server/referee.jar on run_22_vdhankar_kgunda #####
INPUT for vdhankar:
GAME
BLACK
279.472872018814
.b.b.b.b
b.b.b.b.
.b.b.b..
........
...w...b
w.w.w.w.
.w...w.w
w.w.w.w.
##### Running: /usr/bin/time -o time_22_vdhankar_kgunda.txt -f "%U" python3 homework.py > stulog.txt 2>&1 on vdhankar #####
child exited with value 1
##### ERROR: /usr/bin/time -o time_22_vdhankar_kgunda.txt -f "%U" python3 homework.py > stulog.txt 2>&1 on vdhankar #####
##### Output of failed program (stdout + stderr): #####
Traceback (most recent call last):
  File "homework.py", line 546, in <module>
    print(end-start)
NameError: name 'end' is not defined
##### End of output of failed program #####
##### vdhankar plays [E d6 e5] in 8.73729681968689s #####
##### Running: /usr/lib/jvm/jdk-14.0.1/bin/java -jar /lab/itti/projects/checkers-competition/server/referee.jar on run_22_vdhankar_kgunda #####
Move is valid
##### SUCCESS: /usr/lib/jvm/jdk-14.0.1/bin/java -jar /lab/itti/projects/checkers-competition/server/referee.jar on run_22_vdhankar_kgunda #####
INPUT for kgunda:
GAME
WHITE
299.42
.b.b.b.b
b.b.b.b.
.b...b..
....b...
...w...b
w.w.w.w.
.w...w.w
w.w.w.w.
##### Running: /usr/bin/time -o time_22_vdhankar_kgunda.txt -f "%U" /usr/lib/jvm/jdk-14.0.1/bin/java homework > stulog.txt 2>&1 on kgunda #####
##### SUCCESS: /usr/bin/time -o time_22_vdhankar_kgunda.txt -f "%U" /usr/lib/jvm/jdk-14.0.1/bin/java homework > stulog.txt 2>&1 on kgunda #####
##### kgunda plays [E a3 b4] in 0.25s #####
##### Running: /usr/lib/jvm/jdk-14.0.1/bin/java -jar /lab/itti/projects/checkers-competition/server/referee.jar on run_22_vdhankar_kgunda #####
Move is valid
##### SUCCESS: /usr/lib/jvm/jdk-14.0.1/bin/java -jar /lab/itti/projects/checkers-competition/server/referee.jar on run_22_vdhankar_kgunda #####
INPUT for vdhankar:
GAME
BLACK
270.735575199127
.b.b.b.b
b.b.b.b.
.b...b..
....b...
.w.w...b
..w.w.w.
.w...w.w
w.w.w.w.
##### Running: /usr/bin/time -o time_22_vdhankar_kgunda.txt -f "%U" python3 homework.py > stulog.txt 2>&1 on vdhankar #####
child exited with value 1
##### ERROR: /usr/bin/time -o time_22_vdhankar_kgunda.txt -f "%U" python3 homework.py > stulog.txt 2>&1 on vdhankar #####
##### Output of failed program (stdout + stderr): #####
Traceback (most recent call last):
  File "homework.py", line 546, in <module>
    print(end-start)
NameError: name 'end' is not defined
##### End of output of failed program #####
##### vdhankar plays [E c7 d6] in 4.54971790313721s #####
##### Running: /usr/lib/jvm/jdk-14.0.1/bin/java -jar /lab/itti/projects/checkers-competition/server/referee.jar on run_22_vdhankar_kgunda #####
Move is valid
##### SUCCESS: /usr/lib/jvm/jdk-14.0.1/bin/java -jar /lab/itti/projects/checkers-competition/server/referee.jar on run_22_vdhankar_kgunda #####
INPUT for kgunda:
GAME
WHITE
299.17
.b.b.b.b
b...b.b.
.b.b.b..
....b...
.w.w...b
..w.w.w.
.w...w.w
w.w.w.w.
##### Running: /usr/bin/time -o time_22_vdhankar_kgunda.txt -f "%U" /usr/lib/jvm/jdk-14.0.1/bin/java homework > stulog.txt 2>&1 on kgunda #####
##### SUCCESS: /usr/bin/time -o time_22_vdhankar_kgunda.txt -f "%U" /usr/lib/jvm/jdk-14.0.1/bin/java homework > stulog.txt 2>&1 on kgunda #####
##### kgunda plays [E b4 a5] in 0.31s #####
##### Running: /usr/lib/jvm/jdk-14.0.1/bin/java -jar /lab/itti/projects/checkers-competition/server/referee.jar on run_22_vdhankar_kgunda #####
Move is valid
##### SUCCESS: /usr/lib/jvm/jdk-14.0.1/bin/java -jar /lab/itti/projects/checkers-competition/server/referee.jar on run_22_vdhankar_kgunda #####
INPUT for vdhankar:
GAME
BLACK
266.18585729599
.b.b.b.b
b...b.b.
.b.b.b..
w...b...
...w...b
..w.w.w.
.w...w.w
w.w.w.w.
##### Running: /usr/bin/time -o time_22_vdhankar_kgunda.txt -f "%U" python3 homework.py > stulog.txt 2>&1 on vdhankar #####
child exited with value 1
##### ERROR: /usr/bin/time -o time_22_vdhankar_kgunda.txt -f "%U" python3 homework.py > stulog.txt 2>&1 on vdhankar #####
##### Output of failed program (stdout + stderr): #####
Traceback (most recent call last):
  File "homework.py", line 546, in <module>
    print(end-start)
NameError: name 'end' is not defined
##### End of output of failed program #####
##### vdhankar plays [E g7 h6] in 2.24661302566528s #####
##### Running: /usr/lib/jvm/jdk-14.0.1/bin/java -jar /lab/itti/projects/checkers-competition/server/referee.jar on run_22_vdhankar_kgunda #####
Move is valid
##### SUCCESS: /usr/lib/jvm/jdk-14.0.1/bin/java -jar /lab/itti/projects/checkers-competition/server/referee.jar on run_22_vdhankar_kgunda #####
INPUT for kgunda:
GAME
WHITE
298.86
.b.b.b.b
b...b...
.b.b.b.b
w...b...
...w...b
..w.w.w.
.w...w.w
w.w.w.w.
##### Running: /usr/bin/time -o time_22_vdhankar_kgunda.txt -f "%U" /usr/lib/jvm/jdk-14.0.1/bin/java homework > stulog.txt 2>&1 on kgunda #####
##### SUCCESS: /usr/bin/time -o time_22_vdhankar_kgunda.txt -f "%U" /usr/lib/jvm/jdk-14.0.1/bin/java homework > stulog.txt 2>&1 on kgunda #####
##### kgunda plays [J a5 c7] in 0.13s #####
##### Running: /usr/lib/jvm/jdk-14.0.1/bin/java -jar /lab/itti/projects/checkers-competition/server/referee.jar on run_22_vdhankar_kgunda #####
Move is valid
##### SUCCESS: /usr/lib/jvm/jdk-14.0.1/bin/java -jar /lab/itti/projects/checkers-competition/server/referee.jar on run_22_vdhankar_kgunda #####
INPUT for vdhankar:
GAME
BLACK
263.939244270325
.b.b.b.b
b.w.b...
...b.b.b
....b...
...w...b
..w.w.w.
.w...w.w
w.w.w.w.
##### Running: /usr/bin/time -o time_22_vdhankar_kgunda.txt -f "%U" python3 homework.py > stulog.txt 2>&1 on vdhankar #####
child exited with value 1
##### ERROR: /usr/bin/time -o time_22_vdhankar_kgunda.txt -f "%U" python3 homework.py > stulog.txt 2>&1 on vdhankar #####
##### Output of failed program (stdout + stderr): #####
Traceback (most recent call last):
  File "homework.py", line 546, in <module>
    print(end-start)
NameError: name 'end' is not defined
##### End of output of failed program #####
##### vdhankar plays [J d8 b6] in 1.88987684249878s #####
##### Running: /usr/lib/jvm/jdk-14.0.1/bin/java -jar /lab/itti/projects/checkers-competition/server/referee.jar on run_22_vdhankar_kgunda #####
Move is valid
##### SUCCESS: /usr/lib/jvm/jdk-14.0.1/bin/java -jar /lab/itti/projects/checkers-competition/server/referee.jar on run_22_vdhankar_kgunda #####
INPUT for kgunda:
GAME
WHITE
298.73
.b...b.b
b...b...
.b.b.b.b
....b...
...w...b
..w.w.w.
.w...w.w
w.w.w.w.
##### Running: /usr/bin/time -o time_22_vdhankar_kgunda.txt -f "%U" /usr/lib/jvm/jdk-14.0.1/bin/java homework > stulog.txt 2>&1 on kgunda #####
##### SUCCESS: /usr/bin/time -o time_22_vdhankar_kgunda.txt -f "%U" /usr/lib/jvm/jdk-14.0.1/bin/java homework > stulog.txt 2>&1 on kgunda #####
##### kgunda plays [E b2 a3] in 0.31s #####
##### Running: /usr/lib/jvm/jdk-14.0.1/bin/java -jar /lab/itti/projects/checkers-competition/server/referee.jar on run_22_vdhankar_kgunda #####
Move is valid
##### SUCCESS: /usr/lib/jvm/jdk-14.0.1/bin/java -jar /lab/itti/projects/checkers-competition/server/referee.jar on run_22_vdhankar_kgunda #####
INPUT for vdhankar:
GAME
BLACK
262.049367427826
.b...b.b
b...b...
.b.b.b.b
....b...
...w...b
w.w.w.w.
.....w.w
w.w.w.w.
##### Running: /usr/bin/time -o time_22_vdhankar_kgunda.txt -f "%U" python3 homework.py > stulog.txt 2>&1 on vdhankar #####
child exited with value 1
##### ERROR: /usr/bin/time -o time_22_vdhankar_kgunda.txt -f "%U" python3 homework.py > stulog.txt 2>&1 on vdhankar #####
##### Output of failed program (stdout + stderr): #####
Traceback (most recent call last):
  File "homework.py", line 546, in <module>
    print(end-start)
NameError: name 'end' is not defined
##### End of output of failed program #####
##### vdhankar plays [E b6 c5] in 9.70721507072449s #####
##### Running: /usr/lib/jvm/jdk-14.0.1/bin/java -jar /lab/itti/projects/checkers-competition/server/referee.jar on run_22_vdhankar_kgunda #####
Move is valid
##### SUCCESS: /usr/lib/jvm/jdk-14.0.1/bin/java -jar /lab/itti/projects/checkers-competition/server/referee.jar on run_22_vdhankar_kgunda #####
INPUT for kgunda:
GAME
WHITE
298.42
.b...b.b
b...b...
...b.b.b
..b.b...
...w...b
w.w.w.w.
.....w.w
w.w.w.w.
##### Running: /usr/bin/time -o time_22_vdhankar_kgunda.txt -f "%U" /usr/lib/jvm/jdk-14.0.1/bin/java homework > stulog.txt 2>&1 on kgunda #####
##### SUCCESS: /usr/bin/time -o time_22_vdhankar_kgunda.txt -f "%U" /usr/lib/jvm/jdk-14.0.1/bin/java homework > stulog.txt 2>&1 on kgunda #####
##### kgunda plays [J d4 b6] in 0.15s #####
##### Running: /usr/lib/jvm/jdk-14.0.1/bin/java -jar /lab/itti/projects/checkers-competition/server/referee.jar on run_22_vdhankar_kgunda #####
Move is valid
##### SUCCESS: /usr/lib/jvm/jdk-14.0.1/bin/java -jar /lab/itti/projects/checkers-competition/server/referee.jar on run_22_vdhankar_kgunda #####
INPUT for vdhankar:
GAME
BLACK
252.342152357101
.b...b.b
b...b...
.w.b.b.b
....b...
.......b
w.w.w.w.
.....w.w
w.w.w.w.
##### Running: /usr/bin/time -o time_22_vdhankar_kgunda.txt -f "%U" python3 homework.py > stulog.txt 2>&1 on vdhankar #####
child exited with value 1
##### ERROR: /usr/bin/time -o time_22_vdhankar_kgunda.txt -f "%U" python3 homework.py > stulog.txt 2>&1 on vdhankar #####
##### Output of failed program (stdout + stderr): #####
Traceback (most recent call last):
  File "homework.py", line 546, in <module>
    print(end-start)
NameError: name 'end' is not defined
##### End of output of failed program #####
##### vdhankar plays [J a7 c5] in 7.1662540435791s #####
##### Running: /usr/lib/jvm/jdk-14.0.1/bin/java -jar /lab/itti/projects/checkers-competition/server/referee.jar on run_22_vdhankar_kgunda #####
Move is valid
##### SUCCESS: /usr/lib/jvm/jdk-14.0.1/bin/java -jar /lab/itti/projects/checkers-competition/server/referee.jar on run_22_vdhankar_kgunda #####
INPUT for kgunda:
GAME
WHITE
298.27
.b...b.b
....b...
...b.b.b
..b.b...
.......b
w.w.w.w.
.....w.w
w.w.w.w.
##### Running: /usr/bin/time -o time_22_vdhankar_kgunda.txt -f "%U" /usr/lib/jvm/jdk-14.0.1/bin/java homework > stulog.txt 2>&1 on kgunda #####
##### SUCCESS: /usr/bin/time -o time_22_vdhankar_kgunda.txt -f "%U" /usr/lib/jvm/jdk-14.0.1/bin/java homework > stulog.txt 2>&1 on kgunda #####
##### kgunda plays [E c3 b4] in 0.25s #####
##### Running: /usr/lib/jvm/jdk-14.0.1/bin/java -jar /lab/itti/projects/checkers-competition/server/referee.jar on run_22_vdhankar_kgunda #####
Move is valid
##### SUCCESS: /usr/lib/jvm/jdk-14.0.1/bin/java -jar /lab/itti/projects/checkers-competition/server/referee.jar on run_22_vdhankar_kgunda #####
INPUT for vdhankar:
GAME
BLACK
245.175898313522
.b...b.b
....b...
...b.b.b
..b.b...
.w.....b
w...w.w.
.....w.w
w.w.w.w.
##### Running: /usr/bin/time -o time_22_vdhankar_kgunda.txt -f "%U" python3 homework.py > stulog.txt 2>&1 on vdhankar #####
child exited with value 1
##### ERROR: /usr/bin/time -o time_22_vdhankar_kgunda.txt -f "%U" python3 homework.py > stulog.txt 2>&1 on vdhankar #####
##### Output of failed program (stdout + stderr): #####
Traceback (most recent call last):
  File "homework.py", line 546, in <module>
    print(end-start)
NameError: name 'end' is not defined
##### End of output of failed program #####
##### vdhankar plays [E e5 d4] in 13.5441341400146s #####
##### Running: /usr/lib/jvm/jdk-14.0.1/bin/java -jar /lab/itti/projects/checkers-competition/server/referee.jar on run_22_vdhankar_kgunda #####
Move is valid
##### SUCCESS: /usr/lib/jvm/jdk-14.0.1/bin/java -jar /lab/itti/projects/checkers-competition/server/referee.jar on run_22_vdhankar_kgunda #####
INPUT for kgunda:
GAME
WHITE
298.02
.b...b.b
....b...
...b.b.b
..b.....
.w.b...b
w...w.w.
.....w.w
w.w.w.w.
##### Running: /usr/bin/time -o time_22_vdhankar_kgunda.txt -f "%U" /usr/lib/jvm/jdk-14.0.1/bin/java homework > stulog.txt 2>&1 on kgunda #####
##### SUCCESS: /usr/bin/time -o time_22_vdhankar_kgunda.txt -f "%U" /usr/lib/jvm/jdk-14.0.1/bin/java homework > stulog.txt 2>&1 on kgunda #####
##### kgunda plays [E c1 d2] in 0.3s #####
##### Running: /usr/lib/jvm/jdk-14.0.1/bin/java -jar /lab/itti/projects/checkers-competition/server/referee.jar on run_22_vdhankar_kgunda #####
Move is valid
##### SUCCESS: /usr/lib/jvm/jdk-14.0.1/bin/java -jar /lab/itti/projects/checkers-competition/server/referee.jar on run_22_vdhankar_kgunda #####
INPUT for vdhankar:
GAME
BLACK
231.631764173508
.b...b.b
....b...
...b.b.b
..b.....
.w.b...b
w...w.w.
...w.w.w
w...w.w.
##### Running: /usr/bin/time -o time_22_vdhankar_kgunda.txt -f "%U" python3 homework.py > stulog.txt 2>&1 on vdhankar #####
child exited with value 1
##### ERROR: /usr/bin/time -o time_22_vdhankar_kgunda.txt -f "%U" python3 homework.py > stulog.txt 2>&1 on vdhankar #####
##### Output of failed program (stdout + stderr): #####
Traceback (most recent call last):
  File "homework.py", line 546, in <module>
    print(end-start)
NameError: name 'end' is not defined
##### End of output of failed program #####
##### vdhankar plays [E f6 g5] in 8.64210605621338s #####
##### Running: /usr/lib/jvm/jdk-14.0.1/bin/java -jar /lab/itti/projects/checkers-competition/server/referee.jar on run_22_vdhankar_kgunda #####
Move is valid
##### SUCCESS: /usr/lib/jvm/jdk-14.0.1/bin/java -jar /lab/itti/projects/checkers-competition/server/referee.jar on run_22_vdhankar_kgunda #####
INPUT for kgunda:
GAME
WHITE
297.72
.b...b.b
....b...
...b...b
..b...b.
.w.b...b
w...w.w.
...w.w.w
w...w.w.
##### Running: /usr/bin/time -o time_22_vdhankar_kgunda.txt -f "%U" /usr/lib/jvm/jdk-14.0.1/bin/java homework > stulog.txt 2>&1 on kgunda #####
##### SUCCESS: /usr/bin/time -o time_22_vdhankar_kgunda.txt -f "%U" /usr/lib/jvm/jdk-14.0.1/bin/java homework > stulog.txt 2>&1 on kgunda #####
##### kgunda plays [E b4 a5] in 0.18s #####
##### Running: /usr/lib/jvm/jdk-14.0.1/bin/java -jar /lab/itti/projects/checkers-competition/server/referee.jar on run_22_vdhankar_kgunda #####
Move is valid
##### SUCCESS: /usr/lib/jvm/jdk-14.0.1/bin/java -jar /lab/itti/projects/checkers-competition/server/referee.jar on run_22_vdhankar_kgunda #####
INPUT for vdhankar:
GAME
BLACK
222.989658117294
.b...b.b
....b...
...b...b
w.b...b.
...b...b
w...w.w.
...w.w.w
w...w.w.
##### Running: /usr/bin/time -o time_22_vdhankar_kgunda.txt -f "%U" python3 homework.py > stulog.txt 2>&1 on vdhankar #####
child exited with value 1
##### ERROR: /usr/bin/time -o time_22_vdhankar_kgunda.txt -f "%U" python3 homework.py > stulog.txt 2>&1 on vdhankar #####
##### Output of failed program (stdout + stderr): #####
Traceback (most recent call last):
  File "homework.py", line 546, in <module>
    print(end-start)
NameError: name 'end' is not defined
##### End of output of failed program #####
##### vdhankar plays [E d6 e5] in 4.43972396850586s #####
##### Running: /usr/lib/jvm/jdk-14.0.1/bin/java -jar /lab/itti/projects/checkers-competition/server/referee.jar on run_22_vdhankar_kgunda #####
Move is valid
##### SUCCESS: /usr/lib/jvm/jdk-14.0.1/bin/java -jar /lab/itti/projects/checkers-competition/server/referee.jar on run_22_vdhankar_kgunda #####
INPUT for kgunda:
GAME
WHITE
297.54
.b...b.b
....b...
.......b
w.b.b.b.
...b...b
w...w.w.
...w.w.w
w...w.w.
##### Running: /usr/bin/time -o time_22_vdhankar_kgunda.txt -f "%U" /usr/lib/jvm/jdk-14.0.1/bin/java homework > stulog.txt 2>&1 on kgunda #####
##### SUCCESS: /usr/bin/time -o time_22_vdhankar_kgunda.txt -f "%U" /usr/lib/jvm/jdk-14.0.1/bin/java homework > stulog.txt 2>&1 on kgunda #####
##### kgunda plays [E a1 b2] in 0.23s #####
##### Running: /usr/lib/jvm/jdk-14.0.1/bin/java -jar /lab/itti/projects/checkers-competition/server/referee.jar on run_22_vdhankar_kgunda #####
Move is valid
##### SUCCESS: /usr/lib/jvm/jdk-14.0.1/bin/java -jar /lab/itti/projects/checkers-competition/server/referee.jar on run_22_vdhankar_kgunda #####
INPUT for vdhankar:
GAME
BLACK
218.549934148788
.b...b.b
....b...
.......b
w.b.b.b.
...b...b
w...w.w.
.w.w.w.w
....w.w.
##### Running: /usr/bin/time -o time_22_vdhankar_kgunda.txt -f "%U" python3 homework.py > stulog.txt 2>&1 on vdhankar #####
child exited with value 1
##### ERROR: /usr/bin/time -o time_22_vdhankar_kgunda.txt -f "%U" python3 homework.py > stulog.txt 2>&1 on vdhankar #####
##### Output of failed program (stdout + stderr): #####
Traceback (most recent call last):
  File "homework.py", line 546, in <module>
    print(end-start)
NameError: name 'end' is not defined
##### End of output of failed program #####
##### vdhankar plays [E g5 f4] in 3.88371586799622s #####
##### Running: /usr/lib/jvm/jdk-14.0.1/bin/java -jar /lab/itti/projects/checkers-competition/server/referee.jar on run_22_vdhankar_kgunda #####
Move is valid
##### SUCCESS: /usr/lib/jvm/jdk-14.0.1/bin/java -jar /lab/itti/projects/checkers-competition/server/referee.jar on run_22_vdhankar_kgunda #####
INPUT for kgunda:
GAME
WHITE
297.31
.b...b.b
....b...
.......b
w.b.b...
...b.b.b
w...w.w.
.w.w.w.w
....w.w.
##### Running: /usr/bin/time -o time_22_vdhankar_kgunda.txt -f "%U" /usr/lib/jvm/jdk-14.0.1/bin/java homework > stulog.txt 2>&1 on kgunda #####
##### SUCCESS: /usr/bin/time -o time_22_vdhankar_kgunda.txt -f "%U" /usr/lib/jvm/jdk-14.0.1/bin/java homework > stulog.txt 2>&1 on kgunda #####
##### kgunda plays [J e3 g5] in 0.1s #####
##### Running: /usr/lib/jvm/jdk-14.0.1/bin/java -jar /lab/itti/projects/checkers-competition/server/referee.jar on run_22_vdhankar_kgunda #####
Move is valid
##### SUCCESS: /usr/lib/jvm/jdk-14.0.1/bin/java -jar /lab/itti/projects/checkers-competition/server/referee.jar on run_22_vdhankar_kgunda #####
INPUT for vdhankar:
GAME
BLACK
214.666218280792
.b...b.b
....b...
.......b
w.b.b.w.
...b...b
w.....w.
.w.w.w.w
....w.w.
##### Running: /usr/bin/time -o time_22_vdhankar_kgunda.txt -f "%U" python3 homework.py > stulog.txt 2>&1 on vdhankar #####
child exited with value 1
##### ERROR: /usr/bin/time -o time_22_vdhankar_kgunda.txt -f "%U" python3 homework.py > stulog.txt 2>&1 on vdhankar #####
##### Output of failed program (stdout + stderr): #####
Traceback (most recent call last):
  File "homework.py", line 546, in <module>
    print(end-start)
NameError: name 'end' is not defined
##### End of output of failed program #####
##### vdhankar plays [J h6 f4] in 1.73322319984436s #####
##### Running: /usr/lib/jvm/jdk-14.0.1/bin/java -jar /lab/itti/projects/checkers-competition/server/referee.jar on run_22_vdhankar_kgunda #####
Move is valid
##### SUCCESS: /usr/lib/jvm/jdk-14.0.1/bin/java -jar /lab/itti/projects/checkers-competition/server/referee.jar on run_22_vdhankar_kgunda #####
INPUT for kgunda:
GAME
WHITE
297.21
.b...b.b
....b...
........
w.b.b...
...b.b.b
w.....w.
.w.w.w.w
....w.w.
##### Running: /usr/bin/time -o time_22_vdhankar_kgunda.txt -f "%U" /usr/lib/jvm/jdk-14.0.1/bin/java homework > stulog.txt 2>&1 on kgunda #####
##### SUCCESS: /usr/bin/time -o time_22_vdhankar_kgunda.txt -f "%U" /usr/lib/jvm/jdk-14.0.1/bin/java homework > stulog.txt 2>&1 on kgunda #####
##### kgunda plays [E a5 b6] in 0.2s #####
##### Running: /usr/lib/jvm/jdk-14.0.1/bin/java -jar /lab/itti/projects/checkers-competition/server/referee.jar on run_22_vdhankar_kgunda #####
Move is valid
##### SUCCESS: /usr/lib/jvm/jdk-14.0.1/bin/java -jar /lab/itti/projects/checkers-competition/server/referee.jar on run_22_vdhankar_kgunda #####
INPUT for vdhankar:
GAME
BLACK
212.932995080948
.b...b.b
....b...
.w......
..b.b...
...b.b.b
w.....w.
.w.w.w.w
....w.w.
##### Running: /usr/bin/time -o time_22_vdhankar_kgunda.txt -f "%U" python3 homework.py > stulog.txt 2>&1 on vdhankar #####
child exited with value 1
##### ERROR: /usr/bin/time -o time_22_vdhankar_kgunda.txt -f "%U" python3 homework.py > stulog.txt 2>&1 on vdhankar #####
##### Output of failed program (stdout + stderr): #####
Traceback (most recent call last):
  File "homework.py", line 546, in <module>
    print(end-start)
NameError: name 'end' is not defined
##### End of output of failed program #####
##### vdhankar plays [E h8 g7] in 5.07753992080688s #####
##### Running: /usr/lib/jvm/jdk-14.0.1/bin/java -jar /lab/itti/projects/checkers-competition/server/referee.jar on run_22_vdhankar_kgunda #####
Move is valid
##### SUCCESS: /usr/lib/jvm/jdk-14.0.1/bin/java -jar /lab/itti/projects/checkers-competition/server/referee.jar on run_22_vdhankar_kgunda #####
INPUT for kgunda:
GAME
WHITE
297.01
.b...b..
....b.b.
.w......
..b.b...
...b.b.b
w.....w.
.w.w.w.w
....w.w.
##### Running: /usr/bin/time -o time_22_vdhankar_kgunda.txt -f "%U" /usr/lib/jvm/jdk-14.0.1/bin/java homework > stulog.txt 2>&1 on kgunda #####
##### SUCCESS: /usr/bin/time -o time_22_vdhankar_kgunda.txt -f "%U" /usr/lib/jvm/jdk-14.0.1/bin/java homework > stulog.txt 2>&1 on kgunda #####
##### kgunda plays [E d2 c3] in 0.2s #####
##### Running: /usr/lib/jvm/jdk-14.0.1/bin/java -jar /lab/itti/projects/checkers-competition/server/referee.jar on run_22_vdhankar_kgunda #####
Move is valid
##### SUCCESS: /usr/lib/jvm/jdk-14.0.1/bin/java -jar /lab/itti/projects/checkers-competition/server/referee.jar on run_22_vdhankar_kgunda #####
INPUT for vdhankar:
GAME
BLACK
207.855455160141
.b...b..
....b.b.
.w......
..b.b...
...b.b.b
w.w...w.
.w...w.w
....w.w.
##### Running: /usr/bin/time -o time_22_vdhankar_kgunda.txt -f "%U" python3 homework.py > stulog.txt 2>&1 on vdhankar #####
child exited with value 1
##### ERROR: /usr/bin/time -o time_22_vdhankar_kgunda.txt -f "%U" python3 homework.py > stulog.txt 2>&1 on vdhankar #####
##### Output of failed program (stdout + stderr): #####
Traceback (most recent call last):
  File "homework.py", line 546, in <module>
    print(end-start)
NameError: name 'end' is not defined
##### End of output of failed program #####
##### vdhankar plays [E f4 e3] in 4.87453103065491s #####
##### Running: /usr/lib/jvm/jdk-14.0.1/bin/java -jar /lab/itti/projects/checkers-competition/server/referee.jar on run_22_vdhankar_kgunda #####
Move is valid
##### SUCCESS: /usr/lib/jvm/jdk-14.0.1/bin/java -jar /lab/itti/projects/checkers-competition/server/referee.jar on run_22_vdhankar_kgunda #####
INPUT for kgunda:
GAME
WHITE
296.81
.b...b..
....b.b.
.w......
..b.b...
...b...b
w.w.b.w.
.w...w.w
....w.w.
##### Running: /usr/bin/time -o time_22_vdhankar_kgunda.txt -f "%U" /usr/lib/jvm/jdk-14.0.1/bin/java homework > stulog.txt 2>&1 on kgunda #####
##### SUCCESS: /usr/bin/time -o time_22_vdhankar_kgunda.txt -f "%U" /usr/lib/jvm/jdk-14.0.1/bin/java homework > stulog.txt 2>&1 on kgunda #####
##### kgunda plays [E b6 a7] in 0.21s #####
##### Running: /usr/lib/jvm/jdk-14.0.1/bin/java -jar /lab/itti/projects/checkers-competition/server/referee.jar on run_22_vdhankar_kgunda #####
Move is valid
##### SUCCESS: /usr/lib/jvm/jdk-14.0.1/bin/java -jar /lab/itti/projects/checkers-competition/server/referee.jar on run_22_vdhankar_kgunda #####
INPUT for vdhankar:
GAME
BLACK
202.980924129486
.b...b..
w...b.b.
........
..b.b...
...b...b
w.w.b.w.
.w...w.w
....w.w.
##### Running: /usr/bin/time -o time_22_vdhankar_kgunda.txt -f "%U" python3 homework.py > stulog.txt 2>&1 on vdhankar #####
child exited with value 1
##### ERROR: /usr/bin/time -o time_22_vdhankar_kgunda.txt -f "%U" python3 homework.py > stulog.txt 2>&1 on vdhankar #####
##### Output of failed program (stdout + stderr): #####
Traceback (most recent call last):
  File "homework.py", line 546, in <module>
    print(end-start)
NameError: name 'end' is not defined
##### End of output of failed program #####
##### vdhankar plays [E e3 d2] in 3.64090204238892s #####
##### Running: /usr/lib/jvm/jdk-14.0.1/bin/java -jar /lab/itti/projects/checkers-competition/server/referee.jar on run_22_vdhankar_kgunda #####
Move is valid
##### SUCCESS: /usr/lib/jvm/jdk-14.0.1/bin/java -jar /lab/itti/projects/checkers-competition/server/referee.jar on run_22_vdhankar_kgunda #####
INPUT for kgunda:
GAME
WHITE
296.6
.b...b..
w...b.b.
........
..b.b...
...b...b
w.w...w.
.w.b.w.w
....w.w.
##### Running: /usr/bin/time -o time_22_vdhankar_kgunda.txt -f "%U" /usr/lib/jvm/jdk-14.0.1/bin/java homework > stulog.txt 2>&1 on kgunda #####
##### SUCCESS: /usr/bin/time -o time_22_vdhankar_kgunda.txt -f "%U" /usr/lib/jvm/jdk-14.0.1/bin/java homework > stulog.txt 2>&1 on kgunda #####
##### kgunda plays [E c3 b4] in 0.18s #####
##### Running: /usr/lib/jvm/jdk-14.0.1/bin/java -jar /lab/itti/projects/checkers-competition/server/referee.jar on run_22_vdhankar_kgunda #####
Move is valid
##### SUCCESS: /usr/lib/jvm/jdk-14.0.1/bin/java -jar /lab/itti/projects/checkers-competition/server/referee.jar on run_22_vdhankar_kgunda #####
INPUT for vdhankar:
GAME
BLACK
199.340022087097
.b...b..
w...b.b.
........
..b.b...
.w.b...b
w.....w.
.w.b.w.w
....w.w.
##### Running: /usr/bin/time -o time_22_vdhankar_kgunda.txt -f "%U" python3 homework.py > stulog.txt 2>&1 on vdhankar #####
child exited with value 1
##### ERROR: /usr/bin/time -o time_22_vdhankar_kgunda.txt -f "%U" python3 homework.py > stulog.txt 2>&1 on vdhankar #####
##### Output of failed program (stdout + stderr): #####
Traceback (most recent call last):
  File "homework.py", line 546, in <module>
    print(end-start)
NameError: name 'end' is not defined
##### End of output of failed program #####
##### vdhankar plays [E e7 d6] in 1.46424889564514s #####
##### Running: /usr/lib/jvm/jdk-14.0.1/bin/java -jar /lab/itti/projects/checkers-competition/server/referee.jar on run_22_vdhankar_kgunda #####
Move is valid
##### SUCCESS: /usr/lib/jvm/jdk-14.0.1/bin/java -jar /lab/itti/projects/checkers-competition/server/referee.jar on run_22_vdhankar_kgunda #####
INPUT for kgunda:
GAME
WHITE
296.42
.b...b..
w.....b.
...b....
..b.b...
.w.b...b
w.....w.
.w.b.w.w
....w.w.
##### Running: /usr/bin/time -o time_22_vdhankar_kgunda.txt -f "%U" /usr/lib/jvm/jdk-14.0.1/bin/java homework > stulog.txt 2>&1 on kgunda #####
##### SUCCESS: /usr/bin/time -o time_22_vdhankar_kgunda.txt -f "%U" /usr/lib/jvm/jdk-14.0.1/bin/java homework > stulog.txt 2>&1 on kgunda #####
##### kgunda plays [J e1 c3] in 0.15s #####
##### Running: /usr/lib/jvm/jdk-14.0.1/bin/java -jar /lab/itti/projects/checkers-competition/server/referee.jar on run_22_vdhankar_kgunda #####
Move is valid
##### SUCCESS: /usr/lib/jvm/jdk-14.0.1/bin/java -jar /lab/itti/projects/checkers-competition/server/referee.jar on run_22_vdhankar_kgunda #####
INPUT for vdhankar:
GAME
BLACK
197.875773191452
.b...b..
w.....b.
...b....
..b.b...
.w.b...b
w.w...w.
.w...w.w
......w.
##### Running: /usr/bin/time -o time_22_vdhankar_kgunda.txt -f "%U" python3 homework.py > stulog.txt 2>&1 on vdhankar #####
child exited with value 1
##### ERROR: /usr/bin/time -o time_22_vdhankar_kgunda.txt -f "%U" python3 homework.py > stulog.txt 2>&1 on vdhankar #####
##### Output of failed program (stdout + stderr): #####
Traceback (most recent call last):
  File "homework.py", line 546, in <module>
    print(end-start)
NameError: name 'end' is not defined
##### End of output of failed program #####
##### vdhankar plays [E g7 h6] in 1.51663613319397s #####
##### Running: /usr/lib/jvm/jdk-14.0.1/bin/java -jar /lab/itti/projects/checkers-competition/server/referee.jar on run_22_vdhankar_kgunda #####
Move is valid
##### SUCCESS: /usr/lib/jvm/jdk-14.0.1/bin/java -jar /lab/itti/projects/checkers-competition/server/referee.jar on run_22_vdhankar_kgunda #####
INPUT for kgunda:
GAME
WHITE
296.27
.b...b..
w.......
...b...b
..b.b...
.w.b...b
w.w...w.
.w...w.w
......w.
##### Running: /usr/bin/time -o time_22_vdhankar_kgunda.txt -f "%U" /usr/lib/jvm/jdk-14.0.1/bin/java homework > stulog.txt 2>&1 on kgunda #####
##### SUCCESS: /usr/bin/time -o time_22_vdhankar_kgunda.txt -f "%U" /usr/lib/jvm/jdk-14.0.1/bin/java homework > stulog.txt 2>&1 on kgunda #####
##### kgunda plays [E b4 a5] in 0.17s #####
##### Running: /usr/lib/jvm/jdk-14.0.1/bin/java -jar /lab/itti/projects/checkers-competition/server/referee.jar on run_22_vdhankar_kgunda #####
Move is valid
##### SUCCESS: /usr/lib/jvm/jdk-14.0.1/bin/java -jar /lab/itti/projects/checkers-competition/server/referee.jar on run_22_vdhankar_kgunda #####
INPUT for vdhankar:
GAME
BLACK
196.359137058258
.b...b..
w.......
...b...b
w.b.b...
...b...b
w.w...w.
.w...w.w
......w.
##### Running: /usr/bin/time -o time_22_vdhankar_kgunda.txt -f "%U" python3 homework.py > stulog.txt 2>&1 on vdhankar #####
child exited with value 1
##### ERROR: /usr/bin/time -o time_22_vdhankar_kgunda.txt -f "%U" python3 homework.py > stulog.txt 2>&1 on vdhankar #####
##### Output of failed program (stdout + stderr): #####
Traceback (most recent call last):
  File "homework.py", line 546, in <module>
    print(end-start)
NameError: name 'end' is not defined
##### End of output of failed program #####
##### vdhankar plays [E h6 g5] in 1.60419082641602s #####
##### Running: /usr/lib/jvm/jdk-14.0.1/bin/java -jar /lab/itti/projects/checkers-competition/server/referee.jar on run_22_vdhankar_kgunda #####
Move is valid
##### SUCCESS: /usr/lib/jvm/jdk-14.0.1/bin/java -jar /lab/itti/projects/checkers-competition/server/referee.jar on run_22_vdhankar_kgunda #####
INPUT for kgunda:
GAME
WHITE
296.1
.b...b..
w.......
...b....
w.b.b.b.
...b...b
w.w...w.
.w...w.w
......w.
##### Running: /usr/bin/time -o time_22_vdhankar_kgunda.txt -f "%U" /usr/lib/jvm/jdk-14.0.1/bin/java homework > stulog.txt 2>&1 on kgunda #####
##### SUCCESS: /usr/bin/time -o time_22_vdhankar_kgunda.txt -f "%U" /usr/lib/jvm/jdk-14.0.1/bin/java homework > stulog.txt 2>&1 on kgunda #####
##### kgunda plays [E a5 b6] in 0.16s #####
##### Running: /usr/lib/jvm/jdk-14.0.1/bin/java -jar /lab/itti/projects/checkers-competition/server/referee.jar on run_22_vdhankar_kgunda #####
Move is valid
##### SUCCESS: /usr/lib/jvm/jdk-14.0.1/bin/java -jar /lab/itti/projects/checkers-competition/server/referee.jar on run_22_vdhankar_kgunda #####
INPUT for vdhankar:
GAME
BLACK
194.754946231842
.b...b..
w.......
.w.b....
..b.b.b.
...b...b
w.w...w.
.w...w.w
......w.
##### Running: /usr/bin/time -o time_22_vdhankar_kgunda.txt -f "%U" python3 homework.py > stulog.txt 2>&1 on vdhankar #####
child exited with value 1
##### ERROR: /usr/bin/time -o time_22_vdhankar_kgunda.txt -f "%U" python3 homework.py > stulog.txt 2>&1 on vdhankar #####
##### Output of failed program (stdout + stderr): #####
Traceback (most recent call last):
  File "homework.py", line 546, in <module>
    print(end-start)
NameError: name 'end' is not defined
##### End of output of failed program #####
##### vdhankar plays [E g5 f4] in 1.32418394088745s #####
##### Running: /usr/lib/jvm/jdk-14.0.1/bin/java -jar /lab/itti/projects/checkers-competition/server/referee.jar on run_22_vdhankar_kgunda #####
Move is valid
##### SUCCESS: /usr/lib/jvm/jdk-14.0.1/bin/java -jar /lab/itti/projects/checkers-competition/server/referee.jar on run_22_vdhankar_kgunda #####
INPUT for kgunda:
GAME
WHITE
295.94
.b...b..
w.......
.w.b....
..b.b...
...b.b.b
w.w...w.
.w...w.w
......w.
##### Running: /usr/bin/time -o time_22_vdhankar_kgunda.txt -f "%U" /usr/lib/jvm/jdk-14.0.1/bin/java homework > stulog.txt 2>&1 on kgunda #####
##### SUCCESS: /usr/bin/time -o time_22_vdhankar_kgunda.txt -f "%U" /usr/lib/jvm/jdk-14.0.1/bin/java homework > stulog.txt 2>&1 on kgunda #####
##### kgunda plays [E c3 b4] in 0.18s #####
##### Running: /usr/lib/jvm/jdk-14.0.1/bin/java -jar /lab/itti/projects/checkers-competition/server/referee.jar on run_22_vdhankar_kgunda #####
Move is valid
##### SUCCESS: /usr/lib/jvm/jdk-14.0.1/bin/java -jar /lab/itti/projects/checkers-competition/server/referee.jar on run_22_vdhankar_kgunda #####
INPUT for vdhankar:
GAME
BLACK
193.430762290955
.b...b..
w.......
.w.b....
..b.b...
.w.b.b.b
w.....w.
.w...w.w
......w.
##### Running: /usr/bin/time -o time_22_vdhankar_kgunda.txt -f "%U" python3 homework.py > stulog.txt 2>&1 on vdhankar #####
child exited with value 1
##### ERROR: /usr/bin/time -o time_22_vdhankar_kgunda.txt -f "%U" python3 homework.py > stulog.txt 2>&1 on vdhankar #####
##### Output of failed program (stdout + stderr): #####
Traceback (most recent call last):
  File "homework.py", line 546, in <module>
    print(end-start)
NameError: name 'end' is not defined
##### End of output of failed program #####
##### vdhankar plays [E f4 e3] in 1.69780087471008s #####
##### Running: /usr/lib/jvm/jdk-14.0.1/bin/java -jar /lab/itti/projects/checkers-competition/server/referee.jar on run_22_vdhankar_kgunda #####
Move is valid
##### SUCCESS: /usr/lib/jvm/jdk-14.0.1/bin/java -jar /lab/itti/projects/checkers-competition/server/referee.jar on run_22_vdhankar_kgunda #####
INPUT for kgunda:
GAME
WHITE
295.76
.b...b..
w.......
.w.b....
..b.b...
.w.b...b
w...b.w.
.w...w.w
......w.
##### Running: /usr/bin/time -o time_22_vdhankar_kgunda.txt -f "%U" /usr/lib/jvm/jdk-14.0.1/bin/java homework > stulog.txt 2>&1 on kgunda #####
##### SUCCESS: /usr/bin/time -o time_22_vdhankar_kgunda.txt -f "%U" /usr/lib/jvm/jdk-14.0.1/bin/java homework > stulog.txt 2>&1 on kgunda #####
##### kgunda plays [E b4 a5] in 0.17s #####
##### Running: /usr/lib/jvm/jdk-14.0.1/bin/java -jar /lab/itti/projects/checkers-competition/server/referee.jar on run_22_vdhankar_kgunda #####
Move is valid
##### SUCCESS: /usr/lib/jvm/jdk-14.0.1/bin/java -jar /lab/itti/projects/checkers-competition/server/referee.jar on run_22_vdhankar_kgunda #####
INPUT for vdhankar:
GAME
BLACK
191.732961416245
.b...b..
w.......
.w.b....
w.b.b...
...b...b
w...b.w.
.w...w.w
......w.
##### Running: /usr/bin/time -o time_22_vdhankar_kgunda.txt -f "%U" python3 homework.py > stulog.txt 2>&1 on vdhankar #####
child exited with value 1
##### ERROR: /usr/bin/time -o time_22_vdhankar_kgunda.txt -f "%U" python3 homework.py > stulog.txt 2>&1 on vdhankar #####
##### Output of failed program (stdout + stderr): #####
Traceback (most recent call last):
  File "homework.py", line 546, in <module>
    print(end-start)
NameError: name 'end' is not defined
##### End of output of failed program #####
##### vdhankar plays [E e3 d2] in 2.61178398132324s #####
##### Running: /usr/lib/jvm/jdk-14.0.1/bin/java -jar /lab/itti/projects/checkers-competition/server/referee.jar on run_22_vdhankar_kgunda #####
Move is valid
##### SUCCESS: /usr/lib/jvm/jdk-14.0.1/bin/java -jar /lab/itti/projects/checkers-competition/server/referee.jar on run_22_vdhankar_kgunda #####
INPUT for kgunda:
GAME
WHITE
295.59
.b...b..
w.......
.w.b....
w.b.b...
...b...b
w.....w.
.w.b.w.w
......w.
##### Running: /usr/bin/time -o time_22_vdhankar_kgunda.txt -f "%U" /usr/lib/jvm/jdk-14.0.1/bin/java homework > stulog.txt 2>&1 on kgunda #####
##### SUCCESS: /usr/bin/time -o time_22_vdhankar_kgunda.txt -f "%U" /usr/lib/jvm/jdk-14.0.1/bin/java homework > stulog.txt 2>&1 on kgunda #####
##### kgunda plays [E b6 c7] in 0.2s #####
##### Running: /usr/lib/jvm/jdk-14.0.1/bin/java -jar /lab/itti/projects/checkers-competition/server/referee.jar on run_22_vdhankar_kgunda #####
Move is valid
##### SUCCESS: /usr/lib/jvm/jdk-14.0.1/bin/java -jar /lab/itti/projects/checkers-competition/server/referee.jar on run_22_vdhankar_kgunda #####
INPUT for vdhankar:
GAME
BLACK
189.121177434921
.b...b..
w.w.....
...b....
w.b.b...
...b...b
w.....w.
.w.b.w.w
......w.
##### Running: /usr/bin/time -o time_22_vdhankar_kgunda.txt -f "%U" python3 homework.py > stulog.txt 2>&1 on vdhankar #####
child exited with value 1
##### ERROR: /usr/bin/time -o time_22_vdhankar_kgunda.txt -f "%U" python3 homework.py > stulog.txt 2>&1 on vdhankar #####
##### Output of failed program (stdout + stderr): #####
Traceback (most recent call last):
  File "homework.py", line 546, in <module>
    print(end-start)
NameError: name 'end' is not defined
##### End of output of failed program #####
##### vdhankar plays [E d2 e1] in 3.05324292182922s #####
##### Running: /usr/lib/jvm/jdk-14.0.1/bin/java -jar /lab/itti/projects/checkers-competition/server/referee.jar on run_22_vdhankar_kgunda #####
Move is valid
##### SUCCESS: /usr/lib/jvm/jdk-14.0.1/bin/java -jar /lab/itti/projects/checkers-competition/server/referee.jar on run_22_vdhankar_kgunda #####
INPUT for kgunda:
GAME
WHITE
295.39
.b...b..
w.w.....
...b....
w.b.b...
...b...b
w.....w.
.w...w.w
....B.w.
##### Running: /usr/bin/time -o time_22_vdhankar_kgunda.txt -f "%U" /usr/lib/jvm/jdk-14.0.1/bin/java homework > stulog.txt 2>&1 on kgunda #####
##### SUCCESS: /usr/bin/time -o time_22_vdhankar_kgunda.txt -f "%U" /usr/lib/jvm/jdk-14.0.1/bin/java homework > stulog.txt 2>&1 on kgunda #####
##### kgunda plays [E c7 d8] in 0.2s #####
##### Running: /usr/lib/jvm/jdk-14.0.1/bin/java -jar /lab/itti/projects/checkers-competition/server/referee.jar on run_22_vdhankar_kgunda #####
Move is valid
##### SUCCESS: /usr/lib/jvm/jdk-14.0.1/bin/java -jar /lab/itti/projects/checkers-competition/server/referee.jar on run_22_vdhankar_kgunda #####
INPUT for vdhankar:
GAME
BLACK
186.067934513092
.b.W.b..
w.......
...b....
w.b.b...
...b...b
w.....w.
.w...w.w
....B.w.
##### Running: /usr/bin/time -o time_22_vdhankar_kgunda.txt -f "%U" python3 homework.py > stulog.txt 2>&1 on vdhankar #####
child exited with value 1
##### ERROR: /usr/bin/time -o time_22_vdhankar_kgunda.txt -f "%U" python3 homework.py > stulog.txt 2>&1 on vdhankar #####
##### Output of failed program (stdout + stderr): #####
Traceback (most recent call last):
  File "homework.py", line 546, in <module>
    print(end-start)
NameError: name 'end' is not defined
##### End of output of failed program #####
##### vdhankar plays [E e1 d2] in 4.96165013313293s #####
##### Running: /usr/lib/jvm/jdk-14.0.1/bin/java -jar /lab/itti/projects/checkers-competition/server/referee.jar on run_22_vdhankar_kgunda #####
Move is valid
##### SUCCESS: /usr/lib/jvm/jdk-14.0.1/bin/java -jar /lab/itti/projects/checkers-competition/server/referee.jar on run_22_vdhankar_kgunda #####
INPUT for kgunda:
GAME
WHITE
295.19
.b.W.b..
w.......
...b....
w.b.b...
...b...b
w.....w.
.w.B.w.w
......w.
##### Running: /usr/bin/time -o time_22_vdhankar_kgunda.txt -f "%U" /usr/lib/jvm/jdk-14.0.1/bin/java homework > stulog.txt 2>&1 on kgunda #####
##### SUCCESS: /usr/bin/time -o time_22_vdhankar_kgunda.txt -f "%U" /usr/lib/jvm/jdk-14.0.1/bin/java homework > stulog.txt 2>&1 on kgunda #####
##### kgunda plays [E d8 c7] in 0.22s #####
##### Running: /usr/lib/jvm/jdk-14.0.1/bin/java -jar /lab/itti/projects/checkers-competition/server/referee.jar on run_22_vdhankar_kgunda #####
Move is valid
##### SUCCESS: /usr/lib/jvm/jdk-14.0.1/bin/java -jar /lab/itti/projects/checkers-competition/server/referee.jar on run_22_vdhankar_kgunda #####
INPUT for vdhankar:
GAME
BLACK
181.106284379959
.b...b..
w.W.....
...b....
w.b.b...
...b...b
w.....w.
.w.B.w.w
......w.
##### Running: /usr/bin/time -o time_22_vdhankar_kgunda.txt -f "%U" python3 homework.py > stulog.txt 2>&1 on vdhankar #####
child exited with value 1
##### ERROR: /usr/bin/time -o time_22_vdhankar_kgunda.txt -f "%U" python3 homework.py > stulog.txt 2>&1 on vdhankar #####
##### Output of failed program (stdout + stderr): #####
Traceback (most recent call last):
  File "homework.py", line 546, in <module>
    print(end-start)
NameError: name 'end' is not defined
##### End of output of failed program #####
##### vdhankar plays [E d2 e1] in 4.93317413330078s #####
##### Running: /usr/lib/jvm/jdk-14.0.1/bin/java -jar /lab/itti/projects/checkers-competition/server/referee.jar on run_22_vdhankar_kgunda #####
Move is valid
##### SUCCESS: /usr/lib/jvm/jdk-14.0.1/bin/java -jar /lab/itti/projects/checkers-competition/server/referee.jar on run_22_vdhankar_kgunda #####
INPUT for kgunda:
GAME
WHITE
294.97
.b...b..
w.W.....
...b....
w.b.b...
...b...b
w.....w.
.w...w.w
....B.w.
##### Running: /usr/bin/time -o time_22_vdhankar_kgunda.txt -f "%U" /usr/lib/jvm/jdk-14.0.1/bin/java homework > stulog.txt 2>&1 on kgunda #####
##### SUCCESS: /usr/bin/time -o time_22_vdhankar_kgunda.txt -f "%U" /usr/lib/jvm/jdk-14.0.1/bin/java homework > stulog.txt 2>&1 on kgunda #####
##### kgunda plays [E c7 b6] in 0.21s #####
##### Running: /usr/lib/jvm/jdk-14.0.1/bin/java -jar /lab/itti/projects/checkers-competition/server/referee.jar on run_22_vdhankar_kgunda #####
Move is valid
##### SUCCESS: /usr/lib/jvm/jdk-14.0.1/bin/java -jar /lab/itti/projects/checkers-competition/server/referee.jar on run_22_vdhankar_kgunda #####
INPUT for vdhankar:
GAME
BLACK
176.173110246658
.b...b..
w.......
.W.b....
w.b.b...
...b...b
w.....w.
.w...w.w
....B.w.
##### Running: /usr/bin/time -o time_22_vdhankar_kgunda.txt -f "%U" python3 homework.py > stulog.txt 2>&1 on vdhankar #####
child exited with value 1
##### ERROR: /usr/bin/time -o time_22_vdhankar_kgunda.txt -f "%U" python3 homework.py > stulog.txt 2>&1 on vdhankar #####
##### Output of failed program (stdout + stderr): #####
Traceback (most recent call last):
  File "homework.py", line 546, in <module>
    print(end-start)
NameError: name 'end' is not defined
##### End of output of failed program #####
##### vdhankar plays [E e1 d2] in 2.88883996009827s #####
##### Running: /usr/lib/jvm/jdk-14.0.1/bin/java -jar /lab/itti/projects/checkers-competition/server/referee.jar on run_22_vdhankar_kgunda #####
Move is valid
##### SUCCESS: /usr/lib/jvm/jdk-14.0.1/bin/java -jar /lab/itti/projects/checkers-competition/server/referee.jar on run_22_vdhankar_kgunda #####
INPUT for kgunda:
GAME
WHITE
294.76
.b...b..
w.......
.W.b....
w.b.b...
...b...b
w.....w.
.w.B.w.w
......w.
##### Running: /usr/bin/time -o time_22_vdhankar_kgunda.txt -f "%U" /usr/lib/jvm/jdk-14.0.1/bin/java homework > stulog.txt 2>&1 on kgunda #####
##### SUCCESS: /usr/bin/time -o time_22_vdhankar_kgunda.txt -f "%U" /usr/lib/jvm/jdk-14.0.1/bin/java homework > stulog.txt 2>&1 on kgunda #####
##### kgunda plays [E b6 c7] in 0.18s #####
##### Running: /usr/lib/jvm/jdk-14.0.1/bin/java -jar /lab/itti/projects/checkers-competition/server/referee.jar on run_22_vdhankar_kgunda #####
Move is valid
##### SUCCESS: /usr/lib/jvm/jdk-14.0.1/bin/java -jar /lab/itti/projects/checkers-competition/server/referee.jar on run_22_vdhankar_kgunda #####
INPUT for vdhankar:
GAME
BLACK
173.28427028656
.b...b..
w.W.....
...b....
w.b.b...
...b...b
w.....w.
.w.B.w.w
......w.
##### Running: /usr/bin/time -o time_22_vdhankar_kgunda.txt -f "%U" python3 homework.py > stulog.txt 2>&1 on vdhankar #####
child exited with value 1
##### ERROR: /usr/bin/time -o time_22_vdhankar_kgunda.txt -f "%U" python3 homework.py > stulog.txt 2>&1 on vdhankar #####
##### Output of failed program (stdout + stderr): #####
Traceback (most recent call last):
  File "homework.py", line 546, in <module>
    print(end-start)
NameError: name 'end' is not defined
##### End of output of failed program #####
##### vdhankar plays [E d2 e1] in 4.82936501502991s #####
##### Running: /usr/lib/jvm/jdk-14.0.1/bin/java -jar /lab/itti/projects/checkers-competition/server/referee.jar on run_22_vdhankar_kgunda #####
Move is valid
##### SUCCESS: /usr/lib/jvm/jdk-14.0.1/bin/java -jar /lab/itti/projects/checkers-competition/server/referee.jar on run_22_vdhankar_kgunda #####
INPUT for kgunda:
GAME
WHITE
294.58
.b...b..
w.W.....
...b....
w.b.b...
...b...b
w.....w.
.w...w.w
....B.w.
##### Running: /usr/bin/time -o time_22_vdhankar_kgunda.txt -f "%U" /usr/lib/jvm/jdk-14.0.1/bin/java homework > stulog.txt 2>&1 on kgunda #####
##### SUCCESS: /usr/bin/time -o time_22_vdhankar_kgunda.txt -f "%U" /usr/lib/jvm/jdk-14.0.1/bin/java homework > stulog.txt 2>&1 on kgunda #####
##### kgunda plays [E a5 b6] in 0.2s #####
##### Running: /usr/lib/jvm/jdk-14.0.1/bin/java -jar /lab/itti/projects/checkers-competition/server/referee.jar on run_22_vdhankar_kgunda #####
Move is valid
##### SUCCESS: /usr/lib/jvm/jdk-14.0.1/bin/java -jar /lab/itti/projects/checkers-competition/server/referee.jar on run_22_vdhankar_kgunda #####
INPUT for vdhankar:
GAME
BLACK
168.45490527153
.b...b..
w.W.....
.w.b....
..b.b...
...b...b
w.....w.
.w...w.w
....B.w.
##### Running: /usr/bin/time -o time_22_vdhankar_kgunda.txt -f "%U" python3 homework.py > stulog.txt 2>&1 on vdhankar #####
child exited with value 1
##### ERROR: /usr/bin/time -o time_22_vdhankar_kgunda.txt -f "%U" python3 homework.py > stulog.txt 2>&1 on vdhankar #####
##### Output of failed program (stdout + stderr): #####
Traceback (most recent call last):
  File "homework.py", line 546, in <module>
    print(end-start)
NameError: name 'end' is not defined
##### End of output of failed program #####
##### vdhankar plays [E e1 d2] in 2.03055882453918s #####
##### Running: /usr/lib/jvm/jdk-14.0.1/bin/java -jar /lab/itti/projects/checkers-competition/server/referee.jar on run_22_vdhankar_kgunda #####
Move is valid
##### SUCCESS: /usr/lib/jvm/jdk-14.0.1/bin/java -jar /lab/itti/projects/checkers-competition/server/referee.jar on run_22_vdhankar_kgunda #####
INPUT for kgunda:
GAME
WHITE
294.38
.b...b..
w.W.....
.w.b....
..b.b...
...b...b
w.....w.
.w.B.w.w
......w.
##### Running: /usr/bin/time -o time_22_vdhankar_kgunda.txt -f "%U" /usr/lib/jvm/jdk-14.0.1/bin/java homework > stulog.txt 2>&1 on kgunda #####
##### SUCCESS: /usr/bin/time -o time_22_vdhankar_kgunda.txt -f "%U" /usr/lib/jvm/jdk-14.0.1/bin/java homework > stulog.txt 2>&1 on kgunda #####
##### kgunda plays [E c7 d8] in 0.18s #####
##### Running: /usr/lib/jvm/jdk-14.0.1/bin/java -jar /lab/itti/projects/checkers-competition/server/referee.jar on run_22_vdhankar_kgunda #####
Move is valid
##### SUCCESS: /usr/lib/jvm/jdk-14.0.1/bin/java -jar /lab/itti/projects/checkers-competition/server/referee.jar on run_22_vdhankar_kgunda #####
INPUT for vdhankar:
GAME
BLACK
166.424346446991
.b.W.b..
w.......
.w.b....
..b.b...
...b...b
w.....w.
.w.B.w.w
......w.
##### Running: /usr/bin/time -o time_22_vdhankar_kgunda.txt -f "%U" python3 homework.py > stulog.txt 2>&1 on vdhankar #####
child exited with value 1
##### ERROR: /usr/bin/time -o time_22_vdhankar_kgunda.txt -f "%U" python3 homework.py > stulog.txt 2>&1 on vdhankar #####
##### Output of failed program (stdout + stderr): #####
Traceback (most recent call last):
  File "homework.py", line 546, in <module>
    print(end-start)
NameError: name 'end' is not defined
##### End of output of failed program #####
##### vdhankar plays [E b8 c7] in 4.09321999549866s #####
##### Running: /usr/lib/jvm/jdk-14.0.1/bin/java -jar /lab/itti/projects/checkers-competition/server/referee.jar on run_22_vdhankar_kgunda #####
Move is valid
##### SUCCESS: /usr/lib/jvm/jdk-14.0.1/bin/java -jar /lab/itti/projects/checkers-competition/server/referee.jar on run_22_vdhankar_kgunda #####
INPUT for kgunda:
GAME
WHITE
294.2
...W.b..
w.b.....
.w.b....
..b.b...
...b...b
w.....w.
.w.B.w.w
......w.
##### Running: /usr/bin/time -o time_22_vdhankar_kgunda.txt -f "%U" /usr/lib/jvm/jdk-14.0.1/bin/java homework > stulog.txt 2>&1 on kgunda #####
##### SUCCESS: /usr/bin/time -o time_22_vdhankar_kgunda.txt -f "%U" /usr/lib/jvm/jdk-14.0.1/bin/java homework > stulog.txt 2>&1 on kgunda #####
##### kgunda plays [E a7 b8] in 0.12s #####
##### Running: /usr/lib/jvm/jdk-14.0.1/bin/java -jar /lab/itti/projects/checkers-competition/server/referee.jar on run_22_vdhankar_kgunda #####
Move is valid
##### SUCCESS: /usr/lib/jvm/jdk-14.0.1/bin/java -jar /lab/itti/projects/checkers-competition/server/referee.jar on run_22_vdhankar_kgunda #####
INPUT for vdhankar:
GAME
BLACK
162.331126451492
.W.W.b..
..b.....
.w.b....
..b.b...
...b...b
w.....w.
.w.B.w.w
......w.
##### Running: /usr/bin/time -o time_22_vdhankar_kgunda.txt -f "%U" python3 homework.py > stulog.txt 2>&1 on vdhankar #####
child exited with value 1
##### ERROR: /usr/bin/time -o time_22_vdhankar_kgunda.txt -f "%U" python3 homework.py > stulog.txt 2>&1 on vdhankar #####
##### Output of failed program (stdout + stderr): #####
Traceback (most recent call last):
  File "homework.py", line 546, in <module>
    print(end-start)
NameError: name 'end' is not defined
##### End of output of failed program #####
##### vdhankar plays [J c7 a5] in 4.77442002296448s #####
##### Running: /usr/lib/jvm/jdk-14.0.1/bin/java -jar /lab/itti/projects/checkers-competition/server/referee.jar on run_22_vdhankar_kgunda #####
Move is valid
##### SUCCESS: /usr/lib/jvm/jdk-14.0.1/bin/java -jar /lab/itti/projects/checkers-competition/server/referee.jar on run_22_vdhankar_kgunda #####
INPUT for kgunda:
GAME
WHITE
294.08
.W.W.b..
........
...b....
b.b.b...
...b...b
w.....w.
.w.B.w.w
......w.
##### Running: /usr/bin/time -o time_22_vdhankar_kgunda.txt -f "%U" /usr/lib/jvm/jdk-14.0.1/bin/java homework > stulog.txt 2>&1 on kgunda #####
##### SUCCESS: /usr/bin/time -o time_22_vdhankar_kgunda.txt -f "%U" /usr/lib/jvm/jdk-14.0.1/bin/java homework > stulog.txt 2>&1 on kgunda #####
##### kgunda plays [E b8 c7] in 0.3s #####
##### Running: /usr/lib/jvm/jdk-14.0.1/bin/java -jar /lab/itti/projects/checkers-competition/server/referee.jar on run_22_vdhankar_kgunda #####
Move is valid
##### SUCCESS: /usr/lib/jvm/jdk-14.0.1/bin/java -jar /lab/itti/projects/checkers-competition/server/referee.jar on run_22_vdhankar_kgunda #####
INPUT for vdhankar:
GAME
BLACK
157.556706428528
...W.b..
..W.....
...b....
b.b.b...
...b...b
w.....w.
.w.B.w.w
......w.
##### Running: /usr/bin/time -o time_22_vdhankar_kgunda.txt -f "%U" python3 homework.py > stulog.txt 2>&1 on vdhankar #####
child exited with value 1
##### ERROR: /usr/bin/time -o time_22_vdhankar_kgunda.txt -f "%U" python3 homework.py > stulog.txt 2>&1 on vdhankar #####
##### Output of failed program (stdout + stderr): #####
Traceback (most recent call last):
  File "homework.py", line 546, in <module>
    print(end-start)
NameError: name 'end' is not defined
##### End of output of failed program #####
##### vdhankar plays [E d2 e1] in 12.47394490242s #####
##### Running: /usr/lib/jvm/jdk-14.0.1/bin/java -jar /lab/itti/projects/checkers-competition/server/referee.jar on run_22_vdhankar_kgunda #####
Move is valid
##### SUCCESS: /usr/lib/jvm/jdk-14.0.1/bin/java -jar /lab/itti/projects/checkers-competition/server/referee.jar on run_22_vdhankar_kgunda #####
INPUT for kgunda:
GAME
WHITE
293.78
...W.b..
..W.....
...b....
b.b.b...
...b...b
w.....w.
.w...w.w
....B.w.
##### Running: /usr/bin/time -o time_22_vdhankar_kgunda.txt -f "%U" /usr/lib/jvm/jdk-14.0.1/bin/java homework > stulog.txt 2>&1 on kgunda #####
##### SUCCESS: /usr/bin/time -o time_22_vdhankar_kgunda.txt -f "%U" /usr/lib/jvm/jdk-14.0.1/bin/java homework > stulog.txt 2>&1 on kgunda #####
##### kgunda plays [E c7 b6] in 0.19s #####
##### Running: /usr/lib/jvm/jdk-14.0.1/bin/java -jar /lab/itti/projects/checkers-competition/server/referee.jar on run_22_vdhankar_kgunda #####
Move is valid
##### SUCCESS: /usr/lib/jvm/jdk-14.0.1/bin/java -jar /lab/itti/projects/checkers-competition/server/referee.jar on run_22_vdhankar_kgunda #####
INPUT for vdhankar:
GAME
BLACK
145.082761526108
...W.b..
........
.W.b....
b.b.b...
...b...b
w.....w.
.w...w.w
....B.w.
##### Running: /usr/bin/time -o time_22_vdhankar_kgunda.txt -f "%U" python3 homework.py > stulog.txt 2>&1 on vdhankar #####
child exited with value 1
##### ERROR: /usr/bin/time -o time_22_vdhankar_kgunda.txt -f "%U" python3 homework.py > stulog.txt 2>&1 on vdhankar #####
##### Output of failed program (stdout + stderr): #####
Traceback (most recent call last):
  File "homework.py", line 546, in <module>
    print(end-start)
NameError: name 'end' is not defined
##### End of output of failed program #####
##### vdhankar plays [E e1 d2] in 7.68054986000061s #####
##### Running: /usr/lib/jvm/jdk-14.0.1/bin/java -jar /lab/itti/projects/checkers-competition/server/referee.jar on run_22_vdhankar_kgunda #####
Move is valid
##### SUCCESS: /usr/lib/jvm/jdk-14.0.1/bin/java -jar /lab/itti/projects/checkers-competition/server/referee.jar on run_22_vdhankar_kgunda #####
INPUT for kgunda:
GAME
WHITE
293.59
...W.b..
........
.W.b....
b.b.b...
...b...b
w.....w.
.w.B.w.w
......w.
##### Running: /usr/bin/time -o time_22_vdhankar_kgunda.txt -f "%U" /usr/lib/jvm/jdk-14.0.1/bin/java homework > stulog.txt 2>&1 on kgunda #####
##### SUCCESS: /usr/bin/time -o time_22_vdhankar_kgunda.txt -f "%U" /usr/lib/jvm/jdk-14.0.1/bin/java homework > stulog.txt 2>&1 on kgunda #####
##### kgunda plays [E g3 f4] in 0.25s #####
##### Running: /usr/lib/jvm/jdk-14.0.1/bin/java -jar /lab/itti/projects/checkers-competition/server/referee.jar on run_22_vdhankar_kgunda #####
Move is valid
##### SUCCESS: /usr/lib/jvm/jdk-14.0.1/bin/java -jar /lab/itti/projects/checkers-competition/server/referee.jar on run_22_vdhankar_kgunda #####
INPUT for vdhankar:
GAME
BLACK
137.402211666107
...W.b..
........
.W.b....
b.b.b...
...b.w.b
w.......
.w.B.w.w
......w.
##### Running: /usr/bin/time -o time_22_vdhankar_kgunda.txt -f "%U" python3 homework.py > stulog.txt 2>&1 on vdhankar #####
child exited with value 1
##### ERROR: /usr/bin/time -o time_22_vdhankar_kgunda.txt -f "%U" python3 homework.py > stulog.txt 2>&1 on vdhankar #####
##### Output of failed program (stdout + stderr): #####
Traceback (most recent call last):
  File "homework.py", line 546, in <module>
    print(end-start)
NameError: name 'end' is not defined
##### End of output of failed program #####
##### vdhankar plays [J e5 g3 ; J g3 e1] in 2.23798894882202s #####
##### Running: /usr/lib/jvm/jdk-14.0.1/bin/java -jar /lab/itti/projects/checkers-competition/server/referee.jar on run_22_vdhankar_kgunda #####
Move is valid
##### SUCCESS: /usr/lib/jvm/jdk-14.0.1/bin/java -jar /lab/itti/projects/checkers-competition/server/referee.jar on run_22_vdhankar_kgunda #####
INPUT for kgunda:
GAME
WHITE
293.34
...W.b..
........
.W.b....
b.b.....
...b...b
w.......
.w.B...w
....B.w.
##### Running: /usr/bin/time -o time_22_vdhankar_kgunda.txt -f "%U" /usr/lib/jvm/jdk-14.0.1/bin/java homework > stulog.txt 2>&1 on kgunda #####
##### SUCCESS: /usr/bin/time -o time_22_vdhankar_kgunda.txt -f "%U" /usr/lib/jvm/jdk-14.0.1/bin/java homework > stulog.txt 2>&1 on kgunda #####
##### kgunda plays [E b6 a7] in 0.26s #####
##### Running: /usr/lib/jvm/jdk-14.0.1/bin/java -jar /lab/itti/projects/checkers-competition/server/referee.jar on run_22_vdhankar_kgunda #####
Move is valid
##### SUCCESS: /usr/lib/jvm/jdk-14.0.1/bin/java -jar /lab/itti/projects/checkers-competition/server/referee.jar on run_22_vdhankar_kgunda #####
INPUT for vdhankar:
GAME
BLACK
135.164222717285
...W.b..
W.......
...b....
b.b.....
...b...b
w.......
.w.B...w
....B.w.
##### Running: /usr/bin/time -o time_22_vdhankar_kgunda.txt -f "%U" python3 homework.py > stulog.txt 2>&1 on vdhankar #####
child exited with value 1
##### ERROR: /usr/bin/time -o time_22_vdhankar_kgunda.txt -f "%U" python3 homework.py > stulog.txt 2>&1 on vdhankar #####
##### Output of failed program (stdout + stderr): #####
Traceback (most recent call last):
  File "homework.py", line 546, in <module>
    print(end-start)
NameError: name 'end' is not defined
##### End of output of failed program #####
##### vdhankar plays [E e1 f2] in 21.8508288860321s #####
##### Running: /usr/lib/jvm/jdk-14.0.1/bin/java -jar /lab/itti/projects/checkers-competition/server/referee.jar on run_22_vdhankar_kgunda #####
Move is valid
##### SUCCESS: /usr/lib/jvm/jdk-14.0.1/bin/java -jar /lab/itti/projects/checkers-competition/server/referee.jar on run_22_vdhankar_kgunda #####
INPUT for kgunda:
GAME
WHITE
293.08
...W.b..
W.......
...b....
b.b.....
...b...b
w.......
.w.B.B.w
......w.
##### Running: /usr/bin/time -o time_22_vdhankar_kgunda.txt -f "%U" /usr/lib/jvm/jdk-14.0.1/bin/java homework > stulog.txt 2>&1 on kgunda #####
##### SUCCESS: /usr/bin/time -o time_22_vdhankar_kgunda.txt -f "%U" /usr/lib/jvm/jdk-14.0.1/bin/java homework > stulog.txt 2>&1 on kgunda #####
##### kgunda plays [J g1 e3] in 0.13s #####
##### Running: /usr/lib/jvm/jdk-14.0.1/bin/java -jar /lab/itti/projects/checkers-competition/server/referee.jar on run_22_vdhankar_kgunda #####
Move is valid
##### SUCCESS: /usr/lib/jvm/jdk-14.0.1/bin/java -jar /lab/itti/projects/checkers-competition/server/referee.jar on run_22_vdhankar_kgunda #####
INPUT for vdhankar:
GAME
BLACK
113.313393831253
...W.b..
W.......
...b....
b.b.....
...b...b
w...w...
.w.B...w
........
##### Running: /usr/bin/time -o time_22_vdhankar_kgunda.txt -f "%U" python3 homework.py > stulog.txt 2>&1 on vdhankar #####
child exited with value 1
##### ERROR: /usr/bin/time -o time_22_vdhankar_kgunda.txt -f "%U" python3 homework.py > stulog.txt 2>&1 on vdhankar #####
##### Output of failed program (stdout + stderr): #####
Traceback (most recent call last):
  File "homework.py", line 546, in <module>
    print(end-start)
NameError: name 'end' is not defined
##### End of output of failed program #####
##### vdhankar plays [J d2 f4] in 8.34132099151611s #####
##### Running: /usr/lib/jvm/jdk-14.0.1/bin/java -jar /lab/itti/projects/checkers-competition/server/referee.jar on run_22_vdhankar_kgunda #####
Move is valid
##### SUCCESS: /usr/lib/jvm/jdk-14.0.1/bin/java -jar /lab/itti/projects/checkers-competition/server/referee.jar on run_22_vdhankar_kgunda #####
INPUT for kgunda:
GAME
WHITE
292.95
...W.b..
W.......
...b....
b.b.....
...b.B.b
w.......
.w.....w
........
##### Running: /usr/bin/time -o time_22_vdhankar_kgunda.txt -f "%U" /usr/lib/jvm/jdk-14.0.1/bin/java homework > stulog.txt 2>&1 on kgunda #####
##### SUCCESS: /usr/bin/time -o time_22_vdhankar_kgunda.txt -f "%U" /usr/lib/jvm/jdk-14.0.1/bin/java homework > stulog.txt 2>&1 on kgunda #####
##### kgunda plays [E b2 c3] in 0.27s #####
##### Running: /usr/lib/jvm/jdk-14.0.1/bin/java -jar /lab/itti/projects/checkers-competition/server/referee.jar on run_22_vdhankar_kgunda #####
Move is valid
##### SUCCESS: /usr/lib/jvm/jdk-14.0.1/bin/java -jar /lab/itti/projects/checkers-competition/server/referee.jar on run_22_vdhankar_kgunda #####
INPUT for vdhankar:
GAME
BLACK
104.972072839737
...W.b..
W.......
...b....
b.b.....
...b.B.b
w.w.....
.......w
........
##### Running: /usr/bin/time -o time_22_vdhankar_kgunda.txt -f "%U" python3 homework.py > stulog.txt 2>&1 on vdhankar #####
child exited with value 1
##### ERROR: /usr/bin/time -o time_22_vdhankar_kgunda.txt -f "%U" python3 homework.py > stulog.txt 2>&1 on vdhankar #####
##### Output of failed program (stdout + stderr): #####
Traceback (most recent call last):
  File "homework.py", line 546, in <module>
    print(end-start)
NameError: name 'end' is not defined
##### End of output of failed program #####
##### vdhankar plays [J d4 b2] in 5.0264790058136s #####
##### Running: /usr/lib/jvm/jdk-14.0.1/bin/java -jar /lab/itti/projects/checkers-competition/server/referee.jar on run_22_vdhankar_kgunda #####
Move is valid
##### SUCCESS: /usr/lib/jvm/jdk-14.0.1/bin/java -jar /lab/itti/projects/checkers-competition/server/referee.jar on run_22_vdhankar_kgunda #####
INPUT for kgunda:
GAME
WHITE
292.68
...W.b..
W.......
...b....
b.b.....
.....B.b
w.......
.b.....w
........
##### Running: /usr/bin/time -o time_22_vdhankar_kgunda.txt -f "%U" /usr/lib/jvm/jdk-14.0.1/bin/java homework > stulog.txt 2>&1 on kgunda #####
##### SUCCESS: /usr/bin/time -o time_22_vdhankar_kgunda.txt -f "%U" /usr/lib/jvm/jdk-14.0.1/bin/java homework > stulog.txt 2>&1 on kgunda #####
##### kgunda plays [E h2 g3] in 0.25s #####
##### Running: /usr/lib/jvm/jdk-14.0.1/bin/java -jar /lab/itti/projects/checkers-competition/server/referee.jar on run_22_vdhankar_kgunda #####
Move is valid
##### SUCCESS: /usr/lib/jvm/jdk-14.0.1/bin/java -jar /lab/itti/projects/checkers-competition/server/referee.jar on run_22_vdhankar_kgunda #####
INPUT for vdhankar:
GAME
BLACK
99.9455938339233
...W.b..
W.......
...b....
b.b.....
.....B.b
w.....w.
.b......
........
##### Running: /usr/bin/time -o time_22_vdhankar_kgunda.txt -f "%U" python3 homework.py > stulog.txt 2>&1 on vdhankar #####
child exited with value 1
##### ERROR: /usr/bin/time -o time_22_vdhankar_kgunda.txt -f "%U" python3 homework.py > stulog.txt 2>&1 on vdhankar #####
##### Output of failed program (stdout + stderr): #####
Traceback (most recent call last):
  File "homework.py", line 546, in <module>
    print(end-start)
NameError: name 'end' is not defined
##### End of output of failed program #####
##### vdhankar plays [J h4 f2] in 9.01715493202209s #####
##### Running: /usr/lib/jvm/jdk-14.0.1/bin/java -jar /lab/itti/projects/checkers-competition/server/referee.jar on run_22_vdhankar_kgunda #####
Move is valid
##### SUCCESS: /usr/lib/jvm/jdk-14.0.1/bin/java -jar /lab/itti/projects/checkers-competition/server/referee.jar on run_22_vdhankar_kgunda #####
INPUT for kgunda:
GAME
WHITE
292.43
...W.b..
W.......
...b....
b.b.....
.....B..
w.......
.b...b..
........
##### Running: /usr/bin/time -o time_22_vdhankar_kgunda.txt -f "%U" /usr/lib/jvm/jdk-14.0.1/bin/java homework > stulog.txt 2>&1 on kgunda #####
##### SUCCESS: /usr/bin/time -o time_22_vdhankar_kgunda.txt -f "%U" /usr/lib/jvm/jdk-14.0.1/bin/java homework > stulog.txt 2>&1 on kgunda #####
##### kgunda plays [E d8 e7] in 0.25s #####
##### Running: /usr/lib/jvm/jdk-14.0.1/bin/java -jar /lab/itti/projects/checkers-competition/server/referee.jar on run_22_vdhankar_kgunda #####
Move is valid
##### SUCCESS: /usr/lib/jvm/jdk-14.0.1/bin/java -jar /lab/itti/projects/checkers-competition/server/referee.jar on run_22_vdhankar_kgunda #####
INPUT for vdhankar:
GAME
BLACK
90.9284389019012
.....b..
W...W...
...b....
b.b.....
.....B..
w.......
.b...b..
........
##### Running: /usr/bin/time -o time_22_vdhankar_kgunda.txt -f "%U" python3 homework.py > stulog.txt 2>&1 on vdhankar #####
child exited with value 1
##### ERROR: /usr/bin/time -o time_22_vdhankar_kgunda.txt -f "%U" python3 homework.py > stulog.txt 2>&1 on vdhankar #####
##### Output of failed program (stdout + stderr): #####
Traceback (most recent call last):
  File "homework.py", line 546, in <module>
    print(end-start)
NameError: name 'end' is not defined
##### End of output of failed program #####
##### vdhankar plays [E b2 c1] in 36.3398559093475s #####
##### Running: /usr/lib/jvm/jdk-14.0.1/bin/java -jar /lab/itti/projects/checkers-competition/server/referee.jar on run_22_vdhankar_kgunda #####
Move is valid
##### SUCCESS: /usr/lib/jvm/jdk-14.0.1/bin/java -jar /lab/itti/projects/checkers-competition/server/referee.jar on run_22_vdhankar_kgunda #####
INPUT for kgunda:
GAME
WHITE
292.18
.....b..
W...W...
...b....
b.b.....
.....B..
w.......
.....b..
..B.....
##### Running: /usr/bin/time -o time_22_vdhankar_kgunda.txt -f "%U" /usr/lib/jvm/jdk-14.0.1/bin/java homework > stulog.txt 2>&1 on kgunda #####
##### SUCCESS: /usr/bin/time -o time_22_vdhankar_kgunda.txt -f "%U" /usr/lib/jvm/jdk-14.0.1/bin/java homework > stulog.txt 2>&1 on kgunda #####
##### kgunda plays [E a7 b8] in 0.28s #####
##### Running: /usr/lib/jvm/jdk-14.0.1/bin/java -jar /lab/itti/projects/checkers-competition/server/referee.jar on run_22_vdhankar_kgunda #####
Move is valid
##### SUCCESS: /usr/lib/jvm/jdk-14.0.1/bin/java -jar /lab/itti/projects/checkers-competition/server/referee.jar on run_22_vdhankar_kgunda #####
INPUT for vdhankar:
GAME
BLACK
54.5885829925537
.W...b..
....W...
...b....
b.b.....
.....B..
w.......
.....b..
..B.....
##### Running: /usr/bin/time -o time_22_vdhankar_kgunda.txt -f "%U" python3 homework.py > stulog.txt 2>&1 on vdhankar #####
child exited with value 1
##### ERROR: /usr/bin/time -o time_22_vdhankar_kgunda.txt -f "%U" python3 homework.py > stulog.txt 2>&1 on vdhankar #####
##### Output of failed program (stdout + stderr): #####
Traceback (most recent call last):
  File "homework.py", line 546, in <module>
    print(end-start)
NameError: name 'end' is not defined
##### End of output of failed program #####
##### vdhankar plays [E d6 e5] in 19.9450249671936s #####
##### Running: /usr/lib/jvm/jdk-14.0.1/bin/java -jar /lab/itti/projects/checkers-competition/server/referee.jar on run_22_vdhankar_kgunda #####
Move is valid
##### SUCCESS: /usr/lib/jvm/jdk-14.0.1/bin/java -jar /lab/itti/projects/checkers-competition/server/referee.jar on run_22_vdhankar_kgunda #####
INPUT for kgunda:
GAME
WHITE
291.9
.W...b..
....W...
........
b.b.b...
.....B..
w.......
.....b..
..B.....
##### Running: /usr/bin/time -o time_22_vdhankar_kgunda.txt -f "%U" /usr/lib/jvm/jdk-14.0.1/bin/java homework > stulog.txt 2>&1 on kgunda #####
##### SUCCESS: /usr/bin/time -o time_22_vdhankar_kgunda.txt -f "%U" /usr/lib/jvm/jdk-14.0.1/bin/java homework > stulog.txt 2>&1 on kgunda #####
##### kgunda plays [E e7 d6] in 0.2s #####
##### Running: /usr/lib/jvm/jdk-14.0.1/bin/java -jar /lab/itti/projects/checkers-competition/server/referee.jar on run_22_vdhankar_kgunda #####
Move is valid
##### SUCCESS: /usr/lib/jvm/jdk-14.0.1/bin/java -jar /lab/itti/projects/checkers-competition/server/referee.jar on run_22_vdhankar_kgunda #####
INPUT for vdhankar:
GAME
BLACK
34.6435580253601
.W...b..
........
...W....
b.b.b...
.....B..
w.......
.....b..
..B.....
##### Running: /usr/bin/time -o time_22_vdhankar_kgunda.txt -f "%U" python3 homework.py > stulog.txt 2>&1 on vdhankar #####
child exited with value 1
##### ERROR: /usr/bin/time -o time_22_vdhankar_kgunda.txt -f "%U" python3 homework.py > stulog.txt 2>&1 on vdhankar #####
##### Output of failed program (stdout + stderr): #####
Traceback (most recent call last):
  File "homework.py", line 546, in <module>
    print(end-start)
NameError: name 'end' is not defined
##### End of output of failed program #####
##### vdhankar plays [E f2 g1] in 3.11911988258362s #####
##### Running: /usr/lib/jvm/jdk-14.0.1/bin/java -jar /lab/itti/projects/checkers-competition/server/referee.jar on run_22_vdhankar_kgunda #####
Move is valid
##### SUCCESS: /usr/lib/jvm/jdk-14.0.1/bin/java -jar /lab/itti/projects/checkers-competition/server/referee.jar on run_22_vdhankar_kgunda #####
INPUT for kgunda:
GAME
WHITE
291.7
.W...b..
........
...W....
b.b.b...
.....B..
w.......
........
..B...B.
##### Running: /usr/bin/time -o time_22_vdhankar_kgunda.txt -f "%U" /usr/lib/jvm/jdk-14.0.1/bin/java homework > stulog.txt 2>&1 on kgunda #####
##### SUCCESS: /usr/bin/time -o time_22_vdhankar_kgunda.txt -f "%U" /usr/lib/jvm/jdk-14.0.1/bin/java homework > stulog.txt 2>&1 on kgunda #####
##### kgunda plays [J d6 b4] in 0.11s #####
##### Running: /usr/lib/jvm/jdk-14.0.1/bin/java -jar /lab/itti/projects/checkers-competition/server/referee.jar on run_22_vdhankar_kgunda #####
Move is valid
##### SUCCESS: /usr/lib/jvm/jdk-14.0.1/bin/java -jar /lab/itti/projects/checkers-competition/server/referee.jar on run_22_vdhankar_kgunda #####
INPUT for vdhankar:
GAME
BLACK
31.5244381427765
.W...b..
........
........
b...b...
.W...B..
w.......
........
..B...B.
##### Running: /usr/bin/time -o time_22_vdhankar_kgunda.txt -f "%U" python3 homework.py > stulog.txt 2>&1 on vdhankar #####
child exited with value 1
##### ERROR: /usr/bin/time -o time_22_vdhankar_kgunda.txt -f "%U" python3 homework.py > stulog.txt 2>&1 on vdhankar #####
##### Output of failed program (stdout + stderr): #####
Traceback (most recent call last):
  File "homework.py", line 546, in <module>
    print(end-start)
NameError: name 'end' is not defined
##### End of output of failed program #####
##### vdhankar plays [J a5 c3] in 3.63690686225891s #####
##### Running: /usr/lib/jvm/jdk-14.0.1/bin/java -jar /lab/itti/projects/checkers-competition/server/referee.jar on run_22_vdhankar_kgunda #####
Move is valid
##### SUCCESS: /usr/lib/jvm/jdk-14.0.1/bin/java -jar /lab/itti/projects/checkers-competition/server/referee.jar on run_22_vdhankar_kgunda #####
INPUT for kgunda:
GAME
WHITE
291.59
.W...b..
........
........
....b...
.....B..
w.b.....
........
..B...B.
##### Running: /usr/bin/time -o time_22_vdhankar_kgunda.txt -f "%U" /usr/lib/jvm/jdk-14.0.1/bin/java homework > stulog.txt 2>&1 on kgunda #####
##### SUCCESS: /usr/bin/time -o time_22_vdhankar_kgunda.txt -f "%U" /usr/lib/jvm/jdk-14.0.1/bin/java homework > stulog.txt 2>&1 on kgunda #####
##### kgunda plays [E b8 c7] in 0.29s #####
##### Running: /usr/lib/jvm/jdk-14.0.1/bin/java -jar /lab/itti/projects/checkers-competition/server/referee.jar on run_22_vdhankar_kgunda #####
Move is valid
##### SUCCESS: /usr/lib/jvm/jdk-14.0.1/bin/java -jar /lab/itti/projects/checkers-competition/server/referee.jar on run_22_vdhankar_kgunda #####
INPUT for vdhankar:
GAME
BLACK
27.8875312805176
.....b..
..W.....
........
....b...
.....B..
w.b.....
........
..B...B.
##### Running: /usr/bin/time -o time_22_vdhankar_kgunda.txt -f "%U" python3 homework.py > stulog.txt 2>&1 on vdhankar #####
child exited with value 1
##### ERROR: /usr/bin/time -o time_22_vdhankar_kgunda.txt -f "%U" python3 homework.py > stulog.txt 2>&1 on vdhankar #####
##### Output of failed program (stdout + stderr): #####
Traceback (most recent call last):
  File "homework.py", line 546, in <module>
    print(end-start)
NameError: name 'end' is not defined
##### End of output of failed program #####
##### GAME OVER: vdhankar ran over time limit by 10.3472876548767s #####
########## ROUND 22 GAMESCORE AFTER GAME 1: vdhankar=0 and kgunda=1 ##########
#################### ROUND 22: vdhankar (W) vs kgunda (B): game 2 ####################
##### game start! #####
INPUT for kgunda:
GAME
BLACK
300
.b.b.b.b
b.b.b.b.
.b.b.b.b
........
........
w.w.w.w.
.w.w.w.w
w.w.w.w.
##### Running: /usr/bin/time -o time_22_vdhankar_kgunda.txt -f "%U" /usr/lib/jvm/jdk-14.0.1/bin/java homework > stulog.txt 2>&1 on kgunda #####
##### SUCCESS: /usr/bin/time -o time_22_vdhankar_kgunda.txt -f "%U" /usr/lib/jvm/jdk-14.0.1/bin/java homework > stulog.txt 2>&1 on kgunda #####
##### kgunda plays [E b6 c5] in 0.35s #####
##### Running: /usr/lib/jvm/jdk-14.0.1/bin/java -jar /lab/itti/projects/checkers-competition/server/referee.jar on run_22_vdhankar_kgunda #####
Move is valid
Couldn't read file 'current_ply.txt'
Couldn't read content from file 'current_ply.txt'
Couldn't read file 'lastmatchange_ply.txt'
Couldn't read content from file 'lastmatchange_ply.txt'
##### SUCCESS: /usr/lib/jvm/jdk-14.0.1/bin/java -jar /lab/itti/projects/checkers-competition/server/referee.jar on run_22_vdhankar_kgunda #####
INPUT for vdhankar:
GAME
WHITE
300
.b.b.b.b
b.b.b.b.
...b.b.b
..b.....
........
w.w.w.w.
.w.w.w.w
w.w.w.w.
##### Running: /usr/bin/time -o time_22_vdhankar_kgunda.txt -f "%U" python3 homework.py > stulog.txt 2>&1 on vdhankar #####
child exited with value 1
##### ERROR: /usr/bin/time -o time_22_vdhankar_kgunda.txt -f "%U" python3 homework.py > stulog.txt 2>&1 on vdhankar #####
##### Output of failed program (stdout + stderr): #####
Traceback (most recent call last):
  File "homework.py", line 546, in <module>
    print(end-start)
NameError: name 'end' is not defined
##### End of output of failed program #####
##### vdhankar plays [E g3 h4] in 8.96153998374939s #####
##### Running: /usr/lib/jvm/jdk-14.0.1/bin/java -jar /lab/itti/projects/checkers-competition/server/referee.jar on run_22_vdhankar_kgunda #####
Move is valid
##### SUCCESS: /usr/lib/jvm/jdk-14.0.1/bin/java -jar /lab/itti/projects/checkers-competition/server/referee.jar on run_22_vdhankar_kgunda #####
INPUT for kgunda:
GAME
BLACK
299.65
.b.b.b.b
b.b.b.b.
...b.b.b
..b.....
.......w
w.w.w...
.w.w.w.w
w.w.w.w.
##### Running: /usr/bin/time -o time_22_vdhankar_kgunda.txt -f "%U" /usr/lib/jvm/jdk-14.0.1/bin/java homework > stulog.txt 2>&1 on kgunda #####
##### SUCCESS: /usr/bin/time -o time_22_vdhankar_kgunda.txt -f "%U" /usr/lib/jvm/jdk-14.0.1/bin/java homework > stulog.txt 2>&1 on kgunda #####
##### kgunda plays [E a7 b6] in 0.31s #####
##### Running: /usr/lib/jvm/jdk-14.0.1/bin/java -jar /lab/itti/projects/checkers-competition/server/referee.jar on run_22_vdhankar_kgunda #####
Move is valid
##### SUCCESS: /usr/lib/jvm/jdk-14.0.1/bin/java -jar /lab/itti/projects/checkers-competition/server/referee.jar on run_22_vdhankar_kgunda #####
INPUT for vdhankar:
GAME
WHITE
291.038460016251
.b.b.b.b
..b.b.b.
.b.b.b.b
..b.....
.......w
w.w.w...
.w.w.w.w
w.w.w.w.
##### Running: /usr/bin/time -o time_22_vdhankar_kgunda.txt -f "%U" python3 homework.py > stulog.txt 2>&1 on vdhankar #####
child exited with value 1
##### ERROR: /usr/bin/time -o time_22_vdhankar_kgunda.txt -f "%U" python3 homework.py > stulog.txt 2>&1 on vdhankar #####
##### Output of failed program (stdout + stderr): #####
Traceback (most recent call last):
  File "homework.py", line 546, in <module>
    print(end-start)
NameError: name 'end' is not defined
##### End of output of failed program #####
##### vdhankar plays [E f2 g3] in 14.1315999031067s #####
##### Running: /usr/lib/jvm/jdk-14.0.1/bin/java -jar /lab/itti/projects/checkers-competition/server/referee.jar on run_22_vdhankar_kgunda #####
Move is valid
##### SUCCESS: /usr/lib/jvm/jdk-14.0.1/bin/java -jar /lab/itti/projects/checkers-competition/server/referee.jar on run_22_vdhankar_kgunda #####
INPUT for kgunda:
GAME
BLACK
299.34
.b.b.b.b
..b.b.b.
.b.b.b.b
..b.....
.......w
w.w.w.w.
.w.w...w
w.w.w.w.
##### Running: /usr/bin/time -o time_22_vdhankar_kgunda.txt -f "%U" /usr/lib/jvm/jdk-14.0.1/bin/java homework > stulog.txt 2>&1 on kgunda #####
##### SUCCESS: /usr/bin/time -o time_22_vdhankar_kgunda.txt -f "%U" /usr/lib/jvm/jdk-14.0.1/bin/java homework > stulog.txt 2>&1 on kgunda #####
##### kgunda plays [E f6 e5] in 0.35s #####
##### Running: /usr/lib/jvm/jdk-14.0.1/bin/java -jar /lab/itti/projects/checkers-competition/server/referee.jar on run_22_vdhankar_kgunda #####
Move is valid
##### SUCCESS: /usr/lib/jvm/jdk-14.0.1/bin/java -jar /lab/itti/projects/checkers-competition/server/referee.jar on run_22_vdhankar_kgunda #####
INPUT for vdhankar:
GAME
WHITE
276.906860113144
.b.b.b.b
..b.b.b.
.b.b...b
..b.b...
.......w
w.w.w.w.
.w.w...w
w.w.w.w.
##### Running: /usr/bin/time -o time_22_vdhankar_kgunda.txt -f "%U" python3 homework.py > stulog.txt 2>&1 on vdhankar #####
child exited with value 1
##### ERROR: /usr/bin/time -o time_22_vdhankar_kgunda.txt -f "%U" python3 homework.py > stulog.txt 2>&1 on vdhankar #####
##### Output of failed program (stdout + stderr): #####
Traceback (most recent call last):
  File "homework.py", line 546, in <module>
    print(end-start)
NameError: name 'end' is not defined
##### End of output of failed program #####
##### vdhankar plays [E e1 f2] in 8.58349609375s #####
##### Running: /usr/lib/jvm/jdk-14.0.1/bin/java -jar /lab/itti/projects/checkers-competition/server/referee.jar on run_22_vdhankar_kgunda #####
Move is valid
##### SUCCESS: /usr/lib/jvm/jdk-14.0.1/bin/java -jar /lab/itti/projects/checkers-competition/server/referee.jar on run_22_vdhankar_kgunda #####
INPUT for kgunda:
GAME
BLACK
298.99
.b.b.b.b
..b.b.b.
.b.b...b
..b.b...
.......w
w.w.w.w.
.w.w.w.w
w.w...w.
##### Running: /usr/bin/time -o time_22_vdhankar_kgunda.txt -f "%U" /usr/lib/jvm/jdk-14.0.1/bin/java homework > stulog.txt 2>&1 on kgunda #####
##### SUCCESS: /usr/bin/time -o time_22_vdhankar_kgunda.txt -f "%U" /usr/lib/jvm/jdk-14.0.1/bin/java homework > stulog.txt 2>&1 on kgunda #####
##### kgunda plays [E g7 f6] in 0.24s #####
##### Running: /usr/lib/jvm/jdk-14.0.1/bin/java -jar /lab/itti/projects/checkers-competition/server/referee.jar on run_22_vdhankar_kgunda #####
Move is valid
##### SUCCESS: /usr/lib/jvm/jdk-14.0.1/bin/java -jar /lab/itti/projects/checkers-competition/server/referee.jar on run_22_vdhankar_kgunda #####
INPUT for vdhankar:
GAME
WHITE
268.323364019394
.b.b.b.b
..b.b...
.b.b.b.b
..b.b...
.......w
w.w.w.w.
.w.w.w.w
w.w...w.
##### Running: /usr/bin/time -o time_22_vdhankar_kgunda.txt -f "%U" python3 homework.py > stulog.txt 2>&1 on vdhankar #####
child exited with value 1
##### ERROR: /usr/bin/time -o time_22_vdhankar_kgunda.txt -f "%U" python3 homework.py > stulog.txt 2>&1 on vdhankar #####
##### Output of failed program (stdout + stderr): #####
Traceback (most recent call last):
  File "homework.py", line 546, in <module>
    print(end-start)
NameError: name 'end' is not defined
##### End of output of failed program #####
##### vdhankar plays [E e3 d4] in 6.74523782730103s #####
##### Running: /usr/lib/jvm/jdk-14.0.1/bin/java -jar /lab/itti/projects/checkers-competition/server/referee.jar on run_22_vdhankar_kgunda #####
Move is valid
##### SUCCESS: /usr/lib/jvm/jdk-14.0.1/bin/java -jar /lab/itti/projects/checkers-competition/server/referee.jar on run_22_vdhankar_kgunda #####
INPUT for kgunda:
GAME
BLACK
298.75
.b.b.b.b
..b.b...
.b.b.b.b
..b.b...
...w...w
w.w...w.
.w.w.w.w
w.w...w.
##### Running: /usr/bin/time -o time_22_vdhankar_kgunda.txt -f "%U" /usr/lib/jvm/jdk-14.0.1/bin/java homework > stulog.txt 2>&1 on kgunda #####
##### SUCCESS: /usr/bin/time -o time_22_vdhankar_kgunda.txt -f "%U" /usr/lib/jvm/jdk-14.0.1/bin/java homework > stulog.txt 2>&1 on kgunda #####
##### kgunda plays [J c5 e3] in 0.17s #####
##### Running: /usr/lib/jvm/jdk-14.0.1/bin/java -jar /lab/itti/projects/checkers-competition/server/referee.jar on run_22_vdhankar_kgunda #####
Move is valid
##### SUCCESS: /usr/lib/jvm/jdk-14.0.1/bin/java -jar /lab/itti/projects/checkers-competition/server/referee.jar on run_22_vdhankar_kgunda #####
INPUT for vdhankar:
GAME
WHITE
261.578126192093
.b.b.b.b
..b.b...
.b.b.b.b
....b...
.......w
w.w.b.w.
.w.w.w.w
w.w...w.
##### Running: /usr/bin/time -o time_22_vdhankar_kgunda.txt -f "%U" python3 homework.py > stulog.txt 2>&1 on vdhankar #####
child exited with value 1
##### ERROR: /usr/bin/time -o time_22_vdhankar_kgunda.txt -f "%U" python3 homework.py > stulog.txt 2>&1 on vdhankar #####
##### Output of failed program (stdout + stderr): #####
Traceback (most recent call last):
  File "homework.py", line 546, in <module>
    print(end-start)
NameError: name 'end' is not defined
##### End of output of failed program #####
##### vdhankar plays [J f2 d4] in 5.55520796775818s #####
##### Running: /usr/lib/jvm/jdk-14.0.1/bin/java -jar /lab/itti/projects/checkers-competition/server/referee.jar on run_22_vdhankar_kgunda #####
Move is valid
##### SUCCESS: /usr/lib/jvm/jdk-14.0.1/bin/java -jar /lab/itti/projects/checkers-competition/server/referee.jar on run_22_vdhankar_kgunda #####
INPUT for kgunda:
GAME
BLACK
298.58
.b.b.b.b
..b.b...
.b.b.b.b
....b...
...w...w
w.w...w.
.w.w...w
w.w...w.
##### Running: /usr/bin/time -o time_22_vdhankar_kgunda.txt -f "%U" /usr/lib/jvm/jdk-14.0.1/bin/java homework > stulog.txt 2>&1 on kgunda #####
##### SUCCESS: /usr/bin/time -o time_22_vdhankar_kgunda.txt -f "%U" /usr/lib/jvm/jdk-14.0.1/bin/java homework > stulog.txt 2>&1 on kgunda #####
##### kgunda plays [E f8 g7] in 0.28s #####
##### Running: /usr/lib/jvm/jdk-14.0.1/bin/java -jar /lab/itti/projects/checkers-competition/server/referee.jar on run_22_vdhankar_kgunda #####
Move is valid
##### SUCCESS: /usr/lib/jvm/jdk-14.0.1/bin/java -jar /lab/itti/projects/checkers-competition/server/referee.jar on run_22_vdhankar_kgunda #####
INPUT for vdhankar:
GAME
WHITE
256.022918224335
.b.b...b
..b.b.b.
.b.b.b.b
....b...
...w...w
w.w...w.
.w.w...w
w.w...w.
##### Running: /usr/bin/time -o time_22_vdhankar_kgunda.txt -f "%U" python3 homework.py > stulog.txt 2>&1 on vdhankar #####
child exited with value 1
##### ERROR: /usr/bin/time -o time_22_vdhankar_kgunda.txt -f "%U" python3 homework.py > stulog.txt 2>&1 on vdhankar #####
##### Output of failed program (stdout + stderr): #####
Traceback (most recent call last):
  File "homework.py", line 546, in <module>
    print(end-start)
NameError: name 'end' is not defined
##### End of output of failed program #####
##### vdhankar plays [E a3 b4] in 2.81330609321594s #####
##### Running: /usr/lib/jvm/jdk-14.0.1/bin/java -jar /lab/itti/projects/checkers-competition/server/referee.jar on run_22_vdhankar_kgunda #####
Move is valid
##### SUCCESS: /usr/lib/jvm/jdk-14.0.1/bin/java -jar /lab/itti/projects/checkers-competition/server/referee.jar on run_22_vdhankar_kgunda #####
INPUT for kgunda:
GAME
BLACK
298.3
.b.b...b
..b.b.b.
.b.b.b.b
....b...
.w.w...w
..w...w.
.w.w...w
w.w...w.
##### Running: /usr/bin/time -o time_22_vdhankar_kgunda.txt -f "%U" /usr/lib/jvm/jdk-14.0.1/bin/java homework > stulog.txt 2>&1 on kgunda #####
##### SUCCESS: /usr/bin/time -o time_22_vdhankar_kgunda.txt -f "%U" /usr/lib/jvm/jdk-14.0.1/bin/java homework > stulog.txt 2>&1 on kgunda #####
##### kgunda plays [E b6 a5] in 0.22s #####
##### Running: /usr/lib/jvm/jdk-14.0.1/bin/java -jar /lab/itti/projects/checkers-competition/server/referee.jar on run_22_vdhankar_kgunda #####
Move is valid
##### SUCCESS: /usr/lib/jvm/jdk-14.0.1/bin/java -jar /lab/itti/projects/checkers-competition/server/referee.jar on run_22_vdhankar_kgunda #####
INPUT for vdhankar:
GAME
WHITE
253.209612131119
.b.b...b
..b.b.b.
...b.b.b
b...b...
.w.w...w
..w...w.
.w.w...w
w.w...w.
##### Running: /usr/bin/time -o time_22_vdhankar_kgunda.txt -f "%U" python3 homework.py > stulog.txt 2>&1 on vdhankar #####
child exited with value 1
##### ERROR: /usr/bin/time -o time_22_vdhankar_kgunda.txt -f "%U" python3 homework.py > stulog.txt 2>&1 on vdhankar #####
##### Output of failed program (stdout + stderr): #####
Traceback (most recent call last):
  File "homework.py", line 546, in <module>
    print(end-start)
NameError: name 'end' is not defined
##### End of output of failed program #####
##### vdhankar plays [E b2 a3] in 3.75668096542358s #####
##### Running: /usr/lib/jvm/jdk-14.0.1/bin/java -jar /lab/itti/projects/checkers-competition/server/referee.jar on run_22_vdhankar_kgunda #####
Move is valid
##### SUCCESS: /usr/lib/jvm/jdk-14.0.1/bin/java -jar /lab/itti/projects/checkers-competition/server/referee.jar on run_22_vdhankar_kgunda #####
INPUT for kgunda:
GAME
BLACK
298.08
.b.b...b
..b.b.b.
...b.b.b
b...b...
.w.w...w
w.w...w.
...w...w
w.w...w.
##### Running: /usr/bin/time -o time_22_vdhankar_kgunda.txt -f "%U" /usr/lib/jvm/jdk-14.0.1/bin/java homework > stulog.txt 2>&1 on kgunda #####
##### SUCCESS: /usr/bin/time -o time_22_vdhankar_kgunda.txt -f "%U" /usr/lib/jvm/jdk-14.0.1/bin/java homework > stulog.txt 2>&1 on kgunda #####
##### kgunda plays [E h6 g5] in 0.23s #####
##### Running: /usr/lib/jvm/jdk-14.0.1/bin/java -jar /lab/itti/projects/checkers-competition/server/referee.jar on run_22_vdhankar_kgunda #####
Move is valid
##### SUCCESS: /usr/lib/jvm/jdk-14.0.1/bin/java -jar /lab/itti/projects/checkers-competition/server/referee.jar on run_22_vdhankar_kgunda #####
INPUT for vdhankar:
GAME
WHITE
249.452931165695
.b.b...b
..b.b.b.
...b.b..
b...b.b.
.w.w...w
w.w...w.
...w...w
w.w...w.
##### Running: /usr/bin/time -o time_22_vdhankar_kgunda.txt -f "%U" python3 homework.py > stulog.txt 2>&1 on vdhankar #####
child exited with value 1
##### ERROR: /usr/bin/time -o time_22_vdhankar_kgunda.txt -f "%U" python3 homework.py > stulog.txt 2>&1 on vdhankar #####
##### Output of failed program (stdout + stderr): #####
Traceback (most recent call last):
  File "homework.py", line 546, in <module>
    print(end-start)
NameError: name 'end' is not defined
##### End of output of failed program #####
##### vdhankar plays [E a1 b2] in 4.61638307571411s #####
##### Running: /usr/lib/jvm/jdk-14.0.1/bin/java -jar /lab/itti/projects/checkers-competition/server/referee.jar on run_22_vdhankar_kgunda #####
Move is valid
##### SUCCESS: /usr/lib/jvm/jdk-14.0.1/bin/java -jar /lab/itti/projects/checkers-competition/server/referee.jar on run_22_vdhankar_kgunda #####
INPUT for kgunda:
GAME
BLACK
297.85
.b.b...b
..b.b.b.
...b.b..
b...b.b.
.w.w...w
w.w...w.
.w.w...w
..w...w.
##### Running: /usr/bin/time -o time_22_vdhankar_kgunda.txt -f "%U" /usr/lib/jvm/jdk-14.0.1/bin/java homework > stulog.txt 2>&1 on kgunda #####
##### SUCCESS: /usr/bin/time -o time_22_vdhankar_kgunda.txt -f "%U" /usr/lib/jvm/jdk-14.0.1/bin/java homework > stulog.txt 2>&1 on kgunda #####
##### kgunda plays [E b8 a7] in 0.2s #####
##### Running: /usr/lib/jvm/jdk-14.0.1/bin/java -jar /lab/itti/projects/checkers-competition/server/referee.jar on run_22_vdhankar_kgunda #####
Move is valid
##### SUCCESS: /usr/lib/jvm/jdk-14.0.1/bin/java -jar /lab/itti/projects/checkers-competition/server/referee.jar on run_22_vdhankar_kgunda #####
INPUT for vdhankar:
GAME
WHITE
244.836548089981
...b...b
b.b.b.b.
...b.b..
b...b.b.
.w.w...w
w.w...w.
.w.w...w
..w...w.
##### Running: /usr/bin/time -o time_22_vdhankar_kgunda.txt -f "%U" python3 homework.py > stulog.txt 2>&1 on vdhankar #####
child exited with value 1
##### ERROR: /usr/bin/time -o time_22_vdhankar_kgunda.txt -f "%U" python3 homework.py > stulog.txt 2>&1 on vdhankar #####
##### Output of failed program (stdout + stderr): #####
Traceback (most recent call last):
  File "homework.py", line 546, in <module>
    print(end-start)
NameError: name 'end' is not defined
##### End of output of failed program #####
##### vdhankar plays [E d2 e3] in 1.5870509147644s #####
##### Running: /usr/lib/jvm/jdk-14.0.1/bin/java -jar /lab/itti/projects/checkers-competition/server/referee.jar on run_22_vdhankar_kgunda #####
Move is valid
##### SUCCESS: /usr/lib/jvm/jdk-14.0.1/bin/java -jar /lab/itti/projects/checkers-competition/server/referee.jar on run_22_vdhankar_kgunda #####
INPUT for kgunda:
GAME
BLACK
297.65
...b...b
b.b.b.b.
...b.b..
b...b.b.
.w.w...w
w.w.w.w.
.w.....w
..w...w.
##### Running: /usr/bin/time -o time_22_vdhankar_kgunda.txt -f "%U" /usr/lib/jvm/jdk-14.0.1/bin/java homework > stulog.txt 2>&1 on kgunda #####
##### SUCCESS: /usr/bin/time -o time_22_vdhankar_kgunda.txt -f "%U" /usr/lib/jvm/jdk-14.0.1/bin/java homework > stulog.txt 2>&1 on kgunda #####
##### kgunda plays [E g7 h6] in 0.22s #####
##### Running: /usr/lib/jvm/jdk-14.0.1/bin/java -jar /lab/itti/projects/checkers-competition/server/referee.jar on run_22_vdhankar_kgunda #####
Move is valid
##### SUCCESS: /usr/lib/jvm/jdk-14.0.1/bin/java -jar /lab/itti/projects/checkers-competition/server/referee.jar on run_22_vdhankar_kgunda #####
INPUT for vdhankar:
GAME
WHITE
243.249497175217
...b...b
b.b.b...
...b.b.b
b...b.b.
.w.w...w
w.w.w.w.
.w.....w
..w...w.
##### Running: /usr/bin/time -o time_22_vdhankar_kgunda.txt -f "%U" python3 homework.py > stulog.txt 2>&1 on vdhankar #####
child exited with value 1
##### ERROR: /usr/bin/time -o time_22_vdhankar_kgunda.txt -f "%U" python3 homework.py > stulog.txt 2>&1 on vdhankar #####
##### Output of failed program (stdout + stderr): #####
Traceback (most recent call last):
  File "homework.py", line 546, in <module>
    print(end-start)
NameError: name 'end' is not defined
##### End of output of failed program #####
##### vdhankar plays [E g3 f4] in 1.64314603805542s #####
##### Running: /usr/lib/jvm/jdk-14.0.1/bin/java -jar /lab/itti/projects/checkers-competition/server/referee.jar on run_22_vdhankar_kgunda #####
Move is valid
##### SUCCESS: /usr/lib/jvm/jdk-14.0.1/bin/java -jar /lab/itti/projects/checkers-competition/server/referee.jar on run_22_vdhankar_kgunda #####
INPUT for kgunda:
GAME
BLACK
297.43
...b...b
b.b.b...
...b.b.b
b...b.b.
.w.w.w.w
w.w.w...
.w.....w
..w...w.
##### Running: /usr/bin/time -o time_22_vdhankar_kgunda.txt -f "%U" /usr/lib/jvm/jdk-14.0.1/bin/java homework > stulog.txt 2>&1 on kgunda #####
##### SUCCESS: /usr/bin/time -o time_22_vdhankar_kgunda.txt -f "%U" /usr/lib/jvm/jdk-14.0.1/bin/java homework > stulog.txt 2>&1 on kgunda #####
##### kgunda plays [J e5 g3] in 0.13s #####
##### Running: /usr/lib/jvm/jdk-14.0.1/bin/java -jar /lab/itti/projects/checkers-competition/server/referee.jar on run_22_vdhankar_kgunda #####
Move is valid
##### SUCCESS: /usr/lib/jvm/jdk-14.0.1/bin/java -jar /lab/itti/projects/checkers-competition/server/referee.jar on run_22_vdhankar_kgunda #####
INPUT for vdhankar:
GAME
WHITE
241.606351137161
...b...b
b.b.b...
...b.b.b
b.....b.
.w.w...w
w.w.w.b.
.w.....w
..w...w.
##### Running: /usr/bin/time -o time_22_vdhankar_kgunda.txt -f "%U" python3 homework.py > stulog.txt 2>&1 on vdhankar #####
child exited with value 1
##### ERROR: /usr/bin/time -o time_22_vdhankar_kgunda.txt -f "%U" python3 homework.py > stulog.txt 2>&1 on vdhankar #####
##### Output of failed program (stdout + stderr): #####
Traceback (most recent call last):
  File "homework.py", line 546, in <module>
    print(end-start)
NameError: name 'end' is not defined
##### End of output of failed program #####
##### vdhankar plays [J h2 f4] in 1.21843385696411s #####
##### Running: /usr/lib/jvm/jdk-14.0.1/bin/java -jar /lab/itti/projects/checkers-competition/server/referee.jar on run_22_vdhankar_kgunda #####
Move is valid
##### SUCCESS: /usr/lib/jvm/jdk-14.0.1/bin/java -jar /lab/itti/projects/checkers-competition/server/referee.jar on run_22_vdhankar_kgunda #####
INPUT for kgunda:
GAME
BLACK
297.3
...b...b
b.b.b...
...b.b.b
b.....b.
.w.w.w.w
w.w.w...
.w......
..w...w.
##### Running: /usr/bin/time -o time_22_vdhankar_kgunda.txt -f "%U" /usr/lib/jvm/jdk-14.0.1/bin/java homework > stulog.txt 2>&1 on kgunda #####
##### SUCCESS: /usr/bin/time -o time_22_vdhankar_kgunda.txt -f "%U" /usr/lib/jvm/jdk-14.0.1/bin/java homework > stulog.txt 2>&1 on kgunda #####
##### kgunda plays [E a7 b6] in 0.21s #####
##### Running: /usr/lib/jvm/jdk-14.0.1/bin/java -jar /lab/itti/projects/checkers-competition/server/referee.jar on run_22_vdhankar_kgunda #####
Move is valid
##### SUCCESS: /usr/lib/jvm/jdk-14.0.1/bin/java -jar /lab/itti/projects/checkers-competition/server/referee.jar on run_22_vdhankar_kgunda #####
INPUT for vdhankar:
GAME
WHITE
240.387917280197
...b...b
..b.b...
.b.b.b.b
b.....b.
.w.w.w.w
w.w.w...
.w......
..w...w.
##### Running: /usr/bin/time -o time_22_vdhankar_kgunda.txt -f "%U" python3 homework.py > stulog.txt 2>&1 on vdhankar #####
child exited with value 1
##### ERROR: /usr/bin/time -o time_22_vdhankar_kgunda.txt -f "%U" python3 homework.py > stulog.txt 2>&1 on vdhankar #####
##### Output of failed program (stdout + stderr): #####
Traceback (most recent call last):
  File "homework.py", line 546, in <module>
    print(end-start)
NameError: name 'end' is not defined
##### End of output of failed program #####
##### vdhankar plays [E g1 h2] in 1.75363683700562s #####
##### Running: /usr/lib/jvm/jdk-14.0.1/bin/java -jar /lab/itti/projects/checkers-competition/server/referee.jar on run_22_vdhankar_kgunda #####
Move is valid
##### SUCCESS: /usr/lib/jvm/jdk-14.0.1/bin/java -jar /lab/itti/projects/checkers-competition/server/referee.jar on run_22_vdhankar_kgunda #####
INPUT for kgunda:
GAME
BLACK
297.09
...b...b
..b.b...
.b.b.b.b
b.....b.
.w.w.w.w
w.w.w...
.w.....w
..w.....
##### Running: /usr/bin/time -o time_22_vdhankar_kgunda.txt -f "%U" /usr/lib/jvm/jdk-14.0.1/bin/java homework > stulog.txt 2>&1 on kgunda #####
##### SUCCESS: /usr/bin/time -o time_22_vdhankar_kgunda.txt -f "%U" /usr/lib/jvm/jdk-14.0.1/bin/java homework > stulog.txt 2>&1 on kgunda #####
##### kgunda plays [E h8 g7] in 0.17s #####
##### Running: /usr/lib/jvm/jdk-14.0.1/bin/java -jar /lab/itti/projects/checkers-competition/server/referee.jar on run_22_vdhankar_kgunda #####
Move is valid
##### SUCCESS: /usr/lib/jvm/jdk-14.0.1/bin/java -jar /lab/itti/projects/checkers-competition/server/referee.jar on run_22_vdhankar_kgunda #####
INPUT for vdhankar:
GAME
WHITE
238.634280443192
...b....
..b.b.b.
.b.b.b.b
b.....b.
.w.w.w.w
w.w.w...
.w.....w
..w.....
##### Running: /usr/bin/time -o time_22_vdhankar_kgunda.txt -f "%U" python3 homework.py > stulog.txt 2>&1 on vdhankar #####
child exited with value 1
##### ERROR: /usr/bin/time -o time_22_vdhankar_kgunda.txt -f "%U" python3 homework.py > stulog.txt 2>&1 on vdhankar #####
##### Output of failed program (stdout + stderr): #####
Traceback (most recent call last):
  File "homework.py", line 546, in <module>
    print(end-start)
NameError: name 'end' is not defined
##### End of output of failed program #####
##### vdhankar plays [E c1 d2] in 1.4451789855957s #####
##### Running: /usr/lib/jvm/jdk-14.0.1/bin/java -jar /lab/itti/projects/checkers-competition/server/referee.jar on run_22_vdhankar_kgunda #####
Move is valid
##### SUCCESS: /usr/lib/jvm/jdk-14.0.1/bin/java -jar /lab/itti/projects/checkers-competition/server/referee.jar on run_22_vdhankar_kgunda #####
INPUT for kgunda:
GAME
BLACK
296.92
...b....
..b.b.b.
.b.b.b.b
b.....b.
.w.w.w.w
w.w.w...
.w.w...w
........
##### Running: /usr/bin/time -o time_22_vdhankar_kgunda.txt -f "%U" /usr/lib/jvm/jdk-14.0.1/bin/java homework > stulog.txt 2>&1 on kgunda #####
##### SUCCESS: /usr/bin/time -o time_22_vdhankar_kgunda.txt -f "%U" /usr/lib/jvm/jdk-14.0.1/bin/java homework > stulog.txt 2>&1 on kgunda #####
##### kgunda plays [E b6 c5] in 0.13s #####
##### Running: /usr/lib/jvm/jdk-14.0.1/bin/java -jar /lab/itti/projects/checkers-competition/server/referee.jar on run_22_vdhankar_kgunda #####
Move is valid
##### SUCCESS: /usr/lib/jvm/jdk-14.0.1/bin/java -jar /lab/itti/projects/checkers-competition/server/referee.jar on run_22_vdhankar_kgunda #####
INPUT for vdhankar:
GAME
WHITE
237.189101457596
...b....
..b.b.b.
...b.b.b
b.b...b.
.w.w.w.w
w.w.w...
.w.w...w
........
##### Running: /usr/bin/time -o time_22_vdhankar_kgunda.txt -f "%U" python3 homework.py > stulog.txt 2>&1 on vdhankar #####
child exited with value 1
##### ERROR: /usr/bin/time -o time_22_vdhankar_kgunda.txt -f "%U" python3 homework.py > stulog.txt 2>&1 on vdhankar #####
##### Output of failed program (stdout + stderr): #####
Traceback (most recent call last):
  File "homework.py", line 546, in <module>
    print(end-start)
NameError: name 'end' is not defined
##### End of output of failed program #####
##### vdhankar plays [J d4 b6] in 0.837559938430786s #####
##### Running: /usr/lib/jvm/jdk-14.0.1/bin/java -jar /lab/itti/projects/checkers-competition/server/referee.jar on run_22_vdhankar_kgunda #####
Move is valid
##### SUCCESS: /usr/lib/jvm/jdk-14.0.1/bin/java -jar /lab/itti/projects/checkers-competition/server/referee.jar on run_22_vdhankar_kgunda #####
INPUT for kgunda:
GAME
BLACK
296.79
...b....
..b.b.b.
.w.b.b.b
b.....b.
.w...w.w
w.w.w...
.w.w...w
........
##### Running: /usr/bin/time -o time_22_vdhankar_kgunda.txt -f "%U" /usr/lib/jvm/jdk-14.0.1/bin/java homework > stulog.txt 2>&1 on kgunda #####
##### SUCCESS: /usr/bin/time -o time_22_vdhankar_kgunda.txt -f "%U" /usr/lib/jvm/jdk-14.0.1/bin/java homework > stulog.txt 2>&1 on kgunda #####
##### kgunda plays [E f6 e5] in 0.12s #####
##### Running: /usr/lib/jvm/jdk-14.0.1/bin/java -jar /lab/itti/projects/checkers-competition/server/referee.jar on run_22_vdhankar_kgunda #####
Move is valid
##### SUCCESS: /usr/lib/jvm/jdk-14.0.1/bin/java -jar /lab/itti/projects/checkers-competition/server/referee.jar on run_22_vdhankar_kgunda #####
INPUT for vdhankar:
GAME
WHITE
236.351541519165
...b....
..b.b.b.
.w.b...b
b...b.b.
.w...w.w
w.w.w...
.w.w...w
........
##### Running: /usr/bin/time -o time_22_vdhankar_kgunda.txt -f "%U" python3 homework.py > stulog.txt 2>&1 on vdhankar #####
child exited with value 1
##### ERROR: /usr/bin/time -o time_22_vdhankar_kgunda.txt -f "%U" python3 homework.py > stulog.txt 2>&1 on vdhankar #####
##### Output of failed program (stdout + stderr): #####
Traceback (most recent call last):
  File "homework.py", line 546, in <module>
    print(end-start)
NameError: name 'end' is not defined
##### End of output of failed program #####
##### vdhankar plays [J h4 f6 ; J f6 h8] in 0.42159104347229s #####
##### Running: /usr/lib/jvm/jdk-14.0.1/bin/java -jar /lab/itti/projects/checkers-competition/server/referee.jar on run_22_vdhankar_kgunda #####
Move is valid
##### SUCCESS: /usr/lib/jvm/jdk-14.0.1/bin/java -jar /lab/itti/projects/checkers-competition/server/referee.jar on run_22_vdhankar_kgunda #####
INPUT for kgunda:
GAME
BLACK
296.67
...b...W
..b.b...
.w.b...b
b...b...
.w...w..
w.w.w...
.w.w...w
........
##### Running: /usr/bin/time -o time_22_vdhankar_kgunda.txt -f "%U" /usr/lib/jvm/jdk-14.0.1/bin/java homework > stulog.txt 2>&1 on kgunda #####
##### SUCCESS: /usr/bin/time -o time_22_vdhankar_kgunda.txt -f "%U" /usr/lib/jvm/jdk-14.0.1/bin/java homework > stulog.txt 2>&1 on kgunda #####
##### kgunda plays [J e5 g3] in 0.15s #####
##### Running: /usr/lib/jvm/jdk-14.0.1/bin/java -jar /lab/itti/projects/checkers-competition/server/referee.jar on run_22_vdhankar_kgunda #####
Move is valid
##### SUCCESS: /usr/lib/jvm/jdk-14.0.1/bin/java -jar /lab/itti/projects/checkers-competition/server/referee.jar on run_22_vdhankar_kgunda #####
INPUT for vdhankar:
GAME
WHITE
235.929950475693
...b...W
..b.b...
.w.b...b
b.......
.w......
w.w.w.b.
.w.w...w
........
##### Running: /usr/bin/time -o time_22_vdhankar_kgunda.txt -f "%U" python3 homework.py > stulog.txt 2>&1 on vdhankar #####
child exited with value 1
##### ERROR: /usr/bin/time -o time_22_vdhankar_kgunda.txt -f "%U" python3 homework.py > stulog.txt 2>&1 on vdhankar #####
##### Output of failed program (stdout + stderr): #####
Traceback (most recent call last):
  File "homework.py", line 546, in <module>
    print(end-start)
NameError: name 'end' is not defined
##### End of output of failed program #####
##### vdhankar plays [J h2 f4] in 0.83034610748291s #####
##### Running: /usr/lib/jvm/jdk-14.0.1/bin/java -jar /lab/itti/projects/checkers-competition/server/referee.jar on run_22_vdhankar_kgunda #####
Move is valid
##### SUCCESS: /usr/lib/jvm/jdk-14.0.1/bin/java -jar /lab/itti/projects/checkers-competition/server/referee.jar on run_22_vdhankar_kgunda #####
INPUT for kgunda:
GAME
BLACK
296.52
...b...W
..b.b...
.w.b...b
b.......
.w...w..
w.w.w...
.w.w....
........
##### Running: /usr/bin/time -o time_22_vdhankar_kgunda.txt -f "%U" /usr/lib/jvm/jdk-14.0.1/bin/java homework > stulog.txt 2>&1 on kgunda #####
##### SUCCESS: /usr/bin/time -o time_22_vdhankar_kgunda.txt -f "%U" /usr/lib/jvm/jdk-14.0.1/bin/java homework > stulog.txt 2>&1 on kgunda #####
##### kgunda plays [E e7 f6] in 0.18s #####
##### Running: /usr/lib/jvm/jdk-14.0.1/bin/java -jar /lab/itti/projects/checkers-competition/server/referee.jar on run_22_vdhankar_kgunda #####
Move is valid
##### SUCCESS: /usr/lib/jvm/jdk-14.0.1/bin/java -jar /lab/itti/projects/checkers-competition/server/referee.jar on run_22_vdhankar_kgunda #####
INPUT for vdhankar:
GAME
WHITE
235.09960436821
...b...W
..b.....
.w.b.b.b
b.......
.w...w..
w.w.w...
.w.w....
........
##### Running: /usr/bin/time -o time_22_vdhankar_kgunda.txt -f "%U" python3 homework.py > stulog.txt 2>&1 on vdhankar #####
child exited with value 1
##### ERROR: /usr/bin/time -o time_22_vdhankar_kgunda.txt -f "%U" python3 homework.py > stulog.txt 2>&1 on vdhankar #####
##### Output of failed program (stdout + stderr): #####
Traceback (most recent call last):
  File "homework.py", line 546, in <module>
    print(end-start)
NameError: name 'end' is not defined
##### End of output of failed program #####
##### vdhankar plays [E e3 d4] in 3.09015393257141s #####
##### Running: /usr/lib/jvm/jdk-14.0.1/bin/java -jar /lab/itti/projects/checkers-competition/server/referee.jar on run_22_vdhankar_kgunda #####
Move is valid
##### SUCCESS: /usr/lib/jvm/jdk-14.0.1/bin/java -jar /lab/itti/projects/checkers-competition/server/referee.jar on run_22_vdhankar_kgunda #####
INPUT for kgunda:
GAME
BLACK
296.34
...b...W
..b.....
.w.b.b.b
b.......
.w.w.w..
w.w.....
.w.w....
........
##### Running: /usr/bin/time -o time_22_vdhankar_kgunda.txt -f "%U" /usr/lib/jvm/jdk-14.0.1/bin/java homework > stulog.txt 2>&1 on kgunda #####
##### SUCCESS: /usr/bin/time -o time_22_vdhankar_kgunda.txt -f "%U" /usr/lib/jvm/jdk-14.0.1/bin/java homework > stulog.txt 2>&1 on kgunda #####
##### kgunda plays [E d6 e5] in 0.16s #####
##### Running: /usr/lib/jvm/jdk-14.0.1/bin/java -jar /lab/itti/projects/checkers-competition/server/referee.jar on run_22_vdhankar_kgunda #####
Move is valid
##### SUCCESS: /usr/lib/jvm/jdk-14.0.1/bin/java -jar /lab/itti/projects/checkers-competition/server/referee.jar on run_22_vdhankar_kgunda #####
INPUT for vdhankar:
GAME
WHITE
232.009450435638
...b...W
..b.....
.w...b.b
b...b...
.w.w.w..
w.w.....
.w.w....
........
##### Running: /usr/bin/time -o time_22_vdhankar_kgunda.txt -f "%U" python3 homework.py > stulog.txt 2>&1 on vdhankar #####
child exited with value 1
##### ERROR: /usr/bin/time -o time_22_vdhankar_kgunda.txt -f "%U" python3 homework.py > stulog.txt 2>&1 on vdhankar #####
##### Output of failed program (stdout + stderr): #####
Traceback (most recent call last):
  File "homework.py", line 546, in <module>
    print(end-start)
NameError: name 'end' is not defined
##### End of output of failed program #####
##### vdhankar plays [J f4 d6 ; J d6 b8] in 2.21012496948242s #####
##### Running: /usr/lib/jvm/jdk-14.0.1/bin/java -jar /lab/itti/projects/checkers-competition/server/referee.jar on run_22_vdhankar_kgunda #####
Move is valid
##### SUCCESS: /usr/lib/jvm/jdk-14.0.1/bin/java -jar /lab/itti/projects/checkers-competition/server/referee.jar on run_22_vdhankar_kgunda #####
INPUT for kgunda:
GAME
BLACK
296.18
.W.b...W
........
.w...b.b
b.......
.w.w....
w.w.....
.w.w....
........
##### Running: /usr/bin/time -o time_22_vdhankar_kgunda.txt -f "%U" /usr/lib/jvm/jdk-14.0.1/bin/java homework > stulog.txt 2>&1 on kgunda #####
##### SUCCESS: /usr/bin/time -o time_22_vdhankar_kgunda.txt -f "%U" /usr/lib/jvm/jdk-14.0.1/bin/java homework > stulog.txt 2>&1 on kgunda #####
##### kgunda plays [E f6 g5] in 0.26s #####
##### Running: /usr/lib/jvm/jdk-14.0.1/bin/java -jar /lab/itti/projects/checkers-competition/server/referee.jar on run_22_vdhankar_kgunda #####
Move is valid
##### SUCCESS: /usr/lib/jvm/jdk-14.0.1/bin/java -jar /lab/itti/projects/checkers-competition/server/referee.jar on run_22_vdhankar_kgunda #####
INPUT for vdhankar:
GAME
WHITE
229.799325466156
.W.b...W
........
.w.....b
b.....b.
.w.w....
w.w.....
.w.w....
........
##### Running: /usr/bin/time -o time_22_vdhankar_kgunda.txt -f "%U" python3 homework.py > stulog.txt 2>&1 on vdhankar #####
child exited with value 1
##### ERROR: /usr/bin/time -o time_22_vdhankar_kgunda.txt -f "%U" python3 homework.py > stulog.txt 2>&1 on vdhankar #####
##### Output of failed program (stdout + stderr): #####
Traceback (most recent call last):
  File "homework.py", line 546, in <module>
    print(end-start)
NameError: name 'end' is not defined
##### End of output of failed program #####
##### vdhankar plays [E d2 e3] in 12.2561509609222s #####
##### Running: /usr/lib/jvm/jdk-14.0.1/bin/java -jar /lab/itti/projects/checkers-competition/server/referee.jar on run_22_vdhankar_kgunda #####
Move is valid
##### SUCCESS: /usr/lib/jvm/jdk-14.0.1/bin/java -jar /lab/itti/projects/checkers-competition/server/referee.jar on run_22_vdhankar_kgunda #####
INPUT for kgunda:
GAME
BLACK
295.92
.W.b...W
........
.w.....b
b.....b.
.w.w....
w.w.w...
.w......
........
##### Running: /usr/bin/time -o time_22_vdhankar_kgunda.txt -f "%U" /usr/lib/jvm/jdk-14.0.1/bin/java homework > stulog.txt 2>&1 on kgunda #####
##### SUCCESS: /usr/bin/time -o time_22_vdhankar_kgunda.txt -f "%U" /usr/lib/jvm/jdk-14.0.1/bin/java homework > stulog.txt 2>&1 on kgunda #####
##### kgunda plays [E g5 f4] in 0.21s #####
##### Running: /usr/lib/jvm/jdk-14.0.1/bin/java -jar /lab/itti/projects/checkers-competition/server/referee.jar on run_22_vdhankar_kgunda #####
Move is valid
##### SUCCESS: /usr/lib/jvm/jdk-14.0.1/bin/java -jar /lab/itti/projects/checkers-competition/server/referee.jar on run_22_vdhankar_kgunda #####
INPUT for vdhankar:
GAME
WHITE
217.543174505234
.W.b...W
........
.w.....b
b.......
.w.w.b..
w.w.w...
.w......
........
##### Running: /usr/bin/time -o time_22_vdhankar_kgunda.txt -f "%U" python3 homework.py > stulog.txt 2>&1 on vdhankar #####
child exited with value 1
##### ERROR: /usr/bin/time -o time_22_vdhankar_kgunda.txt -f "%U" python3 homework.py > stulog.txt 2>&1 on vdhankar #####
##### Output of failed program (stdout + stderr): #####
Traceback (most recent call last):
  File "homework.py", line 546, in <module>
    print(end-start)
NameError: name 'end' is not defined
##### End of output of failed program #####
##### vdhankar plays [J e3 g5] in 1.0929799079895s #####
##### Running: /usr/lib/jvm/jdk-14.0.1/bin/java -jar /lab/itti/projects/checkers-competition/server/referee.jar on run_22_vdhankar_kgunda #####
Move is valid
##### SUCCESS: /usr/lib/jvm/jdk-14.0.1/bin/java -jar /lab/itti/projects/checkers-competition/server/referee.jar on run_22_vdhankar_kgunda #####
INPUT for kgunda:
GAME
BLACK
295.71
.W.b...W
........
.w.....b
b.....w.
.w.w....
w.w.....
.w......
........
##### Running: /usr/bin/time -o time_22_vdhankar_kgunda.txt -f "%U" /usr/lib/jvm/jdk-14.0.1/bin/java homework > stulog.txt 2>&1 on kgunda #####
##### SUCCESS: /usr/bin/time -o time_22_vdhankar_kgunda.txt -f "%U" /usr/lib/jvm/jdk-14.0.1/bin/java homework > stulog.txt 2>&1 on kgunda #####
##### kgunda plays [J h6 f4] in 0.18s #####
##### Running: /usr/lib/jvm/jdk-14.0.1/bin/java -jar /lab/itti/projects/checkers-competition/server/referee.jar on run_22_vdhankar_kgunda #####
Move is valid
##### SUCCESS: /usr/lib/jvm/jdk-14.0.1/bin/java -jar /lab/itti/projects/checkers-competition/server/referee.jar on run_22_vdhankar_kgunda #####
INPUT for vdhankar:
GAME
WHITE
216.450194597244
.W.b...W
........
.w......
b.......
.w.w.b..
w.w.....
.w......
........
##### Running: /usr/bin/time -o time_22_vdhankar_kgunda.txt -f "%U" python3 homework.py > stulog.txt 2>&1 on vdhankar #####
child exited with value 1
##### ERROR: /usr/bin/time -o time_22_vdhankar_kgunda.txt -f "%U" python3 homework.py > stulog.txt 2>&1 on vdhankar #####
##### Output of failed program (stdout + stderr): #####
Traceback (most recent call last):
  File "homework.py", line 546, in <module>
    print(end-start)
NameError: name 'end' is not defined
##### End of output of failed program #####
##### vdhankar plays [E d4 e5] in 12.5262289047241s #####
##### Running: /usr/lib/jvm/jdk-14.0.1/bin/java -jar /lab/itti/projects/checkers-competition/server/referee.jar on run_22_vdhankar_kgunda #####
Move is valid
##### SUCCESS: /usr/lib/jvm/jdk-14.0.1/bin/java -jar /lab/itti/projects/checkers-competition/server/referee.jar on run_22_vdhankar_kgunda #####
INPUT for kgunda:
GAME
BLACK
295.53
.W.b...W
........
.w......
b...w...
.w...b..
w.w.....
.w......
........
##### Running: /usr/bin/time -o time_22_vdhankar_kgunda.txt -f "%U" /usr/lib/jvm/jdk-14.0.1/bin/java homework > stulog.txt 2>&1 on kgunda #####
##### SUCCESS: /usr/bin/time -o time_22_vdhankar_kgunda.txt -f "%U" /usr/lib/jvm/jdk-14.0.1/bin/java homework > stulog.txt 2>&1 on kgunda #####
##### kgunda plays [E d8 c7] in 0.24s #####
##### Running: /usr/lib/jvm/jdk-14.0.1/bin/java -jar /lab/itti/projects/checkers-competition/server/referee.jar on run_22_vdhankar_kgunda #####
Move is valid
##### SUCCESS: /usr/lib/jvm/jdk-14.0.1/bin/java -jar /lab/itti/projects/checkers-competition/server/referee.jar on run_22_vdhankar_kgunda #####
INPUT for vdhankar:
GAME
WHITE
203.92396569252
.W.....W
..b.....
.w......
b...w...
.w...b..
w.w.....
.w......
........
##### Running: /usr/bin/time -o time_22_vdhankar_kgunda.txt -f "%U" python3 homework.py > stulog.txt 2>&1 on vdhankar #####
child exited with value 1
##### ERROR: /usr/bin/time -o time_22_vdhankar_kgunda.txt -f "%U" python3 homework.py > stulog.txt 2>&1 on vdhankar #####
##### Output of failed program (stdout + stderr): #####
Traceback (most recent call last):
  File "homework.py", line 546, in <module>
    print(end-start)
NameError: name 'end' is not defined
##### End of output of failed program #####
##### vdhankar plays [J b6 d8] in 1.87358093261719s #####
##### Running: /usr/lib/jvm/jdk-14.0.1/bin/java -jar /lab/itti/projects/checkers-competition/server/referee.jar on run_22_vdhankar_kgunda #####
Move is valid
##### SUCCESS: /usr/lib/jvm/jdk-14.0.1/bin/java -jar /lab/itti/projects/checkers-competition/server/referee.jar on run_22_vdhankar_kgunda #####
INPUT for kgunda:
GAME
BLACK
295.29
.W.W...W
........
........
b...w...
.w...b..
w.w.....
.w......
........
##### Running: /usr/bin/time -o time_22_vdhankar_kgunda.txt -f "%U" /usr/lib/jvm/jdk-14.0.1/bin/java homework > stulog.txt 2>&1 on kgunda #####
##### SUCCESS: /usr/bin/time -o time_22_vdhankar_kgunda.txt -f "%U" /usr/lib/jvm/jdk-14.0.1/bin/java homework > stulog.txt 2>&1 on kgunda #####
##### kgunda plays [E f4 e3] in 0.2s #####
##### Running: /usr/lib/jvm/jdk-14.0.1/bin/java -jar /lab/itti/projects/checkers-competition/server/referee.jar on run_22_vdhankar_kgunda #####
Move is valid
##### SUCCESS: /usr/lib/jvm/jdk-14.0.1/bin/java -jar /lab/itti/projects/checkers-competition/server/referee.jar on run_22_vdhankar_kgunda #####
INPUT for vdhankar:
GAME
WHITE
202.050384759903
.W.W...W
........
........
b...w...
.w......
w.w.b...
.w......
........
##### Running: /usr/bin/time -o time_22_vdhankar_kgunda.txt -f "%U" python3 homework.py > stulog.txt 2>&1 on vdhankar #####
child exited with value 1
##### ERROR: /usr/bin/time -o time_22_vdhankar_kgunda.txt -f "%U" python3 homework.py > stulog.txt 2>&1 on vdhankar #####
##### Output of failed program (stdout + stderr): #####
Traceback (most recent call last):
  File "homework.py", line 546, in <module>
    print(end-start)
NameError: name 'end' is not defined
##### End of output of failed program #####
##### vdhankar plays [E e5 f6] in 6.86980700492859s #####
##### Running: /usr/lib/jvm/jdk-14.0.1/bin/java -jar /lab/itti/projects/checkers-competition/server/referee.jar on run_22_vdhankar_kgunda #####
Move is valid
##### SUCCESS: /usr/lib/jvm/jdk-14.0.1/bin/java -jar /lab/itti/projects/checkers-competition/server/referee.jar on run_22_vdhankar_kgunda #####
INPUT for kgunda:
GAME
BLACK
295.09
.W.W...W
........
.....w..
b.......
.w......
w.w.b...
.w......
........
##### Running: /usr/bin/time -o time_22_vdhankar_kgunda.txt -f "%U" /usr/lib/jvm/jdk-14.0.1/bin/java homework > stulog.txt 2>&1 on kgunda #####
##### SUCCESS: /usr/bin/time -o time_22_vdhankar_kgunda.txt -f "%U" /usr/lib/jvm/jdk-14.0.1/bin/java homework > stulog.txt 2>&1 on kgunda #####
##### kgunda plays [E e3 d2] in 0.2s #####
##### Running: /usr/lib/jvm/jdk-14.0.1/bin/java -jar /lab/itti/projects/checkers-competition/server/referee.jar on run_22_vdhankar_kgunda #####
Move is valid
##### SUCCESS: /usr/lib/jvm/jdk-14.0.1/bin/java -jar /lab/itti/projects/checkers-competition/server/referee.jar on run_22_vdhankar_kgunda #####
INPUT for vdhankar:
GAME
WHITE
195.180577754974
.W.W...W
........
.....w..
b.......
.w......
w.w.....
.w.b....
........
##### Running: /usr/bin/time -o time_22_vdhankar_kgunda.txt -f "%U" python3 homework.py > stulog.txt 2>&1 on vdhankar #####
child exited with value 1
##### ERROR: /usr/bin/time -o time_22_vdhankar_kgunda.txt -f "%U" python3 homework.py > stulog.txt 2>&1 on vdhankar #####
##### Output of failed program (stdout + stderr): #####
Traceback (most recent call last):
  File "homework.py", line 546, in <module>
    print(end-start)
NameError: name 'end' is not defined
##### End of output of failed program #####
##### vdhankar plays [E b4 c5] in 7.11765503883362s #####
##### Running: /usr/lib/jvm/jdk-14.0.1/bin/java -jar /lab/itti/projects/checkers-competition/server/referee.jar on run_22_vdhankar_kgunda #####
Move is valid
##### SUCCESS: /usr/lib/jvm/jdk-14.0.1/bin/java -jar /lab/itti/projects/checkers-competition/server/referee.jar on run_22_vdhankar_kgunda #####
INPUT for kgunda:
GAME
BLACK
294.89
.W.W...W
........
.....w..
b.w.....
........
w.w.....
.w.b....
........
##### Running: /usr/bin/time -o time_22_vdhankar_kgunda.txt -f "%U" /usr/lib/jvm/jdk-14.0.1/bin/java homework > stulog.txt 2>&1 on kgunda #####
##### SUCCESS: /usr/bin/time -o time_22_vdhankar_kgunda.txt -f "%U" /usr/lib/jvm/jdk-14.0.1/bin/java homework > stulog.txt 2>&1 on kgunda #####
##### kgunda plays [E d2 c1] in 0.2s #####
##### Running: /usr/lib/jvm/jdk-14.0.1/bin/java -jar /lab/itti/projects/checkers-competition/server/referee.jar on run_22_vdhankar_kgunda #####
Move is valid
##### SUCCESS: /usr/lib/jvm/jdk-14.0.1/bin/java -jar /lab/itti/projects/checkers-competition/server/referee.jar on run_22_vdhankar_kgunda #####
INPUT for vdhankar:
GAME
WHITE
188.062922716141
.W.W...W
........
.....w..
b.w.....
........
w.w.....
.w......
..B.....
##### Running: /usr/bin/time -o time_22_vdhankar_kgunda.txt -f "%U" python3 homework.py > stulog.txt 2>&1 on vdhankar #####
child exited with value 1
##### ERROR: /usr/bin/time -o time_22_vdhankar_kgunda.txt -f "%U" python3 homework.py > stulog.txt 2>&1 on vdhankar #####
##### Output of failed program (stdout + stderr): #####
Traceback (most recent call last):
  File "homework.py", line 546, in <module>
    print(end-start)
NameError: name 'end' is not defined
##### End of output of failed program #####
##### vdhankar plays [E d8 c7] in 1.14358806610107s #####
##### Running: /usr/lib/jvm/jdk-14.0.1/bin/java -jar /lab/itti/projects/checkers-competition/server/referee.jar on run_22_vdhankar_kgunda #####
Move is valid
##### SUCCESS: /usr/lib/jvm/jdk-14.0.1/bin/java -jar /lab/itti/projects/checkers-competition/server/referee.jar on run_22_vdhankar_kgunda #####
INPUT for kgunda:
GAME
BLACK
294.69
.W.....W
..W.....
.....w..
b.w.....
........
w.w.....
.w......
..B.....
##### Running: /usr/bin/time -o time_22_vdhankar_kgunda.txt -f "%U" /usr/lib/jvm/jdk-14.0.1/bin/java homework > stulog.txt 2>&1 on kgunda #####
##### SUCCESS: /usr/bin/time -o time_22_vdhankar_kgunda.txt -f "%U" /usr/lib/jvm/jdk-14.0.1/bin/java homework > stulog.txt 2>&1 on kgunda #####
##### kgunda plays [E c1 d2] in 0.16s #####
##### Running: /usr/lib/jvm/jdk-14.0.1/bin/java -jar /lab/itti/projects/checkers-competition/server/referee.jar on run_22_vdhankar_kgunda #####
Move is valid
##### SUCCESS: /usr/lib/jvm/jdk-14.0.1/bin/java -jar /lab/itti/projects/checkers-competition/server/referee.jar on run_22_vdhankar_kgunda #####
INPUT for vdhankar:
GAME
WHITE
186.91933465004
.W.....W
..W.....
.....w..
b.w.....
........
w.w.....
.w.B....
........
##### Running: /usr/bin/time -o time_22_vdhankar_kgunda.txt -f "%U" python3 homework.py > stulog.txt 2>&1 on vdhankar #####
child exited with value 1
##### ERROR: /usr/bin/time -o time_22_vdhankar_kgunda.txt -f "%U" python3 homework.py > stulog.txt 2>&1 on vdhankar #####
##### Output of failed program (stdout + stderr): #####
Traceback (most recent call last):
  File "homework.py", line 546, in <module>
    print(end-start)
NameError: name 'end' is not defined
##### End of output of failed program #####
##### vdhankar plays [E h8 g7] in 0.594312906265259s #####
##### Running: /usr/lib/jvm/jdk-14.0.1/bin/java -jar /lab/itti/projects/checkers-competition/server/referee.jar on run_22_vdhankar_kgunda #####
Move is valid
##### SUCCESS: /usr/lib/jvm/jdk-14.0.1/bin/java -jar /lab/itti/projects/checkers-competition/server/referee.jar on run_22_vdhankar_kgunda #####
INPUT for kgunda:
GAME
BLACK
294.53
.W......
..W...W.
.....w..
b.w.....
........
w.w.....
.w.B....
........
##### Running: /usr/bin/time -o time_22_vdhankar_kgunda.txt -f "%U" /usr/lib/jvm/jdk-14.0.1/bin/java homework > stulog.txt 2>&1 on kgunda #####
##### SUCCESS: /usr/bin/time -o time_22_vdhankar_kgunda.txt -f "%U" /usr/lib/jvm/jdk-14.0.1/bin/java homework > stulog.txt 2>&1 on kgunda #####
##### kgunda plays [J d2 b4 ; J b4 d6] in 0.13s #####
##### Running: /usr/lib/jvm/jdk-14.0.1/bin/java -jar /lab/itti/projects/checkers-competition/server/referee.jar on run_22_vdhankar_kgunda #####
Move is valid
##### SUCCESS: /usr/lib/jvm/jdk-14.0.1/bin/java -jar /lab/itti/projects/checkers-competition/server/referee.jar on run_22_vdhankar_kgunda #####
INPUT for vdhankar:
GAME
WHITE
186.325021743774
.W......
..W...W.
...B.w..
b.......
........
w.......
.w......
........
##### Running: /usr/bin/time -o time_22_vdhankar_kgunda.txt -f "%U" python3 homework.py > stulog.txt 2>&1 on vdhankar #####
child exited with value 1
##### ERROR: /usr/bin/time -o time_22_vdhankar_kgunda.txt -f "%U" python3 homework.py > stulog.txt 2>&1 on vdhankar #####
##### Output of failed program (stdout + stderr): #####
Traceback (most recent call last):
  File "homework.py", line 546, in <module>
    print(end-start)
NameError: name 'end' is not defined
##### End of output of failed program #####
##### vdhankar plays [J c7 e5] in 0.334323883056641s #####
##### Running: /usr/lib/jvm/jdk-14.0.1/bin/java -jar /lab/itti/projects/checkers-competition/server/referee.jar on run_22_vdhankar_kgunda #####
Move is valid
##### SUCCESS: /usr/lib/jvm/jdk-14.0.1/bin/java -jar /lab/itti/projects/checkers-competition/server/referee.jar on run_22_vdhankar_kgunda #####
INPUT for kgunda:
GAME
BLACK
294.4
.W......
......W.
.....w..
b...W...
........
w.......
.w......
........
##### Running: /usr/bin/time -o time_22_vdhankar_kgunda.txt -f "%U" /usr/lib/jvm/jdk-14.0.1/bin/java homework > stulog.txt 2>&1 on kgunda #####
##### SUCCESS: /usr/bin/time -o time_22_vdhankar_kgunda.txt -f "%U" /usr/lib/jvm/jdk-14.0.1/bin/java homework > stulog.txt 2>&1 on kgunda #####
##### kgunda plays [E a5 b4] in 0.11s #####
##### Running: /usr/lib/jvm/jdk-14.0.1/bin/java -jar /lab/itti/projects/checkers-competition/server/referee.jar on run_22_vdhankar_kgunda #####
Move is valid
##### SUCCESS: /usr/lib/jvm/jdk-14.0.1/bin/java -jar /lab/itti/projects/checkers-competition/server/referee.jar on run_22_vdhankar_kgunda #####
INPUT for vdhankar:
GAME
WHITE
185.990697860718
.W......
......W.
.....w..
....W...
.b......
w.......
.w......
........
##### Running: /usr/bin/time -o time_22_vdhankar_kgunda.txt -f "%U" python3 homework.py > stulog.txt 2>&1 on vdhankar #####
child exited with value 1
##### ERROR: /usr/bin/time -o time_22_vdhankar_kgunda.txt -f "%U" python3 homework.py > stulog.txt 2>&1 on vdhankar #####
##### Output of failed program (stdout + stderr): #####
Traceback (most recent call last):
  File "homework.py", line 546, in <module>
    print(end-start)
NameError: name 'end' is not defined
##### End of output of failed program #####
##### vdhankar plays [J a3 c5] in 0.334568977355957s #####
##### Running: /usr/lib/jvm/jdk-14.0.1/bin/java -jar /lab/itti/projects/checkers-competition/server/referee.jar on run_22_vdhankar_kgunda #####
Move is valid
After this move, player BLACK cannot make any moves
*** Winner: WHITE ***
##### SUCCESS: /usr/lib/jvm/jdk-14.0.1/bin/java -jar /lab/itti/projects/checkers-competition/server/referee.jar on run_22_vdhankar_kgunda #####
##### GAME OVER: vdhankar wins the game! #####
Server said: WIN
########## ROUND 22 GAMESCORE AFTER GAME 2: vdhankar=1 and kgunda=1 ##########
#################### ROUND 22: vdhankar (B) vs kgunda (W): game 3 ####################
##### game start! #####
INPUT for vdhankar:
GAME
BLACK
300
.b.b.b.b
b.b.b.b.
.b.b.b.b
........
........
w.w.w.w.
.w.w.w.w
w.w.w.w.
##### Running: /usr/bin/time -o time_22_vdhankar_kgunda.txt -f "%U" python3 homework.py > stulog.txt 2>&1 on vdhankar #####
child exited with value 1
##### ERROR: /usr/bin/time -o time_22_vdhankar_kgunda.txt -f "%U" python3 homework.py > stulog.txt 2>&1 on vdhankar #####
##### Output of failed program (stdout + stderr): #####
Traceback (most recent call last):
  File "homework.py", line 546, in <module>
    print(end-start)
NameError: name 'end' is not defined
##### End of output of failed program #####
##### vdhankar plays [E h6 g5] in 11.2724249362946s #####
##### Running: /usr/lib/jvm/jdk-14.0.1/bin/java -jar /lab/itti/projects/checkers-competition/server/referee.jar on run_22_vdhankar_kgunda #####
Move is valid
Couldn't read file 'current_ply.txt'
Couldn't read content from file 'current_ply.txt'
Couldn't read file 'lastmatchange_ply.txt'
Couldn't read content from file 'lastmatchange_ply.txt'
##### SUCCESS: /usr/lib/jvm/jdk-14.0.1/bin/java -jar /lab/itti/projects/checkers-competition/server/referee.jar on run_22_vdhankar_kgunda #####
INPUT for kgunda:
GAME
WHITE
300
.b.b.b.b
b.b.b.b.
.b.b.b..
......b.
........
w.w.w.w.
.w.w.w.w
w.w.w.w.
##### Running: /usr/bin/time -o time_22_vdhankar_kgunda.txt -f "%U" /usr/lib/jvm/jdk-14.0.1/bin/java homework > stulog.txt 2>&1 on kgunda #####
##### SUCCESS: /usr/bin/time -o time_22_vdhankar_kgunda.txt -f "%U" /usr/lib/jvm/jdk-14.0.1/bin/java homework > stulog.txt 2>&1 on kgunda #####
##### kgunda plays [E c3 d4] in 0.29s #####
##### Running: /usr/lib/jvm/jdk-14.0.1/bin/java -jar /lab/itti/projects/checkers-competition/server/referee.jar on run_22_vdhankar_kgunda #####
Move is valid
##### SUCCESS: /usr/lib/jvm/jdk-14.0.1/bin/java -jar /lab/itti/projects/checkers-competition/server/referee.jar on run_22_vdhankar_kgunda #####
INPUT for vdhankar:
GAME
BLACK
288.727575063705
.b.b.b.b
b.b.b.b.
.b.b.b..
......b.
...w....
w...w.w.
.w.w.w.w
w.w.w.w.
##### Running: /usr/bin/time -o time_22_vdhankar_kgunda.txt -f "%U" python3 homework.py > stulog.txt 2>&1 on vdhankar #####
child exited with value 1
##### ERROR: /usr/bin/time -o time_22_vdhankar_kgunda.txt -f "%U" python3 homework.py > stulog.txt 2>&1 on vdhankar #####
##### Output of failed program (stdout + stderr): #####
Traceback (most recent call last):
  File "homework.py", line 546, in <module>
    print(end-start)
NameError: name 'end' is not defined
##### End of output of failed program #####
##### vdhankar plays [E g5 h4] in 6.63490295410156s #####
##### Running: /usr/lib/jvm/jdk-14.0.1/bin/java -jar /lab/itti/projects/checkers-competition/server/referee.jar on run_22_vdhankar_kgunda #####
Move is valid
##### SUCCESS: /usr/lib/jvm/jdk-14.0.1/bin/java -jar /lab/itti/projects/checkers-competition/server/referee.jar on run_22_vdhankar_kgunda #####
INPUT for kgunda:
GAME
WHITE
299.71
.b.b.b.b
b.b.b.b.
.b.b.b..
........
...w...b
w...w.w.
.w.w.w.w
w.w.w.w.
##### Running: /usr/bin/time -o time_22_vdhankar_kgunda.txt -f "%U" /usr/lib/jvm/jdk-14.0.1/bin/java homework > stulog.txt 2>&1 on kgunda #####
##### SUCCESS: /usr/bin/time -o time_22_vdhankar_kgunda.txt -f "%U" /usr/lib/jvm/jdk-14.0.1/bin/java homework > stulog.txt 2>&1 on kgunda #####
##### kgunda plays [E d2 c3] in 0.26s #####
##### Running: /usr/lib/jvm/jdk-14.0.1/bin/java -jar /lab/itti/projects/checkers-competition/server/referee.jar on run_22_vdhankar_kgunda #####
Move is valid
##### SUCCESS: /usr/lib/jvm/jdk-14.0.1/bin/java -jar /lab/itti/projects/checkers-competition/server/referee.jar on run_22_vdhankar_kgunda #####
INPUT for vdhankar:
GAME
BLACK
282.092672109604
.b.b.b.b
b.b.b.b.
.b.b.b..
........
...w...b
w.w.w.w.
.w...w.w
w.w.w.w.
##### Running: /usr/bin/time -o time_22_vdhankar_kgunda.txt -f "%U" python3 homework.py > stulog.txt 2>&1 on vdhankar #####
child exited with value 1
##### ERROR: /usr/bin/time -o time_22_vdhankar_kgunda.txt -f "%U" python3 homework.py > stulog.txt 2>&1 on vdhankar #####
##### Output of failed program (stdout + stderr): #####
Traceback (most recent call last):
  File "homework.py", line 546, in <module>
    print(end-start)
NameError: name 'end' is not defined
##### End of output of failed program #####
##### vdhankar plays [E d6 e5] in 9.25108695030212s #####
##### Running: /usr/lib/jvm/jdk-14.0.1/bin/java -jar /lab/itti/projects/checkers-competition/server/referee.jar on run_22_vdhankar_kgunda #####
Move is valid
##### SUCCESS: /usr/lib/jvm/jdk-14.0.1/bin/java -jar /lab/itti/projects/checkers-competition/server/referee.jar on run_22_vdhankar_kgunda #####
INPUT for kgunda:
GAME
WHITE
299.45
.b.b.b.b
b.b.b.b.
.b...b..
....b...
...w...b
w.w.w.w.
.w...w.w
w.w.w.w.
##### Running: /usr/bin/time -o time_22_vdhankar_kgunda.txt -f "%U" /usr/lib/jvm/jdk-14.0.1/bin/java homework > stulog.txt 2>&1 on kgunda #####
##### SUCCESS: /usr/bin/time -o time_22_vdhankar_kgunda.txt -f "%U" /usr/lib/jvm/jdk-14.0.1/bin/java homework > stulog.txt 2>&1 on kgunda #####
##### kgunda plays [E a3 b4] in 0.28s #####
##### Running: /usr/lib/jvm/jdk-14.0.1/bin/java -jar /lab/itti/projects/checkers-competition/server/referee.jar on run_22_vdhankar_kgunda #####
Move is valid
##### SUCCESS: /usr/lib/jvm/jdk-14.0.1/bin/java -jar /lab/itti/projects/checkers-competition/server/referee.jar on run_22_vdhankar_kgunda #####
INPUT for vdhankar:
GAME
BLACK
272.841585159302
.b.b.b.b
b.b.b.b.
.b...b..
....b...
.w.w...b
..w.w.w.
.w...w.w
w.w.w.w.
##### Running: /usr/bin/time -o time_22_vdhankar_kgunda.txt -f "%U" python3 homework.py > stulog.txt 2>&1 on vdhankar #####
child exited with value 1
##### ERROR: /usr/bin/time -o time_22_vdhankar_kgunda.txt -f "%U" python3 homework.py > stulog.txt 2>&1 on vdhankar #####
##### Output of failed program (stdout + stderr): #####
Traceback (most recent call last):
  File "homework.py", line 546, in <module>
    print(end-start)
NameError: name 'end' is not defined
##### End of output of failed program #####
##### vdhankar plays [E c7 d6] in 4.65369486808777s #####
##### Running: /usr/lib/jvm/jdk-14.0.1/bin/java -jar /lab/itti/projects/checkers-competition/server/referee.jar on run_22_vdhankar_kgunda #####
Move is valid
##### SUCCESS: /usr/lib/jvm/jdk-14.0.1/bin/java -jar /lab/itti/projects/checkers-competition/server/referee.jar on run_22_vdhankar_kgunda #####
INPUT for kgunda:
GAME
WHITE
299.17
.b.b.b.b
b...b.b.
.b.b.b..
....b...
.w.w...b
..w.w.w.
.w...w.w
w.w.w.w.
##### Running: /usr/bin/time -o time_22_vdhankar_kgunda.txt -f "%U" /usr/lib/jvm/jdk-14.0.1/bin/java homework > stulog.txt 2>&1 on kgunda #####
##### SUCCESS: /usr/bin/time -o time_22_vdhankar_kgunda.txt -f "%U" /usr/lib/jvm/jdk-14.0.1/bin/java homework > stulog.txt 2>&1 on kgunda #####
##### kgunda plays [E b2 a3] in 0.25s #####
##### Running: /usr/lib/jvm/jdk-14.0.1/bin/java -jar /lab/itti/projects/checkers-competition/server/referee.jar on run_22_vdhankar_kgunda #####
Move is valid
##### SUCCESS: /usr/lib/jvm/jdk-14.0.1/bin/java -jar /lab/itti/projects/checkers-competition/server/referee.jar on run_22_vdhankar_kgunda #####
INPUT for vdhankar:
GAME
BLACK
268.187890291214
.b.b.b.b
b...b.b.
.b.b.b..
....b...
.w.w...b
w.w.w.w.
.....w.w
w.w.w.w.
##### Running: /usr/bin/time -o time_22_vdhankar_kgunda.txt -f "%U" python3 homework.py > stulog.txt 2>&1 on vdhankar #####
child exited with value 1
##### ERROR: /usr/bin/time -o time_22_vdhankar_kgunda.txt -f "%U" python3 homework.py > stulog.txt 2>&1 on vdhankar #####
##### Output of failed program (stdout + stderr): #####
Traceback (most recent call last):
  File "homework.py", line 546, in <module>
    print(end-start)
NameError: name 'end' is not defined
##### End of output of failed program #####
##### vdhankar plays [E b6 a5] in 6.88370895385742s #####
##### Running: /usr/lib/jvm/jdk-14.0.1/bin/java -jar /lab/itti/projects/checkers-competition/server/referee.jar on run_22_vdhankar_kgunda #####
Move is valid
##### SUCCESS: /usr/lib/jvm/jdk-14.0.1/bin/java -jar /lab/itti/projects/checkers-competition/server/referee.jar on run_22_vdhankar_kgunda #####
INPUT for kgunda:
GAME
WHITE
298.92
.b.b.b.b
b...b.b.
...b.b..
b...b...
.w.w...b
w.w.w.w.
.....w.w
w.w.w.w.
##### Running: /usr/bin/time -o time_22_vdhankar_kgunda.txt -f "%U" /usr/lib/jvm/jdk-14.0.1/bin/java homework > stulog.txt 2>&1 on kgunda #####
##### SUCCESS: /usr/bin/time -o time_22_vdhankar_kgunda.txt -f "%U" /usr/lib/jvm/jdk-14.0.1/bin/java homework > stulog.txt 2>&1 on kgunda #####
##### kgunda plays [E e3 f4] in 0.29s #####
##### Running: /usr/lib/jvm/jdk-14.0.1/bin/java -jar /lab/itti/projects/checkers-competition/server/referee.jar on run_22_vdhankar_kgunda #####
Move is valid
##### SUCCESS: /usr/lib/jvm/jdk-14.0.1/bin/java -jar /lab/itti/projects/checkers-competition/server/referee.jar on run_22_vdhankar_kgunda #####
INPUT for vdhankar:
GAME
BLACK
261.304181337357
.b.b.b.b
b...b.b.
...b.b..
b...b...
.w.w.w.b
w.w...w.
.....w.w
w.w.w.w.
##### Running: /usr/bin/time -o time_22_vdhankar_kgunda.txt -f "%U" python3 homework.py > stulog.txt 2>&1 on vdhankar #####
child exited with value 1
##### ERROR: /usr/bin/time -o time_22_vdhankar_kgunda.txt -f "%U" python3 homework.py > stulog.txt 2>&1 on vdhankar #####
##### Output of failed program (stdout + stderr): #####
Traceback (most recent call last):
  File "homework.py", line 546, in <module>
    print(end-start)
NameError: name 'end' is not defined
##### End of output of failed program #####
##### vdhankar plays [E a7 b6] in 4.12212419509888s #####
##### Running: /usr/lib/jvm/jdk-14.0.1/bin/java -jar /lab/itti/projects/checkers-competition/server/referee.jar on run_22_vdhankar_kgunda #####
Move is valid
##### SUCCESS: /usr/lib/jvm/jdk-14.0.1/bin/java -jar /lab/itti/projects/checkers-competition/server/referee.jar on run_22_vdhankar_kgunda #####
INPUT for kgunda:
GAME
WHITE
298.63
.b.b.b.b
....b.b.
.b.b.b..
b...b...
.w.w.w.b
w.w...w.
.....w.w
w.w.w.w.
##### Running: /usr/bin/time -o time_22_vdhankar_kgunda.txt -f "%U" /usr/lib/jvm/jdk-14.0.1/bin/java homework > stulog.txt 2>&1 on kgunda #####
##### SUCCESS: /usr/bin/time -o time_22_vdhankar_kgunda.txt -f "%U" /usr/lib/jvm/jdk-14.0.1/bin/java homework > stulog.txt 2>&1 on kgunda #####
##### kgunda plays [E a1 b2] in 0.24s #####
##### Running: /usr/lib/jvm/jdk-14.0.1/bin/java -jar /lab/itti/projects/checkers-competition/server/referee.jar on run_22_vdhankar_kgunda #####
Move is valid
##### SUCCESS: /usr/lib/jvm/jdk-14.0.1/bin/java -jar /lab/itti/projects/checkers-competition/server/referee.jar on run_22_vdhankar_kgunda #####
INPUT for vdhankar:
GAME
BLACK
257.182057142258
.b.b.b.b
....b.b.
.b.b.b..
b...b...
.w.w.w.b
w.w...w.
.w...w.w
..w.w.w.
##### Running: /usr/bin/time -o time_22_vdhankar_kgunda.txt -f "%U" python3 homework.py > stulog.txt 2>&1 on vdhankar #####
child exited with value 1
##### ERROR: /usr/bin/time -o time_22_vdhankar_kgunda.txt -f "%U" python3 homework.py > stulog.txt 2>&1 on vdhankar #####
##### Output of failed program (stdout + stderr): #####
Traceback (most recent call last):
  File "homework.py", line 546, in <module>
    print(end-start)
NameError: name 'end' is not defined
##### End of output of failed program #####
##### vdhankar plays [E b6 c5] in 1.77227783203125s #####
##### Running: /usr/lib/jvm/jdk-14.0.1/bin/java -jar /lab/itti/projects/checkers-competition/server/referee.jar on run_22_vdhankar_kgunda #####
Move is valid
##### SUCCESS: /usr/lib/jvm/jdk-14.0.1/bin/java -jar /lab/itti/projects/checkers-competition/server/referee.jar on run_22_vdhankar_kgunda #####
INPUT for kgunda:
GAME
WHITE
298.39
.b.b.b.b
....b.b.
...b.b..
b.b.b...
.w.w.w.b
w.w...w.
.w...w.w
..w.w.w.
##### Running: /usr/bin/time -o time_22_vdhankar_kgunda.txt -f "%U" /usr/lib/jvm/jdk-14.0.1/bin/java homework > stulog.txt 2>&1 on kgunda #####
##### SUCCESS: /usr/bin/time -o time_22_vdhankar_kgunda.txt -f "%U" /usr/lib/jvm/jdk-14.0.1/bin/java homework > stulog.txt 2>&1 on kgunda #####
##### kgunda plays [J d4 b6] in 0.2s #####
##### Running: /usr/lib/jvm/jdk-14.0.1/bin/java -jar /lab/itti/projects/checkers-competition/server/referee.jar on run_22_vdhankar_kgunda #####
Move is valid
##### SUCCESS: /usr/lib/jvm/jdk-14.0.1/bin/java -jar /lab/itti/projects/checkers-competition/server/referee.jar on run_22_vdhankar_kgunda #####
INPUT for vdhankar:
GAME
BLACK
255.409779310226
.b.b.b.b
....b.b.
.w.b.b..
b...b...
.w...w.b
w.w...w.
.w...w.w
..w.w.w.
##### Running: /usr/bin/time -o time_22_vdhankar_kgunda.txt -f "%U" python3 homework.py > stulog.txt 2>&1 on vdhankar #####
child exited with value 1
##### ERROR: /usr/bin/time -o time_22_vdhankar_kgunda.txt -f "%U" python3 homework.py > stulog.txt 2>&1 on vdhankar #####
##### Output of failed program (stdout + stderr): #####
Traceback (most recent call last):
  File "homework.py", line 546, in <module>
    print(end-start)
NameError: name 'end' is not defined
##### End of output of failed program #####
##### vdhankar plays [E e5 d4] in 2.47679400444031s #####
##### Running: /usr/lib/jvm/jdk-14.0.1/bin/java -jar /lab/itti/projects/checkers-competition/server/referee.jar on run_22_vdhankar_kgunda #####
Move is valid
##### SUCCESS: /usr/lib/jvm/jdk-14.0.1/bin/java -jar /lab/itti/projects/checkers-competition/server/referee.jar on run_22_vdhankar_kgunda #####
INPUT for kgunda:
GAME
WHITE
298.19
.b.b.b.b
....b.b.
.w.b.b..
b.......
.w.b.w.b
w.w...w.
.w...w.w
..w.w.w.
##### Running: /usr/bin/time -o time_22_vdhankar_kgunda.txt -f "%U" /usr/lib/jvm/jdk-14.0.1/bin/java homework > stulog.txt 2>&1 on kgunda #####
##### SUCCESS: /usr/bin/time -o time_22_vdhankar_kgunda.txt -f "%U" /usr/lib/jvm/jdk-14.0.1/bin/java homework > stulog.txt 2>&1 on kgunda #####
##### kgunda plays [J c3 e5 ; J e5 c7] in 0.18s #####
##### Running: /usr/lib/jvm/jdk-14.0.1/bin/java -jar /lab/itti/projects/checkers-competition/server/referee.jar on run_22_vdhankar_kgunda #####
Move is valid
##### SUCCESS: /usr/lib/jvm/jdk-14.0.1/bin/java -jar /lab/itti/projects/checkers-competition/server/referee.jar on run_22_vdhankar_kgunda #####
INPUT for vdhankar:
GAME
BLACK
252.932985305786
.b.b.b.b
..w.b.b.
.w...b..
b.......
.w...w.b
w.....w.
.w...w.w
..w.w.w.
##### Running: /usr/bin/time -o time_22_vdhankar_kgunda.txt -f "%U" python3 homework.py > stulog.txt 2>&1 on vdhankar #####
child exited with value 1
##### ERROR: /usr/bin/time -o time_22_vdhankar_kgunda.txt -f "%U" python3 homework.py > stulog.txt 2>&1 on vdhankar #####
##### Output of failed program (stdout + stderr): #####
Traceback (most recent call last):
  File "homework.py", line 546, in <module>
    print(end-start)
NameError: name 'end' is not defined
##### End of output of failed program #####
##### vdhankar plays [J a5 c3 ; J c3 a1] in 4.42197895050049s #####
##### Running: /usr/lib/jvm/jdk-14.0.1/bin/java -jar /lab/itti/projects/checkers-competition/server/referee.jar on run_22_vdhankar_kgunda #####
Move is valid
##### SUCCESS: /usr/lib/jvm/jdk-14.0.1/bin/java -jar /lab/itti/projects/checkers-competition/server/referee.jar on run_22_vdhankar_kgunda #####
INPUT for kgunda:
GAME
WHITE
298.01
.b.b.b.b
..w.b.b.
.w...b..
........
.....w.b
w.....w.
.....w.w
B.w.w.w.
##### Running: /usr/bin/time -o time_22_vdhankar_kgunda.txt -f "%U" /usr/lib/jvm/jdk-14.0.1/bin/java homework > stulog.txt 2>&1 on kgunda #####
##### SUCCESS: /usr/bin/time -o time_22_vdhankar_kgunda.txt -f "%U" /usr/lib/jvm/jdk-14.0.1/bin/java homework > stulog.txt 2>&1 on kgunda #####
##### kgunda plays [E e1 d2] in 0.19s #####
##### Running: /usr/lib/jvm/jdk-14.0.1/bin/java -jar /lab/itti/projects/checkers-competition/server/referee.jar on run_22_vdhankar_kgunda #####
Move is valid
##### SUCCESS: /usr/lib/jvm/jdk-14.0.1/bin/java -jar /lab/itti/projects/checkers-competition/server/referee.jar on run_22_vdhankar_kgunda #####
INPUT for vdhankar:
GAME
BLACK
248.511006355286
.b.b.b.b
..w.b.b.
.w...b..
........
.....w.b
w.....w.
...w.w.w
B.w...w.
##### Running: /usr/bin/time -o time_22_vdhankar_kgunda.txt -f "%U" python3 homework.py > stulog.txt 2>&1 on vdhankar #####
child exited with value 1
##### ERROR: /usr/bin/time -o time_22_vdhankar_kgunda.txt -f "%U" python3 homework.py > stulog.txt 2>&1 on vdhankar #####
##### Output of failed program (stdout + stderr): #####
Traceback (most recent call last):
  File "homework.py", line 546, in <module>
    print(end-start)
NameError: name 'end' is not defined
##### End of output of failed program #####
##### vdhankar plays [J b8 d6] in 3.92616105079651s #####
##### Running: /usr/lib/jvm/jdk-14.0.1/bin/java -jar /lab/itti/projects/checkers-competition/server/referee.jar on run_22_vdhankar_kgunda #####
Move is valid
##### SUCCESS: /usr/lib/jvm/jdk-14.0.1/bin/java -jar /lab/itti/projects/checkers-competition/server/referee.jar on run_22_vdhankar_kgunda #####
INPUT for kgunda:
GAME
WHITE
297.82
...b.b.b
....b.b.
.w.b.b..
........
.....w.b
w.....w.
...w.w.w
B.w...w.
##### Running: /usr/bin/time -o time_22_vdhankar_kgunda.txt -f "%U" /usr/lib/jvm/jdk-14.0.1/bin/java homework > stulog.txt 2>&1 on kgunda #####
##### SUCCESS: /usr/bin/time -o time_22_vdhankar_kgunda.txt -f "%U" /usr/lib/jvm/jdk-14.0.1/bin/java homework > stulog.txt 2>&1 on kgunda #####
##### kgunda plays [E f4 g5] in 0.22s #####
##### Running: /usr/lib/jvm/jdk-14.0.1/bin/java -jar /lab/itti/projects/checkers-competition/server/referee.jar on run_22_vdhankar_kgunda #####
Move is valid
##### SUCCESS: /usr/lib/jvm/jdk-14.0.1/bin/java -jar /lab/itti/projects/checkers-competition/server/referee.jar on run_22_vdhankar_kgunda #####
INPUT for vdhankar:
GAME
BLACK
244.584845304489
...b.b.b
....b.b.
.w.b.b..
......w.
.......b
w.....w.
...w.w.w
B.w...w.
##### Running: /usr/bin/time -o time_22_vdhankar_kgunda.txt -f "%U" python3 homework.py > stulog.txt 2>&1 on vdhankar #####
child exited with value 1
##### ERROR: /usr/bin/time -o time_22_vdhankar_kgunda.txt -f "%U" python3 homework.py > stulog.txt 2>&1 on vdhankar #####
##### Output of failed program (stdout + stderr): #####
Traceback (most recent call last):
  File "homework.py", line 546, in <module>
    print(end-start)
NameError: name 'end' is not defined
##### End of output of failed program #####
##### vdhankar plays [E a1 b2] in 9.74473905563354s #####
##### Running: /usr/lib/jvm/jdk-14.0.1/bin/java -jar /lab/itti/projects/checkers-competition/server/referee.jar on run_22_vdhankar_kgunda #####
Move is valid
##### SUCCESS: /usr/lib/jvm/jdk-14.0.1/bin/java -jar /lab/itti/projects/checkers-competition/server/referee.jar on run_22_vdhankar_kgunda #####
INPUT for kgunda:
GAME
WHITE
297.6
...b.b.b
....b.b.
.w.b.b..
......w.
.......b
w.....w.
.B.w.w.w
..w...w.
##### Running: /usr/bin/time -o time_22_vdhankar_kgunda.txt -f "%U" /usr/lib/jvm/jdk-14.0.1/bin/java homework > stulog.txt 2>&1 on kgunda #####
##### SUCCESS: /usr/bin/time -o time_22_vdhankar_kgunda.txt -f "%U" /usr/lib/jvm/jdk-14.0.1/bin/java homework > stulog.txt 2>&1 on kgunda #####
##### kgunda plays [E g5 h6] in 0.24s #####
##### Running: /usr/lib/jvm/jdk-14.0.1/bin/java -jar /lab/itti/projects/checkers-competition/server/referee.jar on run_22_vdhankar_kgunda #####
Move is valid
##### SUCCESS: /usr/lib/jvm/jdk-14.0.1/bin/java -jar /lab/itti/projects/checkers-competition/server/referee.jar on run_22_vdhankar_kgunda #####
INPUT for vdhankar:
GAME
BLACK
234.840106248856
...b.b.b
....b.b.
.w.b.b.w
........
.......b
w.....w.
.B.w.w.w
..w...w.
##### Running: /usr/bin/time -o time_22_vdhankar_kgunda.txt -f "%U" python3 homework.py > stulog.txt 2>&1 on vdhankar #####
child exited with value 1
##### ERROR: /usr/bin/time -o time_22_vdhankar_kgunda.txt -f "%U" python3 homework.py > stulog.txt 2>&1 on vdhankar #####
##### Output of failed program (stdout + stderr): #####
Traceback (most recent call last):
  File "homework.py", line 546, in <module>
    print(end-start)
NameError: name 'end' is not defined
##### End of output of failed program #####
##### vdhankar plays [E f6 g5] in 7.8974781036377s #####
##### Running: /usr/lib/jvm/jdk-14.0.1/bin/java -jar /lab/itti/projects/checkers-competition/server/referee.jar on run_22_vdhankar_kgunda #####
Move is valid
##### SUCCESS: /usr/lib/jvm/jdk-14.0.1/bin/java -jar /lab/itti/projects/checkers-competition/server/referee.jar on run_22_vdhankar_kgunda #####
INPUT for kgunda:
GAME
WHITE
297.36
...b.b.b
....b.b.
.w.b...w
......b.
.......b
w.....w.
.B.w.w.w
..w...w.
##### Running: /usr/bin/time -o time_22_vdhankar_kgunda.txt -f "%U" /usr/lib/jvm/jdk-14.0.1/bin/java homework > stulog.txt 2>&1 on kgunda #####
##### SUCCESS: /usr/bin/time -o time_22_vdhankar_kgunda.txt -f "%U" /usr/lib/jvm/jdk-14.0.1/bin/java homework > stulog.txt 2>&1 on kgunda #####
##### kgunda plays [E b6 a7] in 0.22s #####
##### Running: /usr/lib/jvm/jdk-14.0.1/bin/java -jar /lab/itti/projects/checkers-competition/server/referee.jar on run_22_vdhankar_kgunda #####
Move is valid
##### SUCCESS: /usr/lib/jvm/jdk-14.0.1/bin/java -jar /lab/itti/projects/checkers-competition/server/referee.jar on run_22_vdhankar_kgunda #####
INPUT for vdhankar:
GAME
BLACK
226.942628145218
...b.b.b
w...b.b.
...b...w
......b.
.......b
w.....w.
.B.w.w.w
..w...w.
##### Running: /usr/bin/time -o time_22_vdhankar_kgunda.txt -f "%U" python3 homework.py > stulog.txt 2>&1 on vdhankar #####
child exited with value 1
##### ERROR: /usr/bin/time -o time_22_vdhankar_kgunda.txt -f "%U" python3 homework.py > stulog.txt 2>&1 on vdhankar #####
##### Output of failed program (stdout + stderr): #####
Traceback (most recent call last):
  File "homework.py", line 546, in <module>
    print(end-start)
NameError: name 'end' is not defined
##### End of output of failed program #####
##### vdhankar plays [E b2 a1] in 10.2501997947693s #####
##### Running: /usr/lib/jvm/jdk-14.0.1/bin/java -jar /lab/itti/projects/checkers-competition/server/referee.jar on run_22_vdhankar_kgunda #####
Move is valid
##### SUCCESS: /usr/lib/jvm/jdk-14.0.1/bin/java -jar /lab/itti/projects/checkers-competition/server/referee.jar on run_22_vdhankar_kgunda #####
INPUT for kgunda:
GAME
WHITE
297.14
...b.b.b
w...b.b.
...b...w
......b.
.......b
w.....w.
...w.w.w
B.w...w.
##### Running: /usr/bin/time -o time_22_vdhankar_kgunda.txt -f "%U" /usr/lib/jvm/jdk-14.0.1/bin/java homework > stulog.txt 2>&1 on kgunda #####
##### SUCCESS: /usr/bin/time -o time_22_vdhankar_kgunda.txt -f "%U" /usr/lib/jvm/jdk-14.0.1/bin/java homework > stulog.txt 2>&1 on kgunda #####
##### kgunda plays [E a7 b8] in 0.22s #####
##### Running: /usr/lib/jvm/jdk-14.0.1/bin/java -jar /lab/itti/projects/checkers-competition/server/referee.jar on run_22_vdhankar_kgunda #####
Move is valid
##### SUCCESS: /usr/lib/jvm/jdk-14.0.1/bin/java -jar /lab/itti/projects/checkers-competition/server/referee.jar on run_22_vdhankar_kgunda #####
INPUT for vdhankar:
GAME
BLACK
216.692428350449
.W.b.b.b
....b.b.
...b...w
......b.
.......b
w.....w.
...w.w.w
B.w...w.
##### Running: /usr/bin/time -o time_22_vdhankar_kgunda.txt -f "%U" python3 homework.py > stulog.txt 2>&1 on vdhankar #####
child exited with value 1
##### ERROR: /usr/bin/time -o time_22_vdhankar_kgunda.txt -f "%U" python3 homework.py > stulog.txt 2>&1 on vdhankar #####
##### Output of failed program (stdout + stderr): #####
Traceback (most recent call last):
  File "homework.py", line 546, in <module>
    print(end-start)
NameError: name 'end' is not defined
##### End of output of failed program #####
##### vdhankar plays [E a1 b2] in 21.2188348770142s #####
##### Running: /usr/lib/jvm/jdk-14.0.1/bin/java -jar /lab/itti/projects/checkers-competition/server/referee.jar on run_22_vdhankar_kgunda #####
Move is valid
##### SUCCESS: /usr/lib/jvm/jdk-14.0.1/bin/java -jar /lab/itti/projects/checkers-competition/server/referee.jar on run_22_vdhankar_kgunda #####
INPUT for kgunda:
GAME
WHITE
296.92
.W.b.b.b
....b.b.
...b...w
......b.
.......b
w.....w.
.B.w.w.w
..w...w.
##### Running: /usr/bin/time -o time_22_vdhankar_kgunda.txt -f "%U" /usr/lib/jvm/jdk-14.0.1/bin/java homework > stulog.txt 2>&1 on kgunda #####
##### SUCCESS: /usr/bin/time -o time_22_vdhankar_kgunda.txt -f "%U" /usr/lib/jvm/jdk-14.0.1/bin/java homework > stulog.txt 2>&1 on kgunda #####
##### kgunda plays [E d2 e3] in 0.2s #####
##### Running: /usr/lib/jvm/jdk-14.0.1/bin/java -jar /lab/itti/projects/checkers-competition/server/referee.jar on run_22_vdhankar_kgunda #####
Move is valid
##### SUCCESS: /usr/lib/jvm/jdk-14.0.1/bin/java -jar /lab/itti/projects/checkers-competition/server/referee.jar on run_22_vdhankar_kgunda #####
INPUT for vdhankar:
GAME
BLACK
195.473593473434
.W.b.b.b
....b.b.
...b...w
......b.
.......b
w...w.w.
.B...w.w
..w...w.
##### Running: /usr/bin/time -o time_22_vdhankar_kgunda.txt -f "%U" python3 homework.py > stulog.txt 2>&1 on vdhankar #####
child exited with value 1
##### ERROR: /usr/bin/time -o time_22_vdhankar_kgunda.txt -f "%U" python3 homework.py > stulog.txt 2>&1 on vdhankar #####
##### Output of failed program (stdout + stderr): #####
Traceback (most recent call last):
  File "homework.py", line 546, in <module>
    print(end-start)
NameError: name 'end' is not defined
##### End of output of failed program #####
##### vdhankar plays [E b2 c3] in 12.228786945343s #####
##### Running: /usr/lib/jvm/jdk-14.0.1/bin/java -jar /lab/itti/projects/checkers-competition/server/referee.jar on run_22_vdhankar_kgunda #####
Move is valid
##### SUCCESS: /usr/lib/jvm/jdk-14.0.1/bin/java -jar /lab/itti/projects/checkers-competition/server/referee.jar on run_22_vdhankar_kgunda #####
INPUT for kgunda:
GAME
WHITE
296.72
.W.b.b.b
....b.b.
...b...w
......b.
.......b
w.B.w.w.
.....w.w
..w...w.
##### Running: /usr/bin/time -o time_22_vdhankar_kgunda.txt -f "%U" /usr/lib/jvm/jdk-14.0.1/bin/java homework > stulog.txt 2>&1 on kgunda #####
##### SUCCESS: /usr/bin/time -o time_22_vdhankar_kgunda.txt -f "%U" /usr/lib/jvm/jdk-14.0.1/bin/java homework > stulog.txt 2>&1 on kgunda #####
##### kgunda plays [E g3 f4] in 0.23s #####
##### Running: /usr/lib/jvm/jdk-14.0.1/bin/java -jar /lab/itti/projects/checkers-competition/server/referee.jar on run_22_vdhankar_kgunda #####
Move is valid
##### SUCCESS: /usr/lib/jvm/jdk-14.0.1/bin/java -jar /lab/itti/projects/checkers-competition/server/referee.jar on run_22_vdhankar_kgunda #####
INPUT for vdhankar:
GAME
BLACK
183.244806528091
.W.b.b.b
....b.b.
...b...w
......b.
.....w.b
w.B.w...
.....w.w
..w...w.
##### Running: /usr/bin/time -o time_22_vdhankar_kgunda.txt -f "%U" python3 homework.py > stulog.txt 2>&1 on vdhankar #####
child exited with value 1
##### ERROR: /usr/bin/time -o time_22_vdhankar_kgunda.txt -f "%U" python3 homework.py > stulog.txt 2>&1 on vdhankar #####
##### Output of failed program (stdout + stderr): #####
Traceback (most recent call last):
  File "homework.py", line 546, in <module>
    print(end-start)
NameError: name 'end' is not defined
##### End of output of failed program #####
##### vdhankar plays [E c3 d2] in 8.43751406669617s #####
##### Running: /usr/lib/jvm/jdk-14.0.1/bin/java -jar /lab/itti/projects/checkers-competition/server/referee.jar on run_22_vdhankar_kgunda #####
Move is valid
##### SUCCESS: /usr/lib/jvm/jdk-14.0.1/bin/java -jar /lab/itti/projects/checkers-competition/server/referee.jar on run_22_vdhankar_kgunda #####
INPUT for kgunda:
GAME
WHITE
296.49
.W.b.b.b
....b.b.
...b...w
......b.
.....w.b
w...w...
...B.w.w
..w...w.
##### Running: /usr/bin/time -o time_22_vdhankar_kgunda.txt -f "%U" /usr/lib/jvm/jdk-14.0.1/bin/java homework > stulog.txt 2>&1 on kgunda #####
##### SUCCESS: /usr/bin/time -o time_22_vdhankar_kgunda.txt -f "%U" /usr/lib/jvm/jdk-14.0.1/bin/java homework > stulog.txt 2>&1 on kgunda #####
##### kgunda plays [E a3 b4] in 0.21s #####
##### Running: /usr/lib/jvm/jdk-14.0.1/bin/java -jar /lab/itti/projects/checkers-competition/server/referee.jar on run_22_vdhankar_kgunda #####
Move is valid
##### SUCCESS: /usr/lib/jvm/jdk-14.0.1/bin/java -jar /lab/itti/projects/checkers-competition/server/referee.jar on run_22_vdhankar_kgunda #####
INPUT for vdhankar:
GAME
BLACK
174.807292461395
.W.b.b.b
....b.b.
...b...w
......b.
.w...w.b
....w...
...B.w.w
..w...w.
##### Running: /usr/bin/time -o time_22_vdhankar_kgunda.txt -f "%U" python3 homework.py > stulog.txt 2>&1 on vdhankar #####
child exited with value 1
##### ERROR: /usr/bin/time -o time_22_vdhankar_kgunda.txt -f "%U" python3 homework.py > stulog.txt 2>&1 on vdhankar #####
##### Output of failed program (stdout + stderr): #####
Traceback (most recent call last):
  File "homework.py", line 546, in <module>
    print(end-start)
NameError: name 'end' is not defined
##### End of output of failed program #####
##### vdhankar plays [E d2 e1] in 13.826189994812s #####
##### Running: /usr/lib/jvm/jdk-14.0.1/bin/java -jar /lab/itti/projects/checkers-competition/server/referee.jar on run_22_vdhankar_kgunda #####
Move is valid
##### SUCCESS: /usr/lib/jvm/jdk-14.0.1/bin/java -jar /lab/itti/projects/checkers-competition/server/referee.jar on run_22_vdhankar_kgunda #####
INPUT for kgunda:
GAME
WHITE
296.28
.W.b.b.b
....b.b.
...b...w
......b.
.w...w.b
....w...
.....w.w
..w.B.w.
##### Running: /usr/bin/time -o time_22_vdhankar_kgunda.txt -f "%U" /usr/lib/jvm/jdk-14.0.1/bin/java homework > stulog.txt 2>&1 on kgunda #####
##### SUCCESS: /usr/bin/time -o time_22_vdhankar_kgunda.txt -f "%U" /usr/lib/jvm/jdk-14.0.1/bin/java homework > stulog.txt 2>&1 on kgunda #####
##### kgunda plays [E h2 g3] in 0.15s #####
##### Running: /usr/lib/jvm/jdk-14.0.1/bin/java -jar /lab/itti/projects/checkers-competition/server/referee.jar on run_22_vdhankar_kgunda #####
Move is valid
##### SUCCESS: /usr/lib/jvm/jdk-14.0.1/bin/java -jar /lab/itti/projects/checkers-competition/server/referee.jar on run_22_vdhankar_kgunda #####
INPUT for vdhankar:
GAME
BLACK
160.981102466583
.W.b.b.b
....b.b.
...b...w
......b.
.w...w.b
....w.w.
.....w..
..w.B.w.
##### Running: /usr/bin/time -o time_22_vdhankar_kgunda.txt -f "%U" python3 homework.py > stulog.txt 2>&1 on vdhankar #####
child exited with value 1
##### ERROR: /usr/bin/time -o time_22_vdhankar_kgunda.txt -f "%U" python3 homework.py > stulog.txt 2>&1 on vdhankar #####
##### Output of failed program (stdout + stderr): #####
Traceback (most recent call last):
  File "homework.py", line 546, in <module>
    print(end-start)
NameError: name 'end' is not defined
##### End of output of failed program #####
##### vdhankar plays [E d6 e5] in 8.41031789779663s #####
##### Running: /usr/lib/jvm/jdk-14.0.1/bin/java -jar /lab/itti/projects/checkers-competition/server/referee.jar on run_22_vdhankar_kgunda #####
Move is valid
##### SUCCESS: /usr/lib/jvm/jdk-14.0.1/bin/java -jar /lab/itti/projects/checkers-competition/server/referee.jar on run_22_vdhankar_kgunda #####
INPUT for kgunda:
GAME
WHITE
296.13
.W.b.b.b
....b.b.
.......w
....b.b.
.w...w.b
....w.w.
.....w..
..w.B.w.
##### Running: /usr/bin/time -o time_22_vdhankar_kgunda.txt -f "%U" /usr/lib/jvm/jdk-14.0.1/bin/java homework > stulog.txt 2>&1 on kgunda #####
##### SUCCESS: /usr/bin/time -o time_22_vdhankar_kgunda.txt -f "%U" /usr/lib/jvm/jdk-14.0.1/bin/java homework > stulog.txt 2>&1 on kgunda #####
##### kgunda plays [J f4 d6] in 0.12s #####
##### Running: /usr/lib/jvm/jdk-14.0.1/bin/java -jar /lab/itti/projects/checkers-competition/server/referee.jar on run_22_vdhankar_kgunda #####
Move is valid
##### SUCCESS: /usr/lib/jvm/jdk-14.0.1/bin/java -jar /lab/itti/projects/checkers-competition/server/referee.jar on run_22_vdhankar_kgunda #####
INPUT for vdhankar:
GAME
BLACK
152.570784568787
.W.b.b.b
....b.b.
...w...w
......b.
.w.....b
....w.w.
.....w..
..w.B.w.
##### Running: /usr/bin/time -o time_22_vdhankar_kgunda.txt -f "%U" python3 homework.py > stulog.txt 2>&1 on vdhankar #####
child exited with value 1
##### ERROR: /usr/bin/time -o time_22_vdhankar_kgunda.txt -f "%U" python3 homework.py > stulog.txt 2>&1 on vdhankar #####
##### Output of failed program (stdout + stderr): #####
Traceback (most recent call last):
  File "homework.py", line 546, in <module>
    print(end-start)
NameError: name 'end' is not defined
##### End of output of failed program #####
##### vdhankar plays [J e7 c5 ; J c5 a3] in 2.58199596405029s #####
##### Running: /usr/lib/jvm/jdk-14.0.1/bin/java -jar /lab/itti/projects/checkers-competition/server/referee.jar on run_22_vdhankar_kgunda #####
Move is valid
##### SUCCESS: /usr/lib/jvm/jdk-14.0.1/bin/java -jar /lab/itti/projects/checkers-competition/server/referee.jar on run_22_vdhankar_kgunda #####
INPUT for kgunda:
GAME
WHITE
296.01
.W.b.b.b
......b.
.......w
......b.
.......b
b...w.w.
.....w..
..w.B.w.
##### Running: /usr/bin/time -o time_22_vdhankar_kgunda.txt -f "%U" /usr/lib/jvm/jdk-14.0.1/bin/java homework > stulog.txt 2>&1 on kgunda #####
##### SUCCESS: /usr/bin/time -o time_22_vdhankar_kgunda.txt -f "%U" /usr/lib/jvm/jdk-14.0.1/bin/java homework > stulog.txt 2>&1 on kgunda #####
##### kgunda plays [E c1 d2] in 0.2s #####
##### Running: /usr/lib/jvm/jdk-14.0.1/bin/java -jar /lab/itti/projects/checkers-competition/server/referee.jar on run_22_vdhankar_kgunda #####
Move is valid
##### SUCCESS: /usr/lib/jvm/jdk-14.0.1/bin/java -jar /lab/itti/projects/checkers-competition/server/referee.jar on run_22_vdhankar_kgunda #####
INPUT for vdhankar:
GAME
BLACK
149.988788604736
.W.b.b.b
......b.
.......w
......b.
.......b
b...w.w.
...w.w..
....B.w.
##### Running: /usr/bin/time -o time_22_vdhankar_kgunda.txt -f "%U" python3 homework.py > stulog.txt 2>&1 on vdhankar #####
child exited with value 1
##### ERROR: /usr/bin/time -o time_22_vdhankar_kgunda.txt -f "%U" python3 homework.py > stulog.txt 2>&1 on vdhankar #####
##### Output of failed program (stdout + stderr): #####
Traceback (most recent call last):
  File "homework.py", line 546, in <module>
    print(end-start)
NameError: name 'end' is not defined
##### End of output of failed program #####
##### vdhankar plays [J e1 c3] in 3.74180197715759s #####
##### Running: /usr/lib/jvm/jdk-14.0.1/bin/java -jar /lab/itti/projects/checkers-competition/server/referee.jar on run_22_vdhankar_kgunda #####
Move is valid
##### SUCCESS: /usr/lib/jvm/jdk-14.0.1/bin/java -jar /lab/itti/projects/checkers-competition/server/referee.jar on run_22_vdhankar_kgunda #####
INPUT for kgunda:
GAME
WHITE
295.81
.W.b.b.b
......b.
.......w
......b.
.......b
b.B.w.w.
.....w..
......w.
##### Running: /usr/bin/time -o time_22_vdhankar_kgunda.txt -f "%U" /usr/lib/jvm/jdk-14.0.1/bin/java homework > stulog.txt 2>&1 on kgunda #####
##### SUCCESS: /usr/bin/time -o time_22_vdhankar_kgunda.txt -f "%U" /usr/lib/jvm/jdk-14.0.1/bin/java homework > stulog.txt 2>&1 on kgunda #####
##### kgunda plays [E e3 f4] in 0.24s #####
##### Running: /usr/lib/jvm/jdk-14.0.1/bin/java -jar /lab/itti/projects/checkers-competition/server/referee.jar on run_22_vdhankar_kgunda #####
Move is valid
##### SUCCESS: /usr/lib/jvm/jdk-14.0.1/bin/java -jar /lab/itti/projects/checkers-competition/server/referee.jar on run_22_vdhankar_kgunda #####
INPUT for vdhankar:
GAME
BLACK
146.246986627579
.W.b.b.b
......b.
.......w
......b.
.....w.b
b.B...w.
.....w..
......w.
##### Running: /usr/bin/time -o time_22_vdhankar_kgunda.txt -f "%U" python3 homework.py > stulog.txt 2>&1 on vdhankar #####
child exited with value 1
##### ERROR: /usr/bin/time -o time_22_vdhankar_kgunda.txt -f "%U" python3 homework.py > stulog.txt 2>&1 on vdhankar #####
##### Output of failed program (stdout + stderr): #####
Traceback (most recent call last):
  File "homework.py", line 546, in <module>
    print(end-start)
NameError: name 'end' is not defined
##### End of output of failed program #####
##### vdhankar plays [J g5 e3] in 0.354815006256104s #####
##### Running: /usr/lib/jvm/jdk-14.0.1/bin/java -jar /lab/itti/projects/checkers-competition/server/referee.jar on run_22_vdhankar_kgunda #####
Move is valid
##### SUCCESS: /usr/lib/jvm/jdk-14.0.1/bin/java -jar /lab/itti/projects/checkers-competition/server/referee.jar on run_22_vdhankar_kgunda #####
INPUT for kgunda:
GAME
WHITE
295.57
.W.b.b.b
......b.
.......w
........
.......b
b.B.b.w.
.....w..
......w.
##### Running: /usr/bin/time -o time_22_vdhankar_kgunda.txt -f "%U" /usr/lib/jvm/jdk-14.0.1/bin/java homework > stulog.txt 2>&1 on kgunda #####
##### SUCCESS: /usr/bin/time -o time_22_vdhankar_kgunda.txt -f "%U" /usr/lib/jvm/jdk-14.0.1/bin/java homework > stulog.txt 2>&1 on kgunda #####
##### kgunda plays [J f2 d4] in 0.12s #####
##### Running: /usr/lib/jvm/jdk-14.0.1/bin/java -jar /lab/itti/projects/checkers-competition/server/referee.jar on run_22_vdhankar_kgunda #####
Move is valid
##### SUCCESS: /usr/lib/jvm/jdk-14.0.1/bin/java -jar /lab/itti/projects/checkers-competition/server/referee.jar on run_22_vdhankar_kgunda #####
INPUT for vdhankar:
GAME
BLACK
145.892171621323
.W.b.b.b
......b.
.......w
........
...w...b
b.B...w.
........
......w.
##### Running: /usr/bin/time -o time_22_vdhankar_kgunda.txt -f "%U" python3 homework.py > stulog.txt 2>&1 on vdhankar #####
child exited with value 1
##### ERROR: /usr/bin/time -o time_22_vdhankar_kgunda.txt -f "%U" python3 homework.py > stulog.txt 2>&1 on vdhankar #####
##### Output of failed program (stdout + stderr): #####
Traceback (most recent call last):
  File "homework.py", line 546, in <module>
    print(end-start)
NameError: name 'end' is not defined
##### End of output of failed program #####
##### vdhankar plays [J c3 e5] in 0.459129095077515s #####
##### Running: /usr/lib/jvm/jdk-14.0.1/bin/java -jar /lab/itti/projects/checkers-competition/server/referee.jar on run_22_vdhankar_kgunda #####
Move is valid
##### SUCCESS: /usr/lib/jvm/jdk-14.0.1/bin/java -jar /lab/itti/projects/checkers-competition/server/referee.jar on run_22_vdhankar_kgunda #####
INPUT for kgunda:
GAME
WHITE
295.45
.W.b.b.b
......b.
.......w
....B...
.......b
b.....w.
........
......w.
##### Running: /usr/bin/time -o time_22_vdhankar_kgunda.txt -f "%U" /usr/lib/jvm/jdk-14.0.1/bin/java homework > stulog.txt 2>&1 on kgunda #####
##### SUCCESS: /usr/bin/time -o time_22_vdhankar_kgunda.txt -f "%U" /usr/lib/jvm/jdk-14.0.1/bin/java homework > stulog.txt 2>&1 on kgunda #####
##### kgunda plays [E b8 a7] in 0.21s #####
##### Running: /usr/lib/jvm/jdk-14.0.1/bin/java -jar /lab/itti/projects/checkers-competition/server/referee.jar on run_22_vdhankar_kgunda #####
Move is valid
##### SUCCESS: /usr/lib/jvm/jdk-14.0.1/bin/java -jar /lab/itti/projects/checkers-competition/server/referee.jar on run_22_vdhankar_kgunda #####
INPUT for vdhankar:
GAME
BLACK
145.433042526245
...b.b.b
W.....b.
.......w
....B...
.......b
b.....w.
........
......w.
##### Running: /usr/bin/time -o time_22_vdhankar_kgunda.txt -f "%U" python3 homework.py > stulog.txt 2>&1 on vdhankar #####
child exited with value 1
##### ERROR: /usr/bin/time -o time_22_vdhankar_kgunda.txt -f "%U" python3 homework.py > stulog.txt 2>&1 on vdhankar #####
##### Output of failed program (stdout + stderr): #####
Traceback (most recent call last):
  File "homework.py", line 546, in <module>
    print(end-start)
NameError: name 'end' is not defined
##### End of output of failed program #####
##### vdhankar plays [J h4 f2] in 1.04066705703735s #####
##### Running: /usr/lib/jvm/jdk-14.0.1/bin/java -jar /lab/itti/projects/checkers-competition/server/referee.jar on run_22_vdhankar_kgunda #####
Move is valid
##### SUCCESS: /usr/lib/jvm/jdk-14.0.1/bin/java -jar /lab/itti/projects/checkers-competition/server/referee.jar on run_22_vdhankar_kgunda #####
INPUT for kgunda:
GAME
WHITE
295.24
...b.b.b
W.....b.
.......w
....B...
........
b.......
.....b..
......w.
##### Running: /usr/bin/time -o time_22_vdhankar_kgunda.txt -f "%U" /usr/lib/jvm/jdk-14.0.1/bin/java homework > stulog.txt 2>&1 on kgunda #####
##### SUCCESS: /usr/bin/time -o time_22_vdhankar_kgunda.txt -f "%U" /usr/lib/jvm/jdk-14.0.1/bin/java homework > stulog.txt 2>&1 on kgunda #####
##### kgunda plays [J g1 e3] in 0.15s #####
##### Running: /usr/lib/jvm/jdk-14.0.1/bin/java -jar /lab/itti/projects/checkers-competition/server/referee.jar on run_22_vdhankar_kgunda #####
Move is valid
##### SUCCESS: /usr/lib/jvm/jdk-14.0.1/bin/java -jar /lab/itti/projects/checkers-competition/server/referee.jar on run_22_vdhankar_kgunda #####
INPUT for vdhankar:
GAME
BLACK
144.392375469208
...b.b.b
W.....b.
.......w
....B...
........
b...w...
........
........
##### Running: /usr/bin/time -o time_22_vdhankar_kgunda.txt -f "%U" python3 homework.py > stulog.txt 2>&1 on vdhankar #####
child exited with value 1
##### ERROR: /usr/bin/time -o time_22_vdhankar_kgunda.txt -f "%U" python3 homework.py > stulog.txt 2>&1 on vdhankar #####
##### Output of failed program (stdout + stderr): #####
Traceback (most recent call last):
  File "homework.py", line 546, in <module>
    print(end-start)
NameError: name 'end' is not defined
##### End of output of failed program #####
##### vdhankar plays [E a3 b2] in 4.88285183906555s #####
##### Running: /usr/lib/jvm/jdk-14.0.1/bin/java -jar /lab/itti/projects/checkers-competition/server/referee.jar on run_22_vdhankar_kgunda #####
Move is valid
##### SUCCESS: /usr/lib/jvm/jdk-14.0.1/bin/java -jar /lab/itti/projects/checkers-competition/server/referee.jar on run_22_vdhankar_kgunda #####
INPUT for kgunda:
GAME
WHITE
295.09
...b.b.b
W.....b.
.......w
....B...
........
....w...
.b......
........
##### Running: /usr/bin/time -o time_22_vdhankar_kgunda.txt -f "%U" /usr/lib/jvm/jdk-14.0.1/bin/java homework > stulog.txt 2>&1 on kgunda #####
##### SUCCESS: /usr/bin/time -o time_22_vdhankar_kgunda.txt -f "%U" /usr/lib/jvm/jdk-14.0.1/bin/java homework > stulog.txt 2>&1 on kgunda #####
##### kgunda plays [E a7 b8] in 0.16s #####
##### Running: /usr/lib/jvm/jdk-14.0.1/bin/java -jar /lab/itti/projects/checkers-competition/server/referee.jar on run_22_vdhankar_kgunda #####
Move is valid
##### SUCCESS: /usr/lib/jvm/jdk-14.0.1/bin/java -jar /lab/itti/projects/checkers-competition/server/referee.jar on run_22_vdhankar_kgunda #####
INPUT for vdhankar:
GAME
BLACK
139.509523630142
.W.b.b.b
......b.
.......w
....B...
........
....w...
.b......
........
##### Running: /usr/bin/time -o time_22_vdhankar_kgunda.txt -f "%U" python3 homework.py > stulog.txt 2>&1 on vdhankar #####
child exited with value 1
##### ERROR: /usr/bin/time -o time_22_vdhankar_kgunda.txt -f "%U" python3 homework.py > stulog.txt 2>&1 on vdhankar #####
##### Output of failed program (stdout + stderr): #####
Traceback (most recent call last):
  File "homework.py", line 546, in <module>
    print(end-start)
NameError: name 'end' is not defined
##### End of output of failed program #####
##### vdhankar plays [E b2 c1] in 4.50366592407227s #####
##### Running: /usr/lib/jvm/jdk-14.0.1/bin/java -jar /lab/itti/projects/checkers-competition/server/referee.jar on run_22_vdhankar_kgunda #####
Move is valid
##### SUCCESS: /usr/lib/jvm/jdk-14.0.1/bin/java -jar /lab/itti/projects/checkers-competition/server/referee.jar on run_22_vdhankar_kgunda #####
INPUT for kgunda:
GAME
WHITE
294.93
.W.b.b.b
......b.
.......w
....B...
........
....w...
........
..B.....
##### Running: /usr/bin/time -o time_22_vdhankar_kgunda.txt -f "%U" /usr/lib/jvm/jdk-14.0.1/bin/java homework > stulog.txt 2>&1 on kgunda #####
##### SUCCESS: /usr/bin/time -o time_22_vdhankar_kgunda.txt -f "%U" /usr/lib/jvm/jdk-14.0.1/bin/java homework > stulog.txt 2>&1 on kgunda #####
##### kgunda plays [E e3 d4] in 0.17s #####
##### Running: /usr/lib/jvm/jdk-14.0.1/bin/java -jar /lab/itti/projects/checkers-competition/server/referee.jar on run_22_vdhankar_kgunda #####
Move is valid
##### SUCCESS: /usr/lib/jvm/jdk-14.0.1/bin/java -jar /lab/itti/projects/checkers-competition/server/referee.jar on run_22_vdhankar_kgunda #####
INPUT for vdhankar:
GAME
BLACK
135.00585770607
.W.b.b.b
......b.
.......w
....B...
...w....
........
........
..B.....
##### Running: /usr/bin/time -o time_22_vdhankar_kgunda.txt -f "%U" python3 homework.py > stulog.txt 2>&1 on vdhankar #####
child exited with value 1
##### ERROR: /usr/bin/time -o time_22_vdhankar_kgunda.txt -f "%U" python3 homework.py > stulog.txt 2>&1 on vdhankar #####
##### Output of failed program (stdout + stderr): #####
Traceback (most recent call last):
  File "homework.py", line 546, in <module>
    print(end-start)
NameError: name 'end' is not defined
##### End of output of failed program #####
##### vdhankar plays [J e5 c3] in 1.10798692703247s #####
##### Running: /usr/lib/jvm/jdk-14.0.1/bin/java -jar /lab/itti/projects/checkers-competition/server/referee.jar on run_22_vdhankar_kgunda #####
Move is valid
##### SUCCESS: /usr/lib/jvm/jdk-14.0.1/bin/java -jar /lab/itti/projects/checkers-competition/server/referee.jar on run_22_vdhankar_kgunda #####
INPUT for kgunda:
GAME
WHITE
294.76
.W.b.b.b
......b.
.......w
........
........
..B.....
........
..B.....
##### Running: /usr/bin/time -o time_22_vdhankar_kgunda.txt -f "%U" /usr/lib/jvm/jdk-14.0.1/bin/java homework > stulog.txt 2>&1 on kgunda #####
##### SUCCESS: /usr/bin/time -o time_22_vdhankar_kgunda.txt -f "%U" /usr/lib/jvm/jdk-14.0.1/bin/java homework > stulog.txt 2>&1 on kgunda #####
##### kgunda plays [E b8 c7] in 0.15s #####
##### Running: /usr/lib/jvm/jdk-14.0.1/bin/java -jar /lab/itti/projects/checkers-competition/server/referee.jar on run_22_vdhankar_kgunda #####
Move is valid
##### SUCCESS: /usr/lib/jvm/jdk-14.0.1/bin/java -jar /lab/itti/projects/checkers-competition/server/referee.jar on run_22_vdhankar_kgunda #####
INPUT for vdhankar:
GAME
BLACK
133.897870779037
...b.b.b
..W...b.
.......w
........
........
..B.....
........
..B.....
##### Running: /usr/bin/time -o time_22_vdhankar_kgunda.txt -f "%U" python3 homework.py > stulog.txt 2>&1 on vdhankar #####
child exited with value 1
##### ERROR: /usr/bin/time -o time_22_vdhankar_kgunda.txt -f "%U" python3 homework.py > stulog.txt 2>&1 on vdhankar #####
##### Output of failed program (stdout + stderr): #####
Traceback (most recent call last):
  File "homework.py", line 546, in <module>
    print(end-start)
NameError: name 'end' is not defined
##### End of output of failed program #####
##### vdhankar plays [J d8 b6] in 0.344929933547974s #####
##### Running: /usr/lib/jvm/jdk-14.0.1/bin/java -jar /lab/itti/projects/checkers-competition/server/referee.jar on run_22_vdhankar_kgunda #####
Move is valid
After this move, player WHITE cannot make any moves
*** Winner: BLACK ***
##### SUCCESS: /usr/lib/jvm/jdk-14.0.1/bin/java -jar /lab/itti/projects/checkers-competition/server/referee.jar on run_22_vdhankar_kgunda #####
##### GAME OVER: vdhankar wins the game! #####
Server said: WIN
########## ROUND 22 GAMESCORE AFTER GAME 3: vdhankar=2 and kgunda=1 ##########
#################### ROUND 22: vdhankar (W) vs kgunda (B): game 4 ####################
##### game start! #####
INPUT for kgunda:
GAME
BLACK
300
.b.b.b.b
b.b.b.b.
.b.b.b.b
........
........
w.w.w.w.
.w.w.w.w
w.w.w.w.
##### Running: /usr/bin/time -o time_22_vdhankar_kgunda.txt -f "%U" /usr/lib/jvm/jdk-14.0.1/bin/java homework > stulog.txt 2>&1 on kgunda #####
##### SUCCESS: /usr/bin/time -o time_22_vdhankar_kgunda.txt -f "%U" /usr/lib/jvm/jdk-14.0.1/bin/java homework > stulog.txt 2>&1 on kgunda #####
##### kgunda plays [E b6 a5] in 0.34s #####
##### Running: /usr/lib/jvm/jdk-14.0.1/bin/java -jar /lab/itti/projects/checkers-competition/server/referee.jar on run_22_vdhankar_kgunda #####
Move is valid
Couldn't read file 'current_ply.txt'
Couldn't read content from file 'current_ply.txt'
Couldn't read file 'lastmatchange_ply.txt'
Couldn't read content from file 'lastmatchange_ply.txt'
##### SUCCESS: /usr/lib/jvm/jdk-14.0.1/bin/java -jar /lab/itti/projects/checkers-competition/server/referee.jar on run_22_vdhankar_kgunda #####
INPUT for vdhankar:
GAME
WHITE
300
.b.b.b.b
b.b.b.b.
...b.b.b
b.......
........
w.w.w.w.
.w.w.w.w
w.w.w.w.
##### Running: /usr/bin/time -o time_22_vdhankar_kgunda.txt -f "%U" python3 homework.py > stulog.txt 2>&1 on vdhankar #####
child exited with value 1
##### ERROR: /usr/bin/time -o time_22_vdhankar_kgunda.txt -f "%U" python3 homework.py > stulog.txt 2>&1 on vdhankar #####
##### Output of failed program (stdout + stderr): #####
Traceback (most recent call last):
  File "homework.py", line 546, in <module>
    print(end-start)
NameError: name 'end' is not defined
##### End of output of failed program #####
##### vdhankar plays [E g3 h4] in 12.5878579616547s #####
##### Running: /usr/lib/jvm/jdk-14.0.1/bin/java -jar /lab/itti/projects/checkers-competition/server/referee.jar on run_22_vdhankar_kgunda #####
Move is valid
##### SUCCESS: /usr/lib/jvm/jdk-14.0.1/bin/java -jar /lab/itti/projects/checkers-competition/server/referee.jar on run_22_vdhankar_kgunda #####
INPUT for kgunda:
GAME
BLACK
299.66
.b.b.b.b
b.b.b.b.
...b.b.b
b.......
.......w
w.w.w...
.w.w.w.w
w.w.w.w.
##### Running: /usr/bin/time -o time_22_vdhankar_kgunda.txt -f "%U" /usr/lib/jvm/jdk-14.0.1/bin/java homework > stulog.txt 2>&1 on kgunda #####
##### SUCCESS: /usr/bin/time -o time_22_vdhankar_kgunda.txt -f "%U" /usr/lib/jvm/jdk-14.0.1/bin/java homework > stulog.txt 2>&1 on kgunda #####
##### kgunda plays [E a7 b6] in 0.33s #####
##### Running: /usr/lib/jvm/jdk-14.0.1/bin/java -jar /lab/itti/projects/checkers-competition/server/referee.jar on run_22_vdhankar_kgunda #####
Move is valid
##### SUCCESS: /usr/lib/jvm/jdk-14.0.1/bin/java -jar /lab/itti/projects/checkers-competition/server/referee.jar on run_22_vdhankar_kgunda #####
INPUT for vdhankar:
GAME
WHITE
287.412142038345
.b.b.b.b
..b.b.b.
.b.b.b.b
b.......
.......w
w.w.w...
.w.w.w.w
w.w.w.w.
##### Running: /usr/bin/time -o time_22_vdhankar_kgunda.txt -f "%U" python3 homework.py > stulog.txt 2>&1 on vdhankar #####
child exited with value 1
##### ERROR: /usr/bin/time -o time_22_vdhankar_kgunda.txt -f "%U" python3 homework.py > stulog.txt 2>&1 on vdhankar #####
##### Output of failed program (stdout + stderr): #####
Traceback (most recent call last):
  File "homework.py", line 546, in <module>
    print(end-start)
NameError: name 'end' is not defined
##### End of output of failed program #####
##### vdhankar plays [E h2 g3] in 16.8394069671631s #####
##### Running: /usr/lib/jvm/jdk-14.0.1/bin/java -jar /lab/itti/projects/checkers-competition/server/referee.jar on run_22_vdhankar_kgunda #####
Move is valid
##### SUCCESS: /usr/lib/jvm/jdk-14.0.1/bin/java -jar /lab/itti/projects/checkers-competition/server/referee.jar on run_22_vdhankar_kgunda #####
INPUT for kgunda:
GAME
BLACK
299.33
.b.b.b.b
..b.b.b.
.b.b.b.b
b.......
.......w
w.w.w.w.
.w.w.w..
w.w.w.w.
##### Running: /usr/bin/time -o time_22_vdhankar_kgunda.txt -f "%U" /usr/lib/jvm/jdk-14.0.1/bin/java homework > stulog.txt 2>&1 on kgunda #####
##### SUCCESS: /usr/bin/time -o time_22_vdhankar_kgunda.txt -f "%U" /usr/lib/jvm/jdk-14.0.1/bin/java homework > stulog.txt 2>&1 on kgunda #####
##### kgunda plays [E b8 a7] in 0.32s #####
##### Running: /usr/lib/jvm/jdk-14.0.1/bin/java -jar /lab/itti/projects/checkers-competition/server/referee.jar on run_22_vdhankar_kgunda #####
Move is valid
##### SUCCESS: /usr/lib/jvm/jdk-14.0.1/bin/java -jar /lab/itti/projects/checkers-competition/server/referee.jar on run_22_vdhankar_kgunda #####
INPUT for vdhankar:
GAME
WHITE
270.572735071182
...b.b.b
b.b.b.b.
.b.b.b.b
b.......
.......w
w.w.w.w.
.w.w.w..
w.w.w.w.
##### Running: /usr/bin/time -o time_22_vdhankar_kgunda.txt -f "%U" python3 homework.py > stulog.txt 2>&1 on vdhankar #####
child exited with value 1
##### ERROR: /usr/bin/time -o time_22_vdhankar_kgunda.txt -f "%U" python3 homework.py > stulog.txt 2>&1 on vdhankar #####
##### Output of failed program (stdout + stderr): #####
Traceback (most recent call last):
  File "homework.py", line 546, in <module>
    print(end-start)
NameError: name 'end' is not defined
##### End of output of failed program #####
##### vdhankar plays [E c3 d4] in 4.98278212547302s #####
##### Running: /usr/lib/jvm/jdk-14.0.1/bin/java -jar /lab/itti/projects/checkers-competition/server/referee.jar on run_22_vdhankar_kgunda #####
Move is valid
##### SUCCESS: /usr/lib/jvm/jdk-14.0.1/bin/java -jar /lab/itti/projects/checkers-competition/server/referee.jar on run_22_vdhankar_kgunda #####
INPUT for kgunda:
GAME
BLACK
299.01
...b.b.b
b.b.b.b.
.b.b.b.b
b.......
...w...w
w...w.w.
.w.w.w..
w.w.w.w.
##### Running: /usr/bin/time -o time_22_vdhankar_kgunda.txt -f "%U" /usr/lib/jvm/jdk-14.0.1/bin/java homework > stulog.txt 2>&1 on kgunda #####
##### SUCCESS: /usr/bin/time -o time_22_vdhankar_kgunda.txt -f "%U" /usr/lib/jvm/jdk-14.0.1/bin/java homework > stulog.txt 2>&1 on kgunda #####
##### kgunda plays [E d6 c5] in 0.21s #####
##### Running: /usr/lib/jvm/jdk-14.0.1/bin/java -jar /lab/itti/projects/checkers-competition/server/referee.jar on run_22_vdhankar_kgunda #####
Move is valid
##### SUCCESS: /usr/lib/jvm/jdk-14.0.1/bin/java -jar /lab/itti/projects/checkers-competition/server/referee.jar on run_22_vdhankar_kgunda #####
INPUT for vdhankar:
GAME
WHITE
265.589952945709
...b.b.b
b.b.b.b.
.b...b.b
b.b.....
...w...w
w...w.w.
.w.w.w..
w.w.w.w.
##### Running: /usr/bin/time -o time_22_vdhankar_kgunda.txt -f "%U" python3 homework.py > stulog.txt 2>&1 on vdhankar #####
child exited with value 1
##### ERROR: /usr/bin/time -o time_22_vdhankar_kgunda.txt -f "%U" python3 homework.py > stulog.txt 2>&1 on vdhankar #####
##### Output of failed program (stdout + stderr): #####
Traceback (most recent call last):
  File "homework.py", line 546, in <module>
    print(end-start)
NameError: name 'end' is not defined
##### End of output of failed program #####
##### vdhankar plays [E b2 c3] in 4.20213794708252s #####
##### Running: /usr/lib/jvm/jdk-14.0.1/bin/java -jar /lab/itti/projects/checkers-competition/server/referee.jar on run_22_vdhankar_kgunda #####
Move is valid
##### SUCCESS: /usr/lib/jvm/jdk-14.0.1/bin/java -jar /lab/itti/projects/checkers-competition/server/referee.jar on run_22_vdhankar_kgunda #####
INPUT for kgunda:
GAME
BLACK
298.8
...b.b.b
b.b.b.b.
.b...b.b
b.b.....
...w...w
w.w.w.w.
...w.w..
w.w.w.w.
##### Running: /usr/bin/time -o time_22_vdhankar_kgunda.txt -f "%U" /usr/lib/jvm/jdk-14.0.1/bin/java homework > stulog.txt 2>&1 on kgunda #####
##### SUCCESS: /usr/bin/time -o time_22_vdhankar_kgunda.txt -f "%U" /usr/lib/jvm/jdk-14.0.1/bin/java homework > stulog.txt 2>&1 on kgunda #####
##### kgunda plays [E e7 d6] in 0.25s #####
##### Running: /usr/lib/jvm/jdk-14.0.1/bin/java -jar /lab/itti/projects/checkers-competition/server/referee.jar on run_22_vdhankar_kgunda #####
Move is valid
##### SUCCESS: /usr/lib/jvm/jdk-14.0.1/bin/java -jar /lab/itti/projects/checkers-competition/server/referee.jar on run_22_vdhankar_kgunda #####
INPUT for vdhankar:
GAME
WHITE
261.387814998627
...b.b.b
b.b...b.
.b.b.b.b
b.b.....
...w...w
w.w.w.w.
...w.w..
w.w.w.w.
##### Running: /usr/bin/time -o time_22_vdhankar_kgunda.txt -f "%U" python3 homework.py > stulog.txt 2>&1 on vdhankar #####
child exited with value 1
##### ERROR: /usr/bin/time -o time_22_vdhankar_kgunda.txt -f "%U" python3 homework.py > stulog.txt 2>&1 on vdhankar #####
##### Output of failed program (stdout + stderr): #####
Traceback (most recent call last):
  File "homework.py", line 546, in <module>
    print(end-start)
NameError: name 'end' is not defined
##### End of output of failed program #####
##### vdhankar plays [E g3 f4] in 5.1823890209198s #####
##### Running: /usr/lib/jvm/jdk-14.0.1/bin/java -jar /lab/itti/projects/checkers-competition/server/referee.jar on run_22_vdhankar_kgunda #####
Move is valid
##### SUCCESS: /usr/lib/jvm/jdk-14.0.1/bin/java -jar /lab/itti/projects/checkers-competition/server/referee.jar on run_22_vdhankar_kgunda #####
INPUT for kgunda:
GAME
BLACK
298.55
...b.b.b
b.b...b.
.b.b.b.b
b.b.....
...w.w.w
w.w.w...
...w.w..
w.w.w.w.
##### Running: /usr/bin/time -o time_22_vdhankar_kgunda.txt -f "%U" /usr/lib/jvm/jdk-14.0.1/bin/java homework > stulog.txt 2>&1 on kgunda #####
##### SUCCESS: /usr/bin/time -o time_22_vdhankar_kgunda.txt -f "%U" /usr/lib/jvm/jdk-14.0.1/bin/java homework > stulog.txt 2>&1 on kgunda #####
##### kgunda plays [E d8 e7] in 0.21s #####
##### Running: /usr/lib/jvm/jdk-14.0.1/bin/java -jar /lab/itti/projects/checkers-competition/server/referee.jar on run_22_vdhankar_kgunda #####
Move is valid
##### SUCCESS: /usr/lib/jvm/jdk-14.0.1/bin/java -jar /lab/itti/projects/checkers-competition/server/referee.jar on run_22_vdhankar_kgunda #####
INPUT for vdhankar:
GAME
WHITE
256.205425977707
.....b.b
b.b.b.b.
.b.b.b.b
b.b.....
...w.w.w
w.w.w...
...w.w..
w.w.w.w.
##### Running: /usr/bin/time -o time_22_vdhankar_kgunda.txt -f "%U" python3 homework.py > stulog.txt 2>&1 on vdhankar #####
child exited with value 1
##### ERROR: /usr/bin/time -o time_22_vdhankar_kgunda.txt -f "%U" python3 homework.py > stulog.txt 2>&1 on vdhankar #####
##### Output of failed program (stdout + stderr): #####
Traceback (most recent call last):
  File "homework.py", line 546, in <module>
    print(end-start)
NameError: name 'end' is not defined
##### End of output of failed program #####
##### vdhankar plays [E c3 b4] in 2.51100492477417s #####
##### Running: /usr/lib/jvm/jdk-14.0.1/bin/java -jar /lab/itti/projects/checkers-competition/server/referee.jar on run_22_vdhankar_kgunda #####
Move is valid
##### SUCCESS: /usr/lib/jvm/jdk-14.0.1/bin/java -jar /lab/itti/projects/checkers-competition/server/referee.jar on run_22_vdhankar_kgunda #####
INPUT for kgunda:
GAME
BLACK
298.34
.....b.b
b.b.b.b.
.b.b.b.b
b.b.....
.w.w.w.w
w...w...
...w.w..
w.w.w.w.
##### Running: /usr/bin/time -o time_22_vdhankar_kgunda.txt -f "%U" /usr/lib/jvm/jdk-14.0.1/bin/java homework > stulog.txt 2>&1 on kgunda #####
##### SUCCESS: /usr/bin/time -o time_22_vdhankar_kgunda.txt -f "%U" /usr/lib/jvm/jdk-14.0.1/bin/java homework > stulog.txt 2>&1 on kgunda #####
##### kgunda plays [J a5 c3] in 0.13s #####
##### Running: /usr/lib/jvm/jdk-14.0.1/bin/java -jar /lab/itti/projects/checkers-competition/server/referee.jar on run_22_vdhankar_kgunda #####
Move is valid
##### SUCCESS: /usr/lib/jvm/jdk-14.0.1/bin/java -jar /lab/itti/projects/checkers-competition/server/referee.jar on run_22_vdhankar_kgunda #####
INPUT for vdhankar:
GAME
WHITE
253.694421052933
.....b.b
b.b.b.b.
.b.b.b.b
..b.....
...w.w.w
w.b.w...
...w.w..
w.w.w.w.
##### Running: /usr/bin/time -o time_22_vdhankar_kgunda.txt -f "%U" python3 homework.py > stulog.txt 2>&1 on vdhankar #####
child exited with value 1
##### ERROR: /usr/bin/time -o time_22_vdhankar_kgunda.txt -f "%U" python3 homework.py > stulog.txt 2>&1 on vdhankar #####
##### Output of failed program (stdout + stderr): #####
Traceback (most recent call last):
  File "homework.py", line 546, in <module>
    print(end-start)
NameError: name 'end' is not defined
##### End of output of failed program #####
##### vdhankar plays [J d2 b4] in 0.70135498046875s #####
##### Running: /usr/lib/jvm/jdk-14.0.1/bin/java -jar /lab/itti/projects/checkers-competition/server/referee.jar on run_22_vdhankar_kgunda #####
Move is valid
##### SUCCESS: /usr/lib/jvm/jdk-14.0.1/bin/java -jar /lab/itti/projects/checkers-competition/server/referee.jar on run_22_vdhankar_kgunda #####
INPUT for kgunda:
GAME
BLACK
298.21
.....b.b
b.b.b.b.
.b.b.b.b
..b.....
.w.w.w.w
w...w...
.....w..
w.w.w.w.
##### Running: /usr/bin/time -o time_22_vdhankar_kgunda.txt -f "%U" /usr/lib/jvm/jdk-14.0.1/bin/java homework > stulog.txt 2>&1 on kgunda #####
##### SUCCESS: /usr/bin/time -o time_22_vdhankar_kgunda.txt -f "%U" /usr/lib/jvm/jdk-14.0.1/bin/java homework > stulog.txt 2>&1 on kgunda #####
##### kgunda plays [E h6 g5] in 0.14s #####
##### Running: /usr/lib/jvm/jdk-14.0.1/bin/java -jar /lab/itti/projects/checkers-competition/server/referee.jar on run_22_vdhankar_kgunda #####
Move is valid
##### SUCCESS: /usr/lib/jvm/jdk-14.0.1/bin/java -jar /lab/itti/projects/checkers-competition/server/referee.jar on run_22_vdhankar_kgunda #####
INPUT for vdhankar:
GAME
WHITE
252.993066072464
.....b.b
b.b.b.b.
.b.b.b..
..b...b.
.w.w.w.w
w...w...
.....w..
w.w.w.w.
##### Running: /usr/bin/time -o time_22_vdhankar_kgunda.txt -f "%U" python3 homework.py > stulog.txt 2>&1 on vdhankar #####
child exited with value 1
##### ERROR: /usr/bin/time -o time_22_vdhankar_kgunda.txt -f "%U" python3 homework.py > stulog.txt 2>&1 on vdhankar #####
##### Output of failed program (stdout + stderr): #####
Traceback (most recent call last):
  File "homework.py", line 546, in <module>
    print(end-start)
NameError: name 'end' is not defined
##### End of output of failed program #####
##### vdhankar plays [J f4 h6] in 0.649280071258545s #####
##### Running: /usr/lib/jvm/jdk-14.0.1/bin/java -jar /lab/itti/projects/checkers-competition/server/referee.jar on run_22_vdhankar_kgunda #####
Move is valid
##### SUCCESS: /usr/lib/jvm/jdk-14.0.1/bin/java -jar /lab/itti/projects/checkers-competition/server/referee.jar on run_22_vdhankar_kgunda #####
INPUT for kgunda:
GAME
BLACK
298.07
.....b.b
b.b.b.b.
.b.b.b.w
..b.....
.w.w...w
w...w...
.....w..
w.w.w.w.
##### Running: /usr/bin/time -o time_22_vdhankar_kgunda.txt -f "%U" /usr/lib/jvm/jdk-14.0.1/bin/java homework > stulog.txt 2>&1 on kgunda #####
##### SUCCESS: /usr/bin/time -o time_22_vdhankar_kgunda.txt -f "%U" /usr/lib/jvm/jdk-14.0.1/bin/java homework > stulog.txt 2>&1 on kgunda #####
##### kgunda plays [E f6 g5] in 0.17s #####
##### Running: /usr/lib/jvm/jdk-14.0.1/bin/java -jar /lab/itti/projects/checkers-competition/server/referee.jar on run_22_vdhankar_kgunda #####
Move is valid
##### SUCCESS: /usr/lib/jvm/jdk-14.0.1/bin/java -jar /lab/itti/projects/checkers-competition/server/referee.jar on run_22_vdhankar_kgunda #####
INPUT for vdhankar:
GAME
WHITE
252.343786001205
.....b.b
b.b.b.b.
.b.b...w
..b...b.
.w.w...w
w...w...
.....w..
w.w.w.w.
##### Running: /usr/bin/time -o time_22_vdhankar_kgunda.txt -f "%U" python3 homework.py > stulog.txt 2>&1 on vdhankar #####
child exited with value 1
##### ERROR: /usr/bin/time -o time_22_vdhankar_kgunda.txt -f "%U" python3 homework.py > stulog.txt 2>&1 on vdhankar #####
##### Output of failed program (stdout + stderr): #####
Traceback (most recent call last):
  File "homework.py", line 546, in <module>
    print(end-start)
NameError: name 'end' is not defined
##### End of output of failed program #####
##### vdhankar plays [J h4 f6 ; J f6 d8] in 1.50203394889832s #####
##### Running: /usr/lib/jvm/jdk-14.0.1/bin/java -jar /lab/itti/projects/checkers-competition/server/referee.jar on run_22_vdhankar_kgunda #####
Move is valid
##### SUCCESS: /usr/lib/jvm/jdk-14.0.1/bin/java -jar /lab/itti/projects/checkers-competition/server/referee.jar on run_22_vdhankar_kgunda #####
INPUT for kgunda:
GAME
BLACK
297.9
...W.b.b
b.b...b.
.b.b...w
..b.....
.w.w....
w...w...
.....w..
w.w.w.w.
##### Running: /usr/bin/time -o time_22_vdhankar_kgunda.txt -f "%U" /usr/lib/jvm/jdk-14.0.1/bin/java homework > stulog.txt 2>&1 on kgunda #####
##### SUCCESS: /usr/bin/time -o time_22_vdhankar_kgunda.txt -f "%U" /usr/lib/jvm/jdk-14.0.1/bin/java homework > stulog.txt 2>&1 on kgunda #####
##### kgunda plays [E b6 a5] in 0.2s #####
##### Running: /usr/lib/jvm/jdk-14.0.1/bin/java -jar /lab/itti/projects/checkers-competition/server/referee.jar on run_22_vdhankar_kgunda #####
Move is valid
##### SUCCESS: /usr/lib/jvm/jdk-14.0.1/bin/java -jar /lab/itti/projects/checkers-competition/server/referee.jar on run_22_vdhankar_kgunda #####
INPUT for vdhankar:
GAME
WHITE
250.841752052307
...W.b.b
b.b...b.
...b...w
b.b.....
.w.w....
w...w...
.....w..
w.w.w.w.
##### Running: /usr/bin/time -o time_22_vdhankar_kgunda.txt -f "%U" python3 homework.py > stulog.txt 2>&1 on vdhankar #####
child exited with value 1
##### ERROR: /usr/bin/time -o time_22_vdhankar_kgunda.txt -f "%U" python3 homework.py > stulog.txt 2>&1 on vdhankar #####
##### Output of failed program (stdout + stderr): #####
Traceback (most recent call last):
  File "homework.py", line 546, in <module>
    print(end-start)
NameError: name 'end' is not defined
##### End of output of failed program #####
##### vdhankar plays [J d8 b6] in 1.25726795196533s #####
##### Running: /usr/lib/jvm/jdk-14.0.1/bin/java -jar /lab/itti/projects/checkers-competition/server/referee.jar on run_22_vdhankar_kgunda #####
Move is valid
##### SUCCESS: /usr/lib/jvm/jdk-14.0.1/bin/java -jar /lab/itti/projects/checkers-competition/server/referee.jar on run_22_vdhankar_kgunda #####
INPUT for kgunda:
GAME
BLACK
297.7
.....b.b
b.....b.
.W.b...w
b.b.....
.w.w....
w...w...
.....w..
w.w.w.w.
##### Running: /usr/bin/time -o time_22_vdhankar_kgunda.txt -f "%U" /usr/lib/jvm/jdk-14.0.1/bin/java homework > stulog.txt 2>&1 on kgunda #####
##### SUCCESS: /usr/bin/time -o time_22_vdhankar_kgunda.txt -f "%U" /usr/lib/jvm/jdk-14.0.1/bin/java homework > stulog.txt 2>&1 on kgunda #####
##### kgunda plays [J a5 c3] in 0.21s #####
##### Running: /usr/lib/jvm/jdk-14.0.1/bin/java -jar /lab/itti/projects/checkers-competition/server/referee.jar on run_22_vdhankar_kgunda #####
Move is valid
##### SUCCESS: /usr/lib/jvm/jdk-14.0.1/bin/java -jar /lab/itti/projects/checkers-competition/server/referee.jar on run_22_vdhankar_kgunda #####
INPUT for vdhankar:
GAME
WHITE
249.584484100342
.....b.b
b.....b.
.W.b...w
..b.....
...w....
w.b.w...
.....w..
w.w.w.w.
##### Running: /usr/bin/time -o time_22_vdhankar_kgunda.txt -f "%U" python3 homework.py > stulog.txt 2>&1 on vdhankar #####
child exited with value 1
##### ERROR: /usr/bin/time -o time_22_vdhankar_kgunda.txt -f "%U" python3 homework.py > stulog.txt 2>&1 on vdhankar #####
##### Output of failed program (stdout + stderr): #####
Traceback (most recent call last):
  File "homework.py", line 546, in <module>
    print(end-start)
NameError: name 'end' is not defined
##### End of output of failed program #####
##### vdhankar plays [E d4 e5] in 3.68268394470215s #####
##### Running: /usr/lib/jvm/jdk-14.0.1/bin/java -jar /lab/itti/projects/checkers-competition/server/referee.jar on run_22_vdhankar_kgunda #####
Move is valid
##### SUCCESS: /usr/lib/jvm/jdk-14.0.1/bin/java -jar /lab/itti/projects/checkers-competition/server/referee.jar on run_22_vdhankar_kgunda #####
INPUT for kgunda:
GAME
BLACK
297.49
.....b.b
b.....b.
.W.b...w
..b.w...
........
w.b.w...
.....w..
w.w.w.w.
##### Running: /usr/bin/time -o time_22_vdhankar_kgunda.txt -f "%U" /usr/lib/jvm/jdk-14.0.1/bin/java homework > stulog.txt 2>&1 on kgunda #####
##### SUCCESS: /usr/bin/time -o time_22_vdhankar_kgunda.txt -f "%U" /usr/lib/jvm/jdk-14.0.1/bin/java homework > stulog.txt 2>&1 on kgunda #####
##### kgunda plays [J d6 f4 ; J f4 d2] in 0.13s #####
##### Running: /usr/lib/jvm/jdk-14.0.1/bin/java -jar /lab/itti/projects/checkers-competition/server/referee.jar on run_22_vdhankar_kgunda #####
Move is valid
##### SUCCESS: /usr/lib/jvm/jdk-14.0.1/bin/java -jar /lab/itti/projects/checkers-competition/server/referee.jar on run_22_vdhankar_kgunda #####
INPUT for vdhankar:
GAME
WHITE
245.90180015564
.....b.b
b.....b.
.W.....w
..b.....
........
w.b.....
...b.w..
w.w.w.w.
##### Running: /usr/bin/time -o time_22_vdhankar_kgunda.txt -f "%U" python3 homework.py > stulog.txt 2>&1 on vdhankar #####
child exited with value 1
##### ERROR: /usr/bin/time -o time_22_vdhankar_kgunda.txt -f "%U" python3 homework.py > stulog.txt 2>&1 on vdhankar #####
##### Output of failed program (stdout + stderr): #####
Traceback (most recent call last):
  File "homework.py", line 546, in <module>
    print(end-start)
NameError: name 'end' is not defined
##### End of output of failed program #####
##### vdhankar plays [J b6 d4 ; J d4 b2] in 1.83746099472046s #####
##### Running: /usr/lib/jvm/jdk-14.0.1/bin/java -jar /lab/itti/projects/checkers-competition/server/referee.jar on run_22_vdhankar_kgunda #####
Move is valid
##### SUCCESS: /usr/lib/jvm/jdk-14.0.1/bin/java -jar /lab/itti/projects/checkers-competition/server/referee.jar on run_22_vdhankar_kgunda #####
INPUT for kgunda:
GAME
BLACK
297.36
.....b.b
b.....b.
.......w
........
........
w.......
.W.b.w..
w.w.w.w.
##### Running: /usr/bin/time -o time_22_vdhankar_kgunda.txt -f "%U" /usr/lib/jvm/jdk-14.0.1/bin/java homework > stulog.txt 2>&1 on kgunda #####
##### SUCCESS: /usr/bin/time -o time_22_vdhankar_kgunda.txt -f "%U" /usr/lib/jvm/jdk-14.0.1/bin/java homework > stulog.txt 2>&1 on kgunda #####
##### kgunda plays [E g7 f6] in 0.18s #####
##### Running: /usr/lib/jvm/jdk-14.0.1/bin/java -jar /lab/itti/projects/checkers-competition/server/referee.jar on run_22_vdhankar_kgunda #####
Move is valid
##### SUCCESS: /usr/lib/jvm/jdk-14.0.1/bin/java -jar /lab/itti/projects/checkers-competition/server/referee.jar on run_22_vdhankar_kgunda #####
INPUT for vdhankar:
GAME
WHITE
244.064339160919
.....b.b
b.......
.....b.w
........
........
w.......
.W.b.w..
w.w.w.w.
##### Running: /usr/bin/time -o time_22_vdhankar_kgunda.txt -f "%U" python3 homework.py > stulog.txt 2>&1 on vdhankar #####
child exited with value 1
##### ERROR: /usr/bin/time -o time_22_vdhankar_kgunda.txt -f "%U" python3 homework.py > stulog.txt 2>&1 on vdhankar #####
##### Output of failed program (stdout + stderr): #####
Traceback (most recent call last):
  File "homework.py", line 546, in <module>
    print(end-start)
NameError: name 'end' is not defined
##### End of output of failed program #####
##### vdhankar plays [J e1 c3] in 8.11383700370789s #####
##### Running: /usr/lib/jvm/jdk-14.0.1/bin/java -jar /lab/itti/projects/checkers-competition/server/referee.jar on run_22_vdhankar_kgunda #####
Move is valid
##### SUCCESS: /usr/lib/jvm/jdk-14.0.1/bin/java -jar /lab/itti/projects/checkers-competition/server/referee.jar on run_22_vdhankar_kgunda #####
INPUT for kgunda:
GAME
BLACK
297.18
.....b.b
b.......
.....b.w
........
........
w.w.....
.W...w..
w.w...w.
##### Running: /usr/bin/time -o time_22_vdhankar_kgunda.txt -f "%U" /usr/lib/jvm/jdk-14.0.1/bin/java homework > stulog.txt 2>&1 on kgunda #####
##### SUCCESS: /usr/bin/time -o time_22_vdhankar_kgunda.txt -f "%U" /usr/lib/jvm/jdk-14.0.1/bin/java homework > stulog.txt 2>&1 on kgunda #####
##### kgunda plays [E h8 g7] in 0.21s #####
##### Running: /usr/lib/jvm/jdk-14.0.1/bin/java -jar /lab/itti/projects/checkers-competition/server/referee.jar on run_22_vdhankar_kgunda #####
Move is valid
##### SUCCESS: /usr/lib/jvm/jdk-14.0.1/bin/java -jar /lab/itti/projects/checkers-competition/server/referee.jar on run_22_vdhankar_kgunda #####
INPUT for vdhankar:
GAME
WHITE
235.950502157211
.....b..
b.....b.
.....b.w
........
........
w.w.....
.W...w..
w.w...w.
##### Running: /usr/bin/time -o time_22_vdhankar_kgunda.txt -f "%U" python3 homework.py > stulog.txt 2>&1 on vdhankar #####
child exited with value 1
##### ERROR: /usr/bin/time -o time_22_vdhankar_kgunda.txt -f "%U" python3 homework.py > stulog.txt 2>&1 on vdhankar #####
##### Output of failed program (stdout + stderr): #####
Traceback (most recent call last):
  File "homework.py", line 546, in <module>
    print(end-start)
NameError: name 'end' is not defined
##### End of output of failed program #####
##### vdhankar plays [E f2 e3] in 6.23685383796692s #####
##### Running: /usr/lib/jvm/jdk-14.0.1/bin/java -jar /lab/itti/projects/checkers-competition/server/referee.jar on run_22_vdhankar_kgunda #####
Move is valid
##### SUCCESS: /usr/lib/jvm/jdk-14.0.1/bin/java -jar /lab/itti/projects/checkers-competition/server/referee.jar on run_22_vdhankar_kgunda #####
INPUT for kgunda:
GAME
BLACK
296.97
.....b..
b.....b.
.....b.w
........
........
w.w.w...
.W......
w.w...w.
##### Running: /usr/bin/time -o time_22_vdhankar_kgunda.txt -f "%U" /usr/lib/jvm/jdk-14.0.1/bin/java homework > stulog.txt 2>&1 on kgunda #####
##### SUCCESS: /usr/bin/time -o time_22_vdhankar_kgunda.txt -f "%U" /usr/lib/jvm/jdk-14.0.1/bin/java homework > stulog.txt 2>&1 on kgunda #####
##### kgunda plays [E a7 b6] in 0.19s #####
##### Running: /usr/lib/jvm/jdk-14.0.1/bin/java -jar /lab/itti/projects/checkers-competition/server/referee.jar on run_22_vdhankar_kgunda #####
Move is valid
##### SUCCESS: /usr/lib/jvm/jdk-14.0.1/bin/java -jar /lab/itti/projects/checkers-competition/server/referee.jar on run_22_vdhankar_kgunda #####
INPUT for vdhankar:
GAME
WHITE
229.713648319244
.....b..
......b.
.b...b.w
........
........
w.w.w...
.W......
w.w...w.
##### Running: /usr/bin/time -o time_22_vdhankar_kgunda.txt -f "%U" python3 homework.py > stulog.txt 2>&1 on vdhankar #####
child exited with value 1
##### ERROR: /usr/bin/time -o time_22_vdhankar_kgunda.txt -f "%U" python3 homework.py > stulog.txt 2>&1 on vdhankar #####
##### Output of failed program (stdout + stderr): #####
Traceback (most recent call last):
  File "homework.py", line 546, in <module>
    print(end-start)
NameError: name 'end' is not defined
##### End of output of failed program #####
##### vdhankar plays [E c3 d4] in 5.2286331653595s #####
##### Running: /usr/lib/jvm/jdk-14.0.1/bin/java -jar /lab/itti/projects/checkers-competition/server/referee.jar on run_22_vdhankar_kgunda #####
Move is valid
##### SUCCESS: /usr/lib/jvm/jdk-14.0.1/bin/java -jar /lab/itti/projects/checkers-competition/server/referee.jar on run_22_vdhankar_kgunda #####
INPUT for kgunda:
GAME
BLACK
296.78
.....b..
......b.
.b...b.w
........
...w....
w...w...
.W......
w.w...w.
##### Running: /usr/bin/time -o time_22_vdhankar_kgunda.txt -f "%U" /usr/lib/jvm/jdk-14.0.1/bin/java homework > stulog.txt 2>&1 on kgunda #####
##### SUCCESS: /usr/bin/time -o time_22_vdhankar_kgunda.txt -f "%U" /usr/lib/jvm/jdk-14.0.1/bin/java homework > stulog.txt 2>&1 on kgunda #####
##### kgunda plays [E f6 g5] in 0.21s #####
##### Running: /usr/lib/jvm/jdk-14.0.1/bin/java -jar /lab/itti/projects/checkers-competition/server/referee.jar on run_22_vdhankar_kgunda #####
Move is valid
##### SUCCESS: /usr/lib/jvm/jdk-14.0.1/bin/java -jar /lab/itti/projects/checkers-competition/server/referee.jar on run_22_vdhankar_kgunda #####
INPUT for vdhankar:
GAME
WHITE
224.485015153885
.....b..
......b.
.b.....w
......b.
...w....
w...w...
.W......
w.w...w.
##### Running: /usr/bin/time -o time_22_vdhankar_kgunda.txt -f "%U" python3 homework.py > stulog.txt 2>&1 on vdhankar #####
child exited with value 1
##### ERROR: /usr/bin/time -o time_22_vdhankar_kgunda.txt -f "%U" python3 homework.py > stulog.txt 2>&1 on vdhankar #####
##### Output of failed program (stdout + stderr): #####
Traceback (most recent call last):
  File "homework.py", line 546, in <module>
    print(end-start)
NameError: name 'end' is not defined
##### End of output of failed program #####
##### vdhankar plays [E d4 e5] in 5.00837087631226s #####
##### Running: /usr/lib/jvm/jdk-14.0.1/bin/java -jar /lab/itti/projects/checkers-competition/server/referee.jar on run_22_vdhankar_kgunda #####
Move is valid
##### SUCCESS: /usr/lib/jvm/jdk-14.0.1/bin/java -jar /lab/itti/projects/checkers-competition/server/referee.jar on run_22_vdhankar_kgunda #####
INPUT for kgunda:
GAME
BLACK
296.57
.....b..
......b.
.b.....w
....w.b.
........
w...w...
.W......
w.w...w.
##### Running: /usr/bin/time -o time_22_vdhankar_kgunda.txt -f "%U" /usr/lib/jvm/jdk-14.0.1/bin/java homework > stulog.txt 2>&1 on kgunda #####
##### SUCCESS: /usr/bin/time -o time_22_vdhankar_kgunda.txt -f "%U" /usr/lib/jvm/jdk-14.0.1/bin/java homework > stulog.txt 2>&1 on kgunda #####
##### kgunda plays [E g7 f6] in 0.24s #####
##### Running: /usr/lib/jvm/jdk-14.0.1/bin/java -jar /lab/itti/projects/checkers-competition/server/referee.jar on run_22_vdhankar_kgunda #####
Move is valid
##### SUCCESS: /usr/lib/jvm/jdk-14.0.1/bin/java -jar /lab/itti/projects/checkers-competition/server/referee.jar on run_22_vdhankar_kgunda #####
INPUT for vdhankar:
GAME
WHITE
219.476644277573
.....b..
........
.b...b.w
....w.b.
........
w...w...
.W......
w.w...w.
##### Running: /usr/bin/time -o time_22_vdhankar_kgunda.txt -f "%U" python3 homework.py > stulog.txt 2>&1 on vdhankar #####
child exited with value 1
##### ERROR: /usr/bin/time -o time_22_vdhankar_kgunda.txt -f "%U" python3 homework.py > stulog.txt 2>&1 on vdhankar #####
##### Output of failed program (stdout + stderr): #####
Traceback (most recent call last):
  File "homework.py", line 546, in <module>
    print(end-start)
NameError: name 'end' is not defined
##### End of output of failed program #####
##### vdhankar plays [J e5 g7] in 1.97206902503967s #####
##### Running: /usr/lib/jvm/jdk-14.0.1/bin/java -jar /lab/itti/projects/checkers-competition/server/referee.jar on run_22_vdhankar_kgunda #####
Move is valid
##### SUCCESS: /usr/lib/jvm/jdk-14.0.1/bin/java -jar /lab/itti/projects/checkers-competition/server/referee.jar on run_22_vdhankar_kgunda #####
INPUT for kgunda:
GAME
BLACK
296.33
.....b..
......w.
.b.....w
......b.
........
w...w...
.W......
w.w...w.
##### Running: /usr/bin/time -o time_22_vdhankar_kgunda.txt -f "%U" /usr/lib/jvm/jdk-14.0.1/bin/java homework > stulog.txt 2>&1 on kgunda #####
##### SUCCESS: /usr/bin/time -o time_22_vdhankar_kgunda.txt -f "%U" /usr/lib/jvm/jdk-14.0.1/bin/java homework > stulog.txt 2>&1 on kgunda #####
##### kgunda plays [E b6 c5] in 0.23s #####
##### Running: /usr/lib/jvm/jdk-14.0.1/bin/java -jar /lab/itti/projects/checkers-competition/server/referee.jar on run_22_vdhankar_kgunda #####
Move is valid
##### SUCCESS: /usr/lib/jvm/jdk-14.0.1/bin/java -jar /lab/itti/projects/checkers-competition/server/referee.jar on run_22_vdhankar_kgunda #####
INPUT for vdhankar:
GAME
WHITE
217.504575252533
.....b..
......w.
.......w
..b...b.
........
w...w...
.W......
w.w...w.
##### Running: /usr/bin/time -o time_22_vdhankar_kgunda.txt -f "%U" python3 homework.py > stulog.txt 2>&1 on vdhankar #####
child exited with value 1
##### ERROR: /usr/bin/time -o time_22_vdhankar_kgunda.txt -f "%U" python3 homework.py > stulog.txt 2>&1 on vdhankar #####
##### Output of failed program (stdout + stderr): #####
Traceback (most recent call last):
  File "homework.py", line 546, in <module>
    print(end-start)
NameError: name 'end' is not defined
##### End of output of failed program #####
##### vdhankar plays [E g7 h8] in 4.078204870224s #####
##### Running: /usr/lib/jvm/jdk-14.0.1/bin/java -jar /lab/itti/projects/checkers-competition/server/referee.jar on run_22_vdhankar_kgunda #####
Move is valid
##### SUCCESS: /usr/lib/jvm/jdk-14.0.1/bin/java -jar /lab/itti/projects/checkers-competition/server/referee.jar on run_22_vdhankar_kgunda #####
INPUT for kgunda:
GAME
BLACK
296.1
.....b.W
........
.......w
..b...b.
........
w...w...
.W......
w.w...w.
##### Running: /usr/bin/time -o time_22_vdhankar_kgunda.txt -f "%U" /usr/lib/jvm/jdk-14.0.1/bin/java homework > stulog.txt 2>&1 on kgunda #####
##### SUCCESS: /usr/bin/time -o time_22_vdhankar_kgunda.txt -f "%U" /usr/lib/jvm/jdk-14.0.1/bin/java homework > stulog.txt 2>&1 on kgunda #####
##### kgunda plays [E c5 b4] in 0.21s #####
##### Running: /usr/lib/jvm/jdk-14.0.1/bin/java -jar /lab/itti/projects/checkers-competition/server/referee.jar on run_22_vdhankar_kgunda #####
Move is valid
##### SUCCESS: /usr/lib/jvm/jdk-14.0.1/bin/java -jar /lab/itti/projects/checkers-competition/server/referee.jar on run_22_vdhankar_kgunda #####
INPUT for vdhankar:
GAME
WHITE
213.426370382309
.....b.W
........
.......w
......b.
.b......
w...w...
.W......
w.w...w.
##### Running: /usr/bin/time -o time_22_vdhankar_kgunda.txt -f "%U" python3 homework.py > stulog.txt 2>&1 on vdhankar #####
child exited with value 1
##### ERROR: /usr/bin/time -o time_22_vdhankar_kgunda.txt -f "%U" python3 homework.py > stulog.txt 2>&1 on vdhankar #####
##### Output of failed program (stdout + stderr): #####
Traceback (most recent call last):
  File "homework.py", line 546, in <module>
    print(end-start)
NameError: name 'end' is not defined
##### End of output of failed program #####
##### vdhankar plays [J a3 c5] in 1.64341998100281s #####
##### Running: /usr/lib/jvm/jdk-14.0.1/bin/java -jar /lab/itti/projects/checkers-competition/server/referee.jar on run_22_vdhankar_kgunda #####
Move is valid
##### SUCCESS: /usr/lib/jvm/jdk-14.0.1/bin/java -jar /lab/itti/projects/checkers-competition/server/referee.jar on run_22_vdhankar_kgunda #####
INPUT for kgunda:
GAME
BLACK
295.89
.....b.W
........
.......w
..w...b.
........
....w...
.W......
w.w...w.
##### Running: /usr/bin/time -o time_22_vdhankar_kgunda.txt -f "%U" /usr/lib/jvm/jdk-14.0.1/bin/java homework > stulog.txt 2>&1 on kgunda #####
##### SUCCESS: /usr/bin/time -o time_22_vdhankar_kgunda.txt -f "%U" /usr/lib/jvm/jdk-14.0.1/bin/java homework > stulog.txt 2>&1 on kgunda #####
##### kgunda plays [E f8 e7] in 0.21s #####
##### Running: /usr/lib/jvm/jdk-14.0.1/bin/java -jar /lab/itti/projects/checkers-competition/server/referee.jar on run_22_vdhankar_kgunda #####
Move is valid
##### SUCCESS: /usr/lib/jvm/jdk-14.0.1/bin/java -jar /lab/itti/projects/checkers-competition/server/referee.jar on run_22_vdhankar_kgunda #####
INPUT for vdhankar:
GAME
WHITE
211.782950401306
.......W
....b...
.......w
..w...b.
........
....w...
.W......
w.w...w.
##### Running: /usr/bin/time -o time_22_vdhankar_kgunda.txt -f "%U" python3 homework.py > stulog.txt 2>&1 on vdhankar #####
child exited with value 1
##### ERROR: /usr/bin/time -o time_22_vdhankar_kgunda.txt -f "%U" python3 homework.py > stulog.txt 2>&1 on vdhankar #####
##### Output of failed program (stdout + stderr): #####
Traceback (most recent call last):
  File "homework.py", line 546, in <module>
    print(end-start)
NameError: name 'end' is not defined
##### End of output of failed program #####
##### vdhankar plays [E h8 g7] in 1.24225115776062s #####
##### Running: /usr/lib/jvm/jdk-14.0.1/bin/java -jar /lab/itti/projects/checkers-competition/server/referee.jar on run_22_vdhankar_kgunda #####
Move is valid
##### SUCCESS: /usr/lib/jvm/jdk-14.0.1/bin/java -jar /lab/itti/projects/checkers-competition/server/referee.jar on run_22_vdhankar_kgunda #####
INPUT for kgunda:
GAME
BLACK
295.68
........
....b.W.
.......w
..w...b.
........
....w...
.W......
w.w...w.
##### Running: /usr/bin/time -o time_22_vdhankar_kgunda.txt -f "%U" /usr/lib/jvm/jdk-14.0.1/bin/java homework > stulog.txt 2>&1 on kgunda #####
##### SUCCESS: /usr/bin/time -o time_22_vdhankar_kgunda.txt -f "%U" /usr/lib/jvm/jdk-14.0.1/bin/java homework > stulog.txt 2>&1 on kgunda #####
##### kgunda plays [E e7 d6] in 0.18s #####
##### Running: /usr/lib/jvm/jdk-14.0.1/bin/java -jar /lab/itti/projects/checkers-competition/server/referee.jar on run_22_vdhankar_kgunda #####
Move is valid
##### SUCCESS: /usr/lib/jvm/jdk-14.0.1/bin/java -jar /lab/itti/projects/checkers-competition/server/referee.jar on run_22_vdhankar_kgunda #####
INPUT for vdhankar:
GAME
WHITE
210.540699243546
........
......W.
...b...w
..w...b.
........
....w...
.W......
w.w...w.
##### Running: /usr/bin/time -o time_22_vdhankar_kgunda.txt -f "%U" python3 homework.py > stulog.txt 2>&1 on vdhankar #####
child exited with value 1
##### ERROR: /usr/bin/time -o time_22_vdhankar_kgunda.txt -f "%U" python3 homework.py > stulog.txt 2>&1 on vdhankar #####
##### Output of failed program (stdout + stderr): #####
Traceback (most recent call last):
  File "homework.py", line 546, in <module>
    print(end-start)
NameError: name 'end' is not defined
##### End of output of failed program #####
##### vdhankar plays [J c5 e7] in 0.391553163528442s #####
##### Running: /usr/lib/jvm/jdk-14.0.1/bin/java -jar /lab/itti/projects/checkers-competition/server/referee.jar on run_22_vdhankar_kgunda #####
Move is valid
##### SUCCESS: /usr/lib/jvm/jdk-14.0.1/bin/java -jar /lab/itti/projects/checkers-competition/server/referee.jar on run_22_vdhankar_kgunda #####
INPUT for kgunda:
GAME
BLACK
295.5
........
....w.W.
.......w
......b.
........
....w...
.W......
w.w...w.
##### Running: /usr/bin/time -o time_22_vdhankar_kgunda.txt -f "%U" /usr/lib/jvm/jdk-14.0.1/bin/java homework > stulog.txt 2>&1 on kgunda #####
##### SUCCESS: /usr/bin/time -o time_22_vdhankar_kgunda.txt -f "%U" /usr/lib/jvm/jdk-14.0.1/bin/java homework > stulog.txt 2>&1 on kgunda #####
##### kgunda plays [E g5 f4] in 0.16s #####
##### Running: /usr/lib/jvm/jdk-14.0.1/bin/java -jar /lab/itti/projects/checkers-competition/server/referee.jar on run_22_vdhankar_kgunda #####
Move is valid
##### SUCCESS: /usr/lib/jvm/jdk-14.0.1/bin/java -jar /lab/itti/projects/checkers-competition/server/referee.jar on run_22_vdhankar_kgunda #####
INPUT for vdhankar:
GAME
WHITE
210.149146080017
........
....w.W.
.......w
........
.....b..
....w...
.W......
w.w...w.
##### Running: /usr/bin/time -o time_22_vdhankar_kgunda.txt -f "%U" python3 homework.py > stulog.txt 2>&1 on vdhankar #####
child exited with value 1
##### ERROR: /usr/bin/time -o time_22_vdhankar_kgunda.txt -f "%U" python3 homework.py > stulog.txt 2>&1 on vdhankar #####
##### Output of failed program (stdout + stderr): #####
Traceback (most recent call last):
  File "homework.py", line 546, in <module>
    print(end-start)
NameError: name 'end' is not defined
##### End of output of failed program #####
##### vdhankar plays [J e3 g5] in 0.372282028198242s #####
##### Running: /usr/lib/jvm/jdk-14.0.1/bin/java -jar /lab/itti/projects/checkers-competition/server/referee.jar on run_22_vdhankar_kgunda #####
Move is valid
After this move, player BLACK cannot make any moves
*** Winner: WHITE ***
##### SUCCESS: /usr/lib/jvm/jdk-14.0.1/bin/java -jar /lab/itti/projects/checkers-competition/server/referee.jar on run_22_vdhankar_kgunda #####
##### GAME OVER: vdhankar wins the game! #####
Server said: WIN
########## ROUND 22 GAMESCORE AFTER GAME 4: vdhankar=3 and kgunda=1 ##########


########## GRAND WINNER ROUND 22 IS vdhankar BY 3 vs 1 GAMESCORE ##########
