#################### ROUND 22: zizhaoh (W) vs vdhankar (B): game 1 ####################
##### game start! #####
INPUT for vdhankar:
GAME
BLACK
300
.b.b.b.b
b.b.b.b.
.b.b.b.b
........
........
w.w.w.w.
.w.w.w.w
w.w.w.w.
##### Running: /usr/bin/time -o time_22_zizhaoh_vdhankar.txt -f "%U" python3 homework.py > stulog.txt 2>&1 on vdhankar #####
child exited with value 1
##### ERROR: /usr/bin/time -o time_22_zizhaoh_vdhankar.txt -f "%U" python3 homework.py > stulog.txt 2>&1 on vdhankar #####
##### Output of failed program (stdout + stderr): #####
Traceback (most recent call last):
  File "homework.py", line 546, in <module>
    print(end-start)
NameError: name 'end' is not defined
##### End of output of failed program #####
##### vdhankar plays [E h6 g5] in 11.4280300140381s #####
##### Running: /usr/lib/jvm/jdk-14.0.1/bin/java -jar /lab/itti/projects/checkers-competition/server/referee.jar on run_22_zizhaoh_vdhankar #####
Move is valid
Couldn't read file 'current_ply.txt'
Couldn't read content from file 'current_ply.txt'
Couldn't read file 'lastmatchange_ply.txt'
Couldn't read content from file 'lastmatchange_ply.txt'
##### SUCCESS: /usr/lib/jvm/jdk-14.0.1/bin/java -jar /lab/itti/projects/checkers-competition/server/referee.jar on run_22_zizhaoh_vdhankar #####
INPUT for zizhaoh:
GAME
WHITE
300
.b.b.b.b
b.b.b.b.
.b.b.b..
......b.
........
w.w.w.w.
.w.w.w.w
w.w.w.w.
##### Running: /usr/bin/time -o time_22_zizhaoh_vdhankar.txt -f "%U" python3 homework.py > stulog.txt 2>&1 on zizhaoh #####
##### SUCCESS: /usr/bin/time -o time_22_zizhaoh_vdhankar.txt -f "%U" python3 homework.py > stulog.txt 2>&1 on zizhaoh #####
##### zizhaoh plays [E a3 b4 ] in 5.83s #####
##### Running: /usr/lib/jvm/jdk-14.0.1/bin/java -jar /lab/itti/projects/checkers-competition/server/referee.jar on run_22_zizhaoh_vdhankar #####
Move is valid
##### SUCCESS: /usr/lib/jvm/jdk-14.0.1/bin/java -jar /lab/itti/projects/checkers-competition/server/referee.jar on run_22_zizhaoh_vdhankar #####
INPUT for vdhankar:
GAME
BLACK
288.571969985962
.b.b.b.b
b.b.b.b.
.b.b.b..
......b.
.w......
..w.w.w.
.w.w.w.w
w.w.w.w.
##### Running: /usr/bin/time -o time_22_zizhaoh_vdhankar.txt -f "%U" python3 homework.py > stulog.txt 2>&1 on vdhankar #####
child exited with value 1
##### ERROR: /usr/bin/time -o time_22_zizhaoh_vdhankar.txt -f "%U" python3 homework.py > stulog.txt 2>&1 on vdhankar #####
##### Output of failed program (stdout + stderr): #####
Traceback (most recent call last):
  File "homework.py", line 546, in <module>
    print(end-start)
NameError: name 'end' is not defined
##### End of output of failed program #####
##### vdhankar plays [E g5 h4] in 8.77491998672485s #####
##### Running: /usr/lib/jvm/jdk-14.0.1/bin/java -jar /lab/itti/projects/checkers-competition/server/referee.jar on run_22_zizhaoh_vdhankar #####
Move is valid
##### SUCCESS: /usr/lib/jvm/jdk-14.0.1/bin/java -jar /lab/itti/projects/checkers-competition/server/referee.jar on run_22_zizhaoh_vdhankar #####
INPUT for zizhaoh:
GAME
WHITE
294.17
.b.b.b.b
b.b.b.b.
.b.b.b..
........
.w.....b
..w.w.w.
.w.w.w.w
w.w.w.w.
##### Running: /usr/bin/time -o time_22_zizhaoh_vdhankar.txt -f "%U" python3 homework.py > stulog.txt 2>&1 on zizhaoh #####
##### SUCCESS: /usr/bin/time -o time_22_zizhaoh_vdhankar.txt -f "%U" python3 homework.py > stulog.txt 2>&1 on zizhaoh #####
##### zizhaoh plays [E b4 a5 ] in 5.92s #####
##### Running: /usr/lib/jvm/jdk-14.0.1/bin/java -jar /lab/itti/projects/checkers-competition/server/referee.jar on run_22_zizhaoh_vdhankar #####
Move is valid
##### SUCCESS: /usr/lib/jvm/jdk-14.0.1/bin/java -jar /lab/itti/projects/checkers-competition/server/referee.jar on run_22_zizhaoh_vdhankar #####
INPUT for vdhankar:
GAME
BLACK
279.797049999237
.b.b.b.b
b.b.b.b.
.b.b.b..
w.......
.......b
..w.w.w.
.w.w.w.w
w.w.w.w.
##### Running: /usr/bin/time -o time_22_zizhaoh_vdhankar.txt -f "%U" python3 homework.py > stulog.txt 2>&1 on vdhankar #####
child exited with value 1
##### ERROR: /usr/bin/time -o time_22_zizhaoh_vdhankar.txt -f "%U" python3 homework.py > stulog.txt 2>&1 on vdhankar #####
##### Output of failed program (stdout + stderr): #####
Traceback (most recent call last):
  File "homework.py", line 546, in <module>
    print(end-start)
NameError: name 'end' is not defined
##### End of output of failed program #####
##### vdhankar plays [E d6 e5] in 7.47541904449463s #####
##### Running: /usr/lib/jvm/jdk-14.0.1/bin/java -jar /lab/itti/projects/checkers-competition/server/referee.jar on run_22_zizhaoh_vdhankar #####
Move is valid
##### SUCCESS: /usr/lib/jvm/jdk-14.0.1/bin/java -jar /lab/itti/projects/checkers-competition/server/referee.jar on run_22_zizhaoh_vdhankar #####
INPUT for zizhaoh:
GAME
WHITE
288.25
.b.b.b.b
b.b.b.b.
.b...b..
w...b...
.......b
..w.w.w.
.w.w.w.w
w.w.w.w.
##### Running: /usr/bin/time -o time_22_zizhaoh_vdhankar.txt -f "%U" python3 homework.py > stulog.txt 2>&1 on zizhaoh #####
##### SUCCESS: /usr/bin/time -o time_22_zizhaoh_vdhankar.txt -f "%U" python3 homework.py > stulog.txt 2>&1 on zizhaoh #####
##### zizhaoh plays [E c3 b4 ] in 2.3s #####
##### Running: /usr/lib/jvm/jdk-14.0.1/bin/java -jar /lab/itti/projects/checkers-competition/server/referee.jar on run_22_zizhaoh_vdhankar #####
Move is valid
##### SUCCESS: /usr/lib/jvm/jdk-14.0.1/bin/java -jar /lab/itti/projects/checkers-competition/server/referee.jar on run_22_zizhaoh_vdhankar #####
INPUT for vdhankar:
GAME
BLACK
272.321630954742
.b.b.b.b
b.b.b.b.
.b...b..
w...b...
.w.....b
....w.w.
.w.w.w.w
w.w.w.w.
##### Running: /usr/bin/time -o time_22_zizhaoh_vdhankar.txt -f "%U" python3 homework.py > stulog.txt 2>&1 on vdhankar #####
child exited with value 1
##### ERROR: /usr/bin/time -o time_22_zizhaoh_vdhankar.txt -f "%U" python3 homework.py > stulog.txt 2>&1 on vdhankar #####
##### Output of failed program (stdout + stderr): #####
Traceback (most recent call last):
  File "homework.py", line 546, in <module>
    print(end-start)
NameError: name 'end' is not defined
##### End of output of failed program #####
##### vdhankar plays [E e7 d6] in 3.72898292541504s #####
##### Running: /usr/lib/jvm/jdk-14.0.1/bin/java -jar /lab/itti/projects/checkers-competition/server/referee.jar on run_22_zizhaoh_vdhankar #####
Move is valid
##### SUCCESS: /usr/lib/jvm/jdk-14.0.1/bin/java -jar /lab/itti/projects/checkers-competition/server/referee.jar on run_22_zizhaoh_vdhankar #####
INPUT for zizhaoh:
GAME
WHITE
285.95
.b.b.b.b
b.b...b.
.b.b.b..
w...b...
.w.....b
....w.w.
.w.w.w.w
w.w.w.w.
##### Running: /usr/bin/time -o time_22_zizhaoh_vdhankar.txt -f "%U" python3 homework.py > stulog.txt 2>&1 on zizhaoh #####
##### SUCCESS: /usr/bin/time -o time_22_zizhaoh_vdhankar.txt -f "%U" python3 homework.py > stulog.txt 2>&1 on zizhaoh #####
##### zizhaoh plays [E e3 f4 ] in 5.12s #####
##### Running: /usr/lib/jvm/jdk-14.0.1/bin/java -jar /lab/itti/projects/checkers-competition/server/referee.jar on run_22_zizhaoh_vdhankar #####
Move is valid
##### SUCCESS: /usr/lib/jvm/jdk-14.0.1/bin/java -jar /lab/itti/projects/checkers-competition/server/referee.jar on run_22_zizhaoh_vdhankar #####
INPUT for vdhankar:
GAME
BLACK
268.592648029327
.b.b.b.b
b.b...b.
.b.b.b..
w...b...
.w...w.b
......w.
.w.w.w.w
w.w.w.w.
##### Running: /usr/bin/time -o time_22_zizhaoh_vdhankar.txt -f "%U" python3 homework.py > stulog.txt 2>&1 on vdhankar #####
child exited with value 1
##### ERROR: /usr/bin/time -o time_22_zizhaoh_vdhankar.txt -f "%U" python3 homework.py > stulog.txt 2>&1 on vdhankar #####
##### Output of failed program (stdout + stderr): #####
Traceback (most recent call last):
  File "homework.py", line 546, in <module>
    print(end-start)
NameError: name 'end' is not defined
##### End of output of failed program #####
##### vdhankar plays [E b6 c5] in 4.11307382583618s #####
##### Running: /usr/lib/jvm/jdk-14.0.1/bin/java -jar /lab/itti/projects/checkers-competition/server/referee.jar on run_22_zizhaoh_vdhankar #####
Move is valid
##### SUCCESS: /usr/lib/jvm/jdk-14.0.1/bin/java -jar /lab/itti/projects/checkers-competition/server/referee.jar on run_22_zizhaoh_vdhankar #####
INPUT for zizhaoh:
GAME
WHITE
280.83
.b.b.b.b
b.b...b.
...b.b..
w.b.b...
.w...w.b
......w.
.w.w.w.w
w.w.w.w.
##### Running: /usr/bin/time -o time_22_zizhaoh_vdhankar.txt -f "%U" python3 homework.py > stulog.txt 2>&1 on zizhaoh #####
##### SUCCESS: /usr/bin/time -o time_22_zizhaoh_vdhankar.txt -f "%U" python3 homework.py > stulog.txt 2>&1 on zizhaoh #####
##### zizhaoh plays [E b2 a3 ] in 2.1s #####
##### Running: /usr/lib/jvm/jdk-14.0.1/bin/java -jar /lab/itti/projects/checkers-competition/server/referee.jar on run_22_zizhaoh_vdhankar #####
Move is valid
##### SUCCESS: /usr/lib/jvm/jdk-14.0.1/bin/java -jar /lab/itti/projects/checkers-competition/server/referee.jar on run_22_zizhaoh_vdhankar #####
INPUT for vdhankar:
GAME
BLACK
264.479574203491
.b.b.b.b
b.b...b.
...b.b..
w.b.b...
.w...w.b
w.....w.
...w.w.w
w.w.w.w.
##### Running: /usr/bin/time -o time_22_zizhaoh_vdhankar.txt -f "%U" python3 homework.py > stulog.txt 2>&1 on vdhankar #####
child exited with value 1
##### ERROR: /usr/bin/time -o time_22_zizhaoh_vdhankar.txt -f "%U" python3 homework.py > stulog.txt 2>&1 on vdhankar #####
##### Output of failed program (stdout + stderr): #####
Traceback (most recent call last):
  File "homework.py", line 546, in <module>
    print(end-start)
NameError: name 'end' is not defined
##### End of output of failed program #####
##### vdhankar plays [E g7 h6] in 6.19677901268005s #####
##### Running: /usr/lib/jvm/jdk-14.0.1/bin/java -jar /lab/itti/projects/checkers-competition/server/referee.jar on run_22_zizhaoh_vdhankar #####
Move is valid
##### SUCCESS: /usr/lib/jvm/jdk-14.0.1/bin/java -jar /lab/itti/projects/checkers-competition/server/referee.jar on run_22_zizhaoh_vdhankar #####
INPUT for zizhaoh:
GAME
WHITE
278.73
.b.b.b.b
b.b.....
...b.b.b
w.b.b...
.w...w.b
w.....w.
...w.w.w
w.w.w.w.
##### Running: /usr/bin/time -o time_22_zizhaoh_vdhankar.txt -f "%U" python3 homework.py > stulog.txt 2>&1 on zizhaoh #####
##### SUCCESS: /usr/bin/time -o time_22_zizhaoh_vdhankar.txt -f "%U" python3 homework.py > stulog.txt 2>&1 on zizhaoh #####
##### zizhaoh plays [E d2 c3 ] in 6.6s #####
##### Running: /usr/lib/jvm/jdk-14.0.1/bin/java -jar /lab/itti/projects/checkers-competition/server/referee.jar on run_22_zizhaoh_vdhankar #####
Move is valid
##### SUCCESS: /usr/lib/jvm/jdk-14.0.1/bin/java -jar /lab/itti/projects/checkers-competition/server/referee.jar on run_22_zizhaoh_vdhankar #####
INPUT for vdhankar:
GAME
BLACK
258.282795190811
.b.b.b.b
b.b.....
...b.b.b
w.b.b...
.w...w.b
w.w...w.
.....w.w
w.w.w.w.
##### Running: /usr/bin/time -o time_22_zizhaoh_vdhankar.txt -f "%U" python3 homework.py > stulog.txt 2>&1 on vdhankar #####
child exited with value 1
##### ERROR: /usr/bin/time -o time_22_zizhaoh_vdhankar.txt -f "%U" python3 homework.py > stulog.txt 2>&1 on vdhankar #####
##### Output of failed program (stdout + stderr): #####
Traceback (most recent call last):
  File "homework.py", line 546, in <module>
    print(end-start)
NameError: name 'end' is not defined
##### End of output of failed program #####
##### vdhankar plays [E c5 d4] in 5.738440990448s #####
##### Running: /usr/lib/jvm/jdk-14.0.1/bin/java -jar /lab/itti/projects/checkers-competition/server/referee.jar on run_22_zizhaoh_vdhankar #####
Move is valid
##### SUCCESS: /usr/lib/jvm/jdk-14.0.1/bin/java -jar /lab/itti/projects/checkers-competition/server/referee.jar on run_22_zizhaoh_vdhankar #####
INPUT for zizhaoh:
GAME
WHITE
272.13
.b.b.b.b
b.b.....
...b.b.b
w...b...
.w.b.w.b
w.w...w.
.....w.w
w.w.w.w.
##### Running: /usr/bin/time -o time_22_zizhaoh_vdhankar.txt -f "%U" python3 homework.py > stulog.txt 2>&1 on zizhaoh #####
##### SUCCESS: /usr/bin/time -o time_22_zizhaoh_vdhankar.txt -f "%U" python3 homework.py > stulog.txt 2>&1 on zizhaoh #####
##### zizhaoh plays [E a1 b2 ] in 2.16s #####
##### Running: /usr/lib/jvm/jdk-14.0.1/bin/java -jar /lab/itti/projects/checkers-competition/server/referee.jar on run_22_zizhaoh_vdhankar #####
Move is valid
##### SUCCESS: /usr/lib/jvm/jdk-14.0.1/bin/java -jar /lab/itti/projects/checkers-competition/server/referee.jar on run_22_zizhaoh_vdhankar #####
INPUT for vdhankar:
GAME
BLACK
252.544354200363
.b.b.b.b
b.b.....
...b.b.b
w...b...
.w.b.w.b
w.w...w.
.w...w.w
..w.w.w.
##### Running: /usr/bin/time -o time_22_zizhaoh_vdhankar.txt -f "%U" python3 homework.py > stulog.txt 2>&1 on vdhankar #####
child exited with value 1
##### ERROR: /usr/bin/time -o time_22_zizhaoh_vdhankar.txt -f "%U" python3 homework.py > stulog.txt 2>&1 on vdhankar #####
##### Output of failed program (stdout + stderr): #####
Traceback (most recent call last):
  File "homework.py", line 546, in <module>
    print(end-start)
NameError: name 'end' is not defined
##### End of output of failed program #####
##### vdhankar plays [E f6 g5] in 3.06266307830811s #####
##### Running: /usr/lib/jvm/jdk-14.0.1/bin/java -jar /lab/itti/projects/checkers-competition/server/referee.jar on run_22_zizhaoh_vdhankar #####
Move is valid
##### SUCCESS: /usr/lib/jvm/jdk-14.0.1/bin/java -jar /lab/itti/projects/checkers-competition/server/referee.jar on run_22_zizhaoh_vdhankar #####
INPUT for zizhaoh:
GAME
WHITE
269.97
.b.b.b.b
b.b.....
...b...b
w...b.b.
.w.b.w.b
w.w...w.
.w...w.w
..w.w.w.
##### Running: /usr/bin/time -o time_22_zizhaoh_vdhankar.txt -f "%U" python3 homework.py > stulog.txt 2>&1 on zizhaoh #####
##### SUCCESS: /usr/bin/time -o time_22_zizhaoh_vdhankar.txt -f "%U" python3 homework.py > stulog.txt 2>&1 on zizhaoh #####
##### zizhaoh plays [E e1 d2 ] in 0.64s #####
##### Running: /usr/lib/jvm/jdk-14.0.1/bin/java -jar /lab/itti/projects/checkers-competition/server/referee.jar on run_22_zizhaoh_vdhankar #####
Move is valid
##### SUCCESS: /usr/lib/jvm/jdk-14.0.1/bin/java -jar /lab/itti/projects/checkers-competition/server/referee.jar on run_22_zizhaoh_vdhankar #####
INPUT for vdhankar:
GAME
BLACK
249.481691122055
.b.b.b.b
b.b.....
...b...b
w...b.b.
.w.b.w.b
w.w...w.
.w.w.w.w
..w...w.
##### Running: /usr/bin/time -o time_22_zizhaoh_vdhankar.txt -f "%U" python3 homework.py > stulog.txt 2>&1 on vdhankar #####
child exited with value 1
##### ERROR: /usr/bin/time -o time_22_zizhaoh_vdhankar.txt -f "%U" python3 homework.py > stulog.txt 2>&1 on vdhankar #####
##### Output of failed program (stdout + stderr): #####
Traceback (most recent call last):
  File "homework.py", line 546, in <module>
    print(end-start)
NameError: name 'end' is not defined
##### End of output of failed program #####
##### vdhankar plays [J g5 e3] in 0.581137895584106s #####
##### Running: /usr/lib/jvm/jdk-14.0.1/bin/java -jar /lab/itti/projects/checkers-competition/server/referee.jar on run_22_zizhaoh_vdhankar #####
Move is valid
##### SUCCESS: /usr/lib/jvm/jdk-14.0.1/bin/java -jar /lab/itti/projects/checkers-competition/server/referee.jar on run_22_zizhaoh_vdhankar #####
INPUT for zizhaoh:
GAME
WHITE
269.33
.b.b.b.b
b.b.....
...b...b
w...b...
.w.b...b
w.w.b.w.
.w.w.w.w
..w...w.
##### Running: /usr/bin/time -o time_22_zizhaoh_vdhankar.txt -f "%U" python3 homework.py > stulog.txt 2>&1 on zizhaoh #####
##### SUCCESS: /usr/bin/time -o time_22_zizhaoh_vdhankar.txt -f "%U" python3 homework.py > stulog.txt 2>&1 on zizhaoh #####
##### zizhaoh plays [J d2 f4 ] in 0.47s #####
##### Running: /usr/lib/jvm/jdk-14.0.1/bin/java -jar /lab/itti/projects/checkers-competition/server/referee.jar on run_22_zizhaoh_vdhankar #####
Move is valid
##### SUCCESS: /usr/lib/jvm/jdk-14.0.1/bin/java -jar /lab/itti/projects/checkers-competition/server/referee.jar on run_22_zizhaoh_vdhankar #####
INPUT for vdhankar:
GAME
BLACK
248.900553226471
.b.b.b.b
b.b.....
...b...b
w...b...
.w.b.w.b
w.w...w.
.w...w.w
..w...w.
##### Running: /usr/bin/time -o time_22_zizhaoh_vdhankar.txt -f "%U" python3 homework.py > stulog.txt 2>&1 on vdhankar #####
child exited with value 1
##### ERROR: /usr/bin/time -o time_22_zizhaoh_vdhankar.txt -f "%U" python3 homework.py > stulog.txt 2>&1 on vdhankar #####
##### Output of failed program (stdout + stderr): #####
Traceback (most recent call last):
  File "homework.py", line 546, in <module>
    print(end-start)
NameError: name 'end' is not defined
##### End of output of failed program #####
##### vdhankar plays [E d8 e7] in 1.85089015960693s #####
##### Running: /usr/lib/jvm/jdk-14.0.1/bin/java -jar /lab/itti/projects/checkers-competition/server/referee.jar on run_22_zizhaoh_vdhankar #####
Move is valid
##### SUCCESS: /usr/lib/jvm/jdk-14.0.1/bin/java -jar /lab/itti/projects/checkers-competition/server/referee.jar on run_22_zizhaoh_vdhankar #####
INPUT for zizhaoh:
GAME
WHITE
268.86
.b...b.b
b.b.b...
...b...b
w...b...
.w.b.w.b
w.w...w.
.w...w.w
..w...w.
##### Running: /usr/bin/time -o time_22_zizhaoh_vdhankar.txt -f "%U" python3 homework.py > stulog.txt 2>&1 on zizhaoh #####
##### SUCCESS: /usr/bin/time -o time_22_zizhaoh_vdhankar.txt -f "%U" python3 homework.py > stulog.txt 2>&1 on zizhaoh #####
##### zizhaoh plays [E c1 d2 ] in 0.99s #####
##### Running: /usr/lib/jvm/jdk-14.0.1/bin/java -jar /lab/itti/projects/checkers-competition/server/referee.jar on run_22_zizhaoh_vdhankar #####
Move is valid
##### SUCCESS: /usr/lib/jvm/jdk-14.0.1/bin/java -jar /lab/itti/projects/checkers-competition/server/referee.jar on run_22_zizhaoh_vdhankar #####
INPUT for vdhankar:
GAME
BLACK
247.049663066864
.b...b.b
b.b.b...
...b...b
w...b...
.w.b.w.b
w.w...w.
.w.w.w.w
......w.
##### Running: /usr/bin/time -o time_22_zizhaoh_vdhankar.txt -f "%U" python3 homework.py > stulog.txt 2>&1 on vdhankar #####
child exited with value 1
##### ERROR: /usr/bin/time -o time_22_zizhaoh_vdhankar.txt -f "%U" python3 homework.py > stulog.txt 2>&1 on vdhankar #####
##### Output of failed program (stdout + stderr): #####
Traceback (most recent call last):
  File "homework.py", line 546, in <module>
    print(end-start)
NameError: name 'end' is not defined
##### End of output of failed program #####
##### vdhankar plays [E h8 g7] in 1.92323589324951s #####
##### Running: /usr/lib/jvm/jdk-14.0.1/bin/java -jar /lab/itti/projects/checkers-competition/server/referee.jar on run_22_zizhaoh_vdhankar #####
Move is valid
##### SUCCESS: /usr/lib/jvm/jdk-14.0.1/bin/java -jar /lab/itti/projects/checkers-competition/server/referee.jar on run_22_zizhaoh_vdhankar #####
INPUT for zizhaoh:
GAME
WHITE
267.87
.b...b..
b.b.b.b.
...b...b
w...b...
.w.b.w.b
w.w...w.
.w.w.w.w
......w.
##### Running: /usr/bin/time -o time_22_zizhaoh_vdhankar.txt -f "%U" python3 homework.py > stulog.txt 2>&1 on zizhaoh #####
##### SUCCESS: /usr/bin/time -o time_22_zizhaoh_vdhankar.txt -f "%U" python3 homework.py > stulog.txt 2>&1 on zizhaoh #####
##### zizhaoh plays [E d2 e3 ] in 0.65s #####
##### Running: /usr/lib/jvm/jdk-14.0.1/bin/java -jar /lab/itti/projects/checkers-competition/server/referee.jar on run_22_zizhaoh_vdhankar #####
Move is valid
##### SUCCESS: /usr/lib/jvm/jdk-14.0.1/bin/java -jar /lab/itti/projects/checkers-competition/server/referee.jar on run_22_zizhaoh_vdhankar #####
INPUT for vdhankar:
GAME
BLACK
245.126427173615
.b...b..
b.b.b.b.
...b...b
w...b...
.w.b.w.b
w.w.w.w.
.w...w.w
......w.
##### Running: /usr/bin/time -o time_22_zizhaoh_vdhankar.txt -f "%U" python3 homework.py > stulog.txt 2>&1 on vdhankar #####
child exited with value 1
##### ERROR: /usr/bin/time -o time_22_zizhaoh_vdhankar.txt -f "%U" python3 homework.py > stulog.txt 2>&1 on vdhankar #####
##### Output of failed program (stdout + stderr): #####
Traceback (most recent call last):
  File "homework.py", line 546, in <module>
    print(end-start)
NameError: name 'end' is not defined
##### End of output of failed program #####
##### vdhankar plays [E d6 c5] in 0.827927827835083s #####
##### Running: /usr/lib/jvm/jdk-14.0.1/bin/java -jar /lab/itti/projects/checkers-competition/server/referee.jar on run_22_zizhaoh_vdhankar #####
Move is valid
##### SUCCESS: /usr/lib/jvm/jdk-14.0.1/bin/java -jar /lab/itti/projects/checkers-competition/server/referee.jar on run_22_zizhaoh_vdhankar #####
INPUT for zizhaoh:
GAME
WHITE
267.22
.b...b..
b.b.b.b.
.......b
w.b.b...
.w.b.w.b
w.w.w.w.
.w...w.w
......w.
##### Running: /usr/bin/time -o time_22_zizhaoh_vdhankar.txt -f "%U" python3 homework.py > stulog.txt 2>&1 on zizhaoh #####
##### SUCCESS: /usr/bin/time -o time_22_zizhaoh_vdhankar.txt -f "%U" python3 homework.py > stulog.txt 2>&1 on zizhaoh #####
##### zizhaoh plays [J b4 d6 ] in 0.11s #####
##### Running: /usr/lib/jvm/jdk-14.0.1/bin/java -jar /lab/itti/projects/checkers-competition/server/referee.jar on run_22_zizhaoh_vdhankar #####
Move is valid
##### SUCCESS: /usr/lib/jvm/jdk-14.0.1/bin/java -jar /lab/itti/projects/checkers-competition/server/referee.jar on run_22_zizhaoh_vdhankar #####
INPUT for vdhankar:
GAME
BLACK
244.298499345779
.b...b..
b.b.b.b.
...w...b
w...b...
...b.w.b
w.w.w.w.
.w...w.w
......w.
##### Running: /usr/bin/time -o time_22_zizhaoh_vdhankar.txt -f "%U" python3 homework.py > stulog.txt 2>&1 on vdhankar #####
child exited with value 1
##### ERROR: /usr/bin/time -o time_22_zizhaoh_vdhankar.txt -f "%U" python3 homework.py > stulog.txt 2>&1 on vdhankar #####
##### Output of failed program (stdout + stderr): #####
Traceback (most recent call last):
  File "homework.py", line 546, in <module>
    print(end-start)
NameError: name 'end' is not defined
##### End of output of failed program #####
##### vdhankar plays [J e7 c5] in 0.464059829711914s #####
##### Running: /usr/lib/jvm/jdk-14.0.1/bin/java -jar /lab/itti/projects/checkers-competition/server/referee.jar on run_22_zizhaoh_vdhankar #####
Move is valid
##### SUCCESS: /usr/lib/jvm/jdk-14.0.1/bin/java -jar /lab/itti/projects/checkers-competition/server/referee.jar on run_22_zizhaoh_vdhankar #####
INPUT for zizhaoh:
GAME
WHITE
267.11
.b...b..
b.b...b.
.......b
w.b.b...
...b.w.b
w.w.w.w.
.w...w.w
......w.
##### Running: /usr/bin/time -o time_22_zizhaoh_vdhankar.txt -f "%U" python3 homework.py > stulog.txt 2>&1 on zizhaoh #####
##### SUCCESS: /usr/bin/time -o time_22_zizhaoh_vdhankar.txt -f "%U" python3 homework.py > stulog.txt 2>&1 on zizhaoh #####
##### zizhaoh plays [J f4 d6 ] in 0.27s #####
##### Running: /usr/lib/jvm/jdk-14.0.1/bin/java -jar /lab/itti/projects/checkers-competition/server/referee.jar on run_22_zizhaoh_vdhankar #####
Move is valid
##### SUCCESS: /usr/lib/jvm/jdk-14.0.1/bin/java -jar /lab/itti/projects/checkers-competition/server/referee.jar on run_22_zizhaoh_vdhankar #####
INPUT for vdhankar:
GAME
BLACK
243.834439516068
.b...b..
b.b...b.
...w...b
w.b.....
...b...b
w.w.w.w.
.w...w.w
......w.
##### Running: /usr/bin/time -o time_22_zizhaoh_vdhankar.txt -f "%U" python3 homework.py > stulog.txt 2>&1 on vdhankar #####
child exited with value 1
##### ERROR: /usr/bin/time -o time_22_zizhaoh_vdhankar.txt -f "%U" python3 homework.py > stulog.txt 2>&1 on vdhankar #####
##### Output of failed program (stdout + stderr): #####
Traceback (most recent call last):
  File "homework.py", line 546, in <module>
    print(end-start)
NameError: name 'end' is not defined
##### End of output of failed program #####
##### vdhankar plays [J c7 e5] in 1.2418041229248s #####
##### Running: /usr/lib/jvm/jdk-14.0.1/bin/java -jar /lab/itti/projects/checkers-competition/server/referee.jar on run_22_zizhaoh_vdhankar #####
Move is valid
##### SUCCESS: /usr/lib/jvm/jdk-14.0.1/bin/java -jar /lab/itti/projects/checkers-competition/server/referee.jar on run_22_zizhaoh_vdhankar #####
INPUT for zizhaoh:
GAME
WHITE
266.84
.b...b..
b.....b.
.......b
w.b.b...
...b...b
w.w.w.w.
.w...w.w
......w.
##### Running: /usr/bin/time -o time_22_zizhaoh_vdhankar.txt -f "%U" python3 homework.py > stulog.txt 2>&1 on zizhaoh #####
##### SUCCESS: /usr/bin/time -o time_22_zizhaoh_vdhankar.txt -f "%U" python3 homework.py > stulog.txt 2>&1 on zizhaoh #####
##### zizhaoh plays [E c3 b4 ] in 2.4s #####
##### Running: /usr/lib/jvm/jdk-14.0.1/bin/java -jar /lab/itti/projects/checkers-competition/server/referee.jar on run_22_zizhaoh_vdhankar #####
Move is valid
##### SUCCESS: /usr/lib/jvm/jdk-14.0.1/bin/java -jar /lab/itti/projects/checkers-competition/server/referee.jar on run_22_zizhaoh_vdhankar #####
INPUT for vdhankar:
GAME
BLACK
242.592635393143
.b...b..
b.....b.
.......b
w.b.b...
.w.b...b
w...w.w.
.w...w.w
......w.
##### Running: /usr/bin/time -o time_22_zizhaoh_vdhankar.txt -f "%U" python3 homework.py > stulog.txt 2>&1 on vdhankar #####
child exited with value 1
##### ERROR: /usr/bin/time -o time_22_zizhaoh_vdhankar.txt -f "%U" python3 homework.py > stulog.txt 2>&1 on vdhankar #####
##### Output of failed program (stdout + stderr): #####
Traceback (most recent call last):
  File "homework.py", line 546, in <module>
    print(end-start)
NameError: name 'end' is not defined
##### End of output of failed program #####
##### vdhankar plays [E a7 b6] in 2.38686180114746s #####
##### Running: /usr/lib/jvm/jdk-14.0.1/bin/java -jar /lab/itti/projects/checkers-competition/server/referee.jar on run_22_zizhaoh_vdhankar #####
Move is valid
##### SUCCESS: /usr/lib/jvm/jdk-14.0.1/bin/java -jar /lab/itti/projects/checkers-competition/server/referee.jar on run_22_zizhaoh_vdhankar #####
INPUT for zizhaoh:
GAME
WHITE
264.44
.b...b..
......b.
.b.....b
w.b.b...
.w.b...b
w...w.w.
.w...w.w
......w.
##### Running: /usr/bin/time -o time_22_zizhaoh_vdhankar.txt -f "%U" python3 homework.py > stulog.txt 2>&1 on zizhaoh #####
##### SUCCESS: /usr/bin/time -o time_22_zizhaoh_vdhankar.txt -f "%U" python3 homework.py > stulog.txt 2>&1 on zizhaoh #####
##### zizhaoh plays [J b4 d6 ] in 1.27s #####
##### Running: /usr/lib/jvm/jdk-14.0.1/bin/java -jar /lab/itti/projects/checkers-competition/server/referee.jar on run_22_zizhaoh_vdhankar #####
Move is valid
##### SUCCESS: /usr/lib/jvm/jdk-14.0.1/bin/java -jar /lab/itti/projects/checkers-competition/server/referee.jar on run_22_zizhaoh_vdhankar #####
INPUT for vdhankar:
GAME
BLACK
240.205773591995
.b...b..
......b.
.b.w...b
w...b...
...b...b
w...w.w.
.w...w.w
......w.
##### Running: /usr/bin/time -o time_22_zizhaoh_vdhankar.txt -f "%U" python3 homework.py > stulog.txt 2>&1 on vdhankar #####
child exited with value 1
##### ERROR: /usr/bin/time -o time_22_zizhaoh_vdhankar.txt -f "%U" python3 homework.py > stulog.txt 2>&1 on vdhankar #####
##### Output of failed program (stdout + stderr): #####
Traceback (most recent call last):
  File "homework.py", line 546, in <module>
    print(end-start)
NameError: name 'end' is not defined
##### End of output of failed program #####
##### vdhankar plays [E b6 c5] in 4.26246094703674s #####
##### Running: /usr/lib/jvm/jdk-14.0.1/bin/java -jar /lab/itti/projects/checkers-competition/server/referee.jar on run_22_zizhaoh_vdhankar #####
Move is valid
##### SUCCESS: /usr/lib/jvm/jdk-14.0.1/bin/java -jar /lab/itti/projects/checkers-competition/server/referee.jar on run_22_zizhaoh_vdhankar #####
INPUT for zizhaoh:
GAME
WHITE
263.17
.b...b..
......b.
...w...b
w.b.b...
...b...b
w...w.w.
.w...w.w
......w.
##### Running: /usr/bin/time -o time_22_zizhaoh_vdhankar.txt -f "%U" python3 homework.py > stulog.txt 2>&1 on zizhaoh #####
##### SUCCESS: /usr/bin/time -o time_22_zizhaoh_vdhankar.txt -f "%U" python3 homework.py > stulog.txt 2>&1 on zizhaoh #####
##### zizhaoh plays [E a5 b6 ] in 3.63s #####
##### Running: /usr/lib/jvm/jdk-14.0.1/bin/java -jar /lab/itti/projects/checkers-competition/server/referee.jar on run_22_zizhaoh_vdhankar #####
Move is valid
##### SUCCESS: /usr/lib/jvm/jdk-14.0.1/bin/java -jar /lab/itti/projects/checkers-competition/server/referee.jar on run_22_zizhaoh_vdhankar #####
INPUT for vdhankar:
GAME
BLACK
235.943312644958
.b...b..
......b.
.w.w...b
..b.b...
...b...b
w...w.w.
.w...w.w
......w.
##### Running: /usr/bin/time -o time_22_zizhaoh_vdhankar.txt -f "%U" python3 homework.py > stulog.txt 2>&1 on vdhankar #####
child exited with value 1
##### ERROR: /usr/bin/time -o time_22_zizhaoh_vdhankar.txt -f "%U" python3 homework.py > stulog.txt 2>&1 on vdhankar #####
##### Output of failed program (stdout + stderr): #####
Traceback (most recent call last):
  File "homework.py", line 546, in <module>
    print(end-start)
NameError: name 'end' is not defined
##### End of output of failed program #####
##### vdhankar plays [E h6 g5] in 3.63200998306274s #####
##### Running: /usr/lib/jvm/jdk-14.0.1/bin/java -jar /lab/itti/projects/checkers-competition/server/referee.jar on run_22_zizhaoh_vdhankar #####
Move is valid
##### SUCCESS: /usr/lib/jvm/jdk-14.0.1/bin/java -jar /lab/itti/projects/checkers-competition/server/referee.jar on run_22_zizhaoh_vdhankar #####
INPUT for zizhaoh:
GAME
WHITE
259.54
.b...b..
......b.
.w.w....
..b.b.b.
...b...b
w...w.w.
.w...w.w
......w.
##### Running: /usr/bin/time -o time_22_zizhaoh_vdhankar.txt -f "%U" python3 homework.py > stulog.txt 2>&1 on zizhaoh #####
##### SUCCESS: /usr/bin/time -o time_22_zizhaoh_vdhankar.txt -f "%U" python3 homework.py > stulog.txt 2>&1 on zizhaoh #####
##### zizhaoh plays [E e3 f4 ] in 3.27s #####
##### Running: /usr/lib/jvm/jdk-14.0.1/bin/java -jar /lab/itti/projects/checkers-competition/server/referee.jar on run_22_zizhaoh_vdhankar #####
Move is valid
##### SUCCESS: /usr/lib/jvm/jdk-14.0.1/bin/java -jar /lab/itti/projects/checkers-competition/server/referee.jar on run_22_zizhaoh_vdhankar #####
INPUT for vdhankar:
GAME
BLACK
232.311302661896
.b...b..
......b.
.w.w....
..b.b.b.
...b.w.b
w.....w.
.w...w.w
......w.
##### Running: /usr/bin/time -o time_22_zizhaoh_vdhankar.txt -f "%U" python3 homework.py > stulog.txt 2>&1 on vdhankar #####
child exited with value 1
##### ERROR: /usr/bin/time -o time_22_zizhaoh_vdhankar.txt -f "%U" python3 homework.py > stulog.txt 2>&1 on vdhankar #####
##### Output of failed program (stdout + stderr): #####
Traceback (most recent call last):
  File "homework.py", line 546, in <module>
    print(end-start)
NameError: name 'end' is not defined
##### End of output of failed program #####
##### vdhankar plays [J g5 e3] in 1.58452987670898s #####
##### Running: /usr/lib/jvm/jdk-14.0.1/bin/java -jar /lab/itti/projects/checkers-competition/server/referee.jar on run_22_zizhaoh_vdhankar #####
Move is valid
##### SUCCESS: /usr/lib/jvm/jdk-14.0.1/bin/java -jar /lab/itti/projects/checkers-competition/server/referee.jar on run_22_zizhaoh_vdhankar #####
INPUT for zizhaoh:
GAME
WHITE
256.27
.b...b..
......b.
.w.w....
..b.b...
...b...b
w...b.w.
.w...w.w
......w.
##### Running: /usr/bin/time -o time_22_zizhaoh_vdhankar.txt -f "%U" python3 homework.py > stulog.txt 2>&1 on zizhaoh #####
##### SUCCESS: /usr/bin/time -o time_22_zizhaoh_vdhankar.txt -f "%U" python3 homework.py > stulog.txt 2>&1 on zizhaoh #####
##### zizhaoh plays [E b2 c3 ] in 4.3s #####
##### Running: /usr/lib/jvm/jdk-14.0.1/bin/java -jar /lab/itti/projects/checkers-competition/server/referee.jar on run_22_zizhaoh_vdhankar #####
Move is valid
##### SUCCESS: /usr/lib/jvm/jdk-14.0.1/bin/java -jar /lab/itti/projects/checkers-competition/server/referee.jar on run_22_zizhaoh_vdhankar #####
INPUT for vdhankar:
GAME
BLACK
230.726772785187
.b...b..
......b.
.w.w....
..b.b...
...b...b
w.w.b.w.
.....w.w
......w.
##### Running: /usr/bin/time -o time_22_zizhaoh_vdhankar.txt -f "%U" python3 homework.py > stulog.txt 2>&1 on vdhankar #####
child exited with value 1
##### ERROR: /usr/bin/time -o time_22_zizhaoh_vdhankar.txt -f "%U" python3 homework.py > stulog.txt 2>&1 on vdhankar #####
##### Output of failed program (stdout + stderr): #####
Traceback (most recent call last):
  File "homework.py", line 546, in <module>
    print(end-start)
NameError: name 'end' is not defined
##### End of output of failed program #####
##### vdhankar plays [J d4 b2] in 0.446249008178711s #####
##### Running: /usr/lib/jvm/jdk-14.0.1/bin/java -jar /lab/itti/projects/checkers-competition/server/referee.jar on run_22_zizhaoh_vdhankar #####
Move is valid
##### SUCCESS: /usr/lib/jvm/jdk-14.0.1/bin/java -jar /lab/itti/projects/checkers-competition/server/referee.jar on run_22_zizhaoh_vdhankar #####
INPUT for zizhaoh:
GAME
WHITE
251.97
.b...b..
......b.
.w.w....
..b.b...
.......b
w...b.w.
.b...w.w
......w.
##### Running: /usr/bin/time -o time_22_zizhaoh_vdhankar.txt -f "%U" python3 homework.py > stulog.txt 2>&1 on zizhaoh #####
##### SUCCESS: /usr/bin/time -o time_22_zizhaoh_vdhankar.txt -f "%U" python3 homework.py > stulog.txt 2>&1 on zizhaoh #####
##### zizhaoh plays [J f2 d4  ; J d4 f6  ; J f6 h8 ] in 0.26s #####
##### Running: /usr/lib/jvm/jdk-14.0.1/bin/java -jar /lab/itti/projects/checkers-competition/server/referee.jar on run_22_zizhaoh_vdhankar #####
Move is valid
##### SUCCESS: /usr/lib/jvm/jdk-14.0.1/bin/java -jar /lab/itti/projects/checkers-competition/server/referee.jar on run_22_zizhaoh_vdhankar #####
INPUT for vdhankar:
GAME
BLACK
230.280523777008
.b...b.W
........
.w.w....
..b.....
.......b
w.....w.
.b.....w
......w.
##### Running: /usr/bin/time -o time_22_zizhaoh_vdhankar.txt -f "%U" python3 homework.py > stulog.txt 2>&1 on vdhankar #####
child exited with value 1
##### ERROR: /usr/bin/time -o time_22_zizhaoh_vdhankar.txt -f "%U" python3 homework.py > stulog.txt 2>&1 on vdhankar #####
##### Output of failed program (stdout + stderr): #####
Traceback (most recent call last):
  File "homework.py", line 546, in <module>
    print(end-start)
NameError: name 'end' is not defined
##### End of output of failed program #####
##### vdhankar plays [J h4 f2] in 1.25375699996948s #####
##### Running: /usr/lib/jvm/jdk-14.0.1/bin/java -jar /lab/itti/projects/checkers-competition/server/referee.jar on run_22_zizhaoh_vdhankar #####
Move is valid
##### SUCCESS: /usr/lib/jvm/jdk-14.0.1/bin/java -jar /lab/itti/projects/checkers-competition/server/referee.jar on run_22_zizhaoh_vdhankar #####
INPUT for zizhaoh:
GAME
WHITE
251.71
.b...b.W
........
.w.w....
..b.....
........
w.......
.b...b.w
......w.
##### Running: /usr/bin/time -o time_22_zizhaoh_vdhankar.txt -f "%U" python3 homework.py > stulog.txt 2>&1 on zizhaoh #####
##### SUCCESS: /usr/bin/time -o time_22_zizhaoh_vdhankar.txt -f "%U" python3 homework.py > stulog.txt 2>&1 on zizhaoh #####
##### zizhaoh plays [J g1 e3 ] in 1.94s #####
##### Running: /usr/lib/jvm/jdk-14.0.1/bin/java -jar /lab/itti/projects/checkers-competition/server/referee.jar on run_22_zizhaoh_vdhankar #####
Move is valid
##### SUCCESS: /usr/lib/jvm/jdk-14.0.1/bin/java -jar /lab/itti/projects/checkers-competition/server/referee.jar on run_22_zizhaoh_vdhankar #####
INPUT for vdhankar:
GAME
BLACK
229.026766777039
.b...b.W
........
.w.w....
..b.....
........
w...w...
.b.....w
........
##### Running: /usr/bin/time -o time_22_zizhaoh_vdhankar.txt -f "%U" python3 homework.py > stulog.txt 2>&1 on vdhankar #####
child exited with value 1
##### ERROR: /usr/bin/time -o time_22_zizhaoh_vdhankar.txt -f "%U" python3 homework.py > stulog.txt 2>&1 on vdhankar #####
##### Output of failed program (stdout + stderr): #####
Traceback (most recent call last):
  File "homework.py", line 546, in <module>
    print(end-start)
NameError: name 'end' is not defined
##### End of output of failed program #####
##### vdhankar plays [E b2 c1] in 9.54023098945618s #####
##### Running: /usr/lib/jvm/jdk-14.0.1/bin/java -jar /lab/itti/projects/checkers-competition/server/referee.jar on run_22_zizhaoh_vdhankar #####
Move is valid
##### SUCCESS: /usr/lib/jvm/jdk-14.0.1/bin/java -jar /lab/itti/projects/checkers-competition/server/referee.jar on run_22_zizhaoh_vdhankar #####
INPUT for zizhaoh:
GAME
WHITE
249.77
.b...b.W
........
.w.w....
..b.....
........
w...w...
.......w
..B.....
##### Running: /usr/bin/time -o time_22_zizhaoh_vdhankar.txt -f "%U" python3 homework.py > stulog.txt 2>&1 on zizhaoh #####
##### SUCCESS: /usr/bin/time -o time_22_zizhaoh_vdhankar.txt -f "%U" python3 homework.py > stulog.txt 2>&1 on zizhaoh #####
##### zizhaoh plays [E b6 a7 ] in 6.22s #####
##### Running: /usr/lib/jvm/jdk-14.0.1/bin/java -jar /lab/itti/projects/checkers-competition/server/referee.jar on run_22_zizhaoh_vdhankar #####
Move is valid
##### SUCCESS: /usr/lib/jvm/jdk-14.0.1/bin/java -jar /lab/itti/projects/checkers-competition/server/referee.jar on run_22_zizhaoh_vdhankar #####
INPUT for vdhankar:
GAME
BLACK
219.486535787582
.b...b.W
w.......
...w....
..b.....
........
w...w...
.......w
..B.....
##### Running: /usr/bin/time -o time_22_zizhaoh_vdhankar.txt -f "%U" python3 homework.py > stulog.txt 2>&1 on vdhankar #####
child exited with value 1
##### ERROR: /usr/bin/time -o time_22_zizhaoh_vdhankar.txt -f "%U" python3 homework.py > stulog.txt 2>&1 on vdhankar #####
##### Output of failed program (stdout + stderr): #####
Traceback (most recent call last):
  File "homework.py", line 546, in <module>
    print(end-start)
NameError: name 'end' is not defined
##### End of output of failed program #####
##### vdhankar plays [E c1 d2] in 5.41696786880493s #####
##### Running: /usr/lib/jvm/jdk-14.0.1/bin/java -jar /lab/itti/projects/checkers-competition/server/referee.jar on run_22_zizhaoh_vdhankar #####
Move is valid
##### SUCCESS: /usr/lib/jvm/jdk-14.0.1/bin/java -jar /lab/itti/projects/checkers-competition/server/referee.jar on run_22_zizhaoh_vdhankar #####
INPUT for zizhaoh:
GAME
WHITE
243.55
.b...b.W
w.......
...w....
..b.....
........
w...w...
...B...w
........
##### Running: /usr/bin/time -o time_22_zizhaoh_vdhankar.txt -f "%U" python3 homework.py > stulog.txt 2>&1 on zizhaoh #####
##### SUCCESS: /usr/bin/time -o time_22_zizhaoh_vdhankar.txt -f "%U" python3 homework.py > stulog.txt 2>&1 on zizhaoh #####
##### zizhaoh plays [E e3 f4 ] in 5.04s #####
##### Running: /usr/lib/jvm/jdk-14.0.1/bin/java -jar /lab/itti/projects/checkers-competition/server/referee.jar on run_22_zizhaoh_vdhankar #####
Move is valid
##### SUCCESS: /usr/lib/jvm/jdk-14.0.1/bin/java -jar /lab/itti/projects/checkers-competition/server/referee.jar on run_22_zizhaoh_vdhankar #####
INPUT for vdhankar:
GAME
BLACK
214.069567918777
.b...b.W
w.......
...w....
..b.....
.....w..
w.......
...B...w
........
##### Running: /usr/bin/time -o time_22_zizhaoh_vdhankar.txt -f "%U" python3 homework.py > stulog.txt 2>&1 on vdhankar #####
child exited with value 1
##### ERROR: /usr/bin/time -o time_22_zizhaoh_vdhankar.txt -f "%U" python3 homework.py > stulog.txt 2>&1 on vdhankar #####
##### Output of failed program (stdout + stderr): #####
Traceback (most recent call last):
  File "homework.py", line 546, in <module>
    print(end-start)
NameError: name 'end' is not defined
##### End of output of failed program #####
##### vdhankar plays [E d2 e3] in 9.82727718353271s #####
##### Running: /usr/lib/jvm/jdk-14.0.1/bin/java -jar /lab/itti/projects/checkers-competition/server/referee.jar on run_22_zizhaoh_vdhankar #####
Move is valid
##### SUCCESS: /usr/lib/jvm/jdk-14.0.1/bin/java -jar /lab/itti/projects/checkers-competition/server/referee.jar on run_22_zizhaoh_vdhankar #####
INPUT for zizhaoh:
GAME
WHITE
238.51
.b...b.W
w.......
...w....
..b.....
.....w..
w...B...
.......w
........
##### Running: /usr/bin/time -o time_22_zizhaoh_vdhankar.txt -f "%U" python3 homework.py > stulog.txt 2>&1 on zizhaoh #####
##### SUCCESS: /usr/bin/time -o time_22_zizhaoh_vdhankar.txt -f "%U" python3 homework.py > stulog.txt 2>&1 on zizhaoh #####
##### zizhaoh plays [E f4 e5 ] in 5.82s #####
##### Running: /usr/lib/jvm/jdk-14.0.1/bin/java -jar /lab/itti/projects/checkers-competition/server/referee.jar on run_22_zizhaoh_vdhankar #####
Move is valid
##### SUCCESS: /usr/lib/jvm/jdk-14.0.1/bin/java -jar /lab/itti/projects/checkers-competition/server/referee.jar on run_22_zizhaoh_vdhankar #####
INPUT for vdhankar:
GAME
BLACK
204.242290735245
.b...b.W
w.......
...w....
..b.w...
........
w...B...
.......w
........
##### Running: /usr/bin/time -o time_22_zizhaoh_vdhankar.txt -f "%U" python3 homework.py > stulog.txt 2>&1 on vdhankar #####
child exited with value 1
##### ERROR: /usr/bin/time -o time_22_zizhaoh_vdhankar.txt -f "%U" python3 homework.py > stulog.txt 2>&1 on vdhankar #####
##### Output of failed program (stdout + stderr): #####
Traceback (most recent call last):
  File "homework.py", line 546, in <module>
    print(end-start)
NameError: name 'end' is not defined
##### End of output of failed program #####
##### vdhankar plays [E c5 d4] in 7.64862298965454s #####
##### Running: /usr/lib/jvm/jdk-14.0.1/bin/java -jar /lab/itti/projects/checkers-competition/server/referee.jar on run_22_zizhaoh_vdhankar #####
Move is valid
##### SUCCESS: /usr/lib/jvm/jdk-14.0.1/bin/java -jar /lab/itti/projects/checkers-competition/server/referee.jar on run_22_zizhaoh_vdhankar #####
INPUT for zizhaoh:
GAME
WHITE
232.69
.b...b.W
w.......
...w....
....w...
...b....
w...B...
.......w
........
##### Running: /usr/bin/time -o time_22_zizhaoh_vdhankar.txt -f "%U" python3 homework.py > stulog.txt 2>&1 on zizhaoh #####
##### SUCCESS: /usr/bin/time -o time_22_zizhaoh_vdhankar.txt -f "%U" python3 homework.py > stulog.txt 2>&1 on zizhaoh #####
##### zizhaoh plays [E e5 f6 ] in 6.14s #####
##### Running: /usr/lib/jvm/jdk-14.0.1/bin/java -jar /lab/itti/projects/checkers-competition/server/referee.jar on run_22_zizhaoh_vdhankar #####
Move is valid
##### SUCCESS: /usr/lib/jvm/jdk-14.0.1/bin/java -jar /lab/itti/projects/checkers-competition/server/referee.jar on run_22_zizhaoh_vdhankar #####
INPUT for vdhankar:
GAME
BLACK
196.59366774559
.b...b.W
w.......
...w.w..
........
...b....
w...B...
.......w
........
##### Running: /usr/bin/time -o time_22_zizhaoh_vdhankar.txt -f "%U" python3 homework.py > stulog.txt 2>&1 on vdhankar #####
child exited with value 1
##### ERROR: /usr/bin/time -o time_22_zizhaoh_vdhankar.txt -f "%U" python3 homework.py > stulog.txt 2>&1 on vdhankar #####
##### Output of failed program (stdout + stderr): #####
Traceback (most recent call last):
  File "homework.py", line 546, in <module>
    print(end-start)
NameError: name 'end' is not defined
##### End of output of failed program #####
##### vdhankar plays [E d4 c3] in 7.66850399971008s #####
##### Running: /usr/lib/jvm/jdk-14.0.1/bin/java -jar /lab/itti/projects/checkers-competition/server/referee.jar on run_22_zizhaoh_vdhankar #####
Move is valid
##### SUCCESS: /usr/lib/jvm/jdk-14.0.1/bin/java -jar /lab/itti/projects/checkers-competition/server/referee.jar on run_22_zizhaoh_vdhankar #####
INPUT for zizhaoh:
GAME
WHITE
226.55
.b...b.W
w.......
...w.w..
........
........
w.b.B...
.......w
........
##### Running: /usr/bin/time -o time_22_zizhaoh_vdhankar.txt -f "%U" python3 homework.py > stulog.txt 2>&1 on zizhaoh #####
##### SUCCESS: /usr/bin/time -o time_22_zizhaoh_vdhankar.txt -f "%U" python3 homework.py > stulog.txt 2>&1 on zizhaoh #####
##### zizhaoh plays [E f6 e7 ] in 6.21s #####
##### Running: /usr/lib/jvm/jdk-14.0.1/bin/java -jar /lab/itti/projects/checkers-competition/server/referee.jar on run_22_zizhaoh_vdhankar #####
Move is valid
##### SUCCESS: /usr/lib/jvm/jdk-14.0.1/bin/java -jar /lab/itti/projects/checkers-competition/server/referee.jar on run_22_zizhaoh_vdhankar #####
INPUT for vdhankar:
GAME
BLACK
188.92516374588
.b...b.W
w...w...
...w....
........
........
w.b.B...
.......w
........
##### Running: /usr/bin/time -o time_22_zizhaoh_vdhankar.txt -f "%U" python3 homework.py > stulog.txt 2>&1 on vdhankar #####
child exited with value 1
##### ERROR: /usr/bin/time -o time_22_zizhaoh_vdhankar.txt -f "%U" python3 homework.py > stulog.txt 2>&1 on vdhankar #####
##### Output of failed program (stdout + stderr): #####
Traceback (most recent call last):
  File "homework.py", line 546, in <module>
    print(end-start)
NameError: name 'end' is not defined
##### End of output of failed program #####
##### vdhankar plays [E e3 d4] in 6.6611270904541s #####
##### Running: /usr/lib/jvm/jdk-14.0.1/bin/java -jar /lab/itti/projects/checkers-competition/server/referee.jar on run_22_zizhaoh_vdhankar #####
Move is valid
##### SUCCESS: /usr/lib/jvm/jdk-14.0.1/bin/java -jar /lab/itti/projects/checkers-competition/server/referee.jar on run_22_zizhaoh_vdhankar #####
INPUT for zizhaoh:
GAME
WHITE
220.34
.b...b.W
w...w...
...w....
........
...B....
w.b.....
.......w
........
##### Running: /usr/bin/time -o time_22_zizhaoh_vdhankar.txt -f "%U" python3 homework.py > stulog.txt 2>&1 on zizhaoh #####
##### SUCCESS: /usr/bin/time -o time_22_zizhaoh_vdhankar.txt -f "%U" python3 homework.py > stulog.txt 2>&1 on zizhaoh #####
##### zizhaoh plays [E e7 d8 ] in 7.27s #####
##### Running: /usr/lib/jvm/jdk-14.0.1/bin/java -jar /lab/itti/projects/checkers-competition/server/referee.jar on run_22_zizhaoh_vdhankar #####
Move is valid
##### SUCCESS: /usr/lib/jvm/jdk-14.0.1/bin/java -jar /lab/itti/projects/checkers-competition/server/referee.jar on run_22_zizhaoh_vdhankar #####
INPUT for vdhankar:
GAME
BLACK
182.264036655426
.b.W.b.W
w.......
...w....
........
...B....
w.b.....
.......w
........
##### Running: /usr/bin/time -o time_22_zizhaoh_vdhankar.txt -f "%U" python3 homework.py > stulog.txt 2>&1 on vdhankar #####
child exited with value 1
##### ERROR: /usr/bin/time -o time_22_zizhaoh_vdhankar.txt -f "%U" python3 homework.py > stulog.txt 2>&1 on vdhankar #####
##### Output of failed program (stdout + stderr): #####
Traceback (most recent call last):
  File "homework.py", line 546, in <module>
    print(end-start)
NameError: name 'end' is not defined
##### End of output of failed program #####
##### vdhankar plays [E c3 d2] in 17.6009469032288s #####
##### Running: /usr/lib/jvm/jdk-14.0.1/bin/java -jar /lab/itti/projects/checkers-competition/server/referee.jar on run_22_zizhaoh_vdhankar #####
Move is valid
##### SUCCESS: /usr/lib/jvm/jdk-14.0.1/bin/java -jar /lab/itti/projects/checkers-competition/server/referee.jar on run_22_zizhaoh_vdhankar #####
INPUT for zizhaoh:
GAME
WHITE
213.07
.b.W.b.W
w.......
...w....
........
...B....
w.......
...b...w
........
##### Running: /usr/bin/time -o time_22_zizhaoh_vdhankar.txt -f "%U" python3 homework.py > stulog.txt 2>&1 on zizhaoh #####
##### SUCCESS: /usr/bin/time -o time_22_zizhaoh_vdhankar.txt -f "%U" python3 homework.py > stulog.txt 2>&1 on zizhaoh #####
##### zizhaoh plays [E d8 c7 ] in 9.35s #####
##### Running: /usr/lib/jvm/jdk-14.0.1/bin/java -jar /lab/itti/projects/checkers-competition/server/referee.jar on run_22_zizhaoh_vdhankar #####
Move is valid
##### SUCCESS: /usr/lib/jvm/jdk-14.0.1/bin/java -jar /lab/itti/projects/checkers-competition/server/referee.jar on run_22_zizhaoh_vdhankar #####
INPUT for vdhankar:
GAME
BLACK
164.663089752197
.b...b.W
w.W.....
...w....
........
...B....
w.......
...b...w
........
##### Running: /usr/bin/time -o time_22_zizhaoh_vdhankar.txt -f "%U" python3 homework.py > stulog.txt 2>&1 on vdhankar #####
child exited with value 1
##### ERROR: /usr/bin/time -o time_22_zizhaoh_vdhankar.txt -f "%U" python3 homework.py > stulog.txt 2>&1 on vdhankar #####
##### Output of failed program (stdout + stderr): #####
Traceback (most recent call last):
  File "homework.py", line 546, in <module>
    print(end-start)
NameError: name 'end' is not defined
##### End of output of failed program #####
##### vdhankar plays [E d2 e1] in 8.10660791397095s #####
##### Running: /usr/lib/jvm/jdk-14.0.1/bin/java -jar /lab/itti/projects/checkers-competition/server/referee.jar on run_22_zizhaoh_vdhankar #####
Move is valid
##### SUCCESS: /usr/lib/jvm/jdk-14.0.1/bin/java -jar /lab/itti/projects/checkers-competition/server/referee.jar on run_22_zizhaoh_vdhankar #####
INPUT for zizhaoh:
GAME
WHITE
203.72
.b...b.W
w.W.....
...w....
........
...B....
w.......
.......w
....B...
##### Running: /usr/bin/time -o time_22_zizhaoh_vdhankar.txt -f "%U" python3 homework.py > stulog.txt 2>&1 on zizhaoh #####
##### SUCCESS: /usr/bin/time -o time_22_zizhaoh_vdhankar.txt -f "%U" python3 homework.py > stulog.txt 2>&1 on zizhaoh #####
##### zizhaoh plays [E c7 d8 ] in 6.69s #####
##### Running: /usr/lib/jvm/jdk-14.0.1/bin/java -jar /lab/itti/projects/checkers-competition/server/referee.jar on run_22_zizhaoh_vdhankar #####
Move is valid
##### SUCCESS: /usr/lib/jvm/jdk-14.0.1/bin/java -jar /lab/itti/projects/checkers-competition/server/referee.jar on run_22_zizhaoh_vdhankar #####
INPUT for vdhankar:
GAME
BLACK
156.556481838226
.b.W.b.W
w.......
...w....
........
...B....
w.......
.......w
....B...
##### Running: /usr/bin/time -o time_22_zizhaoh_vdhankar.txt -f "%U" python3 homework.py > stulog.txt 2>&1 on vdhankar #####
child exited with value 1
##### ERROR: /usr/bin/time -o time_22_zizhaoh_vdhankar.txt -f "%U" python3 homework.py > stulog.txt 2>&1 on vdhankar #####
##### Output of failed program (stdout + stderr): #####
Traceback (most recent call last):
  File "homework.py", line 546, in <module>
    print(end-start)
NameError: name 'end' is not defined
##### End of output of failed program #####
##### vdhankar plays [E e1 f2] in 17.7526340484619s #####
##### Running: /usr/lib/jvm/jdk-14.0.1/bin/java -jar /lab/itti/projects/checkers-competition/server/referee.jar on run_22_zizhaoh_vdhankar #####
Move is valid
##### SUCCESS: /usr/lib/jvm/jdk-14.0.1/bin/java -jar /lab/itti/projects/checkers-competition/server/referee.jar on run_22_zizhaoh_vdhankar #####
INPUT for zizhaoh:
GAME
WHITE
197.03
.b.W.b.W
w.......
...w....
........
...B....
w.......
.....B.w
........
##### Running: /usr/bin/time -o time_22_zizhaoh_vdhankar.txt -f "%U" python3 homework.py > stulog.txt 2>&1 on zizhaoh #####
##### SUCCESS: /usr/bin/time -o time_22_zizhaoh_vdhankar.txt -f "%U" python3 homework.py > stulog.txt 2>&1 on zizhaoh #####
##### zizhaoh plays [E d8 c7 ] in 6.27s #####
##### Running: /usr/lib/jvm/jdk-14.0.1/bin/java -jar /lab/itti/projects/checkers-competition/server/referee.jar on run_22_zizhaoh_vdhankar #####
Move is valid
##### SUCCESS: /usr/lib/jvm/jdk-14.0.1/bin/java -jar /lab/itti/projects/checkers-competition/server/referee.jar on run_22_zizhaoh_vdhankar #####
INPUT for vdhankar:
GAME
BLACK
138.803847789764
.b...b.W
w.W.....
...w....
........
...B....
w.......
.....B.w
........
##### Running: /usr/bin/time -o time_22_zizhaoh_vdhankar.txt -f "%U" python3 homework.py > stulog.txt 2>&1 on vdhankar #####
child exited with value 1
##### ERROR: /usr/bin/time -o time_22_zizhaoh_vdhankar.txt -f "%U" python3 homework.py > stulog.txt 2>&1 on vdhankar #####
##### Output of failed program (stdout + stderr): #####
Traceback (most recent call last):
  File "homework.py", line 546, in <module>
    print(end-start)
NameError: name 'end' is not defined
##### End of output of failed program #####
##### vdhankar plays [E f2 e3] in 11.2827479839325s #####
##### Running: /usr/lib/jvm/jdk-14.0.1/bin/java -jar /lab/itti/projects/checkers-competition/server/referee.jar on run_22_zizhaoh_vdhankar #####
Move is valid
##### SUCCESS: /usr/lib/jvm/jdk-14.0.1/bin/java -jar /lab/itti/projects/checkers-competition/server/referee.jar on run_22_zizhaoh_vdhankar #####
INPUT for zizhaoh:
GAME
WHITE
190.76
.b...b.W
w.W.....
...w....
........
...B....
w...B...
.......w
........
##### Running: /usr/bin/time -o time_22_zizhaoh_vdhankar.txt -f "%U" python3 homework.py > stulog.txt 2>&1 on zizhaoh #####
##### SUCCESS: /usr/bin/time -o time_22_zizhaoh_vdhankar.txt -f "%U" python3 homework.py > stulog.txt 2>&1 on zizhaoh #####
##### zizhaoh plays [E c7 d8 ] in 6.94s #####
##### Running: /usr/lib/jvm/jdk-14.0.1/bin/java -jar /lab/itti/projects/checkers-competition/server/referee.jar on run_22_zizhaoh_vdhankar #####
Move is valid
##### SUCCESS: /usr/lib/jvm/jdk-14.0.1/bin/java -jar /lab/itti/projects/checkers-competition/server/referee.jar on run_22_zizhaoh_vdhankar #####
INPUT for vdhankar:
GAME
BLACK
127.521099805832
.b.W.b.W
w.......
...w....
........
...B....
w...B...
.......w
........
##### Running: /usr/bin/time -o time_22_zizhaoh_vdhankar.txt -f "%U" python3 homework.py > stulog.txt 2>&1 on vdhankar #####
child exited with value 1
##### ERROR: /usr/bin/time -o time_22_zizhaoh_vdhankar.txt -f "%U" python3 homework.py > stulog.txt 2>&1 on vdhankar #####
##### Output of failed program (stdout + stderr): #####
Traceback (most recent call last):
  File "homework.py", line 546, in <module>
    print(end-start)
NameError: name 'end' is not defined
##### End of output of failed program #####
##### vdhankar plays [E e3 f4] in 17.0036120414734s #####
##### Running: /usr/lib/jvm/jdk-14.0.1/bin/java -jar /lab/itti/projects/checkers-competition/server/referee.jar on run_22_zizhaoh_vdhankar #####
Move is valid
##### SUCCESS: /usr/lib/jvm/jdk-14.0.1/bin/java -jar /lab/itti/projects/checkers-competition/server/referee.jar on run_22_zizhaoh_vdhankar #####
INPUT for zizhaoh:
GAME
WHITE
183.82
.b.W.b.W
w.......
...w....
........
...B.B..
w.......
.......w
........
##### Running: /usr/bin/time -o time_22_zizhaoh_vdhankar.txt -f "%U" python3 homework.py > stulog.txt 2>&1 on zizhaoh #####
##### SUCCESS: /usr/bin/time -o time_22_zizhaoh_vdhankar.txt -f "%U" python3 homework.py > stulog.txt 2>&1 on zizhaoh #####
##### zizhaoh plays [E d8 c7 ] in 6.28s #####
##### Running: /usr/lib/jvm/jdk-14.0.1/bin/java -jar /lab/itti/projects/checkers-competition/server/referee.jar on run_22_zizhaoh_vdhankar #####
Move is valid
##### SUCCESS: /usr/lib/jvm/jdk-14.0.1/bin/java -jar /lab/itti/projects/checkers-competition/server/referee.jar on run_22_zizhaoh_vdhankar #####
INPUT for vdhankar:
GAME
BLACK
110.517487764359
.b...b.W
w.W.....
...w....
........
...B.B..
w.......
.......w
........
##### Running: /usr/bin/time -o time_22_zizhaoh_vdhankar.txt -f "%U" python3 homework.py > stulog.txt 2>&1 on vdhankar #####
child exited with value 1
##### ERROR: /usr/bin/time -o time_22_zizhaoh_vdhankar.txt -f "%U" python3 homework.py > stulog.txt 2>&1 on vdhankar #####
##### Output of failed program (stdout + stderr): #####
Traceback (most recent call last):
  File "homework.py", line 546, in <module>
    print(end-start)
NameError: name 'end' is not defined
##### End of output of failed program #####
##### vdhankar plays [E f4 g5] in 9.30737709999084s #####
##### Running: /usr/lib/jvm/jdk-14.0.1/bin/java -jar /lab/itti/projects/checkers-competition/server/referee.jar on run_22_zizhaoh_vdhankar #####
Move is valid
##### SUCCESS: /usr/lib/jvm/jdk-14.0.1/bin/java -jar /lab/itti/projects/checkers-competition/server/referee.jar on run_22_zizhaoh_vdhankar #####
INPUT for zizhaoh:
GAME
WHITE
177.54
.b...b.W
w.W.....
...w....
......B.
...B....
w.......
.......w
........
##### Running: /usr/bin/time -o time_22_zizhaoh_vdhankar.txt -f "%U" python3 homework.py > stulog.txt 2>&1 on zizhaoh #####
##### SUCCESS: /usr/bin/time -o time_22_zizhaoh_vdhankar.txt -f "%U" python3 homework.py > stulog.txt 2>&1 on zizhaoh #####
##### zizhaoh plays [E c7 d8 ] in 7.84s #####
##### Running: /usr/lib/jvm/jdk-14.0.1/bin/java -jar /lab/itti/projects/checkers-competition/server/referee.jar on run_22_zizhaoh_vdhankar #####
Move is valid
##### SUCCESS: /usr/lib/jvm/jdk-14.0.1/bin/java -jar /lab/itti/projects/checkers-competition/server/referee.jar on run_22_zizhaoh_vdhankar #####
INPUT for vdhankar:
GAME
BLACK
101.210110664368
.b.W.b.W
w.......
...w....
......B.
...B....
w.......
.......w
........
##### Running: /usr/bin/time -o time_22_zizhaoh_vdhankar.txt -f "%U" python3 homework.py > stulog.txt 2>&1 on vdhankar #####
child exited with value 1
##### ERROR: /usr/bin/time -o time_22_zizhaoh_vdhankar.txt -f "%U" python3 homework.py > stulog.txt 2>&1 on vdhankar #####
##### Output of failed program (stdout + stderr): #####
Traceback (most recent call last):
  File "homework.py", line 546, in <module>
    print(end-start)
NameError: name 'end' is not defined
##### End of output of failed program #####
##### vdhankar plays [E d4 e3] in 10.5819551944733s #####
##### Running: /usr/lib/jvm/jdk-14.0.1/bin/java -jar /lab/itti/projects/checkers-competition/server/referee.jar on run_22_zizhaoh_vdhankar #####
Move is valid
##### SUCCESS: /usr/lib/jvm/jdk-14.0.1/bin/java -jar /lab/itti/projects/checkers-competition/server/referee.jar on run_22_zizhaoh_vdhankar #####
INPUT for zizhaoh:
GAME
WHITE
169.7
.b.W.b.W
w.......
...w....
......B.
........
w...B...
.......w
........
##### Running: /usr/bin/time -o time_22_zizhaoh_vdhankar.txt -f "%U" python3 homework.py > stulog.txt 2>&1 on zizhaoh #####
##### SUCCESS: /usr/bin/time -o time_22_zizhaoh_vdhankar.txt -f "%U" python3 homework.py > stulog.txt 2>&1 on zizhaoh #####
##### zizhaoh plays [E d8 c7 ] in 6.05s #####
##### Running: /usr/lib/jvm/jdk-14.0.1/bin/java -jar /lab/itti/projects/checkers-competition/server/referee.jar on run_22_zizhaoh_vdhankar #####
Move is valid
##### SUCCESS: /usr/lib/jvm/jdk-14.0.1/bin/java -jar /lab/itti/projects/checkers-competition/server/referee.jar on run_22_zizhaoh_vdhankar #####
INPUT for vdhankar:
GAME
BLACK
90.6281554698944
.b...b.W
w.W.....
...w....
......B.
........
w...B...
.......w
........
##### Running: /usr/bin/time -o time_22_zizhaoh_vdhankar.txt -f "%U" python3 homework.py > stulog.txt 2>&1 on vdhankar #####
child exited with value 1
##### ERROR: /usr/bin/time -o time_22_zizhaoh_vdhankar.txt -f "%U" python3 homework.py > stulog.txt 2>&1 on vdhankar #####
##### Output of failed program (stdout + stderr): #####
Traceback (most recent call last):
  File "homework.py", line 546, in <module>
    print(end-start)
NameError: name 'end' is not defined
##### End of output of failed program #####
##### vdhankar plays [E e3 d4] in 13.3724291324615s #####
##### Running: /usr/lib/jvm/jdk-14.0.1/bin/java -jar /lab/itti/projects/checkers-competition/server/referee.jar on run_22_zizhaoh_vdhankar #####
Move is valid
##### SUCCESS: /usr/lib/jvm/jdk-14.0.1/bin/java -jar /lab/itti/projects/checkers-competition/server/referee.jar on run_22_zizhaoh_vdhankar #####
INPUT for zizhaoh:
GAME
WHITE
163.65
.b...b.W
w.W.....
...w....
......B.
...B....
w.......
.......w
........
##### Running: /usr/bin/time -o time_22_zizhaoh_vdhankar.txt -f "%U" python3 homework.py > stulog.txt 2>&1 on zizhaoh #####
##### SUCCESS: /usr/bin/time -o time_22_zizhaoh_vdhankar.txt -f "%U" python3 homework.py > stulog.txt 2>&1 on zizhaoh #####
##### zizhaoh plays [E c7 d8 ] in 7.87s #####
##### Running: /usr/lib/jvm/jdk-14.0.1/bin/java -jar /lab/itti/projects/checkers-competition/server/referee.jar on run_22_zizhaoh_vdhankar #####
Move is valid
##### SUCCESS: /usr/lib/jvm/jdk-14.0.1/bin/java -jar /lab/itti/projects/checkers-competition/server/referee.jar on run_22_zizhaoh_vdhankar #####
INPUT for vdhankar:
GAME
BLACK
77.2557263374329
.b.W.b.W
w.......
...w....
......B.
...B....
w.......
.......w
........
##### Running: /usr/bin/time -o time_22_zizhaoh_vdhankar.txt -f "%U" python3 homework.py > stulog.txt 2>&1 on vdhankar #####
child exited with value 1
##### ERROR: /usr/bin/time -o time_22_zizhaoh_vdhankar.txt -f "%U" python3 homework.py > stulog.txt 2>&1 on vdhankar #####
##### Output of failed program (stdout + stderr): #####
Traceback (most recent call last):
  File "homework.py", line 546, in <module>
    print(end-start)
NameError: name 'end' is not defined
##### End of output of failed program #####
##### vdhankar plays [E d4 e3] in 10.9393270015717s #####
##### Running: /usr/lib/jvm/jdk-14.0.1/bin/java -jar /lab/itti/projects/checkers-competition/server/referee.jar on run_22_zizhaoh_vdhankar #####
Move is valid
##### SUCCESS: /usr/lib/jvm/jdk-14.0.1/bin/java -jar /lab/itti/projects/checkers-competition/server/referee.jar on run_22_zizhaoh_vdhankar #####
INPUT for zizhaoh:
GAME
WHITE
155.78
.b.W.b.W
w.......
...w....
......B.
........
w...B...
.......w
........
##### Running: /usr/bin/time -o time_22_zizhaoh_vdhankar.txt -f "%U" python3 homework.py > stulog.txt 2>&1 on zizhaoh #####
##### SUCCESS: /usr/bin/time -o time_22_zizhaoh_vdhankar.txt -f "%U" python3 homework.py > stulog.txt 2>&1 on zizhaoh #####
##### zizhaoh plays [E d8 c7 ] in 6.02s #####
##### Running: /usr/lib/jvm/jdk-14.0.1/bin/java -jar /lab/itti/projects/checkers-competition/server/referee.jar on run_22_zizhaoh_vdhankar #####
Move is valid
##### SUCCESS: /usr/lib/jvm/jdk-14.0.1/bin/java -jar /lab/itti/projects/checkers-competition/server/referee.jar on run_22_zizhaoh_vdhankar #####
INPUT for vdhankar:
GAME
BLACK
66.3163993358612
.b...b.W
w.W.....
...w....
......B.
........
w...B...
.......w
........
##### Running: /usr/bin/time -o time_22_zizhaoh_vdhankar.txt -f "%U" python3 homework.py > stulog.txt 2>&1 on vdhankar #####
child exited with value 1
##### ERROR: /usr/bin/time -o time_22_zizhaoh_vdhankar.txt -f "%U" python3 homework.py > stulog.txt 2>&1 on vdhankar #####
##### Output of failed program (stdout + stderr): #####
Traceback (most recent call last):
  File "homework.py", line 546, in <module>
    print(end-start)
NameError: name 'end' is not defined
##### End of output of failed program #####
##### vdhankar plays [E e3 d4] in 12.7011201381683s #####
##### Running: /usr/lib/jvm/jdk-14.0.1/bin/java -jar /lab/itti/projects/checkers-competition/server/referee.jar on run_22_zizhaoh_vdhankar #####
Move is valid
##### SUCCESS: /usr/lib/jvm/jdk-14.0.1/bin/java -jar /lab/itti/projects/checkers-competition/server/referee.jar on run_22_zizhaoh_vdhankar #####
INPUT for zizhaoh:
GAME
WHITE
149.76
.b...b.W
w.W.....
...w....
......B.
...B....
w.......
.......w
........
##### Running: /usr/bin/time -o time_22_zizhaoh_vdhankar.txt -f "%U" python3 homework.py > stulog.txt 2>&1 on zizhaoh #####
##### SUCCESS: /usr/bin/time -o time_22_zizhaoh_vdhankar.txt -f "%U" python3 homework.py > stulog.txt 2>&1 on zizhaoh #####
##### zizhaoh plays [E c7 d8 ] in 7.72s #####
##### Running: /usr/lib/jvm/jdk-14.0.1/bin/java -jar /lab/itti/projects/checkers-competition/server/referee.jar on run_22_zizhaoh_vdhankar #####
Move is valid
Seen this position 3 times
*** Game ends in draw ***
##### SUCCESS: /usr/lib/jvm/jdk-14.0.1/bin/java -jar /lab/itti/projects/checkers-competition/server/referee.jar on run_22_zizhaoh_vdhankar #####
##### GAME ENDS IN A DRAW. Time left for zizhaoh: 142.04s, vdhankar: 53.6152791976929s
Server said: DRAW
##### GAME OVER: the game ends in a draw, zizhaoh wins by time remaining #####
########## ROUND 22 GAMESCORE AFTER GAME 1: zizhaoh=1 and vdhankar=0 ##########
#################### ROUND 22: zizhaoh (B) vs vdhankar (W): game 2 ####################
##### game start! #####
INPUT for zizhaoh:
GAME
BLACK
300
.b.b.b.b
b.b.b.b.
.b.b.b.b
........
........
w.w.w.w.
.w.w.w.w
w.w.w.w.
##### Running: /usr/bin/time -o time_22_zizhaoh_vdhankar.txt -f "%U" python3 homework.py > stulog.txt 2>&1 on zizhaoh #####
##### SUCCESS: /usr/bin/time -o time_22_zizhaoh_vdhankar.txt -f "%U" python3 homework.py > stulog.txt 2>&1 on zizhaoh #####
##### zizhaoh plays [E b6 a5 ] in 7.02s #####
##### Running: /usr/lib/jvm/jdk-14.0.1/bin/java -jar /lab/itti/projects/checkers-competition/server/referee.jar on run_22_zizhaoh_vdhankar #####
Move is valid
Couldn't read file 'current_ply.txt'
Couldn't read content from file 'current_ply.txt'
Couldn't read file 'lastmatchange_ply.txt'
Couldn't read content from file 'lastmatchange_ply.txt'
##### SUCCESS: /usr/lib/jvm/jdk-14.0.1/bin/java -jar /lab/itti/projects/checkers-competition/server/referee.jar on run_22_zizhaoh_vdhankar #####
INPUT for vdhankar:
GAME
WHITE
300
.b.b.b.b
b.b.b.b.
...b.b.b
b.......
........
w.w.w.w.
.w.w.w.w
w.w.w.w.
##### Running: /usr/bin/time -o time_22_zizhaoh_vdhankar.txt -f "%U" python3 homework.py > stulog.txt 2>&1 on vdhankar #####
child exited with value 1
##### ERROR: /usr/bin/time -o time_22_zizhaoh_vdhankar.txt -f "%U" python3 homework.py > stulog.txt 2>&1 on vdhankar #####
##### Output of failed program (stdout + stderr): #####
Traceback (most recent call last):
  File "homework.py", line 546, in <module>
    print(end-start)
NameError: name 'end' is not defined
##### End of output of failed program #####
##### vdhankar plays [E g3 h4] in 12.8345460891724s #####
##### Running: /usr/lib/jvm/jdk-14.0.1/bin/java -jar /lab/itti/projects/checkers-competition/server/referee.jar on run_22_zizhaoh_vdhankar #####
Move is valid
##### SUCCESS: /usr/lib/jvm/jdk-14.0.1/bin/java -jar /lab/itti/projects/checkers-competition/server/referee.jar on run_22_zizhaoh_vdhankar #####
INPUT for zizhaoh:
GAME
BLACK
292.98
.b.b.b.b
b.b.b.b.
...b.b.b
b.......
.......w
w.w.w...
.w.w.w.w
w.w.w.w.
##### Running: /usr/bin/time -o time_22_zizhaoh_vdhankar.txt -f "%U" python3 homework.py > stulog.txt 2>&1 on zizhaoh #####
##### SUCCESS: /usr/bin/time -o time_22_zizhaoh_vdhankar.txt -f "%U" python3 homework.py > stulog.txt 2>&1 on zizhaoh #####
##### zizhaoh plays [E a7 b6 ] in 6.16s #####
##### Running: /usr/lib/jvm/jdk-14.0.1/bin/java -jar /lab/itti/projects/checkers-competition/server/referee.jar on run_22_zizhaoh_vdhankar #####
Move is valid
##### SUCCESS: /usr/lib/jvm/jdk-14.0.1/bin/java -jar /lab/itti/projects/checkers-competition/server/referee.jar on run_22_zizhaoh_vdhankar #####
INPUT for vdhankar:
GAME
WHITE
287.165453910828
.b.b.b.b
..b.b.b.
.b.b.b.b
b.......
.......w
w.w.w...
.w.w.w.w
w.w.w.w.
##### Running: /usr/bin/time -o time_22_zizhaoh_vdhankar.txt -f "%U" python3 homework.py > stulog.txt 2>&1 on vdhankar #####
child exited with value 1
##### ERROR: /usr/bin/time -o time_22_zizhaoh_vdhankar.txt -f "%U" python3 homework.py > stulog.txt 2>&1 on vdhankar #####
##### Output of failed program (stdout + stderr): #####
Traceback (most recent call last):
  File "homework.py", line 546, in <module>
    print(end-start)
NameError: name 'end' is not defined
##### End of output of failed program #####
##### vdhankar plays [E h2 g3] in 17.5148160457611s #####
##### Running: /usr/lib/jvm/jdk-14.0.1/bin/java -jar /lab/itti/projects/checkers-competition/server/referee.jar on run_22_zizhaoh_vdhankar #####
Move is valid
##### SUCCESS: /usr/lib/jvm/jdk-14.0.1/bin/java -jar /lab/itti/projects/checkers-competition/server/referee.jar on run_22_zizhaoh_vdhankar #####
INPUT for zizhaoh:
GAME
BLACK
286.82
.b.b.b.b
..b.b.b.
.b.b.b.b
b.......
.......w
w.w.w.w.
.w.w.w..
w.w.w.w.
##### Running: /usr/bin/time -o time_22_zizhaoh_vdhankar.txt -f "%U" python3 homework.py > stulog.txt 2>&1 on zizhaoh #####
##### SUCCESS: /usr/bin/time -o time_22_zizhaoh_vdhankar.txt -f "%U" python3 homework.py > stulog.txt 2>&1 on zizhaoh #####
##### zizhaoh plays [E b8 a7 ] in 6.98s #####
##### Running: /usr/lib/jvm/jdk-14.0.1/bin/java -jar /lab/itti/projects/checkers-competition/server/referee.jar on run_22_zizhaoh_vdhankar #####
Move is valid
##### SUCCESS: /usr/lib/jvm/jdk-14.0.1/bin/java -jar /lab/itti/projects/checkers-competition/server/referee.jar on run_22_zizhaoh_vdhankar #####
INPUT for vdhankar:
GAME
WHITE
269.650637865067
...b.b.b
b.b.b.b.
.b.b.b.b
b.......
.......w
w.w.w.w.
.w.w.w..
w.w.w.w.
##### Running: /usr/bin/time -o time_22_zizhaoh_vdhankar.txt -f "%U" python3 homework.py > stulog.txt 2>&1 on vdhankar #####
child exited with value 1
##### ERROR: /usr/bin/time -o time_22_zizhaoh_vdhankar.txt -f "%U" python3 homework.py > stulog.txt 2>&1 on vdhankar #####
##### Output of failed program (stdout + stderr): #####
Traceback (most recent call last):
  File "homework.py", line 546, in <module>
    print(end-start)
NameError: name 'end' is not defined
##### End of output of failed program #####
##### vdhankar plays [E c3 d4] in 4.81305694580078s #####
##### Running: /usr/lib/jvm/jdk-14.0.1/bin/java -jar /lab/itti/projects/checkers-competition/server/referee.jar on run_22_zizhaoh_vdhankar #####
Move is valid
##### SUCCESS: /usr/lib/jvm/jdk-14.0.1/bin/java -jar /lab/itti/projects/checkers-competition/server/referee.jar on run_22_zizhaoh_vdhankar #####
INPUT for zizhaoh:
GAME
BLACK
279.84
...b.b.b
b.b.b.b.
.b.b.b.b
b.......
...w...w
w...w.w.
.w.w.w..
w.w.w.w.
##### Running: /usr/bin/time -o time_22_zizhaoh_vdhankar.txt -f "%U" python3 homework.py > stulog.txt 2>&1 on zizhaoh #####
##### SUCCESS: /usr/bin/time -o time_22_zizhaoh_vdhankar.txt -f "%U" python3 homework.py > stulog.txt 2>&1 on zizhaoh #####
##### zizhaoh plays [E d6 c5 ] in 2.59s #####
##### Running: /usr/lib/jvm/jdk-14.0.1/bin/java -jar /lab/itti/projects/checkers-competition/server/referee.jar on run_22_zizhaoh_vdhankar #####
Move is valid
##### SUCCESS: /usr/lib/jvm/jdk-14.0.1/bin/java -jar /lab/itti/projects/checkers-competition/server/referee.jar on run_22_zizhaoh_vdhankar #####
INPUT for vdhankar:
GAME
WHITE
264.837580919266
...b.b.b
b.b.b.b.
.b...b.b
b.b.....
...w...w
w...w.w.
.w.w.w..
w.w.w.w.
##### Running: /usr/bin/time -o time_22_zizhaoh_vdhankar.txt -f "%U" python3 homework.py > stulog.txt 2>&1 on vdhankar #####
child exited with value 1
##### ERROR: /usr/bin/time -o time_22_zizhaoh_vdhankar.txt -f "%U" python3 homework.py > stulog.txt 2>&1 on vdhankar #####
##### Output of failed program (stdout + stderr): #####
Traceback (most recent call last):
  File "homework.py", line 546, in <module>
    print(end-start)
NameError: name 'end' is not defined
##### End of output of failed program #####
##### vdhankar plays [E b2 c3] in 3.89461898803711s #####
##### Running: /usr/lib/jvm/jdk-14.0.1/bin/java -jar /lab/itti/projects/checkers-competition/server/referee.jar on run_22_zizhaoh_vdhankar #####
Move is valid
##### SUCCESS: /usr/lib/jvm/jdk-14.0.1/bin/java -jar /lab/itti/projects/checkers-competition/server/referee.jar on run_22_zizhaoh_vdhankar #####
INPUT for zizhaoh:
GAME
BLACK
277.25
...b.b.b
b.b.b.b.
.b...b.b
b.b.....
...w...w
w.w.w.w.
...w.w..
w.w.w.w.
##### Running: /usr/bin/time -o time_22_zizhaoh_vdhankar.txt -f "%U" python3 homework.py > stulog.txt 2>&1 on zizhaoh #####
##### SUCCESS: /usr/bin/time -o time_22_zizhaoh_vdhankar.txt -f "%U" python3 homework.py > stulog.txt 2>&1 on zizhaoh #####
##### zizhaoh plays [E c7 d6 ] in 3.58s #####
##### Running: /usr/lib/jvm/jdk-14.0.1/bin/java -jar /lab/itti/projects/checkers-competition/server/referee.jar on run_22_zizhaoh_vdhankar #####
Move is valid
##### SUCCESS: /usr/lib/jvm/jdk-14.0.1/bin/java -jar /lab/itti/projects/checkers-competition/server/referee.jar on run_22_zizhaoh_vdhankar #####
INPUT for vdhankar:
GAME
WHITE
260.942961931229
...b.b.b
b...b.b.
.b.b.b.b
b.b.....
...w...w
w.w.w.w.
...w.w..
w.w.w.w.
##### Running: /usr/bin/time -o time_22_zizhaoh_vdhankar.txt -f "%U" python3 homework.py > stulog.txt 2>&1 on vdhankar #####
child exited with value 1
##### ERROR: /usr/bin/time -o time_22_zizhaoh_vdhankar.txt -f "%U" python3 homework.py > stulog.txt 2>&1 on vdhankar #####
##### Output of failed program (stdout + stderr): #####
Traceback (most recent call last):
  File "homework.py", line 546, in <module>
    print(end-start)
NameError: name 'end' is not defined
##### End of output of failed program #####
##### vdhankar plays [E a1 b2] in 6.10899806022644s #####
##### Running: /usr/lib/jvm/jdk-14.0.1/bin/java -jar /lab/itti/projects/checkers-competition/server/referee.jar on run_22_zizhaoh_vdhankar #####
Move is valid
##### SUCCESS: /usr/lib/jvm/jdk-14.0.1/bin/java -jar /lab/itti/projects/checkers-competition/server/referee.jar on run_22_zizhaoh_vdhankar #####
INPUT for zizhaoh:
GAME
BLACK
273.67
...b.b.b
b...b.b.
.b.b.b.b
b.b.....
...w...w
w.w.w.w.
.w.w.w..
..w.w.w.
##### Running: /usr/bin/time -o time_22_zizhaoh_vdhankar.txt -f "%U" python3 homework.py > stulog.txt 2>&1 on zizhaoh #####
##### SUCCESS: /usr/bin/time -o time_22_zizhaoh_vdhankar.txt -f "%U" python3 homework.py > stulog.txt 2>&1 on zizhaoh #####
##### zizhaoh plays [E d8 c7 ] in 2s #####
##### Running: /usr/lib/jvm/jdk-14.0.1/bin/java -jar /lab/itti/projects/checkers-competition/server/referee.jar on run_22_zizhaoh_vdhankar #####
Move is valid
##### SUCCESS: /usr/lib/jvm/jdk-14.0.1/bin/java -jar /lab/itti/projects/checkers-competition/server/referee.jar on run_22_zizhaoh_vdhankar #####
INPUT for vdhankar:
GAME
WHITE
254.833963871002
.....b.b
b.b.b.b.
.b.b.b.b
b.b.....
...w...w
w.w.w.w.
.w.w.w..
..w.w.w.
##### Running: /usr/bin/time -o time_22_zizhaoh_vdhankar.txt -f "%U" python3 homework.py > stulog.txt 2>&1 on vdhankar #####
child exited with value 1
##### ERROR: /usr/bin/time -o time_22_zizhaoh_vdhankar.txt -f "%U" python3 homework.py > stulog.txt 2>&1 on vdhankar #####
##### Output of failed program (stdout + stderr): #####
Traceback (most recent call last):
  File "homework.py", line 546, in <module>
    print(end-start)
NameError: name 'end' is not defined
##### End of output of failed program #####
##### vdhankar plays [E g3 f4] in 2.28215909004211s #####
##### Running: /usr/lib/jvm/jdk-14.0.1/bin/java -jar /lab/itti/projects/checkers-competition/server/referee.jar on run_22_zizhaoh_vdhankar #####
Move is valid
##### SUCCESS: /usr/lib/jvm/jdk-14.0.1/bin/java -jar /lab/itti/projects/checkers-competition/server/referee.jar on run_22_zizhaoh_vdhankar #####
INPUT for zizhaoh:
GAME
BLACK
271.67
.....b.b
b.b.b.b.
.b.b.b.b
b.b.....
...w.w.w
w.w.w...
.w.w.w..
..w.w.w.
##### Running: /usr/bin/time -o time_22_zizhaoh_vdhankar.txt -f "%U" python3 homework.py > stulog.txt 2>&1 on zizhaoh #####
##### SUCCESS: /usr/bin/time -o time_22_zizhaoh_vdhankar.txt -f "%U" python3 homework.py > stulog.txt 2>&1 on zizhaoh #####
##### zizhaoh plays [E c5 b4 ] in 0.96s #####
##### Running: /usr/lib/jvm/jdk-14.0.1/bin/java -jar /lab/itti/projects/checkers-competition/server/referee.jar on run_22_zizhaoh_vdhankar #####
Move is valid
##### SUCCESS: /usr/lib/jvm/jdk-14.0.1/bin/java -jar /lab/itti/projects/checkers-competition/server/referee.jar on run_22_zizhaoh_vdhankar #####
INPUT for vdhankar:
GAME
WHITE
252.55180478096
.....b.b
b.b.b.b.
.b.b.b.b
b.......
.b.w.w.w
w.w.w...
.w.w.w..
..w.w.w.
##### Running: /usr/bin/time -o time_22_zizhaoh_vdhankar.txt -f "%U" python3 homework.py > stulog.txt 2>&1 on vdhankar #####
child exited with value 1
##### ERROR: /usr/bin/time -o time_22_zizhaoh_vdhankar.txt -f "%U" python3 homework.py > stulog.txt 2>&1 on vdhankar #####
##### Output of failed program (stdout + stderr): #####
Traceback (most recent call last):
  File "homework.py", line 546, in <module>
    print(end-start)
NameError: name 'end' is not defined
##### End of output of failed program #####
##### vdhankar plays [J a3 c5] in 0.749473094940186s #####
##### Running: /usr/lib/jvm/jdk-14.0.1/bin/java -jar /lab/itti/projects/checkers-competition/server/referee.jar on run_22_zizhaoh_vdhankar #####
Move is valid
##### SUCCESS: /usr/lib/jvm/jdk-14.0.1/bin/java -jar /lab/itti/projects/checkers-competition/server/referee.jar on run_22_zizhaoh_vdhankar #####
INPUT for zizhaoh:
GAME
BLACK
270.71
.....b.b
b.b.b.b.
.b.b.b.b
b.w.....
...w.w.w
..w.w...
.w.w.w..
..w.w.w.
##### Running: /usr/bin/time -o time_22_zizhaoh_vdhankar.txt -f "%U" python3 homework.py > stulog.txt 2>&1 on zizhaoh #####
##### SUCCESS: /usr/bin/time -o time_22_zizhaoh_vdhankar.txt -f "%U" python3 homework.py > stulog.txt 2>&1 on zizhaoh #####
##### zizhaoh plays [J d6 b4 ] in 0.63s #####
##### Running: /usr/lib/jvm/jdk-14.0.1/bin/java -jar /lab/itti/projects/checkers-competition/server/referee.jar on run_22_zizhaoh_vdhankar #####
Move is valid
##### SUCCESS: /usr/lib/jvm/jdk-14.0.1/bin/java -jar /lab/itti/projects/checkers-competition/server/referee.jar on run_22_zizhaoh_vdhankar #####
INPUT for vdhankar:
GAME
WHITE
251.80233168602
.....b.b
b.b.b.b.
.b...b.b
b.......
.b.w.w.w
..w.w...
.w.w.w..
..w.w.w.
##### Running: /usr/bin/time -o time_22_zizhaoh_vdhankar.txt -f "%U" python3 homework.py > stulog.txt 2>&1 on vdhankar #####
child exited with value 1
##### ERROR: /usr/bin/time -o time_22_zizhaoh_vdhankar.txt -f "%U" python3 homework.py > stulog.txt 2>&1 on vdhankar #####
##### Output of failed program (stdout + stderr): #####
Traceback (most recent call last):
  File "homework.py", line 546, in <module>
    print(end-start)
NameError: name 'end' is not defined
##### End of output of failed program #####
##### vdhankar plays [E g1 h2] in 2.45708703994751s #####
##### Running: /usr/lib/jvm/jdk-14.0.1/bin/java -jar /lab/itti/projects/checkers-competition/server/referee.jar on run_22_zizhaoh_vdhankar #####
Move is valid
##### SUCCESS: /usr/lib/jvm/jdk-14.0.1/bin/java -jar /lab/itti/projects/checkers-competition/server/referee.jar on run_22_zizhaoh_vdhankar #####
INPUT for zizhaoh:
GAME
BLACK
270.08
.....b.b
b.b.b.b.
.b...b.b
b.......
.b.w.w.w
..w.w...
.w.w.w.w
..w.w...
##### Running: /usr/bin/time -o time_22_zizhaoh_vdhankar.txt -f "%U" python3 homework.py > stulog.txt 2>&1 on zizhaoh #####
##### SUCCESS: /usr/bin/time -o time_22_zizhaoh_vdhankar.txt -f "%U" python3 homework.py > stulog.txt 2>&1 on zizhaoh #####
##### zizhaoh plays [E c7 d6 ] in 2.69s #####
##### Running: /usr/lib/jvm/jdk-14.0.1/bin/java -jar /lab/itti/projects/checkers-competition/server/referee.jar on run_22_zizhaoh_vdhankar #####
Move is valid
##### SUCCESS: /usr/lib/jvm/jdk-14.0.1/bin/java -jar /lab/itti/projects/checkers-competition/server/referee.jar on run_22_zizhaoh_vdhankar #####
INPUT for vdhankar:
GAME
WHITE
249.345244646072
.....b.b
b...b.b.
.b.b.b.b
b.......
.b.w.w.w
..w.w...
.w.w.w.w
..w.w...
##### Running: /usr/bin/time -o time_22_zizhaoh_vdhankar.txt -f "%U" python3 homework.py > stulog.txt 2>&1 on vdhankar #####
child exited with value 1
##### ERROR: /usr/bin/time -o time_22_zizhaoh_vdhankar.txt -f "%U" python3 homework.py > stulog.txt 2>&1 on vdhankar #####
##### Output of failed program (stdout + stderr): #####
Traceback (most recent call last):
  File "homework.py", line 546, in <module>
    print(end-start)
NameError: name 'end' is not defined
##### End of output of failed program #####
##### vdhankar plays [E d4 e5] in 1.13856101036072s #####
##### Running: /usr/lib/jvm/jdk-14.0.1/bin/java -jar /lab/itti/projects/checkers-competition/server/referee.jar on run_22_zizhaoh_vdhankar #####
Move is valid
##### SUCCESS: /usr/lib/jvm/jdk-14.0.1/bin/java -jar /lab/itti/projects/checkers-competition/server/referee.jar on run_22_zizhaoh_vdhankar #####
INPUT for zizhaoh:
GAME
BLACK
267.39
.....b.b
b...b.b.
.b.b.b.b
b...w...
.b...w.w
..w.w...
.w.w.w.w
..w.w...
##### Running: /usr/bin/time -o time_22_zizhaoh_vdhankar.txt -f "%U" python3 homework.py > stulog.txt 2>&1 on zizhaoh #####
##### SUCCESS: /usr/bin/time -o time_22_zizhaoh_vdhankar.txt -f "%U" python3 homework.py > stulog.txt 2>&1 on zizhaoh #####
##### zizhaoh plays [J f6 d4 ] in 0.69s #####
##### Running: /usr/lib/jvm/jdk-14.0.1/bin/java -jar /lab/itti/projects/checkers-competition/server/referee.jar on run_22_zizhaoh_vdhankar #####
Move is valid
##### SUCCESS: /usr/lib/jvm/jdk-14.0.1/bin/java -jar /lab/itti/projects/checkers-competition/server/referee.jar on run_22_zizhaoh_vdhankar #####
INPUT for vdhankar:
GAME
WHITE
248.206683635712
.....b.b
b...b.b.
.b.b...b
b.......
.b.b.w.w
..w.w...
.w.w.w.w
..w.w...
##### Running: /usr/bin/time -o time_22_zizhaoh_vdhankar.txt -f "%U" python3 homework.py > stulog.txt 2>&1 on vdhankar #####
child exited with value 1
##### ERROR: /usr/bin/time -o time_22_zizhaoh_vdhankar.txt -f "%U" python3 homework.py > stulog.txt 2>&1 on vdhankar #####
##### Output of failed program (stdout + stderr): #####
Traceback (most recent call last):
  File "homework.py", line 546, in <module>
    print(end-start)
NameError: name 'end' is not defined
##### End of output of failed program #####
##### vdhankar plays [J c3 e5 ; J e5 c7] in 3.20099496841431s #####
##### Running: /usr/lib/jvm/jdk-14.0.1/bin/java -jar /lab/itti/projects/checkers-competition/server/referee.jar on run_22_zizhaoh_vdhankar #####
Move is valid
##### SUCCESS: /usr/lib/jvm/jdk-14.0.1/bin/java -jar /lab/itti/projects/checkers-competition/server/referee.jar on run_22_zizhaoh_vdhankar #####
INPUT for zizhaoh:
GAME
BLACK
266.7
.....b.b
b.w.b.b.
.b.....b
b.......
.b...w.w
....w...
.w.w.w.w
..w.w...
##### Running: /usr/bin/time -o time_22_zizhaoh_vdhankar.txt -f "%U" python3 homework.py > stulog.txt 2>&1 on zizhaoh #####
##### SUCCESS: /usr/bin/time -o time_22_zizhaoh_vdhankar.txt -f "%U" python3 homework.py > stulog.txt 2>&1 on zizhaoh #####
##### zizhaoh plays [E e7 d6 ] in 7.1s #####
##### Running: /usr/lib/jvm/jdk-14.0.1/bin/java -jar /lab/itti/projects/checkers-competition/server/referee.jar on run_22_zizhaoh_vdhankar #####
Move is valid
##### SUCCESS: /usr/lib/jvm/jdk-14.0.1/bin/java -jar /lab/itti/projects/checkers-competition/server/referee.jar on run_22_zizhaoh_vdhankar #####
INPUT for vdhankar:
GAME
WHITE
245.005688667297
.....b.b
b.w...b.
.b.b...b
b.......
.b...w.w
....w...
.w.w.w.w
..w.w...
##### Running: /usr/bin/time -o time_22_zizhaoh_vdhankar.txt -f "%U" python3 homework.py > stulog.txt 2>&1 on vdhankar #####
child exited with value 1
##### ERROR: /usr/bin/time -o time_22_zizhaoh_vdhankar.txt -f "%U" python3 homework.py > stulog.txt 2>&1 on vdhankar #####
##### Output of failed program (stdout + stderr): #####
Traceback (most recent call last):
  File "homework.py", line 546, in <module>
    print(end-start)
NameError: name 'end' is not defined
##### End of output of failed program #####
##### vdhankar plays [E h2 g3] in 5.93959403038025s #####
##### Running: /usr/lib/jvm/jdk-14.0.1/bin/java -jar /lab/itti/projects/checkers-competition/server/referee.jar on run_22_zizhaoh_vdhankar #####
Move is valid
##### SUCCESS: /usr/lib/jvm/jdk-14.0.1/bin/java -jar /lab/itti/projects/checkers-competition/server/referee.jar on run_22_zizhaoh_vdhankar #####
INPUT for zizhaoh:
GAME
BLACK
259.6
.....b.b
b.w...b.
.b.b...b
b.......
.b...w.w
....w.w.
.w.w.w..
..w.w...
##### Running: /usr/bin/time -o time_22_zizhaoh_vdhankar.txt -f "%U" python3 homework.py > stulog.txt 2>&1 on zizhaoh #####
##### SUCCESS: /usr/bin/time -o time_22_zizhaoh_vdhankar.txt -f "%U" python3 homework.py > stulog.txt 2>&1 on zizhaoh #####
##### zizhaoh plays [E f8 e7 ] in 7.37s #####
##### Running: /usr/lib/jvm/jdk-14.0.1/bin/java -jar /lab/itti/projects/checkers-competition/server/referee.jar on run_22_zizhaoh_vdhankar #####
Move is valid
##### SUCCESS: /usr/lib/jvm/jdk-14.0.1/bin/java -jar /lab/itti/projects/checkers-competition/server/referee.jar on run_22_zizhaoh_vdhankar #####
INPUT for vdhankar:
GAME
WHITE
239.066094636917
.......b
b.w.b.b.
.b.b...b
b.......
.b...w.w
....w.w.
.w.w.w..
..w.w...
##### Running: /usr/bin/time -o time_22_zizhaoh_vdhankar.txt -f "%U" python3 homework.py > stulog.txt 2>&1 on vdhankar #####
child exited with value 1
##### ERROR: /usr/bin/time -o time_22_zizhaoh_vdhankar.txt -f "%U" python3 homework.py > stulog.txt 2>&1 on vdhankar #####
##### Output of failed program (stdout + stderr): #####
Traceback (most recent call last):
  File "homework.py", line 546, in <module>
    print(end-start)
NameError: name 'end' is not defined
##### End of output of failed program #####
##### vdhankar plays [E b2 c3] in 6.42770099639893s #####
##### Running: /usr/lib/jvm/jdk-14.0.1/bin/java -jar /lab/itti/projects/checkers-competition/server/referee.jar on run_22_zizhaoh_vdhankar #####
Move is valid
##### SUCCESS: /usr/lib/jvm/jdk-14.0.1/bin/java -jar /lab/itti/projects/checkers-competition/server/referee.jar on run_22_zizhaoh_vdhankar #####
INPUT for zizhaoh:
GAME
BLACK
252.23
.......b
b.w.b.b.
.b.b...b
b.......
.b...w.w
..w.w.w.
...w.w..
..w.w...
##### Running: /usr/bin/time -o time_22_zizhaoh_vdhankar.txt -f "%U" python3 homework.py > stulog.txt 2>&1 on zizhaoh #####
##### SUCCESS: /usr/bin/time -o time_22_zizhaoh_vdhankar.txt -f "%U" python3 homework.py > stulog.txt 2>&1 on zizhaoh #####
##### zizhaoh plays [E e7 f6 ] in 7.81s #####
##### Running: /usr/lib/jvm/jdk-14.0.1/bin/java -jar /lab/itti/projects/checkers-competition/server/referee.jar on run_22_zizhaoh_vdhankar #####
Move is valid
##### SUCCESS: /usr/lib/jvm/jdk-14.0.1/bin/java -jar /lab/itti/projects/checkers-competition/server/referee.jar on run_22_zizhaoh_vdhankar #####
INPUT for vdhankar:
GAME
WHITE
232.638393640518
.......b
b.w...b.
.b.b.b.b
b.......
.b...w.w
..w.w.w.
...w.w..
..w.w...
##### Running: /usr/bin/time -o time_22_zizhaoh_vdhankar.txt -f "%U" python3 homework.py > stulog.txt 2>&1 on vdhankar #####
child exited with value 1
##### ERROR: /usr/bin/time -o time_22_zizhaoh_vdhankar.txt -f "%U" python3 homework.py > stulog.txt 2>&1 on vdhankar #####
##### Output of failed program (stdout + stderr): #####
Traceback (most recent call last):
  File "homework.py", line 546, in <module>
    print(end-start)
NameError: name 'end' is not defined
##### End of output of failed program #####
##### vdhankar plays [E e3 d4] in 2.74844098091125s #####
##### Running: /usr/lib/jvm/jdk-14.0.1/bin/java -jar /lab/itti/projects/checkers-competition/server/referee.jar on run_22_zizhaoh_vdhankar #####
Move is valid
##### SUCCESS: /usr/lib/jvm/jdk-14.0.1/bin/java -jar /lab/itti/projects/checkers-competition/server/referee.jar on run_22_zizhaoh_vdhankar #####
INPUT for zizhaoh:
GAME
BLACK
244.42
.......b
b.w...b.
.b.b.b.b
b.......
.b.w.w.w
..w...w.
...w.w..
..w.w...
##### Running: /usr/bin/time -o time_22_zizhaoh_vdhankar.txt -f "%U" python3 homework.py > stulog.txt 2>&1 on zizhaoh #####
##### SUCCESS: /usr/bin/time -o time_22_zizhaoh_vdhankar.txt -f "%U" python3 homework.py > stulog.txt 2>&1 on zizhaoh #####
##### zizhaoh plays [E d6 c5 ] in 2.9s #####
##### Running: /usr/lib/jvm/jdk-14.0.1/bin/java -jar /lab/itti/projects/checkers-competition/server/referee.jar on run_22_zizhaoh_vdhankar #####
Move is valid
##### SUCCESS: /usr/lib/jvm/jdk-14.0.1/bin/java -jar /lab/itti/projects/checkers-competition/server/referee.jar on run_22_zizhaoh_vdhankar #####
INPUT for vdhankar:
GAME
WHITE
229.889952659607
.......b
b.w...b.
.b...b.b
b.b.....
.b.w.w.w
..w...w.
...w.w..
..w.w...
##### Running: /usr/bin/time -o time_22_zizhaoh_vdhankar.txt -f "%U" python3 homework.py > stulog.txt 2>&1 on vdhankar #####
child exited with value 1
##### ERROR: /usr/bin/time -o time_22_zizhaoh_vdhankar.txt -f "%U" python3 homework.py > stulog.txt 2>&1 on vdhankar #####
##### Output of failed program (stdout + stderr): #####
Traceback (most recent call last):
  File "homework.py", line 546, in <module>
    print(end-start)
NameError: name 'end' is not defined
##### End of output of failed program #####
##### vdhankar plays [E f2 e3] in 2.17982006072998s #####
##### Running: /usr/lib/jvm/jdk-14.0.1/bin/java -jar /lab/itti/projects/checkers-competition/server/referee.jar on run_22_zizhaoh_vdhankar #####
Move is valid
##### SUCCESS: /usr/lib/jvm/jdk-14.0.1/bin/java -jar /lab/itti/projects/checkers-competition/server/referee.jar on run_22_zizhaoh_vdhankar #####
INPUT for zizhaoh:
GAME
BLACK
241.52
.......b
b.w...b.
.b...b.b
b.b.....
.b.w.w.w
..w.w.w.
...w....
..w.w...
##### Running: /usr/bin/time -o time_22_zizhaoh_vdhankar.txt -f "%U" python3 homework.py > stulog.txt 2>&1 on zizhaoh #####
##### SUCCESS: /usr/bin/time -o time_22_zizhaoh_vdhankar.txt -f "%U" python3 homework.py > stulog.txt 2>&1 on zizhaoh #####
##### zizhaoh plays [E b4 a3 ] in 1.33s #####
##### Running: /usr/lib/jvm/jdk-14.0.1/bin/java -jar /lab/itti/projects/checkers-competition/server/referee.jar on run_22_zizhaoh_vdhankar #####
Move is valid
##### SUCCESS: /usr/lib/jvm/jdk-14.0.1/bin/java -jar /lab/itti/projects/checkers-competition/server/referee.jar on run_22_zizhaoh_vdhankar #####
INPUT for vdhankar:
GAME
WHITE
227.710132598877
.......b
b.w...b.
.b...b.b
b.b.....
...w.w.w
b.w.w.w.
...w....
..w.w...
##### Running: /usr/bin/time -o time_22_zizhaoh_vdhankar.txt -f "%U" python3 homework.py > stulog.txt 2>&1 on vdhankar #####
child exited with value 1
##### ERROR: /usr/bin/time -o time_22_zizhaoh_vdhankar.txt -f "%U" python3 homework.py > stulog.txt 2>&1 on vdhankar #####
##### Output of failed program (stdout + stderr): #####
Traceback (most recent call last):
  File "homework.py", line 546, in <module>
    print(end-start)
NameError: name 'end' is not defined
##### End of output of failed program #####
##### vdhankar plays [E c7 d8] in 2.27374815940857s #####
##### Running: /usr/lib/jvm/jdk-14.0.1/bin/java -jar /lab/itti/projects/checkers-competition/server/referee.jar on run_22_zizhaoh_vdhankar #####
Move is valid
##### SUCCESS: /usr/lib/jvm/jdk-14.0.1/bin/java -jar /lab/itti/projects/checkers-competition/server/referee.jar on run_22_zizhaoh_vdhankar #####
INPUT for zizhaoh:
GAME
BLACK
240.19
...W...b
b.....b.
.b...b.b
b.b.....
...w.w.w
b.w.w.w.
...w....
..w.w...
##### Running: /usr/bin/time -o time_22_zizhaoh_vdhankar.txt -f "%U" python3 homework.py > stulog.txt 2>&1 on zizhaoh #####
##### SUCCESS: /usr/bin/time -o time_22_zizhaoh_vdhankar.txt -f "%U" python3 homework.py > stulog.txt 2>&1 on zizhaoh #####
##### zizhaoh plays [E c5 b4 ] in 1.78s #####
##### Running: /usr/lib/jvm/jdk-14.0.1/bin/java -jar /lab/itti/projects/checkers-competition/server/referee.jar on run_22_zizhaoh_vdhankar #####
Move is valid
##### SUCCESS: /usr/lib/jvm/jdk-14.0.1/bin/java -jar /lab/itti/projects/checkers-competition/server/referee.jar on run_22_zizhaoh_vdhankar #####
INPUT for vdhankar:
GAME
WHITE
225.436384439468
...W...b
b.....b.
.b...b.b
b.......
.b.w.w.w
b.w.w.w.
...w....
..w.w...
##### Running: /usr/bin/time -o time_22_zizhaoh_vdhankar.txt -f "%U" python3 homework.py > stulog.txt 2>&1 on vdhankar #####
child exited with value 1
##### ERROR: /usr/bin/time -o time_22_zizhaoh_vdhankar.txt -f "%U" python3 homework.py > stulog.txt 2>&1 on vdhankar #####
##### Output of failed program (stdout + stderr): #####
Traceback (most recent call last):
  File "homework.py", line 546, in <module>
    print(end-start)
NameError: name 'end' is not defined
##### End of output of failed program #####
##### vdhankar plays [E d8 e7] in 1.57107710838318s #####
##### Running: /usr/lib/jvm/jdk-14.0.1/bin/java -jar /lab/itti/projects/checkers-competition/server/referee.jar on run_22_zizhaoh_vdhankar #####
Move is valid
##### SUCCESS: /usr/lib/jvm/jdk-14.0.1/bin/java -jar /lab/itti/projects/checkers-competition/server/referee.jar on run_22_zizhaoh_vdhankar #####
INPUT for zizhaoh:
GAME
BLACK
238.41
.......b
b...W.b.
.b...b.b
b.......
.b.w.w.w
b.w.w.w.
...w....
..w.w...
##### Running: /usr/bin/time -o time_22_zizhaoh_vdhankar.txt -f "%U" python3 homework.py > stulog.txt 2>&1 on zizhaoh #####
##### SUCCESS: /usr/bin/time -o time_22_zizhaoh_vdhankar.txt -f "%U" python3 homework.py > stulog.txt 2>&1 on zizhaoh #####
##### zizhaoh plays [E b6 c5 ] in 0.62s #####
##### Running: /usr/lib/jvm/jdk-14.0.1/bin/java -jar /lab/itti/projects/checkers-competition/server/referee.jar on run_22_zizhaoh_vdhankar #####
Move is valid
##### SUCCESS: /usr/lib/jvm/jdk-14.0.1/bin/java -jar /lab/itti/projects/checkers-competition/server/referee.jar on run_22_zizhaoh_vdhankar #####
INPUT for vdhankar:
GAME
WHITE
223.865307331085
.......b
b...W.b.
.....b.b
b.b.....
.b.w.w.w
b.w.w.w.
...w....
..w.w...
##### Running: /usr/bin/time -o time_22_zizhaoh_vdhankar.txt -f "%U" python3 homework.py > stulog.txt 2>&1 on vdhankar #####
child exited with value 1
##### ERROR: /usr/bin/time -o time_22_zizhaoh_vdhankar.txt -f "%U" python3 homework.py > stulog.txt 2>&1 on vdhankar #####
##### Output of failed program (stdout + stderr): #####
Traceback (most recent call last):
  File "homework.py", line 546, in <module>
    print(end-start)
NameError: name 'end' is not defined
##### End of output of failed program #####
##### vdhankar plays [J d4 b6] in 0.472078084945679s #####
##### Running: /usr/lib/jvm/jdk-14.0.1/bin/java -jar /lab/itti/projects/checkers-competition/server/referee.jar on run_22_zizhaoh_vdhankar #####
Move is valid
##### SUCCESS: /usr/lib/jvm/jdk-14.0.1/bin/java -jar /lab/itti/projects/checkers-competition/server/referee.jar on run_22_zizhaoh_vdhankar #####
INPUT for zizhaoh:
GAME
BLACK
237.79
.......b
b...W.b.
.w...b.b
b.......
.b...w.w
b.w.w.w.
...w....
..w.w...
##### Running: /usr/bin/time -o time_22_zizhaoh_vdhankar.txt -f "%U" python3 homework.py > stulog.txt 2>&1 on zizhaoh #####
##### SUCCESS: /usr/bin/time -o time_22_zizhaoh_vdhankar.txt -f "%U" python3 homework.py > stulog.txt 2>&1 on zizhaoh #####
##### zizhaoh plays [J a7 c5 ] in 0.1s #####
##### Running: /usr/lib/jvm/jdk-14.0.1/bin/java -jar /lab/itti/projects/checkers-competition/server/referee.jar on run_22_zizhaoh_vdhankar #####
Move is valid
##### SUCCESS: /usr/lib/jvm/jdk-14.0.1/bin/java -jar /lab/itti/projects/checkers-competition/server/referee.jar on run_22_zizhaoh_vdhankar #####
INPUT for vdhankar:
GAME
WHITE
223.39322924614
.......b
....W.b.
.....b.b
b.b.....
.b...w.w
b.w.w.w.
...w....
..w.w...
##### Running: /usr/bin/time -o time_22_zizhaoh_vdhankar.txt -f "%U" python3 homework.py > stulog.txt 2>&1 on vdhankar #####
child exited with value 1
##### ERROR: /usr/bin/time -o time_22_zizhaoh_vdhankar.txt -f "%U" python3 homework.py > stulog.txt 2>&1 on vdhankar #####
##### Output of failed program (stdout + stderr): #####
Traceback (most recent call last):
  File "homework.py", line 546, in <module>
    print(end-start)
NameError: name 'end' is not defined
##### End of output of failed program #####
##### vdhankar plays [J e7 g5] in 0.453375101089478s #####
##### Running: /usr/lib/jvm/jdk-14.0.1/bin/java -jar /lab/itti/projects/checkers-competition/server/referee.jar on run_22_zizhaoh_vdhankar #####
Move is valid
##### SUCCESS: /usr/lib/jvm/jdk-14.0.1/bin/java -jar /lab/itti/projects/checkers-competition/server/referee.jar on run_22_zizhaoh_vdhankar #####
INPUT for zizhaoh:
GAME
BLACK
237.69
.......b
......b.
.......b
b.b...W.
.b...w.w
b.w.w.w.
...w....
..w.w...
##### Running: /usr/bin/time -o time_22_zizhaoh_vdhankar.txt -f "%U" python3 homework.py > stulog.txt 2>&1 on zizhaoh #####
##### SUCCESS: /usr/bin/time -o time_22_zizhaoh_vdhankar.txt -f "%U" python3 homework.py > stulog.txt 2>&1 on zizhaoh #####
##### zizhaoh plays [E g7 f6 ] in 0.39s #####
##### Running: /usr/lib/jvm/jdk-14.0.1/bin/java -jar /lab/itti/projects/checkers-competition/server/referee.jar on run_22_zizhaoh_vdhankar #####
Move is valid
##### SUCCESS: /usr/lib/jvm/jdk-14.0.1/bin/java -jar /lab/itti/projects/checkers-competition/server/referee.jar on run_22_zizhaoh_vdhankar #####
INPUT for vdhankar:
GAME
WHITE
222.93985414505
.......b
........
.....b.b
b.b...W.
.b...w.w
b.w.w.w.
...w....
..w.w...
##### Running: /usr/bin/time -o time_22_zizhaoh_vdhankar.txt -f "%U" python3 homework.py > stulog.txt 2>&1 on vdhankar #####
child exited with value 1
##### ERROR: /usr/bin/time -o time_22_zizhaoh_vdhankar.txt -f "%U" python3 homework.py > stulog.txt 2>&1 on vdhankar #####
##### Output of failed program (stdout + stderr): #####
Traceback (most recent call last):
  File "homework.py", line 546, in <module>
    print(end-start)
NameError: name 'end' is not defined
##### End of output of failed program #####
##### vdhankar plays [J g5 e7] in 0.852570056915283s #####
##### Running: /usr/lib/jvm/jdk-14.0.1/bin/java -jar /lab/itti/projects/checkers-competition/server/referee.jar on run_22_zizhaoh_vdhankar #####
Move is valid
##### SUCCESS: /usr/lib/jvm/jdk-14.0.1/bin/java -jar /lab/itti/projects/checkers-competition/server/referee.jar on run_22_zizhaoh_vdhankar #####
INPUT for zizhaoh:
GAME
BLACK
237.3
.......b
....W...
.......b
b.b.....
.b...w.w
b.w.w.w.
...w....
..w.w...
##### Running: /usr/bin/time -o time_22_zizhaoh_vdhankar.txt -f "%U" python3 homework.py > stulog.txt 2>&1 on zizhaoh #####
##### SUCCESS: /usr/bin/time -o time_22_zizhaoh_vdhankar.txt -f "%U" python3 homework.py > stulog.txt 2>&1 on zizhaoh #####
##### zizhaoh plays [E h8 g7 ] in 1.3s #####
##### Running: /usr/lib/jvm/jdk-14.0.1/bin/java -jar /lab/itti/projects/checkers-competition/server/referee.jar on run_22_zizhaoh_vdhankar #####
Move is valid
##### SUCCESS: /usr/lib/jvm/jdk-14.0.1/bin/java -jar /lab/itti/projects/checkers-competition/server/referee.jar on run_22_zizhaoh_vdhankar #####
INPUT for vdhankar:
GAME
WHITE
222.087284088135
........
....W.b.
.......b
b.b.....
.b...w.w
b.w.w.w.
...w....
..w.w...
##### Running: /usr/bin/time -o time_22_zizhaoh_vdhankar.txt -f "%U" python3 homework.py > stulog.txt 2>&1 on vdhankar #####
child exited with value 1
##### ERROR: /usr/bin/time -o time_22_zizhaoh_vdhankar.txt -f "%U" python3 homework.py > stulog.txt 2>&1 on vdhankar #####
##### Output of failed program (stdout + stderr): #####
Traceback (most recent call last):
  File "homework.py", line 546, in <module>
    print(end-start)
NameError: name 'end' is not defined
##### End of output of failed program #####
##### vdhankar plays [E e1 f2] in 1.89907503128052s #####
##### Running: /usr/lib/jvm/jdk-14.0.1/bin/java -jar /lab/itti/projects/checkers-competition/server/referee.jar on run_22_zizhaoh_vdhankar #####
Move is valid
##### SUCCESS: /usr/lib/jvm/jdk-14.0.1/bin/java -jar /lab/itti/projects/checkers-competition/server/referee.jar on run_22_zizhaoh_vdhankar #####
INPUT for zizhaoh:
GAME
BLACK
236
........
....W.b.
.......b
b.b.....
.b...w.w
b.w.w.w.
...w.w..
..w.....
##### Running: /usr/bin/time -o time_22_zizhaoh_vdhankar.txt -f "%U" python3 homework.py > stulog.txt 2>&1 on zizhaoh #####
##### SUCCESS: /usr/bin/time -o time_22_zizhaoh_vdhankar.txt -f "%U" python3 homework.py > stulog.txt 2>&1 on zizhaoh #####
##### zizhaoh plays [E g7 f6 ] in 0.19s #####
##### Running: /usr/lib/jvm/jdk-14.0.1/bin/java -jar /lab/itti/projects/checkers-competition/server/referee.jar on run_22_zizhaoh_vdhankar #####
Move is valid
##### SUCCESS: /usr/lib/jvm/jdk-14.0.1/bin/java -jar /lab/itti/projects/checkers-competition/server/referee.jar on run_22_zizhaoh_vdhankar #####
INPUT for vdhankar:
GAME
WHITE
220.188209056854
........
....W...
.....b.b
b.b.....
.b...w.w
b.w.w.w.
...w.w..
..w.....
##### Running: /usr/bin/time -o time_22_zizhaoh_vdhankar.txt -f "%U" python3 homework.py > stulog.txt 2>&1 on vdhankar #####
child exited with value 1
##### ERROR: /usr/bin/time -o time_22_zizhaoh_vdhankar.txt -f "%U" python3 homework.py > stulog.txt 2>&1 on vdhankar #####
##### Output of failed program (stdout + stderr): #####
Traceback (most recent call last):
  File "homework.py", line 546, in <module>
    print(end-start)
NameError: name 'end' is not defined
##### End of output of failed program #####
##### vdhankar plays [J e7 g5] in 0.350710153579712s #####
##### Running: /usr/lib/jvm/jdk-14.0.1/bin/java -jar /lab/itti/projects/checkers-competition/server/referee.jar on run_22_zizhaoh_vdhankar #####
Move is valid
##### SUCCESS: /usr/lib/jvm/jdk-14.0.1/bin/java -jar /lab/itti/projects/checkers-competition/server/referee.jar on run_22_zizhaoh_vdhankar #####
INPUT for zizhaoh:
GAME
BLACK
235.81
........
........
.......b
b.b...W.
.b...w.w
b.w.w.w.
...w.w..
..w.....
##### Running: /usr/bin/time -o time_22_zizhaoh_vdhankar.txt -f "%U" python3 homework.py > stulog.txt 2>&1 on zizhaoh #####
##### SUCCESS: /usr/bin/time -o time_22_zizhaoh_vdhankar.txt -f "%U" python3 homework.py > stulog.txt 2>&1 on zizhaoh #####
##### zizhaoh plays [E c5 d4 ] in 0.09s #####
##### Running: /usr/lib/jvm/jdk-14.0.1/bin/java -jar /lab/itti/projects/checkers-competition/server/referee.jar on run_22_zizhaoh_vdhankar #####
Move is valid
##### SUCCESS: /usr/lib/jvm/jdk-14.0.1/bin/java -jar /lab/itti/projects/checkers-competition/server/referee.jar on run_22_zizhaoh_vdhankar #####
INPUT for vdhankar:
GAME
WHITE
219.837498903275
........
........
.......b
b.....W.
.b.b.w.w
b.w.w.w.
...w.w..
..w.....
##### Running: /usr/bin/time -o time_22_zizhaoh_vdhankar.txt -f "%U" python3 homework.py > stulog.txt 2>&1 on vdhankar #####
child exited with value 1
##### ERROR: /usr/bin/time -o time_22_zizhaoh_vdhankar.txt -f "%U" python3 homework.py > stulog.txt 2>&1 on vdhankar #####
##### Output of failed program (stdout + stderr): #####
Traceback (most recent call last):
  File "homework.py", line 546, in <module>
    print(end-start)
NameError: name 'end' is not defined
##### End of output of failed program #####
##### vdhankar plays [J e3 c5] in 0.388671875s #####
##### Running: /usr/lib/jvm/jdk-14.0.1/bin/java -jar /lab/itti/projects/checkers-competition/server/referee.jar on run_22_zizhaoh_vdhankar #####
Move is valid
##### SUCCESS: /usr/lib/jvm/jdk-14.0.1/bin/java -jar /lab/itti/projects/checkers-competition/server/referee.jar on run_22_zizhaoh_vdhankar #####
INPUT for zizhaoh:
GAME
BLACK
235.72
........
........
.......b
b.w...W.
.b...w.w
b.w...w.
...w.w..
..w.....
##### Running: /usr/bin/time -o time_22_zizhaoh_vdhankar.txt -f "%U" python3 homework.py > stulog.txt 2>&1 on zizhaoh #####
##### SUCCESS: /usr/bin/time -o time_22_zizhaoh_vdhankar.txt -f "%U" python3 homework.py > stulog.txt 2>&1 on zizhaoh #####
##### zizhaoh plays [E a3 b2 ] in 0.04s #####
##### Running: /usr/lib/jvm/jdk-14.0.1/bin/java -jar /lab/itti/projects/checkers-competition/server/referee.jar on run_22_zizhaoh_vdhankar #####
Move is valid
##### SUCCESS: /usr/lib/jvm/jdk-14.0.1/bin/java -jar /lab/itti/projects/checkers-competition/server/referee.jar on run_22_zizhaoh_vdhankar #####
INPUT for vdhankar:
GAME
WHITE
219.448827028275
........
........
.......b
b.w...W.
.b...w.w
..w...w.
.b.w.w..
..w.....
##### Running: /usr/bin/time -o time_22_zizhaoh_vdhankar.txt -f "%U" python3 homework.py > stulog.txt 2>&1 on vdhankar #####
child exited with value 1
##### ERROR: /usr/bin/time -o time_22_zizhaoh_vdhankar.txt -f "%U" python3 homework.py > stulog.txt 2>&1 on vdhankar #####
##### Output of failed program (stdout + stderr): #####
Traceback (most recent call last):
  File "homework.py", line 546, in <module>
    print(end-start)
NameError: name 'end' is not defined
##### End of output of failed program #####
##### vdhankar plays [J c1 a3] in 0.345028877258301s #####
##### Running: /usr/lib/jvm/jdk-14.0.1/bin/java -jar /lab/itti/projects/checkers-competition/server/referee.jar on run_22_zizhaoh_vdhankar #####
Move is valid
After this move, player BLACK cannot make any moves
*** Winner: WHITE ***
##### SUCCESS: /usr/lib/jvm/jdk-14.0.1/bin/java -jar /lab/itti/projects/checkers-competition/server/referee.jar on run_22_zizhaoh_vdhankar #####
##### GAME OVER: vdhankar wins the game! #####
Server said: WIN
########## ROUND 22 GAMESCORE AFTER GAME 2: zizhaoh=1 and vdhankar=1 ##########
#################### ROUND 22: zizhaoh (W) vs vdhankar (B): game 3 ####################
##### game start! #####
INPUT for vdhankar:
GAME
BLACK
300
.b.b.b.b
b.b.b.b.
.b.b.b.b
........
........
w.w.w.w.
.w.w.w.w
w.w.w.w.
##### Running: /usr/bin/time -o time_22_zizhaoh_vdhankar.txt -f "%U" python3 homework.py > stulog.txt 2>&1 on vdhankar #####
child exited with value 1
##### ERROR: /usr/bin/time -o time_22_zizhaoh_vdhankar.txt -f "%U" python3 homework.py > stulog.txt 2>&1 on vdhankar #####
##### Output of failed program (stdout + stderr): #####
Traceback (most recent call last):
  File "homework.py", line 546, in <module>
    print(end-start)
NameError: name 'end' is not defined
##### End of output of failed program #####
##### vdhankar plays [E h6 g5] in 11.7807650566101s #####
##### Running: /usr/lib/jvm/jdk-14.0.1/bin/java -jar /lab/itti/projects/checkers-competition/server/referee.jar on run_22_zizhaoh_vdhankar #####
Move is valid
Couldn't read file 'current_ply.txt'
Couldn't read content from file 'current_ply.txt'
Couldn't read file 'lastmatchange_ply.txt'
Couldn't read content from file 'lastmatchange_ply.txt'
##### SUCCESS: /usr/lib/jvm/jdk-14.0.1/bin/java -jar /lab/itti/projects/checkers-competition/server/referee.jar on run_22_zizhaoh_vdhankar #####
INPUT for zizhaoh:
GAME
WHITE
300
.b.b.b.b
b.b.b.b.
.b.b.b..
......b.
........
w.w.w.w.
.w.w.w.w
w.w.w.w.
##### Running: /usr/bin/time -o time_22_zizhaoh_vdhankar.txt -f "%U" python3 homework.py > stulog.txt 2>&1 on zizhaoh #####
##### SUCCESS: /usr/bin/time -o time_22_zizhaoh_vdhankar.txt -f "%U" python3 homework.py > stulog.txt 2>&1 on zizhaoh #####
##### zizhaoh plays [E a3 b4 ] in 6.07s #####
##### Running: /usr/lib/jvm/jdk-14.0.1/bin/java -jar /lab/itti/projects/checkers-competition/server/referee.jar on run_22_zizhaoh_vdhankar #####
Move is valid
##### SUCCESS: /usr/lib/jvm/jdk-14.0.1/bin/java -jar /lab/itti/projects/checkers-competition/server/referee.jar on run_22_zizhaoh_vdhankar #####
INPUT for vdhankar:
GAME
BLACK
288.21923494339
.b.b.b.b
b.b.b.b.
.b.b.b..
......b.
.w......
..w.w.w.
.w.w.w.w
w.w.w.w.
##### Running: /usr/bin/time -o time_22_zizhaoh_vdhankar.txt -f "%U" python3 homework.py > stulog.txt 2>&1 on vdhankar #####
child exited with value 1
##### ERROR: /usr/bin/time -o time_22_zizhaoh_vdhankar.txt -f "%U" python3 homework.py > stulog.txt 2>&1 on vdhankar #####
##### Output of failed program (stdout + stderr): #####
Traceback (most recent call last):
  File "homework.py", line 546, in <module>
    print(end-start)
NameError: name 'end' is not defined
##### End of output of failed program #####
##### vdhankar plays [E g5 h4] in 9.86513710021973s #####
##### Running: /usr/lib/jvm/jdk-14.0.1/bin/java -jar /lab/itti/projects/checkers-competition/server/referee.jar on run_22_zizhaoh_vdhankar #####
Move is valid
##### SUCCESS: /usr/lib/jvm/jdk-14.0.1/bin/java -jar /lab/itti/projects/checkers-competition/server/referee.jar on run_22_zizhaoh_vdhankar #####
INPUT for zizhaoh:
GAME
WHITE
293.93
.b.b.b.b
b.b.b.b.
.b.b.b..
........
.w.....b
..w.w.w.
.w.w.w.w
w.w.w.w.
##### Running: /usr/bin/time -o time_22_zizhaoh_vdhankar.txt -f "%U" python3 homework.py > stulog.txt 2>&1 on zizhaoh #####
##### SUCCESS: /usr/bin/time -o time_22_zizhaoh_vdhankar.txt -f "%U" python3 homework.py > stulog.txt 2>&1 on zizhaoh #####
##### zizhaoh plays [E b4 a5 ] in 5.64s #####
##### Running: /usr/lib/jvm/jdk-14.0.1/bin/java -jar /lab/itti/projects/checkers-competition/server/referee.jar on run_22_zizhaoh_vdhankar #####
Move is valid
##### SUCCESS: /usr/lib/jvm/jdk-14.0.1/bin/java -jar /lab/itti/projects/checkers-competition/server/referee.jar on run_22_zizhaoh_vdhankar #####
INPUT for vdhankar:
GAME
BLACK
278.35409784317
.b.b.b.b
b.b.b.b.
.b.b.b..
w.......
.......b
..w.w.w.
.w.w.w.w
w.w.w.w.
##### Running: /usr/bin/time -o time_22_zizhaoh_vdhankar.txt -f "%U" python3 homework.py > stulog.txt 2>&1 on vdhankar #####
child exited with value 1
##### ERROR: /usr/bin/time -o time_22_zizhaoh_vdhankar.txt -f "%U" python3 homework.py > stulog.txt 2>&1 on vdhankar #####
##### Output of failed program (stdout + stderr): #####
Traceback (most recent call last):
  File "homework.py", line 546, in <module>
    print(end-start)
NameError: name 'end' is not defined
##### End of output of failed program #####
##### vdhankar plays [E d6 e5] in 7.44808983802795s #####
##### Running: /usr/lib/jvm/jdk-14.0.1/bin/java -jar /lab/itti/projects/checkers-competition/server/referee.jar on run_22_zizhaoh_vdhankar #####
Move is valid
##### SUCCESS: /usr/lib/jvm/jdk-14.0.1/bin/java -jar /lab/itti/projects/checkers-competition/server/referee.jar on run_22_zizhaoh_vdhankar #####
INPUT for zizhaoh:
GAME
WHITE
288.29
.b.b.b.b
b.b.b.b.
.b...b..
w...b...
.......b
..w.w.w.
.w.w.w.w
w.w.w.w.
##### Running: /usr/bin/time -o time_22_zizhaoh_vdhankar.txt -f "%U" python3 homework.py > stulog.txt 2>&1 on zizhaoh #####
##### SUCCESS: /usr/bin/time -o time_22_zizhaoh_vdhankar.txt -f "%U" python3 homework.py > stulog.txt 2>&1 on zizhaoh #####
##### zizhaoh plays [E c3 b4 ] in 2.29s #####
##### Running: /usr/lib/jvm/jdk-14.0.1/bin/java -jar /lab/itti/projects/checkers-competition/server/referee.jar on run_22_zizhaoh_vdhankar #####
Move is valid
##### SUCCESS: /usr/lib/jvm/jdk-14.0.1/bin/java -jar /lab/itti/projects/checkers-competition/server/referee.jar on run_22_zizhaoh_vdhankar #####
INPUT for vdhankar:
GAME
BLACK
270.906008005142
.b.b.b.b
b.b.b.b.
.b...b..
w...b...
.w.....b
....w.w.
.w.w.w.w
w.w.w.w.
##### Running: /usr/bin/time -o time_22_zizhaoh_vdhankar.txt -f "%U" python3 homework.py > stulog.txt 2>&1 on vdhankar #####
child exited with value 1
##### ERROR: /usr/bin/time -o time_22_zizhaoh_vdhankar.txt -f "%U" python3 homework.py > stulog.txt 2>&1 on vdhankar #####
##### Output of failed program (stdout + stderr): #####
Traceback (most recent call last):
  File "homework.py", line 546, in <module>
    print(end-start)
NameError: name 'end' is not defined
##### End of output of failed program #####
##### vdhankar plays [E e7 d6] in 3.80356001853943s #####
##### Running: /usr/lib/jvm/jdk-14.0.1/bin/java -jar /lab/itti/projects/checkers-competition/server/referee.jar on run_22_zizhaoh_vdhankar #####
Move is valid
##### SUCCESS: /usr/lib/jvm/jdk-14.0.1/bin/java -jar /lab/itti/projects/checkers-competition/server/referee.jar on run_22_zizhaoh_vdhankar #####
INPUT for zizhaoh:
GAME
WHITE
286
.b.b.b.b
b.b...b.
.b.b.b..
w...b...
.w.....b
....w.w.
.w.w.w.w
w.w.w.w.
##### Running: /usr/bin/time -o time_22_zizhaoh_vdhankar.txt -f "%U" python3 homework.py > stulog.txt 2>&1 on zizhaoh #####
##### SUCCESS: /usr/bin/time -o time_22_zizhaoh_vdhankar.txt -f "%U" python3 homework.py > stulog.txt 2>&1 on zizhaoh #####
##### zizhaoh plays [E e3 f4 ] in 5.71s #####
##### Running: /usr/lib/jvm/jdk-14.0.1/bin/java -jar /lab/itti/projects/checkers-competition/server/referee.jar on run_22_zizhaoh_vdhankar #####
Move is valid
##### SUCCESS: /usr/lib/jvm/jdk-14.0.1/bin/java -jar /lab/itti/projects/checkers-competition/server/referee.jar on run_22_zizhaoh_vdhankar #####
INPUT for vdhankar:
GAME
BLACK
267.102447986603
.b.b.b.b
b.b...b.
.b.b.b..
w...b...
.w...w.b
......w.
.w.w.w.w
w.w.w.w.
##### Running: /usr/bin/time -o time_22_zizhaoh_vdhankar.txt -f "%U" python3 homework.py > stulog.txt 2>&1 on vdhankar #####
child exited with value 1
##### ERROR: /usr/bin/time -o time_22_zizhaoh_vdhankar.txt -f "%U" python3 homework.py > stulog.txt 2>&1 on vdhankar #####
##### Output of failed program (stdout + stderr): #####
Traceback (most recent call last):
  File "homework.py", line 546, in <module>
    print(end-start)
NameError: name 'end' is not defined
##### End of output of failed program #####
##### vdhankar plays [E b6 c5] in 4.28310918807983s #####
##### Running: /usr/lib/jvm/jdk-14.0.1/bin/java -jar /lab/itti/projects/checkers-competition/server/referee.jar on run_22_zizhaoh_vdhankar #####
Move is valid
##### SUCCESS: /usr/lib/jvm/jdk-14.0.1/bin/java -jar /lab/itti/projects/checkers-competition/server/referee.jar on run_22_zizhaoh_vdhankar #####
INPUT for zizhaoh:
GAME
WHITE
280.29
.b.b.b.b
b.b...b.
...b.b..
w.b.b...
.w...w.b
......w.
.w.w.w.w
w.w.w.w.
##### Running: /usr/bin/time -o time_22_zizhaoh_vdhankar.txt -f "%U" python3 homework.py > stulog.txt 2>&1 on zizhaoh #####
##### SUCCESS: /usr/bin/time -o time_22_zizhaoh_vdhankar.txt -f "%U" python3 homework.py > stulog.txt 2>&1 on zizhaoh #####
##### zizhaoh plays [E b2 a3 ] in 2.18s #####
##### Running: /usr/lib/jvm/jdk-14.0.1/bin/java -jar /lab/itti/projects/checkers-competition/server/referee.jar on run_22_zizhaoh_vdhankar #####
Move is valid
##### SUCCESS: /usr/lib/jvm/jdk-14.0.1/bin/java -jar /lab/itti/projects/checkers-competition/server/referee.jar on run_22_zizhaoh_vdhankar #####
INPUT for vdhankar:
GAME
BLACK
262.819338798523
.b.b.b.b
b.b...b.
...b.b..
w.b.b...
.w...w.b
w.....w.
...w.w.w
w.w.w.w.
##### Running: /usr/bin/time -o time_22_zizhaoh_vdhankar.txt -f "%U" python3 homework.py > stulog.txt 2>&1 on vdhankar #####
child exited with value 1
##### ERROR: /usr/bin/time -o time_22_zizhaoh_vdhankar.txt -f "%U" python3 homework.py > stulog.txt 2>&1 on vdhankar #####
##### Output of failed program (stdout + stderr): #####
Traceback (most recent call last):
  File "homework.py", line 546, in <module>
    print(end-start)
NameError: name 'end' is not defined
##### End of output of failed program #####
##### vdhankar plays [E g7 h6] in 6.53508400917053s #####
##### Running: /usr/lib/jvm/jdk-14.0.1/bin/java -jar /lab/itti/projects/checkers-competition/server/referee.jar on run_22_zizhaoh_vdhankar #####
Move is valid
##### SUCCESS: /usr/lib/jvm/jdk-14.0.1/bin/java -jar /lab/itti/projects/checkers-competition/server/referee.jar on run_22_zizhaoh_vdhankar #####
INPUT for zizhaoh:
GAME
WHITE
278.11
.b.b.b.b
b.b.....
...b.b.b
w.b.b...
.w...w.b
w.....w.
...w.w.w
w.w.w.w.
##### Running: /usr/bin/time -o time_22_zizhaoh_vdhankar.txt -f "%U" python3 homework.py > stulog.txt 2>&1 on zizhaoh #####
##### SUCCESS: /usr/bin/time -o time_22_zizhaoh_vdhankar.txt -f "%U" python3 homework.py > stulog.txt 2>&1 on zizhaoh #####
##### zizhaoh plays [E d2 c3 ] in 6.61s #####
##### Running: /usr/lib/jvm/jdk-14.0.1/bin/java -jar /lab/itti/projects/checkers-competition/server/referee.jar on run_22_zizhaoh_vdhankar #####
Move is valid
##### SUCCESS: /usr/lib/jvm/jdk-14.0.1/bin/java -jar /lab/itti/projects/checkers-competition/server/referee.jar on run_22_zizhaoh_vdhankar #####
INPUT for vdhankar:
GAME
BLACK
256.284254789352
.b.b.b.b
b.b.....
...b.b.b
w.b.b...
.w...w.b
w.w...w.
.....w.w
w.w.w.w.
##### Running: /usr/bin/time -o time_22_zizhaoh_vdhankar.txt -f "%U" python3 homework.py > stulog.txt 2>&1 on vdhankar #####
child exited with value 1
##### ERROR: /usr/bin/time -o time_22_zizhaoh_vdhankar.txt -f "%U" python3 homework.py > stulog.txt 2>&1 on vdhankar #####
##### Output of failed program (stdout + stderr): #####
Traceback (most recent call last):
  File "homework.py", line 546, in <module>
    print(end-start)
NameError: name 'end' is not defined
##### End of output of failed program #####
##### vdhankar plays [E c5 d4] in 5.59068489074707s #####
##### Running: /usr/lib/jvm/jdk-14.0.1/bin/java -jar /lab/itti/projects/checkers-competition/server/referee.jar on run_22_zizhaoh_vdhankar #####
Move is valid
##### SUCCESS: /usr/lib/jvm/jdk-14.0.1/bin/java -jar /lab/itti/projects/checkers-competition/server/referee.jar on run_22_zizhaoh_vdhankar #####
INPUT for zizhaoh:
GAME
WHITE
271.5
.b.b.b.b
b.b.....
...b.b.b
w...b...
.w.b.w.b
w.w...w.
.....w.w
w.w.w.w.
##### Running: /usr/bin/time -o time_22_zizhaoh_vdhankar.txt -f "%U" python3 homework.py > stulog.txt 2>&1 on zizhaoh #####
##### SUCCESS: /usr/bin/time -o time_22_zizhaoh_vdhankar.txt -f "%U" python3 homework.py > stulog.txt 2>&1 on zizhaoh #####
##### zizhaoh plays [E a1 b2 ] in 2.35s #####
##### Running: /usr/lib/jvm/jdk-14.0.1/bin/java -jar /lab/itti/projects/checkers-competition/server/referee.jar on run_22_zizhaoh_vdhankar #####
Move is valid
##### SUCCESS: /usr/lib/jvm/jdk-14.0.1/bin/java -jar /lab/itti/projects/checkers-competition/server/referee.jar on run_22_zizhaoh_vdhankar #####
INPUT for vdhankar:
GAME
BLACK
250.693569898605
.b.b.b.b
b.b.....
...b.b.b
w...b...
.w.b.w.b
w.w...w.
.w...w.w
..w.w.w.
##### Running: /usr/bin/time -o time_22_zizhaoh_vdhankar.txt -f "%U" python3 homework.py > stulog.txt 2>&1 on vdhankar #####
child exited with value 1
##### ERROR: /usr/bin/time -o time_22_zizhaoh_vdhankar.txt -f "%U" python3 homework.py > stulog.txt 2>&1 on vdhankar #####
##### Output of failed program (stdout + stderr): #####
Traceback (most recent call last):
  File "homework.py", line 546, in <module>
    print(end-start)
NameError: name 'end' is not defined
##### End of output of failed program #####
##### vdhankar plays [E f6 g5] in 2.76486682891846s #####
##### Running: /usr/lib/jvm/jdk-14.0.1/bin/java -jar /lab/itti/projects/checkers-competition/server/referee.jar on run_22_zizhaoh_vdhankar #####
Move is valid
##### SUCCESS: /usr/lib/jvm/jdk-14.0.1/bin/java -jar /lab/itti/projects/checkers-competition/server/referee.jar on run_22_zizhaoh_vdhankar #####
INPUT for zizhaoh:
GAME
WHITE
269.15
.b.b.b.b
b.b.....
...b...b
w...b.b.
.w.b.w.b
w.w...w.
.w...w.w
..w.w.w.
##### Running: /usr/bin/time -o time_22_zizhaoh_vdhankar.txt -f "%U" python3 homework.py > stulog.txt 2>&1 on zizhaoh #####
##### SUCCESS: /usr/bin/time -o time_22_zizhaoh_vdhankar.txt -f "%U" python3 homework.py > stulog.txt 2>&1 on zizhaoh #####
##### zizhaoh plays [E e1 d2 ] in 0.65s #####
##### Running: /usr/lib/jvm/jdk-14.0.1/bin/java -jar /lab/itti/projects/checkers-competition/server/referee.jar on run_22_zizhaoh_vdhankar #####
Move is valid
##### SUCCESS: /usr/lib/jvm/jdk-14.0.1/bin/java -jar /lab/itti/projects/checkers-competition/server/referee.jar on run_22_zizhaoh_vdhankar #####
INPUT for vdhankar:
GAME
BLACK
247.928703069687
.b.b.b.b
b.b.....
...b...b
w...b.b.
.w.b.w.b
w.w...w.
.w.w.w.w
..w...w.
##### Running: /usr/bin/time -o time_22_zizhaoh_vdhankar.txt -f "%U" python3 homework.py > stulog.txt 2>&1 on vdhankar #####
child exited with value 1
##### ERROR: /usr/bin/time -o time_22_zizhaoh_vdhankar.txt -f "%U" python3 homework.py > stulog.txt 2>&1 on vdhankar #####
##### Output of failed program (stdout + stderr): #####
Traceback (most recent call last):
  File "homework.py", line 546, in <module>
    print(end-start)
NameError: name 'end' is not defined
##### End of output of failed program #####
##### vdhankar plays [J g5 e3] in 0.502609968185425s #####
##### Running: /usr/lib/jvm/jdk-14.0.1/bin/java -jar /lab/itti/projects/checkers-competition/server/referee.jar on run_22_zizhaoh_vdhankar #####
Move is valid
##### SUCCESS: /usr/lib/jvm/jdk-14.0.1/bin/java -jar /lab/itti/projects/checkers-competition/server/referee.jar on run_22_zizhaoh_vdhankar #####
INPUT for zizhaoh:
GAME
WHITE
268.5
.b.b.b.b
b.b.....
...b...b
w...b...
.w.b...b
w.w.b.w.
.w.w.w.w
..w...w.
##### Running: /usr/bin/time -o time_22_zizhaoh_vdhankar.txt -f "%U" python3 homework.py > stulog.txt 2>&1 on zizhaoh #####
##### SUCCESS: /usr/bin/time -o time_22_zizhaoh_vdhankar.txt -f "%U" python3 homework.py > stulog.txt 2>&1 on zizhaoh #####
##### zizhaoh plays [J d2 f4 ] in 0.42s #####
##### Running: /usr/lib/jvm/jdk-14.0.1/bin/java -jar /lab/itti/projects/checkers-competition/server/referee.jar on run_22_zizhaoh_vdhankar #####
Move is valid
##### SUCCESS: /usr/lib/jvm/jdk-14.0.1/bin/java -jar /lab/itti/projects/checkers-competition/server/referee.jar on run_22_zizhaoh_vdhankar #####
INPUT for vdhankar:
GAME
BLACK
247.426093101501
.b.b.b.b
b.b.....
...b...b
w...b...
.w.b.w.b
w.w...w.
.w...w.w
..w...w.
##### Running: /usr/bin/time -o time_22_zizhaoh_vdhankar.txt -f "%U" python3 homework.py > stulog.txt 2>&1 on vdhankar #####
child exited with value 1
##### ERROR: /usr/bin/time -o time_22_zizhaoh_vdhankar.txt -f "%U" python3 homework.py > stulog.txt 2>&1 on vdhankar #####
##### Output of failed program (stdout + stderr): #####
Traceback (most recent call last):
  File "homework.py", line 546, in <module>
    print(end-start)
NameError: name 'end' is not defined
##### End of output of failed program #####
##### vdhankar plays [E d8 e7] in 1.80466890335083s #####
##### Running: /usr/lib/jvm/jdk-14.0.1/bin/java -jar /lab/itti/projects/checkers-competition/server/referee.jar on run_22_zizhaoh_vdhankar #####
Move is valid
##### SUCCESS: /usr/lib/jvm/jdk-14.0.1/bin/java -jar /lab/itti/projects/checkers-competition/server/referee.jar on run_22_zizhaoh_vdhankar #####
INPUT for zizhaoh:
GAME
WHITE
268.08
.b...b.b
b.b.b...
...b...b
w...b...
.w.b.w.b
w.w...w.
.w...w.w
..w...w.
##### Running: /usr/bin/time -o time_22_zizhaoh_vdhankar.txt -f "%U" python3 homework.py > stulog.txt 2>&1 on zizhaoh #####
##### SUCCESS: /usr/bin/time -o time_22_zizhaoh_vdhankar.txt -f "%U" python3 homework.py > stulog.txt 2>&1 on zizhaoh #####
##### zizhaoh plays [E c1 d2 ] in 0.92s #####
##### Running: /usr/lib/jvm/jdk-14.0.1/bin/java -jar /lab/itti/projects/checkers-competition/server/referee.jar on run_22_zizhaoh_vdhankar #####
Move is valid
##### SUCCESS: /usr/lib/jvm/jdk-14.0.1/bin/java -jar /lab/itti/projects/checkers-competition/server/referee.jar on run_22_zizhaoh_vdhankar #####
INPUT for vdhankar:
GAME
BLACK
245.621424198151
.b...b.b
b.b.b...
...b...b
w...b...
.w.b.w.b
w.w...w.
.w.w.w.w
......w.
##### Running: /usr/bin/time -o time_22_zizhaoh_vdhankar.txt -f "%U" python3 homework.py > stulog.txt 2>&1 on vdhankar #####
child exited with value 1
##### ERROR: /usr/bin/time -o time_22_zizhaoh_vdhankar.txt -f "%U" python3 homework.py > stulog.txt 2>&1 on vdhankar #####
##### Output of failed program (stdout + stderr): #####
Traceback (most recent call last):
  File "homework.py", line 546, in <module>
    print(end-start)
NameError: name 'end' is not defined
##### End of output of failed program #####
##### vdhankar plays [E h8 g7] in 1.50682401657104s #####
##### Running: /usr/lib/jvm/jdk-14.0.1/bin/java -jar /lab/itti/projects/checkers-competition/server/referee.jar on run_22_zizhaoh_vdhankar #####
Move is valid
##### SUCCESS: /usr/lib/jvm/jdk-14.0.1/bin/java -jar /lab/itti/projects/checkers-competition/server/referee.jar on run_22_zizhaoh_vdhankar #####
INPUT for zizhaoh:
GAME
WHITE
267.16
.b...b..
b.b.b.b.
...b...b
w...b...
.w.b.w.b
w.w...w.
.w.w.w.w
......w.
##### Running: /usr/bin/time -o time_22_zizhaoh_vdhankar.txt -f "%U" python3 homework.py > stulog.txt 2>&1 on zizhaoh #####
##### SUCCESS: /usr/bin/time -o time_22_zizhaoh_vdhankar.txt -f "%U" python3 homework.py > stulog.txt 2>&1 on zizhaoh #####
##### zizhaoh plays [E d2 e3 ] in 0.55s #####
##### Running: /usr/lib/jvm/jdk-14.0.1/bin/java -jar /lab/itti/projects/checkers-competition/server/referee.jar on run_22_zizhaoh_vdhankar #####
Move is valid
##### SUCCESS: /usr/lib/jvm/jdk-14.0.1/bin/java -jar /lab/itti/projects/checkers-competition/server/referee.jar on run_22_zizhaoh_vdhankar #####
INPUT for vdhankar:
GAME
BLACK
244.11460018158
.b...b..
b.b.b.b.
...b...b
w...b...
.w.b.w.b
w.w.w.w.
.w...w.w
......w.
##### Running: /usr/bin/time -o time_22_zizhaoh_vdhankar.txt -f "%U" python3 homework.py > stulog.txt 2>&1 on vdhankar #####
child exited with value 1
##### ERROR: /usr/bin/time -o time_22_zizhaoh_vdhankar.txt -f "%U" python3 homework.py > stulog.txt 2>&1 on vdhankar #####
##### Output of failed program (stdout + stderr): #####
Traceback (most recent call last):
  File "homework.py", line 546, in <module>
    print(end-start)
NameError: name 'end' is not defined
##### End of output of failed program #####
##### vdhankar plays [E d6 c5] in 0.83026385307312s #####
##### Running: /usr/lib/jvm/jdk-14.0.1/bin/java -jar /lab/itti/projects/checkers-competition/server/referee.jar on run_22_zizhaoh_vdhankar #####
Move is valid
##### SUCCESS: /usr/lib/jvm/jdk-14.0.1/bin/java -jar /lab/itti/projects/checkers-competition/server/referee.jar on run_22_zizhaoh_vdhankar #####
INPUT for zizhaoh:
GAME
WHITE
266.61
.b...b..
b.b.b.b.
.......b
w.b.b...
.w.b.w.b
w.w.w.w.
.w...w.w
......w.
##### Running: /usr/bin/time -o time_22_zizhaoh_vdhankar.txt -f "%U" python3 homework.py > stulog.txt 2>&1 on zizhaoh #####
##### SUCCESS: /usr/bin/time -o time_22_zizhaoh_vdhankar.txt -f "%U" python3 homework.py > stulog.txt 2>&1 on zizhaoh #####
##### zizhaoh plays [J b4 d6 ] in 0.12s #####
##### Running: /usr/lib/jvm/jdk-14.0.1/bin/java -jar /lab/itti/projects/checkers-competition/server/referee.jar on run_22_zizhaoh_vdhankar #####
Move is valid
##### SUCCESS: /usr/lib/jvm/jdk-14.0.1/bin/java -jar /lab/itti/projects/checkers-competition/server/referee.jar on run_22_zizhaoh_vdhankar #####
INPUT for vdhankar:
GAME
BLACK
243.284336328506
.b...b..
b.b.b.b.
...w...b
w...b...
...b.w.b
w.w.w.w.
.w...w.w
......w.
##### Running: /usr/bin/time -o time_22_zizhaoh_vdhankar.txt -f "%U" python3 homework.py > stulog.txt 2>&1 on vdhankar #####
child exited with value 1
##### ERROR: /usr/bin/time -o time_22_zizhaoh_vdhankar.txt -f "%U" python3 homework.py > stulog.txt 2>&1 on vdhankar #####
##### Output of failed program (stdout + stderr): #####
Traceback (most recent call last):
  File "homework.py", line 546, in <module>
    print(end-start)
NameError: name 'end' is not defined
##### End of output of failed program #####
##### vdhankar plays [J e7 c5] in 0.479431867599487s #####
##### Running: /usr/lib/jvm/jdk-14.0.1/bin/java -jar /lab/itti/projects/checkers-competition/server/referee.jar on run_22_zizhaoh_vdhankar #####
Move is valid
##### SUCCESS: /usr/lib/jvm/jdk-14.0.1/bin/java -jar /lab/itti/projects/checkers-competition/server/referee.jar on run_22_zizhaoh_vdhankar #####
INPUT for zizhaoh:
GAME
WHITE
266.49
.b...b..
b.b...b.
.......b
w.b.b...
...b.w.b
w.w.w.w.
.w...w.w
......w.
##### Running: /usr/bin/time -o time_22_zizhaoh_vdhankar.txt -f "%U" python3 homework.py > stulog.txt 2>&1 on zizhaoh #####
##### SUCCESS: /usr/bin/time -o time_22_zizhaoh_vdhankar.txt -f "%U" python3 homework.py > stulog.txt 2>&1 on zizhaoh #####
##### zizhaoh plays [J f4 d6 ] in 0.25s #####
##### Running: /usr/lib/jvm/jdk-14.0.1/bin/java -jar /lab/itti/projects/checkers-competition/server/referee.jar on run_22_zizhaoh_vdhankar #####
Move is valid
##### SUCCESS: /usr/lib/jvm/jdk-14.0.1/bin/java -jar /lab/itti/projects/checkers-competition/server/referee.jar on run_22_zizhaoh_vdhankar #####
INPUT for vdhankar:
GAME
BLACK
242.804904460907
.b...b..
b.b...b.
...w...b
w.b.....
...b...b
w.w.w.w.
.w...w.w
......w.
##### Running: /usr/bin/time -o time_22_zizhaoh_vdhankar.txt -f "%U" python3 homework.py > stulog.txt 2>&1 on vdhankar #####
child exited with value 1
##### ERROR: /usr/bin/time -o time_22_zizhaoh_vdhankar.txt -f "%U" python3 homework.py > stulog.txt 2>&1 on vdhankar #####
##### Output of failed program (stdout + stderr): #####
Traceback (most recent call last):
  File "homework.py", line 546, in <module>
    print(end-start)
NameError: name 'end' is not defined
##### End of output of failed program #####
##### vdhankar plays [J c7 e5] in 1.32924699783325s #####
##### Running: /usr/lib/jvm/jdk-14.0.1/bin/java -jar /lab/itti/projects/checkers-competition/server/referee.jar on run_22_zizhaoh_vdhankar #####
Move is valid
##### SUCCESS: /usr/lib/jvm/jdk-14.0.1/bin/java -jar /lab/itti/projects/checkers-competition/server/referee.jar on run_22_zizhaoh_vdhankar #####
INPUT for zizhaoh:
GAME
WHITE
266.24
.b...b..
b.....b.
.......b
w.b.b...
...b...b
w.w.w.w.
.w...w.w
......w.
##### Running: /usr/bin/time -o time_22_zizhaoh_vdhankar.txt -f "%U" python3 homework.py > stulog.txt 2>&1 on zizhaoh #####
##### SUCCESS: /usr/bin/time -o time_22_zizhaoh_vdhankar.txt -f "%U" python3 homework.py > stulog.txt 2>&1 on zizhaoh #####
##### zizhaoh plays [E c3 b4 ] in 2.24s #####
##### Running: /usr/lib/jvm/jdk-14.0.1/bin/java -jar /lab/itti/projects/checkers-competition/server/referee.jar on run_22_zizhaoh_vdhankar #####
Move is valid
##### SUCCESS: /usr/lib/jvm/jdk-14.0.1/bin/java -jar /lab/itti/projects/checkers-competition/server/referee.jar on run_22_zizhaoh_vdhankar #####
INPUT for vdhankar:
GAME
BLACK
241.475657463074
.b...b..
b.....b.
.......b
w.b.b...
.w.b...b
w...w.w.
.w...w.w
......w.
##### Running: /usr/bin/time -o time_22_zizhaoh_vdhankar.txt -f "%U" python3 homework.py > stulog.txt 2>&1 on vdhankar #####
child exited with value 1
##### ERROR: /usr/bin/time -o time_22_zizhaoh_vdhankar.txt -f "%U" python3 homework.py > stulog.txt 2>&1 on vdhankar #####
##### Output of failed program (stdout + stderr): #####
Traceback (most recent call last):
  File "homework.py", line 546, in <module>
    print(end-start)
NameError: name 'end' is not defined
##### End of output of failed program #####
##### vdhankar plays [E a7 b6] in 2.28013300895691s #####
##### Running: /usr/lib/jvm/jdk-14.0.1/bin/java -jar /lab/itti/projects/checkers-competition/server/referee.jar on run_22_zizhaoh_vdhankar #####
Move is valid
##### SUCCESS: /usr/lib/jvm/jdk-14.0.1/bin/java -jar /lab/itti/projects/checkers-competition/server/referee.jar on run_22_zizhaoh_vdhankar #####
INPUT for zizhaoh:
GAME
WHITE
264
.b...b..
......b.
.b.....b
w.b.b...
.w.b...b
w...w.w.
.w...w.w
......w.
##### Running: /usr/bin/time -o time_22_zizhaoh_vdhankar.txt -f "%U" python3 homework.py > stulog.txt 2>&1 on zizhaoh #####
##### SUCCESS: /usr/bin/time -o time_22_zizhaoh_vdhankar.txt -f "%U" python3 homework.py > stulog.txt 2>&1 on zizhaoh #####
##### zizhaoh plays [J b4 d6 ] in 1.16s #####
##### Running: /usr/lib/jvm/jdk-14.0.1/bin/java -jar /lab/itti/projects/checkers-competition/server/referee.jar on run_22_zizhaoh_vdhankar #####
Move is valid
##### SUCCESS: /usr/lib/jvm/jdk-14.0.1/bin/java -jar /lab/itti/projects/checkers-competition/server/referee.jar on run_22_zizhaoh_vdhankar #####
INPUT for vdhankar:
GAME
BLACK
239.195524454117
.b...b..
......b.
.b.w...b
w...b...
...b...b
w...w.w.
.w...w.w
......w.
##### Running: /usr/bin/time -o time_22_zizhaoh_vdhankar.txt -f "%U" python3 homework.py > stulog.txt 2>&1 on vdhankar #####
child exited with value 1
##### ERROR: /usr/bin/time -o time_22_zizhaoh_vdhankar.txt -f "%U" python3 homework.py > stulog.txt 2>&1 on vdhankar #####
##### Output of failed program (stdout + stderr): #####
Traceback (most recent call last):
  File "homework.py", line 546, in <module>
    print(end-start)
NameError: name 'end' is not defined
##### End of output of failed program #####
##### vdhankar plays [E b6 c5] in 4.00704908370972s #####
##### Running: /usr/lib/jvm/jdk-14.0.1/bin/java -jar /lab/itti/projects/checkers-competition/server/referee.jar on run_22_zizhaoh_vdhankar #####
Move is valid
##### SUCCESS: /usr/lib/jvm/jdk-14.0.1/bin/java -jar /lab/itti/projects/checkers-competition/server/referee.jar on run_22_zizhaoh_vdhankar #####
INPUT for zizhaoh:
GAME
WHITE
262.84
.b...b..
......b.
...w...b
w.b.b...
...b...b
w...w.w.
.w...w.w
......w.
##### Running: /usr/bin/time -o time_22_zizhaoh_vdhankar.txt -f "%U" python3 homework.py > stulog.txt 2>&1 on zizhaoh #####
##### SUCCESS: /usr/bin/time -o time_22_zizhaoh_vdhankar.txt -f "%U" python3 homework.py > stulog.txt 2>&1 on zizhaoh #####
##### zizhaoh plays [E a5 b6 ] in 3.66s #####
##### Running: /usr/lib/jvm/jdk-14.0.1/bin/java -jar /lab/itti/projects/checkers-competition/server/referee.jar on run_22_zizhaoh_vdhankar #####
Move is valid
##### SUCCESS: /usr/lib/jvm/jdk-14.0.1/bin/java -jar /lab/itti/projects/checkers-competition/server/referee.jar on run_22_zizhaoh_vdhankar #####
INPUT for vdhankar:
GAME
BLACK
235.188475370407
.b...b..
......b.
.w.w...b
..b.b...
...b...b
w...w.w.
.w...w.w
......w.
##### Running: /usr/bin/time -o time_22_zizhaoh_vdhankar.txt -f "%U" python3 homework.py > stulog.txt 2>&1 on vdhankar #####
child exited with value 1
##### ERROR: /usr/bin/time -o time_22_zizhaoh_vdhankar.txt -f "%U" python3 homework.py > stulog.txt 2>&1 on vdhankar #####
##### Output of failed program (stdout + stderr): #####
Traceback (most recent call last):
  File "homework.py", line 546, in <module>
    print(end-start)
NameError: name 'end' is not defined
##### End of output of failed program #####
##### vdhankar plays [E h6 g5] in 3.74107813835144s #####
##### Running: /usr/lib/jvm/jdk-14.0.1/bin/java -jar /lab/itti/projects/checkers-competition/server/referee.jar on run_22_zizhaoh_vdhankar #####
Move is valid
##### SUCCESS: /usr/lib/jvm/jdk-14.0.1/bin/java -jar /lab/itti/projects/checkers-competition/server/referee.jar on run_22_zizhaoh_vdhankar #####
INPUT for zizhaoh:
GAME
WHITE
259.18
.b...b..
......b.
.w.w....
..b.b.b.
...b...b
w...w.w.
.w...w.w
......w.
##### Running: /usr/bin/time -o time_22_zizhaoh_vdhankar.txt -f "%U" python3 homework.py > stulog.txt 2>&1 on zizhaoh #####
##### SUCCESS: /usr/bin/time -o time_22_zizhaoh_vdhankar.txt -f "%U" python3 homework.py > stulog.txt 2>&1 on zizhaoh #####
##### zizhaoh plays [E e3 f4 ] in 3.38s #####
##### Running: /usr/lib/jvm/jdk-14.0.1/bin/java -jar /lab/itti/projects/checkers-competition/server/referee.jar on run_22_zizhaoh_vdhankar #####
Move is valid
##### SUCCESS: /usr/lib/jvm/jdk-14.0.1/bin/java -jar /lab/itti/projects/checkers-competition/server/referee.jar on run_22_zizhaoh_vdhankar #####
INPUT for vdhankar:
GAME
BLACK
231.447397232056
.b...b..
......b.
.w.w....
..b.b.b.
...b.w.b
w.....w.
.w...w.w
......w.
##### Running: /usr/bin/time -o time_22_zizhaoh_vdhankar.txt -f "%U" python3 homework.py > stulog.txt 2>&1 on vdhankar #####
child exited with value 1
##### ERROR: /usr/bin/time -o time_22_zizhaoh_vdhankar.txt -f "%U" python3 homework.py > stulog.txt 2>&1 on vdhankar #####
##### Output of failed program (stdout + stderr): #####
Traceback (most recent call last):
  File "homework.py", line 546, in <module>
    print(end-start)
NameError: name 'end' is not defined
##### End of output of failed program #####
##### vdhankar plays [J g5 e3] in 1.71297693252563s #####
##### Running: /usr/lib/jvm/jdk-14.0.1/bin/java -jar /lab/itti/projects/checkers-competition/server/referee.jar on run_22_zizhaoh_vdhankar #####
Move is valid
##### SUCCESS: /usr/lib/jvm/jdk-14.0.1/bin/java -jar /lab/itti/projects/checkers-competition/server/referee.jar on run_22_zizhaoh_vdhankar #####
INPUT for zizhaoh:
GAME
WHITE
255.8
.b...b..
......b.
.w.w....
..b.b...
...b...b
w...b.w.
.w...w.w
......w.
##### Running: /usr/bin/time -o time_22_zizhaoh_vdhankar.txt -f "%U" python3 homework.py > stulog.txt 2>&1 on zizhaoh #####
##### SUCCESS: /usr/bin/time -o time_22_zizhaoh_vdhankar.txt -f "%U" python3 homework.py > stulog.txt 2>&1 on zizhaoh #####
##### zizhaoh plays [E b2 c3 ] in 4.09s #####
##### Running: /usr/lib/jvm/jdk-14.0.1/bin/java -jar /lab/itti/projects/checkers-competition/server/referee.jar on run_22_zizhaoh_vdhankar #####
Move is valid
##### SUCCESS: /usr/lib/jvm/jdk-14.0.1/bin/java -jar /lab/itti/projects/checkers-competition/server/referee.jar on run_22_zizhaoh_vdhankar #####
INPUT for vdhankar:
GAME
BLACK
229.73442029953
.b...b..
......b.
.w.w....
..b.b...
...b...b
w.w.b.w.
.....w.w
......w.
##### Running: /usr/bin/time -o time_22_zizhaoh_vdhankar.txt -f "%U" python3 homework.py > stulog.txt 2>&1 on vdhankar #####
child exited with value 1
##### ERROR: /usr/bin/time -o time_22_zizhaoh_vdhankar.txt -f "%U" python3 homework.py > stulog.txt 2>&1 on vdhankar #####
##### Output of failed program (stdout + stderr): #####
Traceback (most recent call last):
  File "homework.py", line 546, in <module>
    print(end-start)
NameError: name 'end' is not defined
##### End of output of failed program #####
##### vdhankar plays [J d4 b2] in 0.460482835769653s #####
##### Running: /usr/lib/jvm/jdk-14.0.1/bin/java -jar /lab/itti/projects/checkers-competition/server/referee.jar on run_22_zizhaoh_vdhankar #####
Move is valid
##### SUCCESS: /usr/lib/jvm/jdk-14.0.1/bin/java -jar /lab/itti/projects/checkers-competition/server/referee.jar on run_22_zizhaoh_vdhankar #####
INPUT for zizhaoh:
GAME
WHITE
251.71
.b...b..
......b.
.w.w....
..b.b...
.......b
w...b.w.
.b...w.w
......w.
##### Running: /usr/bin/time -o time_22_zizhaoh_vdhankar.txt -f "%U" python3 homework.py > stulog.txt 2>&1 on zizhaoh #####
##### SUCCESS: /usr/bin/time -o time_22_zizhaoh_vdhankar.txt -f "%U" python3 homework.py > stulog.txt 2>&1 on zizhaoh #####
##### zizhaoh plays [J f2 d4  ; J d4 f6  ; J f6 h8 ] in 0.25s #####
##### Running: /usr/lib/jvm/jdk-14.0.1/bin/java -jar /lab/itti/projects/checkers-competition/server/referee.jar on run_22_zizhaoh_vdhankar #####
Move is valid
##### SUCCESS: /usr/lib/jvm/jdk-14.0.1/bin/java -jar /lab/itti/projects/checkers-competition/server/referee.jar on run_22_zizhaoh_vdhankar #####
INPUT for vdhankar:
GAME
BLACK
229.27393746376
.b...b.W
........
.w.w....
..b.....
.......b
w.....w.
.b.....w
......w.
##### Running: /usr/bin/time -o time_22_zizhaoh_vdhankar.txt -f "%U" python3 homework.py > stulog.txt 2>&1 on vdhankar #####
child exited with value 1
##### ERROR: /usr/bin/time -o time_22_zizhaoh_vdhankar.txt -f "%U" python3 homework.py > stulog.txt 2>&1 on vdhankar #####
##### Output of failed program (stdout + stderr): #####
Traceback (most recent call last):
  File "homework.py", line 546, in <module>
    print(end-start)
NameError: name 'end' is not defined
##### End of output of failed program #####
##### vdhankar plays [J h4 f2] in 1.45695781707764s #####
##### Running: /usr/lib/jvm/jdk-14.0.1/bin/java -jar /lab/itti/projects/checkers-competition/server/referee.jar on run_22_zizhaoh_vdhankar #####
Move is valid
##### SUCCESS: /usr/lib/jvm/jdk-14.0.1/bin/java -jar /lab/itti/projects/checkers-competition/server/referee.jar on run_22_zizhaoh_vdhankar #####
INPUT for zizhaoh:
GAME
WHITE
251.46
.b...b.W
........
.w.w....
..b.....
........
w.......
.b...b.w
......w.
##### Running: /usr/bin/time -o time_22_zizhaoh_vdhankar.txt -f "%U" python3 homework.py > stulog.txt 2>&1 on zizhaoh #####
##### SUCCESS: /usr/bin/time -o time_22_zizhaoh_vdhankar.txt -f "%U" python3 homework.py > stulog.txt 2>&1 on zizhaoh #####
##### zizhaoh plays [J g1 e3 ] in 1.98s #####
##### Running: /usr/lib/jvm/jdk-14.0.1/bin/java -jar /lab/itti/projects/checkers-competition/server/referee.jar on run_22_zizhaoh_vdhankar #####
Move is valid
##### SUCCESS: /usr/lib/jvm/jdk-14.0.1/bin/java -jar /lab/itti/projects/checkers-competition/server/referee.jar on run_22_zizhaoh_vdhankar #####
INPUT for vdhankar:
GAME
BLACK
227.816979646683
.b...b.W
........
.w.w....
..b.....
........
w...w...
.b.....w
........
##### Running: /usr/bin/time -o time_22_zizhaoh_vdhankar.txt -f "%U" python3 homework.py > stulog.txt 2>&1 on vdhankar #####
child exited with value 1
##### ERROR: /usr/bin/time -o time_22_zizhaoh_vdhankar.txt -f "%U" python3 homework.py > stulog.txt 2>&1 on vdhankar #####
##### Output of failed program (stdout + stderr): #####
Traceback (most recent call last):
  File "homework.py", line 546, in <module>
    print(end-start)
NameError: name 'end' is not defined
##### End of output of failed program #####
##### vdhankar plays [E b2 c1] in 9.02192711830139s #####
##### Running: /usr/lib/jvm/jdk-14.0.1/bin/java -jar /lab/itti/projects/checkers-competition/server/referee.jar on run_22_zizhaoh_vdhankar #####
Move is valid
##### SUCCESS: /usr/lib/jvm/jdk-14.0.1/bin/java -jar /lab/itti/projects/checkers-competition/server/referee.jar on run_22_zizhaoh_vdhankar #####
INPUT for zizhaoh:
GAME
WHITE
249.48
.b...b.W
........
.w.w....
..b.....
........
w...w...
.......w
..B.....
##### Running: /usr/bin/time -o time_22_zizhaoh_vdhankar.txt -f "%U" python3 homework.py > stulog.txt 2>&1 on zizhaoh #####
##### SUCCESS: /usr/bin/time -o time_22_zizhaoh_vdhankar.txt -f "%U" python3 homework.py > stulog.txt 2>&1 on zizhaoh #####
##### zizhaoh plays [E b6 a7 ] in 6.61s #####
##### Running: /usr/lib/jvm/jdk-14.0.1/bin/java -jar /lab/itti/projects/checkers-competition/server/referee.jar on run_22_zizhaoh_vdhankar #####
Move is valid
##### SUCCESS: /usr/lib/jvm/jdk-14.0.1/bin/java -jar /lab/itti/projects/checkers-competition/server/referee.jar on run_22_zizhaoh_vdhankar #####
INPUT for vdhankar:
GAME
BLACK
218.795052528381
.b...b.W
w.......
...w....
..b.....
........
w...w...
.......w
..B.....
##### Running: /usr/bin/time -o time_22_zizhaoh_vdhankar.txt -f "%U" python3 homework.py > stulog.txt 2>&1 on vdhankar #####
child exited with value 1
##### ERROR: /usr/bin/time -o time_22_zizhaoh_vdhankar.txt -f "%U" python3 homework.py > stulog.txt 2>&1 on vdhankar #####
##### Output of failed program (stdout + stderr): #####
Traceback (most recent call last):
  File "homework.py", line 546, in <module>
    print(end-start)
NameError: name 'end' is not defined
##### End of output of failed program #####
##### vdhankar plays [E c1 d2] in 4.3772919178009s #####
##### Running: /usr/lib/jvm/jdk-14.0.1/bin/java -jar /lab/itti/projects/checkers-competition/server/referee.jar on run_22_zizhaoh_vdhankar #####
Move is valid
##### SUCCESS: /usr/lib/jvm/jdk-14.0.1/bin/java -jar /lab/itti/projects/checkers-competition/server/referee.jar on run_22_zizhaoh_vdhankar #####
INPUT for zizhaoh:
GAME
WHITE
242.87
.b...b.W
w.......
...w....
..b.....
........
w...w...
...B...w
........
##### Running: /usr/bin/time -o time_22_zizhaoh_vdhankar.txt -f "%U" python3 homework.py > stulog.txt 2>&1 on zizhaoh #####
##### SUCCESS: /usr/bin/time -o time_22_zizhaoh_vdhankar.txt -f "%U" python3 homework.py > stulog.txt 2>&1 on zizhaoh #####
##### zizhaoh plays [E e3 f4 ] in 5.1s #####
##### Running: /usr/lib/jvm/jdk-14.0.1/bin/java -jar /lab/itti/projects/checkers-competition/server/referee.jar on run_22_zizhaoh_vdhankar #####
Move is valid
##### SUCCESS: /usr/lib/jvm/jdk-14.0.1/bin/java -jar /lab/itti/projects/checkers-competition/server/referee.jar on run_22_zizhaoh_vdhankar #####
INPUT for vdhankar:
GAME
BLACK
214.41776061058
.b...b.W
w.......
...w....
..b.....
.....w..
w.......
...B...w
........
##### Running: /usr/bin/time -o time_22_zizhaoh_vdhankar.txt -f "%U" python3 homework.py > stulog.txt 2>&1 on vdhankar #####
child exited with value 1
##### ERROR: /usr/bin/time -o time_22_zizhaoh_vdhankar.txt -f "%U" python3 homework.py > stulog.txt 2>&1 on vdhankar #####
##### Output of failed program (stdout + stderr): #####
Traceback (most recent call last):
  File "homework.py", line 546, in <module>
    print(end-start)
NameError: name 'end' is not defined
##### End of output of failed program #####
##### vdhankar plays [E d2 e3] in 9.46359014511108s #####
##### Running: /usr/lib/jvm/jdk-14.0.1/bin/java -jar /lab/itti/projects/checkers-competition/server/referee.jar on run_22_zizhaoh_vdhankar #####
Move is valid
##### SUCCESS: /usr/lib/jvm/jdk-14.0.1/bin/java -jar /lab/itti/projects/checkers-competition/server/referee.jar on run_22_zizhaoh_vdhankar #####
INPUT for zizhaoh:
GAME
WHITE
237.77
.b...b.W
w.......
...w....
..b.....
.....w..
w...B...
.......w
........
##### Running: /usr/bin/time -o time_22_zizhaoh_vdhankar.txt -f "%U" python3 homework.py > stulog.txt 2>&1 on zizhaoh #####
##### SUCCESS: /usr/bin/time -o time_22_zizhaoh_vdhankar.txt -f "%U" python3 homework.py > stulog.txt 2>&1 on zizhaoh #####
##### zizhaoh plays [E f4 e5 ] in 4.86s #####
##### Running: /usr/lib/jvm/jdk-14.0.1/bin/java -jar /lab/itti/projects/checkers-competition/server/referee.jar on run_22_zizhaoh_vdhankar #####
Move is valid
##### SUCCESS: /usr/lib/jvm/jdk-14.0.1/bin/java -jar /lab/itti/projects/checkers-competition/server/referee.jar on run_22_zizhaoh_vdhankar #####
INPUT for vdhankar:
GAME
BLACK
204.954170465469
.b...b.W
w.......
...w....
..b.w...
........
w...B...
.......w
........
##### Running: /usr/bin/time -o time_22_zizhaoh_vdhankar.txt -f "%U" python3 homework.py > stulog.txt 2>&1 on vdhankar #####
child exited with value 1
##### ERROR: /usr/bin/time -o time_22_zizhaoh_vdhankar.txt -f "%U" python3 homework.py > stulog.txt 2>&1 on vdhankar #####
##### Output of failed program (stdout + stderr): #####
Traceback (most recent call last):
  File "homework.py", line 546, in <module>
    print(end-start)
NameError: name 'end' is not defined
##### End of output of failed program #####
##### vdhankar plays [E c5 d4] in 5.53109312057495s #####
##### Running: /usr/lib/jvm/jdk-14.0.1/bin/java -jar /lab/itti/projects/checkers-competition/server/referee.jar on run_22_zizhaoh_vdhankar #####
Move is valid
##### SUCCESS: /usr/lib/jvm/jdk-14.0.1/bin/java -jar /lab/itti/projects/checkers-competition/server/referee.jar on run_22_zizhaoh_vdhankar #####
INPUT for zizhaoh:
GAME
WHITE
232.91
.b...b.W
w.......
...w....
....w...
...b....
w...B...
.......w
........
##### Running: /usr/bin/time -o time_22_zizhaoh_vdhankar.txt -f "%U" python3 homework.py > stulog.txt 2>&1 on zizhaoh #####
##### SUCCESS: /usr/bin/time -o time_22_zizhaoh_vdhankar.txt -f "%U" python3 homework.py > stulog.txt 2>&1 on zizhaoh #####
##### zizhaoh plays [E e5 f6 ] in 5.2s #####
##### Running: /usr/lib/jvm/jdk-14.0.1/bin/java -jar /lab/itti/projects/checkers-competition/server/referee.jar on run_22_zizhaoh_vdhankar #####
Move is valid
##### SUCCESS: /usr/lib/jvm/jdk-14.0.1/bin/java -jar /lab/itti/projects/checkers-competition/server/referee.jar on run_22_zizhaoh_vdhankar #####
INPUT for vdhankar:
GAME
BLACK
199.423077344894
.b...b.W
w.......
...w.w..
........
...b....
w...B...
.......w
........
##### Running: /usr/bin/time -o time_22_zizhaoh_vdhankar.txt -f "%U" python3 homework.py > stulog.txt 2>&1 on vdhankar #####
child exited with value 1
##### ERROR: /usr/bin/time -o time_22_zizhaoh_vdhankar.txt -f "%U" python3 homework.py > stulog.txt 2>&1 on vdhankar #####
##### Output of failed program (stdout + stderr): #####
Traceback (most recent call last):
  File "homework.py", line 546, in <module>
    print(end-start)
NameError: name 'end' is not defined
##### End of output of failed program #####
##### vdhankar plays [E d4 c3] in 6.77017498016357s #####
##### Running: /usr/lib/jvm/jdk-14.0.1/bin/java -jar /lab/itti/projects/checkers-competition/server/referee.jar on run_22_zizhaoh_vdhankar #####
Move is valid
##### SUCCESS: /usr/lib/jvm/jdk-14.0.1/bin/java -jar /lab/itti/projects/checkers-competition/server/referee.jar on run_22_zizhaoh_vdhankar #####
INPUT for zizhaoh:
GAME
WHITE
227.71
.b...b.W
w.......
...w.w..
........
........
w.b.B...
.......w
........
##### Running: /usr/bin/time -o time_22_zizhaoh_vdhankar.txt -f "%U" python3 homework.py > stulog.txt 2>&1 on zizhaoh #####
##### SUCCESS: /usr/bin/time -o time_22_zizhaoh_vdhankar.txt -f "%U" python3 homework.py > stulog.txt 2>&1 on zizhaoh #####
##### zizhaoh plays [E f6 e7 ] in 8.3s #####
##### Running: /usr/lib/jvm/jdk-14.0.1/bin/java -jar /lab/itti/projects/checkers-competition/server/referee.jar on run_22_zizhaoh_vdhankar #####
Move is valid
##### SUCCESS: /usr/lib/jvm/jdk-14.0.1/bin/java -jar /lab/itti/projects/checkers-competition/server/referee.jar on run_22_zizhaoh_vdhankar #####
INPUT for vdhankar:
GAME
BLACK
192.652902364731
.b...b.W
w...w...
...w....
........
........
w.b.B...
.......w
........
##### Running: /usr/bin/time -o time_22_zizhaoh_vdhankar.txt -f "%U" python3 homework.py > stulog.txt 2>&1 on vdhankar #####
child exited with value 1
##### ERROR: /usr/bin/time -o time_22_zizhaoh_vdhankar.txt -f "%U" python3 homework.py > stulog.txt 2>&1 on vdhankar #####
##### Output of failed program (stdout + stderr): #####
Traceback (most recent call last):
  File "homework.py", line 546, in <module>
    print(end-start)
NameError: name 'end' is not defined
##### End of output of failed program #####
##### vdhankar plays [E e3 d4] in 5.43196606636047s #####
##### Running: /usr/lib/jvm/jdk-14.0.1/bin/java -jar /lab/itti/projects/checkers-competition/server/referee.jar on run_22_zizhaoh_vdhankar #####
Move is valid
##### SUCCESS: /usr/lib/jvm/jdk-14.0.1/bin/java -jar /lab/itti/projects/checkers-competition/server/referee.jar on run_22_zizhaoh_vdhankar #####
INPUT for zizhaoh:
GAME
WHITE
219.41
.b...b.W
w...w...
...w....
........
...B....
w.b.....
.......w
........
##### Running: /usr/bin/time -o time_22_zizhaoh_vdhankar.txt -f "%U" python3 homework.py > stulog.txt 2>&1 on zizhaoh #####
##### SUCCESS: /usr/bin/time -o time_22_zizhaoh_vdhankar.txt -f "%U" python3 homework.py > stulog.txt 2>&1 on zizhaoh #####
##### zizhaoh plays [E e7 d8 ] in 6.03s #####
##### Running: /usr/lib/jvm/jdk-14.0.1/bin/java -jar /lab/itti/projects/checkers-competition/server/referee.jar on run_22_zizhaoh_vdhankar #####
Move is valid
##### SUCCESS: /usr/lib/jvm/jdk-14.0.1/bin/java -jar /lab/itti/projects/checkers-competition/server/referee.jar on run_22_zizhaoh_vdhankar #####
INPUT for vdhankar:
GAME
BLACK
187.22093629837
.b.W.b.W
w.......
...w....
........
...B....
w.b.....
.......w
........
##### Running: /usr/bin/time -o time_22_zizhaoh_vdhankar.txt -f "%U" python3 homework.py > stulog.txt 2>&1 on vdhankar #####
child exited with value 1
##### ERROR: /usr/bin/time -o time_22_zizhaoh_vdhankar.txt -f "%U" python3 homework.py > stulog.txt 2>&1 on vdhankar #####
##### Output of failed program (stdout + stderr): #####
Traceback (most recent call last):
  File "homework.py", line 546, in <module>
    print(end-start)
NameError: name 'end' is not defined
##### End of output of failed program #####
##### vdhankar plays [E c3 d2] in 13.4680209159851s #####
##### Running: /usr/lib/jvm/jdk-14.0.1/bin/java -jar /lab/itti/projects/checkers-competition/server/referee.jar on run_22_zizhaoh_vdhankar #####
Move is valid
##### SUCCESS: /usr/lib/jvm/jdk-14.0.1/bin/java -jar /lab/itti/projects/checkers-competition/server/referee.jar on run_22_zizhaoh_vdhankar #####
INPUT for zizhaoh:
GAME
WHITE
213.38
.b.W.b.W
w.......
...w....
........
...B....
w.......
...b...w
........
##### Running: /usr/bin/time -o time_22_zizhaoh_vdhankar.txt -f "%U" python3 homework.py > stulog.txt 2>&1 on zizhaoh #####
##### SUCCESS: /usr/bin/time -o time_22_zizhaoh_vdhankar.txt -f "%U" python3 homework.py > stulog.txt 2>&1 on zizhaoh #####
##### zizhaoh plays [E d8 c7 ] in 7.9s #####
##### Running: /usr/lib/jvm/jdk-14.0.1/bin/java -jar /lab/itti/projects/checkers-competition/server/referee.jar on run_22_zizhaoh_vdhankar #####
Move is valid
##### SUCCESS: /usr/lib/jvm/jdk-14.0.1/bin/java -jar /lab/itti/projects/checkers-competition/server/referee.jar on run_22_zizhaoh_vdhankar #####
INPUT for vdhankar:
GAME
BLACK
173.752915382385
.b...b.W
w.W.....
...w....
........
...B....
w.......
...b...w
........
##### Running: /usr/bin/time -o time_22_zizhaoh_vdhankar.txt -f "%U" python3 homework.py > stulog.txt 2>&1 on vdhankar #####
child exited with value 1
##### ERROR: /usr/bin/time -o time_22_zizhaoh_vdhankar.txt -f "%U" python3 homework.py > stulog.txt 2>&1 on vdhankar #####
##### Output of failed program (stdout + stderr): #####
Traceback (most recent call last):
  File "homework.py", line 546, in <module>
    print(end-start)
NameError: name 'end' is not defined
##### End of output of failed program #####
##### vdhankar plays [E d2 e1] in 6.322026014328s #####
##### Running: /usr/lib/jvm/jdk-14.0.1/bin/java -jar /lab/itti/projects/checkers-competition/server/referee.jar on run_22_zizhaoh_vdhankar #####
Move is valid
##### SUCCESS: /usr/lib/jvm/jdk-14.0.1/bin/java -jar /lab/itti/projects/checkers-competition/server/referee.jar on run_22_zizhaoh_vdhankar #####
INPUT for zizhaoh:
GAME
WHITE
205.48
.b...b.W
w.W.....
...w....
........
...B....
w.......
.......w
....B...
##### Running: /usr/bin/time -o time_22_zizhaoh_vdhankar.txt -f "%U" python3 homework.py > stulog.txt 2>&1 on zizhaoh #####
##### SUCCESS: /usr/bin/time -o time_22_zizhaoh_vdhankar.txt -f "%U" python3 homework.py > stulog.txt 2>&1 on zizhaoh #####
##### zizhaoh plays [E c7 d8 ] in 6.49s #####
##### Running: /usr/lib/jvm/jdk-14.0.1/bin/java -jar /lab/itti/projects/checkers-competition/server/referee.jar on run_22_zizhaoh_vdhankar #####
Move is valid
##### SUCCESS: /usr/lib/jvm/jdk-14.0.1/bin/java -jar /lab/itti/projects/checkers-competition/server/referee.jar on run_22_zizhaoh_vdhankar #####
INPUT for vdhankar:
GAME
BLACK
167.430889368057
.b.W.b.W
w.......
...w....
........
...B....
w.......
.......w
....B...
##### Running: /usr/bin/time -o time_22_zizhaoh_vdhankar.txt -f "%U" python3 homework.py > stulog.txt 2>&1 on vdhankar #####
child exited with value 1
##### ERROR: /usr/bin/time -o time_22_zizhaoh_vdhankar.txt -f "%U" python3 homework.py > stulog.txt 2>&1 on vdhankar #####
##### Output of failed program (stdout + stderr): #####
Traceback (most recent call last):
  File "homework.py", line 546, in <module>
    print(end-start)
NameError: name 'end' is not defined
##### End of output of failed program #####
##### vdhankar plays [E e1 f2] in 12.7117600440979s #####
##### Running: /usr/lib/jvm/jdk-14.0.1/bin/java -jar /lab/itti/projects/checkers-competition/server/referee.jar on run_22_zizhaoh_vdhankar #####
Move is valid
##### SUCCESS: /usr/lib/jvm/jdk-14.0.1/bin/java -jar /lab/itti/projects/checkers-competition/server/referee.jar on run_22_zizhaoh_vdhankar #####
INPUT for zizhaoh:
GAME
WHITE
198.99
.b.W.b.W
w.......
...w....
........
...B....
w.......
.....B.w
........
##### Running: /usr/bin/time -o time_22_zizhaoh_vdhankar.txt -f "%U" python3 homework.py > stulog.txt 2>&1 on zizhaoh #####
##### SUCCESS: /usr/bin/time -o time_22_zizhaoh_vdhankar.txt -f "%U" python3 homework.py > stulog.txt 2>&1 on zizhaoh #####
##### zizhaoh plays [E d8 c7 ] in 8.32s #####
##### Running: /usr/lib/jvm/jdk-14.0.1/bin/java -jar /lab/itti/projects/checkers-competition/server/referee.jar on run_22_zizhaoh_vdhankar #####
Move is valid
##### SUCCESS: /usr/lib/jvm/jdk-14.0.1/bin/java -jar /lab/itti/projects/checkers-competition/server/referee.jar on run_22_zizhaoh_vdhankar #####
INPUT for vdhankar:
GAME
BLACK
154.719129323959
.b...b.W
w.W.....
...w....
........
...B....
w.......
.....B.w
........
##### Running: /usr/bin/time -o time_22_zizhaoh_vdhankar.txt -f "%U" python3 homework.py > stulog.txt 2>&1 on vdhankar #####
child exited with value 1
##### ERROR: /usr/bin/time -o time_22_zizhaoh_vdhankar.txt -f "%U" python3 homework.py > stulog.txt 2>&1 on vdhankar #####
##### Output of failed program (stdout + stderr): #####
Traceback (most recent call last):
  File "homework.py", line 546, in <module>
    print(end-start)
NameError: name 'end' is not defined
##### End of output of failed program #####
##### vdhankar plays [E f2 e3] in 7.65519094467163s #####
##### Running: /usr/lib/jvm/jdk-14.0.1/bin/java -jar /lab/itti/projects/checkers-competition/server/referee.jar on run_22_zizhaoh_vdhankar #####
Move is valid
##### SUCCESS: /usr/lib/jvm/jdk-14.0.1/bin/java -jar /lab/itti/projects/checkers-competition/server/referee.jar on run_22_zizhaoh_vdhankar #####
INPUT for zizhaoh:
GAME
WHITE
190.67
.b...b.W
w.W.....
...w....
........
...B....
w...B...
.......w
........
##### Running: /usr/bin/time -o time_22_zizhaoh_vdhankar.txt -f "%U" python3 homework.py > stulog.txt 2>&1 on zizhaoh #####
##### SUCCESS: /usr/bin/time -o time_22_zizhaoh_vdhankar.txt -f "%U" python3 homework.py > stulog.txt 2>&1 on zizhaoh #####
##### zizhaoh plays [E c7 d8 ] in 5.71s #####
##### Running: /usr/lib/jvm/jdk-14.0.1/bin/java -jar /lab/itti/projects/checkers-competition/server/referee.jar on run_22_zizhaoh_vdhankar #####
Move is valid
##### SUCCESS: /usr/lib/jvm/jdk-14.0.1/bin/java -jar /lab/itti/projects/checkers-competition/server/referee.jar on run_22_zizhaoh_vdhankar #####
INPUT for vdhankar:
GAME
BLACK
147.063938379288
.b.W.b.W
w.......
...w....
........
...B....
w...B...
.......w
........
##### Running: /usr/bin/time -o time_22_zizhaoh_vdhankar.txt -f "%U" python3 homework.py > stulog.txt 2>&1 on vdhankar #####
child exited with value 1
##### ERROR: /usr/bin/time -o time_22_zizhaoh_vdhankar.txt -f "%U" python3 homework.py > stulog.txt 2>&1 on vdhankar #####
##### Output of failed program (stdout + stderr): #####
Traceback (most recent call last):
  File "homework.py", line 546, in <module>
    print(end-start)
NameError: name 'end' is not defined
##### End of output of failed program #####
##### vdhankar plays [E e3 f4] in 11.4283211231232s #####
##### Running: /usr/lib/jvm/jdk-14.0.1/bin/java -jar /lab/itti/projects/checkers-competition/server/referee.jar on run_22_zizhaoh_vdhankar #####
Move is valid
##### SUCCESS: /usr/lib/jvm/jdk-14.0.1/bin/java -jar /lab/itti/projects/checkers-competition/server/referee.jar on run_22_zizhaoh_vdhankar #####
INPUT for zizhaoh:
GAME
WHITE
184.96
.b.W.b.W
w.......
...w....
........
...B.B..
w.......
.......w
........
##### Running: /usr/bin/time -o time_22_zizhaoh_vdhankar.txt -f "%U" python3 homework.py > stulog.txt 2>&1 on zizhaoh #####
##### SUCCESS: /usr/bin/time -o time_22_zizhaoh_vdhankar.txt -f "%U" python3 homework.py > stulog.txt 2>&1 on zizhaoh #####
##### zizhaoh plays [E d8 c7 ] in 8.36s #####
##### Running: /usr/lib/jvm/jdk-14.0.1/bin/java -jar /lab/itti/projects/checkers-competition/server/referee.jar on run_22_zizhaoh_vdhankar #####
Move is valid
##### SUCCESS: /usr/lib/jvm/jdk-14.0.1/bin/java -jar /lab/itti/projects/checkers-competition/server/referee.jar on run_22_zizhaoh_vdhankar #####
INPUT for vdhankar:
GAME
BLACK
135.635617256165
.b...b.W
w.W.....
...w....
........
...B.B..
w.......
.......w
........
##### Running: /usr/bin/time -o time_22_zizhaoh_vdhankar.txt -f "%U" python3 homework.py > stulog.txt 2>&1 on vdhankar #####
child exited with value 1
##### ERROR: /usr/bin/time -o time_22_zizhaoh_vdhankar.txt -f "%U" python3 homework.py > stulog.txt 2>&1 on vdhankar #####
##### Output of failed program (stdout + stderr): #####
Traceback (most recent call last):
  File "homework.py", line 546, in <module>
    print(end-start)
NameError: name 'end' is not defined
##### End of output of failed program #####
##### vdhankar plays [E f4 g5] in 6.87977480888367s #####
##### Running: /usr/lib/jvm/jdk-14.0.1/bin/java -jar /lab/itti/projects/checkers-competition/server/referee.jar on run_22_zizhaoh_vdhankar #####
Move is valid
##### SUCCESS: /usr/lib/jvm/jdk-14.0.1/bin/java -jar /lab/itti/projects/checkers-competition/server/referee.jar on run_22_zizhaoh_vdhankar #####
INPUT for zizhaoh:
GAME
WHITE
176.6
.b...b.W
w.W.....
...w....
......B.
...B....
w.......
.......w
........
##### Running: /usr/bin/time -o time_22_zizhaoh_vdhankar.txt -f "%U" python3 homework.py > stulog.txt 2>&1 on zizhaoh #####
##### SUCCESS: /usr/bin/time -o time_22_zizhaoh_vdhankar.txt -f "%U" python3 homework.py > stulog.txt 2>&1 on zizhaoh #####
##### zizhaoh plays [E c7 d8 ] in 6.58s #####
##### Running: /usr/lib/jvm/jdk-14.0.1/bin/java -jar /lab/itti/projects/checkers-competition/server/referee.jar on run_22_zizhaoh_vdhankar #####
Move is valid
##### SUCCESS: /usr/lib/jvm/jdk-14.0.1/bin/java -jar /lab/itti/projects/checkers-competition/server/referee.jar on run_22_zizhaoh_vdhankar #####
INPUT for vdhankar:
GAME
BLACK
128.755842447281
.b.W.b.W
w.......
...w....
......B.
...B....
w.......
.......w
........
##### Running: /usr/bin/time -o time_22_zizhaoh_vdhankar.txt -f "%U" python3 homework.py > stulog.txt 2>&1 on vdhankar #####
child exited with value 1
##### ERROR: /usr/bin/time -o time_22_zizhaoh_vdhankar.txt -f "%U" python3 homework.py > stulog.txt 2>&1 on vdhankar #####
##### Output of failed program (stdout + stderr): #####
Traceback (most recent call last):
  File "homework.py", line 546, in <module>
    print(end-start)
NameError: name 'end' is not defined
##### End of output of failed program #####
##### vdhankar plays [E d4 e3] in 8.22408699989319s #####
##### Running: /usr/lib/jvm/jdk-14.0.1/bin/java -jar /lab/itti/projects/checkers-competition/server/referee.jar on run_22_zizhaoh_vdhankar #####
Move is valid
##### SUCCESS: /usr/lib/jvm/jdk-14.0.1/bin/java -jar /lab/itti/projects/checkers-competition/server/referee.jar on run_22_zizhaoh_vdhankar #####
INPUT for zizhaoh:
GAME
WHITE
170.02
.b.W.b.W
w.......
...w....
......B.
........
w...B...
.......w
........
##### Running: /usr/bin/time -o time_22_zizhaoh_vdhankar.txt -f "%U" python3 homework.py > stulog.txt 2>&1 on zizhaoh #####
##### SUCCESS: /usr/bin/time -o time_22_zizhaoh_vdhankar.txt -f "%U" python3 homework.py > stulog.txt 2>&1 on zizhaoh #####
##### zizhaoh plays [E d8 c7 ] in 7.27s #####
##### Running: /usr/lib/jvm/jdk-14.0.1/bin/java -jar /lab/itti/projects/checkers-competition/server/referee.jar on run_22_zizhaoh_vdhankar #####
Move is valid
##### SUCCESS: /usr/lib/jvm/jdk-14.0.1/bin/java -jar /lab/itti/projects/checkers-competition/server/referee.jar on run_22_zizhaoh_vdhankar #####
INPUT for vdhankar:
GAME
BLACK
120.531755447388
.b...b.W
w.W.....
...w....
......B.
........
w...B...
.......w
........
##### Running: /usr/bin/time -o time_22_zizhaoh_vdhankar.txt -f "%U" python3 homework.py > stulog.txt 2>&1 on vdhankar #####
child exited with value 1
##### ERROR: /usr/bin/time -o time_22_zizhaoh_vdhankar.txt -f "%U" python3 homework.py > stulog.txt 2>&1 on vdhankar #####
##### Output of failed program (stdout + stderr): #####
Traceback (most recent call last):
  File "homework.py", line 546, in <module>
    print(end-start)
NameError: name 'end' is not defined
##### End of output of failed program #####
##### vdhankar plays [E e3 d4] in 8.93570709228516s #####
##### Running: /usr/lib/jvm/jdk-14.0.1/bin/java -jar /lab/itti/projects/checkers-competition/server/referee.jar on run_22_zizhaoh_vdhankar #####
Move is valid
##### SUCCESS: /usr/lib/jvm/jdk-14.0.1/bin/java -jar /lab/itti/projects/checkers-competition/server/referee.jar on run_22_zizhaoh_vdhankar #####
INPUT for zizhaoh:
GAME
WHITE
162.75
.b...b.W
w.W.....
...w....
......B.
...B....
w.......
.......w
........
##### Running: /usr/bin/time -o time_22_zizhaoh_vdhankar.txt -f "%U" python3 homework.py > stulog.txt 2>&1 on zizhaoh #####
##### SUCCESS: /usr/bin/time -o time_22_zizhaoh_vdhankar.txt -f "%U" python3 homework.py > stulog.txt 2>&1 on zizhaoh #####
##### zizhaoh plays [E c7 d8 ] in 7.15s #####
##### Running: /usr/lib/jvm/jdk-14.0.1/bin/java -jar /lab/itti/projects/checkers-competition/server/referee.jar on run_22_zizhaoh_vdhankar #####
Move is valid
##### SUCCESS: /usr/lib/jvm/jdk-14.0.1/bin/java -jar /lab/itti/projects/checkers-competition/server/referee.jar on run_22_zizhaoh_vdhankar #####
INPUT for vdhankar:
GAME
BLACK
111.596048355103
.b.W.b.W
w.......
...w....
......B.
...B....
w.......
.......w
........
##### Running: /usr/bin/time -o time_22_zizhaoh_vdhankar.txt -f "%U" python3 homework.py > stulog.txt 2>&1 on vdhankar #####
child exited with value 1
##### ERROR: /usr/bin/time -o time_22_zizhaoh_vdhankar.txt -f "%U" python3 homework.py > stulog.txt 2>&1 on vdhankar #####
##### Output of failed program (stdout + stderr): #####
Traceback (most recent call last):
  File "homework.py", line 546, in <module>
    print(end-start)
NameError: name 'end' is not defined
##### End of output of failed program #####
##### vdhankar plays [E d4 e3] in 7.27316784858704s #####
##### Running: /usr/lib/jvm/jdk-14.0.1/bin/java -jar /lab/itti/projects/checkers-competition/server/referee.jar on run_22_zizhaoh_vdhankar #####
Move is valid
##### SUCCESS: /usr/lib/jvm/jdk-14.0.1/bin/java -jar /lab/itti/projects/checkers-competition/server/referee.jar on run_22_zizhaoh_vdhankar #####
INPUT for zizhaoh:
GAME
WHITE
155.6
.b.W.b.W
w.......
...w....
......B.
........
w...B...
.......w
........
##### Running: /usr/bin/time -o time_22_zizhaoh_vdhankar.txt -f "%U" python3 homework.py > stulog.txt 2>&1 on zizhaoh #####
##### SUCCESS: /usr/bin/time -o time_22_zizhaoh_vdhankar.txt -f "%U" python3 homework.py > stulog.txt 2>&1 on zizhaoh #####
##### zizhaoh plays [E d8 c7 ] in 8.21s #####
##### Running: /usr/lib/jvm/jdk-14.0.1/bin/java -jar /lab/itti/projects/checkers-competition/server/referee.jar on run_22_zizhaoh_vdhankar #####
Move is valid
##### SUCCESS: /usr/lib/jvm/jdk-14.0.1/bin/java -jar /lab/itti/projects/checkers-competition/server/referee.jar on run_22_zizhaoh_vdhankar #####
INPUT for vdhankar:
GAME
BLACK
104.322880506516
.b...b.W
w.W.....
...w....
......B.
........
w...B...
.......w
........
##### Running: /usr/bin/time -o time_22_zizhaoh_vdhankar.txt -f "%U" python3 homework.py > stulog.txt 2>&1 on vdhankar #####
child exited with value 1
##### ERROR: /usr/bin/time -o time_22_zizhaoh_vdhankar.txt -f "%U" python3 homework.py > stulog.txt 2>&1 on vdhankar #####
##### Output of failed program (stdout + stderr): #####
Traceback (most recent call last):
  File "homework.py", line 546, in <module>
    print(end-start)
NameError: name 'end' is not defined
##### End of output of failed program #####
##### vdhankar plays [E e3 d4] in 9.31714701652527s #####
##### Running: /usr/lib/jvm/jdk-14.0.1/bin/java -jar /lab/itti/projects/checkers-competition/server/referee.jar on run_22_zizhaoh_vdhankar #####
Move is valid
##### SUCCESS: /usr/lib/jvm/jdk-14.0.1/bin/java -jar /lab/itti/projects/checkers-competition/server/referee.jar on run_22_zizhaoh_vdhankar #####
INPUT for zizhaoh:
GAME
WHITE
147.39
.b...b.W
w.W.....
...w....
......B.
...B....
w.......
.......w
........
##### Running: /usr/bin/time -o time_22_zizhaoh_vdhankar.txt -f "%U" python3 homework.py > stulog.txt 2>&1 on zizhaoh #####
##### SUCCESS: /usr/bin/time -o time_22_zizhaoh_vdhankar.txt -f "%U" python3 homework.py > stulog.txt 2>&1 on zizhaoh #####
##### zizhaoh plays [E c7 d8 ] in 5.48s #####
##### Running: /usr/lib/jvm/jdk-14.0.1/bin/java -jar /lab/itti/projects/checkers-competition/server/referee.jar on run_22_zizhaoh_vdhankar #####
Move is valid
Seen this position 3 times
*** Game ends in draw ***
##### SUCCESS: /usr/lib/jvm/jdk-14.0.1/bin/java -jar /lab/itti/projects/checkers-competition/server/referee.jar on run_22_zizhaoh_vdhankar #####
##### GAME ENDS IN A DRAW. Time left for zizhaoh: 141.91s, vdhankar: 95.0057334899902s
Server said: DRAW
##### GAME OVER: the game ends in a draw, zizhaoh wins by time remaining #####
########## ROUND 22 GAMESCORE AFTER GAME 3: zizhaoh=2 and vdhankar=1 ##########
#################### ROUND 22: zizhaoh (B) vs vdhankar (W): game 4 ####################
##### game start! #####
INPUT for zizhaoh:
GAME
BLACK
300
.b.b.b.b
b.b.b.b.
.b.b.b.b
........
........
w.w.w.w.
.w.w.w.w
w.w.w.w.
##### Running: /usr/bin/time -o time_22_zizhaoh_vdhankar.txt -f "%U" python3 homework.py > stulog.txt 2>&1 on zizhaoh #####
##### SUCCESS: /usr/bin/time -o time_22_zizhaoh_vdhankar.txt -f "%U" python3 homework.py > stulog.txt 2>&1 on zizhaoh #####
##### zizhaoh plays [E b6 a5 ] in 4.97s #####
##### Running: /usr/lib/jvm/jdk-14.0.1/bin/java -jar /lab/itti/projects/checkers-competition/server/referee.jar on run_22_zizhaoh_vdhankar #####
Move is valid
Couldn't read file 'current_ply.txt'
Couldn't read content from file 'current_ply.txt'
Couldn't read file 'lastmatchange_ply.txt'
Couldn't read content from file 'lastmatchange_ply.txt'
##### SUCCESS: /usr/lib/jvm/jdk-14.0.1/bin/java -jar /lab/itti/projects/checkers-competition/server/referee.jar on run_22_zizhaoh_vdhankar #####
INPUT for vdhankar:
GAME
WHITE
300
.b.b.b.b
b.b.b.b.
...b.b.b
b.......
........
w.w.w.w.
.w.w.w.w
w.w.w.w.
##### Running: /usr/bin/time -o time_22_zizhaoh_vdhankar.txt -f "%U" python3 homework.py > stulog.txt 2>&1 on vdhankar #####
child exited with value 1
##### ERROR: /usr/bin/time -o time_22_zizhaoh_vdhankar.txt -f "%U" python3 homework.py > stulog.txt 2>&1 on vdhankar #####
##### Output of failed program (stdout + stderr): #####
Traceback (most recent call last):
  File "homework.py", line 546, in <module>
    print(end-start)
NameError: name 'end' is not defined
##### End of output of failed program #####
##### vdhankar plays [E g3 h4] in 8.85070991516113s #####
##### Running: /usr/lib/jvm/jdk-14.0.1/bin/java -jar /lab/itti/projects/checkers-competition/server/referee.jar on run_22_zizhaoh_vdhankar #####
Move is valid
##### SUCCESS: /usr/lib/jvm/jdk-14.0.1/bin/java -jar /lab/itti/projects/checkers-competition/server/referee.jar on run_22_zizhaoh_vdhankar #####
INPUT for zizhaoh:
GAME
BLACK
295.03
.b.b.b.b
b.b.b.b.
...b.b.b
b.......
.......w
w.w.w...
.w.w.w.w
w.w.w.w.
##### Running: /usr/bin/time -o time_22_zizhaoh_vdhankar.txt -f "%U" python3 homework.py > stulog.txt 2>&1 on zizhaoh #####
##### SUCCESS: /usr/bin/time -o time_22_zizhaoh_vdhankar.txt -f "%U" python3 homework.py > stulog.txt 2>&1 on zizhaoh #####
##### zizhaoh plays [E a7 b6 ] in 3.85s #####
##### Running: /usr/lib/jvm/jdk-14.0.1/bin/java -jar /lab/itti/projects/checkers-competition/server/referee.jar on run_22_zizhaoh_vdhankar #####
Move is valid
##### SUCCESS: /usr/lib/jvm/jdk-14.0.1/bin/java -jar /lab/itti/projects/checkers-competition/server/referee.jar on run_22_zizhaoh_vdhankar #####
INPUT for vdhankar:
GAME
WHITE
291.149290084839
.b.b.b.b
..b.b.b.
.b.b.b.b
b.......
.......w
w.w.w...
.w.w.w.w
w.w.w.w.
##### Running: /usr/bin/time -o time_22_zizhaoh_vdhankar.txt -f "%U" python3 homework.py > stulog.txt 2>&1 on vdhankar #####
child exited with value 1
##### ERROR: /usr/bin/time -o time_22_zizhaoh_vdhankar.txt -f "%U" python3 homework.py > stulog.txt 2>&1 on vdhankar #####
##### Output of failed program (stdout + stderr): #####
Traceback (most recent call last):
  File "homework.py", line 546, in <module>
    print(end-start)
NameError: name 'end' is not defined
##### End of output of failed program #####
##### vdhankar plays [E h2 g3] in 12.5093591213226s #####
##### Running: /usr/lib/jvm/jdk-14.0.1/bin/java -jar /lab/itti/projects/checkers-competition/server/referee.jar on run_22_zizhaoh_vdhankar #####
Move is valid
##### SUCCESS: /usr/lib/jvm/jdk-14.0.1/bin/java -jar /lab/itti/projects/checkers-competition/server/referee.jar on run_22_zizhaoh_vdhankar #####
INPUT for zizhaoh:
GAME
BLACK
291.18
.b.b.b.b
..b.b.b.
.b.b.b.b
b.......
.......w
w.w.w.w.
.w.w.w..
w.w.w.w.
##### Running: /usr/bin/time -o time_22_zizhaoh_vdhankar.txt -f "%U" python3 homework.py > stulog.txt 2>&1 on zizhaoh #####
##### SUCCESS: /usr/bin/time -o time_22_zizhaoh_vdhankar.txt -f "%U" python3 homework.py > stulog.txt 2>&1 on zizhaoh #####
##### zizhaoh plays [E b8 a7 ] in 4.01s #####
##### Running: /usr/lib/jvm/jdk-14.0.1/bin/java -jar /lab/itti/projects/checkers-competition/server/referee.jar on run_22_zizhaoh_vdhankar #####
Move is valid
##### SUCCESS: /usr/lib/jvm/jdk-14.0.1/bin/java -jar /lab/itti/projects/checkers-competition/server/referee.jar on run_22_zizhaoh_vdhankar #####
INPUT for vdhankar:
GAME
WHITE
278.639930963516
...b.b.b
b.b.b.b.
.b.b.b.b
b.......
.......w
w.w.w.w.
.w.w.w..
w.w.w.w.
##### Running: /usr/bin/time -o time_22_zizhaoh_vdhankar.txt -f "%U" python3 homework.py > stulog.txt 2>&1 on vdhankar #####
child exited with value 1
##### ERROR: /usr/bin/time -o time_22_zizhaoh_vdhankar.txt -f "%U" python3 homework.py > stulog.txt 2>&1 on vdhankar #####
##### Output of failed program (stdout + stderr): #####
Traceback (most recent call last):
  File "homework.py", line 546, in <module>
    print(end-start)
NameError: name 'end' is not defined
##### End of output of failed program #####
##### vdhankar plays [E c3 d4] in 3.19109487533569s #####
##### Running: /usr/lib/jvm/jdk-14.0.1/bin/java -jar /lab/itti/projects/checkers-competition/server/referee.jar on run_22_zizhaoh_vdhankar #####
Move is valid
##### SUCCESS: /usr/lib/jvm/jdk-14.0.1/bin/java -jar /lab/itti/projects/checkers-competition/server/referee.jar on run_22_zizhaoh_vdhankar #####
INPUT for zizhaoh:
GAME
BLACK
287.17
...b.b.b
b.b.b.b.
.b.b.b.b
b.......
...w...w
w...w.w.
.w.w.w..
w.w.w.w.
##### Running: /usr/bin/time -o time_22_zizhaoh_vdhankar.txt -f "%U" python3 homework.py > stulog.txt 2>&1 on zizhaoh #####
##### SUCCESS: /usr/bin/time -o time_22_zizhaoh_vdhankar.txt -f "%U" python3 homework.py > stulog.txt 2>&1 on zizhaoh #####
##### zizhaoh plays [E d6 c5 ] in 1.73s #####
##### Running: /usr/lib/jvm/jdk-14.0.1/bin/java -jar /lab/itti/projects/checkers-competition/server/referee.jar on run_22_zizhaoh_vdhankar #####
Move is valid
##### SUCCESS: /usr/lib/jvm/jdk-14.0.1/bin/java -jar /lab/itti/projects/checkers-competition/server/referee.jar on run_22_zizhaoh_vdhankar #####
INPUT for vdhankar:
GAME
WHITE
275.448836088181
...b.b.b
b.b.b.b.
.b...b.b
b.b.....
...w...w
w...w.w.
.w.w.w..
w.w.w.w.
##### Running: /usr/bin/time -o time_22_zizhaoh_vdhankar.txt -f "%U" python3 homework.py > stulog.txt 2>&1 on vdhankar #####
child exited with value 1
##### ERROR: /usr/bin/time -o time_22_zizhaoh_vdhankar.txt -f "%U" python3 homework.py > stulog.txt 2>&1 on vdhankar #####
##### Output of failed program (stdout + stderr): #####
Traceback (most recent call last):
  File "homework.py", line 546, in <module>
    print(end-start)
NameError: name 'end' is not defined
##### End of output of failed program #####
##### vdhankar plays [E b2 c3] in 2.65020203590393s #####
##### Running: /usr/lib/jvm/jdk-14.0.1/bin/java -jar /lab/itti/projects/checkers-competition/server/referee.jar on run_22_zizhaoh_vdhankar #####
Move is valid
##### SUCCESS: /usr/lib/jvm/jdk-14.0.1/bin/java -jar /lab/itti/projects/checkers-competition/server/referee.jar on run_22_zizhaoh_vdhankar #####
INPUT for zizhaoh:
GAME
BLACK
285.44
...b.b.b
b.b.b.b.
.b...b.b
b.b.....
...w...w
w.w.w.w.
...w.w..
w.w.w.w.
##### Running: /usr/bin/time -o time_22_zizhaoh_vdhankar.txt -f "%U" python3 homework.py > stulog.txt 2>&1 on zizhaoh #####
##### SUCCESS: /usr/bin/time -o time_22_zizhaoh_vdhankar.txt -f "%U" python3 homework.py > stulog.txt 2>&1 on zizhaoh #####
##### zizhaoh plays [E c7 d6 ] in 2.74s #####
##### Running: /usr/lib/jvm/jdk-14.0.1/bin/java -jar /lab/itti/projects/checkers-competition/server/referee.jar on run_22_zizhaoh_vdhankar #####
Move is valid
##### SUCCESS: /usr/lib/jvm/jdk-14.0.1/bin/java -jar /lab/itti/projects/checkers-competition/server/referee.jar on run_22_zizhaoh_vdhankar #####
INPUT for vdhankar:
GAME
WHITE
272.798634052277
...b.b.b
b...b.b.
.b.b.b.b
b.b.....
...w...w
w.w.w.w.
...w.w..
w.w.w.w.
##### Running: /usr/bin/time -o time_22_zizhaoh_vdhankar.txt -f "%U" python3 homework.py > stulog.txt 2>&1 on vdhankar #####
child exited with value 1
##### ERROR: /usr/bin/time -o time_22_zizhaoh_vdhankar.txt -f "%U" python3 homework.py > stulog.txt 2>&1 on vdhankar #####
##### Output of failed program (stdout + stderr): #####
Traceback (most recent call last):
  File "homework.py", line 546, in <module>
    print(end-start)
NameError: name 'end' is not defined
##### End of output of failed program #####
##### vdhankar plays [E a1 b2] in 3.47386598587036s #####
##### Running: /usr/lib/jvm/jdk-14.0.1/bin/java -jar /lab/itti/projects/checkers-competition/server/referee.jar on run_22_zizhaoh_vdhankar #####
Move is valid
##### SUCCESS: /usr/lib/jvm/jdk-14.0.1/bin/java -jar /lab/itti/projects/checkers-competition/server/referee.jar on run_22_zizhaoh_vdhankar #####
INPUT for zizhaoh:
GAME
BLACK
282.7
...b.b.b
b...b.b.
.b.b.b.b
b.b.....
...w...w
w.w.w.w.
.w.w.w..
..w.w.w.
##### Running: /usr/bin/time -o time_22_zizhaoh_vdhankar.txt -f "%U" python3 homework.py > stulog.txt 2>&1 on zizhaoh #####
##### SUCCESS: /usr/bin/time -o time_22_zizhaoh_vdhankar.txt -f "%U" python3 homework.py > stulog.txt 2>&1 on zizhaoh #####
##### zizhaoh plays [E d8 c7 ] in 1.04s #####
##### Running: /usr/lib/jvm/jdk-14.0.1/bin/java -jar /lab/itti/projects/checkers-competition/server/referee.jar on run_22_zizhaoh_vdhankar #####
Move is valid
##### SUCCESS: /usr/lib/jvm/jdk-14.0.1/bin/java -jar /lab/itti/projects/checkers-competition/server/referee.jar on run_22_zizhaoh_vdhankar #####
INPUT for vdhankar:
GAME
WHITE
269.324768066406
.....b.b
b.b.b.b.
.b.b.b.b
b.b.....
...w...w
w.w.w.w.
.w.w.w..
..w.w.w.
##### Running: /usr/bin/time -o time_22_zizhaoh_vdhankar.txt -f "%U" python3 homework.py > stulog.txt 2>&1 on vdhankar #####
child exited with value 1
##### ERROR: /usr/bin/time -o time_22_zizhaoh_vdhankar.txt -f "%U" python3 homework.py > stulog.txt 2>&1 on vdhankar #####
##### Output of failed program (stdout + stderr): #####
Traceback (most recent call last):
  File "homework.py", line 546, in <module>
    print(end-start)
NameError: name 'end' is not defined
##### End of output of failed program #####
##### vdhankar plays [E g3 f4] in 1.25961089134216s #####
##### Running: /usr/lib/jvm/jdk-14.0.1/bin/java -jar /lab/itti/projects/checkers-competition/server/referee.jar on run_22_zizhaoh_vdhankar #####
Move is valid
##### SUCCESS: /usr/lib/jvm/jdk-14.0.1/bin/java -jar /lab/itti/projects/checkers-competition/server/referee.jar on run_22_zizhaoh_vdhankar #####
INPUT for zizhaoh:
GAME
BLACK
281.66
.....b.b
b.b.b.b.
.b.b.b.b
b.b.....
...w.w.w
w.w.w...
.w.w.w..
..w.w.w.
##### Running: /usr/bin/time -o time_22_zizhaoh_vdhankar.txt -f "%U" python3 homework.py > stulog.txt 2>&1 on zizhaoh #####
##### SUCCESS: /usr/bin/time -o time_22_zizhaoh_vdhankar.txt -f "%U" python3 homework.py > stulog.txt 2>&1 on zizhaoh #####
##### zizhaoh plays [E c5 b4 ] in 0.55s #####
##### Running: /usr/lib/jvm/jdk-14.0.1/bin/java -jar /lab/itti/projects/checkers-competition/server/referee.jar on run_22_zizhaoh_vdhankar #####
Move is valid
##### SUCCESS: /usr/lib/jvm/jdk-14.0.1/bin/java -jar /lab/itti/projects/checkers-competition/server/referee.jar on run_22_zizhaoh_vdhankar #####
INPUT for vdhankar:
GAME
WHITE
268.065157175064
.....b.b
b.b.b.b.
.b.b.b.b
b.......
.b.w.w.w
w.w.w...
.w.w.w..
..w.w.w.
##### Running: /usr/bin/time -o time_22_zizhaoh_vdhankar.txt -f "%U" python3 homework.py > stulog.txt 2>&1 on vdhankar #####
child exited with value 1
##### ERROR: /usr/bin/time -o time_22_zizhaoh_vdhankar.txt -f "%U" python3 homework.py > stulog.txt 2>&1 on vdhankar #####
##### Output of failed program (stdout + stderr): #####
Traceback (most recent call last):
  File "homework.py", line 546, in <module>
    print(end-start)
NameError: name 'end' is not defined
##### End of output of failed program #####
##### vdhankar plays [J a3 c5] in 0.407505989074707s #####
##### Running: /usr/lib/jvm/jdk-14.0.1/bin/java -jar /lab/itti/projects/checkers-competition/server/referee.jar on run_22_zizhaoh_vdhankar #####
Move is valid
##### SUCCESS: /usr/lib/jvm/jdk-14.0.1/bin/java -jar /lab/itti/projects/checkers-competition/server/referee.jar on run_22_zizhaoh_vdhankar #####
INPUT for zizhaoh:
GAME
BLACK
281.11
.....b.b
b.b.b.b.
.b.b.b.b
b.w.....
...w.w.w
..w.w...
.w.w.w..
..w.w.w.
##### Running: /usr/bin/time -o time_22_zizhaoh_vdhankar.txt -f "%U" python3 homework.py > stulog.txt 2>&1 on zizhaoh #####
##### SUCCESS: /usr/bin/time -o time_22_zizhaoh_vdhankar.txt -f "%U" python3 homework.py > stulog.txt 2>&1 on zizhaoh #####
##### zizhaoh plays [J d6 b4 ] in 0.38s #####
##### Running: /usr/lib/jvm/jdk-14.0.1/bin/java -jar /lab/itti/projects/checkers-competition/server/referee.jar on run_22_zizhaoh_vdhankar #####
Move is valid
##### SUCCESS: /usr/lib/jvm/jdk-14.0.1/bin/java -jar /lab/itti/projects/checkers-competition/server/referee.jar on run_22_zizhaoh_vdhankar #####
INPUT for vdhankar:
GAME
WHITE
267.657651185989
.....b.b
b.b.b.b.
.b...b.b
b.......
.b.w.w.w
..w.w...
.w.w.w..
..w.w.w.
##### Running: /usr/bin/time -o time_22_zizhaoh_vdhankar.txt -f "%U" python3 homework.py > stulog.txt 2>&1 on vdhankar #####
child exited with value 1
##### ERROR: /usr/bin/time -o time_22_zizhaoh_vdhankar.txt -f "%U" python3 homework.py > stulog.txt 2>&1 on vdhankar #####
##### Output of failed program (stdout + stderr): #####
Traceback (most recent call last):
  File "homework.py", line 546, in <module>
    print(end-start)
NameError: name 'end' is not defined
##### End of output of failed program #####
##### vdhankar plays [E g1 h2] in 1.37818193435669s #####
##### Running: /usr/lib/jvm/jdk-14.0.1/bin/java -jar /lab/itti/projects/checkers-competition/server/referee.jar on run_22_zizhaoh_vdhankar #####
Move is valid
##### SUCCESS: /usr/lib/jvm/jdk-14.0.1/bin/java -jar /lab/itti/projects/checkers-competition/server/referee.jar on run_22_zizhaoh_vdhankar #####
INPUT for zizhaoh:
GAME
BLACK
280.73
.....b.b
b.b.b.b.
.b...b.b
b.......
.b.w.w.w
..w.w...
.w.w.w.w
..w.w...
##### Running: /usr/bin/time -o time_22_zizhaoh_vdhankar.txt -f "%U" python3 homework.py > stulog.txt 2>&1 on zizhaoh #####
##### SUCCESS: /usr/bin/time -o time_22_zizhaoh_vdhankar.txt -f "%U" python3 homework.py > stulog.txt 2>&1 on zizhaoh #####
##### zizhaoh plays [E c7 d6 ] in 1.58s #####
##### Running: /usr/lib/jvm/jdk-14.0.1/bin/java -jar /lab/itti/projects/checkers-competition/server/referee.jar on run_22_zizhaoh_vdhankar #####
Move is valid
##### SUCCESS: /usr/lib/jvm/jdk-14.0.1/bin/java -jar /lab/itti/projects/checkers-competition/server/referee.jar on run_22_zizhaoh_vdhankar #####
INPUT for vdhankar:
GAME
WHITE
266.279469251633
.....b.b
b...b.b.
.b.b.b.b
b.......
.b.w.w.w
..w.w...
.w.w.w.w
..w.w...
##### Running: /usr/bin/time -o time_22_zizhaoh_vdhankar.txt -f "%U" python3 homework.py > stulog.txt 2>&1 on vdhankar #####
child exited with value 1
##### ERROR: /usr/bin/time -o time_22_zizhaoh_vdhankar.txt -f "%U" python3 homework.py > stulog.txt 2>&1 on vdhankar #####
##### Output of failed program (stdout + stderr): #####
Traceback (most recent call last):
  File "homework.py", line 546, in <module>
    print(end-start)
NameError: name 'end' is not defined
##### End of output of failed program #####
##### vdhankar plays [E d4 e5] in 0.696291923522949s #####
##### Running: /usr/lib/jvm/jdk-14.0.1/bin/java -jar /lab/itti/projects/checkers-competition/server/referee.jar on run_22_zizhaoh_vdhankar #####
Move is valid
##### SUCCESS: /usr/lib/jvm/jdk-14.0.1/bin/java -jar /lab/itti/projects/checkers-competition/server/referee.jar on run_22_zizhaoh_vdhankar #####
INPUT for zizhaoh:
GAME
BLACK
279.15
.....b.b
b...b.b.
.b.b.b.b
b...w...
.b...w.w
..w.w...
.w.w.w.w
..w.w...
##### Running: /usr/bin/time -o time_22_zizhaoh_vdhankar.txt -f "%U" python3 homework.py > stulog.txt 2>&1 on zizhaoh #####
##### SUCCESS: /usr/bin/time -o time_22_zizhaoh_vdhankar.txt -f "%U" python3 homework.py > stulog.txt 2>&1 on zizhaoh #####
##### zizhaoh plays [J f6 d4 ] in 0.69s #####
##### Running: /usr/lib/jvm/jdk-14.0.1/bin/java -jar /lab/itti/projects/checkers-competition/server/referee.jar on run_22_zizhaoh_vdhankar #####
Move is valid
##### SUCCESS: /usr/lib/jvm/jdk-14.0.1/bin/java -jar /lab/itti/projects/checkers-competition/server/referee.jar on run_22_zizhaoh_vdhankar #####
INPUT for vdhankar:
GAME
WHITE
265.58317732811
.....b.b
b...b.b.
.b.b...b
b.......
.b.b.w.w
..w.w...
.w.w.w.w
..w.w...
##### Running: /usr/bin/time -o time_22_zizhaoh_vdhankar.txt -f "%U" python3 homework.py > stulog.txt 2>&1 on vdhankar #####
child exited with value 1
##### ERROR: /usr/bin/time -o time_22_zizhaoh_vdhankar.txt -f "%U" python3 homework.py > stulog.txt 2>&1 on vdhankar #####
##### Output of failed program (stdout + stderr): #####
Traceback (most recent call last):
  File "homework.py", line 546, in <module>
    print(end-start)
NameError: name 'end' is not defined
##### End of output of failed program #####
##### vdhankar plays [J c3 e5 ; J e5 c7] in 1.73880791664124s #####
##### Running: /usr/lib/jvm/jdk-14.0.1/bin/java -jar /lab/itti/projects/checkers-competition/server/referee.jar on run_22_zizhaoh_vdhankar #####
Move is valid
##### SUCCESS: /usr/lib/jvm/jdk-14.0.1/bin/java -jar /lab/itti/projects/checkers-competition/server/referee.jar on run_22_zizhaoh_vdhankar #####
INPUT for zizhaoh:
GAME
BLACK
278.46
.....b.b
b.w.b.b.
.b.....b
b.......
.b...w.w
....w...
.w.w.w.w
..w.w...
##### Running: /usr/bin/time -o time_22_zizhaoh_vdhankar.txt -f "%U" python3 homework.py > stulog.txt 2>&1 on zizhaoh #####
##### SUCCESS: /usr/bin/time -o time_22_zizhaoh_vdhankar.txt -f "%U" python3 homework.py > stulog.txt 2>&1 on zizhaoh #####
##### zizhaoh plays [E e7 d6 ] in 7.43s #####
##### Running: /usr/lib/jvm/jdk-14.0.1/bin/java -jar /lab/itti/projects/checkers-competition/server/referee.jar on run_22_zizhaoh_vdhankar #####
Move is valid
##### SUCCESS: /usr/lib/jvm/jdk-14.0.1/bin/java -jar /lab/itti/projects/checkers-competition/server/referee.jar on run_22_zizhaoh_vdhankar #####
INPUT for vdhankar:
GAME
WHITE
263.844369411469
.....b.b
b.w...b.
.b.b...b
b.......
.b...w.w
....w...
.w.w.w.w
..w.w...
##### Running: /usr/bin/time -o time_22_zizhaoh_vdhankar.txt -f "%U" python3 homework.py > stulog.txt 2>&1 on vdhankar #####
child exited with value 1
##### ERROR: /usr/bin/time -o time_22_zizhaoh_vdhankar.txt -f "%U" python3 homework.py > stulog.txt 2>&1 on vdhankar #####
##### Output of failed program (stdout + stderr): #####
Traceback (most recent call last):
  File "homework.py", line 546, in <module>
    print(end-start)
NameError: name 'end' is not defined
##### End of output of failed program #####
##### vdhankar plays [E h2 g3] in 3.67310690879822s #####
##### Running: /usr/lib/jvm/jdk-14.0.1/bin/java -jar /lab/itti/projects/checkers-competition/server/referee.jar on run_22_zizhaoh_vdhankar #####
Move is valid
##### SUCCESS: /usr/lib/jvm/jdk-14.0.1/bin/java -jar /lab/itti/projects/checkers-competition/server/referee.jar on run_22_zizhaoh_vdhankar #####
INPUT for zizhaoh:
GAME
BLACK
271.03
.....b.b
b.w...b.
.b.b...b
b.......
.b...w.w
....w.w.
.w.w.w..
..w.w...
##### Running: /usr/bin/time -o time_22_zizhaoh_vdhankar.txt -f "%U" python3 homework.py > stulog.txt 2>&1 on zizhaoh #####
##### SUCCESS: /usr/bin/time -o time_22_zizhaoh_vdhankar.txt -f "%U" python3 homework.py > stulog.txt 2>&1 on zizhaoh #####
##### zizhaoh plays [E f8 e7 ] in 6.19s #####
##### Running: /usr/lib/jvm/jdk-14.0.1/bin/java -jar /lab/itti/projects/checkers-competition/server/referee.jar on run_22_zizhaoh_vdhankar #####
Move is valid
##### SUCCESS: /usr/lib/jvm/jdk-14.0.1/bin/java -jar /lab/itti/projects/checkers-competition/server/referee.jar on run_22_zizhaoh_vdhankar #####
INPUT for vdhankar:
GAME
WHITE
260.17126250267
.......b
b.w.b.b.
.b.b...b
b.......
.b...w.w
....w.w.
.w.w.w..
..w.w...
##### Running: /usr/bin/time -o time_22_zizhaoh_vdhankar.txt -f "%U" python3 homework.py > stulog.txt 2>&1 on vdhankar #####
child exited with value 1
##### ERROR: /usr/bin/time -o time_22_zizhaoh_vdhankar.txt -f "%U" python3 homework.py > stulog.txt 2>&1 on vdhankar #####
##### Output of failed program (stdout + stderr): #####
Traceback (most recent call last):
  File "homework.py", line 546, in <module>
    print(end-start)
NameError: name 'end' is not defined
##### End of output of failed program #####
##### vdhankar plays [E b2 c3] in 3.98967599868774s #####
##### Running: /usr/lib/jvm/jdk-14.0.1/bin/java -jar /lab/itti/projects/checkers-competition/server/referee.jar on run_22_zizhaoh_vdhankar #####
Move is valid
##### SUCCESS: /usr/lib/jvm/jdk-14.0.1/bin/java -jar /lab/itti/projects/checkers-competition/server/referee.jar on run_22_zizhaoh_vdhankar #####
INPUT for zizhaoh:
GAME
BLACK
264.84
.......b
b.w.b.b.
.b.b...b
b.......
.b...w.w
..w.w.w.
...w.w..
..w.w...
##### Running: /usr/bin/time -o time_22_zizhaoh_vdhankar.txt -f "%U" python3 homework.py > stulog.txt 2>&1 on zizhaoh #####
##### SUCCESS: /usr/bin/time -o time_22_zizhaoh_vdhankar.txt -f "%U" python3 homework.py > stulog.txt 2>&1 on zizhaoh #####
##### zizhaoh plays [E e7 f6 ] in 4.7s #####
##### Running: /usr/lib/jvm/jdk-14.0.1/bin/java -jar /lab/itti/projects/checkers-competition/server/referee.jar on run_22_zizhaoh_vdhankar #####
Move is valid
##### SUCCESS: /usr/lib/jvm/jdk-14.0.1/bin/java -jar /lab/itti/projects/checkers-competition/server/referee.jar on run_22_zizhaoh_vdhankar #####
INPUT for vdhankar:
GAME
WHITE
256.181586503983
.......b
b.w...b.
.b.b.b.b
b.......
.b...w.w
..w.w.w.
...w.w..
..w.w...
##### Running: /usr/bin/time -o time_22_zizhaoh_vdhankar.txt -f "%U" python3 homework.py > stulog.txt 2>&1 on vdhankar #####
child exited with value 1
##### ERROR: /usr/bin/time -o time_22_zizhaoh_vdhankar.txt -f "%U" python3 homework.py > stulog.txt 2>&1 on vdhankar #####
##### Output of failed program (stdout + stderr): #####
Traceback (most recent call last):
  File "homework.py", line 546, in <module>
    print(end-start)
NameError: name 'end' is not defined
##### End of output of failed program #####
##### vdhankar plays [E e3 d4] in 1.46829009056091s #####
##### Running: /usr/lib/jvm/jdk-14.0.1/bin/java -jar /lab/itti/projects/checkers-competition/server/referee.jar on run_22_zizhaoh_vdhankar #####
Move is valid
##### SUCCESS: /usr/lib/jvm/jdk-14.0.1/bin/java -jar /lab/itti/projects/checkers-competition/server/referee.jar on run_22_zizhaoh_vdhankar #####
INPUT for zizhaoh:
GAME
BLACK
260.14
.......b
b.w...b.
.b.b.b.b
b.......
.b.w.w.w
..w...w.
...w.w..
..w.w...
##### Running: /usr/bin/time -o time_22_zizhaoh_vdhankar.txt -f "%U" python3 homework.py > stulog.txt 2>&1 on zizhaoh #####
##### SUCCESS: /usr/bin/time -o time_22_zizhaoh_vdhankar.txt -f "%U" python3 homework.py > stulog.txt 2>&1 on zizhaoh #####
##### zizhaoh plays [E d6 c5 ] in 1.55s #####
##### Running: /usr/lib/jvm/jdk-14.0.1/bin/java -jar /lab/itti/projects/checkers-competition/server/referee.jar on run_22_zizhaoh_vdhankar #####
Move is valid
##### SUCCESS: /usr/lib/jvm/jdk-14.0.1/bin/java -jar /lab/itti/projects/checkers-competition/server/referee.jar on run_22_zizhaoh_vdhankar #####
INPUT for vdhankar:
GAME
WHITE
254.713296413422
.......b
b.w...b.
.b...b.b
b.b.....
.b.w.w.w
..w...w.
...w.w..
..w.w...
##### Running: /usr/bin/time -o time_22_zizhaoh_vdhankar.txt -f "%U" python3 homework.py > stulog.txt 2>&1 on vdhankar #####
child exited with value 1
##### ERROR: /usr/bin/time -o time_22_zizhaoh_vdhankar.txt -f "%U" python3 homework.py > stulog.txt 2>&1 on vdhankar #####
##### Output of failed program (stdout + stderr): #####
Traceback (most recent call last):
  File "homework.py", line 546, in <module>
    print(end-start)
NameError: name 'end' is not defined
##### End of output of failed program #####
##### vdhankar plays [E f2 e3] in 1.19420695304871s #####
##### Running: /usr/lib/jvm/jdk-14.0.1/bin/java -jar /lab/itti/projects/checkers-competition/server/referee.jar on run_22_zizhaoh_vdhankar #####
Move is valid
##### SUCCESS: /usr/lib/jvm/jdk-14.0.1/bin/java -jar /lab/itti/projects/checkers-competition/server/referee.jar on run_22_zizhaoh_vdhankar #####
INPUT for zizhaoh:
GAME
BLACK
258.59
.......b
b.w...b.
.b...b.b
b.b.....
.b.w.w.w
..w.w.w.
...w....
..w.w...
##### Running: /usr/bin/time -o time_22_zizhaoh_vdhankar.txt -f "%U" python3 homework.py > stulog.txt 2>&1 on zizhaoh #####
##### SUCCESS: /usr/bin/time -o time_22_zizhaoh_vdhankar.txt -f "%U" python3 homework.py > stulog.txt 2>&1 on zizhaoh #####
##### zizhaoh plays [E b4 a3 ] in 0.86s #####
##### Running: /usr/lib/jvm/jdk-14.0.1/bin/java -jar /lab/itti/projects/checkers-competition/server/referee.jar on run_22_zizhaoh_vdhankar #####
Move is valid
##### SUCCESS: /usr/lib/jvm/jdk-14.0.1/bin/java -jar /lab/itti/projects/checkers-competition/server/referee.jar on run_22_zizhaoh_vdhankar #####
INPUT for vdhankar:
GAME
WHITE
253.519089460373
.......b
b.w...b.
.b...b.b
b.b.....
...w.w.w
b.w.w.w.
...w....
..w.w...
##### Running: /usr/bin/time -o time_22_zizhaoh_vdhankar.txt -f "%U" python3 homework.py > stulog.txt 2>&1 on vdhankar #####
child exited with value 1
##### ERROR: /usr/bin/time -o time_22_zizhaoh_vdhankar.txt -f "%U" python3 homework.py > stulog.txt 2>&1 on vdhankar #####
##### Output of failed program (stdout + stderr): #####
Traceback (most recent call last):
  File "homework.py", line 546, in <module>
    print(end-start)
NameError: name 'end' is not defined
##### End of output of failed program #####
##### vdhankar plays [E c7 d8] in 1.44732689857483s #####
##### Running: /usr/lib/jvm/jdk-14.0.1/bin/java -jar /lab/itti/projects/checkers-competition/server/referee.jar on run_22_zizhaoh_vdhankar #####
Move is valid
##### SUCCESS: /usr/lib/jvm/jdk-14.0.1/bin/java -jar /lab/itti/projects/checkers-competition/server/referee.jar on run_22_zizhaoh_vdhankar #####
INPUT for zizhaoh:
GAME
BLACK
257.73
...W...b
b.....b.
.b...b.b
b.b.....
...w.w.w
b.w.w.w.
...w....
..w.w...
##### Running: /usr/bin/time -o time_22_zizhaoh_vdhankar.txt -f "%U" python3 homework.py > stulog.txt 2>&1 on zizhaoh #####
##### SUCCESS: /usr/bin/time -o time_22_zizhaoh_vdhankar.txt -f "%U" python3 homework.py > stulog.txt 2>&1 on zizhaoh #####
##### zizhaoh plays [E c5 b4 ] in 0.97s #####
##### Running: /usr/lib/jvm/jdk-14.0.1/bin/java -jar /lab/itti/projects/checkers-competition/server/referee.jar on run_22_zizhaoh_vdhankar #####
Move is valid
##### SUCCESS: /usr/lib/jvm/jdk-14.0.1/bin/java -jar /lab/itti/projects/checkers-competition/server/referee.jar on run_22_zizhaoh_vdhankar #####
INPUT for vdhankar:
GAME
WHITE
252.071762561798
...W...b
b.....b.
.b...b.b
b.......
.b.w.w.w
b.w.w.w.
...w....
..w.w...
##### Running: /usr/bin/time -o time_22_zizhaoh_vdhankar.txt -f "%U" python3 homework.py > stulog.txt 2>&1 on vdhankar #####
child exited with value 1
##### ERROR: /usr/bin/time -o time_22_zizhaoh_vdhankar.txt -f "%U" python3 homework.py > stulog.txt 2>&1 on vdhankar #####
##### Output of failed program (stdout + stderr): #####
Traceback (most recent call last):
  File "homework.py", line 546, in <module>
    print(end-start)
NameError: name 'end' is not defined
##### End of output of failed program #####
##### vdhankar plays [E d8 e7] in 1.19692492485046s #####
##### Running: /usr/lib/jvm/jdk-14.0.1/bin/java -jar /lab/itti/projects/checkers-competition/server/referee.jar on run_22_zizhaoh_vdhankar #####
Move is valid
##### SUCCESS: /usr/lib/jvm/jdk-14.0.1/bin/java -jar /lab/itti/projects/checkers-competition/server/referee.jar on run_22_zizhaoh_vdhankar #####
INPUT for zizhaoh:
GAME
BLACK
256.76
.......b
b...W.b.
.b...b.b
b.......
.b.w.w.w
b.w.w.w.
...w....
..w.w...
##### Running: /usr/bin/time -o time_22_zizhaoh_vdhankar.txt -f "%U" python3 homework.py > stulog.txt 2>&1 on zizhaoh #####
##### SUCCESS: /usr/bin/time -o time_22_zizhaoh_vdhankar.txt -f "%U" python3 homework.py > stulog.txt 2>&1 on zizhaoh #####
##### zizhaoh plays [E b6 c5 ] in 0.49s #####
##### Running: /usr/lib/jvm/jdk-14.0.1/bin/java -jar /lab/itti/projects/checkers-competition/server/referee.jar on run_22_zizhaoh_vdhankar #####
Move is valid
##### SUCCESS: /usr/lib/jvm/jdk-14.0.1/bin/java -jar /lab/itti/projects/checkers-competition/server/referee.jar on run_22_zizhaoh_vdhankar #####
INPUT for vdhankar:
GAME
WHITE
250.874837636948
.......b
b...W.b.
.....b.b
b.b.....
.b.w.w.w
b.w.w.w.
...w....
..w.w...
##### Running: /usr/bin/time -o time_22_zizhaoh_vdhankar.txt -f "%U" python3 homework.py > stulog.txt 2>&1 on vdhankar #####
child exited with value 1
##### ERROR: /usr/bin/time -o time_22_zizhaoh_vdhankar.txt -f "%U" python3 homework.py > stulog.txt 2>&1 on vdhankar #####
##### Output of failed program (stdout + stderr): #####
Traceback (most recent call last):
  File "homework.py", line 546, in <module>
    print(end-start)
NameError: name 'end' is not defined
##### End of output of failed program #####
##### vdhankar plays [J d4 b6] in 0.43321704864502s #####
##### Running: /usr/lib/jvm/jdk-14.0.1/bin/java -jar /lab/itti/projects/checkers-competition/server/referee.jar on run_22_zizhaoh_vdhankar #####
Move is valid
##### SUCCESS: /usr/lib/jvm/jdk-14.0.1/bin/java -jar /lab/itti/projects/checkers-competition/server/referee.jar on run_22_zizhaoh_vdhankar #####
INPUT for zizhaoh:
GAME
BLACK
256.27
.......b
b...W.b.
.w...b.b
b.......
.b...w.w
b.w.w.w.
...w....
..w.w...
##### Running: /usr/bin/time -o time_22_zizhaoh_vdhankar.txt -f "%U" python3 homework.py > stulog.txt 2>&1 on zizhaoh #####
##### SUCCESS: /usr/bin/time -o time_22_zizhaoh_vdhankar.txt -f "%U" python3 homework.py > stulog.txt 2>&1 on zizhaoh #####
##### zizhaoh plays [J a7 c5 ] in 0.04s #####
##### Running: /usr/lib/jvm/jdk-14.0.1/bin/java -jar /lab/itti/projects/checkers-competition/server/referee.jar on run_22_zizhaoh_vdhankar #####
Move is valid
##### SUCCESS: /usr/lib/jvm/jdk-14.0.1/bin/java -jar /lab/itti/projects/checkers-competition/server/referee.jar on run_22_zizhaoh_vdhankar #####
INPUT for vdhankar:
GAME
WHITE
250.441620588303
.......b
....W.b.
.....b.b
b.b.....
.b...w.w
b.w.w.w.
...w....
..w.w...
##### Running: /usr/bin/time -o time_22_zizhaoh_vdhankar.txt -f "%U" python3 homework.py > stulog.txt 2>&1 on vdhankar #####
child exited with value 1
##### ERROR: /usr/bin/time -o time_22_zizhaoh_vdhankar.txt -f "%U" python3 homework.py > stulog.txt 2>&1 on vdhankar #####
##### Output of failed program (stdout + stderr): #####
Traceback (most recent call last):
  File "homework.py", line 546, in <module>
    print(end-start)
NameError: name 'end' is not defined
##### End of output of failed program #####
##### vdhankar plays [J e7 g5] in 0.298388004302979s #####
##### Running: /usr/lib/jvm/jdk-14.0.1/bin/java -jar /lab/itti/projects/checkers-competition/server/referee.jar on run_22_zizhaoh_vdhankar #####
Move is valid
##### SUCCESS: /usr/lib/jvm/jdk-14.0.1/bin/java -jar /lab/itti/projects/checkers-competition/server/referee.jar on run_22_zizhaoh_vdhankar #####
INPUT for zizhaoh:
GAME
BLACK
256.23
.......b
......b.
.......b
b.b...W.
.b...w.w
b.w.w.w.
...w....
..w.w...
##### Running: /usr/bin/time -o time_22_zizhaoh_vdhankar.txt -f "%U" python3 homework.py > stulog.txt 2>&1 on zizhaoh #####
##### SUCCESS: /usr/bin/time -o time_22_zizhaoh_vdhankar.txt -f "%U" python3 homework.py > stulog.txt 2>&1 on zizhaoh #####
##### zizhaoh plays [E g7 f6 ] in 0.2s #####
##### Running: /usr/lib/jvm/jdk-14.0.1/bin/java -jar /lab/itti/projects/checkers-competition/server/referee.jar on run_22_zizhaoh_vdhankar #####
Move is valid
##### SUCCESS: /usr/lib/jvm/jdk-14.0.1/bin/java -jar /lab/itti/projects/checkers-competition/server/referee.jar on run_22_zizhaoh_vdhankar #####
INPUT for vdhankar:
GAME
WHITE
250.143232584
.......b
........
.....b.b
b.b...W.
.b...w.w
b.w.w.w.
...w....
..w.w...
##### Running: /usr/bin/time -o time_22_zizhaoh_vdhankar.txt -f "%U" python3 homework.py > stulog.txt 2>&1 on vdhankar #####
child exited with value 1
##### ERROR: /usr/bin/time -o time_22_zizhaoh_vdhankar.txt -f "%U" python3 homework.py > stulog.txt 2>&1 on vdhankar #####
##### Output of failed program (stdout + stderr): #####
Traceback (most recent call last):
  File "homework.py", line 546, in <module>
    print(end-start)
NameError: name 'end' is not defined
##### End of output of failed program #####
##### vdhankar plays [J g5 e7] in 0.517132997512817s #####
##### Running: /usr/lib/jvm/jdk-14.0.1/bin/java -jar /lab/itti/projects/checkers-competition/server/referee.jar on run_22_zizhaoh_vdhankar #####
Move is valid
##### SUCCESS: /usr/lib/jvm/jdk-14.0.1/bin/java -jar /lab/itti/projects/checkers-competition/server/referee.jar on run_22_zizhaoh_vdhankar #####
INPUT for zizhaoh:
GAME
BLACK
256.03
.......b
....W...
.......b
b.b.....
.b...w.w
b.w.w.w.
...w....
..w.w...
##### Running: /usr/bin/time -o time_22_zizhaoh_vdhankar.txt -f "%U" python3 homework.py > stulog.txt 2>&1 on zizhaoh #####
##### SUCCESS: /usr/bin/time -o time_22_zizhaoh_vdhankar.txt -f "%U" python3 homework.py > stulog.txt 2>&1 on zizhaoh #####
##### zizhaoh plays [E h8 g7 ] in 0.69s #####
##### Running: /usr/lib/jvm/jdk-14.0.1/bin/java -jar /lab/itti/projects/checkers-competition/server/referee.jar on run_22_zizhaoh_vdhankar #####
Move is valid
##### SUCCESS: /usr/lib/jvm/jdk-14.0.1/bin/java -jar /lab/itti/projects/checkers-competition/server/referee.jar on run_22_zizhaoh_vdhankar #####
INPUT for vdhankar:
GAME
WHITE
249.626099586487
........
....W.b.
.......b
b.b.....
.b...w.w
b.w.w.w.
...w....
..w.w...
##### Running: /usr/bin/time -o time_22_zizhaoh_vdhankar.txt -f "%U" python3 homework.py > stulog.txt 2>&1 on vdhankar #####
child exited with value 1
##### ERROR: /usr/bin/time -o time_22_zizhaoh_vdhankar.txt -f "%U" python3 homework.py > stulog.txt 2>&1 on vdhankar #####
##### Output of failed program (stdout + stderr): #####
Traceback (most recent call last):
  File "homework.py", line 546, in <module>
    print(end-start)
NameError: name 'end' is not defined
##### End of output of failed program #####
##### vdhankar plays [E e1 f2] in 1.02228093147278s #####
##### Running: /usr/lib/jvm/jdk-14.0.1/bin/java -jar /lab/itti/projects/checkers-competition/server/referee.jar on run_22_zizhaoh_vdhankar #####
Move is valid
##### SUCCESS: /usr/lib/jvm/jdk-14.0.1/bin/java -jar /lab/itti/projects/checkers-competition/server/referee.jar on run_22_zizhaoh_vdhankar #####
INPUT for zizhaoh:
GAME
BLACK
255.34
........
....W.b.
.......b
b.b.....
.b...w.w
b.w.w.w.
...w.w..
..w.....
##### Running: /usr/bin/time -o time_22_zizhaoh_vdhankar.txt -f "%U" python3 homework.py > stulog.txt 2>&1 on zizhaoh #####
##### SUCCESS: /usr/bin/time -o time_22_zizhaoh_vdhankar.txt -f "%U" python3 homework.py > stulog.txt 2>&1 on zizhaoh #####
##### zizhaoh plays [E g7 f6 ] in 0.11s #####
##### Running: /usr/lib/jvm/jdk-14.0.1/bin/java -jar /lab/itti/projects/checkers-competition/server/referee.jar on run_22_zizhaoh_vdhankar #####
Move is valid
##### SUCCESS: /usr/lib/jvm/jdk-14.0.1/bin/java -jar /lab/itti/projects/checkers-competition/server/referee.jar on run_22_zizhaoh_vdhankar #####
INPUT for vdhankar:
GAME
WHITE
248.603818655014
........
....W...
.....b.b
b.b.....
.b...w.w
b.w.w.w.
...w.w..
..w.....
##### Running: /usr/bin/time -o time_22_zizhaoh_vdhankar.txt -f "%U" python3 homework.py > stulog.txt 2>&1 on vdhankar #####
child exited with value 1
##### ERROR: /usr/bin/time -o time_22_zizhaoh_vdhankar.txt -f "%U" python3 homework.py > stulog.txt 2>&1 on vdhankar #####
##### Output of failed program (stdout + stderr): #####
Traceback (most recent call last):
  File "homework.py", line 546, in <module>
    print(end-start)
NameError: name 'end' is not defined
##### End of output of failed program #####
##### vdhankar plays [J e7 g5] in 0.218046188354492s #####
##### Running: /usr/lib/jvm/jdk-14.0.1/bin/java -jar /lab/itti/projects/checkers-competition/server/referee.jar on run_22_zizhaoh_vdhankar #####
Move is valid
##### SUCCESS: /usr/lib/jvm/jdk-14.0.1/bin/java -jar /lab/itti/projects/checkers-competition/server/referee.jar on run_22_zizhaoh_vdhankar #####
INPUT for zizhaoh:
GAME
BLACK
255.23
........
........
.......b
b.b...W.
.b...w.w
b.w.w.w.
...w.w..
..w.....
##### Running: /usr/bin/time -o time_22_zizhaoh_vdhankar.txt -f "%U" python3 homework.py > stulog.txt 2>&1 on zizhaoh #####
##### SUCCESS: /usr/bin/time -o time_22_zizhaoh_vdhankar.txt -f "%U" python3 homework.py > stulog.txt 2>&1 on zizhaoh #####
##### zizhaoh plays [E c5 d4 ] in 0.04s #####
##### Running: /usr/lib/jvm/jdk-14.0.1/bin/java -jar /lab/itti/projects/checkers-competition/server/referee.jar on run_22_zizhaoh_vdhankar #####
Move is valid
##### SUCCESS: /usr/lib/jvm/jdk-14.0.1/bin/java -jar /lab/itti/projects/checkers-competition/server/referee.jar on run_22_zizhaoh_vdhankar #####
INPUT for vdhankar:
GAME
WHITE
248.38577246666
........
........
.......b
b.....W.
.b.b.w.w
b.w.w.w.
...w.w..
..w.....
##### Running: /usr/bin/time -o time_22_zizhaoh_vdhankar.txt -f "%U" python3 homework.py > stulog.txt 2>&1 on vdhankar #####
child exited with value 1
##### ERROR: /usr/bin/time -o time_22_zizhaoh_vdhankar.txt -f "%U" python3 homework.py > stulog.txt 2>&1 on vdhankar #####
##### Output of failed program (stdout + stderr): #####
Traceback (most recent call last):
  File "homework.py", line 546, in <module>
    print(end-start)
NameError: name 'end' is not defined
##### End of output of failed program #####
##### vdhankar plays [J e3 c5] in 0.236303091049194s #####
##### Running: /usr/lib/jvm/jdk-14.0.1/bin/java -jar /lab/itti/projects/checkers-competition/server/referee.jar on run_22_zizhaoh_vdhankar #####
Move is valid
##### SUCCESS: /usr/lib/jvm/jdk-14.0.1/bin/java -jar /lab/itti/projects/checkers-competition/server/referee.jar on run_22_zizhaoh_vdhankar #####
INPUT for zizhaoh:
GAME
BLACK
255.19
........
........
.......b
b.w...W.
.b...w.w
b.w...w.
...w.w..
..w.....
##### Running: /usr/bin/time -o time_22_zizhaoh_vdhankar.txt -f "%U" python3 homework.py > stulog.txt 2>&1 on zizhaoh #####
##### SUCCESS: /usr/bin/time -o time_22_zizhaoh_vdhankar.txt -f "%U" python3 homework.py > stulog.txt 2>&1 on zizhaoh #####
##### zizhaoh plays [E a3 b2 ] in 0.01s #####
##### Running: /usr/lib/jvm/jdk-14.0.1/bin/java -jar /lab/itti/projects/checkers-competition/server/referee.jar on run_22_zizhaoh_vdhankar #####
Move is valid
##### SUCCESS: /usr/lib/jvm/jdk-14.0.1/bin/java -jar /lab/itti/projects/checkers-competition/server/referee.jar on run_22_zizhaoh_vdhankar #####
INPUT for vdhankar:
GAME
WHITE
248.14946937561
........
........
.......b
b.w...W.
.b...w.w
..w...w.
.b.w.w..
..w.....
##### Running: /usr/bin/time -o time_22_zizhaoh_vdhankar.txt -f "%U" python3 homework.py > stulog.txt 2>&1 on vdhankar #####
child exited with value 1
##### ERROR: /usr/bin/time -o time_22_zizhaoh_vdhankar.txt -f "%U" python3 homework.py > stulog.txt 2>&1 on vdhankar #####
##### Output of failed program (stdout + stderr): #####
Traceback (most recent call last):
  File "homework.py", line 546, in <module>
    print(end-start)
NameError: name 'end' is not defined
##### End of output of failed program #####
##### vdhankar plays [J c1 a3] in 0.212965965270996s #####
##### Running: /usr/lib/jvm/jdk-14.0.1/bin/java -jar /lab/itti/projects/checkers-competition/server/referee.jar on run_22_zizhaoh_vdhankar #####
Move is valid
After this move, player BLACK cannot make any moves
*** Winner: WHITE ***
##### SUCCESS: /usr/lib/jvm/jdk-14.0.1/bin/java -jar /lab/itti/projects/checkers-competition/server/referee.jar on run_22_zizhaoh_vdhankar #####
##### GAME OVER: vdhankar wins the game! #####
Server said: WIN
########## ROUND 22 GAMESCORE AFTER GAME 4: zizhaoh=2 and vdhankar=2 ##########


########## TIE ON ROUND 22 - BOTH PLAYERS ADVANCE TO NEXT ROUND ##########
