#################### ROUND 22: vdhankar (B) vs glduncan (W): game 1 ####################
##### game start! #####
INPUT for vdhankar:
GAME
BLACK
300
.b.b.b.b
b.b.b.b.
.b.b.b.b
........
........
w.w.w.w.
.w.w.w.w
w.w.w.w.
##### Running: /usr/bin/time -o time_22_vdhankar_glduncan.txt -f "%U" python3 homework.py > stulog.txt 2>&1 on vdhankar #####
child exited with value 1
##### ERROR: /usr/bin/time -o time_22_vdhankar_glduncan.txt -f "%U" python3 homework.py > stulog.txt 2>&1 on vdhankar #####
##### Output of failed program (stdout + stderr): #####
Traceback (most recent call last):
  File "homework.py", line 546, in <module>
    print(end-start)
NameError: name 'end' is not defined
##### End of output of failed program #####
##### vdhankar plays [E h6 g5] in 11.8899130821228s #####
##### Running: /usr/lib/jvm/jdk-14.0.1/bin/java -jar /lab/itti/projects/checkers-competition/server/referee.jar on run_22_vdhankar_glduncan #####
Move is valid
Couldn't read file 'current_ply.txt'
Couldn't read content from file 'current_ply.txt'
Couldn't read file 'lastmatchange_ply.txt'
Couldn't read content from file 'lastmatchange_ply.txt'
##### SUCCESS: /usr/lib/jvm/jdk-14.0.1/bin/java -jar /lab/itti/projects/checkers-competition/server/referee.jar on run_22_vdhankar_glduncan #####
INPUT for glduncan:
GAME
WHITE
300
.b.b.b.b
b.b.b.b.
.b.b.b..
......b.
........
w.w.w.w.
.w.w.w.w
w.w.w.w.
##### Running: /usr/bin/time -o time_22_vdhankar_glduncan.txt -f "%U" python3 homework.py > stulog.txt 2>&1 on glduncan #####
##### SUCCESS: /usr/bin/time -o time_22_vdhankar_glduncan.txt -f "%U" python3 homework.py > stulog.txt 2>&1 on glduncan #####
##### glduncan plays [E e3 f4] in 0.03s #####
##### Running: /usr/lib/jvm/jdk-14.0.1/bin/java -jar /lab/itti/projects/checkers-competition/server/referee.jar on run_22_vdhankar_glduncan #####
Move is valid
##### SUCCESS: /usr/lib/jvm/jdk-14.0.1/bin/java -jar /lab/itti/projects/checkers-competition/server/referee.jar on run_22_vdhankar_glduncan #####
INPUT for vdhankar:
GAME
BLACK
288.110086917877
.b.b.b.b
b.b.b.b.
.b.b.b..
......b.
.....w..
w.w...w.
.w.w.w.w
w.w.w.w.
##### Running: /usr/bin/time -o time_22_vdhankar_glduncan.txt -f "%U" python3 homework.py > stulog.txt 2>&1 on vdhankar #####
child exited with value 1
##### ERROR: /usr/bin/time -o time_22_vdhankar_glduncan.txt -f "%U" python3 homework.py > stulog.txt 2>&1 on vdhankar #####
##### Output of failed program (stdout + stderr): #####
Traceback (most recent call last):
  File "homework.py", line 546, in <module>
    print(end-start)
NameError: name 'end' is not defined
##### End of output of failed program #####
##### vdhankar plays [J g5 e3] in 2.94184398651123s #####
##### Running: /usr/lib/jvm/jdk-14.0.1/bin/java -jar /lab/itti/projects/checkers-competition/server/referee.jar on run_22_vdhankar_glduncan #####
Move is valid
##### SUCCESS: /usr/lib/jvm/jdk-14.0.1/bin/java -jar /lab/itti/projects/checkers-competition/server/referee.jar on run_22_vdhankar_glduncan #####
INPUT for glduncan:
GAME
WHITE
299.97
.b.b.b.b
b.b.b.b.
.b.b.b..
........
........
w.w.b.w.
.w.w.w.w
w.w.w.w.
##### Running: /usr/bin/time -o time_22_vdhankar_glduncan.txt -f "%U" python3 homework.py > stulog.txt 2>&1 on glduncan #####
##### SUCCESS: /usr/bin/time -o time_22_vdhankar_glduncan.txt -f "%U" python3 homework.py > stulog.txt 2>&1 on glduncan #####
##### glduncan plays [J f2 d4] in 0.94s #####
##### Running: /usr/lib/jvm/jdk-14.0.1/bin/java -jar /lab/itti/projects/checkers-competition/server/referee.jar on run_22_vdhankar_glduncan #####
Move is valid
##### SUCCESS: /usr/lib/jvm/jdk-14.0.1/bin/java -jar /lab/itti/projects/checkers-competition/server/referee.jar on run_22_vdhankar_glduncan #####
INPUT for vdhankar:
GAME
BLACK
285.168242931366
.b.b.b.b
b.b.b.b.
.b.b.b..
........
...w....
w.w...w.
.w.w...w
w.w.w.w.
##### Running: /usr/bin/time -o time_22_vdhankar_glduncan.txt -f "%U" python3 homework.py > stulog.txt 2>&1 on vdhankar #####
child exited with value 1
##### ERROR: /usr/bin/time -o time_22_vdhankar_glduncan.txt -f "%U" python3 homework.py > stulog.txt 2>&1 on vdhankar #####
##### Output of failed program (stdout + stderr): #####
Traceback (most recent call last):
  File "homework.py", line 546, in <module>
    print(end-start)
NameError: name 'end' is not defined
##### End of output of failed program #####
##### vdhankar plays [E f6 e5] in 8.3673198223114s #####
##### Running: /usr/lib/jvm/jdk-14.0.1/bin/java -jar /lab/itti/projects/checkers-competition/server/referee.jar on run_22_vdhankar_glduncan #####
Move is valid
##### SUCCESS: /usr/lib/jvm/jdk-14.0.1/bin/java -jar /lab/itti/projects/checkers-competition/server/referee.jar on run_22_vdhankar_glduncan #####
INPUT for glduncan:
GAME
WHITE
299.03
.b.b.b.b
b.b.b.b.
.b.b....
....b...
...w....
w.w...w.
.w.w...w
w.w.w.w.
##### Running: /usr/bin/time -o time_22_vdhankar_glduncan.txt -f "%U" python3 homework.py > stulog.txt 2>&1 on glduncan #####
##### SUCCESS: /usr/bin/time -o time_22_vdhankar_glduncan.txt -f "%U" python3 homework.py > stulog.txt 2>&1 on glduncan #####
##### glduncan plays [J d4 f6] in 0.25s #####
##### Running: /usr/lib/jvm/jdk-14.0.1/bin/java -jar /lab/itti/projects/checkers-competition/server/referee.jar on run_22_vdhankar_glduncan #####
Move is valid
##### SUCCESS: /usr/lib/jvm/jdk-14.0.1/bin/java -jar /lab/itti/projects/checkers-competition/server/referee.jar on run_22_vdhankar_glduncan #####
INPUT for vdhankar:
GAME
BLACK
276.800923109055
.b.b.b.b
b.b.b.b.
.b.b.w..
........
........
w.w...w.
.w.w...w
w.w.w.w.
##### Running: /usr/bin/time -o time_22_vdhankar_glduncan.txt -f "%U" python3 homework.py > stulog.txt 2>&1 on vdhankar #####
child exited with value 1
##### ERROR: /usr/bin/time -o time_22_vdhankar_glduncan.txt -f "%U" python3 homework.py > stulog.txt 2>&1 on vdhankar #####
##### Output of failed program (stdout + stderr): #####
Traceback (most recent call last):
  File "homework.py", line 546, in <module>
    print(end-start)
NameError: name 'end' is not defined
##### End of output of failed program #####
##### vdhankar plays [J g7 e5] in 20.2926390171051s #####
##### Running: /usr/lib/jvm/jdk-14.0.1/bin/java -jar /lab/itti/projects/checkers-competition/server/referee.jar on run_22_vdhankar_glduncan #####
Move is valid
##### SUCCESS: /usr/lib/jvm/jdk-14.0.1/bin/java -jar /lab/itti/projects/checkers-competition/server/referee.jar on run_22_vdhankar_glduncan #####
INPUT for glduncan:
GAME
WHITE
298.78
.b.b.b.b
b.b.b...
.b.b....
....b...
........
w.w...w.
.w.w...w
w.w.w.w.
##### Running: /usr/bin/time -o time_22_vdhankar_glduncan.txt -f "%U" python3 homework.py > stulog.txt 2>&1 on glduncan #####
##### SUCCESS: /usr/bin/time -o time_22_vdhankar_glduncan.txt -f "%U" python3 homework.py > stulog.txt 2>&1 on glduncan #####
##### glduncan plays [E g1 f2] in 2.75s #####
##### Running: /usr/lib/jvm/jdk-14.0.1/bin/java -jar /lab/itti/projects/checkers-competition/server/referee.jar on run_22_vdhankar_glduncan #####
Move is valid
##### SUCCESS: /usr/lib/jvm/jdk-14.0.1/bin/java -jar /lab/itti/projects/checkers-competition/server/referee.jar on run_22_vdhankar_glduncan #####
INPUT for vdhankar:
GAME
BLACK
256.508284091949
.b.b.b.b
b.b.b...
.b.b....
....b...
........
w.w...w.
.w.w.w.w
w.w.w...
##### Running: /usr/bin/time -o time_22_vdhankar_glduncan.txt -f "%U" python3 homework.py > stulog.txt 2>&1 on vdhankar #####
child exited with value 1
##### ERROR: /usr/bin/time -o time_22_vdhankar_glduncan.txt -f "%U" python3 homework.py > stulog.txt 2>&1 on vdhankar #####
##### Output of failed program (stdout + stderr): #####
Traceback (most recent call last):
  File "homework.py", line 546, in <module>
    print(end-start)
NameError: name 'end' is not defined
##### End of output of failed program #####
##### vdhankar plays [E e5 f4] in 32.4246311187744s #####
##### Running: /usr/lib/jvm/jdk-14.0.1/bin/java -jar /lab/itti/projects/checkers-competition/server/referee.jar on run_22_vdhankar_glduncan #####
Move is valid
##### SUCCESS: /usr/lib/jvm/jdk-14.0.1/bin/java -jar /lab/itti/projects/checkers-competition/server/referee.jar on run_22_vdhankar_glduncan #####
INPUT for glduncan:
GAME
WHITE
296.03
.b.b.b.b
b.b.b...
.b.b....
........
.....b..
w.w...w.
.w.w.w.w
w.w.w...
##### Running: /usr/bin/time -o time_22_vdhankar_glduncan.txt -f "%U" python3 homework.py > stulog.txt 2>&1 on glduncan #####
##### SUCCESS: /usr/bin/time -o time_22_vdhankar_glduncan.txt -f "%U" python3 homework.py > stulog.txt 2>&1 on glduncan #####
##### glduncan plays [J g3 e5] in 0.13s #####
##### Running: /usr/lib/jvm/jdk-14.0.1/bin/java -jar /lab/itti/projects/checkers-competition/server/referee.jar on run_22_vdhankar_glduncan #####
Move is valid
##### SUCCESS: /usr/lib/jvm/jdk-14.0.1/bin/java -jar /lab/itti/projects/checkers-competition/server/referee.jar on run_22_vdhankar_glduncan #####
INPUT for vdhankar:
GAME
BLACK
224.083652973175
.b.b.b.b
b.b.b...
.b.b....
....w...
........
w.w.....
.w.w.w.w
w.w.w...
##### Running: /usr/bin/time -o time_22_vdhankar_glduncan.txt -f "%U" python3 homework.py > stulog.txt 2>&1 on vdhankar #####
child exited with value 1
##### ERROR: /usr/bin/time -o time_22_vdhankar_glduncan.txt -f "%U" python3 homework.py > stulog.txt 2>&1 on vdhankar #####
##### Output of failed program (stdout + stderr): #####
Traceback (most recent call last):
  File "homework.py", line 546, in <module>
    print(end-start)
NameError: name 'end' is not defined
##### End of output of failed program #####
##### vdhankar plays [J d6 f4] in 5.77842402458191s #####
##### Running: /usr/lib/jvm/jdk-14.0.1/bin/java -jar /lab/itti/projects/checkers-competition/server/referee.jar on run_22_vdhankar_glduncan #####
Move is valid
##### SUCCESS: /usr/lib/jvm/jdk-14.0.1/bin/java -jar /lab/itti/projects/checkers-competition/server/referee.jar on run_22_vdhankar_glduncan #####
INPUT for glduncan:
GAME
WHITE
295.9
.b.b.b.b
b.b.b...
.b......
........
.....b..
w.w.....
.w.w.w.w
w.w.w...
##### Running: /usr/bin/time -o time_22_vdhankar_glduncan.txt -f "%U" python3 homework.py > stulog.txt 2>&1 on glduncan #####
##### SUCCESS: /usr/bin/time -o time_22_vdhankar_glduncan.txt -f "%U" python3 homework.py > stulog.txt 2>&1 on glduncan #####
##### glduncan plays [E f2 e3] in 1.79s #####
##### Running: /usr/lib/jvm/jdk-14.0.1/bin/java -jar /lab/itti/projects/checkers-competition/server/referee.jar on run_22_vdhankar_glduncan #####
Move is valid
##### SUCCESS: /usr/lib/jvm/jdk-14.0.1/bin/java -jar /lab/itti/projects/checkers-competition/server/referee.jar on run_22_vdhankar_glduncan #####
INPUT for vdhankar:
GAME
BLACK
218.305228948593
.b.b.b.b
b.b.b...
.b......
........
.....b..
w.w.w...
.w.w...w
w.w.w...
##### Running: /usr/bin/time -o time_22_vdhankar_glduncan.txt -f "%U" python3 homework.py > stulog.txt 2>&1 on vdhankar #####
child exited with value 1
##### ERROR: /usr/bin/time -o time_22_vdhankar_glduncan.txt -f "%U" python3 homework.py > stulog.txt 2>&1 on vdhankar #####
##### Output of failed program (stdout + stderr): #####
Traceback (most recent call last):
  File "homework.py", line 546, in <module>
    print(end-start)
NameError: name 'end' is not defined
##### End of output of failed program #####
##### vdhankar plays [E b6 c5] in 8.16690587997437s #####
##### Running: /usr/lib/jvm/jdk-14.0.1/bin/java -jar /lab/itti/projects/checkers-competition/server/referee.jar on run_22_vdhankar_glduncan #####
Move is valid
##### SUCCESS: /usr/lib/jvm/jdk-14.0.1/bin/java -jar /lab/itti/projects/checkers-competition/server/referee.jar on run_22_vdhankar_glduncan #####
INPUT for glduncan:
GAME
WHITE
294.11
.b.b.b.b
b.b.b...
........
..b.....
.....b..
w.w.w...
.w.w...w
w.w.w...
##### Running: /usr/bin/time -o time_22_vdhankar_glduncan.txt -f "%U" python3 homework.py > stulog.txt 2>&1 on glduncan #####
##### SUCCESS: /usr/bin/time -o time_22_vdhankar_glduncan.txt -f "%U" python3 homework.py > stulog.txt 2>&1 on glduncan #####
##### glduncan plays [J e3 g5] in 0.56s #####
##### Running: /usr/lib/jvm/jdk-14.0.1/bin/java -jar /lab/itti/projects/checkers-competition/server/referee.jar on run_22_vdhankar_glduncan #####
Move is valid
##### SUCCESS: /usr/lib/jvm/jdk-14.0.1/bin/java -jar /lab/itti/projects/checkers-competition/server/referee.jar on run_22_vdhankar_glduncan #####
INPUT for vdhankar:
GAME
BLACK
210.138323068619
.b.b.b.b
b.b.b...
........
..b...w.
........
w.w.....
.w.w...w
w.w.w...
##### Running: /usr/bin/time -o time_22_vdhankar_glduncan.txt -f "%U" python3 homework.py > stulog.txt 2>&1 on vdhankar #####
child exited with value 1
##### ERROR: /usr/bin/time -o time_22_vdhankar_glduncan.txt -f "%U" python3 homework.py > stulog.txt 2>&1 on vdhankar #####
##### Output of failed program (stdout + stderr): #####
Traceback (most recent call last):
  File "homework.py", line 546, in <module>
    print(end-start)
NameError: name 'end' is not defined
##### End of output of failed program #####
##### vdhankar plays [E e7 d6] in 26.0371429920197s #####
##### Running: /usr/lib/jvm/jdk-14.0.1/bin/java -jar /lab/itti/projects/checkers-competition/server/referee.jar on run_22_vdhankar_glduncan #####
Move is valid
##### SUCCESS: /usr/lib/jvm/jdk-14.0.1/bin/java -jar /lab/itti/projects/checkers-competition/server/referee.jar on run_22_vdhankar_glduncan #####
INPUT for glduncan:
GAME
WHITE
293.55
.b.b.b.b
b.b.....
...b....
..b...w.
........
w.w.....
.w.w...w
w.w.w...
##### Running: /usr/bin/time -o time_22_vdhankar_glduncan.txt -f "%U" python3 homework.py > stulog.txt 2>&1 on glduncan #####
##### SUCCESS: /usr/bin/time -o time_22_vdhankar_glduncan.txt -f "%U" python3 homework.py > stulog.txt 2>&1 on glduncan #####
##### glduncan plays [E e1 f2] in 3.19s #####
##### Running: /usr/lib/jvm/jdk-14.0.1/bin/java -jar /lab/itti/projects/checkers-competition/server/referee.jar on run_22_vdhankar_glduncan #####
Move is valid
##### SUCCESS: /usr/lib/jvm/jdk-14.0.1/bin/java -jar /lab/itti/projects/checkers-competition/server/referee.jar on run_22_vdhankar_glduncan #####
INPUT for vdhankar:
GAME
BLACK
184.101180076599
.b.b.b.b
b.b.....
...b....
..b...w.
........
w.w.....
.w.w.w.w
w.w.....
##### Running: /usr/bin/time -o time_22_vdhankar_glduncan.txt -f "%U" python3 homework.py > stulog.txt 2>&1 on vdhankar #####
child exited with value 1
##### ERROR: /usr/bin/time -o time_22_vdhankar_glduncan.txt -f "%U" python3 homework.py > stulog.txt 2>&1 on vdhankar #####
##### Output of failed program (stdout + stderr): #####
Traceback (most recent call last):
  File "homework.py", line 546, in <module>
    print(end-start)
NameError: name 'end' is not defined
##### End of output of failed program #####
##### vdhankar plays [E d6 e5] in 65.8507959842682s #####
##### Running: /usr/lib/jvm/jdk-14.0.1/bin/java -jar /lab/itti/projects/checkers-competition/server/referee.jar on run_22_vdhankar_glduncan #####
Move is valid
##### SUCCESS: /usr/lib/jvm/jdk-14.0.1/bin/java -jar /lab/itti/projects/checkers-competition/server/referee.jar on run_22_vdhankar_glduncan #####
INPUT for glduncan:
GAME
WHITE
290.36
.b.b.b.b
b.b.....
........
..b.b.w.
........
w.w.....
.w.w.w.w
w.w.....
##### Running: /usr/bin/time -o time_22_vdhankar_glduncan.txt -f "%U" python3 homework.py > stulog.txt 2>&1 on glduncan #####
##### SUCCESS: /usr/bin/time -o time_22_vdhankar_glduncan.txt -f "%U" python3 homework.py > stulog.txt 2>&1 on glduncan #####
##### glduncan plays [E h2 g3] in 4.59s #####
##### Running: /usr/lib/jvm/jdk-14.0.1/bin/java -jar /lab/itti/projects/checkers-competition/server/referee.jar on run_22_vdhankar_glduncan #####
Move is valid
##### SUCCESS: /usr/lib/jvm/jdk-14.0.1/bin/java -jar /lab/itti/projects/checkers-competition/server/referee.jar on run_22_vdhankar_glduncan #####
INPUT for vdhankar:
GAME
BLACK
118.250384092331
.b.b.b.b
b.b.....
........
..b.b.w.
........
w.w...w.
.w.w.w..
w.w.....
##### Running: /usr/bin/time -o time_22_vdhankar_glduncan.txt -f "%U" python3 homework.py > stulog.txt 2>&1 on vdhankar #####
child exited with value 1
##### ERROR: /usr/bin/time -o time_22_vdhankar_glduncan.txt -f "%U" python3 homework.py > stulog.txt 2>&1 on vdhankar #####
##### Output of failed program (stdout + stderr): #####
Traceback (most recent call last):
  File "homework.py", line 546, in <module>
    print(end-start)
NameError: name 'end' is not defined
##### End of output of failed program #####
##### vdhankar plays [E c5 b4] in 46.0369889736176s #####
##### Running: /usr/lib/jvm/jdk-14.0.1/bin/java -jar /lab/itti/projects/checkers-competition/server/referee.jar on run_22_vdhankar_glduncan #####
Move is valid
##### SUCCESS: /usr/lib/jvm/jdk-14.0.1/bin/java -jar /lab/itti/projects/checkers-competition/server/referee.jar on run_22_vdhankar_glduncan #####
INPUT for glduncan:
GAME
WHITE
285.77
.b.b.b.b
b.b.....
........
....b.w.
.b......
w.w...w.
.w.w.w..
w.w.....
##### Running: /usr/bin/time -o time_22_vdhankar_glduncan.txt -f "%U" python3 homework.py > stulog.txt 2>&1 on glduncan #####
##### SUCCESS: /usr/bin/time -o time_22_vdhankar_glduncan.txt -f "%U" python3 homework.py > stulog.txt 2>&1 on glduncan #####
##### glduncan plays [J c3 a5] in 1.29s #####
##### Running: /usr/lib/jvm/jdk-14.0.1/bin/java -jar /lab/itti/projects/checkers-competition/server/referee.jar on run_22_vdhankar_glduncan #####
Move is valid
##### SUCCESS: /usr/lib/jvm/jdk-14.0.1/bin/java -jar /lab/itti/projects/checkers-competition/server/referee.jar on run_22_vdhankar_glduncan #####
INPUT for vdhankar:
GAME
BLACK
72.2133951187134
.b.b.b.b
b.b.....
........
w...b.w.
........
w.....w.
.w.w.w..
w.w.....
##### Running: /usr/bin/time -o time_22_vdhankar_glduncan.txt -f "%U" python3 homework.py > stulog.txt 2>&1 on vdhankar #####
child exited with value 1
##### ERROR: /usr/bin/time -o time_22_vdhankar_glduncan.txt -f "%U" python3 homework.py > stulog.txt 2>&1 on vdhankar #####
##### Output of failed program (stdout + stderr): #####
Traceback (most recent call last):
  File "homework.py", line 546, in <module>
    print(end-start)
NameError: name 'end' is not defined
##### End of output of failed program #####
##### vdhankar plays [E e5 d4] in 70.838084936142s #####
##### Running: /usr/lib/jvm/jdk-14.0.1/bin/java -jar /lab/itti/projects/checkers-competition/server/referee.jar on run_22_vdhankar_glduncan #####
Move is valid
##### SUCCESS: /usr/lib/jvm/jdk-14.0.1/bin/java -jar /lab/itti/projects/checkers-competition/server/referee.jar on run_22_vdhankar_glduncan #####
INPUT for glduncan:
GAME
WHITE
284.48
.b.b.b.b
b.b.....
........
w.....w.
...b....
w.....w.
.w.w.w..
w.w.....
##### Running: /usr/bin/time -o time_22_vdhankar_glduncan.txt -f "%U" python3 homework.py > stulog.txt 2>&1 on glduncan #####
##### SUCCESS: /usr/bin/time -o time_22_vdhankar_glduncan.txt -f "%U" python3 homework.py > stulog.txt 2>&1 on glduncan #####
##### glduncan plays [E d2 c3] in 2.98s #####
##### Running: /usr/lib/jvm/jdk-14.0.1/bin/java -jar /lab/itti/projects/checkers-competition/server/referee.jar on run_22_vdhankar_glduncan #####
Move is valid
##### SUCCESS: /usr/lib/jvm/jdk-14.0.1/bin/java -jar /lab/itti/projects/checkers-competition/server/referee.jar on run_22_vdhankar_glduncan #####
INPUT for vdhankar:
GAME
BLACK
1.37531018257141
.b.b.b.b
b.b.....
........
w.....w.
...b....
w.w...w.
.w...w..
w.w.....
##### Running: /usr/bin/time -o time_22_vdhankar_glduncan.txt -f "%U" python3 homework.py > stulog.txt 2>&1 on vdhankar #####
child exited with value 1
##### ERROR: /usr/bin/time -o time_22_vdhankar_glduncan.txt -f "%U" python3 homework.py > stulog.txt 2>&1 on vdhankar #####
##### Output of failed program (stdout + stderr): #####
Traceback (most recent call last):
  File "homework.py", line 546, in <module>
    print(end-start)
NameError: name 'end' is not defined
##### End of output of failed program #####
##### vdhankar plays [E c7 b6] in 0.409088134765625s #####
##### Running: /usr/lib/jvm/jdk-14.0.1/bin/java -jar /lab/itti/projects/checkers-competition/server/referee.jar on run_22_vdhankar_glduncan #####
Move is valid
##### SUCCESS: /usr/lib/jvm/jdk-14.0.1/bin/java -jar /lab/itti/projects/checkers-competition/server/referee.jar on run_22_vdhankar_glduncan #####
INPUT for glduncan:
GAME
WHITE
281.5
.b.b.b.b
b.......
.b......
w.....w.
...b....
w.w...w.
.w...w..
w.w.....
##### Running: /usr/bin/time -o time_22_vdhankar_glduncan.txt -f "%U" python3 homework.py > stulog.txt 2>&1 on glduncan #####
##### SUCCESS: /usr/bin/time -o time_22_vdhankar_glduncan.txt -f "%U" python3 homework.py > stulog.txt 2>&1 on glduncan #####
##### glduncan plays [J a5 c7] in 0.46s #####
##### Running: /usr/lib/jvm/jdk-14.0.1/bin/java -jar /lab/itti/projects/checkers-competition/server/referee.jar on run_22_vdhankar_glduncan #####
Move is valid
##### SUCCESS: /usr/lib/jvm/jdk-14.0.1/bin/java -jar /lab/itti/projects/checkers-competition/server/referee.jar on run_22_vdhankar_glduncan #####
INPUT for vdhankar:
GAME
BLACK
0.966222047805786
.b.b.b.b
b.w.....
........
......w.
...b....
w.w...w.
.w...w..
w.w.....
##### Running: /usr/bin/time -o time_22_vdhankar_glduncan.txt -f "%U" python3 homework.py > stulog.txt 2>&1 on vdhankar #####
child exited with value 1
##### ERROR: /usr/bin/time -o time_22_vdhankar_glduncan.txt -f "%U" python3 homework.py > stulog.txt 2>&1 on vdhankar #####
##### Output of failed program (stdout + stderr): #####
Traceback (most recent call last):
  File "homework.py", line 546, in <module>
    print(end-start)
NameError: name 'end' is not defined
##### End of output of failed program #####
##### vdhankar plays [J d8 b6] in 0.340353965759277s #####
##### Running: /usr/lib/jvm/jdk-14.0.1/bin/java -jar /lab/itti/projects/checkers-competition/server/referee.jar on run_22_vdhankar_glduncan #####
Move is valid
##### SUCCESS: /usr/lib/jvm/jdk-14.0.1/bin/java -jar /lab/itti/projects/checkers-competition/server/referee.jar on run_22_vdhankar_glduncan #####
INPUT for glduncan:
GAME
WHITE
281.04
.b...b.b
b.......
.b......
......w.
...b....
w.w...w.
.w...w..
w.w.....
##### Running: /usr/bin/time -o time_22_vdhankar_glduncan.txt -f "%U" python3 homework.py > stulog.txt 2>&1 on glduncan #####
##### SUCCESS: /usr/bin/time -o time_22_vdhankar_glduncan.txt -f "%U" python3 homework.py > stulog.txt 2>&1 on glduncan #####
##### glduncan plays [J c3 e5] in 0.47s #####
##### Running: /usr/lib/jvm/jdk-14.0.1/bin/java -jar /lab/itti/projects/checkers-competition/server/referee.jar on run_22_vdhankar_glduncan #####
Move is valid
##### SUCCESS: /usr/lib/jvm/jdk-14.0.1/bin/java -jar /lab/itti/projects/checkers-competition/server/referee.jar on run_22_vdhankar_glduncan #####
INPUT for vdhankar:
GAME
BLACK
0.625868082046509
.b...b.b
b.......
.b......
....w.w.
........
w.....w.
.w...w..
w.w.....
##### Running: /usr/bin/time -o time_22_vdhankar_glduncan.txt -f "%U" python3 homework.py > stulog.txt 2>&1 on vdhankar #####
child exited with value 1
##### ERROR: /usr/bin/time -o time_22_vdhankar_glduncan.txt -f "%U" python3 homework.py > stulog.txt 2>&1 on vdhankar #####
##### Output of failed program (stdout + stderr): #####
Traceback (most recent call last):
  File "homework.py", line 546, in <module>
    print(end-start)
NameError: name 'end' is not defined
##### End of output of failed program #####
##### vdhankar plays [E b6 c5] in 0.698981046676636s #####
##### Running: /usr/lib/jvm/jdk-14.0.1/bin/java -jar /lab/itti/projects/checkers-competition/server/referee.jar on run_22_vdhankar_glduncan #####
Move is valid
##### SUCCESS: /usr/lib/jvm/jdk-14.0.1/bin/java -jar /lab/itti/projects/checkers-competition/server/referee.jar on run_22_vdhankar_glduncan #####
INPUT for glduncan:
GAME
WHITE
280.57
.b...b.b
b.......
........
..b.w.w.
........
w.....w.
.w...w..
w.w.....
##### Running: /usr/bin/time -o time_22_vdhankar_glduncan.txt -f "%U" python3 homework.py > stulog.txt 2>&1 on glduncan #####
##### SUCCESS: /usr/bin/time -o time_22_vdhankar_glduncan.txt -f "%U" python3 homework.py > stulog.txt 2>&1 on glduncan #####
##### glduncan plays [E c1 d2] in 2.83s #####
##### Running: /usr/lib/jvm/jdk-14.0.1/bin/java -jar /lab/itti/projects/checkers-competition/server/referee.jar on run_22_vdhankar_glduncan #####
Move is valid
##### SUCCESS: /usr/lib/jvm/jdk-14.0.1/bin/java -jar /lab/itti/projects/checkers-competition/server/referee.jar on run_22_vdhankar_glduncan #####
INPUT for vdhankar:
GAME
BLACK
-0.073112964630127
.b...b.b
b.......
........
..b.w.w.
........
w.....w.
.w.w.w..
w.......
Not running vdhankar because of negative remaining time -- passing illegal move instead
##### No output.txt found. Making a bogus one... #####
##### Running: /usr/lib/jvm/jdk-14.0.1/bin/java -jar /lab/itti/projects/checkers-competition/server/referee.jar on run_22_vdhankar_glduncan #####
Step in a move needs to have 3 sections, found 1 in 'illegal'.
child exited with value 255
##### ERROR: /usr/lib/jvm/jdk-14.0.1/bin/java -jar /lab/itti/projects/checkers-competition/server/referee.jar on run_22_vdhankar_glduncan #####
Game server reported error. Assuming bogus move.
##### GAME OVER: vdhankar loses because of illegal move [No Move] #####
Server said: FAIL
########## ROUND 22 GAMESCORE AFTER GAME 1: vdhankar=0 and glduncan=1 ##########
#################### ROUND 22: vdhankar (W) vs glduncan (B): game 2 ####################
##### game start! #####
INPUT for glduncan:
GAME
BLACK
300
.b.b.b.b
b.b.b.b.
.b.b.b.b
........
........
w.w.w.w.
.w.w.w.w
w.w.w.w.
##### Running: /usr/bin/time -o time_22_vdhankar_glduncan.txt -f "%U" python3 homework.py > stulog.txt 2>&1 on glduncan #####
##### SUCCESS: /usr/bin/time -o time_22_vdhankar_glduncan.txt -f "%U" python3 homework.py > stulog.txt 2>&1 on glduncan #####
##### glduncan plays [E f6 e5] in 0.03s #####
##### Running: /usr/lib/jvm/jdk-14.0.1/bin/java -jar /lab/itti/projects/checkers-competition/server/referee.jar on run_22_vdhankar_glduncan #####
Move is valid
Couldn't read file 'current_ply.txt'
Couldn't read content from file 'current_ply.txt'
Couldn't read file 'lastmatchange_ply.txt'
Couldn't read content from file 'lastmatchange_ply.txt'
##### SUCCESS: /usr/lib/jvm/jdk-14.0.1/bin/java -jar /lab/itti/projects/checkers-competition/server/referee.jar on run_22_vdhankar_glduncan #####
INPUT for vdhankar:
GAME
WHITE
300
.b.b.b.b
b.b.b.b.
.b.b...b
....b...
........
w.w.w.w.
.w.w.w.w
w.w.w.w.
##### Running: /usr/bin/time -o time_22_vdhankar_glduncan.txt -f "%U" python3 homework.py > stulog.txt 2>&1 on vdhankar #####
child exited with value 1
##### ERROR: /usr/bin/time -o time_22_vdhankar_glduncan.txt -f "%U" python3 homework.py > stulog.txt 2>&1 on vdhankar #####
##### Output of failed program (stdout + stderr): #####
Traceback (most recent call last):
  File "homework.py", line 546, in <module>
    print(end-start)
NameError: name 'end' is not defined
##### End of output of failed program #####
##### vdhankar plays [E g3 h4] in 8.90264892578125s #####
##### Running: /usr/lib/jvm/jdk-14.0.1/bin/java -jar /lab/itti/projects/checkers-competition/server/referee.jar on run_22_vdhankar_glduncan #####
Move is valid
##### SUCCESS: /usr/lib/jvm/jdk-14.0.1/bin/java -jar /lab/itti/projects/checkers-competition/server/referee.jar on run_22_vdhankar_glduncan #####
INPUT for glduncan:
GAME
BLACK
299.97
.b.b.b.b
b.b.b.b.
.b.b...b
....b...
.......w
w.w.w...
.w.w.w.w
w.w.w.w.
##### Running: /usr/bin/time -o time_22_vdhankar_glduncan.txt -f "%U" python3 homework.py > stulog.txt 2>&1 on glduncan #####
##### SUCCESS: /usr/bin/time -o time_22_vdhankar_glduncan.txt -f "%U" python3 homework.py > stulog.txt 2>&1 on glduncan #####
##### glduncan plays [E e5 f4] in 2.19s #####
##### Running: /usr/lib/jvm/jdk-14.0.1/bin/java -jar /lab/itti/projects/checkers-competition/server/referee.jar on run_22_vdhankar_glduncan #####
Move is valid
##### SUCCESS: /usr/lib/jvm/jdk-14.0.1/bin/java -jar /lab/itti/projects/checkers-competition/server/referee.jar on run_22_vdhankar_glduncan #####
INPUT for vdhankar:
GAME
WHITE
291.097351074219
.b.b.b.b
b.b.b.b.
.b.b...b
........
.....b.w
w.w.w...
.w.w.w.w
w.w.w.w.
##### Running: /usr/bin/time -o time_22_vdhankar_glduncan.txt -f "%U" python3 homework.py > stulog.txt 2>&1 on vdhankar #####
child exited with value 1
##### ERROR: /usr/bin/time -o time_22_vdhankar_glduncan.txt -f "%U" python3 homework.py > stulog.txt 2>&1 on vdhankar #####
##### Output of failed program (stdout + stderr): #####
Traceback (most recent call last):
  File "homework.py", line 546, in <module>
    print(end-start)
NameError: name 'end' is not defined
##### End of output of failed program #####
##### vdhankar plays [J e3 g5] in 1.71688318252563s #####
##### Running: /usr/lib/jvm/jdk-14.0.1/bin/java -jar /lab/itti/projects/checkers-competition/server/referee.jar on run_22_vdhankar_glduncan #####
Move is valid
##### SUCCESS: /usr/lib/jvm/jdk-14.0.1/bin/java -jar /lab/itti/projects/checkers-competition/server/referee.jar on run_22_vdhankar_glduncan #####
INPUT for glduncan:
GAME
BLACK
297.78
.b.b.b.b
b.b.b.b.
.b.b...b
......w.
.......w
w.w.....
.w.w.w.w
w.w.w.w.
##### Running: /usr/bin/time -o time_22_vdhankar_glduncan.txt -f "%U" python3 homework.py > stulog.txt 2>&1 on glduncan #####
##### SUCCESS: /usr/bin/time -o time_22_vdhankar_glduncan.txt -f "%U" python3 homework.py > stulog.txt 2>&1 on glduncan #####
##### glduncan plays [J h6 f4] in 0.71s #####
##### Running: /usr/lib/jvm/jdk-14.0.1/bin/java -jar /lab/itti/projects/checkers-competition/server/referee.jar on run_22_vdhankar_glduncan #####
Move is valid
##### SUCCESS: /usr/lib/jvm/jdk-14.0.1/bin/java -jar /lab/itti/projects/checkers-competition/server/referee.jar on run_22_vdhankar_glduncan #####
INPUT for vdhankar:
GAME
WHITE
289.380467891693
.b.b.b.b
b.b.b.b.
.b.b....
........
.....b.w
w.w.....
.w.w.w.w
w.w.w.w.
##### Running: /usr/bin/time -o time_22_vdhankar_glduncan.txt -f "%U" python3 homework.py > stulog.txt 2>&1 on vdhankar #####
child exited with value 1
##### ERROR: /usr/bin/time -o time_22_vdhankar_glduncan.txt -f "%U" python3 homework.py > stulog.txt 2>&1 on vdhankar #####
##### Output of failed program (stdout + stderr): #####
Traceback (most recent call last):
  File "homework.py", line 546, in <module>
    print(end-start)
NameError: name 'end' is not defined
##### End of output of failed program #####
##### vdhankar plays [E c3 d4] in 19.6672079563141s #####
##### Running: /usr/lib/jvm/jdk-14.0.1/bin/java -jar /lab/itti/projects/checkers-competition/server/referee.jar on run_22_vdhankar_glduncan #####
Move is valid
##### SUCCESS: /usr/lib/jvm/jdk-14.0.1/bin/java -jar /lab/itti/projects/checkers-competition/server/referee.jar on run_22_vdhankar_glduncan #####
INPUT for glduncan:
GAME
BLACK
297.07
.b.b.b.b
b.b.b.b.
.b.b....
........
...w.b.w
w.......
.w.w.w.w
w.w.w.w.
##### Running: /usr/bin/time -o time_22_vdhankar_glduncan.txt -f "%U" python3 homework.py > stulog.txt 2>&1 on glduncan #####
##### SUCCESS: /usr/bin/time -o time_22_vdhankar_glduncan.txt -f "%U" python3 homework.py > stulog.txt 2>&1 on glduncan #####
##### glduncan plays [E d6 e5] in 3s #####
##### Running: /usr/lib/jvm/jdk-14.0.1/bin/java -jar /lab/itti/projects/checkers-competition/server/referee.jar on run_22_vdhankar_glduncan #####
Move is valid
##### SUCCESS: /usr/lib/jvm/jdk-14.0.1/bin/java -jar /lab/itti/projects/checkers-competition/server/referee.jar on run_22_vdhankar_glduncan #####
INPUT for vdhankar:
GAME
WHITE
269.713259935379
.b.b.b.b
b.b.b.b.
.b......
....b...
...w.b.w
w.......
.w.w.w.w
w.w.w.w.
##### Running: /usr/bin/time -o time_22_vdhankar_glduncan.txt -f "%U" python3 homework.py > stulog.txt 2>&1 on vdhankar #####
child exited with value 1
##### ERROR: /usr/bin/time -o time_22_vdhankar_glduncan.txt -f "%U" python3 homework.py > stulog.txt 2>&1 on vdhankar #####
##### Output of failed program (stdout + stderr): #####
Traceback (most recent call last):
  File "homework.py", line 546, in <module>
    print(end-start)
NameError: name 'end' is not defined
##### End of output of failed program #####
##### vdhankar plays [J d4 f6] in 4.06655502319336s #####
##### Running: /usr/lib/jvm/jdk-14.0.1/bin/java -jar /lab/itti/projects/checkers-competition/server/referee.jar on run_22_vdhankar_glduncan #####
Move is valid
##### SUCCESS: /usr/lib/jvm/jdk-14.0.1/bin/java -jar /lab/itti/projects/checkers-competition/server/referee.jar on run_22_vdhankar_glduncan #####
INPUT for glduncan:
GAME
BLACK
294.07
.b.b.b.b
b.b.b.b.
.b...w..
........
.....b.w
w.......
.w.w.w.w
w.w.w.w.
##### Running: /usr/bin/time -o time_22_vdhankar_glduncan.txt -f "%U" python3 homework.py > stulog.txt 2>&1 on glduncan #####
##### SUCCESS: /usr/bin/time -o time_22_vdhankar_glduncan.txt -f "%U" python3 homework.py > stulog.txt 2>&1 on glduncan #####
##### glduncan plays [J e7 g5] in 0.67s #####
##### Running: /usr/lib/jvm/jdk-14.0.1/bin/java -jar /lab/itti/projects/checkers-competition/server/referee.jar on run_22_vdhankar_glduncan #####
Move is valid
##### SUCCESS: /usr/lib/jvm/jdk-14.0.1/bin/java -jar /lab/itti/projects/checkers-competition/server/referee.jar on run_22_vdhankar_glduncan #####
INPUT for vdhankar:
GAME
WHITE
265.646704912186
.b.b.b.b
b.b...b.
.b......
......b.
.....b.w
w.......
.w.w.w.w
w.w.w.w.
##### Running: /usr/bin/time -o time_22_vdhankar_glduncan.txt -f "%U" python3 homework.py > stulog.txt 2>&1 on vdhankar #####
child exited with value 1
##### ERROR: /usr/bin/time -o time_22_vdhankar_glduncan.txt -f "%U" python3 homework.py > stulog.txt 2>&1 on vdhankar #####
##### Output of failed program (stdout + stderr): #####
Traceback (most recent call last):
  File "homework.py", line 546, in <module>
    print(end-start)
NameError: name 'end' is not defined
##### End of output of failed program #####
##### vdhankar plays [J h4 f6] in 3.05707097053528s #####
##### Running: /usr/lib/jvm/jdk-14.0.1/bin/java -jar /lab/itti/projects/checkers-competition/server/referee.jar on run_22_vdhankar_glduncan #####
Move is valid
##### SUCCESS: /usr/lib/jvm/jdk-14.0.1/bin/java -jar /lab/itti/projects/checkers-competition/server/referee.jar on run_22_vdhankar_glduncan #####
INPUT for glduncan:
GAME
BLACK
293.4
.b.b.b.b
b.b...b.
.b...w..
........
.....b..
w.......
.w.w.w.w
w.w.w.w.
##### Running: /usr/bin/time -o time_22_vdhankar_glduncan.txt -f "%U" python3 homework.py > stulog.txt 2>&1 on glduncan #####
##### SUCCESS: /usr/bin/time -o time_22_vdhankar_glduncan.txt -f "%U" python3 homework.py > stulog.txt 2>&1 on glduncan #####
##### glduncan plays [J g7 e5] in 0.6s #####
##### Running: /usr/lib/jvm/jdk-14.0.1/bin/java -jar /lab/itti/projects/checkers-competition/server/referee.jar on run_22_vdhankar_glduncan #####
Move is valid
##### SUCCESS: /usr/lib/jvm/jdk-14.0.1/bin/java -jar /lab/itti/projects/checkers-competition/server/referee.jar on run_22_vdhankar_glduncan #####
INPUT for vdhankar:
GAME
WHITE
262.58963394165
.b.b.b.b
b.b.....
.b......
....b...
.....b..
w.......
.w.w.w.w
w.w.w.w.
##### Running: /usr/bin/time -o time_22_vdhankar_glduncan.txt -f "%U" python3 homework.py > stulog.txt 2>&1 on vdhankar #####
child exited with value 1
##### ERROR: /usr/bin/time -o time_22_vdhankar_glduncan.txt -f "%U" python3 homework.py > stulog.txt 2>&1 on vdhankar #####
##### Output of failed program (stdout + stderr): #####
Traceback (most recent call last):
  File "homework.py", line 546, in <module>
    print(end-start)
NameError: name 'end' is not defined
##### End of output of failed program #####
##### vdhankar plays [E f2 e3] in 22.1924638748169s #####
##### Running: /usr/lib/jvm/jdk-14.0.1/bin/java -jar /lab/itti/projects/checkers-competition/server/referee.jar on run_22_vdhankar_glduncan #####
Move is valid
##### SUCCESS: /usr/lib/jvm/jdk-14.0.1/bin/java -jar /lab/itti/projects/checkers-competition/server/referee.jar on run_22_vdhankar_glduncan #####
INPUT for glduncan:
GAME
BLACK
292.8
.b.b.b.b
b.b.....
.b......
....b...
.....b..
w...w...
.w.w...w
w.w.w.w.
##### Running: /usr/bin/time -o time_22_vdhankar_glduncan.txt -f "%U" python3 homework.py > stulog.txt 2>&1 on glduncan #####
##### SUCCESS: /usr/bin/time -o time_22_vdhankar_glduncan.txt -f "%U" python3 homework.py > stulog.txt 2>&1 on glduncan #####
##### glduncan plays [E f4 g3] in 0.86s #####
##### Running: /usr/lib/jvm/jdk-14.0.1/bin/java -jar /lab/itti/projects/checkers-competition/server/referee.jar on run_22_vdhankar_glduncan #####
Move is valid
##### SUCCESS: /usr/lib/jvm/jdk-14.0.1/bin/java -jar /lab/itti/projects/checkers-competition/server/referee.jar on run_22_vdhankar_glduncan #####
INPUT for vdhankar:
GAME
WHITE
240.397170066833
.b.b.b.b
b.b.....
.b......
....b...
........
w...w.b.
.w.w...w
w.w.w.w.
##### Running: /usr/bin/time -o time_22_vdhankar_glduncan.txt -f "%U" python3 homework.py > stulog.txt 2>&1 on vdhankar #####
child exited with value 1
##### ERROR: /usr/bin/time -o time_22_vdhankar_glduncan.txt -f "%U" python3 homework.py > stulog.txt 2>&1 on vdhankar #####
##### Output of failed program (stdout + stderr): #####
Traceback (most recent call last):
  File "homework.py", line 546, in <module>
    print(end-start)
NameError: name 'end' is not defined
##### End of output of failed program #####
##### vdhankar plays [J h2 f4 ; J f4 d6] in 2.08195900917053s #####
##### Running: /usr/lib/jvm/jdk-14.0.1/bin/java -jar /lab/itti/projects/checkers-competition/server/referee.jar on run_22_vdhankar_glduncan #####
Move is valid
##### SUCCESS: /usr/lib/jvm/jdk-14.0.1/bin/java -jar /lab/itti/projects/checkers-competition/server/referee.jar on run_22_vdhankar_glduncan #####
INPUT for glduncan:
GAME
BLACK
291.94
.b.b.b.b
b.b.....
.b.w....
........
........
w...w...
.w.w....
w.w.w.w.
##### Running: /usr/bin/time -o time_22_vdhankar_glduncan.txt -f "%U" python3 homework.py > stulog.txt 2>&1 on glduncan #####
##### SUCCESS: /usr/bin/time -o time_22_vdhankar_glduncan.txt -f "%U" python3 homework.py > stulog.txt 2>&1 on glduncan #####
##### glduncan plays [J c7 e5] in 0.65s #####
##### Running: /usr/lib/jvm/jdk-14.0.1/bin/java -jar /lab/itti/projects/checkers-competition/server/referee.jar on run_22_vdhankar_glduncan #####
Move is valid
##### SUCCESS: /usr/lib/jvm/jdk-14.0.1/bin/java -jar /lab/itti/projects/checkers-competition/server/referee.jar on run_22_vdhankar_glduncan #####
INPUT for vdhankar:
GAME
WHITE
238.315211057663
.b.b.b.b
b.......
.b......
....b...
........
w...w...
.w.w....
w.w.w.w.
##### Running: /usr/bin/time -o time_22_vdhankar_glduncan.txt -f "%U" python3 homework.py > stulog.txt 2>&1 on vdhankar #####
child exited with value 1
##### ERROR: /usr/bin/time -o time_22_vdhankar_glduncan.txt -f "%U" python3 homework.py > stulog.txt 2>&1 on vdhankar #####
##### Output of failed program (stdout + stderr): #####
Traceback (most recent call last):
  File "homework.py", line 546, in <module>
    print(end-start)
NameError: name 'end' is not defined
##### End of output of failed program #####
##### vdhankar plays [E g1 h2] in 23.8433198928833s #####
##### Running: /usr/lib/jvm/jdk-14.0.1/bin/java -jar /lab/itti/projects/checkers-competition/server/referee.jar on run_22_vdhankar_glduncan #####
Move is valid
##### SUCCESS: /usr/lib/jvm/jdk-14.0.1/bin/java -jar /lab/itti/projects/checkers-competition/server/referee.jar on run_22_vdhankar_glduncan #####
INPUT for glduncan:
GAME
BLACK
291.29
.b.b.b.b
b.......
.b......
....b...
........
w...w...
.w.w...w
w.w.w...
##### Running: /usr/bin/time -o time_22_vdhankar_glduncan.txt -f "%U" python3 homework.py > stulog.txt 2>&1 on glduncan #####
##### SUCCESS: /usr/bin/time -o time_22_vdhankar_glduncan.txt -f "%U" python3 homework.py > stulog.txt 2>&1 on glduncan #####
##### glduncan plays [E e5 d4] in 2.96s #####
##### Running: /usr/lib/jvm/jdk-14.0.1/bin/java -jar /lab/itti/projects/checkers-competition/server/referee.jar on run_22_vdhankar_glduncan #####
Move is valid
##### SUCCESS: /usr/lib/jvm/jdk-14.0.1/bin/java -jar /lab/itti/projects/checkers-competition/server/referee.jar on run_22_vdhankar_glduncan #####
INPUT for vdhankar:
GAME
WHITE
214.47189116478
.b.b.b.b
b.......
.b......
........
...b....
w...w...
.w.w...w
w.w.w...
##### Running: /usr/bin/time -o time_22_vdhankar_glduncan.txt -f "%U" python3 homework.py > stulog.txt 2>&1 on vdhankar #####
child exited with value 1
##### ERROR: /usr/bin/time -o time_22_vdhankar_glduncan.txt -f "%U" python3 homework.py > stulog.txt 2>&1 on vdhankar #####
##### Output of failed program (stdout + stderr): #####
Traceback (most recent call last):
  File "homework.py", line 546, in <module>
    print(end-start)
NameError: name 'end' is not defined
##### End of output of failed program #####
##### vdhankar plays [J e3 c5] in 2.70473504066467s #####
##### Running: /usr/lib/jvm/jdk-14.0.1/bin/java -jar /lab/itti/projects/checkers-competition/server/referee.jar on run_22_vdhankar_glduncan #####
Move is valid
##### SUCCESS: /usr/lib/jvm/jdk-14.0.1/bin/java -jar /lab/itti/projects/checkers-competition/server/referee.jar on run_22_vdhankar_glduncan #####
INPUT for glduncan:
GAME
BLACK
288.33
.b.b.b.b
b.......
.b......
..w.....
........
w.......
.w.w...w
w.w.w...
##### Running: /usr/bin/time -o time_22_vdhankar_glduncan.txt -f "%U" python3 homework.py > stulog.txt 2>&1 on glduncan #####
##### SUCCESS: /usr/bin/time -o time_22_vdhankar_glduncan.txt -f "%U" python3 homework.py > stulog.txt 2>&1 on glduncan #####
##### glduncan plays [J b6 d4] in 0.41s #####
##### Running: /usr/lib/jvm/jdk-14.0.1/bin/java -jar /lab/itti/projects/checkers-competition/server/referee.jar on run_22_vdhankar_glduncan #####
Move is valid
##### SUCCESS: /usr/lib/jvm/jdk-14.0.1/bin/java -jar /lab/itti/projects/checkers-competition/server/referee.jar on run_22_vdhankar_glduncan #####
INPUT for vdhankar:
GAME
WHITE
211.767156124115
.b.b.b.b
b.......
........
........
...b....
w.......
.w.w...w
w.w.w...
##### Running: /usr/bin/time -o time_22_vdhankar_glduncan.txt -f "%U" python3 homework.py > stulog.txt 2>&1 on vdhankar #####
child exited with value 1
##### ERROR: /usr/bin/time -o time_22_vdhankar_glduncan.txt -f "%U" python3 homework.py > stulog.txt 2>&1 on vdhankar #####
##### Output of failed program (stdout + stderr): #####
Traceback (most recent call last):
  File "homework.py", line 546, in <module>
    print(end-start)
NameError: name 'end' is not defined
##### End of output of failed program #####
##### vdhankar plays [E e1 f2] in 25.3531999588013s #####
##### Running: /usr/lib/jvm/jdk-14.0.1/bin/java -jar /lab/itti/projects/checkers-competition/server/referee.jar on run_22_vdhankar_glduncan #####
Move is valid
##### SUCCESS: /usr/lib/jvm/jdk-14.0.1/bin/java -jar /lab/itti/projects/checkers-competition/server/referee.jar on run_22_vdhankar_glduncan #####
INPUT for glduncan:
GAME
BLACK
287.92
.b.b.b.b
b.......
........
........
...b....
w.......
.w.w.w.w
w.w.....
##### Running: /usr/bin/time -o time_22_vdhankar_glduncan.txt -f "%U" python3 homework.py > stulog.txt 2>&1 on glduncan #####
##### SUCCESS: /usr/bin/time -o time_22_vdhankar_glduncan.txt -f "%U" python3 homework.py > stulog.txt 2>&1 on glduncan #####
##### glduncan plays [E d4 e3] in 1.94s #####
##### Running: /usr/lib/jvm/jdk-14.0.1/bin/java -jar /lab/itti/projects/checkers-competition/server/referee.jar on run_22_vdhankar_glduncan #####
Move is valid
##### SUCCESS: /usr/lib/jvm/jdk-14.0.1/bin/java -jar /lab/itti/projects/checkers-competition/server/referee.jar on run_22_vdhankar_glduncan #####
INPUT for vdhankar:
GAME
WHITE
186.413956165314
.b.b.b.b
b.......
........
........
........
w...b...
.w.w.w.w
w.w.....
##### Running: /usr/bin/time -o time_22_vdhankar_glduncan.txt -f "%U" python3 homework.py > stulog.txt 2>&1 on vdhankar #####
child exited with value 1
##### ERROR: /usr/bin/time -o time_22_vdhankar_glduncan.txt -f "%U" python3 homework.py > stulog.txt 2>&1 on vdhankar #####
##### Output of failed program (stdout + stderr): #####
Traceback (most recent call last):
  File "homework.py", line 546, in <module>
    print(end-start)
NameError: name 'end' is not defined
##### End of output of failed program #####
##### vdhankar plays [J f2 d4] in 31.3279120922089s #####
##### Running: /usr/lib/jvm/jdk-14.0.1/bin/java -jar /lab/itti/projects/checkers-competition/server/referee.jar on run_22_vdhankar_glduncan #####
Move is valid
##### SUCCESS: /usr/lib/jvm/jdk-14.0.1/bin/java -jar /lab/itti/projects/checkers-competition/server/referee.jar on run_22_vdhankar_glduncan #####
INPUT for glduncan:
GAME
BLACK
285.98
.b.b.b.b
b.......
........
........
...w....
w.......
.w.w...w
w.w.....
##### Running: /usr/bin/time -o time_22_vdhankar_glduncan.txt -f "%U" python3 homework.py > stulog.txt 2>&1 on glduncan #####
##### SUCCESS: /usr/bin/time -o time_22_vdhankar_glduncan.txt -f "%U" python3 homework.py > stulog.txt 2>&1 on glduncan #####
##### glduncan plays [E a7 b6] in 1.84s #####
##### Running: /usr/lib/jvm/jdk-14.0.1/bin/java -jar /lab/itti/projects/checkers-competition/server/referee.jar on run_22_vdhankar_glduncan #####
Move is valid
##### SUCCESS: /usr/lib/jvm/jdk-14.0.1/bin/java -jar /lab/itti/projects/checkers-competition/server/referee.jar on run_22_vdhankar_glduncan #####
INPUT for vdhankar:
GAME
WHITE
155.086044073105
.b.b.b.b
........
.b......
........
...w....
w.......
.w.w...w
w.w.....
##### Running: /usr/bin/time -o time_22_vdhankar_glduncan.txt -f "%U" python3 homework.py > stulog.txt 2>&1 on vdhankar #####
child exited with value 1
##### ERROR: /usr/bin/time -o time_22_vdhankar_glduncan.txt -f "%U" python3 homework.py > stulog.txt 2>&1 on vdhankar #####
##### Output of failed program (stdout + stderr): #####
Traceback (most recent call last):
  File "homework.py", line 546, in <module>
    print(end-start)
NameError: name 'end' is not defined
##### End of output of failed program #####
##### vdhankar plays [E h2 g3] in 47.1717109680176s #####
##### Running: /usr/lib/jvm/jdk-14.0.1/bin/java -jar /lab/itti/projects/checkers-competition/server/referee.jar on run_22_vdhankar_glduncan #####
Move is valid
##### SUCCESS: /usr/lib/jvm/jdk-14.0.1/bin/java -jar /lab/itti/projects/checkers-competition/server/referee.jar on run_22_vdhankar_glduncan #####
INPUT for glduncan:
GAME
BLACK
284.14
.b.b.b.b
........
.b......
........
...w....
w.....w.
.w.w....
w.w.....
##### Running: /usr/bin/time -o time_22_vdhankar_glduncan.txt -f "%U" python3 homework.py > stulog.txt 2>&1 on glduncan #####
##### SUCCESS: /usr/bin/time -o time_22_vdhankar_glduncan.txt -f "%U" python3 homework.py > stulog.txt 2>&1 on glduncan #####
##### glduncan plays [E b6 a5] in 2.85s #####
##### Running: /usr/lib/jvm/jdk-14.0.1/bin/java -jar /lab/itti/projects/checkers-competition/server/referee.jar on run_22_vdhankar_glduncan #####
Move is valid
##### SUCCESS: /usr/lib/jvm/jdk-14.0.1/bin/java -jar /lab/itti/projects/checkers-competition/server/referee.jar on run_22_vdhankar_glduncan #####
INPUT for vdhankar:
GAME
WHITE
107.914333105087
.b.b.b.b
........
........
b.......
...w....
w.....w.
.w.w....
w.w.....
##### Running: /usr/bin/time -o time_22_vdhankar_glduncan.txt -f "%U" python3 homework.py > stulog.txt 2>&1 on vdhankar #####
child exited with value 1
##### ERROR: /usr/bin/time -o time_22_vdhankar_glduncan.txt -f "%U" python3 homework.py > stulog.txt 2>&1 on vdhankar #####
##### Output of failed program (stdout + stderr): #####
Traceback (most recent call last):
  File "homework.py", line 546, in <module>
    print(end-start)
NameError: name 'end' is not defined
##### End of output of failed program #####
##### vdhankar plays [E d2 c3] in 30.1191830635071s #####
##### Running: /usr/lib/jvm/jdk-14.0.1/bin/java -jar /lab/itti/projects/checkers-competition/server/referee.jar on run_22_vdhankar_glduncan #####
Move is valid
##### SUCCESS: /usr/lib/jvm/jdk-14.0.1/bin/java -jar /lab/itti/projects/checkers-competition/server/referee.jar on run_22_vdhankar_glduncan #####
INPUT for glduncan:
GAME
BLACK
281.29
.b.b.b.b
........
........
b.......
...w....
w.w...w.
.w......
w.w.....
##### Running: /usr/bin/time -o time_22_vdhankar_glduncan.txt -f "%U" python3 homework.py > stulog.txt 2>&1 on glduncan #####
##### SUCCESS: /usr/bin/time -o time_22_vdhankar_glduncan.txt -f "%U" python3 homework.py > stulog.txt 2>&1 on glduncan #####
##### glduncan plays [E h8 g7] in 1.87s #####
##### Running: /usr/lib/jvm/jdk-14.0.1/bin/java -jar /lab/itti/projects/checkers-competition/server/referee.jar on run_22_vdhankar_glduncan #####
Move is valid
##### SUCCESS: /usr/lib/jvm/jdk-14.0.1/bin/java -jar /lab/itti/projects/checkers-competition/server/referee.jar on run_22_vdhankar_glduncan #####
INPUT for vdhankar:
GAME
WHITE
77.7951500415802
.b.b.b..
......b.
........
b.......
...w....
w.w...w.
.w......
w.w.....
##### Running: /usr/bin/time -o time_22_vdhankar_glduncan.txt -f "%U" python3 homework.py > stulog.txt 2>&1 on vdhankar #####
child exited with value 1
##### ERROR: /usr/bin/time -o time_22_vdhankar_glduncan.txt -f "%U" python3 homework.py > stulog.txt 2>&1 on vdhankar #####
##### Output of failed program (stdout + stderr): #####
Traceback (most recent call last):
  File "homework.py", line 546, in <module>
    print(end-start)
NameError: name 'end' is not defined
##### End of output of failed program #####
##### vdhankar plays [E g3 h4] in 17.3699309825897s #####
##### Running: /usr/lib/jvm/jdk-14.0.1/bin/java -jar /lab/itti/projects/checkers-competition/server/referee.jar on run_22_vdhankar_glduncan #####
Move is valid
##### SUCCESS: /usr/lib/jvm/jdk-14.0.1/bin/java -jar /lab/itti/projects/checkers-competition/server/referee.jar on run_22_vdhankar_glduncan #####
INPUT for glduncan:
GAME
BLACK
279.42
.b.b.b..
......b.
........
b.......
...w...w
w.w.....
.w......
w.w.....
##### Running: /usr/bin/time -o time_22_vdhankar_glduncan.txt -f "%U" python3 homework.py > stulog.txt 2>&1 on glduncan #####
##### SUCCESS: /usr/bin/time -o time_22_vdhankar_glduncan.txt -f "%U" python3 homework.py > stulog.txt 2>&1 on glduncan #####
##### glduncan plays [E g7 h6] in 1.48s #####
##### Running: /usr/lib/jvm/jdk-14.0.1/bin/java -jar /lab/itti/projects/checkers-competition/server/referee.jar on run_22_vdhankar_glduncan #####
Move is valid
##### SUCCESS: /usr/lib/jvm/jdk-14.0.1/bin/java -jar /lab/itti/projects/checkers-competition/server/referee.jar on run_22_vdhankar_glduncan #####
INPUT for vdhankar:
GAME
WHITE
60.4252190589905
.b.b.b..
........
.......b
b.......
...w...w
w.w.....
.w......
w.w.....
##### Running: /usr/bin/time -o time_22_vdhankar_glduncan.txt -f "%U" python3 homework.py > stulog.txt 2>&1 on vdhankar #####
child exited with value 1
##### ERROR: /usr/bin/time -o time_22_vdhankar_glduncan.txt -f "%U" python3 homework.py > stulog.txt 2>&1 on vdhankar #####
##### Output of failed program (stdout + stderr): #####
Traceback (most recent call last):
  File "homework.py", line 546, in <module>
    print(end-start)
NameError: name 'end' is not defined
##### End of output of failed program #####
##### vdhankar plays [E c3 b4] in 8.96267890930176s #####
##### Running: /usr/lib/jvm/jdk-14.0.1/bin/java -jar /lab/itti/projects/checkers-competition/server/referee.jar on run_22_vdhankar_glduncan #####
Move is valid
##### SUCCESS: /usr/lib/jvm/jdk-14.0.1/bin/java -jar /lab/itti/projects/checkers-competition/server/referee.jar on run_22_vdhankar_glduncan #####
INPUT for glduncan:
GAME
BLACK
277.94
.b.b.b..
........
.......b
b.......
.w.w...w
w.......
.w......
w.w.....
##### Running: /usr/bin/time -o time_22_vdhankar_glduncan.txt -f "%U" python3 homework.py > stulog.txt 2>&1 on glduncan #####
##### SUCCESS: /usr/bin/time -o time_22_vdhankar_glduncan.txt -f "%U" python3 homework.py > stulog.txt 2>&1 on glduncan #####
##### glduncan plays [J a5 c3] in 0.29s #####
##### Running: /usr/lib/jvm/jdk-14.0.1/bin/java -jar /lab/itti/projects/checkers-competition/server/referee.jar on run_22_vdhankar_glduncan #####
Move is valid
##### SUCCESS: /usr/lib/jvm/jdk-14.0.1/bin/java -jar /lab/itti/projects/checkers-competition/server/referee.jar on run_22_vdhankar_glduncan #####
INPUT for vdhankar:
GAME
WHITE
51.4625401496887
.b.b.b..
........
.......b
........
...w...w
w.b.....
.w......
w.w.....
##### Running: /usr/bin/time -o time_22_vdhankar_glduncan.txt -f "%U" python3 homework.py > stulog.txt 2>&1 on vdhankar #####
child exited with value 1
##### ERROR: /usr/bin/time -o time_22_vdhankar_glduncan.txt -f "%U" python3 homework.py > stulog.txt 2>&1 on vdhankar #####
##### Output of failed program (stdout + stderr): #####
Traceback (most recent call last):
  File "homework.py", line 546, in <module>
    print(end-start)
NameError: name 'end' is not defined
##### End of output of failed program #####
##### vdhankar plays [E d4 e5] in 4.30704307556152s #####
##### Running: /usr/lib/jvm/jdk-14.0.1/bin/java -jar /lab/itti/projects/checkers-competition/server/referee.jar on run_22_vdhankar_glduncan #####
Move is valid
##### SUCCESS: /usr/lib/jvm/jdk-14.0.1/bin/java -jar /lab/itti/projects/checkers-competition/server/referee.jar on run_22_vdhankar_glduncan #####
INPUT for glduncan:
GAME
BLACK
277.65
.b.b.b..
........
.......b
....w...
.......w
w.b.....
.w......
w.w.....
##### Running: /usr/bin/time -o time_22_vdhankar_glduncan.txt -f "%U" python3 homework.py > stulog.txt 2>&1 on glduncan #####
##### SUCCESS: /usr/bin/time -o time_22_vdhankar_glduncan.txt -f "%U" python3 homework.py > stulog.txt 2>&1 on glduncan #####
##### glduncan plays [E c3 d2] in 0.5s #####
##### Running: /usr/lib/jvm/jdk-14.0.1/bin/java -jar /lab/itti/projects/checkers-competition/server/referee.jar on run_22_vdhankar_glduncan #####
Move is valid
##### SUCCESS: /usr/lib/jvm/jdk-14.0.1/bin/java -jar /lab/itti/projects/checkers-competition/server/referee.jar on run_22_vdhankar_glduncan #####
INPUT for vdhankar:
GAME
WHITE
47.1554970741272
.b.b.b..
........
.......b
....w...
.......w
w.......
.w.b....
w.w.....
##### Running: /usr/bin/time -o time_22_vdhankar_glduncan.txt -f "%U" python3 homework.py > stulog.txt 2>&1 on vdhankar #####
child exited with value 1
##### ERROR: /usr/bin/time -o time_22_vdhankar_glduncan.txt -f "%U" python3 homework.py > stulog.txt 2>&1 on vdhankar #####
##### Output of failed program (stdout + stderr): #####
Traceback (most recent call last):
  File "homework.py", line 546, in <module>
    print(end-start)
NameError: name 'end' is not defined
##### End of output of failed program #####
##### vdhankar plays [J c1 e3] in 1.72106695175171s #####
##### Running: /usr/lib/jvm/jdk-14.0.1/bin/java -jar /lab/itti/projects/checkers-competition/server/referee.jar on run_22_vdhankar_glduncan #####
Move is valid
##### SUCCESS: /usr/lib/jvm/jdk-14.0.1/bin/java -jar /lab/itti/projects/checkers-competition/server/referee.jar on run_22_vdhankar_glduncan #####
INPUT for glduncan:
GAME
BLACK
277.15
.b.b.b..
........
.......b
....w...
.......w
w...w...
.w......
w.......
##### Running: /usr/bin/time -o time_22_vdhankar_glduncan.txt -f "%U" python3 homework.py > stulog.txt 2>&1 on glduncan #####
##### SUCCESS: /usr/bin/time -o time_22_vdhankar_glduncan.txt -f "%U" python3 homework.py > stulog.txt 2>&1 on glduncan #####
##### glduncan plays [E f8 g7] in 1.1s #####
##### Running: /usr/lib/jvm/jdk-14.0.1/bin/java -jar /lab/itti/projects/checkers-competition/server/referee.jar on run_22_vdhankar_glduncan #####
Move is valid
##### SUCCESS: /usr/lib/jvm/jdk-14.0.1/bin/java -jar /lab/itti/projects/checkers-competition/server/referee.jar on run_22_vdhankar_glduncan #####
INPUT for vdhankar:
GAME
WHITE
45.4344301223755
.b.b....
......b.
.......b
....w...
.......w
w...w...
.w......
w.......
##### Running: /usr/bin/time -o time_22_vdhankar_glduncan.txt -f "%U" python3 homework.py > stulog.txt 2>&1 on vdhankar #####
child exited with value 1
##### ERROR: /usr/bin/time -o time_22_vdhankar_glduncan.txt -f "%U" python3 homework.py > stulog.txt 2>&1 on vdhankar #####
##### Output of failed program (stdout + stderr): #####
Traceback (most recent call last):
  File "homework.py", line 546, in <module>
    print(end-start)
NameError: name 'end' is not defined
##### End of output of failed program #####
##### vdhankar plays [E b2 c3] in 2.6170220375061s #####
##### Running: /usr/lib/jvm/jdk-14.0.1/bin/java -jar /lab/itti/projects/checkers-competition/server/referee.jar on run_22_vdhankar_glduncan #####
Move is valid
##### SUCCESS: /usr/lib/jvm/jdk-14.0.1/bin/java -jar /lab/itti/projects/checkers-competition/server/referee.jar on run_22_vdhankar_glduncan #####
INPUT for glduncan:
GAME
BLACK
276.05
.b.b....
......b.
.......b
....w...
.......w
w.w.w...
........
w.......
##### Running: /usr/bin/time -o time_22_vdhankar_glduncan.txt -f "%U" python3 homework.py > stulog.txt 2>&1 on glduncan #####
##### SUCCESS: /usr/bin/time -o time_22_vdhankar_glduncan.txt -f "%U" python3 homework.py > stulog.txt 2>&1 on glduncan #####
##### glduncan plays [E d8 e7] in 1s #####
##### Running: /usr/lib/jvm/jdk-14.0.1/bin/java -jar /lab/itti/projects/checkers-competition/server/referee.jar on run_22_vdhankar_glduncan #####
Move is valid
##### SUCCESS: /usr/lib/jvm/jdk-14.0.1/bin/java -jar /lab/itti/projects/checkers-competition/server/referee.jar on run_22_vdhankar_glduncan #####
INPUT for vdhankar:
GAME
WHITE
42.8174080848694
.b......
....b.b.
.......b
....w...
.......w
w.w.w...
........
w.......
##### Running: /usr/bin/time -o time_22_vdhankar_glduncan.txt -f "%U" python3 homework.py > stulog.txt 2>&1 on vdhankar #####
child exited with value 1
##### ERROR: /usr/bin/time -o time_22_vdhankar_glduncan.txt -f "%U" python3 homework.py > stulog.txt 2>&1 on vdhankar #####
##### Output of failed program (stdout + stderr): #####
Traceback (most recent call last):
  File "homework.py", line 546, in <module>
    print(end-start)
NameError: name 'end' is not defined
##### End of output of failed program #####
##### vdhankar plays [E e3 f4] in 1.65426707267761s #####
##### Running: /usr/lib/jvm/jdk-14.0.1/bin/java -jar /lab/itti/projects/checkers-competition/server/referee.jar on run_22_vdhankar_glduncan #####
Move is valid
##### SUCCESS: /usr/lib/jvm/jdk-14.0.1/bin/java -jar /lab/itti/projects/checkers-competition/server/referee.jar on run_22_vdhankar_glduncan #####
INPUT for glduncan:
GAME
BLACK
275.05
.b......
....b.b.
.......b
....w...
.....w.w
w.w.....
........
w.......
##### Running: /usr/bin/time -o time_22_vdhankar_glduncan.txt -f "%U" python3 homework.py > stulog.txt 2>&1 on glduncan #####
##### SUCCESS: /usr/bin/time -o time_22_vdhankar_glduncan.txt -f "%U" python3 homework.py > stulog.txt 2>&1 on glduncan #####
##### glduncan plays [E e7 f6] in 0.76s #####
##### Running: /usr/lib/jvm/jdk-14.0.1/bin/java -jar /lab/itti/projects/checkers-competition/server/referee.jar on run_22_vdhankar_glduncan #####
Move is valid
##### SUCCESS: /usr/lib/jvm/jdk-14.0.1/bin/java -jar /lab/itti/projects/checkers-competition/server/referee.jar on run_22_vdhankar_glduncan #####
INPUT for vdhankar:
GAME
WHITE
41.1631410121918
.b......
......b.
.....b.b
....w...
.....w.w
w.w.....
........
w.......
##### Running: /usr/bin/time -o time_22_vdhankar_glduncan.txt -f "%U" python3 homework.py > stulog.txt 2>&1 on vdhankar #####
child exited with value 1
##### ERROR: /usr/bin/time -o time_22_vdhankar_glduncan.txt -f "%U" python3 homework.py > stulog.txt 2>&1 on vdhankar #####
##### Output of failed program (stdout + stderr): #####
Traceback (most recent call last):
  File "homework.py", line 546, in <module>
    print(end-start)
NameError: name 'end' is not defined
##### End of output of failed program #####
##### vdhankar plays [E c3 d4] in 0.81384801864624s #####
##### Running: /usr/lib/jvm/jdk-14.0.1/bin/java -jar /lab/itti/projects/checkers-competition/server/referee.jar on run_22_vdhankar_glduncan #####
Move is valid
##### SUCCESS: /usr/lib/jvm/jdk-14.0.1/bin/java -jar /lab/itti/projects/checkers-competition/server/referee.jar on run_22_vdhankar_glduncan #####
INPUT for glduncan:
GAME
BLACK
274.29
.b......
......b.
.....b.b
....w...
...w.w.w
w.......
........
w.......
##### Running: /usr/bin/time -o time_22_vdhankar_glduncan.txt -f "%U" python3 homework.py > stulog.txt 2>&1 on glduncan #####
##### SUCCESS: /usr/bin/time -o time_22_vdhankar_glduncan.txt -f "%U" python3 homework.py > stulog.txt 2>&1 on glduncan #####
##### glduncan plays [E b8 c7] in 0.26s #####
##### Running: /usr/lib/jvm/jdk-14.0.1/bin/java -jar /lab/itti/projects/checkers-competition/server/referee.jar on run_22_vdhankar_glduncan #####
Move is valid
##### SUCCESS: /usr/lib/jvm/jdk-14.0.1/bin/java -jar /lab/itti/projects/checkers-competition/server/referee.jar on run_22_vdhankar_glduncan #####
INPUT for vdhankar:
GAME
WHITE
40.3492929935455
........
..b...b.
.....b.b
....w...
...w.w.w
w.......
........
w.......
##### Running: /usr/bin/time -o time_22_vdhankar_glduncan.txt -f "%U" python3 homework.py > stulog.txt 2>&1 on vdhankar #####
child exited with value 1
##### ERROR: /usr/bin/time -o time_22_vdhankar_glduncan.txt -f "%U" python3 homework.py > stulog.txt 2>&1 on vdhankar #####
##### Output of failed program (stdout + stderr): #####
Traceback (most recent call last):
  File "homework.py", line 546, in <module>
    print(end-start)
NameError: name 'end' is not defined
##### End of output of failed program #####
##### vdhankar plays [E a1 b2] in 0.904831886291504s #####
##### Running: /usr/lib/jvm/jdk-14.0.1/bin/java -jar /lab/itti/projects/checkers-competition/server/referee.jar on run_22_vdhankar_glduncan #####
Move is valid
##### SUCCESS: /usr/lib/jvm/jdk-14.0.1/bin/java -jar /lab/itti/projects/checkers-competition/server/referee.jar on run_22_vdhankar_glduncan #####
INPUT for glduncan:
GAME
BLACK
274.03
........
..b...b.
.....b.b
....w...
...w.w.w
w.......
.w......
........
##### Running: /usr/bin/time -o time_22_vdhankar_glduncan.txt -f "%U" python3 homework.py > stulog.txt 2>&1 on glduncan #####
##### SUCCESS: /usr/bin/time -o time_22_vdhankar_glduncan.txt -f "%U" python3 homework.py > stulog.txt 2>&1 on glduncan #####
##### glduncan plays [E c7 b6] in 0.24s #####
##### Running: /usr/lib/jvm/jdk-14.0.1/bin/java -jar /lab/itti/projects/checkers-competition/server/referee.jar on run_22_vdhankar_glduncan #####
Move is valid
##### SUCCESS: /usr/lib/jvm/jdk-14.0.1/bin/java -jar /lab/itti/projects/checkers-competition/server/referee.jar on run_22_vdhankar_glduncan #####
INPUT for vdhankar:
GAME
WHITE
39.444461107254
........
......b.
.b...b.b
....w...
...w.w.w
w.......
.w......
........
##### Running: /usr/bin/time -o time_22_vdhankar_glduncan.txt -f "%U" python3 homework.py > stulog.txt 2>&1 on vdhankar #####
child exited with value 1
##### ERROR: /usr/bin/time -o time_22_vdhankar_glduncan.txt -f "%U" python3 homework.py > stulog.txt 2>&1 on vdhankar #####
##### Output of failed program (stdout + stderr): #####
Traceback (most recent call last):
  File "homework.py", line 546, in <module>
    print(end-start)
NameError: name 'end' is not defined
##### End of output of failed program #####
##### vdhankar plays [E a3 b4] in 0.795305967330933s #####
##### Running: /usr/lib/jvm/jdk-14.0.1/bin/java -jar /lab/itti/projects/checkers-competition/server/referee.jar on run_22_vdhankar_glduncan #####
Move is valid
##### SUCCESS: /usr/lib/jvm/jdk-14.0.1/bin/java -jar /lab/itti/projects/checkers-competition/server/referee.jar on run_22_vdhankar_glduncan #####
INPUT for glduncan:
GAME
BLACK
273.79
........
......b.
.b...b.b
....w...
.w.w.w.w
........
.w......
........
##### Running: /usr/bin/time -o time_22_vdhankar_glduncan.txt -f "%U" python3 homework.py > stulog.txt 2>&1 on glduncan #####
##### SUCCESS: /usr/bin/time -o time_22_vdhankar_glduncan.txt -f "%U" python3 homework.py > stulog.txt 2>&1 on glduncan #####
##### glduncan plays [E b6 c5] in 0.26s #####
##### Running: /usr/lib/jvm/jdk-14.0.1/bin/java -jar /lab/itti/projects/checkers-competition/server/referee.jar on run_22_vdhankar_glduncan #####
Move is valid
##### SUCCESS: /usr/lib/jvm/jdk-14.0.1/bin/java -jar /lab/itti/projects/checkers-competition/server/referee.jar on run_22_vdhankar_glduncan #####
INPUT for vdhankar:
GAME
WHITE
38.6491551399231
........
......b.
.....b.b
..b.w...
.w.w.w.w
........
.w......
........
##### Running: /usr/bin/time -o time_22_vdhankar_glduncan.txt -f "%U" python3 homework.py > stulog.txt 2>&1 on vdhankar #####
child exited with value 1
##### ERROR: /usr/bin/time -o time_22_vdhankar_glduncan.txt -f "%U" python3 homework.py > stulog.txt 2>&1 on vdhankar #####
##### Output of failed program (stdout + stderr): #####
Traceback (most recent call last):
  File "homework.py", line 546, in <module>
    print(end-start)
NameError: name 'end' is not defined
##### End of output of failed program #####
##### vdhankar plays [J b4 d6] in 0.339360952377319s #####
##### Running: /usr/lib/jvm/jdk-14.0.1/bin/java -jar /lab/itti/projects/checkers-competition/server/referee.jar on run_22_vdhankar_glduncan #####
Move is valid
##### SUCCESS: /usr/lib/jvm/jdk-14.0.1/bin/java -jar /lab/itti/projects/checkers-competition/server/referee.jar on run_22_vdhankar_glduncan #####
INPUT for glduncan:
GAME
BLACK
273.53
........
......b.
...w.b.b
....w...
...w.w.w
........
.w......
........
##### Running: /usr/bin/time -o time_22_vdhankar_glduncan.txt -f "%U" python3 homework.py > stulog.txt 2>&1 on glduncan #####
##### SUCCESS: /usr/bin/time -o time_22_vdhankar_glduncan.txt -f "%U" python3 homework.py > stulog.txt 2>&1 on glduncan #####
##### glduncan plays [E f6 g5] in 0.09s #####
##### Running: /usr/lib/jvm/jdk-14.0.1/bin/java -jar /lab/itti/projects/checkers-competition/server/referee.jar on run_22_vdhankar_glduncan #####
Move is valid
##### SUCCESS: /usr/lib/jvm/jdk-14.0.1/bin/java -jar /lab/itti/projects/checkers-competition/server/referee.jar on run_22_vdhankar_glduncan #####
INPUT for vdhankar:
GAME
WHITE
38.3097941875458
........
......b.
...w...b
....w.b.
...w.w.w
........
.w......
........
##### Running: /usr/bin/time -o time_22_vdhankar_glduncan.txt -f "%U" python3 homework.py > stulog.txt 2>&1 on vdhankar #####
child exited with value 1
##### ERROR: /usr/bin/time -o time_22_vdhankar_glduncan.txt -f "%U" python3 homework.py > stulog.txt 2>&1 on vdhankar #####
##### Output of failed program (stdout + stderr): #####
Traceback (most recent call last):
  File "homework.py", line 546, in <module>
    print(end-start)
NameError: name 'end' is not defined
##### End of output of failed program #####
##### vdhankar plays [J h4 f6 ; J f6 h8] in 0.326008081436157s #####
##### Running: /usr/lib/jvm/jdk-14.0.1/bin/java -jar /lab/itti/projects/checkers-competition/server/referee.jar on run_22_vdhankar_glduncan #####
Move is valid
##### SUCCESS: /usr/lib/jvm/jdk-14.0.1/bin/java -jar /lab/itti/projects/checkers-competition/server/referee.jar on run_22_vdhankar_glduncan #####
INPUT for glduncan:
GAME
BLACK
273.44
.......W
........
...w...b
....w...
...w.w..
........
.w......
........
##### Running: /usr/bin/time -o time_22_vdhankar_glduncan.txt -f "%U" python3 homework.py > stulog.txt 2>&1 on glduncan #####
##### SUCCESS: /usr/bin/time -o time_22_vdhankar_glduncan.txt -f "%U" python3 homework.py > stulog.txt 2>&1 on glduncan #####
##### glduncan plays [E h6 g5] in 0.05s #####
##### Running: /usr/lib/jvm/jdk-14.0.1/bin/java -jar /lab/itti/projects/checkers-competition/server/referee.jar on run_22_vdhankar_glduncan #####
Move is valid
##### SUCCESS: /usr/lib/jvm/jdk-14.0.1/bin/java -jar /lab/itti/projects/checkers-competition/server/referee.jar on run_22_vdhankar_glduncan #####
INPUT for vdhankar:
GAME
WHITE
37.9837861061096
.......W
........
...w....
....w.b.
...w.w..
........
.w......
........
##### Running: /usr/bin/time -o time_22_vdhankar_glduncan.txt -f "%U" python3 homework.py > stulog.txt 2>&1 on vdhankar #####
child exited with value 1
##### ERROR: /usr/bin/time -o time_22_vdhankar_glduncan.txt -f "%U" python3 homework.py > stulog.txt 2>&1 on vdhankar #####
##### Output of failed program (stdout + stderr): #####
Traceback (most recent call last):
  File "homework.py", line 546, in <module>
    print(end-start)
NameError: name 'end' is not defined
##### End of output of failed program #####
##### vdhankar plays [J f4 h6] in 0.355020999908447s #####
##### Running: /usr/lib/jvm/jdk-14.0.1/bin/java -jar /lab/itti/projects/checkers-competition/server/referee.jar on run_22_vdhankar_glduncan #####
Move is valid
After this move, player BLACK cannot make any moves
*** Winner: WHITE ***
##### SUCCESS: /usr/lib/jvm/jdk-14.0.1/bin/java -jar /lab/itti/projects/checkers-competition/server/referee.jar on run_22_vdhankar_glduncan #####
##### GAME OVER: vdhankar wins the game! #####
Server said: WIN
########## ROUND 22 GAMESCORE AFTER GAME 2: vdhankar=1 and glduncan=1 ##########
#################### ROUND 22: vdhankar (B) vs glduncan (W): game 3 ####################
##### game start! #####
INPUT for vdhankar:
GAME
BLACK
300
.b.b.b.b
b.b.b.b.
.b.b.b.b
........
........
w.w.w.w.
.w.w.w.w
w.w.w.w.
##### Running: /usr/bin/time -o time_22_vdhankar_glduncan.txt -f "%U" python3 homework.py > stulog.txt 2>&1 on vdhankar #####
child exited with value 1
##### ERROR: /usr/bin/time -o time_22_vdhankar_glduncan.txt -f "%U" python3 homework.py > stulog.txt 2>&1 on vdhankar #####
##### Output of failed program (stdout + stderr): #####
Traceback (most recent call last):
  File "homework.py", line 546, in <module>
    print(end-start)
NameError: name 'end' is not defined
##### End of output of failed program #####
##### vdhankar plays [E h6 g5] in 11.1146879196167s #####
##### Running: /usr/lib/jvm/jdk-14.0.1/bin/java -jar /lab/itti/projects/checkers-competition/server/referee.jar on run_22_vdhankar_glduncan #####
Move is valid
Couldn't read file 'current_ply.txt'
Couldn't read content from file 'current_ply.txt'
Couldn't read file 'lastmatchange_ply.txt'
Couldn't read content from file 'lastmatchange_ply.txt'
##### SUCCESS: /usr/lib/jvm/jdk-14.0.1/bin/java -jar /lab/itti/projects/checkers-competition/server/referee.jar on run_22_vdhankar_glduncan #####
INPUT for glduncan:
GAME
WHITE
300
.b.b.b.b
b.b.b.b.
.b.b.b..
......b.
........
w.w.w.w.
.w.w.w.w
w.w.w.w.
##### Running: /usr/bin/time -o time_22_vdhankar_glduncan.txt -f "%U" python3 homework.py > stulog.txt 2>&1 on glduncan #####
##### SUCCESS: /usr/bin/time -o time_22_vdhankar_glduncan.txt -f "%U" python3 homework.py > stulog.txt 2>&1 on glduncan #####
##### glduncan plays [E e3 f4] in 0.05s #####
##### Running: /usr/lib/jvm/jdk-14.0.1/bin/java -jar /lab/itti/projects/checkers-competition/server/referee.jar on run_22_vdhankar_glduncan #####
Move is valid
##### SUCCESS: /usr/lib/jvm/jdk-14.0.1/bin/java -jar /lab/itti/projects/checkers-competition/server/referee.jar on run_22_vdhankar_glduncan #####
INPUT for vdhankar:
GAME
BLACK
288.885312080383
.b.b.b.b
b.b.b.b.
.b.b.b..
......b.
.....w..
w.w...w.
.w.w.w.w
w.w.w.w.
##### Running: /usr/bin/time -o time_22_vdhankar_glduncan.txt -f "%U" python3 homework.py > stulog.txt 2>&1 on vdhankar #####
child exited with value 1
##### ERROR: /usr/bin/time -o time_22_vdhankar_glduncan.txt -f "%U" python3 homework.py > stulog.txt 2>&1 on vdhankar #####
##### Output of failed program (stdout + stderr): #####
Traceback (most recent call last):
  File "homework.py", line 546, in <module>
    print(end-start)
NameError: name 'end' is not defined
##### End of output of failed program #####
##### vdhankar plays [J g5 e3] in 2.75262308120728s #####
##### Running: /usr/lib/jvm/jdk-14.0.1/bin/java -jar /lab/itti/projects/checkers-competition/server/referee.jar on run_22_vdhankar_glduncan #####
Move is valid
##### SUCCESS: /usr/lib/jvm/jdk-14.0.1/bin/java -jar /lab/itti/projects/checkers-competition/server/referee.jar on run_22_vdhankar_glduncan #####
INPUT for glduncan:
GAME
WHITE
299.95
.b.b.b.b
b.b.b.b.
.b.b.b..
........
........
w.w.b.w.
.w.w.w.w
w.w.w.w.
##### Running: /usr/bin/time -o time_22_vdhankar_glduncan.txt -f "%U" python3 homework.py > stulog.txt 2>&1 on glduncan #####
##### SUCCESS: /usr/bin/time -o time_22_vdhankar_glduncan.txt -f "%U" python3 homework.py > stulog.txt 2>&1 on glduncan #####
##### glduncan plays [J f2 d4] in 1.02s #####
##### Running: /usr/lib/jvm/jdk-14.0.1/bin/java -jar /lab/itti/projects/checkers-competition/server/referee.jar on run_22_vdhankar_glduncan #####
Move is valid
##### SUCCESS: /usr/lib/jvm/jdk-14.0.1/bin/java -jar /lab/itti/projects/checkers-competition/server/referee.jar on run_22_vdhankar_glduncan #####
INPUT for vdhankar:
GAME
BLACK
286.132688999176
.b.b.b.b
b.b.b.b.
.b.b.b..
........
...w....
w.w...w.
.w.w...w
w.w.w.w.
##### Running: /usr/bin/time -o time_22_vdhankar_glduncan.txt -f "%U" python3 homework.py > stulog.txt 2>&1 on vdhankar #####
child exited with value 1
##### ERROR: /usr/bin/time -o time_22_vdhankar_glduncan.txt -f "%U" python3 homework.py > stulog.txt 2>&1 on vdhankar #####
##### Output of failed program (stdout + stderr): #####
Traceback (most recent call last):
  File "homework.py", line 546, in <module>
    print(end-start)
NameError: name 'end' is not defined
##### End of output of failed program #####
##### vdhankar plays [E f6 e5] in 8.24660205841064s #####
##### Running: /usr/lib/jvm/jdk-14.0.1/bin/java -jar /lab/itti/projects/checkers-competition/server/referee.jar on run_22_vdhankar_glduncan #####
Move is valid
##### SUCCESS: /usr/lib/jvm/jdk-14.0.1/bin/java -jar /lab/itti/projects/checkers-competition/server/referee.jar on run_22_vdhankar_glduncan #####
INPUT for glduncan:
GAME
WHITE
298.93
.b.b.b.b
b.b.b.b.
.b.b....
....b...
...w....
w.w...w.
.w.w...w
w.w.w.w.
##### Running: /usr/bin/time -o time_22_vdhankar_glduncan.txt -f "%U" python3 homework.py > stulog.txt 2>&1 on glduncan #####
##### SUCCESS: /usr/bin/time -o time_22_vdhankar_glduncan.txt -f "%U" python3 homework.py > stulog.txt 2>&1 on glduncan #####
##### glduncan plays [J d4 f6] in 0.26s #####
##### Running: /usr/lib/jvm/jdk-14.0.1/bin/java -jar /lab/itti/projects/checkers-competition/server/referee.jar on run_22_vdhankar_glduncan #####
Move is valid
##### SUCCESS: /usr/lib/jvm/jdk-14.0.1/bin/java -jar /lab/itti/projects/checkers-competition/server/referee.jar on run_22_vdhankar_glduncan #####
INPUT for vdhankar:
GAME
BLACK
277.886086940765
.b.b.b.b
b.b.b.b.
.b.b.w..
........
........
w.w...w.
.w.w...w
w.w.w.w.
##### Running: /usr/bin/time -o time_22_vdhankar_glduncan.txt -f "%U" python3 homework.py > stulog.txt 2>&1 on vdhankar #####
child exited with value 1
##### ERROR: /usr/bin/time -o time_22_vdhankar_glduncan.txt -f "%U" python3 homework.py > stulog.txt 2>&1 on vdhankar #####
##### Output of failed program (stdout + stderr): #####
Traceback (most recent call last):
  File "homework.py", line 546, in <module>
    print(end-start)
NameError: name 'end' is not defined
##### End of output of failed program #####
##### vdhankar plays [J g7 e5] in 20.0926179885864s #####
##### Running: /usr/lib/jvm/jdk-14.0.1/bin/java -jar /lab/itti/projects/checkers-competition/server/referee.jar on run_22_vdhankar_glduncan #####
Move is valid
##### SUCCESS: /usr/lib/jvm/jdk-14.0.1/bin/java -jar /lab/itti/projects/checkers-competition/server/referee.jar on run_22_vdhankar_glduncan #####
INPUT for glduncan:
GAME
WHITE
298.67
.b.b.b.b
b.b.b...
.b.b....
....b...
........
w.w...w.
.w.w...w
w.w.w.w.
##### Running: /usr/bin/time -o time_22_vdhankar_glduncan.txt -f "%U" python3 homework.py > stulog.txt 2>&1 on glduncan #####
##### SUCCESS: /usr/bin/time -o time_22_vdhankar_glduncan.txt -f "%U" python3 homework.py > stulog.txt 2>&1 on glduncan #####
##### glduncan plays [E g1 f2] in 2.94s #####
##### Running: /usr/lib/jvm/jdk-14.0.1/bin/java -jar /lab/itti/projects/checkers-competition/server/referee.jar on run_22_vdhankar_glduncan #####
Move is valid
##### SUCCESS: /usr/lib/jvm/jdk-14.0.1/bin/java -jar /lab/itti/projects/checkers-competition/server/referee.jar on run_22_vdhankar_glduncan #####
INPUT for vdhankar:
GAME
BLACK
257.793468952179
.b.b.b.b
b.b.b...
.b.b....
....b...
........
w.w...w.
.w.w.w.w
w.w.w...
##### Running: /usr/bin/time -o time_22_vdhankar_glduncan.txt -f "%U" python3 homework.py > stulog.txt 2>&1 on vdhankar #####
child exited with value 1
##### ERROR: /usr/bin/time -o time_22_vdhankar_glduncan.txt -f "%U" python3 homework.py > stulog.txt 2>&1 on vdhankar #####
##### Output of failed program (stdout + stderr): #####
Traceback (most recent call last):
  File "homework.py", line 546, in <module>
    print(end-start)
NameError: name 'end' is not defined
##### End of output of failed program #####
##### vdhankar plays [E e5 f4] in 31.1369190216064s #####
##### Running: /usr/lib/jvm/jdk-14.0.1/bin/java -jar /lab/itti/projects/checkers-competition/server/referee.jar on run_22_vdhankar_glduncan #####
Move is valid
##### SUCCESS: /usr/lib/jvm/jdk-14.0.1/bin/java -jar /lab/itti/projects/checkers-competition/server/referee.jar on run_22_vdhankar_glduncan #####
INPUT for glduncan:
GAME
WHITE
295.73
.b.b.b.b
b.b.b...
.b.b....
........
.....b..
w.w...w.
.w.w.w.w
w.w.w...
##### Running: /usr/bin/time -o time_22_vdhankar_glduncan.txt -f "%U" python3 homework.py > stulog.txt 2>&1 on glduncan #####
##### SUCCESS: /usr/bin/time -o time_22_vdhankar_glduncan.txt -f "%U" python3 homework.py > stulog.txt 2>&1 on glduncan #####
##### glduncan plays [J g3 e5] in 0.13s #####
##### Running: /usr/lib/jvm/jdk-14.0.1/bin/java -jar /lab/itti/projects/checkers-competition/server/referee.jar on run_22_vdhankar_glduncan #####
Move is valid
##### SUCCESS: /usr/lib/jvm/jdk-14.0.1/bin/java -jar /lab/itti/projects/checkers-competition/server/referee.jar on run_22_vdhankar_glduncan #####
INPUT for vdhankar:
GAME
BLACK
226.656549930573
.b.b.b.b
b.b.b...
.b.b....
....w...
........
w.w.....
.w.w.w.w
w.w.w...
##### Running: /usr/bin/time -o time_22_vdhankar_glduncan.txt -f "%U" python3 homework.py > stulog.txt 2>&1 on vdhankar #####
child exited with value 1
##### ERROR: /usr/bin/time -o time_22_vdhankar_glduncan.txt -f "%U" python3 homework.py > stulog.txt 2>&1 on vdhankar #####
##### Output of failed program (stdout + stderr): #####
Traceback (most recent call last):
  File "homework.py", line 546, in <module>
    print(end-start)
NameError: name 'end' is not defined
##### End of output of failed program #####
##### vdhankar plays [J d6 f4] in 6.17232799530029s #####
##### Running: /usr/lib/jvm/jdk-14.0.1/bin/java -jar /lab/itti/projects/checkers-competition/server/referee.jar on run_22_vdhankar_glduncan #####
Move is valid
##### SUCCESS: /usr/lib/jvm/jdk-14.0.1/bin/java -jar /lab/itti/projects/checkers-competition/server/referee.jar on run_22_vdhankar_glduncan #####
INPUT for glduncan:
GAME
WHITE
295.6
.b.b.b.b
b.b.b...
.b......
........
.....b..
w.w.....
.w.w.w.w
w.w.w...
##### Running: /usr/bin/time -o time_22_vdhankar_glduncan.txt -f "%U" python3 homework.py > stulog.txt 2>&1 on glduncan #####
##### SUCCESS: /usr/bin/time -o time_22_vdhankar_glduncan.txt -f "%U" python3 homework.py > stulog.txt 2>&1 on glduncan #####
##### glduncan plays [E f2 e3] in 1.74s #####
##### Running: /usr/lib/jvm/jdk-14.0.1/bin/java -jar /lab/itti/projects/checkers-competition/server/referee.jar on run_22_vdhankar_glduncan #####
Move is valid
##### SUCCESS: /usr/lib/jvm/jdk-14.0.1/bin/java -jar /lab/itti/projects/checkers-competition/server/referee.jar on run_22_vdhankar_glduncan #####
INPUT for vdhankar:
GAME
BLACK
220.484221935272
.b.b.b.b
b.b.b...
.b......
........
.....b..
w.w.w...
.w.w...w
w.w.w...
##### Running: /usr/bin/time -o time_22_vdhankar_glduncan.txt -f "%U" python3 homework.py > stulog.txt 2>&1 on vdhankar #####
child exited with value 1
##### ERROR: /usr/bin/time -o time_22_vdhankar_glduncan.txt -f "%U" python3 homework.py > stulog.txt 2>&1 on vdhankar #####
##### Output of failed program (stdout + stderr): #####
Traceback (most recent call last):
  File "homework.py", line 546, in <module>
    print(end-start)
NameError: name 'end' is not defined
##### End of output of failed program #####
##### vdhankar plays [E b6 c5] in 8.40169715881348s #####
##### Running: /usr/lib/jvm/jdk-14.0.1/bin/java -jar /lab/itti/projects/checkers-competition/server/referee.jar on run_22_vdhankar_glduncan #####
Move is valid
##### SUCCESS: /usr/lib/jvm/jdk-14.0.1/bin/java -jar /lab/itti/projects/checkers-competition/server/referee.jar on run_22_vdhankar_glduncan #####
INPUT for glduncan:
GAME
WHITE
293.86
.b.b.b.b
b.b.b...
........
..b.....
.....b..
w.w.w...
.w.w...w
w.w.w...
##### Running: /usr/bin/time -o time_22_vdhankar_glduncan.txt -f "%U" python3 homework.py > stulog.txt 2>&1 on glduncan #####
##### SUCCESS: /usr/bin/time -o time_22_vdhankar_glduncan.txt -f "%U" python3 homework.py > stulog.txt 2>&1 on glduncan #####
##### glduncan plays [J e3 g5] in 0.61s #####
##### Running: /usr/lib/jvm/jdk-14.0.1/bin/java -jar /lab/itti/projects/checkers-competition/server/referee.jar on run_22_vdhankar_glduncan #####
Move is valid
##### SUCCESS: /usr/lib/jvm/jdk-14.0.1/bin/java -jar /lab/itti/projects/checkers-competition/server/referee.jar on run_22_vdhankar_glduncan #####
INPUT for vdhankar:
GAME
BLACK
212.082524776459
.b.b.b.b
b.b.b...
........
..b...w.
........
w.w.....
.w.w...w
w.w.w...
##### Running: /usr/bin/time -o time_22_vdhankar_glduncan.txt -f "%U" python3 homework.py > stulog.txt 2>&1 on vdhankar #####
child exited with value 1
##### ERROR: /usr/bin/time -o time_22_vdhankar_glduncan.txt -f "%U" python3 homework.py > stulog.txt 2>&1 on vdhankar #####
##### Output of failed program (stdout + stderr): #####
Traceback (most recent call last):
  File "homework.py", line 546, in <module>
    print(end-start)
NameError: name 'end' is not defined
##### End of output of failed program #####
##### vdhankar plays [E e7 d6] in 27.2325479984283s #####
##### Running: /usr/lib/jvm/jdk-14.0.1/bin/java -jar /lab/itti/projects/checkers-competition/server/referee.jar on run_22_vdhankar_glduncan #####
Move is valid
##### SUCCESS: /usr/lib/jvm/jdk-14.0.1/bin/java -jar /lab/itti/projects/checkers-competition/server/referee.jar on run_22_vdhankar_glduncan #####
INPUT for glduncan:
GAME
WHITE
293.25
.b.b.b.b
b.b.....
...b....
..b...w.
........
w.w.....
.w.w...w
w.w.w...
##### Running: /usr/bin/time -o time_22_vdhankar_glduncan.txt -f "%U" python3 homework.py > stulog.txt 2>&1 on glduncan #####
##### SUCCESS: /usr/bin/time -o time_22_vdhankar_glduncan.txt -f "%U" python3 homework.py > stulog.txt 2>&1 on glduncan #####
##### glduncan plays [E e1 f2] in 3.17s #####
##### Running: /usr/lib/jvm/jdk-14.0.1/bin/java -jar /lab/itti/projects/checkers-competition/server/referee.jar on run_22_vdhankar_glduncan #####
Move is valid
##### SUCCESS: /usr/lib/jvm/jdk-14.0.1/bin/java -jar /lab/itti/projects/checkers-competition/server/referee.jar on run_22_vdhankar_glduncan #####
INPUT for vdhankar:
GAME
BLACK
184.84997677803
.b.b.b.b
b.b.....
...b....
..b...w.
........
w.w.....
.w.w.w.w
w.w.....
##### Running: /usr/bin/time -o time_22_vdhankar_glduncan.txt -f "%U" python3 homework.py > stulog.txt 2>&1 on vdhankar #####
child exited with value 1
##### ERROR: /usr/bin/time -o time_22_vdhankar_glduncan.txt -f "%U" python3 homework.py > stulog.txt 2>&1 on vdhankar #####
##### Output of failed program (stdout + stderr): #####
Traceback (most recent call last):
  File "homework.py", line 546, in <module>
    print(end-start)
NameError: name 'end' is not defined
##### End of output of failed program #####
##### vdhankar plays [E d6 e5] in 69.3175559043884s #####
##### Running: /usr/lib/jvm/jdk-14.0.1/bin/java -jar /lab/itti/projects/checkers-competition/server/referee.jar on run_22_vdhankar_glduncan #####
Move is valid
##### SUCCESS: /usr/lib/jvm/jdk-14.0.1/bin/java -jar /lab/itti/projects/checkers-competition/server/referee.jar on run_22_vdhankar_glduncan #####
INPUT for glduncan:
GAME
WHITE
290.08
.b.b.b.b
b.b.....
........
..b.b.w.
........
w.w.....
.w.w.w.w
w.w.....
##### Running: /usr/bin/time -o time_22_vdhankar_glduncan.txt -f "%U" python3 homework.py > stulog.txt 2>&1 on glduncan #####
##### SUCCESS: /usr/bin/time -o time_22_vdhankar_glduncan.txt -f "%U" python3 homework.py > stulog.txt 2>&1 on glduncan #####
##### glduncan plays [E h2 g3] in 4.32s #####
##### Running: /usr/lib/jvm/jdk-14.0.1/bin/java -jar /lab/itti/projects/checkers-competition/server/referee.jar on run_22_vdhankar_glduncan #####
Move is valid
##### SUCCESS: /usr/lib/jvm/jdk-14.0.1/bin/java -jar /lab/itti/projects/checkers-competition/server/referee.jar on run_22_vdhankar_glduncan #####
INPUT for vdhankar:
GAME
BLACK
115.532420873642
.b.b.b.b
b.b.....
........
..b.b.w.
........
w.w...w.
.w.w.w..
w.w.....
##### Running: /usr/bin/time -o time_22_vdhankar_glduncan.txt -f "%U" python3 homework.py > stulog.txt 2>&1 on vdhankar #####
child exited with value 1
##### ERROR: /usr/bin/time -o time_22_vdhankar_glduncan.txt -f "%U" python3 homework.py > stulog.txt 2>&1 on vdhankar #####
##### Output of failed program (stdout + stderr): #####
Traceback (most recent call last):
  File "homework.py", line 546, in <module>
    print(end-start)
NameError: name 'end' is not defined
##### End of output of failed program #####
##### vdhankar plays [E c5 b4] in 48.6545650959015s #####
##### Running: /usr/lib/jvm/jdk-14.0.1/bin/java -jar /lab/itti/projects/checkers-competition/server/referee.jar on run_22_vdhankar_glduncan #####
Move is valid
##### SUCCESS: /usr/lib/jvm/jdk-14.0.1/bin/java -jar /lab/itti/projects/checkers-competition/server/referee.jar on run_22_vdhankar_glduncan #####
INPUT for glduncan:
GAME
WHITE
285.76
.b.b.b.b
b.b.....
........
....b.w.
.b......
w.w...w.
.w.w.w..
w.w.....
##### Running: /usr/bin/time -o time_22_vdhankar_glduncan.txt -f "%U" python3 homework.py > stulog.txt 2>&1 on glduncan #####
##### SUCCESS: /usr/bin/time -o time_22_vdhankar_glduncan.txt -f "%U" python3 homework.py > stulog.txt 2>&1 on glduncan #####
##### glduncan plays [J c3 a5] in 1.31s #####
##### Running: /usr/lib/jvm/jdk-14.0.1/bin/java -jar /lab/itti/projects/checkers-competition/server/referee.jar on run_22_vdhankar_glduncan #####
Move is valid
##### SUCCESS: /usr/lib/jvm/jdk-14.0.1/bin/java -jar /lab/itti/projects/checkers-competition/server/referee.jar on run_22_vdhankar_glduncan #####
INPUT for vdhankar:
GAME
BLACK
66.8778557777405
.b.b.b.b
b.b.....
........
w...b.w.
........
w.....w.
.w.w.w..
w.w.....
##### Running: /usr/bin/time -o time_22_vdhankar_glduncan.txt -f "%U" python3 homework.py > stulog.txt 2>&1 on vdhankar #####
child exited with value 1
##### ERROR: /usr/bin/time -o time_22_vdhankar_glduncan.txt -f "%U" python3 homework.py > stulog.txt 2>&1 on vdhankar #####
##### Output of failed program (stdout + stderr): #####
Traceback (most recent call last):
  File "homework.py", line 546, in <module>
    print(end-start)
NameError: name 'end' is not defined
##### End of output of failed program #####
##### vdhankar plays [E e5 d4] in 75.4311380386353s #####
##### Running: /usr/lib/jvm/jdk-14.0.1/bin/java -jar /lab/itti/projects/checkers-competition/server/referee.jar on run_22_vdhankar_glduncan #####
Move is valid
##### SUCCESS: /usr/lib/jvm/jdk-14.0.1/bin/java -jar /lab/itti/projects/checkers-competition/server/referee.jar on run_22_vdhankar_glduncan #####
INPUT for glduncan:
GAME
WHITE
284.45
.b.b.b.b
b.b.....
........
w.....w.
...b....
w.....w.
.w.w.w..
w.w.....
##### Running: /usr/bin/time -o time_22_vdhankar_glduncan.txt -f "%U" python3 homework.py > stulog.txt 2>&1 on glduncan #####
##### SUCCESS: /usr/bin/time -o time_22_vdhankar_glduncan.txt -f "%U" python3 homework.py > stulog.txt 2>&1 on glduncan #####
##### glduncan plays [E d2 c3] in 2.81s #####
##### Running: /usr/lib/jvm/jdk-14.0.1/bin/java -jar /lab/itti/projects/checkers-competition/server/referee.jar on run_22_vdhankar_glduncan #####
Move is valid
##### SUCCESS: /usr/lib/jvm/jdk-14.0.1/bin/java -jar /lab/itti/projects/checkers-competition/server/referee.jar on run_22_vdhankar_glduncan #####
INPUT for vdhankar:
GAME
BLACK
-8.55328226089478
.b.b.b.b
b.b.....
........
w.....w.
...b....
w.w...w.
.w...w..
w.w.....
Not running vdhankar because of negative remaining time -- passing illegal move instead
##### No output.txt found. Making a bogus one... #####
##### Running: /usr/lib/jvm/jdk-14.0.1/bin/java -jar /lab/itti/projects/checkers-competition/server/referee.jar on run_22_vdhankar_glduncan #####
Step in a move needs to have 3 sections, found 1 in 'illegal'.
child exited with value 255
##### ERROR: /usr/lib/jvm/jdk-14.0.1/bin/java -jar /lab/itti/projects/checkers-competition/server/referee.jar on run_22_vdhankar_glduncan #####
Game server reported error. Assuming bogus move.
##### GAME OVER: vdhankar loses because of illegal move [No Move] #####
Server said: FAIL
########## ROUND 22 GAMESCORE AFTER GAME 3: vdhankar=1 and glduncan=2 ##########
#################### ROUND 22: vdhankar (W) vs glduncan (B): game 4 ####################
##### game start! #####
INPUT for glduncan:
GAME
BLACK
300
.b.b.b.b
b.b.b.b.
.b.b.b.b
........
........
w.w.w.w.
.w.w.w.w
w.w.w.w.
##### Running: /usr/bin/time -o time_22_vdhankar_glduncan.txt -f "%U" python3 homework.py > stulog.txt 2>&1 on glduncan #####
##### SUCCESS: /usr/bin/time -o time_22_vdhankar_glduncan.txt -f "%U" python3 homework.py > stulog.txt 2>&1 on glduncan #####
##### glduncan plays [E f6 e5] in 0.04s #####
##### Running: /usr/lib/jvm/jdk-14.0.1/bin/java -jar /lab/itti/projects/checkers-competition/server/referee.jar on run_22_vdhankar_glduncan #####
Move is valid
Couldn't read file 'current_ply.txt'
Couldn't read content from file 'current_ply.txt'
Couldn't read file 'lastmatchange_ply.txt'
Couldn't read content from file 'lastmatchange_ply.txt'
##### SUCCESS: /usr/lib/jvm/jdk-14.0.1/bin/java -jar /lab/itti/projects/checkers-competition/server/referee.jar on run_22_vdhankar_glduncan #####
INPUT for vdhankar:
GAME
WHITE
300
.b.b.b.b
b.b.b.b.
.b.b...b
....b...
........
w.w.w.w.
.w.w.w.w
w.w.w.w.
##### Running: /usr/bin/time -o time_22_vdhankar_glduncan.txt -f "%U" python3 homework.py > stulog.txt 2>&1 on vdhankar #####
child exited with value 1
##### ERROR: /usr/bin/time -o time_22_vdhankar_glduncan.txt -f "%U" python3 homework.py > stulog.txt 2>&1 on vdhankar #####
##### Output of failed program (stdout + stderr): #####
Traceback (most recent call last):
  File "homework.py", line 546, in <module>
    print(end-start)
NameError: name 'end' is not defined
##### End of output of failed program #####
##### vdhankar plays [E g3 h4] in 10.2902920246124s #####
##### Running: /usr/lib/jvm/jdk-14.0.1/bin/java -jar /lab/itti/projects/checkers-competition/server/referee.jar on run_22_vdhankar_glduncan #####
Move is valid
##### SUCCESS: /usr/lib/jvm/jdk-14.0.1/bin/java -jar /lab/itti/projects/checkers-competition/server/referee.jar on run_22_vdhankar_glduncan #####
INPUT for glduncan:
GAME
BLACK
299.96
.b.b.b.b
b.b.b.b.
.b.b...b
....b...
.......w
w.w.w...
.w.w.w.w
w.w.w.w.
##### Running: /usr/bin/time -o time_22_vdhankar_glduncan.txt -f "%U" python3 homework.py > stulog.txt 2>&1 on glduncan #####
##### SUCCESS: /usr/bin/time -o time_22_vdhankar_glduncan.txt -f "%U" python3 homework.py > stulog.txt 2>&1 on glduncan #####
##### glduncan plays [E e5 f4] in 2.09s #####
##### Running: /usr/lib/jvm/jdk-14.0.1/bin/java -jar /lab/itti/projects/checkers-competition/server/referee.jar on run_22_vdhankar_glduncan #####
Move is valid
##### SUCCESS: /usr/lib/jvm/jdk-14.0.1/bin/java -jar /lab/itti/projects/checkers-competition/server/referee.jar on run_22_vdhankar_glduncan #####
INPUT for vdhankar:
GAME
WHITE
289.709707975388
.b.b.b.b
b.b.b.b.
.b.b...b
........
.....b.w
w.w.w...
.w.w.w.w
w.w.w.w.
##### Running: /usr/bin/time -o time_22_vdhankar_glduncan.txt -f "%U" python3 homework.py > stulog.txt 2>&1 on vdhankar #####
child exited with value 1
##### ERROR: /usr/bin/time -o time_22_vdhankar_glduncan.txt -f "%U" python3 homework.py > stulog.txt 2>&1 on vdhankar #####
##### Output of failed program (stdout + stderr): #####
Traceback (most recent call last):
  File "homework.py", line 546, in <module>
    print(end-start)
NameError: name 'end' is not defined
##### End of output of failed program #####
##### vdhankar plays [J e3 g5] in 1.88205099105835s #####
##### Running: /usr/lib/jvm/jdk-14.0.1/bin/java -jar /lab/itti/projects/checkers-competition/server/referee.jar on run_22_vdhankar_glduncan #####
Move is valid
##### SUCCESS: /usr/lib/jvm/jdk-14.0.1/bin/java -jar /lab/itti/projects/checkers-competition/server/referee.jar on run_22_vdhankar_glduncan #####
INPUT for glduncan:
GAME
BLACK
297.87
.b.b.b.b
b.b.b.b.
.b.b...b
......w.
.......w
w.w.....
.w.w.w.w
w.w.w.w.
##### Running: /usr/bin/time -o time_22_vdhankar_glduncan.txt -f "%U" python3 homework.py > stulog.txt 2>&1 on glduncan #####
##### SUCCESS: /usr/bin/time -o time_22_vdhankar_glduncan.txt -f "%U" python3 homework.py > stulog.txt 2>&1 on glduncan #####
##### glduncan plays [J h6 f4] in 0.79s #####
##### Running: /usr/lib/jvm/jdk-14.0.1/bin/java -jar /lab/itti/projects/checkers-competition/server/referee.jar on run_22_vdhankar_glduncan #####
Move is valid
##### SUCCESS: /usr/lib/jvm/jdk-14.0.1/bin/java -jar /lab/itti/projects/checkers-competition/server/referee.jar on run_22_vdhankar_glduncan #####
INPUT for vdhankar:
GAME
WHITE
287.827656984329
.b.b.b.b
b.b.b.b.
.b.b....
........
.....b.w
w.w.....
.w.w.w.w
w.w.w.w.
##### Running: /usr/bin/time -o time_22_vdhankar_glduncan.txt -f "%U" python3 homework.py > stulog.txt 2>&1 on vdhankar #####
child exited with value 1
##### ERROR: /usr/bin/time -o time_22_vdhankar_glduncan.txt -f "%U" python3 homework.py > stulog.txt 2>&1 on vdhankar #####
##### Output of failed program (stdout + stderr): #####
Traceback (most recent call last):
  File "homework.py", line 546, in <module>
    print(end-start)
NameError: name 'end' is not defined
##### End of output of failed program #####
##### vdhankar plays [E c3 d4] in 20.2181799411774s #####
##### Running: /usr/lib/jvm/jdk-14.0.1/bin/java -jar /lab/itti/projects/checkers-competition/server/referee.jar on run_22_vdhankar_glduncan #####
Move is valid
##### SUCCESS: /usr/lib/jvm/jdk-14.0.1/bin/java -jar /lab/itti/projects/checkers-competition/server/referee.jar on run_22_vdhankar_glduncan #####
INPUT for glduncan:
GAME
BLACK
297.08
.b.b.b.b
b.b.b.b.
.b.b....
........
...w.b.w
w.......
.w.w.w.w
w.w.w.w.
##### Running: /usr/bin/time -o time_22_vdhankar_glduncan.txt -f "%U" python3 homework.py > stulog.txt 2>&1 on glduncan #####
##### SUCCESS: /usr/bin/time -o time_22_vdhankar_glduncan.txt -f "%U" python3 homework.py > stulog.txt 2>&1 on glduncan #####
##### glduncan plays [E d6 e5] in 3.32s #####
##### Running: /usr/lib/jvm/jdk-14.0.1/bin/java -jar /lab/itti/projects/checkers-competition/server/referee.jar on run_22_vdhankar_glduncan #####
Move is valid
##### SUCCESS: /usr/lib/jvm/jdk-14.0.1/bin/java -jar /lab/itti/projects/checkers-competition/server/referee.jar on run_22_vdhankar_glduncan #####
INPUT for vdhankar:
GAME
WHITE
267.609477043152
.b.b.b.b
b.b.b.b.
.b......
....b...
...w.b.w
w.......
.w.w.w.w
w.w.w.w.
##### Running: /usr/bin/time -o time_22_vdhankar_glduncan.txt -f "%U" python3 homework.py > stulog.txt 2>&1 on vdhankar #####
child exited with value 1
##### ERROR: /usr/bin/time -o time_22_vdhankar_glduncan.txt -f "%U" python3 homework.py > stulog.txt 2>&1 on vdhankar #####
##### Output of failed program (stdout + stderr): #####
Traceback (most recent call last):
  File "homework.py", line 546, in <module>
    print(end-start)
NameError: name 'end' is not defined
##### End of output of failed program #####
##### vdhankar plays [J d4 f6] in 4.67562985420227s #####
##### Running: /usr/lib/jvm/jdk-14.0.1/bin/java -jar /lab/itti/projects/checkers-competition/server/referee.jar on run_22_vdhankar_glduncan #####
Move is valid
##### SUCCESS: /usr/lib/jvm/jdk-14.0.1/bin/java -jar /lab/itti/projects/checkers-competition/server/referee.jar on run_22_vdhankar_glduncan #####
INPUT for glduncan:
GAME
BLACK
293.76
.b.b.b.b
b.b.b.b.
.b...w..
........
.....b.w
w.......
.w.w.w.w
w.w.w.w.
##### Running: /usr/bin/time -o time_22_vdhankar_glduncan.txt -f "%U" python3 homework.py > stulog.txt 2>&1 on glduncan #####
##### SUCCESS: /usr/bin/time -o time_22_vdhankar_glduncan.txt -f "%U" python3 homework.py > stulog.txt 2>&1 on glduncan #####
##### glduncan plays [J e7 g5] in 0.76s #####
##### Running: /usr/lib/jvm/jdk-14.0.1/bin/java -jar /lab/itti/projects/checkers-competition/server/referee.jar on run_22_vdhankar_glduncan #####
Move is valid
##### SUCCESS: /usr/lib/jvm/jdk-14.0.1/bin/java -jar /lab/itti/projects/checkers-competition/server/referee.jar on run_22_vdhankar_glduncan #####
INPUT for vdhankar:
GAME
WHITE
262.93384718895
.b.b.b.b
b.b...b.
.b......
......b.
.....b.w
w.......
.w.w.w.w
w.w.w.w.
##### Running: /usr/bin/time -o time_22_vdhankar_glduncan.txt -f "%U" python3 homework.py > stulog.txt 2>&1 on vdhankar #####
child exited with value 1
##### ERROR: /usr/bin/time -o time_22_vdhankar_glduncan.txt -f "%U" python3 homework.py > stulog.txt 2>&1 on vdhankar #####
##### Output of failed program (stdout + stderr): #####
Traceback (most recent call last):
  File "homework.py", line 546, in <module>
    print(end-start)
NameError: name 'end' is not defined
##### End of output of failed program #####
##### vdhankar plays [J h4 f6] in 2.74850797653198s #####
##### Running: /usr/lib/jvm/jdk-14.0.1/bin/java -jar /lab/itti/projects/checkers-competition/server/referee.jar on run_22_vdhankar_glduncan #####
Move is valid
##### SUCCESS: /usr/lib/jvm/jdk-14.0.1/bin/java -jar /lab/itti/projects/checkers-competition/server/referee.jar on run_22_vdhankar_glduncan #####
INPUT for glduncan:
GAME
BLACK
293
.b.b.b.b
b.b...b.
.b...w..
........
.....b..
w.......
.w.w.w.w
w.w.w.w.
##### Running: /usr/bin/time -o time_22_vdhankar_glduncan.txt -f "%U" python3 homework.py > stulog.txt 2>&1 on glduncan #####
##### SUCCESS: /usr/bin/time -o time_22_vdhankar_glduncan.txt -f "%U" python3 homework.py > stulog.txt 2>&1 on glduncan #####
##### glduncan plays [J g7 e5] in 0.57s #####
##### Running: /usr/lib/jvm/jdk-14.0.1/bin/java -jar /lab/itti/projects/checkers-competition/server/referee.jar on run_22_vdhankar_glduncan #####
Move is valid
##### SUCCESS: /usr/lib/jvm/jdk-14.0.1/bin/java -jar /lab/itti/projects/checkers-competition/server/referee.jar on run_22_vdhankar_glduncan #####
INPUT for vdhankar:
GAME
WHITE
260.185339212418
.b.b.b.b
b.b.....
.b......
....b...
.....b..
w.......
.w.w.w.w
w.w.w.w.
##### Running: /usr/bin/time -o time_22_vdhankar_glduncan.txt -f "%U" python3 homework.py > stulog.txt 2>&1 on vdhankar #####
child exited with value 1
##### ERROR: /usr/bin/time -o time_22_vdhankar_glduncan.txt -f "%U" python3 homework.py > stulog.txt 2>&1 on vdhankar #####
##### Output of failed program (stdout + stderr): #####
Traceback (most recent call last):
  File "homework.py", line 546, in <module>
    print(end-start)
NameError: name 'end' is not defined
##### End of output of failed program #####
##### vdhankar plays [E f2 e3] in 26.6668241024017s #####
##### Running: /usr/lib/jvm/jdk-14.0.1/bin/java -jar /lab/itti/projects/checkers-competition/server/referee.jar on run_22_vdhankar_glduncan #####
Move is valid
##### SUCCESS: /usr/lib/jvm/jdk-14.0.1/bin/java -jar /lab/itti/projects/checkers-competition/server/referee.jar on run_22_vdhankar_glduncan #####
INPUT for glduncan:
GAME
BLACK
292.43
.b.b.b.b
b.b.....
.b......
....b...
.....b..
w...w...
.w.w...w
w.w.w.w.
##### Running: /usr/bin/time -o time_22_vdhankar_glduncan.txt -f "%U" python3 homework.py > stulog.txt 2>&1 on glduncan #####
##### SUCCESS: /usr/bin/time -o time_22_vdhankar_glduncan.txt -f "%U" python3 homework.py > stulog.txt 2>&1 on glduncan #####
##### glduncan plays [E f4 g3] in 0.87s #####
##### Running: /usr/lib/jvm/jdk-14.0.1/bin/java -jar /lab/itti/projects/checkers-competition/server/referee.jar on run_22_vdhankar_glduncan #####
Move is valid
##### SUCCESS: /usr/lib/jvm/jdk-14.0.1/bin/java -jar /lab/itti/projects/checkers-competition/server/referee.jar on run_22_vdhankar_glduncan #####
INPUT for vdhankar:
GAME
WHITE
233.518515110016
.b.b.b.b
b.b.....
.b......
....b...
........
w...w.b.
.w.w...w
w.w.w.w.
##### Running: /usr/bin/time -o time_22_vdhankar_glduncan.txt -f "%U" python3 homework.py > stulog.txt 2>&1 on vdhankar #####
child exited with value 1
##### ERROR: /usr/bin/time -o time_22_vdhankar_glduncan.txt -f "%U" python3 homework.py > stulog.txt 2>&1 on vdhankar #####
##### Output of failed program (stdout + stderr): #####
Traceback (most recent call last):
  File "homework.py", line 546, in <module>
    print(end-start)
NameError: name 'end' is not defined
##### End of output of failed program #####
##### vdhankar plays [J h2 f4 ; J f4 d6] in 2.31870818138123s #####
##### Running: /usr/lib/jvm/jdk-14.0.1/bin/java -jar /lab/itti/projects/checkers-competition/server/referee.jar on run_22_vdhankar_glduncan #####
Move is valid
##### SUCCESS: /usr/lib/jvm/jdk-14.0.1/bin/java -jar /lab/itti/projects/checkers-competition/server/referee.jar on run_22_vdhankar_glduncan #####
INPUT for glduncan:
GAME
BLACK
291.56
.b.b.b.b
b.b.....
.b.w....
........
........
w...w...
.w.w....
w.w.w.w.
##### Running: /usr/bin/time -o time_22_vdhankar_glduncan.txt -f "%U" python3 homework.py > stulog.txt 2>&1 on glduncan #####
##### SUCCESS: /usr/bin/time -o time_22_vdhankar_glduncan.txt -f "%U" python3 homework.py > stulog.txt 2>&1 on glduncan #####
##### glduncan plays [J c7 e5] in 0.62s #####
##### Running: /usr/lib/jvm/jdk-14.0.1/bin/java -jar /lab/itti/projects/checkers-competition/server/referee.jar on run_22_vdhankar_glduncan #####
Move is valid
##### SUCCESS: /usr/lib/jvm/jdk-14.0.1/bin/java -jar /lab/itti/projects/checkers-competition/server/referee.jar on run_22_vdhankar_glduncan #####
INPUT for vdhankar:
GAME
WHITE
231.199806928635
.b.b.b.b
b.......
.b......
....b...
........
w...w...
.w.w....
w.w.w.w.
##### Running: /usr/bin/time -o time_22_vdhankar_glduncan.txt -f "%U" python3 homework.py > stulog.txt 2>&1 on vdhankar #####
child exited with value 1
##### ERROR: /usr/bin/time -o time_22_vdhankar_glduncan.txt -f "%U" python3 homework.py > stulog.txt 2>&1 on vdhankar #####
##### Output of failed program (stdout + stderr): #####
Traceback (most recent call last):
  File "homework.py", line 546, in <module>
    print(end-start)
NameError: name 'end' is not defined
##### End of output of failed program #####
##### vdhankar plays [E g1 h2] in 25.0740668773651s #####
##### Running: /usr/lib/jvm/jdk-14.0.1/bin/java -jar /lab/itti/projects/checkers-competition/server/referee.jar on run_22_vdhankar_glduncan #####
Move is valid
##### SUCCESS: /usr/lib/jvm/jdk-14.0.1/bin/java -jar /lab/itti/projects/checkers-competition/server/referee.jar on run_22_vdhankar_glduncan #####
INPUT for glduncan:
GAME
BLACK
290.94
.b.b.b.b
b.......
.b......
....b...
........
w...w...
.w.w...w
w.w.w...
##### Running: /usr/bin/time -o time_22_vdhankar_glduncan.txt -f "%U" python3 homework.py > stulog.txt 2>&1 on glduncan #####
##### SUCCESS: /usr/bin/time -o time_22_vdhankar_glduncan.txt -f "%U" python3 homework.py > stulog.txt 2>&1 on glduncan #####
##### glduncan plays [E e5 d4] in 2.69s #####
##### Running: /usr/lib/jvm/jdk-14.0.1/bin/java -jar /lab/itti/projects/checkers-competition/server/referee.jar on run_22_vdhankar_glduncan #####
Move is valid
##### SUCCESS: /usr/lib/jvm/jdk-14.0.1/bin/java -jar /lab/itti/projects/checkers-competition/server/referee.jar on run_22_vdhankar_glduncan #####
INPUT for vdhankar:
GAME
WHITE
206.12574005127
.b.b.b.b
b.......
.b......
........
...b....
w...w...
.w.w...w
w.w.w...
##### Running: /usr/bin/time -o time_22_vdhankar_glduncan.txt -f "%U" python3 homework.py > stulog.txt 2>&1 on vdhankar #####
child exited with value 1
##### ERROR: /usr/bin/time -o time_22_vdhankar_glduncan.txt -f "%U" python3 homework.py > stulog.txt 2>&1 on vdhankar #####
##### Output of failed program (stdout + stderr): #####
Traceback (most recent call last):
  File "homework.py", line 546, in <module>
    print(end-start)
NameError: name 'end' is not defined
##### End of output of failed program #####
##### vdhankar plays [J e3 c5] in 3.05296206474304s #####
##### Running: /usr/lib/jvm/jdk-14.0.1/bin/java -jar /lab/itti/projects/checkers-competition/server/referee.jar on run_22_vdhankar_glduncan #####
Move is valid
##### SUCCESS: /usr/lib/jvm/jdk-14.0.1/bin/java -jar /lab/itti/projects/checkers-competition/server/referee.jar on run_22_vdhankar_glduncan #####
INPUT for glduncan:
GAME
BLACK
288.25
.b.b.b.b
b.......
.b......
..w.....
........
w.......
.w.w...w
w.w.w...
##### Running: /usr/bin/time -o time_22_vdhankar_glduncan.txt -f "%U" python3 homework.py > stulog.txt 2>&1 on glduncan #####
##### SUCCESS: /usr/bin/time -o time_22_vdhankar_glduncan.txt -f "%U" python3 homework.py > stulog.txt 2>&1 on glduncan #####
##### glduncan plays [J b6 d4] in 0.4s #####
##### Running: /usr/lib/jvm/jdk-14.0.1/bin/java -jar /lab/itti/projects/checkers-competition/server/referee.jar on run_22_vdhankar_glduncan #####
Move is valid
##### SUCCESS: /usr/lib/jvm/jdk-14.0.1/bin/java -jar /lab/itti/projects/checkers-competition/server/referee.jar on run_22_vdhankar_glduncan #####
INPUT for vdhankar:
GAME
WHITE
203.072777986526
.b.b.b.b
b.......
........
........
...b....
w.......
.w.w...w
w.w.w...
##### Running: /usr/bin/time -o time_22_vdhankar_glduncan.txt -f "%U" python3 homework.py > stulog.txt 2>&1 on vdhankar #####
child exited with value 1
##### ERROR: /usr/bin/time -o time_22_vdhankar_glduncan.txt -f "%U" python3 homework.py > stulog.txt 2>&1 on vdhankar #####
##### Output of failed program (stdout + stderr): #####
Traceback (most recent call last):
  File "homework.py", line 546, in <module>
    print(end-start)
NameError: name 'end' is not defined
##### End of output of failed program #####
##### vdhankar plays [E e1 f2] in 26.7097849845886s #####
##### Running: /usr/lib/jvm/jdk-14.0.1/bin/java -jar /lab/itti/projects/checkers-competition/server/referee.jar on run_22_vdhankar_glduncan #####
Move is valid
##### SUCCESS: /usr/lib/jvm/jdk-14.0.1/bin/java -jar /lab/itti/projects/checkers-competition/server/referee.jar on run_22_vdhankar_glduncan #####
INPUT for glduncan:
GAME
BLACK
287.85
.b.b.b.b
b.......
........
........
...b....
w.......
.w.w.w.w
w.w.....
##### Running: /usr/bin/time -o time_22_vdhankar_glduncan.txt -f "%U" python3 homework.py > stulog.txt 2>&1 on glduncan #####
##### SUCCESS: /usr/bin/time -o time_22_vdhankar_glduncan.txt -f "%U" python3 homework.py > stulog.txt 2>&1 on glduncan #####
##### glduncan plays [E d4 e3] in 2.08s #####
##### Running: /usr/lib/jvm/jdk-14.0.1/bin/java -jar /lab/itti/projects/checkers-competition/server/referee.jar on run_22_vdhankar_glduncan #####
Move is valid
##### SUCCESS: /usr/lib/jvm/jdk-14.0.1/bin/java -jar /lab/itti/projects/checkers-competition/server/referee.jar on run_22_vdhankar_glduncan #####
INPUT for vdhankar:
GAME
WHITE
176.362993001938
.b.b.b.b
b.......
........
........
........
w...b...
.w.w.w.w
w.w.....
##### Running: /usr/bin/time -o time_22_vdhankar_glduncan.txt -f "%U" python3 homework.py > stulog.txt 2>&1 on vdhankar #####
child exited with value 1
##### ERROR: /usr/bin/time -o time_22_vdhankar_glduncan.txt -f "%U" python3 homework.py > stulog.txt 2>&1 on vdhankar #####
##### Output of failed program (stdout + stderr): #####
Traceback (most recent call last):
  File "homework.py", line 546, in <module>
    print(end-start)
NameError: name 'end' is not defined
##### End of output of failed program #####
##### vdhankar plays [J f2 d4] in 33.3872420787811s #####
##### Running: /usr/lib/jvm/jdk-14.0.1/bin/java -jar /lab/itti/projects/checkers-competition/server/referee.jar on run_22_vdhankar_glduncan #####
Move is valid
##### SUCCESS: /usr/lib/jvm/jdk-14.0.1/bin/java -jar /lab/itti/projects/checkers-competition/server/referee.jar on run_22_vdhankar_glduncan #####
INPUT for glduncan:
GAME
BLACK
285.77
.b.b.b.b
b.......
........
........
...w....
w.......
.w.w...w
w.w.....
##### Running: /usr/bin/time -o time_22_vdhankar_glduncan.txt -f "%U" python3 homework.py > stulog.txt 2>&1 on glduncan #####
##### SUCCESS: /usr/bin/time -o time_22_vdhankar_glduncan.txt -f "%U" python3 homework.py > stulog.txt 2>&1 on glduncan #####
##### glduncan plays [E a7 b6] in 1.96s #####
##### Running: /usr/lib/jvm/jdk-14.0.1/bin/java -jar /lab/itti/projects/checkers-competition/server/referee.jar on run_22_vdhankar_glduncan #####
Move is valid
##### SUCCESS: /usr/lib/jvm/jdk-14.0.1/bin/java -jar /lab/itti/projects/checkers-competition/server/referee.jar on run_22_vdhankar_glduncan #####
INPUT for vdhankar:
GAME
WHITE
142.975750923157
.b.b.b.b
........
.b......
........
...w....
w.......
.w.w...w
w.w.....
##### Running: /usr/bin/time -o time_22_vdhankar_glduncan.txt -f "%U" python3 homework.py > stulog.txt 2>&1 on vdhankar #####
child exited with value 1
##### ERROR: /usr/bin/time -o time_22_vdhankar_glduncan.txt -f "%U" python3 homework.py > stulog.txt 2>&1 on vdhankar #####
##### Output of failed program (stdout + stderr): #####
Traceback (most recent call last):
  File "homework.py", line 546, in <module>
    print(end-start)
NameError: name 'end' is not defined
##### End of output of failed program #####
##### vdhankar plays [E h2 g3] in 53.7626419067383s #####
##### Running: /usr/lib/jvm/jdk-14.0.1/bin/java -jar /lab/itti/projects/checkers-competition/server/referee.jar on run_22_vdhankar_glduncan #####
Move is valid
##### SUCCESS: /usr/lib/jvm/jdk-14.0.1/bin/java -jar /lab/itti/projects/checkers-competition/server/referee.jar on run_22_vdhankar_glduncan #####
INPUT for glduncan:
GAME
BLACK
283.81
.b.b.b.b
........
.b......
........
...w....
w.....w.
.w.w....
w.w.....
##### Running: /usr/bin/time -o time_22_vdhankar_glduncan.txt -f "%U" python3 homework.py > stulog.txt 2>&1 on glduncan #####
##### SUCCESS: /usr/bin/time -o time_22_vdhankar_glduncan.txt -f "%U" python3 homework.py > stulog.txt 2>&1 on glduncan #####
##### glduncan plays [E b6 a5] in 2.9s #####
##### Running: /usr/lib/jvm/jdk-14.0.1/bin/java -jar /lab/itti/projects/checkers-competition/server/referee.jar on run_22_vdhankar_glduncan #####
Move is valid
##### SUCCESS: /usr/lib/jvm/jdk-14.0.1/bin/java -jar /lab/itti/projects/checkers-competition/server/referee.jar on run_22_vdhankar_glduncan #####
INPUT for vdhankar:
GAME
WHITE
89.2131090164185
.b.b.b.b
........
........
b.......
...w....
w.....w.
.w.w....
w.w.....
##### Running: /usr/bin/time -o time_22_vdhankar_glduncan.txt -f "%U" python3 homework.py > stulog.txt 2>&1 on vdhankar #####
child exited with value 1
##### ERROR: /usr/bin/time -o time_22_vdhankar_glduncan.txt -f "%U" python3 homework.py > stulog.txt 2>&1 on vdhankar #####
##### Output of failed program (stdout + stderr): #####
Traceback (most recent call last):
  File "homework.py", line 546, in <module>
    print(end-start)
NameError: name 'end' is not defined
##### End of output of failed program #####
##### vdhankar plays [E d2 c3] in 32.0917420387268s #####
##### Running: /usr/lib/jvm/jdk-14.0.1/bin/java -jar /lab/itti/projects/checkers-competition/server/referee.jar on run_22_vdhankar_glduncan #####
Move is valid
##### SUCCESS: /usr/lib/jvm/jdk-14.0.1/bin/java -jar /lab/itti/projects/checkers-competition/server/referee.jar on run_22_vdhankar_glduncan #####
INPUT for glduncan:
GAME
BLACK
280.91
.b.b.b.b
........
........
b.......
...w....
w.w...w.
.w......
w.w.....
##### Running: /usr/bin/time -o time_22_vdhankar_glduncan.txt -f "%U" python3 homework.py > stulog.txt 2>&1 on glduncan #####
##### SUCCESS: /usr/bin/time -o time_22_vdhankar_glduncan.txt -f "%U" python3 homework.py > stulog.txt 2>&1 on glduncan #####
##### glduncan plays [E h8 g7] in 1.88s #####
##### Running: /usr/lib/jvm/jdk-14.0.1/bin/java -jar /lab/itti/projects/checkers-competition/server/referee.jar on run_22_vdhankar_glduncan #####
Move is valid
##### SUCCESS: /usr/lib/jvm/jdk-14.0.1/bin/java -jar /lab/itti/projects/checkers-competition/server/referee.jar on run_22_vdhankar_glduncan #####
INPUT for vdhankar:
GAME
WHITE
57.1213669776917
.b.b.b..
......b.
........
b.......
...w....
w.w...w.
.w......
w.w.....
##### Running: /usr/bin/time -o time_22_vdhankar_glduncan.txt -f "%U" python3 homework.py > stulog.txt 2>&1 on vdhankar #####
child exited with value 1
##### ERROR: /usr/bin/time -o time_22_vdhankar_glduncan.txt -f "%U" python3 homework.py > stulog.txt 2>&1 on vdhankar #####
##### Output of failed program (stdout + stderr): #####
Traceback (most recent call last):
  File "homework.py", line 546, in <module>
    print(end-start)
NameError: name 'end' is not defined
##### End of output of failed program #####
##### vdhankar plays [E g3 h4] in 16.4575378894806s #####
##### Running: /usr/lib/jvm/jdk-14.0.1/bin/java -jar /lab/itti/projects/checkers-competition/server/referee.jar on run_22_vdhankar_glduncan #####
Move is valid
##### SUCCESS: /usr/lib/jvm/jdk-14.0.1/bin/java -jar /lab/itti/projects/checkers-competition/server/referee.jar on run_22_vdhankar_glduncan #####
INPUT for glduncan:
GAME
BLACK
279.03
.b.b.b..
......b.
........
b.......
...w...w
w.w.....
.w......
w.w.....
##### Running: /usr/bin/time -o time_22_vdhankar_glduncan.txt -f "%U" python3 homework.py > stulog.txt 2>&1 on glduncan #####
##### SUCCESS: /usr/bin/time -o time_22_vdhankar_glduncan.txt -f "%U" python3 homework.py > stulog.txt 2>&1 on glduncan #####
##### glduncan plays [E g7 h6] in 1.29s #####
##### Running: /usr/lib/jvm/jdk-14.0.1/bin/java -jar /lab/itti/projects/checkers-competition/server/referee.jar on run_22_vdhankar_glduncan #####
Move is valid
##### SUCCESS: /usr/lib/jvm/jdk-14.0.1/bin/java -jar /lab/itti/projects/checkers-competition/server/referee.jar on run_22_vdhankar_glduncan #####
INPUT for vdhankar:
GAME
WHITE
40.6638290882111
.b.b.b..
........
.......b
b.......
...w...w
w.w.....
.w......
w.w.....
##### Running: /usr/bin/time -o time_22_vdhankar_glduncan.txt -f "%U" python3 homework.py > stulog.txt 2>&1 on vdhankar #####
child exited with value 1
##### ERROR: /usr/bin/time -o time_22_vdhankar_glduncan.txt -f "%U" python3 homework.py > stulog.txt 2>&1 on vdhankar #####
##### Output of failed program (stdout + stderr): #####
Traceback (most recent call last):
  File "homework.py", line 546, in <module>
    print(end-start)
NameError: name 'end' is not defined
##### End of output of failed program #####
##### vdhankar plays [E c3 b4] in 4.33748412132263s #####
##### Running: /usr/lib/jvm/jdk-14.0.1/bin/java -jar /lab/itti/projects/checkers-competition/server/referee.jar on run_22_vdhankar_glduncan #####
Move is valid
##### SUCCESS: /usr/lib/jvm/jdk-14.0.1/bin/java -jar /lab/itti/projects/checkers-competition/server/referee.jar on run_22_vdhankar_glduncan #####
INPUT for glduncan:
GAME
BLACK
277.74
.b.b.b..
........
.......b
b.......
.w.w...w
w.......
.w......
w.w.....
##### Running: /usr/bin/time -o time_22_vdhankar_glduncan.txt -f "%U" python3 homework.py > stulog.txt 2>&1 on glduncan #####
##### SUCCESS: /usr/bin/time -o time_22_vdhankar_glduncan.txt -f "%U" python3 homework.py > stulog.txt 2>&1 on glduncan #####
##### glduncan plays [J a5 c3] in 0.31s #####
##### Running: /usr/lib/jvm/jdk-14.0.1/bin/java -jar /lab/itti/projects/checkers-competition/server/referee.jar on run_22_vdhankar_glduncan #####
Move is valid
##### SUCCESS: /usr/lib/jvm/jdk-14.0.1/bin/java -jar /lab/itti/projects/checkers-competition/server/referee.jar on run_22_vdhankar_glduncan #####
INPUT for vdhankar:
GAME
WHITE
36.3263449668884
.b.b.b..
........
.......b
........
...w...w
w.b.....
.w......
w.w.....
##### Running: /usr/bin/time -o time_22_vdhankar_glduncan.txt -f "%U" python3 homework.py > stulog.txt 2>&1 on vdhankar #####
child exited with value 1
##### ERROR: /usr/bin/time -o time_22_vdhankar_glduncan.txt -f "%U" python3 homework.py > stulog.txt 2>&1 on vdhankar #####
##### Output of failed program (stdout + stderr): #####
Traceback (most recent call last):
  File "homework.py", line 546, in <module>
    print(end-start)
NameError: name 'end' is not defined
##### End of output of failed program #####
##### vdhankar plays [E a3 b4] in 1.79479312896729s #####
##### Running: /usr/lib/jvm/jdk-14.0.1/bin/java -jar /lab/itti/projects/checkers-competition/server/referee.jar on run_22_vdhankar_glduncan #####
Move is valid
##### SUCCESS: /usr/lib/jvm/jdk-14.0.1/bin/java -jar /lab/itti/projects/checkers-competition/server/referee.jar on run_22_vdhankar_glduncan #####
INPUT for glduncan:
GAME
BLACK
277.43
.b.b.b..
........
.......b
........
.w.w...w
..b.....
.w......
w.w.....
##### Running: /usr/bin/time -o time_22_vdhankar_glduncan.txt -f "%U" python3 homework.py > stulog.txt 2>&1 on glduncan #####
##### SUCCESS: /usr/bin/time -o time_22_vdhankar_glduncan.txt -f "%U" python3 homework.py > stulog.txt 2>&1 on glduncan #####
##### glduncan plays [E c3 d2] in 1.47s #####
##### Running: /usr/lib/jvm/jdk-14.0.1/bin/java -jar /lab/itti/projects/checkers-competition/server/referee.jar on run_22_vdhankar_glduncan #####
Move is valid
##### SUCCESS: /usr/lib/jvm/jdk-14.0.1/bin/java -jar /lab/itti/projects/checkers-competition/server/referee.jar on run_22_vdhankar_glduncan #####
INPUT for vdhankar:
GAME
WHITE
34.5315518379211
.b.b.b..
........
.......b
........
.w.w...w
........
.w.b....
w.w.....
##### Running: /usr/bin/time -o time_22_vdhankar_glduncan.txt -f "%U" python3 homework.py > stulog.txt 2>&1 on vdhankar #####
child exited with value 1
##### ERROR: /usr/bin/time -o time_22_vdhankar_glduncan.txt -f "%U" python3 homework.py > stulog.txt 2>&1 on vdhankar #####
##### Output of failed program (stdout + stderr): #####
Traceback (most recent call last):
  File "homework.py", line 546, in <module>
    print(end-start)
NameError: name 'end' is not defined
##### End of output of failed program #####
##### vdhankar plays [J c1 e3] in 2.20109987258911s #####
##### Running: /usr/lib/jvm/jdk-14.0.1/bin/java -jar /lab/itti/projects/checkers-competition/server/referee.jar on run_22_vdhankar_glduncan #####
Move is valid
##### SUCCESS: /usr/lib/jvm/jdk-14.0.1/bin/java -jar /lab/itti/projects/checkers-competition/server/referee.jar on run_22_vdhankar_glduncan #####
INPUT for glduncan:
GAME
BLACK
275.96
.b.b.b..
........
.......b
........
.w.w...w
....w...
.w......
w.......
##### Running: /usr/bin/time -o time_22_vdhankar_glduncan.txt -f "%U" python3 homework.py > stulog.txt 2>&1 on glduncan #####
##### SUCCESS: /usr/bin/time -o time_22_vdhankar_glduncan.txt -f "%U" python3 homework.py > stulog.txt 2>&1 on glduncan #####
##### glduncan plays [E f8 g7] in 1.47s #####
##### Running: /usr/lib/jvm/jdk-14.0.1/bin/java -jar /lab/itti/projects/checkers-competition/server/referee.jar on run_22_vdhankar_glduncan #####
Move is valid
##### SUCCESS: /usr/lib/jvm/jdk-14.0.1/bin/java -jar /lab/itti/projects/checkers-competition/server/referee.jar on run_22_vdhankar_glduncan #####
INPUT for vdhankar:
GAME
WHITE
32.330451965332
.b.b....
......b.
.......b
........
.w.w...w
....w...
.w......
w.......
##### Running: /usr/bin/time -o time_22_vdhankar_glduncan.txt -f "%U" python3 homework.py > stulog.txt 2>&1 on vdhankar #####
child exited with value 1
##### ERROR: /usr/bin/time -o time_22_vdhankar_glduncan.txt -f "%U" python3 homework.py > stulog.txt 2>&1 on vdhankar #####
##### Output of failed program (stdout + stderr): #####
Traceback (most recent call last):
  File "homework.py", line 546, in <module>
    print(end-start)
NameError: name 'end' is not defined
##### End of output of failed program #####
##### vdhankar plays [E b2 c3] in 3.89541006088257s #####
##### Running: /usr/lib/jvm/jdk-14.0.1/bin/java -jar /lab/itti/projects/checkers-competition/server/referee.jar on run_22_vdhankar_glduncan #####
Move is valid
##### SUCCESS: /usr/lib/jvm/jdk-14.0.1/bin/java -jar /lab/itti/projects/checkers-competition/server/referee.jar on run_22_vdhankar_glduncan #####
INPUT for glduncan:
GAME
BLACK
274.49
.b.b....
......b.
.......b
........
.w.w...w
..w.w...
........
w.......
##### Running: /usr/bin/time -o time_22_vdhankar_glduncan.txt -f "%U" python3 homework.py > stulog.txt 2>&1 on glduncan #####
##### SUCCESS: /usr/bin/time -o time_22_vdhankar_glduncan.txt -f "%U" python3 homework.py > stulog.txt 2>&1 on glduncan #####
##### glduncan plays [E g7 f6] in 1.15s #####
##### Running: /usr/lib/jvm/jdk-14.0.1/bin/java -jar /lab/itti/projects/checkers-competition/server/referee.jar on run_22_vdhankar_glduncan #####
Move is valid
##### SUCCESS: /usr/lib/jvm/jdk-14.0.1/bin/java -jar /lab/itti/projects/checkers-competition/server/referee.jar on run_22_vdhankar_glduncan #####
INPUT for vdhankar:
GAME
WHITE
28.4350419044495
.b.b....
........
.....b.b
........
.w.w...w
..w.w...
........
w.......
##### Running: /usr/bin/time -o time_22_vdhankar_glduncan.txt -f "%U" python3 homework.py > stulog.txt 2>&1 on vdhankar #####
child exited with value 1
##### ERROR: /usr/bin/time -o time_22_vdhankar_glduncan.txt -f "%U" python3 homework.py > stulog.txt 2>&1 on vdhankar #####
##### Output of failed program (stdout + stderr): #####
Traceback (most recent call last):
  File "homework.py", line 546, in <module>
    print(end-start)
NameError: name 'end' is not defined
##### End of output of failed program #####
##### vdhankar plays [E e3 f4] in 3.59049296379089s #####
##### Running: /usr/lib/jvm/jdk-14.0.1/bin/java -jar /lab/itti/projects/checkers-competition/server/referee.jar on run_22_vdhankar_glduncan #####
Move is valid
##### SUCCESS: /usr/lib/jvm/jdk-14.0.1/bin/java -jar /lab/itti/projects/checkers-competition/server/referee.jar on run_22_vdhankar_glduncan #####
INPUT for glduncan:
GAME
BLACK
273.34
.b.b....
........
.....b.b
........
.w.w.w.w
..w.....
........
w.......
##### Running: /usr/bin/time -o time_22_vdhankar_glduncan.txt -f "%U" python3 homework.py > stulog.txt 2>&1 on glduncan #####
##### SUCCESS: /usr/bin/time -o time_22_vdhankar_glduncan.txt -f "%U" python3 homework.py > stulog.txt 2>&1 on glduncan #####
##### glduncan plays [E f6 g5] in 0.93s #####
##### Running: /usr/lib/jvm/jdk-14.0.1/bin/java -jar /lab/itti/projects/checkers-competition/server/referee.jar on run_22_vdhankar_glduncan #####
Move is valid
##### SUCCESS: /usr/lib/jvm/jdk-14.0.1/bin/java -jar /lab/itti/projects/checkers-competition/server/referee.jar on run_22_vdhankar_glduncan #####
INPUT for vdhankar:
GAME
WHITE
24.8445489406586
.b.b....
........
.......b
......b.
.w.w.w.w
..w.....
........
w.......
##### Running: /usr/bin/time -o time_22_vdhankar_glduncan.txt -f "%U" python3 homework.py > stulog.txt 2>&1 on vdhankar #####
child exited with value 1
##### ERROR: /usr/bin/time -o time_22_vdhankar_glduncan.txt -f "%U" python3 homework.py > stulog.txt 2>&1 on vdhankar #####
##### Output of failed program (stdout + stderr): #####
Traceback (most recent call last):
  File "homework.py", line 546, in <module>
    print(end-start)
NameError: name 'end' is not defined
##### End of output of failed program #####
##### vdhankar plays [J h4 f6] in 0.375730991363525s #####
##### Running: /usr/lib/jvm/jdk-14.0.1/bin/java -jar /lab/itti/projects/checkers-competition/server/referee.jar on run_22_vdhankar_glduncan #####
Move is valid
##### SUCCESS: /usr/lib/jvm/jdk-14.0.1/bin/java -jar /lab/itti/projects/checkers-competition/server/referee.jar on run_22_vdhankar_glduncan #####
INPUT for glduncan:
GAME
BLACK
272.41
.b.b....
........
.....w.b
........
.w.w.w..
..w.....
........
w.......
##### Running: /usr/bin/time -o time_22_vdhankar_glduncan.txt -f "%U" python3 homework.py > stulog.txt 2>&1 on glduncan #####
##### SUCCESS: /usr/bin/time -o time_22_vdhankar_glduncan.txt -f "%U" python3 homework.py > stulog.txt 2>&1 on glduncan #####
##### glduncan plays [E d8 c7] in 0.61s #####
##### Running: /usr/lib/jvm/jdk-14.0.1/bin/java -jar /lab/itti/projects/checkers-competition/server/referee.jar on run_22_vdhankar_glduncan #####
Move is valid
##### SUCCESS: /usr/lib/jvm/jdk-14.0.1/bin/java -jar /lab/itti/projects/checkers-competition/server/referee.jar on run_22_vdhankar_glduncan #####
INPUT for vdhankar:
GAME
WHITE
24.468817949295
.b......
..b.....
.....w.b
........
.w.w.w..
..w.....
........
w.......
##### Running: /usr/bin/time -o time_22_vdhankar_glduncan.txt -f "%U" python3 homework.py > stulog.txt 2>&1 on vdhankar #####
child exited with value 1
##### ERROR: /usr/bin/time -o time_22_vdhankar_glduncan.txt -f "%U" python3 homework.py > stulog.txt 2>&1 on vdhankar #####
##### Output of failed program (stdout + stderr): #####
Traceback (most recent call last):
  File "homework.py", line 546, in <module>
    print(end-start)
NameError: name 'end' is not defined
##### End of output of failed program #####
##### vdhankar plays [E b4 c5] in 0.469146013259888s #####
##### Running: /usr/lib/jvm/jdk-14.0.1/bin/java -jar /lab/itti/projects/checkers-competition/server/referee.jar on run_22_vdhankar_glduncan #####
Move is valid
##### SUCCESS: /usr/lib/jvm/jdk-14.0.1/bin/java -jar /lab/itti/projects/checkers-competition/server/referee.jar on run_22_vdhankar_glduncan #####
INPUT for glduncan:
GAME
BLACK
271.8
.b......
..b.....
.....w.b
..w.....
...w.w..
..w.....
........
w.......
##### Running: /usr/bin/time -o time_22_vdhankar_glduncan.txt -f "%U" python3 homework.py > stulog.txt 2>&1 on glduncan #####
##### SUCCESS: /usr/bin/time -o time_22_vdhankar_glduncan.txt -f "%U" python3 homework.py > stulog.txt 2>&1 on glduncan #####
##### glduncan plays [E b8 a7] in 0.33s #####
##### Running: /usr/lib/jvm/jdk-14.0.1/bin/java -jar /lab/itti/projects/checkers-competition/server/referee.jar on run_22_vdhankar_glduncan #####
Move is valid
##### SUCCESS: /usr/lib/jvm/jdk-14.0.1/bin/java -jar /lab/itti/projects/checkers-competition/server/referee.jar on run_22_vdhankar_glduncan #####
INPUT for vdhankar:
GAME
WHITE
23.9996719360352
........
b.b.....
.....w.b
..w.....
...w.w..
..w.....
........
w.......
##### Running: /usr/bin/time -o time_22_vdhankar_glduncan.txt -f "%U" python3 homework.py > stulog.txt 2>&1 on vdhankar #####
child exited with value 1
##### ERROR: /usr/bin/time -o time_22_vdhankar_glduncan.txt -f "%U" python3 homework.py > stulog.txt 2>&1 on vdhankar #####
##### Output of failed program (stdout + stderr): #####
Traceback (most recent call last):
  File "homework.py", line 546, in <module>
    print(end-start)
NameError: name 'end' is not defined
##### End of output of failed program #####
##### vdhankar plays [E f6 g7] in 0.372883796691895s #####
##### Running: /usr/lib/jvm/jdk-14.0.1/bin/java -jar /lab/itti/projects/checkers-competition/server/referee.jar on run_22_vdhankar_glduncan #####
Move is valid
##### SUCCESS: /usr/lib/jvm/jdk-14.0.1/bin/java -jar /lab/itti/projects/checkers-competition/server/referee.jar on run_22_vdhankar_glduncan #####
INPUT for glduncan:
GAME
BLACK
271.47
........
b.b...w.
.......b
..w.....
...w.w..
..w.....
........
w.......
##### Running: /usr/bin/time -o time_22_vdhankar_glduncan.txt -f "%U" python3 homework.py > stulog.txt 2>&1 on glduncan #####
##### SUCCESS: /usr/bin/time -o time_22_vdhankar_glduncan.txt -f "%U" python3 homework.py > stulog.txt 2>&1 on glduncan #####
##### glduncan plays [E c7 b6] in 0.23s #####
##### Running: /usr/lib/jvm/jdk-14.0.1/bin/java -jar /lab/itti/projects/checkers-competition/server/referee.jar on run_22_vdhankar_glduncan #####
Move is valid
##### SUCCESS: /usr/lib/jvm/jdk-14.0.1/bin/java -jar /lab/itti/projects/checkers-competition/server/referee.jar on run_22_vdhankar_glduncan #####
INPUT for vdhankar:
GAME
WHITE
23.6267881393433
........
b.....w.
.b.....b
..w.....
...w.w..
..w.....
........
w.......
##### Running: /usr/bin/time -o time_22_vdhankar_glduncan.txt -f "%U" python3 homework.py > stulog.txt 2>&1 on vdhankar #####
child exited with value 1
##### ERROR: /usr/bin/time -o time_22_vdhankar_glduncan.txt -f "%U" python3 homework.py > stulog.txt 2>&1 on vdhankar #####
##### Output of failed program (stdout + stderr): #####
Traceback (most recent call last):
  File "homework.py", line 546, in <module>
    print(end-start)
NameError: name 'end' is not defined
##### End of output of failed program #####
##### vdhankar plays [E f4 e5] in 0.369266986846924s #####
##### Running: /usr/lib/jvm/jdk-14.0.1/bin/java -jar /lab/itti/projects/checkers-competition/server/referee.jar on run_22_vdhankar_glduncan #####
Move is valid
##### SUCCESS: /usr/lib/jvm/jdk-14.0.1/bin/java -jar /lab/itti/projects/checkers-competition/server/referee.jar on run_22_vdhankar_glduncan #####
INPUT for glduncan:
GAME
BLACK
271.24
........
b.....w.
.b.....b
..w.w...
...w....
..w.....
........
w.......
##### Running: /usr/bin/time -o time_22_vdhankar_glduncan.txt -f "%U" python3 homework.py > stulog.txt 2>&1 on glduncan #####
##### SUCCESS: /usr/bin/time -o time_22_vdhankar_glduncan.txt -f "%U" python3 homework.py > stulog.txt 2>&1 on glduncan #####
##### glduncan plays [E h6 g5] in 0.27s #####
##### Running: /usr/lib/jvm/jdk-14.0.1/bin/java -jar /lab/itti/projects/checkers-competition/server/referee.jar on run_22_vdhankar_glduncan #####
Move is valid
##### SUCCESS: /usr/lib/jvm/jdk-14.0.1/bin/java -jar /lab/itti/projects/checkers-competition/server/referee.jar on run_22_vdhankar_glduncan #####
INPUT for vdhankar:
GAME
WHITE
23.2575211524963
........
b.....w.
.b......
..w.w.b.
...w....
..w.....
........
w.......
##### Running: /usr/bin/time -o time_22_vdhankar_glduncan.txt -f "%U" python3 homework.py > stulog.txt 2>&1 on vdhankar #####
child exited with value 1
##### ERROR: /usr/bin/time -o time_22_vdhankar_glduncan.txt -f "%U" python3 homework.py > stulog.txt 2>&1 on vdhankar #####
##### Output of failed program (stdout + stderr): #####
Traceback (most recent call last):
  File "homework.py", line 546, in <module>
    print(end-start)
NameError: name 'end' is not defined
##### End of output of failed program #####
##### vdhankar plays [E g7 h8] in 0.377705812454224s #####
##### Running: /usr/lib/jvm/jdk-14.0.1/bin/java -jar /lab/itti/projects/checkers-competition/server/referee.jar on run_22_vdhankar_glduncan #####
Move is valid
##### SUCCESS: /usr/lib/jvm/jdk-14.0.1/bin/java -jar /lab/itti/projects/checkers-competition/server/referee.jar on run_22_vdhankar_glduncan #####
INPUT for glduncan:
GAME
BLACK
270.97
.......W
b.......
.b......
..w.w.b.
...w....
..w.....
........
w.......
##### Running: /usr/bin/time -o time_22_vdhankar_glduncan.txt -f "%U" python3 homework.py > stulog.txt 2>&1 on glduncan #####
##### SUCCESS: /usr/bin/time -o time_22_vdhankar_glduncan.txt -f "%U" python3 homework.py > stulog.txt 2>&1 on glduncan #####
##### glduncan plays [E g5 h4] in 0.31s #####
##### Running: /usr/lib/jvm/jdk-14.0.1/bin/java -jar /lab/itti/projects/checkers-competition/server/referee.jar on run_22_vdhankar_glduncan #####
Move is valid
##### SUCCESS: /usr/lib/jvm/jdk-14.0.1/bin/java -jar /lab/itti/projects/checkers-competition/server/referee.jar on run_22_vdhankar_glduncan #####
INPUT for vdhankar:
GAME
WHITE
22.8798153400421
.......W
b.......
.b......
..w.w...
...w...b
..w.....
........
w.......
##### Running: /usr/bin/time -o time_22_vdhankar_glduncan.txt -f "%U" python3 homework.py > stulog.txt 2>&1 on vdhankar #####
child exited with value 1
##### ERROR: /usr/bin/time -o time_22_vdhankar_glduncan.txt -f "%U" python3 homework.py > stulog.txt 2>&1 on vdhankar #####
##### Output of failed program (stdout + stderr): #####
Traceback (most recent call last):
  File "homework.py", line 546, in <module>
    print(end-start)
NameError: name 'end' is not defined
##### End of output of failed program #####
##### vdhankar plays [E h8 g7] in 0.382696866989136s #####
##### Running: /usr/lib/jvm/jdk-14.0.1/bin/java -jar /lab/itti/projects/checkers-competition/server/referee.jar on run_22_vdhankar_glduncan #####
Move is valid
##### SUCCESS: /usr/lib/jvm/jdk-14.0.1/bin/java -jar /lab/itti/projects/checkers-competition/server/referee.jar on run_22_vdhankar_glduncan #####
INPUT for glduncan:
GAME
BLACK
270.66
........
b.....W.
.b......
..w.w...
...w...b
..w.....
........
w.......
##### Running: /usr/bin/time -o time_22_vdhankar_glduncan.txt -f "%U" python3 homework.py > stulog.txt 2>&1 on glduncan #####
##### SUCCESS: /usr/bin/time -o time_22_vdhankar_glduncan.txt -f "%U" python3 homework.py > stulog.txt 2>&1 on glduncan #####
##### glduncan plays [E h4 g3] in 0.37s #####
##### Running: /usr/lib/jvm/jdk-14.0.1/bin/java -jar /lab/itti/projects/checkers-competition/server/referee.jar on run_22_vdhankar_glduncan #####
Move is valid
##### SUCCESS: /usr/lib/jvm/jdk-14.0.1/bin/java -jar /lab/itti/projects/checkers-competition/server/referee.jar on run_22_vdhankar_glduncan #####
INPUT for vdhankar:
GAME
WHITE
22.497118473053
........
b.....W.
.b......
..w.w...
...w....
..w...b.
........
w.......
##### Running: /usr/bin/time -o time_22_vdhankar_glduncan.txt -f "%U" python3 homework.py > stulog.txt 2>&1 on vdhankar #####
child exited with value 1
##### ERROR: /usr/bin/time -o time_22_vdhankar_glduncan.txt -f "%U" python3 homework.py > stulog.txt 2>&1 on vdhankar #####
##### Output of failed program (stdout + stderr): #####
Traceback (most recent call last):
  File "homework.py", line 546, in <module>
    print(end-start)
NameError: name 'end' is not defined
##### End of output of failed program #####
##### vdhankar plays [E g7 f6] in 0.431168079376221s #####
##### Running: /usr/lib/jvm/jdk-14.0.1/bin/java -jar /lab/itti/projects/checkers-competition/server/referee.jar on run_22_vdhankar_glduncan #####
Move is valid
##### SUCCESS: /usr/lib/jvm/jdk-14.0.1/bin/java -jar /lab/itti/projects/checkers-competition/server/referee.jar on run_22_vdhankar_glduncan #####
INPUT for glduncan:
GAME
BLACK
270.29
........
b.......
.b...W..
..w.w...
...w....
..w...b.
........
w.......
##### Running: /usr/bin/time -o time_22_vdhankar_glduncan.txt -f "%U" python3 homework.py > stulog.txt 2>&1 on glduncan #####
##### SUCCESS: /usr/bin/time -o time_22_vdhankar_glduncan.txt -f "%U" python3 homework.py > stulog.txt 2>&1 on glduncan #####
##### glduncan plays [E g3 h2] in 0.44s #####
##### Running: /usr/lib/jvm/jdk-14.0.1/bin/java -jar /lab/itti/projects/checkers-competition/server/referee.jar on run_22_vdhankar_glduncan #####
Move is valid
##### SUCCESS: /usr/lib/jvm/jdk-14.0.1/bin/java -jar /lab/itti/projects/checkers-competition/server/referee.jar on run_22_vdhankar_glduncan #####
INPUT for vdhankar:
GAME
WHITE
22.0659503936768
........
b.......
.b...W..
..w.w...
...w....
..w.....
.......b
w.......
##### Running: /usr/bin/time -o time_22_vdhankar_glduncan.txt -f "%U" python3 homework.py > stulog.txt 2>&1 on vdhankar #####
child exited with value 1
##### ERROR: /usr/bin/time -o time_22_vdhankar_glduncan.txt -f "%U" python3 homework.py > stulog.txt 2>&1 on vdhankar #####
##### Output of failed program (stdout + stderr): #####
Traceback (most recent call last):
  File "homework.py", line 546, in <module>
    print(end-start)
NameError: name 'end' is not defined
##### End of output of failed program #####
##### vdhankar plays [E e5 d6] in 0.412760019302368s #####
##### Running: /usr/lib/jvm/jdk-14.0.1/bin/java -jar /lab/itti/projects/checkers-competition/server/referee.jar on run_22_vdhankar_glduncan #####
Move is valid
##### SUCCESS: /usr/lib/jvm/jdk-14.0.1/bin/java -jar /lab/itti/projects/checkers-competition/server/referee.jar on run_22_vdhankar_glduncan #####
INPUT for glduncan:
GAME
BLACK
269.85
........
b.......
.b.w.W..
..w.....
...w....
..w.....
.......b
w.......
##### Running: /usr/bin/time -o time_22_vdhankar_glduncan.txt -f "%U" python3 homework.py > stulog.txt 2>&1 on glduncan #####
##### SUCCESS: /usr/bin/time -o time_22_vdhankar_glduncan.txt -f "%U" python3 homework.py > stulog.txt 2>&1 on glduncan #####
##### glduncan plays [E h2 g1] in 0.4s #####
##### Running: /usr/lib/jvm/jdk-14.0.1/bin/java -jar /lab/itti/projects/checkers-competition/server/referee.jar on run_22_vdhankar_glduncan #####
Move is valid
##### SUCCESS: /usr/lib/jvm/jdk-14.0.1/bin/java -jar /lab/itti/projects/checkers-competition/server/referee.jar on run_22_vdhankar_glduncan #####
INPUT for vdhankar:
GAME
WHITE
21.6531903743744
........
b.......
.b.w.W..
..w.....
...w....
..w.....
........
w.....B.
##### Running: /usr/bin/time -o time_22_vdhankar_glduncan.txt -f "%U" python3 homework.py > stulog.txt 2>&1 on vdhankar #####
child exited with value 1
##### ERROR: /usr/bin/time -o time_22_vdhankar_glduncan.txt -f "%U" python3 homework.py > stulog.txt 2>&1 on vdhankar #####
##### Output of failed program (stdout + stderr): #####
Traceback (most recent call last):
  File "homework.py", line 546, in <module>
    print(end-start)
NameError: name 'end' is not defined
##### End of output of failed program #####
##### vdhankar plays [E d6 e7] in 0.455711841583252s #####
##### Running: /usr/lib/jvm/jdk-14.0.1/bin/java -jar /lab/itti/projects/checkers-competition/server/referee.jar on run_22_vdhankar_glduncan #####
Move is valid
##### SUCCESS: /usr/lib/jvm/jdk-14.0.1/bin/java -jar /lab/itti/projects/checkers-competition/server/referee.jar on run_22_vdhankar_glduncan #####
INPUT for glduncan:
GAME
BLACK
269.45
........
b...w...
.b...W..
..w.....
...w....
..w.....
........
w.....B.
##### Running: /usr/bin/time -o time_22_vdhankar_glduncan.txt -f "%U" python3 homework.py > stulog.txt 2>&1 on glduncan #####
##### SUCCESS: /usr/bin/time -o time_22_vdhankar_glduncan.txt -f "%U" python3 homework.py > stulog.txt 2>&1 on glduncan #####
##### glduncan plays [E g1 h2] in 0.79s #####
##### Running: /usr/lib/jvm/jdk-14.0.1/bin/java -jar /lab/itti/projects/checkers-competition/server/referee.jar on run_22_vdhankar_glduncan #####
Move is valid
##### SUCCESS: /usr/lib/jvm/jdk-14.0.1/bin/java -jar /lab/itti/projects/checkers-competition/server/referee.jar on run_22_vdhankar_glduncan #####
INPUT for vdhankar:
GAME
WHITE
21.1974785327911
........
b...w...
.b...W..
..w.....
...w....
..w.....
.......B
w.......
##### Running: /usr/bin/time -o time_22_vdhankar_glduncan.txt -f "%U" python3 homework.py > stulog.txt 2>&1 on vdhankar #####
child exited with value 1
##### ERROR: /usr/bin/time -o time_22_vdhankar_glduncan.txt -f "%U" python3 homework.py > stulog.txt 2>&1 on vdhankar #####
##### Output of failed program (stdout + stderr): #####
Traceback (most recent call last):
  File "homework.py", line 546, in <module>
    print(end-start)
NameError: name 'end' is not defined
##### End of output of failed program #####
##### vdhankar plays [E f6 e5] in 0.383944988250732s #####
##### Running: /usr/lib/jvm/jdk-14.0.1/bin/java -jar /lab/itti/projects/checkers-competition/server/referee.jar on run_22_vdhankar_glduncan #####
Move is valid
##### SUCCESS: /usr/lib/jvm/jdk-14.0.1/bin/java -jar /lab/itti/projects/checkers-competition/server/referee.jar on run_22_vdhankar_glduncan #####
INPUT for glduncan:
GAME
BLACK
268.66
........
b...w...
.b......
..w.W...
...w....
..w.....
.......B
w.......
##### Running: /usr/bin/time -o time_22_vdhankar_glduncan.txt -f "%U" python3 homework.py > stulog.txt 2>&1 on glduncan #####
##### SUCCESS: /usr/bin/time -o time_22_vdhankar_glduncan.txt -f "%U" python3 homework.py > stulog.txt 2>&1 on glduncan #####
##### glduncan plays [E h2 g3] in 0.58s #####
##### Running: /usr/lib/jvm/jdk-14.0.1/bin/java -jar /lab/itti/projects/checkers-competition/server/referee.jar on run_22_vdhankar_glduncan #####
Move is valid
##### SUCCESS: /usr/lib/jvm/jdk-14.0.1/bin/java -jar /lab/itti/projects/checkers-competition/server/referee.jar on run_22_vdhankar_glduncan #####
INPUT for vdhankar:
GAME
WHITE
20.8135335445404
........
b...w...
.b......
..w.W...
...w....
..w...B.
........
w.......
##### Running: /usr/bin/time -o time_22_vdhankar_glduncan.txt -f "%U" python3 homework.py > stulog.txt 2>&1 on vdhankar #####
child exited with value 1
##### ERROR: /usr/bin/time -o time_22_vdhankar_glduncan.txt -f "%U" python3 homework.py > stulog.txt 2>&1 on vdhankar #####
##### Output of failed program (stdout + stderr): #####
Traceback (most recent call last):
  File "homework.py", line 546, in <module>
    print(end-start)
NameError: name 'end' is not defined
##### End of output of failed program #####
##### vdhankar plays [E e7 f8] in 0.406618118286133s #####
##### Running: /usr/lib/jvm/jdk-14.0.1/bin/java -jar /lab/itti/projects/checkers-competition/server/referee.jar on run_22_vdhankar_glduncan #####
Move is valid
##### SUCCESS: /usr/lib/jvm/jdk-14.0.1/bin/java -jar /lab/itti/projects/checkers-competition/server/referee.jar on run_22_vdhankar_glduncan #####
INPUT for glduncan:
GAME
BLACK
268.08
.....W..
b.......
.b......
..w.W...
...w....
..w...B.
........
w.......
##### Running: /usr/bin/time -o time_22_vdhankar_glduncan.txt -f "%U" python3 homework.py > stulog.txt 2>&1 on glduncan #####
##### SUCCESS: /usr/bin/time -o time_22_vdhankar_glduncan.txt -f "%U" python3 homework.py > stulog.txt 2>&1 on glduncan #####
##### glduncan plays [E g3 h4] in 0.91s #####
##### Running: /usr/lib/jvm/jdk-14.0.1/bin/java -jar /lab/itti/projects/checkers-competition/server/referee.jar on run_22_vdhankar_glduncan #####
Move is valid
##### SUCCESS: /usr/lib/jvm/jdk-14.0.1/bin/java -jar /lab/itti/projects/checkers-competition/server/referee.jar on run_22_vdhankar_glduncan #####
INPUT for vdhankar:
GAME
WHITE
20.4069154262543
.....W..
b.......
.b......
..w.W...
...w...B
..w.....
........
w.......
##### Running: /usr/bin/time -o time_22_vdhankar_glduncan.txt -f "%U" python3 homework.py > stulog.txt 2>&1 on vdhankar #####
child exited with value 1
##### ERROR: /usr/bin/time -o time_22_vdhankar_glduncan.txt -f "%U" python3 homework.py > stulog.txt 2>&1 on vdhankar #####
##### Output of failed program (stdout + stderr): #####
Traceback (most recent call last):
  File "homework.py", line 546, in <module>
    print(end-start)
NameError: name 'end' is not defined
##### End of output of failed program #####
##### vdhankar plays [E f8 g7] in 0.432406902313232s #####
##### Running: /usr/lib/jvm/jdk-14.0.1/bin/java -jar /lab/itti/projects/checkers-competition/server/referee.jar on run_22_vdhankar_glduncan #####
Move is valid
##### SUCCESS: /usr/lib/jvm/jdk-14.0.1/bin/java -jar /lab/itti/projects/checkers-competition/server/referee.jar on run_22_vdhankar_glduncan #####
INPUT for glduncan:
GAME
BLACK
267.17
........
b.....W.
.b......
..w.W...
...w...B
..w.....
........
w.......
##### Running: /usr/bin/time -o time_22_vdhankar_glduncan.txt -f "%U" python3 homework.py > stulog.txt 2>&1 on glduncan #####
##### SUCCESS: /usr/bin/time -o time_22_vdhankar_glduncan.txt -f "%U" python3 homework.py > stulog.txt 2>&1 on glduncan #####
##### glduncan plays [E h4 g5] in 0.87s #####
##### Running: /usr/lib/jvm/jdk-14.0.1/bin/java -jar /lab/itti/projects/checkers-competition/server/referee.jar on run_22_vdhankar_glduncan #####
Move is valid
##### SUCCESS: /usr/lib/jvm/jdk-14.0.1/bin/java -jar /lab/itti/projects/checkers-competition/server/referee.jar on run_22_vdhankar_glduncan #####
INPUT for vdhankar:
GAME
WHITE
19.974508523941
........
b.....W.
.b......
..w.W.B.
...w....
..w.....
........
w.......
##### Running: /usr/bin/time -o time_22_vdhankar_glduncan.txt -f "%U" python3 homework.py > stulog.txt 2>&1 on vdhankar #####
child exited with value 1
##### ERROR: /usr/bin/time -o time_22_vdhankar_glduncan.txt -f "%U" python3 homework.py > stulog.txt 2>&1 on vdhankar #####
##### Output of failed program (stdout + stderr): #####
Traceback (most recent call last):
  File "homework.py", line 546, in <module>
    print(end-start)
NameError: name 'end' is not defined
##### End of output of failed program #####
##### vdhankar plays [E g7 h6] in 0.428138971328735s #####
##### Running: /usr/lib/jvm/jdk-14.0.1/bin/java -jar /lab/itti/projects/checkers-competition/server/referee.jar on run_22_vdhankar_glduncan #####
Move is valid
##### SUCCESS: /usr/lib/jvm/jdk-14.0.1/bin/java -jar /lab/itti/projects/checkers-competition/server/referee.jar on run_22_vdhankar_glduncan #####
INPUT for glduncan:
GAME
BLACK
266.3
........
b.......
.b.....W
..w.W.B.
...w....
..w.....
........
w.......
##### Running: /usr/bin/time -o time_22_vdhankar_glduncan.txt -f "%U" python3 homework.py > stulog.txt 2>&1 on glduncan #####
##### SUCCESS: /usr/bin/time -o time_22_vdhankar_glduncan.txt -f "%U" python3 homework.py > stulog.txt 2>&1 on glduncan #####
##### glduncan plays [E g5 f6] in 0.21s #####
##### Running: /usr/lib/jvm/jdk-14.0.1/bin/java -jar /lab/itti/projects/checkers-competition/server/referee.jar on run_22_vdhankar_glduncan #####
Move is valid
##### SUCCESS: /usr/lib/jvm/jdk-14.0.1/bin/java -jar /lab/itti/projects/checkers-competition/server/referee.jar on run_22_vdhankar_glduncan #####
INPUT for vdhankar:
GAME
WHITE
19.5463695526123
........
b.......
.b...B.W
..w.W...
...w....
..w.....
........
w.......
##### Running: /usr/bin/time -o time_22_vdhankar_glduncan.txt -f "%U" python3 homework.py > stulog.txt 2>&1 on vdhankar #####
child exited with value 1
##### ERROR: /usr/bin/time -o time_22_vdhankar_glduncan.txt -f "%U" python3 homework.py > stulog.txt 2>&1 on vdhankar #####
##### Output of failed program (stdout + stderr): #####
Traceback (most recent call last):
  File "homework.py", line 546, in <module>
    print(end-start)
NameError: name 'end' is not defined
##### End of output of failed program #####
##### vdhankar plays [J e5 g7] in 0.343669176101685s #####
##### Running: /usr/lib/jvm/jdk-14.0.1/bin/java -jar /lab/itti/projects/checkers-competition/server/referee.jar on run_22_vdhankar_glduncan #####
Move is valid
##### SUCCESS: /usr/lib/jvm/jdk-14.0.1/bin/java -jar /lab/itti/projects/checkers-competition/server/referee.jar on run_22_vdhankar_glduncan #####
INPUT for glduncan:
GAME
BLACK
266.09
........
b.....W.
.b.....W
..w.....
...w....
..w.....
........
w.......
##### Running: /usr/bin/time -o time_22_vdhankar_glduncan.txt -f "%U" python3 homework.py > stulog.txt 2>&1 on glduncan #####
##### SUCCESS: /usr/bin/time -o time_22_vdhankar_glduncan.txt -f "%U" python3 homework.py > stulog.txt 2>&1 on glduncan #####
##### glduncan plays [E b6 a5] in 0.15s #####
##### Running: /usr/lib/jvm/jdk-14.0.1/bin/java -jar /lab/itti/projects/checkers-competition/server/referee.jar on run_22_vdhankar_glduncan #####
Move is valid
##### SUCCESS: /usr/lib/jvm/jdk-14.0.1/bin/java -jar /lab/itti/projects/checkers-competition/server/referee.jar on run_22_vdhankar_glduncan #####
INPUT for vdhankar:
GAME
WHITE
19.2027003765106
........
b.....W.
.......W
b.w.....
...w....
..w.....
........
w.......
##### Running: /usr/bin/time -o time_22_vdhankar_glduncan.txt -f "%U" python3 homework.py > stulog.txt 2>&1 on vdhankar #####
child exited with value 1
##### ERROR: /usr/bin/time -o time_22_vdhankar_glduncan.txt -f "%U" python3 homework.py > stulog.txt 2>&1 on vdhankar #####
##### Output of failed program (stdout + stderr): #####
Traceback (most recent call last):
  File "homework.py", line 546, in <module>
    print(end-start)
NameError: name 'end' is not defined
##### End of output of failed program #####
##### vdhankar plays [E h6 g5] in 0.420673131942749s #####
##### Running: /usr/lib/jvm/jdk-14.0.1/bin/java -jar /lab/itti/projects/checkers-competition/server/referee.jar on run_22_vdhankar_glduncan #####
Move is valid
##### SUCCESS: /usr/lib/jvm/jdk-14.0.1/bin/java -jar /lab/itti/projects/checkers-competition/server/referee.jar on run_22_vdhankar_glduncan #####
INPUT for glduncan:
GAME
BLACK
265.94
........
b.....W.
........
b.w...W.
...w....
..w.....
........
w.......
##### Running: /usr/bin/time -o time_22_vdhankar_glduncan.txt -f "%U" python3 homework.py > stulog.txt 2>&1 on glduncan #####
##### SUCCESS: /usr/bin/time -o time_22_vdhankar_glduncan.txt -f "%U" python3 homework.py > stulog.txt 2>&1 on glduncan #####
##### glduncan plays [E a5 b4] in 0.09s #####
##### Running: /usr/lib/jvm/jdk-14.0.1/bin/java -jar /lab/itti/projects/checkers-competition/server/referee.jar on run_22_vdhankar_glduncan #####
Move is valid
##### SUCCESS: /usr/lib/jvm/jdk-14.0.1/bin/java -jar /lab/itti/projects/checkers-competition/server/referee.jar on run_22_vdhankar_glduncan #####
INPUT for vdhankar:
GAME
WHITE
18.7820272445679
........
b.....W.
........
..w...W.
.b.w....
..w.....
........
w.......
##### Running: /usr/bin/time -o time_22_vdhankar_glduncan.txt -f "%U" python3 homework.py > stulog.txt 2>&1 on vdhankar #####
child exited with value 1
##### ERROR: /usr/bin/time -o time_22_vdhankar_glduncan.txt -f "%U" python3 homework.py > stulog.txt 2>&1 on vdhankar #####
##### Output of failed program (stdout + stderr): #####
Traceback (most recent call last):
  File "homework.py", line 546, in <module>
    print(end-start)
NameError: name 'end' is not defined
##### End of output of failed program #####
##### vdhankar plays [J c3 a5] in 0.359076976776123s #####
##### Running: /usr/lib/jvm/jdk-14.0.1/bin/java -jar /lab/itti/projects/checkers-competition/server/referee.jar on run_22_vdhankar_glduncan #####
Move is valid
##### SUCCESS: /usr/lib/jvm/jdk-14.0.1/bin/java -jar /lab/itti/projects/checkers-competition/server/referee.jar on run_22_vdhankar_glduncan #####
INPUT for glduncan:
GAME
BLACK
265.85
........
b.....W.
........
w.w...W.
...w....
........
........
w.......
##### Running: /usr/bin/time -o time_22_vdhankar_glduncan.txt -f "%U" python3 homework.py > stulog.txt 2>&1 on glduncan #####
##### SUCCESS: /usr/bin/time -o time_22_vdhankar_glduncan.txt -f "%U" python3 homework.py > stulog.txt 2>&1 on glduncan #####
##### glduncan plays [E a7 b6] in 0.05s #####
##### Running: /usr/lib/jvm/jdk-14.0.1/bin/java -jar /lab/itti/projects/checkers-competition/server/referee.jar on run_22_vdhankar_glduncan #####
Move is valid
##### SUCCESS: /usr/lib/jvm/jdk-14.0.1/bin/java -jar /lab/itti/projects/checkers-competition/server/referee.jar on run_22_vdhankar_glduncan #####
INPUT for vdhankar:
GAME
WHITE
18.4229502677917
........
......W.
.b......
w.w...W.
...w....
........
........
w.......
##### Running: /usr/bin/time -o time_22_vdhankar_glduncan.txt -f "%U" python3 homework.py > stulog.txt 2>&1 on vdhankar #####
child exited with value 1
##### ERROR: /usr/bin/time -o time_22_vdhankar_glduncan.txt -f "%U" python3 homework.py > stulog.txt 2>&1 on vdhankar #####
##### Output of failed program (stdout + stderr): #####
Traceback (most recent call last):
  File "homework.py", line 546, in <module>
    print(end-start)
NameError: name 'end' is not defined
##### End of output of failed program #####
##### vdhankar plays [J a5 c7] in 0.344845056533813s #####
##### Running: /usr/lib/jvm/jdk-14.0.1/bin/java -jar /lab/itti/projects/checkers-competition/server/referee.jar on run_22_vdhankar_glduncan #####
Move is valid
After this move, player BLACK cannot make any moves
*** Winner: WHITE ***
##### SUCCESS: /usr/lib/jvm/jdk-14.0.1/bin/java -jar /lab/itti/projects/checkers-competition/server/referee.jar on run_22_vdhankar_glduncan #####
##### GAME OVER: vdhankar wins the game! #####
Server said: WIN
########## ROUND 22 GAMESCORE AFTER GAME 4: vdhankar=2 and glduncan=2 ##########


########## TIE ON ROUND 22 - BOTH PLAYERS ADVANCE TO NEXT ROUND ##########
