#################### ROUND 22: vdhankar (W) vs bansalr (B): game 1 ####################
##### game start! #####
INPUT for bansalr:
GAME
BLACK
300
.b.b.b.b
b.b.b.b.
.b.b.b.b
........
........
w.w.w.w.
.w.w.w.w
w.w.w.w.
##### Running: /usr/bin/time -o time_22_vdhankar_bansalr.txt -f "%U" python3 homework.py > stulog.txt 2>&1 on bansalr #####
##### SUCCESS: /usr/bin/time -o time_22_vdhankar_bansalr.txt -f "%U" python3 homework.py > stulog.txt 2>&1 on bansalr #####
##### bansalr plays [E b6 a5] in 0.06s #####
##### Running: /usr/lib/jvm/jdk-14.0.1/bin/java -jar /lab/itti/projects/checkers-competition/server/referee.jar on run_22_vdhankar_bansalr #####
Move is valid
Couldn't read file 'current_ply.txt'
Couldn't read content from file 'current_ply.txt'
Couldn't read file 'lastmatchange_ply.txt'
Couldn't read content from file 'lastmatchange_ply.txt'
##### SUCCESS: /usr/lib/jvm/jdk-14.0.1/bin/java -jar /lab/itti/projects/checkers-competition/server/referee.jar on run_22_vdhankar_bansalr #####
INPUT for vdhankar:
GAME
WHITE
300
.b.b.b.b
b.b.b.b.
...b.b.b
b.......
........
w.w.w.w.
.w.w.w.w
w.w.w.w.
##### Running: /usr/bin/time -o time_22_vdhankar_bansalr.txt -f "%U" python3 homework.py > stulog.txt 2>&1 on vdhankar #####
child exited with value 1
##### ERROR: /usr/bin/time -o time_22_vdhankar_bansalr.txt -f "%U" python3 homework.py > stulog.txt 2>&1 on vdhankar #####
##### Output of failed program (stdout + stderr): #####
Traceback (most recent call last):
  File "homework.py", line 546, in <module>
    print(end-start)
NameError: name 'end' is not defined
##### End of output of failed program #####
##### vdhankar plays [E g3 h4] in 13.127286195755s #####
##### Running: /usr/lib/jvm/jdk-14.0.1/bin/java -jar /lab/itti/projects/checkers-competition/server/referee.jar on run_22_vdhankar_bansalr #####
Move is valid
##### SUCCESS: /usr/lib/jvm/jdk-14.0.1/bin/java -jar /lab/itti/projects/checkers-competition/server/referee.jar on run_22_vdhankar_bansalr #####
INPUT for bansalr:
GAME
BLACK
299.94
.b.b.b.b
b.b.b.b.
...b.b.b
b.......
.......w
w.w.w...
.w.w.w.w
w.w.w.w.
##### Running: /usr/bin/time -o time_22_vdhankar_bansalr.txt -f "%U" python3 homework.py > stulog.txt 2>&1 on bansalr #####
##### SUCCESS: /usr/bin/time -o time_22_vdhankar_bansalr.txt -f "%U" python3 homework.py > stulog.txt 2>&1 on bansalr #####
##### bansalr plays [E d6 e5] in 0.07s #####
##### Running: /usr/lib/jvm/jdk-14.0.1/bin/java -jar /lab/itti/projects/checkers-competition/server/referee.jar on run_22_vdhankar_bansalr #####
Move is valid
##### SUCCESS: /usr/lib/jvm/jdk-14.0.1/bin/java -jar /lab/itti/projects/checkers-competition/server/referee.jar on run_22_vdhankar_bansalr #####
INPUT for vdhankar:
GAME
WHITE
286.872713804245
.b.b.b.b
b.b.b.b.
.....b.b
b...b...
.......w
w.w.w...
.w.w.w.w
w.w.w.w.
##### Running: /usr/bin/time -o time_22_vdhankar_bansalr.txt -f "%U" python3 homework.py > stulog.txt 2>&1 on vdhankar #####
child exited with value 1
##### ERROR: /usr/bin/time -o time_22_vdhankar_bansalr.txt -f "%U" python3 homework.py > stulog.txt 2>&1 on vdhankar #####
##### Output of failed program (stdout + stderr): #####
Traceback (most recent call last):
  File "homework.py", line 546, in <module>
    print(end-start)
NameError: name 'end' is not defined
##### End of output of failed program #####
##### vdhankar plays [E h2 g3] in 12.8362498283386s #####
##### Running: /usr/lib/jvm/jdk-14.0.1/bin/java -jar /lab/itti/projects/checkers-competition/server/referee.jar on run_22_vdhankar_bansalr #####
Move is valid
##### SUCCESS: /usr/lib/jvm/jdk-14.0.1/bin/java -jar /lab/itti/projects/checkers-competition/server/referee.jar on run_22_vdhankar_bansalr #####
INPUT for bansalr:
GAME
BLACK
299.87
.b.b.b.b
b.b.b.b.
.....b.b
b...b...
.......w
w.w.w.w.
.w.w.w..
w.w.w.w.
##### Running: /usr/bin/time -o time_22_vdhankar_bansalr.txt -f "%U" python3 homework.py > stulog.txt 2>&1 on bansalr #####
##### SUCCESS: /usr/bin/time -o time_22_vdhankar_bansalr.txt -f "%U" python3 homework.py > stulog.txt 2>&1 on bansalr #####
##### bansalr plays [E c7 b6] in 0.07s #####
##### Running: /usr/lib/jvm/jdk-14.0.1/bin/java -jar /lab/itti/projects/checkers-competition/server/referee.jar on run_22_vdhankar_bansalr #####
Move is valid
##### SUCCESS: /usr/lib/jvm/jdk-14.0.1/bin/java -jar /lab/itti/projects/checkers-competition/server/referee.jar on run_22_vdhankar_bansalr #####
INPUT for vdhankar:
GAME
WHITE
274.036463975906
.b.b.b.b
b...b.b.
.b...b.b
b...b...
.......w
w.w.w.w.
.w.w.w..
w.w.w.w.
##### Running: /usr/bin/time -o time_22_vdhankar_bansalr.txt -f "%U" python3 homework.py > stulog.txt 2>&1 on vdhankar #####
child exited with value 1
##### ERROR: /usr/bin/time -o time_22_vdhankar_bansalr.txt -f "%U" python3 homework.py > stulog.txt 2>&1 on vdhankar #####
##### Output of failed program (stdout + stderr): #####
Traceback (most recent call last):
  File "homework.py", line 546, in <module>
    print(end-start)
NameError: name 'end' is not defined
##### End of output of failed program #####
##### vdhankar plays [E e3 f4] in 6.8064341545105s #####
##### Running: /usr/lib/jvm/jdk-14.0.1/bin/java -jar /lab/itti/projects/checkers-competition/server/referee.jar on run_22_vdhankar_bansalr #####
Move is valid
##### SUCCESS: /usr/lib/jvm/jdk-14.0.1/bin/java -jar /lab/itti/projects/checkers-competition/server/referee.jar on run_22_vdhankar_bansalr #####
INPUT for bansalr:
GAME
BLACK
299.8
.b.b.b.b
b...b.b.
.b...b.b
b...b...
.....w.w
w.w...w.
.w.w.w..
w.w.w.w.
##### Running: /usr/bin/time -o time_22_vdhankar_bansalr.txt -f "%U" python3 homework.py > stulog.txt 2>&1 on bansalr #####
##### SUCCESS: /usr/bin/time -o time_22_vdhankar_bansalr.txt -f "%U" python3 homework.py > stulog.txt 2>&1 on bansalr #####
##### bansalr plays [E d8 c7] in 3.69s #####
##### Running: /usr/lib/jvm/jdk-14.0.1/bin/java -jar /lab/itti/projects/checkers-competition/server/referee.jar on run_22_vdhankar_bansalr #####
Move is valid
##### SUCCESS: /usr/lib/jvm/jdk-14.0.1/bin/java -jar /lab/itti/projects/checkers-competition/server/referee.jar on run_22_vdhankar_bansalr #####
INPUT for vdhankar:
GAME
WHITE
267.230029821396
.b...b.b
b.b.b.b.
.b...b.b
b...b...
.....w.w
w.w...w.
.w.w.w..
w.w.w.w.
##### Running: /usr/bin/time -o time_22_vdhankar_bansalr.txt -f "%U" python3 homework.py > stulog.txt 2>&1 on vdhankar #####
child exited with value 1
##### ERROR: /usr/bin/time -o time_22_vdhankar_bansalr.txt -f "%U" python3 homework.py > stulog.txt 2>&1 on vdhankar #####
##### Output of failed program (stdout + stderr): #####
Traceback (most recent call last):
  File "homework.py", line 546, in <module>
    print(end-start)
NameError: name 'end' is not defined
##### End of output of failed program #####
##### vdhankar plays [J f4 d6] in 1.73093485832214s #####
##### Running: /usr/lib/jvm/jdk-14.0.1/bin/java -jar /lab/itti/projects/checkers-competition/server/referee.jar on run_22_vdhankar_bansalr #####
Move is valid
##### SUCCESS: /usr/lib/jvm/jdk-14.0.1/bin/java -jar /lab/itti/projects/checkers-competition/server/referee.jar on run_22_vdhankar_bansalr #####
INPUT for bansalr:
GAME
BLACK
296.11
.b...b.b
b.b.b.b.
.b.w.b.b
b.......
.......w
w.w...w.
.w.w.w..
w.w.w.w.
##### Running: /usr/bin/time -o time_22_vdhankar_bansalr.txt -f "%U" python3 homework.py > stulog.txt 2>&1 on bansalr #####
##### SUCCESS: /usr/bin/time -o time_22_vdhankar_bansalr.txt -f "%U" python3 homework.py > stulog.txt 2>&1 on bansalr #####
##### bansalr plays [J c7 e5] in 3.78s #####
##### Running: /usr/lib/jvm/jdk-14.0.1/bin/java -jar /lab/itti/projects/checkers-competition/server/referee.jar on run_22_vdhankar_bansalr #####
Move is valid
##### SUCCESS: /usr/lib/jvm/jdk-14.0.1/bin/java -jar /lab/itti/projects/checkers-competition/server/referee.jar on run_22_vdhankar_bansalr #####
INPUT for vdhankar:
GAME
WHITE
265.499094963074
.b...b.b
b...b.b.
.b...b.b
b...b...
.......w
w.w...w.
.w.w.w..
w.w.w.w.
##### Running: /usr/bin/time -o time_22_vdhankar_bansalr.txt -f "%U" python3 homework.py > stulog.txt 2>&1 on vdhankar #####
child exited with value 1
##### ERROR: /usr/bin/time -o time_22_vdhankar_bansalr.txt -f "%U" python3 homework.py > stulog.txt 2>&1 on vdhankar #####
##### Output of failed program (stdout + stderr): #####
Traceback (most recent call last):
  File "homework.py", line 546, in <module>
    print(end-start)
NameError: name 'end' is not defined
##### End of output of failed program #####
##### vdhankar plays [E d2 e3] in 8.23527503013611s #####
##### Running: /usr/lib/jvm/jdk-14.0.1/bin/java -jar /lab/itti/projects/checkers-competition/server/referee.jar on run_22_vdhankar_bansalr #####
Move is valid
##### SUCCESS: /usr/lib/jvm/jdk-14.0.1/bin/java -jar /lab/itti/projects/checkers-competition/server/referee.jar on run_22_vdhankar_bansalr #####
INPUT for bansalr:
GAME
BLACK
292.33
.b...b.b
b...b.b.
.b...b.b
b...b...
.......w
w.w.w.w.
.w...w..
w.w.w.w.
##### Running: /usr/bin/time -o time_22_vdhankar_bansalr.txt -f "%U" python3 homework.py > stulog.txt 2>&1 on bansalr #####
##### SUCCESS: /usr/bin/time -o time_22_vdhankar_bansalr.txt -f "%U" python3 homework.py > stulog.txt 2>&1 on bansalr #####
##### bansalr plays [E b8 c7] in 3.13s #####
##### Running: /usr/lib/jvm/jdk-14.0.1/bin/java -jar /lab/itti/projects/checkers-competition/server/referee.jar on run_22_vdhankar_bansalr #####
Move is valid
##### SUCCESS: /usr/lib/jvm/jdk-14.0.1/bin/java -jar /lab/itti/projects/checkers-competition/server/referee.jar on run_22_vdhankar_bansalr #####
INPUT for vdhankar:
GAME
WHITE
257.263819932938
.....b.b
b.b.b.b.
.b...b.b
b...b...
.......w
w.w.w.w.
.w...w..
w.w.w.w.
##### Running: /usr/bin/time -o time_22_vdhankar_bansalr.txt -f "%U" python3 homework.py > stulog.txt 2>&1 on vdhankar #####
child exited with value 1
##### ERROR: /usr/bin/time -o time_22_vdhankar_bansalr.txt -f "%U" python3 homework.py > stulog.txt 2>&1 on vdhankar #####
##### Output of failed program (stdout + stderr): #####
Traceback (most recent call last):
  File "homework.py", line 546, in <module>
    print(end-start)
NameError: name 'end' is not defined
##### End of output of failed program #####
##### vdhankar plays [E c1 d2] in 5.17474007606506s #####
##### Running: /usr/lib/jvm/jdk-14.0.1/bin/java -jar /lab/itti/projects/checkers-competition/server/referee.jar on run_22_vdhankar_bansalr #####
Move is valid
##### SUCCESS: /usr/lib/jvm/jdk-14.0.1/bin/java -jar /lab/itti/projects/checkers-competition/server/referee.jar on run_22_vdhankar_bansalr #####
INPUT for bansalr:
GAME
BLACK
289.2
.....b.b
b.b.b.b.
.b...b.b
b...b...
.......w
w.w.w.w.
.w.w.w..
w...w.w.
##### Running: /usr/bin/time -o time_22_vdhankar_bansalr.txt -f "%U" python3 homework.py > stulog.txt 2>&1 on bansalr #####
##### SUCCESS: /usr/bin/time -o time_22_vdhankar_bansalr.txt -f "%U" python3 homework.py > stulog.txt 2>&1 on bansalr #####
##### bansalr plays [E c7 d6] in 3.68s #####
##### Running: /usr/lib/jvm/jdk-14.0.1/bin/java -jar /lab/itti/projects/checkers-competition/server/referee.jar on run_22_vdhankar_bansalr #####
Move is valid
##### SUCCESS: /usr/lib/jvm/jdk-14.0.1/bin/java -jar /lab/itti/projects/checkers-competition/server/referee.jar on run_22_vdhankar_bansalr #####
INPUT for vdhankar:
GAME
WHITE
252.089079856873
.....b.b
b...b.b.
.b.b.b.b
b...b...
.......w
w.w.w.w.
.w.w.w..
w...w.w.
##### Running: /usr/bin/time -o time_22_vdhankar_bansalr.txt -f "%U" python3 homework.py > stulog.txt 2>&1 on vdhankar #####
child exited with value 1
##### ERROR: /usr/bin/time -o time_22_vdhankar_bansalr.txt -f "%U" python3 homework.py > stulog.txt 2>&1 on vdhankar #####
##### Output of failed program (stdout + stderr): #####
Traceback (most recent call last):
  File "homework.py", line 546, in <module>
    print(end-start)
NameError: name 'end' is not defined
##### End of output of failed program #####
##### vdhankar plays [E e3 f4] in 2.94214701652527s #####
##### Running: /usr/lib/jvm/jdk-14.0.1/bin/java -jar /lab/itti/projects/checkers-competition/server/referee.jar on run_22_vdhankar_bansalr #####
Move is valid
##### SUCCESS: /usr/lib/jvm/jdk-14.0.1/bin/java -jar /lab/itti/projects/checkers-competition/server/referee.jar on run_22_vdhankar_bansalr #####
INPUT for bansalr:
GAME
BLACK
285.52
.....b.b
b...b.b.
.b.b.b.b
b...b...
.....w.w
w.w...w.
.w.w.w..
w...w.w.
##### Running: /usr/bin/time -o time_22_vdhankar_bansalr.txt -f "%U" python3 homework.py > stulog.txt 2>&1 on bansalr #####
##### SUCCESS: /usr/bin/time -o time_22_vdhankar_bansalr.txt -f "%U" python3 homework.py > stulog.txt 2>&1 on bansalr #####
##### bansalr plays [E d6 c5] in 3.76s #####
##### Running: /usr/lib/jvm/jdk-14.0.1/bin/java -jar /lab/itti/projects/checkers-competition/server/referee.jar on run_22_vdhankar_bansalr #####
Move is valid
##### SUCCESS: /usr/lib/jvm/jdk-14.0.1/bin/java -jar /lab/itti/projects/checkers-competition/server/referee.jar on run_22_vdhankar_bansalr #####
INPUT for vdhankar:
GAME
WHITE
249.146932840347
.....b.b
b...b.b.
.b...b.b
b.b.b...
.....w.w
w.w...w.
.w.w.w..
w...w.w.
##### Running: /usr/bin/time -o time_22_vdhankar_bansalr.txt -f "%U" python3 homework.py > stulog.txt 2>&1 on vdhankar #####
child exited with value 1
##### ERROR: /usr/bin/time -o time_22_vdhankar_bansalr.txt -f "%U" python3 homework.py > stulog.txt 2>&1 on vdhankar #####
##### Output of failed program (stdout + stderr): #####
Traceback (most recent call last):
  File "homework.py", line 546, in <module>
    print(end-start)
NameError: name 'end' is not defined
##### End of output of failed program #####
##### vdhankar plays [J f4 d6] in 1.73957681655884s #####
##### Running: /usr/lib/jvm/jdk-14.0.1/bin/java -jar /lab/itti/projects/checkers-competition/server/referee.jar on run_22_vdhankar_bansalr #####
Move is valid
##### SUCCESS: /usr/lib/jvm/jdk-14.0.1/bin/java -jar /lab/itti/projects/checkers-competition/server/referee.jar on run_22_vdhankar_bansalr #####
INPUT for bansalr:
GAME
BLACK
281.76
.....b.b
b...b.b.
.b.w.b.b
b.b.....
.......w
w.w...w.
.w.w.w..
w...w.w.
##### Running: /usr/bin/time -o time_22_vdhankar_bansalr.txt -f "%U" python3 homework.py > stulog.txt 2>&1 on bansalr #####
##### SUCCESS: /usr/bin/time -o time_22_vdhankar_bansalr.txt -f "%U" python3 homework.py > stulog.txt 2>&1 on bansalr #####
##### bansalr plays [E h6 g5] in 3.82s #####
##### Running: /usr/lib/jvm/jdk-14.0.1/bin/java -jar /lab/itti/projects/checkers-competition/server/referee.jar on run_22_vdhankar_bansalr #####
Move is valid
##### SUCCESS: /usr/lib/jvm/jdk-14.0.1/bin/java -jar /lab/itti/projects/checkers-competition/server/referee.jar on run_22_vdhankar_bansalr #####
INPUT for vdhankar:
GAME
WHITE
247.407356023788
.....b.b
b...b.b.
.b.w.b..
b.b...b.
.......w
w.w...w.
.w.w.w..
w...w.w.
##### Running: /usr/bin/time -o time_22_vdhankar_bansalr.txt -f "%U" python3 homework.py > stulog.txt 2>&1 on vdhankar #####
child exited with value 1
##### ERROR: /usr/bin/time -o time_22_vdhankar_bansalr.txt -f "%U" python3 homework.py > stulog.txt 2>&1 on vdhankar #####
##### Output of failed program (stdout + stderr): #####
Traceback (most recent call last):
  File "homework.py", line 546, in <module>
    print(end-start)
NameError: name 'end' is not defined
##### End of output of failed program #####
##### vdhankar plays [E d6 c7] in 4.48870801925659s #####
##### Running: /usr/lib/jvm/jdk-14.0.1/bin/java -jar /lab/itti/projects/checkers-competition/server/referee.jar on run_22_vdhankar_bansalr #####
Move is valid
##### SUCCESS: /usr/lib/jvm/jdk-14.0.1/bin/java -jar /lab/itti/projects/checkers-competition/server/referee.jar on run_22_vdhankar_bansalr #####
INPUT for bansalr:
GAME
BLACK
277.94
.....b.b
b.w.b.b.
.b...b..
b.b...b.
.......w
w.w...w.
.w.w.w..
w...w.w.
##### Running: /usr/bin/time -o time_22_vdhankar_bansalr.txt -f "%U" python3 homework.py > stulog.txt 2>&1 on bansalr #####
##### SUCCESS: /usr/bin/time -o time_22_vdhankar_bansalr.txt -f "%U" python3 homework.py > stulog.txt 2>&1 on bansalr #####
##### bansalr plays [E c5 b4] in 3.73s #####
##### Running: /usr/lib/jvm/jdk-14.0.1/bin/java -jar /lab/itti/projects/checkers-competition/server/referee.jar on run_22_vdhankar_bansalr #####
Move is valid
##### SUCCESS: /usr/lib/jvm/jdk-14.0.1/bin/java -jar /lab/itti/projects/checkers-competition/server/referee.jar on run_22_vdhankar_bansalr #####
INPUT for vdhankar:
GAME
WHITE
242.918648004532
.....b.b
b.w.b.b.
.b...b..
b.....b.
.b.....w
w.w...w.
.w.w.w..
w...w.w.
##### Running: /usr/bin/time -o time_22_vdhankar_bansalr.txt -f "%U" python3 homework.py > stulog.txt 2>&1 on vdhankar #####
child exited with value 1
##### ERROR: /usr/bin/time -o time_22_vdhankar_bansalr.txt -f "%U" python3 homework.py > stulog.txt 2>&1 on vdhankar #####
##### Output of failed program (stdout + stderr): #####
Traceback (most recent call last):
  File "homework.py", line 546, in <module>
    print(end-start)
NameError: name 'end' is not defined
##### End of output of failed program #####
##### vdhankar plays [J a3 c5] in 0.465885877609253s #####
##### Running: /usr/lib/jvm/jdk-14.0.1/bin/java -jar /lab/itti/projects/checkers-competition/server/referee.jar on run_22_vdhankar_bansalr #####
Move is valid
##### SUCCESS: /usr/lib/jvm/jdk-14.0.1/bin/java -jar /lab/itti/projects/checkers-competition/server/referee.jar on run_22_vdhankar_bansalr #####
INPUT for bansalr:
GAME
BLACK
274.21
.....b.b
b.w.b.b.
.b...b..
b.w...b.
.......w
..w...w.
.w.w.w..
w...w.w.
##### Running: /usr/bin/time -o time_22_vdhankar_bansalr.txt -f "%U" python3 homework.py > stulog.txt 2>&1 on bansalr #####
##### SUCCESS: /usr/bin/time -o time_22_vdhankar_bansalr.txt -f "%U" python3 homework.py > stulog.txt 2>&1 on bansalr #####
##### bansalr plays [J b6 d4] in 0.42s #####
##### Running: /usr/lib/jvm/jdk-14.0.1/bin/java -jar /lab/itti/projects/checkers-competition/server/referee.jar on run_22_vdhankar_bansalr #####
Move is valid
##### SUCCESS: /usr/lib/jvm/jdk-14.0.1/bin/java -jar /lab/itti/projects/checkers-competition/server/referee.jar on run_22_vdhankar_bansalr #####
INPUT for vdhankar:
GAME
WHITE
242.452762126923
.....b.b
b.w.b.b.
.....b..
b.....b.
...b...w
..w...w.
.w.w.w..
w...w.w.
##### Running: /usr/bin/time -o time_22_vdhankar_bansalr.txt -f "%U" python3 homework.py > stulog.txt 2>&1 on vdhankar #####
child exited with value 1
##### ERROR: /usr/bin/time -o time_22_vdhankar_bansalr.txt -f "%U" python3 homework.py > stulog.txt 2>&1 on vdhankar #####
##### Output of failed program (stdout + stderr): #####
Traceback (most recent call last):
  File "homework.py", line 546, in <module>
    print(end-start)
NameError: name 'end' is not defined
##### End of output of failed program #####
##### vdhankar plays [J c3 e5] in 0.524878025054932s #####
##### Running: /usr/lib/jvm/jdk-14.0.1/bin/java -jar /lab/itti/projects/checkers-competition/server/referee.jar on run_22_vdhankar_bansalr #####
Move is valid
##### SUCCESS: /usr/lib/jvm/jdk-14.0.1/bin/java -jar /lab/itti/projects/checkers-competition/server/referee.jar on run_22_vdhankar_bansalr #####
INPUT for bansalr:
GAME
BLACK
273.79
.....b.b
b.w.b.b.
.....b..
b...w.b.
.......w
......w.
.w.w.w..
w...w.w.
##### Running: /usr/bin/time -o time_22_vdhankar_bansalr.txt -f "%U" python3 homework.py > stulog.txt 2>&1 on bansalr #####
##### SUCCESS: /usr/bin/time -o time_22_vdhankar_bansalr.txt -f "%U" python3 homework.py > stulog.txt 2>&1 on bansalr #####
##### bansalr plays [J f6 d4] in 2.14s #####
##### Running: /usr/lib/jvm/jdk-14.0.1/bin/java -jar /lab/itti/projects/checkers-competition/server/referee.jar on run_22_vdhankar_bansalr #####
Move is valid
##### SUCCESS: /usr/lib/jvm/jdk-14.0.1/bin/java -jar /lab/itti/projects/checkers-competition/server/referee.jar on run_22_vdhankar_bansalr #####
INPUT for vdhankar:
GAME
WHITE
241.927884101868
.....b.b
b.w.b.b.
........
b.....b.
...b...w
......w.
.w.w.w..
w...w.w.
##### Running: /usr/bin/time -o time_22_vdhankar_bansalr.txt -f "%U" python3 homework.py > stulog.txt 2>&1 on vdhankar #####
child exited with value 1
##### ERROR: /usr/bin/time -o time_22_vdhankar_bansalr.txt -f "%U" python3 homework.py > stulog.txt 2>&1 on vdhankar #####
##### Output of failed program (stdout + stderr): #####
Traceback (most recent call last):
  File "homework.py", line 546, in <module>
    print(end-start)
NameError: name 'end' is not defined
##### End of output of failed program #####
##### vdhankar plays [J h4 f6 ; J f6 d8] in 3.309739112854s #####
##### Running: /usr/lib/jvm/jdk-14.0.1/bin/java -jar /lab/itti/projects/checkers-competition/server/referee.jar on run_22_vdhankar_bansalr #####
Move is valid
##### SUCCESS: /usr/lib/jvm/jdk-14.0.1/bin/java -jar /lab/itti/projects/checkers-competition/server/referee.jar on run_22_vdhankar_bansalr #####
INPUT for bansalr:
GAME
BLACK
271.65
...W.b.b
b.w...b.
........
b.......
...b....
......w.
.w.w.w..
w...w.w.
##### Running: /usr/bin/time -o time_22_vdhankar_bansalr.txt -f "%U" python3 homework.py > stulog.txt 2>&1 on bansalr #####
##### SUCCESS: /usr/bin/time -o time_22_vdhankar_bansalr.txt -f "%U" python3 homework.py > stulog.txt 2>&1 on bansalr #####
##### bansalr plays [E f8 e7] in 3.78s #####
##### Running: /usr/lib/jvm/jdk-14.0.1/bin/java -jar /lab/itti/projects/checkers-competition/server/referee.jar on run_22_vdhankar_bansalr #####
Move is valid
##### SUCCESS: /usr/lib/jvm/jdk-14.0.1/bin/java -jar /lab/itti/projects/checkers-competition/server/referee.jar on run_22_vdhankar_bansalr #####
INPUT for vdhankar:
GAME
WHITE
238.618144989014
...W...b
b.w.b.b.
........
b.......
...b....
......w.
.w.w.w..
w...w.w.
##### Running: /usr/bin/time -o time_22_vdhankar_bansalr.txt -f "%U" python3 homework.py > stulog.txt 2>&1 on vdhankar #####
child exited with value 1
##### ERROR: /usr/bin/time -o time_22_vdhankar_bansalr.txt -f "%U" python3 homework.py > stulog.txt 2>&1 on vdhankar #####
##### Output of failed program (stdout + stderr): #####
Traceback (most recent call last):
  File "homework.py", line 546, in <module>
    print(end-start)
NameError: name 'end' is not defined
##### End of output of failed program #####
##### vdhankar plays [J d8 f6] in 1.24599599838257s #####
##### Running: /usr/lib/jvm/jdk-14.0.1/bin/java -jar /lab/itti/projects/checkers-competition/server/referee.jar on run_22_vdhankar_bansalr #####
Move is valid
##### SUCCESS: /usr/lib/jvm/jdk-14.0.1/bin/java -jar /lab/itti/projects/checkers-competition/server/referee.jar on run_22_vdhankar_bansalr #####
INPUT for bansalr:
GAME
BLACK
267.87
.......b
b.w...b.
.....W..
b.......
...b....
......w.
.w.w.w..
w...w.w.
##### Running: /usr/bin/time -o time_22_vdhankar_bansalr.txt -f "%U" python3 homework.py > stulog.txt 2>&1 on bansalr #####
##### SUCCESS: /usr/bin/time -o time_22_vdhankar_bansalr.txt -f "%U" python3 homework.py > stulog.txt 2>&1 on bansalr #####
##### bansalr plays [J g7 e5] in 3.66s #####
##### Running: /usr/lib/jvm/jdk-14.0.1/bin/java -jar /lab/itti/projects/checkers-competition/server/referee.jar on run_22_vdhankar_bansalr #####
Move is valid
##### SUCCESS: /usr/lib/jvm/jdk-14.0.1/bin/java -jar /lab/itti/projects/checkers-competition/server/referee.jar on run_22_vdhankar_bansalr #####
INPUT for vdhankar:
GAME
WHITE
237.372148990631
.......b
b.w.....
........
b...b...
...b....
......w.
.w.w.w..
w...w.w.
##### Running: /usr/bin/time -o time_22_vdhankar_bansalr.txt -f "%U" python3 homework.py > stulog.txt 2>&1 on vdhankar #####
child exited with value 1
##### ERROR: /usr/bin/time -o time_22_vdhankar_bansalr.txt -f "%U" python3 homework.py > stulog.txt 2>&1 on vdhankar #####
##### Output of failed program (stdout + stderr): #####
Traceback (most recent call last):
  File "homework.py", line 546, in <module>
    print(end-start)
NameError: name 'end' is not defined
##### End of output of failed program #####
##### vdhankar plays [E c7 d8] in 4.73794007301331s #####
##### Running: /usr/lib/jvm/jdk-14.0.1/bin/java -jar /lab/itti/projects/checkers-competition/server/referee.jar on run_22_vdhankar_bansalr #####
Move is valid
##### SUCCESS: /usr/lib/jvm/jdk-14.0.1/bin/java -jar /lab/itti/projects/checkers-competition/server/referee.jar on run_22_vdhankar_bansalr #####
INPUT for bansalr:
GAME
BLACK
264.21
...W...b
b.......
........
b...b...
...b....
......w.
.w.w.w..
w...w.w.
##### Running: /usr/bin/time -o time_22_vdhankar_bansalr.txt -f "%U" python3 homework.py > stulog.txt 2>&1 on bansalr #####
##### SUCCESS: /usr/bin/time -o time_22_vdhankar_bansalr.txt -f "%U" python3 homework.py > stulog.txt 2>&1 on bansalr #####
##### bansalr plays [E h8 g7] in 3.89s #####
##### Running: /usr/lib/jvm/jdk-14.0.1/bin/java -jar /lab/itti/projects/checkers-competition/server/referee.jar on run_22_vdhankar_bansalr #####
Move is valid
##### SUCCESS: /usr/lib/jvm/jdk-14.0.1/bin/java -jar /lab/itti/projects/checkers-competition/server/referee.jar on run_22_vdhankar_bansalr #####
INPUT for vdhankar:
GAME
WHITE
232.634208917618
...W....
b.....b.
........
b...b...
...b....
......w.
.w.w.w..
w...w.w.
##### Running: /usr/bin/time -o time_22_vdhankar_bansalr.txt -f "%U" python3 homework.py > stulog.txt 2>&1 on vdhankar #####
child exited with value 1
##### ERROR: /usr/bin/time -o time_22_vdhankar_bansalr.txt -f "%U" python3 homework.py > stulog.txt 2>&1 on vdhankar #####
##### Output of failed program (stdout + stderr): #####
Traceback (most recent call last):
  File "homework.py", line 546, in <module>
    print(end-start)
NameError: name 'end' is not defined
##### End of output of failed program #####
##### vdhankar plays [E d8 e7] in 8.24573421478271s #####
##### Running: /usr/lib/jvm/jdk-14.0.1/bin/java -jar /lab/itti/projects/checkers-competition/server/referee.jar on run_22_vdhankar_bansalr #####
Move is valid
##### SUCCESS: /usr/lib/jvm/jdk-14.0.1/bin/java -jar /lab/itti/projects/checkers-competition/server/referee.jar on run_22_vdhankar_bansalr #####
INPUT for bansalr:
GAME
BLACK
260.32
........
b...W.b.
........
b...b...
...b....
......w.
.w.w.w..
w...w.w.
##### Running: /usr/bin/time -o time_22_vdhankar_bansalr.txt -f "%U" python3 homework.py > stulog.txt 2>&1 on bansalr #####
##### SUCCESS: /usr/bin/time -o time_22_vdhankar_bansalr.txt -f "%U" python3 homework.py > stulog.txt 2>&1 on bansalr #####
##### bansalr plays [E a7 b6] in 3.74s #####
##### Running: /usr/lib/jvm/jdk-14.0.1/bin/java -jar /lab/itti/projects/checkers-competition/server/referee.jar on run_22_vdhankar_bansalr #####
Move is valid
##### SUCCESS: /usr/lib/jvm/jdk-14.0.1/bin/java -jar /lab/itti/projects/checkers-competition/server/referee.jar on run_22_vdhankar_bansalr #####
INPUT for vdhankar:
GAME
WHITE
224.388474702835
........
....W.b.
.b......
b...b...
...b....
......w.
.w.w.w..
w...w.w.
##### Running: /usr/bin/time -o time_22_vdhankar_bansalr.txt -f "%U" python3 homework.py > stulog.txt 2>&1 on vdhankar #####
child exited with value 1
##### ERROR: /usr/bin/time -o time_22_vdhankar_bansalr.txt -f "%U" python3 homework.py > stulog.txt 2>&1 on vdhankar #####
##### Output of failed program (stdout + stderr): #####
Traceback (most recent call last):
  File "homework.py", line 546, in <module>
    print(end-start)
NameError: name 'end' is not defined
##### End of output of failed program #####
##### vdhankar plays [E d2 c3] in 8.59364199638367s #####
##### Running: /usr/lib/jvm/jdk-14.0.1/bin/java -jar /lab/itti/projects/checkers-competition/server/referee.jar on run_22_vdhankar_bansalr #####
Move is valid
##### SUCCESS: /usr/lib/jvm/jdk-14.0.1/bin/java -jar /lab/itti/projects/checkers-competition/server/referee.jar on run_22_vdhankar_bansalr #####
INPUT for bansalr:
GAME
BLACK
256.58
........
....W.b.
.b......
b...b...
...b....
..w...w.
.w...w..
w...w.w.
##### Running: /usr/bin/time -o time_22_vdhankar_bansalr.txt -f "%U" python3 homework.py > stulog.txt 2>&1 on bansalr #####
##### SUCCESS: /usr/bin/time -o time_22_vdhankar_bansalr.txt -f "%U" python3 homework.py > stulog.txt 2>&1 on bansalr #####
##### bansalr plays [E g7 h6] in 3.87s #####
##### Running: /usr/lib/jvm/jdk-14.0.1/bin/java -jar /lab/itti/projects/checkers-competition/server/referee.jar on run_22_vdhankar_bansalr #####
Move is valid
##### SUCCESS: /usr/lib/jvm/jdk-14.0.1/bin/java -jar /lab/itti/projects/checkers-competition/server/referee.jar on run_22_vdhankar_bansalr #####
INPUT for vdhankar:
GAME
WHITE
215.794832706451
........
....W...
.b.....b
b...b...
...b....
..w...w.
.w...w..
w...w.w.
##### Running: /usr/bin/time -o time_22_vdhankar_bansalr.txt -f "%U" python3 homework.py > stulog.txt 2>&1 on vdhankar #####
child exited with value 1
##### ERROR: /usr/bin/time -o time_22_vdhankar_bansalr.txt -f "%U" python3 homework.py > stulog.txt 2>&1 on vdhankar #####
##### Output of failed program (stdout + stderr): #####
Traceback (most recent call last):
  File "homework.py", line 546, in <module>
    print(end-start)
NameError: name 'end' is not defined
##### End of output of failed program #####
##### vdhankar plays [E e7 d6] in 3.0998330116272s #####
##### Running: /usr/lib/jvm/jdk-14.0.1/bin/java -jar /lab/itti/projects/checkers-competition/server/referee.jar on run_22_vdhankar_bansalr #####
Move is valid
##### SUCCESS: /usr/lib/jvm/jdk-14.0.1/bin/java -jar /lab/itti/projects/checkers-competition/server/referee.jar on run_22_vdhankar_bansalr #####
INPUT for bansalr:
GAME
BLACK
252.71
........
........
.b.W...b
b...b...
...b....
..w...w.
.w...w..
w...w.w.
##### Running: /usr/bin/time -o time_22_vdhankar_bansalr.txt -f "%U" python3 homework.py > stulog.txt 2>&1 on bansalr #####
##### SUCCESS: /usr/bin/time -o time_22_vdhankar_bansalr.txt -f "%U" python3 homework.py > stulog.txt 2>&1 on bansalr #####
##### bansalr plays [E b6 c5] in 4.11s #####
##### Running: /usr/lib/jvm/jdk-14.0.1/bin/java -jar /lab/itti/projects/checkers-competition/server/referee.jar on run_22_vdhankar_bansalr #####
Move is valid
##### SUCCESS: /usr/lib/jvm/jdk-14.0.1/bin/java -jar /lab/itti/projects/checkers-competition/server/referee.jar on run_22_vdhankar_bansalr #####
INPUT for vdhankar:
GAME
WHITE
212.694999694824
........
........
...W...b
b.b.b...
...b....
..w...w.
.w...w..
w...w.w.
##### Running: /usr/bin/time -o time_22_vdhankar_bansalr.txt -f "%U" python3 homework.py > stulog.txt 2>&1 on vdhankar #####
child exited with value 1
##### ERROR: /usr/bin/time -o time_22_vdhankar_bansalr.txt -f "%U" python3 homework.py > stulog.txt 2>&1 on vdhankar #####
##### Output of failed program (stdout + stderr): #####
Traceback (most recent call last):
  File "homework.py", line 546, in <module>
    print(end-start)
NameError: name 'end' is not defined
##### End of output of failed program #####
##### vdhankar plays [J d6 b4] in 0.532114028930664s #####
##### Running: /usr/lib/jvm/jdk-14.0.1/bin/java -jar /lab/itti/projects/checkers-competition/server/referee.jar on run_22_vdhankar_bansalr #####
Move is valid
##### SUCCESS: /usr/lib/jvm/jdk-14.0.1/bin/java -jar /lab/itti/projects/checkers-competition/server/referee.jar on run_22_vdhankar_bansalr #####
INPUT for bansalr:
GAME
BLACK
248.6
........
........
.......b
b...b...
.W.b....
..w...w.
.w...w..
w...w.w.
##### Running: /usr/bin/time -o time_22_vdhankar_bansalr.txt -f "%U" python3 homework.py > stulog.txt 2>&1 on bansalr #####
##### SUCCESS: /usr/bin/time -o time_22_vdhankar_bansalr.txt -f "%U" python3 homework.py > stulog.txt 2>&1 on bansalr #####
##### bansalr plays [E h6 g5] in 3.73s #####
##### Running: /usr/lib/jvm/jdk-14.0.1/bin/java -jar /lab/itti/projects/checkers-competition/server/referee.jar on run_22_vdhankar_bansalr #####
Move is valid
##### SUCCESS: /usr/lib/jvm/jdk-14.0.1/bin/java -jar /lab/itti/projects/checkers-competition/server/referee.jar on run_22_vdhankar_bansalr #####
INPUT for vdhankar:
GAME
WHITE
212.162885665894
........
........
........
b...b.b.
.W.b....
..w...w.
.w...w..
w...w.w.
##### Running: /usr/bin/time -o time_22_vdhankar_bansalr.txt -f "%U" python3 homework.py > stulog.txt 2>&1 on vdhankar #####
child exited with value 1
##### ERROR: /usr/bin/time -o time_22_vdhankar_bansalr.txt -f "%U" python3 homework.py > stulog.txt 2>&1 on vdhankar #####
##### Output of failed program (stdout + stderr): #####
Traceback (most recent call last):
  File "homework.py", line 546, in <module>
    print(end-start)
NameError: name 'end' is not defined
##### End of output of failed program #####
##### vdhankar plays [E e1 d2] in 0.878710031509399s #####
##### Running: /usr/lib/jvm/jdk-14.0.1/bin/java -jar /lab/itti/projects/checkers-competition/server/referee.jar on run_22_vdhankar_bansalr #####
Move is valid
##### SUCCESS: /usr/lib/jvm/jdk-14.0.1/bin/java -jar /lab/itti/projects/checkers-competition/server/referee.jar on run_22_vdhankar_bansalr #####
INPUT for bansalr:
GAME
BLACK
244.87
........
........
........
b...b.b.
.W.b....
..w...w.
.w.w.w..
w.....w.
##### Running: /usr/bin/time -o time_22_vdhankar_bansalr.txt -f "%U" python3 homework.py > stulog.txt 2>&1 on bansalr #####
##### SUCCESS: /usr/bin/time -o time_22_vdhankar_bansalr.txt -f "%U" python3 homework.py > stulog.txt 2>&1 on bansalr #####
##### bansalr plays [E e5 f4] in 3.68s #####
##### Running: /usr/lib/jvm/jdk-14.0.1/bin/java -jar /lab/itti/projects/checkers-competition/server/referee.jar on run_22_vdhankar_bansalr #####
Move is valid
##### SUCCESS: /usr/lib/jvm/jdk-14.0.1/bin/java -jar /lab/itti/projects/checkers-competition/server/referee.jar on run_22_vdhankar_bansalr #####
INPUT for vdhankar:
GAME
WHITE
211.284175634384
........
........
........
b.....b.
.W.b.b..
..w...w.
.w.w.w..
w.....w.
##### Running: /usr/bin/time -o time_22_vdhankar_bansalr.txt -f "%U" python3 homework.py > stulog.txt 2>&1 on vdhankar #####
child exited with value 1
##### ERROR: /usr/bin/time -o time_22_vdhankar_bansalr.txt -f "%U" python3 homework.py > stulog.txt 2>&1 on vdhankar #####
##### Output of failed program (stdout + stderr): #####
Traceback (most recent call last):
  File "homework.py", line 546, in <module>
    print(end-start)
NameError: name 'end' is not defined
##### End of output of failed program #####
##### vdhankar plays [J g3 e5] in 0.614094018936157s #####
##### Running: /usr/lib/jvm/jdk-14.0.1/bin/java -jar /lab/itti/projects/checkers-competition/server/referee.jar on run_22_vdhankar_bansalr #####
Move is valid
##### SUCCESS: /usr/lib/jvm/jdk-14.0.1/bin/java -jar /lab/itti/projects/checkers-competition/server/referee.jar on run_22_vdhankar_bansalr #####
INPUT for bansalr:
GAME
BLACK
241.19
........
........
........
b...w.b.
.W.b....
..w.....
.w.w.w..
w.....w.
##### Running: /usr/bin/time -o time_22_vdhankar_bansalr.txt -f "%U" python3 homework.py > stulog.txt 2>&1 on bansalr #####
##### SUCCESS: /usr/bin/time -o time_22_vdhankar_bansalr.txt -f "%U" python3 homework.py > stulog.txt 2>&1 on bansalr #####
##### bansalr plays [E g5 f4] in 1.94s #####
##### Running: /usr/lib/jvm/jdk-14.0.1/bin/java -jar /lab/itti/projects/checkers-competition/server/referee.jar on run_22_vdhankar_bansalr #####
Move is valid
##### SUCCESS: /usr/lib/jvm/jdk-14.0.1/bin/java -jar /lab/itti/projects/checkers-competition/server/referee.jar on run_22_vdhankar_bansalr #####
INPUT for vdhankar:
GAME
WHITE
210.670081615448
........
........
........
b...w...
.W.b.b..
..w.....
.w.w.w..
w.....w.
##### Running: /usr/bin/time -o time_22_vdhankar_bansalr.txt -f "%U" python3 homework.py > stulog.txt 2>&1 on vdhankar #####
child exited with value 1
##### ERROR: /usr/bin/time -o time_22_vdhankar_bansalr.txt -f "%U" python3 homework.py > stulog.txt 2>&1 on vdhankar #####
##### Output of failed program (stdout + stderr): #####
Traceback (most recent call last):
  File "homework.py", line 546, in <module>
    print(end-start)
NameError: name 'end' is not defined
##### End of output of failed program #####
##### vdhankar plays [E e5 d6] in 0.425293922424316s #####
##### Running: /usr/lib/jvm/jdk-14.0.1/bin/java -jar /lab/itti/projects/checkers-competition/server/referee.jar on run_22_vdhankar_bansalr #####
Move is valid
##### SUCCESS: /usr/lib/jvm/jdk-14.0.1/bin/java -jar /lab/itti/projects/checkers-competition/server/referee.jar on run_22_vdhankar_bansalr #####
INPUT for bansalr:
GAME
BLACK
239.25
........
........
...w....
b.......
.W.b.b..
..w.....
.w.w.w..
w.....w.
##### Running: /usr/bin/time -o time_22_vdhankar_bansalr.txt -f "%U" python3 homework.py > stulog.txt 2>&1 on bansalr #####
##### SUCCESS: /usr/bin/time -o time_22_vdhankar_bansalr.txt -f "%U" python3 homework.py > stulog.txt 2>&1 on bansalr #####
##### bansalr plays [E d4 e3] in 1.08s #####
##### Running: /usr/lib/jvm/jdk-14.0.1/bin/java -jar /lab/itti/projects/checkers-competition/server/referee.jar on run_22_vdhankar_bansalr #####
Move is valid
##### SUCCESS: /usr/lib/jvm/jdk-14.0.1/bin/java -jar /lab/itti/projects/checkers-competition/server/referee.jar on run_22_vdhankar_bansalr #####
INPUT for vdhankar:
GAME
WHITE
210.244787693024
........
........
...w....
b.......
.W...b..
..w.b...
.w.w.w..
w.....w.
##### Running: /usr/bin/time -o time_22_vdhankar_bansalr.txt -f "%U" python3 homework.py > stulog.txt 2>&1 on vdhankar #####
child exited with value 1
##### ERROR: /usr/bin/time -o time_22_vdhankar_bansalr.txt -f "%U" python3 homework.py > stulog.txt 2>&1 on vdhankar #####
##### Output of failed program (stdout + stderr): #####
Traceback (most recent call last):
  File "homework.py", line 546, in <module>
    print(end-start)
NameError: name 'end' is not defined
##### End of output of failed program #####
##### vdhankar plays [J f2 d4] in 0.361891031265259s #####
##### Running: /usr/lib/jvm/jdk-14.0.1/bin/java -jar /lab/itti/projects/checkers-competition/server/referee.jar on run_22_vdhankar_bansalr #####
Move is valid
##### SUCCESS: /usr/lib/jvm/jdk-14.0.1/bin/java -jar /lab/itti/projects/checkers-competition/server/referee.jar on run_22_vdhankar_bansalr #####
INPUT for bansalr:
GAME
BLACK
238.17
........
........
...w....
b.......
.W.w.b..
..w.....
.w.w....
w.....w.
##### Running: /usr/bin/time -o time_22_vdhankar_bansalr.txt -f "%U" python3 homework.py > stulog.txt 2>&1 on bansalr #####
##### SUCCESS: /usr/bin/time -o time_22_vdhankar_bansalr.txt -f "%U" python3 homework.py > stulog.txt 2>&1 on bansalr #####
##### bansalr plays [E f4 e3] in 0.15s #####
##### Running: /usr/lib/jvm/jdk-14.0.1/bin/java -jar /lab/itti/projects/checkers-competition/server/referee.jar on run_22_vdhankar_bansalr #####
Move is valid
##### SUCCESS: /usr/lib/jvm/jdk-14.0.1/bin/java -jar /lab/itti/projects/checkers-competition/server/referee.jar on run_22_vdhankar_bansalr #####
INPUT for vdhankar:
GAME
WHITE
209.882896661758
........
........
...w....
b.......
.W.w....
..w.b...
.w.w....
w.....w.
##### Running: /usr/bin/time -o time_22_vdhankar_bansalr.txt -f "%U" python3 homework.py > stulog.txt 2>&1 on vdhankar #####
child exited with value 1
##### ERROR: /usr/bin/time -o time_22_vdhankar_bansalr.txt -f "%U" python3 homework.py > stulog.txt 2>&1 on vdhankar #####
##### Output of failed program (stdout + stderr): #####
Traceback (most recent call last):
  File "homework.py", line 546, in <module>
    print(end-start)
NameError: name 'end' is not defined
##### End of output of failed program #####
##### vdhankar plays [J d2 f4] in 0.368875980377197s #####
##### Running: /usr/lib/jvm/jdk-14.0.1/bin/java -jar /lab/itti/projects/checkers-competition/server/referee.jar on run_22_vdhankar_bansalr #####
Move is valid
After this move, player BLACK cannot make any moves
*** Winner: WHITE ***
##### SUCCESS: /usr/lib/jvm/jdk-14.0.1/bin/java -jar /lab/itti/projects/checkers-competition/server/referee.jar on run_22_vdhankar_bansalr #####
##### GAME OVER: vdhankar wins the game! #####
Server said: WIN
########## ROUND 22 GAMESCORE AFTER GAME 1: vdhankar=1 and bansalr=0 ##########
#################### ROUND 22: vdhankar (B) vs bansalr (W): game 2 ####################
##### game start! #####
INPUT for vdhankar:
GAME
BLACK
300
.b.b.b.b
b.b.b.b.
.b.b.b.b
........
........
w.w.w.w.
.w.w.w.w
w.w.w.w.
##### Running: /usr/bin/time -o time_22_vdhankar_bansalr.txt -f "%U" python3 homework.py > stulog.txt 2>&1 on vdhankar #####
child exited with value 1
##### ERROR: /usr/bin/time -o time_22_vdhankar_bansalr.txt -f "%U" python3 homework.py > stulog.txt 2>&1 on vdhankar #####
##### Output of failed program (stdout + stderr): #####
Traceback (most recent call last):
  File "homework.py", line 546, in <module>
    print(end-start)
NameError: name 'end' is not defined
##### End of output of failed program #####
##### vdhankar plays [E h6 g5] in 11.8991551399231s #####
##### Running: /usr/lib/jvm/jdk-14.0.1/bin/java -jar /lab/itti/projects/checkers-competition/server/referee.jar on run_22_vdhankar_bansalr #####
Move is valid
Couldn't read file 'current_ply.txt'
Couldn't read content from file 'current_ply.txt'
Couldn't read file 'lastmatchange_ply.txt'
Couldn't read content from file 'lastmatchange_ply.txt'
##### SUCCESS: /usr/lib/jvm/jdk-14.0.1/bin/java -jar /lab/itti/projects/checkers-competition/server/referee.jar on run_22_vdhankar_bansalr #####
INPUT for bansalr:
GAME
WHITE
300
.b.b.b.b
b.b.b.b.
.b.b.b..
......b.
........
w.w.w.w.
.w.w.w.w
w.w.w.w.
##### Running: /usr/bin/time -o time_22_vdhankar_bansalr.txt -f "%U" python3 homework.py > stulog.txt 2>&1 on bansalr #####
##### SUCCESS: /usr/bin/time -o time_22_vdhankar_bansalr.txt -f "%U" python3 homework.py > stulog.txt 2>&1 on bansalr #####
##### bansalr plays [E c3 d4] in 0.06s #####
##### Running: /usr/lib/jvm/jdk-14.0.1/bin/java -jar /lab/itti/projects/checkers-competition/server/referee.jar on run_22_vdhankar_bansalr #####
Move is valid
##### SUCCESS: /usr/lib/jvm/jdk-14.0.1/bin/java -jar /lab/itti/projects/checkers-competition/server/referee.jar on run_22_vdhankar_bansalr #####
INPUT for vdhankar:
GAME
BLACK
288.100844860077
.b.b.b.b
b.b.b.b.
.b.b.b..
......b.
...w....
w...w.w.
.w.w.w.w
w.w.w.w.
##### Running: /usr/bin/time -o time_22_vdhankar_bansalr.txt -f "%U" python3 homework.py > stulog.txt 2>&1 on vdhankar #####
child exited with value 1
##### ERROR: /usr/bin/time -o time_22_vdhankar_bansalr.txt -f "%U" python3 homework.py > stulog.txt 2>&1 on vdhankar #####
##### Output of failed program (stdout + stderr): #####
Traceback (most recent call last):
  File "homework.py", line 546, in <module>
    print(end-start)
NameError: name 'end' is not defined
##### End of output of failed program #####
##### vdhankar plays [E g5 h4] in 6.44235587120056s #####
##### Running: /usr/lib/jvm/jdk-14.0.1/bin/java -jar /lab/itti/projects/checkers-competition/server/referee.jar on run_22_vdhankar_bansalr #####
Move is valid
##### SUCCESS: /usr/lib/jvm/jdk-14.0.1/bin/java -jar /lab/itti/projects/checkers-competition/server/referee.jar on run_22_vdhankar_bansalr #####
INPUT for bansalr:
GAME
WHITE
299.94
.b.b.b.b
b.b.b.b.
.b.b.b..
........
...w...b
w...w.w.
.w.w.w.w
w.w.w.w.
##### Running: /usr/bin/time -o time_22_vdhankar_bansalr.txt -f "%U" python3 homework.py > stulog.txt 2>&1 on bansalr #####
##### SUCCESS: /usr/bin/time -o time_22_vdhankar_bansalr.txt -f "%U" python3 homework.py > stulog.txt 2>&1 on bansalr #####
##### bansalr plays [E b2 c3] in 0.06s #####
##### Running: /usr/lib/jvm/jdk-14.0.1/bin/java -jar /lab/itti/projects/checkers-competition/server/referee.jar on run_22_vdhankar_bansalr #####
Move is valid
##### SUCCESS: /usr/lib/jvm/jdk-14.0.1/bin/java -jar /lab/itti/projects/checkers-competition/server/referee.jar on run_22_vdhankar_bansalr #####
INPUT for vdhankar:
GAME
BLACK
281.658488988876
.b.b.b.b
b.b.b.b.
.b.b.b..
........
...w...b
w.w.w.w.
...w.w.w
w.w.w.w.
##### Running: /usr/bin/time -o time_22_vdhankar_bansalr.txt -f "%U" python3 homework.py > stulog.txt 2>&1 on vdhankar #####
child exited with value 1
##### ERROR: /usr/bin/time -o time_22_vdhankar_bansalr.txt -f "%U" python3 homework.py > stulog.txt 2>&1 on vdhankar #####
##### Output of failed program (stdout + stderr): #####
Traceback (most recent call last):
  File "homework.py", line 546, in <module>
    print(end-start)
NameError: name 'end' is not defined
##### End of output of failed program #####
##### vdhankar plays [E f6 g5] in 7.5684289932251s #####
##### Running: /usr/lib/jvm/jdk-14.0.1/bin/java -jar /lab/itti/projects/checkers-competition/server/referee.jar on run_22_vdhankar_bansalr #####
Move is valid
##### SUCCESS: /usr/lib/jvm/jdk-14.0.1/bin/java -jar /lab/itti/projects/checkers-competition/server/referee.jar on run_22_vdhankar_bansalr #####
INPUT for bansalr:
GAME
WHITE
299.88
.b.b.b.b
b.b.b.b.
.b.b....
......b.
...w...b
w.w.w.w.
...w.w.w
w.w.w.w.
##### Running: /usr/bin/time -o time_22_vdhankar_bansalr.txt -f "%U" python3 homework.py > stulog.txt 2>&1 on bansalr #####
##### SUCCESS: /usr/bin/time -o time_22_vdhankar_bansalr.txt -f "%U" python3 homework.py > stulog.txt 2>&1 on bansalr #####
##### bansalr plays [E d4 c5] in 0.08s #####
##### Running: /usr/lib/jvm/jdk-14.0.1/bin/java -jar /lab/itti/projects/checkers-competition/server/referee.jar on run_22_vdhankar_bansalr #####
Move is valid
##### SUCCESS: /usr/lib/jvm/jdk-14.0.1/bin/java -jar /lab/itti/projects/checkers-competition/server/referee.jar on run_22_vdhankar_bansalr #####
INPUT for vdhankar:
GAME
BLACK
274.090059995651
.b.b.b.b
b.b.b.b.
.b.b....
..w...b.
.......b
w.w.w.w.
...w.w.w
w.w.w.w.
##### Running: /usr/bin/time -o time_22_vdhankar_bansalr.txt -f "%U" python3 homework.py > stulog.txt 2>&1 on vdhankar #####
child exited with value 1
##### ERROR: /usr/bin/time -o time_22_vdhankar_bansalr.txt -f "%U" python3 homework.py > stulog.txt 2>&1 on vdhankar #####
##### Output of failed program (stdout + stderr): #####
Traceback (most recent call last):
  File "homework.py", line 546, in <module>
    print(end-start)
NameError: name 'end' is not defined
##### End of output of failed program #####
##### vdhankar plays [J b6 d4 ; J d4 b2] in 3.3047661781311s #####
##### Running: /usr/lib/jvm/jdk-14.0.1/bin/java -jar /lab/itti/projects/checkers-competition/server/referee.jar on run_22_vdhankar_bansalr #####
Move is valid
##### SUCCESS: /usr/lib/jvm/jdk-14.0.1/bin/java -jar /lab/itti/projects/checkers-competition/server/referee.jar on run_22_vdhankar_bansalr #####
INPUT for bansalr:
GAME
WHITE
299.8
.b.b.b.b
b.b.b.b.
...b....
......b.
.......b
w...w.w.
.b.w.w.w
w.w.w.w.
##### Running: /usr/bin/time -o time_22_vdhankar_bansalr.txt -f "%U" python3 homework.py > stulog.txt 2>&1 on bansalr #####
##### SUCCESS: /usr/bin/time -o time_22_vdhankar_bansalr.txt -f "%U" python3 homework.py > stulog.txt 2>&1 on bansalr #####
##### bansalr plays [J a1 c3] in 3.53s #####
##### Running: /usr/lib/jvm/jdk-14.0.1/bin/java -jar /lab/itti/projects/checkers-competition/server/referee.jar on run_22_vdhankar_bansalr #####
Move is valid
##### SUCCESS: /usr/lib/jvm/jdk-14.0.1/bin/java -jar /lab/itti/projects/checkers-competition/server/referee.jar on run_22_vdhankar_bansalr #####
INPUT for vdhankar:
GAME
BLACK
270.78529381752
.b.b.b.b
b.b.b.b.
...b....
......b.
.......b
w.w.w.w.
...w.w.w
..w.w.w.
##### Running: /usr/bin/time -o time_22_vdhankar_bansalr.txt -f "%U" python3 homework.py > stulog.txt 2>&1 on vdhankar #####
child exited with value 1
##### ERROR: /usr/bin/time -o time_22_vdhankar_bansalr.txt -f "%U" python3 homework.py > stulog.txt 2>&1 on vdhankar #####
##### Output of failed program (stdout + stderr): #####
Traceback (most recent call last):
  File "homework.py", line 546, in <module>
    print(end-start)
NameError: name 'end' is not defined
##### End of output of failed program #####
##### vdhankar plays [E g7 h6] in 18.0653510093689s #####
##### Running: /usr/lib/jvm/jdk-14.0.1/bin/java -jar /lab/itti/projects/checkers-competition/server/referee.jar on run_22_vdhankar_bansalr #####
Move is valid
##### SUCCESS: /usr/lib/jvm/jdk-14.0.1/bin/java -jar /lab/itti/projects/checkers-competition/server/referee.jar on run_22_vdhankar_bansalr #####
INPUT for bansalr:
GAME
WHITE
296.27
.b.b.b.b
b.b.b...
...b...b
......b.
.......b
w.w.w.w.
...w.w.w
..w.w.w.
##### Running: /usr/bin/time -o time_22_vdhankar_bansalr.txt -f "%U" python3 homework.py > stulog.txt 2>&1 on bansalr #####
##### SUCCESS: /usr/bin/time -o time_22_vdhankar_bansalr.txt -f "%U" python3 homework.py > stulog.txt 2>&1 on bansalr #####
##### bansalr plays [E a3 b4] in 3.62s #####
##### Running: /usr/lib/jvm/jdk-14.0.1/bin/java -jar /lab/itti/projects/checkers-competition/server/referee.jar on run_22_vdhankar_bansalr #####
Move is valid
##### SUCCESS: /usr/lib/jvm/jdk-14.0.1/bin/java -jar /lab/itti/projects/checkers-competition/server/referee.jar on run_22_vdhankar_bansalr #####
INPUT for vdhankar:
GAME
BLACK
252.719942808151
.b.b.b.b
b.b.b...
...b...b
......b.
.w.....b
..w.w.w.
...w.w.w
..w.w.w.
##### Running: /usr/bin/time -o time_22_vdhankar_bansalr.txt -f "%U" python3 homework.py > stulog.txt 2>&1 on vdhankar #####
child exited with value 1
##### ERROR: /usr/bin/time -o time_22_vdhankar_bansalr.txt -f "%U" python3 homework.py > stulog.txt 2>&1 on vdhankar #####
##### Output of failed program (stdout + stderr): #####
Traceback (most recent call last):
  File "homework.py", line 546, in <module>
    print(end-start)
NameError: name 'end' is not defined
##### End of output of failed program #####
##### vdhankar plays [E h8 g7] in 10.8607769012451s #####
##### Running: /usr/lib/jvm/jdk-14.0.1/bin/java -jar /lab/itti/projects/checkers-competition/server/referee.jar on run_22_vdhankar_bansalr #####
Move is valid
##### SUCCESS: /usr/lib/jvm/jdk-14.0.1/bin/java -jar /lab/itti/projects/checkers-competition/server/referee.jar on run_22_vdhankar_bansalr #####
INPUT for bansalr:
GAME
WHITE
292.65
.b.b.b..
b.b.b.b.
...b...b
......b.
.w.....b
..w.w.w.
...w.w.w
..w.w.w.
##### Running: /usr/bin/time -o time_22_vdhankar_bansalr.txt -f "%U" python3 homework.py > stulog.txt 2>&1 on bansalr #####
##### SUCCESS: /usr/bin/time -o time_22_vdhankar_bansalr.txt -f "%U" python3 homework.py > stulog.txt 2>&1 on bansalr #####
##### bansalr plays [E b4 a5] in 3.19s #####
##### Running: /usr/lib/jvm/jdk-14.0.1/bin/java -jar /lab/itti/projects/checkers-competition/server/referee.jar on run_22_vdhankar_bansalr #####
Move is valid
##### SUCCESS: /usr/lib/jvm/jdk-14.0.1/bin/java -jar /lab/itti/projects/checkers-competition/server/referee.jar on run_22_vdhankar_bansalr #####
INPUT for vdhankar:
GAME
BLACK
241.859165906906
.b.b.b..
b.b.b.b.
...b...b
w.....b.
.......b
..w.w.w.
...w.w.w
..w.w.w.
##### Running: /usr/bin/time -o time_22_vdhankar_bansalr.txt -f "%U" python3 homework.py > stulog.txt 2>&1 on vdhankar #####
child exited with value 1
##### ERROR: /usr/bin/time -o time_22_vdhankar_bansalr.txt -f "%U" python3 homework.py > stulog.txt 2>&1 on vdhankar #####
##### Output of failed program (stdout + stderr): #####
Traceback (most recent call last):
  File "homework.py", line 546, in <module>
    print(end-start)
NameError: name 'end' is not defined
##### End of output of failed program #####
##### vdhankar plays [E a7 b6] in 5.22418284416199s #####
##### Running: /usr/lib/jvm/jdk-14.0.1/bin/java -jar /lab/itti/projects/checkers-competition/server/referee.jar on run_22_vdhankar_bansalr #####
Move is valid
##### SUCCESS: /usr/lib/jvm/jdk-14.0.1/bin/java -jar /lab/itti/projects/checkers-competition/server/referee.jar on run_22_vdhankar_bansalr #####
INPUT for bansalr:
GAME
WHITE
289.46
.b.b.b..
..b.b.b.
.b.b...b
w.....b.
.......b
..w.w.w.
...w.w.w
..w.w.w.
##### Running: /usr/bin/time -o time_22_vdhankar_bansalr.txt -f "%U" python3 homework.py > stulog.txt 2>&1 on bansalr #####
##### SUCCESS: /usr/bin/time -o time_22_vdhankar_bansalr.txt -f "%U" python3 homework.py > stulog.txt 2>&1 on bansalr #####
##### bansalr plays [E c3 d4] in 3.69s #####
##### Running: /usr/lib/jvm/jdk-14.0.1/bin/java -jar /lab/itti/projects/checkers-competition/server/referee.jar on run_22_vdhankar_bansalr #####
Move is valid
##### SUCCESS: /usr/lib/jvm/jdk-14.0.1/bin/java -jar /lab/itti/projects/checkers-competition/server/referee.jar on run_22_vdhankar_bansalr #####
INPUT for vdhankar:
GAME
BLACK
236.634983062744
.b.b.b..
..b.b.b.
.b.b...b
w.....b.
...w...b
....w.w.
...w.w.w
..w.w.w.
##### Running: /usr/bin/time -o time_22_vdhankar_bansalr.txt -f "%U" python3 homework.py > stulog.txt 2>&1 on vdhankar #####
child exited with value 1
##### ERROR: /usr/bin/time -o time_22_vdhankar_bansalr.txt -f "%U" python3 homework.py > stulog.txt 2>&1 on vdhankar #####
##### Output of failed program (stdout + stderr): #####
Traceback (most recent call last):
  File "homework.py", line 546, in <module>
    print(end-start)
NameError: name 'end' is not defined
##### End of output of failed program #####
##### vdhankar plays [E d6 c5] in 2.8227858543396s #####
##### Running: /usr/lib/jvm/jdk-14.0.1/bin/java -jar /lab/itti/projects/checkers-competition/server/referee.jar on run_22_vdhankar_bansalr #####
Move is valid
##### SUCCESS: /usr/lib/jvm/jdk-14.0.1/bin/java -jar /lab/itti/projects/checkers-competition/server/referee.jar on run_22_vdhankar_bansalr #####
INPUT for bansalr:
GAME
WHITE
285.77
.b.b.b..
..b.b.b.
.b.....b
w.b...b.
...w...b
....w.w.
...w.w.w
..w.w.w.
##### Running: /usr/bin/time -o time_22_vdhankar_bansalr.txt -f "%U" python3 homework.py > stulog.txt 2>&1 on bansalr #####
##### SUCCESS: /usr/bin/time -o time_22_vdhankar_bansalr.txt -f "%U" python3 homework.py > stulog.txt 2>&1 on bansalr #####
##### bansalr plays [E d4 e5] in 3.7s #####
##### Running: /usr/lib/jvm/jdk-14.0.1/bin/java -jar /lab/itti/projects/checkers-competition/server/referee.jar on run_22_vdhankar_bansalr #####
Move is valid
##### SUCCESS: /usr/lib/jvm/jdk-14.0.1/bin/java -jar /lab/itti/projects/checkers-competition/server/referee.jar on run_22_vdhankar_bansalr #####
INPUT for vdhankar:
GAME
BLACK
233.812197208405
.b.b.b..
..b.b.b.
.b.....b
w.b.w.b.
.......b
....w.w.
...w.w.w
..w.w.w.
##### Running: /usr/bin/time -o time_22_vdhankar_bansalr.txt -f "%U" python3 homework.py > stulog.txt 2>&1 on vdhankar #####
child exited with value 1
##### ERROR: /usr/bin/time -o time_22_vdhankar_bansalr.txt -f "%U" python3 homework.py > stulog.txt 2>&1 on vdhankar #####
##### Output of failed program (stdout + stderr): #####
Traceback (most recent call last):
  File "homework.py", line 546, in <module>
    print(end-start)
NameError: name 'end' is not defined
##### End of output of failed program #####
##### vdhankar plays [E e7 f6] in 1.76763105392456s #####
##### Running: /usr/lib/jvm/jdk-14.0.1/bin/java -jar /lab/itti/projects/checkers-competition/server/referee.jar on run_22_vdhankar_bansalr #####
Move is valid
##### SUCCESS: /usr/lib/jvm/jdk-14.0.1/bin/java -jar /lab/itti/projects/checkers-competition/server/referee.jar on run_22_vdhankar_bansalr #####
INPUT for bansalr:
GAME
WHITE
282.07
.b.b.b..
..b...b.
.b...b.b
w.b.w.b.
.......b
....w.w.
...w.w.w
..w.w.w.
##### Running: /usr/bin/time -o time_22_vdhankar_bansalr.txt -f "%U" python3 homework.py > stulog.txt 2>&1 on bansalr #####
##### SUCCESS: /usr/bin/time -o time_22_vdhankar_bansalr.txt -f "%U" python3 homework.py > stulog.txt 2>&1 on bansalr #####
##### bansalr plays [E e5 d6] in 3.05s #####
##### Running: /usr/lib/jvm/jdk-14.0.1/bin/java -jar /lab/itti/projects/checkers-competition/server/referee.jar on run_22_vdhankar_bansalr #####
Move is valid
##### SUCCESS: /usr/lib/jvm/jdk-14.0.1/bin/java -jar /lab/itti/projects/checkers-competition/server/referee.jar on run_22_vdhankar_bansalr #####
INPUT for vdhankar:
GAME
BLACK
232.04456615448
.b.b.b..
..b...b.
.b.w.b.b
w.b...b.
.......b
....w.w.
...w.w.w
..w.w.w.
##### Running: /usr/bin/time -o time_22_vdhankar_bansalr.txt -f "%U" python3 homework.py > stulog.txt 2>&1 on vdhankar #####
child exited with value 1
##### ERROR: /usr/bin/time -o time_22_vdhankar_bansalr.txt -f "%U" python3 homework.py > stulog.txt 2>&1 on vdhankar #####
##### Output of failed program (stdout + stderr): #####
Traceback (most recent call last):
  File "homework.py", line 546, in <module>
    print(end-start)
NameError: name 'end' is not defined
##### End of output of failed program #####
##### vdhankar plays [J c7 e5] in 0.437771081924438s #####
##### Running: /usr/lib/jvm/jdk-14.0.1/bin/java -jar /lab/itti/projects/checkers-competition/server/referee.jar on run_22_vdhankar_bansalr #####
Move is valid
##### SUCCESS: /usr/lib/jvm/jdk-14.0.1/bin/java -jar /lab/itti/projects/checkers-competition/server/referee.jar on run_22_vdhankar_bansalr #####
INPUT for bansalr:
GAME
WHITE
279.02
.b.b.b..
......b.
.b...b.b
w.b.b.b.
.......b
....w.w.
...w.w.w
..w.w.w.
##### Running: /usr/bin/time -o time_22_vdhankar_bansalr.txt -f "%U" python3 homework.py > stulog.txt 2>&1 on bansalr #####
##### SUCCESS: /usr/bin/time -o time_22_vdhankar_bansalr.txt -f "%U" python3 homework.py > stulog.txt 2>&1 on bansalr #####
##### bansalr plays [J a5 c7] in 1.78s #####
##### Running: /usr/lib/jvm/jdk-14.0.1/bin/java -jar /lab/itti/projects/checkers-competition/server/referee.jar on run_22_vdhankar_bansalr #####
Move is valid
##### SUCCESS: /usr/lib/jvm/jdk-14.0.1/bin/java -jar /lab/itti/projects/checkers-competition/server/referee.jar on run_22_vdhankar_bansalr #####
INPUT for vdhankar:
GAME
BLACK
231.606795072556
.b.b.b..
..w...b.
.....b.b
..b.b.b.
.......b
....w.w.
...w.w.w
..w.w.w.
##### Running: /usr/bin/time -o time_22_vdhankar_bansalr.txt -f "%U" python3 homework.py > stulog.txt 2>&1 on vdhankar #####
child exited with value 1
##### ERROR: /usr/bin/time -o time_22_vdhankar_bansalr.txt -f "%U" python3 homework.py > stulog.txt 2>&1 on vdhankar #####
##### Output of failed program (stdout + stderr): #####
Traceback (most recent call last):
  File "homework.py", line 546, in <module>
    print(end-start)
NameError: name 'end' is not defined
##### End of output of failed program #####
##### vdhankar plays [J b8 d6] in 0.755983114242554s #####
##### Running: /usr/lib/jvm/jdk-14.0.1/bin/java -jar /lab/itti/projects/checkers-competition/server/referee.jar on run_22_vdhankar_bansalr #####
Move is valid
##### SUCCESS: /usr/lib/jvm/jdk-14.0.1/bin/java -jar /lab/itti/projects/checkers-competition/server/referee.jar on run_22_vdhankar_bansalr #####
INPUT for bansalr:
GAME
WHITE
277.24
...b.b..
......b.
...b.b.b
..b.b.b.
.......b
....w.w.
...w.w.w
..w.w.w.
##### Running: /usr/bin/time -o time_22_vdhankar_bansalr.txt -f "%U" python3 homework.py > stulog.txt 2>&1 on bansalr #####
##### SUCCESS: /usr/bin/time -o time_22_vdhankar_bansalr.txt -f "%U" python3 homework.py > stulog.txt 2>&1 on bansalr #####
##### bansalr plays [E e3 f4] in 3.38s #####
##### Running: /usr/lib/jvm/jdk-14.0.1/bin/java -jar /lab/itti/projects/checkers-competition/server/referee.jar on run_22_vdhankar_bansalr #####
Move is valid
##### SUCCESS: /usr/lib/jvm/jdk-14.0.1/bin/java -jar /lab/itti/projects/checkers-competition/server/referee.jar on run_22_vdhankar_bansalr #####
INPUT for vdhankar:
GAME
BLACK
230.850811958313
...b.b..
......b.
...b.b.b
..b.b.b.
.....w.b
......w.
...w.w.w
..w.w.w.
##### Running: /usr/bin/time -o time_22_vdhankar_bansalr.txt -f "%U" python3 homework.py > stulog.txt 2>&1 on vdhankar #####
child exited with value 1
##### ERROR: /usr/bin/time -o time_22_vdhankar_bansalr.txt -f "%U" python3 homework.py > stulog.txt 2>&1 on vdhankar #####
##### Output of failed program (stdout + stderr): #####
Traceback (most recent call last):
  File "homework.py", line 546, in <module>
    print(end-start)
NameError: name 'end' is not defined
##### End of output of failed program #####
##### vdhankar plays [J g5 e3] in 0.898447036743164s #####
##### Running: /usr/lib/jvm/jdk-14.0.1/bin/java -jar /lab/itti/projects/checkers-competition/server/referee.jar on run_22_vdhankar_bansalr #####
Move is valid
##### SUCCESS: /usr/lib/jvm/jdk-14.0.1/bin/java -jar /lab/itti/projects/checkers-competition/server/referee.jar on run_22_vdhankar_bansalr #####
INPUT for bansalr:
GAME
WHITE
273.86
...b.b..
......b.
...b.b.b
..b.b...
.......b
....b.w.
...w.w.w
..w.w.w.
##### Running: /usr/bin/time -o time_22_vdhankar_bansalr.txt -f "%U" python3 homework.py > stulog.txt 2>&1 on bansalr #####
##### SUCCESS: /usr/bin/time -o time_22_vdhankar_bansalr.txt -f "%U" python3 homework.py > stulog.txt 2>&1 on bansalr #####
##### bansalr plays [J f2 d4 ; J d4 b6] in 2.5s #####
##### Running: /usr/lib/jvm/jdk-14.0.1/bin/java -jar /lab/itti/projects/checkers-competition/server/referee.jar on run_22_vdhankar_bansalr #####
Move is valid
##### SUCCESS: /usr/lib/jvm/jdk-14.0.1/bin/java -jar /lab/itti/projects/checkers-competition/server/referee.jar on run_22_vdhankar_bansalr #####
INPUT for vdhankar:
GAME
BLACK
229.95236492157
...b.b..
......b.
.w.b.b.b
....b...
.......b
......w.
...w...w
..w.w.w.
##### Running: /usr/bin/time -o time_22_vdhankar_bansalr.txt -f "%U" python3 homework.py > stulog.txt 2>&1 on vdhankar #####
child exited with value 1
##### ERROR: /usr/bin/time -o time_22_vdhankar_bansalr.txt -f "%U" python3 homework.py > stulog.txt 2>&1 on vdhankar #####
##### Output of failed program (stdout + stderr): #####
Traceback (most recent call last):
  File "homework.py", line 546, in <module>
    print(end-start)
NameError: name 'end' is not defined
##### End of output of failed program #####
##### vdhankar plays [J h4 f2] in 2.26366806030273s #####
##### Running: /usr/lib/jvm/jdk-14.0.1/bin/java -jar /lab/itti/projects/checkers-competition/server/referee.jar on run_22_vdhankar_bansalr #####
Move is valid
##### SUCCESS: /usr/lib/jvm/jdk-14.0.1/bin/java -jar /lab/itti/projects/checkers-competition/server/referee.jar on run_22_vdhankar_bansalr #####
INPUT for bansalr:
GAME
WHITE
271.36
...b.b..
......b.
.w.b.b.b
....b...
........
........
...w.b.w
..w.w.w.
##### Running: /usr/bin/time -o time_22_vdhankar_bansalr.txt -f "%U" python3 homework.py > stulog.txt 2>&1 on bansalr #####
##### SUCCESS: /usr/bin/time -o time_22_vdhankar_bansalr.txt -f "%U" python3 homework.py > stulog.txt 2>&1 on bansalr #####
##### bansalr plays [J e1 g3] in 3.7s #####
##### Running: /usr/lib/jvm/jdk-14.0.1/bin/java -jar /lab/itti/projects/checkers-competition/server/referee.jar on run_22_vdhankar_bansalr #####
Move is valid
##### SUCCESS: /usr/lib/jvm/jdk-14.0.1/bin/java -jar /lab/itti/projects/checkers-competition/server/referee.jar on run_22_vdhankar_bansalr #####
INPUT for vdhankar:
GAME
BLACK
227.688696861267
...b.b..
......b.
.w.b.b.b
....b...
........
......w.
...w...w
..w...w.
##### Running: /usr/bin/time -o time_22_vdhankar_bansalr.txt -f "%U" python3 homework.py > stulog.txt 2>&1 on vdhankar #####
child exited with value 1
##### ERROR: /usr/bin/time -o time_22_vdhankar_bansalr.txt -f "%U" python3 homework.py > stulog.txt 2>&1 on vdhankar #####
##### Output of failed program (stdout + stderr): #####
Traceback (most recent call last):
  File "homework.py", line 546, in <module>
    print(end-start)
NameError: name 'end' is not defined
##### End of output of failed program #####
##### vdhankar plays [E h6 g5] in 12.352972984314s #####
##### Running: /usr/lib/jvm/jdk-14.0.1/bin/java -jar /lab/itti/projects/checkers-competition/server/referee.jar on run_22_vdhankar_bansalr #####
Move is valid
##### SUCCESS: /usr/lib/jvm/jdk-14.0.1/bin/java -jar /lab/itti/projects/checkers-competition/server/referee.jar on run_22_vdhankar_bansalr #####
INPUT for bansalr:
GAME
WHITE
267.66
...b.b..
......b.
.w.b.b..
....b.b.
........
......w.
...w...w
..w...w.
##### Running: /usr/bin/time -o time_22_vdhankar_bansalr.txt -f "%U" python3 homework.py > stulog.txt 2>&1 on bansalr #####
##### SUCCESS: /usr/bin/time -o time_22_vdhankar_bansalr.txt -f "%U" python3 homework.py > stulog.txt 2>&1 on bansalr #####
##### bansalr plays [E b6 a7] in 3.55s #####
##### Running: /usr/lib/jvm/jdk-14.0.1/bin/java -jar /lab/itti/projects/checkers-competition/server/referee.jar on run_22_vdhankar_bansalr #####
Move is valid
##### SUCCESS: /usr/lib/jvm/jdk-14.0.1/bin/java -jar /lab/itti/projects/checkers-competition/server/referee.jar on run_22_vdhankar_bansalr #####
INPUT for vdhankar:
GAME
BLACK
215.335723876953
...b.b..
w.....b.
...b.b..
....b.b.
........
......w.
...w...w
..w...w.
##### Running: /usr/bin/time -o time_22_vdhankar_bansalr.txt -f "%U" python3 homework.py > stulog.txt 2>&1 on vdhankar #####
child exited with value 1
##### ERROR: /usr/bin/time -o time_22_vdhankar_bansalr.txt -f "%U" python3 homework.py > stulog.txt 2>&1 on vdhankar #####
##### Output of failed program (stdout + stderr): #####
Traceback (most recent call last):
  File "homework.py", line 546, in <module>
    print(end-start)
NameError: name 'end' is not defined
##### End of output of failed program #####
##### vdhankar plays [E g5 f4] in 9.44894599914551s #####
##### Running: /usr/lib/jvm/jdk-14.0.1/bin/java -jar /lab/itti/projects/checkers-competition/server/referee.jar on run_22_vdhankar_bansalr #####
Move is valid
##### SUCCESS: /usr/lib/jvm/jdk-14.0.1/bin/java -jar /lab/itti/projects/checkers-competition/server/referee.jar on run_22_vdhankar_bansalr #####
INPUT for bansalr:
GAME
WHITE
264.11
...b.b..
w.....b.
...b.b..
....b...
.....b..
......w.
...w...w
..w...w.
##### Running: /usr/bin/time -o time_22_vdhankar_bansalr.txt -f "%U" python3 homework.py > stulog.txt 2>&1 on bansalr #####
##### SUCCESS: /usr/bin/time -o time_22_vdhankar_bansalr.txt -f "%U" python3 homework.py > stulog.txt 2>&1 on bansalr #####
##### bansalr plays [E a7 b8] in 3.76s #####
##### Running: /usr/lib/jvm/jdk-14.0.1/bin/java -jar /lab/itti/projects/checkers-competition/server/referee.jar on run_22_vdhankar_bansalr #####
Move is valid
##### SUCCESS: /usr/lib/jvm/jdk-14.0.1/bin/java -jar /lab/itti/projects/checkers-competition/server/referee.jar on run_22_vdhankar_bansalr #####
INPUT for vdhankar:
GAME
BLACK
205.886777877808
.W.b.b..
......b.
...b.b..
....b...
.....b..
......w.
...w...w
..w...w.
##### Running: /usr/bin/time -o time_22_vdhankar_bansalr.txt -f "%U" python3 homework.py > stulog.txt 2>&1 on vdhankar #####
child exited with value 1
##### ERROR: /usr/bin/time -o time_22_vdhankar_bansalr.txt -f "%U" python3 homework.py > stulog.txt 2>&1 on vdhankar #####
##### Output of failed program (stdout + stderr): #####
Traceback (most recent call last):
  File "homework.py", line 546, in <module>
    print(end-start)
NameError: name 'end' is not defined
##### End of output of failed program #####
##### vdhankar plays [E f6 g5] in 13.6218020915985s #####
##### Running: /usr/lib/jvm/jdk-14.0.1/bin/java -jar /lab/itti/projects/checkers-competition/server/referee.jar on run_22_vdhankar_bansalr #####
Move is valid
##### SUCCESS: /usr/lib/jvm/jdk-14.0.1/bin/java -jar /lab/itti/projects/checkers-competition/server/referee.jar on run_22_vdhankar_bansalr #####
INPUT for bansalr:
GAME
WHITE
260.35
.W.b.b..
......b.
...b....
....b.b.
.....b..
......w.
...w...w
..w...w.
##### Running: /usr/bin/time -o time_22_vdhankar_bansalr.txt -f "%U" python3 homework.py > stulog.txt 2>&1 on bansalr #####
##### SUCCESS: /usr/bin/time -o time_22_vdhankar_bansalr.txt -f "%U" python3 homework.py > stulog.txt 2>&1 on bansalr #####
##### bansalr plays [E b8 a7] in 3.81s #####
##### Running: /usr/lib/jvm/jdk-14.0.1/bin/java -jar /lab/itti/projects/checkers-competition/server/referee.jar on run_22_vdhankar_bansalr #####
Move is valid
##### SUCCESS: /usr/lib/jvm/jdk-14.0.1/bin/java -jar /lab/itti/projects/checkers-competition/server/referee.jar on run_22_vdhankar_bansalr #####
INPUT for vdhankar:
GAME
BLACK
192.264975786209
...b.b..
W.....b.
...b....
....b.b.
.....b..
......w.
...w...w
..w...w.
##### Running: /usr/bin/time -o time_22_vdhankar_bansalr.txt -f "%U" python3 homework.py > stulog.txt 2>&1 on vdhankar #####
child exited with value 1
##### ERROR: /usr/bin/time -o time_22_vdhankar_bansalr.txt -f "%U" python3 homework.py > stulog.txt 2>&1 on vdhankar #####
##### Output of failed program (stdout + stderr): #####
Traceback (most recent call last):
  File "homework.py", line 546, in <module>
    print(end-start)
NameError: name 'end' is not defined
##### End of output of failed program #####
##### vdhankar plays [E g7 f6] in 11.4862718582153s #####
##### Running: /usr/lib/jvm/jdk-14.0.1/bin/java -jar /lab/itti/projects/checkers-competition/server/referee.jar on run_22_vdhankar_bansalr #####
Move is valid
##### SUCCESS: /usr/lib/jvm/jdk-14.0.1/bin/java -jar /lab/itti/projects/checkers-competition/server/referee.jar on run_22_vdhankar_bansalr #####
INPUT for bansalr:
GAME
WHITE
256.54
...b.b..
W.......
...b.b..
....b.b.
.....b..
......w.
...w...w
..w...w.
##### Running: /usr/bin/time -o time_22_vdhankar_bansalr.txt -f "%U" python3 homework.py > stulog.txt 2>&1 on bansalr #####
##### SUCCESS: /usr/bin/time -o time_22_vdhankar_bansalr.txt -f "%U" python3 homework.py > stulog.txt 2>&1 on bansalr #####
##### bansalr plays [E a7 b8] in 4.03s #####
##### Running: /usr/lib/jvm/jdk-14.0.1/bin/java -jar /lab/itti/projects/checkers-competition/server/referee.jar on run_22_vdhankar_bansalr #####
Move is valid
##### SUCCESS: /usr/lib/jvm/jdk-14.0.1/bin/java -jar /lab/itti/projects/checkers-competition/server/referee.jar on run_22_vdhankar_bansalr #####
INPUT for vdhankar:
GAME
BLACK
180.778703927994
.W.b.b..
........
...b.b..
....b.b.
.....b..
......w.
...w...w
..w...w.
##### Running: /usr/bin/time -o time_22_vdhankar_bansalr.txt -f "%U" python3 homework.py > stulog.txt 2>&1 on vdhankar #####
child exited with value 1
##### ERROR: /usr/bin/time -o time_22_vdhankar_bansalr.txt -f "%U" python3 homework.py > stulog.txt 2>&1 on vdhankar #####
##### Output of failed program (stdout + stderr): #####
Traceback (most recent call last):
  File "homework.py", line 546, in <module>
    print(end-start)
NameError: name 'end' is not defined
##### End of output of failed program #####
##### vdhankar plays [E d6 c5] in 7.86583590507507s #####
##### Running: /usr/lib/jvm/jdk-14.0.1/bin/java -jar /lab/itti/projects/checkers-competition/server/referee.jar on run_22_vdhankar_bansalr #####
Move is valid
##### SUCCESS: /usr/lib/jvm/jdk-14.0.1/bin/java -jar /lab/itti/projects/checkers-competition/server/referee.jar on run_22_vdhankar_bansalr #####
INPUT for bansalr:
GAME
WHITE
252.51
.W.b.b..
........
.....b..
..b.b.b.
.....b..
......w.
...w...w
..w...w.
##### Running: /usr/bin/time -o time_22_vdhankar_bansalr.txt -f "%U" python3 homework.py > stulog.txt 2>&1 on bansalr #####
##### SUCCESS: /usr/bin/time -o time_22_vdhankar_bansalr.txt -f "%U" python3 homework.py > stulog.txt 2>&1 on bansalr #####
##### bansalr plays [E b8 a7] in 3.82s #####
##### Running: /usr/lib/jvm/jdk-14.0.1/bin/java -jar /lab/itti/projects/checkers-competition/server/referee.jar on run_22_vdhankar_bansalr #####
Move is valid
##### SUCCESS: /usr/lib/jvm/jdk-14.0.1/bin/java -jar /lab/itti/projects/checkers-competition/server/referee.jar on run_22_vdhankar_bansalr #####
INPUT for vdhankar:
GAME
BLACK
172.912868022919
...b.b..
W.......
.....b..
..b.b.b.
.....b..
......w.
...w...w
..w...w.
##### Running: /usr/bin/time -o time_22_vdhankar_bansalr.txt -f "%U" python3 homework.py > stulog.txt 2>&1 on vdhankar #####
child exited with value 1
##### ERROR: /usr/bin/time -o time_22_vdhankar_bansalr.txt -f "%U" python3 homework.py > stulog.txt 2>&1 on vdhankar #####
##### Output of failed program (stdout + stderr): #####
Traceback (most recent call last):
  File "homework.py", line 546, in <module>
    print(end-start)
NameError: name 'end' is not defined
##### End of output of failed program #####
##### vdhankar plays [E c5 d4] in 6.09977984428406s #####
##### Running: /usr/lib/jvm/jdk-14.0.1/bin/java -jar /lab/itti/projects/checkers-competition/server/referee.jar on run_22_vdhankar_bansalr #####
Move is valid
##### SUCCESS: /usr/lib/jvm/jdk-14.0.1/bin/java -jar /lab/itti/projects/checkers-competition/server/referee.jar on run_22_vdhankar_bansalr #####
INPUT for bansalr:
GAME
WHITE
248.69
...b.b..
W.......
.....b..
....b.b.
...b.b..
......w.
...w...w
..w...w.
##### Running: /usr/bin/time -o time_22_vdhankar_bansalr.txt -f "%U" python3 homework.py > stulog.txt 2>&1 on bansalr #####
##### SUCCESS: /usr/bin/time -o time_22_vdhankar_bansalr.txt -f "%U" python3 homework.py > stulog.txt 2>&1 on bansalr #####
##### bansalr plays [E a7 b6] in 4.04s #####
##### Running: /usr/lib/jvm/jdk-14.0.1/bin/java -jar /lab/itti/projects/checkers-competition/server/referee.jar on run_22_vdhankar_bansalr #####
Move is valid
##### SUCCESS: /usr/lib/jvm/jdk-14.0.1/bin/java -jar /lab/itti/projects/checkers-competition/server/referee.jar on run_22_vdhankar_bansalr #####
INPUT for vdhankar:
GAME
BLACK
166.813088178635
...b.b..
........
.W...b..
....b.b.
...b.b..
......w.
...w...w
..w...w.
##### Running: /usr/bin/time -o time_22_vdhankar_bansalr.txt -f "%U" python3 homework.py > stulog.txt 2>&1 on vdhankar #####
child exited with value 1
##### ERROR: /usr/bin/time -o time_22_vdhankar_bansalr.txt -f "%U" python3 homework.py > stulog.txt 2>&1 on vdhankar #####
##### Output of failed program (stdout + stderr): #####
Traceback (most recent call last):
  File "homework.py", line 546, in <module>
    print(end-start)
NameError: name 'end' is not defined
##### End of output of failed program #####
##### vdhankar plays [E f8 e7] in 5.66322112083435s #####
##### Running: /usr/lib/jvm/jdk-14.0.1/bin/java -jar /lab/itti/projects/checkers-competition/server/referee.jar on run_22_vdhankar_bansalr #####
Move is valid
##### SUCCESS: /usr/lib/jvm/jdk-14.0.1/bin/java -jar /lab/itti/projects/checkers-competition/server/referee.jar on run_22_vdhankar_bansalr #####
INPUT for bansalr:
GAME
WHITE
244.65
...b....
....b...
.W...b..
....b.b.
...b.b..
......w.
...w...w
..w...w.
##### Running: /usr/bin/time -o time_22_vdhankar_bansalr.txt -f "%U" python3 homework.py > stulog.txt 2>&1 on bansalr #####
##### SUCCESS: /usr/bin/time -o time_22_vdhankar_bansalr.txt -f "%U" python3 homework.py > stulog.txt 2>&1 on bansalr #####
##### bansalr plays [E b6 a5] in 4.06s #####
##### Running: /usr/lib/jvm/jdk-14.0.1/bin/java -jar /lab/itti/projects/checkers-competition/server/referee.jar on run_22_vdhankar_bansalr #####
Move is valid
##### SUCCESS: /usr/lib/jvm/jdk-14.0.1/bin/java -jar /lab/itti/projects/checkers-competition/server/referee.jar on run_22_vdhankar_bansalr #####
INPUT for vdhankar:
GAME
BLACK
161.1498670578
...b....
....b...
.....b..
W...b.b.
...b.b..
......w.
...w...w
..w...w.
##### Running: /usr/bin/time -o time_22_vdhankar_bansalr.txt -f "%U" python3 homework.py > stulog.txt 2>&1 on vdhankar #####
child exited with value 1
##### ERROR: /usr/bin/time -o time_22_vdhankar_bansalr.txt -f "%U" python3 homework.py > stulog.txt 2>&1 on vdhankar #####
##### Output of failed program (stdout + stderr): #####
Traceback (most recent call last):
  File "homework.py", line 546, in <module>
    print(end-start)
NameError: name 'end' is not defined
##### End of output of failed program #####
##### vdhankar plays [E d8 c7] in 2.65179896354675s #####
##### Running: /usr/lib/jvm/jdk-14.0.1/bin/java -jar /lab/itti/projects/checkers-competition/server/referee.jar on run_22_vdhankar_bansalr #####
Move is valid
##### SUCCESS: /usr/lib/jvm/jdk-14.0.1/bin/java -jar /lab/itti/projects/checkers-competition/server/referee.jar on run_22_vdhankar_bansalr #####
INPUT for bansalr:
GAME
WHITE
240.59
........
..b.b...
.....b..
W...b.b.
...b.b..
......w.
...w...w
..w...w.
##### Running: /usr/bin/time -o time_22_vdhankar_bansalr.txt -f "%U" python3 homework.py > stulog.txt 2>&1 on bansalr #####
##### SUCCESS: /usr/bin/time -o time_22_vdhankar_bansalr.txt -f "%U" python3 homework.py > stulog.txt 2>&1 on bansalr #####
##### bansalr plays [E a5 b4] in 4.09s #####
##### Running: /usr/lib/jvm/jdk-14.0.1/bin/java -jar /lab/itti/projects/checkers-competition/server/referee.jar on run_22_vdhankar_bansalr #####
Move is valid
##### SUCCESS: /usr/lib/jvm/jdk-14.0.1/bin/java -jar /lab/itti/projects/checkers-competition/server/referee.jar on run_22_vdhankar_bansalr #####
INPUT for vdhankar:
GAME
BLACK
158.498068094254
........
..b.b...
.....b..
....b.b.
.W.b.b..
......w.
...w...w
..w...w.
##### Running: /usr/bin/time -o time_22_vdhankar_bansalr.txt -f "%U" python3 homework.py > stulog.txt 2>&1 on vdhankar #####
child exited with value 1
##### ERROR: /usr/bin/time -o time_22_vdhankar_bansalr.txt -f "%U" python3 homework.py > stulog.txt 2>&1 on vdhankar #####
##### Output of failed program (stdout + stderr): #####
Traceback (most recent call last):
  File "homework.py", line 546, in <module>
    print(end-start)
NameError: name 'end' is not defined
##### End of output of failed program #####
##### vdhankar plays [E e7 d6] in 3.83560609817505s #####
##### Running: /usr/lib/jvm/jdk-14.0.1/bin/java -jar /lab/itti/projects/checkers-competition/server/referee.jar on run_22_vdhankar_bansalr #####
Move is valid
##### SUCCESS: /usr/lib/jvm/jdk-14.0.1/bin/java -jar /lab/itti/projects/checkers-competition/server/referee.jar on run_22_vdhankar_bansalr #####
INPUT for bansalr:
GAME
WHITE
236.5
........
..b.....
...b.b..
....b.b.
.W.b.b..
......w.
...w...w
..w...w.
##### Running: /usr/bin/time -o time_22_vdhankar_bansalr.txt -f "%U" python3 homework.py > stulog.txt 2>&1 on bansalr #####
##### SUCCESS: /usr/bin/time -o time_22_vdhankar_bansalr.txt -f "%U" python3 homework.py > stulog.txt 2>&1 on bansalr #####
##### bansalr plays [E b4 a3] in 3.98s #####
##### Running: /usr/lib/jvm/jdk-14.0.1/bin/java -jar /lab/itti/projects/checkers-competition/server/referee.jar on run_22_vdhankar_bansalr #####
Move is valid
##### SUCCESS: /usr/lib/jvm/jdk-14.0.1/bin/java -jar /lab/itti/projects/checkers-competition/server/referee.jar on run_22_vdhankar_bansalr #####
INPUT for vdhankar:
GAME
BLACK
154.662461996078
........
..b.....
...b.b..
....b.b.
...b.b..
W.....w.
...w...w
..w...w.
##### Running: /usr/bin/time -o time_22_vdhankar_bansalr.txt -f "%U" python3 homework.py > stulog.txt 2>&1 on vdhankar #####
child exited with value 1
##### ERROR: /usr/bin/time -o time_22_vdhankar_bansalr.txt -f "%U" python3 homework.py > stulog.txt 2>&1 on vdhankar #####
##### Output of failed program (stdout + stderr): #####
Traceback (most recent call last):
  File "homework.py", line 546, in <module>
    print(end-start)
NameError: name 'end' is not defined
##### End of output of failed program #####
##### vdhankar plays [E d6 c5] in 1.99617004394531s #####
##### Running: /usr/lib/jvm/jdk-14.0.1/bin/java -jar /lab/itti/projects/checkers-competition/server/referee.jar on run_22_vdhankar_bansalr #####
Move is valid
##### SUCCESS: /usr/lib/jvm/jdk-14.0.1/bin/java -jar /lab/itti/projects/checkers-competition/server/referee.jar on run_22_vdhankar_bansalr #####
INPUT for bansalr:
GAME
WHITE
232.52
........
..b.....
.....b..
..b.b.b.
...b.b..
W.....w.
...w...w
..w...w.
##### Running: /usr/bin/time -o time_22_vdhankar_bansalr.txt -f "%U" python3 homework.py > stulog.txt 2>&1 on bansalr #####
##### SUCCESS: /usr/bin/time -o time_22_vdhankar_bansalr.txt -f "%U" python3 homework.py > stulog.txt 2>&1 on bansalr #####
##### bansalr plays [E a3 b2] in 4.15s #####
##### Running: /usr/lib/jvm/jdk-14.0.1/bin/java -jar /lab/itti/projects/checkers-competition/server/referee.jar on run_22_vdhankar_bansalr #####
Move is valid
##### SUCCESS: /usr/lib/jvm/jdk-14.0.1/bin/java -jar /lab/itti/projects/checkers-competition/server/referee.jar on run_22_vdhankar_bansalr #####
INPUT for vdhankar:
GAME
BLACK
152.666291952133
........
..b.....
.....b..
..b.b.b.
...b.b..
......w.
.W.w...w
..w...w.
##### Running: /usr/bin/time -o time_22_vdhankar_bansalr.txt -f "%U" python3 homework.py > stulog.txt 2>&1 on vdhankar #####
child exited with value 1
##### ERROR: /usr/bin/time -o time_22_vdhankar_bansalr.txt -f "%U" python3 homework.py > stulog.txt 2>&1 on vdhankar #####
##### Output of failed program (stdout + stderr): #####
Traceback (most recent call last):
  File "homework.py", line 546, in <module>
    print(end-start)
NameError: name 'end' is not defined
##### End of output of failed program #####
##### vdhankar plays [E c7 d6] in 1.62137317657471s #####
##### Running: /usr/lib/jvm/jdk-14.0.1/bin/java -jar /lab/itti/projects/checkers-competition/server/referee.jar on run_22_vdhankar_bansalr #####
Move is valid
##### SUCCESS: /usr/lib/jvm/jdk-14.0.1/bin/java -jar /lab/itti/projects/checkers-competition/server/referee.jar on run_22_vdhankar_bansalr #####
INPUT for bansalr:
GAME
WHITE
228.37
........
........
...b.b..
..b.b.b.
...b.b..
......w.
.W.w...w
..w...w.
##### Running: /usr/bin/time -o time_22_vdhankar_bansalr.txt -f "%U" python3 homework.py > stulog.txt 2>&1 on bansalr #####
##### SUCCESS: /usr/bin/time -o time_22_vdhankar_bansalr.txt -f "%U" python3 homework.py > stulog.txt 2>&1 on bansalr #####
##### bansalr plays [E b2 a1] in 4.19s #####
##### Running: /usr/lib/jvm/jdk-14.0.1/bin/java -jar /lab/itti/projects/checkers-competition/server/referee.jar on run_22_vdhankar_bansalr #####
Move is valid
##### SUCCESS: /usr/lib/jvm/jdk-14.0.1/bin/java -jar /lab/itti/projects/checkers-competition/server/referee.jar on run_22_vdhankar_bansalr #####
INPUT for vdhankar:
GAME
BLACK
151.044918775558
........
........
...b.b..
..b.b.b.
...b.b..
......w.
...w...w
W.w...w.
##### Running: /usr/bin/time -o time_22_vdhankar_bansalr.txt -f "%U" python3 homework.py > stulog.txt 2>&1 on vdhankar #####
child exited with value 1
##### ERROR: /usr/bin/time -o time_22_vdhankar_bansalr.txt -f "%U" python3 homework.py > stulog.txt 2>&1 on vdhankar #####
##### Output of failed program (stdout + stderr): #####
Traceback (most recent call last):
  File "homework.py", line 546, in <module>
    print(end-start)
NameError: name 'end' is not defined
##### End of output of failed program #####
##### vdhankar plays [E d4 c3] in 1.02651000022888s #####
##### Running: /usr/lib/jvm/jdk-14.0.1/bin/java -jar /lab/itti/projects/checkers-competition/server/referee.jar on run_22_vdhankar_bansalr #####
Move is valid
##### SUCCESS: /usr/lib/jvm/jdk-14.0.1/bin/java -jar /lab/itti/projects/checkers-competition/server/referee.jar on run_22_vdhankar_bansalr #####
INPUT for bansalr:
GAME
WHITE
224.18
........
........
...b.b..
..b.b.b.
.....b..
..b...w.
...w...w
W.w...w.
##### Running: /usr/bin/time -o time_22_vdhankar_bansalr.txt -f "%U" python3 homework.py > stulog.txt 2>&1 on bansalr #####
##### SUCCESS: /usr/bin/time -o time_22_vdhankar_bansalr.txt -f "%U" python3 homework.py > stulog.txt 2>&1 on bansalr #####
##### bansalr plays [J d2 b4] in 1.06s #####
##### Running: /usr/lib/jvm/jdk-14.0.1/bin/java -jar /lab/itti/projects/checkers-competition/server/referee.jar on run_22_vdhankar_bansalr #####
Move is valid
##### SUCCESS: /usr/lib/jvm/jdk-14.0.1/bin/java -jar /lab/itti/projects/checkers-competition/server/referee.jar on run_22_vdhankar_bansalr #####
INPUT for vdhankar:
GAME
BLACK
150.01840877533
........
........
...b.b..
..b.b.b.
.w...b..
......w.
.......w
W.w...w.
##### Running: /usr/bin/time -o time_22_vdhankar_bansalr.txt -f "%U" python3 homework.py > stulog.txt 2>&1 on vdhankar #####
child exited with value 1
##### ERROR: /usr/bin/time -o time_22_vdhankar_bansalr.txt -f "%U" python3 homework.py > stulog.txt 2>&1 on vdhankar #####
##### Output of failed program (stdout + stderr): #####
Traceback (most recent call last):
  File "homework.py", line 546, in <module>
    print(end-start)
NameError: name 'end' is not defined
##### End of output of failed program #####
##### vdhankar plays [J c5 a3] in 0.765351057052612s #####
##### Running: /usr/lib/jvm/jdk-14.0.1/bin/java -jar /lab/itti/projects/checkers-competition/server/referee.jar on run_22_vdhankar_bansalr #####
Move is valid
##### SUCCESS: /usr/lib/jvm/jdk-14.0.1/bin/java -jar /lab/itti/projects/checkers-competition/server/referee.jar on run_22_vdhankar_bansalr #####
INPUT for bansalr:
GAME
WHITE
223.12
........
........
...b.b..
....b.b.
.....b..
b.....w.
.......w
W.w...w.
##### Running: /usr/bin/time -o time_22_vdhankar_bansalr.txt -f "%U" python3 homework.py > stulog.txt 2>&1 on bansalr #####
##### SUCCESS: /usr/bin/time -o time_22_vdhankar_bansalr.txt -f "%U" python3 homework.py > stulog.txt 2>&1 on bansalr #####
##### bansalr plays [E c1 d2] in 4.13s #####
##### Running: /usr/lib/jvm/jdk-14.0.1/bin/java -jar /lab/itti/projects/checkers-competition/server/referee.jar on run_22_vdhankar_bansalr #####
Move is valid
##### SUCCESS: /usr/lib/jvm/jdk-14.0.1/bin/java -jar /lab/itti/projects/checkers-competition/server/referee.jar on run_22_vdhankar_bansalr #####
INPUT for vdhankar:
GAME
BLACK
149.253057718277
........
........
...b.b..
....b.b.
.....b..
b.....w.
...w...w
W.....w.
##### Running: /usr/bin/time -o time_22_vdhankar_bansalr.txt -f "%U" python3 homework.py > stulog.txt 2>&1 on vdhankar #####
child exited with value 1
##### ERROR: /usr/bin/time -o time_22_vdhankar_bansalr.txt -f "%U" python3 homework.py > stulog.txt 2>&1 on vdhankar #####
##### Output of failed program (stdout + stderr): #####
Traceback (most recent call last):
  File "homework.py", line 546, in <module>
    print(end-start)
NameError: name 'end' is not defined
##### End of output of failed program #####
##### vdhankar plays [E d6 c5] in 0.877876996994019s #####
##### Running: /usr/lib/jvm/jdk-14.0.1/bin/java -jar /lab/itti/projects/checkers-competition/server/referee.jar on run_22_vdhankar_bansalr #####
Move is valid
##### SUCCESS: /usr/lib/jvm/jdk-14.0.1/bin/java -jar /lab/itti/projects/checkers-competition/server/referee.jar on run_22_vdhankar_bansalr #####
INPUT for bansalr:
GAME
WHITE
218.99
........
........
.....b..
..b.b.b.
.....b..
b.....w.
...w...w
W.....w.
##### Running: /usr/bin/time -o time_22_vdhankar_bansalr.txt -f "%U" python3 homework.py > stulog.txt 2>&1 on bansalr #####
##### SUCCESS: /usr/bin/time -o time_22_vdhankar_bansalr.txt -f "%U" python3 homework.py > stulog.txt 2>&1 on bansalr #####
##### bansalr plays [E g3 h4] in 3.91s #####
##### Running: /usr/lib/jvm/jdk-14.0.1/bin/java -jar /lab/itti/projects/checkers-competition/server/referee.jar on run_22_vdhankar_bansalr #####
Move is valid
##### SUCCESS: /usr/lib/jvm/jdk-14.0.1/bin/java -jar /lab/itti/projects/checkers-competition/server/referee.jar on run_22_vdhankar_bansalr #####
INPUT for vdhankar:
GAME
BLACK
148.375180721283
........
........
.....b..
..b.b.b.
.....b.w
b.......
...w...w
W.....w.
##### Running: /usr/bin/time -o time_22_vdhankar_bansalr.txt -f "%U" python3 homework.py > stulog.txt 2>&1 on vdhankar #####
child exited with value 1
##### ERROR: /usr/bin/time -o time_22_vdhankar_bansalr.txt -f "%U" python3 homework.py > stulog.txt 2>&1 on vdhankar #####
##### Output of failed program (stdout + stderr): #####
Traceback (most recent call last):
  File "homework.py", line 546, in <module>
    print(end-start)
NameError: name 'end' is not defined
##### End of output of failed program #####
##### vdhankar plays [E c5 d4] in 0.979128122329712s #####
##### Running: /usr/lib/jvm/jdk-14.0.1/bin/java -jar /lab/itti/projects/checkers-competition/server/referee.jar on run_22_vdhankar_bansalr #####
Move is valid
##### SUCCESS: /usr/lib/jvm/jdk-14.0.1/bin/java -jar /lab/itti/projects/checkers-competition/server/referee.jar on run_22_vdhankar_bansalr #####
INPUT for bansalr:
GAME
WHITE
215.08
........
........
.....b..
....b.b.
...b.b.w
b.......
...w...w
W.....w.
##### Running: /usr/bin/time -o time_22_vdhankar_bansalr.txt -f "%U" python3 homework.py > stulog.txt 2>&1 on bansalr #####
##### SUCCESS: /usr/bin/time -o time_22_vdhankar_bansalr.txt -f "%U" python3 homework.py > stulog.txt 2>&1 on bansalr #####
##### bansalr plays [E d2 c3] in 1.76s #####
##### Running: /usr/lib/jvm/jdk-14.0.1/bin/java -jar /lab/itti/projects/checkers-competition/server/referee.jar on run_22_vdhankar_bansalr #####
Move is valid
##### SUCCESS: /usr/lib/jvm/jdk-14.0.1/bin/java -jar /lab/itti/projects/checkers-competition/server/referee.jar on run_22_vdhankar_bansalr #####
INPUT for vdhankar:
GAME
BLACK
147.396052598953
........
........
.....b..
....b.b.
...b.b.w
b.w.....
.......w
W.....w.
##### Running: /usr/bin/time -o time_22_vdhankar_bansalr.txt -f "%U" python3 homework.py > stulog.txt 2>&1 on vdhankar #####
child exited with value 1
##### ERROR: /usr/bin/time -o time_22_vdhankar_bansalr.txt -f "%U" python3 homework.py > stulog.txt 2>&1 on vdhankar #####
##### Output of failed program (stdout + stderr): #####
Traceback (most recent call last):
  File "homework.py", line 546, in <module>
    print(end-start)
NameError: name 'end' is not defined
##### End of output of failed program #####
##### vdhankar plays [J d4 b2] in 0.524935007095337s #####
##### Running: /usr/lib/jvm/jdk-14.0.1/bin/java -jar /lab/itti/projects/checkers-competition/server/referee.jar on run_22_vdhankar_bansalr #####
Move is valid
##### SUCCESS: /usr/lib/jvm/jdk-14.0.1/bin/java -jar /lab/itti/projects/checkers-competition/server/referee.jar on run_22_vdhankar_bansalr #####
INPUT for bansalr:
GAME
WHITE
213.32
........
........
.....b..
....b.b.
.....b.w
b.......
.b.....w
W.....w.
##### Running: /usr/bin/time -o time_22_vdhankar_bansalr.txt -f "%U" python3 homework.py > stulog.txt 2>&1 on bansalr #####
##### SUCCESS: /usr/bin/time -o time_22_vdhankar_bansalr.txt -f "%U" python3 homework.py > stulog.txt 2>&1 on bansalr #####
##### bansalr plays [J a1 c3] in 2.42s #####
##### Running: /usr/lib/jvm/jdk-14.0.1/bin/java -jar /lab/itti/projects/checkers-competition/server/referee.jar on run_22_vdhankar_bansalr #####
Move is valid
##### SUCCESS: /usr/lib/jvm/jdk-14.0.1/bin/java -jar /lab/itti/projects/checkers-competition/server/referee.jar on run_22_vdhankar_bansalr #####
INPUT for vdhankar:
GAME
BLACK
146.871117591858
........
........
.....b..
....b.b.
.....b.w
b.W.....
.......w
......w.
##### Running: /usr/bin/time -o time_22_vdhankar_bansalr.txt -f "%U" python3 homework.py > stulog.txt 2>&1 on vdhankar #####
child exited with value 1
##### ERROR: /usr/bin/time -o time_22_vdhankar_bansalr.txt -f "%U" python3 homework.py > stulog.txt 2>&1 on vdhankar #####
##### Output of failed program (stdout + stderr): #####
Traceback (most recent call last):
  File "homework.py", line 546, in <module>
    print(end-start)
NameError: name 'end' is not defined
##### End of output of failed program #####
##### vdhankar plays [E a3 b2] in 1.42909502983093s #####
##### Running: /usr/lib/jvm/jdk-14.0.1/bin/java -jar /lab/itti/projects/checkers-competition/server/referee.jar on run_22_vdhankar_bansalr #####
Move is valid
##### SUCCESS: /usr/lib/jvm/jdk-14.0.1/bin/java -jar /lab/itti/projects/checkers-competition/server/referee.jar on run_22_vdhankar_bansalr #####
INPUT for bansalr:
GAME
WHITE
210.9
........
........
.....b..
....b.b.
.....b.w
..W.....
.b.....w
......w.
##### Running: /usr/bin/time -o time_22_vdhankar_bansalr.txt -f "%U" python3 homework.py > stulog.txt 2>&1 on bansalr #####
##### SUCCESS: /usr/bin/time -o time_22_vdhankar_bansalr.txt -f "%U" python3 homework.py > stulog.txt 2>&1 on bansalr #####
##### bansalr plays [J c3 a1] in 1.77s #####
##### Running: /usr/lib/jvm/jdk-14.0.1/bin/java -jar /lab/itti/projects/checkers-competition/server/referee.jar on run_22_vdhankar_bansalr #####
Move is valid
##### SUCCESS: /usr/lib/jvm/jdk-14.0.1/bin/java -jar /lab/itti/projects/checkers-competition/server/referee.jar on run_22_vdhankar_bansalr #####
INPUT for vdhankar:
GAME
BLACK
145.442022562027
........
........
.....b..
....b.b.
.....b.w
........
.......w
W.....w.
##### Running: /usr/bin/time -o time_22_vdhankar_bansalr.txt -f "%U" python3 homework.py > stulog.txt 2>&1 on vdhankar #####
child exited with value 1
##### ERROR: /usr/bin/time -o time_22_vdhankar_bansalr.txt -f "%U" python3 homework.py > stulog.txt 2>&1 on vdhankar #####
##### Output of failed program (stdout + stderr): #####
Traceback (most recent call last):
  File "homework.py", line 546, in <module>
    print(end-start)
NameError: name 'end' is not defined
##### End of output of failed program #####
##### vdhankar plays [E f4 e3] in 0.969511032104492s #####
##### Running: /usr/lib/jvm/jdk-14.0.1/bin/java -jar /lab/itti/projects/checkers-competition/server/referee.jar on run_22_vdhankar_bansalr #####
Move is valid
##### SUCCESS: /usr/lib/jvm/jdk-14.0.1/bin/java -jar /lab/itti/projects/checkers-competition/server/referee.jar on run_22_vdhankar_bansalr #####
INPUT for bansalr:
GAME
WHITE
209.13
........
........
.....b..
....b.b.
.......w
....b...
.......w
W.....w.
##### Running: /usr/bin/time -o time_22_vdhankar_bansalr.txt -f "%U" python3 homework.py > stulog.txt 2>&1 on bansalr #####
##### SUCCESS: /usr/bin/time -o time_22_vdhankar_bansalr.txt -f "%U" python3 homework.py > stulog.txt 2>&1 on bansalr #####
##### bansalr plays [E a1 b2] in 4.34s #####
##### Running: /usr/lib/jvm/jdk-14.0.1/bin/java -jar /lab/itti/projects/checkers-competition/server/referee.jar on run_22_vdhankar_bansalr #####
Move is valid
##### SUCCESS: /usr/lib/jvm/jdk-14.0.1/bin/java -jar /lab/itti/projects/checkers-competition/server/referee.jar on run_22_vdhankar_bansalr #####
INPUT for vdhankar:
GAME
BLACK
144.472511529922
........
........
.....b..
....b.b.
.......w
....b...
.W.....w
......w.
##### Running: /usr/bin/time -o time_22_vdhankar_bansalr.txt -f "%U" python3 homework.py > stulog.txt 2>&1 on vdhankar #####
child exited with value 1
##### ERROR: /usr/bin/time -o time_22_vdhankar_bansalr.txt -f "%U" python3 homework.py > stulog.txt 2>&1 on vdhankar #####
##### Output of failed program (stdout + stderr): #####
Traceback (most recent call last):
  File "homework.py", line 546, in <module>
    print(end-start)
NameError: name 'end' is not defined
##### End of output of failed program #####
##### vdhankar plays [E e3 d2] in 2.41947293281555s #####
##### Running: /usr/lib/jvm/jdk-14.0.1/bin/java -jar /lab/itti/projects/checkers-competition/server/referee.jar on run_22_vdhankar_bansalr #####
Move is valid
##### SUCCESS: /usr/lib/jvm/jdk-14.0.1/bin/java -jar /lab/itti/projects/checkers-competition/server/referee.jar on run_22_vdhankar_bansalr #####
INPUT for bansalr:
GAME
WHITE
204.79
........
........
.....b..
....b.b.
.......w
........
.W.b...w
......w.
##### Running: /usr/bin/time -o time_22_vdhankar_bansalr.txt -f "%U" python3 homework.py > stulog.txt 2>&1 on bansalr #####
##### SUCCESS: /usr/bin/time -o time_22_vdhankar_bansalr.txt -f "%U" python3 homework.py > stulog.txt 2>&1 on bansalr #####
##### bansalr plays [E b2 a1] in 4.38s #####
##### Running: /usr/lib/jvm/jdk-14.0.1/bin/java -jar /lab/itti/projects/checkers-competition/server/referee.jar on run_22_vdhankar_bansalr #####
Move is valid
##### SUCCESS: /usr/lib/jvm/jdk-14.0.1/bin/java -jar /lab/itti/projects/checkers-competition/server/referee.jar on run_22_vdhankar_bansalr #####
INPUT for vdhankar:
GAME
BLACK
142.053038597107
........
........
.....b..
....b.b.
.......w
........
...b...w
W.....w.
##### Running: /usr/bin/time -o time_22_vdhankar_bansalr.txt -f "%U" python3 homework.py > stulog.txt 2>&1 on vdhankar #####
child exited with value 1
##### ERROR: /usr/bin/time -o time_22_vdhankar_bansalr.txt -f "%U" python3 homework.py > stulog.txt 2>&1 on vdhankar #####
##### Output of failed program (stdout + stderr): #####
Traceback (most recent call last):
  File "homework.py", line 546, in <module>
    print(end-start)
NameError: name 'end' is not defined
##### End of output of failed program #####
##### vdhankar plays [E d2 e1] in 1.78048992156982s #####
##### Running: /usr/lib/jvm/jdk-14.0.1/bin/java -jar /lab/itti/projects/checkers-competition/server/referee.jar on run_22_vdhankar_bansalr #####
Move is valid
##### SUCCESS: /usr/lib/jvm/jdk-14.0.1/bin/java -jar /lab/itti/projects/checkers-competition/server/referee.jar on run_22_vdhankar_bansalr #####
INPUT for bansalr:
GAME
WHITE
200.41
........
........
.....b..
....b.b.
.......w
........
.......w
W...B.w.
##### Running: /usr/bin/time -o time_22_vdhankar_bansalr.txt -f "%U" python3 homework.py > stulog.txt 2>&1 on bansalr #####
##### SUCCESS: /usr/bin/time -o time_22_vdhankar_bansalr.txt -f "%U" python3 homework.py > stulog.txt 2>&1 on bansalr #####
##### bansalr plays [E g1 f2] in 4.13s #####
##### Running: /usr/lib/jvm/jdk-14.0.1/bin/java -jar /lab/itti/projects/checkers-competition/server/referee.jar on run_22_vdhankar_bansalr #####
Move is valid
##### SUCCESS: /usr/lib/jvm/jdk-14.0.1/bin/java -jar /lab/itti/projects/checkers-competition/server/referee.jar on run_22_vdhankar_bansalr #####
INPUT for vdhankar:
GAME
BLACK
140.272548675537
........
........
.....b..
....b.b.
.......w
........
.....w.w
W...B...
##### Running: /usr/bin/time -o time_22_vdhankar_bansalr.txt -f "%U" python3 homework.py > stulog.txt 2>&1 on vdhankar #####
child exited with value 1
##### ERROR: /usr/bin/time -o time_22_vdhankar_bansalr.txt -f "%U" python3 homework.py > stulog.txt 2>&1 on vdhankar #####
##### Output of failed program (stdout + stderr): #####
Traceback (most recent call last):
  File "homework.py", line 546, in <module>
    print(end-start)
NameError: name 'end' is not defined
##### End of output of failed program #####
##### vdhankar plays [J e1 g3] in 0.465829849243164s #####
##### Running: /usr/lib/jvm/jdk-14.0.1/bin/java -jar /lab/itti/projects/checkers-competition/server/referee.jar on run_22_vdhankar_bansalr #####
Move is valid
##### SUCCESS: /usr/lib/jvm/jdk-14.0.1/bin/java -jar /lab/itti/projects/checkers-competition/server/referee.jar on run_22_vdhankar_bansalr #####
INPUT for bansalr:
GAME
WHITE
196.28
........
........
.....b..
....b.b.
.......w
......B.
.......w
W.......
##### Running: /usr/bin/time -o time_22_vdhankar_bansalr.txt -f "%U" python3 homework.py > stulog.txt 2>&1 on bansalr #####
##### SUCCESS: /usr/bin/time -o time_22_vdhankar_bansalr.txt -f "%U" python3 homework.py > stulog.txt 2>&1 on bansalr #####
##### bansalr plays [J h2 f4 ; J f4 d6] in 1.25s #####
##### Running: /usr/lib/jvm/jdk-14.0.1/bin/java -jar /lab/itti/projects/checkers-competition/server/referee.jar on run_22_vdhankar_bansalr #####
Move is valid
##### SUCCESS: /usr/lib/jvm/jdk-14.0.1/bin/java -jar /lab/itti/projects/checkers-competition/server/referee.jar on run_22_vdhankar_bansalr #####
INPUT for vdhankar:
GAME
BLACK
139.806718826294
........
........
...w.b..
......b.
.......w
........
........
W.......
##### Running: /usr/bin/time -o time_22_vdhankar_bansalr.txt -f "%U" python3 homework.py > stulog.txt 2>&1 on vdhankar #####
child exited with value 1
##### ERROR: /usr/bin/time -o time_22_vdhankar_bansalr.txt -f "%U" python3 homework.py > stulog.txt 2>&1 on vdhankar #####
##### Output of failed program (stdout + stderr): #####
Traceback (most recent call last):
  File "homework.py", line 546, in <module>
    print(end-start)
NameError: name 'end' is not defined
##### End of output of failed program #####
##### vdhankar plays [E g5 f4] in 0.775144815444946s #####
##### Running: /usr/lib/jvm/jdk-14.0.1/bin/java -jar /lab/itti/projects/checkers-competition/server/referee.jar on run_22_vdhankar_bansalr #####
Move is valid
##### SUCCESS: /usr/lib/jvm/jdk-14.0.1/bin/java -jar /lab/itti/projects/checkers-competition/server/referee.jar on run_22_vdhankar_bansalr #####
INPUT for bansalr:
GAME
WHITE
195.03
........
........
...w.b..
........
.....b.w
........
........
W.......
##### Running: /usr/bin/time -o time_22_vdhankar_bansalr.txt -f "%U" python3 homework.py > stulog.txt 2>&1 on bansalr #####
##### SUCCESS: /usr/bin/time -o time_22_vdhankar_bansalr.txt -f "%U" python3 homework.py > stulog.txt 2>&1 on bansalr #####
##### bansalr plays [E a1 b2] in 4.36s #####
##### Running: /usr/lib/jvm/jdk-14.0.1/bin/java -jar /lab/itti/projects/checkers-competition/server/referee.jar on run_22_vdhankar_bansalr #####
Move is valid
##### SUCCESS: /usr/lib/jvm/jdk-14.0.1/bin/java -jar /lab/itti/projects/checkers-competition/server/referee.jar on run_22_vdhankar_bansalr #####
INPUT for vdhankar:
GAME
BLACK
139.031574010849
........
........
...w.b..
........
.....b.w
........
.W......
........
##### Running: /usr/bin/time -o time_22_vdhankar_bansalr.txt -f "%U" python3 homework.py > stulog.txt 2>&1 on vdhankar #####
child exited with value 1
##### ERROR: /usr/bin/time -o time_22_vdhankar_bansalr.txt -f "%U" python3 homework.py > stulog.txt 2>&1 on vdhankar #####
##### Output of failed program (stdout + stderr): #####
Traceback (most recent call last):
  File "homework.py", line 546, in <module>
    print(end-start)
NameError: name 'end' is not defined
##### End of output of failed program #####
##### vdhankar plays [E f4 g3] in 2.72558784484863s #####
##### Running: /usr/lib/jvm/jdk-14.0.1/bin/java -jar /lab/itti/projects/checkers-competition/server/referee.jar on run_22_vdhankar_bansalr #####
Move is valid
##### SUCCESS: /usr/lib/jvm/jdk-14.0.1/bin/java -jar /lab/itti/projects/checkers-competition/server/referee.jar on run_22_vdhankar_bansalr #####
INPUT for bansalr:
GAME
WHITE
190.67
........
........
...w.b..
........
.......w
......b.
.W......
........
##### Running: /usr/bin/time -o time_22_vdhankar_bansalr.txt -f "%U" python3 homework.py > stulog.txt 2>&1 on bansalr #####
##### SUCCESS: /usr/bin/time -o time_22_vdhankar_bansalr.txt -f "%U" python3 homework.py > stulog.txt 2>&1 on bansalr #####
##### bansalr plays [E b2 a1] in 3.78s #####
##### Running: /usr/lib/jvm/jdk-14.0.1/bin/java -jar /lab/itti/projects/checkers-competition/server/referee.jar on run_22_vdhankar_bansalr #####
Move is valid
##### SUCCESS: /usr/lib/jvm/jdk-14.0.1/bin/java -jar /lab/itti/projects/checkers-competition/server/referee.jar on run_22_vdhankar_bansalr #####
INPUT for vdhankar:
GAME
BLACK
136.305986166
........
........
...w.b..
........
.......w
......b.
........
W.......
##### Running: /usr/bin/time -o time_22_vdhankar_bansalr.txt -f "%U" python3 homework.py > stulog.txt 2>&1 on vdhankar #####
child exited with value 1
##### ERROR: /usr/bin/time -o time_22_vdhankar_bansalr.txt -f "%U" python3 homework.py > stulog.txt 2>&1 on vdhankar #####
##### Output of failed program (stdout + stderr): #####
Traceback (most recent call last):
  File "homework.py", line 546, in <module>
    print(end-start)
NameError: name 'end' is not defined
##### End of output of failed program #####
##### vdhankar plays [E g3 h2] in 1.29253506660461s #####
##### Running: /usr/lib/jvm/jdk-14.0.1/bin/java -jar /lab/itti/projects/checkers-competition/server/referee.jar on run_22_vdhankar_bansalr #####
Move is valid
##### SUCCESS: /usr/lib/jvm/jdk-14.0.1/bin/java -jar /lab/itti/projects/checkers-competition/server/referee.jar on run_22_vdhankar_bansalr #####
INPUT for bansalr:
GAME
WHITE
186.89
........
........
...w.b..
........
.......w
........
.......b
W.......
##### Running: /usr/bin/time -o time_22_vdhankar_bansalr.txt -f "%U" python3 homework.py > stulog.txt 2>&1 on bansalr #####
##### SUCCESS: /usr/bin/time -o time_22_vdhankar_bansalr.txt -f "%U" python3 homework.py > stulog.txt 2>&1 on bansalr #####
##### bansalr plays [E a1 b2] in 2.32s #####
##### Running: /usr/lib/jvm/jdk-14.0.1/bin/java -jar /lab/itti/projects/checkers-competition/server/referee.jar on run_22_vdhankar_bansalr #####
Move is valid
##### SUCCESS: /usr/lib/jvm/jdk-14.0.1/bin/java -jar /lab/itti/projects/checkers-competition/server/referee.jar on run_22_vdhankar_bansalr #####
INPUT for vdhankar:
GAME
BLACK
135.013451099396
........
........
...w.b..
........
.......w
........
.W.....b
........
##### Running: /usr/bin/time -o time_22_vdhankar_bansalr.txt -f "%U" python3 homework.py > stulog.txt 2>&1 on vdhankar #####
child exited with value 1
##### ERROR: /usr/bin/time -o time_22_vdhankar_bansalr.txt -f "%U" python3 homework.py > stulog.txt 2>&1 on vdhankar #####
##### Output of failed program (stdout + stderr): #####
Traceback (most recent call last):
  File "homework.py", line 546, in <module>
    print(end-start)
NameError: name 'end' is not defined
##### End of output of failed program #####
##### vdhankar plays [E h2 g1] in 1.87211179733276s #####
##### Running: /usr/lib/jvm/jdk-14.0.1/bin/java -jar /lab/itti/projects/checkers-competition/server/referee.jar on run_22_vdhankar_bansalr #####
Move is valid
##### SUCCESS: /usr/lib/jvm/jdk-14.0.1/bin/java -jar /lab/itti/projects/checkers-competition/server/referee.jar on run_22_vdhankar_bansalr #####
INPUT for bansalr:
GAME
WHITE
184.57
........
........
...w.b..
........
.......w
........
.W......
......B.
##### Running: /usr/bin/time -o time_22_vdhankar_bansalr.txt -f "%U" python3 homework.py > stulog.txt 2>&1 on bansalr #####
##### SUCCESS: /usr/bin/time -o time_22_vdhankar_bansalr.txt -f "%U" python3 homework.py > stulog.txt 2>&1 on bansalr #####
##### bansalr plays [E b2 a1] in 4.26s #####
##### Running: /usr/lib/jvm/jdk-14.0.1/bin/java -jar /lab/itti/projects/checkers-competition/server/referee.jar on run_22_vdhankar_bansalr #####
Move is valid
##### SUCCESS: /usr/lib/jvm/jdk-14.0.1/bin/java -jar /lab/itti/projects/checkers-competition/server/referee.jar on run_22_vdhankar_bansalr #####
INPUT for vdhankar:
GAME
BLACK
133.141339302063
........
........
...w.b..
........
.......w
........
........
W.....B.
##### Running: /usr/bin/time -o time_22_vdhankar_bansalr.txt -f "%U" python3 homework.py > stulog.txt 2>&1 on vdhankar #####
child exited with value 1
##### ERROR: /usr/bin/time -o time_22_vdhankar_bansalr.txt -f "%U" python3 homework.py > stulog.txt 2>&1 on vdhankar #####
##### Output of failed program (stdout + stderr): #####
Traceback (most recent call last):
  File "homework.py", line 546, in <module>
    print(end-start)
NameError: name 'end' is not defined
##### End of output of failed program #####
##### vdhankar plays [E g1 f2] in 1.44384813308716s #####
##### Running: /usr/lib/jvm/jdk-14.0.1/bin/java -jar /lab/itti/projects/checkers-competition/server/referee.jar on run_22_vdhankar_bansalr #####
Move is valid
##### SUCCESS: /usr/lib/jvm/jdk-14.0.1/bin/java -jar /lab/itti/projects/checkers-competition/server/referee.jar on run_22_vdhankar_bansalr #####
INPUT for bansalr:
GAME
WHITE
180.31
........
........
...w.b..
........
.......w
........
.....B..
W.......
##### Running: /usr/bin/time -o time_22_vdhankar_bansalr.txt -f "%U" python3 homework.py > stulog.txt 2>&1 on bansalr #####
##### SUCCESS: /usr/bin/time -o time_22_vdhankar_bansalr.txt -f "%U" python3 homework.py > stulog.txt 2>&1 on bansalr #####
##### bansalr plays [E a1 b2] in 3.07s #####
##### Running: /usr/lib/jvm/jdk-14.0.1/bin/java -jar /lab/itti/projects/checkers-competition/server/referee.jar on run_22_vdhankar_bansalr #####
Move is valid
##### SUCCESS: /usr/lib/jvm/jdk-14.0.1/bin/java -jar /lab/itti/projects/checkers-competition/server/referee.jar on run_22_vdhankar_bansalr #####
INPUT for vdhankar:
GAME
BLACK
131.697491168976
........
........
...w.b..
........
.......w
........
.W...B..
........
##### Running: /usr/bin/time -o time_22_vdhankar_bansalr.txt -f "%U" python3 homework.py > stulog.txt 2>&1 on vdhankar #####
child exited with value 1
##### ERROR: /usr/bin/time -o time_22_vdhankar_bansalr.txt -f "%U" python3 homework.py > stulog.txt 2>&1 on vdhankar #####
##### Output of failed program (stdout + stderr): #####
Traceback (most recent call last):
  File "homework.py", line 546, in <module>
    print(end-start)
NameError: name 'end' is not defined
##### End of output of failed program #####
##### vdhankar plays [E f2 g3] in 2.08599305152893s #####
##### Running: /usr/lib/jvm/jdk-14.0.1/bin/java -jar /lab/itti/projects/checkers-competition/server/referee.jar on run_22_vdhankar_bansalr #####
Move is valid
##### SUCCESS: /usr/lib/jvm/jdk-14.0.1/bin/java -jar /lab/itti/projects/checkers-competition/server/referee.jar on run_22_vdhankar_bansalr #####
INPUT for bansalr:
GAME
WHITE
177.24
........
........
...w.b..
........
.......w
......B.
.W......
........
##### Running: /usr/bin/time -o time_22_vdhankar_bansalr.txt -f "%U" python3 homework.py > stulog.txt 2>&1 on bansalr #####
##### SUCCESS: /usr/bin/time -o time_22_vdhankar_bansalr.txt -f "%U" python3 homework.py > stulog.txt 2>&1 on bansalr #####
##### bansalr plays [E b2 a1] in 4.67s #####
##### Running: /usr/lib/jvm/jdk-14.0.1/bin/java -jar /lab/itti/projects/checkers-competition/server/referee.jar on run_22_vdhankar_bansalr #####
Move is valid
##### SUCCESS: /usr/lib/jvm/jdk-14.0.1/bin/java -jar /lab/itti/projects/checkers-competition/server/referee.jar on run_22_vdhankar_bansalr #####
INPUT for vdhankar:
GAME
BLACK
129.611498117447
........
........
...w.b..
........
.......w
......B.
........
W.......
##### Running: /usr/bin/time -o time_22_vdhankar_bansalr.txt -f "%U" python3 homework.py > stulog.txt 2>&1 on vdhankar #####
child exited with value 1
##### ERROR: /usr/bin/time -o time_22_vdhankar_bansalr.txt -f "%U" python3 homework.py > stulog.txt 2>&1 on vdhankar #####
##### Output of failed program (stdout + stderr): #####
Traceback (most recent call last):
  File "homework.py", line 546, in <module>
    print(end-start)
NameError: name 'end' is not defined
##### End of output of failed program #####
##### vdhankar plays [E g3 f2] in 1.34379601478577s #####
##### Running: /usr/lib/jvm/jdk-14.0.1/bin/java -jar /lab/itti/projects/checkers-competition/server/referee.jar on run_22_vdhankar_bansalr #####
Move is valid
##### SUCCESS: /usr/lib/jvm/jdk-14.0.1/bin/java -jar /lab/itti/projects/checkers-competition/server/referee.jar on run_22_vdhankar_bansalr #####
INPUT for bansalr:
GAME
WHITE
172.57
........
........
...w.b..
........
.......w
........
.....B..
W.......
##### Running: /usr/bin/time -o time_22_vdhankar_bansalr.txt -f "%U" python3 homework.py > stulog.txt 2>&1 on bansalr #####
##### SUCCESS: /usr/bin/time -o time_22_vdhankar_bansalr.txt -f "%U" python3 homework.py > stulog.txt 2>&1 on bansalr #####
##### bansalr plays [E a1 b2] in 3.31s #####
##### Running: /usr/lib/jvm/jdk-14.0.1/bin/java -jar /lab/itti/projects/checkers-competition/server/referee.jar on run_22_vdhankar_bansalr #####
Move is valid
##### SUCCESS: /usr/lib/jvm/jdk-14.0.1/bin/java -jar /lab/itti/projects/checkers-competition/server/referee.jar on run_22_vdhankar_bansalr #####
INPUT for vdhankar:
GAME
BLACK
128.267702102661
........
........
...w.b..
........
.......w
........
.W...B..
........
##### Running: /usr/bin/time -o time_22_vdhankar_bansalr.txt -f "%U" python3 homework.py > stulog.txt 2>&1 on vdhankar #####
child exited with value 1
##### ERROR: /usr/bin/time -o time_22_vdhankar_bansalr.txt -f "%U" python3 homework.py > stulog.txt 2>&1 on vdhankar #####
##### Output of failed program (stdout + stderr): #####
Traceback (most recent call last):
  File "homework.py", line 546, in <module>
    print(end-start)
NameError: name 'end' is not defined
##### End of output of failed program #####
##### vdhankar plays [E f2 g3] in 2.27715396881104s #####
##### Running: /usr/lib/jvm/jdk-14.0.1/bin/java -jar /lab/itti/projects/checkers-competition/server/referee.jar on run_22_vdhankar_bansalr #####
Move is valid
##### SUCCESS: /usr/lib/jvm/jdk-14.0.1/bin/java -jar /lab/itti/projects/checkers-competition/server/referee.jar on run_22_vdhankar_bansalr #####
INPUT for bansalr:
GAME
WHITE
169.26
........
........
...w.b..
........
.......w
......B.
.W......
........
##### Running: /usr/bin/time -o time_22_vdhankar_bansalr.txt -f "%U" python3 homework.py > stulog.txt 2>&1 on bansalr #####
##### SUCCESS: /usr/bin/time -o time_22_vdhankar_bansalr.txt -f "%U" python3 homework.py > stulog.txt 2>&1 on bansalr #####
##### bansalr plays [E b2 a1] in 4.48s #####
##### Running: /usr/lib/jvm/jdk-14.0.1/bin/java -jar /lab/itti/projects/checkers-competition/server/referee.jar on run_22_vdhankar_bansalr #####
Move is valid
##### SUCCESS: /usr/lib/jvm/jdk-14.0.1/bin/java -jar /lab/itti/projects/checkers-competition/server/referee.jar on run_22_vdhankar_bansalr #####
INPUT for vdhankar:
GAME
BLACK
125.99054813385
........
........
...w.b..
........
.......w
......B.
........
W.......
##### Running: /usr/bin/time -o time_22_vdhankar_bansalr.txt -f "%U" python3 homework.py > stulog.txt 2>&1 on vdhankar #####
child exited with value 1
##### ERROR: /usr/bin/time -o time_22_vdhankar_bansalr.txt -f "%U" python3 homework.py > stulog.txt 2>&1 on vdhankar #####
##### Output of failed program (stdout + stderr): #####
Traceback (most recent call last):
  File "homework.py", line 546, in <module>
    print(end-start)
NameError: name 'end' is not defined
##### End of output of failed program #####
##### vdhankar plays [E g3 f2] in 1.31296896934509s #####
##### Running: /usr/lib/jvm/jdk-14.0.1/bin/java -jar /lab/itti/projects/checkers-competition/server/referee.jar on run_22_vdhankar_bansalr #####
Move is valid
##### SUCCESS: /usr/lib/jvm/jdk-14.0.1/bin/java -jar /lab/itti/projects/checkers-competition/server/referee.jar on run_22_vdhankar_bansalr #####
INPUT for bansalr:
GAME
WHITE
164.78
........
........
...w.b..
........
.......w
........
.....B..
W.......
##### Running: /usr/bin/time -o time_22_vdhankar_bansalr.txt -f "%U" python3 homework.py > stulog.txt 2>&1 on bansalr #####
##### SUCCESS: /usr/bin/time -o time_22_vdhankar_bansalr.txt -f "%U" python3 homework.py > stulog.txt 2>&1 on bansalr #####
##### bansalr plays [E a1 b2] in 3.31s #####
##### Running: /usr/lib/jvm/jdk-14.0.1/bin/java -jar /lab/itti/projects/checkers-competition/server/referee.jar on run_22_vdhankar_bansalr #####
Move is valid
Seen this position 3 times
*** Game ends in draw ***
##### SUCCESS: /usr/lib/jvm/jdk-14.0.1/bin/java -jar /lab/itti/projects/checkers-competition/server/referee.jar on run_22_vdhankar_bansalr #####
##### GAME ENDS IN A DRAW. Time left for vdhankar: 124.677579164505s, bansalr: 161.47s
Server said: DRAW
##### GAME OVER: the game ends in a draw, bansalr wins by time remaining #####
########## ROUND 22 GAMESCORE AFTER GAME 2: vdhankar=1 and bansalr=1 ##########
#################### ROUND 22: vdhankar (W) vs bansalr (B): game 3 ####################
##### game start! #####
INPUT for bansalr:
GAME
BLACK
300
.b.b.b.b
b.b.b.b.
.b.b.b.b
........
........
w.w.w.w.
.w.w.w.w
w.w.w.w.
##### Running: /usr/bin/time -o time_22_vdhankar_bansalr.txt -f "%U" python3 homework.py > stulog.txt 2>&1 on bansalr #####
##### SUCCESS: /usr/bin/time -o time_22_vdhankar_bansalr.txt -f "%U" python3 homework.py > stulog.txt 2>&1 on bansalr #####
##### bansalr plays [E b6 a5] in 0.06s #####
##### Running: /usr/lib/jvm/jdk-14.0.1/bin/java -jar /lab/itti/projects/checkers-competition/server/referee.jar on run_22_vdhankar_bansalr #####
Move is valid
Couldn't read file 'current_ply.txt'
Couldn't read content from file 'current_ply.txt'
Couldn't read file 'lastmatchange_ply.txt'
Couldn't read content from file 'lastmatchange_ply.txt'
##### SUCCESS: /usr/lib/jvm/jdk-14.0.1/bin/java -jar /lab/itti/projects/checkers-competition/server/referee.jar on run_22_vdhankar_bansalr #####
INPUT for vdhankar:
GAME
WHITE
300
.b.b.b.b
b.b.b.b.
...b.b.b
b.......
........
w.w.w.w.
.w.w.w.w
w.w.w.w.
##### Running: /usr/bin/time -o time_22_vdhankar_bansalr.txt -f "%U" python3 homework.py > stulog.txt 2>&1 on vdhankar #####
child exited with value 1
##### ERROR: /usr/bin/time -o time_22_vdhankar_bansalr.txt -f "%U" python3 homework.py > stulog.txt 2>&1 on vdhankar #####
##### Output of failed program (stdout + stderr): #####
Traceback (most recent call last):
  File "homework.py", line 546, in <module>
    print(end-start)
NameError: name 'end' is not defined
##### End of output of failed program #####
##### vdhankar plays [E g3 h4] in 13.1363689899445s #####
##### Running: /usr/lib/jvm/jdk-14.0.1/bin/java -jar /lab/itti/projects/checkers-competition/server/referee.jar on run_22_vdhankar_bansalr #####
Move is valid
##### SUCCESS: /usr/lib/jvm/jdk-14.0.1/bin/java -jar /lab/itti/projects/checkers-competition/server/referee.jar on run_22_vdhankar_bansalr #####
INPUT for bansalr:
GAME
BLACK
299.94
.b.b.b.b
b.b.b.b.
...b.b.b
b.......
.......w
w.w.w...
.w.w.w.w
w.w.w.w.
##### Running: /usr/bin/time -o time_22_vdhankar_bansalr.txt -f "%U" python3 homework.py > stulog.txt 2>&1 on bansalr #####
##### SUCCESS: /usr/bin/time -o time_22_vdhankar_bansalr.txt -f "%U" python3 homework.py > stulog.txt 2>&1 on bansalr #####
##### bansalr plays [E f6 g5] in 0.07s #####
##### Running: /usr/lib/jvm/jdk-14.0.1/bin/java -jar /lab/itti/projects/checkers-competition/server/referee.jar on run_22_vdhankar_bansalr #####
Move is valid
##### SUCCESS: /usr/lib/jvm/jdk-14.0.1/bin/java -jar /lab/itti/projects/checkers-competition/server/referee.jar on run_22_vdhankar_bansalr #####
INPUT for vdhankar:
GAME
WHITE
286.863631010056
.b.b.b.b
b.b.b.b.
...b...b
b.....b.
.......w
w.w.w...
.w.w.w.w
w.w.w.w.
##### Running: /usr/bin/time -o time_22_vdhankar_bansalr.txt -f "%U" python3 homework.py > stulog.txt 2>&1 on vdhankar #####
child exited with value 1
##### ERROR: /usr/bin/time -o time_22_vdhankar_bansalr.txt -f "%U" python3 homework.py > stulog.txt 2>&1 on vdhankar #####
##### Output of failed program (stdout + stderr): #####
Traceback (most recent call last):
  File "homework.py", line 546, in <module>
    print(end-start)
NameError: name 'end' is not defined
##### End of output of failed program #####
##### vdhankar plays [J h4 f6] in 3.36896204948425s #####
##### Running: /usr/lib/jvm/jdk-14.0.1/bin/java -jar /lab/itti/projects/checkers-competition/server/referee.jar on run_22_vdhankar_bansalr #####
Move is valid
##### SUCCESS: /usr/lib/jvm/jdk-14.0.1/bin/java -jar /lab/itti/projects/checkers-competition/server/referee.jar on run_22_vdhankar_bansalr #####
INPUT for bansalr:
GAME
BLACK
299.87
.b.b.b.b
b.b.b.b.
...b.w.b
b.......
........
w.w.w...
.w.w.w.w
w.w.w.w.
##### Running: /usr/bin/time -o time_22_vdhankar_bansalr.txt -f "%U" python3 homework.py > stulog.txt 2>&1 on bansalr #####
##### SUCCESS: /usr/bin/time -o time_22_vdhankar_bansalr.txt -f "%U" python3 homework.py > stulog.txt 2>&1 on bansalr #####
##### bansalr plays [J e7 g5] in 0.06s #####
##### Running: /usr/lib/jvm/jdk-14.0.1/bin/java -jar /lab/itti/projects/checkers-competition/server/referee.jar on run_22_vdhankar_bansalr #####
Move is valid
##### SUCCESS: /usr/lib/jvm/jdk-14.0.1/bin/java -jar /lab/itti/projects/checkers-competition/server/referee.jar on run_22_vdhankar_bansalr #####
INPUT for vdhankar:
GAME
WHITE
283.494668960571
.b.b.b.b
b.b...b.
...b...b
b.....b.
........
w.w.w...
.w.w.w.w
w.w.w.w.
##### Running: /usr/bin/time -o time_22_vdhankar_bansalr.txt -f "%U" python3 homework.py > stulog.txt 2>&1 on vdhankar #####
child exited with value 1
##### ERROR: /usr/bin/time -o time_22_vdhankar_bansalr.txt -f "%U" python3 homework.py > stulog.txt 2>&1 on vdhankar #####
##### Output of failed program (stdout + stderr): #####
Traceback (most recent call last):
  File "homework.py", line 546, in <module>
    print(end-start)
NameError: name 'end' is not defined
##### End of output of failed program #####
##### vdhankar plays [E h2 g3] in 27.0811009407043s #####
##### Running: /usr/lib/jvm/jdk-14.0.1/bin/java -jar /lab/itti/projects/checkers-competition/server/referee.jar on run_22_vdhankar_bansalr #####
Move is valid
##### SUCCESS: /usr/lib/jvm/jdk-14.0.1/bin/java -jar /lab/itti/projects/checkers-competition/server/referee.jar on run_22_vdhankar_bansalr #####
INPUT for bansalr:
GAME
BLACK
299.81
.b.b.b.b
b.b...b.
...b...b
b.....b.
........
w.w.w.w.
.w.w.w..
w.w.w.w.
##### Running: /usr/bin/time -o time_22_vdhankar_bansalr.txt -f "%U" python3 homework.py > stulog.txt 2>&1 on bansalr #####
##### SUCCESS: /usr/bin/time -o time_22_vdhankar_bansalr.txt -f "%U" python3 homework.py > stulog.txt 2>&1 on bansalr #####
##### bansalr plays [E d8 e7] in 3.78s #####
##### Running: /usr/lib/jvm/jdk-14.0.1/bin/java -jar /lab/itti/projects/checkers-competition/server/referee.jar on run_22_vdhankar_bansalr #####
Move is valid
##### SUCCESS: /usr/lib/jvm/jdk-14.0.1/bin/java -jar /lab/itti/projects/checkers-competition/server/referee.jar on run_22_vdhankar_bansalr #####
INPUT for vdhankar:
GAME
WHITE
256.413568019867
.b...b.b
b.b.b.b.
...b...b
b.....b.
........
w.w.w.w.
.w.w.w..
w.w.w.w.
##### Running: /usr/bin/time -o time_22_vdhankar_bansalr.txt -f "%U" python3 homework.py > stulog.txt 2>&1 on vdhankar #####
child exited with value 1
##### ERROR: /usr/bin/time -o time_22_vdhankar_bansalr.txt -f "%U" python3 homework.py > stulog.txt 2>&1 on vdhankar #####
##### Output of failed program (stdout + stderr): #####
Traceback (most recent call last):
  File "homework.py", line 546, in <module>
    print(end-start)
NameError: name 'end' is not defined
##### End of output of failed program #####
##### vdhankar plays [E g3 h4] in 13.8057680130005s #####
##### Running: /usr/lib/jvm/jdk-14.0.1/bin/java -jar /lab/itti/projects/checkers-competition/server/referee.jar on run_22_vdhankar_bansalr #####
Move is valid
##### SUCCESS: /usr/lib/jvm/jdk-14.0.1/bin/java -jar /lab/itti/projects/checkers-competition/server/referee.jar on run_22_vdhankar_bansalr #####
INPUT for bansalr:
GAME
BLACK
296.03
.b...b.b
b.b.b.b.
...b...b
b.....b.
.......w
w.w.w...
.w.w.w..
w.w.w.w.
##### Running: /usr/bin/time -o time_22_vdhankar_bansalr.txt -f "%U" python3 homework.py > stulog.txt 2>&1 on bansalr #####
##### SUCCESS: /usr/bin/time -o time_22_vdhankar_bansalr.txt -f "%U" python3 homework.py > stulog.txt 2>&1 on bansalr #####
##### bansalr plays [E e7 f6] in 3.72s #####
##### Running: /usr/lib/jvm/jdk-14.0.1/bin/java -jar /lab/itti/projects/checkers-competition/server/referee.jar on run_22_vdhankar_bansalr #####
Move is valid
##### SUCCESS: /usr/lib/jvm/jdk-14.0.1/bin/java -jar /lab/itti/projects/checkers-competition/server/referee.jar on run_22_vdhankar_bansalr #####
INPUT for vdhankar:
GAME
WHITE
242.607800006866
.b...b.b
b.b...b.
...b.b.b
b.....b.
.......w
w.w.w...
.w.w.w..
w.w.w.w.
##### Running: /usr/bin/time -o time_22_vdhankar_bansalr.txt -f "%U" python3 homework.py > stulog.txt 2>&1 on vdhankar #####
child exited with value 1
##### ERROR: /usr/bin/time -o time_22_vdhankar_bansalr.txt -f "%U" python3 homework.py > stulog.txt 2>&1 on vdhankar #####
##### Output of failed program (stdout + stderr): #####
Traceback (most recent call last):
  File "homework.py", line 546, in <module>
    print(end-start)
NameError: name 'end' is not defined
##### End of output of failed program #####
##### vdhankar plays [E c3 d4] in 11.0161290168762s #####
##### Running: /usr/lib/jvm/jdk-14.0.1/bin/java -jar /lab/itti/projects/checkers-competition/server/referee.jar on run_22_vdhankar_bansalr #####
Move is valid
##### SUCCESS: /usr/lib/jvm/jdk-14.0.1/bin/java -jar /lab/itti/projects/checkers-competition/server/referee.jar on run_22_vdhankar_bansalr #####
INPUT for bansalr:
GAME
BLACK
292.31
.b...b.b
b.b...b.
...b.b.b
b.....b.
...w...w
w...w...
.w.w.w..
w.w.w.w.
##### Running: /usr/bin/time -o time_22_vdhankar_bansalr.txt -f "%U" python3 homework.py > stulog.txt 2>&1 on bansalr #####
##### SUCCESS: /usr/bin/time -o time_22_vdhankar_bansalr.txt -f "%U" python3 homework.py > stulog.txt 2>&1 on bansalr #####
##### bansalr plays [E f8 e7] in 3.7s #####
##### Running: /usr/lib/jvm/jdk-14.0.1/bin/java -jar /lab/itti/projects/checkers-competition/server/referee.jar on run_22_vdhankar_bansalr #####
Move is valid
##### SUCCESS: /usr/lib/jvm/jdk-14.0.1/bin/java -jar /lab/itti/projects/checkers-competition/server/referee.jar on run_22_vdhankar_bansalr #####
INPUT for vdhankar:
GAME
WHITE
231.59167098999
.b.....b
b.b.b.b.
...b.b.b
b.....b.
...w...w
w...w...
.w.w.w..
w.w.w.w.
##### Running: /usr/bin/time -o time_22_vdhankar_bansalr.txt -f "%U" python3 homework.py > stulog.txt 2>&1 on vdhankar #####
child exited with value 1
##### ERROR: /usr/bin/time -o time_22_vdhankar_bansalr.txt -f "%U" python3 homework.py > stulog.txt 2>&1 on vdhankar #####
##### Output of failed program (stdout + stderr): #####
Traceback (most recent call last):
  File "homework.py", line 546, in <module>
    print(end-start)
NameError: name 'end' is not defined
##### End of output of failed program #####
##### vdhankar plays [E f2 g3] in 5.94203090667725s #####
##### Running: /usr/lib/jvm/jdk-14.0.1/bin/java -jar /lab/itti/projects/checkers-competition/server/referee.jar on run_22_vdhankar_bansalr #####
Move is valid
##### SUCCESS: /usr/lib/jvm/jdk-14.0.1/bin/java -jar /lab/itti/projects/checkers-competition/server/referee.jar on run_22_vdhankar_bansalr #####
INPUT for bansalr:
GAME
BLACK
288.61
.b.....b
b.b.b.b.
...b.b.b
b.....b.
...w...w
w...w.w.
.w.w....
w.w.w.w.
##### Running: /usr/bin/time -o time_22_vdhankar_bansalr.txt -f "%U" python3 homework.py > stulog.txt 2>&1 on bansalr #####
##### SUCCESS: /usr/bin/time -o time_22_vdhankar_bansalr.txt -f "%U" python3 homework.py > stulog.txt 2>&1 on bansalr #####
##### bansalr plays [E a7 b6] in 3.81s #####
##### Running: /usr/lib/jvm/jdk-14.0.1/bin/java -jar /lab/itti/projects/checkers-competition/server/referee.jar on run_22_vdhankar_bansalr #####
Move is valid
##### SUCCESS: /usr/lib/jvm/jdk-14.0.1/bin/java -jar /lab/itti/projects/checkers-competition/server/referee.jar on run_22_vdhankar_bansalr #####
INPUT for vdhankar:
GAME
WHITE
225.649640083313
.b.....b
..b.b.b.
.b.b.b.b
b.....b.
...w...w
w...w.w.
.w.w....
w.w.w.w.
##### Running: /usr/bin/time -o time_22_vdhankar_bansalr.txt -f "%U" python3 homework.py > stulog.txt 2>&1 on vdhankar #####
child exited with value 1
##### ERROR: /usr/bin/time -o time_22_vdhankar_bansalr.txt -f "%U" python3 homework.py > stulog.txt 2>&1 on vdhankar #####
##### Output of failed program (stdout + stderr): #####
Traceback (most recent call last):
  File "homework.py", line 546, in <module>
    print(end-start)
NameError: name 'end' is not defined
##### End of output of failed program #####
##### vdhankar plays [E g3 f4] in 5.30877709388733s #####
##### Running: /usr/lib/jvm/jdk-14.0.1/bin/java -jar /lab/itti/projects/checkers-competition/server/referee.jar on run_22_vdhankar_bansalr #####
Move is valid
##### SUCCESS: /usr/lib/jvm/jdk-14.0.1/bin/java -jar /lab/itti/projects/checkers-competition/server/referee.jar on run_22_vdhankar_bansalr #####
INPUT for bansalr:
GAME
BLACK
284.8
.b.....b
..b.b.b.
.b.b.b.b
b.....b.
...w.w.w
w...w...
.w.w....
w.w.w.w.
##### Running: /usr/bin/time -o time_22_vdhankar_bansalr.txt -f "%U" python3 homework.py > stulog.txt 2>&1 on bansalr #####
##### SUCCESS: /usr/bin/time -o time_22_vdhankar_bansalr.txt -f "%U" python3 homework.py > stulog.txt 2>&1 on bansalr #####
##### bansalr plays [E b8 a7] in 3.82s #####
##### Running: /usr/lib/jvm/jdk-14.0.1/bin/java -jar /lab/itti/projects/checkers-competition/server/referee.jar on run_22_vdhankar_bansalr #####
Move is valid
##### SUCCESS: /usr/lib/jvm/jdk-14.0.1/bin/java -jar /lab/itti/projects/checkers-competition/server/referee.jar on run_22_vdhankar_bansalr #####
INPUT for vdhankar:
GAME
WHITE
220.340862989426
.......b
b.b.b.b.
.b.b.b.b
b.....b.
...w.w.w
w...w...
.w.w....
w.w.w.w.
##### Running: /usr/bin/time -o time_22_vdhankar_bansalr.txt -f "%U" python3 homework.py > stulog.txt 2>&1 on vdhankar #####
child exited with value 1
##### ERROR: /usr/bin/time -o time_22_vdhankar_bansalr.txt -f "%U" python3 homework.py > stulog.txt 2>&1 on vdhankar #####
##### Output of failed program (stdout + stderr): #####
Traceback (most recent call last):
  File "homework.py", line 546, in <module>
    print(end-start)
NameError: name 'end' is not defined
##### End of output of failed program #####
##### vdhankar plays [E g1 h2] in 2.81788182258606s #####
##### Running: /usr/lib/jvm/jdk-14.0.1/bin/java -jar /lab/itti/projects/checkers-competition/server/referee.jar on run_22_vdhankar_bansalr #####
Move is valid
##### SUCCESS: /usr/lib/jvm/jdk-14.0.1/bin/java -jar /lab/itti/projects/checkers-competition/server/referee.jar on run_22_vdhankar_bansalr #####
INPUT for bansalr:
GAME
BLACK
280.98
.......b
b.b.b.b.
.b.b.b.b
b.....b.
...w.w.w
w...w...
.w.w...w
w.w.w...
##### Running: /usr/bin/time -o time_22_vdhankar_bansalr.txt -f "%U" python3 homework.py > stulog.txt 2>&1 on bansalr #####
##### SUCCESS: /usr/bin/time -o time_22_vdhankar_bansalr.txt -f "%U" python3 homework.py > stulog.txt 2>&1 on bansalr #####
##### bansalr plays [E d6 c5] in 3.83s #####
##### Running: /usr/lib/jvm/jdk-14.0.1/bin/java -jar /lab/itti/projects/checkers-competition/server/referee.jar on run_22_vdhankar_bansalr #####
Move is valid
##### SUCCESS: /usr/lib/jvm/jdk-14.0.1/bin/java -jar /lab/itti/projects/checkers-competition/server/referee.jar on run_22_vdhankar_bansalr #####
INPUT for vdhankar:
GAME
WHITE
217.52298116684
.......b
b.b.b.b.
.b...b.b
b.b...b.
...w.w.w
w...w...
.w.w...w
w.w.w...
##### Running: /usr/bin/time -o time_22_vdhankar_bansalr.txt -f "%U" python3 homework.py > stulog.txt 2>&1 on vdhankar #####
child exited with value 1
##### ERROR: /usr/bin/time -o time_22_vdhankar_bansalr.txt -f "%U" python3 homework.py > stulog.txt 2>&1 on vdhankar #####
##### Output of failed program (stdout + stderr): #####
Traceback (most recent call last):
  File "homework.py", line 546, in <module>
    print(end-start)
NameError: name 'end' is not defined
##### End of output of failed program #####
##### vdhankar plays [E b2 c3] in 2.20862412452698s #####
##### Running: /usr/lib/jvm/jdk-14.0.1/bin/java -jar /lab/itti/projects/checkers-competition/server/referee.jar on run_22_vdhankar_bansalr #####
Move is valid
##### SUCCESS: /usr/lib/jvm/jdk-14.0.1/bin/java -jar /lab/itti/projects/checkers-competition/server/referee.jar on run_22_vdhankar_bansalr #####
INPUT for bansalr:
GAME
BLACK
277.15
.......b
b.b.b.b.
.b...b.b
b.b...b.
...w.w.w
w.w.w...
...w...w
w.w.w...
##### Running: /usr/bin/time -o time_22_vdhankar_bansalr.txt -f "%U" python3 homework.py > stulog.txt 2>&1 on bansalr #####
##### SUCCESS: /usr/bin/time -o time_22_vdhankar_bansalr.txt -f "%U" python3 homework.py > stulog.txt 2>&1 on bansalr #####
##### bansalr plays [E c7 d6] in 3.82s #####
##### Running: /usr/lib/jvm/jdk-14.0.1/bin/java -jar /lab/itti/projects/checkers-competition/server/referee.jar on run_22_vdhankar_bansalr #####
Move is valid
##### SUCCESS: /usr/lib/jvm/jdk-14.0.1/bin/java -jar /lab/itti/projects/checkers-competition/server/referee.jar on run_22_vdhankar_bansalr #####
INPUT for vdhankar:
GAME
WHITE
215.314357042313
.......b
b...b.b.
.b.b.b.b
b.b...b.
...w.w.w
w.w.w...
...w...w
w.w.w...
##### Running: /usr/bin/time -o time_22_vdhankar_bansalr.txt -f "%U" python3 homework.py > stulog.txt 2>&1 on vdhankar #####
child exited with value 1
##### ERROR: /usr/bin/time -o time_22_vdhankar_bansalr.txt -f "%U" python3 homework.py > stulog.txt 2>&1 on vdhankar #####
##### Output of failed program (stdout + stderr): #####
Traceback (most recent call last):
  File "homework.py", line 546, in <module>
    print(end-start)
NameError: name 'end' is not defined
##### End of output of failed program #####
##### vdhankar plays [E f4 e5] in 1.6297390460968s #####
##### Running: /usr/lib/jvm/jdk-14.0.1/bin/java -jar /lab/itti/projects/checkers-competition/server/referee.jar on run_22_vdhankar_bansalr #####
Move is valid
##### SUCCESS: /usr/lib/jvm/jdk-14.0.1/bin/java -jar /lab/itti/projects/checkers-competition/server/referee.jar on run_22_vdhankar_bansalr #####
INPUT for bansalr:
GAME
BLACK
273.33
.......b
b...b.b.
.b.b.b.b
b.b.w.b.
...w...w
w.w.w...
...w...w
w.w.w...
##### Running: /usr/bin/time -o time_22_vdhankar_bansalr.txt -f "%U" python3 homework.py > stulog.txt 2>&1 on bansalr #####
##### SUCCESS: /usr/bin/time -o time_22_vdhankar_bansalr.txt -f "%U" python3 homework.py > stulog.txt 2>&1 on bansalr #####
##### bansalr plays [J d6 f4] in 3.66s #####
##### Running: /usr/lib/jvm/jdk-14.0.1/bin/java -jar /lab/itti/projects/checkers-competition/server/referee.jar on run_22_vdhankar_bansalr #####
Move is valid
##### SUCCESS: /usr/lib/jvm/jdk-14.0.1/bin/java -jar /lab/itti/projects/checkers-competition/server/referee.jar on run_22_vdhankar_bansalr #####
INPUT for vdhankar:
GAME
WHITE
213.684617996216
.......b
b...b.b.
.b...b.b
b.b...b.
...w.b.w
w.w.w...
...w...w
w.w.w...
##### Running: /usr/bin/time -o time_22_vdhankar_bansalr.txt -f "%U" python3 homework.py > stulog.txt 2>&1 on vdhankar #####
child exited with value 1
##### ERROR: /usr/bin/time -o time_22_vdhankar_bansalr.txt -f "%U" python3 homework.py > stulog.txt 2>&1 on vdhankar #####
##### Output of failed program (stdout + stderr): #####
Traceback (most recent call last):
  File "homework.py", line 546, in <module>
    print(end-start)
NameError: name 'end' is not defined
##### End of output of failed program #####
##### vdhankar plays [E c3 b4] in 1.01683616638184s #####
##### Running: /usr/lib/jvm/jdk-14.0.1/bin/java -jar /lab/itti/projects/checkers-competition/server/referee.jar on run_22_vdhankar_bansalr #####
Move is valid
##### SUCCESS: /usr/lib/jvm/jdk-14.0.1/bin/java -jar /lab/itti/projects/checkers-competition/server/referee.jar on run_22_vdhankar_bansalr #####
INPUT for bansalr:
GAME
BLACK
269.67
.......b
b...b.b.
.b...b.b
b.b...b.
.w.w.b.w
w...w...
...w...w
w.w.w...
##### Running: /usr/bin/time -o time_22_vdhankar_bansalr.txt -f "%U" python3 homework.py > stulog.txt 2>&1 on bansalr #####
##### SUCCESS: /usr/bin/time -o time_22_vdhankar_bansalr.txt -f "%U" python3 homework.py > stulog.txt 2>&1 on bansalr #####
##### bansalr plays [J a5 c3] in 0.64s #####
##### Running: /usr/lib/jvm/jdk-14.0.1/bin/java -jar /lab/itti/projects/checkers-competition/server/referee.jar on run_22_vdhankar_bansalr #####
Move is valid
##### SUCCESS: /usr/lib/jvm/jdk-14.0.1/bin/java -jar /lab/itti/projects/checkers-competition/server/referee.jar on run_22_vdhankar_bansalr #####
INPUT for vdhankar:
GAME
WHITE
212.667781829834
.......b
b...b.b.
.b...b.b
..b...b.
...w.b.w
w.b.w...
...w...w
w.w.w...
##### Running: /usr/bin/time -o time_22_vdhankar_bansalr.txt -f "%U" python3 homework.py > stulog.txt 2>&1 on vdhankar #####
child exited with value 1
##### ERROR: /usr/bin/time -o time_22_vdhankar_bansalr.txt -f "%U" python3 homework.py > stulog.txt 2>&1 on vdhankar #####
##### Output of failed program (stdout + stderr): #####
Traceback (most recent call last):
  File "homework.py", line 546, in <module>
    print(end-start)
NameError: name 'end' is not defined
##### End of output of failed program #####
##### vdhankar plays [J d2 b4 ; J b4 d6 ; J d6 f8] in 0.524216890335083s #####
##### Running: /usr/lib/jvm/jdk-14.0.1/bin/java -jar /lab/itti/projects/checkers-competition/server/referee.jar on run_22_vdhankar_bansalr #####
Move is valid
##### SUCCESS: /usr/lib/jvm/jdk-14.0.1/bin/java -jar /lab/itti/projects/checkers-competition/server/referee.jar on run_22_vdhankar_bansalr #####
INPUT for bansalr:
GAME
BLACK
269.03
.....W.b
b.....b.
.b...b.b
......b.
...w.b.w
w...w...
.......w
w.w.w...
##### Running: /usr/bin/time -o time_22_vdhankar_bansalr.txt -f "%U" python3 homework.py > stulog.txt 2>&1 on bansalr #####
##### SUCCESS: /usr/bin/time -o time_22_vdhankar_bansalr.txt -f "%U" python3 homework.py > stulog.txt 2>&1 on bansalr #####
##### bansalr plays [J f4 d2] in 2.59s #####
##### Running: /usr/lib/jvm/jdk-14.0.1/bin/java -jar /lab/itti/projects/checkers-competition/server/referee.jar on run_22_vdhankar_bansalr #####
Move is valid
##### SUCCESS: /usr/lib/jvm/jdk-14.0.1/bin/java -jar /lab/itti/projects/checkers-competition/server/referee.jar on run_22_vdhankar_bansalr #####
INPUT for vdhankar:
GAME
WHITE
212.143564939499
.....W.b
b.....b.
.b...b.b
......b.
...w...w
w.......
...b...w
w.w.w...
##### Running: /usr/bin/time -o time_22_vdhankar_bansalr.txt -f "%U" python3 homework.py > stulog.txt 2>&1 on vdhankar #####
child exited with value 1
##### ERROR: /usr/bin/time -o time_22_vdhankar_bansalr.txt -f "%U" python3 homework.py > stulog.txt 2>&1 on vdhankar #####
##### Output of failed program (stdout + stderr): #####
Traceback (most recent call last):
  File "homework.py", line 546, in <module>
    print(end-start)
NameError: name 'end' is not defined
##### End of output of failed program #####
##### vdhankar plays [J c1 e3] in 0.9044029712677s #####
##### Running: /usr/lib/jvm/jdk-14.0.1/bin/java -jar /lab/itti/projects/checkers-competition/server/referee.jar on run_22_vdhankar_bansalr #####
Move is valid
##### SUCCESS: /usr/lib/jvm/jdk-14.0.1/bin/java -jar /lab/itti/projects/checkers-competition/server/referee.jar on run_22_vdhankar_bansalr #####
INPUT for bansalr:
GAME
BLACK
266.44
.....W.b
b.....b.
.b...b.b
......b.
...w...w
w...w...
.......w
w...w...
##### Running: /usr/bin/time -o time_22_vdhankar_bansalr.txt -f "%U" python3 homework.py > stulog.txt 2>&1 on bansalr #####
##### SUCCESS: /usr/bin/time -o time_22_vdhankar_bansalr.txt -f "%U" python3 homework.py > stulog.txt 2>&1 on bansalr #####
##### bansalr plays [E b6 a5] in 3.93s #####
##### Running: /usr/lib/jvm/jdk-14.0.1/bin/java -jar /lab/itti/projects/checkers-competition/server/referee.jar on run_22_vdhankar_bansalr #####
Move is valid
##### SUCCESS: /usr/lib/jvm/jdk-14.0.1/bin/java -jar /lab/itti/projects/checkers-competition/server/referee.jar on run_22_vdhankar_bansalr #####
INPUT for vdhankar:
GAME
WHITE
211.239161968231
.....W.b
b.....b.
.....b.b
b.....b.
...w...w
w...w...
.......w
w...w...
##### Running: /usr/bin/time -o time_22_vdhankar_bansalr.txt -f "%U" python3 homework.py > stulog.txt 2>&1 on vdhankar #####
child exited with value 1
##### ERROR: /usr/bin/time -o time_22_vdhankar_bansalr.txt -f "%U" python3 homework.py > stulog.txt 2>&1 on vdhankar #####
##### Output of failed program (stdout + stderr): #####
Traceback (most recent call last):
  File "homework.py", line 546, in <module>
    print(end-start)
NameError: name 'end' is not defined
##### End of output of failed program #####
##### vdhankar plays [E f8 e7] in 1.59368014335632s #####
##### Running: /usr/lib/jvm/jdk-14.0.1/bin/java -jar /lab/itti/projects/checkers-competition/server/referee.jar on run_22_vdhankar_bansalr #####
Move is valid
##### SUCCESS: /usr/lib/jvm/jdk-14.0.1/bin/java -jar /lab/itti/projects/checkers-competition/server/referee.jar on run_22_vdhankar_bansalr #####
INPUT for bansalr:
GAME
BLACK
262.51
.......b
b...W.b.
.....b.b
b.....b.
...w...w
w...w...
.......w
w...w...
##### Running: /usr/bin/time -o time_22_vdhankar_bansalr.txt -f "%U" python3 homework.py > stulog.txt 2>&1 on bansalr #####
##### SUCCESS: /usr/bin/time -o time_22_vdhankar_bansalr.txt -f "%U" python3 homework.py > stulog.txt 2>&1 on bansalr #####
##### bansalr plays [E a7 b6] in 3.85s #####
##### Running: /usr/lib/jvm/jdk-14.0.1/bin/java -jar /lab/itti/projects/checkers-competition/server/referee.jar on run_22_vdhankar_bansalr #####
Move is valid
##### SUCCESS: /usr/lib/jvm/jdk-14.0.1/bin/java -jar /lab/itti/projects/checkers-competition/server/referee.jar on run_22_vdhankar_bansalr #####
INPUT for vdhankar:
GAME
WHITE
209.645481824875
.......b
....W.b.
.b...b.b
b.....b.
...w...w
w...w...
.......w
w...w...
##### Running: /usr/bin/time -o time_22_vdhankar_bansalr.txt -f "%U" python3 homework.py > stulog.txt 2>&1 on vdhankar #####
child exited with value 1
##### ERROR: /usr/bin/time -o time_22_vdhankar_bansalr.txt -f "%U" python3 homework.py > stulog.txt 2>&1 on vdhankar #####
##### Output of failed program (stdout + stderr): #####
Traceback (most recent call last):
  File "homework.py", line 546, in <module>
    print(end-start)
NameError: name 'end' is not defined
##### End of output of failed program #####
##### vdhankar plays [E e7 d6] in 0.909162044525146s #####
##### Running: /usr/lib/jvm/jdk-14.0.1/bin/java -jar /lab/itti/projects/checkers-competition/server/referee.jar on run_22_vdhankar_bansalr #####
Move is valid
##### SUCCESS: /usr/lib/jvm/jdk-14.0.1/bin/java -jar /lab/itti/projects/checkers-competition/server/referee.jar on run_22_vdhankar_bansalr #####
INPUT for bansalr:
GAME
BLACK
258.66
.......b
......b.
.b.W.b.b
b.....b.
...w...w
w...w...
.......w
w...w...
##### Running: /usr/bin/time -o time_22_vdhankar_bansalr.txt -f "%U" python3 homework.py > stulog.txt 2>&1 on bansalr #####
##### SUCCESS: /usr/bin/time -o time_22_vdhankar_bansalr.txt -f "%U" python3 homework.py > stulog.txt 2>&1 on bansalr #####
##### bansalr plays [E f6 e5] in 3.83s #####
##### Running: /usr/lib/jvm/jdk-14.0.1/bin/java -jar /lab/itti/projects/checkers-competition/server/referee.jar on run_22_vdhankar_bansalr #####
Move is valid
##### SUCCESS: /usr/lib/jvm/jdk-14.0.1/bin/java -jar /lab/itti/projects/checkers-competition/server/referee.jar on run_22_vdhankar_bansalr #####
INPUT for vdhankar:
GAME
WHITE
208.73631978035
.......b
......b.
.b.W...b
b...b.b.
...w...w
w...w...
.......w
w...w...
##### Running: /usr/bin/time -o time_22_vdhankar_bansalr.txt -f "%U" python3 homework.py > stulog.txt 2>&1 on vdhankar #####
child exited with value 1
##### ERROR: /usr/bin/time -o time_22_vdhankar_bansalr.txt -f "%U" python3 homework.py > stulog.txt 2>&1 on vdhankar #####
##### Output of failed program (stdout + stderr): #####
Traceback (most recent call last):
  File "homework.py", line 546, in <module>
    print(end-start)
NameError: name 'end' is not defined
##### End of output of failed program #####
##### vdhankar plays [J d6 f4] in 0.843641996383667s #####
##### Running: /usr/lib/jvm/jdk-14.0.1/bin/java -jar /lab/itti/projects/checkers-competition/server/referee.jar on run_22_vdhankar_bansalr #####
Move is valid
##### SUCCESS: /usr/lib/jvm/jdk-14.0.1/bin/java -jar /lab/itti/projects/checkers-competition/server/referee.jar on run_22_vdhankar_bansalr #####
INPUT for bansalr:
GAME
BLACK
254.83
.......b
......b.
.b.....b
b.....b.
...w.W.w
w...w...
.......w
w...w...
##### Running: /usr/bin/time -o time_22_vdhankar_bansalr.txt -f "%U" python3 homework.py > stulog.txt 2>&1 on bansalr #####
##### SUCCESS: /usr/bin/time -o time_22_vdhankar_bansalr.txt -f "%U" python3 homework.py > stulog.txt 2>&1 on bansalr #####
##### bansalr plays [E g7 f6] in 4.05s #####
##### Running: /usr/lib/jvm/jdk-14.0.1/bin/java -jar /lab/itti/projects/checkers-competition/server/referee.jar on run_22_vdhankar_bansalr #####
Move is valid
##### SUCCESS: /usr/lib/jvm/jdk-14.0.1/bin/java -jar /lab/itti/projects/checkers-competition/server/referee.jar on run_22_vdhankar_bansalr #####
INPUT for vdhankar:
GAME
WHITE
207.892677783966
.......b
........
.b...b.b
b.....b.
...w.W.w
w...w...
.......w
w...w...
##### Running: /usr/bin/time -o time_22_vdhankar_bansalr.txt -f "%U" python3 homework.py > stulog.txt 2>&1 on vdhankar #####
child exited with value 1
##### ERROR: /usr/bin/time -o time_22_vdhankar_bansalr.txt -f "%U" python3 homework.py > stulog.txt 2>&1 on vdhankar #####
##### Output of failed program (stdout + stderr): #####
Traceback (most recent call last):
  File "homework.py", line 546, in <module>
    print(end-start)
NameError: name 'end' is not defined
##### End of output of failed program #####
##### vdhankar plays [E e1 f2] in 1.54285001754761s #####
##### Running: /usr/lib/jvm/jdk-14.0.1/bin/java -jar /lab/itti/projects/checkers-competition/server/referee.jar on run_22_vdhankar_bansalr #####
Move is valid
##### SUCCESS: /usr/lib/jvm/jdk-14.0.1/bin/java -jar /lab/itti/projects/checkers-competition/server/referee.jar on run_22_vdhankar_bansalr #####
INPUT for bansalr:
GAME
BLACK
250.78
.......b
........
.b...b.b
b.....b.
...w.W.w
w...w...
.....w.w
w.......
##### Running: /usr/bin/time -o time_22_vdhankar_bansalr.txt -f "%U" python3 homework.py > stulog.txt 2>&1 on bansalr #####
##### SUCCESS: /usr/bin/time -o time_22_vdhankar_bansalr.txt -f "%U" python3 homework.py > stulog.txt 2>&1 on bansalr #####
##### bansalr plays [E b6 c5] in 3.22s #####
##### Running: /usr/lib/jvm/jdk-14.0.1/bin/java -jar /lab/itti/projects/checkers-competition/server/referee.jar on run_22_vdhankar_bansalr #####
Move is valid
##### SUCCESS: /usr/lib/jvm/jdk-14.0.1/bin/java -jar /lab/itti/projects/checkers-competition/server/referee.jar on run_22_vdhankar_bansalr #####
INPUT for vdhankar:
GAME
WHITE
206.349827766418
.......b
........
.....b.b
b.b...b.
...w.W.w
w...w...
.....w.w
w.......
##### Running: /usr/bin/time -o time_22_vdhankar_bansalr.txt -f "%U" python3 homework.py > stulog.txt 2>&1 on vdhankar #####
child exited with value 1
##### ERROR: /usr/bin/time -o time_22_vdhankar_bansalr.txt -f "%U" python3 homework.py > stulog.txt 2>&1 on vdhankar #####
##### Output of failed program (stdout + stderr): #####
Traceback (most recent call last):
  File "homework.py", line 546, in <module>
    print(end-start)
NameError: name 'end' is not defined
##### End of output of failed program #####
##### vdhankar plays [J d4 b6] in 0.649893045425415s #####
##### Running: /usr/lib/jvm/jdk-14.0.1/bin/java -jar /lab/itti/projects/checkers-competition/server/referee.jar on run_22_vdhankar_bansalr #####
Move is valid
##### SUCCESS: /usr/lib/jvm/jdk-14.0.1/bin/java -jar /lab/itti/projects/checkers-competition/server/referee.jar on run_22_vdhankar_bansalr #####
INPUT for bansalr:
GAME
BLACK
247.56
.......b
........
.w...b.b
b.....b.
.....W.w
w...w...
.....w.w
w.......
##### Running: /usr/bin/time -o time_22_vdhankar_bansalr.txt -f "%U" python3 homework.py > stulog.txt 2>&1 on bansalr #####
##### SUCCESS: /usr/bin/time -o time_22_vdhankar_bansalr.txt -f "%U" python3 homework.py > stulog.txt 2>&1 on bansalr #####
##### bansalr plays [E f6 e5] in 3.73s #####
##### Running: /usr/lib/jvm/jdk-14.0.1/bin/java -jar /lab/itti/projects/checkers-competition/server/referee.jar on run_22_vdhankar_bansalr #####
Move is valid
##### SUCCESS: /usr/lib/jvm/jdk-14.0.1/bin/java -jar /lab/itti/projects/checkers-competition/server/referee.jar on run_22_vdhankar_bansalr #####
INPUT for vdhankar:
GAME
WHITE
205.699934720993
.......b
........
.w.....b
b...b.b.
.....W.w
w...w...
.....w.w
w.......
##### Running: /usr/bin/time -o time_22_vdhankar_bansalr.txt -f "%U" python3 homework.py > stulog.txt 2>&1 on vdhankar #####
child exited with value 1
##### ERROR: /usr/bin/time -o time_22_vdhankar_bansalr.txt -f "%U" python3 homework.py > stulog.txt 2>&1 on vdhankar #####
##### Output of failed program (stdout + stderr): #####
Traceback (most recent call last):
  File "homework.py", line 546, in <module>
    print(end-start)
NameError: name 'end' is not defined
##### End of output of failed program #####
##### vdhankar plays [J f4 d6] in 0.984886884689331s #####
##### Running: /usr/lib/jvm/jdk-14.0.1/bin/java -jar /lab/itti/projects/checkers-competition/server/referee.jar on run_22_vdhankar_bansalr #####
Move is valid
##### SUCCESS: /usr/lib/jvm/jdk-14.0.1/bin/java -jar /lab/itti/projects/checkers-competition/server/referee.jar on run_22_vdhankar_bansalr #####
INPUT for bansalr:
GAME
BLACK
243.83
.......b
........
.w.W...b
b.....b.
.......w
w...w...
.....w.w
w.......
##### Running: /usr/bin/time -o time_22_vdhankar_bansalr.txt -f "%U" python3 homework.py > stulog.txt 2>&1 on bansalr #####
##### SUCCESS: /usr/bin/time -o time_22_vdhankar_bansalr.txt -f "%U" python3 homework.py > stulog.txt 2>&1 on bansalr #####
##### bansalr plays [E a5 b4] in 4s #####
##### Running: /usr/lib/jvm/jdk-14.0.1/bin/java -jar /lab/itti/projects/checkers-competition/server/referee.jar on run_22_vdhankar_bansalr #####
Move is valid
##### SUCCESS: /usr/lib/jvm/jdk-14.0.1/bin/java -jar /lab/itti/projects/checkers-competition/server/referee.jar on run_22_vdhankar_bansalr #####
INPUT for vdhankar:
GAME
WHITE
204.715047836304
.......b
........
.w.W...b
......b.
.b.....w
w...w...
.....w.w
w.......
##### Running: /usr/bin/time -o time_22_vdhankar_bansalr.txt -f "%U" python3 homework.py > stulog.txt 2>&1 on vdhankar #####
child exited with value 1
##### ERROR: /usr/bin/time -o time_22_vdhankar_bansalr.txt -f "%U" python3 homework.py > stulog.txt 2>&1 on vdhankar #####
##### Output of failed program (stdout + stderr): #####
Traceback (most recent call last):
  File "homework.py", line 546, in <module>
    print(end-start)
NameError: name 'end' is not defined
##### End of output of failed program #####
##### vdhankar plays [J a3 c5] in 5.62413811683655s #####
##### Running: /usr/lib/jvm/jdk-14.0.1/bin/java -jar /lab/itti/projects/checkers-competition/server/referee.jar on run_22_vdhankar_bansalr #####
Move is valid
##### SUCCESS: /usr/lib/jvm/jdk-14.0.1/bin/java -jar /lab/itti/projects/checkers-competition/server/referee.jar on run_22_vdhankar_bansalr #####
INPUT for bansalr:
GAME
BLACK
239.83
.......b
........
.w.W...b
..w...b.
.......w
....w...
.....w.w
w.......
##### Running: /usr/bin/time -o time_22_vdhankar_bansalr.txt -f "%U" python3 homework.py > stulog.txt 2>&1 on bansalr #####
##### SUCCESS: /usr/bin/time -o time_22_vdhankar_bansalr.txt -f "%U" python3 homework.py > stulog.txt 2>&1 on bansalr #####
##### bansalr plays [E g5 f4] in 1.7s #####
##### Running: /usr/lib/jvm/jdk-14.0.1/bin/java -jar /lab/itti/projects/checkers-competition/server/referee.jar on run_22_vdhankar_bansalr #####
Move is valid
##### SUCCESS: /usr/lib/jvm/jdk-14.0.1/bin/java -jar /lab/itti/projects/checkers-competition/server/referee.jar on run_22_vdhankar_bansalr #####
INPUT for vdhankar:
GAME
WHITE
199.090909719467
.......b
........
.w.W...b
..w.....
.....b.w
....w...
.....w.w
w.......
##### Running: /usr/bin/time -o time_22_vdhankar_bansalr.txt -f "%U" python3 homework.py > stulog.txt 2>&1 on vdhankar #####
child exited with value 1
##### ERROR: /usr/bin/time -o time_22_vdhankar_bansalr.txt -f "%U" python3 homework.py > stulog.txt 2>&1 on vdhankar #####
##### Output of failed program (stdout + stderr): #####
Traceback (most recent call last):
  File "homework.py", line 546, in <module>
    print(end-start)
NameError: name 'end' is not defined
##### End of output of failed program #####
##### vdhankar plays [J e3 g5] in 0.736398935317993s #####
##### Running: /usr/lib/jvm/jdk-14.0.1/bin/java -jar /lab/itti/projects/checkers-competition/server/referee.jar on run_22_vdhankar_bansalr #####
Move is valid
##### SUCCESS: /usr/lib/jvm/jdk-14.0.1/bin/java -jar /lab/itti/projects/checkers-competition/server/referee.jar on run_22_vdhankar_bansalr #####
INPUT for bansalr:
GAME
BLACK
238.13
.......b
........
.w.W...b
..w...w.
.......w
........
.....w.w
w.......
##### Running: /usr/bin/time -o time_22_vdhankar_bansalr.txt -f "%U" python3 homework.py > stulog.txt 2>&1 on bansalr #####
##### SUCCESS: /usr/bin/time -o time_22_vdhankar_bansalr.txt -f "%U" python3 homework.py > stulog.txt 2>&1 on bansalr #####
##### bansalr plays [J h6 f4] in 4.22s #####
##### Running: /usr/lib/jvm/jdk-14.0.1/bin/java -jar /lab/itti/projects/checkers-competition/server/referee.jar on run_22_vdhankar_bansalr #####
Move is valid
##### SUCCESS: /usr/lib/jvm/jdk-14.0.1/bin/java -jar /lab/itti/projects/checkers-competition/server/referee.jar on run_22_vdhankar_bansalr #####
INPUT for vdhankar:
GAME
WHITE
198.354510784149
.......b
........
.w.W....
..w.....
.....b.w
........
.....w.w
w.......
##### Running: /usr/bin/time -o time_22_vdhankar_bansalr.txt -f "%U" python3 homework.py > stulog.txt 2>&1 on vdhankar #####
child exited with value 1
##### ERROR: /usr/bin/time -o time_22_vdhankar_bansalr.txt -f "%U" python3 homework.py > stulog.txt 2>&1 on vdhankar #####
##### Output of failed program (stdout + stderr): #####
Traceback (most recent call last):
  File "homework.py", line 546, in <module>
    print(end-start)
NameError: name 'end' is not defined
##### End of output of failed program #####
##### vdhankar plays [E d6 e5] in 2.13858699798584s #####
##### Running: /usr/lib/jvm/jdk-14.0.1/bin/java -jar /lab/itti/projects/checkers-competition/server/referee.jar on run_22_vdhankar_bansalr #####
Move is valid
##### SUCCESS: /usr/lib/jvm/jdk-14.0.1/bin/java -jar /lab/itti/projects/checkers-competition/server/referee.jar on run_22_vdhankar_bansalr #####
INPUT for bansalr:
GAME
BLACK
233.91
.......b
........
.w......
..w.W...
.....b.w
........
.....w.w
w.......
##### Running: /usr/bin/time -o time_22_vdhankar_bansalr.txt -f "%U" python3 homework.py > stulog.txt 2>&1 on bansalr #####
##### SUCCESS: /usr/bin/time -o time_22_vdhankar_bansalr.txt -f "%U" python3 homework.py > stulog.txt 2>&1 on bansalr #####
##### bansalr plays [E h8 g7] in 0.78s #####
##### Running: /usr/lib/jvm/jdk-14.0.1/bin/java -jar /lab/itti/projects/checkers-competition/server/referee.jar on run_22_vdhankar_bansalr #####
Move is valid
##### SUCCESS: /usr/lib/jvm/jdk-14.0.1/bin/java -jar /lab/itti/projects/checkers-competition/server/referee.jar on run_22_vdhankar_bansalr #####
INPUT for vdhankar:
GAME
WHITE
196.215923786163
........
......b.
.w......
..w.W...
.....b.w
........
.....w.w
w.......
##### Running: /usr/bin/time -o time_22_vdhankar_bansalr.txt -f "%U" python3 homework.py > stulog.txt 2>&1 on vdhankar #####
child exited with value 1
##### ERROR: /usr/bin/time -o time_22_vdhankar_bansalr.txt -f "%U" python3 homework.py > stulog.txt 2>&1 on vdhankar #####
##### Output of failed program (stdout + stderr): #####
Traceback (most recent call last):
  File "homework.py", line 546, in <module>
    print(end-start)
NameError: name 'end' is not defined
##### End of output of failed program #####
##### vdhankar plays [J e5 g3] in 0.484414100646973s #####
##### Running: /usr/lib/jvm/jdk-14.0.1/bin/java -jar /lab/itti/projects/checkers-competition/server/referee.jar on run_22_vdhankar_bansalr #####
Move is valid
##### SUCCESS: /usr/lib/jvm/jdk-14.0.1/bin/java -jar /lab/itti/projects/checkers-competition/server/referee.jar on run_22_vdhankar_bansalr #####
INPUT for bansalr:
GAME
BLACK
233.13
........
......b.
.w......
..w.....
.......w
......W.
.....w.w
w.......
##### Running: /usr/bin/time -o time_22_vdhankar_bansalr.txt -f "%U" python3 homework.py > stulog.txt 2>&1 on bansalr #####
##### SUCCESS: /usr/bin/time -o time_22_vdhankar_bansalr.txt -f "%U" python3 homework.py > stulog.txt 2>&1 on bansalr #####
##### bansalr plays [E g7 f6] in 2.55s #####
##### Running: /usr/lib/jvm/jdk-14.0.1/bin/java -jar /lab/itti/projects/checkers-competition/server/referee.jar on run_22_vdhankar_bansalr #####
Move is valid
##### SUCCESS: /usr/lib/jvm/jdk-14.0.1/bin/java -jar /lab/itti/projects/checkers-competition/server/referee.jar on run_22_vdhankar_bansalr #####
INPUT for vdhankar:
GAME
WHITE
195.731509685516
........
........
.w...b..
..w.....
.......w
......W.
.....w.w
w.......
##### Running: /usr/bin/time -o time_22_vdhankar_bansalr.txt -f "%U" python3 homework.py > stulog.txt 2>&1 on vdhankar #####
child exited with value 1
##### ERROR: /usr/bin/time -o time_22_vdhankar_bansalr.txt -f "%U" python3 homework.py > stulog.txt 2>&1 on vdhankar #####
##### Output of failed program (stdout + stderr): #####
Traceback (most recent call last):
  File "homework.py", line 546, in <module>
    print(end-start)
NameError: name 'end' is not defined
##### End of output of failed program #####
##### vdhankar plays [E b6 a7] in 0.501462936401367s #####
##### Running: /usr/lib/jvm/jdk-14.0.1/bin/java -jar /lab/itti/projects/checkers-competition/server/referee.jar on run_22_vdhankar_bansalr #####
Move is valid
##### SUCCESS: /usr/lib/jvm/jdk-14.0.1/bin/java -jar /lab/itti/projects/checkers-competition/server/referee.jar on run_22_vdhankar_bansalr #####
INPUT for bansalr:
GAME
BLACK
230.58
........
w.......
.....b..
..w.....
.......w
......W.
.....w.w
w.......
##### Running: /usr/bin/time -o time_22_vdhankar_bansalr.txt -f "%U" python3 homework.py > stulog.txt 2>&1 on bansalr #####
##### SUCCESS: /usr/bin/time -o time_22_vdhankar_bansalr.txt -f "%U" python3 homework.py > stulog.txt 2>&1 on bansalr #####
##### bansalr plays [E f6 e5] in 2.35s #####
##### Running: /usr/lib/jvm/jdk-14.0.1/bin/java -jar /lab/itti/projects/checkers-competition/server/referee.jar on run_22_vdhankar_bansalr #####
Move is valid
##### SUCCESS: /usr/lib/jvm/jdk-14.0.1/bin/java -jar /lab/itti/projects/checkers-competition/server/referee.jar on run_22_vdhankar_bansalr #####
INPUT for vdhankar:
GAME
WHITE
195.230046749115
........
w.......
........
..w.b...
.......w
......W.
.....w.w
w.......
##### Running: /usr/bin/time -o time_22_vdhankar_bansalr.txt -f "%U" python3 homework.py > stulog.txt 2>&1 on vdhankar #####
child exited with value 1
##### ERROR: /usr/bin/time -o time_22_vdhankar_bansalr.txt -f "%U" python3 homework.py > stulog.txt 2>&1 on vdhankar #####
##### Output of failed program (stdout + stderr): #####
Traceback (most recent call last):
  File "homework.py", line 546, in <module>
    print(end-start)
NameError: name 'end' is not defined
##### End of output of failed program #####
##### vdhankar plays [E a7 b8] in 0.584100008010864s #####
##### Running: /usr/lib/jvm/jdk-14.0.1/bin/java -jar /lab/itti/projects/checkers-competition/server/referee.jar on run_22_vdhankar_bansalr #####
Move is valid
##### SUCCESS: /usr/lib/jvm/jdk-14.0.1/bin/java -jar /lab/itti/projects/checkers-competition/server/referee.jar on run_22_vdhankar_bansalr #####
INPUT for bansalr:
GAME
BLACK
228.23
.W......
........
........
..w.b...
.......w
......W.
.....w.w
w.......
##### Running: /usr/bin/time -o time_22_vdhankar_bansalr.txt -f "%U" python3 homework.py > stulog.txt 2>&1 on bansalr #####
##### SUCCESS: /usr/bin/time -o time_22_vdhankar_bansalr.txt -f "%U" python3 homework.py > stulog.txt 2>&1 on bansalr #####
##### bansalr plays [E e5 d4] in 3.26s #####
##### Running: /usr/lib/jvm/jdk-14.0.1/bin/java -jar /lab/itti/projects/checkers-competition/server/referee.jar on run_22_vdhankar_bansalr #####
Move is valid
##### SUCCESS: /usr/lib/jvm/jdk-14.0.1/bin/java -jar /lab/itti/projects/checkers-competition/server/referee.jar on run_22_vdhankar_bansalr #####
INPUT for vdhankar:
GAME
WHITE
194.645946741104
.W......
........
........
..w.....
...b...w
......W.
.....w.w
w.......
##### Running: /usr/bin/time -o time_22_vdhankar_bansalr.txt -f "%U" python3 homework.py > stulog.txt 2>&1 on vdhankar #####
child exited with value 1
##### ERROR: /usr/bin/time -o time_22_vdhankar_bansalr.txt -f "%U" python3 homework.py > stulog.txt 2>&1 on vdhankar #####
##### Output of failed program (stdout + stderr): #####
Traceback (most recent call last):
  File "homework.py", line 546, in <module>
    print(end-start)
NameError: name 'end' is not defined
##### End of output of failed program #####
##### vdhankar plays [E g3 f4] in 2.93910002708435s #####
##### Running: /usr/lib/jvm/jdk-14.0.1/bin/java -jar /lab/itti/projects/checkers-competition/server/referee.jar on run_22_vdhankar_bansalr #####
Move is valid
##### SUCCESS: /usr/lib/jvm/jdk-14.0.1/bin/java -jar /lab/itti/projects/checkers-competition/server/referee.jar on run_22_vdhankar_bansalr #####
INPUT for bansalr:
GAME
BLACK
224.97
.W......
........
........
..w.....
...b.W.w
........
.....w.w
w.......
##### Running: /usr/bin/time -o time_22_vdhankar_bansalr.txt -f "%U" python3 homework.py > stulog.txt 2>&1 on bansalr #####
##### SUCCESS: /usr/bin/time -o time_22_vdhankar_bansalr.txt -f "%U" python3 homework.py > stulog.txt 2>&1 on bansalr #####
##### bansalr plays [E d4 c3] in 4.29s #####
##### Running: /usr/lib/jvm/jdk-14.0.1/bin/java -jar /lab/itti/projects/checkers-competition/server/referee.jar on run_22_vdhankar_bansalr #####
Move is valid
##### SUCCESS: /usr/lib/jvm/jdk-14.0.1/bin/java -jar /lab/itti/projects/checkers-competition/server/referee.jar on run_22_vdhankar_bansalr #####
INPUT for vdhankar:
GAME
WHITE
191.70684671402
.W......
........
........
..w.....
.....W.w
..b.....
.....w.w
w.......
##### Running: /usr/bin/time -o time_22_vdhankar_bansalr.txt -f "%U" python3 homework.py > stulog.txt 2>&1 on vdhankar #####
child exited with value 1
##### ERROR: /usr/bin/time -o time_22_vdhankar_bansalr.txt -f "%U" python3 homework.py > stulog.txt 2>&1 on vdhankar #####
##### Output of failed program (stdout + stderr): #####
Traceback (most recent call last):
  File "homework.py", line 546, in <module>
    print(end-start)
NameError: name 'end' is not defined
##### End of output of failed program #####
##### vdhankar plays [E b8 a7] in 0.425997018814087s #####
##### Running: /usr/lib/jvm/jdk-14.0.1/bin/java -jar /lab/itti/projects/checkers-competition/server/referee.jar on run_22_vdhankar_bansalr #####
Move is valid
##### SUCCESS: /usr/lib/jvm/jdk-14.0.1/bin/java -jar /lab/itti/projects/checkers-competition/server/referee.jar on run_22_vdhankar_bansalr #####
INPUT for bansalr:
GAME
BLACK
220.68
........
W.......
........
..w.....
.....W.w
..b.....
.....w.w
w.......
##### Running: /usr/bin/time -o time_22_vdhankar_bansalr.txt -f "%U" python3 homework.py > stulog.txt 2>&1 on bansalr #####
##### SUCCESS: /usr/bin/time -o time_22_vdhankar_bansalr.txt -f "%U" python3 homework.py > stulog.txt 2>&1 on bansalr #####
##### bansalr plays [E c3 b2] in 1.6s #####
##### Running: /usr/lib/jvm/jdk-14.0.1/bin/java -jar /lab/itti/projects/checkers-competition/server/referee.jar on run_22_vdhankar_bansalr #####
Move is valid
##### SUCCESS: /usr/lib/jvm/jdk-14.0.1/bin/java -jar /lab/itti/projects/checkers-competition/server/referee.jar on run_22_vdhankar_bansalr #####
INPUT for vdhankar:
GAME
WHITE
191.280849695206
........
W.......
........
..w.....
.....W.w
........
.b...w.w
w.......
##### Running: /usr/bin/time -o time_22_vdhankar_bansalr.txt -f "%U" python3 homework.py > stulog.txt 2>&1 on vdhankar #####
child exited with value 1
##### ERROR: /usr/bin/time -o time_22_vdhankar_bansalr.txt -f "%U" python3 homework.py > stulog.txt 2>&1 on vdhankar #####
##### Output of failed program (stdout + stderr): #####
Traceback (most recent call last):
  File "homework.py", line 546, in <module>
    print(end-start)
NameError: name 'end' is not defined
##### End of output of failed program #####
##### vdhankar plays [J a1 c3] in 0.336817979812622s #####
##### Running: /usr/lib/jvm/jdk-14.0.1/bin/java -jar /lab/itti/projects/checkers-competition/server/referee.jar on run_22_vdhankar_bansalr #####
Move is valid
After this move, player BLACK cannot make any moves
*** Winner: WHITE ***
##### SUCCESS: /usr/lib/jvm/jdk-14.0.1/bin/java -jar /lab/itti/projects/checkers-competition/server/referee.jar on run_22_vdhankar_bansalr #####
##### GAME OVER: vdhankar wins the game! #####
Server said: WIN
########## ROUND 22 GAMESCORE AFTER GAME 3: vdhankar=2 and bansalr=1 ##########
#################### ROUND 22: vdhankar (B) vs bansalr (W): game 4 ####################
##### game start! #####
INPUT for vdhankar:
GAME
BLACK
300
.b.b.b.b
b.b.b.b.
.b.b.b.b
........
........
w.w.w.w.
.w.w.w.w
w.w.w.w.
##### Running: /usr/bin/time -o time_22_vdhankar_bansalr.txt -f "%U" python3 homework.py > stulog.txt 2>&1 on vdhankar #####
child exited with value 1
##### ERROR: /usr/bin/time -o time_22_vdhankar_bansalr.txt -f "%U" python3 homework.py > stulog.txt 2>&1 on vdhankar #####
##### Output of failed program (stdout + stderr): #####
Traceback (most recent call last):
  File "homework.py", line 546, in <module>
    print(end-start)
NameError: name 'end' is not defined
##### End of output of failed program #####
##### vdhankar plays [E h6 g5] in 11.0656509399414s #####
##### Running: /usr/lib/jvm/jdk-14.0.1/bin/java -jar /lab/itti/projects/checkers-competition/server/referee.jar on run_22_vdhankar_bansalr #####
Move is valid
Couldn't read file 'current_ply.txt'
Couldn't read content from file 'current_ply.txt'
Couldn't read file 'lastmatchange_ply.txt'
Couldn't read content from file 'lastmatchange_ply.txt'
##### SUCCESS: /usr/lib/jvm/jdk-14.0.1/bin/java -jar /lab/itti/projects/checkers-competition/server/referee.jar on run_22_vdhankar_bansalr #####
INPUT for bansalr:
GAME
WHITE
300
.b.b.b.b
b.b.b.b.
.b.b.b..
......b.
........
w.w.w.w.
.w.w.w.w
w.w.w.w.
##### Running: /usr/bin/time -o time_22_vdhankar_bansalr.txt -f "%U" python3 homework.py > stulog.txt 2>&1 on bansalr #####
##### SUCCESS: /usr/bin/time -o time_22_vdhankar_bansalr.txt -f "%U" python3 homework.py > stulog.txt 2>&1 on bansalr #####
##### bansalr plays [E c3 d4] in 0.07s #####
##### Running: /usr/lib/jvm/jdk-14.0.1/bin/java -jar /lab/itti/projects/checkers-competition/server/referee.jar on run_22_vdhankar_bansalr #####
Move is valid
##### SUCCESS: /usr/lib/jvm/jdk-14.0.1/bin/java -jar /lab/itti/projects/checkers-competition/server/referee.jar on run_22_vdhankar_bansalr #####
INPUT for vdhankar:
GAME
BLACK
288.934349060059
.b.b.b.b
b.b.b.b.
.b.b.b..
......b.
...w....
w...w.w.
.w.w.w.w
w.w.w.w.
##### Running: /usr/bin/time -o time_22_vdhankar_bansalr.txt -f "%U" python3 homework.py > stulog.txt 2>&1 on vdhankar #####
child exited with value 1
##### ERROR: /usr/bin/time -o time_22_vdhankar_bansalr.txt -f "%U" python3 homework.py > stulog.txt 2>&1 on vdhankar #####
##### Output of failed program (stdout + stderr): #####
Traceback (most recent call last):
  File "homework.py", line 546, in <module>
    print(end-start)
NameError: name 'end' is not defined
##### End of output of failed program #####
##### vdhankar plays [E g5 h4] in 6.11490392684937s #####
##### Running: /usr/lib/jvm/jdk-14.0.1/bin/java -jar /lab/itti/projects/checkers-competition/server/referee.jar on run_22_vdhankar_bansalr #####
Move is valid
##### SUCCESS: /usr/lib/jvm/jdk-14.0.1/bin/java -jar /lab/itti/projects/checkers-competition/server/referee.jar on run_22_vdhankar_bansalr #####
INPUT for bansalr:
GAME
WHITE
299.93
.b.b.b.b
b.b.b.b.
.b.b.b..
........
...w...b
w...w.w.
.w.w.w.w
w.w.w.w.
##### Running: /usr/bin/time -o time_22_vdhankar_bansalr.txt -f "%U" python3 homework.py > stulog.txt 2>&1 on bansalr #####
##### SUCCESS: /usr/bin/time -o time_22_vdhankar_bansalr.txt -f "%U" python3 homework.py > stulog.txt 2>&1 on bansalr #####
##### bansalr plays [E b2 c3] in 0.06s #####
##### Running: /usr/lib/jvm/jdk-14.0.1/bin/java -jar /lab/itti/projects/checkers-competition/server/referee.jar on run_22_vdhankar_bansalr #####
Move is valid
##### SUCCESS: /usr/lib/jvm/jdk-14.0.1/bin/java -jar /lab/itti/projects/checkers-competition/server/referee.jar on run_22_vdhankar_bansalr #####
INPUT for vdhankar:
GAME
BLACK
282.819445133209
.b.b.b.b
b.b.b.b.
.b.b.b..
........
...w...b
w.w.w.w.
...w.w.w
w.w.w.w.
##### Running: /usr/bin/time -o time_22_vdhankar_bansalr.txt -f "%U" python3 homework.py > stulog.txt 2>&1 on vdhankar #####
child exited with value 1
##### ERROR: /usr/bin/time -o time_22_vdhankar_bansalr.txt -f "%U" python3 homework.py > stulog.txt 2>&1 on vdhankar #####
##### Output of failed program (stdout + stderr): #####
Traceback (most recent call last):
  File "homework.py", line 546, in <module>
    print(end-start)
NameError: name 'end' is not defined
##### End of output of failed program #####
##### vdhankar plays [E f6 g5] in 8.03976488113403s #####
##### Running: /usr/lib/jvm/jdk-14.0.1/bin/java -jar /lab/itti/projects/checkers-competition/server/referee.jar on run_22_vdhankar_bansalr #####
Move is valid
##### SUCCESS: /usr/lib/jvm/jdk-14.0.1/bin/java -jar /lab/itti/projects/checkers-competition/server/referee.jar on run_22_vdhankar_bansalr #####
INPUT for bansalr:
GAME
WHITE
299.87
.b.b.b.b
b.b.b.b.
.b.b....
......b.
...w...b
w.w.w.w.
...w.w.w
w.w.w.w.
##### Running: /usr/bin/time -o time_22_vdhankar_bansalr.txt -f "%U" python3 homework.py > stulog.txt 2>&1 on bansalr #####
##### SUCCESS: /usr/bin/time -o time_22_vdhankar_bansalr.txt -f "%U" python3 homework.py > stulog.txt 2>&1 on bansalr #####
##### bansalr plays [E d4 e5] in 0.07s #####
##### Running: /usr/lib/jvm/jdk-14.0.1/bin/java -jar /lab/itti/projects/checkers-competition/server/referee.jar on run_22_vdhankar_bansalr #####
Move is valid
##### SUCCESS: /usr/lib/jvm/jdk-14.0.1/bin/java -jar /lab/itti/projects/checkers-competition/server/referee.jar on run_22_vdhankar_bansalr #####
INPUT for vdhankar:
GAME
BLACK
274.779680252075
.b.b.b.b
b.b.b.b.
.b.b....
....w.b.
.......b
w.w.w.w.
...w.w.w
w.w.w.w.
##### Running: /usr/bin/time -o time_22_vdhankar_bansalr.txt -f "%U" python3 homework.py > stulog.txt 2>&1 on vdhankar #####
child exited with value 1
##### ERROR: /usr/bin/time -o time_22_vdhankar_bansalr.txt -f "%U" python3 homework.py > stulog.txt 2>&1 on vdhankar #####
##### Output of failed program (stdout + stderr): #####
Traceback (most recent call last):
  File "homework.py", line 546, in <module>
    print(end-start)
NameError: name 'end' is not defined
##### End of output of failed program #####
##### vdhankar plays [J d6 f4] in 1.36936187744141s #####
##### Running: /usr/lib/jvm/jdk-14.0.1/bin/java -jar /lab/itti/projects/checkers-competition/server/referee.jar on run_22_vdhankar_bansalr #####
Move is valid
##### SUCCESS: /usr/lib/jvm/jdk-14.0.1/bin/java -jar /lab/itti/projects/checkers-competition/server/referee.jar on run_22_vdhankar_bansalr #####
INPUT for bansalr:
GAME
WHITE
299.8
.b.b.b.b
b.b.b.b.
.b......
......b.
.....b.b
w.w.w.w.
...w.w.w
w.w.w.w.
##### Running: /usr/bin/time -o time_22_vdhankar_bansalr.txt -f "%U" python3 homework.py > stulog.txt 2>&1 on bansalr #####
##### SUCCESS: /usr/bin/time -o time_22_vdhankar_bansalr.txt -f "%U" python3 homework.py > stulog.txt 2>&1 on bansalr #####
##### bansalr plays [J g3 e5] in 3.75s #####
##### Running: /usr/lib/jvm/jdk-14.0.1/bin/java -jar /lab/itti/projects/checkers-competition/server/referee.jar on run_22_vdhankar_bansalr #####
Move is valid
##### SUCCESS: /usr/lib/jvm/jdk-14.0.1/bin/java -jar /lab/itti/projects/checkers-competition/server/referee.jar on run_22_vdhankar_bansalr #####
INPUT for vdhankar:
GAME
BLACK
273.410318374634
.b.b.b.b
b.b.b.b.
.b......
....w.b.
.......b
w.w.w...
...w.w.w
w.w.w.w.
##### Running: /usr/bin/time -o time_22_vdhankar_bansalr.txt -f "%U" python3 homework.py > stulog.txt 2>&1 on vdhankar #####
child exited with value 1
##### ERROR: /usr/bin/time -o time_22_vdhankar_bansalr.txt -f "%U" python3 homework.py > stulog.txt 2>&1 on vdhankar #####
##### Output of failed program (stdout + stderr): #####
Traceback (most recent call last):
  File "homework.py", line 546, in <module>
    print(end-start)
NameError: name 'end' is not defined
##### End of output of failed program #####
##### vdhankar plays [E e7 f6] in 10.0462229251862s #####
##### Running: /usr/lib/jvm/jdk-14.0.1/bin/java -jar /lab/itti/projects/checkers-competition/server/referee.jar on run_22_vdhankar_bansalr #####
Move is valid
##### SUCCESS: /usr/lib/jvm/jdk-14.0.1/bin/java -jar /lab/itti/projects/checkers-competition/server/referee.jar on run_22_vdhankar_bansalr #####
INPUT for bansalr:
GAME
WHITE
296.05
.b.b.b.b
b.b...b.
.b...b..
....w.b.
.......b
w.w.w...
...w.w.w
w.w.w.w.
##### Running: /usr/bin/time -o time_22_vdhankar_bansalr.txt -f "%U" python3 homework.py > stulog.txt 2>&1 on bansalr #####
##### SUCCESS: /usr/bin/time -o time_22_vdhankar_bansalr.txt -f "%U" python3 homework.py > stulog.txt 2>&1 on bansalr #####
##### bansalr plays [E e5 d6] in 3.78s #####
##### Running: /usr/lib/jvm/jdk-14.0.1/bin/java -jar /lab/itti/projects/checkers-competition/server/referee.jar on run_22_vdhankar_bansalr #####
Move is valid
##### SUCCESS: /usr/lib/jvm/jdk-14.0.1/bin/java -jar /lab/itti/projects/checkers-competition/server/referee.jar on run_22_vdhankar_bansalr #####
INPUT for vdhankar:
GAME
BLACK
263.364095449448
.b.b.b.b
b.b...b.
.b.w.b..
......b.
.......b
w.w.w...
...w.w.w
w.w.w.w.
##### Running: /usr/bin/time -o time_22_vdhankar_bansalr.txt -f "%U" python3 homework.py > stulog.txt 2>&1 on vdhankar #####
child exited with value 1
##### ERROR: /usr/bin/time -o time_22_vdhankar_bansalr.txt -f "%U" python3 homework.py > stulog.txt 2>&1 on vdhankar #####
##### Output of failed program (stdout + stderr): #####
Traceback (most recent call last):
  File "homework.py", line 546, in <module>
    print(end-start)
NameError: name 'end' is not defined
##### End of output of failed program #####
##### vdhankar plays [J c7 e5] in 7.14206314086914s #####
##### Running: /usr/lib/jvm/jdk-14.0.1/bin/java -jar /lab/itti/projects/checkers-competition/server/referee.jar on run_22_vdhankar_bansalr #####
Move is valid
##### SUCCESS: /usr/lib/jvm/jdk-14.0.1/bin/java -jar /lab/itti/projects/checkers-competition/server/referee.jar on run_22_vdhankar_bansalr #####
INPUT for bansalr:
GAME
WHITE
292.27
.b.b.b.b
b.....b.
.b...b..
....b.b.
.......b
w.w.w...
...w.w.w
w.w.w.w.
##### Running: /usr/bin/time -o time_22_vdhankar_bansalr.txt -f "%U" python3 homework.py > stulog.txt 2>&1 on bansalr #####
##### SUCCESS: /usr/bin/time -o time_22_vdhankar_bansalr.txt -f "%U" python3 homework.py > stulog.txt 2>&1 on bansalr #####
##### bansalr plays [E e3 f4] in 3.73s #####
##### Running: /usr/lib/jvm/jdk-14.0.1/bin/java -jar /lab/itti/projects/checkers-competition/server/referee.jar on run_22_vdhankar_bansalr #####
Move is valid
##### SUCCESS: /usr/lib/jvm/jdk-14.0.1/bin/java -jar /lab/itti/projects/checkers-competition/server/referee.jar on run_22_vdhankar_bansalr #####
INPUT for vdhankar:
GAME
BLACK
256.222032308578
.b.b.b.b
b.....b.
.b...b..
....b.b.
.....w.b
w.w.....
...w.w.w
w.w.w.w.
##### Running: /usr/bin/time -o time_22_vdhankar_bansalr.txt -f "%U" python3 homework.py > stulog.txt 2>&1 on vdhankar #####
child exited with value 1
##### ERROR: /usr/bin/time -o time_22_vdhankar_bansalr.txt -f "%U" python3 homework.py > stulog.txt 2>&1 on vdhankar #####
##### Output of failed program (stdout + stderr): #####
Traceback (most recent call last):
  File "homework.py", line 546, in <module>
    print(end-start)
NameError: name 'end' is not defined
##### End of output of failed program #####
##### vdhankar plays [J g5 e3] in 5.49576497077942s #####
##### Running: /usr/lib/jvm/jdk-14.0.1/bin/java -jar /lab/itti/projects/checkers-competition/server/referee.jar on run_22_vdhankar_bansalr #####
Move is valid
##### SUCCESS: /usr/lib/jvm/jdk-14.0.1/bin/java -jar /lab/itti/projects/checkers-competition/server/referee.jar on run_22_vdhankar_bansalr #####
INPUT for bansalr:
GAME
WHITE
288.54
.b.b.b.b
b.....b.
.b...b..
....b...
.......b
w.w.b...
...w.w.w
w.w.w.w.
##### Running: /usr/bin/time -o time_22_vdhankar_bansalr.txt -f "%U" python3 homework.py > stulog.txt 2>&1 on bansalr #####
##### SUCCESS: /usr/bin/time -o time_22_vdhankar_bansalr.txt -f "%U" python3 homework.py > stulog.txt 2>&1 on bansalr #####
##### bansalr plays [J d2 f4 ; J f4 d6] in 3.8s #####
##### Running: /usr/lib/jvm/jdk-14.0.1/bin/java -jar /lab/itti/projects/checkers-competition/server/referee.jar on run_22_vdhankar_bansalr #####
Move is valid
##### SUCCESS: /usr/lib/jvm/jdk-14.0.1/bin/java -jar /lab/itti/projects/checkers-competition/server/referee.jar on run_22_vdhankar_bansalr #####
INPUT for vdhankar:
GAME
BLACK
250.726267337799
.b.b.b.b
b.....b.
.b.w.b..
........
.......b
w.w.....
.....w.w
w.w.w.w.
##### Running: /usr/bin/time -o time_22_vdhankar_bansalr.txt -f "%U" python3 homework.py > stulog.txt 2>&1 on vdhankar #####
child exited with value 1
##### ERROR: /usr/bin/time -o time_22_vdhankar_bansalr.txt -f "%U" python3 homework.py > stulog.txt 2>&1 on vdhankar #####
##### Output of failed program (stdout + stderr): #####
Traceback (most recent call last):
  File "homework.py", line 546, in <module>
    print(end-start)
NameError: name 'end' is not defined
##### End of output of failed program #####
##### vdhankar plays [E d8 c7] in 14.9692049026489s #####
##### Running: /usr/lib/jvm/jdk-14.0.1/bin/java -jar /lab/itti/projects/checkers-competition/server/referee.jar on run_22_vdhankar_bansalr #####
Move is valid
##### SUCCESS: /usr/lib/jvm/jdk-14.0.1/bin/java -jar /lab/itti/projects/checkers-competition/server/referee.jar on run_22_vdhankar_bansalr #####
INPUT for bansalr:
GAME
WHITE
284.74
.b...b.b
b.b...b.
.b.w.b..
........
.......b
w.w.....
.....w.w
w.w.w.w.
##### Running: /usr/bin/time -o time_22_vdhankar_bansalr.txt -f "%U" python3 homework.py > stulog.txt 2>&1 on bansalr #####
##### SUCCESS: /usr/bin/time -o time_22_vdhankar_bansalr.txt -f "%U" python3 homework.py > stulog.txt 2>&1 on bansalr #####
##### bansalr plays [E d6 e7] in 3.75s #####
##### Running: /usr/lib/jvm/jdk-14.0.1/bin/java -jar /lab/itti/projects/checkers-competition/server/referee.jar on run_22_vdhankar_bansalr #####
Move is valid
##### SUCCESS: /usr/lib/jvm/jdk-14.0.1/bin/java -jar /lab/itti/projects/checkers-competition/server/referee.jar on run_22_vdhankar_bansalr #####
INPUT for vdhankar:
GAME
BLACK
235.75706243515
.b...b.b
b.b.w.b.
.b...b..
........
.......b
w.w.....
.....w.w
w.w.w.w.
##### Running: /usr/bin/time -o time_22_vdhankar_bansalr.txt -f "%U" python3 homework.py > stulog.txt 2>&1 on vdhankar #####
child exited with value 1
##### ERROR: /usr/bin/time -o time_22_vdhankar_bansalr.txt -f "%U" python3 homework.py > stulog.txt 2>&1 on vdhankar #####
##### Output of failed program (stdout + stderr): #####
Traceback (most recent call last):
  File "homework.py", line 546, in <module>
    print(end-start)
NameError: name 'end' is not defined
##### End of output of failed program #####
##### vdhankar plays [J f8 d6] in 11.5123040676117s #####
##### Running: /usr/lib/jvm/jdk-14.0.1/bin/java -jar /lab/itti/projects/checkers-competition/server/referee.jar on run_22_vdhankar_bansalr #####
Move is valid
##### SUCCESS: /usr/lib/jvm/jdk-14.0.1/bin/java -jar /lab/itti/projects/checkers-competition/server/referee.jar on run_22_vdhankar_bansalr #####
INPUT for bansalr:
GAME
WHITE
280.99
.b.....b
b.b...b.
.b.b.b..
........
.......b
w.w.....
.....w.w
w.w.w.w.
##### Running: /usr/bin/time -o time_22_vdhankar_bansalr.txt -f "%U" python3 homework.py > stulog.txt 2>&1 on bansalr #####
##### SUCCESS: /usr/bin/time -o time_22_vdhankar_bansalr.txt -f "%U" python3 homework.py > stulog.txt 2>&1 on bansalr #####
##### bansalr plays [E a3 b4] in 3.65s #####
##### Running: /usr/lib/jvm/jdk-14.0.1/bin/java -jar /lab/itti/projects/checkers-competition/server/referee.jar on run_22_vdhankar_bansalr #####
Move is valid
##### SUCCESS: /usr/lib/jvm/jdk-14.0.1/bin/java -jar /lab/itti/projects/checkers-competition/server/referee.jar on run_22_vdhankar_bansalr #####
INPUT for vdhankar:
GAME
BLACK
224.244758367538
.b.....b
b.b...b.
.b.b.b..
........
.w.....b
..w.....
.....w.w
w.w.w.w.
##### Running: /usr/bin/time -o time_22_vdhankar_bansalr.txt -f "%U" python3 homework.py > stulog.txt 2>&1 on vdhankar #####
child exited with value 1
##### ERROR: /usr/bin/time -o time_22_vdhankar_bansalr.txt -f "%U" python3 homework.py > stulog.txt 2>&1 on vdhankar #####
##### Output of failed program (stdout + stderr): #####
Traceback (most recent call last):
  File "homework.py", line 546, in <module>
    print(end-start)
NameError: name 'end' is not defined
##### End of output of failed program #####
##### vdhankar plays [E d6 e5] in 13.1637489795685s #####
##### Running: /usr/lib/jvm/jdk-14.0.1/bin/java -jar /lab/itti/projects/checkers-competition/server/referee.jar on run_22_vdhankar_bansalr #####
Move is valid
##### SUCCESS: /usr/lib/jvm/jdk-14.0.1/bin/java -jar /lab/itti/projects/checkers-competition/server/referee.jar on run_22_vdhankar_bansalr #####
INPUT for bansalr:
GAME
WHITE
277.34
.b.....b
b.b...b.
.b...b..
....b...
.w.....b
..w.....
.....w.w
w.w.w.w.
##### Running: /usr/bin/time -o time_22_vdhankar_bansalr.txt -f "%U" python3 homework.py > stulog.txt 2>&1 on bansalr #####
##### SUCCESS: /usr/bin/time -o time_22_vdhankar_bansalr.txt -f "%U" python3 homework.py > stulog.txt 2>&1 on bansalr #####
##### bansalr plays [E b4 a5] in 3.37s #####
##### Running: /usr/lib/jvm/jdk-14.0.1/bin/java -jar /lab/itti/projects/checkers-competition/server/referee.jar on run_22_vdhankar_bansalr #####
Move is valid
##### SUCCESS: /usr/lib/jvm/jdk-14.0.1/bin/java -jar /lab/itti/projects/checkers-competition/server/referee.jar on run_22_vdhankar_bansalr #####
INPUT for vdhankar:
GAME
BLACK
211.08100938797
.b.....b
b.b...b.
.b...b..
w...b...
.......b
..w.....
.....w.w
w.w.w.w.
##### Running: /usr/bin/time -o time_22_vdhankar_bansalr.txt -f "%U" python3 homework.py > stulog.txt 2>&1 on vdhankar #####
child exited with value 1
##### ERROR: /usr/bin/time -o time_22_vdhankar_bansalr.txt -f "%U" python3 homework.py > stulog.txt 2>&1 on vdhankar #####
##### Output of failed program (stdout + stderr): #####
Traceback (most recent call last):
  File "homework.py", line 546, in <module>
    print(end-start)
NameError: name 'end' is not defined
##### End of output of failed program #####
##### vdhankar plays [E b6 c5] in 11.1510918140411s #####
##### Running: /usr/lib/jvm/jdk-14.0.1/bin/java -jar /lab/itti/projects/checkers-competition/server/referee.jar on run_22_vdhankar_bansalr #####
Move is valid
##### SUCCESS: /usr/lib/jvm/jdk-14.0.1/bin/java -jar /lab/itti/projects/checkers-competition/server/referee.jar on run_22_vdhankar_bansalr #####
INPUT for bansalr:
GAME
WHITE
273.97
.b.....b
b.b...b.
.....b..
w.b.b...
.......b
..w.....
.....w.w
w.w.w.w.
##### Running: /usr/bin/time -o time_22_vdhankar_bansalr.txt -f "%U" python3 homework.py > stulog.txt 2>&1 on bansalr #####
##### SUCCESS: /usr/bin/time -o time_22_vdhankar_bansalr.txt -f "%U" python3 homework.py > stulog.txt 2>&1 on bansalr #####
##### bansalr plays [E f2 e3] in 3.56s #####
##### Running: /usr/lib/jvm/jdk-14.0.1/bin/java -jar /lab/itti/projects/checkers-competition/server/referee.jar on run_22_vdhankar_bansalr #####
Move is valid
##### SUCCESS: /usr/lib/jvm/jdk-14.0.1/bin/java -jar /lab/itti/projects/checkers-competition/server/referee.jar on run_22_vdhankar_bansalr #####
INPUT for vdhankar:
GAME
BLACK
199.929917573929
.b.....b
b.b...b.
.....b..
w.b.b...
.......b
..w.w...
.......w
w.w.w.w.
##### Running: /usr/bin/time -o time_22_vdhankar_bansalr.txt -f "%U" python3 homework.py > stulog.txt 2>&1 on vdhankar #####
child exited with value 1
##### ERROR: /usr/bin/time -o time_22_vdhankar_bansalr.txt -f "%U" python3 homework.py > stulog.txt 2>&1 on vdhankar #####
##### Output of failed program (stdout + stderr): #####
Traceback (most recent call last):
  File "homework.py", line 546, in <module>
    print(end-start)
NameError: name 'end' is not defined
##### End of output of failed program #####
##### vdhankar plays [E e5 d4] in 9.69112181663513s #####
##### Running: /usr/lib/jvm/jdk-14.0.1/bin/java -jar /lab/itti/projects/checkers-competition/server/referee.jar on run_22_vdhankar_bansalr #####
Move is valid
##### SUCCESS: /usr/lib/jvm/jdk-14.0.1/bin/java -jar /lab/itti/projects/checkers-competition/server/referee.jar on run_22_vdhankar_bansalr #####
INPUT for bansalr:
GAME
WHITE
270.41
.b.....b
b.b...b.
.....b..
w.b.....
...b...b
..w.w...
.......w
w.w.w.w.
##### Running: /usr/bin/time -o time_22_vdhankar_bansalr.txt -f "%U" python3 homework.py > stulog.txt 2>&1 on bansalr #####
##### SUCCESS: /usr/bin/time -o time_22_vdhankar_bansalr.txt -f "%U" python3 homework.py > stulog.txt 2>&1 on bansalr #####
##### bansalr plays [J c3 e5] in 0.48s #####
##### Running: /usr/lib/jvm/jdk-14.0.1/bin/java -jar /lab/itti/projects/checkers-competition/server/referee.jar on run_22_vdhankar_bansalr #####
Move is valid
##### SUCCESS: /usr/lib/jvm/jdk-14.0.1/bin/java -jar /lab/itti/projects/checkers-competition/server/referee.jar on run_22_vdhankar_bansalr #####
INPUT for vdhankar:
GAME
BLACK
190.238795757294
.b.....b
b.b...b.
.....b..
w.b.w...
.......b
....w...
.......w
w.w.w.w.
##### Running: /usr/bin/time -o time_22_vdhankar_bansalr.txt -f "%U" python3 homework.py > stulog.txt 2>&1 on vdhankar #####
child exited with value 1
##### ERROR: /usr/bin/time -o time_22_vdhankar_bansalr.txt -f "%U" python3 homework.py > stulog.txt 2>&1 on vdhankar #####
##### Output of failed program (stdout + stderr): #####
Traceback (most recent call last):
  File "homework.py", line 546, in <module>
    print(end-start)
NameError: name 'end' is not defined
##### End of output of failed program #####
##### vdhankar plays [J f6 d4 ; J d4 f2] in 1.5827169418335s #####
##### Running: /usr/lib/jvm/jdk-14.0.1/bin/java -jar /lab/itti/projects/checkers-competition/server/referee.jar on run_22_vdhankar_bansalr #####
Move is valid
##### SUCCESS: /usr/lib/jvm/jdk-14.0.1/bin/java -jar /lab/itti/projects/checkers-competition/server/referee.jar on run_22_vdhankar_bansalr #####
INPUT for bansalr:
GAME
WHITE
269.93
.b.....b
b.b...b.
........
w.b.....
.......b
........
.....b.w
w.w.w.w.
##### Running: /usr/bin/time -o time_22_vdhankar_bansalr.txt -f "%U" python3 homework.py > stulog.txt 2>&1 on bansalr #####
##### SUCCESS: /usr/bin/time -o time_22_vdhankar_bansalr.txt -f "%U" python3 homework.py > stulog.txt 2>&1 on bansalr #####
##### bansalr plays [J e1 g3] in 2.94s #####
##### Running: /usr/lib/jvm/jdk-14.0.1/bin/java -jar /lab/itti/projects/checkers-competition/server/referee.jar on run_22_vdhankar_bansalr #####
Move is valid
##### SUCCESS: /usr/lib/jvm/jdk-14.0.1/bin/java -jar /lab/itti/projects/checkers-competition/server/referee.jar on run_22_vdhankar_bansalr #####
INPUT for vdhankar:
GAME
BLACK
188.65607881546
.b.....b
b.b...b.
........
w.b.....
.......b
......w.
.......w
w.w...w.
##### Running: /usr/bin/time -o time_22_vdhankar_bansalr.txt -f "%U" python3 homework.py > stulog.txt 2>&1 on vdhankar #####
child exited with value 1
##### ERROR: /usr/bin/time -o time_22_vdhankar_bansalr.txt -f "%U" python3 homework.py > stulog.txt 2>&1 on vdhankar #####
##### Output of failed program (stdout + stderr): #####
Traceback (most recent call last):
  File "homework.py", line 546, in <module>
    print(end-start)
NameError: name 'end' is not defined
##### End of output of failed program #####
##### vdhankar plays [J h4 f2] in 1.43188500404358s #####
##### Running: /usr/lib/jvm/jdk-14.0.1/bin/java -jar /lab/itti/projects/checkers-competition/server/referee.jar on run_22_vdhankar_bansalr #####
Move is valid
##### SUCCESS: /usr/lib/jvm/jdk-14.0.1/bin/java -jar /lab/itti/projects/checkers-competition/server/referee.jar on run_22_vdhankar_bansalr #####
INPUT for bansalr:
GAME
WHITE
266.99
.b.....b
b.b...b.
........
w.b.....
........
........
.....b.w
w.w...w.
##### Running: /usr/bin/time -o time_22_vdhankar_bansalr.txt -f "%U" python3 homework.py > stulog.txt 2>&1 on bansalr #####
##### SUCCESS: /usr/bin/time -o time_22_vdhankar_bansalr.txt -f "%U" python3 homework.py > stulog.txt 2>&1 on bansalr #####
##### bansalr plays [J g1 e3] in 3.9s #####
##### Running: /usr/lib/jvm/jdk-14.0.1/bin/java -jar /lab/itti/projects/checkers-competition/server/referee.jar on run_22_vdhankar_bansalr #####
Move is valid
##### SUCCESS: /usr/lib/jvm/jdk-14.0.1/bin/java -jar /lab/itti/projects/checkers-competition/server/referee.jar on run_22_vdhankar_bansalr #####
INPUT for vdhankar:
GAME
BLACK
187.224193811417
.b.....b
b.b...b.
........
w.b.....
........
....w...
.......w
w.w.....
##### Running: /usr/bin/time -o time_22_vdhankar_bansalr.txt -f "%U" python3 homework.py > stulog.txt 2>&1 on vdhankar #####
child exited with value 1
##### ERROR: /usr/bin/time -o time_22_vdhankar_bansalr.txt -f "%U" python3 homework.py > stulog.txt 2>&1 on vdhankar #####
##### Output of failed program (stdout + stderr): #####
Traceback (most recent call last):
  File "homework.py", line 546, in <module>
    print(end-start)
NameError: name 'end' is not defined
##### End of output of failed program #####
##### vdhankar plays [E g7 f6] in 9.32935190200806s #####
##### Running: /usr/lib/jvm/jdk-14.0.1/bin/java -jar /lab/itti/projects/checkers-competition/server/referee.jar on run_22_vdhankar_bansalr #####
Move is valid
##### SUCCESS: /usr/lib/jvm/jdk-14.0.1/bin/java -jar /lab/itti/projects/checkers-competition/server/referee.jar on run_22_vdhankar_bansalr #####
INPUT for bansalr:
GAME
WHITE
263.09
.b.....b
b.b.....
.....b..
w.b.....
........
....w...
.......w
w.w.....
##### Running: /usr/bin/time -o time_22_vdhankar_bansalr.txt -f "%U" python3 homework.py > stulog.txt 2>&1 on bansalr #####
##### SUCCESS: /usr/bin/time -o time_22_vdhankar_bansalr.txt -f "%U" python3 homework.py > stulog.txt 2>&1 on bansalr #####
##### bansalr plays [E e3 f4] in 3.81s #####
##### Running: /usr/lib/jvm/jdk-14.0.1/bin/java -jar /lab/itti/projects/checkers-competition/server/referee.jar on run_22_vdhankar_bansalr #####
Move is valid
##### SUCCESS: /usr/lib/jvm/jdk-14.0.1/bin/java -jar /lab/itti/projects/checkers-competition/server/referee.jar on run_22_vdhankar_bansalr #####
INPUT for vdhankar:
GAME
BLACK
177.894841909409
.b.....b
b.b.....
.....b..
w.b.....
.....w..
........
.......w
w.w.....
##### Running: /usr/bin/time -o time_22_vdhankar_bansalr.txt -f "%U" python3 homework.py > stulog.txt 2>&1 on vdhankar #####
child exited with value 1
##### ERROR: /usr/bin/time -o time_22_vdhankar_bansalr.txt -f "%U" python3 homework.py > stulog.txt 2>&1 on vdhankar #####
##### Output of failed program (stdout + stderr): #####
Traceback (most recent call last):
  File "homework.py", line 546, in <module>
    print(end-start)
NameError: name 'end' is not defined
##### End of output of failed program #####
##### vdhankar plays [E c5 b4] in 5.80127096176147s #####
##### Running: /usr/lib/jvm/jdk-14.0.1/bin/java -jar /lab/itti/projects/checkers-competition/server/referee.jar on run_22_vdhankar_bansalr #####
Move is valid
##### SUCCESS: /usr/lib/jvm/jdk-14.0.1/bin/java -jar /lab/itti/projects/checkers-competition/server/referee.jar on run_22_vdhankar_bansalr #####
INPUT for bansalr:
GAME
WHITE
259.28
.b.....b
b.b.....
.....b..
w.......
.b...w..
........
.......w
w.w.....
##### Running: /usr/bin/time -o time_22_vdhankar_bansalr.txt -f "%U" python3 homework.py > stulog.txt 2>&1 on bansalr #####
##### SUCCESS: /usr/bin/time -o time_22_vdhankar_bansalr.txt -f "%U" python3 homework.py > stulog.txt 2>&1 on bansalr #####
##### bansalr plays [E h2 g3] in 4.1s #####
##### Running: /usr/lib/jvm/jdk-14.0.1/bin/java -jar /lab/itti/projects/checkers-competition/server/referee.jar on run_22_vdhankar_bansalr #####
Move is valid
##### SUCCESS: /usr/lib/jvm/jdk-14.0.1/bin/java -jar /lab/itti/projects/checkers-competition/server/referee.jar on run_22_vdhankar_bansalr #####
INPUT for vdhankar:
GAME
BLACK
172.093570947647
.b.....b
b.b.....
.....b..
w.......
.b...w..
......w.
........
w.w.....
##### Running: /usr/bin/time -o time_22_vdhankar_bansalr.txt -f "%U" python3 homework.py > stulog.txt 2>&1 on vdhankar #####
child exited with value 1
##### ERROR: /usr/bin/time -o time_22_vdhankar_bansalr.txt -f "%U" python3 homework.py > stulog.txt 2>&1 on vdhankar #####
##### Output of failed program (stdout + stderr): #####
Traceback (most recent call last):
  File "homework.py", line 546, in <module>
    print(end-start)
NameError: name 'end' is not defined
##### End of output of failed program #####
##### vdhankar plays [E b4 c3] in 7.30275988578796s #####
##### Running: /usr/lib/jvm/jdk-14.0.1/bin/java -jar /lab/itti/projects/checkers-competition/server/referee.jar on run_22_vdhankar_bansalr #####
Move is valid
##### SUCCESS: /usr/lib/jvm/jdk-14.0.1/bin/java -jar /lab/itti/projects/checkers-competition/server/referee.jar on run_22_vdhankar_bansalr #####
INPUT for bansalr:
GAME
WHITE
255.18
.b.....b
b.b.....
.....b..
w.......
.....w..
..b...w.
........
w.w.....
##### Running: /usr/bin/time -o time_22_vdhankar_bansalr.txt -f "%U" python3 homework.py > stulog.txt 2>&1 on bansalr #####
##### SUCCESS: /usr/bin/time -o time_22_vdhankar_bansalr.txt -f "%U" python3 homework.py > stulog.txt 2>&1 on bansalr #####
##### bansalr plays [E g3 h4] in 3.96s #####
##### Running: /usr/lib/jvm/jdk-14.0.1/bin/java -jar /lab/itti/projects/checkers-competition/server/referee.jar on run_22_vdhankar_bansalr #####
Move is valid
##### SUCCESS: /usr/lib/jvm/jdk-14.0.1/bin/java -jar /lab/itti/projects/checkers-competition/server/referee.jar on run_22_vdhankar_bansalr #####
INPUT for vdhankar:
GAME
BLACK
164.790811061859
.b.....b
b.b.....
.....b..
w.......
.....w.w
..b.....
........
w.w.....
##### Running: /usr/bin/time -o time_22_vdhankar_bansalr.txt -f "%U" python3 homework.py > stulog.txt 2>&1 on vdhankar #####
child exited with value 1
##### ERROR: /usr/bin/time -o time_22_vdhankar_bansalr.txt -f "%U" python3 homework.py > stulog.txt 2>&1 on vdhankar #####
##### Output of failed program (stdout + stderr): #####
Traceback (most recent call last):
  File "homework.py", line 546, in <module>
    print(end-start)
NameError: name 'end' is not defined
##### End of output of failed program #####
##### vdhankar plays [E c3 b2] in 2.61352705955505s #####
##### Running: /usr/lib/jvm/jdk-14.0.1/bin/java -jar /lab/itti/projects/checkers-competition/server/referee.jar on run_22_vdhankar_bansalr #####
Move is valid
##### SUCCESS: /usr/lib/jvm/jdk-14.0.1/bin/java -jar /lab/itti/projects/checkers-competition/server/referee.jar on run_22_vdhankar_bansalr #####
INPUT for bansalr:
GAME
WHITE
251.22
.b.....b
b.b.....
.....b..
w.......
.....w.w
........
.b......
w.w.....
##### Running: /usr/bin/time -o time_22_vdhankar_bansalr.txt -f "%U" python3 homework.py > stulog.txt 2>&1 on bansalr #####
##### SUCCESS: /usr/bin/time -o time_22_vdhankar_bansalr.txt -f "%U" python3 homework.py > stulog.txt 2>&1 on bansalr #####
##### bansalr plays [J a1 c3] in 4.11s #####
##### Running: /usr/lib/jvm/jdk-14.0.1/bin/java -jar /lab/itti/projects/checkers-competition/server/referee.jar on run_22_vdhankar_bansalr #####
Move is valid
##### SUCCESS: /usr/lib/jvm/jdk-14.0.1/bin/java -jar /lab/itti/projects/checkers-competition/server/referee.jar on run_22_vdhankar_bansalr #####
INPUT for vdhankar:
GAME
BLACK
162.177284002304
.b.....b
b.b.....
.....b..
w.......
.....w.w
..w.....
........
..w.....
##### Running: /usr/bin/time -o time_22_vdhankar_bansalr.txt -f "%U" python3 homework.py > stulog.txt 2>&1 on vdhankar #####
child exited with value 1
##### ERROR: /usr/bin/time -o time_22_vdhankar_bansalr.txt -f "%U" python3 homework.py > stulog.txt 2>&1 on vdhankar #####
##### Output of failed program (stdout + stderr): #####
Traceback (most recent call last):
  File "homework.py", line 546, in <module>
    print(end-start)
NameError: name 'end' is not defined
##### End of output of failed program #####
##### vdhankar plays [E c7 d6] in 4.80621314048767s #####
##### Running: /usr/lib/jvm/jdk-14.0.1/bin/java -jar /lab/itti/projects/checkers-competition/server/referee.jar on run_22_vdhankar_bansalr #####
Move is valid
##### SUCCESS: /usr/lib/jvm/jdk-14.0.1/bin/java -jar /lab/itti/projects/checkers-competition/server/referee.jar on run_22_vdhankar_bansalr #####
INPUT for bansalr:
GAME
WHITE
247.11
.b.....b
b.......
...b.b..
w.......
.....w.w
..w.....
........
..w.....
##### Running: /usr/bin/time -o time_22_vdhankar_bansalr.txt -f "%U" python3 homework.py > stulog.txt 2>&1 on bansalr #####
##### SUCCESS: /usr/bin/time -o time_22_vdhankar_bansalr.txt -f "%U" python3 homework.py > stulog.txt 2>&1 on bansalr #####
##### bansalr plays [E f4 g5] in 3.99s #####
##### Running: /usr/lib/jvm/jdk-14.0.1/bin/java -jar /lab/itti/projects/checkers-competition/server/referee.jar on run_22_vdhankar_bansalr #####
Move is valid
##### SUCCESS: /usr/lib/jvm/jdk-14.0.1/bin/java -jar /lab/itti/projects/checkers-competition/server/referee.jar on run_22_vdhankar_bansalr #####
INPUT for vdhankar:
GAME
BLACK
157.371070861816
.b.....b
b.......
...b.b..
w.....w.
.......w
..w.....
........
..w.....
##### Running: /usr/bin/time -o time_22_vdhankar_bansalr.txt -f "%U" python3 homework.py > stulog.txt 2>&1 on vdhankar #####
child exited with value 1
##### ERROR: /usr/bin/time -o time_22_vdhankar_bansalr.txt -f "%U" python3 homework.py > stulog.txt 2>&1 on vdhankar #####
##### Output of failed program (stdout + stderr): #####
Traceback (most recent call last):
  File "homework.py", line 546, in <module>
    print(end-start)
NameError: name 'end' is not defined
##### End of output of failed program #####
##### vdhankar plays [E f6 e5] in 3.88375997543335s #####
##### Running: /usr/lib/jvm/jdk-14.0.1/bin/java -jar /lab/itti/projects/checkers-competition/server/referee.jar on run_22_vdhankar_bansalr #####
Move is valid
##### SUCCESS: /usr/lib/jvm/jdk-14.0.1/bin/java -jar /lab/itti/projects/checkers-competition/server/referee.jar on run_22_vdhankar_bansalr #####
INPUT for bansalr:
GAME
WHITE
243.12
.b.....b
b.......
...b....
w...b.w.
.......w
..w.....
........
..w.....
##### Running: /usr/bin/time -o time_22_vdhankar_bansalr.txt -f "%U" python3 homework.py > stulog.txt 2>&1 on bansalr #####
##### SUCCESS: /usr/bin/time -o time_22_vdhankar_bansalr.txt -f "%U" python3 homework.py > stulog.txt 2>&1 on bansalr #####
##### bansalr plays [E g5 f6] in 3.98s #####
##### Running: /usr/lib/jvm/jdk-14.0.1/bin/java -jar /lab/itti/projects/checkers-competition/server/referee.jar on run_22_vdhankar_bansalr #####
Move is valid
##### SUCCESS: /usr/lib/jvm/jdk-14.0.1/bin/java -jar /lab/itti/projects/checkers-competition/server/referee.jar on run_22_vdhankar_bansalr #####
INPUT for vdhankar:
GAME
BLACK
153.487310886383
.b.....b
b.......
...b.w..
w...b...
.......w
..w.....
........
..w.....
##### Running: /usr/bin/time -o time_22_vdhankar_bansalr.txt -f "%U" python3 homework.py > stulog.txt 2>&1 on vdhankar #####
child exited with value 1
##### ERROR: /usr/bin/time -o time_22_vdhankar_bansalr.txt -f "%U" python3 homework.py > stulog.txt 2>&1 on vdhankar #####
##### Output of failed program (stdout + stderr): #####
Traceback (most recent call last):
  File "homework.py", line 546, in <module>
    print(end-start)
NameError: name 'end' is not defined
##### End of output of failed program #####
##### vdhankar plays [E d6 c5] in 3.659264087677s #####
##### Running: /usr/lib/jvm/jdk-14.0.1/bin/java -jar /lab/itti/projects/checkers-competition/server/referee.jar on run_22_vdhankar_bansalr #####
Move is valid
##### SUCCESS: /usr/lib/jvm/jdk-14.0.1/bin/java -jar /lab/itti/projects/checkers-competition/server/referee.jar on run_22_vdhankar_bansalr #####
INPUT for bansalr:
GAME
WHITE
239.14
.b.....b
b.......
.....w..
w.b.b...
.......w
..w.....
........
..w.....
##### Running: /usr/bin/time -o time_22_vdhankar_bansalr.txt -f "%U" python3 homework.py > stulog.txt 2>&1 on bansalr #####
##### SUCCESS: /usr/bin/time -o time_22_vdhankar_bansalr.txt -f "%U" python3 homework.py > stulog.txt 2>&1 on bansalr #####
##### bansalr plays [E f6 e7] in 4.14s #####
##### Running: /usr/lib/jvm/jdk-14.0.1/bin/java -jar /lab/itti/projects/checkers-competition/server/referee.jar on run_22_vdhankar_bansalr #####
Move is valid
##### SUCCESS: /usr/lib/jvm/jdk-14.0.1/bin/java -jar /lab/itti/projects/checkers-competition/server/referee.jar on run_22_vdhankar_bansalr #####
INPUT for vdhankar:
GAME
BLACK
149.828046798706
.b.....b
b...w...
........
w.b.b...
.......w
..w.....
........
..w.....
##### Running: /usr/bin/time -o time_22_vdhankar_bansalr.txt -f "%U" python3 homework.py > stulog.txt 2>&1 on vdhankar #####
child exited with value 1
##### ERROR: /usr/bin/time -o time_22_vdhankar_bansalr.txt -f "%U" python3 homework.py > stulog.txt 2>&1 on vdhankar #####
##### Output of failed program (stdout + stderr): #####
Traceback (most recent call last):
  File "homework.py", line 546, in <module>
    print(end-start)
NameError: name 'end' is not defined
##### End of output of failed program #####
##### vdhankar plays [E c5 d4] in 4.52928400039673s #####
##### Running: /usr/lib/jvm/jdk-14.0.1/bin/java -jar /lab/itti/projects/checkers-competition/server/referee.jar on run_22_vdhankar_bansalr #####
Move is valid
##### SUCCESS: /usr/lib/jvm/jdk-14.0.1/bin/java -jar /lab/itti/projects/checkers-competition/server/referee.jar on run_22_vdhankar_bansalr #####
INPUT for bansalr:
GAME
WHITE
235
.b.....b
b...w...
........
w...b...
...b...w
..w.....
........
..w.....
##### Running: /usr/bin/time -o time_22_vdhankar_bansalr.txt -f "%U" python3 homework.py > stulog.txt 2>&1 on bansalr #####
##### SUCCESS: /usr/bin/time -o time_22_vdhankar_bansalr.txt -f "%U" python3 homework.py > stulog.txt 2>&1 on bansalr #####
##### bansalr plays [E e7 f8] in 4.09s #####
##### Running: /usr/lib/jvm/jdk-14.0.1/bin/java -jar /lab/itti/projects/checkers-competition/server/referee.jar on run_22_vdhankar_bansalr #####
Move is valid
##### SUCCESS: /usr/lib/jvm/jdk-14.0.1/bin/java -jar /lab/itti/projects/checkers-competition/server/referee.jar on run_22_vdhankar_bansalr #####
INPUT for vdhankar:
GAME
BLACK
145.298762798309
.b...W.b
b.......
........
w...b...
...b...w
..w.....
........
..w.....
##### Running: /usr/bin/time -o time_22_vdhankar_bansalr.txt -f "%U" python3 homework.py > stulog.txt 2>&1 on vdhankar #####
child exited with value 1
##### ERROR: /usr/bin/time -o time_22_vdhankar_bansalr.txt -f "%U" python3 homework.py > stulog.txt 2>&1 on vdhankar #####
##### Output of failed program (stdout + stderr): #####
Traceback (most recent call last):
  File "homework.py", line 546, in <module>
    print(end-start)
NameError: name 'end' is not defined
##### End of output of failed program #####
##### vdhankar plays [J d4 b2] in 0.566789150238037s #####
##### Running: /usr/lib/jvm/jdk-14.0.1/bin/java -jar /lab/itti/projects/checkers-competition/server/referee.jar on run_22_vdhankar_bansalr #####
Move is valid
##### SUCCESS: /usr/lib/jvm/jdk-14.0.1/bin/java -jar /lab/itti/projects/checkers-competition/server/referee.jar on run_22_vdhankar_bansalr #####
INPUT for bansalr:
GAME
WHITE
230.91
.b...W.b
b.......
........
w...b...
.......w
........
.b......
..w.....
##### Running: /usr/bin/time -o time_22_vdhankar_bansalr.txt -f "%U" python3 homework.py > stulog.txt 2>&1 on bansalr #####
##### SUCCESS: /usr/bin/time -o time_22_vdhankar_bansalr.txt -f "%U" python3 homework.py > stulog.txt 2>&1 on bansalr #####
##### bansalr plays [J c1 a3] in 2.53s #####
##### Running: /usr/lib/jvm/jdk-14.0.1/bin/java -jar /lab/itti/projects/checkers-competition/server/referee.jar on run_22_vdhankar_bansalr #####
Move is valid
##### SUCCESS: /usr/lib/jvm/jdk-14.0.1/bin/java -jar /lab/itti/projects/checkers-competition/server/referee.jar on run_22_vdhankar_bansalr #####
INPUT for vdhankar:
GAME
BLACK
144.731973648071
.b...W.b
b.......
........
w...b...
.......w
w.......
........
........
##### Running: /usr/bin/time -o time_22_vdhankar_bansalr.txt -f "%U" python3 homework.py > stulog.txt 2>&1 on vdhankar #####
child exited with value 1
##### ERROR: /usr/bin/time -o time_22_vdhankar_bansalr.txt -f "%U" python3 homework.py > stulog.txt 2>&1 on vdhankar #####
##### Output of failed program (stdout + stderr): #####
Traceback (most recent call last):
  File "homework.py", line 546, in <module>
    print(end-start)
NameError: name 'end' is not defined
##### End of output of failed program #####
##### vdhankar plays [E e5 f4] in 2.99796485900879s #####
##### Running: /usr/lib/jvm/jdk-14.0.1/bin/java -jar /lab/itti/projects/checkers-competition/server/referee.jar on run_22_vdhankar_bansalr #####
Move is valid
##### SUCCESS: /usr/lib/jvm/jdk-14.0.1/bin/java -jar /lab/itti/projects/checkers-competition/server/referee.jar on run_22_vdhankar_bansalr #####
INPUT for bansalr:
GAME
WHITE
228.38
.b...W.b
b.......
........
w.......
.....b.w
w.......
........
........
##### Running: /usr/bin/time -o time_22_vdhankar_bansalr.txt -f "%U" python3 homework.py > stulog.txt 2>&1 on bansalr #####
##### SUCCESS: /usr/bin/time -o time_22_vdhankar_bansalr.txt -f "%U" python3 homework.py > stulog.txt 2>&1 on bansalr #####
##### bansalr plays [E f8 e7] in 4.21s #####
##### Running: /usr/lib/jvm/jdk-14.0.1/bin/java -jar /lab/itti/projects/checkers-competition/server/referee.jar on run_22_vdhankar_bansalr #####
Move is valid
##### SUCCESS: /usr/lib/jvm/jdk-14.0.1/bin/java -jar /lab/itti/projects/checkers-competition/server/referee.jar on run_22_vdhankar_bansalr #####
INPUT for vdhankar:
GAME
BLACK
141.734008789062
.b.....b
b...W...
........
w.......
.....b.w
w.......
........
........
##### Running: /usr/bin/time -o time_22_vdhankar_bansalr.txt -f "%U" python3 homework.py > stulog.txt 2>&1 on vdhankar #####
child exited with value 1
##### ERROR: /usr/bin/time -o time_22_vdhankar_bansalr.txt -f "%U" python3 homework.py > stulog.txt 2>&1 on vdhankar #####
##### Output of failed program (stdout + stderr): #####
Traceback (most recent call last):
  File "homework.py", line 546, in <module>
    print(end-start)
NameError: name 'end' is not defined
##### End of output of failed program #####
##### vdhankar plays [E f4 g3] in 6.6817569732666s #####
##### Running: /usr/lib/jvm/jdk-14.0.1/bin/java -jar /lab/itti/projects/checkers-competition/server/referee.jar on run_22_vdhankar_bansalr #####
Move is valid
##### SUCCESS: /usr/lib/jvm/jdk-14.0.1/bin/java -jar /lab/itti/projects/checkers-competition/server/referee.jar on run_22_vdhankar_bansalr #####
INPUT for bansalr:
GAME
WHITE
224.17
.b.....b
b...W...
........
w.......
.......w
w.....b.
........
........
##### Running: /usr/bin/time -o time_22_vdhankar_bansalr.txt -f "%U" python3 homework.py > stulog.txt 2>&1 on bansalr #####
##### SUCCESS: /usr/bin/time -o time_22_vdhankar_bansalr.txt -f "%U" python3 homework.py > stulog.txt 2>&1 on bansalr #####
##### bansalr plays [E e7 d6] in 4.24s #####
##### Running: /usr/lib/jvm/jdk-14.0.1/bin/java -jar /lab/itti/projects/checkers-competition/server/referee.jar on run_22_vdhankar_bansalr #####
Move is valid
##### SUCCESS: /usr/lib/jvm/jdk-14.0.1/bin/java -jar /lab/itti/projects/checkers-competition/server/referee.jar on run_22_vdhankar_bansalr #####
INPUT for vdhankar:
GAME
BLACK
135.052251815796
.b.....b
b.......
...W....
w.......
.......w
w.....b.
........
........
##### Running: /usr/bin/time -o time_22_vdhankar_bansalr.txt -f "%U" python3 homework.py > stulog.txt 2>&1 on vdhankar #####
child exited with value 1
##### ERROR: /usr/bin/time -o time_22_vdhankar_bansalr.txt -f "%U" python3 homework.py > stulog.txt 2>&1 on vdhankar #####
##### Output of failed program (stdout + stderr): #####
Traceback (most recent call last):
  File "homework.py", line 546, in <module>
    print(end-start)
NameError: name 'end' is not defined
##### End of output of failed program #####
##### vdhankar plays [E g3 h2] in 5.60654211044312s #####
##### Running: /usr/lib/jvm/jdk-14.0.1/bin/java -jar /lab/itti/projects/checkers-competition/server/referee.jar on run_22_vdhankar_bansalr #####
Move is valid
##### SUCCESS: /usr/lib/jvm/jdk-14.0.1/bin/java -jar /lab/itti/projects/checkers-competition/server/referee.jar on run_22_vdhankar_bansalr #####
INPUT for bansalr:
GAME
WHITE
219.93
.b.....b
b.......
...W....
w.......
.......w
w.......
.......b
........
##### Running: /usr/bin/time -o time_22_vdhankar_bansalr.txt -f "%U" python3 homework.py > stulog.txt 2>&1 on bansalr #####
##### SUCCESS: /usr/bin/time -o time_22_vdhankar_bansalr.txt -f "%U" python3 homework.py > stulog.txt 2>&1 on bansalr #####
##### bansalr plays [E d6 c5] in 4.21s #####
##### Running: /usr/lib/jvm/jdk-14.0.1/bin/java -jar /lab/itti/projects/checkers-competition/server/referee.jar on run_22_vdhankar_bansalr #####
Move is valid
##### SUCCESS: /usr/lib/jvm/jdk-14.0.1/bin/java -jar /lab/itti/projects/checkers-competition/server/referee.jar on run_22_vdhankar_bansalr #####
INPUT for vdhankar:
GAME
BLACK
129.445709705353
.b.....b
b.......
........
w.W.....
.......w
w.......
.......b
........
##### Running: /usr/bin/time -o time_22_vdhankar_bansalr.txt -f "%U" python3 homework.py > stulog.txt 2>&1 on vdhankar #####
child exited with value 1
##### ERROR: /usr/bin/time -o time_22_vdhankar_bansalr.txt -f "%U" python3 homework.py > stulog.txt 2>&1 on vdhankar #####
##### Output of failed program (stdout + stderr): #####
Traceback (most recent call last):
  File "homework.py", line 546, in <module>
    print(end-start)
NameError: name 'end' is not defined
##### End of output of failed program #####
##### vdhankar plays [E h2 g1] in 5.74909901618958s #####
##### Running: /usr/lib/jvm/jdk-14.0.1/bin/java -jar /lab/itti/projects/checkers-competition/server/referee.jar on run_22_vdhankar_bansalr #####
Move is valid
##### SUCCESS: /usr/lib/jvm/jdk-14.0.1/bin/java -jar /lab/itti/projects/checkers-competition/server/referee.jar on run_22_vdhankar_bansalr #####
INPUT for bansalr:
GAME
WHITE
215.72
.b.....b
b.......
........
w.W.....
.......w
w.......
........
......B.
##### Running: /usr/bin/time -o time_22_vdhankar_bansalr.txt -f "%U" python3 homework.py > stulog.txt 2>&1 on bansalr #####
##### SUCCESS: /usr/bin/time -o time_22_vdhankar_bansalr.txt -f "%U" python3 homework.py > stulog.txt 2>&1 on bansalr #####
##### bansalr plays [E c5 b4] in 4.22s #####
##### Running: /usr/lib/jvm/jdk-14.0.1/bin/java -jar /lab/itti/projects/checkers-competition/server/referee.jar on run_22_vdhankar_bansalr #####
Move is valid
##### SUCCESS: /usr/lib/jvm/jdk-14.0.1/bin/java -jar /lab/itti/projects/checkers-competition/server/referee.jar on run_22_vdhankar_bansalr #####
INPUT for vdhankar:
GAME
BLACK
123.696610689163
.b.....b
b.......
........
w.......
.W.....w
w.......
........
......B.
##### Running: /usr/bin/time -o time_22_vdhankar_bansalr.txt -f "%U" python3 homework.py > stulog.txt 2>&1 on vdhankar #####
child exited with value 1
##### ERROR: /usr/bin/time -o time_22_vdhankar_bansalr.txt -f "%U" python3 homework.py > stulog.txt 2>&1 on vdhankar #####
##### Output of failed program (stdout + stderr): #####
Traceback (most recent call last):
  File "homework.py", line 546, in <module>
    print(end-start)
NameError: name 'end' is not defined
##### End of output of failed program #####
##### vdhankar plays [E g1 h2] in 5.83526301383972s #####
##### Running: /usr/lib/jvm/jdk-14.0.1/bin/java -jar /lab/itti/projects/checkers-competition/server/referee.jar on run_22_vdhankar_bansalr #####
Move is valid
##### SUCCESS: /usr/lib/jvm/jdk-14.0.1/bin/java -jar /lab/itti/projects/checkers-competition/server/referee.jar on run_22_vdhankar_bansalr #####
INPUT for bansalr:
GAME
WHITE
211.5
.b.....b
b.......
........
w.......
.W.....w
w.......
.......B
........
##### Running: /usr/bin/time -o time_22_vdhankar_bansalr.txt -f "%U" python3 homework.py > stulog.txt 2>&1 on bansalr #####
##### SUCCESS: /usr/bin/time -o time_22_vdhankar_bansalr.txt -f "%U" python3 homework.py > stulog.txt 2>&1 on bansalr #####
##### bansalr plays [E b4 c3] in 4.06s #####
##### Running: /usr/lib/jvm/jdk-14.0.1/bin/java -jar /lab/itti/projects/checkers-competition/server/referee.jar on run_22_vdhankar_bansalr #####
Move is valid
##### SUCCESS: /usr/lib/jvm/jdk-14.0.1/bin/java -jar /lab/itti/projects/checkers-competition/server/referee.jar on run_22_vdhankar_bansalr #####
INPUT for vdhankar:
GAME
BLACK
117.861347675323
.b.....b
b.......
........
w.......
.......w
w.W.....
.......B
........
##### Running: /usr/bin/time -o time_22_vdhankar_bansalr.txt -f "%U" python3 homework.py > stulog.txt 2>&1 on vdhankar #####
child exited with value 1
##### ERROR: /usr/bin/time -o time_22_vdhankar_bansalr.txt -f "%U" python3 homework.py > stulog.txt 2>&1 on vdhankar #####
##### Output of failed program (stdout + stderr): #####
Traceback (most recent call last):
  File "homework.py", line 546, in <module>
    print(end-start)
NameError: name 'end' is not defined
##### End of output of failed program #####
##### vdhankar plays [E h2 g1] in 11.8502771854401s #####
##### Running: /usr/lib/jvm/jdk-14.0.1/bin/java -jar /lab/itti/projects/checkers-competition/server/referee.jar on run_22_vdhankar_bansalr #####
Move is valid
##### SUCCESS: /usr/lib/jvm/jdk-14.0.1/bin/java -jar /lab/itti/projects/checkers-competition/server/referee.jar on run_22_vdhankar_bansalr #####
INPUT for bansalr:
GAME
WHITE
207.44
.b.....b
b.......
........
w.......
.......w
w.W.....
........
......B.
##### Running: /usr/bin/time -o time_22_vdhankar_bansalr.txt -f "%U" python3 homework.py > stulog.txt 2>&1 on bansalr #####
##### SUCCESS: /usr/bin/time -o time_22_vdhankar_bansalr.txt -f "%U" python3 homework.py > stulog.txt 2>&1 on bansalr #####
##### bansalr plays [E c3 b2] in 4.25s #####
##### Running: /usr/lib/jvm/jdk-14.0.1/bin/java -jar /lab/itti/projects/checkers-competition/server/referee.jar on run_22_vdhankar_bansalr #####
Move is valid
##### SUCCESS: /usr/lib/jvm/jdk-14.0.1/bin/java -jar /lab/itti/projects/checkers-competition/server/referee.jar on run_22_vdhankar_bansalr #####
INPUT for vdhankar:
GAME
BLACK
106.011070489883
.b.....b
b.......
........
w.......
.......w
w.......
.W......
......B.
##### Running: /usr/bin/time -o time_22_vdhankar_bansalr.txt -f "%U" python3 homework.py > stulog.txt 2>&1 on vdhankar #####
child exited with value 1
##### ERROR: /usr/bin/time -o time_22_vdhankar_bansalr.txt -f "%U" python3 homework.py > stulog.txt 2>&1 on vdhankar #####
##### Output of failed program (stdout + stderr): #####
Traceback (most recent call last):
  File "homework.py", line 546, in <module>
    print(end-start)
NameError: name 'end' is not defined
##### End of output of failed program #####
##### vdhankar plays [E g1 h2] in 8.70765209197998s #####
##### Running: /usr/lib/jvm/jdk-14.0.1/bin/java -jar /lab/itti/projects/checkers-competition/server/referee.jar on run_22_vdhankar_bansalr #####
Move is valid
##### SUCCESS: /usr/lib/jvm/jdk-14.0.1/bin/java -jar /lab/itti/projects/checkers-competition/server/referee.jar on run_22_vdhankar_bansalr #####
INPUT for bansalr:
GAME
WHITE
203.19
.b.....b
b.......
........
w.......
.......w
w.......
.W.....B
........
##### Running: /usr/bin/time -o time_22_vdhankar_bansalr.txt -f "%U" python3 homework.py > stulog.txt 2>&1 on bansalr #####
##### SUCCESS: /usr/bin/time -o time_22_vdhankar_bansalr.txt -f "%U" python3 homework.py > stulog.txt 2>&1 on bansalr #####
##### bansalr plays [E b2 a1] in 4.22s #####
##### Running: /usr/lib/jvm/jdk-14.0.1/bin/java -jar /lab/itti/projects/checkers-competition/server/referee.jar on run_22_vdhankar_bansalr #####
Move is valid
##### SUCCESS: /usr/lib/jvm/jdk-14.0.1/bin/java -jar /lab/itti/projects/checkers-competition/server/referee.jar on run_22_vdhankar_bansalr #####
INPUT for vdhankar:
GAME
BLACK
97.3034183979034
.b.....b
b.......
........
w.......
.......w
w.......
.......B
W.......
##### Running: /usr/bin/time -o time_22_vdhankar_bansalr.txt -f "%U" python3 homework.py > stulog.txt 2>&1 on vdhankar #####
child exited with value 1
##### ERROR: /usr/bin/time -o time_22_vdhankar_bansalr.txt -f "%U" python3 homework.py > stulog.txt 2>&1 on vdhankar #####
##### Output of failed program (stdout + stderr): #####
Traceback (most recent call last):
  File "homework.py", line 546, in <module>
    print(end-start)
NameError: name 'end' is not defined
##### End of output of failed program #####
##### vdhankar plays [E h2 g1] in 3.53147292137146s #####
##### Running: /usr/lib/jvm/jdk-14.0.1/bin/java -jar /lab/itti/projects/checkers-competition/server/referee.jar on run_22_vdhankar_bansalr #####
Move is valid
##### SUCCESS: /usr/lib/jvm/jdk-14.0.1/bin/java -jar /lab/itti/projects/checkers-competition/server/referee.jar on run_22_vdhankar_bansalr #####
INPUT for bansalr:
GAME
WHITE
198.97
.b.....b
b.......
........
w.......
.......w
w.......
........
W.....B.
##### Running: /usr/bin/time -o time_22_vdhankar_bansalr.txt -f "%U" python3 homework.py > stulog.txt 2>&1 on bansalr #####
##### SUCCESS: /usr/bin/time -o time_22_vdhankar_bansalr.txt -f "%U" python3 homework.py > stulog.txt 2>&1 on bansalr #####
##### bansalr plays [E a1 b2] in 4.12s #####
##### Running: /usr/lib/jvm/jdk-14.0.1/bin/java -jar /lab/itti/projects/checkers-competition/server/referee.jar on run_22_vdhankar_bansalr #####
Move is valid
##### SUCCESS: /usr/lib/jvm/jdk-14.0.1/bin/java -jar /lab/itti/projects/checkers-competition/server/referee.jar on run_22_vdhankar_bansalr #####
INPUT for vdhankar:
GAME
BLACK
93.771945476532
.b.....b
b.......
........
w.......
.......w
w.......
.W......
......B.
##### Running: /usr/bin/time -o time_22_vdhankar_bansalr.txt -f "%U" python3 homework.py > stulog.txt 2>&1 on vdhankar #####
child exited with value 1
##### ERROR: /usr/bin/time -o time_22_vdhankar_bansalr.txt -f "%U" python3 homework.py > stulog.txt 2>&1 on vdhankar #####
##### Output of failed program (stdout + stderr): #####
Traceback (most recent call last):
  File "homework.py", line 546, in <module>
    print(end-start)
NameError: name 'end' is not defined
##### End of output of failed program #####
##### vdhankar plays [E g1 h2] in 9.40271782875061s #####
##### Running: /usr/lib/jvm/jdk-14.0.1/bin/java -jar /lab/itti/projects/checkers-competition/server/referee.jar on run_22_vdhankar_bansalr #####
Move is valid
##### SUCCESS: /usr/lib/jvm/jdk-14.0.1/bin/java -jar /lab/itti/projects/checkers-competition/server/referee.jar on run_22_vdhankar_bansalr #####
INPUT for bansalr:
GAME
WHITE
194.85
.b.....b
b.......
........
w.......
.......w
w.......
.W.....B
........
##### Running: /usr/bin/time -o time_22_vdhankar_bansalr.txt -f "%U" python3 homework.py > stulog.txt 2>&1 on bansalr #####
##### SUCCESS: /usr/bin/time -o time_22_vdhankar_bansalr.txt -f "%U" python3 homework.py > stulog.txt 2>&1 on bansalr #####
##### bansalr plays [E b2 a1] in 4.2s #####
##### Running: /usr/lib/jvm/jdk-14.0.1/bin/java -jar /lab/itti/projects/checkers-competition/server/referee.jar on run_22_vdhankar_bansalr #####
Move is valid
##### SUCCESS: /usr/lib/jvm/jdk-14.0.1/bin/java -jar /lab/itti/projects/checkers-competition/server/referee.jar on run_22_vdhankar_bansalr #####
INPUT for vdhankar:
GAME
BLACK
84.3692276477814
.b.....b
b.......
........
w.......
.......w
w.......
.......B
W.......
##### Running: /usr/bin/time -o time_22_vdhankar_bansalr.txt -f "%U" python3 homework.py > stulog.txt 2>&1 on vdhankar #####
child exited with value 1
##### ERROR: /usr/bin/time -o time_22_vdhankar_bansalr.txt -f "%U" python3 homework.py > stulog.txt 2>&1 on vdhankar #####
##### Output of failed program (stdout + stderr): #####
Traceback (most recent call last):
  File "homework.py", line 546, in <module>
    print(end-start)
NameError: name 'end' is not defined
##### End of output of failed program #####
##### vdhankar plays [E h2 g1] in 3.55398106575012s #####
##### Running: /usr/lib/jvm/jdk-14.0.1/bin/java -jar /lab/itti/projects/checkers-competition/server/referee.jar on run_22_vdhankar_bansalr #####
Move is valid
##### SUCCESS: /usr/lib/jvm/jdk-14.0.1/bin/java -jar /lab/itti/projects/checkers-competition/server/referee.jar on run_22_vdhankar_bansalr #####
INPUT for bansalr:
GAME
WHITE
190.65
.b.....b
b.......
........
w.......
.......w
w.......
........
W.....B.
##### Running: /usr/bin/time -o time_22_vdhankar_bansalr.txt -f "%U" python3 homework.py > stulog.txt 2>&1 on bansalr #####
##### SUCCESS: /usr/bin/time -o time_22_vdhankar_bansalr.txt -f "%U" python3 homework.py > stulog.txt 2>&1 on bansalr #####
##### bansalr plays [E a1 b2] in 4.02s #####
##### Running: /usr/lib/jvm/jdk-14.0.1/bin/java -jar /lab/itti/projects/checkers-competition/server/referee.jar on run_22_vdhankar_bansalr #####
Move is valid
##### SUCCESS: /usr/lib/jvm/jdk-14.0.1/bin/java -jar /lab/itti/projects/checkers-competition/server/referee.jar on run_22_vdhankar_bansalr #####
INPUT for vdhankar:
GAME
BLACK
80.8152465820312
.b.....b
b.......
........
w.......
.......w
w.......
.W......
......B.
##### Running: /usr/bin/time -o time_22_vdhankar_bansalr.txt -f "%U" python3 homework.py > stulog.txt 2>&1 on vdhankar #####
child exited with value 1
##### ERROR: /usr/bin/time -o time_22_vdhankar_bansalr.txt -f "%U" python3 homework.py > stulog.txt 2>&1 on vdhankar #####
##### Output of failed program (stdout + stderr): #####
Traceback (most recent call last):
  File "homework.py", line 546, in <module>
    print(end-start)
NameError: name 'end' is not defined
##### End of output of failed program #####
##### vdhankar plays [E g1 h2] in 9.00090885162354s #####
##### Running: /usr/lib/jvm/jdk-14.0.1/bin/java -jar /lab/itti/projects/checkers-competition/server/referee.jar on run_22_vdhankar_bansalr #####
Move is valid
Seen this position 3 times
*** Game ends in draw ***
##### SUCCESS: /usr/lib/jvm/jdk-14.0.1/bin/java -jar /lab/itti/projects/checkers-competition/server/referee.jar on run_22_vdhankar_bansalr #####
##### GAME ENDS IN A DRAW. Time left for vdhankar: 71.8143377304077s, bansalr: 186.63s
Server said: DRAW
##### GAME OVER: the game ends in a draw, bansalr wins by time remaining #####
########## ROUND 22 GAMESCORE AFTER GAME 4: vdhankar=2 and bansalr=2 ##########


########## TIE ON ROUND 22 - BOTH PLAYERS ADVANCE TO NEXT ROUND ##########
