#################### ROUND 22: vdhankar (W) vs jiayanwa (B): game 1 ####################
##### game start! #####
INPUT for jiayanwa:
GAME
BLACK
300
.b.b.b.b
b.b.b.b.
.b.b.b.b
........
........
w.w.w.w.
.w.w.w.w
w.w.w.w.
##### Running: /usr/bin/time -o time_22_vdhankar_jiayanwa.txt -f "%U" /usr/lib/jvm/jdk-14.0.1/bin/java homework > stulog.txt 2>&1 on jiayanwa #####
##### SUCCESS: /usr/bin/time -o time_22_vdhankar_jiayanwa.txt -f "%U" /usr/lib/jvm/jdk-14.0.1/bin/java homework > stulog.txt 2>&1 on jiayanwa #####
##### jiayanwa plays [E b6 a5] in 0.38s #####
##### Running: /usr/lib/jvm/jdk-14.0.1/bin/java -jar /lab/itti/projects/checkers-competition/server/referee.jar on run_22_vdhankar_jiayanwa #####
Move is valid
Couldn't read file 'current_ply.txt'
Couldn't read content from file 'current_ply.txt'
Couldn't read file 'lastmatchange_ply.txt'
Couldn't read content from file 'lastmatchange_ply.txt'
##### SUCCESS: /usr/lib/jvm/jdk-14.0.1/bin/java -jar /lab/itti/projects/checkers-competition/server/referee.jar on run_22_vdhankar_jiayanwa #####
INPUT for vdhankar:
GAME
WHITE
300
.b.b.b.b
b.b.b.b.
...b.b.b
b.......
........
w.w.w.w.
.w.w.w.w
w.w.w.w.
##### Running: /usr/bin/time -o time_22_vdhankar_jiayanwa.txt -f "%U" python3 homework.py > stulog.txt 2>&1 on vdhankar #####
child exited with value 1
##### ERROR: /usr/bin/time -o time_22_vdhankar_jiayanwa.txt -f "%U" python3 homework.py > stulog.txt 2>&1 on vdhankar #####
##### Output of failed program (stdout + stderr): #####
Traceback (most recent call last):
  File "homework.py", line 546, in <module>
    print(end-start)
NameError: name 'end' is not defined
##### End of output of failed program #####
##### vdhankar plays [E g3 h4] in 12.8452889919281s #####
##### Running: /usr/lib/jvm/jdk-14.0.1/bin/java -jar /lab/itti/projects/checkers-competition/server/referee.jar on run_22_vdhankar_jiayanwa #####
Move is valid
##### SUCCESS: /usr/lib/jvm/jdk-14.0.1/bin/java -jar /lab/itti/projects/checkers-competition/server/referee.jar on run_22_vdhankar_jiayanwa #####
INPUT for jiayanwa:
GAME
BLACK
299.62
.b.b.b.b
b.b.b.b.
...b.b.b
b.......
.......w
w.w.w...
.w.w.w.w
w.w.w.w.
##### Running: /usr/bin/time -o time_22_vdhankar_jiayanwa.txt -f "%U" /usr/lib/jvm/jdk-14.0.1/bin/java homework > stulog.txt 2>&1 on jiayanwa #####
##### SUCCESS: /usr/bin/time -o time_22_vdhankar_jiayanwa.txt -f "%U" /usr/lib/jvm/jdk-14.0.1/bin/java homework > stulog.txt 2>&1 on jiayanwa #####
##### jiayanwa plays [E d6 c5] in 0.44s #####
##### Running: /usr/lib/jvm/jdk-14.0.1/bin/java -jar /lab/itti/projects/checkers-competition/server/referee.jar on run_22_vdhankar_jiayanwa #####
Move is valid
##### SUCCESS: /usr/lib/jvm/jdk-14.0.1/bin/java -jar /lab/itti/projects/checkers-competition/server/referee.jar on run_22_vdhankar_jiayanwa #####
INPUT for vdhankar:
GAME
WHITE
287.154711008072
.b.b.b.b
b.b.b.b.
.....b.b
b.b.....
.......w
w.w.w...
.w.w.w.w
w.w.w.w.
##### Running: /usr/bin/time -o time_22_vdhankar_jiayanwa.txt -f "%U" python3 homework.py > stulog.txt 2>&1 on vdhankar #####
child exited with value 1
##### ERROR: /usr/bin/time -o time_22_vdhankar_jiayanwa.txt -f "%U" python3 homework.py > stulog.txt 2>&1 on vdhankar #####
##### Output of failed program (stdout + stderr): #####
Traceback (most recent call last):
  File "homework.py", line 546, in <module>
    print(end-start)
NameError: name 'end' is not defined
##### End of output of failed program #####
##### vdhankar plays [E h2 g3] in 12.2894818782806s #####
##### Running: /usr/lib/jvm/jdk-14.0.1/bin/java -jar /lab/itti/projects/checkers-competition/server/referee.jar on run_22_vdhankar_jiayanwa #####
Move is valid
##### SUCCESS: /usr/lib/jvm/jdk-14.0.1/bin/java -jar /lab/itti/projects/checkers-competition/server/referee.jar on run_22_vdhankar_jiayanwa #####
INPUT for jiayanwa:
GAME
BLACK
299.18
.b.b.b.b
b.b.b.b.
.....b.b
b.b.....
.......w
w.w.w.w.
.w.w.w..
w.w.w.w.
##### Running: /usr/bin/time -o time_22_vdhankar_jiayanwa.txt -f "%U" /usr/lib/jvm/jdk-14.0.1/bin/java homework > stulog.txt 2>&1 on jiayanwa #####
##### SUCCESS: /usr/bin/time -o time_22_vdhankar_jiayanwa.txt -f "%U" /usr/lib/jvm/jdk-14.0.1/bin/java homework > stulog.txt 2>&1 on jiayanwa #####
##### jiayanwa plays [E f6 e5] in 0.42s #####
##### Running: /usr/lib/jvm/jdk-14.0.1/bin/java -jar /lab/itti/projects/checkers-competition/server/referee.jar on run_22_vdhankar_jiayanwa #####
Move is valid
##### SUCCESS: /usr/lib/jvm/jdk-14.0.1/bin/java -jar /lab/itti/projects/checkers-competition/server/referee.jar on run_22_vdhankar_jiayanwa #####
INPUT for vdhankar:
GAME
WHITE
274.865229129791
.b.b.b.b
b.b.b.b.
.......b
b.b.b...
.......w
w.w.w.w.
.w.w.w..
w.w.w.w.
##### Running: /usr/bin/time -o time_22_vdhankar_jiayanwa.txt -f "%U" python3 homework.py > stulog.txt 2>&1 on vdhankar #####
child exited with value 1
##### ERROR: /usr/bin/time -o time_22_vdhankar_jiayanwa.txt -f "%U" python3 homework.py > stulog.txt 2>&1 on vdhankar #####
##### Output of failed program (stdout + stderr): #####
Traceback (most recent call last):
  File "homework.py", line 546, in <module>
    print(end-start)
NameError: name 'end' is not defined
##### End of output of failed program #####
##### vdhankar plays [E c3 d4] in 1.73757600784302s #####
##### Running: /usr/lib/jvm/jdk-14.0.1/bin/java -jar /lab/itti/projects/checkers-competition/server/referee.jar on run_22_vdhankar_jiayanwa #####
Move is valid
##### SUCCESS: /usr/lib/jvm/jdk-14.0.1/bin/java -jar /lab/itti/projects/checkers-competition/server/referee.jar on run_22_vdhankar_jiayanwa #####
INPUT for jiayanwa:
GAME
BLACK
298.76
.b.b.b.b
b.b.b.b.
.......b
b.b.b...
...w...w
w...w.w.
.w.w.w..
w.w.w.w.
##### Running: /usr/bin/time -o time_22_vdhankar_jiayanwa.txt -f "%U" /usr/lib/jvm/jdk-14.0.1/bin/java homework > stulog.txt 2>&1 on jiayanwa #####
##### SUCCESS: /usr/bin/time -o time_22_vdhankar_jiayanwa.txt -f "%U" /usr/lib/jvm/jdk-14.0.1/bin/java homework > stulog.txt 2>&1 on jiayanwa #####
##### jiayanwa plays [J e5 c3] in 0.33s #####
##### Running: /usr/lib/jvm/jdk-14.0.1/bin/java -jar /lab/itti/projects/checkers-competition/server/referee.jar on run_22_vdhankar_jiayanwa #####
Move is valid
##### SUCCESS: /usr/lib/jvm/jdk-14.0.1/bin/java -jar /lab/itti/projects/checkers-competition/server/referee.jar on run_22_vdhankar_jiayanwa #####
INPUT for vdhankar:
GAME
WHITE
273.127653121948
.b.b.b.b
b.b.b.b.
.......b
b.b.....
.......w
w.b.w.w.
.w.w.w..
w.w.w.w.
##### Running: /usr/bin/time -o time_22_vdhankar_jiayanwa.txt -f "%U" python3 homework.py > stulog.txt 2>&1 on vdhankar #####
child exited with value 1
##### ERROR: /usr/bin/time -o time_22_vdhankar_jiayanwa.txt -f "%U" python3 homework.py > stulog.txt 2>&1 on vdhankar #####
##### Output of failed program (stdout + stderr): #####
Traceback (most recent call last):
  File "homework.py", line 546, in <module>
    print(end-start)
NameError: name 'end' is not defined
##### End of output of failed program #####
##### vdhankar plays [J d2 b4 ; J b4 d6] in 3.84751892089844s #####
##### Running: /usr/lib/jvm/jdk-14.0.1/bin/java -jar /lab/itti/projects/checkers-competition/server/referee.jar on run_22_vdhankar_jiayanwa #####
Move is valid
##### SUCCESS: /usr/lib/jvm/jdk-14.0.1/bin/java -jar /lab/itti/projects/checkers-competition/server/referee.jar on run_22_vdhankar_jiayanwa #####
INPUT for jiayanwa:
GAME
BLACK
298.43
.b.b.b.b
b.b.b.b.
...w...b
b.......
.......w
w...w.w.
.w...w..
w.w.w.w.
##### Running: /usr/bin/time -o time_22_vdhankar_jiayanwa.txt -f "%U" /usr/lib/jvm/jdk-14.0.1/bin/java homework > stulog.txt 2>&1 on jiayanwa #####
##### SUCCESS: /usr/bin/time -o time_22_vdhankar_jiayanwa.txt -f "%U" /usr/lib/jvm/jdk-14.0.1/bin/java homework > stulog.txt 2>&1 on jiayanwa #####
##### jiayanwa plays [J c7 e5] in 0.41s #####
##### Running: /usr/lib/jvm/jdk-14.0.1/bin/java -jar /lab/itti/projects/checkers-competition/server/referee.jar on run_22_vdhankar_jiayanwa #####
Move is valid
##### SUCCESS: /usr/lib/jvm/jdk-14.0.1/bin/java -jar /lab/itti/projects/checkers-competition/server/referee.jar on run_22_vdhankar_jiayanwa #####
INPUT for vdhankar:
GAME
WHITE
269.28013420105
.b.b.b.b
b...b.b.
.......b
b...b...
.......w
w...w.w.
.w...w..
w.w.w.w.
##### Running: /usr/bin/time -o time_22_vdhankar_jiayanwa.txt -f "%U" python3 homework.py > stulog.txt 2>&1 on vdhankar #####
child exited with value 1
##### ERROR: /usr/bin/time -o time_22_vdhankar_jiayanwa.txt -f "%U" python3 homework.py > stulog.txt 2>&1 on vdhankar #####
##### Output of failed program (stdout + stderr): #####
Traceback (most recent call last):
  File "homework.py", line 546, in <module>
    print(end-start)
NameError: name 'end' is not defined
##### End of output of failed program #####
##### vdhankar plays [E g1 h2] in 3.32231187820435s #####
##### Running: /usr/lib/jvm/jdk-14.0.1/bin/java -jar /lab/itti/projects/checkers-competition/server/referee.jar on run_22_vdhankar_jiayanwa #####
Move is valid
##### SUCCESS: /usr/lib/jvm/jdk-14.0.1/bin/java -jar /lab/itti/projects/checkers-competition/server/referee.jar on run_22_vdhankar_jiayanwa #####
INPUT for jiayanwa:
GAME
BLACK
298.02
.b.b.b.b
b...b.b.
.......b
b...b...
.......w
w...w.w.
.w...w.w
w.w.w...
##### Running: /usr/bin/time -o time_22_vdhankar_jiayanwa.txt -f "%U" /usr/lib/jvm/jdk-14.0.1/bin/java homework > stulog.txt 2>&1 on jiayanwa #####
##### SUCCESS: /usr/bin/time -o time_22_vdhankar_jiayanwa.txt -f "%U" /usr/lib/jvm/jdk-14.0.1/bin/java homework > stulog.txt 2>&1 on jiayanwa #####
##### jiayanwa plays [E a7 b6] in 0.52s #####
##### Running: /usr/lib/jvm/jdk-14.0.1/bin/java -jar /lab/itti/projects/checkers-competition/server/referee.jar on run_22_vdhankar_jiayanwa #####
Move is valid
##### SUCCESS: /usr/lib/jvm/jdk-14.0.1/bin/java -jar /lab/itti/projects/checkers-competition/server/referee.jar on run_22_vdhankar_jiayanwa #####
INPUT for vdhankar:
GAME
WHITE
265.957822322845
.b.b.b.b
....b.b.
.b.....b
b...b...
.......w
w...w.w.
.w...w.w
w.w.w...
##### Running: /usr/bin/time -o time_22_vdhankar_jiayanwa.txt -f "%U" python3 homework.py > stulog.txt 2>&1 on vdhankar #####
child exited with value 1
##### ERROR: /usr/bin/time -o time_22_vdhankar_jiayanwa.txt -f "%U" python3 homework.py > stulog.txt 2>&1 on vdhankar #####
##### Output of failed program (stdout + stderr): #####
Traceback (most recent call last):
  File "homework.py", line 546, in <module>
    print(end-start)
NameError: name 'end' is not defined
##### End of output of failed program #####
##### vdhankar plays [E g3 f4] in 2.96591305732727s #####
##### Running: /usr/lib/jvm/jdk-14.0.1/bin/java -jar /lab/itti/projects/checkers-competition/server/referee.jar on run_22_vdhankar_jiayanwa #####
Move is valid
##### SUCCESS: /usr/lib/jvm/jdk-14.0.1/bin/java -jar /lab/itti/projects/checkers-competition/server/referee.jar on run_22_vdhankar_jiayanwa #####
INPUT for jiayanwa:
GAME
BLACK
297.5
.b.b.b.b
....b.b.
.b.....b
b...b...
.....w.w
w...w...
.w...w.w
w.w.w...
##### Running: /usr/bin/time -o time_22_vdhankar_jiayanwa.txt -f "%U" /usr/lib/jvm/jdk-14.0.1/bin/java homework > stulog.txt 2>&1 on jiayanwa #####
##### SUCCESS: /usr/bin/time -o time_22_vdhankar_jiayanwa.txt -f "%U" /usr/lib/jvm/jdk-14.0.1/bin/java homework > stulog.txt 2>&1 on jiayanwa #####
##### jiayanwa plays [J e5 g3] in 0.32s #####
##### Running: /usr/lib/jvm/jdk-14.0.1/bin/java -jar /lab/itti/projects/checkers-competition/server/referee.jar on run_22_vdhankar_jiayanwa #####
Move is valid
##### SUCCESS: /usr/lib/jvm/jdk-14.0.1/bin/java -jar /lab/itti/projects/checkers-competition/server/referee.jar on run_22_vdhankar_jiayanwa #####
INPUT for vdhankar:
GAME
WHITE
262.991909265518
.b.b.b.b
....b.b.
.b.....b
b.......
.......w
w...w.b.
.w...w.w
w.w.w...
##### Running: /usr/bin/time -o time_22_vdhankar_jiayanwa.txt -f "%U" python3 homework.py > stulog.txt 2>&1 on vdhankar #####
child exited with value 1
##### ERROR: /usr/bin/time -o time_22_vdhankar_jiayanwa.txt -f "%U" python3 homework.py > stulog.txt 2>&1 on vdhankar #####
##### Output of failed program (stdout + stderr): #####
Traceback (most recent call last):
  File "homework.py", line 546, in <module>
    print(end-start)
NameError: name 'end' is not defined
##### End of output of failed program #####
##### vdhankar plays [J h2 f4] in 6.67360186576843s #####
##### Running: /usr/lib/jvm/jdk-14.0.1/bin/java -jar /lab/itti/projects/checkers-competition/server/referee.jar on run_22_vdhankar_jiayanwa #####
Move is valid
##### SUCCESS: /usr/lib/jvm/jdk-14.0.1/bin/java -jar /lab/itti/projects/checkers-competition/server/referee.jar on run_22_vdhankar_jiayanwa #####
INPUT for jiayanwa:
GAME
BLACK
297.18
.b.b.b.b
....b.b.
.b.....b
b.......
.....w.w
w...w...
.w...w..
w.w.w...
##### Running: /usr/bin/time -o time_22_vdhankar_jiayanwa.txt -f "%U" /usr/lib/jvm/jdk-14.0.1/bin/java homework > stulog.txt 2>&1 on jiayanwa #####
##### SUCCESS: /usr/bin/time -o time_22_vdhankar_jiayanwa.txt -f "%U" /usr/lib/jvm/jdk-14.0.1/bin/java homework > stulog.txt 2>&1 on jiayanwa #####
##### jiayanwa plays [E b6 c5] in 0.68s #####
##### Running: /usr/lib/jvm/jdk-14.0.1/bin/java -jar /lab/itti/projects/checkers-competition/server/referee.jar on run_22_vdhankar_jiayanwa #####
Move is valid
##### SUCCESS: /usr/lib/jvm/jdk-14.0.1/bin/java -jar /lab/itti/projects/checkers-competition/server/referee.jar on run_22_vdhankar_jiayanwa #####
INPUT for vdhankar:
GAME
WHITE
256.31830739975
.b.b.b.b
....b.b.
.......b
b.b.....
.....w.w
w...w...
.w...w..
w.w.w...
##### Running: /usr/bin/time -o time_22_vdhankar_jiayanwa.txt -f "%U" python3 homework.py > stulog.txt 2>&1 on vdhankar #####
child exited with value 1
##### ERROR: /usr/bin/time -o time_22_vdhankar_jiayanwa.txt -f "%U" python3 homework.py > stulog.txt 2>&1 on vdhankar #####
##### Output of failed program (stdout + stderr): #####
Traceback (most recent call last):
  File "homework.py", line 546, in <module>
    print(end-start)
NameError: name 'end' is not defined
##### End of output of failed program #####
##### vdhankar plays [E b2 c3] in 26.0872120857239s #####
##### Running: /usr/lib/jvm/jdk-14.0.1/bin/java -jar /lab/itti/projects/checkers-competition/server/referee.jar on run_22_vdhankar_jiayanwa #####
Move is valid
##### SUCCESS: /usr/lib/jvm/jdk-14.0.1/bin/java -jar /lab/itti/projects/checkers-competition/server/referee.jar on run_22_vdhankar_jiayanwa #####
INPUT for jiayanwa:
GAME
BLACK
296.5
.b.b.b.b
....b.b.
.......b
b.b.....
.....w.w
w.w.w...
.....w..
w.w.w...
##### Running: /usr/bin/time -o time_22_vdhankar_jiayanwa.txt -f "%U" /usr/lib/jvm/jdk-14.0.1/bin/java homework > stulog.txt 2>&1 on jiayanwa #####
##### SUCCESS: /usr/bin/time -o time_22_vdhankar_jiayanwa.txt -f "%U" /usr/lib/jvm/jdk-14.0.1/bin/java homework > stulog.txt 2>&1 on jiayanwa #####
##### jiayanwa plays [E e7 f6] in 0.65s #####
##### Running: /usr/lib/jvm/jdk-14.0.1/bin/java -jar /lab/itti/projects/checkers-competition/server/referee.jar on run_22_vdhankar_jiayanwa #####
Move is valid
##### SUCCESS: /usr/lib/jvm/jdk-14.0.1/bin/java -jar /lab/itti/projects/checkers-competition/server/referee.jar on run_22_vdhankar_jiayanwa #####
INPUT for vdhankar:
GAME
WHITE
230.231095314026
.b.b.b.b
......b.
.....b.b
b.b.....
.....w.w
w.w.w...
.....w..
w.w.w...
##### Running: /usr/bin/time -o time_22_vdhankar_jiayanwa.txt -f "%U" python3 homework.py > stulog.txt 2>&1 on vdhankar #####
child exited with value 1
##### ERROR: /usr/bin/time -o time_22_vdhankar_jiayanwa.txt -f "%U" python3 homework.py > stulog.txt 2>&1 on vdhankar #####
##### Output of failed program (stdout + stderr): #####
Traceback (most recent call last):
  File "homework.py", line 546, in <module>
    print(end-start)
NameError: name 'end' is not defined
##### End of output of failed program #####
##### vdhankar plays [E f2 g3] in 16.567715883255s #####
##### Running: /usr/lib/jvm/jdk-14.0.1/bin/java -jar /lab/itti/projects/checkers-competition/server/referee.jar on run_22_vdhankar_jiayanwa #####
Move is valid
##### SUCCESS: /usr/lib/jvm/jdk-14.0.1/bin/java -jar /lab/itti/projects/checkers-competition/server/referee.jar on run_22_vdhankar_jiayanwa #####
INPUT for jiayanwa:
GAME
BLACK
295.85
.b.b.b.b
......b.
.....b.b
b.b.....
.....w.w
w.w.w.w.
........
w.w.w...
##### Running: /usr/bin/time -o time_22_vdhankar_jiayanwa.txt -f "%U" /usr/lib/jvm/jdk-14.0.1/bin/java homework > stulog.txt 2>&1 on jiayanwa #####
##### SUCCESS: /usr/bin/time -o time_22_vdhankar_jiayanwa.txt -f "%U" /usr/lib/jvm/jdk-14.0.1/bin/java homework > stulog.txt 2>&1 on jiayanwa #####
##### jiayanwa plays [E d8 c7] in 0.62s #####
##### Running: /usr/lib/jvm/jdk-14.0.1/bin/java -jar /lab/itti/projects/checkers-competition/server/referee.jar on run_22_vdhankar_jiayanwa #####
Move is valid
##### SUCCESS: /usr/lib/jvm/jdk-14.0.1/bin/java -jar /lab/itti/projects/checkers-competition/server/referee.jar on run_22_vdhankar_jiayanwa #####
INPUT for vdhankar:
GAME
WHITE
213.663379430771
.b...b.b
..b...b.
.....b.b
b.b.....
.....w.w
w.w.w.w.
........
w.w.w...
##### Running: /usr/bin/time -o time_22_vdhankar_jiayanwa.txt -f "%U" python3 homework.py > stulog.txt 2>&1 on vdhankar #####
child exited with value 1
##### ERROR: /usr/bin/time -o time_22_vdhankar_jiayanwa.txt -f "%U" python3 homework.py > stulog.txt 2>&1 on vdhankar #####
##### Output of failed program (stdout + stderr): #####
Traceback (most recent call last):
  File "homework.py", line 546, in <module>
    print(end-start)
NameError: name 'end' is not defined
##### End of output of failed program #####
##### vdhankar plays [E c3 d4] in 14.9261870384216s #####
##### Running: /usr/lib/jvm/jdk-14.0.1/bin/java -jar /lab/itti/projects/checkers-competition/server/referee.jar on run_22_vdhankar_jiayanwa #####
Move is valid
##### SUCCESS: /usr/lib/jvm/jdk-14.0.1/bin/java -jar /lab/itti/projects/checkers-competition/server/referee.jar on run_22_vdhankar_jiayanwa #####
INPUT for jiayanwa:
GAME
BLACK
295.23
.b...b.b
..b...b.
.....b.b
b.b.....
...w.w.w
w...w.w.
........
w.w.w...
##### Running: /usr/bin/time -o time_22_vdhankar_jiayanwa.txt -f "%U" /usr/lib/jvm/jdk-14.0.1/bin/java homework > stulog.txt 2>&1 on jiayanwa #####
##### SUCCESS: /usr/bin/time -o time_22_vdhankar_jiayanwa.txt -f "%U" /usr/lib/jvm/jdk-14.0.1/bin/java homework > stulog.txt 2>&1 on jiayanwa #####
##### jiayanwa plays [E c5 b4] in 0.49s #####
##### Running: /usr/lib/jvm/jdk-14.0.1/bin/java -jar /lab/itti/projects/checkers-competition/server/referee.jar on run_22_vdhankar_jiayanwa #####
Move is valid
##### SUCCESS: /usr/lib/jvm/jdk-14.0.1/bin/java -jar /lab/itti/projects/checkers-competition/server/referee.jar on run_22_vdhankar_jiayanwa #####
INPUT for vdhankar:
GAME
WHITE
198.737192392349
.b...b.b
..b...b.
.....b.b
b.......
.b.w.w.w
w...w.w.
........
w.w.w...
##### Running: /usr/bin/time -o time_22_vdhankar_jiayanwa.txt -f "%U" python3 homework.py > stulog.txt 2>&1 on vdhankar #####
child exited with value 1
##### ERROR: /usr/bin/time -o time_22_vdhankar_jiayanwa.txt -f "%U" python3 homework.py > stulog.txt 2>&1 on vdhankar #####
##### Output of failed program (stdout + stderr): #####
Traceback (most recent call last):
  File "homework.py", line 546, in <module>
    print(end-start)
NameError: name 'end' is not defined
##### End of output of failed program #####
##### vdhankar plays [J a3 c5] in 2.54821395874023s #####
##### Running: /usr/lib/jvm/jdk-14.0.1/bin/java -jar /lab/itti/projects/checkers-competition/server/referee.jar on run_22_vdhankar_jiayanwa #####
Move is valid
##### SUCCESS: /usr/lib/jvm/jdk-14.0.1/bin/java -jar /lab/itti/projects/checkers-competition/server/referee.jar on run_22_vdhankar_jiayanwa #####
INPUT for jiayanwa:
GAME
BLACK
294.74
.b...b.b
..b...b.
.....b.b
b.w.....
...w.w.w
....w.w.
........
w.w.w...
##### Running: /usr/bin/time -o time_22_vdhankar_jiayanwa.txt -f "%U" /usr/lib/jvm/jdk-14.0.1/bin/java homework > stulog.txt 2>&1 on jiayanwa #####
##### SUCCESS: /usr/bin/time -o time_22_vdhankar_jiayanwa.txt -f "%U" /usr/lib/jvm/jdk-14.0.1/bin/java homework > stulog.txt 2>&1 on jiayanwa #####
##### jiayanwa plays [E a5 b4] in 0.45s #####
##### Running: /usr/lib/jvm/jdk-14.0.1/bin/java -jar /lab/itti/projects/checkers-competition/server/referee.jar on run_22_vdhankar_jiayanwa #####
Move is valid
##### SUCCESS: /usr/lib/jvm/jdk-14.0.1/bin/java -jar /lab/itti/projects/checkers-competition/server/referee.jar on run_22_vdhankar_jiayanwa #####
INPUT for vdhankar:
GAME
WHITE
196.188978433609
.b...b.b
..b...b.
.....b.b
..w.....
.b.w.w.w
....w.w.
........
w.w.w...
##### Running: /usr/bin/time -o time_22_vdhankar_jiayanwa.txt -f "%U" python3 homework.py > stulog.txt 2>&1 on vdhankar #####
child exited with value 1
##### ERROR: /usr/bin/time -o time_22_vdhankar_jiayanwa.txt -f "%U" python3 homework.py > stulog.txt 2>&1 on vdhankar #####
##### Output of failed program (stdout + stderr): #####
Traceback (most recent call last):
  File "homework.py", line 546, in <module>
    print(end-start)
NameError: name 'end' is not defined
##### End of output of failed program #####
##### vdhankar plays [E f4 e5] in 12.849231004715s #####
##### Running: /usr/lib/jvm/jdk-14.0.1/bin/java -jar /lab/itti/projects/checkers-competition/server/referee.jar on run_22_vdhankar_jiayanwa #####
Move is valid
##### SUCCESS: /usr/lib/jvm/jdk-14.0.1/bin/java -jar /lab/itti/projects/checkers-competition/server/referee.jar on run_22_vdhankar_jiayanwa #####
INPUT for jiayanwa:
GAME
BLACK
294.29
.b...b.b
..b...b.
.....b.b
..w.w...
.b.w...w
....w.w.
........
w.w.w...
##### Running: /usr/bin/time -o time_22_vdhankar_jiayanwa.txt -f "%U" /usr/lib/jvm/jdk-14.0.1/bin/java homework > stulog.txt 2>&1 on jiayanwa #####
##### SUCCESS: /usr/bin/time -o time_22_vdhankar_jiayanwa.txt -f "%U" /usr/lib/jvm/jdk-14.0.1/bin/java homework > stulog.txt 2>&1 on jiayanwa #####
##### jiayanwa plays [E b4 a3] in 0.45s #####
##### Running: /usr/lib/jvm/jdk-14.0.1/bin/java -jar /lab/itti/projects/checkers-competition/server/referee.jar on run_22_vdhankar_jiayanwa #####
Move is valid
##### SUCCESS: /usr/lib/jvm/jdk-14.0.1/bin/java -jar /lab/itti/projects/checkers-competition/server/referee.jar on run_22_vdhankar_jiayanwa #####
INPUT for vdhankar:
GAME
WHITE
183.339747428894
.b...b.b
..b...b.
.....b.b
..w.w...
...w...w
b...w.w.
........
w.w.w...
##### Running: /usr/bin/time -o time_22_vdhankar_jiayanwa.txt -f "%U" python3 homework.py > stulog.txt 2>&1 on vdhankar #####
child exited with value 1
##### ERROR: /usr/bin/time -o time_22_vdhankar_jiayanwa.txt -f "%U" python3 homework.py > stulog.txt 2>&1 on vdhankar #####
##### Output of failed program (stdout + stderr): #####
Traceback (most recent call last):
  File "homework.py", line 546, in <module>
    print(end-start)
NameError: name 'end' is not defined
##### End of output of failed program #####
##### vdhankar plays [E g3 f4] in 11.2996180057526s #####
##### Running: /usr/lib/jvm/jdk-14.0.1/bin/java -jar /lab/itti/projects/checkers-competition/server/referee.jar on run_22_vdhankar_jiayanwa #####
Move is valid
##### SUCCESS: /usr/lib/jvm/jdk-14.0.1/bin/java -jar /lab/itti/projects/checkers-competition/server/referee.jar on run_22_vdhankar_jiayanwa #####
INPUT for jiayanwa:
GAME
BLACK
293.84
.b...b.b
..b...b.
.....b.b
..w.w...
...w.w.w
b...w...
........
w.w.w...
##### Running: /usr/bin/time -o time_22_vdhankar_jiayanwa.txt -f "%U" /usr/lib/jvm/jdk-14.0.1/bin/java homework > stulog.txt 2>&1 on jiayanwa #####
##### SUCCESS: /usr/bin/time -o time_22_vdhankar_jiayanwa.txt -f "%U" /usr/lib/jvm/jdk-14.0.1/bin/java homework > stulog.txt 2>&1 on jiayanwa #####
##### jiayanwa plays [E c7 d6] in 0.35s #####
##### Running: /usr/lib/jvm/jdk-14.0.1/bin/java -jar /lab/itti/projects/checkers-competition/server/referee.jar on run_22_vdhankar_jiayanwa #####
Move is valid
##### SUCCESS: /usr/lib/jvm/jdk-14.0.1/bin/java -jar /lab/itti/projects/checkers-competition/server/referee.jar on run_22_vdhankar_jiayanwa #####
INPUT for vdhankar:
GAME
WHITE
172.040129423141
.b...b.b
......b.
...b.b.b
..w.w...
...w.w.w
b...w...
........
w.w.w...
##### Running: /usr/bin/time -o time_22_vdhankar_jiayanwa.txt -f "%U" python3 homework.py > stulog.txt 2>&1 on vdhankar #####
child exited with value 1
##### ERROR: /usr/bin/time -o time_22_vdhankar_jiayanwa.txt -f "%U" python3 homework.py > stulog.txt 2>&1 on vdhankar #####
##### Output of failed program (stdout + stderr): #####
Traceback (most recent call last):
  File "homework.py", line 546, in <module>
    print(end-start)
NameError: name 'end' is not defined
##### End of output of failed program #####
##### vdhankar plays [J c5 e7] in 0.717835187911987s #####
##### Running: /usr/lib/jvm/jdk-14.0.1/bin/java -jar /lab/itti/projects/checkers-competition/server/referee.jar on run_22_vdhankar_jiayanwa #####
Move is valid
##### SUCCESS: /usr/lib/jvm/jdk-14.0.1/bin/java -jar /lab/itti/projects/checkers-competition/server/referee.jar on run_22_vdhankar_jiayanwa #####
INPUT for jiayanwa:
GAME
BLACK
293.49
.b...b.b
....w.b.
.....b.b
....w...
...w.w.w
b...w...
........
w.w.w...
##### Running: /usr/bin/time -o time_22_vdhankar_jiayanwa.txt -f "%U" /usr/lib/jvm/jdk-14.0.1/bin/java homework > stulog.txt 2>&1 on jiayanwa #####
##### SUCCESS: /usr/bin/time -o time_22_vdhankar_jiayanwa.txt -f "%U" /usr/lib/jvm/jdk-14.0.1/bin/java homework > stulog.txt 2>&1 on jiayanwa #####
##### jiayanwa plays [J f8 d6] in 0.31s #####
##### Running: /usr/lib/jvm/jdk-14.0.1/bin/java -jar /lab/itti/projects/checkers-competition/server/referee.jar on run_22_vdhankar_jiayanwa #####
Move is valid
##### SUCCESS: /usr/lib/jvm/jdk-14.0.1/bin/java -jar /lab/itti/projects/checkers-competition/server/referee.jar on run_22_vdhankar_jiayanwa #####
INPUT for vdhankar:
GAME
WHITE
171.322294235229
.b.....b
......b.
...b.b.b
....w...
...w.w.w
b...w...
........
w.w.w...
##### Running: /usr/bin/time -o time_22_vdhankar_jiayanwa.txt -f "%U" python3 homework.py > stulog.txt 2>&1 on vdhankar #####
child exited with value 1
##### ERROR: /usr/bin/time -o time_22_vdhankar_jiayanwa.txt -f "%U" python3 homework.py > stulog.txt 2>&1 on vdhankar #####
##### Output of failed program (stdout + stderr): #####
Traceback (most recent call last):
  File "homework.py", line 546, in <module>
    print(end-start)
NameError: name 'end' is not defined
##### End of output of failed program #####
##### vdhankar plays [J e5 c7] in 0.541985988616943s #####
##### Running: /usr/lib/jvm/jdk-14.0.1/bin/java -jar /lab/itti/projects/checkers-competition/server/referee.jar on run_22_vdhankar_jiayanwa #####
Move is valid
##### SUCCESS: /usr/lib/jvm/jdk-14.0.1/bin/java -jar /lab/itti/projects/checkers-competition/server/referee.jar on run_22_vdhankar_jiayanwa #####
INPUT for jiayanwa:
GAME
BLACK
293.18
.b.....b
..w...b.
.....b.b
........
...w.w.w
b...w...
........
w.w.w...
##### Running: /usr/bin/time -o time_22_vdhankar_jiayanwa.txt -f "%U" /usr/lib/jvm/jdk-14.0.1/bin/java homework > stulog.txt 2>&1 on jiayanwa #####
##### SUCCESS: /usr/bin/time -o time_22_vdhankar_jiayanwa.txt -f "%U" /usr/lib/jvm/jdk-14.0.1/bin/java homework > stulog.txt 2>&1 on jiayanwa #####
##### jiayanwa plays [J b8 d6] in 0.32s #####
##### Running: /usr/lib/jvm/jdk-14.0.1/bin/java -jar /lab/itti/projects/checkers-competition/server/referee.jar on run_22_vdhankar_jiayanwa #####
Move is valid
##### SUCCESS: /usr/lib/jvm/jdk-14.0.1/bin/java -jar /lab/itti/projects/checkers-competition/server/referee.jar on run_22_vdhankar_jiayanwa #####
INPUT for vdhankar:
GAME
WHITE
170.780308246613
.......b
......b.
...b.b.b
........
...w.w.w
b...w...
........
w.w.w...
##### Running: /usr/bin/time -o time_22_vdhankar_jiayanwa.txt -f "%U" python3 homework.py > stulog.txt 2>&1 on vdhankar #####
child exited with value 1
##### ERROR: /usr/bin/time -o time_22_vdhankar_jiayanwa.txt -f "%U" python3 homework.py > stulog.txt 2>&1 on vdhankar #####
##### Output of failed program (stdout + stderr): #####
Traceback (most recent call last):
  File "homework.py", line 546, in <module>
    print(end-start)
NameError: name 'end' is not defined
##### End of output of failed program #####
##### vdhankar plays [E h4 g5] in 1.41944599151611s #####
##### Running: /usr/lib/jvm/jdk-14.0.1/bin/java -jar /lab/itti/projects/checkers-competition/server/referee.jar on run_22_vdhankar_jiayanwa #####
Move is valid
##### SUCCESS: /usr/lib/jvm/jdk-14.0.1/bin/java -jar /lab/itti/projects/checkers-competition/server/referee.jar on run_22_vdhankar_jiayanwa #####
INPUT for jiayanwa:
GAME
BLACK
292.86
.......b
......b.
...b.b.b
......w.
...w.w..
b...w...
........
w.w.w...
##### Running: /usr/bin/time -o time_22_vdhankar_jiayanwa.txt -f "%U" /usr/lib/jvm/jdk-14.0.1/bin/java homework > stulog.txt 2>&1 on jiayanwa #####
##### SUCCESS: /usr/bin/time -o time_22_vdhankar_jiayanwa.txt -f "%U" /usr/lib/jvm/jdk-14.0.1/bin/java homework > stulog.txt 2>&1 on jiayanwa #####
##### jiayanwa plays [J f6 h4] in 0.33s #####
##### Running: /usr/lib/jvm/jdk-14.0.1/bin/java -jar /lab/itti/projects/checkers-competition/server/referee.jar on run_22_vdhankar_jiayanwa #####
Move is valid
##### SUCCESS: /usr/lib/jvm/jdk-14.0.1/bin/java -jar /lab/itti/projects/checkers-competition/server/referee.jar on run_22_vdhankar_jiayanwa #####
INPUT for vdhankar:
GAME
WHITE
169.360862255096
.......b
......b.
...b...b
........
...w.w.b
b...w...
........
w.w.w...
##### Running: /usr/bin/time -o time_22_vdhankar_jiayanwa.txt -f "%U" python3 homework.py > stulog.txt 2>&1 on vdhankar #####
child exited with value 1
##### ERROR: /usr/bin/time -o time_22_vdhankar_jiayanwa.txt -f "%U" python3 homework.py > stulog.txt 2>&1 on vdhankar #####
##### Output of failed program (stdout + stderr): #####
Traceback (most recent call last):
  File "homework.py", line 546, in <module>
    print(end-start)
NameError: name 'end' is not defined
##### End of output of failed program #####
##### vdhankar plays [E e1 f2] in 3.52331614494324s #####
##### Running: /usr/lib/jvm/jdk-14.0.1/bin/java -jar /lab/itti/projects/checkers-competition/server/referee.jar on run_22_vdhankar_jiayanwa #####
Move is valid
##### SUCCESS: /usr/lib/jvm/jdk-14.0.1/bin/java -jar /lab/itti/projects/checkers-competition/server/referee.jar on run_22_vdhankar_jiayanwa #####
INPUT for jiayanwa:
GAME
BLACK
292.53
.......b
......b.
...b...b
........
...w.w.b
b...w...
.....w..
w.w.....
##### Running: /usr/bin/time -o time_22_vdhankar_jiayanwa.txt -f "%U" /usr/lib/jvm/jdk-14.0.1/bin/java homework > stulog.txt 2>&1 on jiayanwa #####
##### SUCCESS: /usr/bin/time -o time_22_vdhankar_jiayanwa.txt -f "%U" /usr/lib/jvm/jdk-14.0.1/bin/java homework > stulog.txt 2>&1 on jiayanwa #####
##### jiayanwa plays [E h4 g3] in 0.44s #####
##### Running: /usr/lib/jvm/jdk-14.0.1/bin/java -jar /lab/itti/projects/checkers-competition/server/referee.jar on run_22_vdhankar_jiayanwa #####
Move is valid
##### SUCCESS: /usr/lib/jvm/jdk-14.0.1/bin/java -jar /lab/itti/projects/checkers-competition/server/referee.jar on run_22_vdhankar_jiayanwa #####
INPUT for vdhankar:
GAME
WHITE
165.837546110153
.......b
......b.
...b...b
........
...w.w..
b...w.b.
.....w..
w.w.....
##### Running: /usr/bin/time -o time_22_vdhankar_jiayanwa.txt -f "%U" python3 homework.py > stulog.txt 2>&1 on vdhankar #####
child exited with value 1
##### ERROR: /usr/bin/time -o time_22_vdhankar_jiayanwa.txt -f "%U" python3 homework.py > stulog.txt 2>&1 on vdhankar #####
##### Output of failed program (stdout + stderr): #####
Traceback (most recent call last):
  File "homework.py", line 546, in <module>
    print(end-start)
NameError: name 'end' is not defined
##### End of output of failed program #####
##### vdhankar plays [J f2 h4] in 0.661401987075806s #####
##### Running: /usr/lib/jvm/jdk-14.0.1/bin/java -jar /lab/itti/projects/checkers-competition/server/referee.jar on run_22_vdhankar_jiayanwa #####
Move is valid
##### SUCCESS: /usr/lib/jvm/jdk-14.0.1/bin/java -jar /lab/itti/projects/checkers-competition/server/referee.jar on run_22_vdhankar_jiayanwa #####
INPUT for jiayanwa:
GAME
BLACK
292.09
.......b
......b.
...b...b
........
...w.w.w
b...w...
........
w.w.....
##### Running: /usr/bin/time -o time_22_vdhankar_jiayanwa.txt -f "%U" /usr/lib/jvm/jdk-14.0.1/bin/java homework > stulog.txt 2>&1 on jiayanwa #####
##### SUCCESS: /usr/bin/time -o time_22_vdhankar_jiayanwa.txt -f "%U" /usr/lib/jvm/jdk-14.0.1/bin/java homework > stulog.txt 2>&1 on jiayanwa #####
##### jiayanwa plays [E d6 e5] in 0.31s #####
##### Running: /usr/lib/jvm/jdk-14.0.1/bin/java -jar /lab/itti/projects/checkers-competition/server/referee.jar on run_22_vdhankar_jiayanwa #####
Move is valid
##### SUCCESS: /usr/lib/jvm/jdk-14.0.1/bin/java -jar /lab/itti/projects/checkers-competition/server/referee.jar on run_22_vdhankar_jiayanwa #####
INPUT for vdhankar:
GAME
WHITE
165.176144123077
.......b
......b.
.......b
....b...
...w.w.w
b...w...
........
w.w.....
##### Running: /usr/bin/time -o time_22_vdhankar_jiayanwa.txt -f "%U" python3 homework.py > stulog.txt 2>&1 on vdhankar #####
child exited with value 1
##### ERROR: /usr/bin/time -o time_22_vdhankar_jiayanwa.txt -f "%U" python3 homework.py > stulog.txt 2>&1 on vdhankar #####
##### Output of failed program (stdout + stderr): #####
Traceback (most recent call last):
  File "homework.py", line 546, in <module>
    print(end-start)
NameError: name 'end' is not defined
##### End of output of failed program #####
##### vdhankar plays [J f4 d6] in 1.19821190834045s #####
##### Running: /usr/lib/jvm/jdk-14.0.1/bin/java -jar /lab/itti/projects/checkers-competition/server/referee.jar on run_22_vdhankar_jiayanwa #####
Move is valid
##### SUCCESS: /usr/lib/jvm/jdk-14.0.1/bin/java -jar /lab/itti/projects/checkers-competition/server/referee.jar on run_22_vdhankar_jiayanwa #####
INPUT for jiayanwa:
GAME
BLACK
291.78
.......b
......b.
...w...b
........
...w...w
b...w...
........
w.w.....
##### Running: /usr/bin/time -o time_22_vdhankar_jiayanwa.txt -f "%U" /usr/lib/jvm/jdk-14.0.1/bin/java homework > stulog.txt 2>&1 on jiayanwa #####
##### SUCCESS: /usr/bin/time -o time_22_vdhankar_jiayanwa.txt -f "%U" /usr/lib/jvm/jdk-14.0.1/bin/java homework > stulog.txt 2>&1 on jiayanwa #####
##### jiayanwa plays [E h6 g5] in 0.29s #####
##### Running: /usr/lib/jvm/jdk-14.0.1/bin/java -jar /lab/itti/projects/checkers-competition/server/referee.jar on run_22_vdhankar_jiayanwa #####
Move is valid
##### SUCCESS: /usr/lib/jvm/jdk-14.0.1/bin/java -jar /lab/itti/projects/checkers-competition/server/referee.jar on run_22_vdhankar_jiayanwa #####
INPUT for vdhankar:
GAME
WHITE
163.977932214737
.......b
......b.
...w....
......b.
...w...w
b...w...
........
w.w.....
##### Running: /usr/bin/time -o time_22_vdhankar_jiayanwa.txt -f "%U" python3 homework.py > stulog.txt 2>&1 on vdhankar #####
child exited with value 1
##### ERROR: /usr/bin/time -o time_22_vdhankar_jiayanwa.txt -f "%U" python3 homework.py > stulog.txt 2>&1 on vdhankar #####
##### Output of failed program (stdout + stderr): #####
Traceback (most recent call last):
  File "homework.py", line 546, in <module>
    print(end-start)
NameError: name 'end' is not defined
##### End of output of failed program #####
##### vdhankar plays [J h4 f6] in 0.70219087600708s #####
##### Running: /usr/lib/jvm/jdk-14.0.1/bin/java -jar /lab/itti/projects/checkers-competition/server/referee.jar on run_22_vdhankar_jiayanwa #####
Move is valid
##### SUCCESS: /usr/lib/jvm/jdk-14.0.1/bin/java -jar /lab/itti/projects/checkers-competition/server/referee.jar on run_22_vdhankar_jiayanwa #####
INPUT for jiayanwa:
GAME
BLACK
291.49
.......b
......b.
...w.w..
........
...w....
b...w...
........
w.w.....
##### Running: /usr/bin/time -o time_22_vdhankar_jiayanwa.txt -f "%U" /usr/lib/jvm/jdk-14.0.1/bin/java homework > stulog.txt 2>&1 on jiayanwa #####
##### SUCCESS: /usr/bin/time -o time_22_vdhankar_jiayanwa.txt -f "%U" /usr/lib/jvm/jdk-14.0.1/bin/java homework > stulog.txt 2>&1 on jiayanwa #####
##### jiayanwa plays [J g7 e5 ; J e5 c3] in 0.33s #####
##### Running: /usr/lib/jvm/jdk-14.0.1/bin/java -jar /lab/itti/projects/checkers-competition/server/referee.jar on run_22_vdhankar_jiayanwa #####
Move is valid
##### SUCCESS: /usr/lib/jvm/jdk-14.0.1/bin/java -jar /lab/itti/projects/checkers-competition/server/referee.jar on run_22_vdhankar_jiayanwa #####
INPUT for vdhankar:
GAME
WHITE
163.27574133873
.......b
........
...w....
........
........
b.b.w...
........
w.w.....
##### Running: /usr/bin/time -o time_22_vdhankar_jiayanwa.txt -f "%U" python3 homework.py > stulog.txt 2>&1 on vdhankar #####
child exited with value 1
##### ERROR: /usr/bin/time -o time_22_vdhankar_jiayanwa.txt -f "%U" python3 homework.py > stulog.txt 2>&1 on vdhankar #####
##### Output of failed program (stdout + stderr): #####
Traceback (most recent call last):
  File "homework.py", line 546, in <module>
    print(end-start)
NameError: name 'end' is not defined
##### End of output of failed program #####
##### vdhankar plays [E e3 d4] in 2.40809297561646s #####
##### Running: /usr/lib/jvm/jdk-14.0.1/bin/java -jar /lab/itti/projects/checkers-competition/server/referee.jar on run_22_vdhankar_jiayanwa #####
Move is valid
##### SUCCESS: /usr/lib/jvm/jdk-14.0.1/bin/java -jar /lab/itti/projects/checkers-competition/server/referee.jar on run_22_vdhankar_jiayanwa #####
INPUT for jiayanwa:
GAME
BLACK
291.16
.......b
........
...w....
........
...w....
b.b.....
........
w.w.....
##### Running: /usr/bin/time -o time_22_vdhankar_jiayanwa.txt -f "%U" /usr/lib/jvm/jdk-14.0.1/bin/java homework > stulog.txt 2>&1 on jiayanwa #####
##### SUCCESS: /usr/bin/time -o time_22_vdhankar_jiayanwa.txt -f "%U" /usr/lib/jvm/jdk-14.0.1/bin/java homework > stulog.txt 2>&1 on jiayanwa #####
##### jiayanwa plays [E a3 b2] in 0.31s #####
##### Running: /usr/lib/jvm/jdk-14.0.1/bin/java -jar /lab/itti/projects/checkers-competition/server/referee.jar on run_22_vdhankar_jiayanwa #####
Move is valid
##### SUCCESS: /usr/lib/jvm/jdk-14.0.1/bin/java -jar /lab/itti/projects/checkers-competition/server/referee.jar on run_22_vdhankar_jiayanwa #####
INPUT for vdhankar:
GAME
WHITE
160.867648363113
.......b
........
...w....
........
...w....
..b.....
.b......
w.w.....
##### Running: /usr/bin/time -o time_22_vdhankar_jiayanwa.txt -f "%U" python3 homework.py > stulog.txt 2>&1 on vdhankar #####
child exited with value 1
##### ERROR: /usr/bin/time -o time_22_vdhankar_jiayanwa.txt -f "%U" python3 homework.py > stulog.txt 2>&1 on vdhankar #####
##### Output of failed program (stdout + stderr): #####
Traceback (most recent call last):
  File "homework.py", line 546, in <module>
    print(end-start)
NameError: name 'end' is not defined
##### End of output of failed program #####
##### vdhankar plays [J c1 a3] in 0.886357069015503s #####
##### Running: /usr/lib/jvm/jdk-14.0.1/bin/java -jar /lab/itti/projects/checkers-competition/server/referee.jar on run_22_vdhankar_jiayanwa #####
Move is valid
##### SUCCESS: /usr/lib/jvm/jdk-14.0.1/bin/java -jar /lab/itti/projects/checkers-competition/server/referee.jar on run_22_vdhankar_jiayanwa #####
INPUT for jiayanwa:
GAME
BLACK
290.85
.......b
........
...w....
........
...w....
w.b.....
........
w.......
##### Running: /usr/bin/time -o time_22_vdhankar_jiayanwa.txt -f "%U" /usr/lib/jvm/jdk-14.0.1/bin/java homework > stulog.txt 2>&1 on jiayanwa #####
##### SUCCESS: /usr/bin/time -o time_22_vdhankar_jiayanwa.txt -f "%U" /usr/lib/jvm/jdk-14.0.1/bin/java homework > stulog.txt 2>&1 on jiayanwa #####
##### jiayanwa plays [E c3 d2] in 0.34s #####
##### Running: /usr/lib/jvm/jdk-14.0.1/bin/java -jar /lab/itti/projects/checkers-competition/server/referee.jar on run_22_vdhankar_jiayanwa #####
Move is valid
##### SUCCESS: /usr/lib/jvm/jdk-14.0.1/bin/java -jar /lab/itti/projects/checkers-competition/server/referee.jar on run_22_vdhankar_jiayanwa #####
INPUT for vdhankar:
GAME
WHITE
159.981291294098
.......b
........
...w....
........
...w....
w.......
...b....
w.......
##### Running: /usr/bin/time -o time_22_vdhankar_jiayanwa.txt -f "%U" python3 homework.py > stulog.txt 2>&1 on vdhankar #####
child exited with value 1
##### ERROR: /usr/bin/time -o time_22_vdhankar_jiayanwa.txt -f "%U" python3 homework.py > stulog.txt 2>&1 on vdhankar #####
##### Output of failed program (stdout + stderr): #####
Traceback (most recent call last):
  File "homework.py", line 546, in <module>
    print(end-start)
NameError: name 'end' is not defined
##### End of output of failed program #####
##### vdhankar plays [E d4 e5] in 4.89745497703552s #####
##### Running: /usr/lib/jvm/jdk-14.0.1/bin/java -jar /lab/itti/projects/checkers-competition/server/referee.jar on run_22_vdhankar_jiayanwa #####
Move is valid
##### SUCCESS: /usr/lib/jvm/jdk-14.0.1/bin/java -jar /lab/itti/projects/checkers-competition/server/referee.jar on run_22_vdhankar_jiayanwa #####
INPUT for jiayanwa:
GAME
BLACK
290.51
.......b
........
...w....
....w...
........
w.......
...b....
w.......
##### Running: /usr/bin/time -o time_22_vdhankar_jiayanwa.txt -f "%U" /usr/lib/jvm/jdk-14.0.1/bin/java homework > stulog.txt 2>&1 on jiayanwa #####
##### SUCCESS: /usr/bin/time -o time_22_vdhankar_jiayanwa.txt -f "%U" /usr/lib/jvm/jdk-14.0.1/bin/java homework > stulog.txt 2>&1 on jiayanwa #####
##### jiayanwa plays [E d2 c1] in 0.35s #####
##### Running: /usr/lib/jvm/jdk-14.0.1/bin/java -jar /lab/itti/projects/checkers-competition/server/referee.jar on run_22_vdhankar_jiayanwa #####
Move is valid
##### SUCCESS: /usr/lib/jvm/jdk-14.0.1/bin/java -jar /lab/itti/projects/checkers-competition/server/referee.jar on run_22_vdhankar_jiayanwa #####
INPUT for vdhankar:
GAME
WHITE
155.083836317062
.......b
........
...w....
....w...
........
w.......
........
w.B.....
##### Running: /usr/bin/time -o time_22_vdhankar_jiayanwa.txt -f "%U" python3 homework.py > stulog.txt 2>&1 on vdhankar #####
child exited with value 1
##### ERROR: /usr/bin/time -o time_22_vdhankar_jiayanwa.txt -f "%U" python3 homework.py > stulog.txt 2>&1 on vdhankar #####
##### Output of failed program (stdout + stderr): #####
Traceback (most recent call last):
  File "homework.py", line 546, in <module>
    print(end-start)
NameError: name 'end' is not defined
##### End of output of failed program #####
##### vdhankar plays [E d6 e7] in 2.18042683601379s #####
##### Running: /usr/lib/jvm/jdk-14.0.1/bin/java -jar /lab/itti/projects/checkers-competition/server/referee.jar on run_22_vdhankar_jiayanwa #####
Move is valid
##### SUCCESS: /usr/lib/jvm/jdk-14.0.1/bin/java -jar /lab/itti/projects/checkers-competition/server/referee.jar on run_22_vdhankar_jiayanwa #####
INPUT for jiayanwa:
GAME
BLACK
290.16
.......b
....w...
........
....w...
........
w.......
........
w.B.....
##### Running: /usr/bin/time -o time_22_vdhankar_jiayanwa.txt -f "%U" /usr/lib/jvm/jdk-14.0.1/bin/java homework > stulog.txt 2>&1 on jiayanwa #####
##### SUCCESS: /usr/bin/time -o time_22_vdhankar_jiayanwa.txt -f "%U" /usr/lib/jvm/jdk-14.0.1/bin/java homework > stulog.txt 2>&1 on jiayanwa #####
##### jiayanwa plays [E c1 d2] in 0.31s #####
##### Running: /usr/lib/jvm/jdk-14.0.1/bin/java -jar /lab/itti/projects/checkers-competition/server/referee.jar on run_22_vdhankar_jiayanwa #####
Move is valid
##### SUCCESS: /usr/lib/jvm/jdk-14.0.1/bin/java -jar /lab/itti/projects/checkers-competition/server/referee.jar on run_22_vdhankar_jiayanwa #####
INPUT for vdhankar:
GAME
WHITE
152.903409481049
.......b
....w...
........
....w...
........
w.......
...B....
w.......
##### Running: /usr/bin/time -o time_22_vdhankar_jiayanwa.txt -f "%U" python3 homework.py > stulog.txt 2>&1 on vdhankar #####
child exited with value 1
##### ERROR: /usr/bin/time -o time_22_vdhankar_jiayanwa.txt -f "%U" python3 homework.py > stulog.txt 2>&1 on vdhankar #####
##### Output of failed program (stdout + stderr): #####
Traceback (most recent call last):
  File "homework.py", line 546, in <module>
    print(end-start)
NameError: name 'end' is not defined
##### End of output of failed program #####
##### vdhankar plays [E e5 f6] in 4.27910399436951s #####
##### Running: /usr/lib/jvm/jdk-14.0.1/bin/java -jar /lab/itti/projects/checkers-competition/server/referee.jar on run_22_vdhankar_jiayanwa #####
Move is valid
##### SUCCESS: /usr/lib/jvm/jdk-14.0.1/bin/java -jar /lab/itti/projects/checkers-competition/server/referee.jar on run_22_vdhankar_jiayanwa #####
INPUT for jiayanwa:
GAME
BLACK
289.85
.......b
....w...
.....w..
........
........
w.......
...B....
w.......
##### Running: /usr/bin/time -o time_22_vdhankar_jiayanwa.txt -f "%U" /usr/lib/jvm/jdk-14.0.1/bin/java homework > stulog.txt 2>&1 on jiayanwa #####
##### SUCCESS: /usr/bin/time -o time_22_vdhankar_jiayanwa.txt -f "%U" /usr/lib/jvm/jdk-14.0.1/bin/java homework > stulog.txt 2>&1 on jiayanwa #####
##### jiayanwa plays [E d2 c1] in 0.35s #####
##### Running: /usr/lib/jvm/jdk-14.0.1/bin/java -jar /lab/itti/projects/checkers-competition/server/referee.jar on run_22_vdhankar_jiayanwa #####
Move is valid
##### SUCCESS: /usr/lib/jvm/jdk-14.0.1/bin/java -jar /lab/itti/projects/checkers-competition/server/referee.jar on run_22_vdhankar_jiayanwa #####
INPUT for vdhankar:
GAME
WHITE
148.624305486679
.......b
....w...
.....w..
........
........
w.......
........
w.B.....
##### Running: /usr/bin/time -o time_22_vdhankar_jiayanwa.txt -f "%U" python3 homework.py > stulog.txt 2>&1 on vdhankar #####
child exited with value 1
##### ERROR: /usr/bin/time -o time_22_vdhankar_jiayanwa.txt -f "%U" python3 homework.py > stulog.txt 2>&1 on vdhankar #####
##### Output of failed program (stdout + stderr): #####
Traceback (most recent call last):
  File "homework.py", line 546, in <module>
    print(end-start)
NameError: name 'end' is not defined
##### End of output of failed program #####
##### vdhankar plays [E a1 b2] in 1.39181709289551s #####
##### Running: /usr/lib/jvm/jdk-14.0.1/bin/java -jar /lab/itti/projects/checkers-competition/server/referee.jar on run_22_vdhankar_jiayanwa #####
Move is valid
##### SUCCESS: /usr/lib/jvm/jdk-14.0.1/bin/java -jar /lab/itti/projects/checkers-competition/server/referee.jar on run_22_vdhankar_jiayanwa #####
INPUT for jiayanwa:
GAME
BLACK
289.5
.......b
....w...
.....w..
........
........
w.......
.w......
..B.....
##### Running: /usr/bin/time -o time_22_vdhankar_jiayanwa.txt -f "%U" /usr/lib/jvm/jdk-14.0.1/bin/java homework > stulog.txt 2>&1 on jiayanwa #####
##### SUCCESS: /usr/bin/time -o time_22_vdhankar_jiayanwa.txt -f "%U" /usr/lib/jvm/jdk-14.0.1/bin/java homework > stulog.txt 2>&1 on jiayanwa #####
##### jiayanwa plays [E c1 d2] in 0.31s #####
##### Running: /usr/lib/jvm/jdk-14.0.1/bin/java -jar /lab/itti/projects/checkers-competition/server/referee.jar on run_22_vdhankar_jiayanwa #####
Move is valid
##### SUCCESS: /usr/lib/jvm/jdk-14.0.1/bin/java -jar /lab/itti/projects/checkers-competition/server/referee.jar on run_22_vdhankar_jiayanwa #####
INPUT for vdhankar:
GAME
WHITE
147.232488393784
.......b
....w...
.....w..
........
........
w.......
.w.B....
........
##### Running: /usr/bin/time -o time_22_vdhankar_jiayanwa.txt -f "%U" python3 homework.py > stulog.txt 2>&1 on vdhankar #####
child exited with value 1
##### ERROR: /usr/bin/time -o time_22_vdhankar_jiayanwa.txt -f "%U" python3 homework.py > stulog.txt 2>&1 on vdhankar #####
##### Output of failed program (stdout + stderr): #####
Traceback (most recent call last):
  File "homework.py", line 546, in <module>
    print(end-start)
NameError: name 'end' is not defined
##### End of output of failed program #####
##### vdhankar plays [E b2 c3] in 1.89942407608032s #####
##### Running: /usr/lib/jvm/jdk-14.0.1/bin/java -jar /lab/itti/projects/checkers-competition/server/referee.jar on run_22_vdhankar_jiayanwa #####
Move is valid
##### SUCCESS: /usr/lib/jvm/jdk-14.0.1/bin/java -jar /lab/itti/projects/checkers-competition/server/referee.jar on run_22_vdhankar_jiayanwa #####
INPUT for jiayanwa:
GAME
BLACK
289.19
.......b
....w...
.....w..
........
........
w.w.....
...B....
........
##### Running: /usr/bin/time -o time_22_vdhankar_jiayanwa.txt -f "%U" /usr/lib/jvm/jdk-14.0.1/bin/java homework > stulog.txt 2>&1 on jiayanwa #####
##### SUCCESS: /usr/bin/time -o time_22_vdhankar_jiayanwa.txt -f "%U" /usr/lib/jvm/jdk-14.0.1/bin/java homework > stulog.txt 2>&1 on jiayanwa #####
##### jiayanwa plays [J d2 b4] in 0.29s #####
##### Running: /usr/lib/jvm/jdk-14.0.1/bin/java -jar /lab/itti/projects/checkers-competition/server/referee.jar on run_22_vdhankar_jiayanwa #####
Move is valid
##### SUCCESS: /usr/lib/jvm/jdk-14.0.1/bin/java -jar /lab/itti/projects/checkers-competition/server/referee.jar on run_22_vdhankar_jiayanwa #####
INPUT for vdhankar:
GAME
WHITE
145.333064317703
.......b
....w...
.....w..
........
.B......
w.......
........
........
##### Running: /usr/bin/time -o time_22_vdhankar_jiayanwa.txt -f "%U" python3 homework.py > stulog.txt 2>&1 on vdhankar #####
child exited with value 1
##### ERROR: /usr/bin/time -o time_22_vdhankar_jiayanwa.txt -f "%U" python3 homework.py > stulog.txt 2>&1 on vdhankar #####
##### Output of failed program (stdout + stderr): #####
Traceback (most recent call last):
  File "homework.py", line 546, in <module>
    print(end-start)
NameError: name 'end' is not defined
##### End of output of failed program #####
##### vdhankar plays [J a3 c5] in 0.326874017715454s #####
##### Running: /usr/lib/jvm/jdk-14.0.1/bin/java -jar /lab/itti/projects/checkers-competition/server/referee.jar on run_22_vdhankar_jiayanwa #####
Move is valid
##### SUCCESS: /usr/lib/jvm/jdk-14.0.1/bin/java -jar /lab/itti/projects/checkers-competition/server/referee.jar on run_22_vdhankar_jiayanwa #####
INPUT for jiayanwa:
GAME
BLACK
288.9
.......b
....w...
.....w..
..w.....
........
........
........
........
##### Running: /usr/bin/time -o time_22_vdhankar_jiayanwa.txt -f "%U" /usr/lib/jvm/jdk-14.0.1/bin/java homework > stulog.txt 2>&1 on jiayanwa #####
##### SUCCESS: /usr/bin/time -o time_22_vdhankar_jiayanwa.txt -f "%U" /usr/lib/jvm/jdk-14.0.1/bin/java homework > stulog.txt 2>&1 on jiayanwa #####
##### jiayanwa plays [E h8 g7] in 0.27s #####
##### Running: /usr/lib/jvm/jdk-14.0.1/bin/java -jar /lab/itti/projects/checkers-competition/server/referee.jar on run_22_vdhankar_jiayanwa #####
Move is valid
##### SUCCESS: /usr/lib/jvm/jdk-14.0.1/bin/java -jar /lab/itti/projects/checkers-competition/server/referee.jar on run_22_vdhankar_jiayanwa #####
INPUT for vdhankar:
GAME
WHITE
145.006190299988
........
....w.b.
.....w..
..w.....
........
........
........
........
##### Running: /usr/bin/time -o time_22_vdhankar_jiayanwa.txt -f "%U" python3 homework.py > stulog.txt 2>&1 on vdhankar #####
child exited with value 1
##### ERROR: /usr/bin/time -o time_22_vdhankar_jiayanwa.txt -f "%U" python3 homework.py > stulog.txt 2>&1 on vdhankar #####
##### Output of failed program (stdout + stderr): #####
Traceback (most recent call last):
  File "homework.py", line 546, in <module>
    print(end-start)
NameError: name 'end' is not defined
##### End of output of failed program #####
##### vdhankar plays [J f6 h8] in 0.33988618850708s #####
##### Running: /usr/lib/jvm/jdk-14.0.1/bin/java -jar /lab/itti/projects/checkers-competition/server/referee.jar on run_22_vdhankar_jiayanwa #####
Move is valid
After this move, player BLACK cannot make any moves
*** Winner: WHITE ***
##### SUCCESS: /usr/lib/jvm/jdk-14.0.1/bin/java -jar /lab/itti/projects/checkers-competition/server/referee.jar on run_22_vdhankar_jiayanwa #####
##### GAME OVER: vdhankar wins the game! #####
Server said: WIN
########## ROUND 22 GAMESCORE AFTER GAME 1: vdhankar=1 and jiayanwa=0 ##########
#################### ROUND 22: vdhankar (B) vs jiayanwa (W): game 2 ####################
##### game start! #####
INPUT for vdhankar:
GAME
BLACK
300
.b.b.b.b
b.b.b.b.
.b.b.b.b
........
........
w.w.w.w.
.w.w.w.w
w.w.w.w.
##### Running: /usr/bin/time -o time_22_vdhankar_jiayanwa.txt -f "%U" python3 homework.py > stulog.txt 2>&1 on vdhankar #####
child exited with value 1
##### ERROR: /usr/bin/time -o time_22_vdhankar_jiayanwa.txt -f "%U" python3 homework.py > stulog.txt 2>&1 on vdhankar #####
##### Output of failed program (stdout + stderr): #####
Traceback (most recent call last):
  File "homework.py", line 546, in <module>
    print(end-start)
NameError: name 'end' is not defined
##### End of output of failed program #####
##### vdhankar plays [E h6 g5] in 11.4949021339417s #####
##### Running: /usr/lib/jvm/jdk-14.0.1/bin/java -jar /lab/itti/projects/checkers-competition/server/referee.jar on run_22_vdhankar_jiayanwa #####
Move is valid
Couldn't read file 'current_ply.txt'
Couldn't read content from file 'current_ply.txt'
Couldn't read file 'lastmatchange_ply.txt'
Couldn't read content from file 'lastmatchange_ply.txt'
##### SUCCESS: /usr/lib/jvm/jdk-14.0.1/bin/java -jar /lab/itti/projects/checkers-competition/server/referee.jar on run_22_vdhankar_jiayanwa #####
INPUT for jiayanwa:
GAME
WHITE
300
.b.b.b.b
b.b.b.b.
.b.b.b..
......b.
........
w.w.w.w.
.w.w.w.w
w.w.w.w.
##### Running: /usr/bin/time -o time_22_vdhankar_jiayanwa.txt -f "%U" /usr/lib/jvm/jdk-14.0.1/bin/java homework > stulog.txt 2>&1 on jiayanwa #####
##### SUCCESS: /usr/bin/time -o time_22_vdhankar_jiayanwa.txt -f "%U" /usr/lib/jvm/jdk-14.0.1/bin/java homework > stulog.txt 2>&1 on jiayanwa #####
##### jiayanwa plays [E a3 b4] in 0.44s #####
##### Running: /usr/lib/jvm/jdk-14.0.1/bin/java -jar /lab/itti/projects/checkers-competition/server/referee.jar on run_22_vdhankar_jiayanwa #####
Move is valid
##### SUCCESS: /usr/lib/jvm/jdk-14.0.1/bin/java -jar /lab/itti/projects/checkers-competition/server/referee.jar on run_22_vdhankar_jiayanwa #####
INPUT for vdhankar:
GAME
BLACK
288.505097866058
.b.b.b.b
b.b.b.b.
.b.b.b..
......b.
.w......
..w.w.w.
.w.w.w.w
w.w.w.w.
##### Running: /usr/bin/time -o time_22_vdhankar_jiayanwa.txt -f "%U" python3 homework.py > stulog.txt 2>&1 on vdhankar #####
child exited with value 1
##### ERROR: /usr/bin/time -o time_22_vdhankar_jiayanwa.txt -f "%U" python3 homework.py > stulog.txt 2>&1 on vdhankar #####
##### Output of failed program (stdout + stderr): #####
Traceback (most recent call last):
  File "homework.py", line 546, in <module>
    print(end-start)
NameError: name 'end' is not defined
##### End of output of failed program #####
##### vdhankar plays [E g5 h4] in 9.42537808418274s #####
##### Running: /usr/lib/jvm/jdk-14.0.1/bin/java -jar /lab/itti/projects/checkers-competition/server/referee.jar on run_22_vdhankar_jiayanwa #####
Move is valid
##### SUCCESS: /usr/lib/jvm/jdk-14.0.1/bin/java -jar /lab/itti/projects/checkers-competition/server/referee.jar on run_22_vdhankar_jiayanwa #####
INPUT for jiayanwa:
GAME
WHITE
299.56
.b.b.b.b
b.b.b.b.
.b.b.b..
........
.w.....b
..w.w.w.
.w.w.w.w
w.w.w.w.
##### Running: /usr/bin/time -o time_22_vdhankar_jiayanwa.txt -f "%U" /usr/lib/jvm/jdk-14.0.1/bin/java homework > stulog.txt 2>&1 on jiayanwa #####
##### SUCCESS: /usr/bin/time -o time_22_vdhankar_jiayanwa.txt -f "%U" /usr/lib/jvm/jdk-14.0.1/bin/java homework > stulog.txt 2>&1 on jiayanwa #####
##### jiayanwa plays [E b2 a3] in 0.34s #####
##### Running: /usr/lib/jvm/jdk-14.0.1/bin/java -jar /lab/itti/projects/checkers-competition/server/referee.jar on run_22_vdhankar_jiayanwa #####
Move is valid
##### SUCCESS: /usr/lib/jvm/jdk-14.0.1/bin/java -jar /lab/itti/projects/checkers-competition/server/referee.jar on run_22_vdhankar_jiayanwa #####
INPUT for vdhankar:
GAME
BLACK
279.079719781876
.b.b.b.b
b.b.b.b.
.b.b.b..
........
.w.....b
w.w.w.w.
...w.w.w
w.w.w.w.
##### Running: /usr/bin/time -o time_22_vdhankar_jiayanwa.txt -f "%U" python3 homework.py > stulog.txt 2>&1 on vdhankar #####
child exited with value 1
##### ERROR: /usr/bin/time -o time_22_vdhankar_jiayanwa.txt -f "%U" python3 homework.py > stulog.txt 2>&1 on vdhankar #####
##### Output of failed program (stdout + stderr): #####
Traceback (most recent call last):
  File "homework.py", line 546, in <module>
    print(end-start)
NameError: name 'end' is not defined
##### End of output of failed program #####
##### vdhankar plays [E f6 g5] in 9.67094206809998s #####
##### Running: /usr/lib/jvm/jdk-14.0.1/bin/java -jar /lab/itti/projects/checkers-competition/server/referee.jar on run_22_vdhankar_jiayanwa #####
Move is valid
##### SUCCESS: /usr/lib/jvm/jdk-14.0.1/bin/java -jar /lab/itti/projects/checkers-competition/server/referee.jar on run_22_vdhankar_jiayanwa #####
INPUT for jiayanwa:
GAME
WHITE
299.22
.b.b.b.b
b.b.b.b.
.b.b....
......b.
.w.....b
w.w.w.w.
...w.w.w
w.w.w.w.
##### Running: /usr/bin/time -o time_22_vdhankar_jiayanwa.txt -f "%U" /usr/lib/jvm/jdk-14.0.1/bin/java homework > stulog.txt 2>&1 on jiayanwa #####
##### SUCCESS: /usr/bin/time -o time_22_vdhankar_jiayanwa.txt -f "%U" /usr/lib/jvm/jdk-14.0.1/bin/java homework > stulog.txt 2>&1 on jiayanwa #####
##### jiayanwa plays [E a1 b2] in 0.51s #####
##### Running: /usr/lib/jvm/jdk-14.0.1/bin/java -jar /lab/itti/projects/checkers-competition/server/referee.jar on run_22_vdhankar_jiayanwa #####
Move is valid
##### SUCCESS: /usr/lib/jvm/jdk-14.0.1/bin/java -jar /lab/itti/projects/checkers-competition/server/referee.jar on run_22_vdhankar_jiayanwa #####
INPUT for vdhankar:
GAME
BLACK
269.408777713776
.b.b.b.b
b.b.b.b.
.b.b....
......b.
.w.....b
w.w.w.w.
.w.w.w.w
..w.w.w.
##### Running: /usr/bin/time -o time_22_vdhankar_jiayanwa.txt -f "%U" python3 homework.py > stulog.txt 2>&1 on vdhankar #####
child exited with value 1
##### ERROR: /usr/bin/time -o time_22_vdhankar_jiayanwa.txt -f "%U" python3 homework.py > stulog.txt 2>&1 on vdhankar #####
##### Output of failed program (stdout + stderr): #####
Traceback (most recent call last):
  File "homework.py", line 546, in <module>
    print(end-start)
NameError: name 'end' is not defined
##### End of output of failed program #####
##### vdhankar plays [E g7 h6] in 9.63057994842529s #####
##### Running: /usr/lib/jvm/jdk-14.0.1/bin/java -jar /lab/itti/projects/checkers-competition/server/referee.jar on run_22_vdhankar_jiayanwa #####
Move is valid
##### SUCCESS: /usr/lib/jvm/jdk-14.0.1/bin/java -jar /lab/itti/projects/checkers-competition/server/referee.jar on run_22_vdhankar_jiayanwa #####
INPUT for jiayanwa:
GAME
WHITE
298.71
.b.b.b.b
b.b.b...
.b.b...b
......b.
.w.....b
w.w.w.w.
.w.w.w.w
..w.w.w.
##### Running: /usr/bin/time -o time_22_vdhankar_jiayanwa.txt -f "%U" /usr/lib/jvm/jdk-14.0.1/bin/java homework > stulog.txt 2>&1 on jiayanwa #####
##### SUCCESS: /usr/bin/time -o time_22_vdhankar_jiayanwa.txt -f "%U" /usr/lib/jvm/jdk-14.0.1/bin/java homework > stulog.txt 2>&1 on jiayanwa #####
##### jiayanwa plays [E e3 f4] in 0.48s #####
##### Running: /usr/lib/jvm/jdk-14.0.1/bin/java -jar /lab/itti/projects/checkers-competition/server/referee.jar on run_22_vdhankar_jiayanwa #####
Move is valid
##### SUCCESS: /usr/lib/jvm/jdk-14.0.1/bin/java -jar /lab/itti/projects/checkers-competition/server/referee.jar on run_22_vdhankar_jiayanwa #####
INPUT for vdhankar:
GAME
BLACK
259.77819776535
.b.b.b.b
b.b.b...
.b.b...b
......b.
.w...w.b
w.w...w.
.w.w.w.w
..w.w.w.
##### Running: /usr/bin/time -o time_22_vdhankar_jiayanwa.txt -f "%U" python3 homework.py > stulog.txt 2>&1 on vdhankar #####
child exited with value 1
##### ERROR: /usr/bin/time -o time_22_vdhankar_jiayanwa.txt -f "%U" python3 homework.py > stulog.txt 2>&1 on vdhankar #####
##### Output of failed program (stdout + stderr): #####
Traceback (most recent call last):
  File "homework.py", line 546, in <module>
    print(end-start)
NameError: name 'end' is not defined
##### End of output of failed program #####
##### vdhankar plays [J g5 e3] in 1.03817701339722s #####
##### Running: /usr/lib/jvm/jdk-14.0.1/bin/java -jar /lab/itti/projects/checkers-competition/server/referee.jar on run_22_vdhankar_jiayanwa #####
Move is valid
##### SUCCESS: /usr/lib/jvm/jdk-14.0.1/bin/java -jar /lab/itti/projects/checkers-competition/server/referee.jar on run_22_vdhankar_jiayanwa #####
INPUT for jiayanwa:
GAME
WHITE
298.23
.b.b.b.b
b.b.b...
.b.b...b
........
.w.....b
w.w.b.w.
.w.w.w.w
..w.w.w.
##### Running: /usr/bin/time -o time_22_vdhankar_jiayanwa.txt -f "%U" /usr/lib/jvm/jdk-14.0.1/bin/java homework > stulog.txt 2>&1 on jiayanwa #####
##### SUCCESS: /usr/bin/time -o time_22_vdhankar_jiayanwa.txt -f "%U" /usr/lib/jvm/jdk-14.0.1/bin/java homework > stulog.txt 2>&1 on jiayanwa #####
##### jiayanwa plays [J d2 f4] in 0.3s #####
##### Running: /usr/lib/jvm/jdk-14.0.1/bin/java -jar /lab/itti/projects/checkers-competition/server/referee.jar on run_22_vdhankar_jiayanwa #####
Move is valid
##### SUCCESS: /usr/lib/jvm/jdk-14.0.1/bin/java -jar /lab/itti/projects/checkers-competition/server/referee.jar on run_22_vdhankar_jiayanwa #####
INPUT for vdhankar:
GAME
BLACK
258.740020751953
.b.b.b.b
b.b.b...
.b.b...b
........
.w...w.b
w.w...w.
.w...w.w
..w.w.w.
##### Running: /usr/bin/time -o time_22_vdhankar_jiayanwa.txt -f "%U" python3 homework.py > stulog.txt 2>&1 on vdhankar #####
child exited with value 1
##### ERROR: /usr/bin/time -o time_22_vdhankar_jiayanwa.txt -f "%U" python3 homework.py > stulog.txt 2>&1 on vdhankar #####
##### Output of failed program (stdout + stderr): #####
Traceback (most recent call last):
  File "homework.py", line 546, in <module>
    print(end-start)
NameError: name 'end' is not defined
##### End of output of failed program #####
##### vdhankar plays [E d6 e5] in 4.28144001960754s #####
##### Running: /usr/lib/jvm/jdk-14.0.1/bin/java -jar /lab/itti/projects/checkers-competition/server/referee.jar on run_22_vdhankar_jiayanwa #####
Move is valid
##### SUCCESS: /usr/lib/jvm/jdk-14.0.1/bin/java -jar /lab/itti/projects/checkers-competition/server/referee.jar on run_22_vdhankar_jiayanwa #####
INPUT for jiayanwa:
GAME
WHITE
297.93
.b.b.b.b
b.b.b...
.b.....b
....b...
.w...w.b
w.w...w.
.w...w.w
..w.w.w.
##### Running: /usr/bin/time -o time_22_vdhankar_jiayanwa.txt -f "%U" /usr/lib/jvm/jdk-14.0.1/bin/java homework > stulog.txt 2>&1 on jiayanwa #####
##### SUCCESS: /usr/bin/time -o time_22_vdhankar_jiayanwa.txt -f "%U" /usr/lib/jvm/jdk-14.0.1/bin/java homework > stulog.txt 2>&1 on jiayanwa #####
##### jiayanwa plays [J f4 d6] in 0.31s #####
##### Running: /usr/lib/jvm/jdk-14.0.1/bin/java -jar /lab/itti/projects/checkers-competition/server/referee.jar on run_22_vdhankar_jiayanwa #####
Move is valid
##### SUCCESS: /usr/lib/jvm/jdk-14.0.1/bin/java -jar /lab/itti/projects/checkers-competition/server/referee.jar on run_22_vdhankar_jiayanwa #####
INPUT for vdhankar:
GAME
BLACK
254.458580732346
.b.b.b.b
b.b.b...
.b.w...b
........
.w.....b
w.w...w.
.w...w.w
..w.w.w.
##### Running: /usr/bin/time -o time_22_vdhankar_jiayanwa.txt -f "%U" python3 homework.py > stulog.txt 2>&1 on vdhankar #####
child exited with value 1
##### ERROR: /usr/bin/time -o time_22_vdhankar_jiayanwa.txt -f "%U" python3 homework.py > stulog.txt 2>&1 on vdhankar #####
##### Output of failed program (stdout + stderr): #####
Traceback (most recent call last):
  File "homework.py", line 546, in <module>
    print(end-start)
NameError: name 'end' is not defined
##### End of output of failed program #####
##### vdhankar plays [J e7 c5] in 2.11533308029175s #####
##### Running: /usr/lib/jvm/jdk-14.0.1/bin/java -jar /lab/itti/projects/checkers-competition/server/referee.jar on run_22_vdhankar_jiayanwa #####
Move is valid
##### SUCCESS: /usr/lib/jvm/jdk-14.0.1/bin/java -jar /lab/itti/projects/checkers-competition/server/referee.jar on run_22_vdhankar_jiayanwa #####
INPUT for jiayanwa:
GAME
WHITE
297.62
.b.b.b.b
b.b.....
.b.....b
..b.....
.w.....b
w.w...w.
.w...w.w
..w.w.w.
##### Running: /usr/bin/time -o time_22_vdhankar_jiayanwa.txt -f "%U" /usr/lib/jvm/jdk-14.0.1/bin/java homework > stulog.txt 2>&1 on jiayanwa #####
##### SUCCESS: /usr/bin/time -o time_22_vdhankar_jiayanwa.txt -f "%U" /usr/lib/jvm/jdk-14.0.1/bin/java homework > stulog.txt 2>&1 on jiayanwa #####
##### jiayanwa plays [J b4 d6] in 0.31s #####
##### Running: /usr/lib/jvm/jdk-14.0.1/bin/java -jar /lab/itti/projects/checkers-competition/server/referee.jar on run_22_vdhankar_jiayanwa #####
Move is valid
##### SUCCESS: /usr/lib/jvm/jdk-14.0.1/bin/java -jar /lab/itti/projects/checkers-competition/server/referee.jar on run_22_vdhankar_jiayanwa #####
INPUT for vdhankar:
GAME
BLACK
252.343247652054
.b.b.b.b
b.b.....
.b.w...b
........
.......b
w.w...w.
.w...w.w
..w.w.w.
##### Running: /usr/bin/time -o time_22_vdhankar_jiayanwa.txt -f "%U" python3 homework.py > stulog.txt 2>&1 on vdhankar #####
child exited with value 1
##### ERROR: /usr/bin/time -o time_22_vdhankar_jiayanwa.txt -f "%U" python3 homework.py > stulog.txt 2>&1 on vdhankar #####
##### Output of failed program (stdout + stderr): #####
Traceback (most recent call last):
  File "homework.py", line 546, in <module>
    print(end-start)
NameError: name 'end' is not defined
##### End of output of failed program #####
##### vdhankar plays [J c7 e5] in 4.01433300971985s #####
##### Running: /usr/lib/jvm/jdk-14.0.1/bin/java -jar /lab/itti/projects/checkers-competition/server/referee.jar on run_22_vdhankar_jiayanwa #####
Move is valid
##### SUCCESS: /usr/lib/jvm/jdk-14.0.1/bin/java -jar /lab/itti/projects/checkers-competition/server/referee.jar on run_22_vdhankar_jiayanwa #####
INPUT for jiayanwa:
GAME
WHITE
297.31
.b.b.b.b
b.......
.b.....b
....b...
.......b
w.w...w.
.w...w.w
..w.w.w.
##### Running: /usr/bin/time -o time_22_vdhankar_jiayanwa.txt -f "%U" /usr/lib/jvm/jdk-14.0.1/bin/java homework > stulog.txt 2>&1 on jiayanwa #####
##### SUCCESS: /usr/bin/time -o time_22_vdhankar_jiayanwa.txt -f "%U" /usr/lib/jvm/jdk-14.0.1/bin/java homework > stulog.txt 2>&1 on jiayanwa #####
##### jiayanwa plays [E c1 d2] in 0.44s #####
##### Running: /usr/lib/jvm/jdk-14.0.1/bin/java -jar /lab/itti/projects/checkers-competition/server/referee.jar on run_22_vdhankar_jiayanwa #####
Move is valid
##### SUCCESS: /usr/lib/jvm/jdk-14.0.1/bin/java -jar /lab/itti/projects/checkers-competition/server/referee.jar on run_22_vdhankar_jiayanwa #####
INPUT for vdhankar:
GAME
BLACK
248.328914642334
.b.b.b.b
b.......
.b.....b
....b...
.......b
w.w...w.
.w.w.w.w
....w.w.
##### Running: /usr/bin/time -o time_22_vdhankar_jiayanwa.txt -f "%U" python3 homework.py > stulog.txt 2>&1 on vdhankar #####
child exited with value 1
##### ERROR: /usr/bin/time -o time_22_vdhankar_jiayanwa.txt -f "%U" python3 homework.py > stulog.txt 2>&1 on vdhankar #####
##### Output of failed program (stdout + stderr): #####
Traceback (most recent call last):
  File "homework.py", line 546, in <module>
    print(end-start)
NameError: name 'end' is not defined
##### End of output of failed program #####
##### vdhankar plays [E b6 c5] in 27.219083070755s #####
##### Running: /usr/lib/jvm/jdk-14.0.1/bin/java -jar /lab/itti/projects/checkers-competition/server/referee.jar on run_22_vdhankar_jiayanwa #####
Move is valid
##### SUCCESS: /usr/lib/jvm/jdk-14.0.1/bin/java -jar /lab/itti/projects/checkers-competition/server/referee.jar on run_22_vdhankar_jiayanwa #####
INPUT for jiayanwa:
GAME
WHITE
296.87
.b.b.b.b
b.......
.......b
..b.b...
.......b
w.w...w.
.w.w.w.w
....w.w.
##### Running: /usr/bin/time -o time_22_vdhankar_jiayanwa.txt -f "%U" /usr/lib/jvm/jdk-14.0.1/bin/java homework > stulog.txt 2>&1 on jiayanwa #####
##### SUCCESS: /usr/bin/time -o time_22_vdhankar_jiayanwa.txt -f "%U" /usr/lib/jvm/jdk-14.0.1/bin/java homework > stulog.txt 2>&1 on jiayanwa #####
##### jiayanwa plays [E d2 e3] in 0.46s #####
##### Running: /usr/lib/jvm/jdk-14.0.1/bin/java -jar /lab/itti/projects/checkers-competition/server/referee.jar on run_22_vdhankar_jiayanwa #####
Move is valid
##### SUCCESS: /usr/lib/jvm/jdk-14.0.1/bin/java -jar /lab/itti/projects/checkers-competition/server/referee.jar on run_22_vdhankar_jiayanwa #####
INPUT for vdhankar:
GAME
BLACK
221.109831571579
.b.b.b.b
b.......
.......b
..b.b...
.......b
w.w.w.w.
.w...w.w
....w.w.
##### Running: /usr/bin/time -o time_22_vdhankar_jiayanwa.txt -f "%U" python3 homework.py > stulog.txt 2>&1 on vdhankar #####
child exited with value 1
##### ERROR: /usr/bin/time -o time_22_vdhankar_jiayanwa.txt -f "%U" python3 homework.py > stulog.txt 2>&1 on vdhankar #####
##### Output of failed program (stdout + stderr): #####
Traceback (most recent call last):
  File "homework.py", line 546, in <module>
    print(end-start)
NameError: name 'end' is not defined
##### End of output of failed program #####
##### vdhankar plays [E a7 b6] in 10.7481999397278s #####
##### Running: /usr/lib/jvm/jdk-14.0.1/bin/java -jar /lab/itti/projects/checkers-competition/server/referee.jar on run_22_vdhankar_jiayanwa #####
Move is valid
##### SUCCESS: /usr/lib/jvm/jdk-14.0.1/bin/java -jar /lab/itti/projects/checkers-competition/server/referee.jar on run_22_vdhankar_jiayanwa #####
INPUT for jiayanwa:
GAME
WHITE
296.41
.b.b.b.b
........
.b.....b
..b.b...
.......b
w.w.w.w.
.w...w.w
....w.w.
##### Running: /usr/bin/time -o time_22_vdhankar_jiayanwa.txt -f "%U" /usr/lib/jvm/jdk-14.0.1/bin/java homework > stulog.txt 2>&1 on jiayanwa #####
##### SUCCESS: /usr/bin/time -o time_22_vdhankar_jiayanwa.txt -f "%U" /usr/lib/jvm/jdk-14.0.1/bin/java homework > stulog.txt 2>&1 on jiayanwa #####
##### jiayanwa plays [E e3 d4] in 0.58s #####
##### Running: /usr/lib/jvm/jdk-14.0.1/bin/java -jar /lab/itti/projects/checkers-competition/server/referee.jar on run_22_vdhankar_jiayanwa #####
Move is valid
##### SUCCESS: /usr/lib/jvm/jdk-14.0.1/bin/java -jar /lab/itti/projects/checkers-competition/server/referee.jar on run_22_vdhankar_jiayanwa #####
INPUT for vdhankar:
GAME
BLACK
210.361631631851
.b.b.b.b
........
.b.....b
..b.b...
...w...b
w.w...w.
.w...w.w
....w.w.
##### Running: /usr/bin/time -o time_22_vdhankar_jiayanwa.txt -f "%U" python3 homework.py > stulog.txt 2>&1 on vdhankar #####
child exited with value 1
##### ERROR: /usr/bin/time -o time_22_vdhankar_jiayanwa.txt -f "%U" python3 homework.py > stulog.txt 2>&1 on vdhankar #####
##### Output of failed program (stdout + stderr): #####
Traceback (most recent call last):
  File "homework.py", line 546, in <module>
    print(end-start)
NameError: name 'end' is not defined
##### End of output of failed program #####
##### vdhankar plays [J c5 e3] in 0.740706920623779s #####
##### Running: /usr/lib/jvm/jdk-14.0.1/bin/java -jar /lab/itti/projects/checkers-competition/server/referee.jar on run_22_vdhankar_jiayanwa #####
Move is valid
##### SUCCESS: /usr/lib/jvm/jdk-14.0.1/bin/java -jar /lab/itti/projects/checkers-competition/server/referee.jar on run_22_vdhankar_jiayanwa #####
INPUT for jiayanwa:
GAME
WHITE
295.83
.b.b.b.b
........
.b.....b
....b...
.......b
w.w.b.w.
.w...w.w
....w.w.
##### Running: /usr/bin/time -o time_22_vdhankar_jiayanwa.txt -f "%U" /usr/lib/jvm/jdk-14.0.1/bin/java homework > stulog.txt 2>&1 on jiayanwa #####
##### SUCCESS: /usr/bin/time -o time_22_vdhankar_jiayanwa.txt -f "%U" /usr/lib/jvm/jdk-14.0.1/bin/java homework > stulog.txt 2>&1 on jiayanwa #####
##### jiayanwa plays [J f2 d4 ; J d4 f6] in 0.3s #####
##### Running: /usr/lib/jvm/jdk-14.0.1/bin/java -jar /lab/itti/projects/checkers-competition/server/referee.jar on run_22_vdhankar_jiayanwa #####
Move is valid
##### SUCCESS: /usr/lib/jvm/jdk-14.0.1/bin/java -jar /lab/itti/projects/checkers-competition/server/referee.jar on run_22_vdhankar_jiayanwa #####
INPUT for vdhankar:
GAME
BLACK
209.620924711227
.b.b.b.b
........
.b...w.b
........
.......b
w.w...w.
.w.....w
....w.w.
##### Running: /usr/bin/time -o time_22_vdhankar_jiayanwa.txt -f "%U" python3 homework.py > stulog.txt 2>&1 on vdhankar #####
child exited with value 1
##### ERROR: /usr/bin/time -o time_22_vdhankar_jiayanwa.txt -f "%U" python3 homework.py > stulog.txt 2>&1 on vdhankar #####
##### Output of failed program (stdout + stderr): #####
Traceback (most recent call last):
  File "homework.py", line 546, in <module>
    print(end-start)
NameError: name 'end' is not defined
##### End of output of failed program #####
##### vdhankar plays [J h4 f2] in 4.92407393455505s #####
##### Running: /usr/lib/jvm/jdk-14.0.1/bin/java -jar /lab/itti/projects/checkers-competition/server/referee.jar on run_22_vdhankar_jiayanwa #####
Move is valid
##### SUCCESS: /usr/lib/jvm/jdk-14.0.1/bin/java -jar /lab/itti/projects/checkers-competition/server/referee.jar on run_22_vdhankar_jiayanwa #####
INPUT for jiayanwa:
GAME
WHITE
295.53
.b.b.b.b
........
.b...w.b
........
........
w.w.....
.w...b.w
....w.w.
##### Running: /usr/bin/time -o time_22_vdhankar_jiayanwa.txt -f "%U" /usr/lib/jvm/jdk-14.0.1/bin/java homework > stulog.txt 2>&1 on jiayanwa #####
##### SUCCESS: /usr/bin/time -o time_22_vdhankar_jiayanwa.txt -f "%U" /usr/lib/jvm/jdk-14.0.1/bin/java homework > stulog.txt 2>&1 on jiayanwa #####
##### jiayanwa plays [J e1 g3] in 0.49s #####
##### Running: /usr/lib/jvm/jdk-14.0.1/bin/java -jar /lab/itti/projects/checkers-competition/server/referee.jar on run_22_vdhankar_jiayanwa #####
Move is valid
##### SUCCESS: /usr/lib/jvm/jdk-14.0.1/bin/java -jar /lab/itti/projects/checkers-competition/server/referee.jar on run_22_vdhankar_jiayanwa #####
INPUT for vdhankar:
GAME
BLACK
204.696850776672
.b.b.b.b
........
.b...w.b
........
........
w.w...w.
.w.....w
......w.
##### Running: /usr/bin/time -o time_22_vdhankar_jiayanwa.txt -f "%U" python3 homework.py > stulog.txt 2>&1 on vdhankar #####
child exited with value 1
##### ERROR: /usr/bin/time -o time_22_vdhankar_jiayanwa.txt -f "%U" python3 homework.py > stulog.txt 2>&1 on vdhankar #####
##### Output of failed program (stdout + stderr): #####
Traceback (most recent call last):
  File "homework.py", line 546, in <module>
    print(end-start)
NameError: name 'end' is not defined
##### End of output of failed program #####
##### vdhankar plays [E f8 g7] in 19.6157398223877s #####
##### Running: /usr/lib/jvm/jdk-14.0.1/bin/java -jar /lab/itti/projects/checkers-competition/server/referee.jar on run_22_vdhankar_jiayanwa #####
Move is valid
##### SUCCESS: /usr/lib/jvm/jdk-14.0.1/bin/java -jar /lab/itti/projects/checkers-competition/server/referee.jar on run_22_vdhankar_jiayanwa #####
INPUT for jiayanwa:
GAME
WHITE
295.04
.b.b...b
......b.
.b...w.b
........
........
w.w...w.
.w.....w
......w.
##### Running: /usr/bin/time -o time_22_vdhankar_jiayanwa.txt -f "%U" /usr/lib/jvm/jdk-14.0.1/bin/java homework > stulog.txt 2>&1 on jiayanwa #####
##### SUCCESS: /usr/bin/time -o time_22_vdhankar_jiayanwa.txt -f "%U" /usr/lib/jvm/jdk-14.0.1/bin/java homework > stulog.txt 2>&1 on jiayanwa #####
##### jiayanwa plays [E g1 f2] in 0.36s #####
##### Running: /usr/lib/jvm/jdk-14.0.1/bin/java -jar /lab/itti/projects/checkers-competition/server/referee.jar on run_22_vdhankar_jiayanwa #####
Move is valid
##### SUCCESS: /usr/lib/jvm/jdk-14.0.1/bin/java -jar /lab/itti/projects/checkers-competition/server/referee.jar on run_22_vdhankar_jiayanwa #####
INPUT for vdhankar:
GAME
BLACK
185.081110954285
.b.b...b
......b.
.b...w.b
........
........
w.w...w.
.w...w.w
........
##### Running: /usr/bin/time -o time_22_vdhankar_jiayanwa.txt -f "%U" python3 homework.py > stulog.txt 2>&1 on vdhankar #####
child exited with value 1
##### ERROR: /usr/bin/time -o time_22_vdhankar_jiayanwa.txt -f "%U" python3 homework.py > stulog.txt 2>&1 on vdhankar #####
##### Output of failed program (stdout + stderr): #####
Traceback (most recent call last):
  File "homework.py", line 546, in <module>
    print(end-start)
NameError: name 'end' is not defined
##### End of output of failed program #####
##### vdhankar plays [J g7 e5] in 8.00073790550232s #####
##### Running: /usr/lib/jvm/jdk-14.0.1/bin/java -jar /lab/itti/projects/checkers-competition/server/referee.jar on run_22_vdhankar_jiayanwa #####
Move is valid
##### SUCCESS: /usr/lib/jvm/jdk-14.0.1/bin/java -jar /lab/itti/projects/checkers-competition/server/referee.jar on run_22_vdhankar_jiayanwa #####
INPUT for jiayanwa:
GAME
WHITE
294.68
.b.b...b
........
.b.....b
....b...
........
w.w...w.
.w...w.w
........
##### Running: /usr/bin/time -o time_22_vdhankar_jiayanwa.txt -f "%U" /usr/lib/jvm/jdk-14.0.1/bin/java homework > stulog.txt 2>&1 on jiayanwa #####
##### SUCCESS: /usr/bin/time -o time_22_vdhankar_jiayanwa.txt -f "%U" /usr/lib/jvm/jdk-14.0.1/bin/java homework > stulog.txt 2>&1 on jiayanwa #####
##### jiayanwa plays [E f2 e3] in 0.41s #####
##### Running: /usr/lib/jvm/jdk-14.0.1/bin/java -jar /lab/itti/projects/checkers-competition/server/referee.jar on run_22_vdhankar_jiayanwa #####
Move is valid
##### SUCCESS: /usr/lib/jvm/jdk-14.0.1/bin/java -jar /lab/itti/projects/checkers-competition/server/referee.jar on run_22_vdhankar_jiayanwa #####
INPUT for vdhankar:
GAME
BLACK
177.080373048782
.b.b...b
........
.b.....b
....b...
........
w.w.w.w.
.w.....w
........
##### Running: /usr/bin/time -o time_22_vdhankar_jiayanwa.txt -f "%U" python3 homework.py > stulog.txt 2>&1 on vdhankar #####
child exited with value 1
##### ERROR: /usr/bin/time -o time_22_vdhankar_jiayanwa.txt -f "%U" python3 homework.py > stulog.txt 2>&1 on vdhankar #####
##### Output of failed program (stdout + stderr): #####
Traceback (most recent call last):
  File "homework.py", line 546, in <module>
    print(end-start)
NameError: name 'end' is not defined
##### End of output of failed program #####
##### vdhankar plays [E b6 c5] in 13.2466080188751s #####
##### Running: /usr/lib/jvm/jdk-14.0.1/bin/java -jar /lab/itti/projects/checkers-competition/server/referee.jar on run_22_vdhankar_jiayanwa #####
Move is valid
##### SUCCESS: /usr/lib/jvm/jdk-14.0.1/bin/java -jar /lab/itti/projects/checkers-competition/server/referee.jar on run_22_vdhankar_jiayanwa #####
INPUT for jiayanwa:
GAME
WHITE
294.27
.b.b...b
........
.......b
..b.b...
........
w.w.w.w.
.w.....w
........
##### Running: /usr/bin/time -o time_22_vdhankar_jiayanwa.txt -f "%U" /usr/lib/jvm/jdk-14.0.1/bin/java homework > stulog.txt 2>&1 on jiayanwa #####
##### SUCCESS: /usr/bin/time -o time_22_vdhankar_jiayanwa.txt -f "%U" /usr/lib/jvm/jdk-14.0.1/bin/java homework > stulog.txt 2>&1 on jiayanwa #####
##### jiayanwa plays [E e3 f4] in 0.44s #####
##### Running: /usr/lib/jvm/jdk-14.0.1/bin/java -jar /lab/itti/projects/checkers-competition/server/referee.jar on run_22_vdhankar_jiayanwa #####
Move is valid
##### SUCCESS: /usr/lib/jvm/jdk-14.0.1/bin/java -jar /lab/itti/projects/checkers-competition/server/referee.jar on run_22_vdhankar_jiayanwa #####
INPUT for vdhankar:
GAME
BLACK
163.833765029907
.b.b...b
........
.......b
..b.b...
.....w..
w.w...w.
.w.....w
........
##### Running: /usr/bin/time -o time_22_vdhankar_jiayanwa.txt -f "%U" python3 homework.py > stulog.txt 2>&1 on vdhankar #####
child exited with value 1
##### ERROR: /usr/bin/time -o time_22_vdhankar_jiayanwa.txt -f "%U" python3 homework.py > stulog.txt 2>&1 on vdhankar #####
##### Output of failed program (stdout + stderr): #####
Traceback (most recent call last):
  File "homework.py", line 546, in <module>
    print(end-start)
NameError: name 'end' is not defined
##### End of output of failed program #####
##### vdhankar plays [E e5 d4] in 2.56893014907837s #####
##### Running: /usr/lib/jvm/jdk-14.0.1/bin/java -jar /lab/itti/projects/checkers-competition/server/referee.jar on run_22_vdhankar_jiayanwa #####
Move is valid
##### SUCCESS: /usr/lib/jvm/jdk-14.0.1/bin/java -jar /lab/itti/projects/checkers-competition/server/referee.jar on run_22_vdhankar_jiayanwa #####
INPUT for jiayanwa:
GAME
WHITE
293.83
.b.b...b
........
.......b
..b.....
...b.w..
w.w...w.
.w.....w
........
##### Running: /usr/bin/time -o time_22_vdhankar_jiayanwa.txt -f "%U" /usr/lib/jvm/jdk-14.0.1/bin/java homework > stulog.txt 2>&1 on jiayanwa #####
##### SUCCESS: /usr/bin/time -o time_22_vdhankar_jiayanwa.txt -f "%U" /usr/lib/jvm/jdk-14.0.1/bin/java homework > stulog.txt 2>&1 on jiayanwa #####
##### jiayanwa plays [J c3 e5] in 0.34s #####
##### Running: /usr/lib/jvm/jdk-14.0.1/bin/java -jar /lab/itti/projects/checkers-competition/server/referee.jar on run_22_vdhankar_jiayanwa #####
Move is valid
##### SUCCESS: /usr/lib/jvm/jdk-14.0.1/bin/java -jar /lab/itti/projects/checkers-competition/server/referee.jar on run_22_vdhankar_jiayanwa #####
INPUT for vdhankar:
GAME
BLACK
161.264834880829
.b.b...b
........
.......b
..b.w...
.....w..
w.....w.
.w.....w
........
##### Running: /usr/bin/time -o time_22_vdhankar_jiayanwa.txt -f "%U" python3 homework.py > stulog.txt 2>&1 on vdhankar #####
child exited with value 1
##### ERROR: /usr/bin/time -o time_22_vdhankar_jiayanwa.txt -f "%U" python3 homework.py > stulog.txt 2>&1 on vdhankar #####
##### Output of failed program (stdout + stderr): #####
Traceback (most recent call last):
  File "homework.py", line 546, in <module>
    print(end-start)
NameError: name 'end' is not defined
##### End of output of failed program #####
##### vdhankar plays [E c5 d4] in 14.4282608032227s #####
##### Running: /usr/lib/jvm/jdk-14.0.1/bin/java -jar /lab/itti/projects/checkers-competition/server/referee.jar on run_22_vdhankar_jiayanwa #####
Move is valid
##### SUCCESS: /usr/lib/jvm/jdk-14.0.1/bin/java -jar /lab/itti/projects/checkers-competition/server/referee.jar on run_22_vdhankar_jiayanwa #####
INPUT for jiayanwa:
GAME
WHITE
293.49
.b.b...b
........
.......b
....w...
...b.w..
w.....w.
.w.....w
........
##### Running: /usr/bin/time -o time_22_vdhankar_jiayanwa.txt -f "%U" /usr/lib/jvm/jdk-14.0.1/bin/java homework > stulog.txt 2>&1 on jiayanwa #####
##### SUCCESS: /usr/bin/time -o time_22_vdhankar_jiayanwa.txt -f "%U" /usr/lib/jvm/jdk-14.0.1/bin/java homework > stulog.txt 2>&1 on jiayanwa #####
##### jiayanwa plays [E e5 d6] in 0.42s #####
##### Running: /usr/lib/jvm/jdk-14.0.1/bin/java -jar /lab/itti/projects/checkers-competition/server/referee.jar on run_22_vdhankar_jiayanwa #####
Move is valid
##### SUCCESS: /usr/lib/jvm/jdk-14.0.1/bin/java -jar /lab/itti/projects/checkers-competition/server/referee.jar on run_22_vdhankar_jiayanwa #####
INPUT for vdhankar:
GAME
BLACK
146.836574077606
.b.b...b
........
...w...b
........
...b.w..
w.....w.
.w.....w
........
##### Running: /usr/bin/time -o time_22_vdhankar_jiayanwa.txt -f "%U" python3 homework.py > stulog.txt 2>&1 on vdhankar #####
child exited with value 1
##### ERROR: /usr/bin/time -o time_22_vdhankar_jiayanwa.txt -f "%U" python3 homework.py > stulog.txt 2>&1 on vdhankar #####
##### Output of failed program (stdout + stderr): #####
Traceback (most recent call last):
  File "homework.py", line 546, in <module>
    print(end-start)
NameError: name 'end' is not defined
##### End of output of failed program #####
##### vdhankar plays [E d4 e3] in 12.9120440483093s #####
##### Running: /usr/lib/jvm/jdk-14.0.1/bin/java -jar /lab/itti/projects/checkers-competition/server/referee.jar on run_22_vdhankar_jiayanwa #####
Move is valid
##### SUCCESS: /usr/lib/jvm/jdk-14.0.1/bin/java -jar /lab/itti/projects/checkers-competition/server/referee.jar on run_22_vdhankar_jiayanwa #####
INPUT for jiayanwa:
GAME
WHITE
293.07
.b.b...b
........
...w...b
........
.....w..
w...b.w.
.w.....w
........
##### Running: /usr/bin/time -o time_22_vdhankar_jiayanwa.txt -f "%U" /usr/lib/jvm/jdk-14.0.1/bin/java homework > stulog.txt 2>&1 on jiayanwa #####
##### SUCCESS: /usr/bin/time -o time_22_vdhankar_jiayanwa.txt -f "%U" /usr/lib/jvm/jdk-14.0.1/bin/java homework > stulog.txt 2>&1 on jiayanwa #####
##### jiayanwa plays [E d6 c7] in 0.4s #####
##### Running: /usr/lib/jvm/jdk-14.0.1/bin/java -jar /lab/itti/projects/checkers-competition/server/referee.jar on run_22_vdhankar_jiayanwa #####
Move is valid
##### SUCCESS: /usr/lib/jvm/jdk-14.0.1/bin/java -jar /lab/itti/projects/checkers-competition/server/referee.jar on run_22_vdhankar_jiayanwa #####
INPUT for vdhankar:
GAME
BLACK
133.924530029297
.b.b...b
..w.....
.......b
........
.....w..
w...b.w.
.w.....w
........
##### Running: /usr/bin/time -o time_22_vdhankar_jiayanwa.txt -f "%U" python3 homework.py > stulog.txt 2>&1 on vdhankar #####
child exited with value 1
##### ERROR: /usr/bin/time -o time_22_vdhankar_jiayanwa.txt -f "%U" python3 homework.py > stulog.txt 2>&1 on vdhankar #####
##### Output of failed program (stdout + stderr): #####
Traceback (most recent call last):
  File "homework.py", line 546, in <module>
    print(end-start)
NameError: name 'end' is not defined
##### End of output of failed program #####
##### vdhankar plays [J d8 b6] in 6.44771194458008s #####
##### Running: /usr/lib/jvm/jdk-14.0.1/bin/java -jar /lab/itti/projects/checkers-competition/server/referee.jar on run_22_vdhankar_jiayanwa #####
Move is valid
##### SUCCESS: /usr/lib/jvm/jdk-14.0.1/bin/java -jar /lab/itti/projects/checkers-competition/server/referee.jar on run_22_vdhankar_jiayanwa #####
INPUT for jiayanwa:
GAME
WHITE
292.67
.b.....b
........
.b.....b
........
.....w..
w...b.w.
.w.....w
........
##### Running: /usr/bin/time -o time_22_vdhankar_jiayanwa.txt -f "%U" /usr/lib/jvm/jdk-14.0.1/bin/java homework > stulog.txt 2>&1 on jiayanwa #####
##### SUCCESS: /usr/bin/time -o time_22_vdhankar_jiayanwa.txt -f "%U" /usr/lib/jvm/jdk-14.0.1/bin/java homework > stulog.txt 2>&1 on jiayanwa #####
##### jiayanwa plays [E a3 b4] in 0.4s #####
##### Running: /usr/lib/jvm/jdk-14.0.1/bin/java -jar /lab/itti/projects/checkers-competition/server/referee.jar on run_22_vdhankar_jiayanwa #####
Move is valid
##### SUCCESS: /usr/lib/jvm/jdk-14.0.1/bin/java -jar /lab/itti/projects/checkers-competition/server/referee.jar on run_22_vdhankar_jiayanwa #####
INPUT for vdhankar:
GAME
BLACK
127.476818084717
.b.....b
........
.b.....b
........
.w...w..
....b.w.
.w.....w
........
##### Running: /usr/bin/time -o time_22_vdhankar_jiayanwa.txt -f "%U" python3 homework.py > stulog.txt 2>&1 on vdhankar #####
child exited with value 1
##### ERROR: /usr/bin/time -o time_22_vdhankar_jiayanwa.txt -f "%U" python3 homework.py > stulog.txt 2>&1 on vdhankar #####
##### Output of failed program (stdout + stderr): #####
Traceback (most recent call last):
  File "homework.py", line 546, in <module>
    print(end-start)
NameError: name 'end' is not defined
##### End of output of failed program #####
##### vdhankar plays [E e3 f2] in 18.869815826416s #####
##### Running: /usr/lib/jvm/jdk-14.0.1/bin/java -jar /lab/itti/projects/checkers-competition/server/referee.jar on run_22_vdhankar_jiayanwa #####
Move is valid
##### SUCCESS: /usr/lib/jvm/jdk-14.0.1/bin/java -jar /lab/itti/projects/checkers-competition/server/referee.jar on run_22_vdhankar_jiayanwa #####
INPUT for jiayanwa:
GAME
WHITE
292.27
.b.....b
........
.b.....b
........
.w...w..
......w.
.w...b.w
........
##### Running: /usr/bin/time -o time_22_vdhankar_jiayanwa.txt -f "%U" /usr/lib/jvm/jdk-14.0.1/bin/java homework > stulog.txt 2>&1 on jiayanwa #####
##### SUCCESS: /usr/bin/time -o time_22_vdhankar_jiayanwa.txt -f "%U" /usr/lib/jvm/jdk-14.0.1/bin/java homework > stulog.txt 2>&1 on jiayanwa #####
##### jiayanwa plays [E b4 c5] in 0.34s #####
##### Running: /usr/lib/jvm/jdk-14.0.1/bin/java -jar /lab/itti/projects/checkers-competition/server/referee.jar on run_22_vdhankar_jiayanwa #####
Move is valid
##### SUCCESS: /usr/lib/jvm/jdk-14.0.1/bin/java -jar /lab/itti/projects/checkers-competition/server/referee.jar on run_22_vdhankar_jiayanwa #####
INPUT for vdhankar:
GAME
BLACK
108.607002258301
.b.....b
........
.b.....b
..w.....
.....w..
......w.
.w...b.w
........
##### Running: /usr/bin/time -o time_22_vdhankar_jiayanwa.txt -f "%U" python3 homework.py > stulog.txt 2>&1 on vdhankar #####
child exited with value 1
##### ERROR: /usr/bin/time -o time_22_vdhankar_jiayanwa.txt -f "%U" python3 homework.py > stulog.txt 2>&1 on vdhankar #####
##### Output of failed program (stdout + stderr): #####
Traceback (most recent call last):
  File "homework.py", line 546, in <module>
    print(end-start)
NameError: name 'end' is not defined
##### End of output of failed program #####
##### vdhankar plays [J b6 d4] in 4.65999007225037s #####
##### Running: /usr/lib/jvm/jdk-14.0.1/bin/java -jar /lab/itti/projects/checkers-competition/server/referee.jar on run_22_vdhankar_jiayanwa #####
Move is valid
##### SUCCESS: /usr/lib/jvm/jdk-14.0.1/bin/java -jar /lab/itti/projects/checkers-competition/server/referee.jar on run_22_vdhankar_jiayanwa #####
INPUT for jiayanwa:
GAME
WHITE
291.93
.b.....b
........
.......b
........
...b.w..
......w.
.w...b.w
........
##### Running: /usr/bin/time -o time_22_vdhankar_jiayanwa.txt -f "%U" /usr/lib/jvm/jdk-14.0.1/bin/java homework > stulog.txt 2>&1 on jiayanwa #####
##### SUCCESS: /usr/bin/time -o time_22_vdhankar_jiayanwa.txt -f "%U" /usr/lib/jvm/jdk-14.0.1/bin/java homework > stulog.txt 2>&1 on jiayanwa #####
##### jiayanwa plays [E b2 a3] in 0.37s #####
##### Running: /usr/lib/jvm/jdk-14.0.1/bin/java -jar /lab/itti/projects/checkers-competition/server/referee.jar on run_22_vdhankar_jiayanwa #####
Move is valid
##### SUCCESS: /usr/lib/jvm/jdk-14.0.1/bin/java -jar /lab/itti/projects/checkers-competition/server/referee.jar on run_22_vdhankar_jiayanwa #####
INPUT for vdhankar:
GAME
BLACK
103.94701218605
.b.....b
........
.......b
........
...b.w..
w.....w.
.....b.w
........
##### Running: /usr/bin/time -o time_22_vdhankar_jiayanwa.txt -f "%U" python3 homework.py > stulog.txt 2>&1 on vdhankar #####
child exited with value 1
##### ERROR: /usr/bin/time -o time_22_vdhankar_jiayanwa.txt -f "%U" python3 homework.py > stulog.txt 2>&1 on vdhankar #####
##### Output of failed program (stdout + stderr): #####
Traceback (most recent call last):
  File "homework.py", line 546, in <module>
    print(end-start)
NameError: name 'end' is not defined
##### End of output of failed program #####
##### vdhankar plays [E f2 g1] in 11.8078980445862s #####
##### Running: /usr/lib/jvm/jdk-14.0.1/bin/java -jar /lab/itti/projects/checkers-competition/server/referee.jar on run_22_vdhankar_jiayanwa #####
Move is valid
##### SUCCESS: /usr/lib/jvm/jdk-14.0.1/bin/java -jar /lab/itti/projects/checkers-competition/server/referee.jar on run_22_vdhankar_jiayanwa #####
INPUT for jiayanwa:
GAME
WHITE
291.56
.b.....b
........
.......b
........
...b.w..
w.....w.
.......w
......B.
##### Running: /usr/bin/time -o time_22_vdhankar_jiayanwa.txt -f "%U" /usr/lib/jvm/jdk-14.0.1/bin/java homework > stulog.txt 2>&1 on jiayanwa #####
##### SUCCESS: /usr/bin/time -o time_22_vdhankar_jiayanwa.txt -f "%U" /usr/lib/jvm/jdk-14.0.1/bin/java homework > stulog.txt 2>&1 on jiayanwa #####
##### jiayanwa plays [E a3 b4] in 0.34s #####
##### Running: /usr/lib/jvm/jdk-14.0.1/bin/java -jar /lab/itti/projects/checkers-competition/server/referee.jar on run_22_vdhankar_jiayanwa #####
Move is valid
##### SUCCESS: /usr/lib/jvm/jdk-14.0.1/bin/java -jar /lab/itti/projects/checkers-competition/server/referee.jar on run_22_vdhankar_jiayanwa #####
INPUT for vdhankar:
GAME
BLACK
92.1391141414642
.b.....b
........
.......b
........
.w.b.w..
......w.
.......w
......B.
##### Running: /usr/bin/time -o time_22_vdhankar_jiayanwa.txt -f "%U" python3 homework.py > stulog.txt 2>&1 on vdhankar #####
child exited with value 1
##### ERROR: /usr/bin/time -o time_22_vdhankar_jiayanwa.txt -f "%U" python3 homework.py > stulog.txt 2>&1 on vdhankar #####
##### Output of failed program (stdout + stderr): #####
Traceback (most recent call last):
  File "homework.py", line 546, in <module>
    print(end-start)
NameError: name 'end' is not defined
##### End of output of failed program #####
##### vdhankar plays [E g1 f2] in 13.2082860469818s #####
##### Running: /usr/lib/jvm/jdk-14.0.1/bin/java -jar /lab/itti/projects/checkers-competition/server/referee.jar on run_22_vdhankar_jiayanwa #####
Move is valid
##### SUCCESS: /usr/lib/jvm/jdk-14.0.1/bin/java -jar /lab/itti/projects/checkers-competition/server/referee.jar on run_22_vdhankar_jiayanwa #####
INPUT for jiayanwa:
GAME
WHITE
291.22
.b.....b
........
.......b
........
.w.b.w..
......w.
.....B.w
........
##### Running: /usr/bin/time -o time_22_vdhankar_jiayanwa.txt -f "%U" /usr/lib/jvm/jdk-14.0.1/bin/java homework > stulog.txt 2>&1 on jiayanwa #####
##### SUCCESS: /usr/bin/time -o time_22_vdhankar_jiayanwa.txt -f "%U" /usr/lib/jvm/jdk-14.0.1/bin/java homework > stulog.txt 2>&1 on jiayanwa #####
##### jiayanwa plays [E g3 h4] in 0.35s #####
##### Running: /usr/lib/jvm/jdk-14.0.1/bin/java -jar /lab/itti/projects/checkers-competition/server/referee.jar on run_22_vdhankar_jiayanwa #####
Move is valid
##### SUCCESS: /usr/lib/jvm/jdk-14.0.1/bin/java -jar /lab/itti/projects/checkers-competition/server/referee.jar on run_22_vdhankar_jiayanwa #####
INPUT for vdhankar:
GAME
BLACK
78.9308280944824
.b.....b
........
.......b
........
.w.b.w.w
........
.....B.w
........
##### Running: /usr/bin/time -o time_22_vdhankar_jiayanwa.txt -f "%U" python3 homework.py > stulog.txt 2>&1 on vdhankar #####
child exited with value 1
##### ERROR: /usr/bin/time -o time_22_vdhankar_jiayanwa.txt -f "%U" python3 homework.py > stulog.txt 2>&1 on vdhankar #####
##### Output of failed program (stdout + stderr): #####
Traceback (most recent call last):
  File "homework.py", line 546, in <module>
    print(end-start)
NameError: name 'end' is not defined
##### End of output of failed program #####
##### vdhankar plays [E f2 g1] in 12.8317859172821s #####
##### Running: /usr/lib/jvm/jdk-14.0.1/bin/java -jar /lab/itti/projects/checkers-competition/server/referee.jar on run_22_vdhankar_jiayanwa #####
Move is valid
##### SUCCESS: /usr/lib/jvm/jdk-14.0.1/bin/java -jar /lab/itti/projects/checkers-competition/server/referee.jar on run_22_vdhankar_jiayanwa #####
INPUT for jiayanwa:
GAME
WHITE
290.87
.b.....b
........
.......b
........
.w.b.w.w
........
.......w
......B.
##### Running: /usr/bin/time -o time_22_vdhankar_jiayanwa.txt -f "%U" /usr/lib/jvm/jdk-14.0.1/bin/java homework > stulog.txt 2>&1 on jiayanwa #####
##### SUCCESS: /usr/bin/time -o time_22_vdhankar_jiayanwa.txt -f "%U" /usr/lib/jvm/jdk-14.0.1/bin/java homework > stulog.txt 2>&1 on jiayanwa #####
##### jiayanwa plays [E b4 a5] in 0.29s #####
##### Running: /usr/lib/jvm/jdk-14.0.1/bin/java -jar /lab/itti/projects/checkers-competition/server/referee.jar on run_22_vdhankar_jiayanwa #####
Move is valid
##### SUCCESS: /usr/lib/jvm/jdk-14.0.1/bin/java -jar /lab/itti/projects/checkers-competition/server/referee.jar on run_22_vdhankar_jiayanwa #####
INPUT for vdhankar:
GAME
BLACK
66.0990421772003
.b.....b
........
.......b
w.......
...b.w.w
........
.......w
......B.
##### Running: /usr/bin/time -o time_22_vdhankar_jiayanwa.txt -f "%U" python3 homework.py > stulog.txt 2>&1 on vdhankar #####
child exited with value 1
##### ERROR: /usr/bin/time -o time_22_vdhankar_jiayanwa.txt -f "%U" python3 homework.py > stulog.txt 2>&1 on vdhankar #####
##### Output of failed program (stdout + stderr): #####
Traceback (most recent call last):
  File "homework.py", line 546, in <module>
    print(end-start)
NameError: name 'end' is not defined
##### End of output of failed program #####
##### vdhankar plays [E g1 f2] in 7.10094714164734s #####
##### Running: /usr/lib/jvm/jdk-14.0.1/bin/java -jar /lab/itti/projects/checkers-competition/server/referee.jar on run_22_vdhankar_jiayanwa #####
Move is valid
##### SUCCESS: /usr/lib/jvm/jdk-14.0.1/bin/java -jar /lab/itti/projects/checkers-competition/server/referee.jar on run_22_vdhankar_jiayanwa #####
INPUT for jiayanwa:
GAME
WHITE
290.58
.b.....b
........
.......b
w.......
...b.w.w
........
.....B.w
........
##### Running: /usr/bin/time -o time_22_vdhankar_jiayanwa.txt -f "%U" /usr/lib/jvm/jdk-14.0.1/bin/java homework > stulog.txt 2>&1 on jiayanwa #####
##### SUCCESS: /usr/bin/time -o time_22_vdhankar_jiayanwa.txt -f "%U" /usr/lib/jvm/jdk-14.0.1/bin/java homework > stulog.txt 2>&1 on jiayanwa #####
##### jiayanwa plays [E h2 g3] in 0.4s #####
##### Running: /usr/lib/jvm/jdk-14.0.1/bin/java -jar /lab/itti/projects/checkers-competition/server/referee.jar on run_22_vdhankar_jiayanwa #####
Move is valid
##### SUCCESS: /usr/lib/jvm/jdk-14.0.1/bin/java -jar /lab/itti/projects/checkers-competition/server/referee.jar on run_22_vdhankar_jiayanwa #####
INPUT for vdhankar:
GAME
BLACK
58.998095035553
.b.....b
........
.......b
w.......
...b.w.w
......w.
.....B..
........
##### Running: /usr/bin/time -o time_22_vdhankar_jiayanwa.txt -f "%U" python3 homework.py > stulog.txt 2>&1 on vdhankar #####
child exited with value 1
##### ERROR: /usr/bin/time -o time_22_vdhankar_jiayanwa.txt -f "%U" python3 homework.py > stulog.txt 2>&1 on vdhankar #####
##### Output of failed program (stdout + stderr): #####
Traceback (most recent call last):
  File "homework.py", line 546, in <module>
    print(end-start)
NameError: name 'end' is not defined
##### End of output of failed program #####
##### vdhankar plays [E d4 e3] in 6.29498505592346s #####
##### Running: /usr/lib/jvm/jdk-14.0.1/bin/java -jar /lab/itti/projects/checkers-competition/server/referee.jar on run_22_vdhankar_jiayanwa #####
Move is valid
##### SUCCESS: /usr/lib/jvm/jdk-14.0.1/bin/java -jar /lab/itti/projects/checkers-competition/server/referee.jar on run_22_vdhankar_jiayanwa #####
INPUT for jiayanwa:
GAME
WHITE
290.18
.b.....b
........
.......b
w.......
.....w.w
....b.w.
.....B..
........
##### Running: /usr/bin/time -o time_22_vdhankar_jiayanwa.txt -f "%U" /usr/lib/jvm/jdk-14.0.1/bin/java homework > stulog.txt 2>&1 on jiayanwa #####
##### SUCCESS: /usr/bin/time -o time_22_vdhankar_jiayanwa.txt -f "%U" /usr/lib/jvm/jdk-14.0.1/bin/java homework > stulog.txt 2>&1 on jiayanwa #####
##### jiayanwa plays [E h4 g5] in 0.36s #####
##### Running: /usr/lib/jvm/jdk-14.0.1/bin/java -jar /lab/itti/projects/checkers-competition/server/referee.jar on run_22_vdhankar_jiayanwa #####
Move is valid
##### SUCCESS: /usr/lib/jvm/jdk-14.0.1/bin/java -jar /lab/itti/projects/checkers-competition/server/referee.jar on run_22_vdhankar_jiayanwa #####
INPUT for vdhankar:
GAME
BLACK
52.7031099796295
.b.....b
........
.......b
w.....w.
.....w..
....b.w.
.....B..
........
##### Running: /usr/bin/time -o time_22_vdhankar_jiayanwa.txt -f "%U" python3 homework.py > stulog.txt 2>&1 on vdhankar #####
child exited with value 1
##### ERROR: /usr/bin/time -o time_22_vdhankar_jiayanwa.txt -f "%U" python3 homework.py > stulog.txt 2>&1 on vdhankar #####
##### Output of failed program (stdout + stderr): #####
Traceback (most recent call last):
  File "homework.py", line 546, in <module>
    print(end-start)
NameError: name 'end' is not defined
##### End of output of failed program #####
##### vdhankar plays [J f2 h4 ; J h4 f6] in 0.465136051177979s #####
##### Running: /usr/lib/jvm/jdk-14.0.1/bin/java -jar /lab/itti/projects/checkers-competition/server/referee.jar on run_22_vdhankar_jiayanwa #####
Move is valid
##### SUCCESS: /usr/lib/jvm/jdk-14.0.1/bin/java -jar /lab/itti/projects/checkers-competition/server/referee.jar on run_22_vdhankar_jiayanwa #####
INPUT for jiayanwa:
GAME
WHITE
289.82
.b.....b
........
.....B.b
w.......
.....w..
....b...
........
........
##### Running: /usr/bin/time -o time_22_vdhankar_jiayanwa.txt -f "%U" /usr/lib/jvm/jdk-14.0.1/bin/java homework > stulog.txt 2>&1 on jiayanwa #####
##### SUCCESS: /usr/bin/time -o time_22_vdhankar_jiayanwa.txt -f "%U" /usr/lib/jvm/jdk-14.0.1/bin/java homework > stulog.txt 2>&1 on jiayanwa #####
##### jiayanwa plays [E f4 e5] in 0.32s #####
##### Running: /usr/lib/jvm/jdk-14.0.1/bin/java -jar /lab/itti/projects/checkers-competition/server/referee.jar on run_22_vdhankar_jiayanwa #####
Move is valid
##### SUCCESS: /usr/lib/jvm/jdk-14.0.1/bin/java -jar /lab/itti/projects/checkers-competition/server/referee.jar on run_22_vdhankar_jiayanwa #####
INPUT for vdhankar:
GAME
BLACK
52.2379739284515
.b.....b
........
.....B.b
w...w...
........
....b...
........
........
##### Running: /usr/bin/time -o time_22_vdhankar_jiayanwa.txt -f "%U" python3 homework.py > stulog.txt 2>&1 on vdhankar #####
child exited with value 1
##### ERROR: /usr/bin/time -o time_22_vdhankar_jiayanwa.txt -f "%U" python3 homework.py > stulog.txt 2>&1 on vdhankar #####
##### Output of failed program (stdout + stderr): #####
Traceback (most recent call last):
  File "homework.py", line 546, in <module>
    print(end-start)
NameError: name 'end' is not defined
##### End of output of failed program #####
##### vdhankar plays [J f6 d4] in 0.385722875595093s #####
##### Running: /usr/lib/jvm/jdk-14.0.1/bin/java -jar /lab/itti/projects/checkers-competition/server/referee.jar on run_22_vdhankar_jiayanwa #####
Move is valid
##### SUCCESS: /usr/lib/jvm/jdk-14.0.1/bin/java -jar /lab/itti/projects/checkers-competition/server/referee.jar on run_22_vdhankar_jiayanwa #####
INPUT for jiayanwa:
GAME
WHITE
289.5
.b.....b
........
.......b
w.......
...B....
....b...
........
........
##### Running: /usr/bin/time -o time_22_vdhankar_jiayanwa.txt -f "%U" /usr/lib/jvm/jdk-14.0.1/bin/java homework > stulog.txt 2>&1 on jiayanwa #####
##### SUCCESS: /usr/bin/time -o time_22_vdhankar_jiayanwa.txt -f "%U" /usr/lib/jvm/jdk-14.0.1/bin/java homework > stulog.txt 2>&1 on jiayanwa #####
##### jiayanwa plays [E a5 b6] in 0.32s #####
##### Running: /usr/lib/jvm/jdk-14.0.1/bin/java -jar /lab/itti/projects/checkers-competition/server/referee.jar on run_22_vdhankar_jiayanwa #####
Move is valid
##### SUCCESS: /usr/lib/jvm/jdk-14.0.1/bin/java -jar /lab/itti/projects/checkers-competition/server/referee.jar on run_22_vdhankar_jiayanwa #####
INPUT for vdhankar:
GAME
BLACK
51.8522510528564
.b.....b
........
.w.....b
........
...B....
....b...
........
........
##### Running: /usr/bin/time -o time_22_vdhankar_jiayanwa.txt -f "%U" python3 homework.py > stulog.txt 2>&1 on vdhankar #####
child exited with value 1
##### ERROR: /usr/bin/time -o time_22_vdhankar_jiayanwa.txt -f "%U" python3 homework.py > stulog.txt 2>&1 on vdhankar #####
##### Output of failed program (stdout + stderr): #####
Traceback (most recent call last):
  File "homework.py", line 546, in <module>
    print(end-start)
NameError: name 'end' is not defined
##### End of output of failed program #####
##### vdhankar plays [E b8 a7] in 0.602352857589722s #####
##### Running: /usr/lib/jvm/jdk-14.0.1/bin/java -jar /lab/itti/projects/checkers-competition/server/referee.jar on run_22_vdhankar_jiayanwa #####
Move is valid
##### SUCCESS: /usr/lib/jvm/jdk-14.0.1/bin/java -jar /lab/itti/projects/checkers-competition/server/referee.jar on run_22_vdhankar_jiayanwa #####
INPUT for jiayanwa:
GAME
WHITE
289.18
.......b
b.......
.w.....b
........
...B....
....b...
........
........
##### Running: /usr/bin/time -o time_22_vdhankar_jiayanwa.txt -f "%U" /usr/lib/jvm/jdk-14.0.1/bin/java homework > stulog.txt 2>&1 on jiayanwa #####
##### SUCCESS: /usr/bin/time -o time_22_vdhankar_jiayanwa.txt -f "%U" /usr/lib/jvm/jdk-14.0.1/bin/java homework > stulog.txt 2>&1 on jiayanwa #####
##### jiayanwa plays [E b6 c7] in 0.34s #####
##### Running: /usr/lib/jvm/jdk-14.0.1/bin/java -jar /lab/itti/projects/checkers-competition/server/referee.jar on run_22_vdhankar_jiayanwa #####
Move is valid
##### SUCCESS: /usr/lib/jvm/jdk-14.0.1/bin/java -jar /lab/itti/projects/checkers-competition/server/referee.jar on run_22_vdhankar_jiayanwa #####
INPUT for vdhankar:
GAME
BLACK
51.2498981952667
.......b
b.w.....
.......b
........
...B....
....b...
........
........
##### Running: /usr/bin/time -o time_22_vdhankar_jiayanwa.txt -f "%U" python3 homework.py > stulog.txt 2>&1 on vdhankar #####
child exited with value 1
##### ERROR: /usr/bin/time -o time_22_vdhankar_jiayanwa.txt -f "%U" python3 homework.py > stulog.txt 2>&1 on vdhankar #####
##### Output of failed program (stdout + stderr): #####
Traceback (most recent call last):
  File "homework.py", line 546, in <module>
    print(end-start)
NameError: name 'end' is not defined
##### End of output of failed program #####
##### vdhankar plays [E d4 c5] in 3.09766793251038s #####
##### Running: /usr/lib/jvm/jdk-14.0.1/bin/java -jar /lab/itti/projects/checkers-competition/server/referee.jar on run_22_vdhankar_jiayanwa #####
Move is valid
##### SUCCESS: /usr/lib/jvm/jdk-14.0.1/bin/java -jar /lab/itti/projects/checkers-competition/server/referee.jar on run_22_vdhankar_jiayanwa #####
INPUT for jiayanwa:
GAME
WHITE
288.84
.......b
b.w.....
.......b
..B.....
........
....b...
........
........
##### Running: /usr/bin/time -o time_22_vdhankar_jiayanwa.txt -f "%U" /usr/lib/jvm/jdk-14.0.1/bin/java homework > stulog.txt 2>&1 on jiayanwa #####
##### SUCCESS: /usr/bin/time -o time_22_vdhankar_jiayanwa.txt -f "%U" /usr/lib/jvm/jdk-14.0.1/bin/java homework > stulog.txt 2>&1 on jiayanwa #####
##### jiayanwa plays [E c7 b8] in 0.34s #####
##### Running: /usr/lib/jvm/jdk-14.0.1/bin/java -jar /lab/itti/projects/checkers-competition/server/referee.jar on run_22_vdhankar_jiayanwa #####
Move is valid
##### SUCCESS: /usr/lib/jvm/jdk-14.0.1/bin/java -jar /lab/itti/projects/checkers-competition/server/referee.jar on run_22_vdhankar_jiayanwa #####
INPUT for vdhankar:
GAME
BLACK
48.1522302627563
.W.....b
b.......
.......b
..B.....
........
....b...
........
........
##### Running: /usr/bin/time -o time_22_vdhankar_jiayanwa.txt -f "%U" python3 homework.py > stulog.txt 2>&1 on vdhankar #####
child exited with value 1
##### ERROR: /usr/bin/time -o time_22_vdhankar_jiayanwa.txt -f "%U" python3 homework.py > stulog.txt 2>&1 on vdhankar #####
##### Output of failed program (stdout + stderr): #####
Traceback (most recent call last):
  File "homework.py", line 546, in <module>
    print(end-start)
NameError: name 'end' is not defined
##### End of output of failed program #####
##### vdhankar plays [E h8 g7] in 0.351226091384888s #####
##### Running: /usr/lib/jvm/jdk-14.0.1/bin/java -jar /lab/itti/projects/checkers-competition/server/referee.jar on run_22_vdhankar_jiayanwa #####
Move is valid
##### SUCCESS: /usr/lib/jvm/jdk-14.0.1/bin/java -jar /lab/itti/projects/checkers-competition/server/referee.jar on run_22_vdhankar_jiayanwa #####
INPUT for jiayanwa:
GAME
WHITE
288.5
.W......
b.....b.
.......b
..B.....
........
....b...
........
........
##### Running: /usr/bin/time -o time_22_vdhankar_jiayanwa.txt -f "%U" /usr/lib/jvm/jdk-14.0.1/bin/java homework > stulog.txt 2>&1 on jiayanwa #####
##### SUCCESS: /usr/bin/time -o time_22_vdhankar_jiayanwa.txt -f "%U" /usr/lib/jvm/jdk-14.0.1/bin/java homework > stulog.txt 2>&1 on jiayanwa #####
##### jiayanwa plays [E b8 c7] in 0.29s #####
##### Running: /usr/lib/jvm/jdk-14.0.1/bin/java -jar /lab/itti/projects/checkers-competition/server/referee.jar on run_22_vdhankar_jiayanwa #####
Move is valid
##### SUCCESS: /usr/lib/jvm/jdk-14.0.1/bin/java -jar /lab/itti/projects/checkers-competition/server/referee.jar on run_22_vdhankar_jiayanwa #####
INPUT for vdhankar:
GAME
BLACK
47.8010041713715
........
b.W...b.
.......b
..B.....
........
....b...
........
........
##### Running: /usr/bin/time -o time_22_vdhankar_jiayanwa.txt -f "%U" python3 homework.py > stulog.txt 2>&1 on vdhankar #####
child exited with value 1
##### ERROR: /usr/bin/time -o time_22_vdhankar_jiayanwa.txt -f "%U" python3 homework.py > stulog.txt 2>&1 on vdhankar #####
##### Output of failed program (stdout + stderr): #####
Traceback (most recent call last):
  File "homework.py", line 546, in <module>
    print(end-start)
NameError: name 'end' is not defined
##### End of output of failed program #####
##### vdhankar plays [E a7 b6] in 0.326218128204346s #####
##### Running: /usr/lib/jvm/jdk-14.0.1/bin/java -jar /lab/itti/projects/checkers-competition/server/referee.jar on run_22_vdhankar_jiayanwa #####
Move is valid
##### SUCCESS: /usr/lib/jvm/jdk-14.0.1/bin/java -jar /lab/itti/projects/checkers-competition/server/referee.jar on run_22_vdhankar_jiayanwa #####
INPUT for jiayanwa:
GAME
WHITE
288.21
........
..W...b.
.b.....b
..B.....
........
....b...
........
........
##### Running: /usr/bin/time -o time_22_vdhankar_jiayanwa.txt -f "%U" /usr/lib/jvm/jdk-14.0.1/bin/java homework > stulog.txt 2>&1 on jiayanwa #####
##### SUCCESS: /usr/bin/time -o time_22_vdhankar_jiayanwa.txt -f "%U" /usr/lib/jvm/jdk-14.0.1/bin/java homework > stulog.txt 2>&1 on jiayanwa #####
##### jiayanwa plays [J c7 a5] in 0.28s #####
##### Running: /usr/lib/jvm/jdk-14.0.1/bin/java -jar /lab/itti/projects/checkers-competition/server/referee.jar on run_22_vdhankar_jiayanwa #####
Move is valid
##### SUCCESS: /usr/lib/jvm/jdk-14.0.1/bin/java -jar /lab/itti/projects/checkers-competition/server/referee.jar on run_22_vdhankar_jiayanwa #####
INPUT for vdhankar:
GAME
BLACK
47.4747860431671
........
......b.
.......b
W.B.....
........
....b...
........
........
##### Running: /usr/bin/time -o time_22_vdhankar_jiayanwa.txt -f "%U" python3 homework.py > stulog.txt 2>&1 on vdhankar #####
child exited with value 1
##### ERROR: /usr/bin/time -o time_22_vdhankar_jiayanwa.txt -f "%U" python3 homework.py > stulog.txt 2>&1 on vdhankar #####
##### Output of failed program (stdout + stderr): #####
Traceback (most recent call last):
  File "homework.py", line 546, in <module>
    print(end-start)
NameError: name 'end' is not defined
##### End of output of failed program #####
##### vdhankar plays [E g7 f6] in 0.357502937316895s #####
##### Running: /usr/lib/jvm/jdk-14.0.1/bin/java -jar /lab/itti/projects/checkers-competition/server/referee.jar on run_22_vdhankar_jiayanwa #####
Move is valid
##### SUCCESS: /usr/lib/jvm/jdk-14.0.1/bin/java -jar /lab/itti/projects/checkers-competition/server/referee.jar on run_22_vdhankar_jiayanwa #####
INPUT for jiayanwa:
GAME
WHITE
287.93
........
........
.....b.b
W.B.....
........
....b...
........
........
##### Running: /usr/bin/time -o time_22_vdhankar_jiayanwa.txt -f "%U" /usr/lib/jvm/jdk-14.0.1/bin/java homework > stulog.txt 2>&1 on jiayanwa #####
##### SUCCESS: /usr/bin/time -o time_22_vdhankar_jiayanwa.txt -f "%U" /usr/lib/jvm/jdk-14.0.1/bin/java homework > stulog.txt 2>&1 on jiayanwa #####
##### jiayanwa plays [E a5 b4] in 0.3s #####
##### Running: /usr/lib/jvm/jdk-14.0.1/bin/java -jar /lab/itti/projects/checkers-competition/server/referee.jar on run_22_vdhankar_jiayanwa #####
Move is valid
##### SUCCESS: /usr/lib/jvm/jdk-14.0.1/bin/java -jar /lab/itti/projects/checkers-competition/server/referee.jar on run_22_vdhankar_jiayanwa #####
INPUT for vdhankar:
GAME
BLACK
47.1172831058502
........
........
.....b.b
..B.....
.W......
....b...
........
........
##### Running: /usr/bin/time -o time_22_vdhankar_jiayanwa.txt -f "%U" python3 homework.py > stulog.txt 2>&1 on vdhankar #####
child exited with value 1
##### ERROR: /usr/bin/time -o time_22_vdhankar_jiayanwa.txt -f "%U" python3 homework.py > stulog.txt 2>&1 on vdhankar #####
##### Output of failed program (stdout + stderr): #####
Traceback (most recent call last):
  File "homework.py", line 546, in <module>
    print(end-start)
NameError: name 'end' is not defined
##### End of output of failed program #####
##### vdhankar plays [J c5 a3] in 0.48230504989624s #####
##### Running: /usr/lib/jvm/jdk-14.0.1/bin/java -jar /lab/itti/projects/checkers-competition/server/referee.jar on run_22_vdhankar_jiayanwa #####
Move is valid
After this move, player WHITE cannot make any moves
*** Winner: BLACK ***
##### SUCCESS: /usr/lib/jvm/jdk-14.0.1/bin/java -jar /lab/itti/projects/checkers-competition/server/referee.jar on run_22_vdhankar_jiayanwa #####
##### GAME OVER: vdhankar wins the game! #####
Server said: WIN
########## ROUND 22 GAMESCORE AFTER GAME 2: vdhankar=2 and jiayanwa=0 ##########
#################### ROUND 22: vdhankar (W) vs jiayanwa (B): game 3 ####################
##### game start! #####
INPUT for jiayanwa:
GAME
BLACK
300
.b.b.b.b
b.b.b.b.
.b.b.b.b
........
........
w.w.w.w.
.w.w.w.w
w.w.w.w.
##### Running: /usr/bin/time -o time_22_vdhankar_jiayanwa.txt -f "%U" /usr/lib/jvm/jdk-14.0.1/bin/java homework > stulog.txt 2>&1 on jiayanwa #####
##### SUCCESS: /usr/bin/time -o time_22_vdhankar_jiayanwa.txt -f "%U" /usr/lib/jvm/jdk-14.0.1/bin/java homework > stulog.txt 2>&1 on jiayanwa #####
##### jiayanwa plays [E b6 a5] in 0.52s #####
##### Running: /usr/lib/jvm/jdk-14.0.1/bin/java -jar /lab/itti/projects/checkers-competition/server/referee.jar on run_22_vdhankar_jiayanwa #####
Move is valid
Couldn't read file 'current_ply.txt'
Couldn't read content from file 'current_ply.txt'
Couldn't read file 'lastmatchange_ply.txt'
Couldn't read content from file 'lastmatchange_ply.txt'
##### SUCCESS: /usr/lib/jvm/jdk-14.0.1/bin/java -jar /lab/itti/projects/checkers-competition/server/referee.jar on run_22_vdhankar_jiayanwa #####
INPUT for vdhankar:
GAME
WHITE
300
.b.b.b.b
b.b.b.b.
...b.b.b
b.......
........
w.w.w.w.
.w.w.w.w
w.w.w.w.
##### Running: /usr/bin/time -o time_22_vdhankar_jiayanwa.txt -f "%U" python3 homework.py > stulog.txt 2>&1 on vdhankar #####
child exited with value 1
##### ERROR: /usr/bin/time -o time_22_vdhankar_jiayanwa.txt -f "%U" python3 homework.py > stulog.txt 2>&1 on vdhankar #####
##### Output of failed program (stdout + stderr): #####
Traceback (most recent call last):
  File "homework.py", line 546, in <module>
    print(end-start)
NameError: name 'end' is not defined
##### End of output of failed program #####
##### vdhankar plays [E g3 h4] in 12.5965800285339s #####
##### Running: /usr/lib/jvm/jdk-14.0.1/bin/java -jar /lab/itti/projects/checkers-competition/server/referee.jar on run_22_vdhankar_jiayanwa #####
Move is valid
##### SUCCESS: /usr/lib/jvm/jdk-14.0.1/bin/java -jar /lab/itti/projects/checkers-competition/server/referee.jar on run_22_vdhankar_jiayanwa #####
INPUT for jiayanwa:
GAME
BLACK
299.48
.b.b.b.b
b.b.b.b.
...b.b.b
b.......
.......w
w.w.w...
.w.w.w.w
w.w.w.w.
##### Running: /usr/bin/time -o time_22_vdhankar_jiayanwa.txt -f "%U" /usr/lib/jvm/jdk-14.0.1/bin/java homework > stulog.txt 2>&1 on jiayanwa #####
##### SUCCESS: /usr/bin/time -o time_22_vdhankar_jiayanwa.txt -f "%U" /usr/lib/jvm/jdk-14.0.1/bin/java homework > stulog.txt 2>&1 on jiayanwa #####
##### jiayanwa plays [E d6 c5] in 0.43s #####
##### Running: /usr/lib/jvm/jdk-14.0.1/bin/java -jar /lab/itti/projects/checkers-competition/server/referee.jar on run_22_vdhankar_jiayanwa #####
Move is valid
##### SUCCESS: /usr/lib/jvm/jdk-14.0.1/bin/java -jar /lab/itti/projects/checkers-competition/server/referee.jar on run_22_vdhankar_jiayanwa #####
INPUT for vdhankar:
GAME
WHITE
287.403419971466
.b.b.b.b
b.b.b.b.
.....b.b
b.b.....
.......w
w.w.w...
.w.w.w.w
w.w.w.w.
##### Running: /usr/bin/time -o time_22_vdhankar_jiayanwa.txt -f "%U" python3 homework.py > stulog.txt 2>&1 on vdhankar #####
child exited with value 1
##### ERROR: /usr/bin/time -o time_22_vdhankar_jiayanwa.txt -f "%U" python3 homework.py > stulog.txt 2>&1 on vdhankar #####
##### Output of failed program (stdout + stderr): #####
Traceback (most recent call last):
  File "homework.py", line 546, in <module>
    print(end-start)
NameError: name 'end' is not defined
##### End of output of failed program #####
##### vdhankar plays [E h2 g3] in 12.3759880065918s #####
##### Running: /usr/lib/jvm/jdk-14.0.1/bin/java -jar /lab/itti/projects/checkers-competition/server/referee.jar on run_22_vdhankar_jiayanwa #####
Move is valid
##### SUCCESS: /usr/lib/jvm/jdk-14.0.1/bin/java -jar /lab/itti/projects/checkers-competition/server/referee.jar on run_22_vdhankar_jiayanwa #####
INPUT for jiayanwa:
GAME
BLACK
299.05
.b.b.b.b
b.b.b.b.
.....b.b
b.b.....
.......w
w.w.w.w.
.w.w.w..
w.w.w.w.
##### Running: /usr/bin/time -o time_22_vdhankar_jiayanwa.txt -f "%U" /usr/lib/jvm/jdk-14.0.1/bin/java homework > stulog.txt 2>&1 on jiayanwa #####
##### SUCCESS: /usr/bin/time -o time_22_vdhankar_jiayanwa.txt -f "%U" /usr/lib/jvm/jdk-14.0.1/bin/java homework > stulog.txt 2>&1 on jiayanwa #####
##### jiayanwa plays [E f6 e5] in 0.61s #####
##### Running: /usr/lib/jvm/jdk-14.0.1/bin/java -jar /lab/itti/projects/checkers-competition/server/referee.jar on run_22_vdhankar_jiayanwa #####
Move is valid
##### SUCCESS: /usr/lib/jvm/jdk-14.0.1/bin/java -jar /lab/itti/projects/checkers-competition/server/referee.jar on run_22_vdhankar_jiayanwa #####
INPUT for vdhankar:
GAME
WHITE
275.027431964874
.b.b.b.b
b.b.b.b.
.......b
b.b.b...
.......w
w.w.w.w.
.w.w.w..
w.w.w.w.
##### Running: /usr/bin/time -o time_22_vdhankar_jiayanwa.txt -f "%U" python3 homework.py > stulog.txt 2>&1 on vdhankar #####
child exited with value 1
##### ERROR: /usr/bin/time -o time_22_vdhankar_jiayanwa.txt -f "%U" python3 homework.py > stulog.txt 2>&1 on vdhankar #####
##### Output of failed program (stdout + stderr): #####
Traceback (most recent call last):
  File "homework.py", line 546, in <module>
    print(end-start)
NameError: name 'end' is not defined
##### End of output of failed program #####
##### vdhankar plays [E c3 d4] in 1.70219802856445s #####
##### Running: /usr/lib/jvm/jdk-14.0.1/bin/java -jar /lab/itti/projects/checkers-competition/server/referee.jar on run_22_vdhankar_jiayanwa #####
Move is valid
##### SUCCESS: /usr/lib/jvm/jdk-14.0.1/bin/java -jar /lab/itti/projects/checkers-competition/server/referee.jar on run_22_vdhankar_jiayanwa #####
INPUT for jiayanwa:
GAME
BLACK
298.44
.b.b.b.b
b.b.b.b.
.......b
b.b.b...
...w...w
w...w.w.
.w.w.w..
w.w.w.w.
##### Running: /usr/bin/time -o time_22_vdhankar_jiayanwa.txt -f "%U" /usr/lib/jvm/jdk-14.0.1/bin/java homework > stulog.txt 2>&1 on jiayanwa #####
##### SUCCESS: /usr/bin/time -o time_22_vdhankar_jiayanwa.txt -f "%U" /usr/lib/jvm/jdk-14.0.1/bin/java homework > stulog.txt 2>&1 on jiayanwa #####
##### jiayanwa plays [J e5 c3] in 0.3s #####
##### Running: /usr/lib/jvm/jdk-14.0.1/bin/java -jar /lab/itti/projects/checkers-competition/server/referee.jar on run_22_vdhankar_jiayanwa #####
Move is valid
##### SUCCESS: /usr/lib/jvm/jdk-14.0.1/bin/java -jar /lab/itti/projects/checkers-competition/server/referee.jar on run_22_vdhankar_jiayanwa #####
INPUT for vdhankar:
GAME
WHITE
273.32523393631
.b.b.b.b
b.b.b.b.
.......b
b.b.....
.......w
w.b.w.w.
.w.w.w..
w.w.w.w.
##### Running: /usr/bin/time -o time_22_vdhankar_jiayanwa.txt -f "%U" python3 homework.py > stulog.txt 2>&1 on vdhankar #####
child exited with value 1
##### ERROR: /usr/bin/time -o time_22_vdhankar_jiayanwa.txt -f "%U" python3 homework.py > stulog.txt 2>&1 on vdhankar #####
##### Output of failed program (stdout + stderr): #####
Traceback (most recent call last):
  File "homework.py", line 546, in <module>
    print(end-start)
NameError: name 'end' is not defined
##### End of output of failed program #####
##### vdhankar plays [J d2 b4 ; J b4 d6] in 3.80276489257812s #####
##### Running: /usr/lib/jvm/jdk-14.0.1/bin/java -jar /lab/itti/projects/checkers-competition/server/referee.jar on run_22_vdhankar_jiayanwa #####
Move is valid
##### SUCCESS: /usr/lib/jvm/jdk-14.0.1/bin/java -jar /lab/itti/projects/checkers-competition/server/referee.jar on run_22_vdhankar_jiayanwa #####
INPUT for jiayanwa:
GAME
BLACK
298.14
.b.b.b.b
b.b.b.b.
...w...b
b.......
.......w
w...w.w.
.w...w..
w.w.w.w.
##### Running: /usr/bin/time -o time_22_vdhankar_jiayanwa.txt -f "%U" /usr/lib/jvm/jdk-14.0.1/bin/java homework > stulog.txt 2>&1 on jiayanwa #####
##### SUCCESS: /usr/bin/time -o time_22_vdhankar_jiayanwa.txt -f "%U" /usr/lib/jvm/jdk-14.0.1/bin/java homework > stulog.txt 2>&1 on jiayanwa #####
##### jiayanwa plays [J c7 e5] in 0.38s #####
##### Running: /usr/lib/jvm/jdk-14.0.1/bin/java -jar /lab/itti/projects/checkers-competition/server/referee.jar on run_22_vdhankar_jiayanwa #####
Move is valid
##### SUCCESS: /usr/lib/jvm/jdk-14.0.1/bin/java -jar /lab/itti/projects/checkers-competition/server/referee.jar on run_22_vdhankar_jiayanwa #####
INPUT for vdhankar:
GAME
WHITE
269.522469043732
.b.b.b.b
b...b.b.
.......b
b...b...
.......w
w...w.w.
.w...w..
w.w.w.w.
##### Running: /usr/bin/time -o time_22_vdhankar_jiayanwa.txt -f "%U" python3 homework.py > stulog.txt 2>&1 on vdhankar #####
child exited with value 1
##### ERROR: /usr/bin/time -o time_22_vdhankar_jiayanwa.txt -f "%U" python3 homework.py > stulog.txt 2>&1 on vdhankar #####
##### Output of failed program (stdout + stderr): #####
Traceback (most recent call last):
  File "homework.py", line 546, in <module>
    print(end-start)
NameError: name 'end' is not defined
##### End of output of failed program #####
##### vdhankar plays [E g1 h2] in 3.29770398139954s #####
##### Running: /usr/lib/jvm/jdk-14.0.1/bin/java -jar /lab/itti/projects/checkers-competition/server/referee.jar on run_22_vdhankar_jiayanwa #####
Move is valid
##### SUCCESS: /usr/lib/jvm/jdk-14.0.1/bin/java -jar /lab/itti/projects/checkers-competition/server/referee.jar on run_22_vdhankar_jiayanwa #####
INPUT for jiayanwa:
GAME
BLACK
297.76
.b.b.b.b
b...b.b.
.......b
b...b...
.......w
w...w.w.
.w...w.w
w.w.w...
##### Running: /usr/bin/time -o time_22_vdhankar_jiayanwa.txt -f "%U" /usr/lib/jvm/jdk-14.0.1/bin/java homework > stulog.txt 2>&1 on jiayanwa #####
##### SUCCESS: /usr/bin/time -o time_22_vdhankar_jiayanwa.txt -f "%U" /usr/lib/jvm/jdk-14.0.1/bin/java homework > stulog.txt 2>&1 on jiayanwa #####
##### jiayanwa plays [E a7 b6] in 0.61s #####
##### Running: /usr/lib/jvm/jdk-14.0.1/bin/java -jar /lab/itti/projects/checkers-competition/server/referee.jar on run_22_vdhankar_jiayanwa #####
Move is valid
##### SUCCESS: /usr/lib/jvm/jdk-14.0.1/bin/java -jar /lab/itti/projects/checkers-competition/server/referee.jar on run_22_vdhankar_jiayanwa #####
INPUT for vdhankar:
GAME
WHITE
266.224765062332
.b.b.b.b
....b.b.
.b.....b
b...b...
.......w
w...w.w.
.w...w.w
w.w.w...
##### Running: /usr/bin/time -o time_22_vdhankar_jiayanwa.txt -f "%U" python3 homework.py > stulog.txt 2>&1 on vdhankar #####
child exited with value 1
##### ERROR: /usr/bin/time -o time_22_vdhankar_jiayanwa.txt -f "%U" python3 homework.py > stulog.txt 2>&1 on vdhankar #####
##### Output of failed program (stdout + stderr): #####
Traceback (most recent call last):
  File "homework.py", line 546, in <module>
    print(end-start)
NameError: name 'end' is not defined
##### End of output of failed program #####
##### vdhankar plays [E g3 f4] in 2.71343088150024s #####
##### Running: /usr/lib/jvm/jdk-14.0.1/bin/java -jar /lab/itti/projects/checkers-competition/server/referee.jar on run_22_vdhankar_jiayanwa #####
Move is valid
##### SUCCESS: /usr/lib/jvm/jdk-14.0.1/bin/java -jar /lab/itti/projects/checkers-competition/server/referee.jar on run_22_vdhankar_jiayanwa #####
INPUT for jiayanwa:
GAME
BLACK
297.15
.b.b.b.b
....b.b.
.b.....b
b...b...
.....w.w
w...w...
.w...w.w
w.w.w...
##### Running: /usr/bin/time -o time_22_vdhankar_jiayanwa.txt -f "%U" /usr/lib/jvm/jdk-14.0.1/bin/java homework > stulog.txt 2>&1 on jiayanwa #####
##### SUCCESS: /usr/bin/time -o time_22_vdhankar_jiayanwa.txt -f "%U" /usr/lib/jvm/jdk-14.0.1/bin/java homework > stulog.txt 2>&1 on jiayanwa #####
##### jiayanwa plays [J e5 g3] in 0.3s #####
##### Running: /usr/lib/jvm/jdk-14.0.1/bin/java -jar /lab/itti/projects/checkers-competition/server/referee.jar on run_22_vdhankar_jiayanwa #####
Move is valid
##### SUCCESS: /usr/lib/jvm/jdk-14.0.1/bin/java -jar /lab/itti/projects/checkers-competition/server/referee.jar on run_22_vdhankar_jiayanwa #####
INPUT for vdhankar:
GAME
WHITE
263.511334180832
.b.b.b.b
....b.b.
.b.....b
b.......
.......w
w...w.b.
.w...w.w
w.w.w...
##### Running: /usr/bin/time -o time_22_vdhankar_jiayanwa.txt -f "%U" python3 homework.py > stulog.txt 2>&1 on vdhankar #####
child exited with value 1
##### ERROR: /usr/bin/time -o time_22_vdhankar_jiayanwa.txt -f "%U" python3 homework.py > stulog.txt 2>&1 on vdhankar #####
##### Output of failed program (stdout + stderr): #####
Traceback (most recent call last):
  File "homework.py", line 546, in <module>
    print(end-start)
NameError: name 'end' is not defined
##### End of output of failed program #####
##### vdhankar plays [J h2 f4] in 7.0153751373291s #####
##### Running: /usr/lib/jvm/jdk-14.0.1/bin/java -jar /lab/itti/projects/checkers-competition/server/referee.jar on run_22_vdhankar_jiayanwa #####
Move is valid
##### SUCCESS: /usr/lib/jvm/jdk-14.0.1/bin/java -jar /lab/itti/projects/checkers-competition/server/referee.jar on run_22_vdhankar_jiayanwa #####
INPUT for jiayanwa:
GAME
BLACK
296.85
.b.b.b.b
....b.b.
.b.....b
b.......
.....w.w
w...w...
.w...w..
w.w.w...
##### Running: /usr/bin/time -o time_22_vdhankar_jiayanwa.txt -f "%U" /usr/lib/jvm/jdk-14.0.1/bin/java homework > stulog.txt 2>&1 on jiayanwa #####
##### SUCCESS: /usr/bin/time -o time_22_vdhankar_jiayanwa.txt -f "%U" /usr/lib/jvm/jdk-14.0.1/bin/java homework > stulog.txt 2>&1 on jiayanwa #####
##### jiayanwa plays [E b6 c5] in 0.58s #####
##### Running: /usr/lib/jvm/jdk-14.0.1/bin/java -jar /lab/itti/projects/checkers-competition/server/referee.jar on run_22_vdhankar_jiayanwa #####
Move is valid
##### SUCCESS: /usr/lib/jvm/jdk-14.0.1/bin/java -jar /lab/itti/projects/checkers-competition/server/referee.jar on run_22_vdhankar_jiayanwa #####
INPUT for vdhankar:
GAME
WHITE
256.495959043503
.b.b.b.b
....b.b.
.......b
b.b.....
.....w.w
w...w...
.w...w..
w.w.w...
##### Running: /usr/bin/time -o time_22_vdhankar_jiayanwa.txt -f "%U" python3 homework.py > stulog.txt 2>&1 on vdhankar #####
child exited with value 1
##### ERROR: /usr/bin/time -o time_22_vdhankar_jiayanwa.txt -f "%U" python3 homework.py > stulog.txt 2>&1 on vdhankar #####
##### Output of failed program (stdout + stderr): #####
Traceback (most recent call last):
  File "homework.py", line 546, in <module>
    print(end-start)
NameError: name 'end' is not defined
##### End of output of failed program #####
##### vdhankar plays [E b2 c3] in 26.1350810527802s #####
##### Running: /usr/lib/jvm/jdk-14.0.1/bin/java -jar /lab/itti/projects/checkers-competition/server/referee.jar on run_22_vdhankar_jiayanwa #####
Move is valid
##### SUCCESS: /usr/lib/jvm/jdk-14.0.1/bin/java -jar /lab/itti/projects/checkers-competition/server/referee.jar on run_22_vdhankar_jiayanwa #####
INPUT for jiayanwa:
GAME
BLACK
296.27
.b.b.b.b
....b.b.
.......b
b.b.....
.....w.w
w.w.w...
.....w..
w.w.w...
##### Running: /usr/bin/time -o time_22_vdhankar_jiayanwa.txt -f "%U" /usr/lib/jvm/jdk-14.0.1/bin/java homework > stulog.txt 2>&1 on jiayanwa #####
##### SUCCESS: /usr/bin/time -o time_22_vdhankar_jiayanwa.txt -f "%U" /usr/lib/jvm/jdk-14.0.1/bin/java homework > stulog.txt 2>&1 on jiayanwa #####
##### jiayanwa plays [E e7 f6] in 0.51s #####
##### Running: /usr/lib/jvm/jdk-14.0.1/bin/java -jar /lab/itti/projects/checkers-competition/server/referee.jar on run_22_vdhankar_jiayanwa #####
Move is valid
##### SUCCESS: /usr/lib/jvm/jdk-14.0.1/bin/java -jar /lab/itti/projects/checkers-competition/server/referee.jar on run_22_vdhankar_jiayanwa #####
INPUT for vdhankar:
GAME
WHITE
230.360877990723
.b.b.b.b
......b.
.....b.b
b.b.....
.....w.w
w.w.w...
.....w..
w.w.w...
##### Running: /usr/bin/time -o time_22_vdhankar_jiayanwa.txt -f "%U" python3 homework.py > stulog.txt 2>&1 on vdhankar #####
child exited with value 1
##### ERROR: /usr/bin/time -o time_22_vdhankar_jiayanwa.txt -f "%U" python3 homework.py > stulog.txt 2>&1 on vdhankar #####
##### Output of failed program (stdout + stderr): #####
Traceback (most recent call last):
  File "homework.py", line 546, in <module>
    print(end-start)
NameError: name 'end' is not defined
##### End of output of failed program #####
##### vdhankar plays [E f2 g3] in 16.4760639667511s #####
##### Running: /usr/lib/jvm/jdk-14.0.1/bin/java -jar /lab/itti/projects/checkers-competition/server/referee.jar on run_22_vdhankar_jiayanwa #####
Move is valid
##### SUCCESS: /usr/lib/jvm/jdk-14.0.1/bin/java -jar /lab/itti/projects/checkers-competition/server/referee.jar on run_22_vdhankar_jiayanwa #####
INPUT for jiayanwa:
GAME
BLACK
295.76
.b.b.b.b
......b.
.....b.b
b.b.....
.....w.w
w.w.w.w.
........
w.w.w...
##### Running: /usr/bin/time -o time_22_vdhankar_jiayanwa.txt -f "%U" /usr/lib/jvm/jdk-14.0.1/bin/java homework > stulog.txt 2>&1 on jiayanwa #####
##### SUCCESS: /usr/bin/time -o time_22_vdhankar_jiayanwa.txt -f "%U" /usr/lib/jvm/jdk-14.0.1/bin/java homework > stulog.txt 2>&1 on jiayanwa #####
##### jiayanwa plays [E d8 c7] in 0.56s #####
##### Running: /usr/lib/jvm/jdk-14.0.1/bin/java -jar /lab/itti/projects/checkers-competition/server/referee.jar on run_22_vdhankar_jiayanwa #####
Move is valid
##### SUCCESS: /usr/lib/jvm/jdk-14.0.1/bin/java -jar /lab/itti/projects/checkers-competition/server/referee.jar on run_22_vdhankar_jiayanwa #####
INPUT for vdhankar:
GAME
WHITE
213.884814023972
.b...b.b
..b...b.
.....b.b
b.b.....
.....w.w
w.w.w.w.
........
w.w.w...
##### Running: /usr/bin/time -o time_22_vdhankar_jiayanwa.txt -f "%U" python3 homework.py > stulog.txt 2>&1 on vdhankar #####
child exited with value 1
##### ERROR: /usr/bin/time -o time_22_vdhankar_jiayanwa.txt -f "%U" python3 homework.py > stulog.txt 2>&1 on vdhankar #####
##### Output of failed program (stdout + stderr): #####
Traceback (most recent call last):
  File "homework.py", line 546, in <module>
    print(end-start)
NameError: name 'end' is not defined
##### End of output of failed program #####
##### vdhankar plays [E c3 d4] in 14.91752409935s #####
##### Running: /usr/lib/jvm/jdk-14.0.1/bin/java -jar /lab/itti/projects/checkers-competition/server/referee.jar on run_22_vdhankar_jiayanwa #####
Move is valid
##### SUCCESS: /usr/lib/jvm/jdk-14.0.1/bin/java -jar /lab/itti/projects/checkers-competition/server/referee.jar on run_22_vdhankar_jiayanwa #####
INPUT for jiayanwa:
GAME
BLACK
295.2
.b...b.b
..b...b.
.....b.b
b.b.....
...w.w.w
w...w.w.
........
w.w.w...
##### Running: /usr/bin/time -o time_22_vdhankar_jiayanwa.txt -f "%U" /usr/lib/jvm/jdk-14.0.1/bin/java homework > stulog.txt 2>&1 on jiayanwa #####
##### SUCCESS: /usr/bin/time -o time_22_vdhankar_jiayanwa.txt -f "%U" /usr/lib/jvm/jdk-14.0.1/bin/java homework > stulog.txt 2>&1 on jiayanwa #####
##### jiayanwa plays [E c5 b4] in 0.47s #####
##### Running: /usr/lib/jvm/jdk-14.0.1/bin/java -jar /lab/itti/projects/checkers-competition/server/referee.jar on run_22_vdhankar_jiayanwa #####
Move is valid
##### SUCCESS: /usr/lib/jvm/jdk-14.0.1/bin/java -jar /lab/itti/projects/checkers-competition/server/referee.jar on run_22_vdhankar_jiayanwa #####
INPUT for vdhankar:
GAME
WHITE
198.967289924622
.b...b.b
..b...b.
.....b.b
b.......
.b.w.w.w
w...w.w.
........
w.w.w...
##### Running: /usr/bin/time -o time_22_vdhankar_jiayanwa.txt -f "%U" python3 homework.py > stulog.txt 2>&1 on vdhankar #####
child exited with value 1
##### ERROR: /usr/bin/time -o time_22_vdhankar_jiayanwa.txt -f "%U" python3 homework.py > stulog.txt 2>&1 on vdhankar #####
##### Output of failed program (stdout + stderr): #####
Traceback (most recent call last):
  File "homework.py", line 546, in <module>
    print(end-start)
NameError: name 'end' is not defined
##### End of output of failed program #####
##### vdhankar plays [J a3 c5] in 2.27571821212769s #####
##### Running: /usr/lib/jvm/jdk-14.0.1/bin/java -jar /lab/itti/projects/checkers-competition/server/referee.jar on run_22_vdhankar_jiayanwa #####
Move is valid
##### SUCCESS: /usr/lib/jvm/jdk-14.0.1/bin/java -jar /lab/itti/projects/checkers-competition/server/referee.jar on run_22_vdhankar_jiayanwa #####
INPUT for jiayanwa:
GAME
BLACK
294.73
.b...b.b
..b...b.
.....b.b
b.w.....
...w.w.w
....w.w.
........
w.w.w...
##### Running: /usr/bin/time -o time_22_vdhankar_jiayanwa.txt -f "%U" /usr/lib/jvm/jdk-14.0.1/bin/java homework > stulog.txt 2>&1 on jiayanwa #####
##### SUCCESS: /usr/bin/time -o time_22_vdhankar_jiayanwa.txt -f "%U" /usr/lib/jvm/jdk-14.0.1/bin/java homework > stulog.txt 2>&1 on jiayanwa #####
##### jiayanwa plays [E a5 b4] in 0.48s #####
##### Running: /usr/lib/jvm/jdk-14.0.1/bin/java -jar /lab/itti/projects/checkers-competition/server/referee.jar on run_22_vdhankar_jiayanwa #####
Move is valid
##### SUCCESS: /usr/lib/jvm/jdk-14.0.1/bin/java -jar /lab/itti/projects/checkers-competition/server/referee.jar on run_22_vdhankar_jiayanwa #####
INPUT for vdhankar:
GAME
WHITE
196.691571712494
.b...b.b
..b...b.
.....b.b
..w.....
.b.w.w.w
....w.w.
........
w.w.w...
##### Running: /usr/bin/time -o time_22_vdhankar_jiayanwa.txt -f "%U" python3 homework.py > stulog.txt 2>&1 on vdhankar #####
child exited with value 1
##### ERROR: /usr/bin/time -o time_22_vdhankar_jiayanwa.txt -f "%U" python3 homework.py > stulog.txt 2>&1 on vdhankar #####
##### Output of failed program (stdout + stderr): #####
Traceback (most recent call last):
  File "homework.py", line 546, in <module>
    print(end-start)
NameError: name 'end' is not defined
##### End of output of failed program #####
##### vdhankar plays [E f4 e5] in 13.8605940341949s #####
##### Running: /usr/lib/jvm/jdk-14.0.1/bin/java -jar /lab/itti/projects/checkers-competition/server/referee.jar on run_22_vdhankar_jiayanwa #####
Move is valid
##### SUCCESS: /usr/lib/jvm/jdk-14.0.1/bin/java -jar /lab/itti/projects/checkers-competition/server/referee.jar on run_22_vdhankar_jiayanwa #####
INPUT for jiayanwa:
GAME
BLACK
294.25
.b...b.b
..b...b.
.....b.b
..w.w...
.b.w...w
....w.w.
........
w.w.w...
##### Running: /usr/bin/time -o time_22_vdhankar_jiayanwa.txt -f "%U" /usr/lib/jvm/jdk-14.0.1/bin/java homework > stulog.txt 2>&1 on jiayanwa #####
##### SUCCESS: /usr/bin/time -o time_22_vdhankar_jiayanwa.txt -f "%U" /usr/lib/jvm/jdk-14.0.1/bin/java homework > stulog.txt 2>&1 on jiayanwa #####
##### jiayanwa plays [E b4 a3] in 0.63s #####
##### Running: /usr/lib/jvm/jdk-14.0.1/bin/java -jar /lab/itti/projects/checkers-competition/server/referee.jar on run_22_vdhankar_jiayanwa #####
Move is valid
##### SUCCESS: /usr/lib/jvm/jdk-14.0.1/bin/java -jar /lab/itti/projects/checkers-competition/server/referee.jar on run_22_vdhankar_jiayanwa #####
INPUT for vdhankar:
GAME
WHITE
182.830977678299
.b...b.b
..b...b.
.....b.b
..w.w...
...w...w
b...w.w.
........
w.w.w...
##### Running: /usr/bin/time -o time_22_vdhankar_jiayanwa.txt -f "%U" python3 homework.py > stulog.txt 2>&1 on vdhankar #####
child exited with value 1
##### ERROR: /usr/bin/time -o time_22_vdhankar_jiayanwa.txt -f "%U" python3 homework.py > stulog.txt 2>&1 on vdhankar #####
##### Output of failed program (stdout + stderr): #####
Traceback (most recent call last):
  File "homework.py", line 546, in <module>
    print(end-start)
NameError: name 'end' is not defined
##### End of output of failed program #####
##### vdhankar plays [E g3 f4] in 10.9926981925964s #####
##### Running: /usr/lib/jvm/jdk-14.0.1/bin/java -jar /lab/itti/projects/checkers-competition/server/referee.jar on run_22_vdhankar_jiayanwa #####
Move is valid
##### SUCCESS: /usr/lib/jvm/jdk-14.0.1/bin/java -jar /lab/itti/projects/checkers-competition/server/referee.jar on run_22_vdhankar_jiayanwa #####
INPUT for jiayanwa:
GAME
BLACK
293.62
.b...b.b
..b...b.
.....b.b
..w.w...
...w.w.w
b...w...
........
w.w.w...
##### Running: /usr/bin/time -o time_22_vdhankar_jiayanwa.txt -f "%U" /usr/lib/jvm/jdk-14.0.1/bin/java homework > stulog.txt 2>&1 on jiayanwa #####
##### SUCCESS: /usr/bin/time -o time_22_vdhankar_jiayanwa.txt -f "%U" /usr/lib/jvm/jdk-14.0.1/bin/java homework > stulog.txt 2>&1 on jiayanwa #####
##### jiayanwa plays [E c7 d6] in 0.38s #####
##### Running: /usr/lib/jvm/jdk-14.0.1/bin/java -jar /lab/itti/projects/checkers-competition/server/referee.jar on run_22_vdhankar_jiayanwa #####
Move is valid
##### SUCCESS: /usr/lib/jvm/jdk-14.0.1/bin/java -jar /lab/itti/projects/checkers-competition/server/referee.jar on run_22_vdhankar_jiayanwa #####
INPUT for vdhankar:
GAME
WHITE
171.838279485703
.b...b.b
......b.
...b.b.b
..w.w...
...w.w.w
b...w...
........
w.w.w...
##### Running: /usr/bin/time -o time_22_vdhankar_jiayanwa.txt -f "%U" python3 homework.py > stulog.txt 2>&1 on vdhankar #####
child exited with value 1
##### ERROR: /usr/bin/time -o time_22_vdhankar_jiayanwa.txt -f "%U" python3 homework.py > stulog.txt 2>&1 on vdhankar #####
##### Output of failed program (stdout + stderr): #####
Traceback (most recent call last):
  File "homework.py", line 546, in <module>
    print(end-start)
NameError: name 'end' is not defined
##### End of output of failed program #####
##### vdhankar plays [J c5 e7] in 0.706598997116089s #####
##### Running: /usr/lib/jvm/jdk-14.0.1/bin/java -jar /lab/itti/projects/checkers-competition/server/referee.jar on run_22_vdhankar_jiayanwa #####
Move is valid
##### SUCCESS: /usr/lib/jvm/jdk-14.0.1/bin/java -jar /lab/itti/projects/checkers-competition/server/referee.jar on run_22_vdhankar_jiayanwa #####
INPUT for jiayanwa:
GAME
BLACK
293.24
.b...b.b
....w.b.
.....b.b
....w...
...w.w.w
b...w...
........
w.w.w...
##### Running: /usr/bin/time -o time_22_vdhankar_jiayanwa.txt -f "%U" /usr/lib/jvm/jdk-14.0.1/bin/java homework > stulog.txt 2>&1 on jiayanwa #####
##### SUCCESS: /usr/bin/time -o time_22_vdhankar_jiayanwa.txt -f "%U" /usr/lib/jvm/jdk-14.0.1/bin/java homework > stulog.txt 2>&1 on jiayanwa #####
##### jiayanwa plays [J f8 d6] in 0.33s #####
##### Running: /usr/lib/jvm/jdk-14.0.1/bin/java -jar /lab/itti/projects/checkers-competition/server/referee.jar on run_22_vdhankar_jiayanwa #####
Move is valid
##### SUCCESS: /usr/lib/jvm/jdk-14.0.1/bin/java -jar /lab/itti/projects/checkers-competition/server/referee.jar on run_22_vdhankar_jiayanwa #####
INPUT for vdhankar:
GAME
WHITE
171.131680488586
.b.....b
......b.
...b.b.b
....w...
...w.w.w
b...w...
........
w.w.w...
##### Running: /usr/bin/time -o time_22_vdhankar_jiayanwa.txt -f "%U" python3 homework.py > stulog.txt 2>&1 on vdhankar #####
child exited with value 1
##### ERROR: /usr/bin/time -o time_22_vdhankar_jiayanwa.txt -f "%U" python3 homework.py > stulog.txt 2>&1 on vdhankar #####
##### Output of failed program (stdout + stderr): #####
Traceback (most recent call last):
  File "homework.py", line 546, in <module>
    print(end-start)
NameError: name 'end' is not defined
##### End of output of failed program #####
##### vdhankar plays [J e5 c7] in 0.50786018371582s #####
##### Running: /usr/lib/jvm/jdk-14.0.1/bin/java -jar /lab/itti/projects/checkers-competition/server/referee.jar on run_22_vdhankar_jiayanwa #####
Move is valid
##### SUCCESS: /usr/lib/jvm/jdk-14.0.1/bin/java -jar /lab/itti/projects/checkers-competition/server/referee.jar on run_22_vdhankar_jiayanwa #####
INPUT for jiayanwa:
GAME
BLACK
292.91
.b.....b
..w...b.
.....b.b
........
...w.w.w
b...w...
........
w.w.w...
##### Running: /usr/bin/time -o time_22_vdhankar_jiayanwa.txt -f "%U" /usr/lib/jvm/jdk-14.0.1/bin/java homework > stulog.txt 2>&1 on jiayanwa #####
##### SUCCESS: /usr/bin/time -o time_22_vdhankar_jiayanwa.txt -f "%U" /usr/lib/jvm/jdk-14.0.1/bin/java homework > stulog.txt 2>&1 on jiayanwa #####
##### jiayanwa plays [J b8 d6] in 0.3s #####
##### Running: /usr/lib/jvm/jdk-14.0.1/bin/java -jar /lab/itti/projects/checkers-competition/server/referee.jar on run_22_vdhankar_jiayanwa #####
Move is valid
##### SUCCESS: /usr/lib/jvm/jdk-14.0.1/bin/java -jar /lab/itti/projects/checkers-competition/server/referee.jar on run_22_vdhankar_jiayanwa #####
INPUT for vdhankar:
GAME
WHITE
170.623820304871
.......b
......b.
...b.b.b
........
...w.w.w
b...w...
........
w.w.w...
##### Running: /usr/bin/time -o time_22_vdhankar_jiayanwa.txt -f "%U" python3 homework.py > stulog.txt 2>&1 on vdhankar #####
child exited with value 1
##### ERROR: /usr/bin/time -o time_22_vdhankar_jiayanwa.txt -f "%U" python3 homework.py > stulog.txt 2>&1 on vdhankar #####
##### Output of failed program (stdout + stderr): #####
Traceback (most recent call last):
  File "homework.py", line 546, in <module>
    print(end-start)
NameError: name 'end' is not defined
##### End of output of failed program #####
##### vdhankar plays [E h4 g5] in 1.41067790985107s #####
##### Running: /usr/lib/jvm/jdk-14.0.1/bin/java -jar /lab/itti/projects/checkers-competition/server/referee.jar on run_22_vdhankar_jiayanwa #####
Move is valid
##### SUCCESS: /usr/lib/jvm/jdk-14.0.1/bin/java -jar /lab/itti/projects/checkers-competition/server/referee.jar on run_22_vdhankar_jiayanwa #####
INPUT for jiayanwa:
GAME
BLACK
292.61
.......b
......b.
...b.b.b
......w.
...w.w..
b...w...
........
w.w.w...
##### Running: /usr/bin/time -o time_22_vdhankar_jiayanwa.txt -f "%U" /usr/lib/jvm/jdk-14.0.1/bin/java homework > stulog.txt 2>&1 on jiayanwa #####
##### SUCCESS: /usr/bin/time -o time_22_vdhankar_jiayanwa.txt -f "%U" /usr/lib/jvm/jdk-14.0.1/bin/java homework > stulog.txt 2>&1 on jiayanwa #####
##### jiayanwa plays [J f6 h4] in 0.3s #####
##### Running: /usr/lib/jvm/jdk-14.0.1/bin/java -jar /lab/itti/projects/checkers-competition/server/referee.jar on run_22_vdhankar_jiayanwa #####
Move is valid
##### SUCCESS: /usr/lib/jvm/jdk-14.0.1/bin/java -jar /lab/itti/projects/checkers-competition/server/referee.jar on run_22_vdhankar_jiayanwa #####
INPUT for vdhankar:
GAME
WHITE
169.21314239502
.......b
......b.
...b...b
........
...w.w.b
b...w...
........
w.w.w...
##### Running: /usr/bin/time -o time_22_vdhankar_jiayanwa.txt -f "%U" python3 homework.py > stulog.txt 2>&1 on vdhankar #####
child exited with value 1
##### ERROR: /usr/bin/time -o time_22_vdhankar_jiayanwa.txt -f "%U" python3 homework.py > stulog.txt 2>&1 on vdhankar #####
##### Output of failed program (stdout + stderr): #####
Traceback (most recent call last):
  File "homework.py", line 546, in <module>
    print(end-start)
NameError: name 'end' is not defined
##### End of output of failed program #####
##### vdhankar plays [E e1 f2] in 3.64887595176697s #####
##### Running: /usr/lib/jvm/jdk-14.0.1/bin/java -jar /lab/itti/projects/checkers-competition/server/referee.jar on run_22_vdhankar_jiayanwa #####
Move is valid
##### SUCCESS: /usr/lib/jvm/jdk-14.0.1/bin/java -jar /lab/itti/projects/checkers-competition/server/referee.jar on run_22_vdhankar_jiayanwa #####
INPUT for jiayanwa:
GAME
BLACK
292.31
.......b
......b.
...b...b
........
...w.w.b
b...w...
.....w..
w.w.....
##### Running: /usr/bin/time -o time_22_vdhankar_jiayanwa.txt -f "%U" /usr/lib/jvm/jdk-14.0.1/bin/java homework > stulog.txt 2>&1 on jiayanwa #####
##### SUCCESS: /usr/bin/time -o time_22_vdhankar_jiayanwa.txt -f "%U" /usr/lib/jvm/jdk-14.0.1/bin/java homework > stulog.txt 2>&1 on jiayanwa #####
##### jiayanwa plays [E h4 g3] in 0.39s #####
##### Running: /usr/lib/jvm/jdk-14.0.1/bin/java -jar /lab/itti/projects/checkers-competition/server/referee.jar on run_22_vdhankar_jiayanwa #####
Move is valid
##### SUCCESS: /usr/lib/jvm/jdk-14.0.1/bin/java -jar /lab/itti/projects/checkers-competition/server/referee.jar on run_22_vdhankar_jiayanwa #####
INPUT for vdhankar:
GAME
WHITE
165.564266443253
.......b
......b.
...b...b
........
...w.w..
b...w.b.
.....w..
w.w.....
##### Running: /usr/bin/time -o time_22_vdhankar_jiayanwa.txt -f "%U" python3 homework.py > stulog.txt 2>&1 on vdhankar #####
child exited with value 1
##### ERROR: /usr/bin/time -o time_22_vdhankar_jiayanwa.txt -f "%U" python3 homework.py > stulog.txt 2>&1 on vdhankar #####
##### Output of failed program (stdout + stderr): #####
Traceback (most recent call last):
  File "homework.py", line 546, in <module>
    print(end-start)
NameError: name 'end' is not defined
##### End of output of failed program #####
##### vdhankar plays [J f2 h4] in 0.670048952102661s #####
##### Running: /usr/lib/jvm/jdk-14.0.1/bin/java -jar /lab/itti/projects/checkers-competition/server/referee.jar on run_22_vdhankar_jiayanwa #####
Move is valid
##### SUCCESS: /usr/lib/jvm/jdk-14.0.1/bin/java -jar /lab/itti/projects/checkers-competition/server/referee.jar on run_22_vdhankar_jiayanwa #####
INPUT for jiayanwa:
GAME
BLACK
291.92
.......b
......b.
...b...b
........
...w.w.w
b...w...
........
w.w.....
##### Running: /usr/bin/time -o time_22_vdhankar_jiayanwa.txt -f "%U" /usr/lib/jvm/jdk-14.0.1/bin/java homework > stulog.txt 2>&1 on jiayanwa #####
##### SUCCESS: /usr/bin/time -o time_22_vdhankar_jiayanwa.txt -f "%U" /usr/lib/jvm/jdk-14.0.1/bin/java homework > stulog.txt 2>&1 on jiayanwa #####
##### jiayanwa plays [E d6 e5] in 0.33s #####
##### Running: /usr/lib/jvm/jdk-14.0.1/bin/java -jar /lab/itti/projects/checkers-competition/server/referee.jar on run_22_vdhankar_jiayanwa #####
Move is valid
##### SUCCESS: /usr/lib/jvm/jdk-14.0.1/bin/java -jar /lab/itti/projects/checkers-competition/server/referee.jar on run_22_vdhankar_jiayanwa #####
INPUT for vdhankar:
GAME
WHITE
164.89421749115
.......b
......b.
.......b
....b...
...w.w.w
b...w...
........
w.w.....
##### Running: /usr/bin/time -o time_22_vdhankar_jiayanwa.txt -f "%U" python3 homework.py > stulog.txt 2>&1 on vdhankar #####
child exited with value 1
##### ERROR: /usr/bin/time -o time_22_vdhankar_jiayanwa.txt -f "%U" python3 homework.py > stulog.txt 2>&1 on vdhankar #####
##### Output of failed program (stdout + stderr): #####
Traceback (most recent call last):
  File "homework.py", line 546, in <module>
    print(end-start)
NameError: name 'end' is not defined
##### End of output of failed program #####
##### vdhankar plays [J f4 d6] in 1.1839120388031s #####
##### Running: /usr/lib/jvm/jdk-14.0.1/bin/java -jar /lab/itti/projects/checkers-competition/server/referee.jar on run_22_vdhankar_jiayanwa #####
Move is valid
##### SUCCESS: /usr/lib/jvm/jdk-14.0.1/bin/java -jar /lab/itti/projects/checkers-competition/server/referee.jar on run_22_vdhankar_jiayanwa #####
INPUT for jiayanwa:
GAME
BLACK
291.59
.......b
......b.
...w...b
........
...w...w
b...w...
........
w.w.....
##### Running: /usr/bin/time -o time_22_vdhankar_jiayanwa.txt -f "%U" /usr/lib/jvm/jdk-14.0.1/bin/java homework > stulog.txt 2>&1 on jiayanwa #####
##### SUCCESS: /usr/bin/time -o time_22_vdhankar_jiayanwa.txt -f "%U" /usr/lib/jvm/jdk-14.0.1/bin/java homework > stulog.txt 2>&1 on jiayanwa #####
##### jiayanwa plays [E h6 g5] in 0.34s #####
##### Running: /usr/lib/jvm/jdk-14.0.1/bin/java -jar /lab/itti/projects/checkers-competition/server/referee.jar on run_22_vdhankar_jiayanwa #####
Move is valid
##### SUCCESS: /usr/lib/jvm/jdk-14.0.1/bin/java -jar /lab/itti/projects/checkers-competition/server/referee.jar on run_22_vdhankar_jiayanwa #####
INPUT for vdhankar:
GAME
WHITE
163.710305452347
.......b
......b.
...w....
......b.
...w...w
b...w...
........
w.w.....
##### Running: /usr/bin/time -o time_22_vdhankar_jiayanwa.txt -f "%U" python3 homework.py > stulog.txt 2>&1 on vdhankar #####
child exited with value 1
##### ERROR: /usr/bin/time -o time_22_vdhankar_jiayanwa.txt -f "%U" python3 homework.py > stulog.txt 2>&1 on vdhankar #####
##### Output of failed program (stdout + stderr): #####
Traceback (most recent call last):
  File "homework.py", line 546, in <module>
    print(end-start)
NameError: name 'end' is not defined
##### End of output of failed program #####
##### vdhankar plays [J h4 f6] in 0.727447986602783s #####
##### Running: /usr/lib/jvm/jdk-14.0.1/bin/java -jar /lab/itti/projects/checkers-competition/server/referee.jar on run_22_vdhankar_jiayanwa #####
Move is valid
##### SUCCESS: /usr/lib/jvm/jdk-14.0.1/bin/java -jar /lab/itti/projects/checkers-competition/server/referee.jar on run_22_vdhankar_jiayanwa #####
INPUT for jiayanwa:
GAME
BLACK
291.25
.......b
......b.
...w.w..
........
...w....
b...w...
........
w.w.....
##### Running: /usr/bin/time -o time_22_vdhankar_jiayanwa.txt -f "%U" /usr/lib/jvm/jdk-14.0.1/bin/java homework > stulog.txt 2>&1 on jiayanwa #####
##### SUCCESS: /usr/bin/time -o time_22_vdhankar_jiayanwa.txt -f "%U" /usr/lib/jvm/jdk-14.0.1/bin/java homework > stulog.txt 2>&1 on jiayanwa #####
##### jiayanwa plays [J g7 e5 ; J e5 c3] in 0.33s #####
##### Running: /usr/lib/jvm/jdk-14.0.1/bin/java -jar /lab/itti/projects/checkers-competition/server/referee.jar on run_22_vdhankar_jiayanwa #####
Move is valid
##### SUCCESS: /usr/lib/jvm/jdk-14.0.1/bin/java -jar /lab/itti/projects/checkers-competition/server/referee.jar on run_22_vdhankar_jiayanwa #####
INPUT for vdhankar:
GAME
WHITE
162.982857465744
.......b
........
...w....
........
........
b.b.w...
........
w.w.....
##### Running: /usr/bin/time -o time_22_vdhankar_jiayanwa.txt -f "%U" python3 homework.py > stulog.txt 2>&1 on vdhankar #####
child exited with value 1
##### ERROR: /usr/bin/time -o time_22_vdhankar_jiayanwa.txt -f "%U" python3 homework.py > stulog.txt 2>&1 on vdhankar #####
##### Output of failed program (stdout + stderr): #####
Traceback (most recent call last):
  File "homework.py", line 546, in <module>
    print(end-start)
NameError: name 'end' is not defined
##### End of output of failed program #####
##### vdhankar plays [E e3 d4] in 2.55678105354309s #####
##### Running: /usr/lib/jvm/jdk-14.0.1/bin/java -jar /lab/itti/projects/checkers-competition/server/referee.jar on run_22_vdhankar_jiayanwa #####
Move is valid
##### SUCCESS: /usr/lib/jvm/jdk-14.0.1/bin/java -jar /lab/itti/projects/checkers-competition/server/referee.jar on run_22_vdhankar_jiayanwa #####
INPUT for jiayanwa:
GAME
BLACK
290.92
.......b
........
...w....
........
...w....
b.b.....
........
w.w.....
##### Running: /usr/bin/time -o time_22_vdhankar_jiayanwa.txt -f "%U" /usr/lib/jvm/jdk-14.0.1/bin/java homework > stulog.txt 2>&1 on jiayanwa #####
##### SUCCESS: /usr/bin/time -o time_22_vdhankar_jiayanwa.txt -f "%U" /usr/lib/jvm/jdk-14.0.1/bin/java homework > stulog.txt 2>&1 on jiayanwa #####
##### jiayanwa plays [E a3 b2] in 0.34s #####
##### Running: /usr/lib/jvm/jdk-14.0.1/bin/java -jar /lab/itti/projects/checkers-competition/server/referee.jar on run_22_vdhankar_jiayanwa #####
Move is valid
##### SUCCESS: /usr/lib/jvm/jdk-14.0.1/bin/java -jar /lab/itti/projects/checkers-competition/server/referee.jar on run_22_vdhankar_jiayanwa #####
INPUT for vdhankar:
GAME
WHITE
160.426076412201
.......b
........
...w....
........
...w....
..b.....
.b......
w.w.....
##### Running: /usr/bin/time -o time_22_vdhankar_jiayanwa.txt -f "%U" python3 homework.py > stulog.txt 2>&1 on vdhankar #####
child exited with value 1
##### ERROR: /usr/bin/time -o time_22_vdhankar_jiayanwa.txt -f "%U" python3 homework.py > stulog.txt 2>&1 on vdhankar #####
##### Output of failed program (stdout + stderr): #####
Traceback (most recent call last):
  File "homework.py", line 546, in <module>
    print(end-start)
NameError: name 'end' is not defined
##### End of output of failed program #####
##### vdhankar plays [J c1 a3] in 0.823291063308716s #####
##### Running: /usr/lib/jvm/jdk-14.0.1/bin/java -jar /lab/itti/projects/checkers-competition/server/referee.jar on run_22_vdhankar_jiayanwa #####
Move is valid
##### SUCCESS: /usr/lib/jvm/jdk-14.0.1/bin/java -jar /lab/itti/projects/checkers-competition/server/referee.jar on run_22_vdhankar_jiayanwa #####
INPUT for jiayanwa:
GAME
BLACK
290.58
.......b
........
...w....
........
...w....
w.b.....
........
w.......
##### Running: /usr/bin/time -o time_22_vdhankar_jiayanwa.txt -f "%U" /usr/lib/jvm/jdk-14.0.1/bin/java homework > stulog.txt 2>&1 on jiayanwa #####
##### SUCCESS: /usr/bin/time -o time_22_vdhankar_jiayanwa.txt -f "%U" /usr/lib/jvm/jdk-14.0.1/bin/java homework > stulog.txt 2>&1 on jiayanwa #####
##### jiayanwa plays [E c3 d2] in 0.36s #####
##### Running: /usr/lib/jvm/jdk-14.0.1/bin/java -jar /lab/itti/projects/checkers-competition/server/referee.jar on run_22_vdhankar_jiayanwa #####
Move is valid
##### SUCCESS: /usr/lib/jvm/jdk-14.0.1/bin/java -jar /lab/itti/projects/checkers-competition/server/referee.jar on run_22_vdhankar_jiayanwa #####
INPUT for vdhankar:
GAME
WHITE
159.602785348892
.......b
........
...w....
........
...w....
w.......
...b....
w.......
##### Running: /usr/bin/time -o time_22_vdhankar_jiayanwa.txt -f "%U" python3 homework.py > stulog.txt 2>&1 on vdhankar #####
child exited with value 1
##### ERROR: /usr/bin/time -o time_22_vdhankar_jiayanwa.txt -f "%U" python3 homework.py > stulog.txt 2>&1 on vdhankar #####
##### Output of failed program (stdout + stderr): #####
Traceback (most recent call last):
  File "homework.py", line 546, in <module>
    print(end-start)
NameError: name 'end' is not defined
##### End of output of failed program #####
##### vdhankar plays [E d4 e5] in 5.16814804077148s #####
##### Running: /usr/lib/jvm/jdk-14.0.1/bin/java -jar /lab/itti/projects/checkers-competition/server/referee.jar on run_22_vdhankar_jiayanwa #####
Move is valid
##### SUCCESS: /usr/lib/jvm/jdk-14.0.1/bin/java -jar /lab/itti/projects/checkers-competition/server/referee.jar on run_22_vdhankar_jiayanwa #####
INPUT for jiayanwa:
GAME
BLACK
290.22
.......b
........
...w....
....w...
........
w.......
...b....
w.......
##### Running: /usr/bin/time -o time_22_vdhankar_jiayanwa.txt -f "%U" /usr/lib/jvm/jdk-14.0.1/bin/java homework > stulog.txt 2>&1 on jiayanwa #####
##### SUCCESS: /usr/bin/time -o time_22_vdhankar_jiayanwa.txt -f "%U" /usr/lib/jvm/jdk-14.0.1/bin/java homework > stulog.txt 2>&1 on jiayanwa #####
##### jiayanwa plays [E d2 c1] in 0.37s #####
##### Running: /usr/lib/jvm/jdk-14.0.1/bin/java -jar /lab/itti/projects/checkers-competition/server/referee.jar on run_22_vdhankar_jiayanwa #####
Move is valid
##### SUCCESS: /usr/lib/jvm/jdk-14.0.1/bin/java -jar /lab/itti/projects/checkers-competition/server/referee.jar on run_22_vdhankar_jiayanwa #####
INPUT for vdhankar:
GAME
WHITE
154.434637308121
.......b
........
...w....
....w...
........
w.......
........
w.B.....
##### Running: /usr/bin/time -o time_22_vdhankar_jiayanwa.txt -f "%U" python3 homework.py > stulog.txt 2>&1 on vdhankar #####
child exited with value 1
##### ERROR: /usr/bin/time -o time_22_vdhankar_jiayanwa.txt -f "%U" python3 homework.py > stulog.txt 2>&1 on vdhankar #####
##### Output of failed program (stdout + stderr): #####
Traceback (most recent call last):
  File "homework.py", line 546, in <module>
    print(end-start)
NameError: name 'end' is not defined
##### End of output of failed program #####
##### vdhankar plays [E d6 e7] in 2.13152384757996s #####
##### Running: /usr/lib/jvm/jdk-14.0.1/bin/java -jar /lab/itti/projects/checkers-competition/server/referee.jar on run_22_vdhankar_jiayanwa #####
Move is valid
##### SUCCESS: /usr/lib/jvm/jdk-14.0.1/bin/java -jar /lab/itti/projects/checkers-competition/server/referee.jar on run_22_vdhankar_jiayanwa #####
INPUT for jiayanwa:
GAME
BLACK
289.85
.......b
....w...
........
....w...
........
w.......
........
w.B.....
##### Running: /usr/bin/time -o time_22_vdhankar_jiayanwa.txt -f "%U" /usr/lib/jvm/jdk-14.0.1/bin/java homework > stulog.txt 2>&1 on jiayanwa #####
##### SUCCESS: /usr/bin/time -o time_22_vdhankar_jiayanwa.txt -f "%U" /usr/lib/jvm/jdk-14.0.1/bin/java homework > stulog.txt 2>&1 on jiayanwa #####
##### jiayanwa plays [E c1 d2] in 0.34s #####
##### Running: /usr/lib/jvm/jdk-14.0.1/bin/java -jar /lab/itti/projects/checkers-competition/server/referee.jar on run_22_vdhankar_jiayanwa #####
Move is valid
##### SUCCESS: /usr/lib/jvm/jdk-14.0.1/bin/java -jar /lab/itti/projects/checkers-competition/server/referee.jar on run_22_vdhankar_jiayanwa #####
INPUT for vdhankar:
GAME
WHITE
152.303113460541
.......b
....w...
........
....w...
........
w.......
...B....
w.......
##### Running: /usr/bin/time -o time_22_vdhankar_jiayanwa.txt -f "%U" python3 homework.py > stulog.txt 2>&1 on vdhankar #####
child exited with value 1
##### ERROR: /usr/bin/time -o time_22_vdhankar_jiayanwa.txt -f "%U" python3 homework.py > stulog.txt 2>&1 on vdhankar #####
##### Output of failed program (stdout + stderr): #####
Traceback (most recent call last):
  File "homework.py", line 546, in <module>
    print(end-start)
NameError: name 'end' is not defined
##### End of output of failed program #####
##### vdhankar plays [E e5 f6] in 3.96293497085571s #####
##### Running: /usr/lib/jvm/jdk-14.0.1/bin/java -jar /lab/itti/projects/checkers-competition/server/referee.jar on run_22_vdhankar_jiayanwa #####
Move is valid
##### SUCCESS: /usr/lib/jvm/jdk-14.0.1/bin/java -jar /lab/itti/projects/checkers-competition/server/referee.jar on run_22_vdhankar_jiayanwa #####
INPUT for jiayanwa:
GAME
BLACK
289.51
.......b
....w...
.....w..
........
........
w.......
...B....
w.......
##### Running: /usr/bin/time -o time_22_vdhankar_jiayanwa.txt -f "%U" /usr/lib/jvm/jdk-14.0.1/bin/java homework > stulog.txt 2>&1 on jiayanwa #####
##### SUCCESS: /usr/bin/time -o time_22_vdhankar_jiayanwa.txt -f "%U" /usr/lib/jvm/jdk-14.0.1/bin/java homework > stulog.txt 2>&1 on jiayanwa #####
##### jiayanwa plays [E d2 c1] in 0.37s #####
##### Running: /usr/lib/jvm/jdk-14.0.1/bin/java -jar /lab/itti/projects/checkers-competition/server/referee.jar on run_22_vdhankar_jiayanwa #####
Move is valid
##### SUCCESS: /usr/lib/jvm/jdk-14.0.1/bin/java -jar /lab/itti/projects/checkers-competition/server/referee.jar on run_22_vdhankar_jiayanwa #####
INPUT for vdhankar:
GAME
WHITE
148.340178489685
.......b
....w...
.....w..
........
........
w.......
........
w.B.....
##### Running: /usr/bin/time -o time_22_vdhankar_jiayanwa.txt -f "%U" python3 homework.py > stulog.txt 2>&1 on vdhankar #####
child exited with value 1
##### ERROR: /usr/bin/time -o time_22_vdhankar_jiayanwa.txt -f "%U" python3 homework.py > stulog.txt 2>&1 on vdhankar #####
##### Output of failed program (stdout + stderr): #####
Traceback (most recent call last):
  File "homework.py", line 546, in <module>
    print(end-start)
NameError: name 'end' is not defined
##### End of output of failed program #####
##### vdhankar plays [E a1 b2] in 1.43574404716492s #####
##### Running: /usr/lib/jvm/jdk-14.0.1/bin/java -jar /lab/itti/projects/checkers-competition/server/referee.jar on run_22_vdhankar_jiayanwa #####
Move is valid
##### SUCCESS: /usr/lib/jvm/jdk-14.0.1/bin/java -jar /lab/itti/projects/checkers-competition/server/referee.jar on run_22_vdhankar_jiayanwa #####
INPUT for jiayanwa:
GAME
BLACK
289.14
.......b
....w...
.....w..
........
........
w.......
.w......
..B.....
##### Running: /usr/bin/time -o time_22_vdhankar_jiayanwa.txt -f "%U" /usr/lib/jvm/jdk-14.0.1/bin/java homework > stulog.txt 2>&1 on jiayanwa #####
##### SUCCESS: /usr/bin/time -o time_22_vdhankar_jiayanwa.txt -f "%U" /usr/lib/jvm/jdk-14.0.1/bin/java homework > stulog.txt 2>&1 on jiayanwa #####
##### jiayanwa plays [E c1 d2] in 0.32s #####
##### Running: /usr/lib/jvm/jdk-14.0.1/bin/java -jar /lab/itti/projects/checkers-competition/server/referee.jar on run_22_vdhankar_jiayanwa #####
Move is valid
##### SUCCESS: /usr/lib/jvm/jdk-14.0.1/bin/java -jar /lab/itti/projects/checkers-competition/server/referee.jar on run_22_vdhankar_jiayanwa #####
INPUT for vdhankar:
GAME
WHITE
146.90443444252
.......b
....w...
.....w..
........
........
w.......
.w.B....
........
##### Running: /usr/bin/time -o time_22_vdhankar_jiayanwa.txt -f "%U" python3 homework.py > stulog.txt 2>&1 on vdhankar #####
child exited with value 1
##### ERROR: /usr/bin/time -o time_22_vdhankar_jiayanwa.txt -f "%U" python3 homework.py > stulog.txt 2>&1 on vdhankar #####
##### Output of failed program (stdout + stderr): #####
Traceback (most recent call last):
  File "homework.py", line 546, in <module>
    print(end-start)
NameError: name 'end' is not defined
##### End of output of failed program #####
##### vdhankar plays [E b2 c3] in 1.54592204093933s #####
##### Running: /usr/lib/jvm/jdk-14.0.1/bin/java -jar /lab/itti/projects/checkers-competition/server/referee.jar on run_22_vdhankar_jiayanwa #####
Move is valid
##### SUCCESS: /usr/lib/jvm/jdk-14.0.1/bin/java -jar /lab/itti/projects/checkers-competition/server/referee.jar on run_22_vdhankar_jiayanwa #####
INPUT for jiayanwa:
GAME
BLACK
288.82
.......b
....w...
.....w..
........
........
w.w.....
...B....
........
##### Running: /usr/bin/time -o time_22_vdhankar_jiayanwa.txt -f "%U" /usr/lib/jvm/jdk-14.0.1/bin/java homework > stulog.txt 2>&1 on jiayanwa #####
##### SUCCESS: /usr/bin/time -o time_22_vdhankar_jiayanwa.txt -f "%U" /usr/lib/jvm/jdk-14.0.1/bin/java homework > stulog.txt 2>&1 on jiayanwa #####
##### jiayanwa plays [J d2 b4] in 0.31s #####
##### Running: /usr/lib/jvm/jdk-14.0.1/bin/java -jar /lab/itti/projects/checkers-competition/server/referee.jar on run_22_vdhankar_jiayanwa #####
Move is valid
##### SUCCESS: /usr/lib/jvm/jdk-14.0.1/bin/java -jar /lab/itti/projects/checkers-competition/server/referee.jar on run_22_vdhankar_jiayanwa #####
INPUT for vdhankar:
GAME
WHITE
145.358512401581
.......b
....w...
.....w..
........
.B......
w.......
........
........
##### Running: /usr/bin/time -o time_22_vdhankar_jiayanwa.txt -f "%U" python3 homework.py > stulog.txt 2>&1 on vdhankar #####
child exited with value 1
##### ERROR: /usr/bin/time -o time_22_vdhankar_jiayanwa.txt -f "%U" python3 homework.py > stulog.txt 2>&1 on vdhankar #####
##### Output of failed program (stdout + stderr): #####
Traceback (most recent call last):
  File "homework.py", line 546, in <module>
    print(end-start)
NameError: name 'end' is not defined
##### End of output of failed program #####
##### vdhankar plays [J a3 c5] in 0.379564046859741s #####
##### Running: /usr/lib/jvm/jdk-14.0.1/bin/java -jar /lab/itti/projects/checkers-competition/server/referee.jar on run_22_vdhankar_jiayanwa #####
Move is valid
##### SUCCESS: /usr/lib/jvm/jdk-14.0.1/bin/java -jar /lab/itti/projects/checkers-competition/server/referee.jar on run_22_vdhankar_jiayanwa #####
INPUT for jiayanwa:
GAME
BLACK
288.51
.......b
....w...
.....w..
..w.....
........
........
........
........
##### Running: /usr/bin/time -o time_22_vdhankar_jiayanwa.txt -f "%U" /usr/lib/jvm/jdk-14.0.1/bin/java homework > stulog.txt 2>&1 on jiayanwa #####
##### SUCCESS: /usr/bin/time -o time_22_vdhankar_jiayanwa.txt -f "%U" /usr/lib/jvm/jdk-14.0.1/bin/java homework > stulog.txt 2>&1 on jiayanwa #####
##### jiayanwa plays [E h8 g7] in 0.29s #####
##### Running: /usr/lib/jvm/jdk-14.0.1/bin/java -jar /lab/itti/projects/checkers-competition/server/referee.jar on run_22_vdhankar_jiayanwa #####
Move is valid
##### SUCCESS: /usr/lib/jvm/jdk-14.0.1/bin/java -jar /lab/itti/projects/checkers-competition/server/referee.jar on run_22_vdhankar_jiayanwa #####
INPUT for vdhankar:
GAME
WHITE
144.978948354721
........
....w.b.
.....w..
..w.....
........
........
........
........
##### Running: /usr/bin/time -o time_22_vdhankar_jiayanwa.txt -f "%U" python3 homework.py > stulog.txt 2>&1 on vdhankar #####
child exited with value 1
##### ERROR: /usr/bin/time -o time_22_vdhankar_jiayanwa.txt -f "%U" python3 homework.py > stulog.txt 2>&1 on vdhankar #####
##### Output of failed program (stdout + stderr): #####
Traceback (most recent call last):
  File "homework.py", line 546, in <module>
    print(end-start)
NameError: name 'end' is not defined
##### End of output of failed program #####
##### vdhankar plays [J f6 h8] in 0.333503007888794s #####
##### Running: /usr/lib/jvm/jdk-14.0.1/bin/java -jar /lab/itti/projects/checkers-competition/server/referee.jar on run_22_vdhankar_jiayanwa #####
Move is valid
After this move, player BLACK cannot make any moves
*** Winner: WHITE ***
##### SUCCESS: /usr/lib/jvm/jdk-14.0.1/bin/java -jar /lab/itti/projects/checkers-competition/server/referee.jar on run_22_vdhankar_jiayanwa #####
##### GAME OVER: vdhankar wins the game! #####
Server said: WIN
########## ROUND 22 GAMESCORE AFTER GAME 3: vdhankar=3 and jiayanwa=0 ##########
#################### ROUND 22: vdhankar (B) vs jiayanwa (W): game 4 ####################
##### game start! #####
INPUT for vdhankar:
GAME
BLACK
300
.b.b.b.b
b.b.b.b.
.b.b.b.b
........
........
w.w.w.w.
.w.w.w.w
w.w.w.w.
##### Running: /usr/bin/time -o time_22_vdhankar_jiayanwa.txt -f "%U" python3 homework.py > stulog.txt 2>&1 on vdhankar #####
child exited with value 1
##### ERROR: /usr/bin/time -o time_22_vdhankar_jiayanwa.txt -f "%U" python3 homework.py > stulog.txt 2>&1 on vdhankar #####
##### Output of failed program (stdout + stderr): #####
Traceback (most recent call last):
  File "homework.py", line 546, in <module>
    print(end-start)
NameError: name 'end' is not defined
##### End of output of failed program #####
##### vdhankar plays [E h6 g5] in 10.7216739654541s #####
##### Running: /usr/lib/jvm/jdk-14.0.1/bin/java -jar /lab/itti/projects/checkers-competition/server/referee.jar on run_22_vdhankar_jiayanwa #####
Move is valid
Couldn't read file 'current_ply.txt'
Couldn't read content from file 'current_ply.txt'
Couldn't read file 'lastmatchange_ply.txt'
Couldn't read content from file 'lastmatchange_ply.txt'
##### SUCCESS: /usr/lib/jvm/jdk-14.0.1/bin/java -jar /lab/itti/projects/checkers-competition/server/referee.jar on run_22_vdhankar_jiayanwa #####
INPUT for jiayanwa:
GAME
WHITE
300
.b.b.b.b
b.b.b.b.
.b.b.b..
......b.
........
w.w.w.w.
.w.w.w.w
w.w.w.w.
##### Running: /usr/bin/time -o time_22_vdhankar_jiayanwa.txt -f "%U" /usr/lib/jvm/jdk-14.0.1/bin/java homework > stulog.txt 2>&1 on jiayanwa #####
##### SUCCESS: /usr/bin/time -o time_22_vdhankar_jiayanwa.txt -f "%U" /usr/lib/jvm/jdk-14.0.1/bin/java homework > stulog.txt 2>&1 on jiayanwa #####
##### jiayanwa plays [E a3 b4] in 0.44s #####
##### Running: /usr/lib/jvm/jdk-14.0.1/bin/java -jar /lab/itti/projects/checkers-competition/server/referee.jar on run_22_vdhankar_jiayanwa #####
Move is valid
##### SUCCESS: /usr/lib/jvm/jdk-14.0.1/bin/java -jar /lab/itti/projects/checkers-competition/server/referee.jar on run_22_vdhankar_jiayanwa #####
INPUT for vdhankar:
GAME
BLACK
289.278326034546
.b.b.b.b
b.b.b.b.
.b.b.b..
......b.
.w......
..w.w.w.
.w.w.w.w
w.w.w.w.
##### Running: /usr/bin/time -o time_22_vdhankar_jiayanwa.txt -f "%U" python3 homework.py > stulog.txt 2>&1 on vdhankar #####
child exited with value 1
##### ERROR: /usr/bin/time -o time_22_vdhankar_jiayanwa.txt -f "%U" python3 homework.py > stulog.txt 2>&1 on vdhankar #####
##### Output of failed program (stdout + stderr): #####
Traceback (most recent call last):
  File "homework.py", line 546, in <module>
    print(end-start)
NameError: name 'end' is not defined
##### End of output of failed program #####
##### vdhankar plays [E g5 h4] in 9.9104540348053s #####
##### Running: /usr/lib/jvm/jdk-14.0.1/bin/java -jar /lab/itti/projects/checkers-competition/server/referee.jar on run_22_vdhankar_jiayanwa #####
Move is valid
##### SUCCESS: /usr/lib/jvm/jdk-14.0.1/bin/java -jar /lab/itti/projects/checkers-competition/server/referee.jar on run_22_vdhankar_jiayanwa #####
INPUT for jiayanwa:
GAME
WHITE
299.56
.b.b.b.b
b.b.b.b.
.b.b.b..
........
.w.....b
..w.w.w.
.w.w.w.w
w.w.w.w.
##### Running: /usr/bin/time -o time_22_vdhankar_jiayanwa.txt -f "%U" /usr/lib/jvm/jdk-14.0.1/bin/java homework > stulog.txt 2>&1 on jiayanwa #####
##### SUCCESS: /usr/bin/time -o time_22_vdhankar_jiayanwa.txt -f "%U" /usr/lib/jvm/jdk-14.0.1/bin/java homework > stulog.txt 2>&1 on jiayanwa #####
##### jiayanwa plays [E b2 a3] in 0.39s #####
##### Running: /usr/lib/jvm/jdk-14.0.1/bin/java -jar /lab/itti/projects/checkers-competition/server/referee.jar on run_22_vdhankar_jiayanwa #####
Move is valid
##### SUCCESS: /usr/lib/jvm/jdk-14.0.1/bin/java -jar /lab/itti/projects/checkers-competition/server/referee.jar on run_22_vdhankar_jiayanwa #####
INPUT for vdhankar:
GAME
BLACK
279.367871999741
.b.b.b.b
b.b.b.b.
.b.b.b..
........
.w.....b
w.w.w.w.
...w.w.w
w.w.w.w.
##### Running: /usr/bin/time -o time_22_vdhankar_jiayanwa.txt -f "%U" python3 homework.py > stulog.txt 2>&1 on vdhankar #####
child exited with value 1
##### ERROR: /usr/bin/time -o time_22_vdhankar_jiayanwa.txt -f "%U" python3 homework.py > stulog.txt 2>&1 on vdhankar #####
##### Output of failed program (stdout + stderr): #####
Traceback (most recent call last):
  File "homework.py", line 546, in <module>
    print(end-start)
NameError: name 'end' is not defined
##### End of output of failed program #####
##### vdhankar plays [E f6 g5] in 9.79069399833679s #####
##### Running: /usr/lib/jvm/jdk-14.0.1/bin/java -jar /lab/itti/projects/checkers-competition/server/referee.jar on run_22_vdhankar_jiayanwa #####
Move is valid
##### SUCCESS: /usr/lib/jvm/jdk-14.0.1/bin/java -jar /lab/itti/projects/checkers-competition/server/referee.jar on run_22_vdhankar_jiayanwa #####
INPUT for jiayanwa:
GAME
WHITE
299.17
.b.b.b.b
b.b.b.b.
.b.b....
......b.
.w.....b
w.w.w.w.
...w.w.w
w.w.w.w.
##### Running: /usr/bin/time -o time_22_vdhankar_jiayanwa.txt -f "%U" /usr/lib/jvm/jdk-14.0.1/bin/java homework > stulog.txt 2>&1 on jiayanwa #####
##### SUCCESS: /usr/bin/time -o time_22_vdhankar_jiayanwa.txt -f "%U" /usr/lib/jvm/jdk-14.0.1/bin/java homework > stulog.txt 2>&1 on jiayanwa #####
##### jiayanwa plays [E a1 b2] in 0.51s #####
##### Running: /usr/lib/jvm/jdk-14.0.1/bin/java -jar /lab/itti/projects/checkers-competition/server/referee.jar on run_22_vdhankar_jiayanwa #####
Move is valid
##### SUCCESS: /usr/lib/jvm/jdk-14.0.1/bin/java -jar /lab/itti/projects/checkers-competition/server/referee.jar on run_22_vdhankar_jiayanwa #####
INPUT for vdhankar:
GAME
BLACK
269.577178001404
.b.b.b.b
b.b.b.b.
.b.b....
......b.
.w.....b
w.w.w.w.
.w.w.w.w
..w.w.w.
##### Running: /usr/bin/time -o time_22_vdhankar_jiayanwa.txt -f "%U" python3 homework.py > stulog.txt 2>&1 on vdhankar #####
child exited with value 1
##### ERROR: /usr/bin/time -o time_22_vdhankar_jiayanwa.txt -f "%U" python3 homework.py > stulog.txt 2>&1 on vdhankar #####
##### Output of failed program (stdout + stderr): #####
Traceback (most recent call last):
  File "homework.py", line 546, in <module>
    print(end-start)
NameError: name 'end' is not defined
##### End of output of failed program #####
##### vdhankar plays [E g7 h6] in 9.69834208488464s #####
##### Running: /usr/lib/jvm/jdk-14.0.1/bin/java -jar /lab/itti/projects/checkers-competition/server/referee.jar on run_22_vdhankar_jiayanwa #####
Move is valid
##### SUCCESS: /usr/lib/jvm/jdk-14.0.1/bin/java -jar /lab/itti/projects/checkers-competition/server/referee.jar on run_22_vdhankar_jiayanwa #####
INPUT for jiayanwa:
GAME
WHITE
298.66
.b.b.b.b
b.b.b...
.b.b...b
......b.
.w.....b
w.w.w.w.
.w.w.w.w
..w.w.w.
##### Running: /usr/bin/time -o time_22_vdhankar_jiayanwa.txt -f "%U" /usr/lib/jvm/jdk-14.0.1/bin/java homework > stulog.txt 2>&1 on jiayanwa #####
##### SUCCESS: /usr/bin/time -o time_22_vdhankar_jiayanwa.txt -f "%U" /usr/lib/jvm/jdk-14.0.1/bin/java homework > stulog.txt 2>&1 on jiayanwa #####
##### jiayanwa plays [E e3 f4] in 0.42s #####
##### Running: /usr/lib/jvm/jdk-14.0.1/bin/java -jar /lab/itti/projects/checkers-competition/server/referee.jar on run_22_vdhankar_jiayanwa #####
Move is valid
##### SUCCESS: /usr/lib/jvm/jdk-14.0.1/bin/java -jar /lab/itti/projects/checkers-competition/server/referee.jar on run_22_vdhankar_jiayanwa #####
INPUT for vdhankar:
GAME
BLACK
259.878835916519
.b.b.b.b
b.b.b...
.b.b...b
......b.
.w...w.b
w.w...w.
.w.w.w.w
..w.w.w.
##### Running: /usr/bin/time -o time_22_vdhankar_jiayanwa.txt -f "%U" python3 homework.py > stulog.txt 2>&1 on vdhankar #####
child exited with value 1
##### ERROR: /usr/bin/time -o time_22_vdhankar_jiayanwa.txt -f "%U" python3 homework.py > stulog.txt 2>&1 on vdhankar #####
##### Output of failed program (stdout + stderr): #####
Traceback (most recent call last):
  File "homework.py", line 546, in <module>
    print(end-start)
NameError: name 'end' is not defined
##### End of output of failed program #####
##### vdhankar plays [J g5 e3] in 0.961788892745972s #####
##### Running: /usr/lib/jvm/jdk-14.0.1/bin/java -jar /lab/itti/projects/checkers-competition/server/referee.jar on run_22_vdhankar_jiayanwa #####
Move is valid
##### SUCCESS: /usr/lib/jvm/jdk-14.0.1/bin/java -jar /lab/itti/projects/checkers-competition/server/referee.jar on run_22_vdhankar_jiayanwa #####
INPUT for jiayanwa:
GAME
WHITE
298.24
.b.b.b.b
b.b.b...
.b.b...b
........
.w.....b
w.w.b.w.
.w.w.w.w
..w.w.w.
##### Running: /usr/bin/time -o time_22_vdhankar_jiayanwa.txt -f "%U" /usr/lib/jvm/jdk-14.0.1/bin/java homework > stulog.txt 2>&1 on jiayanwa #####
##### SUCCESS: /usr/bin/time -o time_22_vdhankar_jiayanwa.txt -f "%U" /usr/lib/jvm/jdk-14.0.1/bin/java homework > stulog.txt 2>&1 on jiayanwa #####
##### jiayanwa plays [J d2 f4] in 0.34s #####
##### Running: /usr/lib/jvm/jdk-14.0.1/bin/java -jar /lab/itti/projects/checkers-competition/server/referee.jar on run_22_vdhankar_jiayanwa #####
Move is valid
##### SUCCESS: /usr/lib/jvm/jdk-14.0.1/bin/java -jar /lab/itti/projects/checkers-competition/server/referee.jar on run_22_vdhankar_jiayanwa #####
INPUT for vdhankar:
GAME
BLACK
258.917047023773
.b.b.b.b
b.b.b...
.b.b...b
........
.w...w.b
w.w...w.
.w...w.w
..w.w.w.
##### Running: /usr/bin/time -o time_22_vdhankar_jiayanwa.txt -f "%U" python3 homework.py > stulog.txt 2>&1 on vdhankar #####
child exited with value 1
##### ERROR: /usr/bin/time -o time_22_vdhankar_jiayanwa.txt -f "%U" python3 homework.py > stulog.txt 2>&1 on vdhankar #####
##### Output of failed program (stdout + stderr): #####
Traceback (most recent call last):
  File "homework.py", line 546, in <module>
    print(end-start)
NameError: name 'end' is not defined
##### End of output of failed program #####
##### vdhankar plays [E d6 e5] in 4.15993094444275s #####
##### Running: /usr/lib/jvm/jdk-14.0.1/bin/java -jar /lab/itti/projects/checkers-competition/server/referee.jar on run_22_vdhankar_jiayanwa #####
Move is valid
##### SUCCESS: /usr/lib/jvm/jdk-14.0.1/bin/java -jar /lab/itti/projects/checkers-competition/server/referee.jar on run_22_vdhankar_jiayanwa #####
INPUT for jiayanwa:
GAME
WHITE
297.9
.b.b.b.b
b.b.b...
.b.....b
....b...
.w...w.b
w.w...w.
.w...w.w
..w.w.w.
##### Running: /usr/bin/time -o time_22_vdhankar_jiayanwa.txt -f "%U" /usr/lib/jvm/jdk-14.0.1/bin/java homework > stulog.txt 2>&1 on jiayanwa #####
##### SUCCESS: /usr/bin/time -o time_22_vdhankar_jiayanwa.txt -f "%U" /usr/lib/jvm/jdk-14.0.1/bin/java homework > stulog.txt 2>&1 on jiayanwa #####
##### jiayanwa plays [J f4 d6] in 0.3s #####
##### Running: /usr/lib/jvm/jdk-14.0.1/bin/java -jar /lab/itti/projects/checkers-competition/server/referee.jar on run_22_vdhankar_jiayanwa #####
Move is valid
##### SUCCESS: /usr/lib/jvm/jdk-14.0.1/bin/java -jar /lab/itti/projects/checkers-competition/server/referee.jar on run_22_vdhankar_jiayanwa #####
INPUT for vdhankar:
GAME
BLACK
254.75711607933
.b.b.b.b
b.b.b...
.b.w...b
........
.w.....b
w.w...w.
.w...w.w
..w.w.w.
##### Running: /usr/bin/time -o time_22_vdhankar_jiayanwa.txt -f "%U" python3 homework.py > stulog.txt 2>&1 on vdhankar #####
child exited with value 1
##### ERROR: /usr/bin/time -o time_22_vdhankar_jiayanwa.txt -f "%U" python3 homework.py > stulog.txt 2>&1 on vdhankar #####
##### Output of failed program (stdout + stderr): #####
Traceback (most recent call last):
  File "homework.py", line 546, in <module>
    print(end-start)
NameError: name 'end' is not defined
##### End of output of failed program #####
##### vdhankar plays [J e7 c5] in 2.76178503036499s #####
##### Running: /usr/lib/jvm/jdk-14.0.1/bin/java -jar /lab/itti/projects/checkers-competition/server/referee.jar on run_22_vdhankar_jiayanwa #####
Move is valid
##### SUCCESS: /usr/lib/jvm/jdk-14.0.1/bin/java -jar /lab/itti/projects/checkers-competition/server/referee.jar on run_22_vdhankar_jiayanwa #####
INPUT for jiayanwa:
GAME
WHITE
297.6
.b.b.b.b
b.b.....
.b.....b
..b.....
.w.....b
w.w...w.
.w...w.w
..w.w.w.
##### Running: /usr/bin/time -o time_22_vdhankar_jiayanwa.txt -f "%U" /usr/lib/jvm/jdk-14.0.1/bin/java homework > stulog.txt 2>&1 on jiayanwa #####
##### SUCCESS: /usr/bin/time -o time_22_vdhankar_jiayanwa.txt -f "%U" /usr/lib/jvm/jdk-14.0.1/bin/java homework > stulog.txt 2>&1 on jiayanwa #####
##### jiayanwa plays [J b4 d6] in 0.31s #####
##### Running: /usr/lib/jvm/jdk-14.0.1/bin/java -jar /lab/itti/projects/checkers-competition/server/referee.jar on run_22_vdhankar_jiayanwa #####
Move is valid
##### SUCCESS: /usr/lib/jvm/jdk-14.0.1/bin/java -jar /lab/itti/projects/checkers-competition/server/referee.jar on run_22_vdhankar_jiayanwa #####
INPUT for vdhankar:
GAME
BLACK
251.995331048965
.b.b.b.b
b.b.....
.b.w...b
........
.......b
w.w...w.
.w...w.w
..w.w.w.
##### Running: /usr/bin/time -o time_22_vdhankar_jiayanwa.txt -f "%U" python3 homework.py > stulog.txt 2>&1 on vdhankar #####
child exited with value 1
##### ERROR: /usr/bin/time -o time_22_vdhankar_jiayanwa.txt -f "%U" python3 homework.py > stulog.txt 2>&1 on vdhankar #####
##### Output of failed program (stdout + stderr): #####
Traceback (most recent call last):
  File "homework.py", line 546, in <module>
    print(end-start)
NameError: name 'end' is not defined
##### End of output of failed program #####
##### vdhankar plays [J c7 e5] in 3.989422082901s #####
##### Running: /usr/lib/jvm/jdk-14.0.1/bin/java -jar /lab/itti/projects/checkers-competition/server/referee.jar on run_22_vdhankar_jiayanwa #####
Move is valid
##### SUCCESS: /usr/lib/jvm/jdk-14.0.1/bin/java -jar /lab/itti/projects/checkers-competition/server/referee.jar on run_22_vdhankar_jiayanwa #####
INPUT for jiayanwa:
GAME
WHITE
297.29
.b.b.b.b
b.......
.b.....b
....b...
.......b
w.w...w.
.w...w.w
..w.w.w.
##### Running: /usr/bin/time -o time_22_vdhankar_jiayanwa.txt -f "%U" /usr/lib/jvm/jdk-14.0.1/bin/java homework > stulog.txt 2>&1 on jiayanwa #####
##### SUCCESS: /usr/bin/time -o time_22_vdhankar_jiayanwa.txt -f "%U" /usr/lib/jvm/jdk-14.0.1/bin/java homework > stulog.txt 2>&1 on jiayanwa #####
##### jiayanwa plays [E c1 d2] in 0.38s #####
##### Running: /usr/lib/jvm/jdk-14.0.1/bin/java -jar /lab/itti/projects/checkers-competition/server/referee.jar on run_22_vdhankar_jiayanwa #####
Move is valid
##### SUCCESS: /usr/lib/jvm/jdk-14.0.1/bin/java -jar /lab/itti/projects/checkers-competition/server/referee.jar on run_22_vdhankar_jiayanwa #####
INPUT for vdhankar:
GAME
BLACK
248.005908966064
.b.b.b.b
b.......
.b.....b
....b...
.......b
w.w...w.
.w.w.w.w
....w.w.
##### Running: /usr/bin/time -o time_22_vdhankar_jiayanwa.txt -f "%U" python3 homework.py > stulog.txt 2>&1 on vdhankar #####
child exited with value 1
##### ERROR: /usr/bin/time -o time_22_vdhankar_jiayanwa.txt -f "%U" python3 homework.py > stulog.txt 2>&1 on vdhankar #####
##### Output of failed program (stdout + stderr): #####
Traceback (most recent call last):
  File "homework.py", line 546, in <module>
    print(end-start)
NameError: name 'end' is not defined
##### End of output of failed program #####
##### vdhankar plays [E b6 c5] in 27.170716047287s #####
##### Running: /usr/lib/jvm/jdk-14.0.1/bin/java -jar /lab/itti/projects/checkers-competition/server/referee.jar on run_22_vdhankar_jiayanwa #####
Move is valid
##### SUCCESS: /usr/lib/jvm/jdk-14.0.1/bin/java -jar /lab/itti/projects/checkers-competition/server/referee.jar on run_22_vdhankar_jiayanwa #####
INPUT for jiayanwa:
GAME
WHITE
296.91
.b.b.b.b
b.......
.......b
..b.b...
.......b
w.w...w.
.w.w.w.w
....w.w.
##### Running: /usr/bin/time -o time_22_vdhankar_jiayanwa.txt -f "%U" /usr/lib/jvm/jdk-14.0.1/bin/java homework > stulog.txt 2>&1 on jiayanwa #####
##### SUCCESS: /usr/bin/time -o time_22_vdhankar_jiayanwa.txt -f "%U" /usr/lib/jvm/jdk-14.0.1/bin/java homework > stulog.txt 2>&1 on jiayanwa #####
##### jiayanwa plays [E d2 e3] in 0.37s #####
##### Running: /usr/lib/jvm/jdk-14.0.1/bin/java -jar /lab/itti/projects/checkers-competition/server/referee.jar on run_22_vdhankar_jiayanwa #####
Move is valid
##### SUCCESS: /usr/lib/jvm/jdk-14.0.1/bin/java -jar /lab/itti/projects/checkers-competition/server/referee.jar on run_22_vdhankar_jiayanwa #####
INPUT for vdhankar:
GAME
BLACK
220.835192918777
.b.b.b.b
b.......
.......b
..b.b...
.......b
w.w.w.w.
.w...w.w
....w.w.
##### Running: /usr/bin/time -o time_22_vdhankar_jiayanwa.txt -f "%U" python3 homework.py > stulog.txt 2>&1 on vdhankar #####
child exited with value 1
##### ERROR: /usr/bin/time -o time_22_vdhankar_jiayanwa.txt -f "%U" python3 homework.py > stulog.txt 2>&1 on vdhankar #####
##### Output of failed program (stdout + stderr): #####
Traceback (most recent call last):
  File "homework.py", line 546, in <module>
    print(end-start)
NameError: name 'end' is not defined
##### End of output of failed program #####
##### vdhankar plays [E a7 b6] in 10.2511100769043s #####
##### Running: /usr/lib/jvm/jdk-14.0.1/bin/java -jar /lab/itti/projects/checkers-competition/server/referee.jar on run_22_vdhankar_jiayanwa #####
Move is valid
##### SUCCESS: /usr/lib/jvm/jdk-14.0.1/bin/java -jar /lab/itti/projects/checkers-competition/server/referee.jar on run_22_vdhankar_jiayanwa #####
INPUT for jiayanwa:
GAME
WHITE
296.54
.b.b.b.b
........
.b.....b
..b.b...
.......b
w.w.w.w.
.w...w.w
....w.w.
##### Running: /usr/bin/time -o time_22_vdhankar_jiayanwa.txt -f "%U" /usr/lib/jvm/jdk-14.0.1/bin/java homework > stulog.txt 2>&1 on jiayanwa #####
##### SUCCESS: /usr/bin/time -o time_22_vdhankar_jiayanwa.txt -f "%U" /usr/lib/jvm/jdk-14.0.1/bin/java homework > stulog.txt 2>&1 on jiayanwa #####
##### jiayanwa plays [E e3 d4] in 0.45s #####
##### Running: /usr/lib/jvm/jdk-14.0.1/bin/java -jar /lab/itti/projects/checkers-competition/server/referee.jar on run_22_vdhankar_jiayanwa #####
Move is valid
##### SUCCESS: /usr/lib/jvm/jdk-14.0.1/bin/java -jar /lab/itti/projects/checkers-competition/server/referee.jar on run_22_vdhankar_jiayanwa #####
INPUT for vdhankar:
GAME
BLACK
210.584082841873
.b.b.b.b
........
.b.....b
..b.b...
...w...b
w.w...w.
.w...w.w
....w.w.
##### Running: /usr/bin/time -o time_22_vdhankar_jiayanwa.txt -f "%U" python3 homework.py > stulog.txt 2>&1 on vdhankar #####
child exited with value 1
##### ERROR: /usr/bin/time -o time_22_vdhankar_jiayanwa.txt -f "%U" python3 homework.py > stulog.txt 2>&1 on vdhankar #####
##### Output of failed program (stdout + stderr): #####
Traceback (most recent call last):
  File "homework.py", line 546, in <module>
    print(end-start)
NameError: name 'end' is not defined
##### End of output of failed program #####
##### vdhankar plays [J c5 e3] in 0.787396907806396s #####
##### Running: /usr/lib/jvm/jdk-14.0.1/bin/java -jar /lab/itti/projects/checkers-competition/server/referee.jar on run_22_vdhankar_jiayanwa #####
Move is valid
##### SUCCESS: /usr/lib/jvm/jdk-14.0.1/bin/java -jar /lab/itti/projects/checkers-competition/server/referee.jar on run_22_vdhankar_jiayanwa #####
INPUT for jiayanwa:
GAME
WHITE
296.09
.b.b.b.b
........
.b.....b
....b...
.......b
w.w.b.w.
.w...w.w
....w.w.
##### Running: /usr/bin/time -o time_22_vdhankar_jiayanwa.txt -f "%U" /usr/lib/jvm/jdk-14.0.1/bin/java homework > stulog.txt 2>&1 on jiayanwa #####
##### SUCCESS: /usr/bin/time -o time_22_vdhankar_jiayanwa.txt -f "%U" /usr/lib/jvm/jdk-14.0.1/bin/java homework > stulog.txt 2>&1 on jiayanwa #####
##### jiayanwa plays [J f2 d4 ; J d4 f6] in 0.32s #####
##### Running: /usr/lib/jvm/jdk-14.0.1/bin/java -jar /lab/itti/projects/checkers-competition/server/referee.jar on run_22_vdhankar_jiayanwa #####
Move is valid
##### SUCCESS: /usr/lib/jvm/jdk-14.0.1/bin/java -jar /lab/itti/projects/checkers-competition/server/referee.jar on run_22_vdhankar_jiayanwa #####
INPUT for vdhankar:
GAME
BLACK
209.796685934067
.b.b.b.b
........
.b...w.b
........
.......b
w.w...w.
.w.....w
....w.w.
##### Running: /usr/bin/time -o time_22_vdhankar_jiayanwa.txt -f "%U" python3 homework.py > stulog.txt 2>&1 on vdhankar #####
child exited with value 1
##### ERROR: /usr/bin/time -o time_22_vdhankar_jiayanwa.txt -f "%U" python3 homework.py > stulog.txt 2>&1 on vdhankar #####
##### Output of failed program (stdout + stderr): #####
Traceback (most recent call last):
  File "homework.py", line 546, in <module>
    print(end-start)
NameError: name 'end' is not defined
##### End of output of failed program #####
##### vdhankar plays [J h4 f2] in 4.97488403320312s #####
##### Running: /usr/lib/jvm/jdk-14.0.1/bin/java -jar /lab/itti/projects/checkers-competition/server/referee.jar on run_22_vdhankar_jiayanwa #####
Move is valid
##### SUCCESS: /usr/lib/jvm/jdk-14.0.1/bin/java -jar /lab/itti/projects/checkers-competition/server/referee.jar on run_22_vdhankar_jiayanwa #####
INPUT for jiayanwa:
GAME
WHITE
295.77
.b.b.b.b
........
.b...w.b
........
........
w.w.....
.w...b.w
....w.w.
##### Running: /usr/bin/time -o time_22_vdhankar_jiayanwa.txt -f "%U" /usr/lib/jvm/jdk-14.0.1/bin/java homework > stulog.txt 2>&1 on jiayanwa #####
##### SUCCESS: /usr/bin/time -o time_22_vdhankar_jiayanwa.txt -f "%U" /usr/lib/jvm/jdk-14.0.1/bin/java homework > stulog.txt 2>&1 on jiayanwa #####
##### jiayanwa plays [J e1 g3] in 0.38s #####
##### Running: /usr/lib/jvm/jdk-14.0.1/bin/java -jar /lab/itti/projects/checkers-competition/server/referee.jar on run_22_vdhankar_jiayanwa #####
Move is valid
##### SUCCESS: /usr/lib/jvm/jdk-14.0.1/bin/java -jar /lab/itti/projects/checkers-competition/server/referee.jar on run_22_vdhankar_jiayanwa #####
INPUT for vdhankar:
GAME
BLACK
204.821801900864
.b.b.b.b
........
.b...w.b
........
........
w.w...w.
.w.....w
......w.
##### Running: /usr/bin/time -o time_22_vdhankar_jiayanwa.txt -f "%U" python3 homework.py > stulog.txt 2>&1 on vdhankar #####
child exited with value 1
##### ERROR: /usr/bin/time -o time_22_vdhankar_jiayanwa.txt -f "%U" python3 homework.py > stulog.txt 2>&1 on vdhankar #####
##### Output of failed program (stdout + stderr): #####
Traceback (most recent call last):
  File "homework.py", line 546, in <module>
    print(end-start)
NameError: name 'end' is not defined
##### End of output of failed program #####
##### vdhankar plays [E f8 g7] in 19.3132081031799s #####
##### Running: /usr/lib/jvm/jdk-14.0.1/bin/java -jar /lab/itti/projects/checkers-competition/server/referee.jar on run_22_vdhankar_jiayanwa #####
Move is valid
##### SUCCESS: /usr/lib/jvm/jdk-14.0.1/bin/java -jar /lab/itti/projects/checkers-competition/server/referee.jar on run_22_vdhankar_jiayanwa #####
INPUT for jiayanwa:
GAME
WHITE
295.39
.b.b...b
......b.
.b...w.b
........
........
w.w...w.
.w.....w
......w.
##### Running: /usr/bin/time -o time_22_vdhankar_jiayanwa.txt -f "%U" /usr/lib/jvm/jdk-14.0.1/bin/java homework > stulog.txt 2>&1 on jiayanwa #####
##### SUCCESS: /usr/bin/time -o time_22_vdhankar_jiayanwa.txt -f "%U" /usr/lib/jvm/jdk-14.0.1/bin/java homework > stulog.txt 2>&1 on jiayanwa #####
##### jiayanwa plays [E g1 f2] in 0.34s #####
##### Running: /usr/lib/jvm/jdk-14.0.1/bin/java -jar /lab/itti/projects/checkers-competition/server/referee.jar on run_22_vdhankar_jiayanwa #####
Move is valid
##### SUCCESS: /usr/lib/jvm/jdk-14.0.1/bin/java -jar /lab/itti/projects/checkers-competition/server/referee.jar on run_22_vdhankar_jiayanwa #####
INPUT for vdhankar:
GAME
BLACK
185.508593797684
.b.b...b
......b.
.b...w.b
........
........
w.w...w.
.w...w.w
........
##### Running: /usr/bin/time -o time_22_vdhankar_jiayanwa.txt -f "%U" python3 homework.py > stulog.txt 2>&1 on vdhankar #####
child exited with value 1
##### ERROR: /usr/bin/time -o time_22_vdhankar_jiayanwa.txt -f "%U" python3 homework.py > stulog.txt 2>&1 on vdhankar #####
##### Output of failed program (stdout + stderr): #####
Traceback (most recent call last):
  File "homework.py", line 546, in <module>
    print(end-start)
NameError: name 'end' is not defined
##### End of output of failed program #####
##### vdhankar plays [J g7 e5] in 7.80418610572815s #####
##### Running: /usr/lib/jvm/jdk-14.0.1/bin/java -jar /lab/itti/projects/checkers-competition/server/referee.jar on run_22_vdhankar_jiayanwa #####
Move is valid
##### SUCCESS: /usr/lib/jvm/jdk-14.0.1/bin/java -jar /lab/itti/projects/checkers-competition/server/referee.jar on run_22_vdhankar_jiayanwa #####
INPUT for jiayanwa:
GAME
WHITE
295.05
.b.b...b
........
.b.....b
....b...
........
w.w...w.
.w...w.w
........
##### Running: /usr/bin/time -o time_22_vdhankar_jiayanwa.txt -f "%U" /usr/lib/jvm/jdk-14.0.1/bin/java homework > stulog.txt 2>&1 on jiayanwa #####
##### SUCCESS: /usr/bin/time -o time_22_vdhankar_jiayanwa.txt -f "%U" /usr/lib/jvm/jdk-14.0.1/bin/java homework > stulog.txt 2>&1 on jiayanwa #####
##### jiayanwa plays [E f2 e3] in 0.46s #####
##### Running: /usr/lib/jvm/jdk-14.0.1/bin/java -jar /lab/itti/projects/checkers-competition/server/referee.jar on run_22_vdhankar_jiayanwa #####
Move is valid
##### SUCCESS: /usr/lib/jvm/jdk-14.0.1/bin/java -jar /lab/itti/projects/checkers-competition/server/referee.jar on run_22_vdhankar_jiayanwa #####
INPUT for vdhankar:
GAME
BLACK
177.704407691956
.b.b...b
........
.b.....b
....b...
........
w.w.w.w.
.w.....w
........
##### Running: /usr/bin/time -o time_22_vdhankar_jiayanwa.txt -f "%U" python3 homework.py > stulog.txt 2>&1 on vdhankar #####
child exited with value 1
##### ERROR: /usr/bin/time -o time_22_vdhankar_jiayanwa.txt -f "%U" python3 homework.py > stulog.txt 2>&1 on vdhankar #####
##### Output of failed program (stdout + stderr): #####
Traceback (most recent call last):
  File "homework.py", line 546, in <module>
    print(end-start)
NameError: name 'end' is not defined
##### End of output of failed program #####
##### vdhankar plays [E b6 c5] in 13.8065328598022s #####
##### Running: /usr/lib/jvm/jdk-14.0.1/bin/java -jar /lab/itti/projects/checkers-competition/server/referee.jar on run_22_vdhankar_jiayanwa #####
Move is valid
##### SUCCESS: /usr/lib/jvm/jdk-14.0.1/bin/java -jar /lab/itti/projects/checkers-competition/server/referee.jar on run_22_vdhankar_jiayanwa #####
INPUT for jiayanwa:
GAME
WHITE
294.59
.b.b...b
........
.......b
..b.b...
........
w.w.w.w.
.w.....w
........
##### Running: /usr/bin/time -o time_22_vdhankar_jiayanwa.txt -f "%U" /usr/lib/jvm/jdk-14.0.1/bin/java homework > stulog.txt 2>&1 on jiayanwa #####
##### SUCCESS: /usr/bin/time -o time_22_vdhankar_jiayanwa.txt -f "%U" /usr/lib/jvm/jdk-14.0.1/bin/java homework > stulog.txt 2>&1 on jiayanwa #####
##### jiayanwa plays [E e3 f4] in 0.44s #####
##### Running: /usr/lib/jvm/jdk-14.0.1/bin/java -jar /lab/itti/projects/checkers-competition/server/referee.jar on run_22_vdhankar_jiayanwa #####
Move is valid
##### SUCCESS: /usr/lib/jvm/jdk-14.0.1/bin/java -jar /lab/itti/projects/checkers-competition/server/referee.jar on run_22_vdhankar_jiayanwa #####
INPUT for vdhankar:
GAME
BLACK
163.897874832153
.b.b...b
........
.......b
..b.b...
.....w..
w.w...w.
.w.....w
........
##### Running: /usr/bin/time -o time_22_vdhankar_jiayanwa.txt -f "%U" python3 homework.py > stulog.txt 2>&1 on vdhankar #####
child exited with value 1
##### ERROR: /usr/bin/time -o time_22_vdhankar_jiayanwa.txt -f "%U" python3 homework.py > stulog.txt 2>&1 on vdhankar #####
##### Output of failed program (stdout + stderr): #####
Traceback (most recent call last):
  File "homework.py", line 546, in <module>
    print(end-start)
NameError: name 'end' is not defined
##### End of output of failed program #####
##### vdhankar plays [E e5 d4] in 2.98487210273743s #####
##### Running: /usr/lib/jvm/jdk-14.0.1/bin/java -jar /lab/itti/projects/checkers-competition/server/referee.jar on run_22_vdhankar_jiayanwa #####
Move is valid
##### SUCCESS: /usr/lib/jvm/jdk-14.0.1/bin/java -jar /lab/itti/projects/checkers-competition/server/referee.jar on run_22_vdhankar_jiayanwa #####
INPUT for jiayanwa:
GAME
WHITE
294.15
.b.b...b
........
.......b
..b.....
...b.w..
w.w...w.
.w.....w
........
##### Running: /usr/bin/time -o time_22_vdhankar_jiayanwa.txt -f "%U" /usr/lib/jvm/jdk-14.0.1/bin/java homework > stulog.txt 2>&1 on jiayanwa #####
##### SUCCESS: /usr/bin/time -o time_22_vdhankar_jiayanwa.txt -f "%U" /usr/lib/jvm/jdk-14.0.1/bin/java homework > stulog.txt 2>&1 on jiayanwa #####
##### jiayanwa plays [J c3 e5] in 0.35s #####
##### Running: /usr/lib/jvm/jdk-14.0.1/bin/java -jar /lab/itti/projects/checkers-competition/server/referee.jar on run_22_vdhankar_jiayanwa #####
Move is valid
##### SUCCESS: /usr/lib/jvm/jdk-14.0.1/bin/java -jar /lab/itti/projects/checkers-competition/server/referee.jar on run_22_vdhankar_jiayanwa #####
INPUT for vdhankar:
GAME
BLACK
160.913002729416
.b.b...b
........
.......b
..b.w...
.....w..
w.....w.
.w.....w
........
##### Running: /usr/bin/time -o time_22_vdhankar_jiayanwa.txt -f "%U" python3 homework.py > stulog.txt 2>&1 on vdhankar #####
child exited with value 1
##### ERROR: /usr/bin/time -o time_22_vdhankar_jiayanwa.txt -f "%U" python3 homework.py > stulog.txt 2>&1 on vdhankar #####
##### Output of failed program (stdout + stderr): #####
Traceback (most recent call last):
  File "homework.py", line 546, in <module>
    print(end-start)
NameError: name 'end' is not defined
##### End of output of failed program #####
##### vdhankar plays [E c5 d4] in 14.3137028217316s #####
##### Running: /usr/lib/jvm/jdk-14.0.1/bin/java -jar /lab/itti/projects/checkers-competition/server/referee.jar on run_22_vdhankar_jiayanwa #####
Move is valid
##### SUCCESS: /usr/lib/jvm/jdk-14.0.1/bin/java -jar /lab/itti/projects/checkers-competition/server/referee.jar on run_22_vdhankar_jiayanwa #####
INPUT for jiayanwa:
GAME
WHITE
293.8
.b.b...b
........
.......b
....w...
...b.w..
w.....w.
.w.....w
........
##### Running: /usr/bin/time -o time_22_vdhankar_jiayanwa.txt -f "%U" /usr/lib/jvm/jdk-14.0.1/bin/java homework > stulog.txt 2>&1 on jiayanwa #####
##### SUCCESS: /usr/bin/time -o time_22_vdhankar_jiayanwa.txt -f "%U" /usr/lib/jvm/jdk-14.0.1/bin/java homework > stulog.txt 2>&1 on jiayanwa #####
##### jiayanwa plays [E e5 d6] in 0.36s #####
##### Running: /usr/lib/jvm/jdk-14.0.1/bin/java -jar /lab/itti/projects/checkers-competition/server/referee.jar on run_22_vdhankar_jiayanwa #####
Move is valid
##### SUCCESS: /usr/lib/jvm/jdk-14.0.1/bin/java -jar /lab/itti/projects/checkers-competition/server/referee.jar on run_22_vdhankar_jiayanwa #####
INPUT for vdhankar:
GAME
BLACK
146.599299907684
.b.b...b
........
...w...b
........
...b.w..
w.....w.
.w.....w
........
##### Running: /usr/bin/time -o time_22_vdhankar_jiayanwa.txt -f "%U" python3 homework.py > stulog.txt 2>&1 on vdhankar #####
child exited with value 1
##### ERROR: /usr/bin/time -o time_22_vdhankar_jiayanwa.txt -f "%U" python3 homework.py > stulog.txt 2>&1 on vdhankar #####
##### Output of failed program (stdout + stderr): #####
Traceback (most recent call last):
  File "homework.py", line 546, in <module>
    print(end-start)
NameError: name 'end' is not defined
##### End of output of failed program #####
##### vdhankar plays [E d4 e3] in 12.6297500133514s #####
##### Running: /usr/lib/jvm/jdk-14.0.1/bin/java -jar /lab/itti/projects/checkers-competition/server/referee.jar on run_22_vdhankar_jiayanwa #####
Move is valid
##### SUCCESS: /usr/lib/jvm/jdk-14.0.1/bin/java -jar /lab/itti/projects/checkers-competition/server/referee.jar on run_22_vdhankar_jiayanwa #####
INPUT for jiayanwa:
GAME
WHITE
293.44
.b.b...b
........
...w...b
........
.....w..
w...b.w.
.w.....w
........
##### Running: /usr/bin/time -o time_22_vdhankar_jiayanwa.txt -f "%U" /usr/lib/jvm/jdk-14.0.1/bin/java homework > stulog.txt 2>&1 on jiayanwa #####
##### SUCCESS: /usr/bin/time -o time_22_vdhankar_jiayanwa.txt -f "%U" /usr/lib/jvm/jdk-14.0.1/bin/java homework > stulog.txt 2>&1 on jiayanwa #####
##### jiayanwa plays [E d6 c7] in 0.39s #####
##### Running: /usr/lib/jvm/jdk-14.0.1/bin/java -jar /lab/itti/projects/checkers-competition/server/referee.jar on run_22_vdhankar_jiayanwa #####
Move is valid
##### SUCCESS: /usr/lib/jvm/jdk-14.0.1/bin/java -jar /lab/itti/projects/checkers-competition/server/referee.jar on run_22_vdhankar_jiayanwa #####
INPUT for vdhankar:
GAME
BLACK
133.969549894333
.b.b...b
..w.....
.......b
........
.....w..
w...b.w.
.w.....w
........
##### Running: /usr/bin/time -o time_22_vdhankar_jiayanwa.txt -f "%U" python3 homework.py > stulog.txt 2>&1 on vdhankar #####
child exited with value 1
##### ERROR: /usr/bin/time -o time_22_vdhankar_jiayanwa.txt -f "%U" python3 homework.py > stulog.txt 2>&1 on vdhankar #####
##### Output of failed program (stdout + stderr): #####
Traceback (most recent call last):
  File "homework.py", line 546, in <module>
    print(end-start)
NameError: name 'end' is not defined
##### End of output of failed program #####
##### vdhankar plays [J d8 b6] in 6.714595079422s #####
##### Running: /usr/lib/jvm/jdk-14.0.1/bin/java -jar /lab/itti/projects/checkers-competition/server/referee.jar on run_22_vdhankar_jiayanwa #####
Move is valid
##### SUCCESS: /usr/lib/jvm/jdk-14.0.1/bin/java -jar /lab/itti/projects/checkers-competition/server/referee.jar on run_22_vdhankar_jiayanwa #####
INPUT for jiayanwa:
GAME
WHITE
293.05
.b.....b
........
.b.....b
........
.....w..
w...b.w.
.w.....w
........
##### Running: /usr/bin/time -o time_22_vdhankar_jiayanwa.txt -f "%U" /usr/lib/jvm/jdk-14.0.1/bin/java homework > stulog.txt 2>&1 on jiayanwa #####
##### SUCCESS: /usr/bin/time -o time_22_vdhankar_jiayanwa.txt -f "%U" /usr/lib/jvm/jdk-14.0.1/bin/java homework > stulog.txt 2>&1 on jiayanwa #####
##### jiayanwa plays [E a3 b4] in 0.42s #####
##### Running: /usr/lib/jvm/jdk-14.0.1/bin/java -jar /lab/itti/projects/checkers-competition/server/referee.jar on run_22_vdhankar_jiayanwa #####
Move is valid
##### SUCCESS: /usr/lib/jvm/jdk-14.0.1/bin/java -jar /lab/itti/projects/checkers-competition/server/referee.jar on run_22_vdhankar_jiayanwa #####
INPUT for vdhankar:
GAME
BLACK
127.254954814911
.b.....b
........
.b.....b
........
.w...w..
....b.w.
.w.....w
........
##### Running: /usr/bin/time -o time_22_vdhankar_jiayanwa.txt -f "%U" python3 homework.py > stulog.txt 2>&1 on vdhankar #####
child exited with value 1
##### ERROR: /usr/bin/time -o time_22_vdhankar_jiayanwa.txt -f "%U" python3 homework.py > stulog.txt 2>&1 on vdhankar #####
##### Output of failed program (stdout + stderr): #####
Traceback (most recent call last):
  File "homework.py", line 546, in <module>
    print(end-start)
NameError: name 'end' is not defined
##### End of output of failed program #####
##### vdhankar plays [E e3 f2] in 17.915463924408s #####
##### Running: /usr/lib/jvm/jdk-14.0.1/bin/java -jar /lab/itti/projects/checkers-competition/server/referee.jar on run_22_vdhankar_jiayanwa #####
Move is valid
##### SUCCESS: /usr/lib/jvm/jdk-14.0.1/bin/java -jar /lab/itti/projects/checkers-competition/server/referee.jar on run_22_vdhankar_jiayanwa #####
INPUT for jiayanwa:
GAME
WHITE
292.63
.b.....b
........
.b.....b
........
.w...w..
......w.
.w...b.w
........
##### Running: /usr/bin/time -o time_22_vdhankar_jiayanwa.txt -f "%U" /usr/lib/jvm/jdk-14.0.1/bin/java homework > stulog.txt 2>&1 on jiayanwa #####
##### SUCCESS: /usr/bin/time -o time_22_vdhankar_jiayanwa.txt -f "%U" /usr/lib/jvm/jdk-14.0.1/bin/java homework > stulog.txt 2>&1 on jiayanwa #####
##### jiayanwa plays [E b4 c5] in 0.36s #####
##### Running: /usr/lib/jvm/jdk-14.0.1/bin/java -jar /lab/itti/projects/checkers-competition/server/referee.jar on run_22_vdhankar_jiayanwa #####
Move is valid
##### SUCCESS: /usr/lib/jvm/jdk-14.0.1/bin/java -jar /lab/itti/projects/checkers-competition/server/referee.jar on run_22_vdhankar_jiayanwa #####
INPUT for vdhankar:
GAME
BLACK
109.339490890503
.b.....b
........
.b.....b
..w.....
.....w..
......w.
.w...b.w
........
##### Running: /usr/bin/time -o time_22_vdhankar_jiayanwa.txt -f "%U" python3 homework.py > stulog.txt 2>&1 on vdhankar #####
child exited with value 1
##### ERROR: /usr/bin/time -o time_22_vdhankar_jiayanwa.txt -f "%U" python3 homework.py > stulog.txt 2>&1 on vdhankar #####
##### Output of failed program (stdout + stderr): #####
Traceback (most recent call last):
  File "homework.py", line 546, in <module>
    print(end-start)
NameError: name 'end' is not defined
##### End of output of failed program #####
##### vdhankar plays [J b6 d4] in 4.74887204170227s #####
##### Running: /usr/lib/jvm/jdk-14.0.1/bin/java -jar /lab/itti/projects/checkers-competition/server/referee.jar on run_22_vdhankar_jiayanwa #####
Move is valid
##### SUCCESS: /usr/lib/jvm/jdk-14.0.1/bin/java -jar /lab/itti/projects/checkers-competition/server/referee.jar on run_22_vdhankar_jiayanwa #####
INPUT for jiayanwa:
GAME
WHITE
292.27
.b.....b
........
.......b
........
...b.w..
......w.
.w...b.w
........
##### Running: /usr/bin/time -o time_22_vdhankar_jiayanwa.txt -f "%U" /usr/lib/jvm/jdk-14.0.1/bin/java homework > stulog.txt 2>&1 on jiayanwa #####
##### SUCCESS: /usr/bin/time -o time_22_vdhankar_jiayanwa.txt -f "%U" /usr/lib/jvm/jdk-14.0.1/bin/java homework > stulog.txt 2>&1 on jiayanwa #####
##### jiayanwa plays [E b2 a3] in 0.34s #####
##### Running: /usr/lib/jvm/jdk-14.0.1/bin/java -jar /lab/itti/projects/checkers-competition/server/referee.jar on run_22_vdhankar_jiayanwa #####
Move is valid
##### SUCCESS: /usr/lib/jvm/jdk-14.0.1/bin/java -jar /lab/itti/projects/checkers-competition/server/referee.jar on run_22_vdhankar_jiayanwa #####
INPUT for vdhankar:
GAME
BLACK
104.590618848801
.b.....b
........
.......b
........
...b.w..
w.....w.
.....b.w
........
##### Running: /usr/bin/time -o time_22_vdhankar_jiayanwa.txt -f "%U" python3 homework.py > stulog.txt 2>&1 on vdhankar #####
child exited with value 1
##### ERROR: /usr/bin/time -o time_22_vdhankar_jiayanwa.txt -f "%U" python3 homework.py > stulog.txt 2>&1 on vdhankar #####
##### Output of failed program (stdout + stderr): #####
Traceback (most recent call last):
  File "homework.py", line 546, in <module>
    print(end-start)
NameError: name 'end' is not defined
##### End of output of failed program #####
##### vdhankar plays [E f2 g1] in 10.9650831222534s #####
##### Running: /usr/lib/jvm/jdk-14.0.1/bin/java -jar /lab/itti/projects/checkers-competition/server/referee.jar on run_22_vdhankar_jiayanwa #####
Move is valid
##### SUCCESS: /usr/lib/jvm/jdk-14.0.1/bin/java -jar /lab/itti/projects/checkers-competition/server/referee.jar on run_22_vdhankar_jiayanwa #####
INPUT for jiayanwa:
GAME
WHITE
291.93
.b.....b
........
.......b
........
...b.w..
w.....w.
.......w
......B.
##### Running: /usr/bin/time -o time_22_vdhankar_jiayanwa.txt -f "%U" /usr/lib/jvm/jdk-14.0.1/bin/java homework > stulog.txt 2>&1 on jiayanwa #####
##### SUCCESS: /usr/bin/time -o time_22_vdhankar_jiayanwa.txt -f "%U" /usr/lib/jvm/jdk-14.0.1/bin/java homework > stulog.txt 2>&1 on jiayanwa #####
##### jiayanwa plays [E a3 b4] in 0.34s #####
##### Running: /usr/lib/jvm/jdk-14.0.1/bin/java -jar /lab/itti/projects/checkers-competition/server/referee.jar on run_22_vdhankar_jiayanwa #####
Move is valid
##### SUCCESS: /usr/lib/jvm/jdk-14.0.1/bin/java -jar /lab/itti/projects/checkers-competition/server/referee.jar on run_22_vdhankar_jiayanwa #####
INPUT for vdhankar:
GAME
BLACK
93.6255357265472
.b.....b
........
.......b
........
.w.b.w..
......w.
.......w
......B.
##### Running: /usr/bin/time -o time_22_vdhankar_jiayanwa.txt -f "%U" python3 homework.py > stulog.txt 2>&1 on vdhankar #####
child exited with value 1
##### ERROR: /usr/bin/time -o time_22_vdhankar_jiayanwa.txt -f "%U" python3 homework.py > stulog.txt 2>&1 on vdhankar #####
##### Output of failed program (stdout + stderr): #####
Traceback (most recent call last):
  File "homework.py", line 546, in <module>
    print(end-start)
NameError: name 'end' is not defined
##### End of output of failed program #####
##### vdhankar plays [E g1 f2] in 13.1107001304626s #####
##### Running: /usr/lib/jvm/jdk-14.0.1/bin/java -jar /lab/itti/projects/checkers-competition/server/referee.jar on run_22_vdhankar_jiayanwa #####
Move is valid
##### SUCCESS: /usr/lib/jvm/jdk-14.0.1/bin/java -jar /lab/itti/projects/checkers-competition/server/referee.jar on run_22_vdhankar_jiayanwa #####
INPUT for jiayanwa:
GAME
WHITE
291.59
.b.....b
........
.......b
........
.w.b.w..
......w.
.....B.w
........
##### Running: /usr/bin/time -o time_22_vdhankar_jiayanwa.txt -f "%U" /usr/lib/jvm/jdk-14.0.1/bin/java homework > stulog.txt 2>&1 on jiayanwa #####
##### SUCCESS: /usr/bin/time -o time_22_vdhankar_jiayanwa.txt -f "%U" /usr/lib/jvm/jdk-14.0.1/bin/java homework > stulog.txt 2>&1 on jiayanwa #####
##### jiayanwa plays [E g3 h4] in 0.34s #####
##### Running: /usr/lib/jvm/jdk-14.0.1/bin/java -jar /lab/itti/projects/checkers-competition/server/referee.jar on run_22_vdhankar_jiayanwa #####
Move is valid
##### SUCCESS: /usr/lib/jvm/jdk-14.0.1/bin/java -jar /lab/itti/projects/checkers-competition/server/referee.jar on run_22_vdhankar_jiayanwa #####
INPUT for vdhankar:
GAME
BLACK
80.5148355960846
.b.....b
........
.......b
........
.w.b.w.w
........
.....B.w
........
##### Running: /usr/bin/time -o time_22_vdhankar_jiayanwa.txt -f "%U" python3 homework.py > stulog.txt 2>&1 on vdhankar #####
child exited with value 1
##### ERROR: /usr/bin/time -o time_22_vdhankar_jiayanwa.txt -f "%U" python3 homework.py > stulog.txt 2>&1 on vdhankar #####
##### Output of failed program (stdout + stderr): #####
Traceback (most recent call last):
  File "homework.py", line 546, in <module>
    print(end-start)
NameError: name 'end' is not defined
##### End of output of failed program #####
##### vdhankar plays [E f2 g1] in 12.5374190807343s #####
##### Running: /usr/lib/jvm/jdk-14.0.1/bin/java -jar /lab/itti/projects/checkers-competition/server/referee.jar on run_22_vdhankar_jiayanwa #####
Move is valid
##### SUCCESS: /usr/lib/jvm/jdk-14.0.1/bin/java -jar /lab/itti/projects/checkers-competition/server/referee.jar on run_22_vdhankar_jiayanwa #####
INPUT for jiayanwa:
GAME
WHITE
291.25
.b.....b
........
.......b
........
.w.b.w.w
........
.......w
......B.
##### Running: /usr/bin/time -o time_22_vdhankar_jiayanwa.txt -f "%U" /usr/lib/jvm/jdk-14.0.1/bin/java homework > stulog.txt 2>&1 on jiayanwa #####
##### SUCCESS: /usr/bin/time -o time_22_vdhankar_jiayanwa.txt -f "%U" /usr/lib/jvm/jdk-14.0.1/bin/java homework > stulog.txt 2>&1 on jiayanwa #####
##### jiayanwa plays [E b4 a5] in 0.53s #####
##### Running: /usr/lib/jvm/jdk-14.0.1/bin/java -jar /lab/itti/projects/checkers-competition/server/referee.jar on run_22_vdhankar_jiayanwa #####
Move is valid
##### SUCCESS: /usr/lib/jvm/jdk-14.0.1/bin/java -jar /lab/itti/projects/checkers-competition/server/referee.jar on run_22_vdhankar_jiayanwa #####
INPUT for vdhankar:
GAME
BLACK
67.9774165153503
.b.....b
........
.......b
w.......
...b.w.w
........
.......w
......B.
##### Running: /usr/bin/time -o time_22_vdhankar_jiayanwa.txt -f "%U" python3 homework.py > stulog.txt 2>&1 on vdhankar #####
child exited with value 1
##### ERROR: /usr/bin/time -o time_22_vdhankar_jiayanwa.txt -f "%U" python3 homework.py > stulog.txt 2>&1 on vdhankar #####
##### Output of failed program (stdout + stderr): #####
Traceback (most recent call last):
  File "homework.py", line 546, in <module>
    print(end-start)
NameError: name 'end' is not defined
##### End of output of failed program #####
##### vdhankar plays [E g1 f2] in 7.75634479522705s #####
##### Running: /usr/lib/jvm/jdk-14.0.1/bin/java -jar /lab/itti/projects/checkers-competition/server/referee.jar on run_22_vdhankar_jiayanwa #####
Move is valid
##### SUCCESS: /usr/lib/jvm/jdk-14.0.1/bin/java -jar /lab/itti/projects/checkers-competition/server/referee.jar on run_22_vdhankar_jiayanwa #####
INPUT for jiayanwa:
GAME
WHITE
290.72
.b.....b
........
.......b
w.......
...b.w.w
........
.....B.w
........
##### Running: /usr/bin/time -o time_22_vdhankar_jiayanwa.txt -f "%U" /usr/lib/jvm/jdk-14.0.1/bin/java homework > stulog.txt 2>&1 on jiayanwa #####
##### SUCCESS: /usr/bin/time -o time_22_vdhankar_jiayanwa.txt -f "%U" /usr/lib/jvm/jdk-14.0.1/bin/java homework > stulog.txt 2>&1 on jiayanwa #####
##### jiayanwa plays [E h2 g3] in 0.47s #####
##### Running: /usr/lib/jvm/jdk-14.0.1/bin/java -jar /lab/itti/projects/checkers-competition/server/referee.jar on run_22_vdhankar_jiayanwa #####
Move is valid
##### SUCCESS: /usr/lib/jvm/jdk-14.0.1/bin/java -jar /lab/itti/projects/checkers-competition/server/referee.jar on run_22_vdhankar_jiayanwa #####
INPUT for vdhankar:
GAME
BLACK
60.2210717201233
.b.....b
........
.......b
w.......
...b.w.w
......w.
.....B..
........
##### Running: /usr/bin/time -o time_22_vdhankar_jiayanwa.txt -f "%U" python3 homework.py > stulog.txt 2>&1 on vdhankar #####
child exited with value 1
##### ERROR: /usr/bin/time -o time_22_vdhankar_jiayanwa.txt -f "%U" python3 homework.py > stulog.txt 2>&1 on vdhankar #####
##### Output of failed program (stdout + stderr): #####
Traceback (most recent call last):
  File "homework.py", line 546, in <module>
    print(end-start)
NameError: name 'end' is not defined
##### End of output of failed program #####
##### vdhankar plays [E d4 e3] in 6.94127297401428s #####
##### Running: /usr/lib/jvm/jdk-14.0.1/bin/java -jar /lab/itti/projects/checkers-competition/server/referee.jar on run_22_vdhankar_jiayanwa #####
Move is valid
##### SUCCESS: /usr/lib/jvm/jdk-14.0.1/bin/java -jar /lab/itti/projects/checkers-competition/server/referee.jar on run_22_vdhankar_jiayanwa #####
INPUT for jiayanwa:
GAME
WHITE
290.25
.b.....b
........
.......b
w.......
.....w.w
....b.w.
.....B..
........
##### Running: /usr/bin/time -o time_22_vdhankar_jiayanwa.txt -f "%U" /usr/lib/jvm/jdk-14.0.1/bin/java homework > stulog.txt 2>&1 on jiayanwa #####
##### SUCCESS: /usr/bin/time -o time_22_vdhankar_jiayanwa.txt -f "%U" /usr/lib/jvm/jdk-14.0.1/bin/java homework > stulog.txt 2>&1 on jiayanwa #####
##### jiayanwa plays [E h4 g5] in 0.42s #####
##### Running: /usr/lib/jvm/jdk-14.0.1/bin/java -jar /lab/itti/projects/checkers-competition/server/referee.jar on run_22_vdhankar_jiayanwa #####
Move is valid
##### SUCCESS: /usr/lib/jvm/jdk-14.0.1/bin/java -jar /lab/itti/projects/checkers-competition/server/referee.jar on run_22_vdhankar_jiayanwa #####
INPUT for vdhankar:
GAME
BLACK
53.279798746109
.b.....b
........
.......b
w.....w.
.....w..
....b.w.
.....B..
........
##### Running: /usr/bin/time -o time_22_vdhankar_jiayanwa.txt -f "%U" python3 homework.py > stulog.txt 2>&1 on vdhankar #####
child exited with value 1
##### ERROR: /usr/bin/time -o time_22_vdhankar_jiayanwa.txt -f "%U" python3 homework.py > stulog.txt 2>&1 on vdhankar #####
##### Output of failed program (stdout + stderr): #####
Traceback (most recent call last):
  File "homework.py", line 546, in <module>
    print(end-start)
NameError: name 'end' is not defined
##### End of output of failed program #####
##### vdhankar plays [J f2 h4 ; J h4 f6] in 0.499644041061401s #####
##### Running: /usr/lib/jvm/jdk-14.0.1/bin/java -jar /lab/itti/projects/checkers-competition/server/referee.jar on run_22_vdhankar_jiayanwa #####
Move is valid
##### SUCCESS: /usr/lib/jvm/jdk-14.0.1/bin/java -jar /lab/itti/projects/checkers-competition/server/referee.jar on run_22_vdhankar_jiayanwa #####
INPUT for jiayanwa:
GAME
WHITE
289.83
.b.....b
........
.....B.b
w.......
.....w..
....b...
........
........
##### Running: /usr/bin/time -o time_22_vdhankar_jiayanwa.txt -f "%U" /usr/lib/jvm/jdk-14.0.1/bin/java homework > stulog.txt 2>&1 on jiayanwa #####
##### SUCCESS: /usr/bin/time -o time_22_vdhankar_jiayanwa.txt -f "%U" /usr/lib/jvm/jdk-14.0.1/bin/java homework > stulog.txt 2>&1 on jiayanwa #####
##### jiayanwa plays [E f4 e5] in 0.32s #####
##### Running: /usr/lib/jvm/jdk-14.0.1/bin/java -jar /lab/itti/projects/checkers-competition/server/referee.jar on run_22_vdhankar_jiayanwa #####
Move is valid
##### SUCCESS: /usr/lib/jvm/jdk-14.0.1/bin/java -jar /lab/itti/projects/checkers-competition/server/referee.jar on run_22_vdhankar_jiayanwa #####
INPUT for vdhankar:
GAME
BLACK
52.7801547050476
.b.....b
........
.....B.b
w...w...
........
....b...
........
........
##### Running: /usr/bin/time -o time_22_vdhankar_jiayanwa.txt -f "%U" python3 homework.py > stulog.txt 2>&1 on vdhankar #####
child exited with value 1
##### ERROR: /usr/bin/time -o time_22_vdhankar_jiayanwa.txt -f "%U" python3 homework.py > stulog.txt 2>&1 on vdhankar #####
##### Output of failed program (stdout + stderr): #####
Traceback (most recent call last):
  File "homework.py", line 546, in <module>
    print(end-start)
NameError: name 'end' is not defined
##### End of output of failed program #####
##### vdhankar plays [J f6 d4] in 0.427225828170776s #####
##### Running: /usr/lib/jvm/jdk-14.0.1/bin/java -jar /lab/itti/projects/checkers-competition/server/referee.jar on run_22_vdhankar_jiayanwa #####
Move is valid
##### SUCCESS: /usr/lib/jvm/jdk-14.0.1/bin/java -jar /lab/itti/projects/checkers-competition/server/referee.jar on run_22_vdhankar_jiayanwa #####
INPUT for jiayanwa:
GAME
WHITE
289.51
.b.....b
........
.......b
w.......
...B....
....b...
........
........
##### Running: /usr/bin/time -o time_22_vdhankar_jiayanwa.txt -f "%U" /usr/lib/jvm/jdk-14.0.1/bin/java homework > stulog.txt 2>&1 on jiayanwa #####
##### SUCCESS: /usr/bin/time -o time_22_vdhankar_jiayanwa.txt -f "%U" /usr/lib/jvm/jdk-14.0.1/bin/java homework > stulog.txt 2>&1 on jiayanwa #####
##### jiayanwa plays [E a5 b6] in 0.29s #####
##### Running: /usr/lib/jvm/jdk-14.0.1/bin/java -jar /lab/itti/projects/checkers-competition/server/referee.jar on run_22_vdhankar_jiayanwa #####
Move is valid
##### SUCCESS: /usr/lib/jvm/jdk-14.0.1/bin/java -jar /lab/itti/projects/checkers-competition/server/referee.jar on run_22_vdhankar_jiayanwa #####
INPUT for vdhankar:
GAME
BLACK
52.3529288768768
.b.....b
........
.w.....b
........
...B....
....b...
........
........
##### Running: /usr/bin/time -o time_22_vdhankar_jiayanwa.txt -f "%U" python3 homework.py > stulog.txt 2>&1 on vdhankar #####
child exited with value 1
##### ERROR: /usr/bin/time -o time_22_vdhankar_jiayanwa.txt -f "%U" python3 homework.py > stulog.txt 2>&1 on vdhankar #####
##### Output of failed program (stdout + stderr): #####
Traceback (most recent call last):
  File "homework.py", line 546, in <module>
    print(end-start)
NameError: name 'end' is not defined
##### End of output of failed program #####
##### vdhankar plays [E b8 a7] in 0.681166887283325s #####
##### Running: /usr/lib/jvm/jdk-14.0.1/bin/java -jar /lab/itti/projects/checkers-competition/server/referee.jar on run_22_vdhankar_jiayanwa #####
Move is valid
##### SUCCESS: /usr/lib/jvm/jdk-14.0.1/bin/java -jar /lab/itti/projects/checkers-competition/server/referee.jar on run_22_vdhankar_jiayanwa #####
INPUT for jiayanwa:
GAME
WHITE
289.22
.......b
b.......
.w.....b
........
...B....
....b...
........
........
##### Running: /usr/bin/time -o time_22_vdhankar_jiayanwa.txt -f "%U" /usr/lib/jvm/jdk-14.0.1/bin/java homework > stulog.txt 2>&1 on jiayanwa #####
##### SUCCESS: /usr/bin/time -o time_22_vdhankar_jiayanwa.txt -f "%U" /usr/lib/jvm/jdk-14.0.1/bin/java homework > stulog.txt 2>&1 on jiayanwa #####
##### jiayanwa plays [E b6 c7] in 0.29s #####
##### Running: /usr/lib/jvm/jdk-14.0.1/bin/java -jar /lab/itti/projects/checkers-competition/server/referee.jar on run_22_vdhankar_jiayanwa #####
Move is valid
##### SUCCESS: /usr/lib/jvm/jdk-14.0.1/bin/java -jar /lab/itti/projects/checkers-competition/server/referee.jar on run_22_vdhankar_jiayanwa #####
INPUT for vdhankar:
GAME
BLACK
51.6717619895935
.......b
b.w.....
.......b
........
...B....
....b...
........
........
##### Running: /usr/bin/time -o time_22_vdhankar_jiayanwa.txt -f "%U" python3 homework.py > stulog.txt 2>&1 on vdhankar #####
child exited with value 1
##### ERROR: /usr/bin/time -o time_22_vdhankar_jiayanwa.txt -f "%U" python3 homework.py > stulog.txt 2>&1 on vdhankar #####
##### Output of failed program (stdout + stderr): #####
Traceback (most recent call last):
  File "homework.py", line 546, in <module>
    print(end-start)
NameError: name 'end' is not defined
##### End of output of failed program #####
##### vdhankar plays [E d4 c5] in 3.11007404327393s #####
##### Running: /usr/lib/jvm/jdk-14.0.1/bin/java -jar /lab/itti/projects/checkers-competition/server/referee.jar on run_22_vdhankar_jiayanwa #####
Move is valid
##### SUCCESS: /usr/lib/jvm/jdk-14.0.1/bin/java -jar /lab/itti/projects/checkers-competition/server/referee.jar on run_22_vdhankar_jiayanwa #####
INPUT for jiayanwa:
GAME
WHITE
288.93
.......b
b.w.....
.......b
..B.....
........
....b...
........
........
##### Running: /usr/bin/time -o time_22_vdhankar_jiayanwa.txt -f "%U" /usr/lib/jvm/jdk-14.0.1/bin/java homework > stulog.txt 2>&1 on jiayanwa #####
##### SUCCESS: /usr/bin/time -o time_22_vdhankar_jiayanwa.txt -f "%U" /usr/lib/jvm/jdk-14.0.1/bin/java homework > stulog.txt 2>&1 on jiayanwa #####
##### jiayanwa plays [E c7 b8] in 0.38s #####
##### Running: /usr/lib/jvm/jdk-14.0.1/bin/java -jar /lab/itti/projects/checkers-competition/server/referee.jar on run_22_vdhankar_jiayanwa #####
Move is valid
##### SUCCESS: /usr/lib/jvm/jdk-14.0.1/bin/java -jar /lab/itti/projects/checkers-competition/server/referee.jar on run_22_vdhankar_jiayanwa #####
INPUT for vdhankar:
GAME
BLACK
48.5616879463196
.W.....b
b.......
.......b
..B.....
........
....b...
........
........
##### Running: /usr/bin/time -o time_22_vdhankar_jiayanwa.txt -f "%U" python3 homework.py > stulog.txt 2>&1 on vdhankar #####
child exited with value 1
##### ERROR: /usr/bin/time -o time_22_vdhankar_jiayanwa.txt -f "%U" python3 homework.py > stulog.txt 2>&1 on vdhankar #####
##### Output of failed program (stdout + stderr): #####
Traceback (most recent call last):
  File "homework.py", line 546, in <module>
    print(end-start)
NameError: name 'end' is not defined
##### End of output of failed program #####
##### vdhankar plays [E h8 g7] in 0.399097919464111s #####
##### Running: /usr/lib/jvm/jdk-14.0.1/bin/java -jar /lab/itti/projects/checkers-competition/server/referee.jar on run_22_vdhankar_jiayanwa #####
Move is valid
##### SUCCESS: /usr/lib/jvm/jdk-14.0.1/bin/java -jar /lab/itti/projects/checkers-competition/server/referee.jar on run_22_vdhankar_jiayanwa #####
INPUT for jiayanwa:
GAME
WHITE
288.55
.W......
b.....b.
.......b
..B.....
........
....b...
........
........
##### Running: /usr/bin/time -o time_22_vdhankar_jiayanwa.txt -f "%U" /usr/lib/jvm/jdk-14.0.1/bin/java homework > stulog.txt 2>&1 on jiayanwa #####
##### SUCCESS: /usr/bin/time -o time_22_vdhankar_jiayanwa.txt -f "%U" /usr/lib/jvm/jdk-14.0.1/bin/java homework > stulog.txt 2>&1 on jiayanwa #####
##### jiayanwa plays [E b8 c7] in 0.35s #####
##### Running: /usr/lib/jvm/jdk-14.0.1/bin/java -jar /lab/itti/projects/checkers-competition/server/referee.jar on run_22_vdhankar_jiayanwa #####
Move is valid
##### SUCCESS: /usr/lib/jvm/jdk-14.0.1/bin/java -jar /lab/itti/projects/checkers-competition/server/referee.jar on run_22_vdhankar_jiayanwa #####
INPUT for vdhankar:
GAME
BLACK
48.1625900268555
........
b.W...b.
.......b
..B.....
........
....b...
........
........
##### Running: /usr/bin/time -o time_22_vdhankar_jiayanwa.txt -f "%U" python3 homework.py > stulog.txt 2>&1 on vdhankar #####
child exited with value 1
##### ERROR: /usr/bin/time -o time_22_vdhankar_jiayanwa.txt -f "%U" python3 homework.py > stulog.txt 2>&1 on vdhankar #####
##### Output of failed program (stdout + stderr): #####
Traceback (most recent call last):
  File "homework.py", line 546, in <module>
    print(end-start)
NameError: name 'end' is not defined
##### End of output of failed program #####
##### vdhankar plays [E a7 b6] in 0.333651065826416s #####
##### Running: /usr/lib/jvm/jdk-14.0.1/bin/java -jar /lab/itti/projects/checkers-competition/server/referee.jar on run_22_vdhankar_jiayanwa #####
Move is valid
##### SUCCESS: /usr/lib/jvm/jdk-14.0.1/bin/java -jar /lab/itti/projects/checkers-competition/server/referee.jar on run_22_vdhankar_jiayanwa #####
INPUT for jiayanwa:
GAME
WHITE
288.2
........
..W...b.
.b.....b
..B.....
........
....b...
........
........
##### Running: /usr/bin/time -o time_22_vdhankar_jiayanwa.txt -f "%U" /usr/lib/jvm/jdk-14.0.1/bin/java homework > stulog.txt 2>&1 on jiayanwa #####
##### SUCCESS: /usr/bin/time -o time_22_vdhankar_jiayanwa.txt -f "%U" /usr/lib/jvm/jdk-14.0.1/bin/java homework > stulog.txt 2>&1 on jiayanwa #####
##### jiayanwa plays [J c7 a5] in 0.31s #####
##### Running: /usr/lib/jvm/jdk-14.0.1/bin/java -jar /lab/itti/projects/checkers-competition/server/referee.jar on run_22_vdhankar_jiayanwa #####
Move is valid
##### SUCCESS: /usr/lib/jvm/jdk-14.0.1/bin/java -jar /lab/itti/projects/checkers-competition/server/referee.jar on run_22_vdhankar_jiayanwa #####
INPUT for vdhankar:
GAME
BLACK
47.8289389610291
........
......b.
.......b
W.B.....
........
....b...
........
........
##### Running: /usr/bin/time -o time_22_vdhankar_jiayanwa.txt -f "%U" python3 homework.py > stulog.txt 2>&1 on vdhankar #####
child exited with value 1
##### ERROR: /usr/bin/time -o time_22_vdhankar_jiayanwa.txt -f "%U" python3 homework.py > stulog.txt 2>&1 on vdhankar #####
##### Output of failed program (stdout + stderr): #####
Traceback (most recent call last):
  File "homework.py", line 546, in <module>
    print(end-start)
NameError: name 'end' is not defined
##### End of output of failed program #####
##### vdhankar plays [E g7 f6] in 0.332939863204956s #####
##### Running: /usr/lib/jvm/jdk-14.0.1/bin/java -jar /lab/itti/projects/checkers-competition/server/referee.jar on run_22_vdhankar_jiayanwa #####
Move is valid
##### SUCCESS: /usr/lib/jvm/jdk-14.0.1/bin/java -jar /lab/itti/projects/checkers-competition/server/referee.jar on run_22_vdhankar_jiayanwa #####
INPUT for jiayanwa:
GAME
WHITE
287.89
........
........
.....b.b
W.B.....
........
....b...
........
........
##### Running: /usr/bin/time -o time_22_vdhankar_jiayanwa.txt -f "%U" /usr/lib/jvm/jdk-14.0.1/bin/java homework > stulog.txt 2>&1 on jiayanwa #####
##### SUCCESS: /usr/bin/time -o time_22_vdhankar_jiayanwa.txt -f "%U" /usr/lib/jvm/jdk-14.0.1/bin/java homework > stulog.txt 2>&1 on jiayanwa #####
##### jiayanwa plays [E a5 b4] in 0.3s #####
##### Running: /usr/lib/jvm/jdk-14.0.1/bin/java -jar /lab/itti/projects/checkers-competition/server/referee.jar on run_22_vdhankar_jiayanwa #####
Move is valid
##### SUCCESS: /usr/lib/jvm/jdk-14.0.1/bin/java -jar /lab/itti/projects/checkers-competition/server/referee.jar on run_22_vdhankar_jiayanwa #####
INPUT for vdhankar:
GAME
BLACK
47.4959990978241
........
........
.....b.b
..B.....
.W......
....b...
........
........
##### Running: /usr/bin/time -o time_22_vdhankar_jiayanwa.txt -f "%U" python3 homework.py > stulog.txt 2>&1 on vdhankar #####
child exited with value 1
##### ERROR: /usr/bin/time -o time_22_vdhankar_jiayanwa.txt -f "%U" python3 homework.py > stulog.txt 2>&1 on vdhankar #####
##### Output of failed program (stdout + stderr): #####
Traceback (most recent call last):
  File "homework.py", line 546, in <module>
    print(end-start)
NameError: name 'end' is not defined
##### End of output of failed program #####
##### vdhankar plays [J c5 a3] in 0.435175895690918s #####
##### Running: /usr/lib/jvm/jdk-14.0.1/bin/java -jar /lab/itti/projects/checkers-competition/server/referee.jar on run_22_vdhankar_jiayanwa #####
Move is valid
After this move, player WHITE cannot make any moves
*** Winner: BLACK ***
##### SUCCESS: /usr/lib/jvm/jdk-14.0.1/bin/java -jar /lab/itti/projects/checkers-competition/server/referee.jar on run_22_vdhankar_jiayanwa #####
##### GAME OVER: vdhankar wins the game! #####
Server said: WIN
########## ROUND 22 GAMESCORE AFTER GAME 4: vdhankar=4 and jiayanwa=0 ##########


########## GRAND WINNER ROUND 22 IS vdhankar BY 4 vs 0 GAMESCORE ##########
