#################### ROUND 22: vdhankar (B) vs irward (W): game 1 ####################
##### game start! #####
INPUT for vdhankar:
GAME
BLACK
300
.b.b.b.b
b.b.b.b.
.b.b.b.b
........
........
w.w.w.w.
.w.w.w.w
w.w.w.w.
##### Running: /usr/bin/time -o time_22_vdhankar_irward.txt -f "%U" python3 homework.py > stulog.txt 2>&1 on vdhankar #####
child exited with value 1
##### ERROR: /usr/bin/time -o time_22_vdhankar_irward.txt -f "%U" python3 homework.py > stulog.txt 2>&1 on vdhankar #####
##### Output of failed program (stdout + stderr): #####
Traceback (most recent call last):
  File "homework.py", line 546, in <module>
    print(end-start)
NameError: name 'end' is not defined
##### End of output of failed program #####
##### vdhankar plays [E h6 g5] in 11.8575689792633s #####
##### Running: /usr/lib/jvm/jdk-14.0.1/bin/java -jar /lab/itti/projects/checkers-competition/server/referee.jar on run_22_vdhankar_irward #####
Move is valid
Couldn't read file 'current_ply.txt'
Couldn't read content from file 'current_ply.txt'
Couldn't read file 'lastmatchange_ply.txt'
Couldn't read content from file 'lastmatchange_ply.txt'
##### SUCCESS: /usr/lib/jvm/jdk-14.0.1/bin/java -jar /lab/itti/projects/checkers-competition/server/referee.jar on run_22_vdhankar_irward #####
INPUT for irward:
GAME
WHITE
300
.b.b.b.b
b.b.b.b.
.b.b.b..
......b.
........
w.w.w.w.
.w.w.w.w
w.w.w.w.
##### Running: /usr/bin/time -o time_22_vdhankar_irward.txt -f "%U" ./homework > stulog.txt 2>&1 on irward #####
##### SUCCESS: /usr/bin/time -o time_22_vdhankar_irward.txt -f "%U" ./homework > stulog.txt 2>&1 on irward #####
##### irward plays [E e3 f4] in 0.036592960357666s #####
##### Running: /usr/lib/jvm/jdk-14.0.1/bin/java -jar /lab/itti/projects/checkers-competition/server/referee.jar on run_22_vdhankar_irward #####
Move is valid
##### SUCCESS: /usr/lib/jvm/jdk-14.0.1/bin/java -jar /lab/itti/projects/checkers-competition/server/referee.jar on run_22_vdhankar_irward #####
INPUT for vdhankar:
GAME
BLACK
288.142431020737
.b.b.b.b
b.b.b.b.
.b.b.b..
......b.
.....w..
w.w...w.
.w.w.w.w
w.w.w.w.
##### Running: /usr/bin/time -o time_22_vdhankar_irward.txt -f "%U" python3 homework.py > stulog.txt 2>&1 on vdhankar #####
child exited with value 1
##### ERROR: /usr/bin/time -o time_22_vdhankar_irward.txt -f "%U" python3 homework.py > stulog.txt 2>&1 on vdhankar #####
##### Output of failed program (stdout + stderr): #####
Traceback (most recent call last):
  File "homework.py", line 546, in <module>
    print(end-start)
NameError: name 'end' is not defined
##### End of output of failed program #####
##### vdhankar plays [J g5 e3] in 3.38176584243774s #####
##### Running: /usr/lib/jvm/jdk-14.0.1/bin/java -jar /lab/itti/projects/checkers-competition/server/referee.jar on run_22_vdhankar_irward #####
Move is valid
##### SUCCESS: /usr/lib/jvm/jdk-14.0.1/bin/java -jar /lab/itti/projects/checkers-competition/server/referee.jar on run_22_vdhankar_irward #####
INPUT for irward:
GAME
WHITE
299.963407039642
.b.b.b.b
b.b.b.b.
.b.b.b..
........
........
w.w.b.w.
.w.w.w.w
w.w.w.w.
##### Running: /usr/bin/time -o time_22_vdhankar_irward.txt -f "%U" ./homework > stulog.txt 2>&1 on irward #####
##### SUCCESS: /usr/bin/time -o time_22_vdhankar_irward.txt -f "%U" ./homework > stulog.txt 2>&1 on irward #####
##### irward plays [J f2 d4] in 0.0123329162597656s #####
##### Running: /usr/lib/jvm/jdk-14.0.1/bin/java -jar /lab/itti/projects/checkers-competition/server/referee.jar on run_22_vdhankar_irward #####
Move is valid
##### SUCCESS: /usr/lib/jvm/jdk-14.0.1/bin/java -jar /lab/itti/projects/checkers-competition/server/referee.jar on run_22_vdhankar_irward #####
INPUT for vdhankar:
GAME
BLACK
284.760665178299
.b.b.b.b
b.b.b.b.
.b.b.b..
........
...w....
w.w...w.
.w.w...w
w.w.w.w.
##### Running: /usr/bin/time -o time_22_vdhankar_irward.txt -f "%U" python3 homework.py > stulog.txt 2>&1 on vdhankar #####
child exited with value 1
##### ERROR: /usr/bin/time -o time_22_vdhankar_irward.txt -f "%U" python3 homework.py > stulog.txt 2>&1 on vdhankar #####
##### Output of failed program (stdout + stderr): #####
Traceback (most recent call last):
  File "homework.py", line 546, in <module>
    print(end-start)
NameError: name 'end' is not defined
##### End of output of failed program #####
##### vdhankar plays [E f6 e5] in 8.0167670249939s #####
##### Running: /usr/lib/jvm/jdk-14.0.1/bin/java -jar /lab/itti/projects/checkers-competition/server/referee.jar on run_22_vdhankar_irward #####
Move is valid
##### SUCCESS: /usr/lib/jvm/jdk-14.0.1/bin/java -jar /lab/itti/projects/checkers-competition/server/referee.jar on run_22_vdhankar_irward #####
INPUT for irward:
GAME
WHITE
299.951074123383
.b.b.b.b
b.b.b.b.
.b.b....
....b...
...w....
w.w...w.
.w.w...w
w.w.w.w.
##### Running: /usr/bin/time -o time_22_vdhankar_irward.txt -f "%U" ./homework > stulog.txt 2>&1 on irward #####
##### SUCCESS: /usr/bin/time -o time_22_vdhankar_irward.txt -f "%U" ./homework > stulog.txt 2>&1 on irward #####
##### irward plays [J d4 f6] in 0.0158491134643555s #####
##### Running: /usr/lib/jvm/jdk-14.0.1/bin/java -jar /lab/itti/projects/checkers-competition/server/referee.jar on run_22_vdhankar_irward #####
Move is valid
##### SUCCESS: /usr/lib/jvm/jdk-14.0.1/bin/java -jar /lab/itti/projects/checkers-competition/server/referee.jar on run_22_vdhankar_irward #####
INPUT for vdhankar:
GAME
BLACK
276.743898153305
.b.b.b.b
b.b.b.b.
.b.b.w..
........
........
w.w...w.
.w.w...w
w.w.w.w.
##### Running: /usr/bin/time -o time_22_vdhankar_irward.txt -f "%U" python3 homework.py > stulog.txt 2>&1 on vdhankar #####
child exited with value 1
##### ERROR: /usr/bin/time -o time_22_vdhankar_irward.txt -f "%U" python3 homework.py > stulog.txt 2>&1 on vdhankar #####
##### Output of failed program (stdout + stderr): #####
Traceback (most recent call last):
  File "homework.py", line 546, in <module>
    print(end-start)
NameError: name 'end' is not defined
##### End of output of failed program #####
##### vdhankar plays [J g7 e5] in 21.0073940753937s #####
##### Running: /usr/lib/jvm/jdk-14.0.1/bin/java -jar /lab/itti/projects/checkers-competition/server/referee.jar on run_22_vdhankar_irward #####
Move is valid
##### SUCCESS: /usr/lib/jvm/jdk-14.0.1/bin/java -jar /lab/itti/projects/checkers-competition/server/referee.jar on run_22_vdhankar_irward #####
INPUT for irward:
GAME
WHITE
299.935225009918
.b.b.b.b
b.b.b...
.b.b....
....b...
........
w.w...w.
.w.w...w
w.w.w.w.
##### Running: /usr/bin/time -o time_22_vdhankar_irward.txt -f "%U" ./homework > stulog.txt 2>&1 on irward #####
##### SUCCESS: /usr/bin/time -o time_22_vdhankar_irward.txt -f "%U" ./homework > stulog.txt 2>&1 on irward #####
##### irward plays [E g3 f4] in 0.0424339771270752s #####
##### Running: /usr/lib/jvm/jdk-14.0.1/bin/java -jar /lab/itti/projects/checkers-competition/server/referee.jar on run_22_vdhankar_irward #####
Move is valid
##### SUCCESS: /usr/lib/jvm/jdk-14.0.1/bin/java -jar /lab/itti/projects/checkers-competition/server/referee.jar on run_22_vdhankar_irward #####
INPUT for vdhankar:
GAME
BLACK
255.736504077911
.b.b.b.b
b.b.b...
.b.b....
....b...
.....w..
w.w.....
.w.w...w
w.w.w.w.
##### Running: /usr/bin/time -o time_22_vdhankar_irward.txt -f "%U" python3 homework.py > stulog.txt 2>&1 on vdhankar #####
child exited with value 1
##### ERROR: /usr/bin/time -o time_22_vdhankar_irward.txt -f "%U" python3 homework.py > stulog.txt 2>&1 on vdhankar #####
##### Output of failed program (stdout + stderr): #####
Traceback (most recent call last):
  File "homework.py", line 546, in <module>
    print(end-start)
NameError: name 'end' is not defined
##### End of output of failed program #####
##### vdhankar plays [J e5 g3] in 4.4246678352356s #####
##### Running: /usr/lib/jvm/jdk-14.0.1/bin/java -jar /lab/itti/projects/checkers-competition/server/referee.jar on run_22_vdhankar_irward #####
Move is valid
##### SUCCESS: /usr/lib/jvm/jdk-14.0.1/bin/java -jar /lab/itti/projects/checkers-competition/server/referee.jar on run_22_vdhankar_irward #####
INPUT for irward:
GAME
WHITE
299.892791032791
.b.b.b.b
b.b.b...
.b.b....
........
........
w.w...b.
.w.w...w
w.w.w.w.
##### Running: /usr/bin/time -o time_22_vdhankar_irward.txt -f "%U" ./homework > stulog.txt 2>&1 on irward #####
##### SUCCESS: /usr/bin/time -o time_22_vdhankar_irward.txt -f "%U" ./homework > stulog.txt 2>&1 on irward #####
##### irward plays [J h2 f4] in 0.0104539394378662s #####
##### Running: /usr/lib/jvm/jdk-14.0.1/bin/java -jar /lab/itti/projects/checkers-competition/server/referee.jar on run_22_vdhankar_irward #####
Move is valid
##### SUCCESS: /usr/lib/jvm/jdk-14.0.1/bin/java -jar /lab/itti/projects/checkers-competition/server/referee.jar on run_22_vdhankar_irward #####
INPUT for vdhankar:
GAME
BLACK
251.311836242676
.b.b.b.b
b.b.b...
.b.b....
........
.....w..
w.w.....
.w.w....
w.w.w.w.
##### Running: /usr/bin/time -o time_22_vdhankar_irward.txt -f "%U" python3 homework.py > stulog.txt 2>&1 on vdhankar #####
child exited with value 1
##### ERROR: /usr/bin/time -o time_22_vdhankar_irward.txt -f "%U" python3 homework.py > stulog.txt 2>&1 on vdhankar #####
##### Output of failed program (stdout + stderr): #####
Traceback (most recent call last):
  File "homework.py", line 546, in <module>
    print(end-start)
NameError: name 'end' is not defined
##### End of output of failed program #####
##### vdhankar plays [E d6 c5] in 26.3661561012268s #####
##### Running: /usr/lib/jvm/jdk-14.0.1/bin/java -jar /lab/itti/projects/checkers-competition/server/referee.jar on run_22_vdhankar_irward #####
Move is valid
##### SUCCESS: /usr/lib/jvm/jdk-14.0.1/bin/java -jar /lab/itti/projects/checkers-competition/server/referee.jar on run_22_vdhankar_irward #####
INPUT for irward:
GAME
WHITE
299.882337093353
.b.b.b.b
b.b.b...
.b......
..b.....
.....w..
w.w.....
.w.w....
w.w.w.w.
##### Running: /usr/bin/time -o time_22_vdhankar_irward.txt -f "%U" ./homework > stulog.txt 2>&1 on irward #####
##### SUCCESS: /usr/bin/time -o time_22_vdhankar_irward.txt -f "%U" ./homework > stulog.txt 2>&1 on irward #####
##### irward plays [E g1 f2] in 0.0253100395202637s #####
##### Running: /usr/lib/jvm/jdk-14.0.1/bin/java -jar /lab/itti/projects/checkers-competition/server/referee.jar on run_22_vdhankar_irward #####
Move is valid
##### SUCCESS: /usr/lib/jvm/jdk-14.0.1/bin/java -jar /lab/itti/projects/checkers-competition/server/referee.jar on run_22_vdhankar_irward #####
INPUT for vdhankar:
GAME
BLACK
224.945680141449
.b.b.b.b
b.b.b...
.b......
..b.....
.....w..
w.w.....
.w.w.w..
w.w.w...
##### Running: /usr/bin/time -o time_22_vdhankar_irward.txt -f "%U" python3 homework.py > stulog.txt 2>&1 on vdhankar #####
child exited with value 1
##### ERROR: /usr/bin/time -o time_22_vdhankar_irward.txt -f "%U" python3 homework.py > stulog.txt 2>&1 on vdhankar #####
##### Output of failed program (stdout + stderr): #####
Traceback (most recent call last):
  File "homework.py", line 546, in <module>
    print(end-start)
NameError: name 'end' is not defined
##### End of output of failed program #####
##### vdhankar plays [E b6 a5] in 23.0395700931549s #####
##### Running: /usr/lib/jvm/jdk-14.0.1/bin/java -jar /lab/itti/projects/checkers-competition/server/referee.jar on run_22_vdhankar_irward #####
Move is valid
##### SUCCESS: /usr/lib/jvm/jdk-14.0.1/bin/java -jar /lab/itti/projects/checkers-competition/server/referee.jar on run_22_vdhankar_irward #####
INPUT for irward:
GAME
WHITE
299.857027053833
.b.b.b.b
b.b.b...
........
b.b.....
.....w..
w.w.....
.w.w.w..
w.w.w...
##### Running: /usr/bin/time -o time_22_vdhankar_irward.txt -f "%U" ./homework > stulog.txt 2>&1 on irward #####
##### SUCCESS: /usr/bin/time -o time_22_vdhankar_irward.txt -f "%U" ./homework > stulog.txt 2>&1 on irward #####
##### irward plays [E c3 b4] in 0.0355470180511475s #####
##### Running: /usr/lib/jvm/jdk-14.0.1/bin/java -jar /lab/itti/projects/checkers-competition/server/referee.jar on run_22_vdhankar_irward #####
Move is valid
##### SUCCESS: /usr/lib/jvm/jdk-14.0.1/bin/java -jar /lab/itti/projects/checkers-competition/server/referee.jar on run_22_vdhankar_irward #####
INPUT for vdhankar:
GAME
BLACK
201.906110048294
.b.b.b.b
b.b.b...
........
b.b.....
.w...w..
w.......
.w.w.w..
w.w.w...
##### Running: /usr/bin/time -o time_22_vdhankar_irward.txt -f "%U" python3 homework.py > stulog.txt 2>&1 on vdhankar #####
child exited with value 1
##### ERROR: /usr/bin/time -o time_22_vdhankar_irward.txt -f "%U" python3 homework.py > stulog.txt 2>&1 on vdhankar #####
##### Output of failed program (stdout + stderr): #####
Traceback (most recent call last):
  File "homework.py", line 546, in <module>
    print(end-start)
NameError: name 'end' is not defined
##### End of output of failed program #####
##### vdhankar plays [J a5 c3] in 1.48755884170532s #####
##### Running: /usr/lib/jvm/jdk-14.0.1/bin/java -jar /lab/itti/projects/checkers-competition/server/referee.jar on run_22_vdhankar_irward #####
Move is valid
##### SUCCESS: /usr/lib/jvm/jdk-14.0.1/bin/java -jar /lab/itti/projects/checkers-competition/server/referee.jar on run_22_vdhankar_irward #####
INPUT for irward:
GAME
WHITE
299.821480035782
.b.b.b.b
b.b.b...
........
..b.....
.....w..
w.b.....
.w.w.w..
w.w.w...
##### Running: /usr/bin/time -o time_22_vdhankar_irward.txt -f "%U" ./homework > stulog.txt 2>&1 on irward #####
##### SUCCESS: /usr/bin/time -o time_22_vdhankar_irward.txt -f "%U" ./homework > stulog.txt 2>&1 on irward #####
##### irward plays [J d2 b4 ; J b4 d6] in 0.0160071849822998s #####
##### Running: /usr/lib/jvm/jdk-14.0.1/bin/java -jar /lab/itti/projects/checkers-competition/server/referee.jar on run_22_vdhankar_irward #####
Move is valid
##### SUCCESS: /usr/lib/jvm/jdk-14.0.1/bin/java -jar /lab/itti/projects/checkers-competition/server/referee.jar on run_22_vdhankar_irward #####
INPUT for vdhankar:
GAME
BLACK
200.418551206589
.b.b.b.b
b.b.b...
...w....
........
.....w..
w.......
.w...w..
w.w.w...
##### Running: /usr/bin/time -o time_22_vdhankar_irward.txt -f "%U" python3 homework.py > stulog.txt 2>&1 on vdhankar #####
child exited with value 1
##### ERROR: /usr/bin/time -o time_22_vdhankar_irward.txt -f "%U" python3 homework.py > stulog.txt 2>&1 on vdhankar #####
##### Output of failed program (stdout + stderr): #####
Traceback (most recent call last):
  File "homework.py", line 546, in <module>
    print(end-start)
NameError: name 'end' is not defined
##### End of output of failed program #####
##### vdhankar plays [J c7 e5 ; J e5 g3] in 8.1378288269043s #####
##### Running: /usr/lib/jvm/jdk-14.0.1/bin/java -jar /lab/itti/projects/checkers-competition/server/referee.jar on run_22_vdhankar_irward #####
Move is valid
##### SUCCESS: /usr/lib/jvm/jdk-14.0.1/bin/java -jar /lab/itti/projects/checkers-competition/server/referee.jar on run_22_vdhankar_irward #####
INPUT for irward:
GAME
WHITE
299.8054728508
.b.b.b.b
b...b...
........
........
........
w.....b.
.w...w..
w.w.w...
##### Running: /usr/bin/time -o time_22_vdhankar_irward.txt -f "%U" ./homework > stulog.txt 2>&1 on irward #####
##### SUCCESS: /usr/bin/time -o time_22_vdhankar_irward.txt -f "%U" ./homework > stulog.txt 2>&1 on irward #####
##### irward plays [J f2 h4] in 0.0132110118865967s #####
##### Running: /usr/lib/jvm/jdk-14.0.1/bin/java -jar /lab/itti/projects/checkers-competition/server/referee.jar on run_22_vdhankar_irward #####
Move is valid
##### SUCCESS: /usr/lib/jvm/jdk-14.0.1/bin/java -jar /lab/itti/projects/checkers-competition/server/referee.jar on run_22_vdhankar_irward #####
INPUT for vdhankar:
GAME
BLACK
192.280722379684
.b.b.b.b
b...b...
........
........
.......w
w.......
.w......
w.w.w...
##### Running: /usr/bin/time -o time_22_vdhankar_irward.txt -f "%U" python3 homework.py > stulog.txt 2>&1 on vdhankar #####
child exited with value 1
##### ERROR: /usr/bin/time -o time_22_vdhankar_irward.txt -f "%U" python3 homework.py > stulog.txt 2>&1 on vdhankar #####
##### Output of failed program (stdout + stderr): #####
Traceback (most recent call last):
  File "homework.py", line 546, in <module>
    print(end-start)
NameError: name 'end' is not defined
##### End of output of failed program #####
##### vdhankar plays [E e7 d6] in 27.4889318943024s #####
##### Running: /usr/lib/jvm/jdk-14.0.1/bin/java -jar /lab/itti/projects/checkers-competition/server/referee.jar on run_22_vdhankar_irward #####
Move is valid
##### SUCCESS: /usr/lib/jvm/jdk-14.0.1/bin/java -jar /lab/itti/projects/checkers-competition/server/referee.jar on run_22_vdhankar_irward #####
INPUT for irward:
GAME
WHITE
299.792261838913
.b.b.b.b
b.......
...b....
........
.......w
w.......
.w......
w.w.w...
##### Running: /usr/bin/time -o time_22_vdhankar_irward.txt -f "%U" ./homework > stulog.txt 2>&1 on irward #####
##### SUCCESS: /usr/bin/time -o time_22_vdhankar_irward.txt -f "%U" ./homework > stulog.txt 2>&1 on irward #####
##### irward plays [E e1 d2] in 0.0150001049041748s #####
##### Running: /usr/lib/jvm/jdk-14.0.1/bin/java -jar /lab/itti/projects/checkers-competition/server/referee.jar on run_22_vdhankar_irward #####
Move is valid
##### SUCCESS: /usr/lib/jvm/jdk-14.0.1/bin/java -jar /lab/itti/projects/checkers-competition/server/referee.jar on run_22_vdhankar_irward #####
INPUT for vdhankar:
GAME
BLACK
164.791790485382
.b.b.b.b
b.......
...b....
........
.......w
w.......
.w.w....
w.w.....
##### Running: /usr/bin/time -o time_22_vdhankar_irward.txt -f "%U" python3 homework.py > stulog.txt 2>&1 on vdhankar #####
child exited with value 1
##### ERROR: /usr/bin/time -o time_22_vdhankar_irward.txt -f "%U" python3 homework.py > stulog.txt 2>&1 on vdhankar #####
##### Output of failed program (stdout + stderr): #####
Traceback (most recent call last):
  File "homework.py", line 546, in <module>
    print(end-start)
NameError: name 'end' is not defined
##### End of output of failed program #####
##### vdhankar plays [E h8 g7] in 38.4856600761414s #####
##### Running: /usr/lib/jvm/jdk-14.0.1/bin/java -jar /lab/itti/projects/checkers-competition/server/referee.jar on run_22_vdhankar_irward #####
Move is valid
##### SUCCESS: /usr/lib/jvm/jdk-14.0.1/bin/java -jar /lab/itti/projects/checkers-competition/server/referee.jar on run_22_vdhankar_irward #####
INPUT for irward:
GAME
WHITE
299.777261734009
.b.b.b..
b.....b.
...b....
........
.......w
w.......
.w.w....
w.w.....
##### Running: /usr/bin/time -o time_22_vdhankar_irward.txt -f "%U" ./homework > stulog.txt 2>&1 on irward #####
##### SUCCESS: /usr/bin/time -o time_22_vdhankar_irward.txt -f "%U" ./homework > stulog.txt 2>&1 on irward #####
##### irward plays [E d2 c3] in 0.080333948135376s #####
##### Running: /usr/lib/jvm/jdk-14.0.1/bin/java -jar /lab/itti/projects/checkers-competition/server/referee.jar on run_22_vdhankar_irward #####
Move is valid
##### SUCCESS: /usr/lib/jvm/jdk-14.0.1/bin/java -jar /lab/itti/projects/checkers-competition/server/referee.jar on run_22_vdhankar_irward #####
INPUT for vdhankar:
GAME
BLACK
126.306130409241
.b.b.b..
b.....b.
...b....
........
.......w
w.w.....
.w......
w.w.....
##### Running: /usr/bin/time -o time_22_vdhankar_irward.txt -f "%U" python3 homework.py > stulog.txt 2>&1 on vdhankar #####
child exited with value 1
##### ERROR: /usr/bin/time -o time_22_vdhankar_irward.txt -f "%U" python3 homework.py > stulog.txt 2>&1 on vdhankar #####
##### Output of failed program (stdout + stderr): #####
Traceback (most recent call last):
  File "homework.py", line 546, in <module>
    print(end-start)
NameError: name 'end' is not defined
##### End of output of failed program #####
##### vdhankar plays [E d6 c5] in 24.1332800388336s #####
##### Running: /usr/lib/jvm/jdk-14.0.1/bin/java -jar /lab/itti/projects/checkers-competition/server/referee.jar on run_22_vdhankar_irward #####
Move is valid
##### SUCCESS: /usr/lib/jvm/jdk-14.0.1/bin/java -jar /lab/itti/projects/checkers-competition/server/referee.jar on run_22_vdhankar_irward #####
INPUT for irward:
GAME
WHITE
299.696927785873
.b.b.b..
b.....b.
........
..b.....
.......w
w.w.....
.w......
w.w.....
##### Running: /usr/bin/time -o time_22_vdhankar_irward.txt -f "%U" ./homework > stulog.txt 2>&1 on irward #####
##### SUCCESS: /usr/bin/time -o time_22_vdhankar_irward.txt -f "%U" ./homework > stulog.txt 2>&1 on irward #####
##### irward plays [E c1 d2] in 0.0140519142150879s #####
##### Running: /usr/lib/jvm/jdk-14.0.1/bin/java -jar /lab/itti/projects/checkers-competition/server/referee.jar on run_22_vdhankar_irward #####
Move is valid
##### SUCCESS: /usr/lib/jvm/jdk-14.0.1/bin/java -jar /lab/itti/projects/checkers-competition/server/referee.jar on run_22_vdhankar_irward #####
INPUT for vdhankar:
GAME
BLACK
102.172850370407
.b.b.b..
b.....b.
........
..b.....
.......w
w.w.....
.w.w....
w.......
##### Running: /usr/bin/time -o time_22_vdhankar_irward.txt -f "%U" python3 homework.py > stulog.txt 2>&1 on vdhankar #####
child exited with value 1
##### ERROR: /usr/bin/time -o time_22_vdhankar_irward.txt -f "%U" python3 homework.py > stulog.txt 2>&1 on vdhankar #####
##### Output of failed program (stdout + stderr): #####
Traceback (most recent call last):
  File "homework.py", line 546, in <module>
    print(end-start)
NameError: name 'end' is not defined
##### End of output of failed program #####
##### vdhankar plays [E g7 f6] in 8.16385984420776s #####
##### Running: /usr/lib/jvm/jdk-14.0.1/bin/java -jar /lab/itti/projects/checkers-competition/server/referee.jar on run_22_vdhankar_irward #####
Move is valid
##### SUCCESS: /usr/lib/jvm/jdk-14.0.1/bin/java -jar /lab/itti/projects/checkers-competition/server/referee.jar on run_22_vdhankar_irward #####
INPUT for irward:
GAME
WHITE
299.682875871658
.b.b.b..
b.......
.....b..
..b.....
.......w
w.w.....
.w.w....
w.......
##### Running: /usr/bin/time -o time_22_vdhankar_irward.txt -f "%U" ./homework > stulog.txt 2>&1 on irward #####
##### SUCCESS: /usr/bin/time -o time_22_vdhankar_irward.txt -f "%U" ./homework > stulog.txt 2>&1 on irward #####
##### irward plays [E d2 e3] in 0.0137360095977783s #####
##### Running: /usr/lib/jvm/jdk-14.0.1/bin/java -jar /lab/itti/projects/checkers-competition/server/referee.jar on run_22_vdhankar_irward #####
Move is valid
##### SUCCESS: /usr/lib/jvm/jdk-14.0.1/bin/java -jar /lab/itti/projects/checkers-competition/server/referee.jar on run_22_vdhankar_irward #####
INPUT for vdhankar:
GAME
BLACK
94.0089905261993
.b.b.b..
b.......
.....b..
..b.....
.......w
w.w.w...
.w......
w.......
##### Running: /usr/bin/time -o time_22_vdhankar_irward.txt -f "%U" python3 homework.py > stulog.txt 2>&1 on vdhankar #####
child exited with value 1
##### ERROR: /usr/bin/time -o time_22_vdhankar_irward.txt -f "%U" python3 homework.py > stulog.txt 2>&1 on vdhankar #####
##### Output of failed program (stdout + stderr): #####
Traceback (most recent call last):
  File "homework.py", line 546, in <module>
    print(end-start)
NameError: name 'end' is not defined
##### End of output of failed program #####
##### vdhankar plays [E f8 e7] in 5.96268391609192s #####
##### Running: /usr/lib/jvm/jdk-14.0.1/bin/java -jar /lab/itti/projects/checkers-competition/server/referee.jar on run_22_vdhankar_irward #####
Move is valid
##### SUCCESS: /usr/lib/jvm/jdk-14.0.1/bin/java -jar /lab/itti/projects/checkers-competition/server/referee.jar on run_22_vdhankar_irward #####
INPUT for irward:
GAME
WHITE
299.669139862061
.b.b....
b...b...
.....b..
..b.....
.......w
w.w.w...
.w......
w.......
##### Running: /usr/bin/time -o time_22_vdhankar_irward.txt -f "%U" ./homework > stulog.txt 2>&1 on irward #####
##### SUCCESS: /usr/bin/time -o time_22_vdhankar_irward.txt -f "%U" ./homework > stulog.txt 2>&1 on irward #####
##### irward plays [E c3 b4] in 0.0367999076843262s #####
##### Running: /usr/lib/jvm/jdk-14.0.1/bin/java -jar /lab/itti/projects/checkers-competition/server/referee.jar on run_22_vdhankar_irward #####
Move is valid
##### SUCCESS: /usr/lib/jvm/jdk-14.0.1/bin/java -jar /lab/itti/projects/checkers-competition/server/referee.jar on run_22_vdhankar_irward #####
INPUT for vdhankar:
GAME
BLACK
88.0463066101074
.b.b....
b...b...
.....b..
..b.....
.w.....w
w...w...
.w......
w.......
##### Running: /usr/bin/time -o time_22_vdhankar_irward.txt -f "%U" python3 homework.py > stulog.txt 2>&1 on vdhankar #####
child exited with value 1
##### ERROR: /usr/bin/time -o time_22_vdhankar_irward.txt -f "%U" python3 homework.py > stulog.txt 2>&1 on vdhankar #####
##### Output of failed program (stdout + stderr): #####
Traceback (most recent call last):
  File "homework.py", line 546, in <module>
    print(end-start)
NameError: name 'end' is not defined
##### End of output of failed program #####
##### vdhankar plays [E e7 d6] in 4.92862796783447s #####
##### Running: /usr/lib/jvm/jdk-14.0.1/bin/java -jar /lab/itti/projects/checkers-competition/server/referee.jar on run_22_vdhankar_irward #####
Move is valid
##### SUCCESS: /usr/lib/jvm/jdk-14.0.1/bin/java -jar /lab/itti/projects/checkers-competition/server/referee.jar on run_22_vdhankar_irward #####
INPUT for irward:
GAME
WHITE
299.632339954376
.b.b....
b.......
...b.b..
..b.....
.w.....w
w...w...
.w......
w.......
##### Running: /usr/bin/time -o time_22_vdhankar_irward.txt -f "%U" ./homework > stulog.txt 2>&1 on irward #####
##### SUCCESS: /usr/bin/time -o time_22_vdhankar_irward.txt -f "%U" ./homework > stulog.txt 2>&1 on irward #####
##### irward plays [E b2 c3] in 0.0349390506744385s #####
##### Running: /usr/lib/jvm/jdk-14.0.1/bin/java -jar /lab/itti/projects/checkers-competition/server/referee.jar on run_22_vdhankar_irward #####
Move is valid
##### SUCCESS: /usr/lib/jvm/jdk-14.0.1/bin/java -jar /lab/itti/projects/checkers-competition/server/referee.jar on run_22_vdhankar_irward #####
INPUT for vdhankar:
GAME
BLACK
83.1176786422729
.b.b....
b.......
...b.b..
..b.....
.w.....w
w.w.w...
........
w.......
##### Running: /usr/bin/time -o time_22_vdhankar_irward.txt -f "%U" python3 homework.py > stulog.txt 2>&1 on vdhankar #####
child exited with value 1
##### ERROR: /usr/bin/time -o time_22_vdhankar_irward.txt -f "%U" python3 homework.py > stulog.txt 2>&1 on vdhankar #####
##### Output of failed program (stdout + stderr): #####
Traceback (most recent call last):
  File "homework.py", line 546, in <module>
    print(end-start)
NameError: name 'end' is not defined
##### End of output of failed program #####
##### vdhankar plays [E f6 e5] in 4.6412980556488s #####
##### Running: /usr/lib/jvm/jdk-14.0.1/bin/java -jar /lab/itti/projects/checkers-competition/server/referee.jar on run_22_vdhankar_irward #####
Move is valid
##### SUCCESS: /usr/lib/jvm/jdk-14.0.1/bin/java -jar /lab/itti/projects/checkers-competition/server/referee.jar on run_22_vdhankar_irward #####
INPUT for irward:
GAME
WHITE
299.597400903702
.b.b....
b.......
...b....
..b.b...
.w.....w
w.w.w...
........
w.......
##### Running: /usr/bin/time -o time_22_vdhankar_irward.txt -f "%U" ./homework > stulog.txt 2>&1 on irward #####
##### SUCCESS: /usr/bin/time -o time_22_vdhankar_irward.txt -f "%U" ./homework > stulog.txt 2>&1 on irward #####
##### irward plays [E a1 b2] in 0.0198121070861816s #####
##### Running: /usr/lib/jvm/jdk-14.0.1/bin/java -jar /lab/itti/projects/checkers-competition/server/referee.jar on run_22_vdhankar_irward #####
Move is valid
##### SUCCESS: /usr/lib/jvm/jdk-14.0.1/bin/java -jar /lab/itti/projects/checkers-competition/server/referee.jar on run_22_vdhankar_irward #####
INPUT for vdhankar:
GAME
BLACK
78.4763805866241
.b.b....
b.......
...b....
..b.b...
.w.....w
w.w.w...
.w......
........
##### Running: /usr/bin/time -o time_22_vdhankar_irward.txt -f "%U" python3 homework.py > stulog.txt 2>&1 on vdhankar #####
child exited with value 1
##### ERROR: /usr/bin/time -o time_22_vdhankar_irward.txt -f "%U" python3 homework.py > stulog.txt 2>&1 on vdhankar #####
##### Output of failed program (stdout + stderr): #####
Traceback (most recent call last):
  File "homework.py", line 546, in <module>
    print(end-start)
NameError: name 'end' is not defined
##### End of output of failed program #####
##### vdhankar plays [E a7 b6] in 1.71678495407104s #####
##### Running: /usr/lib/jvm/jdk-14.0.1/bin/java -jar /lab/itti/projects/checkers-competition/server/referee.jar on run_22_vdhankar_irward #####
Move is valid
##### SUCCESS: /usr/lib/jvm/jdk-14.0.1/bin/java -jar /lab/itti/projects/checkers-competition/server/referee.jar on run_22_vdhankar_irward #####
INPUT for irward:
GAME
WHITE
299.577588796616
.b.b....
........
.b.b....
..b.b...
.w.....w
w.w.w...
.w......
........
##### Running: /usr/bin/time -o time_22_vdhankar_irward.txt -f "%U" ./homework > stulog.txt 2>&1 on irward #####
##### SUCCESS: /usr/bin/time -o time_22_vdhankar_irward.txt -f "%U" ./homework > stulog.txt 2>&1 on irward #####
##### irward plays [E b4 a5] in 0.0138161182403564s #####
##### Running: /usr/lib/jvm/jdk-14.0.1/bin/java -jar /lab/itti/projects/checkers-competition/server/referee.jar on run_22_vdhankar_irward #####
Move is valid
##### SUCCESS: /usr/lib/jvm/jdk-14.0.1/bin/java -jar /lab/itti/projects/checkers-competition/server/referee.jar on run_22_vdhankar_irward #####
INPUT for vdhankar:
GAME
BLACK
76.7595956325531
.b.b....
........
.b.b....
w.b.b...
.......w
w.w.w...
.w......
........
##### Running: /usr/bin/time -o time_22_vdhankar_irward.txt -f "%U" python3 homework.py > stulog.txt 2>&1 on vdhankar #####
child exited with value 1
##### ERROR: /usr/bin/time -o time_22_vdhankar_irward.txt -f "%U" python3 homework.py > stulog.txt 2>&1 on vdhankar #####
##### Output of failed program (stdout + stderr): #####
Traceback (most recent call last):
  File "homework.py", line 546, in <module>
    print(end-start)
NameError: name 'end' is not defined
##### End of output of failed program #####
##### vdhankar plays [E d8 c7] in 1.47307300567627s #####
##### Running: /usr/lib/jvm/jdk-14.0.1/bin/java -jar /lab/itti/projects/checkers-competition/server/referee.jar on run_22_vdhankar_irward #####
Move is valid
##### SUCCESS: /usr/lib/jvm/jdk-14.0.1/bin/java -jar /lab/itti/projects/checkers-competition/server/referee.jar on run_22_vdhankar_irward #####
INPUT for irward:
GAME
WHITE
299.563772678375
.b......
..b.....
.b.b....
w.b.b...
.......w
w.w.w...
.w......
........
##### Running: /usr/bin/time -o time_22_vdhankar_irward.txt -f "%U" ./homework > stulog.txt 2>&1 on irward #####
##### SUCCESS: /usr/bin/time -o time_22_vdhankar_irward.txt -f "%U" ./homework > stulog.txt 2>&1 on irward #####
##### irward plays [E c3 b4] in 0.0242550373077393s #####
##### Running: /usr/lib/jvm/jdk-14.0.1/bin/java -jar /lab/itti/projects/checkers-competition/server/referee.jar on run_22_vdhankar_irward #####
Move is valid
##### SUCCESS: /usr/lib/jvm/jdk-14.0.1/bin/java -jar /lab/itti/projects/checkers-competition/server/referee.jar on run_22_vdhankar_irward #####
INPUT for vdhankar:
GAME
BLACK
75.2865226268768
.b......
..b.....
.b.b....
w.b.b...
.w.....w
w...w...
.w......
........
##### Running: /usr/bin/time -o time_22_vdhankar_irward.txt -f "%U" python3 homework.py > stulog.txt 2>&1 on vdhankar #####
child exited with value 1
##### ERROR: /usr/bin/time -o time_22_vdhankar_irward.txt -f "%U" python3 homework.py > stulog.txt 2>&1 on vdhankar #####
##### Output of failed program (stdout + stderr): #####
Traceback (most recent call last):
  File "homework.py", line 546, in <module>
    print(end-start)
NameError: name 'end' is not defined
##### End of output of failed program #####
##### vdhankar plays [E e5 d4] in 0.737775087356567s #####
##### Running: /usr/lib/jvm/jdk-14.0.1/bin/java -jar /lab/itti/projects/checkers-competition/server/referee.jar on run_22_vdhankar_irward #####
Move is valid
##### SUCCESS: /usr/lib/jvm/jdk-14.0.1/bin/java -jar /lab/itti/projects/checkers-competition/server/referee.jar on run_22_vdhankar_irward #####
INPUT for irward:
GAME
WHITE
299.539517641068
.b......
..b.....
.b.b....
w.b.....
.w.b...w
w...w...
.w......
........
##### Running: /usr/bin/time -o time_22_vdhankar_irward.txt -f "%U" ./homework > stulog.txt 2>&1 on irward #####
##### SUCCESS: /usr/bin/time -o time_22_vdhankar_irward.txt -f "%U" ./homework > stulog.txt 2>&1 on irward #####
##### irward plays [E e3 f4] in 0.0107619762420654s #####
##### Running: /usr/lib/jvm/jdk-14.0.1/bin/java -jar /lab/itti/projects/checkers-competition/server/referee.jar on run_22_vdhankar_irward #####
Move is valid
##### SUCCESS: /usr/lib/jvm/jdk-14.0.1/bin/java -jar /lab/itti/projects/checkers-competition/server/referee.jar on run_22_vdhankar_irward #####
INPUT for vdhankar:
GAME
BLACK
74.5487475395203
.b......
..b.....
.b.b....
w.b.....
.w.b.w.w
w.......
.w......
........
##### Running: /usr/bin/time -o time_22_vdhankar_irward.txt -f "%U" python3 homework.py > stulog.txt 2>&1 on vdhankar #####
child exited with value 1
##### ERROR: /usr/bin/time -o time_22_vdhankar_irward.txt -f "%U" python3 homework.py > stulog.txt 2>&1 on vdhankar #####
##### Output of failed program (stdout + stderr): #####
Traceback (most recent call last):
  File "homework.py", line 546, in <module>
    print(end-start)
NameError: name 'end' is not defined
##### End of output of failed program #####
##### vdhankar plays [E d4 c3] in 0.751818895339966s #####
##### Running: /usr/lib/jvm/jdk-14.0.1/bin/java -jar /lab/itti/projects/checkers-competition/server/referee.jar on run_22_vdhankar_irward #####
Move is valid
##### SUCCESS: /usr/lib/jvm/jdk-14.0.1/bin/java -jar /lab/itti/projects/checkers-competition/server/referee.jar on run_22_vdhankar_irward #####
INPUT for irward:
GAME
WHITE
299.528755664825
.b......
..b.....
.b.b....
w.b.....
.w...w.w
w.b.....
.w......
........
##### Running: /usr/bin/time -o time_22_vdhankar_irward.txt -f "%U" ./homework > stulog.txt 2>&1 on irward #####
##### SUCCESS: /usr/bin/time -o time_22_vdhankar_irward.txt -f "%U" ./homework > stulog.txt 2>&1 on irward #####
##### irward plays [J b2 d4] in 0.0374138355255127s #####
##### Running: /usr/lib/jvm/jdk-14.0.1/bin/java -jar /lab/itti/projects/checkers-competition/server/referee.jar on run_22_vdhankar_irward #####
Move is valid
##### SUCCESS: /usr/lib/jvm/jdk-14.0.1/bin/java -jar /lab/itti/projects/checkers-competition/server/referee.jar on run_22_vdhankar_irward #####
INPUT for vdhankar:
GAME
BLACK
73.7969286441803
.b......
..b.....
.b.b....
w.b.....
.w.w.w.w
w.......
........
........
##### Running: /usr/bin/time -o time_22_vdhankar_irward.txt -f "%U" python3 homework.py > stulog.txt 2>&1 on vdhankar #####
child exited with value 1
##### ERROR: /usr/bin/time -o time_22_vdhankar_irward.txt -f "%U" python3 homework.py > stulog.txt 2>&1 on vdhankar #####
##### Output of failed program (stdout + stderr): #####
Traceback (most recent call last):
  File "homework.py", line 546, in <module>
    print(end-start)
NameError: name 'end' is not defined
##### End of output of failed program #####
##### vdhankar plays [J c5 e3] in 0.950652122497559s #####
##### Running: /usr/lib/jvm/jdk-14.0.1/bin/java -jar /lab/itti/projects/checkers-competition/server/referee.jar on run_22_vdhankar_irward #####
Move is valid
##### SUCCESS: /usr/lib/jvm/jdk-14.0.1/bin/java -jar /lab/itti/projects/checkers-competition/server/referee.jar on run_22_vdhankar_irward #####
INPUT for irward:
GAME
WHITE
299.4913418293
.b......
..b.....
.b.b....
w.......
.w...w.w
w...b...
........
........
##### Running: /usr/bin/time -o time_22_vdhankar_irward.txt -f "%U" ./homework > stulog.txt 2>&1 on irward #####
##### SUCCESS: /usr/bin/time -o time_22_vdhankar_irward.txt -f "%U" ./homework > stulog.txt 2>&1 on irward #####
##### irward plays [E f4 g5] in 0.0109059810638428s #####
##### Running: /usr/lib/jvm/jdk-14.0.1/bin/java -jar /lab/itti/projects/checkers-competition/server/referee.jar on run_22_vdhankar_irward #####
Move is valid
##### SUCCESS: /usr/lib/jvm/jdk-14.0.1/bin/java -jar /lab/itti/projects/checkers-competition/server/referee.jar on run_22_vdhankar_irward #####
INPUT for vdhankar:
GAME
BLACK
72.8462765216827
.b......
..b.....
.b.b....
w.....w.
.w.....w
w...b...
........
........
##### Running: /usr/bin/time -o time_22_vdhankar_irward.txt -f "%U" python3 homework.py > stulog.txt 2>&1 on vdhankar #####
child exited with value 1
##### ERROR: /usr/bin/time -o time_22_vdhankar_irward.txt -f "%U" python3 homework.py > stulog.txt 2>&1 on vdhankar #####
##### Output of failed program (stdout + stderr): #####
Traceback (most recent call last):
  File "homework.py", line 546, in <module>
    print(end-start)
NameError: name 'end' is not defined
##### End of output of failed program #####
##### vdhankar plays [E b6 c5] in 1.52749919891357s #####
##### Running: /usr/lib/jvm/jdk-14.0.1/bin/java -jar /lab/itti/projects/checkers-competition/server/referee.jar on run_22_vdhankar_irward #####
Move is valid
##### SUCCESS: /usr/lib/jvm/jdk-14.0.1/bin/java -jar /lab/itti/projects/checkers-competition/server/referee.jar on run_22_vdhankar_irward #####
INPUT for irward:
GAME
WHITE
299.480435848236
.b......
..b.....
...b....
w.b...w.
.w.....w
w...b...
........
........
##### Running: /usr/bin/time -o time_22_vdhankar_irward.txt -f "%U" ./homework > stulog.txt 2>&1 on irward #####
##### SUCCESS: /usr/bin/time -o time_22_vdhankar_irward.txt -f "%U" ./homework > stulog.txt 2>&1 on irward #####
##### irward plays [E g5 f6] in 0.0239348411560059s #####
##### Running: /usr/lib/jvm/jdk-14.0.1/bin/java -jar /lab/itti/projects/checkers-competition/server/referee.jar on run_22_vdhankar_irward #####
Move is valid
##### SUCCESS: /usr/lib/jvm/jdk-14.0.1/bin/java -jar /lab/itti/projects/checkers-competition/server/referee.jar on run_22_vdhankar_irward #####
INPUT for vdhankar:
GAME
BLACK
71.3187773227692
.b......
..b.....
...b.w..
w.b.....
.w.....w
w...b...
........
........
##### Running: /usr/bin/time -o time_22_vdhankar_irward.txt -f "%U" python3 homework.py > stulog.txt 2>&1 on vdhankar #####
child exited with value 1
##### ERROR: /usr/bin/time -o time_22_vdhankar_irward.txt -f "%U" python3 homework.py > stulog.txt 2>&1 on vdhankar #####
##### Output of failed program (stdout + stderr): #####
Traceback (most recent call last):
  File "homework.py", line 546, in <module>
    print(end-start)
NameError: name 'end' is not defined
##### End of output of failed program #####
##### vdhankar plays [E e3 f2] in 2.14683985710144s #####
##### Running: /usr/lib/jvm/jdk-14.0.1/bin/java -jar /lab/itti/projects/checkers-competition/server/referee.jar on run_22_vdhankar_irward #####
Move is valid
##### SUCCESS: /usr/lib/jvm/jdk-14.0.1/bin/java -jar /lab/itti/projects/checkers-competition/server/referee.jar on run_22_vdhankar_irward #####
INPUT for irward:
GAME
WHITE
299.45650100708
.b......
..b.....
...b.w..
w.b.....
.w.....w
w.......
.....b..
........
##### Running: /usr/bin/time -o time_22_vdhankar_irward.txt -f "%U" ./homework > stulog.txt 2>&1 on irward #####
##### SUCCESS: /usr/bin/time -o time_22_vdhankar_irward.txt -f "%U" ./homework > stulog.txt 2>&1 on irward #####
##### irward plays [E f6 e7] in 0.0289828777313232s #####
##### Running: /usr/lib/jvm/jdk-14.0.1/bin/java -jar /lab/itti/projects/checkers-competition/server/referee.jar on run_22_vdhankar_irward #####
Move is valid
##### SUCCESS: /usr/lib/jvm/jdk-14.0.1/bin/java -jar /lab/itti/projects/checkers-competition/server/referee.jar on run_22_vdhankar_irward #####
INPUT for vdhankar:
GAME
BLACK
69.1719374656677
.b......
..b.w...
...b....
w.b.....
.w.....w
w.......
.....b..
........
##### Running: /usr/bin/time -o time_22_vdhankar_irward.txt -f "%U" python3 homework.py > stulog.txt 2>&1 on vdhankar #####
child exited with value 1
##### ERROR: /usr/bin/time -o time_22_vdhankar_irward.txt -f "%U" python3 homework.py > stulog.txt 2>&1 on vdhankar #####
##### Output of failed program (stdout + stderr): #####
Traceback (most recent call last):
  File "homework.py", line 546, in <module>
    print(end-start)
NameError: name 'end' is not defined
##### End of output of failed program #####
##### vdhankar plays [E c5 d4] in 2.04844403266907s #####
##### Running: /usr/lib/jvm/jdk-14.0.1/bin/java -jar /lab/itti/projects/checkers-competition/server/referee.jar on run_22_vdhankar_irward #####
Move is valid
##### SUCCESS: /usr/lib/jvm/jdk-14.0.1/bin/java -jar /lab/itti/projects/checkers-competition/server/referee.jar on run_22_vdhankar_irward #####
INPUT for irward:
GAME
WHITE
299.427518129349
.b......
..b.w...
...b....
w.......
.w.b...w
w.......
.....b..
........
##### Running: /usr/bin/time -o time_22_vdhankar_irward.txt -f "%U" ./homework > stulog.txt 2>&1 on irward #####
##### SUCCESS: /usr/bin/time -o time_22_vdhankar_irward.txt -f "%U" ./homework > stulog.txt 2>&1 on irward #####
##### irward plays [E e7 f8] in 0.0337638854980469s #####
##### Running: /usr/lib/jvm/jdk-14.0.1/bin/java -jar /lab/itti/projects/checkers-competition/server/referee.jar on run_22_vdhankar_irward #####
Move is valid
##### SUCCESS: /usr/lib/jvm/jdk-14.0.1/bin/java -jar /lab/itti/projects/checkers-competition/server/referee.jar on run_22_vdhankar_irward #####
INPUT for vdhankar:
GAME
BLACK
67.1234934329987
.b...W..
..b.....
...b....
w.......
.w.b...w
w.......
.....b..
........
##### Running: /usr/bin/time -o time_22_vdhankar_irward.txt -f "%U" python3 homework.py > stulog.txt 2>&1 on vdhankar #####
child exited with value 1
##### ERROR: /usr/bin/time -o time_22_vdhankar_irward.txt -f "%U" python3 homework.py > stulog.txt 2>&1 on vdhankar #####
##### Output of failed program (stdout + stderr): #####
Traceback (most recent call last):
  File "homework.py", line 546, in <module>
    print(end-start)
NameError: name 'end' is not defined
##### End of output of failed program #####
##### vdhankar plays [E f2 g1] in 2.64666604995728s #####
##### Running: /usr/lib/jvm/jdk-14.0.1/bin/java -jar /lab/itti/projects/checkers-competition/server/referee.jar on run_22_vdhankar_irward #####
Move is valid
##### SUCCESS: /usr/lib/jvm/jdk-14.0.1/bin/java -jar /lab/itti/projects/checkers-competition/server/referee.jar on run_22_vdhankar_irward #####
INPUT for irward:
GAME
WHITE
299.393754243851
.b...W..
..b.....
...b....
w.......
.w.b...w
w.......
........
......B.
##### Running: /usr/bin/time -o time_22_vdhankar_irward.txt -f "%U" ./homework > stulog.txt 2>&1 on irward #####
##### SUCCESS: /usr/bin/time -o time_22_vdhankar_irward.txt -f "%U" ./homework > stulog.txt 2>&1 on irward #####
##### irward plays [E b4 c5] in 0.0440871715545654s #####
##### Running: /usr/lib/jvm/jdk-14.0.1/bin/java -jar /lab/itti/projects/checkers-competition/server/referee.jar on run_22_vdhankar_irward #####
Move is valid
##### SUCCESS: /usr/lib/jvm/jdk-14.0.1/bin/java -jar /lab/itti/projects/checkers-competition/server/referee.jar on run_22_vdhankar_irward #####
INPUT for vdhankar:
GAME
BLACK
64.4768273830414
.b...W..
..b.....
...b....
w.w.....
...b...w
w.......
........
......B.
##### Running: /usr/bin/time -o time_22_vdhankar_irward.txt -f "%U" python3 homework.py > stulog.txt 2>&1 on vdhankar #####
child exited with value 1
##### ERROR: /usr/bin/time -o time_22_vdhankar_irward.txt -f "%U" python3 homework.py > stulog.txt 2>&1 on vdhankar #####
##### Output of failed program (stdout + stderr): #####
Traceback (most recent call last):
  File "homework.py", line 546, in <module>
    print(end-start)
NameError: name 'end' is not defined
##### End of output of failed program #####
##### vdhankar plays [J d6 b4] in 1.56688380241394s #####
##### Running: /usr/lib/jvm/jdk-14.0.1/bin/java -jar /lab/itti/projects/checkers-competition/server/referee.jar on run_22_vdhankar_irward #####
Move is valid
##### SUCCESS: /usr/lib/jvm/jdk-14.0.1/bin/java -jar /lab/itti/projects/checkers-competition/server/referee.jar on run_22_vdhankar_irward #####
INPUT for irward:
GAME
WHITE
299.349667072296
.b...W..
..b.....
........
w.......
.b.b...w
w.......
........
......B.
##### Running: /usr/bin/time -o time_22_vdhankar_irward.txt -f "%U" ./homework > stulog.txt 2>&1 on irward #####
##### SUCCESS: /usr/bin/time -o time_22_vdhankar_irward.txt -f "%U" ./homework > stulog.txt 2>&1 on irward #####
##### irward plays [J a3 c5] in 0.0423932075500488s #####
##### Running: /usr/lib/jvm/jdk-14.0.1/bin/java -jar /lab/itti/projects/checkers-competition/server/referee.jar on run_22_vdhankar_irward #####
Move is valid
##### SUCCESS: /usr/lib/jvm/jdk-14.0.1/bin/java -jar /lab/itti/projects/checkers-competition/server/referee.jar on run_22_vdhankar_irward #####
INPUT for vdhankar:
GAME
BLACK
62.9099435806274
.b...W..
..b.....
........
w.w.....
...b...w
........
........
......B.
##### Running: /usr/bin/time -o time_22_vdhankar_irward.txt -f "%U" python3 homework.py > stulog.txt 2>&1 on vdhankar #####
child exited with value 1
##### ERROR: /usr/bin/time -o time_22_vdhankar_irward.txt -f "%U" python3 homework.py > stulog.txt 2>&1 on vdhankar #####
##### Output of failed program (stdout + stderr): #####
Traceback (most recent call last):
  File "homework.py", line 546, in <module>
    print(end-start)
NameError: name 'end' is not defined
##### End of output of failed program #####
##### vdhankar plays [E d4 e3] in 6.1274139881134s #####
##### Running: /usr/lib/jvm/jdk-14.0.1/bin/java -jar /lab/itti/projects/checkers-competition/server/referee.jar on run_22_vdhankar_irward #####
Move is valid
##### SUCCESS: /usr/lib/jvm/jdk-14.0.1/bin/java -jar /lab/itti/projects/checkers-competition/server/referee.jar on run_22_vdhankar_irward #####
INPUT for irward:
GAME
WHITE
299.307273864746
.b...W..
..b.....
........
w.w.....
.......w
....b...
........
......B.
##### Running: /usr/bin/time -o time_22_vdhankar_irward.txt -f "%U" ./homework > stulog.txt 2>&1 on irward #####
##### SUCCESS: /usr/bin/time -o time_22_vdhankar_irward.txt -f "%U" ./homework > stulog.txt 2>&1 on irward #####
##### irward plays [E c5 b6] in 0.0246200561523438s #####
##### Running: /usr/lib/jvm/jdk-14.0.1/bin/java -jar /lab/itti/projects/checkers-competition/server/referee.jar on run_22_vdhankar_irward #####
Move is valid
##### SUCCESS: /usr/lib/jvm/jdk-14.0.1/bin/java -jar /lab/itti/projects/checkers-competition/server/referee.jar on run_22_vdhankar_irward #####
INPUT for vdhankar:
GAME
BLACK
56.782529592514
.b...W..
..b.....
.w......
w.......
.......w
....b...
........
......B.
##### Running: /usr/bin/time -o time_22_vdhankar_irward.txt -f "%U" python3 homework.py > stulog.txt 2>&1 on vdhankar #####
child exited with value 1
##### ERROR: /usr/bin/time -o time_22_vdhankar_irward.txt -f "%U" python3 homework.py > stulog.txt 2>&1 on vdhankar #####
##### Output of failed program (stdout + stderr): #####
Traceback (most recent call last):
  File "homework.py", line 546, in <module>
    print(end-start)
NameError: name 'end' is not defined
##### End of output of failed program #####
##### vdhankar plays [E c7 d6] in 4.25767707824707s #####
##### Running: /usr/lib/jvm/jdk-14.0.1/bin/java -jar /lab/itti/projects/checkers-competition/server/referee.jar on run_22_vdhankar_irward #####
Move is valid
##### SUCCESS: /usr/lib/jvm/jdk-14.0.1/bin/java -jar /lab/itti/projects/checkers-competition/server/referee.jar on run_22_vdhankar_irward #####
INPUT for irward:
GAME
WHITE
299.282653808594
.b...W..
........
.w.b....
w.......
.......w
....b...
........
......B.
##### Running: /usr/bin/time -o time_22_vdhankar_irward.txt -f "%U" ./homework > stulog.txt 2>&1 on irward #####
##### SUCCESS: /usr/bin/time -o time_22_vdhankar_irward.txt -f "%U" ./homework > stulog.txt 2>&1 on irward #####
##### irward plays [E b6 c7] in 0.0161659717559814s #####
##### Running: /usr/lib/jvm/jdk-14.0.1/bin/java -jar /lab/itti/projects/checkers-competition/server/referee.jar on run_22_vdhankar_irward #####
Move is valid
##### SUCCESS: /usr/lib/jvm/jdk-14.0.1/bin/java -jar /lab/itti/projects/checkers-competition/server/referee.jar on run_22_vdhankar_irward #####
INPUT for vdhankar:
GAME
BLACK
52.524852514267
.b...W..
..w.....
...b....
w.......
.......w
....b...
........
......B.
##### Running: /usr/bin/time -o time_22_vdhankar_irward.txt -f "%U" python3 homework.py > stulog.txt 2>&1 on vdhankar #####
child exited with value 1
##### ERROR: /usr/bin/time -o time_22_vdhankar_irward.txt -f "%U" python3 homework.py > stulog.txt 2>&1 on vdhankar #####
##### Output of failed program (stdout + stderr): #####
Traceback (most recent call last):
  File "homework.py", line 546, in <module>
    print(end-start)
NameError: name 'end' is not defined
##### End of output of failed program #####
##### vdhankar plays [E e3 f2] in 9.29529404640198s #####
##### Running: /usr/lib/jvm/jdk-14.0.1/bin/java -jar /lab/itti/projects/checkers-competition/server/referee.jar on run_22_vdhankar_irward #####
Move is valid
##### SUCCESS: /usr/lib/jvm/jdk-14.0.1/bin/java -jar /lab/itti/projects/checkers-competition/server/referee.jar on run_22_vdhankar_irward #####
INPUT for irward:
GAME
WHITE
299.266487836838
.b...W..
..w.....
...b....
w.......
.......w
........
.....b..
......B.
##### Running: /usr/bin/time -o time_22_vdhankar_irward.txt -f "%U" ./homework > stulog.txt 2>&1 on irward #####
##### SUCCESS: /usr/bin/time -o time_22_vdhankar_irward.txt -f "%U" ./homework > stulog.txt 2>&1 on irward #####
##### irward plays [E h4 g5] in 0.0293469429016113s #####
##### Running: /usr/lib/jvm/jdk-14.0.1/bin/java -jar /lab/itti/projects/checkers-competition/server/referee.jar on run_22_vdhankar_irward #####
Move is valid
##### SUCCESS: /usr/lib/jvm/jdk-14.0.1/bin/java -jar /lab/itti/projects/checkers-competition/server/referee.jar on run_22_vdhankar_irward #####
INPUT for vdhankar:
GAME
BLACK
43.229558467865
.b...W..
..w.....
...b....
w.....w.
........
........
.....b..
......B.
##### Running: /usr/bin/time -o time_22_vdhankar_irward.txt -f "%U" python3 homework.py > stulog.txt 2>&1 on vdhankar #####
child exited with value 1
##### ERROR: /usr/bin/time -o time_22_vdhankar_irward.txt -f "%U" python3 homework.py > stulog.txt 2>&1 on vdhankar #####
##### Output of failed program (stdout + stderr): #####
Traceback (most recent call last):
  File "homework.py", line 546, in <module>
    print(end-start)
NameError: name 'end' is not defined
##### End of output of failed program #####
##### vdhankar plays [E g1 h2] in 3.33019399642944s #####
##### Running: /usr/lib/jvm/jdk-14.0.1/bin/java -jar /lab/itti/projects/checkers-competition/server/referee.jar on run_22_vdhankar_irward #####
Move is valid
##### SUCCESS: /usr/lib/jvm/jdk-14.0.1/bin/java -jar /lab/itti/projects/checkers-competition/server/referee.jar on run_22_vdhankar_irward #####
INPUT for irward:
GAME
WHITE
299.237140893936
.b...W..
..w.....
...b....
w.....w.
........
........
.....b.B
........
##### Running: /usr/bin/time -o time_22_vdhankar_irward.txt -f "%U" ./homework > stulog.txt 2>&1 on irward #####
##### SUCCESS: /usr/bin/time -o time_22_vdhankar_irward.txt -f "%U" ./homework > stulog.txt 2>&1 on irward #####
##### irward plays [E g5 f6] in 0.0306661128997803s #####
##### Running: /usr/lib/jvm/jdk-14.0.1/bin/java -jar /lab/itti/projects/checkers-competition/server/referee.jar on run_22_vdhankar_irward #####
Move is valid
##### SUCCESS: /usr/lib/jvm/jdk-14.0.1/bin/java -jar /lab/itti/projects/checkers-competition/server/referee.jar on run_22_vdhankar_irward #####
INPUT for vdhankar:
GAME
BLACK
39.8993644714355
.b...W..
..w.....
...b.w..
w.......
........
........
.....b.B
........
##### Running: /usr/bin/time -o time_22_vdhankar_irward.txt -f "%U" python3 homework.py > stulog.txt 2>&1 on vdhankar #####
child exited with value 1
##### ERROR: /usr/bin/time -o time_22_vdhankar_irward.txt -f "%U" python3 homework.py > stulog.txt 2>&1 on vdhankar #####
##### Output of failed program (stdout + stderr): #####
Traceback (most recent call last):
  File "homework.py", line 546, in <module>
    print(end-start)
NameError: name 'end' is not defined
##### End of output of failed program #####
##### vdhankar plays [E h2 g3] in 6.00463080406189s #####
##### Running: /usr/lib/jvm/jdk-14.0.1/bin/java -jar /lab/itti/projects/checkers-competition/server/referee.jar on run_22_vdhankar_irward #####
Move is valid
##### SUCCESS: /usr/lib/jvm/jdk-14.0.1/bin/java -jar /lab/itti/projects/checkers-competition/server/referee.jar on run_22_vdhankar_irward #####
INPUT for irward:
GAME
WHITE
299.206474781036
.b...W..
..w.....
...b.w..
w.......
........
......B.
.....b..
........
##### Running: /usr/bin/time -o time_22_vdhankar_irward.txt -f "%U" ./homework > stulog.txt 2>&1 on irward #####
##### SUCCESS: /usr/bin/time -o time_22_vdhankar_irward.txt -f "%U" ./homework > stulog.txt 2>&1 on irward #####
##### irward plays [E f6 e7] in 0.0392119884490967s #####
##### Running: /usr/lib/jvm/jdk-14.0.1/bin/java -jar /lab/itti/projects/checkers-competition/server/referee.jar on run_22_vdhankar_irward #####
Move is valid
##### SUCCESS: /usr/lib/jvm/jdk-14.0.1/bin/java -jar /lab/itti/projects/checkers-competition/server/referee.jar on run_22_vdhankar_irward #####
INPUT for vdhankar:
GAME
BLACK
33.8947336673737
.b...W..
..w.w...
...b....
w.......
........
......B.
.....b..
........
##### Running: /usr/bin/time -o time_22_vdhankar_irward.txt -f "%U" python3 homework.py > stulog.txt 2>&1 on vdhankar #####
child exited with value 1
##### ERROR: /usr/bin/time -o time_22_vdhankar_irward.txt -f "%U" python3 homework.py > stulog.txt 2>&1 on vdhankar #####
##### Output of failed program (stdout + stderr): #####
Traceback (most recent call last):
  File "homework.py", line 546, in <module>
    print(end-start)
NameError: name 'end' is not defined
##### End of output of failed program #####
##### vdhankar plays [E f2 g1] in 3.76720499992371s #####
##### Running: /usr/lib/jvm/jdk-14.0.1/bin/java -jar /lab/itti/projects/checkers-competition/server/referee.jar on run_22_vdhankar_irward #####
Move is valid
##### SUCCESS: /usr/lib/jvm/jdk-14.0.1/bin/java -jar /lab/itti/projects/checkers-competition/server/referee.jar on run_22_vdhankar_irward #####
INPUT for irward:
GAME
WHITE
299.167262792587
.b...W..
..w.w...
...b....
w.......
........
......B.
........
......B.
##### Running: /usr/bin/time -o time_22_vdhankar_irward.txt -f "%U" ./homework > stulog.txt 2>&1 on irward #####
##### SUCCESS: /usr/bin/time -o time_22_vdhankar_irward.txt -f "%U" ./homework > stulog.txt 2>&1 on irward #####
##### irward plays [E c7 d8] in 0.0367200374603271s #####
##### Running: /usr/lib/jvm/jdk-14.0.1/bin/java -jar /lab/itti/projects/checkers-competition/server/referee.jar on run_22_vdhankar_irward #####
Move is valid
##### SUCCESS: /usr/lib/jvm/jdk-14.0.1/bin/java -jar /lab/itti/projects/checkers-competition/server/referee.jar on run_22_vdhankar_irward #####
INPUT for vdhankar:
GAME
BLACK
30.12752866745
.b.W.W..
....w...
...b....
w.......
........
......B.
........
......B.
##### Running: /usr/bin/time -o time_22_vdhankar_irward.txt -f "%U" python3 homework.py > stulog.txt 2>&1 on vdhankar #####
child exited with value 1
##### ERROR: /usr/bin/time -o time_22_vdhankar_irward.txt -f "%U" python3 homework.py > stulog.txt 2>&1 on vdhankar #####
##### Output of failed program (stdout + stderr): #####
Traceback (most recent call last):
  File "homework.py", line 546, in <module>
    print(end-start)
NameError: name 'end' is not defined
##### End of output of failed program #####
##### vdhankar plays [E g1 h2] in 3.29198479652405s #####
##### Running: /usr/lib/jvm/jdk-14.0.1/bin/java -jar /lab/itti/projects/checkers-competition/server/referee.jar on run_22_vdhankar_irward #####
Move is valid
##### SUCCESS: /usr/lib/jvm/jdk-14.0.1/bin/java -jar /lab/itti/projects/checkers-competition/server/referee.jar on run_22_vdhankar_irward #####
INPUT for irward:
GAME
WHITE
299.130542755127
.b.W.W..
....w...
...b....
w.......
........
......B.
.......B
........
##### Running: /usr/bin/time -o time_22_vdhankar_irward.txt -f "%U" ./homework > stulog.txt 2>&1 on irward #####
##### SUCCESS: /usr/bin/time -o time_22_vdhankar_irward.txt -f "%U" ./homework > stulog.txt 2>&1 on irward #####
##### irward plays [E f8 g7] in 0.0138659477233887s #####
##### Running: /usr/lib/jvm/jdk-14.0.1/bin/java -jar /lab/itti/projects/checkers-competition/server/referee.jar on run_22_vdhankar_irward #####
Move is valid
##### SUCCESS: /usr/lib/jvm/jdk-14.0.1/bin/java -jar /lab/itti/projects/checkers-competition/server/referee.jar on run_22_vdhankar_irward #####
INPUT for vdhankar:
GAME
BLACK
26.8355438709259
.b.W....
....w.W.
...b....
w.......
........
......B.
.......B
........
##### Running: /usr/bin/time -o time_22_vdhankar_irward.txt -f "%U" python3 homework.py > stulog.txt 2>&1 on vdhankar #####
child exited with value 1
##### ERROR: /usr/bin/time -o time_22_vdhankar_irward.txt -f "%U" python3 homework.py > stulog.txt 2>&1 on vdhankar #####
##### Output of failed program (stdout + stderr): #####
Traceback (most recent call last):
  File "homework.py", line 546, in <module>
    print(end-start)
NameError: name 'end' is not defined
##### End of output of failed program #####
##### vdhankar plays [E g3 f2] in 5.21706485748291s #####
##### Running: /usr/lib/jvm/jdk-14.0.1/bin/java -jar /lab/itti/projects/checkers-competition/server/referee.jar on run_22_vdhankar_irward #####
Move is valid
##### SUCCESS: /usr/lib/jvm/jdk-14.0.1/bin/java -jar /lab/itti/projects/checkers-competition/server/referee.jar on run_22_vdhankar_irward #####
INPUT for irward:
GAME
WHITE
299.116676807404
.b.W....
....w.W.
...b....
w.......
........
........
.....B.B
........
##### Running: /usr/bin/time -o time_22_vdhankar_irward.txt -f "%U" ./homework > stulog.txt 2>&1 on irward #####
##### SUCCESS: /usr/bin/time -o time_22_vdhankar_irward.txt -f "%U" ./homework > stulog.txt 2>&1 on irward #####
##### irward plays [E a5 b6] in 0.0157039165496826s #####
##### Running: /usr/lib/jvm/jdk-14.0.1/bin/java -jar /lab/itti/projects/checkers-competition/server/referee.jar on run_22_vdhankar_irward #####
Move is valid
##### SUCCESS: /usr/lib/jvm/jdk-14.0.1/bin/java -jar /lab/itti/projects/checkers-competition/server/referee.jar on run_22_vdhankar_irward #####
INPUT for vdhankar:
GAME
BLACK
21.618479013443
.b.W....
....w.W.
.w.b....
........
........
........
.....B.B
........
##### Running: /usr/bin/time -o time_22_vdhankar_irward.txt -f "%U" python3 homework.py > stulog.txt 2>&1 on vdhankar #####
child exited with value 1
##### ERROR: /usr/bin/time -o time_22_vdhankar_irward.txt -f "%U" python3 homework.py > stulog.txt 2>&1 on vdhankar #####
##### Output of failed program (stdout + stderr): #####
Traceback (most recent call last):
  File "homework.py", line 546, in <module>
    print(end-start)
NameError: name 'end' is not defined
##### End of output of failed program #####
##### vdhankar plays [E h2 g1] in 0.523786067962646s #####
##### Running: /usr/lib/jvm/jdk-14.0.1/bin/java -jar /lab/itti/projects/checkers-competition/server/referee.jar on run_22_vdhankar_irward #####
Move is valid
##### SUCCESS: /usr/lib/jvm/jdk-14.0.1/bin/java -jar /lab/itti/projects/checkers-competition/server/referee.jar on run_22_vdhankar_irward #####
INPUT for irward:
GAME
WHITE
299.100972890854
.b.W....
....w.W.
.w.b....
........
........
........
.....B..
......B.
##### Running: /usr/bin/time -o time_22_vdhankar_irward.txt -f "%U" ./homework > stulog.txt 2>&1 on irward #####
##### SUCCESS: /usr/bin/time -o time_22_vdhankar_irward.txt -f "%U" ./homework > stulog.txt 2>&1 on irward #####
##### irward plays [E e7 f8] in 0.0206348896026611s #####
##### Running: /usr/lib/jvm/jdk-14.0.1/bin/java -jar /lab/itti/projects/checkers-competition/server/referee.jar on run_22_vdhankar_irward #####
Move is valid
##### SUCCESS: /usr/lib/jvm/jdk-14.0.1/bin/java -jar /lab/itti/projects/checkers-competition/server/referee.jar on run_22_vdhankar_irward #####
INPUT for vdhankar:
GAME
BLACK
21.0946929454803
.b.W.W..
......W.
.w.b....
........
........
........
.....B..
......B.
##### Running: /usr/bin/time -o time_22_vdhankar_irward.txt -f "%U" python3 homework.py > stulog.txt 2>&1 on vdhankar #####
child exited with value 1
##### ERROR: /usr/bin/time -o time_22_vdhankar_irward.txt -f "%U" python3 homework.py > stulog.txt 2>&1 on vdhankar #####
##### Output of failed program (stdout + stderr): #####
Traceback (most recent call last):
  File "homework.py", line 546, in <module>
    print(end-start)
NameError: name 'end' is not defined
##### End of output of failed program #####
##### vdhankar plays [E d6 e5] in 0.515749931335449s #####
##### Running: /usr/lib/jvm/jdk-14.0.1/bin/java -jar /lab/itti/projects/checkers-competition/server/referee.jar on run_22_vdhankar_irward #####
Move is valid
##### SUCCESS: /usr/lib/jvm/jdk-14.0.1/bin/java -jar /lab/itti/projects/checkers-competition/server/referee.jar on run_22_vdhankar_irward #####
INPUT for irward:
GAME
WHITE
299.080338001251
.b.W.W..
......W.
.w......
....b...
........
........
.....B..
......B.
##### Running: /usr/bin/time -o time_22_vdhankar_irward.txt -f "%U" ./homework > stulog.txt 2>&1 on irward #####
##### SUCCESS: /usr/bin/time -o time_22_vdhankar_irward.txt -f "%U" ./homework > stulog.txt 2>&1 on irward #####
##### irward plays [E b6 c7] in 0.0315589904785156s #####
##### Running: /usr/lib/jvm/jdk-14.0.1/bin/java -jar /lab/itti/projects/checkers-competition/server/referee.jar on run_22_vdhankar_irward #####
Move is valid
##### SUCCESS: /usr/lib/jvm/jdk-14.0.1/bin/java -jar /lab/itti/projects/checkers-competition/server/referee.jar on run_22_vdhankar_irward #####
INPUT for vdhankar:
GAME
BLACK
20.5789430141449
.b.W.W..
..w...W.
........
....b...
........
........
.....B..
......B.
##### Running: /usr/bin/time -o time_22_vdhankar_irward.txt -f "%U" python3 homework.py > stulog.txt 2>&1 on vdhankar #####
child exited with value 1
##### ERROR: /usr/bin/time -o time_22_vdhankar_irward.txt -f "%U" python3 homework.py > stulog.txt 2>&1 on vdhankar #####
##### Output of failed program (stdout + stderr): #####
Traceback (most recent call last):
  File "homework.py", line 546, in <module>
    print(end-start)
NameError: name 'end' is not defined
##### End of output of failed program #####
##### vdhankar plays [J b8 d6] in 0.379025936126709s #####
##### Running: /usr/lib/jvm/jdk-14.0.1/bin/java -jar /lab/itti/projects/checkers-competition/server/referee.jar on run_22_vdhankar_irward #####
Move is valid
##### SUCCESS: /usr/lib/jvm/jdk-14.0.1/bin/java -jar /lab/itti/projects/checkers-competition/server/referee.jar on run_22_vdhankar_irward #####
INPUT for irward:
GAME
WHITE
299.048779010773
...W.W..
......W.
...b....
....b...
........
........
.....B..
......B.
##### Running: /usr/bin/time -o time_22_vdhankar_irward.txt -f "%U" ./homework > stulog.txt 2>&1 on irward #####
##### SUCCESS: /usr/bin/time -o time_22_vdhankar_irward.txt -f "%U" ./homework > stulog.txt 2>&1 on irward #####
##### irward plays [E g7 h8] in 0.0403909683227539s #####
##### Running: /usr/lib/jvm/jdk-14.0.1/bin/java -jar /lab/itti/projects/checkers-competition/server/referee.jar on run_22_vdhankar_irward #####
Move is valid
##### SUCCESS: /usr/lib/jvm/jdk-14.0.1/bin/java -jar /lab/itti/projects/checkers-competition/server/referee.jar on run_22_vdhankar_irward #####
INPUT for vdhankar:
GAME
BLACK
20.1999170780182
...W.W.W
........
...b....
....b...
........
........
.....B..
......B.
##### Running: /usr/bin/time -o time_22_vdhankar_irward.txt -f "%U" python3 homework.py > stulog.txt 2>&1 on vdhankar #####
child exited with value 1
##### ERROR: /usr/bin/time -o time_22_vdhankar_irward.txt -f "%U" python3 homework.py > stulog.txt 2>&1 on vdhankar #####
##### Output of failed program (stdout + stderr): #####
Traceback (most recent call last):
  File "homework.py", line 546, in <module>
    print(end-start)
NameError: name 'end' is not defined
##### End of output of failed program #####
##### vdhankar plays [E f2 e3] in 0.407388925552368s #####
##### Running: /usr/lib/jvm/jdk-14.0.1/bin/java -jar /lab/itti/projects/checkers-competition/server/referee.jar on run_22_vdhankar_irward #####
Move is valid
##### SUCCESS: /usr/lib/jvm/jdk-14.0.1/bin/java -jar /lab/itti/projects/checkers-competition/server/referee.jar on run_22_vdhankar_irward #####
INPUT for irward:
GAME
WHITE
299.00838804245
...W.W.W
........
...b....
....b...
........
....B...
........
......B.
##### Running: /usr/bin/time -o time_22_vdhankar_irward.txt -f "%U" ./homework > stulog.txt 2>&1 on irward #####
##### SUCCESS: /usr/bin/time -o time_22_vdhankar_irward.txt -f "%U" ./homework > stulog.txt 2>&1 on irward #####
##### irward plays [E h8 g7] in 0.0219500064849854s #####
##### Running: /usr/lib/jvm/jdk-14.0.1/bin/java -jar /lab/itti/projects/checkers-competition/server/referee.jar on run_22_vdhankar_irward #####
Move is valid
##### SUCCESS: /usr/lib/jvm/jdk-14.0.1/bin/java -jar /lab/itti/projects/checkers-competition/server/referee.jar on run_22_vdhankar_irward #####
INPUT for vdhankar:
GAME
BLACK
19.7925281524658
...W.W..
......W.
...b....
....b...
........
....B...
........
......B.
##### Running: /usr/bin/time -o time_22_vdhankar_irward.txt -f "%U" python3 homework.py > stulog.txt 2>&1 on vdhankar #####
child exited with value 1
##### ERROR: /usr/bin/time -o time_22_vdhankar_irward.txt -f "%U" python3 homework.py > stulog.txt 2>&1 on vdhankar #####
##### Output of failed program (stdout + stderr): #####
Traceback (most recent call last):
  File "homework.py", line 546, in <module>
    print(end-start)
NameError: name 'end' is not defined
##### End of output of failed program #####
##### vdhankar plays [E e5 d4] in 0.754181861877441s #####
##### Running: /usr/lib/jvm/jdk-14.0.1/bin/java -jar /lab/itti/projects/checkers-competition/server/referee.jar on run_22_vdhankar_irward #####
Move is valid
##### SUCCESS: /usr/lib/jvm/jdk-14.0.1/bin/java -jar /lab/itti/projects/checkers-competition/server/referee.jar on run_22_vdhankar_irward #####
INPUT for irward:
GAME
WHITE
298.986438035965
...W.W..
......W.
...b....
........
...b....
....B...
........
......B.
##### Running: /usr/bin/time -o time_22_vdhankar_irward.txt -f "%U" ./homework > stulog.txt 2>&1 on irward #####
##### SUCCESS: /usr/bin/time -o time_22_vdhankar_irward.txt -f "%U" ./homework > stulog.txt 2>&1 on irward #####
##### irward plays [E g7 h8] in 0.014840841293335s #####
##### Running: /usr/lib/jvm/jdk-14.0.1/bin/java -jar /lab/itti/projects/checkers-competition/server/referee.jar on run_22_vdhankar_irward #####
Move is valid
##### SUCCESS: /usr/lib/jvm/jdk-14.0.1/bin/java -jar /lab/itti/projects/checkers-competition/server/referee.jar on run_22_vdhankar_irward #####
INPUT for vdhankar:
GAME
BLACK
19.0383462905884
...W.W.W
........
...b....
........
...b....
....B...
........
......B.
##### Running: /usr/bin/time -o time_22_vdhankar_irward.txt -f "%U" python3 homework.py > stulog.txt 2>&1 on vdhankar #####
child exited with value 1
##### ERROR: /usr/bin/time -o time_22_vdhankar_irward.txt -f "%U" python3 homework.py > stulog.txt 2>&1 on vdhankar #####
##### Output of failed program (stdout + stderr): #####
Traceback (most recent call last):
  File "homework.py", line 546, in <module>
    print(end-start)
NameError: name 'end' is not defined
##### End of output of failed program #####
##### vdhankar plays [E g1 h2] in 0.420673131942749s #####
##### Running: /usr/lib/jvm/jdk-14.0.1/bin/java -jar /lab/itti/projects/checkers-competition/server/referee.jar on run_22_vdhankar_irward #####
Move is valid
##### SUCCESS: /usr/lib/jvm/jdk-14.0.1/bin/java -jar /lab/itti/projects/checkers-competition/server/referee.jar on run_22_vdhankar_irward #####
INPUT for irward:
GAME
WHITE
298.971597194672
...W.W.W
........
...b....
........
...b....
....B...
.......B
........
##### Running: /usr/bin/time -o time_22_vdhankar_irward.txt -f "%U" ./homework > stulog.txt 2>&1 on irward #####
##### SUCCESS: /usr/bin/time -o time_22_vdhankar_irward.txt -f "%U" ./homework > stulog.txt 2>&1 on irward #####
##### irward plays [E h8 g7] in 0.0297820568084717s #####
##### Running: /usr/lib/jvm/jdk-14.0.1/bin/java -jar /lab/itti/projects/checkers-competition/server/referee.jar on run_22_vdhankar_irward #####
Move is valid
##### SUCCESS: /usr/lib/jvm/jdk-14.0.1/bin/java -jar /lab/itti/projects/checkers-competition/server/referee.jar on run_22_vdhankar_irward #####
INPUT for vdhankar:
GAME
BLACK
18.6176731586456
...W.W..
......W.
...b....
........
...b....
....B...
.......B
........
##### Running: /usr/bin/time -o time_22_vdhankar_irward.txt -f "%U" python3 homework.py > stulog.txt 2>&1 on vdhankar #####
child exited with value 1
##### ERROR: /usr/bin/time -o time_22_vdhankar_irward.txt -f "%U" python3 homework.py > stulog.txt 2>&1 on vdhankar #####
##### Output of failed program (stdout + stderr): #####
Traceback (most recent call last):
  File "homework.py", line 546, in <module>
    print(end-start)
NameError: name 'end' is not defined
##### End of output of failed program #####
##### vdhankar plays [E e3 f4] in 0.462370157241821s #####
##### Running: /usr/lib/jvm/jdk-14.0.1/bin/java -jar /lab/itti/projects/checkers-competition/server/referee.jar on run_22_vdhankar_irward #####
Move is valid
##### SUCCESS: /usr/lib/jvm/jdk-14.0.1/bin/java -jar /lab/itti/projects/checkers-competition/server/referee.jar on run_22_vdhankar_irward #####
INPUT for irward:
GAME
WHITE
298.941815137863
...W.W..
......W.
...b....
........
...b.B..
........
.......B
........
##### Running: /usr/bin/time -o time_22_vdhankar_irward.txt -f "%U" ./homework > stulog.txt 2>&1 on irward #####
##### SUCCESS: /usr/bin/time -o time_22_vdhankar_irward.txt -f "%U" ./homework > stulog.txt 2>&1 on irward #####
##### irward plays [E g7 h8] in 0.0136659145355225s #####
##### Running: /usr/lib/jvm/jdk-14.0.1/bin/java -jar /lab/itti/projects/checkers-competition/server/referee.jar on run_22_vdhankar_irward #####
Move is valid
##### SUCCESS: /usr/lib/jvm/jdk-14.0.1/bin/java -jar /lab/itti/projects/checkers-competition/server/referee.jar on run_22_vdhankar_irward #####
INPUT for vdhankar:
GAME
BLACK
18.1553030014038
...W.W.W
........
...b....
........
...b.B..
........
.......B
........
##### Running: /usr/bin/time -o time_22_vdhankar_irward.txt -f "%U" python3 homework.py > stulog.txt 2>&1 on vdhankar #####
child exited with value 1
##### ERROR: /usr/bin/time -o time_22_vdhankar_irward.txt -f "%U" python3 homework.py > stulog.txt 2>&1 on vdhankar #####
##### Output of failed program (stdout + stderr): #####
Traceback (most recent call last):
  File "homework.py", line 546, in <module>
    print(end-start)
NameError: name 'end' is not defined
##### End of output of failed program #####
##### vdhankar plays [E h2 g1] in 0.441937208175659s #####
##### Running: /usr/lib/jvm/jdk-14.0.1/bin/java -jar /lab/itti/projects/checkers-competition/server/referee.jar on run_22_vdhankar_irward #####
Move is valid
##### SUCCESS: /usr/lib/jvm/jdk-14.0.1/bin/java -jar /lab/itti/projects/checkers-competition/server/referee.jar on run_22_vdhankar_irward #####
INPUT for irward:
GAME
WHITE
298.928149223328
...W.W.W
........
...b....
........
...b.B..
........
........
......B.
##### Running: /usr/bin/time -o time_22_vdhankar_irward.txt -f "%U" ./homework > stulog.txt 2>&1 on irward #####
##### SUCCESS: /usr/bin/time -o time_22_vdhankar_irward.txt -f "%U" ./homework > stulog.txt 2>&1 on irward #####
##### irward plays [E h8 g7] in 0.0181632041931152s #####
##### Running: /usr/lib/jvm/jdk-14.0.1/bin/java -jar /lab/itti/projects/checkers-competition/server/referee.jar on run_22_vdhankar_irward #####
Move is valid
##### SUCCESS: /usr/lib/jvm/jdk-14.0.1/bin/java -jar /lab/itti/projects/checkers-competition/server/referee.jar on run_22_vdhankar_irward #####
INPUT for vdhankar:
GAME
BLACK
17.7133657932281
...W.W..
......W.
...b....
........
...b.B..
........
........
......B.
##### Running: /usr/bin/time -o time_22_vdhankar_irward.txt -f "%U" python3 homework.py > stulog.txt 2>&1 on vdhankar #####
child exited with value 1
##### ERROR: /usr/bin/time -o time_22_vdhankar_irward.txt -f "%U" python3 homework.py > stulog.txt 2>&1 on vdhankar #####
##### Output of failed program (stdout + stderr): #####
Traceback (most recent call last):
  File "homework.py", line 546, in <module>
    print(end-start)
NameError: name 'end' is not defined
##### End of output of failed program #####
##### vdhankar plays [E g1 h2] in 0.553584814071655s #####
##### Running: /usr/lib/jvm/jdk-14.0.1/bin/java -jar /lab/itti/projects/checkers-competition/server/referee.jar on run_22_vdhankar_irward #####
Move is valid
##### SUCCESS: /usr/lib/jvm/jdk-14.0.1/bin/java -jar /lab/itti/projects/checkers-competition/server/referee.jar on run_22_vdhankar_irward #####
INPUT for irward:
GAME
WHITE
298.909986019135
...W.W..
......W.
...b....
........
...b.B..
........
.......B
........
##### Running: /usr/bin/time -o time_22_vdhankar_irward.txt -f "%U" ./homework > stulog.txt 2>&1 on irward #####
##### SUCCESS: /usr/bin/time -o time_22_vdhankar_irward.txt -f "%U" ./homework > stulog.txt 2>&1 on irward #####
##### irward plays [E g7 h8] in 0.0124659538269043s #####
##### Running: /usr/lib/jvm/jdk-14.0.1/bin/java -jar /lab/itti/projects/checkers-competition/server/referee.jar on run_22_vdhankar_irward #####
Move is valid
##### SUCCESS: /usr/lib/jvm/jdk-14.0.1/bin/java -jar /lab/itti/projects/checkers-competition/server/referee.jar on run_22_vdhankar_irward #####
INPUT for vdhankar:
GAME
BLACK
17.1597809791565
...W.W.W
........
...b....
........
...b.B..
........
.......B
........
##### Running: /usr/bin/time -o time_22_vdhankar_irward.txt -f "%U" python3 homework.py > stulog.txt 2>&1 on vdhankar #####
child exited with value 1
##### ERROR: /usr/bin/time -o time_22_vdhankar_irward.txt -f "%U" python3 homework.py > stulog.txt 2>&1 on vdhankar #####
##### Output of failed program (stdout + stderr): #####
Traceback (most recent call last):
  File "homework.py", line 546, in <module>
    print(end-start)
NameError: name 'end' is not defined
##### End of output of failed program #####
##### vdhankar plays [E h2 g1] in 0.449740171432495s #####
##### Running: /usr/lib/jvm/jdk-14.0.1/bin/java -jar /lab/itti/projects/checkers-competition/server/referee.jar on run_22_vdhankar_irward #####
Move is valid
##### SUCCESS: /usr/lib/jvm/jdk-14.0.1/bin/java -jar /lab/itti/projects/checkers-competition/server/referee.jar on run_22_vdhankar_irward #####
INPUT for irward:
GAME
WHITE
298.897520065308
...W.W.W
........
...b....
........
...b.B..
........
........
......B.
##### Running: /usr/bin/time -o time_22_vdhankar_irward.txt -f "%U" ./homework > stulog.txt 2>&1 on irward #####
##### SUCCESS: /usr/bin/time -o time_22_vdhankar_irward.txt -f "%U" ./homework > stulog.txt 2>&1 on irward #####
##### irward plays [E h8 g7] in 0.0110650062561035s #####
##### Running: /usr/lib/jvm/jdk-14.0.1/bin/java -jar /lab/itti/projects/checkers-competition/server/referee.jar on run_22_vdhankar_irward #####
Move is valid
##### SUCCESS: /usr/lib/jvm/jdk-14.0.1/bin/java -jar /lab/itti/projects/checkers-competition/server/referee.jar on run_22_vdhankar_irward #####
INPUT for vdhankar:
GAME
BLACK
16.710040807724
...W.W..
......W.
...b....
........
...b.B..
........
........
......B.
##### Running: /usr/bin/time -o time_22_vdhankar_irward.txt -f "%U" python3 homework.py > stulog.txt 2>&1 on vdhankar #####
child exited with value 1
##### ERROR: /usr/bin/time -o time_22_vdhankar_irward.txt -f "%U" python3 homework.py > stulog.txt 2>&1 on vdhankar #####
##### Output of failed program (stdout + stderr): #####
Traceback (most recent call last):
  File "homework.py", line 546, in <module>
    print(end-start)
NameError: name 'end' is not defined
##### End of output of failed program #####
##### vdhankar plays [E g1 h2] in 0.692125797271729s #####
##### Running: /usr/lib/jvm/jdk-14.0.1/bin/java -jar /lab/itti/projects/checkers-competition/server/referee.jar on run_22_vdhankar_irward #####
Move is valid
##### SUCCESS: /usr/lib/jvm/jdk-14.0.1/bin/java -jar /lab/itti/projects/checkers-competition/server/referee.jar on run_22_vdhankar_irward #####
INPUT for irward:
GAME
WHITE
298.886455059052
...W.W..
......W.
...b....
........
...b.B..
........
.......B
........
##### Running: /usr/bin/time -o time_22_vdhankar_irward.txt -f "%U" ./homework > stulog.txt 2>&1 on irward #####
##### SUCCESS: /usr/bin/time -o time_22_vdhankar_irward.txt -f "%U" ./homework > stulog.txt 2>&1 on irward #####
##### irward plays [E g7 h8] in 0.0876538753509521s #####
##### Running: /usr/lib/jvm/jdk-14.0.1/bin/java -jar /lab/itti/projects/checkers-competition/server/referee.jar on run_22_vdhankar_irward #####
Move is valid
Seen this position 3 times
*** Game ends in draw ***
##### SUCCESS: /usr/lib/jvm/jdk-14.0.1/bin/java -jar /lab/itti/projects/checkers-competition/server/referee.jar on run_22_vdhankar_irward #####
##### GAME ENDS IN A DRAW. Time left for vdhankar: 16.0179150104523s, irward: 298.798801183701s
Server said: DRAW
##### GAME OVER: the game ends in a draw, irward wins by time remaining #####
########## ROUND 22 GAMESCORE AFTER GAME 1: vdhankar=0 and irward=1 ##########
#################### ROUND 22: vdhankar (W) vs irward (B): game 2 ####################
##### game start! #####
INPUT for irward:
GAME
BLACK
300
.b.b.b.b
b.b.b.b.
.b.b.b.b
........
........
w.w.w.w.
.w.w.w.w
w.w.w.w.
##### Running: /usr/bin/time -o time_22_vdhankar_irward.txt -f "%U" ./homework > stulog.txt 2>&1 on irward #####
##### SUCCESS: /usr/bin/time -o time_22_vdhankar_irward.txt -f "%U" ./homework > stulog.txt 2>&1 on irward #####
##### irward plays [E b6 c5] in 0.0361039638519287s #####
##### Running: /usr/lib/jvm/jdk-14.0.1/bin/java -jar /lab/itti/projects/checkers-competition/server/referee.jar on run_22_vdhankar_irward #####
Move is valid
Couldn't read file 'current_ply.txt'
Couldn't read content from file 'current_ply.txt'
Couldn't read file 'lastmatchange_ply.txt'
Couldn't read content from file 'lastmatchange_ply.txt'
##### SUCCESS: /usr/lib/jvm/jdk-14.0.1/bin/java -jar /lab/itti/projects/checkers-competition/server/referee.jar on run_22_vdhankar_irward #####
INPUT for vdhankar:
GAME
WHITE
300
.b.b.b.b
b.b.b.b.
...b.b.b
..b.....
........
w.w.w.w.
.w.w.w.w
w.w.w.w.
##### Running: /usr/bin/time -o time_22_vdhankar_irward.txt -f "%U" python3 homework.py > stulog.txt 2>&1 on vdhankar #####
child exited with value 1
##### ERROR: /usr/bin/time -o time_22_vdhankar_irward.txt -f "%U" python3 homework.py > stulog.txt 2>&1 on vdhankar #####
##### Output of failed program (stdout + stderr): #####
Traceback (most recent call last):
  File "homework.py", line 546, in <module>
    print(end-start)
NameError: name 'end' is not defined
##### End of output of failed program #####
##### vdhankar plays [E g3 h4] in 9.51857399940491s #####
##### Running: /usr/lib/jvm/jdk-14.0.1/bin/java -jar /lab/itti/projects/checkers-competition/server/referee.jar on run_22_vdhankar_irward #####
Move is valid
##### SUCCESS: /usr/lib/jvm/jdk-14.0.1/bin/java -jar /lab/itti/projects/checkers-competition/server/referee.jar on run_22_vdhankar_irward #####
INPUT for irward:
GAME
BLACK
299.963896036148
.b.b.b.b
b.b.b.b.
...b.b.b
..b.....
.......w
w.w.w...
.w.w.w.w
w.w.w.w.
##### Running: /usr/bin/time -o time_22_vdhankar_irward.txt -f "%U" ./homework > stulog.txt 2>&1 on irward #####
##### SUCCESS: /usr/bin/time -o time_22_vdhankar_irward.txt -f "%U" ./homework > stulog.txt 2>&1 on irward #####
##### irward plays [E f6 g5] in 0.01419997215271s #####
##### Running: /usr/lib/jvm/jdk-14.0.1/bin/java -jar /lab/itti/projects/checkers-competition/server/referee.jar on run_22_vdhankar_irward #####
Move is valid
##### SUCCESS: /usr/lib/jvm/jdk-14.0.1/bin/java -jar /lab/itti/projects/checkers-competition/server/referee.jar on run_22_vdhankar_irward #####
INPUT for vdhankar:
GAME
WHITE
290.481426000595
.b.b.b.b
b.b.b.b.
...b...b
..b...b.
.......w
w.w.w...
.w.w.w.w
w.w.w.w.
##### Running: /usr/bin/time -o time_22_vdhankar_irward.txt -f "%U" python3 homework.py > stulog.txt 2>&1 on vdhankar #####
child exited with value 1
##### ERROR: /usr/bin/time -o time_22_vdhankar_irward.txt -f "%U" python3 homework.py > stulog.txt 2>&1 on vdhankar #####
##### Output of failed program (stdout + stderr): #####
Traceback (most recent call last):
  File "homework.py", line 546, in <module>
    print(end-start)
NameError: name 'end' is not defined
##### End of output of failed program #####
##### vdhankar plays [J h4 f6] in 2.92068600654602s #####
##### Running: /usr/lib/jvm/jdk-14.0.1/bin/java -jar /lab/itti/projects/checkers-competition/server/referee.jar on run_22_vdhankar_irward #####
Move is valid
##### SUCCESS: /usr/lib/jvm/jdk-14.0.1/bin/java -jar /lab/itti/projects/checkers-competition/server/referee.jar on run_22_vdhankar_irward #####
INPUT for irward:
GAME
BLACK
299.949696063995
.b.b.b.b
b.b.b.b.
...b.w.b
..b.....
........
w.w.w...
.w.w.w.w
w.w.w.w.
##### Running: /usr/bin/time -o time_22_vdhankar_irward.txt -f "%U" ./homework > stulog.txt 2>&1 on irward #####
##### SUCCESS: /usr/bin/time -o time_22_vdhankar_irward.txt -f "%U" ./homework > stulog.txt 2>&1 on irward #####
##### irward plays [J e7 g5] in 0.0444409847259521s #####
##### Running: /usr/lib/jvm/jdk-14.0.1/bin/java -jar /lab/itti/projects/checkers-competition/server/referee.jar on run_22_vdhankar_irward #####
Move is valid
##### SUCCESS: /usr/lib/jvm/jdk-14.0.1/bin/java -jar /lab/itti/projects/checkers-competition/server/referee.jar on run_22_vdhankar_irward #####
INPUT for vdhankar:
GAME
WHITE
287.560739994049
.b.b.b.b
b.b...b.
...b...b
..b...b.
........
w.w.w...
.w.w.w.w
w.w.w.w.
##### Running: /usr/bin/time -o time_22_vdhankar_irward.txt -f "%U" python3 homework.py > stulog.txt 2>&1 on vdhankar #####
child exited with value 1
##### ERROR: /usr/bin/time -o time_22_vdhankar_irward.txt -f "%U" python3 homework.py > stulog.txt 2>&1 on vdhankar #####
##### Output of failed program (stdout + stderr): #####
Traceback (most recent call last):
  File "homework.py", line 546, in <module>
    print(end-start)
NameError: name 'end' is not defined
##### End of output of failed program #####
##### vdhankar plays [E e3 d4] in 16.4857099056244s #####
##### Running: /usr/lib/jvm/jdk-14.0.1/bin/java -jar /lab/itti/projects/checkers-competition/server/referee.jar on run_22_vdhankar_irward #####
Move is valid
##### SUCCESS: /usr/lib/jvm/jdk-14.0.1/bin/java -jar /lab/itti/projects/checkers-competition/server/referee.jar on run_22_vdhankar_irward #####
INPUT for irward:
GAME
BLACK
299.905255079269
.b.b.b.b
b.b...b.
...b...b
..b...b.
...w....
w.w.....
.w.w.w.w
w.w.w.w.
##### Running: /usr/bin/time -o time_22_vdhankar_irward.txt -f "%U" ./homework > stulog.txt 2>&1 on irward #####
##### SUCCESS: /usr/bin/time -o time_22_vdhankar_irward.txt -f "%U" ./homework > stulog.txt 2>&1 on irward #####
##### irward plays [J c5 e3] in 0.0112030506134033s #####
##### Running: /usr/lib/jvm/jdk-14.0.1/bin/java -jar /lab/itti/projects/checkers-competition/server/referee.jar on run_22_vdhankar_irward #####
Move is valid
##### SUCCESS: /usr/lib/jvm/jdk-14.0.1/bin/java -jar /lab/itti/projects/checkers-competition/server/referee.jar on run_22_vdhankar_irward #####
INPUT for vdhankar:
GAME
WHITE
271.075030088425
.b.b.b.b
b.b...b.
...b...b
......b.
........
w.w.b...
.w.w.w.w
w.w.w.w.
##### Running: /usr/bin/time -o time_22_vdhankar_irward.txt -f "%U" python3 homework.py > stulog.txt 2>&1 on vdhankar #####
child exited with value 1
##### ERROR: /usr/bin/time -o time_22_vdhankar_irward.txt -f "%U" python3 homework.py > stulog.txt 2>&1 on vdhankar #####
##### Output of failed program (stdout + stderr): #####
Traceback (most recent call last):
  File "homework.py", line 546, in <module>
    print(end-start)
NameError: name 'end' is not defined
##### End of output of failed program #####
##### vdhankar plays [J f2 d4] in 6.09115314483643s #####
##### Running: /usr/lib/jvm/jdk-14.0.1/bin/java -jar /lab/itti/projects/checkers-competition/server/referee.jar on run_22_vdhankar_irward #####
Move is valid
##### SUCCESS: /usr/lib/jvm/jdk-14.0.1/bin/java -jar /lab/itti/projects/checkers-competition/server/referee.jar on run_22_vdhankar_irward #####
INPUT for irward:
GAME
BLACK
299.894052028656
.b.b.b.b
b.b...b.
...b...b
......b.
...w....
w.w.....
.w.w...w
w.w.w.w.
##### Running: /usr/bin/time -o time_22_vdhankar_irward.txt -f "%U" ./homework > stulog.txt 2>&1 on irward #####
##### SUCCESS: /usr/bin/time -o time_22_vdhankar_irward.txt -f "%U" ./homework > stulog.txt 2>&1 on irward #####
##### irward plays [E d6 e5] in 0.014117956161499s #####
##### Running: /usr/lib/jvm/jdk-14.0.1/bin/java -jar /lab/itti/projects/checkers-competition/server/referee.jar on run_22_vdhankar_irward #####
Move is valid
##### SUCCESS: /usr/lib/jvm/jdk-14.0.1/bin/java -jar /lab/itti/projects/checkers-competition/server/referee.jar on run_22_vdhankar_irward #####
INPUT for vdhankar:
GAME
WHITE
264.983876943588
.b.b.b.b
b.b...b.
.......b
....b.b.
...w....
w.w.....
.w.w...w
w.w.w.w.
##### Running: /usr/bin/time -o time_22_vdhankar_irward.txt -f "%U" python3 homework.py > stulog.txt 2>&1 on vdhankar #####
child exited with value 1
##### ERROR: /usr/bin/time -o time_22_vdhankar_irward.txt -f "%U" python3 homework.py > stulog.txt 2>&1 on vdhankar #####
##### Output of failed program (stdout + stderr): #####
Traceback (most recent call last):
  File "homework.py", line 546, in <module>
    print(end-start)
NameError: name 'end' is not defined
##### End of output of failed program #####
##### vdhankar plays [J d4 f6] in 3.27720403671265s #####
##### Running: /usr/lib/jvm/jdk-14.0.1/bin/java -jar /lab/itti/projects/checkers-competition/server/referee.jar on run_22_vdhankar_irward #####
Move is valid
##### SUCCESS: /usr/lib/jvm/jdk-14.0.1/bin/java -jar /lab/itti/projects/checkers-competition/server/referee.jar on run_22_vdhankar_irward #####
INPUT for irward:
GAME
BLACK
299.879934072495
.b.b.b.b
b.b...b.
.....w.b
......b.
........
w.w.....
.w.w...w
w.w.w.w.
##### Running: /usr/bin/time -o time_22_vdhankar_irward.txt -f "%U" ./homework > stulog.txt 2>&1 on irward #####
##### SUCCESS: /usr/bin/time -o time_22_vdhankar_irward.txt -f "%U" ./homework > stulog.txt 2>&1 on irward #####
##### irward plays [J g7 e5] in 0.0287461280822754s #####
##### Running: /usr/lib/jvm/jdk-14.0.1/bin/java -jar /lab/itti/projects/checkers-competition/server/referee.jar on run_22_vdhankar_irward #####
Move is valid
##### SUCCESS: /usr/lib/jvm/jdk-14.0.1/bin/java -jar /lab/itti/projects/checkers-competition/server/referee.jar on run_22_vdhankar_irward #####
INPUT for vdhankar:
GAME
WHITE
261.706672906876
.b.b.b.b
b.b.....
.......b
....b.b.
........
w.w.....
.w.w...w
w.w.w.w.
##### Running: /usr/bin/time -o time_22_vdhankar_irward.txt -f "%U" python3 homework.py > stulog.txt 2>&1 on vdhankar #####
child exited with value 1
##### ERROR: /usr/bin/time -o time_22_vdhankar_irward.txt -f "%U" python3 homework.py > stulog.txt 2>&1 on vdhankar #####
##### Output of failed program (stdout + stderr): #####
Traceback (most recent call last):
  File "homework.py", line 546, in <module>
    print(end-start)
NameError: name 'end' is not defined
##### End of output of failed program #####
##### vdhankar plays [E c3 d4] in 48.1426320075989s #####
##### Running: /usr/lib/jvm/jdk-14.0.1/bin/java -jar /lab/itti/projects/checkers-competition/server/referee.jar on run_22_vdhankar_irward #####
Move is valid
##### SUCCESS: /usr/lib/jvm/jdk-14.0.1/bin/java -jar /lab/itti/projects/checkers-competition/server/referee.jar on run_22_vdhankar_irward #####
INPUT for irward:
GAME
BLACK
299.851187944412
.b.b.b.b
b.b.....
.......b
....b.b.
...w....
w.......
.w.w...w
w.w.w.w.
##### Running: /usr/bin/time -o time_22_vdhankar_irward.txt -f "%U" ./homework > stulog.txt 2>&1 on irward #####
##### SUCCESS: /usr/bin/time -o time_22_vdhankar_irward.txt -f "%U" ./homework > stulog.txt 2>&1 on irward #####
##### irward plays [J e5 c3] in 0.0153219699859619s #####
##### Running: /usr/lib/jvm/jdk-14.0.1/bin/java -jar /lab/itti/projects/checkers-competition/server/referee.jar on run_22_vdhankar_irward #####
Move is valid
##### SUCCESS: /usr/lib/jvm/jdk-14.0.1/bin/java -jar /lab/itti/projects/checkers-competition/server/referee.jar on run_22_vdhankar_irward #####
INPUT for vdhankar:
GAME
WHITE
213.564040899277
.b.b.b.b
b.b.....
.......b
......b.
........
w.b.....
.w.w...w
w.w.w.w.
##### Running: /usr/bin/time -o time_22_vdhankar_irward.txt -f "%U" python3 homework.py > stulog.txt 2>&1 on vdhankar #####
child exited with value 1
##### ERROR: /usr/bin/time -o time_22_vdhankar_irward.txt -f "%U" python3 homework.py > stulog.txt 2>&1 on vdhankar #####
##### Output of failed program (stdout + stderr): #####
Traceback (most recent call last):
  File "homework.py", line 546, in <module>
    print(end-start)
NameError: name 'end' is not defined
##### End of output of failed program #####
##### vdhankar plays [J b2 d4] in 22.417062997818s #####
##### Running: /usr/lib/jvm/jdk-14.0.1/bin/java -jar /lab/itti/projects/checkers-competition/server/referee.jar on run_22_vdhankar_irward #####
Move is valid
##### SUCCESS: /usr/lib/jvm/jdk-14.0.1/bin/java -jar /lab/itti/projects/checkers-competition/server/referee.jar on run_22_vdhankar_irward #####
INPUT for irward:
GAME
BLACK
299.835865974426
.b.b.b.b
b.b.....
.......b
......b.
...w....
w.......
...w...w
w.w.w.w.
##### Running: /usr/bin/time -o time_22_vdhankar_irward.txt -f "%U" ./homework > stulog.txt 2>&1 on irward #####
##### SUCCESS: /usr/bin/time -o time_22_vdhankar_irward.txt -f "%U" ./homework > stulog.txt 2>&1 on irward #####
##### irward plays [E d8 e7] in 0.0221638679504395s #####
##### Running: /usr/lib/jvm/jdk-14.0.1/bin/java -jar /lab/itti/projects/checkers-competition/server/referee.jar on run_22_vdhankar_irward #####
Move is valid
##### SUCCESS: /usr/lib/jvm/jdk-14.0.1/bin/java -jar /lab/itti/projects/checkers-competition/server/referee.jar on run_22_vdhankar_irward #####
INPUT for vdhankar:
GAME
WHITE
191.146977901459
.b...b.b
b.b.b...
.......b
......b.
...w....
w.......
...w...w
w.w.w.w.
##### Running: /usr/bin/time -o time_22_vdhankar_irward.txt -f "%U" python3 homework.py > stulog.txt 2>&1 on vdhankar #####
child exited with value 1
##### ERROR: /usr/bin/time -o time_22_vdhankar_irward.txt -f "%U" python3 homework.py > stulog.txt 2>&1 on vdhankar #####
##### Output of failed program (stdout + stderr): #####
Traceback (most recent call last):
  File "homework.py", line 546, in <module>
    print(end-start)
NameError: name 'end' is not defined
##### End of output of failed program #####
##### vdhankar plays [E h2 g3] in 59.9651160240173s #####
##### Running: /usr/lib/jvm/jdk-14.0.1/bin/java -jar /lab/itti/projects/checkers-competition/server/referee.jar on run_22_vdhankar_irward #####
Move is valid
##### SUCCESS: /usr/lib/jvm/jdk-14.0.1/bin/java -jar /lab/itti/projects/checkers-competition/server/referee.jar on run_22_vdhankar_irward #####
INPUT for irward:
GAME
BLACK
299.813702106476
.b...b.b
b.b.b...
.......b
......b.
...w....
w.....w.
...w....
w.w.w.w.
##### Running: /usr/bin/time -o time_22_vdhankar_irward.txt -f "%U" ./homework > stulog.txt 2>&1 on irward #####
##### SUCCESS: /usr/bin/time -o time_22_vdhankar_irward.txt -f "%U" ./homework > stulog.txt 2>&1 on irward #####
##### irward plays [E f8 g7] in 0.0214259624481201s #####
##### Running: /usr/lib/jvm/jdk-14.0.1/bin/java -jar /lab/itti/projects/checkers-competition/server/referee.jar on run_22_vdhankar_irward #####
Move is valid
##### SUCCESS: /usr/lib/jvm/jdk-14.0.1/bin/java -jar /lab/itti/projects/checkers-competition/server/referee.jar on run_22_vdhankar_irward #####
INPUT for vdhankar:
GAME
WHITE
131.181861877441
.b.....b
b.b.b.b.
.......b
......b.
...w....
w.....w.
...w....
w.w.w.w.
##### Running: /usr/bin/time -o time_22_vdhankar_irward.txt -f "%U" python3 homework.py > stulog.txt 2>&1 on vdhankar #####
child exited with value 1
##### ERROR: /usr/bin/time -o time_22_vdhankar_irward.txt -f "%U" python3 homework.py > stulog.txt 2>&1 on vdhankar #####
##### Output of failed program (stdout + stderr): #####
Traceback (most recent call last):
  File "homework.py", line 546, in <module>
    print(end-start)
NameError: name 'end' is not defined
##### End of output of failed program #####
##### vdhankar plays [E g1 f2] in 38.1415128707886s #####
##### Running: /usr/lib/jvm/jdk-14.0.1/bin/java -jar /lab/itti/projects/checkers-competition/server/referee.jar on run_22_vdhankar_irward #####
Move is valid
##### SUCCESS: /usr/lib/jvm/jdk-14.0.1/bin/java -jar /lab/itti/projects/checkers-competition/server/referee.jar on run_22_vdhankar_irward #####
INPUT for irward:
GAME
BLACK
299.792276144028
.b.....b
b.b.b.b.
.......b
......b.
...w....
w.....w.
...w.w..
w.w.w...
##### Running: /usr/bin/time -o time_22_vdhankar_irward.txt -f "%U" ./homework > stulog.txt 2>&1 on irward #####
##### SUCCESS: /usr/bin/time -o time_22_vdhankar_irward.txt -f "%U" ./homework > stulog.txt 2>&1 on irward #####
##### irward plays [E a7 b6] in 0.0168581008911133s #####
##### Running: /usr/lib/jvm/jdk-14.0.1/bin/java -jar /lab/itti/projects/checkers-competition/server/referee.jar on run_22_vdhankar_irward #####
Move is valid
##### SUCCESS: /usr/lib/jvm/jdk-14.0.1/bin/java -jar /lab/itti/projects/checkers-competition/server/referee.jar on run_22_vdhankar_irward #####
INPUT for vdhankar:
GAME
WHITE
93.0403490066528
.b.....b
..b.b.b.
.b.....b
......b.
...w....
w.....w.
...w.w..
w.w.w...
##### Running: /usr/bin/time -o time_22_vdhankar_irward.txt -f "%U" python3 homework.py > stulog.txt 2>&1 on vdhankar #####
child exited with value 1
##### ERROR: /usr/bin/time -o time_22_vdhankar_irward.txt -f "%U" python3 homework.py > stulog.txt 2>&1 on vdhankar #####
##### Output of failed program (stdout + stderr): #####
Traceback (most recent call last):
  File "homework.py", line 546, in <module>
    print(end-start)
NameError: name 'end' is not defined
##### End of output of failed program #####
##### vdhankar plays [E d2 e3] in 20.8715121746063s #####
##### Running: /usr/lib/jvm/jdk-14.0.1/bin/java -jar /lab/itti/projects/checkers-competition/server/referee.jar on run_22_vdhankar_irward #####
Move is valid
##### SUCCESS: /usr/lib/jvm/jdk-14.0.1/bin/java -jar /lab/itti/projects/checkers-competition/server/referee.jar on run_22_vdhankar_irward #####
INPUT for irward:
GAME
BLACK
299.775418043137
.b.....b
..b.b.b.
.b.....b
......b.
...w....
w...w.w.
.....w..
w.w.w...
##### Running: /usr/bin/time -o time_22_vdhankar_irward.txt -f "%U" ./homework > stulog.txt 2>&1 on irward #####
##### SUCCESS: /usr/bin/time -o time_22_vdhankar_irward.txt -f "%U" ./homework > stulog.txt 2>&1 on irward #####
##### irward plays [E c7 d6] in 0.0130589008331299s #####
##### Running: /usr/lib/jvm/jdk-14.0.1/bin/java -jar /lab/itti/projects/checkers-competition/server/referee.jar on run_22_vdhankar_irward #####
Move is valid
##### SUCCESS: /usr/lib/jvm/jdk-14.0.1/bin/java -jar /lab/itti/projects/checkers-competition/server/referee.jar on run_22_vdhankar_irward #####
INPUT for vdhankar:
GAME
WHITE
72.1688368320465
.b.....b
....b.b.
.b.b...b
......b.
...w....
w...w.w.
.....w..
w.w.w...
##### Running: /usr/bin/time -o time_22_vdhankar_irward.txt -f "%U" python3 homework.py > stulog.txt 2>&1 on vdhankar #####
child exited with value 1
##### ERROR: /usr/bin/time -o time_22_vdhankar_irward.txt -f "%U" python3 homework.py > stulog.txt 2>&1 on vdhankar #####
##### Output of failed program (stdout + stderr): #####
Traceback (most recent call last):
  File "homework.py", line 546, in <module>
    print(end-start)
NameError: name 'end' is not defined
##### End of output of failed program #####
##### vdhankar plays [E a3 b4] in 6.78260207176208s #####
##### Running: /usr/lib/jvm/jdk-14.0.1/bin/java -jar /lab/itti/projects/checkers-competition/server/referee.jar on run_22_vdhankar_irward #####
Move is valid
##### SUCCESS: /usr/lib/jvm/jdk-14.0.1/bin/java -jar /lab/itti/projects/checkers-competition/server/referee.jar on run_22_vdhankar_irward #####
INPUT for irward:
GAME
BLACK
299.762359142303
.b.....b
....b.b.
.b.b...b
......b.
.w.w....
....w.w.
.....w..
w.w.w...
##### Running: /usr/bin/time -o time_22_vdhankar_irward.txt -f "%U" ./homework > stulog.txt 2>&1 on irward #####
##### SUCCESS: /usr/bin/time -o time_22_vdhankar_irward.txt -f "%U" ./homework > stulog.txt 2>&1 on irward #####
##### irward plays [E b8 c7] in 0.0512368679046631s #####
##### Running: /usr/lib/jvm/jdk-14.0.1/bin/java -jar /lab/itti/projects/checkers-competition/server/referee.jar on run_22_vdhankar_irward #####
Move is valid
##### SUCCESS: /usr/lib/jvm/jdk-14.0.1/bin/java -jar /lab/itti/projects/checkers-competition/server/referee.jar on run_22_vdhankar_irward #####
INPUT for vdhankar:
GAME
WHITE
65.3862347602844
.......b
..b.b.b.
.b.b...b
......b.
.w.w....
....w.w.
.....w..
w.w.w...
##### Running: /usr/bin/time -o time_22_vdhankar_irward.txt -f "%U" python3 homework.py > stulog.txt 2>&1 on vdhankar #####
child exited with value 1
##### ERROR: /usr/bin/time -o time_22_vdhankar_irward.txt -f "%U" python3 homework.py > stulog.txt 2>&1 on vdhankar #####
##### Output of failed program (stdout + stderr): #####
Traceback (most recent call last):
  File "homework.py", line 546, in <module>
    print(end-start)
NameError: name 'end' is not defined
##### End of output of failed program #####
##### vdhankar plays [E g3 f4] in 8.44681215286255s #####
##### Running: /usr/lib/jvm/jdk-14.0.1/bin/java -jar /lab/itti/projects/checkers-competition/server/referee.jar on run_22_vdhankar_irward #####
Move is valid
##### SUCCESS: /usr/lib/jvm/jdk-14.0.1/bin/java -jar /lab/itti/projects/checkers-competition/server/referee.jar on run_22_vdhankar_irward #####
INPUT for irward:
GAME
BLACK
299.711122274399
.......b
..b.b.b.
.b.b...b
......b.
.w.w.w..
....w...
.....w..
w.w.w...
##### Running: /usr/bin/time -o time_22_vdhankar_irward.txt -f "%U" ./homework > stulog.txt 2>&1 on irward #####
##### SUCCESS: /usr/bin/time -o time_22_vdhankar_irward.txt -f "%U" ./homework > stulog.txt 2>&1 on irward #####
##### irward plays [E b6 a5] in 0.0494470596313477s #####
##### Running: /usr/lib/jvm/jdk-14.0.1/bin/java -jar /lab/itti/projects/checkers-competition/server/referee.jar on run_22_vdhankar_irward #####
Move is valid
##### SUCCESS: /usr/lib/jvm/jdk-14.0.1/bin/java -jar /lab/itti/projects/checkers-competition/server/referee.jar on run_22_vdhankar_irward #####
INPUT for vdhankar:
GAME
WHITE
56.9394226074219
.......b
..b.b.b.
...b...b
b.....b.
.w.w.w..
....w...
.....w..
w.w.w...
##### Running: /usr/bin/time -o time_22_vdhankar_irward.txt -f "%U" python3 homework.py > stulog.txt 2>&1 on vdhankar #####
child exited with value 1
##### ERROR: /usr/bin/time -o time_22_vdhankar_irward.txt -f "%U" python3 homework.py > stulog.txt 2>&1 on vdhankar #####
##### Output of failed program (stdout + stderr): #####
Traceback (most recent call last):
  File "homework.py", line 546, in <module>
    print(end-start)
NameError: name 'end' is not defined
##### End of output of failed program #####
##### vdhankar plays [E d4 e5] in 2.48685908317566s #####
##### Running: /usr/lib/jvm/jdk-14.0.1/bin/java -jar /lab/itti/projects/checkers-competition/server/referee.jar on run_22_vdhankar_irward #####
Move is valid
##### SUCCESS: /usr/lib/jvm/jdk-14.0.1/bin/java -jar /lab/itti/projects/checkers-competition/server/referee.jar on run_22_vdhankar_irward #####
INPUT for irward:
GAME
BLACK
299.661675214767
.......b
..b.b.b.
...b...b
b...w.b.
.w...w..
....w...
.....w..
w.w.w...
##### Running: /usr/bin/time -o time_22_vdhankar_irward.txt -f "%U" ./homework > stulog.txt 2>&1 on irward #####
##### SUCCESS: /usr/bin/time -o time_22_vdhankar_irward.txt -f "%U" ./homework > stulog.txt 2>&1 on irward #####
##### irward plays [J a5 c3] in 0.066741943359375s #####
##### Running: /usr/lib/jvm/jdk-14.0.1/bin/java -jar /lab/itti/projects/checkers-competition/server/referee.jar on run_22_vdhankar_irward #####
Move is valid
##### SUCCESS: /usr/lib/jvm/jdk-14.0.1/bin/java -jar /lab/itti/projects/checkers-competition/server/referee.jar on run_22_vdhankar_irward #####
INPUT for vdhankar:
GAME
WHITE
54.4525635242462
.......b
..b.b.b.
...b...b
....w.b.
.....w..
..b.w...
.....w..
w.w.w...
##### Running: /usr/bin/time -o time_22_vdhankar_irward.txt -f "%U" python3 homework.py > stulog.txt 2>&1 on vdhankar #####
child exited with value 1
##### ERROR: /usr/bin/time -o time_22_vdhankar_irward.txt -f "%U" python3 homework.py > stulog.txt 2>&1 on vdhankar #####
##### Output of failed program (stdout + stderr): #####
Traceback (most recent call last):
  File "homework.py", line 546, in <module>
    print(end-start)
NameError: name 'end' is not defined
##### End of output of failed program #####
##### vdhankar plays [E e5 f6] in 0.884388208389282s #####
##### Running: /usr/lib/jvm/jdk-14.0.1/bin/java -jar /lab/itti/projects/checkers-competition/server/referee.jar on run_22_vdhankar_irward #####
Move is valid
##### SUCCESS: /usr/lib/jvm/jdk-14.0.1/bin/java -jar /lab/itti/projects/checkers-competition/server/referee.jar on run_22_vdhankar_irward #####
INPUT for irward:
GAME
BLACK
299.594933271408
.......b
..b.b.b.
...b.w.b
......b.
.....w..
..b.w...
.....w..
w.w.w...
##### Running: /usr/bin/time -o time_22_vdhankar_irward.txt -f "%U" ./homework > stulog.txt 2>&1 on irward #####
##### SUCCESS: /usr/bin/time -o time_22_vdhankar_irward.txt -f "%U" ./homework > stulog.txt 2>&1 on irward #####
##### irward plays [J g7 e5 ; J e5 g3] in 0.0148332118988037s #####
##### Running: /usr/lib/jvm/jdk-14.0.1/bin/java -jar /lab/itti/projects/checkers-competition/server/referee.jar on run_22_vdhankar_irward #####
Move is valid
##### SUCCESS: /usr/lib/jvm/jdk-14.0.1/bin/java -jar /lab/itti/projects/checkers-competition/server/referee.jar on run_22_vdhankar_irward #####
INPUT for vdhankar:
GAME
WHITE
53.5681753158569
.......b
..b.b...
...b...b
......b.
........
..b.w.b.
.....w..
w.w.w...
##### Running: /usr/bin/time -o time_22_vdhankar_irward.txt -f "%U" python3 homework.py > stulog.txt 2>&1 on vdhankar #####
child exited with value 1
##### ERROR: /usr/bin/time -o time_22_vdhankar_irward.txt -f "%U" python3 homework.py > stulog.txt 2>&1 on vdhankar #####
##### Output of failed program (stdout + stderr): #####
Traceback (most recent call last):
  File "homework.py", line 546, in <module>
    print(end-start)
NameError: name 'end' is not defined
##### End of output of failed program #####
##### vdhankar plays [J f2 h4 ; J h4 f6 ; J f6 d8] in 1.43463683128357s #####
##### Running: /usr/lib/jvm/jdk-14.0.1/bin/java -jar /lab/itti/projects/checkers-competition/server/referee.jar on run_22_vdhankar_irward #####
Move is valid
##### SUCCESS: /usr/lib/jvm/jdk-14.0.1/bin/java -jar /lab/itti/projects/checkers-competition/server/referee.jar on run_22_vdhankar_irward #####
INPUT for irward:
GAME
BLACK
299.580100059509
...W...b
..b.....
...b...b
........
........
..b.w...
........
w.w.w...
##### Running: /usr/bin/time -o time_22_vdhankar_irward.txt -f "%U" ./homework > stulog.txt 2>&1 on irward #####
##### SUCCESS: /usr/bin/time -o time_22_vdhankar_irward.txt -f "%U" ./homework > stulog.txt 2>&1 on irward #####
##### irward plays [E d6 e5] in 0.0292251110076904s #####
##### Running: /usr/lib/jvm/jdk-14.0.1/bin/java -jar /lab/itti/projects/checkers-competition/server/referee.jar on run_22_vdhankar_irward #####
Move is valid
##### SUCCESS: /usr/lib/jvm/jdk-14.0.1/bin/java -jar /lab/itti/projects/checkers-competition/server/referee.jar on run_22_vdhankar_irward #####
INPUT for vdhankar:
GAME
WHITE
52.1335384845734
...W...b
..b.....
.......b
....b...
........
..b.w...
........
w.w.w...
##### Running: /usr/bin/time -o time_22_vdhankar_irward.txt -f "%U" python3 homework.py > stulog.txt 2>&1 on vdhankar #####
child exited with value 1
##### ERROR: /usr/bin/time -o time_22_vdhankar_irward.txt -f "%U" python3 homework.py > stulog.txt 2>&1 on vdhankar #####
##### Output of failed program (stdout + stderr): #####
Traceback (most recent call last):
  File "homework.py", line 546, in <module>
    print(end-start)
NameError: name 'end' is not defined
##### End of output of failed program #####
##### vdhankar plays [J d8 b6] in 2.05653095245361s #####
##### Running: /usr/lib/jvm/jdk-14.0.1/bin/java -jar /lab/itti/projects/checkers-competition/server/referee.jar on run_22_vdhankar_irward #####
Move is valid
##### SUCCESS: /usr/lib/jvm/jdk-14.0.1/bin/java -jar /lab/itti/projects/checkers-competition/server/referee.jar on run_22_vdhankar_irward #####
INPUT for irward:
GAME
BLACK
299.550874948502
.......b
........
.W.....b
....b...
........
..b.w...
........
w.w.w...
##### Running: /usr/bin/time -o time_22_vdhankar_irward.txt -f "%U" ./homework > stulog.txt 2>&1 on irward #####
##### SUCCESS: /usr/bin/time -o time_22_vdhankar_irward.txt -f "%U" ./homework > stulog.txt 2>&1 on irward #####
##### irward plays [E e5 f4] in 0.0160250663757324s #####
##### Running: /usr/lib/jvm/jdk-14.0.1/bin/java -jar /lab/itti/projects/checkers-competition/server/referee.jar on run_22_vdhankar_irward #####
Move is valid
##### SUCCESS: /usr/lib/jvm/jdk-14.0.1/bin/java -jar /lab/itti/projects/checkers-competition/server/referee.jar on run_22_vdhankar_irward #####
INPUT for vdhankar:
GAME
WHITE
50.0770075321198
.......b
........
.W.....b
........
.....b..
..b.w...
........
w.w.w...
##### Running: /usr/bin/time -o time_22_vdhankar_irward.txt -f "%U" python3 homework.py > stulog.txt 2>&1 on vdhankar #####
child exited with value 1
##### ERROR: /usr/bin/time -o time_22_vdhankar_irward.txt -f "%U" python3 homework.py > stulog.txt 2>&1 on vdhankar #####
##### Output of failed program (stdout + stderr): #####
Traceback (most recent call last):
  File "homework.py", line 546, in <module>
    print(end-start)
NameError: name 'end' is not defined
##### End of output of failed program #####
##### vdhankar plays [J e3 g5] in 1.05342197418213s #####
##### Running: /usr/lib/jvm/jdk-14.0.1/bin/java -jar /lab/itti/projects/checkers-competition/server/referee.jar on run_22_vdhankar_irward #####
Move is valid
##### SUCCESS: /usr/lib/jvm/jdk-14.0.1/bin/java -jar /lab/itti/projects/checkers-competition/server/referee.jar on run_22_vdhankar_irward #####
INPUT for irward:
GAME
BLACK
299.534849882126
.......b
........
.W.....b
......w.
........
..b.....
........
w.w.w...
##### Running: /usr/bin/time -o time_22_vdhankar_irward.txt -f "%U" ./homework > stulog.txt 2>&1 on irward #####
##### SUCCESS: /usr/bin/time -o time_22_vdhankar_irward.txt -f "%U" ./homework > stulog.txt 2>&1 on irward #####
##### irward plays [J h6 f4] in 0.046281099319458s #####
##### Running: /usr/lib/jvm/jdk-14.0.1/bin/java -jar /lab/itti/projects/checkers-competition/server/referee.jar on run_22_vdhankar_irward #####
Move is valid
##### SUCCESS: /usr/lib/jvm/jdk-14.0.1/bin/java -jar /lab/itti/projects/checkers-competition/server/referee.jar on run_22_vdhankar_irward #####
INPUT for vdhankar:
GAME
WHITE
49.0235855579376
.......b
........
.W......
........
.....b..
..b.....
........
w.w.w...
##### Running: /usr/bin/time -o time_22_vdhankar_irward.txt -f "%U" python3 homework.py > stulog.txt 2>&1 on vdhankar #####
child exited with value 1
##### ERROR: /usr/bin/time -o time_22_vdhankar_irward.txt -f "%U" python3 homework.py > stulog.txt 2>&1 on vdhankar #####
##### Output of failed program (stdout + stderr): #####
Traceback (most recent call last):
  File "homework.py", line 546, in <module>
    print(end-start)
NameError: name 'end' is not defined
##### End of output of failed program #####
##### vdhankar plays [E e1 f2] in 2.21020078659058s #####
##### Running: /usr/lib/jvm/jdk-14.0.1/bin/java -jar /lab/itti/projects/checkers-competition/server/referee.jar on run_22_vdhankar_irward #####
Move is valid
##### SUCCESS: /usr/lib/jvm/jdk-14.0.1/bin/java -jar /lab/itti/projects/checkers-competition/server/referee.jar on run_22_vdhankar_irward #####
INPUT for irward:
GAME
BLACK
299.488568782806
.......b
........
.W......
........
.....b..
..b.....
.....w..
w.w.....
##### Running: /usr/bin/time -o time_22_vdhankar_irward.txt -f "%U" ./homework > stulog.txt 2>&1 on irward #####
##### SUCCESS: /usr/bin/time -o time_22_vdhankar_irward.txt -f "%U" ./homework > stulog.txt 2>&1 on irward #####
##### irward plays [E h8 g7] in 0.0134329795837402s #####
##### Running: /usr/lib/jvm/jdk-14.0.1/bin/java -jar /lab/itti/projects/checkers-competition/server/referee.jar on run_22_vdhankar_irward #####
Move is valid
##### SUCCESS: /usr/lib/jvm/jdk-14.0.1/bin/java -jar /lab/itti/projects/checkers-competition/server/referee.jar on run_22_vdhankar_irward #####
INPUT for vdhankar:
GAME
WHITE
46.813384771347
........
......b.
.W......
........
.....b..
..b.....
.....w..
w.w.....
##### Running: /usr/bin/time -o time_22_vdhankar_irward.txt -f "%U" python3 homework.py > stulog.txt 2>&1 on vdhankar #####
child exited with value 1
##### ERROR: /usr/bin/time -o time_22_vdhankar_irward.txt -f "%U" python3 homework.py > stulog.txt 2>&1 on vdhankar #####
##### Output of failed program (stdout + stderr): #####
Traceback (most recent call last):
  File "homework.py", line 546, in <module>
    print(end-start)
NameError: name 'end' is not defined
##### End of output of failed program #####
##### vdhankar plays [E b6 c5] in 1.36751699447632s #####
##### Running: /usr/lib/jvm/jdk-14.0.1/bin/java -jar /lab/itti/projects/checkers-competition/server/referee.jar on run_22_vdhankar_irward #####
Move is valid
##### SUCCESS: /usr/lib/jvm/jdk-14.0.1/bin/java -jar /lab/itti/projects/checkers-competition/server/referee.jar on run_22_vdhankar_irward #####
INPUT for irward:
GAME
BLACK
299.475135803223
........
......b.
........
..W.....
.....b..
..b.....
.....w..
w.w.....
##### Running: /usr/bin/time -o time_22_vdhankar_irward.txt -f "%U" ./homework > stulog.txt 2>&1 on irward #####
##### SUCCESS: /usr/bin/time -o time_22_vdhankar_irward.txt -f "%U" ./homework > stulog.txt 2>&1 on irward #####
##### irward plays [E c3 d2] in 0.0601019859313965s #####
##### Running: /usr/lib/jvm/jdk-14.0.1/bin/java -jar /lab/itti/projects/checkers-competition/server/referee.jar on run_22_vdhankar_irward #####
Move is valid
##### SUCCESS: /usr/lib/jvm/jdk-14.0.1/bin/java -jar /lab/itti/projects/checkers-competition/server/referee.jar on run_22_vdhankar_irward #####
INPUT for vdhankar:
GAME
WHITE
45.4458677768707
........
......b.
........
..W.....
.....b..
........
...b.w..
w.w.....
##### Running: /usr/bin/time -o time_22_vdhankar_irward.txt -f "%U" python3 homework.py > stulog.txt 2>&1 on vdhankar #####
child exited with value 1
##### ERROR: /usr/bin/time -o time_22_vdhankar_irward.txt -f "%U" python3 homework.py > stulog.txt 2>&1 on vdhankar #####
##### Output of failed program (stdout + stderr): #####
Traceback (most recent call last):
  File "homework.py", line 546, in <module>
    print(end-start)
NameError: name 'end' is not defined
##### End of output of failed program #####
##### vdhankar plays [J c1 e3 ; J e3 g5] in 0.381773948669434s #####
##### Running: /usr/lib/jvm/jdk-14.0.1/bin/java -jar /lab/itti/projects/checkers-competition/server/referee.jar on run_22_vdhankar_irward #####
Move is valid
##### SUCCESS: /usr/lib/jvm/jdk-14.0.1/bin/java -jar /lab/itti/projects/checkers-competition/server/referee.jar on run_22_vdhankar_irward #####
INPUT for irward:
GAME
BLACK
299.415033817291
........
......b.
........
..W...w.
........
........
.....w..
w.......
##### Running: /usr/bin/time -o time_22_vdhankar_irward.txt -f "%U" ./homework > stulog.txt 2>&1 on irward #####
##### SUCCESS: /usr/bin/time -o time_22_vdhankar_irward.txt -f "%U" ./homework > stulog.txt 2>&1 on irward #####
##### irward plays [E g7 f6] in 0.048274040222168s #####
##### Running: /usr/lib/jvm/jdk-14.0.1/bin/java -jar /lab/itti/projects/checkers-competition/server/referee.jar on run_22_vdhankar_irward #####
Move is valid
##### SUCCESS: /usr/lib/jvm/jdk-14.0.1/bin/java -jar /lab/itti/projects/checkers-competition/server/referee.jar on run_22_vdhankar_irward #####
INPUT for vdhankar:
GAME
WHITE
45.0640938282013
........
........
.....b..
..W...w.
........
........
.....w..
w.......
##### Running: /usr/bin/time -o time_22_vdhankar_irward.txt -f "%U" python3 homework.py > stulog.txt 2>&1 on vdhankar #####
child exited with value 1
##### ERROR: /usr/bin/time -o time_22_vdhankar_irward.txt -f "%U" python3 homework.py > stulog.txt 2>&1 on vdhankar #####
##### Output of failed program (stdout + stderr): #####
Traceback (most recent call last):
  File "homework.py", line 546, in <module>
    print(end-start)
NameError: name 'end' is not defined
##### End of output of failed program #####
##### vdhankar plays [J g5 e7] in 0.322183132171631s #####
##### Running: /usr/lib/jvm/jdk-14.0.1/bin/java -jar /lab/itti/projects/checkers-competition/server/referee.jar on run_22_vdhankar_irward #####
Move is valid
After this move, player BLACK cannot make any moves
*** Winner: WHITE ***
##### SUCCESS: /usr/lib/jvm/jdk-14.0.1/bin/java -jar /lab/itti/projects/checkers-competition/server/referee.jar on run_22_vdhankar_irward #####
##### GAME OVER: vdhankar wins the game! #####
Server said: WIN
########## ROUND 22 GAMESCORE AFTER GAME 2: vdhankar=1 and irward=1 ##########
#################### ROUND 22: vdhankar (B) vs irward (W): game 3 ####################
##### game start! #####
INPUT for vdhankar:
GAME
BLACK
300
.b.b.b.b
b.b.b.b.
.b.b.b.b
........
........
w.w.w.w.
.w.w.w.w
w.w.w.w.
##### Running: /usr/bin/time -o time_22_vdhankar_irward.txt -f "%U" python3 homework.py > stulog.txt 2>&1 on vdhankar #####
child exited with value 1
##### ERROR: /usr/bin/time -o time_22_vdhankar_irward.txt -f "%U" python3 homework.py > stulog.txt 2>&1 on vdhankar #####
##### Output of failed program (stdout + stderr): #####
Traceback (most recent call last):
  File "homework.py", line 546, in <module>
    print(end-start)
NameError: name 'end' is not defined
##### End of output of failed program #####
##### vdhankar plays [E h6 g5] in 11.5821299552917s #####
##### Running: /usr/lib/jvm/jdk-14.0.1/bin/java -jar /lab/itti/projects/checkers-competition/server/referee.jar on run_22_vdhankar_irward #####
Move is valid
Couldn't read file 'current_ply.txt'
Couldn't read content from file 'current_ply.txt'
Couldn't read file 'lastmatchange_ply.txt'
Couldn't read content from file 'lastmatchange_ply.txt'
##### SUCCESS: /usr/lib/jvm/jdk-14.0.1/bin/java -jar /lab/itti/projects/checkers-competition/server/referee.jar on run_22_vdhankar_irward #####
INPUT for irward:
GAME
WHITE
300
.b.b.b.b
b.b.b.b.
.b.b.b..
......b.
........
w.w.w.w.
.w.w.w.w
w.w.w.w.
##### Running: /usr/bin/time -o time_22_vdhankar_irward.txt -f "%U" ./homework > stulog.txt 2>&1 on irward #####
##### SUCCESS: /usr/bin/time -o time_22_vdhankar_irward.txt -f "%U" ./homework > stulog.txt 2>&1 on irward #####
##### irward plays [E e3 f4] in 0.0370588302612305s #####
##### Running: /usr/lib/jvm/jdk-14.0.1/bin/java -jar /lab/itti/projects/checkers-competition/server/referee.jar on run_22_vdhankar_irward #####
Move is valid
##### SUCCESS: /usr/lib/jvm/jdk-14.0.1/bin/java -jar /lab/itti/projects/checkers-competition/server/referee.jar on run_22_vdhankar_irward #####
INPUT for vdhankar:
GAME
BLACK
288.417870044708
.b.b.b.b
b.b.b.b.
.b.b.b..
......b.
.....w..
w.w...w.
.w.w.w.w
w.w.w.w.
##### Running: /usr/bin/time -o time_22_vdhankar_irward.txt -f "%U" python3 homework.py > stulog.txt 2>&1 on vdhankar #####
child exited with value 1
##### ERROR: /usr/bin/time -o time_22_vdhankar_irward.txt -f "%U" python3 homework.py > stulog.txt 2>&1 on vdhankar #####
##### Output of failed program (stdout + stderr): #####
Traceback (most recent call last):
  File "homework.py", line 546, in <module>
    print(end-start)
NameError: name 'end' is not defined
##### End of output of failed program #####
##### vdhankar plays [J g5 e3] in 2.69303894042969s #####
##### Running: /usr/lib/jvm/jdk-14.0.1/bin/java -jar /lab/itti/projects/checkers-competition/server/referee.jar on run_22_vdhankar_irward #####
Move is valid
##### SUCCESS: /usr/lib/jvm/jdk-14.0.1/bin/java -jar /lab/itti/projects/checkers-competition/server/referee.jar on run_22_vdhankar_irward #####
INPUT for irward:
GAME
WHITE
299.962941169739
.b.b.b.b
b.b.b.b.
.b.b.b..
........
........
w.w.b.w.
.w.w.w.w
w.w.w.w.
##### Running: /usr/bin/time -o time_22_vdhankar_irward.txt -f "%U" ./homework > stulog.txt 2>&1 on irward #####
##### SUCCESS: /usr/bin/time -o time_22_vdhankar_irward.txt -f "%U" ./homework > stulog.txt 2>&1 on irward #####
##### irward plays [J f2 d4] in 0.0102710723876953s #####
##### Running: /usr/lib/jvm/jdk-14.0.1/bin/java -jar /lab/itti/projects/checkers-competition/server/referee.jar on run_22_vdhankar_irward #####
Move is valid
##### SUCCESS: /usr/lib/jvm/jdk-14.0.1/bin/java -jar /lab/itti/projects/checkers-competition/server/referee.jar on run_22_vdhankar_irward #####
INPUT for vdhankar:
GAME
BLACK
285.724831104279
.b.b.b.b
b.b.b.b.
.b.b.b..
........
...w....
w.w...w.
.w.w...w
w.w.w.w.
##### Running: /usr/bin/time -o time_22_vdhankar_irward.txt -f "%U" python3 homework.py > stulog.txt 2>&1 on vdhankar #####
child exited with value 1
##### ERROR: /usr/bin/time -o time_22_vdhankar_irward.txt -f "%U" python3 homework.py > stulog.txt 2>&1 on vdhankar #####
##### Output of failed program (stdout + stderr): #####
Traceback (most recent call last):
  File "homework.py", line 546, in <module>
    print(end-start)
NameError: name 'end' is not defined
##### End of output of failed program #####
##### vdhankar plays [E f6 e5] in 8.23329210281372s #####
##### Running: /usr/lib/jvm/jdk-14.0.1/bin/java -jar /lab/itti/projects/checkers-competition/server/referee.jar on run_22_vdhankar_irward #####
Move is valid
##### SUCCESS: /usr/lib/jvm/jdk-14.0.1/bin/java -jar /lab/itti/projects/checkers-competition/server/referee.jar on run_22_vdhankar_irward #####
INPUT for irward:
GAME
WHITE
299.952670097351
.b.b.b.b
b.b.b.b.
.b.b....
....b...
...w....
w.w...w.
.w.w...w
w.w.w.w.
##### Running: /usr/bin/time -o time_22_vdhankar_irward.txt -f "%U" ./homework > stulog.txt 2>&1 on irward #####
##### SUCCESS: /usr/bin/time -o time_22_vdhankar_irward.txt -f "%U" ./homework > stulog.txt 2>&1 on irward #####
##### irward plays [J d4 f6] in 0.0103538036346436s #####
##### Running: /usr/lib/jvm/jdk-14.0.1/bin/java -jar /lab/itti/projects/checkers-competition/server/referee.jar on run_22_vdhankar_irward #####
Move is valid
##### SUCCESS: /usr/lib/jvm/jdk-14.0.1/bin/java -jar /lab/itti/projects/checkers-competition/server/referee.jar on run_22_vdhankar_irward #####
INPUT for vdhankar:
GAME
BLACK
277.491539001465
.b.b.b.b
b.b.b.b.
.b.b.w..
........
........
w.w...w.
.w.w...w
w.w.w.w.
##### Running: /usr/bin/time -o time_22_vdhankar_irward.txt -f "%U" python3 homework.py > stulog.txt 2>&1 on vdhankar #####
child exited with value 1
##### ERROR: /usr/bin/time -o time_22_vdhankar_irward.txt -f "%U" python3 homework.py > stulog.txt 2>&1 on vdhankar #####
##### Output of failed program (stdout + stderr): #####
Traceback (most recent call last):
  File "homework.py", line 546, in <module>
    print(end-start)
NameError: name 'end' is not defined
##### End of output of failed program #####
##### vdhankar plays [J g7 e5] in 20.8376281261444s #####
##### Running: /usr/lib/jvm/jdk-14.0.1/bin/java -jar /lab/itti/projects/checkers-competition/server/referee.jar on run_22_vdhankar_irward #####
Move is valid
##### SUCCESS: /usr/lib/jvm/jdk-14.0.1/bin/java -jar /lab/itti/projects/checkers-competition/server/referee.jar on run_22_vdhankar_irward #####
INPUT for irward:
GAME
WHITE
299.942316293716
.b.b.b.b
b.b.b...
.b.b....
....b...
........
w.w...w.
.w.w...w
w.w.w.w.
##### Running: /usr/bin/time -o time_22_vdhankar_irward.txt -f "%U" ./homework > stulog.txt 2>&1 on irward #####
##### SUCCESS: /usr/bin/time -o time_22_vdhankar_irward.txt -f "%U" ./homework > stulog.txt 2>&1 on irward #####
##### irward plays [E g3 f4] in 0.0216238498687744s #####
##### Running: /usr/lib/jvm/jdk-14.0.1/bin/java -jar /lab/itti/projects/checkers-competition/server/referee.jar on run_22_vdhankar_irward #####
Move is valid
##### SUCCESS: /usr/lib/jvm/jdk-14.0.1/bin/java -jar /lab/itti/projects/checkers-competition/server/referee.jar on run_22_vdhankar_irward #####
INPUT for vdhankar:
GAME
BLACK
256.65391087532
.b.b.b.b
b.b.b...
.b.b....
....b...
.....w..
w.w.....
.w.w...w
w.w.w.w.
##### Running: /usr/bin/time -o time_22_vdhankar_irward.txt -f "%U" python3 homework.py > stulog.txt 2>&1 on vdhankar #####
child exited with value 1
##### ERROR: /usr/bin/time -o time_22_vdhankar_irward.txt -f "%U" python3 homework.py > stulog.txt 2>&1 on vdhankar #####
##### Output of failed program (stdout + stderr): #####
Traceback (most recent call last):
  File "homework.py", line 546, in <module>
    print(end-start)
NameError: name 'end' is not defined
##### End of output of failed program #####
##### vdhankar plays [J e5 g3] in 4.23174905776978s #####
##### Running: /usr/lib/jvm/jdk-14.0.1/bin/java -jar /lab/itti/projects/checkers-competition/server/referee.jar on run_22_vdhankar_irward #####
Move is valid
##### SUCCESS: /usr/lib/jvm/jdk-14.0.1/bin/java -jar /lab/itti/projects/checkers-competition/server/referee.jar on run_22_vdhankar_irward #####
INPUT for irward:
GAME
WHITE
299.920692443848
.b.b.b.b
b.b.b...
.b.b....
........
........
w.w...b.
.w.w...w
w.w.w.w.
##### Running: /usr/bin/time -o time_22_vdhankar_irward.txt -f "%U" ./homework > stulog.txt 2>&1 on irward #####
##### SUCCESS: /usr/bin/time -o time_22_vdhankar_irward.txt -f "%U" ./homework > stulog.txt 2>&1 on irward #####
##### irward plays [J h2 f4] in 0.0115888118743896s #####
##### Running: /usr/lib/jvm/jdk-14.0.1/bin/java -jar /lab/itti/projects/checkers-competition/server/referee.jar on run_22_vdhankar_irward #####
Move is valid
##### SUCCESS: /usr/lib/jvm/jdk-14.0.1/bin/java -jar /lab/itti/projects/checkers-competition/server/referee.jar on run_22_vdhankar_irward #####
INPUT for vdhankar:
GAME
BLACK
252.422161817551
.b.b.b.b
b.b.b...
.b.b....
........
.....w..
w.w.....
.w.w....
w.w.w.w.
##### Running: /usr/bin/time -o time_22_vdhankar_irward.txt -f "%U" python3 homework.py > stulog.txt 2>&1 on vdhankar #####
child exited with value 1
##### ERROR: /usr/bin/time -o time_22_vdhankar_irward.txt -f "%U" python3 homework.py > stulog.txt 2>&1 on vdhankar #####
##### Output of failed program (stdout + stderr): #####
Traceback (most recent call last):
  File "homework.py", line 546, in <module>
    print(end-start)
NameError: name 'end' is not defined
##### End of output of failed program #####
##### vdhankar plays [E d6 c5] in 26.1274709701538s #####
##### Running: /usr/lib/jvm/jdk-14.0.1/bin/java -jar /lab/itti/projects/checkers-competition/server/referee.jar on run_22_vdhankar_irward #####
Move is valid
##### SUCCESS: /usr/lib/jvm/jdk-14.0.1/bin/java -jar /lab/itti/projects/checkers-competition/server/referee.jar on run_22_vdhankar_irward #####
INPUT for irward:
GAME
WHITE
299.909103631973
.b.b.b.b
b.b.b...
.b......
..b.....
.....w..
w.w.....
.w.w....
w.w.w.w.
##### Running: /usr/bin/time -o time_22_vdhankar_irward.txt -f "%U" ./homework > stulog.txt 2>&1 on irward #####
##### SUCCESS: /usr/bin/time -o time_22_vdhankar_irward.txt -f "%U" ./homework > stulog.txt 2>&1 on irward #####
##### irward plays [E g1 f2] in 0.0131731033325195s #####
##### Running: /usr/lib/jvm/jdk-14.0.1/bin/java -jar /lab/itti/projects/checkers-competition/server/referee.jar on run_22_vdhankar_irward #####
Move is valid
##### SUCCESS: /usr/lib/jvm/jdk-14.0.1/bin/java -jar /lab/itti/projects/checkers-competition/server/referee.jar on run_22_vdhankar_irward #####
INPUT for vdhankar:
GAME
BLACK
226.294690847397
.b.b.b.b
b.b.b...
.b......
..b.....
.....w..
w.w.....
.w.w.w..
w.w.w...
##### Running: /usr/bin/time -o time_22_vdhankar_irward.txt -f "%U" python3 homework.py > stulog.txt 2>&1 on vdhankar #####
child exited with value 1
##### ERROR: /usr/bin/time -o time_22_vdhankar_irward.txt -f "%U" python3 homework.py > stulog.txt 2>&1 on vdhankar #####
##### Output of failed program (stdout + stderr): #####
Traceback (most recent call last):
  File "homework.py", line 546, in <module>
    print(end-start)
NameError: name 'end' is not defined
##### End of output of failed program #####
##### vdhankar plays [E b6 a5] in 22.8513979911804s #####
##### Running: /usr/lib/jvm/jdk-14.0.1/bin/java -jar /lab/itti/projects/checkers-competition/server/referee.jar on run_22_vdhankar_irward #####
Move is valid
##### SUCCESS: /usr/lib/jvm/jdk-14.0.1/bin/java -jar /lab/itti/projects/checkers-competition/server/referee.jar on run_22_vdhankar_irward #####
INPUT for irward:
GAME
WHITE
299.895930528641
.b.b.b.b
b.b.b...
........
b.b.....
.....w..
w.w.....
.w.w.w..
w.w.w...
##### Running: /usr/bin/time -o time_22_vdhankar_irward.txt -f "%U" ./homework > stulog.txt 2>&1 on irward #####
##### SUCCESS: /usr/bin/time -o time_22_vdhankar_irward.txt -f "%U" ./homework > stulog.txt 2>&1 on irward #####
##### irward plays [E c3 b4] in 0.0481791496276855s #####
##### Running: /usr/lib/jvm/jdk-14.0.1/bin/java -jar /lab/itti/projects/checkers-competition/server/referee.jar on run_22_vdhankar_irward #####
Move is valid
##### SUCCESS: /usr/lib/jvm/jdk-14.0.1/bin/java -jar /lab/itti/projects/checkers-competition/server/referee.jar on run_22_vdhankar_irward #####
INPUT for vdhankar:
GAME
BLACK
203.443292856216
.b.b.b.b
b.b.b...
........
b.b.....
.w...w..
w.......
.w.w.w..
w.w.w...
##### Running: /usr/bin/time -o time_22_vdhankar_irward.txt -f "%U" python3 homework.py > stulog.txt 2>&1 on vdhankar #####
child exited with value 1
##### ERROR: /usr/bin/time -o time_22_vdhankar_irward.txt -f "%U" python3 homework.py > stulog.txt 2>&1 on vdhankar #####
##### Output of failed program (stdout + stderr): #####
Traceback (most recent call last):
  File "homework.py", line 546, in <module>
    print(end-start)
NameError: name 'end' is not defined
##### End of output of failed program #####
##### vdhankar plays [J a5 c3] in 1.27991580963135s #####
##### Running: /usr/lib/jvm/jdk-14.0.1/bin/java -jar /lab/itti/projects/checkers-competition/server/referee.jar on run_22_vdhankar_irward #####
Move is valid
##### SUCCESS: /usr/lib/jvm/jdk-14.0.1/bin/java -jar /lab/itti/projects/checkers-competition/server/referee.jar on run_22_vdhankar_irward #####
INPUT for irward:
GAME
WHITE
299.847751379013
.b.b.b.b
b.b.b...
........
..b.....
.....w..
w.b.....
.w.w.w..
w.w.w...
##### Running: /usr/bin/time -o time_22_vdhankar_irward.txt -f "%U" ./homework > stulog.txt 2>&1 on irward #####
##### SUCCESS: /usr/bin/time -o time_22_vdhankar_irward.txt -f "%U" ./homework > stulog.txt 2>&1 on irward #####
##### irward plays [J d2 b4 ; J b4 d6] in 0.0145931243896484s #####
##### Running: /usr/lib/jvm/jdk-14.0.1/bin/java -jar /lab/itti/projects/checkers-competition/server/referee.jar on run_22_vdhankar_irward #####
Move is valid
##### SUCCESS: /usr/lib/jvm/jdk-14.0.1/bin/java -jar /lab/itti/projects/checkers-competition/server/referee.jar on run_22_vdhankar_irward #####
INPUT for vdhankar:
GAME
BLACK
202.163377046585
.b.b.b.b
b.b.b...
...w....
........
.....w..
w.......
.w...w..
w.w.w...
##### Running: /usr/bin/time -o time_22_vdhankar_irward.txt -f "%U" python3 homework.py > stulog.txt 2>&1 on vdhankar #####
child exited with value 1
##### ERROR: /usr/bin/time -o time_22_vdhankar_irward.txt -f "%U" python3 homework.py > stulog.txt 2>&1 on vdhankar #####
##### Output of failed program (stdout + stderr): #####
Traceback (most recent call last):
  File "homework.py", line 546, in <module>
    print(end-start)
NameError: name 'end' is not defined
##### End of output of failed program #####
##### vdhankar plays [J c7 e5 ; J e5 g3] in 8.09079194068909s #####
##### Running: /usr/lib/jvm/jdk-14.0.1/bin/java -jar /lab/itti/projects/checkers-competition/server/referee.jar on run_22_vdhankar_irward #####
Move is valid
##### SUCCESS: /usr/lib/jvm/jdk-14.0.1/bin/java -jar /lab/itti/projects/checkers-competition/server/referee.jar on run_22_vdhankar_irward #####
INPUT for irward:
GAME
WHITE
299.833158254623
.b.b.b.b
b...b...
........
........
........
w.....b.
.w...w..
w.w.w...
##### Running: /usr/bin/time -o time_22_vdhankar_irward.txt -f "%U" ./homework > stulog.txt 2>&1 on irward #####
##### SUCCESS: /usr/bin/time -o time_22_vdhankar_irward.txt -f "%U" ./homework > stulog.txt 2>&1 on irward #####
##### irward plays [J f2 h4] in 0.01236891746521s #####
##### Running: /usr/lib/jvm/jdk-14.0.1/bin/java -jar /lab/itti/projects/checkers-competition/server/referee.jar on run_22_vdhankar_irward #####
Move is valid
##### SUCCESS: /usr/lib/jvm/jdk-14.0.1/bin/java -jar /lab/itti/projects/checkers-competition/server/referee.jar on run_22_vdhankar_irward #####
INPUT for vdhankar:
GAME
BLACK
194.072585105896
.b.b.b.b
b...b...
........
........
.......w
w.......
.w......
w.w.w...
##### Running: /usr/bin/time -o time_22_vdhankar_irward.txt -f "%U" python3 homework.py > stulog.txt 2>&1 on vdhankar #####
child exited with value 1
##### ERROR: /usr/bin/time -o time_22_vdhankar_irward.txt -f "%U" python3 homework.py > stulog.txt 2>&1 on vdhankar #####
##### Output of failed program (stdout + stderr): #####
Traceback (most recent call last):
  File "homework.py", line 546, in <module>
    print(end-start)
NameError: name 'end' is not defined
##### End of output of failed program #####
##### vdhankar plays [E e7 d6] in 25.7281749248505s #####
##### Running: /usr/lib/jvm/jdk-14.0.1/bin/java -jar /lab/itti/projects/checkers-competition/server/referee.jar on run_22_vdhankar_irward #####
Move is valid
##### SUCCESS: /usr/lib/jvm/jdk-14.0.1/bin/java -jar /lab/itti/projects/checkers-competition/server/referee.jar on run_22_vdhankar_irward #####
INPUT for irward:
GAME
WHITE
299.820789337158
.b.b.b.b
b.......
...b....
........
.......w
w.......
.w......
w.w.w...
##### Running: /usr/bin/time -o time_22_vdhankar_irward.txt -f "%U" ./homework > stulog.txt 2>&1 on irward #####
##### SUCCESS: /usr/bin/time -o time_22_vdhankar_irward.txt -f "%U" ./homework > stulog.txt 2>&1 on irward #####
##### irward plays [E e1 d2] in 0.0136570930480957s #####
##### Running: /usr/lib/jvm/jdk-14.0.1/bin/java -jar /lab/itti/projects/checkers-competition/server/referee.jar on run_22_vdhankar_irward #####
Move is valid
##### SUCCESS: /usr/lib/jvm/jdk-14.0.1/bin/java -jar /lab/itti/projects/checkers-competition/server/referee.jar on run_22_vdhankar_irward #####
INPUT for vdhankar:
GAME
BLACK
168.344410181046
.b.b.b.b
b.......
...b....
........
.......w
w.......
.w.w....
w.w.....
##### Running: /usr/bin/time -o time_22_vdhankar_irward.txt -f "%U" python3 homework.py > stulog.txt 2>&1 on vdhankar #####
child exited with value 1
##### ERROR: /usr/bin/time -o time_22_vdhankar_irward.txt -f "%U" python3 homework.py > stulog.txt 2>&1 on vdhankar #####
##### Output of failed program (stdout + stderr): #####
Traceback (most recent call last):
  File "homework.py", line 546, in <module>
    print(end-start)
NameError: name 'end' is not defined
##### End of output of failed program #####
##### vdhankar plays [E h8 g7] in 37.1865561008453s #####
##### Running: /usr/lib/jvm/jdk-14.0.1/bin/java -jar /lab/itti/projects/checkers-competition/server/referee.jar on run_22_vdhankar_irward #####
Move is valid
##### SUCCESS: /usr/lib/jvm/jdk-14.0.1/bin/java -jar /lab/itti/projects/checkers-competition/server/referee.jar on run_22_vdhankar_irward #####
INPUT for irward:
GAME
WHITE
299.80713224411
.b.b.b..
b.....b.
...b....
........
.......w
w.......
.w.w....
w.w.....
##### Running: /usr/bin/time -o time_22_vdhankar_irward.txt -f "%U" ./homework > stulog.txt 2>&1 on irward #####
##### SUCCESS: /usr/bin/time -o time_22_vdhankar_irward.txt -f "%U" ./homework > stulog.txt 2>&1 on irward #####
##### irward plays [E d2 c3] in 0.0113229751586914s #####
##### Running: /usr/lib/jvm/jdk-14.0.1/bin/java -jar /lab/itti/projects/checkers-competition/server/referee.jar on run_22_vdhankar_irward #####
Move is valid
##### SUCCESS: /usr/lib/jvm/jdk-14.0.1/bin/java -jar /lab/itti/projects/checkers-competition/server/referee.jar on run_22_vdhankar_irward #####
INPUT for vdhankar:
GAME
BLACK
131.1578540802
.b.b.b..
b.....b.
...b....
........
.......w
w.w.....
.w......
w.w.....
##### Running: /usr/bin/time -o time_22_vdhankar_irward.txt -f "%U" python3 homework.py > stulog.txt 2>&1 on vdhankar #####
child exited with value 1
##### ERROR: /usr/bin/time -o time_22_vdhankar_irward.txt -f "%U" python3 homework.py > stulog.txt 2>&1 on vdhankar #####
##### Output of failed program (stdout + stderr): #####
Traceback (most recent call last):
  File "homework.py", line 546, in <module>
    print(end-start)
NameError: name 'end' is not defined
##### End of output of failed program #####
##### vdhankar plays [E d6 c5] in 22.6540379524231s #####
##### Running: /usr/lib/jvm/jdk-14.0.1/bin/java -jar /lab/itti/projects/checkers-competition/server/referee.jar on run_22_vdhankar_irward #####
Move is valid
##### SUCCESS: /usr/lib/jvm/jdk-14.0.1/bin/java -jar /lab/itti/projects/checkers-competition/server/referee.jar on run_22_vdhankar_irward #####
INPUT for irward:
GAME
WHITE
299.795809268951
.b.b.b..
b.....b.
........
..b.....
.......w
w.w.....
.w......
w.w.....
##### Running: /usr/bin/time -o time_22_vdhankar_irward.txt -f "%U" ./homework > stulog.txt 2>&1 on irward #####
##### SUCCESS: /usr/bin/time -o time_22_vdhankar_irward.txt -f "%U" ./homework > stulog.txt 2>&1 on irward #####
##### irward plays [E c1 d2] in 0.0130829811096191s #####
##### Running: /usr/lib/jvm/jdk-14.0.1/bin/java -jar /lab/itti/projects/checkers-competition/server/referee.jar on run_22_vdhankar_irward #####
Move is valid
##### SUCCESS: /usr/lib/jvm/jdk-14.0.1/bin/java -jar /lab/itti/projects/checkers-competition/server/referee.jar on run_22_vdhankar_irward #####
INPUT for vdhankar:
GAME
BLACK
108.503816127777
.b.b.b..
b.....b.
........
..b.....
.......w
w.w.....
.w.w....
w.......
##### Running: /usr/bin/time -o time_22_vdhankar_irward.txt -f "%U" python3 homework.py > stulog.txt 2>&1 on vdhankar #####
child exited with value 1
##### ERROR: /usr/bin/time -o time_22_vdhankar_irward.txt -f "%U" python3 homework.py > stulog.txt 2>&1 on vdhankar #####
##### Output of failed program (stdout + stderr): #####
Traceback (most recent call last):
  File "homework.py", line 546, in <module>
    print(end-start)
NameError: name 'end' is not defined
##### End of output of failed program #####
##### vdhankar plays [E g7 f6] in 8.53051900863647s #####
##### Running: /usr/lib/jvm/jdk-14.0.1/bin/java -jar /lab/itti/projects/checkers-competition/server/referee.jar on run_22_vdhankar_irward #####
Move is valid
##### SUCCESS: /usr/lib/jvm/jdk-14.0.1/bin/java -jar /lab/itti/projects/checkers-competition/server/referee.jar on run_22_vdhankar_irward #####
INPUT for irward:
GAME
WHITE
299.782726287842
.b.b.b..
b.......
.....b..
..b.....
.......w
w.w.....
.w.w....
w.......
##### Running: /usr/bin/time -o time_22_vdhankar_irward.txt -f "%U" ./homework > stulog.txt 2>&1 on irward #####
##### SUCCESS: /usr/bin/time -o time_22_vdhankar_irward.txt -f "%U" ./homework > stulog.txt 2>&1 on irward #####
##### irward plays [E d2 e3] in 0.0314531326293945s #####
##### Running: /usr/lib/jvm/jdk-14.0.1/bin/java -jar /lab/itti/projects/checkers-competition/server/referee.jar on run_22_vdhankar_irward #####
Move is valid
##### SUCCESS: /usr/lib/jvm/jdk-14.0.1/bin/java -jar /lab/itti/projects/checkers-competition/server/referee.jar on run_22_vdhankar_irward #####
INPUT for vdhankar:
GAME
BLACK
99.9732971191406
.b.b.b..
b.......
.....b..
..b.....
.......w
w.w.w...
.w......
w.......
##### Running: /usr/bin/time -o time_22_vdhankar_irward.txt -f "%U" python3 homework.py > stulog.txt 2>&1 on vdhankar #####
child exited with value 1
##### ERROR: /usr/bin/time -o time_22_vdhankar_irward.txt -f "%U" python3 homework.py > stulog.txt 2>&1 on vdhankar #####
##### Output of failed program (stdout + stderr): #####
Traceback (most recent call last):
  File "homework.py", line 546, in <module>
    print(end-start)
NameError: name 'end' is not defined
##### End of output of failed program #####
##### vdhankar plays [E f8 e7] in 5.70104503631592s #####
##### Running: /usr/lib/jvm/jdk-14.0.1/bin/java -jar /lab/itti/projects/checkers-competition/server/referee.jar on run_22_vdhankar_irward #####
Move is valid
##### SUCCESS: /usr/lib/jvm/jdk-14.0.1/bin/java -jar /lab/itti/projects/checkers-competition/server/referee.jar on run_22_vdhankar_irward #####
INPUT for irward:
GAME
WHITE
299.751273155212
.b.b....
b...b...
.....b..
..b.....
.......w
w.w.w...
.w......
w.......
##### Running: /usr/bin/time -o time_22_vdhankar_irward.txt -f "%U" ./homework > stulog.txt 2>&1 on irward #####
##### SUCCESS: /usr/bin/time -o time_22_vdhankar_irward.txt -f "%U" ./homework > stulog.txt 2>&1 on irward #####
##### irward plays [E c3 b4] in 0.014225959777832s #####
##### Running: /usr/lib/jvm/jdk-14.0.1/bin/java -jar /lab/itti/projects/checkers-competition/server/referee.jar on run_22_vdhankar_irward #####
Move is valid
##### SUCCESS: /usr/lib/jvm/jdk-14.0.1/bin/java -jar /lab/itti/projects/checkers-competition/server/referee.jar on run_22_vdhankar_irward #####
INPUT for vdhankar:
GAME
BLACK
94.2722520828247
.b.b....
b...b...
.....b..
..b.....
.w.....w
w...w...
.w......
w.......
##### Running: /usr/bin/time -o time_22_vdhankar_irward.txt -f "%U" python3 homework.py > stulog.txt 2>&1 on vdhankar #####
child exited with value 1
##### ERROR: /usr/bin/time -o time_22_vdhankar_irward.txt -f "%U" python3 homework.py > stulog.txt 2>&1 on vdhankar #####
##### Output of failed program (stdout + stderr): #####
Traceback (most recent call last):
  File "homework.py", line 546, in <module>
    print(end-start)
NameError: name 'end' is not defined
##### End of output of failed program #####
##### vdhankar plays [E e7 d6] in 3.95182418823242s #####
##### Running: /usr/lib/jvm/jdk-14.0.1/bin/java -jar /lab/itti/projects/checkers-competition/server/referee.jar on run_22_vdhankar_irward #####
Move is valid
##### SUCCESS: /usr/lib/jvm/jdk-14.0.1/bin/java -jar /lab/itti/projects/checkers-competition/server/referee.jar on run_22_vdhankar_irward #####
INPUT for irward:
GAME
WHITE
299.737047195435
.b.b....
b.......
...b.b..
..b.....
.w.....w
w...w...
.w......
w.......
##### Running: /usr/bin/time -o time_22_vdhankar_irward.txt -f "%U" ./homework > stulog.txt 2>&1 on irward #####
##### SUCCESS: /usr/bin/time -o time_22_vdhankar_irward.txt -f "%U" ./homework > stulog.txt 2>&1 on irward #####
##### irward plays [E b2 c3] in 0.0115251541137695s #####
##### Running: /usr/lib/jvm/jdk-14.0.1/bin/java -jar /lab/itti/projects/checkers-competition/server/referee.jar on run_22_vdhankar_irward #####
Move is valid
##### SUCCESS: /usr/lib/jvm/jdk-14.0.1/bin/java -jar /lab/itti/projects/checkers-competition/server/referee.jar on run_22_vdhankar_irward #####
INPUT for vdhankar:
GAME
BLACK
90.3204278945923
.b.b....
b.......
...b.b..
..b.....
.w.....w
w.w.w...
........
w.......
##### Running: /usr/bin/time -o time_22_vdhankar_irward.txt -f "%U" python3 homework.py > stulog.txt 2>&1 on vdhankar #####
child exited with value 1
##### ERROR: /usr/bin/time -o time_22_vdhankar_irward.txt -f "%U" python3 homework.py > stulog.txt 2>&1 on vdhankar #####
##### Output of failed program (stdout + stderr): #####
Traceback (most recent call last):
  File "homework.py", line 546, in <module>
    print(end-start)
NameError: name 'end' is not defined
##### End of output of failed program #####
##### vdhankar plays [E f6 e5] in 4.0274760723114s #####
##### Running: /usr/lib/jvm/jdk-14.0.1/bin/java -jar /lab/itti/projects/checkers-competition/server/referee.jar on run_22_vdhankar_irward #####
Move is valid
##### SUCCESS: /usr/lib/jvm/jdk-14.0.1/bin/java -jar /lab/itti/projects/checkers-competition/server/referee.jar on run_22_vdhankar_irward #####
INPUT for irward:
GAME
WHITE
299.725522041321
.b.b....
b.......
...b....
..b.b...
.w.....w
w.w.w...
........
w.......
##### Running: /usr/bin/time -o time_22_vdhankar_irward.txt -f "%U" ./homework > stulog.txt 2>&1 on irward #####
##### SUCCESS: /usr/bin/time -o time_22_vdhankar_irward.txt -f "%U" ./homework > stulog.txt 2>&1 on irward #####
##### irward plays [E a1 b2] in 0.014915943145752s #####
##### Running: /usr/lib/jvm/jdk-14.0.1/bin/java -jar /lab/itti/projects/checkers-competition/server/referee.jar on run_22_vdhankar_irward #####
Move is valid
##### SUCCESS: /usr/lib/jvm/jdk-14.0.1/bin/java -jar /lab/itti/projects/checkers-competition/server/referee.jar on run_22_vdhankar_irward #####
INPUT for vdhankar:
GAME
BLACK
86.2929518222809
.b.b....
b.......
...b....
..b.b...
.w.....w
w.w.w...
.w......
........
##### Running: /usr/bin/time -o time_22_vdhankar_irward.txt -f "%U" python3 homework.py > stulog.txt 2>&1 on vdhankar #####
child exited with value 1
##### ERROR: /usr/bin/time -o time_22_vdhankar_irward.txt -f "%U" python3 homework.py > stulog.txt 2>&1 on vdhankar #####
##### Output of failed program (stdout + stderr): #####
Traceback (most recent call last):
  File "homework.py", line 546, in <module>
    print(end-start)
NameError: name 'end' is not defined
##### End of output of failed program #####
##### vdhankar plays [E a7 b6] in 1.47090697288513s #####
##### Running: /usr/lib/jvm/jdk-14.0.1/bin/java -jar /lab/itti/projects/checkers-competition/server/referee.jar on run_22_vdhankar_irward #####
Move is valid
##### SUCCESS: /usr/lib/jvm/jdk-14.0.1/bin/java -jar /lab/itti/projects/checkers-competition/server/referee.jar on run_22_vdhankar_irward #####
INPUT for irward:
GAME
WHITE
299.710606098175
.b.b....
........
.b.b....
..b.b...
.w.....w
w.w.w...
.w......
........
##### Running: /usr/bin/time -o time_22_vdhankar_irward.txt -f "%U" ./homework > stulog.txt 2>&1 on irward #####
##### SUCCESS: /usr/bin/time -o time_22_vdhankar_irward.txt -f "%U" ./homework > stulog.txt 2>&1 on irward #####
##### irward plays [E b4 a5] in 0.0167379379272461s #####
##### Running: /usr/lib/jvm/jdk-14.0.1/bin/java -jar /lab/itti/projects/checkers-competition/server/referee.jar on run_22_vdhankar_irward #####
Move is valid
##### SUCCESS: /usr/lib/jvm/jdk-14.0.1/bin/java -jar /lab/itti/projects/checkers-competition/server/referee.jar on run_22_vdhankar_irward #####
INPUT for vdhankar:
GAME
BLACK
84.8220448493958
.b.b....
........
.b.b....
w.b.b...
.......w
w.w.w...
.w......
........
##### Running: /usr/bin/time -o time_22_vdhankar_irward.txt -f "%U" python3 homework.py > stulog.txt 2>&1 on vdhankar #####
child exited with value 1
##### ERROR: /usr/bin/time -o time_22_vdhankar_irward.txt -f "%U" python3 homework.py > stulog.txt 2>&1 on vdhankar #####
##### Output of failed program (stdout + stderr): #####
Traceback (most recent call last):
  File "homework.py", line 546, in <module>
    print(end-start)
NameError: name 'end' is not defined
##### End of output of failed program #####
##### vdhankar plays [E d8 c7] in 1.42520904541016s #####
##### Running: /usr/lib/jvm/jdk-14.0.1/bin/java -jar /lab/itti/projects/checkers-competition/server/referee.jar on run_22_vdhankar_irward #####
Move is valid
##### SUCCESS: /usr/lib/jvm/jdk-14.0.1/bin/java -jar /lab/itti/projects/checkers-competition/server/referee.jar on run_22_vdhankar_irward #####
INPUT for irward:
GAME
WHITE
299.693868160248
.b......
..b.....
.b.b....
w.b.b...
.......w
w.w.w...
.w......
........
##### Running: /usr/bin/time -o time_22_vdhankar_irward.txt -f "%U" ./homework > stulog.txt 2>&1 on irward #####
##### SUCCESS: /usr/bin/time -o time_22_vdhankar_irward.txt -f "%U" ./homework > stulog.txt 2>&1 on irward #####
##### irward plays [E c3 b4] in 0.021543025970459s #####
##### Running: /usr/lib/jvm/jdk-14.0.1/bin/java -jar /lab/itti/projects/checkers-competition/server/referee.jar on run_22_vdhankar_irward #####
Move is valid
##### SUCCESS: /usr/lib/jvm/jdk-14.0.1/bin/java -jar /lab/itti/projects/checkers-competition/server/referee.jar on run_22_vdhankar_irward #####
INPUT for vdhankar:
GAME
BLACK
83.3968358039856
.b......
..b.....
.b.b....
w.b.b...
.w.....w
w...w...
.w......
........
##### Running: /usr/bin/time -o time_22_vdhankar_irward.txt -f "%U" python3 homework.py > stulog.txt 2>&1 on vdhankar #####
child exited with value 1
##### ERROR: /usr/bin/time -o time_22_vdhankar_irward.txt -f "%U" python3 homework.py > stulog.txt 2>&1 on vdhankar #####
##### Output of failed program (stdout + stderr): #####
Traceback (most recent call last):
  File "homework.py", line 546, in <module>
    print(end-start)
NameError: name 'end' is not defined
##### End of output of failed program #####
##### vdhankar plays [E e5 d4] in 0.759504079818726s #####
##### Running: /usr/lib/jvm/jdk-14.0.1/bin/java -jar /lab/itti/projects/checkers-competition/server/referee.jar on run_22_vdhankar_irward #####
Move is valid
##### SUCCESS: /usr/lib/jvm/jdk-14.0.1/bin/java -jar /lab/itti/projects/checkers-competition/server/referee.jar on run_22_vdhankar_irward #####
INPUT for irward:
GAME
WHITE
299.672325134277
.b......
..b.....
.b.b....
w.b.....
.w.b...w
w...w...
.w......
........
##### Running: /usr/bin/time -o time_22_vdhankar_irward.txt -f "%U" ./homework > stulog.txt 2>&1 on irward #####
##### SUCCESS: /usr/bin/time -o time_22_vdhankar_irward.txt -f "%U" ./homework > stulog.txt 2>&1 on irward #####
##### irward plays [E e3 f4] in 0.0237631797790527s #####
##### Running: /usr/lib/jvm/jdk-14.0.1/bin/java -jar /lab/itti/projects/checkers-competition/server/referee.jar on run_22_vdhankar_irward #####
Move is valid
##### SUCCESS: /usr/lib/jvm/jdk-14.0.1/bin/java -jar /lab/itti/projects/checkers-competition/server/referee.jar on run_22_vdhankar_irward #####
INPUT for vdhankar:
GAME
BLACK
82.6373317241669
.b......
..b.....
.b.b....
w.b.....
.w.b.w.w
w.......
.w......
........
##### Running: /usr/bin/time -o time_22_vdhankar_irward.txt -f "%U" python3 homework.py > stulog.txt 2>&1 on vdhankar #####
child exited with value 1
##### ERROR: /usr/bin/time -o time_22_vdhankar_irward.txt -f "%U" python3 homework.py > stulog.txt 2>&1 on vdhankar #####
##### Output of failed program (stdout + stderr): #####
Traceback (most recent call last):
  File "homework.py", line 546, in <module>
    print(end-start)
NameError: name 'end' is not defined
##### End of output of failed program #####
##### vdhankar plays [E d4 c3] in 0.701297044754028s #####
##### Running: /usr/lib/jvm/jdk-14.0.1/bin/java -jar /lab/itti/projects/checkers-competition/server/referee.jar on run_22_vdhankar_irward #####
Move is valid
##### SUCCESS: /usr/lib/jvm/jdk-14.0.1/bin/java -jar /lab/itti/projects/checkers-competition/server/referee.jar on run_22_vdhankar_irward #####
INPUT for irward:
GAME
WHITE
299.648561954498
.b......
..b.....
.b.b....
w.b.....
.w...w.w
w.b.....
.w......
........
##### Running: /usr/bin/time -o time_22_vdhankar_irward.txt -f "%U" ./homework > stulog.txt 2>&1 on irward #####
##### SUCCESS: /usr/bin/time -o time_22_vdhankar_irward.txt -f "%U" ./homework > stulog.txt 2>&1 on irward #####
##### irward plays [J b2 d4] in 0.071012020111084s #####
##### Running: /usr/lib/jvm/jdk-14.0.1/bin/java -jar /lab/itti/projects/checkers-competition/server/referee.jar on run_22_vdhankar_irward #####
Move is valid
##### SUCCESS: /usr/lib/jvm/jdk-14.0.1/bin/java -jar /lab/itti/projects/checkers-competition/server/referee.jar on run_22_vdhankar_irward #####
INPUT for vdhankar:
GAME
BLACK
81.9360346794128
.b......
..b.....
.b.b....
w.b.....
.w.w.w.w
w.......
........
........
##### Running: /usr/bin/time -o time_22_vdhankar_irward.txt -f "%U" python3 homework.py > stulog.txt 2>&1 on vdhankar #####
child exited with value 1
##### ERROR: /usr/bin/time -o time_22_vdhankar_irward.txt -f "%U" python3 homework.py > stulog.txt 2>&1 on vdhankar #####
##### Output of failed program (stdout + stderr): #####
Traceback (most recent call last):
  File "homework.py", line 546, in <module>
    print(end-start)
NameError: name 'end' is not defined
##### End of output of failed program #####
##### vdhankar plays [J c5 e3] in 0.90963077545166s #####
##### Running: /usr/lib/jvm/jdk-14.0.1/bin/java -jar /lab/itti/projects/checkers-competition/server/referee.jar on run_22_vdhankar_irward #####
Move is valid
##### SUCCESS: /usr/lib/jvm/jdk-14.0.1/bin/java -jar /lab/itti/projects/checkers-competition/server/referee.jar on run_22_vdhankar_irward #####
INPUT for irward:
GAME
WHITE
299.577549934387
.b......
..b.....
.b.b....
w.......
.w...w.w
w...b...
........
........
##### Running: /usr/bin/time -o time_22_vdhankar_irward.txt -f "%U" ./homework > stulog.txt 2>&1 on irward #####
##### SUCCESS: /usr/bin/time -o time_22_vdhankar_irward.txt -f "%U" ./homework > stulog.txt 2>&1 on irward #####
##### irward plays [E f4 g5] in 0.0177710056304932s #####
##### Running: /usr/lib/jvm/jdk-14.0.1/bin/java -jar /lab/itti/projects/checkers-competition/server/referee.jar on run_22_vdhankar_irward #####
Move is valid
##### SUCCESS: /usr/lib/jvm/jdk-14.0.1/bin/java -jar /lab/itti/projects/checkers-competition/server/referee.jar on run_22_vdhankar_irward #####
INPUT for vdhankar:
GAME
BLACK
81.0264039039612
.b......
..b.....
.b.b....
w.....w.
.w.....w
w...b...
........
........
##### Running: /usr/bin/time -o time_22_vdhankar_irward.txt -f "%U" python3 homework.py > stulog.txt 2>&1 on vdhankar #####
child exited with value 1
##### ERROR: /usr/bin/time -o time_22_vdhankar_irward.txt -f "%U" python3 homework.py > stulog.txt 2>&1 on vdhankar #####
##### Output of failed program (stdout + stderr): #####
Traceback (most recent call last):
  File "homework.py", line 546, in <module>
    print(end-start)
NameError: name 'end' is not defined
##### End of output of failed program #####
##### vdhankar plays [E b6 c5] in 1.40703916549683s #####
##### Running: /usr/lib/jvm/jdk-14.0.1/bin/java -jar /lab/itti/projects/checkers-competition/server/referee.jar on run_22_vdhankar_irward #####
Move is valid
##### SUCCESS: /usr/lib/jvm/jdk-14.0.1/bin/java -jar /lab/itti/projects/checkers-competition/server/referee.jar on run_22_vdhankar_irward #####
INPUT for irward:
GAME
WHITE
299.559778928757
.b......
..b.....
...b....
w.b...w.
.w.....w
w...b...
........
........
##### Running: /usr/bin/time -o time_22_vdhankar_irward.txt -f "%U" ./homework > stulog.txt 2>&1 on irward #####
##### SUCCESS: /usr/bin/time -o time_22_vdhankar_irward.txt -f "%U" ./homework > stulog.txt 2>&1 on irward #####
##### irward plays [E g5 f6] in 0.0308260917663574s #####
##### Running: /usr/lib/jvm/jdk-14.0.1/bin/java -jar /lab/itti/projects/checkers-competition/server/referee.jar on run_22_vdhankar_irward #####
Move is valid
##### SUCCESS: /usr/lib/jvm/jdk-14.0.1/bin/java -jar /lab/itti/projects/checkers-competition/server/referee.jar on run_22_vdhankar_irward #####
INPUT for vdhankar:
GAME
BLACK
79.6193647384644
.b......
..b.....
...b.w..
w.b.....
.w.....w
w...b...
........
........
##### Running: /usr/bin/time -o time_22_vdhankar_irward.txt -f "%U" python3 homework.py > stulog.txt 2>&1 on vdhankar #####
child exited with value 1
##### ERROR: /usr/bin/time -o time_22_vdhankar_irward.txt -f "%U" python3 homework.py > stulog.txt 2>&1 on vdhankar #####
##### Output of failed program (stdout + stderr): #####
Traceback (most recent call last):
  File "homework.py", line 546, in <module>
    print(end-start)
NameError: name 'end' is not defined
##### End of output of failed program #####
##### vdhankar plays [E e3 f2] in 1.93802690505981s #####
##### Running: /usr/lib/jvm/jdk-14.0.1/bin/java -jar /lab/itti/projects/checkers-competition/server/referee.jar on run_22_vdhankar_irward #####
Move is valid
##### SUCCESS: /usr/lib/jvm/jdk-14.0.1/bin/java -jar /lab/itti/projects/checkers-competition/server/referee.jar on run_22_vdhankar_irward #####
INPUT for irward:
GAME
WHITE
299.52895283699
.b......
..b.....
...b.w..
w.b.....
.w.....w
w.......
.....b..
........
##### Running: /usr/bin/time -o time_22_vdhankar_irward.txt -f "%U" ./homework > stulog.txt 2>&1 on irward #####
##### SUCCESS: /usr/bin/time -o time_22_vdhankar_irward.txt -f "%U" ./homework > stulog.txt 2>&1 on irward #####
##### irward plays [E f6 e7] in 0.0116009712219238s #####
##### Running: /usr/lib/jvm/jdk-14.0.1/bin/java -jar /lab/itti/projects/checkers-competition/server/referee.jar on run_22_vdhankar_irward #####
Move is valid
##### SUCCESS: /usr/lib/jvm/jdk-14.0.1/bin/java -jar /lab/itti/projects/checkers-competition/server/referee.jar on run_22_vdhankar_irward #####
INPUT for vdhankar:
GAME
BLACK
77.6813378334045
.b......
..b.w...
...b....
w.b.....
.w.....w
w.......
.....b..
........
##### Running: /usr/bin/time -o time_22_vdhankar_irward.txt -f "%U" python3 homework.py > stulog.txt 2>&1 on vdhankar #####
child exited with value 1
##### ERROR: /usr/bin/time -o time_22_vdhankar_irward.txt -f "%U" python3 homework.py > stulog.txt 2>&1 on vdhankar #####
##### Output of failed program (stdout + stderr): #####
Traceback (most recent call last):
  File "homework.py", line 546, in <module>
    print(end-start)
NameError: name 'end' is not defined
##### End of output of failed program #####
##### vdhankar plays [E c5 d4] in 1.92329812049866s #####
##### Running: /usr/lib/jvm/jdk-14.0.1/bin/java -jar /lab/itti/projects/checkers-competition/server/referee.jar on run_22_vdhankar_irward #####
Move is valid
##### SUCCESS: /usr/lib/jvm/jdk-14.0.1/bin/java -jar /lab/itti/projects/checkers-competition/server/referee.jar on run_22_vdhankar_irward #####
INPUT for irward:
GAME
WHITE
299.517351865768
.b......
..b.w...
...b....
w.......
.w.b...w
w.......
.....b..
........
##### Running: /usr/bin/time -o time_22_vdhankar_irward.txt -f "%U" ./homework > stulog.txt 2>&1 on irward #####
##### SUCCESS: /usr/bin/time -o time_22_vdhankar_irward.txt -f "%U" ./homework > stulog.txt 2>&1 on irward #####
##### irward plays [E e7 f8] in 0.012627124786377s #####
##### Running: /usr/lib/jvm/jdk-14.0.1/bin/java -jar /lab/itti/projects/checkers-competition/server/referee.jar on run_22_vdhankar_irward #####
Move is valid
##### SUCCESS: /usr/lib/jvm/jdk-14.0.1/bin/java -jar /lab/itti/projects/checkers-competition/server/referee.jar on run_22_vdhankar_irward #####
INPUT for vdhankar:
GAME
BLACK
75.7580397129059
.b...W..
..b.....
...b....
w.......
.w.b...w
w.......
.....b..
........
##### Running: /usr/bin/time -o time_22_vdhankar_irward.txt -f "%U" python3 homework.py > stulog.txt 2>&1 on vdhankar #####
child exited with value 1
##### ERROR: /usr/bin/time -o time_22_vdhankar_irward.txt -f "%U" python3 homework.py > stulog.txt 2>&1 on vdhankar #####
##### Output of failed program (stdout + stderr): #####
Traceback (most recent call last):
  File "homework.py", line 546, in <module>
    print(end-start)
NameError: name 'end' is not defined
##### End of output of failed program #####
##### vdhankar plays [E f2 g1] in 2.75263404846191s #####
##### Running: /usr/lib/jvm/jdk-14.0.1/bin/java -jar /lab/itti/projects/checkers-competition/server/referee.jar on run_22_vdhankar_irward #####
Move is valid
##### SUCCESS: /usr/lib/jvm/jdk-14.0.1/bin/java -jar /lab/itti/projects/checkers-competition/server/referee.jar on run_22_vdhankar_irward #####
INPUT for irward:
GAME
WHITE
299.504724740982
.b...W..
..b.....
...b....
w.......
.w.b...w
w.......
........
......B.
##### Running: /usr/bin/time -o time_22_vdhankar_irward.txt -f "%U" ./homework > stulog.txt 2>&1 on irward #####
##### SUCCESS: /usr/bin/time -o time_22_vdhankar_irward.txt -f "%U" ./homework > stulog.txt 2>&1 on irward #####
##### irward plays [E b4 c5] in 0.0191171169281006s #####
##### Running: /usr/lib/jvm/jdk-14.0.1/bin/java -jar /lab/itti/projects/checkers-competition/server/referee.jar on run_22_vdhankar_irward #####
Move is valid
##### SUCCESS: /usr/lib/jvm/jdk-14.0.1/bin/java -jar /lab/itti/projects/checkers-competition/server/referee.jar on run_22_vdhankar_irward #####
INPUT for vdhankar:
GAME
BLACK
73.005405664444
.b...W..
..b.....
...b....
w.w.....
...b...w
w.......
........
......B.
##### Running: /usr/bin/time -o time_22_vdhankar_irward.txt -f "%U" python3 homework.py > stulog.txt 2>&1 on vdhankar #####
child exited with value 1
##### ERROR: /usr/bin/time -o time_22_vdhankar_irward.txt -f "%U" python3 homework.py > stulog.txt 2>&1 on vdhankar #####
##### Output of failed program (stdout + stderr): #####
Traceback (most recent call last):
  File "homework.py", line 546, in <module>
    print(end-start)
NameError: name 'end' is not defined
##### End of output of failed program #####
##### vdhankar plays [J d6 b4] in 1.55375003814697s #####
##### Running: /usr/lib/jvm/jdk-14.0.1/bin/java -jar /lab/itti/projects/checkers-competition/server/referee.jar on run_22_vdhankar_irward #####
Move is valid
##### SUCCESS: /usr/lib/jvm/jdk-14.0.1/bin/java -jar /lab/itti/projects/checkers-competition/server/referee.jar on run_22_vdhankar_irward #####
INPUT for irward:
GAME
WHITE
299.485607624054
.b...W..
..b.....
........
w.......
.b.b...w
w.......
........
......B.
##### Running: /usr/bin/time -o time_22_vdhankar_irward.txt -f "%U" ./homework > stulog.txt 2>&1 on irward #####
##### SUCCESS: /usr/bin/time -o time_22_vdhankar_irward.txt -f "%U" ./homework > stulog.txt 2>&1 on irward #####
##### irward plays [J a3 c5] in 0.0326159000396729s #####
##### Running: /usr/lib/jvm/jdk-14.0.1/bin/java -jar /lab/itti/projects/checkers-competition/server/referee.jar on run_22_vdhankar_irward #####
Move is valid
##### SUCCESS: /usr/lib/jvm/jdk-14.0.1/bin/java -jar /lab/itti/projects/checkers-competition/server/referee.jar on run_22_vdhankar_irward #####
INPUT for vdhankar:
GAME
BLACK
71.451655626297
.b...W..
..b.....
........
w.w.....
...b...w
........
........
......B.
##### Running: /usr/bin/time -o time_22_vdhankar_irward.txt -f "%U" python3 homework.py > stulog.txt 2>&1 on vdhankar #####
child exited with value 1
##### ERROR: /usr/bin/time -o time_22_vdhankar_irward.txt -f "%U" python3 homework.py > stulog.txt 2>&1 on vdhankar #####
##### Output of failed program (stdout + stderr): #####
Traceback (most recent call last):
  File "homework.py", line 546, in <module>
    print(end-start)
NameError: name 'end' is not defined
##### End of output of failed program #####
##### vdhankar plays [E d4 e3] in 5.73112106323242s #####
##### Running: /usr/lib/jvm/jdk-14.0.1/bin/java -jar /lab/itti/projects/checkers-competition/server/referee.jar on run_22_vdhankar_irward #####
Move is valid
##### SUCCESS: /usr/lib/jvm/jdk-14.0.1/bin/java -jar /lab/itti/projects/checkers-competition/server/referee.jar on run_22_vdhankar_irward #####
INPUT for irward:
GAME
WHITE
299.452991724014
.b...W..
..b.....
........
w.w.....
.......w
....b...
........
......B.
##### Running: /usr/bin/time -o time_22_vdhankar_irward.txt -f "%U" ./homework > stulog.txt 2>&1 on irward #####
##### SUCCESS: /usr/bin/time -o time_22_vdhankar_irward.txt -f "%U" ./homework > stulog.txt 2>&1 on irward #####
##### irward plays [E c5 b6] in 0.0356078147888184s #####
##### Running: /usr/lib/jvm/jdk-14.0.1/bin/java -jar /lab/itti/projects/checkers-competition/server/referee.jar on run_22_vdhankar_irward #####
Move is valid
##### SUCCESS: /usr/lib/jvm/jdk-14.0.1/bin/java -jar /lab/itti/projects/checkers-competition/server/referee.jar on run_22_vdhankar_irward #####
INPUT for vdhankar:
GAME
BLACK
65.7205345630646
.b...W..
..b.....
.w......
w.......
.......w
....b...
........
......B.
##### Running: /usr/bin/time -o time_22_vdhankar_irward.txt -f "%U" python3 homework.py > stulog.txt 2>&1 on vdhankar #####
child exited with value 1
##### ERROR: /usr/bin/time -o time_22_vdhankar_irward.txt -f "%U" python3 homework.py > stulog.txt 2>&1 on vdhankar #####
##### Output of failed program (stdout + stderr): #####
Traceback (most recent call last):
  File "homework.py", line 546, in <module>
    print(end-start)
NameError: name 'end' is not defined
##### End of output of failed program #####
##### vdhankar plays [E c7 d6] in 5.05858111381531s #####
##### Running: /usr/lib/jvm/jdk-14.0.1/bin/java -jar /lab/itti/projects/checkers-competition/server/referee.jar on run_22_vdhankar_irward #####
Move is valid
##### SUCCESS: /usr/lib/jvm/jdk-14.0.1/bin/java -jar /lab/itti/projects/checkers-competition/server/referee.jar on run_22_vdhankar_irward #####
INPUT for irward:
GAME
WHITE
299.417383909225
.b...W..
........
.w.b....
w.......
.......w
....b...
........
......B.
##### Running: /usr/bin/time -o time_22_vdhankar_irward.txt -f "%U" ./homework > stulog.txt 2>&1 on irward #####
##### SUCCESS: /usr/bin/time -o time_22_vdhankar_irward.txt -f "%U" ./homework > stulog.txt 2>&1 on irward #####
##### irward plays [E b6 c7] in 0.0252511501312256s #####
##### Running: /usr/lib/jvm/jdk-14.0.1/bin/java -jar /lab/itti/projects/checkers-competition/server/referee.jar on run_22_vdhankar_irward #####
Move is valid
##### SUCCESS: /usr/lib/jvm/jdk-14.0.1/bin/java -jar /lab/itti/projects/checkers-competition/server/referee.jar on run_22_vdhankar_irward #####
INPUT for vdhankar:
GAME
BLACK
60.6619534492493
.b...W..
..w.....
...b....
w.......
.......w
....b...
........
......B.
##### Running: /usr/bin/time -o time_22_vdhankar_irward.txt -f "%U" python3 homework.py > stulog.txt 2>&1 on vdhankar #####
child exited with value 1
##### ERROR: /usr/bin/time -o time_22_vdhankar_irward.txt -f "%U" python3 homework.py > stulog.txt 2>&1 on vdhankar #####
##### Output of failed program (stdout + stderr): #####
Traceback (most recent call last):
  File "homework.py", line 546, in <module>
    print(end-start)
NameError: name 'end' is not defined
##### End of output of failed program #####
##### vdhankar plays [E e3 f2] in 8.44928002357483s #####
##### Running: /usr/lib/jvm/jdk-14.0.1/bin/java -jar /lab/itti/projects/checkers-competition/server/referee.jar on run_22_vdhankar_irward #####
Move is valid
##### SUCCESS: /usr/lib/jvm/jdk-14.0.1/bin/java -jar /lab/itti/projects/checkers-competition/server/referee.jar on run_22_vdhankar_irward #####
INPUT for irward:
GAME
WHITE
299.392132759094
.b...W..
..w.....
...b....
w.......
.......w
........
.....b..
......B.
##### Running: /usr/bin/time -o time_22_vdhankar_irward.txt -f "%U" ./homework > stulog.txt 2>&1 on irward #####
##### SUCCESS: /usr/bin/time -o time_22_vdhankar_irward.txt -f "%U" ./homework > stulog.txt 2>&1 on irward #####
##### irward plays [E h4 g5] in 0.0124659538269043s #####
##### Running: /usr/lib/jvm/jdk-14.0.1/bin/java -jar /lab/itti/projects/checkers-competition/server/referee.jar on run_22_vdhankar_irward #####
Move is valid
##### SUCCESS: /usr/lib/jvm/jdk-14.0.1/bin/java -jar /lab/itti/projects/checkers-competition/server/referee.jar on run_22_vdhankar_irward #####
INPUT for vdhankar:
GAME
BLACK
52.2126734256744
.b...W..
..w.....
...b....
w.....w.
........
........
.....b..
......B.
##### Running: /usr/bin/time -o time_22_vdhankar_irward.txt -f "%U" python3 homework.py > stulog.txt 2>&1 on vdhankar #####
child exited with value 1
##### ERROR: /usr/bin/time -o time_22_vdhankar_irward.txt -f "%U" python3 homework.py > stulog.txt 2>&1 on vdhankar #####
##### Output of failed program (stdout + stderr): #####
Traceback (most recent call last):
  File "homework.py", line 546, in <module>
    print(end-start)
NameError: name 'end' is not defined
##### End of output of failed program #####
##### vdhankar plays [E g1 h2] in 10.2865529060364s #####
##### Running: /usr/lib/jvm/jdk-14.0.1/bin/java -jar /lab/itti/projects/checkers-competition/server/referee.jar on run_22_vdhankar_irward #####
Move is valid
##### SUCCESS: /usr/lib/jvm/jdk-14.0.1/bin/java -jar /lab/itti/projects/checkers-competition/server/referee.jar on run_22_vdhankar_irward #####
INPUT for irward:
GAME
WHITE
299.379666805267
.b...W..
..w.....
...b....
w.....w.
........
........
.....b.B
........
##### Running: /usr/bin/time -o time_22_vdhankar_irward.txt -f "%U" ./homework > stulog.txt 2>&1 on irward #####
##### SUCCESS: /usr/bin/time -o time_22_vdhankar_irward.txt -f "%U" ./homework > stulog.txt 2>&1 on irward #####
##### irward plays [E g5 f6] in 0.0178360939025879s #####
##### Running: /usr/lib/jvm/jdk-14.0.1/bin/java -jar /lab/itti/projects/checkers-competition/server/referee.jar on run_22_vdhankar_irward #####
Move is valid
##### SUCCESS: /usr/lib/jvm/jdk-14.0.1/bin/java -jar /lab/itti/projects/checkers-competition/server/referee.jar on run_22_vdhankar_irward #####
INPUT for vdhankar:
GAME
BLACK
41.9261205196381
.b...W..
..w.....
...b.w..
w.......
........
........
.....b.B
........
##### Running: /usr/bin/time -o time_22_vdhankar_irward.txt -f "%U" python3 homework.py > stulog.txt 2>&1 on vdhankar #####
child exited with value 1
##### ERROR: /usr/bin/time -o time_22_vdhankar_irward.txt -f "%U" python3 homework.py > stulog.txt 2>&1 on vdhankar #####
##### Output of failed program (stdout + stderr): #####
Traceback (most recent call last):
  File "homework.py", line 546, in <module>
    print(end-start)
NameError: name 'end' is not defined
##### End of output of failed program #####
##### vdhankar plays [E h2 g3] in 5.9534637928009s #####
##### Running: /usr/lib/jvm/jdk-14.0.1/bin/java -jar /lab/itti/projects/checkers-competition/server/referee.jar on run_22_vdhankar_irward #####
Move is valid
##### SUCCESS: /usr/lib/jvm/jdk-14.0.1/bin/java -jar /lab/itti/projects/checkers-competition/server/referee.jar on run_22_vdhankar_irward #####
INPUT for irward:
GAME
WHITE
299.361830711365
.b...W..
..w.....
...b.w..
w.......
........
......B.
.....b..
........
##### Running: /usr/bin/time -o time_22_vdhankar_irward.txt -f "%U" ./homework > stulog.txt 2>&1 on irward #####
##### SUCCESS: /usr/bin/time -o time_22_vdhankar_irward.txt -f "%U" ./homework > stulog.txt 2>&1 on irward #####
##### irward plays [E f6 e7] in 0.0121250152587891s #####
##### Running: /usr/lib/jvm/jdk-14.0.1/bin/java -jar /lab/itti/projects/checkers-competition/server/referee.jar on run_22_vdhankar_irward #####
Move is valid
##### SUCCESS: /usr/lib/jvm/jdk-14.0.1/bin/java -jar /lab/itti/projects/checkers-competition/server/referee.jar on run_22_vdhankar_irward #####
INPUT for vdhankar:
GAME
BLACK
35.9726567268372
.b...W..
..w.w...
...b....
w.......
........
......B.
.....b..
........
##### Running: /usr/bin/time -o time_22_vdhankar_irward.txt -f "%U" python3 homework.py > stulog.txt 2>&1 on vdhankar #####
child exited with value 1
##### ERROR: /usr/bin/time -o time_22_vdhankar_irward.txt -f "%U" python3 homework.py > stulog.txt 2>&1 on vdhankar #####
##### Output of failed program (stdout + stderr): #####
Traceback (most recent call last):
  File "homework.py", line 546, in <module>
    print(end-start)
NameError: name 'end' is not defined
##### End of output of failed program #####
##### vdhankar plays [E f2 g1] in 3.29414892196655s #####
##### Running: /usr/lib/jvm/jdk-14.0.1/bin/java -jar /lab/itti/projects/checkers-competition/server/referee.jar on run_22_vdhankar_irward #####
Move is valid
##### SUCCESS: /usr/lib/jvm/jdk-14.0.1/bin/java -jar /lab/itti/projects/checkers-competition/server/referee.jar on run_22_vdhankar_irward #####
INPUT for irward:
GAME
WHITE
299.349705696106
.b...W..
..w.w...
...b....
w.......
........
......B.
........
......B.
##### Running: /usr/bin/time -o time_22_vdhankar_irward.txt -f "%U" ./homework > stulog.txt 2>&1 on irward #####
##### SUCCESS: /usr/bin/time -o time_22_vdhankar_irward.txt -f "%U" ./homework > stulog.txt 2>&1 on irward #####
##### irward plays [E c7 d8] in 0.0341200828552246s #####
##### Running: /usr/lib/jvm/jdk-14.0.1/bin/java -jar /lab/itti/projects/checkers-competition/server/referee.jar on run_22_vdhankar_irward #####
Move is valid
##### SUCCESS: /usr/lib/jvm/jdk-14.0.1/bin/java -jar /lab/itti/projects/checkers-competition/server/referee.jar on run_22_vdhankar_irward #####
INPUT for vdhankar:
GAME
BLACK
32.6785078048706
.b.W.W..
....w...
...b....
w.......
........
......B.
........
......B.
##### Running: /usr/bin/time -o time_22_vdhankar_irward.txt -f "%U" python3 homework.py > stulog.txt 2>&1 on vdhankar #####
child exited with value 1
##### ERROR: /usr/bin/time -o time_22_vdhankar_irward.txt -f "%U" python3 homework.py > stulog.txt 2>&1 on vdhankar #####
##### Output of failed program (stdout + stderr): #####
Traceback (most recent call last):
  File "homework.py", line 546, in <module>
    print(end-start)
NameError: name 'end' is not defined
##### End of output of failed program #####
##### vdhankar plays [E g1 h2] in 3.14031505584717s #####
##### Running: /usr/lib/jvm/jdk-14.0.1/bin/java -jar /lab/itti/projects/checkers-competition/server/referee.jar on run_22_vdhankar_irward #####
Move is valid
##### SUCCESS: /usr/lib/jvm/jdk-14.0.1/bin/java -jar /lab/itti/projects/checkers-competition/server/referee.jar on run_22_vdhankar_irward #####
INPUT for irward:
GAME
WHITE
299.315585613251
.b.W.W..
....w...
...b....
w.......
........
......B.
.......B
........
##### Running: /usr/bin/time -o time_22_vdhankar_irward.txt -f "%U" ./homework > stulog.txt 2>&1 on irward #####
##### SUCCESS: /usr/bin/time -o time_22_vdhankar_irward.txt -f "%U" ./homework > stulog.txt 2>&1 on irward #####
##### irward plays [E f8 g7] in 0.0130739212036133s #####
##### Running: /usr/lib/jvm/jdk-14.0.1/bin/java -jar /lab/itti/projects/checkers-competition/server/referee.jar on run_22_vdhankar_irward #####
Move is valid
##### SUCCESS: /usr/lib/jvm/jdk-14.0.1/bin/java -jar /lab/itti/projects/checkers-competition/server/referee.jar on run_22_vdhankar_irward #####
INPUT for vdhankar:
GAME
BLACK
29.5381927490234
.b.W....
....w.W.
...b....
w.......
........
......B.
.......B
........
##### Running: /usr/bin/time -o time_22_vdhankar_irward.txt -f "%U" python3 homework.py > stulog.txt 2>&1 on vdhankar #####
child exited with value 1
##### ERROR: /usr/bin/time -o time_22_vdhankar_irward.txt -f "%U" python3 homework.py > stulog.txt 2>&1 on vdhankar #####
##### Output of failed program (stdout + stderr): #####
Traceback (most recent call last):
  File "homework.py", line 546, in <module>
    print(end-start)
NameError: name 'end' is not defined
##### End of output of failed program #####
##### vdhankar plays [E g3 f2] in 4.67532992362976s #####
##### Running: /usr/lib/jvm/jdk-14.0.1/bin/java -jar /lab/itti/projects/checkers-competition/server/referee.jar on run_22_vdhankar_irward #####
Move is valid
##### SUCCESS: /usr/lib/jvm/jdk-14.0.1/bin/java -jar /lab/itti/projects/checkers-competition/server/referee.jar on run_22_vdhankar_irward #####
INPUT for irward:
GAME
WHITE
299.302511692047
.b.W....
....w.W.
...b....
w.......
........
........
.....B.B
........
##### Running: /usr/bin/time -o time_22_vdhankar_irward.txt -f "%U" ./homework > stulog.txt 2>&1 on irward #####
##### SUCCESS: /usr/bin/time -o time_22_vdhankar_irward.txt -f "%U" ./homework > stulog.txt 2>&1 on irward #####
##### irward plays [E a5 b6] in 0.0143477916717529s #####
##### Running: /usr/lib/jvm/jdk-14.0.1/bin/java -jar /lab/itti/projects/checkers-competition/server/referee.jar on run_22_vdhankar_irward #####
Move is valid
##### SUCCESS: /usr/lib/jvm/jdk-14.0.1/bin/java -jar /lab/itti/projects/checkers-competition/server/referee.jar on run_22_vdhankar_irward #####
INPUT for vdhankar:
GAME
BLACK
24.8628628253937
.b.W....
....w.W.
.w.b....
........
........
........
.....B.B
........
##### Running: /usr/bin/time -o time_22_vdhankar_irward.txt -f "%U" python3 homework.py > stulog.txt 2>&1 on vdhankar #####
child exited with value 1
##### ERROR: /usr/bin/time -o time_22_vdhankar_irward.txt -f "%U" python3 homework.py > stulog.txt 2>&1 on vdhankar #####
##### Output of failed program (stdout + stderr): #####
Traceback (most recent call last):
  File "homework.py", line 546, in <module>
    print(end-start)
NameError: name 'end' is not defined
##### End of output of failed program #####
##### vdhankar plays [E h2 g1] in 0.467960119247437s #####
##### Running: /usr/lib/jvm/jdk-14.0.1/bin/java -jar /lab/itti/projects/checkers-competition/server/referee.jar on run_22_vdhankar_irward #####
Move is valid
##### SUCCESS: /usr/lib/jvm/jdk-14.0.1/bin/java -jar /lab/itti/projects/checkers-competition/server/referee.jar on run_22_vdhankar_irward #####
INPUT for irward:
GAME
WHITE
299.288163900375
.b.W....
....w.W.
.w.b....
........
........
........
.....B..
......B.
##### Running: /usr/bin/time -o time_22_vdhankar_irward.txt -f "%U" ./homework > stulog.txt 2>&1 on irward #####
##### SUCCESS: /usr/bin/time -o time_22_vdhankar_irward.txt -f "%U" ./homework > stulog.txt 2>&1 on irward #####
##### irward plays [E e7 f8] in 0.0141520500183105s #####
##### Running: /usr/lib/jvm/jdk-14.0.1/bin/java -jar /lab/itti/projects/checkers-competition/server/referee.jar on run_22_vdhankar_irward #####
Move is valid
##### SUCCESS: /usr/lib/jvm/jdk-14.0.1/bin/java -jar /lab/itti/projects/checkers-competition/server/referee.jar on run_22_vdhankar_irward #####
INPUT for vdhankar:
GAME
BLACK
24.3949027061462
.b.W.W..
......W.
.w.b....
........
........
........
.....B..
......B.
##### Running: /usr/bin/time -o time_22_vdhankar_irward.txt -f "%U" python3 homework.py > stulog.txt 2>&1 on vdhankar #####
child exited with value 1
##### ERROR: /usr/bin/time -o time_22_vdhankar_irward.txt -f "%U" python3 homework.py > stulog.txt 2>&1 on vdhankar #####
##### Output of failed program (stdout + stderr): #####
Traceback (most recent call last):
  File "homework.py", line 546, in <module>
    print(end-start)
NameError: name 'end' is not defined
##### End of output of failed program #####
##### vdhankar plays [E d6 e5] in 0.446384906768799s #####
##### Running: /usr/lib/jvm/jdk-14.0.1/bin/java -jar /lab/itti/projects/checkers-competition/server/referee.jar on run_22_vdhankar_irward #####
Move is valid
##### SUCCESS: /usr/lib/jvm/jdk-14.0.1/bin/java -jar /lab/itti/projects/checkers-competition/server/referee.jar on run_22_vdhankar_irward #####
INPUT for irward:
GAME
WHITE
299.274011850357
.b.W.W..
......W.
.w......
....b...
........
........
.....B..
......B.
##### Running: /usr/bin/time -o time_22_vdhankar_irward.txt -f "%U" ./homework > stulog.txt 2>&1 on irward #####
##### SUCCESS: /usr/bin/time -o time_22_vdhankar_irward.txt -f "%U" ./homework > stulog.txt 2>&1 on irward #####
##### irward plays [E b6 c7] in 0.0130949020385742s #####
##### Running: /usr/lib/jvm/jdk-14.0.1/bin/java -jar /lab/itti/projects/checkers-competition/server/referee.jar on run_22_vdhankar_irward #####
Move is valid
##### SUCCESS: /usr/lib/jvm/jdk-14.0.1/bin/java -jar /lab/itti/projects/checkers-competition/server/referee.jar on run_22_vdhankar_irward #####
INPUT for vdhankar:
GAME
BLACK
23.9485177993774
.b.W.W..
..w...W.
........
....b...
........
........
.....B..
......B.
##### Running: /usr/bin/time -o time_22_vdhankar_irward.txt -f "%U" python3 homework.py > stulog.txt 2>&1 on vdhankar #####
child exited with value 1
##### ERROR: /usr/bin/time -o time_22_vdhankar_irward.txt -f "%U" python3 homework.py > stulog.txt 2>&1 on vdhankar #####
##### Output of failed program (stdout + stderr): #####
Traceback (most recent call last):
  File "homework.py", line 546, in <module>
    print(end-start)
NameError: name 'end' is not defined
##### End of output of failed program #####
##### vdhankar plays [J b8 d6] in 0.358288049697876s #####
##### Running: /usr/lib/jvm/jdk-14.0.1/bin/java -jar /lab/itti/projects/checkers-competition/server/referee.jar on run_22_vdhankar_irward #####
Move is valid
##### SUCCESS: /usr/lib/jvm/jdk-14.0.1/bin/java -jar /lab/itti/projects/checkers-competition/server/referee.jar on run_22_vdhankar_irward #####
INPUT for irward:
GAME
WHITE
299.260916948318
...W.W..
......W.
...b....
....b...
........
........
.....B..
......B.
##### Running: /usr/bin/time -o time_22_vdhankar_irward.txt -f "%U" ./homework > stulog.txt 2>&1 on irward #####
##### SUCCESS: /usr/bin/time -o time_22_vdhankar_irward.txt -f "%U" ./homework > stulog.txt 2>&1 on irward #####
##### irward plays [E g7 h8] in 0.0132808685302734s #####
##### Running: /usr/lib/jvm/jdk-14.0.1/bin/java -jar /lab/itti/projects/checkers-competition/server/referee.jar on run_22_vdhankar_irward #####
Move is valid
##### SUCCESS: /usr/lib/jvm/jdk-14.0.1/bin/java -jar /lab/itti/projects/checkers-competition/server/referee.jar on run_22_vdhankar_irward #####
INPUT for vdhankar:
GAME
BLACK
23.5902297496796
...W.W.W
........
...b....
....b...
........
........
.....B..
......B.
##### Running: /usr/bin/time -o time_22_vdhankar_irward.txt -f "%U" python3 homework.py > stulog.txt 2>&1 on vdhankar #####
child exited with value 1
##### ERROR: /usr/bin/time -o time_22_vdhankar_irward.txt -f "%U" python3 homework.py > stulog.txt 2>&1 on vdhankar #####
##### Output of failed program (stdout + stderr): #####
Traceback (most recent call last):
  File "homework.py", line 546, in <module>
    print(end-start)
NameError: name 'end' is not defined
##### End of output of failed program #####
##### vdhankar plays [E f2 e3] in 0.378683090209961s #####
##### Running: /usr/lib/jvm/jdk-14.0.1/bin/java -jar /lab/itti/projects/checkers-competition/server/referee.jar on run_22_vdhankar_irward #####
Move is valid
##### SUCCESS: /usr/lib/jvm/jdk-14.0.1/bin/java -jar /lab/itti/projects/checkers-competition/server/referee.jar on run_22_vdhankar_irward #####
INPUT for irward:
GAME
WHITE
299.247636079788
...W.W.W
........
...b....
....b...
........
....B...
........
......B.
##### Running: /usr/bin/time -o time_22_vdhankar_irward.txt -f "%U" ./homework > stulog.txt 2>&1 on irward #####
##### SUCCESS: /usr/bin/time -o time_22_vdhankar_irward.txt -f "%U" ./homework > stulog.txt 2>&1 on irward #####
##### irward plays [E h8 g7] in 0.0100929737091064s #####
##### Running: /usr/lib/jvm/jdk-14.0.1/bin/java -jar /lab/itti/projects/checkers-competition/server/referee.jar on run_22_vdhankar_irward #####
Move is valid
##### SUCCESS: /usr/lib/jvm/jdk-14.0.1/bin/java -jar /lab/itti/projects/checkers-competition/server/referee.jar on run_22_vdhankar_irward #####
INPUT for vdhankar:
GAME
BLACK
23.2115466594696
...W.W..
......W.
...b....
....b...
........
....B...
........
......B.
##### Running: /usr/bin/time -o time_22_vdhankar_irward.txt -f "%U" python3 homework.py > stulog.txt 2>&1 on vdhankar #####
child exited with value 1
##### ERROR: /usr/bin/time -o time_22_vdhankar_irward.txt -f "%U" python3 homework.py > stulog.txt 2>&1 on vdhankar #####
##### Output of failed program (stdout + stderr): #####
Traceback (most recent call last):
  File "homework.py", line 546, in <module>
    print(end-start)
NameError: name 'end' is not defined
##### End of output of failed program #####
##### vdhankar plays [E e5 d4] in 0.471823930740356s #####
##### Running: /usr/lib/jvm/jdk-14.0.1/bin/java -jar /lab/itti/projects/checkers-competition/server/referee.jar on run_22_vdhankar_irward #####
Move is valid
##### SUCCESS: /usr/lib/jvm/jdk-14.0.1/bin/java -jar /lab/itti/projects/checkers-competition/server/referee.jar on run_22_vdhankar_irward #####
INPUT for irward:
GAME
WHITE
299.237543106079
...W.W..
......W.
...b....
........
...b....
....B...
........
......B.
##### Running: /usr/bin/time -o time_22_vdhankar_irward.txt -f "%U" ./homework > stulog.txt 2>&1 on irward #####
##### SUCCESS: /usr/bin/time -o time_22_vdhankar_irward.txt -f "%U" ./homework > stulog.txt 2>&1 on irward #####
##### irward plays [E g7 h8] in 0.0115628242492676s #####
##### Running: /usr/lib/jvm/jdk-14.0.1/bin/java -jar /lab/itti/projects/checkers-competition/server/referee.jar on run_22_vdhankar_irward #####
Move is valid
##### SUCCESS: /usr/lib/jvm/jdk-14.0.1/bin/java -jar /lab/itti/projects/checkers-competition/server/referee.jar on run_22_vdhankar_irward #####
INPUT for vdhankar:
GAME
BLACK
22.7397227287292
...W.W.W
........
...b....
........
...b....
....B...
........
......B.
##### Running: /usr/bin/time -o time_22_vdhankar_irward.txt -f "%U" python3 homework.py > stulog.txt 2>&1 on vdhankar #####
child exited with value 1
##### ERROR: /usr/bin/time -o time_22_vdhankar_irward.txt -f "%U" python3 homework.py > stulog.txt 2>&1 on vdhankar #####
##### Output of failed program (stdout + stderr): #####
Traceback (most recent call last):
  File "homework.py", line 546, in <module>
    print(end-start)
NameError: name 'end' is not defined
##### End of output of failed program #####
##### vdhankar plays [E g1 h2] in 0.423067808151245s #####
##### Running: /usr/lib/jvm/jdk-14.0.1/bin/java -jar /lab/itti/projects/checkers-competition/server/referee.jar on run_22_vdhankar_irward #####
Move is valid
##### SUCCESS: /usr/lib/jvm/jdk-14.0.1/bin/java -jar /lab/itti/projects/checkers-competition/server/referee.jar on run_22_vdhankar_irward #####
INPUT for irward:
GAME
WHITE
299.22598028183
...W.W.W
........
...b....
........
...b....
....B...
.......B
........
##### Running: /usr/bin/time -o time_22_vdhankar_irward.txt -f "%U" ./homework > stulog.txt 2>&1 on irward #####
##### SUCCESS: /usr/bin/time -o time_22_vdhankar_irward.txt -f "%U" ./homework > stulog.txt 2>&1 on irward #####
##### irward plays [E h8 g7] in 0.0150008201599121s #####
##### Running: /usr/lib/jvm/jdk-14.0.1/bin/java -jar /lab/itti/projects/checkers-competition/server/referee.jar on run_22_vdhankar_irward #####
Move is valid
##### SUCCESS: /usr/lib/jvm/jdk-14.0.1/bin/java -jar /lab/itti/projects/checkers-competition/server/referee.jar on run_22_vdhankar_irward #####
INPUT for vdhankar:
GAME
BLACK
22.316654920578
...W.W..
......W.
...b....
........
...b....
....B...
.......B
........
##### Running: /usr/bin/time -o time_22_vdhankar_irward.txt -f "%U" python3 homework.py > stulog.txt 2>&1 on vdhankar #####
child exited with value 1
##### ERROR: /usr/bin/time -o time_22_vdhankar_irward.txt -f "%U" python3 homework.py > stulog.txt 2>&1 on vdhankar #####
##### Output of failed program (stdout + stderr): #####
Traceback (most recent call last):
  File "homework.py", line 546, in <module>
    print(end-start)
NameError: name 'end' is not defined
##### End of output of failed program #####
##### vdhankar plays [E e3 f4] in 0.452362060546875s #####
##### Running: /usr/lib/jvm/jdk-14.0.1/bin/java -jar /lab/itti/projects/checkers-competition/server/referee.jar on run_22_vdhankar_irward #####
Move is valid
##### SUCCESS: /usr/lib/jvm/jdk-14.0.1/bin/java -jar /lab/itti/projects/checkers-competition/server/referee.jar on run_22_vdhankar_irward #####
INPUT for irward:
GAME
WHITE
299.21097946167
...W.W..
......W.
...b....
........
...b.B..
........
.......B
........
##### Running: /usr/bin/time -o time_22_vdhankar_irward.txt -f "%U" ./homework > stulog.txt 2>&1 on irward #####
##### SUCCESS: /usr/bin/time -o time_22_vdhankar_irward.txt -f "%U" ./homework > stulog.txt 2>&1 on irward #####
##### irward plays [E g7 h8] in 0.023967981338501s #####
##### Running: /usr/lib/jvm/jdk-14.0.1/bin/java -jar /lab/itti/projects/checkers-competition/server/referee.jar on run_22_vdhankar_irward #####
Move is valid
##### SUCCESS: /usr/lib/jvm/jdk-14.0.1/bin/java -jar /lab/itti/projects/checkers-competition/server/referee.jar on run_22_vdhankar_irward #####
INPUT for vdhankar:
GAME
BLACK
21.8642928600311
...W.W.W
........
...b....
........
...b.B..
........
.......B
........
##### Running: /usr/bin/time -o time_22_vdhankar_irward.txt -f "%U" python3 homework.py > stulog.txt 2>&1 on vdhankar #####
child exited with value 1
##### ERROR: /usr/bin/time -o time_22_vdhankar_irward.txt -f "%U" python3 homework.py > stulog.txt 2>&1 on vdhankar #####
##### Output of failed program (stdout + stderr): #####
Traceback (most recent call last):
  File "homework.py", line 546, in <module>
    print(end-start)
NameError: name 'end' is not defined
##### End of output of failed program #####
##### vdhankar plays [E h2 g1] in 0.425408124923706s #####
##### Running: /usr/lib/jvm/jdk-14.0.1/bin/java -jar /lab/itti/projects/checkers-competition/server/referee.jar on run_22_vdhankar_irward #####
Move is valid
##### SUCCESS: /usr/lib/jvm/jdk-14.0.1/bin/java -jar /lab/itti/projects/checkers-competition/server/referee.jar on run_22_vdhankar_irward #####
INPUT for irward:
GAME
WHITE
299.187011480331
...W.W.W
........
...b....
........
...b.B..
........
........
......B.
##### Running: /usr/bin/time -o time_22_vdhankar_irward.txt -f "%U" ./homework > stulog.txt 2>&1 on irward #####
##### SUCCESS: /usr/bin/time -o time_22_vdhankar_irward.txt -f "%U" ./homework > stulog.txt 2>&1 on irward #####
##### irward plays [E h8 g7] in 0.0145139694213867s #####
##### Running: /usr/lib/jvm/jdk-14.0.1/bin/java -jar /lab/itti/projects/checkers-competition/server/referee.jar on run_22_vdhankar_irward #####
Move is valid
##### SUCCESS: /usr/lib/jvm/jdk-14.0.1/bin/java -jar /lab/itti/projects/checkers-competition/server/referee.jar on run_22_vdhankar_irward #####
INPUT for vdhankar:
GAME
BLACK
21.4388847351074
...W.W..
......W.
...b....
........
...b.B..
........
........
......B.
##### Running: /usr/bin/time -o time_22_vdhankar_irward.txt -f "%U" python3 homework.py > stulog.txt 2>&1 on vdhankar #####
child exited with value 1
##### ERROR: /usr/bin/time -o time_22_vdhankar_irward.txt -f "%U" python3 homework.py > stulog.txt 2>&1 on vdhankar #####
##### Output of failed program (stdout + stderr): #####
Traceback (most recent call last):
  File "homework.py", line 546, in <module>
    print(end-start)
NameError: name 'end' is not defined
##### End of output of failed program #####
##### vdhankar plays [E g1 h2] in 0.468925952911377s #####
##### Running: /usr/lib/jvm/jdk-14.0.1/bin/java -jar /lab/itti/projects/checkers-competition/server/referee.jar on run_22_vdhankar_irward #####
Move is valid
##### SUCCESS: /usr/lib/jvm/jdk-14.0.1/bin/java -jar /lab/itti/projects/checkers-competition/server/referee.jar on run_22_vdhankar_irward #####
INPUT for irward:
GAME
WHITE
299.17249751091
...W.W..
......W.
...b....
........
...b.B..
........
.......B
........
##### Running: /usr/bin/time -o time_22_vdhankar_irward.txt -f "%U" ./homework > stulog.txt 2>&1 on irward #####
##### SUCCESS: /usr/bin/time -o time_22_vdhankar_irward.txt -f "%U" ./homework > stulog.txt 2>&1 on irward #####
##### irward plays [E g7 h8] in 0.020939826965332s #####
##### Running: /usr/lib/jvm/jdk-14.0.1/bin/java -jar /lab/itti/projects/checkers-competition/server/referee.jar on run_22_vdhankar_irward #####
Move is valid
##### SUCCESS: /usr/lib/jvm/jdk-14.0.1/bin/java -jar /lab/itti/projects/checkers-competition/server/referee.jar on run_22_vdhankar_irward #####
INPUT for vdhankar:
GAME
BLACK
20.969958782196
...W.W.W
........
...b....
........
...b.B..
........
.......B
........
##### Running: /usr/bin/time -o time_22_vdhankar_irward.txt -f "%U" python3 homework.py > stulog.txt 2>&1 on vdhankar #####
child exited with value 1
##### ERROR: /usr/bin/time -o time_22_vdhankar_irward.txt -f "%U" python3 homework.py > stulog.txt 2>&1 on vdhankar #####
##### Output of failed program (stdout + stderr): #####
Traceback (most recent call last):
  File "homework.py", line 546, in <module>
    print(end-start)
NameError: name 'end' is not defined
##### End of output of failed program #####
##### vdhankar plays [E h2 g1] in 0.470598936080933s #####
##### Running: /usr/lib/jvm/jdk-14.0.1/bin/java -jar /lab/itti/projects/checkers-competition/server/referee.jar on run_22_vdhankar_irward #####
Move is valid
##### SUCCESS: /usr/lib/jvm/jdk-14.0.1/bin/java -jar /lab/itti/projects/checkers-competition/server/referee.jar on run_22_vdhankar_irward #####
INPUT for irward:
GAME
WHITE
299.151557683945
...W.W.W
........
...b....
........
...b.B..
........
........
......B.
##### Running: /usr/bin/time -o time_22_vdhankar_irward.txt -f "%U" ./homework > stulog.txt 2>&1 on irward #####
##### SUCCESS: /usr/bin/time -o time_22_vdhankar_irward.txt -f "%U" ./homework > stulog.txt 2>&1 on irward #####
##### irward plays [E h8 g7] in 0.0106709003448486s #####
##### Running: /usr/lib/jvm/jdk-14.0.1/bin/java -jar /lab/itti/projects/checkers-competition/server/referee.jar on run_22_vdhankar_irward #####
Move is valid
##### SUCCESS: /usr/lib/jvm/jdk-14.0.1/bin/java -jar /lab/itti/projects/checkers-competition/server/referee.jar on run_22_vdhankar_irward #####
INPUT for vdhankar:
GAME
BLACK
20.4993598461151
...W.W..
......W.
...b....
........
...b.B..
........
........
......B.
##### Running: /usr/bin/time -o time_22_vdhankar_irward.txt -f "%U" python3 homework.py > stulog.txt 2>&1 on vdhankar #####
child exited with value 1
##### ERROR: /usr/bin/time -o time_22_vdhankar_irward.txt -f "%U" python3 homework.py > stulog.txt 2>&1 on vdhankar #####
##### Output of failed program (stdout + stderr): #####
Traceback (most recent call last):
  File "homework.py", line 546, in <module>
    print(end-start)
NameError: name 'end' is not defined
##### End of output of failed program #####
##### vdhankar plays [E g1 h2] in 0.426131963729858s #####
##### Running: /usr/lib/jvm/jdk-14.0.1/bin/java -jar /lab/itti/projects/checkers-competition/server/referee.jar on run_22_vdhankar_irward #####
Move is valid
##### SUCCESS: /usr/lib/jvm/jdk-14.0.1/bin/java -jar /lab/itti/projects/checkers-competition/server/referee.jar on run_22_vdhankar_irward #####
INPUT for irward:
GAME
WHITE
299.1408867836
...W.W..
......W.
...b....
........
...b.B..
........
.......B
........
##### Running: /usr/bin/time -o time_22_vdhankar_irward.txt -f "%U" ./homework > stulog.txt 2>&1 on irward #####
##### SUCCESS: /usr/bin/time -o time_22_vdhankar_irward.txt -f "%U" ./homework > stulog.txt 2>&1 on irward #####
##### irward plays [E g7 h8] in 0.0217571258544922s #####
##### Running: /usr/lib/jvm/jdk-14.0.1/bin/java -jar /lab/itti/projects/checkers-competition/server/referee.jar on run_22_vdhankar_irward #####
Move is valid
Seen this position 3 times
*** Game ends in draw ***
##### SUCCESS: /usr/lib/jvm/jdk-14.0.1/bin/java -jar /lab/itti/projects/checkers-competition/server/referee.jar on run_22_vdhankar_irward #####
##### GAME ENDS IN A DRAW. Time left for vdhankar: 20.0732278823853s, irward: 299.119129657745s
Server said: DRAW
##### GAME OVER: the game ends in a draw, irward wins by time remaining #####
########## ROUND 22 GAMESCORE AFTER GAME 3: vdhankar=1 and irward=2 ##########
#################### ROUND 22: vdhankar (W) vs irward (B): game 4 ####################
##### game start! #####
INPUT for irward:
GAME
BLACK
300
.b.b.b.b
b.b.b.b.
.b.b.b.b
........
........
w.w.w.w.
.w.w.w.w
w.w.w.w.
##### Running: /usr/bin/time -o time_22_vdhankar_irward.txt -f "%U" ./homework > stulog.txt 2>&1 on irward #####
##### SUCCESS: /usr/bin/time -o time_22_vdhankar_irward.txt -f "%U" ./homework > stulog.txt 2>&1 on irward #####
##### irward plays [E b6 c5] in 0.0173981189727783s #####
##### Running: /usr/lib/jvm/jdk-14.0.1/bin/java -jar /lab/itti/projects/checkers-competition/server/referee.jar on run_22_vdhankar_irward #####
Move is valid
Couldn't read file 'current_ply.txt'
Couldn't read content from file 'current_ply.txt'
Couldn't read file 'lastmatchange_ply.txt'
Couldn't read content from file 'lastmatchange_ply.txt'
##### SUCCESS: /usr/lib/jvm/jdk-14.0.1/bin/java -jar /lab/itti/projects/checkers-competition/server/referee.jar on run_22_vdhankar_irward #####
INPUT for vdhankar:
GAME
WHITE
300
.b.b.b.b
b.b.b.b.
...b.b.b
..b.....
........
w.w.w.w.
.w.w.w.w
w.w.w.w.
##### Running: /usr/bin/time -o time_22_vdhankar_irward.txt -f "%U" python3 homework.py > stulog.txt 2>&1 on vdhankar #####
child exited with value 1
##### ERROR: /usr/bin/time -o time_22_vdhankar_irward.txt -f "%U" python3 homework.py > stulog.txt 2>&1 on vdhankar #####
##### Output of failed program (stdout + stderr): #####
Traceback (most recent call last):
  File "homework.py", line 546, in <module>
    print(end-start)
NameError: name 'end' is not defined
##### End of output of failed program #####
##### vdhankar plays [E g3 h4] in 9.54663395881653s #####
##### Running: /usr/lib/jvm/jdk-14.0.1/bin/java -jar /lab/itti/projects/checkers-competition/server/referee.jar on run_22_vdhankar_irward #####
Move is valid
##### SUCCESS: /usr/lib/jvm/jdk-14.0.1/bin/java -jar /lab/itti/projects/checkers-competition/server/referee.jar on run_22_vdhankar_irward #####
INPUT for irward:
GAME
BLACK
299.982601881027
.b.b.b.b
b.b.b.b.
...b.b.b
..b.....
.......w
w.w.w...
.w.w.w.w
w.w.w.w.
##### Running: /usr/bin/time -o time_22_vdhankar_irward.txt -f "%U" ./homework > stulog.txt 2>&1 on irward #####
##### SUCCESS: /usr/bin/time -o time_22_vdhankar_irward.txt -f "%U" ./homework > stulog.txt 2>&1 on irward #####
##### irward plays [E f6 g5] in 0.0235321521759033s #####
##### Running: /usr/lib/jvm/jdk-14.0.1/bin/java -jar /lab/itti/projects/checkers-competition/server/referee.jar on run_22_vdhankar_irward #####
Move is valid
##### SUCCESS: /usr/lib/jvm/jdk-14.0.1/bin/java -jar /lab/itti/projects/checkers-competition/server/referee.jar on run_22_vdhankar_irward #####
INPUT for vdhankar:
GAME
WHITE
290.453366041183
.b.b.b.b
b.b.b.b.
...b...b
..b...b.
.......w
w.w.w...
.w.w.w.w
w.w.w.w.
##### Running: /usr/bin/time -o time_22_vdhankar_irward.txt -f "%U" python3 homework.py > stulog.txt 2>&1 on vdhankar #####
child exited with value 1
##### ERROR: /usr/bin/time -o time_22_vdhankar_irward.txt -f "%U" python3 homework.py > stulog.txt 2>&1 on vdhankar #####
##### Output of failed program (stdout + stderr): #####
Traceback (most recent call last):
  File "homework.py", line 546, in <module>
    print(end-start)
NameError: name 'end' is not defined
##### End of output of failed program #####
##### vdhankar plays [J h4 f6] in 2.62624287605286s #####
##### Running: /usr/lib/jvm/jdk-14.0.1/bin/java -jar /lab/itti/projects/checkers-competition/server/referee.jar on run_22_vdhankar_irward #####
Move is valid
##### SUCCESS: /usr/lib/jvm/jdk-14.0.1/bin/java -jar /lab/itti/projects/checkers-competition/server/referee.jar on run_22_vdhankar_irward #####
INPUT for irward:
GAME
BLACK
299.959069728851
.b.b.b.b
b.b.b.b.
...b.w.b
..b.....
........
w.w.w...
.w.w.w.w
w.w.w.w.
##### Running: /usr/bin/time -o time_22_vdhankar_irward.txt -f "%U" ./homework > stulog.txt 2>&1 on irward #####
##### SUCCESS: /usr/bin/time -o time_22_vdhankar_irward.txt -f "%U" ./homework > stulog.txt 2>&1 on irward #####
##### irward plays [J e7 g5] in 0.0138862133026123s #####
##### Running: /usr/lib/jvm/jdk-14.0.1/bin/java -jar /lab/itti/projects/checkers-competition/server/referee.jar on run_22_vdhankar_irward #####
Move is valid
##### SUCCESS: /usr/lib/jvm/jdk-14.0.1/bin/java -jar /lab/itti/projects/checkers-competition/server/referee.jar on run_22_vdhankar_irward #####
INPUT for vdhankar:
GAME
WHITE
287.827123165131
.b.b.b.b
b.b...b.
...b...b
..b...b.
........
w.w.w...
.w.w.w.w
w.w.w.w.
##### Running: /usr/bin/time -o time_22_vdhankar_irward.txt -f "%U" python3 homework.py > stulog.txt 2>&1 on vdhankar #####
child exited with value 1
##### ERROR: /usr/bin/time -o time_22_vdhankar_irward.txt -f "%U" python3 homework.py > stulog.txt 2>&1 on vdhankar #####
##### Output of failed program (stdout + stderr): #####
Traceback (most recent call last):
  File "homework.py", line 546, in <module>
    print(end-start)
NameError: name 'end' is not defined
##### End of output of failed program #####
##### vdhankar plays [E e3 d4] in 16.3002200126648s #####
##### Running: /usr/lib/jvm/jdk-14.0.1/bin/java -jar /lab/itti/projects/checkers-competition/server/referee.jar on run_22_vdhankar_irward #####
Move is valid
##### SUCCESS: /usr/lib/jvm/jdk-14.0.1/bin/java -jar /lab/itti/projects/checkers-competition/server/referee.jar on run_22_vdhankar_irward #####
INPUT for irward:
GAME
BLACK
299.945183515549
.b.b.b.b
b.b...b.
...b...b
..b...b.
...w....
w.w.....
.w.w.w.w
w.w.w.w.
##### Running: /usr/bin/time -o time_22_vdhankar_irward.txt -f "%U" ./homework > stulog.txt 2>&1 on irward #####
##### SUCCESS: /usr/bin/time -o time_22_vdhankar_irward.txt -f "%U" ./homework > stulog.txt 2>&1 on irward #####
##### irward plays [J c5 e3] in 0.0120241641998291s #####
##### Running: /usr/lib/jvm/jdk-14.0.1/bin/java -jar /lab/itti/projects/checkers-competition/server/referee.jar on run_22_vdhankar_irward #####
Move is valid
##### SUCCESS: /usr/lib/jvm/jdk-14.0.1/bin/java -jar /lab/itti/projects/checkers-competition/server/referee.jar on run_22_vdhankar_irward #####
INPUT for vdhankar:
GAME
WHITE
271.526903152466
.b.b.b.b
b.b...b.
...b...b
......b.
........
w.w.b...
.w.w.w.w
w.w.w.w.
##### Running: /usr/bin/time -o time_22_vdhankar_irward.txt -f "%U" python3 homework.py > stulog.txt 2>&1 on vdhankar #####
child exited with value 1
##### ERROR: /usr/bin/time -o time_22_vdhankar_irward.txt -f "%U" python3 homework.py > stulog.txt 2>&1 on vdhankar #####
##### Output of failed program (stdout + stderr): #####
Traceback (most recent call last):
  File "homework.py", line 546, in <module>
    print(end-start)
NameError: name 'end' is not defined
##### End of output of failed program #####
##### vdhankar plays [J f2 d4] in 5.37159395217896s #####
##### Running: /usr/lib/jvm/jdk-14.0.1/bin/java -jar /lab/itti/projects/checkers-competition/server/referee.jar on run_22_vdhankar_irward #####
Move is valid
##### SUCCESS: /usr/lib/jvm/jdk-14.0.1/bin/java -jar /lab/itti/projects/checkers-competition/server/referee.jar on run_22_vdhankar_irward #####
INPUT for irward:
GAME
BLACK
299.933159351349
.b.b.b.b
b.b...b.
...b...b
......b.
...w....
w.w.....
.w.w...w
w.w.w.w.
##### Running: /usr/bin/time -o time_22_vdhankar_irward.txt -f "%U" ./homework > stulog.txt 2>&1 on irward #####
##### SUCCESS: /usr/bin/time -o time_22_vdhankar_irward.txt -f "%U" ./homework > stulog.txt 2>&1 on irward #####
##### irward plays [E d6 e5] in 0.0314691066741943s #####
##### Running: /usr/lib/jvm/jdk-14.0.1/bin/java -jar /lab/itti/projects/checkers-competition/server/referee.jar on run_22_vdhankar_irward #####
Move is valid
##### SUCCESS: /usr/lib/jvm/jdk-14.0.1/bin/java -jar /lab/itti/projects/checkers-competition/server/referee.jar on run_22_vdhankar_irward #####
INPUT for vdhankar:
GAME
WHITE
266.155309200287
.b.b.b.b
b.b...b.
.......b
....b.b.
...w....
w.w.....
.w.w...w
w.w.w.w.
##### Running: /usr/bin/time -o time_22_vdhankar_irward.txt -f "%U" python3 homework.py > stulog.txt 2>&1 on vdhankar #####
child exited with value 1
##### ERROR: /usr/bin/time -o time_22_vdhankar_irward.txt -f "%U" python3 homework.py > stulog.txt 2>&1 on vdhankar #####
##### Output of failed program (stdout + stderr): #####
Traceback (most recent call last):
  File "homework.py", line 546, in <module>
    print(end-start)
NameError: name 'end' is not defined
##### End of output of failed program #####
##### vdhankar plays [J d4 f6] in 3.34670615196228s #####
##### Running: /usr/lib/jvm/jdk-14.0.1/bin/java -jar /lab/itti/projects/checkers-competition/server/referee.jar on run_22_vdhankar_irward #####
Move is valid
##### SUCCESS: /usr/lib/jvm/jdk-14.0.1/bin/java -jar /lab/itti/projects/checkers-competition/server/referee.jar on run_22_vdhankar_irward #####
INPUT for irward:
GAME
BLACK
299.901690244675
.b.b.b.b
b.b...b.
.....w.b
......b.
........
w.w.....
.w.w...w
w.w.w.w.
##### Running: /usr/bin/time -o time_22_vdhankar_irward.txt -f "%U" ./homework > stulog.txt 2>&1 on irward #####
##### SUCCESS: /usr/bin/time -o time_22_vdhankar_irward.txt -f "%U" ./homework > stulog.txt 2>&1 on irward #####
##### irward plays [J g7 e5] in 0.0104789733886719s #####
##### Running: /usr/lib/jvm/jdk-14.0.1/bin/java -jar /lab/itti/projects/checkers-competition/server/referee.jar on run_22_vdhankar_irward #####
Move is valid
##### SUCCESS: /usr/lib/jvm/jdk-14.0.1/bin/java -jar /lab/itti/projects/checkers-competition/server/referee.jar on run_22_vdhankar_irward #####
INPUT for vdhankar:
GAME
WHITE
262.808603048325
.b.b.b.b
b.b.....
.......b
....b.b.
........
w.w.....
.w.w...w
w.w.w.w.
##### Running: /usr/bin/time -o time_22_vdhankar_irward.txt -f "%U" python3 homework.py > stulog.txt 2>&1 on vdhankar #####
child exited with value 1
##### ERROR: /usr/bin/time -o time_22_vdhankar_irward.txt -f "%U" python3 homework.py > stulog.txt 2>&1 on vdhankar #####
##### Output of failed program (stdout + stderr): #####
Traceback (most recent call last):
  File "homework.py", line 546, in <module>
    print(end-start)
NameError: name 'end' is not defined
##### End of output of failed program #####
##### vdhankar plays [E c3 d4] in 47.0632438659668s #####
##### Running: /usr/lib/jvm/jdk-14.0.1/bin/java -jar /lab/itti/projects/checkers-competition/server/referee.jar on run_22_vdhankar_irward #####
Move is valid
##### SUCCESS: /usr/lib/jvm/jdk-14.0.1/bin/java -jar /lab/itti/projects/checkers-competition/server/referee.jar on run_22_vdhankar_irward #####
INPUT for irward:
GAME
BLACK
299.891211271286
.b.b.b.b
b.b.....
.......b
....b.b.
...w....
w.......
.w.w...w
w.w.w.w.
##### Running: /usr/bin/time -o time_22_vdhankar_irward.txt -f "%U" ./homework > stulog.txt 2>&1 on irward #####
##### SUCCESS: /usr/bin/time -o time_22_vdhankar_irward.txt -f "%U" ./homework > stulog.txt 2>&1 on irward #####
##### irward plays [J e5 c3] in 0.0126399993896484s #####
##### Running: /usr/lib/jvm/jdk-14.0.1/bin/java -jar /lab/itti/projects/checkers-competition/server/referee.jar on run_22_vdhankar_irward #####
Move is valid
##### SUCCESS: /usr/lib/jvm/jdk-14.0.1/bin/java -jar /lab/itti/projects/checkers-competition/server/referee.jar on run_22_vdhankar_irward #####
INPUT for vdhankar:
GAME
WHITE
215.745359182358
.b.b.b.b
b.b.....
.......b
......b.
........
w.b.....
.w.w...w
w.w.w.w.
##### Running: /usr/bin/time -o time_22_vdhankar_irward.txt -f "%U" python3 homework.py > stulog.txt 2>&1 on vdhankar #####
child exited with value 1
##### ERROR: /usr/bin/time -o time_22_vdhankar_irward.txt -f "%U" python3 homework.py > stulog.txt 2>&1 on vdhankar #####
##### Output of failed program (stdout + stderr): #####
Traceback (most recent call last):
  File "homework.py", line 546, in <module>
    print(end-start)
NameError: name 'end' is not defined
##### End of output of failed program #####
##### vdhankar plays [J b2 d4] in 22.3701159954071s #####
##### Running: /usr/lib/jvm/jdk-14.0.1/bin/java -jar /lab/itti/projects/checkers-competition/server/referee.jar on run_22_vdhankar_irward #####
Move is valid
##### SUCCESS: /usr/lib/jvm/jdk-14.0.1/bin/java -jar /lab/itti/projects/checkers-competition/server/referee.jar on run_22_vdhankar_irward #####
INPUT for irward:
GAME
BLACK
299.878571271896
.b.b.b.b
b.b.....
.......b
......b.
...w....
w.......
...w...w
w.w.w.w.
##### Running: /usr/bin/time -o time_22_vdhankar_irward.txt -f "%U" ./homework > stulog.txt 2>&1 on irward #####
##### SUCCESS: /usr/bin/time -o time_22_vdhankar_irward.txt -f "%U" ./homework > stulog.txt 2>&1 on irward #####
##### irward plays [E d8 e7] in 0.0139858722686768s #####
##### Running: /usr/lib/jvm/jdk-14.0.1/bin/java -jar /lab/itti/projects/checkers-competition/server/referee.jar on run_22_vdhankar_irward #####
Move is valid
##### SUCCESS: /usr/lib/jvm/jdk-14.0.1/bin/java -jar /lab/itti/projects/checkers-competition/server/referee.jar on run_22_vdhankar_irward #####
INPUT for vdhankar:
GAME
WHITE
193.375243186951
.b...b.b
b.b.b...
.......b
......b.
...w....
w.......
...w...w
w.w.w.w.
##### Running: /usr/bin/time -o time_22_vdhankar_irward.txt -f "%U" python3 homework.py > stulog.txt 2>&1 on vdhankar #####
child exited with value 1
##### ERROR: /usr/bin/time -o time_22_vdhankar_irward.txt -f "%U" python3 homework.py > stulog.txt 2>&1 on vdhankar #####
##### Output of failed program (stdout + stderr): #####
Traceback (most recent call last):
  File "homework.py", line 546, in <module>
    print(end-start)
NameError: name 'end' is not defined
##### End of output of failed program #####
##### vdhankar plays [E h2 g3] in 59.3496298789978s #####
##### Running: /usr/lib/jvm/jdk-14.0.1/bin/java -jar /lab/itti/projects/checkers-competition/server/referee.jar on run_22_vdhankar_irward #####
Move is valid
##### SUCCESS: /usr/lib/jvm/jdk-14.0.1/bin/java -jar /lab/itti/projects/checkers-competition/server/referee.jar on run_22_vdhankar_irward #####
INPUT for irward:
GAME
BLACK
299.864585399628
.b...b.b
b.b.b...
.......b
......b.
...w....
w.....w.
...w....
w.w.w.w.
##### Running: /usr/bin/time -o time_22_vdhankar_irward.txt -f "%U" ./homework > stulog.txt 2>&1 on irward #####
##### SUCCESS: /usr/bin/time -o time_22_vdhankar_irward.txt -f "%U" ./homework > stulog.txt 2>&1 on irward #####
##### irward plays [E f8 g7] in 0.0205731391906738s #####
##### Running: /usr/lib/jvm/jdk-14.0.1/bin/java -jar /lab/itti/projects/checkers-competition/server/referee.jar on run_22_vdhankar_irward #####
Move is valid
##### SUCCESS: /usr/lib/jvm/jdk-14.0.1/bin/java -jar /lab/itti/projects/checkers-competition/server/referee.jar on run_22_vdhankar_irward #####
INPUT for vdhankar:
GAME
WHITE
134.025613307953
.b.....b
b.b.b.b.
.......b
......b.
...w....
w.....w.
...w....
w.w.w.w.
##### Running: /usr/bin/time -o time_22_vdhankar_irward.txt -f "%U" python3 homework.py > stulog.txt 2>&1 on vdhankar #####
child exited with value 1
##### ERROR: /usr/bin/time -o time_22_vdhankar_irward.txt -f "%U" python3 homework.py > stulog.txt 2>&1 on vdhankar #####
##### Output of failed program (stdout + stderr): #####
Traceback (most recent call last):
  File "homework.py", line 546, in <module>
    print(end-start)
NameError: name 'end' is not defined
##### End of output of failed program #####
##### vdhankar plays [E g1 f2] in 36.9595551490784s #####
##### Running: /usr/lib/jvm/jdk-14.0.1/bin/java -jar /lab/itti/projects/checkers-competition/server/referee.jar on run_22_vdhankar_irward #####
Move is valid
##### SUCCESS: /usr/lib/jvm/jdk-14.0.1/bin/java -jar /lab/itti/projects/checkers-competition/server/referee.jar on run_22_vdhankar_irward #####
INPUT for irward:
GAME
BLACK
299.844012260437
.b.....b
b.b.b.b.
.......b
......b.
...w....
w.....w.
...w.w..
w.w.w...
##### Running: /usr/bin/time -o time_22_vdhankar_irward.txt -f "%U" ./homework > stulog.txt 2>&1 on irward #####
##### SUCCESS: /usr/bin/time -o time_22_vdhankar_irward.txt -f "%U" ./homework > stulog.txt 2>&1 on irward #####
##### irward plays [E a7 b6] in 0.0132560729980469s #####
##### Running: /usr/lib/jvm/jdk-14.0.1/bin/java -jar /lab/itti/projects/checkers-competition/server/referee.jar on run_22_vdhankar_irward #####
Move is valid
##### SUCCESS: /usr/lib/jvm/jdk-14.0.1/bin/java -jar /lab/itti/projects/checkers-competition/server/referee.jar on run_22_vdhankar_irward #####
INPUT for vdhankar:
GAME
WHITE
97.0660581588745
.b.....b
..b.b.b.
.b.....b
......b.
...w....
w.....w.
...w.w..
w.w.w...
##### Running: /usr/bin/time -o time_22_vdhankar_irward.txt -f "%U" python3 homework.py > stulog.txt 2>&1 on vdhankar #####
child exited with value 1
##### ERROR: /usr/bin/time -o time_22_vdhankar_irward.txt -f "%U" python3 homework.py > stulog.txt 2>&1 on vdhankar #####
##### Output of failed program (stdout + stderr): #####
Traceback (most recent call last):
  File "homework.py", line 546, in <module>
    print(end-start)
NameError: name 'end' is not defined
##### End of output of failed program #####
##### vdhankar plays [E d2 e3] in 19.328980922699s #####
##### Running: /usr/lib/jvm/jdk-14.0.1/bin/java -jar /lab/itti/projects/checkers-competition/server/referee.jar on run_22_vdhankar_irward #####
Move is valid
##### SUCCESS: /usr/lib/jvm/jdk-14.0.1/bin/java -jar /lab/itti/projects/checkers-competition/server/referee.jar on run_22_vdhankar_irward #####
INPUT for irward:
GAME
BLACK
299.830756187439
.b.....b
..b.b.b.
.b.....b
......b.
...w....
w...w.w.
.....w..
w.w.w...
##### Running: /usr/bin/time -o time_22_vdhankar_irward.txt -f "%U" ./homework > stulog.txt 2>&1 on irward #####
##### SUCCESS: /usr/bin/time -o time_22_vdhankar_irward.txt -f "%U" ./homework > stulog.txt 2>&1 on irward #####
##### irward plays [E c7 d6] in 0.0144138336181641s #####
##### Running: /usr/lib/jvm/jdk-14.0.1/bin/java -jar /lab/itti/projects/checkers-competition/server/referee.jar on run_22_vdhankar_irward #####
Move is valid
##### SUCCESS: /usr/lib/jvm/jdk-14.0.1/bin/java -jar /lab/itti/projects/checkers-competition/server/referee.jar on run_22_vdhankar_irward #####
INPUT for vdhankar:
GAME
WHITE
77.7370772361755
.b.....b
....b.b.
.b.b...b
......b.
...w....
w...w.w.
.....w..
w.w.w...
##### Running: /usr/bin/time -o time_22_vdhankar_irward.txt -f "%U" python3 homework.py > stulog.txt 2>&1 on vdhankar #####
child exited with value 1
##### ERROR: /usr/bin/time -o time_22_vdhankar_irward.txt -f "%U" python3 homework.py > stulog.txt 2>&1 on vdhankar #####
##### Output of failed program (stdout + stderr): #####
Traceback (most recent call last):
  File "homework.py", line 546, in <module>
    print(end-start)
NameError: name 'end' is not defined
##### End of output of failed program #####
##### vdhankar plays [E a3 b4] in 7.133465051651s #####
##### Running: /usr/lib/jvm/jdk-14.0.1/bin/java -jar /lab/itti/projects/checkers-competition/server/referee.jar on run_22_vdhankar_irward #####
Move is valid
##### SUCCESS: /usr/lib/jvm/jdk-14.0.1/bin/java -jar /lab/itti/projects/checkers-competition/server/referee.jar on run_22_vdhankar_irward #####
INPUT for irward:
GAME
BLACK
299.816342353821
.b.....b
....b.b.
.b.b...b
......b.
.w.w....
....w.w.
.....w..
w.w.w...
##### Running: /usr/bin/time -o time_22_vdhankar_irward.txt -f "%U" ./homework > stulog.txt 2>&1 on irward #####
##### SUCCESS: /usr/bin/time -o time_22_vdhankar_irward.txt -f "%U" ./homework > stulog.txt 2>&1 on irward #####
##### irward plays [E b8 c7] in 0.0225100517272949s #####
##### Running: /usr/lib/jvm/jdk-14.0.1/bin/java -jar /lab/itti/projects/checkers-competition/server/referee.jar on run_22_vdhankar_irward #####
Move is valid
##### SUCCESS: /usr/lib/jvm/jdk-14.0.1/bin/java -jar /lab/itti/projects/checkers-competition/server/referee.jar on run_22_vdhankar_irward #####
INPUT for vdhankar:
GAME
WHITE
70.6036121845245
.......b
..b.b.b.
.b.b...b
......b.
.w.w....
....w.w.
.....w..
w.w.w...
##### Running: /usr/bin/time -o time_22_vdhankar_irward.txt -f "%U" python3 homework.py > stulog.txt 2>&1 on vdhankar #####
child exited with value 1
##### ERROR: /usr/bin/time -o time_22_vdhankar_irward.txt -f "%U" python3 homework.py > stulog.txt 2>&1 on vdhankar #####
##### Output of failed program (stdout + stderr): #####
Traceback (most recent call last):
  File "homework.py", line 546, in <module>
    print(end-start)
NameError: name 'end' is not defined
##### End of output of failed program #####
##### vdhankar plays [E g3 f4] in 8.42499399185181s #####
##### Running: /usr/lib/jvm/jdk-14.0.1/bin/java -jar /lab/itti/projects/checkers-competition/server/referee.jar on run_22_vdhankar_irward #####
Move is valid
##### SUCCESS: /usr/lib/jvm/jdk-14.0.1/bin/java -jar /lab/itti/projects/checkers-competition/server/referee.jar on run_22_vdhankar_irward #####
INPUT for irward:
GAME
BLACK
299.793832302094
.......b
..b.b.b.
.b.b...b
......b.
.w.w.w..
....w...
.....w..
w.w.w...
##### Running: /usr/bin/time -o time_22_vdhankar_irward.txt -f "%U" ./homework > stulog.txt 2>&1 on irward #####
##### SUCCESS: /usr/bin/time -o time_22_vdhankar_irward.txt -f "%U" ./homework > stulog.txt 2>&1 on irward #####
##### irward plays [E b6 a5] in 0.0143270492553711s #####
##### Running: /usr/lib/jvm/jdk-14.0.1/bin/java -jar /lab/itti/projects/checkers-competition/server/referee.jar on run_22_vdhankar_irward #####
Move is valid
##### SUCCESS: /usr/lib/jvm/jdk-14.0.1/bin/java -jar /lab/itti/projects/checkers-competition/server/referee.jar on run_22_vdhankar_irward #####
INPUT for vdhankar:
GAME
WHITE
62.1786181926727
.......b
..b.b.b.
...b...b
b.....b.
.w.w.w..
....w...
.....w..
w.w.w...
##### Running: /usr/bin/time -o time_22_vdhankar_irward.txt -f "%U" python3 homework.py > stulog.txt 2>&1 on vdhankar #####
child exited with value 1
##### ERROR: /usr/bin/time -o time_22_vdhankar_irward.txt -f "%U" python3 homework.py > stulog.txt 2>&1 on vdhankar #####
##### Output of failed program (stdout + stderr): #####
Traceback (most recent call last):
  File "homework.py", line 546, in <module>
    print(end-start)
NameError: name 'end' is not defined
##### End of output of failed program #####
##### vdhankar plays [E d4 e5] in 2.69170713424683s #####
##### Running: /usr/lib/jvm/jdk-14.0.1/bin/java -jar /lab/itti/projects/checkers-competition/server/referee.jar on run_22_vdhankar_irward #####
Move is valid
##### SUCCESS: /usr/lib/jvm/jdk-14.0.1/bin/java -jar /lab/itti/projects/checkers-competition/server/referee.jar on run_22_vdhankar_irward #####
INPUT for irward:
GAME
BLACK
299.779505252838
.......b
..b.b.b.
...b...b
b...w.b.
.w...w..
....w...
.....w..
w.w.w...
##### Running: /usr/bin/time -o time_22_vdhankar_irward.txt -f "%U" ./homework > stulog.txt 2>&1 on irward #####
##### SUCCESS: /usr/bin/time -o time_22_vdhankar_irward.txt -f "%U" ./homework > stulog.txt 2>&1 on irward #####
##### irward plays [J a5 c3] in 0.0116310119628906s #####
##### Running: /usr/lib/jvm/jdk-14.0.1/bin/java -jar /lab/itti/projects/checkers-competition/server/referee.jar on run_22_vdhankar_irward #####
Move is valid
##### SUCCESS: /usr/lib/jvm/jdk-14.0.1/bin/java -jar /lab/itti/projects/checkers-competition/server/referee.jar on run_22_vdhankar_irward #####
INPUT for vdhankar:
GAME
WHITE
59.4869110584259
.......b
..b.b.b.
...b...b
....w.b.
.....w..
..b.w...
.....w..
w.w.w...
##### Running: /usr/bin/time -o time_22_vdhankar_irward.txt -f "%U" python3 homework.py > stulog.txt 2>&1 on vdhankar #####
child exited with value 1
##### ERROR: /usr/bin/time -o time_22_vdhankar_irward.txt -f "%U" python3 homework.py > stulog.txt 2>&1 on vdhankar #####
##### Output of failed program (stdout + stderr): #####
Traceback (most recent call last):
  File "homework.py", line 546, in <module>
    print(end-start)
NameError: name 'end' is not defined
##### End of output of failed program #####
##### vdhankar plays [E e5 f6] in 0.771996021270752s #####
##### Running: /usr/lib/jvm/jdk-14.0.1/bin/java -jar /lab/itti/projects/checkers-competition/server/referee.jar on run_22_vdhankar_irward #####
Move is valid
##### SUCCESS: /usr/lib/jvm/jdk-14.0.1/bin/java -jar /lab/itti/projects/checkers-competition/server/referee.jar on run_22_vdhankar_irward #####
INPUT for irward:
GAME
BLACK
299.767874240875
.......b
..b.b.b.
...b.w.b
......b.
.....w..
..b.w...
.....w..
w.w.w...
##### Running: /usr/bin/time -o time_22_vdhankar_irward.txt -f "%U" ./homework > stulog.txt 2>&1 on irward #####
##### SUCCESS: /usr/bin/time -o time_22_vdhankar_irward.txt -f "%U" ./homework > stulog.txt 2>&1 on irward #####
##### irward plays [J g7 e5 ; J e5 g3] in 0.011850118637085s #####
##### Running: /usr/lib/jvm/jdk-14.0.1/bin/java -jar /lab/itti/projects/checkers-competition/server/referee.jar on run_22_vdhankar_irward #####
Move is valid
##### SUCCESS: /usr/lib/jvm/jdk-14.0.1/bin/java -jar /lab/itti/projects/checkers-competition/server/referee.jar on run_22_vdhankar_irward #####
INPUT for vdhankar:
GAME
WHITE
58.7149150371552
.......b
..b.b...
...b...b
......b.
........
..b.w.b.
.....w..
w.w.w...
##### Running: /usr/bin/time -o time_22_vdhankar_irward.txt -f "%U" python3 homework.py > stulog.txt 2>&1 on vdhankar #####
child exited with value 1
##### ERROR: /usr/bin/time -o time_22_vdhankar_irward.txt -f "%U" python3 homework.py > stulog.txt 2>&1 on vdhankar #####
##### Output of failed program (stdout + stderr): #####
Traceback (most recent call last):
  File "homework.py", line 546, in <module>
    print(end-start)
NameError: name 'end' is not defined
##### End of output of failed program #####
##### vdhankar plays [J f2 h4 ; J h4 f6 ; J f6 d8] in 1.19400095939636s #####
##### Running: /usr/lib/jvm/jdk-14.0.1/bin/java -jar /lab/itti/projects/checkers-competition/server/referee.jar on run_22_vdhankar_irward #####
Move is valid
##### SUCCESS: /usr/lib/jvm/jdk-14.0.1/bin/java -jar /lab/itti/projects/checkers-competition/server/referee.jar on run_22_vdhankar_irward #####
INPUT for irward:
GAME
BLACK
299.756024122238
...W...b
..b.....
...b...b
........
........
..b.w...
........
w.w.w...
##### Running: /usr/bin/time -o time_22_vdhankar_irward.txt -f "%U" ./homework > stulog.txt 2>&1 on irward #####
##### SUCCESS: /usr/bin/time -o time_22_vdhankar_irward.txt -f "%U" ./homework > stulog.txt 2>&1 on irward #####
##### irward plays [E d6 e5] in 0.0159530639648438s #####
##### Running: /usr/lib/jvm/jdk-14.0.1/bin/java -jar /lab/itti/projects/checkers-competition/server/referee.jar on run_22_vdhankar_irward #####
Move is valid
##### SUCCESS: /usr/lib/jvm/jdk-14.0.1/bin/java -jar /lab/itti/projects/checkers-competition/server/referee.jar on run_22_vdhankar_irward #####
INPUT for vdhankar:
GAME
WHITE
57.5209140777588
...W...b
..b.....
.......b
....b...
........
..b.w...
........
w.w.w...
##### Running: /usr/bin/time -o time_22_vdhankar_irward.txt -f "%U" python3 homework.py > stulog.txt 2>&1 on vdhankar #####
child exited with value 1
##### ERROR: /usr/bin/time -o time_22_vdhankar_irward.txt -f "%U" python3 homework.py > stulog.txt 2>&1 on vdhankar #####
##### Output of failed program (stdout + stderr): #####
Traceback (most recent call last):
  File "homework.py", line 546, in <module>
    print(end-start)
NameError: name 'end' is not defined
##### End of output of failed program #####
##### vdhankar plays [J d8 b6] in 2.02885484695435s #####
##### Running: /usr/lib/jvm/jdk-14.0.1/bin/java -jar /lab/itti/projects/checkers-competition/server/referee.jar on run_22_vdhankar_irward #####
Move is valid
##### SUCCESS: /usr/lib/jvm/jdk-14.0.1/bin/java -jar /lab/itti/projects/checkers-competition/server/referee.jar on run_22_vdhankar_irward #####
INPUT for irward:
GAME
BLACK
299.740071058273
.......b
........
.W.....b
....b...
........
..b.w...
........
w.w.w...
##### Running: /usr/bin/time -o time_22_vdhankar_irward.txt -f "%U" ./homework > stulog.txt 2>&1 on irward #####
##### SUCCESS: /usr/bin/time -o time_22_vdhankar_irward.txt -f "%U" ./homework > stulog.txt 2>&1 on irward #####
##### irward plays [E e5 f4] in 0.013347864151001s #####
##### Running: /usr/lib/jvm/jdk-14.0.1/bin/java -jar /lab/itti/projects/checkers-competition/server/referee.jar on run_22_vdhankar_irward #####
Move is valid
##### SUCCESS: /usr/lib/jvm/jdk-14.0.1/bin/java -jar /lab/itti/projects/checkers-competition/server/referee.jar on run_22_vdhankar_irward #####
INPUT for vdhankar:
GAME
WHITE
55.4920592308044
.......b
........
.W.....b
........
.....b..
..b.w...
........
w.w.w...
##### Running: /usr/bin/time -o time_22_vdhankar_irward.txt -f "%U" python3 homework.py > stulog.txt 2>&1 on vdhankar #####
child exited with value 1
##### ERROR: /usr/bin/time -o time_22_vdhankar_irward.txt -f "%U" python3 homework.py > stulog.txt 2>&1 on vdhankar #####
##### Output of failed program (stdout + stderr): #####
Traceback (most recent call last):
  File "homework.py", line 546, in <module>
    print(end-start)
NameError: name 'end' is not defined
##### End of output of failed program #####
##### vdhankar plays [J e3 g5] in 1.09444785118103s #####
##### Running: /usr/lib/jvm/jdk-14.0.1/bin/java -jar /lab/itti/projects/checkers-competition/server/referee.jar on run_22_vdhankar_irward #####
Move is valid
##### SUCCESS: /usr/lib/jvm/jdk-14.0.1/bin/java -jar /lab/itti/projects/checkers-competition/server/referee.jar on run_22_vdhankar_irward #####
INPUT for irward:
GAME
BLACK
299.726723194122
.......b
........
.W.....b
......w.
........
..b.....
........
w.w.w...
##### Running: /usr/bin/time -o time_22_vdhankar_irward.txt -f "%U" ./homework > stulog.txt 2>&1 on irward #####
##### SUCCESS: /usr/bin/time -o time_22_vdhankar_irward.txt -f "%U" ./homework > stulog.txt 2>&1 on irward #####
##### irward plays [J h6 f4] in 0.0109751224517822s #####
##### Running: /usr/lib/jvm/jdk-14.0.1/bin/java -jar /lab/itti/projects/checkers-competition/server/referee.jar on run_22_vdhankar_irward #####
Move is valid
##### SUCCESS: /usr/lib/jvm/jdk-14.0.1/bin/java -jar /lab/itti/projects/checkers-competition/server/referee.jar on run_22_vdhankar_irward #####
INPUT for vdhankar:
GAME
WHITE
54.3976113796234
.......b
........
.W......
........
.....b..
..b.....
........
w.w.w...
##### Running: /usr/bin/time -o time_22_vdhankar_irward.txt -f "%U" python3 homework.py > stulog.txt 2>&1 on vdhankar #####
child exited with value 1
##### ERROR: /usr/bin/time -o time_22_vdhankar_irward.txt -f "%U" python3 homework.py > stulog.txt 2>&1 on vdhankar #####
##### Output of failed program (stdout + stderr): #####
Traceback (most recent call last):
  File "homework.py", line 546, in <module>
    print(end-start)
NameError: name 'end' is not defined
##### End of output of failed program #####
##### vdhankar plays [E b6 c5] in 5.43700098991394s #####
##### Running: /usr/lib/jvm/jdk-14.0.1/bin/java -jar /lab/itti/projects/checkers-competition/server/referee.jar on run_22_vdhankar_irward #####
Move is valid
##### SUCCESS: /usr/lib/jvm/jdk-14.0.1/bin/java -jar /lab/itti/projects/checkers-competition/server/referee.jar on run_22_vdhankar_irward #####
INPUT for irward:
GAME
BLACK
299.715748071671
.......b
........
........
..W.....
.....b..
..b.....
........
w.w.w...
##### Running: /usr/bin/time -o time_22_vdhankar_irward.txt -f "%U" ./homework > stulog.txt 2>&1 on irward #####
##### SUCCESS: /usr/bin/time -o time_22_vdhankar_irward.txt -f "%U" ./homework > stulog.txt 2>&1 on irward #####
##### irward plays [E f4 g3] in 0.0254280567169189s #####
##### Running: /usr/lib/jvm/jdk-14.0.1/bin/java -jar /lab/itti/projects/checkers-competition/server/referee.jar on run_22_vdhankar_irward #####
Move is valid
##### SUCCESS: /usr/lib/jvm/jdk-14.0.1/bin/java -jar /lab/itti/projects/checkers-competition/server/referee.jar on run_22_vdhankar_irward #####
INPUT for vdhankar:
GAME
WHITE
48.9606103897095
.......b
........
........
..W.....
........
..b...b.
........
w.w.w...
##### Running: /usr/bin/time -o time_22_vdhankar_irward.txt -f "%U" python3 homework.py > stulog.txt 2>&1 on vdhankar #####
child exited with value 1
##### ERROR: /usr/bin/time -o time_22_vdhankar_irward.txt -f "%U" python3 homework.py > stulog.txt 2>&1 on vdhankar #####
##### Output of failed program (stdout + stderr): #####
Traceback (most recent call last):
  File "homework.py", line 546, in <module>
    print(end-start)
NameError: name 'end' is not defined
##### End of output of failed program #####
##### vdhankar plays [E c5 d4] in 1.99065709114075s #####
##### Running: /usr/lib/jvm/jdk-14.0.1/bin/java -jar /lab/itti/projects/checkers-competition/server/referee.jar on run_22_vdhankar_irward #####
Move is valid
##### SUCCESS: /usr/lib/jvm/jdk-14.0.1/bin/java -jar /lab/itti/projects/checkers-competition/server/referee.jar on run_22_vdhankar_irward #####
INPUT for irward:
GAME
BLACK
299.690320014954
.......b
........
........
........
...W....
..b...b.
........
w.w.w...
##### Running: /usr/bin/time -o time_22_vdhankar_irward.txt -f "%U" ./homework > stulog.txt 2>&1 on irward #####
##### SUCCESS: /usr/bin/time -o time_22_vdhankar_irward.txt -f "%U" ./homework > stulog.txt 2>&1 on irward #####
##### irward plays [E g3 h2] in 0.0277180671691895s #####
##### Running: /usr/lib/jvm/jdk-14.0.1/bin/java -jar /lab/itti/projects/checkers-competition/server/referee.jar on run_22_vdhankar_irward #####
Move is valid
##### SUCCESS: /usr/lib/jvm/jdk-14.0.1/bin/java -jar /lab/itti/projects/checkers-competition/server/referee.jar on run_22_vdhankar_irward #####
INPUT for vdhankar:
GAME
WHITE
46.9699532985687
.......b
........
........
........
...W....
..b.....
.......b
w.w.w...
##### Running: /usr/bin/time -o time_22_vdhankar_irward.txt -f "%U" python3 homework.py > stulog.txt 2>&1 on vdhankar #####
child exited with value 1
##### ERROR: /usr/bin/time -o time_22_vdhankar_irward.txt -f "%U" python3 homework.py > stulog.txt 2>&1 on vdhankar #####
##### Output of failed program (stdout + stderr): #####
Traceback (most recent call last):
  File "homework.py", line 546, in <module>
    print(end-start)
NameError: name 'end' is not defined
##### End of output of failed program #####
##### vdhankar plays [J d4 b2] in 0.574253082275391s #####
##### Running: /usr/lib/jvm/jdk-14.0.1/bin/java -jar /lab/itti/projects/checkers-competition/server/referee.jar on run_22_vdhankar_irward #####
Move is valid
##### SUCCESS: /usr/lib/jvm/jdk-14.0.1/bin/java -jar /lab/itti/projects/checkers-competition/server/referee.jar on run_22_vdhankar_irward #####
INPUT for irward:
GAME
BLACK
299.662601947784
.......b
........
........
........
........
........
.W.....b
w.w.w...
##### Running: /usr/bin/time -o time_22_vdhankar_irward.txt -f "%U" ./homework > stulog.txt 2>&1 on irward #####
##### SUCCESS: /usr/bin/time -o time_22_vdhankar_irward.txt -f "%U" ./homework > stulog.txt 2>&1 on irward #####
##### irward plays [E h8 g7] in 0.0206360816955566s #####
##### Running: /usr/lib/jvm/jdk-14.0.1/bin/java -jar /lab/itti/projects/checkers-competition/server/referee.jar on run_22_vdhankar_irward #####
Move is valid
##### SUCCESS: /usr/lib/jvm/jdk-14.0.1/bin/java -jar /lab/itti/projects/checkers-competition/server/referee.jar on run_22_vdhankar_irward #####
INPUT for vdhankar:
GAME
WHITE
46.3957002162933
........
......b.
........
........
........
........
.W.....b
w.w.w...
##### Running: /usr/bin/time -o time_22_vdhankar_irward.txt -f "%U" python3 homework.py > stulog.txt 2>&1 on vdhankar #####
child exited with value 1
##### ERROR: /usr/bin/time -o time_22_vdhankar_irward.txt -f "%U" python3 homework.py > stulog.txt 2>&1 on vdhankar #####
##### Output of failed program (stdout + stderr): #####
Traceback (most recent call last):
  File "homework.py", line 546, in <module>
    print(end-start)
NameError: name 'end' is not defined
##### End of output of failed program #####
##### vdhankar plays [E c1 d2] in 1.20248007774353s #####
##### Running: /usr/lib/jvm/jdk-14.0.1/bin/java -jar /lab/itti/projects/checkers-competition/server/referee.jar on run_22_vdhankar_irward #####
Move is valid
##### SUCCESS: /usr/lib/jvm/jdk-14.0.1/bin/java -jar /lab/itti/projects/checkers-competition/server/referee.jar on run_22_vdhankar_irward #####
INPUT for irward:
GAME
BLACK
299.641965866089
........
......b.
........
........
........
........
.W.w...b
w...w...
##### Running: /usr/bin/time -o time_22_vdhankar_irward.txt -f "%U" ./homework > stulog.txt 2>&1 on irward #####
##### SUCCESS: /usr/bin/time -o time_22_vdhankar_irward.txt -f "%U" ./homework > stulog.txt 2>&1 on irward #####
##### irward plays [E g7 h6] in 0.0257821083068848s #####
##### Running: /usr/lib/jvm/jdk-14.0.1/bin/java -jar /lab/itti/projects/checkers-competition/server/referee.jar on run_22_vdhankar_irward #####
Move is valid
##### SUCCESS: /usr/lib/jvm/jdk-14.0.1/bin/java -jar /lab/itti/projects/checkers-competition/server/referee.jar on run_22_vdhankar_irward #####
INPUT for vdhankar:
GAME
WHITE
45.1932201385498
........
........
.......b
........
........
........
.W.w...b
w...w...
##### Running: /usr/bin/time -o time_22_vdhankar_irward.txt -f "%U" python3 homework.py > stulog.txt 2>&1 on vdhankar #####
child exited with value 1
##### ERROR: /usr/bin/time -o time_22_vdhankar_irward.txt -f "%U" python3 homework.py > stulog.txt 2>&1 on vdhankar #####
##### Output of failed program (stdout + stderr): #####
Traceback (most recent call last):
  File "homework.py", line 546, in <module>
    print(end-start)
NameError: name 'end' is not defined
##### End of output of failed program #####
##### vdhankar plays [E d2 e3] in 1.46953201293945s #####
##### Running: /usr/lib/jvm/jdk-14.0.1/bin/java -jar /lab/itti/projects/checkers-competition/server/referee.jar on run_22_vdhankar_irward #####
Move is valid
##### SUCCESS: /usr/lib/jvm/jdk-14.0.1/bin/java -jar /lab/itti/projects/checkers-competition/server/referee.jar on run_22_vdhankar_irward #####
INPUT for irward:
GAME
BLACK
299.616183757782
........
........
.......b
........
........
....w...
.W.....b
w...w...
##### Running: /usr/bin/time -o time_22_vdhankar_irward.txt -f "%U" ./homework > stulog.txt 2>&1 on irward #####
##### SUCCESS: /usr/bin/time -o time_22_vdhankar_irward.txt -f "%U" ./homework > stulog.txt 2>&1 on irward #####
##### irward plays [E h6 g5] in 0.021265983581543s #####
##### Running: /usr/lib/jvm/jdk-14.0.1/bin/java -jar /lab/itti/projects/checkers-competition/server/referee.jar on run_22_vdhankar_irward #####
Move is valid
##### SUCCESS: /usr/lib/jvm/jdk-14.0.1/bin/java -jar /lab/itti/projects/checkers-competition/server/referee.jar on run_22_vdhankar_irward #####
INPUT for vdhankar:
GAME
WHITE
43.7236881256104
........
........
........
......b.
........
....w...
.W.....b
w...w...
##### Running: /usr/bin/time -o time_22_vdhankar_irward.txt -f "%U" python3 homework.py > stulog.txt 2>&1 on vdhankar #####
child exited with value 1
##### ERROR: /usr/bin/time -o time_22_vdhankar_irward.txt -f "%U" python3 homework.py > stulog.txt 2>&1 on vdhankar #####
##### Output of failed program (stdout + stderr): #####
Traceback (most recent call last):
  File "homework.py", line 546, in <module>
    print(end-start)
NameError: name 'end' is not defined
##### End of output of failed program #####
##### vdhankar plays [E b2 c3] in 1.58646202087402s #####
##### Running: /usr/lib/jvm/jdk-14.0.1/bin/java -jar /lab/itti/projects/checkers-competition/server/referee.jar on run_22_vdhankar_irward #####
Move is valid
##### SUCCESS: /usr/lib/jvm/jdk-14.0.1/bin/java -jar /lab/itti/projects/checkers-competition/server/referee.jar on run_22_vdhankar_irward #####
INPUT for irward:
GAME
BLACK
299.5949177742
........
........
........
......b.
........
..W.w...
.......b
w...w...
##### Running: /usr/bin/time -o time_22_vdhankar_irward.txt -f "%U" ./homework > stulog.txt 2>&1 on irward #####
##### SUCCESS: /usr/bin/time -o time_22_vdhankar_irward.txt -f "%U" ./homework > stulog.txt 2>&1 on irward #####
##### irward plays [E g5 f4] in 0.021604061126709s #####
##### Running: /usr/lib/jvm/jdk-14.0.1/bin/java -jar /lab/itti/projects/checkers-competition/server/referee.jar on run_22_vdhankar_irward #####
Move is valid
##### SUCCESS: /usr/lib/jvm/jdk-14.0.1/bin/java -jar /lab/itti/projects/checkers-competition/server/referee.jar on run_22_vdhankar_irward #####
INPUT for vdhankar:
GAME
WHITE
42.1372261047363
........
........
........
........
.....b..
..W.w...
.......b
w...w...
##### Running: /usr/bin/time -o time_22_vdhankar_irward.txt -f "%U" python3 homework.py > stulog.txt 2>&1 on vdhankar #####
child exited with value 1
##### ERROR: /usr/bin/time -o time_22_vdhankar_irward.txt -f "%U" python3 homework.py > stulog.txt 2>&1 on vdhankar #####
##### Output of failed program (stdout + stderr): #####
Traceback (most recent call last):
  File "homework.py", line 546, in <module>
    print(end-start)
NameError: name 'end' is not defined
##### End of output of failed program #####
##### vdhankar plays [J e3 g5] in 0.493953943252563s #####
##### Running: /usr/lib/jvm/jdk-14.0.1/bin/java -jar /lab/itti/projects/checkers-competition/server/referee.jar on run_22_vdhankar_irward #####
Move is valid
##### SUCCESS: /usr/lib/jvm/jdk-14.0.1/bin/java -jar /lab/itti/projects/checkers-competition/server/referee.jar on run_22_vdhankar_irward #####
INPUT for irward:
GAME
BLACK
299.573313713074
........
........
........
......w.
........
..W.....
.......b
w...w...
##### Running: /usr/bin/time -o time_22_vdhankar_irward.txt -f "%U" ./homework > stulog.txt 2>&1 on irward #####
##### SUCCESS: /usr/bin/time -o time_22_vdhankar_irward.txt -f "%U" ./homework > stulog.txt 2>&1 on irward #####
##### irward plays [E h2 g1] in 0.0168631076812744s #####
##### Running: /usr/lib/jvm/jdk-14.0.1/bin/java -jar /lab/itti/projects/checkers-competition/server/referee.jar on run_22_vdhankar_irward #####
Move is valid
##### SUCCESS: /usr/lib/jvm/jdk-14.0.1/bin/java -jar /lab/itti/projects/checkers-competition/server/referee.jar on run_22_vdhankar_irward #####
INPUT for vdhankar:
GAME
WHITE
41.6432721614838
........
........
........
......w.
........
..W.....
........
w...w.B.
##### Running: /usr/bin/time -o time_22_vdhankar_irward.txt -f "%U" python3 homework.py > stulog.txt 2>&1 on vdhankar #####
child exited with value 1
##### ERROR: /usr/bin/time -o time_22_vdhankar_irward.txt -f "%U" python3 homework.py > stulog.txt 2>&1 on vdhankar #####
##### Output of failed program (stdout + stderr): #####
Traceback (most recent call last):
  File "homework.py", line 546, in <module>
    print(end-start)
NameError: name 'end' is not defined
##### End of output of failed program #####
##### vdhankar plays [E c3 d4] in 1.60706496238708s #####
##### Running: /usr/lib/jvm/jdk-14.0.1/bin/java -jar /lab/itti/projects/checkers-competition/server/referee.jar on run_22_vdhankar_irward #####
Move is valid
##### SUCCESS: /usr/lib/jvm/jdk-14.0.1/bin/java -jar /lab/itti/projects/checkers-competition/server/referee.jar on run_22_vdhankar_irward #####
INPUT for irward:
GAME
BLACK
299.556450605392
........
........
........
......w.
...W....
........
........
w...w.B.
##### Running: /usr/bin/time -o time_22_vdhankar_irward.txt -f "%U" ./homework > stulog.txt 2>&1 on irward #####
##### SUCCESS: /usr/bin/time -o time_22_vdhankar_irward.txt -f "%U" ./homework > stulog.txt 2>&1 on irward #####
##### irward plays [E g1 h2] in 0.0137481689453125s #####
##### Running: /usr/lib/jvm/jdk-14.0.1/bin/java -jar /lab/itti/projects/checkers-competition/server/referee.jar on run_22_vdhankar_irward #####
Move is valid
##### SUCCESS: /usr/lib/jvm/jdk-14.0.1/bin/java -jar /lab/itti/projects/checkers-competition/server/referee.jar on run_22_vdhankar_irward #####
INPUT for vdhankar:
GAME
WHITE
40.0362071990967
........
........
........
......w.
...W....
........
.......B
w...w...
##### Running: /usr/bin/time -o time_22_vdhankar_irward.txt -f "%U" python3 homework.py > stulog.txt 2>&1 on vdhankar #####
child exited with value 1
##### ERROR: /usr/bin/time -o time_22_vdhankar_irward.txt -f "%U" python3 homework.py > stulog.txt 2>&1 on vdhankar #####
##### Output of failed program (stdout + stderr): #####
Traceback (most recent call last):
  File "homework.py", line 546, in <module>
    print(end-start)
NameError: name 'end' is not defined
##### End of output of failed program #####
##### vdhankar plays [E d4 e5] in 2.38742613792419s #####
##### Running: /usr/lib/jvm/jdk-14.0.1/bin/java -jar /lab/itti/projects/checkers-competition/server/referee.jar on run_22_vdhankar_irward #####
Move is valid
##### SUCCESS: /usr/lib/jvm/jdk-14.0.1/bin/java -jar /lab/itti/projects/checkers-competition/server/referee.jar on run_22_vdhankar_irward #####
INPUT for irward:
GAME
BLACK
299.542702436447
........
........
........
....W.w.
........
........
.......B
w...w...
##### Running: /usr/bin/time -o time_22_vdhankar_irward.txt -f "%U" ./homework > stulog.txt 2>&1 on irward #####
##### SUCCESS: /usr/bin/time -o time_22_vdhankar_irward.txt -f "%U" ./homework > stulog.txt 2>&1 on irward #####
##### irward plays [E h2 g1] in 0.0096278190612793s #####
##### Running: /usr/lib/jvm/jdk-14.0.1/bin/java -jar /lab/itti/projects/checkers-competition/server/referee.jar on run_22_vdhankar_irward #####
Move is valid
##### SUCCESS: /usr/lib/jvm/jdk-14.0.1/bin/java -jar /lab/itti/projects/checkers-competition/server/referee.jar on run_22_vdhankar_irward #####
INPUT for vdhankar:
GAME
WHITE
37.6487810611725
........
........
........
....W.w.
........
........
........
w...w.B.
##### Running: /usr/bin/time -o time_22_vdhankar_irward.txt -f "%U" python3 homework.py > stulog.txt 2>&1 on vdhankar #####
child exited with value 1
##### ERROR: /usr/bin/time -o time_22_vdhankar_irward.txt -f "%U" python3 homework.py > stulog.txt 2>&1 on vdhankar #####
##### Output of failed program (stdout + stderr): #####
Traceback (most recent call last):
  File "homework.py", line 546, in <module>
    print(end-start)
NameError: name 'end' is not defined
##### End of output of failed program #####
##### vdhankar plays [E e5 f4] in 0.833008050918579s #####
##### Running: /usr/lib/jvm/jdk-14.0.1/bin/java -jar /lab/itti/projects/checkers-competition/server/referee.jar on run_22_vdhankar_irward #####
Move is valid
##### SUCCESS: /usr/lib/jvm/jdk-14.0.1/bin/java -jar /lab/itti/projects/checkers-competition/server/referee.jar on run_22_vdhankar_irward #####
INPUT for irward:
GAME
BLACK
299.533074617386
........
........
........
......w.
.....W..
........
........
w...w.B.
##### Running: /usr/bin/time -o time_22_vdhankar_irward.txt -f "%U" ./homework > stulog.txt 2>&1 on irward #####
##### SUCCESS: /usr/bin/time -o time_22_vdhankar_irward.txt -f "%U" ./homework > stulog.txt 2>&1 on irward #####
##### irward plays [E g1 h2] in 0.0114419460296631s #####
##### Running: /usr/lib/jvm/jdk-14.0.1/bin/java -jar /lab/itti/projects/checkers-competition/server/referee.jar on run_22_vdhankar_irward #####
Move is valid
##### SUCCESS: /usr/lib/jvm/jdk-14.0.1/bin/java -jar /lab/itti/projects/checkers-competition/server/referee.jar on run_22_vdhankar_irward #####
INPUT for vdhankar:
GAME
WHITE
36.8157730102539
........
........
........
......w.
.....W..
........
.......B
w...w...
##### Running: /usr/bin/time -o time_22_vdhankar_irward.txt -f "%U" python3 homework.py > stulog.txt 2>&1 on vdhankar #####
child exited with value 1
##### ERROR: /usr/bin/time -o time_22_vdhankar_irward.txt -f "%U" python3 homework.py > stulog.txt 2>&1 on vdhankar #####
##### Output of failed program (stdout + stderr): #####
Traceback (most recent call last):
  File "homework.py", line 546, in <module>
    print(end-start)
NameError: name 'end' is not defined
##### End of output of failed program #####
##### vdhankar plays [E a1 b2] in 1.09108901023865s #####
##### Running: /usr/lib/jvm/jdk-14.0.1/bin/java -jar /lab/itti/projects/checkers-competition/server/referee.jar on run_22_vdhankar_irward #####
Move is valid
##### SUCCESS: /usr/lib/jvm/jdk-14.0.1/bin/java -jar /lab/itti/projects/checkers-competition/server/referee.jar on run_22_vdhankar_irward #####
INPUT for irward:
GAME
BLACK
299.521632671356
........
........
........
......w.
.....W..
........
.w.....B
....w...
##### Running: /usr/bin/time -o time_22_vdhankar_irward.txt -f "%U" ./homework > stulog.txt 2>&1 on irward #####
##### SUCCESS: /usr/bin/time -o time_22_vdhankar_irward.txt -f "%U" ./homework > stulog.txt 2>&1 on irward #####
##### irward plays [E h2 g1] in 0.0109589099884033s #####
##### Running: /usr/lib/jvm/jdk-14.0.1/bin/java -jar /lab/itti/projects/checkers-competition/server/referee.jar on run_22_vdhankar_irward #####
Move is valid
##### SUCCESS: /usr/lib/jvm/jdk-14.0.1/bin/java -jar /lab/itti/projects/checkers-competition/server/referee.jar on run_22_vdhankar_irward #####
INPUT for vdhankar:
GAME
WHITE
35.7246840000153
........
........
........
......w.
.....W..
........
.w......
....w.B.
##### Running: /usr/bin/time -o time_22_vdhankar_irward.txt -f "%U" python3 homework.py > stulog.txt 2>&1 on vdhankar #####
child exited with value 1
##### ERROR: /usr/bin/time -o time_22_vdhankar_irward.txt -f "%U" python3 homework.py > stulog.txt 2>&1 on vdhankar #####
##### Output of failed program (stdout + stderr): #####
Traceback (most recent call last):
  File "homework.py", line 546, in <module>
    print(end-start)
NameError: name 'end' is not defined
##### End of output of failed program #####
##### vdhankar plays [E f4 e5] in 0.795780897140503s #####
##### Running: /usr/lib/jvm/jdk-14.0.1/bin/java -jar /lab/itti/projects/checkers-competition/server/referee.jar on run_22_vdhankar_irward #####
Move is valid
##### SUCCESS: /usr/lib/jvm/jdk-14.0.1/bin/java -jar /lab/itti/projects/checkers-competition/server/referee.jar on run_22_vdhankar_irward #####
INPUT for irward:
GAME
BLACK
299.510673761368
........
........
........
....W.w.
........
........
.w......
....w.B.
##### Running: /usr/bin/time -o time_22_vdhankar_irward.txt -f "%U" ./homework > stulog.txt 2>&1 on irward #####
##### SUCCESS: /usr/bin/time -o time_22_vdhankar_irward.txt -f "%U" ./homework > stulog.txt 2>&1 on irward #####
##### irward plays [E g1 h2] in 0.0117108821868896s #####
##### Running: /usr/lib/jvm/jdk-14.0.1/bin/java -jar /lab/itti/projects/checkers-competition/server/referee.jar on run_22_vdhankar_irward #####
Move is valid
##### SUCCESS: /usr/lib/jvm/jdk-14.0.1/bin/java -jar /lab/itti/projects/checkers-competition/server/referee.jar on run_22_vdhankar_irward #####
INPUT for vdhankar:
GAME
WHITE
34.9289031028748
........
........
........
....W.w.
........
........
.w.....B
....w...
##### Running: /usr/bin/time -o time_22_vdhankar_irward.txt -f "%U" python3 homework.py > stulog.txt 2>&1 on vdhankar #####
child exited with value 1
##### ERROR: /usr/bin/time -o time_22_vdhankar_irward.txt -f "%U" python3 homework.py > stulog.txt 2>&1 on vdhankar #####
##### Output of failed program (stdout + stderr): #####
Traceback (most recent call last):
  File "homework.py", line 546, in <module>
    print(end-start)
NameError: name 'end' is not defined
##### End of output of failed program #####
##### vdhankar plays [E e5 f4] in 1.45063519477844s #####
##### Running: /usr/lib/jvm/jdk-14.0.1/bin/java -jar /lab/itti/projects/checkers-competition/server/referee.jar on run_22_vdhankar_irward #####
Move is valid
##### SUCCESS: /usr/lib/jvm/jdk-14.0.1/bin/java -jar /lab/itti/projects/checkers-competition/server/referee.jar on run_22_vdhankar_irward #####
INPUT for irward:
GAME
BLACK
299.498962879181
........
........
........
......w.
.....W..
........
.w.....B
....w...
##### Running: /usr/bin/time -o time_22_vdhankar_irward.txt -f "%U" ./homework > stulog.txt 2>&1 on irward #####
##### SUCCESS: /usr/bin/time -o time_22_vdhankar_irward.txt -f "%U" ./homework > stulog.txt 2>&1 on irward #####
##### irward plays [E h2 g1] in 0.0682258605957031s #####
##### Running: /usr/lib/jvm/jdk-14.0.1/bin/java -jar /lab/itti/projects/checkers-competition/server/referee.jar on run_22_vdhankar_irward #####
Move is valid
##### SUCCESS: /usr/lib/jvm/jdk-14.0.1/bin/java -jar /lab/itti/projects/checkers-competition/server/referee.jar on run_22_vdhankar_irward #####
INPUT for vdhankar:
GAME
WHITE
33.4782679080963
........
........
........
......w.
.....W..
........
.w......
....w.B.
##### Running: /usr/bin/time -o time_22_vdhankar_irward.txt -f "%U" python3 homework.py > stulog.txt 2>&1 on vdhankar #####
child exited with value 1
##### ERROR: /usr/bin/time -o time_22_vdhankar_irward.txt -f "%U" python3 homework.py > stulog.txt 2>&1 on vdhankar #####
##### Output of failed program (stdout + stderr): #####
Traceback (most recent call last):
  File "homework.py", line 546, in <module>
    print(end-start)
NameError: name 'end' is not defined
##### End of output of failed program #####
##### vdhankar plays [E f4 e5] in 0.958978891372681s #####
##### Running: /usr/lib/jvm/jdk-14.0.1/bin/java -jar /lab/itti/projects/checkers-competition/server/referee.jar on run_22_vdhankar_irward #####
Move is valid
##### SUCCESS: /usr/lib/jvm/jdk-14.0.1/bin/java -jar /lab/itti/projects/checkers-competition/server/referee.jar on run_22_vdhankar_irward #####
INPUT for irward:
GAME
BLACK
299.430737018585
........
........
........
....W.w.
........
........
.w......
....w.B.
##### Running: /usr/bin/time -o time_22_vdhankar_irward.txt -f "%U" ./homework > stulog.txt 2>&1 on irward #####
##### SUCCESS: /usr/bin/time -o time_22_vdhankar_irward.txt -f "%U" ./homework > stulog.txt 2>&1 on irward #####
##### irward plays [E g1 h2] in 0.0122640132904053s #####
##### Running: /usr/lib/jvm/jdk-14.0.1/bin/java -jar /lab/itti/projects/checkers-competition/server/referee.jar on run_22_vdhankar_irward #####
Move is valid
##### SUCCESS: /usr/lib/jvm/jdk-14.0.1/bin/java -jar /lab/itti/projects/checkers-competition/server/referee.jar on run_22_vdhankar_irward #####
INPUT for vdhankar:
GAME
WHITE
32.5192890167236
........
........
........
....W.w.
........
........
.w.....B
....w...
##### Running: /usr/bin/time -o time_22_vdhankar_irward.txt -f "%U" python3 homework.py > stulog.txt 2>&1 on vdhankar #####
child exited with value 1
##### ERROR: /usr/bin/time -o time_22_vdhankar_irward.txt -f "%U" python3 homework.py > stulog.txt 2>&1 on vdhankar #####
##### Output of failed program (stdout + stderr): #####
Traceback (most recent call last):
  File "homework.py", line 546, in <module>
    print(end-start)
NameError: name 'end' is not defined
##### End of output of failed program #####
##### vdhankar plays [E e5 f4] in 1.34921622276306s #####
##### Running: /usr/lib/jvm/jdk-14.0.1/bin/java -jar /lab/itti/projects/checkers-competition/server/referee.jar on run_22_vdhankar_irward #####
Move is valid
##### SUCCESS: /usr/lib/jvm/jdk-14.0.1/bin/java -jar /lab/itti/projects/checkers-competition/server/referee.jar on run_22_vdhankar_irward #####
INPUT for irward:
GAME
BLACK
299.418473005295
........
........
........
......w.
.....W..
........
.w.....B
....w...
##### Running: /usr/bin/time -o time_22_vdhankar_irward.txt -f "%U" ./homework > stulog.txt 2>&1 on irward #####
##### SUCCESS: /usr/bin/time -o time_22_vdhankar_irward.txt -f "%U" ./homework > stulog.txt 2>&1 on irward #####
##### irward plays [E h2 g1] in 0.0353131294250488s #####
##### Running: /usr/lib/jvm/jdk-14.0.1/bin/java -jar /lab/itti/projects/checkers-competition/server/referee.jar on run_22_vdhankar_irward #####
Move is valid
Seen this position 3 times
*** Game ends in draw ***
##### SUCCESS: /usr/lib/jvm/jdk-14.0.1/bin/java -jar /lab/itti/projects/checkers-competition/server/referee.jar on run_22_vdhankar_irward #####
##### GAME ENDS IN A DRAW. Time left for vdhankar: 31.1700727939606s, irward: 299.38315987587s
Server said: DRAW
##### GAME OVER: the game ends in a draw, irward wins by time remaining #####
########## ROUND 22 GAMESCORE AFTER GAME 4: vdhankar=1 and irward=3 ##########


########## GRAND WINNER ROUND 22 IS irward BY 3 vs 1 GAMESCORE ##########
